<?xml version="1.0" encoding="UTF-8"?>
<testsuites tests="48" failures="0" errors="0" skipped="0">
  <testsuite timestamp="2025-05-16T05:49:58" time="1219.038" tests="12" failures="0" errors="0" skipped="0">
    <properties>
      <property name="specId" value="0" />
      <property name="suiteName" value="Billing Transfer - Master data &amp; Intercompany US127250" />
      <property name="capabilities" value="chrome.136_0_7103_93.windows" />
      <property name="file" value="file:///D:/a/1/s/test/specs/BTS/billing-transfer-intercompany.spec.js" />
    </properties>
    <testcase classname="chrome.136_0_7103_93.windows.Billing_Transfer_-_Master_data_&amp;_Intercompany_US127250" name="Should create a new yard" time="134.191">
      <system-out><![CDATA[
COMMAND: POST /session/dc388682b4200c5e048280db36f00fb1/window/fullscreen - {}
RESULT: {}
COMMAND: POST /session/dc388682b4200c5e048280db36f00fb1/execute/async - {"script":"<script> [1562 bytes]","args":[{"selector":{"controlType":"sap.m.GenericTile","properties":{"header":"Manage Yards"}},"wdio_ui5_key":"sapm.GenericTile{\"header\":\"Manage Yards\"}"}]}
RESULT: {"script":"<script> [1562 bytes]","args":[{"selector":{"controlType":"sap.m.GenericTile","properties":{"header":"Manage Yards"}},"wdio_ui5_key":"sapm.GenericTile{\"header\":\"Manage Yards\"}"}]}
RESULT: undefined
COMMAND: POST /session/dc388682b4200c5e048280db36f00fb1/element - {"using":"xpath","value":"//*[@id=\"__tile41\"]"}
RESULT: {"using":"xpath","value":"//*[@id=\"__tile41\"]"}
COMMAND: POST /session/dc388682b4200c5e048280db36f00fb1/element/f.5DEB10E109CE1E7B94EA7693F5B1958D.d.C585627F9C0A024C928EBF1387070BC4.e.166/click - {}
RESULT: {}
COMMAND: GET /session/dc388682b4200c5e048280db36f00fb1/screenshot - {}
RESULT: {}
COMMAND: POST /session/dc388682b4200c5e048280db36f00fb1/elements - {"using":"xpath","value":"//span[text()='Error']"}
RESULT: {"using":"xpath","value":"//span[text()='Error']"}
COMMAND: POST /session/dc388682b4200c5e048280db36f00fb1/element - {"using":"xpath","value":"//button[@data-kt=\"addNewYardOverflowToolbarButton\"]"}
RESULT: {"using":"xpath","value":"//button[@data-kt=\"addNewYardOverflowToolbarButton\"]"}
COMMAND: POST /session/dc388682b4200c5e048280db36f00fb1/elements - {"using":"xpath","value":"//button[@data-kt=\"addNewYardOverflowToolbarButton\"]"}
RESULT: {"using":"xpath","value":"//button[@data-kt=\"addNewYardOverflowToolbarButton\"]"}
COMMAND: POST /session/dc388682b4200c5e048280db36f00fb1/elements - {"using":"xpath","value":"//button[@data-kt=\"addNewYardOverflowToolbarButton\"]"}
RESULT: {"using":"xpath","value":"//button[@data-kt=\"addNewYardOverflowToolbarButton\"]"}
COMMAND: POST /session/dc388682b4200c5e048280db36f00fb1/elements - {"using":"xpath","value":"//button[@data-kt=\"addNewYardOverflowToolbarButton\"]"}
RESULT: {"using":"xpath","value":"//button[@data-kt=\"addNewYardOverflowToolbarButton\"]"}
COMMAND: POST /session/dc388682b4200c5e048280db36f00fb1/elements - {"using":"xpath","value":"//button[@data-kt=\"addNewYardOverflowToolbarButton\"]"}
RESULT: {"using":"xpath","value":"//button[@data-kt=\"addNewYardOverflowToolbarButton\"]"}
COMMAND: POST /session/dc388682b4200c5e048280db36f00fb1/elements - {"using":"xpath","value":"//button[@data-kt=\"addNewYardOverflowToolbarButton\"]"}
RESULT: {"using":"xpath","value":"//button[@data-kt=\"addNewYardOverflowToolbarButton\"]"}
COMMAND: POST /session/dc388682b4200c5e048280db36f00fb1/elements - {"using":"xpath","value":"//button[@data-kt=\"addNewYardOverflowToolbarButton\"]"}
RESULT: {"using":"xpath","value":"//button[@data-kt=\"addNewYardOverflowToolbarButton\"]"}
COMMAND: POST /session/dc388682b4200c5e048280db36f00fb1/elements - {"using":"xpath","value":"//button[@data-kt=\"addNewYardOverflowToolbarButton\"]"}
RESULT: {"using":"xpath","value":"//button[@data-kt=\"addNewYardOverflowToolbarButton\"]"}
COMMAND: POST /session/dc388682b4200c5e048280db36f00fb1/elements - {"using":"xpath","value":"//button[@data-kt=\"addNewYardOverflowToolbarButton\"]"}
RESULT: {"using":"xpath","value":"//button[@data-kt=\"addNewYardOverflowToolbarButton\"]"}
COMMAND: POST /session/dc388682b4200c5e048280db36f00fb1/elements - {"using":"xpath","value":"//button[@data-kt=\"addNewYardOverflowToolbarButton\"]"}
RESULT: {"using":"xpath","value":"//button[@data-kt=\"addNewYardOverflowToolbarButton\"]"}
COMMAND: POST /session/dc388682b4200c5e048280db36f00fb1/elements - {"using":"xpath","value":"//button[@data-kt=\"addNewYardOverflowToolbarButton\"]"}
RESULT: {"using":"xpath","value":"//button[@data-kt=\"addNewYardOverflowToolbarButton\"]"}
COMMAND: POST /session/dc388682b4200c5e048280db36f00fb1/element - {"using":"xpath","value":"//button[@data-kt=\"addNewYardOverflowToolbarButton\"]"}
RESULT: {"using":"xpath","value":"//button[@data-kt=\"addNewYardOverflowToolbarButton\"]"}
COMMAND: POST /session/dc388682b4200c5e048280db36f00fb1/execute/sync - {"script":"<script> [8489 bytes]","args":[{"element-6066-11e4-a52e-4f735466cecf":"f.5DEB10E109CE1E7B94EA7693F5B1958D.d.C585627F9C0A024C928EBF1387070BC4.e.304","ELEMENT":"f.5DEB10E109CE1E7B94EA7693F5B1958D.d.C585627F9C0A024C928EBF1387070BC4.e.304"}]}
RESULT: {"script":"<script> [8489 bytes]","args":[{"element-6066-11e4-a52e-4f735466cecf":"f.5DEB10E109CE1E7B94EA7693F5B1958D.d.C585627F9C0A024C928EBF1387070BC4.e.304","ELEMENT":"f.5DEB10E109CE1E7B94EA7693F5B1958D.d.C585627F9C0A024C928EBF1387070BC4.e.304"}]}
COMMAND: GET /session/dc388682b4200c5e048280db36f00fb1/element/f.5DEB10E109CE1E7B94EA7693F5B1958D.d.C585627F9C0A024C928EBF1387070BC4.e.304/enabled - {}
COMMAND: GET /session/dc388682b4200c5e048280db36f00fb1/screenshot - {}
RESULT: {}
COMMAND: POST /session/dc388682b4200c5e048280db36f00fb1/execute/sync - {"script":"<script> [8489 bytes]","args":[{"element-6066-11e4-a52e-4f735466cecf":"f.5DEB10E109CE1E7B94EA7693F5B1958D.d.C585627F9C0A024C928EBF1387070BC4.e.304","ELEMENT":"f.5DEB10E109CE1E7B94EA7693F5B1958D.d.C585627F9C0A024C928EBF1387070BC4.e.304"}]}
COMMAND: GET /session/dc388682b4200c5e048280db36f00fb1/screenshot - {}
RESULT: {}
RESULT: {"script":"<script> [8489 bytes]","args":[{"element-6066-11e4-a52e-4f735466cecf":"f.5DEB10E109CE1E7B94EA7693F5B1958D.d.C585627F9C0A024C928EBF1387070BC4.e.304","ELEMENT":"f.5DEB10E109CE1E7B94EA7693F5B1958D.d.C585627F9C0A024C928EBF1387070BC4.e.304"}]}
COMMAND: POST /session/dc388682b4200c5e048280db36f00fb1/execute/sync - {"script":"<script> [5351 bytes]","args":[{"element-6066-11e4-a52e-4f735466cecf":"f.5DEB10E109CE1E7B94EA7693F5B1958D.d.C585627F9C0A024C928EBF1387070BC4.e.304","ELEMENT":"f.5DEB10E109CE1E7B94EA7693F5B1958D.d.C585627F9C0A024C928EBF1387070BC4.e.304"}]}
COMMAND: GET /session/dc388682b4200c5e048280db36f00fb1/screenshot - {}
RESULT: {}
RESULT: {"script":"<script> [5351 bytes]","args":[{"element-6066-11e4-a52e-4f735466cecf":"f.5DEB10E109CE1E7B94EA7693F5B1958D.d.C585627F9C0A024C928EBF1387070BC4.e.304","ELEMENT":"f.5DEB10E109CE1E7B94EA7693F5B1958D.d.C585627F9C0A024C928EBF1387070BC4.e.304"}]}
COMMAND: POST /session/dc388682b4200c5e048280db36f00fb1/element/f.5DEB10E109CE1E7B94EA7693F5B1958D.d.C585627F9C0A024C928EBF1387070BC4.e.304/click - {}
COMMAND: GET /session/dc388682b4200c5e048280db36f00fb1/screenshot - {}
RESULT: {}
RESULT: {}
COMMAND: GET /session/dc388682b4200c5e048280db36f00fb1/screenshot - {}
COMMAND: POST /session/dc388682b4200c5e048280db36f00fb1/element - {"using":"xpath","value":"//input[@id=\"application-manageyards-display-component---NewYard--yardId-inner\"]"}
RESULT: {}
RESULT: {}
RESULT: {"using":"xpath","value":"//input[@id=\"application-manageyards-display-component---NewYard--yardId-inner\"]"}
COMMAND: POST /session/dc388682b4200c5e048280db36f00fb1/element - {"using":"xpath","value":"//input[@id=\"application-manageyards-display-component---NewYard--yardId-inner\"]"}
RESULT: {"using":"xpath","value":"//input[@id=\"application-manageyards-display-component---NewYard--yardId-inner\"]"}
COMMAND: POST /session/dc388682b4200c5e048280db36f00fb1/execute/async - {"script":"<script> [1562 bytes]","args":[{"selector":{"id":"application-manageyards-display-component---NewYard--addressDetailDetailsName1","interaction":{"idSuffix":"inner"}},"wdio_ui5_key":"applicationmanageyards-display-component---NewYard--addressDetailDetailsName1"}]}
RESULT: {"script":"<script> [1562 bytes]","args":[{"selector":{"id":"application-manageyards-display-component---NewYard--addressDetailDetailsName1","interaction":{"idSuffix":"inner"}},"wdio_ui5_key":"applicationmanageyards-display-component---NewYard--addressDetailDetailsName1"}]}
RESULT: undefined
COMMAND: POST /session/dc388682b4200c5e048280db36f00fb1/execute/async - {"script":"<script> [776 bytes]","args":[{"enterText":"Intercompany Yard wdIO","selector":{"id":"application-manageyards-display-component---NewYard--addressDetailDetailsName1","interaction":{"idSuffix":"inner"}},"clearTextFirst":true,"interactionType":"ENTER_TEXT"}]}
RESULT: {"script":"<script> [776 bytes]","args":[{"enterText":"Intercompany Yard wdIO","selector":{"id":"application-manageyards-display-component---NewYard--addressDetailDetailsName1","interaction":{"idSuffix":"inner"}},"clearTextFirst":true,"interactionType":"ENTER_TEXT"}]}
COMMAND: POST /session/dc388682b4200c5e048280db36f00fb1/execute/async - {"script":"<script> [1562 bytes]","args":[{"selector":{"id":"application-manageyards-display-component---NewYard--addressDetailDetailsLanguage-arrow"},"wdio_ui5_key":"applicationmanageyards-display-component---NewYard--addressDetailDetailsLanguage-arrow"}]}
RESULT: {"script":"<script> [1562 bytes]","args":[{"selector":{"id":"application-manageyards-display-component---NewYard--addressDetailDetailsLanguage-arrow"},"wdio_ui5_key":"applicationmanageyards-display-component---NewYard--addressDetailDetailsLanguage-arrow"}]}
RESULT: undefined
COMMAND: POST /session/dc388682b4200c5e048280db36f00fb1/element - {"using":"xpath","value":"//*[@id=\"application-manageyards-display-component---NewYard--addressDetailDetailsLanguage-arrow\"]"}
RESULT: {"using":"xpath","value":"//*[@id=\"application-manageyards-display-component---NewYard--addressDetailDetailsLanguage-arrow\"]"}
COMMAND: POST /session/dc388682b4200c5e048280db36f00fb1/element/f.5DEB10E109CE1E7B94EA7693F5B1958D.d.C585627F9C0A024C928EBF1387070BC4.e.740/click - {}
RESULT: {}
COMMAND: POST /session/dc388682b4200c5e048280db36f00fb1/element - {"using":"xpath","value":"//span[contains(text(), \"English\")]"}
COMMAND: GET /session/dc388682b4200c5e048280db36f00fb1/screenshot - {}
RESULT: {"using":"xpath","value":"//span[contains(text(), \"English\")]"}
COMMAND: POST /session/dc388682b4200c5e048280db36f00fb1/element/f.5DEB10E109CE1E7B94EA7693F5B1958D.d.C585627F9C0A024C928EBF1387070BC4.e.741/click - {}
RESULT: {}
RESULT: {}
COMMAND: POST /session/dc388682b4200c5e048280db36f00fb1/execute/async - {"script":"<script> [1562 bytes]","args":[{"selector":{"id":"application-manageyards-display-component---NewYard--addressDetailDetailsCity1","interaction":{"idSuffix":"inner"}},"wdio_ui5_key":"applicationmanageyards-display-component---NewYard--addressDetailDetailsCity1"}]}
COMMAND: GET /session/dc388682b4200c5e048280db36f00fb1/screenshot - {}
RESULT: {"script":"<script> [1562 bytes]","args":[{"selector":{"id":"application-manageyards-display-component---NewYard--addressDetailDetailsCity1","interaction":{"idSuffix":"inner"}},"wdio_ui5_key":"applicationmanageyards-display-component---NewYard--addressDetailDetailsCity1"}]}
RESULT: undefined
COMMAND: POST /session/dc388682b4200c5e048280db36f00fb1/execute/async - {"script":"<script> [776 bytes]","args":[{"enterText":"Rosario","selector":{"id":"application-manageyards-display-component---NewYard--addressDetailDetailsCity1","interaction":{"idSuffix":"inner"}},"clearTextFirst":true,"interactionType":"ENTER_TEXT"}]}
RESULT: {}
RESULT: {"script":"<script> [776 bytes]","args":[{"enterText":"Rosario","selector":{"id":"application-manageyards-display-component---NewYard--addressDetailDetailsCity1","interaction":{"idSuffix":"inner"}},"clearTextFirst":true,"interactionType":"ENTER_TEXT"}]}
COMMAND: POST /session/dc388682b4200c5e048280db36f00fb1/execute/async - {"script":"<script> [1562 bytes]","args":[{"selector":{"id":"application-manageyards-display-component---NewYard--addressDetailDetailsCountry-arrow"},"wdio_ui5_key":"applicationmanageyards-display-component---NewYard--addressDetailDetailsCountry-arrow"}]}
RESULT: {"script":"<script> [1562 bytes]","args":[{"selector":{"id":"application-manageyards-display-component---NewYard--addressDetailDetailsCountry-arrow"},"wdio_ui5_key":"applicationmanageyards-display-component---NewYard--addressDetailDetailsCountry-arrow"}]}
RESULT: undefined
COMMAND: POST /session/dc388682b4200c5e048280db36f00fb1/element - {"using":"xpath","value":"//*[@id=\"application-manageyards-display-component---NewYard--addressDetailDetailsCountry-arrow\"]"}
RESULT: {"using":"xpath","value":"//*[@id=\"application-manageyards-display-component---NewYard--addressDetailDetailsCountry-arrow\"]"}
COMMAND: POST /session/dc388682b4200c5e048280db36f00fb1/element/f.5DEB10E109CE1E7B94EA7693F5B1958D.d.C585627F9C0A024C928EBF1387070BC4.e.743/click - {}
RESULT: {}
COMMAND: POST /session/dc388682b4200c5e048280db36f00fb1/element - {"using":"xpath","value":"//span[contains(text(), \"Argentina\")]"}
COMMAND: GET /session/dc388682b4200c5e048280db36f00fb1/screenshot - {}
RESULT: {"using":"xpath","value":"//span[contains(text(), \"Argentina\")]"}
COMMAND: POST /session/dc388682b4200c5e048280db36f00fb1/element/f.5DEB10E109CE1E7B94EA7693F5B1958D.d.C585627F9C0A024C928EBF1387070BC4.e.745/click - {}
RESULT: {}
RESULT: {}
COMMAND: POST /session/dc388682b4200c5e048280db36f00fb1/execute/async - {"script":"<script> [1562 bytes]","args":[{"selector":{"id":"application-manageyards-display-component---NewYard--addressEditDetailsCostObjectCstType-arrow"},"wdio_ui5_key":"applicationmanageyards-display-component---NewYard--addressEditDetailsCostObjectCstType-arrow"}]}
COMMAND: GET /session/dc388682b4200c5e048280db36f00fb1/screenshot - {}
RESULT: {"script":"<script> [1562 bytes]","args":[{"selector":{"id":"application-manageyards-display-component---NewYard--addressEditDetailsCostObjectCstType-arrow"},"wdio_ui5_key":"applicationmanageyards-display-component---NewYard--addressEditDetailsCostObjectCstType-arrow"}]}
RESULT: undefined
COMMAND: POST /session/dc388682b4200c5e048280db36f00fb1/element - {"using":"xpath","value":"//*[@id=\"application-manageyards-display-component---NewYard--addressEditDetailsCostObjectCstType-arrow\"]"}
RESULT: {}
RESULT: {"using":"xpath","value":"//*[@id=\"application-manageyards-display-component---NewYard--addressEditDetailsCostObjectCstType-arrow\"]"}
COMMAND: POST /session/dc388682b4200c5e048280db36f00fb1/element/f.5DEB10E109CE1E7B94EA7693F5B1958D.d.C585627F9C0A024C928EBF1387070BC4.e.746/click - {}
RESULT: {}
COMMAND: POST /session/dc388682b4200c5e048280db36f00fb1/element - {"using":"xpath","value":"//span[contains(text(), \"Cost Center\")]"}
COMMAND: GET /session/dc388682b4200c5e048280db36f00fb1/screenshot - {}
RESULT: {"using":"xpath","value":"//span[contains(text(), \"Cost Center\")]"}
COMMAND: POST /session/dc388682b4200c5e048280db36f00fb1/element/f.5DEB10E109CE1E7B94EA7693F5B1958D.d.C585627F9C0A024C928EBF1387070BC4.e.747/click - {}
RESULT: {}
RESULT: {}
COMMAND: GET /session/dc388682b4200c5e048280db36f00fb1/screenshot - {}
RESULT: {}
COMMAND: POST /session/dc388682b4200c5e048280db36f00fb1/element - {"using":"xpath","value":"//span[@id=\"application-manageyards-display-component---NewYard--addressNewCostObjectCstID-vhi\"]"}
RESULT: {"using":"xpath","value":"//span[@id=\"application-manageyards-display-component---NewYard--addressNewCostObjectCstID-vhi\"]"}
COMMAND: POST /session/dc388682b4200c5e048280db36f00fb1/execute/sync - {"script":"<script> [8489 bytes]","args":[{"element-6066-11e4-a52e-4f735466cecf":"f.5DEB10E109CE1E7B94EA7693F5B1958D.d.C585627F9C0A024C928EBF1387070BC4.e.751","ELEMENT":"f.5DEB10E109CE1E7B94EA7693F5B1958D.d.C585627F9C0A024C928EBF1387070BC4.e.751"}]}
RESULT: {"script":"<script> [8489 bytes]","args":[{"element-6066-11e4-a52e-4f735466cecf":"f.5DEB10E109CE1E7B94EA7693F5B1958D.d.C585627F9C0A024C928EBF1387070BC4.e.751","ELEMENT":"f.5DEB10E109CE1E7B94EA7693F5B1958D.d.C585627F9C0A024C928EBF1387070BC4.e.751"}]}
COMMAND: POST /session/dc388682b4200c5e048280db36f00fb1/execute/async - {"script":"<script> [1562 bytes]","args":[{"selector":{"id":"application-manageyards-display-component---NewYard--addressNewCostObjectCstID-vhi"},"wdio_ui5_key":"applicationmanageyards-display-component---NewYard--addressNewCostObjectCstID-vhi"}]}
COMMAND: GET /session/dc388682b4200c5e048280db36f00fb1/screenshot - {}
RESULT: {"script":"<script> [1562 bytes]","args":[{"selector":{"id":"application-manageyards-display-component---NewYard--addressNewCostObjectCstID-vhi"},"wdio_ui5_key":"applicationmanageyards-display-component---NewYard--addressNewCostObjectCstID-vhi"}]}
RESULT: undefined
COMMAND: POST /session/dc388682b4200c5e048280db36f00fb1/element - {"using":"xpath","value":"//*[@id=\"application-manageyards-display-component---NewYard--addressNewCostObjectCstID-vhi\"]"}
RESULT: {}
RESULT: {"using":"xpath","value":"//*[@id=\"application-manageyards-display-component---NewYard--addressNewCostObjectCstID-vhi\"]"}
COMMAND: POST /session/dc388682b4200c5e048280db36f00fb1/element/f.5DEB10E109CE1E7B94EA7693F5B1958D.d.C585627F9C0A024C928EBF1387070BC4.e.751/click - {}
RESULT: {}
COMMAND: GET /session/dc388682b4200c5e048280db36f00fb1/screenshot - {}
RESULT: {}
COMMAND: POST /session/dc388682b4200c5e048280db36f00fb1/execute/async - {"script":"<script> [1562 bytes]","args":[{"selector":{"controlType":"sap.m.SearchField","properties":{"placeholder":"Search"},"searchOpenDialogs":true,"interaction":{"idSuffix":"I"}},"wdio_ui5_key":"sapm.SearchField{\"placeholder\":\"Search\"}"}]}
RESULT: {"script":"<script> [1562 bytes]","args":[{"selector":{"controlType":"sap.m.SearchField","properties":{"placeholder":"Search"},"searchOpenDialogs":true,"interaction":{"idSuffix":"I"}},"wdio_ui5_key":"sapm.SearchField{\"placeholder\":\"Search\"}"}]}
RESULT: undefined
COMMAND: POST /session/dc388682b4200c5e048280db36f00fb1/execute/async - {"script":"<script> [776 bytes]","args":[{"enterText":"bauh_b","selector":{"controlType":"sap.m.SearchField","properties":{"placeholder":"Search"},"searchOpenDialogs":true,"interaction":{"idSuffix":"I"}},"clearTextFirst":true,"interactionType":"ENTER_TEXT"}]}
RESULT: {"script":"<script> [776 bytes]","args":[{"enterText":"bauh_b","selector":{"controlType":"sap.m.SearchField","properties":{"placeholder":"Search"},"searchOpenDialogs":true,"interaction":{"idSuffix":"I"}},"clearTextFirst":true,"interactionType":"ENTER_TEXT"}]}
COMMAND: POST /session/dc388682b4200c5e048280db36f00fb1/actions - {"actions":[{"id":"action1","type":"key","parameters":{},"actions":[{"type":"keyDown","value":"î€‡"},{"type":"pause","duration":10},{"type":"keyUp","value":"î€‡"}]}]}
RESULT: {"actions":[{"id":"action1","type":"key","parameters":{},"actions":[{"type":"keyDown","value":"î€‡"},{"type":"pause","duration":10},{"type":"keyUp","value":"î€‡"}]}]}
COMMAND: GET /session/dc388682b4200c5e048280db36f00fb1/screenshot - {}
RESULT: {}
COMMAND: POST /session/dc388682b4200c5e048280db36f00fb1/element - {"using":"xpath","value":"//span[contains(text(), \"Demo Yard\")]"}
RESULT: {"using":"xpath","value":"//span[contains(text(), \"Demo Yard\")]"}
COMMAND: POST /session/dc388682b4200c5e048280db36f00fb1/element/f.5DEB10E109CE1E7B94EA7693F5B1958D.d.C585627F9C0A024C928EBF1387070BC4.e.791/click - {}
RESULT: {}
COMMAND: GET /session/dc388682b4200c5e048280db36f00fb1/screenshot - {}
RESULT: {}
COMMAND: POST /session/dc388682b4200c5e048280db36f00fb1/element - {"using":"xpath","value":"//bdi[contains(text(), \"OK\")]"}
RESULT: {"using":"xpath","value":"//bdi[contains(text(), \"OK\")]"}
COMMAND: POST /session/dc388682b4200c5e048280db36f00fb1/element/f.5DEB10E109CE1E7B94EA7693F5B1958D.d.C585627F9C0A024C928EBF1387070BC4.e.792/click - {}
RESULT: {}
COMMAND: GET /session/dc388682b4200c5e048280db36f00fb1/screenshot - {}
RESULT: {}
COMMAND: POST /session/dc388682b4200c5e048280db36f00fb1/execute/async - {"script":"<script> [1562 bytes]","args":[{"selector":{"id":"application-manageyards-display-component---NewYard--addressEditDetailsCurrency-arrow"},"wdio_ui5_key":"applicationmanageyards-display-component---NewYard--addressEditDetailsCurrency-arrow"}]}
RESULT: {"script":"<script> [1562 bytes]","args":[{"selector":{"id":"application-manageyards-display-component---NewYard--addressEditDetailsCurrency-arrow"},"wdio_ui5_key":"applicationmanageyards-display-component---NewYard--addressEditDetailsCurrency-arrow"}]}
RESULT: undefined
COMMAND: POST /session/dc388682b4200c5e048280db36f00fb1/element - {"using":"xpath","value":"//*[@id=\"application-manageyards-display-component---NewYard--addressEditDetailsCurrency-arrow\"]"}
RESULT: {"using":"xpath","value":"//*[@id=\"application-manageyards-display-component---NewYard--addressEditDetailsCurrency-arrow\"]"}
COMMAND: POST /session/dc388682b4200c5e048280db36f00fb1/element/f.5DEB10E109CE1E7B94EA7693F5B1958D.d.C585627F9C0A024C928EBF1387070BC4.e.795/click - {}
RESULT: {}
COMMAND: POST /session/dc388682b4200c5e048280db36f00fb1/element - {"using":"xpath","value":"//span[contains(text(), \"Euro\")]"}
COMMAND: GET /session/dc388682b4200c5e048280db36f00fb1/screenshot - {}
RESULT: {"using":"xpath","value":"//span[contains(text(), \"Euro\")]"}
COMMAND: POST /session/dc388682b4200c5e048280db36f00fb1/element/f.5DEB10E109CE1E7B94EA7693F5B1958D.d.C585627F9C0A024C928EBF1387070BC4.e.796/click - {}
RESULT: {}
RESULT: {}
COMMAND: POST /session/dc388682b4200c5e048280db36f00fb1/execute/async - {"script":"<script> [1562 bytes]","args":[{"selector":{"controlType":"sap.m.Input","viewName":"etm.portal.ui.manageyards.view.New","viewId":"application-manageyards-display-component---NewYard","bindingPath":{"path":"","propertyPath":"/CONTROLLING_AREA","modelName":"NewYardModel"},"interaction":{"idSuffix":"inner"}},"wdio_ui5_key":"etmportal.ui.manageyards.view.Newsap.m.Input{\"path\":\"\",\"propertyPath\":\"/CONTROLLING_AREA\",\"modelName\":\"NewYardModel\"}"}]}
COMMAND: GET /session/dc388682b4200c5e048280db36f00fb1/screenshot - {}
RESULT: {"script":"<script> [1562 bytes]","args":[{"selector":{"controlType":"sap.m.Input","viewName":"etm.portal.ui.manageyards.view.New","viewId":"application-manageyards-display-component---NewYard","bindingPath":{"path":"","propertyPath":"/CONTROLLING_AREA","modelName":"NewYardModel"},"interaction":{"idSuffix":"inner"}},"wdio_ui5_key":"etmportal.ui.manageyards.view.Newsap.m.Input{\"path\":\"\",\"propertyPath\":\"/CONTROLLING_AREA\",\"modelName\":\"NewYardModel\"}"}]}
RESULT: undefined
COMMAND: POST /session/dc388682b4200c5e048280db36f00fb1/execute/async - {"script":"<script> [776 bytes]","args":[{"enterText":"Z001","selector":{"controlType":"sap.m.Input","viewName":"etm.portal.ui.manageyards.view.New","viewId":"application-manageyards-display-component---NewYard","bindingPath":{"path":"","propertyPath":"/CONTROLLING_AREA","modelName":"NewYardModel"},"interaction":{"idSuffix":"inner"}},"clearTextFirst":true,"interactionType":"ENTER_TEXT"}]}
RESULT: {}
RESULT: {"script":"<script> [776 bytes]","args":[{"enterText":"Z001","selector":{"controlType":"sap.m.Input","viewName":"etm.portal.ui.manageyards.view.New","viewId":"application-manageyards-display-component---NewYard","bindingPath":{"path":"","propertyPath":"/CONTROLLING_AREA","modelName":"NewYardModel"},"interaction":{"idSuffix":"inner"}},"clearTextFirst":true,"interactionType":"ENTER_TEXT"}]}
COMMAND: POST /session/dc388682b4200c5e048280db36f00fb1/execute/async - {"script":"<script> [1562 bytes]","args":[{"selector":{"id":"application-manageyards-display-component---NewYard--companyCodeComboBox","interaction":{"idSuffix":"inner"}},"wdio_ui5_key":"applicationmanageyards-display-component---NewYard--companyCodeComboBox"}]}
RESULT: {"script":"<script> [1562 bytes]","args":[{"selector":{"id":"application-manageyards-display-component---NewYard--companyCodeComboBox","interaction":{"idSuffix":"inner"}},"wdio_ui5_key":"applicationmanageyards-display-component---NewYard--companyCodeComboBox"}]}
RESULT: undefined
COMMAND: POST /session/dc388682b4200c5e048280db36f00fb1/execute/async - {"script":"<script> [776 bytes]","args":[{"enterText":"1000","selector":{"id":"application-manageyards-display-component---NewYard--companyCodeComboBox","interaction":{"idSuffix":"inner"}},"clearTextFirst":true,"interactionType":"ENTER_TEXT"}]}
RESULT: {"script":"<script> [776 bytes]","args":[{"enterText":"1000","selector":{"id":"application-manageyards-display-component---NewYard--companyCodeComboBox","interaction":{"idSuffix":"inner"}},"clearTextFirst":true,"interactionType":"ENTER_TEXT"}]}
COMMAND: POST /session/dc388682b4200c5e048280db36f00fb1/execute/async - {"script":"<script> [1562 bytes]","args":[{"selector":{"controlType":"sap.m.Input","viewName":"etm.portal.ui.manageyards.view.New","viewId":"application-manageyards-display-component---NewYard","bindingPath":{"path":"","propertyPath":"/PLANT","modelName":"NewYardModel"},"interaction":{"idSuffix":"inner"}},"wdio_ui5_key":"etmportal.ui.manageyards.view.Newsap.m.Input{\"path\":\"\",\"propertyPath\":\"/PLANT\",\"modelName\":\"NewYardModel\"}"}]}
RESULT: {"script":"<script> [1562 bytes]","args":[{"selector":{"controlType":"sap.m.Input","viewName":"etm.portal.ui.manageyards.view.New","viewId":"application-manageyards-display-component---NewYard","bindingPath":{"path":"","propertyPath":"/PLANT","modelName":"NewYardModel"},"interaction":{"idSuffix":"inner"}},"wdio_ui5_key":"etmportal.ui.manageyards.view.Newsap.m.Input{\"path\":\"\",\"propertyPath\":\"/PLANT\",\"modelName\":\"NewYardModel\"}"}]}
RESULT: undefined
COMMAND: POST /session/dc388682b4200c5e048280db36f00fb1/execute/async - {"script":"<script> [776 bytes]","args":[{"enterText":"1001","selector":{"controlType":"sap.m.Input","viewName":"etm.portal.ui.manageyards.view.New","viewId":"application-manageyards-display-component---NewYard","bindingPath":{"path":"","propertyPath":"/PLANT","modelName":"NewYardModel"},"interaction":{"idSuffix":"inner"}},"clearTextFirst":true,"interactionType":"ENTER_TEXT"}]}
RESULT: {"script":"<script> [776 bytes]","args":[{"enterText":"1001","selector":{"controlType":"sap.m.Input","viewName":"etm.portal.ui.manageyards.view.New","viewId":"application-manageyards-display-component---NewYard","bindingPath":{"path":"","propertyPath":"/PLANT","modelName":"NewYardModel"},"interaction":{"idSuffix":"inner"}},"clearTextFirst":true,"interactionType":"ENTER_TEXT"}]}
COMMAND: POST /session/dc388682b4200c5e048280db36f00fb1/execute/async - {"script":"<script> [1562 bytes]","args":[{"selector":{"controlType":"sap.m.Input","viewName":"etm.portal.ui.manageyards.view.New","viewId":"application-manageyards-display-component---NewYard","bindingPath":{"path":"","propertyPath":"/SALES_AREA_VKORG","modelName":"NewYardModel"},"interaction":{"idSuffix":"inner"}},"wdio_ui5_key":"etmportal.ui.manageyards.view.Newsap.m.Input{\"path\":\"\",\"propertyPath\":\"/SALES_AREA_VKORG\",\"modelName\":\"NewYardModel\"}"}]}
RESULT: {"script":"<script> [1562 bytes]","args":[{"selector":{"controlType":"sap.m.Input","viewName":"etm.portal.ui.manageyards.view.New","viewId":"application-manageyards-display-component---NewYard","bindingPath":{"path":"","propertyPath":"/SALES_AREA_VKORG","modelName":"NewYardModel"},"interaction":{"idSuffix":"inner"}},"wdio_ui5_key":"etmportal.ui.manageyards.view.Newsap.m.Input{\"path\":\"\",\"propertyPath\":\"/SALES_AREA_VKORG\",\"modelName\":\"NewYardModel\"}"}]}
RESULT: undefined
COMMAND: POST /session/dc388682b4200c5e048280db36f00fb1/execute/async - {"script":"<script> [776 bytes]","args":[{"enterText":"C002","selector":{"controlType":"sap.m.Input","viewName":"etm.portal.ui.manageyards.view.New","viewId":"application-manageyards-display-component---NewYard","bindingPath":{"path":"","propertyPath":"/SALES_AREA_VKORG","modelName":"NewYardModel"},"interaction":{"idSuffix":"inner"}},"clearTextFirst":true,"interactionType":"ENTER_TEXT"}]}
RESULT: {"script":"<script> [776 bytes]","args":[{"enterText":"C002","selector":{"controlType":"sap.m.Input","viewName":"etm.portal.ui.manageyards.view.New","viewId":"application-manageyards-display-component---NewYard","bindingPath":{"path":"","propertyPath":"/SALES_AREA_VKORG","modelName":"NewYardModel"},"interaction":{"idSuffix":"inner"}},"clearTextFirst":true,"interactionType":"ENTER_TEXT"}]}
COMMAND: POST /session/dc388682b4200c5e048280db36f00fb1/execute/async - {"script":"<script> [1562 bytes]","args":[{"selector":{"controlType":"sap.m.Input","viewName":"etm.portal.ui.manageyards.view.New","viewId":"application-manageyards-display-component---NewYard","bindingPath":{"path":"","propertyPath":"/SALES_AREA_VTWEG","modelName":"NewYardModel"},"interaction":{"idSuffix":"inner"}},"wdio_ui5_key":"etmportal.ui.manageyards.view.Newsap.m.Input{\"path\":\"\",\"propertyPath\":\"/SALES_AREA_VTWEG\",\"modelName\":\"NewYardModel\"}"}]}
RESULT: {"script":"<script> [1562 bytes]","args":[{"selector":{"controlType":"sap.m.Input","viewName":"etm.portal.ui.manageyards.view.New","viewId":"application-manageyards-display-component---NewYard","bindingPath":{"path":"","propertyPath":"/SALES_AREA_VTWEG","modelName":"NewYardModel"},"interaction":{"idSuffix":"inner"}},"wdio_ui5_key":"etmportal.ui.manageyards.view.Newsap.m.Input{\"path\":\"\",\"propertyPath\":\"/SALES_AREA_VTWEG\",\"modelName\":\"NewYardModel\"}"}]}
RESULT: undefined
COMMAND: POST /session/dc388682b4200c5e048280db36f00fb1/execute/async - {"script":"<script> [776 bytes]","args":[{"enterText":"C2","selector":{"controlType":"sap.m.Input","viewName":"etm.portal.ui.manageyards.view.New","viewId":"application-manageyards-display-component---NewYard","bindingPath":{"path":"","propertyPath":"/SALES_AREA_VTWEG","modelName":"NewYardModel"},"interaction":{"idSuffix":"inner"}},"clearTextFirst":true,"interactionType":"ENTER_TEXT"}]}
RESULT: {"script":"<script> [776 bytes]","args":[{"enterText":"C2","selector":{"controlType":"sap.m.Input","viewName":"etm.portal.ui.manageyards.view.New","viewId":"application-manageyards-display-component---NewYard","bindingPath":{"path":"","propertyPath":"/SALES_AREA_VTWEG","modelName":"NewYardModel"},"interaction":{"idSuffix":"inner"}},"clearTextFirst":true,"interactionType":"ENTER_TEXT"}]}
COMMAND: POST /session/dc388682b4200c5e048280db36f00fb1/execute/async - {"script":"<script> [1562 bytes]","args":[{"selector":{"controlType":"sap.m.Input","viewName":"etm.portal.ui.manageyards.view.New","viewId":"application-manageyards-display-component---NewYard","bindingPath":{"path":"","propertyPath":"/SALES_AREA_SPART","modelName":"NewYardModel"},"interaction":{"idSuffix":"inner"}},"wdio_ui5_key":"etmportal.ui.manageyards.view.Newsap.m.Input{\"path\":\"\",\"propertyPath\":\"/SALES_AREA_SPART\",\"modelName\":\"NewYardModel\"}"}]}
RESULT: {"script":"<script> [1562 bytes]","args":[{"selector":{"controlType":"sap.m.Input","viewName":"etm.portal.ui.manageyards.view.New","viewId":"application-manageyards-display-component---NewYard","bindingPath":{"path":"","propertyPath":"/SALES_AREA_SPART","modelName":"NewYardModel"},"interaction":{"idSuffix":"inner"}},"wdio_ui5_key":"etmportal.ui.manageyards.view.Newsap.m.Input{\"path\":\"\",\"propertyPath\":\"/SALES_AREA_SPART\",\"modelName\":\"NewYardModel\"}"}]}
RESULT: undefined
COMMAND: POST /session/dc388682b4200c5e048280db36f00fb1/execute/async - {"script":"<script> [776 bytes]","args":[{"enterText":"C2","selector":{"controlType":"sap.m.Input","viewName":"etm.portal.ui.manageyards.view.New","viewId":"application-manageyards-display-component---NewYard","bindingPath":{"path":"","propertyPath":"/SALES_AREA_SPART","modelName":"NewYardModel"},"interaction":{"idSuffix":"inner"}},"clearTextFirst":true,"interactionType":"ENTER_TEXT"}]}
RESULT: {"script":"<script> [776 bytes]","args":[{"enterText":"C2","selector":{"controlType":"sap.m.Input","viewName":"etm.portal.ui.manageyards.view.New","viewId":"application-manageyards-display-component---NewYard","bindingPath":{"path":"","propertyPath":"/SALES_AREA_SPART","modelName":"NewYardModel"},"interaction":{"idSuffix":"inner"}},"clearTextFirst":true,"interactionType":"ENTER_TEXT"}]}
COMMAND: POST /session/dc388682b4200c5e048280db36f00fb1/execute/async - {"script":"<script> [1562 bytes]","args":[{"selector":{"controlType":"sap.m.Input","viewName":"etm.portal.ui.manageyards.view.New","viewId":"application-manageyards-display-component---NewYard","bindingPath":{"path":"","propertyPath":"/SHIP_POINT","modelName":"NewYardModel"},"interaction":{"idSuffix":"inner"}},"wdio_ui5_key":"etmportal.ui.manageyards.view.Newsap.m.Input{\"path\":\"\",\"propertyPath\":\"/SHIP_POINT\",\"modelName\":\"NewYardModel\"}"}]}
RESULT: {"script":"<script> [1562 bytes]","args":[{"selector":{"controlType":"sap.m.Input","viewName":"etm.portal.ui.manageyards.view.New","viewId":"application-manageyards-display-component---NewYard","bindingPath":{"path":"","propertyPath":"/SHIP_POINT","modelName":"NewYardModel"},"interaction":{"idSuffix":"inner"}},"wdio_ui5_key":"etmportal.ui.manageyards.view.Newsap.m.Input{\"path\":\"\",\"propertyPath\":\"/SHIP_POINT\",\"modelName\":\"NewYardModel\"}"}]}
RESULT: undefined
COMMAND: POST /session/dc388682b4200c5e048280db36f00fb1/execute/async - {"script":"<script> [776 bytes]","args":[{"enterText":"1710","selector":{"controlType":"sap.m.Input","viewName":"etm.portal.ui.manageyards.view.New","viewId":"application-manageyards-display-component---NewYard","bindingPath":{"path":"","propertyPath":"/SHIP_POINT","modelName":"NewYardModel"},"interaction":{"idSuffix":"inner"}},"clearTextFirst":true,"interactionType":"ENTER_TEXT"}]}
RESULT: {"script":"<script> [776 bytes]","args":[{"enterText":"1710","selector":{"controlType":"sap.m.Input","viewName":"etm.portal.ui.manageyards.view.New","viewId":"application-manageyards-display-component---NewYard","bindingPath":{"path":"","propertyPath":"/SHIP_POINT","modelName":"NewYardModel"},"interaction":{"idSuffix":"inner"}},"clearTextFirst":true,"interactionType":"ENTER_TEXT"}]}
COMMAND: POST /session/dc388682b4200c5e048280db36f00fb1/execute/async - {"script":"<script> [1562 bytes]","args":[{"selector":{"controlType":"sap.m.Input","viewName":"etm.portal.ui.manageyards.view.New","viewId":"application-manageyards-display-component---NewYard","bindingPath":{"path":"","propertyPath":"/DELIVERY_TYPE","modelName":"NewYardModel"},"interaction":{"idSuffix":"inner"}},"wdio_ui5_key":"etmportal.ui.manageyards.view.Newsap.m.Input{\"path\":\"\",\"propertyPath\":\"/DELIVERY_TYPE\",\"modelName\":\"NewYardModel\"}"}]}
RESULT: {"script":"<script> [1562 bytes]","args":[{"selector":{"controlType":"sap.m.Input","viewName":"etm.portal.ui.manageyards.view.New","viewId":"application-manageyards-display-component---NewYard","bindingPath":{"path":"","propertyPath":"/DELIVERY_TYPE","modelName":"NewYardModel"},"interaction":{"idSuffix":"inner"}},"wdio_ui5_key":"etmportal.ui.manageyards.view.Newsap.m.Input{\"path\":\"\",\"propertyPath\":\"/DELIVERY_TYPE\",\"modelName\":\"NewYardModel\"}"}]}
RESULT: undefined
COMMAND: POST /session/dc388682b4200c5e048280db36f00fb1/execute/async - {"script":"<script> [776 bytes]","args":[{"enterText":"ZL01","selector":{"controlType":"sap.m.Input","viewName":"etm.portal.ui.manageyards.view.New","viewId":"application-manageyards-display-component---NewYard","bindingPath":{"path":"","propertyPath":"/DELIVERY_TYPE","modelName":"NewYardModel"},"interaction":{"idSuffix":"inner"}},"clearTextFirst":true,"interactionType":"ENTER_TEXT"}]}
RESULT: {"script":"<script> [776 bytes]","args":[{"enterText":"ZL01","selector":{"controlType":"sap.m.Input","viewName":"etm.portal.ui.manageyards.view.New","viewId":"application-manageyards-display-component---NewYard","bindingPath":{"path":"","propertyPath":"/DELIVERY_TYPE","modelName":"NewYardModel"},"interaction":{"idSuffix":"inner"}},"clearTextFirst":true,"interactionType":"ENTER_TEXT"}]}
COMMAND: POST /session/dc388682b4200c5e048280db36f00fb1/execute/async - {"script":"<script> [1562 bytes]","args":[{"selector":{"controlType":"sap.m.Input","viewName":"etm.portal.ui.manageyards.view.New","viewId":"application-manageyards-display-component---NewYard","bindingPath":{"path":"","propertyPath":"/AUART","modelName":"NewYardModel"},"interaction":{"idSuffix":"inner"}},"wdio_ui5_key":"etmportal.ui.manageyards.view.Newsap.m.Input{\"path\":\"\",\"propertyPath\":\"/AUART\",\"modelName\":\"NewYardModel\"}"}]}
RESULT: {"script":"<script> [1562 bytes]","args":[{"selector":{"controlType":"sap.m.Input","viewName":"etm.portal.ui.manageyards.view.New","viewId":"application-manageyards-display-component---NewYard","bindingPath":{"path":"","propertyPath":"/AUART","modelName":"NewYardModel"},"interaction":{"idSuffix":"inner"}},"wdio_ui5_key":"etmportal.ui.manageyards.view.Newsap.m.Input{\"path\":\"\",\"propertyPath\":\"/AUART\",\"modelName\":\"NewYardModel\"}"}]}
RESULT: undefined
COMMAND: POST /session/dc388682b4200c5e048280db36f00fb1/execute/async - {"script":"<script> [776 bytes]","args":[{"enterText":"TA","selector":{"controlType":"sap.m.Input","viewName":"etm.portal.ui.manageyards.view.New","viewId":"application-manageyards-display-component---NewYard","bindingPath":{"path":"","propertyPath":"/AUART","modelName":"NewYardModel"},"interaction":{"idSuffix":"inner"}},"clearTextFirst":true,"interactionType":"ENTER_TEXT"}]}
RESULT: {"script":"<script> [776 bytes]","args":[{"enterText":"TA","selector":{"controlType":"sap.m.Input","viewName":"etm.portal.ui.manageyards.view.New","viewId":"application-manageyards-display-component---NewYard","bindingPath":{"path":"","propertyPath":"/AUART","modelName":"NewYardModel"},"interaction":{"idSuffix":"inner"}},"clearTextFirst":true,"interactionType":"ENTER_TEXT"}]}
COMMAND: POST /session/dc388682b4200c5e048280db36f00fb1/element - {"using":"xpath","value":"//button[@data-kt=\"newYardSaveButton\"]"}
RESULT: {"using":"xpath","value":"//button[@data-kt=\"newYardSaveButton\"]"}
COMMAND: POST /session/dc388682b4200c5e048280db36f00fb1/element/f.5DEB10E109CE1E7B94EA7693F5B1958D.d.C585627F9C0A024C928EBF1387070BC4.e.704/click - {}
RESULT: {}
COMMAND: GET /session/dc388682b4200c5e048280db36f00fb1/screenshot - {}
RESULT: {}
COMMAND: POST /session/dc388682b4200c5e048280db36f00fb1/element - {"using":"xpath","value":"//header[contains(@id, 'ObjectPageLayout-headerTitle')]/div[1]/div[2]/div[1]/span[1]"}
RESULT: {"using":"xpath","value":"//header[contains(@id, 'ObjectPageLayout-headerTitle')]/div[1]/div[2]/div[1]/span[1]"}
COMMAND: POST /session/dc388682b4200c5e048280db36f00fb1/elements - {"using":"xpath","value":"//header[contains(@id, 'ObjectPageLayout-headerTitle')]/div[1]/div[2]/div[1]/span[1]"}
RESULT: {"using":"xpath","value":"//header[contains(@id, 'ObjectPageLayout-headerTitle')]/div[1]/div[2]/div[1]/span[1]"}
COMMAND: POST /session/dc388682b4200c5e048280db36f00fb1/execute/sync - {"script":"<script> [56 bytes]","args":[{"element-6066-11e4-a52e-4f735466cecf":"f.5DEB10E109CE1E7B94EA7693F5B1958D.d.C585627F9C0A024C928EBF1387070BC4.e.1022","ELEMENT":"f.5DEB10E109CE1E7B94EA7693F5B1958D.d.C585627F9C0A024C928EBF1387070BC4.e.1022"}]}
RESULT: {"script":"<script> [56 bytes]","args":[{"element-6066-11e4-a52e-4f735466cecf":"f.5DEB10E109CE1E7B94EA7693F5B1958D.d.C585627F9C0A024C928EBF1387070BC4.e.1022","ELEMENT":"f.5DEB10E109CE1E7B94EA7693F5B1958D.d.C585627F9C0A024C928EBF1387070BC4.e.1022"}]}
COMMAND: GET /session/dc388682b4200c5e048280db36f00fb1/screenshot - {}
RESULT: {}
COMMAND: POST /session/dc388682b4200c5e048280db36f00fb1/element - {"using":"css selector","value":"#shell-header-logo"}
RESULT: {"using":"css selector","value":"#shell-header-logo"}
COMMAND: POST /session/dc388682b4200c5e048280db36f00fb1/element/f.5DEB10E109CE1E7B94EA7693F5B1958D.d.C585627F9C0A024C928EBF1387070BC4.e.273/click - {}
RESULT: {}
COMMAND: GET /session/dc388682b4200c5e048280db36f00fb1/screenshot - {}
RESULT: {}
COMMAND: POST /session/dc388682b4200c5e048280db36f00fb1/execute/sync - {"script":"<script> [299 bytes]","args":[["getModel","getResource"]]}
RESULT: {"script":"<script> [299 bytes]","args":[["getModel","getResource"]]}
]]></system-out>
    </testcase>
    <testcase classname="chrome.136_0_7103_93.windows.Billing_Transfer_-_Master_data_&amp;_Intercompany_US127250" name="Should create a new partner" time="146.344">
      <system-out><![CDATA[
COMMAND: GET /session/dc388682b4200c5e048280db36f00fb1/screenshot - {}
COMMAND: POST /session/dc388682b4200c5e048280db36f00fb1/window/fullscreen - {}
RESULT: {}
RESULT: {}
COMMAND: POST /session/dc388682b4200c5e048280db36f00fb1/execute/async - {"script":"<script> [1562 bytes]","args":[{"selector":{"controlType":"sap.m.GenericTile","properties":{"header":"Manage Partners"}},"wdio_ui5_key":"sapm.GenericTile{\"header\":\"Manage Partners\"}"}]}
RESULT: {"script":"<script> [1562 bytes]","args":[{"selector":{"controlType":"sap.m.GenericTile","properties":{"header":"Manage Partners"}},"wdio_ui5_key":"sapm.GenericTile{\"header\":\"Manage Partners\"}"}]}
RESULT: undefined
COMMAND: POST /session/dc388682b4200c5e048280db36f00fb1/element - {"using":"xpath","value":"//*[@id=\"__tile38\"]"}
RESULT: {"using":"xpath","value":"//*[@id=\"__tile38\"]"}
COMMAND: POST /session/dc388682b4200c5e048280db36f00fb1/element/f.5DEB10E109CE1E7B94EA7693F5B1958D.d.C585627F9C0A024C928EBF1387070BC4.e.157/click - {}
RESULT: {}
COMMAND: GET /session/dc388682b4200c5e048280db36f00fb1/screenshot - {}
RESULT: {}
COMMAND: POST /session/dc388682b4200c5e048280db36f00fb1/elements - {"using":"xpath","value":"//span[text()='Error']"}
RESULT: {"using":"xpath","value":"//span[text()='Error']"}
COMMAND: POST /session/dc388682b4200c5e048280db36f00fb1/element - {"using":"xpath","value":"//button[@data-kt=\"addButton\"]"}
RESULT: {"using":"xpath","value":"//button[@data-kt=\"addButton\"]"}
COMMAND: POST /session/dc388682b4200c5e048280db36f00fb1/elements - {"using":"xpath","value":"//button[@data-kt=\"addButton\"]"}
RESULT: {"using":"xpath","value":"//button[@data-kt=\"addButton\"]"}
COMMAND: POST /session/dc388682b4200c5e048280db36f00fb1/elements - {"using":"xpath","value":"//button[@data-kt=\"addButton\"]"}
RESULT: {"using":"xpath","value":"//button[@data-kt=\"addButton\"]"}
COMMAND: POST /session/dc388682b4200c5e048280db36f00fb1/element - {"using":"xpath","value":"//button[@data-kt=\"addButton\"]"}
RESULT: {"using":"xpath","value":"//button[@data-kt=\"addButton\"]"}
COMMAND: POST /session/dc388682b4200c5e048280db36f00fb1/execute/sync - {"script":"<script> [8489 bytes]","args":[{"element-6066-11e4-a52e-4f735466cecf":"f.5DEB10E109CE1E7B94EA7693F5B1958D.d.C585627F9C0A024C928EBF1387070BC4.e.1060","ELEMENT":"f.5DEB10E109CE1E7B94EA7693F5B1958D.d.C585627F9C0A024C928EBF1387070BC4.e.1060"}]}
RESULT: {"script":"<script> [8489 bytes]","args":[{"element-6066-11e4-a52e-4f735466cecf":"f.5DEB10E109CE1E7B94EA7693F5B1958D.d.C585627F9C0A024C928EBF1387070BC4.e.1060","ELEMENT":"f.5DEB10E109CE1E7B94EA7693F5B1958D.d.C585627F9C0A024C928EBF1387070BC4.e.1060"}]}
COMMAND: GET /session/dc388682b4200c5e048280db36f00fb1/element/f.5DEB10E109CE1E7B94EA7693F5B1958D.d.C585627F9C0A024C928EBF1387070BC4.e.1060/enabled - {}
COMMAND: GET /session/dc388682b4200c5e048280db36f00fb1/screenshot - {}
RESULT: {}
COMMAND: POST /session/dc388682b4200c5e048280db36f00fb1/execute/sync - {"script":"<script> [8489 bytes]","args":[{"element-6066-11e4-a52e-4f735466cecf":"f.5DEB10E109CE1E7B94EA7693F5B1958D.d.C585627F9C0A024C928EBF1387070BC4.e.1060","ELEMENT":"f.5DEB10E109CE1E7B94EA7693F5B1958D.d.C585627F9C0A024C928EBF1387070BC4.e.1060"}]}
COMMAND: GET /session/dc388682b4200c5e048280db36f00fb1/screenshot - {}
RESULT: {}
RESULT: {"script":"<script> [8489 bytes]","args":[{"element-6066-11e4-a52e-4f735466cecf":"f.5DEB10E109CE1E7B94EA7693F5B1958D.d.C585627F9C0A024C928EBF1387070BC4.e.1060","ELEMENT":"f.5DEB10E109CE1E7B94EA7693F5B1958D.d.C585627F9C0A024C928EBF1387070BC4.e.1060"}]}
COMMAND: POST /session/dc388682b4200c5e048280db36f00fb1/execute/sync - {"script":"<script> [5351 bytes]","args":[{"element-6066-11e4-a52e-4f735466cecf":"f.5DEB10E109CE1E7B94EA7693F5B1958D.d.C585627F9C0A024C928EBF1387070BC4.e.1060","ELEMENT":"f.5DEB10E109CE1E7B94EA7693F5B1958D.d.C585627F9C0A024C928EBF1387070BC4.e.1060"}]}
COMMAND: GET /session/dc388682b4200c5e048280db36f00fb1/screenshot - {}
RESULT: {}
RESULT: {"script":"<script> [5351 bytes]","args":[{"element-6066-11e4-a52e-4f735466cecf":"f.5DEB10E109CE1E7B94EA7693F5B1958D.d.C585627F9C0A024C928EBF1387070BC4.e.1060","ELEMENT":"f.5DEB10E109CE1E7B94EA7693F5B1958D.d.C585627F9C0A024C928EBF1387070BC4.e.1060"}]}
COMMAND: POST /session/dc388682b4200c5e048280db36f00fb1/element/f.5DEB10E109CE1E7B94EA7693F5B1958D.d.C585627F9C0A024C928EBF1387070BC4.e.1060/click - {}
COMMAND: GET /session/dc388682b4200c5e048280db36f00fb1/screenshot - {}
RESULT: {}
RESULT: {}
COMMAND: GET /session/dc388682b4200c5e048280db36f00fb1/screenshot - {}
RESULT: {}
RESULT: {}
COMMAND: POST /session/dc388682b4200c5e048280db36f00fb1/execute/async - {"script":"<script> [1562 bytes]","args":[{"selector":{"id":"application-managepartners-display-component---NewPartner--addressDetailDetailsName1","interaction":{"idSuffix":"inner"}},"wdio_ui5_key":"applicationmanagepartners-display-component---NewPartner--addressDetailDetailsName1"}]}
RESULT: {"script":"<script> [1562 bytes]","args":[{"selector":{"id":"application-managepartners-display-component---NewPartner--addressDetailDetailsName1","interaction":{"idSuffix":"inner"}},"wdio_ui5_key":"applicationmanagepartners-display-component---NewPartner--addressDetailDetailsName1"}]}
RESULT: undefined
COMMAND: POST /session/dc388682b4200c5e048280db36f00fb1/execute/async - {"script":"<script> [776 bytes]","args":[{"enterText":"Intercompany Partner WDIO","selector":{"id":"application-managepartners-display-component---NewPartner--addressDetailDetailsName1","interaction":{"idSuffix":"inner"}},"clearTextFirst":true,"interactionType":"ENTER_TEXT"}]}
RESULT: {"script":"<script> [776 bytes]","args":[{"enterText":"Intercompany Partner WDIO","selector":{"id":"application-managepartners-display-component---NewPartner--addressDetailDetailsName1","interaction":{"idSuffix":"inner"}},"clearTextFirst":true,"interactionType":"ENTER_TEXT"}]}
COMMAND: POST /session/dc388682b4200c5e048280db36f00fb1/execute/async - {"script":"<script> [1562 bytes]","args":[{"selector":{"id":"application-managepartners-display-component---NewPartner--addressDetailDetailsLanguage-arrow"},"wdio_ui5_key":"applicationmanagepartners-display-component---NewPartner--addressDetailDetailsLanguage-arrow"}]}
RESULT: {"script":"<script> [1562 bytes]","args":[{"selector":{"id":"application-managepartners-display-component---NewPartner--addressDetailDetailsLanguage-arrow"},"wdio_ui5_key":"applicationmanagepartners-display-component---NewPartner--addressDetailDetailsLanguage-arrow"}]}
RESULT: undefined
COMMAND: POST /session/dc388682b4200c5e048280db36f00fb1/element - {"using":"xpath","value":"//*[@id=\"application-managepartners-display-component---NewPartner--addressDetailDetailsLanguage-arrow\"]"}
RESULT: {"using":"xpath","value":"//*[@id=\"application-managepartners-display-component---NewPartner--addressDetailDetailsLanguage-arrow\"]"}
COMMAND: POST /session/dc388682b4200c5e048280db36f00fb1/element/f.5DEB10E109CE1E7B94EA7693F5B1958D.d.C585627F9C0A024C928EBF1387070BC4.e.1514/click - {}
RESULT: {}
COMMAND: POST /session/dc388682b4200c5e048280db36f00fb1/element - {"using":"xpath","value":"//span[contains(text(), \"English\")]"}
COMMAND: GET /session/dc388682b4200c5e048280db36f00fb1/screenshot - {}
RESULT: {"using":"xpath","value":"//span[contains(text(), \"English\")]"}
COMMAND: POST /session/dc388682b4200c5e048280db36f00fb1/element/f.5DEB10E109CE1E7B94EA7693F5B1958D.d.C585627F9C0A024C928EBF1387070BC4.e.1515/click - {}
RESULT: {}
RESULT: {}
COMMAND: GET /session/dc388682b4200c5e048280db36f00fb1/screenshot - {}
RESULT: {}
COMMAND: POST /session/dc388682b4200c5e048280db36f00fb1/execute/async - {"script":"<script> [1562 bytes]","args":[{"selector":{"id":"application-managepartners-display-component---NewPartner--addressDetailDetailsCity1","interaction":{"idSuffix":"inner"}},"wdio_ui5_key":"applicationmanagepartners-display-component---NewPartner--addressDetailDetailsCity1"}]}
RESULT: {"script":"<script> [1562 bytes]","args":[{"selector":{"id":"application-managepartners-display-component---NewPartner--addressDetailDetailsCity1","interaction":{"idSuffix":"inner"}},"wdio_ui5_key":"applicationmanagepartners-display-component---NewPartner--addressDetailDetailsCity1"}]}
RESULT: undefined
COMMAND: POST /session/dc388682b4200c5e048280db36f00fb1/execute/async - {"script":"<script> [776 bytes]","args":[{"enterText":"Rosario","selector":{"id":"application-managepartners-display-component---NewPartner--addressDetailDetailsCity1","interaction":{"idSuffix":"inner"}},"clearTextFirst":true,"interactionType":"ENTER_TEXT"}]}
RESULT: {"script":"<script> [776 bytes]","args":[{"enterText":"Rosario","selector":{"id":"application-managepartners-display-component---NewPartner--addressDetailDetailsCity1","interaction":{"idSuffix":"inner"}},"clearTextFirst":true,"interactionType":"ENTER_TEXT"}]}
COMMAND: POST /session/dc388682b4200c5e048280db36f00fb1/execute/async - {"script":"<script> [1562 bytes]","args":[{"selector":{"id":"application-managepartners-display-component---NewPartner--addressDetailDetailsCountry-arrow"},"wdio_ui5_key":"applicationmanagepartners-display-component---NewPartner--addressDetailDetailsCountry-arrow"}]}
RESULT: {"script":"<script> [1562 bytes]","args":[{"selector":{"id":"application-managepartners-display-component---NewPartner--addressDetailDetailsCountry-arrow"},"wdio_ui5_key":"applicationmanagepartners-display-component---NewPartner--addressDetailDetailsCountry-arrow"}]}
RESULT: undefined
COMMAND: POST /session/dc388682b4200c5e048280db36f00fb1/element - {"using":"xpath","value":"//*[@id=\"application-managepartners-display-component---NewPartner--addressDetailDetailsCountry-arrow\"]"}
RESULT: {"using":"xpath","value":"//*[@id=\"application-managepartners-display-component---NewPartner--addressDetailDetailsCountry-arrow\"]"}
COMMAND: POST /session/dc388682b4200c5e048280db36f00fb1/element/f.5DEB10E109CE1E7B94EA7693F5B1958D.d.C585627F9C0A024C928EBF1387070BC4.e.1478/click - {}
RESULT: {}
COMMAND: POST /session/dc388682b4200c5e048280db36f00fb1/element - {"using":"xpath","value":"//span[contains(text(), \"Argentina\")]"}
COMMAND: GET /session/dc388682b4200c5e048280db36f00fb1/screenshot - {}
RESULT: {"using":"xpath","value":"//span[contains(text(), \"Argentina\")]"}
COMMAND: POST /session/dc388682b4200c5e048280db36f00fb1/element/f.5DEB10E109CE1E7B94EA7693F5B1958D.d.C585627F9C0A024C928EBF1387070BC4.e.1517/click - {}
RESULT: {}
RESULT: {}
COMMAND: GET /session/dc388682b4200c5e048280db36f00fb1/screenshot - {}
RESULT: {}
COMMAND: POST /session/dc388682b4200c5e048280db36f00fb1/element - {"using":"xpath","value":"//bdi[contains(text(), \"Commercial\")]"}
RESULT: {"using":"xpath","value":"//bdi[contains(text(), \"Commercial\")]"}
COMMAND: POST /session/dc388682b4200c5e048280db36f00fb1/element/f.5DEB10E109CE1E7B94EA7693F5B1958D.d.C585627F9C0A024C928EBF1387070BC4.e.1518/click - {}
RESULT: {}
COMMAND: GET /session/dc388682b4200c5e048280db36f00fb1/screenshot - {}
RESULT: {}
COMMAND: POST /session/dc388682b4200c5e048280db36f00fb1/execute/async - {"script":"<script> [1562 bytes]","args":[{"selector":{"id":"application-managepartners-display-component---NewPartner--partnerDetailInternal-arrow"},"wdio_ui5_key":"applicationmanagepartners-display-component---NewPartner--partnerDetailInternal-arrow"}]}
RESULT: {"script":"<script> [1562 bytes]","args":[{"selector":{"id":"application-managepartners-display-component---NewPartner--partnerDetailInternal-arrow"},"wdio_ui5_key":"applicationmanagepartners-display-component---NewPartner--partnerDetailInternal-arrow"}]}
RESULT: undefined
COMMAND: POST /session/dc388682b4200c5e048280db36f00fb1/element - {"using":"xpath","value":"//*[@id=\"application-managepartners-display-component---NewPartner--partnerDetailInternal-arrow\"]"}
RESULT: {"using":"xpath","value":"//*[@id=\"application-managepartners-display-component---NewPartner--partnerDetailInternal-arrow\"]"}
COMMAND: POST /session/dc388682b4200c5e048280db36f00fb1/element/f.5DEB10E109CE1E7B94EA7693F5B1958D.d.C585627F9C0A024C928EBF1387070BC4.e.1524/click - {}
RESULT: {}
COMMAND: POST /session/dc388682b4200c5e048280db36f00fb1/element - {"using":"xpath","value":"//span[contains(text(), \"Affiliated company\")]"}
COMMAND: GET /session/dc388682b4200c5e048280db36f00fb1/screenshot - {}
RESULT: {"using":"xpath","value":"//span[contains(text(), \"Affiliated company\")]"}
COMMAND: POST /session/dc388682b4200c5e048280db36f00fb1/element/f.5DEB10E109CE1E7B94EA7693F5B1958D.d.C585627F9C0A024C928EBF1387070BC4.e.1525/click - {}
RESULT: {}
RESULT: {}
COMMAND: POST /session/dc388682b4200c5e048280db36f00fb1/execute/async - {"script":"<script> [1562 bytes]","args":[{"selector":{"id":"application-managepartners-display-component---NewPartner--partnerDetailsCurrency-arrow"},"wdio_ui5_key":"applicationmanagepartners-display-component---NewPartner--partnerDetailsCurrency-arrow"}]}
COMMAND: GET /session/dc388682b4200c5e048280db36f00fb1/screenshot - {}
RESULT: {"script":"<script> [1562 bytes]","args":[{"selector":{"id":"application-managepartners-display-component---NewPartner--partnerDetailsCurrency-arrow"},"wdio_ui5_key":"applicationmanagepartners-display-component---NewPartner--partnerDetailsCurrency-arrow"}]}
RESULT: undefined
COMMAND: POST /session/dc388682b4200c5e048280db36f00fb1/element - {"using":"xpath","value":"//*[@id=\"application-managepartners-display-component---NewPartner--partnerDetailsCurrency-arrow\"]"}
RESULT: {}
RESULT: {"using":"xpath","value":"//*[@id=\"application-managepartners-display-component---NewPartner--partnerDetailsCurrency-arrow\"]"}
COMMAND: POST /session/dc388682b4200c5e048280db36f00fb1/element/f.5DEB10E109CE1E7B94EA7693F5B1958D.d.C585627F9C0A024C928EBF1387070BC4.e.1532/click - {}
RESULT: {}
COMMAND: POST /session/dc388682b4200c5e048280db36f00fb1/element - {"using":"xpath","value":"//span[contains(text(), \"Euro\")]"}
COMMAND: GET /session/dc388682b4200c5e048280db36f00fb1/screenshot - {}
RESULT: {"using":"xpath","value":"//span[contains(text(), \"Euro\")]"}
COMMAND: POST /session/dc388682b4200c5e048280db36f00fb1/element/f.5DEB10E109CE1E7B94EA7693F5B1958D.d.C585627F9C0A024C928EBF1387070BC4.e.1533/click - {}
RESULT: {}
RESULT: {}
COMMAND: POST /session/dc388682b4200c5e048280db36f00fb1/execute/async - {"script":"<script> [1562 bytes]","args":[{"selector":{"id":"application-managepartners-display-component---NewPartner--addressEditDetailsCostObjectCstType-arrow"},"wdio_ui5_key":"applicationmanagepartners-display-component---NewPartner--addressEditDetailsCostObjectCstType-arrow"}]}
COMMAND: GET /session/dc388682b4200c5e048280db36f00fb1/screenshot - {}
RESULT: {"script":"<script> [1562 bytes]","args":[{"selector":{"id":"application-managepartners-display-component---NewPartner--addressEditDetailsCostObjectCstType-arrow"},"wdio_ui5_key":"applicationmanagepartners-display-component---NewPartner--addressEditDetailsCostObjectCstType-arrow"}]}
RESULT: undefined
COMMAND: POST /session/dc388682b4200c5e048280db36f00fb1/element - {"using":"xpath","value":"//*[@id=\"application-managepartners-display-component---NewPartner--addressEditDetailsCostObjectCstType-arrow\"]"}
RESULT: {}
RESULT: {"using":"xpath","value":"//*[@id=\"application-managepartners-display-component---NewPartner--addressEditDetailsCostObjectCstType-arrow\"]"}
COMMAND: POST /session/dc388682b4200c5e048280db36f00fb1/element/f.5DEB10E109CE1E7B94EA7693F5B1958D.d.C585627F9C0A024C928EBF1387070BC4.e.1534/click - {}
RESULT: {}
COMMAND: POST /session/dc388682b4200c5e048280db36f00fb1/element - {"using":"xpath","value":"//span[contains(text(), \"Cost Center\")]"}
COMMAND: GET /session/dc388682b4200c5e048280db36f00fb1/screenshot - {}
RESULT: {"using":"xpath","value":"//span[contains(text(), \"Cost Center\")]"}
COMMAND: POST /session/dc388682b4200c5e048280db36f00fb1/element/f.5DEB10E109CE1E7B94EA7693F5B1958D.d.C585627F9C0A024C928EBF1387070BC4.e.1535/click - {}
RESULT: {}
RESULT: {}
COMMAND: GET /session/dc388682b4200c5e048280db36f00fb1/screenshot - {}
RESULT: {}
COMMAND: POST /session/dc388682b4200c5e048280db36f00fb1/element - {"using":"xpath","value":"//span[@id=\"application-managepartners-display-component---NewPartner--addressNewCostObjectCstID-vhi\"]"}
RESULT: {"using":"xpath","value":"//span[@id=\"application-managepartners-display-component---NewPartner--addressNewCostObjectCstID-vhi\"]"}
COMMAND: POST /session/dc388682b4200c5e048280db36f00fb1/execute/sync - {"script":"<script> [8489 bytes]","args":[{"element-6066-11e4-a52e-4f735466cecf":"f.5DEB10E109CE1E7B94EA7693F5B1958D.d.C585627F9C0A024C928EBF1387070BC4.e.1539","ELEMENT":"f.5DEB10E109CE1E7B94EA7693F5B1958D.d.C585627F9C0A024C928EBF1387070BC4.e.1539"}]}
RESULT: {"script":"<script> [8489 bytes]","args":[{"element-6066-11e4-a52e-4f735466cecf":"f.5DEB10E109CE1E7B94EA7693F5B1958D.d.C585627F9C0A024C928EBF1387070BC4.e.1539","ELEMENT":"f.5DEB10E109CE1E7B94EA7693F5B1958D.d.C585627F9C0A024C928EBF1387070BC4.e.1539"}]}
COMMAND: POST /session/dc388682b4200c5e048280db36f00fb1/execute/async - {"script":"<script> [1562 bytes]","args":[{"selector":{"id":"application-managepartners-display-component---NewPartner--addressNewCostObjectCstID-vhi"},"wdio_ui5_key":"applicationmanagepartners-display-component---NewPartner--addressNewCostObjectCstID-vhi"}]}
COMMAND: GET /session/dc388682b4200c5e048280db36f00fb1/screenshot - {}
RESULT: {"script":"<script> [1562 bytes]","args":[{"selector":{"id":"application-managepartners-display-component---NewPartner--addressNewCostObjectCstID-vhi"},"wdio_ui5_key":"applicationmanagepartners-display-component---NewPartner--addressNewCostObjectCstID-vhi"}]}
RESULT: undefined
COMMAND: POST /session/dc388682b4200c5e048280db36f00fb1/element - {"using":"xpath","value":"//*[@id=\"application-managepartners-display-component---NewPartner--addressNewCostObjectCstID-vhi\"]"}
RESULT: {}
RESULT: {"using":"xpath","value":"//*[@id=\"application-managepartners-display-component---NewPartner--addressNewCostObjectCstID-vhi\"]"}
COMMAND: POST /session/dc388682b4200c5e048280db36f00fb1/element/f.5DEB10E109CE1E7B94EA7693F5B1958D.d.C585627F9C0A024C928EBF1387070BC4.e.1539/click - {}
RESULT: {}
COMMAND: GET /session/dc388682b4200c5e048280db36f00fb1/screenshot - {}
RESULT: {}
RESULT: undefined
COMMAND: POST /session/dc388682b4200c5e048280db36f00fb1/execute/async - {"script":"<script> [776 bytes]","args":[{"enterText":"10001013","selector":{"controlType":"sap.m.SearchField","properties":{"placeholder":"Search"},"searchOpenDialogs":true,"interaction":{"idSuffix":"I"}},"clearTextFirst":true,"interactionType":"ENTER_TEXT"}]}
RESULT: {"script":"<script> [776 bytes]","args":[{"enterText":"10001013","selector":{"controlType":"sap.m.SearchField","properties":{"placeholder":"Search"},"searchOpenDialogs":true,"interaction":{"idSuffix":"I"}},"clearTextFirst":true,"interactionType":"ENTER_TEXT"}]}
COMMAND: POST /session/dc388682b4200c5e048280db36f00fb1/actions - {"actions":[{"id":"action2","type":"key","parameters":{},"actions":[{"type":"keyDown","value":"î€‡"},{"type":"pause","duration":10},{"type":"keyUp","value":"î€‡"}]}]}
RESULT: {"actions":[{"id":"action2","type":"key","parameters":{},"actions":[{"type":"keyDown","value":"î€‡"},{"type":"pause","duration":10},{"type":"keyUp","value":"î€‡"}]}]}
COMMAND: GET /session/dc388682b4200c5e048280db36f00fb1/screenshot - {}
RESULT: {}
COMMAND: POST /session/dc388682b4200c5e048280db36f00fb1/element - {"using":"xpath","value":"//span[contains(text(), \"General Management\")]"}
RESULT: {"using":"xpath","value":"//span[contains(text(), \"General Management\")]"}
COMMAND: POST /session/dc388682b4200c5e048280db36f00fb1/element/f.5DEB10E109CE1E7B94EA7693F5B1958D.d.C585627F9C0A024C928EBF1387070BC4.e.1578/click - {}
RESULT: {}
COMMAND: GET /session/dc388682b4200c5e048280db36f00fb1/screenshot - {}
RESULT: {}
COMMAND: POST /session/dc388682b4200c5e048280db36f00fb1/element - {"using":"xpath","value":"//bdi[contains(text(), \"OK\")]"}
RESULT: {"using":"xpath","value":"//bdi[contains(text(), \"OK\")]"}
COMMAND: POST /session/dc388682b4200c5e048280db36f00fb1/element/f.5DEB10E109CE1E7B94EA7693F5B1958D.d.C585627F9C0A024C928EBF1387070BC4.e.1579/click - {}
RESULT: {}
COMMAND: GET /session/dc388682b4200c5e048280db36f00fb1/screenshot - {}
RESULT: {}
COMMAND: POST /session/dc388682b4200c5e048280db36f00fb1/element - {"using":"xpath","value":"//input[@id=\"application-managepartners-display-component---NewPartner--companyCodeComboBox-inner\"]"}
RESULT: {"using":"xpath","value":"//input[@id=\"application-managepartners-display-component---NewPartner--companyCodeComboBox-inner\"]"}
COMMAND: POST /session/dc388682b4200c5e048280db36f00fb1/element/f.5DEB10E109CE1E7B94EA7693F5B1958D.d.C585627F9C0A024C928EBF1387070BC4.e.1420/clear - {}
RESULT: {}
COMMAND: POST /session/dc388682b4200c5e048280db36f00fb1/element/f.5DEB10E109CE1E7B94EA7693F5B1958D.d.C585627F9C0A024C928EBF1387070BC4.e.1420/value - {"text":"C002"}
COMMAND: GET /session/dc388682b4200c5e048280db36f00fb1/screenshot - {}
RESULT: {"text":"C002"}
COMMAND: GET /session/dc388682b4200c5e048280db36f00fb1/screenshot - {}
RESULT: {}
RESULT: {}
COMMAND: POST /session/dc388682b4200c5e048280db36f00fb1/element - {"using":"xpath","value":"//li[.//span[text()= \"C002\"]]"}
RESULT: {"using":"xpath","value":"//li[.//span[text()= \"C002\"]]"}
COMMAND: POST /session/dc388682b4200c5e048280db36f00fb1/element/f.5DEB10E109CE1E7B94EA7693F5B1958D.d.C585627F9C0A024C928EBF1387070BC4.e.1585/click - {}
RESULT: {}
COMMAND: GET /session/dc388682b4200c5e048280db36f00fb1/screenshot - {}
RESULT: {}
COMMAND: POST /session/dc388682b4200c5e048280db36f00fb1/execute/async - {"script":"<script> [1562 bytes]","args":[{"selector":{"id":"application-managepartners-display-component---NewPartner--btnAddTableRow-img"},"wdio_ui5_key":"applicationmanagepartners-display-component---NewPartner--btnAddTableRow-img"}]}
RESULT: {"script":"<script> [1562 bytes]","args":[{"selector":{"id":"application-managepartners-display-component---NewPartner--btnAddTableRow-img"},"wdio_ui5_key":"applicationmanagepartners-display-component---NewPartner--btnAddTableRow-img"}]}
RESULT: undefined
COMMAND: POST /session/dc388682b4200c5e048280db36f00fb1/element - {"using":"xpath","value":"//*[@id=\"application-managepartners-display-component---NewPartner--btnAddTableRow-img\"]"}
RESULT: {"using":"xpath","value":"//*[@id=\"application-managepartners-display-component---NewPartner--btnAddTableRow-img\"]"}
COMMAND: POST /session/dc388682b4200c5e048280db36f00fb1/element/f.5DEB10E109CE1E7B94EA7693F5B1958D.d.C585627F9C0A024C928EBF1387070BC4.e.1586/click - {}
RESULT: {}
COMMAND: GET /session/dc388682b4200c5e048280db36f00fb1/screenshot - {}
RESULT: {}
COMMAND: POST /session/dc388682b4200c5e048280db36f00fb1/element - {"using":"xpath","value":"//input[@id=\"application-managepartners-display-component---NewPartner--assignmentYard-application-managepartners-display-component---NewPartner--assignmentsTable-0-inner\"]"}
RESULT: {"using":"xpath","value":"//input[@id=\"application-managepartners-display-component---NewPartner--assignmentYard-application-managepartners-display-component---NewPartner--assignmentsTable-0-inner\"]"}
COMMAND: POST /session/dc388682b4200c5e048280db36f00fb1/element/f.5DEB10E109CE1E7B94EA7693F5B1958D.d.C585627F9C0A024C928EBF1387070BC4.e.1589/clear - {}
RESULT: {}
COMMAND: POST /session/dc388682b4200c5e048280db36f00fb1/element/f.5DEB10E109CE1E7B94EA7693F5B1958D.d.C585627F9C0A024C928EBF1387070BC4.e.1589/value - {"text":"434"}
COMMAND: GET /session/dc388682b4200c5e048280db36f00fb1/screenshot - {}
RESULT: {"text":"434"}
COMMAND: GET /session/dc388682b4200c5e048280db36f00fb1/screenshot - {}
RESULT: {}
RESULT: {}
COMMAND: POST /session/dc388682b4200c5e048280db36f00fb1/element - {"using":"xpath","value":"//li[.//span[text()='434']]"}
RESULT: {"using":"xpath","value":"//li[.//span[text()='434']]"}
COMMAND: POST /session/dc388682b4200c5e048280db36f00fb1/element/f.5DEB10E109CE1E7B94EA7693F5B1958D.d.C585627F9C0A024C928EBF1387070BC4.e.1598/click - {}
RESULT: {}
COMMAND: GET /session/dc388682b4200c5e048280db36f00fb1/screenshot - {}
RESULT: {}
COMMAND: POST /session/dc388682b4200c5e048280db36f00fb1/actions - {"actions":[{"id":"action3","type":"key","parameters":{},"actions":[{"type":"keyDown","value":"î€‡"},{"type":"pause","duration":10},{"type":"keyUp","value":"î€‡"}]}]}
RESULT: {"actions":[{"id":"action3","type":"key","parameters":{},"actions":[{"type":"keyDown","value":"î€‡"},{"type":"pause","duration":10},{"type":"keyUp","value":"î€‡"}]}]}
COMMAND: POST /session/dc388682b4200c5e048280db36f00fb1/execute/async - {"script":"<script> [1562 bytes]","args":[{"selector":{"id":"application-managepartners-display-component---NewPartner--externalCustomerComboBox-application-managepartners-display-component---NewPartner--assignmentsTable-0-vhi"},"wdio_ui5_key":"applicationmanagepartners-display-component---NewPartner--externalCustomerComboBox-application-managepartners-display-component---NewPartner--assignmentsTable-0-vhi"}]}
COMMAND: GET /session/dc388682b4200c5e048280db36f00fb1/screenshot - {}
RESULT: {"script":"<script> [1562 bytes]","args":[{"selector":{"id":"application-managepartners-display-component---NewPartner--externalCustomerComboBox-application-managepartners-display-component---NewPartner--assignmentsTable-0-vhi"},"wdio_ui5_key":"applicationmanagepartners-display-component---NewPartner--externalCustomerComboBox-application-managepartners-display-component---NewPartner--assignmentsTable-0-vhi"}]}
RESULT: undefined
COMMAND: POST /session/dc388682b4200c5e048280db36f00fb1/element - {"using":"xpath","value":"//*[@id=\"application-managepartners-display-component---NewPartner--externalCustomerComboBox-application-managepartners-display-component---NewPartner--assignmentsTable-0-vhi\"]"}
RESULT: {}
RESULT: {"using":"xpath","value":"//*[@id=\"application-managepartners-display-component---NewPartner--externalCustomerComboBox-application-managepartners-display-component---NewPartner--assignmentsTable-0-vhi\"]"}
COMMAND: POST /session/dc388682b4200c5e048280db36f00fb1/element/f.5DEB10E109CE1E7B94EA7693F5B1958D.d.C585627F9C0A024C928EBF1387070BC4.e.1602/click - {}
RESULT: {}
RESULT: undefined
COMMAND: POST /session/dc388682b4200c5e048280db36f00fb1/execute/async - {"script":"<script> [776 bytes]","args":[{"enterText":"300003","selector":{"controlType":"sap.m.SearchField","properties":{"placeholder":"Search"},"searchOpenDialogs":true,"interaction":{"idSuffix":"I"}},"clearTextFirst":true,"interactionType":"ENTER_TEXT"}]}
COMMAND: GET /session/dc388682b4200c5e048280db36f00fb1/screenshot - {}
RESULT: {"script":"<script> [776 bytes]","args":[{"enterText":"300003","selector":{"controlType":"sap.m.SearchField","properties":{"placeholder":"Search"},"searchOpenDialogs":true,"interaction":{"idSuffix":"I"}},"clearTextFirst":true,"interactionType":"ENTER_TEXT"}]}
COMMAND: POST /session/dc388682b4200c5e048280db36f00fb1/actions - {"actions":[{"id":"action4","type":"key","parameters":{},"actions":[{"type":"keyDown","value":"î€‡"},{"type":"pause","duration":10},{"type":"keyUp","value":"î€‡"}]}]}
RESULT: {}
RESULT: {"actions":[{"id":"action4","type":"key","parameters":{},"actions":[{"type":"keyDown","value":"î€‡"},{"type":"pause","duration":10},{"type":"keyUp","value":"î€‡"}]}]}
COMMAND: GET /session/dc388682b4200c5e048280db36f00fb1/screenshot - {}
RESULT: {}
COMMAND: POST /session/dc388682b4200c5e048280db36f00fb1/element - {"using":"xpath","value":"//span[contains(text(), \"300003\")]"}
RESULT: {"using":"xpath","value":"//span[contains(text(), \"300003\")]"}
COMMAND: POST /session/dc388682b4200c5e048280db36f00fb1/element/f.5DEB10E109CE1E7B94EA7693F5B1958D.d.C585627F9C0A024C928EBF1387070BC4.e.1619/click - {}
RESULT: {}
COMMAND: GET /session/dc388682b4200c5e048280db36f00fb1/screenshot - {}
RESULT: {}
COMMAND: POST /session/dc388682b4200c5e048280db36f00fb1/element - {"using":"xpath","value":"//bdi[contains(text(), \"OK\")]"}
RESULT: {"using":"xpath","value":"//bdi[contains(text(), \"OK\")]"}
COMMAND: POST /session/dc388682b4200c5e048280db36f00fb1/element/f.5DEB10E109CE1E7B94EA7693F5B1958D.d.C585627F9C0A024C928EBF1387070BC4.e.1621/click - {}
RESULT: {}
COMMAND: GET /session/dc388682b4200c5e048280db36f00fb1/screenshot - {}
RESULT: {}
COMMAND: POST /session/dc388682b4200c5e048280db36f00fb1/execute/async - {"script":"<script> [1562 bytes]","args":[{"selector":{"id":"application-managepartners-display-component---NewPartner--intercompVendorComboBox-application-managepartners-display-component---NewPartner--assignmentsTable-0-vhi"},"wdio_ui5_key":"applicationmanagepartners-display-component---NewPartner--intercompVendorComboBox-application-managepartners-display-component---NewPartner--assignmentsTable-0-vhi"}]}
RESULT: {"script":"<script> [1562 bytes]","args":[{"selector":{"id":"application-managepartners-display-component---NewPartner--intercompVendorComboBox-application-managepartners-display-component---NewPartner--assignmentsTable-0-vhi"},"wdio_ui5_key":"applicationmanagepartners-display-component---NewPartner--intercompVendorComboBox-application-managepartners-display-component---NewPartner--assignmentsTable-0-vhi"}]}
RESULT: undefined
COMMAND: POST /session/dc388682b4200c5e048280db36f00fb1/element - {"using":"xpath","value":"//*[@id=\"application-managepartners-display-component---NewPartner--intercompVendorComboBox-application-managepartners-display-component---NewPartner--assignmentsTable-0-vhi\"]"}
RESULT: {"using":"xpath","value":"//*[@id=\"application-managepartners-display-component---NewPartner--intercompVendorComboBox-application-managepartners-display-component---NewPartner--assignmentsTable-0-vhi\"]"}
COMMAND: POST /session/dc388682b4200c5e048280db36f00fb1/element/f.5DEB10E109CE1E7B94EA7693F5B1958D.d.C585627F9C0A024C928EBF1387070BC4.e.1624/click - {}
RESULT: {}
RESULT: undefined
COMMAND: POST /session/dc388682b4200c5e048280db36f00fb1/execute/async - {"script":"<script> [776 bytes]","args":[{"enterText":"100005","selector":{"controlType":"sap.m.SearchField","properties":{"placeholder":"Search"},"searchOpenDialogs":true,"interaction":{"idSuffix":"I"}},"clearTextFirst":true,"interactionType":"ENTER_TEXT"}]}
COMMAND: GET /session/dc388682b4200c5e048280db36f00fb1/screenshot - {}
RESULT: {"script":"<script> [776 bytes]","args":[{"enterText":"100005","selector":{"controlType":"sap.m.SearchField","properties":{"placeholder":"Search"},"searchOpenDialogs":true,"interaction":{"idSuffix":"I"}},"clearTextFirst":true,"interactionType":"ENTER_TEXT"}]}
COMMAND: POST /session/dc388682b4200c5e048280db36f00fb1/actions - {"actions":[{"id":"action5","type":"key","parameters":{},"actions":[{"type":"keyDown","value":"î€‡"},{"type":"pause","duration":10},{"type":"keyUp","value":"î€‡"}]}]}
RESULT: {}
RESULT: {"actions":[{"id":"action5","type":"key","parameters":{},"actions":[{"type":"keyDown","value":"î€‡"},{"type":"pause","duration":10},{"type":"keyUp","value":"î€‡"}]}]}
COMMAND: GET /session/dc388682b4200c5e048280db36f00fb1/screenshot - {}
RESULT: {}
COMMAND: POST /session/dc388682b4200c5e048280db36f00fb1/element - {"using":"xpath","value":"//span[contains(text(), \"Penguins - Field/12345 Berlin\")]"}
RESULT: {"using":"xpath","value":"//span[contains(text(), \"Penguins - Field/12345 Berlin\")]"}
COMMAND: POST /session/dc388682b4200c5e048280db36f00fb1/element/f.5DEB10E109CE1E7B94EA7693F5B1958D.d.C585627F9C0A024C928EBF1387070BC4.e.1642/click - {}
RESULT: {}
COMMAND: GET /session/dc388682b4200c5e048280db36f00fb1/screenshot - {}
RESULT: {}
COMMAND: POST /session/dc388682b4200c5e048280db36f00fb1/element - {"using":"xpath","value":"//bdi[contains(text(), \"OK\")]"}
RESULT: {"using":"xpath","value":"//bdi[contains(text(), \"OK\")]"}
COMMAND: POST /session/dc388682b4200c5e048280db36f00fb1/element/f.5DEB10E109CE1E7B94EA7693F5B1958D.d.C585627F9C0A024C928EBF1387070BC4.e.1643/click - {}
RESULT: {}
COMMAND: GET /session/dc388682b4200c5e048280db36f00fb1/screenshot - {}
RESULT: {}
COMMAND: POST /session/dc388682b4200c5e048280db36f00fb1/element - {"using":"xpath","value":"//button[@data-kt=\"saveButton\"]"}
RESULT: {"using":"xpath","value":"//button[@data-kt=\"saveButton\"]"}
COMMAND: POST /session/dc388682b4200c5e048280db36f00fb1/element/f.5DEB10E109CE1E7B94EA7693F5B1958D.d.C585627F9C0A024C928EBF1387070BC4.e.1480/click - {}
RESULT: {}
COMMAND: GET /session/dc388682b4200c5e048280db36f00fb1/screenshot - {}
RESULT: {}
COMMAND: POST /session/dc388682b4200c5e048280db36f00fb1/element - {"using":"xpath","value":"//header[contains(@id, 'ObjectPageLayout-headerTitle')]/div[1]/div[2]/div[2]/span[1]"}
RESULT: {"using":"xpath","value":"//header[contains(@id, 'ObjectPageLayout-headerTitle')]/div[1]/div[2]/div[2]/span[1]"}
COMMAND: POST /session/dc388682b4200c5e048280db36f00fb1/elements - {"using":"xpath","value":"//header[contains(@id, 'ObjectPageLayout-headerTitle')]/div[1]/div[2]/div[2]/span[1]"}
RESULT: {"using":"xpath","value":"//header[contains(@id, 'ObjectPageLayout-headerTitle')]/div[1]/div[2]/div[2]/span[1]"}
COMMAND: POST /session/dc388682b4200c5e048280db36f00fb1/execute/sync - {"script":"<script> [56 bytes]","args":[{"element-6066-11e4-a52e-4f735466cecf":"f.5DEB10E109CE1E7B94EA7693F5B1958D.d.C585627F9C0A024C928EBF1387070BC4.e.1806","ELEMENT":"f.5DEB10E109CE1E7B94EA7693F5B1958D.d.C585627F9C0A024C928EBF1387070BC4.e.1806"}]}
RESULT: {"script":"<script> [56 bytes]","args":[{"element-6066-11e4-a52e-4f735466cecf":"f.5DEB10E109CE1E7B94EA7693F5B1958D.d.C585627F9C0A024C928EBF1387070BC4.e.1806","ELEMENT":"f.5DEB10E109CE1E7B94EA7693F5B1958D.d.C585627F9C0A024C928EBF1387070BC4.e.1806"}]}
COMMAND: POST /session/dc388682b4200c5e048280db36f00fb1/element - {"using":"css selector","value":"#shell-header-logo"}
COMMAND: GET /session/dc388682b4200c5e048280db36f00fb1/screenshot - {}
RESULT: {"using":"css selector","value":"#shell-header-logo"}
COMMAND: POST /session/dc388682b4200c5e048280db36f00fb1/element/f.5DEB10E109CE1E7B94EA7693F5B1958D.d.C585627F9C0A024C928EBF1387070BC4.e.1026/click - {}
RESULT: {}
RESULT: {}
COMMAND: GET /session/dc388682b4200c5e048280db36f00fb1/screenshot - {}
RESULT: {}
COMMAND: POST /session/dc388682b4200c5e048280db36f00fb1/execute/sync - {"script":"<script> [299 bytes]","args":[["getModel","getResource"]]}
RESULT: {"script":"<script> [299 bytes]","args":[["getModel","getResource"]]}
COMMAND: GET /session/dc388682b4200c5e048280db36f00fb1/screenshot - {}
]]></system-out>
    </testcase>
    <testcase classname="chrome.136_0_7103_93.windows.Billing_Transfer_-_Master_data_&amp;_Intercompany_US127250" name="Should create a new site" time="115.524">
      <system-out><![CDATA[
COMMAND: POST /session/dc388682b4200c5e048280db36f00fb1/execute/async - {"script":"<script> [1562 bytes]","args":[{"selector":{"controlType":"sap.m.GenericTile","properties":{"header":"Manage Sites"}},"wdio_ui5_key":"sapm.GenericTile{\"header\":\"Manage Sites\"}"}]}
RESULT: {}
RESULT: {"script":"<script> [1562 bytes]","args":[{"selector":{"controlType":"sap.m.GenericTile","properties":{"header":"Manage Sites"}},"wdio_ui5_key":"sapm.GenericTile{\"header\":\"Manage Sites\"}"}]}
RESULT: undefined
COMMAND: POST /session/dc388682b4200c5e048280db36f00fb1/element - {"using":"xpath","value":"//*[@id=\"__tile40\"]"}
RESULT: {"using":"xpath","value":"//*[@id=\"__tile40\"]"}
COMMAND: POST /session/dc388682b4200c5e048280db36f00fb1/element/f.5DEB10E109CE1E7B94EA7693F5B1958D.d.C585627F9C0A024C928EBF1387070BC4.e.163/click - {}
RESULT: {}
COMMAND: GET /session/dc388682b4200c5e048280db36f00fb1/screenshot - {}
RESULT: {}
COMMAND: POST /session/dc388682b4200c5e048280db36f00fb1/elements - {"using":"xpath","value":"//span[text()='Error']"}
RESULT: {"using":"xpath","value":"//span[text()='Error']"}
COMMAND: POST /session/dc388682b4200c5e048280db36f00fb1/element - {"using":"xpath","value":"//button[@data-kt=\"addOverflowToolbarButton\"]"}
RESULT: {"using":"xpath","value":"//button[@data-kt=\"addOverflowToolbarButton\"]"}
COMMAND: POST /session/dc388682b4200c5e048280db36f00fb1/elements - {"using":"xpath","value":"//button[@data-kt=\"addOverflowToolbarButton\"]"}
RESULT: {"using":"xpath","value":"//button[@data-kt=\"addOverflowToolbarButton\"]"}
COMMAND: POST /session/dc388682b4200c5e048280db36f00fb1/execute/sync - {"script":"<script> [8489 bytes]","args":[{"element-6066-11e4-a52e-4f735466cecf":"f.5DEB10E109CE1E7B94EA7693F5B1958D.d.C585627F9C0A024C928EBF1387070BC4.e.1845","ELEMENT":"f.5DEB10E109CE1E7B94EA7693F5B1958D.d.C585627F9C0A024C928EBF1387070BC4.e.1845"}]}
RESULT: {"script":"<script> [8489 bytes]","args":[{"element-6066-11e4-a52e-4f735466cecf":"f.5DEB10E109CE1E7B94EA7693F5B1958D.d.C585627F9C0A024C928EBF1387070BC4.e.1845","ELEMENT":"f.5DEB10E109CE1E7B94EA7693F5B1958D.d.C585627F9C0A024C928EBF1387070BC4.e.1845"}]}
COMMAND: GET /session/dc388682b4200c5e048280db36f00fb1/element/f.5DEB10E109CE1E7B94EA7693F5B1958D.d.C585627F9C0A024C928EBF1387070BC4.e.1845/enabled - {}
COMMAND: GET /session/dc388682b4200c5e048280db36f00fb1/screenshot - {}
RESULT: {}
COMMAND: POST /session/dc388682b4200c5e048280db36f00fb1/execute/sync - {"script":"<script> [8489 bytes]","args":[{"element-6066-11e4-a52e-4f735466cecf":"f.5DEB10E109CE1E7B94EA7693F5B1958D.d.C585627F9C0A024C928EBF1387070BC4.e.1845","ELEMENT":"f.5DEB10E109CE1E7B94EA7693F5B1958D.d.C585627F9C0A024C928EBF1387070BC4.e.1845"}]}
COMMAND: GET /session/dc388682b4200c5e048280db36f00fb1/screenshot - {}
RESULT: {}
RESULT: {"script":"<script> [8489 bytes]","args":[{"element-6066-11e4-a52e-4f735466cecf":"f.5DEB10E109CE1E7B94EA7693F5B1958D.d.C585627F9C0A024C928EBF1387070BC4.e.1845","ELEMENT":"f.5DEB10E109CE1E7B94EA7693F5B1958D.d.C585627F9C0A024C928EBF1387070BC4.e.1845"}]}
COMMAND: POST /session/dc388682b4200c5e048280db36f00fb1/execute/sync - {"script":"<script> [5351 bytes]","args":[{"element-6066-11e4-a52e-4f735466cecf":"f.5DEB10E109CE1E7B94EA7693F5B1958D.d.C585627F9C0A024C928EBF1387070BC4.e.1845","ELEMENT":"f.5DEB10E109CE1E7B94EA7693F5B1958D.d.C585627F9C0A024C928EBF1387070BC4.e.1845"}]}
COMMAND: GET /session/dc388682b4200c5e048280db36f00fb1/screenshot - {}
RESULT: {}
RESULT: {"script":"<script> [5351 bytes]","args":[{"element-6066-11e4-a52e-4f735466cecf":"f.5DEB10E109CE1E7B94EA7693F5B1958D.d.C585627F9C0A024C928EBF1387070BC4.e.1845","ELEMENT":"f.5DEB10E109CE1E7B94EA7693F5B1958D.d.C585627F9C0A024C928EBF1387070BC4.e.1845"}]}
COMMAND: POST /session/dc388682b4200c5e048280db36f00fb1/element/f.5DEB10E109CE1E7B94EA7693F5B1958D.d.C585627F9C0A024C928EBF1387070BC4.e.1845/click - {}
COMMAND: GET /session/dc388682b4200c5e048280db36f00fb1/screenshot - {}
RESULT: {}
RESULT: {}
COMMAND: GET /session/dc388682b4200c5e048280db36f00fb1/screenshot - {}
COMMAND: POST /session/dc388682b4200c5e048280db36f00fb1/element - {"using":"xpath","value":"//input[@id=\"application-managesites-display-component---NewSite--siteId-inner\"]"}
RESULT: {}
RESULT: {}
RESULT: {"using":"xpath","value":"//input[@id=\"application-managesites-display-component---NewSite--siteId-inner\"]"}
COMMAND: POST /session/dc388682b4200c5e048280db36f00fb1/element - {"using":"xpath","value":"//input[@id=\"application-managesites-display-component---NewSite--siteId-inner\"]"}
RESULT: {"using":"xpath","value":"//input[@id=\"application-managesites-display-component---NewSite--siteId-inner\"]"}
COMMAND: POST /session/dc388682b4200c5e048280db36f00fb1/execute/async - {"script":"<script> [1562 bytes]","args":[{"selector":{"id":"application-managesites-display-component---NewSite--addressDetailDetailsName1","interaction":{"idSuffix":"inner"}},"wdio_ui5_key":"applicationmanagesites-display-component---NewSite--addressDetailDetailsName1"}]}
RESULT: {"script":"<script> [1562 bytes]","args":[{"selector":{"id":"application-managesites-display-component---NewSite--addressDetailDetailsName1","interaction":{"idSuffix":"inner"}},"wdio_ui5_key":"applicationmanagesites-display-component---NewSite--addressDetailDetailsName1"}]}
RESULT: undefined
COMMAND: POST /session/dc388682b4200c5e048280db36f00fb1/execute/async - {"script":"<script> [776 bytes]","args":[{"enterText":"Intercompany Site wdIO","selector":{"id":"application-managesites-display-component---NewSite--addressDetailDetailsName1","interaction":{"idSuffix":"inner"}},"clearTextFirst":true,"interactionType":"ENTER_TEXT"}]}
RESULT: {"script":"<script> [776 bytes]","args":[{"enterText":"Intercompany Site wdIO","selector":{"id":"application-managesites-display-component---NewSite--addressDetailDetailsName1","interaction":{"idSuffix":"inner"}},"clearTextFirst":true,"interactionType":"ENTER_TEXT"}]}
COMMAND: POST /session/dc388682b4200c5e048280db36f00fb1/execute/async - {"script":"<script> [1562 bytes]","args":[{"selector":{"id":"application-managesites-display-component---NewSite--addressDetailDetailsLanguage-arrow"},"wdio_ui5_key":"applicationmanagesites-display-component---NewSite--addressDetailDetailsLanguage-arrow"}]}
RESULT: {"script":"<script> [1562 bytes]","args":[{"selector":{"id":"application-managesites-display-component---NewSite--addressDetailDetailsLanguage-arrow"},"wdio_ui5_key":"applicationmanagesites-display-component---NewSite--addressDetailDetailsLanguage-arrow"}]}
RESULT: undefined
COMMAND: POST /session/dc388682b4200c5e048280db36f00fb1/element - {"using":"xpath","value":"//*[@id=\"application-managesites-display-component---NewSite--addressDetailDetailsLanguage-arrow\"]"}
RESULT: {"using":"xpath","value":"//*[@id=\"application-managesites-display-component---NewSite--addressDetailDetailsLanguage-arrow\"]"}
COMMAND: POST /session/dc388682b4200c5e048280db36f00fb1/element/f.5DEB10E109CE1E7B94EA7693F5B1958D.d.C585627F9C0A024C928EBF1387070BC4.e.2476/click - {}
RESULT: {}
COMMAND: POST /session/dc388682b4200c5e048280db36f00fb1/element - {"using":"xpath","value":"//span[contains(text(), \"English\")]"}
COMMAND: GET /session/dc388682b4200c5e048280db36f00fb1/screenshot - {}
RESULT: {"using":"xpath","value":"//span[contains(text(), \"English\")]"}
COMMAND: POST /session/dc388682b4200c5e048280db36f00fb1/element/f.5DEB10E109CE1E7B94EA7693F5B1958D.d.C585627F9C0A024C928EBF1387070BC4.e.2477/click - {}
RESULT: {}
RESULT: {}
COMMAND: POST /session/dc388682b4200c5e048280db36f00fb1/execute/async - {"script":"<script> [1562 bytes]","args":[{"selector":{"id":"application-managesites-display-component---NewSite--addressDetailDetailsCity1","interaction":{"idSuffix":"inner"}},"wdio_ui5_key":"applicationmanagesites-display-component---NewSite--addressDetailDetailsCity1"}]}
COMMAND: GET /session/dc388682b4200c5e048280db36f00fb1/screenshot - {}
RESULT: {"script":"<script> [1562 bytes]","args":[{"selector":{"id":"application-managesites-display-component---NewSite--addressDetailDetailsCity1","interaction":{"idSuffix":"inner"}},"wdio_ui5_key":"applicationmanagesites-display-component---NewSite--addressDetailDetailsCity1"}]}
RESULT: undefined
COMMAND: POST /session/dc388682b4200c5e048280db36f00fb1/execute/async - {"script":"<script> [776 bytes]","args":[{"enterText":"Rosario","selector":{"id":"application-managesites-display-component---NewSite--addressDetailDetailsCity1","interaction":{"idSuffix":"inner"}},"clearTextFirst":true,"interactionType":"ENTER_TEXT"}]}
RESULT: {}
RESULT: {"script":"<script> [776 bytes]","args":[{"enterText":"Rosario","selector":{"id":"application-managesites-display-component---NewSite--addressDetailDetailsCity1","interaction":{"idSuffix":"inner"}},"clearTextFirst":true,"interactionType":"ENTER_TEXT"}]}
COMMAND: POST /session/dc388682b4200c5e048280db36f00fb1/execute/async - {"script":"<script> [1562 bytes]","args":[{"selector":{"id":"application-managesites-display-component---NewSite--addressDetailDetailsCountry-arrow"},"wdio_ui5_key":"applicationmanagesites-display-component---NewSite--addressDetailDetailsCountry-arrow"}]}
RESULT: {"script":"<script> [1562 bytes]","args":[{"selector":{"id":"application-managesites-display-component---NewSite--addressDetailDetailsCountry-arrow"},"wdio_ui5_key":"applicationmanagesites-display-component---NewSite--addressDetailDetailsCountry-arrow"}]}
RESULT: undefined
COMMAND: POST /session/dc388682b4200c5e048280db36f00fb1/element - {"using":"xpath","value":"//*[@id=\"application-managesites-display-component---NewSite--addressDetailDetailsCountry-arrow\"]"}
RESULT: {"using":"xpath","value":"//*[@id=\"application-managesites-display-component---NewSite--addressDetailDetailsCountry-arrow\"]"}
COMMAND: POST /session/dc388682b4200c5e048280db36f00fb1/element/f.5DEB10E109CE1E7B94EA7693F5B1958D.d.C585627F9C0A024C928EBF1387070BC4.e.2479/click - {}
RESULT: {}
COMMAND: POST /session/dc388682b4200c5e048280db36f00fb1/element - {"using":"xpath","value":"//span[contains(text(), \"Argentina\")]"}
COMMAND: GET /session/dc388682b4200c5e048280db36f00fb1/screenshot - {}
RESULT: {"using":"xpath","value":"//span[contains(text(), \"Argentina\")]"}
COMMAND: POST /session/dc388682b4200c5e048280db36f00fb1/element/f.5DEB10E109CE1E7B94EA7693F5B1958D.d.C585627F9C0A024C928EBF1387070BC4.e.2480/click - {}
RESULT: {}
RESULT: {}
COMMAND: GET /session/dc388682b4200c5e048280db36f00fb1/screenshot - {}
RESULT: {}
COMMAND: POST /session/dc388682b4200c5e048280db36f00fb1/execute/async - {"script":"<script> [1562 bytes]","args":[{"selector":{"id":"application-managesites-display-component---NewSite--addressEditDetailsCostObjectCstType-arrow"},"wdio_ui5_key":"applicationmanagesites-display-component---NewSite--addressEditDetailsCostObjectCstType-arrow"}]}
RESULT: {"script":"<script> [1562 bytes]","args":[{"selector":{"id":"application-managesites-display-component---NewSite--addressEditDetailsCostObjectCstType-arrow"},"wdio_ui5_key":"applicationmanagesites-display-component---NewSite--addressEditDetailsCostObjectCstType-arrow"}]}
RESULT: undefined
COMMAND: POST /session/dc388682b4200c5e048280db36f00fb1/element - {"using":"xpath","value":"//*[@id=\"application-managesites-display-component---NewSite--addressEditDetailsCostObjectCstType-arrow\"]"}
RESULT: {"using":"xpath","value":"//*[@id=\"application-managesites-display-component---NewSite--addressEditDetailsCostObjectCstType-arrow\"]"}
COMMAND: POST /session/dc388682b4200c5e048280db36f00fb1/element/f.5DEB10E109CE1E7B94EA7693F5B1958D.d.C585627F9C0A024C928EBF1387070BC4.e.2482/click - {}
RESULT: {}
COMMAND: POST /session/dc388682b4200c5e048280db36f00fb1/element - {"using":"xpath","value":"//span[contains(text(), \"Cost Center\")]"}
COMMAND: GET /session/dc388682b4200c5e048280db36f00fb1/screenshot - {}
RESULT: {"using":"xpath","value":"//span[contains(text(), \"Cost Center\")]"}
COMMAND: POST /session/dc388682b4200c5e048280db36f00fb1/element/f.5DEB10E109CE1E7B94EA7693F5B1958D.d.C585627F9C0A024C928EBF1387070BC4.e.2484/click - {}
RESULT: {}
RESULT: {}
COMMAND: GET /session/dc388682b4200c5e048280db36f00fb1/screenshot - {}
RESULT: {}
COMMAND: POST /session/dc388682b4200c5e048280db36f00fb1/element - {"using":"xpath","value":"//span[@id=\"application-managesites-display-component---NewSite--addressNewCostObjectCstID-vhi\"]"}
RESULT: {"using":"xpath","value":"//span[@id=\"application-managesites-display-component---NewSite--addressNewCostObjectCstID-vhi\"]"}
COMMAND: POST /session/dc388682b4200c5e048280db36f00fb1/execute/sync - {"script":"<script> [8489 bytes]","args":[{"element-6066-11e4-a52e-4f735466cecf":"f.5DEB10E109CE1E7B94EA7693F5B1958D.d.C585627F9C0A024C928EBF1387070BC4.e.2488","ELEMENT":"f.5DEB10E109CE1E7B94EA7693F5B1958D.d.C585627F9C0A024C928EBF1387070BC4.e.2488"}]}
RESULT: {"script":"<script> [8489 bytes]","args":[{"element-6066-11e4-a52e-4f735466cecf":"f.5DEB10E109CE1E7B94EA7693F5B1958D.d.C585627F9C0A024C928EBF1387070BC4.e.2488","ELEMENT":"f.5DEB10E109CE1E7B94EA7693F5B1958D.d.C585627F9C0A024C928EBF1387070BC4.e.2488"}]}
COMMAND: POST /session/dc388682b4200c5e048280db36f00fb1/execute/async - {"script":"<script> [1562 bytes]","args":[{"selector":{"id":"application-managesites-display-component---NewSite--addressNewCostObjectCstID-vhi"},"wdio_ui5_key":"applicationmanagesites-display-component---NewSite--addressNewCostObjectCstID-vhi"}]}
COMMAND: GET /session/dc388682b4200c5e048280db36f00fb1/screenshot - {}
RESULT: {"script":"<script> [1562 bytes]","args":[{"selector":{"id":"application-managesites-display-component---NewSite--addressNewCostObjectCstID-vhi"},"wdio_ui5_key":"applicationmanagesites-display-component---NewSite--addressNewCostObjectCstID-vhi"}]}
RESULT: undefined
COMMAND: POST /session/dc388682b4200c5e048280db36f00fb1/element - {"using":"xpath","value":"//*[@id=\"application-managesites-display-component---NewSite--addressNewCostObjectCstID-vhi\"]"}
RESULT: {}
RESULT: {"using":"xpath","value":"//*[@id=\"application-managesites-display-component---NewSite--addressNewCostObjectCstID-vhi\"]"}
COMMAND: POST /session/dc388682b4200c5e048280db36f00fb1/element/f.5DEB10E109CE1E7B94EA7693F5B1958D.d.C585627F9C0A024C928EBF1387070BC4.e.2488/click - {}
RESULT: {}
COMMAND: GET /session/dc388682b4200c5e048280db36f00fb1/screenshot - {}
RESULT: {}
RESULT: undefined
COMMAND: POST /session/dc388682b4200c5e048280db36f00fb1/execute/async - {"script":"<script> [776 bytes]","args":[{"enterText":"10001013","selector":{"controlType":"sap.m.SearchField","properties":{"placeholder":"Search"},"searchOpenDialogs":true,"interaction":{"idSuffix":"I"}},"clearTextFirst":true,"interactionType":"ENTER_TEXT"}]}
RESULT: {"script":"<script> [776 bytes]","args":[{"enterText":"10001013","selector":{"controlType":"sap.m.SearchField","properties":{"placeholder":"Search"},"searchOpenDialogs":true,"interaction":{"idSuffix":"I"}},"clearTextFirst":true,"interactionType":"ENTER_TEXT"}]}
COMMAND: POST /session/dc388682b4200c5e048280db36f00fb1/actions - {"actions":[{"id":"action6","type":"key","parameters":{},"actions":[{"type":"keyDown","value":"î€‡"},{"type":"pause","duration":10},{"type":"keyUp","value":"î€‡"}]}]}
RESULT: {"actions":[{"id":"action6","type":"key","parameters":{},"actions":[{"type":"keyDown","value":"î€‡"},{"type":"pause","duration":10},{"type":"keyUp","value":"î€‡"}]}]}
COMMAND: GET /session/dc388682b4200c5e048280db36f00fb1/screenshot - {}
RESULT: {}
COMMAND: POST /session/dc388682b4200c5e048280db36f00fb1/element - {"using":"xpath","value":"//span[contains(text(), \"General Management\")]"}
RESULT: {"using":"xpath","value":"//span[contains(text(), \"General Management\")]"}
COMMAND: POST /session/dc388682b4200c5e048280db36f00fb1/element/f.5DEB10E109CE1E7B94EA7693F5B1958D.d.C585627F9C0A024C928EBF1387070BC4.e.2527/click - {}
RESULT: {}
COMMAND: GET /session/dc388682b4200c5e048280db36f00fb1/screenshot - {}
RESULT: {}
COMMAND: POST /session/dc388682b4200c5e048280db36f00fb1/element - {"using":"xpath","value":"//bdi[contains(text(), \"OK\")]"}
RESULT: {"using":"xpath","value":"//bdi[contains(text(), \"OK\")]"}
COMMAND: POST /session/dc388682b4200c5e048280db36f00fb1/element/f.5DEB10E109CE1E7B94EA7693F5B1958D.d.C585627F9C0A024C928EBF1387070BC4.e.2528/click - {}
RESULT: {}
COMMAND: GET /session/dc388682b4200c5e048280db36f00fb1/screenshot - {}
RESULT: {}
COMMAND: POST /session/dc388682b4200c5e048280db36f00fb1/element - {"using":"xpath","value":"//input[@id=\"application-managesites-display-component---NewSite--addressDetailDetailsCalendar-inner\"]"}
RESULT: {"using":"xpath","value":"//input[@id=\"application-managesites-display-component---NewSite--addressDetailDetailsCalendar-inner\"]"}
COMMAND: POST /session/dc388682b4200c5e048280db36f00fb1/element/f.5DEB10E109CE1E7B94EA7693F5B1958D.d.C585627F9C0A024C928EBF1387070BC4.e.2287/clear - {}
RESULT: {}
COMMAND: POST /session/dc388682b4200c5e048280db36f00fb1/element/f.5DEB10E109CE1E7B94EA7693F5B1958D.d.C585627F9C0A024C928EBF1387070BC4.e.2287/value - {"text":"Unit"}
COMMAND: GET /session/dc388682b4200c5e048280db36f00fb1/screenshot - {}
RESULT: {"text":"Unit"}
COMMAND: GET /session/dc388682b4200c5e048280db36f00fb1/screenshot - {}
RESULT: {}
RESULT: {}
COMMAND: POST /session/dc388682b4200c5e048280db36f00fb1/actions - {"actions":[{"id":"action7","type":"key","parameters":{},"actions":[{"type":"keyDown","value":"î€‡"},{"type":"pause","duration":10},{"type":"keyUp","value":"î€‡"}]}]}
RESULT: {"actions":[{"id":"action7","type":"key","parameters":{},"actions":[{"type":"keyDown","value":"î€‡"},{"type":"pause","duration":10},{"type":"keyUp","value":"î€‡"}]}]}
COMMAND: POST /session/dc388682b4200c5e048280db36f00fb1/element - {"using":"xpath","value":"//input[@id=\"application-managesites-display-component---NewSite--addressDetailDetailsYard-inner\"]"}
COMMAND: GET /session/dc388682b4200c5e048280db36f00fb1/screenshot - {}
RESULT: {"using":"xpath","value":"//input[@id=\"application-managesites-display-component---NewSite--addressDetailDetailsYard-inner\"]"}
COMMAND: POST /session/dc388682b4200c5e048280db36f00fb1/element/f.5DEB10E109CE1E7B94EA7693F5B1958D.d.C585627F9C0A024C928EBF1387070BC4.e.2288/clear - {}
RESULT: {}
RESULT: {}
COMMAND: POST /session/dc388682b4200c5e048280db36f00fb1/element/f.5DEB10E109CE1E7B94EA7693F5B1958D.d.C585627F9C0A024C928EBF1387070BC4.e.2288/value - {"text":"434"}
COMMAND: GET /session/dc388682b4200c5e048280db36f00fb1/screenshot - {}
RESULT: {"text":"434"}
COMMAND: GET /session/dc388682b4200c5e048280db36f00fb1/screenshot - {}
RESULT: {}
RESULT: {}
COMMAND: POST /session/dc388682b4200c5e048280db36f00fb1/element - {"using":"xpath","value":"//li[.//span[text()='434']]"}
RESULT: {"using":"xpath","value":"//li[.//span[text()='434']]"}
COMMAND: POST /session/dc388682b4200c5e048280db36f00fb1/element/f.5DEB10E109CE1E7B94EA7693F5B1958D.d.C585627F9C0A024C928EBF1387070BC4.e.2536/click - {}
RESULT: {}
COMMAND: GET /session/dc388682b4200c5e048280db36f00fb1/screenshot - {}
RESULT: {}
COMMAND: POST /session/dc388682b4200c5e048280db36f00fb1/element - {"using":"xpath","value":"//input[@id=\"application-managesites-display-component---NewSite--addressDetailDetailsPartner-inner\"]"}
RESULT: {"using":"xpath","value":"//input[@id=\"application-managesites-display-component---NewSite--addressDetailDetailsPartner-inner\"]"}
COMMAND: POST /session/dc388682b4200c5e048280db36f00fb1/element - {"using":"xpath","value":"//input[@id=\"application-managesites-display-component---NewSite--addressDetailDetailsPartner-inner\"]"}
RESULT: {"using":"xpath","value":"//input[@id=\"application-managesites-display-component---NewSite--addressDetailDetailsPartner-inner\"]"}
COMMAND: POST /session/dc388682b4200c5e048280db36f00fb1/element - {"using":"xpath","value":"//button[@data-kt=\"saveButton\"]"}
RESULT: {"using":"xpath","value":"//button[@data-kt=\"saveButton\"]"}
COMMAND: POST /session/dc388682b4200c5e048280db36f00fb1/element/f.5DEB10E109CE1E7B94EA7693F5B1958D.d.C585627F9C0A024C928EBF1387070BC4.e.2419/click - {}
RESULT: {}
COMMAND: GET /session/dc388682b4200c5e048280db36f00fb1/screenshot - {}
RESULT: {}
COMMAND: POST /session/dc388682b4200c5e048280db36f00fb1/element - {"using":"xpath","value":"//header[contains(@id, 'ObjectPageLayout-headerTitle')]/div[1]/div[2]/div[2]/span[1]"}
RESULT: {"using":"xpath","value":"//header[contains(@id, 'ObjectPageLayout-headerTitle')]/div[1]/div[2]/div[2]/span[1]"}
COMMAND: POST /session/dc388682b4200c5e048280db36f00fb1/elements - {"using":"xpath","value":"//header[contains(@id, 'ObjectPageLayout-headerTitle')]/div[1]/div[2]/div[2]/span[1]"}
RESULT: {"using":"xpath","value":"//header[contains(@id, 'ObjectPageLayout-headerTitle')]/div[1]/div[2]/div[2]/span[1]"}
COMMAND: POST /session/dc388682b4200c5e048280db36f00fb1/execute/sync - {"script":"<script> [56 bytes]","args":[{"element-6066-11e4-a52e-4f735466cecf":"f.5DEB10E109CE1E7B94EA7693F5B1958D.d.C585627F9C0A024C928EBF1387070BC4.e.2740","ELEMENT":"f.5DEB10E109CE1E7B94EA7693F5B1958D.d.C585627F9C0A024C928EBF1387070BC4.e.2740"}]}
RESULT: {"script":"<script> [56 bytes]","args":[{"element-6066-11e4-a52e-4f735466cecf":"f.5DEB10E109CE1E7B94EA7693F5B1958D.d.C585627F9C0A024C928EBF1387070BC4.e.2740","ELEMENT":"f.5DEB10E109CE1E7B94EA7693F5B1958D.d.C585627F9C0A024C928EBF1387070BC4.e.2740"}]}
COMMAND: POST /session/dc388682b4200c5e048280db36f00fb1/element - {"using":"css selector","value":"#shell-header-logo"}
COMMAND: GET /session/dc388682b4200c5e048280db36f00fb1/screenshot - {}
RESULT: {"using":"css selector","value":"#shell-header-logo"}
COMMAND: POST /session/dc388682b4200c5e048280db36f00fb1/element/f.5DEB10E109CE1E7B94EA7693F5B1958D.d.C585627F9C0A024C928EBF1387070BC4.e.1811/click - {}
RESULT: {}
RESULT: {}
COMMAND: GET /session/dc388682b4200c5e048280db36f00fb1/screenshot - {}
RESULT: {}
COMMAND: POST /session/dc388682b4200c5e048280db36f00fb1/execute/sync - {"script":"<script> [299 bytes]","args":[["getModel","getResource"]]}
RESULT: {"script":"<script> [299 bytes]","args":[["getModel","getResource"]]}
COMMAND: GET /session/dc388682b4200c5e048280db36f00fb1/screenshot - {}
]]></system-out>
    </testcase>
    <testcase classname="chrome.136_0_7103_93.windows.Billing_Transfer_-_Master_data_&amp;_Intercompany_US127250" name="Should create a new equipment" time="140.049">
      <system-out><![CDATA[
RESULT: {}
COMMAND: POST /session/dc388682b4200c5e048280db36f00fb1/execute/async - {"script":"<script> [1562 bytes]","args":[{"selector":{"controlType":"sap.m.GenericTile","properties":{"header":"Manage Resources"}},"wdio_ui5_key":"sapm.GenericTile{\"header\":\"Manage Resources\"}"}]}
RESULT: {"script":"<script> [1562 bytes]","args":[{"selector":{"controlType":"sap.m.GenericTile","properties":{"header":"Manage Resources"}},"wdio_ui5_key":"sapm.GenericTile{\"header\":\"Manage Resources\"}"}]}
RESULT: undefined
COMMAND: POST /session/dc388682b4200c5e048280db36f00fb1/element - {"using":"xpath","value":"//*[@id=\"__tile39\"]"}
RESULT: {"using":"xpath","value":"//*[@id=\"__tile39\"]"}
COMMAND: POST /session/dc388682b4200c5e048280db36f00fb1/element/f.5DEB10E109CE1E7B94EA7693F5B1958D.d.C585627F9C0A024C928EBF1387070BC4.e.160/click - {}
RESULT: {}
COMMAND: GET /session/dc388682b4200c5e048280db36f00fb1/screenshot - {}
RESULT: {}
COMMAND: POST /session/dc388682b4200c5e048280db36f00fb1/elements - {"using":"xpath","value":"//span[text()='Error']"}
RESULT: {"using":"xpath","value":"//span[text()='Error']"}
COMMAND: POST /session/dc388682b4200c5e048280db36f00fb1/element - {"using":"xpath","value":"//button[@data-kt=\"addNewRUOverflowToolbarButton\"]"}
RESULT: {"using":"xpath","value":"//button[@data-kt=\"addNewRUOverflowToolbarButton\"]"}
COMMAND: POST /session/dc388682b4200c5e048280db36f00fb1/elements - {"using":"xpath","value":"//button[@data-kt=\"addNewRUOverflowToolbarButton\"]"}
RESULT: {"using":"xpath","value":"//button[@data-kt=\"addNewRUOverflowToolbarButton\"]"}
COMMAND: POST /session/dc388682b4200c5e048280db36f00fb1/elements - {"using":"xpath","value":"//button[@data-kt=\"addNewRUOverflowToolbarButton\"]"}
RESULT: {"using":"xpath","value":"//button[@data-kt=\"addNewRUOverflowToolbarButton\"]"}
COMMAND: POST /session/dc388682b4200c5e048280db36f00fb1/element - {"using":"xpath","value":"//button[@data-kt=\"addNewRUOverflowToolbarButton\"]"}
RESULT: {"using":"xpath","value":"//button[@data-kt=\"addNewRUOverflowToolbarButton\"]"}
COMMAND: POST /session/dc388682b4200c5e048280db36f00fb1/execute/sync - {"script":"<script> [8489 bytes]","args":[{"element-6066-11e4-a52e-4f735466cecf":"f.5DEB10E109CE1E7B94EA7693F5B1958D.d.C585627F9C0A024C928EBF1387070BC4.e.2782","ELEMENT":"f.5DEB10E109CE1E7B94EA7693F5B1958D.d.C585627F9C0A024C928EBF1387070BC4.e.2782"}]}
RESULT: {"script":"<script> [8489 bytes]","args":[{"element-6066-11e4-a52e-4f735466cecf":"f.5DEB10E109CE1E7B94EA7693F5B1958D.d.C585627F9C0A024C928EBF1387070BC4.e.2782","ELEMENT":"f.5DEB10E109CE1E7B94EA7693F5B1958D.d.C585627F9C0A024C928EBF1387070BC4.e.2782"}]}
COMMAND: GET /session/dc388682b4200c5e048280db36f00fb1/element/f.5DEB10E109CE1E7B94EA7693F5B1958D.d.C585627F9C0A024C928EBF1387070BC4.e.2782/enabled - {}
COMMAND: GET /session/dc388682b4200c5e048280db36f00fb1/screenshot - {}
RESULT: {}
COMMAND: POST /session/dc388682b4200c5e048280db36f00fb1/execute/sync - {"script":"<script> [8489 bytes]","args":[{"element-6066-11e4-a52e-4f735466cecf":"f.5DEB10E109CE1E7B94EA7693F5B1958D.d.C585627F9C0A024C928EBF1387070BC4.e.2782","ELEMENT":"f.5DEB10E109CE1E7B94EA7693F5B1958D.d.C585627F9C0A024C928EBF1387070BC4.e.2782"}]}
COMMAND: GET /session/dc388682b4200c5e048280db36f00fb1/screenshot - {}
RESULT: {}
RESULT: {"script":"<script> [8489 bytes]","args":[{"element-6066-11e4-a52e-4f735466cecf":"f.5DEB10E109CE1E7B94EA7693F5B1958D.d.C585627F9C0A024C928EBF1387070BC4.e.2782","ELEMENT":"f.5DEB10E109CE1E7B94EA7693F5B1958D.d.C585627F9C0A024C928EBF1387070BC4.e.2782"}]}
COMMAND: POST /session/dc388682b4200c5e048280db36f00fb1/execute/sync - {"script":"<script> [5351 bytes]","args":[{"element-6066-11e4-a52e-4f735466cecf":"f.5DEB10E109CE1E7B94EA7693F5B1958D.d.C585627F9C0A024C928EBF1387070BC4.e.2782","ELEMENT":"f.5DEB10E109CE1E7B94EA7693F5B1958D.d.C585627F9C0A024C928EBF1387070BC4.e.2782"}]}
RESULT: {}
RESULT: {"script":"<script> [5351 bytes]","args":[{"element-6066-11e4-a52e-4f735466cecf":"f.5DEB10E109CE1E7B94EA7693F5B1958D.d.C585627F9C0A024C928EBF1387070BC4.e.2782","ELEMENT":"f.5DEB10E109CE1E7B94EA7693F5B1958D.d.C585627F9C0A024C928EBF1387070BC4.e.2782"}]}
COMMAND: POST /session/dc388682b4200c5e048280db36f00fb1/element/f.5DEB10E109CE1E7B94EA7693F5B1958D.d.C585627F9C0A024C928EBF1387070BC4.e.2782/click - {}
RESULT: {}
COMMAND: GET /session/dc388682b4200c5e048280db36f00fb1/screenshot - {}
COMMAND: GET /session/dc388682b4200c5e048280db36f00fb1/screenshot - {}
COMMAND: GET /session/dc388682b4200c5e048280db36f00fb1/screenshot - {}
RESULT: {}
RESULT: {}
COMMAND: POST /session/dc388682b4200c5e048280db36f00fb1/execute/async - {"script":"<script> [1562 bytes]","args":[{"selector":{"id":"application-manageresources-display-component---newResourceUnit--TYPE-arrow"},"wdio_ui5_key":"applicationmanageresources-display-component---newResourceUnit--TYPE-arrow"}]}
RESULT: {}
RESULT: {"script":"<script> [1562 bytes]","args":[{"selector":{"id":"application-manageresources-display-component---newResourceUnit--TYPE-arrow"},"wdio_ui5_key":"applicationmanageresources-display-component---newResourceUnit--TYPE-arrow"}]}
RESULT: undefined
COMMAND: POST /session/dc388682b4200c5e048280db36f00fb1/element - {"using":"xpath","value":"//*[@id=\"application-manageresources-display-component---newResourceUnit--TYPE-arrow\"]"}
RESULT: {"using":"xpath","value":"//*[@id=\"application-manageresources-display-component---newResourceUnit--TYPE-arrow\"]"}
COMMAND: POST /session/dc388682b4200c5e048280db36f00fb1/element/f.5DEB10E109CE1E7B94EA7693F5B1958D.d.C585627F9C0A024C928EBF1387070BC4.e.3125/click - {}
RESULT: {}
COMMAND: POST /session/dc388682b4200c5e048280db36f00fb1/element - {"using":"xpath","value":"//input[@id=\"application-manageresources-display-component---newResourceUnit--TYPE-inner\"]"}
COMMAND: GET /session/dc388682b4200c5e048280db36f00fb1/screenshot - {}
RESULT: {"using":"xpath","value":"//input[@id=\"application-manageresources-display-component---newResourceUnit--TYPE-inner\"]"}
COMMAND: POST /session/dc388682b4200c5e048280db36f00fb1/element/f.5DEB10E109CE1E7B94EA7693F5B1958D.d.C585627F9C0A024C928EBF1387070BC4.e.3121/clear - {}
RESULT: {}
RESULT: {}
COMMAND: POST /session/dc388682b4200c5e048280db36f00fb1/element/f.5DEB10E109CE1E7B94EA7693F5B1958D.d.C585627F9C0A024C928EBF1387070BC4.e.3121/value - {"text":"Equipment"}
COMMAND: GET /session/dc388682b4200c5e048280db36f00fb1/screenshot - {}
RESULT: {"text":"Equipment"}
COMMAND: GET /session/dc388682b4200c5e048280db36f00fb1/screenshot - {}
RESULT: {}
RESULT: {}
COMMAND: POST /session/dc388682b4200c5e048280db36f00fb1/actions - {"actions":[{"id":"action8","type":"key","parameters":{},"actions":[{"type":"keyDown","value":"î€‡"},{"type":"pause","duration":10},{"type":"keyUp","value":"î€‡"}]}]}
RESULT: {"actions":[{"id":"action8","type":"key","parameters":{},"actions":[{"type":"keyDown","value":"î€‡"},{"type":"pause","duration":10},{"type":"keyUp","value":"î€‡"}]}]}
COMMAND: POST /session/dc388682b4200c5e048280db36f00fb1/execute/async - {"script":"<script> [1562 bytes]","args":[{"selector":{"id":"application-manageresources-display-component---newResourceUnit--resourceId","interaction":{"idSuffix":"inner"}},"wdio_ui5_key":"applicationmanageresources-display-component---newResourceUnit--resourceId"}]}
COMMAND: GET /session/dc388682b4200c5e048280db36f00fb1/screenshot - {}
RESULT: {"script":"<script> [1562 bytes]","args":[{"selector":{"id":"application-manageresources-display-component---newResourceUnit--resourceId","interaction":{"idSuffix":"inner"}},"wdio_ui5_key":"applicationmanageresources-display-component---newResourceUnit--resourceId"}]}
RESULT: undefined
COMMAND: POST /session/dc388682b4200c5e048280db36f00fb1/execute/async - {"script":"<script> [776 bytes]","args":[{"enterText":"1j4zT2uUwQ","selector":{"id":"application-manageresources-display-component---newResourceUnit--resourceId","interaction":{"idSuffix":"inner"}},"clearTextFirst":true,"interactionType":"ENTER_TEXT"}]}
RESULT: {}
RESULT: {"script":"<script> [776 bytes]","args":[{"enterText":"1j4zT2uUwQ","selector":{"id":"application-manageresources-display-component---newResourceUnit--resourceId","interaction":{"idSuffix":"inner"}},"clearTextFirst":true,"interactionType":"ENTER_TEXT"}]}
COMMAND: POST /session/dc388682b4200c5e048280db36f00fb1/execute/async - {"script":"<script> [1562 bytes]","args":[{"selector":{"id":"application-manageresources-display-component---newResourceUnit--SHORT_TEXT","interaction":{"idSuffix":"inner"}},"wdio_ui5_key":"applicationmanageresources-display-component---newResourceUnit--SHORT_TEXT"}]}
RESULT: {"script":"<script> [1562 bytes]","args":[{"selector":{"id":"application-manageresources-display-component---newResourceUnit--SHORT_TEXT","interaction":{"idSuffix":"inner"}},"wdio_ui5_key":"applicationmanageresources-display-component---newResourceUnit--SHORT_TEXT"}]}
RESULT: undefined
COMMAND: POST /session/dc388682b4200c5e048280db36f00fb1/execute/async - {"script":"<script> [776 bytes]","args":[{"enterText":"Intercompany Equipment WDIO","selector":{"id":"application-manageresources-display-component---newResourceUnit--SHORT_TEXT","interaction":{"idSuffix":"inner"}},"clearTextFirst":true,"interactionType":"ENTER_TEXT"}]}
RESULT: {"script":"<script> [776 bytes]","args":[{"enterText":"Intercompany Equipment WDIO","selector":{"id":"application-manageresources-display-component---newResourceUnit--SHORT_TEXT","interaction":{"idSuffix":"inner"}},"clearTextFirst":true,"interactionType":"ENTER_TEXT"}]}
COMMAND: POST /session/dc388682b4200c5e048280db36f00fb1/execute/async - {"script":"<script> [1562 bytes]","args":[{"selector":{"id":"application-manageresources-display-component---newResourceUnit--BASE_UNIT_OF_MEASURE","interaction":{"idSuffix":"inner"}},"wdio_ui5_key":"applicationmanageresources-display-component---newResourceUnit--BASE_UNIT_OF_MEASURE"}]}
RESULT: {"script":"<script> [1562 bytes]","args":[{"selector":{"id":"application-manageresources-display-component---newResourceUnit--BASE_UNIT_OF_MEASURE","interaction":{"idSuffix":"inner"}},"wdio_ui5_key":"applicationmanageresources-display-component---newResourceUnit--BASE_UNIT_OF_MEASURE"}]}
RESULT: undefined
COMMAND: POST /session/dc388682b4200c5e048280db36f00fb1/execute/async - {"script":"<script> [776 bytes]","args":[{"enterText":"Piece","selector":{"id":"application-manageresources-display-component---newResourceUnit--BASE_UNIT_OF_MEASURE","interaction":{"idSuffix":"inner"}},"clearTextFirst":true,"interactionType":"ENTER_TEXT"}]}
RESULT: {"script":"<script> [776 bytes]","args":[{"enterText":"Piece","selector":{"id":"application-manageresources-display-component---newResourceUnit--BASE_UNIT_OF_MEASURE","interaction":{"idSuffix":"inner"}},"clearTextFirst":true,"interactionType":"ENTER_TEXT"}]}
COMMAND: POST /session/dc388682b4200c5e048280db36f00fb1/execute/async - {"script":"<script> [1562 bytes]","args":[{"selector":{"id":"application-manageresources-display-component---newResourceUnit--WEIGHT_UNIT","interaction":{"idSuffix":"inner"}},"wdio_ui5_key":"applicationmanageresources-display-component---newResourceUnit--WEIGHT_UNIT"}]}
RESULT: {"script":"<script> [1562 bytes]","args":[{"selector":{"id":"application-manageresources-display-component---newResourceUnit--WEIGHT_UNIT","interaction":{"idSuffix":"inner"}},"wdio_ui5_key":"applicationmanageresources-display-component---newResourceUnit--WEIGHT_UNIT"}]}
RESULT: undefined
COMMAND: POST /session/dc388682b4200c5e048280db36f00fb1/execute/async - {"script":"<script> [776 bytes]","args":[{"enterText":"Gram","selector":{"id":"application-manageresources-display-component---newResourceUnit--WEIGHT_UNIT","interaction":{"idSuffix":"inner"}},"clearTextFirst":true,"interactionType":"ENTER_TEXT"}]}
RESULT: {"script":"<script> [776 bytes]","args":[{"enterText":"Gram","selector":{"id":"application-manageresources-display-component---newResourceUnit--WEIGHT_UNIT","interaction":{"idSuffix":"inner"}},"clearTextFirst":true,"interactionType":"ENTER_TEXT"}]}
COMMAND: POST /session/dc388682b4200c5e048280db36f00fb1/execute/async - {"script":"<script> [1562 bytes]","args":[{"selector":{"id":"application-manageresources-display-component---newResourceUnit--DIMENSION_UNIT","interaction":{"idSuffix":"inner"}},"wdio_ui5_key":"applicationmanageresources-display-component---newResourceUnit--DIMENSION_UNIT"}]}
RESULT: {"script":"<script> [1562 bytes]","args":[{"selector":{"id":"application-manageresources-display-component---newResourceUnit--DIMENSION_UNIT","interaction":{"idSuffix":"inner"}},"wdio_ui5_key":"applicationmanageresources-display-component---newResourceUnit--DIMENSION_UNIT"}]}
RESULT: undefined
COMMAND: POST /session/dc388682b4200c5e048280db36f00fb1/execute/async - {"script":"<script> [776 bytes]","args":[{"enterText":"Meter","selector":{"id":"application-manageresources-display-component---newResourceUnit--DIMENSION_UNIT","interaction":{"idSuffix":"inner"}},"clearTextFirst":true,"interactionType":"ENTER_TEXT"}]}
RESULT: {"script":"<script> [776 bytes]","args":[{"enterText":"Meter","selector":{"id":"application-manageresources-display-component---newResourceUnit--DIMENSION_UNIT","interaction":{"idSuffix":"inner"}},"clearTextFirst":true,"interactionType":"ENTER_TEXT"}]}
COMMAND: POST /session/dc388682b4200c5e048280db36f00fb1/execute/async - {"script":"<script> [1562 bytes]","args":[{"selector":{"id":"application-manageresources-display-component---newResourceUnit--newRRUPage-anchBar-application-manageresources-display-component---newResourceUnit--control-anchor","interaction":{"idSuffix":"BDI-content"}},"wdio_ui5_key":"applicationmanageresources-display-component---newResourceUnit--newRRUPage-anchBar-application-manageresources-display-component---newResourceUnit--control-anchor"}]}
RESULT: {"script":"<script> [1562 bytes]","args":[{"selector":{"id":"application-manageresources-display-component---newResourceUnit--newRRUPage-anchBar-application-manageresources-display-component---newResourceUnit--control-anchor","interaction":{"idSuffix":"BDI-content"}},"wdio_ui5_key":"applicationmanageresources-display-component---newResourceUnit--newRRUPage-anchBar-application-manageresources-display-component---newResourceUnit--control-anchor"}]}
RESULT: undefined
COMMAND: POST /session/dc388682b4200c5e048280db36f00fb1/element - {"using":"xpath","value":"//*[@id=\"application-manageresources-display-component---newResourceUnit--newRRUPage-anchBar-application-manageresources-display-component---newResourceUnit--control-anchor\"]"}
RESULT: {"using":"xpath","value":"//*[@id=\"application-manageresources-display-component---newResourceUnit--newRRUPage-anchBar-application-manageresources-display-component---newResourceUnit--control-anchor\"]"}
COMMAND: POST /session/dc388682b4200c5e048280db36f00fb1/element/f.5DEB10E109CE1E7B94EA7693F5B1958D.d.C585627F9C0A024C928EBF1387070BC4.e.3255/click - {}
RESULT: {}
COMMAND: POST /session/dc388682b4200c5e048280db36f00fb1/execute/async - {"script":"<script> [1562 bytes]","args":[{"selector":{"id":"application-manageresources-display-component---newResourceUnit--PLANNING_GROUP","interaction":{"idSuffix":"inner"}},"wdio_ui5_key":"applicationmanageresources-display-component---newResourceUnit--PLANNING_GROUP"}]}
COMMAND: GET /session/dc388682b4200c5e048280db36f00fb1/screenshot - {}
RESULT: {"script":"<script> [1562 bytes]","args":[{"selector":{"id":"application-manageresources-display-component---newResourceUnit--PLANNING_GROUP","interaction":{"idSuffix":"inner"}},"wdio_ui5_key":"applicationmanageresources-display-component---newResourceUnit--PLANNING_GROUP"}]}
RESULT: undefined
COMMAND: POST /session/dc388682b4200c5e048280db36f00fb1/execute/async - {"script":"<script> [776 bytes]","args":[{"enterText":"Heavy Equi","selector":{"id":"application-manageresources-display-component---newResourceUnit--PLANNING_GROUP","interaction":{"idSuffix":"inner"}},"clearTextFirst":true,"interactionType":"ENTER_TEXT"}]}
RESULT: {}
RESULT: {"script":"<script> [776 bytes]","args":[{"enterText":"Heavy Equi","selector":{"id":"application-manageresources-display-component---newResourceUnit--PLANNING_GROUP","interaction":{"idSuffix":"inner"}},"clearTextFirst":true,"interactionType":"ENTER_TEXT"}]}
COMMAND: POST /session/dc388682b4200c5e048280db36f00fb1/execute/async - {"script":"<script> [1562 bytes]","args":[{"selector":{"id":"application-manageresources-display-component---newResourceUnit--ITEM_TYPE-arrow"},"wdio_ui5_key":"applicationmanageresources-display-component---newResourceUnit--ITEM_TYPE-arrow"}]}
RESULT: {"script":"<script> [1562 bytes]","args":[{"selector":{"id":"application-manageresources-display-component---newResourceUnit--ITEM_TYPE-arrow"},"wdio_ui5_key":"applicationmanageresources-display-component---newResourceUnit--ITEM_TYPE-arrow"}]}
RESULT: undefined
COMMAND: POST /session/dc388682b4200c5e048280db36f00fb1/element - {"using":"xpath","value":"//*[@id=\"application-manageresources-display-component---newResourceUnit--ITEM_TYPE-arrow\"]"}
RESULT: {"using":"xpath","value":"//*[@id=\"application-manageresources-display-component---newResourceUnit--ITEM_TYPE-arrow\"]"}
COMMAND: POST /session/dc388682b4200c5e048280db36f00fb1/element/f.5DEB10E109CE1E7B94EA7693F5B1958D.d.C585627F9C0A024C928EBF1387070BC4.e.3262/click - {}
RESULT: {}
COMMAND: POST /session/dc388682b4200c5e048280db36f00fb1/element - {"using":"xpath","value":"(//span[contains(text(), \"Resource Unit\")])[2]"}
COMMAND: GET /session/dc388682b4200c5e048280db36f00fb1/screenshot - {}
RESULT: {"using":"xpath","value":"(//span[contains(text(), \"Resource Unit\")])[2]"}
COMMAND: POST /session/dc388682b4200c5e048280db36f00fb1/element/f.5DEB10E109CE1E7B94EA7693F5B1958D.d.C585627F9C0A024C928EBF1387070BC4.e.3263/click - {}
RESULT: {}
RESULT: {}
COMMAND: GET /session/dc388682b4200c5e048280db36f00fb1/screenshot - {}
RESULT: {}
COMMAND: POST /session/dc388682b4200c5e048280db36f00fb1/element - {"using":"css selector","value":"#application-manageresources-display-component---newResourceUnit--btnAddTimeSegment"}
RESULT: {"using":"css selector","value":"#application-manageresources-display-component---newResourceUnit--btnAddTimeSegment"}
COMMAND: GET /session/dc388682b4200c5e048280db36f00fb1/element/f.5DEB10E109CE1E7B94EA7693F5B1958D.d.C585627F9C0A024C928EBF1387070BC4.e.3264/rect - {}
RESULT: {}
COMMAND: GET /session/dc388682b4200c5e048280db36f00fb1/window/rect - {}
RESULT: {}
COMMAND: POST /session/dc388682b4200c5e048280db36f00fb1/execute/sync - {"script":"<script> [92 bytes]","args":[]}
RESULT: {"script":"<script> [92 bytes]","args":[]}
COMMAND: POST /session/dc388682b4200c5e048280db36f00fb1/actions - {"actions":[{"id":"action9","type":"wheel","parameters":{},"actions":[{"type":"scroll","x":-1888,"y":-32,"deltaX":0,"deltaY":0,"duration":0,"origin":{"element-6066-11e4-a52e-4f735466cecf":"f.5DEB10E109CE1E7B94EA7693F5B1958D.d.C585627F9C0A024C928EBF1387070BC4.e.3264"}}]}]}
COMMAND: GET /session/dc388682b4200c5e048280db36f00fb1/screenshot - {}
RESULT: {}
COMMAND: POST /session/dc388682b4200c5e048280db36f00fb1/execute/sync - {"script":"<script> [79 bytes]","args":[{"element-6066-11e4-a52e-4f735466cecf":"f.5DEB10E109CE1E7B94EA7693F5B1958D.d.C585627F9C0A024C928EBF1387070BC4.e.3264","ELEMENT":"f.5DEB10E109CE1E7B94EA7693F5B1958D.d.C585627F9C0A024C928EBF1387070BC4.e.3264"},{"block":"start","inline":"nearest"}]}
RESULT: {"script":"<script> [79 bytes]","args":[{"element-6066-11e4-a52e-4f735466cecf":"f.5DEB10E109CE1E7B94EA7693F5B1958D.d.C585627F9C0A024C928EBF1387070BC4.e.3264","ELEMENT":"f.5DEB10E109CE1E7B94EA7693F5B1958D.d.C585627F9C0A024C928EBF1387070BC4.e.3264"},{"block":"start","inline":"nearest"}]}
COMMAND: POST /session/dc388682b4200c5e048280db36f00fb1/execute/async - {"script":"<script> [1562 bytes]","args":[{"selector":{"id":"application-manageresources-display-component---newResourceUnit--btnAddTimeSegment","interaction":{"idSuffix":"inner"}},"wdio_ui5_key":"applicationmanageresources-display-component---newResourceUnit--btnAddTimeSegment"}]}
COMMAND: GET /session/dc388682b4200c5e048280db36f00fb1/screenshot - {}
RESULT: {"script":"<script> [1562 bytes]","args":[{"selector":{"id":"application-manageresources-display-component---newResourceUnit--btnAddTimeSegment","interaction":{"idSuffix":"inner"}},"wdio_ui5_key":"applicationmanageresources-display-component---newResourceUnit--btnAddTimeSegment"}]}
RESULT: undefined
COMMAND: POST /session/dc388682b4200c5e048280db36f00fb1/element - {"using":"xpath","value":"//*[@id=\"application-manageresources-display-component---newResourceUnit--btnAddTimeSegment\"]"}
RESULT: {}
RESULT: {"using":"xpath","value":"//*[@id=\"application-manageresources-display-component---newResourceUnit--btnAddTimeSegment\"]"}
COMMAND: POST /session/dc388682b4200c5e048280db36f00fb1/element/f.5DEB10E109CE1E7B94EA7693F5B1958D.d.C585627F9C0A024C928EBF1387070BC4.e.3264/click - {}
RESULT: {}
COMMAND: GET /session/dc388682b4200c5e048280db36f00fb1/screenshot - {}
RESULT: {}
COMMAND: POST /session/dc388682b4200c5e048280db36f00fb1/element - {"using":"xpath","value":"//input[@id=\"application-manageresources-display-component---newResourceUnit--idRuTSAdmin-application-manageresources-display-component---newResourceUnit--RUTimeSegment-0-inner\"]"}
RESULT: {"using":"xpath","value":"//input[@id=\"application-manageresources-display-component---newResourceUnit--idRuTSAdmin-application-manageresources-display-component---newResourceUnit--RUTimeSegment-0-inner\"]"}
COMMAND: POST /session/dc388682b4200c5e048280db36f00fb1/element/f.5DEB10E109CE1E7B94EA7693F5B1958D.d.C585627F9C0A024C928EBF1387070BC4.e.3270/clear - {}
RESULT: {}
COMMAND: POST /session/dc388682b4200c5e048280db36f00fb1/element/f.5DEB10E109CE1E7B94EA7693F5B1958D.d.C585627F9C0A024C928EBF1387070BC4.e.3270/value - {"text":"434"}
COMMAND: GET /session/dc388682b4200c5e048280db36f00fb1/screenshot - {}
RESULT: {"text":"434"}
COMMAND: GET /session/dc388682b4200c5e048280db36f00fb1/screenshot - {}
RESULT: {}
RESULT: {}
COMMAND: POST /session/dc388682b4200c5e048280db36f00fb1/element - {"using":"xpath","value":"//li[.//span[text()='434']]"}
RESULT: {"using":"xpath","value":"//li[.//span[text()='434']]"}
COMMAND: POST /session/dc388682b4200c5e048280db36f00fb1/element/f.5DEB10E109CE1E7B94EA7693F5B1958D.d.C585627F9C0A024C928EBF1387070BC4.e.3283/click - {}
RESULT: {}
COMMAND: GET /session/dc388682b4200c5e048280db36f00fb1/screenshot - {}
RESULT: {}
COMMAND: POST /session/dc388682b4200c5e048280db36f00fb1/element - {"using":"xpath","value":"(//span[contains(@id, \"-application-manageresources-display-component---newResourceUnit--RUTimeSegment-0-arrow\")])[6]"}
RESULT: {"using":"xpath","value":"(//span[contains(@id, \"-application-manageresources-display-component---newResourceUnit--RUTimeSegment-0-arrow\")])[6]"}
COMMAND: POST /session/dc388682b4200c5e048280db36f00fb1/element/f.5DEB10E109CE1E7B94EA7693F5B1958D.d.C585627F9C0A024C928EBF1387070BC4.e.3284/click - {}
RESULT: {}
COMMAND: GET /session/dc388682b4200c5e048280db36f00fb1/screenshot - {}
RESULT: {}
COMMAND: POST /session/dc388682b4200c5e048280db36f00fb1/element - {"using":"xpath","value":"//span[contains(text(), \"PM Order\")]"}
RESULT: {"using":"xpath","value":"//span[contains(text(), \"PM Order\")]"}
COMMAND: POST /session/dc388682b4200c5e048280db36f00fb1/element/f.5DEB10E109CE1E7B94EA7693F5B1958D.d.C585627F9C0A024C928EBF1387070BC4.e.3287/click - {}
RESULT: {}
COMMAND: GET /session/dc388682b4200c5e048280db36f00fb1/screenshot - {}
RESULT: {}
COMMAND: POST /session/dc388682b4200c5e048280db36f00fb1/element - {"using":"xpath","value":"(//span[contains(@id ,\"manageresources-display-component---newResourceUnit--RUTimeSegment-0-vhi\")])[1]"}
RESULT: {"using":"xpath","value":"(//span[contains(@id ,\"manageresources-display-component---newResourceUnit--RUTimeSegment-0-vhi\")])[1]"}
COMMAND: GET /session/dc388682b4200c5e048280db36f00fb1/element/f.5DEB10E109CE1E7B94EA7693F5B1958D.d.C585627F9C0A024C928EBF1387070BC4.e.3291/rect - {}
RESULT: {}
COMMAND: GET /session/dc388682b4200c5e048280db36f00fb1/window/rect - {}
RESULT: {}
COMMAND: POST /session/dc388682b4200c5e048280db36f00fb1/execute/sync - {"script":"<script> [92 bytes]","args":[]}
RESULT: {"script":"<script> [92 bytes]","args":[]}
COMMAND: POST /session/dc388682b4200c5e048280db36f00fb1/actions - {"actions":[{"id":"action10","type":"wheel","parameters":{},"actions":[{"type":"scroll","x":-869,"y":-24,"deltaX":0,"deltaY":0,"duration":0,"origin":{"element-6066-11e4-a52e-4f735466cecf":"f.5DEB10E109CE1E7B94EA7693F5B1958D.d.C585627F9C0A024C928EBF1387070BC4.e.3291"}}]}]}
COMMAND: GET /session/dc388682b4200c5e048280db36f00fb1/screenshot - {}
RESULT: {"actions":[{"id":"action10","type":"wheel","parameters":{},"actions":[{"type":"scroll","x":-869,"y":-24,"deltaX":0,"deltaY":0,"duration":0,"origin":{"element-6066-11e4-a52e-4f735466cecf":"f.5DEB10E109CE1E7B94EA7693F5B1958D.d.C585627F9C0A024C928EBF1387070BC4.e.3291"}}]}]}
COMMAND: DELETE /session/dc388682b4200c5e048280db36f00fb1/actions - {}
COMMAND: GET /session/dc388682b4200c5e048280db36f00fb1/screenshot - {}
RESULT: {}
RESULT: {}
COMMAND: GET /session/dc388682b4200c5e048280db36f00fb1/screenshot - {}
RESULT: {}
RESULT: {}
COMMAND: POST /session/dc388682b4200c5e048280db36f00fb1/element/f.5DEB10E109CE1E7B94EA7693F5B1958D.d.C585627F9C0A024C928EBF1387070BC4.e.3291/click - {}
RESULT: {}
COMMAND: GET /session/dc388682b4200c5e048280db36f00fb1/screenshot - {}
RESULT: {}
RESULT: undefined
COMMAND: POST /session/dc388682b4200c5e048280db36f00fb1/execute/async - {"script":"<script> [776 bytes]","args":[{"enterText":"4000360","selector":{"controlType":"sap.m.SearchField","properties":{"placeholder":"Search"},"searchOpenDialogs":true,"interaction":{"idSuffix":"I"}},"clearTextFirst":true,"interactionType":"ENTER_TEXT"}]}
RESULT: {"script":"<script> [776 bytes]","args":[{"enterText":"4000360","selector":{"controlType":"sap.m.SearchField","properties":{"placeholder":"Search"},"searchOpenDialogs":true,"interaction":{"idSuffix":"I"}},"clearTextFirst":true,"interactionType":"ENTER_TEXT"}]}
COMMAND: POST /session/dc388682b4200c5e048280db36f00fb1/actions - {"actions":[{"id":"action11","type":"key","parameters":{},"actions":[{"type":"keyDown","value":"î€‡"},{"type":"pause","duration":10},{"type":"keyUp","value":"î€‡"}]}]}
RESULT: {"actions":[{"id":"action11","type":"key","parameters":{},"actions":[{"type":"keyDown","value":"î€‡"},{"type":"pause","duration":10},{"type":"keyUp","value":"î€‡"}]}]}
COMMAND: GET /session/dc388682b4200c5e048280db36f00fb1/screenshot - {}
RESULT: {}
COMMAND: POST /session/dc388682b4200c5e048280db36f00fb1/element - {"using":"xpath","value":"//td/div/span[contains(text(), \"BGL Vehicles\")]"}
RESULT: {"using":"xpath","value":"//td/div/span[contains(text(), \"BGL Vehicles\")]"}
COMMAND: POST /session/dc388682b4200c5e048280db36f00fb1/element/f.5DEB10E109CE1E7B94EA7693F5B1958D.d.C585627F9C0A024C928EBF1387070BC4.e.3311/click - {}
RESULT: {}
COMMAND: GET /session/dc388682b4200c5e048280db36f00fb1/screenshot - {}
RESULT: {}
COMMAND: POST /session/dc388682b4200c5e048280db36f00fb1/element - {"using":"xpath","value":"//bdi[contains(text(), \"OK\")]"}
RESULT: {"using":"xpath","value":"//bdi[contains(text(), \"OK\")]"}
COMMAND: POST /session/dc388682b4200c5e048280db36f00fb1/element/f.5DEB10E109CE1E7B94EA7693F5B1958D.d.C585627F9C0A024C928EBF1387070BC4.e.3312/click - {}
RESULT: {}
COMMAND: GET /session/dc388682b4200c5e048280db36f00fb1/screenshot - {}
RESULT: {}
COMMAND: POST /session/dc388682b4200c5e048280db36f00fb1/execute/async - {"script":"<script> [1562 bytes]","args":[{"selector":{"id":"application-manageresources-display-component---newResourceUnit--newRRUPage-anchBar-application-manageresources-display-component---newResourceUnit--resource-anchor","interaction":{"idSuffix":"BDI-content"}},"wdio_ui5_key":"applicationmanageresources-display-component---newResourceUnit--newRRUPage-anchBar-application-manageresources-display-component---newResourceUnit--resource-anchor"}]}
RESULT: {"script":"<script> [1562 bytes]","args":[{"selector":{"id":"application-manageresources-display-component---newResourceUnit--newRRUPage-anchBar-application-manageresources-display-component---newResourceUnit--resource-anchor","interaction":{"idSuffix":"BDI-content"}},"wdio_ui5_key":"applicationmanageresources-display-component---newResourceUnit--newRRUPage-anchBar-application-manageresources-display-component---newResourceUnit--resource-anchor"}]}
RESULT: undefined
COMMAND: POST /session/dc388682b4200c5e048280db36f00fb1/element - {"using":"xpath","value":"//*[@id=\"application-manageresources-display-component---newResourceUnit--newRRUPage-anchBar-application-manageresources-display-component---newResourceUnit--resource-anchor\"]"}
RESULT: {"using":"xpath","value":"//*[@id=\"application-manageresources-display-component---newResourceUnit--newRRUPage-anchBar-application-manageresources-display-component---newResourceUnit--resource-anchor\"]"}
COMMAND: POST /session/dc388682b4200c5e048280db36f00fb1/element/f.5DEB10E109CE1E7B94EA7693F5B1958D.d.C585627F9C0A024C928EBF1387070BC4.e.3316/click - {}
RESULT: {}
COMMAND: POST /session/dc388682b4200c5e048280db36f00fb1/execute/async - {"script":"<script> [1562 bytes]","args":[{"selector":{"id":"application-manageresources-display-component---newResourceUnit--PLANNED_DELIVERY_DATE","interaction":{"idSuffix":"inner"}},"wdio_ui5_key":"applicationmanageresources-display-component---newResourceUnit--PLANNED_DELIVERY_DATE"}]}
COMMAND: GET /session/dc388682b4200c5e048280db36f00fb1/screenshot - {}
RESULT: {"script":"<script> [1562 bytes]","args":[{"selector":{"id":"application-manageresources-display-component---newResourceUnit--PLANNED_DELIVERY_DATE","interaction":{"idSuffix":"inner"}},"wdio_ui5_key":"applicationmanageresources-display-component---newResourceUnit--PLANNED_DELIVERY_DATE"}]}
RESULT: undefined
COMMAND: POST /session/dc388682b4200c5e048280db36f00fb1/execute/async - {"script":"<script> [6424 bytes]","args":[{"element-6066-11e4-a52e-4f735466cecf":"f.5DEB10E109CE1E7B94EA7693F5B1958D.d.C585627F9C0A024C928EBF1387070BC4.e.3180"},"setValue",["5/16/25"]]}
RESULT: {}
RESULT: {"script":"<script> [6424 bytes]","args":[{"element-6066-11e4-a52e-4f735466cecf":"f.5DEB10E109CE1E7B94EA7693F5B1958D.d.C585627F9C0A024C928EBF1387070BC4.e.3180"},"setValue",["5/16/25"]]}
COMMAND: POST /session/dc388682b4200c5e048280db36f00fb1/element - {"using":"xpath","value":"//label[contains(@class, 'sapMLabelRequired') and .//bdi[contains(text(), 'Planned Retirement')]]"}
RESULT: {"using":"xpath","value":"//label[contains(@class, 'sapMLabelRequired') and .//bdi[contains(text(), 'Planned Retirement')]]"}
COMMAND: POST /session/dc388682b4200c5e048280db36f00fb1/elements - {"using":"xpath","value":"//label[contains(@class, 'sapMLabelRequired') and .//bdi[contains(text(), 'Planned Retirement')]]"}
RESULT: {"using":"xpath","value":"//label[contains(@class, 'sapMLabelRequired') and .//bdi[contains(text(), 'Planned Retirement')]]"}
COMMAND: POST /session/dc388682b4200c5e048280db36f00fb1/element - {"using":"xpath","value":"//button[@data-kt=\"resourceUnitSaveButton\"]"}
RESULT: {"using":"xpath","value":"//button[@data-kt=\"resourceUnitSaveButton\"]"}
COMMAND: POST /session/dc388682b4200c5e048280db36f00fb1/element/f.5DEB10E109CE1E7B94EA7693F5B1958D.d.C585627F9C0A024C928EBF1387070BC4.e.3141/click - {}
RESULT: {}
COMMAND: GET /session/dc388682b4200c5e048280db36f00fb1/screenshot - {}
RESULT: {}
COMMAND: POST /session/dc388682b4200c5e048280db36f00fb1/element - {"using":"xpath","value":"//bdi[contains(text(), \"Close\")]"}
RESULT: {"using":"xpath","value":"//bdi[contains(text(), \"Close\")]"}
COMMAND: POST /session/dc388682b4200c5e048280db36f00fb1/element/f.5DEB10E109CE1E7B94EA7693F5B1958D.d.C585627F9C0A024C928EBF1387070BC4.e.3324/click - {}
RESULT: {}
COMMAND: GET /session/dc388682b4200c5e048280db36f00fb1/screenshot - {}
RESULT: {}
COMMAND: POST /session/dc388682b4200c5e048280db36f00fb1/element - {"using":"xpath","value":"(//button[contains(@id ,\"actionsToolbar-overflowButton\")])[1]"}
RESULT: {"using":"xpath","value":"(//button[contains(@id ,\"actionsToolbar-overflowButton\")])[1]"}
COMMAND: POST /session/dc388682b4200c5e048280db36f00fb1/element/f.5DEB10E109CE1E7B94EA7693F5B1958D.d.C585627F9C0A024C928EBF1387070BC4.e.3377/click - {}
RESULT: {}
COMMAND: GET /session/dc388682b4200c5e048280db36f00fb1/screenshot - {}
RESULT: {}
COMMAND: POST /session/dc388682b4200c5e048280db36f00fb1/element - {"using":"xpath","value":"//button[@data-kt=\"priceInfoButton\"]"}
RESULT: {"using":"xpath","value":"//button[@data-kt=\"priceInfoButton\"]"}
COMMAND: POST /session/dc388682b4200c5e048280db36f00fb1/element/f.5DEB10E109CE1E7B94EA7693F5B1958D.d.C585627F9C0A024C928EBF1387070BC4.e.3379/click - {}
RESULT: {}
COMMAND: GET /session/dc388682b4200c5e048280db36f00fb1/screenshot - {}
RESULT: {}
]]></system-out>
    </testcase>
    <testcase classname="chrome.136_0_7103_93.windows.Billing_Transfer_-_Master_data_&amp;_Intercompany_US127250" name="Should create new pricing rule TB on the equipment TB" time="60.568">
      <system-out><![CDATA[
COMMAND: POST /session/dc388682b4200c5e048280db36f00fb1/element - {"using":"xpath","value":"//button[@data-kt=\"addButton\"]"}
RESULT: {"using":"xpath","value":"//button[@data-kt=\"addButton\"]"}
COMMAND: POST /session/dc388682b4200c5e048280db36f00fb1/elements - {"using":"xpath","value":"//button[@data-kt=\"addButton\"]"}
RESULT: {"using":"xpath","value":"//button[@data-kt=\"addButton\"]"}
COMMAND: POST /session/dc388682b4200c5e048280db36f00fb1/elements - {"using":"xpath","value":"//button[@data-kt=\"addButton\"]"}
RESULT: {"using":"xpath","value":"//button[@data-kt=\"addButton\"]"}
COMMAND: POST /session/dc388682b4200c5e048280db36f00fb1/element - {"using":"xpath","value":"//button[@data-kt=\"addButton\"]"}
RESULT: {"using":"xpath","value":"//button[@data-kt=\"addButton\"]"}
COMMAND: POST /session/dc388682b4200c5e048280db36f00fb1/execute/sync - {"script":"<script> [8489 bytes]","args":[{"element-6066-11e4-a52e-4f735466cecf":"f.5DEB10E109CE1E7B94EA7693F5B1958D.d.C585627F9C0A024C928EBF1387070BC4.e.3417","ELEMENT":"f.5DEB10E109CE1E7B94EA7693F5B1958D.d.C585627F9C0A024C928EBF1387070BC4.e.3417"}]}
RESULT: {"script":"<script> [8489 bytes]","args":[{"element-6066-11e4-a52e-4f735466cecf":"f.5DEB10E109CE1E7B94EA7693F5B1958D.d.C585627F9C0A024C928EBF1387070BC4.e.3417","ELEMENT":"f.5DEB10E109CE1E7B94EA7693F5B1958D.d.C585627F9C0A024C928EBF1387070BC4.e.3417"}]}
COMMAND: GET /session/dc388682b4200c5e048280db36f00fb1/element/f.5DEB10E109CE1E7B94EA7693F5B1958D.d.C585627F9C0A024C928EBF1387070BC4.e.3417/enabled - {}
COMMAND: GET /session/dc388682b4200c5e048280db36f00fb1/screenshot - {}
RESULT: {}
COMMAND: POST /session/dc388682b4200c5e048280db36f00fb1/execute/sync - {"script":"<script> [8489 bytes]","args":[{"element-6066-11e4-a52e-4f735466cecf":"f.5DEB10E109CE1E7B94EA7693F5B1958D.d.C585627F9C0A024C928EBF1387070BC4.e.3417","ELEMENT":"f.5DEB10E109CE1E7B94EA7693F5B1958D.d.C585627F9C0A024C928EBF1387070BC4.e.3417"}]}
COMMAND: GET /session/dc388682b4200c5e048280db36f00fb1/screenshot - {}
RESULT: {}
RESULT: {"script":"<script> [8489 bytes]","args":[{"element-6066-11e4-a52e-4f735466cecf":"f.5DEB10E109CE1E7B94EA7693F5B1958D.d.C585627F9C0A024C928EBF1387070BC4.e.3417","ELEMENT":"f.5DEB10E109CE1E7B94EA7693F5B1958D.d.C585627F9C0A024C928EBF1387070BC4.e.3417"}]}
COMMAND: POST /session/dc388682b4200c5e048280db36f00fb1/execute/sync - {"script":"<script> [5351 bytes]","args":[{"element-6066-11e4-a52e-4f735466cecf":"f.5DEB10E109CE1E7B94EA7693F5B1958D.d.C585627F9C0A024C928EBF1387070BC4.e.3417","ELEMENT":"f.5DEB10E109CE1E7B94EA7693F5B1958D.d.C585627F9C0A024C928EBF1387070BC4.e.3417"}]}
COMMAND: GET /session/dc388682b4200c5e048280db36f00fb1/screenshot - {}
RESULT: {}
RESULT: {"script":"<script> [5351 bytes]","args":[{"element-6066-11e4-a52e-4f735466cecf":"f.5DEB10E109CE1E7B94EA7693F5B1958D.d.C585627F9C0A024C928EBF1387070BC4.e.3417","ELEMENT":"f.5DEB10E109CE1E7B94EA7693F5B1958D.d.C585627F9C0A024C928EBF1387070BC4.e.3417"}]}
COMMAND: POST /session/dc388682b4200c5e048280db36f00fb1/element/f.5DEB10E109CE1E7B94EA7693F5B1958D.d.C585627F9C0A024C928EBF1387070BC4.e.3417/click - {}
COMMAND: GET /session/dc388682b4200c5e048280db36f00fb1/screenshot - {}
RESULT: {}
RESULT: {}
COMMAND: GET /session/dc388682b4200c5e048280db36f00fb1/screenshot - {}
RESULT: {}
RESULT: {}
COMMAND: POST /session/dc388682b4200c5e048280db36f00fb1/execute/async - {"script":"<script> [1562 bytes]","args":[{"selector":{"controlType":"sap.m.Title","viewName":"etm.portal.ui.managepricingrules.view.NewItem","viewId":"application-managepricingrules-display-component---newInfoPriceItem","properties":{"text":"New Pricing Rules - Item Level"}},"wdio_ui5_key":"etmportal.ui.managepricingrules.view.NewItemsap.m.Title{\"text\":\"New Pricing Rules - Item Level\"}"}]}
RESULT: {"script":"<script> [1562 bytes]","args":[{"selector":{"controlType":"sap.m.Title","viewName":"etm.portal.ui.managepricingrules.view.NewItem","viewId":"application-managepricingrules-display-component---newInfoPriceItem","properties":{"text":"New Pricing Rules - Item Level"}},"wdio_ui5_key":"etmportal.ui.managepricingrules.view.NewItemsap.m.Title{\"text\":\"New Pricing Rules - Item Level\"}"}]}
RESULT: undefined
COMMAND: POST /session/dc388682b4200c5e048280db36f00fb1/execute/async - {"script":"<script> [6424 bytes]","args":[{"element-6066-11e4-a52e-4f735466cecf":"f.5DEB10E109CE1E7B94EA7693F5B1958D.d.C585627F9C0A024C928EBF1387070BC4.e.3490"},"getText",[]]}
RESULT: {"script":"<script> [6424 bytes]","args":[{"element-6066-11e4-a52e-4f735466cecf":"f.5DEB10E109CE1E7B94EA7693F5B1958D.d.C585627F9C0A024C928EBF1387070BC4.e.3490"},"getText",[]]}
COMMAND: POST /session/dc388682b4200c5e048280db36f00fb1/execute/async - {"script":"<script> [1562 bytes]","args":[{"selector":{"id":"application-managepricingrules-display-component---newInfoPriceItem--condValidTo","interaction":{"idSuffix":"inner"}},"wdio_ui5_key":"applicationmanagepricingrules-display-component---newInfoPriceItem--condValidTo"}]}
RESULT: {"script":"<script> [1562 bytes]","args":[{"selector":{"id":"application-managepricingrules-display-component---newInfoPriceItem--condValidTo","interaction":{"idSuffix":"inner"}},"wdio_ui5_key":"applicationmanagepricingrules-display-component---newInfoPriceItem--condValidTo"}]}
RESULT: undefined
COMMAND: POST /session/dc388682b4200c5e048280db36f00fb1/execute/async - {"script":"<script> [776 bytes]","args":[{"enterText":"1/16/26","selector":{"id":"application-managepricingrules-display-component---newInfoPriceItem--condValidTo","interaction":{"idSuffix":"inner"}},"clearTextFirst":true,"interactionType":"ENTER_TEXT"}]}
RESULT: {"script":"<script> [776 bytes]","args":[{"enterText":"1/16/26","selector":{"id":"application-managepricingrules-display-component---newInfoPriceItem--condValidTo","interaction":{"idSuffix":"inner"}},"clearTextFirst":true,"interactionType":"ENTER_TEXT"}]}
COMMAND: POST /session/dc388682b4200c5e048280db36f00fb1/execute/async - {"script":"<script> [1562 bytes]","args":[{"selector":{"id":"application-managepricingrules-display-component---newInfoPriceItem--billType-arrow"},"wdio_ui5_key":"applicationmanagepricingrules-display-component---newInfoPriceItem--billType-arrow"}]}
RESULT: {"script":"<script> [1562 bytes]","args":[{"selector":{"id":"application-managepricingrules-display-component---newInfoPriceItem--billType-arrow"},"wdio_ui5_key":"applicationmanagepricingrules-display-component---newInfoPriceItem--billType-arrow"}]}
RESULT: undefined
COMMAND: POST /session/dc388682b4200c5e048280db36f00fb1/element - {"using":"xpath","value":"//*[@id=\"application-managepricingrules-display-component---newInfoPriceItem--billType-arrow\"]"}
RESULT: {"using":"xpath","value":"//*[@id=\"application-managepricingrules-display-component---newInfoPriceItem--billType-arrow\"]"}
COMMAND: POST /session/dc388682b4200c5e048280db36f00fb1/element/f.5DEB10E109CE1E7B94EA7693F5B1958D.d.C585627F9C0A024C928EBF1387070BC4.e.3547/click - {}
RESULT: {}
COMMAND: POST /session/dc388682b4200c5e048280db36f00fb1/element - {"using":"xpath","value":"//span[contains(text(), \"TB - Time based\")]"}
COMMAND: GET /session/dc388682b4200c5e048280db36f00fb1/screenshot - {}
RESULT: {"using":"xpath","value":"//span[contains(text(), \"TB - Time based\")]"}
COMMAND: POST /session/dc388682b4200c5e048280db36f00fb1/element/f.5DEB10E109CE1E7B94EA7693F5B1958D.d.C585627F9C0A024C928EBF1387070BC4.e.3593/click - {}
RESULT: {}
RESULT: {}
COMMAND: POST /session/dc388682b4200c5e048280db36f00fb1/execute/async - {"script":"<script> [1562 bytes]","args":[{"selector":{"id":"application-managepricingrules-display-component---newInfoPriceItem--priceProc-arrow"},"wdio_ui5_key":"applicationmanagepricingrules-display-component---newInfoPriceItem--priceProc-arrow"}]}
COMMAND: GET /session/dc388682b4200c5e048280db36f00fb1/screenshot - {}
RESULT: {"script":"<script> [1562 bytes]","args":[{"selector":{"id":"application-managepricingrules-display-component---newInfoPriceItem--priceProc-arrow"},"wdio_ui5_key":"applicationmanagepricingrules-display-component---newInfoPriceItem--priceProc-arrow"}]}
RESULT: undefined
COMMAND: POST /session/dc388682b4200c5e048280db36f00fb1/element - {"using":"xpath","value":"//*[@id=\"application-managepricingrules-display-component---newInfoPriceItem--priceProc-arrow\"]"}
RESULT: {}
RESULT: {"using":"xpath","value":"//*[@id=\"application-managepricingrules-display-component---newInfoPriceItem--priceProc-arrow\"]"}
COMMAND: POST /session/dc388682b4200c5e048280db36f00fb1/element/f.5DEB10E109CE1E7B94EA7693F5B1958D.d.C585627F9C0A024C928EBF1387070BC4.e.3554/click - {}
RESULT: {}
COMMAND: POST /session/dc388682b4200c5e048280db36f00fb1/element - {"using":"xpath","value":"//span[contains(text(), \"TBS - Time based standard\")]"}
COMMAND: GET /session/dc388682b4200c5e048280db36f00fb1/screenshot - {}
RESULT: {"using":"xpath","value":"//span[contains(text(), \"TBS - Time based standard\")]"}
COMMAND: POST /session/dc388682b4200c5e048280db36f00fb1/element/f.5DEB10E109CE1E7B94EA7693F5B1958D.d.C585627F9C0A024C928EBF1387070BC4.e.3594/click - {}
RESULT: {}
RESULT: {}
COMMAND: POST /session/dc388682b4200c5e048280db36f00fb1/execute/async - {"script":"<script> [1562 bytes]","args":[{"selector":{"id":"application-managepricingrules-display-component---newInfoPriceItem--calcBase-arrow"},"wdio_ui5_key":"applicationmanagepricingrules-display-component---newInfoPriceItem--calcBase-arrow"}]}
COMMAND: GET /session/dc388682b4200c5e048280db36f00fb1/screenshot - {}
RESULT: {"script":"<script> [1562 bytes]","args":[{"selector":{"id":"application-managepricingrules-display-component---newInfoPriceItem--calcBase-arrow"},"wdio_ui5_key":"applicationmanagepricingrules-display-component---newInfoPriceItem--calcBase-arrow"}]}
RESULT: undefined
COMMAND: POST /session/dc388682b4200c5e048280db36f00fb1/element - {"using":"xpath","value":"//*[@id=\"application-managepricingrules-display-component---newInfoPriceItem--calcBase-arrow\"]"}
RESULT: {}
RESULT: {"using":"xpath","value":"//*[@id=\"application-managepricingrules-display-component---newInfoPriceItem--calcBase-arrow\"]"}
COMMAND: POST /session/dc388682b4200c5e048280db36f00fb1/element/f.5DEB10E109CE1E7B94EA7693F5B1958D.d.C585627F9C0A024C928EBF1387070BC4.e.3561/click - {}
RESULT: {}
COMMAND: GET /session/dc388682b4200c5e048280db36f00fb1/screenshot - {}
RESULT: {}
COMMAND: POST /session/dc388682b4200c5e048280db36f00fb1/element - {"using":"xpath","value":"//span[contains(text(), \"0006 - TB(calendar days)\")]"}
RESULT: {"using":"xpath","value":"//span[contains(text(), \"0006 - TB(calendar days)\")]"}
COMMAND: POST /session/dc388682b4200c5e048280db36f00fb1/element/f.5DEB10E109CE1E7B94EA7693F5B1958D.d.C585627F9C0A024C928EBF1387070BC4.e.3595/click - {}
RESULT: {}
COMMAND: GET /session/dc388682b4200c5e048280db36f00fb1/screenshot - {}
RESULT: {}
COMMAND: POST /session/dc388682b4200c5e048280db36f00fb1/execute/async - {"script":"<script> [1562 bytes]","args":[{"selector":{"id":"application-managepricingrules-display-component---newInfoPriceItem--daysMonth","interaction":{"idSuffix":"inner"}},"wdio_ui5_key":"applicationmanagepricingrules-display-component---newInfoPriceItem--daysMonth"}]}
RESULT: {"script":"<script> [1562 bytes]","args":[{"selector":{"id":"application-managepricingrules-display-component---newInfoPriceItem--daysMonth","interaction":{"idSuffix":"inner"}},"wdio_ui5_key":"applicationmanagepricingrules-display-component---newInfoPriceItem--daysMonth"}]}
RESULT: undefined
COMMAND: POST /session/dc388682b4200c5e048280db36f00fb1/execute/async - {"script":"<script> [776 bytes]","args":[{"enterText":"30","selector":{"id":"application-managepricingrules-display-component---newInfoPriceItem--daysMonth","interaction":{"idSuffix":"inner"}},"clearTextFirst":true,"interactionType":"ENTER_TEXT"}]}
RESULT: {"script":"<script> [776 bytes]","args":[{"enterText":"30","selector":{"id":"application-managepricingrules-display-component---newInfoPriceItem--daysMonth","interaction":{"idSuffix":"inner"}},"clearTextFirst":true,"interactionType":"ENTER_TEXT"}]}
COMMAND: POST /session/dc388682b4200c5e048280db36f00fb1/element - {"using":"xpath","value":"//button[@data-kt=\"saveNewRuleButton\"]"}
RESULT: {"using":"xpath","value":"//button[@data-kt=\"saveNewRuleButton\"]"}
COMMAND: POST /session/dc388682b4200c5e048280db36f00fb1/element/f.5DEB10E109CE1E7B94EA7693F5B1958D.d.C585627F9C0A024C928EBF1387070BC4.e.3582/click - {}
RESULT: {}
COMMAND: GET /session/dc388682b4200c5e048280db36f00fb1/screenshot - {}
RESULT: {}
COMMAND: POST /session/dc388682b4200c5e048280db36f00fb1/execute/async - {"script":"<script> [1562 bytes]","args":[{"selector":{"id":"application-managepricingrules-display-component---priceInfoItem--smartFilterBar-btnBasicSearch","interaction":{"idSuffix":"I"}},"wdio_ui5_key":"applicationmanagepricingrules-display-component---priceInfoItem--smartFilterBar-btnBasicSearch"}]}
RESULT: {"script":"<script> [1562 bytes]","args":[{"selector":{"id":"application-managepricingrules-display-component---priceInfoItem--smartFilterBar-btnBasicSearch","interaction":{"idSuffix":"I"}},"wdio_ui5_key":"applicationmanagepricingrules-display-component---priceInfoItem--smartFilterBar-btnBasicSearch"}]}
RESULT: undefined
COMMAND: POST /session/dc388682b4200c5e048280db36f00fb1/execute/async - {"script":"<script> [776 bytes]","args":[{"enterText":"1j4zT2uUwQ","selector":{"id":"application-managepricingrules-display-component---priceInfoItem--smartFilterBar-btnBasicSearch","interaction":{"idSuffix":"I"}},"clearTextFirst":true,"interactionType":"ENTER_TEXT"}]}
RESULT: {"script":"<script> [776 bytes]","args":[{"enterText":"1j4zT2uUwQ","selector":{"id":"application-managepricingrules-display-component---priceInfoItem--smartFilterBar-btnBasicSearch","interaction":{"idSuffix":"I"}},"clearTextFirst":true,"interactionType":"ENTER_TEXT"}]}
COMMAND: POST /session/dc388682b4200c5e048280db36f00fb1/actions - {"actions":[{"id":"action12","type":"key","parameters":{},"actions":[{"type":"keyDown","value":"î€‡"},{"type":"pause","duration":10},{"type":"keyUp","value":"î€‡"}]}]}
RESULT: {"actions":[{"id":"action12","type":"key","parameters":{},"actions":[{"type":"keyDown","value":"î€‡"},{"type":"pause","duration":10},{"type":"keyUp","value":"î€‡"}]}]}
COMMAND: GET /session/dc388682b4200c5e048280db36f00fb1/screenshot - {}
RESULT: {}
COMMAND: POST /session/dc388682b4200c5e048280db36f00fb1/element - {"using":"xpath","value":"//span[@id=\"application-managepricingrules-display-component---priceInfoItem--smartTable-header-inner\"]"}
RESULT: {"using":"xpath","value":"//span[@id=\"application-managepricingrules-display-component---priceInfoItem--smartTable-header-inner\"]"}
COMMAND: POST /session/dc388682b4200c5e048280db36f00fb1/elements - {"using":"xpath","value":"//span[@id=\"application-managepricingrules-display-component---priceInfoItem--smartTable-header-inner\"]"}
RESULT: {"using":"xpath","value":"//span[@id=\"application-managepricingrules-display-component---priceInfoItem--smartTable-header-inner\"]"}
COMMAND: POST /session/dc388682b4200c5e048280db36f00fb1/execute/sync - {"script":"<script> [56 bytes]","args":[{"element-6066-11e4-a52e-4f735466cecf":"f.5DEB10E109CE1E7B94EA7693F5B1958D.d.C585627F9C0A024C928EBF1387070BC4.e.3619","ELEMENT":"f.5DEB10E109CE1E7B94EA7693F5B1958D.d.C585627F9C0A024C928EBF1387070BC4.e.3619"}]}
RESULT: {"script":"<script> [56 bytes]","args":[{"element-6066-11e4-a52e-4f735466cecf":"f.5DEB10E109CE1E7B94EA7693F5B1958D.d.C585627F9C0A024C928EBF1387070BC4.e.3619","ELEMENT":"f.5DEB10E109CE1E7B94EA7693F5B1958D.d.C585627F9C0A024C928EBF1387070BC4.e.3619"}]}
COMMAND: POST /session/dc388682b4200c5e048280db36f00fb1/element - {"using":"css selector","value":"#shell-header-logo"}
COMMAND: GET /session/dc388682b4200c5e048280db36f00fb1/screenshot - {}
RESULT: {"using":"css selector","value":"#shell-header-logo"}
COMMAND: POST /session/dc388682b4200c5e048280db36f00fb1/element/f.5DEB10E109CE1E7B94EA7693F5B1958D.d.C585627F9C0A024C928EBF1387070BC4.e.2743/click - {}
RESULT: {}
RESULT: {}
COMMAND: GET /session/dc388682b4200c5e048280db36f00fb1/screenshot - {}
RESULT: {}
]]></system-out>
    </testcase>
    <testcase classname="chrome.136_0_7103_93.windows.Billing_Transfer_-_Master_data_&amp;_Intercompany_US127250" name="Should create new condition for equipment TB" time="72.8">
      <system-out><![CDATA[
COMMAND: POST /session/dc388682b4200c5e048280db36f00fb1/execute/async - {"script":"<script> [1562 bytes]","args":[{"selector":{"controlType":"sap.m.GenericTile","properties":{"header":"Manage Conditions & Prices"}},"wdio_ui5_key":"sapm.GenericTile{\"header\":\"Manage Conditions & Prices\"}"}]}
RESULT: {"script":"<script> [1562 bytes]","args":[{"selector":{"controlType":"sap.m.GenericTile","properties":{"header":"Manage Conditions & Prices"}},"wdio_ui5_key":"sapm.GenericTile{\"header\":\"Manage Conditions & Prices\"}"}]}
RESULT: undefined
COMMAND: POST /session/dc388682b4200c5e048280db36f00fb1/element - {"using":"xpath","value":"//*[@id=\"__tile53\"]"}
RESULT: {"using":"xpath","value":"//*[@id=\"__tile53\"]"}
COMMAND: POST /session/dc388682b4200c5e048280db36f00fb1/element/f.5DEB10E109CE1E7B94EA7693F5B1958D.d.C585627F9C0A024C928EBF1387070BC4.e.207/click - {}
RESULT: {}
COMMAND: GET /session/dc388682b4200c5e048280db36f00fb1/screenshot - {}
RESULT: {}
COMMAND: POST /session/dc388682b4200c5e048280db36f00fb1/elements - {"using":"xpath","value":"//span[text()='Error']"}
RESULT: {"using":"xpath","value":"//span[text()='Error']"}
COMMAND: POST /session/dc388682b4200c5e048280db36f00fb1/element - {"using":"xpath","value":"//button[@aria-label=\"Create\"]"}
RESULT: {"using":"xpath","value":"//button[@aria-label=\"Create\"]"}
COMMAND: POST /session/dc388682b4200c5e048280db36f00fb1/elements - {"using":"xpath","value":"//button[@aria-label=\"Create\"]"}
RESULT: {"using":"xpath","value":"//button[@aria-label=\"Create\"]"}
COMMAND: POST /session/dc388682b4200c5e048280db36f00fb1/elements - {"using":"xpath","value":"//button[@aria-label=\"Create\"]"}
RESULT: {"using":"xpath","value":"//button[@aria-label=\"Create\"]"}
COMMAND: POST /session/dc388682b4200c5e048280db36f00fb1/element - {"using":"xpath","value":"//button[@aria-label=\"Create\"]"}
RESULT: {"using":"xpath","value":"//button[@aria-label=\"Create\"]"}
COMMAND: POST /session/dc388682b4200c5e048280db36f00fb1/execute/sync - {"script":"<script> [8489 bytes]","args":[{"element-6066-11e4-a52e-4f735466cecf":"f.5DEB10E109CE1E7B94EA7693F5B1958D.d.C585627F9C0A024C928EBF1387070BC4.e.3659","ELEMENT":"f.5DEB10E109CE1E7B94EA7693F5B1958D.d.C585627F9C0A024C928EBF1387070BC4.e.3659"}]}
RESULT: {"script":"<script> [8489 bytes]","args":[{"element-6066-11e4-a52e-4f735466cecf":"f.5DEB10E109CE1E7B94EA7693F5B1958D.d.C585627F9C0A024C928EBF1387070BC4.e.3659","ELEMENT":"f.5DEB10E109CE1E7B94EA7693F5B1958D.d.C585627F9C0A024C928EBF1387070BC4.e.3659"}]}
COMMAND: GET /session/dc388682b4200c5e048280db36f00fb1/element/f.5DEB10E109CE1E7B94EA7693F5B1958D.d.C585627F9C0A024C928EBF1387070BC4.e.3659/enabled - {}
COMMAND: GET /session/dc388682b4200c5e048280db36f00fb1/screenshot - {}
RESULT: {}
COMMAND: POST /session/dc388682b4200c5e048280db36f00fb1/execute/sync - {"script":"<script> [8489 bytes]","args":[{"element-6066-11e4-a52e-4f735466cecf":"f.5DEB10E109CE1E7B94EA7693F5B1958D.d.C585627F9C0A024C928EBF1387070BC4.e.3659","ELEMENT":"f.5DEB10E109CE1E7B94EA7693F5B1958D.d.C585627F9C0A024C928EBF1387070BC4.e.3659"}]}
COMMAND: GET /session/dc388682b4200c5e048280db36f00fb1/screenshot - {}
RESULT: {}
RESULT: {"script":"<script> [8489 bytes]","args":[{"element-6066-11e4-a52e-4f735466cecf":"f.5DEB10E109CE1E7B94EA7693F5B1958D.d.C585627F9C0A024C928EBF1387070BC4.e.3659","ELEMENT":"f.5DEB10E109CE1E7B94EA7693F5B1958D.d.C585627F9C0A024C928EBF1387070BC4.e.3659"}]}
COMMAND: POST /session/dc388682b4200c5e048280db36f00fb1/execute/sync - {"script":"<script> [5351 bytes]","args":[{"element-6066-11e4-a52e-4f735466cecf":"f.5DEB10E109CE1E7B94EA7693F5B1958D.d.C585627F9C0A024C928EBF1387070BC4.e.3659","ELEMENT":"f.5DEB10E109CE1E7B94EA7693F5B1958D.d.C585627F9C0A024C928EBF1387070BC4.e.3659"}]}
COMMAND: GET /session/dc388682b4200c5e048280db36f00fb1/screenshot - {}
RESULT: {}
RESULT: {"script":"<script> [5351 bytes]","args":[{"element-6066-11e4-a52e-4f735466cecf":"f.5DEB10E109CE1E7B94EA7693F5B1958D.d.C585627F9C0A024C928EBF1387070BC4.e.3659","ELEMENT":"f.5DEB10E109CE1E7B94EA7693F5B1958D.d.C585627F9C0A024C928EBF1387070BC4.e.3659"}]}
COMMAND: POST /session/dc388682b4200c5e048280db36f00fb1/element/f.5DEB10E109CE1E7B94EA7693F5B1958D.d.C585627F9C0A024C928EBF1387070BC4.e.3659/click - {}
COMMAND: GET /session/dc388682b4200c5e048280db36f00fb1/screenshot - {}
RESULT: {}
RESULT: {}
COMMAND: GET /session/dc388682b4200c5e048280db36f00fb1/screenshot - {}
RESULT: {}
RESULT: {}
COMMAND: POST /session/dc388682b4200c5e048280db36f00fb1/actions - {"actions":[{"id":"action13","type":"key","parameters":{},"actions":[{"type":"keyDown","value":"î€‡"},{"type":"pause","duration":10},{"type":"keyUp","value":"î€‡"}]}]}
RESULT: {"actions":[{"id":"action13","type":"key","parameters":{},"actions":[{"type":"keyDown","value":"î€‡"},{"type":"pause","duration":10},{"type":"keyUp","value":"î€‡"}]}]}
COMMAND: GET /session/dc388682b4200c5e048280db36f00fb1/screenshot - {}
COMMAND: POST /session/dc388682b4200c5e048280db36f00fb1/execute/async - {"script":"<script> [1562 bytes]","args":[{"selector":{"id":"application-manageconditionprice-display-component---newCondition--condBillCond-arrow"},"wdio_ui5_key":"applicationmanageconditionprice-display-component---newCondition--condBillCond-arrow"}]}
RESULT: {}
RESULT: {"script":"<script> [1562 bytes]","args":[{"selector":{"id":"application-manageconditionprice-display-component---newCondition--condBillCond-arrow"},"wdio_ui5_key":"applicationmanageconditionprice-display-component---newCondition--condBillCond-arrow"}]}
RESULT: undefined
COMMAND: POST /session/dc388682b4200c5e048280db36f00fb1/element - {"using":"xpath","value":"//*[@id=\"application-manageconditionprice-display-component---newCondition--condBillCond-arrow\"]"}
RESULT: {"using":"xpath","value":"//*[@id=\"application-manageconditionprice-display-component---newCondition--condBillCond-arrow\"]"}
COMMAND: POST /session/dc388682b4200c5e048280db36f00fb1/element/f.5DEB10E109CE1E7B94EA7693F5B1958D.d.C585627F9C0A024C928EBF1387070BC4.e.3865/click - {}
RESULT: {}
COMMAND: GET /session/dc388682b4200c5e048280db36f00fb1/screenshot - {}
RESULT: {}
COMMAND: POST /session/dc388682b4200c5e048280db36f00fb1/element - {"using":"xpath","value":"//li[.//span[contains(text(), \"DISP - D&I special price\")]]"}
RESULT: {"using":"xpath","value":"//li[.//span[contains(text(), \"DISP - D&I special price\")]]"}
COMMAND: POST /session/dc388682b4200c5e048280db36f00fb1/element/f.5DEB10E109CE1E7B94EA7693F5B1958D.d.C585627F9C0A024C928EBF1387070BC4.e.3868/click - {}
RESULT: {}
COMMAND: GET /session/dc388682b4200c5e048280db36f00fb1/screenshot - {}
RESULT: {}
COMMAND: POST /session/dc388682b4200c5e048280db36f00fb1/execute/async - {"script":"<script> [1562 bytes]","args":[{"selector":{"id":"application-manageconditionprice-display-component---newCondition--condValidTo","interaction":{"idSuffix":"inner"}},"wdio_ui5_key":"applicationmanageconditionprice-display-component---newCondition--condValidTo"}]}
RESULT: {"script":"<script> [1562 bytes]","args":[{"selector":{"id":"application-manageconditionprice-display-component---newCondition--condValidTo","interaction":{"idSuffix":"inner"}},"wdio_ui5_key":"applicationmanageconditionprice-display-component---newCondition--condValidTo"}]}
RESULT: undefined
COMMAND: POST /session/dc388682b4200c5e048280db36f00fb1/execute/async - {"script":"<script> [776 bytes]","args":[{"enterText":"1/16/26","selector":{"id":"application-manageconditionprice-display-component---newCondition--condValidTo","interaction":{"idSuffix":"inner"}},"clearTextFirst":true,"interactionType":"ENTER_TEXT"}]}
RESULT: {"script":"<script> [776 bytes]","args":[{"enterText":"1/16/26","selector":{"id":"application-manageconditionprice-display-component---newCondition--condValidTo","interaction":{"idSuffix":"inner"}},"clearTextFirst":true,"interactionType":"ENTER_TEXT"}]}
COMMAND: POST /session/dc388682b4200c5e048280db36f00fb1/element - {"using":"xpath","value":"//input[@id=\"application-manageconditionprice-display-component---newCondition--condRU-inner\"]"}
RESULT: {"using":"xpath","value":"//input[@id=\"application-manageconditionprice-display-component---newCondition--condRU-inner\"]"}
COMMAND: POST /session/dc388682b4200c5e048280db36f00fb1/element/f.5DEB10E109CE1E7B94EA7693F5B1958D.d.C585627F9C0A024C928EBF1387070BC4.e.3735/clear - {}
RESULT: {}
COMMAND: POST /session/dc388682b4200c5e048280db36f00fb1/element/f.5DEB10E109CE1E7B94EA7693F5B1958D.d.C585627F9C0A024C928EBF1387070BC4.e.3735/value - {"text":"1j4zT2uUwQ"}
COMMAND: GET /session/dc388682b4200c5e048280db36f00fb1/screenshot - {}
RESULT: {"text":"1j4zT2uUwQ"}
COMMAND: GET /session/dc388682b4200c5e048280db36f00fb1/screenshot - {}
RESULT: {}
RESULT: {}
COMMAND: POST /session/dc388682b4200c5e048280db36f00fb1/actions - {"actions":[{"id":"action14","type":"key","parameters":{},"actions":[{"type":"keyDown","value":"î€‡"},{"type":"pause","duration":10},{"type":"keyUp","value":"î€‡"}]}]}
RESULT: {"actions":[{"id":"action14","type":"key","parameters":{},"actions":[{"type":"keyDown","value":"î€‡"},{"type":"pause","duration":10},{"type":"keyUp","value":"î€‡"}]}]}
COMMAND: POST /session/dc388682b4200c5e048280db36f00fb1/execute/async - {"script":"<script> [1562 bytes]","args":[{"selector":{"id":"application-manageconditionprice-display-component---newCondition--condBaseQty","interaction":{"idSuffix":"inner"}},"wdio_ui5_key":"applicationmanageconditionprice-display-component---newCondition--condBaseQty"}]}
COMMAND: GET /session/dc388682b4200c5e048280db36f00fb1/screenshot - {}
RESULT: {"script":"<script> [1562 bytes]","args":[{"selector":{"id":"application-manageconditionprice-display-component---newCondition--condBaseQty","interaction":{"idSuffix":"inner"}},"wdio_ui5_key":"applicationmanageconditionprice-display-component---newCondition--condBaseQty"}]}
RESULT: undefined
COMMAND: POST /session/dc388682b4200c5e048280db36f00fb1/execute/async - {"script":"<script> [776 bytes]","args":[{"enterText":"1","selector":{"id":"application-manageconditionprice-display-component---newCondition--condBaseQty","interaction":{"idSuffix":"inner"}},"clearTextFirst":true,"interactionType":"ENTER_TEXT"}]}
RESULT: {}
RESULT: {"script":"<script> [776 bytes]","args":[{"enterText":"1","selector":{"id":"application-manageconditionprice-display-component---newCondition--condBaseQty","interaction":{"idSuffix":"inner"}},"clearTextFirst":true,"interactionType":"ENTER_TEXT"}]}
COMMAND: POST /session/dc388682b4200c5e048280db36f00fb1/execute/async - {"script":"<script> [1562 bytes]","args":[{"selector":{"id":"application-manageconditionprice-display-component---newCondition--condValue","interaction":{"idSuffix":"inner"}},"wdio_ui5_key":"applicationmanageconditionprice-display-component---newCondition--condValue"}]}
RESULT: {"script":"<script> [1562 bytes]","args":[{"selector":{"id":"application-manageconditionprice-display-component---newCondition--condValue","interaction":{"idSuffix":"inner"}},"wdio_ui5_key":"applicationmanageconditionprice-display-component---newCondition--condValue"}]}
RESULT: undefined
COMMAND: POST /session/dc388682b4200c5e048280db36f00fb1/execute/async - {"script":"<script> [776 bytes]","args":[{"enterText":"100","selector":{"id":"application-manageconditionprice-display-component---newCondition--condValue","interaction":{"idSuffix":"inner"}},"clearTextFirst":true,"interactionType":"ENTER_TEXT"}]}
RESULT: {"script":"<script> [776 bytes]","args":[{"enterText":"100","selector":{"id":"application-manageconditionprice-display-component---newCondition--condValue","interaction":{"idSuffix":"inner"}},"clearTextFirst":true,"interactionType":"ENTER_TEXT"}]}
COMMAND: POST /session/dc388682b4200c5e048280db36f00fb1/execute/async - {"script":"<script> [1562 bytes]","args":[{"selector":{"id":"application-manageconditionprice-display-component---newCondition--condCurr-arrow"},"wdio_ui5_key":"applicationmanageconditionprice-display-component---newCondition--condCurr-arrow"}]}
RESULT: {"script":"<script> [1562 bytes]","args":[{"selector":{"id":"application-manageconditionprice-display-component---newCondition--condCurr-arrow"},"wdio_ui5_key":"applicationmanageconditionprice-display-component---newCondition--condCurr-arrow"}]}
RESULT: undefined
COMMAND: POST /session/dc388682b4200c5e048280db36f00fb1/element - {"using":"xpath","value":"//*[@id=\"application-manageconditionprice-display-component---newCondition--condCurr-arrow\"]"}
RESULT: {"using":"xpath","value":"//*[@id=\"application-manageconditionprice-display-component---newCondition--condCurr-arrow\"]"}
COMMAND: POST /session/dc388682b4200c5e048280db36f00fb1/element/f.5DEB10E109CE1E7B94EA7693F5B1958D.d.C585627F9C0A024C928EBF1387070BC4.e.3826/click - {}
RESULT: {}
COMMAND: POST /session/dc388682b4200c5e048280db36f00fb1/element - {"using":"xpath","value":"//span[contains(text(), \"Euro\")]"}
COMMAND: GET /session/dc388682b4200c5e048280db36f00fb1/screenshot - {}
RESULT: {"using":"xpath","value":"//span[contains(text(), \"Euro\")]"}
COMMAND: POST /session/dc388682b4200c5e048280db36f00fb1/element/f.5DEB10E109CE1E7B94EA7693F5B1958D.d.C585627F9C0A024C928EBF1387070BC4.e.3905/click - {}
RESULT: {}
RESULT: {}
COMMAND: POST /session/dc388682b4200c5e048280db36f00fb1/element - {"using":"xpath","value":"//button[@data-kt=\"saveButton\"]"}
COMMAND: GET /session/dc388682b4200c5e048280db36f00fb1/screenshot - {}
RESULT: {"using":"xpath","value":"//button[@data-kt=\"saveButton\"]"}
COMMAND: POST /session/dc388682b4200c5e048280db36f00fb1/element/f.5DEB10E109CE1E7B94EA7693F5B1958D.d.C585627F9C0A024C928EBF1387070BC4.e.3827/click - {}
RESULT: {}
RESULT: {}
COMMAND: GET /session/dc388682b4200c5e048280db36f00fb1/screenshot - {}
RESULT: {}
COMMAND: POST /session/dc388682b4200c5e048280db36f00fb1/execute/async - {"script":"<script> [1562 bytes]","args":[{"selector":{"id":"application-manageconditionprice-display-component---conditions--smartFilterBar-btnBasicSearch","interaction":{"idSuffix":"I"}},"wdio_ui5_key":"applicationmanageconditionprice-display-component---conditions--smartFilterBar-btnBasicSearch"}]}
RESULT: {"script":"<script> [1562 bytes]","args":[{"selector":{"id":"application-manageconditionprice-display-component---conditions--smartFilterBar-btnBasicSearch","interaction":{"idSuffix":"I"}},"wdio_ui5_key":"applicationmanageconditionprice-display-component---conditions--smartFilterBar-btnBasicSearch"}]}
RESULT: undefined
COMMAND: POST /session/dc388682b4200c5e048280db36f00fb1/execute/async - {"script":"<script> [776 bytes]","args":[{"enterText":"1j4zT2uUwQ","selector":{"id":"application-manageconditionprice-display-component---conditions--smartFilterBar-btnBasicSearch","interaction":{"idSuffix":"I"}},"clearTextFirst":true,"interactionType":"ENTER_TEXT"}]}
RESULT: {"script":"<script> [776 bytes]","args":[{"enterText":"1j4zT2uUwQ","selector":{"id":"application-manageconditionprice-display-component---conditions--smartFilterBar-btnBasicSearch","interaction":{"idSuffix":"I"}},"clearTextFirst":true,"interactionType":"ENTER_TEXT"}]}
COMMAND: POST /session/dc388682b4200c5e048280db36f00fb1/actions - {"actions":[{"id":"action15","type":"key","parameters":{},"actions":[{"type":"keyDown","value":"î€‡"},{"type":"pause","duration":10},{"type":"keyUp","value":"î€‡"}]}]}
RESULT: {"actions":[{"id":"action15","type":"key","parameters":{},"actions":[{"type":"keyDown","value":"î€‡"},{"type":"pause","duration":10},{"type":"keyUp","value":"î€‡"}]}]}
COMMAND: GET /session/dc388682b4200c5e048280db36f00fb1/screenshot - {}
RESULT: {}
COMMAND: POST /session/dc388682b4200c5e048280db36f00fb1/execute/async - {"script":"<script> [1562 bytes]","args":[{"selector":{"id":"application-manageconditionprice-display-component---conditions--smartFilterBar-filterItemControl_BASIC-BILL_TYPES-vhi"},"wdio_ui5_key":"applicationmanageconditionprice-display-component---conditions--smartFilterBar-filterItemControl_BASIC-BILL_TYPES-vhi"}]}
RESULT: {"script":"<script> [1562 bytes]","args":[{"selector":{"id":"application-manageconditionprice-display-component---conditions--smartFilterBar-filterItemControl_BASIC-BILL_TYPES-vhi"},"wdio_ui5_key":"applicationmanageconditionprice-display-component---conditions--smartFilterBar-filterItemControl_BASIC-BILL_TYPES-vhi"}]}
RESULT: undefined
COMMAND: POST /session/dc388682b4200c5e048280db36f00fb1/element - {"using":"xpath","value":"//*[@id=\"application-manageconditionprice-display-component---conditions--smartFilterBar-filterItemControl_BASIC-BILL_TYPES-vhi\"]"}
RESULT: {"using":"xpath","value":"//*[@id=\"application-manageconditionprice-display-component---conditions--smartFilterBar-filterItemControl_BASIC-BILL_TYPES-vhi\"]"}
COMMAND: POST /session/dc388682b4200c5e048280db36f00fb1/element/f.5DEB10E109CE1E7B94EA7693F5B1958D.d.C585627F9C0A024C928EBF1387070BC4.e.4011/click - {}
RESULT: {}
COMMAND: POST /session/dc388682b4200c5e048280db36f00fb1/execute/async - {"script":"<script> [1562 bytes]","args":[{"selector":{"id":"application-manageconditionprice-display-component---conditions--smartFilterBar-filterItemControl_BASIC-BILL_TYPES-valueHelpDialog-smartFilterBar-btnBasicSearch","searchOpenDialogs":true,"interaction":{"idSuffix":"I"}},"wdio_ui5_key":"applicationmanageconditionprice-display-component---conditions--smartFilterBar-filterItemControl_BASIC-BILL_TYPES-valueHelpDialog-smartFilterBar-btnBasicSearch"}]}
COMMAND: GET /session/dc388682b4200c5e048280db36f00fb1/screenshot - {}
RESULT: {"script":"<script> [1562 bytes]","args":[{"selector":{"id":"application-manageconditionprice-display-component---conditions--smartFilterBar-filterItemControl_BASIC-BILL_TYPES-valueHelpDialog-smartFilterBar-btnBasicSearch","searchOpenDialogs":true,"interaction":{"idSuffix":"I"}},"wdio_ui5_key":"applicationmanageconditionprice-display-component---conditions--smartFilterBar-filterItemControl_BASIC-BILL_TYPES-valueHelpDialog-smartFilterBar-btnBasicSearch"}]}
RESULT: undefined
COMMAND: POST /session/dc388682b4200c5e048280db36f00fb1/execute/async - {"script":"<script> [776 bytes]","args":[{"enterText":"TB","selector":{"id":"application-manageconditionprice-display-component---conditions--smartFilterBar-filterItemControl_BASIC-BILL_TYPES-valueHelpDialog-smartFilterBar-btnBasicSearch","searchOpenDialogs":true,"interaction":{"idSuffix":"I"}},"clearTextFirst":true,"interactionType":"ENTER_TEXT"}]}
RESULT: {}
RESULT: {"script":"<script> [776 bytes]","args":[{"enterText":"TB","selector":{"id":"application-manageconditionprice-display-component---conditions--smartFilterBar-filterItemControl_BASIC-BILL_TYPES-valueHelpDialog-smartFilterBar-btnBasicSearch","searchOpenDialogs":true,"interaction":{"idSuffix":"I"}},"clearTextFirst":true,"interactionType":"ENTER_TEXT"}]}
COMMAND: POST /session/dc388682b4200c5e048280db36f00fb1/actions - {"actions":[{"id":"action16","type":"key","parameters":{},"actions":[{"type":"keyDown","value":"î€‡"},{"type":"pause","duration":10},{"type":"keyUp","value":"î€‡"}]}]}
RESULT: {"actions":[{"id":"action16","type":"key","parameters":{},"actions":[{"type":"keyDown","value":"î€‡"},{"type":"pause","duration":10},{"type":"keyUp","value":"î€‡"}]}]}
COMMAND: GET /session/dc388682b4200c5e048280db36f00fb1/screenshot - {}
RESULT: {}
COMMAND: POST /session/dc388682b4200c5e048280db36f00fb1/element - {"using":"xpath","value":"//div[contains(@id, 'application-manageconditionprice-display-component---conditions--smartFilterBar-filterItemControl_BASIC-BILL_TYPES-valueHelpDialog-table-rowsel0')]"}
RESULT: {"using":"xpath","value":"//div[contains(@id, 'application-manageconditionprice-display-component---conditions--smartFilterBar-filterItemControl_BASIC-BILL_TYPES-valueHelpDialog-table-rowsel0')]"}
COMMAND: POST /session/dc388682b4200c5e048280db36f00fb1/element/f.5DEB10E109CE1E7B94EA7693F5B1958D.d.C585627F9C0A024C928EBF1387070BC4.e.4021/click - {}
RESULT: {}
COMMAND: GET /session/dc388682b4200c5e048280db36f00fb1/screenshot - {}
RESULT: {}
COMMAND: POST /session/dc388682b4200c5e048280db36f00fb1/element - {"using":"xpath","value":"//bdi[contains(text(), \"OK\")]"}
RESULT: {"using":"xpath","value":"//bdi[contains(text(), \"OK\")]"}
COMMAND: POST /session/dc388682b4200c5e048280db36f00fb1/element/f.5DEB10E109CE1E7B94EA7693F5B1958D.d.C585627F9C0A024C928EBF1387070BC4.e.4023/click - {}
RESULT: {}
COMMAND: GET /session/dc388682b4200c5e048280db36f00fb1/screenshot - {}
RESULT: {}
COMMAND: POST /session/dc388682b4200c5e048280db36f00fb1/element - {"using":"xpath","value":"//span[@id=\"application-manageconditionprice-display-component---conditions--smartTable-header-inner\"]"}
RESULT: {"using":"xpath","value":"//span[@id=\"application-manageconditionprice-display-component---conditions--smartTable-header-inner\"]"}
COMMAND: POST /session/dc388682b4200c5e048280db36f00fb1/elements - {"using":"xpath","value":"//span[@id=\"application-manageconditionprice-display-component---conditions--smartTable-header-inner\"]"}
RESULT: {"using":"xpath","value":"//span[@id=\"application-manageconditionprice-display-component---conditions--smartTable-header-inner\"]"}
COMMAND: POST /session/dc388682b4200c5e048280db36f00fb1/execute/sync - {"script":"<script> [56 bytes]","args":[{"element-6066-11e4-a52e-4f735466cecf":"f.5DEB10E109CE1E7B94EA7693F5B1958D.d.C585627F9C0A024C928EBF1387070BC4.e.4026","ELEMENT":"f.5DEB10E109CE1E7B94EA7693F5B1958D.d.C585627F9C0A024C928EBF1387070BC4.e.4026"}]}
RESULT: {"script":"<script> [56 bytes]","args":[{"element-6066-11e4-a52e-4f735466cecf":"f.5DEB10E109CE1E7B94EA7693F5B1958D.d.C585627F9C0A024C928EBF1387070BC4.e.4026","ELEMENT":"f.5DEB10E109CE1E7B94EA7693F5B1958D.d.C585627F9C0A024C928EBF1387070BC4.e.4026"}]}
COMMAND: POST /session/dc388682b4200c5e048280db36f00fb1/element - {"using":"css selector","value":"#shell-header-logo"}
COMMAND: GET /session/dc388682b4200c5e048280db36f00fb1/screenshot - {}
RESULT: {"using":"css selector","value":"#shell-header-logo"}
COMMAND: POST /session/dc388682b4200c5e048280db36f00fb1/element/f.5DEB10E109CE1E7B94EA7693F5B1958D.d.C585627F9C0A024C928EBF1387070BC4.e.3622/click - {}
RESULT: {}
RESULT: {}
COMMAND: GET /session/dc388682b4200c5e048280db36f00fb1/screenshot - {}
RESULT: {}
]]></system-out>
    </testcase>
    <testcase classname="chrome.136_0_7103_93.windows.Billing_Transfer_-_Master_data_&amp;_Intercompany_US127250" name="Should do a stock increase" time="101.026">
      <system-out><![CDATA[
COMMAND: POST /session/dc388682b4200c5e048280db36f00fb1/execute/async - {"script":"<script> [1562 bytes]","args":[{"selector":{"controlType":"sap.m.GenericTile","properties":{"header":"Manage Handovers"}},"wdio_ui5_key":"sapm.GenericTile{\"header\":\"Manage Handovers\"}"}]}
RESULT: {"script":"<script> [1562 bytes]","args":[{"selector":{"controlType":"sap.m.GenericTile","properties":{"header":"Manage Handovers"}},"wdio_ui5_key":"sapm.GenericTile{\"header\":\"Manage Handovers\"}"}]}
RESULT: undefined
COMMAND: POST /session/dc388682b4200c5e048280db36f00fb1/element - {"using":"xpath","value":"//*[@id=\"__tile131\"]"}
RESULT: {"using":"xpath","value":"//*[@id=\"__tile131\"]"}
COMMAND: POST /session/dc388682b4200c5e048280db36f00fb1/element/f.5DEB10E109CE1E7B94EA7693F5B1958D.d.C585627F9C0A024C928EBF1387070BC4.e.247/click - {}
RESULT: {}
COMMAND: GET /session/dc388682b4200c5e048280db36f00fb1/screenshot - {}
RESULT: {}
COMMAND: POST /session/dc388682b4200c5e048280db36f00fb1/elements - {"using":"xpath","value":"//span[text()='Error']"}
RESULT: {"using":"xpath","value":"//span[text()='Error']"}
COMMAND: POST /session/dc388682b4200c5e048280db36f00fb1/element - {"using":"xpath","value":"//button[@data-kt=\"masterHOAddButton\"]"}
RESULT: {"using":"xpath","value":"//button[@data-kt=\"masterHOAddButton\"]"}
COMMAND: POST /session/dc388682b4200c5e048280db36f00fb1/elements - {"using":"xpath","value":"//button[@data-kt=\"masterHOAddButton\"]"}
RESULT: {"using":"xpath","value":"//button[@data-kt=\"masterHOAddButton\"]"}
COMMAND: POST /session/dc388682b4200c5e048280db36f00fb1/elements - {"using":"xpath","value":"//button[@data-kt=\"masterHOAddButton\"]"}
RESULT: {"using":"xpath","value":"//button[@data-kt=\"masterHOAddButton\"]"}
COMMAND: POST /session/dc388682b4200c5e048280db36f00fb1/element - {"using":"xpath","value":"//button[@data-kt=\"masterHOAddButton\"]"}
RESULT: {"using":"xpath","value":"//button[@data-kt=\"masterHOAddButton\"]"}
COMMAND: POST /session/dc388682b4200c5e048280db36f00fb1/execute/sync - {"script":"<script> [8489 bytes]","args":[{"element-6066-11e4-a52e-4f735466cecf":"f.5DEB10E109CE1E7B94EA7693F5B1958D.d.C585627F9C0A024C928EBF1387070BC4.e.4061","ELEMENT":"f.5DEB10E109CE1E7B94EA7693F5B1958D.d.C585627F9C0A024C928EBF1387070BC4.e.4061"}]}
RESULT: {"script":"<script> [8489 bytes]","args":[{"element-6066-11e4-a52e-4f735466cecf":"f.5DEB10E109CE1E7B94EA7693F5B1958D.d.C585627F9C0A024C928EBF1387070BC4.e.4061","ELEMENT":"f.5DEB10E109CE1E7B94EA7693F5B1958D.d.C585627F9C0A024C928EBF1387070BC4.e.4061"}]}
COMMAND: GET /session/dc388682b4200c5e048280db36f00fb1/element/f.5DEB10E109CE1E7B94EA7693F5B1958D.d.C585627F9C0A024C928EBF1387070BC4.e.4061/enabled - {}
COMMAND: GET /session/dc388682b4200c5e048280db36f00fb1/screenshot - {}
RESULT: {}
COMMAND: POST /session/dc388682b4200c5e048280db36f00fb1/execute/sync - {"script":"<script> [8489 bytes]","args":[{"element-6066-11e4-a52e-4f735466cecf":"f.5DEB10E109CE1E7B94EA7693F5B1958D.d.C585627F9C0A024C928EBF1387070BC4.e.4061","ELEMENT":"f.5DEB10E109CE1E7B94EA7693F5B1958D.d.C585627F9C0A024C928EBF1387070BC4.e.4061"}]}
COMMAND: GET /session/dc388682b4200c5e048280db36f00fb1/screenshot - {}
RESULT: {}
RESULT: {"script":"<script> [8489 bytes]","args":[{"element-6066-11e4-a52e-4f735466cecf":"f.5DEB10E109CE1E7B94EA7693F5B1958D.d.C585627F9C0A024C928EBF1387070BC4.e.4061","ELEMENT":"f.5DEB10E109CE1E7B94EA7693F5B1958D.d.C585627F9C0A024C928EBF1387070BC4.e.4061"}]}
COMMAND: POST /session/dc388682b4200c5e048280db36f00fb1/execute/sync - {"script":"<script> [5351 bytes]","args":[{"element-6066-11e4-a52e-4f735466cecf":"f.5DEB10E109CE1E7B94EA7693F5B1958D.d.C585627F9C0A024C928EBF1387070BC4.e.4061","ELEMENT":"f.5DEB10E109CE1E7B94EA7693F5B1958D.d.C585627F9C0A024C928EBF1387070BC4.e.4061"}]}
COMMAND: GET /session/dc388682b4200c5e048280db36f00fb1/screenshot - {}
RESULT: {}
RESULT: {"script":"<script> [5351 bytes]","args":[{"element-6066-11e4-a52e-4f735466cecf":"f.5DEB10E109CE1E7B94EA7693F5B1958D.d.C585627F9C0A024C928EBF1387070BC4.e.4061","ELEMENT":"f.5DEB10E109CE1E7B94EA7693F5B1958D.d.C585627F9C0A024C928EBF1387070BC4.e.4061"}]}
COMMAND: POST /session/dc388682b4200c5e048280db36f00fb1/element/f.5DEB10E109CE1E7B94EA7693F5B1958D.d.C585627F9C0A024C928EBF1387070BC4.e.4061/click - {}
COMMAND: GET /session/dc388682b4200c5e048280db36f00fb1/screenshot - {}
RESULT: {}
RESULT: {}
COMMAND: GET /session/dc388682b4200c5e048280db36f00fb1/screenshot - {}
COMMAND: POST /session/dc388682b4200c5e048280db36f00fb1/element - {"using":"xpath","value":"//span[contains(@id ,\"AddNewHO--typeSelect-arrow\")]"}
RESULT: {}
RESULT: {}
RESULT: {"using":"xpath","value":"//span[contains(@id ,\"AddNewHO--typeSelect-arrow\")]"}
COMMAND: POST /session/dc388682b4200c5e048280db36f00fb1/element/f.5DEB10E109CE1E7B94EA7693F5B1958D.d.C585627F9C0A024C928EBF1387070BC4.e.4421/click - {}
RESULT: {}
COMMAND: GET /session/dc388682b4200c5e048280db36f00fb1/screenshot - {}
RESULT: {}
COMMAND: POST /session/dc388682b4200c5e048280db36f00fb1/element - {"using":"xpath","value":"(//li[contains(text(), \"stock increase yard\")])[1]"}
RESULT: {"using":"xpath","value":"(//li[contains(text(), \"stock increase yard\")])[1]"}
COMMAND: POST /session/dc388682b4200c5e048280db36f00fb1/element/f.5DEB10E109CE1E7B94EA7693F5B1958D.d.C585627F9C0A024C928EBF1387070BC4.e.4422/click - {}
RESULT: {}
COMMAND: GET /session/dc388682b4200c5e048280db36f00fb1/screenshot - {}
RESULT: {}
COMMAND: POST /session/dc388682b4200c5e048280db36f00fb1/execute/async - {"script":"<script> [1562 bytes]","args":[{"selector":{"id":"application-managehandovers-display-component---AddNewHO--dueDate","interaction":{"idSuffix":"inner"}},"wdio_ui5_key":"applicationmanagehandovers-display-component---AddNewHO--dueDate"}]}
RESULT: {"script":"<script> [1562 bytes]","args":[{"selector":{"id":"application-managehandovers-display-component---AddNewHO--dueDate","interaction":{"idSuffix":"inner"}},"wdio_ui5_key":"applicationmanagehandovers-display-component---AddNewHO--dueDate"}]}
RESULT: undefined
COMMAND: POST /session/dc388682b4200c5e048280db36f00fb1/execute/async - {"script":"<script> [6424 bytes]","args":[{"element-6066-11e4-a52e-4f735466cecf":"f.5DEB10E109CE1E7B94EA7693F5B1958D.d.C585627F9C0A024C928EBF1387070BC4.e.4426"},"setValue",["5/16/25"]]}
RESULT: {"script":"<script> [6424 bytes]","args":[{"element-6066-11e4-a52e-4f735466cecf":"f.5DEB10E109CE1E7B94EA7693F5B1958D.d.C585627F9C0A024C928EBF1387070BC4.e.4426"},"setValue",["5/16/25"]]}
COMMAND: POST /session/dc388682b4200c5e048280db36f00fb1/element - {"using":"xpath","value":"//input[@id=\"generalSectionFrg--receiveYard-inner\"]"}
RESULT: {"using":"xpath","value":"//input[@id=\"generalSectionFrg--receiveYard-inner\"]"}
COMMAND: POST /session/dc388682b4200c5e048280db36f00fb1/element/f.5DEB10E109CE1E7B94EA7693F5B1958D.d.C585627F9C0A024C928EBF1387070BC4.e.4430/clear - {}
RESULT: {}
COMMAND: POST /session/dc388682b4200c5e048280db36f00fb1/element/f.5DEB10E109CE1E7B94EA7693F5B1958D.d.C585627F9C0A024C928EBF1387070BC4.e.4430/value - {"text":"434"}
COMMAND: GET /session/dc388682b4200c5e048280db36f00fb1/screenshot - {}
RESULT: {"text":"434"}
COMMAND: GET /session/dc388682b4200c5e048280db36f00fb1/screenshot - {}
RESULT: {}
RESULT: {}
COMMAND: POST /session/dc388682b4200c5e048280db36f00fb1/element - {"using":"xpath","value":"//li[.//span[text()='434']]"}
RESULT: {"using":"xpath","value":"//li[.//span[text()='434']]"}
COMMAND: POST /session/dc388682b4200c5e048280db36f00fb1/element/f.5DEB10E109CE1E7B94EA7693F5B1958D.d.C585627F9C0A024C928EBF1387070BC4.e.4446/click - {}
RESULT: {}
COMMAND: GET /session/dc388682b4200c5e048280db36f00fb1/screenshot - {}
RESULT: {}
COMMAND: POST /session/dc388682b4200c5e048280db36f00fb1/execute/async - {"script":"<script> [1562 bytes]","args":[{"selector":{"id":"application-managehandovers-display-component---AddNewHO--ObjectPageLayout-anchBar-application-managehandovers-display-component---AddNewHO--section4-anchor","interaction":{"idSuffix":"BDI-content"}},"wdio_ui5_key":"applicationmanagehandovers-display-component---AddNewHO--ObjectPageLayout-anchBar-application-managehandovers-display-component---AddNewHO--section4-anchor"}]}
RESULT: {"script":"<script> [1562 bytes]","args":[{"selector":{"id":"application-managehandovers-display-component---AddNewHO--ObjectPageLayout-anchBar-application-managehandovers-display-component---AddNewHO--section4-anchor","interaction":{"idSuffix":"BDI-content"}},"wdio_ui5_key":"applicationmanagehandovers-display-component---AddNewHO--ObjectPageLayout-anchBar-application-managehandovers-display-component---AddNewHO--section4-anchor"}]}
RESULT: undefined
COMMAND: POST /session/dc388682b4200c5e048280db36f00fb1/element - {"using":"xpath","value":"//*[@id=\"application-managehandovers-display-component---AddNewHO--ObjectPageLayout-anchBar-application-managehandovers-display-component---AddNewHO--section4-anchor\"]"}
RESULT: {"using":"xpath","value":"//*[@id=\"application-managehandovers-display-component---AddNewHO--ObjectPageLayout-anchBar-application-managehandovers-display-component---AddNewHO--section4-anchor\"]"}
COMMAND: POST /session/dc388682b4200c5e048280db36f00fb1/element/f.5DEB10E109CE1E7B94EA7693F5B1958D.d.C585627F9C0A024C928EBF1387070BC4.e.4448/click - {}
RESULT: {}
COMMAND: POST /session/dc388682b4200c5e048280db36f00fb1/element - {"using":"xpath","value":"//button[@aria-label=\"Add\"]"}
COMMAND: GET /session/dc388682b4200c5e048280db36f00fb1/screenshot - {}
RESULT: {"using":"xpath","value":"//button[@aria-label=\"Add\"]"}
COMMAND: POST /session/dc388682b4200c5e048280db36f00fb1/element/f.5DEB10E109CE1E7B94EA7693F5B1958D.d.C585627F9C0A024C928EBF1387070BC4.e.4450/click - {}
RESULT: {}
RESULT: {}
COMMAND: GET /session/dc388682b4200c5e048280db36f00fb1/screenshot - {}
RESULT: {}
COMMAND: POST /session/dc388682b4200c5e048280db36f00fb1/execute/async - {"script":"<script> [1562 bytes]","args":[{"selector":{"id":"application-managehandovers-display-component---AddNewHO--smartFilterBar-btnBasicSearch","searchOpenDialogs":true,"interaction":{"idSuffix":"I"}},"wdio_ui5_key":"applicationmanagehandovers-display-component---AddNewHO--smartFilterBar-btnBasicSearch"}]}
RESULT: {"script":"<script> [1562 bytes]","args":[{"selector":{"id":"application-managehandovers-display-component---AddNewHO--smartFilterBar-btnBasicSearch","searchOpenDialogs":true,"interaction":{"idSuffix":"I"}},"wdio_ui5_key":"applicationmanagehandovers-display-component---AddNewHO--smartFilterBar-btnBasicSearch"}]}
RESULT: undefined
COMMAND: POST /session/dc388682b4200c5e048280db36f00fb1/execute/async - {"script":"<script> [776 bytes]","args":[{"enterText":"1j4zT2uUwQ","selector":{"id":"application-managehandovers-display-component---AddNewHO--smartFilterBar-btnBasicSearch","searchOpenDialogs":true,"interaction":{"idSuffix":"I"}},"clearTextFirst":true,"interactionType":"ENTER_TEXT"}]}
RESULT: {"script":"<script> [776 bytes]","args":[{"enterText":"1j4zT2uUwQ","selector":{"id":"application-managehandovers-display-component---AddNewHO--smartFilterBar-btnBasicSearch","searchOpenDialogs":true,"interaction":{"idSuffix":"I"}},"clearTextFirst":true,"interactionType":"ENTER_TEXT"}]}
COMMAND: POST /session/dc388682b4200c5e048280db36f00fb1/actions - {"actions":[{"id":"action17","type":"key","parameters":{},"actions":[{"type":"keyDown","value":"î€‡"},{"type":"pause","duration":10},{"type":"keyUp","value":"î€‡"}]}]}
RESULT: {"actions":[{"id":"action17","type":"key","parameters":{},"actions":[{"type":"keyDown","value":"î€‡"},{"type":"pause","duration":10},{"type":"keyUp","value":"î€‡"}]}]}
COMMAND: GET /session/dc388682b4200c5e048280db36f00fb1/screenshot - {}
RESULT: {}
COMMAND: POST /session/dc388682b4200c5e048280db36f00fb1/execute/async - {"script":"<script> [1562 bytes]","args":[{"selector":{"id":"application-managehandovers-display-component---AddNewHO--popup-sa","searchOpenDialogs":true,"interaction":{"idSuffix":"CbBg"}},"wdio_ui5_key":"applicationmanagehandovers-display-component---AddNewHO--popup-sa"}]}
RESULT: {"script":"<script> [1562 bytes]","args":[{"selector":{"id":"application-managehandovers-display-component---AddNewHO--popup-sa","searchOpenDialogs":true,"interaction":{"idSuffix":"CbBg"}},"wdio_ui5_key":"applicationmanagehandovers-display-component---AddNewHO--popup-sa"}]}
RESULT: undefined
COMMAND: POST /session/dc388682b4200c5e048280db36f00fb1/element - {"using":"xpath","value":"//*[@id=\"application-managehandovers-display-component---AddNewHO--popup-sa\"]"}
RESULT: {"using":"xpath","value":"//*[@id=\"application-managehandovers-display-component---AddNewHO--popup-sa\"]"}
COMMAND: POST /session/dc388682b4200c5e048280db36f00fb1/element/f.5DEB10E109CE1E7B94EA7693F5B1958D.d.C585627F9C0A024C928EBF1387070BC4.e.4605/click - {}
RESULT: {}
COMMAND: GET /session/dc388682b4200c5e048280db36f00fb1/screenshot - {}
RESULT: {}
COMMAND: POST /session/dc388682b4200c5e048280db36f00fb1/element - {"using":"xpath","value":"//bdi[contains(text(), \"Select\")]"}
RESULT: {"using":"xpath","value":"//bdi[contains(text(), \"Select\")]"}
COMMAND: POST /session/dc388682b4200c5e048280db36f00fb1/element/f.5DEB10E109CE1E7B94EA7693F5B1958D.d.C585627F9C0A024C928EBF1387070BC4.e.4606/click - {}
RESULT: {}
COMMAND: GET /session/dc388682b4200c5e048280db36f00fb1/screenshot - {}
RESULT: {}
COMMAND: POST /session/dc388682b4200c5e048280db36f00fb1/element - {"using":"xpath","value":"//button[@data-kt=\"AddNewHOSaveButton\"]"}
RESULT: {"using":"xpath","value":"//button[@data-kt=\"AddNewHOSaveButton\"]"}
COMMAND: POST /session/dc388682b4200c5e048280db36f00fb1/element/f.5DEB10E109CE1E7B94EA7693F5B1958D.d.C585627F9C0A024C928EBF1387070BC4.e.4610/click - {}
RESULT: {}
COMMAND: GET /session/dc388682b4200c5e048280db36f00fb1/screenshot - {}
COMMAND: POST /session/dc388682b4200c5e048280db36f00fb1/execute/async - {"script":"<script> [1562 bytes]","args":[{"selector":{"id":"receiptDatePicker","viewName":"etm.portal.ui.managehandovers.view.DetailExecuteHO","interaction":{"idSuffix":"inner"}},"wdio_ui5_key":"receiptDatePickeretmportal.ui.managehandovers.view.DetailExecuteHO"}]}
RESULT: {}
RESULT: {"script":"<script> [1562 bytes]","args":[{"selector":{"id":"receiptDatePicker","viewName":"etm.portal.ui.managehandovers.view.DetailExecuteHO","interaction":{"idSuffix":"inner"}},"wdio_ui5_key":"receiptDatePickeretmportal.ui.managehandovers.view.DetailExecuteHO"}]}
RESULT: undefined
COMMAND: POST /session/dc388682b4200c5e048280db36f00fb1/execute/async - {"script":"<script> [6424 bytes]","args":[{"element-6066-11e4-a52e-4f735466cecf":"f.5DEB10E109CE1E7B94EA7693F5B1958D.d.C585627F9C0A024C928EBF1387070BC4.e.4630"},"setValue",["5/16/25"]]}
RESULT: {"script":"<script> [6424 bytes]","args":[{"element-6066-11e4-a52e-4f735466cecf":"f.5DEB10E109CE1E7B94EA7693F5B1958D.d.C585627F9C0A024C928EBF1387070BC4.e.4630"},"setValue",["5/16/25"]]}
COMMAND: POST /session/dc388682b4200c5e048280db36f00fb1/element - {"using":"xpath","value":"//button[@data-kt=\"PickingTableConfirmAllButton\"]"}
RESULT: {"using":"xpath","value":"//button[@data-kt=\"PickingTableConfirmAllButton\"]"}
COMMAND: POST /session/dc388682b4200c5e048280db36f00fb1/element/f.5DEB10E109CE1E7B94EA7693F5B1958D.d.C585627F9C0A024C928EBF1387070BC4.e.4645/click - {}
RESULT: {}
COMMAND: GET /session/dc388682b4200c5e048280db36f00fb1/screenshot - {}
RESULT: {}
COMMAND: POST /session/dc388682b4200c5e048280db36f00fb1/element - {"using":"xpath","value":"//bdi[contains(text(), \"OK\")]"}
RESULT: {"using":"xpath","value":"//bdi[contains(text(), \"OK\")]"}
COMMAND: POST /session/dc388682b4200c5e048280db36f00fb1/element/f.5DEB10E109CE1E7B94EA7693F5B1958D.d.C585627F9C0A024C928EBF1387070BC4.e.4647/click - {}
RESULT: {}
COMMAND: GET /session/dc388682b4200c5e048280db36f00fb1/screenshot - {}
RESULT: {}
COMMAND: POST /session/dc388682b4200c5e048280db36f00fb1/element - {"using":"xpath","value":"(//bdi[contains(text(), \"Receive\")])[2]"}
RESULT: {"using":"xpath","value":"(//bdi[contains(text(), \"Receive\")])[2]"}
COMMAND: POST /session/dc388682b4200c5e048280db36f00fb1/element/f.5DEB10E109CE1E7B94EA7693F5B1958D.d.C585627F9C0A024C928EBF1387070BC4.e.4649/click - {}
RESULT: {}
COMMAND: GET /session/dc388682b4200c5e048280db36f00fb1/screenshot - {}
RESULT: {}
COMMAND: POST /session/dc388682b4200c5e048280db36f00fb1/element - {"using":"css selector","value":"#shell-header-logo"}
RESULT: {"using":"css selector","value":"#shell-header-logo"}
COMMAND: POST /session/dc388682b4200c5e048280db36f00fb1/element/f.5DEB10E109CE1E7B94EA7693F5B1958D.d.C585627F9C0A024C928EBF1387070BC4.e.4033/click - {}
RESULT: {}
COMMAND: GET /session/dc388682b4200c5e048280db36f00fb1/screenshot - {}
RESULT: {}
]]></system-out>
    </testcase>
    <testcase classname="chrome.136_0_7103_93.windows.Billing_Transfer_-_Master_data_&amp;_Intercompany_US127250" name="Should create a new contract" time="84.855">
      <system-out><![CDATA[
COMMAND: POST /session/dc388682b4200c5e048280db36f00fb1/execute/async - {"script":"<script> [1562 bytes]","args":[{"selector":{"controlType":"sap.m.GenericTile","properties":{"header":"Manage Contracts"}},"wdio_ui5_key":"sapm.GenericTile{\"header\":\"Manage Contracts\"}"}]}
RESULT: {"script":"<script> [1562 bytes]","args":[{"selector":{"controlType":"sap.m.GenericTile","properties":{"header":"Manage Contracts"}},"wdio_ui5_key":"sapm.GenericTile{\"header\":\"Manage Contracts\"}"}]}
RESULT: undefined
COMMAND: POST /session/dc388682b4200c5e048280db36f00fb1/element - {"using":"xpath","value":"//*[@id=\"__tile130\"]"}
RESULT: {"using":"xpath","value":"//*[@id=\"__tile130\"]"}
COMMAND: POST /session/dc388682b4200c5e048280db36f00fb1/element/f.5DEB10E109CE1E7B94EA7693F5B1958D.d.C585627F9C0A024C928EBF1387070BC4.e.176/click - {}
RESULT: {}
COMMAND: GET /session/dc388682b4200c5e048280db36f00fb1/screenshot - {}
RESULT: {}
COMMAND: POST /session/dc388682b4200c5e048280db36f00fb1/elements - {"using":"xpath","value":"//span[text()='Error']"}
RESULT: {"using":"xpath","value":"//span[text()='Error']"}
COMMAND: POST /session/dc388682b4200c5e048280db36f00fb1/element - {"using":"xpath","value":"//button[@data-kt=\"addButton\"]"}
RESULT: {"using":"xpath","value":"//button[@data-kt=\"addButton\"]"}
COMMAND: POST /session/dc388682b4200c5e048280db36f00fb1/elements - {"using":"xpath","value":"//button[@data-kt=\"addButton\"]"}
RESULT: {"using":"xpath","value":"//button[@data-kt=\"addButton\"]"}
COMMAND: POST /session/dc388682b4200c5e048280db36f00fb1/elements - {"using":"xpath","value":"//button[@data-kt=\"addButton\"]"}
RESULT: {"using":"xpath","value":"//button[@data-kt=\"addButton\"]"}
COMMAND: POST /session/dc388682b4200c5e048280db36f00fb1/elements - {"using":"xpath","value":"//button[@data-kt=\"addButton\"]"}
RESULT: {"using":"xpath","value":"//button[@data-kt=\"addButton\"]"}
COMMAND: POST /session/dc388682b4200c5e048280db36f00fb1/elements - {"using":"xpath","value":"//button[@data-kt=\"addButton\"]"}
RESULT: {"using":"xpath","value":"//button[@data-kt=\"addButton\"]"}
COMMAND: POST /session/dc388682b4200c5e048280db36f00fb1/elements - {"using":"xpath","value":"//button[@data-kt=\"addButton\"]"}
RESULT: {"using":"xpath","value":"//button[@data-kt=\"addButton\"]"}
COMMAND: POST /session/dc388682b4200c5e048280db36f00fb1/elements - {"using":"xpath","value":"//button[@data-kt=\"addButton\"]"}
RESULT: {"using":"xpath","value":"//button[@data-kt=\"addButton\"]"}
COMMAND: POST /session/dc388682b4200c5e048280db36f00fb1/element - {"using":"xpath","value":"//button[@data-kt=\"addButton\"]"}
RESULT: {"using":"xpath","value":"//button[@data-kt=\"addButton\"]"}
COMMAND: POST /session/dc388682b4200c5e048280db36f00fb1/execute/sync - {"script":"<script> [8489 bytes]","args":[{"element-6066-11e4-a52e-4f735466cecf":"f.5DEB10E109CE1E7B94EA7693F5B1958D.d.C585627F9C0A024C928EBF1387070BC4.e.4867","ELEMENT":"f.5DEB10E109CE1E7B94EA7693F5B1958D.d.C585627F9C0A024C928EBF1387070BC4.e.4867"}]}
RESULT: {"script":"<script> [8489 bytes]","args":[{"element-6066-11e4-a52e-4f735466cecf":"f.5DEB10E109CE1E7B94EA7693F5B1958D.d.C585627F9C0A024C928EBF1387070BC4.e.4867","ELEMENT":"f.5DEB10E109CE1E7B94EA7693F5B1958D.d.C585627F9C0A024C928EBF1387070BC4.e.4867"}]}
COMMAND: GET /session/dc388682b4200c5e048280db36f00fb1/element/f.5DEB10E109CE1E7B94EA7693F5B1958D.d.C585627F9C0A024C928EBF1387070BC4.e.4867/enabled - {}
COMMAND: GET /session/dc388682b4200c5e048280db36f00fb1/screenshot - {}
RESULT: {}
COMMAND: POST /session/dc388682b4200c5e048280db36f00fb1/execute/sync - {"script":"<script> [8489 bytes]","args":[{"element-6066-11e4-a52e-4f735466cecf":"f.5DEB10E109CE1E7B94EA7693F5B1958D.d.C585627F9C0A024C928EBF1387070BC4.e.4867","ELEMENT":"f.5DEB10E109CE1E7B94EA7693F5B1958D.d.C585627F9C0A024C928EBF1387070BC4.e.4867"}]}
COMMAND: GET /session/dc388682b4200c5e048280db36f00fb1/screenshot - {}
RESULT: {}
RESULT: {"script":"<script> [8489 bytes]","args":[{"element-6066-11e4-a52e-4f735466cecf":"f.5DEB10E109CE1E7B94EA7693F5B1958D.d.C585627F9C0A024C928EBF1387070BC4.e.4867","ELEMENT":"f.5DEB10E109CE1E7B94EA7693F5B1958D.d.C585627F9C0A024C928EBF1387070BC4.e.4867"}]}
COMMAND: POST /session/dc388682b4200c5e048280db36f00fb1/execute/sync - {"script":"<script> [5351 bytes]","args":[{"element-6066-11e4-a52e-4f735466cecf":"f.5DEB10E109CE1E7B94EA7693F5B1958D.d.C585627F9C0A024C928EBF1387070BC4.e.4867","ELEMENT":"f.5DEB10E109CE1E7B94EA7693F5B1958D.d.C585627F9C0A024C928EBF1387070BC4.e.4867"}]}
COMMAND: GET /session/dc388682b4200c5e048280db36f00fb1/screenshot - {}
RESULT: {}
RESULT: {"script":"<script> [5351 bytes]","args":[{"element-6066-11e4-a52e-4f735466cecf":"f.5DEB10E109CE1E7B94EA7693F5B1958D.d.C585627F9C0A024C928EBF1387070BC4.e.4867","ELEMENT":"f.5DEB10E109CE1E7B94EA7693F5B1958D.d.C585627F9C0A024C928EBF1387070BC4.e.4867"}]}
COMMAND: GET /session/dc388682b4200c5e048280db36f00fb1/screenshot - {}
RESULT: {}
RESULT: {}
COMMAND: POST /session/dc388682b4200c5e048280db36f00fb1/element/f.5DEB10E109CE1E7B94EA7693F5B1958D.d.C585627F9C0A024C928EBF1387070BC4.e.4867/click - {}
RESULT: {}
COMMAND: GET /session/dc388682b4200c5e048280db36f00fb1/screenshot - {}
COMMAND: POST /session/dc388682b4200c5e048280db36f00fb1/execute/async - {"script":"<script> [1562 bytes]","args":[{"selector":{"id":"application-managecontracts-display-component---AddNewContract--projectDescription","interaction":{"idSuffix":"inner"}},"wdio_ui5_key":"applicationmanagecontracts-display-component---AddNewContract--projectDescription"}]}
RESULT: {"script":"<script> [1562 bytes]","args":[{"selector":{"id":"application-managecontracts-display-component---AddNewContract--projectDescription","interaction":{"idSuffix":"inner"}},"wdio_ui5_key":"applicationmanagecontracts-display-component---AddNewContract--projectDescription"}]}
RESULT: undefined
COMMAND: POST /session/dc388682b4200c5e048280db36f00fb1/execute/async - {"script":"<script> [776 bytes]","args":[{"enterText":"Intercompany Contract WDIO","selector":{"id":"application-managecontracts-display-component---AddNewContract--projectDescription","interaction":{"idSuffix":"inner"}},"clearTextFirst":true,"interactionType":"ENTER_TEXT"}]}
RESULT: {}
RESULT: {"script":"<script> [776 bytes]","args":[{"enterText":"Intercompany Contract WDIO","selector":{"id":"application-managecontracts-display-component---AddNewContract--projectDescription","interaction":{"idSuffix":"inner"}},"clearTextFirst":true,"interactionType":"ENTER_TEXT"}]}
COMMAND: POST /session/dc388682b4200c5e048280db36f00fb1/element - {"using":"xpath","value":"//input[@id=\"application-managecontracts-display-component---AddNewContract--site-inner\"]"}
RESULT: {"using":"xpath","value":"//input[@id=\"application-managecontracts-display-component---AddNewContract--site-inner\"]"}
COMMAND: POST /session/dc388682b4200c5e048280db36f00fb1/element/f.5DEB10E109CE1E7B94EA7693F5B1958D.d.C585627F9C0A024C928EBF1387070BC4.e.5227/clear - {}
RESULT: {}
COMMAND: POST /session/dc388682b4200c5e048280db36f00fb1/element/f.5DEB10E109CE1E7B94EA7693F5B1958D.d.C585627F9C0A024C928EBF1387070BC4.e.5227/value - {"text":"2202"}
COMMAND: GET /session/dc388682b4200c5e048280db36f00fb1/screenshot - {}
RESULT: {"text":"2202"}
COMMAND: GET /session/dc388682b4200c5e048280db36f00fb1/screenshot - {}
RESULT: {}
RESULT: {}
COMMAND: POST /session/dc388682b4200c5e048280db36f00fb1/element - {"using":"xpath","value":"//li[.//span[text()='2202']]"}
RESULT: {"using":"xpath","value":"//li[.//span[text()='2202']]"}
COMMAND: POST /session/dc388682b4200c5e048280db36f00fb1/element/f.5DEB10E109CE1E7B94EA7693F5B1958D.d.C585627F9C0A024C928EBF1387070BC4.e.5261/click - {}
RESULT: {}
COMMAND: GET /session/dc388682b4200c5e048280db36f00fb1/screenshot - {}
RESULT: {}
COMMAND: POST /session/dc388682b4200c5e048280db36f00fb1/element - {"using":"xpath","value":"//input[@id=\"application-managecontracts-display-component---AddNewContract--yardId-inner\"]"}
RESULT: {"using":"xpath","value":"//input[@id=\"application-managecontracts-display-component---AddNewContract--yardId-inner\"]"}
COMMAND: GET /session/dc388682b4200c5e048280db36f00fb1/element/f.5DEB10E109CE1E7B94EA7693F5B1958D.d.C585627F9C0A024C928EBF1387070BC4.e.5228/property/value - {}
RESULT: {}
COMMAND: POST /session/dc388682b4200c5e048280db36f00fb1/element - {"using":"xpath","value":"//input[@id=\"application-managecontracts-display-component---AddNewContract--customerSelect-inner\"]"}
COMMAND: GET /session/dc388682b4200c5e048280db36f00fb1/screenshot - {}
RESULT: {"using":"xpath","value":"//input[@id=\"application-managecontracts-display-component---AddNewContract--customerSelect-inner\"]"}
COMMAND: POST /session/dc388682b4200c5e048280db36f00fb1/element/f.5DEB10E109CE1E7B94EA7693F5B1958D.d.C585627F9C0A024C928EBF1387070BC4.e.5226/clear - {}
RESULT: {}
RESULT: {}
COMMAND: POST /session/dc388682b4200c5e048280db36f00fb1/element/f.5DEB10E109CE1E7B94EA7693F5B1958D.d.C585627F9C0A024C928EBF1387070BC4.e.5226/value - {"text":"1243"}
COMMAND: GET /session/dc388682b4200c5e048280db36f00fb1/screenshot - {}
RESULT: {"text":"1243"}
COMMAND: GET /session/dc388682b4200c5e048280db36f00fb1/screenshot - {}
RESULT: {}
RESULT: {}
COMMAND: POST /session/dc388682b4200c5e048280db36f00fb1/element - {"using":"xpath","value":"//li[.//span[text()='1243']]"}
RESULT: {"using":"xpath","value":"//li[.//span[text()='1243']]"}
COMMAND: POST /session/dc388682b4200c5e048280db36f00fb1/element/f.5DEB10E109CE1E7B94EA7693F5B1958D.d.C585627F9C0A024C928EBF1387070BC4.e.5264/click - {}
RESULT: {}
COMMAND: GET /session/dc388682b4200c5e048280db36f00fb1/screenshot - {}
RESULT: {}
COMMAND: POST /session/dc388682b4200c5e048280db36f00fb1/element - {"using":"xpath","value":"//button[@data-kt=\"saveButton\"]"}
RESULT: {"using":"xpath","value":"//button[@data-kt=\"saveButton\"]"}
COMMAND: POST /session/dc388682b4200c5e048280db36f00fb1/element/f.5DEB10E109CE1E7B94EA7693F5B1958D.d.C585627F9C0A024C928EBF1387070BC4.e.5265/click - {}
RESULT: {}
COMMAND: GET /session/dc388682b4200c5e048280db36f00fb1/screenshot - {}
RESULT: {}
COMMAND: POST /session/dc388682b4200c5e048280db36f00fb1/element - {"using":"xpath","value":"//span[contains(@id ,\"contractDetailTitleNoExpanded\")]"}
RESULT: {"using":"xpath","value":"//span[contains(@id ,\"contractDetailTitleNoExpanded\")]"}
COMMAND: POST /session/dc388682b4200c5e048280db36f00fb1/elements - {"using":"xpath","value":"//span[contains(@id ,\"contractDetailTitleNoExpanded\")]"}
RESULT: {"using":"xpath","value":"//span[contains(@id ,\"contractDetailTitleNoExpanded\")]"}
COMMAND: POST /session/dc388682b4200c5e048280db36f00fb1/execute/sync - {"script":"<script> [56 bytes]","args":[{"element-6066-11e4-a52e-4f735466cecf":"f.5DEB10E109CE1E7B94EA7693F5B1958D.d.C585627F9C0A024C928EBF1387070BC4.e.5335","ELEMENT":"f.5DEB10E109CE1E7B94EA7693F5B1958D.d.C585627F9C0A024C928EBF1387070BC4.e.5335"}]}
RESULT: {"script":"<script> [56 bytes]","args":[{"element-6066-11e4-a52e-4f735466cecf":"f.5DEB10E109CE1E7B94EA7693F5B1958D.d.C585627F9C0A024C928EBF1387070BC4.e.5335","ELEMENT":"f.5DEB10E109CE1E7B94EA7693F5B1958D.d.C585627F9C0A024C928EBF1387070BC4.e.5335"}]}
COMMAND: GET /session/dc388682b4200c5e048280db36f00fb1/screenshot - {}
RESULT: {}
]]></system-out>
    </testcase>
    <testcase classname="chrome.136_0_7103_93.windows.Billing_Transfer_-_Master_data_&amp;_Intercompany_US127250" name="Should add equipment to the contract" time="52.717">
      <system-out><![CDATA[
COMMAND: POST /session/dc388682b4200c5e048280db36f00fb1/element - {"using":"xpath","value":"//button[@data-kt=\"contractDetailEditBtnButton\"]"}
RESULT: {"using":"xpath","value":"//button[@data-kt=\"contractDetailEditBtnButton\"]"}
COMMAND: POST /session/dc388682b4200c5e048280db36f00fb1/element/f.5DEB10E109CE1E7B94EA7693F5B1958D.d.C585627F9C0A024C928EBF1387070BC4.e.5338/click - {}
RESULT: {}
COMMAND: GET /session/dc388682b4200c5e048280db36f00fb1/screenshot - {}
RESULT: {}
COMMAND: POST /session/dc388682b4200c5e048280db36f00fb1/element - {"using":"xpath","value":"(//span[contains(text(), \"Additional Addresses\")])[2]"}
RESULT: {"using":"xpath","value":"(//span[contains(text(), \"Additional Addresses\")])[2]"}
COMMAND: POST /session/dc388682b4200c5e048280db36f00fb1/element/f.5DEB10E109CE1E7B94EA7693F5B1958D.d.C585627F9C0A024C928EBF1387070BC4.e.5395/click - {}
RESULT: {}
COMMAND: GET /session/dc388682b4200c5e048280db36f00fb1/screenshot - {}
RESULT: {}
COMMAND: POST /session/dc388682b4200c5e048280db36f00fb1/element - {"using":"xpath","value":"//button[@data-kt=\"btnAddTableRowOverflowToolbarButton\"]"}
RESULT: {"using":"xpath","value":"//button[@data-kt=\"btnAddTableRowOverflowToolbarButton\"]"}
COMMAND: POST /session/dc388682b4200c5e048280db36f00fb1/element/f.5DEB10E109CE1E7B94EA7693F5B1958D.d.C585627F9C0A024C928EBF1387070BC4.e.5397/click - {}
RESULT: {}
COMMAND: GET /session/dc388682b4200c5e048280db36f00fb1/screenshot - {}
RESULT: {}
COMMAND: POST /session/dc388682b4200c5e048280db36f00fb1/element - {"using":"xpath","value":"//div[(text() = 'Standard Entry' or . = 'Standard Entry')]"}
RESULT: {"using":"xpath","value":"//div[(text() = 'Standard Entry' or . = 'Standard Entry')]"}
COMMAND: POST /session/dc388682b4200c5e048280db36f00fb1/element/f.5DEB10E109CE1E7B94EA7693F5B1958D.d.C585627F9C0A024C928EBF1387070BC4.e.5399/click - {}
RESULT: {}
COMMAND: GET /session/dc388682b4200c5e048280db36f00fb1/screenshot - {}
RESULT: {}
COMMAND: POST /session/dc388682b4200c5e048280db36f00fb1/element - {"using":"xpath","value":"//td[7]/div/div/input"}
RESULT: {"using":"xpath","value":"//td[7]/div/div/input"}
COMMAND: POST /session/dc388682b4200c5e048280db36f00fb1/element/f.5DEB10E109CE1E7B94EA7693F5B1958D.d.C585627F9C0A024C928EBF1387070BC4.e.5408/clear - {}
RESULT: {}
COMMAND: POST /session/dc388682b4200c5e048280db36f00fb1/element/f.5DEB10E109CE1E7B94EA7693F5B1958D.d.C585627F9C0A024C928EBF1387070BC4.e.5408/value - {"text":"1j4zT2uUwQ"}
COMMAND: GET /session/dc388682b4200c5e048280db36f00fb1/screenshot - {}
RESULT: {"text":"1j4zT2uUwQ"}
COMMAND: GET /session/dc388682b4200c5e048280db36f00fb1/screenshot - {}
RESULT: {}
RESULT: {}
COMMAND: POST /session/dc388682b4200c5e048280db36f00fb1/actions - {"actions":[{"id":"action18","type":"key","parameters":{},"actions":[{"type":"keyDown","value":"î€‡"},{"type":"pause","duration":10},{"type":"keyUp","value":"î€‡"}]}]}
RESULT: {"actions":[{"id":"action18","type":"key","parameters":{},"actions":[{"type":"keyDown","value":"î€‡"},{"type":"pause","duration":10},{"type":"keyUp","value":"î€‡"}]}]}
COMMAND: GET /session/dc388682b4200c5e048280db36f00fb1/screenshot - {}
RESULT: {}
COMMAND: POST /session/dc388682b4200c5e048280db36f00fb1/execute/sync - {"script":"<script> [276 bytes]","args":["No pricing information was found"]}
RESULT: {"script":"<script> [276 bytes]","args":["No pricing information was found"]}
COMMAND: POST /session/dc388682b4200c5e048280db36f00fb1/element - {"using":"xpath","value":"(//button[@data-kt=\"saveButton\"])[2]"}
COMMAND: GET /session/dc388682b4200c5e048280db36f00fb1/screenshot - {}
RESULT: {"using":"xpath","value":"(//button[@data-kt=\"saveButton\"])[2]"}
COMMAND: POST /session/dc388682b4200c5e048280db36f00fb1/element/f.5DEB10E109CE1E7B94EA7693F5B1958D.d.C585627F9C0A024C928EBF1387070BC4.e.5423/click - {}
RESULT: {}
RESULT: {}
COMMAND: GET /session/dc388682b4200c5e048280db36f00fb1/screenshot - {}
RESULT: {}
COMMAND: POST /session/dc388682b4200c5e048280db36f00fb1/execute/sync - {"script":"<script> [276 bytes]","args":["Some contract items are having rental validity exceeding header rental validity"]}
RESULT: {"script":"<script> [276 bytes]","args":["Some contract items are having rental validity exceeding header rental validity"]}
COMMAND: GET /session/dc388682b4200c5e048280db36f00fb1/screenshot - {}
RESULT: {}
COMMAND: POST /session/dc388682b4200c5e048280db36f00fb1/element - {"using":"xpath","value":"//span[contains(@id ,\"contractItemsSmartTable-header-inner\")]"}
RESULT: {"using":"xpath","value":"//span[contains(@id ,\"contractItemsSmartTable-header-inner\")]"}
COMMAND: POST /session/dc388682b4200c5e048280db36f00fb1/elements - {"using":"xpath","value":"//span[contains(@id ,\"contractItemsSmartTable-header-inner\")]"}
RESULT: {"using":"xpath","value":"//span[contains(@id ,\"contractItemsSmartTable-header-inner\")]"}
COMMAND: POST /session/dc388682b4200c5e048280db36f00fb1/execute/sync - {"script":"<script> [56 bytes]","args":[{"element-6066-11e4-a52e-4f735466cecf":"f.5DEB10E109CE1E7B94EA7693F5B1958D.d.C585627F9C0A024C928EBF1387070BC4.e.5429","ELEMENT":"f.5DEB10E109CE1E7B94EA7693F5B1958D.d.C585627F9C0A024C928EBF1387070BC4.e.5429"}]}
RESULT: {"script":"<script> [56 bytes]","args":[{"element-6066-11e4-a52e-4f735466cecf":"f.5DEB10E109CE1E7B94EA7693F5B1958D.d.C585627F9C0A024C928EBF1387070BC4.e.5429","ELEMENT":"f.5DEB10E109CE1E7B94EA7693F5B1958D.d.C585627F9C0A024C928EBF1387070BC4.e.5429"}]}
COMMAND: GET /session/dc388682b4200c5e048280db36f00fb1/screenshot - {}
]]></system-out>
    </testcase>
    <testcase classname="chrome.136_0_7103_93.windows.Billing_Transfer_-_Master_data_&amp;_Intercompany_US127250" name="Should do a provide to site handover" time="72.002">
      <system-out><![CDATA[
COMMAND: POST /session/dc388682b4200c5e048280db36f00fb1/element - {"using":"xpath","value":"//button[@data-kt=\"provideButton\"]"}
RESULT: {}
RESULT: {"using":"xpath","value":"//button[@data-kt=\"provideButton\"]"}
COMMAND: POST /session/dc388682b4200c5e048280db36f00fb1/element/f.5DEB10E109CE1E7B94EA7693F5B1958D.d.C585627F9C0A024C928EBF1387070BC4.e.5430/click - {}
RESULT: {}
COMMAND: GET /session/dc388682b4200c5e048280db36f00fb1/screenshot - {}
RESULT: {}
RESULT: undefined
COMMAND: POST /session/dc388682b4200c5e048280db36f00fb1/execute/async - {"script":"<script> [6424 bytes]","args":[{"element-6066-11e4-a52e-4f735466cecf":"f.5DEB10E109CE1E7B94EA7693F5B1958D.d.C585627F9C0A024C928EBF1387070BC4.e.4426"},"setValue",["5/16/25"]]}
COMMAND: POST /session/dc388682b4200c5e048280db36f00fb1/execute/async - {"script":"<script> [1562 bytes]","args":[{"selector":{"id":"application-managehandovers-display-component---AddNewHO--dueDate","interaction":{"idSuffix":"inner"}},"wdio_ui5_key":"applicationmanagehandovers-display-component---AddNewHO--dueDate"}]}
RESULT: {"script":"<script> [1562 bytes]","args":[{"selector":{"id":"application-managehandovers-display-component---AddNewHO--dueDate","interaction":{"idSuffix":"inner"}},"wdio_ui5_key":"applicationmanagehandovers-display-component---AddNewHO--dueDate"}]}
COMMAND: POST /session/dc388682b4200c5e048280db36f00fb1/execute/async - {"script":"<script> [6424 bytes]","args":[{"element-6066-11e4-a52e-4f735466cecf":"f.5DEB10E109CE1E7B94EA7693F5B1958D.d.C585627F9C0A024C928EBF1387070BC4.e.5487"},"setValue",["5/16/25"]]}
RESULT: {"script":"<script> [6424 bytes]","args":[{"element-6066-11e4-a52e-4f735466cecf":"f.5DEB10E109CE1E7B94EA7693F5B1958D.d.C585627F9C0A024C928EBF1387070BC4.e.5487"},"setValue",["5/16/25"]]}
COMMAND: POST /session/dc388682b4200c5e048280db36f00fb1/element - {"using":"xpath","value":"//bdi[contains(text(), \"Instructions\")]"}
RESULT: {"using":"xpath","value":"//bdi[contains(text(), \"Instructions\")]"}
COMMAND: POST /session/dc388682b4200c5e048280db36f00fb1/element/f.5DEB10E109CE1E7B94EA7693F5B1958D.d.C585627F9C0A024C928EBF1387070BC4.e.5746/click - {}
RESULT: {}
COMMAND: GET /session/dc388682b4200c5e048280db36f00fb1/screenshot - {}
RESULT: {}
COMMAND: POST /session/dc388682b4200c5e048280db36f00fb1/element - {"using":"xpath","value":"//button[@data-kt=\"AddNewHOProvideAddItemsButton\"]"}
RESULT: {"using":"xpath","value":"//button[@data-kt=\"AddNewHOProvideAddItemsButton\"]"}
COMMAND: POST /session/dc388682b4200c5e048280db36f00fb1/element/f.5DEB10E109CE1E7B94EA7693F5B1958D.d.C585627F9C0A024C928EBF1387070BC4.e.5750/click - {}
RESULT: {}
COMMAND: GET /session/dc388682b4200c5e048280db36f00fb1/screenshot - {}
RESULT: {}
RESULT: undefined
COMMAND: POST /session/dc388682b4200c5e048280db36f00fb1/element - {"using":"xpath","value":"//*[@id=\"application-managehandovers-display-component---AddNewHO--popup-sa\"]"}
RESULT: {"using":"xpath","value":"//*[@id=\"application-managehandovers-display-component---AddNewHO--popup-sa\"]"}
COMMAND: POST /session/dc388682b4200c5e048280db36f00fb1/element/f.5DEB10E109CE1E7B94EA7693F5B1958D.d.C585627F9C0A024C928EBF1387070BC4.e.5759/click - {}
RESULT: {}
COMMAND: GET /session/dc388682b4200c5e048280db36f00fb1/screenshot - {}
RESULT: {}
COMMAND: POST /session/dc388682b4200c5e048280db36f00fb1/element - {"using":"xpath","value":"//*[contains(@id ,\"BDI-content\")][contains(text(), \"Select\")]"}
RESULT: {"using":"xpath","value":"//*[contains(@id ,\"BDI-content\")][contains(text(), \"Select\")]"}
COMMAND: POST /session/dc388682b4200c5e048280db36f00fb1/element/f.5DEB10E109CE1E7B94EA7693F5B1958D.d.C585627F9C0A024C928EBF1387070BC4.e.5761/click - {}
RESULT: {}
COMMAND: GET /session/dc388682b4200c5e048280db36f00fb1/screenshot - {}
RESULT: {}
COMMAND: POST /session/dc388682b4200c5e048280db36f00fb1/execute/async - {"script":"<script> [1562 bytes]","args":[{"selector":{"id":"application-managehandovers-display-component---AddNewHO--confirmCreationButton","interaction":{"idSuffix":"BDI-content"}},"wdio_ui5_key":"applicationmanagehandovers-display-component---AddNewHO--confirmCreationButton"}]}
RESULT: {"script":"<script> [1562 bytes]","args":[{"selector":{"id":"application-managehandovers-display-component---AddNewHO--confirmCreationButton","interaction":{"idSuffix":"BDI-content"}},"wdio_ui5_key":"applicationmanagehandovers-display-component---AddNewHO--confirmCreationButton"}]}
RESULT: undefined
COMMAND: POST /session/dc388682b4200c5e048280db36f00fb1/element - {"using":"xpath","value":"//*[@id=\"application-managehandovers-display-component---AddNewHO--confirmCreationButton\"]"}
RESULT: {"using":"xpath","value":"//*[@id=\"application-managehandovers-display-component---AddNewHO--confirmCreationButton\"]"}
COMMAND: POST /session/dc388682b4200c5e048280db36f00fb1/element/f.5DEB10E109CE1E7B94EA7693F5B1958D.d.C585627F9C0A024C928EBF1387070BC4.e.5551/click - {}
RESULT: {}
COMMAND: GET /session/dc388682b4200c5e048280db36f00fb1/screenshot - {}
COMMAND: POST /session/dc388682b4200c5e048280db36f00fb1/execute/async - {"script":"<script> [1562 bytes]","args":[{"selector":{"id":"issueDatePicker","viewName":"etm.portal.ui.managehandovers.view.DetailExecuteHO","interaction":{"idSuffix":"inner"}},"wdio_ui5_key":"issueDatePickeretmportal.ui.managehandovers.view.DetailExecuteHO"}]}
RESULT: {}
RESULT: {"script":"<script> [1562 bytes]","args":[{"selector":{"id":"issueDatePicker","viewName":"etm.portal.ui.managehandovers.view.DetailExecuteHO","interaction":{"idSuffix":"inner"}},"wdio_ui5_key":"issueDatePickeretmportal.ui.managehandovers.view.DetailExecuteHO"}]}
RESULT: undefined
COMMAND: POST /session/dc388682b4200c5e048280db36f00fb1/execute/async - {"script":"<script> [776 bytes]","args":[{"enterText":"5/16/25","selector":{"id":"issueDatePicker","viewName":"etm.portal.ui.managehandovers.view.DetailExecuteHO","interaction":{"idSuffix":"inner"}},"clearTextFirst":true,"interactionType":"ENTER_TEXT"}]}
RESULT: {"script":"<script> [776 bytes]","args":[{"enterText":"5/16/25","selector":{"id":"issueDatePicker","viewName":"etm.portal.ui.managehandovers.view.DetailExecuteHO","interaction":{"idSuffix":"inner"}},"clearTextFirst":true,"interactionType":"ENTER_TEXT"}]}
COMMAND: POST /session/dc388682b4200c5e048280db36f00fb1/element - {"using":"xpath","value":"//bdi[contains(text(), \"OK\")]"}
RESULT: {"using":"xpath","value":"//bdi[contains(text(), \"OK\")]"}
COMMAND: POST /session/dc388682b4200c5e048280db36f00fb1/element/f.5DEB10E109CE1E7B94EA7693F5B1958D.d.C585627F9C0A024C928EBF1387070BC4.e.5807/click - {}
RESULT: {}
COMMAND: GET /session/dc388682b4200c5e048280db36f00fb1/screenshot - {}
RESULT: {}
COMMAND: POST /session/dc388682b4200c5e048280db36f00fb1/element - {"using":"xpath","value":"//button[@data-kt=\"PickingTableConfirmAllButton\"]"}
RESULT: {"using":"xpath","value":"//button[@data-kt=\"PickingTableConfirmAllButton\"]"}
COMMAND: POST /session/dc388682b4200c5e048280db36f00fb1/element/f.5DEB10E109CE1E7B94EA7693F5B1958D.d.C585627F9C0A024C928EBF1387070BC4.e.5814/click - {}
RESULT: {}
COMMAND: GET /session/dc388682b4200c5e048280db36f00fb1/screenshot - {}
RESULT: {}
COMMAND: POST /session/dc388682b4200c5e048280db36f00fb1/element - {"using":"xpath","value":"//bdi[contains(text(), \"OK\")]"}
RESULT: {"using":"xpath","value":"//bdi[contains(text(), \"OK\")]"}
COMMAND: POST /session/dc388682b4200c5e048280db36f00fb1/element/f.5DEB10E109CE1E7B94EA7693F5B1958D.d.C585627F9C0A024C928EBF1387070BC4.e.5818/click - {}
RESULT: {}
COMMAND: GET /session/dc388682b4200c5e048280db36f00fb1/screenshot - {}
RESULT: {}
COMMAND: POST /session/dc388682b4200c5e048280db36f00fb1/element - {"using":"xpath","value":"//bdi[contains(text(), \"Issue\")]"}
RESULT: {"using":"xpath","value":"//bdi[contains(text(), \"Issue\")]"}
COMMAND: POST /session/dc388682b4200c5e048280db36f00fb1/element/f.5DEB10E109CE1E7B94EA7693F5B1958D.d.C585627F9C0A024C928EBF1387070BC4.e.5819/click - {}
RESULT: {}
COMMAND: GET /session/dc388682b4200c5e048280db36f00fb1/screenshot - {}
RESULT: {}
COMMAND: POST /session/dc388682b4200c5e048280db36f00fb1/element - {"using":"css selector","value":"#shell-header-logo"}
RESULT: {"using":"css selector","value":"#shell-header-logo"}
COMMAND: POST /session/dc388682b4200c5e048280db36f00fb1/element/f.5DEB10E109CE1E7B94EA7693F5B1958D.d.C585627F9C0A024C928EBF1387070BC4.e.4820/click - {}
RESULT: {}
COMMAND: GET /session/dc388682b4200c5e048280db36f00fb1/screenshot - {}
RESULT: {}
]]></system-out>
    </testcase>
    <testcase classname="chrome.136_0_7103_93.windows.Billing_Transfer_-_Master_data_&amp;_Intercompany_US127250" name="Should go navigate to Manage Billings and trigger contract calculation check result" time="72.737">
      <system-out><![CDATA[
COMMAND: POST /session/dc388682b4200c5e048280db36f00fb1/execute/async - {"script":"<script> [1562 bytes]","args":[{"selector":{"controlType":"sap.m.GenericTile","properties":{"header":"Manage Billings"}},"wdio_ui5_key":"sapm.GenericTile{\"header\":\"Manage Billings\"}"}]}
RESULT: {"script":"<script> [1562 bytes]","args":[{"selector":{"controlType":"sap.m.GenericTile","properties":{"header":"Manage Billings"}},"wdio_ui5_key":"sapm.GenericTile{\"header\":\"Manage Billings\"}"}]}
RESULT: undefined
COMMAND: POST /session/dc388682b4200c5e048280db36f00fb1/element - {"using":"xpath","value":"//*[@id=\"__tile51\"]"}
RESULT: {"using":"xpath","value":"//*[@id=\"__tile51\"]"}
COMMAND: POST /session/dc388682b4200c5e048280db36f00fb1/element/f.5DEB10E109CE1E7B94EA7693F5B1958D.d.C585627F9C0A024C928EBF1387070BC4.e.203/click - {}
RESULT: {}
COMMAND: GET /session/dc388682b4200c5e048280db36f00fb1/screenshot - {}
RESULT: {}
COMMAND: POST /session/dc388682b4200c5e048280db36f00fb1/elements - {"using":"xpath","value":"//span[text()='Error']"}
RESULT: {"using":"xpath","value":"//span[text()='Error']"}
COMMAND: POST /session/dc388682b4200c5e048280db36f00fb1/execute/async - {"script":"<script> [1562 bytes]","args":[{"selector":{"id":"application-managebillings-display-component---billRunCalcResult--smartFilterBar-btnBasicSearch","interaction":{"idSuffix":"I"}},"wdio_ui5_key":"applicationmanagebillings-display-component---billRunCalcResult--smartFilterBar-btnBasicSearch"}]}
RESULT: {"script":"<script> [1562 bytes]","args":[{"selector":{"id":"application-managebillings-display-component---billRunCalcResult--smartFilterBar-btnBasicSearch","interaction":{"idSuffix":"I"}},"wdio_ui5_key":"applicationmanagebillings-display-component---billRunCalcResult--smartFilterBar-btnBasicSearch"}]}
RESULT: undefined
COMMAND: POST /session/dc388682b4200c5e048280db36f00fb1/execute/async - {"script":"<script> [776 bytes]","args":[{"enterText":"10287","selector":{"id":"application-managebillings-display-component---billRunCalcResult--smartFilterBar-btnBasicSearch","interaction":{"idSuffix":"I"}},"clearTextFirst":true,"interactionType":"ENTER_TEXT"}]}
RESULT: {"script":"<script> [776 bytes]","args":[{"enterText":"10287","selector":{"id":"application-managebillings-display-component---billRunCalcResult--smartFilterBar-btnBasicSearch","interaction":{"idSuffix":"I"}},"clearTextFirst":true,"interactionType":"ENTER_TEXT"}]}
COMMAND: POST /session/dc388682b4200c5e048280db36f00fb1/actions - {"actions":[{"id":"action19","type":"key","parameters":{},"actions":[{"type":"keyDown","value":"î€‡"},{"type":"pause","duration":10},{"type":"keyUp","value":"î€‡"}]}]}
RESULT: {"actions":[{"id":"action19","type":"key","parameters":{},"actions":[{"type":"keyDown","value":"î€‡"},{"type":"pause","duration":10},{"type":"keyUp","value":"î€‡"}]}]}
COMMAND: GET /session/dc388682b4200c5e048280db36f00fb1/screenshot - {}
RESULT: {}
COMMAND: POST /session/dc388682b4200c5e048280db36f00fb1/element - {"using":"xpath","value":"//td[@aria-colindex=\"1\"]/div/div[contains(@class, \"sapMCbBg\")]"}
RESULT: {"using":"xpath","value":"//td[@aria-colindex=\"1\"]/div/div[contains(@class, \"sapMCbBg\")]"}
COMMAND: POST /session/dc388682b4200c5e048280db36f00fb1/element/f.5DEB10E109CE1E7B94EA7693F5B1958D.d.C585627F9C0A024C928EBF1387070BC4.e.6238/click - {}
RESULT: {}
COMMAND: GET /session/dc388682b4200c5e048280db36f00fb1/screenshot - {}
RESULT: {}
COMMAND: POST /session/dc388682b4200c5e048280db36f00fb1/execute/async - {"script":"<script> [1562 bytes]","args":[{"selector":{"id":"application-managebillings-display-component---billRunCalcResult--contractBillRunDate","interaction":{"idSuffix":"inner"}},"wdio_ui5_key":"applicationmanagebillings-display-component---billRunCalcResult--contractBillRunDate"}]}
RESULT: {"script":"<script> [1562 bytes]","args":[{"selector":{"id":"application-managebillings-display-component---billRunCalcResult--contractBillRunDate","interaction":{"idSuffix":"inner"}},"wdio_ui5_key":"applicationmanagebillings-display-component---billRunCalcResult--contractBillRunDate"}]}
RESULT: undefined
COMMAND: POST /session/dc388682b4200c5e048280db36f00fb1/execute/async - {"script":"<script> [776 bytes]","args":[{"enterText":"6/16/25","selector":{"id":"application-managebillings-display-component---billRunCalcResult--contractBillRunDate","interaction":{"idSuffix":"inner"}},"clearTextFirst":true,"interactionType":"ENTER_TEXT"}]}
RESULT: {"script":"<script> [776 bytes]","args":[{"enterText":"6/16/25","selector":{"id":"application-managebillings-display-component---billRunCalcResult--contractBillRunDate","interaction":{"idSuffix":"inner"}},"clearTextFirst":true,"interactionType":"ENTER_TEXT"}]}
COMMAND: POST /session/dc388682b4200c5e048280db36f00fb1/element - {"using":"xpath","value":"//bdi[contains(text(), \"Trigger Calculation\")]"}
RESULT: {"using":"xpath","value":"//bdi[contains(text(), \"Trigger Calculation\")]"}
COMMAND: POST /session/dc388682b4200c5e048280db36f00fb1/element/f.5DEB10E109CE1E7B94EA7693F5B1958D.d.C585627F9C0A024C928EBF1387070BC4.e.6258/click - {}
RESULT: {}
COMMAND: GET /session/dc388682b4200c5e048280db36f00fb1/screenshot - {}
RESULT: {}
COMMAND: POST /session/dc388682b4200c5e048280db36f00fb1/element - {"using":"xpath","value":"(//span[contains(@id, \"imgNav\")])[1]"}
RESULT: {"using":"xpath","value":"(//span[contains(@id, \"imgNav\")])[1]"}
COMMAND: POST /session/dc388682b4200c5e048280db36f00fb1/element/f.5DEB10E109CE1E7B94EA7693F5B1958D.d.C585627F9C0A024C928EBF1387070BC4.e.6252/click - {}
RESULT: {}
COMMAND: GET /session/dc388682b4200c5e048280db36f00fb1/screenshot - {}
RESULT: {}
COMMAND: POST /session/dc388682b4200c5e048280db36f00fb1/element - {"using":"xpath","value":"//tr/td[6]/div[1]/span[1]/span[1]"}
RESULT: {"using":"xpath","value":"//tr/td[6]/div[1]/span[1]/span[1]"}
COMMAND: GET /session/dc388682b4200c5e048280db36f00fb1/element/f.5DEB10E109CE1E7B94EA7693F5B1958D.d.C585627F9C0A024C928EBF1387070BC4.e.6263/text - {}
RESULT: {}
COMMAND: POST /session/dc388682b4200c5e048280db36f00fb1/element - {"using":"xpath","value":"(//span[contains(@id, \"imgNav\")])[2]"}
RESULT: {"using":"xpath","value":"(//span[contains(@id, \"imgNav\")])[2]"}
COMMAND: POST /session/dc388682b4200c5e048280db36f00fb1/element/f.5DEB10E109CE1E7B94EA7693F5B1958D.d.C585627F9C0A024C928EBF1387070BC4.e.6264/click - {}
RESULT: {}
COMMAND: POST /session/dc388682b4200c5e048280db36f00fb1/element - {"using":"xpath","value":"//bdi[contains(text(), \"Business Confirm\")]"}
COMMAND: GET /session/dc388682b4200c5e048280db36f00fb1/screenshot - {}
RESULT: {"using":"xpath","value":"//bdi[contains(text(), \"Business Confirm\")]"}
COMMAND: POST /session/dc388682b4200c5e048280db36f00fb1/elements - {"using":"xpath","value":"//bdi[contains(text(), \"Business Confirm\")]"}
RESULT: {}
RESULT: {"using":"xpath","value":"//bdi[contains(text(), \"Business Confirm\")]"}
COMMAND: POST /session/dc388682b4200c5e048280db36f00fb1/elements - {"using":"xpath","value":"//bdi[contains(text(), \"Business Confirm\")]"}
RESULT: {"using":"xpath","value":"//bdi[contains(text(), \"Business Confirm\")]"}
COMMAND: POST /session/dc388682b4200c5e048280db36f00fb1/element - {"using":"xpath","value":"//bdi[contains(text(), \"Business Confirm\")]"}
RESULT: {"using":"xpath","value":"//bdi[contains(text(), \"Business Confirm\")]"}
COMMAND: POST /session/dc388682b4200c5e048280db36f00fb1/element/f.5DEB10E109CE1E7B94EA7693F5B1958D.d.C585627F9C0A024C928EBF1387070BC4.e.6324/click - {}
RESULT: {}
COMMAND: POST /session/dc388682b4200c5e048280db36f00fb1/element - {"using":"css selector","value":"#shell-header-logo"}
COMMAND: GET /session/dc388682b4200c5e048280db36f00fb1/screenshot - {}
RESULT: {"using":"css selector","value":"#shell-header-logo"}
COMMAND: POST /session/dc388682b4200c5e048280db36f00fb1/element/f.5DEB10E109CE1E7B94EA7693F5B1958D.d.C585627F9C0A024C928EBF1387070BC4.e.5995/click - {}
RESULT: {}
RESULT: {}
COMMAND: GET /session/dc388682b4200c5e048280db36f00fb1/screenshot - {}
RESULT: {}
]]></system-out>
    </testcase>
    <testcase classname="chrome.136_0_7103_93.windows.Billing_Transfer_-_Master_data_&amp;_Intercompany_US127250" name="Should do Billing Transfer all the way into invoice open for intercompany case" time="98.28">
      <system-out><![CDATA[
COMMAND: POST /session/dc388682b4200c5e048280db36f00fb1/execute/async - {"script":"<script> [1562 bytes]","args":[{"selector":{"controlType":"sap.m.GenericTile","properties":{"header":"Billing Transfer"}},"wdio_ui5_key":"sapm.GenericTile{\"header\":\"Billing Transfer\"}"}]}
RESULT: {"script":"<script> [1562 bytes]","args":[{"selector":{"controlType":"sap.m.GenericTile","properties":{"header":"Billing Transfer"}},"wdio_ui5_key":"sapm.GenericTile{\"header\":\"Billing Transfer\"}"}]}
RESULT: undefined
COMMAND: POST /session/dc388682b4200c5e048280db36f00fb1/element - {"using":"xpath","value":"//*[@id=\"__tile50\"]"}
RESULT: {"using":"xpath","value":"//*[@id=\"__tile50\"]"}
COMMAND: POST /session/dc388682b4200c5e048280db36f00fb1/element/f.5DEB10E109CE1E7B94EA7693F5B1958D.d.C585627F9C0A024C928EBF1387070BC4.e.201/click - {}
RESULT: {}
COMMAND: GET /session/dc388682b4200c5e048280db36f00fb1/screenshot - {}
RESULT: {}
COMMAND: POST /session/dc388682b4200c5e048280db36f00fb1/elements - {"using":"xpath","value":"//span[text()='Error']"}
RESULT: {"using":"xpath","value":"//span[text()='Error']"}
COMMAND: POST /session/dc388682b4200c5e048280db36f00fb1/element - {"using":"xpath","value":"//input[contains(@id ,\"application-billingtransfer-display-component---billingWorkbench--smartFilterBar-btnBasicSearch\")]"}
RESULT: {"using":"xpath","value":"//input[contains(@id ,\"application-billingtransfer-display-component---billingWorkbench--smartFilterBar-btnBasicSearch\")]"}
COMMAND: POST /session/dc388682b4200c5e048280db36f00fb1/elements - {"using":"xpath","value":"//input[contains(@id ,\"application-billingtransfer-display-component---billingWorkbench--smartFilterBar-btnBasicSearch\")]"}
RESULT: {"using":"xpath","value":"//input[contains(@id ,\"application-billingtransfer-display-component---billingWorkbench--smartFilterBar-btnBasicSearch\")]"}
COMMAND: POST /session/dc388682b4200c5e048280db36f00fb1/execute/sync - {"script":"<script> [8489 bytes]","args":[{"element-6066-11e4-a52e-4f735466cecf":"f.5DEB10E109CE1E7B94EA7693F5B1958D.d.C585627F9C0A024C928EBF1387070BC4.e.6336","ELEMENT":"f.5DEB10E109CE1E7B94EA7693F5B1958D.d.C585627F9C0A024C928EBF1387070BC4.e.6336"}]}
RESULT: {"script":"<script> [8489 bytes]","args":[{"element-6066-11e4-a52e-4f735466cecf":"f.5DEB10E109CE1E7B94EA7693F5B1958D.d.C585627F9C0A024C928EBF1387070BC4.e.6336","ELEMENT":"f.5DEB10E109CE1E7B94EA7693F5B1958D.d.C585627F9C0A024C928EBF1387070BC4.e.6336"}]}
COMMAND: GET /session/dc388682b4200c5e048280db36f00fb1/element/f.5DEB10E109CE1E7B94EA7693F5B1958D.d.C585627F9C0A024C928EBF1387070BC4.e.6336/enabled - {}
COMMAND: GET /session/dc388682b4200c5e048280db36f00fb1/screenshot - {}
RESULT: {}
COMMAND: POST /session/dc388682b4200c5e048280db36f00fb1/element/f.5DEB10E109CE1E7B94EA7693F5B1958D.d.C585627F9C0A024C928EBF1387070BC4.e.6336/click - {}
COMMAND: GET /session/dc388682b4200c5e048280db36f00fb1/screenshot - {}
RESULT: {}
RESULT: {}
COMMAND: GET /session/dc388682b4200c5e048280db36f00fb1/screenshot - {}
RESULT: {}
RESULT: {}
COMMAND: POST /session/dc388682b4200c5e048280db36f00fb1/element/f.5DEB10E109CE1E7B94EA7693F5B1958D.d.C585627F9C0A024C928EBF1387070BC4.e.6336/clear - {}
RESULT: {}
COMMAND: POST /session/dc388682b4200c5e048280db36f00fb1/element/f.5DEB10E109CE1E7B94EA7693F5B1958D.d.C585627F9C0A024C928EBF1387070BC4.e.6336/value - {"text":"10287"}
COMMAND: GET /session/dc388682b4200c5e048280db36f00fb1/screenshot - {}
RESULT: {"text":"10287"}
COMMAND: POST /session/dc388682b4200c5e048280db36f00fb1/actions - {"actions":[{"id":"action20","type":"key","parameters":{},"actions":[{"type":"keyDown","value":"î€‡"},{"type":"pause","duration":10},{"type":"keyUp","value":"î€‡"}]}]}
COMMAND: GET /session/dc388682b4200c5e048280db36f00fb1/screenshot - {}
RESULT: {}
RESULT: {"actions":[{"id":"action20","type":"key","parameters":{},"actions":[{"type":"keyDown","value":"î€‡"},{"type":"pause","duration":10},{"type":"keyUp","value":"î€‡"}]}]}
COMMAND: GET /session/dc388682b4200c5e048280db36f00fb1/screenshot - {}
RESULT: {}
RESULT: {}
COMMAND: POST /session/dc388682b4200c5e048280db36f00fb1/element - {"using":"xpath","value":"//span[contains(@id ,\"application-billingtransfer-display-component---billingWorkbench--smartTableBillingRuns-header-inner\")]"}
RESULT: {"using":"xpath","value":"//span[contains(@id ,\"application-billingtransfer-display-component---billingWorkbench--smartTableBillingRuns-header-inner\")]"}
COMMAND: POST /session/dc388682b4200c5e048280db36f00fb1/elements - {"using":"xpath","value":"//span[contains(@id ,\"application-billingtransfer-display-component---billingWorkbench--smartTableBillingRuns-header-inner\")]"}
RESULT: {"using":"xpath","value":"//span[contains(@id ,\"application-billingtransfer-display-component---billingWorkbench--smartTableBillingRuns-header-inner\")]"}
COMMAND: POST /session/dc388682b4200c5e048280db36f00fb1/execute/sync - {"script":"<script> [56 bytes]","args":[{"element-6066-11e4-a52e-4f735466cecf":"f.5DEB10E109CE1E7B94EA7693F5B1958D.d.C585627F9C0A024C928EBF1387070BC4.e.6492","ELEMENT":"f.5DEB10E109CE1E7B94EA7693F5B1958D.d.C585627F9C0A024C928EBF1387070BC4.e.6492"}]}
RESULT: {"script":"<script> [56 bytes]","args":[{"element-6066-11e4-a52e-4f735466cecf":"f.5DEB10E109CE1E7B94EA7693F5B1958D.d.C585627F9C0A024C928EBF1387070BC4.e.6492","ELEMENT":"f.5DEB10E109CE1E7B94EA7693F5B1958D.d.C585627F9C0A024C928EBF1387070BC4.e.6492"}]}
COMMAND: POST /session/dc388682b4200c5e048280db36f00fb1/element - {"using":"xpath","value":"//td[@aria-colindex=\"1\"]/div/div[contains(@class, \"sapMCbBg\")]"}
COMMAND: GET /session/dc388682b4200c5e048280db36f00fb1/screenshot - {}
RESULT: {"using":"xpath","value":"//td[@aria-colindex=\"1\"]/div/div[contains(@class, \"sapMCbBg\")]"}
COMMAND: POST /session/dc388682b4200c5e048280db36f00fb1/element/f.5DEB10E109CE1E7B94EA7693F5B1958D.d.C585627F9C0A024C928EBF1387070BC4.e.6438/click - {}
RESULT: {}
RESULT: {}
COMMAND: GET /session/dc388682b4200c5e048280db36f00fb1/screenshot - {}
RESULT: {}
COMMAND: POST /session/dc388682b4200c5e048280db36f00fb1/element - {"using":"xpath","value":"//bdi[contains(text(), \"Check\")]"}
RESULT: {"using":"xpath","value":"//bdi[contains(text(), \"Check\")]"}
COMMAND: POST /session/dc388682b4200c5e048280db36f00fb1/element/f.5DEB10E109CE1E7B94EA7693F5B1958D.d.C585627F9C0A024C928EBF1387070BC4.e.6493/click - {}
RESULT: {}
COMMAND: GET /session/dc388682b4200c5e048280db36f00fb1/screenshot - {}
RESULT: {}
COMMAND: POST /session/dc388682b4200c5e048280db36f00fb1/element - {"using":"xpath","value":"//bdi[contains(text(), \"OK\")]"}
RESULT: {"using":"xpath","value":"//bdi[contains(text(), \"OK\")]"}
COMMAND: POST /session/dc388682b4200c5e048280db36f00fb1/element/f.5DEB10E109CE1E7B94EA7693F5B1958D.d.C585627F9C0A024C928EBF1387070BC4.e.6496/click - {}
RESULT: {}
COMMAND: GET /session/dc388682b4200c5e048280db36f00fb1/screenshot - {}
RESULT: {}
COMMAND: POST /session/dc388682b4200c5e048280db36f00fb1/element - {"using":"xpath","value":"(//span[contains(text(), \"CO/SD checked\")]/parent::div/preceding-sibling::div/span)[1]"}
RESULT: {"using":"xpath","value":"(//span[contains(text(), \"CO/SD checked\")]/parent::div/preceding-sibling::div/span)[1]"}
COMMAND: POST /session/dc388682b4200c5e048280db36f00fb1/element/f.5DEB10E109CE1E7B94EA7693F5B1958D.d.C585627F9C0A024C928EBF1387070BC4.e.6497/click - {}
RESULT: {}
COMMAND: GET /session/dc388682b4200c5e048280db36f00fb1/screenshot - {}
RESULT: {}
COMMAND: POST /session/dc388682b4200c5e048280db36f00fb1/element - {"using":"xpath","value":"//input[contains(@id ,\"application-billingtransfer-display-component---billingWorkbench--smartFilterBar-btnBasicSearch\")]"}
RESULT: {"using":"xpath","value":"//input[contains(@id ,\"application-billingtransfer-display-component---billingWorkbench--smartFilterBar-btnBasicSearch\")]"}
COMMAND: POST /session/dc388682b4200c5e048280db36f00fb1/elements - {"using":"xpath","value":"//input[contains(@id ,\"application-billingtransfer-display-component---billingWorkbench--smartFilterBar-btnBasicSearch\")]"}
RESULT: {"using":"xpath","value":"//input[contains(@id ,\"application-billingtransfer-display-component---billingWorkbench--smartFilterBar-btnBasicSearch\")]"}
COMMAND: POST /session/dc388682b4200c5e048280db36f00fb1/execute/sync - {"script":"<script> [8489 bytes]","args":[{"element-6066-11e4-a52e-4f735466cecf":"f.5DEB10E109CE1E7B94EA7693F5B1958D.d.C585627F9C0A024C928EBF1387070BC4.e.6336","ELEMENT":"f.5DEB10E109CE1E7B94EA7693F5B1958D.d.C585627F9C0A024C928EBF1387070BC4.e.6336"}]}
RESULT: {"script":"<script> [8489 bytes]","args":[{"element-6066-11e4-a52e-4f735466cecf":"f.5DEB10E109CE1E7B94EA7693F5B1958D.d.C585627F9C0A024C928EBF1387070BC4.e.6336","ELEMENT":"f.5DEB10E109CE1E7B94EA7693F5B1958D.d.C585627F9C0A024C928EBF1387070BC4.e.6336"}]}
COMMAND: GET /session/dc388682b4200c5e048280db36f00fb1/element/f.5DEB10E109CE1E7B94EA7693F5B1958D.d.C585627F9C0A024C928EBF1387070BC4.e.6336/enabled - {}
COMMAND: GET /session/dc388682b4200c5e048280db36f00fb1/screenshot - {}
RESULT: {}
COMMAND: POST /session/dc388682b4200c5e048280db36f00fb1/element/f.5DEB10E109CE1E7B94EA7693F5B1958D.d.C585627F9C0A024C928EBF1387070BC4.e.6336/click - {}
COMMAND: GET /session/dc388682b4200c5e048280db36f00fb1/screenshot - {}
RESULT: {}
RESULT: {}
COMMAND: GET /session/dc388682b4200c5e048280db36f00fb1/screenshot - {}
RESULT: {}
RESULT: {}
COMMAND: POST /session/dc388682b4200c5e048280db36f00fb1/element/f.5DEB10E109CE1E7B94EA7693F5B1958D.d.C585627F9C0A024C928EBF1387070BC4.e.6336/clear - {}
RESULT: {}
COMMAND: POST /session/dc388682b4200c5e048280db36f00fb1/element/f.5DEB10E109CE1E7B94EA7693F5B1958D.d.C585627F9C0A024C928EBF1387070BC4.e.6336/value - {"text":"10287"}
COMMAND: GET /session/dc388682b4200c5e048280db36f00fb1/screenshot - {}
RESULT: {"text":"10287"}
COMMAND: POST /session/dc388682b4200c5e048280db36f00fb1/actions - {"actions":[{"id":"action21","type":"key","parameters":{},"actions":[{"type":"keyDown","value":"î€‡"},{"type":"pause","duration":10},{"type":"keyUp","value":"î€‡"}]}]}
COMMAND: GET /session/dc388682b4200c5e048280db36f00fb1/screenshot - {}
RESULT: {}
RESULT: {"actions":[{"id":"action21","type":"key","parameters":{},"actions":[{"type":"keyDown","value":"î€‡"},{"type":"pause","duration":10},{"type":"keyUp","value":"î€‡"}]}]}
COMMAND: GET /session/dc388682b4200c5e048280db36f00fb1/screenshot - {}
RESULT: {}
RESULT: {}
COMMAND: POST /session/dc388682b4200c5e048280db36f00fb1/element - {"using":"xpath","value":"//span[contains(@id ,\"application-billingtransfer-display-component---billingWorkbench--smartTableBillingRuns-header-inner\")]"}
RESULT: {"using":"xpath","value":"//span[contains(@id ,\"application-billingtransfer-display-component---billingWorkbench--smartTableBillingRuns-header-inner\")]"}
COMMAND: POST /session/dc388682b4200c5e048280db36f00fb1/elements - {"using":"xpath","value":"//span[contains(@id ,\"application-billingtransfer-display-component---billingWorkbench--smartTableBillingRuns-header-inner\")]"}
RESULT: {"using":"xpath","value":"//span[contains(@id ,\"application-billingtransfer-display-component---billingWorkbench--smartTableBillingRuns-header-inner\")]"}
COMMAND: POST /session/dc388682b4200c5e048280db36f00fb1/execute/sync - {"script":"<script> [56 bytes]","args":[{"element-6066-11e4-a52e-4f735466cecf":"f.5DEB10E109CE1E7B94EA7693F5B1958D.d.C585627F9C0A024C928EBF1387070BC4.e.6492","ELEMENT":"f.5DEB10E109CE1E7B94EA7693F5B1958D.d.C585627F9C0A024C928EBF1387070BC4.e.6492"}]}
RESULT: {"script":"<script> [56 bytes]","args":[{"element-6066-11e4-a52e-4f735466cecf":"f.5DEB10E109CE1E7B94EA7693F5B1958D.d.C585627F9C0A024C928EBF1387070BC4.e.6492","ELEMENT":"f.5DEB10E109CE1E7B94EA7693F5B1958D.d.C585627F9C0A024C928EBF1387070BC4.e.6492"}]}
COMMAND: GET /session/dc388682b4200c5e048280db36f00fb1/screenshot - {}
RESULT: {}
COMMAND: POST /session/dc388682b4200c5e048280db36f00fb1/execute/sync - {"script":"<script> [56 bytes]","args":[{"element-6066-11e4-a52e-4f735466cecf":"f.5DEB10E109CE1E7B94EA7693F5B1958D.d.C585627F9C0A024C928EBF1387070BC4.e.6492","ELEMENT":"f.5DEB10E109CE1E7B94EA7693F5B1958D.d.C585627F9C0A024C928EBF1387070BC4.e.6492"}]}
RESULT: {"script":"<script> [56 bytes]","args":[{"element-6066-11e4-a52e-4f735466cecf":"f.5DEB10E109CE1E7B94EA7693F5B1958D.d.C585627F9C0A024C928EBF1387070BC4.e.6492","ELEMENT":"f.5DEB10E109CE1E7B94EA7693F5B1958D.d.C585627F9C0A024C928EBF1387070BC4.e.6492"}]}
COMMAND: GET /session/dc388682b4200c5e048280db36f00fb1/screenshot - {}
RESULT: {}
COMMAND: POST /session/dc388682b4200c5e048280db36f00fb1/execute/sync - {"script":"<script> [56 bytes]","args":[{"element-6066-11e4-a52e-4f735466cecf":"f.5DEB10E109CE1E7B94EA7693F5B1958D.d.C585627F9C0A024C928EBF1387070BC4.e.6492","ELEMENT":"f.5DEB10E109CE1E7B94EA7693F5B1958D.d.C585627F9C0A024C928EBF1387070BC4.e.6492"}]}
RESULT: {"script":"<script> [56 bytes]","args":[{"element-6066-11e4-a52e-4f735466cecf":"f.5DEB10E109CE1E7B94EA7693F5B1958D.d.C585627F9C0A024C928EBF1387070BC4.e.6492","ELEMENT":"f.5DEB10E109CE1E7B94EA7693F5B1958D.d.C585627F9C0A024C928EBF1387070BC4.e.6492"}]}
COMMAND: GET /session/dc388682b4200c5e048280db36f00fb1/screenshot - {}
RESULT: {}
COMMAND: POST /session/dc388682b4200c5e048280db36f00fb1/execute/sync - {"script":"<script> [56 bytes]","args":[{"element-6066-11e4-a52e-4f735466cecf":"f.5DEB10E109CE1E7B94EA7693F5B1958D.d.C585627F9C0A024C928EBF1387070BC4.e.6492","ELEMENT":"f.5DEB10E109CE1E7B94EA7693F5B1958D.d.C585627F9C0A024C928EBF1387070BC4.e.6492"}]}
RESULT: {"script":"<script> [56 bytes]","args":[{"element-6066-11e4-a52e-4f735466cecf":"f.5DEB10E109CE1E7B94EA7693F5B1958D.d.C585627F9C0A024C928EBF1387070BC4.e.6492","ELEMENT":"f.5DEB10E109CE1E7B94EA7693F5B1958D.d.C585627F9C0A024C928EBF1387070BC4.e.6492"}]}
COMMAND: GET /session/dc388682b4200c5e048280db36f00fb1/screenshot - {}
RESULT: {}
COMMAND: POST /session/dc388682b4200c5e048280db36f00fb1/execute/sync - {"script":"<script> [56 bytes]","args":[{"element-6066-11e4-a52e-4f735466cecf":"f.5DEB10E109CE1E7B94EA7693F5B1958D.d.C585627F9C0A024C928EBF1387070BC4.e.6492","ELEMENT":"f.5DEB10E109CE1E7B94EA7693F5B1958D.d.C585627F9C0A024C928EBF1387070BC4.e.6492"}]}
RESULT: {"script":"<script> [56 bytes]","args":[{"element-6066-11e4-a52e-4f735466cecf":"f.5DEB10E109CE1E7B94EA7693F5B1958D.d.C585627F9C0A024C928EBF1387070BC4.e.6492","ELEMENT":"f.5DEB10E109CE1E7B94EA7693F5B1958D.d.C585627F9C0A024C928EBF1387070BC4.e.6492"}]}
COMMAND: GET /session/dc388682b4200c5e048280db36f00fb1/screenshot - {}
RESULT: {}
COMMAND: POST /session/dc388682b4200c5e048280db36f00fb1/execute/sync - {"script":"<script> [56 bytes]","args":[{"element-6066-11e4-a52e-4f735466cecf":"f.5DEB10E109CE1E7B94EA7693F5B1958D.d.C585627F9C0A024C928EBF1387070BC4.e.6492","ELEMENT":"f.5DEB10E109CE1E7B94EA7693F5B1958D.d.C585627F9C0A024C928EBF1387070BC4.e.6492"}]}
RESULT: {"script":"<script> [56 bytes]","args":[{"element-6066-11e4-a52e-4f735466cecf":"f.5DEB10E109CE1E7B94EA7693F5B1958D.d.C585627F9C0A024C928EBF1387070BC4.e.6492","ELEMENT":"f.5DEB10E109CE1E7B94EA7693F5B1958D.d.C585627F9C0A024C928EBF1387070BC4.e.6492"}]}
COMMAND: GET /session/dc388682b4200c5e048280db36f00fb1/screenshot - {}
RESULT: {}
COMMAND: POST /session/dc388682b4200c5e048280db36f00fb1/execute/sync - {"script":"<script> [56 bytes]","args":[{"element-6066-11e4-a52e-4f735466cecf":"f.5DEB10E109CE1E7B94EA7693F5B1958D.d.C585627F9C0A024C928EBF1387070BC4.e.6492","ELEMENT":"f.5DEB10E109CE1E7B94EA7693F5B1958D.d.C585627F9C0A024C928EBF1387070BC4.e.6492"}]}
RESULT: {"script":"<script> [56 bytes]","args":[{"element-6066-11e4-a52e-4f735466cecf":"f.5DEB10E109CE1E7B94EA7693F5B1958D.d.C585627F9C0A024C928EBF1387070BC4.e.6492","ELEMENT":"f.5DEB10E109CE1E7B94EA7693F5B1958D.d.C585627F9C0A024C928EBF1387070BC4.e.6492"}]}
COMMAND: GET /session/dc388682b4200c5e048280db36f00fb1/screenshot - {}
RESULT: {}
COMMAND: POST /session/dc388682b4200c5e048280db36f00fb1/execute/sync - {"script":"<script> [56 bytes]","args":[{"element-6066-11e4-a52e-4f735466cecf":"f.5DEB10E109CE1E7B94EA7693F5B1958D.d.C585627F9C0A024C928EBF1387070BC4.e.6492","ELEMENT":"f.5DEB10E109CE1E7B94EA7693F5B1958D.d.C585627F9C0A024C928EBF1387070BC4.e.6492"}]}
RESULT: {"script":"<script> [56 bytes]","args":[{"element-6066-11e4-a52e-4f735466cecf":"f.5DEB10E109CE1E7B94EA7693F5B1958D.d.C585627F9C0A024C928EBF1387070BC4.e.6492","ELEMENT":"f.5DEB10E109CE1E7B94EA7693F5B1958D.d.C585627F9C0A024C928EBF1387070BC4.e.6492"}]}
COMMAND: GET /session/dc388682b4200c5e048280db36f00fb1/screenshot - {}
RESULT: {}
COMMAND: POST /session/dc388682b4200c5e048280db36f00fb1/execute/sync - {"script":"<script> [56 bytes]","args":[{"element-6066-11e4-a52e-4f735466cecf":"f.5DEB10E109CE1E7B94EA7693F5B1958D.d.C585627F9C0A024C928EBF1387070BC4.e.6492","ELEMENT":"f.5DEB10E109CE1E7B94EA7693F5B1958D.d.C585627F9C0A024C928EBF1387070BC4.e.6492"}]}
RESULT: {"script":"<script> [56 bytes]","args":[{"element-6066-11e4-a52e-4f735466cecf":"f.5DEB10E109CE1E7B94EA7693F5B1958D.d.C585627F9C0A024C928EBF1387070BC4.e.6492","ELEMENT":"f.5DEB10E109CE1E7B94EA7693F5B1958D.d.C585627F9C0A024C928EBF1387070BC4.e.6492"}]}
COMMAND: GET /session/dc388682b4200c5e048280db36f00fb1/screenshot - {}
COMMAND: POST /session/dc388682b4200c5e048280db36f00fb1/execute/sync - {"script":"<script> [56 bytes]","args":[{"element-6066-11e4-a52e-4f735466cecf":"f.5DEB10E109CE1E7B94EA7693F5B1958D.d.C585627F9C0A024C928EBF1387070BC4.e.6492","ELEMENT":"f.5DEB10E109CE1E7B94EA7693F5B1958D.d.C585627F9C0A024C928EBF1387070BC4.e.6492"}]}
RESULT: {}
RESULT: {"script":"<script> [56 bytes]","args":[{"element-6066-11e4-a52e-4f735466cecf":"f.5DEB10E109CE1E7B94EA7693F5B1958D.d.C585627F9C0A024C928EBF1387070BC4.e.6492","ELEMENT":"f.5DEB10E109CE1E7B94EA7693F5B1958D.d.C585627F9C0A024C928EBF1387070BC4.e.6492"}]}
COMMAND: POST /session/dc388682b4200c5e048280db36f00fb1/element - {"using":"xpath","value":"//td[@aria-colindex=\"1\"]/div/div[contains(@class, \"sapMCbBg\")]"}
COMMAND: GET /session/dc388682b4200c5e048280db36f00fb1/screenshot - {}
RESULT: {"using":"xpath","value":"//td[@aria-colindex=\"1\"]/div/div[contains(@class, \"sapMCbBg\")]"}
COMMAND: POST /session/dc388682b4200c5e048280db36f00fb1/element/f.5DEB10E109CE1E7B94EA7693F5B1958D.d.C585627F9C0A024C928EBF1387070BC4.e.6501/click - {}
RESULT: {}
RESULT: {}
COMMAND: GET /session/dc388682b4200c5e048280db36f00fb1/screenshot - {}
RESULT: {}
COMMAND: POST /session/dc388682b4200c5e048280db36f00fb1/element - {"using":"xpath","value":"//bdi[text()=\"Transfer\"]"}
RESULT: {"using":"xpath","value":"//bdi[text()=\"Transfer\"]"}
COMMAND: POST /session/dc388682b4200c5e048280db36f00fb1/element/f.5DEB10E109CE1E7B94EA7693F5B1958D.d.C585627F9C0A024C928EBF1387070BC4.e.6502/click - {}
RESULT: {}
COMMAND: GET /session/dc388682b4200c5e048280db36f00fb1/screenshot - {}
RESULT: {}
COMMAND: POST /session/dc388682b4200c5e048280db36f00fb1/element - {"using":"xpath","value":"//bdi[contains(text(), \"OK\")]"}
RESULT: {"using":"xpath","value":"//bdi[contains(text(), \"OK\")]"}
COMMAND: POST /session/dc388682b4200c5e048280db36f00fb1/element/f.5DEB10E109CE1E7B94EA7693F5B1958D.d.C585627F9C0A024C928EBF1387070BC4.e.6505/click - {}
RESULT: {}
COMMAND: GET /session/dc388682b4200c5e048280db36f00fb1/screenshot - {}
RESULT: {}
COMMAND: POST /session/dc388682b4200c5e048280db36f00fb1/element - {"using":"xpath","value":"(//span[contains(text(), \"Invoice open\")]/parent::div/preceding-sibling::div/span)[1]"}
RESULT: {"using":"xpath","value":"(//span[contains(text(), \"Invoice open\")]/parent::div/preceding-sibling::div/span)[1]"}
COMMAND: POST /session/dc388682b4200c5e048280db36f00fb1/element/f.5DEB10E109CE1E7B94EA7693F5B1958D.d.C585627F9C0A024C928EBF1387070BC4.e.6513/click - {}
RESULT: {}
COMMAND: GET /session/dc388682b4200c5e048280db36f00fb1/screenshot - {}
RESULT: {}
COMMAND: POST /session/dc388682b4200c5e048280db36f00fb1/element - {"using":"xpath","value":"//input[contains(@id ,\"application-billingtransfer-display-component---billingWorkbench--smartFilterBar-btnBasicSearch\")]"}
RESULT: {"using":"xpath","value":"//input[contains(@id ,\"application-billingtransfer-display-component---billingWorkbench--smartFilterBar-btnBasicSearch\")]"}
COMMAND: POST /session/dc388682b4200c5e048280db36f00fb1/elements - {"using":"xpath","value":"//input[contains(@id ,\"application-billingtransfer-display-component---billingWorkbench--smartFilterBar-btnBasicSearch\")]"}
RESULT: {"using":"xpath","value":"//input[contains(@id ,\"application-billingtransfer-display-component---billingWorkbench--smartFilterBar-btnBasicSearch\")]"}
COMMAND: POST /session/dc388682b4200c5e048280db36f00fb1/execute/sync - {"script":"<script> [8489 bytes]","args":[{"element-6066-11e4-a52e-4f735466cecf":"f.5DEB10E109CE1E7B94EA7693F5B1958D.d.C585627F9C0A024C928EBF1387070BC4.e.6336","ELEMENT":"f.5DEB10E109CE1E7B94EA7693F5B1958D.d.C585627F9C0A024C928EBF1387070BC4.e.6336"}]}
RESULT: {"script":"<script> [8489 bytes]","args":[{"element-6066-11e4-a52e-4f735466cecf":"f.5DEB10E109CE1E7B94EA7693F5B1958D.d.C585627F9C0A024C928EBF1387070BC4.e.6336","ELEMENT":"f.5DEB10E109CE1E7B94EA7693F5B1958D.d.C585627F9C0A024C928EBF1387070BC4.e.6336"}]}
COMMAND: GET /session/dc388682b4200c5e048280db36f00fb1/element/f.5DEB10E109CE1E7B94EA7693F5B1958D.d.C585627F9C0A024C928EBF1387070BC4.e.6336/enabled - {}
COMMAND: GET /session/dc388682b4200c5e048280db36f00fb1/screenshot - {}
RESULT: {}
COMMAND: POST /session/dc388682b4200c5e048280db36f00fb1/element/f.5DEB10E109CE1E7B94EA7693F5B1958D.d.C585627F9C0A024C928EBF1387070BC4.e.6336/click - {}
COMMAND: GET /session/dc388682b4200c5e048280db36f00fb1/screenshot - {}
RESULT: {}
RESULT: {}
COMMAND: GET /session/dc388682b4200c5e048280db36f00fb1/screenshot - {}
RESULT: {}
RESULT: {}
COMMAND: POST /session/dc388682b4200c5e048280db36f00fb1/element/f.5DEB10E109CE1E7B94EA7693F5B1958D.d.C585627F9C0A024C928EBF1387070BC4.e.6336/clear - {}
RESULT: {}
COMMAND: POST /session/dc388682b4200c5e048280db36f00fb1/element/f.5DEB10E109CE1E7B94EA7693F5B1958D.d.C585627F9C0A024C928EBF1387070BC4.e.6336/value - {"text":"10287"}
COMMAND: GET /session/dc388682b4200c5e048280db36f00fb1/screenshot - {}
RESULT: {"text":"10287"}
COMMAND: POST /session/dc388682b4200c5e048280db36f00fb1/actions - {"actions":[{"id":"action22","type":"key","parameters":{},"actions":[{"type":"keyDown","value":"î€‡"},{"type":"pause","duration":10},{"type":"keyUp","value":"î€‡"}]}]}
COMMAND: GET /session/dc388682b4200c5e048280db36f00fb1/screenshot - {}
RESULT: {}
RESULT: {"actions":[{"id":"action22","type":"key","parameters":{},"actions":[{"type":"keyDown","value":"î€‡"},{"type":"pause","duration":10},{"type":"keyUp","value":"î€‡"}]}]}
COMMAND: GET /session/dc388682b4200c5e048280db36f00fb1/screenshot - {}
RESULT: {}
RESULT: {}
COMMAND: POST /session/dc388682b4200c5e048280db36f00fb1/element - {"using":"xpath","value":"//span[contains(@id ,\"application-billingtransfer-display-component---billingWorkbench--smartTableBillingRuns-header-inner\")]"}
RESULT: {"using":"xpath","value":"//span[contains(@id ,\"application-billingtransfer-display-component---billingWorkbench--smartTableBillingRuns-header-inner\")]"}
COMMAND: POST /session/dc388682b4200c5e048280db36f00fb1/elements - {"using":"xpath","value":"//span[contains(@id ,\"application-billingtransfer-display-component---billingWorkbench--smartTableBillingRuns-header-inner\")]"}
RESULT: {"using":"xpath","value":"//span[contains(@id ,\"application-billingtransfer-display-component---billingWorkbench--smartTableBillingRuns-header-inner\")]"}
COMMAND: POST /session/dc388682b4200c5e048280db36f00fb1/execute/sync - {"script":"<script> [56 bytes]","args":[{"element-6066-11e4-a52e-4f735466cecf":"f.5DEB10E109CE1E7B94EA7693F5B1958D.d.C585627F9C0A024C928EBF1387070BC4.e.6492","ELEMENT":"f.5DEB10E109CE1E7B94EA7693F5B1958D.d.C585627F9C0A024C928EBF1387070BC4.e.6492"}]}
RESULT: {"script":"<script> [56 bytes]","args":[{"element-6066-11e4-a52e-4f735466cecf":"f.5DEB10E109CE1E7B94EA7693F5B1958D.d.C585627F9C0A024C928EBF1387070BC4.e.6492","ELEMENT":"f.5DEB10E109CE1E7B94EA7693F5B1958D.d.C585627F9C0A024C928EBF1387070BC4.e.6492"}]}
COMMAND: POST /session/dc388682b4200c5e048280db36f00fb1/element - {"using":"css selector","value":"#shell-header-logo"}
COMMAND: GET /session/dc388682b4200c5e048280db36f00fb1/screenshot - {}
RESULT: {"using":"css selector","value":"#shell-header-logo"}
COMMAND: POST /session/dc388682b4200c5e048280db36f00fb1/element/f.5DEB10E109CE1E7B94EA7693F5B1958D.d.C585627F9C0A024C928EBF1387070BC4.e.6334/click - {}
RESULT: {}
RESULT: {}
COMMAND: GET /session/dc388682b4200c5e048280db36f00fb1/screenshot - {}
RESULT: {}
COMMAND: POST /session/dc388682b4200c5e048280db36f00fb1/element - {"using":"css selector","value":"#j_username"}
COMMAND: POST /session/dc388682b4200c5e048280db36f00fb1/url - {"url":"https://qa-testing-00-live-etm-ui.cfapps.eu10-004.hana.ondemand.com/"}
RESULT: {"using":"css selector","value":"#j_username"}
COMMAND: POST /session/dc388682b4200c5e048280db36f00fb1/element - {"using":"css selector","value":"#j_username"}
RESULT: {"url":"https://qa-testing-00-live-etm-ui.cfapps.eu10-004.hana.ondemand.com/"}
RESULT: undefined
COMMAND: GET /session/dc388682b4200c5e048280db36f00fb1/screenshot - {}
RESULT: {"using":"css selector","value":"#j_username"}
COMMAND: POST /session/dc388682b4200c5e048280db36f00fb1/element - {"using":"css selector","value":"#shell-header-logo"}
RESULT: {}
RESULT: {"using":"css selector","value":"#shell-header-logo"}
COMMAND: POST /session/dc388682b4200c5e048280db36f00fb1/execute/sync - {"script":"<script> [8489 bytes]","args":[{"element-6066-11e4-a52e-4f735466cecf":"f.5DEB10E109CE1E7B94EA7693F5B1958D.d.C27CE6B8EBC38D7B7D7F46946EE902EC.e.6528","ELEMENT":"f.5DEB10E109CE1E7B94EA7693F5B1958D.d.C27CE6B8EBC38D7B7D7F46946EE902EC.e.6528"}]}
RESULT: {"script":"<script> [8489 bytes]","args":[{"element-6066-11e4-a52e-4f735466cecf":"f.5DEB10E109CE1E7B94EA7693F5B1958D.d.C27CE6B8EBC38D7B7D7F46946EE902EC.e.6528","ELEMENT":"f.5DEB10E109CE1E7B94EA7693F5B1958D.d.C27CE6B8EBC38D7B7D7F46946EE902EC.e.6528"}]}
COMMAND: POST /session/dc388682b4200c5e048280db36f00fb1/element - {"using":"css selector","value":"#shell-header-logo"}
COMMAND: GET /session/dc388682b4200c5e048280db36f00fb1/screenshot - {}
RESULT: {"using":"css selector","value":"#shell-header-logo"}
COMMAND: POST /session/dc388682b4200c5e048280db36f00fb1/execute/sync - {"script":"<script> [8489 bytes]","args":[{"element-6066-11e4-a52e-4f735466cecf":"f.5DEB10E109CE1E7B94EA7693F5B1958D.d.C27CE6B8EBC38D7B7D7F46946EE902EC.e.6528","ELEMENT":"f.5DEB10E109CE1E7B94EA7693F5B1958D.d.C27CE6B8EBC38D7B7D7F46946EE902EC.e.6528"}]}
RESULT: {}
RESULT: {"script":"<script> [8489 bytes]","args":[{"element-6066-11e4-a52e-4f735466cecf":"f.5DEB10E109CE1E7B94EA7693F5B1958D.d.C27CE6B8EBC38D7B7D7F46946EE902EC.e.6528","ELEMENT":"f.5DEB10E109CE1E7B94EA7693F5B1958D.d.C27CE6B8EBC38D7B7D7F46946EE902EC.e.6528"}]}
COMMAND: POST /session/dc388682b4200c5e048280db36f00fb1/execute/sync - {"script":"<script> [5351 bytes]","args":[{"element-6066-11e4-a52e-4f735466cecf":"f.5DEB10E109CE1E7B94EA7693F5B1958D.d.C27CE6B8EBC38D7B7D7F46946EE902EC.e.6528","ELEMENT":"f.5DEB10E109CE1E7B94EA7693F5B1958D.d.C27CE6B8EBC38D7B7D7F46946EE902EC.e.6528"}]}
COMMAND: GET /session/dc388682b4200c5e048280db36f00fb1/screenshot - {}
RESULT: {"script":"<script> [5351 bytes]","args":[{"element-6066-11e4-a52e-4f735466cecf":"f.5DEB10E109CE1E7B94EA7693F5B1958D.d.C27CE6B8EBC38D7B7D7F46946EE902EC.e.6528","ELEMENT":"f.5DEB10E109CE1E7B94EA7693F5B1958D.d.C27CE6B8EBC38D7B7D7F46946EE902EC.e.6528"}]}
COMMAND: POST /session/dc388682b4200c5e048280db36f00fb1/element - {"using":"css selector","value":"#shell-header-logo"}
COMMAND: GET /session/dc388682b4200c5e048280db36f00fb1/screenshot - {}
RESULT: {}
RESULT: {"using":"css selector","value":"#shell-header-logo"}
COMMAND: POST /session/dc388682b4200c5e048280db36f00fb1/element/f.5DEB10E109CE1E7B94EA7693F5B1958D.d.C27CE6B8EBC38D7B7D7F46946EE902EC.e.6528/click - {}
RESULT: {}
RESULT: {}
COMMAND: GET /session/dc388682b4200c5e048280db36f00fb1/screenshot - {}
RESULT: {}
COMMAND: POST /session/dc388682b4200c5e048280db36f00fb1/execute/async - {"script":"<script> [189 bytes]","args":[]}
RESULT: {"script":"<script> [189 bytes]","args":[]}
COMMAND: POST /session/dc388682b4200c5e048280db36f00fb1/execute/async - {"script":"<script> [123 bytes]","args":[]}
RESULT: {"script":"<script> [123 bytes]","args":[]}
COMMAND: POST /session/dc388682b4200c5e048280db36f00fb1/timeouts - {"script":"<number>"}
RESULT: {"script":"<number>"}
COMMAND: GET /session/dc388682b4200c5e048280db36f00fb1/timeouts - {}
RESULT: {}
RESULT: undefined
COMMAND: POST /session/dc388682b4200c5e048280db36f00fb1/execute/async - {"script":"<script> [2676 bytes]","args":[]}
RESULT: {"script":"<script> [2676 bytes]","args":[]}
COMMAND: POST /session/dc388682b4200c5e048280db36f00fb1/execute/async - {"script":"<script> [2342 bytes]","args":[{"protocol":"http","hostname":"0.0.0.0","path":"/","capabilities":{"browserName":"chrome","goog:chromeOptions":{"binary":"C:\\Program Files\\Google\\Chrome\\Application\\chrome.exe","args":["--start-maximized"]}},"logLevel":"warn","connectionRetryTimeout":120000,"connectionRetryCount":3,"logLevels":{},"enableDirectConnect":true,"strictSSL":true,"_":"65 more keys: [\"cacheDir\",\"port\",\"requestedCapabilities\",\"automationProtocol\",\"baseUrl\",\"waitforInterval\",\"waitforTimeout\",\"onReload\",\"beforeCommand\",\"afterCommand\",\"rootDir\",\"specs\",\"suites\",\"exclude\",\"groupLogsByTestSpec\",\"excludeDriverLogs\",\"bail\",\"framework\",\"reporters\",\"services\",\"maxInstances\",\"maxInstancesPerCapability\",\"injectGlobals\",\"filesToWatch\",\"execArgv\",\"runnerEnv\",\"runner\",\"shard\",\"specFileRetries\",\"specFileRetriesDelay\",\"specFileRetriesDeferred\",\"reporterSyncInterval\",\"reporterSyncTimeout\",\"cucumberFeaturesWithLineNumbers\",\"autoCompileOpts\",\"mochaOpts\",\"jasmineOpts\",\"cucumberOpts\",\"onPrepare\",\"onWorkerStart\",\"onWorkerEnd\",\"before\",\"beforeSession\",\"beforeSuite\",\"beforeHook\",\"beforeTest\",\"afterTest\",\"afterHook\",\"afterSuite\",\"afterSession\",\"after\",\"onComplete\",\"beforeAssertion\",\"afterAssertion\",\"beforeFeature\",\"beforeScenario\",\"beforeStep\",\"afterStep\",\"afterScenario\",\"afterFeature\",\"_\",\"suite\",\"$0\",\"ignoredWorkerServices\",\"wdi5\"]"}]}
RESULT: {"script":"<script> [2342 bytes]","args":[{"protocol":"http","hostname":"0.0.0.0","path":"/","capabilities":{"browserName":"chrome","goog:chromeOptions":{"binary":"C:\\Program Files\\Google\\Chrome\\Application\\chrome.exe","args":["--start-maximized"]}},"logLevel":"warn","connectionRetryTimeout":120000,"connectionRetryCount":3,"logLevels":{},"enableDirectConnect":true,"strictSSL":true,"_":"65 more keys: [\"cacheDir\",\"port\",\"requestedCapabilities\",\"automationProtocol\",\"baseUrl\",\"waitforInterval\",\"waitforTimeout\",\"onReload\",\"beforeCommand\",\"afterCommand\",\"rootDir\",\"specs\",\"suites\",\"exclude\",\"groupLogsByTestSpec\",\"excludeDriverLogs\",\"bail\",\"framework\",\"reporters\",\"services\",\"maxInstances\",\"maxInstancesPerCapability\",\"injectGlobals\",\"filesToWatch\",\"execArgv\",\"runnerEnv\",\"runner\",\"shard\",\"specFileRetries\",\"specFileRetriesDelay\",\"specFileRetriesDeferred\",\"reporterSyncInterval\",\"reporterSyncTimeout\",\"cucumberFeaturesWithLineNumbers\",\"autoCompileOpts\",\"mochaOpts\",\"jasmineOpts\",\"cucumberOpts\",\"onPrepare\",\"onWorkerStart\",\"onWorkerEnd\",\"before\",\"beforeSession\",\"beforeSuite\",\"beforeHook\",\"beforeTest\",\"afterTest\",\"afterHook\",\"afterSuite\",\"afterSession\",\"after\",\"onComplete\",\"beforeAssertion\",\"afterAssertion\",\"beforeFeature\",\"beforeScenario\",\"beforeStep\",\"afterStep\",\"afterScenario\",\"afterFeature\",\"_\",\"suite\",\"$0\",\"ignoredWorkerServices\",\"wdi5\"]"}]}
COMMAND: POST /session/dc388682b4200c5e048280db36f00fb1/execute/async - {"script":"<script> [21126 bytes]","args":[35000]}
RESULT: {"script":"<script> [21126 bytes]","args":[35000]}
COMMAND: POST /session/dc388682b4200c5e048280db36f00fb1/window/maximize - {}
RESULT: {}
COMMAND: POST /session/dc388682b4200c5e048280db36f00fb1/execute/async - {"script":"<script> [1562 bytes]","args":[{"selector":{"id":"shell-header","interaction":{"idSuffix":"icon"}},"wdio_ui5_key":"shellheader"}]}
COMMAND: GET /session/dc388682b4200c5e048280db36f00fb1/screenshot - {}
RESULT: {"script":"<script> [1562 bytes]","args":[{"selector":{"id":"shell-header","interaction":{"idSuffix":"icon"}},"wdio_ui5_key":"shellheader"}]}
RESULT: undefined
COMMAND: POST /session/dc388682b4200c5e048280db36f00fb1/refresh - {}
RESULT: {}
RESULT: {}
COMMAND: GET /session/dc388682b4200c5e048280db36f00fb1/screenshot - {}
RESULT: {}
COMMAND: POST /session/dc388682b4200c5e048280db36f00fb1/refresh - {}
RESULT: {}
COMMAND: GET /session/dc388682b4200c5e048280db36f00fb1/screenshot - {}
RESULT: {}
COMMAND: POST /session/dc388682b4200c5e048280db36f00fb1/window/fullscreen - {}
RESULT: {}
COMMAND: POST /session/dc388682b4200c5e048280db36f00fb1/execute/async - {"script":"<script> [189 bytes]","args":[]}
RESULT: {"script":"<script> [189 bytes]","args":[]}
COMMAND: POST /session/dc388682b4200c5e048280db36f00fb1/execute/async - {"script":"<script> [123 bytes]","args":[]}
RESULT: {"script":"<script> [123 bytes]","args":[]}
COMMAND: POST /session/dc388682b4200c5e048280db36f00fb1/timeouts - {"script":"<number>"}
RESULT: {"script":"<number>"}
COMMAND: GET /session/dc388682b4200c5e048280db36f00fb1/timeouts - {}
RESULT: {}
RESULT: undefined
COMMAND: POST /session/dc388682b4200c5e048280db36f00fb1/execute/async - {"script":"<script> [2676 bytes]","args":[]}
RESULT: {"script":"<script> [2676 bytes]","args":[]}
COMMAND: POST /session/dc388682b4200c5e048280db36f00fb1/execute/async - {"script":"<script> [2342 bytes]","args":[{"protocol":"http","hostname":"0.0.0.0","path":"/","capabilities":{"browserName":"chrome","goog:chromeOptions":{"binary":"C:\\Program Files\\Google\\Chrome\\Application\\chrome.exe","args":["--start-maximized"]}},"logLevel":"warn","connectionRetryTimeout":120000,"connectionRetryCount":3,"logLevels":{},"enableDirectConnect":true,"strictSSL":true,"_":"65 more keys: [\"cacheDir\",\"port\",\"requestedCapabilities\",\"automationProtocol\",\"baseUrl\",\"waitforInterval\",\"waitforTimeout\",\"onReload\",\"beforeCommand\",\"afterCommand\",\"rootDir\",\"specs\",\"suites\",\"exclude\",\"groupLogsByTestSpec\",\"excludeDriverLogs\",\"bail\",\"framework\",\"reporters\",\"services\",\"maxInstances\",\"maxInstancesPerCapability\",\"injectGlobals\",\"filesToWatch\",\"execArgv\",\"runnerEnv\",\"runner\",\"shard\",\"specFileRetries\",\"specFileRetriesDelay\",\"specFileRetriesDeferred\",\"reporterSyncInterval\",\"reporterSyncTimeout\",\"cucumberFeaturesWithLineNumbers\",\"autoCompileOpts\",\"mochaOpts\",\"jasmineOpts\",\"cucumberOpts\",\"onPrepare\",\"onWorkerStart\",\"onWorkerEnd\",\"before\",\"beforeSession\",\"beforeSuite\",\"beforeHook\",\"beforeTest\",\"afterTest\",\"afterHook\",\"afterSuite\",\"afterSession\",\"after\",\"onComplete\",\"beforeAssertion\",\"afterAssertion\",\"beforeFeature\",\"beforeScenario\",\"beforeStep\",\"afterStep\",\"afterScenario\",\"afterFeature\",\"_\",\"suite\",\"$0\",\"ignoredWorkerServices\",\"wdi5\"]"}]}
RESULT: {"script":"<script> [2342 bytes]","args":[{"protocol":"http","hostname":"0.0.0.0","path":"/","capabilities":{"browserName":"chrome","goog:chromeOptions":{"binary":"C:\\Program Files\\Google\\Chrome\\Application\\chrome.exe","args":["--start-maximized"]}},"logLevel":"warn","connectionRetryTimeout":120000,"connectionRetryCount":3,"logLevels":{},"enableDirectConnect":true,"strictSSL":true,"_":"65 more keys: [\"cacheDir\",\"port\",\"requestedCapabilities\",\"automationProtocol\",\"baseUrl\",\"waitforInterval\",\"waitforTimeout\",\"onReload\",\"beforeCommand\",\"afterCommand\",\"rootDir\",\"specs\",\"suites\",\"exclude\",\"groupLogsByTestSpec\",\"excludeDriverLogs\",\"bail\",\"framework\",\"reporters\",\"services\",\"maxInstances\",\"maxInstancesPerCapability\",\"injectGlobals\",\"filesToWatch\",\"execArgv\",\"runnerEnv\",\"runner\",\"shard\",\"specFileRetries\",\"specFileRetriesDelay\",\"specFileRetriesDeferred\",\"reporterSyncInterval\",\"reporterSyncTimeout\",\"cucumberFeaturesWithLineNumbers\",\"autoCompileOpts\",\"mochaOpts\",\"jasmineOpts\",\"cucumberOpts\",\"onPrepare\",\"onWorkerStart\",\"onWorkerEnd\",\"before\",\"beforeSession\",\"beforeSuite\",\"beforeHook\",\"beforeTest\",\"afterTest\",\"afterHook\",\"afterSuite\",\"afterSession\",\"after\",\"onComplete\",\"beforeAssertion\",\"afterAssertion\",\"beforeFeature\",\"beforeScenario\",\"beforeStep\",\"afterStep\",\"afterScenario\",\"afterFeature\",\"_\",\"suite\",\"$0\",\"ignoredWorkerServices\",\"wdi5\"]"}]}
COMMAND: POST /session/dc388682b4200c5e048280db36f00fb1/execute/async - {"script":"<script> [21126 bytes]","args":[35000]}
RESULT: {"script":"<script> [21126 bytes]","args":[35000]}
]]></system-out>
    </testcase>
  </testsuite>
  <testsuite timestamp="2025-05-16T06:10:17" time="1156.701" tests="12" failures="0" errors="0" skipped="0">
    <properties>
      <property name="specId" value="0" />
      <property name="suiteName" value="Billing Transfer - Intracompany US127249" />
      <property name="capabilities" value="chrome.136_0_7103_93.windows" />
      <property name="file" value="file:///D:/a/1/s/test/specs/BTS/billing-transfer-intracompany.spec.js" />
    </properties>
    <testcase classname="chrome.136_0_7103_93.windows.Billing_Transfer_-_Intracompany_US127249" name="Should create a new yard" time="138.298">
      <system-out><![CDATA[
COMMAND: POST /session/dc388682b4200c5e048280db36f00fb1/window/fullscreen - {}
RESULT: {}
COMMAND: POST /session/dc388682b4200c5e048280db36f00fb1/execute/async - {"script":"<script> [1562 bytes]","args":[{"selector":{"controlType":"sap.m.GenericTile","properties":{"header":"Manage Yards"}},"wdio_ui5_key":"sapm.GenericTile{\"header\":\"Manage Yards\"}"}]}
RESULT: {"script":"<script> [1562 bytes]","args":[{"selector":{"controlType":"sap.m.GenericTile","properties":{"header":"Manage Yards"}},"wdio_ui5_key":"sapm.GenericTile{\"header\":\"Manage Yards\"}"}]}
RESULT: undefined
COMMAND: POST /session/dc388682b4200c5e048280db36f00fb1/element - {"using":"xpath","value":"//*[@id=\"__tile41\"]"}
RESULT: {"using":"xpath","value":"//*[@id=\"__tile41\"]"}
COMMAND: POST /session/dc388682b4200c5e048280db36f00fb1/element/f.5DEB10E109CE1E7B94EA7693F5B1958D.d.4AD8AEBAA1C3BBC45BFC52A33F8D6479.e.6686/click - {}
RESULT: {}
COMMAND: GET /session/dc388682b4200c5e048280db36f00fb1/screenshot - {}
RESULT: {}
COMMAND: POST /session/dc388682b4200c5e048280db36f00fb1/elements - {"using":"xpath","value":"//span[text()='Error']"}
RESULT: {"using":"xpath","value":"//span[text()='Error']"}
COMMAND: POST /session/dc388682b4200c5e048280db36f00fb1/element - {"using":"xpath","value":"//button[@data-kt=\"addNewYardOverflowToolbarButton\"]"}
RESULT: {"using":"xpath","value":"//button[@data-kt=\"addNewYardOverflowToolbarButton\"]"}
COMMAND: POST /session/dc388682b4200c5e048280db36f00fb1/elements - {"using":"xpath","value":"//button[@data-kt=\"addNewYardOverflowToolbarButton\"]"}
RESULT: {"using":"xpath","value":"//button[@data-kt=\"addNewYardOverflowToolbarButton\"]"}
COMMAND: POST /session/dc388682b4200c5e048280db36f00fb1/elements - {"using":"xpath","value":"//button[@data-kt=\"addNewYardOverflowToolbarButton\"]"}
RESULT: {"using":"xpath","value":"//button[@data-kt=\"addNewYardOverflowToolbarButton\"]"}
COMMAND: POST /session/dc388682b4200c5e048280db36f00fb1/elements - {"using":"xpath","value":"//button[@data-kt=\"addNewYardOverflowToolbarButton\"]"}
RESULT: {"using":"xpath","value":"//button[@data-kt=\"addNewYardOverflowToolbarButton\"]"}
COMMAND: POST /session/dc388682b4200c5e048280db36f00fb1/elements - {"using":"xpath","value":"//button[@data-kt=\"addNewYardOverflowToolbarButton\"]"}
RESULT: {"using":"xpath","value":"//button[@data-kt=\"addNewYardOverflowToolbarButton\"]"}
COMMAND: POST /session/dc388682b4200c5e048280db36f00fb1/elements - {"using":"xpath","value":"//button[@data-kt=\"addNewYardOverflowToolbarButton\"]"}
RESULT: {"using":"xpath","value":"//button[@data-kt=\"addNewYardOverflowToolbarButton\"]"}
COMMAND: POST /session/dc388682b4200c5e048280db36f00fb1/elements - {"using":"xpath","value":"//button[@data-kt=\"addNewYardOverflowToolbarButton\"]"}
RESULT: {"using":"xpath","value":"//button[@data-kt=\"addNewYardOverflowToolbarButton\"]"}
COMMAND: POST /session/dc388682b4200c5e048280db36f00fb1/elements - {"using":"xpath","value":"//button[@data-kt=\"addNewYardOverflowToolbarButton\"]"}
RESULT: {"using":"xpath","value":"//button[@data-kt=\"addNewYardOverflowToolbarButton\"]"}
COMMAND: POST /session/dc388682b4200c5e048280db36f00fb1/elements - {"using":"xpath","value":"//button[@data-kt=\"addNewYardOverflowToolbarButton\"]"}
RESULT: {"using":"xpath","value":"//button[@data-kt=\"addNewYardOverflowToolbarButton\"]"}
COMMAND: POST /session/dc388682b4200c5e048280db36f00fb1/elements - {"using":"xpath","value":"//button[@data-kt=\"addNewYardOverflowToolbarButton\"]"}
RESULT: {"using":"xpath","value":"//button[@data-kt=\"addNewYardOverflowToolbarButton\"]"}
COMMAND: POST /session/dc388682b4200c5e048280db36f00fb1/elements - {"using":"xpath","value":"//button[@data-kt=\"addNewYardOverflowToolbarButton\"]"}
RESULT: {"using":"xpath","value":"//button[@data-kt=\"addNewYardOverflowToolbarButton\"]"}
COMMAND: POST /session/dc388682b4200c5e048280db36f00fb1/elements - {"using":"xpath","value":"//button[@data-kt=\"addNewYardOverflowToolbarButton\"]"}
RESULT: {"using":"xpath","value":"//button[@data-kt=\"addNewYardOverflowToolbarButton\"]"}
COMMAND: POST /session/dc388682b4200c5e048280db36f00fb1/elements - {"using":"xpath","value":"//button[@data-kt=\"addNewYardOverflowToolbarButton\"]"}
RESULT: {"using":"xpath","value":"//button[@data-kt=\"addNewYardOverflowToolbarButton\"]"}
COMMAND: POST /session/dc388682b4200c5e048280db36f00fb1/elements - {"using":"xpath","value":"//button[@data-kt=\"addNewYardOverflowToolbarButton\"]"}
RESULT: {"using":"xpath","value":"//button[@data-kt=\"addNewYardOverflowToolbarButton\"]"}
COMMAND: POST /session/dc388682b4200c5e048280db36f00fb1/elements - {"using":"xpath","value":"//button[@data-kt=\"addNewYardOverflowToolbarButton\"]"}
RESULT: {"using":"xpath","value":"//button[@data-kt=\"addNewYardOverflowToolbarButton\"]"}
COMMAND: POST /session/dc388682b4200c5e048280db36f00fb1/elements - {"using":"xpath","value":"//button[@data-kt=\"addNewYardOverflowToolbarButton\"]"}
RESULT: {"using":"xpath","value":"//button[@data-kt=\"addNewYardOverflowToolbarButton\"]"}
COMMAND: POST /session/dc388682b4200c5e048280db36f00fb1/elements - {"using":"xpath","value":"//button[@data-kt=\"addNewYardOverflowToolbarButton\"]"}
RESULT: {"using":"xpath","value":"//button[@data-kt=\"addNewYardOverflowToolbarButton\"]"}
COMMAND: POST /session/dc388682b4200c5e048280db36f00fb1/elements - {"using":"xpath","value":"//button[@data-kt=\"addNewYardOverflowToolbarButton\"]"}
RESULT: {"using":"xpath","value":"//button[@data-kt=\"addNewYardOverflowToolbarButton\"]"}
COMMAND: POST /session/dc388682b4200c5e048280db36f00fb1/elements - {"using":"xpath","value":"//button[@data-kt=\"addNewYardOverflowToolbarButton\"]"}
RESULT: {"using":"xpath","value":"//button[@data-kt=\"addNewYardOverflowToolbarButton\"]"}
COMMAND: POST /session/dc388682b4200c5e048280db36f00fb1/elements - {"using":"xpath","value":"//button[@data-kt=\"addNewYardOverflowToolbarButton\"]"}
RESULT: {"using":"xpath","value":"//button[@data-kt=\"addNewYardOverflowToolbarButton\"]"}
COMMAND: POST /session/dc388682b4200c5e048280db36f00fb1/elements - {"using":"xpath","value":"//button[@data-kt=\"addNewYardOverflowToolbarButton\"]"}
RESULT: {"using":"xpath","value":"//button[@data-kt=\"addNewYardOverflowToolbarButton\"]"}
COMMAND: POST /session/dc388682b4200c5e048280db36f00fb1/elements - {"using":"xpath","value":"//button[@data-kt=\"addNewYardOverflowToolbarButton\"]"}
RESULT: {"using":"xpath","value":"//button[@data-kt=\"addNewYardOverflowToolbarButton\"]"}
COMMAND: POST /session/dc388682b4200c5e048280db36f00fb1/elements - {"using":"xpath","value":"//button[@data-kt=\"addNewYardOverflowToolbarButton\"]"}
RESULT: {"using":"xpath","value":"//button[@data-kt=\"addNewYardOverflowToolbarButton\"]"}
COMMAND: POST /session/dc388682b4200c5e048280db36f00fb1/elements - {"using":"xpath","value":"//button[@data-kt=\"addNewYardOverflowToolbarButton\"]"}
RESULT: {"using":"xpath","value":"//button[@data-kt=\"addNewYardOverflowToolbarButton\"]"}
COMMAND: POST /session/dc388682b4200c5e048280db36f00fb1/elements - {"using":"xpath","value":"//button[@data-kt=\"addNewYardOverflowToolbarButton\"]"}
RESULT: {"using":"xpath","value":"//button[@data-kt=\"addNewYardOverflowToolbarButton\"]"}
COMMAND: POST /session/dc388682b4200c5e048280db36f00fb1/elements - {"using":"xpath","value":"//button[@data-kt=\"addNewYardOverflowToolbarButton\"]"}
RESULT: {"using":"xpath","value":"//button[@data-kt=\"addNewYardOverflowToolbarButton\"]"}
COMMAND: POST /session/dc388682b4200c5e048280db36f00fb1/elements - {"using":"xpath","value":"//button[@data-kt=\"addNewYardOverflowToolbarButton\"]"}
RESULT: {"using":"xpath","value":"//button[@data-kt=\"addNewYardOverflowToolbarButton\"]"}
COMMAND: POST /session/dc388682b4200c5e048280db36f00fb1/elements - {"using":"xpath","value":"//button[@data-kt=\"addNewYardOverflowToolbarButton\"]"}
RESULT: {"using":"xpath","value":"//button[@data-kt=\"addNewYardOverflowToolbarButton\"]"}
COMMAND: POST /session/dc388682b4200c5e048280db36f00fb1/elements - {"using":"xpath","value":"//button[@data-kt=\"addNewYardOverflowToolbarButton\"]"}
RESULT: {"using":"xpath","value":"//button[@data-kt=\"addNewYardOverflowToolbarButton\"]"}
COMMAND: POST /session/dc388682b4200c5e048280db36f00fb1/element - {"using":"xpath","value":"//button[@data-kt=\"addNewYardOverflowToolbarButton\"]"}
RESULT: {"using":"xpath","value":"//button[@data-kt=\"addNewYardOverflowToolbarButton\"]"}
COMMAND: POST /session/dc388682b4200c5e048280db36f00fb1/execute/sync - {"script":"<script> [8489 bytes]","args":[{"element-6066-11e4-a52e-4f735466cecf":"f.5DEB10E109CE1E7B94EA7693F5B1958D.d.4AD8AEBAA1C3BBC45BFC52A33F8D6479.e.6808","ELEMENT":"f.5DEB10E109CE1E7B94EA7693F5B1958D.d.4AD8AEBAA1C3BBC45BFC52A33F8D6479.e.6808"}]}
RESULT: {"script":"<script> [8489 bytes]","args":[{"element-6066-11e4-a52e-4f735466cecf":"f.5DEB10E109CE1E7B94EA7693F5B1958D.d.4AD8AEBAA1C3BBC45BFC52A33F8D6479.e.6808","ELEMENT":"f.5DEB10E109CE1E7B94EA7693F5B1958D.d.4AD8AEBAA1C3BBC45BFC52A33F8D6479.e.6808"}]}
COMMAND: GET /session/dc388682b4200c5e048280db36f00fb1/element/f.5DEB10E109CE1E7B94EA7693F5B1958D.d.4AD8AEBAA1C3BBC45BFC52A33F8D6479.e.6808/enabled - {}
COMMAND: GET /session/dc388682b4200c5e048280db36f00fb1/screenshot - {}
RESULT: {}
COMMAND: POST /session/dc388682b4200c5e048280db36f00fb1/execute/sync - {"script":"<script> [8489 bytes]","args":[{"element-6066-11e4-a52e-4f735466cecf":"f.5DEB10E109CE1E7B94EA7693F5B1958D.d.4AD8AEBAA1C3BBC45BFC52A33F8D6479.e.6808","ELEMENT":"f.5DEB10E109CE1E7B94EA7693F5B1958D.d.4AD8AEBAA1C3BBC45BFC52A33F8D6479.e.6808"}]}
COMMAND: GET /session/dc388682b4200c5e048280db36f00fb1/screenshot - {}
RESULT: {}
RESULT: {"script":"<script> [8489 bytes]","args":[{"element-6066-11e4-a52e-4f735466cecf":"f.5DEB10E109CE1E7B94EA7693F5B1958D.d.4AD8AEBAA1C3BBC45BFC52A33F8D6479.e.6808","ELEMENT":"f.5DEB10E109CE1E7B94EA7693F5B1958D.d.4AD8AEBAA1C3BBC45BFC52A33F8D6479.e.6808"}]}
COMMAND: POST /session/dc388682b4200c5e048280db36f00fb1/execute/sync - {"script":"<script> [5351 bytes]","args":[{"element-6066-11e4-a52e-4f735466cecf":"f.5DEB10E109CE1E7B94EA7693F5B1958D.d.4AD8AEBAA1C3BBC45BFC52A33F8D6479.e.6808","ELEMENT":"f.5DEB10E109CE1E7B94EA7693F5B1958D.d.4AD8AEBAA1C3BBC45BFC52A33F8D6479.e.6808"}]}
COMMAND: GET /session/dc388682b4200c5e048280db36f00fb1/screenshot - {}
RESULT: {}
RESULT: {"script":"<script> [5351 bytes]","args":[{"element-6066-11e4-a52e-4f735466cecf":"f.5DEB10E109CE1E7B94EA7693F5B1958D.d.4AD8AEBAA1C3BBC45BFC52A33F8D6479.e.6808","ELEMENT":"f.5DEB10E109CE1E7B94EA7693F5B1958D.d.4AD8AEBAA1C3BBC45BFC52A33F8D6479.e.6808"}]}
COMMAND: POST /session/dc388682b4200c5e048280db36f00fb1/element/f.5DEB10E109CE1E7B94EA7693F5B1958D.d.4AD8AEBAA1C3BBC45BFC52A33F8D6479.e.6808/click - {}
COMMAND: GET /session/dc388682b4200c5e048280db36f00fb1/screenshot - {}
RESULT: {}
RESULT: {}
COMMAND: GET /session/dc388682b4200c5e048280db36f00fb1/screenshot - {}
RESULT: {}
COMMAND: POST /session/dc388682b4200c5e048280db36f00fb1/element - {"using":"xpath","value":"//input[@id=\"application-manageyards-display-component---NewYard--yardId-inner\"]"}
RESULT: {}
RESULT: {"using":"xpath","value":"//input[@id=\"application-manageyards-display-component---NewYard--yardId-inner\"]"}
COMMAND: POST /session/dc388682b4200c5e048280db36f00fb1/element - {"using":"xpath","value":"//input[@id=\"application-manageyards-display-component---NewYard--yardId-inner\"]"}
RESULT: {"using":"xpath","value":"//input[@id=\"application-manageyards-display-component---NewYard--yardId-inner\"]"}
COMMAND: POST /session/dc388682b4200c5e048280db36f00fb1/execute/async - {"script":"<script> [1562 bytes]","args":[{"selector":{"id":"application-manageyards-display-component---NewYard--addressDetailDetailsName1","interaction":{"idSuffix":"inner"}},"wdio_ui5_key":"applicationmanageyards-display-component---NewYard--addressDetailDetailsName1"}]}
RESULT: {"script":"<script> [1562 bytes]","args":[{"selector":{"id":"application-manageyards-display-component---NewYard--addressDetailDetailsName1","interaction":{"idSuffix":"inner"}},"wdio_ui5_key":"applicationmanageyards-display-component---NewYard--addressDetailDetailsName1"}]}
RESULT: undefined
COMMAND: POST /session/dc388682b4200c5e048280db36f00fb1/execute/async - {"script":"<script> [776 bytes]","args":[{"enterText":"Intracompany Yard wdIO","selector":{"id":"application-manageyards-display-component---NewYard--addressDetailDetailsName1","interaction":{"idSuffix":"inner"}},"clearTextFirst":true,"interactionType":"ENTER_TEXT"}]}
RESULT: {"script":"<script> [776 bytes]","args":[{"enterText":"Intracompany Yard wdIO","selector":{"id":"application-manageyards-display-component---NewYard--addressDetailDetailsName1","interaction":{"idSuffix":"inner"}},"clearTextFirst":true,"interactionType":"ENTER_TEXT"}]}
COMMAND: POST /session/dc388682b4200c5e048280db36f00fb1/execute/async - {"script":"<script> [1562 bytes]","args":[{"selector":{"id":"application-manageyards-display-component---NewYard--addressDetailDetailsLanguage-arrow"},"wdio_ui5_key":"applicationmanageyards-display-component---NewYard--addressDetailDetailsLanguage-arrow"}]}
RESULT: {"script":"<script> [1562 bytes]","args":[{"selector":{"id":"application-manageyards-display-component---NewYard--addressDetailDetailsLanguage-arrow"},"wdio_ui5_key":"applicationmanageyards-display-component---NewYard--addressDetailDetailsLanguage-arrow"}]}
RESULT: undefined
COMMAND: POST /session/dc388682b4200c5e048280db36f00fb1/element - {"using":"xpath","value":"//*[@id=\"application-manageyards-display-component---NewYard--addressDetailDetailsLanguage-arrow\"]"}
RESULT: {"using":"xpath","value":"//*[@id=\"application-manageyards-display-component---NewYard--addressDetailDetailsLanguage-arrow\"]"}
COMMAND: POST /session/dc388682b4200c5e048280db36f00fb1/element/f.5DEB10E109CE1E7B94EA7693F5B1958D.d.4AD8AEBAA1C3BBC45BFC52A33F8D6479.e.7240/click - {}
RESULT: {}
COMMAND: POST /session/dc388682b4200c5e048280db36f00fb1/element - {"using":"xpath","value":"//span[contains(text(), \"English\")]"}
COMMAND: GET /session/dc388682b4200c5e048280db36f00fb1/screenshot - {}
RESULT: {"using":"xpath","value":"//span[contains(text(), \"English\")]"}
COMMAND: POST /session/dc388682b4200c5e048280db36f00fb1/element/f.5DEB10E109CE1E7B94EA7693F5B1958D.d.4AD8AEBAA1C3BBC45BFC52A33F8D6479.e.7241/click - {}
RESULT: {}
RESULT: {}
COMMAND: POST /session/dc388682b4200c5e048280db36f00fb1/execute/async - {"script":"<script> [1562 bytes]","args":[{"selector":{"id":"application-manageyards-display-component---NewYard--addressDetailDetailsCity1","interaction":{"idSuffix":"inner"}},"wdio_ui5_key":"applicationmanageyards-display-component---NewYard--addressDetailDetailsCity1"}]}
COMMAND: GET /session/dc388682b4200c5e048280db36f00fb1/screenshot - {}
RESULT: {"script":"<script> [1562 bytes]","args":[{"selector":{"id":"application-manageyards-display-component---NewYard--addressDetailDetailsCity1","interaction":{"idSuffix":"inner"}},"wdio_ui5_key":"applicationmanageyards-display-component---NewYard--addressDetailDetailsCity1"}]}
RESULT: undefined
COMMAND: POST /session/dc388682b4200c5e048280db36f00fb1/execute/async - {"script":"<script> [776 bytes]","args":[{"enterText":"Rosario","selector":{"id":"application-manageyards-display-component---NewYard--addressDetailDetailsCity1","interaction":{"idSuffix":"inner"}},"clearTextFirst":true,"interactionType":"ENTER_TEXT"}]}
RESULT: {}
RESULT: {"script":"<script> [776 bytes]","args":[{"enterText":"Rosario","selector":{"id":"application-manageyards-display-component---NewYard--addressDetailDetailsCity1","interaction":{"idSuffix":"inner"}},"clearTextFirst":true,"interactionType":"ENTER_TEXT"}]}
COMMAND: POST /session/dc388682b4200c5e048280db36f00fb1/execute/async - {"script":"<script> [1562 bytes]","args":[{"selector":{"id":"application-manageyards-display-component---NewYard--addressDetailDetailsCountry-arrow"},"wdio_ui5_key":"applicationmanageyards-display-component---NewYard--addressDetailDetailsCountry-arrow"}]}
RESULT: {"script":"<script> [1562 bytes]","args":[{"selector":{"id":"application-manageyards-display-component---NewYard--addressDetailDetailsCountry-arrow"},"wdio_ui5_key":"applicationmanageyards-display-component---NewYard--addressDetailDetailsCountry-arrow"}]}
RESULT: undefined
COMMAND: POST /session/dc388682b4200c5e048280db36f00fb1/element - {"using":"xpath","value":"//*[@id=\"application-manageyards-display-component---NewYard--addressDetailDetailsCountry-arrow\"]"}
RESULT: {"using":"xpath","value":"//*[@id=\"application-manageyards-display-component---NewYard--addressDetailDetailsCountry-arrow\"]"}
COMMAND: POST /session/dc388682b4200c5e048280db36f00fb1/element/f.5DEB10E109CE1E7B94EA7693F5B1958D.d.4AD8AEBAA1C3BBC45BFC52A33F8D6479.e.7243/click - {}
RESULT: {}
COMMAND: POST /session/dc388682b4200c5e048280db36f00fb1/element - {"using":"xpath","value":"//span[contains(text(), \"Argentina\")]"}
COMMAND: GET /session/dc388682b4200c5e048280db36f00fb1/screenshot - {}
RESULT: {"using":"xpath","value":"//span[contains(text(), \"Argentina\")]"}
COMMAND: POST /session/dc388682b4200c5e048280db36f00fb1/element/f.5DEB10E109CE1E7B94EA7693F5B1958D.d.4AD8AEBAA1C3BBC45BFC52A33F8D6479.e.7244/click - {}
RESULT: {}
RESULT: {}
COMMAND: POST /session/dc388682b4200c5e048280db36f00fb1/execute/async - {"script":"<script> [1562 bytes]","args":[{"selector":{"id":"application-manageyards-display-component---NewYard--addressEditDetailsCostObjectCstType-arrow"},"wdio_ui5_key":"applicationmanageyards-display-component---NewYard--addressEditDetailsCostObjectCstType-arrow"}]}
COMMAND: GET /session/dc388682b4200c5e048280db36f00fb1/screenshot - {}
RESULT: {"script":"<script> [1562 bytes]","args":[{"selector":{"id":"application-manageyards-display-component---NewYard--addressEditDetailsCostObjectCstType-arrow"},"wdio_ui5_key":"applicationmanageyards-display-component---NewYard--addressEditDetailsCostObjectCstType-arrow"}]}
RESULT: undefined
COMMAND: POST /session/dc388682b4200c5e048280db36f00fb1/element - {"using":"xpath","value":"//*[@id=\"application-manageyards-display-component---NewYard--addressEditDetailsCostObjectCstType-arrow\"]"}
RESULT: {}
RESULT: {"using":"xpath","value":"//*[@id=\"application-manageyards-display-component---NewYard--addressEditDetailsCostObjectCstType-arrow\"]"}
COMMAND: POST /session/dc388682b4200c5e048280db36f00fb1/element/f.5DEB10E109CE1E7B94EA7693F5B1958D.d.4AD8AEBAA1C3BBC45BFC52A33F8D6479.e.7246/click - {}
RESULT: {}
COMMAND: POST /session/dc388682b4200c5e048280db36f00fb1/element - {"using":"xpath","value":"//span[contains(text(), \"Cost Center\")]"}
COMMAND: GET /session/dc388682b4200c5e048280db36f00fb1/screenshot - {}
RESULT: {"using":"xpath","value":"//span[contains(text(), \"Cost Center\")]"}
COMMAND: POST /session/dc388682b4200c5e048280db36f00fb1/element/f.5DEB10E109CE1E7B94EA7693F5B1958D.d.4AD8AEBAA1C3BBC45BFC52A33F8D6479.e.7247/click - {}
RESULT: {}
RESULT: {}
COMMAND: GET /session/dc388682b4200c5e048280db36f00fb1/screenshot - {}
RESULT: {}
COMMAND: POST /session/dc388682b4200c5e048280db36f00fb1/element - {"using":"xpath","value":"//span[@id=\"application-manageyards-display-component---NewYard--addressNewCostObjectCstID-vhi\"]"}
RESULT: {"using":"xpath","value":"//span[@id=\"application-manageyards-display-component---NewYard--addressNewCostObjectCstID-vhi\"]"}
COMMAND: POST /session/dc388682b4200c5e048280db36f00fb1/execute/sync - {"script":"<script> [8489 bytes]","args":[{"element-6066-11e4-a52e-4f735466cecf":"f.5DEB10E109CE1E7B94EA7693F5B1958D.d.4AD8AEBAA1C3BBC45BFC52A33F8D6479.e.7251","ELEMENT":"f.5DEB10E109CE1E7B94EA7693F5B1958D.d.4AD8AEBAA1C3BBC45BFC52A33F8D6479.e.7251"}]}
RESULT: {"script":"<script> [8489 bytes]","args":[{"element-6066-11e4-a52e-4f735466cecf":"f.5DEB10E109CE1E7B94EA7693F5B1958D.d.4AD8AEBAA1C3BBC45BFC52A33F8D6479.e.7251","ELEMENT":"f.5DEB10E109CE1E7B94EA7693F5B1958D.d.4AD8AEBAA1C3BBC45BFC52A33F8D6479.e.7251"}]}
COMMAND: POST /session/dc388682b4200c5e048280db36f00fb1/execute/async - {"script":"<script> [1562 bytes]","args":[{"selector":{"id":"application-manageyards-display-component---NewYard--addressNewCostObjectCstID-vhi"},"wdio_ui5_key":"applicationmanageyards-display-component---NewYard--addressNewCostObjectCstID-vhi"}]}
COMMAND: GET /session/dc388682b4200c5e048280db36f00fb1/screenshot - {}
RESULT: {"script":"<script> [1562 bytes]","args":[{"selector":{"id":"application-manageyards-display-component---NewYard--addressNewCostObjectCstID-vhi"},"wdio_ui5_key":"applicationmanageyards-display-component---NewYard--addressNewCostObjectCstID-vhi"}]}
RESULT: undefined
COMMAND: POST /session/dc388682b4200c5e048280db36f00fb1/element - {"using":"xpath","value":"//*[@id=\"application-manageyards-display-component---NewYard--addressNewCostObjectCstID-vhi\"]"}
RESULT: {}
RESULT: {"using":"xpath","value":"//*[@id=\"application-manageyards-display-component---NewYard--addressNewCostObjectCstID-vhi\"]"}
COMMAND: POST /session/dc388682b4200c5e048280db36f00fb1/element/f.5DEB10E109CE1E7B94EA7693F5B1958D.d.4AD8AEBAA1C3BBC45BFC52A33F8D6479.e.7251/click - {}
RESULT: {}
COMMAND: GET /session/dc388682b4200c5e048280db36f00fb1/screenshot - {}
RESULT: {}
COMMAND: POST /session/dc388682b4200c5e048280db36f00fb1/execute/async - {"script":"<script> [1562 bytes]","args":[{"selector":{"controlType":"sap.m.SearchField","properties":{"placeholder":"Search"},"searchOpenDialogs":true,"interaction":{"idSuffix":"I"}},"wdio_ui5_key":"sapm.SearchField{\"placeholder\":\"Search\"}"}]}
RESULT: {"script":"<script> [1562 bytes]","args":[{"selector":{"controlType":"sap.m.SearchField","properties":{"placeholder":"Search"},"searchOpenDialogs":true,"interaction":{"idSuffix":"I"}},"wdio_ui5_key":"sapm.SearchField{\"placeholder\":\"Search\"}"}]}
RESULT: undefined
COMMAND: POST /session/dc388682b4200c5e048280db36f00fb1/execute/async - {"script":"<script> [776 bytes]","args":[{"enterText":"bauh_b","selector":{"controlType":"sap.m.SearchField","properties":{"placeholder":"Search"},"searchOpenDialogs":true,"interaction":{"idSuffix":"I"}},"clearTextFirst":true,"interactionType":"ENTER_TEXT"}]}
RESULT: {"script":"<script> [776 bytes]","args":[{"enterText":"bauh_b","selector":{"controlType":"sap.m.SearchField","properties":{"placeholder":"Search"},"searchOpenDialogs":true,"interaction":{"idSuffix":"I"}},"clearTextFirst":true,"interactionType":"ENTER_TEXT"}]}
COMMAND: POST /session/dc388682b4200c5e048280db36f00fb1/actions - {"actions":[{"id":"action23","type":"key","parameters":{},"actions":[{"type":"keyDown","value":"î€‡"},{"type":"pause","duration":10},{"type":"keyUp","value":"î€‡"}]}]}
RESULT: {"actions":[{"id":"action23","type":"key","parameters":{},"actions":[{"type":"keyDown","value":"î€‡"},{"type":"pause","duration":10},{"type":"keyUp","value":"î€‡"}]}]}
COMMAND: GET /session/dc388682b4200c5e048280db36f00fb1/screenshot - {}
RESULT: {}
COMMAND: POST /session/dc388682b4200c5e048280db36f00fb1/element - {"using":"xpath","value":"//span[contains(text(), \"Demo Yard\")]"}
RESULT: {"using":"xpath","value":"//span[contains(text(), \"Demo Yard\")]"}
COMMAND: POST /session/dc388682b4200c5e048280db36f00fb1/element/f.5DEB10E109CE1E7B94EA7693F5B1958D.d.4AD8AEBAA1C3BBC45BFC52A33F8D6479.e.7291/click - {}
RESULT: {}
COMMAND: GET /session/dc388682b4200c5e048280db36f00fb1/screenshot - {}
RESULT: {}
COMMAND: POST /session/dc388682b4200c5e048280db36f00fb1/element - {"using":"xpath","value":"//bdi[contains(text(), \"OK\")]"}
RESULT: {"using":"xpath","value":"//bdi[contains(text(), \"OK\")]"}
COMMAND: POST /session/dc388682b4200c5e048280db36f00fb1/element/f.5DEB10E109CE1E7B94EA7693F5B1958D.d.4AD8AEBAA1C3BBC45BFC52A33F8D6479.e.7292/click - {}
RESULT: {}
COMMAND: GET /session/dc388682b4200c5e048280db36f00fb1/screenshot - {}
RESULT: {}
COMMAND: POST /session/dc388682b4200c5e048280db36f00fb1/execute/async - {"script":"<script> [1562 bytes]","args":[{"selector":{"id":"application-manageyards-display-component---NewYard--addressEditDetailsCurrency-arrow"},"wdio_ui5_key":"applicationmanageyards-display-component---NewYard--addressEditDetailsCurrency-arrow"}]}
RESULT: {"script":"<script> [1562 bytes]","args":[{"selector":{"id":"application-manageyards-display-component---NewYard--addressEditDetailsCurrency-arrow"},"wdio_ui5_key":"applicationmanageyards-display-component---NewYard--addressEditDetailsCurrency-arrow"}]}
RESULT: undefined
COMMAND: POST /session/dc388682b4200c5e048280db36f00fb1/element - {"using":"xpath","value":"//*[@id=\"application-manageyards-display-component---NewYard--addressEditDetailsCurrency-arrow\"]"}
RESULT: {"using":"xpath","value":"//*[@id=\"application-manageyards-display-component---NewYard--addressEditDetailsCurrency-arrow\"]"}
COMMAND: POST /session/dc388682b4200c5e048280db36f00fb1/element/f.5DEB10E109CE1E7B94EA7693F5B1958D.d.4AD8AEBAA1C3BBC45BFC52A33F8D6479.e.7295/click - {}
RESULT: {}
COMMAND: POST /session/dc388682b4200c5e048280db36f00fb1/element - {"using":"xpath","value":"//span[contains(text(), \"Euro\")]"}
COMMAND: GET /session/dc388682b4200c5e048280db36f00fb1/screenshot - {}
RESULT: {"using":"xpath","value":"//span[contains(text(), \"Euro\")]"}
COMMAND: POST /session/dc388682b4200c5e048280db36f00fb1/element/f.5DEB10E109CE1E7B94EA7693F5B1958D.d.4AD8AEBAA1C3BBC45BFC52A33F8D6479.e.7296/click - {}
RESULT: {}
RESULT: {}
COMMAND: POST /session/dc388682b4200c5e048280db36f00fb1/execute/async - {"script":"<script> [1562 bytes]","args":[{"selector":{"controlType":"sap.m.Input","viewName":"etm.portal.ui.manageyards.view.New","viewId":"application-manageyards-display-component---NewYard","bindingPath":{"path":"","propertyPath":"/CONTROLLING_AREA","modelName":"NewYardModel"},"interaction":{"idSuffix":"inner"}},"wdio_ui5_key":"etmportal.ui.manageyards.view.Newsap.m.Input{\"path\":\"\",\"propertyPath\":\"/CONTROLLING_AREA\",\"modelName\":\"NewYardModel\"}"}]}
COMMAND: GET /session/dc388682b4200c5e048280db36f00fb1/screenshot - {}
RESULT: {"script":"<script> [1562 bytes]","args":[{"selector":{"controlType":"sap.m.Input","viewName":"etm.portal.ui.manageyards.view.New","viewId":"application-manageyards-display-component---NewYard","bindingPath":{"path":"","propertyPath":"/CONTROLLING_AREA","modelName":"NewYardModel"},"interaction":{"idSuffix":"inner"}},"wdio_ui5_key":"etmportal.ui.manageyards.view.Newsap.m.Input{\"path\":\"\",\"propertyPath\":\"/CONTROLLING_AREA\",\"modelName\":\"NewYardModel\"}"}]}
RESULT: undefined
COMMAND: POST /session/dc388682b4200c5e048280db36f00fb1/execute/async - {"script":"<script> [776 bytes]","args":[{"enterText":"Z001","selector":{"controlType":"sap.m.Input","viewName":"etm.portal.ui.manageyards.view.New","viewId":"application-manageyards-display-component---NewYard","bindingPath":{"path":"","propertyPath":"/CONTROLLING_AREA","modelName":"NewYardModel"},"interaction":{"idSuffix":"inner"}},"clearTextFirst":true,"interactionType":"ENTER_TEXT"}]}
RESULT: {}
RESULT: {"script":"<script> [776 bytes]","args":[{"enterText":"Z001","selector":{"controlType":"sap.m.Input","viewName":"etm.portal.ui.manageyards.view.New","viewId":"application-manageyards-display-component---NewYard","bindingPath":{"path":"","propertyPath":"/CONTROLLING_AREA","modelName":"NewYardModel"},"interaction":{"idSuffix":"inner"}},"clearTextFirst":true,"interactionType":"ENTER_TEXT"}]}
COMMAND: POST /session/dc388682b4200c5e048280db36f00fb1/execute/async - {"script":"<script> [1562 bytes]","args":[{"selector":{"id":"application-manageyards-display-component---NewYard--companyCodeComboBox","interaction":{"idSuffix":"inner"}},"wdio_ui5_key":"applicationmanageyards-display-component---NewYard--companyCodeComboBox"}]}
RESULT: {"script":"<script> [1562 bytes]","args":[{"selector":{"id":"application-manageyards-display-component---NewYard--companyCodeComboBox","interaction":{"idSuffix":"inner"}},"wdio_ui5_key":"applicationmanageyards-display-component---NewYard--companyCodeComboBox"}]}
RESULT: undefined
COMMAND: POST /session/dc388682b4200c5e048280db36f00fb1/execute/async - {"script":"<script> [776 bytes]","args":[{"enterText":"1000","selector":{"id":"application-manageyards-display-component---NewYard--companyCodeComboBox","interaction":{"idSuffix":"inner"}},"clearTextFirst":true,"interactionType":"ENTER_TEXT"}]}
RESULT: {"script":"<script> [776 bytes]","args":[{"enterText":"1000","selector":{"id":"application-manageyards-display-component---NewYard--companyCodeComboBox","interaction":{"idSuffix":"inner"}},"clearTextFirst":true,"interactionType":"ENTER_TEXT"}]}
COMMAND: POST /session/dc388682b4200c5e048280db36f00fb1/execute/async - {"script":"<script> [1562 bytes]","args":[{"selector":{"controlType":"sap.m.Input","viewName":"etm.portal.ui.manageyards.view.New","viewId":"application-manageyards-display-component---NewYard","bindingPath":{"path":"","propertyPath":"/PLANT","modelName":"NewYardModel"},"interaction":{"idSuffix":"inner"}},"wdio_ui5_key":"etmportal.ui.manageyards.view.Newsap.m.Input{\"path\":\"\",\"propertyPath\":\"/PLANT\",\"modelName\":\"NewYardModel\"}"}]}
RESULT: {"script":"<script> [1562 bytes]","args":[{"selector":{"controlType":"sap.m.Input","viewName":"etm.portal.ui.manageyards.view.New","viewId":"application-manageyards-display-component---NewYard","bindingPath":{"path":"","propertyPath":"/PLANT","modelName":"NewYardModel"},"interaction":{"idSuffix":"inner"}},"wdio_ui5_key":"etmportal.ui.manageyards.view.Newsap.m.Input{\"path\":\"\",\"propertyPath\":\"/PLANT\",\"modelName\":\"NewYardModel\"}"}]}
RESULT: undefined
COMMAND: POST /session/dc388682b4200c5e048280db36f00fb1/execute/async - {"script":"<script> [776 bytes]","args":[{"enterText":"1001","selector":{"controlType":"sap.m.Input","viewName":"etm.portal.ui.manageyards.view.New","viewId":"application-manageyards-display-component---NewYard","bindingPath":{"path":"","propertyPath":"/PLANT","modelName":"NewYardModel"},"interaction":{"idSuffix":"inner"}},"clearTextFirst":true,"interactionType":"ENTER_TEXT"}]}
RESULT: {"script":"<script> [776 bytes]","args":[{"enterText":"1001","selector":{"controlType":"sap.m.Input","viewName":"etm.portal.ui.manageyards.view.New","viewId":"application-manageyards-display-component---NewYard","bindingPath":{"path":"","propertyPath":"/PLANT","modelName":"NewYardModel"},"interaction":{"idSuffix":"inner"}},"clearTextFirst":true,"interactionType":"ENTER_TEXT"}]}
COMMAND: POST /session/dc388682b4200c5e048280db36f00fb1/execute/async - {"script":"<script> [1562 bytes]","args":[{"selector":{"controlType":"sap.m.Input","viewName":"etm.portal.ui.manageyards.view.New","viewId":"application-manageyards-display-component---NewYard","bindingPath":{"path":"","propertyPath":"/SALES_AREA_VKORG","modelName":"NewYardModel"},"interaction":{"idSuffix":"inner"}},"wdio_ui5_key":"etmportal.ui.manageyards.view.Newsap.m.Input{\"path\":\"\",\"propertyPath\":\"/SALES_AREA_VKORG\",\"modelName\":\"NewYardModel\"}"}]}
RESULT: {"script":"<script> [1562 bytes]","args":[{"selector":{"controlType":"sap.m.Input","viewName":"etm.portal.ui.manageyards.view.New","viewId":"application-manageyards-display-component---NewYard","bindingPath":{"path":"","propertyPath":"/SALES_AREA_VKORG","modelName":"NewYardModel"},"interaction":{"idSuffix":"inner"}},"wdio_ui5_key":"etmportal.ui.manageyards.view.Newsap.m.Input{\"path\":\"\",\"propertyPath\":\"/SALES_AREA_VKORG\",\"modelName\":\"NewYardModel\"}"}]}
RESULT: undefined
COMMAND: POST /session/dc388682b4200c5e048280db36f00fb1/execute/async - {"script":"<script> [776 bytes]","args":[{"enterText":"C002","selector":{"controlType":"sap.m.Input","viewName":"etm.portal.ui.manageyards.view.New","viewId":"application-manageyards-display-component---NewYard","bindingPath":{"path":"","propertyPath":"/SALES_AREA_VKORG","modelName":"NewYardModel"},"interaction":{"idSuffix":"inner"}},"clearTextFirst":true,"interactionType":"ENTER_TEXT"}]}
RESULT: {"script":"<script> [776 bytes]","args":[{"enterText":"C002","selector":{"controlType":"sap.m.Input","viewName":"etm.portal.ui.manageyards.view.New","viewId":"application-manageyards-display-component---NewYard","bindingPath":{"path":"","propertyPath":"/SALES_AREA_VKORG","modelName":"NewYardModel"},"interaction":{"idSuffix":"inner"}},"clearTextFirst":true,"interactionType":"ENTER_TEXT"}]}
COMMAND: POST /session/dc388682b4200c5e048280db36f00fb1/execute/async - {"script":"<script> [1562 bytes]","args":[{"selector":{"controlType":"sap.m.Input","viewName":"etm.portal.ui.manageyards.view.New","viewId":"application-manageyards-display-component---NewYard","bindingPath":{"path":"","propertyPath":"/SALES_AREA_VTWEG","modelName":"NewYardModel"},"interaction":{"idSuffix":"inner"}},"wdio_ui5_key":"etmportal.ui.manageyards.view.Newsap.m.Input{\"path\":\"\",\"propertyPath\":\"/SALES_AREA_VTWEG\",\"modelName\":\"NewYardModel\"}"}]}
RESULT: {"script":"<script> [1562 bytes]","args":[{"selector":{"controlType":"sap.m.Input","viewName":"etm.portal.ui.manageyards.view.New","viewId":"application-manageyards-display-component---NewYard","bindingPath":{"path":"","propertyPath":"/SALES_AREA_VTWEG","modelName":"NewYardModel"},"interaction":{"idSuffix":"inner"}},"wdio_ui5_key":"etmportal.ui.manageyards.view.Newsap.m.Input{\"path\":\"\",\"propertyPath\":\"/SALES_AREA_VTWEG\",\"modelName\":\"NewYardModel\"}"}]}
RESULT: undefined
COMMAND: POST /session/dc388682b4200c5e048280db36f00fb1/execute/async - {"script":"<script> [776 bytes]","args":[{"enterText":"C2","selector":{"controlType":"sap.m.Input","viewName":"etm.portal.ui.manageyards.view.New","viewId":"application-manageyards-display-component---NewYard","bindingPath":{"path":"","propertyPath":"/SALES_AREA_VTWEG","modelName":"NewYardModel"},"interaction":{"idSuffix":"inner"}},"clearTextFirst":true,"interactionType":"ENTER_TEXT"}]}
RESULT: {"script":"<script> [776 bytes]","args":[{"enterText":"C2","selector":{"controlType":"sap.m.Input","viewName":"etm.portal.ui.manageyards.view.New","viewId":"application-manageyards-display-component---NewYard","bindingPath":{"path":"","propertyPath":"/SALES_AREA_VTWEG","modelName":"NewYardModel"},"interaction":{"idSuffix":"inner"}},"clearTextFirst":true,"interactionType":"ENTER_TEXT"}]}
COMMAND: POST /session/dc388682b4200c5e048280db36f00fb1/execute/async - {"script":"<script> [1562 bytes]","args":[{"selector":{"controlType":"sap.m.Input","viewName":"etm.portal.ui.manageyards.view.New","viewId":"application-manageyards-display-component---NewYard","bindingPath":{"path":"","propertyPath":"/SALES_AREA_SPART","modelName":"NewYardModel"},"interaction":{"idSuffix":"inner"}},"wdio_ui5_key":"etmportal.ui.manageyards.view.Newsap.m.Input{\"path\":\"\",\"propertyPath\":\"/SALES_AREA_SPART\",\"modelName\":\"NewYardModel\"}"}]}
RESULT: {"script":"<script> [1562 bytes]","args":[{"selector":{"controlType":"sap.m.Input","viewName":"etm.portal.ui.manageyards.view.New","viewId":"application-manageyards-display-component---NewYard","bindingPath":{"path":"","propertyPath":"/SALES_AREA_SPART","modelName":"NewYardModel"},"interaction":{"idSuffix":"inner"}},"wdio_ui5_key":"etmportal.ui.manageyards.view.Newsap.m.Input{\"path\":\"\",\"propertyPath\":\"/SALES_AREA_SPART\",\"modelName\":\"NewYardModel\"}"}]}
RESULT: undefined
COMMAND: POST /session/dc388682b4200c5e048280db36f00fb1/execute/async - {"script":"<script> [776 bytes]","args":[{"enterText":"C2","selector":{"controlType":"sap.m.Input","viewName":"etm.portal.ui.manageyards.view.New","viewId":"application-manageyards-display-component---NewYard","bindingPath":{"path":"","propertyPath":"/SALES_AREA_SPART","modelName":"NewYardModel"},"interaction":{"idSuffix":"inner"}},"clearTextFirst":true,"interactionType":"ENTER_TEXT"}]}
RESULT: {"script":"<script> [776 bytes]","args":[{"enterText":"C2","selector":{"controlType":"sap.m.Input","viewName":"etm.portal.ui.manageyards.view.New","viewId":"application-manageyards-display-component---NewYard","bindingPath":{"path":"","propertyPath":"/SALES_AREA_SPART","modelName":"NewYardModel"},"interaction":{"idSuffix":"inner"}},"clearTextFirst":true,"interactionType":"ENTER_TEXT"}]}
COMMAND: POST /session/dc388682b4200c5e048280db36f00fb1/execute/async - {"script":"<script> [1562 bytes]","args":[{"selector":{"controlType":"sap.m.Input","viewName":"etm.portal.ui.manageyards.view.New","viewId":"application-manageyards-display-component---NewYard","bindingPath":{"path":"","propertyPath":"/SHIP_POINT","modelName":"NewYardModel"},"interaction":{"idSuffix":"inner"}},"wdio_ui5_key":"etmportal.ui.manageyards.view.Newsap.m.Input{\"path\":\"\",\"propertyPath\":\"/SHIP_POINT\",\"modelName\":\"NewYardModel\"}"}]}
RESULT: {"script":"<script> [1562 bytes]","args":[{"selector":{"controlType":"sap.m.Input","viewName":"etm.portal.ui.manageyards.view.New","viewId":"application-manageyards-display-component---NewYard","bindingPath":{"path":"","propertyPath":"/SHIP_POINT","modelName":"NewYardModel"},"interaction":{"idSuffix":"inner"}},"wdio_ui5_key":"etmportal.ui.manageyards.view.Newsap.m.Input{\"path\":\"\",\"propertyPath\":\"/SHIP_POINT\",\"modelName\":\"NewYardModel\"}"}]}
RESULT: undefined
COMMAND: POST /session/dc388682b4200c5e048280db36f00fb1/execute/async - {"script":"<script> [776 bytes]","args":[{"enterText":"1710","selector":{"controlType":"sap.m.Input","viewName":"etm.portal.ui.manageyards.view.New","viewId":"application-manageyards-display-component---NewYard","bindingPath":{"path":"","propertyPath":"/SHIP_POINT","modelName":"NewYardModel"},"interaction":{"idSuffix":"inner"}},"clearTextFirst":true,"interactionType":"ENTER_TEXT"}]}
RESULT: {"script":"<script> [776 bytes]","args":[{"enterText":"1710","selector":{"controlType":"sap.m.Input","viewName":"etm.portal.ui.manageyards.view.New","viewId":"application-manageyards-display-component---NewYard","bindingPath":{"path":"","propertyPath":"/SHIP_POINT","modelName":"NewYardModel"},"interaction":{"idSuffix":"inner"}},"clearTextFirst":true,"interactionType":"ENTER_TEXT"}]}
COMMAND: POST /session/dc388682b4200c5e048280db36f00fb1/execute/async - {"script":"<script> [1562 bytes]","args":[{"selector":{"controlType":"sap.m.Input","viewName":"etm.portal.ui.manageyards.view.New","viewId":"application-manageyards-display-component---NewYard","bindingPath":{"path":"","propertyPath":"/DELIVERY_TYPE","modelName":"NewYardModel"},"interaction":{"idSuffix":"inner"}},"wdio_ui5_key":"etmportal.ui.manageyards.view.Newsap.m.Input{\"path\":\"\",\"propertyPath\":\"/DELIVERY_TYPE\",\"modelName\":\"NewYardModel\"}"}]}
RESULT: {"script":"<script> [1562 bytes]","args":[{"selector":{"controlType":"sap.m.Input","viewName":"etm.portal.ui.manageyards.view.New","viewId":"application-manageyards-display-component---NewYard","bindingPath":{"path":"","propertyPath":"/DELIVERY_TYPE","modelName":"NewYardModel"},"interaction":{"idSuffix":"inner"}},"wdio_ui5_key":"etmportal.ui.manageyards.view.Newsap.m.Input{\"path\":\"\",\"propertyPath\":\"/DELIVERY_TYPE\",\"modelName\":\"NewYardModel\"}"}]}
RESULT: undefined
COMMAND: POST /session/dc388682b4200c5e048280db36f00fb1/execute/async - {"script":"<script> [776 bytes]","args":[{"enterText":"ZL01","selector":{"controlType":"sap.m.Input","viewName":"etm.portal.ui.manageyards.view.New","viewId":"application-manageyards-display-component---NewYard","bindingPath":{"path":"","propertyPath":"/DELIVERY_TYPE","modelName":"NewYardModel"},"interaction":{"idSuffix":"inner"}},"clearTextFirst":true,"interactionType":"ENTER_TEXT"}]}
RESULT: {"script":"<script> [776 bytes]","args":[{"enterText":"ZL01","selector":{"controlType":"sap.m.Input","viewName":"etm.portal.ui.manageyards.view.New","viewId":"application-manageyards-display-component---NewYard","bindingPath":{"path":"","propertyPath":"/DELIVERY_TYPE","modelName":"NewYardModel"},"interaction":{"idSuffix":"inner"}},"clearTextFirst":true,"interactionType":"ENTER_TEXT"}]}
COMMAND: POST /session/dc388682b4200c5e048280db36f00fb1/execute/async - {"script":"<script> [1562 bytes]","args":[{"selector":{"controlType":"sap.m.Input","viewName":"etm.portal.ui.manageyards.view.New","viewId":"application-manageyards-display-component---NewYard","bindingPath":{"path":"","propertyPath":"/AUART","modelName":"NewYardModel"},"interaction":{"idSuffix":"inner"}},"wdio_ui5_key":"etmportal.ui.manageyards.view.Newsap.m.Input{\"path\":\"\",\"propertyPath\":\"/AUART\",\"modelName\":\"NewYardModel\"}"}]}
RESULT: {"script":"<script> [1562 bytes]","args":[{"selector":{"controlType":"sap.m.Input","viewName":"etm.portal.ui.manageyards.view.New","viewId":"application-manageyards-display-component---NewYard","bindingPath":{"path":"","propertyPath":"/AUART","modelName":"NewYardModel"},"interaction":{"idSuffix":"inner"}},"wdio_ui5_key":"etmportal.ui.manageyards.view.Newsap.m.Input{\"path\":\"\",\"propertyPath\":\"/AUART\",\"modelName\":\"NewYardModel\"}"}]}
RESULT: undefined
COMMAND: POST /session/dc388682b4200c5e048280db36f00fb1/execute/async - {"script":"<script> [776 bytes]","args":[{"enterText":"TA","selector":{"controlType":"sap.m.Input","viewName":"etm.portal.ui.manageyards.view.New","viewId":"application-manageyards-display-component---NewYard","bindingPath":{"path":"","propertyPath":"/AUART","modelName":"NewYardModel"},"interaction":{"idSuffix":"inner"}},"clearTextFirst":true,"interactionType":"ENTER_TEXT"}]}
RESULT: {"script":"<script> [776 bytes]","args":[{"enterText":"TA","selector":{"controlType":"sap.m.Input","viewName":"etm.portal.ui.manageyards.view.New","viewId":"application-manageyards-display-component---NewYard","bindingPath":{"path":"","propertyPath":"/AUART","modelName":"NewYardModel"},"interaction":{"idSuffix":"inner"}},"clearTextFirst":true,"interactionType":"ENTER_TEXT"}]}
COMMAND: POST /session/dc388682b4200c5e048280db36f00fb1/element - {"using":"xpath","value":"//button[@data-kt=\"newYardSaveButton\"]"}
RESULT: {"using":"xpath","value":"//button[@data-kt=\"newYardSaveButton\"]"}
COMMAND: POST /session/dc388682b4200c5e048280db36f00fb1/element/f.5DEB10E109CE1E7B94EA7693F5B1958D.d.4AD8AEBAA1C3BBC45BFC52A33F8D6479.e.7197/click - {}
RESULT: {}
COMMAND: GET /session/dc388682b4200c5e048280db36f00fb1/screenshot - {}
RESULT: {}
COMMAND: POST /session/dc388682b4200c5e048280db36f00fb1/element - {"using":"xpath","value":"//header[contains(@id, 'ObjectPageLayout-headerTitle')]/div[1]/div[2]/div[1]/span[1]"}
RESULT: {"using":"xpath","value":"//header[contains(@id, 'ObjectPageLayout-headerTitle')]/div[1]/div[2]/div[1]/span[1]"}
COMMAND: POST /session/dc388682b4200c5e048280db36f00fb1/elements - {"using":"xpath","value":"//header[contains(@id, 'ObjectPageLayout-headerTitle')]/div[1]/div[2]/div[1]/span[1]"}
RESULT: {"using":"xpath","value":"//header[contains(@id, 'ObjectPageLayout-headerTitle')]/div[1]/div[2]/div[1]/span[1]"}
COMMAND: POST /session/dc388682b4200c5e048280db36f00fb1/execute/sync - {"script":"<script> [56 bytes]","args":[{"element-6066-11e4-a52e-4f735466cecf":"f.5DEB10E109CE1E7B94EA7693F5B1958D.d.4AD8AEBAA1C3BBC45BFC52A33F8D6479.e.7521","ELEMENT":"f.5DEB10E109CE1E7B94EA7693F5B1958D.d.4AD8AEBAA1C3BBC45BFC52A33F8D6479.e.7521"}]}
RESULT: {"script":"<script> [56 bytes]","args":[{"element-6066-11e4-a52e-4f735466cecf":"f.5DEB10E109CE1E7B94EA7693F5B1958D.d.4AD8AEBAA1C3BBC45BFC52A33F8D6479.e.7521","ELEMENT":"f.5DEB10E109CE1E7B94EA7693F5B1958D.d.4AD8AEBAA1C3BBC45BFC52A33F8D6479.e.7521"}]}
COMMAND: GET /session/dc388682b4200c5e048280db36f00fb1/screenshot - {}
RESULT: {}
COMMAND: POST /session/dc388682b4200c5e048280db36f00fb1/element - {"using":"css selector","value":"#shell-header-logo"}
RESULT: {"using":"css selector","value":"#shell-header-logo"}
COMMAND: POST /session/dc388682b4200c5e048280db36f00fb1/element/f.5DEB10E109CE1E7B94EA7693F5B1958D.d.4AD8AEBAA1C3BBC45BFC52A33F8D6479.e.6777/click - {}
RESULT: {}
COMMAND: GET /session/dc388682b4200c5e048280db36f00fb1/screenshot - {}
RESULT: {}
COMMAND: POST /session/dc388682b4200c5e048280db36f00fb1/execute/sync - {"script":"<script> [299 bytes]","args":[["getModel","getResource"]]}
RESULT: {"script":"<script> [299 bytes]","args":[["getModel","getResource"]]}
]]></system-out>
    </testcase>
    <testcase classname="chrome.136_0_7103_93.windows.Billing_Transfer_-_Intracompany_US127249" name="Should create a new partner" time="145.563">
      <system-out><![CDATA[
COMMAND: GET /session/dc388682b4200c5e048280db36f00fb1/screenshot - {}
COMMAND: POST /session/dc388682b4200c5e048280db36f00fb1/window/fullscreen - {}
RESULT: {}
RESULT: {}
COMMAND: POST /session/dc388682b4200c5e048280db36f00fb1/execute/async - {"script":"<script> [1562 bytes]","args":[{"selector":{"controlType":"sap.m.GenericTile","properties":{"header":"Manage Partners"}},"wdio_ui5_key":"sapm.GenericTile{\"header\":\"Manage Partners\"}"}]}
RESULT: {"script":"<script> [1562 bytes]","args":[{"selector":{"controlType":"sap.m.GenericTile","properties":{"header":"Manage Partners"}},"wdio_ui5_key":"sapm.GenericTile{\"header\":\"Manage Partners\"}"}]}
RESULT: undefined
COMMAND: POST /session/dc388682b4200c5e048280db36f00fb1/element - {"using":"xpath","value":"//*[@id=\"__tile38\"]"}
RESULT: {"using":"xpath","value":"//*[@id=\"__tile38\"]"}
COMMAND: POST /session/dc388682b4200c5e048280db36f00fb1/element/f.5DEB10E109CE1E7B94EA7693F5B1958D.d.4AD8AEBAA1C3BBC45BFC52A33F8D6479.e.6677/click - {}
RESULT: {}
COMMAND: GET /session/dc388682b4200c5e048280db36f00fb1/screenshot - {}
RESULT: {}
COMMAND: POST /session/dc388682b4200c5e048280db36f00fb1/elements - {"using":"xpath","value":"//span[text()='Error']"}
RESULT: {"using":"xpath","value":"//span[text()='Error']"}
COMMAND: POST /session/dc388682b4200c5e048280db36f00fb1/element - {"using":"xpath","value":"//button[@data-kt=\"addButton\"]"}
RESULT: {"using":"xpath","value":"//button[@data-kt=\"addButton\"]"}
COMMAND: POST /session/dc388682b4200c5e048280db36f00fb1/elements - {"using":"xpath","value":"//button[@data-kt=\"addButton\"]"}
RESULT: {"using":"xpath","value":"//button[@data-kt=\"addButton\"]"}
COMMAND: POST /session/dc388682b4200c5e048280db36f00fb1/elements - {"using":"xpath","value":"//button[@data-kt=\"addButton\"]"}
RESULT: {"using":"xpath","value":"//button[@data-kt=\"addButton\"]"}
COMMAND: POST /session/dc388682b4200c5e048280db36f00fb1/element - {"using":"xpath","value":"//button[@data-kt=\"addButton\"]"}
RESULT: {"using":"xpath","value":"//button[@data-kt=\"addButton\"]"}
COMMAND: POST /session/dc388682b4200c5e048280db36f00fb1/execute/sync - {"script":"<script> [8489 bytes]","args":[{"element-6066-11e4-a52e-4f735466cecf":"f.5DEB10E109CE1E7B94EA7693F5B1958D.d.4AD8AEBAA1C3BBC45BFC52A33F8D6479.e.7558","ELEMENT":"f.5DEB10E109CE1E7B94EA7693F5B1958D.d.4AD8AEBAA1C3BBC45BFC52A33F8D6479.e.7558"}]}
RESULT: {"script":"<script> [8489 bytes]","args":[{"element-6066-11e4-a52e-4f735466cecf":"f.5DEB10E109CE1E7B94EA7693F5B1958D.d.4AD8AEBAA1C3BBC45BFC52A33F8D6479.e.7558","ELEMENT":"f.5DEB10E109CE1E7B94EA7693F5B1958D.d.4AD8AEBAA1C3BBC45BFC52A33F8D6479.e.7558"}]}
COMMAND: GET /session/dc388682b4200c5e048280db36f00fb1/element/f.5DEB10E109CE1E7B94EA7693F5B1958D.d.4AD8AEBAA1C3BBC45BFC52A33F8D6479.e.7558/enabled - {}
COMMAND: GET /session/dc388682b4200c5e048280db36f00fb1/screenshot - {}
RESULT: {}
COMMAND: POST /session/dc388682b4200c5e048280db36f00fb1/execute/sync - {"script":"<script> [8489 bytes]","args":[{"element-6066-11e4-a52e-4f735466cecf":"f.5DEB10E109CE1E7B94EA7693F5B1958D.d.4AD8AEBAA1C3BBC45BFC52A33F8D6479.e.7558","ELEMENT":"f.5DEB10E109CE1E7B94EA7693F5B1958D.d.4AD8AEBAA1C3BBC45BFC52A33F8D6479.e.7558"}]}
COMMAND: GET /session/dc388682b4200c5e048280db36f00fb1/screenshot - {}
RESULT: {}
RESULT: {"script":"<script> [8489 bytes]","args":[{"element-6066-11e4-a52e-4f735466cecf":"f.5DEB10E109CE1E7B94EA7693F5B1958D.d.4AD8AEBAA1C3BBC45BFC52A33F8D6479.e.7558","ELEMENT":"f.5DEB10E109CE1E7B94EA7693F5B1958D.d.4AD8AEBAA1C3BBC45BFC52A33F8D6479.e.7558"}]}
COMMAND: POST /session/dc388682b4200c5e048280db36f00fb1/execute/sync - {"script":"<script> [5351 bytes]","args":[{"element-6066-11e4-a52e-4f735466cecf":"f.5DEB10E109CE1E7B94EA7693F5B1958D.d.4AD8AEBAA1C3BBC45BFC52A33F8D6479.e.7558","ELEMENT":"f.5DEB10E109CE1E7B94EA7693F5B1958D.d.4AD8AEBAA1C3BBC45BFC52A33F8D6479.e.7558"}]}
COMMAND: GET /session/dc388682b4200c5e048280db36f00fb1/screenshot - {}
RESULT: {}
RESULT: {"script":"<script> [5351 bytes]","args":[{"element-6066-11e4-a52e-4f735466cecf":"f.5DEB10E109CE1E7B94EA7693F5B1958D.d.4AD8AEBAA1C3BBC45BFC52A33F8D6479.e.7558","ELEMENT":"f.5DEB10E109CE1E7B94EA7693F5B1958D.d.4AD8AEBAA1C3BBC45BFC52A33F8D6479.e.7558"}]}
COMMAND: POST /session/dc388682b4200c5e048280db36f00fb1/element/f.5DEB10E109CE1E7B94EA7693F5B1958D.d.4AD8AEBAA1C3BBC45BFC52A33F8D6479.e.7558/click - {}
COMMAND: GET /session/dc388682b4200c5e048280db36f00fb1/screenshot - {}
RESULT: {}
RESULT: {}
COMMAND: GET /session/dc388682b4200c5e048280db36f00fb1/screenshot - {}
COMMAND: POST /session/dc388682b4200c5e048280db36f00fb1/execute/async - {"script":"<script> [1562 bytes]","args":[{"selector":{"id":"application-managepartners-display-component---NewPartner--addressDetailDetailsName1","interaction":{"idSuffix":"inner"}},"wdio_ui5_key":"applicationmanagepartners-display-component---NewPartner--addressDetailDetailsName1"}]}
RESULT: {}
RESULT: {}
RESULT: {"script":"<script> [1562 bytes]","args":[{"selector":{"id":"application-managepartners-display-component---NewPartner--addressDetailDetailsName1","interaction":{"idSuffix":"inner"}},"wdio_ui5_key":"applicationmanagepartners-display-component---NewPartner--addressDetailDetailsName1"}]}
RESULT: undefined
COMMAND: POST /session/dc388682b4200c5e048280db36f00fb1/execute/async - {"script":"<script> [776 bytes]","args":[{"enterText":"Intracompany Partner WDIO","selector":{"id":"application-managepartners-display-component---NewPartner--addressDetailDetailsName1","interaction":{"idSuffix":"inner"}},"clearTextFirst":true,"interactionType":"ENTER_TEXT"}]}
RESULT: {"script":"<script> [776 bytes]","args":[{"enterText":"Intracompany Partner WDIO","selector":{"id":"application-managepartners-display-component---NewPartner--addressDetailDetailsName1","interaction":{"idSuffix":"inner"}},"clearTextFirst":true,"interactionType":"ENTER_TEXT"}]}
COMMAND: POST /session/dc388682b4200c5e048280db36f00fb1/execute/async - {"script":"<script> [1562 bytes]","args":[{"selector":{"id":"application-managepartners-display-component---NewPartner--addressDetailDetailsLanguage-arrow"},"wdio_ui5_key":"applicationmanagepartners-display-component---NewPartner--addressDetailDetailsLanguage-arrow"}]}
RESULT: {"script":"<script> [1562 bytes]","args":[{"selector":{"id":"application-managepartners-display-component---NewPartner--addressDetailDetailsLanguage-arrow"},"wdio_ui5_key":"applicationmanagepartners-display-component---NewPartner--addressDetailDetailsLanguage-arrow"}]}
RESULT: undefined
COMMAND: POST /session/dc388682b4200c5e048280db36f00fb1/element - {"using":"xpath","value":"//*[@id=\"application-managepartners-display-component---NewPartner--addressDetailDetailsLanguage-arrow\"]"}
RESULT: {"using":"xpath","value":"//*[@id=\"application-managepartners-display-component---NewPartner--addressDetailDetailsLanguage-arrow\"]"}
COMMAND: POST /session/dc388682b4200c5e048280db36f00fb1/element/f.5DEB10E109CE1E7B94EA7693F5B1958D.d.4AD8AEBAA1C3BBC45BFC52A33F8D6479.e.8013/click - {}
RESULT: {}
COMMAND: POST /session/dc388682b4200c5e048280db36f00fb1/element - {"using":"xpath","value":"//span[contains(text(), \"English\")]"}
COMMAND: GET /session/dc388682b4200c5e048280db36f00fb1/screenshot - {}
RESULT: {"using":"xpath","value":"//span[contains(text(), \"English\")]"}
COMMAND: POST /session/dc388682b4200c5e048280db36f00fb1/element/f.5DEB10E109CE1E7B94EA7693F5B1958D.d.4AD8AEBAA1C3BBC45BFC52A33F8D6479.e.8014/click - {}
RESULT: {}
RESULT: {}
COMMAND: GET /session/dc388682b4200c5e048280db36f00fb1/screenshot - {}
RESULT: {}
COMMAND: POST /session/dc388682b4200c5e048280db36f00fb1/execute/async - {"script":"<script> [1562 bytes]","args":[{"selector":{"id":"application-managepartners-display-component---NewPartner--addressDetailDetailsCity1","interaction":{"idSuffix":"inner"}},"wdio_ui5_key":"applicationmanagepartners-display-component---NewPartner--addressDetailDetailsCity1"}]}
RESULT: {"script":"<script> [1562 bytes]","args":[{"selector":{"id":"application-managepartners-display-component---NewPartner--addressDetailDetailsCity1","interaction":{"idSuffix":"inner"}},"wdio_ui5_key":"applicationmanagepartners-display-component---NewPartner--addressDetailDetailsCity1"}]}
RESULT: undefined
COMMAND: POST /session/dc388682b4200c5e048280db36f00fb1/execute/async - {"script":"<script> [776 bytes]","args":[{"enterText":"Rosario","selector":{"id":"application-managepartners-display-component---NewPartner--addressDetailDetailsCity1","interaction":{"idSuffix":"inner"}},"clearTextFirst":true,"interactionType":"ENTER_TEXT"}]}
RESULT: {"script":"<script> [776 bytes]","args":[{"enterText":"Rosario","selector":{"id":"application-managepartners-display-component---NewPartner--addressDetailDetailsCity1","interaction":{"idSuffix":"inner"}},"clearTextFirst":true,"interactionType":"ENTER_TEXT"}]}
COMMAND: POST /session/dc388682b4200c5e048280db36f00fb1/execute/async - {"script":"<script> [1562 bytes]","args":[{"selector":{"id":"application-managepartners-display-component---NewPartner--addressDetailDetailsCountry-arrow"},"wdio_ui5_key":"applicationmanagepartners-display-component---NewPartner--addressDetailDetailsCountry-arrow"}]}
RESULT: {"script":"<script> [1562 bytes]","args":[{"selector":{"id":"application-managepartners-display-component---NewPartner--addressDetailDetailsCountry-arrow"},"wdio_ui5_key":"applicationmanagepartners-display-component---NewPartner--addressDetailDetailsCountry-arrow"}]}
RESULT: undefined
COMMAND: POST /session/dc388682b4200c5e048280db36f00fb1/element - {"using":"xpath","value":"//*[@id=\"application-managepartners-display-component---NewPartner--addressDetailDetailsCountry-arrow\"]"}
RESULT: {"using":"xpath","value":"//*[@id=\"application-managepartners-display-component---NewPartner--addressDetailDetailsCountry-arrow\"]"}
COMMAND: POST /session/dc388682b4200c5e048280db36f00fb1/element/f.5DEB10E109CE1E7B94EA7693F5B1958D.d.4AD8AEBAA1C3BBC45BFC52A33F8D6479.e.7981/click - {}
RESULT: {}
COMMAND: POST /session/dc388682b4200c5e048280db36f00fb1/element - {"using":"xpath","value":"//span[contains(text(), \"Argentina\")]"}
COMMAND: GET /session/dc388682b4200c5e048280db36f00fb1/screenshot - {}
RESULT: {"using":"xpath","value":"//span[contains(text(), \"Argentina\")]"}
COMMAND: POST /session/dc388682b4200c5e048280db36f00fb1/element/f.5DEB10E109CE1E7B94EA7693F5B1958D.d.4AD8AEBAA1C3BBC45BFC52A33F8D6479.e.8016/click - {}
RESULT: {}
RESULT: {}
COMMAND: GET /session/dc388682b4200c5e048280db36f00fb1/screenshot - {}
RESULT: {}
COMMAND: POST /session/dc388682b4200c5e048280db36f00fb1/element - {"using":"xpath","value":"//bdi[contains(text(), \"Commercial\")]"}
RESULT: {"using":"xpath","value":"//bdi[contains(text(), \"Commercial\")]"}
COMMAND: POST /session/dc388682b4200c5e048280db36f00fb1/element/f.5DEB10E109CE1E7B94EA7693F5B1958D.d.4AD8AEBAA1C3BBC45BFC52A33F8D6479.e.8017/click - {}
RESULT: {}
COMMAND: GET /session/dc388682b4200c5e048280db36f00fb1/screenshot - {}
RESULT: {}
COMMAND: POST /session/dc388682b4200c5e048280db36f00fb1/execute/async - {"script":"<script> [1562 bytes]","args":[{"selector":{"id":"application-managepartners-display-component---NewPartner--partnerDetailInternal-arrow"},"wdio_ui5_key":"applicationmanagepartners-display-component---NewPartner--partnerDetailInternal-arrow"}]}
RESULT: {"script":"<script> [1562 bytes]","args":[{"selector":{"id":"application-managepartners-display-component---NewPartner--partnerDetailInternal-arrow"},"wdio_ui5_key":"applicationmanagepartners-display-component---NewPartner--partnerDetailInternal-arrow"}]}
RESULT: undefined
COMMAND: POST /session/dc388682b4200c5e048280db36f00fb1/element - {"using":"xpath","value":"//*[@id=\"application-managepartners-display-component---NewPartner--partnerDetailInternal-arrow\"]"}
RESULT: {"using":"xpath","value":"//*[@id=\"application-managepartners-display-component---NewPartner--partnerDetailInternal-arrow\"]"}
COMMAND: POST /session/dc388682b4200c5e048280db36f00fb1/element/f.5DEB10E109CE1E7B94EA7693F5B1958D.d.4AD8AEBAA1C3BBC45BFC52A33F8D6479.e.8023/click - {}
RESULT: {}
COMMAND: POST /session/dc388682b4200c5e048280db36f00fb1/element - {"using":"xpath","value":"//span[contains(text(), \"Affiliated company\")]"}
COMMAND: GET /session/dc388682b4200c5e048280db36f00fb1/screenshot - {}
RESULT: {"using":"xpath","value":"//span[contains(text(), \"Affiliated company\")]"}
COMMAND: POST /session/dc388682b4200c5e048280db36f00fb1/element/f.5DEB10E109CE1E7B94EA7693F5B1958D.d.4AD8AEBAA1C3BBC45BFC52A33F8D6479.e.8024/click - {}
RESULT: {}
RESULT: {}
COMMAND: POST /session/dc388682b4200c5e048280db36f00fb1/execute/async - {"script":"<script> [1562 bytes]","args":[{"selector":{"id":"application-managepartners-display-component---NewPartner--partnerDetailsCurrency-arrow"},"wdio_ui5_key":"applicationmanagepartners-display-component---NewPartner--partnerDetailsCurrency-arrow"}]}
COMMAND: GET /session/dc388682b4200c5e048280db36f00fb1/screenshot - {}
RESULT: {"script":"<script> [1562 bytes]","args":[{"selector":{"id":"application-managepartners-display-component---NewPartner--partnerDetailsCurrency-arrow"},"wdio_ui5_key":"applicationmanagepartners-display-component---NewPartner--partnerDetailsCurrency-arrow"}]}
RESULT: undefined
COMMAND: POST /session/dc388682b4200c5e048280db36f00fb1/element - {"using":"xpath","value":"//*[@id=\"application-managepartners-display-component---NewPartner--partnerDetailsCurrency-arrow\"]"}
RESULT: {}
RESULT: {"using":"xpath","value":"//*[@id=\"application-managepartners-display-component---NewPartner--partnerDetailsCurrency-arrow\"]"}
COMMAND: POST /session/dc388682b4200c5e048280db36f00fb1/element/f.5DEB10E109CE1E7B94EA7693F5B1958D.d.4AD8AEBAA1C3BBC45BFC52A33F8D6479.e.8031/click - {}
RESULT: {}
COMMAND: POST /session/dc388682b4200c5e048280db36f00fb1/element - {"using":"xpath","value":"//span[contains(text(), \"Euro\")]"}
COMMAND: GET /session/dc388682b4200c5e048280db36f00fb1/screenshot - {}
RESULT: {"using":"xpath","value":"//span[contains(text(), \"Euro\")]"}
COMMAND: POST /session/dc388682b4200c5e048280db36f00fb1/element/f.5DEB10E109CE1E7B94EA7693F5B1958D.d.4AD8AEBAA1C3BBC45BFC52A33F8D6479.e.8032/click - {}
RESULT: {}
RESULT: {}
COMMAND: POST /session/dc388682b4200c5e048280db36f00fb1/execute/async - {"script":"<script> [1562 bytes]","args":[{"selector":{"id":"application-managepartners-display-component---NewPartner--addressEditDetailsCostObjectCstType-arrow"},"wdio_ui5_key":"applicationmanagepartners-display-component---NewPartner--addressEditDetailsCostObjectCstType-arrow"}]}
COMMAND: GET /session/dc388682b4200c5e048280db36f00fb1/screenshot - {}
RESULT: {"script":"<script> [1562 bytes]","args":[{"selector":{"id":"application-managepartners-display-component---NewPartner--addressEditDetailsCostObjectCstType-arrow"},"wdio_ui5_key":"applicationmanagepartners-display-component---NewPartner--addressEditDetailsCostObjectCstType-arrow"}]}
RESULT: undefined
COMMAND: POST /session/dc388682b4200c5e048280db36f00fb1/element - {"using":"xpath","value":"//*[@id=\"application-managepartners-display-component---NewPartner--addressEditDetailsCostObjectCstType-arrow\"]"}
RESULT: {}
RESULT: {"using":"xpath","value":"//*[@id=\"application-managepartners-display-component---NewPartner--addressEditDetailsCostObjectCstType-arrow\"]"}
COMMAND: POST /session/dc388682b4200c5e048280db36f00fb1/element/f.5DEB10E109CE1E7B94EA7693F5B1958D.d.4AD8AEBAA1C3BBC45BFC52A33F8D6479.e.8033/click - {}
RESULT: {}
COMMAND: POST /session/dc388682b4200c5e048280db36f00fb1/element - {"using":"xpath","value":"//span[contains(text(), \"Cost Center\")]"}
COMMAND: GET /session/dc388682b4200c5e048280db36f00fb1/screenshot - {}
RESULT: {"using":"xpath","value":"//span[contains(text(), \"Cost Center\")]"}
COMMAND: POST /session/dc388682b4200c5e048280db36f00fb1/element/f.5DEB10E109CE1E7B94EA7693F5B1958D.d.4AD8AEBAA1C3BBC45BFC52A33F8D6479.e.8034/click - {}
RESULT: {}
RESULT: {}
COMMAND: GET /session/dc388682b4200c5e048280db36f00fb1/screenshot - {}
RESULT: {}
COMMAND: POST /session/dc388682b4200c5e048280db36f00fb1/element - {"using":"xpath","value":"//span[@id=\"application-managepartners-display-component---NewPartner--addressNewCostObjectCstID-vhi\"]"}
RESULT: {"using":"xpath","value":"//span[@id=\"application-managepartners-display-component---NewPartner--addressNewCostObjectCstID-vhi\"]"}
COMMAND: POST /session/dc388682b4200c5e048280db36f00fb1/execute/sync - {"script":"<script> [8489 bytes]","args":[{"element-6066-11e4-a52e-4f735466cecf":"f.5DEB10E109CE1E7B94EA7693F5B1958D.d.4AD8AEBAA1C3BBC45BFC52A33F8D6479.e.8038","ELEMENT":"f.5DEB10E109CE1E7B94EA7693F5B1958D.d.4AD8AEBAA1C3BBC45BFC52A33F8D6479.e.8038"}]}
RESULT: {"script":"<script> [8489 bytes]","args":[{"element-6066-11e4-a52e-4f735466cecf":"f.5DEB10E109CE1E7B94EA7693F5B1958D.d.4AD8AEBAA1C3BBC45BFC52A33F8D6479.e.8038","ELEMENT":"f.5DEB10E109CE1E7B94EA7693F5B1958D.d.4AD8AEBAA1C3BBC45BFC52A33F8D6479.e.8038"}]}
COMMAND: POST /session/dc388682b4200c5e048280db36f00fb1/execute/async - {"script":"<script> [1562 bytes]","args":[{"selector":{"id":"application-managepartners-display-component---NewPartner--addressNewCostObjectCstID-vhi"},"wdio_ui5_key":"applicationmanagepartners-display-component---NewPartner--addressNewCostObjectCstID-vhi"}]}
COMMAND: GET /session/dc388682b4200c5e048280db36f00fb1/screenshot - {}
RESULT: {"script":"<script> [1562 bytes]","args":[{"selector":{"id":"application-managepartners-display-component---NewPartner--addressNewCostObjectCstID-vhi"},"wdio_ui5_key":"applicationmanagepartners-display-component---NewPartner--addressNewCostObjectCstID-vhi"}]}
RESULT: undefined
COMMAND: POST /session/dc388682b4200c5e048280db36f00fb1/element - {"using":"xpath","value":"//*[@id=\"application-managepartners-display-component---NewPartner--addressNewCostObjectCstID-vhi\"]"}
RESULT: {}
RESULT: {"using":"xpath","value":"//*[@id=\"application-managepartners-display-component---NewPartner--addressNewCostObjectCstID-vhi\"]"}
COMMAND: POST /session/dc388682b4200c5e048280db36f00fb1/element/f.5DEB10E109CE1E7B94EA7693F5B1958D.d.4AD8AEBAA1C3BBC45BFC52A33F8D6479.e.8038/click - {}
RESULT: {}
COMMAND: GET /session/dc388682b4200c5e048280db36f00fb1/screenshot - {}
RESULT: {}
RESULT: undefined
COMMAND: POST /session/dc388682b4200c5e048280db36f00fb1/execute/async - {"script":"<script> [776 bytes]","args":[{"enterText":"10001013","selector":{"controlType":"sap.m.SearchField","properties":{"placeholder":"Search"},"searchOpenDialogs":true,"interaction":{"idSuffix":"I"}},"clearTextFirst":true,"interactionType":"ENTER_TEXT"}]}
RESULT: {"script":"<script> [776 bytes]","args":[{"enterText":"10001013","selector":{"controlType":"sap.m.SearchField","properties":{"placeholder":"Search"},"searchOpenDialogs":true,"interaction":{"idSuffix":"I"}},"clearTextFirst":true,"interactionType":"ENTER_TEXT"}]}
COMMAND: POST /session/dc388682b4200c5e048280db36f00fb1/actions - {"actions":[{"id":"action24","type":"key","parameters":{},"actions":[{"type":"keyDown","value":"î€‡"},{"type":"pause","duration":10},{"type":"keyUp","value":"î€‡"}]}]}
RESULT: {"actions":[{"id":"action24","type":"key","parameters":{},"actions":[{"type":"keyDown","value":"î€‡"},{"type":"pause","duration":10},{"type":"keyUp","value":"î€‡"}]}]}
COMMAND: GET /session/dc388682b4200c5e048280db36f00fb1/screenshot - {}
RESULT: {}
COMMAND: POST /session/dc388682b4200c5e048280db36f00fb1/element - {"using":"xpath","value":"//span[contains(text(), \"General Management\")]"}
RESULT: {"using":"xpath","value":"//span[contains(text(), \"General Management\")]"}
COMMAND: POST /session/dc388682b4200c5e048280db36f00fb1/element/f.5DEB10E109CE1E7B94EA7693F5B1958D.d.4AD8AEBAA1C3BBC45BFC52A33F8D6479.e.8078/click - {}
RESULT: {}
COMMAND: GET /session/dc388682b4200c5e048280db36f00fb1/screenshot - {}
RESULT: {}
COMMAND: POST /session/dc388682b4200c5e048280db36f00fb1/element - {"using":"xpath","value":"//bdi[contains(text(), \"OK\")]"}
RESULT: {"using":"xpath","value":"//bdi[contains(text(), \"OK\")]"}
COMMAND: POST /session/dc388682b4200c5e048280db36f00fb1/element/f.5DEB10E109CE1E7B94EA7693F5B1958D.d.4AD8AEBAA1C3BBC45BFC52A33F8D6479.e.8079/click - {}
RESULT: {}
COMMAND: GET /session/dc388682b4200c5e048280db36f00fb1/screenshot - {}
RESULT: {}
COMMAND: POST /session/dc388682b4200c5e048280db36f00fb1/element - {"using":"xpath","value":"//input[@id=\"application-managepartners-display-component---NewPartner--companyCodeComboBox-inner\"]"}
RESULT: {"using":"xpath","value":"//input[@id=\"application-managepartners-display-component---NewPartner--companyCodeComboBox-inner\"]"}
COMMAND: POST /session/dc388682b4200c5e048280db36f00fb1/element/f.5DEB10E109CE1E7B94EA7693F5B1958D.d.4AD8AEBAA1C3BBC45BFC52A33F8D6479.e.7831/clear - {}
RESULT: {}
COMMAND: POST /session/dc388682b4200c5e048280db36f00fb1/element/f.5DEB10E109CE1E7B94EA7693F5B1958D.d.4AD8AEBAA1C3BBC45BFC52A33F8D6479.e.7831/value - {"text":"1000"}
COMMAND: GET /session/dc388682b4200c5e048280db36f00fb1/screenshot - {}
RESULT: {"text":"1000"}
COMMAND: GET /session/dc388682b4200c5e048280db36f00fb1/screenshot - {}
RESULT: {}
RESULT: {}
COMMAND: POST /session/dc388682b4200c5e048280db36f00fb1/element - {"using":"xpath","value":"//li[.//span[text()= \"1000\"]]"}
RESULT: {"using":"xpath","value":"//li[.//span[text()= \"1000\"]]"}
COMMAND: POST /session/dc388682b4200c5e048280db36f00fb1/element/f.5DEB10E109CE1E7B94EA7693F5B1958D.d.4AD8AEBAA1C3BBC45BFC52A33F8D6479.e.8085/click - {}
RESULT: {}
COMMAND: GET /session/dc388682b4200c5e048280db36f00fb1/screenshot - {}
RESULT: {}
COMMAND: POST /session/dc388682b4200c5e048280db36f00fb1/execute/async - {"script":"<script> [1562 bytes]","args":[{"selector":{"id":"application-managepartners-display-component---NewPartner--btnAddTableRow-img"},"wdio_ui5_key":"applicationmanagepartners-display-component---NewPartner--btnAddTableRow-img"}]}
RESULT: {"script":"<script> [1562 bytes]","args":[{"selector":{"id":"application-managepartners-display-component---NewPartner--btnAddTableRow-img"},"wdio_ui5_key":"applicationmanagepartners-display-component---NewPartner--btnAddTableRow-img"}]}
RESULT: undefined
COMMAND: POST /session/dc388682b4200c5e048280db36f00fb1/element - {"using":"xpath","value":"//*[@id=\"application-managepartners-display-component---NewPartner--btnAddTableRow-img\"]"}
RESULT: {"using":"xpath","value":"//*[@id=\"application-managepartners-display-component---NewPartner--btnAddTableRow-img\"]"}
COMMAND: POST /session/dc388682b4200c5e048280db36f00fb1/element/f.5DEB10E109CE1E7B94EA7693F5B1958D.d.4AD8AEBAA1C3BBC45BFC52A33F8D6479.e.8086/click - {}
RESULT: {}
COMMAND: GET /session/dc388682b4200c5e048280db36f00fb1/screenshot - {}
RESULT: {}
COMMAND: POST /session/dc388682b4200c5e048280db36f00fb1/element - {"using":"xpath","value":"//input[@id=\"application-managepartners-display-component---NewPartner--assignmentYard-application-managepartners-display-component---NewPartner--assignmentsTable-0-inner\"]"}
RESULT: {"using":"xpath","value":"//input[@id=\"application-managepartners-display-component---NewPartner--assignmentYard-application-managepartners-display-component---NewPartner--assignmentsTable-0-inner\"]"}
COMMAND: POST /session/dc388682b4200c5e048280db36f00fb1/element/f.5DEB10E109CE1E7B94EA7693F5B1958D.d.4AD8AEBAA1C3BBC45BFC52A33F8D6479.e.8089/clear - {}
RESULT: {}
COMMAND: POST /session/dc388682b4200c5e048280db36f00fb1/element/f.5DEB10E109CE1E7B94EA7693F5B1958D.d.4AD8AEBAA1C3BBC45BFC52A33F8D6479.e.8089/value - {"text":"437"}
COMMAND: GET /session/dc388682b4200c5e048280db36f00fb1/screenshot - {}
RESULT: {"text":"437"}
COMMAND: GET /session/dc388682b4200c5e048280db36f00fb1/screenshot - {}
RESULT: {}
RESULT: {}
COMMAND: POST /session/dc388682b4200c5e048280db36f00fb1/element - {"using":"xpath","value":"//li[.//span[text()='437']]"}
RESULT: {"using":"xpath","value":"//li[.//span[text()='437']]"}
COMMAND: POST /session/dc388682b4200c5e048280db36f00fb1/element/f.5DEB10E109CE1E7B94EA7693F5B1958D.d.4AD8AEBAA1C3BBC45BFC52A33F8D6479.e.8098/click - {}
RESULT: {}
COMMAND: GET /session/dc388682b4200c5e048280db36f00fb1/screenshot - {}
RESULT: {}
COMMAND: POST /session/dc388682b4200c5e048280db36f00fb1/actions - {"actions":[{"id":"action25","type":"key","parameters":{},"actions":[{"type":"keyDown","value":"î€‡"},{"type":"pause","duration":10},{"type":"keyUp","value":"î€‡"}]}]}
RESULT: {"actions":[{"id":"action25","type":"key","parameters":{},"actions":[{"type":"keyDown","value":"î€‡"},{"type":"pause","duration":10},{"type":"keyUp","value":"î€‡"}]}]}
COMMAND: POST /session/dc388682b4200c5e048280db36f00fb1/execute/async - {"script":"<script> [1562 bytes]","args":[{"selector":{"id":"application-managepartners-display-component---NewPartner--externalCustomerComboBox-application-managepartners-display-component---NewPartner--assignmentsTable-0-vhi"},"wdio_ui5_key":"applicationmanagepartners-display-component---NewPartner--externalCustomerComboBox-application-managepartners-display-component---NewPartner--assignmentsTable-0-vhi"}]}
COMMAND: GET /session/dc388682b4200c5e048280db36f00fb1/screenshot - {}
RESULT: {"script":"<script> [1562 bytes]","args":[{"selector":{"id":"application-managepartners-display-component---NewPartner--externalCustomerComboBox-application-managepartners-display-component---NewPartner--assignmentsTable-0-vhi"},"wdio_ui5_key":"applicationmanagepartners-display-component---NewPartner--externalCustomerComboBox-application-managepartners-display-component---NewPartner--assignmentsTable-0-vhi"}]}
RESULT: undefined
COMMAND: POST /session/dc388682b4200c5e048280db36f00fb1/element - {"using":"xpath","value":"//*[@id=\"application-managepartners-display-component---NewPartner--externalCustomerComboBox-application-managepartners-display-component---NewPartner--assignmentsTable-0-vhi\"]"}
RESULT: {}
RESULT: {"using":"xpath","value":"//*[@id=\"application-managepartners-display-component---NewPartner--externalCustomerComboBox-application-managepartners-display-component---NewPartner--assignmentsTable-0-vhi\"]"}
COMMAND: POST /session/dc388682b4200c5e048280db36f00fb1/element/f.5DEB10E109CE1E7B94EA7693F5B1958D.d.4AD8AEBAA1C3BBC45BFC52A33F8D6479.e.8102/click - {}
RESULT: {}
RESULT: undefined
COMMAND: POST /session/dc388682b4200c5e048280db36f00fb1/execute/async - {"script":"<script> [776 bytes]","args":[{"enterText":"300003","selector":{"controlType":"sap.m.SearchField","properties":{"placeholder":"Search"},"searchOpenDialogs":true,"interaction":{"idSuffix":"I"}},"clearTextFirst":true,"interactionType":"ENTER_TEXT"}]}
COMMAND: GET /session/dc388682b4200c5e048280db36f00fb1/screenshot - {}
RESULT: {"script":"<script> [776 bytes]","args":[{"enterText":"300003","selector":{"controlType":"sap.m.SearchField","properties":{"placeholder":"Search"},"searchOpenDialogs":true,"interaction":{"idSuffix":"I"}},"clearTextFirst":true,"interactionType":"ENTER_TEXT"}]}
COMMAND: POST /session/dc388682b4200c5e048280db36f00fb1/actions - {"actions":[{"id":"action26","type":"key","parameters":{},"actions":[{"type":"keyDown","value":"î€‡"},{"type":"pause","duration":10},{"type":"keyUp","value":"î€‡"}]}]}
RESULT: {}
RESULT: {"actions":[{"id":"action26","type":"key","parameters":{},"actions":[{"type":"keyDown","value":"î€‡"},{"type":"pause","duration":10},{"type":"keyUp","value":"î€‡"}]}]}
COMMAND: GET /session/dc388682b4200c5e048280db36f00fb1/screenshot - {}
RESULT: {}
COMMAND: POST /session/dc388682b4200c5e048280db36f00fb1/element - {"using":"xpath","value":"//span[contains(text(), \"300003\")]"}
RESULT: {"using":"xpath","value":"//span[contains(text(), \"300003\")]"}
COMMAND: POST /session/dc388682b4200c5e048280db36f00fb1/element/f.5DEB10E109CE1E7B94EA7693F5B1958D.d.4AD8AEBAA1C3BBC45BFC52A33F8D6479.e.8120/click - {}
RESULT: {}
COMMAND: GET /session/dc388682b4200c5e048280db36f00fb1/screenshot - {}
RESULT: {}
COMMAND: POST /session/dc388682b4200c5e048280db36f00fb1/element - {"using":"xpath","value":"//bdi[contains(text(), \"OK\")]"}
RESULT: {"using":"xpath","value":"//bdi[contains(text(), \"OK\")]"}
COMMAND: POST /session/dc388682b4200c5e048280db36f00fb1/element/f.5DEB10E109CE1E7B94EA7693F5B1958D.d.4AD8AEBAA1C3BBC45BFC52A33F8D6479.e.8122/click - {}
RESULT: {}
COMMAND: GET /session/dc388682b4200c5e048280db36f00fb1/screenshot - {}
RESULT: {}
COMMAND: POST /session/dc388682b4200c5e048280db36f00fb1/execute/async - {"script":"<script> [1562 bytes]","args":[{"selector":{"id":"application-managepartners-display-component---NewPartner--intercompVendorComboBox-application-managepartners-display-component---NewPartner--assignmentsTable-0-vhi"},"wdio_ui5_key":"applicationmanagepartners-display-component---NewPartner--intercompVendorComboBox-application-managepartners-display-component---NewPartner--assignmentsTable-0-vhi"}]}
RESULT: {"script":"<script> [1562 bytes]","args":[{"selector":{"id":"application-managepartners-display-component---NewPartner--intercompVendorComboBox-application-managepartners-display-component---NewPartner--assignmentsTable-0-vhi"},"wdio_ui5_key":"applicationmanagepartners-display-component---NewPartner--intercompVendorComboBox-application-managepartners-display-component---NewPartner--assignmentsTable-0-vhi"}]}
RESULT: undefined
COMMAND: POST /session/dc388682b4200c5e048280db36f00fb1/element - {"using":"xpath","value":"//*[@id=\"application-managepartners-display-component---NewPartner--intercompVendorComboBox-application-managepartners-display-component---NewPartner--assignmentsTable-0-vhi\"]"}
RESULT: {"using":"xpath","value":"//*[@id=\"application-managepartners-display-component---NewPartner--intercompVendorComboBox-application-managepartners-display-component---NewPartner--assignmentsTable-0-vhi\"]"}
COMMAND: POST /session/dc388682b4200c5e048280db36f00fb1/element/f.5DEB10E109CE1E7B94EA7693F5B1958D.d.4AD8AEBAA1C3BBC45BFC52A33F8D6479.e.8125/click - {}
RESULT: {}
RESULT: undefined
COMMAND: POST /session/dc388682b4200c5e048280db36f00fb1/execute/async - {"script":"<script> [776 bytes]","args":[{"enterText":"100005","selector":{"controlType":"sap.m.SearchField","properties":{"placeholder":"Search"},"searchOpenDialogs":true,"interaction":{"idSuffix":"I"}},"clearTextFirst":true,"interactionType":"ENTER_TEXT"}]}
COMMAND: GET /session/dc388682b4200c5e048280db36f00fb1/screenshot - {}
RESULT: {"script":"<script> [776 bytes]","args":[{"enterText":"100005","selector":{"controlType":"sap.m.SearchField","properties":{"placeholder":"Search"},"searchOpenDialogs":true,"interaction":{"idSuffix":"I"}},"clearTextFirst":true,"interactionType":"ENTER_TEXT"}]}
COMMAND: POST /session/dc388682b4200c5e048280db36f00fb1/actions - {"actions":[{"id":"action27","type":"key","parameters":{},"actions":[{"type":"keyDown","value":"î€‡"},{"type":"pause","duration":10},{"type":"keyUp","value":"î€‡"}]}]}
RESULT: {}
RESULT: {"actions":[{"id":"action27","type":"key","parameters":{},"actions":[{"type":"keyDown","value":"î€‡"},{"type":"pause","duration":10},{"type":"keyUp","value":"î€‡"}]}]}
COMMAND: GET /session/dc388682b4200c5e048280db36f00fb1/screenshot - {}
RESULT: {}
COMMAND: POST /session/dc388682b4200c5e048280db36f00fb1/element - {"using":"xpath","value":"//span[contains(text(), \"Penguins - Field/12345 Berlin\")]"}
RESULT: {"using":"xpath","value":"//span[contains(text(), \"Penguins - Field/12345 Berlin\")]"}
COMMAND: POST /session/dc388682b4200c5e048280db36f00fb1/element/f.5DEB10E109CE1E7B94EA7693F5B1958D.d.4AD8AEBAA1C3BBC45BFC52A33F8D6479.e.8144/click - {}
RESULT: {}
COMMAND: GET /session/dc388682b4200c5e048280db36f00fb1/screenshot - {}
RESULT: {}
COMMAND: POST /session/dc388682b4200c5e048280db36f00fb1/element - {"using":"xpath","value":"//bdi[contains(text(), \"OK\")]"}
RESULT: {"using":"xpath","value":"//bdi[contains(text(), \"OK\")]"}
COMMAND: POST /session/dc388682b4200c5e048280db36f00fb1/element/f.5DEB10E109CE1E7B94EA7693F5B1958D.d.4AD8AEBAA1C3BBC45BFC52A33F8D6479.e.8145/click - {}
RESULT: {}
COMMAND: GET /session/dc388682b4200c5e048280db36f00fb1/screenshot - {}
RESULT: {}
COMMAND: POST /session/dc388682b4200c5e048280db36f00fb1/element - {"using":"xpath","value":"//button[@data-kt=\"saveButton\"]"}
RESULT: {"using":"xpath","value":"//button[@data-kt=\"saveButton\"]"}
COMMAND: POST /session/dc388682b4200c5e048280db36f00fb1/element/f.5DEB10E109CE1E7B94EA7693F5B1958D.d.4AD8AEBAA1C3BBC45BFC52A33F8D6479.e.7912/click - {}
RESULT: {}
COMMAND: GET /session/dc388682b4200c5e048280db36f00fb1/screenshot - {}
RESULT: {}
COMMAND: POST /session/dc388682b4200c5e048280db36f00fb1/element - {"using":"xpath","value":"//header[contains(@id, 'ObjectPageLayout-headerTitle')]/div[1]/div[2]/div[2]/span[1]"}
RESULT: {"using":"xpath","value":"//header[contains(@id, 'ObjectPageLayout-headerTitle')]/div[1]/div[2]/div[2]/span[1]"}
COMMAND: POST /session/dc388682b4200c5e048280db36f00fb1/elements - {"using":"xpath","value":"//header[contains(@id, 'ObjectPageLayout-headerTitle')]/div[1]/div[2]/div[2]/span[1]"}
RESULT: {"using":"xpath","value":"//header[contains(@id, 'ObjectPageLayout-headerTitle')]/div[1]/div[2]/div[2]/span[1]"}
COMMAND: POST /session/dc388682b4200c5e048280db36f00fb1/execute/sync - {"script":"<script> [56 bytes]","args":[{"element-6066-11e4-a52e-4f735466cecf":"f.5DEB10E109CE1E7B94EA7693F5B1958D.d.4AD8AEBAA1C3BBC45BFC52A33F8D6479.e.8310","ELEMENT":"f.5DEB10E109CE1E7B94EA7693F5B1958D.d.4AD8AEBAA1C3BBC45BFC52A33F8D6479.e.8310"}]}
RESULT: {"script":"<script> [56 bytes]","args":[{"element-6066-11e4-a52e-4f735466cecf":"f.5DEB10E109CE1E7B94EA7693F5B1958D.d.4AD8AEBAA1C3BBC45BFC52A33F8D6479.e.8310","ELEMENT":"f.5DEB10E109CE1E7B94EA7693F5B1958D.d.4AD8AEBAA1C3BBC45BFC52A33F8D6479.e.8310"}]}
COMMAND: POST /session/dc388682b4200c5e048280db36f00fb1/element - {"using":"css selector","value":"#shell-header-logo"}
COMMAND: GET /session/dc388682b4200c5e048280db36f00fb1/screenshot - {}
RESULT: {"using":"css selector","value":"#shell-header-logo"}
COMMAND: POST /session/dc388682b4200c5e048280db36f00fb1/element/f.5DEB10E109CE1E7B94EA7693F5B1958D.d.4AD8AEBAA1C3BBC45BFC52A33F8D6479.e.7525/click - {}
RESULT: {}
RESULT: {}
COMMAND: GET /session/dc388682b4200c5e048280db36f00fb1/screenshot - {}
RESULT: {}
COMMAND: POST /session/dc388682b4200c5e048280db36f00fb1/execute/sync - {"script":"<script> [299 bytes]","args":[["getModel","getResource"]]}
RESULT: {"script":"<script> [299 bytes]","args":[["getModel","getResource"]]}
]]></system-out>
    </testcase>
    <testcase classname="chrome.136_0_7103_93.windows.Billing_Transfer_-_Intracompany_US127249" name="Should create a new site" time="106.485">
      <system-out><![CDATA[
COMMAND: GET /session/dc388682b4200c5e048280db36f00fb1/screenshot - {}
COMMAND: POST /session/dc388682b4200c5e048280db36f00fb1/execute/async - {"script":"<script> [1562 bytes]","args":[{"selector":{"controlType":"sap.m.GenericTile","properties":{"header":"Manage Sites"}},"wdio_ui5_key":"sapm.GenericTile{\"header\":\"Manage Sites\"}"}]}
RESULT: {}
RESULT: {"script":"<script> [1562 bytes]","args":[{"selector":{"controlType":"sap.m.GenericTile","properties":{"header":"Manage Sites"}},"wdio_ui5_key":"sapm.GenericTile{\"header\":\"Manage Sites\"}"}]}
RESULT: undefined
COMMAND: POST /session/dc388682b4200c5e048280db36f00fb1/element - {"using":"xpath","value":"//*[@id=\"__tile40\"]"}
RESULT: {"using":"xpath","value":"//*[@id=\"__tile40\"]"}
COMMAND: POST /session/dc388682b4200c5e048280db36f00fb1/element/f.5DEB10E109CE1E7B94EA7693F5B1958D.d.4AD8AEBAA1C3BBC45BFC52A33F8D6479.e.6683/click - {}
RESULT: {}
COMMAND: GET /session/dc388682b4200c5e048280db36f00fb1/screenshot - {}
RESULT: {}
COMMAND: POST /session/dc388682b4200c5e048280db36f00fb1/elements - {"using":"xpath","value":"//span[text()='Error']"}
RESULT: {"using":"xpath","value":"//span[text()='Error']"}
COMMAND: POST /session/dc388682b4200c5e048280db36f00fb1/element - {"using":"xpath","value":"//button[@data-kt=\"addOverflowToolbarButton\"]"}
RESULT: {"using":"xpath","value":"//button[@data-kt=\"addOverflowToolbarButton\"]"}
COMMAND: POST /session/dc388682b4200c5e048280db36f00fb1/elements - {"using":"xpath","value":"//button[@data-kt=\"addOverflowToolbarButton\"]"}
RESULT: {"using":"xpath","value":"//button[@data-kt=\"addOverflowToolbarButton\"]"}
COMMAND: POST /session/dc388682b4200c5e048280db36f00fb1/execute/sync - {"script":"<script> [8489 bytes]","args":[{"element-6066-11e4-a52e-4f735466cecf":"f.5DEB10E109CE1E7B94EA7693F5B1958D.d.4AD8AEBAA1C3BBC45BFC52A33F8D6479.e.8358","ELEMENT":"f.5DEB10E109CE1E7B94EA7693F5B1958D.d.4AD8AEBAA1C3BBC45BFC52A33F8D6479.e.8358"}]}
RESULT: {"script":"<script> [8489 bytes]","args":[{"element-6066-11e4-a52e-4f735466cecf":"f.5DEB10E109CE1E7B94EA7693F5B1958D.d.4AD8AEBAA1C3BBC45BFC52A33F8D6479.e.8358","ELEMENT":"f.5DEB10E109CE1E7B94EA7693F5B1958D.d.4AD8AEBAA1C3BBC45BFC52A33F8D6479.e.8358"}]}
COMMAND: GET /session/dc388682b4200c5e048280db36f00fb1/element/f.5DEB10E109CE1E7B94EA7693F5B1958D.d.4AD8AEBAA1C3BBC45BFC52A33F8D6479.e.8358/enabled - {}
COMMAND: GET /session/dc388682b4200c5e048280db36f00fb1/screenshot - {}
RESULT: {}
COMMAND: POST /session/dc388682b4200c5e048280db36f00fb1/execute/sync - {"script":"<script> [8489 bytes]","args":[{"element-6066-11e4-a52e-4f735466cecf":"f.5DEB10E109CE1E7B94EA7693F5B1958D.d.4AD8AEBAA1C3BBC45BFC52A33F8D6479.e.8358","ELEMENT":"f.5DEB10E109CE1E7B94EA7693F5B1958D.d.4AD8AEBAA1C3BBC45BFC52A33F8D6479.e.8358"}]}
COMMAND: GET /session/dc388682b4200c5e048280db36f00fb1/screenshot - {}
RESULT: {}
RESULT: {"script":"<script> [8489 bytes]","args":[{"element-6066-11e4-a52e-4f735466cecf":"f.5DEB10E109CE1E7B94EA7693F5B1958D.d.4AD8AEBAA1C3BBC45BFC52A33F8D6479.e.8358","ELEMENT":"f.5DEB10E109CE1E7B94EA7693F5B1958D.d.4AD8AEBAA1C3BBC45BFC52A33F8D6479.e.8358"}]}
COMMAND: POST /session/dc388682b4200c5e048280db36f00fb1/execute/sync - {"script":"<script> [5351 bytes]","args":[{"element-6066-11e4-a52e-4f735466cecf":"f.5DEB10E109CE1E7B94EA7693F5B1958D.d.4AD8AEBAA1C3BBC45BFC52A33F8D6479.e.8358","ELEMENT":"f.5DEB10E109CE1E7B94EA7693F5B1958D.d.4AD8AEBAA1C3BBC45BFC52A33F8D6479.e.8358"}]}
COMMAND: GET /session/dc388682b4200c5e048280db36f00fb1/screenshot - {}
RESULT: {}
RESULT: {"script":"<script> [5351 bytes]","args":[{"element-6066-11e4-a52e-4f735466cecf":"f.5DEB10E109CE1E7B94EA7693F5B1958D.d.4AD8AEBAA1C3BBC45BFC52A33F8D6479.e.8358","ELEMENT":"f.5DEB10E109CE1E7B94EA7693F5B1958D.d.4AD8AEBAA1C3BBC45BFC52A33F8D6479.e.8358"}]}
COMMAND: POST /session/dc388682b4200c5e048280db36f00fb1/element/f.5DEB10E109CE1E7B94EA7693F5B1958D.d.4AD8AEBAA1C3BBC45BFC52A33F8D6479.e.8358/click - {}
COMMAND: GET /session/dc388682b4200c5e048280db36f00fb1/screenshot - {}
RESULT: {}
RESULT: {}
RESULT: {}
COMMAND: GET /session/dc388682b4200c5e048280db36f00fb1/screenshot - {}
COMMAND: POST /session/dc388682b4200c5e048280db36f00fb1/element - {"using":"xpath","value":"//input[@id=\"application-managesites-display-component---NewSite--siteId-inner\"]"}
RESULT: {}
RESULT: {"using":"xpath","value":"//input[@id=\"application-managesites-display-component---NewSite--siteId-inner\"]"}
COMMAND: POST /session/dc388682b4200c5e048280db36f00fb1/element - {"using":"xpath","value":"//input[@id=\"application-managesites-display-component---NewSite--siteId-inner\"]"}
RESULT: {"using":"xpath","value":"//input[@id=\"application-managesites-display-component---NewSite--siteId-inner\"]"}
COMMAND: POST /session/dc388682b4200c5e048280db36f00fb1/execute/async - {"script":"<script> [1562 bytes]","args":[{"selector":{"id":"application-managesites-display-component---NewSite--addressDetailDetailsName1","interaction":{"idSuffix":"inner"}},"wdio_ui5_key":"applicationmanagesites-display-component---NewSite--addressDetailDetailsName1"}]}
RESULT: {"script":"<script> [1562 bytes]","args":[{"selector":{"id":"application-managesites-display-component---NewSite--addressDetailDetailsName1","interaction":{"idSuffix":"inner"}},"wdio_ui5_key":"applicationmanagesites-display-component---NewSite--addressDetailDetailsName1"}]}
RESULT: undefined
COMMAND: POST /session/dc388682b4200c5e048280db36f00fb1/execute/async - {"script":"<script> [776 bytes]","args":[{"enterText":"Intracompany Site wdIO","selector":{"id":"application-managesites-display-component---NewSite--addressDetailDetailsName1","interaction":{"idSuffix":"inner"}},"clearTextFirst":true,"interactionType":"ENTER_TEXT"}]}
RESULT: {"script":"<script> [776 bytes]","args":[{"enterText":"Intracompany Site wdIO","selector":{"id":"application-managesites-display-component---NewSite--addressDetailDetailsName1","interaction":{"idSuffix":"inner"}},"clearTextFirst":true,"interactionType":"ENTER_TEXT"}]}
COMMAND: POST /session/dc388682b4200c5e048280db36f00fb1/execute/async - {"script":"<script> [1562 bytes]","args":[{"selector":{"id":"application-managesites-display-component---NewSite--addressDetailDetailsLanguage-arrow"},"wdio_ui5_key":"applicationmanagesites-display-component---NewSite--addressDetailDetailsLanguage-arrow"}]}
RESULT: {"script":"<script> [1562 bytes]","args":[{"selector":{"id":"application-managesites-display-component---NewSite--addressDetailDetailsLanguage-arrow"},"wdio_ui5_key":"applicationmanagesites-display-component---NewSite--addressDetailDetailsLanguage-arrow"}]}
RESULT: undefined
COMMAND: POST /session/dc388682b4200c5e048280db36f00fb1/element - {"using":"xpath","value":"//*[@id=\"application-managesites-display-component---NewSite--addressDetailDetailsLanguage-arrow\"]"}
RESULT: {"using":"xpath","value":"//*[@id=\"application-managesites-display-component---NewSite--addressDetailDetailsLanguage-arrow\"]"}
COMMAND: POST /session/dc388682b4200c5e048280db36f00fb1/element/f.5DEB10E109CE1E7B94EA7693F5B1958D.d.4AD8AEBAA1C3BBC45BFC52A33F8D6479.e.8759/click - {}
RESULT: {}
COMMAND: POST /session/dc388682b4200c5e048280db36f00fb1/element - {"using":"xpath","value":"//span[contains(text(), \"English\")]"}
COMMAND: GET /session/dc388682b4200c5e048280db36f00fb1/screenshot - {}
RESULT: {"using":"xpath","value":"//span[contains(text(), \"English\")]"}
COMMAND: POST /session/dc388682b4200c5e048280db36f00fb1/element/f.5DEB10E109CE1E7B94EA7693F5B1958D.d.4AD8AEBAA1C3BBC45BFC52A33F8D6479.e.8760/click - {}
RESULT: {}
RESULT: {}
COMMAND: POST /session/dc388682b4200c5e048280db36f00fb1/execute/async - {"script":"<script> [1562 bytes]","args":[{"selector":{"id":"application-managesites-display-component---NewSite--addressDetailDetailsCity1","interaction":{"idSuffix":"inner"}},"wdio_ui5_key":"applicationmanagesites-display-component---NewSite--addressDetailDetailsCity1"}]}
COMMAND: GET /session/dc388682b4200c5e048280db36f00fb1/screenshot - {}
RESULT: {"script":"<script> [1562 bytes]","args":[{"selector":{"id":"application-managesites-display-component---NewSite--addressDetailDetailsCity1","interaction":{"idSuffix":"inner"}},"wdio_ui5_key":"applicationmanagesites-display-component---NewSite--addressDetailDetailsCity1"}]}
RESULT: undefined
COMMAND: POST /session/dc388682b4200c5e048280db36f00fb1/execute/async - {"script":"<script> [776 bytes]","args":[{"enterText":"Rosario","selector":{"id":"application-managesites-display-component---NewSite--addressDetailDetailsCity1","interaction":{"idSuffix":"inner"}},"clearTextFirst":true,"interactionType":"ENTER_TEXT"}]}
RESULT: {}
RESULT: {"script":"<script> [776 bytes]","args":[{"enterText":"Rosario","selector":{"id":"application-managesites-display-component---NewSite--addressDetailDetailsCity1","interaction":{"idSuffix":"inner"}},"clearTextFirst":true,"interactionType":"ENTER_TEXT"}]}
COMMAND: POST /session/dc388682b4200c5e048280db36f00fb1/execute/async - {"script":"<script> [1562 bytes]","args":[{"selector":{"id":"application-managesites-display-component---NewSite--addressDetailDetailsCountry-arrow"},"wdio_ui5_key":"applicationmanagesites-display-component---NewSite--addressDetailDetailsCountry-arrow"}]}
RESULT: {"script":"<script> [1562 bytes]","args":[{"selector":{"id":"application-managesites-display-component---NewSite--addressDetailDetailsCountry-arrow"},"wdio_ui5_key":"applicationmanagesites-display-component---NewSite--addressDetailDetailsCountry-arrow"}]}
RESULT: undefined
COMMAND: POST /session/dc388682b4200c5e048280db36f00fb1/element - {"using":"xpath","value":"//*[@id=\"application-managesites-display-component---NewSite--addressDetailDetailsCountry-arrow\"]"}
RESULT: {"using":"xpath","value":"//*[@id=\"application-managesites-display-component---NewSite--addressDetailDetailsCountry-arrow\"]"}
COMMAND: POST /session/dc388682b4200c5e048280db36f00fb1/element/f.5DEB10E109CE1E7B94EA7693F5B1958D.d.4AD8AEBAA1C3BBC45BFC52A33F8D6479.e.8762/click - {}
RESULT: {}
COMMAND: POST /session/dc388682b4200c5e048280db36f00fb1/element - {"using":"xpath","value":"//span[contains(text(), \"Argentina\")]"}
COMMAND: GET /session/dc388682b4200c5e048280db36f00fb1/screenshot - {}
RESULT: {"using":"xpath","value":"//span[contains(text(), \"Argentina\")]"}
COMMAND: POST /session/dc388682b4200c5e048280db36f00fb1/element/f.5DEB10E109CE1E7B94EA7693F5B1958D.d.4AD8AEBAA1C3BBC45BFC52A33F8D6479.e.8764/click - {}
RESULT: {}
RESULT: {}
COMMAND: GET /session/dc388682b4200c5e048280db36f00fb1/screenshot - {}
RESULT: {}
COMMAND: POST /session/dc388682b4200c5e048280db36f00fb1/execute/async - {"script":"<script> [1562 bytes]","args":[{"selector":{"id":"application-managesites-display-component---NewSite--addressEditDetailsCostObjectCstType-arrow"},"wdio_ui5_key":"applicationmanagesites-display-component---NewSite--addressEditDetailsCostObjectCstType-arrow"}]}
RESULT: {"script":"<script> [1562 bytes]","args":[{"selector":{"id":"application-managesites-display-component---NewSite--addressEditDetailsCostObjectCstType-arrow"},"wdio_ui5_key":"applicationmanagesites-display-component---NewSite--addressEditDetailsCostObjectCstType-arrow"}]}
RESULT: undefined
COMMAND: POST /session/dc388682b4200c5e048280db36f00fb1/element - {"using":"xpath","value":"//*[@id=\"application-managesites-display-component---NewSite--addressEditDetailsCostObjectCstType-arrow\"]"}
RESULT: {"using":"xpath","value":"//*[@id=\"application-managesites-display-component---NewSite--addressEditDetailsCostObjectCstType-arrow\"]"}
COMMAND: POST /session/dc388682b4200c5e048280db36f00fb1/element/f.5DEB10E109CE1E7B94EA7693F5B1958D.d.4AD8AEBAA1C3BBC45BFC52A33F8D6479.e.8765/click - {}
RESULT: {}
COMMAND: POST /session/dc388682b4200c5e048280db36f00fb1/element - {"using":"xpath","value":"//span[contains(text(), \"Cost Center\")]"}
COMMAND: GET /session/dc388682b4200c5e048280db36f00fb1/screenshot - {}
RESULT: {"using":"xpath","value":"//span[contains(text(), \"Cost Center\")]"}
COMMAND: POST /session/dc388682b4200c5e048280db36f00fb1/element/f.5DEB10E109CE1E7B94EA7693F5B1958D.d.4AD8AEBAA1C3BBC45BFC52A33F8D6479.e.8766/click - {}
RESULT: {}
RESULT: {}
COMMAND: GET /session/dc388682b4200c5e048280db36f00fb1/screenshot - {}
RESULT: {}
COMMAND: POST /session/dc388682b4200c5e048280db36f00fb1/element - {"using":"xpath","value":"//span[@id=\"application-managesites-display-component---NewSite--addressNewCostObjectCstID-vhi\"]"}
RESULT: {"using":"xpath","value":"//span[@id=\"application-managesites-display-component---NewSite--addressNewCostObjectCstID-vhi\"]"}
COMMAND: POST /session/dc388682b4200c5e048280db36f00fb1/execute/sync - {"script":"<script> [8489 bytes]","args":[{"element-6066-11e4-a52e-4f735466cecf":"f.5DEB10E109CE1E7B94EA7693F5B1958D.d.4AD8AEBAA1C3BBC45BFC52A33F8D6479.e.8771","ELEMENT":"f.5DEB10E109CE1E7B94EA7693F5B1958D.d.4AD8AEBAA1C3BBC45BFC52A33F8D6479.e.8771"}]}
RESULT: {"script":"<script> [8489 bytes]","args":[{"element-6066-11e4-a52e-4f735466cecf":"f.5DEB10E109CE1E7B94EA7693F5B1958D.d.4AD8AEBAA1C3BBC45BFC52A33F8D6479.e.8771","ELEMENT":"f.5DEB10E109CE1E7B94EA7693F5B1958D.d.4AD8AEBAA1C3BBC45BFC52A33F8D6479.e.8771"}]}
COMMAND: POST /session/dc388682b4200c5e048280db36f00fb1/execute/async - {"script":"<script> [1562 bytes]","args":[{"selector":{"id":"application-managesites-display-component---NewSite--addressNewCostObjectCstID-vhi"},"wdio_ui5_key":"applicationmanagesites-display-component---NewSite--addressNewCostObjectCstID-vhi"}]}
COMMAND: GET /session/dc388682b4200c5e048280db36f00fb1/screenshot - {}
RESULT: {"script":"<script> [1562 bytes]","args":[{"selector":{"id":"application-managesites-display-component---NewSite--addressNewCostObjectCstID-vhi"},"wdio_ui5_key":"applicationmanagesites-display-component---NewSite--addressNewCostObjectCstID-vhi"}]}
RESULT: undefined
COMMAND: POST /session/dc388682b4200c5e048280db36f00fb1/element - {"using":"xpath","value":"//*[@id=\"application-managesites-display-component---NewSite--addressNewCostObjectCstID-vhi\"]"}
RESULT: {}
RESULT: {"using":"xpath","value":"//*[@id=\"application-managesites-display-component---NewSite--addressNewCostObjectCstID-vhi\"]"}
COMMAND: POST /session/dc388682b4200c5e048280db36f00fb1/element/f.5DEB10E109CE1E7B94EA7693F5B1958D.d.4AD8AEBAA1C3BBC45BFC52A33F8D6479.e.8771/click - {}
RESULT: {}
COMMAND: GET /session/dc388682b4200c5e048280db36f00fb1/screenshot - {}
RESULT: {}
RESULT: undefined
COMMAND: POST /session/dc388682b4200c5e048280db36f00fb1/execute/async - {"script":"<script> [776 bytes]","args":[{"enterText":"10001013","selector":{"controlType":"sap.m.SearchField","properties":{"placeholder":"Search"},"searchOpenDialogs":true,"interaction":{"idSuffix":"I"}},"clearTextFirst":true,"interactionType":"ENTER_TEXT"}]}
RESULT: {"script":"<script> [776 bytes]","args":[{"enterText":"10001013","selector":{"controlType":"sap.m.SearchField","properties":{"placeholder":"Search"},"searchOpenDialogs":true,"interaction":{"idSuffix":"I"}},"clearTextFirst":true,"interactionType":"ENTER_TEXT"}]}
COMMAND: POST /session/dc388682b4200c5e048280db36f00fb1/actions - {"actions":[{"id":"action28","type":"key","parameters":{},"actions":[{"type":"keyDown","value":"î€‡"},{"type":"pause","duration":10},{"type":"keyUp","value":"î€‡"}]}]}
RESULT: {"actions":[{"id":"action28","type":"key","parameters":{},"actions":[{"type":"keyDown","value":"î€‡"},{"type":"pause","duration":10},{"type":"keyUp","value":"î€‡"}]}]}
COMMAND: GET /session/dc388682b4200c5e048280db36f00fb1/screenshot - {}
RESULT: {}
COMMAND: POST /session/dc388682b4200c5e048280db36f00fb1/element - {"using":"xpath","value":"//span[contains(text(), \"General Management\")]"}
RESULT: {"using":"xpath","value":"//span[contains(text(), \"General Management\")]"}
COMMAND: POST /session/dc388682b4200c5e048280db36f00fb1/element/f.5DEB10E109CE1E7B94EA7693F5B1958D.d.4AD8AEBAA1C3BBC45BFC52A33F8D6479.e.8810/click - {}
RESULT: {}
COMMAND: GET /session/dc388682b4200c5e048280db36f00fb1/screenshot - {}
RESULT: {}
COMMAND: POST /session/dc388682b4200c5e048280db36f00fb1/element - {"using":"xpath","value":"//bdi[contains(text(), \"OK\")]"}
RESULT: {"using":"xpath","value":"//bdi[contains(text(), \"OK\")]"}
COMMAND: POST /session/dc388682b4200c5e048280db36f00fb1/element/f.5DEB10E109CE1E7B94EA7693F5B1958D.d.4AD8AEBAA1C3BBC45BFC52A33F8D6479.e.8811/click - {}
RESULT: {}
COMMAND: GET /session/dc388682b4200c5e048280db36f00fb1/screenshot - {}
RESULT: {}
COMMAND: POST /session/dc388682b4200c5e048280db36f00fb1/element - {"using":"xpath","value":"//input[@id=\"application-managesites-display-component---NewSite--addressDetailDetailsCalendar-inner\"]"}
RESULT: {"using":"xpath","value":"//input[@id=\"application-managesites-display-component---NewSite--addressDetailDetailsCalendar-inner\"]"}
COMMAND: POST /session/dc388682b4200c5e048280db36f00fb1/element/f.5DEB10E109CE1E7B94EA7693F5B1958D.d.4AD8AEBAA1C3BBC45BFC52A33F8D6479.e.8556/clear - {}
RESULT: {}
COMMAND: POST /session/dc388682b4200c5e048280db36f00fb1/element/f.5DEB10E109CE1E7B94EA7693F5B1958D.d.4AD8AEBAA1C3BBC45BFC52A33F8D6479.e.8556/value - {"text":"Unit"}
COMMAND: GET /session/dc388682b4200c5e048280db36f00fb1/screenshot - {}
RESULT: {"text":"Unit"}
COMMAND: GET /session/dc388682b4200c5e048280db36f00fb1/screenshot - {}
RESULT: {}
RESULT: {}
COMMAND: POST /session/dc388682b4200c5e048280db36f00fb1/actions - {"actions":[{"id":"action29","type":"key","parameters":{},"actions":[{"type":"keyDown","value":"î€‡"},{"type":"pause","duration":10},{"type":"keyUp","value":"î€‡"}]}]}
RESULT: {"actions":[{"id":"action29","type":"key","parameters":{},"actions":[{"type":"keyDown","value":"î€‡"},{"type":"pause","duration":10},{"type":"keyUp","value":"î€‡"}]}]}
COMMAND: POST /session/dc388682b4200c5e048280db36f00fb1/element - {"using":"xpath","value":"//input[@id=\"application-managesites-display-component---NewSite--addressDetailDetailsYard-inner\"]"}
COMMAND: GET /session/dc388682b4200c5e048280db36f00fb1/screenshot - {}
RESULT: {"using":"xpath","value":"//input[@id=\"application-managesites-display-component---NewSite--addressDetailDetailsYard-inner\"]"}
COMMAND: POST /session/dc388682b4200c5e048280db36f00fb1/element/f.5DEB10E109CE1E7B94EA7693F5B1958D.d.4AD8AEBAA1C3BBC45BFC52A33F8D6479.e.8557/clear - {}
RESULT: {}
RESULT: {}
COMMAND: POST /session/dc388682b4200c5e048280db36f00fb1/element/f.5DEB10E109CE1E7B94EA7693F5B1958D.d.4AD8AEBAA1C3BBC45BFC52A33F8D6479.e.8557/value - {"text":"437"}
COMMAND: GET /session/dc388682b4200c5e048280db36f00fb1/screenshot - {}
RESULT: {"text":"437"}
COMMAND: GET /session/dc388682b4200c5e048280db36f00fb1/screenshot - {}
RESULT: {}
RESULT: {}
COMMAND: POST /session/dc388682b4200c5e048280db36f00fb1/element - {"using":"xpath","value":"//li[.//span[text()='437']]"}
RESULT: {"using":"xpath","value":"//li[.//span[text()='437']]"}
COMMAND: POST /session/dc388682b4200c5e048280db36f00fb1/element/f.5DEB10E109CE1E7B94EA7693F5B1958D.d.4AD8AEBAA1C3BBC45BFC52A33F8D6479.e.8819/click - {}
RESULT: {}
COMMAND: GET /session/dc388682b4200c5e048280db36f00fb1/screenshot - {}
RESULT: {}
COMMAND: POST /session/dc388682b4200c5e048280db36f00fb1/element - {"using":"xpath","value":"//input[@id=\"application-managesites-display-component---NewSite--addressDetailDetailsPartner-inner\"]"}
RESULT: {"using":"xpath","value":"//input[@id=\"application-managesites-display-component---NewSite--addressDetailDetailsPartner-inner\"]"}
COMMAND: POST /session/dc388682b4200c5e048280db36f00fb1/element - {"using":"xpath","value":"//input[@id=\"application-managesites-display-component---NewSite--addressDetailDetailsPartner-inner\"]"}
RESULT: {"using":"xpath","value":"//input[@id=\"application-managesites-display-component---NewSite--addressDetailDetailsPartner-inner\"]"}
COMMAND: POST /session/dc388682b4200c5e048280db36f00fb1/element - {"using":"xpath","value":"//button[@data-kt=\"saveButton\"]"}
RESULT: {"using":"xpath","value":"//button[@data-kt=\"saveButton\"]"}
COMMAND: POST /session/dc388682b4200c5e048280db36f00fb1/element/f.5DEB10E109CE1E7B94EA7693F5B1958D.d.4AD8AEBAA1C3BBC45BFC52A33F8D6479.e.8726/click - {}
RESULT: {}
COMMAND: GET /session/dc388682b4200c5e048280db36f00fb1/screenshot - {}
RESULT: {}
COMMAND: POST /session/dc388682b4200c5e048280db36f00fb1/element - {"using":"xpath","value":"//header[contains(@id, 'ObjectPageLayout-headerTitle')]/div[1]/div[2]/div[2]/span[1]"}
RESULT: {"using":"xpath","value":"//header[contains(@id, 'ObjectPageLayout-headerTitle')]/div[1]/div[2]/div[2]/span[1]"}
COMMAND: POST /session/dc388682b4200c5e048280db36f00fb1/elements - {"using":"xpath","value":"//header[contains(@id, 'ObjectPageLayout-headerTitle')]/div[1]/div[2]/div[2]/span[1]"}
RESULT: {"using":"xpath","value":"//header[contains(@id, 'ObjectPageLayout-headerTitle')]/div[1]/div[2]/div[2]/span[1]"}
COMMAND: POST /session/dc388682b4200c5e048280db36f00fb1/execute/sync - {"script":"<script> [56 bytes]","args":[{"element-6066-11e4-a52e-4f735466cecf":"f.5DEB10E109CE1E7B94EA7693F5B1958D.d.4AD8AEBAA1C3BBC45BFC52A33F8D6479.e.9025","ELEMENT":"f.5DEB10E109CE1E7B94EA7693F5B1958D.d.4AD8AEBAA1C3BBC45BFC52A33F8D6479.e.9025"}]}
RESULT: {"script":"<script> [56 bytes]","args":[{"element-6066-11e4-a52e-4f735466cecf":"f.5DEB10E109CE1E7B94EA7693F5B1958D.d.4AD8AEBAA1C3BBC45BFC52A33F8D6479.e.9025","ELEMENT":"f.5DEB10E109CE1E7B94EA7693F5B1958D.d.4AD8AEBAA1C3BBC45BFC52A33F8D6479.e.9025"}]}
COMMAND: POST /session/dc388682b4200c5e048280db36f00fb1/element - {"using":"css selector","value":"#shell-header-logo"}
COMMAND: GET /session/dc388682b4200c5e048280db36f00fb1/screenshot - {}
RESULT: {"using":"css selector","value":"#shell-header-logo"}
COMMAND: POST /session/dc388682b4200c5e048280db36f00fb1/element/f.5DEB10E109CE1E7B94EA7693F5B1958D.d.4AD8AEBAA1C3BBC45BFC52A33F8D6479.e.8316/click - {}
RESULT: {}
RESULT: {}
COMMAND: GET /session/dc388682b4200c5e048280db36f00fb1/screenshot - {}
RESULT: {}
COMMAND: POST /session/dc388682b4200c5e048280db36f00fb1/execute/sync - {"script":"<script> [299 bytes]","args":[["getModel","getResource"]]}
RESULT: {"script":"<script> [299 bytes]","args":[["getModel","getResource"]]}
]]></system-out>
    </testcase>
    <testcase classname="chrome.136_0_7103_93.windows.Billing_Transfer_-_Intracompany_US127249" name="Should create a new equipment" time="135.312">
      <system-out><![CDATA[
COMMAND: GET /session/dc388682b4200c5e048280db36f00fb1/screenshot - {}
COMMAND: POST /session/dc388682b4200c5e048280db36f00fb1/execute/async - {"script":"<script> [1562 bytes]","args":[{"selector":{"controlType":"sap.m.GenericTile","properties":{"header":"Manage Resources"}},"wdio_ui5_key":"sapm.GenericTile{\"header\":\"Manage Resources\"}"}]}
RESULT: {}
RESULT: {"script":"<script> [1562 bytes]","args":[{"selector":{"controlType":"sap.m.GenericTile","properties":{"header":"Manage Resources"}},"wdio_ui5_key":"sapm.GenericTile{\"header\":\"Manage Resources\"}"}]}
RESULT: undefined
COMMAND: POST /session/dc388682b4200c5e048280db36f00fb1/element - {"using":"xpath","value":"//*[@id=\"__tile39\"]"}
RESULT: {"using":"xpath","value":"//*[@id=\"__tile39\"]"}
COMMAND: POST /session/dc388682b4200c5e048280db36f00fb1/element/f.5DEB10E109CE1E7B94EA7693F5B1958D.d.4AD8AEBAA1C3BBC45BFC52A33F8D6479.e.6680/click - {}
RESULT: {}
COMMAND: GET /session/dc388682b4200c5e048280db36f00fb1/screenshot - {}
RESULT: {}
COMMAND: POST /session/dc388682b4200c5e048280db36f00fb1/elements - {"using":"xpath","value":"//span[text()='Error']"}
RESULT: {"using":"xpath","value":"//span[text()='Error']"}
COMMAND: POST /session/dc388682b4200c5e048280db36f00fb1/element - {"using":"xpath","value":"//button[@data-kt=\"addNewRUOverflowToolbarButton\"]"}
RESULT: {"using":"xpath","value":"//button[@data-kt=\"addNewRUOverflowToolbarButton\"]"}
COMMAND: POST /session/dc388682b4200c5e048280db36f00fb1/elements - {"using":"xpath","value":"//button[@data-kt=\"addNewRUOverflowToolbarButton\"]"}
RESULT: {"using":"xpath","value":"//button[@data-kt=\"addNewRUOverflowToolbarButton\"]"}
COMMAND: POST /session/dc388682b4200c5e048280db36f00fb1/execute/sync - {"script":"<script> [8489 bytes]","args":[{"element-6066-11e4-a52e-4f735466cecf":"f.5DEB10E109CE1E7B94EA7693F5B1958D.d.4AD8AEBAA1C3BBC45BFC52A33F8D6479.e.9056","ELEMENT":"f.5DEB10E109CE1E7B94EA7693F5B1958D.d.4AD8AEBAA1C3BBC45BFC52A33F8D6479.e.9056"}]}
RESULT: {"script":"<script> [8489 bytes]","args":[{"element-6066-11e4-a52e-4f735466cecf":"f.5DEB10E109CE1E7B94EA7693F5B1958D.d.4AD8AEBAA1C3BBC45BFC52A33F8D6479.e.9056","ELEMENT":"f.5DEB10E109CE1E7B94EA7693F5B1958D.d.4AD8AEBAA1C3BBC45BFC52A33F8D6479.e.9056"}]}
COMMAND: GET /session/dc388682b4200c5e048280db36f00fb1/element/f.5DEB10E109CE1E7B94EA7693F5B1958D.d.4AD8AEBAA1C3BBC45BFC52A33F8D6479.e.9056/enabled - {}
COMMAND: GET /session/dc388682b4200c5e048280db36f00fb1/screenshot - {}
RESULT: {}
COMMAND: POST /session/dc388682b4200c5e048280db36f00fb1/execute/sync - {"script":"<script> [8489 bytes]","args":[{"element-6066-11e4-a52e-4f735466cecf":"f.5DEB10E109CE1E7B94EA7693F5B1958D.d.4AD8AEBAA1C3BBC45BFC52A33F8D6479.e.9056","ELEMENT":"f.5DEB10E109CE1E7B94EA7693F5B1958D.d.4AD8AEBAA1C3BBC45BFC52A33F8D6479.e.9056"}]}
COMMAND: GET /session/dc388682b4200c5e048280db36f00fb1/screenshot - {}
RESULT: {}
RESULT: {"script":"<script> [8489 bytes]","args":[{"element-6066-11e4-a52e-4f735466cecf":"f.5DEB10E109CE1E7B94EA7693F5B1958D.d.4AD8AEBAA1C3BBC45BFC52A33F8D6479.e.9056","ELEMENT":"f.5DEB10E109CE1E7B94EA7693F5B1958D.d.4AD8AEBAA1C3BBC45BFC52A33F8D6479.e.9056"}]}
COMMAND: POST /session/dc388682b4200c5e048280db36f00fb1/execute/sync - {"script":"<script> [5351 bytes]","args":[{"element-6066-11e4-a52e-4f735466cecf":"f.5DEB10E109CE1E7B94EA7693F5B1958D.d.4AD8AEBAA1C3BBC45BFC52A33F8D6479.e.9056","ELEMENT":"f.5DEB10E109CE1E7B94EA7693F5B1958D.d.4AD8AEBAA1C3BBC45BFC52A33F8D6479.e.9056"}]}
COMMAND: GET /session/dc388682b4200c5e048280db36f00fb1/screenshot - {}
RESULT: {}
RESULT: {"script":"<script> [5351 bytes]","args":[{"element-6066-11e4-a52e-4f735466cecf":"f.5DEB10E109CE1E7B94EA7693F5B1958D.d.4AD8AEBAA1C3BBC45BFC52A33F8D6479.e.9056","ELEMENT":"f.5DEB10E109CE1E7B94EA7693F5B1958D.d.4AD8AEBAA1C3BBC45BFC52A33F8D6479.e.9056"}]}
COMMAND: POST /session/dc388682b4200c5e048280db36f00fb1/element/f.5DEB10E109CE1E7B94EA7693F5B1958D.d.4AD8AEBAA1C3BBC45BFC52A33F8D6479.e.9056/click - {}
COMMAND: GET /session/dc388682b4200c5e048280db36f00fb1/screenshot - {}
RESULT: {}
RESULT: {}
COMMAND: GET /session/dc388682b4200c5e048280db36f00fb1/screenshot - {}
COMMAND: POST /session/dc388682b4200c5e048280db36f00fb1/execute/async - {"script":"<script> [1562 bytes]","args":[{"selector":{"id":"application-manageresources-display-component---newResourceUnit--TYPE-arrow"},"wdio_ui5_key":"applicationmanageresources-display-component---newResourceUnit--TYPE-arrow"}]}
RESULT: {}
RESULT: {}
RESULT: {"script":"<script> [1562 bytes]","args":[{"selector":{"id":"application-manageresources-display-component---newResourceUnit--TYPE-arrow"},"wdio_ui5_key":"applicationmanageresources-display-component---newResourceUnit--TYPE-arrow"}]}
RESULT: undefined
COMMAND: POST /session/dc388682b4200c5e048280db36f00fb1/element - {"using":"xpath","value":"//*[@id=\"application-manageresources-display-component---newResourceUnit--TYPE-arrow\"]"}
RESULT: {"using":"xpath","value":"//*[@id=\"application-manageresources-display-component---newResourceUnit--TYPE-arrow\"]"}
COMMAND: POST /session/dc388682b4200c5e048280db36f00fb1/element/f.5DEB10E109CE1E7B94EA7693F5B1958D.d.4AD8AEBAA1C3BBC45BFC52A33F8D6479.e.9411/click - {}
RESULT: {}
COMMAND: POST /session/dc388682b4200c5e048280db36f00fb1/element - {"using":"xpath","value":"//input[@id=\"application-manageresources-display-component---newResourceUnit--TYPE-inner\"]"}
COMMAND: GET /session/dc388682b4200c5e048280db36f00fb1/screenshot - {}
RESULT: {"using":"xpath","value":"//input[@id=\"application-manageresources-display-component---newResourceUnit--TYPE-inner\"]"}
COMMAND: POST /session/dc388682b4200c5e048280db36f00fb1/element/f.5DEB10E109CE1E7B94EA7693F5B1958D.d.4AD8AEBAA1C3BBC45BFC52A33F8D6479.e.9407/clear - {}
RESULT: {}
RESULT: {}
COMMAND: POST /session/dc388682b4200c5e048280db36f00fb1/element/f.5DEB10E109CE1E7B94EA7693F5B1958D.d.4AD8AEBAA1C3BBC45BFC52A33F8D6479.e.9407/value - {"text":"Equipment"}
COMMAND: GET /session/dc388682b4200c5e048280db36f00fb1/screenshot - {}
RESULT: {"text":"Equipment"}
COMMAND: GET /session/dc388682b4200c5e048280db36f00fb1/screenshot - {}
RESULT: {}
RESULT: {}
COMMAND: POST /session/dc388682b4200c5e048280db36f00fb1/actions - {"actions":[{"id":"action30","type":"key","parameters":{},"actions":[{"type":"keyDown","value":"î€‡"},{"type":"pause","duration":10},{"type":"keyUp","value":"î€‡"}]}]}
RESULT: {"actions":[{"id":"action30","type":"key","parameters":{},"actions":[{"type":"keyDown","value":"î€‡"},{"type":"pause","duration":10},{"type":"keyUp","value":"î€‡"}]}]}
COMMAND: POST /session/dc388682b4200c5e048280db36f00fb1/execute/async - {"script":"<script> [1562 bytes]","args":[{"selector":{"id":"application-manageresources-display-component---newResourceUnit--resourceId","interaction":{"idSuffix":"inner"}},"wdio_ui5_key":"applicationmanageresources-display-component---newResourceUnit--resourceId"}]}
COMMAND: GET /session/dc388682b4200c5e048280db36f00fb1/screenshot - {}
RESULT: {"script":"<script> [1562 bytes]","args":[{"selector":{"id":"application-manageresources-display-component---newResourceUnit--resourceId","interaction":{"idSuffix":"inner"}},"wdio_ui5_key":"applicationmanageresources-display-component---newResourceUnit--resourceId"}]}
RESULT: undefined
COMMAND: POST /session/dc388682b4200c5e048280db36f00fb1/execute/async - {"script":"<script> [776 bytes]","args":[{"enterText":"IVTgP68WIh","selector":{"id":"application-manageresources-display-component---newResourceUnit--resourceId","interaction":{"idSuffix":"inner"}},"clearTextFirst":true,"interactionType":"ENTER_TEXT"}]}
RESULT: {}
RESULT: {"script":"<script> [776 bytes]","args":[{"enterText":"IVTgP68WIh","selector":{"id":"application-manageresources-display-component---newResourceUnit--resourceId","interaction":{"idSuffix":"inner"}},"clearTextFirst":true,"interactionType":"ENTER_TEXT"}]}
COMMAND: POST /session/dc388682b4200c5e048280db36f00fb1/execute/async - {"script":"<script> [1562 bytes]","args":[{"selector":{"id":"application-manageresources-display-component---newResourceUnit--SHORT_TEXT","interaction":{"idSuffix":"inner"}},"wdio_ui5_key":"applicationmanageresources-display-component---newResourceUnit--SHORT_TEXT"}]}
RESULT: {"script":"<script> [1562 bytes]","args":[{"selector":{"id":"application-manageresources-display-component---newResourceUnit--SHORT_TEXT","interaction":{"idSuffix":"inner"}},"wdio_ui5_key":"applicationmanageresources-display-component---newResourceUnit--SHORT_TEXT"}]}
RESULT: undefined
COMMAND: POST /session/dc388682b4200c5e048280db36f00fb1/execute/async - {"script":"<script> [776 bytes]","args":[{"enterText":"Intercompany Equipment WDIO","selector":{"id":"application-manageresources-display-component---newResourceUnit--SHORT_TEXT","interaction":{"idSuffix":"inner"}},"clearTextFirst":true,"interactionType":"ENTER_TEXT"}]}
RESULT: {"script":"<script> [776 bytes]","args":[{"enterText":"Intercompany Equipment WDIO","selector":{"id":"application-manageresources-display-component---newResourceUnit--SHORT_TEXT","interaction":{"idSuffix":"inner"}},"clearTextFirst":true,"interactionType":"ENTER_TEXT"}]}
COMMAND: POST /session/dc388682b4200c5e048280db36f00fb1/execute/async - {"script":"<script> [1562 bytes]","args":[{"selector":{"id":"application-manageresources-display-component---newResourceUnit--BASE_UNIT_OF_MEASURE","interaction":{"idSuffix":"inner"}},"wdio_ui5_key":"applicationmanageresources-display-component---newResourceUnit--BASE_UNIT_OF_MEASURE"}]}
RESULT: {"script":"<script> [1562 bytes]","args":[{"selector":{"id":"application-manageresources-display-component---newResourceUnit--BASE_UNIT_OF_MEASURE","interaction":{"idSuffix":"inner"}},"wdio_ui5_key":"applicationmanageresources-display-component---newResourceUnit--BASE_UNIT_OF_MEASURE"}]}
RESULT: undefined
COMMAND: POST /session/dc388682b4200c5e048280db36f00fb1/execute/async - {"script":"<script> [776 bytes]","args":[{"enterText":"Piece","selector":{"id":"application-manageresources-display-component---newResourceUnit--BASE_UNIT_OF_MEASURE","interaction":{"idSuffix":"inner"}},"clearTextFirst":true,"interactionType":"ENTER_TEXT"}]}
RESULT: {"script":"<script> [776 bytes]","args":[{"enterText":"Piece","selector":{"id":"application-manageresources-display-component---newResourceUnit--BASE_UNIT_OF_MEASURE","interaction":{"idSuffix":"inner"}},"clearTextFirst":true,"interactionType":"ENTER_TEXT"}]}
COMMAND: POST /session/dc388682b4200c5e048280db36f00fb1/execute/async - {"script":"<script> [1562 bytes]","args":[{"selector":{"id":"application-manageresources-display-component---newResourceUnit--WEIGHT_UNIT","interaction":{"idSuffix":"inner"}},"wdio_ui5_key":"applicationmanageresources-display-component---newResourceUnit--WEIGHT_UNIT"}]}
RESULT: {"script":"<script> [1562 bytes]","args":[{"selector":{"id":"application-manageresources-display-component---newResourceUnit--WEIGHT_UNIT","interaction":{"idSuffix":"inner"}},"wdio_ui5_key":"applicationmanageresources-display-component---newResourceUnit--WEIGHT_UNIT"}]}
RESULT: undefined
COMMAND: POST /session/dc388682b4200c5e048280db36f00fb1/execute/async - {"script":"<script> [776 bytes]","args":[{"enterText":"Gram","selector":{"id":"application-manageresources-display-component---newResourceUnit--WEIGHT_UNIT","interaction":{"idSuffix":"inner"}},"clearTextFirst":true,"interactionType":"ENTER_TEXT"}]}
RESULT: {"script":"<script> [776 bytes]","args":[{"enterText":"Gram","selector":{"id":"application-manageresources-display-component---newResourceUnit--WEIGHT_UNIT","interaction":{"idSuffix":"inner"}},"clearTextFirst":true,"interactionType":"ENTER_TEXT"}]}
COMMAND: POST /session/dc388682b4200c5e048280db36f00fb1/execute/async - {"script":"<script> [1562 bytes]","args":[{"selector":{"id":"application-manageresources-display-component---newResourceUnit--DIMENSION_UNIT","interaction":{"idSuffix":"inner"}},"wdio_ui5_key":"applicationmanageresources-display-component---newResourceUnit--DIMENSION_UNIT"}]}
RESULT: {"script":"<script> [1562 bytes]","args":[{"selector":{"id":"application-manageresources-display-component---newResourceUnit--DIMENSION_UNIT","interaction":{"idSuffix":"inner"}},"wdio_ui5_key":"applicationmanageresources-display-component---newResourceUnit--DIMENSION_UNIT"}]}
RESULT: undefined
COMMAND: POST /session/dc388682b4200c5e048280db36f00fb1/execute/async - {"script":"<script> [776 bytes]","args":[{"enterText":"Meter","selector":{"id":"application-manageresources-display-component---newResourceUnit--DIMENSION_UNIT","interaction":{"idSuffix":"inner"}},"clearTextFirst":true,"interactionType":"ENTER_TEXT"}]}
RESULT: {"script":"<script> [776 bytes]","args":[{"enterText":"Meter","selector":{"id":"application-manageresources-display-component---newResourceUnit--DIMENSION_UNIT","interaction":{"idSuffix":"inner"}},"clearTextFirst":true,"interactionType":"ENTER_TEXT"}]}
COMMAND: POST /session/dc388682b4200c5e048280db36f00fb1/execute/async - {"script":"<script> [1562 bytes]","args":[{"selector":{"id":"application-manageresources-display-component---newResourceUnit--newRRUPage-anchBar-application-manageresources-display-component---newResourceUnit--control-anchor","interaction":{"idSuffix":"BDI-content"}},"wdio_ui5_key":"applicationmanageresources-display-component---newResourceUnit--newRRUPage-anchBar-application-manageresources-display-component---newResourceUnit--control-anchor"}]}
RESULT: {"script":"<script> [1562 bytes]","args":[{"selector":{"id":"application-manageresources-display-component---newResourceUnit--newRRUPage-anchBar-application-manageresources-display-component---newResourceUnit--control-anchor","interaction":{"idSuffix":"BDI-content"}},"wdio_ui5_key":"applicationmanageresources-display-component---newResourceUnit--newRRUPage-anchBar-application-manageresources-display-component---newResourceUnit--control-anchor"}]}
RESULT: undefined
COMMAND: POST /session/dc388682b4200c5e048280db36f00fb1/element - {"using":"xpath","value":"//*[@id=\"application-manageresources-display-component---newResourceUnit--newRRUPage-anchBar-application-manageresources-display-component---newResourceUnit--control-anchor\"]"}
RESULT: {"using":"xpath","value":"//*[@id=\"application-manageresources-display-component---newResourceUnit--newRRUPage-anchBar-application-manageresources-display-component---newResourceUnit--control-anchor\"]"}
COMMAND: POST /session/dc388682b4200c5e048280db36f00fb1/element/f.5DEB10E109CE1E7B94EA7693F5B1958D.d.4AD8AEBAA1C3BBC45BFC52A33F8D6479.e.9540/click - {}
RESULT: {}
COMMAND: POST /session/dc388682b4200c5e048280db36f00fb1/execute/async - {"script":"<script> [1562 bytes]","args":[{"selector":{"id":"application-manageresources-display-component---newResourceUnit--PLANNING_GROUP","interaction":{"idSuffix":"inner"}},"wdio_ui5_key":"applicationmanageresources-display-component---newResourceUnit--PLANNING_GROUP"}]}
COMMAND: GET /session/dc388682b4200c5e048280db36f00fb1/screenshot - {}
RESULT: {"script":"<script> [1562 bytes]","args":[{"selector":{"id":"application-manageresources-display-component---newResourceUnit--PLANNING_GROUP","interaction":{"idSuffix":"inner"}},"wdio_ui5_key":"applicationmanageresources-display-component---newResourceUnit--PLANNING_GROUP"}]}
RESULT: undefined
COMMAND: POST /session/dc388682b4200c5e048280db36f00fb1/execute/async - {"script":"<script> [776 bytes]","args":[{"enterText":"Heavy Equi","selector":{"id":"application-manageresources-display-component---newResourceUnit--PLANNING_GROUP","interaction":{"idSuffix":"inner"}},"clearTextFirst":true,"interactionType":"ENTER_TEXT"}]}
RESULT: {}
RESULT: {"script":"<script> [776 bytes]","args":[{"enterText":"Heavy Equi","selector":{"id":"application-manageresources-display-component---newResourceUnit--PLANNING_GROUP","interaction":{"idSuffix":"inner"}},"clearTextFirst":true,"interactionType":"ENTER_TEXT"}]}
COMMAND: POST /session/dc388682b4200c5e048280db36f00fb1/execute/async - {"script":"<script> [1562 bytes]","args":[{"selector":{"id":"application-manageresources-display-component---newResourceUnit--ITEM_TYPE-arrow"},"wdio_ui5_key":"applicationmanageresources-display-component---newResourceUnit--ITEM_TYPE-arrow"}]}
RESULT: {"script":"<script> [1562 bytes]","args":[{"selector":{"id":"application-manageresources-display-component---newResourceUnit--ITEM_TYPE-arrow"},"wdio_ui5_key":"applicationmanageresources-display-component---newResourceUnit--ITEM_TYPE-arrow"}]}
RESULT: undefined
COMMAND: POST /session/dc388682b4200c5e048280db36f00fb1/element - {"using":"xpath","value":"//*[@id=\"application-manageresources-display-component---newResourceUnit--ITEM_TYPE-arrow\"]"}
RESULT: {"using":"xpath","value":"//*[@id=\"application-manageresources-display-component---newResourceUnit--ITEM_TYPE-arrow\"]"}
COMMAND: POST /session/dc388682b4200c5e048280db36f00fb1/element/f.5DEB10E109CE1E7B94EA7693F5B1958D.d.4AD8AEBAA1C3BBC45BFC52A33F8D6479.e.9547/click - {}
RESULT: {}
COMMAND: POST /session/dc388682b4200c5e048280db36f00fb1/element - {"using":"xpath","value":"(//span[contains(text(), \"Resource Unit\")])[2]"}
COMMAND: GET /session/dc388682b4200c5e048280db36f00fb1/screenshot - {}
RESULT: {"using":"xpath","value":"(//span[contains(text(), \"Resource Unit\")])[2]"}
COMMAND: POST /session/dc388682b4200c5e048280db36f00fb1/element/f.5DEB10E109CE1E7B94EA7693F5B1958D.d.4AD8AEBAA1C3BBC45BFC52A33F8D6479.e.9548/click - {}
RESULT: {}
RESULT: {}
COMMAND: GET /session/dc388682b4200c5e048280db36f00fb1/screenshot - {}
RESULT: {}
COMMAND: POST /session/dc388682b4200c5e048280db36f00fb1/element - {"using":"css selector","value":"#application-manageresources-display-component---newResourceUnit--btnAddTimeSegment"}
RESULT: {"using":"css selector","value":"#application-manageresources-display-component---newResourceUnit--btnAddTimeSegment"}
COMMAND: GET /session/dc388682b4200c5e048280db36f00fb1/element/f.5DEB10E109CE1E7B94EA7693F5B1958D.d.4AD8AEBAA1C3BBC45BFC52A33F8D6479.e.9549/rect - {}
RESULT: {}
COMMAND: GET /session/dc388682b4200c5e048280db36f00fb1/window/rect - {}
RESULT: {}
COMMAND: POST /session/dc388682b4200c5e048280db36f00fb1/execute/sync - {"script":"<script> [92 bytes]","args":[]}
RESULT: {"script":"<script> [92 bytes]","args":[]}
COMMAND: POST /session/dc388682b4200c5e048280db36f00fb1/actions - {"actions":[{"id":"action31","type":"wheel","parameters":{},"actions":[{"type":"scroll","x":-1888,"y":-32,"deltaX":0,"deltaY":0,"duration":0,"origin":{"element-6066-11e4-a52e-4f735466cecf":"f.5DEB10E109CE1E7B94EA7693F5B1958D.d.4AD8AEBAA1C3BBC45BFC52A33F8D6479.e.9549"}}]}]}
COMMAND: GET /session/dc388682b4200c5e048280db36f00fb1/screenshot - {}
RESULT: {}
COMMAND: POST /session/dc388682b4200c5e048280db36f00fb1/execute/sync - {"script":"<script> [79 bytes]","args":[{"element-6066-11e4-a52e-4f735466cecf":"f.5DEB10E109CE1E7B94EA7693F5B1958D.d.4AD8AEBAA1C3BBC45BFC52A33F8D6479.e.9549","ELEMENT":"f.5DEB10E109CE1E7B94EA7693F5B1958D.d.4AD8AEBAA1C3BBC45BFC52A33F8D6479.e.9549"},{"block":"start","inline":"nearest"}]}
RESULT: {"script":"<script> [79 bytes]","args":[{"element-6066-11e4-a52e-4f735466cecf":"f.5DEB10E109CE1E7B94EA7693F5B1958D.d.4AD8AEBAA1C3BBC45BFC52A33F8D6479.e.9549","ELEMENT":"f.5DEB10E109CE1E7B94EA7693F5B1958D.d.4AD8AEBAA1C3BBC45BFC52A33F8D6479.e.9549"},{"block":"start","inline":"nearest"}]}
COMMAND: POST /session/dc388682b4200c5e048280db36f00fb1/execute/async - {"script":"<script> [1562 bytes]","args":[{"selector":{"id":"application-manageresources-display-component---newResourceUnit--btnAddTimeSegment","interaction":{"idSuffix":"inner"}},"wdio_ui5_key":"applicationmanageresources-display-component---newResourceUnit--btnAddTimeSegment"}]}
COMMAND: GET /session/dc388682b4200c5e048280db36f00fb1/screenshot - {}
RESULT: {"script":"<script> [1562 bytes]","args":[{"selector":{"id":"application-manageresources-display-component---newResourceUnit--btnAddTimeSegment","interaction":{"idSuffix":"inner"}},"wdio_ui5_key":"applicationmanageresources-display-component---newResourceUnit--btnAddTimeSegment"}]}
RESULT: undefined
COMMAND: POST /session/dc388682b4200c5e048280db36f00fb1/element - {"using":"xpath","value":"//*[@id=\"application-manageresources-display-component---newResourceUnit--btnAddTimeSegment\"]"}
RESULT: {}
RESULT: {"using":"xpath","value":"//*[@id=\"application-manageresources-display-component---newResourceUnit--btnAddTimeSegment\"]"}
COMMAND: POST /session/dc388682b4200c5e048280db36f00fb1/element/f.5DEB10E109CE1E7B94EA7693F5B1958D.d.4AD8AEBAA1C3BBC45BFC52A33F8D6479.e.9549/click - {}
RESULT: {}
COMMAND: GET /session/dc388682b4200c5e048280db36f00fb1/screenshot - {}
RESULT: {}
COMMAND: POST /session/dc388682b4200c5e048280db36f00fb1/element - {"using":"xpath","value":"//input[@id=\"application-manageresources-display-component---newResourceUnit--idRuTSAdmin-application-manageresources-display-component---newResourceUnit--RUTimeSegment-0-inner\"]"}
RESULT: {"using":"xpath","value":"//input[@id=\"application-manageresources-display-component---newResourceUnit--idRuTSAdmin-application-manageresources-display-component---newResourceUnit--RUTimeSegment-0-inner\"]"}
COMMAND: POST /session/dc388682b4200c5e048280db36f00fb1/element/f.5DEB10E109CE1E7B94EA7693F5B1958D.d.4AD8AEBAA1C3BBC45BFC52A33F8D6479.e.9555/clear - {}
RESULT: {}
COMMAND: POST /session/dc388682b4200c5e048280db36f00fb1/element/f.5DEB10E109CE1E7B94EA7693F5B1958D.d.4AD8AEBAA1C3BBC45BFC52A33F8D6479.e.9555/value - {"text":"437"}
COMMAND: GET /session/dc388682b4200c5e048280db36f00fb1/screenshot - {}
RESULT: {"text":"437"}
COMMAND: GET /session/dc388682b4200c5e048280db36f00fb1/screenshot - {}
RESULT: {}
RESULT: {}
COMMAND: POST /session/dc388682b4200c5e048280db36f00fb1/element - {"using":"xpath","value":"//li[.//span[text()='437']]"}
RESULT: {"using":"xpath","value":"//li[.//span[text()='437']]"}
COMMAND: POST /session/dc388682b4200c5e048280db36f00fb1/element/f.5DEB10E109CE1E7B94EA7693F5B1958D.d.4AD8AEBAA1C3BBC45BFC52A33F8D6479.e.9567/click - {}
RESULT: {}
COMMAND: GET /session/dc388682b4200c5e048280db36f00fb1/screenshot - {}
RESULT: {}
COMMAND: POST /session/dc388682b4200c5e048280db36f00fb1/element - {"using":"xpath","value":"(//span[contains(@id, \"-application-manageresources-display-component---newResourceUnit--RUTimeSegment-0-arrow\")])[6]"}
RESULT: {"using":"xpath","value":"(//span[contains(@id, \"-application-manageresources-display-component---newResourceUnit--RUTimeSegment-0-arrow\")])[6]"}
COMMAND: POST /session/dc388682b4200c5e048280db36f00fb1/element/f.5DEB10E109CE1E7B94EA7693F5B1958D.d.4AD8AEBAA1C3BBC45BFC52A33F8D6479.e.9568/click - {}
RESULT: {}
COMMAND: GET /session/dc388682b4200c5e048280db36f00fb1/screenshot - {}
RESULT: {}
COMMAND: POST /session/dc388682b4200c5e048280db36f00fb1/element - {"using":"xpath","value":"//span[contains(text(), \"PM Order\")]"}
RESULT: {"using":"xpath","value":"//span[contains(text(), \"PM Order\")]"}
COMMAND: POST /session/dc388682b4200c5e048280db36f00fb1/element/f.5DEB10E109CE1E7B94EA7693F5B1958D.d.4AD8AEBAA1C3BBC45BFC52A33F8D6479.e.9571/click - {}
RESULT: {}
COMMAND: GET /session/dc388682b4200c5e048280db36f00fb1/screenshot - {}
RESULT: {}
COMMAND: POST /session/dc388682b4200c5e048280db36f00fb1/element - {"using":"xpath","value":"(//span[contains(@id ,\"manageresources-display-component---newResourceUnit--RUTimeSegment-0-vhi\")])[1]"}
RESULT: {"using":"xpath","value":"(//span[contains(@id ,\"manageresources-display-component---newResourceUnit--RUTimeSegment-0-vhi\")])[1]"}
COMMAND: GET /session/dc388682b4200c5e048280db36f00fb1/element/f.5DEB10E109CE1E7B94EA7693F5B1958D.d.4AD8AEBAA1C3BBC45BFC52A33F8D6479.e.9575/rect - {}
RESULT: {}
COMMAND: GET /session/dc388682b4200c5e048280db36f00fb1/window/rect - {}
RESULT: {}
COMMAND: POST /session/dc388682b4200c5e048280db36f00fb1/execute/sync - {"script":"<script> [92 bytes]","args":[]}
RESULT: {"script":"<script> [92 bytes]","args":[]}
COMMAND: POST /session/dc388682b4200c5e048280db36f00fb1/actions - {"actions":[{"id":"action32","type":"wheel","parameters":{},"actions":[{"type":"scroll","x":-869,"y":-24,"deltaX":0,"deltaY":0,"duration":0,"origin":{"element-6066-11e4-a52e-4f735466cecf":"f.5DEB10E109CE1E7B94EA7693F5B1958D.d.4AD8AEBAA1C3BBC45BFC52A33F8D6479.e.9575"}}]}]}
COMMAND: GET /session/dc388682b4200c5e048280db36f00fb1/screenshot - {}
RESULT: {"actions":[{"id":"action32","type":"wheel","parameters":{},"actions":[{"type":"scroll","x":-869,"y":-24,"deltaX":0,"deltaY":0,"duration":0,"origin":{"element-6066-11e4-a52e-4f735466cecf":"f.5DEB10E109CE1E7B94EA7693F5B1958D.d.4AD8AEBAA1C3BBC45BFC52A33F8D6479.e.9575"}}]}]}
COMMAND: DELETE /session/dc388682b4200c5e048280db36f00fb1/actions - {}
COMMAND: GET /session/dc388682b4200c5e048280db36f00fb1/screenshot - {}
RESULT: {}
RESULT: {}
COMMAND: GET /session/dc388682b4200c5e048280db36f00fb1/screenshot - {}
RESULT: {}
RESULT: {}
COMMAND: POST /session/dc388682b4200c5e048280db36f00fb1/element/f.5DEB10E109CE1E7B94EA7693F5B1958D.d.4AD8AEBAA1C3BBC45BFC52A33F8D6479.e.9575/click - {}
RESULT: {}
COMMAND: GET /session/dc388682b4200c5e048280db36f00fb1/screenshot - {}
RESULT: {}
RESULT: undefined
COMMAND: POST /session/dc388682b4200c5e048280db36f00fb1/execute/async - {"script":"<script> [776 bytes]","args":[{"enterText":"4000360","selector":{"controlType":"sap.m.SearchField","properties":{"placeholder":"Search"},"searchOpenDialogs":true,"interaction":{"idSuffix":"I"}},"clearTextFirst":true,"interactionType":"ENTER_TEXT"}]}
RESULT: {"script":"<script> [776 bytes]","args":[{"enterText":"4000360","selector":{"controlType":"sap.m.SearchField","properties":{"placeholder":"Search"},"searchOpenDialogs":true,"interaction":{"idSuffix":"I"}},"clearTextFirst":true,"interactionType":"ENTER_TEXT"}]}
COMMAND: POST /session/dc388682b4200c5e048280db36f00fb1/actions - {"actions":[{"id":"action33","type":"key","parameters":{},"actions":[{"type":"keyDown","value":"î€‡"},{"type":"pause","duration":10},{"type":"keyUp","value":"î€‡"}]}]}
RESULT: {"actions":[{"id":"action33","type":"key","parameters":{},"actions":[{"type":"keyDown","value":"î€‡"},{"type":"pause","duration":10},{"type":"keyUp","value":"î€‡"}]}]}
COMMAND: GET /session/dc388682b4200c5e048280db36f00fb1/screenshot - {}
RESULT: {}
COMMAND: POST /session/dc388682b4200c5e048280db36f00fb1/element - {"using":"xpath","value":"//td/div/span[contains(text(), \"BGL Vehicles\")]"}
RESULT: {"using":"xpath","value":"//td/div/span[contains(text(), \"BGL Vehicles\")]"}
COMMAND: POST /session/dc388682b4200c5e048280db36f00fb1/element/f.5DEB10E109CE1E7B94EA7693F5B1958D.d.4AD8AEBAA1C3BBC45BFC52A33F8D6479.e.9595/click - {}
RESULT: {}
COMMAND: GET /session/dc388682b4200c5e048280db36f00fb1/screenshot - {}
RESULT: {}
COMMAND: POST /session/dc388682b4200c5e048280db36f00fb1/element - {"using":"xpath","value":"//bdi[contains(text(), \"OK\")]"}
RESULT: {"using":"xpath","value":"//bdi[contains(text(), \"OK\")]"}
COMMAND: POST /session/dc388682b4200c5e048280db36f00fb1/element/f.5DEB10E109CE1E7B94EA7693F5B1958D.d.4AD8AEBAA1C3BBC45BFC52A33F8D6479.e.9596/click - {}
RESULT: {}
COMMAND: GET /session/dc388682b4200c5e048280db36f00fb1/screenshot - {}
RESULT: {}
COMMAND: POST /session/dc388682b4200c5e048280db36f00fb1/execute/async - {"script":"<script> [1562 bytes]","args":[{"selector":{"id":"application-manageresources-display-component---newResourceUnit--newRRUPage-anchBar-application-manageresources-display-component---newResourceUnit--resource-anchor","interaction":{"idSuffix":"BDI-content"}},"wdio_ui5_key":"applicationmanageresources-display-component---newResourceUnit--newRRUPage-anchBar-application-manageresources-display-component---newResourceUnit--resource-anchor"}]}
RESULT: {"script":"<script> [1562 bytes]","args":[{"selector":{"id":"application-manageresources-display-component---newResourceUnit--newRRUPage-anchBar-application-manageresources-display-component---newResourceUnit--resource-anchor","interaction":{"idSuffix":"BDI-content"}},"wdio_ui5_key":"applicationmanageresources-display-component---newResourceUnit--newRRUPage-anchBar-application-manageresources-display-component---newResourceUnit--resource-anchor"}]}
RESULT: undefined
COMMAND: POST /session/dc388682b4200c5e048280db36f00fb1/element - {"using":"xpath","value":"//*[@id=\"application-manageresources-display-component---newResourceUnit--newRRUPage-anchBar-application-manageresources-display-component---newResourceUnit--resource-anchor\"]"}
RESULT: {"using":"xpath","value":"//*[@id=\"application-manageresources-display-component---newResourceUnit--newRRUPage-anchBar-application-manageresources-display-component---newResourceUnit--resource-anchor\"]"}
COMMAND: POST /session/dc388682b4200c5e048280db36f00fb1/element/f.5DEB10E109CE1E7B94EA7693F5B1958D.d.4AD8AEBAA1C3BBC45BFC52A33F8D6479.e.9600/click - {}
RESULT: {}
COMMAND: POST /session/dc388682b4200c5e048280db36f00fb1/execute/async - {"script":"<script> [1562 bytes]","args":[{"selector":{"id":"application-manageresources-display-component---newResourceUnit--PLANNED_DELIVERY_DATE","interaction":{"idSuffix":"inner"}},"wdio_ui5_key":"applicationmanageresources-display-component---newResourceUnit--PLANNED_DELIVERY_DATE"}]}
COMMAND: GET /session/dc388682b4200c5e048280db36f00fb1/screenshot - {}
RESULT: {"script":"<script> [1562 bytes]","args":[{"selector":{"id":"application-manageresources-display-component---newResourceUnit--PLANNED_DELIVERY_DATE","interaction":{"idSuffix":"inner"}},"wdio_ui5_key":"applicationmanageresources-display-component---newResourceUnit--PLANNED_DELIVERY_DATE"}]}
RESULT: undefined
COMMAND: POST /session/dc388682b4200c5e048280db36f00fb1/execute/async - {"script":"<script> [6424 bytes]","args":[{"element-6066-11e4-a52e-4f735466cecf":"f.5DEB10E109CE1E7B94EA7693F5B1958D.d.4AD8AEBAA1C3BBC45BFC52A33F8D6479.e.9465"},"setValue",["5/16/25"]]}
RESULT: {}
RESULT: {"script":"<script> [6424 bytes]","args":[{"element-6066-11e4-a52e-4f735466cecf":"f.5DEB10E109CE1E7B94EA7693F5B1958D.d.4AD8AEBAA1C3BBC45BFC52A33F8D6479.e.9465"},"setValue",["5/16/25"]]}
COMMAND: POST /session/dc388682b4200c5e048280db36f00fb1/element - {"using":"xpath","value":"//label[contains(@class, 'sapMLabelRequired') and .//bdi[contains(text(), 'Planned Retirement')]]"}
RESULT: {"using":"xpath","value":"//label[contains(@class, 'sapMLabelRequired') and .//bdi[contains(text(), 'Planned Retirement')]]"}
COMMAND: POST /session/dc388682b4200c5e048280db36f00fb1/elements - {"using":"xpath","value":"//label[contains(@class, 'sapMLabelRequired') and .//bdi[contains(text(), 'Planned Retirement')]]"}
RESULT: {"using":"xpath","value":"//label[contains(@class, 'sapMLabelRequired') and .//bdi[contains(text(), 'Planned Retirement')]]"}
COMMAND: POST /session/dc388682b4200c5e048280db36f00fb1/element - {"using":"xpath","value":"//button[@data-kt=\"resourceUnitSaveButton\"]"}
RESULT: {"using":"xpath","value":"//button[@data-kt=\"resourceUnitSaveButton\"]"}
COMMAND: POST /session/dc388682b4200c5e048280db36f00fb1/element/f.5DEB10E109CE1E7B94EA7693F5B1958D.d.4AD8AEBAA1C3BBC45BFC52A33F8D6479.e.9426/click - {}
RESULT: {}
COMMAND: GET /session/dc388682b4200c5e048280db36f00fb1/screenshot - {}
RESULT: {}
COMMAND: POST /session/dc388682b4200c5e048280db36f00fb1/element - {"using":"xpath","value":"//bdi[contains(text(), \"Close\")]"}
RESULT: {"using":"xpath","value":"//bdi[contains(text(), \"Close\")]"}
COMMAND: POST /session/dc388682b4200c5e048280db36f00fb1/element/f.5DEB10E109CE1E7B94EA7693F5B1958D.d.4AD8AEBAA1C3BBC45BFC52A33F8D6479.e.9608/click - {}
RESULT: {}
COMMAND: GET /session/dc388682b4200c5e048280db36f00fb1/screenshot - {}
RESULT: {}
COMMAND: POST /session/dc388682b4200c5e048280db36f00fb1/element - {"using":"xpath","value":"(//button[contains(@id ,\"actionsToolbar-overflowButton\")])[1]"}
RESULT: {"using":"xpath","value":"(//button[contains(@id ,\"actionsToolbar-overflowButton\")])[1]"}
COMMAND: POST /session/dc388682b4200c5e048280db36f00fb1/element/f.5DEB10E109CE1E7B94EA7693F5B1958D.d.4AD8AEBAA1C3BBC45BFC52A33F8D6479.e.9665/click - {}
RESULT: {}
COMMAND: GET /session/dc388682b4200c5e048280db36f00fb1/screenshot - {}
RESULT: {}
COMMAND: POST /session/dc388682b4200c5e048280db36f00fb1/element - {"using":"xpath","value":"//button[@data-kt=\"priceInfoButton\"]"}
RESULT: {"using":"xpath","value":"//button[@data-kt=\"priceInfoButton\"]"}
COMMAND: POST /session/dc388682b4200c5e048280db36f00fb1/element/f.5DEB10E109CE1E7B94EA7693F5B1958D.d.4AD8AEBAA1C3BBC45BFC52A33F8D6479.e.9667/click - {}
RESULT: {}
COMMAND: GET /session/dc388682b4200c5e048280db36f00fb1/screenshot - {}
RESULT: {}
]]></system-out>
    </testcase>
    <testcase classname="chrome.136_0_7103_93.windows.Billing_Transfer_-_Intracompany_US127249" name="Should create a pricing procedure" time="64.439">
      <system-out><![CDATA[
COMMAND: POST /session/dc388682b4200c5e048280db36f00fb1/element - {"using":"xpath","value":"//button[@data-kt=\"addButton\"]"}
RESULT: {"using":"xpath","value":"//button[@data-kt=\"addButton\"]"}
COMMAND: POST /session/dc388682b4200c5e048280db36f00fb1/elements - {"using":"xpath","value":"//button[@data-kt=\"addButton\"]"}
RESULT: {"using":"xpath","value":"//button[@data-kt=\"addButton\"]"}
COMMAND: POST /session/dc388682b4200c5e048280db36f00fb1/element - {"using":"xpath","value":"//button[@data-kt=\"addButton\"]"}
RESULT: {"using":"xpath","value":"//button[@data-kt=\"addButton\"]"}
COMMAND: POST /session/dc388682b4200c5e048280db36f00fb1/execute/sync - {"script":"<script> [8489 bytes]","args":[{"element-6066-11e4-a52e-4f735466cecf":"f.5DEB10E109CE1E7B94EA7693F5B1958D.d.4AD8AEBAA1C3BBC45BFC52A33F8D6479.e.9705","ELEMENT":"f.5DEB10E109CE1E7B94EA7693F5B1958D.d.4AD8AEBAA1C3BBC45BFC52A33F8D6479.e.9705"}]}
RESULT: {"script":"<script> [8489 bytes]","args":[{"element-6066-11e4-a52e-4f735466cecf":"f.5DEB10E109CE1E7B94EA7693F5B1958D.d.4AD8AEBAA1C3BBC45BFC52A33F8D6479.e.9705","ELEMENT":"f.5DEB10E109CE1E7B94EA7693F5B1958D.d.4AD8AEBAA1C3BBC45BFC52A33F8D6479.e.9705"}]}
COMMAND: GET /session/dc388682b4200c5e048280db36f00fb1/element/f.5DEB10E109CE1E7B94EA7693F5B1958D.d.4AD8AEBAA1C3BBC45BFC52A33F8D6479.e.9705/enabled - {}
COMMAND: GET /session/dc388682b4200c5e048280db36f00fb1/screenshot - {}
RESULT: {}
COMMAND: POST /session/dc388682b4200c5e048280db36f00fb1/execute/sync - {"script":"<script> [8489 bytes]","args":[{"element-6066-11e4-a52e-4f735466cecf":"f.5DEB10E109CE1E7B94EA7693F5B1958D.d.4AD8AEBAA1C3BBC45BFC52A33F8D6479.e.9705","ELEMENT":"f.5DEB10E109CE1E7B94EA7693F5B1958D.d.4AD8AEBAA1C3BBC45BFC52A33F8D6479.e.9705"}]}
COMMAND: GET /session/dc388682b4200c5e048280db36f00fb1/screenshot - {}
RESULT: {}
RESULT: {}
RESULT: {"script":"<script> [8489 bytes]","args":[{"element-6066-11e4-a52e-4f735466cecf":"f.5DEB10E109CE1E7B94EA7693F5B1958D.d.4AD8AEBAA1C3BBC45BFC52A33F8D6479.e.9705","ELEMENT":"f.5DEB10E109CE1E7B94EA7693F5B1958D.d.4AD8AEBAA1C3BBC45BFC52A33F8D6479.e.9705"}]}
COMMAND: POST /session/dc388682b4200c5e048280db36f00fb1/execute/sync - {"script":"<script> [5351 bytes]","args":[{"element-6066-11e4-a52e-4f735466cecf":"f.5DEB10E109CE1E7B94EA7693F5B1958D.d.4AD8AEBAA1C3BBC45BFC52A33F8D6479.e.9705","ELEMENT":"f.5DEB10E109CE1E7B94EA7693F5B1958D.d.4AD8AEBAA1C3BBC45BFC52A33F8D6479.e.9705"}]}
COMMAND: GET /session/dc388682b4200c5e048280db36f00fb1/screenshot - {}
RESULT: {"script":"<script> [5351 bytes]","args":[{"element-6066-11e4-a52e-4f735466cecf":"f.5DEB10E109CE1E7B94EA7693F5B1958D.d.4AD8AEBAA1C3BBC45BFC52A33F8D6479.e.9705","ELEMENT":"f.5DEB10E109CE1E7B94EA7693F5B1958D.d.4AD8AEBAA1C3BBC45BFC52A33F8D6479.e.9705"}]}
COMMAND: POST /session/dc388682b4200c5e048280db36f00fb1/element/f.5DEB10E109CE1E7B94EA7693F5B1958D.d.4AD8AEBAA1C3BBC45BFC52A33F8D6479.e.9705/click - {}
COMMAND: GET /session/dc388682b4200c5e048280db36f00fb1/screenshot - {}
RESULT: {}
RESULT: {}
COMMAND: GET /session/dc388682b4200c5e048280db36f00fb1/screenshot - {}
RESULT: {}
RESULT: {}
COMMAND: POST /session/dc388682b4200c5e048280db36f00fb1/execute/async - {"script":"<script> [1562 bytes]","args":[{"selector":{"controlType":"sap.m.Title","viewName":"etm.portal.ui.managepricingrules.view.NewItem","viewId":"application-managepricingrules-display-component---newInfoPriceItem","properties":{"text":"New Pricing Rules - Item Level"}},"wdio_ui5_key":"etmportal.ui.managepricingrules.view.NewItemsap.m.Title{\"text\":\"New Pricing Rules - Item Level\"}"}]}
RESULT: {"script":"<script> [1562 bytes]","args":[{"selector":{"controlType":"sap.m.Title","viewName":"etm.portal.ui.managepricingrules.view.NewItem","viewId":"application-managepricingrules-display-component---newInfoPriceItem","properties":{"text":"New Pricing Rules - Item Level"}},"wdio_ui5_key":"etmportal.ui.managepricingrules.view.NewItemsap.m.Title{\"text\":\"New Pricing Rules - Item Level\"}"}]}
RESULT: undefined
COMMAND: POST /session/dc388682b4200c5e048280db36f00fb1/execute/async - {"script":"<script> [6424 bytes]","args":[{"element-6066-11e4-a52e-4f735466cecf":"f.5DEB10E109CE1E7B94EA7693F5B1958D.d.4AD8AEBAA1C3BBC45BFC52A33F8D6479.e.9848"},"getText",[]]}
RESULT: {"script":"<script> [6424 bytes]","args":[{"element-6066-11e4-a52e-4f735466cecf":"f.5DEB10E109CE1E7B94EA7693F5B1958D.d.4AD8AEBAA1C3BBC45BFC52A33F8D6479.e.9848"},"getText",[]]}
COMMAND: POST /session/dc388682b4200c5e048280db36f00fb1/execute/async - {"script":"<script> [1562 bytes]","args":[{"selector":{"id":"application-managepricingrules-display-component---newInfoPriceItem--condValidTo","interaction":{"idSuffix":"inner"}},"wdio_ui5_key":"applicationmanagepricingrules-display-component---newInfoPriceItem--condValidTo"}]}
RESULT: {"script":"<script> [1562 bytes]","args":[{"selector":{"id":"application-managepricingrules-display-component---newInfoPriceItem--condValidTo","interaction":{"idSuffix":"inner"}},"wdio_ui5_key":"applicationmanagepricingrules-display-component---newInfoPriceItem--condValidTo"}]}
RESULT: undefined
COMMAND: POST /session/dc388682b4200c5e048280db36f00fb1/execute/async - {"script":"<script> [776 bytes]","args":[{"enterText":"1/16/26","selector":{"id":"application-managepricingrules-display-component---newInfoPriceItem--condValidTo","interaction":{"idSuffix":"inner"}},"clearTextFirst":true,"interactionType":"ENTER_TEXT"}]}
RESULT: {"script":"<script> [776 bytes]","args":[{"enterText":"1/16/26","selector":{"id":"application-managepricingrules-display-component---newInfoPriceItem--condValidTo","interaction":{"idSuffix":"inner"}},"clearTextFirst":true,"interactionType":"ENTER_TEXT"}]}
COMMAND: POST /session/dc388682b4200c5e048280db36f00fb1/execute/async - {"script":"<script> [1562 bytes]","args":[{"selector":{"id":"application-managepricingrules-display-component---newInfoPriceItem--billType-arrow"},"wdio_ui5_key":"applicationmanagepricingrules-display-component---newInfoPriceItem--billType-arrow"}]}
RESULT: {"script":"<script> [1562 bytes]","args":[{"selector":{"id":"application-managepricingrules-display-component---newInfoPriceItem--billType-arrow"},"wdio_ui5_key":"applicationmanagepricingrules-display-component---newInfoPriceItem--billType-arrow"}]}
RESULT: undefined
COMMAND: POST /session/dc388682b4200c5e048280db36f00fb1/element - {"using":"xpath","value":"//*[@id=\"application-managepricingrules-display-component---newInfoPriceItem--billType-arrow\"]"}
RESULT: {"using":"xpath","value":"//*[@id=\"application-managepricingrules-display-component---newInfoPriceItem--billType-arrow\"]"}
COMMAND: POST /session/dc388682b4200c5e048280db36f00fb1/element/f.5DEB10E109CE1E7B94EA7693F5B1958D.d.4AD8AEBAA1C3BBC45BFC52A33F8D6479.e.9850/click - {}
RESULT: {}
COMMAND: POST /session/dc388682b4200c5e048280db36f00fb1/element - {"using":"xpath","value":"//span[contains(text(), \"TB - Time based\")]"}
COMMAND: GET /session/dc388682b4200c5e048280db36f00fb1/screenshot - {}
RESULT: {"using":"xpath","value":"//span[contains(text(), \"TB - Time based\")]"}
COMMAND: POST /session/dc388682b4200c5e048280db36f00fb1/element/f.5DEB10E109CE1E7B94EA7693F5B1958D.d.4AD8AEBAA1C3BBC45BFC52A33F8D6479.e.9851/click - {}
RESULT: {}
RESULT: {}
COMMAND: POST /session/dc388682b4200c5e048280db36f00fb1/execute/async - {"script":"<script> [1562 bytes]","args":[{"selector":{"id":"application-managepricingrules-display-component---newInfoPriceItem--priceProc-arrow"},"wdio_ui5_key":"applicationmanagepricingrules-display-component---newInfoPriceItem--priceProc-arrow"}]}
COMMAND: GET /session/dc388682b4200c5e048280db36f00fb1/screenshot - {}
RESULT: {"script":"<script> [1562 bytes]","args":[{"selector":{"id":"application-managepricingrules-display-component---newInfoPriceItem--priceProc-arrow"},"wdio_ui5_key":"applicationmanagepricingrules-display-component---newInfoPriceItem--priceProc-arrow"}]}
RESULT: undefined
COMMAND: POST /session/dc388682b4200c5e048280db36f00fb1/element - {"using":"xpath","value":"//*[@id=\"application-managepricingrules-display-component---newInfoPriceItem--priceProc-arrow\"]"}
RESULT: {}
RESULT: {"using":"xpath","value":"//*[@id=\"application-managepricingrules-display-component---newInfoPriceItem--priceProc-arrow\"]"}
COMMAND: POST /session/dc388682b4200c5e048280db36f00fb1/element/f.5DEB10E109CE1E7B94EA7693F5B1958D.d.4AD8AEBAA1C3BBC45BFC52A33F8D6479.e.9852/click - {}
RESULT: {}
COMMAND: POST /session/dc388682b4200c5e048280db36f00fb1/element - {"using":"xpath","value":"//span[contains(text(), \"TBS - Time based standard\")]"}
COMMAND: GET /session/dc388682b4200c5e048280db36f00fb1/screenshot - {}
RESULT: {"using":"xpath","value":"//span[contains(text(), \"TBS - Time based standard\")]"}
COMMAND: POST /session/dc388682b4200c5e048280db36f00fb1/element/f.5DEB10E109CE1E7B94EA7693F5B1958D.d.4AD8AEBAA1C3BBC45BFC52A33F8D6479.e.9853/click - {}
RESULT: {}
RESULT: {}
COMMAND: POST /session/dc388682b4200c5e048280db36f00fb1/execute/async - {"script":"<script> [1562 bytes]","args":[{"selector":{"id":"application-managepricingrules-display-component---newInfoPriceItem--calcBase-arrow"},"wdio_ui5_key":"applicationmanagepricingrules-display-component---newInfoPriceItem--calcBase-arrow"}]}
COMMAND: GET /session/dc388682b4200c5e048280db36f00fb1/screenshot - {}
RESULT: {"script":"<script> [1562 bytes]","args":[{"selector":{"id":"application-managepricingrules-display-component---newInfoPriceItem--calcBase-arrow"},"wdio_ui5_key":"applicationmanagepricingrules-display-component---newInfoPriceItem--calcBase-arrow"}]}
RESULT: undefined
COMMAND: POST /session/dc388682b4200c5e048280db36f00fb1/element - {"using":"xpath","value":"//*[@id=\"application-managepricingrules-display-component---newInfoPriceItem--calcBase-arrow\"]"}
RESULT: {}
RESULT: {"using":"xpath","value":"//*[@id=\"application-managepricingrules-display-component---newInfoPriceItem--calcBase-arrow\"]"}
COMMAND: POST /session/dc388682b4200c5e048280db36f00fb1/element/f.5DEB10E109CE1E7B94EA7693F5B1958D.d.4AD8AEBAA1C3BBC45BFC52A33F8D6479.e.9821/click - {}
RESULT: {}
COMMAND: GET /session/dc388682b4200c5e048280db36f00fb1/screenshot - {}
RESULT: {}
COMMAND: POST /session/dc388682b4200c5e048280db36f00fb1/element - {"using":"xpath","value":"//span[contains(text(), \"0006 - TB(calendar days)\")]"}
RESULT: {"using":"xpath","value":"//span[contains(text(), \"0006 - TB(calendar days)\")]"}
COMMAND: POST /session/dc388682b4200c5e048280db36f00fb1/element/f.5DEB10E109CE1E7B94EA7693F5B1958D.d.4AD8AEBAA1C3BBC45BFC52A33F8D6479.e.9854/click - {}
RESULT: {}
COMMAND: GET /session/dc388682b4200c5e048280db36f00fb1/screenshot - {}
RESULT: {}
COMMAND: POST /session/dc388682b4200c5e048280db36f00fb1/execute/async - {"script":"<script> [1562 bytes]","args":[{"selector":{"id":"application-managepricingrules-display-component---newInfoPriceItem--daysMonth","interaction":{"idSuffix":"inner"}},"wdio_ui5_key":"applicationmanagepricingrules-display-component---newInfoPriceItem--daysMonth"}]}
RESULT: {"script":"<script> [1562 bytes]","args":[{"selector":{"id":"application-managepricingrules-display-component---newInfoPriceItem--daysMonth","interaction":{"idSuffix":"inner"}},"wdio_ui5_key":"applicationmanagepricingrules-display-component---newInfoPriceItem--daysMonth"}]}
RESULT: undefined
COMMAND: POST /session/dc388682b4200c5e048280db36f00fb1/execute/async - {"script":"<script> [776 bytes]","args":[{"enterText":"30","selector":{"id":"application-managepricingrules-display-component---newInfoPriceItem--daysMonth","interaction":{"idSuffix":"inner"}},"clearTextFirst":true,"interactionType":"ENTER_TEXT"}]}
RESULT: {"script":"<script> [776 bytes]","args":[{"enterText":"30","selector":{"id":"application-managepricingrules-display-component---newInfoPriceItem--daysMonth","interaction":{"idSuffix":"inner"}},"clearTextFirst":true,"interactionType":"ENTER_TEXT"}]}
COMMAND: POST /session/dc388682b4200c5e048280db36f00fb1/element - {"using":"xpath","value":"//button[@data-kt=\"saveNewRuleButton\"]"}
RESULT: {"using":"xpath","value":"//button[@data-kt=\"saveNewRuleButton\"]"}
COMMAND: POST /session/dc388682b4200c5e048280db36f00fb1/element/f.5DEB10E109CE1E7B94EA7693F5B1958D.d.4AD8AEBAA1C3BBC45BFC52A33F8D6479.e.9836/click - {}
RESULT: {}
COMMAND: GET /session/dc388682b4200c5e048280db36f00fb1/screenshot - {}
RESULT: {}
COMMAND: POST /session/dc388682b4200c5e048280db36f00fb1/execute/async - {"script":"<script> [1562 bytes]","args":[{"selector":{"id":"application-managepricingrules-display-component---priceInfoItem--smartFilterBar-btnBasicSearch","interaction":{"idSuffix":"I"}},"wdio_ui5_key":"applicationmanagepricingrules-display-component---priceInfoItem--smartFilterBar-btnBasicSearch"}]}
RESULT: {"script":"<script> [1562 bytes]","args":[{"selector":{"id":"application-managepricingrules-display-component---priceInfoItem--smartFilterBar-btnBasicSearch","interaction":{"idSuffix":"I"}},"wdio_ui5_key":"applicationmanagepricingrules-display-component---priceInfoItem--smartFilterBar-btnBasicSearch"}]}
RESULT: undefined
COMMAND: POST /session/dc388682b4200c5e048280db36f00fb1/execute/async - {"script":"<script> [776 bytes]","args":[{"enterText":"IVTgP68WIh","selector":{"id":"application-managepricingrules-display-component---priceInfoItem--smartFilterBar-btnBasicSearch","interaction":{"idSuffix":"I"}},"clearTextFirst":true,"interactionType":"ENTER_TEXT"}]}
RESULT: {"script":"<script> [776 bytes]","args":[{"enterText":"IVTgP68WIh","selector":{"id":"application-managepricingrules-display-component---priceInfoItem--smartFilterBar-btnBasicSearch","interaction":{"idSuffix":"I"}},"clearTextFirst":true,"interactionType":"ENTER_TEXT"}]}
COMMAND: POST /session/dc388682b4200c5e048280db36f00fb1/actions - {"actions":[{"id":"action34","type":"key","parameters":{},"actions":[{"type":"keyDown","value":"î€‡"},{"type":"pause","duration":10},{"type":"keyUp","value":"î€‡"}]}]}
RESULT: {"actions":[{"id":"action34","type":"key","parameters":{},"actions":[{"type":"keyDown","value":"î€‡"},{"type":"pause","duration":10},{"type":"keyUp","value":"î€‡"}]}]}
COMMAND: GET /session/dc388682b4200c5e048280db36f00fb1/screenshot - {}
RESULT: {}
COMMAND: POST /session/dc388682b4200c5e048280db36f00fb1/element - {"using":"xpath","value":"//span[@id=\"application-managepricingrules-display-component---priceInfoItem--smartTable-header-inner\"]"}
RESULT: {"using":"xpath","value":"//span[@id=\"application-managepricingrules-display-component---priceInfoItem--smartTable-header-inner\"]"}
COMMAND: POST /session/dc388682b4200c5e048280db36f00fb1/elements - {"using":"xpath","value":"//span[@id=\"application-managepricingrules-display-component---priceInfoItem--smartTable-header-inner\"]"}
RESULT: {"using":"xpath","value":"//span[@id=\"application-managepricingrules-display-component---priceInfoItem--smartTable-header-inner\"]"}
COMMAND: POST /session/dc388682b4200c5e048280db36f00fb1/execute/sync - {"script":"<script> [56 bytes]","args":[{"element-6066-11e4-a52e-4f735466cecf":"f.5DEB10E109CE1E7B94EA7693F5B1958D.d.4AD8AEBAA1C3BBC45BFC52A33F8D6479.e.9867","ELEMENT":"f.5DEB10E109CE1E7B94EA7693F5B1958D.d.4AD8AEBAA1C3BBC45BFC52A33F8D6479.e.9867"}]}
RESULT: {"script":"<script> [56 bytes]","args":[{"element-6066-11e4-a52e-4f735466cecf":"f.5DEB10E109CE1E7B94EA7693F5B1958D.d.4AD8AEBAA1C3BBC45BFC52A33F8D6479.e.9867","ELEMENT":"f.5DEB10E109CE1E7B94EA7693F5B1958D.d.4AD8AEBAA1C3BBC45BFC52A33F8D6479.e.9867"}]}
COMMAND: POST /session/dc388682b4200c5e048280db36f00fb1/element - {"using":"css selector","value":"#shell-header-logo"}
COMMAND: GET /session/dc388682b4200c5e048280db36f00fb1/screenshot - {}
RESULT: {"using":"css selector","value":"#shell-header-logo"}
COMMAND: POST /session/dc388682b4200c5e048280db36f00fb1/element/f.5DEB10E109CE1E7B94EA7693F5B1958D.d.4AD8AEBAA1C3BBC45BFC52A33F8D6479.e.9028/click - {}
RESULT: {}
RESULT: {}
COMMAND: GET /session/dc388682b4200c5e048280db36f00fb1/screenshot - {}
RESULT: {}
]]></system-out>
    </testcase>
    <testcase classname="chrome.136_0_7103_93.windows.Billing_Transfer_-_Intracompany_US127249" name="Should manage conditions" time="74.338">
      <system-out><![CDATA[
COMMAND: POST /session/dc388682b4200c5e048280db36f00fb1/execute/async - {"script":"<script> [1562 bytes]","args":[{"selector":{"controlType":"sap.m.GenericTile","properties":{"header":"Manage Conditions & Prices"}},"wdio_ui5_key":"sapm.GenericTile{\"header\":\"Manage Conditions & Prices\"}"}]}
RESULT: {"script":"<script> [1562 bytes]","args":[{"selector":{"controlType":"sap.m.GenericTile","properties":{"header":"Manage Conditions & Prices"}},"wdio_ui5_key":"sapm.GenericTile{\"header\":\"Manage Conditions & Prices\"}"}]}
RESULT: undefined
COMMAND: POST /session/dc388682b4200c5e048280db36f00fb1/element - {"using":"xpath","value":"//*[@id=\"__tile53\"]"}
RESULT: {"using":"xpath","value":"//*[@id=\"__tile53\"]"}
COMMAND: POST /session/dc388682b4200c5e048280db36f00fb1/element/f.5DEB10E109CE1E7B94EA7693F5B1958D.d.4AD8AEBAA1C3BBC45BFC52A33F8D6479.e.6727/click - {}
RESULT: {}
COMMAND: GET /session/dc388682b4200c5e048280db36f00fb1/screenshot - {}
COMMAND: POST /session/dc388682b4200c5e048280db36f00fb1/elements - {"using":"xpath","value":"//span[text()='Error']"}
RESULT: {}
RESULT: {"using":"xpath","value":"//span[text()='Error']"}
COMMAND: POST /session/dc388682b4200c5e048280db36f00fb1/element - {"using":"xpath","value":"//button[@aria-label=\"Create\"]"}
RESULT: {"using":"xpath","value":"//button[@aria-label=\"Create\"]"}
COMMAND: POST /session/dc388682b4200c5e048280db36f00fb1/elements - {"using":"xpath","value":"//button[@aria-label=\"Create\"]"}
RESULT: {"using":"xpath","value":"//button[@aria-label=\"Create\"]"}
COMMAND: POST /session/dc388682b4200c5e048280db36f00fb1/execute/sync - {"script":"<script> [8489 bytes]","args":[{"element-6066-11e4-a52e-4f735466cecf":"f.5DEB10E109CE1E7B94EA7693F5B1958D.d.4AD8AEBAA1C3BBC45BFC52A33F8D6479.e.9903","ELEMENT":"f.5DEB10E109CE1E7B94EA7693F5B1958D.d.4AD8AEBAA1C3BBC45BFC52A33F8D6479.e.9903"}]}
RESULT: {"script":"<script> [8489 bytes]","args":[{"element-6066-11e4-a52e-4f735466cecf":"f.5DEB10E109CE1E7B94EA7693F5B1958D.d.4AD8AEBAA1C3BBC45BFC52A33F8D6479.e.9903","ELEMENT":"f.5DEB10E109CE1E7B94EA7693F5B1958D.d.4AD8AEBAA1C3BBC45BFC52A33F8D6479.e.9903"}]}
COMMAND: GET /session/dc388682b4200c5e048280db36f00fb1/element/f.5DEB10E109CE1E7B94EA7693F5B1958D.d.4AD8AEBAA1C3BBC45BFC52A33F8D6479.e.9903/enabled - {}
COMMAND: GET /session/dc388682b4200c5e048280db36f00fb1/screenshot - {}
RESULT: {}
COMMAND: POST /session/dc388682b4200c5e048280db36f00fb1/execute/sync - {"script":"<script> [8489 bytes]","args":[{"element-6066-11e4-a52e-4f735466cecf":"f.5DEB10E109CE1E7B94EA7693F5B1958D.d.4AD8AEBAA1C3BBC45BFC52A33F8D6479.e.9903","ELEMENT":"f.5DEB10E109CE1E7B94EA7693F5B1958D.d.4AD8AEBAA1C3BBC45BFC52A33F8D6479.e.9903"}]}
COMMAND: GET /session/dc388682b4200c5e048280db36f00fb1/screenshot - {}
RESULT: {}
RESULT: {"script":"<script> [8489 bytes]","args":[{"element-6066-11e4-a52e-4f735466cecf":"f.5DEB10E109CE1E7B94EA7693F5B1958D.d.4AD8AEBAA1C3BBC45BFC52A33F8D6479.e.9903","ELEMENT":"f.5DEB10E109CE1E7B94EA7693F5B1958D.d.4AD8AEBAA1C3BBC45BFC52A33F8D6479.e.9903"}]}
COMMAND: POST /session/dc388682b4200c5e048280db36f00fb1/execute/sync - {"script":"<script> [5351 bytes]","args":[{"element-6066-11e4-a52e-4f735466cecf":"f.5DEB10E109CE1E7B94EA7693F5B1958D.d.4AD8AEBAA1C3BBC45BFC52A33F8D6479.e.9903","ELEMENT":"f.5DEB10E109CE1E7B94EA7693F5B1958D.d.4AD8AEBAA1C3BBC45BFC52A33F8D6479.e.9903"}]}
COMMAND: GET /session/dc388682b4200c5e048280db36f00fb1/screenshot - {}
RESULT: {}
RESULT: {"script":"<script> [5351 bytes]","args":[{"element-6066-11e4-a52e-4f735466cecf":"f.5DEB10E109CE1E7B94EA7693F5B1958D.d.4AD8AEBAA1C3BBC45BFC52A33F8D6479.e.9903","ELEMENT":"f.5DEB10E109CE1E7B94EA7693F5B1958D.d.4AD8AEBAA1C3BBC45BFC52A33F8D6479.e.9903"}]}
COMMAND: POST /session/dc388682b4200c5e048280db36f00fb1/element/f.5DEB10E109CE1E7B94EA7693F5B1958D.d.4AD8AEBAA1C3BBC45BFC52A33F8D6479.e.9903/click - {}
COMMAND: GET /session/dc388682b4200c5e048280db36f00fb1/screenshot - {}
RESULT: {}
RESULT: {}
COMMAND: GET /session/dc388682b4200c5e048280db36f00fb1/screenshot - {}
RESULT: {}
RESULT: {}
COMMAND: POST /session/dc388682b4200c5e048280db36f00fb1/actions - {"actions":[{"id":"action35","type":"key","parameters":{},"actions":[{"type":"keyDown","value":"î€‡"},{"type":"pause","duration":10},{"type":"keyUp","value":"î€‡"}]}]}
RESULT: {"actions":[{"id":"action35","type":"key","parameters":{},"actions":[{"type":"keyDown","value":"î€‡"},{"type":"pause","duration":10},{"type":"keyUp","value":"î€‡"}]}]}
COMMAND: GET /session/dc388682b4200c5e048280db36f00fb1/screenshot - {}
RESULT: {}
COMMAND: POST /session/dc388682b4200c5e048280db36f00fb1/execute/async - {"script":"<script> [1562 bytes]","args":[{"selector":{"id":"application-manageconditionprice-display-component---newCondition--condBillCond-arrow"},"wdio_ui5_key":"applicationmanageconditionprice-display-component---newCondition--condBillCond-arrow"}]}
RESULT: {"script":"<script> [1562 bytes]","args":[{"selector":{"id":"application-manageconditionprice-display-component---newCondition--condBillCond-arrow"},"wdio_ui5_key":"applicationmanageconditionprice-display-component---newCondition--condBillCond-arrow"}]}
RESULT: undefined
COMMAND: POST /session/dc388682b4200c5e048280db36f00fb1/element - {"using":"xpath","value":"//*[@id=\"application-manageconditionprice-display-component---newCondition--condBillCond-arrow\"]"}
RESULT: {"using":"xpath","value":"//*[@id=\"application-manageconditionprice-display-component---newCondition--condBillCond-arrow\"]"}
COMMAND: POST /session/dc388682b4200c5e048280db36f00fb1/element/f.5DEB10E109CE1E7B94EA7693F5B1958D.d.4AD8AEBAA1C3BBC45BFC52A33F8D6479.e.10084/click - {}
RESULT: {}
COMMAND: GET /session/dc388682b4200c5e048280db36f00fb1/screenshot - {}
RESULT: {}
COMMAND: POST /session/dc388682b4200c5e048280db36f00fb1/element - {"using":"xpath","value":"//li[.//span[contains(text(), \"DISP - D&I special price\")]]"}
RESULT: {"using":"xpath","value":"//li[.//span[contains(text(), \"DISP - D&I special price\")]]"}
COMMAND: POST /session/dc388682b4200c5e048280db36f00fb1/element/f.5DEB10E109CE1E7B94EA7693F5B1958D.d.4AD8AEBAA1C3BBC45BFC52A33F8D6479.e.10088/click - {}
RESULT: {}
COMMAND: GET /session/dc388682b4200c5e048280db36f00fb1/screenshot - {}
RESULT: {}
COMMAND: POST /session/dc388682b4200c5e048280db36f00fb1/execute/async - {"script":"<script> [1562 bytes]","args":[{"selector":{"id":"application-manageconditionprice-display-component---newCondition--condValidTo","interaction":{"idSuffix":"inner"}},"wdio_ui5_key":"applicationmanageconditionprice-display-component---newCondition--condValidTo"}]}
RESULT: {"script":"<script> [1562 bytes]","args":[{"selector":{"id":"application-manageconditionprice-display-component---newCondition--condValidTo","interaction":{"idSuffix":"inner"}},"wdio_ui5_key":"applicationmanageconditionprice-display-component---newCondition--condValidTo"}]}
RESULT: undefined
COMMAND: POST /session/dc388682b4200c5e048280db36f00fb1/execute/async - {"script":"<script> [776 bytes]","args":[{"enterText":"1/16/26","selector":{"id":"application-manageconditionprice-display-component---newCondition--condValidTo","interaction":{"idSuffix":"inner"}},"clearTextFirst":true,"interactionType":"ENTER_TEXT"}]}
RESULT: {"script":"<script> [776 bytes]","args":[{"enterText":"1/16/26","selector":{"id":"application-manageconditionprice-display-component---newCondition--condValidTo","interaction":{"idSuffix":"inner"}},"clearTextFirst":true,"interactionType":"ENTER_TEXT"}]}
COMMAND: POST /session/dc388682b4200c5e048280db36f00fb1/element - {"using":"xpath","value":"//input[@id=\"application-manageconditionprice-display-component---newCondition--condRU-inner\"]"}
RESULT: {"using":"xpath","value":"//input[@id=\"application-manageconditionprice-display-component---newCondition--condRU-inner\"]"}
COMMAND: POST /session/dc388682b4200c5e048280db36f00fb1/element/f.5DEB10E109CE1E7B94EA7693F5B1958D.d.4AD8AEBAA1C3BBC45BFC52A33F8D6479.e.9955/clear - {}
RESULT: {}
COMMAND: POST /session/dc388682b4200c5e048280db36f00fb1/element/f.5DEB10E109CE1E7B94EA7693F5B1958D.d.4AD8AEBAA1C3BBC45BFC52A33F8D6479.e.9955/value - {"text":"IVTgP68WIh"}
COMMAND: GET /session/dc388682b4200c5e048280db36f00fb1/screenshot - {}
RESULT: {"text":"IVTgP68WIh"}
COMMAND: GET /session/dc388682b4200c5e048280db36f00fb1/screenshot - {}
RESULT: {}
RESULT: {}
COMMAND: POST /session/dc388682b4200c5e048280db36f00fb1/actions - {"actions":[{"id":"action36","type":"key","parameters":{},"actions":[{"type":"keyDown","value":"î€‡"},{"type":"pause","duration":10},{"type":"keyUp","value":"î€‡"}]}]}
RESULT: {"actions":[{"id":"action36","type":"key","parameters":{},"actions":[{"type":"keyDown","value":"î€‡"},{"type":"pause","duration":10},{"type":"keyUp","value":"î€‡"}]}]}
COMMAND: POST /session/dc388682b4200c5e048280db36f00fb1/execute/async - {"script":"<script> [1562 bytes]","args":[{"selector":{"id":"application-manageconditionprice-display-component---newCondition--condBaseQty","interaction":{"idSuffix":"inner"}},"wdio_ui5_key":"applicationmanageconditionprice-display-component---newCondition--condBaseQty"}]}
COMMAND: GET /session/dc388682b4200c5e048280db36f00fb1/screenshot - {}
RESULT: {"script":"<script> [1562 bytes]","args":[{"selector":{"id":"application-manageconditionprice-display-component---newCondition--condBaseQty","interaction":{"idSuffix":"inner"}},"wdio_ui5_key":"applicationmanageconditionprice-display-component---newCondition--condBaseQty"}]}
RESULT: undefined
COMMAND: POST /session/dc388682b4200c5e048280db36f00fb1/execute/async - {"script":"<script> [776 bytes]","args":[{"enterText":"1","selector":{"id":"application-manageconditionprice-display-component---newCondition--condBaseQty","interaction":{"idSuffix":"inner"}},"clearTextFirst":true,"interactionType":"ENTER_TEXT"}]}
RESULT: {}
RESULT: {"script":"<script> [776 bytes]","args":[{"enterText":"1","selector":{"id":"application-manageconditionprice-display-component---newCondition--condBaseQty","interaction":{"idSuffix":"inner"}},"clearTextFirst":true,"interactionType":"ENTER_TEXT"}]}
COMMAND: POST /session/dc388682b4200c5e048280db36f00fb1/execute/async - {"script":"<script> [1562 bytes]","args":[{"selector":{"id":"application-manageconditionprice-display-component---newCondition--condValue","interaction":{"idSuffix":"inner"}},"wdio_ui5_key":"applicationmanageconditionprice-display-component---newCondition--condValue"}]}
RESULT: {"script":"<script> [1562 bytes]","args":[{"selector":{"id":"application-manageconditionprice-display-component---newCondition--condValue","interaction":{"idSuffix":"inner"}},"wdio_ui5_key":"applicationmanageconditionprice-display-component---newCondition--condValue"}]}
RESULT: undefined
COMMAND: POST /session/dc388682b4200c5e048280db36f00fb1/execute/async - {"script":"<script> [776 bytes]","args":[{"enterText":"200","selector":{"id":"application-manageconditionprice-display-component---newCondition--condValue","interaction":{"idSuffix":"inner"}},"clearTextFirst":true,"interactionType":"ENTER_TEXT"}]}
RESULT: {"script":"<script> [776 bytes]","args":[{"enterText":"200","selector":{"id":"application-manageconditionprice-display-component---newCondition--condValue","interaction":{"idSuffix":"inner"}},"clearTextFirst":true,"interactionType":"ENTER_TEXT"}]}
COMMAND: POST /session/dc388682b4200c5e048280db36f00fb1/execute/async - {"script":"<script> [1562 bytes]","args":[{"selector":{"id":"application-manageconditionprice-display-component---newCondition--condCurr-arrow"},"wdio_ui5_key":"applicationmanageconditionprice-display-component---newCondition--condCurr-arrow"}]}
RESULT: {"script":"<script> [1562 bytes]","args":[{"selector":{"id":"application-manageconditionprice-display-component---newCondition--condCurr-arrow"},"wdio_ui5_key":"applicationmanageconditionprice-display-component---newCondition--condCurr-arrow"}]}
RESULT: undefined
COMMAND: POST /session/dc388682b4200c5e048280db36f00fb1/element - {"using":"xpath","value":"//*[@id=\"application-manageconditionprice-display-component---newCondition--condCurr-arrow\"]"}
RESULT: {"using":"xpath","value":"//*[@id=\"application-manageconditionprice-display-component---newCondition--condCurr-arrow\"]"}
COMMAND: POST /session/dc388682b4200c5e048280db36f00fb1/element/f.5DEB10E109CE1E7B94EA7693F5B1958D.d.4AD8AEBAA1C3BBC45BFC52A33F8D6479.e.10062/click - {}
RESULT: {}
COMMAND: POST /session/dc388682b4200c5e048280db36f00fb1/element - {"using":"xpath","value":"//span[contains(text(), \"Euro\")]"}
COMMAND: GET /session/dc388682b4200c5e048280db36f00fb1/screenshot - {}
RESULT: {"using":"xpath","value":"//span[contains(text(), \"Euro\")]"}
COMMAND: POST /session/dc388682b4200c5e048280db36f00fb1/element/f.5DEB10E109CE1E7B94EA7693F5B1958D.d.4AD8AEBAA1C3BBC45BFC52A33F8D6479.e.10123/click - {}
RESULT: {}
RESULT: {}
COMMAND: POST /session/dc388682b4200c5e048280db36f00fb1/element - {"using":"xpath","value":"//button[@data-kt=\"saveButton\"]"}
COMMAND: GET /session/dc388682b4200c5e048280db36f00fb1/screenshot - {}
RESULT: {"using":"xpath","value":"//button[@data-kt=\"saveButton\"]"}
COMMAND: POST /session/dc388682b4200c5e048280db36f00fb1/element/f.5DEB10E109CE1E7B94EA7693F5B1958D.d.4AD8AEBAA1C3BBC45BFC52A33F8D6479.e.10063/click - {}
RESULT: {}
RESULT: {}
COMMAND: GET /session/dc388682b4200c5e048280db36f00fb1/screenshot - {}
RESULT: {}
COMMAND: POST /session/dc388682b4200c5e048280db36f00fb1/execute/async - {"script":"<script> [1562 bytes]","args":[{"selector":{"id":"application-manageconditionprice-display-component---conditions--smartFilterBar-btnBasicSearch","interaction":{"idSuffix":"I"}},"wdio_ui5_key":"applicationmanageconditionprice-display-component---conditions--smartFilterBar-btnBasicSearch"}]}
RESULT: {"script":"<script> [1562 bytes]","args":[{"selector":{"id":"application-manageconditionprice-display-component---conditions--smartFilterBar-btnBasicSearch","interaction":{"idSuffix":"I"}},"wdio_ui5_key":"applicationmanageconditionprice-display-component---conditions--smartFilterBar-btnBasicSearch"}]}
RESULT: undefined
COMMAND: POST /session/dc388682b4200c5e048280db36f00fb1/execute/async - {"script":"<script> [776 bytes]","args":[{"enterText":"IVTgP68WIh","selector":{"id":"application-manageconditionprice-display-component---conditions--smartFilterBar-btnBasicSearch","interaction":{"idSuffix":"I"}},"clearTextFirst":true,"interactionType":"ENTER_TEXT"}]}
RESULT: {"script":"<script> [776 bytes]","args":[{"enterText":"IVTgP68WIh","selector":{"id":"application-manageconditionprice-display-component---conditions--smartFilterBar-btnBasicSearch","interaction":{"idSuffix":"I"}},"clearTextFirst":true,"interactionType":"ENTER_TEXT"}]}
COMMAND: POST /session/dc388682b4200c5e048280db36f00fb1/actions - {"actions":[{"id":"action37","type":"key","parameters":{},"actions":[{"type":"keyDown","value":"î€‡"},{"type":"pause","duration":10},{"type":"keyUp","value":"î€‡"}]}]}
RESULT: {"actions":[{"id":"action37","type":"key","parameters":{},"actions":[{"type":"keyDown","value":"î€‡"},{"type":"pause","duration":10},{"type":"keyUp","value":"î€‡"}]}]}
COMMAND: GET /session/dc388682b4200c5e048280db36f00fb1/screenshot - {}
RESULT: {}
COMMAND: POST /session/dc388682b4200c5e048280db36f00fb1/execute/async - {"script":"<script> [1562 bytes]","args":[{"selector":{"id":"application-manageconditionprice-display-component---conditions--smartFilterBar-filterItemControl_BASIC-BILL_TYPES-vhi"},"wdio_ui5_key":"applicationmanageconditionprice-display-component---conditions--smartFilterBar-filterItemControl_BASIC-BILL_TYPES-vhi"}]}
RESULT: {"script":"<script> [1562 bytes]","args":[{"selector":{"id":"application-manageconditionprice-display-component---conditions--smartFilterBar-filterItemControl_BASIC-BILL_TYPES-vhi"},"wdio_ui5_key":"applicationmanageconditionprice-display-component---conditions--smartFilterBar-filterItemControl_BASIC-BILL_TYPES-vhi"}]}
RESULT: undefined
COMMAND: POST /session/dc388682b4200c5e048280db36f00fb1/element - {"using":"xpath","value":"//*[@id=\"application-manageconditionprice-display-component---conditions--smartFilterBar-filterItemControl_BASIC-BILL_TYPES-vhi\"]"}
RESULT: {"using":"xpath","value":"//*[@id=\"application-manageconditionprice-display-component---conditions--smartFilterBar-filterItemControl_BASIC-BILL_TYPES-vhi\"]"}
COMMAND: POST /session/dc388682b4200c5e048280db36f00fb1/element/f.5DEB10E109CE1E7B94EA7693F5B1958D.d.4AD8AEBAA1C3BBC45BFC52A33F8D6479.e.10230/click - {}
RESULT: {}
COMMAND: POST /session/dc388682b4200c5e048280db36f00fb1/execute/async - {"script":"<script> [1562 bytes]","args":[{"selector":{"id":"application-manageconditionprice-display-component---conditions--smartFilterBar-filterItemControl_BASIC-BILL_TYPES-valueHelpDialog-smartFilterBar-btnBasicSearch","searchOpenDialogs":true,"interaction":{"idSuffix":"I"}},"wdio_ui5_key":"applicationmanageconditionprice-display-component---conditions--smartFilterBar-filterItemControl_BASIC-BILL_TYPES-valueHelpDialog-smartFilterBar-btnBasicSearch"}]}
COMMAND: GET /session/dc388682b4200c5e048280db36f00fb1/screenshot - {}
RESULT: {"script":"<script> [1562 bytes]","args":[{"selector":{"id":"application-manageconditionprice-display-component---conditions--smartFilterBar-filterItemControl_BASIC-BILL_TYPES-valueHelpDialog-smartFilterBar-btnBasicSearch","searchOpenDialogs":true,"interaction":{"idSuffix":"I"}},"wdio_ui5_key":"applicationmanageconditionprice-display-component---conditions--smartFilterBar-filterItemControl_BASIC-BILL_TYPES-valueHelpDialog-smartFilterBar-btnBasicSearch"}]}
RESULT: undefined
COMMAND: POST /session/dc388682b4200c5e048280db36f00fb1/execute/async - {"script":"<script> [776 bytes]","args":[{"enterText":"TB","selector":{"id":"application-manageconditionprice-display-component---conditions--smartFilterBar-filterItemControl_BASIC-BILL_TYPES-valueHelpDialog-smartFilterBar-btnBasicSearch","searchOpenDialogs":true,"interaction":{"idSuffix":"I"}},"clearTextFirst":true,"interactionType":"ENTER_TEXT"}]}
RESULT: {}
RESULT: {"script":"<script> [776 bytes]","args":[{"enterText":"TB","selector":{"id":"application-manageconditionprice-display-component---conditions--smartFilterBar-filterItemControl_BASIC-BILL_TYPES-valueHelpDialog-smartFilterBar-btnBasicSearch","searchOpenDialogs":true,"interaction":{"idSuffix":"I"}},"clearTextFirst":true,"interactionType":"ENTER_TEXT"}]}
COMMAND: POST /session/dc388682b4200c5e048280db36f00fb1/actions - {"actions":[{"id":"action38","type":"key","parameters":{},"actions":[{"type":"keyDown","value":"î€‡"},{"type":"pause","duration":10},{"type":"keyUp","value":"î€‡"}]}]}
RESULT: {"actions":[{"id":"action38","type":"key","parameters":{},"actions":[{"type":"keyDown","value":"î€‡"},{"type":"pause","duration":10},{"type":"keyUp","value":"î€‡"}]}]}
COMMAND: GET /session/dc388682b4200c5e048280db36f00fb1/screenshot - {}
RESULT: {}
COMMAND: POST /session/dc388682b4200c5e048280db36f00fb1/element - {"using":"xpath","value":"//div[contains(@id, 'application-manageconditionprice-display-component---conditions--smartFilterBar-filterItemControl_BASIC-BILL_TYPES-valueHelpDialog-table-rowsel0')]"}
RESULT: {"using":"xpath","value":"//div[contains(@id, 'application-manageconditionprice-display-component---conditions--smartFilterBar-filterItemControl_BASIC-BILL_TYPES-valueHelpDialog-table-rowsel0')]"}
COMMAND: POST /session/dc388682b4200c5e048280db36f00fb1/element/f.5DEB10E109CE1E7B94EA7693F5B1958D.d.4AD8AEBAA1C3BBC45BFC52A33F8D6479.e.10239/click - {}
RESULT: {}
COMMAND: GET /session/dc388682b4200c5e048280db36f00fb1/screenshot - {}
RESULT: {}
COMMAND: POST /session/dc388682b4200c5e048280db36f00fb1/element - {"using":"xpath","value":"//bdi[contains(text(), \"OK\")]"}
RESULT: {"using":"xpath","value":"//bdi[contains(text(), \"OK\")]"}
COMMAND: POST /session/dc388682b4200c5e048280db36f00fb1/element/f.5DEB10E109CE1E7B94EA7693F5B1958D.d.4AD8AEBAA1C3BBC45BFC52A33F8D6479.e.10241/click - {}
RESULT: {}
COMMAND: GET /session/dc388682b4200c5e048280db36f00fb1/screenshot - {}
RESULT: {}
COMMAND: POST /session/dc388682b4200c5e048280db36f00fb1/element - {"using":"xpath","value":"//span[@id=\"application-manageconditionprice-display-component---conditions--smartTable-header-inner\"]"}
RESULT: {"using":"xpath","value":"//span[@id=\"application-manageconditionprice-display-component---conditions--smartTable-header-inner\"]"}
COMMAND: POST /session/dc388682b4200c5e048280db36f00fb1/elements - {"using":"xpath","value":"//span[@id=\"application-manageconditionprice-display-component---conditions--smartTable-header-inner\"]"}
RESULT: {"using":"xpath","value":"//span[@id=\"application-manageconditionprice-display-component---conditions--smartTable-header-inner\"]"}
COMMAND: POST /session/dc388682b4200c5e048280db36f00fb1/execute/sync - {"script":"<script> [56 bytes]","args":[{"element-6066-11e4-a52e-4f735466cecf":"f.5DEB10E109CE1E7B94EA7693F5B1958D.d.4AD8AEBAA1C3BBC45BFC52A33F8D6479.e.10244","ELEMENT":"f.5DEB10E109CE1E7B94EA7693F5B1958D.d.4AD8AEBAA1C3BBC45BFC52A33F8D6479.e.10244"}]}
RESULT: {"script":"<script> [56 bytes]","args":[{"element-6066-11e4-a52e-4f735466cecf":"f.5DEB10E109CE1E7B94EA7693F5B1958D.d.4AD8AEBAA1C3BBC45BFC52A33F8D6479.e.10244","ELEMENT":"f.5DEB10E109CE1E7B94EA7693F5B1958D.d.4AD8AEBAA1C3BBC45BFC52A33F8D6479.e.10244"}]}
COMMAND: POST /session/dc388682b4200c5e048280db36f00fb1/element - {"using":"css selector","value":"#shell-header-logo"}
COMMAND: GET /session/dc388682b4200c5e048280db36f00fb1/screenshot - {}
RESULT: {"using":"css selector","value":"#shell-header-logo"}
COMMAND: POST /session/dc388682b4200c5e048280db36f00fb1/element/f.5DEB10E109CE1E7B94EA7693F5B1958D.d.4AD8AEBAA1C3BBC45BFC52A33F8D6479.e.9870/click - {}
RESULT: {}
RESULT: {}
COMMAND: GET /session/dc388682b4200c5e048280db36f00fb1/screenshot - {}
RESULT: {}
]]></system-out>
    </testcase>
    <testcase classname="chrome.136_0_7103_93.windows.Billing_Transfer_-_Intracompany_US127249" name="Should do a stock increase handover" time="97.238">
      <system-out><![CDATA[
COMMAND: POST /session/dc388682b4200c5e048280db36f00fb1/execute/async - {"script":"<script> [1562 bytes]","args":[{"selector":{"controlType":"sap.m.GenericTile","properties":{"header":"Manage Handovers"}},"wdio_ui5_key":"sapm.GenericTile{\"header\":\"Manage Handovers\"}"}]}
RESULT: {"script":"<script> [1562 bytes]","args":[{"selector":{"controlType":"sap.m.GenericTile","properties":{"header":"Manage Handovers"}},"wdio_ui5_key":"sapm.GenericTile{\"header\":\"Manage Handovers\"}"}]}
RESULT: undefined
COMMAND: POST /session/dc388682b4200c5e048280db36f00fb1/element - {"using":"xpath","value":"//*[@id=\"__tile131\"]"}
RESULT: {"using":"xpath","value":"//*[@id=\"__tile131\"]"}
COMMAND: POST /session/dc388682b4200c5e048280db36f00fb1/element/f.5DEB10E109CE1E7B94EA7693F5B1958D.d.4AD8AEBAA1C3BBC45BFC52A33F8D6479.e.6751/click - {}
RESULT: {}
COMMAND: GET /session/dc388682b4200c5e048280db36f00fb1/screenshot - {}
COMMAND: POST /session/dc388682b4200c5e048280db36f00fb1/elements - {"using":"xpath","value":"//span[text()='Error']"}
RESULT: {}
RESULT: {"using":"xpath","value":"//span[text()='Error']"}
COMMAND: POST /session/dc388682b4200c5e048280db36f00fb1/element - {"using":"xpath","value":"//button[@data-kt=\"masterHOAddButton\"]"}
RESULT: {"using":"xpath","value":"//button[@data-kt=\"masterHOAddButton\"]"}
COMMAND: POST /session/dc388682b4200c5e048280db36f00fb1/elements - {"using":"xpath","value":"//button[@data-kt=\"masterHOAddButton\"]"}
RESULT: {"using":"xpath","value":"//button[@data-kt=\"masterHOAddButton\"]"}
COMMAND: POST /session/dc388682b4200c5e048280db36f00fb1/elements - {"using":"xpath","value":"//button[@data-kt=\"masterHOAddButton\"]"}
RESULT: {"using":"xpath","value":"//button[@data-kt=\"masterHOAddButton\"]"}
COMMAND: POST /session/dc388682b4200c5e048280db36f00fb1/element - {"using":"xpath","value":"//button[@data-kt=\"masterHOAddButton\"]"}
RESULT: {"using":"xpath","value":"//button[@data-kt=\"masterHOAddButton\"]"}
COMMAND: POST /session/dc388682b4200c5e048280db36f00fb1/execute/sync - {"script":"<script> [8489 bytes]","args":[{"element-6066-11e4-a52e-4f735466cecf":"f.5DEB10E109CE1E7B94EA7693F5B1958D.d.4AD8AEBAA1C3BBC45BFC52A33F8D6479.e.10287","ELEMENT":"f.5DEB10E109CE1E7B94EA7693F5B1958D.d.4AD8AEBAA1C3BBC45BFC52A33F8D6479.e.10287"}]}
RESULT: {"script":"<script> [8489 bytes]","args":[{"element-6066-11e4-a52e-4f735466cecf":"f.5DEB10E109CE1E7B94EA7693F5B1958D.d.4AD8AEBAA1C3BBC45BFC52A33F8D6479.e.10287","ELEMENT":"f.5DEB10E109CE1E7B94EA7693F5B1958D.d.4AD8AEBAA1C3BBC45BFC52A33F8D6479.e.10287"}]}
COMMAND: GET /session/dc388682b4200c5e048280db36f00fb1/element/f.5DEB10E109CE1E7B94EA7693F5B1958D.d.4AD8AEBAA1C3BBC45BFC52A33F8D6479.e.10287/enabled - {}
COMMAND: GET /session/dc388682b4200c5e048280db36f00fb1/screenshot - {}
RESULT: {}
COMMAND: POST /session/dc388682b4200c5e048280db36f00fb1/execute/sync - {"script":"<script> [8489 bytes]","args":[{"element-6066-11e4-a52e-4f735466cecf":"f.5DEB10E109CE1E7B94EA7693F5B1958D.d.4AD8AEBAA1C3BBC45BFC52A33F8D6479.e.10287","ELEMENT":"f.5DEB10E109CE1E7B94EA7693F5B1958D.d.4AD8AEBAA1C3BBC45BFC52A33F8D6479.e.10287"}]}
COMMAND: GET /session/dc388682b4200c5e048280db36f00fb1/screenshot - {}
RESULT: {}
RESULT: {"script":"<script> [8489 bytes]","args":[{"element-6066-11e4-a52e-4f735466cecf":"f.5DEB10E109CE1E7B94EA7693F5B1958D.d.4AD8AEBAA1C3BBC45BFC52A33F8D6479.e.10287","ELEMENT":"f.5DEB10E109CE1E7B94EA7693F5B1958D.d.4AD8AEBAA1C3BBC45BFC52A33F8D6479.e.10287"}]}
COMMAND: POST /session/dc388682b4200c5e048280db36f00fb1/execute/sync - {"script":"<script> [5351 bytes]","args":[{"element-6066-11e4-a52e-4f735466cecf":"f.5DEB10E109CE1E7B94EA7693F5B1958D.d.4AD8AEBAA1C3BBC45BFC52A33F8D6479.e.10287","ELEMENT":"f.5DEB10E109CE1E7B94EA7693F5B1958D.d.4AD8AEBAA1C3BBC45BFC52A33F8D6479.e.10287"}]}
COMMAND: GET /session/dc388682b4200c5e048280db36f00fb1/screenshot - {}
RESULT: {}
RESULT: {"script":"<script> [5351 bytes]","args":[{"element-6066-11e4-a52e-4f735466cecf":"f.5DEB10E109CE1E7B94EA7693F5B1958D.d.4AD8AEBAA1C3BBC45BFC52A33F8D6479.e.10287","ELEMENT":"f.5DEB10E109CE1E7B94EA7693F5B1958D.d.4AD8AEBAA1C3BBC45BFC52A33F8D6479.e.10287"}]}
COMMAND: POST /session/dc388682b4200c5e048280db36f00fb1/element/f.5DEB10E109CE1E7B94EA7693F5B1958D.d.4AD8AEBAA1C3BBC45BFC52A33F8D6479.e.10287/click - {}
COMMAND: GET /session/dc388682b4200c5e048280db36f00fb1/screenshot - {}
RESULT: {}
RESULT: {}
COMMAND: GET /session/dc388682b4200c5e048280db36f00fb1/screenshot - {}
COMMAND: POST /session/dc388682b4200c5e048280db36f00fb1/element - {"using":"xpath","value":"//span[contains(@id ,\"AddNewHO--typeSelect-arrow\")]"}
RESULT: {}
RESULT: {}
RESULT: {"using":"xpath","value":"//span[contains(@id ,\"AddNewHO--typeSelect-arrow\")]"}
COMMAND: POST /session/dc388682b4200c5e048280db36f00fb1/element/f.5DEB10E109CE1E7B94EA7693F5B1958D.d.4AD8AEBAA1C3BBC45BFC52A33F8D6479.e.10620/click - {}
RESULT: {}
COMMAND: GET /session/dc388682b4200c5e048280db36f00fb1/screenshot - {}
RESULT: {}
COMMAND: POST /session/dc388682b4200c5e048280db36f00fb1/element - {"using":"xpath","value":"(//li[contains(text(), \"stock increase yard\")])[1]"}
RESULT: {"using":"xpath","value":"(//li[contains(text(), \"stock increase yard\")])[1]"}
COMMAND: POST /session/dc388682b4200c5e048280db36f00fb1/element/f.5DEB10E109CE1E7B94EA7693F5B1958D.d.4AD8AEBAA1C3BBC45BFC52A33F8D6479.e.10621/click - {}
RESULT: {}
COMMAND: GET /session/dc388682b4200c5e048280db36f00fb1/screenshot - {}
RESULT: {}
COMMAND: POST /session/dc388682b4200c5e048280db36f00fb1/execute/async - {"script":"<script> [1562 bytes]","args":[{"selector":{"id":"application-managehandovers-display-component---AddNewHO--dueDate","interaction":{"idSuffix":"inner"}},"wdio_ui5_key":"applicationmanagehandovers-display-component---AddNewHO--dueDate"}]}
RESULT: {"script":"<script> [1562 bytes]","args":[{"selector":{"id":"application-managehandovers-display-component---AddNewHO--dueDate","interaction":{"idSuffix":"inner"}},"wdio_ui5_key":"applicationmanagehandovers-display-component---AddNewHO--dueDate"}]}
RESULT: undefined
COMMAND: POST /session/dc388682b4200c5e048280db36f00fb1/execute/async - {"script":"<script> [6424 bytes]","args":[{"element-6066-11e4-a52e-4f735466cecf":"f.5DEB10E109CE1E7B94EA7693F5B1958D.d.4AD8AEBAA1C3BBC45BFC52A33F8D6479.e.10625"},"setValue",["5/16/25"]]}
RESULT: {"script":"<script> [6424 bytes]","args":[{"element-6066-11e4-a52e-4f735466cecf":"f.5DEB10E109CE1E7B94EA7693F5B1958D.d.4AD8AEBAA1C3BBC45BFC52A33F8D6479.e.10625"},"setValue",["5/16/25"]]}
COMMAND: POST /session/dc388682b4200c5e048280db36f00fb1/element - {"using":"xpath","value":"//input[@id=\"generalSectionFrg--receiveYard-inner\"]"}
RESULT: {"using":"xpath","value":"//input[@id=\"generalSectionFrg--receiveYard-inner\"]"}
COMMAND: POST /session/dc388682b4200c5e048280db36f00fb1/element/f.5DEB10E109CE1E7B94EA7693F5B1958D.d.4AD8AEBAA1C3BBC45BFC52A33F8D6479.e.10629/clear - {}
RESULT: {}
COMMAND: POST /session/dc388682b4200c5e048280db36f00fb1/element/f.5DEB10E109CE1E7B94EA7693F5B1958D.d.4AD8AEBAA1C3BBC45BFC52A33F8D6479.e.10629/value - {"text":"437"}
COMMAND: GET /session/dc388682b4200c5e048280db36f00fb1/screenshot - {}
RESULT: {"text":"437"}
COMMAND: GET /session/dc388682b4200c5e048280db36f00fb1/screenshot - {}
RESULT: {}
RESULT: {}
COMMAND: POST /session/dc388682b4200c5e048280db36f00fb1/element - {"using":"xpath","value":"//li[.//span[text()='437']]"}
RESULT: {"using":"xpath","value":"//li[.//span[text()='437']]"}
COMMAND: POST /session/dc388682b4200c5e048280db36f00fb1/element/f.5DEB10E109CE1E7B94EA7693F5B1958D.d.4AD8AEBAA1C3BBC45BFC52A33F8D6479.e.10645/click - {}
RESULT: {}
COMMAND: GET /session/dc388682b4200c5e048280db36f00fb1/screenshot - {}
RESULT: {}
COMMAND: POST /session/dc388682b4200c5e048280db36f00fb1/execute/async - {"script":"<script> [1562 bytes]","args":[{"selector":{"id":"application-managehandovers-display-component---AddNewHO--ObjectPageLayout-anchBar-application-managehandovers-display-component---AddNewHO--section4-anchor","interaction":{"idSuffix":"BDI-content"}},"wdio_ui5_key":"applicationmanagehandovers-display-component---AddNewHO--ObjectPageLayout-anchBar-application-managehandovers-display-component---AddNewHO--section4-anchor"}]}
RESULT: {"script":"<script> [1562 bytes]","args":[{"selector":{"id":"application-managehandovers-display-component---AddNewHO--ObjectPageLayout-anchBar-application-managehandovers-display-component---AddNewHO--section4-anchor","interaction":{"idSuffix":"BDI-content"}},"wdio_ui5_key":"applicationmanagehandovers-display-component---AddNewHO--ObjectPageLayout-anchBar-application-managehandovers-display-component---AddNewHO--section4-anchor"}]}
RESULT: undefined
COMMAND: POST /session/dc388682b4200c5e048280db36f00fb1/element - {"using":"xpath","value":"//*[@id=\"application-managehandovers-display-component---AddNewHO--ObjectPageLayout-anchBar-application-managehandovers-display-component---AddNewHO--section4-anchor\"]"}
RESULT: {"using":"xpath","value":"//*[@id=\"application-managehandovers-display-component---AddNewHO--ObjectPageLayout-anchBar-application-managehandovers-display-component---AddNewHO--section4-anchor\"]"}
COMMAND: POST /session/dc388682b4200c5e048280db36f00fb1/element/f.5DEB10E109CE1E7B94EA7693F5B1958D.d.4AD8AEBAA1C3BBC45BFC52A33F8D6479.e.10647/click - {}
RESULT: {}
COMMAND: POST /session/dc388682b4200c5e048280db36f00fb1/element - {"using":"xpath","value":"//button[@aria-label=\"Add\"]"}
COMMAND: GET /session/dc388682b4200c5e048280db36f00fb1/screenshot - {}
RESULT: {"using":"xpath","value":"//button[@aria-label=\"Add\"]"}
COMMAND: POST /session/dc388682b4200c5e048280db36f00fb1/element/f.5DEB10E109CE1E7B94EA7693F5B1958D.d.4AD8AEBAA1C3BBC45BFC52A33F8D6479.e.10649/click - {}
RESULT: {}
RESULT: {}
COMMAND: GET /session/dc388682b4200c5e048280db36f00fb1/screenshot - {}
RESULT: {}
COMMAND: POST /session/dc388682b4200c5e048280db36f00fb1/execute/async - {"script":"<script> [1562 bytes]","args":[{"selector":{"id":"application-managehandovers-display-component---AddNewHO--smartFilterBar-btnBasicSearch","searchOpenDialogs":true,"interaction":{"idSuffix":"I"}},"wdio_ui5_key":"applicationmanagehandovers-display-component---AddNewHO--smartFilterBar-btnBasicSearch"}]}
RESULT: {"script":"<script> [1562 bytes]","args":[{"selector":{"id":"application-managehandovers-display-component---AddNewHO--smartFilterBar-btnBasicSearch","searchOpenDialogs":true,"interaction":{"idSuffix":"I"}},"wdio_ui5_key":"applicationmanagehandovers-display-component---AddNewHO--smartFilterBar-btnBasicSearch"}]}
RESULT: undefined
COMMAND: POST /session/dc388682b4200c5e048280db36f00fb1/execute/async - {"script":"<script> [776 bytes]","args":[{"enterText":"IVTgP68WIh","selector":{"id":"application-managehandovers-display-component---AddNewHO--smartFilterBar-btnBasicSearch","searchOpenDialogs":true,"interaction":{"idSuffix":"I"}},"clearTextFirst":true,"interactionType":"ENTER_TEXT"}]}
RESULT: {"script":"<script> [776 bytes]","args":[{"enterText":"IVTgP68WIh","selector":{"id":"application-managehandovers-display-component---AddNewHO--smartFilterBar-btnBasicSearch","searchOpenDialogs":true,"interaction":{"idSuffix":"I"}},"clearTextFirst":true,"interactionType":"ENTER_TEXT"}]}
COMMAND: POST /session/dc388682b4200c5e048280db36f00fb1/actions - {"actions":[{"id":"action39","type":"key","parameters":{},"actions":[{"type":"keyDown","value":"î€‡"},{"type":"pause","duration":10},{"type":"keyUp","value":"î€‡"}]}]}
RESULT: {"actions":[{"id":"action39","type":"key","parameters":{},"actions":[{"type":"keyDown","value":"î€‡"},{"type":"pause","duration":10},{"type":"keyUp","value":"î€‡"}]}]}
COMMAND: GET /session/dc388682b4200c5e048280db36f00fb1/screenshot - {}
RESULT: {}
COMMAND: POST /session/dc388682b4200c5e048280db36f00fb1/execute/async - {"script":"<script> [1562 bytes]","args":[{"selector":{"id":"application-managehandovers-display-component---AddNewHO--popup-sa","searchOpenDialogs":true,"interaction":{"idSuffix":"CbBg"}},"wdio_ui5_key":"applicationmanagehandovers-display-component---AddNewHO--popup-sa"}]}
RESULT: {"script":"<script> [1562 bytes]","args":[{"selector":{"id":"application-managehandovers-display-component---AddNewHO--popup-sa","searchOpenDialogs":true,"interaction":{"idSuffix":"CbBg"}},"wdio_ui5_key":"applicationmanagehandovers-display-component---AddNewHO--popup-sa"}]}
RESULT: undefined
COMMAND: POST /session/dc388682b4200c5e048280db36f00fb1/element - {"using":"xpath","value":"//*[@id=\"application-managehandovers-display-component---AddNewHO--popup-sa\"]"}
RESULT: {"using":"xpath","value":"//*[@id=\"application-managehandovers-display-component---AddNewHO--popup-sa\"]"}
COMMAND: POST /session/dc388682b4200c5e048280db36f00fb1/element/f.5DEB10E109CE1E7B94EA7693F5B1958D.d.4AD8AEBAA1C3BBC45BFC52A33F8D6479.e.10801/click - {}
RESULT: {}
COMMAND: GET /session/dc388682b4200c5e048280db36f00fb1/screenshot - {}
RESULT: {}
COMMAND: POST /session/dc388682b4200c5e048280db36f00fb1/element - {"using":"xpath","value":"//bdi[contains(text(), \"Select\")]"}
RESULT: {"using":"xpath","value":"//bdi[contains(text(), \"Select\")]"}
COMMAND: POST /session/dc388682b4200c5e048280db36f00fb1/element/f.5DEB10E109CE1E7B94EA7693F5B1958D.d.4AD8AEBAA1C3BBC45BFC52A33F8D6479.e.10802/click - {}
RESULT: {}
COMMAND: GET /session/dc388682b4200c5e048280db36f00fb1/screenshot - {}
RESULT: {}
COMMAND: POST /session/dc388682b4200c5e048280db36f00fb1/element - {"using":"xpath","value":"//button[@data-kt=\"AddNewHOSaveButton\"]"}
RESULT: {"using":"xpath","value":"//button[@data-kt=\"AddNewHOSaveButton\"]"}
COMMAND: POST /session/dc388682b4200c5e048280db36f00fb1/element/f.5DEB10E109CE1E7B94EA7693F5B1958D.d.4AD8AEBAA1C3BBC45BFC52A33F8D6479.e.10806/click - {}
RESULT: {}
COMMAND: GET /session/dc388682b4200c5e048280db36f00fb1/screenshot - {}
RESULT: {}
COMMAND: POST /session/dc388682b4200c5e048280db36f00fb1/execute/async - {"script":"<script> [1562 bytes]","args":[{"selector":{"id":"receiptDatePicker","viewName":"etm.portal.ui.managehandovers.view.DetailExecuteHO","interaction":{"idSuffix":"inner"}},"wdio_ui5_key":"receiptDatePickeretmportal.ui.managehandovers.view.DetailExecuteHO"}]}
RESULT: {"script":"<script> [1562 bytes]","args":[{"selector":{"id":"receiptDatePicker","viewName":"etm.portal.ui.managehandovers.view.DetailExecuteHO","interaction":{"idSuffix":"inner"}},"wdio_ui5_key":"receiptDatePickeretmportal.ui.managehandovers.view.DetailExecuteHO"}]}
RESULT: undefined
COMMAND: POST /session/dc388682b4200c5e048280db36f00fb1/execute/async - {"script":"<script> [6424 bytes]","args":[{"element-6066-11e4-a52e-4f735466cecf":"f.5DEB10E109CE1E7B94EA7693F5B1958D.d.4AD8AEBAA1C3BBC45BFC52A33F8D6479.e.10825"},"setValue",["5/16/25"]]}
RESULT: {"script":"<script> [6424 bytes]","args":[{"element-6066-11e4-a52e-4f735466cecf":"f.5DEB10E109CE1E7B94EA7693F5B1958D.d.4AD8AEBAA1C3BBC45BFC52A33F8D6479.e.10825"},"setValue",["5/16/25"]]}
COMMAND: POST /session/dc388682b4200c5e048280db36f00fb1/element - {"using":"xpath","value":"//button[@data-kt=\"PickingTableConfirmAllButton\"]"}
RESULT: {"using":"xpath","value":"//button[@data-kt=\"PickingTableConfirmAllButton\"]"}
COMMAND: POST /session/dc388682b4200c5e048280db36f00fb1/element/f.5DEB10E109CE1E7B94EA7693F5B1958D.d.4AD8AEBAA1C3BBC45BFC52A33F8D6479.e.10840/click - {}
RESULT: {}
COMMAND: GET /session/dc388682b4200c5e048280db36f00fb1/screenshot - {}
RESULT: {}
COMMAND: POST /session/dc388682b4200c5e048280db36f00fb1/element - {"using":"xpath","value":"//bdi[contains(text(), \"OK\")]"}
RESULT: {"using":"xpath","value":"//bdi[contains(text(), \"OK\")]"}
COMMAND: POST /session/dc388682b4200c5e048280db36f00fb1/element/f.5DEB10E109CE1E7B94EA7693F5B1958D.d.4AD8AEBAA1C3BBC45BFC52A33F8D6479.e.10842/click - {}
RESULT: {}
COMMAND: GET /session/dc388682b4200c5e048280db36f00fb1/screenshot - {}
RESULT: {}
COMMAND: POST /session/dc388682b4200c5e048280db36f00fb1/element - {"using":"xpath","value":"(//bdi[contains(text(), \"Receive\")])[2]"}
RESULT: {"using":"xpath","value":"(//bdi[contains(text(), \"Receive\")])[2]"}
COMMAND: POST /session/dc388682b4200c5e048280db36f00fb1/element/f.5DEB10E109CE1E7B94EA7693F5B1958D.d.4AD8AEBAA1C3BBC45BFC52A33F8D6479.e.10844/click - {}
RESULT: {}
COMMAND: GET /session/dc388682b4200c5e048280db36f00fb1/screenshot - {}
RESULT: {}
COMMAND: POST /session/dc388682b4200c5e048280db36f00fb1/element - {"using":"css selector","value":"#shell-header-logo"}
RESULT: {"using":"css selector","value":"#shell-header-logo"}
COMMAND: POST /session/dc388682b4200c5e048280db36f00fb1/element/f.5DEB10E109CE1E7B94EA7693F5B1958D.d.4AD8AEBAA1C3BBC45BFC52A33F8D6479.e.10250/click - {}
RESULT: {}
COMMAND: GET /session/dc388682b4200c5e048280db36f00fb1/screenshot - {}
RESULT: {}
]]></system-out>
    </testcase>
    <testcase classname="chrome.136_0_7103_93.windows.Billing_Transfer_-_Intracompany_US127249" name="Should create a new contract" time="66.169">
      <system-out><![CDATA[
COMMAND: POST /session/dc388682b4200c5e048280db36f00fb1/execute/async - {"script":"<script> [1562 bytes]","args":[{"selector":{"controlType":"sap.m.GenericTile","properties":{"header":"Manage Contracts"}},"wdio_ui5_key":"sapm.GenericTile{\"header\":\"Manage Contracts\"}"}]}
RESULT: {"script":"<script> [1562 bytes]","args":[{"selector":{"controlType":"sap.m.GenericTile","properties":{"header":"Manage Contracts"}},"wdio_ui5_key":"sapm.GenericTile{\"header\":\"Manage Contracts\"}"}]}
RESULT: undefined
COMMAND: POST /session/dc388682b4200c5e048280db36f00fb1/element - {"using":"xpath","value":"//*[@id=\"__tile132\"]"}
RESULT: {"using":"xpath","value":"//*[@id=\"__tile132\"]"}
COMMAND: POST /session/dc388682b4200c5e048280db36f00fb1/element/f.5DEB10E109CE1E7B94EA7693F5B1958D.d.4AD8AEBAA1C3BBC45BFC52A33F8D6479.e.6696/click - {}
RESULT: {}
COMMAND: GET /session/dc388682b4200c5e048280db36f00fb1/screenshot - {}
RESULT: {}
COMMAND: POST /session/dc388682b4200c5e048280db36f00fb1/elements - {"using":"xpath","value":"//span[text()='Error']"}
RESULT: {"using":"xpath","value":"//span[text()='Error']"}
COMMAND: POST /session/dc388682b4200c5e048280db36f00fb1/element - {"using":"xpath","value":"//button[@data-kt=\"addButton\"]"}
RESULT: {"using":"xpath","value":"//button[@data-kt=\"addButton\"]"}
COMMAND: POST /session/dc388682b4200c5e048280db36f00fb1/elements - {"using":"xpath","value":"//button[@data-kt=\"addButton\"]"}
RESULT: {"using":"xpath","value":"//button[@data-kt=\"addButton\"]"}
COMMAND: POST /session/dc388682b4200c5e048280db36f00fb1/execute/sync - {"script":"<script> [8489 bytes]","args":[{"element-6066-11e4-a52e-4f735466cecf":"f.5DEB10E109CE1E7B94EA7693F5B1958D.d.4AD8AEBAA1C3BBC45BFC52A33F8D6479.e.11055","ELEMENT":"f.5DEB10E109CE1E7B94EA7693F5B1958D.d.4AD8AEBAA1C3BBC45BFC52A33F8D6479.e.11055"}]}
RESULT: {"script":"<script> [8489 bytes]","args":[{"element-6066-11e4-a52e-4f735466cecf":"f.5DEB10E109CE1E7B94EA7693F5B1958D.d.4AD8AEBAA1C3BBC45BFC52A33F8D6479.e.11055","ELEMENT":"f.5DEB10E109CE1E7B94EA7693F5B1958D.d.4AD8AEBAA1C3BBC45BFC52A33F8D6479.e.11055"}]}
COMMAND: GET /session/dc388682b4200c5e048280db36f00fb1/element/f.5DEB10E109CE1E7B94EA7693F5B1958D.d.4AD8AEBAA1C3BBC45BFC52A33F8D6479.e.11055/enabled - {}
COMMAND: GET /session/dc388682b4200c5e048280db36f00fb1/screenshot - {}
RESULT: {}
COMMAND: POST /session/dc388682b4200c5e048280db36f00fb1/execute/sync - {"script":"<script> [8489 bytes]","args":[{"element-6066-11e4-a52e-4f735466cecf":"f.5DEB10E109CE1E7B94EA7693F5B1958D.d.4AD8AEBAA1C3BBC45BFC52A33F8D6479.e.11055","ELEMENT":"f.5DEB10E109CE1E7B94EA7693F5B1958D.d.4AD8AEBAA1C3BBC45BFC52A33F8D6479.e.11055"}]}
COMMAND: GET /session/dc388682b4200c5e048280db36f00fb1/screenshot - {}
RESULT: {}
RESULT: {"script":"<script> [8489 bytes]","args":[{"element-6066-11e4-a52e-4f735466cecf":"f.5DEB10E109CE1E7B94EA7693F5B1958D.d.4AD8AEBAA1C3BBC45BFC52A33F8D6479.e.11055","ELEMENT":"f.5DEB10E109CE1E7B94EA7693F5B1958D.d.4AD8AEBAA1C3BBC45BFC52A33F8D6479.e.11055"}]}
COMMAND: POST /session/dc388682b4200c5e048280db36f00fb1/execute/sync - {"script":"<script> [5351 bytes]","args":[{"element-6066-11e4-a52e-4f735466cecf":"f.5DEB10E109CE1E7B94EA7693F5B1958D.d.4AD8AEBAA1C3BBC45BFC52A33F8D6479.e.11055","ELEMENT":"f.5DEB10E109CE1E7B94EA7693F5B1958D.d.4AD8AEBAA1C3BBC45BFC52A33F8D6479.e.11055"}]}
COMMAND: GET /session/dc388682b4200c5e048280db36f00fb1/screenshot - {}
RESULT: {}
RESULT: {"script":"<script> [5351 bytes]","args":[{"element-6066-11e4-a52e-4f735466cecf":"f.5DEB10E109CE1E7B94EA7693F5B1958D.d.4AD8AEBAA1C3BBC45BFC52A33F8D6479.e.11055","ELEMENT":"f.5DEB10E109CE1E7B94EA7693F5B1958D.d.4AD8AEBAA1C3BBC45BFC52A33F8D6479.e.11055"}]}
COMMAND: GET /session/dc388682b4200c5e048280db36f00fb1/screenshot - {}
RESULT: {}
RESULT: {}
COMMAND: POST /session/dc388682b4200c5e048280db36f00fb1/element/f.5DEB10E109CE1E7B94EA7693F5B1958D.d.4AD8AEBAA1C3BBC45BFC52A33F8D6479.e.11055/click - {}
RESULT: {}
COMMAND: GET /session/dc388682b4200c5e048280db36f00fb1/screenshot - {}
COMMAND: POST /session/dc388682b4200c5e048280db36f00fb1/execute/async - {"script":"<script> [1562 bytes]","args":[{"selector":{"id":"application-managecontracts-display-component---AddNewContract--projectDescription","interaction":{"idSuffix":"inner"}},"wdio_ui5_key":"applicationmanagecontracts-display-component---AddNewContract--projectDescription"}]}
RESULT: {}
RESULT: {"script":"<script> [1562 bytes]","args":[{"selector":{"id":"application-managecontracts-display-component---AddNewContract--projectDescription","interaction":{"idSuffix":"inner"}},"wdio_ui5_key":"applicationmanagecontracts-display-component---AddNewContract--projectDescription"}]}
RESULT: undefined
COMMAND: POST /session/dc388682b4200c5e048280db36f00fb1/execute/async - {"script":"<script> [776 bytes]","args":[{"enterText":"Contract WDIO","selector":{"id":"application-managecontracts-display-component---AddNewContract--projectDescription","interaction":{"idSuffix":"inner"}},"clearTextFirst":true,"interactionType":"ENTER_TEXT"}]}
RESULT: {"script":"<script> [776 bytes]","args":[{"enterText":"Contract WDIO","selector":{"id":"application-managecontracts-display-component---AddNewContract--projectDescription","interaction":{"idSuffix":"inner"}},"clearTextFirst":true,"interactionType":"ENTER_TEXT"}]}
COMMAND: POST /session/dc388682b4200c5e048280db36f00fb1/element - {"using":"xpath","value":"//input[@id=\"application-managecontracts-display-component---AddNewContract--site-inner\"]"}
RESULT: {"using":"xpath","value":"//input[@id=\"application-managecontracts-display-component---AddNewContract--site-inner\"]"}
COMMAND: POST /session/dc388682b4200c5e048280db36f00fb1/element/f.5DEB10E109CE1E7B94EA7693F5B1958D.d.4AD8AEBAA1C3BBC45BFC52A33F8D6479.e.11422/clear - {}
RESULT: {}
COMMAND: POST /session/dc388682b4200c5e048280db36f00fb1/element/f.5DEB10E109CE1E7B94EA7693F5B1958D.d.4AD8AEBAA1C3BBC45BFC52A33F8D6479.e.11422/value - {"text":"2204"}
COMMAND: GET /session/dc388682b4200c5e048280db36f00fb1/screenshot - {}
RESULT: {"text":"2204"}
COMMAND: GET /session/dc388682b4200c5e048280db36f00fb1/screenshot - {}
RESULT: {}
RESULT: {}
COMMAND: POST /session/dc388682b4200c5e048280db36f00fb1/element - {"using":"xpath","value":"//li[.//span[text()='2204']]"}
RESULT: {"using":"xpath","value":"//li[.//span[text()='2204']]"}
COMMAND: POST /session/dc388682b4200c5e048280db36f00fb1/element/f.5DEB10E109CE1E7B94EA7693F5B1958D.d.4AD8AEBAA1C3BBC45BFC52A33F8D6479.e.11449/click - {}
RESULT: {}
COMMAND: GET /session/dc388682b4200c5e048280db36f00fb1/screenshot - {}
RESULT: {}
COMMAND: POST /session/dc388682b4200c5e048280db36f00fb1/element - {"using":"xpath","value":"//input[@id=\"application-managecontracts-display-component---AddNewContract--yardId-inner\"]"}
RESULT: {"using":"xpath","value":"//input[@id=\"application-managecontracts-display-component---AddNewContract--yardId-inner\"]"}
COMMAND: GET /session/dc388682b4200c5e048280db36f00fb1/element/f.5DEB10E109CE1E7B94EA7693F5B1958D.d.4AD8AEBAA1C3BBC45BFC52A33F8D6479.e.11423/property/value - {}
RESULT: {}
COMMAND: POST /session/dc388682b4200c5e048280db36f00fb1/element - {"using":"xpath","value":"//input[@id=\"application-managecontracts-display-component---AddNewContract--customerSelect-inner\"]"}
COMMAND: GET /session/dc388682b4200c5e048280db36f00fb1/screenshot - {}
RESULT: {"using":"xpath","value":"//input[@id=\"application-managecontracts-display-component---AddNewContract--customerSelect-inner\"]"}
COMMAND: POST /session/dc388682b4200c5e048280db36f00fb1/element/f.5DEB10E109CE1E7B94EA7693F5B1958D.d.4AD8AEBAA1C3BBC45BFC52A33F8D6479.e.11421/clear - {}
RESULT: {}
RESULT: {}
COMMAND: POST /session/dc388682b4200c5e048280db36f00fb1/element/f.5DEB10E109CE1E7B94EA7693F5B1958D.d.4AD8AEBAA1C3BBC45BFC52A33F8D6479.e.11421/value - {"text":"1245"}
COMMAND: GET /session/dc388682b4200c5e048280db36f00fb1/screenshot - {}
RESULT: {"text":"1245"}
COMMAND: GET /session/dc388682b4200c5e048280db36f00fb1/screenshot - {}
RESULT: {}
RESULT: {}
COMMAND: POST /session/dc388682b4200c5e048280db36f00fb1/element - {"using":"xpath","value":"//li[.//span[text()='1245']]"}
RESULT: {"using":"xpath","value":"//li[.//span[text()='1245']]"}
COMMAND: POST /session/dc388682b4200c5e048280db36f00fb1/element/f.5DEB10E109CE1E7B94EA7693F5B1958D.d.4AD8AEBAA1C3BBC45BFC52A33F8D6479.e.11452/click - {}
RESULT: {}
COMMAND: GET /session/dc388682b4200c5e048280db36f00fb1/screenshot - {}
RESULT: {}
COMMAND: POST /session/dc388682b4200c5e048280db36f00fb1/element - {"using":"xpath","value":"//button[@data-kt=\"saveButton\"]"}
RESULT: {"using":"xpath","value":"//button[@data-kt=\"saveButton\"]"}
COMMAND: POST /session/dc388682b4200c5e048280db36f00fb1/element/f.5DEB10E109CE1E7B94EA7693F5B1958D.d.4AD8AEBAA1C3BBC45BFC52A33F8D6479.e.11453/click - {}
RESULT: {}
COMMAND: GET /session/dc388682b4200c5e048280db36f00fb1/screenshot - {}
RESULT: {}
COMMAND: POST /session/dc388682b4200c5e048280db36f00fb1/element - {"using":"xpath","value":"//span[contains(@id ,\"contractDetailTitleNoExpanded\")]"}
RESULT: {"using":"xpath","value":"//span[contains(@id ,\"contractDetailTitleNoExpanded\")]"}
COMMAND: POST /session/dc388682b4200c5e048280db36f00fb1/elements - {"using":"xpath","value":"//span[contains(@id ,\"contractDetailTitleNoExpanded\")]"}
RESULT: {"using":"xpath","value":"//span[contains(@id ,\"contractDetailTitleNoExpanded\")]"}
COMMAND: POST /session/dc388682b4200c5e048280db36f00fb1/execute/sync - {"script":"<script> [56 bytes]","args":[{"element-6066-11e4-a52e-4f735466cecf":"f.5DEB10E109CE1E7B94EA7693F5B1958D.d.4AD8AEBAA1C3BBC45BFC52A33F8D6479.e.11464","ELEMENT":"f.5DEB10E109CE1E7B94EA7693F5B1958D.d.4AD8AEBAA1C3BBC45BFC52A33F8D6479.e.11464"}]}
RESULT: {"script":"<script> [56 bytes]","args":[{"element-6066-11e4-a52e-4f735466cecf":"f.5DEB10E109CE1E7B94EA7693F5B1958D.d.4AD8AEBAA1C3BBC45BFC52A33F8D6479.e.11464","ELEMENT":"f.5DEB10E109CE1E7B94EA7693F5B1958D.d.4AD8AEBAA1C3BBC45BFC52A33F8D6479.e.11464"}]}
COMMAND: GET /session/dc388682b4200c5e048280db36f00fb1/screenshot - {}
RESULT: {}
]]></system-out>
    </testcase>
    <testcase classname="chrome.136_0_7103_93.windows.Billing_Transfer_-_Intracompany_US127249" name="Should add equipment to the contract" time="46.939">
      <system-out><![CDATA[
COMMAND: POST /session/dc388682b4200c5e048280db36f00fb1/element - {"using":"xpath","value":"//button[@data-kt=\"contractDetailEditBtnButton\"]"}
RESULT: {"using":"xpath","value":"//button[@data-kt=\"contractDetailEditBtnButton\"]"}
COMMAND: POST /session/dc388682b4200c5e048280db36f00fb1/element/f.5DEB10E109CE1E7B94EA7693F5B1958D.d.4AD8AEBAA1C3BBC45BFC52A33F8D6479.e.11465/click - {}
RESULT: {}
COMMAND: GET /session/dc388682b4200c5e048280db36f00fb1/screenshot - {}
RESULT: {}
COMMAND: POST /session/dc388682b4200c5e048280db36f00fb1/element - {"using":"xpath","value":"(//span[contains(text(), \"Additional Addresses\")])[2]"}
RESULT: {"using":"xpath","value":"(//span[contains(text(), \"Additional Addresses\")])[2]"}
COMMAND: POST /session/dc388682b4200c5e048280db36f00fb1/element/f.5DEB10E109CE1E7B94EA7693F5B1958D.d.4AD8AEBAA1C3BBC45BFC52A33F8D6479.e.11522/click - {}
RESULT: {}
COMMAND: GET /session/dc388682b4200c5e048280db36f00fb1/screenshot - {}
RESULT: {}
COMMAND: POST /session/dc388682b4200c5e048280db36f00fb1/element - {"using":"xpath","value":"//button[@data-kt=\"btnAddTableRowOverflowToolbarButton\"]"}
RESULT: {"using":"xpath","value":"//button[@data-kt=\"btnAddTableRowOverflowToolbarButton\"]"}
COMMAND: POST /session/dc388682b4200c5e048280db36f00fb1/element/f.5DEB10E109CE1E7B94EA7693F5B1958D.d.4AD8AEBAA1C3BBC45BFC52A33F8D6479.e.11525/click - {}
RESULT: {}
COMMAND: GET /session/dc388682b4200c5e048280db36f00fb1/screenshot - {}
RESULT: {}
COMMAND: POST /session/dc388682b4200c5e048280db36f00fb1/element - {"using":"xpath","value":"//div[(text() = 'Standard Entry' or . = 'Standard Entry')]"}
RESULT: {"using":"xpath","value":"//div[(text() = 'Standard Entry' or . = 'Standard Entry')]"}
COMMAND: POST /session/dc388682b4200c5e048280db36f00fb1/element/f.5DEB10E109CE1E7B94EA7693F5B1958D.d.4AD8AEBAA1C3BBC45BFC52A33F8D6479.e.11527/click - {}
RESULT: {}
COMMAND: GET /session/dc388682b4200c5e048280db36f00fb1/screenshot - {}
RESULT: {}
COMMAND: POST /session/dc388682b4200c5e048280db36f00fb1/element - {"using":"xpath","value":"//td[7]/div/div/input"}
RESULT: {"using":"xpath","value":"//td[7]/div/div/input"}
COMMAND: POST /session/dc388682b4200c5e048280db36f00fb1/element/f.5DEB10E109CE1E7B94EA7693F5B1958D.d.4AD8AEBAA1C3BBC45BFC52A33F8D6479.e.11536/clear - {}
RESULT: {}
COMMAND: POST /session/dc388682b4200c5e048280db36f00fb1/element/f.5DEB10E109CE1E7B94EA7693F5B1958D.d.4AD8AEBAA1C3BBC45BFC52A33F8D6479.e.11536/value - {"text":"IVTgP68WIh"}
COMMAND: GET /session/dc388682b4200c5e048280db36f00fb1/screenshot - {}
RESULT: {"text":"IVTgP68WIh"}
COMMAND: GET /session/dc388682b4200c5e048280db36f00fb1/screenshot - {}
RESULT: {}
RESULT: {}
COMMAND: POST /session/dc388682b4200c5e048280db36f00fb1/actions - {"actions":[{"id":"action40","type":"key","parameters":{},"actions":[{"type":"keyDown","value":"î€‡"},{"type":"pause","duration":10},{"type":"keyUp","value":"î€‡"}]}]}
RESULT: {"actions":[{"id":"action40","type":"key","parameters":{},"actions":[{"type":"keyDown","value":"î€‡"},{"type":"pause","duration":10},{"type":"keyUp","value":"î€‡"}]}]}
COMMAND: GET /session/dc388682b4200c5e048280db36f00fb1/screenshot - {}
COMMAND: POST /session/dc388682b4200c5e048280db36f00fb1/execute/sync - {"script":"<script> [276 bytes]","args":["No pricing information was found"]}
RESULT: {}
RESULT: {"script":"<script> [276 bytes]","args":["No pricing information was found"]}
COMMAND: POST /session/dc388682b4200c5e048280db36f00fb1/element - {"using":"xpath","value":"(//button[@data-kt=\"saveButton\"])[2]"}
COMMAND: GET /session/dc388682b4200c5e048280db36f00fb1/screenshot - {}
RESULT: {"using":"xpath","value":"(//button[@data-kt=\"saveButton\"])[2]"}
COMMAND: POST /session/dc388682b4200c5e048280db36f00fb1/element/f.5DEB10E109CE1E7B94EA7693F5B1958D.d.4AD8AEBAA1C3BBC45BFC52A33F8D6479.e.11551/click - {}
RESULT: {}
RESULT: {}
COMMAND: GET /session/dc388682b4200c5e048280db36f00fb1/screenshot - {}
RESULT: {}
COMMAND: POST /session/dc388682b4200c5e048280db36f00fb1/execute/sync - {"script":"<script> [276 bytes]","args":["Some contract items are having rental validity exceeding header rental validity"]}
RESULT: {"script":"<script> [276 bytes]","args":["Some contract items are having rental validity exceeding header rental validity"]}
COMMAND: GET /session/dc388682b4200c5e048280db36f00fb1/screenshot - {}
RESULT: {}
COMMAND: POST /session/dc388682b4200c5e048280db36f00fb1/element - {"using":"xpath","value":"//span[contains(@id ,\"contractItemsSmartTable-header-inner\")]"}
RESULT: {"using":"xpath","value":"//span[contains(@id ,\"contractItemsSmartTable-header-inner\")]"}
COMMAND: POST /session/dc388682b4200c5e048280db36f00fb1/elements - {"using":"xpath","value":"//span[contains(@id ,\"contractItemsSmartTable-header-inner\")]"}
RESULT: {"using":"xpath","value":"//span[contains(@id ,\"contractItemsSmartTable-header-inner\")]"}
COMMAND: POST /session/dc388682b4200c5e048280db36f00fb1/execute/sync - {"script":"<script> [56 bytes]","args":[{"element-6066-11e4-a52e-4f735466cecf":"f.5DEB10E109CE1E7B94EA7693F5B1958D.d.4AD8AEBAA1C3BBC45BFC52A33F8D6479.e.11557","ELEMENT":"f.5DEB10E109CE1E7B94EA7693F5B1958D.d.4AD8AEBAA1C3BBC45BFC52A33F8D6479.e.11557"}]}
RESULT: {"script":"<script> [56 bytes]","args":[{"element-6066-11e4-a52e-4f735466cecf":"f.5DEB10E109CE1E7B94EA7693F5B1958D.d.4AD8AEBAA1C3BBC45BFC52A33F8D6479.e.11557","ELEMENT":"f.5DEB10E109CE1E7B94EA7693F5B1958D.d.4AD8AEBAA1C3BBC45BFC52A33F8D6479.e.11557"}]}
]]></system-out>
    </testcase>
    <testcase classname="chrome.136_0_7103_93.windows.Billing_Transfer_-_Intracompany_US127249" name="Should do a provide to site handover" time="76.47">
      <system-out><![CDATA[
COMMAND: POST /session/dc388682b4200c5e048280db36f00fb1/element - {"using":"xpath","value":"//button[@data-kt=\"provideButton\"]"}
COMMAND: GET /session/dc388682b4200c5e048280db36f00fb1/screenshot - {}
RESULT: {"using":"xpath","value":"//button[@data-kt=\"provideButton\"]"}
COMMAND: POST /session/dc388682b4200c5e048280db36f00fb1/element/f.5DEB10E109CE1E7B94EA7693F5B1958D.d.4AD8AEBAA1C3BBC45BFC52A33F8D6479.e.11558/click - {}
RESULT: {}
RESULT: {}
COMMAND: GET /session/dc388682b4200c5e048280db36f00fb1/screenshot - {}
RESULT: {}
RESULT: undefined
COMMAND: POST /session/dc388682b4200c5e048280db36f00fb1/execute/async - {"script":"<script> [6424 bytes]","args":[{"element-6066-11e4-a52e-4f735466cecf":"f.5DEB10E109CE1E7B94EA7693F5B1958D.d.4AD8AEBAA1C3BBC45BFC52A33F8D6479.e.10625"},"setValue",["5/16/25"]]}
COMMAND: POST /session/dc388682b4200c5e048280db36f00fb1/execute/async - {"script":"<script> [1562 bytes]","args":[{"selector":{"id":"application-managehandovers-display-component---AddNewHO--dueDate","interaction":{"idSuffix":"inner"}},"wdio_ui5_key":"applicationmanagehandovers-display-component---AddNewHO--dueDate"}]}
RESULT: {"script":"<script> [1562 bytes]","args":[{"selector":{"id":"application-managehandovers-display-component---AddNewHO--dueDate","interaction":{"idSuffix":"inner"}},"wdio_ui5_key":"applicationmanagehandovers-display-component---AddNewHO--dueDate"}]}
COMMAND: POST /session/dc388682b4200c5e048280db36f00fb1/execute/async - {"script":"<script> [6424 bytes]","args":[{"element-6066-11e4-a52e-4f735466cecf":"f.5DEB10E109CE1E7B94EA7693F5B1958D.d.4AD8AEBAA1C3BBC45BFC52A33F8D6479.e.11634"},"setValue",["5/16/25"]]}
RESULT: {"script":"<script> [6424 bytes]","args":[{"element-6066-11e4-a52e-4f735466cecf":"f.5DEB10E109CE1E7B94EA7693F5B1958D.d.4AD8AEBAA1C3BBC45BFC52A33F8D6479.e.11634"},"setValue",["5/16/25"]]}
COMMAND: POST /session/dc388682b4200c5e048280db36f00fb1/element - {"using":"xpath","value":"//bdi[contains(text(), \"Instructions\")]"}
RESULT: {"using":"xpath","value":"//bdi[contains(text(), \"Instructions\")]"}
COMMAND: POST /session/dc388682b4200c5e048280db36f00fb1/element/f.5DEB10E109CE1E7B94EA7693F5B1958D.d.4AD8AEBAA1C3BBC45BFC52A33F8D6479.e.11866/click - {}
RESULT: {}
COMMAND: GET /session/dc388682b4200c5e048280db36f00fb1/screenshot - {}
RESULT: {}
COMMAND: POST /session/dc388682b4200c5e048280db36f00fb1/element - {"using":"xpath","value":"//button[@data-kt=\"AddNewHOProvideAddItemsButton\"]"}
RESULT: {"using":"xpath","value":"//button[@data-kt=\"AddNewHOProvideAddItemsButton\"]"}
COMMAND: POST /session/dc388682b4200c5e048280db36f00fb1/element/f.5DEB10E109CE1E7B94EA7693F5B1958D.d.4AD8AEBAA1C3BBC45BFC52A33F8D6479.e.11870/click - {}
RESULT: {}
COMMAND: GET /session/dc388682b4200c5e048280db36f00fb1/screenshot - {}
RESULT: {}
RESULT: undefined
COMMAND: POST /session/dc388682b4200c5e048280db36f00fb1/element - {"using":"xpath","value":"//*[@id=\"application-managehandovers-display-component---AddNewHO--popup-sa\"]"}
RESULT: {"using":"xpath","value":"//*[@id=\"application-managehandovers-display-component---AddNewHO--popup-sa\"]"}
COMMAND: POST /session/dc388682b4200c5e048280db36f00fb1/element/f.5DEB10E109CE1E7B94EA7693F5B1958D.d.4AD8AEBAA1C3BBC45BFC52A33F8D6479.e.11879/click - {}
RESULT: {}
COMMAND: GET /session/dc388682b4200c5e048280db36f00fb1/screenshot - {}
RESULT: {}
COMMAND: POST /session/dc388682b4200c5e048280db36f00fb1/element - {"using":"xpath","value":"//*[contains(@id ,\"BDI-content\")][contains(text(), \"Select\")]"}
RESULT: {"using":"xpath","value":"//*[contains(@id ,\"BDI-content\")][contains(text(), \"Select\")]"}
COMMAND: POST /session/dc388682b4200c5e048280db36f00fb1/element/f.5DEB10E109CE1E7B94EA7693F5B1958D.d.4AD8AEBAA1C3BBC45BFC52A33F8D6479.e.11881/click - {}
RESULT: {}
COMMAND: GET /session/dc388682b4200c5e048280db36f00fb1/screenshot - {}
RESULT: {}
COMMAND: POST /session/dc388682b4200c5e048280db36f00fb1/execute/async - {"script":"<script> [1562 bytes]","args":[{"selector":{"id":"application-managehandovers-display-component---AddNewHO--confirmCreationButton","interaction":{"idSuffix":"BDI-content"}},"wdio_ui5_key":"applicationmanagehandovers-display-component---AddNewHO--confirmCreationButton"}]}
RESULT: {"script":"<script> [1562 bytes]","args":[{"selector":{"id":"application-managehandovers-display-component---AddNewHO--confirmCreationButton","interaction":{"idSuffix":"BDI-content"}},"wdio_ui5_key":"applicationmanagehandovers-display-component---AddNewHO--confirmCreationButton"}]}
RESULT: undefined
COMMAND: POST /session/dc388682b4200c5e048280db36f00fb1/element - {"using":"xpath","value":"//*[@id=\"application-managehandovers-display-component---AddNewHO--confirmCreationButton\"]"}
RESULT: {"using":"xpath","value":"//*[@id=\"application-managehandovers-display-component---AddNewHO--confirmCreationButton\"]"}
COMMAND: POST /session/dc388682b4200c5e048280db36f00fb1/element/f.5DEB10E109CE1E7B94EA7693F5B1958D.d.4AD8AEBAA1C3BBC45BFC52A33F8D6479.e.11679/click - {}
RESULT: {}
COMMAND: GET /session/dc388682b4200c5e048280db36f00fb1/screenshot - {}
RESULT: {}
COMMAND: POST /session/dc388682b4200c5e048280db36f00fb1/execute/async - {"script":"<script> [1562 bytes]","args":[{"selector":{"id":"issueDatePicker","viewName":"etm.portal.ui.managehandovers.view.DetailExecuteHO","interaction":{"idSuffix":"inner"}},"wdio_ui5_key":"issueDatePickeretmportal.ui.managehandovers.view.DetailExecuteHO"}]}
RESULT: {"script":"<script> [1562 bytes]","args":[{"selector":{"id":"issueDatePicker","viewName":"etm.portal.ui.managehandovers.view.DetailExecuteHO","interaction":{"idSuffix":"inner"}},"wdio_ui5_key":"issueDatePickeretmportal.ui.managehandovers.view.DetailExecuteHO"}]}
RESULT: undefined
COMMAND: POST /session/dc388682b4200c5e048280db36f00fb1/execute/async - {"script":"<script> [776 bytes]","args":[{"enterText":"5/16/25","selector":{"id":"issueDatePicker","viewName":"etm.portal.ui.managehandovers.view.DetailExecuteHO","interaction":{"idSuffix":"inner"}},"clearTextFirst":true,"interactionType":"ENTER_TEXT"}]}
RESULT: {"script":"<script> [776 bytes]","args":[{"enterText":"5/16/25","selector":{"id":"issueDatePicker","viewName":"etm.portal.ui.managehandovers.view.DetailExecuteHO","interaction":{"idSuffix":"inner"}},"clearTextFirst":true,"interactionType":"ENTER_TEXT"}]}
COMMAND: POST /session/dc388682b4200c5e048280db36f00fb1/element - {"using":"xpath","value":"//bdi[contains(text(), \"OK\")]"}
RESULT: {"using":"xpath","value":"//bdi[contains(text(), \"OK\")]"}
COMMAND: POST /session/dc388682b4200c5e048280db36f00fb1/element/f.5DEB10E109CE1E7B94EA7693F5B1958D.d.4AD8AEBAA1C3BBC45BFC52A33F8D6479.e.11930/click - {}
RESULT: {}
COMMAND: GET /session/dc388682b4200c5e048280db36f00fb1/screenshot - {}
RESULT: {}
COMMAND: POST /session/dc388682b4200c5e048280db36f00fb1/element - {"using":"xpath","value":"//button[@data-kt=\"PickingTableConfirmAllButton\"]"}
RESULT: {"using":"xpath","value":"//button[@data-kt=\"PickingTableConfirmAllButton\"]"}
COMMAND: POST /session/dc388682b4200c5e048280db36f00fb1/element/f.5DEB10E109CE1E7B94EA7693F5B1958D.d.4AD8AEBAA1C3BBC45BFC52A33F8D6479.e.11937/click - {}
RESULT: {}
COMMAND: GET /session/dc388682b4200c5e048280db36f00fb1/screenshot - {}
RESULT: {}
COMMAND: POST /session/dc388682b4200c5e048280db36f00fb1/element - {"using":"xpath","value":"//bdi[contains(text(), \"OK\")]"}
RESULT: {"using":"xpath","value":"//bdi[contains(text(), \"OK\")]"}
COMMAND: POST /session/dc388682b4200c5e048280db36f00fb1/element/f.5DEB10E109CE1E7B94EA7693F5B1958D.d.4AD8AEBAA1C3BBC45BFC52A33F8D6479.e.11941/click - {}
RESULT: {}
COMMAND: GET /session/dc388682b4200c5e048280db36f00fb1/screenshot - {}
RESULT: {}
COMMAND: POST /session/dc388682b4200c5e048280db36f00fb1/element - {"using":"xpath","value":"//bdi[contains(text(), \"Issue\")]"}
RESULT: {"using":"xpath","value":"//bdi[contains(text(), \"Issue\")]"}
COMMAND: POST /session/dc388682b4200c5e048280db36f00fb1/element/f.5DEB10E109CE1E7B94EA7693F5B1958D.d.4AD8AEBAA1C3BBC45BFC52A33F8D6479.e.11942/click - {}
RESULT: {}
COMMAND: GET /session/dc388682b4200c5e048280db36f00fb1/screenshot - {}
RESULT: {}
COMMAND: POST /session/dc388682b4200c5e048280db36f00fb1/element - {"using":"css selector","value":"#shell-header-logo"}
RESULT: {"using":"css selector","value":"#shell-header-logo"}
COMMAND: POST /session/dc388682b4200c5e048280db36f00fb1/element/f.5DEB10E109CE1E7B94EA7693F5B1958D.d.4AD8AEBAA1C3BBC45BFC52A33F8D6479.e.11009/click - {}
RESULT: {}
COMMAND: GET /session/dc388682b4200c5e048280db36f00fb1/screenshot - {}
RESULT: {}
]]></system-out>
    </testcase>
    <testcase classname="chrome.136_0_7103_93.windows.Billing_Transfer_-_Intracompany_US127249" name="Should go navigate to Manage Billings and trigger contract calculation check result" time="78.706">
      <system-out><![CDATA[
COMMAND: POST /session/dc388682b4200c5e048280db36f00fb1/execute/async - {"script":"<script> [1562 bytes]","args":[{"selector":{"controlType":"sap.m.GenericTile","properties":{"header":"Manage Billings"}},"wdio_ui5_key":"sapm.GenericTile{\"header\":\"Manage Billings\"}"}]}
RESULT: {"script":"<script> [1562 bytes]","args":[{"selector":{"controlType":"sap.m.GenericTile","properties":{"header":"Manage Billings"}},"wdio_ui5_key":"sapm.GenericTile{\"header\":\"Manage Billings\"}"}]}
RESULT: undefined
COMMAND: POST /session/dc388682b4200c5e048280db36f00fb1/element - {"using":"xpath","value":"//*[@id=\"__tile51\"]"}
RESULT: {"using":"xpath","value":"//*[@id=\"__tile51\"]"}
COMMAND: POST /session/dc388682b4200c5e048280db36f00fb1/element/f.5DEB10E109CE1E7B94EA7693F5B1958D.d.4AD8AEBAA1C3BBC45BFC52A33F8D6479.e.6723/click - {}
RESULT: {}
COMMAND: GET /session/dc388682b4200c5e048280db36f00fb1/screenshot - {}
RESULT: {}
COMMAND: POST /session/dc388682b4200c5e048280db36f00fb1/elements - {"using":"xpath","value":"//span[text()='Error']"}
RESULT: undefined
RESULT: undefined
RESULT: {"using":"xpath","value":"//span[text()='Error']"}
COMMAND: POST /session/dc388682b4200c5e048280db36f00fb1/elements - {"using":"xpath","value":"//*[text()='Close']"}
RESULT: {"using":"xpath","value":"//*[text()='Close']"}
COMMAND: GET /session/dc388682b4200c5e048280db36f00fb1/element/f.5DEB10E109CE1E7B94EA7693F5B1958D.d.4AD8AEBAA1C3BBC45BFC52A33F8D6479.e.12231/enabled - {}
RESULT: {}
COMMAND: POST /session/dc388682b4200c5e048280db36f00fb1/execute/sync - {"script":"<script> [8489 bytes]","args":[{"element-6066-11e4-a52e-4f735466cecf":"f.5DEB10E109CE1E7B94EA7693F5B1958D.d.4AD8AEBAA1C3BBC45BFC52A33F8D6479.e.12231","ELEMENT":"f.5DEB10E109CE1E7B94EA7693F5B1958D.d.4AD8AEBAA1C3BBC45BFC52A33F8D6479.e.12231"}]}
COMMAND: GET /session/dc388682b4200c5e048280db36f00fb1/screenshot - {}
RESULT: {"script":"<script> [8489 bytes]","args":[{"element-6066-11e4-a52e-4f735466cecf":"f.5DEB10E109CE1E7B94EA7693F5B1958D.d.4AD8AEBAA1C3BBC45BFC52A33F8D6479.e.12231","ELEMENT":"f.5DEB10E109CE1E7B94EA7693F5B1958D.d.4AD8AEBAA1C3BBC45BFC52A33F8D6479.e.12231"}]}
COMMAND: GET /session/dc388682b4200c5e048280db36f00fb1/screenshot - {}
COMMAND: POST /session/dc388682b4200c5e048280db36f00fb1/execute/sync - {"script":"<script> [8489 bytes]","args":[{"element-6066-11e4-a52e-4f735466cecf":"f.5DEB10E109CE1E7B94EA7693F5B1958D.d.4AD8AEBAA1C3BBC45BFC52A33F8D6479.e.12231","ELEMENT":"f.5DEB10E109CE1E7B94EA7693F5B1958D.d.4AD8AEBAA1C3BBC45BFC52A33F8D6479.e.12231"}]}
RESULT: {}
RESULT: {}
RESULT: {"script":"<script> [8489 bytes]","args":[{"element-6066-11e4-a52e-4f735466cecf":"f.5DEB10E109CE1E7B94EA7693F5B1958D.d.4AD8AEBAA1C3BBC45BFC52A33F8D6479.e.12231","ELEMENT":"f.5DEB10E109CE1E7B94EA7693F5B1958D.d.4AD8AEBAA1C3BBC45BFC52A33F8D6479.e.12231"}]}
COMMAND: POST /session/dc388682b4200c5e048280db36f00fb1/execute/sync - {"script":"<script> [5351 bytes]","args":[{"element-6066-11e4-a52e-4f735466cecf":"f.5DEB10E109CE1E7B94EA7693F5B1958D.d.4AD8AEBAA1C3BBC45BFC52A33F8D6479.e.12231","ELEMENT":"f.5DEB10E109CE1E7B94EA7693F5B1958D.d.4AD8AEBAA1C3BBC45BFC52A33F8D6479.e.12231"}]}
RESULT: {"script":"<script> [5351 bytes]","args":[{"element-6066-11e4-a52e-4f735466cecf":"f.5DEB10E109CE1E7B94EA7693F5B1958D.d.4AD8AEBAA1C3BBC45BFC52A33F8D6479.e.12231","ELEMENT":"f.5DEB10E109CE1E7B94EA7693F5B1958D.d.4AD8AEBAA1C3BBC45BFC52A33F8D6479.e.12231"}]}
COMMAND: POST /session/dc388682b4200c5e048280db36f00fb1/element/f.5DEB10E109CE1E7B94EA7693F5B1958D.d.4AD8AEBAA1C3BBC45BFC52A33F8D6479.e.12231/click - {}
COMMAND: GET /session/dc388682b4200c5e048280db36f00fb1/screenshot - {}
COMMAND: GET /session/dc388682b4200c5e048280db36f00fb1/screenshot - {}
RESULT: {}
COMMAND: POST /session/dc388682b4200c5e048280db36f00fb1/elements - {"using":"xpath","value":"//*[text()='OK']"}
COMMAND: GET /session/dc388682b4200c5e048280db36f00fb1/screenshot - {}
RESULT: {}
RESULT: {}
RESULT: {"using":"xpath","value":"//*[text()='OK']"}
RESULT: {}
COMMAND: POST /session/dc388682b4200c5e048280db36f00fb1/execute/async - {"script":"<script> [1562 bytes]","args":[{"selector":{"id":"application-managebillings-display-component---billRunCalcResult--smartFilterBar-btnBasicSearch","interaction":{"idSuffix":"I"}},"wdio_ui5_key":"applicationmanagebillings-display-component---billRunCalcResult--smartFilterBar-btnBasicSearch"}]}
RESULT: {"script":"<script> [1562 bytes]","args":[{"selector":{"id":"application-managebillings-display-component---billRunCalcResult--smartFilterBar-btnBasicSearch","interaction":{"idSuffix":"I"}},"wdio_ui5_key":"applicationmanagebillings-display-component---billRunCalcResult--smartFilterBar-btnBasicSearch"}]}
RESULT: undefined
COMMAND: POST /session/dc388682b4200c5e048280db36f00fb1/execute/async - {"script":"<script> [776 bytes]","args":[{"enterText":"10290","selector":{"id":"application-managebillings-display-component---billRunCalcResult--smartFilterBar-btnBasicSearch","interaction":{"idSuffix":"I"}},"clearTextFirst":true,"interactionType":"ENTER_TEXT"}]}
RESULT: {"script":"<script> [776 bytes]","args":[{"enterText":"10290","selector":{"id":"application-managebillings-display-component---billRunCalcResult--smartFilterBar-btnBasicSearch","interaction":{"idSuffix":"I"}},"clearTextFirst":true,"interactionType":"ENTER_TEXT"}]}
COMMAND: POST /session/dc388682b4200c5e048280db36f00fb1/actions - {"actions":[{"id":"action41","type":"key","parameters":{},"actions":[{"type":"keyDown","value":"î€‡"},{"type":"pause","duration":10},{"type":"keyUp","value":"î€‡"}]}]}
RESULT: {"actions":[{"id":"action41","type":"key","parameters":{},"actions":[{"type":"keyDown","value":"î€‡"},{"type":"pause","duration":10},{"type":"keyUp","value":"î€‡"}]}]}
COMMAND: GET /session/dc388682b4200c5e048280db36f00fb1/screenshot - {}
RESULT: {}
COMMAND: POST /session/dc388682b4200c5e048280db36f00fb1/element - {"using":"xpath","value":"//td[@aria-colindex=\"1\"]/div/div[contains(@class, \"sapMCbBg\")]"}
RESULT: {"using":"xpath","value":"//td[@aria-colindex=\"1\"]/div/div[contains(@class, \"sapMCbBg\")]"}
COMMAND: POST /session/dc388682b4200c5e048280db36f00fb1/element/f.5DEB10E109CE1E7B94EA7693F5B1958D.d.4AD8AEBAA1C3BBC45BFC52A33F8D6479.e.12462/click - {}
RESULT: {}
COMMAND: GET /session/dc388682b4200c5e048280db36f00fb1/screenshot - {}
RESULT: {}
COMMAND: POST /session/dc388682b4200c5e048280db36f00fb1/execute/async - {"script":"<script> [1562 bytes]","args":[{"selector":{"id":"application-managebillings-display-component---billRunCalcResult--contractBillRunDate","interaction":{"idSuffix":"inner"}},"wdio_ui5_key":"applicationmanagebillings-display-component---billRunCalcResult--contractBillRunDate"}]}
RESULT: {"script":"<script> [1562 bytes]","args":[{"selector":{"id":"application-managebillings-display-component---billRunCalcResult--contractBillRunDate","interaction":{"idSuffix":"inner"}},"wdio_ui5_key":"applicationmanagebillings-display-component---billRunCalcResult--contractBillRunDate"}]}
RESULT: undefined
COMMAND: POST /session/dc388682b4200c5e048280db36f00fb1/execute/async - {"script":"<script> [776 bytes]","args":[{"enterText":"5/16/25","selector":{"id":"application-managebillings-display-component---billRunCalcResult--contractBillRunDate","interaction":{"idSuffix":"inner"}},"clearTextFirst":true,"interactionType":"ENTER_TEXT"}]}
RESULT: {"script":"<script> [776 bytes]","args":[{"enterText":"5/16/25","selector":{"id":"application-managebillings-display-component---billRunCalcResult--contractBillRunDate","interaction":{"idSuffix":"inner"}},"clearTextFirst":true,"interactionType":"ENTER_TEXT"}]}
COMMAND: POST /session/dc388682b4200c5e048280db36f00fb1/element - {"using":"xpath","value":"//bdi[contains(text(), \"Trigger Calculation\")]"}
RESULT: {"using":"xpath","value":"//bdi[contains(text(), \"Trigger Calculation\")]"}
COMMAND: POST /session/dc388682b4200c5e048280db36f00fb1/element/f.5DEB10E109CE1E7B94EA7693F5B1958D.d.4AD8AEBAA1C3BBC45BFC52A33F8D6479.e.12486/click - {}
RESULT: {}
COMMAND: GET /session/dc388682b4200c5e048280db36f00fb1/screenshot - {}
RESULT: {}
COMMAND: POST /session/dc388682b4200c5e048280db36f00fb1/element - {"using":"xpath","value":"(//span[contains(@id, \"imgNav\")])[1]"}
RESULT: {"using":"xpath","value":"(//span[contains(@id, \"imgNav\")])[1]"}
COMMAND: POST /session/dc388682b4200c5e048280db36f00fb1/element/f.5DEB10E109CE1E7B94EA7693F5B1958D.d.4AD8AEBAA1C3BBC45BFC52A33F8D6479.e.12476/click - {}
RESULT: {}
COMMAND: GET /session/dc388682b4200c5e048280db36f00fb1/screenshot - {}
RESULT: {}
COMMAND: POST /session/dc388682b4200c5e048280db36f00fb1/element - {"using":"xpath","value":"//tr/td[6]/div[1]/span[1]/span[1]"}
RESULT: {"using":"xpath","value":"//tr/td[6]/div[1]/span[1]/span[1]"}
COMMAND: GET /session/dc388682b4200c5e048280db36f00fb1/element/f.5DEB10E109CE1E7B94EA7693F5B1958D.d.4AD8AEBAA1C3BBC45BFC52A33F8D6479.e.12491/text - {}
RESULT: {}
COMMAND: POST /session/dc388682b4200c5e048280db36f00fb1/element - {"using":"xpath","value":"(//span[contains(@id, \"imgNav\")])[2]"}
RESULT: {"using":"xpath","value":"(//span[contains(@id, \"imgNav\")])[2]"}
COMMAND: POST /session/dc388682b4200c5e048280db36f00fb1/element/f.5DEB10E109CE1E7B94EA7693F5B1958D.d.4AD8AEBAA1C3BBC45BFC52A33F8D6479.e.12492/click - {}
RESULT: {}
COMMAND: POST /session/dc388682b4200c5e048280db36f00fb1/element - {"using":"xpath","value":"//bdi[contains(text(), \"Business Confirm\")]"}
RESULT: {"using":"xpath","value":"//bdi[contains(text(), \"Business Confirm\")]"}
COMMAND: POST /session/dc388682b4200c5e048280db36f00fb1/elements - {"using":"xpath","value":"//bdi[contains(text(), \"Business Confirm\")]"}
COMMAND: GET /session/dc388682b4200c5e048280db36f00fb1/screenshot - {}
RESULT: {"using":"xpath","value":"//bdi[contains(text(), \"Business Confirm\")]"}
COMMAND: POST /session/dc388682b4200c5e048280db36f00fb1/element - {"using":"xpath","value":"//bdi[contains(text(), \"Business Confirm\")]"}
RESULT: {}
RESULT: {"using":"xpath","value":"//bdi[contains(text(), \"Business Confirm\")]"}
COMMAND: POST /session/dc388682b4200c5e048280db36f00fb1/element/f.5DEB10E109CE1E7B94EA7693F5B1958D.d.4AD8AEBAA1C3BBC45BFC52A33F8D6479.e.12548/click - {}
RESULT: {}
COMMAND: POST /session/dc388682b4200c5e048280db36f00fb1/element - {"using":"css selector","value":"#shell-header-logo"}
COMMAND: GET /session/dc388682b4200c5e048280db36f00fb1/screenshot - {}
RESULT: {"using":"css selector","value":"#shell-header-logo"}
COMMAND: POST /session/dc388682b4200c5e048280db36f00fb1/element/f.5DEB10E109CE1E7B94EA7693F5B1958D.d.4AD8AEBAA1C3BBC45BFC52A33F8D6479.e.12118/click - {}
RESULT: {}
RESULT: {}
COMMAND: GET /session/dc388682b4200c5e048280db36f00fb1/screenshot - {}
RESULT: {}
]]></system-out>
    </testcase>
    <testcase classname="chrome.136_0_7103_93.windows.Billing_Transfer_-_Intracompany_US127249" name="Should navigate to billing transfer and invoice the contract" time="77.899">
      <system-out><![CDATA[
COMMAND: POST /session/dc388682b4200c5e048280db36f00fb1/execute/async - {"script":"<script> [1562 bytes]","args":[{"selector":{"controlType":"sap.m.GenericTile","properties":{"header":"Billing Transfer"}},"wdio_ui5_key":"sapm.GenericTile{\"header\":\"Billing Transfer\"}"}]}
RESULT: {"script":"<script> [1562 bytes]","args":[{"selector":{"controlType":"sap.m.GenericTile","properties":{"header":"Billing Transfer"}},"wdio_ui5_key":"sapm.GenericTile{\"header\":\"Billing Transfer\"}"}]}
RESULT: undefined
COMMAND: POST /session/dc388682b4200c5e048280db36f00fb1/element - {"using":"xpath","value":"//*[@id=\"__tile50\"]"}
RESULT: {"using":"xpath","value":"//*[@id=\"__tile50\"]"}
COMMAND: POST /session/dc388682b4200c5e048280db36f00fb1/element/f.5DEB10E109CE1E7B94EA7693F5B1958D.d.4AD8AEBAA1C3BBC45BFC52A33F8D6479.e.6721/click - {}
RESULT: {}
COMMAND: GET /session/dc388682b4200c5e048280db36f00fb1/screenshot - {}
RESULT: {}
COMMAND: POST /session/dc388682b4200c5e048280db36f00fb1/elements - {"using":"xpath","value":"//span[text()='Error']"}
RESULT: {"using":"xpath","value":"//span[text()='Error']"}
COMMAND: POST /session/dc388682b4200c5e048280db36f00fb1/element - {"using":"xpath","value":"//input[contains(@id ,\"application-billingtransfer-display-component---billingWorkbench--smartFilterBar-btnBasicSearch\")]"}
RESULT: {"using":"xpath","value":"//input[contains(@id ,\"application-billingtransfer-display-component---billingWorkbench--smartFilterBar-btnBasicSearch\")]"}
COMMAND: POST /session/dc388682b4200c5e048280db36f00fb1/elements - {"using":"xpath","value":"//input[contains(@id ,\"application-billingtransfer-display-component---billingWorkbench--smartFilterBar-btnBasicSearch\")]"}
RESULT: {"using":"xpath","value":"//input[contains(@id ,\"application-billingtransfer-display-component---billingWorkbench--smartFilterBar-btnBasicSearch\")]"}
COMMAND: POST /session/dc388682b4200c5e048280db36f00fb1/execute/sync - {"script":"<script> [8489 bytes]","args":[{"element-6066-11e4-a52e-4f735466cecf":"f.5DEB10E109CE1E7B94EA7693F5B1958D.d.4AD8AEBAA1C3BBC45BFC52A33F8D6479.e.12577","ELEMENT":"f.5DEB10E109CE1E7B94EA7693F5B1958D.d.4AD8AEBAA1C3BBC45BFC52A33F8D6479.e.12577"}]}
RESULT: {"script":"<script> [8489 bytes]","args":[{"element-6066-11e4-a52e-4f735466cecf":"f.5DEB10E109CE1E7B94EA7693F5B1958D.d.4AD8AEBAA1C3BBC45BFC52A33F8D6479.e.12577","ELEMENT":"f.5DEB10E109CE1E7B94EA7693F5B1958D.d.4AD8AEBAA1C3BBC45BFC52A33F8D6479.e.12577"}]}
COMMAND: GET /session/dc388682b4200c5e048280db36f00fb1/element/f.5DEB10E109CE1E7B94EA7693F5B1958D.d.4AD8AEBAA1C3BBC45BFC52A33F8D6479.e.12577/enabled - {}
COMMAND: GET /session/dc388682b4200c5e048280db36f00fb1/screenshot - {}
RESULT: {}
COMMAND: POST /session/dc388682b4200c5e048280db36f00fb1/element/f.5DEB10E109CE1E7B94EA7693F5B1958D.d.4AD8AEBAA1C3BBC45BFC52A33F8D6479.e.12577/click - {}
COMMAND: GET /session/dc388682b4200c5e048280db36f00fb1/screenshot - {}
RESULT: {}
RESULT: {}
COMMAND: GET /session/dc388682b4200c5e048280db36f00fb1/screenshot - {}
RESULT: {}
RESULT: {}
COMMAND: POST /session/dc388682b4200c5e048280db36f00fb1/element/f.5DEB10E109CE1E7B94EA7693F5B1958D.d.4AD8AEBAA1C3BBC45BFC52A33F8D6479.e.12577/clear - {}
RESULT: {}
COMMAND: POST /session/dc388682b4200c5e048280db36f00fb1/element/f.5DEB10E109CE1E7B94EA7693F5B1958D.d.4AD8AEBAA1C3BBC45BFC52A33F8D6479.e.12577/value - {"text":"10290"}
COMMAND: GET /session/dc388682b4200c5e048280db36f00fb1/screenshot - {}
RESULT: {"text":"10290"}
COMMAND: POST /session/dc388682b4200c5e048280db36f00fb1/actions - {"actions":[{"id":"action42","type":"key","parameters":{},"actions":[{"type":"keyDown","value":"î€‡"},{"type":"pause","duration":10},{"type":"keyUp","value":"î€‡"}]}]}
COMMAND: GET /session/dc388682b4200c5e048280db36f00fb1/screenshot - {}
RESULT: {}
RESULT: {"actions":[{"id":"action42","type":"key","parameters":{},"actions":[{"type":"keyDown","value":"î€‡"},{"type":"pause","duration":10},{"type":"keyUp","value":"î€‡"}]}]}
COMMAND: GET /session/dc388682b4200c5e048280db36f00fb1/screenshot - {}
RESULT: {}
RESULT: {}
COMMAND: POST /session/dc388682b4200c5e048280db36f00fb1/element - {"using":"xpath","value":"//span[contains(@id ,\"application-billingtransfer-display-component---billingWorkbench--smartTableBillingRuns-header-inner\")]"}
RESULT: {"using":"xpath","value":"//span[contains(@id ,\"application-billingtransfer-display-component---billingWorkbench--smartTableBillingRuns-header-inner\")]"}
COMMAND: POST /session/dc388682b4200c5e048280db36f00fb1/elements - {"using":"xpath","value":"//span[contains(@id ,\"application-billingtransfer-display-component---billingWorkbench--smartTableBillingRuns-header-inner\")]"}
RESULT: {"using":"xpath","value":"//span[contains(@id ,\"application-billingtransfer-display-component---billingWorkbench--smartTableBillingRuns-header-inner\")]"}
COMMAND: POST /session/dc388682b4200c5e048280db36f00fb1/execute/sync - {"script":"<script> [56 bytes]","args":[{"element-6066-11e4-a52e-4f735466cecf":"f.5DEB10E109CE1E7B94EA7693F5B1958D.d.4AD8AEBAA1C3BBC45BFC52A33F8D6479.e.12737","ELEMENT":"f.5DEB10E109CE1E7B94EA7693F5B1958D.d.4AD8AEBAA1C3BBC45BFC52A33F8D6479.e.12737"}]}
RESULT: {"script":"<script> [56 bytes]","args":[{"element-6066-11e4-a52e-4f735466cecf":"f.5DEB10E109CE1E7B94EA7693F5B1958D.d.4AD8AEBAA1C3BBC45BFC52A33F8D6479.e.12737","ELEMENT":"f.5DEB10E109CE1E7B94EA7693F5B1958D.d.4AD8AEBAA1C3BBC45BFC52A33F8D6479.e.12737"}]}
COMMAND: POST /session/dc388682b4200c5e048280db36f00fb1/element - {"using":"xpath","value":"//td[@aria-colindex=\"1\"]/div/div[contains(@class, \"sapMCbBg\")]"}
COMMAND: GET /session/dc388682b4200c5e048280db36f00fb1/screenshot - {}
RESULT: {"using":"xpath","value":"//td[@aria-colindex=\"1\"]/div/div[contains(@class, \"sapMCbBg\")]"}
COMMAND: POST /session/dc388682b4200c5e048280db36f00fb1/element/f.5DEB10E109CE1E7B94EA7693F5B1958D.d.4AD8AEBAA1C3BBC45BFC52A33F8D6479.e.12686/click - {}
RESULT: {}
RESULT: {}
COMMAND: GET /session/dc388682b4200c5e048280db36f00fb1/screenshot - {}
RESULT: {}
COMMAND: POST /session/dc388682b4200c5e048280db36f00fb1/element - {"using":"xpath","value":"//bdi[contains(text(), \"Check\")]"}
RESULT: {"using":"xpath","value":"//bdi[contains(text(), \"Check\")]"}
COMMAND: POST /session/dc388682b4200c5e048280db36f00fb1/element/f.5DEB10E109CE1E7B94EA7693F5B1958D.d.4AD8AEBAA1C3BBC45BFC52A33F8D6479.e.12738/click - {}
RESULT: {}
COMMAND: GET /session/dc388682b4200c5e048280db36f00fb1/screenshot - {}
RESULT: {}
COMMAND: POST /session/dc388682b4200c5e048280db36f00fb1/element - {"using":"xpath","value":"//bdi[contains(text(), \"OK\")]"}
RESULT: {"using":"xpath","value":"//bdi[contains(text(), \"OK\")]"}
COMMAND: POST /session/dc388682b4200c5e048280db36f00fb1/element/f.5DEB10E109CE1E7B94EA7693F5B1958D.d.4AD8AEBAA1C3BBC45BFC52A33F8D6479.e.12741/click - {}
RESULT: {}
COMMAND: GET /session/dc388682b4200c5e048280db36f00fb1/screenshot - {}
RESULT: {}
COMMAND: POST /session/dc388682b4200c5e048280db36f00fb1/element - {"using":"xpath","value":"(//span[contains(text(), \"CO/SD checked\")]/parent::div/preceding-sibling::div/span)[1]"}
RESULT: {"using":"xpath","value":"(//span[contains(text(), \"CO/SD checked\")]/parent::div/preceding-sibling::div/span)[1]"}
COMMAND: POST /session/dc388682b4200c5e048280db36f00fb1/element/f.5DEB10E109CE1E7B94EA7693F5B1958D.d.4AD8AEBAA1C3BBC45BFC52A33F8D6479.e.12742/click - {}
RESULT: {}
COMMAND: GET /session/dc388682b4200c5e048280db36f00fb1/screenshot - {}
RESULT: {}
COMMAND: POST /session/dc388682b4200c5e048280db36f00fb1/element - {"using":"xpath","value":"//input[contains(@id ,\"application-billingtransfer-display-component---billingWorkbench--smartFilterBar-btnBasicSearch\")]"}
RESULT: {"using":"xpath","value":"//input[contains(@id ,\"application-billingtransfer-display-component---billingWorkbench--smartFilterBar-btnBasicSearch\")]"}
COMMAND: POST /session/dc388682b4200c5e048280db36f00fb1/elements - {"using":"xpath","value":"//input[contains(@id ,\"application-billingtransfer-display-component---billingWorkbench--smartFilterBar-btnBasicSearch\")]"}
RESULT: {"using":"xpath","value":"//input[contains(@id ,\"application-billingtransfer-display-component---billingWorkbench--smartFilterBar-btnBasicSearch\")]"}
COMMAND: POST /session/dc388682b4200c5e048280db36f00fb1/execute/sync - {"script":"<script> [8489 bytes]","args":[{"element-6066-11e4-a52e-4f735466cecf":"f.5DEB10E109CE1E7B94EA7693F5B1958D.d.4AD8AEBAA1C3BBC45BFC52A33F8D6479.e.12577","ELEMENT":"f.5DEB10E109CE1E7B94EA7693F5B1958D.d.4AD8AEBAA1C3BBC45BFC52A33F8D6479.e.12577"}]}
RESULT: {"script":"<script> [8489 bytes]","args":[{"element-6066-11e4-a52e-4f735466cecf":"f.5DEB10E109CE1E7B94EA7693F5B1958D.d.4AD8AEBAA1C3BBC45BFC52A33F8D6479.e.12577","ELEMENT":"f.5DEB10E109CE1E7B94EA7693F5B1958D.d.4AD8AEBAA1C3BBC45BFC52A33F8D6479.e.12577"}]}
COMMAND: GET /session/dc388682b4200c5e048280db36f00fb1/element/f.5DEB10E109CE1E7B94EA7693F5B1958D.d.4AD8AEBAA1C3BBC45BFC52A33F8D6479.e.12577/enabled - {}
COMMAND: GET /session/dc388682b4200c5e048280db36f00fb1/screenshot - {}
RESULT: {}
COMMAND: POST /session/dc388682b4200c5e048280db36f00fb1/element/f.5DEB10E109CE1E7B94EA7693F5B1958D.d.4AD8AEBAA1C3BBC45BFC52A33F8D6479.e.12577/click - {}
COMMAND: GET /session/dc388682b4200c5e048280db36f00fb1/screenshot - {}
RESULT: {}
RESULT: {}
COMMAND: GET /session/dc388682b4200c5e048280db36f00fb1/screenshot - {}
RESULT: {}
RESULT: {}
COMMAND: POST /session/dc388682b4200c5e048280db36f00fb1/element/f.5DEB10E109CE1E7B94EA7693F5B1958D.d.4AD8AEBAA1C3BBC45BFC52A33F8D6479.e.12577/clear - {}
RESULT: {}
COMMAND: POST /session/dc388682b4200c5e048280db36f00fb1/element/f.5DEB10E109CE1E7B94EA7693F5B1958D.d.4AD8AEBAA1C3BBC45BFC52A33F8D6479.e.12577/value - {"text":"10290"}
COMMAND: GET /session/dc388682b4200c5e048280db36f00fb1/screenshot - {}
RESULT: {"text":"10290"}
COMMAND: POST /session/dc388682b4200c5e048280db36f00fb1/actions - {"actions":[{"id":"action43","type":"key","parameters":{},"actions":[{"type":"keyDown","value":"î€‡"},{"type":"pause","duration":10},{"type":"keyUp","value":"î€‡"}]}]}
COMMAND: GET /session/dc388682b4200c5e048280db36f00fb1/screenshot - {}
RESULT: {}
RESULT: {"actions":[{"id":"action43","type":"key","parameters":{},"actions":[{"type":"keyDown","value":"î€‡"},{"type":"pause","duration":10},{"type":"keyUp","value":"î€‡"}]}]}
COMMAND: GET /session/dc388682b4200c5e048280db36f00fb1/screenshot - {}
RESULT: {}
RESULT: {}
COMMAND: POST /session/dc388682b4200c5e048280db36f00fb1/element - {"using":"xpath","value":"//span[contains(@id ,\"application-billingtransfer-display-component---billingWorkbench--smartTableBillingRuns-header-inner\")]"}
RESULT: {"using":"xpath","value":"//span[contains(@id ,\"application-billingtransfer-display-component---billingWorkbench--smartTableBillingRuns-header-inner\")]"}
COMMAND: POST /session/dc388682b4200c5e048280db36f00fb1/elements - {"using":"xpath","value":"//span[contains(@id ,\"application-billingtransfer-display-component---billingWorkbench--smartTableBillingRuns-header-inner\")]"}
RESULT: {"using":"xpath","value":"//span[contains(@id ,\"application-billingtransfer-display-component---billingWorkbench--smartTableBillingRuns-header-inner\")]"}
COMMAND: POST /session/dc388682b4200c5e048280db36f00fb1/execute/sync - {"script":"<script> [56 bytes]","args":[{"element-6066-11e4-a52e-4f735466cecf":"f.5DEB10E109CE1E7B94EA7693F5B1958D.d.4AD8AEBAA1C3BBC45BFC52A33F8D6479.e.12737","ELEMENT":"f.5DEB10E109CE1E7B94EA7693F5B1958D.d.4AD8AEBAA1C3BBC45BFC52A33F8D6479.e.12737"}]}
RESULT: {"script":"<script> [56 bytes]","args":[{"element-6066-11e4-a52e-4f735466cecf":"f.5DEB10E109CE1E7B94EA7693F5B1958D.d.4AD8AEBAA1C3BBC45BFC52A33F8D6479.e.12737","ELEMENT":"f.5DEB10E109CE1E7B94EA7693F5B1958D.d.4AD8AEBAA1C3BBC45BFC52A33F8D6479.e.12737"}]}
COMMAND: POST /session/dc388682b4200c5e048280db36f00fb1/element - {"using":"xpath","value":"//td[@aria-colindex=\"1\"]/div/div[contains(@class, \"sapMCbBg\")]"}
COMMAND: GET /session/dc388682b4200c5e048280db36f00fb1/screenshot - {}
RESULT: {"using":"xpath","value":"//td[@aria-colindex=\"1\"]/div/div[contains(@class, \"sapMCbBg\")]"}
COMMAND: POST /session/dc388682b4200c5e048280db36f00fb1/element/f.5DEB10E109CE1E7B94EA7693F5B1958D.d.4AD8AEBAA1C3BBC45BFC52A33F8D6479.e.12746/click - {}
RESULT: {}
RESULT: {}
COMMAND: GET /session/dc388682b4200c5e048280db36f00fb1/screenshot - {}
RESULT: {}
COMMAND: POST /session/dc388682b4200c5e048280db36f00fb1/element - {"using":"xpath","value":"//bdi[text()=\"Transfer\"]"}
RESULT: {"using":"xpath","value":"//bdi[text()=\"Transfer\"]"}
COMMAND: POST /session/dc388682b4200c5e048280db36f00fb1/element/f.5DEB10E109CE1E7B94EA7693F5B1958D.d.4AD8AEBAA1C3BBC45BFC52A33F8D6479.e.12747/click - {}
RESULT: {}
COMMAND: GET /session/dc388682b4200c5e048280db36f00fb1/screenshot - {}
RESULT: {}
COMMAND: POST /session/dc388682b4200c5e048280db36f00fb1/element - {"using":"xpath","value":"//bdi[contains(text(), \"OK\")]"}
RESULT: {"using":"xpath","value":"//bdi[contains(text(), \"OK\")]"}
COMMAND: POST /session/dc388682b4200c5e048280db36f00fb1/element/f.5DEB10E109CE1E7B94EA7693F5B1958D.d.4AD8AEBAA1C3BBC45BFC52A33F8D6479.e.12750/click - {}
RESULT: {}
COMMAND: GET /session/dc388682b4200c5e048280db36f00fb1/screenshot - {}
RESULT: {}
COMMAND: POST /session/dc388682b4200c5e048280db36f00fb1/element - {"using":"xpath","value":"(//span[contains(text(), \"Completed\")]/parent::div/preceding-sibling::div/span)[1]"}
RESULT: {"using":"xpath","value":"(//span[contains(text(), \"Completed\")]/parent::div/preceding-sibling::div/span)[1]"}
COMMAND: POST /session/dc388682b4200c5e048280db36f00fb1/element/f.5DEB10E109CE1E7B94EA7693F5B1958D.d.4AD8AEBAA1C3BBC45BFC52A33F8D6479.e.12758/click - {}
RESULT: {}
COMMAND: POST /session/dc388682b4200c5e048280db36f00fb1/element - {"using":"xpath","value":"//input[contains(@id ,\"application-billingtransfer-display-component---billingWorkbench--smartFilterBar-btnBasicSearch\")]"}
COMMAND: GET /session/dc388682b4200c5e048280db36f00fb1/screenshot - {}
RESULT: {"using":"xpath","value":"//input[contains(@id ,\"application-billingtransfer-display-component---billingWorkbench--smartFilterBar-btnBasicSearch\")]"}
COMMAND: POST /session/dc388682b4200c5e048280db36f00fb1/elements - {"using":"xpath","value":"//input[contains(@id ,\"application-billingtransfer-display-component---billingWorkbench--smartFilterBar-btnBasicSearch\")]"}
RESULT: {}
RESULT: {"using":"xpath","value":"//input[contains(@id ,\"application-billingtransfer-display-component---billingWorkbench--smartFilterBar-btnBasicSearch\")]"}
COMMAND: POST /session/dc388682b4200c5e048280db36f00fb1/execute/sync - {"script":"<script> [8489 bytes]","args":[{"element-6066-11e4-a52e-4f735466cecf":"f.5DEB10E109CE1E7B94EA7693F5B1958D.d.4AD8AEBAA1C3BBC45BFC52A33F8D6479.e.12577","ELEMENT":"f.5DEB10E109CE1E7B94EA7693F5B1958D.d.4AD8AEBAA1C3BBC45BFC52A33F8D6479.e.12577"}]}
RESULT: {"script":"<script> [8489 bytes]","args":[{"element-6066-11e4-a52e-4f735466cecf":"f.5DEB10E109CE1E7B94EA7693F5B1958D.d.4AD8AEBAA1C3BBC45BFC52A33F8D6479.e.12577","ELEMENT":"f.5DEB10E109CE1E7B94EA7693F5B1958D.d.4AD8AEBAA1C3BBC45BFC52A33F8D6479.e.12577"}]}
COMMAND: GET /session/dc388682b4200c5e048280db36f00fb1/element/f.5DEB10E109CE1E7B94EA7693F5B1958D.d.4AD8AEBAA1C3BBC45BFC52A33F8D6479.e.12577/enabled - {}
COMMAND: GET /session/dc388682b4200c5e048280db36f00fb1/screenshot - {}
RESULT: {}
COMMAND: POST /session/dc388682b4200c5e048280db36f00fb1/element/f.5DEB10E109CE1E7B94EA7693F5B1958D.d.4AD8AEBAA1C3BBC45BFC52A33F8D6479.e.12577/click - {}
COMMAND: GET /session/dc388682b4200c5e048280db36f00fb1/screenshot - {}
RESULT: {}
RESULT: {}
COMMAND: GET /session/dc388682b4200c5e048280db36f00fb1/screenshot - {}
RESULT: {}
RESULT: {}
COMMAND: POST /session/dc388682b4200c5e048280db36f00fb1/element/f.5DEB10E109CE1E7B94EA7693F5B1958D.d.4AD8AEBAA1C3BBC45BFC52A33F8D6479.e.12577/clear - {}
RESULT: {}
COMMAND: POST /session/dc388682b4200c5e048280db36f00fb1/element/f.5DEB10E109CE1E7B94EA7693F5B1958D.d.4AD8AEBAA1C3BBC45BFC52A33F8D6479.e.12577/value - {"text":"10290"}
COMMAND: GET /session/dc388682b4200c5e048280db36f00fb1/screenshot - {}
RESULT: {"text":"10290"}
COMMAND: POST /session/dc388682b4200c5e048280db36f00fb1/actions - {"actions":[{"id":"action44","type":"key","parameters":{},"actions":[{"type":"keyDown","value":"î€‡"},{"type":"pause","duration":10},{"type":"keyUp","value":"î€‡"}]}]}
COMMAND: GET /session/dc388682b4200c5e048280db36f00fb1/screenshot - {}
RESULT: {}
RESULT: {"actions":[{"id":"action44","type":"key","parameters":{},"actions":[{"type":"keyDown","value":"î€‡"},{"type":"pause","duration":10},{"type":"keyUp","value":"î€‡"}]}]}
COMMAND: GET /session/dc388682b4200c5e048280db36f00fb1/screenshot - {}
RESULT: {}
RESULT: {}
COMMAND: POST /session/dc388682b4200c5e048280db36f00fb1/element - {"using":"xpath","value":"//span[contains(@id ,\"application-billingtransfer-display-component---billingWorkbench--smartTableBillingRuns-header-inner\")]"}
RESULT: {"using":"xpath","value":"//span[contains(@id ,\"application-billingtransfer-display-component---billingWorkbench--smartTableBillingRuns-header-inner\")]"}
COMMAND: POST /session/dc388682b4200c5e048280db36f00fb1/elements - {"using":"xpath","value":"//span[contains(@id ,\"application-billingtransfer-display-component---billingWorkbench--smartTableBillingRuns-header-inner\")]"}
RESULT: {"using":"xpath","value":"//span[contains(@id ,\"application-billingtransfer-display-component---billingWorkbench--smartTableBillingRuns-header-inner\")]"}
COMMAND: POST /session/dc388682b4200c5e048280db36f00fb1/execute/sync - {"script":"<script> [56 bytes]","args":[{"element-6066-11e4-a52e-4f735466cecf":"f.5DEB10E109CE1E7B94EA7693F5B1958D.d.4AD8AEBAA1C3BBC45BFC52A33F8D6479.e.12737","ELEMENT":"f.5DEB10E109CE1E7B94EA7693F5B1958D.d.4AD8AEBAA1C3BBC45BFC52A33F8D6479.e.12737"}]}
RESULT: {"script":"<script> [56 bytes]","args":[{"element-6066-11e4-a52e-4f735466cecf":"f.5DEB10E109CE1E7B94EA7693F5B1958D.d.4AD8AEBAA1C3BBC45BFC52A33F8D6479.e.12737","ELEMENT":"f.5DEB10E109CE1E7B94EA7693F5B1958D.d.4AD8AEBAA1C3BBC45BFC52A33F8D6479.e.12737"}]}
COMMAND: GET /session/dc388682b4200c5e048280db36f00fb1/screenshot - {}
RESULT: {}
COMMAND: POST /session/dc388682b4200c5e048280db36f00fb1/execute/sync - {"script":"<script> [56 bytes]","args":[{"element-6066-11e4-a52e-4f735466cecf":"f.5DEB10E109CE1E7B94EA7693F5B1958D.d.4AD8AEBAA1C3BBC45BFC52A33F8D6479.e.12737","ELEMENT":"f.5DEB10E109CE1E7B94EA7693F5B1958D.d.4AD8AEBAA1C3BBC45BFC52A33F8D6479.e.12737"}]}
RESULT: {"script":"<script> [56 bytes]","args":[{"element-6066-11e4-a52e-4f735466cecf":"f.5DEB10E109CE1E7B94EA7693F5B1958D.d.4AD8AEBAA1C3BBC45BFC52A33F8D6479.e.12737","ELEMENT":"f.5DEB10E109CE1E7B94EA7693F5B1958D.d.4AD8AEBAA1C3BBC45BFC52A33F8D6479.e.12737"}]}
COMMAND: GET /session/dc388682b4200c5e048280db36f00fb1/screenshot - {}
COMMAND: POST /session/dc388682b4200c5e048280db36f00fb1/execute/sync - {"script":"<script> [56 bytes]","args":[{"element-6066-11e4-a52e-4f735466cecf":"f.5DEB10E109CE1E7B94EA7693F5B1958D.d.4AD8AEBAA1C3BBC45BFC52A33F8D6479.e.12737","ELEMENT":"f.5DEB10E109CE1E7B94EA7693F5B1958D.d.4AD8AEBAA1C3BBC45BFC52A33F8D6479.e.12737"}]}
RESULT: {}
RESULT: {"script":"<script> [56 bytes]","args":[{"element-6066-11e4-a52e-4f735466cecf":"f.5DEB10E109CE1E7B94EA7693F5B1958D.d.4AD8AEBAA1C3BBC45BFC52A33F8D6479.e.12737","ELEMENT":"f.5DEB10E109CE1E7B94EA7693F5B1958D.d.4AD8AEBAA1C3BBC45BFC52A33F8D6479.e.12737"}]}
COMMAND: POST /session/dc388682b4200c5e048280db36f00fb1/element - {"using":"css selector","value":"#shell-header-logo"}
COMMAND: GET /session/dc388682b4200c5e048280db36f00fb1/screenshot - {}
RESULT: {"using":"css selector","value":"#shell-header-logo"}
COMMAND: POST /session/dc388682b4200c5e048280db36f00fb1/element/f.5DEB10E109CE1E7B94EA7693F5B1958D.d.4AD8AEBAA1C3BBC45BFC52A33F8D6479.e.12575/click - {}
RESULT: {}
RESULT: {}
COMMAND: GET /session/dc388682b4200c5e048280db36f00fb1/screenshot - {}
RESULT: {}
COMMAND: POST /session/dc388682b4200c5e048280db36f00fb1/element - {"using":"css selector","value":"#j_username"}
COMMAND: POST /session/dc388682b4200c5e048280db36f00fb1/url - {"url":"https://qa-testing-00-live-etm-ui.cfapps.eu10-004.hana.ondemand.com/"}
RESULT: {"using":"css selector","value":"#j_username"}
COMMAND: POST /session/dc388682b4200c5e048280db36f00fb1/element - {"using":"css selector","value":"#j_username"}
RESULT: {"url":"https://qa-testing-00-live-etm-ui.cfapps.eu10-004.hana.ondemand.com/"}
RESULT: undefined
COMMAND: GET /session/dc388682b4200c5e048280db36f00fb1/screenshot - {}
RESULT: {"using":"css selector","value":"#j_username"}
COMMAND: POST /session/dc388682b4200c5e048280db36f00fb1/element - {"using":"css selector","value":"#shell-header-logo"}
RESULT: {}
RESULT: {"using":"css selector","value":"#shell-header-logo"}
COMMAND: POST /session/dc388682b4200c5e048280db36f00fb1/execute/sync - {"script":"<script> [8489 bytes]","args":[{"element-6066-11e4-a52e-4f735466cecf":"f.5DEB10E109CE1E7B94EA7693F5B1958D.d.D90B6CFD886B52A7595091CE1666A555.e.12767","ELEMENT":"f.5DEB10E109CE1E7B94EA7693F5B1958D.d.D90B6CFD886B52A7595091CE1666A555.e.12767"}]}
RESULT: {"script":"<script> [8489 bytes]","args":[{"element-6066-11e4-a52e-4f735466cecf":"f.5DEB10E109CE1E7B94EA7693F5B1958D.d.D90B6CFD886B52A7595091CE1666A555.e.12767","ELEMENT":"f.5DEB10E109CE1E7B94EA7693F5B1958D.d.D90B6CFD886B52A7595091CE1666A555.e.12767"}]}
COMMAND: POST /session/dc388682b4200c5e048280db36f00fb1/element - {"using":"css selector","value":"#shell-header-logo"}
COMMAND: GET /session/dc388682b4200c5e048280db36f00fb1/screenshot - {}
RESULT: {"using":"css selector","value":"#shell-header-logo"}
COMMAND: POST /session/dc388682b4200c5e048280db36f00fb1/execute/sync - {"script":"<script> [8489 bytes]","args":[{"element-6066-11e4-a52e-4f735466cecf":"f.5DEB10E109CE1E7B94EA7693F5B1958D.d.D90B6CFD886B52A7595091CE1666A555.e.12767","ELEMENT":"f.5DEB10E109CE1E7B94EA7693F5B1958D.d.D90B6CFD886B52A7595091CE1666A555.e.12767"}]}
RESULT: {}
RESULT: {"script":"<script> [8489 bytes]","args":[{"element-6066-11e4-a52e-4f735466cecf":"f.5DEB10E109CE1E7B94EA7693F5B1958D.d.D90B6CFD886B52A7595091CE1666A555.e.12767","ELEMENT":"f.5DEB10E109CE1E7B94EA7693F5B1958D.d.D90B6CFD886B52A7595091CE1666A555.e.12767"}]}
COMMAND: POST /session/dc388682b4200c5e048280db36f00fb1/execute/sync - {"script":"<script> [5351 bytes]","args":[{"element-6066-11e4-a52e-4f735466cecf":"f.5DEB10E109CE1E7B94EA7693F5B1958D.d.D90B6CFD886B52A7595091CE1666A555.e.12767","ELEMENT":"f.5DEB10E109CE1E7B94EA7693F5B1958D.d.D90B6CFD886B52A7595091CE1666A555.e.12767"}]}
COMMAND: GET /session/dc388682b4200c5e048280db36f00fb1/screenshot - {}
RESULT: {"script":"<script> [5351 bytes]","args":[{"element-6066-11e4-a52e-4f735466cecf":"f.5DEB10E109CE1E7B94EA7693F5B1958D.d.D90B6CFD886B52A7595091CE1666A555.e.12767","ELEMENT":"f.5DEB10E109CE1E7B94EA7693F5B1958D.d.D90B6CFD886B52A7595091CE1666A555.e.12767"}]}
COMMAND: POST /session/dc388682b4200c5e048280db36f00fb1/element - {"using":"css selector","value":"#shell-header-logo"}
COMMAND: GET /session/dc388682b4200c5e048280db36f00fb1/screenshot - {}
RESULT: {}
RESULT: {"using":"css selector","value":"#shell-header-logo"}
COMMAND: POST /session/dc388682b4200c5e048280db36f00fb1/element/f.5DEB10E109CE1E7B94EA7693F5B1958D.d.D90B6CFD886B52A7595091CE1666A555.e.12767/click - {}
RESULT: {}
RESULT: {}
COMMAND: GET /session/dc388682b4200c5e048280db36f00fb1/screenshot - {}
RESULT: {}
COMMAND: POST /session/dc388682b4200c5e048280db36f00fb1/execute/async - {"script":"<script> [189 bytes]","args":[]}
RESULT: {"script":"<script> [189 bytes]","args":[]}
COMMAND: POST /session/dc388682b4200c5e048280db36f00fb1/execute/async - {"script":"<script> [123 bytes]","args":[]}
RESULT: {"script":"<script> [123 bytes]","args":[]}
COMMAND: POST /session/dc388682b4200c5e048280db36f00fb1/timeouts - {"script":"<number>"}
RESULT: {"script":"<number>"}
COMMAND: GET /session/dc388682b4200c5e048280db36f00fb1/timeouts - {}
RESULT: {}
RESULT: undefined
COMMAND: POST /session/dc388682b4200c5e048280db36f00fb1/execute/async - {"script":"<script> [2676 bytes]","args":[]}
RESULT: {"script":"<script> [2676 bytes]","args":[]}
COMMAND: POST /session/dc388682b4200c5e048280db36f00fb1/execute/async - {"script":"<script> [2342 bytes]","args":[{"protocol":"http","hostname":"0.0.0.0","path":"/","capabilities":{"browserName":"chrome","goog:chromeOptions":{"binary":"C:\\Program Files\\Google\\Chrome\\Application\\chrome.exe","args":["--start-maximized"]}},"logLevel":"warn","connectionRetryTimeout":120000,"connectionRetryCount":3,"logLevels":{},"enableDirectConnect":true,"strictSSL":true,"_":"65 more keys: [\"cacheDir\",\"port\",\"requestedCapabilities\",\"automationProtocol\",\"baseUrl\",\"waitforInterval\",\"waitforTimeout\",\"onReload\",\"beforeCommand\",\"afterCommand\",\"rootDir\",\"specs\",\"suites\",\"exclude\",\"groupLogsByTestSpec\",\"excludeDriverLogs\",\"bail\",\"framework\",\"reporters\",\"services\",\"maxInstances\",\"maxInstancesPerCapability\",\"injectGlobals\",\"filesToWatch\",\"execArgv\",\"runnerEnv\",\"runner\",\"shard\",\"specFileRetries\",\"specFileRetriesDelay\",\"specFileRetriesDeferred\",\"reporterSyncInterval\",\"reporterSyncTimeout\",\"cucumberFeaturesWithLineNumbers\",\"autoCompileOpts\",\"mochaOpts\",\"jasmineOpts\",\"cucumberOpts\",\"onPrepare\",\"onWorkerStart\",\"onWorkerEnd\",\"before\",\"beforeSession\",\"beforeSuite\",\"beforeHook\",\"beforeTest\",\"afterTest\",\"afterHook\",\"afterSuite\",\"afterSession\",\"after\",\"onComplete\",\"beforeAssertion\",\"afterAssertion\",\"beforeFeature\",\"beforeScenario\",\"beforeStep\",\"afterStep\",\"afterScenario\",\"afterFeature\",\"_\",\"suite\",\"$0\",\"ignoredWorkerServices\",\"wdi5\"]"}]}
RESULT: {"script":"<script> [2342 bytes]","args":[{"protocol":"http","hostname":"0.0.0.0","path":"/","capabilities":{"browserName":"chrome","goog:chromeOptions":{"binary":"C:\\Program Files\\Google\\Chrome\\Application\\chrome.exe","args":["--start-maximized"]}},"logLevel":"warn","connectionRetryTimeout":120000,"connectionRetryCount":3,"logLevels":{},"enableDirectConnect":true,"strictSSL":true,"_":"65 more keys: [\"cacheDir\",\"port\",\"requestedCapabilities\",\"automationProtocol\",\"baseUrl\",\"waitforInterval\",\"waitforTimeout\",\"onReload\",\"beforeCommand\",\"afterCommand\",\"rootDir\",\"specs\",\"suites\",\"exclude\",\"groupLogsByTestSpec\",\"excludeDriverLogs\",\"bail\",\"framework\",\"reporters\",\"services\",\"maxInstances\",\"maxInstancesPerCapability\",\"injectGlobals\",\"filesToWatch\",\"execArgv\",\"runnerEnv\",\"runner\",\"shard\",\"specFileRetries\",\"specFileRetriesDelay\",\"specFileRetriesDeferred\",\"reporterSyncInterval\",\"reporterSyncTimeout\",\"cucumberFeaturesWithLineNumbers\",\"autoCompileOpts\",\"mochaOpts\",\"jasmineOpts\",\"cucumberOpts\",\"onPrepare\",\"onWorkerStart\",\"onWorkerEnd\",\"before\",\"beforeSession\",\"beforeSuite\",\"beforeHook\",\"beforeTest\",\"afterTest\",\"afterHook\",\"afterSuite\",\"afterSession\",\"after\",\"onComplete\",\"beforeAssertion\",\"afterAssertion\",\"beforeFeature\",\"beforeScenario\",\"beforeStep\",\"afterStep\",\"afterScenario\",\"afterFeature\",\"_\",\"suite\",\"$0\",\"ignoredWorkerServices\",\"wdi5\"]"}]}
COMMAND: POST /session/dc388682b4200c5e048280db36f00fb1/execute/async - {"script":"<script> [21126 bytes]","args":[35000]}
RESULT: {"script":"<script> [21126 bytes]","args":[35000]}
COMMAND: POST /session/dc388682b4200c5e048280db36f00fb1/window/maximize - {}
RESULT: {}
COMMAND: POST /session/dc388682b4200c5e048280db36f00fb1/execute/async - {"script":"<script> [1562 bytes]","args":[{"selector":{"id":"shell-header","interaction":{"idSuffix":"icon"}},"wdio_ui5_key":"shellheader"}]}
COMMAND: GET /session/dc388682b4200c5e048280db36f00fb1/screenshot - {}
RESULT: {"script":"<script> [1562 bytes]","args":[{"selector":{"id":"shell-header","interaction":{"idSuffix":"icon"}},"wdio_ui5_key":"shellheader"}]}
RESULT: undefined
COMMAND: POST /session/dc388682b4200c5e048280db36f00fb1/refresh - {}
RESULT: {}
RESULT: {}
COMMAND: GET /session/dc388682b4200c5e048280db36f00fb1/screenshot - {}
RESULT: {}
COMMAND: POST /session/dc388682b4200c5e048280db36f00fb1/refresh - {}
RESULT: {}
COMMAND: GET /session/dc388682b4200c5e048280db36f00fb1/screenshot - {}
RESULT: {}
COMMAND: POST /session/dc388682b4200c5e048280db36f00fb1/window/fullscreen - {}
RESULT: {}
COMMAND: POST /session/dc388682b4200c5e048280db36f00fb1/execute/async - {"script":"<script> [189 bytes]","args":[]}
RESULT: {"script":"<script> [189 bytes]","args":[]}
COMMAND: POST /session/dc388682b4200c5e048280db36f00fb1/execute/async - {"script":"<script> [123 bytes]","args":[]}
RESULT: {"script":"<script> [123 bytes]","args":[]}
COMMAND: POST /session/dc388682b4200c5e048280db36f00fb1/timeouts - {"script":"<number>"}
RESULT: {"script":"<number>"}
COMMAND: GET /session/dc388682b4200c5e048280db36f00fb1/timeouts - {}
RESULT: {}
RESULT: undefined
COMMAND: POST /session/dc388682b4200c5e048280db36f00fb1/execute/async - {"script":"<script> [2676 bytes]","args":[]}
RESULT: {"script":"<script> [2676 bytes]","args":[]}
COMMAND: POST /session/dc388682b4200c5e048280db36f00fb1/execute/async - {"script":"<script> [2342 bytes]","args":[{"protocol":"http","hostname":"0.0.0.0","path":"/","capabilities":{"browserName":"chrome","goog:chromeOptions":{"binary":"C:\\Program Files\\Google\\Chrome\\Application\\chrome.exe","args":["--start-maximized"]}},"logLevel":"warn","connectionRetryTimeout":120000,"connectionRetryCount":3,"logLevels":{},"enableDirectConnect":true,"strictSSL":true,"_":"65 more keys: [\"cacheDir\",\"port\",\"requestedCapabilities\",\"automationProtocol\",\"baseUrl\",\"waitforInterval\",\"waitforTimeout\",\"onReload\",\"beforeCommand\",\"afterCommand\",\"rootDir\",\"specs\",\"suites\",\"exclude\",\"groupLogsByTestSpec\",\"excludeDriverLogs\",\"bail\",\"framework\",\"reporters\",\"services\",\"maxInstances\",\"maxInstancesPerCapability\",\"injectGlobals\",\"filesToWatch\",\"execArgv\",\"runnerEnv\",\"runner\",\"shard\",\"specFileRetries\",\"specFileRetriesDelay\",\"specFileRetriesDeferred\",\"reporterSyncInterval\",\"reporterSyncTimeout\",\"cucumberFeaturesWithLineNumbers\",\"autoCompileOpts\",\"mochaOpts\",\"jasmineOpts\",\"cucumberOpts\",\"onPrepare\",\"onWorkerStart\",\"onWorkerEnd\",\"before\",\"beforeSession\",\"beforeSuite\",\"beforeHook\",\"beforeTest\",\"afterTest\",\"afterHook\",\"afterSuite\",\"afterSession\",\"after\",\"onComplete\",\"beforeAssertion\",\"afterAssertion\",\"beforeFeature\",\"beforeScenario\",\"beforeStep\",\"afterStep\",\"afterScenario\",\"afterFeature\",\"_\",\"suite\",\"$0\",\"ignoredWorkerServices\",\"wdi5\"]"}]}
RESULT: {"script":"<script> [2342 bytes]","args":[{"protocol":"http","hostname":"0.0.0.0","path":"/","capabilities":{"browserName":"chrome","goog:chromeOptions":{"binary":"C:\\Program Files\\Google\\Chrome\\Application\\chrome.exe","args":["--start-maximized"]}},"logLevel":"warn","connectionRetryTimeout":120000,"connectionRetryCount":3,"logLevels":{},"enableDirectConnect":true,"strictSSL":true,"_":"65 more keys: [\"cacheDir\",\"port\",\"requestedCapabilities\",\"automationProtocol\",\"baseUrl\",\"waitforInterval\",\"waitforTimeout\",\"onReload\",\"beforeCommand\",\"afterCommand\",\"rootDir\",\"specs\",\"suites\",\"exclude\",\"groupLogsByTestSpec\",\"excludeDriverLogs\",\"bail\",\"framework\",\"reporters\",\"services\",\"maxInstances\",\"maxInstancesPerCapability\",\"injectGlobals\",\"filesToWatch\",\"execArgv\",\"runnerEnv\",\"runner\",\"shard\",\"specFileRetries\",\"specFileRetriesDelay\",\"specFileRetriesDeferred\",\"reporterSyncInterval\",\"reporterSyncTimeout\",\"cucumberFeaturesWithLineNumbers\",\"autoCompileOpts\",\"mochaOpts\",\"jasmineOpts\",\"cucumberOpts\",\"onPrepare\",\"onWorkerStart\",\"onWorkerEnd\",\"before\",\"beforeSession\",\"beforeSuite\",\"beforeHook\",\"beforeTest\",\"afterTest\",\"afterHook\",\"afterSuite\",\"afterSession\",\"after\",\"onComplete\",\"beforeAssertion\",\"afterAssertion\",\"beforeFeature\",\"beforeScenario\",\"beforeStep\",\"afterStep\",\"afterScenario\",\"afterFeature\",\"_\",\"suite\",\"$0\",\"ignoredWorkerServices\",\"wdi5\"]"}]}
COMMAND: POST /session/dc388682b4200c5e048280db36f00fb1/execute/async - {"script":"<script> [21126 bytes]","args":[35000]}
RESULT: {"script":"<script> [21126 bytes]","args":[35000]}
]]></system-out>
    </testcase>
  </testsuite>
  <testsuite timestamp="2025-05-16T06:29:33" time="763.041" tests="12" failures="0" errors="0" skipped="0">
    <properties>
      <property name="specId" value="0" />
      <property name="suiteName" value="Billing transfer US117289" />
      <property name="capabilities" value="chrome.136_0_7103_93.windows" />
      <property name="file" value="file:///D:/a/1/s/test/specs/BTS/billing-transfer.spec.js" />
    </properties>
    <testcase classname="chrome.136_0_7103_93.windows.Billing_transfer_US117289" name="Should create a new yard" time="0.031">
      <system-out><![CDATA[
COMMAND: POST /session/dc388682b4200c5e048280db36f00fb1/window/fullscreen - {}
RESULT: {}
]]></system-out>
    </testcase>
    <testcase classname="chrome.136_0_7103_93.windows.Billing_transfer_US117289" name="Should create a new partner" time="0.005" />
    <testcase classname="chrome.136_0_7103_93.windows.Billing_transfer_US117289" name="Should create a new site" time="0.004" />
    <testcase classname="chrome.136_0_7103_93.windows.Billing_transfer_US117289" name="Should create a new equipment" time="150.997">
      <system-out><![CDATA[
COMMAND: POST /session/dc388682b4200c5e048280db36f00fb1/execute/async - {"script":"<script> [1562 bytes]","args":[{"selector":{"controlType":"sap.m.GenericTile","properties":{"header":"Manage Resources"}},"wdio_ui5_key":"sapm.GenericTile{\"header\":\"Manage Resources\"}"}]}
RESULT: {"script":"<script> [1562 bytes]","args":[{"selector":{"controlType":"sap.m.GenericTile","properties":{"header":"Manage Resources"}},"wdio_ui5_key":"sapm.GenericTile{\"header\":\"Manage Resources\"}"}]}
RESULT: undefined
COMMAND: POST /session/dc388682b4200c5e048280db36f00fb1/element - {"using":"xpath","value":"//*[@id=\"__tile39\"]"}
RESULT: {"using":"xpath","value":"//*[@id=\"__tile39\"]"}
COMMAND: POST /session/dc388682b4200c5e048280db36f00fb1/element/f.5DEB10E109CE1E7B94EA7693F5B1958D.d.375AAF9C72274F383BD237A48E5C139F.e.12930/click - {}
RESULT: {}
COMMAND: GET /session/dc388682b4200c5e048280db36f00fb1/screenshot - {}
RESULT: {}
COMMAND: POST /session/dc388682b4200c5e048280db36f00fb1/elements - {"using":"xpath","value":"//span[text()='Error']"}
RESULT: {"using":"xpath","value":"//span[text()='Error']"}
COMMAND: POST /session/dc388682b4200c5e048280db36f00fb1/element - {"using":"xpath","value":"//button[@data-kt=\"addNewRUOverflowToolbarButton\"]"}
RESULT: {"using":"xpath","value":"//button[@data-kt=\"addNewRUOverflowToolbarButton\"]"}
COMMAND: POST /session/dc388682b4200c5e048280db36f00fb1/elements - {"using":"xpath","value":"//button[@data-kt=\"addNewRUOverflowToolbarButton\"]"}
RESULT: {"using":"xpath","value":"//button[@data-kt=\"addNewRUOverflowToolbarButton\"]"}
COMMAND: POST /session/dc388682b4200c5e048280db36f00fb1/elements - {"using":"xpath","value":"//button[@data-kt=\"addNewRUOverflowToolbarButton\"]"}
RESULT: {"using":"xpath","value":"//button[@data-kt=\"addNewRUOverflowToolbarButton\"]"}
COMMAND: POST /session/dc388682b4200c5e048280db36f00fb1/element - {"using":"xpath","value":"//button[@data-kt=\"addNewRUOverflowToolbarButton\"]"}
RESULT: {"using":"xpath","value":"//button[@data-kt=\"addNewRUOverflowToolbarButton\"]"}
COMMAND: POST /session/dc388682b4200c5e048280db36f00fb1/execute/sync - {"script":"<script> [8489 bytes]","args":[{"element-6066-11e4-a52e-4f735466cecf":"f.5DEB10E109CE1E7B94EA7693F5B1958D.d.375AAF9C72274F383BD237A48E5C139F.e.13073","ELEMENT":"f.5DEB10E109CE1E7B94EA7693F5B1958D.d.375AAF9C72274F383BD237A48E5C139F.e.13073"}]}
RESULT: {"script":"<script> [8489 bytes]","args":[{"element-6066-11e4-a52e-4f735466cecf":"f.5DEB10E109CE1E7B94EA7693F5B1958D.d.375AAF9C72274F383BD237A48E5C139F.e.13073","ELEMENT":"f.5DEB10E109CE1E7B94EA7693F5B1958D.d.375AAF9C72274F383BD237A48E5C139F.e.13073"}]}
COMMAND: GET /session/dc388682b4200c5e048280db36f00fb1/element/f.5DEB10E109CE1E7B94EA7693F5B1958D.d.375AAF9C72274F383BD237A48E5C139F.e.13073/enabled - {}
COMMAND: GET /session/dc388682b4200c5e048280db36f00fb1/screenshot - {}
RESULT: {}
COMMAND: POST /session/dc388682b4200c5e048280db36f00fb1/execute/sync - {"script":"<script> [8489 bytes]","args":[{"element-6066-11e4-a52e-4f735466cecf":"f.5DEB10E109CE1E7B94EA7693F5B1958D.d.375AAF9C72274F383BD237A48E5C139F.e.13073","ELEMENT":"f.5DEB10E109CE1E7B94EA7693F5B1958D.d.375AAF9C72274F383BD237A48E5C139F.e.13073"}]}
COMMAND: GET /session/dc388682b4200c5e048280db36f00fb1/screenshot - {}
RESULT: {}
RESULT: {"script":"<script> [8489 bytes]","args":[{"element-6066-11e4-a52e-4f735466cecf":"f.5DEB10E109CE1E7B94EA7693F5B1958D.d.375AAF9C72274F383BD237A48E5C139F.e.13073","ELEMENT":"f.5DEB10E109CE1E7B94EA7693F5B1958D.d.375AAF9C72274F383BD237A48E5C139F.e.13073"}]}
COMMAND: POST /session/dc388682b4200c5e048280db36f00fb1/execute/sync - {"script":"<script> [5351 bytes]","args":[{"element-6066-11e4-a52e-4f735466cecf":"f.5DEB10E109CE1E7B94EA7693F5B1958D.d.375AAF9C72274F383BD237A48E5C139F.e.13073","ELEMENT":"f.5DEB10E109CE1E7B94EA7693F5B1958D.d.375AAF9C72274F383BD237A48E5C139F.e.13073"}]}
COMMAND: GET /session/dc388682b4200c5e048280db36f00fb1/screenshot - {}
RESULT: {}
RESULT: {"script":"<script> [5351 bytes]","args":[{"element-6066-11e4-a52e-4f735466cecf":"f.5DEB10E109CE1E7B94EA7693F5B1958D.d.375AAF9C72274F383BD237A48E5C139F.e.13073","ELEMENT":"f.5DEB10E109CE1E7B94EA7693F5B1958D.d.375AAF9C72274F383BD237A48E5C139F.e.13073"}]}
COMMAND: POST /session/dc388682b4200c5e048280db36f00fb1/element/f.5DEB10E109CE1E7B94EA7693F5B1958D.d.375AAF9C72274F383BD237A48E5C139F.e.13073/click - {}
COMMAND: GET /session/dc388682b4200c5e048280db36f00fb1/screenshot - {}
RESULT: {}
RESULT: {}
COMMAND: GET /session/dc388682b4200c5e048280db36f00fb1/screenshot - {}
COMMAND: POST /session/dc388682b4200c5e048280db36f00fb1/execute/async - {"script":"<script> [1562 bytes]","args":[{"selector":{"id":"application-manageresources-display-component---newResourceUnit--TYPE-arrow"},"wdio_ui5_key":"applicationmanageresources-display-component---newResourceUnit--TYPE-arrow"}]}
RESULT: {}
RESULT: {}
RESULT: {"script":"<script> [1562 bytes]","args":[{"selector":{"id":"application-manageresources-display-component---newResourceUnit--TYPE-arrow"},"wdio_ui5_key":"applicationmanageresources-display-component---newResourceUnit--TYPE-arrow"}]}
RESULT: undefined
COMMAND: POST /session/dc388682b4200c5e048280db36f00fb1/element - {"using":"xpath","value":"//*[@id=\"application-manageresources-display-component---newResourceUnit--TYPE-arrow\"]"}
RESULT: {"using":"xpath","value":"//*[@id=\"application-manageresources-display-component---newResourceUnit--TYPE-arrow\"]"}
COMMAND: POST /session/dc388682b4200c5e048280db36f00fb1/element/f.5DEB10E109CE1E7B94EA7693F5B1958D.d.375AAF9C72274F383BD237A48E5C139F.e.13427/click - {}
RESULT: {}
COMMAND: POST /session/dc388682b4200c5e048280db36f00fb1/element - {"using":"xpath","value":"//input[@id=\"application-manageresources-display-component---newResourceUnit--TYPE-inner\"]"}
COMMAND: GET /session/dc388682b4200c5e048280db36f00fb1/screenshot - {}
RESULT: {"using":"xpath","value":"//input[@id=\"application-manageresources-display-component---newResourceUnit--TYPE-inner\"]"}
COMMAND: POST /session/dc388682b4200c5e048280db36f00fb1/element/f.5DEB10E109CE1E7B94EA7693F5B1958D.d.375AAF9C72274F383BD237A48E5C139F.e.13423/clear - {}
RESULT: {}
RESULT: {}
COMMAND: POST /session/dc388682b4200c5e048280db36f00fb1/element/f.5DEB10E109CE1E7B94EA7693F5B1958D.d.375AAF9C72274F383BD237A48E5C139F.e.13423/value - {"text":"Equipment"}
COMMAND: GET /session/dc388682b4200c5e048280db36f00fb1/screenshot - {}
RESULT: {"text":"Equipment"}
COMMAND: GET /session/dc388682b4200c5e048280db36f00fb1/screenshot - {}
RESULT: {}
RESULT: {}
COMMAND: POST /session/dc388682b4200c5e048280db36f00fb1/actions - {"actions":[{"id":"action45","type":"key","parameters":{},"actions":[{"type":"keyDown","value":"î€‡"},{"type":"pause","duration":10},{"type":"keyUp","value":"î€‡"}]}]}
RESULT: {"actions":[{"id":"action45","type":"key","parameters":{},"actions":[{"type":"keyDown","value":"î€‡"},{"type":"pause","duration":10},{"type":"keyUp","value":"î€‡"}]}]}
COMMAND: POST /session/dc388682b4200c5e048280db36f00fb1/execute/async - {"script":"<script> [1562 bytes]","args":[{"selector":{"id":"application-manageresources-display-component---newResourceUnit--resourceId","interaction":{"idSuffix":"inner"}},"wdio_ui5_key":"applicationmanageresources-display-component---newResourceUnit--resourceId"}]}
COMMAND: GET /session/dc388682b4200c5e048280db36f00fb1/screenshot - {}
RESULT: {"script":"<script> [1562 bytes]","args":[{"selector":{"id":"application-manageresources-display-component---newResourceUnit--resourceId","interaction":{"idSuffix":"inner"}},"wdio_ui5_key":"applicationmanageresources-display-component---newResourceUnit--resourceId"}]}
RESULT: undefined
COMMAND: POST /session/dc388682b4200c5e048280db36f00fb1/execute/async - {"script":"<script> [776 bytes]","args":[{"enterText":"LoaItQaSV6","selector":{"id":"application-manageresources-display-component---newResourceUnit--resourceId","interaction":{"idSuffix":"inner"}},"clearTextFirst":true,"interactionType":"ENTER_TEXT"}]}
RESULT: {}
RESULT: {"script":"<script> [776 bytes]","args":[{"enterText":"LoaItQaSV6","selector":{"id":"application-manageresources-display-component---newResourceUnit--resourceId","interaction":{"idSuffix":"inner"}},"clearTextFirst":true,"interactionType":"ENTER_TEXT"}]}
COMMAND: POST /session/dc388682b4200c5e048280db36f00fb1/execute/async - {"script":"<script> [1562 bytes]","args":[{"selector":{"id":"application-manageresources-display-component---newResourceUnit--SHORT_TEXT","interaction":{"idSuffix":"inner"}},"wdio_ui5_key":"applicationmanageresources-display-component---newResourceUnit--SHORT_TEXT"}]}
RESULT: {"script":"<script> [1562 bytes]","args":[{"selector":{"id":"application-manageresources-display-component---newResourceUnit--SHORT_TEXT","interaction":{"idSuffix":"inner"}},"wdio_ui5_key":"applicationmanageresources-display-component---newResourceUnit--SHORT_TEXT"}]}
RESULT: undefined
COMMAND: POST /session/dc388682b4200c5e048280db36f00fb1/execute/async - {"script":"<script> [776 bytes]","args":[{"enterText":"Intercompany Equipment WDIO","selector":{"id":"application-manageresources-display-component---newResourceUnit--SHORT_TEXT","interaction":{"idSuffix":"inner"}},"clearTextFirst":true,"interactionType":"ENTER_TEXT"}]}
RESULT: {"script":"<script> [776 bytes]","args":[{"enterText":"Intercompany Equipment WDIO","selector":{"id":"application-manageresources-display-component---newResourceUnit--SHORT_TEXT","interaction":{"idSuffix":"inner"}},"clearTextFirst":true,"interactionType":"ENTER_TEXT"}]}
COMMAND: POST /session/dc388682b4200c5e048280db36f00fb1/execute/async - {"script":"<script> [1562 bytes]","args":[{"selector":{"id":"application-manageresources-display-component---newResourceUnit--BASE_UNIT_OF_MEASURE","interaction":{"idSuffix":"inner"}},"wdio_ui5_key":"applicationmanageresources-display-component---newResourceUnit--BASE_UNIT_OF_MEASURE"}]}
RESULT: {"script":"<script> [1562 bytes]","args":[{"selector":{"id":"application-manageresources-display-component---newResourceUnit--BASE_UNIT_OF_MEASURE","interaction":{"idSuffix":"inner"}},"wdio_ui5_key":"applicationmanageresources-display-component---newResourceUnit--BASE_UNIT_OF_MEASURE"}]}
RESULT: undefined
COMMAND: POST /session/dc388682b4200c5e048280db36f00fb1/execute/async - {"script":"<script> [776 bytes]","args":[{"enterText":"Piece","selector":{"id":"application-manageresources-display-component---newResourceUnit--BASE_UNIT_OF_MEASURE","interaction":{"idSuffix":"inner"}},"clearTextFirst":true,"interactionType":"ENTER_TEXT"}]}
RESULT: {"script":"<script> [776 bytes]","args":[{"enterText":"Piece","selector":{"id":"application-manageresources-display-component---newResourceUnit--BASE_UNIT_OF_MEASURE","interaction":{"idSuffix":"inner"}},"clearTextFirst":true,"interactionType":"ENTER_TEXT"}]}
COMMAND: POST /session/dc388682b4200c5e048280db36f00fb1/execute/async - {"script":"<script> [1562 bytes]","args":[{"selector":{"id":"application-manageresources-display-component---newResourceUnit--WEIGHT_UNIT","interaction":{"idSuffix":"inner"}},"wdio_ui5_key":"applicationmanageresources-display-component---newResourceUnit--WEIGHT_UNIT"}]}
RESULT: {"script":"<script> [1562 bytes]","args":[{"selector":{"id":"application-manageresources-display-component---newResourceUnit--WEIGHT_UNIT","interaction":{"idSuffix":"inner"}},"wdio_ui5_key":"applicationmanageresources-display-component---newResourceUnit--WEIGHT_UNIT"}]}
RESULT: undefined
COMMAND: POST /session/dc388682b4200c5e048280db36f00fb1/execute/async - {"script":"<script> [776 bytes]","args":[{"enterText":"Gram","selector":{"id":"application-manageresources-display-component---newResourceUnit--WEIGHT_UNIT","interaction":{"idSuffix":"inner"}},"clearTextFirst":true,"interactionType":"ENTER_TEXT"}]}
RESULT: {"script":"<script> [776 bytes]","args":[{"enterText":"Gram","selector":{"id":"application-manageresources-display-component---newResourceUnit--WEIGHT_UNIT","interaction":{"idSuffix":"inner"}},"clearTextFirst":true,"interactionType":"ENTER_TEXT"}]}
COMMAND: POST /session/dc388682b4200c5e048280db36f00fb1/execute/async - {"script":"<script> [1562 bytes]","args":[{"selector":{"id":"application-manageresources-display-component---newResourceUnit--DIMENSION_UNIT","interaction":{"idSuffix":"inner"}},"wdio_ui5_key":"applicationmanageresources-display-component---newResourceUnit--DIMENSION_UNIT"}]}
RESULT: {"script":"<script> [1562 bytes]","args":[{"selector":{"id":"application-manageresources-display-component---newResourceUnit--DIMENSION_UNIT","interaction":{"idSuffix":"inner"}},"wdio_ui5_key":"applicationmanageresources-display-component---newResourceUnit--DIMENSION_UNIT"}]}
RESULT: undefined
COMMAND: POST /session/dc388682b4200c5e048280db36f00fb1/execute/async - {"script":"<script> [776 bytes]","args":[{"enterText":"Meter","selector":{"id":"application-manageresources-display-component---newResourceUnit--DIMENSION_UNIT","interaction":{"idSuffix":"inner"}},"clearTextFirst":true,"interactionType":"ENTER_TEXT"}]}
RESULT: {"script":"<script> [776 bytes]","args":[{"enterText":"Meter","selector":{"id":"application-manageresources-display-component---newResourceUnit--DIMENSION_UNIT","interaction":{"idSuffix":"inner"}},"clearTextFirst":true,"interactionType":"ENTER_TEXT"}]}
COMMAND: POST /session/dc388682b4200c5e048280db36f00fb1/execute/async - {"script":"<script> [1562 bytes]","args":[{"selector":{"id":"application-manageresources-display-component---newResourceUnit--newRRUPage-anchBar-application-manageresources-display-component---newResourceUnit--control-anchor","interaction":{"idSuffix":"BDI-content"}},"wdio_ui5_key":"applicationmanageresources-display-component---newResourceUnit--newRRUPage-anchBar-application-manageresources-display-component---newResourceUnit--control-anchor"}]}
RESULT: {"script":"<script> [1562 bytes]","args":[{"selector":{"id":"application-manageresources-display-component---newResourceUnit--newRRUPage-anchBar-application-manageresources-display-component---newResourceUnit--control-anchor","interaction":{"idSuffix":"BDI-content"}},"wdio_ui5_key":"applicationmanageresources-display-component---newResourceUnit--newRRUPage-anchBar-application-manageresources-display-component---newResourceUnit--control-anchor"}]}
RESULT: undefined
COMMAND: POST /session/dc388682b4200c5e048280db36f00fb1/element - {"using":"xpath","value":"//*[@id=\"application-manageresources-display-component---newResourceUnit--newRRUPage-anchBar-application-manageresources-display-component---newResourceUnit--control-anchor\"]"}
RESULT: {"using":"xpath","value":"//*[@id=\"application-manageresources-display-component---newResourceUnit--newRRUPage-anchBar-application-manageresources-display-component---newResourceUnit--control-anchor\"]"}
COMMAND: POST /session/dc388682b4200c5e048280db36f00fb1/element/f.5DEB10E109CE1E7B94EA7693F5B1958D.d.375AAF9C72274F383BD237A48E5C139F.e.13559/click - {}
RESULT: {}
COMMAND: POST /session/dc388682b4200c5e048280db36f00fb1/execute/async - {"script":"<script> [1562 bytes]","args":[{"selector":{"id":"application-manageresources-display-component---newResourceUnit--PLANNING_GROUP","interaction":{"idSuffix":"inner"}},"wdio_ui5_key":"applicationmanageresources-display-component---newResourceUnit--PLANNING_GROUP"}]}
COMMAND: GET /session/dc388682b4200c5e048280db36f00fb1/screenshot - {}
RESULT: {"script":"<script> [1562 bytes]","args":[{"selector":{"id":"application-manageresources-display-component---newResourceUnit--PLANNING_GROUP","interaction":{"idSuffix":"inner"}},"wdio_ui5_key":"applicationmanageresources-display-component---newResourceUnit--PLANNING_GROUP"}]}
RESULT: undefined
COMMAND: POST /session/dc388682b4200c5e048280db36f00fb1/execute/async - {"script":"<script> [776 bytes]","args":[{"enterText":"Heavy Equi","selector":{"id":"application-manageresources-display-component---newResourceUnit--PLANNING_GROUP","interaction":{"idSuffix":"inner"}},"clearTextFirst":true,"interactionType":"ENTER_TEXT"}]}
RESULT: {}
RESULT: {"script":"<script> [776 bytes]","args":[{"enterText":"Heavy Equi","selector":{"id":"application-manageresources-display-component---newResourceUnit--PLANNING_GROUP","interaction":{"idSuffix":"inner"}},"clearTextFirst":true,"interactionType":"ENTER_TEXT"}]}
COMMAND: POST /session/dc388682b4200c5e048280db36f00fb1/execute/async - {"script":"<script> [1562 bytes]","args":[{"selector":{"id":"application-manageresources-display-component---newResourceUnit--ITEM_TYPE-arrow"},"wdio_ui5_key":"applicationmanageresources-display-component---newResourceUnit--ITEM_TYPE-arrow"}]}
RESULT: {"script":"<script> [1562 bytes]","args":[{"selector":{"id":"application-manageresources-display-component---newResourceUnit--ITEM_TYPE-arrow"},"wdio_ui5_key":"applicationmanageresources-display-component---newResourceUnit--ITEM_TYPE-arrow"}]}
RESULT: undefined
COMMAND: POST /session/dc388682b4200c5e048280db36f00fb1/element - {"using":"xpath","value":"//*[@id=\"application-manageresources-display-component---newResourceUnit--ITEM_TYPE-arrow\"]"}
RESULT: {"using":"xpath","value":"//*[@id=\"application-manageresources-display-component---newResourceUnit--ITEM_TYPE-arrow\"]"}
COMMAND: POST /session/dc388682b4200c5e048280db36f00fb1/element/f.5DEB10E109CE1E7B94EA7693F5B1958D.d.375AAF9C72274F383BD237A48E5C139F.e.13566/click - {}
RESULT: {}
COMMAND: POST /session/dc388682b4200c5e048280db36f00fb1/element - {"using":"xpath","value":"(//span[contains(text(), \"Resource Unit\")])[2]"}
COMMAND: GET /session/dc388682b4200c5e048280db36f00fb1/screenshot - {}
RESULT: {"using":"xpath","value":"(//span[contains(text(), \"Resource Unit\")])[2]"}
COMMAND: POST /session/dc388682b4200c5e048280db36f00fb1/element/f.5DEB10E109CE1E7B94EA7693F5B1958D.d.375AAF9C72274F383BD237A48E5C139F.e.13567/click - {}
RESULT: {}
RESULT: {}
COMMAND: GET /session/dc388682b4200c5e048280db36f00fb1/screenshot - {}
RESULT: {}
COMMAND: POST /session/dc388682b4200c5e048280db36f00fb1/element - {"using":"css selector","value":"#application-manageresources-display-component---newResourceUnit--btnAddTimeSegment"}
RESULT: {"using":"css selector","value":"#application-manageresources-display-component---newResourceUnit--btnAddTimeSegment"}
COMMAND: GET /session/dc388682b4200c5e048280db36f00fb1/element/f.5DEB10E109CE1E7B94EA7693F5B1958D.d.375AAF9C72274F383BD237A48E5C139F.e.13568/rect - {}
RESULT: {}
COMMAND: GET /session/dc388682b4200c5e048280db36f00fb1/window/rect - {}
RESULT: {}
COMMAND: POST /session/dc388682b4200c5e048280db36f00fb1/execute/sync - {"script":"<script> [92 bytes]","args":[]}
RESULT: {"script":"<script> [92 bytes]","args":[]}
COMMAND: POST /session/dc388682b4200c5e048280db36f00fb1/actions - {"actions":[{"id":"action46","type":"wheel","parameters":{},"actions":[{"type":"scroll","x":-1888,"y":-32,"deltaX":0,"deltaY":0,"duration":0,"origin":{"element-6066-11e4-a52e-4f735466cecf":"f.5DEB10E109CE1E7B94EA7693F5B1958D.d.375AAF9C72274F383BD237A48E5C139F.e.13568"}}]}]}
COMMAND: GET /session/dc388682b4200c5e048280db36f00fb1/screenshot - {}
RESULT: {}
COMMAND: POST /session/dc388682b4200c5e048280db36f00fb1/execute/sync - {"script":"<script> [79 bytes]","args":[{"element-6066-11e4-a52e-4f735466cecf":"f.5DEB10E109CE1E7B94EA7693F5B1958D.d.375AAF9C72274F383BD237A48E5C139F.e.13568","ELEMENT":"f.5DEB10E109CE1E7B94EA7693F5B1958D.d.375AAF9C72274F383BD237A48E5C139F.e.13568"},{"block":"start","inline":"nearest"}]}
RESULT: {"script":"<script> [79 bytes]","args":[{"element-6066-11e4-a52e-4f735466cecf":"f.5DEB10E109CE1E7B94EA7693F5B1958D.d.375AAF9C72274F383BD237A48E5C139F.e.13568","ELEMENT":"f.5DEB10E109CE1E7B94EA7693F5B1958D.d.375AAF9C72274F383BD237A48E5C139F.e.13568"},{"block":"start","inline":"nearest"}]}
COMMAND: POST /session/dc388682b4200c5e048280db36f00fb1/execute/async - {"script":"<script> [1562 bytes]","args":[{"selector":{"id":"application-manageresources-display-component---newResourceUnit--btnAddTimeSegment","interaction":{"idSuffix":"inner"}},"wdio_ui5_key":"applicationmanageresources-display-component---newResourceUnit--btnAddTimeSegment"}]}
COMMAND: GET /session/dc388682b4200c5e048280db36f00fb1/screenshot - {}
RESULT: {"script":"<script> [1562 bytes]","args":[{"selector":{"id":"application-manageresources-display-component---newResourceUnit--btnAddTimeSegment","interaction":{"idSuffix":"inner"}},"wdio_ui5_key":"applicationmanageresources-display-component---newResourceUnit--btnAddTimeSegment"}]}
RESULT: undefined
COMMAND: POST /session/dc388682b4200c5e048280db36f00fb1/element - {"using":"xpath","value":"//*[@id=\"application-manageresources-display-component---newResourceUnit--btnAddTimeSegment\"]"}
RESULT: {}
RESULT: {"using":"xpath","value":"//*[@id=\"application-manageresources-display-component---newResourceUnit--btnAddTimeSegment\"]"}
COMMAND: POST /session/dc388682b4200c5e048280db36f00fb1/element/f.5DEB10E109CE1E7B94EA7693F5B1958D.d.375AAF9C72274F383BD237A48E5C139F.e.13568/click - {}
RESULT: {}
COMMAND: GET /session/dc388682b4200c5e048280db36f00fb1/screenshot - {}
RESULT: {}
COMMAND: POST /session/dc388682b4200c5e048280db36f00fb1/element - {"using":"xpath","value":"//input[@id=\"application-manageresources-display-component---newResourceUnit--idRuTSAdmin-application-manageresources-display-component---newResourceUnit--RUTimeSegment-0-inner\"]"}
RESULT: {"using":"xpath","value":"//input[@id=\"application-manageresources-display-component---newResourceUnit--idRuTSAdmin-application-manageresources-display-component---newResourceUnit--RUTimeSegment-0-inner\"]"}
COMMAND: POST /session/dc388682b4200c5e048280db36f00fb1/element/f.5DEB10E109CE1E7B94EA7693F5B1958D.d.375AAF9C72274F383BD237A48E5C139F.e.13574/clear - {}
RESULT: {}
COMMAND: POST /session/dc388682b4200c5e048280db36f00fb1/element/f.5DEB10E109CE1E7B94EA7693F5B1958D.d.375AAF9C72274F383BD237A48E5C139F.e.13574/value - {"text":"437"}
COMMAND: GET /session/dc388682b4200c5e048280db36f00fb1/screenshot - {}
RESULT: {"text":"437"}
COMMAND: GET /session/dc388682b4200c5e048280db36f00fb1/screenshot - {}
RESULT: {}
RESULT: {}
COMMAND: POST /session/dc388682b4200c5e048280db36f00fb1/element - {"using":"xpath","value":"//li[.//span[text()='437']]"}
RESULT: {"using":"xpath","value":"//li[.//span[text()='437']]"}
COMMAND: POST /session/dc388682b4200c5e048280db36f00fb1/element/f.5DEB10E109CE1E7B94EA7693F5B1958D.d.375AAF9C72274F383BD237A48E5C139F.e.13587/click - {}
RESULT: {}
COMMAND: GET /session/dc388682b4200c5e048280db36f00fb1/screenshot - {}
RESULT: {}
COMMAND: POST /session/dc388682b4200c5e048280db36f00fb1/element - {"using":"xpath","value":"(//span[contains(@id, \"-application-manageresources-display-component---newResourceUnit--RUTimeSegment-0-arrow\")])[6]"}
RESULT: {"using":"xpath","value":"(//span[contains(@id, \"-application-manageresources-display-component---newResourceUnit--RUTimeSegment-0-arrow\")])[6]"}
COMMAND: POST /session/dc388682b4200c5e048280db36f00fb1/element/f.5DEB10E109CE1E7B94EA7693F5B1958D.d.375AAF9C72274F383BD237A48E5C139F.e.13588/click - {}
RESULT: {}
COMMAND: GET /session/dc388682b4200c5e048280db36f00fb1/screenshot - {}
RESULT: {}
COMMAND: POST /session/dc388682b4200c5e048280db36f00fb1/element - {"using":"xpath","value":"//span[contains(text(), \"PM Order\")]"}
RESULT: {"using":"xpath","value":"//span[contains(text(), \"PM Order\")]"}
COMMAND: POST /session/dc388682b4200c5e048280db36f00fb1/element/f.5DEB10E109CE1E7B94EA7693F5B1958D.d.375AAF9C72274F383BD237A48E5C139F.e.13591/click - {}
RESULT: {}
COMMAND: GET /session/dc388682b4200c5e048280db36f00fb1/screenshot - {}
RESULT: {}
COMMAND: POST /session/dc388682b4200c5e048280db36f00fb1/element - {"using":"xpath","value":"(//span[contains(@id ,\"manageresources-display-component---newResourceUnit--RUTimeSegment-0-vhi\")])[1]"}
RESULT: {"using":"xpath","value":"(//span[contains(@id ,\"manageresources-display-component---newResourceUnit--RUTimeSegment-0-vhi\")])[1]"}
COMMAND: GET /session/dc388682b4200c5e048280db36f00fb1/element/f.5DEB10E109CE1E7B94EA7693F5B1958D.d.375AAF9C72274F383BD237A48E5C139F.e.13595/rect - {}
RESULT: {}
COMMAND: GET /session/dc388682b4200c5e048280db36f00fb1/window/rect - {}
RESULT: {}
COMMAND: POST /session/dc388682b4200c5e048280db36f00fb1/execute/sync - {"script":"<script> [92 bytes]","args":[]}
RESULT: {"script":"<script> [92 bytes]","args":[]}
COMMAND: POST /session/dc388682b4200c5e048280db36f00fb1/actions - {"actions":[{"id":"action47","type":"wheel","parameters":{},"actions":[{"type":"scroll","x":-869,"y":-24,"deltaX":0,"deltaY":0,"duration":0,"origin":{"element-6066-11e4-a52e-4f735466cecf":"f.5DEB10E109CE1E7B94EA7693F5B1958D.d.375AAF9C72274F383BD237A48E5C139F.e.13595"}}]}]}
COMMAND: GET /session/dc388682b4200c5e048280db36f00fb1/screenshot - {}
RESULT: {"actions":[{"id":"action47","type":"wheel","parameters":{},"actions":[{"type":"scroll","x":-869,"y":-24,"deltaX":0,"deltaY":0,"duration":0,"origin":{"element-6066-11e4-a52e-4f735466cecf":"f.5DEB10E109CE1E7B94EA7693F5B1958D.d.375AAF9C72274F383BD237A48E5C139F.e.13595"}}]}]}
COMMAND: DELETE /session/dc388682b4200c5e048280db36f00fb1/actions - {}
COMMAND: GET /session/dc388682b4200c5e048280db36f00fb1/screenshot - {}
RESULT: {}
RESULT: {}
COMMAND: GET /session/dc388682b4200c5e048280db36f00fb1/screenshot - {}
RESULT: {}
RESULT: {}
COMMAND: POST /session/dc388682b4200c5e048280db36f00fb1/element/f.5DEB10E109CE1E7B94EA7693F5B1958D.d.375AAF9C72274F383BD237A48E5C139F.e.13595/click - {}
RESULT: {}
COMMAND: GET /session/dc388682b4200c5e048280db36f00fb1/screenshot - {}
RESULT: {}
COMMAND: POST /session/dc388682b4200c5e048280db36f00fb1/execute/async - {"script":"<script> [1562 bytes]","args":[{"selector":{"controlType":"sap.m.SearchField","properties":{"placeholder":"Search"},"searchOpenDialogs":true,"interaction":{"idSuffix":"I"}},"wdio_ui5_key":"sapm.SearchField{\"placeholder\":\"Search\"}"}]}
RESULT: {"script":"<script> [1562 bytes]","args":[{"selector":{"controlType":"sap.m.SearchField","properties":{"placeholder":"Search"},"searchOpenDialogs":true,"interaction":{"idSuffix":"I"}},"wdio_ui5_key":"sapm.SearchField{\"placeholder\":\"Search\"}"}]}
RESULT: undefined
COMMAND: POST /session/dc388682b4200c5e048280db36f00fb1/execute/async - {"script":"<script> [776 bytes]","args":[{"enterText":"4000360","selector":{"controlType":"sap.m.SearchField","properties":{"placeholder":"Search"},"searchOpenDialogs":true,"interaction":{"idSuffix":"I"}},"clearTextFirst":true,"interactionType":"ENTER_TEXT"}]}
RESULT: {"script":"<script> [776 bytes]","args":[{"enterText":"4000360","selector":{"controlType":"sap.m.SearchField","properties":{"placeholder":"Search"},"searchOpenDialogs":true,"interaction":{"idSuffix":"I"}},"clearTextFirst":true,"interactionType":"ENTER_TEXT"}]}
COMMAND: POST /session/dc388682b4200c5e048280db36f00fb1/actions - {"actions":[{"id":"action48","type":"key","parameters":{},"actions":[{"type":"keyDown","value":"î€‡"},{"type":"pause","duration":10},{"type":"keyUp","value":"î€‡"}]}]}
RESULT: {"actions":[{"id":"action48","type":"key","parameters":{},"actions":[{"type":"keyDown","value":"î€‡"},{"type":"pause","duration":10},{"type":"keyUp","value":"î€‡"}]}]}
COMMAND: GET /session/dc388682b4200c5e048280db36f00fb1/screenshot - {}
RESULT: {}
COMMAND: POST /session/dc388682b4200c5e048280db36f00fb1/element - {"using":"xpath","value":"//td/div/span[contains(text(), \"BGL Vehicles\")]"}
RESULT: {"using":"xpath","value":"//td/div/span[contains(text(), \"BGL Vehicles\")]"}
COMMAND: POST /session/dc388682b4200c5e048280db36f00fb1/element/f.5DEB10E109CE1E7B94EA7693F5B1958D.d.375AAF9C72274F383BD237A48E5C139F.e.13618/click - {}
RESULT: {}
COMMAND: GET /session/dc388682b4200c5e048280db36f00fb1/screenshot - {}
RESULT: {}
COMMAND: POST /session/dc388682b4200c5e048280db36f00fb1/element - {"using":"xpath","value":"//bdi[contains(text(), \"OK\")]"}
RESULT: {"using":"xpath","value":"//bdi[contains(text(), \"OK\")]"}
COMMAND: POST /session/dc388682b4200c5e048280db36f00fb1/element/f.5DEB10E109CE1E7B94EA7693F5B1958D.d.375AAF9C72274F383BD237A48E5C139F.e.13619/click - {}
RESULT: {}
COMMAND: GET /session/dc388682b4200c5e048280db36f00fb1/screenshot - {}
RESULT: {}
COMMAND: POST /session/dc388682b4200c5e048280db36f00fb1/execute/async - {"script":"<script> [1562 bytes]","args":[{"selector":{"id":"application-manageresources-display-component---newResourceUnit--newRRUPage-anchBar-application-manageresources-display-component---newResourceUnit--resource-anchor","interaction":{"idSuffix":"BDI-content"}},"wdio_ui5_key":"applicationmanageresources-display-component---newResourceUnit--newRRUPage-anchBar-application-manageresources-display-component---newResourceUnit--resource-anchor"}]}
RESULT: {"script":"<script> [1562 bytes]","args":[{"selector":{"id":"application-manageresources-display-component---newResourceUnit--newRRUPage-anchBar-application-manageresources-display-component---newResourceUnit--resource-anchor","interaction":{"idSuffix":"BDI-content"}},"wdio_ui5_key":"applicationmanageresources-display-component---newResourceUnit--newRRUPage-anchBar-application-manageresources-display-component---newResourceUnit--resource-anchor"}]}
RESULT: undefined
COMMAND: POST /session/dc388682b4200c5e048280db36f00fb1/element - {"using":"xpath","value":"//*[@id=\"application-manageresources-display-component---newResourceUnit--newRRUPage-anchBar-application-manageresources-display-component---newResourceUnit--resource-anchor\"]"}
RESULT: {"using":"xpath","value":"//*[@id=\"application-manageresources-display-component---newResourceUnit--newRRUPage-anchBar-application-manageresources-display-component---newResourceUnit--resource-anchor\"]"}
COMMAND: POST /session/dc388682b4200c5e048280db36f00fb1/element/f.5DEB10E109CE1E7B94EA7693F5B1958D.d.375AAF9C72274F383BD237A48E5C139F.e.13623/click - {}
RESULT: {}
COMMAND: POST /session/dc388682b4200c5e048280db36f00fb1/execute/async - {"script":"<script> [1562 bytes]","args":[{"selector":{"id":"application-manageresources-display-component---newResourceUnit--PLANNED_DELIVERY_DATE","interaction":{"idSuffix":"inner"}},"wdio_ui5_key":"applicationmanageresources-display-component---newResourceUnit--PLANNED_DELIVERY_DATE"}]}
COMMAND: GET /session/dc388682b4200c5e048280db36f00fb1/screenshot - {}
RESULT: {"script":"<script> [1562 bytes]","args":[{"selector":{"id":"application-manageresources-display-component---newResourceUnit--PLANNED_DELIVERY_DATE","interaction":{"idSuffix":"inner"}},"wdio_ui5_key":"applicationmanageresources-display-component---newResourceUnit--PLANNED_DELIVERY_DATE"}]}
RESULT: undefined
COMMAND: POST /session/dc388682b4200c5e048280db36f00fb1/execute/async - {"script":"<script> [6424 bytes]","args":[{"element-6066-11e4-a52e-4f735466cecf":"f.5DEB10E109CE1E7B94EA7693F5B1958D.d.375AAF9C72274F383BD237A48E5C139F.e.13484"},"setValue",["5/16/25"]]}
RESULT: {}
RESULT: {"script":"<script> [6424 bytes]","args":[{"element-6066-11e4-a52e-4f735466cecf":"f.5DEB10E109CE1E7B94EA7693F5B1958D.d.375AAF9C72274F383BD237A48E5C139F.e.13484"},"setValue",["5/16/25"]]}
COMMAND: POST /session/dc388682b4200c5e048280db36f00fb1/element - {"using":"xpath","value":"//label[contains(@class, 'sapMLabelRequired') and .//bdi[contains(text(), 'Planned Retirement')]]"}
RESULT: {"using":"xpath","value":"//label[contains(@class, 'sapMLabelRequired') and .//bdi[contains(text(), 'Planned Retirement')]]"}
COMMAND: POST /session/dc388682b4200c5e048280db36f00fb1/elements - {"using":"xpath","value":"//label[contains(@class, 'sapMLabelRequired') and .//bdi[contains(text(), 'Planned Retirement')]]"}
RESULT: {"using":"xpath","value":"//label[contains(@class, 'sapMLabelRequired') and .//bdi[contains(text(), 'Planned Retirement')]]"}
COMMAND: POST /session/dc388682b4200c5e048280db36f00fb1/element - {"using":"xpath","value":"//button[@data-kt=\"resourceUnitSaveButton\"]"}
RESULT: {"using":"xpath","value":"//button[@data-kt=\"resourceUnitSaveButton\"]"}
COMMAND: POST /session/dc388682b4200c5e048280db36f00fb1/element/f.5DEB10E109CE1E7B94EA7693F5B1958D.d.375AAF9C72274F383BD237A48E5C139F.e.13444/click - {}
RESULT: {}
COMMAND: GET /session/dc388682b4200c5e048280db36f00fb1/screenshot - {}
RESULT: {}
COMMAND: POST /session/dc388682b4200c5e048280db36f00fb1/element - {"using":"xpath","value":"//bdi[contains(text(), \"Close\")]"}
RESULT: {"using":"xpath","value":"//bdi[contains(text(), \"Close\")]"}
COMMAND: POST /session/dc388682b4200c5e048280db36f00fb1/element/f.5DEB10E109CE1E7B94EA7693F5B1958D.d.375AAF9C72274F383BD237A48E5C139F.e.13631/click - {}
RESULT: {}
COMMAND: GET /session/dc388682b4200c5e048280db36f00fb1/screenshot - {}
RESULT: {}
COMMAND: POST /session/dc388682b4200c5e048280db36f00fb1/element - {"using":"xpath","value":"(//button[contains(@id ,\"actionsToolbar-overflowButton\")])[1]"}
RESULT: {"using":"xpath","value":"(//button[contains(@id ,\"actionsToolbar-overflowButton\")])[1]"}
COMMAND: POST /session/dc388682b4200c5e048280db36f00fb1/element/f.5DEB10E109CE1E7B94EA7693F5B1958D.d.375AAF9C72274F383BD237A48E5C139F.e.13663/click - {}
RESULT: {}
COMMAND: GET /session/dc388682b4200c5e048280db36f00fb1/screenshot - {}
RESULT: {}
COMMAND: POST /session/dc388682b4200c5e048280db36f00fb1/element - {"using":"xpath","value":"//button[@data-kt=\"priceInfoButton\"]"}
RESULT: {"using":"xpath","value":"//button[@data-kt=\"priceInfoButton\"]"}
COMMAND: POST /session/dc388682b4200c5e048280db36f00fb1/element/f.5DEB10E109CE1E7B94EA7693F5B1958D.d.375AAF9C72274F383BD237A48E5C139F.e.13665/click - {}
RESULT: {}
COMMAND: GET /session/dc388682b4200c5e048280db36f00fb1/screenshot - {}
]]></system-out>
    </testcase>
    <testcase classname="chrome.136_0_7103_93.windows.Billing_transfer_US117289" name="Should create new pricing rule" time="58.289">
      <system-out><![CDATA[
COMMAND: POST /session/dc388682b4200c5e048280db36f00fb1/element - {"using":"xpath","value":"//button[@data-kt=\"addButton\"]"}
RESULT: {}
RESULT: {"using":"xpath","value":"//button[@data-kt=\"addButton\"]"}
COMMAND: POST /session/dc388682b4200c5e048280db36f00fb1/elements - {"using":"xpath","value":"//button[@data-kt=\"addButton\"]"}
RESULT: {"using":"xpath","value":"//button[@data-kt=\"addButton\"]"}
COMMAND: POST /session/dc388682b4200c5e048280db36f00fb1/execute/sync - {"script":"<script> [8489 bytes]","args":[{"element-6066-11e4-a52e-4f735466cecf":"f.5DEB10E109CE1E7B94EA7693F5B1958D.d.375AAF9C72274F383BD237A48E5C139F.e.13701","ELEMENT":"f.5DEB10E109CE1E7B94EA7693F5B1958D.d.375AAF9C72274F383BD237A48E5C139F.e.13701"}]}
RESULT: {"script":"<script> [8489 bytes]","args":[{"element-6066-11e4-a52e-4f735466cecf":"f.5DEB10E109CE1E7B94EA7693F5B1958D.d.375AAF9C72274F383BD237A48E5C139F.e.13701","ELEMENT":"f.5DEB10E109CE1E7B94EA7693F5B1958D.d.375AAF9C72274F383BD237A48E5C139F.e.13701"}]}
COMMAND: GET /session/dc388682b4200c5e048280db36f00fb1/element/f.5DEB10E109CE1E7B94EA7693F5B1958D.d.375AAF9C72274F383BD237A48E5C139F.e.13701/enabled - {}
COMMAND: GET /session/dc388682b4200c5e048280db36f00fb1/screenshot - {}
RESULT: {}
COMMAND: POST /session/dc388682b4200c5e048280db36f00fb1/execute/sync - {"script":"<script> [8489 bytes]","args":[{"element-6066-11e4-a52e-4f735466cecf":"f.5DEB10E109CE1E7B94EA7693F5B1958D.d.375AAF9C72274F383BD237A48E5C139F.e.13701","ELEMENT":"f.5DEB10E109CE1E7B94EA7693F5B1958D.d.375AAF9C72274F383BD237A48E5C139F.e.13701"}]}
COMMAND: GET /session/dc388682b4200c5e048280db36f00fb1/screenshot - {}
RESULT: {}
RESULT: {"script":"<script> [8489 bytes]","args":[{"element-6066-11e4-a52e-4f735466cecf":"f.5DEB10E109CE1E7B94EA7693F5B1958D.d.375AAF9C72274F383BD237A48E5C139F.e.13701","ELEMENT":"f.5DEB10E109CE1E7B94EA7693F5B1958D.d.375AAF9C72274F383BD237A48E5C139F.e.13701"}]}
COMMAND: POST /session/dc388682b4200c5e048280db36f00fb1/execute/sync - {"script":"<script> [5351 bytes]","args":[{"element-6066-11e4-a52e-4f735466cecf":"f.5DEB10E109CE1E7B94EA7693F5B1958D.d.375AAF9C72274F383BD237A48E5C139F.e.13701","ELEMENT":"f.5DEB10E109CE1E7B94EA7693F5B1958D.d.375AAF9C72274F383BD237A48E5C139F.e.13701"}]}
COMMAND: GET /session/dc388682b4200c5e048280db36f00fb1/screenshot - {}
RESULT: {}
RESULT: {"script":"<script> [5351 bytes]","args":[{"element-6066-11e4-a52e-4f735466cecf":"f.5DEB10E109CE1E7B94EA7693F5B1958D.d.375AAF9C72274F383BD237A48E5C139F.e.13701","ELEMENT":"f.5DEB10E109CE1E7B94EA7693F5B1958D.d.375AAF9C72274F383BD237A48E5C139F.e.13701"}]}
COMMAND: POST /session/dc388682b4200c5e048280db36f00fb1/element/f.5DEB10E109CE1E7B94EA7693F5B1958D.d.375AAF9C72274F383BD237A48E5C139F.e.13701/click - {}
COMMAND: GET /session/dc388682b4200c5e048280db36f00fb1/screenshot - {}
RESULT: {}
RESULT: {}
COMMAND: GET /session/dc388682b4200c5e048280db36f00fb1/screenshot - {}
RESULT: {}
RESULT: {}
COMMAND: POST /session/dc388682b4200c5e048280db36f00fb1/execute/async - {"script":"<script> [1562 bytes]","args":[{"selector":{"controlType":"sap.m.Title","viewName":"etm.portal.ui.managepricingrules.view.NewItem","viewId":"application-managepricingrules-display-component---newInfoPriceItem","properties":{"text":"New Pricing Rules - Item Level"}},"wdio_ui5_key":"etmportal.ui.managepricingrules.view.NewItemsap.m.Title{\"text\":\"New Pricing Rules - Item Level\"}"}]}
RESULT: {"script":"<script> [1562 bytes]","args":[{"selector":{"controlType":"sap.m.Title","viewName":"etm.portal.ui.managepricingrules.view.NewItem","viewId":"application-managepricingrules-display-component---newInfoPriceItem","properties":{"text":"New Pricing Rules - Item Level"}},"wdio_ui5_key":"etmportal.ui.managepricingrules.view.NewItemsap.m.Title{\"text\":\"New Pricing Rules - Item Level\"}"}]}
RESULT: undefined
COMMAND: POST /session/dc388682b4200c5e048280db36f00fb1/execute/async - {"script":"<script> [6424 bytes]","args":[{"element-6066-11e4-a52e-4f735466cecf":"f.5DEB10E109CE1E7B94EA7693F5B1958D.d.375AAF9C72274F383BD237A48E5C139F.e.13828"},"getText",[]]}
RESULT: {"script":"<script> [6424 bytes]","args":[{"element-6066-11e4-a52e-4f735466cecf":"f.5DEB10E109CE1E7B94EA7693F5B1958D.d.375AAF9C72274F383BD237A48E5C139F.e.13828"},"getText",[]]}
COMMAND: POST /session/dc388682b4200c5e048280db36f00fb1/execute/async - {"script":"<script> [1562 bytes]","args":[{"selector":{"id":"application-managepricingrules-display-component---newInfoPriceItem--condValidTo","interaction":{"idSuffix":"inner"}},"wdio_ui5_key":"applicationmanagepricingrules-display-component---newInfoPriceItem--condValidTo"}]}
RESULT: {"script":"<script> [1562 bytes]","args":[{"selector":{"id":"application-managepricingrules-display-component---newInfoPriceItem--condValidTo","interaction":{"idSuffix":"inner"}},"wdio_ui5_key":"applicationmanagepricingrules-display-component---newInfoPriceItem--condValidTo"}]}
RESULT: undefined
COMMAND: POST /session/dc388682b4200c5e048280db36f00fb1/execute/async - {"script":"<script> [776 bytes]","args":[{"enterText":"1/16/26","selector":{"id":"application-managepricingrules-display-component---newInfoPriceItem--condValidTo","interaction":{"idSuffix":"inner"}},"clearTextFirst":true,"interactionType":"ENTER_TEXT"}]}
RESULT: {"script":"<script> [776 bytes]","args":[{"enterText":"1/16/26","selector":{"id":"application-managepricingrules-display-component---newInfoPriceItem--condValidTo","interaction":{"idSuffix":"inner"}},"clearTextFirst":true,"interactionType":"ENTER_TEXT"}]}
COMMAND: POST /session/dc388682b4200c5e048280db36f00fb1/execute/async - {"script":"<script> [1562 bytes]","args":[{"selector":{"id":"application-managepricingrules-display-component---newInfoPriceItem--billType-arrow"},"wdio_ui5_key":"applicationmanagepricingrules-display-component---newInfoPriceItem--billType-arrow"}]}
RESULT: {"script":"<script> [1562 bytes]","args":[{"selector":{"id":"application-managepricingrules-display-component---newInfoPriceItem--billType-arrow"},"wdio_ui5_key":"applicationmanagepricingrules-display-component---newInfoPriceItem--billType-arrow"}]}
RESULT: undefined
COMMAND: POST /session/dc388682b4200c5e048280db36f00fb1/element - {"using":"xpath","value":"//*[@id=\"application-managepricingrules-display-component---newInfoPriceItem--billType-arrow\"]"}
RESULT: {"using":"xpath","value":"//*[@id=\"application-managepricingrules-display-component---newInfoPriceItem--billType-arrow\"]"}
COMMAND: POST /session/dc388682b4200c5e048280db36f00fb1/element/f.5DEB10E109CE1E7B94EA7693F5B1958D.d.375AAF9C72274F383BD237A48E5C139F.e.13830/click - {}
RESULT: {}
COMMAND: POST /session/dc388682b4200c5e048280db36f00fb1/element - {"using":"xpath","value":"//span[contains(text(), \"TB - Time based\")]"}
COMMAND: GET /session/dc388682b4200c5e048280db36f00fb1/screenshot - {}
RESULT: {"using":"xpath","value":"//span[contains(text(), \"TB - Time based\")]"}
COMMAND: POST /session/dc388682b4200c5e048280db36f00fb1/element/f.5DEB10E109CE1E7B94EA7693F5B1958D.d.375AAF9C72274F383BD237A48E5C139F.e.13831/click - {}
RESULT: {}
RESULT: {}
COMMAND: POST /session/dc388682b4200c5e048280db36f00fb1/execute/async - {"script":"<script> [1562 bytes]","args":[{"selector":{"id":"application-managepricingrules-display-component---newInfoPriceItem--priceProc-arrow"},"wdio_ui5_key":"applicationmanagepricingrules-display-component---newInfoPriceItem--priceProc-arrow"}]}
COMMAND: GET /session/dc388682b4200c5e048280db36f00fb1/screenshot - {}
RESULT: {"script":"<script> [1562 bytes]","args":[{"selector":{"id":"application-managepricingrules-display-component---newInfoPriceItem--priceProc-arrow"},"wdio_ui5_key":"applicationmanagepricingrules-display-component---newInfoPriceItem--priceProc-arrow"}]}
RESULT: undefined
COMMAND: POST /session/dc388682b4200c5e048280db36f00fb1/element - {"using":"xpath","value":"//*[@id=\"application-managepricingrules-display-component---newInfoPriceItem--priceProc-arrow\"]"}
RESULT: {}
RESULT: {"using":"xpath","value":"//*[@id=\"application-managepricingrules-display-component---newInfoPriceItem--priceProc-arrow\"]"}
COMMAND: POST /session/dc388682b4200c5e048280db36f00fb1/element/f.5DEB10E109CE1E7B94EA7693F5B1958D.d.375AAF9C72274F383BD237A48E5C139F.e.13832/click - {}
RESULT: {}
COMMAND: POST /session/dc388682b4200c5e048280db36f00fb1/element - {"using":"xpath","value":"//span[contains(text(), \"TBS - Time based standard\")]"}
COMMAND: GET /session/dc388682b4200c5e048280db36f00fb1/screenshot - {}
RESULT: {"using":"xpath","value":"//span[contains(text(), \"TBS - Time based standard\")]"}
COMMAND: POST /session/dc388682b4200c5e048280db36f00fb1/element/f.5DEB10E109CE1E7B94EA7693F5B1958D.d.375AAF9C72274F383BD237A48E5C139F.e.13833/click - {}
RESULT: {}
RESULT: {}
COMMAND: POST /session/dc388682b4200c5e048280db36f00fb1/execute/async - {"script":"<script> [1562 bytes]","args":[{"selector":{"id":"application-managepricingrules-display-component---newInfoPriceItem--calcBase-arrow"},"wdio_ui5_key":"applicationmanagepricingrules-display-component---newInfoPriceItem--calcBase-arrow"}]}
COMMAND: GET /session/dc388682b4200c5e048280db36f00fb1/screenshot - {}
RESULT: {"script":"<script> [1562 bytes]","args":[{"selector":{"id":"application-managepricingrules-display-component---newInfoPriceItem--calcBase-arrow"},"wdio_ui5_key":"applicationmanagepricingrules-display-component---newInfoPriceItem--calcBase-arrow"}]}
RESULT: undefined
COMMAND: POST /session/dc388682b4200c5e048280db36f00fb1/element - {"using":"xpath","value":"//*[@id=\"application-managepricingrules-display-component---newInfoPriceItem--calcBase-arrow\"]"}
RESULT: {}
RESULT: {"using":"xpath","value":"//*[@id=\"application-managepricingrules-display-component---newInfoPriceItem--calcBase-arrow\"]"}
COMMAND: POST /session/dc388682b4200c5e048280db36f00fb1/element/f.5DEB10E109CE1E7B94EA7693F5B1958D.d.375AAF9C72274F383BD237A48E5C139F.e.13804/click - {}
RESULT: {}
COMMAND: GET /session/dc388682b4200c5e048280db36f00fb1/screenshot - {}
RESULT: {}
COMMAND: POST /session/dc388682b4200c5e048280db36f00fb1/element - {"using":"xpath","value":"//span[contains(text(), \"0006 - TB(calendar days)\")]"}
RESULT: {"using":"xpath","value":"//span[contains(text(), \"0006 - TB(calendar days)\")]"}
COMMAND: POST /session/dc388682b4200c5e048280db36f00fb1/element/f.5DEB10E109CE1E7B94EA7693F5B1958D.d.375AAF9C72274F383BD237A48E5C139F.e.13834/click - {}
RESULT: {}
COMMAND: GET /session/dc388682b4200c5e048280db36f00fb1/screenshot - {}
RESULT: {}
COMMAND: POST /session/dc388682b4200c5e048280db36f00fb1/execute/async - {"script":"<script> [1562 bytes]","args":[{"selector":{"id":"application-managepricingrules-display-component---newInfoPriceItem--daysMonth","interaction":{"idSuffix":"inner"}},"wdio_ui5_key":"applicationmanagepricingrules-display-component---newInfoPriceItem--daysMonth"}]}
RESULT: {"script":"<script> [1562 bytes]","args":[{"selector":{"id":"application-managepricingrules-display-component---newInfoPriceItem--daysMonth","interaction":{"idSuffix":"inner"}},"wdio_ui5_key":"applicationmanagepricingrules-display-component---newInfoPriceItem--daysMonth"}]}
RESULT: undefined
COMMAND: POST /session/dc388682b4200c5e048280db36f00fb1/execute/async - {"script":"<script> [776 bytes]","args":[{"enterText":"30","selector":{"id":"application-managepricingrules-display-component---newInfoPriceItem--daysMonth","interaction":{"idSuffix":"inner"}},"clearTextFirst":true,"interactionType":"ENTER_TEXT"}]}
RESULT: {"script":"<script> [776 bytes]","args":[{"enterText":"30","selector":{"id":"application-managepricingrules-display-component---newInfoPriceItem--daysMonth","interaction":{"idSuffix":"inner"}},"clearTextFirst":true,"interactionType":"ENTER_TEXT"}]}
COMMAND: POST /session/dc388682b4200c5e048280db36f00fb1/element - {"using":"xpath","value":"//button[@data-kt=\"saveNewRuleButton\"]"}
RESULT: {"using":"xpath","value":"//button[@data-kt=\"saveNewRuleButton\"]"}
COMMAND: POST /session/dc388682b4200c5e048280db36f00fb1/element/f.5DEB10E109CE1E7B94EA7693F5B1958D.d.375AAF9C72274F383BD237A48E5C139F.e.13816/click - {}
RESULT: {}
COMMAND: GET /session/dc388682b4200c5e048280db36f00fb1/screenshot - {}
RESULT: {}
COMMAND: POST /session/dc388682b4200c5e048280db36f00fb1/execute/async - {"script":"<script> [1562 bytes]","args":[{"selector":{"id":"application-managepricingrules-display-component---priceInfoItem--smartFilterBar-btnBasicSearch","interaction":{"idSuffix":"I"}},"wdio_ui5_key":"applicationmanagepricingrules-display-component---priceInfoItem--smartFilterBar-btnBasicSearch"}]}
RESULT: {"script":"<script> [1562 bytes]","args":[{"selector":{"id":"application-managepricingrules-display-component---priceInfoItem--smartFilterBar-btnBasicSearch","interaction":{"idSuffix":"I"}},"wdio_ui5_key":"applicationmanagepricingrules-display-component---priceInfoItem--smartFilterBar-btnBasicSearch"}]}
RESULT: undefined
COMMAND: POST /session/dc388682b4200c5e048280db36f00fb1/execute/async - {"script":"<script> [776 bytes]","args":[{"enterText":"LoaItQaSV6","selector":{"id":"application-managepricingrules-display-component---priceInfoItem--smartFilterBar-btnBasicSearch","interaction":{"idSuffix":"I"}},"clearTextFirst":true,"interactionType":"ENTER_TEXT"}]}
RESULT: {"script":"<script> [776 bytes]","args":[{"enterText":"LoaItQaSV6","selector":{"id":"application-managepricingrules-display-component---priceInfoItem--smartFilterBar-btnBasicSearch","interaction":{"idSuffix":"I"}},"clearTextFirst":true,"interactionType":"ENTER_TEXT"}]}
COMMAND: POST /session/dc388682b4200c5e048280db36f00fb1/actions - {"actions":[{"id":"action49","type":"key","parameters":{},"actions":[{"type":"keyDown","value":"î€‡"},{"type":"pause","duration":10},{"type":"keyUp","value":"î€‡"}]}]}
RESULT: {"actions":[{"id":"action49","type":"key","parameters":{},"actions":[{"type":"keyDown","value":"î€‡"},{"type":"pause","duration":10},{"type":"keyUp","value":"î€‡"}]}]}
COMMAND: GET /session/dc388682b4200c5e048280db36f00fb1/screenshot - {}
RESULT: {}
COMMAND: POST /session/dc388682b4200c5e048280db36f00fb1/element - {"using":"xpath","value":"//span[@id=\"application-managepricingrules-display-component---priceInfoItem--smartTable-header-inner\"]"}
RESULT: {"using":"xpath","value":"//span[@id=\"application-managepricingrules-display-component---priceInfoItem--smartTable-header-inner\"]"}
COMMAND: POST /session/dc388682b4200c5e048280db36f00fb1/elements - {"using":"xpath","value":"//span[@id=\"application-managepricingrules-display-component---priceInfoItem--smartTable-header-inner\"]"}
RESULT: {"using":"xpath","value":"//span[@id=\"application-managepricingrules-display-component---priceInfoItem--smartTable-header-inner\"]"}
COMMAND: POST /session/dc388682b4200c5e048280db36f00fb1/execute/sync - {"script":"<script> [56 bytes]","args":[{"element-6066-11e4-a52e-4f735466cecf":"f.5DEB10E109CE1E7B94EA7693F5B1958D.d.375AAF9C72274F383BD237A48E5C139F.e.13859","ELEMENT":"f.5DEB10E109CE1E7B94EA7693F5B1958D.d.375AAF9C72274F383BD237A48E5C139F.e.13859"}]}
RESULT: {"script":"<script> [56 bytes]","args":[{"element-6066-11e4-a52e-4f735466cecf":"f.5DEB10E109CE1E7B94EA7693F5B1958D.d.375AAF9C72274F383BD237A48E5C139F.e.13859","ELEMENT":"f.5DEB10E109CE1E7B94EA7693F5B1958D.d.375AAF9C72274F383BD237A48E5C139F.e.13859"}]}
COMMAND: POST /session/dc388682b4200c5e048280db36f00fb1/element - {"using":"css selector","value":"#shell-header-logo"}
COMMAND: GET /session/dc388682b4200c5e048280db36f00fb1/screenshot - {}
RESULT: {"using":"css selector","value":"#shell-header-logo"}
COMMAND: POST /session/dc388682b4200c5e048280db36f00fb1/element/f.5DEB10E109CE1E7B94EA7693F5B1958D.d.375AAF9C72274F383BD237A48E5C139F.e.13041/click - {}
RESULT: {}
RESULT: {}
COMMAND: GET /session/dc388682b4200c5e048280db36f00fb1/screenshot - {}
RESULT: {}
]]></system-out>
    </testcase>
    <testcase classname="chrome.136_0_7103_93.windows.Billing_transfer_US117289" name="Should create new condition for equipment" time="68.184">
      <system-out><![CDATA[
COMMAND: POST /session/dc388682b4200c5e048280db36f00fb1/execute/async - {"script":"<script> [1562 bytes]","args":[{"selector":{"controlType":"sap.m.GenericTile","properties":{"header":"Manage Conditions & Prices"}},"wdio_ui5_key":"sapm.GenericTile{\"header\":\"Manage Conditions & Prices\"}"}]}
RESULT: {"script":"<script> [1562 bytes]","args":[{"selector":{"controlType":"sap.m.GenericTile","properties":{"header":"Manage Conditions & Prices"}},"wdio_ui5_key":"sapm.GenericTile{\"header\":\"Manage Conditions & Prices\"}"}]}
RESULT: undefined
COMMAND: POST /session/dc388682b4200c5e048280db36f00fb1/element - {"using":"xpath","value":"//*[@id=\"__tile53\"]"}
RESULT: {"using":"xpath","value":"//*[@id=\"__tile53\"]"}
COMMAND: POST /session/dc388682b4200c5e048280db36f00fb1/element/f.5DEB10E109CE1E7B94EA7693F5B1958D.d.375AAF9C72274F383BD237A48E5C139F.e.12977/click - {}
RESULT: {}
COMMAND: GET /session/dc388682b4200c5e048280db36f00fb1/screenshot - {}
RESULT: {}
COMMAND: POST /session/dc388682b4200c5e048280db36f00fb1/elements - {"using":"xpath","value":"//span[text()='Error']"}
RESULT: {"using":"xpath","value":"//span[text()='Error']"}
COMMAND: POST /session/dc388682b4200c5e048280db36f00fb1/element - {"using":"xpath","value":"//button[@aria-label=\"Create\"]"}
RESULT: {"using":"xpath","value":"//button[@aria-label=\"Create\"]"}
COMMAND: POST /session/dc388682b4200c5e048280db36f00fb1/elements - {"using":"xpath","value":"//button[@aria-label=\"Create\"]"}
RESULT: {"using":"xpath","value":"//button[@aria-label=\"Create\"]"}
COMMAND: POST /session/dc388682b4200c5e048280db36f00fb1/execute/sync - {"script":"<script> [8489 bytes]","args":[{"element-6066-11e4-a52e-4f735466cecf":"f.5DEB10E109CE1E7B94EA7693F5B1958D.d.375AAF9C72274F383BD237A48E5C139F.e.13895","ELEMENT":"f.5DEB10E109CE1E7B94EA7693F5B1958D.d.375AAF9C72274F383BD237A48E5C139F.e.13895"}]}
RESULT: {"script":"<script> [8489 bytes]","args":[{"element-6066-11e4-a52e-4f735466cecf":"f.5DEB10E109CE1E7B94EA7693F5B1958D.d.375AAF9C72274F383BD237A48E5C139F.e.13895","ELEMENT":"f.5DEB10E109CE1E7B94EA7693F5B1958D.d.375AAF9C72274F383BD237A48E5C139F.e.13895"}]}
COMMAND: GET /session/dc388682b4200c5e048280db36f00fb1/element/f.5DEB10E109CE1E7B94EA7693F5B1958D.d.375AAF9C72274F383BD237A48E5C139F.e.13895/enabled - {}
COMMAND: GET /session/dc388682b4200c5e048280db36f00fb1/screenshot - {}
RESULT: {}
COMMAND: POST /session/dc388682b4200c5e048280db36f00fb1/execute/sync - {"script":"<script> [8489 bytes]","args":[{"element-6066-11e4-a52e-4f735466cecf":"f.5DEB10E109CE1E7B94EA7693F5B1958D.d.375AAF9C72274F383BD237A48E5C139F.e.13895","ELEMENT":"f.5DEB10E109CE1E7B94EA7693F5B1958D.d.375AAF9C72274F383BD237A48E5C139F.e.13895"}]}
COMMAND: GET /session/dc388682b4200c5e048280db36f00fb1/screenshot - {}
RESULT: {}
RESULT: {"script":"<script> [8489 bytes]","args":[{"element-6066-11e4-a52e-4f735466cecf":"f.5DEB10E109CE1E7B94EA7693F5B1958D.d.375AAF9C72274F383BD237A48E5C139F.e.13895","ELEMENT":"f.5DEB10E109CE1E7B94EA7693F5B1958D.d.375AAF9C72274F383BD237A48E5C139F.e.13895"}]}
COMMAND: POST /session/dc388682b4200c5e048280db36f00fb1/execute/sync - {"script":"<script> [5351 bytes]","args":[{"element-6066-11e4-a52e-4f735466cecf":"f.5DEB10E109CE1E7B94EA7693F5B1958D.d.375AAF9C72274F383BD237A48E5C139F.e.13895","ELEMENT":"f.5DEB10E109CE1E7B94EA7693F5B1958D.d.375AAF9C72274F383BD237A48E5C139F.e.13895"}]}
COMMAND: GET /session/dc388682b4200c5e048280db36f00fb1/screenshot - {}
RESULT: {}
RESULT: {"script":"<script> [5351 bytes]","args":[{"element-6066-11e4-a52e-4f735466cecf":"f.5DEB10E109CE1E7B94EA7693F5B1958D.d.375AAF9C72274F383BD237A48E5C139F.e.13895","ELEMENT":"f.5DEB10E109CE1E7B94EA7693F5B1958D.d.375AAF9C72274F383BD237A48E5C139F.e.13895"}]}
COMMAND: POST /session/dc388682b4200c5e048280db36f00fb1/element/f.5DEB10E109CE1E7B94EA7693F5B1958D.d.375AAF9C72274F383BD237A48E5C139F.e.13895/click - {}
COMMAND: GET /session/dc388682b4200c5e048280db36f00fb1/screenshot - {}
RESULT: {}
RESULT: {}
COMMAND: GET /session/dc388682b4200c5e048280db36f00fb1/screenshot - {}
RESULT: {}
RESULT: {}
COMMAND: POST /session/dc388682b4200c5e048280db36f00fb1/actions - {"actions":[{"id":"action50","type":"key","parameters":{},"actions":[{"type":"keyDown","value":"î€‡"},{"type":"pause","duration":10},{"type":"keyUp","value":"î€‡"}]}]}
RESULT: {"actions":[{"id":"action50","type":"key","parameters":{},"actions":[{"type":"keyDown","value":"î€‡"},{"type":"pause","duration":10},{"type":"keyUp","value":"î€‡"}]}]}
COMMAND: GET /session/dc388682b4200c5e048280db36f00fb1/screenshot - {}
RESULT: {}
COMMAND: POST /session/dc388682b4200c5e048280db36f00fb1/execute/async - {"script":"<script> [1562 bytes]","args":[{"selector":{"id":"application-manageconditionprice-display-component---newCondition--condBillCond-arrow"},"wdio_ui5_key":"applicationmanageconditionprice-display-component---newCondition--condBillCond-arrow"}]}
RESULT: {"script":"<script> [1562 bytes]","args":[{"selector":{"id":"application-manageconditionprice-display-component---newCondition--condBillCond-arrow"},"wdio_ui5_key":"applicationmanageconditionprice-display-component---newCondition--condBillCond-arrow"}]}
RESULT: undefined
COMMAND: POST /session/dc388682b4200c5e048280db36f00fb1/element - {"using":"xpath","value":"//*[@id=\"application-manageconditionprice-display-component---newCondition--condBillCond-arrow\"]"}
RESULT: {"using":"xpath","value":"//*[@id=\"application-manageconditionprice-display-component---newCondition--condBillCond-arrow\"]"}
COMMAND: POST /session/dc388682b4200c5e048280db36f00fb1/element/f.5DEB10E109CE1E7B94EA7693F5B1958D.d.375AAF9C72274F383BD237A48E5C139F.e.14075/click - {}
RESULT: {}
COMMAND: GET /session/dc388682b4200c5e048280db36f00fb1/screenshot - {}
RESULT: {}
COMMAND: POST /session/dc388682b4200c5e048280db36f00fb1/element - {"using":"xpath","value":"//li[.//span[contains(text(), \"DISP - D&I special price\")]]"}
RESULT: {"using":"xpath","value":"//li[.//span[contains(text(), \"DISP - D&I special price\")]]"}
COMMAND: POST /session/dc388682b4200c5e048280db36f00fb1/element/f.5DEB10E109CE1E7B94EA7693F5B1958D.d.375AAF9C72274F383BD237A48E5C139F.e.14078/click - {}
RESULT: {}
COMMAND: GET /session/dc388682b4200c5e048280db36f00fb1/screenshot - {}
RESULT: {}
COMMAND: POST /session/dc388682b4200c5e048280db36f00fb1/execute/async - {"script":"<script> [1562 bytes]","args":[{"selector":{"id":"application-manageconditionprice-display-component---newCondition--condValidTo","interaction":{"idSuffix":"inner"}},"wdio_ui5_key":"applicationmanageconditionprice-display-component---newCondition--condValidTo"}]}
RESULT: {"script":"<script> [1562 bytes]","args":[{"selector":{"id":"application-manageconditionprice-display-component---newCondition--condValidTo","interaction":{"idSuffix":"inner"}},"wdio_ui5_key":"applicationmanageconditionprice-display-component---newCondition--condValidTo"}]}
RESULT: undefined
COMMAND: POST /session/dc388682b4200c5e048280db36f00fb1/execute/async - {"script":"<script> [776 bytes]","args":[{"enterText":"1/16/26","selector":{"id":"application-manageconditionprice-display-component---newCondition--condValidTo","interaction":{"idSuffix":"inner"}},"clearTextFirst":true,"interactionType":"ENTER_TEXT"}]}
RESULT: {"script":"<script> [776 bytes]","args":[{"enterText":"1/16/26","selector":{"id":"application-manageconditionprice-display-component---newCondition--condValidTo","interaction":{"idSuffix":"inner"}},"clearTextFirst":true,"interactionType":"ENTER_TEXT"}]}
COMMAND: POST /session/dc388682b4200c5e048280db36f00fb1/element - {"using":"xpath","value":"//input[@id=\"application-manageconditionprice-display-component---newCondition--condRU-inner\"]"}
RESULT: {"using":"xpath","value":"//input[@id=\"application-manageconditionprice-display-component---newCondition--condRU-inner\"]"}
COMMAND: POST /session/dc388682b4200c5e048280db36f00fb1/element/f.5DEB10E109CE1E7B94EA7693F5B1958D.d.375AAF9C72274F383BD237A48E5C139F.e.13940/clear - {}
RESULT: {}
COMMAND: POST /session/dc388682b4200c5e048280db36f00fb1/element/f.5DEB10E109CE1E7B94EA7693F5B1958D.d.375AAF9C72274F383BD237A48E5C139F.e.13940/value - {"text":"LoaItQaSV6"}
COMMAND: GET /session/dc388682b4200c5e048280db36f00fb1/screenshot - {}
RESULT: {"text":"LoaItQaSV6"}
COMMAND: GET /session/dc388682b4200c5e048280db36f00fb1/screenshot - {}
RESULT: {}
RESULT: {}
COMMAND: POST /session/dc388682b4200c5e048280db36f00fb1/actions - {"actions":[{"id":"action51","type":"key","parameters":{},"actions":[{"type":"keyDown","value":"î€‡"},{"type":"pause","duration":10},{"type":"keyUp","value":"î€‡"}]}]}
RESULT: {"actions":[{"id":"action51","type":"key","parameters":{},"actions":[{"type":"keyDown","value":"î€‡"},{"type":"pause","duration":10},{"type":"keyUp","value":"î€‡"}]}]}
COMMAND: POST /session/dc388682b4200c5e048280db36f00fb1/execute/async - {"script":"<script> [1562 bytes]","args":[{"selector":{"id":"application-manageconditionprice-display-component---newCondition--condBaseQty","interaction":{"idSuffix":"inner"}},"wdio_ui5_key":"applicationmanageconditionprice-display-component---newCondition--condBaseQty"}]}
COMMAND: GET /session/dc388682b4200c5e048280db36f00fb1/screenshot - {}
RESULT: {"script":"<script> [1562 bytes]","args":[{"selector":{"id":"application-manageconditionprice-display-component---newCondition--condBaseQty","interaction":{"idSuffix":"inner"}},"wdio_ui5_key":"applicationmanageconditionprice-display-component---newCondition--condBaseQty"}]}
RESULT: undefined
COMMAND: POST /session/dc388682b4200c5e048280db36f00fb1/execute/async - {"script":"<script> [776 bytes]","args":[{"enterText":"1","selector":{"id":"application-manageconditionprice-display-component---newCondition--condBaseQty","interaction":{"idSuffix":"inner"}},"clearTextFirst":true,"interactionType":"ENTER_TEXT"}]}
RESULT: {}
RESULT: {"script":"<script> [776 bytes]","args":[{"enterText":"1","selector":{"id":"application-manageconditionprice-display-component---newCondition--condBaseQty","interaction":{"idSuffix":"inner"}},"clearTextFirst":true,"interactionType":"ENTER_TEXT"}]}
COMMAND: POST /session/dc388682b4200c5e048280db36f00fb1/execute/async - {"script":"<script> [1562 bytes]","args":[{"selector":{"id":"application-manageconditionprice-display-component---newCondition--condValue","interaction":{"idSuffix":"inner"}},"wdio_ui5_key":"applicationmanageconditionprice-display-component---newCondition--condValue"}]}
RESULT: {"script":"<script> [1562 bytes]","args":[{"selector":{"id":"application-manageconditionprice-display-component---newCondition--condValue","interaction":{"idSuffix":"inner"}},"wdio_ui5_key":"applicationmanageconditionprice-display-component---newCondition--condValue"}]}
RESULT: undefined
COMMAND: POST /session/dc388682b4200c5e048280db36f00fb1/execute/async - {"script":"<script> [776 bytes]","args":[{"enterText":"100","selector":{"id":"application-manageconditionprice-display-component---newCondition--condValue","interaction":{"idSuffix":"inner"}},"clearTextFirst":true,"interactionType":"ENTER_TEXT"}]}
RESULT: {"script":"<script> [776 bytes]","args":[{"enterText":"100","selector":{"id":"application-manageconditionprice-display-component---newCondition--condValue","interaction":{"idSuffix":"inner"}},"clearTextFirst":true,"interactionType":"ENTER_TEXT"}]}
COMMAND: POST /session/dc388682b4200c5e048280db36f00fb1/execute/async - {"script":"<script> [1562 bytes]","args":[{"selector":{"id":"application-manageconditionprice-display-component---newCondition--condCurr-arrow"},"wdio_ui5_key":"applicationmanageconditionprice-display-component---newCondition--condCurr-arrow"}]}
RESULT: {"script":"<script> [1562 bytes]","args":[{"selector":{"id":"application-manageconditionprice-display-component---newCondition--condCurr-arrow"},"wdio_ui5_key":"applicationmanageconditionprice-display-component---newCondition--condCurr-arrow"}]}
RESULT: undefined
COMMAND: POST /session/dc388682b4200c5e048280db36f00fb1/element - {"using":"xpath","value":"//*[@id=\"application-manageconditionprice-display-component---newCondition--condCurr-arrow\"]"}
RESULT: {"using":"xpath","value":"//*[@id=\"application-manageconditionprice-display-component---newCondition--condCurr-arrow\"]"}
COMMAND: POST /session/dc388682b4200c5e048280db36f00fb1/element/f.5DEB10E109CE1E7B94EA7693F5B1958D.d.375AAF9C72274F383BD237A48E5C139F.e.14042/click - {}
RESULT: {}
COMMAND: POST /session/dc388682b4200c5e048280db36f00fb1/element - {"using":"xpath","value":"//span[contains(text(), \"Euro\")]"}
COMMAND: GET /session/dc388682b4200c5e048280db36f00fb1/screenshot - {}
RESULT: {"using":"xpath","value":"//span[contains(text(), \"Euro\")]"}
COMMAND: POST /session/dc388682b4200c5e048280db36f00fb1/element/f.5DEB10E109CE1E7B94EA7693F5B1958D.d.375AAF9C72274F383BD237A48E5C139F.e.14115/click - {}
RESULT: {}
RESULT: {}
COMMAND: POST /session/dc388682b4200c5e048280db36f00fb1/element - {"using":"xpath","value":"//button[@data-kt=\"saveButton\"]"}
COMMAND: GET /session/dc388682b4200c5e048280db36f00fb1/screenshot - {}
RESULT: {"using":"xpath","value":"//button[@data-kt=\"saveButton\"]"}
COMMAND: POST /session/dc388682b4200c5e048280db36f00fb1/element/f.5DEB10E109CE1E7B94EA7693F5B1958D.d.375AAF9C72274F383BD237A48E5C139F.e.14043/click - {}
RESULT: {}
RESULT: {}
COMMAND: GET /session/dc388682b4200c5e048280db36f00fb1/screenshot - {}
RESULT: {}
COMMAND: POST /session/dc388682b4200c5e048280db36f00fb1/execute/async - {"script":"<script> [1562 bytes]","args":[{"selector":{"id":"application-manageconditionprice-display-component---conditions--smartFilterBar-btnBasicSearch","interaction":{"idSuffix":"I"}},"wdio_ui5_key":"applicationmanageconditionprice-display-component---conditions--smartFilterBar-btnBasicSearch"}]}
RESULT: {"script":"<script> [1562 bytes]","args":[{"selector":{"id":"application-manageconditionprice-display-component---conditions--smartFilterBar-btnBasicSearch","interaction":{"idSuffix":"I"}},"wdio_ui5_key":"applicationmanageconditionprice-display-component---conditions--smartFilterBar-btnBasicSearch"}]}
RESULT: undefined
COMMAND: POST /session/dc388682b4200c5e048280db36f00fb1/execute/async - {"script":"<script> [776 bytes]","args":[{"enterText":"LoaItQaSV6","selector":{"id":"application-manageconditionprice-display-component---conditions--smartFilterBar-btnBasicSearch","interaction":{"idSuffix":"I"}},"clearTextFirst":true,"interactionType":"ENTER_TEXT"}]}
RESULT: {"script":"<script> [776 bytes]","args":[{"enterText":"LoaItQaSV6","selector":{"id":"application-manageconditionprice-display-component---conditions--smartFilterBar-btnBasicSearch","interaction":{"idSuffix":"I"}},"clearTextFirst":true,"interactionType":"ENTER_TEXT"}]}
COMMAND: POST /session/dc388682b4200c5e048280db36f00fb1/actions - {"actions":[{"id":"action52","type":"key","parameters":{},"actions":[{"type":"keyDown","value":"î€‡"},{"type":"pause","duration":10},{"type":"keyUp","value":"î€‡"}]}]}
RESULT: {"actions":[{"id":"action52","type":"key","parameters":{},"actions":[{"type":"keyDown","value":"î€‡"},{"type":"pause","duration":10},{"type":"keyUp","value":"î€‡"}]}]}
COMMAND: GET /session/dc388682b4200c5e048280db36f00fb1/screenshot - {}
RESULT: {}
COMMAND: POST /session/dc388682b4200c5e048280db36f00fb1/execute/async - {"script":"<script> [1562 bytes]","args":[{"selector":{"id":"application-manageconditionprice-display-component---conditions--smartFilterBar-filterItemControl_BASIC-BILL_TYPES-vhi"},"wdio_ui5_key":"applicationmanageconditionprice-display-component---conditions--smartFilterBar-filterItemControl_BASIC-BILL_TYPES-vhi"}]}
RESULT: {"script":"<script> [1562 bytes]","args":[{"selector":{"id":"application-manageconditionprice-display-component---conditions--smartFilterBar-filterItemControl_BASIC-BILL_TYPES-vhi"},"wdio_ui5_key":"applicationmanageconditionprice-display-component---conditions--smartFilterBar-filterItemControl_BASIC-BILL_TYPES-vhi"}]}
RESULT: undefined
COMMAND: POST /session/dc388682b4200c5e048280db36f00fb1/element - {"using":"xpath","value":"//*[@id=\"application-manageconditionprice-display-component---conditions--smartFilterBar-filterItemControl_BASIC-BILL_TYPES-vhi\"]"}
RESULT: {"using":"xpath","value":"//*[@id=\"application-manageconditionprice-display-component---conditions--smartFilterBar-filterItemControl_BASIC-BILL_TYPES-vhi\"]"}
COMMAND: POST /session/dc388682b4200c5e048280db36f00fb1/element/f.5DEB10E109CE1E7B94EA7693F5B1958D.d.375AAF9C72274F383BD237A48E5C139F.e.14131/click - {}
RESULT: {}
COMMAND: POST /session/dc388682b4200c5e048280db36f00fb1/execute/async - {"script":"<script> [1562 bytes]","args":[{"selector":{"id":"application-manageconditionprice-display-component---conditions--smartFilterBar-filterItemControl_BASIC-BILL_TYPES-valueHelpDialog-smartFilterBar-btnBasicSearch","searchOpenDialogs":true,"interaction":{"idSuffix":"I"}},"wdio_ui5_key":"applicationmanageconditionprice-display-component---conditions--smartFilterBar-filterItemControl_BASIC-BILL_TYPES-valueHelpDialog-smartFilterBar-btnBasicSearch"}]}
COMMAND: GET /session/dc388682b4200c5e048280db36f00fb1/screenshot - {}
RESULT: {"script":"<script> [1562 bytes]","args":[{"selector":{"id":"application-manageconditionprice-display-component---conditions--smartFilterBar-filterItemControl_BASIC-BILL_TYPES-valueHelpDialog-smartFilterBar-btnBasicSearch","searchOpenDialogs":true,"interaction":{"idSuffix":"I"}},"wdio_ui5_key":"applicationmanageconditionprice-display-component---conditions--smartFilterBar-filterItemControl_BASIC-BILL_TYPES-valueHelpDialog-smartFilterBar-btnBasicSearch"}]}
RESULT: undefined
COMMAND: POST /session/dc388682b4200c5e048280db36f00fb1/execute/async - {"script":"<script> [776 bytes]","args":[{"enterText":"TB","selector":{"id":"application-manageconditionprice-display-component---conditions--smartFilterBar-filterItemControl_BASIC-BILL_TYPES-valueHelpDialog-smartFilterBar-btnBasicSearch","searchOpenDialogs":true,"interaction":{"idSuffix":"I"}},"clearTextFirst":true,"interactionType":"ENTER_TEXT"}]}
RESULT: {}
RESULT: {"script":"<script> [776 bytes]","args":[{"enterText":"TB","selector":{"id":"application-manageconditionprice-display-component---conditions--smartFilterBar-filterItemControl_BASIC-BILL_TYPES-valueHelpDialog-smartFilterBar-btnBasicSearch","searchOpenDialogs":true,"interaction":{"idSuffix":"I"}},"clearTextFirst":true,"interactionType":"ENTER_TEXT"}]}
COMMAND: POST /session/dc388682b4200c5e048280db36f00fb1/actions - {"actions":[{"id":"action53","type":"key","parameters":{},"actions":[{"type":"keyDown","value":"î€‡"},{"type":"pause","duration":10},{"type":"keyUp","value":"î€‡"}]}]}
RESULT: {"actions":[{"id":"action53","type":"key","parameters":{},"actions":[{"type":"keyDown","value":"î€‡"},{"type":"pause","duration":10},{"type":"keyUp","value":"î€‡"}]}]}
COMMAND: GET /session/dc388682b4200c5e048280db36f00fb1/screenshot - {}
RESULT: {}
COMMAND: POST /session/dc388682b4200c5e048280db36f00fb1/element - {"using":"xpath","value":"//div[contains(@id, 'application-manageconditionprice-display-component---conditions--smartFilterBar-filterItemControl_BASIC-BILL_TYPES-valueHelpDialog-table-rowsel0')]"}
RESULT: {"using":"xpath","value":"//div[contains(@id, 'application-manageconditionprice-display-component---conditions--smartFilterBar-filterItemControl_BASIC-BILL_TYPES-valueHelpDialog-table-rowsel0')]"}
COMMAND: POST /session/dc388682b4200c5e048280db36f00fb1/element/f.5DEB10E109CE1E7B94EA7693F5B1958D.d.375AAF9C72274F383BD237A48E5C139F.e.14140/click - {}
RESULT: {}
COMMAND: GET /session/dc388682b4200c5e048280db36f00fb1/screenshot - {}
RESULT: {}
COMMAND: POST /session/dc388682b4200c5e048280db36f00fb1/element - {"using":"xpath","value":"//bdi[contains(text(), \"OK\")]"}
RESULT: {"using":"xpath","value":"//bdi[contains(text(), \"OK\")]"}
COMMAND: POST /session/dc388682b4200c5e048280db36f00fb1/element/f.5DEB10E109CE1E7B94EA7693F5B1958D.d.375AAF9C72274F383BD237A48E5C139F.e.14142/click - {}
RESULT: {}
COMMAND: GET /session/dc388682b4200c5e048280db36f00fb1/screenshot - {}
RESULT: {}
COMMAND: POST /session/dc388682b4200c5e048280db36f00fb1/element - {"using":"xpath","value":"//span[@id=\"application-manageconditionprice-display-component---conditions--smartTable-header-inner\"]"}
RESULT: {"using":"xpath","value":"//span[@id=\"application-manageconditionprice-display-component---conditions--smartTable-header-inner\"]"}
COMMAND: POST /session/dc388682b4200c5e048280db36f00fb1/elements - {"using":"xpath","value":"//span[@id=\"application-manageconditionprice-display-component---conditions--smartTable-header-inner\"]"}
RESULT: {"using":"xpath","value":"//span[@id=\"application-manageconditionprice-display-component---conditions--smartTable-header-inner\"]"}
COMMAND: POST /session/dc388682b4200c5e048280db36f00fb1/execute/sync - {"script":"<script> [56 bytes]","args":[{"element-6066-11e4-a52e-4f735466cecf":"f.5DEB10E109CE1E7B94EA7693F5B1958D.d.375AAF9C72274F383BD237A48E5C139F.e.14145","ELEMENT":"f.5DEB10E109CE1E7B94EA7693F5B1958D.d.375AAF9C72274F383BD237A48E5C139F.e.14145"}]}
RESULT: {"script":"<script> [56 bytes]","args":[{"element-6066-11e4-a52e-4f735466cecf":"f.5DEB10E109CE1E7B94EA7693F5B1958D.d.375AAF9C72274F383BD237A48E5C139F.e.14145","ELEMENT":"f.5DEB10E109CE1E7B94EA7693F5B1958D.d.375AAF9C72274F383BD237A48E5C139F.e.14145"}]}
COMMAND: POST /session/dc388682b4200c5e048280db36f00fb1/element - {"using":"css selector","value":"#shell-header-logo"}
COMMAND: GET /session/dc388682b4200c5e048280db36f00fb1/screenshot - {}
RESULT: {"using":"css selector","value":"#shell-header-logo"}
COMMAND: POST /session/dc388682b4200c5e048280db36f00fb1/element/f.5DEB10E109CE1E7B94EA7693F5B1958D.d.375AAF9C72274F383BD237A48E5C139F.e.13862/click - {}
RESULT: {}
RESULT: {}
COMMAND: GET /session/dc388682b4200c5e048280db36f00fb1/screenshot - {}
RESULT: {}
]]></system-out>
    </testcase>
    <testcase classname="chrome.136_0_7103_93.windows.Billing_transfer_US117289" name="Should do a stock increase" time="92.826">
      <system-out><![CDATA[
COMMAND: POST /session/dc388682b4200c5e048280db36f00fb1/execute/async - {"script":"<script> [1562 bytes]","args":[{"selector":{"controlType":"sap.m.GenericTile","properties":{"header":"Manage Handovers"}},"wdio_ui5_key":"sapm.GenericTile{\"header\":\"Manage Handovers\"}"}]}
RESULT: {"script":"<script> [1562 bytes]","args":[{"selector":{"controlType":"sap.m.GenericTile","properties":{"header":"Manage Handovers"}},"wdio_ui5_key":"sapm.GenericTile{\"header\":\"Manage Handovers\"}"}]}
RESULT: undefined
COMMAND: POST /session/dc388682b4200c5e048280db36f00fb1/element - {"using":"xpath","value":"//*[@id=\"__tile132\"]"}
RESULT: {"using":"xpath","value":"//*[@id=\"__tile132\"]"}
COMMAND: POST /session/dc388682b4200c5e048280db36f00fb1/element/f.5DEB10E109CE1E7B94EA7693F5B1958D.d.375AAF9C72274F383BD237A48E5C139F.e.13017/click - {}
RESULT: {}
COMMAND: GET /session/dc388682b4200c5e048280db36f00fb1/screenshot - {}
RESULT: {}
COMMAND: POST /session/dc388682b4200c5e048280db36f00fb1/elements - {"using":"xpath","value":"//span[text()='Error']"}
RESULT: {"using":"xpath","value":"//span[text()='Error']"}
COMMAND: POST /session/dc388682b4200c5e048280db36f00fb1/element - {"using":"xpath","value":"//button[@data-kt=\"masterHOAddButton\"]"}
RESULT: {"using":"xpath","value":"//button[@data-kt=\"masterHOAddButton\"]"}
COMMAND: POST /session/dc388682b4200c5e048280db36f00fb1/elements - {"using":"xpath","value":"//button[@data-kt=\"masterHOAddButton\"]"}
RESULT: {"using":"xpath","value":"//button[@data-kt=\"masterHOAddButton\"]"}
COMMAND: POST /session/dc388682b4200c5e048280db36f00fb1/execute/sync - {"script":"<script> [8489 bytes]","args":[{"element-6066-11e4-a52e-4f735466cecf":"f.5DEB10E109CE1E7B94EA7693F5B1958D.d.375AAF9C72274F383BD237A48E5C139F.e.14188","ELEMENT":"f.5DEB10E109CE1E7B94EA7693F5B1958D.d.375AAF9C72274F383BD237A48E5C139F.e.14188"}]}
RESULT: {"script":"<script> [8489 bytes]","args":[{"element-6066-11e4-a52e-4f735466cecf":"f.5DEB10E109CE1E7B94EA7693F5B1958D.d.375AAF9C72274F383BD237A48E5C139F.e.14188","ELEMENT":"f.5DEB10E109CE1E7B94EA7693F5B1958D.d.375AAF9C72274F383BD237A48E5C139F.e.14188"}]}
COMMAND: GET /session/dc388682b4200c5e048280db36f00fb1/element/f.5DEB10E109CE1E7B94EA7693F5B1958D.d.375AAF9C72274F383BD237A48E5C139F.e.14188/enabled - {}
COMMAND: GET /session/dc388682b4200c5e048280db36f00fb1/screenshot - {}
RESULT: {}
COMMAND: POST /session/dc388682b4200c5e048280db36f00fb1/execute/sync - {"script":"<script> [8489 bytes]","args":[{"element-6066-11e4-a52e-4f735466cecf":"f.5DEB10E109CE1E7B94EA7693F5B1958D.d.375AAF9C72274F383BD237A48E5C139F.e.14188","ELEMENT":"f.5DEB10E109CE1E7B94EA7693F5B1958D.d.375AAF9C72274F383BD237A48E5C139F.e.14188"}]}
COMMAND: GET /session/dc388682b4200c5e048280db36f00fb1/screenshot - {}
RESULT: {}
RESULT: {"script":"<script> [8489 bytes]","args":[{"element-6066-11e4-a52e-4f735466cecf":"f.5DEB10E109CE1E7B94EA7693F5B1958D.d.375AAF9C72274F383BD237A48E5C139F.e.14188","ELEMENT":"f.5DEB10E109CE1E7B94EA7693F5B1958D.d.375AAF9C72274F383BD237A48E5C139F.e.14188"}]}
COMMAND: POST /session/dc388682b4200c5e048280db36f00fb1/execute/sync - {"script":"<script> [5351 bytes]","args":[{"element-6066-11e4-a52e-4f735466cecf":"f.5DEB10E109CE1E7B94EA7693F5B1958D.d.375AAF9C72274F383BD237A48E5C139F.e.14188","ELEMENT":"f.5DEB10E109CE1E7B94EA7693F5B1958D.d.375AAF9C72274F383BD237A48E5C139F.e.14188"}]}
COMMAND: GET /session/dc388682b4200c5e048280db36f00fb1/screenshot - {}
RESULT: {}
RESULT: {"script":"<script> [5351 bytes]","args":[{"element-6066-11e4-a52e-4f735466cecf":"f.5DEB10E109CE1E7B94EA7693F5B1958D.d.375AAF9C72274F383BD237A48E5C139F.e.14188","ELEMENT":"f.5DEB10E109CE1E7B94EA7693F5B1958D.d.375AAF9C72274F383BD237A48E5C139F.e.14188"}]}
COMMAND: POST /session/dc388682b4200c5e048280db36f00fb1/element/f.5DEB10E109CE1E7B94EA7693F5B1958D.d.375AAF9C72274F383BD237A48E5C139F.e.14188/click - {}
COMMAND: GET /session/dc388682b4200c5e048280db36f00fb1/screenshot - {}
RESULT: {}
RESULT: {}
COMMAND: GET /session/dc388682b4200c5e048280db36f00fb1/screenshot - {}
COMMAND: POST /session/dc388682b4200c5e048280db36f00fb1/element - {"using":"xpath","value":"//span[contains(@id ,\"AddNewHO--typeSelect-arrow\")]"}
RESULT: {}
RESULT: {}
RESULT: {"using":"xpath","value":"//span[contains(@id ,\"AddNewHO--typeSelect-arrow\")]"}
COMMAND: POST /session/dc388682b4200c5e048280db36f00fb1/element/f.5DEB10E109CE1E7B94EA7693F5B1958D.d.375AAF9C72274F383BD237A48E5C139F.e.14525/click - {}
RESULT: {}
COMMAND: GET /session/dc388682b4200c5e048280db36f00fb1/screenshot - {}
RESULT: {}
COMMAND: POST /session/dc388682b4200c5e048280db36f00fb1/element - {"using":"xpath","value":"(//li[contains(text(), \"stock increase yard\")])[1]"}
RESULT: {"using":"xpath","value":"(//li[contains(text(), \"stock increase yard\")])[1]"}
COMMAND: POST /session/dc388682b4200c5e048280db36f00fb1/element/f.5DEB10E109CE1E7B94EA7693F5B1958D.d.375AAF9C72274F383BD237A48E5C139F.e.14526/click - {}
RESULT: {}
COMMAND: GET /session/dc388682b4200c5e048280db36f00fb1/screenshot - {}
RESULT: {}
COMMAND: POST /session/dc388682b4200c5e048280db36f00fb1/execute/async - {"script":"<script> [1562 bytes]","args":[{"selector":{"id":"application-managehandovers-display-component---AddNewHO--dueDate","interaction":{"idSuffix":"inner"}},"wdio_ui5_key":"applicationmanagehandovers-display-component---AddNewHO--dueDate"}]}
RESULT: {"script":"<script> [1562 bytes]","args":[{"selector":{"id":"application-managehandovers-display-component---AddNewHO--dueDate","interaction":{"idSuffix":"inner"}},"wdio_ui5_key":"applicationmanagehandovers-display-component---AddNewHO--dueDate"}]}
RESULT: undefined
COMMAND: POST /session/dc388682b4200c5e048280db36f00fb1/execute/async - {"script":"<script> [6424 bytes]","args":[{"element-6066-11e4-a52e-4f735466cecf":"f.5DEB10E109CE1E7B94EA7693F5B1958D.d.375AAF9C72274F383BD237A48E5C139F.e.14530"},"setValue",["5/16/25"]]}
RESULT: {"script":"<script> [6424 bytes]","args":[{"element-6066-11e4-a52e-4f735466cecf":"f.5DEB10E109CE1E7B94EA7693F5B1958D.d.375AAF9C72274F383BD237A48E5C139F.e.14530"},"setValue",["5/16/25"]]}
COMMAND: POST /session/dc388682b4200c5e048280db36f00fb1/element - {"using":"xpath","value":"//input[@id=\"generalSectionFrg--receiveYard-inner\"]"}
RESULT: {"using":"xpath","value":"//input[@id=\"generalSectionFrg--receiveYard-inner\"]"}
COMMAND: POST /session/dc388682b4200c5e048280db36f00fb1/element/f.5DEB10E109CE1E7B94EA7693F5B1958D.d.375AAF9C72274F383BD237A48E5C139F.e.14534/clear - {}
RESULT: {}
COMMAND: POST /session/dc388682b4200c5e048280db36f00fb1/element/f.5DEB10E109CE1E7B94EA7693F5B1958D.d.375AAF9C72274F383BD237A48E5C139F.e.14534/value - {"text":"437"}
COMMAND: GET /session/dc388682b4200c5e048280db36f00fb1/screenshot - {}
RESULT: {"text":"437"}
COMMAND: GET /session/dc388682b4200c5e048280db36f00fb1/screenshot - {}
RESULT: {}
RESULT: {}
COMMAND: POST /session/dc388682b4200c5e048280db36f00fb1/element - {"using":"xpath","value":"//li[.//span[text()='437']]"}
RESULT: {"using":"xpath","value":"//li[.//span[text()='437']]"}
COMMAND: POST /session/dc388682b4200c5e048280db36f00fb1/element/f.5DEB10E109CE1E7B94EA7693F5B1958D.d.375AAF9C72274F383BD237A48E5C139F.e.14550/click - {}
RESULT: {}
COMMAND: GET /session/dc388682b4200c5e048280db36f00fb1/screenshot - {}
RESULT: {}
COMMAND: POST /session/dc388682b4200c5e048280db36f00fb1/execute/async - {"script":"<script> [1562 bytes]","args":[{"selector":{"id":"application-managehandovers-display-component---AddNewHO--ObjectPageLayout-anchBar-application-managehandovers-display-component---AddNewHO--section4-anchor","interaction":{"idSuffix":"BDI-content"}},"wdio_ui5_key":"applicationmanagehandovers-display-component---AddNewHO--ObjectPageLayout-anchBar-application-managehandovers-display-component---AddNewHO--section4-anchor"}]}
RESULT: {"script":"<script> [1562 bytes]","args":[{"selector":{"id":"application-managehandovers-display-component---AddNewHO--ObjectPageLayout-anchBar-application-managehandovers-display-component---AddNewHO--section4-anchor","interaction":{"idSuffix":"BDI-content"}},"wdio_ui5_key":"applicationmanagehandovers-display-component---AddNewHO--ObjectPageLayout-anchBar-application-managehandovers-display-component---AddNewHO--section4-anchor"}]}
RESULT: undefined
COMMAND: POST /session/dc388682b4200c5e048280db36f00fb1/element - {"using":"xpath","value":"//*[@id=\"application-managehandovers-display-component---AddNewHO--ObjectPageLayout-anchBar-application-managehandovers-display-component---AddNewHO--section4-anchor\"]"}
RESULT: {"using":"xpath","value":"//*[@id=\"application-managehandovers-display-component---AddNewHO--ObjectPageLayout-anchBar-application-managehandovers-display-component---AddNewHO--section4-anchor\"]"}
COMMAND: POST /session/dc388682b4200c5e048280db36f00fb1/element/f.5DEB10E109CE1E7B94EA7693F5B1958D.d.375AAF9C72274F383BD237A48E5C139F.e.14552/click - {}
RESULT: {}
COMMAND: POST /session/dc388682b4200c5e048280db36f00fb1/element - {"using":"xpath","value":"//button[@aria-label=\"Add\"]"}
COMMAND: GET /session/dc388682b4200c5e048280db36f00fb1/screenshot - {}
RESULT: {"using":"xpath","value":"//button[@aria-label=\"Add\"]"}
COMMAND: POST /session/dc388682b4200c5e048280db36f00fb1/element/f.5DEB10E109CE1E7B94EA7693F5B1958D.d.375AAF9C72274F383BD237A48E5C139F.e.14554/click - {}
RESULT: {}
RESULT: {}
COMMAND: GET /session/dc388682b4200c5e048280db36f00fb1/screenshot - {}
RESULT: {}
COMMAND: POST /session/dc388682b4200c5e048280db36f00fb1/execute/async - {"script":"<script> [1562 bytes]","args":[{"selector":{"id":"application-managehandovers-display-component---AddNewHO--smartFilterBar-btnBasicSearch","searchOpenDialogs":true,"interaction":{"idSuffix":"I"}},"wdio_ui5_key":"applicationmanagehandovers-display-component---AddNewHO--smartFilterBar-btnBasicSearch"}]}
RESULT: {"script":"<script> [1562 bytes]","args":[{"selector":{"id":"application-managehandovers-display-component---AddNewHO--smartFilterBar-btnBasicSearch","searchOpenDialogs":true,"interaction":{"idSuffix":"I"}},"wdio_ui5_key":"applicationmanagehandovers-display-component---AddNewHO--smartFilterBar-btnBasicSearch"}]}
RESULT: undefined
COMMAND: POST /session/dc388682b4200c5e048280db36f00fb1/execute/async - {"script":"<script> [776 bytes]","args":[{"enterText":"LoaItQaSV6","selector":{"id":"application-managehandovers-display-component---AddNewHO--smartFilterBar-btnBasicSearch","searchOpenDialogs":true,"interaction":{"idSuffix":"I"}},"clearTextFirst":true,"interactionType":"ENTER_TEXT"}]}
RESULT: {"script":"<script> [776 bytes]","args":[{"enterText":"LoaItQaSV6","selector":{"id":"application-managehandovers-display-component---AddNewHO--smartFilterBar-btnBasicSearch","searchOpenDialogs":true,"interaction":{"idSuffix":"I"}},"clearTextFirst":true,"interactionType":"ENTER_TEXT"}]}
COMMAND: POST /session/dc388682b4200c5e048280db36f00fb1/actions - {"actions":[{"id":"action54","type":"key","parameters":{},"actions":[{"type":"keyDown","value":"î€‡"},{"type":"pause","duration":10},{"type":"keyUp","value":"î€‡"}]}]}
RESULT: {"actions":[{"id":"action54","type":"key","parameters":{},"actions":[{"type":"keyDown","value":"î€‡"},{"type":"pause","duration":10},{"type":"keyUp","value":"î€‡"}]}]}
COMMAND: GET /session/dc388682b4200c5e048280db36f00fb1/screenshot - {}
RESULT: {}
COMMAND: POST /session/dc388682b4200c5e048280db36f00fb1/execute/async - {"script":"<script> [1562 bytes]","args":[{"selector":{"id":"application-managehandovers-display-component---AddNewHO--popup-sa","searchOpenDialogs":true,"interaction":{"idSuffix":"CbBg"}},"wdio_ui5_key":"applicationmanagehandovers-display-component---AddNewHO--popup-sa"}]}
RESULT: {"script":"<script> [1562 bytes]","args":[{"selector":{"id":"application-managehandovers-display-component---AddNewHO--popup-sa","searchOpenDialogs":true,"interaction":{"idSuffix":"CbBg"}},"wdio_ui5_key":"applicationmanagehandovers-display-component---AddNewHO--popup-sa"}]}
RESULT: undefined
COMMAND: POST /session/dc388682b4200c5e048280db36f00fb1/element - {"using":"xpath","value":"//*[@id=\"application-managehandovers-display-component---AddNewHO--popup-sa\"]"}
RESULT: {"using":"xpath","value":"//*[@id=\"application-managehandovers-display-component---AddNewHO--popup-sa\"]"}
COMMAND: POST /session/dc388682b4200c5e048280db36f00fb1/element/f.5DEB10E109CE1E7B94EA7693F5B1958D.d.375AAF9C72274F383BD237A48E5C139F.e.14708/click - {}
RESULT: {}
COMMAND: GET /session/dc388682b4200c5e048280db36f00fb1/screenshot - {}
RESULT: {}
COMMAND: POST /session/dc388682b4200c5e048280db36f00fb1/element - {"using":"xpath","value":"//bdi[contains(text(), \"Select\")]"}
RESULT: {"using":"xpath","value":"//bdi[contains(text(), \"Select\")]"}
COMMAND: POST /session/dc388682b4200c5e048280db36f00fb1/element/f.5DEB10E109CE1E7B94EA7693F5B1958D.d.375AAF9C72274F383BD237A48E5C139F.e.14709/click - {}
RESULT: {}
COMMAND: GET /session/dc388682b4200c5e048280db36f00fb1/screenshot - {}
RESULT: {}
COMMAND: POST /session/dc388682b4200c5e048280db36f00fb1/element - {"using":"xpath","value":"//button[@data-kt=\"AddNewHOSaveButton\"]"}
RESULT: {"using":"xpath","value":"//button[@data-kt=\"AddNewHOSaveButton\"]"}
COMMAND: POST /session/dc388682b4200c5e048280db36f00fb1/element/f.5DEB10E109CE1E7B94EA7693F5B1958D.d.375AAF9C72274F383BD237A48E5C139F.e.14713/click - {}
RESULT: {}
COMMAND: GET /session/dc388682b4200c5e048280db36f00fb1/screenshot - {}
RESULT: {}
COMMAND: POST /session/dc388682b4200c5e048280db36f00fb1/execute/async - {"script":"<script> [1562 bytes]","args":[{"selector":{"id":"receiptDatePicker","viewName":"etm.portal.ui.managehandovers.view.DetailExecuteHO","interaction":{"idSuffix":"inner"}},"wdio_ui5_key":"receiptDatePickeretmportal.ui.managehandovers.view.DetailExecuteHO"}]}
RESULT: {"script":"<script> [1562 bytes]","args":[{"selector":{"id":"receiptDatePicker","viewName":"etm.portal.ui.managehandovers.view.DetailExecuteHO","interaction":{"idSuffix":"inner"}},"wdio_ui5_key":"receiptDatePickeretmportal.ui.managehandovers.view.DetailExecuteHO"}]}
RESULT: undefined
COMMAND: POST /session/dc388682b4200c5e048280db36f00fb1/execute/async - {"script":"<script> [6424 bytes]","args":[{"element-6066-11e4-a52e-4f735466cecf":"f.5DEB10E109CE1E7B94EA7693F5B1958D.d.375AAF9C72274F383BD237A48E5C139F.e.14733"},"setValue",["5/16/25"]]}
RESULT: {"script":"<script> [6424 bytes]","args":[{"element-6066-11e4-a52e-4f735466cecf":"f.5DEB10E109CE1E7B94EA7693F5B1958D.d.375AAF9C72274F383BD237A48E5C139F.e.14733"},"setValue",["5/16/25"]]}
COMMAND: POST /session/dc388682b4200c5e048280db36f00fb1/element - {"using":"xpath","value":"//button[@data-kt=\"PickingTableConfirmAllButton\"]"}
RESULT: {"using":"xpath","value":"//button[@data-kt=\"PickingTableConfirmAllButton\"]"}
COMMAND: POST /session/dc388682b4200c5e048280db36f00fb1/element/f.5DEB10E109CE1E7B94EA7693F5B1958D.d.375AAF9C72274F383BD237A48E5C139F.e.14747/click - {}
RESULT: {}
COMMAND: GET /session/dc388682b4200c5e048280db36f00fb1/screenshot - {}
RESULT: {}
COMMAND: POST /session/dc388682b4200c5e048280db36f00fb1/element - {"using":"xpath","value":"//bdi[contains(text(), \"OK\")]"}
RESULT: {"using":"xpath","value":"//bdi[contains(text(), \"OK\")]"}
COMMAND: POST /session/dc388682b4200c5e048280db36f00fb1/element/f.5DEB10E109CE1E7B94EA7693F5B1958D.d.375AAF9C72274F383BD237A48E5C139F.e.14749/click - {}
RESULT: {}
COMMAND: GET /session/dc388682b4200c5e048280db36f00fb1/screenshot - {}
RESULT: {}
COMMAND: POST /session/dc388682b4200c5e048280db36f00fb1/element - {"using":"xpath","value":"(//bdi[contains(text(), \"Receive\")])[2]"}
RESULT: {"using":"xpath","value":"(//bdi[contains(text(), \"Receive\")])[2]"}
COMMAND: POST /session/dc388682b4200c5e048280db36f00fb1/element/f.5DEB10E109CE1E7B94EA7693F5B1958D.d.375AAF9C72274F383BD237A48E5C139F.e.14751/click - {}
RESULT: {}
COMMAND: GET /session/dc388682b4200c5e048280db36f00fb1/screenshot - {}
RESULT: {}
COMMAND: POST /session/dc388682b4200c5e048280db36f00fb1/element - {"using":"css selector","value":"#shell-header-logo"}
RESULT: {"using":"css selector","value":"#shell-header-logo"}
COMMAND: POST /session/dc388682b4200c5e048280db36f00fb1/element/f.5DEB10E109CE1E7B94EA7693F5B1958D.d.375AAF9C72274F383BD237A48E5C139F.e.14151/click - {}
RESULT: {}
COMMAND: GET /session/dc388682b4200c5e048280db36f00fb1/screenshot - {}
RESULT: {}
]]></system-out>
    </testcase>
    <testcase classname="chrome.136_0_7103_93.windows.Billing_transfer_US117289" name="Should create a new contract" time="66.375">
      <system-out><![CDATA[
COMMAND: POST /session/dc388682b4200c5e048280db36f00fb1/execute/async - {"script":"<script> [1562 bytes]","args":[{"selector":{"controlType":"sap.m.GenericTile","properties":{"header":"Manage Contracts"}},"wdio_ui5_key":"sapm.GenericTile{\"header\":\"Manage Contracts\"}"}]}
RESULT: {"script":"<script> [1562 bytes]","args":[{"selector":{"controlType":"sap.m.GenericTile","properties":{"header":"Manage Contracts"}},"wdio_ui5_key":"sapm.GenericTile{\"header\":\"Manage Contracts\"}"}]}
RESULT: undefined
COMMAND: POST /session/dc388682b4200c5e048280db36f00fb1/element - {"using":"xpath","value":"//*[@id=\"__tile130\"]"}
RESULT: {"using":"xpath","value":"//*[@id=\"__tile130\"]"}
COMMAND: POST /session/dc388682b4200c5e048280db36f00fb1/element/f.5DEB10E109CE1E7B94EA7693F5B1958D.d.375AAF9C72274F383BD237A48E5C139F.e.12946/click - {}
RESULT: {}
COMMAND: GET /session/dc388682b4200c5e048280db36f00fb1/screenshot - {}
RESULT: {}
COMMAND: POST /session/dc388682b4200c5e048280db36f00fb1/elements - {"using":"xpath","value":"//span[text()='Error']"}
RESULT: {"using":"xpath","value":"//span[text()='Error']"}
COMMAND: POST /session/dc388682b4200c5e048280db36f00fb1/element - {"using":"xpath","value":"//button[@data-kt=\"addButton\"]"}
RESULT: {"using":"xpath","value":"//button[@data-kt=\"addButton\"]"}
COMMAND: POST /session/dc388682b4200c5e048280db36f00fb1/elements - {"using":"xpath","value":"//button[@data-kt=\"addButton\"]"}
RESULT: {"using":"xpath","value":"//button[@data-kt=\"addButton\"]"}
COMMAND: POST /session/dc388682b4200c5e048280db36f00fb1/execute/sync - {"script":"<script> [8489 bytes]","args":[{"element-6066-11e4-a52e-4f735466cecf":"f.5DEB10E109CE1E7B94EA7693F5B1958D.d.375AAF9C72274F383BD237A48E5C139F.e.14968","ELEMENT":"f.5DEB10E109CE1E7B94EA7693F5B1958D.d.375AAF9C72274F383BD237A48E5C139F.e.14968"}]}
RESULT: {"script":"<script> [8489 bytes]","args":[{"element-6066-11e4-a52e-4f735466cecf":"f.5DEB10E109CE1E7B94EA7693F5B1958D.d.375AAF9C72274F383BD237A48E5C139F.e.14968","ELEMENT":"f.5DEB10E109CE1E7B94EA7693F5B1958D.d.375AAF9C72274F383BD237A48E5C139F.e.14968"}]}
COMMAND: GET /session/dc388682b4200c5e048280db36f00fb1/element/f.5DEB10E109CE1E7B94EA7693F5B1958D.d.375AAF9C72274F383BD237A48E5C139F.e.14968/enabled - {}
COMMAND: GET /session/dc388682b4200c5e048280db36f00fb1/screenshot - {}
RESULT: {}
COMMAND: POST /session/dc388682b4200c5e048280db36f00fb1/execute/sync - {"script":"<script> [8489 bytes]","args":[{"element-6066-11e4-a52e-4f735466cecf":"f.5DEB10E109CE1E7B94EA7693F5B1958D.d.375AAF9C72274F383BD237A48E5C139F.e.14968","ELEMENT":"f.5DEB10E109CE1E7B94EA7693F5B1958D.d.375AAF9C72274F383BD237A48E5C139F.e.14968"}]}
COMMAND: GET /session/dc388682b4200c5e048280db36f00fb1/screenshot - {}
RESULT: {}
RESULT: {"script":"<script> [8489 bytes]","args":[{"element-6066-11e4-a52e-4f735466cecf":"f.5DEB10E109CE1E7B94EA7693F5B1958D.d.375AAF9C72274F383BD237A48E5C139F.e.14968","ELEMENT":"f.5DEB10E109CE1E7B94EA7693F5B1958D.d.375AAF9C72274F383BD237A48E5C139F.e.14968"}]}
COMMAND: POST /session/dc388682b4200c5e048280db36f00fb1/execute/sync - {"script":"<script> [5351 bytes]","args":[{"element-6066-11e4-a52e-4f735466cecf":"f.5DEB10E109CE1E7B94EA7693F5B1958D.d.375AAF9C72274F383BD237A48E5C139F.e.14968","ELEMENT":"f.5DEB10E109CE1E7B94EA7693F5B1958D.d.375AAF9C72274F383BD237A48E5C139F.e.14968"}]}
COMMAND: GET /session/dc388682b4200c5e048280db36f00fb1/screenshot - {}
RESULT: {}
RESULT: {"script":"<script> [5351 bytes]","args":[{"element-6066-11e4-a52e-4f735466cecf":"f.5DEB10E109CE1E7B94EA7693F5B1958D.d.375AAF9C72274F383BD237A48E5C139F.e.14968","ELEMENT":"f.5DEB10E109CE1E7B94EA7693F5B1958D.d.375AAF9C72274F383BD237A48E5C139F.e.14968"}]}
COMMAND: GET /session/dc388682b4200c5e048280db36f00fb1/screenshot - {}
RESULT: {}
RESULT: {}
COMMAND: POST /session/dc388682b4200c5e048280db36f00fb1/element/f.5DEB10E109CE1E7B94EA7693F5B1958D.d.375AAF9C72274F383BD237A48E5C139F.e.14968/click - {}
RESULT: {}
COMMAND: GET /session/dc388682b4200c5e048280db36f00fb1/screenshot - {}
RESULT: {}
COMMAND: POST /session/dc388682b4200c5e048280db36f00fb1/execute/async - {"script":"<script> [1562 bytes]","args":[{"selector":{"id":"application-managecontracts-display-component---AddNewContract--projectDescription","interaction":{"idSuffix":"inner"}},"wdio_ui5_key":"applicationmanagecontracts-display-component---AddNewContract--projectDescription"}]}
RESULT: {"script":"<script> [1562 bytes]","args":[{"selector":{"id":"application-managecontracts-display-component---AddNewContract--projectDescription","interaction":{"idSuffix":"inner"}},"wdio_ui5_key":"applicationmanagecontracts-display-component---AddNewContract--projectDescription"}]}
RESULT: undefined
COMMAND: POST /session/dc388682b4200c5e048280db36f00fb1/execute/async - {"script":"<script> [776 bytes]","args":[{"enterText":"Contract WDIO","selector":{"id":"application-managecontracts-display-component---AddNewContract--projectDescription","interaction":{"idSuffix":"inner"}},"clearTextFirst":true,"interactionType":"ENTER_TEXT"}]}
RESULT: {"script":"<script> [776 bytes]","args":[{"enterText":"Contract WDIO","selector":{"id":"application-managecontracts-display-component---AddNewContract--projectDescription","interaction":{"idSuffix":"inner"}},"clearTextFirst":true,"interactionType":"ENTER_TEXT"}]}
COMMAND: POST /session/dc388682b4200c5e048280db36f00fb1/element - {"using":"xpath","value":"//input[@id=\"application-managecontracts-display-component---AddNewContract--site-inner\"]"}
RESULT: {"using":"xpath","value":"//input[@id=\"application-managecontracts-display-component---AddNewContract--site-inner\"]"}
COMMAND: POST /session/dc388682b4200c5e048280db36f00fb1/element/f.5DEB10E109CE1E7B94EA7693F5B1958D.d.375AAF9C72274F383BD237A48E5C139F.e.15324/clear - {}
RESULT: {}
COMMAND: POST /session/dc388682b4200c5e048280db36f00fb1/element/f.5DEB10E109CE1E7B94EA7693F5B1958D.d.375AAF9C72274F383BD237A48E5C139F.e.15324/value - {"text":"2204"}
COMMAND: GET /session/dc388682b4200c5e048280db36f00fb1/screenshot - {}
RESULT: {"text":"2204"}
COMMAND: GET /session/dc388682b4200c5e048280db36f00fb1/screenshot - {}
RESULT: {}
RESULT: {}
COMMAND: POST /session/dc388682b4200c5e048280db36f00fb1/element - {"using":"xpath","value":"//li[.//span[text()='2204']]"}
RESULT: {"using":"xpath","value":"//li[.//span[text()='2204']]"}
COMMAND: POST /session/dc388682b4200c5e048280db36f00fb1/element/f.5DEB10E109CE1E7B94EA7693F5B1958D.d.375AAF9C72274F383BD237A48E5C139F.e.15359/click - {}
RESULT: {}
COMMAND: GET /session/dc388682b4200c5e048280db36f00fb1/screenshot - {}
RESULT: {}
COMMAND: POST /session/dc388682b4200c5e048280db36f00fb1/element - {"using":"xpath","value":"//input[@id=\"application-managecontracts-display-component---AddNewContract--yardId-inner\"]"}
RESULT: {"using":"xpath","value":"//input[@id=\"application-managecontracts-display-component---AddNewContract--yardId-inner\"]"}
COMMAND: GET /session/dc388682b4200c5e048280db36f00fb1/element/f.5DEB10E109CE1E7B94EA7693F5B1958D.d.375AAF9C72274F383BD237A48E5C139F.e.15325/property/value - {}
RESULT: {}
COMMAND: POST /session/dc388682b4200c5e048280db36f00fb1/element - {"using":"xpath","value":"//input[@id=\"application-managecontracts-display-component---AddNewContract--customerSelect-inner\"]"}
COMMAND: GET /session/dc388682b4200c5e048280db36f00fb1/screenshot - {}
RESULT: {"using":"xpath","value":"//input[@id=\"application-managecontracts-display-component---AddNewContract--customerSelect-inner\"]"}
COMMAND: POST /session/dc388682b4200c5e048280db36f00fb1/element/f.5DEB10E109CE1E7B94EA7693F5B1958D.d.375AAF9C72274F383BD237A48E5C139F.e.15323/clear - {}
RESULT: {}
RESULT: {}
COMMAND: POST /session/dc388682b4200c5e048280db36f00fb1/element/f.5DEB10E109CE1E7B94EA7693F5B1958D.d.375AAF9C72274F383BD237A48E5C139F.e.15323/value - {"text":"1245"}
COMMAND: GET /session/dc388682b4200c5e048280db36f00fb1/screenshot - {}
RESULT: {"text":"1245"}
COMMAND: GET /session/dc388682b4200c5e048280db36f00fb1/screenshot - {}
RESULT: {}
RESULT: {}
COMMAND: POST /session/dc388682b4200c5e048280db36f00fb1/element - {"using":"xpath","value":"//li[.//span[text()='1245']]"}
RESULT: {"using":"xpath","value":"//li[.//span[text()='1245']]"}
COMMAND: POST /session/dc388682b4200c5e048280db36f00fb1/element/f.5DEB10E109CE1E7B94EA7693F5B1958D.d.375AAF9C72274F383BD237A48E5C139F.e.15362/click - {}
RESULT: {}
COMMAND: GET /session/dc388682b4200c5e048280db36f00fb1/screenshot - {}
RESULT: {}
COMMAND: POST /session/dc388682b4200c5e048280db36f00fb1/element - {"using":"xpath","value":"//button[@data-kt=\"saveButton\"]"}
RESULT: {"using":"xpath","value":"//button[@data-kt=\"saveButton\"]"}
COMMAND: POST /session/dc388682b4200c5e048280db36f00fb1/element/f.5DEB10E109CE1E7B94EA7693F5B1958D.d.375AAF9C72274F383BD237A48E5C139F.e.15363/click - {}
RESULT: {}
COMMAND: GET /session/dc388682b4200c5e048280db36f00fb1/screenshot - {}
RESULT: {}
COMMAND: POST /session/dc388682b4200c5e048280db36f00fb1/element - {"using":"xpath","value":"//span[contains(@id ,\"contractDetailTitleNoExpanded\")]"}
RESULT: {"using":"xpath","value":"//span[contains(@id ,\"contractDetailTitleNoExpanded\")]"}
COMMAND: POST /session/dc388682b4200c5e048280db36f00fb1/elements - {"using":"xpath","value":"//span[contains(@id ,\"contractDetailTitleNoExpanded\")]"}
RESULT: {"using":"xpath","value":"//span[contains(@id ,\"contractDetailTitleNoExpanded\")]"}
COMMAND: POST /session/dc388682b4200c5e048280db36f00fb1/execute/sync - {"script":"<script> [56 bytes]","args":[{"element-6066-11e4-a52e-4f735466cecf":"f.5DEB10E109CE1E7B94EA7693F5B1958D.d.375AAF9C72274F383BD237A48E5C139F.e.15434","ELEMENT":"f.5DEB10E109CE1E7B94EA7693F5B1958D.d.375AAF9C72274F383BD237A48E5C139F.e.15434"}]}
RESULT: {"script":"<script> [56 bytes]","args":[{"element-6066-11e4-a52e-4f735466cecf":"f.5DEB10E109CE1E7B94EA7693F5B1958D.d.375AAF9C72274F383BD237A48E5C139F.e.15434","ELEMENT":"f.5DEB10E109CE1E7B94EA7693F5B1958D.d.375AAF9C72274F383BD237A48E5C139F.e.15434"}]}
COMMAND: GET /session/dc388682b4200c5e048280db36f00fb1/screenshot - {}
RESULT: {}
]]></system-out>
    </testcase>
    <testcase classname="chrome.136_0_7103_93.windows.Billing_transfer_US117289" name="Should add created equipment to contract" time="49.161">
      <system-out><![CDATA[
COMMAND: POST /session/dc388682b4200c5e048280db36f00fb1/element - {"using":"xpath","value":"//button[@data-kt=\"contractDetailEditBtnButton\"]"}
RESULT: {"using":"xpath","value":"//button[@data-kt=\"contractDetailEditBtnButton\"]"}
COMMAND: POST /session/dc388682b4200c5e048280db36f00fb1/element/f.5DEB10E109CE1E7B94EA7693F5B1958D.d.375AAF9C72274F383BD237A48E5C139F.e.15437/click - {}
RESULT: {}
COMMAND: GET /session/dc388682b4200c5e048280db36f00fb1/screenshot - {}
RESULT: {}
COMMAND: POST /session/dc388682b4200c5e048280db36f00fb1/element - {"using":"xpath","value":"(//span[contains(text(), \"Additional Addresses\")])[2]"}
RESULT: {"using":"xpath","value":"(//span[contains(text(), \"Additional Addresses\")])[2]"}
COMMAND: POST /session/dc388682b4200c5e048280db36f00fb1/element/f.5DEB10E109CE1E7B94EA7693F5B1958D.d.375AAF9C72274F383BD237A48E5C139F.e.15493/click - {}
RESULT: {}
COMMAND: GET /session/dc388682b4200c5e048280db36f00fb1/screenshot - {}
RESULT: {}
COMMAND: POST /session/dc388682b4200c5e048280db36f00fb1/element - {"using":"xpath","value":"//button[@data-kt=\"btnAddTableRowOverflowToolbarButton\"]"}
RESULT: {"using":"xpath","value":"//button[@data-kt=\"btnAddTableRowOverflowToolbarButton\"]"}
COMMAND: POST /session/dc388682b4200c5e048280db36f00fb1/element/f.5DEB10E109CE1E7B94EA7693F5B1958D.d.375AAF9C72274F383BD237A48E5C139F.e.15497/click - {}
RESULT: {}
COMMAND: GET /session/dc388682b4200c5e048280db36f00fb1/screenshot - {}
RESULT: {}
COMMAND: POST /session/dc388682b4200c5e048280db36f00fb1/element - {"using":"xpath","value":"//div[(text() = 'Standard Entry' or . = 'Standard Entry')]"}
RESULT: {"using":"xpath","value":"//div[(text() = 'Standard Entry' or . = 'Standard Entry')]"}
COMMAND: POST /session/dc388682b4200c5e048280db36f00fb1/element/f.5DEB10E109CE1E7B94EA7693F5B1958D.d.375AAF9C72274F383BD237A48E5C139F.e.15499/click - {}
RESULT: {}
COMMAND: GET /session/dc388682b4200c5e048280db36f00fb1/screenshot - {}
RESULT: {}
COMMAND: POST /session/dc388682b4200c5e048280db36f00fb1/element - {"using":"xpath","value":"//td[7]/div/div/input"}
RESULT: {"using":"xpath","value":"//td[7]/div/div/input"}
COMMAND: POST /session/dc388682b4200c5e048280db36f00fb1/element/f.5DEB10E109CE1E7B94EA7693F5B1958D.d.375AAF9C72274F383BD237A48E5C139F.e.15508/clear - {}
RESULT: {}
COMMAND: POST /session/dc388682b4200c5e048280db36f00fb1/element/f.5DEB10E109CE1E7B94EA7693F5B1958D.d.375AAF9C72274F383BD237A48E5C139F.e.15508/value - {"text":"LoaItQaSV6"}
COMMAND: GET /session/dc388682b4200c5e048280db36f00fb1/screenshot - {}
RESULT: {"text":"LoaItQaSV6"}
COMMAND: GET /session/dc388682b4200c5e048280db36f00fb1/screenshot - {}
RESULT: {}
RESULT: {}
COMMAND: POST /session/dc388682b4200c5e048280db36f00fb1/actions - {"actions":[{"id":"action55","type":"key","parameters":{},"actions":[{"type":"keyDown","value":"î€‡"},{"type":"pause","duration":10},{"type":"keyUp","value":"î€‡"}]}]}
RESULT: {"actions":[{"id":"action55","type":"key","parameters":{},"actions":[{"type":"keyDown","value":"î€‡"},{"type":"pause","duration":10},{"type":"keyUp","value":"î€‡"}]}]}
COMMAND: GET /session/dc388682b4200c5e048280db36f00fb1/screenshot - {}
RESULT: {}
COMMAND: POST /session/dc388682b4200c5e048280db36f00fb1/execute/sync - {"script":"<script> [276 bytes]","args":["No pricing information was found"]}
RESULT: {"script":"<script> [276 bytes]","args":["No pricing information was found"]}
COMMAND: POST /session/dc388682b4200c5e048280db36f00fb1/element - {"using":"xpath","value":"(//button[@data-kt=\"saveButton\"])[2]"}
COMMAND: GET /session/dc388682b4200c5e048280db36f00fb1/screenshot - {}
RESULT: {"using":"xpath","value":"(//button[@data-kt=\"saveButton\"])[2]"}
COMMAND: POST /session/dc388682b4200c5e048280db36f00fb1/element/f.5DEB10E109CE1E7B94EA7693F5B1958D.d.375AAF9C72274F383BD237A48E5C139F.e.15523/click - {}
RESULT: {}
RESULT: {}
COMMAND: GET /session/dc388682b4200c5e048280db36f00fb1/screenshot - {}
RESULT: {}
COMMAND: POST /session/dc388682b4200c5e048280db36f00fb1/execute/sync - {"script":"<script> [276 bytes]","args":["Some contract items are having rental validity exceeding header rental validity"]}
RESULT: {"script":"<script> [276 bytes]","args":["Some contract items are having rental validity exceeding header rental validity"]}
COMMAND: GET /session/dc388682b4200c5e048280db36f00fb1/screenshot - {}
RESULT: {}
COMMAND: POST /session/dc388682b4200c5e048280db36f00fb1/element - {"using":"xpath","value":"//span[contains(@id ,\"contractItemsSmartTable-header-inner\")]"}
RESULT: {"using":"xpath","value":"//span[contains(@id ,\"contractItemsSmartTable-header-inner\")]"}
COMMAND: POST /session/dc388682b4200c5e048280db36f00fb1/elements - {"using":"xpath","value":"//span[contains(@id ,\"contractItemsSmartTable-header-inner\")]"}
RESULT: {"using":"xpath","value":"//span[contains(@id ,\"contractItemsSmartTable-header-inner\")]"}
COMMAND: POST /session/dc388682b4200c5e048280db36f00fb1/execute/sync - {"script":"<script> [56 bytes]","args":[{"element-6066-11e4-a52e-4f735466cecf":"f.5DEB10E109CE1E7B94EA7693F5B1958D.d.375AAF9C72274F383BD237A48E5C139F.e.15530","ELEMENT":"f.5DEB10E109CE1E7B94EA7693F5B1958D.d.375AAF9C72274F383BD237A48E5C139F.e.15530"}]}
RESULT: {"script":"<script> [56 bytes]","args":[{"element-6066-11e4-a52e-4f735466cecf":"f.5DEB10E109CE1E7B94EA7693F5B1958D.d.375AAF9C72274F383BD237A48E5C139F.e.15530","ELEMENT":"f.5DEB10E109CE1E7B94EA7693F5B1958D.d.375AAF9C72274F383BD237A48E5C139F.e.15530"}]}
]]></system-out>
    </testcase>
    <testcase classname="chrome.136_0_7103_93.windows.Billing_transfer_US117289" name="Should do a provide to site handover" time="69.117">
      <system-out><![CDATA[
COMMAND: GET /session/dc388682b4200c5e048280db36f00fb1/screenshot - {}
COMMAND: POST /session/dc388682b4200c5e048280db36f00fb1/element - {"using":"xpath","value":"//button[@data-kt=\"provideButton\"]"}
RESULT: {}
RESULT: {"using":"xpath","value":"//button[@data-kt=\"provideButton\"]"}
COMMAND: POST /session/dc388682b4200c5e048280db36f00fb1/element/f.5DEB10E109CE1E7B94EA7693F5B1958D.d.375AAF9C72274F383BD237A48E5C139F.e.15531/click - {}
RESULT: {}
COMMAND: GET /session/dc388682b4200c5e048280db36f00fb1/screenshot - {}
RESULT: {}
RESULT: undefined
COMMAND: POST /session/dc388682b4200c5e048280db36f00fb1/execute/async - {"script":"<script> [6424 bytes]","args":[{"element-6066-11e4-a52e-4f735466cecf":"f.5DEB10E109CE1E7B94EA7693F5B1958D.d.375AAF9C72274F383BD237A48E5C139F.e.14530"},"setValue",["5/16/25"]]}
COMMAND: POST /session/dc388682b4200c5e048280db36f00fb1/execute/async - {"script":"<script> [1562 bytes]","args":[{"selector":{"id":"application-managehandovers-display-component---AddNewHO--dueDate","interaction":{"idSuffix":"inner"}},"wdio_ui5_key":"applicationmanagehandovers-display-component---AddNewHO--dueDate"}]}
RESULT: {"script":"<script> [1562 bytes]","args":[{"selector":{"id":"application-managehandovers-display-component---AddNewHO--dueDate","interaction":{"idSuffix":"inner"}},"wdio_ui5_key":"applicationmanagehandovers-display-component---AddNewHO--dueDate"}]}
COMMAND: POST /session/dc388682b4200c5e048280db36f00fb1/execute/async - {"script":"<script> [6424 bytes]","args":[{"element-6066-11e4-a52e-4f735466cecf":"f.5DEB10E109CE1E7B94EA7693F5B1958D.d.375AAF9C72274F383BD237A48E5C139F.e.15607"},"setValue",["5/16/25"]]}
RESULT: {"script":"<script> [6424 bytes]","args":[{"element-6066-11e4-a52e-4f735466cecf":"f.5DEB10E109CE1E7B94EA7693F5B1958D.d.375AAF9C72274F383BD237A48E5C139F.e.15607"},"setValue",["5/16/25"]]}
COMMAND: POST /session/dc388682b4200c5e048280db36f00fb1/element - {"using":"xpath","value":"//bdi[contains(text(), \"Instructions\")]"}
RESULT: {"using":"xpath","value":"//bdi[contains(text(), \"Instructions\")]"}
COMMAND: POST /session/dc388682b4200c5e048280db36f00fb1/element/f.5DEB10E109CE1E7B94EA7693F5B1958D.d.375AAF9C72274F383BD237A48E5C139F.e.15848/click - {}
RESULT: {}
COMMAND: GET /session/dc388682b4200c5e048280db36f00fb1/screenshot - {}
RESULT: {}
COMMAND: POST /session/dc388682b4200c5e048280db36f00fb1/element - {"using":"xpath","value":"//button[@data-kt=\"AddNewHOProvideAddItemsButton\"]"}
RESULT: {"using":"xpath","value":"//button[@data-kt=\"AddNewHOProvideAddItemsButton\"]"}
COMMAND: POST /session/dc388682b4200c5e048280db36f00fb1/element/f.5DEB10E109CE1E7B94EA7693F5B1958D.d.375AAF9C72274F383BD237A48E5C139F.e.15852/click - {}
RESULT: {}
COMMAND: GET /session/dc388682b4200c5e048280db36f00fb1/screenshot - {}
RESULT: {}
RESULT: undefined
COMMAND: POST /session/dc388682b4200c5e048280db36f00fb1/element - {"using":"xpath","value":"//*[@id=\"application-managehandovers-display-component---AddNewHO--popup-sa\"]"}
RESULT: {"using":"xpath","value":"//*[@id=\"application-managehandovers-display-component---AddNewHO--popup-sa\"]"}
COMMAND: POST /session/dc388682b4200c5e048280db36f00fb1/element/f.5DEB10E109CE1E7B94EA7693F5B1958D.d.375AAF9C72274F383BD237A48E5C139F.e.15861/click - {}
RESULT: {}
COMMAND: GET /session/dc388682b4200c5e048280db36f00fb1/screenshot - {}
RESULT: {}
COMMAND: POST /session/dc388682b4200c5e048280db36f00fb1/element - {"using":"xpath","value":"//*[contains(@id ,\"BDI-content\")][contains(text(), \"Select\")]"}
RESULT: {"using":"xpath","value":"//*[contains(@id ,\"BDI-content\")][contains(text(), \"Select\")]"}
COMMAND: POST /session/dc388682b4200c5e048280db36f00fb1/element/f.5DEB10E109CE1E7B94EA7693F5B1958D.d.375AAF9C72274F383BD237A48E5C139F.e.15863/click - {}
RESULT: {}
COMMAND: GET /session/dc388682b4200c5e048280db36f00fb1/screenshot - {}
RESULT: {}
COMMAND: POST /session/dc388682b4200c5e048280db36f00fb1/execute/async - {"script":"<script> [1562 bytes]","args":[{"selector":{"id":"application-managehandovers-display-component---AddNewHO--confirmCreationButton","interaction":{"idSuffix":"BDI-content"}},"wdio_ui5_key":"applicationmanagehandovers-display-component---AddNewHO--confirmCreationButton"}]}
RESULT: {"script":"<script> [1562 bytes]","args":[{"selector":{"id":"application-managehandovers-display-component---AddNewHO--confirmCreationButton","interaction":{"idSuffix":"BDI-content"}},"wdio_ui5_key":"applicationmanagehandovers-display-component---AddNewHO--confirmCreationButton"}]}
RESULT: undefined
COMMAND: POST /session/dc388682b4200c5e048280db36f00fb1/element - {"using":"xpath","value":"//*[@id=\"application-managehandovers-display-component---AddNewHO--confirmCreationButton\"]"}
RESULT: {"using":"xpath","value":"//*[@id=\"application-managehandovers-display-component---AddNewHO--confirmCreationButton\"]"}
COMMAND: POST /session/dc388682b4200c5e048280db36f00fb1/element/f.5DEB10E109CE1E7B94EA7693F5B1958D.d.375AAF9C72274F383BD237A48E5C139F.e.15652/click - {}
RESULT: {}
COMMAND: GET /session/dc388682b4200c5e048280db36f00fb1/screenshot - {}
RESULT: {}
COMMAND: POST /session/dc388682b4200c5e048280db36f00fb1/execute/async - {"script":"<script> [1562 bytes]","args":[{"selector":{"id":"issueDatePicker","viewName":"etm.portal.ui.managehandovers.view.DetailExecuteHO","interaction":{"idSuffix":"inner"}},"wdio_ui5_key":"issueDatePickeretmportal.ui.managehandovers.view.DetailExecuteHO"}]}
RESULT: {"script":"<script> [1562 bytes]","args":[{"selector":{"id":"issueDatePicker","viewName":"etm.portal.ui.managehandovers.view.DetailExecuteHO","interaction":{"idSuffix":"inner"}},"wdio_ui5_key":"issueDatePickeretmportal.ui.managehandovers.view.DetailExecuteHO"}]}
RESULT: undefined
COMMAND: POST /session/dc388682b4200c5e048280db36f00fb1/execute/async - {"script":"<script> [776 bytes]","args":[{"enterText":"5/16/25","selector":{"id":"issueDatePicker","viewName":"etm.portal.ui.managehandovers.view.DetailExecuteHO","interaction":{"idSuffix":"inner"}},"clearTextFirst":true,"interactionType":"ENTER_TEXT"}]}
RESULT: {"script":"<script> [776 bytes]","args":[{"enterText":"5/16/25","selector":{"id":"issueDatePicker","viewName":"etm.portal.ui.managehandovers.view.DetailExecuteHO","interaction":{"idSuffix":"inner"}},"clearTextFirst":true,"interactionType":"ENTER_TEXT"}]}
COMMAND: POST /session/dc388682b4200c5e048280db36f00fb1/element - {"using":"xpath","value":"//bdi[contains(text(), \"OK\")]"}
RESULT: {"using":"xpath","value":"//bdi[contains(text(), \"OK\")]"}
COMMAND: POST /session/dc388682b4200c5e048280db36f00fb1/element/f.5DEB10E109CE1E7B94EA7693F5B1958D.d.375AAF9C72274F383BD237A48E5C139F.e.15909/click - {}
RESULT: {}
COMMAND: GET /session/dc388682b4200c5e048280db36f00fb1/screenshot - {}
RESULT: {}
COMMAND: POST /session/dc388682b4200c5e048280db36f00fb1/element - {"using":"xpath","value":"//button[@data-kt=\"PickingTableConfirmAllButton\"]"}
RESULT: {"using":"xpath","value":"//button[@data-kt=\"PickingTableConfirmAllButton\"]"}
COMMAND: POST /session/dc388682b4200c5e048280db36f00fb1/element/f.5DEB10E109CE1E7B94EA7693F5B1958D.d.375AAF9C72274F383BD237A48E5C139F.e.15916/click - {}
RESULT: {}
COMMAND: GET /session/dc388682b4200c5e048280db36f00fb1/screenshot - {}
RESULT: {}
COMMAND: POST /session/dc388682b4200c5e048280db36f00fb1/element - {"using":"xpath","value":"//bdi[contains(text(), \"OK\")]"}
RESULT: {"using":"xpath","value":"//bdi[contains(text(), \"OK\")]"}
COMMAND: POST /session/dc388682b4200c5e048280db36f00fb1/element/f.5DEB10E109CE1E7B94EA7693F5B1958D.d.375AAF9C72274F383BD237A48E5C139F.e.15920/click - {}
RESULT: {}
COMMAND: GET /session/dc388682b4200c5e048280db36f00fb1/screenshot - {}
RESULT: {}
COMMAND: POST /session/dc388682b4200c5e048280db36f00fb1/element - {"using":"xpath","value":"//bdi[contains(text(), \"Issue\")]"}
RESULT: {"using":"xpath","value":"//bdi[contains(text(), \"Issue\")]"}
COMMAND: POST /session/dc388682b4200c5e048280db36f00fb1/element/f.5DEB10E109CE1E7B94EA7693F5B1958D.d.375AAF9C72274F383BD237A48E5C139F.e.15921/click - {}
RESULT: {}
COMMAND: GET /session/dc388682b4200c5e048280db36f00fb1/screenshot - {}
RESULT: {}
COMMAND: POST /session/dc388682b4200c5e048280db36f00fb1/element - {"using":"css selector","value":"#shell-header-logo"}
RESULT: {"using":"css selector","value":"#shell-header-logo"}
COMMAND: POST /session/dc388682b4200c5e048280db36f00fb1/element/f.5DEB10E109CE1E7B94EA7693F5B1958D.d.375AAF9C72274F383BD237A48E5C139F.e.14922/click - {}
RESULT: {}
COMMAND: GET /session/dc388682b4200c5e048280db36f00fb1/screenshot - {}
RESULT: {}
]]></system-out>
    </testcase>
    <testcase classname="chrome.136_0_7103_93.windows.Billing_transfer_US117289" name="Should navigate to Manage Billings and trigger contract calculation business confirm it" time="67.188">
      <system-out><![CDATA[
COMMAND: POST /session/dc388682b4200c5e048280db36f00fb1/execute/async - {"script":"<script> [1562 bytes]","args":[{"selector":{"controlType":"sap.m.GenericTile","properties":{"header":"Manage Billings"}},"wdio_ui5_key":"sapm.GenericTile{\"header\":\"Manage Billings\"}"}]}
RESULT: {"script":"<script> [1562 bytes]","args":[{"selector":{"controlType":"sap.m.GenericTile","properties":{"header":"Manage Billings"}},"wdio_ui5_key":"sapm.GenericTile{\"header\":\"Manage Billings\"}"}]}
RESULT: undefined
COMMAND: POST /session/dc388682b4200c5e048280db36f00fb1/element - {"using":"xpath","value":"//*[@id=\"__tile51\"]"}
RESULT: {"using":"xpath","value":"//*[@id=\"__tile51\"]"}
COMMAND: POST /session/dc388682b4200c5e048280db36f00fb1/element/f.5DEB10E109CE1E7B94EA7693F5B1958D.d.375AAF9C72274F383BD237A48E5C139F.e.12973/click - {}
RESULT: {}
COMMAND: GET /session/dc388682b4200c5e048280db36f00fb1/screenshot - {}
RESULT: {}
COMMAND: POST /session/dc388682b4200c5e048280db36f00fb1/elements - {"using":"xpath","value":"//span[text()='Error']"}
RESULT: {"using":"xpath","value":"//span[text()='Error']"}
COMMAND: POST /session/dc388682b4200c5e048280db36f00fb1/execute/async - {"script":"<script> [1562 bytes]","args":[{"selector":{"id":"application-managebillings-display-component---billRunCalcResult--smartFilterBar-btnBasicSearch","interaction":{"idSuffix":"I"}},"wdio_ui5_key":"applicationmanagebillings-display-component---billRunCalcResult--smartFilterBar-btnBasicSearch"}]}
RESULT: {"script":"<script> [1562 bytes]","args":[{"selector":{"id":"application-managebillings-display-component---billRunCalcResult--smartFilterBar-btnBasicSearch","interaction":{"idSuffix":"I"}},"wdio_ui5_key":"applicationmanagebillings-display-component---billRunCalcResult--smartFilterBar-btnBasicSearch"}]}
RESULT: undefined
COMMAND: POST /session/dc388682b4200c5e048280db36f00fb1/execute/async - {"script":"<script> [776 bytes]","args":[{"enterText":"10293","selector":{"id":"application-managebillings-display-component---billRunCalcResult--smartFilterBar-btnBasicSearch","interaction":{"idSuffix":"I"}},"clearTextFirst":true,"interactionType":"ENTER_TEXT"}]}
RESULT: {"script":"<script> [776 bytes]","args":[{"enterText":"10293","selector":{"id":"application-managebillings-display-component---billRunCalcResult--smartFilterBar-btnBasicSearch","interaction":{"idSuffix":"I"}},"clearTextFirst":true,"interactionType":"ENTER_TEXT"}]}
COMMAND: POST /session/dc388682b4200c5e048280db36f00fb1/actions - {"actions":[{"id":"action56","type":"key","parameters":{},"actions":[{"type":"keyDown","value":"î€‡"},{"type":"pause","duration":10},{"type":"keyUp","value":"î€‡"}]}]}
RESULT: {"actions":[{"id":"action56","type":"key","parameters":{},"actions":[{"type":"keyDown","value":"î€‡"},{"type":"pause","duration":10},{"type":"keyUp","value":"î€‡"}]}]}
COMMAND: GET /session/dc388682b4200c5e048280db36f00fb1/screenshot - {}
RESULT: {}
COMMAND: POST /session/dc388682b4200c5e048280db36f00fb1/element - {"using":"xpath","value":"//td[@aria-colindex=\"1\"]/div/div[contains(@class, \"sapMCbBg\")]"}
RESULT: {"using":"xpath","value":"//td[@aria-colindex=\"1\"]/div/div[contains(@class, \"sapMCbBg\")]"}
COMMAND: POST /session/dc388682b4200c5e048280db36f00fb1/element/f.5DEB10E109CE1E7B94EA7693F5B1958D.d.375AAF9C72274F383BD237A48E5C139F.e.16309/click - {}
RESULT: {}
COMMAND: GET /session/dc388682b4200c5e048280db36f00fb1/screenshot - {}
RESULT: {}
COMMAND: POST /session/dc388682b4200c5e048280db36f00fb1/execute/async - {"script":"<script> [1562 bytes]","args":[{"selector":{"id":"application-managebillings-display-component---billRunCalcResult--contractBillRunDate","interaction":{"idSuffix":"inner"}},"wdio_ui5_key":"applicationmanagebillings-display-component---billRunCalcResult--contractBillRunDate"}]}
RESULT: {"script":"<script> [1562 bytes]","args":[{"selector":{"id":"application-managebillings-display-component---billRunCalcResult--contractBillRunDate","interaction":{"idSuffix":"inner"}},"wdio_ui5_key":"applicationmanagebillings-display-component---billRunCalcResult--contractBillRunDate"}]}
RESULT: undefined
COMMAND: POST /session/dc388682b4200c5e048280db36f00fb1/execute/async - {"script":"<script> [776 bytes]","args":[{"enterText":"6/16/25","selector":{"id":"application-managebillings-display-component---billRunCalcResult--contractBillRunDate","interaction":{"idSuffix":"inner"}},"clearTextFirst":true,"interactionType":"ENTER_TEXT"}]}
RESULT: {"script":"<script> [776 bytes]","args":[{"enterText":"6/16/25","selector":{"id":"application-managebillings-display-component---billRunCalcResult--contractBillRunDate","interaction":{"idSuffix":"inner"}},"clearTextFirst":true,"interactionType":"ENTER_TEXT"}]}
COMMAND: POST /session/dc388682b4200c5e048280db36f00fb1/element - {"using":"xpath","value":"//bdi[contains(text(), \"Trigger Calculation\")]"}
RESULT: {"using":"xpath","value":"//bdi[contains(text(), \"Trigger Calculation\")]"}
COMMAND: POST /session/dc388682b4200c5e048280db36f00fb1/element/f.5DEB10E109CE1E7B94EA7693F5B1958D.d.375AAF9C72274F383BD237A48E5C139F.e.16360/click - {}
RESULT: {}
COMMAND: GET /session/dc388682b4200c5e048280db36f00fb1/screenshot - {}
RESULT: {}
COMMAND: POST /session/dc388682b4200c5e048280db36f00fb1/element - {"using":"xpath","value":"(//span[contains(@id, \"imgNav\")])[1]"}
RESULT: {"using":"xpath","value":"(//span[contains(@id, \"imgNav\")])[1]"}
COMMAND: POST /session/dc388682b4200c5e048280db36f00fb1/element/f.5DEB10E109CE1E7B94EA7693F5B1958D.d.375AAF9C72274F383BD237A48E5C139F.e.16310/click - {}
RESULT: {}
COMMAND: GET /session/dc388682b4200c5e048280db36f00fb1/screenshot - {}
RESULT: {}
COMMAND: POST /session/dc388682b4200c5e048280db36f00fb1/execute/async - {"script":"<script> [1562 bytes]","args":[{"selector":{"controlType":"sap.ui.core.Icon","viewName":"etm.portal.ui.managebillings.view.Master","viewId":"application-managebillings-display-component---billRunCalcResult","properties":{"src":{"regex":{"source":"slim\\-arrow\\-right"}}}},"wdio_ui5_key":"etmportal.ui.managebillings.view.Mastersap.ui.core.Icon{\"src\":{\"regex\":{\"source\":\"slim\\\\-arrow\\\\-right\"}}}"}]}
RESULT: {"script":"<script> [1562 bytes]","args":[{"selector":{"controlType":"sap.ui.core.Icon","viewName":"etm.portal.ui.managebillings.view.Master","viewId":"application-managebillings-display-component---billRunCalcResult","properties":{"src":{"regex":{"source":"slim\\-arrow\\-right"}}}},"wdio_ui5_key":"etmportal.ui.managebillings.view.Mastersap.ui.core.Icon{\"src\":{\"regex\":{\"source\":\"slim\\\\-arrow\\\\-right\"}}}"}]}
RESULT: undefined
COMMAND: POST /session/dc388682b4200c5e048280db36f00fb1/element - {"using":"xpath","value":"//*[@id=\"__item1749-application-managebillings-display-component---billRunCalcResult--billingRunsTable-0-imgNav\"]"}
RESULT: {"using":"xpath","value":"//*[@id=\"__item1749-application-managebillings-display-component---billRunCalcResult--billingRunsTable-0-imgNav\"]"}
COMMAND: POST /session/dc388682b4200c5e048280db36f00fb1/element/f.5DEB10E109CE1E7B94EA7693F5B1958D.d.375AAF9C72274F383BD237A48E5C139F.e.16366/click - {}
RESULT: {}
COMMAND: POST /session/dc388682b4200c5e048280db36f00fb1/execute/async - {"script":"<script> [1562 bytes]","args":[{"selector":{"id":"application-managebillings-display-component---billRunCalcResult--btnConf","interaction":{"idSuffix":"BDI-content"}},"wdio_ui5_key":"applicationmanagebillings-display-component---billRunCalcResult--btnConf"}]}
COMMAND: GET /session/dc388682b4200c5e048280db36f00fb1/screenshot - {}
RESULT: {}
RESULT: {"script":"<script> [1562 bytes]","args":[{"selector":{"id":"application-managebillings-display-component---billRunCalcResult--btnConf","interaction":{"idSuffix":"BDI-content"}},"wdio_ui5_key":"applicationmanagebillings-display-component---billRunCalcResult--btnConf"}]}
RESULT: undefined
COMMAND: POST /session/dc388682b4200c5e048280db36f00fb1/element - {"using":"xpath","value":"//*[@id=\"application-managebillings-display-component---billRunCalcResult--btnConf\"]"}
RESULT: {"using":"xpath","value":"//*[@id=\"application-managebillings-display-component---billRunCalcResult--btnConf\"]"}
COMMAND: POST /session/dc388682b4200c5e048280db36f00fb1/element/f.5DEB10E109CE1E7B94EA7693F5B1958D.d.375AAF9C72274F383BD237A48E5C139F.e.16407/click - {}
RESULT: {}
COMMAND: POST /session/dc388682b4200c5e048280db36f00fb1/element - {"using":"css selector","value":"#shell-header-logo"}
COMMAND: GET /session/dc388682b4200c5e048280db36f00fb1/screenshot - {}
RESULT: {"using":"css selector","value":"#shell-header-logo"}
COMMAND: POST /session/dc388682b4200c5e048280db36f00fb1/element/f.5DEB10E109CE1E7B94EA7693F5B1958D.d.375AAF9C72274F383BD237A48E5C139F.e.16104/click - {}
RESULT: {}
RESULT: {}
COMMAND: GET /session/dc388682b4200c5e048280db36f00fb1/screenshot - {}
RESULT: {}
]]></system-out>
    </testcase>
    <testcase classname="chrome.136_0_7103_93.windows.Billing_transfer_US117289" name="Should trigger Billing Transfer process all the way to completion" time="80.932">
      <system-out><![CDATA[
COMMAND: POST /session/dc388682b4200c5e048280db36f00fb1/execute/async - {"script":"<script> [1562 bytes]","args":[{"selector":{"controlType":"sap.m.GenericTile","properties":{"header":"Billing Transfer"}},"wdio_ui5_key":"sapm.GenericTile{\"header\":\"Billing Transfer\"}"}]}
RESULT: {"script":"<script> [1562 bytes]","args":[{"selector":{"controlType":"sap.m.GenericTile","properties":{"header":"Billing Transfer"}},"wdio_ui5_key":"sapm.GenericTile{\"header\":\"Billing Transfer\"}"}]}
RESULT: undefined
COMMAND: POST /session/dc388682b4200c5e048280db36f00fb1/element - {"using":"xpath","value":"//*[@id=\"__tile50\"]"}
RESULT: {"using":"xpath","value":"//*[@id=\"__tile50\"]"}
COMMAND: POST /session/dc388682b4200c5e048280db36f00fb1/element/f.5DEB10E109CE1E7B94EA7693F5B1958D.d.375AAF9C72274F383BD237A48E5C139F.e.12971/click - {}
RESULT: {}
COMMAND: GET /session/dc388682b4200c5e048280db36f00fb1/screenshot - {}
RESULT: {}
COMMAND: POST /session/dc388682b4200c5e048280db36f00fb1/elements - {"using":"xpath","value":"//span[text()='Error']"}
RESULT: {"using":"xpath","value":"//span[text()='Error']"}
COMMAND: POST /session/dc388682b4200c5e048280db36f00fb1/element - {"using":"xpath","value":"//input[contains(@id ,\"application-billingtransfer-display-component---billingWorkbench--smartFilterBar-btnBasicSearch\")]"}
RESULT: {"using":"xpath","value":"//input[contains(@id ,\"application-billingtransfer-display-component---billingWorkbench--smartFilterBar-btnBasicSearch\")]"}
COMMAND: POST /session/dc388682b4200c5e048280db36f00fb1/elements - {"using":"xpath","value":"//input[contains(@id ,\"application-billingtransfer-display-component---billingWorkbench--smartFilterBar-btnBasicSearch\")]"}
RESULT: {"using":"xpath","value":"//input[contains(@id ,\"application-billingtransfer-display-component---billingWorkbench--smartFilterBar-btnBasicSearch\")]"}
COMMAND: POST /session/dc388682b4200c5e048280db36f00fb1/execute/sync - {"script":"<script> [8489 bytes]","args":[{"element-6066-11e4-a52e-4f735466cecf":"f.5DEB10E109CE1E7B94EA7693F5B1958D.d.375AAF9C72274F383BD237A48E5C139F.e.16445","ELEMENT":"f.5DEB10E109CE1E7B94EA7693F5B1958D.d.375AAF9C72274F383BD237A48E5C139F.e.16445"}]}
RESULT: {"script":"<script> [8489 bytes]","args":[{"element-6066-11e4-a52e-4f735466cecf":"f.5DEB10E109CE1E7B94EA7693F5B1958D.d.375AAF9C72274F383BD237A48E5C139F.e.16445","ELEMENT":"f.5DEB10E109CE1E7B94EA7693F5B1958D.d.375AAF9C72274F383BD237A48E5C139F.e.16445"}]}
COMMAND: GET /session/dc388682b4200c5e048280db36f00fb1/element/f.5DEB10E109CE1E7B94EA7693F5B1958D.d.375AAF9C72274F383BD237A48E5C139F.e.16445/enabled - {}
COMMAND: GET /session/dc388682b4200c5e048280db36f00fb1/screenshot - {}
RESULT: {}
COMMAND: POST /session/dc388682b4200c5e048280db36f00fb1/element/f.5DEB10E109CE1E7B94EA7693F5B1958D.d.375AAF9C72274F383BD237A48E5C139F.e.16445/click - {}
COMMAND: GET /session/dc388682b4200c5e048280db36f00fb1/screenshot - {}
RESULT: {}
RESULT: {}
COMMAND: GET /session/dc388682b4200c5e048280db36f00fb1/screenshot - {}
RESULT: {}
RESULT: {}
COMMAND: POST /session/dc388682b4200c5e048280db36f00fb1/element/f.5DEB10E109CE1E7B94EA7693F5B1958D.d.375AAF9C72274F383BD237A48E5C139F.e.16445/clear - {}
RESULT: {}
COMMAND: POST /session/dc388682b4200c5e048280db36f00fb1/element/f.5DEB10E109CE1E7B94EA7693F5B1958D.d.375AAF9C72274F383BD237A48E5C139F.e.16445/value - {"text":"10293"}
COMMAND: GET /session/dc388682b4200c5e048280db36f00fb1/screenshot - {}
RESULT: {"text":"10293"}
COMMAND: POST /session/dc388682b4200c5e048280db36f00fb1/actions - {"actions":[{"id":"action57","type":"key","parameters":{},"actions":[{"type":"keyDown","value":"î€‡"},{"type":"pause","duration":10},{"type":"keyUp","value":"î€‡"}]}]}
COMMAND: GET /session/dc388682b4200c5e048280db36f00fb1/screenshot - {}
RESULT: {}
RESULT: {"actions":[{"id":"action57","type":"key","parameters":{},"actions":[{"type":"keyDown","value":"î€‡"},{"type":"pause","duration":10},{"type":"keyUp","value":"î€‡"}]}]}
COMMAND: GET /session/dc388682b4200c5e048280db36f00fb1/screenshot - {}
RESULT: {}
RESULT: {}
COMMAND: POST /session/dc388682b4200c5e048280db36f00fb1/element - {"using":"xpath","value":"//span[contains(@id ,\"application-billingtransfer-display-component---billingWorkbench--smartTableBillingRuns-header-inner\")]"}
RESULT: {"using":"xpath","value":"//span[contains(@id ,\"application-billingtransfer-display-component---billingWorkbench--smartTableBillingRuns-header-inner\")]"}
COMMAND: POST /session/dc388682b4200c5e048280db36f00fb1/elements - {"using":"xpath","value":"//span[contains(@id ,\"application-billingtransfer-display-component---billingWorkbench--smartTableBillingRuns-header-inner\")]"}
RESULT: {"using":"xpath","value":"//span[contains(@id ,\"application-billingtransfer-display-component---billingWorkbench--smartTableBillingRuns-header-inner\")]"}
COMMAND: POST /session/dc388682b4200c5e048280db36f00fb1/execute/sync - {"script":"<script> [56 bytes]","args":[{"element-6066-11e4-a52e-4f735466cecf":"f.5DEB10E109CE1E7B94EA7693F5B1958D.d.375AAF9C72274F383BD237A48E5C139F.e.16607","ELEMENT":"f.5DEB10E109CE1E7B94EA7693F5B1958D.d.375AAF9C72274F383BD237A48E5C139F.e.16607"}]}
RESULT: {"script":"<script> [56 bytes]","args":[{"element-6066-11e4-a52e-4f735466cecf":"f.5DEB10E109CE1E7B94EA7693F5B1958D.d.375AAF9C72274F383BD237A48E5C139F.e.16607","ELEMENT":"f.5DEB10E109CE1E7B94EA7693F5B1958D.d.375AAF9C72274F383BD237A48E5C139F.e.16607"}]}
COMMAND: POST /session/dc388682b4200c5e048280db36f00fb1/element - {"using":"xpath","value":"//td[@aria-colindex=\"1\"]/div/div[contains(@class, \"sapMCbBg\")]"}
COMMAND: GET /session/dc388682b4200c5e048280db36f00fb1/screenshot - {}
RESULT: {"using":"xpath","value":"//td[@aria-colindex=\"1\"]/div/div[contains(@class, \"sapMCbBg\")]"}
COMMAND: POST /session/dc388682b4200c5e048280db36f00fb1/element/f.5DEB10E109CE1E7B94EA7693F5B1958D.d.375AAF9C72274F383BD237A48E5C139F.e.16598/click - {}
RESULT: {}
RESULT: {}
COMMAND: GET /session/dc388682b4200c5e048280db36f00fb1/screenshot - {}
RESULT: {}
COMMAND: POST /session/dc388682b4200c5e048280db36f00fb1/element - {"using":"xpath","value":"//bdi[contains(text(), \"Check\")]"}
RESULT: {"using":"xpath","value":"//bdi[contains(text(), \"Check\")]"}
COMMAND: POST /session/dc388682b4200c5e048280db36f00fb1/element/f.5DEB10E109CE1E7B94EA7693F5B1958D.d.375AAF9C72274F383BD237A48E5C139F.e.16608/click - {}
RESULT: {}
COMMAND: GET /session/dc388682b4200c5e048280db36f00fb1/screenshot - {}
RESULT: {}
COMMAND: POST /session/dc388682b4200c5e048280db36f00fb1/element - {"using":"xpath","value":"//bdi[contains(text(), \"OK\")]"}
RESULT: {"using":"xpath","value":"//bdi[contains(text(), \"OK\")]"}
COMMAND: POST /session/dc388682b4200c5e048280db36f00fb1/element/f.5DEB10E109CE1E7B94EA7693F5B1958D.d.375AAF9C72274F383BD237A48E5C139F.e.16611/click - {}
RESULT: {}
COMMAND: GET /session/dc388682b4200c5e048280db36f00fb1/screenshot - {}
RESULT: {}
COMMAND: POST /session/dc388682b4200c5e048280db36f00fb1/element - {"using":"xpath","value":"(//span[contains(text(), \"CO/SD checked\")]/parent::div/preceding-sibling::div/span)[1]"}
RESULT: {"using":"xpath","value":"(//span[contains(text(), \"CO/SD checked\")]/parent::div/preceding-sibling::div/span)[1]"}
COMMAND: POST /session/dc388682b4200c5e048280db36f00fb1/element/f.5DEB10E109CE1E7B94EA7693F5B1958D.d.375AAF9C72274F383BD237A48E5C139F.e.16613/click - {}
RESULT: {}
COMMAND: GET /session/dc388682b4200c5e048280db36f00fb1/screenshot - {}
RESULT: {}
COMMAND: POST /session/dc388682b4200c5e048280db36f00fb1/element - {"using":"xpath","value":"//input[contains(@id ,\"application-billingtransfer-display-component---billingWorkbench--smartFilterBar-btnBasicSearch\")]"}
RESULT: {"using":"xpath","value":"//input[contains(@id ,\"application-billingtransfer-display-component---billingWorkbench--smartFilterBar-btnBasicSearch\")]"}
COMMAND: POST /session/dc388682b4200c5e048280db36f00fb1/elements - {"using":"xpath","value":"//input[contains(@id ,\"application-billingtransfer-display-component---billingWorkbench--smartFilterBar-btnBasicSearch\")]"}
RESULT: {"using":"xpath","value":"//input[contains(@id ,\"application-billingtransfer-display-component---billingWorkbench--smartFilterBar-btnBasicSearch\")]"}
COMMAND: POST /session/dc388682b4200c5e048280db36f00fb1/execute/sync - {"script":"<script> [8489 bytes]","args":[{"element-6066-11e4-a52e-4f735466cecf":"f.5DEB10E109CE1E7B94EA7693F5B1958D.d.375AAF9C72274F383BD237A48E5C139F.e.16445","ELEMENT":"f.5DEB10E109CE1E7B94EA7693F5B1958D.d.375AAF9C72274F383BD237A48E5C139F.e.16445"}]}
RESULT: {"script":"<script> [8489 bytes]","args":[{"element-6066-11e4-a52e-4f735466cecf":"f.5DEB10E109CE1E7B94EA7693F5B1958D.d.375AAF9C72274F383BD237A48E5C139F.e.16445","ELEMENT":"f.5DEB10E109CE1E7B94EA7693F5B1958D.d.375AAF9C72274F383BD237A48E5C139F.e.16445"}]}
COMMAND: GET /session/dc388682b4200c5e048280db36f00fb1/element/f.5DEB10E109CE1E7B94EA7693F5B1958D.d.375AAF9C72274F383BD237A48E5C139F.e.16445/enabled - {}
COMMAND: GET /session/dc388682b4200c5e048280db36f00fb1/screenshot - {}
RESULT: {}
COMMAND: POST /session/dc388682b4200c5e048280db36f00fb1/element/f.5DEB10E109CE1E7B94EA7693F5B1958D.d.375AAF9C72274F383BD237A48E5C139F.e.16445/click - {}
COMMAND: GET /session/dc388682b4200c5e048280db36f00fb1/screenshot - {}
RESULT: {}
RESULT: {}
COMMAND: GET /session/dc388682b4200c5e048280db36f00fb1/screenshot - {}
RESULT: {}
RESULT: {}
COMMAND: POST /session/dc388682b4200c5e048280db36f00fb1/element/f.5DEB10E109CE1E7B94EA7693F5B1958D.d.375AAF9C72274F383BD237A48E5C139F.e.16445/clear - {}
RESULT: {}
COMMAND: POST /session/dc388682b4200c5e048280db36f00fb1/element/f.5DEB10E109CE1E7B94EA7693F5B1958D.d.375AAF9C72274F383BD237A48E5C139F.e.16445/value - {"text":"10293"}
COMMAND: GET /session/dc388682b4200c5e048280db36f00fb1/screenshot - {}
RESULT: {"text":"10293"}
COMMAND: POST /session/dc388682b4200c5e048280db36f00fb1/actions - {"actions":[{"id":"action58","type":"key","parameters":{},"actions":[{"type":"keyDown","value":"î€‡"},{"type":"pause","duration":10},{"type":"keyUp","value":"î€‡"}]}]}
COMMAND: GET /session/dc388682b4200c5e048280db36f00fb1/screenshot - {}
RESULT: {}
RESULT: {"actions":[{"id":"action58","type":"key","parameters":{},"actions":[{"type":"keyDown","value":"î€‡"},{"type":"pause","duration":10},{"type":"keyUp","value":"î€‡"}]}]}
COMMAND: GET /session/dc388682b4200c5e048280db36f00fb1/screenshot - {}
RESULT: {}
RESULT: {}
COMMAND: POST /session/dc388682b4200c5e048280db36f00fb1/element - {"using":"xpath","value":"//span[contains(@id ,\"application-billingtransfer-display-component---billingWorkbench--smartTableBillingRuns-header-inner\")]"}
RESULT: {"using":"xpath","value":"//span[contains(@id ,\"application-billingtransfer-display-component---billingWorkbench--smartTableBillingRuns-header-inner\")]"}
COMMAND: POST /session/dc388682b4200c5e048280db36f00fb1/elements - {"using":"xpath","value":"//span[contains(@id ,\"application-billingtransfer-display-component---billingWorkbench--smartTableBillingRuns-header-inner\")]"}
RESULT: {"using":"xpath","value":"//span[contains(@id ,\"application-billingtransfer-display-component---billingWorkbench--smartTableBillingRuns-header-inner\")]"}
COMMAND: POST /session/dc388682b4200c5e048280db36f00fb1/execute/sync - {"script":"<script> [56 bytes]","args":[{"element-6066-11e4-a52e-4f735466cecf":"f.5DEB10E109CE1E7B94EA7693F5B1958D.d.375AAF9C72274F383BD237A48E5C139F.e.16607","ELEMENT":"f.5DEB10E109CE1E7B94EA7693F5B1958D.d.375AAF9C72274F383BD237A48E5C139F.e.16607"}]}
RESULT: {"script":"<script> [56 bytes]","args":[{"element-6066-11e4-a52e-4f735466cecf":"f.5DEB10E109CE1E7B94EA7693F5B1958D.d.375AAF9C72274F383BD237A48E5C139F.e.16607","ELEMENT":"f.5DEB10E109CE1E7B94EA7693F5B1958D.d.375AAF9C72274F383BD237A48E5C139F.e.16607"}]}
COMMAND: POST /session/dc388682b4200c5e048280db36f00fb1/element - {"using":"xpath","value":"//td[@aria-colindex=\"1\"]/div/div[contains(@class, \"sapMCbBg\")]"}
COMMAND: GET /session/dc388682b4200c5e048280db36f00fb1/screenshot - {}
RESULT: {"using":"xpath","value":"//td[@aria-colindex=\"1\"]/div/div[contains(@class, \"sapMCbBg\")]"}
COMMAND: POST /session/dc388682b4200c5e048280db36f00fb1/element/f.5DEB10E109CE1E7B94EA7693F5B1958D.d.375AAF9C72274F383BD237A48E5C139F.e.16617/click - {}
RESULT: {}
RESULT: {}
COMMAND: GET /session/dc388682b4200c5e048280db36f00fb1/screenshot - {}
RESULT: {}
COMMAND: POST /session/dc388682b4200c5e048280db36f00fb1/element - {"using":"xpath","value":"//bdi[text()=\"Transfer\"]"}
RESULT: {"using":"xpath","value":"//bdi[text()=\"Transfer\"]"}
COMMAND: POST /session/dc388682b4200c5e048280db36f00fb1/element/f.5DEB10E109CE1E7B94EA7693F5B1958D.d.375AAF9C72274F383BD237A48E5C139F.e.16618/click - {}
RESULT: {}
COMMAND: GET /session/dc388682b4200c5e048280db36f00fb1/screenshot - {}
RESULT: {}
COMMAND: POST /session/dc388682b4200c5e048280db36f00fb1/element - {"using":"xpath","value":"//bdi[contains(text(), \"OK\")]"}
RESULT: {"using":"xpath","value":"//bdi[contains(text(), \"OK\")]"}
COMMAND: POST /session/dc388682b4200c5e048280db36f00fb1/element/f.5DEB10E109CE1E7B94EA7693F5B1958D.d.375AAF9C72274F383BD237A48E5C139F.e.16621/click - {}
RESULT: {}
COMMAND: GET /session/dc388682b4200c5e048280db36f00fb1/screenshot - {}
RESULT: {}
COMMAND: POST /session/dc388682b4200c5e048280db36f00fb1/element - {"using":"xpath","value":"(//span[contains(text(), \"Completed\")]/parent::div/preceding-sibling::div/span)[1]"}
RESULT: {"using":"xpath","value":"(//span[contains(text(), \"Completed\")]/parent::div/preceding-sibling::div/span)[1]"}
COMMAND: POST /session/dc388682b4200c5e048280db36f00fb1/element/f.5DEB10E109CE1E7B94EA7693F5B1958D.d.375AAF9C72274F383BD237A48E5C139F.e.16622/click - {}
RESULT: {}
COMMAND: POST /session/dc388682b4200c5e048280db36f00fb1/element - {"using":"xpath","value":"//input[contains(@id ,\"application-billingtransfer-display-component---billingWorkbench--smartFilterBar-btnBasicSearch\")]"}
COMMAND: GET /session/dc388682b4200c5e048280db36f00fb1/screenshot - {}
RESULT: {"using":"xpath","value":"//input[contains(@id ,\"application-billingtransfer-display-component---billingWorkbench--smartFilterBar-btnBasicSearch\")]"}
COMMAND: POST /session/dc388682b4200c5e048280db36f00fb1/elements - {"using":"xpath","value":"//input[contains(@id ,\"application-billingtransfer-display-component---billingWorkbench--smartFilterBar-btnBasicSearch\")]"}
RESULT: {}
RESULT: {"using":"xpath","value":"//input[contains(@id ,\"application-billingtransfer-display-component---billingWorkbench--smartFilterBar-btnBasicSearch\")]"}
COMMAND: POST /session/dc388682b4200c5e048280db36f00fb1/execute/sync - {"script":"<script> [8489 bytes]","args":[{"element-6066-11e4-a52e-4f735466cecf":"f.5DEB10E109CE1E7B94EA7693F5B1958D.d.375AAF9C72274F383BD237A48E5C139F.e.16445","ELEMENT":"f.5DEB10E109CE1E7B94EA7693F5B1958D.d.375AAF9C72274F383BD237A48E5C139F.e.16445"}]}
RESULT: {"script":"<script> [8489 bytes]","args":[{"element-6066-11e4-a52e-4f735466cecf":"f.5DEB10E109CE1E7B94EA7693F5B1958D.d.375AAF9C72274F383BD237A48E5C139F.e.16445","ELEMENT":"f.5DEB10E109CE1E7B94EA7693F5B1958D.d.375AAF9C72274F383BD237A48E5C139F.e.16445"}]}
COMMAND: GET /session/dc388682b4200c5e048280db36f00fb1/element/f.5DEB10E109CE1E7B94EA7693F5B1958D.d.375AAF9C72274F383BD237A48E5C139F.e.16445/enabled - {}
COMMAND: GET /session/dc388682b4200c5e048280db36f00fb1/screenshot - {}
RESULT: {}
COMMAND: POST /session/dc388682b4200c5e048280db36f00fb1/element/f.5DEB10E109CE1E7B94EA7693F5B1958D.d.375AAF9C72274F383BD237A48E5C139F.e.16445/click - {}
COMMAND: GET /session/dc388682b4200c5e048280db36f00fb1/screenshot - {}
RESULT: {}
RESULT: {}
COMMAND: GET /session/dc388682b4200c5e048280db36f00fb1/screenshot - {}
RESULT: {}
RESULT: {}
COMMAND: POST /session/dc388682b4200c5e048280db36f00fb1/element/f.5DEB10E109CE1E7B94EA7693F5B1958D.d.375AAF9C72274F383BD237A48E5C139F.e.16445/clear - {}
RESULT: {}
COMMAND: POST /session/dc388682b4200c5e048280db36f00fb1/element/f.5DEB10E109CE1E7B94EA7693F5B1958D.d.375AAF9C72274F383BD237A48E5C139F.e.16445/value - {"text":"10293"}
COMMAND: GET /session/dc388682b4200c5e048280db36f00fb1/screenshot - {}
RESULT: {"text":"10293"}
COMMAND: POST /session/dc388682b4200c5e048280db36f00fb1/actions - {"actions":[{"id":"action59","type":"key","parameters":{},"actions":[{"type":"keyDown","value":"î€‡"},{"type":"pause","duration":10},{"type":"keyUp","value":"î€‡"}]}]}
COMMAND: GET /session/dc388682b4200c5e048280db36f00fb1/screenshot - {}
RESULT: {}
RESULT: {"actions":[{"id":"action59","type":"key","parameters":{},"actions":[{"type":"keyDown","value":"î€‡"},{"type":"pause","duration":10},{"type":"keyUp","value":"î€‡"}]}]}
COMMAND: GET /session/dc388682b4200c5e048280db36f00fb1/screenshot - {}
RESULT: {}
RESULT: {}
COMMAND: POST /session/dc388682b4200c5e048280db36f00fb1/element - {"using":"xpath","value":"//span[contains(@id ,\"application-billingtransfer-display-component---billingWorkbench--smartTableBillingRuns-header-inner\")]"}
RESULT: {"using":"xpath","value":"//span[contains(@id ,\"application-billingtransfer-display-component---billingWorkbench--smartTableBillingRuns-header-inner\")]"}
COMMAND: POST /session/dc388682b4200c5e048280db36f00fb1/elements - {"using":"xpath","value":"//span[contains(@id ,\"application-billingtransfer-display-component---billingWorkbench--smartTableBillingRuns-header-inner\")]"}
RESULT: {"using":"xpath","value":"//span[contains(@id ,\"application-billingtransfer-display-component---billingWorkbench--smartTableBillingRuns-header-inner\")]"}
COMMAND: POST /session/dc388682b4200c5e048280db36f00fb1/execute/sync - {"script":"<script> [56 bytes]","args":[{"element-6066-11e4-a52e-4f735466cecf":"f.5DEB10E109CE1E7B94EA7693F5B1958D.d.375AAF9C72274F383BD237A48E5C139F.e.16607","ELEMENT":"f.5DEB10E109CE1E7B94EA7693F5B1958D.d.375AAF9C72274F383BD237A48E5C139F.e.16607"}]}
RESULT: {"script":"<script> [56 bytes]","args":[{"element-6066-11e4-a52e-4f735466cecf":"f.5DEB10E109CE1E7B94EA7693F5B1958D.d.375AAF9C72274F383BD237A48E5C139F.e.16607","ELEMENT":"f.5DEB10E109CE1E7B94EA7693F5B1958D.d.375AAF9C72274F383BD237A48E5C139F.e.16607"}]}
COMMAND: POST /session/dc388682b4200c5e048280db36f00fb1/element - {"using":"css selector","value":"#shell-header-logo"}
COMMAND: GET /session/dc388682b4200c5e048280db36f00fb1/screenshot - {}
RESULT: {"using":"css selector","value":"#shell-header-logo"}
COMMAND: POST /session/dc388682b4200c5e048280db36f00fb1/element/f.5DEB10E109CE1E7B94EA7693F5B1958D.d.375AAF9C72274F383BD237A48E5C139F.e.16442/click - {}
RESULT: {}
RESULT: {}
COMMAND: GET /session/dc388682b4200c5e048280db36f00fb1/screenshot - {}
RESULT: {}
COMMAND: POST /session/dc388682b4200c5e048280db36f00fb1/element - {"using":"css selector","value":"#j_username"}
COMMAND: POST /session/dc388682b4200c5e048280db36f00fb1/url - {"url":"https://qa-testing-00-live-etm-ui.cfapps.eu10-004.hana.ondemand.com/"}
RESULT: {"using":"css selector","value":"#j_username"}
COMMAND: POST /session/dc388682b4200c5e048280db36f00fb1/element - {"using":"css selector","value":"#j_username"}
RESULT: {"url":"https://qa-testing-00-live-etm-ui.cfapps.eu10-004.hana.ondemand.com/"}
RESULT: undefined
COMMAND: GET /session/dc388682b4200c5e048280db36f00fb1/screenshot - {}
RESULT: {"using":"css selector","value":"#j_username"}
COMMAND: POST /session/dc388682b4200c5e048280db36f00fb1/element - {"using":"css selector","value":"#shell-header-logo"}
RESULT: {}
RESULT: {"using":"css selector","value":"#shell-header-logo"}
COMMAND: POST /session/dc388682b4200c5e048280db36f00fb1/execute/sync - {"script":"<script> [8489 bytes]","args":[{"element-6066-11e4-a52e-4f735466cecf":"f.5DEB10E109CE1E7B94EA7693F5B1958D.d.E25895ABC9BDC581249D603E78B8A79B.e.16635","ELEMENT":"f.5DEB10E109CE1E7B94EA7693F5B1958D.d.E25895ABC9BDC581249D603E78B8A79B.e.16635"}]}
RESULT: {"script":"<script> [8489 bytes]","args":[{"element-6066-11e4-a52e-4f735466cecf":"f.5DEB10E109CE1E7B94EA7693F5B1958D.d.E25895ABC9BDC581249D603E78B8A79B.e.16635","ELEMENT":"f.5DEB10E109CE1E7B94EA7693F5B1958D.d.E25895ABC9BDC581249D603E78B8A79B.e.16635"}]}
COMMAND: POST /session/dc388682b4200c5e048280db36f00fb1/element - {"using":"css selector","value":"#shell-header-logo"}
COMMAND: GET /session/dc388682b4200c5e048280db36f00fb1/screenshot - {}
RESULT: {"using":"css selector","value":"#shell-header-logo"}
COMMAND: POST /session/dc388682b4200c5e048280db36f00fb1/execute/sync - {"script":"<script> [8489 bytes]","args":[{"element-6066-11e4-a52e-4f735466cecf":"f.5DEB10E109CE1E7B94EA7693F5B1958D.d.E25895ABC9BDC581249D603E78B8A79B.e.16635","ELEMENT":"f.5DEB10E109CE1E7B94EA7693F5B1958D.d.E25895ABC9BDC581249D603E78B8A79B.e.16635"}]}
RESULT: {}
RESULT: {"script":"<script> [8489 bytes]","args":[{"element-6066-11e4-a52e-4f735466cecf":"f.5DEB10E109CE1E7B94EA7693F5B1958D.d.E25895ABC9BDC581249D603E78B8A79B.e.16635","ELEMENT":"f.5DEB10E109CE1E7B94EA7693F5B1958D.d.E25895ABC9BDC581249D603E78B8A79B.e.16635"}]}
COMMAND: POST /session/dc388682b4200c5e048280db36f00fb1/execute/sync - {"script":"<script> [5351 bytes]","args":[{"element-6066-11e4-a52e-4f735466cecf":"f.5DEB10E109CE1E7B94EA7693F5B1958D.d.E25895ABC9BDC581249D603E78B8A79B.e.16635","ELEMENT":"f.5DEB10E109CE1E7B94EA7693F5B1958D.d.E25895ABC9BDC581249D603E78B8A79B.e.16635"}]}
COMMAND: GET /session/dc388682b4200c5e048280db36f00fb1/screenshot - {}
RESULT: {"script":"<script> [5351 bytes]","args":[{"element-6066-11e4-a52e-4f735466cecf":"f.5DEB10E109CE1E7B94EA7693F5B1958D.d.E25895ABC9BDC581249D603E78B8A79B.e.16635","ELEMENT":"f.5DEB10E109CE1E7B94EA7693F5B1958D.d.E25895ABC9BDC581249D603E78B8A79B.e.16635"}]}
COMMAND: POST /session/dc388682b4200c5e048280db36f00fb1/element - {"using":"css selector","value":"#shell-header-logo"}
COMMAND: GET /session/dc388682b4200c5e048280db36f00fb1/screenshot - {}
RESULT: {}
RESULT: {"using":"css selector","value":"#shell-header-logo"}
COMMAND: POST /session/dc388682b4200c5e048280db36f00fb1/element/f.5DEB10E109CE1E7B94EA7693F5B1958D.d.E25895ABC9BDC581249D603E78B8A79B.e.16635/click - {}
RESULT: {}
RESULT: {}
COMMAND: GET /session/dc388682b4200c5e048280db36f00fb1/screenshot - {}
RESULT: {}
COMMAND: POST /session/dc388682b4200c5e048280db36f00fb1/execute/async - {"script":"<script> [189 bytes]","args":[]}
RESULT: {"script":"<script> [189 bytes]","args":[]}
COMMAND: POST /session/dc388682b4200c5e048280db36f00fb1/execute/async - {"script":"<script> [123 bytes]","args":[]}
RESULT: {"script":"<script> [123 bytes]","args":[]}
COMMAND: POST /session/dc388682b4200c5e048280db36f00fb1/timeouts - {"script":"<number>"}
RESULT: {"script":"<number>"}
COMMAND: GET /session/dc388682b4200c5e048280db36f00fb1/timeouts - {}
RESULT: {}
RESULT: undefined
COMMAND: POST /session/dc388682b4200c5e048280db36f00fb1/execute/async - {"script":"<script> [2676 bytes]","args":[]}
RESULT: {"script":"<script> [2676 bytes]","args":[]}
COMMAND: POST /session/dc388682b4200c5e048280db36f00fb1/execute/async - {"script":"<script> [2342 bytes]","args":[{"protocol":"http","hostname":"0.0.0.0","path":"/","capabilities":{"browserName":"chrome","goog:chromeOptions":{"binary":"C:\\Program Files\\Google\\Chrome\\Application\\chrome.exe","args":["--start-maximized"]}},"logLevel":"warn","connectionRetryTimeout":120000,"connectionRetryCount":3,"logLevels":{},"enableDirectConnect":true,"strictSSL":true,"_":"65 more keys: [\"cacheDir\",\"port\",\"requestedCapabilities\",\"automationProtocol\",\"baseUrl\",\"waitforInterval\",\"waitforTimeout\",\"onReload\",\"beforeCommand\",\"afterCommand\",\"rootDir\",\"specs\",\"suites\",\"exclude\",\"groupLogsByTestSpec\",\"excludeDriverLogs\",\"bail\",\"framework\",\"reporters\",\"services\",\"maxInstances\",\"maxInstancesPerCapability\",\"injectGlobals\",\"filesToWatch\",\"execArgv\",\"runnerEnv\",\"runner\",\"shard\",\"specFileRetries\",\"specFileRetriesDelay\",\"specFileRetriesDeferred\",\"reporterSyncInterval\",\"reporterSyncTimeout\",\"cucumberFeaturesWithLineNumbers\",\"autoCompileOpts\",\"mochaOpts\",\"jasmineOpts\",\"cucumberOpts\",\"onPrepare\",\"onWorkerStart\",\"onWorkerEnd\",\"before\",\"beforeSession\",\"beforeSuite\",\"beforeHook\",\"beforeTest\",\"afterTest\",\"afterHook\",\"afterSuite\",\"afterSession\",\"after\",\"onComplete\",\"beforeAssertion\",\"afterAssertion\",\"beforeFeature\",\"beforeScenario\",\"beforeStep\",\"afterStep\",\"afterScenario\",\"afterFeature\",\"_\",\"suite\",\"$0\",\"ignoredWorkerServices\",\"wdi5\"]"}]}
RESULT: {"script":"<script> [2342 bytes]","args":[{"protocol":"http","hostname":"0.0.0.0","path":"/","capabilities":{"browserName":"chrome","goog:chromeOptions":{"binary":"C:\\Program Files\\Google\\Chrome\\Application\\chrome.exe","args":["--start-maximized"]}},"logLevel":"warn","connectionRetryTimeout":120000,"connectionRetryCount":3,"logLevels":{},"enableDirectConnect":true,"strictSSL":true,"_":"65 more keys: [\"cacheDir\",\"port\",\"requestedCapabilities\",\"automationProtocol\",\"baseUrl\",\"waitforInterval\",\"waitforTimeout\",\"onReload\",\"beforeCommand\",\"afterCommand\",\"rootDir\",\"specs\",\"suites\",\"exclude\",\"groupLogsByTestSpec\",\"excludeDriverLogs\",\"bail\",\"framework\",\"reporters\",\"services\",\"maxInstances\",\"maxInstancesPerCapability\",\"injectGlobals\",\"filesToWatch\",\"execArgv\",\"runnerEnv\",\"runner\",\"shard\",\"specFileRetries\",\"specFileRetriesDelay\",\"specFileRetriesDeferred\",\"reporterSyncInterval\",\"reporterSyncTimeout\",\"cucumberFeaturesWithLineNumbers\",\"autoCompileOpts\",\"mochaOpts\",\"jasmineOpts\",\"cucumberOpts\",\"onPrepare\",\"onWorkerStart\",\"onWorkerEnd\",\"before\",\"beforeSession\",\"beforeSuite\",\"beforeHook\",\"beforeTest\",\"afterTest\",\"afterHook\",\"afterSuite\",\"afterSession\",\"after\",\"onComplete\",\"beforeAssertion\",\"afterAssertion\",\"beforeFeature\",\"beforeScenario\",\"beforeStep\",\"afterStep\",\"afterScenario\",\"afterFeature\",\"_\",\"suite\",\"$0\",\"ignoredWorkerServices\",\"wdi5\"]"}]}
COMMAND: POST /session/dc388682b4200c5e048280db36f00fb1/execute/async - {"script":"<script> [21126 bytes]","args":[35000]}
RESULT: {"script":"<script> [21126 bytes]","args":[35000]}
COMMAND: POST /session/dc388682b4200c5e048280db36f00fb1/window/maximize - {}
RESULT: {}
COMMAND: POST /session/dc388682b4200c5e048280db36f00fb1/execute/async - {"script":"<script> [1562 bytes]","args":[{"selector":{"id":"shell-header","interaction":{"idSuffix":"icon"}},"wdio_ui5_key":"shellheader"}]}
COMMAND: GET /session/dc388682b4200c5e048280db36f00fb1/screenshot - {}
RESULT: {"script":"<script> [1562 bytes]","args":[{"selector":{"id":"shell-header","interaction":{"idSuffix":"icon"}},"wdio_ui5_key":"shellheader"}]}
RESULT: undefined
COMMAND: POST /session/dc388682b4200c5e048280db36f00fb1/refresh - {}
RESULT: {}
RESULT: {}
COMMAND: GET /session/dc388682b4200c5e048280db36f00fb1/screenshot - {}
RESULT: {}
COMMAND: POST /session/dc388682b4200c5e048280db36f00fb1/refresh - {}
RESULT: {}
COMMAND: GET /session/dc388682b4200c5e048280db36f00fb1/screenshot - {}
RESULT: {}
COMMAND: POST /session/dc388682b4200c5e048280db36f00fb1/window/fullscreen - {}
RESULT: {}
COMMAND: POST /session/dc388682b4200c5e048280db36f00fb1/execute/async - {"script":"<script> [189 bytes]","args":[]}
RESULT: {"script":"<script> [189 bytes]","args":[]}
COMMAND: POST /session/dc388682b4200c5e048280db36f00fb1/execute/async - {"script":"<script> [123 bytes]","args":[]}
RESULT: {"script":"<script> [123 bytes]","args":[]}
COMMAND: POST /session/dc388682b4200c5e048280db36f00fb1/timeouts - {"script":"<number>"}
RESULT: {"script":"<number>"}
COMMAND: GET /session/dc388682b4200c5e048280db36f00fb1/timeouts - {}
RESULT: {}
RESULT: undefined
COMMAND: POST /session/dc388682b4200c5e048280db36f00fb1/execute/async - {"script":"<script> [2676 bytes]","args":[]}
RESULT: {"script":"<script> [2676 bytes]","args":[]}
COMMAND: POST /session/dc388682b4200c5e048280db36f00fb1/execute/async - {"script":"<script> [2342 bytes]","args":[{"protocol":"http","hostname":"0.0.0.0","path":"/","capabilities":{"browserName":"chrome","goog:chromeOptions":{"binary":"C:\\Program Files\\Google\\Chrome\\Application\\chrome.exe","args":["--start-maximized"]}},"logLevel":"warn","connectionRetryTimeout":120000,"connectionRetryCount":3,"logLevels":{},"enableDirectConnect":true,"strictSSL":true,"_":"65 more keys: [\"cacheDir\",\"port\",\"requestedCapabilities\",\"automationProtocol\",\"baseUrl\",\"waitforInterval\",\"waitforTimeout\",\"onReload\",\"beforeCommand\",\"afterCommand\",\"rootDir\",\"specs\",\"suites\",\"exclude\",\"groupLogsByTestSpec\",\"excludeDriverLogs\",\"bail\",\"framework\",\"reporters\",\"services\",\"maxInstances\",\"maxInstancesPerCapability\",\"injectGlobals\",\"filesToWatch\",\"execArgv\",\"runnerEnv\",\"runner\",\"shard\",\"specFileRetries\",\"specFileRetriesDelay\",\"specFileRetriesDeferred\",\"reporterSyncInterval\",\"reporterSyncTimeout\",\"cucumberFeaturesWithLineNumbers\",\"autoCompileOpts\",\"mochaOpts\",\"jasmineOpts\",\"cucumberOpts\",\"onPrepare\",\"onWorkerStart\",\"onWorkerEnd\",\"before\",\"beforeSession\",\"beforeSuite\",\"beforeHook\",\"beforeTest\",\"afterTest\",\"afterHook\",\"afterSuite\",\"afterSession\",\"after\",\"onComplete\",\"beforeAssertion\",\"afterAssertion\",\"beforeFeature\",\"beforeScenario\",\"beforeStep\",\"afterStep\",\"afterScenario\",\"afterFeature\",\"_\",\"suite\",\"$0\",\"ignoredWorkerServices\",\"wdi5\"]"}]}
RESULT: {"script":"<script> [2342 bytes]","args":[{"protocol":"http","hostname":"0.0.0.0","path":"/","capabilities":{"browserName":"chrome","goog:chromeOptions":{"binary":"C:\\Program Files\\Google\\Chrome\\Application\\chrome.exe","args":["--start-maximized"]}},"logLevel":"warn","connectionRetryTimeout":120000,"connectionRetryCount":3,"logLevels":{},"enableDirectConnect":true,"strictSSL":true,"_":"65 more keys: [\"cacheDir\",\"port\",\"requestedCapabilities\",\"automationProtocol\",\"baseUrl\",\"waitforInterval\",\"waitforTimeout\",\"onReload\",\"beforeCommand\",\"afterCommand\",\"rootDir\",\"specs\",\"suites\",\"exclude\",\"groupLogsByTestSpec\",\"excludeDriverLogs\",\"bail\",\"framework\",\"reporters\",\"services\",\"maxInstances\",\"maxInstancesPerCapability\",\"injectGlobals\",\"filesToWatch\",\"execArgv\",\"runnerEnv\",\"runner\",\"shard\",\"specFileRetries\",\"specFileRetriesDelay\",\"specFileRetriesDeferred\",\"reporterSyncInterval\",\"reporterSyncTimeout\",\"cucumberFeaturesWithLineNumbers\",\"autoCompileOpts\",\"mochaOpts\",\"jasmineOpts\",\"cucumberOpts\",\"onPrepare\",\"onWorkerStart\",\"onWorkerEnd\",\"before\",\"beforeSession\",\"beforeSuite\",\"beforeHook\",\"beforeTest\",\"afterTest\",\"afterHook\",\"afterSuite\",\"afterSession\",\"after\",\"onComplete\",\"beforeAssertion\",\"afterAssertion\",\"beforeFeature\",\"beforeScenario\",\"beforeStep\",\"afterStep\",\"afterScenario\",\"afterFeature\",\"_\",\"suite\",\"$0\",\"ignoredWorkerServices\",\"wdi5\"]"}]}
COMMAND: POST /session/dc388682b4200c5e048280db36f00fb1/execute/async - {"script":"<script> [21126 bytes]","args":[35000]}
RESULT: {"script":"<script> [21126 bytes]","args":[35000]}
]]></system-out>
    </testcase>
  </testsuite>
  <testsuite timestamp="2025-05-16T06:42:17" time="724.932" tests="12" failures="0" errors="0" skipped="0">
    <properties>
      <property name="specId" value="0" />
      <property name="suiteName" value="Create Reverse Billing US127248" />
      <property name="capabilities" value="chrome.136_0_7103_93.windows" />
      <property name="file" value="file:///D:/a/1/s/test/specs/BTS/reverse-billing.spec.js" />
    </properties>
    <testcase classname="chrome.136_0_7103_93.windows.Create_Reverse_Billing_US127248" name="Should create a new yard" time="0.024">
      <system-out><![CDATA[
COMMAND: POST /session/dc388682b4200c5e048280db36f00fb1/window/fullscreen - {}
RESULT: {}
]]></system-out>
    </testcase>
    <testcase classname="chrome.136_0_7103_93.windows.Create_Reverse_Billing_US127248" name="Should create a new partner" time="0.005" />
    <testcase classname="chrome.136_0_7103_93.windows.Create_Reverse_Billing_US127248" name="Should create a new site" time="0.004" />
    <testcase classname="chrome.136_0_7103_93.windows.Create_Reverse_Billing_US127248" name="Should create a resource" time="141.961">
      <system-out><![CDATA[
COMMAND: POST /session/dc388682b4200c5e048280db36f00fb1/execute/async - {"script":"<script> [1562 bytes]","args":[{"selector":{"controlType":"sap.m.GenericTile","properties":{"header":"Manage Resources"}},"wdio_ui5_key":"sapm.GenericTile{\"header\":\"Manage Resources\"}"}]}
RESULT: {"script":"<script> [1562 bytes]","args":[{"selector":{"controlType":"sap.m.GenericTile","properties":{"header":"Manage Resources"}},"wdio_ui5_key":"sapm.GenericTile{\"header\":\"Manage Resources\"}"}]}
RESULT: undefined
COMMAND: POST /session/dc388682b4200c5e048280db36f00fb1/element - {"using":"xpath","value":"//*[@id=\"__tile39\"]"}
RESULT: {"using":"xpath","value":"//*[@id=\"__tile39\"]"}
COMMAND: POST /session/dc388682b4200c5e048280db36f00fb1/element/f.5DEB10E109CE1E7B94EA7693F5B1958D.d.1D8F637F45E47F2042A9A3017F8E192D.e.16793/click - {}
RESULT: {}
COMMAND: GET /session/dc388682b4200c5e048280db36f00fb1/screenshot - {}
RESULT: {}
COMMAND: POST /session/dc388682b4200c5e048280db36f00fb1/elements - {"using":"xpath","value":"//span[text()='Error']"}
RESULT: {"using":"xpath","value":"//span[text()='Error']"}
COMMAND: POST /session/dc388682b4200c5e048280db36f00fb1/element - {"using":"xpath","value":"//button[@data-kt=\"addNewRUOverflowToolbarButton\"]"}
RESULT: {"using":"xpath","value":"//button[@data-kt=\"addNewRUOverflowToolbarButton\"]"}
COMMAND: POST /session/dc388682b4200c5e048280db36f00fb1/elements - {"using":"xpath","value":"//button[@data-kt=\"addNewRUOverflowToolbarButton\"]"}
RESULT: {"using":"xpath","value":"//button[@data-kt=\"addNewRUOverflowToolbarButton\"]"}
COMMAND: POST /session/dc388682b4200c5e048280db36f00fb1/execute/sync - {"script":"<script> [8489 bytes]","args":[{"element-6066-11e4-a52e-4f735466cecf":"f.5DEB10E109CE1E7B94EA7693F5B1958D.d.1D8F637F45E47F2042A9A3017F8E192D.e.17052","ELEMENT":"f.5DEB10E109CE1E7B94EA7693F5B1958D.d.1D8F637F45E47F2042A9A3017F8E192D.e.17052"}]}
RESULT: {"script":"<script> [8489 bytes]","args":[{"element-6066-11e4-a52e-4f735466cecf":"f.5DEB10E109CE1E7B94EA7693F5B1958D.d.1D8F637F45E47F2042A9A3017F8E192D.e.17052","ELEMENT":"f.5DEB10E109CE1E7B94EA7693F5B1958D.d.1D8F637F45E47F2042A9A3017F8E192D.e.17052"}]}
COMMAND: GET /session/dc388682b4200c5e048280db36f00fb1/element/f.5DEB10E109CE1E7B94EA7693F5B1958D.d.1D8F637F45E47F2042A9A3017F8E192D.e.17052/enabled - {}
COMMAND: GET /session/dc388682b4200c5e048280db36f00fb1/screenshot - {}
RESULT: {}
COMMAND: POST /session/dc388682b4200c5e048280db36f00fb1/execute/sync - {"script":"<script> [8489 bytes]","args":[{"element-6066-11e4-a52e-4f735466cecf":"f.5DEB10E109CE1E7B94EA7693F5B1958D.d.1D8F637F45E47F2042A9A3017F8E192D.e.17052","ELEMENT":"f.5DEB10E109CE1E7B94EA7693F5B1958D.d.1D8F637F45E47F2042A9A3017F8E192D.e.17052"}]}
COMMAND: GET /session/dc388682b4200c5e048280db36f00fb1/screenshot - {}
RESULT: {}
RESULT: {"script":"<script> [8489 bytes]","args":[{"element-6066-11e4-a52e-4f735466cecf":"f.5DEB10E109CE1E7B94EA7693F5B1958D.d.1D8F637F45E47F2042A9A3017F8E192D.e.17052","ELEMENT":"f.5DEB10E109CE1E7B94EA7693F5B1958D.d.1D8F637F45E47F2042A9A3017F8E192D.e.17052"}]}
COMMAND: POST /session/dc388682b4200c5e048280db36f00fb1/execute/sync - {"script":"<script> [5351 bytes]","args":[{"element-6066-11e4-a52e-4f735466cecf":"f.5DEB10E109CE1E7B94EA7693F5B1958D.d.1D8F637F45E47F2042A9A3017F8E192D.e.17052","ELEMENT":"f.5DEB10E109CE1E7B94EA7693F5B1958D.d.1D8F637F45E47F2042A9A3017F8E192D.e.17052"}]}
RESULT: {}
RESULT: {"script":"<script> [5351 bytes]","args":[{"element-6066-11e4-a52e-4f735466cecf":"f.5DEB10E109CE1E7B94EA7693F5B1958D.d.1D8F637F45E47F2042A9A3017F8E192D.e.17052","ELEMENT":"f.5DEB10E109CE1E7B94EA7693F5B1958D.d.1D8F637F45E47F2042A9A3017F8E192D.e.17052"}]}
COMMAND: POST /session/dc388682b4200c5e048280db36f00fb1/element/f.5DEB10E109CE1E7B94EA7693F5B1958D.d.1D8F637F45E47F2042A9A3017F8E192D.e.17052/click - {}
COMMAND: GET /session/dc388682b4200c5e048280db36f00fb1/screenshot - {}
COMMAND: GET /session/dc388682b4200c5e048280db36f00fb1/screenshot - {}
RESULT: {}
COMMAND: GET /session/dc388682b4200c5e048280db36f00fb1/screenshot - {}
RESULT: {}
RESULT: {}
RESULT: {}
COMMAND: POST /session/dc388682b4200c5e048280db36f00fb1/execute/async - {"script":"<script> [1562 bytes]","args":[{"selector":{"id":"application-manageresources-display-component---newResourceUnit--TYPE-arrow"},"wdio_ui5_key":"applicationmanageresources-display-component---newResourceUnit--TYPE-arrow"}]}
RESULT: {"script":"<script> [1562 bytes]","args":[{"selector":{"id":"application-manageresources-display-component---newResourceUnit--TYPE-arrow"},"wdio_ui5_key":"applicationmanageresources-display-component---newResourceUnit--TYPE-arrow"}]}
RESULT: undefined
COMMAND: POST /session/dc388682b4200c5e048280db36f00fb1/element - {"using":"xpath","value":"//*[@id=\"application-manageresources-display-component---newResourceUnit--TYPE-arrow\"]"}
RESULT: {"using":"xpath","value":"//*[@id=\"application-manageresources-display-component---newResourceUnit--TYPE-arrow\"]"}
COMMAND: POST /session/dc388682b4200c5e048280db36f00fb1/element/f.5DEB10E109CE1E7B94EA7693F5B1958D.d.1D8F637F45E47F2042A9A3017F8E192D.e.17292/click - {}
RESULT: {}
COMMAND: POST /session/dc388682b4200c5e048280db36f00fb1/element - {"using":"xpath","value":"//input[@id=\"application-manageresources-display-component---newResourceUnit--TYPE-inner\"]"}
COMMAND: GET /session/dc388682b4200c5e048280db36f00fb1/screenshot - {}
RESULT: {"using":"xpath","value":"//input[@id=\"application-manageresources-display-component---newResourceUnit--TYPE-inner\"]"}
COMMAND: POST /session/dc388682b4200c5e048280db36f00fb1/element/f.5DEB10E109CE1E7B94EA7693F5B1958D.d.1D8F637F45E47F2042A9A3017F8E192D.e.17288/clear - {}
RESULT: {}
RESULT: {}
COMMAND: POST /session/dc388682b4200c5e048280db36f00fb1/element/f.5DEB10E109CE1E7B94EA7693F5B1958D.d.1D8F637F45E47F2042A9A3017F8E192D.e.17288/value - {"text":"Equipment"}
COMMAND: GET /session/dc388682b4200c5e048280db36f00fb1/screenshot - {}
RESULT: {"text":"Equipment"}
COMMAND: GET /session/dc388682b4200c5e048280db36f00fb1/screenshot - {}
RESULT: {}
RESULT: {}
COMMAND: POST /session/dc388682b4200c5e048280db36f00fb1/actions - {"actions":[{"id":"action60","type":"key","parameters":{},"actions":[{"type":"keyDown","value":"î€‡"},{"type":"pause","duration":10},{"type":"keyUp","value":"î€‡"}]}]}
RESULT: {"actions":[{"id":"action60","type":"key","parameters":{},"actions":[{"type":"keyDown","value":"î€‡"},{"type":"pause","duration":10},{"type":"keyUp","value":"î€‡"}]}]}
COMMAND: POST /session/dc388682b4200c5e048280db36f00fb1/execute/async - {"script":"<script> [1562 bytes]","args":[{"selector":{"id":"application-manageresources-display-component---newResourceUnit--resourceId","interaction":{"idSuffix":"inner"}},"wdio_ui5_key":"applicationmanageresources-display-component---newResourceUnit--resourceId"}]}
COMMAND: GET /session/dc388682b4200c5e048280db36f00fb1/screenshot - {}
RESULT: {"script":"<script> [1562 bytes]","args":[{"selector":{"id":"application-manageresources-display-component---newResourceUnit--resourceId","interaction":{"idSuffix":"inner"}},"wdio_ui5_key":"applicationmanageresources-display-component---newResourceUnit--resourceId"}]}
RESULT: undefined
COMMAND: POST /session/dc388682b4200c5e048280db36f00fb1/execute/async - {"script":"<script> [776 bytes]","args":[{"enterText":"Bo8Dmmr9F2","selector":{"id":"application-manageresources-display-component---newResourceUnit--resourceId","interaction":{"idSuffix":"inner"}},"clearTextFirst":true,"interactionType":"ENTER_TEXT"}]}
RESULT: {}
RESULT: {"script":"<script> [776 bytes]","args":[{"enterText":"Bo8Dmmr9F2","selector":{"id":"application-manageresources-display-component---newResourceUnit--resourceId","interaction":{"idSuffix":"inner"}},"clearTextFirst":true,"interactionType":"ENTER_TEXT"}]}
COMMAND: POST /session/dc388682b4200c5e048280db36f00fb1/execute/async - {"script":"<script> [1562 bytes]","args":[{"selector":{"id":"application-manageresources-display-component---newResourceUnit--SHORT_TEXT","interaction":{"idSuffix":"inner"}},"wdio_ui5_key":"applicationmanageresources-display-component---newResourceUnit--SHORT_TEXT"}]}
RESULT: {"script":"<script> [1562 bytes]","args":[{"selector":{"id":"application-manageresources-display-component---newResourceUnit--SHORT_TEXT","interaction":{"idSuffix":"inner"}},"wdio_ui5_key":"applicationmanageresources-display-component---newResourceUnit--SHORT_TEXT"}]}
RESULT: undefined
COMMAND: POST /session/dc388682b4200c5e048280db36f00fb1/execute/async - {"script":"<script> [776 bytes]","args":[{"enterText":"Intercompany Equipment WDIO","selector":{"id":"application-manageresources-display-component---newResourceUnit--SHORT_TEXT","interaction":{"idSuffix":"inner"}},"clearTextFirst":true,"interactionType":"ENTER_TEXT"}]}
RESULT: {"script":"<script> [776 bytes]","args":[{"enterText":"Intercompany Equipment WDIO","selector":{"id":"application-manageresources-display-component---newResourceUnit--SHORT_TEXT","interaction":{"idSuffix":"inner"}},"clearTextFirst":true,"interactionType":"ENTER_TEXT"}]}
COMMAND: POST /session/dc388682b4200c5e048280db36f00fb1/execute/async - {"script":"<script> [1562 bytes]","args":[{"selector":{"id":"application-manageresources-display-component---newResourceUnit--BASE_UNIT_OF_MEASURE","interaction":{"idSuffix":"inner"}},"wdio_ui5_key":"applicationmanageresources-display-component---newResourceUnit--BASE_UNIT_OF_MEASURE"}]}
RESULT: {"script":"<script> [1562 bytes]","args":[{"selector":{"id":"application-manageresources-display-component---newResourceUnit--BASE_UNIT_OF_MEASURE","interaction":{"idSuffix":"inner"}},"wdio_ui5_key":"applicationmanageresources-display-component---newResourceUnit--BASE_UNIT_OF_MEASURE"}]}
RESULT: undefined
COMMAND: POST /session/dc388682b4200c5e048280db36f00fb1/execute/async - {"script":"<script> [776 bytes]","args":[{"enterText":"Piece","selector":{"id":"application-manageresources-display-component---newResourceUnit--BASE_UNIT_OF_MEASURE","interaction":{"idSuffix":"inner"}},"clearTextFirst":true,"interactionType":"ENTER_TEXT"}]}
RESULT: {"script":"<script> [776 bytes]","args":[{"enterText":"Piece","selector":{"id":"application-manageresources-display-component---newResourceUnit--BASE_UNIT_OF_MEASURE","interaction":{"idSuffix":"inner"}},"clearTextFirst":true,"interactionType":"ENTER_TEXT"}]}
COMMAND: POST /session/dc388682b4200c5e048280db36f00fb1/execute/async - {"script":"<script> [1562 bytes]","args":[{"selector":{"id":"application-manageresources-display-component---newResourceUnit--WEIGHT_UNIT","interaction":{"idSuffix":"inner"}},"wdio_ui5_key":"applicationmanageresources-display-component---newResourceUnit--WEIGHT_UNIT"}]}
RESULT: {"script":"<script> [1562 bytes]","args":[{"selector":{"id":"application-manageresources-display-component---newResourceUnit--WEIGHT_UNIT","interaction":{"idSuffix":"inner"}},"wdio_ui5_key":"applicationmanageresources-display-component---newResourceUnit--WEIGHT_UNIT"}]}
RESULT: undefined
COMMAND: POST /session/dc388682b4200c5e048280db36f00fb1/execute/async - {"script":"<script> [776 bytes]","args":[{"enterText":"Gram","selector":{"id":"application-manageresources-display-component---newResourceUnit--WEIGHT_UNIT","interaction":{"idSuffix":"inner"}},"clearTextFirst":true,"interactionType":"ENTER_TEXT"}]}
RESULT: {"script":"<script> [776 bytes]","args":[{"enterText":"Gram","selector":{"id":"application-manageresources-display-component---newResourceUnit--WEIGHT_UNIT","interaction":{"idSuffix":"inner"}},"clearTextFirst":true,"interactionType":"ENTER_TEXT"}]}
COMMAND: POST /session/dc388682b4200c5e048280db36f00fb1/execute/async - {"script":"<script> [1562 bytes]","args":[{"selector":{"id":"application-manageresources-display-component---newResourceUnit--DIMENSION_UNIT","interaction":{"idSuffix":"inner"}},"wdio_ui5_key":"applicationmanageresources-display-component---newResourceUnit--DIMENSION_UNIT"}]}
RESULT: {"script":"<script> [1562 bytes]","args":[{"selector":{"id":"application-manageresources-display-component---newResourceUnit--DIMENSION_UNIT","interaction":{"idSuffix":"inner"}},"wdio_ui5_key":"applicationmanageresources-display-component---newResourceUnit--DIMENSION_UNIT"}]}
RESULT: undefined
COMMAND: POST /session/dc388682b4200c5e048280db36f00fb1/execute/async - {"script":"<script> [776 bytes]","args":[{"enterText":"Meter","selector":{"id":"application-manageresources-display-component---newResourceUnit--DIMENSION_UNIT","interaction":{"idSuffix":"inner"}},"clearTextFirst":true,"interactionType":"ENTER_TEXT"}]}
RESULT: {"script":"<script> [776 bytes]","args":[{"enterText":"Meter","selector":{"id":"application-manageresources-display-component---newResourceUnit--DIMENSION_UNIT","interaction":{"idSuffix":"inner"}},"clearTextFirst":true,"interactionType":"ENTER_TEXT"}]}
COMMAND: POST /session/dc388682b4200c5e048280db36f00fb1/execute/async - {"script":"<script> [1562 bytes]","args":[{"selector":{"id":"application-manageresources-display-component---newResourceUnit--newRRUPage-anchBar-application-manageresources-display-component---newResourceUnit--control-anchor","interaction":{"idSuffix":"BDI-content"}},"wdio_ui5_key":"applicationmanageresources-display-component---newResourceUnit--newRRUPage-anchBar-application-manageresources-display-component---newResourceUnit--control-anchor"}]}
RESULT: {"script":"<script> [1562 bytes]","args":[{"selector":{"id":"application-manageresources-display-component---newResourceUnit--newRRUPage-anchBar-application-manageresources-display-component---newResourceUnit--control-anchor","interaction":{"idSuffix":"BDI-content"}},"wdio_ui5_key":"applicationmanageresources-display-component---newResourceUnit--newRRUPage-anchBar-application-manageresources-display-component---newResourceUnit--control-anchor"}]}
RESULT: undefined
COMMAND: POST /session/dc388682b4200c5e048280db36f00fb1/element - {"using":"xpath","value":"//*[@id=\"application-manageresources-display-component---newResourceUnit--newRRUPage-anchBar-application-manageresources-display-component---newResourceUnit--control-anchor\"]"}
RESULT: {"using":"xpath","value":"//*[@id=\"application-manageresources-display-component---newResourceUnit--newRRUPage-anchBar-application-manageresources-display-component---newResourceUnit--control-anchor\"]"}
COMMAND: POST /session/dc388682b4200c5e048280db36f00fb1/element/f.5DEB10E109CE1E7B94EA7693F5B1958D.d.1D8F637F45E47F2042A9A3017F8E192D.e.17424/click - {}
RESULT: {}
COMMAND: POST /session/dc388682b4200c5e048280db36f00fb1/execute/async - {"script":"<script> [1562 bytes]","args":[{"selector":{"id":"application-manageresources-display-component---newResourceUnit--PLANNING_GROUP","interaction":{"idSuffix":"inner"}},"wdio_ui5_key":"applicationmanageresources-display-component---newResourceUnit--PLANNING_GROUP"}]}
COMMAND: GET /session/dc388682b4200c5e048280db36f00fb1/screenshot - {}
RESULT: {"script":"<script> [1562 bytes]","args":[{"selector":{"id":"application-manageresources-display-component---newResourceUnit--PLANNING_GROUP","interaction":{"idSuffix":"inner"}},"wdio_ui5_key":"applicationmanageresources-display-component---newResourceUnit--PLANNING_GROUP"}]}
RESULT: undefined
COMMAND: POST /session/dc388682b4200c5e048280db36f00fb1/execute/async - {"script":"<script> [776 bytes]","args":[{"enterText":"Heavy Equi","selector":{"id":"application-manageresources-display-component---newResourceUnit--PLANNING_GROUP","interaction":{"idSuffix":"inner"}},"clearTextFirst":true,"interactionType":"ENTER_TEXT"}]}
RESULT: {}
RESULT: {"script":"<script> [776 bytes]","args":[{"enterText":"Heavy Equi","selector":{"id":"application-manageresources-display-component---newResourceUnit--PLANNING_GROUP","interaction":{"idSuffix":"inner"}},"clearTextFirst":true,"interactionType":"ENTER_TEXT"}]}
COMMAND: POST /session/dc388682b4200c5e048280db36f00fb1/execute/async - {"script":"<script> [1562 bytes]","args":[{"selector":{"id":"application-manageresources-display-component---newResourceUnit--ITEM_TYPE-arrow"},"wdio_ui5_key":"applicationmanageresources-display-component---newResourceUnit--ITEM_TYPE-arrow"}]}
RESULT: {"script":"<script> [1562 bytes]","args":[{"selector":{"id":"application-manageresources-display-component---newResourceUnit--ITEM_TYPE-arrow"},"wdio_ui5_key":"applicationmanageresources-display-component---newResourceUnit--ITEM_TYPE-arrow"}]}
RESULT: undefined
COMMAND: POST /session/dc388682b4200c5e048280db36f00fb1/element - {"using":"xpath","value":"//*[@id=\"application-manageresources-display-component---newResourceUnit--ITEM_TYPE-arrow\"]"}
RESULT: {"using":"xpath","value":"//*[@id=\"application-manageresources-display-component---newResourceUnit--ITEM_TYPE-arrow\"]"}
COMMAND: POST /session/dc388682b4200c5e048280db36f00fb1/element/f.5DEB10E109CE1E7B94EA7693F5B1958D.d.1D8F637F45E47F2042A9A3017F8E192D.e.17431/click - {}
RESULT: {}
COMMAND: POST /session/dc388682b4200c5e048280db36f00fb1/element - {"using":"xpath","value":"(//span[contains(text(), \"Resource Unit\")])[2]"}
COMMAND: GET /session/dc388682b4200c5e048280db36f00fb1/screenshot - {}
RESULT: {"using":"xpath","value":"(//span[contains(text(), \"Resource Unit\")])[2]"}
COMMAND: POST /session/dc388682b4200c5e048280db36f00fb1/element/f.5DEB10E109CE1E7B94EA7693F5B1958D.d.1D8F637F45E47F2042A9A3017F8E192D.e.17432/click - {}
RESULT: {}
RESULT: {}
COMMAND: GET /session/dc388682b4200c5e048280db36f00fb1/screenshot - {}
RESULT: {}
COMMAND: POST /session/dc388682b4200c5e048280db36f00fb1/element - {"using":"css selector","value":"#application-manageresources-display-component---newResourceUnit--btnAddTimeSegment"}
RESULT: {"using":"css selector","value":"#application-manageresources-display-component---newResourceUnit--btnAddTimeSegment"}
COMMAND: GET /session/dc388682b4200c5e048280db36f00fb1/element/f.5DEB10E109CE1E7B94EA7693F5B1958D.d.1D8F637F45E47F2042A9A3017F8E192D.e.17433/rect - {}
RESULT: {}
COMMAND: GET /session/dc388682b4200c5e048280db36f00fb1/window/rect - {}
RESULT: {}
COMMAND: POST /session/dc388682b4200c5e048280db36f00fb1/execute/sync - {"script":"<script> [92 bytes]","args":[]}
RESULT: {"script":"<script> [92 bytes]","args":[]}
COMMAND: POST /session/dc388682b4200c5e048280db36f00fb1/actions - {"actions":[{"id":"action61","type":"wheel","parameters":{},"actions":[{"type":"scroll","x":-1888,"y":-32,"deltaX":0,"deltaY":0,"duration":0,"origin":{"element-6066-11e4-a52e-4f735466cecf":"f.5DEB10E109CE1E7B94EA7693F5B1958D.d.1D8F637F45E47F2042A9A3017F8E192D.e.17433"}}]}]}
COMMAND: GET /session/dc388682b4200c5e048280db36f00fb1/screenshot - {}
RESULT: {}
COMMAND: POST /session/dc388682b4200c5e048280db36f00fb1/execute/sync - {"script":"<script> [79 bytes]","args":[{"element-6066-11e4-a52e-4f735466cecf":"f.5DEB10E109CE1E7B94EA7693F5B1958D.d.1D8F637F45E47F2042A9A3017F8E192D.e.17433","ELEMENT":"f.5DEB10E109CE1E7B94EA7693F5B1958D.d.1D8F637F45E47F2042A9A3017F8E192D.e.17433"},{"block":"start","inline":"nearest"}]}
RESULT: {"script":"<script> [79 bytes]","args":[{"element-6066-11e4-a52e-4f735466cecf":"f.5DEB10E109CE1E7B94EA7693F5B1958D.d.1D8F637F45E47F2042A9A3017F8E192D.e.17433","ELEMENT":"f.5DEB10E109CE1E7B94EA7693F5B1958D.d.1D8F637F45E47F2042A9A3017F8E192D.e.17433"},{"block":"start","inline":"nearest"}]}
COMMAND: POST /session/dc388682b4200c5e048280db36f00fb1/execute/async - {"script":"<script> [1562 bytes]","args":[{"selector":{"id":"application-manageresources-display-component---newResourceUnit--btnAddTimeSegment","interaction":{"idSuffix":"inner"}},"wdio_ui5_key":"applicationmanageresources-display-component---newResourceUnit--btnAddTimeSegment"}]}
COMMAND: GET /session/dc388682b4200c5e048280db36f00fb1/screenshot - {}
RESULT: {"script":"<script> [1562 bytes]","args":[{"selector":{"id":"application-manageresources-display-component---newResourceUnit--btnAddTimeSegment","interaction":{"idSuffix":"inner"}},"wdio_ui5_key":"applicationmanageresources-display-component---newResourceUnit--btnAddTimeSegment"}]}
RESULT: undefined
COMMAND: POST /session/dc388682b4200c5e048280db36f00fb1/element - {"using":"xpath","value":"//*[@id=\"application-manageresources-display-component---newResourceUnit--btnAddTimeSegment\"]"}
RESULT: {}
RESULT: {"using":"xpath","value":"//*[@id=\"application-manageresources-display-component---newResourceUnit--btnAddTimeSegment\"]"}
COMMAND: POST /session/dc388682b4200c5e048280db36f00fb1/element/f.5DEB10E109CE1E7B94EA7693F5B1958D.d.1D8F637F45E47F2042A9A3017F8E192D.e.17433/click - {}
RESULT: {}
COMMAND: GET /session/dc388682b4200c5e048280db36f00fb1/screenshot - {}
RESULT: {}
COMMAND: POST /session/dc388682b4200c5e048280db36f00fb1/element - {"using":"xpath","value":"//input[@id=\"application-manageresources-display-component---newResourceUnit--idRuTSAdmin-application-manageresources-display-component---newResourceUnit--RUTimeSegment-0-inner\"]"}
RESULT: {"using":"xpath","value":"//input[@id=\"application-manageresources-display-component---newResourceUnit--idRuTSAdmin-application-manageresources-display-component---newResourceUnit--RUTimeSegment-0-inner\"]"}
COMMAND: POST /session/dc388682b4200c5e048280db36f00fb1/element/f.5DEB10E109CE1E7B94EA7693F5B1958D.d.1D8F637F45E47F2042A9A3017F8E192D.e.17439/clear - {}
RESULT: {}
COMMAND: POST /session/dc388682b4200c5e048280db36f00fb1/element/f.5DEB10E109CE1E7B94EA7693F5B1958D.d.1D8F637F45E47F2042A9A3017F8E192D.e.17439/value - {"text":"437"}
COMMAND: GET /session/dc388682b4200c5e048280db36f00fb1/screenshot - {}
RESULT: {"text":"437"}
COMMAND: GET /session/dc388682b4200c5e048280db36f00fb1/screenshot - {}
RESULT: {}
RESULT: {}
COMMAND: POST /session/dc388682b4200c5e048280db36f00fb1/element - {"using":"xpath","value":"//li[.//span[text()='437']]"}
RESULT: {"using":"xpath","value":"//li[.//span[text()='437']]"}
COMMAND: POST /session/dc388682b4200c5e048280db36f00fb1/element/f.5DEB10E109CE1E7B94EA7693F5B1958D.d.1D8F637F45E47F2042A9A3017F8E192D.e.17451/click - {}
RESULT: {}
COMMAND: GET /session/dc388682b4200c5e048280db36f00fb1/screenshot - {}
RESULT: {}
COMMAND: POST /session/dc388682b4200c5e048280db36f00fb1/element - {"using":"xpath","value":"(//span[contains(@id, \"-application-manageresources-display-component---newResourceUnit--RUTimeSegment-0-arrow\")])[6]"}
RESULT: {"using":"xpath","value":"(//span[contains(@id, \"-application-manageresources-display-component---newResourceUnit--RUTimeSegment-0-arrow\")])[6]"}
COMMAND: POST /session/dc388682b4200c5e048280db36f00fb1/element/f.5DEB10E109CE1E7B94EA7693F5B1958D.d.1D8F637F45E47F2042A9A3017F8E192D.e.17452/click - {}
RESULT: {}
COMMAND: GET /session/dc388682b4200c5e048280db36f00fb1/screenshot - {}
RESULT: {}
COMMAND: POST /session/dc388682b4200c5e048280db36f00fb1/element - {"using":"xpath","value":"//span[contains(text(), \"PM Order\")]"}
RESULT: {"using":"xpath","value":"//span[contains(text(), \"PM Order\")]"}
COMMAND: POST /session/dc388682b4200c5e048280db36f00fb1/element/f.5DEB10E109CE1E7B94EA7693F5B1958D.d.1D8F637F45E47F2042A9A3017F8E192D.e.17455/click - {}
RESULT: {}
COMMAND: GET /session/dc388682b4200c5e048280db36f00fb1/screenshot - {}
RESULT: {}
COMMAND: POST /session/dc388682b4200c5e048280db36f00fb1/element - {"using":"xpath","value":"(//span[contains(@id ,\"manageresources-display-component---newResourceUnit--RUTimeSegment-0-vhi\")])[1]"}
RESULT: {"using":"xpath","value":"(//span[contains(@id ,\"manageresources-display-component---newResourceUnit--RUTimeSegment-0-vhi\")])[1]"}
COMMAND: GET /session/dc388682b4200c5e048280db36f00fb1/element/f.5DEB10E109CE1E7B94EA7693F5B1958D.d.1D8F637F45E47F2042A9A3017F8E192D.e.17459/rect - {}
RESULT: {}
COMMAND: GET /session/dc388682b4200c5e048280db36f00fb1/window/rect - {}
RESULT: {}
COMMAND: POST /session/dc388682b4200c5e048280db36f00fb1/execute/sync - {"script":"<script> [92 bytes]","args":[]}
RESULT: {"script":"<script> [92 bytes]","args":[]}
COMMAND: POST /session/dc388682b4200c5e048280db36f00fb1/actions - {"actions":[{"id":"action62","type":"wheel","parameters":{},"actions":[{"type":"scroll","x":-869,"y":-24,"deltaX":0,"deltaY":0,"duration":0,"origin":{"element-6066-11e4-a52e-4f735466cecf":"f.5DEB10E109CE1E7B94EA7693F5B1958D.d.1D8F637F45E47F2042A9A3017F8E192D.e.17459"}}]}]}
COMMAND: GET /session/dc388682b4200c5e048280db36f00fb1/screenshot - {}
RESULT: {"actions":[{"id":"action62","type":"wheel","parameters":{},"actions":[{"type":"scroll","x":-869,"y":-24,"deltaX":0,"deltaY":0,"duration":0,"origin":{"element-6066-11e4-a52e-4f735466cecf":"f.5DEB10E109CE1E7B94EA7693F5B1958D.d.1D8F637F45E47F2042A9A3017F8E192D.e.17459"}}]}]}
COMMAND: DELETE /session/dc388682b4200c5e048280db36f00fb1/actions - {}
COMMAND: GET /session/dc388682b4200c5e048280db36f00fb1/screenshot - {}
RESULT: {}
RESULT: {}
COMMAND: GET /session/dc388682b4200c5e048280db36f00fb1/screenshot - {}
RESULT: {}
RESULT: {}
COMMAND: POST /session/dc388682b4200c5e048280db36f00fb1/element/f.5DEB10E109CE1E7B94EA7693F5B1958D.d.1D8F637F45E47F2042A9A3017F8E192D.e.17459/click - {}
RESULT: {}
COMMAND: GET /session/dc388682b4200c5e048280db36f00fb1/screenshot - {}
RESULT: {}
COMMAND: POST /session/dc388682b4200c5e048280db36f00fb1/execute/async - {"script":"<script> [1562 bytes]","args":[{"selector":{"controlType":"sap.m.SearchField","properties":{"placeholder":"Search"},"searchOpenDialogs":true,"interaction":{"idSuffix":"I"}},"wdio_ui5_key":"sapm.SearchField{\"placeholder\":\"Search\"}"}]}
RESULT: {"script":"<script> [1562 bytes]","args":[{"selector":{"controlType":"sap.m.SearchField","properties":{"placeholder":"Search"},"searchOpenDialogs":true,"interaction":{"idSuffix":"I"}},"wdio_ui5_key":"sapm.SearchField{\"placeholder\":\"Search\"}"}]}
RESULT: undefined
COMMAND: POST /session/dc388682b4200c5e048280db36f00fb1/execute/async - {"script":"<script> [776 bytes]","args":[{"enterText":"4000360","selector":{"controlType":"sap.m.SearchField","properties":{"placeholder":"Search"},"searchOpenDialogs":true,"interaction":{"idSuffix":"I"}},"clearTextFirst":true,"interactionType":"ENTER_TEXT"}]}
RESULT: {"script":"<script> [776 bytes]","args":[{"enterText":"4000360","selector":{"controlType":"sap.m.SearchField","properties":{"placeholder":"Search"},"searchOpenDialogs":true,"interaction":{"idSuffix":"I"}},"clearTextFirst":true,"interactionType":"ENTER_TEXT"}]}
COMMAND: POST /session/dc388682b4200c5e048280db36f00fb1/actions - {"actions":[{"id":"action63","type":"key","parameters":{},"actions":[{"type":"keyDown","value":"î€‡"},{"type":"pause","duration":10},{"type":"keyUp","value":"î€‡"}]}]}
RESULT: {"actions":[{"id":"action63","type":"key","parameters":{},"actions":[{"type":"keyDown","value":"î€‡"},{"type":"pause","duration":10},{"type":"keyUp","value":"î€‡"}]}]}
COMMAND: GET /session/dc388682b4200c5e048280db36f00fb1/screenshot - {}
RESULT: {}
COMMAND: POST /session/dc388682b4200c5e048280db36f00fb1/element - {"using":"xpath","value":"//td/div/span[contains(text(), \"BGL Vehicles\")]"}
RESULT: {"using":"xpath","value":"//td/div/span[contains(text(), \"BGL Vehicles\")]"}
COMMAND: POST /session/dc388682b4200c5e048280db36f00fb1/element/f.5DEB10E109CE1E7B94EA7693F5B1958D.d.1D8F637F45E47F2042A9A3017F8E192D.e.17482/click - {}
RESULT: {}
COMMAND: GET /session/dc388682b4200c5e048280db36f00fb1/screenshot - {}
RESULT: {}
COMMAND: POST /session/dc388682b4200c5e048280db36f00fb1/element - {"using":"xpath","value":"//bdi[contains(text(), \"OK\")]"}
RESULT: {"using":"xpath","value":"//bdi[contains(text(), \"OK\")]"}
COMMAND: POST /session/dc388682b4200c5e048280db36f00fb1/element/f.5DEB10E109CE1E7B94EA7693F5B1958D.d.1D8F637F45E47F2042A9A3017F8E192D.e.17483/click - {}
RESULT: {}
COMMAND: GET /session/dc388682b4200c5e048280db36f00fb1/screenshot - {}
RESULT: {}
COMMAND: POST /session/dc388682b4200c5e048280db36f00fb1/execute/async - {"script":"<script> [1562 bytes]","args":[{"selector":{"id":"application-manageresources-display-component---newResourceUnit--newRRUPage-anchBar-application-manageresources-display-component---newResourceUnit--resource-anchor","interaction":{"idSuffix":"BDI-content"}},"wdio_ui5_key":"applicationmanageresources-display-component---newResourceUnit--newRRUPage-anchBar-application-manageresources-display-component---newResourceUnit--resource-anchor"}]}
RESULT: {"script":"<script> [1562 bytes]","args":[{"selector":{"id":"application-manageresources-display-component---newResourceUnit--newRRUPage-anchBar-application-manageresources-display-component---newResourceUnit--resource-anchor","interaction":{"idSuffix":"BDI-content"}},"wdio_ui5_key":"applicationmanageresources-display-component---newResourceUnit--newRRUPage-anchBar-application-manageresources-display-component---newResourceUnit--resource-anchor"}]}
RESULT: undefined
COMMAND: POST /session/dc388682b4200c5e048280db36f00fb1/element - {"using":"xpath","value":"//*[@id=\"application-manageresources-display-component---newResourceUnit--newRRUPage-anchBar-application-manageresources-display-component---newResourceUnit--resource-anchor\"]"}
RESULT: {"using":"xpath","value":"//*[@id=\"application-manageresources-display-component---newResourceUnit--newRRUPage-anchBar-application-manageresources-display-component---newResourceUnit--resource-anchor\"]"}
COMMAND: POST /session/dc388682b4200c5e048280db36f00fb1/element/f.5DEB10E109CE1E7B94EA7693F5B1958D.d.1D8F637F45E47F2042A9A3017F8E192D.e.17487/click - {}
RESULT: {}
COMMAND: POST /session/dc388682b4200c5e048280db36f00fb1/execute/async - {"script":"<script> [1562 bytes]","args":[{"selector":{"id":"application-manageresources-display-component---newResourceUnit--PLANNED_DELIVERY_DATE","interaction":{"idSuffix":"inner"}},"wdio_ui5_key":"applicationmanageresources-display-component---newResourceUnit--PLANNED_DELIVERY_DATE"}]}
COMMAND: GET /session/dc388682b4200c5e048280db36f00fb1/screenshot - {}
RESULT: {}
RESULT: {"script":"<script> [1562 bytes]","args":[{"selector":{"id":"application-manageresources-display-component---newResourceUnit--PLANNED_DELIVERY_DATE","interaction":{"idSuffix":"inner"}},"wdio_ui5_key":"applicationmanageresources-display-component---newResourceUnit--PLANNED_DELIVERY_DATE"}]}
RESULT: undefined
COMMAND: POST /session/dc388682b4200c5e048280db36f00fb1/execute/async - {"script":"<script> [6424 bytes]","args":[{"element-6066-11e4-a52e-4f735466cecf":"f.5DEB10E109CE1E7B94EA7693F5B1958D.d.1D8F637F45E47F2042A9A3017F8E192D.e.17349"},"setValue",["5/16/25"]]}
RESULT: {"script":"<script> [6424 bytes]","args":[{"element-6066-11e4-a52e-4f735466cecf":"f.5DEB10E109CE1E7B94EA7693F5B1958D.d.1D8F637F45E47F2042A9A3017F8E192D.e.17349"},"setValue",["5/16/25"]]}
COMMAND: POST /session/dc388682b4200c5e048280db36f00fb1/element - {"using":"xpath","value":"//label[contains(@class, 'sapMLabelRequired') and .//bdi[contains(text(), 'Planned Retirement')]]"}
RESULT: {"using":"xpath","value":"//label[contains(@class, 'sapMLabelRequired') and .//bdi[contains(text(), 'Planned Retirement')]]"}
COMMAND: POST /session/dc388682b4200c5e048280db36f00fb1/elements - {"using":"xpath","value":"//label[contains(@class, 'sapMLabelRequired') and .//bdi[contains(text(), 'Planned Retirement')]]"}
RESULT: {"using":"xpath","value":"//label[contains(@class, 'sapMLabelRequired') and .//bdi[contains(text(), 'Planned Retirement')]]"}
COMMAND: POST /session/dc388682b4200c5e048280db36f00fb1/element - {"using":"xpath","value":"//button[@data-kt=\"resourceUnitSaveButton\"]"}
RESULT: {"using":"xpath","value":"//button[@data-kt=\"resourceUnitSaveButton\"]"}
COMMAND: POST /session/dc388682b4200c5e048280db36f00fb1/element/f.5DEB10E109CE1E7B94EA7693F5B1958D.d.1D8F637F45E47F2042A9A3017F8E192D.e.17309/click - {}
RESULT: {}
COMMAND: GET /session/dc388682b4200c5e048280db36f00fb1/screenshot - {}
RESULT: {}
COMMAND: POST /session/dc388682b4200c5e048280db36f00fb1/element - {"using":"xpath","value":"//bdi[contains(text(), \"Close\")]"}
RESULT: {"using":"xpath","value":"//bdi[contains(text(), \"Close\")]"}
COMMAND: POST /session/dc388682b4200c5e048280db36f00fb1/element/f.5DEB10E109CE1E7B94EA7693F5B1958D.d.1D8F637F45E47F2042A9A3017F8E192D.e.17495/click - {}
RESULT: {}
COMMAND: GET /session/dc388682b4200c5e048280db36f00fb1/screenshot - {}
RESULT: {}
COMMAND: POST /session/dc388682b4200c5e048280db36f00fb1/element - {"using":"xpath","value":"(//button[contains(@id ,\"actionsToolbar-overflowButton\")])[1]"}
RESULT: {"using":"xpath","value":"(//button[contains(@id ,\"actionsToolbar-overflowButton\")])[1]"}
COMMAND: POST /session/dc388682b4200c5e048280db36f00fb1/element/f.5DEB10E109CE1E7B94EA7693F5B1958D.d.1D8F637F45E47F2042A9A3017F8E192D.e.17552/click - {}
RESULT: {}
COMMAND: GET /session/dc388682b4200c5e048280db36f00fb1/screenshot - {}
RESULT: {}
COMMAND: POST /session/dc388682b4200c5e048280db36f00fb1/element - {"using":"xpath","value":"//button[@data-kt=\"priceInfoButton\"]"}
RESULT: {"using":"xpath","value":"//button[@data-kt=\"priceInfoButton\"]"}
COMMAND: POST /session/dc388682b4200c5e048280db36f00fb1/element/f.5DEB10E109CE1E7B94EA7693F5B1958D.d.1D8F637F45E47F2042A9A3017F8E192D.e.17554/click - {}
RESULT: {}
COMMAND: GET /session/dc388682b4200c5e048280db36f00fb1/screenshot - {}
]]></system-out>
    </testcase>
    <testcase classname="chrome.136_0_7103_93.windows.Create_Reverse_Billing_US127248" name="Should create a pricing procedure" time="58.023">
      <system-out><![CDATA[
COMMAND: POST /session/dc388682b4200c5e048280db36f00fb1/element - {"using":"xpath","value":"//button[@data-kt=\"addButton\"]"}
RESULT: {}
RESULT: {"using":"xpath","value":"//button[@data-kt=\"addButton\"]"}
COMMAND: POST /session/dc388682b4200c5e048280db36f00fb1/elements - {"using":"xpath","value":"//button[@data-kt=\"addButton\"]"}
RESULT: {"using":"xpath","value":"//button[@data-kt=\"addButton\"]"}
COMMAND: POST /session/dc388682b4200c5e048280db36f00fb1/execute/sync - {"script":"<script> [8489 bytes]","args":[{"element-6066-11e4-a52e-4f735466cecf":"f.5DEB10E109CE1E7B94EA7693F5B1958D.d.1D8F637F45E47F2042A9A3017F8E192D.e.17594","ELEMENT":"f.5DEB10E109CE1E7B94EA7693F5B1958D.d.1D8F637F45E47F2042A9A3017F8E192D.e.17594"}]}
RESULT: {"script":"<script> [8489 bytes]","args":[{"element-6066-11e4-a52e-4f735466cecf":"f.5DEB10E109CE1E7B94EA7693F5B1958D.d.1D8F637F45E47F2042A9A3017F8E192D.e.17594","ELEMENT":"f.5DEB10E109CE1E7B94EA7693F5B1958D.d.1D8F637F45E47F2042A9A3017F8E192D.e.17594"}]}
COMMAND: GET /session/dc388682b4200c5e048280db36f00fb1/element/f.5DEB10E109CE1E7B94EA7693F5B1958D.d.1D8F637F45E47F2042A9A3017F8E192D.e.17594/enabled - {}
COMMAND: GET /session/dc388682b4200c5e048280db36f00fb1/screenshot - {}
RESULT: {}
COMMAND: POST /session/dc388682b4200c5e048280db36f00fb1/execute/sync - {"script":"<script> [8489 bytes]","args":[{"element-6066-11e4-a52e-4f735466cecf":"f.5DEB10E109CE1E7B94EA7693F5B1958D.d.1D8F637F45E47F2042A9A3017F8E192D.e.17594","ELEMENT":"f.5DEB10E109CE1E7B94EA7693F5B1958D.d.1D8F637F45E47F2042A9A3017F8E192D.e.17594"}]}
COMMAND: GET /session/dc388682b4200c5e048280db36f00fb1/screenshot - {}
RESULT: {}
RESULT: {"script":"<script> [8489 bytes]","args":[{"element-6066-11e4-a52e-4f735466cecf":"f.5DEB10E109CE1E7B94EA7693F5B1958D.d.1D8F637F45E47F2042A9A3017F8E192D.e.17594","ELEMENT":"f.5DEB10E109CE1E7B94EA7693F5B1958D.d.1D8F637F45E47F2042A9A3017F8E192D.e.17594"}]}
COMMAND: POST /session/dc388682b4200c5e048280db36f00fb1/execute/sync - {"script":"<script> [5351 bytes]","args":[{"element-6066-11e4-a52e-4f735466cecf":"f.5DEB10E109CE1E7B94EA7693F5B1958D.d.1D8F637F45E47F2042A9A3017F8E192D.e.17594","ELEMENT":"f.5DEB10E109CE1E7B94EA7693F5B1958D.d.1D8F637F45E47F2042A9A3017F8E192D.e.17594"}]}
COMMAND: GET /session/dc388682b4200c5e048280db36f00fb1/screenshot - {}
RESULT: {}
RESULT: {"script":"<script> [5351 bytes]","args":[{"element-6066-11e4-a52e-4f735466cecf":"f.5DEB10E109CE1E7B94EA7693F5B1958D.d.1D8F637F45E47F2042A9A3017F8E192D.e.17594","ELEMENT":"f.5DEB10E109CE1E7B94EA7693F5B1958D.d.1D8F637F45E47F2042A9A3017F8E192D.e.17594"}]}
COMMAND: POST /session/dc388682b4200c5e048280db36f00fb1/element/f.5DEB10E109CE1E7B94EA7693F5B1958D.d.1D8F637F45E47F2042A9A3017F8E192D.e.17594/click - {}
COMMAND: GET /session/dc388682b4200c5e048280db36f00fb1/screenshot - {}
RESULT: {}
RESULT: {}
COMMAND: GET /session/dc388682b4200c5e048280db36f00fb1/screenshot - {}
RESULT: {}
RESULT: {}
COMMAND: POST /session/dc388682b4200c5e048280db36f00fb1/execute/async - {"script":"<script> [1562 bytes]","args":[{"selector":{"controlType":"sap.m.Title","viewName":"etm.portal.ui.managepricingrules.view.NewItem","viewId":"application-managepricingrules-display-component---newInfoPriceItem","properties":{"text":"New Pricing Rules - Item Level"}},"wdio_ui5_key":"etmportal.ui.managepricingrules.view.NewItemsap.m.Title{\"text\":\"New Pricing Rules - Item Level\"}"}]}
RESULT: {"script":"<script> [1562 bytes]","args":[{"selector":{"controlType":"sap.m.Title","viewName":"etm.portal.ui.managepricingrules.view.NewItem","viewId":"application-managepricingrules-display-component---newInfoPriceItem","properties":{"text":"New Pricing Rules - Item Level"}},"wdio_ui5_key":"etmportal.ui.managepricingrules.view.NewItemsap.m.Title{\"text\":\"New Pricing Rules - Item Level\"}"}]}
RESULT: undefined
COMMAND: POST /session/dc388682b4200c5e048280db36f00fb1/execute/async - {"script":"<script> [6424 bytes]","args":[{"element-6066-11e4-a52e-4f735466cecf":"f.5DEB10E109CE1E7B94EA7693F5B1958D.d.1D8F637F45E47F2042A9A3017F8E192D.e.17763"},"getText",[]]}
RESULT: {"script":"<script> [6424 bytes]","args":[{"element-6066-11e4-a52e-4f735466cecf":"f.5DEB10E109CE1E7B94EA7693F5B1958D.d.1D8F637F45E47F2042A9A3017F8E192D.e.17763"},"getText",[]]}
COMMAND: POST /session/dc388682b4200c5e048280db36f00fb1/execute/async - {"script":"<script> [1562 bytes]","args":[{"selector":{"id":"application-managepricingrules-display-component---newInfoPriceItem--condValidTo","interaction":{"idSuffix":"inner"}},"wdio_ui5_key":"applicationmanagepricingrules-display-component---newInfoPriceItem--condValidTo"}]}
RESULT: {"script":"<script> [1562 bytes]","args":[{"selector":{"id":"application-managepricingrules-display-component---newInfoPriceItem--condValidTo","interaction":{"idSuffix":"inner"}},"wdio_ui5_key":"applicationmanagepricingrules-display-component---newInfoPriceItem--condValidTo"}]}
RESULT: undefined
COMMAND: POST /session/dc388682b4200c5e048280db36f00fb1/execute/async - {"script":"<script> [776 bytes]","args":[{"enterText":"1/16/26","selector":{"id":"application-managepricingrules-display-component---newInfoPriceItem--condValidTo","interaction":{"idSuffix":"inner"}},"clearTextFirst":true,"interactionType":"ENTER_TEXT"}]}
RESULT: {"script":"<script> [776 bytes]","args":[{"enterText":"1/16/26","selector":{"id":"application-managepricingrules-display-component---newInfoPriceItem--condValidTo","interaction":{"idSuffix":"inner"}},"clearTextFirst":true,"interactionType":"ENTER_TEXT"}]}
COMMAND: POST /session/dc388682b4200c5e048280db36f00fb1/execute/async - {"script":"<script> [1562 bytes]","args":[{"selector":{"id":"application-managepricingrules-display-component---newInfoPriceItem--billType-arrow"},"wdio_ui5_key":"applicationmanagepricingrules-display-component---newInfoPriceItem--billType-arrow"}]}
RESULT: {"script":"<script> [1562 bytes]","args":[{"selector":{"id":"application-managepricingrules-display-component---newInfoPriceItem--billType-arrow"},"wdio_ui5_key":"applicationmanagepricingrules-display-component---newInfoPriceItem--billType-arrow"}]}
RESULT: undefined
COMMAND: POST /session/dc388682b4200c5e048280db36f00fb1/element - {"using":"xpath","value":"//*[@id=\"application-managepricingrules-display-component---newInfoPriceItem--billType-arrow\"]"}
RESULT: {"using":"xpath","value":"//*[@id=\"application-managepricingrules-display-component---newInfoPriceItem--billType-arrow\"]"}
COMMAND: POST /session/dc388682b4200c5e048280db36f00fb1/element/f.5DEB10E109CE1E7B94EA7693F5B1958D.d.1D8F637F45E47F2042A9A3017F8E192D.e.17721/click - {}
RESULT: {}
COMMAND: POST /session/dc388682b4200c5e048280db36f00fb1/element - {"using":"xpath","value":"//span[contains(text(), \"TB - Time based\")]"}
COMMAND: GET /session/dc388682b4200c5e048280db36f00fb1/screenshot - {}
RESULT: {"using":"xpath","value":"//span[contains(text(), \"TB - Time based\")]"}
COMMAND: POST /session/dc388682b4200c5e048280db36f00fb1/element/f.5DEB10E109CE1E7B94EA7693F5B1958D.d.1D8F637F45E47F2042A9A3017F8E192D.e.17765/click - {}
RESULT: {}
RESULT: {}
COMMAND: POST /session/dc388682b4200c5e048280db36f00fb1/execute/async - {"script":"<script> [1562 bytes]","args":[{"selector":{"id":"application-managepricingrules-display-component---newInfoPriceItem--priceProc-arrow"},"wdio_ui5_key":"applicationmanagepricingrules-display-component---newInfoPriceItem--priceProc-arrow"}]}
COMMAND: GET /session/dc388682b4200c5e048280db36f00fb1/screenshot - {}
RESULT: {"script":"<script> [1562 bytes]","args":[{"selector":{"id":"application-managepricingrules-display-component---newInfoPriceItem--priceProc-arrow"},"wdio_ui5_key":"applicationmanagepricingrules-display-component---newInfoPriceItem--priceProc-arrow"}]}
RESULT: undefined
COMMAND: POST /session/dc388682b4200c5e048280db36f00fb1/element - {"using":"xpath","value":"//*[@id=\"application-managepricingrules-display-component---newInfoPriceItem--priceProc-arrow\"]"}
RESULT: {}
RESULT: {"using":"xpath","value":"//*[@id=\"application-managepricingrules-display-component---newInfoPriceItem--priceProc-arrow\"]"}
COMMAND: POST /session/dc388682b4200c5e048280db36f00fb1/element/f.5DEB10E109CE1E7B94EA7693F5B1958D.d.1D8F637F45E47F2042A9A3017F8E192D.e.17728/click - {}
RESULT: {}
COMMAND: POST /session/dc388682b4200c5e048280db36f00fb1/element - {"using":"xpath","value":"//span[contains(text(), \"TBS - Time based standard\")]"}
COMMAND: GET /session/dc388682b4200c5e048280db36f00fb1/screenshot - {}
RESULT: {"using":"xpath","value":"//span[contains(text(), \"TBS - Time based standard\")]"}
COMMAND: POST /session/dc388682b4200c5e048280db36f00fb1/element/f.5DEB10E109CE1E7B94EA7693F5B1958D.d.1D8F637F45E47F2042A9A3017F8E192D.e.17766/click - {}
RESULT: {}
RESULT: {}
COMMAND: POST /session/dc388682b4200c5e048280db36f00fb1/execute/async - {"script":"<script> [1562 bytes]","args":[{"selector":{"id":"application-managepricingrules-display-component---newInfoPriceItem--calcBase-arrow"},"wdio_ui5_key":"applicationmanagepricingrules-display-component---newInfoPriceItem--calcBase-arrow"}]}
COMMAND: GET /session/dc388682b4200c5e048280db36f00fb1/screenshot - {}
RESULT: {"script":"<script> [1562 bytes]","args":[{"selector":{"id":"application-managepricingrules-display-component---newInfoPriceItem--calcBase-arrow"},"wdio_ui5_key":"applicationmanagepricingrules-display-component---newInfoPriceItem--calcBase-arrow"}]}
RESULT: undefined
COMMAND: POST /session/dc388682b4200c5e048280db36f00fb1/element - {"using":"xpath","value":"//*[@id=\"application-managepricingrules-display-component---newInfoPriceItem--calcBase-arrow\"]"}
RESULT: {}
RESULT: {"using":"xpath","value":"//*[@id=\"application-managepricingrules-display-component---newInfoPriceItem--calcBase-arrow\"]"}
COMMAND: POST /session/dc388682b4200c5e048280db36f00fb1/element/f.5DEB10E109CE1E7B94EA7693F5B1958D.d.1D8F637F45E47F2042A9A3017F8E192D.e.17735/click - {}
RESULT: {}
COMMAND: GET /session/dc388682b4200c5e048280db36f00fb1/screenshot - {}
RESULT: {}
COMMAND: POST /session/dc388682b4200c5e048280db36f00fb1/element - {"using":"xpath","value":"//span[contains(text(), \"0006 - TB(calendar days)\")]"}
RESULT: {"using":"xpath","value":"//span[contains(text(), \"0006 - TB(calendar days)\")]"}
COMMAND: POST /session/dc388682b4200c5e048280db36f00fb1/element/f.5DEB10E109CE1E7B94EA7693F5B1958D.d.1D8F637F45E47F2042A9A3017F8E192D.e.17767/click - {}
RESULT: {}
COMMAND: GET /session/dc388682b4200c5e048280db36f00fb1/screenshot - {}
RESULT: {}
COMMAND: POST /session/dc388682b4200c5e048280db36f00fb1/execute/async - {"script":"<script> [1562 bytes]","args":[{"selector":{"id":"application-managepricingrules-display-component---newInfoPriceItem--daysMonth","interaction":{"idSuffix":"inner"}},"wdio_ui5_key":"applicationmanagepricingrules-display-component---newInfoPriceItem--daysMonth"}]}
RESULT: {"script":"<script> [1562 bytes]","args":[{"selector":{"id":"application-managepricingrules-display-component---newInfoPriceItem--daysMonth","interaction":{"idSuffix":"inner"}},"wdio_ui5_key":"applicationmanagepricingrules-display-component---newInfoPriceItem--daysMonth"}]}
RESULT: undefined
COMMAND: POST /session/dc388682b4200c5e048280db36f00fb1/execute/async - {"script":"<script> [776 bytes]","args":[{"enterText":"30","selector":{"id":"application-managepricingrules-display-component---newInfoPriceItem--daysMonth","interaction":{"idSuffix":"inner"}},"clearTextFirst":true,"interactionType":"ENTER_TEXT"}]}
RESULT: {"script":"<script> [776 bytes]","args":[{"enterText":"30","selector":{"id":"application-managepricingrules-display-component---newInfoPriceItem--daysMonth","interaction":{"idSuffix":"inner"}},"clearTextFirst":true,"interactionType":"ENTER_TEXT"}]}
COMMAND: POST /session/dc388682b4200c5e048280db36f00fb1/element - {"using":"xpath","value":"//button[@data-kt=\"saveNewRuleButton\"]"}
RESULT: {"using":"xpath","value":"//button[@data-kt=\"saveNewRuleButton\"]"}
COMMAND: POST /session/dc388682b4200c5e048280db36f00fb1/element/f.5DEB10E109CE1E7B94EA7693F5B1958D.d.1D8F637F45E47F2042A9A3017F8E192D.e.17755/click - {}
RESULT: {}
COMMAND: GET /session/dc388682b4200c5e048280db36f00fb1/screenshot - {}
RESULT: {}
COMMAND: POST /session/dc388682b4200c5e048280db36f00fb1/execute/async - {"script":"<script> [1562 bytes]","args":[{"selector":{"id":"application-managepricingrules-display-component---priceInfoItem--smartFilterBar-btnBasicSearch","interaction":{"idSuffix":"I"}},"wdio_ui5_key":"applicationmanagepricingrules-display-component---priceInfoItem--smartFilterBar-btnBasicSearch"}]}
RESULT: {"script":"<script> [1562 bytes]","args":[{"selector":{"id":"application-managepricingrules-display-component---priceInfoItem--smartFilterBar-btnBasicSearch","interaction":{"idSuffix":"I"}},"wdio_ui5_key":"applicationmanagepricingrules-display-component---priceInfoItem--smartFilterBar-btnBasicSearch"}]}
RESULT: undefined
COMMAND: POST /session/dc388682b4200c5e048280db36f00fb1/execute/async - {"script":"<script> [776 bytes]","args":[{"enterText":"Bo8Dmmr9F2","selector":{"id":"application-managepricingrules-display-component---priceInfoItem--smartFilterBar-btnBasicSearch","interaction":{"idSuffix":"I"}},"clearTextFirst":true,"interactionType":"ENTER_TEXT"}]}
RESULT: {"script":"<script> [776 bytes]","args":[{"enterText":"Bo8Dmmr9F2","selector":{"id":"application-managepricingrules-display-component---priceInfoItem--smartFilterBar-btnBasicSearch","interaction":{"idSuffix":"I"}},"clearTextFirst":true,"interactionType":"ENTER_TEXT"}]}
COMMAND: POST /session/dc388682b4200c5e048280db36f00fb1/actions - {"actions":[{"id":"action64","type":"key","parameters":{},"actions":[{"type":"keyDown","value":"î€‡"},{"type":"pause","duration":10},{"type":"keyUp","value":"î€‡"}]}]}
RESULT: {"actions":[{"id":"action64","type":"key","parameters":{},"actions":[{"type":"keyDown","value":"î€‡"},{"type":"pause","duration":10},{"type":"keyUp","value":"î€‡"}]}]}
COMMAND: GET /session/dc388682b4200c5e048280db36f00fb1/screenshot - {}
RESULT: {}
COMMAND: POST /session/dc388682b4200c5e048280db36f00fb1/element - {"using":"xpath","value":"//span[@id=\"application-managepricingrules-display-component---priceInfoItem--smartTable-header-inner\"]"}
RESULT: {"using":"xpath","value":"//span[@id=\"application-managepricingrules-display-component---priceInfoItem--smartTable-header-inner\"]"}
COMMAND: POST /session/dc388682b4200c5e048280db36f00fb1/elements - {"using":"xpath","value":"//span[@id=\"application-managepricingrules-display-component---priceInfoItem--smartTable-header-inner\"]"}
RESULT: {"using":"xpath","value":"//span[@id=\"application-managepricingrules-display-component---priceInfoItem--smartTable-header-inner\"]"}
COMMAND: POST /session/dc388682b4200c5e048280db36f00fb1/execute/sync - {"script":"<script> [56 bytes]","args":[{"element-6066-11e4-a52e-4f735466cecf":"f.5DEB10E109CE1E7B94EA7693F5B1958D.d.1D8F637F45E47F2042A9A3017F8E192D.e.17781","ELEMENT":"f.5DEB10E109CE1E7B94EA7693F5B1958D.d.1D8F637F45E47F2042A9A3017F8E192D.e.17781"}]}
RESULT: {"script":"<script> [56 bytes]","args":[{"element-6066-11e4-a52e-4f735466cecf":"f.5DEB10E109CE1E7B94EA7693F5B1958D.d.1D8F637F45E47F2042A9A3017F8E192D.e.17781","ELEMENT":"f.5DEB10E109CE1E7B94EA7693F5B1958D.d.1D8F637F45E47F2042A9A3017F8E192D.e.17781"}]}
COMMAND: POST /session/dc388682b4200c5e048280db36f00fb1/element - {"using":"css selector","value":"#shell-header-logo"}
COMMAND: GET /session/dc388682b4200c5e048280db36f00fb1/screenshot - {}
RESULT: {"using":"css selector","value":"#shell-header-logo"}
COMMAND: POST /session/dc388682b4200c5e048280db36f00fb1/element/f.5DEB10E109CE1E7B94EA7693F5B1958D.d.1D8F637F45E47F2042A9A3017F8E192D.e.16907/click - {}
RESULT: {}
RESULT: {}
COMMAND: GET /session/dc388682b4200c5e048280db36f00fb1/screenshot - {}
RESULT: {}
]]></system-out>
    </testcase>
    <testcase classname="chrome.136_0_7103_93.windows.Create_Reverse_Billing_US127248" name="Should manage conditions" time="71.177">
      <system-out><![CDATA[
COMMAND: POST /session/dc388682b4200c5e048280db36f00fb1/execute/async - {"script":"<script> [1562 bytes]","args":[{"selector":{"controlType":"sap.m.GenericTile","properties":{"header":"Manage Conditions & Prices"}},"wdio_ui5_key":"sapm.GenericTile{\"header\":\"Manage Conditions & Prices\"}"}]}
RESULT: {"script":"<script> [1562 bytes]","args":[{"selector":{"controlType":"sap.m.GenericTile","properties":{"header":"Manage Conditions & Prices"}},"wdio_ui5_key":"sapm.GenericTile{\"header\":\"Manage Conditions & Prices\"}"}]}
RESULT: undefined
COMMAND: POST /session/dc388682b4200c5e048280db36f00fb1/element - {"using":"xpath","value":"//*[@id=\"__tile53\"]"}
RESULT: {"using":"xpath","value":"//*[@id=\"__tile53\"]"}
COMMAND: POST /session/dc388682b4200c5e048280db36f00fb1/element/f.5DEB10E109CE1E7B94EA7693F5B1958D.d.1D8F637F45E47F2042A9A3017F8E192D.e.16840/click - {}
RESULT: {}
COMMAND: GET /session/dc388682b4200c5e048280db36f00fb1/screenshot - {}
RESULT: {}
COMMAND: POST /session/dc388682b4200c5e048280db36f00fb1/elements - {"using":"xpath","value":"//span[text()='Error']"}
RESULT: {"using":"xpath","value":"//span[text()='Error']"}
COMMAND: POST /session/dc388682b4200c5e048280db36f00fb1/element - {"using":"xpath","value":"//button[@aria-label=\"Create\"]"}
RESULT: {"using":"xpath","value":"//button[@aria-label=\"Create\"]"}
COMMAND: POST /session/dc388682b4200c5e048280db36f00fb1/elements - {"using":"xpath","value":"//button[@aria-label=\"Create\"]"}
RESULT: {"using":"xpath","value":"//button[@aria-label=\"Create\"]"}
COMMAND: POST /session/dc388682b4200c5e048280db36f00fb1/execute/sync - {"script":"<script> [8489 bytes]","args":[{"element-6066-11e4-a52e-4f735466cecf":"f.5DEB10E109CE1E7B94EA7693F5B1958D.d.1D8F637F45E47F2042A9A3017F8E192D.e.17817","ELEMENT":"f.5DEB10E109CE1E7B94EA7693F5B1958D.d.1D8F637F45E47F2042A9A3017F8E192D.e.17817"}]}
RESULT: {"script":"<script> [8489 bytes]","args":[{"element-6066-11e4-a52e-4f735466cecf":"f.5DEB10E109CE1E7B94EA7693F5B1958D.d.1D8F637F45E47F2042A9A3017F8E192D.e.17817","ELEMENT":"f.5DEB10E109CE1E7B94EA7693F5B1958D.d.1D8F637F45E47F2042A9A3017F8E192D.e.17817"}]}
COMMAND: GET /session/dc388682b4200c5e048280db36f00fb1/element/f.5DEB10E109CE1E7B94EA7693F5B1958D.d.1D8F637F45E47F2042A9A3017F8E192D.e.17817/enabled - {}
COMMAND: GET /session/dc388682b4200c5e048280db36f00fb1/screenshot - {}
RESULT: {}
COMMAND: POST /session/dc388682b4200c5e048280db36f00fb1/execute/sync - {"script":"<script> [8489 bytes]","args":[{"element-6066-11e4-a52e-4f735466cecf":"f.5DEB10E109CE1E7B94EA7693F5B1958D.d.1D8F637F45E47F2042A9A3017F8E192D.e.17817","ELEMENT":"f.5DEB10E109CE1E7B94EA7693F5B1958D.d.1D8F637F45E47F2042A9A3017F8E192D.e.17817"}]}
COMMAND: GET /session/dc388682b4200c5e048280db36f00fb1/screenshot - {}
RESULT: {}
RESULT: {"script":"<script> [8489 bytes]","args":[{"element-6066-11e4-a52e-4f735466cecf":"f.5DEB10E109CE1E7B94EA7693F5B1958D.d.1D8F637F45E47F2042A9A3017F8E192D.e.17817","ELEMENT":"f.5DEB10E109CE1E7B94EA7693F5B1958D.d.1D8F637F45E47F2042A9A3017F8E192D.e.17817"}]}
COMMAND: POST /session/dc388682b4200c5e048280db36f00fb1/execute/sync - {"script":"<script> [5351 bytes]","args":[{"element-6066-11e4-a52e-4f735466cecf":"f.5DEB10E109CE1E7B94EA7693F5B1958D.d.1D8F637F45E47F2042A9A3017F8E192D.e.17817","ELEMENT":"f.5DEB10E109CE1E7B94EA7693F5B1958D.d.1D8F637F45E47F2042A9A3017F8E192D.e.17817"}]}
COMMAND: GET /session/dc388682b4200c5e048280db36f00fb1/screenshot - {}
RESULT: {}
RESULT: {"script":"<script> [5351 bytes]","args":[{"element-6066-11e4-a52e-4f735466cecf":"f.5DEB10E109CE1E7B94EA7693F5B1958D.d.1D8F637F45E47F2042A9A3017F8E192D.e.17817","ELEMENT":"f.5DEB10E109CE1E7B94EA7693F5B1958D.d.1D8F637F45E47F2042A9A3017F8E192D.e.17817"}]}
COMMAND: POST /session/dc388682b4200c5e048280db36f00fb1/element/f.5DEB10E109CE1E7B94EA7693F5B1958D.d.1D8F637F45E47F2042A9A3017F8E192D.e.17817/click - {}
COMMAND: GET /session/dc388682b4200c5e048280db36f00fb1/screenshot - {}
RESULT: {}
RESULT: {}
COMMAND: GET /session/dc388682b4200c5e048280db36f00fb1/screenshot - {}
RESULT: {}
RESULT: {}
COMMAND: POST /session/dc388682b4200c5e048280db36f00fb1/actions - {"actions":[{"id":"action65","type":"key","parameters":{},"actions":[{"type":"keyDown","value":"î€‡"},{"type":"pause","duration":10},{"type":"keyUp","value":"î€‡"}]}]}
RESULT: {"actions":[{"id":"action65","type":"key","parameters":{},"actions":[{"type":"keyDown","value":"î€‡"},{"type":"pause","duration":10},{"type":"keyUp","value":"î€‡"}]}]}
COMMAND: GET /session/dc388682b4200c5e048280db36f00fb1/screenshot - {}
RESULT: {}
COMMAND: POST /session/dc388682b4200c5e048280db36f00fb1/execute/async - {"script":"<script> [1562 bytes]","args":[{"selector":{"id":"application-manageconditionprice-display-component---newCondition--condBillCond-arrow"},"wdio_ui5_key":"applicationmanageconditionprice-display-component---newCondition--condBillCond-arrow"}]}
RESULT: {"script":"<script> [1562 bytes]","args":[{"selector":{"id":"application-manageconditionprice-display-component---newCondition--condBillCond-arrow"},"wdio_ui5_key":"applicationmanageconditionprice-display-component---newCondition--condBillCond-arrow"}]}
RESULT: undefined
COMMAND: POST /session/dc388682b4200c5e048280db36f00fb1/element - {"using":"xpath","value":"//*[@id=\"application-manageconditionprice-display-component---newCondition--condBillCond-arrow\"]"}
RESULT: {"using":"xpath","value":"//*[@id=\"application-manageconditionprice-display-component---newCondition--condBillCond-arrow\"]"}
COMMAND: POST /session/dc388682b4200c5e048280db36f00fb1/element/f.5DEB10E109CE1E7B94EA7693F5B1958D.d.1D8F637F45E47F2042A9A3017F8E192D.e.17995/click - {}
RESULT: {}
COMMAND: GET /session/dc388682b4200c5e048280db36f00fb1/screenshot - {}
RESULT: {}
COMMAND: POST /session/dc388682b4200c5e048280db36f00fb1/element - {"using":"xpath","value":"//li[.//span[contains(text(), \"DISP - D&I special price\")]]"}
RESULT: {"using":"xpath","value":"//li[.//span[contains(text(), \"DISP - D&I special price\")]]"}
COMMAND: POST /session/dc388682b4200c5e048280db36f00fb1/element/f.5DEB10E109CE1E7B94EA7693F5B1958D.d.1D8F637F45E47F2042A9A3017F8E192D.e.17998/click - {}
RESULT: {}
COMMAND: GET /session/dc388682b4200c5e048280db36f00fb1/screenshot - {}
RESULT: {}
COMMAND: POST /session/dc388682b4200c5e048280db36f00fb1/execute/async - {"script":"<script> [1562 bytes]","args":[{"selector":{"id":"application-manageconditionprice-display-component---newCondition--condValidTo","interaction":{"idSuffix":"inner"}},"wdio_ui5_key":"applicationmanageconditionprice-display-component---newCondition--condValidTo"}]}
RESULT: {"script":"<script> [1562 bytes]","args":[{"selector":{"id":"application-manageconditionprice-display-component---newCondition--condValidTo","interaction":{"idSuffix":"inner"}},"wdio_ui5_key":"applicationmanageconditionprice-display-component---newCondition--condValidTo"}]}
RESULT: undefined
COMMAND: POST /session/dc388682b4200c5e048280db36f00fb1/execute/async - {"script":"<script> [776 bytes]","args":[{"enterText":"1/16/26","selector":{"id":"application-manageconditionprice-display-component---newCondition--condValidTo","interaction":{"idSuffix":"inner"}},"clearTextFirst":true,"interactionType":"ENTER_TEXT"}]}
RESULT: {"script":"<script> [776 bytes]","args":[{"enterText":"1/16/26","selector":{"id":"application-manageconditionprice-display-component---newCondition--condValidTo","interaction":{"idSuffix":"inner"}},"clearTextFirst":true,"interactionType":"ENTER_TEXT"}]}
COMMAND: POST /session/dc388682b4200c5e048280db36f00fb1/element - {"using":"xpath","value":"//input[@id=\"application-manageconditionprice-display-component---newCondition--condRU-inner\"]"}
RESULT: {"using":"xpath","value":"//input[@id=\"application-manageconditionprice-display-component---newCondition--condRU-inner\"]"}
COMMAND: POST /session/dc388682b4200c5e048280db36f00fb1/element/f.5DEB10E109CE1E7B94EA7693F5B1958D.d.1D8F637F45E47F2042A9A3017F8E192D.e.17864/clear - {}
RESULT: {}
COMMAND: POST /session/dc388682b4200c5e048280db36f00fb1/element/f.5DEB10E109CE1E7B94EA7693F5B1958D.d.1D8F637F45E47F2042A9A3017F8E192D.e.17864/value - {"text":"Bo8Dmmr9F2"}
COMMAND: GET /session/dc388682b4200c5e048280db36f00fb1/screenshot - {}
RESULT: {"text":"Bo8Dmmr9F2"}
COMMAND: GET /session/dc388682b4200c5e048280db36f00fb1/screenshot - {}
RESULT: {}
RESULT: {}
COMMAND: POST /session/dc388682b4200c5e048280db36f00fb1/actions - {"actions":[{"id":"action66","type":"key","parameters":{},"actions":[{"type":"keyDown","value":"î€‡"},{"type":"pause","duration":10},{"type":"keyUp","value":"î€‡"}]}]}
RESULT: {"actions":[{"id":"action66","type":"key","parameters":{},"actions":[{"type":"keyDown","value":"î€‡"},{"type":"pause","duration":10},{"type":"keyUp","value":"î€‡"}]}]}
COMMAND: POST /session/dc388682b4200c5e048280db36f00fb1/execute/async - {"script":"<script> [1562 bytes]","args":[{"selector":{"id":"application-manageconditionprice-display-component---newCondition--condBaseQty","interaction":{"idSuffix":"inner"}},"wdio_ui5_key":"applicationmanageconditionprice-display-component---newCondition--condBaseQty"}]}
COMMAND: GET /session/dc388682b4200c5e048280db36f00fb1/screenshot - {}
RESULT: {"script":"<script> [1562 bytes]","args":[{"selector":{"id":"application-manageconditionprice-display-component---newCondition--condBaseQty","interaction":{"idSuffix":"inner"}},"wdio_ui5_key":"applicationmanageconditionprice-display-component---newCondition--condBaseQty"}]}
RESULT: undefined
COMMAND: POST /session/dc388682b4200c5e048280db36f00fb1/execute/async - {"script":"<script> [776 bytes]","args":[{"enterText":"1","selector":{"id":"application-manageconditionprice-display-component---newCondition--condBaseQty","interaction":{"idSuffix":"inner"}},"clearTextFirst":true,"interactionType":"ENTER_TEXT"}]}
RESULT: {}
RESULT: {"script":"<script> [776 bytes]","args":[{"enterText":"1","selector":{"id":"application-manageconditionprice-display-component---newCondition--condBaseQty","interaction":{"idSuffix":"inner"}},"clearTextFirst":true,"interactionType":"ENTER_TEXT"}]}
COMMAND: POST /session/dc388682b4200c5e048280db36f00fb1/execute/async - {"script":"<script> [1562 bytes]","args":[{"selector":{"id":"application-manageconditionprice-display-component---newCondition--condValue","interaction":{"idSuffix":"inner"}},"wdio_ui5_key":"applicationmanageconditionprice-display-component---newCondition--condValue"}]}
RESULT: {"script":"<script> [1562 bytes]","args":[{"selector":{"id":"application-manageconditionprice-display-component---newCondition--condValue","interaction":{"idSuffix":"inner"}},"wdio_ui5_key":"applicationmanageconditionprice-display-component---newCondition--condValue"}]}
RESULT: undefined
COMMAND: POST /session/dc388682b4200c5e048280db36f00fb1/execute/async - {"script":"<script> [776 bytes]","args":[{"enterText":"200","selector":{"id":"application-manageconditionprice-display-component---newCondition--condValue","interaction":{"idSuffix":"inner"}},"clearTextFirst":true,"interactionType":"ENTER_TEXT"}]}
RESULT: {"script":"<script> [776 bytes]","args":[{"enterText":"200","selector":{"id":"application-manageconditionprice-display-component---newCondition--condValue","interaction":{"idSuffix":"inner"}},"clearTextFirst":true,"interactionType":"ENTER_TEXT"}]}
COMMAND: POST /session/dc388682b4200c5e048280db36f00fb1/execute/async - {"script":"<script> [1562 bytes]","args":[{"selector":{"id":"application-manageconditionprice-display-component---newCondition--condCurr-arrow"},"wdio_ui5_key":"applicationmanageconditionprice-display-component---newCondition--condCurr-arrow"}]}
RESULT: {"script":"<script> [1562 bytes]","args":[{"selector":{"id":"application-manageconditionprice-display-component---newCondition--condCurr-arrow"},"wdio_ui5_key":"applicationmanageconditionprice-display-component---newCondition--condCurr-arrow"}]}
RESULT: undefined
COMMAND: POST /session/dc388682b4200c5e048280db36f00fb1/element - {"using":"xpath","value":"//*[@id=\"application-manageconditionprice-display-component---newCondition--condCurr-arrow\"]"}
RESULT: {"using":"xpath","value":"//*[@id=\"application-manageconditionprice-display-component---newCondition--condCurr-arrow\"]"}
COMMAND: POST /session/dc388682b4200c5e048280db36f00fb1/element/f.5DEB10E109CE1E7B94EA7693F5B1958D.d.1D8F637F45E47F2042A9A3017F8E192D.e.17970/click - {}
RESULT: {}
COMMAND: POST /session/dc388682b4200c5e048280db36f00fb1/element - {"using":"xpath","value":"//span[contains(text(), \"Euro\")]"}
COMMAND: GET /session/dc388682b4200c5e048280db36f00fb1/screenshot - {}
RESULT: {"using":"xpath","value":"//span[contains(text(), \"Euro\")]"}
COMMAND: POST /session/dc388682b4200c5e048280db36f00fb1/element/f.5DEB10E109CE1E7B94EA7693F5B1958D.d.1D8F637F45E47F2042A9A3017F8E192D.e.18035/click - {}
RESULT: {}
RESULT: {}
COMMAND: POST /session/dc388682b4200c5e048280db36f00fb1/element - {"using":"xpath","value":"//button[@data-kt=\"saveButton\"]"}
COMMAND: GET /session/dc388682b4200c5e048280db36f00fb1/screenshot - {}
RESULT: {"using":"xpath","value":"//button[@data-kt=\"saveButton\"]"}
COMMAND: POST /session/dc388682b4200c5e048280db36f00fb1/element/f.5DEB10E109CE1E7B94EA7693F5B1958D.d.1D8F637F45E47F2042A9A3017F8E192D.e.17971/click - {}
RESULT: {}
RESULT: {}
COMMAND: GET /session/dc388682b4200c5e048280db36f00fb1/screenshot - {}
RESULT: {}
COMMAND: POST /session/dc388682b4200c5e048280db36f00fb1/execute/async - {"script":"<script> [1562 bytes]","args":[{"selector":{"id":"application-manageconditionprice-display-component---conditions--smartFilterBar-btnBasicSearch","interaction":{"idSuffix":"I"}},"wdio_ui5_key":"applicationmanageconditionprice-display-component---conditions--smartFilterBar-btnBasicSearch"}]}
RESULT: {"script":"<script> [1562 bytes]","args":[{"selector":{"id":"application-manageconditionprice-display-component---conditions--smartFilterBar-btnBasicSearch","interaction":{"idSuffix":"I"}},"wdio_ui5_key":"applicationmanageconditionprice-display-component---conditions--smartFilterBar-btnBasicSearch"}]}
RESULT: undefined
COMMAND: POST /session/dc388682b4200c5e048280db36f00fb1/execute/async - {"script":"<script> [776 bytes]","args":[{"enterText":"Bo8Dmmr9F2","selector":{"id":"application-manageconditionprice-display-component---conditions--smartFilterBar-btnBasicSearch","interaction":{"idSuffix":"I"}},"clearTextFirst":true,"interactionType":"ENTER_TEXT"}]}
RESULT: {"script":"<script> [776 bytes]","args":[{"enterText":"Bo8Dmmr9F2","selector":{"id":"application-manageconditionprice-display-component---conditions--smartFilterBar-btnBasicSearch","interaction":{"idSuffix":"I"}},"clearTextFirst":true,"interactionType":"ENTER_TEXT"}]}
COMMAND: POST /session/dc388682b4200c5e048280db36f00fb1/actions - {"actions":[{"id":"action67","type":"key","parameters":{},"actions":[{"type":"keyDown","value":"î€‡"},{"type":"pause","duration":10},{"type":"keyUp","value":"î€‡"}]}]}
RESULT: {"actions":[{"id":"action67","type":"key","parameters":{},"actions":[{"type":"keyDown","value":"î€‡"},{"type":"pause","duration":10},{"type":"keyUp","value":"î€‡"}]}]}
COMMAND: GET /session/dc388682b4200c5e048280db36f00fb1/screenshot - {}
RESULT: {}
COMMAND: POST /session/dc388682b4200c5e048280db36f00fb1/execute/async - {"script":"<script> [1562 bytes]","args":[{"selector":{"id":"application-manageconditionprice-display-component---conditions--smartFilterBar-filterItemControl_BASIC-BILL_TYPES-vhi"},"wdio_ui5_key":"applicationmanageconditionprice-display-component---conditions--smartFilterBar-filterItemControl_BASIC-BILL_TYPES-vhi"}]}
RESULT: {"script":"<script> [1562 bytes]","args":[{"selector":{"id":"application-manageconditionprice-display-component---conditions--smartFilterBar-filterItemControl_BASIC-BILL_TYPES-vhi"},"wdio_ui5_key":"applicationmanageconditionprice-display-component---conditions--smartFilterBar-filterItemControl_BASIC-BILL_TYPES-vhi"}]}
RESULT: undefined
COMMAND: POST /session/dc388682b4200c5e048280db36f00fb1/element - {"using":"xpath","value":"//*[@id=\"application-manageconditionprice-display-component---conditions--smartFilterBar-filterItemControl_BASIC-BILL_TYPES-vhi\"]"}
RESULT: {"using":"xpath","value":"//*[@id=\"application-manageconditionprice-display-component---conditions--smartFilterBar-filterItemControl_BASIC-BILL_TYPES-vhi\"]"}
COMMAND: POST /session/dc388682b4200c5e048280db36f00fb1/element/f.5DEB10E109CE1E7B94EA7693F5B1958D.d.1D8F637F45E47F2042A9A3017F8E192D.e.18142/click - {}
RESULT: {}
COMMAND: POST /session/dc388682b4200c5e048280db36f00fb1/execute/async - {"script":"<script> [1562 bytes]","args":[{"selector":{"id":"application-manageconditionprice-display-component---conditions--smartFilterBar-filterItemControl_BASIC-BILL_TYPES-valueHelpDialog-smartFilterBar-btnBasicSearch","searchOpenDialogs":true,"interaction":{"idSuffix":"I"}},"wdio_ui5_key":"applicationmanageconditionprice-display-component---conditions--smartFilterBar-filterItemControl_BASIC-BILL_TYPES-valueHelpDialog-smartFilterBar-btnBasicSearch"}]}
COMMAND: GET /session/dc388682b4200c5e048280db36f00fb1/screenshot - {}
RESULT: {"script":"<script> [1562 bytes]","args":[{"selector":{"id":"application-manageconditionprice-display-component---conditions--smartFilterBar-filterItemControl_BASIC-BILL_TYPES-valueHelpDialog-smartFilterBar-btnBasicSearch","searchOpenDialogs":true,"interaction":{"idSuffix":"I"}},"wdio_ui5_key":"applicationmanageconditionprice-display-component---conditions--smartFilterBar-filterItemControl_BASIC-BILL_TYPES-valueHelpDialog-smartFilterBar-btnBasicSearch"}]}
RESULT: undefined
COMMAND: POST /session/dc388682b4200c5e048280db36f00fb1/execute/async - {"script":"<script> [776 bytes]","args":[{"enterText":"TB","selector":{"id":"application-manageconditionprice-display-component---conditions--smartFilterBar-filterItemControl_BASIC-BILL_TYPES-valueHelpDialog-smartFilterBar-btnBasicSearch","searchOpenDialogs":true,"interaction":{"idSuffix":"I"}},"clearTextFirst":true,"interactionType":"ENTER_TEXT"}]}
RESULT: {}
RESULT: {"script":"<script> [776 bytes]","args":[{"enterText":"TB","selector":{"id":"application-manageconditionprice-display-component---conditions--smartFilterBar-filterItemControl_BASIC-BILL_TYPES-valueHelpDialog-smartFilterBar-btnBasicSearch","searchOpenDialogs":true,"interaction":{"idSuffix":"I"}},"clearTextFirst":true,"interactionType":"ENTER_TEXT"}]}
COMMAND: POST /session/dc388682b4200c5e048280db36f00fb1/actions - {"actions":[{"id":"action68","type":"key","parameters":{},"actions":[{"type":"keyDown","value":"î€‡"},{"type":"pause","duration":10},{"type":"keyUp","value":"î€‡"}]}]}
RESULT: {"actions":[{"id":"action68","type":"key","parameters":{},"actions":[{"type":"keyDown","value":"î€‡"},{"type":"pause","duration":10},{"type":"keyUp","value":"î€‡"}]}]}
COMMAND: GET /session/dc388682b4200c5e048280db36f00fb1/screenshot - {}
RESULT: {}
COMMAND: POST /session/dc388682b4200c5e048280db36f00fb1/element - {"using":"xpath","value":"//div[contains(@id, 'application-manageconditionprice-display-component---conditions--smartFilterBar-filterItemControl_BASIC-BILL_TYPES-valueHelpDialog-table-rowsel0')]"}
RESULT: {"using":"xpath","value":"//div[contains(@id, 'application-manageconditionprice-display-component---conditions--smartFilterBar-filterItemControl_BASIC-BILL_TYPES-valueHelpDialog-table-rowsel0')]"}
COMMAND: POST /session/dc388682b4200c5e048280db36f00fb1/element/f.5DEB10E109CE1E7B94EA7693F5B1958D.d.1D8F637F45E47F2042A9A3017F8E192D.e.18150/click - {}
RESULT: {}
COMMAND: GET /session/dc388682b4200c5e048280db36f00fb1/screenshot - {}
RESULT: {}
COMMAND: POST /session/dc388682b4200c5e048280db36f00fb1/element - {"using":"xpath","value":"//bdi[contains(text(), \"OK\")]"}
RESULT: {"using":"xpath","value":"//bdi[contains(text(), \"OK\")]"}
COMMAND: POST /session/dc388682b4200c5e048280db36f00fb1/element/f.5DEB10E109CE1E7B94EA7693F5B1958D.d.1D8F637F45E47F2042A9A3017F8E192D.e.18152/click - {}
RESULT: {}
COMMAND: GET /session/dc388682b4200c5e048280db36f00fb1/screenshot - {}
RESULT: {}
COMMAND: POST /session/dc388682b4200c5e048280db36f00fb1/element - {"using":"xpath","value":"//span[@id=\"application-manageconditionprice-display-component---conditions--smartTable-header-inner\"]"}
RESULT: {"using":"xpath","value":"//span[@id=\"application-manageconditionprice-display-component---conditions--smartTable-header-inner\"]"}
COMMAND: POST /session/dc388682b4200c5e048280db36f00fb1/elements - {"using":"xpath","value":"//span[@id=\"application-manageconditionprice-display-component---conditions--smartTable-header-inner\"]"}
RESULT: {"using":"xpath","value":"//span[@id=\"application-manageconditionprice-display-component---conditions--smartTable-header-inner\"]"}
COMMAND: POST /session/dc388682b4200c5e048280db36f00fb1/execute/sync - {"script":"<script> [56 bytes]","args":[{"element-6066-11e4-a52e-4f735466cecf":"f.5DEB10E109CE1E7B94EA7693F5B1958D.d.1D8F637F45E47F2042A9A3017F8E192D.e.18155","ELEMENT":"f.5DEB10E109CE1E7B94EA7693F5B1958D.d.1D8F637F45E47F2042A9A3017F8E192D.e.18155"}]}
RESULT: {"script":"<script> [56 bytes]","args":[{"element-6066-11e4-a52e-4f735466cecf":"f.5DEB10E109CE1E7B94EA7693F5B1958D.d.1D8F637F45E47F2042A9A3017F8E192D.e.18155","ELEMENT":"f.5DEB10E109CE1E7B94EA7693F5B1958D.d.1D8F637F45E47F2042A9A3017F8E192D.e.18155"}]}
COMMAND: POST /session/dc388682b4200c5e048280db36f00fb1/element - {"using":"css selector","value":"#shell-header-logo"}
COMMAND: GET /session/dc388682b4200c5e048280db36f00fb1/screenshot - {}
RESULT: {"using":"css selector","value":"#shell-header-logo"}
COMMAND: POST /session/dc388682b4200c5e048280db36f00fb1/element/f.5DEB10E109CE1E7B94EA7693F5B1958D.d.1D8F637F45E47F2042A9A3017F8E192D.e.17784/click - {}
RESULT: {}
RESULT: {}
COMMAND: GET /session/dc388682b4200c5e048280db36f00fb1/screenshot - {}
]]></system-out>
    </testcase>
    <testcase classname="chrome.136_0_7103_93.windows.Create_Reverse_Billing_US127248" name="Should do a stock increase handover" time="94.398">
      <system-out><![CDATA[
COMMAND: POST /session/dc388682b4200c5e048280db36f00fb1/execute/async - {"script":"<script> [1562 bytes]","args":[{"selector":{"controlType":"sap.m.GenericTile","properties":{"header":"Manage Handovers"}},"wdio_ui5_key":"sapm.GenericTile{\"header\":\"Manage Handovers\"}"}]}
RESULT: {}
RESULT: {"script":"<script> [1562 bytes]","args":[{"selector":{"controlType":"sap.m.GenericTile","properties":{"header":"Manage Handovers"}},"wdio_ui5_key":"sapm.GenericTile{\"header\":\"Manage Handovers\"}"}]}
RESULT: undefined
COMMAND: POST /session/dc388682b4200c5e048280db36f00fb1/element - {"using":"xpath","value":"//*[@id=\"__tile131\"]"}
RESULT: {"using":"xpath","value":"//*[@id=\"__tile131\"]"}
COMMAND: POST /session/dc388682b4200c5e048280db36f00fb1/element/f.5DEB10E109CE1E7B94EA7693F5B1958D.d.1D8F637F45E47F2042A9A3017F8E192D.e.16879/click - {}
RESULT: {}
COMMAND: GET /session/dc388682b4200c5e048280db36f00fb1/screenshot - {}
RESULT: {}
COMMAND: POST /session/dc388682b4200c5e048280db36f00fb1/elements - {"using":"xpath","value":"//span[text()='Error']"}
RESULT: {"using":"xpath","value":"//span[text()='Error']"}
COMMAND: POST /session/dc388682b4200c5e048280db36f00fb1/element - {"using":"xpath","value":"//button[@data-kt=\"masterHOAddButton\"]"}
RESULT: {"using":"xpath","value":"//button[@data-kt=\"masterHOAddButton\"]"}
COMMAND: POST /session/dc388682b4200c5e048280db36f00fb1/elements - {"using":"xpath","value":"//button[@data-kt=\"masterHOAddButton\"]"}
RESULT: {"using":"xpath","value":"//button[@data-kt=\"masterHOAddButton\"]"}
COMMAND: POST /session/dc388682b4200c5e048280db36f00fb1/elements - {"using":"xpath","value":"//button[@data-kt=\"masterHOAddButton\"]"}
RESULT: {"using":"xpath","value":"//button[@data-kt=\"masterHOAddButton\"]"}
COMMAND: POST /session/dc388682b4200c5e048280db36f00fb1/element - {"using":"xpath","value":"//button[@data-kt=\"masterHOAddButton\"]"}
RESULT: {"using":"xpath","value":"//button[@data-kt=\"masterHOAddButton\"]"}
COMMAND: POST /session/dc388682b4200c5e048280db36f00fb1/execute/sync - {"script":"<script> [8489 bytes]","args":[{"element-6066-11e4-a52e-4f735466cecf":"f.5DEB10E109CE1E7B94EA7693F5B1958D.d.1D8F637F45E47F2042A9A3017F8E192D.e.18189","ELEMENT":"f.5DEB10E109CE1E7B94EA7693F5B1958D.d.1D8F637F45E47F2042A9A3017F8E192D.e.18189"}]}
RESULT: {"script":"<script> [8489 bytes]","args":[{"element-6066-11e4-a52e-4f735466cecf":"f.5DEB10E109CE1E7B94EA7693F5B1958D.d.1D8F637F45E47F2042A9A3017F8E192D.e.18189","ELEMENT":"f.5DEB10E109CE1E7B94EA7693F5B1958D.d.1D8F637F45E47F2042A9A3017F8E192D.e.18189"}]}
COMMAND: GET /session/dc388682b4200c5e048280db36f00fb1/element/f.5DEB10E109CE1E7B94EA7693F5B1958D.d.1D8F637F45E47F2042A9A3017F8E192D.e.18189/enabled - {}
COMMAND: GET /session/dc388682b4200c5e048280db36f00fb1/screenshot - {}
RESULT: {}
COMMAND: POST /session/dc388682b4200c5e048280db36f00fb1/execute/sync - {"script":"<script> [8489 bytes]","args":[{"element-6066-11e4-a52e-4f735466cecf":"f.5DEB10E109CE1E7B94EA7693F5B1958D.d.1D8F637F45E47F2042A9A3017F8E192D.e.18189","ELEMENT":"f.5DEB10E109CE1E7B94EA7693F5B1958D.d.1D8F637F45E47F2042A9A3017F8E192D.e.18189"}]}
COMMAND: GET /session/dc388682b4200c5e048280db36f00fb1/screenshot - {}
RESULT: {}
RESULT: {"script":"<script> [8489 bytes]","args":[{"element-6066-11e4-a52e-4f735466cecf":"f.5DEB10E109CE1E7B94EA7693F5B1958D.d.1D8F637F45E47F2042A9A3017F8E192D.e.18189","ELEMENT":"f.5DEB10E109CE1E7B94EA7693F5B1958D.d.1D8F637F45E47F2042A9A3017F8E192D.e.18189"}]}
COMMAND: POST /session/dc388682b4200c5e048280db36f00fb1/execute/sync - {"script":"<script> [5351 bytes]","args":[{"element-6066-11e4-a52e-4f735466cecf":"f.5DEB10E109CE1E7B94EA7693F5B1958D.d.1D8F637F45E47F2042A9A3017F8E192D.e.18189","ELEMENT":"f.5DEB10E109CE1E7B94EA7693F5B1958D.d.1D8F637F45E47F2042A9A3017F8E192D.e.18189"}]}
COMMAND: GET /session/dc388682b4200c5e048280db36f00fb1/screenshot - {}
RESULT: {}
RESULT: {"script":"<script> [5351 bytes]","args":[{"element-6066-11e4-a52e-4f735466cecf":"f.5DEB10E109CE1E7B94EA7693F5B1958D.d.1D8F637F45E47F2042A9A3017F8E192D.e.18189","ELEMENT":"f.5DEB10E109CE1E7B94EA7693F5B1958D.d.1D8F637F45E47F2042A9A3017F8E192D.e.18189"}]}
COMMAND: POST /session/dc388682b4200c5e048280db36f00fb1/element/f.5DEB10E109CE1E7B94EA7693F5B1958D.d.1D8F637F45E47F2042A9A3017F8E192D.e.18189/click - {}
COMMAND: GET /session/dc388682b4200c5e048280db36f00fb1/screenshot - {}
RESULT: {}
RESULT: {}
COMMAND: GET /session/dc388682b4200c5e048280db36f00fb1/screenshot - {}
RESULT: {}
RESULT: {}
COMMAND: POST /session/dc388682b4200c5e048280db36f00fb1/element - {"using":"xpath","value":"//span[contains(@id ,\"AddNewHO--typeSelect-arrow\")]"}
RESULT: {"using":"xpath","value":"//span[contains(@id ,\"AddNewHO--typeSelect-arrow\")]"}
COMMAND: POST /session/dc388682b4200c5e048280db36f00fb1/element/f.5DEB10E109CE1E7B94EA7693F5B1958D.d.1D8F637F45E47F2042A9A3017F8E192D.e.18546/click - {}
RESULT: {}
COMMAND: GET /session/dc388682b4200c5e048280db36f00fb1/screenshot - {}
RESULT: {}
COMMAND: POST /session/dc388682b4200c5e048280db36f00fb1/element - {"using":"xpath","value":"(//li[contains(text(), \"stock increase yard\")])[1]"}
RESULT: {"using":"xpath","value":"(//li[contains(text(), \"stock increase yard\")])[1]"}
COMMAND: POST /session/dc388682b4200c5e048280db36f00fb1/element/f.5DEB10E109CE1E7B94EA7693F5B1958D.d.1D8F637F45E47F2042A9A3017F8E192D.e.18547/click - {}
RESULT: {}
COMMAND: GET /session/dc388682b4200c5e048280db36f00fb1/screenshot - {}
RESULT: {}
COMMAND: POST /session/dc388682b4200c5e048280db36f00fb1/execute/async - {"script":"<script> [1562 bytes]","args":[{"selector":{"id":"application-managehandovers-display-component---AddNewHO--dueDate","interaction":{"idSuffix":"inner"}},"wdio_ui5_key":"applicationmanagehandovers-display-component---AddNewHO--dueDate"}]}
RESULT: {"script":"<script> [1562 bytes]","args":[{"selector":{"id":"application-managehandovers-display-component---AddNewHO--dueDate","interaction":{"idSuffix":"inner"}},"wdio_ui5_key":"applicationmanagehandovers-display-component---AddNewHO--dueDate"}]}
RESULT: undefined
COMMAND: POST /session/dc388682b4200c5e048280db36f00fb1/execute/async - {"script":"<script> [6424 bytes]","args":[{"element-6066-11e4-a52e-4f735466cecf":"f.5DEB10E109CE1E7B94EA7693F5B1958D.d.1D8F637F45E47F2042A9A3017F8E192D.e.18551"},"setValue",["5/16/25"]]}
RESULT: {"script":"<script> [6424 bytes]","args":[{"element-6066-11e4-a52e-4f735466cecf":"f.5DEB10E109CE1E7B94EA7693F5B1958D.d.1D8F637F45E47F2042A9A3017F8E192D.e.18551"},"setValue",["5/16/25"]]}
COMMAND: POST /session/dc388682b4200c5e048280db36f00fb1/element - {"using":"xpath","value":"//input[@id=\"generalSectionFrg--receiveYard-inner\"]"}
RESULT: {"using":"xpath","value":"//input[@id=\"generalSectionFrg--receiveYard-inner\"]"}
COMMAND: POST /session/dc388682b4200c5e048280db36f00fb1/element/f.5DEB10E109CE1E7B94EA7693F5B1958D.d.1D8F637F45E47F2042A9A3017F8E192D.e.18555/clear - {}
RESULT: {}
COMMAND: POST /session/dc388682b4200c5e048280db36f00fb1/element/f.5DEB10E109CE1E7B94EA7693F5B1958D.d.1D8F637F45E47F2042A9A3017F8E192D.e.18555/value - {"text":"437"}
COMMAND: GET /session/dc388682b4200c5e048280db36f00fb1/screenshot - {}
RESULT: {"text":"437"}
COMMAND: GET /session/dc388682b4200c5e048280db36f00fb1/screenshot - {}
RESULT: {}
RESULT: {}
COMMAND: POST /session/dc388682b4200c5e048280db36f00fb1/element - {"using":"xpath","value":"//li[.//span[text()='437']]"}
RESULT: {"using":"xpath","value":"//li[.//span[text()='437']]"}
COMMAND: POST /session/dc388682b4200c5e048280db36f00fb1/element/f.5DEB10E109CE1E7B94EA7693F5B1958D.d.1D8F637F45E47F2042A9A3017F8E192D.e.18569/click - {}
RESULT: {}
COMMAND: GET /session/dc388682b4200c5e048280db36f00fb1/screenshot - {}
RESULT: {}
COMMAND: POST /session/dc388682b4200c5e048280db36f00fb1/execute/async - {"script":"<script> [1562 bytes]","args":[{"selector":{"id":"application-managehandovers-display-component---AddNewHO--ObjectPageLayout-anchBar-application-managehandovers-display-component---AddNewHO--section4-anchor","interaction":{"idSuffix":"BDI-content"}},"wdio_ui5_key":"applicationmanagehandovers-display-component---AddNewHO--ObjectPageLayout-anchBar-application-managehandovers-display-component---AddNewHO--section4-anchor"}]}
RESULT: {"script":"<script> [1562 bytes]","args":[{"selector":{"id":"application-managehandovers-display-component---AddNewHO--ObjectPageLayout-anchBar-application-managehandovers-display-component---AddNewHO--section4-anchor","interaction":{"idSuffix":"BDI-content"}},"wdio_ui5_key":"applicationmanagehandovers-display-component---AddNewHO--ObjectPageLayout-anchBar-application-managehandovers-display-component---AddNewHO--section4-anchor"}]}
RESULT: undefined
COMMAND: POST /session/dc388682b4200c5e048280db36f00fb1/element - {"using":"xpath","value":"//*[@id=\"application-managehandovers-display-component---AddNewHO--ObjectPageLayout-anchBar-application-managehandovers-display-component---AddNewHO--section4-anchor\"]"}
RESULT: {"using":"xpath","value":"//*[@id=\"application-managehandovers-display-component---AddNewHO--ObjectPageLayout-anchBar-application-managehandovers-display-component---AddNewHO--section4-anchor\"]"}
COMMAND: POST /session/dc388682b4200c5e048280db36f00fb1/element/f.5DEB10E109CE1E7B94EA7693F5B1958D.d.1D8F637F45E47F2042A9A3017F8E192D.e.18571/click - {}
RESULT: {}
COMMAND: POST /session/dc388682b4200c5e048280db36f00fb1/element - {"using":"xpath","value":"//button[@aria-label=\"Add\"]"}
COMMAND: GET /session/dc388682b4200c5e048280db36f00fb1/screenshot - {}
RESULT: {"using":"xpath","value":"//button[@aria-label=\"Add\"]"}
COMMAND: POST /session/dc388682b4200c5e048280db36f00fb1/element/f.5DEB10E109CE1E7B94EA7693F5B1958D.d.1D8F637F45E47F2042A9A3017F8E192D.e.18573/click - {}
RESULT: {}
RESULT: {}
COMMAND: GET /session/dc388682b4200c5e048280db36f00fb1/screenshot - {}
RESULT: {}
COMMAND: POST /session/dc388682b4200c5e048280db36f00fb1/execute/async - {"script":"<script> [1562 bytes]","args":[{"selector":{"id":"application-managehandovers-display-component---AddNewHO--smartFilterBar-btnBasicSearch","searchOpenDialogs":true,"interaction":{"idSuffix":"I"}},"wdio_ui5_key":"applicationmanagehandovers-display-component---AddNewHO--smartFilterBar-btnBasicSearch"}]}
RESULT: {"script":"<script> [1562 bytes]","args":[{"selector":{"id":"application-managehandovers-display-component---AddNewHO--smartFilterBar-btnBasicSearch","searchOpenDialogs":true,"interaction":{"idSuffix":"I"}},"wdio_ui5_key":"applicationmanagehandovers-display-component---AddNewHO--smartFilterBar-btnBasicSearch"}]}
RESULT: undefined
COMMAND: POST /session/dc388682b4200c5e048280db36f00fb1/execute/async - {"script":"<script> [776 bytes]","args":[{"enterText":"Bo8Dmmr9F2","selector":{"id":"application-managehandovers-display-component---AddNewHO--smartFilterBar-btnBasicSearch","searchOpenDialogs":true,"interaction":{"idSuffix":"I"}},"clearTextFirst":true,"interactionType":"ENTER_TEXT"}]}
RESULT: {"script":"<script> [776 bytes]","args":[{"enterText":"Bo8Dmmr9F2","selector":{"id":"application-managehandovers-display-component---AddNewHO--smartFilterBar-btnBasicSearch","searchOpenDialogs":true,"interaction":{"idSuffix":"I"}},"clearTextFirst":true,"interactionType":"ENTER_TEXT"}]}
COMMAND: POST /session/dc388682b4200c5e048280db36f00fb1/actions - {"actions":[{"id":"action69","type":"key","parameters":{},"actions":[{"type":"keyDown","value":"î€‡"},{"type":"pause","duration":10},{"type":"keyUp","value":"î€‡"}]}]}
RESULT: {"actions":[{"id":"action69","type":"key","parameters":{},"actions":[{"type":"keyDown","value":"î€‡"},{"type":"pause","duration":10},{"type":"keyUp","value":"î€‡"}]}]}
COMMAND: GET /session/dc388682b4200c5e048280db36f00fb1/screenshot - {}
RESULT: {}
COMMAND: POST /session/dc388682b4200c5e048280db36f00fb1/execute/async - {"script":"<script> [1562 bytes]","args":[{"selector":{"id":"application-managehandovers-display-component---AddNewHO--popup-sa","searchOpenDialogs":true,"interaction":{"idSuffix":"CbBg"}},"wdio_ui5_key":"applicationmanagehandovers-display-component---AddNewHO--popup-sa"}]}
RESULT: {"script":"<script> [1562 bytes]","args":[{"selector":{"id":"application-managehandovers-display-component---AddNewHO--popup-sa","searchOpenDialogs":true,"interaction":{"idSuffix":"CbBg"}},"wdio_ui5_key":"applicationmanagehandovers-display-component---AddNewHO--popup-sa"}]}
RESULT: undefined
COMMAND: POST /session/dc388682b4200c5e048280db36f00fb1/element - {"using":"xpath","value":"//*[@id=\"application-managehandovers-display-component---AddNewHO--popup-sa\"]"}
RESULT: {"using":"xpath","value":"//*[@id=\"application-managehandovers-display-component---AddNewHO--popup-sa\"]"}
COMMAND: POST /session/dc388682b4200c5e048280db36f00fb1/element/f.5DEB10E109CE1E7B94EA7693F5B1958D.d.1D8F637F45E47F2042A9A3017F8E192D.e.18725/click - {}
RESULT: {}
COMMAND: GET /session/dc388682b4200c5e048280db36f00fb1/screenshot - {}
RESULT: {}
COMMAND: POST /session/dc388682b4200c5e048280db36f00fb1/element - {"using":"xpath","value":"//bdi[contains(text(), \"Select\")]"}
RESULT: {"using":"xpath","value":"//bdi[contains(text(), \"Select\")]"}
COMMAND: POST /session/dc388682b4200c5e048280db36f00fb1/element/f.5DEB10E109CE1E7B94EA7693F5B1958D.d.1D8F637F45E47F2042A9A3017F8E192D.e.18726/click - {}
RESULT: {}
COMMAND: GET /session/dc388682b4200c5e048280db36f00fb1/screenshot - {}
RESULT: {}
COMMAND: POST /session/dc388682b4200c5e048280db36f00fb1/element - {"using":"xpath","value":"//button[@data-kt=\"AddNewHOSaveButton\"]"}
RESULT: {"using":"xpath","value":"//button[@data-kt=\"AddNewHOSaveButton\"]"}
COMMAND: POST /session/dc388682b4200c5e048280db36f00fb1/element/f.5DEB10E109CE1E7B94EA7693F5B1958D.d.1D8F637F45E47F2042A9A3017F8E192D.e.18730/click - {}
RESULT: {}
COMMAND: GET /session/dc388682b4200c5e048280db36f00fb1/screenshot - {}
RESULT: {}
COMMAND: POST /session/dc388682b4200c5e048280db36f00fb1/execute/async - {"script":"<script> [1562 bytes]","args":[{"selector":{"id":"receiptDatePicker","viewName":"etm.portal.ui.managehandovers.view.DetailExecuteHO","interaction":{"idSuffix":"inner"}},"wdio_ui5_key":"receiptDatePickeretmportal.ui.managehandovers.view.DetailExecuteHO"}]}
RESULT: {"script":"<script> [1562 bytes]","args":[{"selector":{"id":"receiptDatePicker","viewName":"etm.portal.ui.managehandovers.view.DetailExecuteHO","interaction":{"idSuffix":"inner"}},"wdio_ui5_key":"receiptDatePickeretmportal.ui.managehandovers.view.DetailExecuteHO"}]}
RESULT: undefined
COMMAND: POST /session/dc388682b4200c5e048280db36f00fb1/execute/async - {"script":"<script> [6424 bytes]","args":[{"element-6066-11e4-a52e-4f735466cecf":"f.5DEB10E109CE1E7B94EA7693F5B1958D.d.1D8F637F45E47F2042A9A3017F8E192D.e.18749"},"setValue",["5/16/25"]]}
RESULT: {"script":"<script> [6424 bytes]","args":[{"element-6066-11e4-a52e-4f735466cecf":"f.5DEB10E109CE1E7B94EA7693F5B1958D.d.1D8F637F45E47F2042A9A3017F8E192D.e.18749"},"setValue",["5/16/25"]]}
COMMAND: POST /session/dc388682b4200c5e048280db36f00fb1/element - {"using":"xpath","value":"//button[@data-kt=\"PickingTableConfirmAllButton\"]"}
RESULT: {"using":"xpath","value":"//button[@data-kt=\"PickingTableConfirmAllButton\"]"}
COMMAND: POST /session/dc388682b4200c5e048280db36f00fb1/element/f.5DEB10E109CE1E7B94EA7693F5B1958D.d.1D8F637F45E47F2042A9A3017F8E192D.e.18764/click - {}
RESULT: {}
COMMAND: GET /session/dc388682b4200c5e048280db36f00fb1/screenshot - {}
RESULT: {}
COMMAND: POST /session/dc388682b4200c5e048280db36f00fb1/element - {"using":"xpath","value":"//bdi[contains(text(), \"OK\")]"}
RESULT: {"using":"xpath","value":"//bdi[contains(text(), \"OK\")]"}
COMMAND: POST /session/dc388682b4200c5e048280db36f00fb1/element/f.5DEB10E109CE1E7B94EA7693F5B1958D.d.1D8F637F45E47F2042A9A3017F8E192D.e.18766/click - {}
RESULT: {}
COMMAND: GET /session/dc388682b4200c5e048280db36f00fb1/screenshot - {}
RESULT: {}
COMMAND: POST /session/dc388682b4200c5e048280db36f00fb1/element - {"using":"xpath","value":"(//bdi[contains(text(), \"Receive\")])[2]"}
RESULT: {"using":"xpath","value":"(//bdi[contains(text(), \"Receive\")])[2]"}
COMMAND: POST /session/dc388682b4200c5e048280db36f00fb1/element/f.5DEB10E109CE1E7B94EA7693F5B1958D.d.1D8F637F45E47F2042A9A3017F8E192D.e.18768/click - {}
RESULT: {}
COMMAND: GET /session/dc388682b4200c5e048280db36f00fb1/screenshot - {}
RESULT: {}
COMMAND: POST /session/dc388682b4200c5e048280db36f00fb1/element - {"using":"css selector","value":"#shell-header-logo"}
RESULT: {"using":"css selector","value":"#shell-header-logo"}
COMMAND: POST /session/dc388682b4200c5e048280db36f00fb1/element/f.5DEB10E109CE1E7B94EA7693F5B1958D.d.1D8F637F45E47F2042A9A3017F8E192D.e.18161/click - {}
RESULT: {}
COMMAND: GET /session/dc388682b4200c5e048280db36f00fb1/screenshot - {}
RESULT: {}
]]></system-out>
    </testcase>
    <testcase classname="chrome.136_0_7103_93.windows.Create_Reverse_Billing_US127248" name="Should create a new contract" time="67.329">
      <system-out><![CDATA[
COMMAND: POST /session/dc388682b4200c5e048280db36f00fb1/execute/async - {"script":"<script> [1562 bytes]","args":[{"selector":{"controlType":"sap.m.GenericTile","properties":{"header":"Manage Contracts"}},"wdio_ui5_key":"sapm.GenericTile{\"header\":\"Manage Contracts\"}"}]}
RESULT: {"script":"<script> [1562 bytes]","args":[{"selector":{"controlType":"sap.m.GenericTile","properties":{"header":"Manage Contracts"}},"wdio_ui5_key":"sapm.GenericTile{\"header\":\"Manage Contracts\"}"}]}
RESULT: undefined
COMMAND: POST /session/dc388682b4200c5e048280db36f00fb1/element - {"using":"xpath","value":"//*[@id=\"__tile130\"]"}
RESULT: {"using":"xpath","value":"//*[@id=\"__tile130\"]"}
COMMAND: POST /session/dc388682b4200c5e048280db36f00fb1/element/f.5DEB10E109CE1E7B94EA7693F5B1958D.d.1D8F637F45E47F2042A9A3017F8E192D.e.16809/click - {}
RESULT: {}
COMMAND: GET /session/dc388682b4200c5e048280db36f00fb1/screenshot - {}
RESULT: {}
COMMAND: POST /session/dc388682b4200c5e048280db36f00fb1/elements - {"using":"xpath","value":"//span[text()='Error']"}
RESULT: {"using":"xpath","value":"//span[text()='Error']"}
COMMAND: POST /session/dc388682b4200c5e048280db36f00fb1/element - {"using":"xpath","value":"//button[@data-kt=\"addButton\"]"}
RESULT: {"using":"xpath","value":"//button[@data-kt=\"addButton\"]"}
COMMAND: POST /session/dc388682b4200c5e048280db36f00fb1/elements - {"using":"xpath","value":"//button[@data-kt=\"addButton\"]"}
RESULT: {"using":"xpath","value":"//button[@data-kt=\"addButton\"]"}
COMMAND: POST /session/dc388682b4200c5e048280db36f00fb1/execute/sync - {"script":"<script> [8489 bytes]","args":[{"element-6066-11e4-a52e-4f735466cecf":"f.5DEB10E109CE1E7B94EA7693F5B1958D.d.1D8F637F45E47F2042A9A3017F8E192D.e.18982","ELEMENT":"f.5DEB10E109CE1E7B94EA7693F5B1958D.d.1D8F637F45E47F2042A9A3017F8E192D.e.18982"}]}
RESULT: {"script":"<script> [8489 bytes]","args":[{"element-6066-11e4-a52e-4f735466cecf":"f.5DEB10E109CE1E7B94EA7693F5B1958D.d.1D8F637F45E47F2042A9A3017F8E192D.e.18982","ELEMENT":"f.5DEB10E109CE1E7B94EA7693F5B1958D.d.1D8F637F45E47F2042A9A3017F8E192D.e.18982"}]}
COMMAND: GET /session/dc388682b4200c5e048280db36f00fb1/element/f.5DEB10E109CE1E7B94EA7693F5B1958D.d.1D8F637F45E47F2042A9A3017F8E192D.e.18982/enabled - {}
COMMAND: GET /session/dc388682b4200c5e048280db36f00fb1/screenshot - {}
RESULT: {}
COMMAND: POST /session/dc388682b4200c5e048280db36f00fb1/execute/sync - {"script":"<script> [8489 bytes]","args":[{"element-6066-11e4-a52e-4f735466cecf":"f.5DEB10E109CE1E7B94EA7693F5B1958D.d.1D8F637F45E47F2042A9A3017F8E192D.e.18982","ELEMENT":"f.5DEB10E109CE1E7B94EA7693F5B1958D.d.1D8F637F45E47F2042A9A3017F8E192D.e.18982"}]}
COMMAND: GET /session/dc388682b4200c5e048280db36f00fb1/screenshot - {}
RESULT: {}
RESULT: {"script":"<script> [8489 bytes]","args":[{"element-6066-11e4-a52e-4f735466cecf":"f.5DEB10E109CE1E7B94EA7693F5B1958D.d.1D8F637F45E47F2042A9A3017F8E192D.e.18982","ELEMENT":"f.5DEB10E109CE1E7B94EA7693F5B1958D.d.1D8F637F45E47F2042A9A3017F8E192D.e.18982"}]}
COMMAND: POST /session/dc388682b4200c5e048280db36f00fb1/execute/sync - {"script":"<script> [5351 bytes]","args":[{"element-6066-11e4-a52e-4f735466cecf":"f.5DEB10E109CE1E7B94EA7693F5B1958D.d.1D8F637F45E47F2042A9A3017F8E192D.e.18982","ELEMENT":"f.5DEB10E109CE1E7B94EA7693F5B1958D.d.1D8F637F45E47F2042A9A3017F8E192D.e.18982"}]}
COMMAND: GET /session/dc388682b4200c5e048280db36f00fb1/screenshot - {}
RESULT: {}
RESULT: {"script":"<script> [5351 bytes]","args":[{"element-6066-11e4-a52e-4f735466cecf":"f.5DEB10E109CE1E7B94EA7693F5B1958D.d.1D8F637F45E47F2042A9A3017F8E192D.e.18982","ELEMENT":"f.5DEB10E109CE1E7B94EA7693F5B1958D.d.1D8F637F45E47F2042A9A3017F8E192D.e.18982"}]}
COMMAND: GET /session/dc388682b4200c5e048280db36f00fb1/screenshot - {}
RESULT: {}
RESULT: {}
COMMAND: POST /session/dc388682b4200c5e048280db36f00fb1/element/f.5DEB10E109CE1E7B94EA7693F5B1958D.d.1D8F637F45E47F2042A9A3017F8E192D.e.18982/click - {}
RESULT: {}
COMMAND: GET /session/dc388682b4200c5e048280db36f00fb1/screenshot - {}
COMMAND: POST /session/dc388682b4200c5e048280db36f00fb1/execute/async - {"script":"<script> [1562 bytes]","args":[{"selector":{"id":"application-managecontracts-display-component---AddNewContract--projectDescription","interaction":{"idSuffix":"inner"}},"wdio_ui5_key":"applicationmanagecontracts-display-component---AddNewContract--projectDescription"}]}
RESULT: {}
RESULT: {"script":"<script> [1562 bytes]","args":[{"selector":{"id":"application-managecontracts-display-component---AddNewContract--projectDescription","interaction":{"idSuffix":"inner"}},"wdio_ui5_key":"applicationmanagecontracts-display-component---AddNewContract--projectDescription"}]}
RESULT: undefined
COMMAND: POST /session/dc388682b4200c5e048280db36f00fb1/execute/async - {"script":"<script> [776 bytes]","args":[{"enterText":"Contract WDIO","selector":{"id":"application-managecontracts-display-component---AddNewContract--projectDescription","interaction":{"idSuffix":"inner"}},"clearTextFirst":true,"interactionType":"ENTER_TEXT"}]}
RESULT: {"script":"<script> [776 bytes]","args":[{"enterText":"Contract WDIO","selector":{"id":"application-managecontracts-display-component---AddNewContract--projectDescription","interaction":{"idSuffix":"inner"}},"clearTextFirst":true,"interactionType":"ENTER_TEXT"}]}
COMMAND: POST /session/dc388682b4200c5e048280db36f00fb1/element - {"using":"xpath","value":"//input[@id=\"application-managecontracts-display-component---AddNewContract--site-inner\"]"}
RESULT: {"using":"xpath","value":"//input[@id=\"application-managecontracts-display-component---AddNewContract--site-inner\"]"}
COMMAND: POST /session/dc388682b4200c5e048280db36f00fb1/element/f.5DEB10E109CE1E7B94EA7693F5B1958D.d.1D8F637F45E47F2042A9A3017F8E192D.e.19342/clear - {}
RESULT: {}
COMMAND: POST /session/dc388682b4200c5e048280db36f00fb1/element/f.5DEB10E109CE1E7B94EA7693F5B1958D.d.1D8F637F45E47F2042A9A3017F8E192D.e.19342/value - {"text":"2204"}
COMMAND: GET /session/dc388682b4200c5e048280db36f00fb1/screenshot - {}
RESULT: {"text":"2204"}
COMMAND: GET /session/dc388682b4200c5e048280db36f00fb1/screenshot - {}
RESULT: {}
RESULT: {}
COMMAND: POST /session/dc388682b4200c5e048280db36f00fb1/element - {"using":"xpath","value":"//li[.//span[text()='2204']]"}
RESULT: {"using":"xpath","value":"//li[.//span[text()='2204']]"}
COMMAND: POST /session/dc388682b4200c5e048280db36f00fb1/element/f.5DEB10E109CE1E7B94EA7693F5B1958D.d.1D8F637F45E47F2042A9A3017F8E192D.e.19376/click - {}
RESULT: {}
COMMAND: GET /session/dc388682b4200c5e048280db36f00fb1/screenshot - {}
RESULT: {}
COMMAND: POST /session/dc388682b4200c5e048280db36f00fb1/element - {"using":"xpath","value":"//input[@id=\"application-managecontracts-display-component---AddNewContract--yardId-inner\"]"}
RESULT: {"using":"xpath","value":"//input[@id=\"application-managecontracts-display-component---AddNewContract--yardId-inner\"]"}
COMMAND: GET /session/dc388682b4200c5e048280db36f00fb1/element/f.5DEB10E109CE1E7B94EA7693F5B1958D.d.1D8F637F45E47F2042A9A3017F8E192D.e.19343/property/value - {}
RESULT: {}
COMMAND: POST /session/dc388682b4200c5e048280db36f00fb1/element - {"using":"xpath","value":"//input[@id=\"application-managecontracts-display-component---AddNewContract--customerSelect-inner\"]"}
COMMAND: GET /session/dc388682b4200c5e048280db36f00fb1/screenshot - {}
RESULT: {"using":"xpath","value":"//input[@id=\"application-managecontracts-display-component---AddNewContract--customerSelect-inner\"]"}
COMMAND: POST /session/dc388682b4200c5e048280db36f00fb1/element/f.5DEB10E109CE1E7B94EA7693F5B1958D.d.1D8F637F45E47F2042A9A3017F8E192D.e.19341/clear - {}
RESULT: {}
RESULT: {}
COMMAND: POST /session/dc388682b4200c5e048280db36f00fb1/element/f.5DEB10E109CE1E7B94EA7693F5B1958D.d.1D8F637F45E47F2042A9A3017F8E192D.e.19341/value - {"text":"1245"}
COMMAND: GET /session/dc388682b4200c5e048280db36f00fb1/screenshot - {}
RESULT: {"text":"1245"}
COMMAND: GET /session/dc388682b4200c5e048280db36f00fb1/screenshot - {}
RESULT: {}
RESULT: {}
COMMAND: POST /session/dc388682b4200c5e048280db36f00fb1/element - {"using":"xpath","value":"//li[.//span[text()='1245']]"}
RESULT: {"using":"xpath","value":"//li[.//span[text()='1245']]"}
COMMAND: POST /session/dc388682b4200c5e048280db36f00fb1/element/f.5DEB10E109CE1E7B94EA7693F5B1958D.d.1D8F637F45E47F2042A9A3017F8E192D.e.19379/click - {}
RESULT: {}
COMMAND: GET /session/dc388682b4200c5e048280db36f00fb1/screenshot - {}
RESULT: {}
COMMAND: POST /session/dc388682b4200c5e048280db36f00fb1/element - {"using":"xpath","value":"//button[@data-kt=\"saveButton\"]"}
RESULT: {"using":"xpath","value":"//button[@data-kt=\"saveButton\"]"}
COMMAND: POST /session/dc388682b4200c5e048280db36f00fb1/element/f.5DEB10E109CE1E7B94EA7693F5B1958D.d.1D8F637F45E47F2042A9A3017F8E192D.e.19380/click - {}
RESULT: {}
COMMAND: GET /session/dc388682b4200c5e048280db36f00fb1/screenshot - {}
RESULT: {}
COMMAND: POST /session/dc388682b4200c5e048280db36f00fb1/element - {"using":"xpath","value":"//span[contains(@id ,\"contractDetailTitleNoExpanded\")]"}
RESULT: {"using":"xpath","value":"//span[contains(@id ,\"contractDetailTitleNoExpanded\")]"}
COMMAND: POST /session/dc388682b4200c5e048280db36f00fb1/elements - {"using":"xpath","value":"//span[contains(@id ,\"contractDetailTitleNoExpanded\")]"}
RESULT: {"using":"xpath","value":"//span[contains(@id ,\"contractDetailTitleNoExpanded\")]"}
COMMAND: POST /session/dc388682b4200c5e048280db36f00fb1/execute/sync - {"script":"<script> [56 bytes]","args":[{"element-6066-11e4-a52e-4f735466cecf":"f.5DEB10E109CE1E7B94EA7693F5B1958D.d.1D8F637F45E47F2042A9A3017F8E192D.e.19449","ELEMENT":"f.5DEB10E109CE1E7B94EA7693F5B1958D.d.1D8F637F45E47F2042A9A3017F8E192D.e.19449"}]}
RESULT: {"script":"<script> [56 bytes]","args":[{"element-6066-11e4-a52e-4f735466cecf":"f.5DEB10E109CE1E7B94EA7693F5B1958D.d.1D8F637F45E47F2042A9A3017F8E192D.e.19449","ELEMENT":"f.5DEB10E109CE1E7B94EA7693F5B1958D.d.1D8F637F45E47F2042A9A3017F8E192D.e.19449"}]}
COMMAND: GET /session/dc388682b4200c5e048280db36f00fb1/screenshot - {}
RESULT: {}
]]></system-out>
    </testcase>
    <testcase classname="chrome.136_0_7103_93.windows.Create_Reverse_Billing_US127248" name="Should add equipment to the contract" time="46.415">
      <system-out><![CDATA[
COMMAND: POST /session/dc388682b4200c5e048280db36f00fb1/element - {"using":"xpath","value":"//button[@data-kt=\"contractDetailEditBtnButton\"]"}
RESULT: {"using":"xpath","value":"//button[@data-kt=\"contractDetailEditBtnButton\"]"}
COMMAND: POST /session/dc388682b4200c5e048280db36f00fb1/element/f.5DEB10E109CE1E7B94EA7693F5B1958D.d.1D8F637F45E47F2042A9A3017F8E192D.e.19452/click - {}
RESULT: {}
COMMAND: GET /session/dc388682b4200c5e048280db36f00fb1/screenshot - {}
RESULT: {}
COMMAND: POST /session/dc388682b4200c5e048280db36f00fb1/element - {"using":"xpath","value":"(//span[contains(text(), \"Additional Addresses\")])[2]"}
RESULT: {"using":"xpath","value":"(//span[contains(text(), \"Additional Addresses\")])[2]"}
COMMAND: POST /session/dc388682b4200c5e048280db36f00fb1/element/f.5DEB10E109CE1E7B94EA7693F5B1958D.d.1D8F637F45E47F2042A9A3017F8E192D.e.19508/click - {}
RESULT: {}
COMMAND: GET /session/dc388682b4200c5e048280db36f00fb1/screenshot - {}
RESULT: {}
COMMAND: POST /session/dc388682b4200c5e048280db36f00fb1/element - {"using":"xpath","value":"//button[@data-kt=\"btnAddTableRowOverflowToolbarButton\"]"}
RESULT: {"using":"xpath","value":"//button[@data-kt=\"btnAddTableRowOverflowToolbarButton\"]"}
COMMAND: POST /session/dc388682b4200c5e048280db36f00fb1/element/f.5DEB10E109CE1E7B94EA7693F5B1958D.d.1D8F637F45E47F2042A9A3017F8E192D.e.19510/click - {}
RESULT: {}
COMMAND: GET /session/dc388682b4200c5e048280db36f00fb1/screenshot - {}
RESULT: {}
COMMAND: POST /session/dc388682b4200c5e048280db36f00fb1/element - {"using":"xpath","value":"//div[(text() = 'Standard Entry' or . = 'Standard Entry')]"}
RESULT: {"using":"xpath","value":"//div[(text() = 'Standard Entry' or . = 'Standard Entry')]"}
COMMAND: POST /session/dc388682b4200c5e048280db36f00fb1/element/f.5DEB10E109CE1E7B94EA7693F5B1958D.d.1D8F637F45E47F2042A9A3017F8E192D.e.19512/click - {}
RESULT: {}
COMMAND: GET /session/dc388682b4200c5e048280db36f00fb1/screenshot - {}
RESULT: {}
COMMAND: POST /session/dc388682b4200c5e048280db36f00fb1/element - {"using":"xpath","value":"//td[7]/div/div/input"}
RESULT: {"using":"xpath","value":"//td[7]/div/div/input"}
COMMAND: POST /session/dc388682b4200c5e048280db36f00fb1/element/f.5DEB10E109CE1E7B94EA7693F5B1958D.d.1D8F637F45E47F2042A9A3017F8E192D.e.19521/clear - {}
RESULT: {}
COMMAND: POST /session/dc388682b4200c5e048280db36f00fb1/element/f.5DEB10E109CE1E7B94EA7693F5B1958D.d.1D8F637F45E47F2042A9A3017F8E192D.e.19521/value - {"text":"Bo8Dmmr9F2"}
COMMAND: GET /session/dc388682b4200c5e048280db36f00fb1/screenshot - {}
RESULT: {"text":"Bo8Dmmr9F2"}
COMMAND: GET /session/dc388682b4200c5e048280db36f00fb1/screenshot - {}
RESULT: {}
RESULT: {}
COMMAND: POST /session/dc388682b4200c5e048280db36f00fb1/actions - {"actions":[{"id":"action70","type":"key","parameters":{},"actions":[{"type":"keyDown","value":"î€‡"},{"type":"pause","duration":10},{"type":"keyUp","value":"î€‡"}]}]}
RESULT: {"actions":[{"id":"action70","type":"key","parameters":{},"actions":[{"type":"keyDown","value":"î€‡"},{"type":"pause","duration":10},{"type":"keyUp","value":"î€‡"}]}]}
COMMAND: GET /session/dc388682b4200c5e048280db36f00fb1/screenshot - {}
RESULT: {}
COMMAND: POST /session/dc388682b4200c5e048280db36f00fb1/execute/sync - {"script":"<script> [276 bytes]","args":["No pricing information was found"]}
RESULT: {"script":"<script> [276 bytes]","args":["No pricing information was found"]}
COMMAND: POST /session/dc388682b4200c5e048280db36f00fb1/element - {"using":"xpath","value":"(//button[@data-kt=\"saveButton\"])[2]"}
COMMAND: GET /session/dc388682b4200c5e048280db36f00fb1/screenshot - {}
RESULT: {"using":"xpath","value":"(//button[@data-kt=\"saveButton\"])[2]"}
COMMAND: POST /session/dc388682b4200c5e048280db36f00fb1/element/f.5DEB10E109CE1E7B94EA7693F5B1958D.d.1D8F637F45E47F2042A9A3017F8E192D.e.19536/click - {}
RESULT: {}
RESULT: {}
COMMAND: GET /session/dc388682b4200c5e048280db36f00fb1/screenshot - {}
RESULT: {}
COMMAND: POST /session/dc388682b4200c5e048280db36f00fb1/execute/sync - {"script":"<script> [276 bytes]","args":["Some contract items are having rental validity exceeding header rental validity"]}
RESULT: {"script":"<script> [276 bytes]","args":["Some contract items are having rental validity exceeding header rental validity"]}
COMMAND: GET /session/dc388682b4200c5e048280db36f00fb1/screenshot - {}
RESULT: {}
COMMAND: POST /session/dc388682b4200c5e048280db36f00fb1/element - {"using":"xpath","value":"//span[contains(@id ,\"contractItemsSmartTable-header-inner\")]"}
RESULT: {"using":"xpath","value":"//span[contains(@id ,\"contractItemsSmartTable-header-inner\")]"}
COMMAND: POST /session/dc388682b4200c5e048280db36f00fb1/elements - {"using":"xpath","value":"//span[contains(@id ,\"contractItemsSmartTable-header-inner\")]"}
RESULT: {"using":"xpath","value":"//span[contains(@id ,\"contractItemsSmartTable-header-inner\")]"}
COMMAND: POST /session/dc388682b4200c5e048280db36f00fb1/execute/sync - {"script":"<script> [56 bytes]","args":[{"element-6066-11e4-a52e-4f735466cecf":"f.5DEB10E109CE1E7B94EA7693F5B1958D.d.1D8F637F45E47F2042A9A3017F8E192D.e.19541","ELEMENT":"f.5DEB10E109CE1E7B94EA7693F5B1958D.d.1D8F637F45E47F2042A9A3017F8E192D.e.19541"}]}
RESULT: {"script":"<script> [56 bytes]","args":[{"element-6066-11e4-a52e-4f735466cecf":"f.5DEB10E109CE1E7B94EA7693F5B1958D.d.1D8F637F45E47F2042A9A3017F8E192D.e.19541","ELEMENT":"f.5DEB10E109CE1E7B94EA7693F5B1958D.d.1D8F637F45E47F2042A9A3017F8E192D.e.19541"}]}
]]></system-out>
    </testcase>
    <testcase classname="chrome.136_0_7103_93.windows.Create_Reverse_Billing_US127248" name="Should do a provide to site handover" time="72.738">
      <system-out><![CDATA[
COMMAND: GET /session/dc388682b4200c5e048280db36f00fb1/screenshot - {}
COMMAND: POST /session/dc388682b4200c5e048280db36f00fb1/element - {"using":"xpath","value":"//button[@data-kt=\"provideButton\"]"}
RESULT: {}
RESULT: {"using":"xpath","value":"//button[@data-kt=\"provideButton\"]"}
COMMAND: POST /session/dc388682b4200c5e048280db36f00fb1/element/f.5DEB10E109CE1E7B94EA7693F5B1958D.d.1D8F637F45E47F2042A9A3017F8E192D.e.19542/click - {}
RESULT: {}
COMMAND: GET /session/dc388682b4200c5e048280db36f00fb1/screenshot - {}
RESULT: {}
RESULT: undefined
COMMAND: POST /session/dc388682b4200c5e048280db36f00fb1/execute/async - {"script":"<script> [6424 bytes]","args":[{"element-6066-11e4-a52e-4f735466cecf":"f.5DEB10E109CE1E7B94EA7693F5B1958D.d.1D8F637F45E47F2042A9A3017F8E192D.e.18551"},"setValue",["5/16/25"]]}
COMMAND: POST /session/dc388682b4200c5e048280db36f00fb1/execute/async - {"script":"<script> [1562 bytes]","args":[{"selector":{"id":"application-managehandovers-display-component---AddNewHO--dueDate","interaction":{"idSuffix":"inner"}},"wdio_ui5_key":"applicationmanagehandovers-display-component---AddNewHO--dueDate"}]}
RESULT: {"script":"<script> [1562 bytes]","args":[{"selector":{"id":"application-managehandovers-display-component---AddNewHO--dueDate","interaction":{"idSuffix":"inner"}},"wdio_ui5_key":"applicationmanagehandovers-display-component---AddNewHO--dueDate"}]}
COMMAND: POST /session/dc388682b4200c5e048280db36f00fb1/execute/async - {"script":"<script> [6424 bytes]","args":[{"element-6066-11e4-a52e-4f735466cecf":"f.5DEB10E109CE1E7B94EA7693F5B1958D.d.1D8F637F45E47F2042A9A3017F8E192D.e.19618"},"setValue",["5/16/25"]]}
RESULT: {"script":"<script> [6424 bytes]","args":[{"element-6066-11e4-a52e-4f735466cecf":"f.5DEB10E109CE1E7B94EA7693F5B1958D.d.1D8F637F45E47F2042A9A3017F8E192D.e.19618"},"setValue",["5/16/25"]]}
COMMAND: POST /session/dc388682b4200c5e048280db36f00fb1/element - {"using":"xpath","value":"//bdi[contains(text(), \"Instructions\")]"}
RESULT: {"using":"xpath","value":"//bdi[contains(text(), \"Instructions\")]"}
COMMAND: POST /session/dc388682b4200c5e048280db36f00fb1/element/f.5DEB10E109CE1E7B94EA7693F5B1958D.d.1D8F637F45E47F2042A9A3017F8E192D.e.19859/click - {}
RESULT: {}
COMMAND: GET /session/dc388682b4200c5e048280db36f00fb1/screenshot - {}
RESULT: {}
COMMAND: POST /session/dc388682b4200c5e048280db36f00fb1/element - {"using":"xpath","value":"//button[@data-kt=\"AddNewHOProvideAddItemsButton\"]"}
RESULT: {"using":"xpath","value":"//button[@data-kt=\"AddNewHOProvideAddItemsButton\"]"}
COMMAND: POST /session/dc388682b4200c5e048280db36f00fb1/element/f.5DEB10E109CE1E7B94EA7693F5B1958D.d.1D8F637F45E47F2042A9A3017F8E192D.e.19863/click - {}
RESULT: {}
COMMAND: GET /session/dc388682b4200c5e048280db36f00fb1/screenshot - {}
RESULT: {}
RESULT: undefined
COMMAND: POST /session/dc388682b4200c5e048280db36f00fb1/element - {"using":"xpath","value":"//*[@id=\"application-managehandovers-display-component---AddNewHO--popup-sa\"]"}
RESULT: {"using":"xpath","value":"//*[@id=\"application-managehandovers-display-component---AddNewHO--popup-sa\"]"}
COMMAND: POST /session/dc388682b4200c5e048280db36f00fb1/element/f.5DEB10E109CE1E7B94EA7693F5B1958D.d.1D8F637F45E47F2042A9A3017F8E192D.e.19873/click - {}
RESULT: {}
COMMAND: GET /session/dc388682b4200c5e048280db36f00fb1/screenshot - {}
RESULT: {}
COMMAND: POST /session/dc388682b4200c5e048280db36f00fb1/element - {"using":"xpath","value":"//*[contains(@id ,\"BDI-content\")][contains(text(), \"Select\")]"}
RESULT: {"using":"xpath","value":"//*[contains(@id ,\"BDI-content\")][contains(text(), \"Select\")]"}
COMMAND: POST /session/dc388682b4200c5e048280db36f00fb1/element/f.5DEB10E109CE1E7B94EA7693F5B1958D.d.1D8F637F45E47F2042A9A3017F8E192D.e.19874/click - {}
RESULT: {}
COMMAND: GET /session/dc388682b4200c5e048280db36f00fb1/screenshot - {}
RESULT: {}
COMMAND: POST /session/dc388682b4200c5e048280db36f00fb1/execute/async - {"script":"<script> [1562 bytes]","args":[{"selector":{"id":"application-managehandovers-display-component---AddNewHO--confirmCreationButton","interaction":{"idSuffix":"BDI-content"}},"wdio_ui5_key":"applicationmanagehandovers-display-component---AddNewHO--confirmCreationButton"}]}
RESULT: {"script":"<script> [1562 bytes]","args":[{"selector":{"id":"application-managehandovers-display-component---AddNewHO--confirmCreationButton","interaction":{"idSuffix":"BDI-content"}},"wdio_ui5_key":"applicationmanagehandovers-display-component---AddNewHO--confirmCreationButton"}]}
RESULT: undefined
COMMAND: POST /session/dc388682b4200c5e048280db36f00fb1/element - {"using":"xpath","value":"//*[@id=\"application-managehandovers-display-component---AddNewHO--confirmCreationButton\"]"}
RESULT: {"using":"xpath","value":"//*[@id=\"application-managehandovers-display-component---AddNewHO--confirmCreationButton\"]"}
COMMAND: POST /session/dc388682b4200c5e048280db36f00fb1/element/f.5DEB10E109CE1E7B94EA7693F5B1958D.d.1D8F637F45E47F2042A9A3017F8E192D.e.19663/click - {}
RESULT: {}
COMMAND: GET /session/dc388682b4200c5e048280db36f00fb1/screenshot - {}
RESULT: {}
COMMAND: POST /session/dc388682b4200c5e048280db36f00fb1/execute/async - {"script":"<script> [1562 bytes]","args":[{"selector":{"id":"issueDatePicker","viewName":"etm.portal.ui.managehandovers.view.DetailExecuteHO","interaction":{"idSuffix":"inner"}},"wdio_ui5_key":"issueDatePickeretmportal.ui.managehandovers.view.DetailExecuteHO"}]}
RESULT: {"script":"<script> [1562 bytes]","args":[{"selector":{"id":"issueDatePicker","viewName":"etm.portal.ui.managehandovers.view.DetailExecuteHO","interaction":{"idSuffix":"inner"}},"wdio_ui5_key":"issueDatePickeretmportal.ui.managehandovers.view.DetailExecuteHO"}]}
RESULT: undefined
COMMAND: POST /session/dc388682b4200c5e048280db36f00fb1/execute/async - {"script":"<script> [776 bytes]","args":[{"enterText":"5/16/25","selector":{"id":"issueDatePicker","viewName":"etm.portal.ui.managehandovers.view.DetailExecuteHO","interaction":{"idSuffix":"inner"}},"clearTextFirst":true,"interactionType":"ENTER_TEXT"}]}
RESULT: {"script":"<script> [776 bytes]","args":[{"enterText":"5/16/25","selector":{"id":"issueDatePicker","viewName":"etm.portal.ui.managehandovers.view.DetailExecuteHO","interaction":{"idSuffix":"inner"}},"clearTextFirst":true,"interactionType":"ENTER_TEXT"}]}
COMMAND: POST /session/dc388682b4200c5e048280db36f00fb1/element - {"using":"xpath","value":"//bdi[contains(text(), \"OK\")]"}
RESULT: {"using":"xpath","value":"//bdi[contains(text(), \"OK\")]"}
COMMAND: POST /session/dc388682b4200c5e048280db36f00fb1/element/f.5DEB10E109CE1E7B94EA7693F5B1958D.d.1D8F637F45E47F2042A9A3017F8E192D.e.19923/click - {}
RESULT: {}
COMMAND: GET /session/dc388682b4200c5e048280db36f00fb1/screenshot - {}
RESULT: {}
COMMAND: POST /session/dc388682b4200c5e048280db36f00fb1/element - {"using":"xpath","value":"//button[@data-kt=\"PickingTableConfirmAllButton\"]"}
RESULT: {"using":"xpath","value":"//button[@data-kt=\"PickingTableConfirmAllButton\"]"}
COMMAND: POST /session/dc388682b4200c5e048280db36f00fb1/element/f.5DEB10E109CE1E7B94EA7693F5B1958D.d.1D8F637F45E47F2042A9A3017F8E192D.e.19930/click - {}
RESULT: {}
COMMAND: GET /session/dc388682b4200c5e048280db36f00fb1/screenshot - {}
RESULT: {}
COMMAND: POST /session/dc388682b4200c5e048280db36f00fb1/element - {"using":"xpath","value":"//bdi[contains(text(), \"OK\")]"}
RESULT: {"using":"xpath","value":"//bdi[contains(text(), \"OK\")]"}
COMMAND: POST /session/dc388682b4200c5e048280db36f00fb1/element/f.5DEB10E109CE1E7B94EA7693F5B1958D.d.1D8F637F45E47F2042A9A3017F8E192D.e.19934/click - {}
RESULT: {}
COMMAND: GET /session/dc388682b4200c5e048280db36f00fb1/screenshot - {}
RESULT: {}
COMMAND: POST /session/dc388682b4200c5e048280db36f00fb1/element - {"using":"xpath","value":"//bdi[contains(text(), \"Issue\")]"}
RESULT: {"using":"xpath","value":"//bdi[contains(text(), \"Issue\")]"}
COMMAND: POST /session/dc388682b4200c5e048280db36f00fb1/element/f.5DEB10E109CE1E7B94EA7693F5B1958D.d.1D8F637F45E47F2042A9A3017F8E192D.e.19935/click - {}
RESULT: {}
COMMAND: GET /session/dc388682b4200c5e048280db36f00fb1/screenshot - {}
RESULT: {}
COMMAND: POST /session/dc388682b4200c5e048280db36f00fb1/element - {"using":"css selector","value":"#shell-header-logo"}
RESULT: {"using":"css selector","value":"#shell-header-logo"}
COMMAND: POST /session/dc388682b4200c5e048280db36f00fb1/element/f.5DEB10E109CE1E7B94EA7693F5B1958D.d.1D8F637F45E47F2042A9A3017F8E192D.e.18936/click - {}
RESULT: {}
COMMAND: GET /session/dc388682b4200c5e048280db36f00fb1/screenshot - {}
RESULT: {}
]]></system-out>
    </testcase>
    <testcase classname="chrome.136_0_7103_93.windows.Create_Reverse_Billing_US127248" name="Should go navigate to Manage Billings and trigger contract calculation check result" time="73.955">
      <system-out><![CDATA[
COMMAND: POST /session/dc388682b4200c5e048280db36f00fb1/execute/async - {"script":"<script> [1562 bytes]","args":[{"selector":{"controlType":"sap.m.GenericTile","properties":{"header":"Manage Billings"}},"wdio_ui5_key":"sapm.GenericTile{\"header\":\"Manage Billings\"}"}]}
RESULT: {"script":"<script> [1562 bytes]","args":[{"selector":{"controlType":"sap.m.GenericTile","properties":{"header":"Manage Billings"}},"wdio_ui5_key":"sapm.GenericTile{\"header\":\"Manage Billings\"}"}]}
RESULT: undefined
COMMAND: POST /session/dc388682b4200c5e048280db36f00fb1/element - {"using":"xpath","value":"//*[@id=\"__tile51\"]"}
RESULT: {"using":"xpath","value":"//*[@id=\"__tile51\"]"}
COMMAND: POST /session/dc388682b4200c5e048280db36f00fb1/element/f.5DEB10E109CE1E7B94EA7693F5B1958D.d.1D8F637F45E47F2042A9A3017F8E192D.e.16836/click - {}
RESULT: {}
COMMAND: GET /session/dc388682b4200c5e048280db36f00fb1/screenshot - {}
COMMAND: POST /session/dc388682b4200c5e048280db36f00fb1/elements - {"using":"xpath","value":"//span[text()='Error']"}
RESULT: {}
RESULT: {"using":"xpath","value":"//span[text()='Error']"}
COMMAND: POST /session/dc388682b4200c5e048280db36f00fb1/execute/async - {"script":"<script> [1562 bytes]","args":[{"selector":{"id":"application-managebillings-display-component---billRunCalcResult--smartFilterBar-btnBasicSearch","interaction":{"idSuffix":"I"}},"wdio_ui5_key":"applicationmanagebillings-display-component---billRunCalcResult--smartFilterBar-btnBasicSearch"}]}
RESULT: {"script":"<script> [1562 bytes]","args":[{"selector":{"id":"application-managebillings-display-component---billRunCalcResult--smartFilterBar-btnBasicSearch","interaction":{"idSuffix":"I"}},"wdio_ui5_key":"applicationmanagebillings-display-component---billRunCalcResult--smartFilterBar-btnBasicSearch"}]}
RESULT: undefined
COMMAND: POST /session/dc388682b4200c5e048280db36f00fb1/execute/async - {"script":"<script> [776 bytes]","args":[{"enterText":"10295","selector":{"id":"application-managebillings-display-component---billRunCalcResult--smartFilterBar-btnBasicSearch","interaction":{"idSuffix":"I"}},"clearTextFirst":true,"interactionType":"ENTER_TEXT"}]}
RESULT: {"script":"<script> [776 bytes]","args":[{"enterText":"10295","selector":{"id":"application-managebillings-display-component---billRunCalcResult--smartFilterBar-btnBasicSearch","interaction":{"idSuffix":"I"}},"clearTextFirst":true,"interactionType":"ENTER_TEXT"}]}
COMMAND: POST /session/dc388682b4200c5e048280db36f00fb1/actions - {"actions":[{"id":"action71","type":"key","parameters":{},"actions":[{"type":"keyDown","value":"î€‡"},{"type":"pause","duration":10},{"type":"keyUp","value":"î€‡"}]}]}
RESULT: {"actions":[{"id":"action71","type":"key","parameters":{},"actions":[{"type":"keyDown","value":"î€‡"},{"type":"pause","duration":10},{"type":"keyUp","value":"î€‡"}]}]}
COMMAND: GET /session/dc388682b4200c5e048280db36f00fb1/screenshot - {}
RESULT: {}
COMMAND: POST /session/dc388682b4200c5e048280db36f00fb1/element - {"using":"xpath","value":"//td[@aria-colindex=\"1\"]/div/div[contains(@class, \"sapMCbBg\")]"}
RESULT: {"using":"xpath","value":"//td[@aria-colindex=\"1\"]/div/div[contains(@class, \"sapMCbBg\")]"}
COMMAND: POST /session/dc388682b4200c5e048280db36f00fb1/element/f.5DEB10E109CE1E7B94EA7693F5B1958D.d.1D8F637F45E47F2042A9A3017F8E192D.e.20320/click - {}
RESULT: {}
COMMAND: GET /session/dc388682b4200c5e048280db36f00fb1/screenshot - {}
RESULT: {}
COMMAND: POST /session/dc388682b4200c5e048280db36f00fb1/execute/async - {"script":"<script> [1562 bytes]","args":[{"selector":{"id":"application-managebillings-display-component---billRunCalcResult--contractBillRunDate","interaction":{"idSuffix":"inner"}},"wdio_ui5_key":"applicationmanagebillings-display-component---billRunCalcResult--contractBillRunDate"}]}
RESULT: {"script":"<script> [1562 bytes]","args":[{"selector":{"id":"application-managebillings-display-component---billRunCalcResult--contractBillRunDate","interaction":{"idSuffix":"inner"}},"wdio_ui5_key":"applicationmanagebillings-display-component---billRunCalcResult--contractBillRunDate"}]}
RESULT: undefined
COMMAND: POST /session/dc388682b4200c5e048280db36f00fb1/execute/async - {"script":"<script> [776 bytes]","args":[{"enterText":"6/16/25","selector":{"id":"application-managebillings-display-component---billRunCalcResult--contractBillRunDate","interaction":{"idSuffix":"inner"}},"clearTextFirst":true,"interactionType":"ENTER_TEXT"}]}
RESULT: {"script":"<script> [776 bytes]","args":[{"enterText":"6/16/25","selector":{"id":"application-managebillings-display-component---billRunCalcResult--contractBillRunDate","interaction":{"idSuffix":"inner"}},"clearTextFirst":true,"interactionType":"ENTER_TEXT"}]}
COMMAND: POST /session/dc388682b4200c5e048280db36f00fb1/element - {"using":"xpath","value":"//bdi[contains(text(), \"Trigger Calculation\")]"}
RESULT: {"using":"xpath","value":"//bdi[contains(text(), \"Trigger Calculation\")]"}
COMMAND: POST /session/dc388682b4200c5e048280db36f00fb1/element/f.5DEB10E109CE1E7B94EA7693F5B1958D.d.1D8F637F45E47F2042A9A3017F8E192D.e.20371/click - {}
RESULT: {}
COMMAND: GET /session/dc388682b4200c5e048280db36f00fb1/screenshot - {}
RESULT: {}
COMMAND: POST /session/dc388682b4200c5e048280db36f00fb1/element - {"using":"xpath","value":"(//span[contains(@id, \"imgNav\")])[1]"}
RESULT: {"using":"xpath","value":"(//span[contains(@id, \"imgNav\")])[1]"}
COMMAND: POST /session/dc388682b4200c5e048280db36f00fb1/element/f.5DEB10E109CE1E7B94EA7693F5B1958D.d.1D8F637F45E47F2042A9A3017F8E192D.e.20321/click - {}
RESULT: {}
COMMAND: GET /session/dc388682b4200c5e048280db36f00fb1/screenshot - {}
RESULT: {}
COMMAND: POST /session/dc388682b4200c5e048280db36f00fb1/element - {"using":"xpath","value":"//tr/td[6]/div[1]/span[1]/span[1]"}
RESULT: {"using":"xpath","value":"//tr/td[6]/div[1]/span[1]/span[1]"}
COMMAND: GET /session/dc388682b4200c5e048280db36f00fb1/element/f.5DEB10E109CE1E7B94EA7693F5B1958D.d.1D8F637F45E47F2042A9A3017F8E192D.e.20376/text - {}
RESULT: {}
COMMAND: POST /session/dc388682b4200c5e048280db36f00fb1/element - {"using":"xpath","value":"(//span[contains(@id, \"imgNav\")])[2]"}
RESULT: {"using":"xpath","value":"(//span[contains(@id, \"imgNav\")])[2]"}
COMMAND: POST /session/dc388682b4200c5e048280db36f00fb1/element/f.5DEB10E109CE1E7B94EA7693F5B1958D.d.1D8F637F45E47F2042A9A3017F8E192D.e.20377/click - {}
RESULT: {}
COMMAND: POST /session/dc388682b4200c5e048280db36f00fb1/element - {"using":"xpath","value":"//bdi[contains(text(), \"Business Confirm\")]"}
COMMAND: GET /session/dc388682b4200c5e048280db36f00fb1/screenshot - {}
RESULT: {"using":"xpath","value":"//bdi[contains(text(), \"Business Confirm\")]"}
COMMAND: POST /session/dc388682b4200c5e048280db36f00fb1/elements - {"using":"xpath","value":"//bdi[contains(text(), \"Business Confirm\")]"}
RESULT: {}
RESULT: {"using":"xpath","value":"//bdi[contains(text(), \"Business Confirm\")]"}
COMMAND: POST /session/dc388682b4200c5e048280db36f00fb1/element - {"using":"xpath","value":"//bdi[contains(text(), \"Business Confirm\")]"}
RESULT: {"using":"xpath","value":"//bdi[contains(text(), \"Business Confirm\")]"}
COMMAND: POST /session/dc388682b4200c5e048280db36f00fb1/element/f.5DEB10E109CE1E7B94EA7693F5B1958D.d.1D8F637F45E47F2042A9A3017F8E192D.e.20430/click - {}
RESULT: {}
COMMAND: POST /session/dc388682b4200c5e048280db36f00fb1/element - {"using":"css selector","value":"#shell-header-logo"}
COMMAND: GET /session/dc388682b4200c5e048280db36f00fb1/screenshot - {}
RESULT: {"using":"css selector","value":"#shell-header-logo"}
COMMAND: POST /session/dc388682b4200c5e048280db36f00fb1/element/f.5DEB10E109CE1E7B94EA7693F5B1958D.d.1D8F637F45E47F2042A9A3017F8E192D.e.20113/click - {}
RESULT: {}
RESULT: {}
COMMAND: GET /session/dc388682b4200c5e048280db36f00fb1/screenshot - {}
RESULT: {}
]]></system-out>
    </testcase>
    <testcase classname="chrome.136_0_7103_93.windows.Create_Reverse_Billing_US127248" name="Should go into Billing Transfer and reverse the billing" time="41.758">
      <system-out><![CDATA[
COMMAND: POST /session/dc388682b4200c5e048280db36f00fb1/execute/async - {"script":"<script> [1562 bytes]","args":[{"selector":{"controlType":"sap.m.GenericTile","properties":{"header":"Billing Transfer"}},"wdio_ui5_key":"sapm.GenericTile{\"header\":\"Billing Transfer\"}"}]}
RESULT: {"script":"<script> [1562 bytes]","args":[{"selector":{"controlType":"sap.m.GenericTile","properties":{"header":"Billing Transfer"}},"wdio_ui5_key":"sapm.GenericTile{\"header\":\"Billing Transfer\"}"}]}
RESULT: undefined
COMMAND: POST /session/dc388682b4200c5e048280db36f00fb1/element - {"using":"xpath","value":"//*[@id=\"__tile50\"]"}
RESULT: {"using":"xpath","value":"//*[@id=\"__tile50\"]"}
COMMAND: POST /session/dc388682b4200c5e048280db36f00fb1/element/f.5DEB10E109CE1E7B94EA7693F5B1958D.d.1D8F637F45E47F2042A9A3017F8E192D.e.16834/click - {}
RESULT: {}
COMMAND: GET /session/dc388682b4200c5e048280db36f00fb1/screenshot - {}
RESULT: {}
COMMAND: POST /session/dc388682b4200c5e048280db36f00fb1/elements - {"using":"xpath","value":"//span[text()='Error']"}
RESULT: {"using":"xpath","value":"//span[text()='Error']"}
COMMAND: POST /session/dc388682b4200c5e048280db36f00fb1/element - {"using":"xpath","value":"//input[contains(@id ,\"application-billingtransfer-display-component---billingWorkbench--smartFilterBar-btnBasicSearch\")]"}
RESULT: {"using":"xpath","value":"//input[contains(@id ,\"application-billingtransfer-display-component---billingWorkbench--smartFilterBar-btnBasicSearch\")]"}
COMMAND: POST /session/dc388682b4200c5e048280db36f00fb1/elements - {"using":"xpath","value":"//input[contains(@id ,\"application-billingtransfer-display-component---billingWorkbench--smartFilterBar-btnBasicSearch\")]"}
RESULT: {"using":"xpath","value":"//input[contains(@id ,\"application-billingtransfer-display-component---billingWorkbench--smartFilterBar-btnBasicSearch\")]"}
COMMAND: POST /session/dc388682b4200c5e048280db36f00fb1/execute/sync - {"script":"<script> [8489 bytes]","args":[{"element-6066-11e4-a52e-4f735466cecf":"f.5DEB10E109CE1E7B94EA7693F5B1958D.d.1D8F637F45E47F2042A9A3017F8E192D.e.20439","ELEMENT":"f.5DEB10E109CE1E7B94EA7693F5B1958D.d.1D8F637F45E47F2042A9A3017F8E192D.e.20439"}]}
RESULT: {"script":"<script> [8489 bytes]","args":[{"element-6066-11e4-a52e-4f735466cecf":"f.5DEB10E109CE1E7B94EA7693F5B1958D.d.1D8F637F45E47F2042A9A3017F8E192D.e.20439","ELEMENT":"f.5DEB10E109CE1E7B94EA7693F5B1958D.d.1D8F637F45E47F2042A9A3017F8E192D.e.20439"}]}
COMMAND: GET /session/dc388682b4200c5e048280db36f00fb1/element/f.5DEB10E109CE1E7B94EA7693F5B1958D.d.1D8F637F45E47F2042A9A3017F8E192D.e.20439/enabled - {}
COMMAND: GET /session/dc388682b4200c5e048280db36f00fb1/screenshot - {}
RESULT: {}
COMMAND: POST /session/dc388682b4200c5e048280db36f00fb1/element/f.5DEB10E109CE1E7B94EA7693F5B1958D.d.1D8F637F45E47F2042A9A3017F8E192D.e.20439/click - {}
COMMAND: GET /session/dc388682b4200c5e048280db36f00fb1/screenshot - {}
RESULT: {}
RESULT: {}
COMMAND: GET /session/dc388682b4200c5e048280db36f00fb1/screenshot - {}
RESULT: {}
RESULT: {}
COMMAND: POST /session/dc388682b4200c5e048280db36f00fb1/element/f.5DEB10E109CE1E7B94EA7693F5B1958D.d.1D8F637F45E47F2042A9A3017F8E192D.e.20439/clear - {}
RESULT: {}
COMMAND: POST /session/dc388682b4200c5e048280db36f00fb1/element/f.5DEB10E109CE1E7B94EA7693F5B1958D.d.1D8F637F45E47F2042A9A3017F8E192D.e.20439/value - {"text":"10295"}
RESULT: {"text":"10295"}
COMMAND: POST /session/dc388682b4200c5e048280db36f00fb1/actions - {"actions":[{"id":"action72","type":"key","parameters":{},"actions":[{"type":"keyDown","value":"î€‡"},{"type":"pause","duration":10},{"type":"keyUp","value":"î€‡"}]}]}
COMMAND: GET /session/dc388682b4200c5e048280db36f00fb1/screenshot - {}
COMMAND: GET /session/dc388682b4200c5e048280db36f00fb1/screenshot - {}
RESULT: {"actions":[{"id":"action72","type":"key","parameters":{},"actions":[{"type":"keyDown","value":"î€‡"},{"type":"pause","duration":10},{"type":"keyUp","value":"î€‡"}]}]}
RESULT: {}
RESULT: {}
COMMAND: GET /session/dc388682b4200c5e048280db36f00fb1/screenshot - {}
RESULT: {}
COMMAND: POST /session/dc388682b4200c5e048280db36f00fb1/element - {"using":"xpath","value":"//span[contains(@id ,\"application-billingtransfer-display-component---billingWorkbench--smartTableBillingRuns-header-inner\")]"}
RESULT: {"using":"xpath","value":"//span[contains(@id ,\"application-billingtransfer-display-component---billingWorkbench--smartTableBillingRuns-header-inner\")]"}
COMMAND: POST /session/dc388682b4200c5e048280db36f00fb1/elements - {"using":"xpath","value":"//span[contains(@id ,\"application-billingtransfer-display-component---billingWorkbench--smartTableBillingRuns-header-inner\")]"}
RESULT: {"using":"xpath","value":"//span[contains(@id ,\"application-billingtransfer-display-component---billingWorkbench--smartTableBillingRuns-header-inner\")]"}
COMMAND: POST /session/dc388682b4200c5e048280db36f00fb1/execute/sync - {"script":"<script> [56 bytes]","args":[{"element-6066-11e4-a52e-4f735466cecf":"f.5DEB10E109CE1E7B94EA7693F5B1958D.d.1D8F637F45E47F2042A9A3017F8E192D.e.20651","ELEMENT":"f.5DEB10E109CE1E7B94EA7693F5B1958D.d.1D8F637F45E47F2042A9A3017F8E192D.e.20651"}]}
RESULT: {"script":"<script> [56 bytes]","args":[{"element-6066-11e4-a52e-4f735466cecf":"f.5DEB10E109CE1E7B94EA7693F5B1958D.d.1D8F637F45E47F2042A9A3017F8E192D.e.20651","ELEMENT":"f.5DEB10E109CE1E7B94EA7693F5B1958D.d.1D8F637F45E47F2042A9A3017F8E192D.e.20651"}]}
COMMAND: POST /session/dc388682b4200c5e048280db36f00fb1/element - {"using":"xpath","value":"//td[@aria-colindex=\"1\"]/div/div[contains(@class, \"sapMCbBg\")]"}
COMMAND: GET /session/dc388682b4200c5e048280db36f00fb1/screenshot - {}
RESULT: {"using":"xpath","value":"//td[@aria-colindex=\"1\"]/div/div[contains(@class, \"sapMCbBg\")]"}
COMMAND: POST /session/dc388682b4200c5e048280db36f00fb1/element/f.5DEB10E109CE1E7B94EA7693F5B1958D.d.1D8F637F45E47F2042A9A3017F8E192D.e.20642/click - {}
RESULT: {}
RESULT: {}
COMMAND: GET /session/dc388682b4200c5e048280db36f00fb1/screenshot - {}
RESULT: {}
COMMAND: POST /session/dc388682b4200c5e048280db36f00fb1/element - {"using":"xpath","value":"//bdi[contains(text(), \"Reverse\")]"}
RESULT: {"using":"xpath","value":"//bdi[contains(text(), \"Reverse\")]"}
COMMAND: POST /session/dc388682b4200c5e048280db36f00fb1/element/f.5DEB10E109CE1E7B94EA7693F5B1958D.d.1D8F637F45E47F2042A9A3017F8E192D.e.20652/click - {}
RESULT: {}
COMMAND: GET /session/dc388682b4200c5e048280db36f00fb1/screenshot - {}
RESULT: {}
COMMAND: POST /session/dc388682b4200c5e048280db36f00fb1/element - {"using":"xpath","value":"//input[contains(@id ,\"application-billingtransfer-display-component---billingWorkbench--smartFilterBar-btnBasicSearch\")]"}
RESULT: {"using":"xpath","value":"//input[contains(@id ,\"application-billingtransfer-display-component---billingWorkbench--smartFilterBar-btnBasicSearch\")]"}
COMMAND: POST /session/dc388682b4200c5e048280db36f00fb1/elements - {"using":"xpath","value":"//input[contains(@id ,\"application-billingtransfer-display-component---billingWorkbench--smartFilterBar-btnBasicSearch\")]"}
RESULT: {"using":"xpath","value":"//input[contains(@id ,\"application-billingtransfer-display-component---billingWorkbench--smartFilterBar-btnBasicSearch\")]"}
COMMAND: POST /session/dc388682b4200c5e048280db36f00fb1/execute/sync - {"script":"<script> [8489 bytes]","args":[{"element-6066-11e4-a52e-4f735466cecf":"f.5DEB10E109CE1E7B94EA7693F5B1958D.d.1D8F637F45E47F2042A9A3017F8E192D.e.20439","ELEMENT":"f.5DEB10E109CE1E7B94EA7693F5B1958D.d.1D8F637F45E47F2042A9A3017F8E192D.e.20439"}]}
RESULT: {"script":"<script> [8489 bytes]","args":[{"element-6066-11e4-a52e-4f735466cecf":"f.5DEB10E109CE1E7B94EA7693F5B1958D.d.1D8F637F45E47F2042A9A3017F8E192D.e.20439","ELEMENT":"f.5DEB10E109CE1E7B94EA7693F5B1958D.d.1D8F637F45E47F2042A9A3017F8E192D.e.20439"}]}
COMMAND: GET /session/dc388682b4200c5e048280db36f00fb1/element/f.5DEB10E109CE1E7B94EA7693F5B1958D.d.1D8F637F45E47F2042A9A3017F8E192D.e.20439/enabled - {}
COMMAND: GET /session/dc388682b4200c5e048280db36f00fb1/screenshot - {}
RESULT: {}
COMMAND: POST /session/dc388682b4200c5e048280db36f00fb1/element/f.5DEB10E109CE1E7B94EA7693F5B1958D.d.1D8F637F45E47F2042A9A3017F8E192D.e.20439/click - {}
COMMAND: GET /session/dc388682b4200c5e048280db36f00fb1/screenshot - {}
RESULT: {}
RESULT: {}
RESULT: {}
COMMAND: GET /session/dc388682b4200c5e048280db36f00fb1/screenshot - {}
RESULT: {}
COMMAND: POST /session/dc388682b4200c5e048280db36f00fb1/element/f.5DEB10E109CE1E7B94EA7693F5B1958D.d.1D8F637F45E47F2042A9A3017F8E192D.e.20439/clear - {}
RESULT: {}
COMMAND: POST /session/dc388682b4200c5e048280db36f00fb1/element/f.5DEB10E109CE1E7B94EA7693F5B1958D.d.1D8F637F45E47F2042A9A3017F8E192D.e.20439/value - {"text":"10295"}
COMMAND: GET /session/dc388682b4200c5e048280db36f00fb1/screenshot - {}
RESULT: {"text":"10295"}
COMMAND: POST /session/dc388682b4200c5e048280db36f00fb1/actions - {"actions":[{"id":"action73","type":"key","parameters":{},"actions":[{"type":"keyDown","value":"î€‡"},{"type":"pause","duration":10},{"type":"keyUp","value":"î€‡"}]}]}
COMMAND: GET /session/dc388682b4200c5e048280db36f00fb1/screenshot - {}
RESULT: {}
RESULT: {"actions":[{"id":"action73","type":"key","parameters":{},"actions":[{"type":"keyDown","value":"î€‡"},{"type":"pause","duration":10},{"type":"keyUp","value":"î€‡"}]}]}
COMMAND: GET /session/dc388682b4200c5e048280db36f00fb1/screenshot - {}
RESULT: {}
RESULT: {}
COMMAND: POST /session/dc388682b4200c5e048280db36f00fb1/element - {"using":"xpath","value":"//span[contains(@id ,\"application-billingtransfer-display-component---billingWorkbench--smartTableBillingRuns-header-inner\")]"}
RESULT: {"using":"xpath","value":"//span[contains(@id ,\"application-billingtransfer-display-component---billingWorkbench--smartTableBillingRuns-header-inner\")]"}
COMMAND: POST /session/dc388682b4200c5e048280db36f00fb1/elements - {"using":"xpath","value":"//span[contains(@id ,\"application-billingtransfer-display-component---billingWorkbench--smartTableBillingRuns-header-inner\")]"}
RESULT: {"using":"xpath","value":"//span[contains(@id ,\"application-billingtransfer-display-component---billingWorkbench--smartTableBillingRuns-header-inner\")]"}
COMMAND: POST /session/dc388682b4200c5e048280db36f00fb1/execute/sync - {"script":"<script> [56 bytes]","args":[{"element-6066-11e4-a52e-4f735466cecf":"f.5DEB10E109CE1E7B94EA7693F5B1958D.d.1D8F637F45E47F2042A9A3017F8E192D.e.20651","ELEMENT":"f.5DEB10E109CE1E7B94EA7693F5B1958D.d.1D8F637F45E47F2042A9A3017F8E192D.e.20651"}]}
RESULT: {"script":"<script> [56 bytes]","args":[{"element-6066-11e4-a52e-4f735466cecf":"f.5DEB10E109CE1E7B94EA7693F5B1958D.d.1D8F637F45E47F2042A9A3017F8E192D.e.20651","ELEMENT":"f.5DEB10E109CE1E7B94EA7693F5B1958D.d.1D8F637F45E47F2042A9A3017F8E192D.e.20651"}]}
COMMAND: POST /session/dc388682b4200c5e048280db36f00fb1/element - {"using":"css selector","value":"#shell-header-logo"}
COMMAND: GET /session/dc388682b4200c5e048280db36f00fb1/screenshot - {}
RESULT: {"using":"css selector","value":"#shell-header-logo"}
COMMAND: POST /session/dc388682b4200c5e048280db36f00fb1/element/f.5DEB10E109CE1E7B94EA7693F5B1958D.d.1D8F637F45E47F2042A9A3017F8E192D.e.20444/click - {}
RESULT: {}
RESULT: {}
COMMAND: GET /session/dc388682b4200c5e048280db36f00fb1/screenshot - {}
RESULT: {}
COMMAND: DELETE /session/dc388682b4200c5e048280db36f00fb1 - {}
RESULT: {}
]]></system-out>
    </testcase>
  </testsuite>
</testsuites>