<?xml version="1.0" encoding="UTF-8"?>
<testsuites tests="49" failures="0" errors="0" skipped="0">
  <testsuite timestamp="2025-05-04T15:07:01" time="1836.518" tests="49" failures="0" errors="0" skipped="0">
    <properties>
      <property name="specId" value="0" />
      <property name="suiteName" value="Sanity Tests US104253" />
      <property name="capabilities" value="chrome.135_0_7049_96.windows" />
      <property name="file" value="file:///D:/a/1/s/test/specs/General/sanity.spec.js" />
    </properties>
    <testcase classname="chrome.135_0_7049_96.windows.Sanity_Tests_US104253" name="Should open Manage Partners page" time="35.248">
      <system-out><![CDATA[
COMMAND: POST /session/0c7827ccc8759303351c6d5ad18bd6ca/execute/async - {"script":"<script> [1562 bytes]","args":[{"selector":{"controlType":"sap.m.GenericTile","properties":{"header":"Manage Partners"}},"wdio_ui5_key":"sapm.GenericTile{\"header\":\"Manage Partners\"}"}]}
RESULT: {"script":"<script> [1562 bytes]","args":[{"selector":{"controlType":"sap.m.GenericTile","properties":{"header":"Manage Partners"}},"wdio_ui5_key":"sapm.GenericTile{\"header\":\"Manage Partners\"}"}]}
RESULT: undefined
COMMAND: POST /session/0c7827ccc8759303351c6d5ad18bd6ca/element - {"using":"xpath","value":"//*[@id=\"__tile38\"]"}
RESULT: {"using":"xpath","value":"//*[@id=\"__tile38\"]"}
COMMAND: POST /session/0c7827ccc8759303351c6d5ad18bd6ca/element/f.9ECBE097640FEBEC90B3ACB807EDA6BA.d.0454E72BF277026B5A0D5C82F3810565.e.115/click - {}
RESULT: {}
COMMAND: GET /session/0c7827ccc8759303351c6d5ad18bd6ca/screenshot - {}
RESULT: {}
RESULT: undefined
COMMAND: POST /session/0c7827ccc8759303351c6d5ad18bd6ca/element - {"using":"xpath","value":"//*[@id=\"__tile38\"]"}
RESULT: {"using":"xpath","value":"//*[@id=\"__tile38\"]"}
COMMAND: POST /session/0c7827ccc8759303351c6d5ad18bd6ca/element/f.9ECBE097640FEBEC90B3ACB807EDA6BA.d.0454E72BF277026B5A0D5C82F3810565.e.115/click - {}
RESULT: undefined
COMMAND: POST /session/0c7827ccc8759303351c6d5ad18bd6ca/element - {"using":"xpath","value":"//*[@id=\"__tile38\"]"}
RESULT: {"using":"xpath","value":"//*[@id=\"__tile38\"]"}
COMMAND: POST /session/0c7827ccc8759303351c6d5ad18bd6ca/element/f.9ECBE097640FEBEC90B3ACB807EDA6BA.d.0454E72BF277026B5A0D5C82F3810565.e.115/click - {}
COMMAND: POST /session/0c7827ccc8759303351c6d5ad18bd6ca/execute/async - {"script":"<script> [1562 bytes]","args":[{"selector":{"id":"shellAppTitle"},"wdio_ui5_key":"shellAppTitle"}]}
RESULT: {"script":"<script> [1562 bytes]","args":[{"selector":{"id":"shellAppTitle"},"wdio_ui5_key":"shellAppTitle"}]}
RESULT: undefined
COMMAND: POST /session/0c7827ccc8759303351c6d5ad18bd6ca/execute/async - {"script":"<script> [6424 bytes]","args":[{"element-6066-11e4-a52e-4f735466cecf":"f.9ECBE097640FEBEC90B3ACB807EDA6BA.d.0454E72BF277026B5A0D5C82F3810565.e.291"},"getTitle",[]]}
RESULT: {"script":"<script> [6424 bytes]","args":[{"element-6066-11e4-a52e-4f735466cecf":"f.9ECBE097640FEBEC90B3ACB807EDA6BA.d.0454E72BF277026B5A0D5C82F3810565.e.291"},"getTitle",[]]}
COMMAND: POST /session/0c7827ccc8759303351c6d5ad18bd6ca/execute/async - {"script":"<script> [1562 bytes]","args":[{"selector":{"id":"backBtn"},"wdio_ui5_key":"backBtn"}]}
RESULT: {"script":"<script> [1562 bytes]","args":[{"selector":{"id":"backBtn"},"wdio_ui5_key":"backBtn"}]}
RESULT: undefined
COMMAND: POST /session/0c7827ccc8759303351c6d5ad18bd6ca/element - {"using":"xpath","value":"//*[@id=\"backBtn\"]"}
RESULT: {"using":"xpath","value":"//*[@id=\"backBtn\"]"}
COMMAND: POST /session/0c7827ccc8759303351c6d5ad18bd6ca/element/f.9ECBE097640FEBEC90B3ACB807EDA6BA.d.0454E72BF277026B5A0D5C82F3810565.e.292/click - {}
RESULT: {}
COMMAND: GET /session/0c7827ccc8759303351c6d5ad18bd6ca/screenshot - {}
RESULT: {}
]]></system-out>
    </testcase>
    <testcase classname="chrome.135_0_7049_96.windows.Sanity_Tests_US104253" name="Should open Manage Sites page" time="38.23">
      <system-out><![CDATA[
COMMAND: POST /session/0c7827ccc8759303351c6d5ad18bd6ca/execute/async - {"script":"<script> [1562 bytes]","args":[{"selector":{"controlType":"sap.m.GenericTile","properties":{"header":"Manage Sites"}},"wdio_ui5_key":"sapm.GenericTile{\"header\":\"Manage Sites\"}"}]}
RESULT: {"script":"<script> [1562 bytes]","args":[{"selector":{"controlType":"sap.m.GenericTile","properties":{"header":"Manage Sites"}},"wdio_ui5_key":"sapm.GenericTile{\"header\":\"Manage Sites\"}"}]}
RESULT: undefined
COMMAND: POST /session/0c7827ccc8759303351c6d5ad18bd6ca/element - {"using":"xpath","value":"//*[@id=\"__tile40\"]"}
RESULT: {"using":"xpath","value":"//*[@id=\"__tile40\"]"}
COMMAND: POST /session/0c7827ccc8759303351c6d5ad18bd6ca/element/f.9ECBE097640FEBEC90B3ACB807EDA6BA.d.0454E72BF277026B5A0D5C82F3810565.e.296/click - {}
RESULT: {}
COMMAND: GET /session/0c7827ccc8759303351c6d5ad18bd6ca/screenshot - {}
RESULT: {}
RESULT: undefined
COMMAND: POST /session/0c7827ccc8759303351c6d5ad18bd6ca/element - {"using":"xpath","value":"//*[@id=\"__tile40\"]"}
RESULT: {"using":"xpath","value":"//*[@id=\"__tile40\"]"}
COMMAND: POST /session/0c7827ccc8759303351c6d5ad18bd6ca/element/f.9ECBE097640FEBEC90B3ACB807EDA6BA.d.0454E72BF277026B5A0D5C82F3810565.e.296/click - {}
RESULT: undefined
COMMAND: POST /session/0c7827ccc8759303351c6d5ad18bd6ca/element - {"using":"xpath","value":"//*[@id=\"__tile40\"]"}
RESULT: {"using":"xpath","value":"//*[@id=\"__tile40\"]"}
COMMAND: POST /session/0c7827ccc8759303351c6d5ad18bd6ca/element/f.9ECBE097640FEBEC90B3ACB807EDA6BA.d.0454E72BF277026B5A0D5C82F3810565.e.296/click - {}
RESULT: undefined
COMMAND: POST /session/0c7827ccc8759303351c6d5ad18bd6ca/execute/async - {"script":"<script> [6424 bytes]","args":[{"element-6066-11e4-a52e-4f735466cecf":"f.9ECBE097640FEBEC90B3ACB807EDA6BA.d.0454E72BF277026B5A0D5C82F3810565.e.291"},"getTitle",[]]}
COMMAND: POST /session/0c7827ccc8759303351c6d5ad18bd6ca/execute/async - {"script":"<script> [1562 bytes]","args":[{"selector":{"id":"shellAppTitle"},"wdio_ui5_key":"shellAppTitle"}]}
RESULT: {"script":"<script> [1562 bytes]","args":[{"selector":{"id":"shellAppTitle"},"wdio_ui5_key":"shellAppTitle"}]}
COMMAND: POST /session/0c7827ccc8759303351c6d5ad18bd6ca/execute/async - {"script":"<script> [6424 bytes]","args":[{"element-6066-11e4-a52e-4f735466cecf":"f.9ECBE097640FEBEC90B3ACB807EDA6BA.d.0454E72BF277026B5A0D5C82F3810565.e.484"},"getTitle",[]]}
RESULT: {"script":"<script> [6424 bytes]","args":[{"element-6066-11e4-a52e-4f735466cecf":"f.9ECBE097640FEBEC90B3ACB807EDA6BA.d.0454E72BF277026B5A0D5C82F3810565.e.484"},"getTitle",[]]}
RESULT: undefined
COMMAND: POST /session/0c7827ccc8759303351c6d5ad18bd6ca/element/f.9ECBE097640FEBEC90B3ACB807EDA6BA.d.0454E72BF277026B5A0D5C82F3810565.e.292/click - {}
RESULT: {}
COMMAND: GET /session/0c7827ccc8759303351c6d5ad18bd6ca/screenshot - {}
RESULT: {}
]]></system-out>
    </testcase>
    <testcase classname="chrome.135_0_7049_96.windows.Sanity_Tests_US104253" name="Should open Manage Resources page" time="33.684">
      <system-out><![CDATA[
COMMAND: POST /session/0c7827ccc8759303351c6d5ad18bd6ca/execute/async - {"script":"<script> [1562 bytes]","args":[{"selector":{"controlType":"sap.m.GenericTile","properties":{"header":"Manage Resources"}},"wdio_ui5_key":"sapm.GenericTile{\"header\":\"Manage Resources\"}"}]}
RESULT: {"script":"<script> [1562 bytes]","args":[{"selector":{"controlType":"sap.m.GenericTile","properties":{"header":"Manage Resources"}},"wdio_ui5_key":"sapm.GenericTile{\"header\":\"Manage Resources\"}"}]}
RESULT: undefined
COMMAND: POST /session/0c7827ccc8759303351c6d5ad18bd6ca/element - {"using":"xpath","value":"//*[@id=\"__tile39\"]"}
RESULT: {"using":"xpath","value":"//*[@id=\"__tile39\"]"}
COMMAND: POST /session/0c7827ccc8759303351c6d5ad18bd6ca/element/f.9ECBE097640FEBEC90B3ACB807EDA6BA.d.0454E72BF277026B5A0D5C82F3810565.e.486/click - {}
RESULT: {}
COMMAND: GET /session/0c7827ccc8759303351c6d5ad18bd6ca/screenshot - {}
RESULT: {}
RESULT: undefined
COMMAND: POST /session/0c7827ccc8759303351c6d5ad18bd6ca/element - {"using":"xpath","value":"//*[@id=\"__tile39\"]"}
RESULT: {"using":"xpath","value":"//*[@id=\"__tile39\"]"}
COMMAND: POST /session/0c7827ccc8759303351c6d5ad18bd6ca/element/f.9ECBE097640FEBEC90B3ACB807EDA6BA.d.0454E72BF277026B5A0D5C82F3810565.e.486/click - {}
RESULT: undefined
COMMAND: POST /session/0c7827ccc8759303351c6d5ad18bd6ca/element - {"using":"xpath","value":"//*[@id=\"__tile39\"]"}
RESULT: {"using":"xpath","value":"//*[@id=\"__tile39\"]"}
COMMAND: POST /session/0c7827ccc8759303351c6d5ad18bd6ca/element/f.9ECBE097640FEBEC90B3ACB807EDA6BA.d.0454E72BF277026B5A0D5C82F3810565.e.486/click - {}
RESULT: undefined
COMMAND: POST /session/0c7827ccc8759303351c6d5ad18bd6ca/execute/async - {"script":"<script> [6424 bytes]","args":[{"element-6066-11e4-a52e-4f735466cecf":"f.9ECBE097640FEBEC90B3ACB807EDA6BA.d.0454E72BF277026B5A0D5C82F3810565.e.291"},"getTitle",[]]}
COMMAND: POST /session/0c7827ccc8759303351c6d5ad18bd6ca/execute/async - {"script":"<script> [1562 bytes]","args":[{"selector":{"id":"shellAppTitle"},"wdio_ui5_key":"shellAppTitle"}]}
RESULT: {"script":"<script> [1562 bytes]","args":[{"selector":{"id":"shellAppTitle"},"wdio_ui5_key":"shellAppTitle"}]}
COMMAND: POST /session/0c7827ccc8759303351c6d5ad18bd6ca/execute/async - {"script":"<script> [6424 bytes]","args":[{"element-6066-11e4-a52e-4f735466cecf":"f.9ECBE097640FEBEC90B3ACB807EDA6BA.d.0454E72BF277026B5A0D5C82F3810565.e.657"},"getTitle",[]]}
RESULT: {"script":"<script> [6424 bytes]","args":[{"element-6066-11e4-a52e-4f735466cecf":"f.9ECBE097640FEBEC90B3ACB807EDA6BA.d.0454E72BF277026B5A0D5C82F3810565.e.657"},"getTitle",[]]}
RESULT: undefined
COMMAND: POST /session/0c7827ccc8759303351c6d5ad18bd6ca/element/f.9ECBE097640FEBEC90B3ACB807EDA6BA.d.0454E72BF277026B5A0D5C82F3810565.e.292/click - {}
COMMAND: POST /session/0c7827ccc8759303351c6d5ad18bd6ca/element - {"using":"xpath","value":"//*[@id=\"backBtn\"]"}
RESULT: {"using":"xpath","value":"//*[@id=\"backBtn\"]"}
COMMAND: POST /session/0c7827ccc8759303351c6d5ad18bd6ca/element/f.9ECBE097640FEBEC90B3ACB807EDA6BA.d.0454E72BF277026B5A0D5C82F3810565.e.292/click - {}
COMMAND: POST /session/0c7827ccc8759303351c6d5ad18bd6ca/element - {"using":"xpath","value":"//*[@id=\"backBtn\"]"}
RESULT: {"using":"xpath","value":"//*[@id=\"backBtn\"]"}
COMMAND: POST /session/0c7827ccc8759303351c6d5ad18bd6ca/element/f.9ECBE097640FEBEC90B3ACB807EDA6BA.d.0454E72BF277026B5A0D5C82F3810565.e.658/click - {}
RESULT: {}
COMMAND: GET /session/0c7827ccc8759303351c6d5ad18bd6ca/screenshot - {}
RESULT: {}
]]></system-out>
    </testcase>
    <testcase classname="chrome.135_0_7049_96.windows.Sanity_Tests_US104253" name="Should open Manage Catalogs page" time="35.773">
      <system-out><![CDATA[
COMMAND: POST /session/0c7827ccc8759303351c6d5ad18bd6ca/execute/async - {"script":"<script> [1562 bytes]","args":[{"selector":{"controlType":"sap.m.GenericTile","properties":{"header":"Manage Catalogs"}},"wdio_ui5_key":"sapm.GenericTile{\"header\":\"Manage Catalogs\"}"}]}
RESULT: {"script":"<script> [1562 bytes]","args":[{"selector":{"controlType":"sap.m.GenericTile","properties":{"header":"Manage Catalogs"}},"wdio_ui5_key":"sapm.GenericTile{\"header\":\"Manage Catalogs\"}"}]}
RESULT: undefined
COMMAND: POST /session/0c7827ccc8759303351c6d5ad18bd6ca/element - {"using":"xpath","value":"//*[@id=\"__tile37\"]"}
RESULT: {"using":"xpath","value":"//*[@id=\"__tile37\"]"}
COMMAND: POST /session/0c7827ccc8759303351c6d5ad18bd6ca/element/f.9ECBE097640FEBEC90B3ACB807EDA6BA.d.0454E72BF277026B5A0D5C82F3810565.e.660/click - {}
RESULT: {}
COMMAND: GET /session/0c7827ccc8759303351c6d5ad18bd6ca/screenshot - {}
RESULT: {}
RESULT: undefined
COMMAND: POST /session/0c7827ccc8759303351c6d5ad18bd6ca/element - {"using":"xpath","value":"//*[@id=\"__tile37\"]"}
RESULT: {"using":"xpath","value":"//*[@id=\"__tile37\"]"}
COMMAND: POST /session/0c7827ccc8759303351c6d5ad18bd6ca/element/f.9ECBE097640FEBEC90B3ACB807EDA6BA.d.0454E72BF277026B5A0D5C82F3810565.e.660/click - {}
RESULT: undefined
COMMAND: POST /session/0c7827ccc8759303351c6d5ad18bd6ca/element - {"using":"xpath","value":"//*[@id=\"__tile37\"]"}
RESULT: {"using":"xpath","value":"//*[@id=\"__tile37\"]"}
COMMAND: POST /session/0c7827ccc8759303351c6d5ad18bd6ca/element/f.9ECBE097640FEBEC90B3ACB807EDA6BA.d.0454E72BF277026B5A0D5C82F3810565.e.660/click - {}
RESULT: undefined
COMMAND: POST /session/0c7827ccc8759303351c6d5ad18bd6ca/execute/async - {"script":"<script> [6424 bytes]","args":[{"element-6066-11e4-a52e-4f735466cecf":"f.9ECBE097640FEBEC90B3ACB807EDA6BA.d.0454E72BF277026B5A0D5C82F3810565.e.291"},"getTitle",[]]}
COMMAND: POST /session/0c7827ccc8759303351c6d5ad18bd6ca/execute/async - {"script":"<script> [1562 bytes]","args":[{"selector":{"id":"shellAppTitle"},"wdio_ui5_key":"shellAppTitle"}]}
RESULT: {"script":"<script> [1562 bytes]","args":[{"selector":{"id":"shellAppTitle"},"wdio_ui5_key":"shellAppTitle"}]}
COMMAND: POST /session/0c7827ccc8759303351c6d5ad18bd6ca/execute/async - {"script":"<script> [6424 bytes]","args":[{"element-6066-11e4-a52e-4f735466cecf":"f.9ECBE097640FEBEC90B3ACB807EDA6BA.d.0454E72BF277026B5A0D5C82F3810565.e.730"},"getTitle",[]]}
RESULT: {"script":"<script> [6424 bytes]","args":[{"element-6066-11e4-a52e-4f735466cecf":"f.9ECBE097640FEBEC90B3ACB807EDA6BA.d.0454E72BF277026B5A0D5C82F3810565.e.730"},"getTitle",[]]}
RESULT: undefined
COMMAND: POST /session/0c7827ccc8759303351c6d5ad18bd6ca/element/f.9ECBE097640FEBEC90B3ACB807EDA6BA.d.0454E72BF277026B5A0D5C82F3810565.e.658/click - {}
RESULT: {}
COMMAND: GET /session/0c7827ccc8759303351c6d5ad18bd6ca/screenshot - {}
RESULT: {}
]]></system-out>
    </testcase>
    <testcase classname="chrome.135_0_7049_96.windows.Sanity_Tests_US104253" name="Should open Manage Calendars page" time="33.779">
      <system-out><![CDATA[
COMMAND: POST /session/0c7827ccc8759303351c6d5ad18bd6ca/execute/async - {"script":"<script> [1562 bytes]","args":[{"selector":{"controlType":"sap.m.GenericTile","properties":{"header":"Manage Calendars"}},"wdio_ui5_key":"sapm.GenericTile{\"header\":\"Manage Calendars\"}"}]}
RESULT: {"script":"<script> [1562 bytes]","args":[{"selector":{"controlType":"sap.m.GenericTile","properties":{"header":"Manage Calendars"}},"wdio_ui5_key":"sapm.GenericTile{\"header\":\"Manage Calendars\"}"}]}
RESULT: undefined
COMMAND: POST /session/0c7827ccc8759303351c6d5ad18bd6ca/element - {"using":"xpath","value":"//*[@id=\"__tile36\"]"}
RESULT: {"using":"xpath","value":"//*[@id=\"__tile36\"]"}
COMMAND: POST /session/0c7827ccc8759303351c6d5ad18bd6ca/element/f.9ECBE097640FEBEC90B3ACB807EDA6BA.d.0454E72BF277026B5A0D5C82F3810565.e.732/click - {}
RESULT: {}
COMMAND: GET /session/0c7827ccc8759303351c6d5ad18bd6ca/screenshot - {}
RESULT: {}
RESULT: undefined
COMMAND: POST /session/0c7827ccc8759303351c6d5ad18bd6ca/element - {"using":"xpath","value":"//*[@id=\"__tile36\"]"}
RESULT: {"using":"xpath","value":"//*[@id=\"__tile36\"]"}
COMMAND: POST /session/0c7827ccc8759303351c6d5ad18bd6ca/element/f.9ECBE097640FEBEC90B3ACB807EDA6BA.d.0454E72BF277026B5A0D5C82F3810565.e.732/click - {}
RESULT: undefined
COMMAND: POST /session/0c7827ccc8759303351c6d5ad18bd6ca/element - {"using":"xpath","value":"//*[@id=\"__tile36\"]"}
RESULT: {"using":"xpath","value":"//*[@id=\"__tile36\"]"}
COMMAND: POST /session/0c7827ccc8759303351c6d5ad18bd6ca/element/f.9ECBE097640FEBEC90B3ACB807EDA6BA.d.0454E72BF277026B5A0D5C82F3810565.e.732/click - {}
RESULT: undefined
COMMAND: POST /session/0c7827ccc8759303351c6d5ad18bd6ca/execute/async - {"script":"<script> [6424 bytes]","args":[{"element-6066-11e4-a52e-4f735466cecf":"f.9ECBE097640FEBEC90B3ACB807EDA6BA.d.0454E72BF277026B5A0D5C82F3810565.e.291"},"getTitle",[]]}
COMMAND: POST /session/0c7827ccc8759303351c6d5ad18bd6ca/execute/async - {"script":"<script> [1562 bytes]","args":[{"selector":{"id":"shellAppTitle"},"wdio_ui5_key":"shellAppTitle"}]}
RESULT: {"script":"<script> [1562 bytes]","args":[{"selector":{"id":"shellAppTitle"},"wdio_ui5_key":"shellAppTitle"}]}
COMMAND: POST /session/0c7827ccc8759303351c6d5ad18bd6ca/execute/async - {"script":"<script> [6424 bytes]","args":[{"element-6066-11e4-a52e-4f735466cecf":"f.9ECBE097640FEBEC90B3ACB807EDA6BA.d.0454E72BF277026B5A0D5C82F3810565.e.801"},"getTitle",[]]}
RESULT: {"script":"<script> [6424 bytes]","args":[{"element-6066-11e4-a52e-4f735466cecf":"f.9ECBE097640FEBEC90B3ACB807EDA6BA.d.0454E72BF277026B5A0D5C82F3810565.e.801"},"getTitle",[]]}
RESULT: undefined
COMMAND: POST /session/0c7827ccc8759303351c6d5ad18bd6ca/element/f.9ECBE097640FEBEC90B3ACB807EDA6BA.d.0454E72BF277026B5A0D5C82F3810565.e.658/click - {}
COMMAND: POST /session/0c7827ccc8759303351c6d5ad18bd6ca/element - {"using":"xpath","value":"//*[@id=\"backBtn\"]"}
RESULT: {"using":"xpath","value":"//*[@id=\"backBtn\"]"}
COMMAND: POST /session/0c7827ccc8759303351c6d5ad18bd6ca/element/f.9ECBE097640FEBEC90B3ACB807EDA6BA.d.0454E72BF277026B5A0D5C82F3810565.e.658/click - {}
COMMAND: POST /session/0c7827ccc8759303351c6d5ad18bd6ca/element - {"using":"xpath","value":"//*[@id=\"backBtn\"]"}
RESULT: {"using":"xpath","value":"//*[@id=\"backBtn\"]"}
COMMAND: POST /session/0c7827ccc8759303351c6d5ad18bd6ca/element/f.9ECBE097640FEBEC90B3ACB807EDA6BA.d.0454E72BF277026B5A0D5C82F3810565.e.802/click - {}
RESULT: {}
COMMAND: GET /session/0c7827ccc8759303351c6d5ad18bd6ca/screenshot - {}
RESULT: {}
]]></system-out>
    </testcase>
    <testcase classname="chrome.135_0_7049_96.windows.Sanity_Tests_US104253" name="Should open Address Management page" time="38.17">
      <system-out><![CDATA[
COMMAND: POST /session/0c7827ccc8759303351c6d5ad18bd6ca/execute/async - {"script":"<script> [1562 bytes]","args":[{"selector":{"controlType":"sap.m.GenericTile","properties":{"header":"Address Management"}},"wdio_ui5_key":"sapm.GenericTile{\"header\":\"Address Management\"}"}]}
RESULT: {"script":"<script> [1562 bytes]","args":[{"selector":{"controlType":"sap.m.GenericTile","properties":{"header":"Address Management"}},"wdio_ui5_key":"sapm.GenericTile{\"header\":\"Address Management\"}"}]}
RESULT: undefined
COMMAND: POST /session/0c7827ccc8759303351c6d5ad18bd6ca/element - {"using":"xpath","value":"//*[@id=\"__tile33\"]"}
RESULT: {"using":"xpath","value":"//*[@id=\"__tile33\"]"}
COMMAND: POST /session/0c7827ccc8759303351c6d5ad18bd6ca/element/f.9ECBE097640FEBEC90B3ACB807EDA6BA.d.0454E72BF277026B5A0D5C82F3810565.e.804/click - {}
RESULT: {}
COMMAND: GET /session/0c7827ccc8759303351c6d5ad18bd6ca/screenshot - {}
RESULT: {}
RESULT: undefined
COMMAND: POST /session/0c7827ccc8759303351c6d5ad18bd6ca/element - {"using":"xpath","value":"//*[@id=\"__tile33\"]"}
RESULT: {"using":"xpath","value":"//*[@id=\"__tile33\"]"}
COMMAND: POST /session/0c7827ccc8759303351c6d5ad18bd6ca/element/f.9ECBE097640FEBEC90B3ACB807EDA6BA.d.0454E72BF277026B5A0D5C82F3810565.e.804/click - {}
RESULT: undefined
COMMAND: POST /session/0c7827ccc8759303351c6d5ad18bd6ca/element - {"using":"xpath","value":"//*[@id=\"__tile33\"]"}
RESULT: {"using":"xpath","value":"//*[@id=\"__tile33\"]"}
COMMAND: POST /session/0c7827ccc8759303351c6d5ad18bd6ca/element/f.9ECBE097640FEBEC90B3ACB807EDA6BA.d.0454E72BF277026B5A0D5C82F3810565.e.804/click - {}
RESULT: undefined
COMMAND: POST /session/0c7827ccc8759303351c6d5ad18bd6ca/execute/async - {"script":"<script> [6424 bytes]","args":[{"element-6066-11e4-a52e-4f735466cecf":"f.9ECBE097640FEBEC90B3ACB807EDA6BA.d.0454E72BF277026B5A0D5C82F3810565.e.291"},"getTitle",[]]}
COMMAND: POST /session/0c7827ccc8759303351c6d5ad18bd6ca/execute/async - {"script":"<script> [1562 bytes]","args":[{"selector":{"id":"shellAppTitle"},"wdio_ui5_key":"shellAppTitle"}]}
RESULT: {"script":"<script> [1562 bytes]","args":[{"selector":{"id":"shellAppTitle"},"wdio_ui5_key":"shellAppTitle"}]}
COMMAND: POST /session/0c7827ccc8759303351c6d5ad18bd6ca/execute/async - {"script":"<script> [6424 bytes]","args":[{"element-6066-11e4-a52e-4f735466cecf":"f.9ECBE097640FEBEC90B3ACB807EDA6BA.d.0454E72BF277026B5A0D5C82F3810565.e.1156"},"getTitle",[]]}
RESULT: {"script":"<script> [6424 bytes]","args":[{"element-6066-11e4-a52e-4f735466cecf":"f.9ECBE097640FEBEC90B3ACB807EDA6BA.d.0454E72BF277026B5A0D5C82F3810565.e.1156"},"getTitle",[]]}
RESULT: undefined
COMMAND: POST /session/0c7827ccc8759303351c6d5ad18bd6ca/element/f.9ECBE097640FEBEC90B3ACB807EDA6BA.d.0454E72BF277026B5A0D5C82F3810565.e.802/click - {}
RESULT: {}
COMMAND: GET /session/0c7827ccc8759303351c6d5ad18bd6ca/screenshot - {}
RESULT: {}
]]></system-out>
    </testcase>
    <testcase classname="chrome.135_0_7049_96.windows.Sanity_Tests_US104253" name="Should open Bill Of Resources page" time="35.553">
      <system-out><![CDATA[
COMMAND: POST /session/0c7827ccc8759303351c6d5ad18bd6ca/execute/async - {"script":"<script> [1562 bytes]","args":[{"selector":{"controlType":"sap.m.GenericTile","properties":{"header":"Bill Of Resources"}},"wdio_ui5_key":"sapm.GenericTile{\"header\":\"Bill Of Resources\"}"}]}
RESULT: {"script":"<script> [1562 bytes]","args":[{"selector":{"controlType":"sap.m.GenericTile","properties":{"header":"Bill Of Resources"}},"wdio_ui5_key":"sapm.GenericTile{\"header\":\"Bill Of Resources\"}"}]}
RESULT: undefined
COMMAND: POST /session/0c7827ccc8759303351c6d5ad18bd6ca/element - {"using":"xpath","value":"//*[@id=\"__tile34\"]"}
RESULT: {"using":"xpath","value":"//*[@id=\"__tile34\"]"}
COMMAND: POST /session/0c7827ccc8759303351c6d5ad18bd6ca/element/f.9ECBE097640FEBEC90B3ACB807EDA6BA.d.0454E72BF277026B5A0D5C82F3810565.e.1158/click - {}
RESULT: {}
COMMAND: GET /session/0c7827ccc8759303351c6d5ad18bd6ca/screenshot - {}
RESULT: {}
RESULT: undefined
COMMAND: POST /session/0c7827ccc8759303351c6d5ad18bd6ca/element - {"using":"xpath","value":"//*[@id=\"__tile34\"]"}
RESULT: {"using":"xpath","value":"//*[@id=\"__tile34\"]"}
COMMAND: POST /session/0c7827ccc8759303351c6d5ad18bd6ca/element/f.9ECBE097640FEBEC90B3ACB807EDA6BA.d.0454E72BF277026B5A0D5C82F3810565.e.1158/click - {}
RESULT: undefined
COMMAND: POST /session/0c7827ccc8759303351c6d5ad18bd6ca/element - {"using":"xpath","value":"//*[@id=\"__tile34\"]"}
RESULT: {"using":"xpath","value":"//*[@id=\"__tile34\"]"}
COMMAND: POST /session/0c7827ccc8759303351c6d5ad18bd6ca/element/f.9ECBE097640FEBEC90B3ACB807EDA6BA.d.0454E72BF277026B5A0D5C82F3810565.e.1158/click - {}
RESULT: undefined
COMMAND: POST /session/0c7827ccc8759303351c6d5ad18bd6ca/execute/async - {"script":"<script> [6424 bytes]","args":[{"element-6066-11e4-a52e-4f735466cecf":"f.9ECBE097640FEBEC90B3ACB807EDA6BA.d.0454E72BF277026B5A0D5C82F3810565.e.291"},"getTitle",[]]}
COMMAND: POST /session/0c7827ccc8759303351c6d5ad18bd6ca/execute/async - {"script":"<script> [1562 bytes]","args":[{"selector":{"id":"shellAppTitle"},"wdio_ui5_key":"shellAppTitle"}]}
RESULT: {"script":"<script> [1562 bytes]","args":[{"selector":{"id":"shellAppTitle"},"wdio_ui5_key":"shellAppTitle"}]}
COMMAND: POST /session/0c7827ccc8759303351c6d5ad18bd6ca/execute/async - {"script":"<script> [6424 bytes]","args":[{"element-6066-11e4-a52e-4f735466cecf":"f.9ECBE097640FEBEC90B3ACB807EDA6BA.d.0454E72BF277026B5A0D5C82F3810565.e.1252"},"getTitle",[]]}
RESULT: {"script":"<script> [6424 bytes]","args":[{"element-6066-11e4-a52e-4f735466cecf":"f.9ECBE097640FEBEC90B3ACB807EDA6BA.d.0454E72BF277026B5A0D5C82F3810565.e.1252"},"getTitle",[]]}
RESULT: undefined
COMMAND: POST /session/0c7827ccc8759303351c6d5ad18bd6ca/element/f.9ECBE097640FEBEC90B3ACB807EDA6BA.d.0454E72BF277026B5A0D5C82F3810565.e.802/click - {}
COMMAND: POST /session/0c7827ccc8759303351c6d5ad18bd6ca/element - {"using":"xpath","value":"//*[@id=\"backBtn\"]"}
RESULT: {"using":"xpath","value":"//*[@id=\"backBtn\"]"}
COMMAND: POST /session/0c7827ccc8759303351c6d5ad18bd6ca/element/f.9ECBE097640FEBEC90B3ACB807EDA6BA.d.0454E72BF277026B5A0D5C82F3810565.e.802/click - {}
COMMAND: POST /session/0c7827ccc8759303351c6d5ad18bd6ca/element - {"using":"xpath","value":"//*[@id=\"backBtn\"]"}
RESULT: {"using":"xpath","value":"//*[@id=\"backBtn\"]"}
COMMAND: POST /session/0c7827ccc8759303351c6d5ad18bd6ca/element/f.9ECBE097640FEBEC90B3ACB807EDA6BA.d.0454E72BF277026B5A0D5C82F3810565.e.1253/click - {}
RESULT: {}
COMMAND: GET /session/0c7827ccc8759303351c6d5ad18bd6ca/screenshot - {}
RESULT: {}
]]></system-out>
    </testcase>
    <testcase classname="chrome.135_0_7049_96.windows.Sanity_Tests_US104253" name="Should open Manage Yards page" time="36.813">
      <system-out><![CDATA[
COMMAND: POST /session/0c7827ccc8759303351c6d5ad18bd6ca/execute/async - {"script":"<script> [1562 bytes]","args":[{"selector":{"controlType":"sap.m.GenericTile","properties":{"header":"Manage Yards"}},"wdio_ui5_key":"sapm.GenericTile{\"header\":\"Manage Yards\"}"}]}
RESULT: {"script":"<script> [1562 bytes]","args":[{"selector":{"controlType":"sap.m.GenericTile","properties":{"header":"Manage Yards"}},"wdio_ui5_key":"sapm.GenericTile{\"header\":\"Manage Yards\"}"}]}
RESULT: undefined
COMMAND: POST /session/0c7827ccc8759303351c6d5ad18bd6ca/element - {"using":"xpath","value":"//*[@id=\"__tile41\"]"}
RESULT: {"using":"xpath","value":"//*[@id=\"__tile41\"]"}
COMMAND: POST /session/0c7827ccc8759303351c6d5ad18bd6ca/element/f.9ECBE097640FEBEC90B3ACB807EDA6BA.d.0454E72BF277026B5A0D5C82F3810565.e.1255/click - {}
RESULT: {}
COMMAND: GET /session/0c7827ccc8759303351c6d5ad18bd6ca/screenshot - {}
RESULT: {}
RESULT: undefined
COMMAND: POST /session/0c7827ccc8759303351c6d5ad18bd6ca/element - {"using":"xpath","value":"//*[@id=\"__tile41\"]"}
RESULT: {"using":"xpath","value":"//*[@id=\"__tile41\"]"}
COMMAND: POST /session/0c7827ccc8759303351c6d5ad18bd6ca/element/f.9ECBE097640FEBEC90B3ACB807EDA6BA.d.0454E72BF277026B5A0D5C82F3810565.e.1255/click - {}
RESULT: undefined
COMMAND: POST /session/0c7827ccc8759303351c6d5ad18bd6ca/element - {"using":"xpath","value":"//*[@id=\"__tile41\"]"}
RESULT: {"using":"xpath","value":"//*[@id=\"__tile41\"]"}
COMMAND: POST /session/0c7827ccc8759303351c6d5ad18bd6ca/element/f.9ECBE097640FEBEC90B3ACB807EDA6BA.d.0454E72BF277026B5A0D5C82F3810565.e.1255/click - {}
RESULT: undefined
COMMAND: POST /session/0c7827ccc8759303351c6d5ad18bd6ca/execute/async - {"script":"<script> [6424 bytes]","args":[{"element-6066-11e4-a52e-4f735466cecf":"f.9ECBE097640FEBEC90B3ACB807EDA6BA.d.0454E72BF277026B5A0D5C82F3810565.e.291"},"getTitle",[]]}
COMMAND: POST /session/0c7827ccc8759303351c6d5ad18bd6ca/execute/async - {"script":"<script> [1562 bytes]","args":[{"selector":{"id":"shellAppTitle"},"wdio_ui5_key":"shellAppTitle"}]}
RESULT: {"script":"<script> [1562 bytes]","args":[{"selector":{"id":"shellAppTitle"},"wdio_ui5_key":"shellAppTitle"}]}
COMMAND: POST /session/0c7827ccc8759303351c6d5ad18bd6ca/execute/async - {"script":"<script> [6424 bytes]","args":[{"element-6066-11e4-a52e-4f735466cecf":"f.9ECBE097640FEBEC90B3ACB807EDA6BA.d.0454E72BF277026B5A0D5C82F3810565.e.1436"},"getTitle",[]]}
RESULT: {"script":"<script> [6424 bytes]","args":[{"element-6066-11e4-a52e-4f735466cecf":"f.9ECBE097640FEBEC90B3ACB807EDA6BA.d.0454E72BF277026B5A0D5C82F3810565.e.1436"},"getTitle",[]]}
RESULT: undefined
COMMAND: POST /session/0c7827ccc8759303351c6d5ad18bd6ca/element/f.9ECBE097640FEBEC90B3ACB807EDA6BA.d.0454E72BF277026B5A0D5C82F3810565.e.1253/click - {}
RESULT: {}
COMMAND: GET /session/0c7827ccc8759303351c6d5ad18bd6ca/screenshot - {}
RESULT: {}
]]></system-out>
    </testcase>
    <testcase classname="chrome.135_0_7049_96.windows.Sanity_Tests_US104253" name="Should open Manage Requests page" time="35.905">
      <system-out><![CDATA[
COMMAND: POST /session/0c7827ccc8759303351c6d5ad18bd6ca/execute/async - {"script":"<script> [1562 bytes]","args":[{"selector":{"controlType":"sap.m.GenericTile","properties":{"header":"Manage Requests"}},"wdio_ui5_key":"sapm.GenericTile{\"header\":\"Manage Requests\"}"}]}
RESULT: {"script":"<script> [1562 bytes]","args":[{"selector":{"controlType":"sap.m.GenericTile","properties":{"header":"Manage Requests"}},"wdio_ui5_key":"sapm.GenericTile{\"header\":\"Manage Requests\"}"}]}
RESULT: undefined
COMMAND: POST /session/0c7827ccc8759303351c6d5ad18bd6ca/element - {"using":"xpath","value":"//*[@id=\"__tile47\"]"}
RESULT: {"using":"xpath","value":"//*[@id=\"__tile47\"]"}
COMMAND: POST /session/0c7827ccc8759303351c6d5ad18bd6ca/element/f.9ECBE097640FEBEC90B3ACB807EDA6BA.d.0454E72BF277026B5A0D5C82F3810565.e.1438/click - {}
RESULT: {}
COMMAND: GET /session/0c7827ccc8759303351c6d5ad18bd6ca/screenshot - {}
RESULT: {}
RESULT: undefined
COMMAND: POST /session/0c7827ccc8759303351c6d5ad18bd6ca/element - {"using":"xpath","value":"//*[@id=\"__tile47\"]"}
RESULT: {"using":"xpath","value":"//*[@id=\"__tile47\"]"}
COMMAND: POST /session/0c7827ccc8759303351c6d5ad18bd6ca/element/f.9ECBE097640FEBEC90B3ACB807EDA6BA.d.0454E72BF277026B5A0D5C82F3810565.e.1438/click - {}
RESULT: undefined
COMMAND: POST /session/0c7827ccc8759303351c6d5ad18bd6ca/element - {"using":"xpath","value":"//*[@id=\"__tile47\"]"}
RESULT: {"using":"xpath","value":"//*[@id=\"__tile47\"]"}
COMMAND: POST /session/0c7827ccc8759303351c6d5ad18bd6ca/element/f.9ECBE097640FEBEC90B3ACB807EDA6BA.d.0454E72BF277026B5A0D5C82F3810565.e.1438/click - {}
RESULT: undefined
COMMAND: POST /session/0c7827ccc8759303351c6d5ad18bd6ca/execute/async - {"script":"<script> [6424 bytes]","args":[{"element-6066-11e4-a52e-4f735466cecf":"f.9ECBE097640FEBEC90B3ACB807EDA6BA.d.0454E72BF277026B5A0D5C82F3810565.e.291"},"getTitle",[]]}
COMMAND: POST /session/0c7827ccc8759303351c6d5ad18bd6ca/execute/async - {"script":"<script> [1562 bytes]","args":[{"selector":{"id":"shellAppTitle"},"wdio_ui5_key":"shellAppTitle"}]}
RESULT: {"script":"<script> [1562 bytes]","args":[{"selector":{"id":"shellAppTitle"},"wdio_ui5_key":"shellAppTitle"}]}
COMMAND: POST /session/0c7827ccc8759303351c6d5ad18bd6ca/execute/async - {"script":"<script> [6424 bytes]","args":[{"element-6066-11e4-a52e-4f735466cecf":"f.9ECBE097640FEBEC90B3ACB807EDA6BA.d.0454E72BF277026B5A0D5C82F3810565.e.1537"},"getTitle",[]]}
RESULT: {"script":"<script> [6424 bytes]","args":[{"element-6066-11e4-a52e-4f735466cecf":"f.9ECBE097640FEBEC90B3ACB807EDA6BA.d.0454E72BF277026B5A0D5C82F3810565.e.1537"},"getTitle",[]]}
RESULT: undefined
COMMAND: POST /session/0c7827ccc8759303351c6d5ad18bd6ca/element/f.9ECBE097640FEBEC90B3ACB807EDA6BA.d.0454E72BF277026B5A0D5C82F3810565.e.1253/click - {}
COMMAND: POST /session/0c7827ccc8759303351c6d5ad18bd6ca/element - {"using":"xpath","value":"//*[@id=\"backBtn\"]"}
RESULT: {"using":"xpath","value":"//*[@id=\"backBtn\"]"}
COMMAND: POST /session/0c7827ccc8759303351c6d5ad18bd6ca/element/f.9ECBE097640FEBEC90B3ACB807EDA6BA.d.0454E72BF277026B5A0D5C82F3810565.e.1253/click - {}
COMMAND: POST /session/0c7827ccc8759303351c6d5ad18bd6ca/element - {"using":"xpath","value":"//*[@id=\"backBtn\"]"}
RESULT: {"using":"xpath","value":"//*[@id=\"backBtn\"]"}
COMMAND: POST /session/0c7827ccc8759303351c6d5ad18bd6ca/element/f.9ECBE097640FEBEC90B3ACB807EDA6BA.d.0454E72BF277026B5A0D5C82F3810565.e.1538/click - {}
RESULT: {}
COMMAND: GET /session/0c7827ccc8759303351c6d5ad18bd6ca/screenshot - {}
RESULT: {}
]]></system-out>
    </testcase>
    <testcase classname="chrome.135_0_7049_96.windows.Sanity_Tests_US104253" name="Should open Manage Purchasing page" time="35.537">
      <system-out><![CDATA[
COMMAND: POST /session/0c7827ccc8759303351c6d5ad18bd6ca/execute/async - {"script":"<script> [1562 bytes]","args":[{"selector":{"controlType":"sap.m.GenericTile","properties":{"header":"Manage Purchasing"}},"wdio_ui5_key":"sapm.GenericTile{\"header\":\"Manage Purchasing\"}"}]}
RESULT: {"script":"<script> [1562 bytes]","args":[{"selector":{"controlType":"sap.m.GenericTile","properties":{"header":"Manage Purchasing"}},"wdio_ui5_key":"sapm.GenericTile{\"header\":\"Manage Purchasing\"}"}]}
RESULT: undefined
COMMAND: POST /session/0c7827ccc8759303351c6d5ad18bd6ca/element - {"using":"xpath","value":"//*[@id=\"__tile46\"]"}
RESULT: {"using":"xpath","value":"//*[@id=\"__tile46\"]"}
COMMAND: POST /session/0c7827ccc8759303351c6d5ad18bd6ca/element/f.9ECBE097640FEBEC90B3ACB807EDA6BA.d.0454E72BF277026B5A0D5C82F3810565.e.1541/click - {}
RESULT: {}
COMMAND: GET /session/0c7827ccc8759303351c6d5ad18bd6ca/screenshot - {}
RESULT: {}
RESULT: undefined
COMMAND: POST /session/0c7827ccc8759303351c6d5ad18bd6ca/element - {"using":"xpath","value":"//*[@id=\"__tile46\"]"}
RESULT: {"using":"xpath","value":"//*[@id=\"__tile46\"]"}
COMMAND: POST /session/0c7827ccc8759303351c6d5ad18bd6ca/element/f.9ECBE097640FEBEC90B3ACB807EDA6BA.d.0454E72BF277026B5A0D5C82F3810565.e.1541/click - {}
RESULT: undefined
COMMAND: POST /session/0c7827ccc8759303351c6d5ad18bd6ca/element - {"using":"xpath","value":"//*[@id=\"__tile46\"]"}
RESULT: {"using":"xpath","value":"//*[@id=\"__tile46\"]"}
COMMAND: POST /session/0c7827ccc8759303351c6d5ad18bd6ca/element/f.9ECBE097640FEBEC90B3ACB807EDA6BA.d.0454E72BF277026B5A0D5C82F3810565.e.1541/click - {}
RESULT: undefined
COMMAND: POST /session/0c7827ccc8759303351c6d5ad18bd6ca/execute/async - {"script":"<script> [6424 bytes]","args":[{"element-6066-11e4-a52e-4f735466cecf":"f.9ECBE097640FEBEC90B3ACB807EDA6BA.d.0454E72BF277026B5A0D5C82F3810565.e.291"},"getTitle",[]]}
COMMAND: POST /session/0c7827ccc8759303351c6d5ad18bd6ca/execute/async - {"script":"<script> [1562 bytes]","args":[{"selector":{"id":"shellAppTitle"},"wdio_ui5_key":"shellAppTitle"}]}
RESULT: {"script":"<script> [1562 bytes]","args":[{"selector":{"id":"shellAppTitle"},"wdio_ui5_key":"shellAppTitle"}]}
COMMAND: POST /session/0c7827ccc8759303351c6d5ad18bd6ca/execute/async - {"script":"<script> [6424 bytes]","args":[{"element-6066-11e4-a52e-4f735466cecf":"f.9ECBE097640FEBEC90B3ACB807EDA6BA.d.0454E72BF277026B5A0D5C82F3810565.e.1587"},"getTitle",[]]}
RESULT: {"script":"<script> [6424 bytes]","args":[{"element-6066-11e4-a52e-4f735466cecf":"f.9ECBE097640FEBEC90B3ACB807EDA6BA.d.0454E72BF277026B5A0D5C82F3810565.e.1587"},"getTitle",[]]}
RESULT: undefined
COMMAND: POST /session/0c7827ccc8759303351c6d5ad18bd6ca/element/f.9ECBE097640FEBEC90B3ACB807EDA6BA.d.0454E72BF277026B5A0D5C82F3810565.e.1538/click - {}
RESULT: {}
COMMAND: GET /session/0c7827ccc8759303351c6d5ad18bd6ca/screenshot - {}
RESULT: {}
]]></system-out>
    </testcase>
    <testcase classname="chrome.135_0_7049_96.windows.Sanity_Tests_US104253" name="Should open Planning Board page" time="41.123">
      <system-out><![CDATA[
COMMAND: POST /session/0c7827ccc8759303351c6d5ad18bd6ca/execute/async - {"script":"<script> [1562 bytes]","args":[{"selector":{"controlType":"sap.m.GenericTile","properties":{"header":"Planning Board"}},"wdio_ui5_key":"sapm.GenericTile{\"header\":\"Planning Board\"}"}]}
RESULT: {"script":"<script> [1562 bytes]","args":[{"selector":{"controlType":"sap.m.GenericTile","properties":{"header":"Planning Board"}},"wdio_ui5_key":"sapm.GenericTile{\"header\":\"Planning Board\"}"}]}
RESULT: undefined
COMMAND: POST /session/0c7827ccc8759303351c6d5ad18bd6ca/element - {"using":"xpath","value":"//*[@id=\"__tile130\"]"}
RESULT: {"using":"xpath","value":"//*[@id=\"__tile130\"]"}
COMMAND: POST /session/0c7827ccc8759303351c6d5ad18bd6ca/element/f.9ECBE097640FEBEC90B3ACB807EDA6BA.d.0454E72BF277026B5A0D5C82F3810565.e.1589/click - {}
RESULT: {}
COMMAND: GET /session/0c7827ccc8759303351c6d5ad18bd6ca/screenshot - {}
RESULT: {}
RESULT: undefined
COMMAND: POST /session/0c7827ccc8759303351c6d5ad18bd6ca/element - {"using":"xpath","value":"//*[@id=\"__tile130\"]"}
RESULT: {"using":"xpath","value":"//*[@id=\"__tile130\"]"}
COMMAND: POST /session/0c7827ccc8759303351c6d5ad18bd6ca/element/f.9ECBE097640FEBEC90B3ACB807EDA6BA.d.0454E72BF277026B5A0D5C82F3810565.e.1589/click - {}
RESULT: undefined
COMMAND: POST /session/0c7827ccc8759303351c6d5ad18bd6ca/element - {"using":"xpath","value":"//*[@id=\"__tile130\"]"}
RESULT: {"using":"xpath","value":"//*[@id=\"__tile130\"]"}
COMMAND: POST /session/0c7827ccc8759303351c6d5ad18bd6ca/element/f.9ECBE097640FEBEC90B3ACB807EDA6BA.d.0454E72BF277026B5A0D5C82F3810565.e.1589/click - {}
RESULT: undefined
COMMAND: POST /session/0c7827ccc8759303351c6d5ad18bd6ca/execute/async - {"script":"<script> [6424 bytes]","args":[{"element-6066-11e4-a52e-4f735466cecf":"f.9ECBE097640FEBEC90B3ACB807EDA6BA.d.0454E72BF277026B5A0D5C82F3810565.e.291"},"getTitle",[]]}
COMMAND: POST /session/0c7827ccc8759303351c6d5ad18bd6ca/execute/async - {"script":"<script> [1562 bytes]","args":[{"selector":{"id":"shellAppTitle"},"wdio_ui5_key":"shellAppTitle"}]}
RESULT: {"script":"<script> [1562 bytes]","args":[{"selector":{"id":"shellAppTitle"},"wdio_ui5_key":"shellAppTitle"}]}
COMMAND: POST /session/0c7827ccc8759303351c6d5ad18bd6ca/execute/async - {"script":"<script> [6424 bytes]","args":[{"element-6066-11e4-a52e-4f735466cecf":"f.9ECBE097640FEBEC90B3ACB807EDA6BA.d.0454E72BF277026B5A0D5C82F3810565.e.1640"},"getTitle",[]]}
RESULT: {"script":"<script> [6424 bytes]","args":[{"element-6066-11e4-a52e-4f735466cecf":"f.9ECBE097640FEBEC90B3ACB807EDA6BA.d.0454E72BF277026B5A0D5C82F3810565.e.1640"},"getTitle",[]]}
RESULT: undefined
COMMAND: POST /session/0c7827ccc8759303351c6d5ad18bd6ca/element/f.9ECBE097640FEBEC90B3ACB807EDA6BA.d.0454E72BF277026B5A0D5C82F3810565.e.1538/click - {}
COMMAND: POST /session/0c7827ccc8759303351c6d5ad18bd6ca/element/f.9ECBE097640FEBEC90B3ACB807EDA6BA.d.0454E72BF277026B5A0D5C82F3810565.e.1538/click - {}
COMMAND: POST /session/0c7827ccc8759303351c6d5ad18bd6ca/element - {"using":"xpath","value":"//*[@id=\"backBtn\"]"}
COMMAND: POST /session/0c7827ccc8759303351c6d5ad18bd6ca/element - {"using":"xpath","value":"//*[@id=\"backBtn\"]"}
RESULT: {"using":"xpath","value":"//*[@id=\"backBtn\"]"}
COMMAND: POST /session/0c7827ccc8759303351c6d5ad18bd6ca/element/f.9ECBE097640FEBEC90B3ACB807EDA6BA.d.0454E72BF277026B5A0D5C82F3810565.e.1538/click - {}
RESULT: {"using":"xpath","value":"//*[@id=\"backBtn\"]"}
COMMAND: POST /session/0c7827ccc8759303351c6d5ad18bd6ca/element/f.9ECBE097640FEBEC90B3ACB807EDA6BA.d.0454E72BF277026B5A0D5C82F3810565.e.1538/click - {}
COMMAND: POST /session/0c7827ccc8759303351c6d5ad18bd6ca/element - {"using":"xpath","value":"//*[@id=\"backBtn\"]"}
COMMAND: POST /session/0c7827ccc8759303351c6d5ad18bd6ca/element - {"using":"xpath","value":"//*[@id=\"backBtn\"]"}
RESULT: {"using":"xpath","value":"//*[@id=\"backBtn\"]"}
COMMAND: POST /session/0c7827ccc8759303351c6d5ad18bd6ca/element/f.9ECBE097640FEBEC90B3ACB807EDA6BA.d.0454E72BF277026B5A0D5C82F3810565.e.1641/click - {}
RESULT: {"using":"xpath","value":"//*[@id=\"backBtn\"]"}
COMMAND: POST /session/0c7827ccc8759303351c6d5ad18bd6ca/element/f.9ECBE097640FEBEC90B3ACB807EDA6BA.d.0454E72BF277026B5A0D5C82F3810565.e.1641/click - {}
RESULT: {}
COMMAND: GET /session/0c7827ccc8759303351c6d5ad18bd6ca/screenshot - {}
RESULT: {}
COMMAND: GET /session/0c7827ccc8759303351c6d5ad18bd6ca/screenshot - {}
RESULT: {}
RESULT: {}
]]></system-out>
    </testcase>
    <testcase classname="chrome.135_0_7049_96.windows.Sanity_Tests_US104253" name="Should open Manage Contracts page" time="33.411">
      <system-out><![CDATA[
COMMAND: POST /session/0c7827ccc8759303351c6d5ad18bd6ca/execute/async - {"script":"<script> [1562 bytes]","args":[{"selector":{"controlType":"sap.m.GenericTile","properties":{"header":"Manage Contracts"}},"wdio_ui5_key":"sapm.GenericTile{\"header\":\"Manage Contracts\"}"}]}
RESULT: {"script":"<script> [1562 bytes]","args":[{"selector":{"controlType":"sap.m.GenericTile","properties":{"header":"Manage Contracts"}},"wdio_ui5_key":"sapm.GenericTile{\"header\":\"Manage Contracts\"}"}]}
RESULT: undefined
COMMAND: POST /session/0c7827ccc8759303351c6d5ad18bd6ca/element - {"using":"xpath","value":"//*[@id=\"__tile131\"]"}
RESULT: {"using":"xpath","value":"//*[@id=\"__tile131\"]"}
COMMAND: POST /session/0c7827ccc8759303351c6d5ad18bd6ca/element/f.9ECBE097640FEBEC90B3ACB807EDA6BA.d.0454E72BF277026B5A0D5C82F3810565.e.1643/click - {}
RESULT: {}
COMMAND: GET /session/0c7827ccc8759303351c6d5ad18bd6ca/screenshot - {}
RESULT: {}
RESULT: undefined
COMMAND: POST /session/0c7827ccc8759303351c6d5ad18bd6ca/element - {"using":"xpath","value":"//*[@id=\"__tile131\"]"}
RESULT: {"using":"xpath","value":"//*[@id=\"__tile131\"]"}
COMMAND: POST /session/0c7827ccc8759303351c6d5ad18bd6ca/element/f.9ECBE097640FEBEC90B3ACB807EDA6BA.d.0454E72BF277026B5A0D5C82F3810565.e.1643/click - {}
RESULT: undefined
COMMAND: POST /session/0c7827ccc8759303351c6d5ad18bd6ca/element - {"using":"xpath","value":"//*[@id=\"__tile131\"]"}
RESULT: {"using":"xpath","value":"//*[@id=\"__tile131\"]"}
COMMAND: POST /session/0c7827ccc8759303351c6d5ad18bd6ca/element/f.9ECBE097640FEBEC90B3ACB807EDA6BA.d.0454E72BF277026B5A0D5C82F3810565.e.1643/click - {}
RESULT: undefined
COMMAND: POST /session/0c7827ccc8759303351c6d5ad18bd6ca/execute/async - {"script":"<script> [6424 bytes]","args":[{"element-6066-11e4-a52e-4f735466cecf":"f.9ECBE097640FEBEC90B3ACB807EDA6BA.d.0454E72BF277026B5A0D5C82F3810565.e.291"},"getTitle",[]]}
COMMAND: POST /session/0c7827ccc8759303351c6d5ad18bd6ca/execute/async - {"script":"<script> [1562 bytes]","args":[{"selector":{"id":"shellAppTitle"},"wdio_ui5_key":"shellAppTitle"}]}
RESULT: {"script":"<script> [1562 bytes]","args":[{"selector":{"id":"shellAppTitle"},"wdio_ui5_key":"shellAppTitle"}]}
COMMAND: POST /session/0c7827ccc8759303351c6d5ad18bd6ca/execute/async - {"script":"<script> [6424 bytes]","args":[{"element-6066-11e4-a52e-4f735466cecf":"f.9ECBE097640FEBEC90B3ACB807EDA6BA.d.0454E72BF277026B5A0D5C82F3810565.e.1709"},"getTitle",[]]}
RESULT: {"script":"<script> [6424 bytes]","args":[{"element-6066-11e4-a52e-4f735466cecf":"f.9ECBE097640FEBEC90B3ACB807EDA6BA.d.0454E72BF277026B5A0D5C82F3810565.e.1709"},"getTitle",[]]}
RESULT: undefined
COMMAND: POST /session/0c7827ccc8759303351c6d5ad18bd6ca/element/f.9ECBE097640FEBEC90B3ACB807EDA6BA.d.0454E72BF277026B5A0D5C82F3810565.e.1641/click - {}
RESULT: {}
COMMAND: GET /session/0c7827ccc8759303351c6d5ad18bd6ca/screenshot - {}
RESULT: {}
]]></system-out>
    </testcase>
    <testcase classname="chrome.135_0_7049_96.windows.Sanity_Tests_US104253" name="Should open Manage Quotations page" time="39.074">
      <system-out><![CDATA[
COMMAND: POST /session/0c7827ccc8759303351c6d5ad18bd6ca/execute/async - {"script":"<script> [1562 bytes]","args":[{"selector":{"controlType":"sap.m.GenericTile","properties":{"header":"Manage Quotations"}},"wdio_ui5_key":"sapm.GenericTile{\"header\":\"Manage Quotations\"}"}]}
RESULT: {"script":"<script> [1562 bytes]","args":[{"selector":{"controlType":"sap.m.GenericTile","properties":{"header":"Manage Quotations"}},"wdio_ui5_key":"sapm.GenericTile{\"header\":\"Manage Quotations\"}"}]}
RESULT: undefined
COMMAND: POST /session/0c7827ccc8759303351c6d5ad18bd6ca/element - {"using":"xpath","value":"//*[@id=\"__tile132\"]"}
RESULT: {"using":"xpath","value":"//*[@id=\"__tile132\"]"}
COMMAND: POST /session/0c7827ccc8759303351c6d5ad18bd6ca/element/f.9ECBE097640FEBEC90B3ACB807EDA6BA.d.0454E72BF277026B5A0D5C82F3810565.e.1711/click - {}
RESULT: {}
COMMAND: GET /session/0c7827ccc8759303351c6d5ad18bd6ca/screenshot - {}
RESULT: {}
RESULT: undefined
COMMAND: POST /session/0c7827ccc8759303351c6d5ad18bd6ca/element - {"using":"xpath","value":"//*[@id=\"__tile132\"]"}
RESULT: {"using":"xpath","value":"//*[@id=\"__tile132\"]"}
COMMAND: POST /session/0c7827ccc8759303351c6d5ad18bd6ca/element/f.9ECBE097640FEBEC90B3ACB807EDA6BA.d.0454E72BF277026B5A0D5C82F3810565.e.1711/click - {}
RESULT: undefined
COMMAND: POST /session/0c7827ccc8759303351c6d5ad18bd6ca/element - {"using":"xpath","value":"//*[@id=\"__tile132\"]"}
RESULT: {"using":"xpath","value":"//*[@id=\"__tile132\"]"}
COMMAND: POST /session/0c7827ccc8759303351c6d5ad18bd6ca/element/f.9ECBE097640FEBEC90B3ACB807EDA6BA.d.0454E72BF277026B5A0D5C82F3810565.e.1711/click - {}
RESULT: undefined
COMMAND: POST /session/0c7827ccc8759303351c6d5ad18bd6ca/execute/async - {"script":"<script> [6424 bytes]","args":[{"element-6066-11e4-a52e-4f735466cecf":"f.9ECBE097640FEBEC90B3ACB807EDA6BA.d.0454E72BF277026B5A0D5C82F3810565.e.291"},"getTitle",[]]}
COMMAND: POST /session/0c7827ccc8759303351c6d5ad18bd6ca/execute/async - {"script":"<script> [1562 bytes]","args":[{"selector":{"id":"shellAppTitle"},"wdio_ui5_key":"shellAppTitle"}]}
RESULT: {"script":"<script> [1562 bytes]","args":[{"selector":{"id":"shellAppTitle"},"wdio_ui5_key":"shellAppTitle"}]}
COMMAND: POST /session/0c7827ccc8759303351c6d5ad18bd6ca/execute/async - {"script":"<script> [6424 bytes]","args":[{"element-6066-11e4-a52e-4f735466cecf":"f.9ECBE097640FEBEC90B3ACB807EDA6BA.d.0454E72BF277026B5A0D5C82F3810565.e.1818"},"getTitle",[]]}
RESULT: {"script":"<script> [6424 bytes]","args":[{"element-6066-11e4-a52e-4f735466cecf":"f.9ECBE097640FEBEC90B3ACB807EDA6BA.d.0454E72BF277026B5A0D5C82F3810565.e.1818"},"getTitle",[]]}
RESULT: undefined
COMMAND: POST /session/0c7827ccc8759303351c6d5ad18bd6ca/element/f.9ECBE097640FEBEC90B3ACB807EDA6BA.d.0454E72BF277026B5A0D5C82F3810565.e.1641/click - {}
COMMAND: POST /session/0c7827ccc8759303351c6d5ad18bd6ca/element - {"using":"xpath","value":"//*[@id=\"backBtn\"]"}
RESULT: {"using":"xpath","value":"//*[@id=\"backBtn\"]"}
COMMAND: POST /session/0c7827ccc8759303351c6d5ad18bd6ca/element/f.9ECBE097640FEBEC90B3ACB807EDA6BA.d.0454E72BF277026B5A0D5C82F3810565.e.1641/click - {}
COMMAND: POST /session/0c7827ccc8759303351c6d5ad18bd6ca/element - {"using":"xpath","value":"//*[@id=\"backBtn\"]"}
RESULT: {"using":"xpath","value":"//*[@id=\"backBtn\"]"}
COMMAND: POST /session/0c7827ccc8759303351c6d5ad18bd6ca/element/f.9ECBE097640FEBEC90B3ACB807EDA6BA.d.0454E72BF277026B5A0D5C82F3810565.e.1819/click - {}
RESULT: {}
COMMAND: GET /session/0c7827ccc8759303351c6d5ad18bd6ca/screenshot - {}
RESULT: {}
]]></system-out>
    </testcase>
    <testcase classname="chrome.135_0_7049_96.windows.Sanity_Tests_US104253" name="Should open Manage Handovers page" time="37.842">
      <system-out><![CDATA[
COMMAND: POST /session/0c7827ccc8759303351c6d5ad18bd6ca/execute/async - {"script":"<script> [1562 bytes]","args":[{"selector":{"controlType":"sap.m.GenericTile","properties":{"header":"Manage Handovers"}},"wdio_ui5_key":"sapm.GenericTile{\"header\":\"Manage Handovers\"}"}]}
RESULT: {"script":"<script> [1562 bytes]","args":[{"selector":{"controlType":"sap.m.GenericTile","properties":{"header":"Manage Handovers"}},"wdio_ui5_key":"sapm.GenericTile{\"header\":\"Manage Handovers\"}"}]}
RESULT: undefined
COMMAND: POST /session/0c7827ccc8759303351c6d5ad18bd6ca/element - {"using":"xpath","value":"//*[@id=\"__tile133\"]"}
RESULT: {"using":"xpath","value":"//*[@id=\"__tile133\"]"}
COMMAND: POST /session/0c7827ccc8759303351c6d5ad18bd6ca/element/f.9ECBE097640FEBEC90B3ACB807EDA6BA.d.0454E72BF277026B5A0D5C82F3810565.e.1821/click - {}
RESULT: {}
COMMAND: GET /session/0c7827ccc8759303351c6d5ad18bd6ca/screenshot - {}
RESULT: {}
RESULT: undefined
COMMAND: POST /session/0c7827ccc8759303351c6d5ad18bd6ca/element - {"using":"xpath","value":"//*[@id=\"__tile133\"]"}
RESULT: {"using":"xpath","value":"//*[@id=\"__tile133\"]"}
COMMAND: POST /session/0c7827ccc8759303351c6d5ad18bd6ca/element/f.9ECBE097640FEBEC90B3ACB807EDA6BA.d.0454E72BF277026B5A0D5C82F3810565.e.1821/click - {}
RESULT: undefined
COMMAND: POST /session/0c7827ccc8759303351c6d5ad18bd6ca/element - {"using":"xpath","value":"//*[@id=\"__tile133\"]"}
RESULT: {"using":"xpath","value":"//*[@id=\"__tile133\"]"}
COMMAND: POST /session/0c7827ccc8759303351c6d5ad18bd6ca/element/f.9ECBE097640FEBEC90B3ACB807EDA6BA.d.0454E72BF277026B5A0D5C82F3810565.e.1821/click - {}
RESULT: undefined
COMMAND: POST /session/0c7827ccc8759303351c6d5ad18bd6ca/execute/async - {"script":"<script> [6424 bytes]","args":[{"element-6066-11e4-a52e-4f735466cecf":"f.9ECBE097640FEBEC90B3ACB807EDA6BA.d.0454E72BF277026B5A0D5C82F3810565.e.291"},"getTitle",[]]}
COMMAND: POST /session/0c7827ccc8759303351c6d5ad18bd6ca/execute/async - {"script":"<script> [1562 bytes]","args":[{"selector":{"id":"shellAppTitle"},"wdio_ui5_key":"shellAppTitle"}]}
RESULT: {"script":"<script> [1562 bytes]","args":[{"selector":{"id":"shellAppTitle"},"wdio_ui5_key":"shellAppTitle"}]}
COMMAND: POST /session/0c7827ccc8759303351c6d5ad18bd6ca/execute/async - {"script":"<script> [6424 bytes]","args":[{"element-6066-11e4-a52e-4f735466cecf":"f.9ECBE097640FEBEC90B3ACB807EDA6BA.d.0454E72BF277026B5A0D5C82F3810565.e.1929"},"getTitle",[]]}
RESULT: {"script":"<script> [6424 bytes]","args":[{"element-6066-11e4-a52e-4f735466cecf":"f.9ECBE097640FEBEC90B3ACB807EDA6BA.d.0454E72BF277026B5A0D5C82F3810565.e.1929"},"getTitle",[]]}
RESULT: undefined
COMMAND: POST /session/0c7827ccc8759303351c6d5ad18bd6ca/element/f.9ECBE097640FEBEC90B3ACB807EDA6BA.d.0454E72BF277026B5A0D5C82F3810565.e.1819/click - {}
RESULT: {}
COMMAND: GET /session/0c7827ccc8759303351c6d5ad18bd6ca/screenshot - {}
RESULT: {}
]]></system-out>
    </testcase>
    <testcase classname="chrome.135_0_7049_96.windows.Sanity_Tests_US104253" name="Should open Delivery Monitor page" time="39.386">
      <system-out><![CDATA[
COMMAND: POST /session/0c7827ccc8759303351c6d5ad18bd6ca/execute/async - {"script":"<script> [1562 bytes]","args":[{"selector":{"controlType":"sap.m.GenericTile","properties":{"header":"Delivery Monitor"}},"wdio_ui5_key":"sapm.GenericTile{\"header\":\"Delivery Monitor\"}"}]}
RESULT: {"script":"<script> [1562 bytes]","args":[{"selector":{"controlType":"sap.m.GenericTile","properties":{"header":"Delivery Monitor"}},"wdio_ui5_key":"sapm.GenericTile{\"header\":\"Delivery Monitor\"}"}]}
RESULT: undefined
COMMAND: POST /session/0c7827ccc8759303351c6d5ad18bd6ca/element - {"using":"xpath","value":"//*[@id=\"__tile43\"]"}
RESULT: {"using":"xpath","value":"//*[@id=\"__tile43\"]"}
COMMAND: POST /session/0c7827ccc8759303351c6d5ad18bd6ca/element/f.9ECBE097640FEBEC90B3ACB807EDA6BA.d.0454E72BF277026B5A0D5C82F3810565.e.1931/click - {}
RESULT: {}
COMMAND: GET /session/0c7827ccc8759303351c6d5ad18bd6ca/screenshot - {}
RESULT: {}
RESULT: undefined
COMMAND: POST /session/0c7827ccc8759303351c6d5ad18bd6ca/element - {"using":"xpath","value":"//*[@id=\"__tile43\"]"}
RESULT: {"using":"xpath","value":"//*[@id=\"__tile43\"]"}
COMMAND: POST /session/0c7827ccc8759303351c6d5ad18bd6ca/element/f.9ECBE097640FEBEC90B3ACB807EDA6BA.d.0454E72BF277026B5A0D5C82F3810565.e.1931/click - {}
RESULT: undefined
COMMAND: POST /session/0c7827ccc8759303351c6d5ad18bd6ca/element - {"using":"xpath","value":"//*[@id=\"__tile43\"]"}
RESULT: {"using":"xpath","value":"//*[@id=\"__tile43\"]"}
COMMAND: POST /session/0c7827ccc8759303351c6d5ad18bd6ca/element/f.9ECBE097640FEBEC90B3ACB807EDA6BA.d.0454E72BF277026B5A0D5C82F3810565.e.1931/click - {}
RESULT: undefined
COMMAND: POST /session/0c7827ccc8759303351c6d5ad18bd6ca/execute/async - {"script":"<script> [6424 bytes]","args":[{"element-6066-11e4-a52e-4f735466cecf":"f.9ECBE097640FEBEC90B3ACB807EDA6BA.d.0454E72BF277026B5A0D5C82F3810565.e.291"},"getTitle",[]]}
COMMAND: POST /session/0c7827ccc8759303351c6d5ad18bd6ca/execute/async - {"script":"<script> [1562 bytes]","args":[{"selector":{"id":"shellAppTitle"},"wdio_ui5_key":"shellAppTitle"}]}
RESULT: {"script":"<script> [1562 bytes]","args":[{"selector":{"id":"shellAppTitle"},"wdio_ui5_key":"shellAppTitle"}]}
COMMAND: POST /session/0c7827ccc8759303351c6d5ad18bd6ca/execute/async - {"script":"<script> [6424 bytes]","args":[{"element-6066-11e4-a52e-4f735466cecf":"f.9ECBE097640FEBEC90B3ACB807EDA6BA.d.0454E72BF277026B5A0D5C82F3810565.e.2046"},"getTitle",[]]}
RESULT: {"script":"<script> [6424 bytes]","args":[{"element-6066-11e4-a52e-4f735466cecf":"f.9ECBE097640FEBEC90B3ACB807EDA6BA.d.0454E72BF277026B5A0D5C82F3810565.e.2046"},"getTitle",[]]}
RESULT: undefined
COMMAND: POST /session/0c7827ccc8759303351c6d5ad18bd6ca/element/f.9ECBE097640FEBEC90B3ACB807EDA6BA.d.0454E72BF277026B5A0D5C82F3810565.e.1819/click - {}
COMMAND: POST /session/0c7827ccc8759303351c6d5ad18bd6ca/element - {"using":"xpath","value":"//*[@id=\"backBtn\"]"}
RESULT: {"using":"xpath","value":"//*[@id=\"backBtn\"]"}
COMMAND: POST /session/0c7827ccc8759303351c6d5ad18bd6ca/element/f.9ECBE097640FEBEC90B3ACB807EDA6BA.d.0454E72BF277026B5A0D5C82F3810565.e.1819/click - {}
COMMAND: POST /session/0c7827ccc8759303351c6d5ad18bd6ca/element - {"using":"xpath","value":"//*[@id=\"backBtn\"]"}
RESULT: {"using":"xpath","value":"//*[@id=\"backBtn\"]"}
COMMAND: POST /session/0c7827ccc8759303351c6d5ad18bd6ca/element/f.9ECBE097640FEBEC90B3ACB807EDA6BA.d.0454E72BF277026B5A0D5C82F3810565.e.2047/click - {}
RESULT: {}
COMMAND: GET /session/0c7827ccc8759303351c6d5ad18bd6ca/screenshot - {}
RESULT: {}
]]></system-out>
    </testcase>
    <testcase classname="chrome.135_0_7049_96.windows.Sanity_Tests_US104253" name="Should open Manage Calendar Exceptions page" time="35.706">
      <system-out><![CDATA[
COMMAND: POST /session/0c7827ccc8759303351c6d5ad18bd6ca/execute/async - {"script":"<script> [1562 bytes]","args":[{"selector":{"controlType":"sap.m.GenericTile","properties":{"header":"Manage Calendar Exceptions"}},"wdio_ui5_key":"sapm.GenericTile{\"header\":\"Manage Calendar Exceptions\"}"}]}
RESULT: {"script":"<script> [1562 bytes]","args":[{"selector":{"controlType":"sap.m.GenericTile","properties":{"header":"Manage Calendar Exceptions"}},"wdio_ui5_key":"sapm.GenericTile{\"header\":\"Manage Calendar Exceptions\"}"}]}
RESULT: undefined
COMMAND: POST /session/0c7827ccc8759303351c6d5ad18bd6ca/element - {"using":"xpath","value":"//*[@id=\"__tile52\"]"}
RESULT: {"using":"xpath","value":"//*[@id=\"__tile52\"]"}
COMMAND: POST /session/0c7827ccc8759303351c6d5ad18bd6ca/element/f.9ECBE097640FEBEC90B3ACB807EDA6BA.d.0454E72BF277026B5A0D5C82F3810565.e.2049/click - {}
RESULT: {}
COMMAND: GET /session/0c7827ccc8759303351c6d5ad18bd6ca/screenshot - {}
RESULT: {}
RESULT: undefined
COMMAND: POST /session/0c7827ccc8759303351c6d5ad18bd6ca/element - {"using":"xpath","value":"//*[@id=\"__tile52\"]"}
RESULT: {"using":"xpath","value":"//*[@id=\"__tile52\"]"}
COMMAND: POST /session/0c7827ccc8759303351c6d5ad18bd6ca/element/f.9ECBE097640FEBEC90B3ACB807EDA6BA.d.0454E72BF277026B5A0D5C82F3810565.e.2049/click - {}
RESULT: undefined
COMMAND: POST /session/0c7827ccc8759303351c6d5ad18bd6ca/element - {"using":"xpath","value":"//*[@id=\"__tile52\"]"}
RESULT: {"using":"xpath","value":"//*[@id=\"__tile52\"]"}
COMMAND: POST /session/0c7827ccc8759303351c6d5ad18bd6ca/element/f.9ECBE097640FEBEC90B3ACB807EDA6BA.d.0454E72BF277026B5A0D5C82F3810565.e.2049/click - {}
RESULT: undefined
COMMAND: POST /session/0c7827ccc8759303351c6d5ad18bd6ca/execute/async - {"script":"<script> [6424 bytes]","args":[{"element-6066-11e4-a52e-4f735466cecf":"f.9ECBE097640FEBEC90B3ACB807EDA6BA.d.0454E72BF277026B5A0D5C82F3810565.e.291"},"getTitle",[]]}
COMMAND: POST /session/0c7827ccc8759303351c6d5ad18bd6ca/execute/async - {"script":"<script> [1562 bytes]","args":[{"selector":{"id":"shellAppTitle"},"wdio_ui5_key":"shellAppTitle"}]}
RESULT: {"script":"<script> [1562 bytes]","args":[{"selector":{"id":"shellAppTitle"},"wdio_ui5_key":"shellAppTitle"}]}
COMMAND: POST /session/0c7827ccc8759303351c6d5ad18bd6ca/execute/async - {"script":"<script> [6424 bytes]","args":[{"element-6066-11e4-a52e-4f735466cecf":"f.9ECBE097640FEBEC90B3ACB807EDA6BA.d.0454E72BF277026B5A0D5C82F3810565.e.2114"},"getTitle",[]]}
RESULT: {"script":"<script> [6424 bytes]","args":[{"element-6066-11e4-a52e-4f735466cecf":"f.9ECBE097640FEBEC90B3ACB807EDA6BA.d.0454E72BF277026B5A0D5C82F3810565.e.2114"},"getTitle",[]]}
RESULT: undefined
COMMAND: POST /session/0c7827ccc8759303351c6d5ad18bd6ca/element/f.9ECBE097640FEBEC90B3ACB807EDA6BA.d.0454E72BF277026B5A0D5C82F3810565.e.2047/click - {}
RESULT: {}
COMMAND: GET /session/0c7827ccc8759303351c6d5ad18bd6ca/screenshot - {}
RESULT: {}
]]></system-out>
    </testcase>
    <testcase classname="chrome.135_0_7049_96.windows.Sanity_Tests_US104253" name="Should open Manage States Performance page" time="36.583">
      <system-out><![CDATA[
COMMAND: POST /session/0c7827ccc8759303351c6d5ad18bd6ca/execute/async - {"script":"<script> [1562 bytes]","args":[{"selector":{"controlType":"sap.m.GenericTile","properties":{"header":"Manage States & Performance"}},"wdio_ui5_key":"sapm.GenericTile{\"header\":\"Manage States & Performance\"}"}]}
RESULT: {"script":"<script> [1562 bytes]","args":[{"selector":{"controlType":"sap.m.GenericTile","properties":{"header":"Manage States & Performance"}},"wdio_ui5_key":"sapm.GenericTile{\"header\":\"Manage States & Performance\"}"}]}
RESULT: undefined
COMMAND: POST /session/0c7827ccc8759303351c6d5ad18bd6ca/element - {"using":"xpath","value":"//*[@id=\"__tile56\"]"}
RESULT: {"using":"xpath","value":"//*[@id=\"__tile56\"]"}
COMMAND: POST /session/0c7827ccc8759303351c6d5ad18bd6ca/element/f.9ECBE097640FEBEC90B3ACB807EDA6BA.d.0454E72BF277026B5A0D5C82F3810565.e.2118/click - {}
RESULT: {}
COMMAND: GET /session/0c7827ccc8759303351c6d5ad18bd6ca/screenshot - {}
RESULT: {}
RESULT: undefined
COMMAND: POST /session/0c7827ccc8759303351c6d5ad18bd6ca/element - {"using":"xpath","value":"//*[@id=\"__tile56\"]"}
RESULT: {"using":"xpath","value":"//*[@id=\"__tile56\"]"}
COMMAND: POST /session/0c7827ccc8759303351c6d5ad18bd6ca/element/f.9ECBE097640FEBEC90B3ACB807EDA6BA.d.0454E72BF277026B5A0D5C82F3810565.e.2118/click - {}
RESULT: undefined
COMMAND: POST /session/0c7827ccc8759303351c6d5ad18bd6ca/element - {"using":"xpath","value":"//*[@id=\"__tile56\"]"}
RESULT: {"using":"xpath","value":"//*[@id=\"__tile56\"]"}
COMMAND: POST /session/0c7827ccc8759303351c6d5ad18bd6ca/element/f.9ECBE097640FEBEC90B3ACB807EDA6BA.d.0454E72BF277026B5A0D5C82F3810565.e.2118/click - {}
RESULT: undefined
COMMAND: POST /session/0c7827ccc8759303351c6d5ad18bd6ca/execute/async - {"script":"<script> [6424 bytes]","args":[{"element-6066-11e4-a52e-4f735466cecf":"f.9ECBE097640FEBEC90B3ACB807EDA6BA.d.0454E72BF277026B5A0D5C82F3810565.e.291"},"getTitle",[]]}
COMMAND: POST /session/0c7827ccc8759303351c6d5ad18bd6ca/execute/async - {"script":"<script> [1562 bytes]","args":[{"selector":{"id":"shellAppTitle"},"wdio_ui5_key":"shellAppTitle"}]}
RESULT: {"script":"<script> [1562 bytes]","args":[{"selector":{"id":"shellAppTitle"},"wdio_ui5_key":"shellAppTitle"}]}
COMMAND: POST /session/0c7827ccc8759303351c6d5ad18bd6ca/execute/async - {"script":"<script> [6424 bytes]","args":[{"element-6066-11e4-a52e-4f735466cecf":"f.9ECBE097640FEBEC90B3ACB807EDA6BA.d.0454E72BF277026B5A0D5C82F3810565.e.2218"},"getTitle",[]]}
RESULT: {"script":"<script> [6424 bytes]","args":[{"element-6066-11e4-a52e-4f735466cecf":"f.9ECBE097640FEBEC90B3ACB807EDA6BA.d.0454E72BF277026B5A0D5C82F3810565.e.2218"},"getTitle",[]]}
RESULT: undefined
COMMAND: POST /session/0c7827ccc8759303351c6d5ad18bd6ca/element/f.9ECBE097640FEBEC90B3ACB807EDA6BA.d.0454E72BF277026B5A0D5C82F3810565.e.2047/click - {}
COMMAND: POST /session/0c7827ccc8759303351c6d5ad18bd6ca/element - {"using":"xpath","value":"//*[@id=\"backBtn\"]"}
RESULT: {"using":"xpath","value":"//*[@id=\"backBtn\"]"}
COMMAND: POST /session/0c7827ccc8759303351c6d5ad18bd6ca/element/f.9ECBE097640FEBEC90B3ACB807EDA6BA.d.0454E72BF277026B5A0D5C82F3810565.e.2047/click - {}
COMMAND: POST /session/0c7827ccc8759303351c6d5ad18bd6ca/element - {"using":"xpath","value":"//*[@id=\"backBtn\"]"}
RESULT: {"using":"xpath","value":"//*[@id=\"backBtn\"]"}
COMMAND: POST /session/0c7827ccc8759303351c6d5ad18bd6ca/element/f.9ECBE097640FEBEC90B3ACB807EDA6BA.d.0454E72BF277026B5A0D5C82F3810565.e.2219/click - {}
RESULT: {}
COMMAND: GET /session/0c7827ccc8759303351c6d5ad18bd6ca/screenshot - {}
RESULT: {}
]]></system-out>
    </testcase>
    <testcase classname="chrome.135_0_7049_96.windows.Sanity_Tests_US104253" name="Should open Manage Billings page" time="42.171">
      <system-out><![CDATA[
COMMAND: POST /session/0c7827ccc8759303351c6d5ad18bd6ca/execute/async - {"script":"<script> [1562 bytes]","args":[{"selector":{"controlType":"sap.m.GenericTile","properties":{"header":"Manage Billings"}},"wdio_ui5_key":"sapm.GenericTile{\"header\":\"Manage Billings\"}"}]}
RESULT: {"script":"<script> [1562 bytes]","args":[{"selector":{"controlType":"sap.m.GenericTile","properties":{"header":"Manage Billings"}},"wdio_ui5_key":"sapm.GenericTile{\"header\":\"Manage Billings\"}"}]}
RESULT: undefined
COMMAND: POST /session/0c7827ccc8759303351c6d5ad18bd6ca/element - {"using":"xpath","value":"//*[@id=\"__tile51\"]"}
RESULT: {"using":"xpath","value":"//*[@id=\"__tile51\"]"}
COMMAND: POST /session/0c7827ccc8759303351c6d5ad18bd6ca/element/f.9ECBE097640FEBEC90B3ACB807EDA6BA.d.0454E72BF277026B5A0D5C82F3810565.e.2221/click - {}
RESULT: {}
COMMAND: GET /session/0c7827ccc8759303351c6d5ad18bd6ca/screenshot - {}
RESULT: {}
RESULT: undefined
COMMAND: POST /session/0c7827ccc8759303351c6d5ad18bd6ca/element - {"using":"xpath","value":"//*[@id=\"__tile51\"]"}
RESULT: {"using":"xpath","value":"//*[@id=\"__tile51\"]"}
COMMAND: POST /session/0c7827ccc8759303351c6d5ad18bd6ca/element/f.9ECBE097640FEBEC90B3ACB807EDA6BA.d.0454E72BF277026B5A0D5C82F3810565.e.2221/click - {}
RESULT: undefined
COMMAND: POST /session/0c7827ccc8759303351c6d5ad18bd6ca/element - {"using":"xpath","value":"//*[@id=\"__tile51\"]"}
RESULT: {"using":"xpath","value":"//*[@id=\"__tile51\"]"}
COMMAND: POST /session/0c7827ccc8759303351c6d5ad18bd6ca/element/f.9ECBE097640FEBEC90B3ACB807EDA6BA.d.0454E72BF277026B5A0D5C82F3810565.e.2221/click - {}
RESULT: undefined
COMMAND: POST /session/0c7827ccc8759303351c6d5ad18bd6ca/execute/async - {"script":"<script> [6424 bytes]","args":[{"element-6066-11e4-a52e-4f735466cecf":"f.9ECBE097640FEBEC90B3ACB807EDA6BA.d.0454E72BF277026B5A0D5C82F3810565.e.291"},"getTitle",[]]}
COMMAND: POST /session/0c7827ccc8759303351c6d5ad18bd6ca/execute/async - {"script":"<script> [1562 bytes]","args":[{"selector":{"id":"shellAppTitle"},"wdio_ui5_key":"shellAppTitle"}]}
RESULT: {"script":"<script> [1562 bytes]","args":[{"selector":{"id":"shellAppTitle"},"wdio_ui5_key":"shellAppTitle"}]}
COMMAND: POST /session/0c7827ccc8759303351c6d5ad18bd6ca/execute/async - {"script":"<script> [6424 bytes]","args":[{"element-6066-11e4-a52e-4f735466cecf":"f.9ECBE097640FEBEC90B3ACB807EDA6BA.d.0454E72BF277026B5A0D5C82F3810565.e.2461"},"getTitle",[]]}
RESULT: {"script":"<script> [6424 bytes]","args":[{"element-6066-11e4-a52e-4f735466cecf":"f.9ECBE097640FEBEC90B3ACB807EDA6BA.d.0454E72BF277026B5A0D5C82F3810565.e.2461"},"getTitle",[]]}
RESULT: undefined
COMMAND: POST /session/0c7827ccc8759303351c6d5ad18bd6ca/element/f.9ECBE097640FEBEC90B3ACB807EDA6BA.d.0454E72BF277026B5A0D5C82F3810565.e.2219/click - {}
COMMAND: POST /session/0c7827ccc8759303351c6d5ad18bd6ca/element/f.9ECBE097640FEBEC90B3ACB807EDA6BA.d.0454E72BF277026B5A0D5C82F3810565.e.2219/click - {}
RESULT: {}
COMMAND: GET /session/0c7827ccc8759303351c6d5ad18bd6ca/screenshot - {}
COMMAND: POST /session/0c7827ccc8759303351c6d5ad18bd6ca/element - {"using":"xpath","value":"//*[@id=\"backBtn\"]"}
RESULT: {}
RESULT: {"using":"xpath","value":"//*[@id=\"backBtn\"]"}
COMMAND: POST /session/0c7827ccc8759303351c6d5ad18bd6ca/elements - {"using":"xpath","value":"//*[@id=\"backBtn\"]"}
RESULT: {"using":"xpath","value":"//*[@id=\"backBtn\"]"}
COMMAND: POST /session/0c7827ccc8759303351c6d5ad18bd6ca/elements - {"using":"xpath","value":"//*[@id=\"backBtn\"]"}
RESULT: {"using":"xpath","value":"//*[@id=\"backBtn\"]"}
COMMAND: POST /session/0c7827ccc8759303351c6d5ad18bd6ca/elements - {"using":"xpath","value":"//*[@id=\"backBtn\"]"}
RESULT: {"using":"xpath","value":"//*[@id=\"backBtn\"]"}
COMMAND: POST /session/0c7827ccc8759303351c6d5ad18bd6ca/elements - {"using":"xpath","value":"//*[@id=\"backBtn\"]"}
RESULT: {"using":"xpath","value":"//*[@id=\"backBtn\"]"}
COMMAND: POST /session/0c7827ccc8759303351c6d5ad18bd6ca/elements - {"using":"xpath","value":"//*[@id=\"backBtn\"]"}
RESULT: {"using":"xpath","value":"//*[@id=\"backBtn\"]"}
COMMAND: POST /session/0c7827ccc8759303351c6d5ad18bd6ca/elements - {"using":"xpath","value":"//*[@id=\"backBtn\"]"}
RESULT: {"using":"xpath","value":"//*[@id=\"backBtn\"]"}
COMMAND: POST /session/0c7827ccc8759303351c6d5ad18bd6ca/elements - {"using":"xpath","value":"//*[@id=\"backBtn\"]"}
RESULT: {"using":"xpath","value":"//*[@id=\"backBtn\"]"}
COMMAND: POST /session/0c7827ccc8759303351c6d5ad18bd6ca/elements - {"using":"xpath","value":"//*[@id=\"backBtn\"]"}
RESULT: {"using":"xpath","value":"//*[@id=\"backBtn\"]"}
COMMAND: POST /session/0c7827ccc8759303351c6d5ad18bd6ca/elements - {"using":"xpath","value":"//*[@id=\"backBtn\"]"}
RESULT: {"using":"xpath","value":"//*[@id=\"backBtn\"]"}
COMMAND: POST /session/0c7827ccc8759303351c6d5ad18bd6ca/elements - {"using":"xpath","value":"//*[@id=\"backBtn\"]"}
RESULT: {"using":"xpath","value":"//*[@id=\"backBtn\"]"}
COMMAND: POST /session/0c7827ccc8759303351c6d5ad18bd6ca/elements - {"using":"xpath","value":"//*[@id=\"backBtn\"]"}
RESULT: {"using":"xpath","value":"//*[@id=\"backBtn\"]"}
COMMAND: POST /session/0c7827ccc8759303351c6d5ad18bd6ca/elements - {"using":"xpath","value":"//*[@id=\"backBtn\"]"}
RESULT: {"using":"xpath","value":"//*[@id=\"backBtn\"]"}
COMMAND: POST /session/0c7827ccc8759303351c6d5ad18bd6ca/elements - {"using":"xpath","value":"//*[@id=\"backBtn\"]"}
RESULT: {"using":"xpath","value":"//*[@id=\"backBtn\"]"}
COMMAND: POST /session/0c7827ccc8759303351c6d5ad18bd6ca/elements - {"using":"xpath","value":"//*[@id=\"backBtn\"]"}
RESULT: {"using":"xpath","value":"//*[@id=\"backBtn\"]"}
COMMAND: POST /session/0c7827ccc8759303351c6d5ad18bd6ca/elements - {"using":"xpath","value":"//*[@id=\"backBtn\"]"}
RESULT: {"using":"xpath","value":"//*[@id=\"backBtn\"]"}
COMMAND: POST /session/0c7827ccc8759303351c6d5ad18bd6ca/elements - {"using":"xpath","value":"//*[@id=\"backBtn\"]"}
RESULT: {"using":"xpath","value":"//*[@id=\"backBtn\"]"}
]]></system-out>
    </testcase>
    <testcase classname="chrome.135_0_7049_96.windows.Sanity_Tests_US104253" name="Should open Manage Conditions Prices page" time="50.235">
      <system-out><![CDATA[
COMMAND: POST /session/0c7827ccc8759303351c6d5ad18bd6ca/elements - {"using":"xpath","value":"//*[@id=\"backBtn\"]"}
COMMAND: POST /session/0c7827ccc8759303351c6d5ad18bd6ca/execute/async - {"script":"<script> [1562 bytes]","args":[{"selector":{"controlType":"sap.m.GenericTile","properties":{"header":"Manage Conditions & Prices"}},"wdio_ui5_key":"sapm.GenericTile{\"header\":\"Manage Conditions & Prices\"}"}]}
RESULT: {"using":"xpath","value":"//*[@id=\"backBtn\"]"}
COMMAND: POST /session/0c7827ccc8759303351c6d5ad18bd6ca/elements - {"using":"xpath","value":"//*[@id=\"backBtn\"]"}
RESULT: {"script":"<script> [1562 bytes]","args":[{"selector":{"controlType":"sap.m.GenericTile","properties":{"header":"Manage Conditions & Prices"}},"wdio_ui5_key":"sapm.GenericTile{\"header\":\"Manage Conditions & Prices\"}"}]}
RESULT: undefined
COMMAND: POST /session/0c7827ccc8759303351c6d5ad18bd6ca/element - {"using":"xpath","value":"//*[@id=\"__tile53\"]"}
RESULT: {"using":"xpath","value":"//*[@id=\"backBtn\"]"}
COMMAND: POST /session/0c7827ccc8759303351c6d5ad18bd6ca/elements - {"using":"xpath","value":"//*[@id=\"backBtn\"]"}
RESULT: {"using":"xpath","value":"//*[@id=\"__tile53\"]"}
COMMAND: POST /session/0c7827ccc8759303351c6d5ad18bd6ca/element/f.9ECBE097640FEBEC90B3ACB807EDA6BA.d.0454E72BF277026B5A0D5C82F3810565.e.2463/click - {}
RESULT: {"using":"xpath","value":"//*[@id=\"backBtn\"]"}
COMMAND: POST /session/0c7827ccc8759303351c6d5ad18bd6ca/elements - {"using":"xpath","value":"//*[@id=\"backBtn\"]"}
RESULT: {}
COMMAND: GET /session/0c7827ccc8759303351c6d5ad18bd6ca/screenshot - {}
RESULT: {"using":"xpath","value":"//*[@id=\"backBtn\"]"}
RESULT: {}
COMMAND: POST /session/0c7827ccc8759303351c6d5ad18bd6ca/elements - {"using":"xpath","value":"//*[@id=\"backBtn\"]"}
RESULT: {"using":"xpath","value":"//*[@id=\"backBtn\"]"}
COMMAND: POST /session/0c7827ccc8759303351c6d5ad18bd6ca/elements - {"using":"xpath","value":"//*[@id=\"backBtn\"]"}
RESULT: {"using":"xpath","value":"//*[@id=\"backBtn\"]"}
COMMAND: POST /session/0c7827ccc8759303351c6d5ad18bd6ca/elements - {"using":"xpath","value":"//*[@id=\"backBtn\"]"}
RESULT: undefined
COMMAND: POST /session/0c7827ccc8759303351c6d5ad18bd6ca/element - {"using":"xpath","value":"//*[@id=\"__tile53\"]"}
RESULT: {"using":"xpath","value":"//*[@id=\"backBtn\"]"}
COMMAND: POST /session/0c7827ccc8759303351c6d5ad18bd6ca/element - {"using":"xpath","value":"//*[@id=\"backBtn\"]"}
RESULT: {"using":"xpath","value":"//*[@id=\"__tile53\"]"}
COMMAND: POST /session/0c7827ccc8759303351c6d5ad18bd6ca/element/f.9ECBE097640FEBEC90B3ACB807EDA6BA.d.0454E72BF277026B5A0D5C82F3810565.e.2463/click - {}
RESULT: {"using":"xpath","value":"//*[@id=\"backBtn\"]"}
COMMAND: POST /session/0c7827ccc8759303351c6d5ad18bd6ca/element/f.9ECBE097640FEBEC90B3ACB807EDA6BA.d.0454E72BF277026B5A0D5C82F3810565.e.2219/click - {}
COMMAND: POST /session/0c7827ccc8759303351c6d5ad18bd6ca/element - {"using":"xpath","value":"//*[@id=\"backBtn\"]"}
RESULT: {"using":"xpath","value":"//*[@id=\"backBtn\"]"}
COMMAND: POST /session/0c7827ccc8759303351c6d5ad18bd6ca/element/f.9ECBE097640FEBEC90B3ACB807EDA6BA.d.0454E72BF277026B5A0D5C82F3810565.e.2467/click - {}
RESULT: {}
COMMAND: GET /session/0c7827ccc8759303351c6d5ad18bd6ca/screenshot - {}
RESULT: {}
RESULT: undefined
COMMAND: POST /session/0c7827ccc8759303351c6d5ad18bd6ca/element - {"using":"xpath","value":"//*[@id=\"__tile53\"]"}
COMMAND: GET /session/0c7827ccc8759303351c6d5ad18bd6ca/screenshot - {}
RESULT: {}
RESULT: {"using":"xpath","value":"//*[@id=\"__tile53\"]"}
COMMAND: POST /session/0c7827ccc8759303351c6d5ad18bd6ca/element/f.9ECBE097640FEBEC90B3ACB807EDA6BA.d.0454E72BF277026B5A0D5C82F3810565.e.2463/click - {}
RESULT: {}
RESULT: undefined
COMMAND: POST /session/0c7827ccc8759303351c6d5ad18bd6ca/execute/async - {"script":"<script> [6424 bytes]","args":[{"element-6066-11e4-a52e-4f735466cecf":"f.9ECBE097640FEBEC90B3ACB807EDA6BA.d.0454E72BF277026B5A0D5C82F3810565.e.291"},"getTitle",[]]}
COMMAND: POST /session/0c7827ccc8759303351c6d5ad18bd6ca/execute/async - {"script":"<script> [1562 bytes]","args":[{"selector":{"id":"shellAppTitle"},"wdio_ui5_key":"shellAppTitle"}]}
RESULT: {"script":"<script> [1562 bytes]","args":[{"selector":{"id":"shellAppTitle"},"wdio_ui5_key":"shellAppTitle"}]}
COMMAND: POST /session/0c7827ccc8759303351c6d5ad18bd6ca/execute/async - {"script":"<script> [6424 bytes]","args":[{"element-6066-11e4-a52e-4f735466cecf":"f.9ECBE097640FEBEC90B3ACB807EDA6BA.d.0454E72BF277026B5A0D5C82F3810565.e.2649"},"getTitle",[]]}
RESULT: {"script":"<script> [6424 bytes]","args":[{"element-6066-11e4-a52e-4f735466cecf":"f.9ECBE097640FEBEC90B3ACB807EDA6BA.d.0454E72BF277026B5A0D5C82F3810565.e.2649"},"getTitle",[]]}
RESULT: undefined
COMMAND: POST /session/0c7827ccc8759303351c6d5ad18bd6ca/element/f.9ECBE097640FEBEC90B3ACB807EDA6BA.d.0454E72BF277026B5A0D5C82F3810565.e.2467/click - {}
RESULT: {}
COMMAND: GET /session/0c7827ccc8759303351c6d5ad18bd6ca/screenshot - {}
RESULT: {}
]]></system-out>
    </testcase>
    <testcase classname="chrome.135_0_7049_96.windows.Sanity_Tests_US104253" name="Should open Billing Transfer page" time="37.228">
      <system-out><![CDATA[
COMMAND: POST /session/0c7827ccc8759303351c6d5ad18bd6ca/execute/async - {"script":"<script> [1562 bytes]","args":[{"selector":{"controlType":"sap.m.GenericTile","properties":{"header":"Billing Transfer"}},"wdio_ui5_key":"sapm.GenericTile{\"header\":\"Billing Transfer\"}"}]}
RESULT: {"script":"<script> [1562 bytes]","args":[{"selector":{"controlType":"sap.m.GenericTile","properties":{"header":"Billing Transfer"}},"wdio_ui5_key":"sapm.GenericTile{\"header\":\"Billing Transfer\"}"}]}
RESULT: undefined
COMMAND: POST /session/0c7827ccc8759303351c6d5ad18bd6ca/element - {"using":"xpath","value":"//*[@id=\"__tile50\"]"}
RESULT: {"using":"xpath","value":"//*[@id=\"__tile50\"]"}
COMMAND: POST /session/0c7827ccc8759303351c6d5ad18bd6ca/element/f.9ECBE097640FEBEC90B3ACB807EDA6BA.d.0454E72BF277026B5A0D5C82F3810565.e.2651/click - {}
RESULT: {}
COMMAND: GET /session/0c7827ccc8759303351c6d5ad18bd6ca/screenshot - {}
RESULT: {}
RESULT: undefined
COMMAND: POST /session/0c7827ccc8759303351c6d5ad18bd6ca/element - {"using":"xpath","value":"//*[@id=\"__tile50\"]"}
RESULT: {"using":"xpath","value":"//*[@id=\"__tile50\"]"}
COMMAND: POST /session/0c7827ccc8759303351c6d5ad18bd6ca/element/f.9ECBE097640FEBEC90B3ACB807EDA6BA.d.0454E72BF277026B5A0D5C82F3810565.e.2651/click - {}
RESULT: undefined
COMMAND: POST /session/0c7827ccc8759303351c6d5ad18bd6ca/element - {"using":"xpath","value":"//*[@id=\"__tile50\"]"}
RESULT: {"using":"xpath","value":"//*[@id=\"__tile50\"]"}
COMMAND: POST /session/0c7827ccc8759303351c6d5ad18bd6ca/element/f.9ECBE097640FEBEC90B3ACB807EDA6BA.d.0454E72BF277026B5A0D5C82F3810565.e.2651/click - {}
RESULT: undefined
COMMAND: POST /session/0c7827ccc8759303351c6d5ad18bd6ca/execute/async - {"script":"<script> [6424 bytes]","args":[{"element-6066-11e4-a52e-4f735466cecf":"f.9ECBE097640FEBEC90B3ACB807EDA6BA.d.0454E72BF277026B5A0D5C82F3810565.e.291"},"getTitle",[]]}
COMMAND: POST /session/0c7827ccc8759303351c6d5ad18bd6ca/execute/async - {"script":"<script> [1562 bytes]","args":[{"selector":{"id":"shellAppTitle"},"wdio_ui5_key":"shellAppTitle"}]}
RESULT: {"script":"<script> [1562 bytes]","args":[{"selector":{"id":"shellAppTitle"},"wdio_ui5_key":"shellAppTitle"}]}
COMMAND: POST /session/0c7827ccc8759303351c6d5ad18bd6ca/execute/async - {"script":"<script> [6424 bytes]","args":[{"element-6066-11e4-a52e-4f735466cecf":"f.9ECBE097640FEBEC90B3ACB807EDA6BA.d.0454E72BF277026B5A0D5C82F3810565.e.2989"},"getTitle",[]]}
RESULT: {"script":"<script> [6424 bytes]","args":[{"element-6066-11e4-a52e-4f735466cecf":"f.9ECBE097640FEBEC90B3ACB807EDA6BA.d.0454E72BF277026B5A0D5C82F3810565.e.2989"},"getTitle",[]]}
RESULT: undefined
COMMAND: POST /session/0c7827ccc8759303351c6d5ad18bd6ca/element/f.9ECBE097640FEBEC90B3ACB807EDA6BA.d.0454E72BF277026B5A0D5C82F3810565.e.2467/click - {}
COMMAND: POST /session/0c7827ccc8759303351c6d5ad18bd6ca/element - {"using":"xpath","value":"//*[@id=\"backBtn\"]"}
RESULT: {"using":"xpath","value":"//*[@id=\"backBtn\"]"}
COMMAND: POST /session/0c7827ccc8759303351c6d5ad18bd6ca/element/f.9ECBE097640FEBEC90B3ACB807EDA6BA.d.0454E72BF277026B5A0D5C82F3810565.e.2467/click - {}
COMMAND: POST /session/0c7827ccc8759303351c6d5ad18bd6ca/element - {"using":"xpath","value":"//*[@id=\"backBtn\"]"}
RESULT: {"using":"xpath","value":"//*[@id=\"backBtn\"]"}
COMMAND: POST /session/0c7827ccc8759303351c6d5ad18bd6ca/element/f.9ECBE097640FEBEC90B3ACB807EDA6BA.d.0454E72BF277026B5A0D5C82F3810565.e.2990/click - {}
RESULT: {}
COMMAND: GET /session/0c7827ccc8759303351c6d5ad18bd6ca/screenshot - {}
RESULT: {}
]]></system-out>
    </testcase>
    <testcase classname="chrome.135_0_7049_96.windows.Sanity_Tests_US104253" name="Should open Manage Pricing Rules page" time="42.652">
      <system-out><![CDATA[
COMMAND: POST /session/0c7827ccc8759303351c6d5ad18bd6ca/execute/async - {"script":"<script> [1562 bytes]","args":[{"selector":{"controlType":"sap.m.GenericTile","properties":{"header":"Manage Pricing Rules"}},"wdio_ui5_key":"sapm.GenericTile{\"header\":\"Manage Pricing Rules\"}"}]}
RESULT: {"script":"<script> [1562 bytes]","args":[{"selector":{"controlType":"sap.m.GenericTile","properties":{"header":"Manage Pricing Rules"}},"wdio_ui5_key":"sapm.GenericTile{\"header\":\"Manage Pricing Rules\"}"}]}
RESULT: undefined
COMMAND: POST /session/0c7827ccc8759303351c6d5ad18bd6ca/element - {"using":"xpath","value":"//*[@id=\"__tile55\"]"}
RESULT: {"using":"xpath","value":"//*[@id=\"__tile55\"]"}
COMMAND: POST /session/0c7827ccc8759303351c6d5ad18bd6ca/element/f.9ECBE097640FEBEC90B3ACB807EDA6BA.d.0454E72BF277026B5A0D5C82F3810565.e.2992/click - {}
RESULT: {}
COMMAND: GET /session/0c7827ccc8759303351c6d5ad18bd6ca/screenshot - {}
RESULT: {}
RESULT: undefined
COMMAND: POST /session/0c7827ccc8759303351c6d5ad18bd6ca/element - {"using":"xpath","value":"//*[@id=\"__tile55\"]"}
RESULT: {"using":"xpath","value":"//*[@id=\"__tile55\"]"}
COMMAND: POST /session/0c7827ccc8759303351c6d5ad18bd6ca/element/f.9ECBE097640FEBEC90B3ACB807EDA6BA.d.0454E72BF277026B5A0D5C82F3810565.e.2992/click - {}
RESULT: undefined
COMMAND: POST /session/0c7827ccc8759303351c6d5ad18bd6ca/element - {"using":"xpath","value":"//*[@id=\"__tile55\"]"}
RESULT: {"using":"xpath","value":"//*[@id=\"__tile55\"]"}
COMMAND: POST /session/0c7827ccc8759303351c6d5ad18bd6ca/element/f.9ECBE097640FEBEC90B3ACB807EDA6BA.d.0454E72BF277026B5A0D5C82F3810565.e.2992/click - {}
RESULT: undefined
COMMAND: POST /session/0c7827ccc8759303351c6d5ad18bd6ca/execute/async - {"script":"<script> [6424 bytes]","args":[{"element-6066-11e4-a52e-4f735466cecf":"f.9ECBE097640FEBEC90B3ACB807EDA6BA.d.0454E72BF277026B5A0D5C82F3810565.e.291"},"getTitle",[]]}
COMMAND: POST /session/0c7827ccc8759303351c6d5ad18bd6ca/execute/async - {"script":"<script> [1562 bytes]","args":[{"selector":{"id":"shellAppTitle"},"wdio_ui5_key":"shellAppTitle"}]}
RESULT: {"script":"<script> [1562 bytes]","args":[{"selector":{"id":"shellAppTitle"},"wdio_ui5_key":"shellAppTitle"}]}
COMMAND: POST /session/0c7827ccc8759303351c6d5ad18bd6ca/execute/async - {"script":"<script> [6424 bytes]","args":[{"element-6066-11e4-a52e-4f735466cecf":"f.9ECBE097640FEBEC90B3ACB807EDA6BA.d.0454E72BF277026B5A0D5C82F3810565.e.3022"},"getTitle",[]]}
RESULT: {"script":"<script> [6424 bytes]","args":[{"element-6066-11e4-a52e-4f735466cecf":"f.9ECBE097640FEBEC90B3ACB807EDA6BA.d.0454E72BF277026B5A0D5C82F3810565.e.3022"},"getTitle",[]]}
RESULT: undefined
COMMAND: POST /session/0c7827ccc8759303351c6d5ad18bd6ca/element/f.9ECBE097640FEBEC90B3ACB807EDA6BA.d.0454E72BF277026B5A0D5C82F3810565.e.2990/click - {}
RESULT: {}
COMMAND: GET /session/0c7827ccc8759303351c6d5ad18bd6ca/screenshot - {}
RESULT: {}
]]></system-out>
    </testcase>
    <testcase classname="chrome.135_0_7049_96.windows.Sanity_Tests_US104253" name="Should open Manage Price Determination Matrices page" time="36.445">
      <system-out><![CDATA[
COMMAND: POST /session/0c7827ccc8759303351c6d5ad18bd6ca/execute/async - {"script":"<script> [1562 bytes]","args":[{"selector":{"controlType":"sap.m.GenericTile","properties":{"header":"Manage Price Determination Matrices"}},"wdio_ui5_key":"sapm.GenericTile{\"header\":\"Manage Price Determination Matrices\"}"}]}
RESULT: {"script":"<script> [1562 bytes]","args":[{"selector":{"controlType":"sap.m.GenericTile","properties":{"header":"Manage Price Determination Matrices"}},"wdio_ui5_key":"sapm.GenericTile{\"header\":\"Manage Price Determination Matrices\"}"}]}
RESULT: undefined
COMMAND: POST /session/0c7827ccc8759303351c6d5ad18bd6ca/element - {"using":"xpath","value":"//*[@id=\"__tile54\"]"}
RESULT: {"using":"xpath","value":"//*[@id=\"__tile54\"]"}
COMMAND: POST /session/0c7827ccc8759303351c6d5ad18bd6ca/element/f.9ECBE097640FEBEC90B3ACB807EDA6BA.d.0454E72BF277026B5A0D5C82F3810565.e.3024/click - {}
RESULT: {}
COMMAND: GET /session/0c7827ccc8759303351c6d5ad18bd6ca/screenshot - {}
RESULT: {}
RESULT: undefined
COMMAND: POST /session/0c7827ccc8759303351c6d5ad18bd6ca/element - {"using":"xpath","value":"//*[@id=\"__tile54\"]"}
RESULT: {"using":"xpath","value":"//*[@id=\"__tile54\"]"}
COMMAND: POST /session/0c7827ccc8759303351c6d5ad18bd6ca/element/f.9ECBE097640FEBEC90B3ACB807EDA6BA.d.0454E72BF277026B5A0D5C82F3810565.e.3024/click - {}
RESULT: undefined
COMMAND: POST /session/0c7827ccc8759303351c6d5ad18bd6ca/element - {"using":"xpath","value":"//*[@id=\"__tile54\"]"}
RESULT: {"using":"xpath","value":"//*[@id=\"__tile54\"]"}
COMMAND: POST /session/0c7827ccc8759303351c6d5ad18bd6ca/element/f.9ECBE097640FEBEC90B3ACB807EDA6BA.d.0454E72BF277026B5A0D5C82F3810565.e.3024/click - {}
RESULT: undefined
COMMAND: POST /session/0c7827ccc8759303351c6d5ad18bd6ca/execute/async - {"script":"<script> [6424 bytes]","args":[{"element-6066-11e4-a52e-4f735466cecf":"f.9ECBE097640FEBEC90B3ACB807EDA6BA.d.0454E72BF277026B5A0D5C82F3810565.e.291"},"getTitle",[]]}
COMMAND: POST /session/0c7827ccc8759303351c6d5ad18bd6ca/execute/async - {"script":"<script> [1562 bytes]","args":[{"selector":{"id":"shellAppTitle"},"wdio_ui5_key":"shellAppTitle"}]}
RESULT: {"script":"<script> [1562 bytes]","args":[{"selector":{"id":"shellAppTitle"},"wdio_ui5_key":"shellAppTitle"}]}
COMMAND: POST /session/0c7827ccc8759303351c6d5ad18bd6ca/execute/async - {"script":"<script> [6424 bytes]","args":[{"element-6066-11e4-a52e-4f735466cecf":"f.9ECBE097640FEBEC90B3ACB807EDA6BA.d.0454E72BF277026B5A0D5C82F3810565.e.3113"},"getTitle",[]]}
RESULT: {"script":"<script> [6424 bytes]","args":[{"element-6066-11e4-a52e-4f735466cecf":"f.9ECBE097640FEBEC90B3ACB807EDA6BA.d.0454E72BF277026B5A0D5C82F3810565.e.3113"},"getTitle",[]]}
RESULT: undefined
COMMAND: POST /session/0c7827ccc8759303351c6d5ad18bd6ca/element/f.9ECBE097640FEBEC90B3ACB807EDA6BA.d.0454E72BF277026B5A0D5C82F3810565.e.2990/click - {}
COMMAND: POST /session/0c7827ccc8759303351c6d5ad18bd6ca/element - {"using":"xpath","value":"//*[@id=\"backBtn\"]"}
RESULT: {"using":"xpath","value":"//*[@id=\"backBtn\"]"}
COMMAND: POST /session/0c7827ccc8759303351c6d5ad18bd6ca/element/f.9ECBE097640FEBEC90B3ACB807EDA6BA.d.0454E72BF277026B5A0D5C82F3810565.e.2990/click - {}
COMMAND: POST /session/0c7827ccc8759303351c6d5ad18bd6ca/element - {"using":"xpath","value":"//*[@id=\"backBtn\"]"}
RESULT: {"using":"xpath","value":"//*[@id=\"backBtn\"]"}
COMMAND: POST /session/0c7827ccc8759303351c6d5ad18bd6ca/element/f.9ECBE097640FEBEC90B3ACB807EDA6BA.d.0454E72BF277026B5A0D5C82F3810565.e.3114/click - {}
RESULT: {}
COMMAND: GET /session/0c7827ccc8759303351c6d5ad18bd6ca/screenshot - {}
RESULT: {}
]]></system-out>
    </testcase>
    <testcase classname="chrome.135_0_7049_96.windows.Sanity_Tests_US104253" name="Should open Yard Overview page" time="36.962">
      <system-out><![CDATA[
COMMAND: POST /session/0c7827ccc8759303351c6d5ad18bd6ca/execute/async - {"script":"<script> [1562 bytes]","args":[{"selector":{"controlType":"sap.m.GenericTile","properties":{"header":"Yard Overview"}},"wdio_ui5_key":"sapm.GenericTile{\"header\":\"Yard Overview\"}"}]}
RESULT: {"script":"<script> [1562 bytes]","args":[{"selector":{"controlType":"sap.m.GenericTile","properties":{"header":"Yard Overview"}},"wdio_ui5_key":"sapm.GenericTile{\"header\":\"Yard Overview\"}"}]}
RESULT: undefined
COMMAND: POST /session/0c7827ccc8759303351c6d5ad18bd6ca/element - {"using":"xpath","value":"//*[@id=\"__tile102\"]"}
RESULT: {"using":"xpath","value":"//*[@id=\"__tile102\"]"}
COMMAND: POST /session/0c7827ccc8759303351c6d5ad18bd6ca/element/f.9ECBE097640FEBEC90B3ACB807EDA6BA.d.0454E72BF277026B5A0D5C82F3810565.e.3116/click - {}
RESULT: {}
COMMAND: GET /session/0c7827ccc8759303351c6d5ad18bd6ca/screenshot - {}
RESULT: {}
RESULT: undefined
COMMAND: POST /session/0c7827ccc8759303351c6d5ad18bd6ca/element - {"using":"xpath","value":"//*[@id=\"__tile102\"]"}
RESULT: {"using":"xpath","value":"//*[@id=\"__tile102\"]"}
COMMAND: POST /session/0c7827ccc8759303351c6d5ad18bd6ca/element/f.9ECBE097640FEBEC90B3ACB807EDA6BA.d.0454E72BF277026B5A0D5C82F3810565.e.3116/click - {}
RESULT: undefined
COMMAND: POST /session/0c7827ccc8759303351c6d5ad18bd6ca/element - {"using":"xpath","value":"//*[@id=\"__tile102\"]"}
RESULT: {"using":"xpath","value":"//*[@id=\"__tile102\"]"}
COMMAND: POST /session/0c7827ccc8759303351c6d5ad18bd6ca/element/f.9ECBE097640FEBEC90B3ACB807EDA6BA.d.0454E72BF277026B5A0D5C82F3810565.e.3116/click - {}
RESULT: undefined
COMMAND: POST /session/0c7827ccc8759303351c6d5ad18bd6ca/execute/async - {"script":"<script> [6424 bytes]","args":[{"element-6066-11e4-a52e-4f735466cecf":"f.9ECBE097640FEBEC90B3ACB807EDA6BA.d.0454E72BF277026B5A0D5C82F3810565.e.291"},"getTitle",[]]}
COMMAND: POST /session/0c7827ccc8759303351c6d5ad18bd6ca/execute/async - {"script":"<script> [1562 bytes]","args":[{"selector":{"id":"shellAppTitle"},"wdio_ui5_key":"shellAppTitle"}]}
RESULT: {"script":"<script> [1562 bytes]","args":[{"selector":{"id":"shellAppTitle"},"wdio_ui5_key":"shellAppTitle"}]}
COMMAND: POST /session/0c7827ccc8759303351c6d5ad18bd6ca/execute/async - {"script":"<script> [6424 bytes]","args":[{"element-6066-11e4-a52e-4f735466cecf":"f.9ECBE097640FEBEC90B3ACB807EDA6BA.d.0454E72BF277026B5A0D5C82F3810565.e.3175"},"getTitle",[]]}
RESULT: {"script":"<script> [6424 bytes]","args":[{"element-6066-11e4-a52e-4f735466cecf":"f.9ECBE097640FEBEC90B3ACB807EDA6BA.d.0454E72BF277026B5A0D5C82F3810565.e.3175"},"getTitle",[]]}
RESULT: undefined
COMMAND: POST /session/0c7827ccc8759303351c6d5ad18bd6ca/element/f.9ECBE097640FEBEC90B3ACB807EDA6BA.d.0454E72BF277026B5A0D5C82F3810565.e.3114/click - {}
RESULT: {}
COMMAND: GET /session/0c7827ccc8759303351c6d5ad18bd6ca/screenshot - {}
RESULT: {}
]]></system-out>
    </testcase>
    <testcase classname="chrome.135_0_7049_96.windows.Sanity_Tests_US104253" name="Should open Site Overview page" time="35.14">
      <system-out><![CDATA[
COMMAND: POST /session/0c7827ccc8759303351c6d5ad18bd6ca/execute/async - {"script":"<script> [1562 bytes]","args":[{"selector":{"controlType":"sap.m.GenericTile","properties":{"header":"Site Overview"}},"wdio_ui5_key":"sapm.GenericTile{\"header\":\"Site Overview\"}"}]}
RESULT: {"script":"<script> [1562 bytes]","args":[{"selector":{"controlType":"sap.m.GenericTile","properties":{"header":"Site Overview"}},"wdio_ui5_key":"sapm.GenericTile{\"header\":\"Site Overview\"}"}]}
RESULT: undefined
COMMAND: POST /session/0c7827ccc8759303351c6d5ad18bd6ca/element - {"using":"xpath","value":"//*[@id=\"__tile100\"]"}
RESULT: {"using":"xpath","value":"//*[@id=\"__tile100\"]"}
COMMAND: POST /session/0c7827ccc8759303351c6d5ad18bd6ca/element/f.9ECBE097640FEBEC90B3ACB807EDA6BA.d.0454E72BF277026B5A0D5C82F3810565.e.3178/click - {}
RESULT: {}
COMMAND: GET /session/0c7827ccc8759303351c6d5ad18bd6ca/screenshot - {}
RESULT: {}
RESULT: undefined
COMMAND: POST /session/0c7827ccc8759303351c6d5ad18bd6ca/element - {"using":"xpath","value":"//*[@id=\"__tile100\"]"}
RESULT: {"using":"xpath","value":"//*[@id=\"__tile100\"]"}
COMMAND: POST /session/0c7827ccc8759303351c6d5ad18bd6ca/element/f.9ECBE097640FEBEC90B3ACB807EDA6BA.d.0454E72BF277026B5A0D5C82F3810565.e.3178/click - {}
RESULT: undefined
COMMAND: POST /session/0c7827ccc8759303351c6d5ad18bd6ca/element - {"using":"xpath","value":"//*[@id=\"__tile100\"]"}
RESULT: {"using":"xpath","value":"//*[@id=\"__tile100\"]"}
COMMAND: POST /session/0c7827ccc8759303351c6d5ad18bd6ca/element/f.9ECBE097640FEBEC90B3ACB807EDA6BA.d.0454E72BF277026B5A0D5C82F3810565.e.3178/click - {}
RESULT: undefined
COMMAND: POST /session/0c7827ccc8759303351c6d5ad18bd6ca/execute/async - {"script":"<script> [6424 bytes]","args":[{"element-6066-11e4-a52e-4f735466cecf":"f.9ECBE097640FEBEC90B3ACB807EDA6BA.d.0454E72BF277026B5A0D5C82F3810565.e.291"},"getTitle",[]]}
COMMAND: POST /session/0c7827ccc8759303351c6d5ad18bd6ca/execute/async - {"script":"<script> [1562 bytes]","args":[{"selector":{"id":"shellAppTitle"},"wdio_ui5_key":"shellAppTitle"}]}
RESULT: {"script":"<script> [1562 bytes]","args":[{"selector":{"id":"shellAppTitle"},"wdio_ui5_key":"shellAppTitle"}]}
COMMAND: POST /session/0c7827ccc8759303351c6d5ad18bd6ca/execute/async - {"script":"<script> [6424 bytes]","args":[{"element-6066-11e4-a52e-4f735466cecf":"f.9ECBE097640FEBEC90B3ACB807EDA6BA.d.0454E72BF277026B5A0D5C82F3810565.e.3300"},"getTitle",[]]}
RESULT: {"script":"<script> [6424 bytes]","args":[{"element-6066-11e4-a52e-4f735466cecf":"f.9ECBE097640FEBEC90B3ACB807EDA6BA.d.0454E72BF277026B5A0D5C82F3810565.e.3300"},"getTitle",[]]}
RESULT: undefined
COMMAND: POST /session/0c7827ccc8759303351c6d5ad18bd6ca/element/f.9ECBE097640FEBEC90B3ACB807EDA6BA.d.0454E72BF277026B5A0D5C82F3810565.e.3114/click - {}
COMMAND: POST /session/0c7827ccc8759303351c6d5ad18bd6ca/element - {"using":"xpath","value":"//*[@id=\"backBtn\"]"}
RESULT: {"using":"xpath","value":"//*[@id=\"backBtn\"]"}
COMMAND: POST /session/0c7827ccc8759303351c6d5ad18bd6ca/element/f.9ECBE097640FEBEC90B3ACB807EDA6BA.d.0454E72BF277026B5A0D5C82F3810565.e.3114/click - {}
COMMAND: POST /session/0c7827ccc8759303351c6d5ad18bd6ca/element - {"using":"xpath","value":"//*[@id=\"backBtn\"]"}
RESULT: {"using":"xpath","value":"//*[@id=\"backBtn\"]"}
COMMAND: POST /session/0c7827ccc8759303351c6d5ad18bd6ca/element/f.9ECBE097640FEBEC90B3ACB807EDA6BA.d.0454E72BF277026B5A0D5C82F3810565.e.3301/click - {}
RESULT: {}
COMMAND: GET /session/0c7827ccc8759303351c6d5ad18bd6ca/screenshot - {}
RESULT: {}
]]></system-out>
    </testcase>
    <testcase classname="chrome.135_0_7049_96.windows.Sanity_Tests_US104253" name="Should open Trace Track Resources page" time="36.447">
      <system-out><![CDATA[
COMMAND: POST /session/0c7827ccc8759303351c6d5ad18bd6ca/execute/async - {"script":"<script> [1562 bytes]","args":[{"selector":{"controlType":"sap.m.GenericTile","properties":{"header":"Trace & Track Resources"}},"wdio_ui5_key":"sapm.GenericTile{\"header\":\"Trace & Track Resources\"}"}]}
RESULT: {"script":"<script> [1562 bytes]","args":[{"selector":{"controlType":"sap.m.GenericTile","properties":{"header":"Trace & Track Resources"}},"wdio_ui5_key":"sapm.GenericTile{\"header\":\"Trace & Track Resources\"}"}]}
RESULT: undefined
COMMAND: POST /session/0c7827ccc8759303351c6d5ad18bd6ca/element - {"using":"xpath","value":"//*[@id=\"__tile101\"]"}
RESULT: {"using":"xpath","value":"//*[@id=\"__tile101\"]"}
COMMAND: POST /session/0c7827ccc8759303351c6d5ad18bd6ca/element/f.9ECBE097640FEBEC90B3ACB807EDA6BA.d.0454E72BF277026B5A0D5C82F3810565.e.3303/click - {}
RESULT: {}
COMMAND: GET /session/0c7827ccc8759303351c6d5ad18bd6ca/screenshot - {}
RESULT: {}
RESULT: undefined
COMMAND: POST /session/0c7827ccc8759303351c6d5ad18bd6ca/element - {"using":"xpath","value":"//*[@id=\"__tile101\"]"}
RESULT: {"using":"xpath","value":"//*[@id=\"__tile101\"]"}
COMMAND: POST /session/0c7827ccc8759303351c6d5ad18bd6ca/element/f.9ECBE097640FEBEC90B3ACB807EDA6BA.d.0454E72BF277026B5A0D5C82F3810565.e.3303/click - {}
RESULT: undefined
COMMAND: POST /session/0c7827ccc8759303351c6d5ad18bd6ca/element - {"using":"xpath","value":"//*[@id=\"__tile101\"]"}
RESULT: {"using":"xpath","value":"//*[@id=\"__tile101\"]"}
COMMAND: POST /session/0c7827ccc8759303351c6d5ad18bd6ca/element/f.9ECBE097640FEBEC90B3ACB807EDA6BA.d.0454E72BF277026B5A0D5C82F3810565.e.3303/click - {}
RESULT: undefined
COMMAND: POST /session/0c7827ccc8759303351c6d5ad18bd6ca/execute/async - {"script":"<script> [6424 bytes]","args":[{"element-6066-11e4-a52e-4f735466cecf":"f.9ECBE097640FEBEC90B3ACB807EDA6BA.d.0454E72BF277026B5A0D5C82F3810565.e.291"},"getTitle",[]]}
COMMAND: POST /session/0c7827ccc8759303351c6d5ad18bd6ca/execute/async - {"script":"<script> [1562 bytes]","args":[{"selector":{"id":"shellAppTitle"},"wdio_ui5_key":"shellAppTitle"}]}
RESULT: {"script":"<script> [1562 bytes]","args":[{"selector":{"id":"shellAppTitle"},"wdio_ui5_key":"shellAppTitle"}]}
COMMAND: POST /session/0c7827ccc8759303351c6d5ad18bd6ca/execute/async - {"script":"<script> [6424 bytes]","args":[{"element-6066-11e4-a52e-4f735466cecf":"f.9ECBE097640FEBEC90B3ACB807EDA6BA.d.0454E72BF277026B5A0D5C82F3810565.e.3336"},"getTitle",[]]}
RESULT: {"script":"<script> [6424 bytes]","args":[{"element-6066-11e4-a52e-4f735466cecf":"f.9ECBE097640FEBEC90B3ACB807EDA6BA.d.0454E72BF277026B5A0D5C82F3810565.e.3336"},"getTitle",[]]}
RESULT: undefined
COMMAND: POST /session/0c7827ccc8759303351c6d5ad18bd6ca/element/f.9ECBE097640FEBEC90B3ACB807EDA6BA.d.0454E72BF277026B5A0D5C82F3810565.e.3301/click - {}
RESULT: {}
COMMAND: GET /session/0c7827ccc8759303351c6d5ad18bd6ca/screenshot - {}
RESULT: {}
]]></system-out>
    </testcase>
    <testcase classname="chrome.135_0_7049_96.windows.Sanity_Tests_US104253" name="Should open RU Inventory List page" time="36.415">
      <system-out><![CDATA[
COMMAND: POST /session/0c7827ccc8759303351c6d5ad18bd6ca/execute/async - {"script":"<script> [1562 bytes]","args":[{"selector":{"controlType":"sap.m.GenericTile","properties":{"header":"RU Inventory List"}},"wdio_ui5_key":"sapm.GenericTile{\"header\":\"RU Inventory List\"}"}]}
RESULT: {"script":"<script> [1562 bytes]","args":[{"selector":{"controlType":"sap.m.GenericTile","properties":{"header":"RU Inventory List"}},"wdio_ui5_key":"sapm.GenericTile{\"header\":\"RU Inventory List\"}"}]}
RESULT: undefined
COMMAND: POST /session/0c7827ccc8759303351c6d5ad18bd6ca/element - {"using":"xpath","value":"//*[@id=\"__tile99\"]"}
RESULT: {"using":"xpath","value":"//*[@id=\"__tile99\"]"}
COMMAND: POST /session/0c7827ccc8759303351c6d5ad18bd6ca/element/f.9ECBE097640FEBEC90B3ACB807EDA6BA.d.0454E72BF277026B5A0D5C82F3810565.e.3338/click - {}
RESULT: {}
COMMAND: GET /session/0c7827ccc8759303351c6d5ad18bd6ca/screenshot - {}
RESULT: {}
RESULT: undefined
COMMAND: POST /session/0c7827ccc8759303351c6d5ad18bd6ca/element - {"using":"xpath","value":"//*[@id=\"__tile99\"]"}
RESULT: {"using":"xpath","value":"//*[@id=\"__tile99\"]"}
COMMAND: POST /session/0c7827ccc8759303351c6d5ad18bd6ca/element/f.9ECBE097640FEBEC90B3ACB807EDA6BA.d.0454E72BF277026B5A0D5C82F3810565.e.3338/click - {}
RESULT: undefined
COMMAND: POST /session/0c7827ccc8759303351c6d5ad18bd6ca/element - {"using":"xpath","value":"//*[@id=\"__tile99\"]"}
RESULT: {"using":"xpath","value":"//*[@id=\"__tile99\"]"}
COMMAND: POST /session/0c7827ccc8759303351c6d5ad18bd6ca/element/f.9ECBE097640FEBEC90B3ACB807EDA6BA.d.0454E72BF277026B5A0D5C82F3810565.e.3338/click - {}
RESULT: undefined
COMMAND: POST /session/0c7827ccc8759303351c6d5ad18bd6ca/execute/async - {"script":"<script> [6424 bytes]","args":[{"element-6066-11e4-a52e-4f735466cecf":"f.9ECBE097640FEBEC90B3ACB807EDA6BA.d.0454E72BF277026B5A0D5C82F3810565.e.291"},"getTitle",[]]}
COMMAND: POST /session/0c7827ccc8759303351c6d5ad18bd6ca/execute/async - {"script":"<script> [1562 bytes]","args":[{"selector":{"id":"shellAppTitle"},"wdio_ui5_key":"shellAppTitle"}]}
RESULT: {"script":"<script> [1562 bytes]","args":[{"selector":{"id":"shellAppTitle"},"wdio_ui5_key":"shellAppTitle"}]}
COMMAND: POST /session/0c7827ccc8759303351c6d5ad18bd6ca/execute/async - {"script":"<script> [6424 bytes]","args":[{"element-6066-11e4-a52e-4f735466cecf":"f.9ECBE097640FEBEC90B3ACB807EDA6BA.d.0454E72BF277026B5A0D5C82F3810565.e.3541"},"getTitle",[]]}
RESULT: {"script":"<script> [6424 bytes]","args":[{"element-6066-11e4-a52e-4f735466cecf":"f.9ECBE097640FEBEC90B3ACB807EDA6BA.d.0454E72BF277026B5A0D5C82F3810565.e.3541"},"getTitle",[]]}
RESULT: undefined
COMMAND: POST /session/0c7827ccc8759303351c6d5ad18bd6ca/element/f.9ECBE097640FEBEC90B3ACB807EDA6BA.d.0454E72BF277026B5A0D5C82F3810565.e.3301/click - {}
COMMAND: POST /session/0c7827ccc8759303351c6d5ad18bd6ca/element - {"using":"xpath","value":"//*[@id=\"backBtn\"]"}
RESULT: {"using":"xpath","value":"//*[@id=\"backBtn\"]"}
COMMAND: POST /session/0c7827ccc8759303351c6d5ad18bd6ca/element/f.9ECBE097640FEBEC90B3ACB807EDA6BA.d.0454E72BF277026B5A0D5C82F3810565.e.3301/click - {}
COMMAND: POST /session/0c7827ccc8759303351c6d5ad18bd6ca/element - {"using":"xpath","value":"//*[@id=\"backBtn\"]"}
RESULT: {"using":"xpath","value":"//*[@id=\"backBtn\"]"}
COMMAND: POST /session/0c7827ccc8759303351c6d5ad18bd6ca/element/f.9ECBE097640FEBEC90B3ACB807EDA6BA.d.0454E72BF277026B5A0D5C82F3810565.e.3542/click - {}
RESULT: {}
COMMAND: GET /session/0c7827ccc8759303351c6d5ad18bd6ca/screenshot - {}
RESULT: {}
]]></system-out>
    </testcase>
    <testcase classname="chrome.135_0_7049_96.windows.Sanity_Tests_US104253" name="Should open Contracts Dashboard page" time="34.281">
      <system-out><![CDATA[
COMMAND: POST /session/0c7827ccc8759303351c6d5ad18bd6ca/execute/async - {"script":"<script> [1562 bytes]","args":[{"selector":{"controlType":"sap.m.GenericTile","properties":{"header":"Contracts Dashboard"}},"wdio_ui5_key":"sapm.GenericTile{\"header\":\"Contracts Dashboard\"}"}]}
RESULT: {"script":"<script> [1562 bytes]","args":[{"selector":{"controlType":"sap.m.GenericTile","properties":{"header":"Contracts Dashboard"}},"wdio_ui5_key":"sapm.GenericTile{\"header\":\"Contracts Dashboard\"}"}]}
RESULT: undefined
COMMAND: POST /session/0c7827ccc8759303351c6d5ad18bd6ca/element - {"using":"xpath","value":"//*[@id=\"__tile97\"]"}
RESULT: {"using":"xpath","value":"//*[@id=\"__tile97\"]"}
COMMAND: POST /session/0c7827ccc8759303351c6d5ad18bd6ca/element/f.9ECBE097640FEBEC90B3ACB807EDA6BA.d.0454E72BF277026B5A0D5C82F3810565.e.3544/click - {}
RESULT: {}
COMMAND: GET /session/0c7827ccc8759303351c6d5ad18bd6ca/screenshot - {}
RESULT: {}
RESULT: undefined
COMMAND: POST /session/0c7827ccc8759303351c6d5ad18bd6ca/element - {"using":"xpath","value":"//*[@id=\"__tile97\"]"}
RESULT: {"using":"xpath","value":"//*[@id=\"__tile97\"]"}
COMMAND: POST /session/0c7827ccc8759303351c6d5ad18bd6ca/element/f.9ECBE097640FEBEC90B3ACB807EDA6BA.d.0454E72BF277026B5A0D5C82F3810565.e.3544/click - {}
RESULT: undefined
COMMAND: POST /session/0c7827ccc8759303351c6d5ad18bd6ca/element - {"using":"xpath","value":"//*[@id=\"__tile97\"]"}
RESULT: {"using":"xpath","value":"//*[@id=\"__tile97\"]"}
COMMAND: POST /session/0c7827ccc8759303351c6d5ad18bd6ca/element/f.9ECBE097640FEBEC90B3ACB807EDA6BA.d.0454E72BF277026B5A0D5C82F3810565.e.3544/click - {}
RESULT: undefined
COMMAND: POST /session/0c7827ccc8759303351c6d5ad18bd6ca/execute/async - {"script":"<script> [6424 bytes]","args":[{"element-6066-11e4-a52e-4f735466cecf":"f.9ECBE097640FEBEC90B3ACB807EDA6BA.d.0454E72BF277026B5A0D5C82F3810565.e.291"},"getTitle",[]]}
COMMAND: POST /session/0c7827ccc8759303351c6d5ad18bd6ca/execute/async - {"script":"<script> [1562 bytes]","args":[{"selector":{"id":"shellAppTitle"},"wdio_ui5_key":"shellAppTitle"}]}
RESULT: {"script":"<script> [1562 bytes]","args":[{"selector":{"id":"shellAppTitle"},"wdio_ui5_key":"shellAppTitle"}]}
COMMAND: POST /session/0c7827ccc8759303351c6d5ad18bd6ca/execute/async - {"script":"<script> [6424 bytes]","args":[{"element-6066-11e4-a52e-4f735466cecf":"f.9ECBE097640FEBEC90B3ACB807EDA6BA.d.0454E72BF277026B5A0D5C82F3810565.e.3562"},"getTitle",[]]}
RESULT: {"script":"<script> [6424 bytes]","args":[{"element-6066-11e4-a52e-4f735466cecf":"f.9ECBE097640FEBEC90B3ACB807EDA6BA.d.0454E72BF277026B5A0D5C82F3810565.e.3562"},"getTitle",[]]}
RESULT: undefined
COMMAND: POST /session/0c7827ccc8759303351c6d5ad18bd6ca/element/f.9ECBE097640FEBEC90B3ACB807EDA6BA.d.0454E72BF277026B5A0D5C82F3810565.e.3542/click - {}
RESULT: {}
COMMAND: GET /session/0c7827ccc8759303351c6d5ad18bd6ca/screenshot - {}
RESULT: {}
]]></system-out>
    </testcase>
    <testcase classname="chrome.135_0_7049_96.windows.Sanity_Tests_US104253" name="Should open Bin Status Report page" time="34.718">
      <system-out><![CDATA[
COMMAND: POST /session/0c7827ccc8759303351c6d5ad18bd6ca/execute/async - {"script":"<script> [1562 bytes]","args":[{"selector":{"controlType":"sap.m.GenericTile","properties":{"header":"Bin Status Report"}},"wdio_ui5_key":"sapm.GenericTile{\"header\":\"Bin Status Report\"}"}]}
RESULT: {"script":"<script> [1562 bytes]","args":[{"selector":{"controlType":"sap.m.GenericTile","properties":{"header":"Bin Status Report"}},"wdio_ui5_key":"sapm.GenericTile{\"header\":\"Bin Status Report\"}"}]}
RESULT: undefined
COMMAND: POST /session/0c7827ccc8759303351c6d5ad18bd6ca/element - {"using":"xpath","value":"//*[@id=\"__tile104\"]"}
RESULT: {"using":"xpath","value":"//*[@id=\"__tile104\"]"}
COMMAND: POST /session/0c7827ccc8759303351c6d5ad18bd6ca/element/f.9ECBE097640FEBEC90B3ACB807EDA6BA.d.0454E72BF277026B5A0D5C82F3810565.e.3564/click - {}
RESULT: {}
COMMAND: GET /session/0c7827ccc8759303351c6d5ad18bd6ca/screenshot - {}
RESULT: {}
RESULT: undefined
COMMAND: POST /session/0c7827ccc8759303351c6d5ad18bd6ca/element - {"using":"xpath","value":"//*[@id=\"__tile104\"]"}
RESULT: {"using":"xpath","value":"//*[@id=\"__tile104\"]"}
COMMAND: POST /session/0c7827ccc8759303351c6d5ad18bd6ca/element/f.9ECBE097640FEBEC90B3ACB807EDA6BA.d.0454E72BF277026B5A0D5C82F3810565.e.3564/click - {}
RESULT: undefined
COMMAND: POST /session/0c7827ccc8759303351c6d5ad18bd6ca/element - {"using":"xpath","value":"//*[@id=\"__tile104\"]"}
RESULT: {"using":"xpath","value":"//*[@id=\"__tile104\"]"}
COMMAND: POST /session/0c7827ccc8759303351c6d5ad18bd6ca/element/f.9ECBE097640FEBEC90B3ACB807EDA6BA.d.0454E72BF277026B5A0D5C82F3810565.e.3564/click - {}
RESULT: undefined
COMMAND: POST /session/0c7827ccc8759303351c6d5ad18bd6ca/execute/async - {"script":"<script> [6424 bytes]","args":[{"element-6066-11e4-a52e-4f735466cecf":"f.9ECBE097640FEBEC90B3ACB807EDA6BA.d.0454E72BF277026B5A0D5C82F3810565.e.291"},"getTitle",[]]}
COMMAND: POST /session/0c7827ccc8759303351c6d5ad18bd6ca/execute/async - {"script":"<script> [1562 bytes]","args":[{"selector":{"id":"shellAppTitle"},"wdio_ui5_key":"shellAppTitle"}]}
RESULT: {"script":"<script> [1562 bytes]","args":[{"selector":{"id":"shellAppTitle"},"wdio_ui5_key":"shellAppTitle"}]}
COMMAND: POST /session/0c7827ccc8759303351c6d5ad18bd6ca/execute/async - {"script":"<script> [6424 bytes]","args":[{"element-6066-11e4-a52e-4f735466cecf":"f.9ECBE097640FEBEC90B3ACB807EDA6BA.d.0454E72BF277026B5A0D5C82F3810565.e.3660"},"getTitle",[]]}
RESULT: {"script":"<script> [6424 bytes]","args":[{"element-6066-11e4-a52e-4f735466cecf":"f.9ECBE097640FEBEC90B3ACB807EDA6BA.d.0454E72BF277026B5A0D5C82F3810565.e.3660"},"getTitle",[]]}
RESULT: undefined
COMMAND: POST /session/0c7827ccc8759303351c6d5ad18bd6ca/element/f.9ECBE097640FEBEC90B3ACB807EDA6BA.d.0454E72BF277026B5A0D5C82F3810565.e.3542/click - {}
COMMAND: POST /session/0c7827ccc8759303351c6d5ad18bd6ca/element - {"using":"xpath","value":"//*[@id=\"backBtn\"]"}
RESULT: {"using":"xpath","value":"//*[@id=\"backBtn\"]"}
COMMAND: POST /session/0c7827ccc8759303351c6d5ad18bd6ca/element/f.9ECBE097640FEBEC90B3ACB807EDA6BA.d.0454E72BF277026B5A0D5C82F3810565.e.3542/click - {}
COMMAND: POST /session/0c7827ccc8759303351c6d5ad18bd6ca/element - {"using":"xpath","value":"//*[@id=\"backBtn\"]"}
RESULT: {"using":"xpath","value":"//*[@id=\"backBtn\"]"}
COMMAND: POST /session/0c7827ccc8759303351c6d5ad18bd6ca/element/f.9ECBE097640FEBEC90B3ACB807EDA6BA.d.0454E72BF277026B5A0D5C82F3810565.e.3661/click - {}
RESULT: {}
COMMAND: GET /session/0c7827ccc8759303351c6d5ad18bd6ca/screenshot - {}
RESULT: {}
]]></system-out>
    </testcase>
    <testcase classname="chrome.135_0_7049_96.windows.Sanity_Tests_US104253" name="Should open Manage Warehouse Movements page" time="39.03">
      <system-out><![CDATA[
COMMAND: POST /session/0c7827ccc8759303351c6d5ad18bd6ca/execute/async - {"script":"<script> [1562 bytes]","args":[{"selector":{"controlType":"sap.m.GenericTile","properties":{"header":"Manage Warehouse Movements"}},"wdio_ui5_key":"sapm.GenericTile{\"header\":\"Manage Warehouse Movements\"}"}]}
RESULT: {"script":"<script> [1562 bytes]","args":[{"selector":{"controlType":"sap.m.GenericTile","properties":{"header":"Manage Warehouse Movements"}},"wdio_ui5_key":"sapm.GenericTile{\"header\":\"Manage Warehouse Movements\"}"}]}
RESULT: undefined
COMMAND: POST /session/0c7827ccc8759303351c6d5ad18bd6ca/element - {"using":"xpath","value":"//*[@id=\"__tile105\"]"}
RESULT: {"using":"xpath","value":"//*[@id=\"__tile105\"]"}
COMMAND: POST /session/0c7827ccc8759303351c6d5ad18bd6ca/element/f.9ECBE097640FEBEC90B3ACB807EDA6BA.d.0454E72BF277026B5A0D5C82F3810565.e.3665/click - {}
RESULT: {}
COMMAND: GET /session/0c7827ccc8759303351c6d5ad18bd6ca/screenshot - {}
RESULT: {}
RESULT: undefined
COMMAND: POST /session/0c7827ccc8759303351c6d5ad18bd6ca/element - {"using":"xpath","value":"//*[@id=\"__tile105\"]"}
RESULT: {"using":"xpath","value":"//*[@id=\"__tile105\"]"}
COMMAND: POST /session/0c7827ccc8759303351c6d5ad18bd6ca/element/f.9ECBE097640FEBEC90B3ACB807EDA6BA.d.0454E72BF277026B5A0D5C82F3810565.e.3665/click - {}
RESULT: undefined
COMMAND: POST /session/0c7827ccc8759303351c6d5ad18bd6ca/element - {"using":"xpath","value":"//*[@id=\"__tile105\"]"}
RESULT: {"using":"xpath","value":"//*[@id=\"__tile105\"]"}
COMMAND: POST /session/0c7827ccc8759303351c6d5ad18bd6ca/element/f.9ECBE097640FEBEC90B3ACB807EDA6BA.d.0454E72BF277026B5A0D5C82F3810565.e.3665/click - {}
RESULT: undefined
COMMAND: POST /session/0c7827ccc8759303351c6d5ad18bd6ca/execute/async - {"script":"<script> [6424 bytes]","args":[{"element-6066-11e4-a52e-4f735466cecf":"f.9ECBE097640FEBEC90B3ACB807EDA6BA.d.0454E72BF277026B5A0D5C82F3810565.e.291"},"getTitle",[]]}
COMMAND: POST /session/0c7827ccc8759303351c6d5ad18bd6ca/execute/async - {"script":"<script> [1562 bytes]","args":[{"selector":{"id":"shellAppTitle"},"wdio_ui5_key":"shellAppTitle"}]}
RESULT: {"script":"<script> [1562 bytes]","args":[{"selector":{"id":"shellAppTitle"},"wdio_ui5_key":"shellAppTitle"}]}
COMMAND: POST /session/0c7827ccc8759303351c6d5ad18bd6ca/execute/async - {"script":"<script> [6424 bytes]","args":[{"element-6066-11e4-a52e-4f735466cecf":"f.9ECBE097640FEBEC90B3ACB807EDA6BA.d.0454E72BF277026B5A0D5C82F3810565.e.3885"},"getTitle",[]]}
RESULT: {"script":"<script> [6424 bytes]","args":[{"element-6066-11e4-a52e-4f735466cecf":"f.9ECBE097640FEBEC90B3ACB807EDA6BA.d.0454E72BF277026B5A0D5C82F3810565.e.3885"},"getTitle",[]]}
RESULT: undefined
COMMAND: POST /session/0c7827ccc8759303351c6d5ad18bd6ca/element/f.9ECBE097640FEBEC90B3ACB807EDA6BA.d.0454E72BF277026B5A0D5C82F3810565.e.3661/click - {}
RESULT: {}
COMMAND: GET /session/0c7827ccc8759303351c6d5ad18bd6ca/screenshot - {}
RESULT: {}
]]></system-out>
    </testcase>
    <testcase classname="chrome.135_0_7049_96.windows.Sanity_Tests_US104253" name="Should open Bin Inventory List page" time="45.198">
      <system-out><![CDATA[
COMMAND: POST /session/0c7827ccc8759303351c6d5ad18bd6ca/execute/async - {"script":"<script> [1562 bytes]","args":[{"selector":{"controlType":"sap.m.GenericTile","properties":{"header":"Bin Inventory List"}},"wdio_ui5_key":"sapm.GenericTile{\"header\":\"Bin Inventory List\"}"}]}
RESULT: {"script":"<script> [1562 bytes]","args":[{"selector":{"controlType":"sap.m.GenericTile","properties":{"header":"Bin Inventory List"}},"wdio_ui5_key":"sapm.GenericTile{\"header\":\"Bin Inventory List\"}"}]}
RESULT: undefined
COMMAND: POST /session/0c7827ccc8759303351c6d5ad18bd6ca/element - {"using":"xpath","value":"//*[@id=\"__tile103\"]"}
RESULT: {"using":"xpath","value":"//*[@id=\"__tile103\"]"}
COMMAND: POST /session/0c7827ccc8759303351c6d5ad18bd6ca/element/f.9ECBE097640FEBEC90B3ACB807EDA6BA.d.0454E72BF277026B5A0D5C82F3810565.e.3887/click - {}
RESULT: {}
COMMAND: GET /session/0c7827ccc8759303351c6d5ad18bd6ca/screenshot - {}
RESULT: {}
RESULT: undefined
COMMAND: POST /session/0c7827ccc8759303351c6d5ad18bd6ca/element - {"using":"xpath","value":"//*[@id=\"__tile103\"]"}
RESULT: {"using":"xpath","value":"//*[@id=\"__tile103\"]"}
COMMAND: POST /session/0c7827ccc8759303351c6d5ad18bd6ca/element/f.9ECBE097640FEBEC90B3ACB807EDA6BA.d.0454E72BF277026B5A0D5C82F3810565.e.3887/click - {}
RESULT: undefined
COMMAND: POST /session/0c7827ccc8759303351c6d5ad18bd6ca/element - {"using":"xpath","value":"//*[@id=\"__tile103\"]"}
RESULT: {"using":"xpath","value":"//*[@id=\"__tile103\"]"}
COMMAND: POST /session/0c7827ccc8759303351c6d5ad18bd6ca/element/f.9ECBE097640FEBEC90B3ACB807EDA6BA.d.0454E72BF277026B5A0D5C82F3810565.e.3887/click - {}
RESULT: undefined
COMMAND: POST /session/0c7827ccc8759303351c6d5ad18bd6ca/execute/async - {"script":"<script> [6424 bytes]","args":[{"element-6066-11e4-a52e-4f735466cecf":"f.9ECBE097640FEBEC90B3ACB807EDA6BA.d.0454E72BF277026B5A0D5C82F3810565.e.291"},"getTitle",[]]}
COMMAND: POST /session/0c7827ccc8759303351c6d5ad18bd6ca/execute/async - {"script":"<script> [1562 bytes]","args":[{"selector":{"id":"shellAppTitle"},"wdio_ui5_key":"shellAppTitle"}]}
RESULT: {"script":"<script> [1562 bytes]","args":[{"selector":{"id":"shellAppTitle"},"wdio_ui5_key":"shellAppTitle"}]}
COMMAND: POST /session/0c7827ccc8759303351c6d5ad18bd6ca/execute/async - {"script":"<script> [6424 bytes]","args":[{"element-6066-11e4-a52e-4f735466cecf":"f.9ECBE097640FEBEC90B3ACB807EDA6BA.d.0454E72BF277026B5A0D5C82F3810565.e.3988"},"getTitle",[]]}
RESULT: {"script":"<script> [6424 bytes]","args":[{"element-6066-11e4-a52e-4f735466cecf":"f.9ECBE097640FEBEC90B3ACB807EDA6BA.d.0454E72BF277026B5A0D5C82F3810565.e.3988"},"getTitle",[]]}
RESULT: undefined
COMMAND: POST /session/0c7827ccc8759303351c6d5ad18bd6ca/element/f.9ECBE097640FEBEC90B3ACB807EDA6BA.d.0454E72BF277026B5A0D5C82F3810565.e.3661/click - {}
COMMAND: POST /session/0c7827ccc8759303351c6d5ad18bd6ca/element - {"using":"xpath","value":"//*[@id=\"backBtn\"]"}
RESULT: {"using":"xpath","value":"//*[@id=\"backBtn\"]"}
COMMAND: POST /session/0c7827ccc8759303351c6d5ad18bd6ca/element/f.9ECBE097640FEBEC90B3ACB807EDA6BA.d.0454E72BF277026B5A0D5C82F3810565.e.3661/click - {}
COMMAND: POST /session/0c7827ccc8759303351c6d5ad18bd6ca/element - {"using":"xpath","value":"//*[@id=\"backBtn\"]"}
RESULT: {"using":"xpath","value":"//*[@id=\"backBtn\"]"}
COMMAND: POST /session/0c7827ccc8759303351c6d5ad18bd6ca/element/f.9ECBE097640FEBEC90B3ACB807EDA6BA.d.0454E72BF277026B5A0D5C82F3810565.e.3989/click - {}
RESULT: {}
COMMAND: GET /session/0c7827ccc8759303351c6d5ad18bd6ca/screenshot - {}
RESULT: {}
]]></system-out>
    </testcase>
    <testcase classname="chrome.135_0_7049_96.windows.Sanity_Tests_US104253" name="Should open ISC Templates page" time="31.668">
      <system-out><![CDATA[
COMMAND: POST /session/0c7827ccc8759303351c6d5ad18bd6ca/execute/async - {"script":"<script> [1562 bytes]","args":[{"selector":{"controlType":"sap.m.GenericTile","properties":{"header":"ISC Templates"}},"wdio_ui5_key":"sapm.GenericTile{\"header\":\"ISC Templates\"}"}]}
RESULT: {"script":"<script> [1562 bytes]","args":[{"selector":{"controlType":"sap.m.GenericTile","properties":{"header":"ISC Templates"}},"wdio_ui5_key":"sapm.GenericTile{\"header\":\"ISC Templates\"}"}]}
RESULT: undefined
COMMAND: POST /session/0c7827ccc8759303351c6d5ad18bd6ca/element - {"using":"xpath","value":"//*[@id=\"__tile111\"]"}
RESULT: {"using":"xpath","value":"//*[@id=\"__tile111\"]"}
COMMAND: POST /session/0c7827ccc8759303351c6d5ad18bd6ca/element/f.9ECBE097640FEBEC90B3ACB807EDA6BA.d.0454E72BF277026B5A0D5C82F3810565.e.3991/click - {}
RESULT: {}
COMMAND: GET /session/0c7827ccc8759303351c6d5ad18bd6ca/screenshot - {}
RESULT: {}
RESULT: undefined
COMMAND: POST /session/0c7827ccc8759303351c6d5ad18bd6ca/element - {"using":"xpath","value":"//*[@id=\"__tile111\"]"}
RESULT: {"using":"xpath","value":"//*[@id=\"__tile111\"]"}
COMMAND: POST /session/0c7827ccc8759303351c6d5ad18bd6ca/element/f.9ECBE097640FEBEC90B3ACB807EDA6BA.d.0454E72BF277026B5A0D5C82F3810565.e.3991/click - {}
RESULT: undefined
COMMAND: POST /session/0c7827ccc8759303351c6d5ad18bd6ca/element - {"using":"xpath","value":"//*[@id=\"__tile111\"]"}
RESULT: {"using":"xpath","value":"//*[@id=\"__tile111\"]"}
COMMAND: POST /session/0c7827ccc8759303351c6d5ad18bd6ca/element/f.9ECBE097640FEBEC90B3ACB807EDA6BA.d.0454E72BF277026B5A0D5C82F3810565.e.3991/click - {}
RESULT: undefined
COMMAND: POST /session/0c7827ccc8759303351c6d5ad18bd6ca/execute/async - {"script":"<script> [6424 bytes]","args":[{"element-6066-11e4-a52e-4f735466cecf":"f.9ECBE097640FEBEC90B3ACB807EDA6BA.d.0454E72BF277026B5A0D5C82F3810565.e.291"},"getTitle",[]]}
COMMAND: POST /session/0c7827ccc8759303351c6d5ad18bd6ca/execute/async - {"script":"<script> [1562 bytes]","args":[{"selector":{"id":"shellAppTitle"},"wdio_ui5_key":"shellAppTitle"}]}
RESULT: {"script":"<script> [1562 bytes]","args":[{"selector":{"id":"shellAppTitle"},"wdio_ui5_key":"shellAppTitle"}]}
COMMAND: POST /session/0c7827ccc8759303351c6d5ad18bd6ca/execute/async - {"script":"<script> [6424 bytes]","args":[{"element-6066-11e4-a52e-4f735466cecf":"f.9ECBE097640FEBEC90B3ACB807EDA6BA.d.0454E72BF277026B5A0D5C82F3810565.e.4062"},"getTitle",[]]}
RESULT: {"script":"<script> [6424 bytes]","args":[{"element-6066-11e4-a52e-4f735466cecf":"f.9ECBE097640FEBEC90B3ACB807EDA6BA.d.0454E72BF277026B5A0D5C82F3810565.e.4062"},"getTitle",[]]}
RESULT: undefined
COMMAND: POST /session/0c7827ccc8759303351c6d5ad18bd6ca/element/f.9ECBE097640FEBEC90B3ACB807EDA6BA.d.0454E72BF277026B5A0D5C82F3810565.e.3989/click - {}
RESULT: {}
COMMAND: GET /session/0c7827ccc8759303351c6d5ad18bd6ca/screenshot - {}
RESULT: {}
]]></system-out>
    </testcase>
    <testcase classname="chrome.135_0_7049_96.windows.Sanity_Tests_US104253" name="Should open ISC Schedules page" time="40.207">
      <system-out><![CDATA[
COMMAND: POST /session/0c7827ccc8759303351c6d5ad18bd6ca/execute/async - {"script":"<script> [1562 bytes]","args":[{"selector":{"controlType":"sap.m.GenericTile","properties":{"header":"ISC Schedules"}},"wdio_ui5_key":"sapm.GenericTile{\"header\":\"ISC Schedules\"}"}]}
RESULT: {"script":"<script> [1562 bytes]","args":[{"selector":{"controlType":"sap.m.GenericTile","properties":{"header":"ISC Schedules"}},"wdio_ui5_key":"sapm.GenericTile{\"header\":\"ISC Schedules\"}"}]}
RESULT: undefined
COMMAND: POST /session/0c7827ccc8759303351c6d5ad18bd6ca/element - {"using":"xpath","value":"//*[@id=\"__tile109\"]"}
RESULT: {"using":"xpath","value":"//*[@id=\"__tile109\"]"}
COMMAND: POST /session/0c7827ccc8759303351c6d5ad18bd6ca/element/f.9ECBE097640FEBEC90B3ACB807EDA6BA.d.0454E72BF277026B5A0D5C82F3810565.e.4067/click - {}
RESULT: {}
COMMAND: GET /session/0c7827ccc8759303351c6d5ad18bd6ca/screenshot - {}
RESULT: {}
RESULT: undefined
COMMAND: POST /session/0c7827ccc8759303351c6d5ad18bd6ca/element - {"using":"xpath","value":"//*[@id=\"__tile109\"]"}
RESULT: {"using":"xpath","value":"//*[@id=\"__tile109\"]"}
COMMAND: POST /session/0c7827ccc8759303351c6d5ad18bd6ca/element/f.9ECBE097640FEBEC90B3ACB807EDA6BA.d.0454E72BF277026B5A0D5C82F3810565.e.4067/click - {}
RESULT: undefined
COMMAND: POST /session/0c7827ccc8759303351c6d5ad18bd6ca/element - {"using":"xpath","value":"//*[@id=\"__tile109\"]"}
RESULT: {"using":"xpath","value":"//*[@id=\"__tile109\"]"}
COMMAND: POST /session/0c7827ccc8759303351c6d5ad18bd6ca/element/f.9ECBE097640FEBEC90B3ACB807EDA6BA.d.0454E72BF277026B5A0D5C82F3810565.e.4067/click - {}
RESULT: undefined
COMMAND: POST /session/0c7827ccc8759303351c6d5ad18bd6ca/execute/async - {"script":"<script> [6424 bytes]","args":[{"element-6066-11e4-a52e-4f735466cecf":"f.9ECBE097640FEBEC90B3ACB807EDA6BA.d.0454E72BF277026B5A0D5C82F3810565.e.291"},"getTitle",[]]}
COMMAND: POST /session/0c7827ccc8759303351c6d5ad18bd6ca/execute/async - {"script":"<script> [1562 bytes]","args":[{"selector":{"id":"shellAppTitle"},"wdio_ui5_key":"shellAppTitle"}]}
RESULT: {"script":"<script> [1562 bytes]","args":[{"selector":{"id":"shellAppTitle"},"wdio_ui5_key":"shellAppTitle"}]}
COMMAND: POST /session/0c7827ccc8759303351c6d5ad18bd6ca/execute/async - {"script":"<script> [6424 bytes]","args":[{"element-6066-11e4-a52e-4f735466cecf":"f.9ECBE097640FEBEC90B3ACB807EDA6BA.d.0454E72BF277026B5A0D5C82F3810565.e.4135"},"getTitle",[]]}
RESULT: {"script":"<script> [6424 bytes]","args":[{"element-6066-11e4-a52e-4f735466cecf":"f.9ECBE097640FEBEC90B3ACB807EDA6BA.d.0454E72BF277026B5A0D5C82F3810565.e.4135"},"getTitle",[]]}
RESULT: undefined
COMMAND: POST /session/0c7827ccc8759303351c6d5ad18bd6ca/element/f.9ECBE097640FEBEC90B3ACB807EDA6BA.d.0454E72BF277026B5A0D5C82F3810565.e.3989/click - {}
COMMAND: POST /session/0c7827ccc8759303351c6d5ad18bd6ca/element - {"using":"xpath","value":"//*[@id=\"backBtn\"]"}
RESULT: {"using":"xpath","value":"//*[@id=\"backBtn\"]"}
COMMAND: POST /session/0c7827ccc8759303351c6d5ad18bd6ca/element/f.9ECBE097640FEBEC90B3ACB807EDA6BA.d.0454E72BF277026B5A0D5C82F3810565.e.3989/click - {}
COMMAND: POST /session/0c7827ccc8759303351c6d5ad18bd6ca/element - {"using":"xpath","value":"//*[@id=\"backBtn\"]"}
RESULT: {"using":"xpath","value":"//*[@id=\"backBtn\"]"}
COMMAND: POST /session/0c7827ccc8759303351c6d5ad18bd6ca/element/f.9ECBE097640FEBEC90B3ACB807EDA6BA.d.0454E72BF277026B5A0D5C82F3810565.e.4136/click - {}
RESULT: {}
COMMAND: GET /session/0c7827ccc8759303351c6d5ad18bd6ca/screenshot - {}
RESULT: {}
]]></system-out>
    </testcase>
    <testcase classname="chrome.135_0_7049_96.windows.Sanity_Tests_US104253" name="Should open ISC Dashboard page" time="37.04">
      <system-out><![CDATA[
COMMAND: POST /session/0c7827ccc8759303351c6d5ad18bd6ca/execute/async - {"script":"<script> [1562 bytes]","args":[{"selector":{"controlType":"sap.m.GenericTile","properties":{"header":"ISC Dashboard"}},"wdio_ui5_key":"sapm.GenericTile{\"header\":\"ISC Dashboard\"}"}]}
RESULT: {"script":"<script> [1562 bytes]","args":[{"selector":{"controlType":"sap.m.GenericTile","properties":{"header":"ISC Dashboard"}},"wdio_ui5_key":"sapm.GenericTile{\"header\":\"ISC Dashboard\"}"}]}
RESULT: undefined
COMMAND: POST /session/0c7827ccc8759303351c6d5ad18bd6ca/element - {"using":"xpath","value":"//*[@id=\"__tile106\"]"}
RESULT: {"using":"xpath","value":"//*[@id=\"__tile106\"]"}
COMMAND: POST /session/0c7827ccc8759303351c6d5ad18bd6ca/element/f.9ECBE097640FEBEC90B3ACB807EDA6BA.d.0454E72BF277026B5A0D5C82F3810565.e.4138/click - {}
RESULT: {}
COMMAND: GET /session/0c7827ccc8759303351c6d5ad18bd6ca/screenshot - {}
RESULT: {}
RESULT: undefined
COMMAND: POST /session/0c7827ccc8759303351c6d5ad18bd6ca/element - {"using":"xpath","value":"//*[@id=\"__tile106\"]"}
RESULT: {"using":"xpath","value":"//*[@id=\"__tile106\"]"}
COMMAND: POST /session/0c7827ccc8759303351c6d5ad18bd6ca/element/f.9ECBE097640FEBEC90B3ACB807EDA6BA.d.0454E72BF277026B5A0D5C82F3810565.e.4138/click - {}
RESULT: undefined
COMMAND: POST /session/0c7827ccc8759303351c6d5ad18bd6ca/element - {"using":"xpath","value":"//*[@id=\"__tile106\"]"}
RESULT: {"using":"xpath","value":"//*[@id=\"__tile106\"]"}
COMMAND: POST /session/0c7827ccc8759303351c6d5ad18bd6ca/element/f.9ECBE097640FEBEC90B3ACB807EDA6BA.d.0454E72BF277026B5A0D5C82F3810565.e.4138/click - {}
RESULT: undefined
COMMAND: POST /session/0c7827ccc8759303351c6d5ad18bd6ca/execute/async - {"script":"<script> [6424 bytes]","args":[{"element-6066-11e4-a52e-4f735466cecf":"f.9ECBE097640FEBEC90B3ACB807EDA6BA.d.0454E72BF277026B5A0D5C82F3810565.e.291"},"getTitle",[]]}
COMMAND: POST /session/0c7827ccc8759303351c6d5ad18bd6ca/execute/async - {"script":"<script> [1562 bytes]","args":[{"selector":{"id":"shellAppTitle"},"wdio_ui5_key":"shellAppTitle"}]}
RESULT: {"script":"<script> [1562 bytes]","args":[{"selector":{"id":"shellAppTitle"},"wdio_ui5_key":"shellAppTitle"}]}
COMMAND: POST /session/0c7827ccc8759303351c6d5ad18bd6ca/execute/async - {"script":"<script> [6424 bytes]","args":[{"element-6066-11e4-a52e-4f735466cecf":"f.9ECBE097640FEBEC90B3ACB807EDA6BA.d.0454E72BF277026B5A0D5C82F3810565.e.4260"},"getTitle",[]]}
RESULT: {"script":"<script> [6424 bytes]","args":[{"element-6066-11e4-a52e-4f735466cecf":"f.9ECBE097640FEBEC90B3ACB807EDA6BA.d.0454E72BF277026B5A0D5C82F3810565.e.4260"},"getTitle",[]]}
RESULT: undefined
COMMAND: POST /session/0c7827ccc8759303351c6d5ad18bd6ca/element/f.9ECBE097640FEBEC90B3ACB807EDA6BA.d.0454E72BF277026B5A0D5C82F3810565.e.4136/click - {}
RESULT: {}
COMMAND: GET /session/0c7827ccc8759303351c6d5ad18bd6ca/screenshot - {}
RESULT: {}
]]></system-out>
    </testcase>
    <testcase classname="chrome.135_0_7049_96.windows.Sanity_Tests_US104253" name="Should open ISC Orders page" time="36.029">
      <system-out><![CDATA[
COMMAND: POST /session/0c7827ccc8759303351c6d5ad18bd6ca/execute/async - {"script":"<script> [1562 bytes]","args":[{"selector":{"controlType":"sap.m.GenericTile","properties":{"header":"ISC Orders"}},"wdio_ui5_key":"sapm.GenericTile{\"header\":\"ISC Orders\"}"}]}
RESULT: {"script":"<script> [1562 bytes]","args":[{"selector":{"controlType":"sap.m.GenericTile","properties":{"header":"ISC Orders"}},"wdio_ui5_key":"sapm.GenericTile{\"header\":\"ISC Orders\"}"}]}
RESULT: undefined
COMMAND: POST /session/0c7827ccc8759303351c6d5ad18bd6ca/element - {"using":"xpath","value":"//*[@id=\"__tile108\"]"}
RESULT: {"using":"xpath","value":"//*[@id=\"__tile108\"]"}
COMMAND: POST /session/0c7827ccc8759303351c6d5ad18bd6ca/element/f.9ECBE097640FEBEC90B3ACB807EDA6BA.d.0454E72BF277026B5A0D5C82F3810565.e.4262/click - {}
RESULT: {}
COMMAND: GET /session/0c7827ccc8759303351c6d5ad18bd6ca/screenshot - {}
RESULT: {}
RESULT: undefined
COMMAND: POST /session/0c7827ccc8759303351c6d5ad18bd6ca/element - {"using":"xpath","value":"//*[@id=\"__tile108\"]"}
RESULT: {"using":"xpath","value":"//*[@id=\"__tile108\"]"}
COMMAND: POST /session/0c7827ccc8759303351c6d5ad18bd6ca/element/f.9ECBE097640FEBEC90B3ACB807EDA6BA.d.0454E72BF277026B5A0D5C82F3810565.e.4262/click - {}
RESULT: undefined
COMMAND: POST /session/0c7827ccc8759303351c6d5ad18bd6ca/element - {"using":"xpath","value":"//*[@id=\"__tile108\"]"}
RESULT: {"using":"xpath","value":"//*[@id=\"__tile108\"]"}
COMMAND: POST /session/0c7827ccc8759303351c6d5ad18bd6ca/element/f.9ECBE097640FEBEC90B3ACB807EDA6BA.d.0454E72BF277026B5A0D5C82F3810565.e.4262/click - {}
RESULT: undefined
COMMAND: POST /session/0c7827ccc8759303351c6d5ad18bd6ca/execute/async - {"script":"<script> [6424 bytes]","args":[{"element-6066-11e4-a52e-4f735466cecf":"f.9ECBE097640FEBEC90B3ACB807EDA6BA.d.0454E72BF277026B5A0D5C82F3810565.e.291"},"getTitle",[]]}
COMMAND: POST /session/0c7827ccc8759303351c6d5ad18bd6ca/execute/async - {"script":"<script> [1562 bytes]","args":[{"selector":{"id":"shellAppTitle"},"wdio_ui5_key":"shellAppTitle"}]}
RESULT: {"script":"<script> [1562 bytes]","args":[{"selector":{"id":"shellAppTitle"},"wdio_ui5_key":"shellAppTitle"}]}
COMMAND: POST /session/0c7827ccc8759303351c6d5ad18bd6ca/execute/async - {"script":"<script> [6424 bytes]","args":[{"element-6066-11e4-a52e-4f735466cecf":"f.9ECBE097640FEBEC90B3ACB807EDA6BA.d.0454E72BF277026B5A0D5C82F3810565.e.4369"},"getTitle",[]]}
RESULT: {"script":"<script> [6424 bytes]","args":[{"element-6066-11e4-a52e-4f735466cecf":"f.9ECBE097640FEBEC90B3ACB807EDA6BA.d.0454E72BF277026B5A0D5C82F3810565.e.4369"},"getTitle",[]]}
RESULT: undefined
COMMAND: POST /session/0c7827ccc8759303351c6d5ad18bd6ca/element/f.9ECBE097640FEBEC90B3ACB807EDA6BA.d.0454E72BF277026B5A0D5C82F3810565.e.4136/click - {}
COMMAND: POST /session/0c7827ccc8759303351c6d5ad18bd6ca/element - {"using":"xpath","value":"//*[@id=\"backBtn\"]"}
RESULT: {"using":"xpath","value":"//*[@id=\"backBtn\"]"}
COMMAND: POST /session/0c7827ccc8759303351c6d5ad18bd6ca/element/f.9ECBE097640FEBEC90B3ACB807EDA6BA.d.0454E72BF277026B5A0D5C82F3810565.e.4136/click - {}
COMMAND: POST /session/0c7827ccc8759303351c6d5ad18bd6ca/element - {"using":"xpath","value":"//*[@id=\"backBtn\"]"}
RESULT: {"using":"xpath","value":"//*[@id=\"backBtn\"]"}
COMMAND: POST /session/0c7827ccc8759303351c6d5ad18bd6ca/element/f.9ECBE097640FEBEC90B3ACB807EDA6BA.d.0454E72BF277026B5A0D5C82F3810565.e.4370/click - {}
RESULT: {}
COMMAND: GET /session/0c7827ccc8759303351c6d5ad18bd6ca/screenshot - {}
RESULT: {}
]]></system-out>
    </testcase>
    <testcase classname="chrome.135_0_7049_96.windows.Sanity_Tests_US104253" name="Should open ISC Tasks page" time="36.829">
      <system-out><![CDATA[
COMMAND: POST /session/0c7827ccc8759303351c6d5ad18bd6ca/execute/async - {"script":"<script> [1562 bytes]","args":[{"selector":{"controlType":"sap.m.GenericTile","properties":{"header":"ISC Tasks"}},"wdio_ui5_key":"sapm.GenericTile{\"header\":\"ISC Tasks\"}"}]}
RESULT: {"script":"<script> [1562 bytes]","args":[{"selector":{"controlType":"sap.m.GenericTile","properties":{"header":"ISC Tasks"}},"wdio_ui5_key":"sapm.GenericTile{\"header\":\"ISC Tasks\"}"}]}
RESULT: undefined
COMMAND: POST /session/0c7827ccc8759303351c6d5ad18bd6ca/element - {"using":"xpath","value":"//*[@id=\"__tile110\"]"}
RESULT: {"using":"xpath","value":"//*[@id=\"__tile110\"]"}
COMMAND: POST /session/0c7827ccc8759303351c6d5ad18bd6ca/element/f.9ECBE097640FEBEC90B3ACB807EDA6BA.d.0454E72BF277026B5A0D5C82F3810565.e.4372/click - {}
RESULT: {}
COMMAND: GET /session/0c7827ccc8759303351c6d5ad18bd6ca/screenshot - {}
RESULT: {}
RESULT: undefined
COMMAND: POST /session/0c7827ccc8759303351c6d5ad18bd6ca/element - {"using":"xpath","value":"//*[@id=\"__tile110\"]"}
RESULT: {"using":"xpath","value":"//*[@id=\"__tile110\"]"}
COMMAND: POST /session/0c7827ccc8759303351c6d5ad18bd6ca/element/f.9ECBE097640FEBEC90B3ACB807EDA6BA.d.0454E72BF277026B5A0D5C82F3810565.e.4372/click - {}
RESULT: undefined
COMMAND: POST /session/0c7827ccc8759303351c6d5ad18bd6ca/element - {"using":"xpath","value":"//*[@id=\"__tile110\"]"}
RESULT: {"using":"xpath","value":"//*[@id=\"__tile110\"]"}
COMMAND: POST /session/0c7827ccc8759303351c6d5ad18bd6ca/element/f.9ECBE097640FEBEC90B3ACB807EDA6BA.d.0454E72BF277026B5A0D5C82F3810565.e.4372/click - {}
RESULT: undefined
COMMAND: POST /session/0c7827ccc8759303351c6d5ad18bd6ca/execute/async - {"script":"<script> [6424 bytes]","args":[{"element-6066-11e4-a52e-4f735466cecf":"f.9ECBE097640FEBEC90B3ACB807EDA6BA.d.0454E72BF277026B5A0D5C82F3810565.e.291"},"getTitle",[]]}
COMMAND: POST /session/0c7827ccc8759303351c6d5ad18bd6ca/execute/async - {"script":"<script> [1562 bytes]","args":[{"selector":{"id":"shellAppTitle"},"wdio_ui5_key":"shellAppTitle"}]}
RESULT: {"script":"<script> [1562 bytes]","args":[{"selector":{"id":"shellAppTitle"},"wdio_ui5_key":"shellAppTitle"}]}
COMMAND: POST /session/0c7827ccc8759303351c6d5ad18bd6ca/execute/async - {"script":"<script> [6424 bytes]","args":[{"element-6066-11e4-a52e-4f735466cecf":"f.9ECBE097640FEBEC90B3ACB807EDA6BA.d.0454E72BF277026B5A0D5C82F3810565.e.4459"},"getTitle",[]]}
RESULT: {"script":"<script> [6424 bytes]","args":[{"element-6066-11e4-a52e-4f735466cecf":"f.9ECBE097640FEBEC90B3ACB807EDA6BA.d.0454E72BF277026B5A0D5C82F3810565.e.4459"},"getTitle",[]]}
RESULT: undefined
COMMAND: POST /session/0c7827ccc8759303351c6d5ad18bd6ca/element/f.9ECBE097640FEBEC90B3ACB807EDA6BA.d.0454E72BF277026B5A0D5C82F3810565.e.4370/click - {}
RESULT: {}
COMMAND: GET /session/0c7827ccc8759303351c6d5ad18bd6ca/screenshot - {}
RESULT: {}
]]></system-out>
    </testcase>
    <testcase classname="chrome.135_0_7049_96.windows.Sanity_Tests_US104253" name="Should open Manage Resource Logbook page" time="42.831">
      <system-out><![CDATA[
COMMAND: POST /session/0c7827ccc8759303351c6d5ad18bd6ca/execute/async - {"script":"<script> [1562 bytes]","args":[{"selector":{"controlType":"sap.m.GenericTile","properties":{"header":"Manage Resource Logbook"}},"wdio_ui5_key":"sapm.GenericTile{\"header\":\"Manage Resource Logbook\"}"}]}
RESULT: {"script":"<script> [1562 bytes]","args":[{"selector":{"controlType":"sap.m.GenericTile","properties":{"header":"Manage Resource Logbook"}},"wdio_ui5_key":"sapm.GenericTile{\"header\":\"Manage Resource Logbook\"}"}]}
RESULT: undefined
COMMAND: POST /session/0c7827ccc8759303351c6d5ad18bd6ca/element - {"using":"xpath","value":"//*[@id=\"__tile113\"]"}
RESULT: {"using":"xpath","value":"//*[@id=\"__tile113\"]"}
COMMAND: POST /session/0c7827ccc8759303351c6d5ad18bd6ca/element/f.9ECBE097640FEBEC90B3ACB807EDA6BA.d.0454E72BF277026B5A0D5C82F3810565.e.4461/click - {}
RESULT: {}
COMMAND: GET /session/0c7827ccc8759303351c6d5ad18bd6ca/screenshot - {}
RESULT: {}
RESULT: undefined
COMMAND: POST /session/0c7827ccc8759303351c6d5ad18bd6ca/element - {"using":"xpath","value":"//*[@id=\"__tile113\"]"}
RESULT: {"using":"xpath","value":"//*[@id=\"__tile113\"]"}
COMMAND: POST /session/0c7827ccc8759303351c6d5ad18bd6ca/element/f.9ECBE097640FEBEC90B3ACB807EDA6BA.d.0454E72BF277026B5A0D5C82F3810565.e.4461/click - {}
RESULT: undefined
COMMAND: POST /session/0c7827ccc8759303351c6d5ad18bd6ca/element - {"using":"xpath","value":"//*[@id=\"__tile113\"]"}
RESULT: {"using":"xpath","value":"//*[@id=\"__tile113\"]"}
COMMAND: POST /session/0c7827ccc8759303351c6d5ad18bd6ca/element/f.9ECBE097640FEBEC90B3ACB807EDA6BA.d.0454E72BF277026B5A0D5C82F3810565.e.4461/click - {}
RESULT: undefined
COMMAND: POST /session/0c7827ccc8759303351c6d5ad18bd6ca/execute/async - {"script":"<script> [6424 bytes]","args":[{"element-6066-11e4-a52e-4f735466cecf":"f.9ECBE097640FEBEC90B3ACB807EDA6BA.d.0454E72BF277026B5A0D5C82F3810565.e.291"},"getTitle",[]]}
COMMAND: POST /session/0c7827ccc8759303351c6d5ad18bd6ca/execute/async - {"script":"<script> [1562 bytes]","args":[{"selector":{"id":"shellAppTitle"},"wdio_ui5_key":"shellAppTitle"}]}
RESULT: {"script":"<script> [1562 bytes]","args":[{"selector":{"id":"shellAppTitle"},"wdio_ui5_key":"shellAppTitle"}]}
COMMAND: POST /session/0c7827ccc8759303351c6d5ad18bd6ca/execute/async - {"script":"<script> [6424 bytes]","args":[{"element-6066-11e4-a52e-4f735466cecf":"f.9ECBE097640FEBEC90B3ACB807EDA6BA.d.0454E72BF277026B5A0D5C82F3810565.e.4832"},"getTitle",[]]}
RESULT: {"script":"<script> [6424 bytes]","args":[{"element-6066-11e4-a52e-4f735466cecf":"f.9ECBE097640FEBEC90B3ACB807EDA6BA.d.0454E72BF277026B5A0D5C82F3810565.e.4832"},"getTitle",[]]}
RESULT: undefined
COMMAND: POST /session/0c7827ccc8759303351c6d5ad18bd6ca/element/f.9ECBE097640FEBEC90B3ACB807EDA6BA.d.0454E72BF277026B5A0D5C82F3810565.e.4370/click - {}
COMMAND: POST /session/0c7827ccc8759303351c6d5ad18bd6ca/element - {"using":"xpath","value":"//*[@id=\"backBtn\"]"}
RESULT: {"using":"xpath","value":"//*[@id=\"backBtn\"]"}
COMMAND: POST /session/0c7827ccc8759303351c6d5ad18bd6ca/element/f.9ECBE097640FEBEC90B3ACB807EDA6BA.d.0454E72BF277026B5A0D5C82F3810565.e.4370/click - {}
COMMAND: POST /session/0c7827ccc8759303351c6d5ad18bd6ca/element - {"using":"xpath","value":"//*[@id=\"backBtn\"]"}
RESULT: {"using":"xpath","value":"//*[@id=\"backBtn\"]"}
COMMAND: POST /session/0c7827ccc8759303351c6d5ad18bd6ca/element/f.9ECBE097640FEBEC90B3ACB807EDA6BA.d.0454E72BF277026B5A0D5C82F3810565.e.4833/click - {}
RESULT: {}
COMMAND: GET /session/0c7827ccc8759303351c6d5ad18bd6ca/screenshot - {}
RESULT: {}
]]></system-out>
    </testcase>
    <testcase classname="chrome.135_0_7049_96.windows.Sanity_Tests_US104253" name="Should open Manage Logbook page" time="35.887">
      <system-out><![CDATA[
COMMAND: POST /session/0c7827ccc8759303351c6d5ad18bd6ca/execute/async - {"script":"<script> [1562 bytes]","args":[{"selector":{"controlType":"sap.m.GenericTile","properties":{"header":"Manage Logbook"}},"wdio_ui5_key":"sapm.GenericTile{\"header\":\"Manage Logbook\"}"}]}
RESULT: {"script":"<script> [1562 bytes]","args":[{"selector":{"controlType":"sap.m.GenericTile","properties":{"header":"Manage Logbook"}},"wdio_ui5_key":"sapm.GenericTile{\"header\":\"Manage Logbook\"}"}]}
RESULT: undefined
COMMAND: POST /session/0c7827ccc8759303351c6d5ad18bd6ca/element - {"using":"xpath","value":"//*[@id=\"__tile112\"]"}
RESULT: {"using":"xpath","value":"//*[@id=\"__tile112\"]"}
COMMAND: POST /session/0c7827ccc8759303351c6d5ad18bd6ca/element/f.9ECBE097640FEBEC90B3ACB807EDA6BA.d.0454E72BF277026B5A0D5C82F3810565.e.4835/click - {}
RESULT: {}
COMMAND: GET /session/0c7827ccc8759303351c6d5ad18bd6ca/screenshot - {}
RESULT: {}
RESULT: undefined
COMMAND: POST /session/0c7827ccc8759303351c6d5ad18bd6ca/element - {"using":"xpath","value":"//*[@id=\"__tile112\"]"}
RESULT: {"using":"xpath","value":"//*[@id=\"__tile112\"]"}
COMMAND: POST /session/0c7827ccc8759303351c6d5ad18bd6ca/element/f.9ECBE097640FEBEC90B3ACB807EDA6BA.d.0454E72BF277026B5A0D5C82F3810565.e.4835/click - {}
RESULT: undefined
COMMAND: POST /session/0c7827ccc8759303351c6d5ad18bd6ca/element - {"using":"xpath","value":"//*[@id=\"__tile112\"]"}
RESULT: {"using":"xpath","value":"//*[@id=\"__tile112\"]"}
COMMAND: POST /session/0c7827ccc8759303351c6d5ad18bd6ca/element/f.9ECBE097640FEBEC90B3ACB807EDA6BA.d.0454E72BF277026B5A0D5C82F3810565.e.4835/click - {}
RESULT: undefined
COMMAND: POST /session/0c7827ccc8759303351c6d5ad18bd6ca/execute/async - {"script":"<script> [6424 bytes]","args":[{"element-6066-11e4-a52e-4f735466cecf":"f.9ECBE097640FEBEC90B3ACB807EDA6BA.d.0454E72BF277026B5A0D5C82F3810565.e.291"},"getTitle",[]]}
COMMAND: POST /session/0c7827ccc8759303351c6d5ad18bd6ca/execute/async - {"script":"<script> [1562 bytes]","args":[{"selector":{"id":"shellAppTitle"},"wdio_ui5_key":"shellAppTitle"}]}
RESULT: {"script":"<script> [1562 bytes]","args":[{"selector":{"id":"shellAppTitle"},"wdio_ui5_key":"shellAppTitle"}]}
COMMAND: POST /session/0c7827ccc8759303351c6d5ad18bd6ca/execute/async - {"script":"<script> [6424 bytes]","args":[{"element-6066-11e4-a52e-4f735466cecf":"f.9ECBE097640FEBEC90B3ACB807EDA6BA.d.0454E72BF277026B5A0D5C82F3810565.e.4909"},"getTitle",[]]}
RESULT: {"script":"<script> [6424 bytes]","args":[{"element-6066-11e4-a52e-4f735466cecf":"f.9ECBE097640FEBEC90B3ACB807EDA6BA.d.0454E72BF277026B5A0D5C82F3810565.e.4909"},"getTitle",[]]}
RESULT: undefined
COMMAND: POST /session/0c7827ccc8759303351c6d5ad18bd6ca/element/f.9ECBE097640FEBEC90B3ACB807EDA6BA.d.0454E72BF277026B5A0D5C82F3810565.e.4833/click - {}
RESULT: {}
COMMAND: GET /session/0c7827ccc8759303351c6d5ad18bd6ca/screenshot - {}
RESULT: {}
]]></system-out>
    </testcase>
    <testcase classname="chrome.135_0_7049_96.windows.Sanity_Tests_US104253" name="Should open ISC Orders Calendar page" time="35.575">
      <system-out><![CDATA[
COMMAND: POST /session/0c7827ccc8759303351c6d5ad18bd6ca/execute/async - {"script":"<script> [1562 bytes]","args":[{"selector":{"controlType":"sap.m.GenericTile","properties":{"header":"ISC Orders Calendar"}},"wdio_ui5_key":"sapm.GenericTile{\"header\":\"ISC Orders Calendar\"}"}]}
RESULT: {"script":"<script> [1562 bytes]","args":[{"selector":{"controlType":"sap.m.GenericTile","properties":{"header":"ISC Orders Calendar"}},"wdio_ui5_key":"sapm.GenericTile{\"header\":\"ISC Orders Calendar\"}"}]}
RESULT: undefined
COMMAND: POST /session/0c7827ccc8759303351c6d5ad18bd6ca/element - {"using":"xpath","value":"//*[@id=\"__tile107\"]"}
RESULT: {"using":"xpath","value":"//*[@id=\"__tile107\"]"}
COMMAND: POST /session/0c7827ccc8759303351c6d5ad18bd6ca/element/f.9ECBE097640FEBEC90B3ACB807EDA6BA.d.0454E72BF277026B5A0D5C82F3810565.e.4911/click - {}
RESULT: {}
COMMAND: GET /session/0c7827ccc8759303351c6d5ad18bd6ca/screenshot - {}
RESULT: {}
RESULT: undefined
COMMAND: POST /session/0c7827ccc8759303351c6d5ad18bd6ca/element - {"using":"xpath","value":"//*[@id=\"__tile107\"]"}
RESULT: {"using":"xpath","value":"//*[@id=\"__tile107\"]"}
COMMAND: POST /session/0c7827ccc8759303351c6d5ad18bd6ca/element/f.9ECBE097640FEBEC90B3ACB807EDA6BA.d.0454E72BF277026B5A0D5C82F3810565.e.4911/click - {}
RESULT: undefined
COMMAND: POST /session/0c7827ccc8759303351c6d5ad18bd6ca/element - {"using":"xpath","value":"//*[@id=\"__tile107\"]"}
RESULT: {"using":"xpath","value":"//*[@id=\"__tile107\"]"}
COMMAND: POST /session/0c7827ccc8759303351c6d5ad18bd6ca/element/f.9ECBE097640FEBEC90B3ACB807EDA6BA.d.0454E72BF277026B5A0D5C82F3810565.e.4911/click - {}
RESULT: undefined
COMMAND: POST /session/0c7827ccc8759303351c6d5ad18bd6ca/execute/async - {"script":"<script> [6424 bytes]","args":[{"element-6066-11e4-a52e-4f735466cecf":"f.9ECBE097640FEBEC90B3ACB807EDA6BA.d.0454E72BF277026B5A0D5C82F3810565.e.291"},"getTitle",[]]}
COMMAND: POST /session/0c7827ccc8759303351c6d5ad18bd6ca/execute/async - {"script":"<script> [1562 bytes]","args":[{"selector":{"id":"shellAppTitle"},"wdio_ui5_key":"shellAppTitle"}]}
RESULT: {"script":"<script> [1562 bytes]","args":[{"selector":{"id":"shellAppTitle"},"wdio_ui5_key":"shellAppTitle"}]}
COMMAND: POST /session/0c7827ccc8759303351c6d5ad18bd6ca/execute/async - {"script":"<script> [6424 bytes]","args":[{"element-6066-11e4-a52e-4f735466cecf":"f.9ECBE097640FEBEC90B3ACB807EDA6BA.d.0454E72BF277026B5A0D5C82F3810565.e.5117"},"getTitle",[]]}
RESULT: {"script":"<script> [6424 bytes]","args":[{"element-6066-11e4-a52e-4f735466cecf":"f.9ECBE097640FEBEC90B3ACB807EDA6BA.d.0454E72BF277026B5A0D5C82F3810565.e.5117"},"getTitle",[]]}
RESULT: undefined
COMMAND: POST /session/0c7827ccc8759303351c6d5ad18bd6ca/element/f.9ECBE097640FEBEC90B3ACB807EDA6BA.d.0454E72BF277026B5A0D5C82F3810565.e.4833/click - {}
COMMAND: POST /session/0c7827ccc8759303351c6d5ad18bd6ca/element - {"using":"xpath","value":"//*[@id=\"backBtn\"]"}
RESULT: {"using":"xpath","value":"//*[@id=\"backBtn\"]"}
COMMAND: POST /session/0c7827ccc8759303351c6d5ad18bd6ca/element/f.9ECBE097640FEBEC90B3ACB807EDA6BA.d.0454E72BF277026B5A0D5C82F3810565.e.4833/click - {}
COMMAND: POST /session/0c7827ccc8759303351c6d5ad18bd6ca/element - {"using":"xpath","value":"//*[@id=\"backBtn\"]"}
RESULT: {"using":"xpath","value":"//*[@id=\"backBtn\"]"}
COMMAND: POST /session/0c7827ccc8759303351c6d5ad18bd6ca/element/f.9ECBE097640FEBEC90B3ACB807EDA6BA.d.0454E72BF277026B5A0D5C82F3810565.e.5118/click - {}
RESULT: {}
COMMAND: GET /session/0c7827ccc8759303351c6d5ad18bd6ca/screenshot - {}
RESULT: {}
]]></system-out>
    </testcase>
    <testcase classname="chrome.135_0_7049_96.windows.Sanity_Tests_US104253" name="Should open Configure System page" time="41.115">
      <system-out><![CDATA[
COMMAND: POST /session/0c7827ccc8759303351c6d5ad18bd6ca/execute/async - {"script":"<script> [1562 bytes]","args":[{"selector":{"controlType":"sap.m.GenericTile","properties":{"header":"Configure System"}},"wdio_ui5_key":"sapm.GenericTile{\"header\":\"Configure System\"}"}]}
RESULT: {"script":"<script> [1562 bytes]","args":[{"selector":{"controlType":"sap.m.GenericTile","properties":{"header":"Configure System"}},"wdio_ui5_key":"sapm.GenericTile{\"header\":\"Configure System\"}"}]}
RESULT: undefined
COMMAND: POST /session/0c7827ccc8759303351c6d5ad18bd6ca/element - {"using":"xpath","value":"//*[@id=\"__tile114\"]"}
RESULT: {"using":"xpath","value":"//*[@id=\"__tile114\"]"}
COMMAND: POST /session/0c7827ccc8759303351c6d5ad18bd6ca/element/f.9ECBE097640FEBEC90B3ACB807EDA6BA.d.0454E72BF277026B5A0D5C82F3810565.e.5120/click - {}
RESULT: {}
COMMAND: GET /session/0c7827ccc8759303351c6d5ad18bd6ca/screenshot - {}
RESULT: {}
RESULT: undefined
COMMAND: POST /session/0c7827ccc8759303351c6d5ad18bd6ca/element - {"using":"xpath","value":"//*[@id=\"__tile114\"]"}
RESULT: {"using":"xpath","value":"//*[@id=\"__tile114\"]"}
COMMAND: POST /session/0c7827ccc8759303351c6d5ad18bd6ca/element/f.9ECBE097640FEBEC90B3ACB807EDA6BA.d.0454E72BF277026B5A0D5C82F3810565.e.5120/click - {}
RESULT: undefined
COMMAND: POST /session/0c7827ccc8759303351c6d5ad18bd6ca/element - {"using":"xpath","value":"//*[@id=\"__tile114\"]"}
RESULT: {"using":"xpath","value":"//*[@id=\"__tile114\"]"}
COMMAND: POST /session/0c7827ccc8759303351c6d5ad18bd6ca/element/f.9ECBE097640FEBEC90B3ACB807EDA6BA.d.0454E72BF277026B5A0D5C82F3810565.e.5120/click - {}
RESULT: undefined
COMMAND: POST /session/0c7827ccc8759303351c6d5ad18bd6ca/execute/async - {"script":"<script> [6424 bytes]","args":[{"element-6066-11e4-a52e-4f735466cecf":"f.9ECBE097640FEBEC90B3ACB807EDA6BA.d.0454E72BF277026B5A0D5C82F3810565.e.291"},"getTitle",[]]}
COMMAND: POST /session/0c7827ccc8759303351c6d5ad18bd6ca/execute/async - {"script":"<script> [1562 bytes]","args":[{"selector":{"id":"shellAppTitle"},"wdio_ui5_key":"shellAppTitle"}]}
RESULT: {"script":"<script> [1562 bytes]","args":[{"selector":{"id":"shellAppTitle"},"wdio_ui5_key":"shellAppTitle"}]}
COMMAND: POST /session/0c7827ccc8759303351c6d5ad18bd6ca/execute/async - {"script":"<script> [6424 bytes]","args":[{"element-6066-11e4-a52e-4f735466cecf":"f.9ECBE097640FEBEC90B3ACB807EDA6BA.d.0454E72BF277026B5A0D5C82F3810565.e.5160"},"getTitle",[]]}
RESULT: {"script":"<script> [6424 bytes]","args":[{"element-6066-11e4-a52e-4f735466cecf":"f.9ECBE097640FEBEC90B3ACB807EDA6BA.d.0454E72BF277026B5A0D5C82F3810565.e.5160"},"getTitle",[]]}
RESULT: undefined
COMMAND: POST /session/0c7827ccc8759303351c6d5ad18bd6ca/element/f.9ECBE097640FEBEC90B3ACB807EDA6BA.d.0454E72BF277026B5A0D5C82F3810565.e.5118/click - {}
RESULT: {}
COMMAND: GET /session/0c7827ccc8759303351c6d5ad18bd6ca/screenshot - {}
RESULT: {}
]]></system-out>
    </testcase>
    <testcase classname="chrome.135_0_7049_96.windows.Sanity_Tests_US104253" name="Should open Manage Classifications page" time="36.534">
      <system-out><![CDATA[
COMMAND: POST /session/0c7827ccc8759303351c6d5ad18bd6ca/execute/async - {"script":"<script> [1562 bytes]","args":[{"selector":{"controlType":"sap.m.GenericTile","properties":{"header":"Manage Classifications"}},"wdio_ui5_key":"sapm.GenericTile{\"header\":\"Manage Classifications\"}"}]}
RESULT: {"script":"<script> [1562 bytes]","args":[{"selector":{"controlType":"sap.m.GenericTile","properties":{"header":"Manage Classifications"}},"wdio_ui5_key":"sapm.GenericTile{\"header\":\"Manage Classifications\"}"}]}
RESULT: undefined
COMMAND: POST /session/0c7827ccc8759303351c6d5ad18bd6ca/element - {"using":"xpath","value":"//*[@id=\"__tile115\"]"}
RESULT: {"using":"xpath","value":"//*[@id=\"__tile115\"]"}
COMMAND: POST /session/0c7827ccc8759303351c6d5ad18bd6ca/element/f.9ECBE097640FEBEC90B3ACB807EDA6BA.d.0454E72BF277026B5A0D5C82F3810565.e.5164/click - {}
RESULT: {}
COMMAND: GET /session/0c7827ccc8759303351c6d5ad18bd6ca/screenshot - {}
RESULT: {}
RESULT: undefined
COMMAND: POST /session/0c7827ccc8759303351c6d5ad18bd6ca/element - {"using":"xpath","value":"//*[@id=\"__tile115\"]"}
RESULT: {"using":"xpath","value":"//*[@id=\"__tile115\"]"}
COMMAND: POST /session/0c7827ccc8759303351c6d5ad18bd6ca/element/f.9ECBE097640FEBEC90B3ACB807EDA6BA.d.0454E72BF277026B5A0D5C82F3810565.e.5164/click - {}
RESULT: undefined
COMMAND: POST /session/0c7827ccc8759303351c6d5ad18bd6ca/element - {"using":"xpath","value":"//*[@id=\"__tile115\"]"}
RESULT: {"using":"xpath","value":"//*[@id=\"__tile115\"]"}
COMMAND: POST /session/0c7827ccc8759303351c6d5ad18bd6ca/element/f.9ECBE097640FEBEC90B3ACB807EDA6BA.d.0454E72BF277026B5A0D5C82F3810565.e.5164/click - {}
RESULT: undefined
COMMAND: POST /session/0c7827ccc8759303351c6d5ad18bd6ca/execute/async - {"script":"<script> [6424 bytes]","args":[{"element-6066-11e4-a52e-4f735466cecf":"f.9ECBE097640FEBEC90B3ACB807EDA6BA.d.0454E72BF277026B5A0D5C82F3810565.e.291"},"getTitle",[]]}
COMMAND: POST /session/0c7827ccc8759303351c6d5ad18bd6ca/execute/async - {"script":"<script> [1562 bytes]","args":[{"selector":{"id":"shellAppTitle"},"wdio_ui5_key":"shellAppTitle"}]}
RESULT: {"script":"<script> [1562 bytes]","args":[{"selector":{"id":"shellAppTitle"},"wdio_ui5_key":"shellAppTitle"}]}
COMMAND: POST /session/0c7827ccc8759303351c6d5ad18bd6ca/execute/async - {"script":"<script> [6424 bytes]","args":[{"element-6066-11e4-a52e-4f735466cecf":"f.9ECBE097640FEBEC90B3ACB807EDA6BA.d.0454E72BF277026B5A0D5C82F3810565.e.5293"},"getTitle",[]]}
RESULT: {"script":"<script> [6424 bytes]","args":[{"element-6066-11e4-a52e-4f735466cecf":"f.9ECBE097640FEBEC90B3ACB807EDA6BA.d.0454E72BF277026B5A0D5C82F3810565.e.5293"},"getTitle",[]]}
RESULT: undefined
COMMAND: POST /session/0c7827ccc8759303351c6d5ad18bd6ca/element/f.9ECBE097640FEBEC90B3ACB807EDA6BA.d.0454E72BF277026B5A0D5C82F3810565.e.5118/click - {}
COMMAND: POST /session/0c7827ccc8759303351c6d5ad18bd6ca/element - {"using":"xpath","value":"//*[@id=\"backBtn\"]"}
RESULT: {"using":"xpath","value":"//*[@id=\"backBtn\"]"}
COMMAND: POST /session/0c7827ccc8759303351c6d5ad18bd6ca/element/f.9ECBE097640FEBEC90B3ACB807EDA6BA.d.0454E72BF277026B5A0D5C82F3810565.e.5118/click - {}
COMMAND: POST /session/0c7827ccc8759303351c6d5ad18bd6ca/element - {"using":"xpath","value":"//*[@id=\"backBtn\"]"}
RESULT: {"using":"xpath","value":"//*[@id=\"backBtn\"]"}
COMMAND: POST /session/0c7827ccc8759303351c6d5ad18bd6ca/element/f.9ECBE097640FEBEC90B3ACB807EDA6BA.d.0454E72BF277026B5A0D5C82F3810565.e.5294/click - {}
RESULT: {}
COMMAND: GET /session/0c7827ccc8759303351c6d5ad18bd6ca/screenshot - {}
RESULT: {}
]]></system-out>
    </testcase>
    <testcase classname="chrome.135_0_7049_96.windows.Sanity_Tests_US104253" name="Should open Data Explorer page" time="35.586">
      <system-out><![CDATA[
COMMAND: POST /session/0c7827ccc8759303351c6d5ad18bd6ca/execute/async - {"script":"<script> [1562 bytes]","args":[{"selector":{"controlType":"sap.m.GenericTile","properties":{"header":"Data Explorer"}},"wdio_ui5_key":"sapm.GenericTile{\"header\":\"Data Explorer\"}"}]}
RESULT: {"script":"<script> [1562 bytes]","args":[{"selector":{"controlType":"sap.m.GenericTile","properties":{"header":"Data Explorer"}},"wdio_ui5_key":"sapm.GenericTile{\"header\":\"Data Explorer\"}"}]}
RESULT: undefined
COMMAND: POST /session/0c7827ccc8759303351c6d5ad18bd6ca/element - {"using":"xpath","value":"//*[@id=\"__tile117\"]"}
RESULT: {"using":"xpath","value":"//*[@id=\"__tile117\"]"}
COMMAND: POST /session/0c7827ccc8759303351c6d5ad18bd6ca/element/f.9ECBE097640FEBEC90B3ACB807EDA6BA.d.0454E72BF277026B5A0D5C82F3810565.e.5296/click - {}
RESULT: {}
COMMAND: GET /session/0c7827ccc8759303351c6d5ad18bd6ca/screenshot - {}
RESULT: {}
RESULT: undefined
COMMAND: POST /session/0c7827ccc8759303351c6d5ad18bd6ca/element - {"using":"xpath","value":"//*[@id=\"__tile117\"]"}
RESULT: {"using":"xpath","value":"//*[@id=\"__tile117\"]"}
COMMAND: POST /session/0c7827ccc8759303351c6d5ad18bd6ca/element/f.9ECBE097640FEBEC90B3ACB807EDA6BA.d.0454E72BF277026B5A0D5C82F3810565.e.5296/click - {}
RESULT: undefined
COMMAND: POST /session/0c7827ccc8759303351c6d5ad18bd6ca/element - {"using":"xpath","value":"//*[@id=\"__tile117\"]"}
RESULT: {"using":"xpath","value":"//*[@id=\"__tile117\"]"}
COMMAND: POST /session/0c7827ccc8759303351c6d5ad18bd6ca/element/f.9ECBE097640FEBEC90B3ACB807EDA6BA.d.0454E72BF277026B5A0D5C82F3810565.e.5296/click - {}
RESULT: undefined
COMMAND: POST /session/0c7827ccc8759303351c6d5ad18bd6ca/execute/async - {"script":"<script> [6424 bytes]","args":[{"element-6066-11e4-a52e-4f735466cecf":"f.9ECBE097640FEBEC90B3ACB807EDA6BA.d.0454E72BF277026B5A0D5C82F3810565.e.291"},"getTitle",[]]}
COMMAND: POST /session/0c7827ccc8759303351c6d5ad18bd6ca/execute/async - {"script":"<script> [1562 bytes]","args":[{"selector":{"id":"shellAppTitle"},"wdio_ui5_key":"shellAppTitle"}]}
RESULT: {"script":"<script> [1562 bytes]","args":[{"selector":{"id":"shellAppTitle"},"wdio_ui5_key":"shellAppTitle"}]}
COMMAND: POST /session/0c7827ccc8759303351c6d5ad18bd6ca/execute/async - {"script":"<script> [6424 bytes]","args":[{"element-6066-11e4-a52e-4f735466cecf":"f.9ECBE097640FEBEC90B3ACB807EDA6BA.d.0454E72BF277026B5A0D5C82F3810565.e.5463"},"getTitle",[]]}
RESULT: {"script":"<script> [6424 bytes]","args":[{"element-6066-11e4-a52e-4f735466cecf":"f.9ECBE097640FEBEC90B3ACB807EDA6BA.d.0454E72BF277026B5A0D5C82F3810565.e.5463"},"getTitle",[]]}
RESULT: undefined
COMMAND: POST /session/0c7827ccc8759303351c6d5ad18bd6ca/element/f.9ECBE097640FEBEC90B3ACB807EDA6BA.d.0454E72BF277026B5A0D5C82F3810565.e.5294/click - {}
RESULT: {}
COMMAND: GET /session/0c7827ccc8759303351c6d5ad18bd6ca/screenshot - {}
RESULT: {}
]]></system-out>
    </testcase>
    <testcase classname="chrome.135_0_7049_96.windows.Sanity_Tests_US104253" name="Should open Performance Monitor page" time="33.605">
      <system-out><![CDATA[
COMMAND: POST /session/0c7827ccc8759303351c6d5ad18bd6ca/execute/async - {"script":"<script> [1562 bytes]","args":[{"selector":{"controlType":"sap.m.GenericTile","properties":{"header":"Performance Monitor"}},"wdio_ui5_key":"sapm.GenericTile{\"header\":\"Performance Monitor\"}"}]}
RESULT: {"script":"<script> [1562 bytes]","args":[{"selector":{"controlType":"sap.m.GenericTile","properties":{"header":"Performance Monitor"}},"wdio_ui5_key":"sapm.GenericTile{\"header\":\"Performance Monitor\"}"}]}
RESULT: undefined
COMMAND: POST /session/0c7827ccc8759303351c6d5ad18bd6ca/element - {"using":"xpath","value":"//*[@id=\"__tile116\"]"}
RESULT: {"using":"xpath","value":"//*[@id=\"__tile116\"]"}
COMMAND: POST /session/0c7827ccc8759303351c6d5ad18bd6ca/element/f.9ECBE097640FEBEC90B3ACB807EDA6BA.d.0454E72BF277026B5A0D5C82F3810565.e.5465/click - {}
RESULT: {}
COMMAND: GET /session/0c7827ccc8759303351c6d5ad18bd6ca/screenshot - {}
RESULT: {}
RESULT: undefined
COMMAND: POST /session/0c7827ccc8759303351c6d5ad18bd6ca/element - {"using":"xpath","value":"//*[@id=\"__tile116\"]"}
RESULT: {"using":"xpath","value":"//*[@id=\"__tile116\"]"}
COMMAND: POST /session/0c7827ccc8759303351c6d5ad18bd6ca/element/f.9ECBE097640FEBEC90B3ACB807EDA6BA.d.0454E72BF277026B5A0D5C82F3810565.e.5465/click - {}
RESULT: undefined
COMMAND: POST /session/0c7827ccc8759303351c6d5ad18bd6ca/element - {"using":"xpath","value":"//*[@id=\"__tile116\"]"}
RESULT: {"using":"xpath","value":"//*[@id=\"__tile116\"]"}
COMMAND: POST /session/0c7827ccc8759303351c6d5ad18bd6ca/element/f.9ECBE097640FEBEC90B3ACB807EDA6BA.d.0454E72BF277026B5A0D5C82F3810565.e.5465/click - {}
RESULT: undefined
COMMAND: POST /session/0c7827ccc8759303351c6d5ad18bd6ca/execute/async - {"script":"<script> [6424 bytes]","args":[{"element-6066-11e4-a52e-4f735466cecf":"f.9ECBE097640FEBEC90B3ACB807EDA6BA.d.0454E72BF277026B5A0D5C82F3810565.e.291"},"getTitle",[]]}
COMMAND: POST /session/0c7827ccc8759303351c6d5ad18bd6ca/execute/async - {"script":"<script> [1562 bytes]","args":[{"selector":{"id":"shellAppTitle"},"wdio_ui5_key":"shellAppTitle"}]}
RESULT: {"script":"<script> [1562 bytes]","args":[{"selector":{"id":"shellAppTitle"},"wdio_ui5_key":"shellAppTitle"}]}
COMMAND: POST /session/0c7827ccc8759303351c6d5ad18bd6ca/execute/async - {"script":"<script> [6424 bytes]","args":[{"element-6066-11e4-a52e-4f735466cecf":"f.9ECBE097640FEBEC90B3ACB807EDA6BA.d.0454E72BF277026B5A0D5C82F3810565.e.5506"},"getTitle",[]]}
RESULT: {"script":"<script> [6424 bytes]","args":[{"element-6066-11e4-a52e-4f735466cecf":"f.9ECBE097640FEBEC90B3ACB807EDA6BA.d.0454E72BF277026B5A0D5C82F3810565.e.5506"},"getTitle",[]]}
RESULT: undefined
COMMAND: POST /session/0c7827ccc8759303351c6d5ad18bd6ca/element/f.9ECBE097640FEBEC90B3ACB807EDA6BA.d.0454E72BF277026B5A0D5C82F3810565.e.5294/click - {}
COMMAND: POST /session/0c7827ccc8759303351c6d5ad18bd6ca/element - {"using":"xpath","value":"//*[@id=\"backBtn\"]"}
RESULT: {"using":"xpath","value":"//*[@id=\"backBtn\"]"}
COMMAND: POST /session/0c7827ccc8759303351c6d5ad18bd6ca/element/f.9ECBE097640FEBEC90B3ACB807EDA6BA.d.0454E72BF277026B5A0D5C82F3810565.e.5294/click - {}
COMMAND: POST /session/0c7827ccc8759303351c6d5ad18bd6ca/element - {"using":"xpath","value":"//*[@id=\"backBtn\"]"}
RESULT: {"using":"xpath","value":"//*[@id=\"backBtn\"]"}
COMMAND: POST /session/0c7827ccc8759303351c6d5ad18bd6ca/element/f.9ECBE097640FEBEC90B3ACB807EDA6BA.d.0454E72BF277026B5A0D5C82F3810565.e.5507/click - {}
RESULT: {}
COMMAND: GET /session/0c7827ccc8759303351c6d5ad18bd6ca/screenshot - {}
RESULT: {}
]]></system-out>
    </testcase>
    <testcase classname="chrome.135_0_7049_96.windows.Sanity_Tests_US104253" name="Should open Organizational Model page" time="35.87">
      <system-out><![CDATA[
COMMAND: POST /session/0c7827ccc8759303351c6d5ad18bd6ca/execute/async - {"script":"<script> [1562 bytes]","args":[{"selector":{"controlType":"sap.m.GenericTile","properties":{"header":"Organizational Model"}},"wdio_ui5_key":"sapm.GenericTile{\"header\":\"Organizational Model\"}"}]}
RESULT: {"script":"<script> [1562 bytes]","args":[{"selector":{"controlType":"sap.m.GenericTile","properties":{"header":"Organizational Model"}},"wdio_ui5_key":"sapm.GenericTile{\"header\":\"Organizational Model\"}"}]}
RESULT: undefined
COMMAND: POST /session/0c7827ccc8759303351c6d5ad18bd6ca/element - {"using":"xpath","value":"//*[@id=\"__tile120\"]"}
RESULT: {"using":"xpath","value":"//*[@id=\"__tile120\"]"}
COMMAND: POST /session/0c7827ccc8759303351c6d5ad18bd6ca/element/f.9ECBE097640FEBEC90B3ACB807EDA6BA.d.0454E72BF277026B5A0D5C82F3810565.e.5509/click - {}
RESULT: {}
COMMAND: GET /session/0c7827ccc8759303351c6d5ad18bd6ca/screenshot - {}
RESULT: {}
RESULT: undefined
COMMAND: POST /session/0c7827ccc8759303351c6d5ad18bd6ca/element - {"using":"xpath","value":"//*[@id=\"__tile120\"]"}
RESULT: {"using":"xpath","value":"//*[@id=\"__tile120\"]"}
COMMAND: POST /session/0c7827ccc8759303351c6d5ad18bd6ca/element/f.9ECBE097640FEBEC90B3ACB807EDA6BA.d.0454E72BF277026B5A0D5C82F3810565.e.5509/click - {}
RESULT: undefined
COMMAND: POST /session/0c7827ccc8759303351c6d5ad18bd6ca/element - {"using":"xpath","value":"//*[@id=\"__tile120\"]"}
RESULT: {"using":"xpath","value":"//*[@id=\"__tile120\"]"}
COMMAND: POST /session/0c7827ccc8759303351c6d5ad18bd6ca/element/f.9ECBE097640FEBEC90B3ACB807EDA6BA.d.0454E72BF277026B5A0D5C82F3810565.e.5509/click - {}
RESULT: undefined
COMMAND: POST /session/0c7827ccc8759303351c6d5ad18bd6ca/execute/async - {"script":"<script> [6424 bytes]","args":[{"element-6066-11e4-a52e-4f735466cecf":"f.9ECBE097640FEBEC90B3ACB807EDA6BA.d.0454E72BF277026B5A0D5C82F3810565.e.291"},"getTitle",[]]}
COMMAND: POST /session/0c7827ccc8759303351c6d5ad18bd6ca/execute/async - {"script":"<script> [1562 bytes]","args":[{"selector":{"id":"shellAppTitle"},"wdio_ui5_key":"shellAppTitle"}]}
RESULT: {"script":"<script> [1562 bytes]","args":[{"selector":{"id":"shellAppTitle"},"wdio_ui5_key":"shellAppTitle"}]}
COMMAND: POST /session/0c7827ccc8759303351c6d5ad18bd6ca/execute/async - {"script":"<script> [6424 bytes]","args":[{"element-6066-11e4-a52e-4f735466cecf":"f.9ECBE097640FEBEC90B3ACB807EDA6BA.d.0454E72BF277026B5A0D5C82F3810565.e.5528"},"getTitle",[]]}
RESULT: {"script":"<script> [6424 bytes]","args":[{"element-6066-11e4-a52e-4f735466cecf":"f.9ECBE097640FEBEC90B3ACB807EDA6BA.d.0454E72BF277026B5A0D5C82F3810565.e.5528"},"getTitle",[]]}
RESULT: undefined
COMMAND: POST /session/0c7827ccc8759303351c6d5ad18bd6ca/element/f.9ECBE097640FEBEC90B3ACB807EDA6BA.d.0454E72BF277026B5A0D5C82F3810565.e.5507/click - {}
RESULT: {}
COMMAND: GET /session/0c7827ccc8759303351c6d5ad18bd6ca/screenshot - {}
RESULT: {}
]]></system-out>
    </testcase>
    <testcase classname="chrome.135_0_7049_96.windows.Sanity_Tests_US104253" name="Should open Manage Roles page" time="37.539">
      <system-out><![CDATA[
COMMAND: POST /session/0c7827ccc8759303351c6d5ad18bd6ca/execute/async - {"script":"<script> [1562 bytes]","args":[{"selector":{"controlType":"sap.m.GenericTile","properties":{"header":"Manage Roles"}},"wdio_ui5_key":"sapm.GenericTile{\"header\":\"Manage Roles\"}"}]}
RESULT: {"script":"<script> [1562 bytes]","args":[{"selector":{"controlType":"sap.m.GenericTile","properties":{"header":"Manage Roles"}},"wdio_ui5_key":"sapm.GenericTile{\"header\":\"Manage Roles\"}"}]}
RESULT: undefined
COMMAND: POST /session/0c7827ccc8759303351c6d5ad18bd6ca/element - {"using":"xpath","value":"//*[@id=\"__tile119\"]"}
RESULT: {"using":"xpath","value":"//*[@id=\"__tile119\"]"}
COMMAND: POST /session/0c7827ccc8759303351c6d5ad18bd6ca/element/f.9ECBE097640FEBEC90B3ACB807EDA6BA.d.0454E72BF277026B5A0D5C82F3810565.e.5530/click - {}
RESULT: {}
COMMAND: GET /session/0c7827ccc8759303351c6d5ad18bd6ca/screenshot - {}
RESULT: {}
RESULT: undefined
COMMAND: POST /session/0c7827ccc8759303351c6d5ad18bd6ca/element - {"using":"xpath","value":"//*[@id=\"__tile119\"]"}
RESULT: {"using":"xpath","value":"//*[@id=\"__tile119\"]"}
COMMAND: POST /session/0c7827ccc8759303351c6d5ad18bd6ca/element/f.9ECBE097640FEBEC90B3ACB807EDA6BA.d.0454E72BF277026B5A0D5C82F3810565.e.5530/click - {}
RESULT: undefined
COMMAND: POST /session/0c7827ccc8759303351c6d5ad18bd6ca/element - {"using":"xpath","value":"//*[@id=\"__tile119\"]"}
RESULT: {"using":"xpath","value":"//*[@id=\"__tile119\"]"}
COMMAND: POST /session/0c7827ccc8759303351c6d5ad18bd6ca/element/f.9ECBE097640FEBEC90B3ACB807EDA6BA.d.0454E72BF277026B5A0D5C82F3810565.e.5530/click - {}
RESULT: undefined
COMMAND: POST /session/0c7827ccc8759303351c6d5ad18bd6ca/execute/async - {"script":"<script> [6424 bytes]","args":[{"element-6066-11e4-a52e-4f735466cecf":"f.9ECBE097640FEBEC90B3ACB807EDA6BA.d.0454E72BF277026B5A0D5C82F3810565.e.291"},"getTitle",[]]}
COMMAND: POST /session/0c7827ccc8759303351c6d5ad18bd6ca/execute/async - {"script":"<script> [1562 bytes]","args":[{"selector":{"id":"shellAppTitle"},"wdio_ui5_key":"shellAppTitle"}]}
RESULT: {"script":"<script> [1562 bytes]","args":[{"selector":{"id":"shellAppTitle"},"wdio_ui5_key":"shellAppTitle"}]}
COMMAND: POST /session/0c7827ccc8759303351c6d5ad18bd6ca/execute/async - {"script":"<script> [6424 bytes]","args":[{"element-6066-11e4-a52e-4f735466cecf":"f.9ECBE097640FEBEC90B3ACB807EDA6BA.d.0454E72BF277026B5A0D5C82F3810565.e.5575"},"getTitle",[]]}
RESULT: {"script":"<script> [6424 bytes]","args":[{"element-6066-11e4-a52e-4f735466cecf":"f.9ECBE097640FEBEC90B3ACB807EDA6BA.d.0454E72BF277026B5A0D5C82F3810565.e.5575"},"getTitle",[]]}
RESULT: undefined
COMMAND: POST /session/0c7827ccc8759303351c6d5ad18bd6ca/element/f.9ECBE097640FEBEC90B3ACB807EDA6BA.d.0454E72BF277026B5A0D5C82F3810565.e.5507/click - {}
COMMAND: POST /session/0c7827ccc8759303351c6d5ad18bd6ca/element - {"using":"xpath","value":"//*[@id=\"backBtn\"]"}
RESULT: {"using":"xpath","value":"//*[@id=\"backBtn\"]"}
COMMAND: POST /session/0c7827ccc8759303351c6d5ad18bd6ca/element/f.9ECBE097640FEBEC90B3ACB807EDA6BA.d.0454E72BF277026B5A0D5C82F3810565.e.5507/click - {}
COMMAND: POST /session/0c7827ccc8759303351c6d5ad18bd6ca/element - {"using":"xpath","value":"//*[@id=\"backBtn\"]"}
RESULT: {"using":"xpath","value":"//*[@id=\"backBtn\"]"}
COMMAND: POST /session/0c7827ccc8759303351c6d5ad18bd6ca/element/f.9ECBE097640FEBEC90B3ACB807EDA6BA.d.0454E72BF277026B5A0D5C82F3810565.e.5576/click - {}
RESULT: {}
COMMAND: GET /session/0c7827ccc8759303351c6d5ad18bd6ca/screenshot - {}
RESULT: {}
]]></system-out>
    </testcase>
    <testcase classname="chrome.135_0_7049_96.windows.Sanity_Tests_US104253" name="Should open Authorization Tables page" time="36.753">
      <system-out><![CDATA[
COMMAND: POST /session/0c7827ccc8759303351c6d5ad18bd6ca/execute/async - {"script":"<script> [1562 bytes]","args":[{"selector":{"controlType":"sap.m.GenericTile","properties":{"header":"Authorization Tables"}},"wdio_ui5_key":"sapm.GenericTile{\"header\":\"Authorization Tables\"}"}]}
RESULT: {"script":"<script> [1562 bytes]","args":[{"selector":{"controlType":"sap.m.GenericTile","properties":{"header":"Authorization Tables"}},"wdio_ui5_key":"sapm.GenericTile{\"header\":\"Authorization Tables\"}"}]}
RESULT: undefined
COMMAND: POST /session/0c7827ccc8759303351c6d5ad18bd6ca/element - {"using":"xpath","value":"//*[@id=\"__tile118\"]"}
RESULT: {"using":"xpath","value":"//*[@id=\"__tile118\"]"}
COMMAND: POST /session/0c7827ccc8759303351c6d5ad18bd6ca/element/f.9ECBE097640FEBEC90B3ACB807EDA6BA.d.0454E72BF277026B5A0D5C82F3810565.e.5578/click - {}
RESULT: {}
COMMAND: GET /session/0c7827ccc8759303351c6d5ad18bd6ca/screenshot - {}
RESULT: undefined
COMMAND: POST /session/0c7827ccc8759303351c6d5ad18bd6ca/element - {"using":"xpath","value":"//*[@id=\"__tile118\"]"}
RESULT: {}
RESULT: {"using":"xpath","value":"//*[@id=\"__tile118\"]"}
COMMAND: POST /session/0c7827ccc8759303351c6d5ad18bd6ca/element/f.9ECBE097640FEBEC90B3ACB807EDA6BA.d.0454E72BF277026B5A0D5C82F3810565.e.5578/click - {}
RESULT: undefined
COMMAND: POST /session/0c7827ccc8759303351c6d5ad18bd6ca/element - {"using":"xpath","value":"//*[@id=\"__tile118\"]"}
RESULT: {"using":"xpath","value":"//*[@id=\"__tile118\"]"}
COMMAND: POST /session/0c7827ccc8759303351c6d5ad18bd6ca/element/f.9ECBE097640FEBEC90B3ACB807EDA6BA.d.0454E72BF277026B5A0D5C82F3810565.e.5578/click - {}
RESULT: undefined
COMMAND: POST /session/0c7827ccc8759303351c6d5ad18bd6ca/execute/async - {"script":"<script> [6424 bytes]","args":[{"element-6066-11e4-a52e-4f735466cecf":"f.9ECBE097640FEBEC90B3ACB807EDA6BA.d.0454E72BF277026B5A0D5C82F3810565.e.291"},"getTitle",[]]}
COMMAND: POST /session/0c7827ccc8759303351c6d5ad18bd6ca/execute/async - {"script":"<script> [1562 bytes]","args":[{"selector":{"id":"shellAppTitle"},"wdio_ui5_key":"shellAppTitle"}]}
RESULT: {"script":"<script> [1562 bytes]","args":[{"selector":{"id":"shellAppTitle"},"wdio_ui5_key":"shellAppTitle"}]}
COMMAND: POST /session/0c7827ccc8759303351c6d5ad18bd6ca/execute/async - {"script":"<script> [6424 bytes]","args":[{"element-6066-11e4-a52e-4f735466cecf":"f.9ECBE097640FEBEC90B3ACB807EDA6BA.d.0454E72BF277026B5A0D5C82F3810565.e.5658"},"getTitle",[]]}
RESULT: {"script":"<script> [6424 bytes]","args":[{"element-6066-11e4-a52e-4f735466cecf":"f.9ECBE097640FEBEC90B3ACB807EDA6BA.d.0454E72BF277026B5A0D5C82F3810565.e.5658"},"getTitle",[]]}
RESULT: undefined
COMMAND: POST /session/0c7827ccc8759303351c6d5ad18bd6ca/element/f.9ECBE097640FEBEC90B3ACB807EDA6BA.d.0454E72BF277026B5A0D5C82F3810565.e.5576/click - {}
RESULT: {}
COMMAND: GET /session/0c7827ccc8759303351c6d5ad18bd6ca/screenshot - {}
RESULT: {}
]]></system-out>
    </testcase>
    <testcase classname="chrome.135_0_7049_96.windows.Sanity_Tests_US104253" name="Should open User Maintenance page" time="36.72">
      <system-out><![CDATA[
COMMAND: POST /session/0c7827ccc8759303351c6d5ad18bd6ca/execute/async - {"script":"<script> [1562 bytes]","args":[{"selector":{"controlType":"sap.m.GenericTile","properties":{"header":"User Maintenance"}},"wdio_ui5_key":"sapm.GenericTile{\"header\":\"User Maintenance\"}"}]}
RESULT: {"script":"<script> [1562 bytes]","args":[{"selector":{"controlType":"sap.m.GenericTile","properties":{"header":"User Maintenance"}},"wdio_ui5_key":"sapm.GenericTile{\"header\":\"User Maintenance\"}"}]}
RESULT: undefined
COMMAND: POST /session/0c7827ccc8759303351c6d5ad18bd6ca/element - {"using":"xpath","value":"//*[@id=\"__tile121\"]"}
RESULT: {"using":"xpath","value":"//*[@id=\"__tile121\"]"}
COMMAND: POST /session/0c7827ccc8759303351c6d5ad18bd6ca/element/f.9ECBE097640FEBEC90B3ACB807EDA6BA.d.0454E72BF277026B5A0D5C82F3810565.e.5660/click - {}
RESULT: {}
COMMAND: GET /session/0c7827ccc8759303351c6d5ad18bd6ca/screenshot - {}
RESULT: {}
RESULT: undefined
COMMAND: POST /session/0c7827ccc8759303351c6d5ad18bd6ca/element - {"using":"xpath","value":"//*[@id=\"__tile121\"]"}
RESULT: {"using":"xpath","value":"//*[@id=\"__tile121\"]"}
COMMAND: POST /session/0c7827ccc8759303351c6d5ad18bd6ca/element/f.9ECBE097640FEBEC90B3ACB807EDA6BA.d.0454E72BF277026B5A0D5C82F3810565.e.5660/click - {}
RESULT: undefined
COMMAND: POST /session/0c7827ccc8759303351c6d5ad18bd6ca/element - {"using":"xpath","value":"//*[@id=\"__tile121\"]"}
RESULT: {"using":"xpath","value":"//*[@id=\"__tile121\"]"}
COMMAND: POST /session/0c7827ccc8759303351c6d5ad18bd6ca/element/f.9ECBE097640FEBEC90B3ACB807EDA6BA.d.0454E72BF277026B5A0D5C82F3810565.e.5660/click - {}
RESULT: undefined
COMMAND: POST /session/0c7827ccc8759303351c6d5ad18bd6ca/execute/async - {"script":"<script> [6424 bytes]","args":[{"element-6066-11e4-a52e-4f735466cecf":"f.9ECBE097640FEBEC90B3ACB807EDA6BA.d.0454E72BF277026B5A0D5C82F3810565.e.291"},"getTitle",[]]}
COMMAND: POST /session/0c7827ccc8759303351c6d5ad18bd6ca/execute/async - {"script":"<script> [1562 bytes]","args":[{"selector":{"id":"shellAppTitle"},"wdio_ui5_key":"shellAppTitle"}]}
RESULT: {"script":"<script> [1562 bytes]","args":[{"selector":{"id":"shellAppTitle"},"wdio_ui5_key":"shellAppTitle"}]}
COMMAND: POST /session/0c7827ccc8759303351c6d5ad18bd6ca/execute/async - {"script":"<script> [6424 bytes]","args":[{"element-6066-11e4-a52e-4f735466cecf":"f.9ECBE097640FEBEC90B3ACB807EDA6BA.d.0454E72BF277026B5A0D5C82F3810565.e.5754"},"getTitle",[]]}
RESULT: {"script":"<script> [6424 bytes]","args":[{"element-6066-11e4-a52e-4f735466cecf":"f.9ECBE097640FEBEC90B3ACB807EDA6BA.d.0454E72BF277026B5A0D5C82F3810565.e.5754"},"getTitle",[]]}
RESULT: undefined
COMMAND: POST /session/0c7827ccc8759303351c6d5ad18bd6ca/element/f.9ECBE097640FEBEC90B3ACB807EDA6BA.d.0454E72BF277026B5A0D5C82F3810565.e.5576/click - {}
COMMAND: POST /session/0c7827ccc8759303351c6d5ad18bd6ca/element - {"using":"xpath","value":"//*[@id=\"backBtn\"]"}
RESULT: {"using":"xpath","value":"//*[@id=\"backBtn\"]"}
COMMAND: POST /session/0c7827ccc8759303351c6d5ad18bd6ca/element/f.9ECBE097640FEBEC90B3ACB807EDA6BA.d.0454E72BF277026B5A0D5C82F3810565.e.5576/click - {}
COMMAND: POST /session/0c7827ccc8759303351c6d5ad18bd6ca/element - {"using":"xpath","value":"//*[@id=\"backBtn\"]"}
RESULT: {"using":"xpath","value":"//*[@id=\"backBtn\"]"}
COMMAND: POST /session/0c7827ccc8759303351c6d5ad18bd6ca/element/f.9ECBE097640FEBEC90B3ACB807EDA6BA.d.0454E72BF277026B5A0D5C82F3810565.e.5755/click - {}
RESULT: {}
COMMAND: GET /session/0c7827ccc8759303351c6d5ad18bd6ca/screenshot - {}
RESULT: {}
]]></system-out>
    </testcase>
    <testcase classname="chrome.135_0_7049_96.windows.Sanity_Tests_US104253" name="Should open Schedule Jobs page" time="26.058">
      <system-out><![CDATA[
COMMAND: POST /session/0c7827ccc8759303351c6d5ad18bd6ca/execute/async - {"script":"<script> [1562 bytes]","args":[{"selector":{"controlType":"sap.m.GenericTile","properties":{"header":"Schedule Jobs"}},"wdio_ui5_key":"sapm.GenericTile{\"header\":\"Schedule Jobs\"}"}]}
RESULT: {"script":"<script> [1562 bytes]","args":[{"selector":{"controlType":"sap.m.GenericTile","properties":{"header":"Schedule Jobs"}},"wdio_ui5_key":"sapm.GenericTile{\"header\":\"Schedule Jobs\"}"}]}
RESULT: undefined
COMMAND: POST /session/0c7827ccc8759303351c6d5ad18bd6ca/element - {"using":"xpath","value":"//*[@id=\"__tile127\"]"}
RESULT: {"using":"xpath","value":"//*[@id=\"__tile127\"]"}
COMMAND: POST /session/0c7827ccc8759303351c6d5ad18bd6ca/element/f.9ECBE097640FEBEC90B3ACB807EDA6BA.d.0454E72BF277026B5A0D5C82F3810565.e.5757/click - {}
RESULT: {}
COMMAND: GET /session/0c7827ccc8759303351c6d5ad18bd6ca/screenshot - {}
RESULT: {}
RESULT: undefined
COMMAND: POST /session/0c7827ccc8759303351c6d5ad18bd6ca/element - {"using":"xpath","value":"//*[@id=\"__tile127\"]"}
RESULT: {"using":"xpath","value":"//*[@id=\"__tile127\"]"}
COMMAND: POST /session/0c7827ccc8759303351c6d5ad18bd6ca/element/f.9ECBE097640FEBEC90B3ACB807EDA6BA.d.0454E72BF277026B5A0D5C82F3810565.e.5757/click - {}
RESULT: undefined
COMMAND: POST /session/0c7827ccc8759303351c6d5ad18bd6ca/element - {"using":"xpath","value":"//*[@id=\"__tile127\"]"}
RESULT: {"using":"xpath","value":"//*[@id=\"__tile127\"]"}
COMMAND: POST /session/0c7827ccc8759303351c6d5ad18bd6ca/element/f.9ECBE097640FEBEC90B3ACB807EDA6BA.d.0454E72BF277026B5A0D5C82F3810565.e.5757/click - {}
RESULT: undefined
COMMAND: POST /session/0c7827ccc8759303351c6d5ad18bd6ca/execute/async - {"script":"<script> [6424 bytes]","args":[{"element-6066-11e4-a52e-4f735466cecf":"f.9ECBE097640FEBEC90B3ACB807EDA6BA.d.0454E72BF277026B5A0D5C82F3810565.e.291"},"getTitle",[]]}
COMMAND: POST /session/0c7827ccc8759303351c6d5ad18bd6ca/execute/async - {"script":"<script> [1562 bytes]","args":[{"selector":{"id":"shellAppTitle"},"wdio_ui5_key":"shellAppTitle"}]}
RESULT: {"script":"<script> [1562 bytes]","args":[{"selector":{"id":"shellAppTitle"},"wdio_ui5_key":"shellAppTitle"}]}
COMMAND: POST /session/0c7827ccc8759303351c6d5ad18bd6ca/execute/async - {"script":"<script> [6424 bytes]","args":[{"element-6066-11e4-a52e-4f735466cecf":"f.9ECBE097640FEBEC90B3ACB807EDA6BA.d.0454E72BF277026B5A0D5C82F3810565.e.5803"},"getTitle",[]]}
RESULT: {"script":"<script> [6424 bytes]","args":[{"element-6066-11e4-a52e-4f735466cecf":"f.9ECBE097640FEBEC90B3ACB807EDA6BA.d.0454E72BF277026B5A0D5C82F3810565.e.5803"},"getTitle",[]]}
RESULT: undefined
COMMAND: POST /session/0c7827ccc8759303351c6d5ad18bd6ca/element/f.9ECBE097640FEBEC90B3ACB807EDA6BA.d.0454E72BF277026B5A0D5C82F3810565.e.5755/click - {}
COMMAND: POST /session/0c7827ccc8759303351c6d5ad18bd6ca/element/f.9ECBE097640FEBEC90B3ACB807EDA6BA.d.0454E72BF277026B5A0D5C82F3810565.e.5755/click - {}
RESULT: {}
COMMAND: GET /session/0c7827ccc8759303351c6d5ad18bd6ca/screenshot - {}
COMMAND: POST /session/0c7827ccc8759303351c6d5ad18bd6ca/element - {"using":"xpath","value":"//*[@id=\"backBtn\"]"}
RESULT: {}
RESULT: {"using":"xpath","value":"//*[@id=\"backBtn\"]"}
COMMAND: POST /session/0c7827ccc8759303351c6d5ad18bd6ca/elements - {"using":"xpath","value":"//*[@id=\"backBtn\"]"}
RESULT: {"using":"xpath","value":"//*[@id=\"backBtn\"]"}
COMMAND: POST /session/0c7827ccc8759303351c6d5ad18bd6ca/elements - {"using":"xpath","value":"//*[@id=\"backBtn\"]"}
RESULT: {"using":"xpath","value":"//*[@id=\"backBtn\"]"}
COMMAND: POST /session/0c7827ccc8759303351c6d5ad18bd6ca/elements - {"using":"xpath","value":"//*[@id=\"backBtn\"]"}
RESULT: {"using":"xpath","value":"//*[@id=\"backBtn\"]"}
COMMAND: POST /session/0c7827ccc8759303351c6d5ad18bd6ca/elements - {"using":"xpath","value":"//*[@id=\"backBtn\"]"}
RESULT: {"using":"xpath","value":"//*[@id=\"backBtn\"]"}
COMMAND: POST /session/0c7827ccc8759303351c6d5ad18bd6ca/elements - {"using":"xpath","value":"//*[@id=\"backBtn\"]"}
RESULT: {"using":"xpath","value":"//*[@id=\"backBtn\"]"}
COMMAND: POST /session/0c7827ccc8759303351c6d5ad18bd6ca/elements - {"using":"xpath","value":"//*[@id=\"backBtn\"]"}
RESULT: {"using":"xpath","value":"//*[@id=\"backBtn\"]"}
COMMAND: POST /session/0c7827ccc8759303351c6d5ad18bd6ca/elements - {"using":"xpath","value":"//*[@id=\"backBtn\"]"}
RESULT: {"using":"xpath","value":"//*[@id=\"backBtn\"]"}
COMMAND: POST /session/0c7827ccc8759303351c6d5ad18bd6ca/elements - {"using":"xpath","value":"//*[@id=\"backBtn\"]"}
RESULT: {"using":"xpath","value":"//*[@id=\"backBtn\"]"}
COMMAND: POST /session/0c7827ccc8759303351c6d5ad18bd6ca/elements - {"using":"xpath","value":"//*[@id=\"backBtn\"]"}
RESULT: {"using":"xpath","value":"//*[@id=\"backBtn\"]"}
COMMAND: POST /session/0c7827ccc8759303351c6d5ad18bd6ca/elements - {"using":"xpath","value":"//*[@id=\"backBtn\"]"}
RESULT: {"using":"xpath","value":"//*[@id=\"backBtn\"]"}
COMMAND: POST /session/0c7827ccc8759303351c6d5ad18bd6ca/elements - {"using":"xpath","value":"//*[@id=\"backBtn\"]"}
RESULT: {"using":"xpath","value":"//*[@id=\"backBtn\"]"}
COMMAND: POST /session/0c7827ccc8759303351c6d5ad18bd6ca/elements - {"using":"xpath","value":"//*[@id=\"backBtn\"]"}
RESULT: {"using":"xpath","value":"//*[@id=\"backBtn\"]"}
COMMAND: POST /session/0c7827ccc8759303351c6d5ad18bd6ca/elements - {"using":"xpath","value":"//*[@id=\"backBtn\"]"}
RESULT: {"using":"xpath","value":"//*[@id=\"backBtn\"]"}
COMMAND: POST /session/0c7827ccc8759303351c6d5ad18bd6ca/elements - {"using":"xpath","value":"//*[@id=\"backBtn\"]"}
RESULT: {"using":"xpath","value":"//*[@id=\"backBtn\"]"}
COMMAND: POST /session/0c7827ccc8759303351c6d5ad18bd6ca/elements - {"using":"xpath","value":"//*[@id=\"backBtn\"]"}
RESULT: {"using":"xpath","value":"//*[@id=\"backBtn\"]"}
COMMAND: POST /session/0c7827ccc8759303351c6d5ad18bd6ca/elements - {"using":"xpath","value":"//*[@id=\"backBtn\"]"}
RESULT: {"using":"xpath","value":"//*[@id=\"backBtn\"]"}
COMMAND: POST /session/0c7827ccc8759303351c6d5ad18bd6ca/elements - {"using":"xpath","value":"//*[@id=\"backBtn\"]"}
RESULT: {"using":"xpath","value":"//*[@id=\"backBtn\"]"}
]]></system-out>
    </testcase>
    <testcase classname="chrome.135_0_7049_96.windows.Sanity_Tests_US104253" name="Should open Jobs Setup page" time="26.325">
      <system-out><![CDATA[
COMMAND: POST /session/0c7827ccc8759303351c6d5ad18bd6ca/execute/async - {"script":"<script> [1562 bytes]","args":[{"selector":{"controlType":"sap.m.GenericTile","properties":{"header":"Jobs Setup"}},"wdio_ui5_key":"sapm.GenericTile{\"header\":\"Jobs Setup\"}"}]}
COMMAND: POST /session/0c7827ccc8759303351c6d5ad18bd6ca/elements - {"using":"xpath","value":"//*[@id=\"backBtn\"]"}
RESULT: {"script":"<script> [1562 bytes]","args":[{"selector":{"controlType":"sap.m.GenericTile","properties":{"header":"Jobs Setup"}},"wdio_ui5_key":"sapm.GenericTile{\"header\":\"Jobs Setup\"}"}]}
RESULT: undefined
COMMAND: POST /session/0c7827ccc8759303351c6d5ad18bd6ca/element - {"using":"xpath","value":"//*[@id=\"__tile128\"]"}
RESULT: {"using":"xpath","value":"//*[@id=\"backBtn\"]"}
RESULT: {"using":"xpath","value":"//*[@id=\"__tile128\"]"}
COMMAND: POST /session/0c7827ccc8759303351c6d5ad18bd6ca/element/f.9ECBE097640FEBEC90B3ACB807EDA6BA.d.0454E72BF277026B5A0D5C82F3810565.e.5805/click - {}
COMMAND: POST /session/0c7827ccc8759303351c6d5ad18bd6ca/elements - {"using":"xpath","value":"//*[@id=\"backBtn\"]"}
RESULT: {}
COMMAND: GET /session/0c7827ccc8759303351c6d5ad18bd6ca/screenshot - {}
RESULT: {"using":"xpath","value":"//*[@id=\"backBtn\"]"}
COMMAND: POST /session/0c7827ccc8759303351c6d5ad18bd6ca/elements - {"using":"xpath","value":"//*[@id=\"backBtn\"]"}
RESULT: {}
RESULT: {"using":"xpath","value":"//*[@id=\"backBtn\"]"}
COMMAND: POST /session/0c7827ccc8759303351c6d5ad18bd6ca/element - {"using":"xpath","value":"//*[@id=\"backBtn\"]"}
RESULT: {"using":"xpath","value":"//*[@id=\"backBtn\"]"}
COMMAND: POST /session/0c7827ccc8759303351c6d5ad18bd6ca/element/f.9ECBE097640FEBEC90B3ACB807EDA6BA.d.0454E72BF277026B5A0D5C82F3810565.e.5755/click - {}
COMMAND: POST /session/0c7827ccc8759303351c6d5ad18bd6ca/element - {"using":"xpath","value":"//*[@id=\"backBtn\"]"}
RESULT: {"using":"xpath","value":"//*[@id=\"backBtn\"]"}
COMMAND: POST /session/0c7827ccc8759303351c6d5ad18bd6ca/element/f.9ECBE097640FEBEC90B3ACB807EDA6BA.d.0454E72BF277026B5A0D5C82F3810565.e.5869/click - {}
RESULT: {}
COMMAND: GET /session/0c7827ccc8759303351c6d5ad18bd6ca/screenshot - {}
RESULT: {}
RESULT: undefined
COMMAND: POST /session/0c7827ccc8759303351c6d5ad18bd6ca/element - {"using":"xpath","value":"//*[@id=\"__tile128\"]"}
RESULT: {"using":"xpath","value":"//*[@id=\"__tile128\"]"}
COMMAND: POST /session/0c7827ccc8759303351c6d5ad18bd6ca/element/f.9ECBE097640FEBEC90B3ACB807EDA6BA.d.0454E72BF277026B5A0D5C82F3810565.e.5805/click - {}
RESULT: undefined
COMMAND: POST /session/0c7827ccc8759303351c6d5ad18bd6ca/element - {"using":"xpath","value":"//*[@id=\"__tile128\"]"}
RESULT: {"using":"xpath","value":"//*[@id=\"__tile128\"]"}
COMMAND: POST /session/0c7827ccc8759303351c6d5ad18bd6ca/element/f.9ECBE097640FEBEC90B3ACB807EDA6BA.d.0454E72BF277026B5A0D5C82F3810565.e.5805/click - {}
RESULT: undefined
COMMAND: POST /session/0c7827ccc8759303351c6d5ad18bd6ca/execute/async - {"script":"<script> [6424 bytes]","args":[{"element-6066-11e4-a52e-4f735466cecf":"f.9ECBE097640FEBEC90B3ACB807EDA6BA.d.0454E72BF277026B5A0D5C82F3810565.e.291"},"getTitle",[]]}
COMMAND: POST /session/0c7827ccc8759303351c6d5ad18bd6ca/execute/async - {"script":"<script> [1562 bytes]","args":[{"selector":{"id":"shellAppTitle"},"wdio_ui5_key":"shellAppTitle"}]}
RESULT: {"script":"<script> [1562 bytes]","args":[{"selector":{"id":"shellAppTitle"},"wdio_ui5_key":"shellAppTitle"}]}
COMMAND: POST /session/0c7827ccc8759303351c6d5ad18bd6ca/execute/async - {"script":"<script> [6424 bytes]","args":[{"element-6066-11e4-a52e-4f735466cecf":"f.9ECBE097640FEBEC90B3ACB807EDA6BA.d.0454E72BF277026B5A0D5C82F3810565.e.5897"},"getTitle",[]]}
RESULT: {"script":"<script> [6424 bytes]","args":[{"element-6066-11e4-a52e-4f735466cecf":"f.9ECBE097640FEBEC90B3ACB807EDA6BA.d.0454E72BF277026B5A0D5C82F3810565.e.5897"},"getTitle",[]]}
RESULT: undefined
COMMAND: POST /session/0c7827ccc8759303351c6d5ad18bd6ca/element/f.9ECBE097640FEBEC90B3ACB807EDA6BA.d.0454E72BF277026B5A0D5C82F3810565.e.5869/click - {}
COMMAND: POST /session/0c7827ccc8759303351c6d5ad18bd6ca/element/f.9ECBE097640FEBEC90B3ACB807EDA6BA.d.0454E72BF277026B5A0D5C82F3810565.e.5869/click - {}
RESULT: {}
COMMAND: GET /session/0c7827ccc8759303351c6d5ad18bd6ca/screenshot - {}
RESULT: {}
COMMAND: GET /session/0c7827ccc8759303351c6d5ad18bd6ca/screenshot - {}
RESULT: {}
RESULT: {}
]]></system-out>
    </testcase>
    <testcase classname="chrome.135_0_7049_96.windows.Sanity_Tests_US104253" name="Should open Target Systems Configuration page" time="26.082">
      <system-out><![CDATA[
COMMAND: POST /session/0c7827ccc8759303351c6d5ad18bd6ca/execute/async - {"script":"<script> [1562 bytes]","args":[{"selector":{"controlType":"sap.m.GenericTile","properties":{"header":"Target Systems Configuration"}},"wdio_ui5_key":"sapm.GenericTile{\"header\":\"Target Systems Configuration\"}"}]}
RESULT: {"script":"<script> [1562 bytes]","args":[{"selector":{"controlType":"sap.m.GenericTile","properties":{"header":"Target Systems Configuration"}},"wdio_ui5_key":"sapm.GenericTile{\"header\":\"Target Systems Configuration\"}"}]}
RESULT: undefined
COMMAND: POST /session/0c7827ccc8759303351c6d5ad18bd6ca/element - {"using":"xpath","value":"//*[@id=\"__tile129\"]"}
RESULT: {"using":"xpath","value":"//*[@id=\"__tile129\"]"}
COMMAND: POST /session/0c7827ccc8759303351c6d5ad18bd6ca/element/f.9ECBE097640FEBEC90B3ACB807EDA6BA.d.0454E72BF277026B5A0D5C82F3810565.e.5899/click - {}
RESULT: {}
COMMAND: GET /session/0c7827ccc8759303351c6d5ad18bd6ca/screenshot - {}
RESULT: {}
RESULT: undefined
COMMAND: POST /session/0c7827ccc8759303351c6d5ad18bd6ca/element - {"using":"xpath","value":"//*[@id=\"__tile129\"]"}
RESULT: {"using":"xpath","value":"//*[@id=\"__tile129\"]"}
COMMAND: POST /session/0c7827ccc8759303351c6d5ad18bd6ca/element/f.9ECBE097640FEBEC90B3ACB807EDA6BA.d.0454E72BF277026B5A0D5C82F3810565.e.5899/click - {}
RESULT: undefined
COMMAND: POST /session/0c7827ccc8759303351c6d5ad18bd6ca/element - {"using":"xpath","value":"//*[@id=\"__tile129\"]"}
RESULT: {"using":"xpath","value":"//*[@id=\"__tile129\"]"}
COMMAND: POST /session/0c7827ccc8759303351c6d5ad18bd6ca/element/f.9ECBE097640FEBEC90B3ACB807EDA6BA.d.0454E72BF277026B5A0D5C82F3810565.e.5899/click - {}
RESULT: undefined
COMMAND: POST /session/0c7827ccc8759303351c6d5ad18bd6ca/execute/async - {"script":"<script> [6424 bytes]","args":[{"element-6066-11e4-a52e-4f735466cecf":"f.9ECBE097640FEBEC90B3ACB807EDA6BA.d.0454E72BF277026B5A0D5C82F3810565.e.291"},"getTitle",[]]}
COMMAND: POST /session/0c7827ccc8759303351c6d5ad18bd6ca/execute/async - {"script":"<script> [1562 bytes]","args":[{"selector":{"id":"shellAppTitle"},"wdio_ui5_key":"shellAppTitle"}]}
RESULT: {"script":"<script> [1562 bytes]","args":[{"selector":{"id":"shellAppTitle"},"wdio_ui5_key":"shellAppTitle"}]}
COMMAND: POST /session/0c7827ccc8759303351c6d5ad18bd6ca/execute/async - {"script":"<script> [6424 bytes]","args":[{"element-6066-11e4-a52e-4f735466cecf":"f.9ECBE097640FEBEC90B3ACB807EDA6BA.d.0454E72BF277026B5A0D5C82F3810565.e.5978"},"getTitle",[]]}
RESULT: {"script":"<script> [6424 bytes]","args":[{"element-6066-11e4-a52e-4f735466cecf":"f.9ECBE097640FEBEC90B3ACB807EDA6BA.d.0454E72BF277026B5A0D5C82F3810565.e.5978"},"getTitle",[]]}
RESULT: undefined
COMMAND: POST /session/0c7827ccc8759303351c6d5ad18bd6ca/element/f.9ECBE097640FEBEC90B3ACB807EDA6BA.d.0454E72BF277026B5A0D5C82F3810565.e.5869/click - {}
COMMAND: POST /session/0c7827ccc8759303351c6d5ad18bd6ca/element/f.9ECBE097640FEBEC90B3ACB807EDA6BA.d.0454E72BF277026B5A0D5C82F3810565.e.5869/click - {}
RESULT: {}
COMMAND: GET /session/0c7827ccc8759303351c6d5ad18bd6ca/screenshot - {}
COMMAND: POST /session/0c7827ccc8759303351c6d5ad18bd6ca/element - {"using":"xpath","value":"//*[@id=\"backBtn\"]"}
RESULT: {}
RESULT: {"using":"xpath","value":"//*[@id=\"backBtn\"]"}
COMMAND: POST /session/0c7827ccc8759303351c6d5ad18bd6ca/elements - {"using":"xpath","value":"//*[@id=\"backBtn\"]"}
RESULT: {"using":"xpath","value":"//*[@id=\"backBtn\"]"}
COMMAND: POST /session/0c7827ccc8759303351c6d5ad18bd6ca/elements - {"using":"xpath","value":"//*[@id=\"backBtn\"]"}
RESULT: {"using":"xpath","value":"//*[@id=\"backBtn\"]"}
COMMAND: POST /session/0c7827ccc8759303351c6d5ad18bd6ca/elements - {"using":"xpath","value":"//*[@id=\"backBtn\"]"}
RESULT: {"using":"xpath","value":"//*[@id=\"backBtn\"]"}
COMMAND: POST /session/0c7827ccc8759303351c6d5ad18bd6ca/elements - {"using":"xpath","value":"//*[@id=\"backBtn\"]"}
RESULT: {"using":"xpath","value":"//*[@id=\"backBtn\"]"}
COMMAND: POST /session/0c7827ccc8759303351c6d5ad18bd6ca/elements - {"using":"xpath","value":"//*[@id=\"backBtn\"]"}
RESULT: {"using":"xpath","value":"//*[@id=\"backBtn\"]"}
COMMAND: POST /session/0c7827ccc8759303351c6d5ad18bd6ca/elements - {"using":"xpath","value":"//*[@id=\"backBtn\"]"}
RESULT: {"using":"xpath","value":"//*[@id=\"backBtn\"]"}
COMMAND: POST /session/0c7827ccc8759303351c6d5ad18bd6ca/elements - {"using":"xpath","value":"//*[@id=\"backBtn\"]"}
RESULT: {"using":"xpath","value":"//*[@id=\"backBtn\"]"}
COMMAND: POST /session/0c7827ccc8759303351c6d5ad18bd6ca/elements - {"using":"xpath","value":"//*[@id=\"backBtn\"]"}
RESULT: {"using":"xpath","value":"//*[@id=\"backBtn\"]"}
COMMAND: POST /session/0c7827ccc8759303351c6d5ad18bd6ca/elements - {"using":"xpath","value":"//*[@id=\"backBtn\"]"}
RESULT: {"using":"xpath","value":"//*[@id=\"backBtn\"]"}
COMMAND: POST /session/0c7827ccc8759303351c6d5ad18bd6ca/elements - {"using":"xpath","value":"//*[@id=\"backBtn\"]"}
RESULT: {"using":"xpath","value":"//*[@id=\"backBtn\"]"}
COMMAND: POST /session/0c7827ccc8759303351c6d5ad18bd6ca/elements - {"using":"xpath","value":"//*[@id=\"backBtn\"]"}
RESULT: {"using":"xpath","value":"//*[@id=\"backBtn\"]"}
COMMAND: POST /session/0c7827ccc8759303351c6d5ad18bd6ca/elements - {"using":"xpath","value":"//*[@id=\"backBtn\"]"}
RESULT: {"using":"xpath","value":"//*[@id=\"backBtn\"]"}
COMMAND: POST /session/0c7827ccc8759303351c6d5ad18bd6ca/elements - {"using":"xpath","value":"//*[@id=\"backBtn\"]"}
RESULT: {"using":"xpath","value":"//*[@id=\"backBtn\"]"}
COMMAND: POST /session/0c7827ccc8759303351c6d5ad18bd6ca/elements - {"using":"xpath","value":"//*[@id=\"backBtn\"]"}
RESULT: {"using":"xpath","value":"//*[@id=\"backBtn\"]"}
COMMAND: POST /session/0c7827ccc8759303351c6d5ad18bd6ca/elements - {"using":"xpath","value":"//*[@id=\"backBtn\"]"}
RESULT: {"using":"xpath","value":"//*[@id=\"backBtn\"]"}
COMMAND: POST /session/0c7827ccc8759303351c6d5ad18bd6ca/elements - {"using":"xpath","value":"//*[@id=\"backBtn\"]"}
RESULT: {"using":"xpath","value":"//*[@id=\"backBtn\"]"}
COMMAND: POST /session/0c7827ccc8759303351c6d5ad18bd6ca/elements - {"using":"xpath","value":"//*[@id=\"backBtn\"]"}
RESULT: {"using":"xpath","value":"//*[@id=\"backBtn\"]"}
COMMAND: POST /session/0c7827ccc8759303351c6d5ad18bd6ca/elements - {"using":"xpath","value":"//*[@id=\"backBtn\"]"}
RESULT: {"using":"xpath","value":"//*[@id=\"backBtn\"]"}
COMMAND: POST /session/0c7827ccc8759303351c6d5ad18bd6ca/elements - {"using":"xpath","value":"//*[@id=\"backBtn\"]"}
RESULT: {"using":"xpath","value":"//*[@id=\"backBtn\"]"}
COMMAND: POST /session/0c7827ccc8759303351c6d5ad18bd6ca/elements - {"using":"xpath","value":"//*[@id=\"backBtn\"]"}
RESULT: {"using":"xpath","value":"//*[@id=\"backBtn\"]"}
COMMAND: POST /session/0c7827ccc8759303351c6d5ad18bd6ca/elements - {"using":"xpath","value":"//*[@id=\"backBtn\"]"}
RESULT: {"using":"xpath","value":"//*[@id=\"backBtn\"]"}
COMMAND: POST /session/0c7827ccc8759303351c6d5ad18bd6ca/elements - {"using":"xpath","value":"//*[@id=\"backBtn\"]"}
RESULT: {"using":"xpath","value":"//*[@id=\"backBtn\"]"}
COMMAND: POST /session/0c7827ccc8759303351c6d5ad18bd6ca/elements - {"using":"xpath","value":"//*[@id=\"backBtn\"]"}
RESULT: {"using":"xpath","value":"//*[@id=\"backBtn\"]"}
COMMAND: POST /session/0c7827ccc8759303351c6d5ad18bd6ca/elements - {"using":"xpath","value":"//*[@id=\"backBtn\"]"}
RESULT: {"using":"xpath","value":"//*[@id=\"backBtn\"]"}
COMMAND: POST /session/0c7827ccc8759303351c6d5ad18bd6ca/elements - {"using":"xpath","value":"//*[@id=\"backBtn\"]"}
RESULT: {"using":"xpath","value":"//*[@id=\"backBtn\"]"}
COMMAND: POST /session/0c7827ccc8759303351c6d5ad18bd6ca/elements - {"using":"xpath","value":"//*[@id=\"backBtn\"]"}
RESULT: {"using":"xpath","value":"//*[@id=\"backBtn\"]"}
COMMAND: POST /session/0c7827ccc8759303351c6d5ad18bd6ca/elements - {"using":"xpath","value":"//*[@id=\"backBtn\"]"}
RESULT: {"using":"xpath","value":"//*[@id=\"backBtn\"]"}
COMMAND: POST /session/0c7827ccc8759303351c6d5ad18bd6ca/elements - {"using":"xpath","value":"//*[@id=\"backBtn\"]"}
RESULT: {"using":"xpath","value":"//*[@id=\"backBtn\"]"}
COMMAND: POST /session/0c7827ccc8759303351c6d5ad18bd6ca/elements - {"using":"xpath","value":"//*[@id=\"backBtn\"]"}
RESULT: {"using":"xpath","value":"//*[@id=\"backBtn\"]"}
COMMAND: POST /session/0c7827ccc8759303351c6d5ad18bd6ca/elements - {"using":"xpath","value":"//*[@id=\"backBtn\"]"}
RESULT: {"using":"xpath","value":"//*[@id=\"backBtn\"]"}
COMMAND: POST /session/0c7827ccc8759303351c6d5ad18bd6ca/elements - {"using":"xpath","value":"//*[@id=\"backBtn\"]"}
RESULT: {"using":"xpath","value":"//*[@id=\"backBtn\"]"}
COMMAND: POST /session/0c7827ccc8759303351c6d5ad18bd6ca/elements - {"using":"xpath","value":"//*[@id=\"backBtn\"]"}
RESULT: {"using":"xpath","value":"//*[@id=\"backBtn\"]"}
COMMAND: POST /session/0c7827ccc8759303351c6d5ad18bd6ca/elements - {"using":"xpath","value":"//*[@id=\"backBtn\"]"}
RESULT: {"using":"xpath","value":"//*[@id=\"backBtn\"]"}
COMMAND: POST /session/0c7827ccc8759303351c6d5ad18bd6ca/elements - {"using":"xpath","value":"//*[@id=\"backBtn\"]"}
RESULT: {"using":"xpath","value":"//*[@id=\"backBtn\"]"}
COMMAND: POST /session/0c7827ccc8759303351c6d5ad18bd6ca/elements - {"using":"xpath","value":"//*[@id=\"backBtn\"]"}
RESULT: {"using":"xpath","value":"//*[@id=\"backBtn\"]"}
COMMAND: POST /session/0c7827ccc8759303351c6d5ad18bd6ca/elements - {"using":"xpath","value":"//*[@id=\"backBtn\"]"}
RESULT: {"using":"xpath","value":"//*[@id=\"backBtn\"]"}
COMMAND: POST /session/0c7827ccc8759303351c6d5ad18bd6ca/elements - {"using":"xpath","value":"//*[@id=\"backBtn\"]"}
RESULT: {"using":"xpath","value":"//*[@id=\"backBtn\"]"}
COMMAND: POST /session/0c7827ccc8759303351c6d5ad18bd6ca/elements - {"using":"xpath","value":"//*[@id=\"backBtn\"]"}
RESULT: {"using":"xpath","value":"//*[@id=\"backBtn\"]"}
COMMAND: POST /session/0c7827ccc8759303351c6d5ad18bd6ca/elements - {"using":"xpath","value":"//*[@id=\"backBtn\"]"}
RESULT: {"using":"xpath","value":"//*[@id=\"backBtn\"]"}
COMMAND: DELETE /session/0c7827ccc8759303351c6d5ad18bd6ca - {}
RESULT: {}
]]></system-out>
    </testcase>
  </testsuite>
</testsuites>