<?xml version="1.0" encoding="UTF-8"?>
<testsuites tests="9" failures="0" errors="0" skipped="0">
  <testsuite timestamp="2025-05-25T16:07:13" time="925.624" tests="4" failures="0" errors="0" skipped="0">
    <properties>
      <property name="specId" value="0"/>
      <property name="suiteName" value="Webshop - Hyperlinks visible and working properly  US139085"/>
      <property name="capabilities" value="chrome.136_0_7103_93.windows"/>
      <property name="file" value="file:///D:/a/1/s/test/specs/R2C/webshop-hyperlinks-yard-site.spec.js"/>
    </properties>
    <testcase classname="chrome.136_0_7103_93.windows.Webshop_-_Hyperlinks_visible_and_working_properly__US139085" name="Should create prerequisites for webshop suite" time="310.298">
      <system-out><![CDATA[
COMMAND: POST /session/92e36b7f2589a9e1a7263b5f33980749/execute/async - {"script":"<script> [1562 bytes]","args":[{"selector":{"controlType":"sap.m.GenericTile","properties":{"header":"Manage Yards"}},"wdio_ui5_key":"sapm.GenericTile{\"header\":\"Manage Yards\"}"}]}
RESULT: {"script":"<script> [1562 bytes]","args":[{"selector":{"controlType":"sap.m.GenericTile","properties":{"header":"Manage Yards"}},"wdio_ui5_key":"sapm.GenericTile{\"header\":\"Manage Yards\"}"}]}
RESULT: undefined
COMMAND: POST /session/92e36b7f2589a9e1a7263b5f33980749/element - {"using":"xpath","value":"//*[@id=\"__tile41\"]"}
RESULT: {"using":"xpath","value":"//*[@id=\"__tile41\"]"}
COMMAND: POST /session/92e36b7f2589a9e1a7263b5f33980749/element/f.31350D4C963CC80A9541720B3C5CD4D9.d.EBA722B02316294768CE6E40BE0DB101.e.120/click - {}
RESULT: {}
COMMAND: GET /session/92e36b7f2589a9e1a7263b5f33980749/screenshot - {}
RESULT: {}
COMMAND: POST /session/92e36b7f2589a9e1a7263b5f33980749/elements - {"using":"xpath","value":"//span[text()='Error']"}
RESULT: {"using":"xpath","value":"//span[text()='Error']"}
COMMAND: POST /session/92e36b7f2589a9e1a7263b5f33980749/execute/async - {"script":"<script> [1562 bytes]","args":[{"selector":{"controlType":"sap.ui.core.Icon","viewName":"etm.portal.ui.manageyards.view.Master","viewId":"application-manageyards-display-component---masterYard","properties":{"src":{"regex":{"source":"add"}}}},"wdio_ui5_key":"etmportal.ui.manageyards.view.Mastersap.ui.core.Icon{\"src\":{\"regex\":{\"source\":\"add\"}}}"}]}
RESULT: {"script":"<script> [1562 bytes]","args":[{"selector":{"controlType":"sap.ui.core.Icon","viewName":"etm.portal.ui.manageyards.view.Master","viewId":"application-manageyards-display-component---masterYard","properties":{"src":{"regex":{"source":"add"}}}},"wdio_ui5_key":"etmportal.ui.manageyards.view.Mastersap.ui.core.Icon{\"src\":{\"regex\":{\"source\":\"add\"}}}"}]}
RESULT: undefined
COMMAND: POST /session/92e36b7f2589a9e1a7263b5f33980749/element - {"using":"xpath","value":"//*[@id=\"__button4-img\"]"}
RESULT: {"using":"xpath","value":"//*[@id=\"__button4-img\"]"}
COMMAND: POST /session/92e36b7f2589a9e1a7263b5f33980749/element/f.31350D4C963CC80A9541720B3C5CD4D9.d.EBA722B02316294768CE6E40BE0DB101.e.168/click - {}
RESULT: {}
COMMAND: GET /session/92e36b7f2589a9e1a7263b5f33980749/screenshot - {}
RESULT: {}
COMMAND: POST /session/92e36b7f2589a9e1a7263b5f33980749/execute/async - {"script":"<script> [1562 bytes]","args":[{"selector":{"id":"application-manageyards-display-component---NewYard--yardId","interaction":{"idSuffix":"inner"}},"wdio_ui5_key":"applicationmanageyards-display-component---NewYard--yardId"}]}
RESULT: {"script":"<script> [1562 bytes]","args":[{"selector":{"id":"application-manageyards-display-component---NewYard--yardId","interaction":{"idSuffix":"inner"}},"wdio_ui5_key":"applicationmanageyards-display-component---NewYard--yardId"}]}
RESULT: undefined
COMMAND: POST /session/92e36b7f2589a9e1a7263b5f33980749/element - {"using":"xpath","value":"//*[@id=\"application-manageyards-display-component---NewYard--addressDetailDetailsName1-inner\"]"}
RESULT: {"using":"xpath","value":"//*[@id=\"application-manageyards-display-component---NewYard--addressDetailDetailsName1-inner\"]"}
COMMAND: POST /session/92e36b7f2589a9e1a7263b5f33980749/element/f.31350D4C963CC80A9541720B3C5CD4D9.d.EBA722B02316294768CE6E40BE0DB101.e.381/clear - {}
RESULT: {}
COMMAND: POST /session/92e36b7f2589a9e1a7263b5f33980749/element/f.31350D4C963CC80A9541720B3C5CD4D9.d.EBA722B02316294768CE6E40BE0DB101.e.381/value - {"text":"WebdriverYard7gwyq"}
COMMAND: GET /session/92e36b7f2589a9e1a7263b5f33980749/screenshot - {}
RESULT: {"text":"WebdriverYard7gwyq"}
COMMAND: POST /session/92e36b7f2589a9e1a7263b5f33980749/element - {"using":"xpath","value":"//*[@id=\"application-manageyards-display-component---NewYard--addressDetailDetailsLanguage-inner\"]"}
COMMAND: GET /session/92e36b7f2589a9e1a7263b5f33980749/screenshot - {}
RESULT: {}
RESULT: {"using":"xpath","value":"//*[@id=\"application-manageyards-display-component---NewYard--addressDetailDetailsLanguage-inner\"]"}
COMMAND: POST /session/92e36b7f2589a9e1a7263b5f33980749/element/f.31350D4C963CC80A9541720B3C5CD4D9.d.EBA722B02316294768CE6E40BE0DB101.e.382/clear - {}
RESULT: {}
RESULT: {}
COMMAND: POST /session/92e36b7f2589a9e1a7263b5f33980749/element/f.31350D4C963CC80A9541720B3C5CD4D9.d.EBA722B02316294768CE6E40BE0DB101.e.382/value - {"text":"Romanian"}
COMMAND: GET /session/92e36b7f2589a9e1a7263b5f33980749/screenshot - {}
RESULT: {"text":"Romanian"}
COMMAND: POST /session/92e36b7f2589a9e1a7263b5f33980749/element - {"using":"xpath","value":"//input[contains(@id ,\"application-manageyards-display-component---NewYard--addressDetailDetailsName1-inner\")]"}
COMMAND: GET /session/92e36b7f2589a9e1a7263b5f33980749/screenshot - {}
RESULT: {}
RESULT: {"using":"xpath","value":"//input[contains(@id ,\"application-manageyards-display-component---NewYard--addressDetailDetailsName1-inner\")]"}
COMMAND: GET /session/92e36b7f2589a9e1a7263b5f33980749/element/f.31350D4C963CC80A9541720B3C5CD4D9.d.EBA722B02316294768CE6E40BE0DB101.e.381/property/value - {}
RESULT: {}
RESULT: {}
COMMAND: GET /session/92e36b7f2589a9e1a7263b5f33980749/screenshot - {}
RESULT: {}
COMMAND: POST /session/92e36b7f2589a9e1a7263b5f33980749/element - {"using":"xpath","value":"//*[@id=\"application-manageyards-display-component---NewYard--addressDetailDetailsCity1-inner\"]"}
RESULT: {"using":"xpath","value":"//*[@id=\"application-manageyards-display-component---NewYard--addressDetailDetailsCity1-inner\"]"}
COMMAND: POST /session/92e36b7f2589a9e1a7263b5f33980749/element/f.31350D4C963CC80A9541720B3C5CD4D9.d.EBA722B02316294768CE6E40BE0DB101.e.384/clear - {}
RESULT: {}
COMMAND: POST /session/92e36b7f2589a9e1a7263b5f33980749/element/f.31350D4C963CC80A9541720B3C5CD4D9.d.EBA722B02316294768CE6E40BE0DB101.e.384/value - {"text":"Bucuresti"}
COMMAND: GET /session/92e36b7f2589a9e1a7263b5f33980749/screenshot - {}
RESULT: {"text":"Bucuresti"}
COMMAND: GET /session/92e36b7f2589a9e1a7263b5f33980749/screenshot - {}
RESULT: {}
RESULT: {}
COMMAND: POST /session/92e36b7f2589a9e1a7263b5f33980749/element - {"using":"xpath","value":"//*[@id=\"application-manageyards-display-component---NewYard--addressDetailDetailsCountry-inner\"]"}
RESULT: {"using":"xpath","value":"//*[@id=\"application-manageyards-display-component---NewYard--addressDetailDetailsCountry-inner\"]"}
COMMAND: POST /session/92e36b7f2589a9e1a7263b5f33980749/element/f.31350D4C963CC80A9541720B3C5CD4D9.d.EBA722B02316294768CE6E40BE0DB101.e.388/clear - {}
RESULT: {}
COMMAND: POST /session/92e36b7f2589a9e1a7263b5f33980749/element/f.31350D4C963CC80A9541720B3C5CD4D9.d.EBA722B02316294768CE6E40BE0DB101.e.388/value - {"text":"Romania"}
COMMAND: GET /session/92e36b7f2589a9e1a7263b5f33980749/screenshot - {}
RESULT: {"text":"Romania"}
COMMAND: GET /session/92e36b7f2589a9e1a7263b5f33980749/screenshot - {}
RESULT: {}
COMMAND: POST /session/92e36b7f2589a9e1a7263b5f33980749/element - {"using":"xpath","value":"//div[contains(text(), \"Commercial\")]"}
RESULT: {}
RESULT: {"using":"xpath","value":"//div[contains(text(), \"Commercial\")]"}
COMMAND: GET /session/92e36b7f2589a9e1a7263b5f33980749/element/f.31350D4C963CC80A9541720B3C5CD4D9.d.EBA722B02316294768CE6E40BE0DB101.e.574/rect - {}
RESULT: {}
COMMAND: GET /session/92e36b7f2589a9e1a7263b5f33980749/window/rect - {}
RESULT: {}
COMMAND: POST /session/92e36b7f2589a9e1a7263b5f33980749/execute/sync - {"script":"<script> [92 bytes]","args":[]}
RESULT: {"script":"<script> [92 bytes]","args":[]}
COMMAND: POST /session/92e36b7f2589a9e1a7263b5f33980749/actions - {"actions":[{"id":"action1","type":"wheel","parameters":{},"actions":[{"type":"scroll","x":-1841,"y":-44,"deltaX":0,"deltaY":0,"duration":0,"origin":{"element-6066-11e4-a52e-4f735466cecf":"f.31350D4C963CC80A9541720B3C5CD4D9.d.EBA722B02316294768CE6E40BE0DB101.e.574"}}]}]}
COMMAND: GET /session/92e36b7f2589a9e1a7263b5f33980749/screenshot - {}
RESULT: {}
COMMAND: POST /session/92e36b7f2589a9e1a7263b5f33980749/execute/sync - {"script":"<script> [79 bytes]","args":[{"element-6066-11e4-a52e-4f735466cecf":"f.31350D4C963CC80A9541720B3C5CD4D9.d.EBA722B02316294768CE6E40BE0DB101.e.574","ELEMENT":"f.31350D4C963CC80A9541720B3C5CD4D9.d.EBA722B02316294768CE6E40BE0DB101.e.574"},{"block":"start","inline":"nearest"}]}
RESULT: {"script":"<script> [79 bytes]","args":[{"element-6066-11e4-a52e-4f735466cecf":"f.31350D4C963CC80A9541720B3C5CD4D9.d.EBA722B02316294768CE6E40BE0DB101.e.574","ELEMENT":"f.31350D4C963CC80A9541720B3C5CD4D9.d.EBA722B02316294768CE6E40BE0DB101.e.574"},{"block":"start","inline":"nearest"}]}
COMMAND: GET /session/92e36b7f2589a9e1a7263b5f33980749/screenshot - {}
RESULT: {}
COMMAND: POST /session/92e36b7f2589a9e1a7263b5f33980749/execute/async - {"script":"<script> [1562 bytes]","args":[{"selector":{"id":"application-manageyards-display-component---NewYard--addressEditDetailsCostObjectCstType-arrow"},"wdio_ui5_key":"applicationmanageyards-display-component---NewYard--addressEditDetailsCostObjectCstType-arrow"}]}
RESULT: {"script":"<script> [1562 bytes]","args":[{"selector":{"id":"application-manageyards-display-component---NewYard--addressEditDetailsCostObjectCstType-arrow"},"wdio_ui5_key":"applicationmanageyards-display-component---NewYard--addressEditDetailsCostObjectCstType-arrow"}]}
RESULT: undefined
COMMAND: POST /session/92e36b7f2589a9e1a7263b5f33980749/element - {"using":"xpath","value":"//*[@id=\"application-manageyards-display-component---NewYard--addressEditDetailsCostObjectCstType-arrow\"]"}
RESULT: {"using":"xpath","value":"//*[@id=\"application-manageyards-display-component---NewYard--addressEditDetailsCostObjectCstType-arrow\"]"}
COMMAND: POST /session/92e36b7f2589a9e1a7263b5f33980749/element/f.31350D4C963CC80A9541720B3C5CD4D9.d.EBA722B02316294768CE6E40BE0DB101.e.583/click - {}
RESULT: {}
COMMAND: POST /session/92e36b7f2589a9e1a7263b5f33980749/element - {"using":"xpath","value":"//span[contains(text(), \"Cost Center\")]"}
COMMAND: GET /session/92e36b7f2589a9e1a7263b5f33980749/screenshot - {}
RESULT: {"using":"xpath","value":"//span[contains(text(), \"Cost Center\")]"}
COMMAND: POST /session/92e36b7f2589a9e1a7263b5f33980749/element/f.31350D4C963CC80A9541720B3C5CD4D9.d.EBA722B02316294768CE6E40BE0DB101.e.584/click - {}
RESULT: {}
RESULT: {}
COMMAND: GET /session/92e36b7f2589a9e1a7263b5f33980749/screenshot - {}
RESULT: {}
COMMAND: POST /session/92e36b7f2589a9e1a7263b5f33980749/execute/async - {"script":"<script> [1562 bytes]","args":[{"selector":{"id":"application-manageyards-display-component---NewYard--addressNewCostObjectCstID-vhi"},"wdio_ui5_key":"applicationmanageyards-display-component---NewYard--addressNewCostObjectCstID-vhi"}]}
RESULT: {"script":"<script> [1562 bytes]","args":[{"selector":{"id":"application-manageyards-display-component---NewYard--addressNewCostObjectCstID-vhi"},"wdio_ui5_key":"applicationmanageyards-display-component---NewYard--addressNewCostObjectCstID-vhi"}]}
RESULT: undefined
COMMAND: POST /session/92e36b7f2589a9e1a7263b5f33980749/element - {"using":"xpath","value":"//*[@id=\"application-manageyards-display-component---NewYard--addressNewCostObjectCstID-vhi\"]"}
RESULT: {"using":"xpath","value":"//*[@id=\"application-manageyards-display-component---NewYard--addressNewCostObjectCstID-vhi\"]"}
COMMAND: POST /session/92e36b7f2589a9e1a7263b5f33980749/element/f.31350D4C963CC80A9541720B3C5CD4D9.d.EBA722B02316294768CE6E40BE0DB101.e.588/click - {}
RESULT: {}
COMMAND: GET /session/92e36b7f2589a9e1a7263b5f33980749/screenshot - {}
RESULT: {}
COMMAND: POST /session/92e36b7f2589a9e1a7263b5f33980749/execute/async - {"script":"<script> [1562 bytes]","args":[{"selector":{"controlType":"sap.m.SearchField","properties":{"placeholder":"Search"},"searchOpenDialogs":true,"interaction":{"idSuffix":"I"}},"wdio_ui5_key":"sapm.SearchField{\"placeholder\":\"Search\"}"}]}
RESULT: {"script":"<script> [1562 bytes]","args":[{"selector":{"controlType":"sap.m.SearchField","properties":{"placeholder":"Search"},"searchOpenDialogs":true,"interaction":{"idSuffix":"I"}},"wdio_ui5_key":"sapm.SearchField{\"placeholder\":\"Search\"}"}]}
RESULT: undefined
COMMAND: POST /session/92e36b7f2589a9e1a7263b5f33980749/execute/async - {"script":"<script> [776 bytes]","args":[{"enterText":"10001013","selector":{"controlType":"sap.m.SearchField","properties":{"placeholder":"Search"},"searchOpenDialogs":true,"interaction":{"idSuffix":"I"}},"clearTextFirst":true,"interactionType":"ENTER_TEXT"}]}
RESULT: {"script":"<script> [776 bytes]","args":[{"enterText":"10001013","selector":{"controlType":"sap.m.SearchField","properties":{"placeholder":"Search"},"searchOpenDialogs":true,"interaction":{"idSuffix":"I"}},"clearTextFirst":true,"interactionType":"ENTER_TEXT"}]}
COMMAND: POST /session/92e36b7f2589a9e1a7263b5f33980749/actions - {"actions":[{"id":"action2","type":"key","parameters":{},"actions":[{"type":"keyDown","value":""},{"type":"pause","duration":10},{"type":"keyUp","value":""}]}]}
RESULT: {"actions":[{"id":"action2","type":"key","parameters":{},"actions":[{"type":"keyDown","value":""},{"type":"pause","duration":10},{"type":"keyUp","value":""}]}]}
COMMAND: GET /session/92e36b7f2589a9e1a7263b5f33980749/screenshot - {}
RESULT: {}
COMMAND: POST /session/92e36b7f2589a9e1a7263b5f33980749/element - {"using":"xpath","value":"//span[contains(text(), \"General Management\")]"}
RESULT: {"using":"xpath","value":"//span[contains(text(), \"General Management\")]"}
COMMAND: POST /session/92e36b7f2589a9e1a7263b5f33980749/element/f.31350D4C963CC80A9541720B3C5CD4D9.d.EBA722B02316294768CE6E40BE0DB101.e.628/click - {}
RESULT: {}
COMMAND: GET /session/92e36b7f2589a9e1a7263b5f33980749/screenshot - {}
RESULT: {}
COMMAND: POST /session/92e36b7f2589a9e1a7263b5f33980749/element - {"using":"xpath","value":"//bdi[contains(text(), \"OK\")]"}
RESULT: {"using":"xpath","value":"//bdi[contains(text(), \"OK\")]"}
COMMAND: POST /session/92e36b7f2589a9e1a7263b5f33980749/element/f.31350D4C963CC80A9541720B3C5CD4D9.d.EBA722B02316294768CE6E40BE0DB101.e.629/click - {}
RESULT: {}
COMMAND: GET /session/92e36b7f2589a9e1a7263b5f33980749/screenshot - {}
RESULT: {}
COMMAND: POST /session/92e36b7f2589a9e1a7263b5f33980749/execute/async - {"script":"<script> [1562 bytes]","args":[{"selector":{"controlType":"sap.m.Button","viewName":"etm.portal.ui.manageyards.view.New","viewId":"application-manageyards-display-component---NewYard","i18NText":{"propertyName":"text","key":"save"},"interaction":{"idSuffix":"inner"}},"wdio_ui5_key":"etmportal.ui.manageyards.view.Newsap.m.Button{\"propertyName\":\"text\",\"key\":\"save\"}"}]}
RESULT: {"script":"<script> [1562 bytes]","args":[{"selector":{"controlType":"sap.m.Button","viewName":"etm.portal.ui.manageyards.view.New","viewId":"application-manageyards-display-component---NewYard","i18NText":{"propertyName":"text","key":"save"},"interaction":{"idSuffix":"inner"}},"wdio_ui5_key":"etmportal.ui.manageyards.view.Newsap.m.Button{\"propertyName\":\"text\",\"key\":\"save\"}"}]}
RESULT: undefined
COMMAND: POST /session/92e36b7f2589a9e1a7263b5f33980749/element - {"using":"xpath","value":"//*[@id=\"__button18\"]"}
RESULT: {"using":"xpath","value":"//*[@id=\"__button18\"]"}
COMMAND: POST /session/92e36b7f2589a9e1a7263b5f33980749/element/f.31350D4C963CC80A9541720B3C5CD4D9.d.EBA722B02316294768CE6E40BE0DB101.e.552/click - {}
RESULT: {}
COMMAND: GET /session/92e36b7f2589a9e1a7263b5f33980749/screenshot - {}
RESULT: {}
COMMAND: POST /session/92e36b7f2589a9e1a7263b5f33980749/element - {"using":"xpath","value":"//header/div/div[2]/div[2]/span"}
RESULT: {"using":"xpath","value":"//header/div/div[2]/div[2]/span"}
COMMAND: GET /session/92e36b7f2589a9e1a7263b5f33980749/element/f.31350D4C963CC80A9541720B3C5CD4D9.d.EBA722B02316294768CE6E40BE0DB101.e.825/text - {}
RESULT: {}
COMMAND: POST /session/92e36b7f2589a9e1a7263b5f33980749/execute/async - {"script":"<script> [1562 bytes]","args":[{"selector":{"controlType":"sap.m.OverflowToolbarButton","viewName":"etm.portal.ui.manageyards.view.Detail","viewId":"application-manageyards-display-component---detailYard","i18NText":{"propertyName":"tooltip","key":"closeColumn"},"interaction":{"idSuffix":"inner"}},"wdio_ui5_key":"etmportal.ui.manageyards.view.Detailsap.m.OverflowToolbarButton{\"propertyName\":\"tooltip\",\"key\":\"closeColumn\"}"}]}
RESULT: {"script":"<script> [1562 bytes]","args":[{"selector":{"controlType":"sap.m.OverflowToolbarButton","viewName":"etm.portal.ui.manageyards.view.Detail","viewId":"application-manageyards-display-component---detailYard","i18NText":{"propertyName":"tooltip","key":"closeColumn"},"interaction":{"idSuffix":"inner"}},"wdio_ui5_key":"etmportal.ui.manageyards.view.Detailsap.m.OverflowToolbarButton{\"propertyName\":\"tooltip\",\"key\":\"closeColumn\"}"}]}
RESULT: undefined
COMMAND: POST /session/92e36b7f2589a9e1a7263b5f33980749/element - {"using":"xpath","value":"//*[@id=\"__button42\"]"}
RESULT: {"using":"xpath","value":"//*[@id=\"__button42\"]"}
COMMAND: POST /session/92e36b7f2589a9e1a7263b5f33980749/element/f.31350D4C963CC80A9541720B3C5CD4D9.d.EBA722B02316294768CE6E40BE0DB101.e.827/click - {}
RESULT: {}
COMMAND: GET /session/92e36b7f2589a9e1a7263b5f33980749/screenshot - {}
RESULT: {}
COMMAND: POST /session/92e36b7f2589a9e1a7263b5f33980749/element - {"using":"css selector","value":"#shell-header-logo"}
RESULT: {"using":"css selector","value":"#shell-header-logo"}
COMMAND: POST /session/92e36b7f2589a9e1a7263b5f33980749/element/f.31350D4C963CC80A9541720B3C5CD4D9.d.EBA722B02316294768CE6E40BE0DB101.e.123/click - {}
RESULT: {}
COMMAND: GET /session/92e36b7f2589a9e1a7263b5f33980749/screenshot - {}
RESULT: {}
COMMAND: POST /session/92e36b7f2589a9e1a7263b5f33980749/refresh - {}
RESULT: {}
COMMAND: GET /session/92e36b7f2589a9e1a7263b5f33980749/screenshot - {}
RESULT: {}
COMMAND: POST /session/92e36b7f2589a9e1a7263b5f33980749/execute/async - {"script":"<script> [189 bytes]","args":[]}
RESULT: {"script":"<script> [189 bytes]","args":[]}
COMMAND: POST /session/92e36b7f2589a9e1a7263b5f33980749/execute/async - {"script":"<script> [123 bytes]","args":[]}
RESULT: {"script":"<script> [123 bytes]","args":[]}
COMMAND: POST /session/92e36b7f2589a9e1a7263b5f33980749/timeouts - {"script":"<number>"}
RESULT: {"script":"<number>"}
COMMAND: GET /session/92e36b7f2589a9e1a7263b5f33980749/timeouts - {}
RESULT: {}
RESULT: undefined
COMMAND: POST /session/92e36b7f2589a9e1a7263b5f33980749/execute/async - {"script":"<script> [2676 bytes]","args":[]}
RESULT: {"script":"<script> [2676 bytes]","args":[]}
COMMAND: POST /session/92e36b7f2589a9e1a7263b5f33980749/execute/async - {"script":"<script> [2342 bytes]","args":[{"protocol":"http","hostname":"0.0.0.0","path":"/","capabilities":{"browserName":"chrome","goog:chromeOptions":{"binary":"C:\\Program Files\\Google\\Chrome\\Application\\chrome.exe","args":["--start-maximized"]}},"logLevel":"warn","connectionRetryTimeout":120000,"connectionRetryCount":3,"logLevels":{},"enableDirectConnect":true,"strictSSL":true,"_":"65 more keys: [\"cacheDir\",\"port\",\"requestedCapabilities\",\"automationProtocol\",\"baseUrl\",\"waitforInterval\",\"waitforTimeout\",\"onReload\",\"beforeCommand\",\"afterCommand\",\"rootDir\",\"specs\",\"suites\",\"exclude\",\"groupLogsByTestSpec\",\"excludeDriverLogs\",\"bail\",\"framework\",\"reporters\",\"services\",\"maxInstances\",\"maxInstancesPerCapability\",\"injectGlobals\",\"filesToWatch\",\"execArgv\",\"runnerEnv\",\"runner\",\"shard\",\"specFileRetries\",\"specFileRetriesDelay\",\"specFileRetriesDeferred\",\"reporterSyncInterval\",\"reporterSyncTimeout\",\"cucumberFeaturesWithLineNumbers\",\"autoCompileOpts\",\"mochaOpts\",\"jasmineOpts\",\"cucumberOpts\",\"onPrepare\",\"onWorkerStart\",\"onWorkerEnd\",\"before\",\"beforeSession\",\"beforeSuite\",\"beforeHook\",\"beforeTest\",\"afterTest\",\"afterHook\",\"afterSuite\",\"afterSession\",\"after\",\"onComplete\",\"beforeAssertion\",\"afterAssertion\",\"beforeFeature\",\"beforeScenario\",\"beforeStep\",\"afterStep\",\"afterScenario\",\"afterFeature\",\"_\",\"suite\",\"$0\",\"ignoredWorkerServices\",\"wdi5\"]"}]}
RESULT: {"script":"<script> [2342 bytes]","args":[{"protocol":"http","hostname":"0.0.0.0","path":"/","capabilities":{"browserName":"chrome","goog:chromeOptions":{"binary":"C:\\Program Files\\Google\\Chrome\\Application\\chrome.exe","args":["--start-maximized"]}},"logLevel":"warn","connectionRetryTimeout":120000,"connectionRetryCount":3,"logLevels":{},"enableDirectConnect":true,"strictSSL":true,"_":"65 more keys: [\"cacheDir\",\"port\",\"requestedCapabilities\",\"automationProtocol\",\"baseUrl\",\"waitforInterval\",\"waitforTimeout\",\"onReload\",\"beforeCommand\",\"afterCommand\",\"rootDir\",\"specs\",\"suites\",\"exclude\",\"groupLogsByTestSpec\",\"excludeDriverLogs\",\"bail\",\"framework\",\"reporters\",\"services\",\"maxInstances\",\"maxInstancesPerCapability\",\"injectGlobals\",\"filesToWatch\",\"execArgv\",\"runnerEnv\",\"runner\",\"shard\",\"specFileRetries\",\"specFileRetriesDelay\",\"specFileRetriesDeferred\",\"reporterSyncInterval\",\"reporterSyncTimeout\",\"cucumberFeaturesWithLineNumbers\",\"autoCompileOpts\",\"mochaOpts\",\"jasmineOpts\",\"cucumberOpts\",\"onPrepare\",\"onWorkerStart\",\"onWorkerEnd\",\"before\",\"beforeSession\",\"beforeSuite\",\"beforeHook\",\"beforeTest\",\"afterTest\",\"afterHook\",\"afterSuite\",\"afterSession\",\"after\",\"onComplete\",\"beforeAssertion\",\"afterAssertion\",\"beforeFeature\",\"beforeScenario\",\"beforeStep\",\"afterStep\",\"afterScenario\",\"afterFeature\",\"_\",\"suite\",\"$0\",\"ignoredWorkerServices\",\"wdi5\"]"}]}
COMMAND: POST /session/92e36b7f2589a9e1a7263b5f33980749/execute/async - {"script":"<script> [21126 bytes]","args":[35000]}
RESULT: {"script":"<script> [21126 bytes]","args":[35000]}
COMMAND: POST /session/92e36b7f2589a9e1a7263b5f33980749/execute/async - {"script":"<script> [1562 bytes]","args":[{"selector":{"controlType":"sap.m.GenericTile","properties":{"header":"Manage Sites"}},"wdio_ui5_key":"sapm.GenericTile{\"header\":\"Manage Sites\"}"}]}
RESULT: {"script":"<script> [1562 bytes]","args":[{"selector":{"controlType":"sap.m.GenericTile","properties":{"header":"Manage Sites"}},"wdio_ui5_key":"sapm.GenericTile{\"header\":\"Manage Sites\"}"}]}
RESULT: undefined
COMMAND: POST /session/92e36b7f2589a9e1a7263b5f33980749/element - {"using":"xpath","value":"//*[@id=\"__tile40\"]"}
RESULT: {"using":"xpath","value":"//*[@id=\"__tile40\"]"}
COMMAND: POST /session/92e36b7f2589a9e1a7263b5f33980749/element/f.31350D4C963CC80A9541720B3C5CD4D9.d.CB0FFBC63C6CD4957ABBA7B795A5B5DE.e.1179/click - {}
RESULT: {}
COMMAND: GET /session/92e36b7f2589a9e1a7263b5f33980749/screenshot - {}
RESULT: {}
COMMAND: POST /session/92e36b7f2589a9e1a7263b5f33980749/elements - {"using":"xpath","value":"//span[text()='Error']"}
RESULT: {"using":"xpath","value":"//span[text()='Error']"}
COMMAND: POST /session/92e36b7f2589a9e1a7263b5f33980749/execute/async - {"script":"<script> [1562 bytes]","args":[{"selector":{"controlType":"sap.ui.core.Icon","viewName":"etm.portal.ui.managesites.view.Master","viewId":"application-managesites-display-component---masterSite","properties":{"src":{"regex":{"source":"add"}}}},"wdio_ui5_key":"etmportal.ui.managesites.view.Mastersap.ui.core.Icon{\"src\":{\"regex\":{\"source\":\"add\"}}}"}]}
RESULT: {"script":"<script> [1562 bytes]","args":[{"selector":{"controlType":"sap.ui.core.Icon","viewName":"etm.portal.ui.managesites.view.Master","viewId":"application-managesites-display-component---masterSite","properties":{"src":{"regex":{"source":"add"}}}},"wdio_ui5_key":"etmportal.ui.managesites.view.Mastersap.ui.core.Icon{\"src\":{\"regex\":{\"source\":\"add\"}}}"}]}
RESULT: undefined
COMMAND: POST /session/92e36b7f2589a9e1a7263b5f33980749/element - {"using":"xpath","value":"//*[@id=\"__button4-img\"]"}
RESULT: {"using":"xpath","value":"//*[@id=\"__button4-img\"]"}
COMMAND: POST /session/92e36b7f2589a9e1a7263b5f33980749/element/f.31350D4C963CC80A9541720B3C5CD4D9.d.CB0FFBC63C6CD4957ABBA7B795A5B5DE.e.1228/click - {}
RESULT: {}
COMMAND: POST /session/92e36b7f2589a9e1a7263b5f33980749/execute/async - {"script":"<script> [1562 bytes]","args":[{"selector":{"id":"application-managesites-display-component---NewSite--siteId","interaction":{"idSuffix":"inner"}},"wdio_ui5_key":"applicationmanagesites-display-component---NewSite--siteId"}]}
COMMAND: GET /session/92e36b7f2589a9e1a7263b5f33980749/screenshot - {}
RESULT: {"script":"<script> [1562 bytes]","args":[{"selector":{"id":"application-managesites-display-component---NewSite--siteId","interaction":{"idSuffix":"inner"}},"wdio_ui5_key":"applicationmanagesites-display-component---NewSite--siteId"}]}
RESULT: undefined
COMMAND: POST /session/92e36b7f2589a9e1a7263b5f33980749/execute/async - {"script":"<script> [1562 bytes]","args":[{"selector":{"id":"application-managesites-display-component---NewSite--addressDetailDetailsName1","interaction":{"idSuffix":"inner"}},"wdio_ui5_key":"applicationmanagesites-display-component---NewSite--addressDetailDetailsName1"}]}
RESULT: {}
RESULT: {"script":"<script> [1562 bytes]","args":[{"selector":{"id":"application-managesites-display-component---NewSite--addressDetailDetailsName1","interaction":{"idSuffix":"inner"}},"wdio_ui5_key":"applicationmanagesites-display-component---NewSite--addressDetailDetailsName1"}]}
RESULT: undefined
COMMAND: POST /session/92e36b7f2589a9e1a7263b5f33980749/execute/async - {"script":"<script> [776 bytes]","args":[{"enterText":"WebdriverSitemyj91","selector":{"id":"application-managesites-display-component---NewSite--addressDetailDetailsName1","interaction":{"idSuffix":"inner"}},"clearTextFirst":true,"interactionType":"ENTER_TEXT"}]}
RESULT: {"script":"<script> [776 bytes]","args":[{"enterText":"WebdriverSitemyj91","selector":{"id":"application-managesites-display-component---NewSite--addressDetailDetailsName1","interaction":{"idSuffix":"inner"}},"clearTextFirst":true,"interactionType":"ENTER_TEXT"}]}
COMMAND: POST /session/92e36b7f2589a9e1a7263b5f33980749/execute/async - {"script":"<script> [1562 bytes]","args":[{"selector":{"id":"application-managesites-display-component---NewSite--addressDetailDetailsLanguage","interaction":{"idSuffix":"inner"}},"wdio_ui5_key":"applicationmanagesites-display-component---NewSite--addressDetailDetailsLanguage"}]}
RESULT: {"script":"<script> [1562 bytes]","args":[{"selector":{"id":"application-managesites-display-component---NewSite--addressDetailDetailsLanguage","interaction":{"idSuffix":"inner"}},"wdio_ui5_key":"applicationmanagesites-display-component---NewSite--addressDetailDetailsLanguage"}]}
RESULT: undefined
COMMAND: POST /session/92e36b7f2589a9e1a7263b5f33980749/execute/async - {"script":"<script> [776 bytes]","args":[{"enterText":"Romanian","selector":{"id":"application-managesites-display-component---NewSite--addressDetailDetailsLanguage","interaction":{"idSuffix":"inner"}},"clearTextFirst":true,"interactionType":"ENTER_TEXT"}]}
RESULT: {"script":"<script> [776 bytes]","args":[{"enterText":"Romanian","selector":{"id":"application-managesites-display-component---NewSite--addressDetailDetailsLanguage","interaction":{"idSuffix":"inner"}},"clearTextFirst":true,"interactionType":"ENTER_TEXT"}]}
COMMAND: POST /session/92e36b7f2589a9e1a7263b5f33980749/execute/async - {"script":"<script> [1562 bytes]","args":[{"selector":{"id":"application-managesites-display-component---NewSite--addressDetailDetailsCity1","interaction":{"idSuffix":"inner"}},"wdio_ui5_key":"applicationmanagesites-display-component---NewSite--addressDetailDetailsCity1"}]}
RESULT: {"script":"<script> [1562 bytes]","args":[{"selector":{"id":"application-managesites-display-component---NewSite--addressDetailDetailsCity1","interaction":{"idSuffix":"inner"}},"wdio_ui5_key":"applicationmanagesites-display-component---NewSite--addressDetailDetailsCity1"}]}
RESULT: undefined
COMMAND: POST /session/92e36b7f2589a9e1a7263b5f33980749/execute/async - {"script":"<script> [776 bytes]","args":[{"enterText":"Bucharest","selector":{"id":"application-managesites-display-component---NewSite--addressDetailDetailsCity1","interaction":{"idSuffix":"inner"}},"clearTextFirst":true,"interactionType":"ENTER_TEXT"}]}
RESULT: {"script":"<script> [776 bytes]","args":[{"enterText":"Bucharest","selector":{"id":"application-managesites-display-component---NewSite--addressDetailDetailsCity1","interaction":{"idSuffix":"inner"}},"clearTextFirst":true,"interactionType":"ENTER_TEXT"}]}
COMMAND: POST /session/92e36b7f2589a9e1a7263b5f33980749/execute/async - {"script":"<script> [1562 bytes]","args":[{"selector":{"id":"application-managesites-display-component---NewSite--addressDetailDetailsCountry","interaction":{"idSuffix":"inner"}},"wdio_ui5_key":"applicationmanagesites-display-component---NewSite--addressDetailDetailsCountry"}]}
RESULT: {"script":"<script> [1562 bytes]","args":[{"selector":{"id":"application-managesites-display-component---NewSite--addressDetailDetailsCountry","interaction":{"idSuffix":"inner"}},"wdio_ui5_key":"applicationmanagesites-display-component---NewSite--addressDetailDetailsCountry"}]}
RESULT: undefined
COMMAND: POST /session/92e36b7f2589a9e1a7263b5f33980749/execute/async - {"script":"<script> [776 bytes]","args":[{"enterText":"Romania","selector":{"id":"application-managesites-display-component---NewSite--addressDetailDetailsCountry","interaction":{"idSuffix":"inner"}},"clearTextFirst":true,"interactionType":"ENTER_TEXT"}]}
RESULT: {"script":"<script> [776 bytes]","args":[{"enterText":"Romania","selector":{"id":"application-managesites-display-component---NewSite--addressDetailDetailsCountry","interaction":{"idSuffix":"inner"}},"clearTextFirst":true,"interactionType":"ENTER_TEXT"}]}
COMMAND: POST /session/92e36b7f2589a9e1a7263b5f33980749/element - {"using":"css selector","value":"#application-managesites-display-component---NewSite--addressDetailDetailsCalendar-inner"}
RESULT: {"using":"css selector","value":"#application-managesites-display-component---NewSite--addressDetailDetailsCalendar-inner"}
COMMAND: POST /session/92e36b7f2589a9e1a7263b5f33980749/element/f.31350D4C963CC80A9541720B3C5CD4D9.d.CB0FFBC63C6CD4957ABBA7B795A5B5DE.e.1414/clear - {}
RESULT: {}
COMMAND: POST /session/92e36b7f2589a9e1a7263b5f33980749/element/f.31350D4C963CC80A9541720B3C5CD4D9.d.CB0FFBC63C6CD4957ABBA7B795A5B5DE.e.1414/value - {"text":"Germany"}
COMMAND: GET /session/92e36b7f2589a9e1a7263b5f33980749/screenshot - {}
RESULT: {"text":"Germany"}
COMMAND: POST /session/92e36b7f2589a9e1a7263b5f33980749/execute/async - {"script":"<script> [1562 bytes]","args":[{"selector":{"id":"application-managesites-display-component---NewSite--addressEditDetailsCostObjectCstType-arrow"},"wdio_ui5_key":"applicationmanagesites-display-component---NewSite--addressEditDetailsCostObjectCstType-arrow"}]}
COMMAND: GET /session/92e36b7f2589a9e1a7263b5f33980749/screenshot - {}
RESULT: {}
RESULT: {"script":"<script> [1562 bytes]","args":[{"selector":{"id":"application-managesites-display-component---NewSite--addressEditDetailsCostObjectCstType-arrow"},"wdio_ui5_key":"applicationmanagesites-display-component---NewSite--addressEditDetailsCostObjectCstType-arrow"}]}
RESULT: undefined
COMMAND: POST /session/92e36b7f2589a9e1a7263b5f33980749/element - {"using":"xpath","value":"//*[@id=\"application-managesites-display-component---NewSite--addressEditDetailsCostObjectCstType-arrow\"]"}
RESULT: {}
RESULT: {"using":"xpath","value":"//*[@id=\"application-managesites-display-component---NewSite--addressEditDetailsCostObjectCstType-arrow\"]"}
COMMAND: POST /session/92e36b7f2589a9e1a7263b5f33980749/element/f.31350D4C963CC80A9541720B3C5CD4D9.d.CB0FFBC63C6CD4957ABBA7B795A5B5DE.e.1615/click - {}
RESULT: {}
COMMAND: POST /session/92e36b7f2589a9e1a7263b5f33980749/element - {"using":"xpath","value":"//span[contains(text(), \"Work Breakdown Structure\")]"}
COMMAND: GET /session/92e36b7f2589a9e1a7263b5f33980749/screenshot - {}
RESULT: {"using":"xpath","value":"//span[contains(text(), \"Work Breakdown Structure\")]"}
COMMAND: POST /session/92e36b7f2589a9e1a7263b5f33980749/element/f.31350D4C963CC80A9541720B3C5CD4D9.d.CB0FFBC63C6CD4957ABBA7B795A5B5DE.e.1616/click - {}
RESULT: {}
RESULT: {}
COMMAND: GET /session/92e36b7f2589a9e1a7263b5f33980749/screenshot - {}
RESULT: {}
COMMAND: POST /session/92e36b7f2589a9e1a7263b5f33980749/execute/async - {"script":"<script> [1562 bytes]","args":[{"selector":{"id":"application-managesites-display-component---NewSite--addressNewCostObjectCstID-vhi"},"wdio_ui5_key":"applicationmanagesites-display-component---NewSite--addressNewCostObjectCstID-vhi"}]}
RESULT: {"script":"<script> [1562 bytes]","args":[{"selector":{"id":"application-managesites-display-component---NewSite--addressNewCostObjectCstID-vhi"},"wdio_ui5_key":"applicationmanagesites-display-component---NewSite--addressNewCostObjectCstID-vhi"}]}
RESULT: undefined
COMMAND: POST /session/92e36b7f2589a9e1a7263b5f33980749/element - {"using":"xpath","value":"//*[@id=\"application-managesites-display-component---NewSite--addressNewCostObjectCstID-vhi\"]"}
RESULT: {"using":"xpath","value":"//*[@id=\"application-managesites-display-component---NewSite--addressNewCostObjectCstID-vhi\"]"}
COMMAND: POST /session/92e36b7f2589a9e1a7263b5f33980749/element/f.31350D4C963CC80A9541720B3C5CD4D9.d.CB0FFBC63C6CD4957ABBA7B795A5B5DE.e.1620/click - {}
RESULT: {}
COMMAND: GET /session/92e36b7f2589a9e1a7263b5f33980749/screenshot - {}
RESULT: {}
COMMAND: POST /session/92e36b7f2589a9e1a7263b5f33980749/execute/async - {"script":"<script> [1562 bytes]","args":[{"selector":{"controlType":"sap.m.SearchField","properties":{"placeholder":"Search"},"searchOpenDialogs":true,"interaction":{"idSuffix":"I"}},"wdio_ui5_key":"sapm.SearchField{\"placeholder\":\"Search\"}"}]}
RESULT: {"script":"<script> [1562 bytes]","args":[{"selector":{"controlType":"sap.m.SearchField","properties":{"placeholder":"Search"},"searchOpenDialogs":true,"interaction":{"idSuffix":"I"}},"wdio_ui5_key":"sapm.SearchField{\"placeholder\":\"Search\"}"}]}
RESULT: undefined
COMMAND: POST /session/92e36b7f2589a9e1a7263b5f33980749/execute/async - {"script":"<script> [776 bytes]","args":[{"enterText":"A1-000100-01","selector":{"controlType":"sap.m.SearchField","properties":{"placeholder":"Search"},"searchOpenDialogs":true,"interaction":{"idSuffix":"I"}},"clearTextFirst":true,"interactionType":"ENTER_TEXT"}]}
RESULT: {"script":"<script> [776 bytes]","args":[{"enterText":"A1-000100-01","selector":{"controlType":"sap.m.SearchField","properties":{"placeholder":"Search"},"searchOpenDialogs":true,"interaction":{"idSuffix":"I"}},"clearTextFirst":true,"interactionType":"ENTER_TEXT"}]}
COMMAND: POST /session/92e36b7f2589a9e1a7263b5f33980749/actions - {"actions":[{"id":"action3","type":"key","parameters":{},"actions":[{"type":"keyDown","value":""},{"type":"pause","duration":10},{"type":"keyUp","value":""}]}]}
RESULT: {"actions":[{"id":"action3","type":"key","parameters":{},"actions":[{"type":"keyDown","value":""},{"type":"pause","duration":10},{"type":"keyUp","value":""}]}]}
COMMAND: GET /session/92e36b7f2589a9e1a7263b5f33980749/screenshot - {}
RESULT: {}
COMMAND: POST /session/92e36b7f2589a9e1a7263b5f33980749/element - {"using":"xpath","value":"//span[contains(text(), \"Template for ETO-Process\")]"}
RESULT: {"using":"xpath","value":"//span[contains(text(), \"Template for ETO-Process\")]"}
COMMAND: POST /session/92e36b7f2589a9e1a7263b5f33980749/element/f.31350D4C963CC80A9541720B3C5CD4D9.d.CB0FFBC63C6CD4957ABBA7B795A5B5DE.e.1640/click - {}
RESULT: {}
COMMAND: GET /session/92e36b7f2589a9e1a7263b5f33980749/screenshot - {}
RESULT: {}
COMMAND: POST /session/92e36b7f2589a9e1a7263b5f33980749/element - {"using":"xpath","value":"//bdi[contains(text(), \"OK\")]"}
RESULT: {"using":"xpath","value":"//bdi[contains(text(), \"OK\")]"}
COMMAND: POST /session/92e36b7f2589a9e1a7263b5f33980749/element/f.31350D4C963CC80A9541720B3C5CD4D9.d.CB0FFBC63C6CD4957ABBA7B795A5B5DE.e.1641/click - {}
RESULT: {}
COMMAND: GET /session/92e36b7f2589a9e1a7263b5f33980749/screenshot - {}
RESULT: {}
COMMAND: POST /session/92e36b7f2589a9e1a7263b5f33980749/element - {"using":"xpath","value":"//input[@id=\"application-managesites-display-component---NewSite--addressDetailDetailsYard-inner\"]"}
RESULT: {"using":"xpath","value":"//input[@id=\"application-managesites-display-component---NewSite--addressDetailDetailsYard-inner\"]"}
COMMAND: POST /session/92e36b7f2589a9e1a7263b5f33980749/element/f.31350D4C963CC80A9541720B3C5CD4D9.d.CB0FFBC63C6CD4957ABBA7B795A5B5DE.e.1415/value - {"text":"WebdriverYard7gwyq"}
RESULT: {"text":"WebdriverYard7gwyq"}
COMMAND: GET /session/92e36b7f2589a9e1a7263b5f33980749/screenshot - {}
RESULT: {}
COMMAND: POST /session/92e36b7f2589a9e1a7263b5f33980749/actions - {"actions":[{"id":"action4","type":"key","parameters":{},"actions":[{"type":"keyDown","value":""},{"type":"pause","duration":10},{"type":"keyUp","value":""}]}]}
RESULT: {"actions":[{"id":"action4","type":"key","parameters":{},"actions":[{"type":"keyDown","value":""},{"type":"pause","duration":10},{"type":"keyUp","value":""}]}]}
COMMAND: GET /session/92e36b7f2589a9e1a7263b5f33980749/screenshot - {}
RESULT: {}
COMMAND: POST /session/92e36b7f2589a9e1a7263b5f33980749/element - {"using":"xpath","value":"//input[@id=\"application-managesites-display-component---NewSite--addressDetailDetailsPartner-inner\"]"}
RESULT: {"using":"xpath","value":"//input[@id=\"application-managesites-display-component---NewSite--addressDetailDetailsPartner-inner\"]"}
COMMAND: POST /session/92e36b7f2589a9e1a7263b5f33980749/elements - {"using":"xpath","value":"//input[@id=\"application-managesites-display-component---NewSite--addressDetailDetailsPartner-inner\"]"}
RESULT: {"using":"xpath","value":"//input[@id=\"application-managesites-display-component---NewSite--addressDetailDetailsPartner-inner\"]"}
COMMAND: POST /session/92e36b7f2589a9e1a7263b5f33980749/execute/async - {"script":"<script> [1562 bytes]","args":[{"selector":{"controlType":"sap.m.Button","viewName":"etm.portal.ui.managesites.view.NewSmartSite","viewId":"application-managesites-display-component---NewSite","properties":{"text":"Commercial"},"interaction":{"idSuffix":"BDI-content"}},"wdio_ui5_key":"etmportal.ui.managesites.view.NewSmartSitesap.m.Button{\"text\":\"Commercial\"}"}]}
RESULT: {"script":"<script> [1562 bytes]","args":[{"selector":{"controlType":"sap.m.Button","viewName":"etm.portal.ui.managesites.view.NewSmartSite","viewId":"application-managesites-display-component---NewSite","properties":{"text":"Commercial"},"interaction":{"idSuffix":"BDI-content"}},"wdio_ui5_key":"etmportal.ui.managesites.view.NewSmartSitesap.m.Button{\"text\":\"Commercial\"}"}]}
RESULT: undefined
COMMAND: POST /session/92e36b7f2589a9e1a7263b5f33980749/element - {"using":"xpath","value":"//*[@id=\"application-managesites-display-component---NewSite--ObjectPageLayout-anchBar-__section5-anchor\"]"}
RESULT: {"using":"xpath","value":"//*[@id=\"application-managesites-display-component---NewSite--ObjectPageLayout-anchBar-__section5-anchor\"]"}
COMMAND: POST /session/92e36b7f2589a9e1a7263b5f33980749/element/f.31350D4C963CC80A9541720B3C5CD4D9.d.CB0FFBC63C6CD4957ABBA7B795A5B5DE.e.1648/click - {}
RESULT: {}
COMMAND: POST /session/92e36b7f2589a9e1a7263b5f33980749/execute/async - {"script":"<script> [1562 bytes]","args":[{"selector":{"controlType":"sap.m.Button","viewName":"etm.portal.ui.managesites.view.NewSmartSite","viewId":"application-managesites-display-component---NewSite","i18NText":{"propertyName":"text","key":"save"},"interaction":{"idSuffix":"BDI-content"}},"wdio_ui5_key":"etmportal.ui.managesites.view.NewSmartSitesap.m.Button{\"propertyName\":\"text\",\"key\":\"save\"}"}]}
COMMAND: GET /session/92e36b7f2589a9e1a7263b5f33980749/screenshot - {}
RESULT: {"script":"<script> [1562 bytes]","args":[{"selector":{"controlType":"sap.m.Button","viewName":"etm.portal.ui.managesites.view.NewSmartSite","viewId":"application-managesites-display-component---NewSite","i18NText":{"propertyName":"text","key":"save"},"interaction":{"idSuffix":"BDI-content"}},"wdio_ui5_key":"etmportal.ui.managesites.view.NewSmartSitesap.m.Button{\"propertyName\":\"text\",\"key\":\"save\"}"}]}
RESULT: undefined
COMMAND: POST /session/92e36b7f2589a9e1a7263b5f33980749/element - {"using":"xpath","value":"//*[@id=\"__button16\"]"}
RESULT: {}
RESULT: {"using":"xpath","value":"//*[@id=\"__button16\"]"}
COMMAND: POST /session/92e36b7f2589a9e1a7263b5f33980749/element/f.31350D4C963CC80A9541720B3C5CD4D9.d.CB0FFBC63C6CD4957ABBA7B795A5B5DE.e.1586/click - {}
RESULT: {}
COMMAND: GET /session/92e36b7f2589a9e1a7263b5f33980749/screenshot - {}
RESULT: {}
COMMAND: POST /session/92e36b7f2589a9e1a7263b5f33980749/execute/async - {"script":"<script> [1562 bytes]","args":[{"selector":{"id":"application-managesites-display-component---detailSite--addressDetailDetailsYardText"},"wdio_ui5_key":"applicationmanagesites-display-component---detailSite--addressDetailDetailsYardText"}]}
RESULT: {"script":"<script> [1562 bytes]","args":[{"selector":{"id":"application-managesites-display-component---detailSite--addressDetailDetailsYardText"},"wdio_ui5_key":"applicationmanagesites-display-component---detailSite--addressDetailDetailsYardText"}]}
RESULT: undefined
COMMAND: POST /session/92e36b7f2589a9e1a7263b5f33980749/element - {"using":"xpath","value":"//header/div/div[2]/div[2]/span"}
RESULT: {"using":"xpath","value":"//header/div/div[2]/div[2]/span"}
COMMAND: GET /session/92e36b7f2589a9e1a7263b5f33980749/element/f.31350D4C963CC80A9541720B3C5CD4D9.d.CB0FFBC63C6CD4957ABBA7B795A5B5DE.e.1869/text - {}
RESULT: {}
COMMAND: POST /session/92e36b7f2589a9e1a7263b5f33980749/element - {"using":"xpath","value":"//header/div/div/div/div/div/div[2]/div/span"}
RESULT: {"using":"xpath","value":"//header/div/div/div/div/div/div[2]/div/span"}
COMMAND: GET /session/92e36b7f2589a9e1a7263b5f33980749/element/f.31350D4C963CC80A9541720B3C5CD4D9.d.CB0FFBC63C6CD4957ABBA7B795A5B5DE.e.1870/text - {}
RESULT: {}
COMMAND: POST /session/92e36b7f2589a9e1a7263b5f33980749/element - {"using":"css selector","value":"#shell-header-logo"}
RESULT: {"using":"css selector","value":"#shell-header-logo"}
COMMAND: POST /session/92e36b7f2589a9e1a7263b5f33980749/element/f.31350D4C963CC80A9541720B3C5CD4D9.d.CB0FFBC63C6CD4957ABBA7B795A5B5DE.e.1182/click - {}
RESULT: {}
COMMAND: GET /session/92e36b7f2589a9e1a7263b5f33980749/screenshot - {}
RESULT: {}
COMMAND: POST /session/92e36b7f2589a9e1a7263b5f33980749/execute/async - {"script":"<script> [1562 bytes]","args":[{"selector":{"controlType":"sap.m.GenericTile","properties":{"header":"Manage Partners"}},"wdio_ui5_key":"sapm.GenericTile{\"header\":\"Manage Partners\"}"}]}
RESULT: {"script":"<script> [1562 bytes]","args":[{"selector":{"controlType":"sap.m.GenericTile","properties":{"header":"Manage Partners"}},"wdio_ui5_key":"sapm.GenericTile{\"header\":\"Manage Partners\"}"}]}
RESULT: undefined
COMMAND: POST /session/92e36b7f2589a9e1a7263b5f33980749/element - {"using":"xpath","value":"//*[@id=\"__tile38\"]"}
RESULT: {"using":"xpath","value":"//*[@id=\"__tile38\"]"}
COMMAND: POST /session/92e36b7f2589a9e1a7263b5f33980749/element/f.31350D4C963CC80A9541720B3C5CD4D9.d.CB0FFBC63C6CD4957ABBA7B795A5B5DE.e.1872/click - {}
RESULT: {}
COMMAND: GET /session/92e36b7f2589a9e1a7263b5f33980749/screenshot - {}
RESULT: {}
COMMAND: POST /session/92e36b7f2589a9e1a7263b5f33980749/elements - {"using":"xpath","value":"//span[text()='Error']"}
RESULT: {"using":"xpath","value":"//span[text()='Error']"}
COMMAND: POST /session/92e36b7f2589a9e1a7263b5f33980749/execute/async - {"script":"<script> [1562 bytes]","args":[{"selector":{"controlType":"sap.ui.core.Icon","viewName":"etm.portal.ui.managepartners.view.Master","viewId":"application-managepartners-display-component---masterPtm","properties":{"src":{"regex":{"source":"add"}}}},"wdio_ui5_key":"etmportal.ui.managepartners.view.Mastersap.ui.core.Icon{\"src\":{\"regex\":{\"source\":\"add\"}}}"}]}
RESULT: {"script":"<script> [1562 bytes]","args":[{"selector":{"controlType":"sap.ui.core.Icon","viewName":"etm.portal.ui.managepartners.view.Master","viewId":"application-managepartners-display-component---masterPtm","properties":{"src":{"regex":{"source":"add"}}}},"wdio_ui5_key":"etmportal.ui.managepartners.view.Mastersap.ui.core.Icon{\"src\":{\"regex\":{\"source\":\"add\"}}}"}]}
RESULT: undefined
COMMAND: POST /session/92e36b7f2589a9e1a7263b5f33980749/element - {"using":"xpath","value":"//*[@id=\"__button60-img\"]"}
RESULT: {"using":"xpath","value":"//*[@id=\"__button60-img\"]"}
COMMAND: POST /session/92e36b7f2589a9e1a7263b5f33980749/element/f.31350D4C963CC80A9541720B3C5CD4D9.d.CB0FFBC63C6CD4957ABBA7B795A5B5DE.e.1922/click - {}
RESULT: {}
COMMAND: GET /session/92e36b7f2589a9e1a7263b5f33980749/screenshot - {}
COMMAND: POST /session/92e36b7f2589a9e1a7263b5f33980749/execute/async - {"script":"<script> [1562 bytes]","args":[{"selector":{"id":"application-managepartners-display-component---NewPartner--partnerId","interaction":{"idSuffix":"inner"}},"wdio_ui5_key":"applicationmanagepartners-display-component---NewPartner--partnerId"}]}
RESULT: {}
RESULT: {"script":"<script> [1562 bytes]","args":[{"selector":{"id":"application-managepartners-display-component---NewPartner--partnerId","interaction":{"idSuffix":"inner"}},"wdio_ui5_key":"applicationmanagepartners-display-component---NewPartner--partnerId"}]}
RESULT: undefined
COMMAND: POST /session/92e36b7f2589a9e1a7263b5f33980749/execute/async - {"script":"<script> [1562 bytes]","args":[{"selector":{"id":"application-managepartners-display-component---NewPartner--addressDetailDetailsName1","interaction":{"idSuffix":"inner"}},"wdio_ui5_key":"applicationmanagepartners-display-component---NewPartner--addressDetailDetailsName1"}]}
RESULT: {"script":"<script> [1562 bytes]","args":[{"selector":{"id":"application-managepartners-display-component---NewPartner--addressDetailDetailsName1","interaction":{"idSuffix":"inner"}},"wdio_ui5_key":"applicationmanagepartners-display-component---NewPartner--addressDetailDetailsName1"}]}
RESULT: undefined
COMMAND: POST /session/92e36b7f2589a9e1a7263b5f33980749/execute/async - {"script":"<script> [776 bytes]","args":[{"enterText":"WebdriverPartnerawvji","selector":{"id":"application-managepartners-display-component---NewPartner--addressDetailDetailsName1","interaction":{"idSuffix":"inner"}},"clearTextFirst":true,"interactionType":"ENTER_TEXT"}]}
RESULT: {"script":"<script> [776 bytes]","args":[{"enterText":"WebdriverPartnerawvji","selector":{"id":"application-managepartners-display-component---NewPartner--addressDetailDetailsName1","interaction":{"idSuffix":"inner"}},"clearTextFirst":true,"interactionType":"ENTER_TEXT"}]}
COMMAND: POST /session/92e36b7f2589a9e1a7263b5f33980749/execute/async - {"script":"<script> [1562 bytes]","args":[{"selector":{"id":"application-managepartners-display-component---NewPartner--addressDetailDetailsLanguage","interaction":{"idSuffix":"inner"}},"wdio_ui5_key":"applicationmanagepartners-display-component---NewPartner--addressDetailDetailsLanguage"}]}
RESULT: {"script":"<script> [1562 bytes]","args":[{"selector":{"id":"application-managepartners-display-component---NewPartner--addressDetailDetailsLanguage","interaction":{"idSuffix":"inner"}},"wdio_ui5_key":"applicationmanagepartners-display-component---NewPartner--addressDetailDetailsLanguage"}]}
RESULT: undefined
COMMAND: POST /session/92e36b7f2589a9e1a7263b5f33980749/execute/async - {"script":"<script> [776 bytes]","args":[{"enterText":"Romanian","selector":{"id":"application-managepartners-display-component---NewPartner--addressDetailDetailsLanguage","interaction":{"idSuffix":"inner"}},"clearTextFirst":true,"interactionType":"ENTER_TEXT"}]}
RESULT: {"script":"<script> [776 bytes]","args":[{"enterText":"Romanian","selector":{"id":"application-managepartners-display-component---NewPartner--addressDetailDetailsLanguage","interaction":{"idSuffix":"inner"}},"clearTextFirst":true,"interactionType":"ENTER_TEXT"}]}
COMMAND: POST /session/92e36b7f2589a9e1a7263b5f33980749/element - {"using":"xpath","value":"//input[contains(@id ,\"application-managepartners-display-component---NewPartner--addressDetailDetailsName1-inner\")]"}
RESULT: {"using":"xpath","value":"//input[contains(@id ,\"application-managepartners-display-component---NewPartner--addressDetailDetailsName1-inner\")]"}
COMMAND: GET /session/92e36b7f2589a9e1a7263b5f33980749/element/f.31350D4C963CC80A9541720B3C5CD4D9.d.CB0FFBC63C6CD4957ABBA7B795A5B5DE.e.2097/property/value - {}
RESULT: {}
COMMAND: POST /session/92e36b7f2589a9e1a7263b5f33980749/execute/async - {"script":"<script> [1562 bytes]","args":[{"selector":{"id":"application-managepartners-display-component---NewPartner--addressDetailDetailsCity1","interaction":{"idSuffix":"inner"}},"wdio_ui5_key":"applicationmanagepartners-display-component---NewPartner--addressDetailDetailsCity1"}]}
COMMAND: GET /session/92e36b7f2589a9e1a7263b5f33980749/screenshot - {}
RESULT: {"script":"<script> [1562 bytes]","args":[{"selector":{"id":"application-managepartners-display-component---NewPartner--addressDetailDetailsCity1","interaction":{"idSuffix":"inner"}},"wdio_ui5_key":"applicationmanagepartners-display-component---NewPartner--addressDetailDetailsCity1"}]}
RESULT: undefined
COMMAND: POST /session/92e36b7f2589a9e1a7263b5f33980749/execute/async - {"script":"<script> [776 bytes]","args":[{"enterText":"Bucharest","selector":{"id":"application-managepartners-display-component---NewPartner--addressDetailDetailsCity1","interaction":{"idSuffix":"inner"}},"clearTextFirst":true,"interactionType":"ENTER_TEXT"}]}
RESULT: {}
RESULT: {"script":"<script> [776 bytes]","args":[{"enterText":"Bucharest","selector":{"id":"application-managepartners-display-component---NewPartner--addressDetailDetailsCity1","interaction":{"idSuffix":"inner"}},"clearTextFirst":true,"interactionType":"ENTER_TEXT"}]}
COMMAND: POST /session/92e36b7f2589a9e1a7263b5f33980749/execute/async - {"script":"<script> [1562 bytes]","args":[{"selector":{"id":"application-managepartners-display-component---NewPartner--addressDetailDetailsCountry","interaction":{"idSuffix":"inner"}},"wdio_ui5_key":"applicationmanagepartners-display-component---NewPartner--addressDetailDetailsCountry"}]}
RESULT: {"script":"<script> [1562 bytes]","args":[{"selector":{"id":"application-managepartners-display-component---NewPartner--addressDetailDetailsCountry","interaction":{"idSuffix":"inner"}},"wdio_ui5_key":"applicationmanagepartners-display-component---NewPartner--addressDetailDetailsCountry"}]}
RESULT: undefined
COMMAND: POST /session/92e36b7f2589a9e1a7263b5f33980749/execute/async - {"script":"<script> [6424 bytes]","args":[{"element-6066-11e4-a52e-4f735466cecf":"f.31350D4C963CC80A9541720B3C5CD4D9.d.CB0FFBC63C6CD4957ABBA7B795A5B5DE.e.2104"},"setValue",["Romania"]]}
RESULT: {"script":"<script> [6424 bytes]","args":[{"element-6066-11e4-a52e-4f735466cecf":"f.31350D4C963CC80A9541720B3C5CD4D9.d.CB0FFBC63C6CD4957ABBA7B795A5B5DE.e.2104"},"setValue",["Romania"]]}
COMMAND: POST /session/92e36b7f2589a9e1a7263b5f33980749/execute/async - {"script":"<script> [1562 bytes]","args":[{"selector":{"id":"application-managepartners-display-component---NewPartner--partnerDetailInternal","interaction":{"idSuffix":"inner"}},"wdio_ui5_key":"applicationmanagepartners-display-component---NewPartner--partnerDetailInternal"}]}
RESULT: {"script":"<script> [1562 bytes]","args":[{"selector":{"id":"application-managepartners-display-component---NewPartner--partnerDetailInternal","interaction":{"idSuffix":"inner"}},"wdio_ui5_key":"applicationmanagepartners-display-component---NewPartner--partnerDetailInternal"}]}
RESULT: undefined
COMMAND: POST /session/92e36b7f2589a9e1a7263b5f33980749/execute/async - {"script":"<script> [776 bytes]","args":[{"enterText":"External partner","selector":{"id":"application-managepartners-display-component---NewPartner--partnerDetailInternal","interaction":{"idSuffix":"inner"}},"clearTextFirst":true,"interactionType":"ENTER_TEXT"}]}
RESULT: {"script":"<script> [776 bytes]","args":[{"enterText":"External partner","selector":{"id":"application-managepartners-display-component---NewPartner--partnerDetailInternal","interaction":{"idSuffix":"inner"}},"clearTextFirst":true,"interactionType":"ENTER_TEXT"}]}
COMMAND: POST /session/92e36b7f2589a9e1a7263b5f33980749/execute/async - {"script":"<script> [1562 bytes]","args":[{"selector":{"id":"application-managepartners-display-component---NewPartner--partnerDetailsCurrency","interaction":{"idSuffix":"inner"}},"wdio_ui5_key":"applicationmanagepartners-display-component---NewPartner--partnerDetailsCurrency"}]}
RESULT: {"script":"<script> [1562 bytes]","args":[{"selector":{"id":"application-managepartners-display-component---NewPartner--partnerDetailsCurrency","interaction":{"idSuffix":"inner"}},"wdio_ui5_key":"applicationmanagepartners-display-component---NewPartner--partnerDetailsCurrency"}]}
RESULT: undefined
COMMAND: POST /session/92e36b7f2589a9e1a7263b5f33980749/execute/async - {"script":"<script> [776 bytes]","args":[{"enterText":"Euro","selector":{"id":"application-managepartners-display-component---NewPartner--partnerDetailsCurrency","interaction":{"idSuffix":"inner"}},"clearTextFirst":true,"interactionType":"ENTER_TEXT"}]}
RESULT: {"script":"<script> [776 bytes]","args":[{"enterText":"Euro","selector":{"id":"application-managepartners-display-component---NewPartner--partnerDetailsCurrency","interaction":{"idSuffix":"inner"}},"clearTextFirst":true,"interactionType":"ENTER_TEXT"}]}
COMMAND: POST /session/92e36b7f2589a9e1a7263b5f33980749/execute/async - {"script":"<script> [1562 bytes]","args":[{"selector":{"controlType":"sap.m.Button","viewName":"etm.portal.ui.managepartners.view.NewPartner","viewId":"application-managepartners-display-component---NewPartner","properties":{"text":"Commercial"},"interaction":{"idSuffix":"BDI-content"}},"wdio_ui5_key":"etmportal.ui.managepartners.view.NewPartnersap.m.Button{\"text\":\"Commercial\"}"}]}
RESULT: {"script":"<script> [1562 bytes]","args":[{"selector":{"controlType":"sap.m.Button","viewName":"etm.portal.ui.managepartners.view.NewPartner","viewId":"application-managepartners-display-component---NewPartner","properties":{"text":"Commercial"},"interaction":{"idSuffix":"BDI-content"}},"wdio_ui5_key":"etmportal.ui.managepartners.view.NewPartnersap.m.Button{\"text\":\"Commercial\"}"}]}
RESULT: undefined
COMMAND: POST /session/92e36b7f2589a9e1a7263b5f33980749/element - {"using":"xpath","value":"//*[@id=\"application-managepartners-display-component---NewPartner--ObjectPageLayout-anchBar-__section29-anchor\"]"}
RESULT: {"using":"xpath","value":"//*[@id=\"application-managepartners-display-component---NewPartner--ObjectPageLayout-anchBar-__section29-anchor\"]"}
COMMAND: POST /session/92e36b7f2589a9e1a7263b5f33980749/element/f.31350D4C963CC80A9541720B3C5CD4D9.d.CB0FFBC63C6CD4957ABBA7B795A5B5DE.e.2340/click - {}
RESULT: {}
COMMAND: GET /session/92e36b7f2589a9e1a7263b5f33980749/screenshot - {}
RESULT: {}
COMMAND: POST /session/92e36b7f2589a9e1a7263b5f33980749/execute/async - {"script":"<script> [1562 bytes]","args":[{"selector":{"id":"application-managepartners-display-component---NewPartner--btnAddTableRow-img"},"wdio_ui5_key":"applicationmanagepartners-display-component---NewPartner--btnAddTableRow-img"}]}
RESULT: {"script":"<script> [1562 bytes]","args":[{"selector":{"id":"application-managepartners-display-component---NewPartner--btnAddTableRow-img"},"wdio_ui5_key":"applicationmanagepartners-display-component---NewPartner--btnAddTableRow-img"}]}
RESULT: undefined
COMMAND: POST /session/92e36b7f2589a9e1a7263b5f33980749/element - {"using":"xpath","value":"//*[@id=\"application-managepartners-display-component---NewPartner--btnAddTableRow-img\"]"}
RESULT: {"using":"xpath","value":"//*[@id=\"application-managepartners-display-component---NewPartner--btnAddTableRow-img\"]"}
COMMAND: POST /session/92e36b7f2589a9e1a7263b5f33980749/element/f.31350D4C963CC80A9541720B3C5CD4D9.d.CB0FFBC63C6CD4957ABBA7B795A5B5DE.e.2348/click - {}
RESULT: {}
COMMAND: POST /session/92e36b7f2589a9e1a7263b5f33980749/element - {"using":"xpath","value":"//input[contains(@id ,\"application-managepartners-display-component---NewPartner--assignmentYard-application-managepartners-display-component---NewPartner\")]"}
COMMAND: GET /session/92e36b7f2589a9e1a7263b5f33980749/screenshot - {}
RESULT: {"using":"xpath","value":"//input[contains(@id ,\"application-managepartners-display-component---NewPartner--assignmentYard-application-managepartners-display-component---NewPartner\")]"}
COMMAND: POST /session/92e36b7f2589a9e1a7263b5f33980749/element/f.31350D4C963CC80A9541720B3C5CD4D9.d.CB0FFBC63C6CD4957ABBA7B795A5B5DE.e.2351/clear - {}
RESULT: {}
RESULT: {}
COMMAND: POST /session/92e36b7f2589a9e1a7263b5f33980749/element/f.31350D4C963CC80A9541720B3C5CD4D9.d.CB0FFBC63C6CD4957ABBA7B795A5B5DE.e.2351/value - {"text":"WebdriverYard7gwyq"}
COMMAND: GET /session/92e36b7f2589a9e1a7263b5f33980749/screenshot - {}
RESULT: {"text":"WebdriverYard7gwyq"}
COMMAND: GET /session/92e36b7f2589a9e1a7263b5f33980749/screenshot - {}
RESULT: {}
RESULT: {}
COMMAND: POST /session/92e36b7f2589a9e1a7263b5f33980749/execute/async - {"script":"<script> [1562 bytes]","args":[{"selector":{"controlType":"sap.m.Button","viewName":"etm.portal.ui.managepartners.view.NewPartner","viewId":"application-managepartners-display-component---NewPartner","i18NText":{"propertyName":"text","key":"save"},"interaction":{"idSuffix":"BDI-content"}},"wdio_ui5_key":"etmportal.ui.managepartners.view.NewPartnersap.m.Button{\"propertyName\":\"text\",\"key\":\"save\"}"}]}
RESULT: {"script":"<script> [1562 bytes]","args":[{"selector":{"controlType":"sap.m.Button","viewName":"etm.portal.ui.managepartners.view.NewPartner","viewId":"application-managepartners-display-component---NewPartner","i18NText":{"propertyName":"text","key":"save"},"interaction":{"idSuffix":"BDI-content"}},"wdio_ui5_key":"etmportal.ui.managepartners.view.NewPartnersap.m.Button{\"propertyName\":\"text\",\"key\":\"save\"}"}]}
RESULT: undefined
COMMAND: POST /session/92e36b7f2589a9e1a7263b5f33980749/element - {"using":"xpath","value":"//*[@id=\"__button68\"]"}
RESULT: {"using":"xpath","value":"//*[@id=\"__button68\"]"}
COMMAND: POST /session/92e36b7f2589a9e1a7263b5f33980749/element/f.31350D4C963CC80A9541720B3C5CD4D9.d.CB0FFBC63C6CD4957ABBA7B795A5B5DE.e.2316/click - {}
RESULT: {}
COMMAND: GET /session/92e36b7f2589a9e1a7263b5f33980749/screenshot - {}
RESULT: {}
COMMAND: POST /session/92e36b7f2589a9e1a7263b5f33980749/element - {"using":"xpath","value":"//header/div/div[2]/div[2]/span"}
RESULT: {"using":"xpath","value":"//header/div/div[2]/div[2]/span"}
COMMAND: GET /session/92e36b7f2589a9e1a7263b5f33980749/element/f.31350D4C963CC80A9541720B3C5CD4D9.d.CB0FFBC63C6CD4957ABBA7B795A5B5DE.e.2523/text - {}
RESULT: {}
COMMAND: POST /session/92e36b7f2589a9e1a7263b5f33980749/element - {"using":"xpath","value":"//header/div/div/div/div/div/div[2]/div/span"}
RESULT: {"using":"xpath","value":"//header/div/div/div/div/div/div[2]/div/span"}
COMMAND: GET /session/92e36b7f2589a9e1a7263b5f33980749/element/f.31350D4C963CC80A9541720B3C5CD4D9.d.CB0FFBC63C6CD4957ABBA7B795A5B5DE.e.2524/text - {}
RESULT: {}
COMMAND: POST /session/92e36b7f2589a9e1a7263b5f33980749/execute/async - {"script":"<script> [1562 bytes]","args":[{"selector":{"id":"application-managepartners-display-component---detailPtm--partnerType"},"wdio_ui5_key":"applicationmanagepartners-display-component---detailPtm--partnerType"}]}
RESULT: {"script":"<script> [1562 bytes]","args":[{"selector":{"id":"application-managepartners-display-component---detailPtm--partnerType"},"wdio_ui5_key":"applicationmanagepartners-display-component---detailPtm--partnerType"}]}
RESULT: undefined
COMMAND: POST /session/92e36b7f2589a9e1a7263b5f33980749/execute/async - {"script":"<script> [6424 bytes]","args":[{"element-6066-11e4-a52e-4f735466cecf":"f.31350D4C963CC80A9541720B3C5CD4D9.d.CB0FFBC63C6CD4957ABBA7B795A5B5DE.e.2525"},"getText",[]]}
RESULT: {"script":"<script> [6424 bytes]","args":[{"element-6066-11e4-a52e-4f735466cecf":"f.31350D4C963CC80A9541720B3C5CD4D9.d.CB0FFBC63C6CD4957ABBA7B795A5B5DE.e.2525"},"getText",[]]}
COMMAND: POST /session/92e36b7f2589a9e1a7263b5f33980749/element - {"using":"css selector","value":"#shell-header-logo"}
RESULT: {"using":"css selector","value":"#shell-header-logo"}
COMMAND: POST /session/92e36b7f2589a9e1a7263b5f33980749/element/f.31350D4C963CC80A9541720B3C5CD4D9.d.CB0FFBC63C6CD4957ABBA7B795A5B5DE.e.1874/click - {}
RESULT: {}
COMMAND: GET /session/92e36b7f2589a9e1a7263b5f33980749/screenshot - {}
RESULT: {}
]]></system-out>
    </testcase>
    <testcase classname="chrome.136_0_7103_93.windows.Webshop_-_Hyperlinks_visible_and_working_properly__US139085" name="Should create a new contract" time="104.067">
      <system-out><![CDATA[
COMMAND: POST /session/92e36b7f2589a9e1a7263b5f33980749/execute/async - {"script":"<script> [1562 bytes]","args":[{"selector":{"controlType":"sap.m.GenericTile","properties":{"header":"Manage Contracts"}},"wdio_ui5_key":"sapm.GenericTile{\"header\":\"Manage Contracts\"}"}]}
RESULT: {"script":"<script> [1562 bytes]","args":[{"selector":{"controlType":"sap.m.GenericTile","properties":{"header":"Manage Contracts"}},"wdio_ui5_key":"sapm.GenericTile{\"header\":\"Manage Contracts\"}"}]}
RESULT: undefined
COMMAND: POST /session/92e36b7f2589a9e1a7263b5f33980749/element - {"using":"xpath","value":"//*[@id=\"__tile132\"]"}
RESULT: {"using":"xpath","value":"//*[@id=\"__tile132\"]"}
COMMAND: POST /session/92e36b7f2589a9e1a7263b5f33980749/element/f.31350D4C963CC80A9541720B3C5CD4D9.d.CB0FFBC63C6CD4957ABBA7B795A5B5DE.e.2527/click - {}
RESULT: {}
COMMAND: GET /session/92e36b7f2589a9e1a7263b5f33980749/screenshot - {}
RESULT: {}
COMMAND: POST /session/92e36b7f2589a9e1a7263b5f33980749/elements - {"using":"xpath","value":"//span[text()='Error']"}
RESULT: {"using":"xpath","value":"//span[text()='Error']"}
COMMAND: POST /session/92e36b7f2589a9e1a7263b5f33980749/element - {"using":"xpath","value":"//button[@data-kt=\"addButton\"]"}
RESULT: {"using":"xpath","value":"//button[@data-kt=\"addButton\"]"}
COMMAND: POST /session/92e36b7f2589a9e1a7263b5f33980749/element/f.31350D4C963CC80A9541720B3C5CD4D9.d.CB0FFBC63C6CD4957ABBA7B795A5B5DE.e.2575/click - {}
RESULT: {}
COMMAND: GET /session/92e36b7f2589a9e1a7263b5f33980749/screenshot - {}
RESULT: {}
COMMAND: POST /session/92e36b7f2589a9e1a7263b5f33980749/execute/async - {"script":"<script> [1562 bytes]","args":[{"selector":{"id":"application-managecontracts-display-component---AddNewContract--projectDescription","interaction":{"idSuffix":"inner"}},"wdio_ui5_key":"applicationmanagecontracts-display-component---AddNewContract--projectDescription"}]}
RESULT: {"script":"<script> [1562 bytes]","args":[{"selector":{"id":"application-managecontracts-display-component---AddNewContract--projectDescription","interaction":{"idSuffix":"inner"}},"wdio_ui5_key":"applicationmanagecontracts-display-component---AddNewContract--projectDescription"}]}
RESULT: undefined
COMMAND: POST /session/92e36b7f2589a9e1a7263b5f33980749/execute/async - {"script":"<script> [776 bytes]","args":[{"enterText":"WdIOR2cgi7x4","selector":{"id":"application-managecontracts-display-component---AddNewContract--projectDescription","interaction":{"idSuffix":"inner"}},"clearTextFirst":true,"interactionType":"ENTER_TEXT"}]}
RESULT: {"script":"<script> [776 bytes]","args":[{"enterText":"WdIOR2cgi7x4","selector":{"id":"application-managecontracts-display-component---AddNewContract--projectDescription","interaction":{"idSuffix":"inner"}},"clearTextFirst":true,"interactionType":"ENTER_TEXT"}]}
COMMAND: POST /session/92e36b7f2589a9e1a7263b5f33980749/element - {"using":"xpath","value":"//input[@id=\"application-managecontracts-display-component---AddNewContract--yardId-inner\"]"}
RESULT: {"using":"xpath","value":"//input[@id=\"application-managecontracts-display-component---AddNewContract--yardId-inner\"]"}
COMMAND: POST /session/92e36b7f2589a9e1a7263b5f33980749/element/f.31350D4C963CC80A9541720B3C5CD4D9.d.CB0FFBC63C6CD4957ABBA7B795A5B5DE.e.2842/clear - {}
RESULT: {}
COMMAND: POST /session/92e36b7f2589a9e1a7263b5f33980749/element/f.31350D4C963CC80A9541720B3C5CD4D9.d.CB0FFBC63C6CD4957ABBA7B795A5B5DE.e.2842/value - {"text":"WebdriverYard7gwyq"}
COMMAND: GET /session/92e36b7f2589a9e1a7263b5f33980749/screenshot - {}
RESULT: {"text":"WebdriverYard7gwyq"}
COMMAND: GET /session/92e36b7f2589a9e1a7263b5f33980749/screenshot - {}
RESULT: {}
RESULT: {}
COMMAND: POST /session/92e36b7f2589a9e1a7263b5f33980749/actions - {"actions":[{"id":"action5","type":"key","parameters":{},"actions":[{"type":"keyDown","value":""},{"type":"pause","duration":10},{"type":"keyUp","value":""}]}]}
RESULT: {"actions":[{"id":"action5","type":"key","parameters":{},"actions":[{"type":"keyDown","value":""},{"type":"pause","duration":10},{"type":"keyUp","value":""}]}]}
COMMAND: GET /session/92e36b7f2589a9e1a7263b5f33980749/screenshot - {}
RESULT: {}
COMMAND: POST /session/92e36b7f2589a9e1a7263b5f33980749/element - {"using":"xpath","value":"//input[@id=\"application-managecontracts-display-component---AddNewContract--customerSelect-inner\"]"}
RESULT: {"using":"xpath","value":"//input[@id=\"application-managecontracts-display-component---AddNewContract--customerSelect-inner\"]"}
COMMAND: POST /session/92e36b7f2589a9e1a7263b5f33980749/element/f.31350D4C963CC80A9541720B3C5CD4D9.d.CB0FFBC63C6CD4957ABBA7B795A5B5DE.e.2840/clear - {}
RESULT: {}
COMMAND: POST /session/92e36b7f2589a9e1a7263b5f33980749/element/f.31350D4C963CC80A9541720B3C5CD4D9.d.CB0FFBC63C6CD4957ABBA7B795A5B5DE.e.2840/value - {"text":"WebdriverPartnerawvji"}
COMMAND: GET /session/92e36b7f2589a9e1a7263b5f33980749/screenshot - {}
RESULT: {"text":"WebdriverPartnerawvji"}
COMMAND: GET /session/92e36b7f2589a9e1a7263b5f33980749/screenshot - {}
RESULT: {}
RESULT: {}
COMMAND: POST /session/92e36b7f2589a9e1a7263b5f33980749/actions - {"actions":[{"id":"action6","type":"key","parameters":{},"actions":[{"type":"keyDown","value":""},{"type":"pause","duration":10},{"type":"keyUp","value":""}]}]}
RESULT: {"actions":[{"id":"action6","type":"key","parameters":{},"actions":[{"type":"keyDown","value":""},{"type":"pause","duration":10},{"type":"keyUp","value":""}]}]}
COMMAND: GET /session/92e36b7f2589a9e1a7263b5f33980749/screenshot - {}
RESULT: {}
COMMAND: POST /session/92e36b7f2589a9e1a7263b5f33980749/element - {"using":"xpath","value":"//input[@id=\"application-managecontracts-display-component---AddNewContract--site-inner\"]"}
RESULT: {"using":"xpath","value":"//input[@id=\"application-managecontracts-display-component---AddNewContract--site-inner\"]"}
COMMAND: POST /session/92e36b7f2589a9e1a7263b5f33980749/element/f.31350D4C963CC80A9541720B3C5CD4D9.d.CB0FFBC63C6CD4957ABBA7B795A5B5DE.e.2841/clear - {}
RESULT: {}
COMMAND: POST /session/92e36b7f2589a9e1a7263b5f33980749/element/f.31350D4C963CC80A9541720B3C5CD4D9.d.CB0FFBC63C6CD4957ABBA7B795A5B5DE.e.2841/value - {"text":"WebdriverSitemyj91"}
COMMAND: GET /session/92e36b7f2589a9e1a7263b5f33980749/screenshot - {}
RESULT: {"text":"WebdriverSitemyj91"}
COMMAND: GET /session/92e36b7f2589a9e1a7263b5f33980749/screenshot - {}
RESULT: {}
RESULT: {}
COMMAND: POST /session/92e36b7f2589a9e1a7263b5f33980749/actions - {"actions":[{"id":"action7","type":"key","parameters":{},"actions":[{"type":"keyDown","value":""},{"type":"pause","duration":10},{"type":"keyUp","value":""}]}]}
RESULT: {"actions":[{"id":"action7","type":"key","parameters":{},"actions":[{"type":"keyDown","value":""},{"type":"pause","duration":10},{"type":"keyUp","value":""}]}]}
COMMAND: GET /session/92e36b7f2589a9e1a7263b5f33980749/screenshot - {}
RESULT: {}
COMMAND: POST /session/92e36b7f2589a9e1a7263b5f33980749/element - {"using":"xpath","value":"//button[@data-kt=\"saveButton\"]"}
RESULT: {"using":"xpath","value":"//button[@data-kt=\"saveButton\"]"}
COMMAND: POST /session/92e36b7f2589a9e1a7263b5f33980749/element/f.31350D4C963CC80A9541720B3C5CD4D9.d.CB0FFBC63C6CD4957ABBA7B795A5B5DE.e.2915/click - {}
RESULT: {}
COMMAND: GET /session/92e36b7f2589a9e1a7263b5f33980749/screenshot - {}
RESULT: {}
COMMAND: POST /session/92e36b7f2589a9e1a7263b5f33980749/execute/async - {"script":"<script> [1562 bytes]","args":[{"selector":{"id":"contractDetailTitleNoExpanded","viewName":"etm.portal.ui.managecontracts.view.Detail"},"wdio_ui5_key":"contractDetailTitleNoExpandedetmportal.ui.managecontracts.view.Detail"}]}
RESULT: {"script":"<script> [1562 bytes]","args":[{"selector":{"id":"contractDetailTitleNoExpanded","viewName":"etm.portal.ui.managecontracts.view.Detail"},"wdio_ui5_key":"contractDetailTitleNoExpandedetmportal.ui.managecontracts.view.Detail"}]}
RESULT: undefined
COMMAND: POST /session/92e36b7f2589a9e1a7263b5f33980749/execute/async - {"script":"<script> [6424 bytes]","args":[{"element-6066-11e4-a52e-4f735466cecf":"f.31350D4C963CC80A9541720B3C5CD4D9.d.CB0FFBC63C6CD4957ABBA7B795A5B5DE.e.2997"},"getText",[]]}
RESULT: {"script":"<script> [6424 bytes]","args":[{"element-6066-11e4-a52e-4f735466cecf":"f.31350D4C963CC80A9541720B3C5CD4D9.d.CB0FFBC63C6CD4957ABBA7B795A5B5DE.e.2997"},"getText",[]]}
COMMAND: POST /session/92e36b7f2589a9e1a7263b5f33980749/element - {"using":"css selector","value":"#shell-header-logo"}
RESULT: {"using":"css selector","value":"#shell-header-logo"}
COMMAND: POST /session/92e36b7f2589a9e1a7263b5f33980749/element/f.31350D4C963CC80A9541720B3C5CD4D9.d.CB0FFBC63C6CD4957ABBA7B795A5B5DE.e.2529/click - {}
RESULT: {}
COMMAND: GET /session/92e36b7f2589a9e1a7263b5f33980749/screenshot - {}
RESULT: {}
]]></system-out>
    </testcase>
    <testcase classname="chrome.136_0_7103_93.windows.Webshop_-_Hyperlinks_visible_and_working_properly__US139085" name="Should create a new webshop request and verify yard hyperlinks" time="239.965">
      <system-out><![CDATA[
COMMAND: POST /session/92e36b7f2589a9e1a7263b5f33980749/execute/async - {"script":"<script> [1562 bytes]","args":[{"selector":{"controlType":"sap.m.GenericTile","properties":{"header":"Webshop"}},"wdio_ui5_key":"sapm.GenericTile{\"header\":\"Webshop\"}"}]}
RESULT: {"script":"<script> [1562 bytes]","args":[{"selector":{"controlType":"sap.m.GenericTile","properties":{"header":"Webshop"}},"wdio_ui5_key":"sapm.GenericTile{\"header\":\"Webshop\"}"}]}
RESULT: undefined
COMMAND: POST /session/92e36b7f2589a9e1a7263b5f33980749/element - {"using":"xpath","value":"//*[@id=\"__tile49\"]"}
RESULT: {"using":"xpath","value":"//*[@id=\"__tile49\"]"}
COMMAND: POST /session/92e36b7f2589a9e1a7263b5f33980749/element/f.31350D4C963CC80A9541720B3C5CD4D9.d.CB0FFBC63C6CD4957ABBA7B795A5B5DE.e.3000/click - {}
RESULT: {}
COMMAND: GET /session/92e36b7f2589a9e1a7263b5f33980749/screenshot - {}
RESULT: {}
COMMAND: POST /session/92e36b7f2589a9e1a7263b5f33980749/elements - {"using":"xpath","value":"//span[text()='Error']"}
RESULT: {"using":"xpath","value":"//span[text()='Error']"}
COMMAND: POST /session/92e36b7f2589a9e1a7263b5f33980749/element - {"using":"css selector","value":"#requestCreationDialog--createRequestPopUp-title-inner"}
RESULT: {"using":"css selector","value":"#requestCreationDialog--createRequestPopUp-title-inner"}
COMMAND: POST /session/92e36b7f2589a9e1a7263b5f33980749/execute/sync - {"script":"<script> [8489 bytes]","args":[{"element-6066-11e4-a52e-4f735466cecf":"f.31350D4C963CC80A9541720B3C5CD4D9.d.CB0FFBC63C6CD4957ABBA7B795A5B5DE.e.3029","ELEMENT":"f.31350D4C963CC80A9541720B3C5CD4D9.d.CB0FFBC63C6CD4957ABBA7B795A5B5DE.e.3029"}]}
RESULT: {"script":"<script> [8489 bytes]","args":[{"element-6066-11e4-a52e-4f735466cecf":"f.31350D4C963CC80A9541720B3C5CD4D9.d.CB0FFBC63C6CD4957ABBA7B795A5B5DE.e.3029","ELEMENT":"f.31350D4C963CC80A9541720B3C5CD4D9.d.CB0FFBC63C6CD4957ABBA7B795A5B5DE.e.3029"}]}
COMMAND: GET /session/92e36b7f2589a9e1a7263b5f33980749/element/f.31350D4C963CC80A9541720B3C5CD4D9.d.CB0FFBC63C6CD4957ABBA7B795A5B5DE.e.3029/enabled - {}
COMMAND: GET /session/92e36b7f2589a9e1a7263b5f33980749/screenshot - {}
RESULT: {}
COMMAND: POST /session/92e36b7f2589a9e1a7263b5f33980749/execute/async - {"script":"<script> [1562 bytes]","args":[{"selector":{"id":"requestCreationDialog--requestName","searchOpenDialogs":true,"interaction":{"idSuffix":"inner"}},"wdio_ui5_key":"requestCreationDialogrequestName"}]}
COMMAND: GET /session/92e36b7f2589a9e1a7263b5f33980749/screenshot - {}
RESULT: {}
RESULT: {"script":"<script> [1562 bytes]","args":[{"selector":{"id":"requestCreationDialog--requestName","searchOpenDialogs":true,"interaction":{"idSuffix":"inner"}},"wdio_ui5_key":"requestCreationDialogrequestName"}]}
RESULT: undefined
COMMAND: POST /session/92e36b7f2589a9e1a7263b5f33980749/execute/async - {"script":"<script> [776 bytes]","args":[{"enterText":"WebdriverTest","selector":{"id":"requestCreationDialog--requestName","searchOpenDialogs":true,"interaction":{"idSuffix":"inner"}},"clearTextFirst":true,"interactionType":"ENTER_TEXT"}]}
RESULT: {}
RESULT: {"script":"<script> [776 bytes]","args":[{"enterText":"WebdriverTest","selector":{"id":"requestCreationDialog--requestName","searchOpenDialogs":true,"interaction":{"idSuffix":"inner"}},"clearTextFirst":true,"interactionType":"ENTER_TEXT"}]}
COMMAND: POST /session/92e36b7f2589a9e1a7263b5f33980749/element - {"using":"xpath","value":"//input[contains(@id ,\"requestCreationDialog--contract-inner\")]"}
RESULT: {"using":"xpath","value":"//input[contains(@id ,\"requestCreationDialog--contract-inner\")]"}
COMMAND: POST /session/92e36b7f2589a9e1a7263b5f33980749/element/f.31350D4C963CC80A9541720B3C5CD4D9.d.CB0FFBC63C6CD4957ABBA7B795A5B5DE.e.3014/clear - {}
RESULT: {}
COMMAND: POST /session/92e36b7f2589a9e1a7263b5f33980749/element/f.31350D4C963CC80A9541720B3C5CD4D9.d.CB0FFBC63C6CD4957ABBA7B795A5B5DE.e.3014/value - {"text":"10206"}
COMMAND: GET /session/92e36b7f2589a9e1a7263b5f33980749/screenshot - {}
RESULT: {"text":"10206"}
COMMAND: GET /session/92e36b7f2589a9e1a7263b5f33980749/screenshot - {}
RESULT: {}
RESULT: {}
COMMAND: POST /session/92e36b7f2589a9e1a7263b5f33980749/actions - {"actions":[{"id":"action8","type":"key","parameters":{},"actions":[{"type":"keyDown","value":""},{"type":"pause","duration":10},{"type":"keyUp","value":""}]}]}
RESULT: {"actions":[{"id":"action8","type":"key","parameters":{},"actions":[{"type":"keyDown","value":""},{"type":"pause","duration":10},{"type":"keyUp","value":""}]}]}
COMMAND: GET /session/92e36b7f2589a9e1a7263b5f33980749/screenshot - {}
RESULT: {}
COMMAND: POST /session/92e36b7f2589a9e1a7263b5f33980749/element - {"using":"xpath","value":"//input[contains(@id ,\"requestCreationDialog--contract-inner\")]"}
RESULT: {"using":"xpath","value":"//input[contains(@id ,\"requestCreationDialog--contract-inner\")]"}
COMMAND: GET /session/92e36b7f2589a9e1a7263b5f33980749/element/f.31350D4C963CC80A9541720B3C5CD4D9.d.CB0FFBC63C6CD4957ABBA7B795A5B5DE.e.3014/property/value - {}
RESULT: {}
COMMAND: POST /session/92e36b7f2589a9e1a7263b5f33980749/element - {"using":"xpath","value":"//input[contains(@id ,\"requestCreationDialog--contract-inner\")]"}
COMMAND: GET /session/92e36b7f2589a9e1a7263b5f33980749/screenshot - {}
RESULT: {"using":"xpath","value":"//input[contains(@id ,\"requestCreationDialog--contract-inner\")]"}
COMMAND: POST /session/92e36b7f2589a9e1a7263b5f33980749/execute/async - {"script":"<script> [1562 bytes]","args":[{"selector":{"id":"requestCreationDialog--okButton","searchOpenDialogs":true,"interaction":{"idSuffix":"BDI-content"}},"wdio_ui5_key":"requestCreationDialogokButton"}]}
RESULT: {}
RESULT: {"script":"<script> [1562 bytes]","args":[{"selector":{"id":"requestCreationDialog--okButton","searchOpenDialogs":true,"interaction":{"idSuffix":"BDI-content"}},"wdio_ui5_key":"requestCreationDialogokButton"}]}
RESULT: undefined
COMMAND: POST /session/92e36b7f2589a9e1a7263b5f33980749/element - {"using":"xpath","value":"//*[@id=\"requestCreationDialog--okButton\"]"}
RESULT: {"using":"xpath","value":"//*[@id=\"requestCreationDialog--okButton\"]"}
COMMAND: POST /session/92e36b7f2589a9e1a7263b5f33980749/element/f.31350D4C963CC80A9541720B3C5CD4D9.d.CB0FFBC63C6CD4957ABBA7B795A5B5DE.e.3039/click - {}
RESULT: {}
COMMAND: GET /session/92e36b7f2589a9e1a7263b5f33980749/screenshot - {}
RESULT: {}
COMMAND: POST /session/92e36b7f2589a9e1a7263b5f33980749/element - {"using":"xpath","value":"//input[contains(@id ,\"searchFiledId-I\")]"}
RESULT: {"using":"xpath","value":"//input[contains(@id ,\"searchFiledId-I\")]"}
COMMAND: POST /session/92e36b7f2589a9e1a7263b5f33980749/element/f.31350D4C963CC80A9541720B3C5CD4D9.d.CB0FFBC63C6CD4957ABBA7B795A5B5DE.e.3006/value - {"text":"Dri-Prime CD150M Diesel Pump"}
RESULT: {"text":"Dri-Prime CD150M Diesel Pump"}
COMMAND: POST /session/92e36b7f2589a9e1a7263b5f33980749/actions - {"actions":[{"id":"action9","type":"key","parameters":{},"actions":[{"type":"keyDown","value":""},{"type":"pause","duration":10},{"type":"keyUp","value":""}]}]}
COMMAND: GET /session/92e36b7f2589a9e1a7263b5f33980749/screenshot - {}
RESULT: {"actions":[{"id":"action9","type":"key","parameters":{},"actions":[{"type":"keyDown","value":""},{"type":"pause","duration":10},{"type":"keyUp","value":""}]}]}
COMMAND: GET /session/92e36b7f2589a9e1a7263b5f33980749/screenshot - {}
RESULT: {}
RESULT: {}
COMMAND: POST /session/92e36b7f2589a9e1a7263b5f33980749/element - {"using":"xpath","value":"//span[contains(@id ,\"subTitle\")][contains(text(), \"Dri-Prime CD150M Diesel Pump\")]"}
RESULT: {"using":"xpath","value":"//span[contains(@id ,\"subTitle\")][contains(text(), \"Dri-Prime CD150M Diesel Pump\")]"}
COMMAND: POST /session/92e36b7f2589a9e1a7263b5f33980749/element/f.31350D4C963CC80A9541720B3C5CD4D9.d.CB0FFBC63C6CD4957ABBA7B795A5B5DE.e.3045/click - {}
RESULT: {}
COMMAND: GET /session/92e36b7f2589a9e1a7263b5f33980749/screenshot - {}
RESULT: {}
COMMAND: POST /session/92e36b7f2589a9e1a7263b5f33980749/execute/async - {"script":"<script> [1562 bytes]","args":[{"selector":{"controlType":"sap.m.Button","viewName":"etm.portal.ui.webshop.view.Homepage","i18NText":{"propertyName":"text","key":"addToRequest"},"interaction":{"idSuffix":"BDI-content"}},"wdio_ui5_key":"etmportal.ui.webshop.view.Homepagesap.m.Button{\"propertyName\":\"text\",\"key\":\"addToRequest\"}"}]}
RESULT: {"script":"<script> [1562 bytes]","args":[{"selector":{"controlType":"sap.m.Button","viewName":"etm.portal.ui.webshop.view.Homepage","i18NText":{"propertyName":"text","key":"addToRequest"},"interaction":{"idSuffix":"BDI-content"}},"wdio_ui5_key":"etmportal.ui.webshop.view.Homepagesap.m.Button{\"propertyName\":\"text\",\"key\":\"addToRequest\"}"}]}
RESULT: undefined
COMMAND: POST /session/92e36b7f2589a9e1a7263b5f33980749/element - {"using":"xpath","value":"//*[@id=\"__button134\"]"}
RESULT: {"using":"xpath","value":"//*[@id=\"__button134\"]"}
COMMAND: POST /session/92e36b7f2589a9e1a7263b5f33980749/element/f.31350D4C963CC80A9541720B3C5CD4D9.d.CB0FFBC63C6CD4957ABBA7B795A5B5DE.e.3060/click - {}
RESULT: {}
COMMAND: GET /session/92e36b7f2589a9e1a7263b5f33980749/screenshot - {}
RESULT: {}
COMMAND: POST /session/92e36b7f2589a9e1a7263b5f33980749/element - {"using":"xpath","value":"//*[contains(@id ,\"activeCartId-BDI-content\")]"}
RESULT: {"using":"xpath","value":"//*[contains(@id ,\"activeCartId-BDI-content\")]"}
COMMAND: POST /session/92e36b7f2589a9e1a7263b5f33980749/element/f.31350D4C963CC80A9541720B3C5CD4D9.d.CB0FFBC63C6CD4957ABBA7B795A5B5DE.e.3068/click - {}
RESULT: {}
COMMAND: GET /session/92e36b7f2589a9e1a7263b5f33980749/screenshot - {}
RESULT: {}
COMMAND: POST /session/92e36b7f2589a9e1a7263b5f33980749/element - {"using":"xpath","value":"//bdi[contains(text(), \"Check out my request\")]"}
RESULT: {"using":"xpath","value":"//bdi[contains(text(), \"Check out my request\")]"}
COMMAND: POST /session/92e36b7f2589a9e1a7263b5f33980749/element/f.31350D4C963CC80A9541720B3C5CD4D9.d.CB0FFBC63C6CD4957ABBA7B795A5B5DE.e.3070/click - {}
RESULT: {}
COMMAND: GET /session/92e36b7f2589a9e1a7263b5f33980749/screenshot - {}
RESULT: {}
COMMAND: POST /session/92e36b7f2589a9e1a7263b5f33980749/element - {"using":"xpath","value":"//*[contains(@data-kt ,\"webshopDetailYardLink\")]"}
RESULT: {"using":"xpath","value":"//*[contains(@data-kt ,\"webshopDetailYardLink\")]"}
COMMAND: POST /session/92e36b7f2589a9e1a7263b5f33980749/element/f.31350D4C963CC80A9541720B3C5CD4D9.d.CB0FFBC63C6CD4957ABBA7B795A5B5DE.e.3141/click - {}
RESULT: {}
COMMAND: POST /session/92e36b7f2589a9e1a7263b5f33980749/element - {"using":"xpath","value":"//*[contains(@data-kt ,\"ContextMenuId2Link\")][contains(text(), \"Yard Overview\")]"}
COMMAND: GET /session/92e36b7f2589a9e1a7263b5f33980749/screenshot - {}
RESULT: {"using":"xpath","value":"//*[contains(@data-kt ,\"ContextMenuId2Link\")][contains(text(), \"Yard Overview\")]"}
COMMAND: POST /session/92e36b7f2589a9e1a7263b5f33980749/execute/sync - {"script":"<script> [8489 bytes]","args":[{"element-6066-11e4-a52e-4f735466cecf":"f.31350D4C963CC80A9541720B3C5CD4D9.d.CB0FFBC63C6CD4957ABBA7B795A5B5DE.e.3144","ELEMENT":"f.31350D4C963CC80A9541720B3C5CD4D9.d.CB0FFBC63C6CD4957ABBA7B795A5B5DE.e.3144"}]}
COMMAND: POST /session/92e36b7f2589a9e1a7263b5f33980749/element - {"using":"xpath","value":"//*[contains(@data-kt ,\"ContextMenuId3Link\")][contains(text(), \"Yard Main Address\")]"}
RESULT: {}
RESULT: {"using":"xpath","value":"//*[contains(@data-kt ,\"ContextMenuId3Link\")][contains(text(), \"Yard Main Address\")]"}
COMMAND: POST /session/92e36b7f2589a9e1a7263b5f33980749/execute/sync - {"script":"<script> [8489 bytes]","args":[{"element-6066-11e4-a52e-4f735466cecf":"f.31350D4C963CC80A9541720B3C5CD4D9.d.CB0FFBC63C6CD4957ABBA7B795A5B5DE.e.3145","ELEMENT":"f.31350D4C963CC80A9541720B3C5CD4D9.d.CB0FFBC63C6CD4957ABBA7B795A5B5DE.e.3145"}]}
COMMAND: POST /session/92e36b7f2589a9e1a7263b5f33980749/element - {"using":"xpath","value":"//*[contains(@data-kt ,\"ContextMenuId2Link\")][contains(text(), \"Yard Overview\")]"}
RESULT: {"script":"<script> [8489 bytes]","args":[{"element-6066-11e4-a52e-4f735466cecf":"f.31350D4C963CC80A9541720B3C5CD4D9.d.CB0FFBC63C6CD4957ABBA7B795A5B5DE.e.3144","ELEMENT":"f.31350D4C963CC80A9541720B3C5CD4D9.d.CB0FFBC63C6CD4957ABBA7B795A5B5DE.e.3144"}]}
COMMAND: GET /session/92e36b7f2589a9e1a7263b5f33980749/screenshot - {}
RESULT: {"using":"xpath","value":"//*[contains(@data-kt ,\"ContextMenuId2Link\")][contains(text(), \"Yard Overview\")]"}
COMMAND: POST /session/92e36b7f2589a9e1a7263b5f33980749/element/f.31350D4C963CC80A9541720B3C5CD4D9.d.CB0FFBC63C6CD4957ABBA7B795A5B5DE.e.3144/click - {}
RESULT: {"script":"<script> [8489 bytes]","args":[{"element-6066-11e4-a52e-4f735466cecf":"f.31350D4C963CC80A9541720B3C5CD4D9.d.CB0FFBC63C6CD4957ABBA7B795A5B5DE.e.3145","ELEMENT":"f.31350D4C963CC80A9541720B3C5CD4D9.d.CB0FFBC63C6CD4957ABBA7B795A5B5DE.e.3145"}]}
COMMAND: GET /session/92e36b7f2589a9e1a7263b5f33980749/screenshot - {}
RESULT: {}
RESULT: {}
COMMAND: GET /session/92e36b7f2589a9e1a7263b5f33980749/screenshot - {}
RESULT: {}
RESULT: {}
COMMAND: POST /session/92e36b7f2589a9e1a7263b5f33980749/execute/async - {"script":"<script> [1562 bytes]","args":[{"selector":{"id":"shellAppTitle"},"wdio_ui5_key":"shellAppTitle"}]}
RESULT: {"script":"<script> [1562 bytes]","args":[{"selector":{"id":"shellAppTitle"},"wdio_ui5_key":"shellAppTitle"}]}
RESULT: undefined
COMMAND: POST /session/92e36b7f2589a9e1a7263b5f33980749/execute/async - {"script":"<script> [6424 bytes]","args":[{"element-6066-11e4-a52e-4f735466cecf":"f.31350D4C963CC80A9541720B3C5CD4D9.d.CB0FFBC63C6CD4957ABBA7B795A5B5DE.e.3276"},"getTitle",[]]}
RESULT: {"script":"<script> [6424 bytes]","args":[{"element-6066-11e4-a52e-4f735466cecf":"f.31350D4C963CC80A9541720B3C5CD4D9.d.CB0FFBC63C6CD4957ABBA7B795A5B5DE.e.3276"},"getTitle",[]]}
COMMAND: POST /session/92e36b7f2589a9e1a7263b5f33980749/element - {"using":"xpath","value":"//span[contains(@id ,\"title\")][contains(text(), \"WebdriverYard7gwyq\")]"}
RESULT: {"using":"xpath","value":"//span[contains(@id ,\"title\")][contains(text(), \"WebdriverYard7gwyq\")]"}
COMMAND: POST /session/92e36b7f2589a9e1a7263b5f33980749/execute/sync - {"script":"<script> [8489 bytes]","args":[{"element-6066-11e4-a52e-4f735466cecf":"f.31350D4C963CC80A9541720B3C5CD4D9.d.CB0FFBC63C6CD4957ABBA7B795A5B5DE.e.3277","ELEMENT":"f.31350D4C963CC80A9541720B3C5CD4D9.d.CB0FFBC63C6CD4957ABBA7B795A5B5DE.e.3277"}]}
COMMAND: POST /session/92e36b7f2589a9e1a7263b5f33980749/execute/async - {"script":"<script> [1562 bytes]","args":[{"selector":{"id":"backBtn"},"wdio_ui5_key":"backBtn"}]}
RESULT: {"script":"<script> [8489 bytes]","args":[{"element-6066-11e4-a52e-4f735466cecf":"f.31350D4C963CC80A9541720B3C5CD4D9.d.CB0FFBC63C6CD4957ABBA7B795A5B5DE.e.3277","ELEMENT":"f.31350D4C963CC80A9541720B3C5CD4D9.d.CB0FFBC63C6CD4957ABBA7B795A5B5DE.e.3277"}]}
COMMAND: GET /session/92e36b7f2589a9e1a7263b5f33980749/screenshot - {}
RESULT: {"script":"<script> [1562 bytes]","args":[{"selector":{"id":"backBtn"},"wdio_ui5_key":"backBtn"}]}
RESULT: undefined
COMMAND: POST /session/92e36b7f2589a9e1a7263b5f33980749/element - {"using":"xpath","value":"//*[@id=\"backBtn\"]"}
COMMAND: POST /session/92e36b7f2589a9e1a7263b5f33980749/execute/sync - {"script":"<script> [8489 bytes]","args":[{"element-6066-11e4-a52e-4f735466cecf":"f.31350D4C963CC80A9541720B3C5CD4D9.d.CB0FFBC63C6CD4957ABBA7B795A5B5DE.e.3277","ELEMENT":"f.31350D4C963CC80A9541720B3C5CD4D9.d.CB0FFBC63C6CD4957ABBA7B795A5B5DE.e.3277"}]}
RESULT: {}
RESULT: {"using":"xpath","value":"//*[@id=\"backBtn\"]"}
COMMAND: POST /session/92e36b7f2589a9e1a7263b5f33980749/element/f.31350D4C963CC80A9541720B3C5CD4D9.d.CB0FFBC63C6CD4957ABBA7B795A5B5DE.e.3278/click - {}
RESULT: {"script":"<script> [8489 bytes]","args":[{"element-6066-11e4-a52e-4f735466cecf":"f.31350D4C963CC80A9541720B3C5CD4D9.d.CB0FFBC63C6CD4957ABBA7B795A5B5DE.e.3277","ELEMENT":"f.31350D4C963CC80A9541720B3C5CD4D9.d.CB0FFBC63C6CD4957ABBA7B795A5B5DE.e.3277"}]}
COMMAND: GET /session/92e36b7f2589a9e1a7263b5f33980749/screenshot - {}
RESULT: {}
COMMAND: GET /session/92e36b7f2589a9e1a7263b5f33980749/screenshot - {}
COMMAND: POST /session/92e36b7f2589a9e1a7263b5f33980749/execute/sync - {"script":"<script> [8489 bytes]","args":[{"element-6066-11e4-a52e-4f735466cecf":"f.31350D4C963CC80A9541720B3C5CD4D9.d.CB0FFBC63C6CD4957ABBA7B795A5B5DE.e.3277","ELEMENT":"f.31350D4C963CC80A9541720B3C5CD4D9.d.CB0FFBC63C6CD4957ABBA7B795A5B5DE.e.3277"}]}
RESULT: {}
RESULT: {}
COMMAND: POST /session/92e36b7f2589a9e1a7263b5f33980749/element - {"using":"xpath","value":"//span[contains(@id ,\"title\")][contains(text(), \"WebdriverYard7gwyq\")]"}
RESULT: {"using":"xpath","value":"//span[contains(@id ,\"title\")][contains(text(), \"WebdriverYard7gwyq\")]"}
COMMAND: POST /session/92e36b7f2589a9e1a7263b5f33980749/element - {"using":"xpath","value":"//span[contains(@id ,\"title\")][contains(text(), \"WebdriverYard7gwyq\")]"}
RESULT: {"using":"xpath","value":"//span[contains(@id ,\"title\")][contains(text(), \"WebdriverYard7gwyq\")]"}
COMMAND: POST /session/92e36b7f2589a9e1a7263b5f33980749/element - {"using":"xpath","value":"//span[contains(@id ,\"title\")][contains(text(), \"WebdriverYard7gwyq\")]"}
RESULT: {"using":"xpath","value":"//span[contains(@id ,\"title\")][contains(text(), \"WebdriverYard7gwyq\")]"}
COMMAND: POST /session/92e36b7f2589a9e1a7263b5f33980749/element - {"using":"xpath","value":"//span[contains(@id ,\"title\")][contains(text(), \"WebdriverYard7gwyq\")]"}
RESULT: {"using":"xpath","value":"//span[contains(@id ,\"title\")][contains(text(), \"WebdriverYard7gwyq\")]"}
COMMAND: POST /session/92e36b7f2589a9e1a7263b5f33980749/element - {"using":"xpath","value":"//span[contains(@id ,\"title\")][contains(text(), \"WebdriverYard7gwyq\")]"}
RESULT: {"using":"xpath","value":"//span[contains(@id ,\"title\")][contains(text(), \"WebdriverYard7gwyq\")]"}
COMMAND: POST /session/92e36b7f2589a9e1a7263b5f33980749/element - {"using":"xpath","value":"//span[contains(@id ,\"title\")][contains(text(), \"WebdriverYard7gwyq\")]"}
RESULT: {"using":"xpath","value":"//span[contains(@id ,\"title\")][contains(text(), \"WebdriverYard7gwyq\")]"}
COMMAND: POST /session/92e36b7f2589a9e1a7263b5f33980749/element - {"using":"xpath","value":"//span[contains(@id ,\"title\")][contains(text(), \"WebdriverYard7gwyq\")]"}
RESULT: {"using":"xpath","value":"//span[contains(@id ,\"title\")][contains(text(), \"WebdriverYard7gwyq\")]"}
COMMAND: POST /session/92e36b7f2589a9e1a7263b5f33980749/element - {"using":"xpath","value":"//span[contains(@id ,\"title\")][contains(text(), \"WebdriverYard7gwyq\")]"}
RESULT: {"using":"xpath","value":"//span[contains(@id ,\"title\")][contains(text(), \"WebdriverYard7gwyq\")]"}
COMMAND: POST /session/92e36b7f2589a9e1a7263b5f33980749/element - {"using":"xpath","value":"//*[contains(@data-kt ,\"webshopDetailYardLink\")]"}
RESULT: {"using":"xpath","value":"//*[contains(@data-kt ,\"webshopDetailYardLink\")]"}
COMMAND: POST /session/92e36b7f2589a9e1a7263b5f33980749/execute/sync - {"script":"<script> [8489 bytes]","args":[{"element-6066-11e4-a52e-4f735466cecf":"f.31350D4C963CC80A9541720B3C5CD4D9.d.CB0FFBC63C6CD4957ABBA7B795A5B5DE.e.3442","ELEMENT":"f.31350D4C963CC80A9541720B3C5CD4D9.d.CB0FFBC63C6CD4957ABBA7B795A5B5DE.e.3442"}]}
COMMAND: POST /session/92e36b7f2589a9e1a7263b5f33980749/element - {"using":"xpath","value":"//span[contains(@id ,\"title\")][contains(text(), \"WebdriverYard7gwyq\")]"}
RESULT: {"script":"<script> [8489 bytes]","args":[{"element-6066-11e4-a52e-4f735466cecf":"f.31350D4C963CC80A9541720B3C5CD4D9.d.CB0FFBC63C6CD4957ABBA7B795A5B5DE.e.3442","ELEMENT":"f.31350D4C963CC80A9541720B3C5CD4D9.d.CB0FFBC63C6CD4957ABBA7B795A5B5DE.e.3442"}]}
COMMAND: POST /session/92e36b7f2589a9e1a7263b5f33980749/execute/sync - {"script":"<script> [5351 bytes]","args":[{"element-6066-11e4-a52e-4f735466cecf":"f.31350D4C963CC80A9541720B3C5CD4D9.d.CB0FFBC63C6CD4957ABBA7B795A5B5DE.e.3442","ELEMENT":"f.31350D4C963CC80A9541720B3C5CD4D9.d.CB0FFBC63C6CD4957ABBA7B795A5B5DE.e.3442"}]}
COMMAND: GET /session/92e36b7f2589a9e1a7263b5f33980749/screenshot - {}
RESULT: {"using":"xpath","value":"//span[contains(@id ,\"title\")][contains(text(), \"WebdriverYard7gwyq\")]"}
RESULT: {"script":"<script> [5351 bytes]","args":[{"element-6066-11e4-a52e-4f735466cecf":"f.31350D4C963CC80A9541720B3C5CD4D9.d.CB0FFBC63C6CD4957ABBA7B795A5B5DE.e.3442","ELEMENT":"f.31350D4C963CC80A9541720B3C5CD4D9.d.CB0FFBC63C6CD4957ABBA7B795A5B5DE.e.3442"}]}
COMMAND: POST /session/92e36b7f2589a9e1a7263b5f33980749/element - {"using":"xpath","value":"//*[contains(@data-kt ,\"webshopDetailYardLink\")]"}
COMMAND: GET /session/92e36b7f2589a9e1a7263b5f33980749/screenshot - {}
RESULT: {}
RESULT: {"using":"xpath","value":"//*[contains(@data-kt ,\"webshopDetailYardLink\")]"}
COMMAND: POST /session/92e36b7f2589a9e1a7263b5f33980749/element/f.31350D4C963CC80A9541720B3C5CD4D9.d.CB0FFBC63C6CD4957ABBA7B795A5B5DE.e.3442/click - {}
COMMAND: POST /session/92e36b7f2589a9e1a7263b5f33980749/element - {"using":"xpath","value":"//span[contains(@id ,\"title\")][contains(text(), \"WebdriverYard7gwyq\")]"}
RESULT: {}
RESULT: {}
COMMAND: GET /session/92e36b7f2589a9e1a7263b5f33980749/screenshot - {}
RESULT: {"using":"xpath","value":"//span[contains(@id ,\"title\")][contains(text(), \"WebdriverYard7gwyq\")]"}
COMMAND: POST /session/92e36b7f2589a9e1a7263b5f33980749/execute/sync - {"script":"<script> [8489 bytes]","args":[{"element-6066-11e4-a52e-4f735466cecf":"f.31350D4C963CC80A9541720B3C5CD4D9.d.CB0FFBC63C6CD4957ABBA7B795A5B5DE.e.3445","ELEMENT":"f.31350D4C963CC80A9541720B3C5CD4D9.d.CB0FFBC63C6CD4957ABBA7B795A5B5DE.e.3445"}]}
RESULT: {}
RESULT: {"script":"<script> [8489 bytes]","args":[{"element-6066-11e4-a52e-4f735466cecf":"f.31350D4C963CC80A9541720B3C5CD4D9.d.CB0FFBC63C6CD4957ABBA7B795A5B5DE.e.3445","ELEMENT":"f.31350D4C963CC80A9541720B3C5CD4D9.d.CB0FFBC63C6CD4957ABBA7B795A5B5DE.e.3445"}]}
COMMAND: GET /session/92e36b7f2589a9e1a7263b5f33980749/screenshot - {}
RESULT: {}
COMMAND: POST /session/92e36b7f2589a9e1a7263b5f33980749/element - {"using":"xpath","value":"//*[contains(@data-kt ,\"ContextMenuId3Link\")][contains(text(), \"Yard Main Address\")]"}
RESULT: {"using":"xpath","value":"//*[contains(@data-kt ,\"ContextMenuId3Link\")][contains(text(), \"Yard Main Address\")]"}
COMMAND: POST /session/92e36b7f2589a9e1a7263b5f33980749/element/f.31350D4C963CC80A9541720B3C5CD4D9.d.CB0FFBC63C6CD4957ABBA7B795A5B5DE.e.3446/click - {}
RESULT: {}
COMMAND: GET /session/92e36b7f2589a9e1a7263b5f33980749/screenshot - {}
RESULT: {}
COMMAND: POST /session/92e36b7f2589a9e1a7263b5f33980749/execute/async - {"script":"<script> [1562 bytes]","args":[{"selector":{"id":"application-addressmanagement-display-component---masterAdm--title1"},"wdio_ui5_key":"applicationaddressmanagement-display-component---masterAdm--title1"}]}
RESULT: {"script":"<script> [1562 bytes]","args":[{"selector":{"id":"application-addressmanagement-display-component---masterAdm--title1"},"wdio_ui5_key":"applicationaddressmanagement-display-component---masterAdm--title1"}]}
RESULT: undefined
COMMAND: POST /session/92e36b7f2589a9e1a7263b5f33980749/execute/async - {"script":"<script> [6424 bytes]","args":[{"element-6066-11e4-a52e-4f735466cecf":"f.31350D4C963CC80A9541720B3C5CD4D9.d.CB0FFBC63C6CD4957ABBA7B795A5B5DE.e.3726"},"getText",[]]}
RESULT: {"script":"<script> [6424 bytes]","args":[{"element-6066-11e4-a52e-4f735466cecf":"f.31350D4C963CC80A9541720B3C5CD4D9.d.CB0FFBC63C6CD4957ABBA7B795A5B5DE.e.3726"},"getText",[]]}
COMMAND: POST /session/92e36b7f2589a9e1a7263b5f33980749/element - {"using":"xpath","value":"//span[contains(text(), \"WebdriverYardjjtihg\")][contains(@id ,\"application-addressmanagement-display-component---detailAdm--addressDetailDetailsName1\")]"}
RESULT: {"using":"xpath","value":"//span[contains(text(), \"WebdriverYardjjtihg\")][contains(@id ,\"application-addressmanagement-display-component---detailAdm--addressDetailDetailsName1\")]"}
COMMAND: POST /session/92e36b7f2589a9e1a7263b5f33980749/element - {"using":"xpath","value":"//span[contains(text(), \"WebdriverYardjjtihg\")][contains(@id ,\"application-addressmanagement-display-component---detailAdm--addressDetailDetailsName1\")]"}
RESULT: undefined
COMMAND: POST /session/92e36b7f2589a9e1a7263b5f33980749/element - {"using":"xpath","value":"//*[@id=\"backBtn\"]"}
RESULT: {"using":"xpath","value":"//span[contains(text(), \"WebdriverYardjjtihg\")][contains(@id ,\"application-addressmanagement-display-component---detailAdm--addressDetailDetailsName1\")]"}
RESULT: {"using":"xpath","value":"//*[@id=\"backBtn\"]"}
COMMAND: POST /session/92e36b7f2589a9e1a7263b5f33980749/element/f.31350D4C963CC80A9541720B3C5CD4D9.d.CB0FFBC63C6CD4957ABBA7B795A5B5DE.e.3278/click - {}
COMMAND: POST /session/92e36b7f2589a9e1a7263b5f33980749/element - {"using":"xpath","value":"//span[contains(text(), \"WebdriverYardjjtihg\")][contains(@id ,\"application-addressmanagement-display-component---detailAdm--addressDetailDetailsName1\")]"}
RESULT: {}
COMMAND: GET /session/92e36b7f2589a9e1a7263b5f33980749/screenshot - {}
RESULT: {"using":"xpath","value":"//span[contains(text(), \"WebdriverYardjjtihg\")][contains(@id ,\"application-addressmanagement-display-component---detailAdm--addressDetailDetailsName1\")]"}
RESULT: {}
COMMAND: POST /session/92e36b7f2589a9e1a7263b5f33980749/element - {"using":"xpath","value":"//span[contains(text(), \"WebdriverYardjjtihg\")][contains(@id ,\"application-addressmanagement-display-component---detailAdm--addressDetailDetailsName1\")]"}
RESULT: {"using":"xpath","value":"//span[contains(text(), \"WebdriverYardjjtihg\")][contains(@id ,\"application-addressmanagement-display-component---detailAdm--addressDetailDetailsName1\")]"}
COMMAND: POST /session/92e36b7f2589a9e1a7263b5f33980749/element - {"using":"xpath","value":"//span[contains(text(), \"WebdriverYardjjtihg\")][contains(@id ,\"application-addressmanagement-display-component---detailAdm--addressDetailDetailsName1\")]"}
RESULT: {"using":"xpath","value":"//span[contains(text(), \"WebdriverYardjjtihg\")][contains(@id ,\"application-addressmanagement-display-component---detailAdm--addressDetailDetailsName1\")]"}
COMMAND: POST /session/92e36b7f2589a9e1a7263b5f33980749/element - {"using":"xpath","value":"//span[contains(text(), \"WebdriverYardjjtihg\")][contains(@id ,\"application-addressmanagement-display-component---detailAdm--addressDetailDetailsName1\")]"}
RESULT: {"using":"xpath","value":"//span[contains(text(), \"WebdriverYardjjtihg\")][contains(@id ,\"application-addressmanagement-display-component---detailAdm--addressDetailDetailsName1\")]"}
COMMAND: POST /session/92e36b7f2589a9e1a7263b5f33980749/element - {"using":"xpath","value":"//span[contains(text(), \"WebdriverYardjjtihg\")][contains(@id ,\"application-addressmanagement-display-component---detailAdm--addressDetailDetailsName1\")]"}
RESULT: {"using":"xpath","value":"//span[contains(text(), \"WebdriverYardjjtihg\")][contains(@id ,\"application-addressmanagement-display-component---detailAdm--addressDetailDetailsName1\")]"}
COMMAND: POST /session/92e36b7f2589a9e1a7263b5f33980749/element - {"using":"xpath","value":"//span[contains(text(), \"WebdriverYardjjtihg\")][contains(@id ,\"application-addressmanagement-display-component---detailAdm--addressDetailDetailsName1\")]"}
RESULT: {"using":"xpath","value":"//span[contains(text(), \"WebdriverYardjjtihg\")][contains(@id ,\"application-addressmanagement-display-component---detailAdm--addressDetailDetailsName1\")]"}
COMMAND: POST /session/92e36b7f2589a9e1a7263b5f33980749/element - {"using":"xpath","value":"//span[contains(text(), \"WebdriverYardjjtihg\")][contains(@id ,\"application-addressmanagement-display-component---detailAdm--addressDetailDetailsName1\")]"}
RESULT: {"using":"xpath","value":"//span[contains(text(), \"WebdriverYardjjtihg\")][contains(@id ,\"application-addressmanagement-display-component---detailAdm--addressDetailDetailsName1\")]"}
COMMAND: POST /session/92e36b7f2589a9e1a7263b5f33980749/element - {"using":"xpath","value":"//span[contains(text(), \"WebdriverYardjjtihg\")][contains(@id ,\"application-addressmanagement-display-component---detailAdm--addressDetailDetailsName1\")]"}
RESULT: {"using":"xpath","value":"//span[contains(text(), \"WebdriverYardjjtihg\")][contains(@id ,\"application-addressmanagement-display-component---detailAdm--addressDetailDetailsName1\")]"}
COMMAND: POST /session/92e36b7f2589a9e1a7263b5f33980749/element - {"using":"xpath","value":"//span[contains(text(), \"WebdriverYardjjtihg\")][contains(@id ,\"application-addressmanagement-display-component---detailAdm--addressDetailDetailsName1\")]"}
RESULT: {"using":"xpath","value":"//span[contains(text(), \"WebdriverYardjjtihg\")][contains(@id ,\"application-addressmanagement-display-component---detailAdm--addressDetailDetailsName1\")]"}
COMMAND: POST /session/92e36b7f2589a9e1a7263b5f33980749/element - {"using":"xpath","value":"//span[contains(text(), \"WebdriverYardjjtihg\")][contains(@id ,\"application-addressmanagement-display-component---detailAdm--addressDetailDetailsName1\")]"}
RESULT: {"using":"xpath","value":"//span[contains(text(), \"WebdriverYardjjtihg\")][contains(@id ,\"application-addressmanagement-display-component---detailAdm--addressDetailDetailsName1\")]"}
COMMAND: POST /session/92e36b7f2589a9e1a7263b5f33980749/element - {"using":"xpath","value":"//span[contains(text(), \"WebdriverYardjjtihg\")][contains(@id ,\"application-addressmanagement-display-component---detailAdm--addressDetailDetailsName1\")]"}
RESULT: {"using":"xpath","value":"//span[contains(text(), \"WebdriverYardjjtihg\")][contains(@id ,\"application-addressmanagement-display-component---detailAdm--addressDetailDetailsName1\")]"}
COMMAND: POST /session/92e36b7f2589a9e1a7263b5f33980749/element - {"using":"xpath","value":"//span[contains(text(), \"WebdriverYardjjtihg\")][contains(@id ,\"application-addressmanagement-display-component---detailAdm--addressDetailDetailsName1\")]"}
RESULT: {"using":"xpath","value":"//span[contains(text(), \"WebdriverYardjjtihg\")][contains(@id ,\"application-addressmanagement-display-component---detailAdm--addressDetailDetailsName1\")]"}
COMMAND: POST /session/92e36b7f2589a9e1a7263b5f33980749/element - {"using":"xpath","value":"//span[contains(text(), \"WebdriverYardjjtihg\")][contains(@id ,\"application-addressmanagement-display-component---detailAdm--addressDetailDetailsName1\")]"}
RESULT: {"using":"xpath","value":"//span[contains(text(), \"WebdriverYardjjtihg\")][contains(@id ,\"application-addressmanagement-display-component---detailAdm--addressDetailDetailsName1\")]"}
COMMAND: POST /session/92e36b7f2589a9e1a7263b5f33980749/element - {"using":"xpath","value":"//span[contains(text(), \"WebdriverYardjjtihg\")][contains(@id ,\"application-addressmanagement-display-component---detailAdm--addressDetailDetailsName1\")]"}
RESULT: {"using":"xpath","value":"//span[contains(text(), \"WebdriverYardjjtihg\")][contains(@id ,\"application-addressmanagement-display-component---detailAdm--addressDetailDetailsName1\")]"}
COMMAND: POST /session/92e36b7f2589a9e1a7263b5f33980749/element - {"using":"xpath","value":"//span[contains(text(), \"WebdriverYardjjtihg\")][contains(@id ,\"application-addressmanagement-display-component---detailAdm--addressDetailDetailsName1\")]"}
RESULT: {"using":"xpath","value":"//span[contains(text(), \"WebdriverYardjjtihg\")][contains(@id ,\"application-addressmanagement-display-component---detailAdm--addressDetailDetailsName1\")]"}
COMMAND: POST /session/92e36b7f2589a9e1a7263b5f33980749/element - {"using":"xpath","value":"//span[contains(text(), \"WebdriverYardjjtihg\")][contains(@id ,\"application-addressmanagement-display-component---detailAdm--addressDetailDetailsName1\")]"}
RESULT: {"using":"xpath","value":"//span[contains(text(), \"WebdriverYardjjtihg\")][contains(@id ,\"application-addressmanagement-display-component---detailAdm--addressDetailDetailsName1\")]"}
COMMAND: POST /session/92e36b7f2589a9e1a7263b5f33980749/element - {"using":"xpath","value":"//span[contains(text(), \"WebdriverYardjjtihg\")][contains(@id ,\"application-addressmanagement-display-component---detailAdm--addressDetailDetailsName1\")]"}
RESULT: {"using":"xpath","value":"//span[contains(text(), \"WebdriverYardjjtihg\")][contains(@id ,\"application-addressmanagement-display-component---detailAdm--addressDetailDetailsName1\")]"}
COMMAND: POST /session/92e36b7f2589a9e1a7263b5f33980749/element - {"using":"xpath","value":"//span[contains(text(), \"WebdriverYardjjtihg\")][contains(@id ,\"application-addressmanagement-display-component---detailAdm--addressDetailDetailsName1\")]"}
RESULT: {"using":"xpath","value":"//span[contains(text(), \"WebdriverYardjjtihg\")][contains(@id ,\"application-addressmanagement-display-component---detailAdm--addressDetailDetailsName1\")]"}
COMMAND: POST /session/92e36b7f2589a9e1a7263b5f33980749/execute/sync - {"script":"<script> [8489 bytes]","args":[{"element-6066-11e4-a52e-4f735466cecf":"f.31350D4C963CC80A9541720B3C5CD4D9.d.CB0FFBC63C6CD4957ABBA7B795A5B5DE.e.3442","ELEMENT":"f.31350D4C963CC80A9541720B3C5CD4D9.d.CB0FFBC63C6CD4957ABBA7B795A5B5DE.e.3442"}]}
COMMAND: POST /session/92e36b7f2589a9e1a7263b5f33980749/element - {"using":"xpath","value":"//span[contains(text(), \"WebdriverYardjjtihg\")][contains(@id ,\"application-addressmanagement-display-component---detailAdm--addressDetailDetailsName1\")]"}
COMMAND: POST /session/92e36b7f2589a9e1a7263b5f33980749/element - {"using":"xpath","value":"//*[contains(@data-kt ,\"webshopDetailYardLink\")]"}
RESULT: {"using":"xpath","value":"//span[contains(text(), \"WebdriverYardjjtihg\")][contains(@id ,\"application-addressmanagement-display-component---detailAdm--addressDetailDetailsName1\")]"}
RESULT: {"using":"xpath","value":"//*[contains(@data-kt ,\"webshopDetailYardLink\")]"}
COMMAND: POST /session/92e36b7f2589a9e1a7263b5f33980749/execute/sync - {"script":"<script> [8489 bytes]","args":[{"element-6066-11e4-a52e-4f735466cecf":"f.31350D4C963CC80A9541720B3C5CD4D9.d.CB0FFBC63C6CD4957ABBA7B795A5B5DE.e.3858","ELEMENT":"f.31350D4C963CC80A9541720B3C5CD4D9.d.CB0FFBC63C6CD4957ABBA7B795A5B5DE.e.3858"}]}
RESULT: {"script":"<script> [8489 bytes]","args":[{"element-6066-11e4-a52e-4f735466cecf":"f.31350D4C963CC80A9541720B3C5CD4D9.d.CB0FFBC63C6CD4957ABBA7B795A5B5DE.e.3858","ELEMENT":"f.31350D4C963CC80A9541720B3C5CD4D9.d.CB0FFBC63C6CD4957ABBA7B795A5B5DE.e.3858"}]}
COMMAND: POST /session/92e36b7f2589a9e1a7263b5f33980749/execute/sync - {"script":"<script> [5351 bytes]","args":[{"element-6066-11e4-a52e-4f735466cecf":"f.31350D4C963CC80A9541720B3C5CD4D9.d.CB0FFBC63C6CD4957ABBA7B795A5B5DE.e.3858","ELEMENT":"f.31350D4C963CC80A9541720B3C5CD4D9.d.CB0FFBC63C6CD4957ABBA7B795A5B5DE.e.3858"}]}
RESULT: {"script":"<script> [5351 bytes]","args":[{"element-6066-11e4-a52e-4f735466cecf":"f.31350D4C963CC80A9541720B3C5CD4D9.d.CB0FFBC63C6CD4957ABBA7B795A5B5DE.e.3858","ELEMENT":"f.31350D4C963CC80A9541720B3C5CD4D9.d.CB0FFBC63C6CD4957ABBA7B795A5B5DE.e.3858"}]}
COMMAND: POST /session/92e36b7f2589a9e1a7263b5f33980749/element - {"using":"xpath","value":"//*[contains(@data-kt ,\"webshopDetailYardLink\")]"}
COMMAND: GET /session/92e36b7f2589a9e1a7263b5f33980749/screenshot - {}
COMMAND: GET /session/92e36b7f2589a9e1a7263b5f33980749/screenshot - {}
RESULT: {"using":"xpath","value":"//*[contains(@data-kt ,\"webshopDetailYardLink\")]"}
COMMAND: POST /session/92e36b7f2589a9e1a7263b5f33980749/element/f.31350D4C963CC80A9541720B3C5CD4D9.d.CB0FFBC63C6CD4957ABBA7B795A5B5DE.e.3858/click - {}
RESULT: {}
COMMAND: POST /session/92e36b7f2589a9e1a7263b5f33980749/element - {"using":"xpath","value":"//span[contains(text(), \"WebdriverYardjjtihg\")][contains(@id ,\"application-addressmanagement-display-component---detailAdm--addressDetailDetailsName1\")]"}
RESULT: {}
RESULT: {}
RESULT: {"using":"xpath","value":"//span[contains(text(), \"WebdriverYardjjtihg\")][contains(@id ,\"application-addressmanagement-display-component---detailAdm--addressDetailDetailsName1\")]"}
COMMAND: GET /session/92e36b7f2589a9e1a7263b5f33980749/screenshot - {}
RESULT: {}
COMMAND: POST /session/92e36b7f2589a9e1a7263b5f33980749/element - {"using":"xpath","value":"//span[contains(text(), \"WebdriverYardjjtihg\")][contains(@id ,\"application-addressmanagement-display-component---detailAdm--addressDetailDetailsName1\")]"}
RESULT: {"using":"xpath","value":"//span[contains(text(), \"WebdriverYardjjtihg\")][contains(@id ,\"application-addressmanagement-display-component---detailAdm--addressDetailDetailsName1\")]"}
COMMAND: POST /session/92e36b7f2589a9e1a7263b5f33980749/element - {"using":"xpath","value":"//span[contains(text(), \"WebdriverYardjjtihg\")][contains(@id ,\"application-addressmanagement-display-component---detailAdm--addressDetailDetailsName1\")]"}
RESULT: {"using":"xpath","value":"//span[contains(text(), \"WebdriverYardjjtihg\")][contains(@id ,\"application-addressmanagement-display-component---detailAdm--addressDetailDetailsName1\")]"}
COMMAND: POST /session/92e36b7f2589a9e1a7263b5f33980749/element - {"using":"xpath","value":"//span[contains(text(), \"WebdriverYardjjtihg\")][contains(@id ,\"application-addressmanagement-display-component---detailAdm--addressDetailDetailsName1\")]"}
RESULT: {"using":"xpath","value":"//span[contains(text(), \"WebdriverYardjjtihg\")][contains(@id ,\"application-addressmanagement-display-component---detailAdm--addressDetailDetailsName1\")]"}
COMMAND: POST /session/92e36b7f2589a9e1a7263b5f33980749/element - {"using":"xpath","value":"//button[contains(@data-kt ,\"ContextMenuExternalId2Link\")]"}
RESULT: {"using":"xpath","value":"//button[contains(@data-kt ,\"ContextMenuExternalId2Link\")]"}
COMMAND: POST /session/92e36b7f2589a9e1a7263b5f33980749/element/f.31350D4C963CC80A9541720B3C5CD4D9.d.CB0FFBC63C6CD4957ABBA7B795A5B5DE.e.3859/click - {}
COMMAND: POST /session/92e36b7f2589a9e1a7263b5f33980749/element - {"using":"xpath","value":"//span[contains(text(), \"WebdriverYardjjtihg\")][contains(@id ,\"application-addressmanagement-display-component---detailAdm--addressDetailDetailsName1\")]"}
RESULT: {}
RESULT: {"using":"xpath","value":"//span[contains(text(), \"WebdriverYardjjtihg\")][contains(@id ,\"application-addressmanagement-display-component---detailAdm--addressDetailDetailsName1\")]"}
COMMAND: GET /session/92e36b7f2589a9e1a7263b5f33980749/screenshot - {}
RESULT: {}
COMMAND: POST /session/92e36b7f2589a9e1a7263b5f33980749/element - {"using":"xpath","value":"//span[contains(text(), \"WebdriverYardjjtihg\")][contains(@id ,\"application-addressmanagement-display-component---detailAdm--addressDetailDetailsName1\")]"}
RESULT: {"using":"xpath","value":"//span[contains(text(), \"WebdriverYardjjtihg\")][contains(@id ,\"application-addressmanagement-display-component---detailAdm--addressDetailDetailsName1\")]"}
COMMAND: POST /session/92e36b7f2589a9e1a7263b5f33980749/element - {"using":"xpath","value":"//span[contains(text(), \"WebdriverYardjjtihg\")][contains(@id ,\"application-addressmanagement-display-component---detailAdm--addressDetailDetailsName1\")]"}
RESULT: {"using":"xpath","value":"//span[contains(text(), \"WebdriverYardjjtihg\")][contains(@id ,\"application-addressmanagement-display-component---detailAdm--addressDetailDetailsName1\")]"}
COMMAND: POST /session/92e36b7f2589a9e1a7263b5f33980749/element - {"using":"xpath","value":"//span[contains(text(), \"WebdriverYardjjtihg\")][contains(@id ,\"application-addressmanagement-display-component---detailAdm--addressDetailDetailsName1\")]"}
RESULT: {"using":"xpath","value":"//span[contains(text(), \"WebdriverYardjjtihg\")][contains(@id ,\"application-addressmanagement-display-component---detailAdm--addressDetailDetailsName1\")]"}
COMMAND: POST /session/92e36b7f2589a9e1a7263b5f33980749/element - {"using":"xpath","value":"//span[contains(text(), \"WebdriverYardjjtihg\")][contains(@id ,\"application-addressmanagement-display-component---detailAdm--addressDetailDetailsName1\")]"}
RESULT: {"using":"xpath","value":"//span[contains(text(), \"WebdriverYardjjtihg\")][contains(@id ,\"application-addressmanagement-display-component---detailAdm--addressDetailDetailsName1\")]"}
COMMAND: POST /session/92e36b7f2589a9e1a7263b5f33980749/element - {"using":"xpath","value":"//span[contains(text(), \"WebdriverYardjjtihg\")][contains(@id ,\"application-addressmanagement-display-component---detailAdm--addressDetailDetailsName1\")]"}
RESULT: {"using":"xpath","value":"//span[contains(text(), \"WebdriverYardjjtihg\")][contains(@id ,\"application-addressmanagement-display-component---detailAdm--addressDetailDetailsName1\")]"}
COMMAND: POST /session/92e36b7f2589a9e1a7263b5f33980749/element - {"using":"xpath","value":"//span[contains(text(), \"WebdriverYardjjtihg\")][contains(@id ,\"application-addressmanagement-display-component---detailAdm--addressDetailDetailsName1\")]"}
RESULT: {"using":"xpath","value":"//span[contains(text(), \"WebdriverYardjjtihg\")][contains(@id ,\"application-addressmanagement-display-component---detailAdm--addressDetailDetailsName1\")]"}
COMMAND: POST /session/92e36b7f2589a9e1a7263b5f33980749/element - {"using":"xpath","value":"//span[contains(text(), \"WebdriverYardjjtihg\")][contains(@id ,\"application-addressmanagement-display-component---detailAdm--addressDetailDetailsName1\")]"}
RESULT: {"using":"xpath","value":"//span[contains(text(), \"WebdriverYardjjtihg\")][contains(@id ,\"application-addressmanagement-display-component---detailAdm--addressDetailDetailsName1\")]"}
COMMAND: POST /session/92e36b7f2589a9e1a7263b5f33980749/element - {"using":"xpath","value":"//span[contains(text(), \"WebdriverYardjjtihg\")][contains(@id ,\"application-addressmanagement-display-component---detailAdm--addressDetailDetailsName1\")]"}
RESULT: {"using":"xpath","value":"//span[contains(text(), \"WebdriverYardjjtihg\")][contains(@id ,\"application-addressmanagement-display-component---detailAdm--addressDetailDetailsName1\")]"}
COMMAND: POST /session/92e36b7f2589a9e1a7263b5f33980749/element - {"using":"xpath","value":"//span[contains(text(), \"WebdriverYardjjtihg\")][contains(@id ,\"application-addressmanagement-display-component---detailAdm--addressDetailDetailsName1\")]"}
RESULT: {"using":"xpath","value":"//span[contains(text(), \"WebdriverYardjjtihg\")][contains(@id ,\"application-addressmanagement-display-component---detailAdm--addressDetailDetailsName1\")]"}
COMMAND: POST /session/92e36b7f2589a9e1a7263b5f33980749/element - {"using":"xpath","value":"//span[contains(text(), \"WebdriverYardjjtihg\")][contains(@id ,\"application-addressmanagement-display-component---detailAdm--addressDetailDetailsName1\")]"}
RESULT: {"using":"xpath","value":"//span[contains(text(), \"WebdriverYardjjtihg\")][contains(@id ,\"application-addressmanagement-display-component---detailAdm--addressDetailDetailsName1\")]"}
COMMAND: POST /session/92e36b7f2589a9e1a7263b5f33980749/element - {"using":"xpath","value":"//span[contains(text(), \"WebdriverYardjjtihg\")][contains(@id ,\"application-addressmanagement-display-component---detailAdm--addressDetailDetailsName1\")]"}
RESULT: {"using":"xpath","value":"//span[contains(text(), \"WebdriverYardjjtihg\")][contains(@id ,\"application-addressmanagement-display-component---detailAdm--addressDetailDetailsName1\")]"}
COMMAND: POST /session/92e36b7f2589a9e1a7263b5f33980749/element - {"using":"xpath","value":"//span[contains(text(), \"WebdriverYardjjtihg\")][contains(@id ,\"application-addressmanagement-display-component---detailAdm--addressDetailDetailsName1\")]"}
RESULT: {"using":"xpath","value":"//span[contains(text(), \"WebdriverYardjjtihg\")][contains(@id ,\"application-addressmanagement-display-component---detailAdm--addressDetailDetailsName1\")]"}
COMMAND: POST /session/92e36b7f2589a9e1a7263b5f33980749/element - {"using":"xpath","value":"//span[contains(text(), \"WebdriverYardjjtihg\")][contains(@id ,\"application-addressmanagement-display-component---detailAdm--addressDetailDetailsName1\")]"}
COMMAND: GET /session/92e36b7f2589a9e1a7263b5f33980749/window/handles - {}
RESULT: {"using":"xpath","value":"//span[contains(text(), \"WebdriverYardjjtihg\")][contains(@id ,\"application-addressmanagement-display-component---detailAdm--addressDetailDetailsName1\")]"}
RESULT: {}
COMMAND: POST /session/92e36b7f2589a9e1a7263b5f33980749/window - {"handle":"F68C00B171E4E7BCBD4351077A443307"}
RESULT: {"handle":"F68C00B171E4E7BCBD4351077A443307"}
COMMAND: GET /session/92e36b7f2589a9e1a7263b5f33980749/url - {}
RESULT: {}
COMMAND: GET /session/92e36b7f2589a9e1a7263b5f33980749/screenshot - {}
COMMAND: POST /session/92e36b7f2589a9e1a7263b5f33980749/element - {"using":"xpath","value":"//span[contains(text(), \"WebdriverYardjjtihg\")][contains(@id ,\"application-addressmanagement-display-component---detailAdm--addressDetailDetailsName1\")]"}
RESULT: {}
RESULT: {"using":"xpath","value":"//span[contains(text(), \"WebdriverYardjjtihg\")][contains(@id ,\"application-addressmanagement-display-component---detailAdm--addressDetailDetailsName1\")]"}
COMMAND: POST /session/92e36b7f2589a9e1a7263b5f33980749/element - {"using":"xpath","value":"//span[contains(text(), \"WebdriverYardjjtihg\")][contains(@id ,\"application-addressmanagement-display-component---detailAdm--addressDetailDetailsName1\")]"}
RESULT: {"using":"xpath","value":"//span[contains(text(), \"WebdriverYardjjtihg\")][contains(@id ,\"application-addressmanagement-display-component---detailAdm--addressDetailDetailsName1\")]"}
COMMAND: POST /session/92e36b7f2589a9e1a7263b5f33980749/element - {"using":"xpath","value":"//span[contains(text(), \"WebdriverYardjjtihg\")][contains(@id ,\"application-addressmanagement-display-component---detailAdm--addressDetailDetailsName1\")]"}
RESULT: {"using":"xpath","value":"//span[contains(text(), \"WebdriverYardjjtihg\")][contains(@id ,\"application-addressmanagement-display-component---detailAdm--addressDetailDetailsName1\")]"}
COMMAND: POST /session/92e36b7f2589a9e1a7263b5f33980749/element - {"using":"xpath","value":"//span[contains(text(), \"WebdriverYardjjtihg\")][contains(@id ,\"application-addressmanagement-display-component---detailAdm--addressDetailDetailsName1\")]"}
RESULT: {"using":"xpath","value":"//span[contains(text(), \"WebdriverYardjjtihg\")][contains(@id ,\"application-addressmanagement-display-component---detailAdm--addressDetailDetailsName1\")]"}
COMMAND: POST /session/92e36b7f2589a9e1a7263b5f33980749/element - {"using":"xpath","value":"//span[contains(text(), \"WebdriverYardjjtihg\")][contains(@id ,\"application-addressmanagement-display-component---detailAdm--addressDetailDetailsName1\")]"}
RESULT: {"using":"xpath","value":"//span[contains(text(), \"WebdriverYardjjtihg\")][contains(@id ,\"application-addressmanagement-display-component---detailAdm--addressDetailDetailsName1\")]"}
COMMAND: POST /session/92e36b7f2589a9e1a7263b5f33980749/element - {"using":"xpath","value":"//span[contains(text(), \"WebdriverYardjjtihg\")][contains(@id ,\"application-addressmanagement-display-component---detailAdm--addressDetailDetailsName1\")]"}
RESULT: {"using":"xpath","value":"//span[contains(text(), \"WebdriverYardjjtihg\")][contains(@id ,\"application-addressmanagement-display-component---detailAdm--addressDetailDetailsName1\")]"}
COMMAND: POST /session/92e36b7f2589a9e1a7263b5f33980749/element - {"using":"xpath","value":"//span[contains(text(), \"WebdriverYardjjtihg\")][contains(@id ,\"application-addressmanagement-display-component---detailAdm--addressDetailDetailsName1\")]"}
RESULT: {"using":"xpath","value":"//span[contains(text(), \"WebdriverYardjjtihg\")][contains(@id ,\"application-addressmanagement-display-component---detailAdm--addressDetailDetailsName1\")]"}
COMMAND: POST /session/92e36b7f2589a9e1a7263b5f33980749/element - {"using":"xpath","value":"//span[contains(text(), \"WebdriverYardjjtihg\")][contains(@id ,\"application-addressmanagement-display-component---detailAdm--addressDetailDetailsName1\")]"}
RESULT: {"using":"xpath","value":"//span[contains(text(), \"WebdriverYardjjtihg\")][contains(@id ,\"application-addressmanagement-display-component---detailAdm--addressDetailDetailsName1\")]"}
COMMAND: POST /session/92e36b7f2589a9e1a7263b5f33980749/element - {"using":"xpath","value":"//span[contains(text(), \"WebdriverYardjjtihg\")][contains(@id ,\"application-addressmanagement-display-component---detailAdm--addressDetailDetailsName1\")]"}
RESULT: {"using":"xpath","value":"//span[contains(text(), \"WebdriverYardjjtihg\")][contains(@id ,\"application-addressmanagement-display-component---detailAdm--addressDetailDetailsName1\")]"}
COMMAND: POST /session/92e36b7f2589a9e1a7263b5f33980749/element - {"using":"xpath","value":"//span[contains(text(), \"WebdriverYardjjtihg\")][contains(@id ,\"application-addressmanagement-display-component---detailAdm--addressDetailDetailsName1\")]"}
RESULT: {"using":"xpath","value":"//span[contains(text(), \"WebdriverYardjjtihg\")][contains(@id ,\"application-addressmanagement-display-component---detailAdm--addressDetailDetailsName1\")]"}
COMMAND: POST /session/92e36b7f2589a9e1a7263b5f33980749/element - {"using":"xpath","value":"//span[contains(text(), \"WebdriverYardjjtihg\")][contains(@id ,\"application-addressmanagement-display-component---detailAdm--addressDetailDetailsName1\")]"}
RESULT: {"using":"xpath","value":"//span[contains(text(), \"WebdriverYardjjtihg\")][contains(@id ,\"application-addressmanagement-display-component---detailAdm--addressDetailDetailsName1\")]"}
COMMAND: POST /session/92e36b7f2589a9e1a7263b5f33980749/element - {"using":"xpath","value":"//span[contains(text(), \"WebdriverYardjjtihg\")][contains(@id ,\"application-addressmanagement-display-component---detailAdm--addressDetailDetailsName1\")]"}
RESULT: {"using":"xpath","value":"//span[contains(text(), \"WebdriverYardjjtihg\")][contains(@id ,\"application-addressmanagement-display-component---detailAdm--addressDetailDetailsName1\")]"}
COMMAND: POST /session/92e36b7f2589a9e1a7263b5f33980749/element - {"using":"xpath","value":"//span[contains(text(), \"WebdriverYardjjtihg\")][contains(@id ,\"application-addressmanagement-display-component---detailAdm--addressDetailDetailsName1\")]"}
RESULT: {"using":"xpath","value":"//span[contains(text(), \"WebdriverYardjjtihg\")][contains(@id ,\"application-addressmanagement-display-component---detailAdm--addressDetailDetailsName1\")]"}
COMMAND: POST /session/92e36b7f2589a9e1a7263b5f33980749/execute/sync - {"script":"<script> [8489 bytes]","args":[{"element-6066-11e4-a52e-4f735466cecf":"f.31350D4C963CC80A9541720B3C5CD4D9.d.CB0FFBC63C6CD4957ABBA7B795A5B5DE.e.3445","ELEMENT":"f.31350D4C963CC80A9541720B3C5CD4D9.d.CB0FFBC63C6CD4957ABBA7B795A5B5DE.e.3445"}]}
COMMAND: DELETE /session/92e36b7f2589a9e1a7263b5f33980749/window - {}
RESULT: {}
COMMAND: POST /session/92e36b7f2589a9e1a7263b5f33980749/window - {"handle":"31350D4C963CC80A9541720B3C5CD4D9"}
RESULT: {"handle":"31350D4C963CC80A9541720B3C5CD4D9"}
COMMAND: GET /session/92e36b7f2589a9e1a7263b5f33980749/url - {}
COMMAND: POST /session/92e36b7f2589a9e1a7263b5f33980749/element - {"using":"xpath","value":"//span[contains(@id ,\"title\")][contains(text(), \"WebdriverYard7gwyq\")]"}
RESULT: {}
COMMAND: POST /session/92e36b7f2589a9e1a7263b5f33980749/element - {"using":"xpath","value":"//span[contains(text(), \"WebdriverYardjjtihg\")][contains(@id ,\"application-addressmanagement-display-component---detailAdm--addressDetailDetailsName1\")]"}
COMMAND: GET /session/92e36b7f2589a9e1a7263b5f33980749/screenshot - {}
RESULT: {"using":"xpath","value":"//span[contains(@id ,\"title\")][contains(text(), \"WebdriverYard7gwyq\")]"}
COMMAND: POST /session/92e36b7f2589a9e1a7263b5f33980749/execute/sync - {"script":"<script> [8489 bytes]","args":[{"element-6066-11e4-a52e-4f735466cecf":"f.31350D4C963CC80A9541720B3C5CD4D9.d.CB0FFBC63C6CD4957ABBA7B795A5B5DE.e.3889","ELEMENT":"f.31350D4C963CC80A9541720B3C5CD4D9.d.CB0FFBC63C6CD4957ABBA7B795A5B5DE.e.3889"}]}
RESULT: {"using":"xpath","value":"//span[contains(text(), \"WebdriverYardjjtihg\")][contains(@id ,\"application-addressmanagement-display-component---detailAdm--addressDetailDetailsName1\")]"}
RESULT: {}
RESULT: {"script":"<script> [8489 bytes]","args":[{"element-6066-11e4-a52e-4f735466cecf":"f.31350D4C963CC80A9541720B3C5CD4D9.d.CB0FFBC63C6CD4957ABBA7B795A5B5DE.e.3889","ELEMENT":"f.31350D4C963CC80A9541720B3C5CD4D9.d.CB0FFBC63C6CD4957ABBA7B795A5B5DE.e.3889"}]}
COMMAND: GET /session/92e36b7f2589a9e1a7263b5f33980749/screenshot - {}
COMMAND: POST /session/92e36b7f2589a9e1a7263b5f33980749/element - {"using":"xpath","value":"//span[contains(text(), \"WebdriverYardjjtihg\")][contains(@id ,\"application-addressmanagement-display-component---detailAdm--addressDetailDetailsName1\")]"}
RESULT: {}
RESULT: {"using":"xpath","value":"//span[contains(text(), \"WebdriverYardjjtihg\")][contains(@id ,\"application-addressmanagement-display-component---detailAdm--addressDetailDetailsName1\")]"}
COMMAND: POST /session/92e36b7f2589a9e1a7263b5f33980749/element - {"using":"xpath","value":"//span[contains(text(), \"WebdriverYardjjtihg\")][contains(@id ,\"application-addressmanagement-display-component---detailAdm--addressDetailDetailsName1\")]"}
RESULT: {"using":"xpath","value":"//span[contains(text(), \"WebdriverYardjjtihg\")][contains(@id ,\"application-addressmanagement-display-component---detailAdm--addressDetailDetailsName1\")]"}
COMMAND: POST /session/92e36b7f2589a9e1a7263b5f33980749/element - {"using":"xpath","value":"//span[contains(text(), \"WebdriverYardjjtihg\")][contains(@id ,\"application-addressmanagement-display-component---detailAdm--addressDetailDetailsName1\")]"}
RESULT: {"using":"xpath","value":"//span[contains(text(), \"WebdriverYardjjtihg\")][contains(@id ,\"application-addressmanagement-display-component---detailAdm--addressDetailDetailsName1\")]"}
COMMAND: POST /session/92e36b7f2589a9e1a7263b5f33980749/element - {"using":"xpath","value":"//span[contains(text(), \"WebdriverYardjjtihg\")][contains(@id ,\"application-addressmanagement-display-component---detailAdm--addressDetailDetailsName1\")]"}
RESULT: {"using":"xpath","value":"//span[contains(text(), \"WebdriverYardjjtihg\")][contains(@id ,\"application-addressmanagement-display-component---detailAdm--addressDetailDetailsName1\")]"}
COMMAND: POST /session/92e36b7f2589a9e1a7263b5f33980749/element - {"using":"xpath","value":"//span[contains(text(), \"WebdriverYardjjtihg\")][contains(@id ,\"application-addressmanagement-display-component---detailAdm--addressDetailDetailsName1\")]"}
RESULT: {"using":"xpath","value":"//span[contains(text(), \"WebdriverYardjjtihg\")][contains(@id ,\"application-addressmanagement-display-component---detailAdm--addressDetailDetailsName1\")]"}
COMMAND: POST /session/92e36b7f2589a9e1a7263b5f33980749/element - {"using":"xpath","value":"//span[contains(text(), \"WebdriverYardjjtihg\")][contains(@id ,\"application-addressmanagement-display-component---detailAdm--addressDetailDetailsName1\")]"}
RESULT: {"using":"xpath","value":"//span[contains(text(), \"WebdriverYardjjtihg\")][contains(@id ,\"application-addressmanagement-display-component---detailAdm--addressDetailDetailsName1\")]"}
COMMAND: POST /session/92e36b7f2589a9e1a7263b5f33980749/element - {"using":"xpath","value":"//button[contains(@data-kt ,\"ContextMenuExternalId3Link\")]"}
RESULT: {"using":"xpath","value":"//button[contains(@data-kt ,\"ContextMenuExternalId3Link\")]"}
COMMAND: POST /session/92e36b7f2589a9e1a7263b5f33980749/element/f.31350D4C963CC80A9541720B3C5CD4D9.d.CB0FFBC63C6CD4957ABBA7B795A5B5DE.e.3890/click - {}
RESULT: {}
COMMAND: GET /session/92e36b7f2589a9e1a7263b5f33980749/screenshot - {}
RESULT: {}
COMMAND: GET /session/92e36b7f2589a9e1a7263b5f33980749/window/handles - {}
RESULT: {}
COMMAND: POST /session/92e36b7f2589a9e1a7263b5f33980749/window - {"handle":"69A2D76584FBFD77CB4575F4802466B2"}
RESULT: {"handle":"69A2D76584FBFD77CB4575F4802466B2"}
COMMAND: GET /session/92e36b7f2589a9e1a7263b5f33980749/url - {}
RESULT: {}
COMMAND: GET /session/92e36b7f2589a9e1a7263b5f33980749/screenshot - {}
RESULT: {}
COMMAND: POST /session/92e36b7f2589a9e1a7263b5f33980749/element - {"using":"xpath","value":"//span[contains(text(), \"WebdriverYardjjtihg\")][contains(@id ,\"application-addressmanagement-display-component---detailAdm--addressDetailDetailsName1\")]"}
COMMAND: DELETE /session/92e36b7f2589a9e1a7263b5f33980749/window - {}
RESULT: {}
COMMAND: POST /session/92e36b7f2589a9e1a7263b5f33980749/window - {"handle":"31350D4C963CC80A9541720B3C5CD4D9"}
RESULT: {"handle":"31350D4C963CC80A9541720B3C5CD4D9"}
COMMAND: GET /session/92e36b7f2589a9e1a7263b5f33980749/url - {}
RESULT: {"using":"xpath","value":"//span[contains(text(), \"WebdriverYardjjtihg\")][contains(@id ,\"application-addressmanagement-display-component---detailAdm--addressDetailDetailsName1\")]"}
RESULT: {}
COMMAND: GET /session/92e36b7f2589a9e1a7263b5f33980749/screenshot - {}
COMMAND: POST /session/92e36b7f2589a9e1a7263b5f33980749/element - {"using":"xpath","value":"//span[contains(text(), \"WebdriverYardjjtihg\")][contains(@id ,\"application-addressmanagement-display-component---detailAdm--addressDetailDetailsName1\")]"}
RESULT: {}
RESULT: {"using":"xpath","value":"//span[contains(text(), \"WebdriverYardjjtihg\")][contains(@id ,\"application-addressmanagement-display-component---detailAdm--addressDetailDetailsName1\")]"}
COMMAND: POST /session/92e36b7f2589a9e1a7263b5f33980749/element - {"using":"xpath","value":"//span[contains(text(), \"WebdriverYardjjtihg\")][contains(@id ,\"application-addressmanagement-display-component---detailAdm--addressDetailDetailsName1\")]"}
RESULT: {"using":"xpath","value":"//span[contains(text(), \"WebdriverYardjjtihg\")][contains(@id ,\"application-addressmanagement-display-component---detailAdm--addressDetailDetailsName1\")]"}
COMMAND: POST /session/92e36b7f2589a9e1a7263b5f33980749/element - {"using":"xpath","value":"//span[contains(text(), \"WebdriverYardjjtihg\")][contains(@id ,\"application-addressmanagement-display-component---detailAdm--addressDetailDetailsName1\")]"}
RESULT: {"using":"xpath","value":"//span[contains(text(), \"WebdriverYardjjtihg\")][contains(@id ,\"application-addressmanagement-display-component---detailAdm--addressDetailDetailsName1\")]"}
COMMAND: POST /session/92e36b7f2589a9e1a7263b5f33980749/element - {"using":"xpath","value":"//span[contains(text(), \"WebdriverYardjjtihg\")][contains(@id ,\"application-addressmanagement-display-component---detailAdm--addressDetailDetailsName1\")]"}
RESULT: {"using":"xpath","value":"//span[contains(text(), \"WebdriverYardjjtihg\")][contains(@id ,\"application-addressmanagement-display-component---detailAdm--addressDetailDetailsName1\")]"}
COMMAND: POST /session/92e36b7f2589a9e1a7263b5f33980749/element - {"using":"xpath","value":"//span[contains(text(), \"WebdriverYardjjtihg\")][contains(@id ,\"application-addressmanagement-display-component---detailAdm--addressDetailDetailsName1\")]"}
RESULT: {"using":"xpath","value":"//span[contains(text(), \"WebdriverYardjjtihg\")][contains(@id ,\"application-addressmanagement-display-component---detailAdm--addressDetailDetailsName1\")]"}
COMMAND: POST /session/92e36b7f2589a9e1a7263b5f33980749/element - {"using":"xpath","value":"//span[contains(text(), \"WebdriverYardjjtihg\")][contains(@id ,\"application-addressmanagement-display-component---detailAdm--addressDetailDetailsName1\")]"}
RESULT: {"using":"xpath","value":"//span[contains(text(), \"WebdriverYardjjtihg\")][contains(@id ,\"application-addressmanagement-display-component---detailAdm--addressDetailDetailsName1\")]"}
COMMAND: POST /session/92e36b7f2589a9e1a7263b5f33980749/element - {"using":"xpath","value":"//span[contains(text(), \"WebdriverYardjjtihg\")][contains(@id ,\"application-addressmanagement-display-component---detailAdm--addressDetailDetailsName1\")]"}
RESULT: {"using":"xpath","value":"//span[contains(text(), \"WebdriverYardjjtihg\")][contains(@id ,\"application-addressmanagement-display-component---detailAdm--addressDetailDetailsName1\")]"}
COMMAND: POST /session/92e36b7f2589a9e1a7263b5f33980749/element - {"using":"xpath","value":"//span[contains(text(), \"WebdriverYardjjtihg\")][contains(@id ,\"application-addressmanagement-display-component---detailAdm--addressDetailDetailsName1\")]"}
RESULT: {"using":"xpath","value":"//span[contains(text(), \"WebdriverYardjjtihg\")][contains(@id ,\"application-addressmanagement-display-component---detailAdm--addressDetailDetailsName1\")]"}
COMMAND: POST /session/92e36b7f2589a9e1a7263b5f33980749/element - {"using":"xpath","value":"//span[contains(text(), \"WebdriverYardjjtihg\")][contains(@id ,\"application-addressmanagement-display-component---detailAdm--addressDetailDetailsName1\")]"}
RESULT: {"using":"xpath","value":"//span[contains(text(), \"WebdriverYardjjtihg\")][contains(@id ,\"application-addressmanagement-display-component---detailAdm--addressDetailDetailsName1\")]"}
]]></system-out>
    </testcase>
    <testcase classname="chrome.136_0_7103_93.windows.Webshop_-_Hyperlinks_visible_and_working_properly__US139085" name="Shpuld verify site hyperlinks" time="231.096">
      <system-out><![CDATA[
COMMAND: POST /session/92e36b7f2589a9e1a7263b5f33980749/element - {"using":"xpath","value":"//*[contains(@data-kt ,\"webshopDetailSiteLink\")]"}
RESULT: {"using":"xpath","value":"//*[contains(@data-kt ,\"webshopDetailSiteLink\")]"}
COMMAND: POST /session/92e36b7f2589a9e1a7263b5f33980749/execute/sync - {"script":"<script> [8489 bytes]","args":[{"element-6066-11e4-a52e-4f735466cecf":"f.31350D4C963CC80A9541720B3C5CD4D9.d.CB0FFBC63C6CD4957ABBA7B795A5B5DE.e.4098","ELEMENT":"f.31350D4C963CC80A9541720B3C5CD4D9.d.CB0FFBC63C6CD4957ABBA7B795A5B5DE.e.4098"}]}
RESULT: {"script":"<script> [8489 bytes]","args":[{"element-6066-11e4-a52e-4f735466cecf":"f.31350D4C963CC80A9541720B3C5CD4D9.d.CB0FFBC63C6CD4957ABBA7B795A5B5DE.e.4098","ELEMENT":"f.31350D4C963CC80A9541720B3C5CD4D9.d.CB0FFBC63C6CD4957ABBA7B795A5B5DE.e.4098"}]}
COMMAND: POST /session/92e36b7f2589a9e1a7263b5f33980749/execute/sync - {"script":"<script> [5351 bytes]","args":[{"element-6066-11e4-a52e-4f735466cecf":"f.31350D4C963CC80A9541720B3C5CD4D9.d.CB0FFBC63C6CD4957ABBA7B795A5B5DE.e.4098","ELEMENT":"f.31350D4C963CC80A9541720B3C5CD4D9.d.CB0FFBC63C6CD4957ABBA7B795A5B5DE.e.4098"}]}
COMMAND: GET /session/92e36b7f2589a9e1a7263b5f33980749/screenshot - {}
RESULT: {"script":"<script> [5351 bytes]","args":[{"element-6066-11e4-a52e-4f735466cecf":"f.31350D4C963CC80A9541720B3C5CD4D9.d.CB0FFBC63C6CD4957ABBA7B795A5B5DE.e.4098","ELEMENT":"f.31350D4C963CC80A9541720B3C5CD4D9.d.CB0FFBC63C6CD4957ABBA7B795A5B5DE.e.4098"}]}
COMMAND: POST /session/92e36b7f2589a9e1a7263b5f33980749/element - {"using":"xpath","value":"//*[contains(@data-kt ,\"webshopDetailSiteLink\")]"}
COMMAND: GET /session/92e36b7f2589a9e1a7263b5f33980749/screenshot - {}
COMMAND: POST /session/92e36b7f2589a9e1a7263b5f33980749/element - {"using":"xpath","value":"//span[contains(text(), \"WebdriverYardjjtihg\")][contains(@id ,\"application-addressmanagement-display-component---detailAdm--addressDetailDetailsName1\")]"}
RESULT: {}
RESULT: {"using":"xpath","value":"//*[contains(@data-kt ,\"webshopDetailSiteLink\")]"}
COMMAND: POST /session/92e36b7f2589a9e1a7263b5f33980749/element/f.31350D4C963CC80A9541720B3C5CD4D9.d.CB0FFBC63C6CD4957ABBA7B795A5B5DE.e.4098/click - {}
RESULT: {}
RESULT: {"using":"xpath","value":"//span[contains(text(), \"WebdriverYardjjtihg\")][contains(@id ,\"application-addressmanagement-display-component---detailAdm--addressDetailDetailsName1\")]"}
RESULT: {}
COMMAND: GET /session/92e36b7f2589a9e1a7263b5f33980749/screenshot - {}
RESULT: {}
COMMAND: POST /session/92e36b7f2589a9e1a7263b5f33980749/element - {"using":"xpath","value":"//span[contains(text(), \"WebdriverYardjjtihg\")][contains(@id ,\"application-addressmanagement-display-component---detailAdm--addressDetailDetailsName1\")]"}
RESULT: {"using":"xpath","value":"//span[contains(text(), \"WebdriverYardjjtihg\")][contains(@id ,\"application-addressmanagement-display-component---detailAdm--addressDetailDetailsName1\")]"}
COMMAND: POST /session/92e36b7f2589a9e1a7263b5f33980749/element - {"using":"xpath","value":"//span[contains(text(), \"WebdriverYardjjtihg\")][contains(@id ,\"application-addressmanagement-display-component---detailAdm--addressDetailDetailsName1\")]"}
RESULT: {"using":"xpath","value":"//span[contains(text(), \"WebdriverYardjjtihg\")][contains(@id ,\"application-addressmanagement-display-component---detailAdm--addressDetailDetailsName1\")]"}
COMMAND: POST /session/92e36b7f2589a9e1a7263b5f33980749/element - {"using":"xpath","value":"//span[contains(text(), \"WebdriverYardjjtihg\")][contains(@id ,\"application-addressmanagement-display-component---detailAdm--addressDetailDetailsName1\")]"}
RESULT: {"using":"xpath","value":"//span[contains(text(), \"WebdriverYardjjtihg\")][contains(@id ,\"application-addressmanagement-display-component---detailAdm--addressDetailDetailsName1\")]"}
COMMAND: POST /session/92e36b7f2589a9e1a7263b5f33980749/element - {"using":"xpath","value":"//span[contains(text(), \"WebdriverYardjjtihg\")][contains(@id ,\"application-addressmanagement-display-component---detailAdm--addressDetailDetailsName1\")]"}
RESULT: {"using":"xpath","value":"//span[contains(text(), \"WebdriverYardjjtihg\")][contains(@id ,\"application-addressmanagement-display-component---detailAdm--addressDetailDetailsName1\")]"}
COMMAND: POST /session/92e36b7f2589a9e1a7263b5f33980749/element - {"using":"xpath","value":"//*[contains(@data-kt ,\"ContextMenuIdLink\")][contains(text(), \"Manage Site\")]"}
RESULT: {"using":"xpath","value":"//*[contains(@data-kt ,\"ContextMenuIdLink\")][contains(text(), \"Manage Site\")]"}
COMMAND: POST /session/92e36b7f2589a9e1a7263b5f33980749/execute/sync - {"script":"<script> [8489 bytes]","args":[{"element-6066-11e4-a52e-4f735466cecf":"f.31350D4C963CC80A9541720B3C5CD4D9.d.CB0FFBC63C6CD4957ABBA7B795A5B5DE.e.4100","ELEMENT":"f.31350D4C963CC80A9541720B3C5CD4D9.d.CB0FFBC63C6CD4957ABBA7B795A5B5DE.e.4100"}]}
COMMAND: POST /session/92e36b7f2589a9e1a7263b5f33980749/element - {"using":"xpath","value":"//*[contains(@data-kt ,\"ContextMenuId2Link\")][contains(text(), \"Site Overview\")]"}
RESULT: {"script":"<script> [8489 bytes]","args":[{"element-6066-11e4-a52e-4f735466cecf":"f.31350D4C963CC80A9541720B3C5CD4D9.d.CB0FFBC63C6CD4957ABBA7B795A5B5DE.e.4100","ELEMENT":"f.31350D4C963CC80A9541720B3C5CD4D9.d.CB0FFBC63C6CD4957ABBA7B795A5B5DE.e.4100"}]}
COMMAND: GET /session/92e36b7f2589a9e1a7263b5f33980749/screenshot - {}
RESULT: {"using":"xpath","value":"//*[contains(@data-kt ,\"ContextMenuId2Link\")][contains(text(), \"Site Overview\")]"}
COMMAND: POST /session/92e36b7f2589a9e1a7263b5f33980749/execute/sync - {"script":"<script> [8489 bytes]","args":[{"element-6066-11e4-a52e-4f735466cecf":"f.31350D4C963CC80A9541720B3C5CD4D9.d.CB0FFBC63C6CD4957ABBA7B795A5B5DE.e.4101","ELEMENT":"f.31350D4C963CC80A9541720B3C5CD4D9.d.CB0FFBC63C6CD4957ABBA7B795A5B5DE.e.4101"}]}
COMMAND: POST /session/92e36b7f2589a9e1a7263b5f33980749/element - {"using":"xpath","value":"//*[contains(@data-kt ,\"ContextMenuId3Link\")][contains(text(), \"Site Main Address\")]"}
RESULT: {}
RESULT: {"script":"<script> [8489 bytes]","args":[{"element-6066-11e4-a52e-4f735466cecf":"f.31350D4C963CC80A9541720B3C5CD4D9.d.CB0FFBC63C6CD4957ABBA7B795A5B5DE.e.4101","ELEMENT":"f.31350D4C963CC80A9541720B3C5CD4D9.d.CB0FFBC63C6CD4957ABBA7B795A5B5DE.e.4101"}]}
COMMAND: GET /session/92e36b7f2589a9e1a7263b5f33980749/screenshot - {}
RESULT: {"using":"xpath","value":"//*[contains(@data-kt ,\"ContextMenuId3Link\")][contains(text(), \"Site Main Address\")]"}
COMMAND: POST /session/92e36b7f2589a9e1a7263b5f33980749/execute/sync - {"script":"<script> [8489 bytes]","args":[{"element-6066-11e4-a52e-4f735466cecf":"f.31350D4C963CC80A9541720B3C5CD4D9.d.CB0FFBC63C6CD4957ABBA7B795A5B5DE.e.4102","ELEMENT":"f.31350D4C963CC80A9541720B3C5CD4D9.d.CB0FFBC63C6CD4957ABBA7B795A5B5DE.e.4102"}]}
COMMAND: POST /session/92e36b7f2589a9e1a7263b5f33980749/element/f.31350D4C963CC80A9541720B3C5CD4D9.d.CB0FFBC63C6CD4957ABBA7B795A5B5DE.e.4100/click - {}
COMMAND: POST /session/92e36b7f2589a9e1a7263b5f33980749/element - {"using":"xpath","value":"//span[contains(text(), \"WebdriverYardjjtihg\")][contains(@id ,\"application-addressmanagement-display-component---detailAdm--addressDetailDetailsName1\")]"}
RESULT: {}
RESULT: {"script":"<script> [8489 bytes]","args":[{"element-6066-11e4-a52e-4f735466cecf":"f.31350D4C963CC80A9541720B3C5CD4D9.d.CB0FFBC63C6CD4957ABBA7B795A5B5DE.e.4102","ELEMENT":"f.31350D4C963CC80A9541720B3C5CD4D9.d.CB0FFBC63C6CD4957ABBA7B795A5B5DE.e.4102"}]}
COMMAND: GET /session/92e36b7f2589a9e1a7263b5f33980749/screenshot - {}
RESULT: {}
COMMAND: GET /session/92e36b7f2589a9e1a7263b5f33980749/screenshot - {}
RESULT: {"using":"xpath","value":"//span[contains(text(), \"WebdriverYardjjtihg\")][contains(@id ,\"application-addressmanagement-display-component---detailAdm--addressDetailDetailsName1\")]"}
RESULT: {}
RESULT: {}
COMMAND: POST /session/92e36b7f2589a9e1a7263b5f33980749/element - {"using":"xpath","value":"//span[contains(text(), \"WebdriverYardjjtihg\")][contains(@id ,\"application-addressmanagement-display-component---detailAdm--addressDetailDetailsName1\")]"}
RESULT: {"using":"xpath","value":"//span[contains(text(), \"WebdriverYardjjtihg\")][contains(@id ,\"application-addressmanagement-display-component---detailAdm--addressDetailDetailsName1\")]"}
COMMAND: POST /session/92e36b7f2589a9e1a7263b5f33980749/element - {"using":"xpath","value":"//span[contains(text(), \"WebdriverYardjjtihg\")][contains(@id ,\"application-addressmanagement-display-component---detailAdm--addressDetailDetailsName1\")]"}
RESULT: {"using":"xpath","value":"//span[contains(text(), \"WebdriverYardjjtihg\")][contains(@id ,\"application-addressmanagement-display-component---detailAdm--addressDetailDetailsName1\")]"}
COMMAND: POST /session/92e36b7f2589a9e1a7263b5f33980749/element - {"using":"xpath","value":"//span[contains(text(), \"WebdriverYardjjtihg\")][contains(@id ,\"application-addressmanagement-display-component---detailAdm--addressDetailDetailsName1\")]"}
RESULT: {"using":"xpath","value":"//span[contains(text(), \"WebdriverYardjjtihg\")][contains(@id ,\"application-addressmanagement-display-component---detailAdm--addressDetailDetailsName1\")]"}
COMMAND: POST /session/92e36b7f2589a9e1a7263b5f33980749/element - {"using":"xpath","value":"//span[contains(text(), \"WebdriverYardjjtihg\")][contains(@id ,\"application-addressmanagement-display-component---detailAdm--addressDetailDetailsName1\")]"}
RESULT: {"using":"xpath","value":"//span[contains(text(), \"WebdriverYardjjtihg\")][contains(@id ,\"application-addressmanagement-display-component---detailAdm--addressDetailDetailsName1\")]"}
COMMAND: POST /session/92e36b7f2589a9e1a7263b5f33980749/element - {"using":"xpath","value":"//span[contains(text(), \"WebdriverYardjjtihg\")][contains(@id ,\"application-addressmanagement-display-component---detailAdm--addressDetailDetailsName1\")]"}
RESULT: {"using":"xpath","value":"//span[contains(text(), \"WebdriverYardjjtihg\")][contains(@id ,\"application-addressmanagement-display-component---detailAdm--addressDetailDetailsName1\")]"}
COMMAND: POST /session/92e36b7f2589a9e1a7263b5f33980749/element - {"using":"xpath","value":"//span[contains(text(), \"WebdriverYardjjtihg\")][contains(@id ,\"application-addressmanagement-display-component---detailAdm--addressDetailDetailsName1\")]"}
RESULT: {"using":"xpath","value":"//span[contains(text(), \"WebdriverYardjjtihg\")][contains(@id ,\"application-addressmanagement-display-component---detailAdm--addressDetailDetailsName1\")]"}
COMMAND: POST /session/92e36b7f2589a9e1a7263b5f33980749/element - {"using":"xpath","value":"//span[contains(text(), \"WebdriverYardjjtihg\")][contains(@id ,\"application-addressmanagement-display-component---detailAdm--addressDetailDetailsName1\")]"}
RESULT: {"using":"xpath","value":"//span[contains(text(), \"WebdriverYardjjtihg\")][contains(@id ,\"application-addressmanagement-display-component---detailAdm--addressDetailDetailsName1\")]"}
COMMAND: POST /session/92e36b7f2589a9e1a7263b5f33980749/element - {"using":"xpath","value":"//span[contains(text(), \"WebdriverYardjjtihg\")][contains(@id ,\"application-addressmanagement-display-component---detailAdm--addressDetailDetailsName1\")]"}
RESULT: {"using":"xpath","value":"//span[contains(text(), \"WebdriverYardjjtihg\")][contains(@id ,\"application-addressmanagement-display-component---detailAdm--addressDetailDetailsName1\")]"}
COMMAND: POST /session/92e36b7f2589a9e1a7263b5f33980749/element - {"using":"xpath","value":"//span[contains(text(), \"WebdriverYardjjtihg\")][contains(@id ,\"application-addressmanagement-display-component---detailAdm--addressDetailDetailsName1\")]"}
RESULT: {"using":"xpath","value":"//span[contains(text(), \"WebdriverYardjjtihg\")][contains(@id ,\"application-addressmanagement-display-component---detailAdm--addressDetailDetailsName1\")]"}
COMMAND: POST /session/92e36b7f2589a9e1a7263b5f33980749/element - {"using":"xpath","value":"//span[contains(text(), \"WebdriverYardjjtihg\")][contains(@id ,\"application-addressmanagement-display-component---detailAdm--addressDetailDetailsName1\")]"}
RESULT: {"using":"xpath","value":"//span[contains(text(), \"WebdriverYardjjtihg\")][contains(@id ,\"application-addressmanagement-display-component---detailAdm--addressDetailDetailsName1\")]"}
COMMAND: POST /session/92e36b7f2589a9e1a7263b5f33980749/element - {"using":"xpath","value":"//span[contains(text(), \"WebdriverYardjjtihg\")][contains(@id ,\"application-addressmanagement-display-component---detailAdm--addressDetailDetailsName1\")]"}
RESULT: {"using":"xpath","value":"//span[contains(text(), \"WebdriverYardjjtihg\")][contains(@id ,\"application-addressmanagement-display-component---detailAdm--addressDetailDetailsName1\")]"}
COMMAND: POST /session/92e36b7f2589a9e1a7263b5f33980749/element - {"using":"xpath","value":"//span[contains(text(), \"WebdriverYardjjtihg\")][contains(@id ,\"application-addressmanagement-display-component---detailAdm--addressDetailDetailsName1\")]"}
RESULT: {"using":"xpath","value":"//span[contains(text(), \"WebdriverYardjjtihg\")][contains(@id ,\"application-addressmanagement-display-component---detailAdm--addressDetailDetailsName1\")]"}
COMMAND: POST /session/92e36b7f2589a9e1a7263b5f33980749/element - {"using":"xpath","value":"//span[contains(text(), \"WebdriverYardjjtihg\")][contains(@id ,\"application-addressmanagement-display-component---detailAdm--addressDetailDetailsName1\")]"}
RESULT: {"using":"xpath","value":"//span[contains(text(), \"WebdriverYardjjtihg\")][contains(@id ,\"application-addressmanagement-display-component---detailAdm--addressDetailDetailsName1\")]"}
COMMAND: POST /session/92e36b7f2589a9e1a7263b5f33980749/element - {"using":"xpath","value":"//span[contains(text(), \"WebdriverYardjjtihg\")][contains(@id ,\"application-addressmanagement-display-component---detailAdm--addressDetailDetailsName1\")]"}
RESULT: {"using":"xpath","value":"//span[contains(text(), \"WebdriverYardjjtihg\")][contains(@id ,\"application-addressmanagement-display-component---detailAdm--addressDetailDetailsName1\")]"}
COMMAND: POST /session/92e36b7f2589a9e1a7263b5f33980749/element - {"using":"xpath","value":"//span[contains(text(), \"WebdriverYardjjtihg\")][contains(@id ,\"application-addressmanagement-display-component---detailAdm--addressDetailDetailsName1\")]"}
COMMAND: POST /session/92e36b7f2589a9e1a7263b5f33980749/execute/async - {"script":"<script> [1562 bytes]","args":[{"selector":{"controlType":"sap.m.Title","viewName":"etm.portal.ui.managesites.view.Master","viewId":"application-managesites-display-component---masterSite","i18NText":{"propertyName":"text","key":"sites"}},"wdio_ui5_key":"etmportal.ui.managesites.view.Mastersap.m.Title{\"propertyName\":\"text\",\"key\":\"sites\"}"}]}
RESULT: {"using":"xpath","value":"//span[contains(text(), \"WebdriverYardjjtihg\")][contains(@id ,\"application-addressmanagement-display-component---detailAdm--addressDetailDetailsName1\")]"}
COMMAND: POST /session/92e36b7f2589a9e1a7263b5f33980749/element - {"using":"xpath","value":"//span[contains(text(), \"WebdriverYardjjtihg\")][contains(@id ,\"application-addressmanagement-display-component---detailAdm--addressDetailDetailsName1\")]"}
RESULT: {"script":"<script> [1562 bytes]","args":[{"selector":{"controlType":"sap.m.Title","viewName":"etm.portal.ui.managesites.view.Master","viewId":"application-managesites-display-component---masterSite","i18NText":{"propertyName":"text","key":"sites"}},"wdio_ui5_key":"etmportal.ui.managesites.view.Mastersap.m.Title{\"propertyName\":\"text\",\"key\":\"sites\"}"}]}
RESULT: undefined
COMMAND: POST /session/92e36b7f2589a9e1a7263b5f33980749/execute/async - {"script":"<script> [6424 bytes]","args":[{"element-6066-11e4-a52e-4f735466cecf":"f.31350D4C963CC80A9541720B3C5CD4D9.d.CB0FFBC63C6CD4957ABBA7B795A5B5DE.e.4317"},"getText",[]]}
RESULT: {"using":"xpath","value":"//span[contains(text(), \"WebdriverYardjjtihg\")][contains(@id ,\"application-addressmanagement-display-component---detailAdm--addressDetailDetailsName1\")]"}
RESULT: {"script":"<script> [6424 bytes]","args":[{"element-6066-11e4-a52e-4f735466cecf":"f.31350D4C963CC80A9541720B3C5CD4D9.d.CB0FFBC63C6CD4957ABBA7B795A5B5DE.e.4317"},"getText",[]]}
COMMAND: POST /session/92e36b7f2589a9e1a7263b5f33980749/execute/async - {"script":"<script> [1562 bytes]","args":[{"selector":{"id":"application-managesites-display-component---detailSite--addressDetailDetailsName1"},"wdio_ui5_key":"applicationmanagesites-display-component---detailSite--addressDetailDetailsName1"}]}
COMMAND: POST /session/92e36b7f2589a9e1a7263b5f33980749/element - {"using":"xpath","value":"//span[contains(text(), \"WebdriverYardjjtihg\")][contains(@id ,\"application-addressmanagement-display-component---detailAdm--addressDetailDetailsName1\")]"}
RESULT: {"script":"<script> [1562 bytes]","args":[{"selector":{"id":"application-managesites-display-component---detailSite--addressDetailDetailsName1"},"wdio_ui5_key":"applicationmanagesites-display-component---detailSite--addressDetailDetailsName1"}]}
RESULT: undefined
COMMAND: POST /session/92e36b7f2589a9e1a7263b5f33980749/execute/async - {"script":"<script> [6424 bytes]","args":[{"element-6066-11e4-a52e-4f735466cecf":"f.31350D4C963CC80A9541720B3C5CD4D9.d.CB0FFBC63C6CD4957ABBA7B795A5B5DE.e.4166"},"getValue",[]]}
RESULT: {"using":"xpath","value":"//span[contains(text(), \"WebdriverYardjjtihg\")][contains(@id ,\"application-addressmanagement-display-component---detailAdm--addressDetailDetailsName1\")]"}
RESULT: {"script":"<script> [6424 bytes]","args":[{"element-6066-11e4-a52e-4f735466cecf":"f.31350D4C963CC80A9541720B3C5CD4D9.d.CB0FFBC63C6CD4957ABBA7B795A5B5DE.e.4166"},"getValue",[]]}
RESULT: undefined
COMMAND: POST /session/92e36b7f2589a9e1a7263b5f33980749/element - {"using":"xpath","value":"//*[@id=\"backBtn\"]"}
RESULT: {"using":"xpath","value":"//*[@id=\"backBtn\"]"}
COMMAND: POST /session/92e36b7f2589a9e1a7263b5f33980749/element/f.31350D4C963CC80A9541720B3C5CD4D9.d.CB0FFBC63C6CD4957ABBA7B795A5B5DE.e.3278/click - {}
COMMAND: POST /session/92e36b7f2589a9e1a7263b5f33980749/element - {"using":"xpath","value":"//span[contains(text(), \"WebdriverYardjjtihg\")][contains(@id ,\"application-addressmanagement-display-component---detailAdm--addressDetailDetailsName1\")]"}
RESULT: {}
COMMAND: GET /session/92e36b7f2589a9e1a7263b5f33980749/screenshot - {}
RESULT: {"using":"xpath","value":"//span[contains(text(), \"WebdriverYardjjtihg\")][contains(@id ,\"application-addressmanagement-display-component---detailAdm--addressDetailDetailsName1\")]"}
COMMAND: POST /session/92e36b7f2589a9e1a7263b5f33980749/element - {"using":"xpath","value":"//span[contains(text(), \"WebdriverYardjjtihg\")][contains(@id ,\"application-addressmanagement-display-component---detailAdm--addressDetailDetailsName1\")]"}
RESULT: {}
RESULT: {"using":"xpath","value":"//span[contains(text(), \"WebdriverYardjjtihg\")][contains(@id ,\"application-addressmanagement-display-component---detailAdm--addressDetailDetailsName1\")]"}
COMMAND: POST /session/92e36b7f2589a9e1a7263b5f33980749/element - {"using":"xpath","value":"//span[contains(text(), \"WebdriverYardjjtihg\")][contains(@id ,\"application-addressmanagement-display-component---detailAdm--addressDetailDetailsName1\")]"}
RESULT: {"using":"xpath","value":"//span[contains(text(), \"WebdriverYardjjtihg\")][contains(@id ,\"application-addressmanagement-display-component---detailAdm--addressDetailDetailsName1\")]"}
COMMAND: POST /session/92e36b7f2589a9e1a7263b5f33980749/element - {"using":"xpath","value":"//span[contains(text(), \"WebdriverYardjjtihg\")][contains(@id ,\"application-addressmanagement-display-component---detailAdm--addressDetailDetailsName1\")]"}
RESULT: {"using":"xpath","value":"//span[contains(text(), \"WebdriverYardjjtihg\")][contains(@id ,\"application-addressmanagement-display-component---detailAdm--addressDetailDetailsName1\")]"}
COMMAND: POST /session/92e36b7f2589a9e1a7263b5f33980749/element - {"using":"xpath","value":"//span[contains(text(), \"WebdriverYardjjtihg\")][contains(@id ,\"application-addressmanagement-display-component---detailAdm--addressDetailDetailsName1\")]"}
RESULT: {"using":"xpath","value":"//span[contains(text(), \"WebdriverYardjjtihg\")][contains(@id ,\"application-addressmanagement-display-component---detailAdm--addressDetailDetailsName1\")]"}
COMMAND: POST /session/92e36b7f2589a9e1a7263b5f33980749/execute/sync - {"script":"<script> [8489 bytes]","args":[{"element-6066-11e4-a52e-4f735466cecf":"f.31350D4C963CC80A9541720B3C5CD4D9.d.CB0FFBC63C6CD4957ABBA7B795A5B5DE.e.4098","ELEMENT":"f.31350D4C963CC80A9541720B3C5CD4D9.d.CB0FFBC63C6CD4957ABBA7B795A5B5DE.e.4098"}]}
COMMAND: POST /session/92e36b7f2589a9e1a7263b5f33980749/element - {"using":"xpath","value":"//span[contains(text(), \"WebdriverYardjjtihg\")][contains(@id ,\"application-addressmanagement-display-component---detailAdm--addressDetailDetailsName1\")]"}
COMMAND: POST /session/92e36b7f2589a9e1a7263b5f33980749/element - {"using":"xpath","value":"//*[contains(@data-kt ,\"webshopDetailSiteLink\")]"}
RESULT: {"using":"xpath","value":"//span[contains(text(), \"WebdriverYardjjtihg\")][contains(@id ,\"application-addressmanagement-display-component---detailAdm--addressDetailDetailsName1\")]"}
RESULT: {"using":"xpath","value":"//*[contains(@data-kt ,\"webshopDetailSiteLink\")]"}
COMMAND: POST /session/92e36b7f2589a9e1a7263b5f33980749/execute/sync - {"script":"<script> [8489 bytes]","args":[{"element-6066-11e4-a52e-4f735466cecf":"f.31350D4C963CC80A9541720B3C5CD4D9.d.CB0FFBC63C6CD4957ABBA7B795A5B5DE.e.4458","ELEMENT":"f.31350D4C963CC80A9541720B3C5CD4D9.d.CB0FFBC63C6CD4957ABBA7B795A5B5DE.e.4458"}]}
RESULT: {"script":"<script> [8489 bytes]","args":[{"element-6066-11e4-a52e-4f735466cecf":"f.31350D4C963CC80A9541720B3C5CD4D9.d.CB0FFBC63C6CD4957ABBA7B795A5B5DE.e.4458","ELEMENT":"f.31350D4C963CC80A9541720B3C5CD4D9.d.CB0FFBC63C6CD4957ABBA7B795A5B5DE.e.4458"}]}
COMMAND: POST /session/92e36b7f2589a9e1a7263b5f33980749/execute/sync - {"script":"<script> [5351 bytes]","args":[{"element-6066-11e4-a52e-4f735466cecf":"f.31350D4C963CC80A9541720B3C5CD4D9.d.CB0FFBC63C6CD4957ABBA7B795A5B5DE.e.4458","ELEMENT":"f.31350D4C963CC80A9541720B3C5CD4D9.d.CB0FFBC63C6CD4957ABBA7B795A5B5DE.e.4458"}]}
COMMAND: GET /session/92e36b7f2589a9e1a7263b5f33980749/screenshot - {}
RESULT: {"script":"<script> [5351 bytes]","args":[{"element-6066-11e4-a52e-4f735466cecf":"f.31350D4C963CC80A9541720B3C5CD4D9.d.CB0FFBC63C6CD4957ABBA7B795A5B5DE.e.4458","ELEMENT":"f.31350D4C963CC80A9541720B3C5CD4D9.d.CB0FFBC63C6CD4957ABBA7B795A5B5DE.e.4458"}]}
COMMAND: POST /session/92e36b7f2589a9e1a7263b5f33980749/element - {"using":"xpath","value":"//*[contains(@data-kt ,\"webshopDetailSiteLink\")]"}
COMMAND: GET /session/92e36b7f2589a9e1a7263b5f33980749/screenshot - {}
RESULT: {}
RESULT: {"using":"xpath","value":"//*[contains(@data-kt ,\"webshopDetailSiteLink\")]"}
COMMAND: POST /session/92e36b7f2589a9e1a7263b5f33980749/element/f.31350D4C963CC80A9541720B3C5CD4D9.d.CB0FFBC63C6CD4957ABBA7B795A5B5DE.e.4458/click - {}
COMMAND: POST /session/92e36b7f2589a9e1a7263b5f33980749/element - {"using":"xpath","value":"//span[contains(text(), \"WebdriverYardjjtihg\")][contains(@id ,\"application-addressmanagement-display-component---detailAdm--addressDetailDetailsName1\")]"}
RESULT: {}
RESULT: {}
COMMAND: GET /session/92e36b7f2589a9e1a7263b5f33980749/screenshot - {}
RESULT: {"using":"xpath","value":"//span[contains(text(), \"WebdriverYardjjtihg\")][contains(@id ,\"application-addressmanagement-display-component---detailAdm--addressDetailDetailsName1\")]"}
RESULT: {}
COMMAND: POST /session/92e36b7f2589a9e1a7263b5f33980749/element/f.31350D4C963CC80A9541720B3C5CD4D9.d.CB0FFBC63C6CD4957ABBA7B795A5B5DE.e.4101/click - {}
COMMAND: POST /session/92e36b7f2589a9e1a7263b5f33980749/element - {"using":"xpath","value":"//*[contains(@data-kt ,\"ContextMenuId2Link\")][contains(text(), \"Site Overview\")]"}
RESULT: {"using":"xpath","value":"//*[contains(@data-kt ,\"ContextMenuId2Link\")][contains(text(), \"Site Overview\")]"}
COMMAND: POST /session/92e36b7f2589a9e1a7263b5f33980749/element/f.31350D4C963CC80A9541720B3C5CD4D9.d.CB0FFBC63C6CD4957ABBA7B795A5B5DE.e.4101/click - {}
COMMAND: POST /session/92e36b7f2589a9e1a7263b5f33980749/element - {"using":"xpath","value":"//*[contains(@data-kt ,\"ContextMenuId2Link\")][contains(text(), \"Site Overview\")]"}
RESULT: {"using":"xpath","value":"//*[contains(@data-kt ,\"ContextMenuId2Link\")][contains(text(), \"Site Overview\")]"}
COMMAND: POST /session/92e36b7f2589a9e1a7263b5f33980749/element/f.31350D4C963CC80A9541720B3C5CD4D9.d.CB0FFBC63C6CD4957ABBA7B795A5B5DE.e.4461/click - {}
RESULT: {}
COMMAND: GET /session/92e36b7f2589a9e1a7263b5f33980749/screenshot - {}
RESULT: {}
RESULT: undefined
COMMAND: POST /session/92e36b7f2589a9e1a7263b5f33980749/execute/async - {"script":"<script> [6424 bytes]","args":[{"element-6066-11e4-a52e-4f735466cecf":"f.31350D4C963CC80A9541720B3C5CD4D9.d.CB0FFBC63C6CD4957ABBA7B795A5B5DE.e.3276"},"getTitle",[]]}
COMMAND: POST /session/92e36b7f2589a9e1a7263b5f33980749/execute/async - {"script":"<script> [1562 bytes]","args":[{"selector":{"id":"shellAppTitle"},"wdio_ui5_key":"shellAppTitle"}]}
RESULT: {"script":"<script> [1562 bytes]","args":[{"selector":{"id":"shellAppTitle"},"wdio_ui5_key":"shellAppTitle"}]}
COMMAND: POST /session/92e36b7f2589a9e1a7263b5f33980749/execute/async - {"script":"<script> [6424 bytes]","args":[{"element-6066-11e4-a52e-4f735466cecf":"f.31350D4C963CC80A9541720B3C5CD4D9.d.CB0FFBC63C6CD4957ABBA7B795A5B5DE.e.4487"},"getTitle",[]]}
RESULT: {"script":"<script> [6424 bytes]","args":[{"element-6066-11e4-a52e-4f735466cecf":"f.31350D4C963CC80A9541720B3C5CD4D9.d.CB0FFBC63C6CD4957ABBA7B795A5B5DE.e.4487"},"getTitle",[]]}
COMMAND: POST /session/92e36b7f2589a9e1a7263b5f33980749/element - {"using":"xpath","value":"(//span[contains(text(), \"WebdriverSitemyj91\")])[2]"}
RESULT: {"using":"xpath","value":"(//span[contains(text(), \"WebdriverSitemyj91\")])[2]"}
COMMAND: POST /session/92e36b7f2589a9e1a7263b5f33980749/execute/sync - {"script":"<script> [8489 bytes]","args":[{"element-6066-11e4-a52e-4f735466cecf":"f.31350D4C963CC80A9541720B3C5CD4D9.d.CB0FFBC63C6CD4957ABBA7B795A5B5DE.e.4488","ELEMENT":"f.31350D4C963CC80A9541720B3C5CD4D9.d.CB0FFBC63C6CD4957ABBA7B795A5B5DE.e.4488"}]}
RESULT: undefined
COMMAND: POST /session/92e36b7f2589a9e1a7263b5f33980749/element - {"using":"xpath","value":"//*[@id=\"backBtn\"]"}
RESULT: {"script":"<script> [8489 bytes]","args":[{"element-6066-11e4-a52e-4f735466cecf":"f.31350D4C963CC80A9541720B3C5CD4D9.d.CB0FFBC63C6CD4957ABBA7B795A5B5DE.e.4488","ELEMENT":"f.31350D4C963CC80A9541720B3C5CD4D9.d.CB0FFBC63C6CD4957ABBA7B795A5B5DE.e.4488"}]}
COMMAND: GET /session/92e36b7f2589a9e1a7263b5f33980749/screenshot - {}
RESULT: {"using":"xpath","value":"//*[@id=\"backBtn\"]"}
COMMAND: POST /session/92e36b7f2589a9e1a7263b5f33980749/element/f.31350D4C963CC80A9541720B3C5CD4D9.d.CB0FFBC63C6CD4957ABBA7B795A5B5DE.e.3278/click - {}
RESULT: {}
RESULT: {}
COMMAND: GET /session/92e36b7f2589a9e1a7263b5f33980749/screenshot - {}
RESULT: {}
COMMAND: POST /session/92e36b7f2589a9e1a7263b5f33980749/execute/sync - {"script":"<script> [8489 bytes]","args":[{"element-6066-11e4-a52e-4f735466cecf":"f.31350D4C963CC80A9541720B3C5CD4D9.d.CB0FFBC63C6CD4957ABBA7B795A5B5DE.e.4458","ELEMENT":"f.31350D4C963CC80A9541720B3C5CD4D9.d.CB0FFBC63C6CD4957ABBA7B795A5B5DE.e.4458"}]}
COMMAND: POST /session/92e36b7f2589a9e1a7263b5f33980749/element - {"using":"xpath","value":"//*[contains(@data-kt ,\"webshopDetailSiteLink\")]"}
RESULT: {"using":"xpath","value":"//*[contains(@data-kt ,\"webshopDetailSiteLink\")]"}
COMMAND: POST /session/92e36b7f2589a9e1a7263b5f33980749/execute/sync - {"script":"<script> [8489 bytes]","args":[{"element-6066-11e4-a52e-4f735466cecf":"f.31350D4C963CC80A9541720B3C5CD4D9.d.CB0FFBC63C6CD4957ABBA7B795A5B5DE.e.4621","ELEMENT":"f.31350D4C963CC80A9541720B3C5CD4D9.d.CB0FFBC63C6CD4957ABBA7B795A5B5DE.e.4621"}]}
RESULT: {"script":"<script> [8489 bytes]","args":[{"element-6066-11e4-a52e-4f735466cecf":"f.31350D4C963CC80A9541720B3C5CD4D9.d.CB0FFBC63C6CD4957ABBA7B795A5B5DE.e.4621","ELEMENT":"f.31350D4C963CC80A9541720B3C5CD4D9.d.CB0FFBC63C6CD4957ABBA7B795A5B5DE.e.4621"}]}
COMMAND: POST /session/92e36b7f2589a9e1a7263b5f33980749/execute/sync - {"script":"<script> [5351 bytes]","args":[{"element-6066-11e4-a52e-4f735466cecf":"f.31350D4C963CC80A9541720B3C5CD4D9.d.CB0FFBC63C6CD4957ABBA7B795A5B5DE.e.4621","ELEMENT":"f.31350D4C963CC80A9541720B3C5CD4D9.d.CB0FFBC63C6CD4957ABBA7B795A5B5DE.e.4621"}]}
COMMAND: GET /session/92e36b7f2589a9e1a7263b5f33980749/screenshot - {}
RESULT: {"script":"<script> [5351 bytes]","args":[{"element-6066-11e4-a52e-4f735466cecf":"f.31350D4C963CC80A9541720B3C5CD4D9.d.CB0FFBC63C6CD4957ABBA7B795A5B5DE.e.4621","ELEMENT":"f.31350D4C963CC80A9541720B3C5CD4D9.d.CB0FFBC63C6CD4957ABBA7B795A5B5DE.e.4621"}]}
COMMAND: POST /session/92e36b7f2589a9e1a7263b5f33980749/element - {"using":"xpath","value":"//*[contains(@data-kt ,\"webshopDetailSiteLink\")]"}
COMMAND: GET /session/92e36b7f2589a9e1a7263b5f33980749/screenshot - {}
RESULT: {}
RESULT: {"using":"xpath","value":"//*[contains(@data-kt ,\"webshopDetailSiteLink\")]"}
COMMAND: POST /session/92e36b7f2589a9e1a7263b5f33980749/element/f.31350D4C963CC80A9541720B3C5CD4D9.d.CB0FFBC63C6CD4957ABBA7B795A5B5DE.e.4621/click - {}
RESULT: {}
RESULT: {}
COMMAND: GET /session/92e36b7f2589a9e1a7263b5f33980749/screenshot - {}
RESULT: {}
COMMAND: POST /session/92e36b7f2589a9e1a7263b5f33980749/element/f.31350D4C963CC80A9541720B3C5CD4D9.d.CB0FFBC63C6CD4957ABBA7B795A5B5DE.e.4102/click - {}
COMMAND: POST /session/92e36b7f2589a9e1a7263b5f33980749/element - {"using":"xpath","value":"//*[contains(@data-kt ,\"ContextMenuId3Link\")][contains(text(), \"Site Main Address\")]"}
RESULT: {"using":"xpath","value":"//*[contains(@data-kt ,\"ContextMenuId3Link\")][contains(text(), \"Site Main Address\")]"}
COMMAND: POST /session/92e36b7f2589a9e1a7263b5f33980749/element/f.31350D4C963CC80A9541720B3C5CD4D9.d.CB0FFBC63C6CD4957ABBA7B795A5B5DE.e.4102/click - {}
COMMAND: POST /session/92e36b7f2589a9e1a7263b5f33980749/element - {"using":"xpath","value":"//*[contains(@data-kt ,\"ContextMenuId3Link\")][contains(text(), \"Site Main Address\")]"}
RESULT: {"using":"xpath","value":"//*[contains(@data-kt ,\"ContextMenuId3Link\")][contains(text(), \"Site Main Address\")]"}
COMMAND: POST /session/92e36b7f2589a9e1a7263b5f33980749/element/f.31350D4C963CC80A9541720B3C5CD4D9.d.CB0FFBC63C6CD4957ABBA7B795A5B5DE.e.4623/click - {}
RESULT: {}
COMMAND: GET /session/92e36b7f2589a9e1a7263b5f33980749/screenshot - {}
RESULT: {}
COMMAND: POST /session/92e36b7f2589a9e1a7263b5f33980749/element - {"using":"xpath","value":"//span[contains(@id ,\"application-addressmanagement-display-component---masterAdm--title1-inner\")]"}
RESULT: {"using":"xpath","value":"//span[contains(@id ,\"application-addressmanagement-display-component---masterAdm--title1-inner\")]"}
COMMAND: GET /session/92e36b7f2589a9e1a7263b5f33980749/element/f.31350D4C963CC80A9541720B3C5CD4D9.d.CB0FFBC63C6CD4957ABBA7B795A5B5DE.e.4869/text - {}
RESULT: {}
COMMAND: POST /session/92e36b7f2589a9e1a7263b5f33980749/element - {"using":"xpath","value":"//span[contains(@id ,\"application-addressmanagement-display-component---detailAdm--addressDetailDetailsName1\")][contains(text(), \"WebdriverSitemyj91\")]"}
RESULT: {"using":"xpath","value":"//span[contains(@id ,\"application-addressmanagement-display-component---detailAdm--addressDetailDetailsName1\")][contains(text(), \"WebdriverSitemyj91\")]"}
COMMAND: POST /session/92e36b7f2589a9e1a7263b5f33980749/execute/sync - {"script":"<script> [8489 bytes]","args":[{"element-6066-11e4-a52e-4f735466cecf":"f.31350D4C963CC80A9541720B3C5CD4D9.d.CB0FFBC63C6CD4957ABBA7B795A5B5DE.e.4870","ELEMENT":"f.31350D4C963CC80A9541720B3C5CD4D9.d.CB0FFBC63C6CD4957ABBA7B795A5B5DE.e.4870"}]}
RESULT: undefined
COMMAND: POST /session/92e36b7f2589a9e1a7263b5f33980749/element - {"using":"xpath","value":"//*[@id=\"backBtn\"]"}
RESULT: {"script":"<script> [8489 bytes]","args":[{"element-6066-11e4-a52e-4f735466cecf":"f.31350D4C963CC80A9541720B3C5CD4D9.d.CB0FFBC63C6CD4957ABBA7B795A5B5DE.e.4870","ELEMENT":"f.31350D4C963CC80A9541720B3C5CD4D9.d.CB0FFBC63C6CD4957ABBA7B795A5B5DE.e.4870"}]}
COMMAND: GET /session/92e36b7f2589a9e1a7263b5f33980749/screenshot - {}
RESULT: {"using":"xpath","value":"//*[@id=\"backBtn\"]"}
COMMAND: POST /session/92e36b7f2589a9e1a7263b5f33980749/element/f.31350D4C963CC80A9541720B3C5CD4D9.d.CB0FFBC63C6CD4957ABBA7B795A5B5DE.e.3278/click - {}
RESULT: {}
RESULT: {}
COMMAND: GET /session/92e36b7f2589a9e1a7263b5f33980749/screenshot - {}
RESULT: {}
COMMAND: POST /session/92e36b7f2589a9e1a7263b5f33980749/execute/sync - {"script":"<script> [8489 bytes]","args":[{"element-6066-11e4-a52e-4f735466cecf":"f.31350D4C963CC80A9541720B3C5CD4D9.d.CB0FFBC63C6CD4957ABBA7B795A5B5DE.e.4621","ELEMENT":"f.31350D4C963CC80A9541720B3C5CD4D9.d.CB0FFBC63C6CD4957ABBA7B795A5B5DE.e.4621"}]}
COMMAND: POST /session/92e36b7f2589a9e1a7263b5f33980749/element - {"using":"xpath","value":"//*[contains(@data-kt ,\"webshopDetailSiteLink\")]"}
RESULT: {"using":"xpath","value":"//*[contains(@data-kt ,\"webshopDetailSiteLink\")]"}
COMMAND: POST /session/92e36b7f2589a9e1a7263b5f33980749/execute/sync - {"script":"<script> [8489 bytes]","args":[{"element-6066-11e4-a52e-4f735466cecf":"f.31350D4C963CC80A9541720B3C5CD4D9.d.CB0FFBC63C6CD4957ABBA7B795A5B5DE.e.5004","ELEMENT":"f.31350D4C963CC80A9541720B3C5CD4D9.d.CB0FFBC63C6CD4957ABBA7B795A5B5DE.e.5004"}]}
RESULT: {"script":"<script> [8489 bytes]","args":[{"element-6066-11e4-a52e-4f735466cecf":"f.31350D4C963CC80A9541720B3C5CD4D9.d.CB0FFBC63C6CD4957ABBA7B795A5B5DE.e.5004","ELEMENT":"f.31350D4C963CC80A9541720B3C5CD4D9.d.CB0FFBC63C6CD4957ABBA7B795A5B5DE.e.5004"}]}
COMMAND: POST /session/92e36b7f2589a9e1a7263b5f33980749/execute/sync - {"script":"<script> [5351 bytes]","args":[{"element-6066-11e4-a52e-4f735466cecf":"f.31350D4C963CC80A9541720B3C5CD4D9.d.CB0FFBC63C6CD4957ABBA7B795A5B5DE.e.5004","ELEMENT":"f.31350D4C963CC80A9541720B3C5CD4D9.d.CB0FFBC63C6CD4957ABBA7B795A5B5DE.e.5004"}]}
COMMAND: GET /session/92e36b7f2589a9e1a7263b5f33980749/screenshot - {}
RESULT: {"script":"<script> [5351 bytes]","args":[{"element-6066-11e4-a52e-4f735466cecf":"f.31350D4C963CC80A9541720B3C5CD4D9.d.CB0FFBC63C6CD4957ABBA7B795A5B5DE.e.5004","ELEMENT":"f.31350D4C963CC80A9541720B3C5CD4D9.d.CB0FFBC63C6CD4957ABBA7B795A5B5DE.e.5004"}]}
COMMAND: POST /session/92e36b7f2589a9e1a7263b5f33980749/element - {"using":"xpath","value":"//*[contains(@data-kt ,\"webshopDetailSiteLink\")]"}
COMMAND: GET /session/92e36b7f2589a9e1a7263b5f33980749/screenshot - {}
RESULT: {}
RESULT: {"using":"xpath","value":"//*[contains(@data-kt ,\"webshopDetailSiteLink\")]"}
COMMAND: POST /session/92e36b7f2589a9e1a7263b5f33980749/element/f.31350D4C963CC80A9541720B3C5CD4D9.d.CB0FFBC63C6CD4957ABBA7B795A5B5DE.e.5004/click - {}
RESULT: {}
RESULT: {}
COMMAND: GET /session/92e36b7f2589a9e1a7263b5f33980749/screenshot - {}
RESULT: {}
COMMAND: POST /session/92e36b7f2589a9e1a7263b5f33980749/element - {"using":"xpath","value":"//button[contains(@data-kt ,\"ContextMenuIdExternalLink\")]"}
RESULT: {"using":"xpath","value":"//button[contains(@data-kt ,\"ContextMenuIdExternalLink\")]"}
COMMAND: POST /session/92e36b7f2589a9e1a7263b5f33980749/element/f.31350D4C963CC80A9541720B3C5CD4D9.d.CB0FFBC63C6CD4957ABBA7B795A5B5DE.e.5005/click - {}
RESULT: {}
COMMAND: GET /session/92e36b7f2589a9e1a7263b5f33980749/screenshot - {}
RESULT: {}
COMMAND: GET /session/92e36b7f2589a9e1a7263b5f33980749/window/handles - {}
RESULT: {}
COMMAND: POST /session/92e36b7f2589a9e1a7263b5f33980749/window - {"handle":"7240D30D6E037E4AB410B42295D2EA7B"}
RESULT: {"handle":"7240D30D6E037E4AB410B42295D2EA7B"}
COMMAND: GET /session/92e36b7f2589a9e1a7263b5f33980749/url - {}
RESULT: {}
COMMAND: DELETE /session/92e36b7f2589a9e1a7263b5f33980749/window - {}
COMMAND: GET /session/92e36b7f2589a9e1a7263b5f33980749/screenshot - {}
RESULT: {}
COMMAND: POST /session/92e36b7f2589a9e1a7263b5f33980749/window - {"handle":"31350D4C963CC80A9541720B3C5CD4D9"}
RESULT: {"handle":"31350D4C963CC80A9541720B3C5CD4D9"}
COMMAND: GET /session/92e36b7f2589a9e1a7263b5f33980749/url - {}
RESULT: {}
RESULT: {}
COMMAND: GET /session/92e36b7f2589a9e1a7263b5f33980749/screenshot - {}
RESULT: {}
COMMAND: POST /session/92e36b7f2589a9e1a7263b5f33980749/element - {"using":"xpath","value":"//button[contains(@data-kt ,\"ContextMenuExternalId2Link\")]"}
RESULT: {"using":"xpath","value":"//button[contains(@data-kt ,\"ContextMenuExternalId2Link\")]"}
COMMAND: POST /session/92e36b7f2589a9e1a7263b5f33980749/element/f.31350D4C963CC80A9541720B3C5CD4D9.d.CB0FFBC63C6CD4957ABBA7B795A5B5DE.e.5009/click - {}
RESULT: {}
COMMAND: GET /session/92e36b7f2589a9e1a7263b5f33980749/screenshot - {}
RESULT: {}
COMMAND: GET /session/92e36b7f2589a9e1a7263b5f33980749/window/handles - {}
RESULT: {}
COMMAND: POST /session/92e36b7f2589a9e1a7263b5f33980749/window - {"handle":"C85CDBADC914E17CB5A92610BFB3C386"}
RESULT: {"handle":"C85CDBADC914E17CB5A92610BFB3C386"}
COMMAND: GET /session/92e36b7f2589a9e1a7263b5f33980749/url - {}
RESULT: {}
COMMAND: GET /session/92e36b7f2589a9e1a7263b5f33980749/screenshot - {}
RESULT: {}
COMMAND: POST /session/92e36b7f2589a9e1a7263b5f33980749/execute/sync - {"script":"<script> [8489 bytes]","args":[{"element-6066-11e4-a52e-4f735466cecf":"f.31350D4C963CC80A9541720B3C5CD4D9.d.CB0FFBC63C6CD4957ABBA7B795A5B5DE.e.4488","ELEMENT":"f.31350D4C963CC80A9541720B3C5CD4D9.d.CB0FFBC63C6CD4957ABBA7B795A5B5DE.e.4488"}]}
COMMAND: DELETE /session/92e36b7f2589a9e1a7263b5f33980749/window - {}
RESULT: {}
COMMAND: POST /session/92e36b7f2589a9e1a7263b5f33980749/window - {"handle":"31350D4C963CC80A9541720B3C5CD4D9"}
RESULT: {"handle":"31350D4C963CC80A9541720B3C5CD4D9"}
COMMAND: GET /session/92e36b7f2589a9e1a7263b5f33980749/url - {}
COMMAND: POST /session/92e36b7f2589a9e1a7263b5f33980749/element - {"using":"xpath","value":"(//span[contains(text(), \"WebdriverSitemyj91\")])[2]"}
RESULT: {}
COMMAND: GET /session/92e36b7f2589a9e1a7263b5f33980749/screenshot - {}
RESULT: {"using":"xpath","value":"(//span[contains(text(), \"WebdriverSitemyj91\")])[2]"}
COMMAND: POST /session/92e36b7f2589a9e1a7263b5f33980749/element - {"using":"xpath","value":"(//span[contains(text(), \"WebdriverSitemyj91\")])[2]"}
RESULT: {}
RESULT: {"using":"xpath","value":"(//span[contains(text(), \"WebdriverSitemyj91\")])[2]"}
COMMAND: POST /session/92e36b7f2589a9e1a7263b5f33980749/element - {"using":"xpath","value":"(//span[contains(text(), \"WebdriverSitemyj91\")])[2]"}
COMMAND: POST /session/92e36b7f2589a9e1a7263b5f33980749/execute/sync - {"script":"<script> [8489 bytes]","args":[{"element-6066-11e4-a52e-4f735466cecf":"f.31350D4C963CC80A9541720B3C5CD4D9.d.CB0FFBC63C6CD4957ABBA7B795A5B5DE.e.5004","ELEMENT":"f.31350D4C963CC80A9541720B3C5CD4D9.d.CB0FFBC63C6CD4957ABBA7B795A5B5DE.e.5004"}]}
RESULT: {"using":"xpath","value":"(//span[contains(text(), \"WebdriverSitemyj91\")])[2]"}
RESULT: {"script":"<script> [8489 bytes]","args":[{"element-6066-11e4-a52e-4f735466cecf":"f.31350D4C963CC80A9541720B3C5CD4D9.d.CB0FFBC63C6CD4957ABBA7B795A5B5DE.e.5004","ELEMENT":"f.31350D4C963CC80A9541720B3C5CD4D9.d.CB0FFBC63C6CD4957ABBA7B795A5B5DE.e.5004"}]}
COMMAND: POST /session/92e36b7f2589a9e1a7263b5f33980749/execute/sync - {"script":"<script> [5351 bytes]","args":[{"element-6066-11e4-a52e-4f735466cecf":"f.31350D4C963CC80A9541720B3C5CD4D9.d.CB0FFBC63C6CD4957ABBA7B795A5B5DE.e.5004","ELEMENT":"f.31350D4C963CC80A9541720B3C5CD4D9.d.CB0FFBC63C6CD4957ABBA7B795A5B5DE.e.5004"}]}
COMMAND: GET /session/92e36b7f2589a9e1a7263b5f33980749/screenshot - {}
RESULT: {"script":"<script> [5351 bytes]","args":[{"element-6066-11e4-a52e-4f735466cecf":"f.31350D4C963CC80A9541720B3C5CD4D9.d.CB0FFBC63C6CD4957ABBA7B795A5B5DE.e.5004","ELEMENT":"f.31350D4C963CC80A9541720B3C5CD4D9.d.CB0FFBC63C6CD4957ABBA7B795A5B5DE.e.5004"}]}
COMMAND: POST /session/92e36b7f2589a9e1a7263b5f33980749/element - {"using":"xpath","value":"//*[contains(@data-kt ,\"webshopDetailSiteLink\")]"}
COMMAND: GET /session/92e36b7f2589a9e1a7263b5f33980749/screenshot - {}
RESULT: {}
RESULT: {"using":"xpath","value":"//*[contains(@data-kt ,\"webshopDetailSiteLink\")]"}
COMMAND: POST /session/92e36b7f2589a9e1a7263b5f33980749/element/f.31350D4C963CC80A9541720B3C5CD4D9.d.CB0FFBC63C6CD4957ABBA7B795A5B5DE.e.5004/click - {}
COMMAND: POST /session/92e36b7f2589a9e1a7263b5f33980749/element - {"using":"xpath","value":"(//span[contains(text(), \"WebdriverSitemyj91\")])[2]"}
RESULT: {}
RESULT: {}
RESULT: {"using":"xpath","value":"(//span[contains(text(), \"WebdriverSitemyj91\")])[2]"}
COMMAND: POST /session/92e36b7f2589a9e1a7263b5f33980749/execute/sync - {"script":"<script> [8489 bytes]","args":[{"element-6066-11e4-a52e-4f735466cecf":"f.31350D4C963CC80A9541720B3C5CD4D9.d.CB0FFBC63C6CD4957ABBA7B795A5B5DE.e.5054","ELEMENT":"f.31350D4C963CC80A9541720B3C5CD4D9.d.CB0FFBC63C6CD4957ABBA7B795A5B5DE.e.5054"}]}
RESULT: {"script":"<script> [8489 bytes]","args":[{"element-6066-11e4-a52e-4f735466cecf":"f.31350D4C963CC80A9541720B3C5CD4D9.d.CB0FFBC63C6CD4957ABBA7B795A5B5DE.e.5054","ELEMENT":"f.31350D4C963CC80A9541720B3C5CD4D9.d.CB0FFBC63C6CD4957ABBA7B795A5B5DE.e.5054"}]}
COMMAND: GET /session/92e36b7f2589a9e1a7263b5f33980749/screenshot - {}
COMMAND: GET /session/92e36b7f2589a9e1a7263b5f33980749/screenshot - {}
RESULT: {}
RESULT: {}
COMMAND: POST /session/92e36b7f2589a9e1a7263b5f33980749/element - {"using":"xpath","value":"(//button[contains(@data-kt ,\"ContextMenuExternalId3Link\")])[2]"}
RESULT: {"using":"xpath","value":"(//button[contains(@data-kt ,\"ContextMenuExternalId3Link\")])[2]"}
COMMAND: POST /session/92e36b7f2589a9e1a7263b5f33980749/element/f.31350D4C963CC80A9541720B3C5CD4D9.d.CB0FFBC63C6CD4957ABBA7B795A5B5DE.e.5055/click - {}
RESULT: {}
COMMAND: GET /session/92e36b7f2589a9e1a7263b5f33980749/screenshot - {}
RESULT: {}
COMMAND: GET /session/92e36b7f2589a9e1a7263b5f33980749/window/handles - {}
RESULT: {}
COMMAND: POST /session/92e36b7f2589a9e1a7263b5f33980749/window - {"handle":"6D803612E21151FE0981852AA7A56CD3"}
RESULT: {"handle":"6D803612E21151FE0981852AA7A56CD3"}
COMMAND: GET /session/92e36b7f2589a9e1a7263b5f33980749/url - {}
RESULT: {}
COMMAND: POST /session/92e36b7f2589a9e1a7263b5f33980749/execute/sync - {"script":"<script> [8489 bytes]","args":[{"element-6066-11e4-a52e-4f735466cecf":"f.31350D4C963CC80A9541720B3C5CD4D9.d.CB0FFBC63C6CD4957ABBA7B795A5B5DE.e.4870","ELEMENT":"f.31350D4C963CC80A9541720B3C5CD4D9.d.CB0FFBC63C6CD4957ABBA7B795A5B5DE.e.4870"}]}
COMMAND: GET /session/92e36b7f2589a9e1a7263b5f33980749/screenshot - {}
RESULT: {"script":"<script> [8489 bytes]","args":[{"element-6066-11e4-a52e-4f735466cecf":"f.31350D4C963CC80A9541720B3C5CD4D9.d.CB0FFBC63C6CD4957ABBA7B795A5B5DE.e.4870","ELEMENT":"f.31350D4C963CC80A9541720B3C5CD4D9.d.CB0FFBC63C6CD4957ABBA7B795A5B5DE.e.4870"}]}
COMMAND: GET /session/92e36b7f2589a9e1a7263b5f33980749/screenshot - {}
RESULT: {}
RESULT: {}
COMMAND: POST /session/92e36b7f2589a9e1a7263b5f33980749/execute/sync - {"script":"<script> [8489 bytes]","args":[{"element-6066-11e4-a52e-4f735466cecf":"f.31350D4C963CC80A9541720B3C5CD4D9.d.CB0FFBC63C6CD4957ABBA7B795A5B5DE.e.4870","ELEMENT":"f.31350D4C963CC80A9541720B3C5CD4D9.d.CB0FFBC63C6CD4957ABBA7B795A5B5DE.e.4870"}]}
RESULT: {"script":"<script> [8489 bytes]","args":[{"element-6066-11e4-a52e-4f735466cecf":"f.31350D4C963CC80A9541720B3C5CD4D9.d.CB0FFBC63C6CD4957ABBA7B795A5B5DE.e.4870","ELEMENT":"f.31350D4C963CC80A9541720B3C5CD4D9.d.CB0FFBC63C6CD4957ABBA7B795A5B5DE.e.4870"}]}
COMMAND: GET /session/92e36b7f2589a9e1a7263b5f33980749/screenshot - {}
COMMAND: POST /session/92e36b7f2589a9e1a7263b5f33980749/execute/sync - {"script":"<script> [8489 bytes]","args":[{"element-6066-11e4-a52e-4f735466cecf":"f.31350D4C963CC80A9541720B3C5CD4D9.d.CB0FFBC63C6CD4957ABBA7B795A5B5DE.e.4870","ELEMENT":"f.31350D4C963CC80A9541720B3C5CD4D9.d.CB0FFBC63C6CD4957ABBA7B795A5B5DE.e.4870"}]}
RESULT: {}
RESULT: {"script":"<script> [8489 bytes]","args":[{"element-6066-11e4-a52e-4f735466cecf":"f.31350D4C963CC80A9541720B3C5CD4D9.d.CB0FFBC63C6CD4957ABBA7B795A5B5DE.e.4870","ELEMENT":"f.31350D4C963CC80A9541720B3C5CD4D9.d.CB0FFBC63C6CD4957ABBA7B795A5B5DE.e.4870"}]}
COMMAND: GET /session/92e36b7f2589a9e1a7263b5f33980749/screenshot - {}
RESULT: {}
COMMAND: POST /session/92e36b7f2589a9e1a7263b5f33980749/execute/sync - {"script":"<script> [8489 bytes]","args":[{"element-6066-11e4-a52e-4f735466cecf":"f.31350D4C963CC80A9541720B3C5CD4D9.d.CB0FFBC63C6CD4957ABBA7B795A5B5DE.e.4870","ELEMENT":"f.31350D4C963CC80A9541720B3C5CD4D9.d.CB0FFBC63C6CD4957ABBA7B795A5B5DE.e.4870"}]}
RESULT: {"script":"<script> [8489 bytes]","args":[{"element-6066-11e4-a52e-4f735466cecf":"f.31350D4C963CC80A9541720B3C5CD4D9.d.CB0FFBC63C6CD4957ABBA7B795A5B5DE.e.4870","ELEMENT":"f.31350D4C963CC80A9541720B3C5CD4D9.d.CB0FFBC63C6CD4957ABBA7B795A5B5DE.e.4870"}]}
COMMAND: GET /session/92e36b7f2589a9e1a7263b5f33980749/screenshot - {}
COMMAND: DELETE /session/92e36b7f2589a9e1a7263b5f33980749/window - {}
COMMAND: POST /session/92e36b7f2589a9e1a7263b5f33980749/execute/sync - {"script":"<script> [8489 bytes]","args":[{"element-6066-11e4-a52e-4f735466cecf":"f.31350D4C963CC80A9541720B3C5CD4D9.d.CB0FFBC63C6CD4957ABBA7B795A5B5DE.e.4870","ELEMENT":"f.31350D4C963CC80A9541720B3C5CD4D9.d.CB0FFBC63C6CD4957ABBA7B795A5B5DE.e.4870"}]}
RESULT: {}
RESULT: {}
COMMAND: POST /session/92e36b7f2589a9e1a7263b5f33980749/window - {"handle":"31350D4C963CC80A9541720B3C5CD4D9"}
RESULT: {"handle":"31350D4C963CC80A9541720B3C5CD4D9"}
COMMAND: GET /session/92e36b7f2589a9e1a7263b5f33980749/url - {}
COMMAND: POST /session/92e36b7f2589a9e1a7263b5f33980749/element - {"using":"xpath","value":"//span[contains(@id ,\"application-addressmanagement-display-component---detailAdm--addressDetailDetailsName1\")][contains(text(), \"WebdriverSitemyj91\")]"}
RESULT: {}
COMMAND: GET /session/92e36b7f2589a9e1a7263b5f33980749/screenshot - {}
RESULT: {"using":"xpath","value":"//span[contains(@id ,\"application-addressmanagement-display-component---detailAdm--addressDetailDetailsName1\")][contains(text(), \"WebdriverSitemyj91\")]"}
COMMAND: POST /session/92e36b7f2589a9e1a7263b5f33980749/element - {"using":"xpath","value":"//span[contains(@id ,\"application-addressmanagement-display-component---detailAdm--addressDetailDetailsName1\")][contains(text(), \"WebdriverSitemyj91\")]"}
RESULT: {"using":"xpath","value":"//span[contains(@id ,\"application-addressmanagement-display-component---detailAdm--addressDetailDetailsName1\")][contains(text(), \"WebdriverSitemyj91\")]"}
RESULT: {}
COMMAND: POST /session/92e36b7f2589a9e1a7263b5f33980749/element - {"using":"xpath","value":"//span[contains(@id ,\"application-addressmanagement-display-component---detailAdm--addressDetailDetailsName1\")][contains(text(), \"WebdriverSitemyj91\")]"}
RESULT: {"using":"xpath","value":"//span[contains(@id ,\"application-addressmanagement-display-component---detailAdm--addressDetailDetailsName1\")][contains(text(), \"WebdriverSitemyj91\")]"}
COMMAND: POST /session/92e36b7f2589a9e1a7263b5f33980749/element - {"using":"xpath","value":"//span[contains(@id ,\"application-addressmanagement-display-component---detailAdm--addressDetailDetailsName1\")][contains(text(), \"WebdriverSitemyj91\")]"}
RESULT: {"using":"xpath","value":"//span[contains(@id ,\"application-addressmanagement-display-component---detailAdm--addressDetailDetailsName1\")][contains(text(), \"WebdriverSitemyj91\")]"}
COMMAND: POST /session/92e36b7f2589a9e1a7263b5f33980749/element - {"using":"xpath","value":"//span[contains(@id ,\"application-addressmanagement-display-component---detailAdm--addressDetailDetailsName1\")][contains(text(), \"WebdriverSitemyj91\")]"}
RESULT: {"using":"xpath","value":"//span[contains(@id ,\"application-addressmanagement-display-component---detailAdm--addressDetailDetailsName1\")][contains(text(), \"WebdriverSitemyj91\")]"}
COMMAND: POST /session/92e36b7f2589a9e1a7263b5f33980749/element - {"using":"xpath","value":"//span[contains(@id ,\"application-addressmanagement-display-component---detailAdm--addressDetailDetailsName1\")][contains(text(), \"WebdriverSitemyj91\")]"}
RESULT: {"using":"xpath","value":"//span[contains(@id ,\"application-addressmanagement-display-component---detailAdm--addressDetailDetailsName1\")][contains(text(), \"WebdriverSitemyj91\")]"}
COMMAND: POST /session/92e36b7f2589a9e1a7263b5f33980749/element - {"using":"xpath","value":"//span[contains(@id ,\"application-addressmanagement-display-component---detailAdm--addressDetailDetailsName1\")][contains(text(), \"WebdriverSitemyj91\")]"}
RESULT: {"using":"xpath","value":"//span[contains(@id ,\"application-addressmanagement-display-component---detailAdm--addressDetailDetailsName1\")][contains(text(), \"WebdriverSitemyj91\")]"}
COMMAND: POST /session/92e36b7f2589a9e1a7263b5f33980749/element - {"using":"xpath","value":"//span[contains(@id ,\"application-addressmanagement-display-component---detailAdm--addressDetailDetailsName1\")][contains(text(), \"WebdriverSitemyj91\")]"}
RESULT: {"using":"xpath","value":"//span[contains(@id ,\"application-addressmanagement-display-component---detailAdm--addressDetailDetailsName1\")][contains(text(), \"WebdriverSitemyj91\")]"}
COMMAND: POST /session/92e36b7f2589a9e1a7263b5f33980749/element - {"using":"xpath","value":"//span[contains(@id ,\"application-addressmanagement-display-component---detailAdm--addressDetailDetailsName1\")][contains(text(), \"WebdriverSitemyj91\")]"}
RESULT: {"using":"xpath","value":"//span[contains(@id ,\"application-addressmanagement-display-component---detailAdm--addressDetailDetailsName1\")][contains(text(), \"WebdriverSitemyj91\")]"}
COMMAND: POST /session/92e36b7f2589a9e1a7263b5f33980749/element - {"using":"xpath","value":"//span[contains(@id ,\"application-addressmanagement-display-component---detailAdm--addressDetailDetailsName1\")][contains(text(), \"WebdriverSitemyj91\")]"}
RESULT: {"using":"xpath","value":"//span[contains(@id ,\"application-addressmanagement-display-component---detailAdm--addressDetailDetailsName1\")][contains(text(), \"WebdriverSitemyj91\")]"}
COMMAND: POST /session/92e36b7f2589a9e1a7263b5f33980749/element - {"using":"xpath","value":"//span[contains(@id ,\"application-addressmanagement-display-component---detailAdm--addressDetailDetailsName1\")][contains(text(), \"WebdriverSitemyj91\")]"}
RESULT: {"using":"xpath","value":"//span[contains(@id ,\"application-addressmanagement-display-component---detailAdm--addressDetailDetailsName1\")][contains(text(), \"WebdriverSitemyj91\")]"}
]]></system-out>
    </testcase>
  </testsuite>
  <testsuite timestamp="2025-05-25T16:22:39" time="273.802" tests="2" failures="0" errors="0" skipped="0">
    <properties>
      <property name="specId" value="0"/>
      <property name="suiteName" value="Webshop - Hyperlinks visible and working properly  US139085"/>
      <property name="capabilities" value="chrome.136_0_7103_93.windows"/>
      <property name="file" value="file:///D:/a/1/s/test/specs/R2C/webshop-hyperlinks-partner-address-contract-item.spec.js"/>
    </properties>
    <testcase classname="chrome.136_0_7103_93.windows.Webshop_-_Hyperlinks_visible_and_working_properly__US139085" name="Should verify the customer and address hyperlinks" time="172.775">
      <system-out><![CDATA[
COMMAND: POST /session/92e36b7f2589a9e1a7263b5f33980749/element - {"using":"xpath","value":"//*[contains(@data-kt ,\"webshopDetailAddressLink\")]"}
RESULT: {"using":"xpath","value":"//*[contains(@data-kt ,\"webshopDetailAddressLink\")]"}
COMMAND: POST /session/92e36b7f2589a9e1a7263b5f33980749/execute/sync - {"script":"<script> [8489 bytes]","args":[{"element-6066-11e4-a52e-4f735466cecf":"f.31350D4C963CC80A9541720B3C5CD4D9.d.CB0FFBC63C6CD4957ABBA7B795A5B5DE.e.5063","ELEMENT":"f.31350D4C963CC80A9541720B3C5CD4D9.d.CB0FFBC63C6CD4957ABBA7B795A5B5DE.e.5063"}]}
RESULT: {"script":"<script> [8489 bytes]","args":[{"element-6066-11e4-a52e-4f735466cecf":"f.31350D4C963CC80A9541720B3C5CD4D9.d.CB0FFBC63C6CD4957ABBA7B795A5B5DE.e.5063","ELEMENT":"f.31350D4C963CC80A9541720B3C5CD4D9.d.CB0FFBC63C6CD4957ABBA7B795A5B5DE.e.5063"}]}
COMMAND: POST /session/92e36b7f2589a9e1a7263b5f33980749/execute/sync - {"script":"<script> [5351 bytes]","args":[{"element-6066-11e4-a52e-4f735466cecf":"f.31350D4C963CC80A9541720B3C5CD4D9.d.CB0FFBC63C6CD4957ABBA7B795A5B5DE.e.5063","ELEMENT":"f.31350D4C963CC80A9541720B3C5CD4D9.d.CB0FFBC63C6CD4957ABBA7B795A5B5DE.e.5063"}]}
RESULT: {"script":"<script> [5351 bytes]","args":[{"element-6066-11e4-a52e-4f735466cecf":"f.31350D4C963CC80A9541720B3C5CD4D9.d.CB0FFBC63C6CD4957ABBA7B795A5B5DE.e.5063","ELEMENT":"f.31350D4C963CC80A9541720B3C5CD4D9.d.CB0FFBC63C6CD4957ABBA7B795A5B5DE.e.5063"}]}
COMMAND: GET /session/92e36b7f2589a9e1a7263b5f33980749/screenshot - {}
COMMAND: GET /session/92e36b7f2589a9e1a7263b5f33980749/screenshot - {}
RESULT: {}
COMMAND: POST /session/92e36b7f2589a9e1a7263b5f33980749/element - {"using":"xpath","value":"//span[contains(@id ,\"application-addressmanagement-display-component---detailAdm--addressDetailDetailsName1\")][contains(text(), \"WebdriverSitemyj91\")]"}
RESULT: {}
RESULT: {"using":"xpath","value":"//span[contains(@id ,\"application-addressmanagement-display-component---detailAdm--addressDetailDetailsName1\")][contains(text(), \"WebdriverSitemyj91\")]"}
COMMAND: POST /session/92e36b7f2589a9e1a7263b5f33980749/element - {"using":"xpath","value":"//span[contains(@id ,\"application-addressmanagement-display-component---detailAdm--addressDetailDetailsName1\")][contains(text(), \"WebdriverSitemyj91\")]"}
RESULT: {"using":"xpath","value":"//span[contains(@id ,\"application-addressmanagement-display-component---detailAdm--addressDetailDetailsName1\")][contains(text(), \"WebdriverSitemyj91\")]"}
COMMAND: POST /session/92e36b7f2589a9e1a7263b5f33980749/element - {"using":"xpath","value":"//span[contains(@id ,\"application-addressmanagement-display-component---detailAdm--addressDetailDetailsName1\")][contains(text(), \"WebdriverSitemyj91\")]"}
RESULT: {"using":"xpath","value":"//span[contains(@id ,\"application-addressmanagement-display-component---detailAdm--addressDetailDetailsName1\")][contains(text(), \"WebdriverSitemyj91\")]"}
COMMAND: POST /session/92e36b7f2589a9e1a7263b5f33980749/element - {"using":"xpath","value":"//span[contains(@id ,\"application-addressmanagement-display-component---detailAdm--addressDetailDetailsName1\")][contains(text(), \"WebdriverSitemyj91\")]"}
RESULT: {"using":"xpath","value":"//span[contains(@id ,\"application-addressmanagement-display-component---detailAdm--addressDetailDetailsName1\")][contains(text(), \"WebdriverSitemyj91\")]"}
COMMAND: POST /session/92e36b7f2589a9e1a7263b5f33980749/element - {"using":"xpath","value":"//span[contains(@id ,\"application-addressmanagement-display-component---detailAdm--addressDetailDetailsName1\")][contains(text(), \"WebdriverSitemyj91\")]"}
RESULT: {"using":"xpath","value":"//span[contains(@id ,\"application-addressmanagement-display-component---detailAdm--addressDetailDetailsName1\")][contains(text(), \"WebdriverSitemyj91\")]"}
COMMAND: POST /session/92e36b7f2589a9e1a7263b5f33980749/element - {"using":"xpath","value":"//span[contains(@id ,\"application-addressmanagement-display-component---detailAdm--addressDetailDetailsName1\")][contains(text(), \"WebdriverSitemyj91\")]"}
RESULT: {"using":"xpath","value":"//span[contains(@id ,\"application-addressmanagement-display-component---detailAdm--addressDetailDetailsName1\")][contains(text(), \"WebdriverSitemyj91\")]"}
COMMAND: POST /session/92e36b7f2589a9e1a7263b5f33980749/element - {"using":"xpath","value":"//span[contains(@id ,\"application-addressmanagement-display-component---detailAdm--addressDetailDetailsName1\")][contains(text(), \"WebdriverSitemyj91\")]"}
RESULT: {"using":"xpath","value":"//span[contains(@id ,\"application-addressmanagement-display-component---detailAdm--addressDetailDetailsName1\")][contains(text(), \"WebdriverSitemyj91\")]"}
COMMAND: POST /session/92e36b7f2589a9e1a7263b5f33980749/element - {"using":"xpath","value":"//span[contains(@id ,\"application-addressmanagement-display-component---detailAdm--addressDetailDetailsName1\")][contains(text(), \"WebdriverSitemyj91\")]"}
RESULT: {"using":"xpath","value":"//span[contains(@id ,\"application-addressmanagement-display-component---detailAdm--addressDetailDetailsName1\")][contains(text(), \"WebdriverSitemyj91\")]"}
COMMAND: POST /session/92e36b7f2589a9e1a7263b5f33980749/element - {"using":"xpath","value":"//span[contains(@id ,\"application-addressmanagement-display-component---detailAdm--addressDetailDetailsName1\")][contains(text(), \"WebdriverSitemyj91\")]"}
RESULT: {"using":"xpath","value":"//span[contains(@id ,\"application-addressmanagement-display-component---detailAdm--addressDetailDetailsName1\")][contains(text(), \"WebdriverSitemyj91\")]"}
COMMAND: POST /session/92e36b7f2589a9e1a7263b5f33980749/element - {"using":"xpath","value":"//*[contains(@data-kt ,\"webshopDetailAddressLink\")]"}
RESULT: {"using":"xpath","value":"//*[contains(@data-kt ,\"webshopDetailAddressLink\")]"}
COMMAND: POST /session/92e36b7f2589a9e1a7263b5f33980749/element/f.31350D4C963CC80A9541720B3C5CD4D9.d.CB0FFBC63C6CD4957ABBA7B795A5B5DE.e.5063/click - {}
RESULT: {}
COMMAND: GET /session/92e36b7f2589a9e1a7263b5f33980749/screenshot - {}
COMMAND: POST /session/92e36b7f2589a9e1a7263b5f33980749/element - {"using":"xpath","value":"//span[contains(@id ,\"application-addressmanagement-display-component---detailAdm--addressDetailDetailsName1\")][contains(text(), \"WebdriverSitemyj91\")]"}
RESULT: {}
RESULT: {"using":"xpath","value":"//span[contains(@id ,\"application-addressmanagement-display-component---detailAdm--addressDetailDetailsName1\")][contains(text(), \"WebdriverSitemyj91\")]"}
COMMAND: POST /session/92e36b7f2589a9e1a7263b5f33980749/element - {"using":"xpath","value":"//span[contains(@id ,\"application-addressmanagement-display-component---detailAdm--addressDetailDetailsName1\")][contains(text(), \"WebdriverSitemyj91\")]"}
RESULT: {"using":"xpath","value":"//span[contains(@id ,\"application-addressmanagement-display-component---detailAdm--addressDetailDetailsName1\")][contains(text(), \"WebdriverSitemyj91\")]"}
COMMAND: POST /session/92e36b7f2589a9e1a7263b5f33980749/element - {"using":"xpath","value":"//span[contains(@id ,\"application-addressmanagement-display-component---detailAdm--addressDetailDetailsName1\")][contains(text(), \"WebdriverSitemyj91\")]"}
RESULT: {"using":"xpath","value":"//span[contains(@id ,\"application-addressmanagement-display-component---detailAdm--addressDetailDetailsName1\")][contains(text(), \"WebdriverSitemyj91\")]"}
COMMAND: POST /session/92e36b7f2589a9e1a7263b5f33980749/element - {"using":"xpath","value":"//span[contains(@id ,\"application-addressmanagement-display-component---detailAdm--addressDetailDetailsName1\")][contains(text(), \"WebdriverSitemyj91\")]"}
RESULT: {"using":"xpath","value":"//span[contains(@id ,\"application-addressmanagement-display-component---detailAdm--addressDetailDetailsName1\")][contains(text(), \"WebdriverSitemyj91\")]"}
COMMAND: POST /session/92e36b7f2589a9e1a7263b5f33980749/element - {"using":"xpath","value":"//*[contains(@data-kt ,\"ContextMenuId2Link\")][contains(text(), \"Address Overview\")]"}
RESULT: {"using":"xpath","value":"//*[contains(@data-kt ,\"ContextMenuId2Link\")][contains(text(), \"Address Overview\")]"}
COMMAND: POST /session/92e36b7f2589a9e1a7263b5f33980749/execute/sync - {"script":"<script> [8489 bytes]","args":[{"element-6066-11e4-a52e-4f735466cecf":"f.31350D4C963CC80A9541720B3C5CD4D9.d.CB0FFBC63C6CD4957ABBA7B795A5B5DE.e.5065","ELEMENT":"f.31350D4C963CC80A9541720B3C5CD4D9.d.CB0FFBC63C6CD4957ABBA7B795A5B5DE.e.5065"}]}
COMMAND: POST /session/92e36b7f2589a9e1a7263b5f33980749/element - {"using":"xpath","value":"//*[contains(@data-kt ,\"ContextMenuId2Link\")][contains(text(), \"Address Overview\")]"}
RESULT: {"script":"<script> [8489 bytes]","args":[{"element-6066-11e4-a52e-4f735466cecf":"f.31350D4C963CC80A9541720B3C5CD4D9.d.CB0FFBC63C6CD4957ABBA7B795A5B5DE.e.5065","ELEMENT":"f.31350D4C963CC80A9541720B3C5CD4D9.d.CB0FFBC63C6CD4957ABBA7B795A5B5DE.e.5065"}]}
COMMAND: GET /session/92e36b7f2589a9e1a7263b5f33980749/screenshot - {}
RESULT: {"using":"xpath","value":"//*[contains(@data-kt ,\"ContextMenuId2Link\")][contains(text(), \"Address Overview\")]"}
COMMAND: POST /session/92e36b7f2589a9e1a7263b5f33980749/element/f.31350D4C963CC80A9541720B3C5CD4D9.d.CB0FFBC63C6CD4957ABBA7B795A5B5DE.e.5065/click - {}
RESULT: {}
COMMAND: POST /session/92e36b7f2589a9e1a7263b5f33980749/element - {"using":"xpath","value":"//span[contains(@id ,\"application-addressmanagement-display-component---detailAdm--addressDetailDetailsName1\")][contains(text(), \"WebdriverSitemyj91\")]"}
RESULT: {}
COMMAND: GET /session/92e36b7f2589a9e1a7263b5f33980749/screenshot - {}
RESULT: {"using":"xpath","value":"//span[contains(@id ,\"application-addressmanagement-display-component---detailAdm--addressDetailDetailsName1\")][contains(text(), \"WebdriverSitemyj91\")]"}
COMMAND: POST /session/92e36b7f2589a9e1a7263b5f33980749/element - {"using":"xpath","value":"//span[contains(@id ,\"application-addressmanagement-display-component---detailAdm--addressDetailDetailsName1\")][contains(text(), \"WebdriverSitemyj91\")]"}
RESULT: {}
RESULT: {"using":"xpath","value":"//span[contains(@id ,\"application-addressmanagement-display-component---detailAdm--addressDetailDetailsName1\")][contains(text(), \"WebdriverSitemyj91\")]"}
COMMAND: POST /session/92e36b7f2589a9e1a7263b5f33980749/execute/sync - {"script":"<script> [8489 bytes]","args":[{"element-6066-11e4-a52e-4f735466cecf":"f.31350D4C963CC80A9541720B3C5CD4D9.d.CB0FFBC63C6CD4957ABBA7B795A5B5DE.e.5261","ELEMENT":"f.31350D4C963CC80A9541720B3C5CD4D9.d.CB0FFBC63C6CD4957ABBA7B795A5B5DE.e.5261"}]}
RESULT: {"script":"<script> [8489 bytes]","args":[{"element-6066-11e4-a52e-4f735466cecf":"f.31350D4C963CC80A9541720B3C5CD4D9.d.CB0FFBC63C6CD4957ABBA7B795A5B5DE.e.5261","ELEMENT":"f.31350D4C963CC80A9541720B3C5CD4D9.d.CB0FFBC63C6CD4957ABBA7B795A5B5DE.e.5261"}]}
COMMAND: GET /session/92e36b7f2589a9e1a7263b5f33980749/screenshot - {}
RESULT: {}
RESULT: undefined
COMMAND: POST /session/92e36b7f2589a9e1a7263b5f33980749/execute/async - {"script":"<script> [6424 bytes]","args":[{"element-6066-11e4-a52e-4f735466cecf":"f.31350D4C963CC80A9541720B3C5CD4D9.d.CB0FFBC63C6CD4957ABBA7B795A5B5DE.e.3276"},"getTitle",[]]}
COMMAND: POST /session/92e36b7f2589a9e1a7263b5f33980749/execute/async - {"script":"<script> [1562 bytes]","args":[{"selector":{"id":"shellAppTitle"},"wdio_ui5_key":"shellAppTitle"}]}
RESULT: {"script":"<script> [1562 bytes]","args":[{"selector":{"id":"shellAppTitle"},"wdio_ui5_key":"shellAppTitle"}]}
COMMAND: POST /session/92e36b7f2589a9e1a7263b5f33980749/execute/async - {"script":"<script> [6424 bytes]","args":[{"element-6066-11e4-a52e-4f735466cecf":"f.31350D4C963CC80A9541720B3C5CD4D9.d.CB0FFBC63C6CD4957ABBA7B795A5B5DE.e.5264"},"getTitle",[]]}
RESULT: {"script":"<script> [6424 bytes]","args":[{"element-6066-11e4-a52e-4f735466cecf":"f.31350D4C963CC80A9541720B3C5CD4D9.d.CB0FFBC63C6CD4957ABBA7B795A5B5DE.e.5264"},"getTitle",[]]}
COMMAND: POST /session/92e36b7f2589a9e1a7263b5f33980749/element - {"using":"xpath","value":"//span[contains(@id ,\"application-addressmanagement-display-component---detailAdm--addressDetailDetailsName1\")][contains(text(), \"WebdriverSitemyj91\")]"}
RESULT: {"using":"xpath","value":"//span[contains(@id ,\"application-addressmanagement-display-component---detailAdm--addressDetailDetailsName1\")][contains(text(), \"WebdriverSitemyj91\")]"}
COMMAND: POST /session/92e36b7f2589a9e1a7263b5f33980749/execute/sync - {"script":"<script> [8489 bytes]","args":[{"element-6066-11e4-a52e-4f735466cecf":"f.31350D4C963CC80A9541720B3C5CD4D9.d.CB0FFBC63C6CD4957ABBA7B795A5B5DE.e.5261","ELEMENT":"f.31350D4C963CC80A9541720B3C5CD4D9.d.CB0FFBC63C6CD4957ABBA7B795A5B5DE.e.5261"}]}
RESULT: undefined
COMMAND: POST /session/92e36b7f2589a9e1a7263b5f33980749/element - {"using":"xpath","value":"//*[@id=\"backBtn\"]"}
RESULT: {"script":"<script> [8489 bytes]","args":[{"element-6066-11e4-a52e-4f735466cecf":"f.31350D4C963CC80A9541720B3C5CD4D9.d.CB0FFBC63C6CD4957ABBA7B795A5B5DE.e.5261","ELEMENT":"f.31350D4C963CC80A9541720B3C5CD4D9.d.CB0FFBC63C6CD4957ABBA7B795A5B5DE.e.5261"}]}
COMMAND: GET /session/92e36b7f2589a9e1a7263b5f33980749/screenshot - {}
RESULT: {"using":"xpath","value":"//*[@id=\"backBtn\"]"}
COMMAND: POST /session/92e36b7f2589a9e1a7263b5f33980749/element/f.31350D4C963CC80A9541720B3C5CD4D9.d.CB0FFBC63C6CD4957ABBA7B795A5B5DE.e.3278/click - {}
RESULT: {}
RESULT: {}
COMMAND: GET /session/92e36b7f2589a9e1a7263b5f33980749/screenshot - {}
RESULT: {}
COMMAND: POST /session/92e36b7f2589a9e1a7263b5f33980749/execute/sync - {"script":"<script> [8489 bytes]","args":[{"element-6066-11e4-a52e-4f735466cecf":"f.31350D4C963CC80A9541720B3C5CD4D9.d.CB0FFBC63C6CD4957ABBA7B795A5B5DE.e.5063","ELEMENT":"f.31350D4C963CC80A9541720B3C5CD4D9.d.CB0FFBC63C6CD4957ABBA7B795A5B5DE.e.5063"}]}
COMMAND: POST /session/92e36b7f2589a9e1a7263b5f33980749/element - {"using":"xpath","value":"//*[contains(@data-kt ,\"webshopDetailAddressLink\")]"}
RESULT: {"using":"xpath","value":"//*[contains(@data-kt ,\"webshopDetailAddressLink\")]"}
COMMAND: POST /session/92e36b7f2589a9e1a7263b5f33980749/execute/sync - {"script":"<script> [8489 bytes]","args":[{"element-6066-11e4-a52e-4f735466cecf":"f.31350D4C963CC80A9541720B3C5CD4D9.d.CB0FFBC63C6CD4957ABBA7B795A5B5DE.e.5396","ELEMENT":"f.31350D4C963CC80A9541720B3C5CD4D9.d.CB0FFBC63C6CD4957ABBA7B795A5B5DE.e.5396"}]}
RESULT: {"script":"<script> [8489 bytes]","args":[{"element-6066-11e4-a52e-4f735466cecf":"f.31350D4C963CC80A9541720B3C5CD4D9.d.CB0FFBC63C6CD4957ABBA7B795A5B5DE.e.5396","ELEMENT":"f.31350D4C963CC80A9541720B3C5CD4D9.d.CB0FFBC63C6CD4957ABBA7B795A5B5DE.e.5396"}]}
COMMAND: POST /session/92e36b7f2589a9e1a7263b5f33980749/execute/sync - {"script":"<script> [5351 bytes]","args":[{"element-6066-11e4-a52e-4f735466cecf":"f.31350D4C963CC80A9541720B3C5CD4D9.d.CB0FFBC63C6CD4957ABBA7B795A5B5DE.e.5396","ELEMENT":"f.31350D4C963CC80A9541720B3C5CD4D9.d.CB0FFBC63C6CD4957ABBA7B795A5B5DE.e.5396"}]}
COMMAND: GET /session/92e36b7f2589a9e1a7263b5f33980749/screenshot - {}
RESULT: {"script":"<script> [5351 bytes]","args":[{"element-6066-11e4-a52e-4f735466cecf":"f.31350D4C963CC80A9541720B3C5CD4D9.d.CB0FFBC63C6CD4957ABBA7B795A5B5DE.e.5396","ELEMENT":"f.31350D4C963CC80A9541720B3C5CD4D9.d.CB0FFBC63C6CD4957ABBA7B795A5B5DE.e.5396"}]}
COMMAND: POST /session/92e36b7f2589a9e1a7263b5f33980749/element - {"using":"xpath","value":"//*[contains(@data-kt ,\"webshopDetailAddressLink\")]"}
COMMAND: GET /session/92e36b7f2589a9e1a7263b5f33980749/screenshot - {}
RESULT: {}
RESULT: {"using":"xpath","value":"//*[contains(@data-kt ,\"webshopDetailAddressLink\")]"}
COMMAND: POST /session/92e36b7f2589a9e1a7263b5f33980749/element/f.31350D4C963CC80A9541720B3C5CD4D9.d.CB0FFBC63C6CD4957ABBA7B795A5B5DE.e.5396/click - {}
RESULT: {}
RESULT: {}
COMMAND: GET /session/92e36b7f2589a9e1a7263b5f33980749/screenshot - {}
RESULT: {}
COMMAND: POST /session/92e36b7f2589a9e1a7263b5f33980749/element - {"using":"xpath","value":"//button[contains(@data-kt ,\"ContextMenuExternalId2Link\")]"}
RESULT: {"using":"xpath","value":"//button[contains(@data-kt ,\"ContextMenuExternalId2Link\")]"}
COMMAND: POST /session/92e36b7f2589a9e1a7263b5f33980749/element/f.31350D4C963CC80A9541720B3C5CD4D9.d.CB0FFBC63C6CD4957ABBA7B795A5B5DE.e.5397/click - {}
RESULT: {}
COMMAND: GET /session/92e36b7f2589a9e1a7263b5f33980749/screenshot - {}
RESULT: {}
COMMAND: GET /session/92e36b7f2589a9e1a7263b5f33980749/window/handles - {}
RESULT: {}
COMMAND: POST /session/92e36b7f2589a9e1a7263b5f33980749/window - {"handle":"91F4573633096D95235BD776D74300B9"}
RESULT: {"handle":"91F4573633096D95235BD776D74300B9"}
COMMAND: GET /session/92e36b7f2589a9e1a7263b5f33980749/url - {}
RESULT: {}
COMMAND: GET /session/92e36b7f2589a9e1a7263b5f33980749/screenshot - {}
RESULT: {}
COMMAND: POST /session/92e36b7f2589a9e1a7263b5f33980749/execute/sync - {"script":"<script> [8489 bytes]","args":[{"element-6066-11e4-a52e-4f735466cecf":"f.31350D4C963CC80A9541720B3C5CD4D9.d.CB0FFBC63C6CD4957ABBA7B795A5B5DE.e.5261","ELEMENT":"f.31350D4C963CC80A9541720B3C5CD4D9.d.CB0FFBC63C6CD4957ABBA7B795A5B5DE.e.5261"}]}
COMMAND: DELETE /session/92e36b7f2589a9e1a7263b5f33980749/window - {}
RESULT: {}
COMMAND: POST /session/92e36b7f2589a9e1a7263b5f33980749/window - {"handle":"31350D4C963CC80A9541720B3C5CD4D9"}
RESULT: {"handle":"31350D4C963CC80A9541720B3C5CD4D9"}
COMMAND: GET /session/92e36b7f2589a9e1a7263b5f33980749/url - {}
COMMAND: POST /session/92e36b7f2589a9e1a7263b5f33980749/element - {"using":"xpath","value":"//span[contains(@id ,\"application-addressmanagement-display-component---detailAdm--addressDetailDetailsName1\")][contains(text(), \"WebdriverSitemyj91\")]"}
RESULT: {}
COMMAND: GET /session/92e36b7f2589a9e1a7263b5f33980749/screenshot - {}
RESULT: {"using":"xpath","value":"//span[contains(@id ,\"application-addressmanagement-display-component---detailAdm--addressDetailDetailsName1\")][contains(text(), \"WebdriverSitemyj91\")]"}
COMMAND: POST /session/92e36b7f2589a9e1a7263b5f33980749/element - {"using":"xpath","value":"//span[contains(@id ,\"application-addressmanagement-display-component---detailAdm--addressDetailDetailsName1\")][contains(text(), \"WebdriverSitemyj91\")]"}
RESULT: {}
RESULT: {"using":"xpath","value":"//span[contains(@id ,\"application-addressmanagement-display-component---detailAdm--addressDetailDetailsName1\")][contains(text(), \"WebdriverSitemyj91\")]"}
COMMAND: POST /session/92e36b7f2589a9e1a7263b5f33980749/element - {"using":"xpath","value":"//span[contains(@id ,\"application-addressmanagement-display-component---detailAdm--addressDetailDetailsName1\")][contains(text(), \"WebdriverSitemyj91\")]"}
RESULT: {"using":"xpath","value":"//span[contains(@id ,\"application-addressmanagement-display-component---detailAdm--addressDetailDetailsName1\")][contains(text(), \"WebdriverSitemyj91\")]"}
COMMAND: POST /session/92e36b7f2589a9e1a7263b5f33980749/element - {"using":"xpath","value":"//span[contains(@id ,\"application-addressmanagement-display-component---detailAdm--addressDetailDetailsName1\")][contains(text(), \"WebdriverSitemyj91\")]"}
RESULT: {"using":"xpath","value":"//span[contains(@id ,\"application-addressmanagement-display-component---detailAdm--addressDetailDetailsName1\")][contains(text(), \"WebdriverSitemyj91\")]"}
COMMAND: POST /session/92e36b7f2589a9e1a7263b5f33980749/element - {"using":"xpath","value":"//span[contains(@id ,\"application-addressmanagement-display-component---detailAdm--addressDetailDetailsName1\")][contains(text(), \"WebdriverSitemyj91\")]"}
RESULT: {"using":"xpath","value":"//span[contains(@id ,\"application-addressmanagement-display-component---detailAdm--addressDetailDetailsName1\")][contains(text(), \"WebdriverSitemyj91\")]"}
COMMAND: POST /session/92e36b7f2589a9e1a7263b5f33980749/element - {"using":"xpath","value":"//*[contains(@data-kt ,\"webshopDetailCustomerLink\")]"}
COMMAND: POST /session/92e36b7f2589a9e1a7263b5f33980749/element - {"using":"xpath","value":"//span[contains(@id ,\"application-addressmanagement-display-component---detailAdm--addressDetailDetailsName1\")][contains(text(), \"WebdriverSitemyj91\")]"}
RESULT: {"using":"xpath","value":"//*[contains(@data-kt ,\"webshopDetailCustomerLink\")]"}
COMMAND: POST /session/92e36b7f2589a9e1a7263b5f33980749/execute/sync - {"script":"<script> [8489 bytes]","args":[{"element-6066-11e4-a52e-4f735466cecf":"f.31350D4C963CC80A9541720B3C5CD4D9.d.CB0FFBC63C6CD4957ABBA7B795A5B5DE.e.5403","ELEMENT":"f.31350D4C963CC80A9541720B3C5CD4D9.d.CB0FFBC63C6CD4957ABBA7B795A5B5DE.e.5403"}]}
RESULT: {"using":"xpath","value":"//span[contains(@id ,\"application-addressmanagement-display-component---detailAdm--addressDetailDetailsName1\")][contains(text(), \"WebdriverSitemyj91\")]"}
RESULT: {"script":"<script> [8489 bytes]","args":[{"element-6066-11e4-a52e-4f735466cecf":"f.31350D4C963CC80A9541720B3C5CD4D9.d.CB0FFBC63C6CD4957ABBA7B795A5B5DE.e.5403","ELEMENT":"f.31350D4C963CC80A9541720B3C5CD4D9.d.CB0FFBC63C6CD4957ABBA7B795A5B5DE.e.5403"}]}
COMMAND: POST /session/92e36b7f2589a9e1a7263b5f33980749/execute/sync - {"script":"<script> [5351 bytes]","args":[{"element-6066-11e4-a52e-4f735466cecf":"f.31350D4C963CC80A9541720B3C5CD4D9.d.CB0FFBC63C6CD4957ABBA7B795A5B5DE.e.5403","ELEMENT":"f.31350D4C963CC80A9541720B3C5CD4D9.d.CB0FFBC63C6CD4957ABBA7B795A5B5DE.e.5403"}]}
RESULT: {"script":"<script> [5351 bytes]","args":[{"element-6066-11e4-a52e-4f735466cecf":"f.31350D4C963CC80A9541720B3C5CD4D9.d.CB0FFBC63C6CD4957ABBA7B795A5B5DE.e.5403","ELEMENT":"f.31350D4C963CC80A9541720B3C5CD4D9.d.CB0FFBC63C6CD4957ABBA7B795A5B5DE.e.5403"}]}
COMMAND: POST /session/92e36b7f2589a9e1a7263b5f33980749/element - {"using":"xpath","value":"//*[contains(@data-kt ,\"webshopDetailCustomerLink\")]"}
RESULT: {"using":"xpath","value":"//*[contains(@data-kt ,\"webshopDetailCustomerLink\")]"}
COMMAND: POST /session/92e36b7f2589a9e1a7263b5f33980749/element/f.31350D4C963CC80A9541720B3C5CD4D9.d.CB0FFBC63C6CD4957ABBA7B795A5B5DE.e.5403/click - {}
COMMAND: POST /session/92e36b7f2589a9e1a7263b5f33980749/element - {"using":"xpath","value":"//span[contains(@id ,\"application-addressmanagement-display-component---detailAdm--addressDetailDetailsName1\")][contains(text(), \"WebdriverSitemyj91\")]"}
COMMAND: GET /session/92e36b7f2589a9e1a7263b5f33980749/screenshot - {}
COMMAND: GET /session/92e36b7f2589a9e1a7263b5f33980749/screenshot - {}
RESULT: {}
COMMAND: GET /session/92e36b7f2589a9e1a7263b5f33980749/screenshot - {}
RESULT: {"using":"xpath","value":"//span[contains(@id ,\"application-addressmanagement-display-component---detailAdm--addressDetailDetailsName1\")][contains(text(), \"WebdriverSitemyj91\")]"}
RESULT: {}
RESULT: {}
COMMAND: POST /session/92e36b7f2589a9e1a7263b5f33980749/element - {"using":"xpath","value":"//span[contains(@id ,\"application-addressmanagement-display-component---detailAdm--addressDetailDetailsName1\")][contains(text(), \"WebdriverSitemyj91\")]"}
RESULT: {}
RESULT: {"using":"xpath","value":"//span[contains(@id ,\"application-addressmanagement-display-component---detailAdm--addressDetailDetailsName1\")][contains(text(), \"WebdriverSitemyj91\")]"}
COMMAND: POST /session/92e36b7f2589a9e1a7263b5f33980749/element - {"using":"xpath","value":"//span[contains(@id ,\"application-addressmanagement-display-component---detailAdm--addressDetailDetailsName1\")][contains(text(), \"WebdriverSitemyj91\")]"}
RESULT: {"using":"xpath","value":"//span[contains(@id ,\"application-addressmanagement-display-component---detailAdm--addressDetailDetailsName1\")][contains(text(), \"WebdriverSitemyj91\")]"}
COMMAND: POST /session/92e36b7f2589a9e1a7263b5f33980749/element - {"using":"xpath","value":"//span[contains(@id ,\"application-addressmanagement-display-component---detailAdm--addressDetailDetailsName1\")][contains(text(), \"WebdriverSitemyj91\")]"}
RESULT: {"using":"xpath","value":"//span[contains(@id ,\"application-addressmanagement-display-component---detailAdm--addressDetailDetailsName1\")][contains(text(), \"WebdriverSitemyj91\")]"}
COMMAND: POST /session/92e36b7f2589a9e1a7263b5f33980749/element - {"using":"xpath","value":"//*[contains(@data-kt ,\"ContextMenuId2Link\")][contains(text(), \"Partner Overview\")]"}
RESULT: {"using":"xpath","value":"//*[contains(@data-kt ,\"ContextMenuId2Link\")][contains(text(), \"Partner Overview\")]"}
COMMAND: POST /session/92e36b7f2589a9e1a7263b5f33980749/execute/sync - {"script":"<script> [8489 bytes]","args":[{"element-6066-11e4-a52e-4f735466cecf":"f.31350D4C963CC80A9541720B3C5CD4D9.d.CB0FFBC63C6CD4957ABBA7B795A5B5DE.e.5405","ELEMENT":"f.31350D4C963CC80A9541720B3C5CD4D9.d.CB0FFBC63C6CD4957ABBA7B795A5B5DE.e.5405"}]}
COMMAND: POST /session/92e36b7f2589a9e1a7263b5f33980749/element - {"using":"xpath","value":"//*[contains(@data-kt ,\"ContextMenuId2Link\")][contains(text(), \"Partner Overview\")]"}
RESULT: {"script":"<script> [8489 bytes]","args":[{"element-6066-11e4-a52e-4f735466cecf":"f.31350D4C963CC80A9541720B3C5CD4D9.d.CB0FFBC63C6CD4957ABBA7B795A5B5DE.e.5405","ELEMENT":"f.31350D4C963CC80A9541720B3C5CD4D9.d.CB0FFBC63C6CD4957ABBA7B795A5B5DE.e.5405"}]}
COMMAND: GET /session/92e36b7f2589a9e1a7263b5f33980749/screenshot - {}
RESULT: {"using":"xpath","value":"//*[contains(@data-kt ,\"ContextMenuId2Link\")][contains(text(), \"Partner Overview\")]"}
COMMAND: POST /session/92e36b7f2589a9e1a7263b5f33980749/element/f.31350D4C963CC80A9541720B3C5CD4D9.d.CB0FFBC63C6CD4957ABBA7B795A5B5DE.e.5405/click - {}
RESULT: {}
COMMAND: POST /session/92e36b7f2589a9e1a7263b5f33980749/element - {"using":"xpath","value":"//span[contains(@id ,\"application-addressmanagement-display-component---detailAdm--addressDetailDetailsName1\")][contains(text(), \"WebdriverSitemyj91\")]"}
RESULT: {}
COMMAND: GET /session/92e36b7f2589a9e1a7263b5f33980749/screenshot - {}
RESULT: {"using":"xpath","value":"//span[contains(@id ,\"application-addressmanagement-display-component---detailAdm--addressDetailDetailsName1\")][contains(text(), \"WebdriverSitemyj91\")]"}
COMMAND: POST /session/92e36b7f2589a9e1a7263b5f33980749/element - {"using":"xpath","value":"//span[contains(@id ,\"application-addressmanagement-display-component---detailAdm--addressDetailDetailsName1\")][contains(text(), \"WebdriverSitemyj91\")]"}
RESULT: {}
RESULT: {"using":"xpath","value":"//span[contains(@id ,\"application-addressmanagement-display-component---detailAdm--addressDetailDetailsName1\")][contains(text(), \"WebdriverSitemyj91\")]"}
RESULT: undefined
COMMAND: POST /session/92e36b7f2589a9e1a7263b5f33980749/execute/async - {"script":"<script> [6424 bytes]","args":[{"element-6066-11e4-a52e-4f735466cecf":"f.31350D4C963CC80A9541720B3C5CD4D9.d.CB0FFBC63C6CD4957ABBA7B795A5B5DE.e.3276"},"getTitle",[]]}
COMMAND: POST /session/92e36b7f2589a9e1a7263b5f33980749/execute/async - {"script":"<script> [1562 bytes]","args":[{"selector":{"id":"shellAppTitle"},"wdio_ui5_key":"shellAppTitle"}]}
RESULT: {"script":"<script> [1562 bytes]","args":[{"selector":{"id":"shellAppTitle"},"wdio_ui5_key":"shellAppTitle"}]}
COMMAND: POST /session/92e36b7f2589a9e1a7263b5f33980749/execute/async - {"script":"<script> [6424 bytes]","args":[{"element-6066-11e4-a52e-4f735466cecf":"f.31350D4C963CC80A9541720B3C5CD4D9.d.CB0FFBC63C6CD4957ABBA7B795A5B5DE.e.5644"},"getTitle",[]]}
COMMAND: POST /session/92e36b7f2589a9e1a7263b5f33980749/element - {"using":"xpath","value":"//span[contains(@id ,\"application-addressmanagement-display-component---detailAdm--addressDetailDetailsName1\")][contains(text(), \"WebdriverSitemyj91\")]"}
RESULT: {"script":"<script> [6424 bytes]","args":[{"element-6066-11e4-a52e-4f735466cecf":"f.31350D4C963CC80A9541720B3C5CD4D9.d.CB0FFBC63C6CD4957ABBA7B795A5B5DE.e.5644"},"getTitle",[]]}
COMMAND: POST /session/92e36b7f2589a9e1a7263b5f33980749/element - {"using":"xpath","value":"//span[contains(@id ,\"title\")][contains(text(), \"WebdriverPartnerawvji\")]"}
RESULT: {"using":"xpath","value":"//span[contains(@id ,\"application-addressmanagement-display-component---detailAdm--addressDetailDetailsName1\")][contains(text(), \"WebdriverSitemyj91\")]"}
RESULT: {"using":"xpath","value":"//span[contains(@id ,\"title\")][contains(text(), \"WebdriverPartnerawvji\")]"}
COMMAND: POST /session/92e36b7f2589a9e1a7263b5f33980749/execute/sync - {"script":"<script> [8489 bytes]","args":[{"element-6066-11e4-a52e-4f735466cecf":"f.31350D4C963CC80A9541720B3C5CD4D9.d.CB0FFBC63C6CD4957ABBA7B795A5B5DE.e.5645","ELEMENT":"f.31350D4C963CC80A9541720B3C5CD4D9.d.CB0FFBC63C6CD4957ABBA7B795A5B5DE.e.5645"}]}
RESULT: undefined
COMMAND: POST /session/92e36b7f2589a9e1a7263b5f33980749/element - {"using":"xpath","value":"//*[@id=\"backBtn\"]"}
RESULT: {"using":"xpath","value":"//*[@id=\"backBtn\"]"}
COMMAND: POST /session/92e36b7f2589a9e1a7263b5f33980749/element/f.31350D4C963CC80A9541720B3C5CD4D9.d.CB0FFBC63C6CD4957ABBA7B795A5B5DE.e.3278/click - {}
RESULT: {"script":"<script> [8489 bytes]","args":[{"element-6066-11e4-a52e-4f735466cecf":"f.31350D4C963CC80A9541720B3C5CD4D9.d.CB0FFBC63C6CD4957ABBA7B795A5B5DE.e.5645","ELEMENT":"f.31350D4C963CC80A9541720B3C5CD4D9.d.CB0FFBC63C6CD4957ABBA7B795A5B5DE.e.5645"}]}
COMMAND: GET /session/92e36b7f2589a9e1a7263b5f33980749/screenshot - {}
RESULT: {}
COMMAND: GET /session/92e36b7f2589a9e1a7263b5f33980749/screenshot - {}
COMMAND: POST /session/92e36b7f2589a9e1a7263b5f33980749/element - {"using":"xpath","value":"//span[contains(@id ,\"application-addressmanagement-display-component---detailAdm--addressDetailDetailsName1\")][contains(text(), \"WebdriverSitemyj91\")]"}
COMMAND: POST /session/92e36b7f2589a9e1a7263b5f33980749/execute/sync - {"script":"<script> [8489 bytes]","args":[{"element-6066-11e4-a52e-4f735466cecf":"f.31350D4C963CC80A9541720B3C5CD4D9.d.CB0FFBC63C6CD4957ABBA7B795A5B5DE.e.5645","ELEMENT":"f.31350D4C963CC80A9541720B3C5CD4D9.d.CB0FFBC63C6CD4957ABBA7B795A5B5DE.e.5645"}]}
RESULT: {}
RESULT: {}
RESULT: {"using":"xpath","value":"//span[contains(@id ,\"application-addressmanagement-display-component---detailAdm--addressDetailDetailsName1\")][contains(text(), \"WebdriverSitemyj91\")]"}
COMMAND: POST /session/92e36b7f2589a9e1a7263b5f33980749/element - {"using":"xpath","value":"//span[contains(@id ,\"title\")][contains(text(), \"WebdriverPartnerawvji\")]"}
RESULT: {"using":"xpath","value":"//span[contains(@id ,\"title\")][contains(text(), \"WebdriverPartnerawvji\")]"}
COMMAND: POST /session/92e36b7f2589a9e1a7263b5f33980749/element - {"using":"xpath","value":"//span[contains(@id ,\"title\")][contains(text(), \"WebdriverPartnerawvji\")]"}
COMMAND: POST /session/92e36b7f2589a9e1a7263b5f33980749/element - {"using":"xpath","value":"//span[contains(@id ,\"application-addressmanagement-display-component---detailAdm--addressDetailDetailsName1\")][contains(text(), \"WebdriverSitemyj91\")]"}
RESULT: {"using":"xpath","value":"//span[contains(@id ,\"title\")][contains(text(), \"WebdriverPartnerawvji\")]"}
RESULT: {"using":"xpath","value":"//span[contains(@id ,\"application-addressmanagement-display-component---detailAdm--addressDetailDetailsName1\")][contains(text(), \"WebdriverSitemyj91\")]"}
COMMAND: POST /session/92e36b7f2589a9e1a7263b5f33980749/element - {"using":"xpath","value":"//span[contains(@id ,\"title\")][contains(text(), \"WebdriverPartnerawvji\")]"}
COMMAND: POST /session/92e36b7f2589a9e1a7263b5f33980749/element - {"using":"xpath","value":"//span[contains(@id ,\"application-addressmanagement-display-component---detailAdm--addressDetailDetailsName1\")][contains(text(), \"WebdriverSitemyj91\")]"}
COMMAND: POST /session/92e36b7f2589a9e1a7263b5f33980749/execute/sync - {"script":"<script> [8489 bytes]","args":[{"element-6066-11e4-a52e-4f735466cecf":"f.31350D4C963CC80A9541720B3C5CD4D9.d.CB0FFBC63C6CD4957ABBA7B795A5B5DE.e.5403","ELEMENT":"f.31350D4C963CC80A9541720B3C5CD4D9.d.CB0FFBC63C6CD4957ABBA7B795A5B5DE.e.5403"}]}
RESULT: {"using":"xpath","value":"//span[contains(@id ,\"title\")][contains(text(), \"WebdriverPartnerawvji\")]"}
COMMAND: POST /session/92e36b7f2589a9e1a7263b5f33980749/element - {"using":"xpath","value":"//*[contains(@data-kt ,\"webshopDetailCustomerLink\")]"}
RESULT: {"using":"xpath","value":"//span[contains(@id ,\"application-addressmanagement-display-component---detailAdm--addressDetailDetailsName1\")][contains(text(), \"WebdriverSitemyj91\")]"}
RESULT: {"using":"xpath","value":"//*[contains(@data-kt ,\"webshopDetailCustomerLink\")]"}
COMMAND: POST /session/92e36b7f2589a9e1a7263b5f33980749/execute/sync - {"script":"<script> [8489 bytes]","args":[{"element-6066-11e4-a52e-4f735466cecf":"f.31350D4C963CC80A9541720B3C5CD4D9.d.CB0FFBC63C6CD4957ABBA7B795A5B5DE.e.5811","ELEMENT":"f.31350D4C963CC80A9541720B3C5CD4D9.d.CB0FFBC63C6CD4957ABBA7B795A5B5DE.e.5811"}]}
COMMAND: POST /session/92e36b7f2589a9e1a7263b5f33980749/element - {"using":"xpath","value":"//span[contains(@id ,\"title\")][contains(text(), \"WebdriverPartnerawvji\")]"}
RESULT: {"script":"<script> [8489 bytes]","args":[{"element-6066-11e4-a52e-4f735466cecf":"f.31350D4C963CC80A9541720B3C5CD4D9.d.CB0FFBC63C6CD4957ABBA7B795A5B5DE.e.5811","ELEMENT":"f.31350D4C963CC80A9541720B3C5CD4D9.d.CB0FFBC63C6CD4957ABBA7B795A5B5DE.e.5811"}]}
COMMAND: POST /session/92e36b7f2589a9e1a7263b5f33980749/execute/sync - {"script":"<script> [5351 bytes]","args":[{"element-6066-11e4-a52e-4f735466cecf":"f.31350D4C963CC80A9541720B3C5CD4D9.d.CB0FFBC63C6CD4957ABBA7B795A5B5DE.e.5811","ELEMENT":"f.31350D4C963CC80A9541720B3C5CD4D9.d.CB0FFBC63C6CD4957ABBA7B795A5B5DE.e.5811"}]}
COMMAND: GET /session/92e36b7f2589a9e1a7263b5f33980749/screenshot - {}
RESULT: {"using":"xpath","value":"//span[contains(@id ,\"title\")][contains(text(), \"WebdriverPartnerawvji\")]"}
RESULT: {"script":"<script> [5351 bytes]","args":[{"element-6066-11e4-a52e-4f735466cecf":"f.31350D4C963CC80A9541720B3C5CD4D9.d.CB0FFBC63C6CD4957ABBA7B795A5B5DE.e.5811","ELEMENT":"f.31350D4C963CC80A9541720B3C5CD4D9.d.CB0FFBC63C6CD4957ABBA7B795A5B5DE.e.5811"}]}
COMMAND: POST /session/92e36b7f2589a9e1a7263b5f33980749/element - {"using":"xpath","value":"//*[contains(@data-kt ,\"webshopDetailCustomerLink\")]"}
COMMAND: POST /session/92e36b7f2589a9e1a7263b5f33980749/element - {"using":"xpath","value":"//span[contains(@id ,\"application-addressmanagement-display-component---detailAdm--addressDetailDetailsName1\")][contains(text(), \"WebdriverSitemyj91\")]"}
COMMAND: GET /session/92e36b7f2589a9e1a7263b5f33980749/screenshot - {}
COMMAND: POST /session/92e36b7f2589a9e1a7263b5f33980749/element - {"using":"xpath","value":"//span[contains(@id ,\"title\")][contains(text(), \"WebdriverPartnerawvji\")]"}
RESULT: {}
RESULT: {"using":"xpath","value":"//*[contains(@data-kt ,\"webshopDetailCustomerLink\")]"}
COMMAND: POST /session/92e36b7f2589a9e1a7263b5f33980749/element/f.31350D4C963CC80A9541720B3C5CD4D9.d.CB0FFBC63C6CD4957ABBA7B795A5B5DE.e.5811/click - {}
RESULT: {"using":"xpath","value":"//span[contains(@id ,\"application-addressmanagement-display-component---detailAdm--addressDetailDetailsName1\")][contains(text(), \"WebdriverSitemyj91\")]"}
RESULT: {}
RESULT: {"using":"xpath","value":"//span[contains(@id ,\"title\")][contains(text(), \"WebdriverPartnerawvji\")]"}
COMMAND: POST /session/92e36b7f2589a9e1a7263b5f33980749/execute/sync - {"script":"<script> [8489 bytes]","args":[{"element-6066-11e4-a52e-4f735466cecf":"f.31350D4C963CC80A9541720B3C5CD4D9.d.CB0FFBC63C6CD4957ABBA7B795A5B5DE.e.5814","ELEMENT":"f.31350D4C963CC80A9541720B3C5CD4D9.d.CB0FFBC63C6CD4957ABBA7B795A5B5DE.e.5814"}]}
RESULT: {"script":"<script> [8489 bytes]","args":[{"element-6066-11e4-a52e-4f735466cecf":"f.31350D4C963CC80A9541720B3C5CD4D9.d.CB0FFBC63C6CD4957ABBA7B795A5B5DE.e.5814","ELEMENT":"f.31350D4C963CC80A9541720B3C5CD4D9.d.CB0FFBC63C6CD4957ABBA7B795A5B5DE.e.5814"}]}
COMMAND: GET /session/92e36b7f2589a9e1a7263b5f33980749/screenshot - {}
RESULT: {}
COMMAND: GET /session/92e36b7f2589a9e1a7263b5f33980749/screenshot - {}
RESULT: {}
COMMAND: POST /session/92e36b7f2589a9e1a7263b5f33980749/element - {"using":"xpath","value":"//span[contains(@id ,\"application-addressmanagement-display-component---detailAdm--addressDetailDetailsName1\")][contains(text(), \"WebdriverSitemyj91\")]"}
RESULT: {}
RESULT: {"using":"xpath","value":"//span[contains(@id ,\"application-addressmanagement-display-component---detailAdm--addressDetailDetailsName1\")][contains(text(), \"WebdriverSitemyj91\")]"}
COMMAND: POST /session/92e36b7f2589a9e1a7263b5f33980749/element - {"using":"xpath","value":"//span[contains(@id ,\"application-addressmanagement-display-component---detailAdm--addressDetailDetailsName1\")][contains(text(), \"WebdriverSitemyj91\")]"}
RESULT: {"using":"xpath","value":"//span[contains(@id ,\"application-addressmanagement-display-component---detailAdm--addressDetailDetailsName1\")][contains(text(), \"WebdriverSitemyj91\")]"}
COMMAND: POST /session/92e36b7f2589a9e1a7263b5f33980749/element - {"using":"xpath","value":"//span[contains(@id ,\"application-addressmanagement-display-component---detailAdm--addressDetailDetailsName1\")][contains(text(), \"WebdriverSitemyj91\")]"}
RESULT: {"using":"xpath","value":"//span[contains(@id ,\"application-addressmanagement-display-component---detailAdm--addressDetailDetailsName1\")][contains(text(), \"WebdriverSitemyj91\")]"}
COMMAND: POST /session/92e36b7f2589a9e1a7263b5f33980749/element - {"using":"xpath","value":"//span[contains(@id ,\"application-addressmanagement-display-component---detailAdm--addressDetailDetailsName1\")][contains(text(), \"WebdriverSitemyj91\")]"}
RESULT: {"using":"xpath","value":"//span[contains(@id ,\"application-addressmanagement-display-component---detailAdm--addressDetailDetailsName1\")][contains(text(), \"WebdriverSitemyj91\")]"}
COMMAND: POST /session/92e36b7f2589a9e1a7263b5f33980749/element - {"using":"xpath","value":"//button[contains(@data-kt ,\"ContextMenuExternalId2Link\")]"}
RESULT: {"using":"xpath","value":"//button[contains(@data-kt ,\"ContextMenuExternalId2Link\")]"}
COMMAND: POST /session/92e36b7f2589a9e1a7263b5f33980749/element/f.31350D4C963CC80A9541720B3C5CD4D9.d.CB0FFBC63C6CD4957ABBA7B795A5B5DE.e.5813/click - {}
RESULT: {}
COMMAND: GET /session/92e36b7f2589a9e1a7263b5f33980749/screenshot - {}
COMMAND: POST /session/92e36b7f2589a9e1a7263b5f33980749/element - {"using":"xpath","value":"//span[contains(@id ,\"application-addressmanagement-display-component---detailAdm--addressDetailDetailsName1\")][contains(text(), \"WebdriverSitemyj91\")]"}
RESULT: {}
RESULT: {"using":"xpath","value":"//span[contains(@id ,\"application-addressmanagement-display-component---detailAdm--addressDetailDetailsName1\")][contains(text(), \"WebdriverSitemyj91\")]"}
COMMAND: POST /session/92e36b7f2589a9e1a7263b5f33980749/element - {"using":"xpath","value":"//span[contains(@id ,\"application-addressmanagement-display-component---detailAdm--addressDetailDetailsName1\")][contains(text(), \"WebdriverSitemyj91\")]"}
RESULT: {"using":"xpath","value":"//span[contains(@id ,\"application-addressmanagement-display-component---detailAdm--addressDetailDetailsName1\")][contains(text(), \"WebdriverSitemyj91\")]"}
COMMAND: POST /session/92e36b7f2589a9e1a7263b5f33980749/element - {"using":"xpath","value":"//span[contains(@id ,\"application-addressmanagement-display-component---detailAdm--addressDetailDetailsName1\")][contains(text(), \"WebdriverSitemyj91\")]"}
RESULT: {"using":"xpath","value":"//span[contains(@id ,\"application-addressmanagement-display-component---detailAdm--addressDetailDetailsName1\")][contains(text(), \"WebdriverSitemyj91\")]"}
COMMAND: POST /session/92e36b7f2589a9e1a7263b5f33980749/element - {"using":"xpath","value":"//span[contains(@id ,\"application-addressmanagement-display-component---detailAdm--addressDetailDetailsName1\")][contains(text(), \"WebdriverSitemyj91\")]"}
RESULT: {"using":"xpath","value":"//span[contains(@id ,\"application-addressmanagement-display-component---detailAdm--addressDetailDetailsName1\")][contains(text(), \"WebdriverSitemyj91\")]"}
COMMAND: POST /session/92e36b7f2589a9e1a7263b5f33980749/element - {"using":"xpath","value":"//span[contains(@id ,\"application-addressmanagement-display-component---detailAdm--addressDetailDetailsName1\")][contains(text(), \"WebdriverSitemyj91\")]"}
RESULT: {"using":"xpath","value":"//span[contains(@id ,\"application-addressmanagement-display-component---detailAdm--addressDetailDetailsName1\")][contains(text(), \"WebdriverSitemyj91\")]"}
COMMAND: GET /session/92e36b7f2589a9e1a7263b5f33980749/window/handles - {}
RESULT: {}
COMMAND: POST /session/92e36b7f2589a9e1a7263b5f33980749/window - {"handle":"2ED6EC7977B287BE046D695461A17AAF"}
RESULT: {"handle":"2ED6EC7977B287BE046D695461A17AAF"}
COMMAND: GET /session/92e36b7f2589a9e1a7263b5f33980749/url - {}
RESULT: {}
COMMAND: GET /session/92e36b7f2589a9e1a7263b5f33980749/screenshot - {}
RESULT: {}
COMMAND: POST /session/92e36b7f2589a9e1a7263b5f33980749/execute/sync - {"script":"<script> [8489 bytes]","args":[{"element-6066-11e4-a52e-4f735466cecf":"f.31350D4C963CC80A9541720B3C5CD4D9.d.CB0FFBC63C6CD4957ABBA7B795A5B5DE.e.5814","ELEMENT":"f.31350D4C963CC80A9541720B3C5CD4D9.d.CB0FFBC63C6CD4957ABBA7B795A5B5DE.e.5814"}]}
COMMAND: DELETE /session/92e36b7f2589a9e1a7263b5f33980749/window - {}
RESULT: {}
COMMAND: POST /session/92e36b7f2589a9e1a7263b5f33980749/window - {"handle":"31350D4C963CC80A9541720B3C5CD4D9"}
RESULT: {"handle":"31350D4C963CC80A9541720B3C5CD4D9"}
COMMAND: GET /session/92e36b7f2589a9e1a7263b5f33980749/url - {}
RESULT: {"script":"<script> [8489 bytes]","args":[{"element-6066-11e4-a52e-4f735466cecf":"f.31350D4C963CC80A9541720B3C5CD4D9.d.CB0FFBC63C6CD4957ABBA7B795A5B5DE.e.5814","ELEMENT":"f.31350D4C963CC80A9541720B3C5CD4D9.d.CB0FFBC63C6CD4957ABBA7B795A5B5DE.e.5814"}]}
COMMAND: GET /session/92e36b7f2589a9e1a7263b5f33980749/screenshot - {}
RESULT: {}
COMMAND: GET /session/92e36b7f2589a9e1a7263b5f33980749/screenshot - {}
RESULT: {}
RESULT: {}
]]></system-out>
    </testcase>
    <testcase classname="chrome.136_0_7103_93.windows.Webshop_-_Hyperlinks_visible_and_working_properly__US139085" name="Should verify the contract and catalog item hyperlinks" time="101.022">
      <system-out><![CDATA[
COMMAND: POST /session/92e36b7f2589a9e1a7263b5f33980749/element - {"using":"xpath","value":"//*[contains(@data-kt ,\"webshopDetailContractLink\")]"}
RESULT: {"using":"xpath","value":"//*[contains(@data-kt ,\"webshopDetailContractLink\")]"}
COMMAND: POST /session/92e36b7f2589a9e1a7263b5f33980749/execute/sync - {"script":"<script> [8489 bytes]","args":[{"element-6066-11e4-a52e-4f735466cecf":"f.31350D4C963CC80A9541720B3C5CD4D9.d.CB0FFBC63C6CD4957ABBA7B795A5B5DE.e.6059","ELEMENT":"f.31350D4C963CC80A9541720B3C5CD4D9.d.CB0FFBC63C6CD4957ABBA7B795A5B5DE.e.6059"}]}
RESULT: {"script":"<script> [8489 bytes]","args":[{"element-6066-11e4-a52e-4f735466cecf":"f.31350D4C963CC80A9541720B3C5CD4D9.d.CB0FFBC63C6CD4957ABBA7B795A5B5DE.e.6059","ELEMENT":"f.31350D4C963CC80A9541720B3C5CD4D9.d.CB0FFBC63C6CD4957ABBA7B795A5B5DE.e.6059"}]}
COMMAND: POST /session/92e36b7f2589a9e1a7263b5f33980749/execute/sync - {"script":"<script> [5351 bytes]","args":[{"element-6066-11e4-a52e-4f735466cecf":"f.31350D4C963CC80A9541720B3C5CD4D9.d.CB0FFBC63C6CD4957ABBA7B795A5B5DE.e.6059","ELEMENT":"f.31350D4C963CC80A9541720B3C5CD4D9.d.CB0FFBC63C6CD4957ABBA7B795A5B5DE.e.6059"}]}
COMMAND: GET /session/92e36b7f2589a9e1a7263b5f33980749/screenshot - {}
RESULT: {"script":"<script> [5351 bytes]","args":[{"element-6066-11e4-a52e-4f735466cecf":"f.31350D4C963CC80A9541720B3C5CD4D9.d.CB0FFBC63C6CD4957ABBA7B795A5B5DE.e.6059","ELEMENT":"f.31350D4C963CC80A9541720B3C5CD4D9.d.CB0FFBC63C6CD4957ABBA7B795A5B5DE.e.6059"}]}
COMMAND: POST /session/92e36b7f2589a9e1a7263b5f33980749/element - {"using":"xpath","value":"//*[contains(@data-kt ,\"webshopDetailContractLink\")]"}
COMMAND: GET /session/92e36b7f2589a9e1a7263b5f33980749/screenshot - {}
RESULT: {}
RESULT: {"using":"xpath","value":"//*[contains(@data-kt ,\"webshopDetailContractLink\")]"}
COMMAND: POST /session/92e36b7f2589a9e1a7263b5f33980749/element/f.31350D4C963CC80A9541720B3C5CD4D9.d.CB0FFBC63C6CD4957ABBA7B795A5B5DE.e.6059/click - {}
RESULT: {}
RESULT: {}
COMMAND: GET /session/92e36b7f2589a9e1a7263b5f33980749/screenshot - {}
RESULT: {}
COMMAND: POST /session/92e36b7f2589a9e1a7263b5f33980749/element - {"using":"xpath","value":"//*[contains(@data-kt ,\"ContextMenuId2Link\")][contains(text(), \"Contract Overview\")]"}
RESULT: {"using":"xpath","value":"//*[contains(@data-kt ,\"ContextMenuId2Link\")][contains(text(), \"Contract Overview\")]"}
COMMAND: POST /session/92e36b7f2589a9e1a7263b5f33980749/execute/sync - {"script":"<script> [8489 bytes]","args":[{"element-6066-11e4-a52e-4f735466cecf":"f.31350D4C963CC80A9541720B3C5CD4D9.d.CB0FFBC63C6CD4957ABBA7B795A5B5DE.e.6061","ELEMENT":"f.31350D4C963CC80A9541720B3C5CD4D9.d.CB0FFBC63C6CD4957ABBA7B795A5B5DE.e.6061"}]}
COMMAND: POST /session/92e36b7f2589a9e1a7263b5f33980749/element - {"using":"xpath","value":"//*[contains(@data-kt ,\"ContextMenuId2Link\")][contains(text(), \"Contract Overview\")]"}
RESULT: {"script":"<script> [8489 bytes]","args":[{"element-6066-11e4-a52e-4f735466cecf":"f.31350D4C963CC80A9541720B3C5CD4D9.d.CB0FFBC63C6CD4957ABBA7B795A5B5DE.e.6061","ELEMENT":"f.31350D4C963CC80A9541720B3C5CD4D9.d.CB0FFBC63C6CD4957ABBA7B795A5B5DE.e.6061"}]}
COMMAND: GET /session/92e36b7f2589a9e1a7263b5f33980749/screenshot - {}
RESULT: {"using":"xpath","value":"//*[contains(@data-kt ,\"ContextMenuId2Link\")][contains(text(), \"Contract Overview\")]"}
COMMAND: POST /session/92e36b7f2589a9e1a7263b5f33980749/element/f.31350D4C963CC80A9541720B3C5CD4D9.d.CB0FFBC63C6CD4957ABBA7B795A5B5DE.e.6061/click - {}
RESULT: {}
RESULT: {}
COMMAND: GET /session/92e36b7f2589a9e1a7263b5f33980749/screenshot - {}
RESULT: {}
RESULT: undefined
COMMAND: POST /session/92e36b7f2589a9e1a7263b5f33980749/execute/async - {"script":"<script> [6424 bytes]","args":[{"element-6066-11e4-a52e-4f735466cecf":"f.31350D4C963CC80A9541720B3C5CD4D9.d.CB0FFBC63C6CD4957ABBA7B795A5B5DE.e.3276"},"getTitle",[]]}
COMMAND: POST /session/92e36b7f2589a9e1a7263b5f33980749/execute/async - {"script":"<script> [1562 bytes]","args":[{"selector":{"id":"shellAppTitle"},"wdio_ui5_key":"shellAppTitle"}]}
RESULT: {"script":"<script> [1562 bytes]","args":[{"selector":{"id":"shellAppTitle"},"wdio_ui5_key":"shellAppTitle"}]}
COMMAND: POST /session/92e36b7f2589a9e1a7263b5f33980749/execute/async - {"script":"<script> [6424 bytes]","args":[{"element-6066-11e4-a52e-4f735466cecf":"f.31350D4C963CC80A9541720B3C5CD4D9.d.CB0FFBC63C6CD4957ABBA7B795A5B5DE.e.6301"},"getTitle",[]]}
RESULT: {"script":"<script> [6424 bytes]","args":[{"element-6066-11e4-a52e-4f735466cecf":"f.31350D4C963CC80A9541720B3C5CD4D9.d.CB0FFBC63C6CD4957ABBA7B795A5B5DE.e.6301"},"getTitle",[]]}
COMMAND: POST /session/92e36b7f2589a9e1a7263b5f33980749/element - {"using":"xpath","value":"//span[contains(@id ,\"contractDetailTitleNoExpanded\")][contains(text(), \"10206\")]"}
RESULT: {"using":"xpath","value":"//span[contains(@id ,\"contractDetailTitleNoExpanded\")][contains(text(), \"10206\")]"}
COMMAND: POST /session/92e36b7f2589a9e1a7263b5f33980749/execute/sync - {"script":"<script> [8489 bytes]","args":[{"element-6066-11e4-a52e-4f735466cecf":"f.31350D4C963CC80A9541720B3C5CD4D9.d.CB0FFBC63C6CD4957ABBA7B795A5B5DE.e.6302","ELEMENT":"f.31350D4C963CC80A9541720B3C5CD4D9.d.CB0FFBC63C6CD4957ABBA7B795A5B5DE.e.6302"}]}
RESULT: undefined
COMMAND: POST /session/92e36b7f2589a9e1a7263b5f33980749/element - {"using":"xpath","value":"//*[@id=\"backBtn\"]"}
RESULT: {"script":"<script> [8489 bytes]","args":[{"element-6066-11e4-a52e-4f735466cecf":"f.31350D4C963CC80A9541720B3C5CD4D9.d.CB0FFBC63C6CD4957ABBA7B795A5B5DE.e.6302","ELEMENT":"f.31350D4C963CC80A9541720B3C5CD4D9.d.CB0FFBC63C6CD4957ABBA7B795A5B5DE.e.6302"}]}
COMMAND: GET /session/92e36b7f2589a9e1a7263b5f33980749/screenshot - {}
RESULT: {"using":"xpath","value":"//*[@id=\"backBtn\"]"}
COMMAND: POST /session/92e36b7f2589a9e1a7263b5f33980749/element/f.31350D4C963CC80A9541720B3C5CD4D9.d.CB0FFBC63C6CD4957ABBA7B795A5B5DE.e.3278/click - {}
RESULT: {}
RESULT: {}
COMMAND: GET /session/92e36b7f2589a9e1a7263b5f33980749/screenshot - {}
RESULT: {}
COMMAND: POST /session/92e36b7f2589a9e1a7263b5f33980749/execute/sync - {"script":"<script> [8489 bytes]","args":[{"element-6066-11e4-a52e-4f735466cecf":"f.31350D4C963CC80A9541720B3C5CD4D9.d.CB0FFBC63C6CD4957ABBA7B795A5B5DE.e.6059","ELEMENT":"f.31350D4C963CC80A9541720B3C5CD4D9.d.CB0FFBC63C6CD4957ABBA7B795A5B5DE.e.6059"}]}
COMMAND: POST /session/92e36b7f2589a9e1a7263b5f33980749/element - {"using":"xpath","value":"//*[contains(@data-kt ,\"webshopDetailContractLink\")]"}
RESULT: {"using":"xpath","value":"//*[contains(@data-kt ,\"webshopDetailContractLink\")]"}
COMMAND: POST /session/92e36b7f2589a9e1a7263b5f33980749/execute/sync - {"script":"<script> [8489 bytes]","args":[{"element-6066-11e4-a52e-4f735466cecf":"f.31350D4C963CC80A9541720B3C5CD4D9.d.CB0FFBC63C6CD4957ABBA7B795A5B5DE.e.6457","ELEMENT":"f.31350D4C963CC80A9541720B3C5CD4D9.d.CB0FFBC63C6CD4957ABBA7B795A5B5DE.e.6457"}]}
RESULT: {"script":"<script> [8489 bytes]","args":[{"element-6066-11e4-a52e-4f735466cecf":"f.31350D4C963CC80A9541720B3C5CD4D9.d.CB0FFBC63C6CD4957ABBA7B795A5B5DE.e.6457","ELEMENT":"f.31350D4C963CC80A9541720B3C5CD4D9.d.CB0FFBC63C6CD4957ABBA7B795A5B5DE.e.6457"}]}
COMMAND: POST /session/92e36b7f2589a9e1a7263b5f33980749/execute/sync - {"script":"<script> [5351 bytes]","args":[{"element-6066-11e4-a52e-4f735466cecf":"f.31350D4C963CC80A9541720B3C5CD4D9.d.CB0FFBC63C6CD4957ABBA7B795A5B5DE.e.6457","ELEMENT":"f.31350D4C963CC80A9541720B3C5CD4D9.d.CB0FFBC63C6CD4957ABBA7B795A5B5DE.e.6457"}]}
COMMAND: GET /session/92e36b7f2589a9e1a7263b5f33980749/screenshot - {}
RESULT: {"script":"<script> [5351 bytes]","args":[{"element-6066-11e4-a52e-4f735466cecf":"f.31350D4C963CC80A9541720B3C5CD4D9.d.CB0FFBC63C6CD4957ABBA7B795A5B5DE.e.6457","ELEMENT":"f.31350D4C963CC80A9541720B3C5CD4D9.d.CB0FFBC63C6CD4957ABBA7B795A5B5DE.e.6457"}]}
COMMAND: POST /session/92e36b7f2589a9e1a7263b5f33980749/element - {"using":"xpath","value":"//*[contains(@data-kt ,\"webshopDetailContractLink\")]"}
COMMAND: GET /session/92e36b7f2589a9e1a7263b5f33980749/screenshot - {}
RESULT: {}
RESULT: {"using":"xpath","value":"//*[contains(@data-kt ,\"webshopDetailContractLink\")]"}
COMMAND: POST /session/92e36b7f2589a9e1a7263b5f33980749/element/f.31350D4C963CC80A9541720B3C5CD4D9.d.CB0FFBC63C6CD4957ABBA7B795A5B5DE.e.6457/click - {}
RESULT: {}
RESULT: {}
COMMAND: GET /session/92e36b7f2589a9e1a7263b5f33980749/screenshot - {}
RESULT: {}
COMMAND: POST /session/92e36b7f2589a9e1a7263b5f33980749/element - {"using":"xpath","value":"//button[contains(@data-kt ,\"ContextMenuExternalId2Link\")]"}
RESULT: {"using":"xpath","value":"//button[contains(@data-kt ,\"ContextMenuExternalId2Link\")]"}
COMMAND: POST /session/92e36b7f2589a9e1a7263b5f33980749/element/f.31350D4C963CC80A9541720B3C5CD4D9.d.CB0FFBC63C6CD4957ABBA7B795A5B5DE.e.6459/click - {}
RESULT: {}
COMMAND: GET /session/92e36b7f2589a9e1a7263b5f33980749/screenshot - {}
RESULT: {}
COMMAND: GET /session/92e36b7f2589a9e1a7263b5f33980749/window/handles - {}
RESULT: {}
COMMAND: POST /session/92e36b7f2589a9e1a7263b5f33980749/window - {"handle":"A34833802AD5E183910E572AF90971BC"}
RESULT: {"handle":"A34833802AD5E183910E572AF90971BC"}
COMMAND: GET /session/92e36b7f2589a9e1a7263b5f33980749/url - {}
RESULT: {}
COMMAND: GET /session/92e36b7f2589a9e1a7263b5f33980749/screenshot - {}
RESULT: {}
COMMAND: POST /session/92e36b7f2589a9e1a7263b5f33980749/execute/sync - {"script":"<script> [8489 bytes]","args":[{"element-6066-11e4-a52e-4f735466cecf":"f.31350D4C963CC80A9541720B3C5CD4D9.d.CB0FFBC63C6CD4957ABBA7B795A5B5DE.e.6302","ELEMENT":"f.31350D4C963CC80A9541720B3C5CD4D9.d.CB0FFBC63C6CD4957ABBA7B795A5B5DE.e.6302"}]}
COMMAND: DELETE /session/92e36b7f2589a9e1a7263b5f33980749/window - {}
RESULT: {}
COMMAND: POST /session/92e36b7f2589a9e1a7263b5f33980749/window - {"handle":"31350D4C963CC80A9541720B3C5CD4D9"}
RESULT: {"handle":"31350D4C963CC80A9541720B3C5CD4D9"}
COMMAND: GET /session/92e36b7f2589a9e1a7263b5f33980749/url - {}
COMMAND: POST /session/92e36b7f2589a9e1a7263b5f33980749/element - {"using":"xpath","value":"//span[contains(@id ,\"contractDetailTitleNoExpanded\")][contains(text(), \"10206\")]"}
RESULT: {}
COMMAND: GET /session/92e36b7f2589a9e1a7263b5f33980749/screenshot - {}
RESULT: {"using":"xpath","value":"//span[contains(@id ,\"contractDetailTitleNoExpanded\")][contains(text(), \"10206\")]"}
COMMAND: POST /session/92e36b7f2589a9e1a7263b5f33980749/element - {"using":"xpath","value":"//span[contains(@id ,\"contractDetailTitleNoExpanded\")][contains(text(), \"10206\")]"}
RESULT: {}
RESULT: {"using":"xpath","value":"//span[contains(@id ,\"contractDetailTitleNoExpanded\")][contains(text(), \"10206\")]"}
COMMAND: POST /session/92e36b7f2589a9e1a7263b5f33980749/element - {"using":"xpath","value":"//span[contains(@id ,\"contractDetailTitleNoExpanded\")][contains(text(), \"10206\")]"}
RESULT: {"using":"xpath","value":"//span[contains(@id ,\"contractDetailTitleNoExpanded\")][contains(text(), \"10206\")]"}
COMMAND: POST /session/92e36b7f2589a9e1a7263b5f33980749/element - {"using":"xpath","value":"//span[contains(@id ,\"contractDetailTitleNoExpanded\")][contains(text(), \"10206\")]"}
RESULT: {"using":"xpath","value":"//span[contains(@id ,\"contractDetailTitleNoExpanded\")][contains(text(), \"10206\")]"}
COMMAND: POST /session/92e36b7f2589a9e1a7263b5f33980749/element - {"using":"xpath","value":"//span[contains(@id ,\"contractDetailTitleNoExpanded\")][contains(text(), \"10206\")]"}
RESULT: {"using":"xpath","value":"//span[contains(@id ,\"contractDetailTitleNoExpanded\")][contains(text(), \"10206\")]"}
COMMAND: POST /session/92e36b7f2589a9e1a7263b5f33980749/element - {"using":"xpath","value":"//span[contains(@id ,\"contractDetailTitleNoExpanded\")][contains(text(), \"10206\")]"}
RESULT: {"using":"xpath","value":"//span[contains(@id ,\"contractDetailTitleNoExpanded\")][contains(text(), \"10206\")]"}
COMMAND: POST /session/92e36b7f2589a9e1a7263b5f33980749/element - {"using":"xpath","value":"//*[contains(@data-kt ,\"webshopDetailCatalogItemLink\")]"}
RESULT: {"using":"xpath","value":"//*[contains(@data-kt ,\"webshopDetailCatalogItemLink\")]"}
COMMAND: POST /session/92e36b7f2589a9e1a7263b5f33980749/execute/sync - {"script":"<script> [8489 bytes]","args":[{"element-6066-11e4-a52e-4f735466cecf":"f.31350D4C963CC80A9541720B3C5CD4D9.d.CB0FFBC63C6CD4957ABBA7B795A5B5DE.e.6572","ELEMENT":"f.31350D4C963CC80A9541720B3C5CD4D9.d.CB0FFBC63C6CD4957ABBA7B795A5B5DE.e.6572"}]}
RESULT: {"script":"<script> [8489 bytes]","args":[{"element-6066-11e4-a52e-4f735466cecf":"f.31350D4C963CC80A9541720B3C5CD4D9.d.CB0FFBC63C6CD4957ABBA7B795A5B5DE.e.6572","ELEMENT":"f.31350D4C963CC80A9541720B3C5CD4D9.d.CB0FFBC63C6CD4957ABBA7B795A5B5DE.e.6572"}]}
COMMAND: POST /session/92e36b7f2589a9e1a7263b5f33980749/execute/sync - {"script":"<script> [5351 bytes]","args":[{"element-6066-11e4-a52e-4f735466cecf":"f.31350D4C963CC80A9541720B3C5CD4D9.d.CB0FFBC63C6CD4957ABBA7B795A5B5DE.e.6572","ELEMENT":"f.31350D4C963CC80A9541720B3C5CD4D9.d.CB0FFBC63C6CD4957ABBA7B795A5B5DE.e.6572"}]}
COMMAND: GET /session/92e36b7f2589a9e1a7263b5f33980749/screenshot - {}
COMMAND: POST /session/92e36b7f2589a9e1a7263b5f33980749/element - {"using":"xpath","value":"//span[contains(@id ,\"contractDetailTitleNoExpanded\")][contains(text(), \"10206\")]"}
RESULT: {"script":"<script> [5351 bytes]","args":[{"element-6066-11e4-a52e-4f735466cecf":"f.31350D4C963CC80A9541720B3C5CD4D9.d.CB0FFBC63C6CD4957ABBA7B795A5B5DE.e.6572","ELEMENT":"f.31350D4C963CC80A9541720B3C5CD4D9.d.CB0FFBC63C6CD4957ABBA7B795A5B5DE.e.6572"}]}
COMMAND: POST /session/92e36b7f2589a9e1a7263b5f33980749/element - {"using":"xpath","value":"//*[contains(@data-kt ,\"webshopDetailCatalogItemLink\")]"}
COMMAND: GET /session/92e36b7f2589a9e1a7263b5f33980749/screenshot - {}
RESULT: {}
RESULT: {"using":"xpath","value":"//span[contains(@id ,\"contractDetailTitleNoExpanded\")][contains(text(), \"10206\")]"}
RESULT: {"using":"xpath","value":"//*[contains(@data-kt ,\"webshopDetailCatalogItemLink\")]"}
COMMAND: POST /session/92e36b7f2589a9e1a7263b5f33980749/element/f.31350D4C963CC80A9541720B3C5CD4D9.d.CB0FFBC63C6CD4957ABBA7B795A5B5DE.e.6572/click - {}
RESULT: {}
RESULT: {}
COMMAND: GET /session/92e36b7f2589a9e1a7263b5f33980749/screenshot - {}
COMMAND: POST /session/92e36b7f2589a9e1a7263b5f33980749/element - {"using":"xpath","value":"//span[contains(@id ,\"contractDetailTitleNoExpanded\")][contains(text(), \"10206\")]"}
RESULT: {}
RESULT: {"using":"xpath","value":"//span[contains(@id ,\"contractDetailTitleNoExpanded\")][contains(text(), \"10206\")]"}
COMMAND: POST /session/92e36b7f2589a9e1a7263b5f33980749/element - {"using":"xpath","value":"//span[contains(@id ,\"contractDetailTitleNoExpanded\")][contains(text(), \"10206\")]"}
RESULT: {"using":"xpath","value":"//span[contains(@id ,\"contractDetailTitleNoExpanded\")][contains(text(), \"10206\")]"}
COMMAND: POST /session/92e36b7f2589a9e1a7263b5f33980749/element - {"using":"xpath","value":"//span[contains(@id ,\"contractDetailTitleNoExpanded\")][contains(text(), \"10206\")]"}
RESULT: {"using":"xpath","value":"//span[contains(@id ,\"contractDetailTitleNoExpanded\")][contains(text(), \"10206\")]"}
COMMAND: POST /session/92e36b7f2589a9e1a7263b5f33980749/element - {"using":"xpath","value":"//span[contains(@id ,\"contractDetailTitleNoExpanded\")][contains(text(), \"10206\")]"}
RESULT: {"using":"xpath","value":"//span[contains(@id ,\"contractDetailTitleNoExpanded\")][contains(text(), \"10206\")]"}
COMMAND: POST /session/92e36b7f2589a9e1a7263b5f33980749/element - {"using":"xpath","value":"//span[contains(@id ,\"contractDetailTitleNoExpanded\")][contains(text(), \"10206\")]"}
RESULT: {"using":"xpath","value":"//span[contains(@id ,\"contractDetailTitleNoExpanded\")][contains(text(), \"10206\")]"}
COMMAND: POST /session/92e36b7f2589a9e1a7263b5f33980749/element - {"using":"xpath","value":"//span[contains(@id ,\"contractDetailTitleNoExpanded\")][contains(text(), \"10206\")]"}
RESULT: {"using":"xpath","value":"//span[contains(@id ,\"contractDetailTitleNoExpanded\")][contains(text(), \"10206\")]"}
COMMAND: POST /session/92e36b7f2589a9e1a7263b5f33980749/element - {"using":"xpath","value":"//span[contains(@id ,\"contractDetailTitleNoExpanded\")][contains(text(), \"10206\")]"}
RESULT: {"using":"xpath","value":"//span[contains(@id ,\"contractDetailTitleNoExpanded\")][contains(text(), \"10206\")]"}
COMMAND: POST /session/92e36b7f2589a9e1a7263b5f33980749/element - {"using":"xpath","value":"(//span[contains(text(), \"Dri-Prime CD150M Diesel Pump\")])[2]"}
COMMAND: POST /session/92e36b7f2589a9e1a7263b5f33980749/element - {"using":"xpath","value":"//span[contains(@id ,\"contractDetailTitleNoExpanded\")][contains(text(), \"10206\")]"}
RESULT: {"using":"xpath","value":"(//span[contains(text(), \"Dri-Prime CD150M Diesel Pump\")])[2]"}
COMMAND: POST /session/92e36b7f2589a9e1a7263b5f33980749/execute/sync - {"script":"<script> [8489 bytes]","args":[{"element-6066-11e4-a52e-4f735466cecf":"f.31350D4C963CC80A9541720B3C5CD4D9.d.CB0FFBC63C6CD4957ABBA7B795A5B5DE.e.6579","ELEMENT":"f.31350D4C963CC80A9541720B3C5CD4D9.d.CB0FFBC63C6CD4957ABBA7B795A5B5DE.e.6579"}]}
COMMAND: POST /session/92e36b7f2589a9e1a7263b5f33980749/element - {"using":"xpath","value":"(//span[contains(text(), \"Description\")])[1]"}
RESULT: {"using":"xpath","value":"//span[contains(@id ,\"contractDetailTitleNoExpanded\")][contains(text(), \"10206\")]"}
RESULT: {"script":"<script> [8489 bytes]","args":[{"element-6066-11e4-a52e-4f735466cecf":"f.31350D4C963CC80A9541720B3C5CD4D9.d.CB0FFBC63C6CD4957ABBA7B795A5B5DE.e.6579","ELEMENT":"f.31350D4C963CC80A9541720B3C5CD4D9.d.CB0FFBC63C6CD4957ABBA7B795A5B5DE.e.6579"}]}
COMMAND: GET /session/92e36b7f2589a9e1a7263b5f33980749/screenshot - {}
RESULT: {"using":"xpath","value":"(//span[contains(text(), \"Description\")])[1]"}
COMMAND: GET /session/92e36b7f2589a9e1a7263b5f33980749/element/f.31350D4C963CC80A9541720B3C5CD4D9.d.CB0FFBC63C6CD4957ABBA7B795A5B5DE.e.6580/rect - {}
RESULT: {}
RESULT: {}
COMMAND: GET /session/92e36b7f2589a9e1a7263b5f33980749/window/rect - {}
RESULT: {}
COMMAND: POST /session/92e36b7f2589a9e1a7263b5f33980749/execute/sync - {"script":"<script> [92 bytes]","args":[]}
RESULT: {"script":"<script> [92 bytes]","args":[]}
COMMAND: POST /session/92e36b7f2589a9e1a7263b5f33980749/actions - {"actions":[{"id":"action10","type":"wheel","parameters":{},"actions":[{"type":"scroll","x":-1833,"y":-23,"deltaX":0,"deltaY":0,"duration":0,"origin":{"element-6066-11e4-a52e-4f735466cecf":"f.31350D4C963CC80A9541720B3C5CD4D9.d.CB0FFBC63C6CD4957ABBA7B795A5B5DE.e.6580"}}]}]}
COMMAND: GET /session/92e36b7f2589a9e1a7263b5f33980749/screenshot - {}
COMMAND: POST /session/92e36b7f2589a9e1a7263b5f33980749/element - {"using":"xpath","value":"//span[contains(@id ,\"contractDetailTitleNoExpanded\")][contains(text(), \"10206\")]"}
RESULT: {}
RESULT: {"using":"xpath","value":"//span[contains(@id ,\"contractDetailTitleNoExpanded\")][contains(text(), \"10206\")]"}
COMMAND: POST /session/92e36b7f2589a9e1a7263b5f33980749/execute/sync - {"script":"<script> [79 bytes]","args":[{"element-6066-11e4-a52e-4f735466cecf":"f.31350D4C963CC80A9541720B3C5CD4D9.d.CB0FFBC63C6CD4957ABBA7B795A5B5DE.e.6580","ELEMENT":"f.31350D4C963CC80A9541720B3C5CD4D9.d.CB0FFBC63C6CD4957ABBA7B795A5B5DE.e.6580"},{"block":"start","inline":"nearest"}]}
RESULT: {"script":"<script> [79 bytes]","args":[{"element-6066-11e4-a52e-4f735466cecf":"f.31350D4C963CC80A9541720B3C5CD4D9.d.CB0FFBC63C6CD4957ABBA7B795A5B5DE.e.6580","ELEMENT":"f.31350D4C963CC80A9541720B3C5CD4D9.d.CB0FFBC63C6CD4957ABBA7B795A5B5DE.e.6580"},{"block":"start","inline":"nearest"}]}
COMMAND: GET /session/92e36b7f2589a9e1a7263b5f33980749/screenshot - {}
RESULT: {}
COMMAND: POST /session/92e36b7f2589a9e1a7263b5f33980749/element - {"using":"xpath","value":"//span[contains(@id ,\"contractDetailTitleNoExpanded\")][contains(text(), \"10206\")]"}
RESULT: {"using":"xpath","value":"//span[contains(@id ,\"contractDetailTitleNoExpanded\")][contains(text(), \"10206\")]"}
COMMAND: POST /session/92e36b7f2589a9e1a7263b5f33980749/element - {"using":"xpath","value":"//span[contains(@id ,\"contractDetailTitleNoExpanded\")][contains(text(), \"10206\")]"}
RESULT: {"using":"xpath","value":"//span[contains(@id ,\"contractDetailTitleNoExpanded\")][contains(text(), \"10206\")]"}
COMMAND: POST /session/92e36b7f2589a9e1a7263b5f33980749/element - {"using":"xpath","value":"//span[contains(@id ,\"contractDetailTitleNoExpanded\")][contains(text(), \"10206\")]"}
RESULT: {"using":"xpath","value":"//span[contains(@id ,\"contractDetailTitleNoExpanded\")][contains(text(), \"10206\")]"}
COMMAND: POST /session/92e36b7f2589a9e1a7263b5f33980749/element - {"using":"xpath","value":"//span[contains(@id ,\"contractDetailTitleNoExpanded\")][contains(text(), \"10206\")]"}
RESULT: {"using":"xpath","value":"//span[contains(@id ,\"contractDetailTitleNoExpanded\")][contains(text(), \"10206\")]"}
COMMAND: POST /session/92e36b7f2589a9e1a7263b5f33980749/element - {"using":"xpath","value":"//span[contains(@id ,\"contractDetailTitleNoExpanded\")][contains(text(), \"10206\")]"}
RESULT: {"using":"xpath","value":"//span[contains(@id ,\"contractDetailTitleNoExpanded\")][contains(text(), \"10206\")]"}
COMMAND: POST /session/92e36b7f2589a9e1a7263b5f33980749/element - {"using":"xpath","value":"(//textarea[@rows=\"15\"])[1]"}
RESULT: {"using":"xpath","value":"(//textarea[@rows=\"15\"])[1]"}
COMMAND: POST /session/92e36b7f2589a9e1a7263b5f33980749/execute/sync - {"script":"<script> [8489 bytes]","args":[{"element-6066-11e4-a52e-4f735466cecf":"f.31350D4C963CC80A9541720B3C5CD4D9.d.CB0FFBC63C6CD4957ABBA7B795A5B5DE.e.6578","ELEMENT":"f.31350D4C963CC80A9541720B3C5CD4D9.d.CB0FFBC63C6CD4957ABBA7B795A5B5DE.e.6578"}]}
RESULT: {"script":"<script> [8489 bytes]","args":[{"element-6066-11e4-a52e-4f735466cecf":"f.31350D4C963CC80A9541720B3C5CD4D9.d.CB0FFBC63C6CD4957ABBA7B795A5B5DE.e.6578","ELEMENT":"f.31350D4C963CC80A9541720B3C5CD4D9.d.CB0FFBC63C6CD4957ABBA7B795A5B5DE.e.6578"}]}
COMMAND: POST /session/92e36b7f2589a9e1a7263b5f33980749/element - {"using":"xpath","value":"//span[contains(@id ,\"contractDetailTitleNoExpanded\")][contains(text(), \"10206\")]"}
COMMAND: GET /session/92e36b7f2589a9e1a7263b5f33980749/screenshot - {}
RESULT: {"using":"xpath","value":"//span[contains(@id ,\"contractDetailTitleNoExpanded\")][contains(text(), \"10206\")]"}
RESULT: {}
COMMAND: POST /session/92e36b7f2589a9e1a7263b5f33980749/element - {"using":"xpath","value":"//span[contains(@id ,\"contractDetailTitleNoExpanded\")][contains(text(), \"10206\")]"}
RESULT: {"using":"xpath","value":"//span[contains(@id ,\"contractDetailTitleNoExpanded\")][contains(text(), \"10206\")]"}
COMMAND: POST /session/92e36b7f2589a9e1a7263b5f33980749/element - {"using":"xpath","value":"//span[contains(@id ,\"contractDetailTitleNoExpanded\")][contains(text(), \"10206\")]"}
RESULT: {"using":"xpath","value":"//span[contains(@id ,\"contractDetailTitleNoExpanded\")][contains(text(), \"10206\")]"}
COMMAND: POST /session/92e36b7f2589a9e1a7263b5f33980749/element - {"using":"xpath","value":"//span[contains(@id ,\"contractDetailTitleNoExpanded\")][contains(text(), \"10206\")]"}
RESULT: {"using":"xpath","value":"//span[contains(@id ,\"contractDetailTitleNoExpanded\")][contains(text(), \"10206\")]"}
COMMAND: POST /session/92e36b7f2589a9e1a7263b5f33980749/element - {"using":"xpath","value":"//span[contains(@id ,\"contractDetailTitleNoExpanded\")][contains(text(), \"10206\")]"}
RESULT: {"using":"xpath","value":"//span[contains(@id ,\"contractDetailTitleNoExpanded\")][contains(text(), \"10206\")]"}
COMMAND: POST /session/92e36b7f2589a9e1a7263b5f33980749/element - {"using":"xpath","value":"//span[contains(@id ,\"contractDetailTitleNoExpanded\")][contains(text(), \"10206\")]"}
RESULT: {"using":"xpath","value":"//span[contains(@id ,\"contractDetailTitleNoExpanded\")][contains(text(), \"10206\")]"}
COMMAND: POST /session/92e36b7f2589a9e1a7263b5f33980749/element - {"using":"xpath","value":"//span[contains(@id ,\"contractDetailTitleNoExpanded\")][contains(text(), \"10206\")]"}
RESULT: {"using":"xpath","value":"//span[contains(@id ,\"contractDetailTitleNoExpanded\")][contains(text(), \"10206\")]"}
COMMAND: POST /session/92e36b7f2589a9e1a7263b5f33980749/element - {"using":"xpath","value":"//span[contains(@id ,\"contractDetailTitleNoExpanded\")][contains(text(), \"10206\")]"}
RESULT: {"using":"xpath","value":"//span[contains(@id ,\"contractDetailTitleNoExpanded\")][contains(text(), \"10206\")]"}
COMMAND: POST /session/92e36b7f2589a9e1a7263b5f33980749/element - {"using":"xpath","value":"//span[contains(@id ,\"contractDetailTitleNoExpanded\")][contains(text(), \"10206\")]"}
RESULT: {"using":"xpath","value":"//span[contains(@id ,\"contractDetailTitleNoExpanded\")][contains(text(), \"10206\")]"}
COMMAND: POST /session/92e36b7f2589a9e1a7263b5f33980749/execute/async - {"script":"<script> [1562 bytes]","args":[{"selector":{"controlType":"sap.tnt.NavigationListItem","viewName":"etm.portal.ui.webshop.view.RequestDetail","i18NText":{"propertyName":"text","key":"exit"},"interaction":{"idSuffix":"a"}},"wdio_ui5_key":"etmportal.ui.webshop.view.RequestDetailsap.tnt.NavigationListItem{\"propertyName\":\"text\",\"key\":\"exit\"}"}]}
COMMAND: POST /session/92e36b7f2589a9e1a7263b5f33980749/element - {"using":"xpath","value":"//span[contains(@id ,\"contractDetailTitleNoExpanded\")][contains(text(), \"10206\")]"}
RESULT: {"script":"<script> [1562 bytes]","args":[{"selector":{"controlType":"sap.tnt.NavigationListItem","viewName":"etm.portal.ui.webshop.view.RequestDetail","i18NText":{"propertyName":"text","key":"exit"},"interaction":{"idSuffix":"a"}},"wdio_ui5_key":"etmportal.ui.webshop.view.RequestDetailsap.tnt.NavigationListItem{\"propertyName\":\"text\",\"key\":\"exit\"}"}]}
RESULT: undefined
COMMAND: POST /session/92e36b7f2589a9e1a7263b5f33980749/element - {"using":"xpath","value":"//*[@id=\"__item2518\"]"}
RESULT: {"using":"xpath","value":"//span[contains(@id ,\"contractDetailTitleNoExpanded\")][contains(text(), \"10206\")]"}
RESULT: {"using":"xpath","value":"//*[@id=\"__item2518\"]"}
COMMAND: POST /session/92e36b7f2589a9e1a7263b5f33980749/element/f.31350D4C963CC80A9541720B3C5CD4D9.d.CB0FFBC63C6CD4957ABBA7B795A5B5DE.e.6586/click - {}
RESULT: {}
COMMAND: GET /session/92e36b7f2589a9e1a7263b5f33980749/screenshot - {}
COMMAND: POST /session/92e36b7f2589a9e1a7263b5f33980749/element - {"using":"xpath","value":"//span[contains(@id ,\"contractDetailTitleNoExpanded\")][contains(text(), \"10206\")]"}
RESULT: {}
RESULT: {"using":"xpath","value":"//span[contains(@id ,\"contractDetailTitleNoExpanded\")][contains(text(), \"10206\")]"}
COMMAND: POST /session/92e36b7f2589a9e1a7263b5f33980749/element - {"using":"xpath","value":"//span[contains(@id ,\"contractDetailTitleNoExpanded\")][contains(text(), \"10206\")]"}
RESULT: {"using":"xpath","value":"//span[contains(@id ,\"contractDetailTitleNoExpanded\")][contains(text(), \"10206\")]"}
COMMAND: POST /session/92e36b7f2589a9e1a7263b5f33980749/element - {"using":"xpath","value":"//span[contains(@id ,\"contractDetailTitleNoExpanded\")][contains(text(), \"10206\")]"}
RESULT: {"using":"xpath","value":"//span[contains(@id ,\"contractDetailTitleNoExpanded\")][contains(text(), \"10206\")]"}
COMMAND: POST /session/92e36b7f2589a9e1a7263b5f33980749/element - {"using":"xpath","value":"//span[contains(@id ,\"contractDetailTitleNoExpanded\")][contains(text(), \"10206\")]"}
RESULT: {"using":"xpath","value":"//span[contains(@id ,\"contractDetailTitleNoExpanded\")][contains(text(), \"10206\")]"}
COMMAND: POST /session/92e36b7f2589a9e1a7263b5f33980749/element - {"using":"xpath","value":"//span[contains(@id ,\"contractDetailTitleNoExpanded\")][contains(text(), \"10206\")]"}
RESULT: {"using":"xpath","value":"//span[contains(@id ,\"contractDetailTitleNoExpanded\")][contains(text(), \"10206\")]"}
COMMAND: POST /session/92e36b7f2589a9e1a7263b5f33980749/element - {"using":"xpath","value":"//span[contains(@id ,\"contractDetailTitleNoExpanded\")][contains(text(), \"10206\")]"}
RESULT: {"using":"xpath","value":"//span[contains(@id ,\"contractDetailTitleNoExpanded\")][contains(text(), \"10206\")]"}
COMMAND: POST /session/92e36b7f2589a9e1a7263b5f33980749/element - {"using":"css selector","value":"#shell-header-logo"}
RESULT: {"using":"css selector","value":"#shell-header-logo"}
COMMAND: POST /session/92e36b7f2589a9e1a7263b5f33980749/element/f.31350D4C963CC80A9541720B3C5CD4D9.d.CB0FFBC63C6CD4957ABBA7B795A5B5DE.e.3278/click - {}
COMMAND: POST /session/92e36b7f2589a9e1a7263b5f33980749/element - {"using":"xpath","value":"//span[contains(@id ,\"contractDetailTitleNoExpanded\")][contains(text(), \"10206\")]"}
RESULT: {}
COMMAND: GET /session/92e36b7f2589a9e1a7263b5f33980749/screenshot - {}
RESULT: {"using":"xpath","value":"//span[contains(@id ,\"contractDetailTitleNoExpanded\")][contains(text(), \"10206\")]"}
RESULT: {}
COMMAND: POST /session/92e36b7f2589a9e1a7263b5f33980749/element - {"using":"xpath","value":"//span[contains(@id ,\"contractDetailTitleNoExpanded\")][contains(text(), \"10206\")]"}
RESULT: {"using":"xpath","value":"//span[contains(@id ,\"contractDetailTitleNoExpanded\")][contains(text(), \"10206\")]"}
COMMAND: POST /session/92e36b7f2589a9e1a7263b5f33980749/element - {"using":"xpath","value":"//span[contains(@id ,\"contractDetailTitleNoExpanded\")][contains(text(), \"10206\")]"}
RESULT: {"using":"xpath","value":"//span[contains(@id ,\"contractDetailTitleNoExpanded\")][contains(text(), \"10206\")]"}
COMMAND: POST /session/92e36b7f2589a9e1a7263b5f33980749/element - {"using":"xpath","value":"//span[contains(@id ,\"contractDetailTitleNoExpanded\")][contains(text(), \"10206\")]"}
RESULT: {"using":"xpath","value":"//span[contains(@id ,\"contractDetailTitleNoExpanded\")][contains(text(), \"10206\")]"}
COMMAND: POST /session/92e36b7f2589a9e1a7263b5f33980749/element - {"using":"xpath","value":"//span[contains(@id ,\"contractDetailTitleNoExpanded\")][contains(text(), \"10206\")]"}
RESULT: {"using":"xpath","value":"//span[contains(@id ,\"contractDetailTitleNoExpanded\")][contains(text(), \"10206\")]"}
COMMAND: POST /session/92e36b7f2589a9e1a7263b5f33980749/element - {"using":"xpath","value":"//span[contains(@id ,\"contractDetailTitleNoExpanded\")][contains(text(), \"10206\")]"}
RESULT: {"using":"xpath","value":"//span[contains(@id ,\"contractDetailTitleNoExpanded\")][contains(text(), \"10206\")]"}
]]></system-out>
    </testcase>
  </testsuite>
  <testsuite timestamp="2025-05-25T16:27:13" time="78.252" tests="1" failures="0" errors="0" skipped="0">
    <properties>
      <property name="specId" value="0"/>
      <property name="suiteName" value="Add items into the basket without creating a request US151315"/>
      <property name="capabilities" value="chrome.136_0_7103_93.windows"/>
      <property name="file" value="file:///D:/a/1/s/test/specs/R2C/add-items-into-basket-wo-creating-a-request.spec.js"/>
    </properties>
    <testcase classname="chrome.136_0_7103_93.windows.Add_items_into_the_basket_without_creating_a_request_US151315" name="Should verify if a catalog item can be added without creating a request" time="75.083">
      <system-out><![CDATA[
RESULT: undefined
COMMAND: POST /session/92e36b7f2589a9e1a7263b5f33980749/element - {"using":"xpath","value":"//*[@id=\"__tile49\"]"}
RESULT: {"using":"xpath","value":"//*[@id=\"__tile49\"]"}
COMMAND: POST /session/92e36b7f2589a9e1a7263b5f33980749/element/f.31350D4C963CC80A9541720B3C5CD4D9.d.CB0FFBC63C6CD4957ABBA7B795A5B5DE.e.3000/click - {}
COMMAND: POST /session/92e36b7f2589a9e1a7263b5f33980749/element - {"using":"xpath","value":"//span[contains(@id ,\"contractDetailTitleNoExpanded\")][contains(text(), \"10206\")]"}
RESULT: {}
COMMAND: GET /session/92e36b7f2589a9e1a7263b5f33980749/screenshot - {}
COMMAND: POST /session/92e36b7f2589a9e1a7263b5f33980749/elements - {"using":"xpath","value":"//span[text()='Error']"}
RESULT: {"using":"xpath","value":"//span[contains(@id ,\"contractDetailTitleNoExpanded\")][contains(text(), \"10206\")]"}
RESULT: {}
RESULT: {"using":"xpath","value":"//span[text()='Error']"}
COMMAND: POST /session/92e36b7f2589a9e1a7263b5f33980749/element - {"using":"xpath","value":"//span[contains(@id ,\"contractDetailTitleNoExpanded\")][contains(text(), \"10206\")]"}
RESULT: {"using":"xpath","value":"//span[contains(@id ,\"contractDetailTitleNoExpanded\")][contains(text(), \"10206\")]"}
COMMAND: POST /session/92e36b7f2589a9e1a7263b5f33980749/element - {"using":"xpath","value":"//span[contains(@id ,\"contractDetailTitleNoExpanded\")][contains(text(), \"10206\")]"}
RESULT: {"using":"xpath","value":"//span[contains(@id ,\"contractDetailTitleNoExpanded\")][contains(text(), \"10206\")]"}
COMMAND: POST /session/92e36b7f2589a9e1a7263b5f33980749/element - {"using":"xpath","value":"//span[contains(@id ,\"contractDetailTitleNoExpanded\")][contains(text(), \"10206\")]"}
RESULT: {"using":"xpath","value":"//span[contains(@id ,\"contractDetailTitleNoExpanded\")][contains(text(), \"10206\")]"}
COMMAND: POST /session/92e36b7f2589a9e1a7263b5f33980749/element - {"using":"xpath","value":"//span[contains(@id ,\"contractDetailTitleNoExpanded\")][contains(text(), \"10206\")]"}
RESULT: {"using":"xpath","value":"//span[contains(@id ,\"contractDetailTitleNoExpanded\")][contains(text(), \"10206\")]"}
COMMAND: POST /session/92e36b7f2589a9e1a7263b5f33980749/element - {"using":"xpath","value":"//span[contains(@id ,\"contractDetailTitleNoExpanded\")][contains(text(), \"10206\")]"}
RESULT: {"using":"xpath","value":"//span[contains(@id ,\"contractDetailTitleNoExpanded\")][contains(text(), \"10206\")]"}
COMMAND: POST /session/92e36b7f2589a9e1a7263b5f33980749/element - {"using":"css selector","value":"#requestCreationDialog--createRequestPopUp-title-inner"}
RESULT: {"using":"css selector","value":"#requestCreationDialog--createRequestPopUp-title-inner"}
COMMAND: POST /session/92e36b7f2589a9e1a7263b5f33980749/execute/sync - {"script":"<script> [8489 bytes]","args":[{"element-6066-11e4-a52e-4f735466cecf":"f.31350D4C963CC80A9541720B3C5CD4D9.d.CB0FFBC63C6CD4957ABBA7B795A5B5DE.e.6645","ELEMENT":"f.31350D4C963CC80A9541720B3C5CD4D9.d.CB0FFBC63C6CD4957ABBA7B795A5B5DE.e.6645"}]}
RESULT: {"script":"<script> [8489 bytes]","args":[{"element-6066-11e4-a52e-4f735466cecf":"f.31350D4C963CC80A9541720B3C5CD4D9.d.CB0FFBC63C6CD4957ABBA7B795A5B5DE.e.6645","ELEMENT":"f.31350D4C963CC80A9541720B3C5CD4D9.d.CB0FFBC63C6CD4957ABBA7B795A5B5DE.e.6645"}]}
COMMAND: GET /session/92e36b7f2589a9e1a7263b5f33980749/element/f.31350D4C963CC80A9541720B3C5CD4D9.d.CB0FFBC63C6CD4957ABBA7B795A5B5DE.e.6645/enabled - {}
COMMAND: GET /session/92e36b7f2589a9e1a7263b5f33980749/screenshot - {}
RESULT: {}
COMMAND: POST /session/92e36b7f2589a9e1a7263b5f33980749/element - {"using":"xpath","value":"//span[contains(@id ,\"requestCreationDialog--cancelButton-content\")]"}
COMMAND: GET /session/92e36b7f2589a9e1a7263b5f33980749/screenshot - {}
RESULT: {}
RESULT: {"using":"xpath","value":"//span[contains(@id ,\"requestCreationDialog--cancelButton-content\")]"}
COMMAND: POST /session/92e36b7f2589a9e1a7263b5f33980749/element/f.31350D4C963CC80A9541720B3C5CD4D9.d.CB0FFBC63C6CD4957ABBA7B795A5B5DE.e.6646/click - {}
RESULT: {}
RESULT: {}
COMMAND: GET /session/92e36b7f2589a9e1a7263b5f33980749/screenshot - {}
RESULT: {}
COMMAND: POST /session/92e36b7f2589a9e1a7263b5f33980749/element - {"using":"xpath","value":"//input[contains(@id ,\"searchFiledId-I\")]"}
RESULT: {"using":"xpath","value":"//input[contains(@id ,\"searchFiledId-I\")]"}
COMMAND: POST /session/92e36b7f2589a9e1a7263b5f33980749/element/f.31350D4C963CC80A9541720B3C5CD4D9.d.CB0FFBC63C6CD4957ABBA7B795A5B5DE.e.6589/value - {"text":"Dri-Prime CD150M Diesel Pump"}
RESULT: {"text":"Dri-Prime CD150M Diesel Pump"}
COMMAND: POST /session/92e36b7f2589a9e1a7263b5f33980749/actions - {"actions":[{"id":"action11","type":"key","parameters":{},"actions":[{"type":"keyDown","value":""},{"type":"pause","duration":10},{"type":"keyUp","value":""}]}]}
COMMAND: GET /session/92e36b7f2589a9e1a7263b5f33980749/screenshot - {}
RESULT: {"actions":[{"id":"action11","type":"key","parameters":{},"actions":[{"type":"keyDown","value":""},{"type":"pause","duration":10},{"type":"keyUp","value":""}]}]}
COMMAND: GET /session/92e36b7f2589a9e1a7263b5f33980749/screenshot - {}
RESULT: {}
RESULT: {}
COMMAND: POST /session/92e36b7f2589a9e1a7263b5f33980749/element - {"using":"xpath","value":"//span[contains(@id ,\"subTitle\")][contains(text(), \"Dri-Prime CD150M Diesel Pump\")]"}
RESULT: {"using":"xpath","value":"//span[contains(@id ,\"subTitle\")][contains(text(), \"Dri-Prime CD150M Diesel Pump\")]"}
COMMAND: POST /session/92e36b7f2589a9e1a7263b5f33980749/element/f.31350D4C963CC80A9541720B3C5CD4D9.d.CB0FFBC63C6CD4957ABBA7B795A5B5DE.e.6653/click - {}
RESULT: {}
COMMAND: GET /session/92e36b7f2589a9e1a7263b5f33980749/screenshot - {}
RESULT: {}
COMMAND: POST /session/92e36b7f2589a9e1a7263b5f33980749/element - {"using":"xpath","value":"//bdi[contains(text(), \"Add to Request\")]"}
RESULT: {"using":"xpath","value":"//bdi[contains(text(), \"Add to Request\")]"}
COMMAND: POST /session/92e36b7f2589a9e1a7263b5f33980749/element/f.31350D4C963CC80A9541720B3C5CD4D9.d.CB0FFBC63C6CD4957ABBA7B795A5B5DE.e.6666/click - {}
RESULT: {}
COMMAND: POST /session/92e36b7f2589a9e1a7263b5f33980749/element - {"using":"xpath","value":"//div[contains(@class ,\"sapMMessageToast sapUiSelectable sapContrast sapContrastPlus sapUiUserSelectable\")]"}
COMMAND: GET /session/92e36b7f2589a9e1a7263b5f33980749/screenshot - {}
RESULT: {"using":"xpath","value":"//div[contains(@class ,\"sapMMessageToast sapUiSelectable sapContrast sapContrastPlus sapUiUserSelectable\")]"}
COMMAND: POST /session/92e36b7f2589a9e1a7263b5f33980749/execute/sync - {"script":"<script> [8489 bytes]","args":[{"element-6066-11e4-a52e-4f735466cecf":"f.31350D4C963CC80A9541720B3C5CD4D9.d.CB0FFBC63C6CD4957ABBA7B795A5B5DE.e.6670","ELEMENT":"f.31350D4C963CC80A9541720B3C5CD4D9.d.CB0FFBC63C6CD4957ABBA7B795A5B5DE.e.6670"}]}
RESULT: {}
RESULT: {"script":"<script> [8489 bytes]","args":[{"element-6066-11e4-a52e-4f735466cecf":"f.31350D4C963CC80A9541720B3C5CD4D9.d.CB0FFBC63C6CD4957ABBA7B795A5B5DE.e.6670","ELEMENT":"f.31350D4C963CC80A9541720B3C5CD4D9.d.CB0FFBC63C6CD4957ABBA7B795A5B5DE.e.6670"}]}
COMMAND: GET /session/92e36b7f2589a9e1a7263b5f33980749/element/f.31350D4C963CC80A9541720B3C5CD4D9.d.CB0FFBC63C6CD4957ABBA7B795A5B5DE.e.6670/text - {}
COMMAND: GET /session/92e36b7f2589a9e1a7263b5f33980749/screenshot - {}
RESULT: {}
RESULT: {}
COMMAND: POST /session/92e36b7f2589a9e1a7263b5f33980749/element - {"using":"xpath","value":"//bdi[contains(@id ,\"activeCartId-BDI-content\")]"}
RESULT: {"using":"xpath","value":"//bdi[contains(@id ,\"activeCartId-BDI-content\")]"}
COMMAND: GET /session/92e36b7f2589a9e1a7263b5f33980749/element/f.31350D4C963CC80A9541720B3C5CD4D9.d.CB0FFBC63C6CD4957ABBA7B795A5B5DE.e.6671/text - {}
RESULT: {}
COMMAND: POST /session/92e36b7f2589a9e1a7263b5f33980749/element - {"using":"xpath","value":"//li[@title=\"Exit\"]"}
RESULT: {"using":"xpath","value":"//li[@title=\"Exit\"]"}
COMMAND: POST /session/92e36b7f2589a9e1a7263b5f33980749/element/f.31350D4C963CC80A9541720B3C5CD4D9.d.CB0FFBC63C6CD4957ABBA7B795A5B5DE.e.6672/click - {}
RESULT: {}
COMMAND: GET /session/92e36b7f2589a9e1a7263b5f33980749/screenshot - {}
RESULT: {}
COMMAND: POST /session/92e36b7f2589a9e1a7263b5f33980749/element - {"using":"css selector","value":"#shell-header-logo"}
RESULT: {"using":"css selector","value":"#shell-header-logo"}
COMMAND: POST /session/92e36b7f2589a9e1a7263b5f33980749/element/f.31350D4C963CC80A9541720B3C5CD4D9.d.CB0FFBC63C6CD4957ABBA7B795A5B5DE.e.6682/click - {}
RESULT: {}
COMMAND: GET /session/92e36b7f2589a9e1a7263b5f33980749/screenshot - {}
RESULT: {}
]]></system-out>
    </testcase>
  </testsuite>
  <testsuite timestamp="2025-05-25T16:28:31" time="161.891" tests="1" failures="0" errors="0" skipped="0">
    <properties>
      <property name="specId" value="0"/>
      <property name="suiteName" value=" Webshop - Request management - Verifying the Master List - Filtering /Sorting - Deleting - Creating US151314"/>
      <property name="capabilities" value="chrome.136_0_7103_93.windows"/>
      <property name="file" value="file:///D:/a/1/s/test/specs/R2C/webshop-request-management-verify-master-list.spec.js"/>
    </properties>
    <testcase classname="chrome.136_0_7103_93.windows._Webshop_-_Request_management_-_Verifying_the_Master_List_-_Filtering_/Sorting_-_Deleting_-_Creating_US151314" name="Should navigate to request management in webshop and verify the filters" time="158.646">
      <system-out><![CDATA[
RESULT: undefined
COMMAND: POST /session/92e36b7f2589a9e1a7263b5f33980749/element - {"using":"xpath","value":"//*[@id=\"__tile49\"]"}
RESULT: {"using":"xpath","value":"//*[@id=\"__tile49\"]"}
COMMAND: POST /session/92e36b7f2589a9e1a7263b5f33980749/element/f.31350D4C963CC80A9541720B3C5CD4D9.d.CB0FFBC63C6CD4957ABBA7B795A5B5DE.e.3000/click - {}
RESULT: {}
COMMAND: GET /session/92e36b7f2589a9e1a7263b5f33980749/screenshot - {}
RESULT: {}
COMMAND: POST /session/92e36b7f2589a9e1a7263b5f33980749/elements - {"using":"xpath","value":"//span[text()='Error']"}
RESULT: {"using":"xpath","value":"//span[text()='Error']"}
COMMAND: POST /session/92e36b7f2589a9e1a7263b5f33980749/execute/async - {"script":"<script> [1562 bytes]","args":[{"selector":{"id":"requestCreationDialog--cancelButton","searchOpenDialogs":true,"interaction":{"idSuffix":"BDI-content"}},"wdio_ui5_key":"requestCreationDialogcancelButton"}]}
RESULT: {"script":"<script> [1562 bytes]","args":[{"selector":{"id":"requestCreationDialog--cancelButton","searchOpenDialogs":true,"interaction":{"idSuffix":"BDI-content"}},"wdio_ui5_key":"requestCreationDialogcancelButton"}]}
RESULT: undefined
COMMAND: POST /session/92e36b7f2589a9e1a7263b5f33980749/element - {"using":"xpath","value":"//*[@id=\"requestCreationDialog--cancelButton\"]"}
RESULT: {"using":"xpath","value":"//*[@id=\"requestCreationDialog--cancelButton\"]"}
COMMAND: POST /session/92e36b7f2589a9e1a7263b5f33980749/element/f.31350D4C963CC80A9541720B3C5CD4D9.d.CB0FFBC63C6CD4957ABBA7B795A5B5DE.e.6735/click - {}
RESULT: {}
COMMAND: GET /session/92e36b7f2589a9e1a7263b5f33980749/screenshot - {}
RESULT: {}
COMMAND: POST /session/92e36b7f2589a9e1a7263b5f33980749/execute/async - {"script":"<script> [1562 bytes]","args":[{"selector":{"controlType":"sap.tnt.NavigationListItem","viewName":"etm.portal.ui.webshop.view.Homepage","i18NText":{"propertyName":"text","key":"requestsManagement"},"interaction":{"idSuffix":"a"}},"wdio_ui5_key":"etmportal.ui.webshop.view.Homepagesap.tnt.NavigationListItem{\"propertyName\":\"text\",\"key\":\"requestsManagement\"}"}]}
RESULT: {"script":"<script> [1562 bytes]","args":[{"selector":{"controlType":"sap.tnt.NavigationListItem","viewName":"etm.portal.ui.webshop.view.Homepage","i18NText":{"propertyName":"text","key":"requestsManagement"},"interaction":{"idSuffix":"a"}},"wdio_ui5_key":"etmportal.ui.webshop.view.Homepagesap.tnt.NavigationListItem{\"propertyName\":\"text\",\"key\":\"requestsManagement\"}"}]}
RESULT: undefined
COMMAND: POST /session/92e36b7f2589a9e1a7263b5f33980749/element - {"using":"xpath","value":"//*[@id=\"__item2590\"]"}
RESULT: {"using":"xpath","value":"//*[@id=\"__item2590\"]"}
COMMAND: POST /session/92e36b7f2589a9e1a7263b5f33980749/element/f.31350D4C963CC80A9541720B3C5CD4D9.d.CB0FFBC63C6CD4957ABBA7B795A5B5DE.e.6739/click - {}
RESULT: {}
COMMAND: GET /session/92e36b7f2589a9e1a7263b5f33980749/screenshot - {}
RESULT: {}
COMMAND: POST /session/92e36b7f2589a9e1a7263b5f33980749/element - {"using":"xpath","value":"//input[contains(@id ,\"smartFilterBar-btnBasicSearch-I\")]"}
RESULT: {"using":"xpath","value":"//input[contains(@id ,\"smartFilterBar-btnBasicSearch-I\")]"}
COMMAND: POST /session/92e36b7f2589a9e1a7263b5f33980749/element/f.31350D4C963CC80A9541720B3C5CD4D9.d.CB0FFBC63C6CD4957ABBA7B795A5B5DE.e.6742/clear - {}
RESULT: {}
COMMAND: POST /session/92e36b7f2589a9e1a7263b5f33980749/element/f.31350D4C963CC80A9541720B3C5CD4D9.d.CB0FFBC63C6CD4957ABBA7B795A5B5DE.e.6742/value - {"text":"20001"}
COMMAND: GET /session/92e36b7f2589a9e1a7263b5f33980749/screenshot - {}
RESULT: {"text":"20001"}
COMMAND: GET /session/92e36b7f2589a9e1a7263b5f33980749/screenshot - {}
RESULT: {}
RESULT: {}
COMMAND: POST /session/92e36b7f2589a9e1a7263b5f33980749/actions - {"actions":[{"id":"action12","type":"key","parameters":{},"actions":[{"type":"keyDown","value":""},{"type":"pause","duration":10},{"type":"keyUp","value":""}]}]}
RESULT: {"actions":[{"id":"action12","type":"key","parameters":{},"actions":[{"type":"keyDown","value":""},{"type":"pause","duration":10},{"type":"keyUp","value":""}]}]}
COMMAND: GET /session/92e36b7f2589a9e1a7263b5f33980749/screenshot - {}
RESULT: {}
COMMAND: POST /session/92e36b7f2589a9e1a7263b5f33980749/execute/async - {"script":"<script> [1562 bytes]","args":[{"selector":{"controlType":"sap.m.Title","viewName":"etm.portal.ui.webshop.view.RequestMaster","properties":{"text":"Records (1)"}},"wdio_ui5_key":"etmportal.ui.webshop.view.RequestMastersap.m.Title{\"text\":\"Records (1)\"}"}]}
RESULT: {"script":"<script> [1562 bytes]","args":[{"selector":{"controlType":"sap.m.Title","viewName":"etm.portal.ui.webshop.view.RequestMaster","properties":{"text":"Records (1)"}},"wdio_ui5_key":"etmportal.ui.webshop.view.RequestMastersap.m.Title{\"text\":\"Records (1)\"}"}]}
RESULT: undefined
COMMAND: POST /session/92e36b7f2589a9e1a7263b5f33980749/execute/async - {"script":"<script> [6424 bytes]","args":[{"element-6066-11e4-a52e-4f735466cecf":"f.31350D4C963CC80A9541720B3C5CD4D9.d.CB0FFBC63C6CD4957ABBA7B795A5B5DE.e.6831"},"getText",[]]}
RESULT: {"script":"<script> [6424 bytes]","args":[{"element-6066-11e4-a52e-4f735466cecf":"f.31350D4C963CC80A9541720B3C5CD4D9.d.CB0FFBC63C6CD4957ABBA7B795A5B5DE.e.6831"},"getText",[]]}
COMMAND: POST /session/92e36b7f2589a9e1a7263b5f33980749/element - {"using":"xpath","value":"//div[contains(@id ,\"smartFilterBar-btnBasicSearch-reset\")]"}
RESULT: {"using":"xpath","value":"//div[contains(@id ,\"smartFilterBar-btnBasicSearch-reset\")]"}
COMMAND: POST /session/92e36b7f2589a9e1a7263b5f33980749/element/f.31350D4C963CC80A9541720B3C5CD4D9.d.CB0FFBC63C6CD4957ABBA7B795A5B5DE.e.6832/click - {}
RESULT: {}
COMMAND: GET /session/92e36b7f2589a9e1a7263b5f33980749/screenshot - {}
COMMAND: POST /session/92e36b7f2589a9e1a7263b5f33980749/element - {"using":"xpath","value":"//input[contains(@id ,\"smartStatusFilter-inner\")]"}
RESULT: {}
RESULT: {"using":"xpath","value":"//input[contains(@id ,\"smartStatusFilter-inner\")]"}
COMMAND: POST /session/92e36b7f2589a9e1a7263b5f33980749/element/f.31350D4C963CC80A9541720B3C5CD4D9.d.CB0FFBC63C6CD4957ABBA7B795A5B5DE.e.6747/clear - {}
RESULT: {}
COMMAND: POST /session/92e36b7f2589a9e1a7263b5f33980749/element/f.31350D4C963CC80A9541720B3C5CD4D9.d.CB0FFBC63C6CD4957ABBA7B795A5B5DE.e.6747/value - {"text":"draft"}
COMMAND: GET /session/92e36b7f2589a9e1a7263b5f33980749/screenshot - {}
RESULT: {"text":"draft"}
COMMAND: GET /session/92e36b7f2589a9e1a7263b5f33980749/screenshot - {}
RESULT: {}
RESULT: {}
COMMAND: POST /session/92e36b7f2589a9e1a7263b5f33980749/actions - {"actions":[{"id":"action13","type":"key","parameters":{},"actions":[{"type":"keyDown","value":""},{"type":"pause","duration":10},{"type":"keyUp","value":""}]}]}
RESULT: {"actions":[{"id":"action13","type":"key","parameters":{},"actions":[{"type":"keyDown","value":""},{"type":"pause","duration":10},{"type":"keyUp","value":""}]}]}
COMMAND: GET /session/92e36b7f2589a9e1a7263b5f33980749/screenshot - {}
RESULT: {}
COMMAND: POST /session/92e36b7f2589a9e1a7263b5f33980749/execute/async - {"script":"<script> [1562 bytes]","args":[{"selector":{"controlType":"sap.m.ObjectStatus","viewName":"etm.portal.ui.webshop.view.RequestMaster","bindingPath":{"propertyPath":"STATUS_DESCRIPTION"}},"wdio_ui5_key":"etmportal.ui.webshop.view.RequestMastersap.m.ObjectStatus{\"propertyPath\":\"STATUS_DESCRIPTION\"}"}]}
RESULT: {"script":"<script> [1562 bytes]","args":[{"selector":{"controlType":"sap.m.ObjectStatus","viewName":"etm.portal.ui.webshop.view.RequestMaster","bindingPath":{"propertyPath":"STATUS_DESCRIPTION"}},"wdio_ui5_key":"etmportal.ui.webshop.view.RequestMastersap.m.ObjectStatus{\"propertyPath\":\"STATUS_DESCRIPTION\"}"}]}
RESULT: undefined
COMMAND: POST /session/92e36b7f2589a9e1a7263b5f33980749/execute/async - {"script":"<script> [6424 bytes]","args":[{"element-6066-11e4-a52e-4f735466cecf":"f.31350D4C963CC80A9541720B3C5CD4D9.d.CB0FFBC63C6CD4957ABBA7B795A5B5DE.e.6888"},"getText",[]]}
RESULT: {"script":"<script> [6424 bytes]","args":[{"element-6066-11e4-a52e-4f735466cecf":"f.31350D4C963CC80A9541720B3C5CD4D9.d.CB0FFBC63C6CD4957ABBA7B795A5B5DE.e.6888"},"getText",[]]}
COMMAND: POST /session/92e36b7f2589a9e1a7263b5f33980749/element - {"using":"xpath","value":"//span[contains(@title ,\"Remove\")]"}
RESULT: {"using":"xpath","value":"//span[contains(@title ,\"Remove\")]"}
COMMAND: POST /session/92e36b7f2589a9e1a7263b5f33980749/element/f.31350D4C963CC80A9541720B3C5CD4D9.d.CB0FFBC63C6CD4957ABBA7B795A5B5DE.e.6889/click - {}
RESULT: {}
COMMAND: GET /session/92e36b7f2589a9e1a7263b5f33980749/screenshot - {}
RESULT: {}
COMMAND: POST /session/92e36b7f2589a9e1a7263b5f33980749/element - {"using":"xpath","value":"//input[contains(@id ,\"smartStatusFilter-inner\")]"}
RESULT: {"using":"xpath","value":"//input[contains(@id ,\"smartStatusFilter-inner\")]"}
COMMAND: POST /session/92e36b7f2589a9e1a7263b5f33980749/element/f.31350D4C963CC80A9541720B3C5CD4D9.d.CB0FFBC63C6CD4957ABBA7B795A5B5DE.e.6747/clear - {}
RESULT: {}
COMMAND: POST /session/92e36b7f2589a9e1a7263b5f33980749/element/f.31350D4C963CC80A9541720B3C5CD4D9.d.CB0FFBC63C6CD4957ABBA7B795A5B5DE.e.6747/value - {"text":"created"}
COMMAND: GET /session/92e36b7f2589a9e1a7263b5f33980749/screenshot - {}
RESULT: {"text":"created"}
COMMAND: GET /session/92e36b7f2589a9e1a7263b5f33980749/screenshot - {}
RESULT: {}
RESULT: {}
COMMAND: POST /session/92e36b7f2589a9e1a7263b5f33980749/actions - {"actions":[{"id":"action14","type":"key","parameters":{},"actions":[{"type":"keyDown","value":""},{"type":"pause","duration":10},{"type":"keyUp","value":""}]}]}
RESULT: {"actions":[{"id":"action14","type":"key","parameters":{},"actions":[{"type":"keyDown","value":""},{"type":"pause","duration":10},{"type":"keyUp","value":""}]}]}
COMMAND: GET /session/92e36b7f2589a9e1a7263b5f33980749/screenshot - {}
RESULT: {}
RESULT: undefined
COMMAND: POST /session/92e36b7f2589a9e1a7263b5f33980749/execute/async - {"script":"<script> [6424 bytes]","args":[{"element-6066-11e4-a52e-4f735466cecf":"f.31350D4C963CC80A9541720B3C5CD4D9.d.CB0FFBC63C6CD4957ABBA7B795A5B5DE.e.6888"},"getText",[]]}
COMMAND: POST /session/92e36b7f2589a9e1a7263b5f33980749/execute/async - {"script":"<script> [1562 bytes]","args":[{"selector":{"controlType":"sap.m.ObjectStatus","viewName":"etm.portal.ui.webshop.view.RequestMaster","bindingPath":{"propertyPath":"STATUS_DESCRIPTION"}},"wdio_ui5_key":"etmportal.ui.webshop.view.RequestMastersap.m.ObjectStatus{\"propertyPath\":\"STATUS_DESCRIPTION\"}"}]}
RESULT: {"script":"<script> [1562 bytes]","args":[{"selector":{"controlType":"sap.m.ObjectStatus","viewName":"etm.portal.ui.webshop.view.RequestMaster","bindingPath":{"propertyPath":"STATUS_DESCRIPTION"}},"wdio_ui5_key":"etmportal.ui.webshop.view.RequestMastersap.m.ObjectStatus{\"propertyPath\":\"STATUS_DESCRIPTION\"}"}]}
COMMAND: POST /session/92e36b7f2589a9e1a7263b5f33980749/execute/async - {"script":"<script> [6424 bytes]","args":[{"element-6066-11e4-a52e-4f735466cecf":"f.31350D4C963CC80A9541720B3C5CD4D9.d.CB0FFBC63C6CD4957ABBA7B795A5B5DE.e.6948"},"getText",[]]}
RESULT: {"script":"<script> [6424 bytes]","args":[{"element-6066-11e4-a52e-4f735466cecf":"f.31350D4C963CC80A9541720B3C5CD4D9.d.CB0FFBC63C6CD4957ABBA7B795A5B5DE.e.6948"},"getText",[]]}
COMMAND: POST /session/92e36b7f2589a9e1a7263b5f33980749/element - {"using":"xpath","value":"//span[contains(@title ,\"Remove\")]"}
RESULT: {"using":"xpath","value":"//span[contains(@title ,\"Remove\")]"}
COMMAND: POST /session/92e36b7f2589a9e1a7263b5f33980749/element/f.31350D4C963CC80A9541720B3C5CD4D9.d.CB0FFBC63C6CD4957ABBA7B795A5B5DE.e.6949/click - {}
RESULT: {}
COMMAND: GET /session/92e36b7f2589a9e1a7263b5f33980749/screenshot - {}
COMMAND: POST /session/92e36b7f2589a9e1a7263b5f33980749/execute/async - {"script":"<script> [1562 bytes]","args":[{"selector":{"controlType":"sap.m.Button","viewName":"etm.portal.ui.webshop.view.RequestMaster","properties":{"text":"Filters (1)"},"interaction":{"idSuffix":"BDI-content"}},"wdio_ui5_key":"etmportal.ui.webshop.view.RequestMastersap.m.Button{\"text\":\"Filters (1)\"}"}]}
RESULT: {}
RESULT: {"script":"<script> [1562 bytes]","args":[{"selector":{"controlType":"sap.m.Button","viewName":"etm.portal.ui.webshop.view.RequestMaster","properties":{"text":"Filters (1)"},"interaction":{"idSuffix":"BDI-content"}},"wdio_ui5_key":"etmportal.ui.webshop.view.RequestMastersap.m.Button{\"text\":\"Filters (1)\"}"}]}
RESULT: undefined
COMMAND: POST /session/92e36b7f2589a9e1a7263b5f33980749/element - {"using":"xpath","value":"//*[@id=\"__xmlview74--smartFilterBar-btnFilters\"]"}
RESULT: {"using":"xpath","value":"//*[@id=\"__xmlview74--smartFilterBar-btnFilters\"]"}
COMMAND: POST /session/92e36b7f2589a9e1a7263b5f33980749/element/f.31350D4C963CC80A9541720B3C5CD4D9.d.CB0FFBC63C6CD4957ABBA7B795A5B5DE.e.6767/click - {}
RESULT: {}
COMMAND: GET /session/92e36b7f2589a9e1a7263b5f33980749/screenshot - {}
RESULT: {}
COMMAND: POST /session/92e36b7f2589a9e1a7263b5f33980749/element - {"using":"xpath","value":"//input[contains(@id ,\"searchField-I\")]"}
RESULT: {"using":"xpath","value":"//input[contains(@id ,\"searchField-I\")]"}
COMMAND: POST /session/92e36b7f2589a9e1a7263b5f33980749/element/f.31350D4C963CC80A9541720B3C5CD4D9.d.CB0FFBC63C6CD4957ABBA7B795A5B5DE.e.7003/clear - {}
RESULT: {}
COMMAND: POST /session/92e36b7f2589a9e1a7263b5f33980749/element/f.31350D4C963CC80A9541720B3C5CD4D9.d.CB0FFBC63C6CD4957ABBA7B795A5B5DE.e.7003/value - {"text":"tags"}
COMMAND: GET /session/92e36b7f2589a9e1a7263b5f33980749/screenshot - {}
RESULT: {"text":"tags"}
COMMAND: GET /session/92e36b7f2589a9e1a7263b5f33980749/screenshot - {}
RESULT: {}
RESULT: {}
COMMAND: POST /session/92e36b7f2589a9e1a7263b5f33980749/element - {"using":"xpath","value":"(//div[contains(@id ,\"selectMulti\")][@role=\"checkbox\"])[8]"}
RESULT: {"using":"xpath","value":"(//div[contains(@id ,\"selectMulti\")][@role=\"checkbox\"])[8]"}
COMMAND: POST /session/92e36b7f2589a9e1a7263b5f33980749/element/f.31350D4C963CC80A9541720B3C5CD4D9.d.CB0FFBC63C6CD4957ABBA7B795A5B5DE.e.7029/click - {}
RESULT: {}
COMMAND: GET /session/92e36b7f2589a9e1a7263b5f33980749/screenshot - {}
RESULT: {}
COMMAND: POST /session/92e36b7f2589a9e1a7263b5f33980749/execute/async - {"script":"<script> [1562 bytes]","args":[{"selector":{"controlType":"sap.m.Button","viewName":"etm.portal.ui.webshop.view.RequestMaster","properties":{"text":"OK"},"searchOpenDialogs":true,"interaction":{"idSuffix":"BDI-content"}},"wdio_ui5_key":"etmportal.ui.webshop.view.RequestMastersap.m.Button{\"text\":\"OK\"}"}]}
RESULT: {"script":"<script> [1562 bytes]","args":[{"selector":{"controlType":"sap.m.Button","viewName":"etm.portal.ui.webshop.view.RequestMaster","properties":{"text":"OK"},"searchOpenDialogs":true,"interaction":{"idSuffix":"BDI-content"}},"wdio_ui5_key":"etmportal.ui.webshop.view.RequestMastersap.m.Button{\"text\":\"OK\"}"}]}
RESULT: undefined
COMMAND: POST /session/92e36b7f2589a9e1a7263b5f33980749/element - {"using":"xpath","value":"//*[@id=\"__xmlview74--smartFilterBar-adapt-filters-dialog-confirmBtn\"]"}
RESULT: {"using":"xpath","value":"//*[@id=\"__xmlview74--smartFilterBar-adapt-filters-dialog-confirmBtn\"]"}
COMMAND: POST /session/92e36b7f2589a9e1a7263b5f33980749/element/f.31350D4C963CC80A9541720B3C5CD4D9.d.CB0FFBC63C6CD4957ABBA7B795A5B5DE.e.7033/click - {}
RESULT: {}
COMMAND: GET /session/92e36b7f2589a9e1a7263b5f33980749/screenshot - {}
RESULT: {}
COMMAND: POST /session/92e36b7f2589a9e1a7263b5f33980749/element - {"using":"xpath","value":"//input[contains(@id ,\"smartFilterBar-filterItemControlA_-ALL_TAGS-inner\")]"}
RESULT: {"using":"xpath","value":"//input[contains(@id ,\"smartFilterBar-filterItemControlA_-ALL_TAGS-inner\")]"}
COMMAND: POST /session/92e36b7f2589a9e1a7263b5f33980749/element/f.31350D4C963CC80A9541720B3C5CD4D9.d.CB0FFBC63C6CD4957ABBA7B795A5B5DE.e.7041/clear - {}
RESULT: {}
COMMAND: POST /session/92e36b7f2589a9e1a7263b5f33980749/element/f.31350D4C963CC80A9541720B3C5CD4D9.d.CB0FFBC63C6CD4957ABBA7B795A5B5DE.e.7041/value - {"text":"tag1"}
COMMAND: GET /session/92e36b7f2589a9e1a7263b5f33980749/screenshot - {}
RESULT: {"text":"tag1"}
COMMAND: GET /session/92e36b7f2589a9e1a7263b5f33980749/screenshot - {}
RESULT: {}
RESULT: {}
COMMAND: POST /session/92e36b7f2589a9e1a7263b5f33980749/actions - {"actions":[{"id":"action15","type":"key","parameters":{},"actions":[{"type":"keyDown","value":""},{"type":"pause","duration":10},{"type":"keyUp","value":""}]}]}
RESULT: {"actions":[{"id":"action15","type":"key","parameters":{},"actions":[{"type":"keyDown","value":""},{"type":"pause","duration":10},{"type":"keyUp","value":""}]}]}
COMMAND: GET /session/92e36b7f2589a9e1a7263b5f33980749/screenshot - {}
RESULT: {}
RESULT: undefined
COMMAND: POST /session/92e36b7f2589a9e1a7263b5f33980749/execute/async - {"script":"<script> [6424 bytes]","args":[{"element-6066-11e4-a52e-4f735466cecf":"f.31350D4C963CC80A9541720B3C5CD4D9.d.CB0FFBC63C6CD4957ABBA7B795A5B5DE.e.6831"},"getText",[]]}
RESULT: {"script":"<script> [6424 bytes]","args":[{"element-6066-11e4-a52e-4f735466cecf":"f.31350D4C963CC80A9541720B3C5CD4D9.d.CB0FFBC63C6CD4957ABBA7B795A5B5DE.e.6831"},"getText",[]]}
COMMAND: POST /session/92e36b7f2589a9e1a7263b5f33980749/execute/async - {"script":"<script> [1562 bytes]","args":[{"selector":{"controlType":"sap.ui.core.Icon","viewName":"etm.portal.ui.webshop.view.RequestMaster","properties":{"src":{"regex":{"source":"action\\-settings"}}}},"wdio_ui5_key":"etmportal.ui.webshop.view.RequestMastersap.ui.core.Icon{\"src\":{\"regex\":{\"source\":\"action\\\\-settings\"}}}"}]}
RESULT: {"script":"<script> [1562 bytes]","args":[{"selector":{"controlType":"sap.ui.core.Icon","viewName":"etm.portal.ui.webshop.view.RequestMaster","properties":{"src":{"regex":{"source":"action\\-settings"}}}},"wdio_ui5_key":"etmportal.ui.webshop.view.RequestMastersap.ui.core.Icon{\"src\":{\"regex\":{\"source\":\"action\\\\-settings\"}}}"}]}
RESULT: undefined
COMMAND: POST /session/92e36b7f2589a9e1a7263b5f33980749/element - {"using":"xpath","value":"//*[@id=\"__xmlview74--smartTable-btnPersonalisation-img\"]"}
RESULT: {"using":"xpath","value":"//*[@id=\"__xmlview74--smartTable-btnPersonalisation-img\"]"}
COMMAND: POST /session/92e36b7f2589a9e1a7263b5f33980749/element/f.31350D4C963CC80A9541720B3C5CD4D9.d.CB0FFBC63C6CD4957ABBA7B795A5B5DE.e.6792/click - {}
RESULT: {}
COMMAND: GET /session/92e36b7f2589a9e1a7263b5f33980749/screenshot - {}
RESULT: {}
COMMAND: POST /session/92e36b7f2589a9e1a7263b5f33980749/element - {"using":"xpath","value":"//input[contains(@id ,\"searchField-I\")]"}
RESULT: {"using":"xpath","value":"//input[contains(@id ,\"searchField-I\")]"}
COMMAND: POST /session/92e36b7f2589a9e1a7263b5f33980749/element/f.31350D4C963CC80A9541720B3C5CD4D9.d.CB0FFBC63C6CD4957ABBA7B795A5B5DE.e.7070/clear - {}
RESULT: {}
COMMAND: POST /session/92e36b7f2589a9e1a7263b5f33980749/element/f.31350D4C963CC80A9541720B3C5CD4D9.d.CB0FFBC63C6CD4957ABBA7B795A5B5DE.e.7070/value - {"text":"tags"}
COMMAND: GET /session/92e36b7f2589a9e1a7263b5f33980749/screenshot - {}
RESULT: {"text":"tags"}
COMMAND: GET /session/92e36b7f2589a9e1a7263b5f33980749/screenshot - {}
RESULT: {}
RESULT: {}
COMMAND: POST /session/92e36b7f2589a9e1a7263b5f33980749/element - {"using":"xpath","value":"(//div[contains(@id ,\"selectMulti\")][@role=\"checkbox\"])[8]"}
RESULT: {"using":"xpath","value":"(//div[contains(@id ,\"selectMulti\")][@role=\"checkbox\"])[8]"}
COMMAND: POST /session/92e36b7f2589a9e1a7263b5f33980749/element/f.31350D4C963CC80A9541720B3C5CD4D9.d.CB0FFBC63C6CD4957ABBA7B795A5B5DE.e.7138/click - {}
RESULT: {}
COMMAND: GET /session/92e36b7f2589a9e1a7263b5f33980749/screenshot - {}
RESULT: {}
COMMAND: POST /session/92e36b7f2589a9e1a7263b5f33980749/element - {"using":"xpath","value":"//div[contains(@id ,\"searchField-reset\")]"}
RESULT: {"using":"xpath","value":"//div[contains(@id ,\"searchField-reset\")]"}
COMMAND: POST /session/92e36b7f2589a9e1a7263b5f33980749/element - {"using":"xpath","value":"//input[contains(@id ,\"searchField-I\")]"}
RESULT: {"using":"xpath","value":"//input[contains(@id ,\"searchField-I\")]"}
COMMAND: POST /session/92e36b7f2589a9e1a7263b5f33980749/element/f.31350D4C963CC80A9541720B3C5CD4D9.d.CB0FFBC63C6CD4957ABBA7B795A5B5DE.e.7070/clear - {}
RESULT: {}
COMMAND: POST /session/92e36b7f2589a9e1a7263b5f33980749/element/f.31350D4C963CC80A9541720B3C5CD4D9.d.CB0FFBC63C6CD4957ABBA7B795A5B5DE.e.7070/value - {"text":"status"}
COMMAND: GET /session/92e36b7f2589a9e1a7263b5f33980749/screenshot - {}
RESULT: {"text":"status"}
COMMAND: GET /session/92e36b7f2589a9e1a7263b5f33980749/screenshot - {}
RESULT: {}
RESULT: {}
COMMAND: POST /session/92e36b7f2589a9e1a7263b5f33980749/element - {"using":"xpath","value":"(//div[contains(@id ,\"selectMulti\")][@role=\"checkbox\"])[8]"}
RESULT: {"using":"xpath","value":"(//div[contains(@id ,\"selectMulti\")][@role=\"checkbox\"])[8]"}
COMMAND: POST /session/92e36b7f2589a9e1a7263b5f33980749/element/f.31350D4C963CC80A9541720B3C5CD4D9.d.CB0FFBC63C6CD4957ABBA7B795A5B5DE.e.7138/click - {}
RESULT: {}
COMMAND: GET /session/92e36b7f2589a9e1a7263b5f33980749/screenshot - {}
RESULT: {}
COMMAND: POST /session/92e36b7f2589a9e1a7263b5f33980749/element - {"using":"xpath","value":"//bdi[contains(@id ,\"confirmBtn-BDI-content\")]"}
RESULT: {"using":"xpath","value":"//bdi[contains(@id ,\"confirmBtn-BDI-content\")]"}
COMMAND: POST /session/92e36b7f2589a9e1a7263b5f33980749/element/f.31350D4C963CC80A9541720B3C5CD4D9.d.CB0FFBC63C6CD4957ABBA7B795A5B5DE.e.7159/click - {}
RESULT: {}
COMMAND: GET /session/92e36b7f2589a9e1a7263b5f33980749/screenshot - {}
RESULT: {}
COMMAND: POST /session/92e36b7f2589a9e1a7263b5f33980749/element - {"using":"xpath","value":"(//span[contains(text(), \"Status\")])[2]"}
RESULT: {"using":"xpath","value":"(//span[contains(text(), \"Status\")])[2]"}
COMMAND: POST /session/92e36b7f2589a9e1a7263b5f33980749/element - {"using":"xpath","value":"(//span[contains(text(), \"Status\")])[2]"}
RESULT: {"using":"xpath","value":"(//span[contains(text(), \"Status\")])[2]"}
COMMAND: POST /session/92e36b7f2589a9e1a7263b5f33980749/element - {"using":"xpath","value":"(//bdi[contains(text(), \"Tags\")])[2]"}
RESULT: {"using":"xpath","value":"(//bdi[contains(text(), \"Tags\")])[2]"}
COMMAND: POST /session/92e36b7f2589a9e1a7263b5f33980749/execute/sync - {"script":"<script> [8489 bytes]","args":[{"element-6066-11e4-a52e-4f735466cecf":"f.31350D4C963CC80A9541720B3C5CD4D9.d.CB0FFBC63C6CD4957ABBA7B795A5B5DE.e.7165","ELEMENT":"f.31350D4C963CC80A9541720B3C5CD4D9.d.CB0FFBC63C6CD4957ABBA7B795A5B5DE.e.7165"}]}
RESULT: {"script":"<script> [8489 bytes]","args":[{"element-6066-11e4-a52e-4f735466cecf":"f.31350D4C963CC80A9541720B3C5CD4D9.d.CB0FFBC63C6CD4957ABBA7B795A5B5DE.e.7165","ELEMENT":"f.31350D4C963CC80A9541720B3C5CD4D9.d.CB0FFBC63C6CD4957ABBA7B795A5B5DE.e.7165"}]}
COMMAND: POST /session/92e36b7f2589a9e1a7263b5f33980749/element - {"using":"xpath","value":"//span[contains(@title ,\"Remove\")]"}
COMMAND: GET /session/92e36b7f2589a9e1a7263b5f33980749/screenshot - {}
RESULT: {"using":"xpath","value":"//span[contains(@title ,\"Remove\")]"}
COMMAND: POST /session/92e36b7f2589a9e1a7263b5f33980749/element/f.31350D4C963CC80A9541720B3C5CD4D9.d.CB0FFBC63C6CD4957ABBA7B795A5B5DE.e.7166/click - {}
RESULT: {}
RESULT: {}
COMMAND: GET /session/92e36b7f2589a9e1a7263b5f33980749/screenshot - {}
RESULT: {}
COMMAND: POST /session/92e36b7f2589a9e1a7263b5f33980749/element - {"using":"xpath","value":"//button[contains(@id ,\"btnDeleteRequest\")]"}
RESULT: {"using":"xpath","value":"//button[contains(@id ,\"btnDeleteRequest\")]"}
COMMAND: POST /session/92e36b7f2589a9e1a7263b5f33980749/element - {"using":"xpath","value":"//button[contains(@id ,\"btnDeleteRequest\")]"}
RESULT: {"using":"xpath","value":"//button[contains(@id ,\"btnDeleteRequest\")]"}
COMMAND: POST /session/92e36b7f2589a9e1a7263b5f33980749/element - {"using":"xpath","value":"(//span[contains(text(), \"Draft\")])[1]"}
RESULT: {"using":"xpath","value":"(//span[contains(text(), \"Draft\")])[1]"}
COMMAND: POST /session/92e36b7f2589a9e1a7263b5f33980749/element/f.31350D4C963CC80A9541720B3C5CD4D9.d.CB0FFBC63C6CD4957ABBA7B795A5B5DE.e.7190/click - {}
RESULT: {}
COMMAND: GET /session/92e36b7f2589a9e1a7263b5f33980749/screenshot - {}
RESULT: {}
COMMAND: POST /session/92e36b7f2589a9e1a7263b5f33980749/element - {"using":"xpath","value":"//button[contains(@id ,\"btnDeleteRequest\")]"}
RESULT: {"using":"xpath","value":"//button[contains(@id ,\"btnDeleteRequest\")]"}
COMMAND: POST /session/92e36b7f2589a9e1a7263b5f33980749/execute/sync - {"script":"<script> [8489 bytes]","args":[{"element-6066-11e4-a52e-4f735466cecf":"f.31350D4C963CC80A9541720B3C5CD4D9.d.CB0FFBC63C6CD4957ABBA7B795A5B5DE.e.7223","ELEMENT":"f.31350D4C963CC80A9541720B3C5CD4D9.d.CB0FFBC63C6CD4957ABBA7B795A5B5DE.e.7223"}]}
RESULT: {"script":"<script> [8489 bytes]","args":[{"element-6066-11e4-a52e-4f735466cecf":"f.31350D4C963CC80A9541720B3C5CD4D9.d.CB0FFBC63C6CD4957ABBA7B795A5B5DE.e.7223","ELEMENT":"f.31350D4C963CC80A9541720B3C5CD4D9.d.CB0FFBC63C6CD4957ABBA7B795A5B5DE.e.7223"}]}
COMMAND: POST /session/92e36b7f2589a9e1a7263b5f33980749/element - {"using":"xpath","value":"(//span[contains(text(), \"Proposal\")])[1]"}
COMMAND: GET /session/92e36b7f2589a9e1a7263b5f33980749/screenshot - {}
RESULT: {"using":"xpath","value":"(//span[contains(text(), \"Proposal\")])[1]"}
COMMAND: POST /session/92e36b7f2589a9e1a7263b5f33980749/element/f.31350D4C963CC80A9541720B3C5CD4D9.d.CB0FFBC63C6CD4957ABBA7B795A5B5DE.e.7258/click - {}
RESULT: {}
RESULT: {}
COMMAND: GET /session/92e36b7f2589a9e1a7263b5f33980749/screenshot - {}
RESULT: {}
COMMAND: POST /session/92e36b7f2589a9e1a7263b5f33980749/execute/sync - {"script":"<script> [8489 bytes]","args":[{"element-6066-11e4-a52e-4f735466cecf":"f.31350D4C963CC80A9541720B3C5CD4D9.d.CB0FFBC63C6CD4957ABBA7B795A5B5DE.e.7223","ELEMENT":"f.31350D4C963CC80A9541720B3C5CD4D9.d.CB0FFBC63C6CD4957ABBA7B795A5B5DE.e.7223"}]}
RESULT: {"script":"<script> [8489 bytes]","args":[{"element-6066-11e4-a52e-4f735466cecf":"f.31350D4C963CC80A9541720B3C5CD4D9.d.CB0FFBC63C6CD4957ABBA7B795A5B5DE.e.7223","ELEMENT":"f.31350D4C963CC80A9541720B3C5CD4D9.d.CB0FFBC63C6CD4957ABBA7B795A5B5DE.e.7223"}]}
COMMAND: POST /session/92e36b7f2589a9e1a7263b5f33980749/element - {"using":"xpath","value":"//li[contains(@data-kt ,\"exitWebshopNavigationListItem\")]"}
COMMAND: GET /session/92e36b7f2589a9e1a7263b5f33980749/screenshot - {}
RESULT: {"using":"xpath","value":"//li[contains(@data-kt ,\"exitWebshopNavigationListItem\")]"}
COMMAND: POST /session/92e36b7f2589a9e1a7263b5f33980749/element/f.31350D4C963CC80A9541720B3C5CD4D9.d.CB0FFBC63C6CD4957ABBA7B795A5B5DE.e.7333/click - {}
RESULT: {}
RESULT: {}
COMMAND: GET /session/92e36b7f2589a9e1a7263b5f33980749/screenshot - {}
RESULT: {}
]]></system-out>
    </testcase>
  </testsuite>
  <testsuite timestamp="2025-05-25T16:31:13" time="277.475" tests="1" failures="0" errors="0" skipped="0">
    <properties>
      <property name="specId" value="0"/>
      <property name="suiteName" value="Webshop edit draft change dates pickup and delete items  US151281"/>
      <property name="capabilities" value="chrome.136_0_7103_93.windows"/>
      <property name="file" value="file:///D:/a/1/s/test/specs/R2C/webshop-edit-draft-dates-pickup-delete-items.spec.js"/>
    </properties>
    <testcase classname="chrome.136_0_7103_93.windows.Webshop_edit_draft_change_dates_pickup_and_delete_items__US151281" name="Should create a new draft and add the catalog items" time="275.418">
      <system-out><![CDATA[
RESULT: undefined
COMMAND: POST /session/92e36b7f2589a9e1a7263b5f33980749/element - {"using":"xpath","value":"//*[@id=\"__tile49\"]"}
RESULT: {"using":"xpath","value":"//*[@id=\"__tile49\"]"}
COMMAND: POST /session/92e36b7f2589a9e1a7263b5f33980749/element/f.31350D4C963CC80A9541720B3C5CD4D9.d.CB0FFBC63C6CD4957ABBA7B795A5B5DE.e.3000/click - {}
RESULT: {}
COMMAND: GET /session/92e36b7f2589a9e1a7263b5f33980749/screenshot - {}
RESULT: {}
COMMAND: POST /session/92e36b7f2589a9e1a7263b5f33980749/elements - {"using":"xpath","value":"//span[text()='Error']"}
RESULT: {"using":"xpath","value":"//span[text()='Error']"}
COMMAND: POST /session/92e36b7f2589a9e1a7263b5f33980749/element - {"using":"css selector","value":"#requestCreationDialog--createRequestPopUp-title-inner"}
RESULT: {"using":"css selector","value":"#requestCreationDialog--createRequestPopUp-title-inner"}
COMMAND: POST /session/92e36b7f2589a9e1a7263b5f33980749/execute/sync - {"script":"<script> [8489 bytes]","args":[{"element-6066-11e4-a52e-4f735466cecf":"f.31350D4C963CC80A9541720B3C5CD4D9.d.CB0FFBC63C6CD4957ABBA7B795A5B5DE.e.7387","ELEMENT":"f.31350D4C963CC80A9541720B3C5CD4D9.d.CB0FFBC63C6CD4957ABBA7B795A5B5DE.e.7387"}]}
RESULT: {"script":"<script> [8489 bytes]","args":[{"element-6066-11e4-a52e-4f735466cecf":"f.31350D4C963CC80A9541720B3C5CD4D9.d.CB0FFBC63C6CD4957ABBA7B795A5B5DE.e.7387","ELEMENT":"f.31350D4C963CC80A9541720B3C5CD4D9.d.CB0FFBC63C6CD4957ABBA7B795A5B5DE.e.7387"}]}
COMMAND: GET /session/92e36b7f2589a9e1a7263b5f33980749/element/f.31350D4C963CC80A9541720B3C5CD4D9.d.CB0FFBC63C6CD4957ABBA7B795A5B5DE.e.7387/enabled - {}
COMMAND: GET /session/92e36b7f2589a9e1a7263b5f33980749/screenshot - {}
RESULT: {}
RESULT: undefined
COMMAND: POST /session/92e36b7f2589a9e1a7263b5f33980749/execute/async - {"script":"<script> [776 bytes]","args":[{"enterText":"WebdriverTest","selector":{"id":"requestCreationDialog--requestName","searchOpenDialogs":true,"interaction":{"idSuffix":"inner"}},"clearTextFirst":true,"interactionType":"ENTER_TEXT"}]}
COMMAND: GET /session/92e36b7f2589a9e1a7263b5f33980749/screenshot - {}
RESULT: {}
RESULT: {"script":"<script> [776 bytes]","args":[{"enterText":"WebdriverTest","selector":{"id":"requestCreationDialog--requestName","searchOpenDialogs":true,"interaction":{"idSuffix":"inner"}},"clearTextFirst":true,"interactionType":"ENTER_TEXT"}]}
COMMAND: POST /session/92e36b7f2589a9e1a7263b5f33980749/element - {"using":"xpath","value":"//input[contains(@id ,\"requestCreationDialog--contract-inner\")]"}
RESULT: {}
RESULT: {"using":"xpath","value":"//input[contains(@id ,\"requestCreationDialog--contract-inner\")]"}
COMMAND: POST /session/92e36b7f2589a9e1a7263b5f33980749/element/f.31350D4C963CC80A9541720B3C5CD4D9.d.CB0FFBC63C6CD4957ABBA7B795A5B5DE.e.7373/clear - {}
RESULT: {}
COMMAND: POST /session/92e36b7f2589a9e1a7263b5f33980749/element/f.31350D4C963CC80A9541720B3C5CD4D9.d.CB0FFBC63C6CD4957ABBA7B795A5B5DE.e.7373/value - {"text":"10206"}
COMMAND: GET /session/92e36b7f2589a9e1a7263b5f33980749/screenshot - {}
RESULT: {"text":"10206"}
COMMAND: GET /session/92e36b7f2589a9e1a7263b5f33980749/screenshot - {}
RESULT: {}
RESULT: {}
COMMAND: POST /session/92e36b7f2589a9e1a7263b5f33980749/actions - {"actions":[{"id":"action16","type":"key","parameters":{},"actions":[{"type":"keyDown","value":""},{"type":"pause","duration":10},{"type":"keyUp","value":""}]}]}
RESULT: {"actions":[{"id":"action16","type":"key","parameters":{},"actions":[{"type":"keyDown","value":""},{"type":"pause","duration":10},{"type":"keyUp","value":""}]}]}
COMMAND: GET /session/92e36b7f2589a9e1a7263b5f33980749/screenshot - {}
RESULT: {}
COMMAND: POST /session/92e36b7f2589a9e1a7263b5f33980749/element - {"using":"xpath","value":"//input[contains(@id ,\"requestCreationDialog--contract-inner\")]"}
RESULT: {"using":"xpath","value":"//input[contains(@id ,\"requestCreationDialog--contract-inner\")]"}
COMMAND: GET /session/92e36b7f2589a9e1a7263b5f33980749/element/f.31350D4C963CC80A9541720B3C5CD4D9.d.CB0FFBC63C6CD4957ABBA7B795A5B5DE.e.7373/property/value - {}
RESULT: {}
COMMAND: POST /session/92e36b7f2589a9e1a7263b5f33980749/element - {"using":"xpath","value":"//input[contains(@id ,\"requestCreationDialog--contract-inner\")]"}
COMMAND: GET /session/92e36b7f2589a9e1a7263b5f33980749/screenshot - {}
RESULT: {"using":"xpath","value":"//input[contains(@id ,\"requestCreationDialog--contract-inner\")]"}
RESULT: undefined
COMMAND: POST /session/92e36b7f2589a9e1a7263b5f33980749/element - {"using":"xpath","value":"//*[@id=\"requestCreationDialog--okButton\"]"}
RESULT: {}
RESULT: {"using":"xpath","value":"//*[@id=\"requestCreationDialog--okButton\"]"}
COMMAND: POST /session/92e36b7f2589a9e1a7263b5f33980749/element/f.31350D4C963CC80A9541720B3C5CD4D9.d.CB0FFBC63C6CD4957ABBA7B795A5B5DE.e.7394/click - {}
RESULT: {}
COMMAND: GET /session/92e36b7f2589a9e1a7263b5f33980749/screenshot - {}
RESULT: {}
COMMAND: POST /session/92e36b7f2589a9e1a7263b5f33980749/element - {"using":"xpath","value":"//input[contains(@id ,\"searchFiledId-I\")]"}
RESULT: {"using":"xpath","value":"//input[contains(@id ,\"searchFiledId-I\")]"}
COMMAND: POST /session/92e36b7f2589a9e1a7263b5f33980749/element/f.31350D4C963CC80A9541720B3C5CD4D9.d.CB0FFBC63C6CD4957ABBA7B795A5B5DE.e.7337/value - {"text":"Dri-Prime CD150M Diesel Pump"}
RESULT: {"text":"Dri-Prime CD150M Diesel Pump"}
COMMAND: POST /session/92e36b7f2589a9e1a7263b5f33980749/actions - {"actions":[{"id":"action17","type":"key","parameters":{},"actions":[{"type":"keyDown","value":""},{"type":"pause","duration":10},{"type":"keyUp","value":""}]}]}
COMMAND: GET /session/92e36b7f2589a9e1a7263b5f33980749/screenshot - {}
RESULT: {"actions":[{"id":"action17","type":"key","parameters":{},"actions":[{"type":"keyDown","value":""},{"type":"pause","duration":10},{"type":"keyUp","value":""}]}]}
COMMAND: GET /session/92e36b7f2589a9e1a7263b5f33980749/screenshot - {}
RESULT: {}
RESULT: {}
COMMAND: POST /session/92e36b7f2589a9e1a7263b5f33980749/element - {"using":"xpath","value":"//span[contains(@id ,\"subTitle\")][contains(text(), \"Dri-Prime CD150M Diesel Pump\")]"}
RESULT: {"using":"xpath","value":"//span[contains(@id ,\"subTitle\")][contains(text(), \"Dri-Prime CD150M Diesel Pump\")]"}
COMMAND: POST /session/92e36b7f2589a9e1a7263b5f33980749/element/f.31350D4C963CC80A9541720B3C5CD4D9.d.CB0FFBC63C6CD4957ABBA7B795A5B5DE.e.7401/click - {}
RESULT: {}
COMMAND: GET /session/92e36b7f2589a9e1a7263b5f33980749/screenshot - {}
RESULT: {}
COMMAND: POST /session/92e36b7f2589a9e1a7263b5f33980749/element - {"using":"xpath","value":"//bdi[contains(text(), \"Add to Request\")]"}
RESULT: {"using":"xpath","value":"//bdi[contains(text(), \"Add to Request\")]"}
COMMAND: POST /session/92e36b7f2589a9e1a7263b5f33980749/element/f.31350D4C963CC80A9541720B3C5CD4D9.d.CB0FFBC63C6CD4957ABBA7B795A5B5DE.e.7415/click - {}
RESULT: {}
COMMAND: GET /session/92e36b7f2589a9e1a7263b5f33980749/screenshot - {}
RESULT: {}
COMMAND: POST /session/92e36b7f2589a9e1a7263b5f33980749/element/f.31350D4C963CC80A9541720B3C5CD4D9.d.CB0FFBC63C6CD4957ABBA7B795A5B5DE.e.7415/click - {}
RESULT: {}
COMMAND: GET /session/92e36b7f2589a9e1a7263b5f33980749/screenshot - {}
RESULT: {}
COMMAND: POST /session/92e36b7f2589a9e1a7263b5f33980749/element - {"using":"xpath","value":"//*[contains(@id ,\"activeCartId-BDI-content\")]"}
RESULT: {"using":"xpath","value":"//*[contains(@id ,\"activeCartId-BDI-content\")]"}
COMMAND: POST /session/92e36b7f2589a9e1a7263b5f33980749/element/f.31350D4C963CC80A9541720B3C5CD4D9.d.CB0FFBC63C6CD4957ABBA7B795A5B5DE.e.7423/click - {}
RESULT: {}
COMMAND: GET /session/92e36b7f2589a9e1a7263b5f33980749/screenshot - {}
RESULT: {}
COMMAND: POST /session/92e36b7f2589a9e1a7263b5f33980749/element - {"using":"xpath","value":"//bdi[contains(text(), \"Check out my request\")]"}
RESULT: {"using":"xpath","value":"//bdi[contains(text(), \"Check out my request\")]"}
COMMAND: POST /session/92e36b7f2589a9e1a7263b5f33980749/element/f.31350D4C963CC80A9541720B3C5CD4D9.d.CB0FFBC63C6CD4957ABBA7B795A5B5DE.e.7425/click - {}
RESULT: {}
COMMAND: GET /session/92e36b7f2589a9e1a7263b5f33980749/screenshot - {}
RESULT: {}
COMMAND: POST /session/92e36b7f2589a9e1a7263b5f33980749/element - {"using":"xpath","value":"//div[contains(@data-kt ,\"characteristicsObjectStatus\")]"}
RESULT: {"using":"xpath","value":"//div[contains(@data-kt ,\"characteristicsObjectStatus\")]"}
COMMAND: POST /session/92e36b7f2589a9e1a7263b5f33980749/element/f.31350D4C963CC80A9541720B3C5CD4D9.d.CB0FFBC63C6CD4957ABBA7B795A5B5DE.e.7445/click - {}
RESULT: {}
COMMAND: GET /session/92e36b7f2589a9e1a7263b5f33980749/screenshot - {}
RESULT: {}
COMMAND: POST /session/92e36b7f2589a9e1a7263b5f33980749/element - {"using":"xpath","value":"//input[contains(@id ,\"costObjectAdminTypeComboBox-inner\")]"}
RESULT: {"using":"xpath","value":"//input[contains(@id ,\"costObjectAdminTypeComboBox-inner\")]"}
COMMAND: POST /session/92e36b7f2589a9e1a7263b5f33980749/element/f.31350D4C963CC80A9541720B3C5CD4D9.d.CB0FFBC63C6CD4957ABBA7B795A5B5DE.e.7446/clear - {}
RESULT: {}
COMMAND: POST /session/92e36b7f2589a9e1a7263b5f33980749/element/f.31350D4C963CC80A9541720B3C5CD4D9.d.CB0FFBC63C6CD4957ABBA7B795A5B5DE.e.7446/value - {"text":"Cost Center"}
COMMAND: GET /session/92e36b7f2589a9e1a7263b5f33980749/screenshot - {}
RESULT: {"text":"Cost Center"}
COMMAND: GET /session/92e36b7f2589a9e1a7263b5f33980749/screenshot - {}
RESULT: {}
RESULT: {}
COMMAND: POST /session/92e36b7f2589a9e1a7263b5f33980749/actions - {"actions":[{"id":"action18","type":"key","parameters":{},"actions":[{"type":"keyDown","value":""},{"type":"pause","duration":10},{"type":"keyUp","value":""}]}]}
RESULT: {"actions":[{"id":"action18","type":"key","parameters":{},"actions":[{"type":"keyDown","value":""},{"type":"pause","duration":10},{"type":"keyUp","value":""}]}]}
COMMAND: GET /session/92e36b7f2589a9e1a7263b5f33980749/screenshot - {}
RESULT: {}
COMMAND: POST /session/92e36b7f2589a9e1a7263b5f33980749/element - {"using":"xpath","value":"//input[contains(@id ,\"costObjectIdComboBox-inner\")]"}
RESULT: {"using":"xpath","value":"//input[contains(@id ,\"costObjectIdComboBox-inner\")]"}
COMMAND: POST /session/92e36b7f2589a9e1a7263b5f33980749/element/f.31350D4C963CC80A9541720B3C5CD4D9.d.CB0FFBC63C6CD4957ABBA7B795A5B5DE.e.7455/clear - {}
RESULT: {}
COMMAND: POST /session/92e36b7f2589a9e1a7263b5f33980749/element/f.31350D4C963CC80A9541720B3C5CD4D9.d.CB0FFBC63C6CD4957ABBA7B795A5B5DE.e.7455/value - {"text":"Vigra"}
COMMAND: GET /session/92e36b7f2589a9e1a7263b5f33980749/screenshot - {}
RESULT: {"text":"Vigra"}
COMMAND: GET /session/92e36b7f2589a9e1a7263b5f33980749/screenshot - {}
RESULT: {}
RESULT: {}
COMMAND: POST /session/92e36b7f2589a9e1a7263b5f33980749/actions - {"actions":[{"id":"action19","type":"key","parameters":{},"actions":[{"type":"keyDown","value":""},{"type":"pause","duration":10},{"type":"keyUp","value":""}]}]}
RESULT: {"actions":[{"id":"action19","type":"key","parameters":{},"actions":[{"type":"keyDown","value":""},{"type":"pause","duration":10},{"type":"keyUp","value":""}]}]}
COMMAND: GET /session/92e36b7f2589a9e1a7263b5f33980749/screenshot - {}
RESULT: {}
COMMAND: POST /session/92e36b7f2589a9e1a7263b5f33980749/element - {"using":"xpath","value":"//bdi[contains(text(), \"Save\")]"}
RESULT: {"using":"xpath","value":"//bdi[contains(text(), \"Save\")]"}
COMMAND: POST /session/92e36b7f2589a9e1a7263b5f33980749/element/f.31350D4C963CC80A9541720B3C5CD4D9.d.CB0FFBC63C6CD4957ABBA7B795A5B5DE.e.7461/click - {}
RESULT: {}
COMMAND: GET /session/92e36b7f2589a9e1a7263b5f33980749/screenshot - {}
RESULT: {}
COMMAND: POST /session/92e36b7f2589a9e1a7263b5f33980749/element - {"using":"xpath","value":"(//div[contains(@data-kt ,\"characteristicsObjectStatus\")])[2]"}
RESULT: {"using":"xpath","value":"(//div[contains(@data-kt ,\"characteristicsObjectStatus\")])[2]"}
COMMAND: POST /session/92e36b7f2589a9e1a7263b5f33980749/element/f.31350D4C963CC80A9541720B3C5CD4D9.d.CB0FFBC63C6CD4957ABBA7B795A5B5DE.e.7465/click - {}
RESULT: {}
COMMAND: GET /session/92e36b7f2589a9e1a7263b5f33980749/screenshot - {}
RESULT: {}
COMMAND: POST /session/92e36b7f2589a9e1a7263b5f33980749/element - {"using":"xpath","value":"//input[contains(@id ,\"costObjectAdminTypeComboBox-inner\")]"}
RESULT: {"using":"xpath","value":"//input[contains(@id ,\"costObjectAdminTypeComboBox-inner\")]"}
COMMAND: POST /session/92e36b7f2589a9e1a7263b5f33980749/element/f.31350D4C963CC80A9541720B3C5CD4D9.d.CB0FFBC63C6CD4957ABBA7B795A5B5DE.e.7466/clear - {}
RESULT: {}
COMMAND: POST /session/92e36b7f2589a9e1a7263b5f33980749/element/f.31350D4C963CC80A9541720B3C5CD4D9.d.CB0FFBC63C6CD4957ABBA7B795A5B5DE.e.7466/value - {"text":"Cost Center"}
COMMAND: GET /session/92e36b7f2589a9e1a7263b5f33980749/screenshot - {}
RESULT: {"text":"Cost Center"}
COMMAND: GET /session/92e36b7f2589a9e1a7263b5f33980749/screenshot - {}
RESULT: {}
RESULT: {}
COMMAND: POST /session/92e36b7f2589a9e1a7263b5f33980749/actions - {"actions":[{"id":"action20","type":"key","parameters":{},"actions":[{"type":"keyDown","value":""},{"type":"pause","duration":10},{"type":"keyUp","value":""}]}]}
RESULT: {"actions":[{"id":"action20","type":"key","parameters":{},"actions":[{"type":"keyDown","value":""},{"type":"pause","duration":10},{"type":"keyUp","value":""}]}]}
COMMAND: GET /session/92e36b7f2589a9e1a7263b5f33980749/screenshot - {}
RESULT: {}
COMMAND: POST /session/92e36b7f2589a9e1a7263b5f33980749/element - {"using":"xpath","value":"//input[contains(@id ,\"costObjectIdComboBox-inner\")]"}
RESULT: {"using":"xpath","value":"//input[contains(@id ,\"costObjectIdComboBox-inner\")]"}
COMMAND: POST /session/92e36b7f2589a9e1a7263b5f33980749/element/f.31350D4C963CC80A9541720B3C5CD4D9.d.CB0FFBC63C6CD4957ABBA7B795A5B5DE.e.7477/clear - {}
RESULT: {}
COMMAND: POST /session/92e36b7f2589a9e1a7263b5f33980749/element/f.31350D4C963CC80A9541720B3C5CD4D9.d.CB0FFBC63C6CD4957ABBA7B795A5B5DE.e.7477/value - {"text":"Vigra"}
COMMAND: GET /session/92e36b7f2589a9e1a7263b5f33980749/screenshot - {}
RESULT: {"text":"Vigra"}
COMMAND: GET /session/92e36b7f2589a9e1a7263b5f33980749/screenshot - {}
RESULT: {}
COMMAND: POST /session/92e36b7f2589a9e1a7263b5f33980749/actions - {"actions":[{"id":"action21","type":"key","parameters":{},"actions":[{"type":"keyDown","value":""},{"type":"pause","duration":10},{"type":"keyUp","value":""}]}]}
RESULT: {}
RESULT: {"actions":[{"id":"action21","type":"key","parameters":{},"actions":[{"type":"keyDown","value":""},{"type":"pause","duration":10},{"type":"keyUp","value":""}]}]}
COMMAND: GET /session/92e36b7f2589a9e1a7263b5f33980749/screenshot - {}
RESULT: {}
COMMAND: POST /session/92e36b7f2589a9e1a7263b5f33980749/element - {"using":"xpath","value":"//bdi[contains(text(), \"Save\")]"}
RESULT: {"using":"xpath","value":"//bdi[contains(text(), \"Save\")]"}
COMMAND: POST /session/92e36b7f2589a9e1a7263b5f33980749/element/f.31350D4C963CC80A9541720B3C5CD4D9.d.CB0FFBC63C6CD4957ABBA7B795A5B5DE.e.7482/click - {}
RESULT: {}
COMMAND: GET /session/92e36b7f2589a9e1a7263b5f33980749/screenshot - {}
RESULT: {}
COMMAND: POST /session/92e36b7f2589a9e1a7263b5f33980749/element - {"using":"xpath","value":"(//header/div[1]/div[3]/div/span)[1]"}
RESULT: {"using":"xpath","value":"(//header/div[1]/div[3]/div/span)[1]"}
COMMAND: POST /session/92e36b7f2589a9e1a7263b5f33980749/execute/sync - {"script":"<script> [149 bytes]","args":[{"element-6066-11e4-a52e-4f735466cecf":"f.31350D4C963CC80A9541720B3C5CD4D9.d.CB0FFBC63C6CD4957ABBA7B795A5B5DE.e.7503","ELEMENT":"f.31350D4C963CC80A9541720B3C5CD4D9.d.CB0FFBC63C6CD4957ABBA7B795A5B5DE.e.7503"},false]}
RESULT: {"script":"<script> [149 bytes]","args":[{"element-6066-11e4-a52e-4f735466cecf":"f.31350D4C963CC80A9541720B3C5CD4D9.d.CB0FFBC63C6CD4957ABBA7B795A5B5DE.e.7503","ELEMENT":"f.31350D4C963CC80A9541720B3C5CD4D9.d.CB0FFBC63C6CD4957ABBA7B795A5B5DE.e.7503"},false]}
COMMAND: POST /session/92e36b7f2589a9e1a7263b5f33980749/execute/async - {"script":"<script> [1562 bytes]","args":[{"selector":{"id":"pickUpSwitchHeader","viewName":"etm.portal.ui.webshop.view.RequestDetail","interaction":{"idSuffix":"textoff"}},"wdio_ui5_key":"pickUpSwitchHeaderetmportal.ui.webshop.view.RequestDetail"}]}
COMMAND: GET /session/92e36b7f2589a9e1a7263b5f33980749/screenshot - {}
RESULT: {"script":"<script> [1562 bytes]","args":[{"selector":{"id":"pickUpSwitchHeader","viewName":"etm.portal.ui.webshop.view.RequestDetail","interaction":{"idSuffix":"textoff"}},"wdio_ui5_key":"pickUpSwitchHeaderetmportal.ui.webshop.view.RequestDetail"}]}
RESULT: undefined
COMMAND: POST /session/92e36b7f2589a9e1a7263b5f33980749/element - {"using":"xpath","value":"//*[@id=\"__xmlview76--pickUpSwitchHeader\"]"}
RESULT: {}
RESULT: {"using":"xpath","value":"//*[@id=\"__xmlview76--pickUpSwitchHeader\"]"}
COMMAND: POST /session/92e36b7f2589a9e1a7263b5f33980749/element/f.31350D4C963CC80A9541720B3C5CD4D9.d.CB0FFBC63C6CD4957ABBA7B795A5B5DE.e.7505/click - {}
RESULT: {}
COMMAND: GET /session/92e36b7f2589a9e1a7263b5f33980749/screenshot - {}
RESULT: {}
COMMAND: POST /session/92e36b7f2589a9e1a7263b5f33980749/execute/async - {"script":"<script> [1562 bytes]","args":[{"selector":{"controlType":"sap.m.Button","viewName":"etm.portal.ui.webshop.view.RequestDetail","bindingPath":{"path":"/RequestItems(REQUEST='20109',ITEM=10m)","propertyPath":"STATUS"}},"wdio_ui5_key":"etmportal.ui.webshop.view.RequestDetailsap.m.Button{\"path\":\"/RequestItems(REQUEST='20109',ITEM=10m)\",\"propertyPath\":\"STATUS\"}"}]}
RESULT: {"script":"<script> [1562 bytes]","args":[{"selector":{"controlType":"sap.m.Button","viewName":"etm.portal.ui.webshop.view.RequestDetail","bindingPath":{"path":"/RequestItems(REQUEST='20109',ITEM=10m)","propertyPath":"STATUS"}},"wdio_ui5_key":"etmportal.ui.webshop.view.RequestDetailsap.m.Button{\"path\":\"/RequestItems(REQUEST='20109',ITEM=10m)\",\"propertyPath\":\"STATUS\"}"}]}
RESULT: undefined
COMMAND: POST /session/92e36b7f2589a9e1a7263b5f33980749/execute/async - {"script":"<script> [6424 bytes]","args":[{"element-6066-11e4-a52e-4f735466cecf":"f.31350D4C963CC80A9541720B3C5CD4D9.d.CB0FFBC63C6CD4957ABBA7B795A5B5DE.e.7509"},"getType",[]]}
RESULT: {"script":"<script> [6424 bytes]","args":[{"element-6066-11e4-a52e-4f735466cecf":"f.31350D4C963CC80A9541720B3C5CD4D9.d.CB0FFBC63C6CD4957ABBA7B795A5B5DE.e.7509"},"getType",[]]}
COMMAND: POST /session/92e36b7f2589a9e1a7263b5f33980749/execute/async - {"script":"<script> [1562 bytes]","args":[{"selector":{"controlType":"sap.m.Button","viewName":"etm.portal.ui.webshop.view.RequestDetail","bindingPath":{"path":"/RequestItems(REQUEST='20109',ITEM=20m)","propertyPath":"STATUS"}},"wdio_ui5_key":"etmportal.ui.webshop.view.RequestDetailsap.m.Button{\"path\":\"/RequestItems(REQUEST='20109',ITEM=20m)\",\"propertyPath\":\"STATUS\"}"}]}
RESULT: {"script":"<script> [1562 bytes]","args":[{"selector":{"controlType":"sap.m.Button","viewName":"etm.portal.ui.webshop.view.RequestDetail","bindingPath":{"path":"/RequestItems(REQUEST='20109',ITEM=20m)","propertyPath":"STATUS"}},"wdio_ui5_key":"etmportal.ui.webshop.view.RequestDetailsap.m.Button{\"path\":\"/RequestItems(REQUEST='20109',ITEM=20m)\",\"propertyPath\":\"STATUS\"}"}]}
RESULT: undefined
COMMAND: POST /session/92e36b7f2589a9e1a7263b5f33980749/execute/async - {"script":"<script> [6424 bytes]","args":[{"element-6066-11e4-a52e-4f735466cecf":"f.31350D4C963CC80A9541720B3C5CD4D9.d.CB0FFBC63C6CD4957ABBA7B795A5B5DE.e.7510"},"getType",[]]}
RESULT: {"script":"<script> [6424 bytes]","args":[{"element-6066-11e4-a52e-4f735466cecf":"f.31350D4C963CC80A9541720B3C5CD4D9.d.CB0FFBC63C6CD4957ABBA7B795A5B5DE.e.7510"},"getType",[]]}
RESULT: undefined
COMMAND: POST /session/92e36b7f2589a9e1a7263b5f33980749/element - {"using":"xpath","value":"//*[@id=\"__xmlview76--pickUpItemButton-__clone20587\"]"}
RESULT: {"using":"xpath","value":"//*[@id=\"__xmlview76--pickUpItemButton-__clone20587\"]"}
COMMAND: POST /session/92e36b7f2589a9e1a7263b5f33980749/element/f.31350D4C963CC80A9541720B3C5CD4D9.d.CB0FFBC63C6CD4957ABBA7B795A5B5DE.e.7509/click - {}
RESULT: {}
COMMAND: GET /session/92e36b7f2589a9e1a7263b5f33980749/screenshot - {}
RESULT: {}
COMMAND: POST /session/92e36b7f2589a9e1a7263b5f33980749/element - {"using":"xpath","value":"//span[contains(@class ,\"sapMBtnInner sapMBtnHoverable sapMFocusable sapMBtnText sapMBtnDefault\")][contains(@id ,\"pickUpItemButton\")]"}
RESULT: {"using":"xpath","value":"//span[contains(@class ,\"sapMBtnInner sapMBtnHoverable sapMFocusable sapMBtnText sapMBtnDefault\")][contains(@id ,\"pickUpItemButton\")]"}
COMMAND: POST /session/92e36b7f2589a9e1a7263b5f33980749/execute/sync - {"script":"<script> [8489 bytes]","args":[{"element-6066-11e4-a52e-4f735466cecf":"f.31350D4C963CC80A9541720B3C5CD4D9.d.CB0FFBC63C6CD4957ABBA7B795A5B5DE.e.7511","ELEMENT":"f.31350D4C963CC80A9541720B3C5CD4D9.d.CB0FFBC63C6CD4957ABBA7B795A5B5DE.e.7511"}]}
RESULT: undefined
COMMAND: POST /session/92e36b7f2589a9e1a7263b5f33980749/execute/async - {"script":"<script> [6424 bytes]","args":[{"element-6066-11e4-a52e-4f735466cecf":"f.31350D4C963CC80A9541720B3C5CD4D9.d.CB0FFBC63C6CD4957ABBA7B795A5B5DE.e.7504"},"getState",[]]}
RESULT: {"script":"<script> [8489 bytes]","args":[{"element-6066-11e4-a52e-4f735466cecf":"f.31350D4C963CC80A9541720B3C5CD4D9.d.CB0FFBC63C6CD4957ABBA7B795A5B5DE.e.7511","ELEMENT":"f.31350D4C963CC80A9541720B3C5CD4D9.d.CB0FFBC63C6CD4957ABBA7B795A5B5DE.e.7511"}]}
COMMAND: GET /session/92e36b7f2589a9e1a7263b5f33980749/screenshot - {}
RESULT: {"script":"<script> [6424 bytes]","args":[{"element-6066-11e4-a52e-4f735466cecf":"f.31350D4C963CC80A9541720B3C5CD4D9.d.CB0FFBC63C6CD4957ABBA7B795A5B5DE.e.7504"},"getState",[]]}
COMMAND: POST /session/92e36b7f2589a9e1a7263b5f33980749/execute/async - {"script":"<script> [1562 bytes]","args":[{"selector":{"id":"editRequest","viewName":"etm.portal.ui.webshop.view.RequestDetail","interaction":{"idSuffix":"BDI-content"}},"wdio_ui5_key":"editRequestetmportal.ui.webshop.view.RequestDetail"}]}
COMMAND: POST /session/92e36b7f2589a9e1a7263b5f33980749/execute/sync - {"script":"<script> [8489 bytes]","args":[{"element-6066-11e4-a52e-4f735466cecf":"f.31350D4C963CC80A9541720B3C5CD4D9.d.CB0FFBC63C6CD4957ABBA7B795A5B5DE.e.7511","ELEMENT":"f.31350D4C963CC80A9541720B3C5CD4D9.d.CB0FFBC63C6CD4957ABBA7B795A5B5DE.e.7511"}]}
RESULT: {}
RESULT: {"script":"<script> [1562 bytes]","args":[{"selector":{"id":"editRequest","viewName":"etm.portal.ui.webshop.view.RequestDetail","interaction":{"idSuffix":"BDI-content"}},"wdio_ui5_key":"editRequestetmportal.ui.webshop.view.RequestDetail"}]}
RESULT: undefined
COMMAND: POST /session/92e36b7f2589a9e1a7263b5f33980749/element - {"using":"xpath","value":"//*[@id=\"__xmlview76--editRequest\"]"}
RESULT: {"script":"<script> [8489 bytes]","args":[{"element-6066-11e4-a52e-4f735466cecf":"f.31350D4C963CC80A9541720B3C5CD4D9.d.CB0FFBC63C6CD4957ABBA7B795A5B5DE.e.7511","ELEMENT":"f.31350D4C963CC80A9541720B3C5CD4D9.d.CB0FFBC63C6CD4957ABBA7B795A5B5DE.e.7511"}]}
COMMAND: GET /session/92e36b7f2589a9e1a7263b5f33980749/screenshot - {}
RESULT: {"using":"xpath","value":"//*[@id=\"__xmlview76--editRequest\"]"}
COMMAND: POST /session/92e36b7f2589a9e1a7263b5f33980749/element/f.31350D4C963CC80A9541720B3C5CD4D9.d.CB0FFBC63C6CD4957ABBA7B795A5B5DE.e.7513/click - {}
RESULT: {}
COMMAND: POST /session/92e36b7f2589a9e1a7263b5f33980749/execute/sync - {"script":"<script> [8489 bytes]","args":[{"element-6066-11e4-a52e-4f735466cecf":"f.31350D4C963CC80A9541720B3C5CD4D9.d.CB0FFBC63C6CD4957ABBA7B795A5B5DE.e.7511","ELEMENT":"f.31350D4C963CC80A9541720B3C5CD4D9.d.CB0FFBC63C6CD4957ABBA7B795A5B5DE.e.7511"}]}
RESULT: {}
COMMAND: GET /session/92e36b7f2589a9e1a7263b5f33980749/screenshot - {}
RESULT: {"script":"<script> [8489 bytes]","args":[{"element-6066-11e4-a52e-4f735466cecf":"f.31350D4C963CC80A9541720B3C5CD4D9.d.CB0FFBC63C6CD4957ABBA7B795A5B5DE.e.7511","ELEMENT":"f.31350D4C963CC80A9541720B3C5CD4D9.d.CB0FFBC63C6CD4957ABBA7B795A5B5DE.e.7511"}]}
COMMAND: GET /session/92e36b7f2589a9e1a7263b5f33980749/screenshot - {}
RESULT: {}
RESULT: {}
COMMAND: POST /session/92e36b7f2589a9e1a7263b5f33980749/execute/sync - {"script":"<script> [8489 bytes]","args":[{"element-6066-11e4-a52e-4f735466cecf":"f.31350D4C963CC80A9541720B3C5CD4D9.d.CB0FFBC63C6CD4957ABBA7B795A5B5DE.e.7511","ELEMENT":"f.31350D4C963CC80A9541720B3C5CD4D9.d.CB0FFBC63C6CD4957ABBA7B795A5B5DE.e.7511"}]}
RESULT: {"script":"<script> [8489 bytes]","args":[{"element-6066-11e4-a52e-4f735466cecf":"f.31350D4C963CC80A9541720B3C5CD4D9.d.CB0FFBC63C6CD4957ABBA7B795A5B5DE.e.7511","ELEMENT":"f.31350D4C963CC80A9541720B3C5CD4D9.d.CB0FFBC63C6CD4957ABBA7B795A5B5DE.e.7511"}]}
COMMAND: GET /session/92e36b7f2589a9e1a7263b5f33980749/screenshot - {}
RESULT: {}
COMMAND: POST /session/92e36b7f2589a9e1a7263b5f33980749/execute/sync - {"script":"<script> [8489 bytes]","args":[{"element-6066-11e4-a52e-4f735466cecf":"f.31350D4C963CC80A9541720B3C5CD4D9.d.CB0FFBC63C6CD4957ABBA7B795A5B5DE.e.7511","ELEMENT":"f.31350D4C963CC80A9541720B3C5CD4D9.d.CB0FFBC63C6CD4957ABBA7B795A5B5DE.e.7511"}]}
RESULT: {"script":"<script> [8489 bytes]","args":[{"element-6066-11e4-a52e-4f735466cecf":"f.31350D4C963CC80A9541720B3C5CD4D9.d.CB0FFBC63C6CD4957ABBA7B795A5B5DE.e.7511","ELEMENT":"f.31350D4C963CC80A9541720B3C5CD4D9.d.CB0FFBC63C6CD4957ABBA7B795A5B5DE.e.7511"}]}
COMMAND: GET /session/92e36b7f2589a9e1a7263b5f33980749/screenshot - {}
RESULT: {}
COMMAND: POST /session/92e36b7f2589a9e1a7263b5f33980749/element - {"using":"xpath","value":"//input[contains(@id ,\"startDate\")]"}
RESULT: {"using":"xpath","value":"//input[contains(@id ,\"startDate\")]"}
COMMAND: POST /session/92e36b7f2589a9e1a7263b5f33980749/element/f.31350D4C963CC80A9541720B3C5CD4D9.d.CB0FFBC63C6CD4957ABBA7B795A5B5DE.e.7528/click - {}
RESULT: {}
COMMAND: POST /session/92e36b7f2589a9e1a7263b5f33980749/actions - {"actions":[{"id":"action22","type":"key","parameters":{},"actions":[{"type":"keyDown","value":""},{"type":"keyDown","value":"a"},{"type":"pause","duration":10},{"type":"keyUp","value":""},{"type":"keyUp","value":"a"}]}]}
COMMAND: GET /session/92e36b7f2589a9e1a7263b5f33980749/screenshot - {}
RESULT: {"actions":[{"id":"action22","type":"key","parameters":{},"actions":[{"type":"keyDown","value":""},{"type":"keyDown","value":"a"},{"type":"pause","duration":10},{"type":"keyUp","value":""},{"type":"keyUp","value":"a"}]}]}
COMMAND: POST /session/92e36b7f2589a9e1a7263b5f33980749/actions - {"actions":[{"id":"action23","type":"key","parameters":{},"actions":[{"type":"keyDown","value":""},{"type":"pause","duration":10},{"type":"keyUp","value":""}]}]}
COMMAND: GET /session/92e36b7f2589a9e1a7263b5f33980749/screenshot - {}
RESULT: {}
RESULT: {"actions":[{"id":"action23","type":"key","parameters":{},"actions":[{"type":"keyDown","value":""},{"type":"pause","duration":10},{"type":"keyUp","value":""}]}]}
COMMAND: GET /session/92e36b7f2589a9e1a7263b5f33980749/screenshot - {}
RESULT: {}
RESULT: {}
COMMAND: POST /session/92e36b7f2589a9e1a7263b5f33980749/element/f.31350D4C963CC80A9541720B3C5CD4D9.d.CB0FFBC63C6CD4957ABBA7B795A5B5DE.e.7528/clear - {}
RESULT: {}
COMMAND: POST /session/92e36b7f2589a9e1a7263b5f33980749/element/f.31350D4C963CC80A9541720B3C5CD4D9.d.CB0FFBC63C6CD4957ABBA7B795A5B5DE.e.7528/value - {"text":"6/1/25"}
COMMAND: GET /session/92e36b7f2589a9e1a7263b5f33980749/screenshot - {}
RESULT: {"text":"6/1/25"}
COMMAND: POST /session/92e36b7f2589a9e1a7263b5f33980749/actions - {"actions":[{"id":"action24","type":"key","parameters":{},"actions":[{"type":"keyDown","value":""},{"type":"pause","duration":10},{"type":"keyUp","value":""}]}]}
COMMAND: GET /session/92e36b7f2589a9e1a7263b5f33980749/screenshot - {}
RESULT: {}
RESULT: {"actions":[{"id":"action24","type":"key","parameters":{},"actions":[{"type":"keyDown","value":""},{"type":"pause","duration":10},{"type":"keyUp","value":""}]}]}
COMMAND: GET /session/92e36b7f2589a9e1a7263b5f33980749/screenshot - {}
RESULT: {}
RESULT: {}
COMMAND: POST /session/92e36b7f2589a9e1a7263b5f33980749/element - {"using":"xpath","value":"//input[contains(@id ,\"endDate\")]"}
RESULT: {"using":"xpath","value":"//input[contains(@id ,\"endDate\")]"}
COMMAND: GET /session/92e36b7f2589a9e1a7263b5f33980749/element/f.31350D4C963CC80A9541720B3C5CD4D9.d.CB0FFBC63C6CD4957ABBA7B795A5B5DE.e.7531/property/value - {}
RESULT: {}
COMMAND: POST /session/92e36b7f2589a9e1a7263b5f33980749/execute/async - {"script":"<script> [1562 bytes]","args":[{"selector":{"controlType":"sap.ui.core.Icon","viewName":"etm.portal.ui.webshop.view.RequestEdit","properties":{"src":{"regex":{"source":"action\\-settings"}}}},"wdio_ui5_key":"etmportal.ui.webshop.view.RequestEditsap.ui.core.Icon{\"src\":{\"regex\":{\"source\":\"action\\\\-settings\"}}}"}]}
COMMAND: GET /session/92e36b7f2589a9e1a7263b5f33980749/screenshot - {}
RESULT: {"script":"<script> [1562 bytes]","args":[{"selector":{"controlType":"sap.ui.core.Icon","viewName":"etm.portal.ui.webshop.view.RequestEdit","properties":{"src":{"regex":{"source":"action\\-settings"}}}},"wdio_ui5_key":"etmportal.ui.webshop.view.RequestEditsap.ui.core.Icon{\"src\":{\"regex\":{\"source\":\"action\\\\-settings\"}}}"}]}
RESULT: undefined
COMMAND: POST /session/92e36b7f2589a9e1a7263b5f33980749/element - {"using":"xpath","value":"//*[@id=\"__xmlview77--smartTable-btnPersonalisation-img\"]"}
RESULT: {}
RESULT: {"using":"xpath","value":"//*[@id=\"__xmlview77--smartTable-btnPersonalisation-img\"]"}
COMMAND: POST /session/92e36b7f2589a9e1a7263b5f33980749/element/f.31350D4C963CC80A9541720B3C5CD4D9.d.CB0FFBC63C6CD4957ABBA7B795A5B5DE.e.7566/click - {}
RESULT: {}
COMMAND: POST /session/92e36b7f2589a9e1a7263b5f33980749/element - {"using":"xpath","value":"//input[contains(@id ,\"searchField-I\")]"}
COMMAND: GET /session/92e36b7f2589a9e1a7263b5f33980749/screenshot - {}
RESULT: {"using":"xpath","value":"//input[contains(@id ,\"searchField-I\")]"}
COMMAND: POST /session/92e36b7f2589a9e1a7263b5f33980749/element/f.31350D4C963CC80A9541720B3C5CD4D9.d.CB0FFBC63C6CD4957ABBA7B795A5B5DE.e.7572/clear - {}
RESULT: {}
RESULT: {}
COMMAND: POST /session/92e36b7f2589a9e1a7263b5f33980749/element/f.31350D4C963CC80A9541720B3C5CD4D9.d.CB0FFBC63C6CD4957ABBA7B795A5B5DE.e.7572/value - {"text":"time"}
COMMAND: GET /session/92e36b7f2589a9e1a7263b5f33980749/screenshot - {}
RESULT: {"text":"time"}
RESULT: {}
COMMAND: GET /session/92e36b7f2589a9e1a7263b5f33980749/screenshot - {}
RESULT: {}
COMMAND: POST /session/92e36b7f2589a9e1a7263b5f33980749/element - {"using":"xpath","value":"//div[contains(@id ,\"innerSelectionPanelTable-sa-CbBg\")]"}
RESULT: {"using":"xpath","value":"//div[contains(@id ,\"innerSelectionPanelTable-sa-CbBg\")]"}
COMMAND: POST /session/92e36b7f2589a9e1a7263b5f33980749/element/f.31350D4C963CC80A9541720B3C5CD4D9.d.CB0FFBC63C6CD4957ABBA7B795A5B5DE.e.7594/click - {}
RESULT: {}
COMMAND: POST /session/92e36b7f2589a9e1a7263b5f33980749/element - {"using":"xpath","value":"//bdi[contains(text(), \"OK\")]"}
COMMAND: GET /session/92e36b7f2589a9e1a7263b5f33980749/screenshot - {}
RESULT: {"using":"xpath","value":"//bdi[contains(text(), \"OK\")]"}
COMMAND: POST /session/92e36b7f2589a9e1a7263b5f33980749/element/f.31350D4C963CC80A9541720B3C5CD4D9.d.CB0FFBC63C6CD4957ABBA7B795A5B5DE.e.7595/click - {}
RESULT: {}
RESULT: {}
COMMAND: GET /session/92e36b7f2589a9e1a7263b5f33980749/screenshot - {}
RESULT: {}
COMMAND: POST /session/92e36b7f2589a9e1a7263b5f33980749/execute/async - {"script":"<script> [1562 bytes]","args":[{"selector":{"controlType":"sap.m.CheckBox","viewName":"etm.portal.ui.webshop.view.RequestEdit","properties":{"editable":true},"ancestor":{"controlType":"sap.m.ColumnListItem","viewName":"etm.portal.ui.webshop.view.RequestEdit","bindingPath":{"path":"/RequestItems(REQUEST='20109',ITEM=10m)"},"ancestor":{"id":"customTable","viewName":"etm.portal.ui.webshop.view.RequestEdit"}},"interaction":{"idSuffix":"CbBg"}},"wdio_ui5_key":"etmportal.ui.webshop.view.RequestEditsap.m.CheckBox{\"editable\":true}{\"controlType\":\"sap.m.ColumnListItem\",\"viewName\":\"etm.portal.ui.webshop.view.RequestEdit\",\"bindingPath\":{\"path\":\"/RequestItems(REQUEST='20109',ITEM=10m)\"},\"ancestor\":{\"id\":\"customTable\",\"viewName\":\"etm.portal.ui.webshop.view.RequestEdit\"}}"}]}
RESULT: {"script":"<script> [1562 bytes]","args":[{"selector":{"controlType":"sap.m.CheckBox","viewName":"etm.portal.ui.webshop.view.RequestEdit","properties":{"editable":true},"ancestor":{"controlType":"sap.m.ColumnListItem","viewName":"etm.portal.ui.webshop.view.RequestEdit","bindingPath":{"path":"/RequestItems(REQUEST='20109',ITEM=10m)"},"ancestor":{"id":"customTable","viewName":"etm.portal.ui.webshop.view.RequestEdit"}},"interaction":{"idSuffix":"CbBg"}},"wdio_ui5_key":"etmportal.ui.webshop.view.RequestEditsap.m.CheckBox{\"editable\":true}{\"controlType\":\"sap.m.ColumnListItem\",\"viewName\":\"etm.portal.ui.webshop.view.RequestEdit\",\"bindingPath\":{\"path\":\"/RequestItems(REQUEST='20109',ITEM=10m)\"},\"ancestor\":{\"id\":\"customTable\",\"viewName\":\"etm.portal.ui.webshop.view.RequestEdit\"}}"}]}
RESULT: undefined
COMMAND: POST /session/92e36b7f2589a9e1a7263b5f33980749/element - {"using":"xpath","value":"//*[@id=\"__item3328-__clone20998-selectMulti\"]"}
RESULT: {"using":"xpath","value":"//*[@id=\"__item3328-__clone20998-selectMulti\"]"}
COMMAND: POST /session/92e36b7f2589a9e1a7263b5f33980749/element/f.31350D4C963CC80A9541720B3C5CD4D9.d.CB0FFBC63C6CD4957ABBA7B795A5B5DE.e.7630/click - {}
RESULT: {}
COMMAND: POST /session/92e36b7f2589a9e1a7263b5f33980749/execute/async - {"script":"<script> [1562 bytes]","args":[{"selector":{"controlType":"sap.m.Button","viewName":"etm.portal.ui.webshop.view.RequestEdit","i18NText":{"propertyName":"text","key":"update"},"interaction":{"idSuffix":"BDI-content"}},"wdio_ui5_key":"etmportal.ui.webshop.view.RequestEditsap.m.Button{\"propertyName\":\"text\",\"key\":\"update\"}"}]}
COMMAND: GET /session/92e36b7f2589a9e1a7263b5f33980749/screenshot - {}
RESULT: {"script":"<script> [1562 bytes]","args":[{"selector":{"controlType":"sap.m.Button","viewName":"etm.portal.ui.webshop.view.RequestEdit","i18NText":{"propertyName":"text","key":"update"},"interaction":{"idSuffix":"BDI-content"}},"wdio_ui5_key":"etmportal.ui.webshop.view.RequestEditsap.m.Button{\"propertyName\":\"text\",\"key\":\"update\"}"}]}
RESULT: undefined
COMMAND: POST /session/92e36b7f2589a9e1a7263b5f33980749/element - {"using":"xpath","value":"//*[@id=\"__button480\"]"}
RESULT: {}
RESULT: {"using":"xpath","value":"//*[@id=\"__button480\"]"}
COMMAND: POST /session/92e36b7f2589a9e1a7263b5f33980749/element/f.31350D4C963CC80A9541720B3C5CD4D9.d.CB0FFBC63C6CD4957ABBA7B795A5B5DE.e.7632/click - {}
RESULT: {}
COMMAND: POST /session/92e36b7f2589a9e1a7263b5f33980749/element - {"using":"xpath","value":"(//input[contains(@id ,\"startDateRI\")])[1]"}
COMMAND: GET /session/92e36b7f2589a9e1a7263b5f33980749/screenshot - {}
RESULT: {"using":"xpath","value":"(//input[contains(@id ,\"startDateRI\")])[1]"}
COMMAND: GET /session/92e36b7f2589a9e1a7263b5f33980749/element/f.31350D4C963CC80A9541720B3C5CD4D9.d.CB0FFBC63C6CD4957ABBA7B795A5B5DE.e.7619/property/value - {}
RESULT: {}
RESULT: {}
RESULT: undefined
COMMAND: POST /session/92e36b7f2589a9e1a7263b5f33980749/element - {"using":"xpath","value":"//*[@id=\"__item3328-__clone20998-selectMulti\"]"}
COMMAND: GET /session/92e36b7f2589a9e1a7263b5f33980749/screenshot - {}
RESULT: {"using":"xpath","value":"//*[@id=\"__item3328-__clone20998-selectMulti\"]"}
COMMAND: POST /session/92e36b7f2589a9e1a7263b5f33980749/element/f.31350D4C963CC80A9541720B3C5CD4D9.d.CB0FFBC63C6CD4957ABBA7B795A5B5DE.e.7630/click - {}
RESULT: {}
RESULT: {}
COMMAND: POST /session/92e36b7f2589a9e1a7263b5f33980749/execute/async - {"script":"<script> [1562 bytes]","args":[{"selector":{"controlType":"sap.m.CheckBox","viewName":"etm.portal.ui.webshop.view.RequestEdit","properties":{"editable":true},"ancestor":{"controlType":"sap.m.ColumnListItem","viewName":"etm.portal.ui.webshop.view.RequestEdit","bindingPath":{"path":"/RequestItems(REQUEST='20109',ITEM=20m)"},"ancestor":{"id":"customTable","viewName":"etm.portal.ui.webshop.view.RequestEdit"}},"interaction":{"idSuffix":"CbBg"}},"wdio_ui5_key":"etmportal.ui.webshop.view.RequestEditsap.m.CheckBox{\"editable\":true}{\"controlType\":\"sap.m.ColumnListItem\",\"viewName\":\"etm.portal.ui.webshop.view.RequestEdit\",\"bindingPath\":{\"path\":\"/RequestItems(REQUEST='20109',ITEM=20m)\"},\"ancestor\":{\"id\":\"customTable\",\"viewName\":\"etm.portal.ui.webshop.view.RequestEdit\"}}"}]}
COMMAND: GET /session/92e36b7f2589a9e1a7263b5f33980749/screenshot - {}
RESULT: {"script":"<script> [1562 bytes]","args":[{"selector":{"controlType":"sap.m.CheckBox","viewName":"etm.portal.ui.webshop.view.RequestEdit","properties":{"editable":true},"ancestor":{"controlType":"sap.m.ColumnListItem","viewName":"etm.portal.ui.webshop.view.RequestEdit","bindingPath":{"path":"/RequestItems(REQUEST='20109',ITEM=20m)"},"ancestor":{"id":"customTable","viewName":"etm.portal.ui.webshop.view.RequestEdit"}},"interaction":{"idSuffix":"CbBg"}},"wdio_ui5_key":"etmportal.ui.webshop.view.RequestEditsap.m.CheckBox{\"editable\":true}{\"controlType\":\"sap.m.ColumnListItem\",\"viewName\":\"etm.portal.ui.webshop.view.RequestEdit\",\"bindingPath\":{\"path\":\"/RequestItems(REQUEST='20109',ITEM=20m)\"},\"ancestor\":{\"id\":\"customTable\",\"viewName\":\"etm.portal.ui.webshop.view.RequestEdit\"}}"}]}
RESULT: undefined
COMMAND: POST /session/92e36b7f2589a9e1a7263b5f33980749/element - {"using":"xpath","value":"//*[@id=\"__item3328-__clone20999-selectMulti\"]"}
RESULT: {}
RESULT: {"using":"xpath","value":"//*[@id=\"__item3328-__clone20999-selectMulti\"]"}
COMMAND: POST /session/92e36b7f2589a9e1a7263b5f33980749/element/f.31350D4C963CC80A9541720B3C5CD4D9.d.CB0FFBC63C6CD4957ABBA7B795A5B5DE.e.7635/click - {}
RESULT: {}
COMMAND: POST /session/92e36b7f2589a9e1a7263b5f33980749/execute/async - {"script":"<script> [1562 bytes]","args":[{"selector":{"controlType":"sap.ui.core.Icon","viewName":"etm.portal.ui.webshop.view.RequestEdit","properties":{"src":{"regex":{"source":"delete"}}}},"wdio_ui5_key":"etmportal.ui.webshop.view.RequestEditsap.ui.core.Icon{\"src\":{\"regex\":{\"source\":\"delete\"}}}"}]}
COMMAND: GET /session/92e36b7f2589a9e1a7263b5f33980749/screenshot - {}
RESULT: {"script":"<script> [1562 bytes]","args":[{"selector":{"controlType":"sap.ui.core.Icon","viewName":"etm.portal.ui.webshop.view.RequestEdit","properties":{"src":{"regex":{"source":"delete"}}}},"wdio_ui5_key":"etmportal.ui.webshop.view.RequestEditsap.ui.core.Icon{\"src\":{\"regex\":{\"source\":\"delete\"}}}"}]}
RESULT: undefined
COMMAND: POST /session/92e36b7f2589a9e1a7263b5f33980749/element - {"using":"xpath","value":"//*[@id=\"__xmlview77--deleteItem-img\"]"}
RESULT: {}
RESULT: {"using":"xpath","value":"//*[@id=\"__xmlview77--deleteItem-img\"]"}
COMMAND: POST /session/92e36b7f2589a9e1a7263b5f33980749/element/f.31350D4C963CC80A9541720B3C5CD4D9.d.CB0FFBC63C6CD4957ABBA7B795A5B5DE.e.7636/click - {}
RESULT: {}
COMMAND: GET /session/92e36b7f2589a9e1a7263b5f33980749/screenshot - {}
RESULT: {}
COMMAND: POST /session/92e36b7f2589a9e1a7263b5f33980749/execute/async - {"script":"<script> [1562 bytes]","args":[{"selector":{"controlType":"sap.m.Button","properties":{"text":"OK"},"searchOpenDialogs":true,"interaction":{"idSuffix":"BDI-content"}},"wdio_ui5_key":"sapm.Button{\"text\":\"OK\"}"}]}
RESULT: {"script":"<script> [1562 bytes]","args":[{"selector":{"controlType":"sap.m.Button","properties":{"text":"OK"},"searchOpenDialogs":true,"interaction":{"idSuffix":"BDI-content"}},"wdio_ui5_key":"sapm.Button{\"text\":\"OK\"}"}]}
RESULT: undefined
COMMAND: POST /session/92e36b7f2589a9e1a7263b5f33980749/element - {"using":"xpath","value":"//*[@id=\"__mbox-btn-0\"]"}
RESULT: {"using":"xpath","value":"//*[@id=\"__mbox-btn-0\"]"}
COMMAND: POST /session/92e36b7f2589a9e1a7263b5f33980749/element/f.31350D4C963CC80A9541720B3C5CD4D9.d.CB0FFBC63C6CD4957ABBA7B795A5B5DE.e.7638/click - {}
RESULT: {}
COMMAND: GET /session/92e36b7f2589a9e1a7263b5f33980749/screenshot - {}
RESULT: {}
COMMAND: POST /session/92e36b7f2589a9e1a7263b5f33980749/execute/async - {"script":"<script> [1562 bytes]","args":[{"selector":{"id":"saveButtonId","viewName":"etm.portal.ui.webshop.view.RequestEdit","interaction":{"idSuffix":"BDI-content"}},"wdio_ui5_key":"saveButtonIdetmportal.ui.webshop.view.RequestEdit"}]}
RESULT: {"script":"<script> [1562 bytes]","args":[{"selector":{"id":"saveButtonId","viewName":"etm.portal.ui.webshop.view.RequestEdit","interaction":{"idSuffix":"BDI-content"}},"wdio_ui5_key":"saveButtonIdetmportal.ui.webshop.view.RequestEdit"}]}
RESULT: undefined
COMMAND: POST /session/92e36b7f2589a9e1a7263b5f33980749/element - {"using":"xpath","value":"//*[@id=\"__xmlview77--saveButtonId\"]"}
RESULT: {"using":"xpath","value":"//*[@id=\"__xmlview77--saveButtonId\"]"}
COMMAND: POST /session/92e36b7f2589a9e1a7263b5f33980749/element/f.31350D4C963CC80A9541720B3C5CD4D9.d.CB0FFBC63C6CD4957ABBA7B795A5B5DE.e.7646/click - {}
RESULT: {}
COMMAND: GET /session/92e36b7f2589a9e1a7263b5f33980749/screenshot - {}
RESULT: {}
COMMAND: POST /session/92e36b7f2589a9e1a7263b5f33980749/execute/async - {"script":"<script> [1562 bytes]","args":[{"selector":{"controlType":"sap.m.Title","viewName":"etm.portal.ui.webshop.view.RequestDetail","properties":{"text":"Items (1)"}},"wdio_ui5_key":"etmportal.ui.webshop.view.RequestDetailsap.m.Title{\"text\":\"Items (1)\"}"}]}
RESULT: {"script":"<script> [1562 bytes]","args":[{"selector":{"controlType":"sap.m.Title","viewName":"etm.portal.ui.webshop.view.RequestDetail","properties":{"text":"Items (1)"}},"wdio_ui5_key":"etmportal.ui.webshop.view.RequestDetailsap.m.Title{\"text\":\"Items (1)\"}"}]}
RESULT: undefined
COMMAND: POST /session/92e36b7f2589a9e1a7263b5f33980749/execute/async - {"script":"<script> [6424 bytes]","args":[{"element-6066-11e4-a52e-4f735466cecf":"f.31350D4C963CC80A9541720B3C5CD4D9.d.CB0FFBC63C6CD4957ABBA7B795A5B5DE.e.7652"},"getText",[]]}
RESULT: {"script":"<script> [6424 bytes]","args":[{"element-6066-11e4-a52e-4f735466cecf":"f.31350D4C963CC80A9541720B3C5CD4D9.d.CB0FFBC63C6CD4957ABBA7B795A5B5DE.e.7652"},"getText",[]]}
COMMAND: POST /session/92e36b7f2589a9e1a7263b5f33980749/execute/async - {"script":"<script> [1562 bytes]","args":[{"selector":{"controlType":"sap.m.Text","viewName":"etm.portal.ui.webshop.view.RequestDetail","bindingPath":{"path":"/RequestHeaders(NO='20109')","propertyPath":"END_DATE","modelName":"catalogModel"}},"wdio_ui5_key":"etmportal.ui.webshop.view.RequestDetailsap.m.Text{\"path\":\"/RequestHeaders(NO='20109')\",\"propertyPath\":\"END_DATE\",\"modelName\":\"catalogModel\"}"}]}
RESULT: {"script":"<script> [1562 bytes]","args":[{"selector":{"controlType":"sap.m.Text","viewName":"etm.portal.ui.webshop.view.RequestDetail","bindingPath":{"path":"/RequestHeaders(NO='20109')","propertyPath":"END_DATE","modelName":"catalogModel"}},"wdio_ui5_key":"etmportal.ui.webshop.view.RequestDetailsap.m.Text{\"path\":\"/RequestHeaders(NO='20109')\",\"propertyPath\":\"END_DATE\",\"modelName\":\"catalogModel\"}"}]}
RESULT: undefined
COMMAND: POST /session/92e36b7f2589a9e1a7263b5f33980749/execute/async - {"script":"<script> [1562 bytes]","args":[{"selector":{"controlType":"sap.m.Text","viewName":"etm.portal.ui.webshop.view.RequestDetail","bindingPath":{"path":"/RequestHeaders(NO='20109')","propertyPath":"START_DATE","modelName":"catalogModel"}},"wdio_ui5_key":"etmportal.ui.webshop.view.RequestDetailsap.m.Text{\"path\":\"/RequestHeaders(NO='20109')\",\"propertyPath\":\"START_DATE\",\"modelName\":\"catalogModel\"}"}]}
RESULT: {"script":"<script> [1562 bytes]","args":[{"selector":{"controlType":"sap.m.Text","viewName":"etm.portal.ui.webshop.view.RequestDetail","bindingPath":{"path":"/RequestHeaders(NO='20109')","propertyPath":"START_DATE","modelName":"catalogModel"}},"wdio_ui5_key":"etmportal.ui.webshop.view.RequestDetailsap.m.Text{\"path\":\"/RequestHeaders(NO='20109')\",\"propertyPath\":\"START_DATE\",\"modelName\":\"catalogModel\"}"}]}
RESULT: undefined
COMMAND: POST /session/92e36b7f2589a9e1a7263b5f33980749/execute/async - {"script":"<script> [6424 bytes]","args":[{"element-6066-11e4-a52e-4f735466cecf":"f.31350D4C963CC80A9541720B3C5CD4D9.d.CB0FFBC63C6CD4957ABBA7B795A5B5DE.e.7654"},"getText",[]]}
RESULT: {"script":"<script> [6424 bytes]","args":[{"element-6066-11e4-a52e-4f735466cecf":"f.31350D4C963CC80A9541720B3C5CD4D9.d.CB0FFBC63C6CD4957ABBA7B795A5B5DE.e.7654"},"getText",[]]}
RESULT: undefined
COMMAND: POST /session/92e36b7f2589a9e1a7263b5f33980749/execute/async - {"script":"<script> [6424 bytes]","args":[{"element-6066-11e4-a52e-4f735466cecf":"f.31350D4C963CC80A9541720B3C5CD4D9.d.CB0FFBC63C6CD4957ABBA7B795A5B5DE.e.7653"},"getText",[]]}
RESULT: {"script":"<script> [6424 bytes]","args":[{"element-6066-11e4-a52e-4f735466cecf":"f.31350D4C963CC80A9541720B3C5CD4D9.d.CB0FFBC63C6CD4957ABBA7B795A5B5DE.e.7653"},"getText",[]]}
COMMAND: POST /session/92e36b7f2589a9e1a7263b5f33980749/refresh - {}
RESULT: {}
COMMAND: GET /session/92e36b7f2589a9e1a7263b5f33980749/screenshot - {}
RESULT: {}
COMMAND: POST /session/92e36b7f2589a9e1a7263b5f33980749/execute/async - {"script":"<script> [189 bytes]","args":[]}
RESULT: {"script":"<script> [189 bytes]","args":[]}
COMMAND: POST /session/92e36b7f2589a9e1a7263b5f33980749/execute/async - {"script":"<script> [123 bytes]","args":[]}
RESULT: {"script":"<script> [123 bytes]","args":[]}
COMMAND: POST /session/92e36b7f2589a9e1a7263b5f33980749/timeouts - {"script":"<number>"}
RESULT: {"script":"<number>"}
COMMAND: GET /session/92e36b7f2589a9e1a7263b5f33980749/timeouts - {}
RESULT: {}
RESULT: undefined
COMMAND: POST /session/92e36b7f2589a9e1a7263b5f33980749/execute/async - {"script":"<script> [2676 bytes]","args":[]}
RESULT: {"script":"<script> [2676 bytes]","args":[]}
COMMAND: POST /session/92e36b7f2589a9e1a7263b5f33980749/execute/async - {"script":"<script> [2342 bytes]","args":[{"protocol":"http","hostname":"0.0.0.0","path":"/","capabilities":{"browserName":"chrome","goog:chromeOptions":{"binary":"C:\\Program Files\\Google\\Chrome\\Application\\chrome.exe","args":["--start-maximized"]}},"logLevel":"warn","connectionRetryTimeout":120000,"connectionRetryCount":3,"logLevels":{},"enableDirectConnect":true,"strictSSL":true,"_":"65 more keys: [\"cacheDir\",\"port\",\"requestedCapabilities\",\"automationProtocol\",\"baseUrl\",\"waitforInterval\",\"waitforTimeout\",\"onReload\",\"beforeCommand\",\"afterCommand\",\"rootDir\",\"specs\",\"suites\",\"exclude\",\"groupLogsByTestSpec\",\"excludeDriverLogs\",\"bail\",\"framework\",\"reporters\",\"services\",\"maxInstances\",\"maxInstancesPerCapability\",\"injectGlobals\",\"filesToWatch\",\"execArgv\",\"runnerEnv\",\"runner\",\"shard\",\"specFileRetries\",\"specFileRetriesDelay\",\"specFileRetriesDeferred\",\"reporterSyncInterval\",\"reporterSyncTimeout\",\"cucumberFeaturesWithLineNumbers\",\"autoCompileOpts\",\"mochaOpts\",\"jasmineOpts\",\"cucumberOpts\",\"onPrepare\",\"onWorkerStart\",\"onWorkerEnd\",\"before\",\"beforeSession\",\"beforeSuite\",\"beforeHook\",\"beforeTest\",\"afterTest\",\"afterHook\",\"afterSuite\",\"afterSession\",\"after\",\"onComplete\",\"beforeAssertion\",\"afterAssertion\",\"beforeFeature\",\"beforeScenario\",\"beforeStep\",\"afterStep\",\"afterScenario\",\"afterFeature\",\"_\",\"suite\",\"$0\",\"ignoredWorkerServices\",\"wdi5\"]"}]}
RESULT: {"script":"<script> [2342 bytes]","args":[{"protocol":"http","hostname":"0.0.0.0","path":"/","capabilities":{"browserName":"chrome","goog:chromeOptions":{"binary":"C:\\Program Files\\Google\\Chrome\\Application\\chrome.exe","args":["--start-maximized"]}},"logLevel":"warn","connectionRetryTimeout":120000,"connectionRetryCount":3,"logLevels":{},"enableDirectConnect":true,"strictSSL":true,"_":"65 more keys: [\"cacheDir\",\"port\",\"requestedCapabilities\",\"automationProtocol\",\"baseUrl\",\"waitforInterval\",\"waitforTimeout\",\"onReload\",\"beforeCommand\",\"afterCommand\",\"rootDir\",\"specs\",\"suites\",\"exclude\",\"groupLogsByTestSpec\",\"excludeDriverLogs\",\"bail\",\"framework\",\"reporters\",\"services\",\"maxInstances\",\"maxInstancesPerCapability\",\"injectGlobals\",\"filesToWatch\",\"execArgv\",\"runnerEnv\",\"runner\",\"shard\",\"specFileRetries\",\"specFileRetriesDelay\",\"specFileRetriesDeferred\",\"reporterSyncInterval\",\"reporterSyncTimeout\",\"cucumberFeaturesWithLineNumbers\",\"autoCompileOpts\",\"mochaOpts\",\"jasmineOpts\",\"cucumberOpts\",\"onPrepare\",\"onWorkerStart\",\"onWorkerEnd\",\"before\",\"beforeSession\",\"beforeSuite\",\"beforeHook\",\"beforeTest\",\"afterTest\",\"afterHook\",\"afterSuite\",\"afterSession\",\"after\",\"onComplete\",\"beforeAssertion\",\"afterAssertion\",\"beforeFeature\",\"beforeScenario\",\"beforeStep\",\"afterStep\",\"afterScenario\",\"afterFeature\",\"_\",\"suite\",\"$0\",\"ignoredWorkerServices\",\"wdi5\"]"}]}
COMMAND: POST /session/92e36b7f2589a9e1a7263b5f33980749/execute/async - {"script":"<script> [21126 bytes]","args":[35000]}
RESULT: {"script":"<script> [21126 bytes]","args":[35000]}
COMMAND: POST /session/92e36b7f2589a9e1a7263b5f33980749/element - {"using":"xpath","value":"//li[contains(@title ,\"Exit\")]"}
RESULT: {"using":"xpath","value":"//li[contains(@title ,\"Exit\")]"}
COMMAND: POST /session/92e36b7f2589a9e1a7263b5f33980749/element/f.31350D4C963CC80A9541720B3C5CD4D9.d.F45EC37A2F7352C0CEADD86E8EEBDC43.e.7729/click - {}
RESULT: {}
COMMAND: GET /session/92e36b7f2589a9e1a7263b5f33980749/screenshot - {}
RESULT: {}
COMMAND: DELETE /session/92e36b7f2589a9e1a7263b5f33980749 - {}
RESULT: {}
]]></system-out>
    </testcase>
  </testsuite>
</testsuites>