<?xml version="1.0" encoding="UTF-8"?>
<testsuites tests="2" failures="0" errors="0" skipped="0">
  <testsuite timestamp="2025-05-18T18:02:56" time="220.51" tests="2" failures="0" errors="0" skipped="0">
    <properties>
      <property name="specId" value="0" />
      <property name="suiteName" value="US104422 Create new bin for yard &amp; section - select nothing " />
      <property name="capabilities" value="chrome.136_0_7103_93.windows" />
      <property name="file" value="file:///D:/a/1/s/test/specs/HTR/create-bin.spec.js" />
    </properties>
    <testcase classname="chrome.136_0_7103_93.windows.US104422_Create_new_bin_for_yard_&amp;_section_-_select_nothing_" name="Should create a new WHM yard" time="118.915">
      <system-out><![CDATA[
COMMAND: POST /session/1291c6549842de129d5029a1d61a1088/window/fullscreen - {}
RESULT: {}
COMMAND: POST /session/1291c6549842de129d5029a1d61a1088/execute/async - {"script":"<script> [1562 bytes]","args":[{"selector":{"controlType":"sap.m.GenericTile","properties":{"header":"Manage Yards"}},"wdio_ui5_key":"sapm.GenericTile{\"header\":\"Manage Yards\"}"}]}
RESULT: {"script":"<script> [1562 bytes]","args":[{"selector":{"controlType":"sap.m.GenericTile","properties":{"header":"Manage Yards"}},"wdio_ui5_key":"sapm.GenericTile{\"header\":\"Manage Yards\"}"}]}
RESULT: undefined
COMMAND: POST /session/1291c6549842de129d5029a1d61a1088/element - {"using":"xpath","value":"//*[@id=\"__tile41\"]"}
RESULT: {"using":"xpath","value":"//*[@id=\"__tile41\"]"}
COMMAND: POST /session/1291c6549842de129d5029a1d61a1088/element/f.C93F0FF1D2E020E92CE8DBA1D24BD618.d.35ACE53DE3FC36390EAE8E19519412A1.e.118/click - {}
RESULT: {}
COMMAND: GET /session/1291c6549842de129d5029a1d61a1088/screenshot - {}
RESULT: {}
COMMAND: POST /session/1291c6549842de129d5029a1d61a1088/elements - {"using":"xpath","value":"//span[text()='Error']"}
RESULT: {"using":"xpath","value":"//span[text()='Error']"}
COMMAND: POST /session/1291c6549842de129d5029a1d61a1088/element - {"using":"xpath","value":"//button[@data-kt=\"addNewYardOverflowToolbarButton\"]"}
RESULT: {"using":"xpath","value":"//button[@data-kt=\"addNewYardOverflowToolbarButton\"]"}
COMMAND: POST /session/1291c6549842de129d5029a1d61a1088/elements - {"using":"xpath","value":"//button[@data-kt=\"addNewYardOverflowToolbarButton\"]"}
RESULT: {"using":"xpath","value":"//button[@data-kt=\"addNewYardOverflowToolbarButton\"]"}
COMMAND: POST /session/1291c6549842de129d5029a1d61a1088/elements - {"using":"xpath","value":"//button[@data-kt=\"addNewYardOverflowToolbarButton\"]"}
RESULT: {"using":"xpath","value":"//button[@data-kt=\"addNewYardOverflowToolbarButton\"]"}
COMMAND: POST /session/1291c6549842de129d5029a1d61a1088/element - {"using":"xpath","value":"//button[@data-kt=\"addNewYardOverflowToolbarButton\"]"}
RESULT: {"using":"xpath","value":"//button[@data-kt=\"addNewYardOverflowToolbarButton\"]"}
COMMAND: POST /session/1291c6549842de129d5029a1d61a1088/execute/sync - {"script":"<script> [8489 bytes]","args":[{"element-6066-11e4-a52e-4f735466cecf":"f.C93F0FF1D2E020E92CE8DBA1D24BD618.d.35ACE53DE3FC36390EAE8E19519412A1.e.247","ELEMENT":"f.C93F0FF1D2E020E92CE8DBA1D24BD618.d.35ACE53DE3FC36390EAE8E19519412A1.e.247"}]}
RESULT: {"script":"<script> [8489 bytes]","args":[{"element-6066-11e4-a52e-4f735466cecf":"f.C93F0FF1D2E020E92CE8DBA1D24BD618.d.35ACE53DE3FC36390EAE8E19519412A1.e.247","ELEMENT":"f.C93F0FF1D2E020E92CE8DBA1D24BD618.d.35ACE53DE3FC36390EAE8E19519412A1.e.247"}]}
COMMAND: GET /session/1291c6549842de129d5029a1d61a1088/element/f.C93F0FF1D2E020E92CE8DBA1D24BD618.d.35ACE53DE3FC36390EAE8E19519412A1.e.247/enabled - {}
COMMAND: GET /session/1291c6549842de129d5029a1d61a1088/screenshot - {}
RESULT: {}
COMMAND: POST /session/1291c6549842de129d5029a1d61a1088/execute/sync - {"script":"<script> [8489 bytes]","args":[{"element-6066-11e4-a52e-4f735466cecf":"f.C93F0FF1D2E020E92CE8DBA1D24BD618.d.35ACE53DE3FC36390EAE8E19519412A1.e.247","ELEMENT":"f.C93F0FF1D2E020E92CE8DBA1D24BD618.d.35ACE53DE3FC36390EAE8E19519412A1.e.247"}]}
COMMAND: GET /session/1291c6549842de129d5029a1d61a1088/screenshot - {}
RESULT: {}
RESULT: {"script":"<script> [8489 bytes]","args":[{"element-6066-11e4-a52e-4f735466cecf":"f.C93F0FF1D2E020E92CE8DBA1D24BD618.d.35ACE53DE3FC36390EAE8E19519412A1.e.247","ELEMENT":"f.C93F0FF1D2E020E92CE8DBA1D24BD618.d.35ACE53DE3FC36390EAE8E19519412A1.e.247"}]}
COMMAND: POST /session/1291c6549842de129d5029a1d61a1088/execute/sync - {"script":"<script> [5351 bytes]","args":[{"element-6066-11e4-a52e-4f735466cecf":"f.C93F0FF1D2E020E92CE8DBA1D24BD618.d.35ACE53DE3FC36390EAE8E19519412A1.e.247","ELEMENT":"f.C93F0FF1D2E020E92CE8DBA1D24BD618.d.35ACE53DE3FC36390EAE8E19519412A1.e.247"}]}
COMMAND: GET /session/1291c6549842de129d5029a1d61a1088/screenshot - {}
RESULT: {}
RESULT: {"script":"<script> [5351 bytes]","args":[{"element-6066-11e4-a52e-4f735466cecf":"f.C93F0FF1D2E020E92CE8DBA1D24BD618.d.35ACE53DE3FC36390EAE8E19519412A1.e.247","ELEMENT":"f.C93F0FF1D2E020E92CE8DBA1D24BD618.d.35ACE53DE3FC36390EAE8E19519412A1.e.247"}]}
COMMAND: POST /session/1291c6549842de129d5029a1d61a1088/element/f.C93F0FF1D2E020E92CE8DBA1D24BD618.d.35ACE53DE3FC36390EAE8E19519412A1.e.247/click - {}
COMMAND: GET /session/1291c6549842de129d5029a1d61a1088/screenshot - {}
RESULT: {}
RESULT: {}
COMMAND: GET /session/1291c6549842de129d5029a1d61a1088/screenshot - {}
RESULT: {}
RESULT: {}
COMMAND: POST /session/1291c6549842de129d5029a1d61a1088/element - {"using":"xpath","value":"//input[@id=\"application-manageyards-display-component---NewYard--yardId-inner\"]"}
RESULT: {"using":"xpath","value":"//input[@id=\"application-manageyards-display-component---NewYard--yardId-inner\"]"}
COMMAND: POST /session/1291c6549842de129d5029a1d61a1088/element - {"using":"xpath","value":"//input[@id=\"application-manageyards-display-component---NewYard--yardId-inner\"]"}
RESULT: {"using":"xpath","value":"//input[@id=\"application-manageyards-display-component---NewYard--yardId-inner\"]"}
COMMAND: POST /session/1291c6549842de129d5029a1d61a1088/execute/async - {"script":"<script> [1562 bytes]","args":[{"selector":{"id":"application-manageyards-display-component---NewYard--addressDetailDetailsName1","interaction":{"idSuffix":"inner"}},"wdio_ui5_key":"applicationmanageyards-display-component---NewYard--addressDetailDetailsName1"}]}
RESULT: {"script":"<script> [1562 bytes]","args":[{"selector":{"id":"application-manageyards-display-component---NewYard--addressDetailDetailsName1","interaction":{"idSuffix":"inner"}},"wdio_ui5_key":"applicationmanageyards-display-component---NewYard--addressDetailDetailsName1"}]}
RESULT: undefined
COMMAND: POST /session/1291c6549842de129d5029a1d61a1088/execute/async - {"script":"<script> [776 bytes]","args":[{"enterText":"Warehouse Managed WDIO","selector":{"id":"application-manageyards-display-component---NewYard--addressDetailDetailsName1","interaction":{"idSuffix":"inner"}},"clearTextFirst":true,"interactionType":"ENTER_TEXT"}]}
RESULT: {"script":"<script> [776 bytes]","args":[{"enterText":"Warehouse Managed WDIO","selector":{"id":"application-manageyards-display-component---NewYard--addressDetailDetailsName1","interaction":{"idSuffix":"inner"}},"clearTextFirst":true,"interactionType":"ENTER_TEXT"}]}
COMMAND: POST /session/1291c6549842de129d5029a1d61a1088/execute/async - {"script":"<script> [1562 bytes]","args":[{"selector":{"id":"application-manageyards-display-component---NewYard--addressDetailDetailsLanguage-arrow"},"wdio_ui5_key":"applicationmanageyards-display-component---NewYard--addressDetailDetailsLanguage-arrow"}]}
RESULT: {"script":"<script> [1562 bytes]","args":[{"selector":{"id":"application-manageyards-display-component---NewYard--addressDetailDetailsLanguage-arrow"},"wdio_ui5_key":"applicationmanageyards-display-component---NewYard--addressDetailDetailsLanguage-arrow"}]}
RESULT: undefined
COMMAND: POST /session/1291c6549842de129d5029a1d61a1088/element - {"using":"xpath","value":"//*[@id=\"application-manageyards-display-component---NewYard--addressDetailDetailsLanguage-arrow\"]"}
RESULT: {"using":"xpath","value":"//*[@id=\"application-manageyards-display-component---NewYard--addressDetailDetailsLanguage-arrow\"]"}
COMMAND: POST /session/1291c6549842de129d5029a1d61a1088/element/f.C93F0FF1D2E020E92CE8DBA1D24BD618.d.35ACE53DE3FC36390EAE8E19519412A1.e.680/click - {}
RESULT: {}
COMMAND: POST /session/1291c6549842de129d5029a1d61a1088/element - {"using":"xpath","value":"//span[contains(text(), \"English\")]"}
COMMAND: GET /session/1291c6549842de129d5029a1d61a1088/screenshot - {}
RESULT: {"using":"xpath","value":"//span[contains(text(), \"English\")]"}
COMMAND: POST /session/1291c6549842de129d5029a1d61a1088/element/f.C93F0FF1D2E020E92CE8DBA1D24BD618.d.35ACE53DE3FC36390EAE8E19519412A1.e.681/click - {}
RESULT: {}
RESULT: {}
COMMAND: POST /session/1291c6549842de129d5029a1d61a1088/execute/async - {"script":"<script> [1562 bytes]","args":[{"selector":{"id":"application-manageyards-display-component---NewYard--addressDetailDetailsCity1","interaction":{"idSuffix":"inner"}},"wdio_ui5_key":"applicationmanageyards-display-component---NewYard--addressDetailDetailsCity1"}]}
COMMAND: GET /session/1291c6549842de129d5029a1d61a1088/screenshot - {}
RESULT: {"script":"<script> [1562 bytes]","args":[{"selector":{"id":"application-manageyards-display-component---NewYard--addressDetailDetailsCity1","interaction":{"idSuffix":"inner"}},"wdio_ui5_key":"applicationmanageyards-display-component---NewYard--addressDetailDetailsCity1"}]}
RESULT: undefined
COMMAND: POST /session/1291c6549842de129d5029a1d61a1088/execute/async - {"script":"<script> [776 bytes]","args":[{"enterText":"Rosario","selector":{"id":"application-manageyards-display-component---NewYard--addressDetailDetailsCity1","interaction":{"idSuffix":"inner"}},"clearTextFirst":true,"interactionType":"ENTER_TEXT"}]}
RESULT: {}
RESULT: {"script":"<script> [776 bytes]","args":[{"enterText":"Rosario","selector":{"id":"application-manageyards-display-component---NewYard--addressDetailDetailsCity1","interaction":{"idSuffix":"inner"}},"clearTextFirst":true,"interactionType":"ENTER_TEXT"}]}
COMMAND: POST /session/1291c6549842de129d5029a1d61a1088/execute/async - {"script":"<script> [1562 bytes]","args":[{"selector":{"id":"application-manageyards-display-component---NewYard--addressDetailDetailsCountry-arrow"},"wdio_ui5_key":"applicationmanageyards-display-component---NewYard--addressDetailDetailsCountry-arrow"}]}
RESULT: {"script":"<script> [1562 bytes]","args":[{"selector":{"id":"application-manageyards-display-component---NewYard--addressDetailDetailsCountry-arrow"},"wdio_ui5_key":"applicationmanageyards-display-component---NewYard--addressDetailDetailsCountry-arrow"}]}
RESULT: undefined
COMMAND: POST /session/1291c6549842de129d5029a1d61a1088/element - {"using":"xpath","value":"//*[@id=\"application-manageyards-display-component---NewYard--addressDetailDetailsCountry-arrow\"]"}
RESULT: {"using":"xpath","value":"//*[@id=\"application-manageyards-display-component---NewYard--addressDetailDetailsCountry-arrow\"]"}
COMMAND: POST /session/1291c6549842de129d5029a1d61a1088/element/f.C93F0FF1D2E020E92CE8DBA1D24BD618.d.35ACE53DE3FC36390EAE8E19519412A1.e.683/click - {}
RESULT: {}
COMMAND: POST /session/1291c6549842de129d5029a1d61a1088/element - {"using":"xpath","value":"//span[contains(text(), \"Argentina\")]"}
COMMAND: GET /session/1291c6549842de129d5029a1d61a1088/screenshot - {}
RESULT: {"using":"xpath","value":"//span[contains(text(), \"Argentina\")]"}
COMMAND: POST /session/1291c6549842de129d5029a1d61a1088/element/f.C93F0FF1D2E020E92CE8DBA1D24BD618.d.35ACE53DE3FC36390EAE8E19519412A1.e.684/click - {}
RESULT: {}
RESULT: {}
COMMAND: POST /session/1291c6549842de129d5029a1d61a1088/execute/async - {"script":"<script> [1562 bytes]","args":[{"selector":{"id":"application-manageyards-display-component---NewYard--addressEditDetailsCostObjectCstType-arrow"},"wdio_ui5_key":"applicationmanageyards-display-component---NewYard--addressEditDetailsCostObjectCstType-arrow"}]}
COMMAND: GET /session/1291c6549842de129d5029a1d61a1088/screenshot - {}
RESULT: {"script":"<script> [1562 bytes]","args":[{"selector":{"id":"application-manageyards-display-component---NewYard--addressEditDetailsCostObjectCstType-arrow"},"wdio_ui5_key":"applicationmanageyards-display-component---NewYard--addressEditDetailsCostObjectCstType-arrow"}]}
RESULT: undefined
COMMAND: POST /session/1291c6549842de129d5029a1d61a1088/element - {"using":"xpath","value":"//*[@id=\"application-manageyards-display-component---NewYard--addressEditDetailsCostObjectCstType-arrow\"]"}
RESULT: {}
RESULT: {"using":"xpath","value":"//*[@id=\"application-manageyards-display-component---NewYard--addressEditDetailsCostObjectCstType-arrow\"]"}
COMMAND: POST /session/1291c6549842de129d5029a1d61a1088/element/f.C93F0FF1D2E020E92CE8DBA1D24BD618.d.35ACE53DE3FC36390EAE8E19519412A1.e.686/click - {}
RESULT: {}
COMMAND: POST /session/1291c6549842de129d5029a1d61a1088/element - {"using":"xpath","value":"//span[contains(text(), \"Cost Center\")]"}
COMMAND: GET /session/1291c6549842de129d5029a1d61a1088/screenshot - {}
RESULT: {"using":"xpath","value":"//span[contains(text(), \"Cost Center\")]"}
COMMAND: POST /session/1291c6549842de129d5029a1d61a1088/element/f.C93F0FF1D2E020E92CE8DBA1D24BD618.d.35ACE53DE3FC36390EAE8E19519412A1.e.687/click - {}
RESULT: {}
RESULT: {}
COMMAND: GET /session/1291c6549842de129d5029a1d61a1088/screenshot - {}
RESULT: {}
COMMAND: POST /session/1291c6549842de129d5029a1d61a1088/element - {"using":"xpath","value":"//span[@id=\"application-manageyards-display-component---NewYard--addressNewCostObjectCstID-vhi\"]"}
RESULT: {"using":"xpath","value":"//span[@id=\"application-manageyards-display-component---NewYard--addressNewCostObjectCstID-vhi\"]"}
COMMAND: POST /session/1291c6549842de129d5029a1d61a1088/execute/sync - {"script":"<script> [8489 bytes]","args":[{"element-6066-11e4-a52e-4f735466cecf":"f.C93F0FF1D2E020E92CE8DBA1D24BD618.d.35ACE53DE3FC36390EAE8E19519412A1.e.691","ELEMENT":"f.C93F0FF1D2E020E92CE8DBA1D24BD618.d.35ACE53DE3FC36390EAE8E19519412A1.e.691"}]}
RESULT: {"script":"<script> [8489 bytes]","args":[{"element-6066-11e4-a52e-4f735466cecf":"f.C93F0FF1D2E020E92CE8DBA1D24BD618.d.35ACE53DE3FC36390EAE8E19519412A1.e.691","ELEMENT":"f.C93F0FF1D2E020E92CE8DBA1D24BD618.d.35ACE53DE3FC36390EAE8E19519412A1.e.691"}]}
COMMAND: POST /session/1291c6549842de129d5029a1d61a1088/execute/async - {"script":"<script> [1562 bytes]","args":[{"selector":{"id":"application-manageyards-display-component---NewYard--addressNewCostObjectCstID-vhi"},"wdio_ui5_key":"applicationmanageyards-display-component---NewYard--addressNewCostObjectCstID-vhi"}]}
COMMAND: GET /session/1291c6549842de129d5029a1d61a1088/screenshot - {}
RESULT: {"script":"<script> [1562 bytes]","args":[{"selector":{"id":"application-manageyards-display-component---NewYard--addressNewCostObjectCstID-vhi"},"wdio_ui5_key":"applicationmanageyards-display-component---NewYard--addressNewCostObjectCstID-vhi"}]}
RESULT: undefined
COMMAND: POST /session/1291c6549842de129d5029a1d61a1088/element - {"using":"xpath","value":"//*[@id=\"application-manageyards-display-component---NewYard--addressNewCostObjectCstID-vhi\"]"}
RESULT: {}
RESULT: {"using":"xpath","value":"//*[@id=\"application-manageyards-display-component---NewYard--addressNewCostObjectCstID-vhi\"]"}
COMMAND: POST /session/1291c6549842de129d5029a1d61a1088/element/f.C93F0FF1D2E020E92CE8DBA1D24BD618.d.35ACE53DE3FC36390EAE8E19519412A1.e.691/click - {}
RESULT: {}
COMMAND: GET /session/1291c6549842de129d5029a1d61a1088/screenshot - {}
RESULT: {}
COMMAND: POST /session/1291c6549842de129d5029a1d61a1088/execute/async - {"script":"<script> [1562 bytes]","args":[{"selector":{"controlType":"sap.m.SearchField","properties":{"placeholder":"Search"},"searchOpenDialogs":true,"interaction":{"idSuffix":"I"}},"wdio_ui5_key":"sapm.SearchField{\"placeholder\":\"Search\"}"}]}
RESULT: {"script":"<script> [1562 bytes]","args":[{"selector":{"controlType":"sap.m.SearchField","properties":{"placeholder":"Search"},"searchOpenDialogs":true,"interaction":{"idSuffix":"I"}},"wdio_ui5_key":"sapm.SearchField{\"placeholder\":\"Search\"}"}]}
RESULT: undefined
COMMAND: POST /session/1291c6549842de129d5029a1d61a1088/execute/async - {"script":"<script> [776 bytes]","args":[{"enterText":"bauh_b","selector":{"controlType":"sap.m.SearchField","properties":{"placeholder":"Search"},"searchOpenDialogs":true,"interaction":{"idSuffix":"I"}},"clearTextFirst":true,"interactionType":"ENTER_TEXT"}]}
RESULT: {"script":"<script> [776 bytes]","args":[{"enterText":"bauh_b","selector":{"controlType":"sap.m.SearchField","properties":{"placeholder":"Search"},"searchOpenDialogs":true,"interaction":{"idSuffix":"I"}},"clearTextFirst":true,"interactionType":"ENTER_TEXT"}]}
COMMAND: POST /session/1291c6549842de129d5029a1d61a1088/actions - {"actions":[{"id":"action1","type":"key","parameters":{},"actions":[{"type":"keyDown","value":"î€‡"},{"type":"pause","duration":10},{"type":"keyUp","value":"î€‡"}]}]}
RESULT: {"actions":[{"id":"action1","type":"key","parameters":{},"actions":[{"type":"keyDown","value":"î€‡"},{"type":"pause","duration":10},{"type":"keyUp","value":"î€‡"}]}]}
COMMAND: GET /session/1291c6549842de129d5029a1d61a1088/screenshot - {}
RESULT: {}
COMMAND: POST /session/1291c6549842de129d5029a1d61a1088/element - {"using":"xpath","value":"//span[contains(text(), \"Demo Yard\")]"}
RESULT: {"using":"xpath","value":"//span[contains(text(), \"Demo Yard\")]"}
COMMAND: POST /session/1291c6549842de129d5029a1d61a1088/element/f.C93F0FF1D2E020E92CE8DBA1D24BD618.d.35ACE53DE3FC36390EAE8E19519412A1.e.731/click - {}
RESULT: {}
COMMAND: GET /session/1291c6549842de129d5029a1d61a1088/screenshot - {}
RESULT: {}
COMMAND: POST /session/1291c6549842de129d5029a1d61a1088/element - {"using":"xpath","value":"//bdi[contains(text(), \"OK\")]"}
RESULT: {"using":"xpath","value":"//bdi[contains(text(), \"OK\")]"}
COMMAND: POST /session/1291c6549842de129d5029a1d61a1088/element/f.C93F0FF1D2E020E92CE8DBA1D24BD618.d.35ACE53DE3FC36390EAE8E19519412A1.e.732/click - {}
RESULT: {}
COMMAND: GET /session/1291c6549842de129d5029a1d61a1088/screenshot - {}
RESULT: {}
COMMAND: POST /session/1291c6549842de129d5029a1d61a1088/execute/async - {"script":"<script> [1562 bytes]","args":[{"selector":{"id":"application-manageyards-display-component---NewYard--addressEditDetailsCurrency-arrow"},"wdio_ui5_key":"applicationmanageyards-display-component---NewYard--addressEditDetailsCurrency-arrow"}]}
RESULT: {"script":"<script> [1562 bytes]","args":[{"selector":{"id":"application-manageyards-display-component---NewYard--addressEditDetailsCurrency-arrow"},"wdio_ui5_key":"applicationmanageyards-display-component---NewYard--addressEditDetailsCurrency-arrow"}]}
RESULT: undefined
COMMAND: POST /session/1291c6549842de129d5029a1d61a1088/element - {"using":"xpath","value":"//*[@id=\"application-manageyards-display-component---NewYard--addressEditDetailsCurrency-arrow\"]"}
RESULT: {"using":"xpath","value":"//*[@id=\"application-manageyards-display-component---NewYard--addressEditDetailsCurrency-arrow\"]"}
COMMAND: POST /session/1291c6549842de129d5029a1d61a1088/element/f.C93F0FF1D2E020E92CE8DBA1D24BD618.d.35ACE53DE3FC36390EAE8E19519412A1.e.735/click - {}
RESULT: {}
COMMAND: POST /session/1291c6549842de129d5029a1d61a1088/element - {"using":"xpath","value":"//span[contains(text(), \"Euro\")]"}
COMMAND: GET /session/1291c6549842de129d5029a1d61a1088/screenshot - {}
RESULT: {"using":"xpath","value":"//span[contains(text(), \"Euro\")]"}
COMMAND: POST /session/1291c6549842de129d5029a1d61a1088/element/f.C93F0FF1D2E020E92CE8DBA1D24BD618.d.35ACE53DE3FC36390EAE8E19519412A1.e.736/click - {}
RESULT: {}
RESULT: {}
COMMAND: POST /session/1291c6549842de129d5029a1d61a1088/execute/async - {"script":"<script> [1562 bytes]","args":[{"selector":{"controlType":"sap.m.Input","viewName":"etm.portal.ui.manageyards.view.New","viewId":"application-manageyards-display-component---NewYard","bindingPath":{"path":"","propertyPath":"/CONTROLLING_AREA","modelName":"NewYardModel"},"interaction":{"idSuffix":"inner"}},"wdio_ui5_key":"etmportal.ui.manageyards.view.Newsap.m.Input{\"path\":\"\",\"propertyPath\":\"/CONTROLLING_AREA\",\"modelName\":\"NewYardModel\"}"}]}
COMMAND: GET /session/1291c6549842de129d5029a1d61a1088/screenshot - {}
RESULT: {"script":"<script> [1562 bytes]","args":[{"selector":{"controlType":"sap.m.Input","viewName":"etm.portal.ui.manageyards.view.New","viewId":"application-manageyards-display-component---NewYard","bindingPath":{"path":"","propertyPath":"/CONTROLLING_AREA","modelName":"NewYardModel"},"interaction":{"idSuffix":"inner"}},"wdio_ui5_key":"etmportal.ui.manageyards.view.Newsap.m.Input{\"path\":\"\",\"propertyPath\":\"/CONTROLLING_AREA\",\"modelName\":\"NewYardModel\"}"}]}
RESULT: undefined
COMMAND: POST /session/1291c6549842de129d5029a1d61a1088/execute/async - {"script":"<script> [776 bytes]","args":[{"enterText":"Z001","selector":{"controlType":"sap.m.Input","viewName":"etm.portal.ui.manageyards.view.New","viewId":"application-manageyards-display-component---NewYard","bindingPath":{"path":"","propertyPath":"/CONTROLLING_AREA","modelName":"NewYardModel"},"interaction":{"idSuffix":"inner"}},"clearTextFirst":true,"interactionType":"ENTER_TEXT"}]}
RESULT: {}
RESULT: {"script":"<script> [776 bytes]","args":[{"enterText":"Z001","selector":{"controlType":"sap.m.Input","viewName":"etm.portal.ui.manageyards.view.New","viewId":"application-manageyards-display-component---NewYard","bindingPath":{"path":"","propertyPath":"/CONTROLLING_AREA","modelName":"NewYardModel"},"interaction":{"idSuffix":"inner"}},"clearTextFirst":true,"interactionType":"ENTER_TEXT"}]}
COMMAND: POST /session/1291c6549842de129d5029a1d61a1088/execute/async - {"script":"<script> [1562 bytes]","args":[{"selector":{"id":"application-manageyards-display-component---NewYard--companyCodeComboBox","interaction":{"idSuffix":"inner"}},"wdio_ui5_key":"applicationmanageyards-display-component---NewYard--companyCodeComboBox"}]}
RESULT: {"script":"<script> [1562 bytes]","args":[{"selector":{"id":"application-manageyards-display-component---NewYard--companyCodeComboBox","interaction":{"idSuffix":"inner"}},"wdio_ui5_key":"applicationmanageyards-display-component---NewYard--companyCodeComboBox"}]}
RESULT: undefined
COMMAND: POST /session/1291c6549842de129d5029a1d61a1088/execute/async - {"script":"<script> [776 bytes]","args":[{"enterText":"1000","selector":{"id":"application-manageyards-display-component---NewYard--companyCodeComboBox","interaction":{"idSuffix":"inner"}},"clearTextFirst":true,"interactionType":"ENTER_TEXT"}]}
RESULT: {"script":"<script> [776 bytes]","args":[{"enterText":"1000","selector":{"id":"application-manageyards-display-component---NewYard--companyCodeComboBox","interaction":{"idSuffix":"inner"}},"clearTextFirst":true,"interactionType":"ENTER_TEXT"}]}
COMMAND: POST /session/1291c6549842de129d5029a1d61a1088/execute/async - {"script":"<script> [1562 bytes]","args":[{"selector":{"controlType":"sap.m.Input","viewName":"etm.portal.ui.manageyards.view.New","viewId":"application-manageyards-display-component---NewYard","bindingPath":{"path":"","propertyPath":"/PLANT","modelName":"NewYardModel"},"interaction":{"idSuffix":"inner"}},"wdio_ui5_key":"etmportal.ui.manageyards.view.Newsap.m.Input{\"path\":\"\",\"propertyPath\":\"/PLANT\",\"modelName\":\"NewYardModel\"}"}]}
RESULT: {"script":"<script> [1562 bytes]","args":[{"selector":{"controlType":"sap.m.Input","viewName":"etm.portal.ui.manageyards.view.New","viewId":"application-manageyards-display-component---NewYard","bindingPath":{"path":"","propertyPath":"/PLANT","modelName":"NewYardModel"},"interaction":{"idSuffix":"inner"}},"wdio_ui5_key":"etmportal.ui.manageyards.view.Newsap.m.Input{\"path\":\"\",\"propertyPath\":\"/PLANT\",\"modelName\":\"NewYardModel\"}"}]}
RESULT: undefined
COMMAND: POST /session/1291c6549842de129d5029a1d61a1088/execute/async - {"script":"<script> [776 bytes]","args":[{"enterText":"1001","selector":{"controlType":"sap.m.Input","viewName":"etm.portal.ui.manageyards.view.New","viewId":"application-manageyards-display-component---NewYard","bindingPath":{"path":"","propertyPath":"/PLANT","modelName":"NewYardModel"},"interaction":{"idSuffix":"inner"}},"clearTextFirst":true,"interactionType":"ENTER_TEXT"}]}
RESULT: {"script":"<script> [776 bytes]","args":[{"enterText":"1001","selector":{"controlType":"sap.m.Input","viewName":"etm.portal.ui.manageyards.view.New","viewId":"application-manageyards-display-component---NewYard","bindingPath":{"path":"","propertyPath":"/PLANT","modelName":"NewYardModel"},"interaction":{"idSuffix":"inner"}},"clearTextFirst":true,"interactionType":"ENTER_TEXT"}]}
COMMAND: POST /session/1291c6549842de129d5029a1d61a1088/execute/async - {"script":"<script> [1562 bytes]","args":[{"selector":{"controlType":"sap.m.Input","viewName":"etm.portal.ui.manageyards.view.New","viewId":"application-manageyards-display-component---NewYard","bindingPath":{"path":"","propertyPath":"/SALES_AREA_VKORG","modelName":"NewYardModel"},"interaction":{"idSuffix":"inner"}},"wdio_ui5_key":"etmportal.ui.manageyards.view.Newsap.m.Input{\"path\":\"\",\"propertyPath\":\"/SALES_AREA_VKORG\",\"modelName\":\"NewYardModel\"}"}]}
RESULT: {"script":"<script> [1562 bytes]","args":[{"selector":{"controlType":"sap.m.Input","viewName":"etm.portal.ui.manageyards.view.New","viewId":"application-manageyards-display-component---NewYard","bindingPath":{"path":"","propertyPath":"/SALES_AREA_VKORG","modelName":"NewYardModel"},"interaction":{"idSuffix":"inner"}},"wdio_ui5_key":"etmportal.ui.manageyards.view.Newsap.m.Input{\"path\":\"\",\"propertyPath\":\"/SALES_AREA_VKORG\",\"modelName\":\"NewYardModel\"}"}]}
RESULT: undefined
COMMAND: POST /session/1291c6549842de129d5029a1d61a1088/execute/async - {"script":"<script> [776 bytes]","args":[{"enterText":"C002","selector":{"controlType":"sap.m.Input","viewName":"etm.portal.ui.manageyards.view.New","viewId":"application-manageyards-display-component---NewYard","bindingPath":{"path":"","propertyPath":"/SALES_AREA_VKORG","modelName":"NewYardModel"},"interaction":{"idSuffix":"inner"}},"clearTextFirst":true,"interactionType":"ENTER_TEXT"}]}
RESULT: {"script":"<script> [776 bytes]","args":[{"enterText":"C002","selector":{"controlType":"sap.m.Input","viewName":"etm.portal.ui.manageyards.view.New","viewId":"application-manageyards-display-component---NewYard","bindingPath":{"path":"","propertyPath":"/SALES_AREA_VKORG","modelName":"NewYardModel"},"interaction":{"idSuffix":"inner"}},"clearTextFirst":true,"interactionType":"ENTER_TEXT"}]}
COMMAND: POST /session/1291c6549842de129d5029a1d61a1088/execute/async - {"script":"<script> [1562 bytes]","args":[{"selector":{"controlType":"sap.m.Input","viewName":"etm.portal.ui.manageyards.view.New","viewId":"application-manageyards-display-component---NewYard","bindingPath":{"path":"","propertyPath":"/SALES_AREA_VTWEG","modelName":"NewYardModel"},"interaction":{"idSuffix":"inner"}},"wdio_ui5_key":"etmportal.ui.manageyards.view.Newsap.m.Input{\"path\":\"\",\"propertyPath\":\"/SALES_AREA_VTWEG\",\"modelName\":\"NewYardModel\"}"}]}
RESULT: {"script":"<script> [1562 bytes]","args":[{"selector":{"controlType":"sap.m.Input","viewName":"etm.portal.ui.manageyards.view.New","viewId":"application-manageyards-display-component---NewYard","bindingPath":{"path":"","propertyPath":"/SALES_AREA_VTWEG","modelName":"NewYardModel"},"interaction":{"idSuffix":"inner"}},"wdio_ui5_key":"etmportal.ui.manageyards.view.Newsap.m.Input{\"path\":\"\",\"propertyPath\":\"/SALES_AREA_VTWEG\",\"modelName\":\"NewYardModel\"}"}]}
RESULT: undefined
COMMAND: POST /session/1291c6549842de129d5029a1d61a1088/execute/async - {"script":"<script> [776 bytes]","args":[{"enterText":"C2","selector":{"controlType":"sap.m.Input","viewName":"etm.portal.ui.manageyards.view.New","viewId":"application-manageyards-display-component---NewYard","bindingPath":{"path":"","propertyPath":"/SALES_AREA_VTWEG","modelName":"NewYardModel"},"interaction":{"idSuffix":"inner"}},"clearTextFirst":true,"interactionType":"ENTER_TEXT"}]}
RESULT: {"script":"<script> [776 bytes]","args":[{"enterText":"C2","selector":{"controlType":"sap.m.Input","viewName":"etm.portal.ui.manageyards.view.New","viewId":"application-manageyards-display-component---NewYard","bindingPath":{"path":"","propertyPath":"/SALES_AREA_VTWEG","modelName":"NewYardModel"},"interaction":{"idSuffix":"inner"}},"clearTextFirst":true,"interactionType":"ENTER_TEXT"}]}
COMMAND: POST /session/1291c6549842de129d5029a1d61a1088/execute/async - {"script":"<script> [1562 bytes]","args":[{"selector":{"controlType":"sap.m.Input","viewName":"etm.portal.ui.manageyards.view.New","viewId":"application-manageyards-display-component---NewYard","bindingPath":{"path":"","propertyPath":"/SALES_AREA_SPART","modelName":"NewYardModel"},"interaction":{"idSuffix":"inner"}},"wdio_ui5_key":"etmportal.ui.manageyards.view.Newsap.m.Input{\"path\":\"\",\"propertyPath\":\"/SALES_AREA_SPART\",\"modelName\":\"NewYardModel\"}"}]}
RESULT: {"script":"<script> [1562 bytes]","args":[{"selector":{"controlType":"sap.m.Input","viewName":"etm.portal.ui.manageyards.view.New","viewId":"application-manageyards-display-component---NewYard","bindingPath":{"path":"","propertyPath":"/SALES_AREA_SPART","modelName":"NewYardModel"},"interaction":{"idSuffix":"inner"}},"wdio_ui5_key":"etmportal.ui.manageyards.view.Newsap.m.Input{\"path\":\"\",\"propertyPath\":\"/SALES_AREA_SPART\",\"modelName\":\"NewYardModel\"}"}]}
RESULT: undefined
COMMAND: POST /session/1291c6549842de129d5029a1d61a1088/execute/async - {"script":"<script> [776 bytes]","args":[{"enterText":"C2","selector":{"controlType":"sap.m.Input","viewName":"etm.portal.ui.manageyards.view.New","viewId":"application-manageyards-display-component---NewYard","bindingPath":{"path":"","propertyPath":"/SALES_AREA_SPART","modelName":"NewYardModel"},"interaction":{"idSuffix":"inner"}},"clearTextFirst":true,"interactionType":"ENTER_TEXT"}]}
RESULT: {"script":"<script> [776 bytes]","args":[{"enterText":"C2","selector":{"controlType":"sap.m.Input","viewName":"etm.portal.ui.manageyards.view.New","viewId":"application-manageyards-display-component---NewYard","bindingPath":{"path":"","propertyPath":"/SALES_AREA_SPART","modelName":"NewYardModel"},"interaction":{"idSuffix":"inner"}},"clearTextFirst":true,"interactionType":"ENTER_TEXT"}]}
COMMAND: POST /session/1291c6549842de129d5029a1d61a1088/execute/async - {"script":"<script> [1562 bytes]","args":[{"selector":{"controlType":"sap.m.Input","viewName":"etm.portal.ui.manageyards.view.New","viewId":"application-manageyards-display-component---NewYard","bindingPath":{"path":"","propertyPath":"/SHIP_POINT","modelName":"NewYardModel"},"interaction":{"idSuffix":"inner"}},"wdio_ui5_key":"etmportal.ui.manageyards.view.Newsap.m.Input{\"path\":\"\",\"propertyPath\":\"/SHIP_POINT\",\"modelName\":\"NewYardModel\"}"}]}
RESULT: {"script":"<script> [1562 bytes]","args":[{"selector":{"controlType":"sap.m.Input","viewName":"etm.portal.ui.manageyards.view.New","viewId":"application-manageyards-display-component---NewYard","bindingPath":{"path":"","propertyPath":"/SHIP_POINT","modelName":"NewYardModel"},"interaction":{"idSuffix":"inner"}},"wdio_ui5_key":"etmportal.ui.manageyards.view.Newsap.m.Input{\"path\":\"\",\"propertyPath\":\"/SHIP_POINT\",\"modelName\":\"NewYardModel\"}"}]}
RESULT: undefined
COMMAND: POST /session/1291c6549842de129d5029a1d61a1088/execute/async - {"script":"<script> [776 bytes]","args":[{"enterText":"1710","selector":{"controlType":"sap.m.Input","viewName":"etm.portal.ui.manageyards.view.New","viewId":"application-manageyards-display-component---NewYard","bindingPath":{"path":"","propertyPath":"/SHIP_POINT","modelName":"NewYardModel"},"interaction":{"idSuffix":"inner"}},"clearTextFirst":true,"interactionType":"ENTER_TEXT"}]}
RESULT: {"script":"<script> [776 bytes]","args":[{"enterText":"1710","selector":{"controlType":"sap.m.Input","viewName":"etm.portal.ui.manageyards.view.New","viewId":"application-manageyards-display-component---NewYard","bindingPath":{"path":"","propertyPath":"/SHIP_POINT","modelName":"NewYardModel"},"interaction":{"idSuffix":"inner"}},"clearTextFirst":true,"interactionType":"ENTER_TEXT"}]}
COMMAND: POST /session/1291c6549842de129d5029a1d61a1088/execute/async - {"script":"<script> [1562 bytes]","args":[{"selector":{"controlType":"sap.m.Input","viewName":"etm.portal.ui.manageyards.view.New","viewId":"application-manageyards-display-component---NewYard","bindingPath":{"path":"","propertyPath":"/DELIVERY_TYPE","modelName":"NewYardModel"},"interaction":{"idSuffix":"inner"}},"wdio_ui5_key":"etmportal.ui.manageyards.view.Newsap.m.Input{\"path\":\"\",\"propertyPath\":\"/DELIVERY_TYPE\",\"modelName\":\"NewYardModel\"}"}]}
RESULT: {"script":"<script> [1562 bytes]","args":[{"selector":{"controlType":"sap.m.Input","viewName":"etm.portal.ui.manageyards.view.New","viewId":"application-manageyards-display-component---NewYard","bindingPath":{"path":"","propertyPath":"/DELIVERY_TYPE","modelName":"NewYardModel"},"interaction":{"idSuffix":"inner"}},"wdio_ui5_key":"etmportal.ui.manageyards.view.Newsap.m.Input{\"path\":\"\",\"propertyPath\":\"/DELIVERY_TYPE\",\"modelName\":\"NewYardModel\"}"}]}
RESULT: undefined
COMMAND: POST /session/1291c6549842de129d5029a1d61a1088/execute/async - {"script":"<script> [776 bytes]","args":[{"enterText":"ZL01","selector":{"controlType":"sap.m.Input","viewName":"etm.portal.ui.manageyards.view.New","viewId":"application-manageyards-display-component---NewYard","bindingPath":{"path":"","propertyPath":"/DELIVERY_TYPE","modelName":"NewYardModel"},"interaction":{"idSuffix":"inner"}},"clearTextFirst":true,"interactionType":"ENTER_TEXT"}]}
RESULT: {"script":"<script> [776 bytes]","args":[{"enterText":"ZL01","selector":{"controlType":"sap.m.Input","viewName":"etm.portal.ui.manageyards.view.New","viewId":"application-manageyards-display-component---NewYard","bindingPath":{"path":"","propertyPath":"/DELIVERY_TYPE","modelName":"NewYardModel"},"interaction":{"idSuffix":"inner"}},"clearTextFirst":true,"interactionType":"ENTER_TEXT"}]}
COMMAND: POST /session/1291c6549842de129d5029a1d61a1088/execute/async - {"script":"<script> [1562 bytes]","args":[{"selector":{"controlType":"sap.m.Input","viewName":"etm.portal.ui.manageyards.view.New","viewId":"application-manageyards-display-component---NewYard","bindingPath":{"path":"","propertyPath":"/AUART","modelName":"NewYardModel"},"interaction":{"idSuffix":"inner"}},"wdio_ui5_key":"etmportal.ui.manageyards.view.Newsap.m.Input{\"path\":\"\",\"propertyPath\":\"/AUART\",\"modelName\":\"NewYardModel\"}"}]}
RESULT: {"script":"<script> [1562 bytes]","args":[{"selector":{"controlType":"sap.m.Input","viewName":"etm.portal.ui.manageyards.view.New","viewId":"application-manageyards-display-component---NewYard","bindingPath":{"path":"","propertyPath":"/AUART","modelName":"NewYardModel"},"interaction":{"idSuffix":"inner"}},"wdio_ui5_key":"etmportal.ui.manageyards.view.Newsap.m.Input{\"path\":\"\",\"propertyPath\":\"/AUART\",\"modelName\":\"NewYardModel\"}"}]}
RESULT: undefined
COMMAND: POST /session/1291c6549842de129d5029a1d61a1088/execute/async - {"script":"<script> [776 bytes]","args":[{"enterText":"TA","selector":{"controlType":"sap.m.Input","viewName":"etm.portal.ui.manageyards.view.New","viewId":"application-manageyards-display-component---NewYard","bindingPath":{"path":"","propertyPath":"/AUART","modelName":"NewYardModel"},"interaction":{"idSuffix":"inner"}},"clearTextFirst":true,"interactionType":"ENTER_TEXT"}]}
RESULT: {"script":"<script> [776 bytes]","args":[{"enterText":"TA","selector":{"controlType":"sap.m.Input","viewName":"etm.portal.ui.manageyards.view.New","viewId":"application-manageyards-display-component---NewYard","bindingPath":{"path":"","propertyPath":"/AUART","modelName":"NewYardModel"},"interaction":{"idSuffix":"inner"}},"clearTextFirst":true,"interactionType":"ENTER_TEXT"}]}
COMMAND: POST /session/1291c6549842de129d5029a1d61a1088/execute/async - {"script":"<script> [1562 bytes]","args":[{"selector":{"id":"application-manageyards-display-component---NewYard--whmCheckBox","interaction":{"idSuffix":"CbBg"}},"wdio_ui5_key":"applicationmanageyards-display-component---NewYard--whmCheckBox"}]}
RESULT: {"script":"<script> [1562 bytes]","args":[{"selector":{"id":"application-manageyards-display-component---NewYard--whmCheckBox","interaction":{"idSuffix":"CbBg"}},"wdio_ui5_key":"applicationmanageyards-display-component---NewYard--whmCheckBox"}]}
RESULT: undefined
COMMAND: POST /session/1291c6549842de129d5029a1d61a1088/element - {"using":"xpath","value":"//*[@id=\"application-manageyards-display-component---NewYard--whmCheckBox\"]"}
RESULT: {"using":"xpath","value":"//*[@id=\"application-manageyards-display-component---NewYard--whmCheckBox\"]"}
COMMAND: POST /session/1291c6549842de129d5029a1d61a1088/element/f.C93F0FF1D2E020E92CE8DBA1D24BD618.d.35ACE53DE3FC36390EAE8E19519412A1.e.757/click - {}
RESULT: {}
COMMAND: GET /session/1291c6549842de129d5029a1d61a1088/screenshot - {}
RESULT: {}
COMMAND: POST /session/1291c6549842de129d5029a1d61a1088/element - {"using":"xpath","value":"//button[@data-kt=\"newYardSaveButton\"]"}
RESULT: {"using":"xpath","value":"//button[@data-kt=\"newYardSaveButton\"]"}
COMMAND: POST /session/1291c6549842de129d5029a1d61a1088/element/f.C93F0FF1D2E020E92CE8DBA1D24BD618.d.35ACE53DE3FC36390EAE8E19519412A1.e.643/click - {}
RESULT: {}
COMMAND: GET /session/1291c6549842de129d5029a1d61a1088/screenshot - {}
RESULT: {}
COMMAND: POST /session/1291c6549842de129d5029a1d61a1088/element - {"using":"xpath","value":"//header[contains(@id, 'ObjectPageLayout-headerTitle')]/div[1]/div[2]/div[1]/span[1]"}
RESULT: {"using":"xpath","value":"//header[contains(@id, 'ObjectPageLayout-headerTitle')]/div[1]/div[2]/div[1]/span[1]"}
COMMAND: POST /session/1291c6549842de129d5029a1d61a1088/elements - {"using":"xpath","value":"//header[contains(@id, 'ObjectPageLayout-headerTitle')]/div[1]/div[2]/div[1]/span[1]"}
RESULT: {"using":"xpath","value":"//header[contains(@id, 'ObjectPageLayout-headerTitle')]/div[1]/div[2]/div[1]/span[1]"}
COMMAND: POST /session/1291c6549842de129d5029a1d61a1088/execute/sync - {"script":"<script> [56 bytes]","args":[{"element-6066-11e4-a52e-4f735466cecf":"f.C93F0FF1D2E020E92CE8DBA1D24BD618.d.35ACE53DE3FC36390EAE8E19519412A1.e.960","ELEMENT":"f.C93F0FF1D2E020E92CE8DBA1D24BD618.d.35ACE53DE3FC36390EAE8E19519412A1.e.960"}]}
RESULT: {"script":"<script> [56 bytes]","args":[{"element-6066-11e4-a52e-4f735466cecf":"f.C93F0FF1D2E020E92CE8DBA1D24BD618.d.35ACE53DE3FC36390EAE8E19519412A1.e.960","ELEMENT":"f.C93F0FF1D2E020E92CE8DBA1D24BD618.d.35ACE53DE3FC36390EAE8E19519412A1.e.960"}]}
COMMAND: GET /session/1291c6549842de129d5029a1d61a1088/screenshot - {}
RESULT: {}
COMMAND: POST /session/1291c6549842de129d5029a1d61a1088/element - {"using":"css selector","value":"#shell-header-logo"}
RESULT: {"using":"css selector","value":"#shell-header-logo"}
COMMAND: POST /session/1291c6549842de129d5029a1d61a1088/element/f.C93F0FF1D2E020E92CE8DBA1D24BD618.d.35ACE53DE3FC36390EAE8E19519412A1.e.216/click - {}
RESULT: {}
COMMAND: GET /session/1291c6549842de129d5029a1d61a1088/screenshot - {}
RESULT: {}
COMMAND: POST /session/1291c6549842de129d5029a1d61a1088/execute/sync - {"script":"<script> [299 bytes]","args":[["getModel","getResource"]]}
RESULT: {"script":"<script> [299 bytes]","args":[["getModel","getResource"]]}
COMMAND: GET /session/1291c6549842de129d5029a1d61a1088/screenshot - {}
]]></system-out>
    </testcase>
    <testcase classname="chrome.136_0_7103_93.windows.US104422_Create_new_bin_for_yard_&amp;_section_-_select_nothing_" name="Bin Status Report Should Create New Organization yard" time="88.788">
      <system-out><![CDATA[
COMMAND: POST /session/1291c6549842de129d5029a1d61a1088/execute/async - {"script":"<script> [1562 bytes]","args":[{"selector":{"controlType":"sap.m.GenericTile","properties":{"header":"Bin Status Report"}},"wdio_ui5_key":"sapm.GenericTile{\"header\":\"Bin Status Report\"}"}]}
RESULT: {}
RESULT: {"script":"<script> [1562 bytes]","args":[{"selector":{"controlType":"sap.m.GenericTile","properties":{"header":"Bin Status Report"}},"wdio_ui5_key":"sapm.GenericTile{\"header\":\"Bin Status Report\"}"}]}
RESULT: undefined
COMMAND: POST /session/1291c6549842de129d5029a1d61a1088/element - {"using":"xpath","value":"//*[@id=\"__tile104\"]"}
RESULT: {"using":"xpath","value":"//*[@id=\"__tile104\"]"}
COMMAND: POST /session/1291c6549842de129d5029a1d61a1088/element/f.C93F0FF1D2E020E92CE8DBA1D24BD618.d.35ACE53DE3FC36390EAE8E19519412A1.e.963/click - {}
RESULT: {}
COMMAND: GET /session/1291c6549842de129d5029a1d61a1088/screenshot - {}
RESULT: {}
COMMAND: POST /session/1291c6549842de129d5029a1d61a1088/elements - {"using":"xpath","value":"//span[text()='Error']"}
RESULT: {"using":"xpath","value":"//span[text()='Error']"}
COMMAND: POST /session/1291c6549842de129d5029a1d61a1088/element - {"using":"xpath","value":"//button[@id=\"application-binstatusreport-display-component---warehousing--createOrgBtn\"]"}
RESULT: {"using":"xpath","value":"//button[@id=\"application-binstatusreport-display-component---warehousing--createOrgBtn\"]"}
COMMAND: POST /session/1291c6549842de129d5029a1d61a1088/elements - {"using":"xpath","value":"//button[@id=\"application-binstatusreport-display-component---warehousing--createOrgBtn\"]"}
RESULT: {"using":"xpath","value":"//button[@id=\"application-binstatusreport-display-component---warehousing--createOrgBtn\"]"}
COMMAND: POST /session/1291c6549842de129d5029a1d61a1088/execute/sync - {"script":"<script> [8489 bytes]","args":[{"element-6066-11e4-a52e-4f735466cecf":"f.C93F0FF1D2E020E92CE8DBA1D24BD618.d.35ACE53DE3FC36390EAE8E19519412A1.e.1021","ELEMENT":"f.C93F0FF1D2E020E92CE8DBA1D24BD618.d.35ACE53DE3FC36390EAE8E19519412A1.e.1021"}]}
RESULT: {"script":"<script> [8489 bytes]","args":[{"element-6066-11e4-a52e-4f735466cecf":"f.C93F0FF1D2E020E92CE8DBA1D24BD618.d.35ACE53DE3FC36390EAE8E19519412A1.e.1021","ELEMENT":"f.C93F0FF1D2E020E92CE8DBA1D24BD618.d.35ACE53DE3FC36390EAE8E19519412A1.e.1021"}]}
COMMAND: GET /session/1291c6549842de129d5029a1d61a1088/element/f.C93F0FF1D2E020E92CE8DBA1D24BD618.d.35ACE53DE3FC36390EAE8E19519412A1.e.1021/enabled - {}
COMMAND: GET /session/1291c6549842de129d5029a1d61a1088/screenshot - {}
RESULT: {}
COMMAND: POST /session/1291c6549842de129d5029a1d61a1088/execute/sync - {"script":"<script> [8489 bytes]","args":[{"element-6066-11e4-a52e-4f735466cecf":"f.C93F0FF1D2E020E92CE8DBA1D24BD618.d.35ACE53DE3FC36390EAE8E19519412A1.e.1021","ELEMENT":"f.C93F0FF1D2E020E92CE8DBA1D24BD618.d.35ACE53DE3FC36390EAE8E19519412A1.e.1021"}]}
COMMAND: GET /session/1291c6549842de129d5029a1d61a1088/screenshot - {}
RESULT: {}
RESULT: {"script":"<script> [8489 bytes]","args":[{"element-6066-11e4-a52e-4f735466cecf":"f.C93F0FF1D2E020E92CE8DBA1D24BD618.d.35ACE53DE3FC36390EAE8E19519412A1.e.1021","ELEMENT":"f.C93F0FF1D2E020E92CE8DBA1D24BD618.d.35ACE53DE3FC36390EAE8E19519412A1.e.1021"}]}
COMMAND: POST /session/1291c6549842de129d5029a1d61a1088/execute/sync - {"script":"<script> [5351 bytes]","args":[{"element-6066-11e4-a52e-4f735466cecf":"f.C93F0FF1D2E020E92CE8DBA1D24BD618.d.35ACE53DE3FC36390EAE8E19519412A1.e.1021","ELEMENT":"f.C93F0FF1D2E020E92CE8DBA1D24BD618.d.35ACE53DE3FC36390EAE8E19519412A1.e.1021"}]}
COMMAND: GET /session/1291c6549842de129d5029a1d61a1088/screenshot - {}
RESULT: {}
RESULT: {"script":"<script> [5351 bytes]","args":[{"element-6066-11e4-a52e-4f735466cecf":"f.C93F0FF1D2E020E92CE8DBA1D24BD618.d.35ACE53DE3FC36390EAE8E19519412A1.e.1021","ELEMENT":"f.C93F0FF1D2E020E92CE8DBA1D24BD618.d.35ACE53DE3FC36390EAE8E19519412A1.e.1021"}]}
COMMAND: GET /session/1291c6549842de129d5029a1d61a1088/screenshot - {}
RESULT: {}
RESULT: {}
COMMAND: POST /session/1291c6549842de129d5029a1d61a1088/element/f.C93F0FF1D2E020E92CE8DBA1D24BD618.d.35ACE53DE3FC36390EAE8E19519412A1.e.1021/click - {}
RESULT: {}
COMMAND: GET /session/1291c6549842de129d5029a1d61a1088/screenshot - {}
RESULT: {}
COMMAND: POST /session/1291c6549842de129d5029a1d61a1088/execute/async - {"script":"<script> [1562 bytes]","args":[{"selector":{"id":"createOrganizationPop--sectionInput","searchOpenDialogs":true,"interaction":{"idSuffix":"inner"}},"wdio_ui5_key":"createOrganizationPopsectionInput"}]}
RESULT: {"script":"<script> [1562 bytes]","args":[{"selector":{"id":"createOrganizationPop--sectionInput","searchOpenDialogs":true,"interaction":{"idSuffix":"inner"}},"wdio_ui5_key":"createOrganizationPopsectionInput"}]}
RESULT: undefined
COMMAND: POST /session/1291c6549842de129d5029a1d61a1088/execute/async - {"script":"<script> [776 bytes]","args":[{"enterText":"WDIO-537","selector":{"id":"createOrganizationPop--sectionInput","searchOpenDialogs":true,"interaction":{"idSuffix":"inner"}},"clearTextFirst":true,"interactionType":"ENTER_TEXT"}]}
RESULT: {"script":"<script> [776 bytes]","args":[{"enterText":"WDIO-537","selector":{"id":"createOrganizationPop--sectionInput","searchOpenDialogs":true,"interaction":{"idSuffix":"inner"}},"clearTextFirst":true,"interactionType":"ENTER_TEXT"}]}
COMMAND: POST /session/1291c6549842de129d5029a1d61a1088/execute/async - {"script":"<script> [1562 bytes]","args":[{"selector":{"id":"createOrganizationPop--descriptionInput","searchOpenDialogs":true,"interaction":{"idSuffix":"inner"}},"wdio_ui5_key":"createOrganizationPopdescriptionInput"}]}
RESULT: {"script":"<script> [1562 bytes]","args":[{"selector":{"id":"createOrganizationPop--descriptionInput","searchOpenDialogs":true,"interaction":{"idSuffix":"inner"}},"wdio_ui5_key":"createOrganizationPopdescriptionInput"}]}
RESULT: undefined
COMMAND: POST /session/1291c6549842de129d5029a1d61a1088/execute/async - {"script":"<script> [776 bytes]","args":[{"enterText":"Shipping-537","selector":{"id":"createOrganizationPop--descriptionInput","searchOpenDialogs":true,"interaction":{"idSuffix":"inner"}},"clearTextFirst":true,"interactionType":"ENTER_TEXT"}]}
RESULT: {"script":"<script> [776 bytes]","args":[{"enterText":"Shipping-537","selector":{"id":"createOrganizationPop--descriptionInput","searchOpenDialogs":true,"interaction":{"idSuffix":"inner"}},"clearTextFirst":true,"interactionType":"ENTER_TEXT"}]}
COMMAND: POST /session/1291c6549842de129d5029a1d61a1088/element - {"using":"css selector","value":"#createOrganizationPop--yardOrg-inner"}
RESULT: {"using":"css selector","value":"#createOrganizationPop--yardOrg-inner"}
COMMAND: POST /session/1291c6549842de129d5029a1d61a1088/element/f.C93F0FF1D2E020E92CE8DBA1D24BD618.d.35ACE53DE3FC36390EAE8E19519412A1.e.1063/clear - {}
RESULT: {}
COMMAND: POST /session/1291c6549842de129d5029a1d61a1088/element/f.C93F0FF1D2E020E92CE8DBA1D24BD618.d.35ACE53DE3FC36390EAE8E19519412A1.e.1063/value - {"text":"537"}
COMMAND: GET /session/1291c6549842de129d5029a1d61a1088/screenshot - {}
RESULT: {"text":"537"}
COMMAND: GET /session/1291c6549842de129d5029a1d61a1088/screenshot - {}
RESULT: {}
RESULT: {}
COMMAND: POST /session/1291c6549842de129d5029a1d61a1088/actions - {"actions":[{"id":"action2","type":"key","parameters":{},"actions":[{"type":"keyDown","value":"î€‡"},{"type":"pause","duration":10},{"type":"keyUp","value":"î€‡"}]}]}
RESULT: {"actions":[{"id":"action2","type":"key","parameters":{},"actions":[{"type":"keyDown","value":"î€‡"},{"type":"pause","duration":10},{"type":"keyUp","value":"î€‡"}]}]}
COMMAND: POST /session/1291c6549842de129d5029a1d61a1088/execute/async - {"script":"<script> [1562 bytes]","args":[{"selector":{"id":"createOrganizationPop--grZone","searchOpenDialogs":true,"interaction":{"idSuffix":"CbBg"}},"wdio_ui5_key":"createOrganizationPopgrZone"}]}
COMMAND: GET /session/1291c6549842de129d5029a1d61a1088/screenshot - {}
RESULT: {"script":"<script> [1562 bytes]","args":[{"selector":{"id":"createOrganizationPop--grZone","searchOpenDialogs":true,"interaction":{"idSuffix":"CbBg"}},"wdio_ui5_key":"createOrganizationPopgrZone"}]}
RESULT: undefined
COMMAND: POST /session/1291c6549842de129d5029a1d61a1088/element - {"using":"xpath","value":"//*[@id=\"createOrganizationPop--grZone\"]"}
RESULT: {}
RESULT: {"using":"xpath","value":"//*[@id=\"createOrganizationPop--grZone\"]"}
COMMAND: POST /session/1291c6549842de129d5029a1d61a1088/element/f.C93F0FF1D2E020E92CE8DBA1D24BD618.d.35ACE53DE3FC36390EAE8E19519412A1.e.1084/click - {}
RESULT: {}
COMMAND: GET /session/1291c6549842de129d5029a1d61a1088/screenshot - {}
RESULT: {}
COMMAND: POST /session/1291c6549842de129d5029a1d61a1088/execute/async - {"script":"<script> [1562 bytes]","args":[{"selector":{"id":"createOrganizationPop--giZone","searchOpenDialogs":true,"interaction":{"idSuffix":"CbBg"}},"wdio_ui5_key":"createOrganizationPopgiZone"}]}
RESULT: {"script":"<script> [1562 bytes]","args":[{"selector":{"id":"createOrganizationPop--giZone","searchOpenDialogs":true,"interaction":{"idSuffix":"CbBg"}},"wdio_ui5_key":"createOrganizationPopgiZone"}]}
RESULT: undefined
COMMAND: POST /session/1291c6549842de129d5029a1d61a1088/element - {"using":"xpath","value":"//*[@id=\"createOrganizationPop--giZone\"]"}
RESULT: {"using":"xpath","value":"//*[@id=\"createOrganizationPop--giZone\"]"}
COMMAND: POST /session/1291c6549842de129d5029a1d61a1088/element/f.C93F0FF1D2E020E92CE8DBA1D24BD618.d.35ACE53DE3FC36390EAE8E19519412A1.e.1086/click - {}
RESULT: {}
COMMAND: GET /session/1291c6549842de129d5029a1d61a1088/screenshot - {}
RESULT: {}
COMMAND: POST /session/1291c6549842de129d5029a1d61a1088/execute/async - {"script":"<script> [1562 bytes]","args":[{"selector":{"id":"createOrganizationPop--binNoInput","searchOpenDialogs":true,"interaction":{"idSuffix":"inner"}},"wdio_ui5_key":"createOrganizationPopbinNoInput"}]}
RESULT: {"script":"<script> [1562 bytes]","args":[{"selector":{"id":"createOrganizationPop--binNoInput","searchOpenDialogs":true,"interaction":{"idSuffix":"inner"}},"wdio_ui5_key":"createOrganizationPopbinNoInput"}]}
RESULT: undefined
COMMAND: POST /session/1291c6549842de129d5029a1d61a1088/execute/async - {"script":"<script> [776 bytes]","args":[{"enterText":"Bin-Wd","selector":{"id":"createOrganizationPop--binNoInput","searchOpenDialogs":true,"interaction":{"idSuffix":"inner"}},"clearTextFirst":true,"interactionType":"ENTER_TEXT"}]}
RESULT: {"script":"<script> [776 bytes]","args":[{"enterText":"Bin-Wd","selector":{"id":"createOrganizationPop--binNoInput","searchOpenDialogs":true,"interaction":{"idSuffix":"inner"}},"clearTextFirst":true,"interactionType":"ENTER_TEXT"}]}
COMMAND: POST /session/1291c6549842de129d5029a1d61a1088/execute/async - {"script":"<script> [1562 bytes]","args":[{"selector":{"id":"createOrganizationPop--descriptionId","searchOpenDialogs":true,"interaction":{"idSuffix":"inner"}},"wdio_ui5_key":"createOrganizationPopdescriptionId"}]}
RESULT: {"script":"<script> [1562 bytes]","args":[{"selector":{"id":"createOrganizationPop--descriptionId","searchOpenDialogs":true,"interaction":{"idSuffix":"inner"}},"wdio_ui5_key":"createOrganizationPopdescriptionId"}]}
RESULT: undefined
COMMAND: POST /session/1291c6549842de129d5029a1d61a1088/execute/async - {"script":"<script> [776 bytes]","args":[{"enterText":"Shipping-Wd","selector":{"id":"createOrganizationPop--descriptionId","searchOpenDialogs":true,"interaction":{"idSuffix":"inner"}},"clearTextFirst":true,"interactionType":"ENTER_TEXT"}]}
RESULT: {"script":"<script> [776 bytes]","args":[{"enterText":"Shipping-Wd","selector":{"id":"createOrganizationPop--descriptionId","searchOpenDialogs":true,"interaction":{"idSuffix":"inner"}},"clearTextFirst":true,"interactionType":"ENTER_TEXT"}]}
COMMAND: POST /session/1291c6549842de129d5029a1d61a1088/execute/async - {"script":"<script> [1562 bytes]","args":[{"selector":{"controlType":"sap.m.CheckBox","viewName":"etm.portal.ui.binstatusreport.view.MasterWareBins","viewId":"application-binstatusreport-display-component---warehousing","bindingPath":{"path":"","propertyPath":"/ZONE","modelName":"newBin"},"searchOpenDialogs":true,"interaction":{"idSuffix":"CbBg"}},"wdio_ui5_key":"etmportal.ui.binstatusreport.view.MasterWareBinssap.m.CheckBox{\"path\":\"\",\"propertyPath\":\"/ZONE\",\"modelName\":\"newBin\"}"}]}
RESULT: {"script":"<script> [1562 bytes]","args":[{"selector":{"controlType":"sap.m.CheckBox","viewName":"etm.portal.ui.binstatusreport.view.MasterWareBins","viewId":"application-binstatusreport-display-component---warehousing","bindingPath":{"path":"","propertyPath":"/ZONE","modelName":"newBin"},"searchOpenDialogs":true,"interaction":{"idSuffix":"CbBg"}},"wdio_ui5_key":"etmportal.ui.binstatusreport.view.MasterWareBinssap.m.CheckBox{\"path\":\"\",\"propertyPath\":\"/ZONE\",\"modelName\":\"newBin\"}"}]}
RESULT: undefined
COMMAND: POST /session/1291c6549842de129d5029a1d61a1088/element - {"using":"xpath","value":"//*[@id=\"__box27\"]"}
RESULT: {"using":"xpath","value":"//*[@id=\"__box27\"]"}
COMMAND: POST /session/1291c6549842de129d5029a1d61a1088/element/f.C93F0FF1D2E020E92CE8DBA1D24BD618.d.35ACE53DE3FC36390EAE8E19519412A1.e.1090/click - {}
RESULT: {}
COMMAND: GET /session/1291c6549842de129d5029a1d61a1088/screenshot - {}
RESULT: {}
COMMAND: POST /session/1291c6549842de129d5029a1d61a1088/execute/async - {"script":"<script> [1562 bytes]","args":[{"selector":{"id":"createOrganizationPop--binTypesCB","searchOpenDialogs":true,"interaction":{"idSuffix":"inner"}},"wdio_ui5_key":"createOrganizationPopbinTypesCB"}]}
RESULT: {"script":"<script> [1562 bytes]","args":[{"selector":{"id":"createOrganizationPop--binTypesCB","searchOpenDialogs":true,"interaction":{"idSuffix":"inner"}},"wdio_ui5_key":"createOrganizationPopbinTypesCB"}]}
RESULT: undefined
COMMAND: POST /session/1291c6549842de129d5029a1d61a1088/execute/async - {"script":"<script> [776 bytes]","args":[{"enterText":"1 - General / No capacity check","selector":{"id":"createOrganizationPop--binTypesCB","searchOpenDialogs":true,"interaction":{"idSuffix":"inner"}},"clearTextFirst":true,"interactionType":"ENTER_TEXT"}]}
RESULT: {"script":"<script> [776 bytes]","args":[{"enterText":"1 - General / No capacity check","selector":{"id":"createOrganizationPop--binTypesCB","searchOpenDialogs":true,"interaction":{"idSuffix":"inner"}},"clearTextFirst":true,"interactionType":"ENTER_TEXT"}]}
COMMAND: POST /session/1291c6549842de129d5029a1d61a1088/actions - {"actions":[{"id":"action3","type":"key","parameters":{},"actions":[{"type":"keyDown","value":"î€‡"},{"type":"pause","duration":10},{"type":"keyUp","value":"î€‡"}]}]}
RESULT: {"actions":[{"id":"action3","type":"key","parameters":{},"actions":[{"type":"keyDown","value":"î€‡"},{"type":"pause","duration":10},{"type":"keyUp","value":"î€‡"}]}]}
COMMAND: GET /session/1291c6549842de129d5029a1d61a1088/screenshot - {}
RESULT: {}
COMMAND: POST /session/1291c6549842de129d5029a1d61a1088/execute/async - {"script":"<script> [1562 bytes]","args":[{"selector":{"id":"createOrganizationPop--finishBtn","searchOpenDialogs":true,"interaction":{"idSuffix":"BDI-content"}},"wdio_ui5_key":"createOrganizationPopfinishBtn"}]}
RESULT: {"script":"<script> [1562 bytes]","args":[{"selector":{"id":"createOrganizationPop--finishBtn","searchOpenDialogs":true,"interaction":{"idSuffix":"BDI-content"}},"wdio_ui5_key":"createOrganizationPopfinishBtn"}]}
RESULT: undefined
COMMAND: POST /session/1291c6549842de129d5029a1d61a1088/element - {"using":"xpath","value":"//*[@id=\"createOrganizationPop--finishBtn\"]"}
RESULT: {"using":"xpath","value":"//*[@id=\"createOrganizationPop--finishBtn\"]"}
COMMAND: POST /session/1291c6549842de129d5029a1d61a1088/element/f.C93F0FF1D2E020E92CE8DBA1D24BD618.d.35ACE53DE3FC36390EAE8E19519412A1.e.1093/click - {}
RESULT: {}
COMMAND: GET /session/1291c6549842de129d5029a1d61a1088/screenshot - {}
RESULT: {}
COMMAND: POST /session/1291c6549842de129d5029a1d61a1088/element - {"using":"css selector","value":"#shell-header-logo"}
RESULT: {"using":"css selector","value":"#shell-header-logo"}
COMMAND: POST /session/1291c6549842de129d5029a1d61a1088/element/f.C93F0FF1D2E020E92CE8DBA1D24BD618.d.35ACE53DE3FC36390EAE8E19519412A1.e.968/click - {}
RESULT: {}
COMMAND: GET /session/1291c6549842de129d5029a1d61a1088/screenshot - {}
RESULT: {}
COMMAND: DELETE /session/1291c6549842de129d5029a1d61a1088 - {}
RESULT: {}
]]></system-out>
    </testcase>
  </testsuite>
</testsuites>