<?xml version="1.0" encoding="UTF-8"?>
<testsuites tests="6" failures="0" errors="0" skipped="0">
  <testsuite timestamp="2025-05-01T16:27:21" time="345.866" tests="5" failures="0" errors="0" skipped="0">
    <properties>
      <property name="specId" value="0" />
      <property name="suiteName" value="Bill of Resources tests for bundle creation &amp; replenishment US131067 US131070" />
      <property name="capabilities" value="chrome.135_0_7049_96.windows" />
      <property name="file" value="file:///D:/a/1/s/test/specs/HTR/create-bundle-replenishment.spec.js" />
    </properties>
    <testcase classname="chrome.135_0_7049_96.windows.Bill_of_Resources_tests_for_bundle_creation_&amp;_replenishment_US131067_US131070" name="Prereq Should create a new yard used for all following tests in the module" time="0.023">
      <system-out><![CDATA[
COMMAND: POST /session/b6e4a271d41c675280102fe79c7e067e/window/fullscreen - {}
RESULT: {}
]]></system-out>
    </testcase>
    <testcase classname="chrome.135_0_7049_96.windows.Bill_of_Resources_tests_for_bundle_creation_&amp;_replenishment_US131067_US131070" name="Should create two equipments one being a copy of the other" time="129.748">
      <system-out><![CDATA[
COMMAND: POST /session/b6e4a271d41c675280102fe79c7e067e/execute/async - {"script":"<script> [1562 bytes]","args":[{"selector":{"controlType":"sap.m.GenericTile","properties":{"header":"Manage Resources"}},"wdio_ui5_key":"sapm.GenericTile{\"header\":\"Manage Resources\"}"}]}
RESULT: {"script":"<script> [1562 bytes]","args":[{"selector":{"controlType":"sap.m.GenericTile","properties":{"header":"Manage Resources"}},"wdio_ui5_key":"sapm.GenericTile{\"header\":\"Manage Resources\"}"}]}
RESULT: undefined
COMMAND: POST /session/b6e4a271d41c675280102fe79c7e067e/element - {"using":"xpath","value":"//*[@id=\"__tile39\"]"}
RESULT: {"using":"xpath","value":"//*[@id=\"__tile39\"]"}
COMMAND: POST /session/b6e4a271d41c675280102fe79c7e067e/element/f.1BB59C6561AF6B211B86967F1D453B60.d.4FB7012F346522658EAC8FD30EE38761.e.121/click - {}
RESULT: {}
COMMAND: POST /session/b6e4a271d41c675280102fe79c7e067e/element - {"using":"xpath","value":"//button[@data-kt=\"addNewRUOverflowToolbarButton\"]"}
COMMAND: GET /session/b6e4a271d41c675280102fe79c7e067e/screenshot - {}
RESULT: {"using":"xpath","value":"//button[@data-kt=\"addNewRUOverflowToolbarButton\"]"}
COMMAND: POST /session/b6e4a271d41c675280102fe79c7e067e/elements - {"using":"xpath","value":"//button[@data-kt=\"addNewRUOverflowToolbarButton\"]"}
RESULT: {}
RESULT: {"using":"xpath","value":"//button[@data-kt=\"addNewRUOverflowToolbarButton\"]"}
COMMAND: POST /session/b6e4a271d41c675280102fe79c7e067e/elements - {"using":"xpath","value":"//button[@data-kt=\"addNewRUOverflowToolbarButton\"]"}
RESULT: {"using":"xpath","value":"//button[@data-kt=\"addNewRUOverflowToolbarButton\"]"}
COMMAND: POST /session/b6e4a271d41c675280102fe79c7e067e/elements - {"using":"xpath","value":"//button[@data-kt=\"addNewRUOverflowToolbarButton\"]"}
RESULT: {"using":"xpath","value":"//button[@data-kt=\"addNewRUOverflowToolbarButton\"]"}
COMMAND: POST /session/b6e4a271d41c675280102fe79c7e067e/elements - {"using":"xpath","value":"//button[@data-kt=\"addNewRUOverflowToolbarButton\"]"}
RESULT: {"using":"xpath","value":"//button[@data-kt=\"addNewRUOverflowToolbarButton\"]"}
COMMAND: POST /session/b6e4a271d41c675280102fe79c7e067e/elements - {"using":"xpath","value":"//button[@data-kt=\"addNewRUOverflowToolbarButton\"]"}
RESULT: {"using":"xpath","value":"//button[@data-kt=\"addNewRUOverflowToolbarButton\"]"}
COMMAND: POST /session/b6e4a271d41c675280102fe79c7e067e/elements - {"using":"xpath","value":"//button[@data-kt=\"addNewRUOverflowToolbarButton\"]"}
RESULT: {"using":"xpath","value":"//button[@data-kt=\"addNewRUOverflowToolbarButton\"]"}
COMMAND: POST /session/b6e4a271d41c675280102fe79c7e067e/elements - {"using":"xpath","value":"//button[@data-kt=\"addNewRUOverflowToolbarButton\"]"}
RESULT: {"using":"xpath","value":"//button[@data-kt=\"addNewRUOverflowToolbarButton\"]"}
COMMAND: POST /session/b6e4a271d41c675280102fe79c7e067e/elements - {"using":"xpath","value":"//button[@data-kt=\"addNewRUOverflowToolbarButton\"]"}
RESULT: {"using":"xpath","value":"//button[@data-kt=\"addNewRUOverflowToolbarButton\"]"}
COMMAND: POST /session/b6e4a271d41c675280102fe79c7e067e/elements - {"using":"xpath","value":"//button[@data-kt=\"addNewRUOverflowToolbarButton\"]"}
RESULT: {"using":"xpath","value":"//button[@data-kt=\"addNewRUOverflowToolbarButton\"]"}
COMMAND: POST /session/b6e4a271d41c675280102fe79c7e067e/elements - {"using":"xpath","value":"//button[@data-kt=\"addNewRUOverflowToolbarButton\"]"}
RESULT: {"using":"xpath","value":"//button[@data-kt=\"addNewRUOverflowToolbarButton\"]"}
COMMAND: POST /session/b6e4a271d41c675280102fe79c7e067e/elements - {"using":"xpath","value":"//button[@data-kt=\"addNewRUOverflowToolbarButton\"]"}
RESULT: {"using":"xpath","value":"//button[@data-kt=\"addNewRUOverflowToolbarButton\"]"}
COMMAND: POST /session/b6e4a271d41c675280102fe79c7e067e/elements - {"using":"xpath","value":"//button[@data-kt=\"addNewRUOverflowToolbarButton\"]"}
RESULT: {"using":"xpath","value":"//button[@data-kt=\"addNewRUOverflowToolbarButton\"]"}
COMMAND: POST /session/b6e4a271d41c675280102fe79c7e067e/elements - {"using":"xpath","value":"//button[@data-kt=\"addNewRUOverflowToolbarButton\"]"}
RESULT: {"using":"xpath","value":"//button[@data-kt=\"addNewRUOverflowToolbarButton\"]"}
COMMAND: POST /session/b6e4a271d41c675280102fe79c7e067e/elements - {"using":"xpath","value":"//button[@data-kt=\"addNewRUOverflowToolbarButton\"]"}
RESULT: {"using":"xpath","value":"//button[@data-kt=\"addNewRUOverflowToolbarButton\"]"}
COMMAND: POST /session/b6e4a271d41c675280102fe79c7e067e/elements - {"using":"xpath","value":"//button[@data-kt=\"addNewRUOverflowToolbarButton\"]"}
RESULT: {"using":"xpath","value":"//button[@data-kt=\"addNewRUOverflowToolbarButton\"]"}
COMMAND: POST /session/b6e4a271d41c675280102fe79c7e067e/elements - {"using":"xpath","value":"//button[@data-kt=\"addNewRUOverflowToolbarButton\"]"}
RESULT: {"using":"xpath","value":"//button[@data-kt=\"addNewRUOverflowToolbarButton\"]"}
COMMAND: POST /session/b6e4a271d41c675280102fe79c7e067e/elements - {"using":"xpath","value":"//button[@data-kt=\"addNewRUOverflowToolbarButton\"]"}
RESULT: {"using":"xpath","value":"//button[@data-kt=\"addNewRUOverflowToolbarButton\"]"}
COMMAND: POST /session/b6e4a271d41c675280102fe79c7e067e/elements - {"using":"xpath","value":"//button[@data-kt=\"addNewRUOverflowToolbarButton\"]"}
RESULT: {"using":"xpath","value":"//button[@data-kt=\"addNewRUOverflowToolbarButton\"]"}
COMMAND: POST /session/b6e4a271d41c675280102fe79c7e067e/elements - {"using":"xpath","value":"//button[@data-kt=\"addNewRUOverflowToolbarButton\"]"}
RESULT: {"using":"xpath","value":"//button[@data-kt=\"addNewRUOverflowToolbarButton\"]"}
COMMAND: POST /session/b6e4a271d41c675280102fe79c7e067e/elements - {"using":"xpath","value":"//button[@data-kt=\"addNewRUOverflowToolbarButton\"]"}
RESULT: {"using":"xpath","value":"//button[@data-kt=\"addNewRUOverflowToolbarButton\"]"}
COMMAND: POST /session/b6e4a271d41c675280102fe79c7e067e/element - {"using":"xpath","value":"//button[@data-kt=\"addNewRUOverflowToolbarButton\"]"}
RESULT: {"using":"xpath","value":"//button[@data-kt=\"addNewRUOverflowToolbarButton\"]"}
COMMAND: POST /session/b6e4a271d41c675280102fe79c7e067e/execute/sync - {"script":"<script> [8489 bytes]","args":[{"element-6066-11e4-a52e-4f735466cecf":"f.1BB59C6561AF6B211B86967F1D453B60.d.4FB7012F346522658EAC8FD30EE38761.e.262","ELEMENT":"f.1BB59C6561AF6B211B86967F1D453B60.d.4FB7012F346522658EAC8FD30EE38761.e.262"}]}
RESULT: {"script":"<script> [8489 bytes]","args":[{"element-6066-11e4-a52e-4f735466cecf":"f.1BB59C6561AF6B211B86967F1D453B60.d.4FB7012F346522658EAC8FD30EE38761.e.262","ELEMENT":"f.1BB59C6561AF6B211B86967F1D453B60.d.4FB7012F346522658EAC8FD30EE38761.e.262"}]}
COMMAND: GET /session/b6e4a271d41c675280102fe79c7e067e/element/f.1BB59C6561AF6B211B86967F1D453B60.d.4FB7012F346522658EAC8FD30EE38761.e.262/enabled - {}
COMMAND: GET /session/b6e4a271d41c675280102fe79c7e067e/screenshot - {}
RESULT: {}
COMMAND: POST /session/b6e4a271d41c675280102fe79c7e067e/execute/sync - {"script":"<script> [8489 bytes]","args":[{"element-6066-11e4-a52e-4f735466cecf":"f.1BB59C6561AF6B211B86967F1D453B60.d.4FB7012F346522658EAC8FD30EE38761.e.262","ELEMENT":"f.1BB59C6561AF6B211B86967F1D453B60.d.4FB7012F346522658EAC8FD30EE38761.e.262"}]}
COMMAND: GET /session/b6e4a271d41c675280102fe79c7e067e/screenshot - {}
RESULT: {}
RESULT: {"script":"<script> [8489 bytes]","args":[{"element-6066-11e4-a52e-4f735466cecf":"f.1BB59C6561AF6B211B86967F1D453B60.d.4FB7012F346522658EAC8FD30EE38761.e.262","ELEMENT":"f.1BB59C6561AF6B211B86967F1D453B60.d.4FB7012F346522658EAC8FD30EE38761.e.262"}]}
COMMAND: POST /session/b6e4a271d41c675280102fe79c7e067e/execute/sync - {"script":"<script> [5351 bytes]","args":[{"element-6066-11e4-a52e-4f735466cecf":"f.1BB59C6561AF6B211B86967F1D453B60.d.4FB7012F346522658EAC8FD30EE38761.e.262","ELEMENT":"f.1BB59C6561AF6B211B86967F1D453B60.d.4FB7012F346522658EAC8FD30EE38761.e.262"}]}
COMMAND: GET /session/b6e4a271d41c675280102fe79c7e067e/screenshot - {}
RESULT: {}
RESULT: {"script":"<script> [5351 bytes]","args":[{"element-6066-11e4-a52e-4f735466cecf":"f.1BB59C6561AF6B211B86967F1D453B60.d.4FB7012F346522658EAC8FD30EE38761.e.262","ELEMENT":"f.1BB59C6561AF6B211B86967F1D453B60.d.4FB7012F346522658EAC8FD30EE38761.e.262"}]}
COMMAND: POST /session/b6e4a271d41c675280102fe79c7e067e/element/f.1BB59C6561AF6B211B86967F1D453B60.d.4FB7012F346522658EAC8FD30EE38761.e.262/click - {}
COMMAND: GET /session/b6e4a271d41c675280102fe79c7e067e/screenshot - {}
RESULT: {}
RESULT: {}
COMMAND: GET /session/b6e4a271d41c675280102fe79c7e067e/screenshot - {}
RESULT: {}
COMMAND: POST /session/b6e4a271d41c675280102fe79c7e067e/execute/async - {"script":"<script> [1562 bytes]","args":[{"selector":{"id":"application-manageresources-display-component---newResourceUnit--TYPE-arrow"},"wdio_ui5_key":"applicationmanageresources-display-component---newResourceUnit--TYPE-arrow"}]}
RESULT: {}
RESULT: {"script":"<script> [1562 bytes]","args":[{"selector":{"id":"application-manageresources-display-component---newResourceUnit--TYPE-arrow"},"wdio_ui5_key":"applicationmanageresources-display-component---newResourceUnit--TYPE-arrow"}]}
RESULT: undefined
COMMAND: POST /session/b6e4a271d41c675280102fe79c7e067e/element - {"using":"xpath","value":"//*[@id=\"application-manageresources-display-component---newResourceUnit--TYPE-arrow\"]"}
RESULT: {"using":"xpath","value":"//*[@id=\"application-manageresources-display-component---newResourceUnit--TYPE-arrow\"]"}
COMMAND: POST /session/b6e4a271d41c675280102fe79c7e067e/element/f.1BB59C6561AF6B211B86967F1D453B60.d.4FB7012F346522658EAC8FD30EE38761.e.636/click - {}
RESULT: {}
COMMAND: POST /session/b6e4a271d41c675280102fe79c7e067e/execute/async - {"script":"<script> [1562 bytes]","args":[{"selector":{"controlType":"sap.m.StandardListItem","viewName":"reusables.view.manageresources.NewResourceUnit","viewId":"application-manageresources-display-component---newResourceUnit","properties":{"title":"Equipment"},"searchOpenDialogs":true,"interaction":{"idSuffix":"content"}},"wdio_ui5_key":"reusablesview.manageresources.NewResourceUnitsap.m.StandardListItem{\"title\":\"Equipment\"}"}]}
COMMAND: GET /session/b6e4a271d41c675280102fe79c7e067e/screenshot - {}
RESULT: {"script":"<script> [1562 bytes]","args":[{"selector":{"controlType":"sap.m.StandardListItem","viewName":"reusables.view.manageresources.NewResourceUnit","viewId":"application-manageresources-display-component---newResourceUnit","properties":{"title":"Equipment"},"searchOpenDialogs":true,"interaction":{"idSuffix":"content"}},"wdio_ui5_key":"reusablesview.manageresources.NewResourceUnitsap.m.StandardListItem{\"title\":\"Equipment\"}"}]}
RESULT: undefined
COMMAND: POST /session/b6e4a271d41c675280102fe79c7e067e/element - {"using":"xpath","value":"//*[@id=\"__item141\"]"}
RESULT: {}
RESULT: {"using":"xpath","value":"//*[@id=\"__item141\"]"}
COMMAND: POST /session/b6e4a271d41c675280102fe79c7e067e/element/f.1BB59C6561AF6B211B86967F1D453B60.d.4FB7012F346522658EAC8FD30EE38761.e.639/click - {}
RESULT: {}
COMMAND: POST /session/b6e4a271d41c675280102fe79c7e067e/execute/async - {"script":"<script> [1562 bytes]","args":[{"selector":{"id":"application-manageresources-display-component---newResourceUnit--resourceId","interaction":{"idSuffix":"inner"}},"wdio_ui5_key":"applicationmanageresources-display-component---newResourceUnit--resourceId"}]}
COMMAND: GET /session/b6e4a271d41c675280102fe79c7e067e/screenshot - {}
RESULT: {"script":"<script> [1562 bytes]","args":[{"selector":{"id":"application-manageresources-display-component---newResourceUnit--resourceId","interaction":{"idSuffix":"inner"}},"wdio_ui5_key":"applicationmanageresources-display-component---newResourceUnit--resourceId"}]}
RESULT: undefined
COMMAND: POST /session/b6e4a271d41c675280102fe79c7e067e/execute/async - {"script":"<script> [776 bytes]","args":[{"enterText":"5SdTiI1Zp_1","selector":{"id":"application-manageresources-display-component---newResourceUnit--resourceId","interaction":{"idSuffix":"inner"}},"clearTextFirst":true,"interactionType":"ENTER_TEXT"}]}
RESULT: {}
RESULT: {"script":"<script> [776 bytes]","args":[{"enterText":"5SdTiI1Zp_1","selector":{"id":"application-manageresources-display-component---newResourceUnit--resourceId","interaction":{"idSuffix":"inner"}},"clearTextFirst":true,"interactionType":"ENTER_TEXT"}]}
COMMAND: POST /session/b6e4a271d41c675280102fe79c7e067e/execute/async - {"script":"<script> [1562 bytes]","args":[{"selector":{"id":"application-manageresources-display-component---newResourceUnit--SHORT_TEXT","interaction":{"idSuffix":"inner"}},"wdio_ui5_key":"applicationmanageresources-display-component---newResourceUnit--SHORT_TEXT"}]}
RESULT: {"script":"<script> [1562 bytes]","args":[{"selector":{"id":"application-manageresources-display-component---newResourceUnit--SHORT_TEXT","interaction":{"idSuffix":"inner"}},"wdio_ui5_key":"applicationmanageresources-display-component---newResourceUnit--SHORT_TEXT"}]}
RESULT: undefined
COMMAND: POST /session/b6e4a271d41c675280102fe79c7e067e/execute/async - {"script":"<script> [776 bytes]","args":[{"enterText":"5SdTiI1Zp_1","selector":{"id":"application-manageresources-display-component---newResourceUnit--SHORT_TEXT","interaction":{"idSuffix":"inner"}},"clearTextFirst":true,"interactionType":"ENTER_TEXT"}]}
RESULT: {"script":"<script> [776 bytes]","args":[{"enterText":"5SdTiI1Zp_1","selector":{"id":"application-manageresources-display-component---newResourceUnit--SHORT_TEXT","interaction":{"idSuffix":"inner"}},"clearTextFirst":true,"interactionType":"ENTER_TEXT"}]}
COMMAND: POST /session/b6e4a271d41c675280102fe79c7e067e/execute/async - {"script":"<script> [1562 bytes]","args":[{"selector":{"id":"application-manageresources-display-component---newResourceUnit--BASE_UNIT_OF_MEASURE","interaction":{"idSuffix":"inner"}},"wdio_ui5_key":"applicationmanageresources-display-component---newResourceUnit--BASE_UNIT_OF_MEASURE"}]}
RESULT: {"script":"<script> [1562 bytes]","args":[{"selector":{"id":"application-manageresources-display-component---newResourceUnit--BASE_UNIT_OF_MEASURE","interaction":{"idSuffix":"inner"}},"wdio_ui5_key":"applicationmanageresources-display-component---newResourceUnit--BASE_UNIT_OF_MEASURE"}]}
RESULT: undefined
COMMAND: POST /session/b6e4a271d41c675280102fe79c7e067e/execute/async - {"script":"<script> [776 bytes]","args":[{"enterText":"Piece","selector":{"id":"application-manageresources-display-component---newResourceUnit--BASE_UNIT_OF_MEASURE","interaction":{"idSuffix":"inner"}},"clearTextFirst":true,"interactionType":"ENTER_TEXT"}]}
RESULT: {"script":"<script> [776 bytes]","args":[{"enterText":"Piece","selector":{"id":"application-manageresources-display-component---newResourceUnit--BASE_UNIT_OF_MEASURE","interaction":{"idSuffix":"inner"}},"clearTextFirst":true,"interactionType":"ENTER_TEXT"}]}
COMMAND: POST /session/b6e4a271d41c675280102fe79c7e067e/execute/async - {"script":"<script> [1562 bytes]","args":[{"selector":{"id":"application-manageresources-display-component---newResourceUnit--WEIGHT_UNIT","interaction":{"idSuffix":"inner"}},"wdio_ui5_key":"applicationmanageresources-display-component---newResourceUnit--WEIGHT_UNIT"}]}
RESULT: {"script":"<script> [1562 bytes]","args":[{"selector":{"id":"application-manageresources-display-component---newResourceUnit--WEIGHT_UNIT","interaction":{"idSuffix":"inner"}},"wdio_ui5_key":"applicationmanageresources-display-component---newResourceUnit--WEIGHT_UNIT"}]}
RESULT: undefined
COMMAND: POST /session/b6e4a271d41c675280102fe79c7e067e/execute/async - {"script":"<script> [776 bytes]","args":[{"enterText":"Gram","selector":{"id":"application-manageresources-display-component---newResourceUnit--WEIGHT_UNIT","interaction":{"idSuffix":"inner"}},"clearTextFirst":true,"interactionType":"ENTER_TEXT"}]}
RESULT: {"script":"<script> [776 bytes]","args":[{"enterText":"Gram","selector":{"id":"application-manageresources-display-component---newResourceUnit--WEIGHT_UNIT","interaction":{"idSuffix":"inner"}},"clearTextFirst":true,"interactionType":"ENTER_TEXT"}]}
COMMAND: POST /session/b6e4a271d41c675280102fe79c7e067e/execute/async - {"script":"<script> [1562 bytes]","args":[{"selector":{"id":"application-manageresources-display-component---newResourceUnit--DIMENSION_UNIT","interaction":{"idSuffix":"inner"}},"wdio_ui5_key":"applicationmanageresources-display-component---newResourceUnit--DIMENSION_UNIT"}]}
RESULT: {"script":"<script> [1562 bytes]","args":[{"selector":{"id":"application-manageresources-display-component---newResourceUnit--DIMENSION_UNIT","interaction":{"idSuffix":"inner"}},"wdio_ui5_key":"applicationmanageresources-display-component---newResourceUnit--DIMENSION_UNIT"}]}
RESULT: undefined
COMMAND: POST /session/b6e4a271d41c675280102fe79c7e067e/execute/async - {"script":"<script> [776 bytes]","args":[{"enterText":"Meter","selector":{"id":"application-manageresources-display-component---newResourceUnit--DIMENSION_UNIT","interaction":{"idSuffix":"inner"}},"clearTextFirst":true,"interactionType":"ENTER_TEXT"}]}
RESULT: {"script":"<script> [776 bytes]","args":[{"enterText":"Meter","selector":{"id":"application-manageresources-display-component---newResourceUnit--DIMENSION_UNIT","interaction":{"idSuffix":"inner"}},"clearTextFirst":true,"interactionType":"ENTER_TEXT"}]}
COMMAND: POST /session/b6e4a271d41c675280102fe79c7e067e/execute/async - {"script":"<script> [1562 bytes]","args":[{"selector":{"id":"application-manageresources-display-component---newResourceUnit--newRRUPage-anchBar-application-manageresources-display-component---newResourceUnit--control-anchor","interaction":{"idSuffix":"BDI-content"}},"wdio_ui5_key":"applicationmanageresources-display-component---newResourceUnit--newRRUPage-anchBar-application-manageresources-display-component---newResourceUnit--control-anchor"}]}
RESULT: {"script":"<script> [1562 bytes]","args":[{"selector":{"id":"application-manageresources-display-component---newResourceUnit--newRRUPage-anchBar-application-manageresources-display-component---newResourceUnit--control-anchor","interaction":{"idSuffix":"BDI-content"}},"wdio_ui5_key":"applicationmanageresources-display-component---newResourceUnit--newRRUPage-anchBar-application-manageresources-display-component---newResourceUnit--control-anchor"}]}
RESULT: undefined
COMMAND: POST /session/b6e4a271d41c675280102fe79c7e067e/element - {"using":"xpath","value":"//*[@id=\"application-manageresources-display-component---newResourceUnit--newRRUPage-anchBar-application-manageresources-display-component---newResourceUnit--control-anchor\"]"}
RESULT: {"using":"xpath","value":"//*[@id=\"application-manageresources-display-component---newResourceUnit--newRRUPage-anchBar-application-manageresources-display-component---newResourceUnit--control-anchor\"]"}
COMMAND: POST /session/b6e4a271d41c675280102fe79c7e067e/element/f.1BB59C6561AF6B211B86967F1D453B60.d.4FB7012F346522658EAC8FD30EE38761.e.770/click - {}
RESULT: {}
COMMAND: POST /session/b6e4a271d41c675280102fe79c7e067e/execute/async - {"script":"<script> [1562 bytes]","args":[{"selector":{"id":"application-manageresources-display-component---newResourceUnit--PLANNING_GROUP","interaction":{"idSuffix":"inner"}},"wdio_ui5_key":"applicationmanageresources-display-component---newResourceUnit--PLANNING_GROUP"}]}
COMMAND: GET /session/b6e4a271d41c675280102fe79c7e067e/screenshot - {}
RESULT: {"script":"<script> [1562 bytes]","args":[{"selector":{"id":"application-manageresources-display-component---newResourceUnit--PLANNING_GROUP","interaction":{"idSuffix":"inner"}},"wdio_ui5_key":"applicationmanageresources-display-component---newResourceUnit--PLANNING_GROUP"}]}
RESULT: undefined
COMMAND: POST /session/b6e4a271d41c675280102fe79c7e067e/execute/async - {"script":"<script> [776 bytes]","args":[{"enterText":"Heavy Equi","selector":{"id":"application-manageresources-display-component---newResourceUnit--PLANNING_GROUP","interaction":{"idSuffix":"inner"}},"clearTextFirst":true,"interactionType":"ENTER_TEXT"}]}
RESULT: {}
RESULT: {"script":"<script> [776 bytes]","args":[{"enterText":"Heavy Equi","selector":{"id":"application-manageresources-display-component---newResourceUnit--PLANNING_GROUP","interaction":{"idSuffix":"inner"}},"clearTextFirst":true,"interactionType":"ENTER_TEXT"}]}
COMMAND: POST /session/b6e4a271d41c675280102fe79c7e067e/execute/async - {"script":"<script> [1562 bytes]","args":[{"selector":{"id":"application-manageresources-display-component---newResourceUnit--ITEM_TYPE-arrow"},"wdio_ui5_key":"applicationmanageresources-display-component---newResourceUnit--ITEM_TYPE-arrow"}]}
RESULT: {"script":"<script> [1562 bytes]","args":[{"selector":{"id":"application-manageresources-display-component---newResourceUnit--ITEM_TYPE-arrow"},"wdio_ui5_key":"applicationmanageresources-display-component---newResourceUnit--ITEM_TYPE-arrow"}]}
RESULT: undefined
COMMAND: POST /session/b6e4a271d41c675280102fe79c7e067e/element - {"using":"xpath","value":"//*[@id=\"application-manageresources-display-component---newResourceUnit--ITEM_TYPE-arrow\"]"}
RESULT: {"using":"xpath","value":"//*[@id=\"application-manageresources-display-component---newResourceUnit--ITEM_TYPE-arrow\"]"}
COMMAND: POST /session/b6e4a271d41c675280102fe79c7e067e/element/f.1BB59C6561AF6B211B86967F1D453B60.d.4FB7012F346522658EAC8FD30EE38761.e.779/click - {}
RESULT: {}
COMMAND: POST /session/b6e4a271d41c675280102fe79c7e067e/execute/async - {"script":"<script> [1562 bytes]","args":[{"selector":{"controlType":"sap.m.StandardListItem","viewName":"reusables.view.manageresources.NewResourceUnit","viewId":"application-manageresources-display-component---newResourceUnit","properties":{"title":"Resource Unit"},"searchOpenDialogs":true,"interaction":{"idSuffix":"titleText"}},"wdio_ui5_key":"reusablesview.manageresources.NewResourceUnitsap.m.StandardListItem{\"title\":\"Resource Unit\"}"}]}
COMMAND: GET /session/b6e4a271d41c675280102fe79c7e067e/screenshot - {}
RESULT: {"script":"<script> [1562 bytes]","args":[{"selector":{"controlType":"sap.m.StandardListItem","viewName":"reusables.view.manageresources.NewResourceUnit","viewId":"application-manageresources-display-component---newResourceUnit","properties":{"title":"Resource Unit"},"searchOpenDialogs":true,"interaction":{"idSuffix":"titleText"}},"wdio_ui5_key":"reusablesview.manageresources.NewResourceUnitsap.m.StandardListItem{\"title\":\"Resource Unit\"}"}]}
RESULT: undefined
COMMAND: POST /session/b6e4a271d41c675280102fe79c7e067e/element - {"using":"xpath","value":"//*[@id=\"__item210\"]"}
RESULT: {}
RESULT: {"using":"xpath","value":"//*[@id=\"__item210\"]"}
COMMAND: POST /session/b6e4a271d41c675280102fe79c7e067e/element/f.1BB59C6561AF6B211B86967F1D453B60.d.4FB7012F346522658EAC8FD30EE38761.e.781/click - {}
RESULT: {}
COMMAND: POST /session/b6e4a271d41c675280102fe79c7e067e/execute/async - {"script":"<script> [1562 bytes]","args":[{"selector":{"id":"application-manageresources-display-component---newResourceUnit--btnAddTimeSegment-img"},"wdio_ui5_key":"applicationmanageresources-display-component---newResourceUnit--btnAddTimeSegment-img"}]}
COMMAND: GET /session/b6e4a271d41c675280102fe79c7e067e/screenshot - {}
RESULT: {"script":"<script> [1562 bytes]","args":[{"selector":{"id":"application-manageresources-display-component---newResourceUnit--btnAddTimeSegment-img"},"wdio_ui5_key":"applicationmanageresources-display-component---newResourceUnit--btnAddTimeSegment-img"}]}
RESULT: undefined
COMMAND: POST /session/b6e4a271d41c675280102fe79c7e067e/element - {"using":"xpath","value":"//*[@id=\"application-manageresources-display-component---newResourceUnit--btnAddTimeSegment-img\"]"}
RESULT: {}
RESULT: {"using":"xpath","value":"//*[@id=\"application-manageresources-display-component---newResourceUnit--btnAddTimeSegment-img\"]"}
COMMAND: POST /session/b6e4a271d41c675280102fe79c7e067e/element/f.1BB59C6561AF6B211B86967F1D453B60.d.4FB7012F346522658EAC8FD30EE38761.e.782/click - {}
RESULT: {}
COMMAND: GET /session/b6e4a271d41c675280102fe79c7e067e/screenshot - {}
RESULT: {}
COMMAND: POST /session/b6e4a271d41c675280102fe79c7e067e/element - {"using":"xpath","value":"//input[@id=\"application-manageresources-display-component---newResourceUnit--idRuTSAdmin-application-manageresources-display-component---newResourceUnit--RUTimeSegment-0-inner\"]"}
RESULT: {"using":"xpath","value":"//input[@id=\"application-manageresources-display-component---newResourceUnit--idRuTSAdmin-application-manageresources-display-component---newResourceUnit--RUTimeSegment-0-inner\"]"}
COMMAND: POST /session/b6e4a271d41c675280102fe79c7e067e/element/f.1BB59C6561AF6B211B86967F1D453B60.d.4FB7012F346522658EAC8FD30EE38761.e.786/clear - {}
RESULT: {}
COMMAND: POST /session/b6e4a271d41c675280102fe79c7e067e/element/f.1BB59C6561AF6B211B86967F1D453B60.d.4FB7012F346522658EAC8FD30EE38761.e.786/value - {"text":"106"}
COMMAND: GET /session/b6e4a271d41c675280102fe79c7e067e/screenshot - {}
RESULT: {"text":"106"}
COMMAND: GET /session/b6e4a271d41c675280102fe79c7e067e/screenshot - {}
RESULT: {}
RESULT: {}
COMMAND: POST /session/b6e4a271d41c675280102fe79c7e067e/element - {"using":"xpath","value":"//li[.//span[text()='106']]"}
RESULT: {"using":"xpath","value":"//li[.//span[text()='106']]"}
COMMAND: POST /session/b6e4a271d41c675280102fe79c7e067e/element/f.1BB59C6561AF6B211B86967F1D453B60.d.4FB7012F346522658EAC8FD30EE38761.e.799/click - {}
RESULT: {}
COMMAND: GET /session/b6e4a271d41c675280102fe79c7e067e/screenshot - {}
RESULT: {}
COMMAND: POST /session/b6e4a271d41c675280102fe79c7e067e/execute/async - {"script":"<script> [1562 bytes]","args":[{"selector":{"controlType":"sap.ui.core.Icon","viewName":"reusables.view.manageresources.NewResourceUnit","viewId":"application-manageresources-display-component---newResourceUnit","properties":{"src":{"regex":{"source":"slim\\-arrow\\-down"}}},"ancestor":{"controlType":"sap.m.ComboBox","viewName":"reusables.view.manageresources.NewResourceUnit","viewId":"application-manageresources-display-component---newResourceUnit","bindingPath":{"path":"/RESOURCE_UNIT_TIME_SEQUENCES/0","propertyPath":"COST_OBJECT_ADMIN_CST_TYPE","modelName":"oNewRruModel"}}},"wdio_ui5_key":"reusablesview.manageresources.NewResourceUnitsap.ui.core.Icon{\"src\":{\"regex\":{\"source\":\"slim\\\\-arrow\\\\-down\"}}}{\"controlType\":\"sap.m.ComboBox\",\"viewName\":\"reusables.view.manageresources.NewResourceUnit\",\"viewId\":\"application-manageresources-display-component---newResourceUnit\",\"bindingPath\":{\"path\":\"/RESOURCE_UNIT_TIME_SEQUENCES/0\",\"propertyPath\":\"COST_OBJECT_ADMIN_CST_TYPE\",\"modelName\":\"oNewRruModel\"}}"}]}
RESULT: {"script":"<script> [1562 bytes]","args":[{"selector":{"controlType":"sap.ui.core.Icon","viewName":"reusables.view.manageresources.NewResourceUnit","viewId":"application-manageresources-display-component---newResourceUnit","properties":{"src":{"regex":{"source":"slim\\-arrow\\-down"}}},"ancestor":{"controlType":"sap.m.ComboBox","viewName":"reusables.view.manageresources.NewResourceUnit","viewId":"application-manageresources-display-component---newResourceUnit","bindingPath":{"path":"/RESOURCE_UNIT_TIME_SEQUENCES/0","propertyPath":"COST_OBJECT_ADMIN_CST_TYPE","modelName":"oNewRruModel"}}},"wdio_ui5_key":"reusablesview.manageresources.NewResourceUnitsap.ui.core.Icon{\"src\":{\"regex\":{\"source\":\"slim\\\\-arrow\\\\-down\"}}}{\"controlType\":\"sap.m.ComboBox\",\"viewName\":\"reusables.view.manageresources.NewResourceUnit\",\"viewId\":\"application-manageresources-display-component---newResourceUnit\",\"bindingPath\":{\"path\":\"/RESOURCE_UNIT_TIME_SEQUENCES/0\",\"propertyPath\":\"COST_OBJECT_ADMIN_CST_TYPE\",\"modelName\":\"oNewRruModel\"}}"}]}
RESULT: undefined
COMMAND: POST /session/b6e4a271d41c675280102fe79c7e067e/element - {"using":"xpath","value":"//*[@id=\"__box5-application-manageresources-display-component---newResourceUnit--RUTimeSegment-0-arrow\"]"}
RESULT: {"using":"xpath","value":"//*[@id=\"__box5-application-manageresources-display-component---newResourceUnit--RUTimeSegment-0-arrow\"]"}
COMMAND: POST /session/b6e4a271d41c675280102fe79c7e067e/element/f.1BB59C6561AF6B211B86967F1D453B60.d.4FB7012F346522658EAC8FD30EE38761.e.800/click - {}
RESULT: {}
COMMAND: POST /session/b6e4a271d41c675280102fe79c7e067e/execute/async - {"script":"<script> [1562 bytes]","args":[{"selector":{"controlType":"sap.m.StandardListItem","viewName":"reusables.view.manageresources.NewResourceUnit","viewId":"application-manageresources-display-component---newResourceUnit","properties":{"title":"PM Order"},"searchOpenDialogs":true,"interaction":{"idSuffix":"titleText"}},"wdio_ui5_key":"reusablesview.manageresources.NewResourceUnitsap.m.StandardListItem{\"title\":\"PM Order\"}"}]}
COMMAND: GET /session/b6e4a271d41c675280102fe79c7e067e/screenshot - {}
RESULT: {"script":"<script> [1562 bytes]","args":[{"selector":{"controlType":"sap.m.StandardListItem","viewName":"reusables.view.manageresources.NewResourceUnit","viewId":"application-manageresources-display-component---newResourceUnit","properties":{"title":"PM Order"},"searchOpenDialogs":true,"interaction":{"idSuffix":"titleText"}},"wdio_ui5_key":"reusablesview.manageresources.NewResourceUnitsap.m.StandardListItem{\"title\":\"PM Order\"}"}]}
RESULT: undefined
COMMAND: POST /session/b6e4a271d41c675280102fe79c7e067e/element - {"using":"xpath","value":"//*[@id=\"__item592\"]"}
RESULT: {}
RESULT: {"using":"xpath","value":"//*[@id=\"__item592\"]"}
COMMAND: POST /session/b6e4a271d41c675280102fe79c7e067e/element/f.1BB59C6561AF6B211B86967F1D453B60.d.4FB7012F346522658EAC8FD30EE38761.e.804/click - {}
RESULT: {}
COMMAND: GET /session/b6e4a271d41c675280102fe79c7e067e/screenshot - {}
RESULT: {}
COMMAND: POST /session/b6e4a271d41c675280102fe79c7e067e/element - {"using":"xpath","value":"(//input[contains(@id ,\"-application-manageresources-display-component---newResourceUnit--RUTimeSegment-0-inner\")])[8]"}
RESULT: {"using":"xpath","value":"(//input[contains(@id ,\"-application-manageresources-display-component---newResourceUnit--RUTimeSegment-0-inner\")])[8]"}
COMMAND: POST /session/b6e4a271d41c675280102fe79c7e067e/element/f.1BB59C6561AF6B211B86967F1D453B60.d.4FB7012F346522658EAC8FD30EE38761.e.807/clear - {}
RESULT: {}
COMMAND: POST /session/b6e4a271d41c675280102fe79c7e067e/element/f.1BB59C6561AF6B211B86967F1D453B60.d.4FB7012F346522658EAC8FD30EE38761.e.807/value - {"text":"4000360"}
COMMAND: GET /session/b6e4a271d41c675280102fe79c7e067e/screenshot - {}
RESULT: {"text":"4000360"}
COMMAND: GET /session/b6e4a271d41c675280102fe79c7e067e/screenshot - {}
RESULT: {}
RESULT: {}
COMMAND: POST /session/b6e4a271d41c675280102fe79c7e067e/actions - {"actions":[{"id":"action1","type":"key","parameters":{},"actions":[{"type":"keyDown","value":"î€‡"},{"type":"pause","duration":10},{"type":"keyUp","value":"î€‡"}]}]}
RESULT: {"actions":[{"id":"action1","type":"key","parameters":{},"actions":[{"type":"keyDown","value":"î€‡"},{"type":"pause","duration":10},{"type":"keyUp","value":"î€‡"}]}]}
COMMAND: GET /session/b6e4a271d41c675280102fe79c7e067e/screenshot - {}
RESULT: {}
COMMAND: POST /session/b6e4a271d41c675280102fe79c7e067e/execute/async - {"script":"<script> [1562 bytes]","args":[{"selector":{"id":"application-manageresources-display-component---newResourceUnit--newRRUPage-anchBar-application-manageresources-display-component---newResourceUnit--resource-anchor","interaction":{"idSuffix":"BDI-content"}},"wdio_ui5_key":"applicationmanageresources-display-component---newResourceUnit--newRRUPage-anchBar-application-manageresources-display-component---newResourceUnit--resource-anchor"}]}
RESULT: {"script":"<script> [1562 bytes]","args":[{"selector":{"id":"application-manageresources-display-component---newResourceUnit--newRRUPage-anchBar-application-manageresources-display-component---newResourceUnit--resource-anchor","interaction":{"idSuffix":"BDI-content"}},"wdio_ui5_key":"applicationmanageresources-display-component---newResourceUnit--newRRUPage-anchBar-application-manageresources-display-component---newResourceUnit--resource-anchor"}]}
RESULT: undefined
COMMAND: POST /session/b6e4a271d41c675280102fe79c7e067e/element - {"using":"xpath","value":"//*[@id=\"application-manageresources-display-component---newResourceUnit--newRRUPage-anchBar-application-manageresources-display-component---newResourceUnit--resource-anchor\"]"}
RESULT: {"using":"xpath","value":"//*[@id=\"application-manageresources-display-component---newResourceUnit--newRRUPage-anchBar-application-manageresources-display-component---newResourceUnit--resource-anchor\"]"}
COMMAND: POST /session/b6e4a271d41c675280102fe79c7e067e/element/f.1BB59C6561AF6B211B86967F1D453B60.d.4FB7012F346522658EAC8FD30EE38761.e.838/click - {}
RESULT: {}
COMMAND: POST /session/b6e4a271d41c675280102fe79c7e067e/execute/async - {"script":"<script> [1562 bytes]","args":[{"selector":{"id":"application-manageresources-display-component---newResourceUnit--PLANNED_DELIVERY_DATE","interaction":{"idSuffix":"inner"}},"wdio_ui5_key":"applicationmanageresources-display-component---newResourceUnit--PLANNED_DELIVERY_DATE"}]}
COMMAND: GET /session/b6e4a271d41c675280102fe79c7e067e/screenshot - {}
RESULT: {"script":"<script> [1562 bytes]","args":[{"selector":{"id":"application-manageresources-display-component---newResourceUnit--PLANNED_DELIVERY_DATE","interaction":{"idSuffix":"inner"}},"wdio_ui5_key":"applicationmanageresources-display-component---newResourceUnit--PLANNED_DELIVERY_DATE"}]}
RESULT: undefined
COMMAND: POST /session/b6e4a271d41c675280102fe79c7e067e/execute/async - {"script":"<script> [6424 bytes]","args":[{"element-6066-11e4-a52e-4f735466cecf":"f.1BB59C6561AF6B211B86967F1D453B60.d.4FB7012F346522658EAC8FD30EE38761.e.693"},"setValue",["5/1/25"]]}
RESULT: {}
RESULT: {"script":"<script> [6424 bytes]","args":[{"element-6066-11e4-a52e-4f735466cecf":"f.1BB59C6561AF6B211B86967F1D453B60.d.4FB7012F346522658EAC8FD30EE38761.e.693"},"setValue",["5/1/25"]]}
COMMAND: POST /session/b6e4a271d41c675280102fe79c7e067e/execute/async - {"script":"<script> [1562 bytes]","args":[{"selector":{"controlType":"sap.m.Button","viewName":"reusables.view.manageresources.NewResourceUnit","viewId":"application-manageresources-display-component---newResourceUnit","i18NText":{"propertyName":"tooltip","key":"save"},"interaction":{"idSuffix":"BDI-content"}},"wdio_ui5_key":"reusablesview.manageresources.NewResourceUnitsap.m.Button{\"propertyName\":\"tooltip\",\"key\":\"save\"}"}]}
RESULT: {"script":"<script> [1562 bytes]","args":[{"selector":{"controlType":"sap.m.Button","viewName":"reusables.view.manageresources.NewResourceUnit","viewId":"application-manageresources-display-component---newResourceUnit","i18NText":{"propertyName":"tooltip","key":"save"},"interaction":{"idSuffix":"BDI-content"}},"wdio_ui5_key":"reusablesview.manageresources.NewResourceUnitsap.m.Button{\"propertyName\":\"tooltip\",\"key\":\"save\"}"}]}
RESULT: undefined
COMMAND: POST /session/b6e4a271d41c675280102fe79c7e067e/element - {"using":"xpath","value":"//*[@id=\"application-manageresources-display-component---newResourceUnit--createRuButton\"]"}
RESULT: {"using":"xpath","value":"//*[@id=\"application-manageresources-display-component---newResourceUnit--createRuButton\"]"}
COMMAND: POST /session/b6e4a271d41c675280102fe79c7e067e/element/f.1BB59C6561AF6B211B86967F1D453B60.d.4FB7012F346522658EAC8FD30EE38761.e.653/click - {}
RESULT: {}
COMMAND: GET /session/b6e4a271d41c675280102fe79c7e067e/screenshot - {}
RESULT: {}
COMMAND: POST /session/b6e4a271d41c675280102fe79c7e067e/execute/async - {"script":"<script> [1562 bytes]","args":[{"selector":{"controlType":"sap.m.Button","properties":{"text":"Close"},"searchOpenDialogs":true,"interaction":{"idSuffix":"inner"}},"wdio_ui5_key":"sapm.Button{\"text\":\"Close\"}"}]}
RESULT: {"script":"<script> [1562 bytes]","args":[{"selector":{"controlType":"sap.m.Button","properties":{"text":"Close"},"searchOpenDialogs":true,"interaction":{"idSuffix":"inner"}},"wdio_ui5_key":"sapm.Button{\"text\":\"Close\"}"}]}
RESULT: undefined
COMMAND: POST /session/b6e4a271d41c675280102fe79c7e067e/element - {"using":"xpath","value":"//*[@id=\"__mbox-btn-0\"]"}
RESULT: {"using":"xpath","value":"//*[@id=\"__mbox-btn-0\"]"}
COMMAND: POST /session/b6e4a271d41c675280102fe79c7e067e/element/f.1BB59C6561AF6B211B86967F1D453B60.d.4FB7012F346522658EAC8FD30EE38761.e.846/click - {}
RESULT: {}
COMMAND: GET /session/b6e4a271d41c675280102fe79c7e067e/screenshot - {}
RESULT: {}
COMMAND: POST /session/b6e4a271d41c675280102fe79c7e067e/element - {"using":"xpath","value":"(//button[contains(@id ,\"actionsToolbar-overflowButton\")])[1]"}
RESULT: {"using":"xpath","value":"(//button[contains(@id ,\"actionsToolbar-overflowButton\")])[1]"}
COMMAND: POST /session/b6e4a271d41c675280102fe79c7e067e/element/f.1BB59C6561AF6B211B86967F1D453B60.d.4FB7012F346522658EAC8FD30EE38761.e.880/click - {}
RESULT: {}
COMMAND: GET /session/b6e4a271d41c675280102fe79c7e067e/screenshot - {}
RESULT: {}
COMMAND: POST /session/b6e4a271d41c675280102fe79c7e067e/execute/async - {"script":"<script> [1562 bytes]","args":[{"selector":{"controlType":"sap.m.Button","viewName":"etm.portal.ui.manageresources.view.Detail","viewId":"application-manageresources-display-component---detailRU","i18NText":{"propertyName":"text","key":"copy"},"searchOpenDialogs":true,"interaction":{"idSuffix":"BDI-content"}},"wdio_ui5_key":"etmportal.ui.manageresources.view.Detailsap.m.Button{\"propertyName\":\"text\",\"key\":\"copy\"}"}]}
RESULT: {"script":"<script> [1562 bytes]","args":[{"selector":{"controlType":"sap.m.Button","viewName":"etm.portal.ui.manageresources.view.Detail","viewId":"application-manageresources-display-component---detailRU","i18NText":{"propertyName":"text","key":"copy"},"searchOpenDialogs":true,"interaction":{"idSuffix":"BDI-content"}},"wdio_ui5_key":"etmportal.ui.manageresources.view.Detailsap.m.Button{\"propertyName\":\"text\",\"key\":\"copy\"}"}]}
RESULT: undefined
COMMAND: POST /session/b6e4a271d41c675280102fe79c7e067e/element - {"using":"xpath","value":"//*[@id=\"__button37\"]"}
RESULT: {"using":"xpath","value":"//*[@id=\"__button37\"]"}
COMMAND: POST /session/b6e4a271d41c675280102fe79c7e067e/element/f.1BB59C6561AF6B211B86967F1D453B60.d.4FB7012F346522658EAC8FD30EE38761.e.883/click - {}
RESULT: {}
COMMAND: POST /session/b6e4a271d41c675280102fe79c7e067e/execute/async - {"script":"<script> [1562 bytes]","args":[{"selector":{"controlType":"sap.m.Button","viewName":"etm.portal.ui.manageresources.view.Detail","viewId":"application-manageresources-display-component---detailRU","i18NText":{"propertyName":"text","key":"selectAll"},"searchOpenDialogs":true,"interaction":{"idSuffix":"BDI-content"}},"wdio_ui5_key":"etmportal.ui.manageresources.view.Detailsap.m.Button{\"propertyName\":\"text\",\"key\":\"selectAll\"}"}]}
COMMAND: GET /session/b6e4a271d41c675280102fe79c7e067e/screenshot - {}
RESULT: {"script":"<script> [1562 bytes]","args":[{"selector":{"controlType":"sap.m.Button","viewName":"etm.portal.ui.manageresources.view.Detail","viewId":"application-manageresources-display-component---detailRU","i18NText":{"propertyName":"text","key":"selectAll"},"searchOpenDialogs":true,"interaction":{"idSuffix":"BDI-content"}},"wdio_ui5_key":"etmportal.ui.manageresources.view.Detailsap.m.Button{\"propertyName\":\"text\",\"key\":\"selectAll\"}"}]}
RESULT: undefined
COMMAND: POST /session/b6e4a271d41c675280102fe79c7e067e/element - {"using":"xpath","value":"//*[@id=\"__button83\"]"}
RESULT: {}
RESULT: {"using":"xpath","value":"//*[@id=\"__button83\"]"}
COMMAND: POST /session/b6e4a271d41c675280102fe79c7e067e/element/f.1BB59C6561AF6B211B86967F1D453B60.d.4FB7012F346522658EAC8FD30EE38761.e.884/click - {}
RESULT: {}
COMMAND: POST /session/b6e4a271d41c675280102fe79c7e067e/execute/async - {"script":"<script> [1562 bytes]","args":[{"selector":{"controlType":"sap.m.Button","viewName":"etm.portal.ui.manageresources.view.Detail","viewId":"application-manageresources-display-component---detailRU","i18NText":{"propertyName":"text","key":"confirm"},"searchOpenDialogs":true,"interaction":{"idSuffix":"BDI-content"}},"wdio_ui5_key":"etmportal.ui.manageresources.view.Detailsap.m.Button{\"propertyName\":\"text\",\"key\":\"confirm\"}"}]}
COMMAND: GET /session/b6e4a271d41c675280102fe79c7e067e/screenshot - {}
RESULT: {"script":"<script> [1562 bytes]","args":[{"selector":{"controlType":"sap.m.Button","viewName":"etm.portal.ui.manageresources.view.Detail","viewId":"application-manageresources-display-component---detailRU","i18NText":{"propertyName":"text","key":"confirm"},"searchOpenDialogs":true,"interaction":{"idSuffix":"BDI-content"}},"wdio_ui5_key":"etmportal.ui.manageresources.view.Detailsap.m.Button{\"propertyName\":\"text\",\"key\":\"confirm\"}"}]}
RESULT: undefined
COMMAND: POST /session/b6e4a271d41c675280102fe79c7e067e/element - {"using":"xpath","value":"//*[@id=\"__button84\"]"}
RESULT: {}
RESULT: {"using":"xpath","value":"//*[@id=\"__button84\"]"}
COMMAND: POST /session/b6e4a271d41c675280102fe79c7e067e/element/f.1BB59C6561AF6B211B86967F1D453B60.d.4FB7012F346522658EAC8FD30EE38761.e.909/click - {}
RESULT: {}
COMMAND: GET /session/b6e4a271d41c675280102fe79c7e067e/screenshot - {}
RESULT: {}
COMMAND: POST /session/b6e4a271d41c675280102fe79c7e067e/execute/async - {"script":"<script> [1562 bytes]","args":[{"selector":{"id":"application-manageresources-display-component---newResourceUnit--newRRUPage-anchBar-application-manageresources-display-component---newResourceUnit--general-anchor","interaction":{"idSuffix":"BDI-content"}},"wdio_ui5_key":"applicationmanageresources-display-component---newResourceUnit--newRRUPage-anchBar-application-manageresources-display-component---newResourceUnit--general-anchor"}]}
RESULT: {"script":"<script> [1562 bytes]","args":[{"selector":{"id":"application-manageresources-display-component---newResourceUnit--newRRUPage-anchBar-application-manageresources-display-component---newResourceUnit--general-anchor","interaction":{"idSuffix":"BDI-content"}},"wdio_ui5_key":"applicationmanageresources-display-component---newResourceUnit--newRRUPage-anchBar-application-manageresources-display-component---newResourceUnit--general-anchor"}]}
RESULT: undefined
COMMAND: POST /session/b6e4a271d41c675280102fe79c7e067e/element - {"using":"xpath","value":"//*[@id=\"application-manageresources-display-component---newResourceUnit--newRRUPage-anchBar-application-manageresources-display-component---newResourceUnit--general-anchor\"]"}
RESULT: {"using":"xpath","value":"//*[@id=\"application-manageresources-display-component---newResourceUnit--newRRUPage-anchBar-application-manageresources-display-component---newResourceUnit--general-anchor\"]"}
COMMAND: POST /session/b6e4a271d41c675280102fe79c7e067e/element/f.1BB59C6561AF6B211B86967F1D453B60.d.4FB7012F346522658EAC8FD30EE38761.e.914/click - {}
RESULT: {}
COMMAND: GET /session/b6e4a271d41c675280102fe79c7e067e/screenshot - {}
RESULT: {}
COMMAND: POST /session/b6e4a271d41c675280102fe79c7e067e/actions - {"actions":[{"type":"key","id":"keyboard","actions":[{"type":"keyDown","value":"î™"}]}]}
RESULT: {"actions":[{"type":"key","id":"keyboard","actions":[{"type":"keyDown","value":"î™"}]}]}
COMMAND: GET /session/b6e4a271d41c675280102fe79c7e067e/screenshot - {}
RESULT: {}
RESULT: undefined
COMMAND: POST /session/b6e4a271d41c675280102fe79c7e067e/execute/async - {"script":"<script> [776 bytes]","args":[{"enterText":"5SdTiI1Zp_2","selector":{"id":"application-manageresources-display-component---newResourceUnit--resourceId","interaction":{"idSuffix":"inner"}},"clearTextFirst":true,"interactionType":"ENTER_TEXT"}]}
RESULT: {"script":"<script> [776 bytes]","args":[{"enterText":"5SdTiI1Zp_2","selector":{"id":"application-manageresources-display-component---newResourceUnit--resourceId","interaction":{"idSuffix":"inner"}},"clearTextFirst":true,"interactionType":"ENTER_TEXT"}]}
RESULT: undefined
RESULT: undefined
COMMAND: POST /session/b6e4a271d41c675280102fe79c7e067e/execute/async - {"script":"<script> [776 bytes]","args":[{"enterText":"5SdTiI1Zp_2","selector":{"id":"application-manageresources-display-component---newResourceUnit--SHORT_TEXT","interaction":{"idSuffix":"inner"}},"clearTextFirst":true,"interactionType":"ENTER_TEXT"}]}
RESULT: {"script":"<script> [776 bytes]","args":[{"enterText":"5SdTiI1Zp_2","selector":{"id":"application-manageresources-display-component---newResourceUnit--SHORT_TEXT","interaction":{"idSuffix":"inner"}},"clearTextFirst":true,"interactionType":"ENTER_TEXT"}]}
RESULT: undefined
COMMAND: POST /session/b6e4a271d41c675280102fe79c7e067e/element - {"using":"xpath","value":"//*[@id=\"application-manageresources-display-component---newResourceUnit--createRuButton\"]"}
RESULT: {"using":"xpath","value":"//*[@id=\"application-manageresources-display-component---newResourceUnit--createRuButton\"]"}
COMMAND: POST /session/b6e4a271d41c675280102fe79c7e067e/element/f.1BB59C6561AF6B211B86967F1D453B60.d.4FB7012F346522658EAC8FD30EE38761.e.653/click - {}
RESULT: {}
COMMAND: GET /session/b6e4a271d41c675280102fe79c7e067e/screenshot - {}
RESULT: {}
COMMAND: POST /session/b6e4a271d41c675280102fe79c7e067e/element - {"using":"xpath","value":"//bdi[contains(text(), \"Close\")]"}
RESULT: {"using":"xpath","value":"//bdi[contains(text(), \"Close\")]"}
COMMAND: POST /session/b6e4a271d41c675280102fe79c7e067e/element/f.1BB59C6561AF6B211B86967F1D453B60.d.4FB7012F346522658EAC8FD30EE38761.e.929/click - {}
RESULT: {}
COMMAND: GET /session/b6e4a271d41c675280102fe79c7e067e/screenshot - {}
RESULT: {}
COMMAND: POST /session/b6e4a271d41c675280102fe79c7e067e/element - {"using":"css selector","value":"#shell-header-logo"}
RESULT: {"using":"css selector","value":"#shell-header-logo"}
COMMAND: POST /session/b6e4a271d41c675280102fe79c7e067e/element/f.1BB59C6561AF6B211B86967F1D453B60.d.4FB7012F346522658EAC8FD30EE38761.e.231/click - {}
RESULT: {}
COMMAND: GET /session/b6e4a271d41c675280102fe79c7e067e/screenshot - {}
RESULT: {}
]]></system-out>
    </testcase>
    <testcase classname="chrome.135_0_7049_96.windows.Bill_of_Resources_tests_for_bundle_creation_&amp;_replenishment_US131067_US131070" name="Should do a stock increase for the equipments" time="77.966">
      <system-out><![CDATA[
COMMAND: POST /session/b6e4a271d41c675280102fe79c7e067e/execute/async - {"script":"<script> [1562 bytes]","args":[{"selector":{"controlType":"sap.m.Text","viewName":"etm.portal.ui.managehandoverstile.view.Master","properties":{"text":"Manage Handovers"},"interaction":{"idSuffix":"inner"}},"wdio_ui5_key":"etmportal.ui.managehandoverstile.view.Mastersap.m.Text{\"text\":\"Manage Handovers\"}"}]}
RESULT: {"script":"<script> [1562 bytes]","args":[{"selector":{"controlType":"sap.m.Text","viewName":"etm.portal.ui.managehandoverstile.view.Master","properties":{"text":"Manage Handovers"},"interaction":{"idSuffix":"inner"}},"wdio_ui5_key":"etmportal.ui.managehandoverstile.view.Mastersap.m.Text{\"text\":\"Manage Handovers\"}"}]}
RESULT: undefined
COMMAND: POST /session/b6e4a271d41c675280102fe79c7e067e/element - {"using":"xpath","value":"//*[@id=\"__tile131-title\"]"}
RESULT: {"using":"xpath","value":"//*[@id=\"__tile131-title\"]"}
COMMAND: POST /session/b6e4a271d41c675280102fe79c7e067e/element/f.1BB59C6561AF6B211B86967F1D453B60.d.4FB7012F346522658EAC8FD30EE38761.e.936/click - {}
RESULT: {}
COMMAND: POST /session/b6e4a271d41c675280102fe79c7e067e/element - {"using":"xpath","value":"//button[@data-kt=\"masterHOAddButton\"]"}
COMMAND: GET /session/b6e4a271d41c675280102fe79c7e067e/screenshot - {}
RESULT: {"using":"xpath","value":"//button[@data-kt=\"masterHOAddButton\"]"}
COMMAND: POST /session/b6e4a271d41c675280102fe79c7e067e/elements - {"using":"xpath","value":"//button[@data-kt=\"masterHOAddButton\"]"}
RESULT: {}
RESULT: {"using":"xpath","value":"//button[@data-kt=\"masterHOAddButton\"]"}
COMMAND: POST /session/b6e4a271d41c675280102fe79c7e067e/elements - {"using":"xpath","value":"//button[@data-kt=\"masterHOAddButton\"]"}
RESULT: {"using":"xpath","value":"//button[@data-kt=\"masterHOAddButton\"]"}
COMMAND: POST /session/b6e4a271d41c675280102fe79c7e067e/elements - {"using":"xpath","value":"//button[@data-kt=\"masterHOAddButton\"]"}
RESULT: {"using":"xpath","value":"//button[@data-kt=\"masterHOAddButton\"]"}
COMMAND: POST /session/b6e4a271d41c675280102fe79c7e067e/elements - {"using":"xpath","value":"//button[@data-kt=\"masterHOAddButton\"]"}
RESULT: {"using":"xpath","value":"//button[@data-kt=\"masterHOAddButton\"]"}
COMMAND: POST /session/b6e4a271d41c675280102fe79c7e067e/elements - {"using":"xpath","value":"//button[@data-kt=\"masterHOAddButton\"]"}
RESULT: {"using":"xpath","value":"//button[@data-kt=\"masterHOAddButton\"]"}
COMMAND: POST /session/b6e4a271d41c675280102fe79c7e067e/elements - {"using":"xpath","value":"//button[@data-kt=\"masterHOAddButton\"]"}
RESULT: {"using":"xpath","value":"//button[@data-kt=\"masterHOAddButton\"]"}
COMMAND: POST /session/b6e4a271d41c675280102fe79c7e067e/elements - {"using":"xpath","value":"//button[@data-kt=\"masterHOAddButton\"]"}
RESULT: {"using":"xpath","value":"//button[@data-kt=\"masterHOAddButton\"]"}
COMMAND: POST /session/b6e4a271d41c675280102fe79c7e067e/elements - {"using":"xpath","value":"//button[@data-kt=\"masterHOAddButton\"]"}
RESULT: {"using":"xpath","value":"//button[@data-kt=\"masterHOAddButton\"]"}
COMMAND: POST /session/b6e4a271d41c675280102fe79c7e067e/elements - {"using":"xpath","value":"//button[@data-kt=\"masterHOAddButton\"]"}
RESULT: {"using":"xpath","value":"//button[@data-kt=\"masterHOAddButton\"]"}
COMMAND: POST /session/b6e4a271d41c675280102fe79c7e067e/elements - {"using":"xpath","value":"//button[@data-kt=\"masterHOAddButton\"]"}
RESULT: {"using":"xpath","value":"//button[@data-kt=\"masterHOAddButton\"]"}
COMMAND: POST /session/b6e4a271d41c675280102fe79c7e067e/elements - {"using":"xpath","value":"//button[@data-kt=\"masterHOAddButton\"]"}
RESULT: {"using":"xpath","value":"//button[@data-kt=\"masterHOAddButton\"]"}
COMMAND: POST /session/b6e4a271d41c675280102fe79c7e067e/elements - {"using":"xpath","value":"//button[@data-kt=\"masterHOAddButton\"]"}
RESULT: {"using":"xpath","value":"//button[@data-kt=\"masterHOAddButton\"]"}
COMMAND: POST /session/b6e4a271d41c675280102fe79c7e067e/elements - {"using":"xpath","value":"//button[@data-kt=\"masterHOAddButton\"]"}
RESULT: {"using":"xpath","value":"//button[@data-kt=\"masterHOAddButton\"]"}
COMMAND: POST /session/b6e4a271d41c675280102fe79c7e067e/elements - {"using":"xpath","value":"//button[@data-kt=\"masterHOAddButton\"]"}
RESULT: {"using":"xpath","value":"//button[@data-kt=\"masterHOAddButton\"]"}
COMMAND: POST /session/b6e4a271d41c675280102fe79c7e067e/elements - {"using":"xpath","value":"//button[@data-kt=\"masterHOAddButton\"]"}
RESULT: {"using":"xpath","value":"//button[@data-kt=\"masterHOAddButton\"]"}
COMMAND: POST /session/b6e4a271d41c675280102fe79c7e067e/elements - {"using":"xpath","value":"//button[@data-kt=\"masterHOAddButton\"]"}
RESULT: {"using":"xpath","value":"//button[@data-kt=\"masterHOAddButton\"]"}
COMMAND: POST /session/b6e4a271d41c675280102fe79c7e067e/elements - {"using":"xpath","value":"//button[@data-kt=\"masterHOAddButton\"]"}
RESULT: {"using":"xpath","value":"//button[@data-kt=\"masterHOAddButton\"]"}
COMMAND: POST /session/b6e4a271d41c675280102fe79c7e067e/elements - {"using":"xpath","value":"//button[@data-kt=\"masterHOAddButton\"]"}
RESULT: {"using":"xpath","value":"//button[@data-kt=\"masterHOAddButton\"]"}
COMMAND: POST /session/b6e4a271d41c675280102fe79c7e067e/element - {"using":"xpath","value":"//button[@data-kt=\"masterHOAddButton\"]"}
RESULT: {"using":"xpath","value":"//button[@data-kt=\"masterHOAddButton\"]"}
COMMAND: POST /session/b6e4a271d41c675280102fe79c7e067e/execute/sync - {"script":"<script> [8489 bytes]","args":[{"element-6066-11e4-a52e-4f735466cecf":"f.1BB59C6561AF6B211B86967F1D453B60.d.4FB7012F346522658EAC8FD30EE38761.e.976","ELEMENT":"f.1BB59C6561AF6B211B86967F1D453B60.d.4FB7012F346522658EAC8FD30EE38761.e.976"}]}
RESULT: {"script":"<script> [8489 bytes]","args":[{"element-6066-11e4-a52e-4f735466cecf":"f.1BB59C6561AF6B211B86967F1D453B60.d.4FB7012F346522658EAC8FD30EE38761.e.976","ELEMENT":"f.1BB59C6561AF6B211B86967F1D453B60.d.4FB7012F346522658EAC8FD30EE38761.e.976"}]}
COMMAND: GET /session/b6e4a271d41c675280102fe79c7e067e/element/f.1BB59C6561AF6B211B86967F1D453B60.d.4FB7012F346522658EAC8FD30EE38761.e.976/enabled - {}
COMMAND: GET /session/b6e4a271d41c675280102fe79c7e067e/screenshot - {}
RESULT: {}
COMMAND: POST /session/b6e4a271d41c675280102fe79c7e067e/execute/sync - {"script":"<script> [8489 bytes]","args":[{"element-6066-11e4-a52e-4f735466cecf":"f.1BB59C6561AF6B211B86967F1D453B60.d.4FB7012F346522658EAC8FD30EE38761.e.976","ELEMENT":"f.1BB59C6561AF6B211B86967F1D453B60.d.4FB7012F346522658EAC8FD30EE38761.e.976"}]}
COMMAND: GET /session/b6e4a271d41c675280102fe79c7e067e/screenshot - {}
RESULT: {}
RESULT: {"script":"<script> [8489 bytes]","args":[{"element-6066-11e4-a52e-4f735466cecf":"f.1BB59C6561AF6B211B86967F1D453B60.d.4FB7012F346522658EAC8FD30EE38761.e.976","ELEMENT":"f.1BB59C6561AF6B211B86967F1D453B60.d.4FB7012F346522658EAC8FD30EE38761.e.976"}]}
COMMAND: POST /session/b6e4a271d41c675280102fe79c7e067e/execute/sync - {"script":"<script> [5351 bytes]","args":[{"element-6066-11e4-a52e-4f735466cecf":"f.1BB59C6561AF6B211B86967F1D453B60.d.4FB7012F346522658EAC8FD30EE38761.e.976","ELEMENT":"f.1BB59C6561AF6B211B86967F1D453B60.d.4FB7012F346522658EAC8FD30EE38761.e.976"}]}
COMMAND: GET /session/b6e4a271d41c675280102fe79c7e067e/screenshot - {}
RESULT: {}
RESULT: {"script":"<script> [5351 bytes]","args":[{"element-6066-11e4-a52e-4f735466cecf":"f.1BB59C6561AF6B211B86967F1D453B60.d.4FB7012F346522658EAC8FD30EE38761.e.976","ELEMENT":"f.1BB59C6561AF6B211B86967F1D453B60.d.4FB7012F346522658EAC8FD30EE38761.e.976"}]}
COMMAND: POST /session/b6e4a271d41c675280102fe79c7e067e/element/f.1BB59C6561AF6B211B86967F1D453B60.d.4FB7012F346522658EAC8FD30EE38761.e.976/click - {}
COMMAND: GET /session/b6e4a271d41c675280102fe79c7e067e/screenshot - {}
RESULT: {}
RESULT: {}
COMMAND: GET /session/b6e4a271d41c675280102fe79c7e067e/screenshot - {}
RESULT: {}
COMMAND: POST /session/b6e4a271d41c675280102fe79c7e067e/element - {"using":"xpath","value":"//span[contains(@id ,\"AddNewHO--typeSelect-arrow\")]"}
RESULT: {}
RESULT: {"using":"xpath","value":"//span[contains(@id ,\"AddNewHO--typeSelect-arrow\")]"}
COMMAND: POST /session/b6e4a271d41c675280102fe79c7e067e/element/f.1BB59C6561AF6B211B86967F1D453B60.d.4FB7012F346522658EAC8FD30EE38761.e.1331/click - {}
RESULT: {}
COMMAND: GET /session/b6e4a271d41c675280102fe79c7e067e/screenshot - {}
RESULT: {}
COMMAND: POST /session/b6e4a271d41c675280102fe79c7e067e/element - {"using":"xpath","value":"(//li[contains(text(), \"stock increase yard\")])[1]"}
RESULT: {"using":"xpath","value":"(//li[contains(text(), \"stock increase yard\")])[1]"}
COMMAND: POST /session/b6e4a271d41c675280102fe79c7e067e/element/f.1BB59C6561AF6B211B86967F1D453B60.d.4FB7012F346522658EAC8FD30EE38761.e.1332/click - {}
RESULT: {}
COMMAND: GET /session/b6e4a271d41c675280102fe79c7e067e/screenshot - {}
RESULT: {}
COMMAND: POST /session/b6e4a271d41c675280102fe79c7e067e/execute/async - {"script":"<script> [1562 bytes]","args":[{"selector":{"id":"application-managehandovers-display-component---AddNewHO--dueDate","interaction":{"idSuffix":"inner"}},"wdio_ui5_key":"applicationmanagehandovers-display-component---AddNewHO--dueDate"}]}
RESULT: {"script":"<script> [1562 bytes]","args":[{"selector":{"id":"application-managehandovers-display-component---AddNewHO--dueDate","interaction":{"idSuffix":"inner"}},"wdio_ui5_key":"applicationmanagehandovers-display-component---AddNewHO--dueDate"}]}
RESULT: undefined
COMMAND: POST /session/b6e4a271d41c675280102fe79c7e067e/execute/async - {"script":"<script> [6424 bytes]","args":[{"element-6066-11e4-a52e-4f735466cecf":"f.1BB59C6561AF6B211B86967F1D453B60.d.4FB7012F346522658EAC8FD30EE38761.e.1334"},"setValue",["05/01/2025"]]}
RESULT: {"script":"<script> [6424 bytes]","args":[{"element-6066-11e4-a52e-4f735466cecf":"f.1BB59C6561AF6B211B86967F1D453B60.d.4FB7012F346522658EAC8FD30EE38761.e.1334"},"setValue",["05/01/2025"]]}
COMMAND: POST /session/b6e4a271d41c675280102fe79c7e067e/element - {"using":"xpath","value":"//input[@id=\"generalSectionFrg--receiveYard-inner\"]"}
RESULT: {"using":"xpath","value":"//input[@id=\"generalSectionFrg--receiveYard-inner\"]"}
COMMAND: POST /session/b6e4a271d41c675280102fe79c7e067e/element/f.1BB59C6561AF6B211B86967F1D453B60.d.4FB7012F346522658EAC8FD30EE38761.e.1340/clear - {}
RESULT: {}
COMMAND: POST /session/b6e4a271d41c675280102fe79c7e067e/element/f.1BB59C6561AF6B211B86967F1D453B60.d.4FB7012F346522658EAC8FD30EE38761.e.1340/value - {"text":"106"}
COMMAND: GET /session/b6e4a271d41c675280102fe79c7e067e/screenshot - {}
RESULT: {"text":"106"}
COMMAND: GET /session/b6e4a271d41c675280102fe79c7e067e/screenshot - {}
RESULT: {}
RESULT: {}
COMMAND: POST /session/b6e4a271d41c675280102fe79c7e067e/element - {"using":"xpath","value":"//li[.//span[text()='106']]"}
RESULT: {"using":"xpath","value":"//li[.//span[text()='106']]"}
COMMAND: POST /session/b6e4a271d41c675280102fe79c7e067e/element/f.1BB59C6561AF6B211B86967F1D453B60.d.4FB7012F346522658EAC8FD30EE38761.e.1358/click - {}
RESULT: {}
COMMAND: GET /session/b6e4a271d41c675280102fe79c7e067e/screenshot - {}
RESULT: {}
COMMAND: POST /session/b6e4a271d41c675280102fe79c7e067e/execute/async - {"script":"<script> [1562 bytes]","args":[{"selector":{"id":"application-managehandovers-display-component---AddNewHO--ObjectPageLayout-anchBar-application-managehandovers-display-component---AddNewHO--section4-anchor","interaction":{"idSuffix":"BDI-content"}},"wdio_ui5_key":"applicationmanagehandovers-display-component---AddNewHO--ObjectPageLayout-anchBar-application-managehandovers-display-component---AddNewHO--section4-anchor"}]}
RESULT: {"script":"<script> [1562 bytes]","args":[{"selector":{"id":"application-managehandovers-display-component---AddNewHO--ObjectPageLayout-anchBar-application-managehandovers-display-component---AddNewHO--section4-anchor","interaction":{"idSuffix":"BDI-content"}},"wdio_ui5_key":"applicationmanagehandovers-display-component---AddNewHO--ObjectPageLayout-anchBar-application-managehandovers-display-component---AddNewHO--section4-anchor"}]}
RESULT: undefined
COMMAND: POST /session/b6e4a271d41c675280102fe79c7e067e/element - {"using":"xpath","value":"//*[@id=\"application-managehandovers-display-component---AddNewHO--ObjectPageLayout-anchBar-application-managehandovers-display-component---AddNewHO--section4-anchor\"]"}
RESULT: {"using":"xpath","value":"//*[@id=\"application-managehandovers-display-component---AddNewHO--ObjectPageLayout-anchBar-application-managehandovers-display-component---AddNewHO--section4-anchor\"]"}
COMMAND: POST /session/b6e4a271d41c675280102fe79c7e067e/element/f.1BB59C6561AF6B211B86967F1D453B60.d.4FB7012F346522658EAC8FD30EE38761.e.1360/click - {}
RESULT: {}
COMMAND: POST /session/b6e4a271d41c675280102fe79c7e067e/execute/async - {"script":"<script> [1562 bytes]","args":[{"selector":{"controlType":"sap.ui.core.Icon","viewName":"etm.portal.ui.managehandovers.view.AddNewHO","viewId":"application-managehandovers-display-component---AddNewHO","properties":{"src":{"regex":{"source":"add"}}}},"wdio_ui5_key":"etmportal.ui.managehandovers.view.AddNewHOsap.ui.core.Icon{\"src\":{\"regex\":{\"source\":\"add\"}}}"}]}
COMMAND: GET /session/b6e4a271d41c675280102fe79c7e067e/screenshot - {}
RESULT: {"script":"<script> [1562 bytes]","args":[{"selector":{"controlType":"sap.ui.core.Icon","viewName":"etm.portal.ui.managehandovers.view.AddNewHO","viewId":"application-managehandovers-display-component---AddNewHO","properties":{"src":{"regex":{"source":"add"}}}},"wdio_ui5_key":"etmportal.ui.managehandovers.view.AddNewHOsap.ui.core.Icon{\"src\":{\"regex\":{\"source\":\"add\"}}}"}]}
RESULT: undefined
COMMAND: POST /session/b6e4a271d41c675280102fe79c7e067e/element - {"using":"xpath","value":"//*[@id=\"__button107-img\"]"}
RESULT: {}
RESULT: {"using":"xpath","value":"//*[@id=\"__button107-img\"]"}
COMMAND: POST /session/b6e4a271d41c675280102fe79c7e067e/element/f.1BB59C6561AF6B211B86967F1D453B60.d.4FB7012F346522658EAC8FD30EE38761.e.1363/click - {}
RESULT: {}
COMMAND: POST /session/b6e4a271d41c675280102fe79c7e067e/execute/async - {"script":"<script> [1562 bytes]","args":[{"selector":{"id":"application-managehandovers-display-component---AddNewHO--smartFilterBar-btnBasicSearch","searchOpenDialogs":true,"interaction":{"idSuffix":"I"}},"wdio_ui5_key":"applicationmanagehandovers-display-component---AddNewHO--smartFilterBar-btnBasicSearch"}]}
COMMAND: GET /session/b6e4a271d41c675280102fe79c7e067e/screenshot - {}
RESULT: {"script":"<script> [1562 bytes]","args":[{"selector":{"id":"application-managehandovers-display-component---AddNewHO--smartFilterBar-btnBasicSearch","searchOpenDialogs":true,"interaction":{"idSuffix":"I"}},"wdio_ui5_key":"applicationmanagehandovers-display-component---AddNewHO--smartFilterBar-btnBasicSearch"}]}
RESULT: undefined
COMMAND: POST /session/b6e4a271d41c675280102fe79c7e067e/execute/async - {"script":"<script> [776 bytes]","args":[{"enterText":"5SdTiI1Zp_","selector":{"id":"application-managehandovers-display-component---AddNewHO--smartFilterBar-btnBasicSearch","searchOpenDialogs":true,"interaction":{"idSuffix":"I"}},"clearTextFirst":true,"interactionType":"ENTER_TEXT"}]}
RESULT: {}
RESULT: {"script":"<script> [776 bytes]","args":[{"enterText":"5SdTiI1Zp_","selector":{"id":"application-managehandovers-display-component---AddNewHO--smartFilterBar-btnBasicSearch","searchOpenDialogs":true,"interaction":{"idSuffix":"I"}},"clearTextFirst":true,"interactionType":"ENTER_TEXT"}]}
COMMAND: POST /session/b6e4a271d41c675280102fe79c7e067e/actions - {"actions":[{"id":"action2","type":"key","parameters":{},"actions":[{"type":"keyDown","value":"î€‡"},{"type":"pause","duration":10},{"type":"keyUp","value":"î€‡"}]}]}
RESULT: {"actions":[{"id":"action2","type":"key","parameters":{},"actions":[{"type":"keyDown","value":"î€‡"},{"type":"pause","duration":10},{"type":"keyUp","value":"î€‡"}]}]}
COMMAND: POST /session/b6e4a271d41c675280102fe79c7e067e/execute/async - {"script":"<script> [1562 bytes]","args":[{"selector":{"id":"application-managehandovers-display-component---AddNewHO--popup-sa","searchOpenDialogs":true,"interaction":{"idSuffix":"CbBg"}},"wdio_ui5_key":"applicationmanagehandovers-display-component---AddNewHO--popup-sa"}]}
COMMAND: GET /session/b6e4a271d41c675280102fe79c7e067e/screenshot - {}
RESULT: {"script":"<script> [1562 bytes]","args":[{"selector":{"id":"application-managehandovers-display-component---AddNewHO--popup-sa","searchOpenDialogs":true,"interaction":{"idSuffix":"CbBg"}},"wdio_ui5_key":"applicationmanagehandovers-display-component---AddNewHO--popup-sa"}]}
RESULT: undefined
COMMAND: POST /session/b6e4a271d41c675280102fe79c7e067e/element - {"using":"xpath","value":"//*[@id=\"application-managehandovers-display-component---AddNewHO--popup-sa\"]"}
RESULT: {}
RESULT: {"using":"xpath","value":"//*[@id=\"application-managehandovers-display-component---AddNewHO--popup-sa\"]"}
COMMAND: POST /session/b6e4a271d41c675280102fe79c7e067e/element/f.1BB59C6561AF6B211B86967F1D453B60.d.4FB7012F346522658EAC8FD30EE38761.e.1520/click - {}
RESULT: {}
COMMAND: POST /session/b6e4a271d41c675280102fe79c7e067e/execute/async - {"script":"<script> [1562 bytes]","args":[{"selector":{"controlType":"sap.m.Button","viewName":"etm.portal.ui.managehandovers.view.AddNewHO","viewId":"application-managehandovers-display-component---AddNewHO","i18NText":{"propertyName":"text","key":"select"},"searchOpenDialogs":true,"interaction":{"idSuffix":"BDI-content"}},"wdio_ui5_key":"etmportal.ui.managehandovers.view.AddNewHOsap.m.Button{\"propertyName\":\"text\",\"key\":\"select\"}"}]}
COMMAND: GET /session/b6e4a271d41c675280102fe79c7e067e/screenshot - {}
RESULT: {"script":"<script> [1562 bytes]","args":[{"selector":{"controlType":"sap.m.Button","viewName":"etm.portal.ui.managehandovers.view.AddNewHO","viewId":"application-managehandovers-display-component---AddNewHO","i18NText":{"propertyName":"text","key":"select"},"searchOpenDialogs":true,"interaction":{"idSuffix":"BDI-content"}},"wdio_ui5_key":"etmportal.ui.managehandovers.view.AddNewHOsap.m.Button{\"propertyName\":\"text\",\"key\":\"select\"}"}]}
RESULT: undefined
COMMAND: POST /session/b6e4a271d41c675280102fe79c7e067e/element - {"using":"xpath","value":"//*[@id=\"__button110\"]"}
RESULT: {}
RESULT: {"using":"xpath","value":"//*[@id=\"__button110\"]"}
COMMAND: POST /session/b6e4a271d41c675280102fe79c7e067e/element/f.1BB59C6561AF6B211B86967F1D453B60.d.4FB7012F346522658EAC8FD30EE38761.e.1522/click - {}
RESULT: {}
COMMAND: POST /session/b6e4a271d41c675280102fe79c7e067e/execute/async - {"script":"<script> [1562 bytes]","args":[{"selector":{"id":"application-managehandovers-display-component---AddNewHO--confirmCreationButton","interaction":{"idSuffix":"BDI-content"}},"wdio_ui5_key":"applicationmanagehandovers-display-component---AddNewHO--confirmCreationButton"}]}
COMMAND: GET /session/b6e4a271d41c675280102fe79c7e067e/screenshot - {}
RESULT: {"script":"<script> [1562 bytes]","args":[{"selector":{"id":"application-managehandovers-display-component---AddNewHO--confirmCreationButton","interaction":{"idSuffix":"BDI-content"}},"wdio_ui5_key":"applicationmanagehandovers-display-component---AddNewHO--confirmCreationButton"}]}
RESULT: undefined
COMMAND: POST /session/b6e4a271d41c675280102fe79c7e067e/element - {"using":"xpath","value":"//*[@id=\"application-managehandovers-display-component---AddNewHO--confirmCreationButton\"]"}
RESULT: {}
RESULT: {"using":"xpath","value":"//*[@id=\"application-managehandovers-display-component---AddNewHO--confirmCreationButton\"]"}
COMMAND: POST /session/b6e4a271d41c675280102fe79c7e067e/element/f.1BB59C6561AF6B211B86967F1D453B60.d.4FB7012F346522658EAC8FD30EE38761.e.1538/click - {}
RESULT: {}
COMMAND: GET /session/b6e4a271d41c675280102fe79c7e067e/screenshot - {}
RESULT: {}
COMMAND: POST /session/b6e4a271d41c675280102fe79c7e067e/execute/async - {"script":"<script> [1562 bytes]","args":[{"selector":{"id":"receiptDatePicker","viewName":"etm.portal.ui.managehandovers.view.DetailExecuteHO","interaction":{"idSuffix":"inner"}},"wdio_ui5_key":"receiptDatePickeretmportal.ui.managehandovers.view.DetailExecuteHO"}]}
RESULT: {"script":"<script> [1562 bytes]","args":[{"selector":{"id":"receiptDatePicker","viewName":"etm.portal.ui.managehandovers.view.DetailExecuteHO","interaction":{"idSuffix":"inner"}},"wdio_ui5_key":"receiptDatePickeretmportal.ui.managehandovers.view.DetailExecuteHO"}]}
RESULT: undefined
COMMAND: POST /session/b6e4a271d41c675280102fe79c7e067e/execute/async - {"script":"<script> [6424 bytes]","args":[{"element-6066-11e4-a52e-4f735466cecf":"f.1BB59C6561AF6B211B86967F1D453B60.d.4FB7012F346522658EAC8FD30EE38761.e.1555"},"setValue",["05/01/2025"]]}
RESULT: {"script":"<script> [6424 bytes]","args":[{"element-6066-11e4-a52e-4f735466cecf":"f.1BB59C6561AF6B211B86967F1D453B60.d.4FB7012F346522658EAC8FD30EE38761.e.1555"},"setValue",["05/01/2025"]]}
COMMAND: POST /session/b6e4a271d41c675280102fe79c7e067e/execute/async - {"script":"<script> [1562 bytes]","args":[{"selector":{"controlType":"sap.m.Button","viewName":"etm.portal.ui.managehandovers.view.DetailExecuteHO","i18NText":{"propertyName":"text","key":"confirmAll"},"interaction":{"idSuffix":"BDI-content"}},"wdio_ui5_key":"etmportal.ui.managehandovers.view.DetailExecuteHOsap.m.Button{\"propertyName\":\"text\",\"key\":\"confirmAll\"}"}]}
RESULT: {"script":"<script> [1562 bytes]","args":[{"selector":{"controlType":"sap.m.Button","viewName":"etm.portal.ui.managehandovers.view.DetailExecuteHO","i18NText":{"propertyName":"text","key":"confirmAll"},"interaction":{"idSuffix":"BDI-content"}},"wdio_ui5_key":"etmportal.ui.managehandovers.view.DetailExecuteHOsap.m.Button{\"propertyName\":\"text\",\"key\":\"confirmAll\"}"}]}
RESULT: undefined
COMMAND: POST /session/b6e4a271d41c675280102fe79c7e067e/element - {"using":"xpath","value":"//*[@id=\"__button139\"]"}
RESULT: {"using":"xpath","value":"//*[@id=\"__button139\"]"}
COMMAND: POST /session/b6e4a271d41c675280102fe79c7e067e/element/f.1BB59C6561AF6B211B86967F1D453B60.d.4FB7012F346522658EAC8FD30EE38761.e.1592/click - {}
RESULT: {}
COMMAND: POST /session/b6e4a271d41c675280102fe79c7e067e/execute/async - {"script":"<script> [1562 bytes]","args":[{"selector":{"controlType":"sap.m.Button","properties":{"text":"OK"},"searchOpenDialogs":true,"interaction":{"idSuffix":"BDI-content"}},"wdio_ui5_key":"sapm.Button{\"text\":\"OK\"}"}]}
COMMAND: GET /session/b6e4a271d41c675280102fe79c7e067e/screenshot - {}
RESULT: {"script":"<script> [1562 bytes]","args":[{"selector":{"controlType":"sap.m.Button","properties":{"text":"OK"},"searchOpenDialogs":true,"interaction":{"idSuffix":"BDI-content"}},"wdio_ui5_key":"sapm.Button{\"text\":\"OK\"}"}]}
RESULT: undefined
COMMAND: POST /session/b6e4a271d41c675280102fe79c7e067e/element - {"using":"xpath","value":"//*[@id=\"__mbox-btn-2\"]"}
RESULT: {}
RESULT: {"using":"xpath","value":"//*[@id=\"__mbox-btn-2\"]"}
COMMAND: POST /session/b6e4a271d41c675280102fe79c7e067e/element/f.1BB59C6561AF6B211B86967F1D453B60.d.4FB7012F346522658EAC8FD30EE38761.e.1593/click - {}
RESULT: {}
COMMAND: GET /session/b6e4a271d41c675280102fe79c7e067e/screenshot - {}
RESULT: {}
COMMAND: POST /session/b6e4a271d41c675280102fe79c7e067e/execute/async - {"script":"<script> [1562 bytes]","args":[{"selector":{"id":"confirmationButton","viewName":"etm.portal.ui.managehandovers.view.DetailExecuteHO","interaction":{"idSuffix":"BDI-content"}},"wdio_ui5_key":"confirmationButtonetmportal.ui.managehandovers.view.DetailExecuteHO"}]}
RESULT: {"script":"<script> [1562 bytes]","args":[{"selector":{"id":"confirmationButton","viewName":"etm.portal.ui.managehandovers.view.DetailExecuteHO","interaction":{"idSuffix":"BDI-content"}},"wdio_ui5_key":"confirmationButtonetmportal.ui.managehandovers.view.DetailExecuteHO"}]}
RESULT: undefined
COMMAND: POST /session/b6e4a271d41c675280102fe79c7e067e/element - {"using":"xpath","value":"(//bdi[contains(text(), \"Receive\")])[2]"}
RESULT: {"using":"xpath","value":"(//bdi[contains(text(), \"Receive\")])[2]"}
COMMAND: POST /session/b6e4a271d41c675280102fe79c7e067e/element/f.1BB59C6561AF6B211B86967F1D453B60.d.4FB7012F346522658EAC8FD30EE38761.e.1596/click - {}
RESULT: {}
COMMAND: GET /session/b6e4a271d41c675280102fe79c7e067e/screenshot - {}
RESULT: {}
COMMAND: POST /session/b6e4a271d41c675280102fe79c7e067e/element - {"using":"css selector","value":"#shell-header-logo"}
RESULT: {"using":"css selector","value":"#shell-header-logo"}
COMMAND: POST /session/b6e4a271d41c675280102fe79c7e067e/element/f.1BB59C6561AF6B211B86967F1D453B60.d.4FB7012F346522658EAC8FD30EE38761.e.939/click - {}
RESULT: {}
COMMAND: GET /session/b6e4a271d41c675280102fe79c7e067e/screenshot - {}
RESULT: {}
]]></system-out>
    </testcase>
    <testcase classname="chrome.135_0_7049_96.windows.Bill_of_Resources_tests_for_bundle_creation_&amp;_replenishment_US131067_US131070" name="Should create a new bundle with the 2 RUs using onto first one US131067" time="55.837">
      <system-out><![CDATA[
COMMAND: POST /session/b6e4a271d41c675280102fe79c7e067e/execute/async - {"script":"<script> [1562 bytes]","args":[{"selector":{"controlType":"sap.m.NumericContent","bindingPath":{"path":"","propertyPath":"/properties/icon"},"ancestor":{"controlType":"sap.m.GenericTile","properties":{"header":"Bill Of Resources"}},"interaction":{"idSuffix":"value"}},"wdio_ui5_key":"sapm.NumericContent{\"path\":\"\",\"propertyPath\":\"/properties/icon\"}{\"controlType\":\"sap.m.GenericTile\",\"properties\":{\"header\":\"Bill Of Resources\"}}"}]}
RESULT: {"script":"<script> [1562 bytes]","args":[{"selector":{"controlType":"sap.m.NumericContent","bindingPath":{"path":"","propertyPath":"/properties/icon"},"ancestor":{"controlType":"sap.m.GenericTile","properties":{"header":"Bill Of Resources"}},"interaction":{"idSuffix":"value"}},"wdio_ui5_key":"sapm.NumericContent{\"path\":\"\",\"propertyPath\":\"/properties/icon\"}{\"controlType\":\"sap.m.GenericTile\",\"properties\":{\"header\":\"Bill Of Resources\"}}"}]}
RESULT: undefined
COMMAND: POST /session/b6e4a271d41c675280102fe79c7e067e/element - {"using":"xpath","value":"//*[@id=\"__content2\"]"}
RESULT: {"using":"xpath","value":"//*[@id=\"__content2\"]"}
COMMAND: POST /session/b6e4a271d41c675280102fe79c7e067e/element/f.1BB59C6561AF6B211B86967F1D453B60.d.4FB7012F346522658EAC8FD30EE38761.e.1922/click - {}
RESULT: {}
COMMAND: POST /session/b6e4a271d41c675280102fe79c7e067e/element - {"using":"xpath","value":"//button[@data-kt=\"addBorMasterButton\"]"}
COMMAND: GET /session/b6e4a271d41c675280102fe79c7e067e/screenshot - {}
RESULT: {"using":"xpath","value":"//button[@data-kt=\"addBorMasterButton\"]"}
COMMAND: POST /session/b6e4a271d41c675280102fe79c7e067e/elements - {"using":"xpath","value":"//button[@data-kt=\"addBorMasterButton\"]"}
RESULT: {}
RESULT: {"using":"xpath","value":"//button[@data-kt=\"addBorMasterButton\"]"}
COMMAND: POST /session/b6e4a271d41c675280102fe79c7e067e/elements - {"using":"xpath","value":"//button[@data-kt=\"addBorMasterButton\"]"}
RESULT: {"using":"xpath","value":"//button[@data-kt=\"addBorMasterButton\"]"}
COMMAND: POST /session/b6e4a271d41c675280102fe79c7e067e/elements - {"using":"xpath","value":"//button[@data-kt=\"addBorMasterButton\"]"}
RESULT: {"using":"xpath","value":"//button[@data-kt=\"addBorMasterButton\"]"}
COMMAND: POST /session/b6e4a271d41c675280102fe79c7e067e/elements - {"using":"xpath","value":"//button[@data-kt=\"addBorMasterButton\"]"}
RESULT: {"using":"xpath","value":"//button[@data-kt=\"addBorMasterButton\"]"}
COMMAND: POST /session/b6e4a271d41c675280102fe79c7e067e/elements - {"using":"xpath","value":"//button[@data-kt=\"addBorMasterButton\"]"}
RESULT: {"using":"xpath","value":"//button[@data-kt=\"addBorMasterButton\"]"}
COMMAND: POST /session/b6e4a271d41c675280102fe79c7e067e/element - {"using":"xpath","value":"//button[@data-kt=\"addBorMasterButton\"]"}
RESULT: {"using":"xpath","value":"//button[@data-kt=\"addBorMasterButton\"]"}
COMMAND: POST /session/b6e4a271d41c675280102fe79c7e067e/execute/sync - {"script":"<script> [8489 bytes]","args":[{"element-6066-11e4-a52e-4f735466cecf":"f.1BB59C6561AF6B211B86967F1D453B60.d.4FB7012F346522658EAC8FD30EE38761.e.1972","ELEMENT":"f.1BB59C6561AF6B211B86967F1D453B60.d.4FB7012F346522658EAC8FD30EE38761.e.1972"}]}
RESULT: {"script":"<script> [8489 bytes]","args":[{"element-6066-11e4-a52e-4f735466cecf":"f.1BB59C6561AF6B211B86967F1D453B60.d.4FB7012F346522658EAC8FD30EE38761.e.1972","ELEMENT":"f.1BB59C6561AF6B211B86967F1D453B60.d.4FB7012F346522658EAC8FD30EE38761.e.1972"}]}
COMMAND: GET /session/b6e4a271d41c675280102fe79c7e067e/element/f.1BB59C6561AF6B211B86967F1D453B60.d.4FB7012F346522658EAC8FD30EE38761.e.1972/enabled - {}
COMMAND: GET /session/b6e4a271d41c675280102fe79c7e067e/screenshot - {}
RESULT: {}
COMMAND: POST /session/b6e4a271d41c675280102fe79c7e067e/execute/sync - {"script":"<script> [8489 bytes]","args":[{"element-6066-11e4-a52e-4f735466cecf":"f.1BB59C6561AF6B211B86967F1D453B60.d.4FB7012F346522658EAC8FD30EE38761.e.1972","ELEMENT":"f.1BB59C6561AF6B211B86967F1D453B60.d.4FB7012F346522658EAC8FD30EE38761.e.1972"}]}
COMMAND: GET /session/b6e4a271d41c675280102fe79c7e067e/screenshot - {}
RESULT: {}
RESULT: {"script":"<script> [8489 bytes]","args":[{"element-6066-11e4-a52e-4f735466cecf":"f.1BB59C6561AF6B211B86967F1D453B60.d.4FB7012F346522658EAC8FD30EE38761.e.1972","ELEMENT":"f.1BB59C6561AF6B211B86967F1D453B60.d.4FB7012F346522658EAC8FD30EE38761.e.1972"}]}
COMMAND: POST /session/b6e4a271d41c675280102fe79c7e067e/execute/sync - {"script":"<script> [5351 bytes]","args":[{"element-6066-11e4-a52e-4f735466cecf":"f.1BB59C6561AF6B211B86967F1D453B60.d.4FB7012F346522658EAC8FD30EE38761.e.1972","ELEMENT":"f.1BB59C6561AF6B211B86967F1D453B60.d.4FB7012F346522658EAC8FD30EE38761.e.1972"}]}
COMMAND: GET /session/b6e4a271d41c675280102fe79c7e067e/screenshot - {}
RESULT: {}
RESULT: {"script":"<script> [5351 bytes]","args":[{"element-6066-11e4-a52e-4f735466cecf":"f.1BB59C6561AF6B211B86967F1D453B60.d.4FB7012F346522658EAC8FD30EE38761.e.1972","ELEMENT":"f.1BB59C6561AF6B211B86967F1D453B60.d.4FB7012F346522658EAC8FD30EE38761.e.1972"}]}
COMMAND: POST /session/b6e4a271d41c675280102fe79c7e067e/element/f.1BB59C6561AF6B211B86967F1D453B60.d.4FB7012F346522658EAC8FD30EE38761.e.1972/click - {}
COMMAND: GET /session/b6e4a271d41c675280102fe79c7e067e/screenshot - {}
RESULT: {}
RESULT: {}
COMMAND: GET /session/b6e4a271d41c675280102fe79c7e067e/screenshot - {}
RESULT: {}
RESULT: {}
COMMAND: POST /session/b6e4a271d41c675280102fe79c7e067e/execute/async - {"script":"<script> [1562 bytes]","args":[{"selector":{"id":"application-billofresources-display-component---newBoR--typeSelect","interaction":{"idSuffix":"arrow"}},"wdio_ui5_key":"applicationbillofresources-display-component---newBoR--typeSelect"}]}
RESULT: {"script":"<script> [1562 bytes]","args":[{"selector":{"id":"application-billofresources-display-component---newBoR--typeSelect","interaction":{"idSuffix":"arrow"}},"wdio_ui5_key":"applicationbillofresources-display-component---newBoR--typeSelect"}]}
RESULT: undefined
COMMAND: POST /session/b6e4a271d41c675280102fe79c7e067e/element - {"using":"xpath","value":"//*[@id=\"application-billofresources-display-component---newBoR--typeSelect\"]"}
RESULT: {"using":"xpath","value":"//*[@id=\"application-billofresources-display-component---newBoR--typeSelect\"]"}
COMMAND: POST /session/b6e4a271d41c675280102fe79c7e067e/element/f.1BB59C6561AF6B211B86967F1D453B60.d.4FB7012F346522658EAC8FD30EE38761.e.2042/click - {}
RESULT: {}
COMMAND: POST /session/b6e4a271d41c675280102fe79c7e067e/execute/async - {"script":"<script> [1562 bytes]","args":[{"selector":{"controlType":"sap.ui.core.Item","viewName":"etm.portal.ui.billofresources.view.NewBoR","viewId":"application-billofresources-display-component---newBoR","bindingPath":{"path":"/BoRHeaderTypes('50')","propertyPath":"TYPE","modelName":"catalogModel"},"searchOpenDialogs":true},"wdio_ui5_key":"etmportal.ui.billofresources.view.NewBoRsap.ui.core.Item{\"path\":\"/BoRHeaderTypes('50')\",\"propertyPath\":\"TYPE\",\"modelName\":\"catalogModel\"}"}]}
COMMAND: GET /session/b6e4a271d41c675280102fe79c7e067e/screenshot - {}
RESULT: {"script":"<script> [1562 bytes]","args":[{"selector":{"controlType":"sap.ui.core.Item","viewName":"etm.portal.ui.billofresources.view.NewBoR","viewId":"application-billofresources-display-component---newBoR","bindingPath":{"path":"/BoRHeaderTypes('50')","propertyPath":"TYPE","modelName":"catalogModel"},"searchOpenDialogs":true},"wdio_ui5_key":"etmportal.ui.billofresources.view.NewBoRsap.ui.core.Item{\"path\":\"/BoRHeaderTypes('50')\",\"propertyPath\":\"TYPE\",\"modelName\":\"catalogModel\"}"}]}
RESULT: undefined
COMMAND: POST /session/b6e4a271d41c675280102fe79c7e067e/element - {"using":"xpath","value":"//*[@id=\"__item1046-application-billofresources-display-component---newBoR--typeSelect-4\"]"}
RESULT: {}
RESULT: {"using":"xpath","value":"//*[@id=\"__item1046-application-billofresources-display-component---newBoR--typeSelect-4\"]"}
COMMAND: POST /session/b6e4a271d41c675280102fe79c7e067e/element/f.1BB59C6561AF6B211B86967F1D453B60.d.4FB7012F346522658EAC8FD30EE38761.e.2247/click - {}
RESULT: {}
COMMAND: POST /session/b6e4a271d41c675280102fe79c7e067e/execute/async - {"script":"<script> [1562 bytes]","args":[{"selector":{"id":"application-billofresources-display-component---newBoR--headerRUInput-vhi"},"wdio_ui5_key":"applicationbillofresources-display-component---newBoR--headerRUInput-vhi"}]}
COMMAND: GET /session/b6e4a271d41c675280102fe79c7e067e/screenshot - {}
RESULT: {"script":"<script> [1562 bytes]","args":[{"selector":{"id":"application-billofresources-display-component---newBoR--headerRUInput-vhi"},"wdio_ui5_key":"applicationbillofresources-display-component---newBoR--headerRUInput-vhi"}]}
RESULT: undefined
COMMAND: POST /session/b6e4a271d41c675280102fe79c7e067e/element - {"using":"xpath","value":"//*[@id=\"application-billofresources-display-component---newBoR--headerRUInput-vhi\"]"}
RESULT: {}
RESULT: {"using":"xpath","value":"//*[@id=\"application-billofresources-display-component---newBoR--headerRUInput-vhi\"]"}
COMMAND: POST /session/b6e4a271d41c675280102fe79c7e067e/element/f.1BB59C6561AF6B211B86967F1D453B60.d.4FB7012F346522658EAC8FD30EE38761.e.2316/click - {}
RESULT: {}
COMMAND: POST /session/b6e4a271d41c675280102fe79c7e067e/execute/async - {"script":"<script> [1562 bytes]","args":[{"selector":{"id":"application-billofresources-display-component---newBoR--ruDialogSearchField","searchOpenDialogs":true,"interaction":{"idSuffix":"I"}},"wdio_ui5_key":"applicationbillofresources-display-component---newBoR--ruDialogSearchField"}]}
COMMAND: GET /session/b6e4a271d41c675280102fe79c7e067e/screenshot - {}
RESULT: {"script":"<script> [1562 bytes]","args":[{"selector":{"id":"application-billofresources-display-component---newBoR--ruDialogSearchField","searchOpenDialogs":true,"interaction":{"idSuffix":"I"}},"wdio_ui5_key":"applicationbillofresources-display-component---newBoR--ruDialogSearchField"}]}
RESULT: undefined
COMMAND: POST /session/b6e4a271d41c675280102fe79c7e067e/execute/async - {"script":"<script> [6424 bytes]","args":[{"element-6066-11e4-a52e-4f735466cecf":"f.1BB59C6561AF6B211B86967F1D453B60.d.4FB7012F346522658EAC8FD30EE38761.e.2318"},"setValue",["5SdTiI1Zp_1"]]}
RESULT: {}
RESULT: {"script":"<script> [6424 bytes]","args":[{"element-6066-11e4-a52e-4f735466cecf":"f.1BB59C6561AF6B211B86967F1D453B60.d.4FB7012F346522658EAC8FD30EE38761.e.2318"},"setValue",["5SdTiI1Zp_1"]]}
COMMAND: POST /session/b6e4a271d41c675280102fe79c7e067e/element - {"using":"xpath","value":"//div[@id=\"application-billofresources-display-component---newBoR--ruDialogSearchField-search\"]"}
RESULT: {"using":"xpath","value":"//div[@id=\"application-billofresources-display-component---newBoR--ruDialogSearchField-search\"]"}
COMMAND: POST /session/b6e4a271d41c675280102fe79c7e067e/element/f.1BB59C6561AF6B211B86967F1D453B60.d.4FB7012F346522658EAC8FD30EE38761.e.2334/click - {}
RESULT: {}
COMMAND: GET /session/b6e4a271d41c675280102fe79c7e067e/screenshot - {}
RESULT: {}
COMMAND: POST /session/b6e4a271d41c675280102fe79c7e067e/execute/async - {"script":"<script> [1562 bytes]","args":[{"selector":{"controlType":"sap.m.Text","viewName":"etm.portal.ui.billofresources.view.NewBoR","viewId":"application-billofresources-display-component---newBoR","bindingPath":{"propertyPath":"YARD_ADMIN_ID","modelName":"catalogModel"},"searchOpenDialogs":true},"wdio_ui5_key":"etmportal.ui.billofresources.view.NewBoRsap.m.Text{\"propertyPath\":\"YARD_ADMIN_ID\",\"modelName\":\"catalogModel\"}"}]}
RESULT: {"script":"<script> [1562 bytes]","args":[{"selector":{"controlType":"sap.m.Text","viewName":"etm.portal.ui.billofresources.view.NewBoR","viewId":"application-billofresources-display-component---newBoR","bindingPath":{"propertyPath":"YARD_ADMIN_ID","modelName":"catalogModel"},"searchOpenDialogs":true},"wdio_ui5_key":"etmportal.ui.billofresources.view.NewBoRsap.m.Text{\"propertyPath\":\"YARD_ADMIN_ID\",\"modelName\":\"catalogModel\"}"}]}
RESULT: undefined
COMMAND: POST /session/b6e4a271d41c675280102fe79c7e067e/element - {"using":"xpath","value":"//*[@id=\"__text1597\"]"}
RESULT: {"using":"xpath","value":"//*[@id=\"__text1597\"]"}
COMMAND: POST /session/b6e4a271d41c675280102fe79c7e067e/element/f.1BB59C6561AF6B211B86967F1D453B60.d.4FB7012F346522658EAC8FD30EE38761.e.2338/click - {}
RESULT: {}
COMMAND: POST /session/b6e4a271d41c675280102fe79c7e067e/execute/async - {"script":"<script> [1562 bytes]","args":[{"selector":{"controlType":"sap.m.Button","viewName":"etm.portal.ui.billofresources.view.NewBoR","viewId":"application-billofresources-display-component---newBoR","i18NText":{"propertyName":"text","key":"ok"},"searchOpenDialogs":true,"interaction":{"idSuffix":"BDI-content"}},"wdio_ui5_key":"etmportal.ui.billofresources.view.NewBoRsap.m.Button{\"propertyName\":\"text\",\"key\":\"ok\"}"}]}
COMMAND: GET /session/b6e4a271d41c675280102fe79c7e067e/screenshot - {}
RESULT: {"script":"<script> [1562 bytes]","args":[{"selector":{"controlType":"sap.m.Button","viewName":"etm.portal.ui.billofresources.view.NewBoR","viewId":"application-billofresources-display-component---newBoR","i18NText":{"propertyName":"text","key":"ok"},"searchOpenDialogs":true,"interaction":{"idSuffix":"BDI-content"}},"wdio_ui5_key":"etmportal.ui.billofresources.view.NewBoRsap.m.Button{\"propertyName\":\"text\",\"key\":\"ok\"}"}]}
RESULT: undefined
COMMAND: POST /session/b6e4a271d41c675280102fe79c7e067e/element - {"using":"xpath","value":"//*[@id=\"__button179\"]"}
RESULT: {}
RESULT: {"using":"xpath","value":"//*[@id=\"__button179\"]"}
COMMAND: POST /session/b6e4a271d41c675280102fe79c7e067e/element/f.1BB59C6561AF6B211B86967F1D453B60.d.4FB7012F346522658EAC8FD30EE38761.e.2341/click - {}
RESULT: {}
COMMAND: GET /session/b6e4a271d41c675280102fe79c7e067e/screenshot - {}
RESULT: {}
COMMAND: POST /session/b6e4a271d41c675280102fe79c7e067e/execute/async - {"script":"<script> [1562 bytes]","args":[{"selector":{"id":"application-billofresources-display-component---newBoR--borDescInput","interaction":{"idSuffix":"inner"}},"wdio_ui5_key":"applicationbillofresources-display-component---newBoR--borDescInput"}]}
RESULT: {"script":"<script> [1562 bytes]","args":[{"selector":{"id":"application-billofresources-display-component---newBoR--borDescInput","interaction":{"idSuffix":"inner"}},"wdio_ui5_key":"applicationbillofresources-display-component---newBoR--borDescInput"}]}
RESULT: undefined
COMMAND: POST /session/b6e4a271d41c675280102fe79c7e067e/execute/async - {"script":"<script> [776 bytes]","args":[{"enterText":"5SdTiI1Zp_1","selector":{"id":"application-billofresources-display-component---newBoR--borDescInput","interaction":{"idSuffix":"inner"}},"clearTextFirst":true,"interactionType":"ENTER_TEXT"}]}
RESULT: {"script":"<script> [776 bytes]","args":[{"enterText":"5SdTiI1Zp_1","selector":{"id":"application-billofresources-display-component---newBoR--borDescInput","interaction":{"idSuffix":"inner"}},"clearTextFirst":true,"interactionType":"ENTER_TEXT"}]}
COMMAND: POST /session/b6e4a271d41c675280102fe79c7e067e/execute/async - {"script":"<script> [1562 bytes]","args":[{"selector":{"controlType":"sap.ui.core.Icon","viewName":"etm.portal.ui.billofresources.view.NewBoR","viewId":"application-billofresources-display-component---newBoR","properties":{"src":{"regex":{"source":"add"}}},"ancestor":{"controlType":"sap.m.Button","viewName":"etm.portal.ui.billofresources.view.NewBoR","viewId":"application-billofresources-display-component---newBoR","bindingPath":{"path":"","propertyPath":"/isSelectionGroup","modelName":"tableConfig"}}},"wdio_ui5_key":"etmportal.ui.billofresources.view.NewBoRsap.ui.core.Icon{\"src\":{\"regex\":{\"source\":\"add\"}}}{\"controlType\":\"sap.m.Button\",\"viewName\":\"etm.portal.ui.billofresources.view.NewBoR\",\"viewId\":\"application-billofresources-display-component---newBoR\",\"bindingPath\":{\"path\":\"\",\"propertyPath\":\"/isSelectionGroup\",\"modelName\":\"tableConfig\"}}"}]}
RESULT: {"script":"<script> [1562 bytes]","args":[{"selector":{"controlType":"sap.ui.core.Icon","viewName":"etm.portal.ui.billofresources.view.NewBoR","viewId":"application-billofresources-display-component---newBoR","properties":{"src":{"regex":{"source":"add"}}},"ancestor":{"controlType":"sap.m.Button","viewName":"etm.portal.ui.billofresources.view.NewBoR","viewId":"application-billofresources-display-component---newBoR","bindingPath":{"path":"","propertyPath":"/isSelectionGroup","modelName":"tableConfig"}}},"wdio_ui5_key":"etmportal.ui.billofresources.view.NewBoRsap.ui.core.Icon{\"src\":{\"regex\":{\"source\":\"add\"}}}{\"controlType\":\"sap.m.Button\",\"viewName\":\"etm.portal.ui.billofresources.view.NewBoR\",\"viewId\":\"application-billofresources-display-component---newBoR\",\"bindingPath\":{\"path\":\"\",\"propertyPath\":\"/isSelectionGroup\",\"modelName\":\"tableConfig\"}}"}]}
RESULT: undefined
COMMAND: POST /session/b6e4a271d41c675280102fe79c7e067e/element - {"using":"xpath","value":"//*[@id=\"__button163-img\"]"}
RESULT: {"using":"xpath","value":"//*[@id=\"__button163-img\"]"}
COMMAND: POST /session/b6e4a271d41c675280102fe79c7e067e/element/f.1BB59C6561AF6B211B86967F1D453B60.d.4FB7012F346522658EAC8FD30EE38761.e.2353/click - {}
RESULT: {}
COMMAND: POST /session/b6e4a271d41c675280102fe79c7e067e/execute/async - {"script":"<script> [1562 bytes]","args":[{"selector":{"controlType":"sap.m.Input","viewName":"etm.portal.ui.billofresources.view.NewBoR","viewId":"application-billofresources-display-component---newBoR","bindingPath":{"path":"/ITEMS/0","propertyPath":"ITEM","modelName":"BoRModel"},"interaction":{"idSuffix":"inner"}},"wdio_ui5_key":"etmportal.ui.billofresources.view.NewBoRsap.m.Input{\"path\":\"/ITEMS/0\",\"propertyPath\":\"ITEM\",\"modelName\":\"BoRModel\"}"}]}
COMMAND: GET /session/b6e4a271d41c675280102fe79c7e067e/screenshot - {}
RESULT: {"script":"<script> [1562 bytes]","args":[{"selector":{"controlType":"sap.m.Input","viewName":"etm.portal.ui.billofresources.view.NewBoR","viewId":"application-billofresources-display-component---newBoR","bindingPath":{"path":"/ITEMS/0","propertyPath":"ITEM","modelName":"BoRModel"},"interaction":{"idSuffix":"inner"}},"wdio_ui5_key":"etmportal.ui.billofresources.view.NewBoRsap.m.Input{\"path\":\"/ITEMS/0\",\"propertyPath\":\"ITEM\",\"modelName\":\"BoRModel\"}"}]}
RESULT: undefined
COMMAND: POST /session/b6e4a271d41c675280102fe79c7e067e/execute/async - {"script":"<script> [776 bytes]","args":[{"enterText":"10","selector":{"controlType":"sap.m.Input","viewName":"etm.portal.ui.billofresources.view.NewBoR","viewId":"application-billofresources-display-component---newBoR","bindingPath":{"path":"/ITEMS/0","propertyPath":"ITEM","modelName":"BoRModel"},"interaction":{"idSuffix":"inner"}},"clearTextFirst":true,"interactionType":"ENTER_TEXT"}]}
RESULT: {}
RESULT: {"script":"<script> [776 bytes]","args":[{"enterText":"10","selector":{"controlType":"sap.m.Input","viewName":"etm.portal.ui.billofresources.view.NewBoR","viewId":"application-billofresources-display-component---newBoR","bindingPath":{"path":"/ITEMS/0","propertyPath":"ITEM","modelName":"BoRModel"},"interaction":{"idSuffix":"inner"}},"clearTextFirst":true,"interactionType":"ENTER_TEXT"}]}
COMMAND: POST /session/b6e4a271d41c675280102fe79c7e067e/element - {"using":"xpath","value":"//input[@aria-labelledby=\"application-billofresources-display-component---newBoR--itemRUComboBoxCol\"][1]"}
RESULT: {"using":"xpath","value":"//input[@aria-labelledby=\"application-billofresources-display-component---newBoR--itemRUComboBoxCol\"][1]"}
COMMAND: POST /session/b6e4a271d41c675280102fe79c7e067e/element/f.1BB59C6561AF6B211B86967F1D453B60.d.4FB7012F346522658EAC8FD30EE38761.e.2342/clear - {}
RESULT: {}
COMMAND: POST /session/b6e4a271d41c675280102fe79c7e067e/element/f.1BB59C6561AF6B211B86967F1D453B60.d.4FB7012F346522658EAC8FD30EE38761.e.2342/value - {"text":"5SdTiI1Zp_2"}
COMMAND: GET /session/b6e4a271d41c675280102fe79c7e067e/screenshot - {}
RESULT: {"text":"5SdTiI1Zp_2"}
COMMAND: GET /session/b6e4a271d41c675280102fe79c7e067e/screenshot - {}
RESULT: {}
RESULT: {}
COMMAND: POST /session/b6e4a271d41c675280102fe79c7e067e/actions - {"actions":[{"id":"action3","type":"key","parameters":{},"actions":[{"type":"keyDown","value":"î€‡"},{"type":"pause","duration":10},{"type":"keyUp","value":"î€‡"}]}]}
RESULT: {"actions":[{"id":"action3","type":"key","parameters":{},"actions":[{"type":"keyDown","value":"î€‡"},{"type":"pause","duration":10},{"type":"keyUp","value":"î€‡"}]}]}
COMMAND: POST /session/b6e4a271d41c675280102fe79c7e067e/execute/async - {"script":"<script> [1562 bytes]","args":[{"selector":{"controlType":"sap.m.Button","viewName":"etm.portal.ui.billofresources.view.NewBoR","viewId":"application-billofresources-display-component---newBoR","i18NText":{"propertyName":"text","key":"save"},"interaction":{"idSuffix":"BDI-content"}},"wdio_ui5_key":"etmportal.ui.billofresources.view.NewBoRsap.m.Button{\"propertyName\":\"text\",\"key\":\"save\"}"}]}
COMMAND: GET /session/b6e4a271d41c675280102fe79c7e067e/screenshot - {}
RESULT: {"script":"<script> [1562 bytes]","args":[{"selector":{"controlType":"sap.m.Button","viewName":"etm.portal.ui.billofresources.view.NewBoR","viewId":"application-billofresources-display-component---newBoR","i18NText":{"propertyName":"text","key":"save"},"interaction":{"idSuffix":"BDI-content"}},"wdio_ui5_key":"etmportal.ui.billofresources.view.NewBoRsap.m.Button{\"propertyName\":\"text\",\"key\":\"save\"}"}]}
RESULT: undefined
COMMAND: POST /session/b6e4a271d41c675280102fe79c7e067e/element - {"using":"xpath","value":"//*[@id=\"__button169\"]"}
RESULT: {}
RESULT: {"using":"xpath","value":"//*[@id=\"__button169\"]"}
COMMAND: POST /session/b6e4a271d41c675280102fe79c7e067e/element/f.1BB59C6561AF6B211B86967F1D453B60.d.4FB7012F346522658EAC8FD30EE38761.e.2210/click - {}
RESULT: {}
COMMAND: GET /session/b6e4a271d41c675280102fe79c7e067e/screenshot - {}
RESULT: {}
COMMAND: POST /session/b6e4a271d41c675280102fe79c7e067e/execute/async - {"script":"<script> [1562 bytes]","args":[{"selector":{"controlType":"sap.m.Text","viewName":"etm.portal.ui.billofresources.view.DetailBoR","viewId":"application-billofresources-display-component---detailBoR","bindingPath":{"propertyPath":"LINK_TO_RESOURCE_UNITS/LINK_TO_RU_STATE/STATE_DESCR","modelName":"catalogModel"}},"wdio_ui5_key":"etmportal.ui.billofresources.view.DetailBoRsap.m.Text{\"propertyPath\":\"LINK_TO_RESOURCE_UNITS/LINK_TO_RU_STATE/STATE_DESCR\",\"modelName\":\"catalogModel\"}"}]}
RESULT: {"script":"<script> [1562 bytes]","args":[{"selector":{"controlType":"sap.m.Text","viewName":"etm.portal.ui.billofresources.view.DetailBoR","viewId":"application-billofresources-display-component---detailBoR","bindingPath":{"propertyPath":"LINK_TO_RESOURCE_UNITS/LINK_TO_RU_STATE/STATE_DESCR","modelName":"catalogModel"}},"wdio_ui5_key":"etmportal.ui.billofresources.view.DetailBoRsap.m.Text{\"propertyPath\":\"LINK_TO_RESOURCE_UNITS/LINK_TO_RU_STATE/STATE_DESCR\",\"modelName\":\"catalogModel\"}"}]}
RESULT: undefined
COMMAND: POST /session/b6e4a271d41c675280102fe79c7e067e/execute/async - {"script":"<script> [6424 bytes]","args":[{"element-6066-11e4-a52e-4f735466cecf":"f.1BB59C6561AF6B211B86967F1D453B60.d.4FB7012F346522658EAC8FD30EE38761.e.2636"},"getText",[]]}
RESULT: {"script":"<script> [6424 bytes]","args":[{"element-6066-11e4-a52e-4f735466cecf":"f.1BB59C6561AF6B211B86967F1D453B60.d.4FB7012F346522658EAC8FD30EE38761.e.2636"},"getText",[]]}
]]></system-out>
    </testcase>
    <testcase classname="chrome.135_0_7049_96.windows.Bill_of_Resources_tests_for_bundle_creation_&amp;_replenishment_US131067_US131070" name="Should create replenishment handover from BOR US131070" time="67.875">
      <system-out><![CDATA[
COMMAND: POST /session/b6e4a271d41c675280102fe79c7e067e/execute/async - {"script":"<script> [1562 bytes]","args":[{"selector":{"controlType":"sap.m.Button","viewName":"etm.portal.ui.billofresources.view.DetailBoR","viewId":"application-billofresources-display-component---detailBoR","i18NText":{"propertyName":"text","key":"replenish"},"interaction":{"idSuffix":"BDI-content"}},"wdio_ui5_key":"etmportal.ui.billofresources.view.DetailBoRsap.m.Button{\"propertyName\":\"text\",\"key\":\"replenish\"}"}]}
RESULT: {"script":"<script> [1562 bytes]","args":[{"selector":{"controlType":"sap.m.Button","viewName":"etm.portal.ui.billofresources.view.DetailBoR","viewId":"application-billofresources-display-component---detailBoR","i18NText":{"propertyName":"text","key":"replenish"},"interaction":{"idSuffix":"BDI-content"}},"wdio_ui5_key":"etmportal.ui.billofresources.view.DetailBoRsap.m.Button{\"propertyName\":\"text\",\"key\":\"replenish\"}"}]}
RESULT: undefined
COMMAND: POST /session/b6e4a271d41c675280102fe79c7e067e/element - {"using":"xpath","value":"//*[@id=\"__button183\"]"}
RESULT: {"using":"xpath","value":"//*[@id=\"__button183\"]"}
COMMAND: POST /session/b6e4a271d41c675280102fe79c7e067e/element/f.1BB59C6561AF6B211B86967F1D453B60.d.4FB7012F346522658EAC8FD30EE38761.e.2638/click - {}
RESULT: {}
COMMAND: GET /session/b6e4a271d41c675280102fe79c7e067e/screenshot - {}
RESULT: {}
COMMAND: POST /session/b6e4a271d41c675280102fe79c7e067e/execute/async - {"script":"<script> [1562 bytes]","args":[{"selector":{"controlType":"sap.m.Button","viewName":"etm.portal.ui.billofresources.view.DetailBoR","viewId":"application-billofresources-display-component---detailBoR","i18NText":{"propertyName":"text","key":"execute"},"interaction":{"idSuffix":"BDI-content"}},"wdio_ui5_key":"etmportal.ui.billofresources.view.DetailBoRsap.m.Button{\"propertyName\":\"text\",\"key\":\"execute\"}"}]}
RESULT: {"script":"<script> [1562 bytes]","args":[{"selector":{"controlType":"sap.m.Button","viewName":"etm.portal.ui.billofresources.view.DetailBoR","viewId":"application-billofresources-display-component---detailBoR","i18NText":{"propertyName":"text","key":"execute"},"interaction":{"idSuffix":"BDI-content"}},"wdio_ui5_key":"etmportal.ui.billofresources.view.DetailBoRsap.m.Button{\"propertyName\":\"text\",\"key\":\"execute\"}"}]}
RESULT: undefined
COMMAND: POST /session/b6e4a271d41c675280102fe79c7e067e/element - {"using":"xpath","value":"//*[@id=\"__button199\"]"}
RESULT: {"using":"xpath","value":"//*[@id=\"__button199\"]"}
COMMAND: POST /session/b6e4a271d41c675280102fe79c7e067e/element/f.1BB59C6561AF6B211B86967F1D453B60.d.4FB7012F346522658EAC8FD30EE38761.e.2657/click - {}
RESULT: {}
COMMAND: GET /session/b6e4a271d41c675280102fe79c7e067e/screenshot - {}
RESULT: {}
COMMAND: POST /session/b6e4a271d41c675280102fe79c7e067e/execute/async - {"script":"<script> [1562 bytes]","args":[{"selector":{"controlType":"sap.m.Text","viewName":"etm.portal.ui.managehandovers.view.DetailExecuteHO","bindingPath":{"path":"","propertyPath":"NO","modelName":"catalogModel"}},"wdio_ui5_key":"etmportal.ui.managehandovers.view.DetailExecuteHOsap.m.Text{\"path\":\"\",\"propertyPath\":\"NO\",\"modelName\":\"catalogModel\"}"}]}
RESULT: {"script":"<script> [1562 bytes]","args":[{"selector":{"controlType":"sap.m.Text","viewName":"etm.portal.ui.managehandovers.view.DetailExecuteHO","bindingPath":{"path":"","propertyPath":"NO","modelName":"catalogModel"}},"wdio_ui5_key":"etmportal.ui.managehandovers.view.DetailExecuteHOsap.m.Text{\"path\":\"\",\"propertyPath\":\"NO\",\"modelName\":\"catalogModel\"}"}]}
RESULT: undefined
COMMAND: POST /session/b6e4a271d41c675280102fe79c7e067e/execute/async - {"script":"<script> [6424 bytes]","args":[{"element-6066-11e4-a52e-4f735466cecf":"f.1BB59C6561AF6B211B86967F1D453B60.d.4FB7012F346522658EAC8FD30EE38761.e.2980"},"getText",[]]}
RESULT: {"script":"<script> [6424 bytes]","args":[{"element-6066-11e4-a52e-4f735466cecf":"f.1BB59C6561AF6B211B86967F1D453B60.d.4FB7012F346522658EAC8FD30EE38761.e.2980"},"getText",[]]}
COMMAND: POST /session/b6e4a271d41c675280102fe79c7e067e/element - {"using":"xpath","value":"//button[@data-kt=\"PickingTableConfirmAllButton\"]"}
RESULT: {"using":"xpath","value":"//button[@data-kt=\"PickingTableConfirmAllButton\"]"}
COMMAND: POST /session/b6e4a271d41c675280102fe79c7e067e/element/f.1BB59C6561AF6B211B86967F1D453B60.d.4FB7012F346522658EAC8FD30EE38761.e.2981/click - {}
RESULT: {}
COMMAND: GET /session/b6e4a271d41c675280102fe79c7e067e/screenshot - {}
RESULT: {}
COMMAND: POST /session/b6e4a271d41c675280102fe79c7e067e/element - {"using":"xpath","value":"//bdi[contains(text(), \"OK\")]"}
RESULT: {"using":"xpath","value":"//bdi[contains(text(), \"OK\")]"}
COMMAND: POST /session/b6e4a271d41c675280102fe79c7e067e/element/f.1BB59C6561AF6B211B86967F1D453B60.d.4FB7012F346522658EAC8FD30EE38761.e.2984/click - {}
RESULT: {}
COMMAND: GET /session/b6e4a271d41c675280102fe79c7e067e/screenshot - {}
RESULT: {}
COMMAND: POST /session/b6e4a271d41c675280102fe79c7e067e/element - {"using":"xpath","value":"(//bdi[contains(text(), \"Pick\")])[1]"}
RESULT: {"using":"xpath","value":"(//bdi[contains(text(), \"Pick\")])[1]"}
COMMAND: POST /session/b6e4a271d41c675280102fe79c7e067e/element/f.1BB59C6561AF6B211B86967F1D453B60.d.4FB7012F346522658EAC8FD30EE38761.e.2986/click - {}
RESULT: {}
COMMAND: GET /session/b6e4a271d41c675280102fe79c7e067e/screenshot - {}
RESULT: {}
COMMAND: POST /session/b6e4a271d41c675280102fe79c7e067e/execute/async - {"script":"<script> [1562 bytes]","args":[{"selector":{"controlType":"sap.m.SearchField","viewName":"etm.portal.ui.managehandovers.view.MasterHO","bindingPath":{"propertyPath":"/_BASIC_SEARCH_FIELD","modelName":"fi1t3rM0d31"},"interaction":{"idSuffix":"I"}},"wdio_ui5_key":"etmportal.ui.managehandovers.view.MasterHOsap.m.SearchField{\"propertyPath\":\"/_BASIC_SEARCH_FIELD\",\"modelName\":\"fi1t3rM0d31\"}"}]}
RESULT: {"script":"<script> [1562 bytes]","args":[{"selector":{"controlType":"sap.m.SearchField","viewName":"etm.portal.ui.managehandovers.view.MasterHO","bindingPath":{"propertyPath":"/_BASIC_SEARCH_FIELD","modelName":"fi1t3rM0d31"},"interaction":{"idSuffix":"I"}},"wdio_ui5_key":"etmportal.ui.managehandovers.view.MasterHOsap.m.SearchField{\"propertyPath\":\"/_BASIC_SEARCH_FIELD\",\"modelName\":\"fi1t3rM0d31\"}"}]}
RESULT: undefined
COMMAND: POST /session/b6e4a271d41c675280102fe79c7e067e/execute/async - {"script":"<script> [776 bytes]","args":[{"enterText":"30610","selector":{"controlType":"sap.m.SearchField","viewName":"etm.portal.ui.managehandovers.view.MasterHO","bindingPath":{"propertyPath":"/_BASIC_SEARCH_FIELD","modelName":"fi1t3rM0d31"},"interaction":{"idSuffix":"I"}},"clearTextFirst":true,"interactionType":"ENTER_TEXT"}]}
RESULT: {"script":"<script> [776 bytes]","args":[{"enterText":"30610","selector":{"controlType":"sap.m.SearchField","viewName":"etm.portal.ui.managehandovers.view.MasterHO","bindingPath":{"propertyPath":"/_BASIC_SEARCH_FIELD","modelName":"fi1t3rM0d31"},"interaction":{"idSuffix":"I"}},"clearTextFirst":true,"interactionType":"ENTER_TEXT"}]}
COMMAND: POST /session/b6e4a271d41c675280102fe79c7e067e/actions - {"actions":[{"id":"action4","type":"key","parameters":{},"actions":[{"type":"keyDown","value":"î€‡"},{"type":"pause","duration":10},{"type":"keyUp","value":"î€‡"}]}]}
RESULT: {"actions":[{"id":"action4","type":"key","parameters":{},"actions":[{"type":"keyDown","value":"î€‡"},{"type":"pause","duration":10},{"type":"keyUp","value":"î€‡"}]}]}
COMMAND: GET /session/b6e4a271d41c675280102fe79c7e067e/screenshot - {}
RESULT: {}
COMMAND: POST /session/b6e4a271d41c675280102fe79c7e067e/execute/async - {"script":"<script> [1562 bytes]","args":[{"selector":{"controlType":"sap.ui.core.Icon","viewName":"etm.portal.ui.managehandovers.view.MasterHO","properties":{"src":{"regex":{"source":"slim\\-arrow\\-right"}}}},"wdio_ui5_key":"etmportal.ui.managehandovers.view.MasterHOsap.ui.core.Icon{\"src\":{\"regex\":{\"source\":\"slim\\\\-arrow\\\\-right\"}}}"}]}
RESULT: {"script":"<script> [1562 bytes]","args":[{"selector":{"controlType":"sap.ui.core.Icon","viewName":"etm.portal.ui.managehandovers.view.MasterHO","properties":{"src":{"regex":{"source":"slim\\-arrow\\-right"}}}},"wdio_ui5_key":"etmportal.ui.managehandovers.view.MasterHOsap.ui.core.Icon{\"src\":{\"regex\":{\"source\":\"slim\\\\-arrow\\\\-right\"}}}"}]}
RESULT: undefined
COMMAND: POST /session/b6e4a271d41c675280102fe79c7e067e/element - {"using":"xpath","value":"//*[@id=\"__item1323-__clone3013-imgNav\"]"}
RESULT: {"using":"xpath","value":"//*[@id=\"__item1323-__clone3013-imgNav\"]"}
COMMAND: POST /session/b6e4a271d41c675280102fe79c7e067e/element/f.1BB59C6561AF6B211B86967F1D453B60.d.4FB7012F346522658EAC8FD30EE38761.e.3179/click - {}
RESULT: {}
COMMAND: POST /session/b6e4a271d41c675280102fe79c7e067e/execute/async - {"script":"<script> [1562 bytes]","args":[{"selector":{"controlType":"sap.m.ObjectStatus","viewName":"etm.portal.ui.managehandovers.view.DetailExecuteHO","bindingPath":{"path":"","propertyPath":"LINK_TO_STATUS/DESCRIPTION","modelName":"catalogModel"}},"wdio_ui5_key":"etmportal.ui.managehandovers.view.DetailExecuteHOsap.m.ObjectStatus{\"path\":\"\",\"propertyPath\":\"LINK_TO_STATUS/DESCRIPTION\",\"modelName\":\"catalogModel\"}"}]}
COMMAND: GET /session/b6e4a271d41c675280102fe79c7e067e/screenshot - {}
RESULT: {"script":"<script> [1562 bytes]","args":[{"selector":{"controlType":"sap.m.ObjectStatus","viewName":"etm.portal.ui.managehandovers.view.DetailExecuteHO","bindingPath":{"path":"","propertyPath":"LINK_TO_STATUS/DESCRIPTION","modelName":"catalogModel"}},"wdio_ui5_key":"etmportal.ui.managehandovers.view.DetailExecuteHOsap.m.ObjectStatus{\"path\":\"\",\"propertyPath\":\"LINK_TO_STATUS/DESCRIPTION\",\"modelName\":\"catalogModel\"}"}]}
RESULT: undefined
COMMAND: POST /session/b6e4a271d41c675280102fe79c7e067e/execute/async - {"script":"<script> [6424 bytes]","args":[{"element-6066-11e4-a52e-4f735466cecf":"f.1BB59C6561AF6B211B86967F1D453B60.d.4FB7012F346522658EAC8FD30EE38761.e.3213"},"getText",[]]}
RESULT: {}
RESULT: {"script":"<script> [6424 bytes]","args":[{"element-6066-11e4-a52e-4f735466cecf":"f.1BB59C6561AF6B211B86967F1D453B60.d.4FB7012F346522658EAC8FD30EE38761.e.3213"},"getText",[]]}
COMMAND: POST /session/b6e4a271d41c675280102fe79c7e067e/element - {"using":"xpath","value":"//button[@data-kt=\"PickingTableConfirmAllButton\"]"}
RESULT: {"using":"xpath","value":"//button[@data-kt=\"PickingTableConfirmAllButton\"]"}
COMMAND: POST /session/b6e4a271d41c675280102fe79c7e067e/element/f.1BB59C6561AF6B211B86967F1D453B60.d.4FB7012F346522658EAC8FD30EE38761.e.3203/click - {}
RESULT: {}
COMMAND: GET /session/b6e4a271d41c675280102fe79c7e067e/screenshot - {}
RESULT: {}
COMMAND: POST /session/b6e4a271d41c675280102fe79c7e067e/element - {"using":"xpath","value":"//bdi[contains(text(), \"OK\")]"}
RESULT: {"using":"xpath","value":"//bdi[contains(text(), \"OK\")]"}
COMMAND: POST /session/b6e4a271d41c675280102fe79c7e067e/element/f.1BB59C6561AF6B211B86967F1D453B60.d.4FB7012F346522658EAC8FD30EE38761.e.3217/click - {}
RESULT: {}
COMMAND: GET /session/b6e4a271d41c675280102fe79c7e067e/screenshot - {}
RESULT: {}
COMMAND: POST /session/b6e4a271d41c675280102fe79c7e067e/element - {"using":"xpath","value":"(//bdi[contains(text(), \"Issue\")])[1]"}
RESULT: {"using":"xpath","value":"(//bdi[contains(text(), \"Issue\")])[1]"}
COMMAND: POST /session/b6e4a271d41c675280102fe79c7e067e/element/f.1BB59C6561AF6B211B86967F1D453B60.d.4FB7012F346522658EAC8FD30EE38761.e.3219/click - {}
RESULT: {}
COMMAND: GET /session/b6e4a271d41c675280102fe79c7e067e/screenshot - {}
RESULT: {}
COMMAND: POST /session/b6e4a271d41c675280102fe79c7e067e/element - {"using":"xpath","value":"//span[contains(@id, \"smartTable-header-inner\")]"}
RESULT: {"using":"xpath","value":"//span[contains(@id, \"smartTable-header-inner\")]"}
COMMAND: POST /session/b6e4a271d41c675280102fe79c7e067e/elements - {"using":"xpath","value":"//span[contains(@id, \"smartTable-header-inner\")]"}
RESULT: {"using":"xpath","value":"//span[contains(@id, \"smartTable-header-inner\")]"}
COMMAND: POST /session/b6e4a271d41c675280102fe79c7e067e/execute/sync - {"script":"<script> [56 bytes]","args":[{"element-6066-11e4-a52e-4f735466cecf":"f.1BB59C6561AF6B211B86967F1D453B60.d.4FB7012F346522658EAC8FD30EE38761.e.3257","ELEMENT":"f.1BB59C6561AF6B211B86967F1D453B60.d.4FB7012F346522658EAC8FD30EE38761.e.3257"}]}
RESULT: {"script":"<script> [56 bytes]","args":[{"element-6066-11e4-a52e-4f735466cecf":"f.1BB59C6561AF6B211B86967F1D453B60.d.4FB7012F346522658EAC8FD30EE38761.e.3257","ELEMENT":"f.1BB59C6561AF6B211B86967F1D453B60.d.4FB7012F346522658EAC8FD30EE38761.e.3257"}]}
COMMAND: POST /session/b6e4a271d41c675280102fe79c7e067e/elements - {"using":"xpath","value":"//thead[contains(@class, \"sapMTableTH\")]/tr/th"}
COMMAND: GET /session/b6e4a271d41c675280102fe79c7e067e/screenshot - {}
RESULT: {"using":"xpath","value":"//thead[contains(@class, \"sapMTableTH\")]/tr/th"}
COMMAND: GET /session/b6e4a271d41c675280102fe79c7e067e/element/f.1BB59C6561AF6B211B86967F1D453B60.d.4FB7012F346522658EAC8FD30EE38761.e.3258/text - {}
RESULT: {}
RESULT: {}
COMMAND: GET /session/b6e4a271d41c675280102fe79c7e067e/element/f.1BB59C6561AF6B211B86967F1D453B60.d.4FB7012F346522658EAC8FD30EE38761.e.3259/text - {}
RESULT: {}
COMMAND: GET /session/b6e4a271d41c675280102fe79c7e067e/element/f.1BB59C6561AF6B211B86967F1D453B60.d.4FB7012F346522658EAC8FD30EE38761.e.2771/text - {}
RESULT: {}
COMMAND: GET /session/b6e4a271d41c675280102fe79c7e067e/element/f.1BB59C6561AF6B211B86967F1D453B60.d.4FB7012F346522658EAC8FD30EE38761.e.2773/text - {}
RESULT: {}
COMMAND: GET /session/b6e4a271d41c675280102fe79c7e067e/element/f.1BB59C6561AF6B211B86967F1D453B60.d.4FB7012F346522658EAC8FD30EE38761.e.3224/text - {}
RESULT: {}
COMMAND: GET /session/b6e4a271d41c675280102fe79c7e067e/element/f.1BB59C6561AF6B211B86967F1D453B60.d.4FB7012F346522658EAC8FD30EE38761.e.3225/text - {}
RESULT: {}
COMMAND: GET /session/b6e4a271d41c675280102fe79c7e067e/element/f.1BB59C6561AF6B211B86967F1D453B60.d.4FB7012F346522658EAC8FD30EE38761.e.3226/text - {}
RESULT: {}
COMMAND: GET /session/b6e4a271d41c675280102fe79c7e067e/element/f.1BB59C6561AF6B211B86967F1D453B60.d.4FB7012F346522658EAC8FD30EE38761.e.3227/text - {}
RESULT: {}
COMMAND: GET /session/b6e4a271d41c675280102fe79c7e067e/element/f.1BB59C6561AF6B211B86967F1D453B60.d.4FB7012F346522658EAC8FD30EE38761.e.3228/text - {}
RESULT: {}
COMMAND: GET /session/b6e4a271d41c675280102fe79c7e067e/element/f.1BB59C6561AF6B211B86967F1D453B60.d.4FB7012F346522658EAC8FD30EE38761.e.3229/text - {}
RESULT: {}
COMMAND: GET /session/b6e4a271d41c675280102fe79c7e067e/element/f.1BB59C6561AF6B211B86967F1D453B60.d.4FB7012F346522658EAC8FD30EE38761.e.3230/text - {}
RESULT: {}
COMMAND: GET /session/b6e4a271d41c675280102fe79c7e067e/element/f.1BB59C6561AF6B211B86967F1D453B60.d.4FB7012F346522658EAC8FD30EE38761.e.3231/text - {}
RESULT: {}
COMMAND: GET /session/b6e4a271d41c675280102fe79c7e067e/element/f.1BB59C6561AF6B211B86967F1D453B60.d.4FB7012F346522658EAC8FD30EE38761.e.3232/text - {}
RESULT: {}
COMMAND: GET /session/b6e4a271d41c675280102fe79c7e067e/element/f.1BB59C6561AF6B211B86967F1D453B60.d.4FB7012F346522658EAC8FD30EE38761.e.2774/text - {}
RESULT: {}
COMMAND: POST /session/b6e4a271d41c675280102fe79c7e067e/element - {"using":"xpath","value":"//tbody[contains(@id, \"customHandoversTable-tblBody\")]/tr[1]/td[14]/div/span"}
RESULT: {"using":"xpath","value":"//tbody[contains(@id, \"customHandoversTable-tblBody\")]/tr[1]/td[14]/div/span"}
COMMAND: POST /session/b6e4a271d41c675280102fe79c7e067e/execute/sync - {"script":"<script> [56 bytes]","args":[{"element-6066-11e4-a52e-4f735466cecf":"f.1BB59C6561AF6B211B86967F1D453B60.d.4FB7012F346522658EAC8FD30EE38761.e.3296","ELEMENT":"f.1BB59C6561AF6B211B86967F1D453B60.d.4FB7012F346522658EAC8FD30EE38761.e.3296"}]}
RESULT: {"script":"<script> [56 bytes]","args":[{"element-6066-11e4-a52e-4f735466cecf":"f.1BB59C6561AF6B211B86967F1D453B60.d.4FB7012F346522658EAC8FD30EE38761.e.3296","ELEMENT":"f.1BB59C6561AF6B211B86967F1D453B60.d.4FB7012F346522658EAC8FD30EE38761.e.3296"}]}
COMMAND: POST /session/b6e4a271d41c675280102fe79c7e067e/element - {"using":"css selector","value":"#shell-header-logo"}
COMMAND: GET /session/b6e4a271d41c675280102fe79c7e067e/screenshot - {}
RESULT: {"using":"css selector","value":"#shell-header-logo"}
COMMAND: POST /session/b6e4a271d41c675280102fe79c7e067e/element/f.1BB59C6561AF6B211B86967F1D453B60.d.4FB7012F346522658EAC8FD30EE38761.e.1926/click - {}
RESULT: {}
RESULT: {}
COMMAND: GET /session/b6e4a271d41c675280102fe79c7e067e/screenshot - {}
RESULT: {}
COMMAND: POST /session/b6e4a271d41c675280102fe79c7e067e/element - {"using":"css selector","value":"#j_username"}
COMMAND: POST /session/b6e4a271d41c675280102fe79c7e067e/url - {"url":"https://qa-testing-00-live-etm-ui.cfapps.eu10-004.hana.ondemand.com/"}
RESULT: {"using":"css selector","value":"#j_username"}
COMMAND: POST /session/b6e4a271d41c675280102fe79c7e067e/element - {"using":"css selector","value":"#j_username"}
RESULT: {"url":"https://qa-testing-00-live-etm-ui.cfapps.eu10-004.hana.ondemand.com/"}
RESULT: undefined
COMMAND: GET /session/b6e4a271d41c675280102fe79c7e067e/screenshot - {}
RESULT: {"using":"css selector","value":"#j_username"}
COMMAND: POST /session/b6e4a271d41c675280102fe79c7e067e/element - {"using":"css selector","value":"#shell-header-logo"}
RESULT: {}
RESULT: {"using":"css selector","value":"#shell-header-logo"}
COMMAND: POST /session/b6e4a271d41c675280102fe79c7e067e/execute/sync - {"script":"<script> [8489 bytes]","args":[{"element-6066-11e4-a52e-4f735466cecf":"f.1BB59C6561AF6B211B86967F1D453B60.d.597CF40C2147FC8A9B6C35FA9702687F.e.3308","ELEMENT":"f.1BB59C6561AF6B211B86967F1D453B60.d.597CF40C2147FC8A9B6C35FA9702687F.e.3308"}]}
RESULT: {"script":"<script> [8489 bytes]","args":[{"element-6066-11e4-a52e-4f735466cecf":"f.1BB59C6561AF6B211B86967F1D453B60.d.597CF40C2147FC8A9B6C35FA9702687F.e.3308","ELEMENT":"f.1BB59C6561AF6B211B86967F1D453B60.d.597CF40C2147FC8A9B6C35FA9702687F.e.3308"}]}
COMMAND: POST /session/b6e4a271d41c675280102fe79c7e067e/element - {"using":"css selector","value":"#shell-header-logo"}
COMMAND: GET /session/b6e4a271d41c675280102fe79c7e067e/screenshot - {}
RESULT: {"using":"css selector","value":"#shell-header-logo"}
COMMAND: POST /session/b6e4a271d41c675280102fe79c7e067e/execute/sync - {"script":"<script> [8489 bytes]","args":[{"element-6066-11e4-a52e-4f735466cecf":"f.1BB59C6561AF6B211B86967F1D453B60.d.597CF40C2147FC8A9B6C35FA9702687F.e.3308","ELEMENT":"f.1BB59C6561AF6B211B86967F1D453B60.d.597CF40C2147FC8A9B6C35FA9702687F.e.3308"}]}
RESULT: {}
RESULT: {"script":"<script> [8489 bytes]","args":[{"element-6066-11e4-a52e-4f735466cecf":"f.1BB59C6561AF6B211B86967F1D453B60.d.597CF40C2147FC8A9B6C35FA9702687F.e.3308","ELEMENT":"f.1BB59C6561AF6B211B86967F1D453B60.d.597CF40C2147FC8A9B6C35FA9702687F.e.3308"}]}
COMMAND: POST /session/b6e4a271d41c675280102fe79c7e067e/execute/sync - {"script":"<script> [5351 bytes]","args":[{"element-6066-11e4-a52e-4f735466cecf":"f.1BB59C6561AF6B211B86967F1D453B60.d.597CF40C2147FC8A9B6C35FA9702687F.e.3308","ELEMENT":"f.1BB59C6561AF6B211B86967F1D453B60.d.597CF40C2147FC8A9B6C35FA9702687F.e.3308"}]}
COMMAND: GET /session/b6e4a271d41c675280102fe79c7e067e/screenshot - {}
RESULT: {"script":"<script> [5351 bytes]","args":[{"element-6066-11e4-a52e-4f735466cecf":"f.1BB59C6561AF6B211B86967F1D453B60.d.597CF40C2147FC8A9B6C35FA9702687F.e.3308","ELEMENT":"f.1BB59C6561AF6B211B86967F1D453B60.d.597CF40C2147FC8A9B6C35FA9702687F.e.3308"}]}
COMMAND: POST /session/b6e4a271d41c675280102fe79c7e067e/element - {"using":"css selector","value":"#shell-header-logo"}
COMMAND: GET /session/b6e4a271d41c675280102fe79c7e067e/screenshot - {}
RESULT: {}
RESULT: {"using":"css selector","value":"#shell-header-logo"}
COMMAND: POST /session/b6e4a271d41c675280102fe79c7e067e/element/f.1BB59C6561AF6B211B86967F1D453B60.d.597CF40C2147FC8A9B6C35FA9702687F.e.3308/click - {}
RESULT: {}
RESULT: {}
COMMAND: GET /session/b6e4a271d41c675280102fe79c7e067e/screenshot - {}
RESULT: {}
COMMAND: POST /session/b6e4a271d41c675280102fe79c7e067e/execute/async - {"script":"<script> [189 bytes]","args":[]}
RESULT: {"script":"<script> [189 bytes]","args":[]}
COMMAND: POST /session/b6e4a271d41c675280102fe79c7e067e/execute/async - {"script":"<script> [123 bytes]","args":[]}
RESULT: {"script":"<script> [123 bytes]","args":[]}
COMMAND: POST /session/b6e4a271d41c675280102fe79c7e067e/timeouts - {"script":"<number>"}
RESULT: {"script":"<number>"}
COMMAND: GET /session/b6e4a271d41c675280102fe79c7e067e/timeouts - {}
RESULT: {}
RESULT: undefined
COMMAND: POST /session/b6e4a271d41c675280102fe79c7e067e/execute/async - {"script":"<script> [2676 bytes]","args":[]}
RESULT: {"script":"<script> [2676 bytes]","args":[]}
COMMAND: POST /session/b6e4a271d41c675280102fe79c7e067e/execute/async - {"script":"<script> [2342 bytes]","args":[{"protocol":"http","hostname":"0.0.0.0","path":"/","capabilities":{"browserName":"chrome","goog:chromeOptions":{"binary":"C:\\Program Files\\Google\\Chrome\\Application\\chrome.exe","args":["--start-maximized"]}},"logLevel":"warn","connectionRetryTimeout":120000,"connectionRetryCount":3,"logLevels":{},"enableDirectConnect":true,"strictSSL":true,"_":"65 more keys: [\"cacheDir\",\"port\",\"requestedCapabilities\",\"automationProtocol\",\"baseUrl\",\"waitforInterval\",\"waitforTimeout\",\"onReload\",\"beforeCommand\",\"afterCommand\",\"rootDir\",\"specs\",\"suites\",\"exclude\",\"groupLogsByTestSpec\",\"excludeDriverLogs\",\"bail\",\"framework\",\"reporters\",\"services\",\"maxInstances\",\"maxInstancesPerCapability\",\"injectGlobals\",\"filesToWatch\",\"execArgv\",\"runnerEnv\",\"runner\",\"shard\",\"specFileRetries\",\"specFileRetriesDelay\",\"specFileRetriesDeferred\",\"reporterSyncInterval\",\"reporterSyncTimeout\",\"cucumberFeaturesWithLineNumbers\",\"autoCompileOpts\",\"mochaOpts\",\"jasmineOpts\",\"cucumberOpts\",\"onPrepare\",\"onWorkerStart\",\"onWorkerEnd\",\"before\",\"beforeSession\",\"beforeSuite\",\"beforeHook\",\"beforeTest\",\"afterTest\",\"afterHook\",\"afterSuite\",\"afterSession\",\"after\",\"onComplete\",\"beforeAssertion\",\"afterAssertion\",\"beforeFeature\",\"beforeScenario\",\"beforeStep\",\"afterStep\",\"afterScenario\",\"afterFeature\",\"_\",\"suite\",\"$0\",\"ignoredWorkerServices\",\"wdi5\"]"}]}
RESULT: {"script":"<script> [2342 bytes]","args":[{"protocol":"http","hostname":"0.0.0.0","path":"/","capabilities":{"browserName":"chrome","goog:chromeOptions":{"binary":"C:\\Program Files\\Google\\Chrome\\Application\\chrome.exe","args":["--start-maximized"]}},"logLevel":"warn","connectionRetryTimeout":120000,"connectionRetryCount":3,"logLevels":{},"enableDirectConnect":true,"strictSSL":true,"_":"65 more keys: [\"cacheDir\",\"port\",\"requestedCapabilities\",\"automationProtocol\",\"baseUrl\",\"waitforInterval\",\"waitforTimeout\",\"onReload\",\"beforeCommand\",\"afterCommand\",\"rootDir\",\"specs\",\"suites\",\"exclude\",\"groupLogsByTestSpec\",\"excludeDriverLogs\",\"bail\",\"framework\",\"reporters\",\"services\",\"maxInstances\",\"maxInstancesPerCapability\",\"injectGlobals\",\"filesToWatch\",\"execArgv\",\"runnerEnv\",\"runner\",\"shard\",\"specFileRetries\",\"specFileRetriesDelay\",\"specFileRetriesDeferred\",\"reporterSyncInterval\",\"reporterSyncTimeout\",\"cucumberFeaturesWithLineNumbers\",\"autoCompileOpts\",\"mochaOpts\",\"jasmineOpts\",\"cucumberOpts\",\"onPrepare\",\"onWorkerStart\",\"onWorkerEnd\",\"before\",\"beforeSession\",\"beforeSuite\",\"beforeHook\",\"beforeTest\",\"afterTest\",\"afterHook\",\"afterSuite\",\"afterSession\",\"after\",\"onComplete\",\"beforeAssertion\",\"afterAssertion\",\"beforeFeature\",\"beforeScenario\",\"beforeStep\",\"afterStep\",\"afterScenario\",\"afterFeature\",\"_\",\"suite\",\"$0\",\"ignoredWorkerServices\",\"wdi5\"]"}]}
COMMAND: POST /session/b6e4a271d41c675280102fe79c7e067e/execute/async - {"script":"<script> [21126 bytes]","args":[35000]}
RESULT: {"script":"<script> [21126 bytes]","args":[35000]}
COMMAND: POST /session/b6e4a271d41c675280102fe79c7e067e/window/maximize - {}
RESULT: {}
COMMAND: POST /session/b6e4a271d41c675280102fe79c7e067e/execute/async - {"script":"<script> [1562 bytes]","args":[{"selector":{"id":"shell-header","interaction":{"idSuffix":"icon"}},"wdio_ui5_key":"shellheader"}]}
COMMAND: GET /session/b6e4a271d41c675280102fe79c7e067e/screenshot - {}
RESULT: {"script":"<script> [1562 bytes]","args":[{"selector":{"id":"shell-header","interaction":{"idSuffix":"icon"}},"wdio_ui5_key":"shellheader"}]}
RESULT: undefined
COMMAND: POST /session/b6e4a271d41c675280102fe79c7e067e/window/fullscreen - {}
RESULT: {}
RESULT: {}
]]></system-out>
    </testcase>
  </testsuite>
  <testsuite timestamp="2025-05-01T16:33:07" time="158.251" tests="1" failures="0" errors="0" skipped="0">
    <properties>
      <property name="specId" value="0" />
      <property name="suiteName" value="Bill of Resources Completeness check of created bundle US131059" />
      <property name="capabilities" value="chrome.135_0_7049_96.windows" />
      <property name="file" value="file:///D:/a/1/s/test/specs/HTR/bor-completeness-check.spec.js" />
    </properties>
    <testcase classname="chrome.135_0_7049_96.windows.Bill_of_Resources_Completeness_check_of_created_bundle_US131059" name="Should check the completeness of bundle created US131059" time="143.399">
      <system-out><![CDATA[
COMMAND: POST /session/b6e4a271d41c675280102fe79c7e067e/execute/async - {"script":"<script> [1562 bytes]","args":[{"selector":{"controlType":"sap.m.NumericContent","bindingPath":{"path":"","propertyPath":"/properties/icon"},"ancestor":{"controlType":"sap.m.GenericTile","properties":{"header":"Bill Of Resources"}},"interaction":{"idSuffix":"value"}},"wdio_ui5_key":"sapm.NumericContent{\"path\":\"\",\"propertyPath\":\"/properties/icon\"}{\"controlType\":\"sap.m.GenericTile\",\"properties\":{\"header\":\"Bill Of Resources\"}}"}]}
RESULT: {"script":"<script> [1562 bytes]","args":[{"selector":{"controlType":"sap.m.NumericContent","bindingPath":{"path":"","propertyPath":"/properties/icon"},"ancestor":{"controlType":"sap.m.GenericTile","properties":{"header":"Bill Of Resources"}},"interaction":{"idSuffix":"value"}},"wdio_ui5_key":"sapm.NumericContent{\"path\":\"\",\"propertyPath\":\"/properties/icon\"}{\"controlType\":\"sap.m.GenericTile\",\"properties\":{\"header\":\"Bill Of Resources\"}}"}]}
RESULT: undefined
COMMAND: POST /session/b6e4a271d41c675280102fe79c7e067e/element - {"using":"xpath","value":"//*[@id=\"__content2\"]"}
RESULT: {"using":"xpath","value":"//*[@id=\"__content2\"]"}
COMMAND: POST /session/b6e4a271d41c675280102fe79c7e067e/element/f.1BB59C6561AF6B211B86967F1D453B60.d.597CF40C2147FC8A9B6C35FA9702687F.e.3435/click - {}
RESULT: {}
COMMAND: GET /session/b6e4a271d41c675280102fe79c7e067e/screenshot - {}
RESULT: {}
COMMAND: POST /session/b6e4a271d41c675280102fe79c7e067e/execute/async - {"script":"<script> [1562 bytes]","args":[{"selector":{"id":"application-billofresources-display-component---BillOfResources--smartFilterBar-filterItemControl_BASIC-BOR_TYPE-vhi"},"wdio_ui5_key":"applicationbillofresources-display-component---BillOfResources--smartFilterBar-filterItemControl_BASIC-BOR_TYPE-vhi"}]}
RESULT: {"script":"<script> [1562 bytes]","args":[{"selector":{"id":"application-billofresources-display-component---BillOfResources--smartFilterBar-filterItemControl_BASIC-BOR_TYPE-vhi"},"wdio_ui5_key":"applicationbillofresources-display-component---BillOfResources--smartFilterBar-filterItemControl_BASIC-BOR_TYPE-vhi"}]}
RESULT: undefined
COMMAND: POST /session/b6e4a271d41c675280102fe79c7e067e/element - {"using":"xpath","value":"//*[@id=\"application-billofresources-display-component---BillOfResources--smartFilterBar-filterItemControl_BASIC-BOR_TYPE-vhi\"]"}
RESULT: {"using":"xpath","value":"//*[@id=\"application-billofresources-display-component---BillOfResources--smartFilterBar-filterItemControl_BASIC-BOR_TYPE-vhi\"]"}
COMMAND: POST /session/b6e4a271d41c675280102fe79c7e067e/element/f.1BB59C6561AF6B211B86967F1D453B60.d.597CF40C2147FC8A9B6C35FA9702687F.e.3487/click - {}
RESULT: {}
COMMAND: GET /session/b6e4a271d41c675280102fe79c7e067e/screenshot - {}
RESULT: {}
COMMAND: POST /session/b6e4a271d41c675280102fe79c7e067e/element - {"using":"xpath","value":"//div[@id=\"application-billofresources-display-component---BillOfResources--smartFilterBar-filterItemControl_BASIC-BOR_TYPE-valueHelpDialog-table-rowsel4\"]"}
RESULT: {"using":"xpath","value":"//div[@id=\"application-billofresources-display-component---BillOfResources--smartFilterBar-filterItemControl_BASIC-BOR_TYPE-valueHelpDialog-table-rowsel4\"]"}
COMMAND: POST /session/b6e4a271d41c675280102fe79c7e067e/element/f.1BB59C6561AF6B211B86967F1D453B60.d.597CF40C2147FC8A9B6C35FA9702687F.e.3497/click - {}
RESULT: {}
COMMAND: GET /session/b6e4a271d41c675280102fe79c7e067e/screenshot - {}
RESULT: {}
COMMAND: POST /session/b6e4a271d41c675280102fe79c7e067e/execute/async - {"script":"<script> [1562 bytes]","args":[{"selector":{"id":"application-billofresources-display-component---BillOfResources--smartFilterBar-filterItemControl_BASIC-BOR_TYPE-valueHelpDialog-ok","searchOpenDialogs":true,"interaction":{"idSuffix":"BDI-content"}},"wdio_ui5_key":"applicationbillofresources-display-component---BillOfResources--smartFilterBar-filterItemControl_BASIC-BOR_TYPE-valueHelpDialog-ok"}]}
RESULT: {"script":"<script> [1562 bytes]","args":[{"selector":{"id":"application-billofresources-display-component---BillOfResources--smartFilterBar-filterItemControl_BASIC-BOR_TYPE-valueHelpDialog-ok","searchOpenDialogs":true,"interaction":{"idSuffix":"BDI-content"}},"wdio_ui5_key":"applicationbillofresources-display-component---BillOfResources--smartFilterBar-filterItemControl_BASIC-BOR_TYPE-valueHelpDialog-ok"}]}
RESULT: undefined
COMMAND: POST /session/b6e4a271d41c675280102fe79c7e067e/element - {"using":"xpath","value":"//*[@id=\"application-billofresources-display-component---BillOfResources--smartFilterBar-filterItemControl_BASIC-BOR_TYPE-valueHelpDialog-ok\"]"}
RESULT: {"using":"xpath","value":"//*[@id=\"application-billofresources-display-component---BillOfResources--smartFilterBar-filterItemControl_BASIC-BOR_TYPE-valueHelpDialog-ok\"]"}
COMMAND: POST /session/b6e4a271d41c675280102fe79c7e067e/element/f.1BB59C6561AF6B211B86967F1D453B60.d.597CF40C2147FC8A9B6C35FA9702687F.e.3500/click - {}
RESULT: {}
COMMAND: GET /session/b6e4a271d41c675280102fe79c7e067e/screenshot - {}
RESULT: {}
COMMAND: POST /session/b6e4a271d41c675280102fe79c7e067e/execute/async - {"script":"<script> [1562 bytes]","args":[{"selector":{"id":"application-billofresources-display-component---BillOfResources--smartFilterBar-filterItemControl_BASIC-RESOURCE_UNIT-vhi"},"wdio_ui5_key":"applicationbillofresources-display-component---BillOfResources--smartFilterBar-filterItemControl_BASIC-RESOURCE_UNIT-vhi"}]}
RESULT: {"script":"<script> [1562 bytes]","args":[{"selector":{"id":"application-billofresources-display-component---BillOfResources--smartFilterBar-filterItemControl_BASIC-RESOURCE_UNIT-vhi"},"wdio_ui5_key":"applicationbillofresources-display-component---BillOfResources--smartFilterBar-filterItemControl_BASIC-RESOURCE_UNIT-vhi"}]}
RESULT: undefined
COMMAND: POST /session/b6e4a271d41c675280102fe79c7e067e/element - {"using":"xpath","value":"//*[@id=\"application-billofresources-display-component---BillOfResources--smartFilterBar-filterItemControl_BASIC-RESOURCE_UNIT-vhi\"]"}
RESULT: {"using":"xpath","value":"//*[@id=\"application-billofresources-display-component---BillOfResources--smartFilterBar-filterItemControl_BASIC-RESOURCE_UNIT-vhi\"]"}
COMMAND: POST /session/b6e4a271d41c675280102fe79c7e067e/element/f.1BB59C6561AF6B211B86967F1D453B60.d.597CF40C2147FC8A9B6C35FA9702687F.e.3505/click - {}
RESULT: {}
COMMAND: GET /session/b6e4a271d41c675280102fe79c7e067e/screenshot - {}
RESULT: {}
COMMAND: POST /session/b6e4a271d41c675280102fe79c7e067e/execute/async - {"script":"<script> [1562 bytes]","args":[{"selector":{"id":"application-billofresources-display-component---BillOfResources--smartFilterBar-filterItemControl_BASIC-RESOURCE_UNIT-valueHelpDialog-smartFilterBar-btnBasicSearch","searchOpenDialogs":true,"interaction":{"idSuffix":"I"}},"wdio_ui5_key":"applicationbillofresources-display-component---BillOfResources--smartFilterBar-filterItemControl_BASIC-RESOURCE_UNIT-valueHelpDialog-smartFilterBar-btnBasicSearch"}]}
RESULT: {"script":"<script> [1562 bytes]","args":[{"selector":{"id":"application-billofresources-display-component---BillOfResources--smartFilterBar-filterItemControl_BASIC-RESOURCE_UNIT-valueHelpDialog-smartFilterBar-btnBasicSearch","searchOpenDialogs":true,"interaction":{"idSuffix":"I"}},"wdio_ui5_key":"applicationbillofresources-display-component---BillOfResources--smartFilterBar-filterItemControl_BASIC-RESOURCE_UNIT-valueHelpDialog-smartFilterBar-btnBasicSearch"}]}
RESULT: undefined
COMMAND: POST /session/b6e4a271d41c675280102fe79c7e067e/execute/async - {"script":"<script> [776 bytes]","args":[{"enterText":"5SdTiI1Zp_1","selector":{"id":"application-billofresources-display-component---BillOfResources--smartFilterBar-filterItemControl_BASIC-RESOURCE_UNIT-valueHelpDialog-smartFilterBar-btnBasicSearch","searchOpenDialogs":true,"interaction":{"idSuffix":"I"}},"clearTextFirst":true,"interactionType":"ENTER_TEXT"}]}
RESULT: {"script":"<script> [776 bytes]","args":[{"enterText":"5SdTiI1Zp_1","selector":{"id":"application-billofresources-display-component---BillOfResources--smartFilterBar-filterItemControl_BASIC-RESOURCE_UNIT-valueHelpDialog-smartFilterBar-btnBasicSearch","searchOpenDialogs":true,"interaction":{"idSuffix":"I"}},"clearTextFirst":true,"interactionType":"ENTER_TEXT"}]}
COMMAND: POST /session/b6e4a271d41c675280102fe79c7e067e/actions - {"actions":[{"id":"action5","type":"key","parameters":{},"actions":[{"type":"keyDown","value":"î€‡"},{"type":"pause","duration":10},{"type":"keyUp","value":"î€‡"}]}]}
RESULT: {"actions":[{"id":"action5","type":"key","parameters":{},"actions":[{"type":"keyDown","value":"î€‡"},{"type":"pause","duration":10},{"type":"keyUp","value":"î€‡"}]}]}
COMMAND: GET /session/b6e4a271d41c675280102fe79c7e067e/screenshot - {}
RESULT: {}
COMMAND: POST /session/b6e4a271d41c675280102fe79c7e067e/element - {"using":"xpath","value":"//div[@id=\"application-billofresources-display-component---BillOfResources--smartFilterBar-filterItemControl_BASIC-RESOURCE_UNIT-valueHelpDialog-table-rowsel0\"]"}
RESULT: {"using":"xpath","value":"//div[@id=\"application-billofresources-display-component---BillOfResources--smartFilterBar-filterItemControl_BASIC-RESOURCE_UNIT-valueHelpDialog-table-rowsel0\"]"}
COMMAND: POST /session/b6e4a271d41c675280102fe79c7e067e/element/f.1BB59C6561AF6B211B86967F1D453B60.d.597CF40C2147FC8A9B6C35FA9702687F.e.3515/click - {}
RESULT: {}
COMMAND: GET /session/b6e4a271d41c675280102fe79c7e067e/screenshot - {}
RESULT: {}
COMMAND: POST /session/b6e4a271d41c675280102fe79c7e067e/element - {"using":"xpath","value":"//bdi[contains(text(), \"OK\")]"}
RESULT: {"using":"xpath","value":"//bdi[contains(text(), \"OK\")]"}
COMMAND: POST /session/b6e4a271d41c675280102fe79c7e067e/element/f.1BB59C6561AF6B211B86967F1D453B60.d.597CF40C2147FC8A9B6C35FA9702687F.e.3517/click - {}
RESULT: {}
COMMAND: GET /session/b6e4a271d41c675280102fe79c7e067e/screenshot - {}
RESULT: {}
COMMAND: POST /session/b6e4a271d41c675280102fe79c7e067e/execute/async - {"script":"<script> [1562 bytes]","args":[{"selector":{"controlType":"sap.m.ColumnListItem","viewName":"etm.portal.ui.billofresources.view.MasterBoR","viewId":"application-billofresources-display-component---BillOfResources","properties":{"type":"Navigation"},"interaction":{"idSuffix":"cell2"}},"wdio_ui5_key":"etmportal.ui.billofresources.view.MasterBoRsap.m.ColumnListItem{\"type\":\"Navigation\"}"}]}
RESULT: {"script":"<script> [1562 bytes]","args":[{"selector":{"controlType":"sap.m.ColumnListItem","viewName":"etm.portal.ui.billofresources.view.MasterBoR","viewId":"application-billofresources-display-component---BillOfResources","properties":{"type":"Navigation"},"interaction":{"idSuffix":"cell2"}},"wdio_ui5_key":"etmportal.ui.billofresources.view.MasterBoRsap.m.ColumnListItem{\"type\":\"Navigation\"}"}]}
RESULT: undefined
COMMAND: POST /session/b6e4a271d41c675280102fe79c7e067e/element - {"using":"xpath","value":"//*[@id=\"__item18-__clone18\"]"}
RESULT: {"using":"xpath","value":"//*[@id=\"__item18-__clone18\"]"}
COMMAND: POST /session/b6e4a271d41c675280102fe79c7e067e/element/f.1BB59C6561AF6B211B86967F1D453B60.d.597CF40C2147FC8A9B6C35FA9702687F.e.3521/click - {}
RESULT: {}
COMMAND: GET /session/b6e4a271d41c675280102fe79c7e067e/screenshot - {}
RESULT: {}
COMMAND: POST /session/b6e4a271d41c675280102fe79c7e067e/execute/async - {"script":"<script> [1562 bytes]","args":[{"selector":{"controlType":"sap.m.Button","viewName":"etm.portal.ui.billofresources.view.DetailBoR","viewId":"application-billofresources-display-component---detailBoR","i18NText":{"propertyName":"text","key":"inspectContent"},"interaction":{"idSuffix":"content"}},"wdio_ui5_key":"etmportal.ui.billofresources.view.DetailBoRsap.m.Button{\"propertyName\":\"text\",\"key\":\"inspectContent\"}"}]}
RESULT: {"script":"<script> [1562 bytes]","args":[{"selector":{"controlType":"sap.m.Button","viewName":"etm.portal.ui.billofresources.view.DetailBoR","viewId":"application-billofresources-display-component---detailBoR","i18NText":{"propertyName":"text","key":"inspectContent"},"interaction":{"idSuffix":"content"}},"wdio_ui5_key":"etmportal.ui.billofresources.view.DetailBoRsap.m.Button{\"propertyName\":\"text\",\"key\":\"inspectContent\"}"}]}
RESULT: undefined
COMMAND: POST /session/b6e4a271d41c675280102fe79c7e067e/element - {"using":"xpath","value":"//*[@id=\"__button10\"]"}
RESULT: {"using":"xpath","value":"//*[@id=\"__button10\"]"}
COMMAND: POST /session/b6e4a271d41c675280102fe79c7e067e/element/f.1BB59C6561AF6B211B86967F1D453B60.d.597CF40C2147FC8A9B6C35FA9702687F.e.3785/click - {}
RESULT: {}
COMMAND: GET /session/b6e4a271d41c675280102fe79c7e067e/screenshot - {}
RESULT: {}
COMMAND: POST /session/b6e4a271d41c675280102fe79c7e067e/execute/async - {"script":"<script> [1562 bytes]","args":[{"selector":{"controlType":"sap.m.Button","properties":{"text":"OK"},"searchOpenDialogs":true,"interaction":{"idSuffix":"BDI-content"}},"wdio_ui5_key":"sapm.Button{\"text\":\"OK\"}"}]}
RESULT: {"script":"<script> [1562 bytes]","args":[{"selector":{"controlType":"sap.m.Button","properties":{"text":"OK"},"searchOpenDialogs":true,"interaction":{"idSuffix":"BDI-content"}},"wdio_ui5_key":"sapm.Button{\"text\":\"OK\"}"}]}
RESULT: undefined
COMMAND: POST /session/b6e4a271d41c675280102fe79c7e067e/element - {"using":"xpath","value":"//*[@id=\"__mbox-btn-0\"]"}
RESULT: {"using":"xpath","value":"//*[@id=\"__mbox-btn-0\"]"}
COMMAND: POST /session/b6e4a271d41c675280102fe79c7e067e/element/f.1BB59C6561AF6B211B86967F1D453B60.d.597CF40C2147FC8A9B6C35FA9702687F.e.3786/click - {}
RESULT: {}
COMMAND: GET /session/b6e4a271d41c675280102fe79c7e067e/screenshot - {}
RESULT: {}
COMMAND: POST /session/b6e4a271d41c675280102fe79c7e067e/execute/async - {"script":"<script> [1562 bytes]","args":[{"selector":{"id":"application-iscorders-display-component---createOrder--orderTitle","interaction":{"idSuffix":"inner"}},"wdio_ui5_key":"applicationiscorders-display-component---createOrder--orderTitle"}]}
RESULT: {"script":"<script> [1562 bytes]","args":[{"selector":{"id":"application-iscorders-display-component---createOrder--orderTitle","interaction":{"idSuffix":"inner"}},"wdio_ui5_key":"applicationiscorders-display-component---createOrder--orderTitle"}]}
RESULT: undefined
COMMAND: POST /session/b6e4a271d41c675280102fe79c7e067e/execute/async - {"script":"<script> [776 bytes]","args":[{"enterText":"Webdriver Order","selector":{"id":"application-iscorders-display-component---createOrder--orderTitle","interaction":{"idSuffix":"inner"}},"clearTextFirst":true,"interactionType":"ENTER_TEXT"}]}
RESULT: {"script":"<script> [776 bytes]","args":[{"enterText":"Webdriver Order","selector":{"id":"application-iscorders-display-component---createOrder--orderTitle","interaction":{"idSuffix":"inner"}},"clearTextFirst":true,"interactionType":"ENTER_TEXT"}]}
COMMAND: POST /session/b6e4a271d41c675280102fe79c7e067e/execute/async - {"script":"<script> [1562 bytes]","args":[{"selector":{"id":"application-iscorders-display-component---createOrder--orderDesc","interaction":{"idSuffix":"inner"}},"wdio_ui5_key":"applicationiscorders-display-component---createOrder--orderDesc"}]}
RESULT: {"script":"<script> [1562 bytes]","args":[{"selector":{"id":"application-iscorders-display-component---createOrder--orderDesc","interaction":{"idSuffix":"inner"}},"wdio_ui5_key":"applicationiscorders-display-component---createOrder--orderDesc"}]}
RESULT: undefined
COMMAND: POST /session/b6e4a271d41c675280102fe79c7e067e/execute/async - {"script":"<script> [776 bytes]","args":[{"enterText":"Order Description","selector":{"id":"application-iscorders-display-component---createOrder--orderDesc","interaction":{"idSuffix":"inner"}},"clearTextFirst":true,"interactionType":"ENTER_TEXT"}]}
RESULT: {"script":"<script> [776 bytes]","args":[{"enterText":"Order Description","selector":{"id":"application-iscorders-display-component---createOrder--orderDesc","interaction":{"idSuffix":"inner"}},"clearTextFirst":true,"interactionType":"ENTER_TEXT"}]}
COMMAND: POST /session/b6e4a271d41c675280102fe79c7e067e/execute/async - {"script":"<script> [1562 bytes]","args":[{"selector":{"controlType":"sap.m.Button","viewName":"etm.portal.ui.iscorders.view.New","viewId":"application-iscorders-display-component---createOrder","properties":{"text":"Cost information"},"interaction":{"idSuffix":"BDI-content"}},"wdio_ui5_key":"etmportal.ui.iscorders.view.Newsap.m.Button{\"text\":\"Cost information\"}"}]}
RESULT: {"script":"<script> [1562 bytes]","args":[{"selector":{"controlType":"sap.m.Button","viewName":"etm.portal.ui.iscorders.view.New","viewId":"application-iscorders-display-component---createOrder","properties":{"text":"Cost information"},"interaction":{"idSuffix":"BDI-content"}},"wdio_ui5_key":"etmportal.ui.iscorders.view.Newsap.m.Button{\"text\":\"Cost information\"}"}]}
RESULT: undefined
COMMAND: POST /session/b6e4a271d41c675280102fe79c7e067e/element - {"using":"xpath","value":"//*[@id=\"application-iscorders-display-component---createOrder--newOrderObjectPageLayout-anchBar-application-iscorders-display-component---createOrder--costInformation-anchor\"]"}
RESULT: {"using":"xpath","value":"//*[@id=\"application-iscorders-display-component---createOrder--newOrderObjectPageLayout-anchBar-application-iscorders-display-component---createOrder--costInformation-anchor\"]"}
COMMAND: POST /session/b6e4a271d41c675280102fe79c7e067e/element/f.1BB59C6561AF6B211B86967F1D453B60.d.597CF40C2147FC8A9B6C35FA9702687F.e.4186/click - {}
RESULT: {}
COMMAND: GET /session/b6e4a271d41c675280102fe79c7e067e/screenshot - {}
RESULT: {}
COMMAND: POST /session/b6e4a271d41c675280102fe79c7e067e/execute/async - {"script":"<script> [1562 bytes]","args":[{"selector":{"id":"application-iscorders-display-component---createOrder--durationDimension-arrow"},"wdio_ui5_key":"applicationiscorders-display-component---createOrder--durationDimension-arrow"}]}
RESULT: {"script":"<script> [1562 bytes]","args":[{"selector":{"id":"application-iscorders-display-component---createOrder--durationDimension-arrow"},"wdio_ui5_key":"applicationiscorders-display-component---createOrder--durationDimension-arrow"}]}
RESULT: undefined
COMMAND: POST /session/b6e4a271d41c675280102fe79c7e067e/element - {"using":"xpath","value":"//*[@id=\"application-iscorders-display-component---createOrder--durationDimension-arrow\"]"}
RESULT: {"using":"xpath","value":"//*[@id=\"application-iscorders-display-component---createOrder--durationDimension-arrow\"]"}
COMMAND: POST /session/b6e4a271d41c675280102fe79c7e067e/element/f.1BB59C6561AF6B211B86967F1D453B60.d.597CF40C2147FC8A9B6C35FA9702687F.e.4191/click - {}
RESULT: {}
COMMAND: GET /session/b6e4a271d41c675280102fe79c7e067e/screenshot - {}
RESULT: {}
COMMAND: POST /session/b6e4a271d41c675280102fe79c7e067e/execute/async - {"script":"<script> [1562 bytes]","args":[{"selector":{"controlType":"sap.m.StandardListItem","viewName":"etm.portal.ui.iscorders.view.New","viewId":"application-iscorders-display-component---createOrder","properties":{"title":"Days"},"searchOpenDialogs":true,"interaction":{"idSuffix":"titleText"}},"wdio_ui5_key":"etmportal.ui.iscorders.view.Newsap.m.StandardListItem{\"title\":\"Days\"}"}]}
RESULT: {"script":"<script> [1562 bytes]","args":[{"selector":{"controlType":"sap.m.StandardListItem","viewName":"etm.portal.ui.iscorders.view.New","viewId":"application-iscorders-display-component---createOrder","properties":{"title":"Days"},"searchOpenDialogs":true,"interaction":{"idSuffix":"titleText"}},"wdio_ui5_key":"etmportal.ui.iscorders.view.Newsap.m.StandardListItem{\"title\":\"Days\"}"}]}
RESULT: undefined
COMMAND: POST /session/b6e4a271d41c675280102fe79c7e067e/element - {"using":"xpath","value":"//*[@id=\"__item137\"]"}
RESULT: {"using":"xpath","value":"//*[@id=\"__item137\"]"}
COMMAND: POST /session/b6e4a271d41c675280102fe79c7e067e/element/f.1BB59C6561AF6B211B86967F1D453B60.d.597CF40C2147FC8A9B6C35FA9702687F.e.4193/click - {}
RESULT: {}
COMMAND: GET /session/b6e4a271d41c675280102fe79c7e067e/screenshot - {}
RESULT: {}
COMMAND: POST /session/b6e4a271d41c675280102fe79c7e067e/execute/async - {"script":"<script> [1562 bytes]","args":[{"selector":{"id":"application-iscorders-display-component---createOrder--addPersonButton","interaction":{"idSuffix":"inner"}},"wdio_ui5_key":"applicationiscorders-display-component---createOrder--addPersonButton"}]}
RESULT: {"script":"<script> [1562 bytes]","args":[{"selector":{"id":"application-iscorders-display-component---createOrder--addPersonButton","interaction":{"idSuffix":"inner"}},"wdio_ui5_key":"applicationiscorders-display-component---createOrder--addPersonButton"}]}
RESULT: undefined
COMMAND: POST /session/b6e4a271d41c675280102fe79c7e067e/element - {"using":"xpath","value":"//*[@id=\"application-iscorders-display-component---createOrder--addPersonButton\"]"}
RESULT: {"using":"xpath","value":"//*[@id=\"application-iscorders-display-component---createOrder--addPersonButton\"]"}
COMMAND: POST /session/b6e4a271d41c675280102fe79c7e067e/element/f.1BB59C6561AF6B211B86967F1D453B60.d.597CF40C2147FC8A9B6C35FA9702687F.e.4195/click - {}
RESULT: {}
COMMAND: GET /session/b6e4a271d41c675280102fe79c7e067e/screenshot - {}
RESULT: {}
COMMAND: POST /session/b6e4a271d41c675280102fe79c7e067e/execute/async - {"script":"<script> [1562 bytes]","args":[{"selector":{"controlType":"sap.m.SearchField","viewName":"etm.portal.ui.iscorders.view.New","viewId":"application-iscorders-display-component---createOrder","properties":{"value":"Test unit update"},"searchOpenDialogs":true,"interaction":{"idSuffix":"I"}},"wdio_ui5_key":"etmportal.ui.iscorders.view.Newsap.m.SearchField{\"value\":\"Test unit update\"}"}]}
RESULT: {"script":"<script> [1562 bytes]","args":[{"selector":{"controlType":"sap.m.SearchField","viewName":"etm.portal.ui.iscorders.view.New","viewId":"application-iscorders-display-component---createOrder","properties":{"value":"Test unit update"},"searchOpenDialogs":true,"interaction":{"idSuffix":"I"}},"wdio_ui5_key":"etmportal.ui.iscorders.view.Newsap.m.SearchField{\"value\":\"Test unit update\"}"}]}
RESULT: undefined
COMMAND: POST /session/b6e4a271d41c675280102fe79c7e067e/actions - {"actions":[{"id":"action6","type":"key","parameters":{},"actions":[{"type":"keyDown","value":"î€‡"},{"type":"pause","duration":10},{"type":"keyUp","value":"î€‡"}]}]}
RESULT: {"actions":[{"id":"action6","type":"key","parameters":{},"actions":[{"type":"keyDown","value":"î€‡"},{"type":"pause","duration":10},{"type":"keyUp","value":"î€‡"}]}]}
COMMAND: POST /session/b6e4a271d41c675280102fe79c7e067e/execute/async - {"script":"<script> [1562 bytes]","args":[{"selector":{"controlType":"sap.m.ObjectAttribute","viewName":"etm.portal.ui.iscorders.view.New","viewId":"application-iscorders-display-component---createOrder","i18NText":{"propertyName":"title","key":"email"},"searchOpenDialogs":true},"wdio_ui5_key":"etmportal.ui.iscorders.view.Newsap.m.ObjectAttribute{\"propertyName\":\"title\",\"key\":\"email\"}"}]}
COMMAND: GET /session/b6e4a271d41c675280102fe79c7e067e/screenshot - {}
RESULT: {"script":"<script> [1562 bytes]","args":[{"selector":{"controlType":"sap.m.ObjectAttribute","viewName":"etm.portal.ui.iscorders.view.New","viewId":"application-iscorders-display-component---createOrder","i18NText":{"propertyName":"title","key":"email"},"searchOpenDialogs":true},"wdio_ui5_key":"etmportal.ui.iscorders.view.Newsap.m.ObjectAttribute{\"propertyName\":\"title\",\"key\":\"email\"}"}]}
RESULT: undefined
RESULT: {}
COMMAND: POST /session/b6e4a271d41c675280102fe79c7e067e/execute/async - {"script":"<script> [1562 bytes]","args":[{"selector":{"id":"application-iscorders-display-component---createOrder--createTaskButton","interaction":{"idSuffix":"BDI-content"}},"wdio_ui5_key":"applicationiscorders-display-component---createOrder--createTaskButton"}]}
RESULT: {"script":"<script> [1562 bytes]","args":[{"selector":{"id":"application-iscorders-display-component---createOrder--createTaskButton","interaction":{"idSuffix":"BDI-content"}},"wdio_ui5_key":"applicationiscorders-display-component---createOrder--createTaskButton"}]}
RESULT: undefined
COMMAND: POST /session/b6e4a271d41c675280102fe79c7e067e/element - {"using":"xpath","value":"//*[@id=\"application-iscorders-display-component---createOrder--createTaskButton\"]"}
RESULT: {"using":"xpath","value":"//*[@id=\"application-iscorders-display-component---createOrder--createTaskButton\"]"}
COMMAND: POST /session/b6e4a271d41c675280102fe79c7e067e/element/f.1BB59C6561AF6B211B86967F1D453B60.d.597CF40C2147FC8A9B6C35FA9702687F.e.4206/click - {}
RESULT: {}
COMMAND: GET /session/b6e4a271d41c675280102fe79c7e067e/screenshot - {}
RESULT: {}
COMMAND: POST /session/b6e4a271d41c675280102fe79c7e067e/execute/async - {"script":"<script> [1562 bytes]","args":[{"selector":{"controlType":"sap.m.Button","viewName":"etm.portal.ui.iscorders.view.New","viewId":"application-iscorders-display-component---createOrder","properties":{"text":"Tasks"},"interaction":{"idSuffix":"BDI-content"}},"wdio_ui5_key":"etmportal.ui.iscorders.view.Newsap.m.Button{\"text\":\"Tasks\"}"}]}
RESULT: {"script":"<script> [1562 bytes]","args":[{"selector":{"controlType":"sap.m.Button","viewName":"etm.portal.ui.iscorders.view.New","viewId":"application-iscorders-display-component---createOrder","properties":{"text":"Tasks"},"interaction":{"idSuffix":"BDI-content"}},"wdio_ui5_key":"etmportal.ui.iscorders.view.Newsap.m.Button{\"text\":\"Tasks\"}"}]}
RESULT: undefined
COMMAND: POST /session/b6e4a271d41c675280102fe79c7e067e/element - {"using":"xpath","value":"//*[@id=\"application-iscorders-display-component---createOrder--newOrderObjectPageLayout-anchBar-__section13-anchor\"]"}
RESULT: {"using":"xpath","value":"//*[@id=\"application-iscorders-display-component---createOrder--newOrderObjectPageLayout-anchBar-__section13-anchor\"]"}
COMMAND: POST /session/b6e4a271d41c675280102fe79c7e067e/element/f.1BB59C6561AF6B211B86967F1D453B60.d.597CF40C2147FC8A9B6C35FA9702687F.e.4208/click - {}
RESULT: {}
COMMAND: GET /session/b6e4a271d41c675280102fe79c7e067e/screenshot - {}
RESULT: {}
COMMAND: POST /session/b6e4a271d41c675280102fe79c7e067e/execute/async - {"script":"<script> [1562 bytes]","args":[{"selector":{"controlType":"sap.m.Input","viewName":"etm.portal.ui.iscorders.view.New","viewId":"application-iscorders-display-component---createOrder","bindingPath":{"path":"/0","propertyPath":"NAME","modelName":"tasksModel"},"interaction":{"idSuffix":"inner"}},"wdio_ui5_key":"etmportal.ui.iscorders.view.Newsap.m.Input{\"path\":\"/0\",\"propertyPath\":\"NAME\",\"modelName\":\"tasksModel\"}"}]}
RESULT: {"script":"<script> [1562 bytes]","args":[{"selector":{"controlType":"sap.m.Input","viewName":"etm.portal.ui.iscorders.view.New","viewId":"application-iscorders-display-component---createOrder","bindingPath":{"path":"/0","propertyPath":"NAME","modelName":"tasksModel"},"interaction":{"idSuffix":"inner"}},"wdio_ui5_key":"etmportal.ui.iscorders.view.Newsap.m.Input{\"path\":\"/0\",\"propertyPath\":\"NAME\",\"modelName\":\"tasksModel\"}"}]}
RESULT: undefined
COMMAND: POST /session/b6e4a271d41c675280102fe79c7e067e/execute/async - {"script":"<script> [776 bytes]","args":[{"enterText":"WebdriverTask","selector":{"controlType":"sap.m.Input","viewName":"etm.portal.ui.iscorders.view.New","viewId":"application-iscorders-display-component---createOrder","bindingPath":{"path":"/0","propertyPath":"NAME","modelName":"tasksModel"},"interaction":{"idSuffix":"inner"}},"clearTextFirst":true,"interactionType":"ENTER_TEXT"}]}
RESULT: {"script":"<script> [776 bytes]","args":[{"enterText":"WebdriverTask","selector":{"controlType":"sap.m.Input","viewName":"etm.portal.ui.iscorders.view.New","viewId":"application-iscorders-display-component---createOrder","bindingPath":{"path":"/0","propertyPath":"NAME","modelName":"tasksModel"},"interaction":{"idSuffix":"inner"}},"clearTextFirst":true,"interactionType":"ENTER_TEXT"}]}
COMMAND: POST /session/b6e4a271d41c675280102fe79c7e067e/execute/async - {"script":"<script> [1562 bytes]","args":[{"selector":{"controlType":"netm.SmartInput","viewName":"etm.portal.ui.iscorders.view.New","viewId":"application-iscorders-display-component---createOrder","bindingPath":{"path":"/","propertyPath":"edit","modelName":"pageModel"},"interaction":{"idSuffix":"inner"}},"wdio_ui5_key":"etmportal.ui.iscorders.view.Newnetm.SmartInput{\"path\":\"/\",\"propertyPath\":\"edit\",\"modelName\":\"pageModel\"}"}]}
RESULT: {"script":"<script> [1562 bytes]","args":[{"selector":{"controlType":"netm.SmartInput","viewName":"etm.portal.ui.iscorders.view.New","viewId":"application-iscorders-display-component---createOrder","bindingPath":{"path":"/","propertyPath":"edit","modelName":"pageModel"},"interaction":{"idSuffix":"inner"}},"wdio_ui5_key":"etmportal.ui.iscorders.view.Newnetm.SmartInput{\"path\":\"/\",\"propertyPath\":\"edit\",\"modelName\":\"pageModel\"}"}]}
RESULT: undefined
COMMAND: POST /session/b6e4a271d41c675280102fe79c7e067e/execute/async - {"script":"<script> [776 bytes]","args":[{"enterText":"Test unit Update","selector":{"controlType":"netm.SmartInput","viewName":"etm.portal.ui.iscorders.view.New","viewId":"application-iscorders-display-component---createOrder","bindingPath":{"path":"/","propertyPath":"edit","modelName":"pageModel"},"interaction":{"idSuffix":"inner"}},"clearTextFirst":true,"interactionType":"ENTER_TEXT"}]}
RESULT: {"script":"<script> [776 bytes]","args":[{"enterText":"Test unit Update","selector":{"controlType":"netm.SmartInput","viewName":"etm.portal.ui.iscorders.view.New","viewId":"application-iscorders-display-component---createOrder","bindingPath":{"path":"/","propertyPath":"edit","modelName":"pageModel"},"interaction":{"idSuffix":"inner"}},"clearTextFirst":true,"interactionType":"ENTER_TEXT"}]}
COMMAND: POST /session/b6e4a271d41c675280102fe79c7e067e/execute/async - {"script":"<script> [1562 bytes]","args":[{"selector":{"controlType":"sap.m.Input","viewName":"etm.portal.ui.iscorders.view.New","viewId":"application-iscorders-display-component---createOrder","bindingPath":{"path":"/0","propertyPath":"DESCRIPTION","modelName":"tasksModel"},"interaction":{"idSuffix":"inner"}},"wdio_ui5_key":"etmportal.ui.iscorders.view.Newsap.m.Input{\"path\":\"/0\",\"propertyPath\":\"DESCRIPTION\",\"modelName\":\"tasksModel\"}"}]}
RESULT: {"script":"<script> [1562 bytes]","args":[{"selector":{"controlType":"sap.m.Input","viewName":"etm.portal.ui.iscorders.view.New","viewId":"application-iscorders-display-component---createOrder","bindingPath":{"path":"/0","propertyPath":"DESCRIPTION","modelName":"tasksModel"},"interaction":{"idSuffix":"inner"}},"wdio_ui5_key":"etmportal.ui.iscorders.view.Newsap.m.Input{\"path\":\"/0\",\"propertyPath\":\"DESCRIPTION\",\"modelName\":\"tasksModel\"}"}]}
RESULT: undefined
COMMAND: POST /session/b6e4a271d41c675280102fe79c7e067e/execute/async - {"script":"<script> [776 bytes]","args":[{"enterText":"Webdriver Task","selector":{"controlType":"sap.m.Input","viewName":"etm.portal.ui.iscorders.view.New","viewId":"application-iscorders-display-component---createOrder","bindingPath":{"path":"/0","propertyPath":"DESCRIPTION","modelName":"tasksModel"},"interaction":{"idSuffix":"inner"}},"clearTextFirst":true,"interactionType":"ENTER_TEXT"}]}
RESULT: {"script":"<script> [776 bytes]","args":[{"enterText":"Webdriver Task","selector":{"controlType":"sap.m.Input","viewName":"etm.portal.ui.iscorders.view.New","viewId":"application-iscorders-display-component---createOrder","bindingPath":{"path":"/0","propertyPath":"DESCRIPTION","modelName":"tasksModel"},"interaction":{"idSuffix":"inner"}},"clearTextFirst":true,"interactionType":"ENTER_TEXT"}]}
COMMAND: POST /session/b6e4a271d41c675280102fe79c7e067e/execute/async - {"script":"<script> [1562 bytes]","args":[{"selector":{"controlType":"sap.m.Input","viewName":"etm.portal.ui.iscorders.view.New","viewId":"application-iscorders-display-component---createOrder","bindingPath":{"path":"/0","propertyPath":"DURATION_FORMATTED","modelName":"tasksModel"},"interaction":{"idSuffix":"inner"}},"wdio_ui5_key":"etmportal.ui.iscorders.view.Newsap.m.Input{\"path\":\"/0\",\"propertyPath\":\"DURATION_FORMATTED\",\"modelName\":\"tasksModel\"}"}]}
RESULT: {"script":"<script> [1562 bytes]","args":[{"selector":{"controlType":"sap.m.Input","viewName":"etm.portal.ui.iscorders.view.New","viewId":"application-iscorders-display-component---createOrder","bindingPath":{"path":"/0","propertyPath":"DURATION_FORMATTED","modelName":"tasksModel"},"interaction":{"idSuffix":"inner"}},"wdio_ui5_key":"etmportal.ui.iscorders.view.Newsap.m.Input{\"path\":\"/0\",\"propertyPath\":\"DURATION_FORMATTED\",\"modelName\":\"tasksModel\"}"}]}
RESULT: undefined
COMMAND: POST /session/b6e4a271d41c675280102fe79c7e067e/execute/async - {"script":"<script> [776 bytes]","args":[{"enterText":"10","selector":{"controlType":"sap.m.Input","viewName":"etm.portal.ui.iscorders.view.New","viewId":"application-iscorders-display-component---createOrder","bindingPath":{"path":"/0","propertyPath":"DURATION_FORMATTED","modelName":"tasksModel"},"interaction":{"idSuffix":"inner"}},"clearTextFirst":true,"interactionType":"ENTER_TEXT"}]}
RESULT: {"script":"<script> [776 bytes]","args":[{"enterText":"10","selector":{"controlType":"sap.m.Input","viewName":"etm.portal.ui.iscorders.view.New","viewId":"application-iscorders-display-component---createOrder","bindingPath":{"path":"/0","propertyPath":"DURATION_FORMATTED","modelName":"tasksModel"},"interaction":{"idSuffix":"inner"}},"clearTextFirst":true,"interactionType":"ENTER_TEXT"}]}
COMMAND: POST /session/b6e4a271d41c675280102fe79c7e067e/execute/async - {"script":"<script> [1562 bytes]","args":[{"selector":{"controlType":"sap.m.ComboBox","viewName":"etm.portal.ui.iscorders.view.New","viewId":"application-iscorders-display-component---createOrder","bindingPath":{"path":"/0","propertyPath":"DURATION_UNIT_OF_MEASURE","modelName":"tasksModel"},"interaction":{"idSuffix":"inner"}},"wdio_ui5_key":"etmportal.ui.iscorders.view.Newsap.m.ComboBox{\"path\":\"/0\",\"propertyPath\":\"DURATION_UNIT_OF_MEASURE\",\"modelName\":\"tasksModel\"}"}]}
RESULT: {"script":"<script> [1562 bytes]","args":[{"selector":{"controlType":"sap.m.ComboBox","viewName":"etm.portal.ui.iscorders.view.New","viewId":"application-iscorders-display-component---createOrder","bindingPath":{"path":"/0","propertyPath":"DURATION_UNIT_OF_MEASURE","modelName":"tasksModel"},"interaction":{"idSuffix":"inner"}},"wdio_ui5_key":"etmportal.ui.iscorders.view.Newsap.m.ComboBox{\"path\":\"/0\",\"propertyPath\":\"DURATION_UNIT_OF_MEASURE\",\"modelName\":\"tasksModel\"}"}]}
RESULT: undefined
COMMAND: POST /session/b6e4a271d41c675280102fe79c7e067e/execute/async - {"script":"<script> [776 bytes]","args":[{"enterText":"Days","selector":{"controlType":"sap.m.ComboBox","viewName":"etm.portal.ui.iscorders.view.New","viewId":"application-iscorders-display-component---createOrder","bindingPath":{"path":"/0","propertyPath":"DURATION_UNIT_OF_MEASURE","modelName":"tasksModel"},"interaction":{"idSuffix":"inner"}},"clearTextFirst":true,"interactionType":"ENTER_TEXT"}]}
RESULT: {"script":"<script> [776 bytes]","args":[{"enterText":"Days","selector":{"controlType":"sap.m.ComboBox","viewName":"etm.portal.ui.iscorders.view.New","viewId":"application-iscorders-display-component---createOrder","bindingPath":{"path":"/0","propertyPath":"DURATION_UNIT_OF_MEASURE","modelName":"tasksModel"},"interaction":{"idSuffix":"inner"}},"clearTextFirst":true,"interactionType":"ENTER_TEXT"}]}
COMMAND: POST /session/b6e4a271d41c675280102fe79c7e067e/execute/async - {"script":"<script> [1562 bytes]","args":[{"selector":{"id":"application-iscorders-display-component---createOrder--saveOrderButton","interaction":{"idSuffix":"inner"}},"wdio_ui5_key":"applicationiscorders-display-component---createOrder--saveOrderButton"}]}
RESULT: {"script":"<script> [1562 bytes]","args":[{"selector":{"id":"application-iscorders-display-component---createOrder--saveOrderButton","interaction":{"idSuffix":"inner"}},"wdio_ui5_key":"applicationiscorders-display-component---createOrder--saveOrderButton"}]}
RESULT: undefined
COMMAND: POST /session/b6e4a271d41c675280102fe79c7e067e/element - {"using":"xpath","value":"//*[@id=\"application-iscorders-display-component---createOrder--saveOrderButton\"]"}
RESULT: {"using":"xpath","value":"//*[@id=\"application-iscorders-display-component---createOrder--saveOrderButton\"]"}
COMMAND: POST /session/b6e4a271d41c675280102fe79c7e067e/element/f.1BB59C6561AF6B211B86967F1D453B60.d.597CF40C2147FC8A9B6C35FA9702687F.e.4050/click - {}
RESULT: {}
COMMAND: GET /session/b6e4a271d41c675280102fe79c7e067e/screenshot - {}
RESULT: {}
COMMAND: POST /session/b6e4a271d41c675280102fe79c7e067e/element - {"using":"xpath","value":"(//header//span[contains(text(), \"Order \")])[3]"}
RESULT: {"using":"xpath","value":"(//header//span[contains(text(), \"Order \")])[3]"}
COMMAND: POST /session/b6e4a271d41c675280102fe79c7e067e/elements - {"using":"xpath","value":"(//header//span[contains(text(), \"Order \")])[3]"}
RESULT: {"using":"xpath","value":"(//header//span[contains(text(), \"Order \")])[3]"}
COMMAND: POST /session/b6e4a271d41c675280102fe79c7e067e/execute/sync - {"script":"<script> [56 bytes]","args":[{"element-6066-11e4-a52e-4f735466cecf":"f.1BB59C6561AF6B211B86967F1D453B60.d.597CF40C2147FC8A9B6C35FA9702687F.e.4256","ELEMENT":"f.1BB59C6561AF6B211B86967F1D453B60.d.597CF40C2147FC8A9B6C35FA9702687F.e.4256"}]}
RESULT: {"script":"<script> [56 bytes]","args":[{"element-6066-11e4-a52e-4f735466cecf":"f.1BB59C6561AF6B211B86967F1D453B60.d.597CF40C2147FC8A9B6C35FA9702687F.e.4256","ELEMENT":"f.1BB59C6561AF6B211B86967F1D453B60.d.597CF40C2147FC8A9B6C35FA9702687F.e.4256"}]}
COMMAND: POST /session/b6e4a271d41c675280102fe79c7e067e/element - {"using":"css selector","value":"#shell-header-logo"}
COMMAND: GET /session/b6e4a271d41c675280102fe79c7e067e/screenshot - {}
RESULT: {"using":"css selector","value":"#shell-header-logo"}
COMMAND: POST /session/b6e4a271d41c675280102fe79c7e067e/element/f.1BB59C6561AF6B211B86967F1D453B60.d.597CF40C2147FC8A9B6C35FA9702687F.e.3308/click - {}
RESULT: {}
RESULT: {}
COMMAND: GET /session/b6e4a271d41c675280102fe79c7e067e/screenshot - {}
RESULT: {}
COMMAND: DELETE /session/b6e4a271d41c675280102fe79c7e067e - {}
RESULT: {}
]]></system-out>
    </testcase>
  </testsuite>
</testsuites>