<?xml version="1.0" encoding="UTF-8"?>
<testsuites tests="82" failures="20" errors="20" skipped="0">
  <testsuite timestamp="2025-05-14T16:30:11" time="733.732" tests="8" failures="0" errors="0" skipped="0">
    <properties>
      <property name="specId" value="0" />
      <property name="suiteName" value="Stock increase - with WHM US125587" />
      <property name="capabilities" value="chrome.136_0_7103_49.windows" />
      <property name="file" value="file:///D:/a/1/s/test/specs/HTR/stock-increase.spec.js" />
    </properties>
    <testcase classname="chrome.136_0_7103_49.windows.Stock_increase_-_with_WHM_US125587" name="Should create a new WHM yard" time="132.31">
      <system-out><![CDATA[
COMMAND: POST /session/601af62cb68afff6944e8a635357ab53/window/fullscreen - {}
RESULT: {}
COMMAND: POST /session/601af62cb68afff6944e8a635357ab53/execute/async - {"script":"<script> [1562 bytes]","args":[{"selector":{"controlType":"sap.m.GenericTile","properties":{"header":"Manage Yards"}},"wdio_ui5_key":"sapm.GenericTile{\"header\":\"Manage Yards\"}"}]}
RESULT: {"script":"<script> [1562 bytes]","args":[{"selector":{"controlType":"sap.m.GenericTile","properties":{"header":"Manage Yards"}},"wdio_ui5_key":"sapm.GenericTile{\"header\":\"Manage Yards\"}"}]}
RESULT: undefined
COMMAND: POST /session/601af62cb68afff6944e8a635357ab53/element - {"using":"xpath","value":"//*[@id=\"__tile41\"]"}
RESULT: {"using":"xpath","value":"//*[@id=\"__tile41\"]"}
COMMAND: POST /session/601af62cb68afff6944e8a635357ab53/element/f.2CF887CE126DC6B338BD3A7C0EF1B7FC.d.EE1A60CA3301560EECF78CD9B4E51DFD.e.130/click - {}
RESULT: {}
COMMAND: GET /session/601af62cb68afff6944e8a635357ab53/screenshot - {}
RESULT: {}
COMMAND: POST /session/601af62cb68afff6944e8a635357ab53/elements - {"using":"xpath","value":"//span[text()='Error']"}
RESULT: {"using":"xpath","value":"//span[text()='Error']"}
COMMAND: POST /session/601af62cb68afff6944e8a635357ab53/element - {"using":"xpath","value":"//button[@data-kt=\"addNewYardOverflowToolbarButton\"]"}
RESULT: {"using":"xpath","value":"//button[@data-kt=\"addNewYardOverflowToolbarButton\"]"}
COMMAND: POST /session/601af62cb68afff6944e8a635357ab53/elements - {"using":"xpath","value":"//button[@data-kt=\"addNewYardOverflowToolbarButton\"]"}
RESULT: {"using":"xpath","value":"//button[@data-kt=\"addNewYardOverflowToolbarButton\"]"}
COMMAND: POST /session/601af62cb68afff6944e8a635357ab53/execute/sync - {"script":"<script> [8489 bytes]","args":[{"element-6066-11e4-a52e-4f735466cecf":"f.2CF887CE126DC6B338BD3A7C0EF1B7FC.d.EE1A60CA3301560EECF78CD9B4E51DFD.e.277","ELEMENT":"f.2CF887CE126DC6B338BD3A7C0EF1B7FC.d.EE1A60CA3301560EECF78CD9B4E51DFD.e.277"}]}
RESULT: {"script":"<script> [8489 bytes]","args":[{"element-6066-11e4-a52e-4f735466cecf":"f.2CF887CE126DC6B338BD3A7C0EF1B7FC.d.EE1A60CA3301560EECF78CD9B4E51DFD.e.277","ELEMENT":"f.2CF887CE126DC6B338BD3A7C0EF1B7FC.d.EE1A60CA3301560EECF78CD9B4E51DFD.e.277"}]}
COMMAND: GET /session/601af62cb68afff6944e8a635357ab53/element/f.2CF887CE126DC6B338BD3A7C0EF1B7FC.d.EE1A60CA3301560EECF78CD9B4E51DFD.e.277/enabled - {}
COMMAND: GET /session/601af62cb68afff6944e8a635357ab53/screenshot - {}
RESULT: {}
COMMAND: POST /session/601af62cb68afff6944e8a635357ab53/execute/sync - {"script":"<script> [8489 bytes]","args":[{"element-6066-11e4-a52e-4f735466cecf":"f.2CF887CE126DC6B338BD3A7C0EF1B7FC.d.EE1A60CA3301560EECF78CD9B4E51DFD.e.277","ELEMENT":"f.2CF887CE126DC6B338BD3A7C0EF1B7FC.d.EE1A60CA3301560EECF78CD9B4E51DFD.e.277"}]}
COMMAND: GET /session/601af62cb68afff6944e8a635357ab53/screenshot - {}
RESULT: {}
RESULT: {"script":"<script> [8489 bytes]","args":[{"element-6066-11e4-a52e-4f735466cecf":"f.2CF887CE126DC6B338BD3A7C0EF1B7FC.d.EE1A60CA3301560EECF78CD9B4E51DFD.e.277","ELEMENT":"f.2CF887CE126DC6B338BD3A7C0EF1B7FC.d.EE1A60CA3301560EECF78CD9B4E51DFD.e.277"}]}
COMMAND: POST /session/601af62cb68afff6944e8a635357ab53/execute/sync - {"script":"<script> [5351 bytes]","args":[{"element-6066-11e4-a52e-4f735466cecf":"f.2CF887CE126DC6B338BD3A7C0EF1B7FC.d.EE1A60CA3301560EECF78CD9B4E51DFD.e.277","ELEMENT":"f.2CF887CE126DC6B338BD3A7C0EF1B7FC.d.EE1A60CA3301560EECF78CD9B4E51DFD.e.277"}]}
COMMAND: GET /session/601af62cb68afff6944e8a635357ab53/screenshot - {}
RESULT: {}
RESULT: {"script":"<script> [5351 bytes]","args":[{"element-6066-11e4-a52e-4f735466cecf":"f.2CF887CE126DC6B338BD3A7C0EF1B7FC.d.EE1A60CA3301560EECF78CD9B4E51DFD.e.277","ELEMENT":"f.2CF887CE126DC6B338BD3A7C0EF1B7FC.d.EE1A60CA3301560EECF78CD9B4E51DFD.e.277"}]}
COMMAND: POST /session/601af62cb68afff6944e8a635357ab53/element/f.2CF887CE126DC6B338BD3A7C0EF1B7FC.d.EE1A60CA3301560EECF78CD9B4E51DFD.e.277/click - {}
COMMAND: GET /session/601af62cb68afff6944e8a635357ab53/screenshot - {}
RESULT: {}
RESULT: {}
COMMAND: GET /session/601af62cb68afff6944e8a635357ab53/screenshot - {}
RESULT: {}
RESULT: {}
COMMAND: POST /session/601af62cb68afff6944e8a635357ab53/element - {"using":"xpath","value":"//input[@id=\"application-manageyards-display-component---NewYard--yardId-inner\"]"}
RESULT: {"using":"xpath","value":"//input[@id=\"application-manageyards-display-component---NewYard--yardId-inner\"]"}
COMMAND: POST /session/601af62cb68afff6944e8a635357ab53/element - {"using":"xpath","value":"//input[@id=\"application-manageyards-display-component---NewYard--yardId-inner\"]"}
RESULT: {"using":"xpath","value":"//input[@id=\"application-manageyards-display-component---NewYard--yardId-inner\"]"}
COMMAND: POST /session/601af62cb68afff6944e8a635357ab53/execute/async - {"script":"<script> [1562 bytes]","args":[{"selector":{"id":"application-manageyards-display-component---NewYard--addressDetailDetailsName1","interaction":{"idSuffix":"inner"}},"wdio_ui5_key":"applicationmanageyards-display-component---NewYard--addressDetailDetailsName1"}]}
RESULT: {"script":"<script> [1562 bytes]","args":[{"selector":{"id":"application-manageyards-display-component---NewYard--addressDetailDetailsName1","interaction":{"idSuffix":"inner"}},"wdio_ui5_key":"applicationmanageyards-display-component---NewYard--addressDetailDetailsName1"}]}
RESULT: undefined
COMMAND: POST /session/601af62cb68afff6944e8a635357ab53/execute/async - {"script":"<script> [776 bytes]","args":[{"enterText":"Warehouse Managed WDIO","selector":{"id":"application-manageyards-display-component---NewYard--addressDetailDetailsName1","interaction":{"idSuffix":"inner"}},"clearTextFirst":true,"interactionType":"ENTER_TEXT"}]}
RESULT: {"script":"<script> [776 bytes]","args":[{"enterText":"Warehouse Managed WDIO","selector":{"id":"application-manageyards-display-component---NewYard--addressDetailDetailsName1","interaction":{"idSuffix":"inner"}},"clearTextFirst":true,"interactionType":"ENTER_TEXT"}]}
COMMAND: POST /session/601af62cb68afff6944e8a635357ab53/execute/async - {"script":"<script> [1562 bytes]","args":[{"selector":{"id":"application-manageyards-display-component---NewYard--addressDetailDetailsLanguage-arrow"},"wdio_ui5_key":"applicationmanageyards-display-component---NewYard--addressDetailDetailsLanguage-arrow"}]}
RESULT: {"script":"<script> [1562 bytes]","args":[{"selector":{"id":"application-manageyards-display-component---NewYard--addressDetailDetailsLanguage-arrow"},"wdio_ui5_key":"applicationmanageyards-display-component---NewYard--addressDetailDetailsLanguage-arrow"}]}
RESULT: undefined
COMMAND: POST /session/601af62cb68afff6944e8a635357ab53/element - {"using":"xpath","value":"//*[@id=\"application-manageyards-display-component---NewYard--addressDetailDetailsLanguage-arrow\"]"}
RESULT: {"using":"xpath","value":"//*[@id=\"application-manageyards-display-component---NewYard--addressDetailDetailsLanguage-arrow\"]"}
COMMAND: POST /session/601af62cb68afff6944e8a635357ab53/element/f.2CF887CE126DC6B338BD3A7C0EF1B7FC.d.EE1A60CA3301560EECF78CD9B4E51DFD.e.706/click - {}
RESULT: {}
COMMAND: POST /session/601af62cb68afff6944e8a635357ab53/element - {"using":"xpath","value":"//span[contains(text(), \"English\")]"}
COMMAND: GET /session/601af62cb68afff6944e8a635357ab53/screenshot - {}
RESULT: {"using":"xpath","value":"//span[contains(text(), \"English\")]"}
COMMAND: POST /session/601af62cb68afff6944e8a635357ab53/element/f.2CF887CE126DC6B338BD3A7C0EF1B7FC.d.EE1A60CA3301560EECF78CD9B4E51DFD.e.707/click - {}
RESULT: {}
RESULT: {}
COMMAND: POST /session/601af62cb68afff6944e8a635357ab53/execute/async - {"script":"<script> [1562 bytes]","args":[{"selector":{"id":"application-manageyards-display-component---NewYard--addressDetailDetailsCity1","interaction":{"idSuffix":"inner"}},"wdio_ui5_key":"applicationmanageyards-display-component---NewYard--addressDetailDetailsCity1"}]}
COMMAND: GET /session/601af62cb68afff6944e8a635357ab53/screenshot - {}
RESULT: {"script":"<script> [1562 bytes]","args":[{"selector":{"id":"application-manageyards-display-component---NewYard--addressDetailDetailsCity1","interaction":{"idSuffix":"inner"}},"wdio_ui5_key":"applicationmanageyards-display-component---NewYard--addressDetailDetailsCity1"}]}
RESULT: undefined
COMMAND: POST /session/601af62cb68afff6944e8a635357ab53/execute/async - {"script":"<script> [776 bytes]","args":[{"enterText":"Rosario","selector":{"id":"application-manageyards-display-component---NewYard--addressDetailDetailsCity1","interaction":{"idSuffix":"inner"}},"clearTextFirst":true,"interactionType":"ENTER_TEXT"}]}
RESULT: {}
RESULT: {"script":"<script> [776 bytes]","args":[{"enterText":"Rosario","selector":{"id":"application-manageyards-display-component---NewYard--addressDetailDetailsCity1","interaction":{"idSuffix":"inner"}},"clearTextFirst":true,"interactionType":"ENTER_TEXT"}]}
COMMAND: POST /session/601af62cb68afff6944e8a635357ab53/execute/async - {"script":"<script> [1562 bytes]","args":[{"selector":{"id":"application-manageyards-display-component---NewYard--addressDetailDetailsCountry-arrow"},"wdio_ui5_key":"applicationmanageyards-display-component---NewYard--addressDetailDetailsCountry-arrow"}]}
RESULT: {"script":"<script> [1562 bytes]","args":[{"selector":{"id":"application-manageyards-display-component---NewYard--addressDetailDetailsCountry-arrow"},"wdio_ui5_key":"applicationmanageyards-display-component---NewYard--addressDetailDetailsCountry-arrow"}]}
RESULT: undefined
COMMAND: POST /session/601af62cb68afff6944e8a635357ab53/element - {"using":"xpath","value":"//*[@id=\"application-manageyards-display-component---NewYard--addressDetailDetailsCountry-arrow\"]"}
RESULT: {"using":"xpath","value":"//*[@id=\"application-manageyards-display-component---NewYard--addressDetailDetailsCountry-arrow\"]"}
COMMAND: POST /session/601af62cb68afff6944e8a635357ab53/element/f.2CF887CE126DC6B338BD3A7C0EF1B7FC.d.EE1A60CA3301560EECF78CD9B4E51DFD.e.709/click - {}
RESULT: {}
COMMAND: POST /session/601af62cb68afff6944e8a635357ab53/element - {"using":"xpath","value":"//span[contains(text(), \"Argentina\")]"}
COMMAND: GET /session/601af62cb68afff6944e8a635357ab53/screenshot - {}
RESULT: {"using":"xpath","value":"//span[contains(text(), \"Argentina\")]"}
COMMAND: POST /session/601af62cb68afff6944e8a635357ab53/element/f.2CF887CE126DC6B338BD3A7C0EF1B7FC.d.EE1A60CA3301560EECF78CD9B4E51DFD.e.710/click - {}
RESULT: {}
RESULT: {}
COMMAND: POST /session/601af62cb68afff6944e8a635357ab53/execute/async - {"script":"<script> [1562 bytes]","args":[{"selector":{"id":"application-manageyards-display-component---NewYard--addressEditDetailsCostObjectCstType-arrow"},"wdio_ui5_key":"applicationmanageyards-display-component---NewYard--addressEditDetailsCostObjectCstType-arrow"}]}
COMMAND: GET /session/601af62cb68afff6944e8a635357ab53/screenshot - {}
RESULT: {"script":"<script> [1562 bytes]","args":[{"selector":{"id":"application-manageyards-display-component---NewYard--addressEditDetailsCostObjectCstType-arrow"},"wdio_ui5_key":"applicationmanageyards-display-component---NewYard--addressEditDetailsCostObjectCstType-arrow"}]}
RESULT: undefined
COMMAND: POST /session/601af62cb68afff6944e8a635357ab53/element - {"using":"xpath","value":"//*[@id=\"application-manageyards-display-component---NewYard--addressEditDetailsCostObjectCstType-arrow\"]"}
RESULT: {}
RESULT: {"using":"xpath","value":"//*[@id=\"application-manageyards-display-component---NewYard--addressEditDetailsCostObjectCstType-arrow\"]"}
COMMAND: POST /session/601af62cb68afff6944e8a635357ab53/element/f.2CF887CE126DC6B338BD3A7C0EF1B7FC.d.EE1A60CA3301560EECF78CD9B4E51DFD.e.712/click - {}
RESULT: {}
COMMAND: POST /session/601af62cb68afff6944e8a635357ab53/element - {"using":"xpath","value":"//span[contains(text(), \"Cost Center\")]"}
COMMAND: GET /session/601af62cb68afff6944e8a635357ab53/screenshot - {}
RESULT: {"using":"xpath","value":"//span[contains(text(), \"Cost Center\")]"}
COMMAND: POST /session/601af62cb68afff6944e8a635357ab53/element/f.2CF887CE126DC6B338BD3A7C0EF1B7FC.d.EE1A60CA3301560EECF78CD9B4E51DFD.e.713/click - {}
RESULT: {}
RESULT: {}
COMMAND: GET /session/601af62cb68afff6944e8a635357ab53/screenshot - {}
RESULT: {}
COMMAND: POST /session/601af62cb68afff6944e8a635357ab53/element - {"using":"xpath","value":"//span[@id=\"application-manageyards-display-component---NewYard--addressNewCostObjectCstID-vhi\"]"}
RESULT: {"using":"xpath","value":"//span[@id=\"application-manageyards-display-component---NewYard--addressNewCostObjectCstID-vhi\"]"}
COMMAND: POST /session/601af62cb68afff6944e8a635357ab53/execute/sync - {"script":"<script> [8489 bytes]","args":[{"element-6066-11e4-a52e-4f735466cecf":"f.2CF887CE126DC6B338BD3A7C0EF1B7FC.d.EE1A60CA3301560EECF78CD9B4E51DFD.e.717","ELEMENT":"f.2CF887CE126DC6B338BD3A7C0EF1B7FC.d.EE1A60CA3301560EECF78CD9B4E51DFD.e.717"}]}
RESULT: {"script":"<script> [8489 bytes]","args":[{"element-6066-11e4-a52e-4f735466cecf":"f.2CF887CE126DC6B338BD3A7C0EF1B7FC.d.EE1A60CA3301560EECF78CD9B4E51DFD.e.717","ELEMENT":"f.2CF887CE126DC6B338BD3A7C0EF1B7FC.d.EE1A60CA3301560EECF78CD9B4E51DFD.e.717"}]}
COMMAND: POST /session/601af62cb68afff6944e8a635357ab53/execute/async - {"script":"<script> [1562 bytes]","args":[{"selector":{"id":"application-manageyards-display-component---NewYard--addressNewCostObjectCstID-vhi"},"wdio_ui5_key":"applicationmanageyards-display-component---NewYard--addressNewCostObjectCstID-vhi"}]}
COMMAND: GET /session/601af62cb68afff6944e8a635357ab53/screenshot - {}
RESULT: {"script":"<script> [1562 bytes]","args":[{"selector":{"id":"application-manageyards-display-component---NewYard--addressNewCostObjectCstID-vhi"},"wdio_ui5_key":"applicationmanageyards-display-component---NewYard--addressNewCostObjectCstID-vhi"}]}
RESULT: undefined
COMMAND: POST /session/601af62cb68afff6944e8a635357ab53/element - {"using":"xpath","value":"//*[@id=\"application-manageyards-display-component---NewYard--addressNewCostObjectCstID-vhi\"]"}
RESULT: {}
RESULT: {"using":"xpath","value":"//*[@id=\"application-manageyards-display-component---NewYard--addressNewCostObjectCstID-vhi\"]"}
COMMAND: POST /session/601af62cb68afff6944e8a635357ab53/element/f.2CF887CE126DC6B338BD3A7C0EF1B7FC.d.EE1A60CA3301560EECF78CD9B4E51DFD.e.717/click - {}
RESULT: {}
COMMAND: GET /session/601af62cb68afff6944e8a635357ab53/screenshot - {}
RESULT: {}
COMMAND: POST /session/601af62cb68afff6944e8a635357ab53/execute/async - {"script":"<script> [1562 bytes]","args":[{"selector":{"controlType":"sap.m.SearchField","properties":{"placeholder":"Search"},"searchOpenDialogs":true,"interaction":{"idSuffix":"I"}},"wdio_ui5_key":"sapm.SearchField{\"placeholder\":\"Search\"}"}]}
RESULT: {"script":"<script> [1562 bytes]","args":[{"selector":{"controlType":"sap.m.SearchField","properties":{"placeholder":"Search"},"searchOpenDialogs":true,"interaction":{"idSuffix":"I"}},"wdio_ui5_key":"sapm.SearchField{\"placeholder\":\"Search\"}"}]}
RESULT: undefined
COMMAND: POST /session/601af62cb68afff6944e8a635357ab53/execute/async - {"script":"<script> [776 bytes]","args":[{"enterText":"bauh_b","selector":{"controlType":"sap.m.SearchField","properties":{"placeholder":"Search"},"searchOpenDialogs":true,"interaction":{"idSuffix":"I"}},"clearTextFirst":true,"interactionType":"ENTER_TEXT"}]}
RESULT: {"script":"<script> [776 bytes]","args":[{"enterText":"bauh_b","selector":{"controlType":"sap.m.SearchField","properties":{"placeholder":"Search"},"searchOpenDialogs":true,"interaction":{"idSuffix":"I"}},"clearTextFirst":true,"interactionType":"ENTER_TEXT"}]}
COMMAND: POST /session/601af62cb68afff6944e8a635357ab53/actions - {"actions":[{"id":"action1","type":"key","parameters":{},"actions":[{"type":"keyDown","value":"î€‡"},{"type":"pause","duration":10},{"type":"keyUp","value":"î€‡"}]}]}
RESULT: {"actions":[{"id":"action1","type":"key","parameters":{},"actions":[{"type":"keyDown","value":"î€‡"},{"type":"pause","duration":10},{"type":"keyUp","value":"î€‡"}]}]}
COMMAND: GET /session/601af62cb68afff6944e8a635357ab53/screenshot - {}
RESULT: {}
COMMAND: POST /session/601af62cb68afff6944e8a635357ab53/element - {"using":"xpath","value":"//span[contains(text(), \"Demo Yard\")]"}
RESULT: {"using":"xpath","value":"//span[contains(text(), \"Demo Yard\")]"}
COMMAND: POST /session/601af62cb68afff6944e8a635357ab53/element/f.2CF887CE126DC6B338BD3A7C0EF1B7FC.d.EE1A60CA3301560EECF78CD9B4E51DFD.e.757/click - {}
RESULT: {}
COMMAND: GET /session/601af62cb68afff6944e8a635357ab53/screenshot - {}
RESULT: {}
COMMAND: POST /session/601af62cb68afff6944e8a635357ab53/element - {"using":"xpath","value":"//bdi[contains(text(), \"OK\")]"}
RESULT: {"using":"xpath","value":"//bdi[contains(text(), \"OK\")]"}
COMMAND: POST /session/601af62cb68afff6944e8a635357ab53/element/f.2CF887CE126DC6B338BD3A7C0EF1B7FC.d.EE1A60CA3301560EECF78CD9B4E51DFD.e.758/click - {}
RESULT: {}
COMMAND: GET /session/601af62cb68afff6944e8a635357ab53/screenshot - {}
RESULT: {}
COMMAND: POST /session/601af62cb68afff6944e8a635357ab53/execute/async - {"script":"<script> [1562 bytes]","args":[{"selector":{"id":"application-manageyards-display-component---NewYard--addressEditDetailsCurrency-arrow"},"wdio_ui5_key":"applicationmanageyards-display-component---NewYard--addressEditDetailsCurrency-arrow"}]}
RESULT: {"script":"<script> [1562 bytes]","args":[{"selector":{"id":"application-manageyards-display-component---NewYard--addressEditDetailsCurrency-arrow"},"wdio_ui5_key":"applicationmanageyards-display-component---NewYard--addressEditDetailsCurrency-arrow"}]}
RESULT: undefined
COMMAND: POST /session/601af62cb68afff6944e8a635357ab53/element - {"using":"xpath","value":"//*[@id=\"application-manageyards-display-component---NewYard--addressEditDetailsCurrency-arrow\"]"}
RESULT: {"using":"xpath","value":"//*[@id=\"application-manageyards-display-component---NewYard--addressEditDetailsCurrency-arrow\"]"}
COMMAND: POST /session/601af62cb68afff6944e8a635357ab53/element/f.2CF887CE126DC6B338BD3A7C0EF1B7FC.d.EE1A60CA3301560EECF78CD9B4E51DFD.e.761/click - {}
RESULT: {}
COMMAND: POST /session/601af62cb68afff6944e8a635357ab53/element - {"using":"xpath","value":"//span[contains(text(), \"Euro\")]"}
COMMAND: GET /session/601af62cb68afff6944e8a635357ab53/screenshot - {}
RESULT: {"using":"xpath","value":"//span[contains(text(), \"Euro\")]"}
COMMAND: POST /session/601af62cb68afff6944e8a635357ab53/element/f.2CF887CE126DC6B338BD3A7C0EF1B7FC.d.EE1A60CA3301560EECF78CD9B4E51DFD.e.762/click - {}
RESULT: {}
RESULT: {}
COMMAND: POST /session/601af62cb68afff6944e8a635357ab53/execute/async - {"script":"<script> [1562 bytes]","args":[{"selector":{"controlType":"sap.m.Input","viewName":"etm.portal.ui.manageyards.view.New","viewId":"application-manageyards-display-component---NewYard","bindingPath":{"path":"","propertyPath":"/CONTROLLING_AREA","modelName":"NewYardModel"},"interaction":{"idSuffix":"inner"}},"wdio_ui5_key":"etmportal.ui.manageyards.view.Newsap.m.Input{\"path\":\"\",\"propertyPath\":\"/CONTROLLING_AREA\",\"modelName\":\"NewYardModel\"}"}]}
COMMAND: GET /session/601af62cb68afff6944e8a635357ab53/screenshot - {}
RESULT: {"script":"<script> [1562 bytes]","args":[{"selector":{"controlType":"sap.m.Input","viewName":"etm.portal.ui.manageyards.view.New","viewId":"application-manageyards-display-component---NewYard","bindingPath":{"path":"","propertyPath":"/CONTROLLING_AREA","modelName":"NewYardModel"},"interaction":{"idSuffix":"inner"}},"wdio_ui5_key":"etmportal.ui.manageyards.view.Newsap.m.Input{\"path\":\"\",\"propertyPath\":\"/CONTROLLING_AREA\",\"modelName\":\"NewYardModel\"}"}]}
RESULT: undefined
COMMAND: POST /session/601af62cb68afff6944e8a635357ab53/execute/async - {"script":"<script> [776 bytes]","args":[{"enterText":"Z001","selector":{"controlType":"sap.m.Input","viewName":"etm.portal.ui.manageyards.view.New","viewId":"application-manageyards-display-component---NewYard","bindingPath":{"path":"","propertyPath":"/CONTROLLING_AREA","modelName":"NewYardModel"},"interaction":{"idSuffix":"inner"}},"clearTextFirst":true,"interactionType":"ENTER_TEXT"}]}
RESULT: {}
RESULT: {"script":"<script> [776 bytes]","args":[{"enterText":"Z001","selector":{"controlType":"sap.m.Input","viewName":"etm.portal.ui.manageyards.view.New","viewId":"application-manageyards-display-component---NewYard","bindingPath":{"path":"","propertyPath":"/CONTROLLING_AREA","modelName":"NewYardModel"},"interaction":{"idSuffix":"inner"}},"clearTextFirst":true,"interactionType":"ENTER_TEXT"}]}
COMMAND: POST /session/601af62cb68afff6944e8a635357ab53/execute/async - {"script":"<script> [1562 bytes]","args":[{"selector":{"id":"application-manageyards-display-component---NewYard--companyCodeComboBox","interaction":{"idSuffix":"inner"}},"wdio_ui5_key":"applicationmanageyards-display-component---NewYard--companyCodeComboBox"}]}
RESULT: {"script":"<script> [1562 bytes]","args":[{"selector":{"id":"application-manageyards-display-component---NewYard--companyCodeComboBox","interaction":{"idSuffix":"inner"}},"wdio_ui5_key":"applicationmanageyards-display-component---NewYard--companyCodeComboBox"}]}
RESULT: undefined
COMMAND: POST /session/601af62cb68afff6944e8a635357ab53/execute/async - {"script":"<script> [776 bytes]","args":[{"enterText":"1000","selector":{"id":"application-manageyards-display-component---NewYard--companyCodeComboBox","interaction":{"idSuffix":"inner"}},"clearTextFirst":true,"interactionType":"ENTER_TEXT"}]}
RESULT: {"script":"<script> [776 bytes]","args":[{"enterText":"1000","selector":{"id":"application-manageyards-display-component---NewYard--companyCodeComboBox","interaction":{"idSuffix":"inner"}},"clearTextFirst":true,"interactionType":"ENTER_TEXT"}]}
COMMAND: POST /session/601af62cb68afff6944e8a635357ab53/execute/async - {"script":"<script> [1562 bytes]","args":[{"selector":{"controlType":"sap.m.Input","viewName":"etm.portal.ui.manageyards.view.New","viewId":"application-manageyards-display-component---NewYard","bindingPath":{"path":"","propertyPath":"/PLANT","modelName":"NewYardModel"},"interaction":{"idSuffix":"inner"}},"wdio_ui5_key":"etmportal.ui.manageyards.view.Newsap.m.Input{\"path\":\"\",\"propertyPath\":\"/PLANT\",\"modelName\":\"NewYardModel\"}"}]}
RESULT: {"script":"<script> [1562 bytes]","args":[{"selector":{"controlType":"sap.m.Input","viewName":"etm.portal.ui.manageyards.view.New","viewId":"application-manageyards-display-component---NewYard","bindingPath":{"path":"","propertyPath":"/PLANT","modelName":"NewYardModel"},"interaction":{"idSuffix":"inner"}},"wdio_ui5_key":"etmportal.ui.manageyards.view.Newsap.m.Input{\"path\":\"\",\"propertyPath\":\"/PLANT\",\"modelName\":\"NewYardModel\"}"}]}
RESULT: undefined
COMMAND: POST /session/601af62cb68afff6944e8a635357ab53/execute/async - {"script":"<script> [776 bytes]","args":[{"enterText":"1001","selector":{"controlType":"sap.m.Input","viewName":"etm.portal.ui.manageyards.view.New","viewId":"application-manageyards-display-component---NewYard","bindingPath":{"path":"","propertyPath":"/PLANT","modelName":"NewYardModel"},"interaction":{"idSuffix":"inner"}},"clearTextFirst":true,"interactionType":"ENTER_TEXT"}]}
RESULT: {"script":"<script> [776 bytes]","args":[{"enterText":"1001","selector":{"controlType":"sap.m.Input","viewName":"etm.portal.ui.manageyards.view.New","viewId":"application-manageyards-display-component---NewYard","bindingPath":{"path":"","propertyPath":"/PLANT","modelName":"NewYardModel"},"interaction":{"idSuffix":"inner"}},"clearTextFirst":true,"interactionType":"ENTER_TEXT"}]}
COMMAND: POST /session/601af62cb68afff6944e8a635357ab53/execute/async - {"script":"<script> [1562 bytes]","args":[{"selector":{"controlType":"sap.m.Input","viewName":"etm.portal.ui.manageyards.view.New","viewId":"application-manageyards-display-component---NewYard","bindingPath":{"path":"","propertyPath":"/SALES_AREA_VKORG","modelName":"NewYardModel"},"interaction":{"idSuffix":"inner"}},"wdio_ui5_key":"etmportal.ui.manageyards.view.Newsap.m.Input{\"path\":\"\",\"propertyPath\":\"/SALES_AREA_VKORG\",\"modelName\":\"NewYardModel\"}"}]}
RESULT: {"script":"<script> [1562 bytes]","args":[{"selector":{"controlType":"sap.m.Input","viewName":"etm.portal.ui.manageyards.view.New","viewId":"application-manageyards-display-component---NewYard","bindingPath":{"path":"","propertyPath":"/SALES_AREA_VKORG","modelName":"NewYardModel"},"interaction":{"idSuffix":"inner"}},"wdio_ui5_key":"etmportal.ui.manageyards.view.Newsap.m.Input{\"path\":\"\",\"propertyPath\":\"/SALES_AREA_VKORG\",\"modelName\":\"NewYardModel\"}"}]}
RESULT: undefined
COMMAND: POST /session/601af62cb68afff6944e8a635357ab53/execute/async - {"script":"<script> [776 bytes]","args":[{"enterText":"C002","selector":{"controlType":"sap.m.Input","viewName":"etm.portal.ui.manageyards.view.New","viewId":"application-manageyards-display-component---NewYard","bindingPath":{"path":"","propertyPath":"/SALES_AREA_VKORG","modelName":"NewYardModel"},"interaction":{"idSuffix":"inner"}},"clearTextFirst":true,"interactionType":"ENTER_TEXT"}]}
RESULT: {"script":"<script> [776 bytes]","args":[{"enterText":"C002","selector":{"controlType":"sap.m.Input","viewName":"etm.portal.ui.manageyards.view.New","viewId":"application-manageyards-display-component---NewYard","bindingPath":{"path":"","propertyPath":"/SALES_AREA_VKORG","modelName":"NewYardModel"},"interaction":{"idSuffix":"inner"}},"clearTextFirst":true,"interactionType":"ENTER_TEXT"}]}
COMMAND: POST /session/601af62cb68afff6944e8a635357ab53/execute/async - {"script":"<script> [1562 bytes]","args":[{"selector":{"controlType":"sap.m.Input","viewName":"etm.portal.ui.manageyards.view.New","viewId":"application-manageyards-display-component---NewYard","bindingPath":{"path":"","propertyPath":"/SALES_AREA_VTWEG","modelName":"NewYardModel"},"interaction":{"idSuffix":"inner"}},"wdio_ui5_key":"etmportal.ui.manageyards.view.Newsap.m.Input{\"path\":\"\",\"propertyPath\":\"/SALES_AREA_VTWEG\",\"modelName\":\"NewYardModel\"}"}]}
RESULT: {"script":"<script> [1562 bytes]","args":[{"selector":{"controlType":"sap.m.Input","viewName":"etm.portal.ui.manageyards.view.New","viewId":"application-manageyards-display-component---NewYard","bindingPath":{"path":"","propertyPath":"/SALES_AREA_VTWEG","modelName":"NewYardModel"},"interaction":{"idSuffix":"inner"}},"wdio_ui5_key":"etmportal.ui.manageyards.view.Newsap.m.Input{\"path\":\"\",\"propertyPath\":\"/SALES_AREA_VTWEG\",\"modelName\":\"NewYardModel\"}"}]}
RESULT: undefined
COMMAND: POST /session/601af62cb68afff6944e8a635357ab53/execute/async - {"script":"<script> [776 bytes]","args":[{"enterText":"C2","selector":{"controlType":"sap.m.Input","viewName":"etm.portal.ui.manageyards.view.New","viewId":"application-manageyards-display-component---NewYard","bindingPath":{"path":"","propertyPath":"/SALES_AREA_VTWEG","modelName":"NewYardModel"},"interaction":{"idSuffix":"inner"}},"clearTextFirst":true,"interactionType":"ENTER_TEXT"}]}
RESULT: {"script":"<script> [776 bytes]","args":[{"enterText":"C2","selector":{"controlType":"sap.m.Input","viewName":"etm.portal.ui.manageyards.view.New","viewId":"application-manageyards-display-component---NewYard","bindingPath":{"path":"","propertyPath":"/SALES_AREA_VTWEG","modelName":"NewYardModel"},"interaction":{"idSuffix":"inner"}},"clearTextFirst":true,"interactionType":"ENTER_TEXT"}]}
COMMAND: POST /session/601af62cb68afff6944e8a635357ab53/execute/async - {"script":"<script> [1562 bytes]","args":[{"selector":{"controlType":"sap.m.Input","viewName":"etm.portal.ui.manageyards.view.New","viewId":"application-manageyards-display-component---NewYard","bindingPath":{"path":"","propertyPath":"/SALES_AREA_SPART","modelName":"NewYardModel"},"interaction":{"idSuffix":"inner"}},"wdio_ui5_key":"etmportal.ui.manageyards.view.Newsap.m.Input{\"path\":\"\",\"propertyPath\":\"/SALES_AREA_SPART\",\"modelName\":\"NewYardModel\"}"}]}
RESULT: {"script":"<script> [1562 bytes]","args":[{"selector":{"controlType":"sap.m.Input","viewName":"etm.portal.ui.manageyards.view.New","viewId":"application-manageyards-display-component---NewYard","bindingPath":{"path":"","propertyPath":"/SALES_AREA_SPART","modelName":"NewYardModel"},"interaction":{"idSuffix":"inner"}},"wdio_ui5_key":"etmportal.ui.manageyards.view.Newsap.m.Input{\"path\":\"\",\"propertyPath\":\"/SALES_AREA_SPART\",\"modelName\":\"NewYardModel\"}"}]}
RESULT: undefined
COMMAND: POST /session/601af62cb68afff6944e8a635357ab53/execute/async - {"script":"<script> [776 bytes]","args":[{"enterText":"C2","selector":{"controlType":"sap.m.Input","viewName":"etm.portal.ui.manageyards.view.New","viewId":"application-manageyards-display-component---NewYard","bindingPath":{"path":"","propertyPath":"/SALES_AREA_SPART","modelName":"NewYardModel"},"interaction":{"idSuffix":"inner"}},"clearTextFirst":true,"interactionType":"ENTER_TEXT"}]}
RESULT: {"script":"<script> [776 bytes]","args":[{"enterText":"C2","selector":{"controlType":"sap.m.Input","viewName":"etm.portal.ui.manageyards.view.New","viewId":"application-manageyards-display-component---NewYard","bindingPath":{"path":"","propertyPath":"/SALES_AREA_SPART","modelName":"NewYardModel"},"interaction":{"idSuffix":"inner"}},"clearTextFirst":true,"interactionType":"ENTER_TEXT"}]}
COMMAND: POST /session/601af62cb68afff6944e8a635357ab53/execute/async - {"script":"<script> [1562 bytes]","args":[{"selector":{"controlType":"sap.m.Input","viewName":"etm.portal.ui.manageyards.view.New","viewId":"application-manageyards-display-component---NewYard","bindingPath":{"path":"","propertyPath":"/SHIP_POINT","modelName":"NewYardModel"},"interaction":{"idSuffix":"inner"}},"wdio_ui5_key":"etmportal.ui.manageyards.view.Newsap.m.Input{\"path\":\"\",\"propertyPath\":\"/SHIP_POINT\",\"modelName\":\"NewYardModel\"}"}]}
RESULT: {"script":"<script> [1562 bytes]","args":[{"selector":{"controlType":"sap.m.Input","viewName":"etm.portal.ui.manageyards.view.New","viewId":"application-manageyards-display-component---NewYard","bindingPath":{"path":"","propertyPath":"/SHIP_POINT","modelName":"NewYardModel"},"interaction":{"idSuffix":"inner"}},"wdio_ui5_key":"etmportal.ui.manageyards.view.Newsap.m.Input{\"path\":\"\",\"propertyPath\":\"/SHIP_POINT\",\"modelName\":\"NewYardModel\"}"}]}
RESULT: undefined
COMMAND: POST /session/601af62cb68afff6944e8a635357ab53/execute/async - {"script":"<script> [776 bytes]","args":[{"enterText":"1710","selector":{"controlType":"sap.m.Input","viewName":"etm.portal.ui.manageyards.view.New","viewId":"application-manageyards-display-component---NewYard","bindingPath":{"path":"","propertyPath":"/SHIP_POINT","modelName":"NewYardModel"},"interaction":{"idSuffix":"inner"}},"clearTextFirst":true,"interactionType":"ENTER_TEXT"}]}
RESULT: {"script":"<script> [776 bytes]","args":[{"enterText":"1710","selector":{"controlType":"sap.m.Input","viewName":"etm.portal.ui.manageyards.view.New","viewId":"application-manageyards-display-component---NewYard","bindingPath":{"path":"","propertyPath":"/SHIP_POINT","modelName":"NewYardModel"},"interaction":{"idSuffix":"inner"}},"clearTextFirst":true,"interactionType":"ENTER_TEXT"}]}
COMMAND: POST /session/601af62cb68afff6944e8a635357ab53/execute/async - {"script":"<script> [1562 bytes]","args":[{"selector":{"controlType":"sap.m.Input","viewName":"etm.portal.ui.manageyards.view.New","viewId":"application-manageyards-display-component---NewYard","bindingPath":{"path":"","propertyPath":"/DELIVERY_TYPE","modelName":"NewYardModel"},"interaction":{"idSuffix":"inner"}},"wdio_ui5_key":"etmportal.ui.manageyards.view.Newsap.m.Input{\"path\":\"\",\"propertyPath\":\"/DELIVERY_TYPE\",\"modelName\":\"NewYardModel\"}"}]}
RESULT: {"script":"<script> [1562 bytes]","args":[{"selector":{"controlType":"sap.m.Input","viewName":"etm.portal.ui.manageyards.view.New","viewId":"application-manageyards-display-component---NewYard","bindingPath":{"path":"","propertyPath":"/DELIVERY_TYPE","modelName":"NewYardModel"},"interaction":{"idSuffix":"inner"}},"wdio_ui5_key":"etmportal.ui.manageyards.view.Newsap.m.Input{\"path\":\"\",\"propertyPath\":\"/DELIVERY_TYPE\",\"modelName\":\"NewYardModel\"}"}]}
RESULT: undefined
COMMAND: POST /session/601af62cb68afff6944e8a635357ab53/execute/async - {"script":"<script> [776 bytes]","args":[{"enterText":"ZL01","selector":{"controlType":"sap.m.Input","viewName":"etm.portal.ui.manageyards.view.New","viewId":"application-manageyards-display-component---NewYard","bindingPath":{"path":"","propertyPath":"/DELIVERY_TYPE","modelName":"NewYardModel"},"interaction":{"idSuffix":"inner"}},"clearTextFirst":true,"interactionType":"ENTER_TEXT"}]}
RESULT: {"script":"<script> [776 bytes]","args":[{"enterText":"ZL01","selector":{"controlType":"sap.m.Input","viewName":"etm.portal.ui.manageyards.view.New","viewId":"application-manageyards-display-component---NewYard","bindingPath":{"path":"","propertyPath":"/DELIVERY_TYPE","modelName":"NewYardModel"},"interaction":{"idSuffix":"inner"}},"clearTextFirst":true,"interactionType":"ENTER_TEXT"}]}
COMMAND: POST /session/601af62cb68afff6944e8a635357ab53/execute/async - {"script":"<script> [1562 bytes]","args":[{"selector":{"controlType":"sap.m.Input","viewName":"etm.portal.ui.manageyards.view.New","viewId":"application-manageyards-display-component---NewYard","bindingPath":{"path":"","propertyPath":"/AUART","modelName":"NewYardModel"},"interaction":{"idSuffix":"inner"}},"wdio_ui5_key":"etmportal.ui.manageyards.view.Newsap.m.Input{\"path\":\"\",\"propertyPath\":\"/AUART\",\"modelName\":\"NewYardModel\"}"}]}
RESULT: {"script":"<script> [1562 bytes]","args":[{"selector":{"controlType":"sap.m.Input","viewName":"etm.portal.ui.manageyards.view.New","viewId":"application-manageyards-display-component---NewYard","bindingPath":{"path":"","propertyPath":"/AUART","modelName":"NewYardModel"},"interaction":{"idSuffix":"inner"}},"wdio_ui5_key":"etmportal.ui.manageyards.view.Newsap.m.Input{\"path\":\"\",\"propertyPath\":\"/AUART\",\"modelName\":\"NewYardModel\"}"}]}
RESULT: undefined
COMMAND: POST /session/601af62cb68afff6944e8a635357ab53/execute/async - {"script":"<script> [776 bytes]","args":[{"enterText":"TA","selector":{"controlType":"sap.m.Input","viewName":"etm.portal.ui.manageyards.view.New","viewId":"application-manageyards-display-component---NewYard","bindingPath":{"path":"","propertyPath":"/AUART","modelName":"NewYardModel"},"interaction":{"idSuffix":"inner"}},"clearTextFirst":true,"interactionType":"ENTER_TEXT"}]}
RESULT: {"script":"<script> [776 bytes]","args":[{"enterText":"TA","selector":{"controlType":"sap.m.Input","viewName":"etm.portal.ui.manageyards.view.New","viewId":"application-manageyards-display-component---NewYard","bindingPath":{"path":"","propertyPath":"/AUART","modelName":"NewYardModel"},"interaction":{"idSuffix":"inner"}},"clearTextFirst":true,"interactionType":"ENTER_TEXT"}]}
COMMAND: POST /session/601af62cb68afff6944e8a635357ab53/execute/async - {"script":"<script> [1562 bytes]","args":[{"selector":{"id":"application-manageyards-display-component---NewYard--whmCheckBox","interaction":{"idSuffix":"CbBg"}},"wdio_ui5_key":"applicationmanageyards-display-component---NewYard--whmCheckBox"}]}
RESULT: {"script":"<script> [1562 bytes]","args":[{"selector":{"id":"application-manageyards-display-component---NewYard--whmCheckBox","interaction":{"idSuffix":"CbBg"}},"wdio_ui5_key":"applicationmanageyards-display-component---NewYard--whmCheckBox"}]}
RESULT: undefined
COMMAND: POST /session/601af62cb68afff6944e8a635357ab53/element - {"using":"xpath","value":"//*[@id=\"application-manageyards-display-component---NewYard--whmCheckBox\"]"}
RESULT: {"using":"xpath","value":"//*[@id=\"application-manageyards-display-component---NewYard--whmCheckBox\"]"}
COMMAND: POST /session/601af62cb68afff6944e8a635357ab53/element/f.2CF887CE126DC6B338BD3A7C0EF1B7FC.d.EE1A60CA3301560EECF78CD9B4E51DFD.e.782/click - {}
RESULT: {}
COMMAND: GET /session/601af62cb68afff6944e8a635357ab53/screenshot - {}
RESULT: {}
COMMAND: POST /session/601af62cb68afff6944e8a635357ab53/element - {"using":"xpath","value":"//button[@data-kt=\"newYardSaveButton\"]"}
RESULT: {"using":"xpath","value":"//button[@data-kt=\"newYardSaveButton\"]"}
COMMAND: POST /session/601af62cb68afff6944e8a635357ab53/element/f.2CF887CE126DC6B338BD3A7C0EF1B7FC.d.EE1A60CA3301560EECF78CD9B4E51DFD.e.673/click - {}
RESULT: {}
COMMAND: GET /session/601af62cb68afff6944e8a635357ab53/screenshot - {}
RESULT: {}
COMMAND: POST /session/601af62cb68afff6944e8a635357ab53/element - {"using":"xpath","value":"//header[contains(@id, 'ObjectPageLayout-headerTitle')]/div[1]/div[2]/div[1]/span[1]"}
RESULT: {"using":"xpath","value":"//header[contains(@id, 'ObjectPageLayout-headerTitle')]/div[1]/div[2]/div[1]/span[1]"}
COMMAND: POST /session/601af62cb68afff6944e8a635357ab53/elements - {"using":"xpath","value":"//header[contains(@id, 'ObjectPageLayout-headerTitle')]/div[1]/div[2]/div[1]/span[1]"}
RESULT: {"using":"xpath","value":"//header[contains(@id, 'ObjectPageLayout-headerTitle')]/div[1]/div[2]/div[1]/span[1]"}
COMMAND: POST /session/601af62cb68afff6944e8a635357ab53/execute/sync - {"script":"<script> [56 bytes]","args":[{"element-6066-11e4-a52e-4f735466cecf":"f.2CF887CE126DC6B338BD3A7C0EF1B7FC.d.EE1A60CA3301560EECF78CD9B4E51DFD.e.990","ELEMENT":"f.2CF887CE126DC6B338BD3A7C0EF1B7FC.d.EE1A60CA3301560EECF78CD9B4E51DFD.e.990"}]}
RESULT: {"script":"<script> [56 bytes]","args":[{"element-6066-11e4-a52e-4f735466cecf":"f.2CF887CE126DC6B338BD3A7C0EF1B7FC.d.EE1A60CA3301560EECF78CD9B4E51DFD.e.990","ELEMENT":"f.2CF887CE126DC6B338BD3A7C0EF1B7FC.d.EE1A60CA3301560EECF78CD9B4E51DFD.e.990"}]}
COMMAND: GET /session/601af62cb68afff6944e8a635357ab53/screenshot - {}
RESULT: {}
COMMAND: POST /session/601af62cb68afff6944e8a635357ab53/element - {"using":"css selector","value":"#shell-header-logo"}
RESULT: {"using":"css selector","value":"#shell-header-logo"}
COMMAND: POST /session/601af62cb68afff6944e8a635357ab53/element/f.2CF887CE126DC6B338BD3A7C0EF1B7FC.d.EE1A60CA3301560EECF78CD9B4E51DFD.e.235/click - {}
RESULT: {}
COMMAND: GET /session/601af62cb68afff6944e8a635357ab53/screenshot - {}
RESULT: {}
COMMAND: POST /session/601af62cb68afff6944e8a635357ab53/execute/sync - {"script":"<script> [299 bytes]","args":[["getModel","getResource"]]}
RESULT: {"script":"<script> [299 bytes]","args":[["getModel","getResource"]]}
COMMAND: GET /session/601af62cb68afff6944e8a635357ab53/screenshot - {}
]]></system-out>
    </testcase>
    <testcase classname="chrome.136_0_7103_49.windows.Stock_increase_-_with_WHM_US125587" name="Should create a new external WHM partner" time="100.698">
      <system-out><![CDATA[
COMMAND: POST /session/601af62cb68afff6944e8a635357ab53/window/fullscreen - {}
RESULT: {}
RESULT: {}
COMMAND: POST /session/601af62cb68afff6944e8a635357ab53/execute/async - {"script":"<script> [1562 bytes]","args":[{"selector":{"controlType":"sap.m.GenericTile","properties":{"header":"Manage Partners"}},"wdio_ui5_key":"sapm.GenericTile{\"header\":\"Manage Partners\"}"}]}
RESULT: {"script":"<script> [1562 bytes]","args":[{"selector":{"controlType":"sap.m.GenericTile","properties":{"header":"Manage Partners"}},"wdio_ui5_key":"sapm.GenericTile{\"header\":\"Manage Partners\"}"}]}
RESULT: undefined
COMMAND: POST /session/601af62cb68afff6944e8a635357ab53/element - {"using":"xpath","value":"//*[@id=\"__tile38\"]"}
RESULT: {"using":"xpath","value":"//*[@id=\"__tile38\"]"}
COMMAND: POST /session/601af62cb68afff6944e8a635357ab53/element/f.2CF887CE126DC6B338BD3A7C0EF1B7FC.d.EE1A60CA3301560EECF78CD9B4E51DFD.e.121/click - {}
RESULT: {}
COMMAND: GET /session/601af62cb68afff6944e8a635357ab53/screenshot - {}
RESULT: {}
COMMAND: POST /session/601af62cb68afff6944e8a635357ab53/elements - {"using":"xpath","value":"//span[text()='Error']"}
RESULT: {"using":"xpath","value":"//span[text()='Error']"}
COMMAND: POST /session/601af62cb68afff6944e8a635357ab53/element - {"using":"xpath","value":"//button[@data-kt=\"addButton\"]"}
RESULT: {"using":"xpath","value":"//button[@data-kt=\"addButton\"]"}
COMMAND: POST /session/601af62cb68afff6944e8a635357ab53/elements - {"using":"xpath","value":"//button[@data-kt=\"addButton\"]"}
RESULT: {"using":"xpath","value":"//button[@data-kt=\"addButton\"]"}
COMMAND: POST /session/601af62cb68afff6944e8a635357ab53/execute/sync - {"script":"<script> [8489 bytes]","args":[{"element-6066-11e4-a52e-4f735466cecf":"f.2CF887CE126DC6B338BD3A7C0EF1B7FC.d.EE1A60CA3301560EECF78CD9B4E51DFD.e.1139","ELEMENT":"f.2CF887CE126DC6B338BD3A7C0EF1B7FC.d.EE1A60CA3301560EECF78CD9B4E51DFD.e.1139"}]}
RESULT: {"script":"<script> [8489 bytes]","args":[{"element-6066-11e4-a52e-4f735466cecf":"f.2CF887CE126DC6B338BD3A7C0EF1B7FC.d.EE1A60CA3301560EECF78CD9B4E51DFD.e.1139","ELEMENT":"f.2CF887CE126DC6B338BD3A7C0EF1B7FC.d.EE1A60CA3301560EECF78CD9B4E51DFD.e.1139"}]}
COMMAND: GET /session/601af62cb68afff6944e8a635357ab53/element/f.2CF887CE126DC6B338BD3A7C0EF1B7FC.d.EE1A60CA3301560EECF78CD9B4E51DFD.e.1139/enabled - {}
COMMAND: GET /session/601af62cb68afff6944e8a635357ab53/screenshot - {}
RESULT: {}
COMMAND: POST /session/601af62cb68afff6944e8a635357ab53/execute/sync - {"script":"<script> [8489 bytes]","args":[{"element-6066-11e4-a52e-4f735466cecf":"f.2CF887CE126DC6B338BD3A7C0EF1B7FC.d.EE1A60CA3301560EECF78CD9B4E51DFD.e.1139","ELEMENT":"f.2CF887CE126DC6B338BD3A7C0EF1B7FC.d.EE1A60CA3301560EECF78CD9B4E51DFD.e.1139"}]}
COMMAND: GET /session/601af62cb68afff6944e8a635357ab53/screenshot - {}
RESULT: {}
RESULT: {"script":"<script> [8489 bytes]","args":[{"element-6066-11e4-a52e-4f735466cecf":"f.2CF887CE126DC6B338BD3A7C0EF1B7FC.d.EE1A60CA3301560EECF78CD9B4E51DFD.e.1139","ELEMENT":"f.2CF887CE126DC6B338BD3A7C0EF1B7FC.d.EE1A60CA3301560EECF78CD9B4E51DFD.e.1139"}]}
COMMAND: POST /session/601af62cb68afff6944e8a635357ab53/execute/sync - {"script":"<script> [5351 bytes]","args":[{"element-6066-11e4-a52e-4f735466cecf":"f.2CF887CE126DC6B338BD3A7C0EF1B7FC.d.EE1A60CA3301560EECF78CD9B4E51DFD.e.1139","ELEMENT":"f.2CF887CE126DC6B338BD3A7C0EF1B7FC.d.EE1A60CA3301560EECF78CD9B4E51DFD.e.1139"}]}
COMMAND: GET /session/601af62cb68afff6944e8a635357ab53/screenshot - {}
RESULT: {}
RESULT: {"script":"<script> [5351 bytes]","args":[{"element-6066-11e4-a52e-4f735466cecf":"f.2CF887CE126DC6B338BD3A7C0EF1B7FC.d.EE1A60CA3301560EECF78CD9B4E51DFD.e.1139","ELEMENT":"f.2CF887CE126DC6B338BD3A7C0EF1B7FC.d.EE1A60CA3301560EECF78CD9B4E51DFD.e.1139"}]}
COMMAND: POST /session/601af62cb68afff6944e8a635357ab53/element/f.2CF887CE126DC6B338BD3A7C0EF1B7FC.d.EE1A60CA3301560EECF78CD9B4E51DFD.e.1139/click - {}
COMMAND: GET /session/601af62cb68afff6944e8a635357ab53/screenshot - {}
RESULT: {}
RESULT: {}
COMMAND: GET /session/601af62cb68afff6944e8a635357ab53/screenshot - {}
COMMAND: POST /session/601af62cb68afff6944e8a635357ab53/execute/async - {"script":"<script> [1562 bytes]","args":[{"selector":{"id":"application-managepartners-display-component---NewPartner--addressDetailDetailsName1","interaction":{"idSuffix":"inner"}},"wdio_ui5_key":"applicationmanagepartners-display-component---NewPartner--addressDetailDetailsName1"}]}
RESULT: {}
RESULT: {}
RESULT: {"script":"<script> [1562 bytes]","args":[{"selector":{"id":"application-managepartners-display-component---NewPartner--addressDetailDetailsName1","interaction":{"idSuffix":"inner"}},"wdio_ui5_key":"applicationmanagepartners-display-component---NewPartner--addressDetailDetailsName1"}]}
RESULT: undefined
COMMAND: POST /session/601af62cb68afff6944e8a635357ab53/execute/async - {"script":"<script> [776 bytes]","args":[{"enterText":"External Partner WDIO","selector":{"id":"application-managepartners-display-component---NewPartner--addressDetailDetailsName1","interaction":{"idSuffix":"inner"}},"clearTextFirst":true,"interactionType":"ENTER_TEXT"}]}
RESULT: {"script":"<script> [776 bytes]","args":[{"enterText":"External Partner WDIO","selector":{"id":"application-managepartners-display-component---NewPartner--addressDetailDetailsName1","interaction":{"idSuffix":"inner"}},"clearTextFirst":true,"interactionType":"ENTER_TEXT"}]}
COMMAND: POST /session/601af62cb68afff6944e8a635357ab53/execute/async - {"script":"<script> [1562 bytes]","args":[{"selector":{"id":"application-managepartners-display-component---NewPartner--addressDetailDetailsLanguage-arrow"},"wdio_ui5_key":"applicationmanagepartners-display-component---NewPartner--addressDetailDetailsLanguage-arrow"}]}
RESULT: {"script":"<script> [1562 bytes]","args":[{"selector":{"id":"application-managepartners-display-component---NewPartner--addressDetailDetailsLanguage-arrow"},"wdio_ui5_key":"applicationmanagepartners-display-component---NewPartner--addressDetailDetailsLanguage-arrow"}]}
RESULT: undefined
COMMAND: POST /session/601af62cb68afff6944e8a635357ab53/element - {"using":"xpath","value":"//*[@id=\"application-managepartners-display-component---NewPartner--addressDetailDetailsLanguage-arrow\"]"}
RESULT: {"using":"xpath","value":"//*[@id=\"application-managepartners-display-component---NewPartner--addressDetailDetailsLanguage-arrow\"]"}
COMMAND: POST /session/601af62cb68afff6944e8a635357ab53/element/f.2CF887CE126DC6B338BD3A7C0EF1B7FC.d.EE1A60CA3301560EECF78CD9B4E51DFD.e.1488/click - {}
RESULT: {}
COMMAND: POST /session/601af62cb68afff6944e8a635357ab53/element - {"using":"xpath","value":"//span[contains(text(), \"English\")]"}
COMMAND: GET /session/601af62cb68afff6944e8a635357ab53/screenshot - {}
RESULT: {"using":"xpath","value":"//span[contains(text(), \"English\")]"}
COMMAND: POST /session/601af62cb68afff6944e8a635357ab53/element/f.2CF887CE126DC6B338BD3A7C0EF1B7FC.d.EE1A60CA3301560EECF78CD9B4E51DFD.e.1489/click - {}
RESULT: {}
RESULT: {}
COMMAND: GET /session/601af62cb68afff6944e8a635357ab53/screenshot - {}
RESULT: {}
COMMAND: POST /session/601af62cb68afff6944e8a635357ab53/execute/async - {"script":"<script> [1562 bytes]","args":[{"selector":{"id":"application-managepartners-display-component---NewPartner--addressDetailDetailsCity1","interaction":{"idSuffix":"inner"}},"wdio_ui5_key":"applicationmanagepartners-display-component---NewPartner--addressDetailDetailsCity1"}]}
RESULT: {"script":"<script> [1562 bytes]","args":[{"selector":{"id":"application-managepartners-display-component---NewPartner--addressDetailDetailsCity1","interaction":{"idSuffix":"inner"}},"wdio_ui5_key":"applicationmanagepartners-display-component---NewPartner--addressDetailDetailsCity1"}]}
RESULT: undefined
COMMAND: POST /session/601af62cb68afff6944e8a635357ab53/execute/async - {"script":"<script> [776 bytes]","args":[{"enterText":"Rosario","selector":{"id":"application-managepartners-display-component---NewPartner--addressDetailDetailsCity1","interaction":{"idSuffix":"inner"}},"clearTextFirst":true,"interactionType":"ENTER_TEXT"}]}
RESULT: {"script":"<script> [776 bytes]","args":[{"enterText":"Rosario","selector":{"id":"application-managepartners-display-component---NewPartner--addressDetailDetailsCity1","interaction":{"idSuffix":"inner"}},"clearTextFirst":true,"interactionType":"ENTER_TEXT"}]}
COMMAND: POST /session/601af62cb68afff6944e8a635357ab53/execute/async - {"script":"<script> [1562 bytes]","args":[{"selector":{"id":"application-managepartners-display-component---NewPartner--addressDetailDetailsCountry-arrow"},"wdio_ui5_key":"applicationmanagepartners-display-component---NewPartner--addressDetailDetailsCountry-arrow"}]}
RESULT: {"script":"<script> [1562 bytes]","args":[{"selector":{"id":"application-managepartners-display-component---NewPartner--addressDetailDetailsCountry-arrow"},"wdio_ui5_key":"applicationmanagepartners-display-component---NewPartner--addressDetailDetailsCountry-arrow"}]}
RESULT: undefined
COMMAND: POST /session/601af62cb68afff6944e8a635357ab53/element - {"using":"xpath","value":"//*[@id=\"application-managepartners-display-component---NewPartner--addressDetailDetailsCountry-arrow\"]"}
RESULT: {"using":"xpath","value":"//*[@id=\"application-managepartners-display-component---NewPartner--addressDetailDetailsCountry-arrow\"]"}
COMMAND: POST /session/601af62cb68afff6944e8a635357ab53/element/f.2CF887CE126DC6B338BD3A7C0EF1B7FC.d.EE1A60CA3301560EECF78CD9B4E51DFD.e.1456/click - {}
RESULT: {}
COMMAND: POST /session/601af62cb68afff6944e8a635357ab53/element - {"using":"xpath","value":"//span[contains(text(), \"Argentina\")]"}
COMMAND: GET /session/601af62cb68afff6944e8a635357ab53/screenshot - {}
RESULT: {"using":"xpath","value":"//span[contains(text(), \"Argentina\")]"}
COMMAND: POST /session/601af62cb68afff6944e8a635357ab53/element/f.2CF887CE126DC6B338BD3A7C0EF1B7FC.d.EE1A60CA3301560EECF78CD9B4E51DFD.e.1491/click - {}
RESULT: {}
RESULT: {}
COMMAND: GET /session/601af62cb68afff6944e8a635357ab53/screenshot - {}
RESULT: {}
COMMAND: POST /session/601af62cb68afff6944e8a635357ab53/element - {"using":"xpath","value":"//bdi[contains(text(), \"Commercial\")]"}
RESULT: {"using":"xpath","value":"//bdi[contains(text(), \"Commercial\")]"}
COMMAND: POST /session/601af62cb68afff6944e8a635357ab53/element/f.2CF887CE126DC6B338BD3A7C0EF1B7FC.d.EE1A60CA3301560EECF78CD9B4E51DFD.e.1492/click - {}
RESULT: {}
COMMAND: GET /session/601af62cb68afff6944e8a635357ab53/screenshot - {}
RESULT: {}
COMMAND: POST /session/601af62cb68afff6944e8a635357ab53/execute/async - {"script":"<script> [1562 bytes]","args":[{"selector":{"id":"application-managepartners-display-component---NewPartner--partnerDetailInternal-arrow"},"wdio_ui5_key":"applicationmanagepartners-display-component---NewPartner--partnerDetailInternal-arrow"}]}
RESULT: {"script":"<script> [1562 bytes]","args":[{"selector":{"id":"application-managepartners-display-component---NewPartner--partnerDetailInternal-arrow"},"wdio_ui5_key":"applicationmanagepartners-display-component---NewPartner--partnerDetailInternal-arrow"}]}
RESULT: undefined
COMMAND: POST /session/601af62cb68afff6944e8a635357ab53/element - {"using":"xpath","value":"//*[@id=\"application-managepartners-display-component---NewPartner--partnerDetailInternal-arrow\"]"}
RESULT: {"using":"xpath","value":"//*[@id=\"application-managepartners-display-component---NewPartner--partnerDetailInternal-arrow\"]"}
COMMAND: POST /session/601af62cb68afff6944e8a635357ab53/element/f.2CF887CE126DC6B338BD3A7C0EF1B7FC.d.EE1A60CA3301560EECF78CD9B4E51DFD.e.1498/click - {}
RESULT: {}
COMMAND: POST /session/601af62cb68afff6944e8a635357ab53/element - {"using":"xpath","value":"//span[contains(text(), \"External partner\")]"}
COMMAND: GET /session/601af62cb68afff6944e8a635357ab53/screenshot - {}
RESULT: {"using":"xpath","value":"//span[contains(text(), \"External partner\")]"}
COMMAND: POST /session/601af62cb68afff6944e8a635357ab53/element/f.2CF887CE126DC6B338BD3A7C0EF1B7FC.d.EE1A60CA3301560EECF78CD9B4E51DFD.e.1499/click - {}
RESULT: {}
RESULT: {}
COMMAND: POST /session/601af62cb68afff6944e8a635357ab53/execute/async - {"script":"<script> [1562 bytes]","args":[{"selector":{"id":"application-managepartners-display-component---NewPartner--partnerDetailsCurrency-arrow"},"wdio_ui5_key":"applicationmanagepartners-display-component---NewPartner--partnerDetailsCurrency-arrow"}]}
COMMAND: GET /session/601af62cb68afff6944e8a635357ab53/screenshot - {}
RESULT: {"script":"<script> [1562 bytes]","args":[{"selector":{"id":"application-managepartners-display-component---NewPartner--partnerDetailsCurrency-arrow"},"wdio_ui5_key":"applicationmanagepartners-display-component---NewPartner--partnerDetailsCurrency-arrow"}]}
RESULT: undefined
COMMAND: POST /session/601af62cb68afff6944e8a635357ab53/element - {"using":"xpath","value":"//*[@id=\"application-managepartners-display-component---NewPartner--partnerDetailsCurrency-arrow\"]"}
RESULT: {}
RESULT: {"using":"xpath","value":"//*[@id=\"application-managepartners-display-component---NewPartner--partnerDetailsCurrency-arrow\"]"}
COMMAND: POST /session/601af62cb68afff6944e8a635357ab53/element/f.2CF887CE126DC6B338BD3A7C0EF1B7FC.d.EE1A60CA3301560EECF78CD9B4E51DFD.e.1504/click - {}
RESULT: {}
COMMAND: POST /session/601af62cb68afff6944e8a635357ab53/element - {"using":"xpath","value":"//span[contains(text(), \"US Dollar\")]"}
COMMAND: GET /session/601af62cb68afff6944e8a635357ab53/screenshot - {}
RESULT: {"using":"xpath","value":"//span[contains(text(), \"US Dollar\")]"}
COMMAND: POST /session/601af62cb68afff6944e8a635357ab53/element/f.2CF887CE126DC6B338BD3A7C0EF1B7FC.d.EE1A60CA3301560EECF78CD9B4E51DFD.e.1505/click - {}
RESULT: {}
RESULT: {}
COMMAND: GET /session/601af62cb68afff6944e8a635357ab53/screenshot - {}
RESULT: {}
COMMAND: POST /session/601af62cb68afff6944e8a635357ab53/element - {"using":"xpath","value":"//input[@id=\"application-managepartners-display-component---NewPartner--companyCodeComboBox-inner\"]"}
RESULT: {"using":"xpath","value":"//input[@id=\"application-managepartners-display-component---NewPartner--companyCodeComboBox-inner\"]"}
COMMAND: POST /session/601af62cb68afff6944e8a635357ab53/element/f.2CF887CE126DC6B338BD3A7C0EF1B7FC.d.EE1A60CA3301560EECF78CD9B4E51DFD.e.1355/clear - {}
RESULT: {}
COMMAND: POST /session/601af62cb68afff6944e8a635357ab53/element/f.2CF887CE126DC6B338BD3A7C0EF1B7FC.d.EE1A60CA3301560EECF78CD9B4E51DFD.e.1355/value - {"text":"C002"}
COMMAND: GET /session/601af62cb68afff6944e8a635357ab53/screenshot - {}
RESULT: {"text":"C002"}
COMMAND: GET /session/601af62cb68afff6944e8a635357ab53/screenshot - {}
RESULT: {}
RESULT: {}
COMMAND: POST /session/601af62cb68afff6944e8a635357ab53/element - {"using":"xpath","value":"//li[.//span[text()= \"C002\"]]"}
RESULT: {"using":"xpath","value":"//li[.//span[text()= \"C002\"]]"}
COMMAND: POST /session/601af62cb68afff6944e8a635357ab53/element/f.2CF887CE126DC6B338BD3A7C0EF1B7FC.d.EE1A60CA3301560EECF78CD9B4E51DFD.e.1509/click - {}
RESULT: {}
COMMAND: GET /session/601af62cb68afff6944e8a635357ab53/screenshot - {}
RESULT: {}
COMMAND: POST /session/601af62cb68afff6944e8a635357ab53/execute/async - {"script":"<script> [1562 bytes]","args":[{"selector":{"id":"application-managepartners-display-component---NewPartner--btnAddTableRow-img"},"wdio_ui5_key":"applicationmanagepartners-display-component---NewPartner--btnAddTableRow-img"}]}
RESULT: {"script":"<script> [1562 bytes]","args":[{"selector":{"id":"application-managepartners-display-component---NewPartner--btnAddTableRow-img"},"wdio_ui5_key":"applicationmanagepartners-display-component---NewPartner--btnAddTableRow-img"}]}
RESULT: undefined
COMMAND: POST /session/601af62cb68afff6944e8a635357ab53/element - {"using":"xpath","value":"//*[@id=\"application-managepartners-display-component---NewPartner--btnAddTableRow-img\"]"}
RESULT: {"using":"xpath","value":"//*[@id=\"application-managepartners-display-component---NewPartner--btnAddTableRow-img\"]"}
COMMAND: POST /session/601af62cb68afff6944e8a635357ab53/element/f.2CF887CE126DC6B338BD3A7C0EF1B7FC.d.EE1A60CA3301560EECF78CD9B4E51DFD.e.1510/click - {}
RESULT: {}
COMMAND: GET /session/601af62cb68afff6944e8a635357ab53/screenshot - {}
RESULT: {}
COMMAND: POST /session/601af62cb68afff6944e8a635357ab53/element - {"using":"xpath","value":"//input[@id=\"application-managepartners-display-component---NewPartner--assignmentYard-application-managepartners-display-component---NewPartner--assignmentsTable-0-inner\"]"}
RESULT: {"using":"xpath","value":"//input[@id=\"application-managepartners-display-component---NewPartner--assignmentYard-application-managepartners-display-component---NewPartner--assignmentsTable-0-inner\"]"}
COMMAND: POST /session/601af62cb68afff6944e8a635357ab53/element/f.2CF887CE126DC6B338BD3A7C0EF1B7FC.d.EE1A60CA3301560EECF78CD9B4E51DFD.e.1513/clear - {}
RESULT: {}
COMMAND: POST /session/601af62cb68afff6944e8a635357ab53/element/f.2CF887CE126DC6B338BD3A7C0EF1B7FC.d.EE1A60CA3301560EECF78CD9B4E51DFD.e.1513/value - {"text":"356"}
COMMAND: GET /session/601af62cb68afff6944e8a635357ab53/screenshot - {}
RESULT: {"text":"356"}
COMMAND: GET /session/601af62cb68afff6944e8a635357ab53/screenshot - {}
RESULT: {}
RESULT: {}
COMMAND: POST /session/601af62cb68afff6944e8a635357ab53/element - {"using":"xpath","value":"//li[.//span[text()='356']]"}
RESULT: {"using":"xpath","value":"//li[.//span[text()='356']]"}
COMMAND: POST /session/601af62cb68afff6944e8a635357ab53/element/f.2CF887CE126DC6B338BD3A7C0EF1B7FC.d.EE1A60CA3301560EECF78CD9B4E51DFD.e.1521/click - {}
RESULT: {}
COMMAND: GET /session/601af62cb68afff6944e8a635357ab53/screenshot - {}
RESULT: {}
COMMAND: POST /session/601af62cb68afff6944e8a635357ab53/actions - {"actions":[{"id":"action2","type":"key","parameters":{},"actions":[{"type":"keyDown","value":"î€‡"},{"type":"pause","duration":10},{"type":"keyUp","value":"î€‡"}]}]}
RESULT: {"actions":[{"id":"action2","type":"key","parameters":{},"actions":[{"type":"keyDown","value":"î€‡"},{"type":"pause","duration":10},{"type":"keyUp","value":"î€‡"}]}]}
COMMAND: POST /session/601af62cb68afff6944e8a635357ab53/element - {"using":"xpath","value":"//td[contains(@id, \"assignmentsTable-0-cell2\")]/div/div"}
COMMAND: GET /session/601af62cb68afff6944e8a635357ab53/screenshot - {}
RESULT: {"using":"xpath","value":"//td[contains(@id, \"assignmentsTable-0-cell2\")]/div/div"}
COMMAND: POST /session/601af62cb68afff6944e8a635357ab53/element/f.2CF887CE126DC6B338BD3A7C0EF1B7FC.d.EE1A60CA3301560EECF78CD9B4E51DFD.e.1524/click - {}
RESULT: {}
RESULT: {}
COMMAND: GET /session/601af62cb68afff6944e8a635357ab53/screenshot - {}
RESULT: {}
COMMAND: POST /session/601af62cb68afff6944e8a635357ab53/element - {"using":"xpath","value":"//button[@data-kt=\"saveButton\"]"}
RESULT: {"using":"xpath","value":"//button[@data-kt=\"saveButton\"]"}
COMMAND: POST /session/601af62cb68afff6944e8a635357ab53/element/f.2CF887CE126DC6B338BD3A7C0EF1B7FC.d.EE1A60CA3301560EECF78CD9B4E51DFD.e.1393/click - {}
RESULT: {}
COMMAND: GET /session/601af62cb68afff6944e8a635357ab53/screenshot - {}
RESULT: {}
COMMAND: POST /session/601af62cb68afff6944e8a635357ab53/element - {"using":"xpath","value":"//header[contains(@id, 'ObjectPageLayout-headerTitle')]/div[1]/div[2]/div[2]/span[1]"}
RESULT: {"using":"xpath","value":"//header[contains(@id, 'ObjectPageLayout-headerTitle')]/div[1]/div[2]/div[2]/span[1]"}
COMMAND: POST /session/601af62cb68afff6944e8a635357ab53/elements - {"using":"xpath","value":"//header[contains(@id, 'ObjectPageLayout-headerTitle')]/div[1]/div[2]/div[2]/span[1]"}
RESULT: {"using":"xpath","value":"//header[contains(@id, 'ObjectPageLayout-headerTitle')]/div[1]/div[2]/div[2]/span[1]"}
COMMAND: POST /session/601af62cb68afff6944e8a635357ab53/execute/sync - {"script":"<script> [56 bytes]","args":[{"element-6066-11e4-a52e-4f735466cecf":"f.2CF887CE126DC6B338BD3A7C0EF1B7FC.d.EE1A60CA3301560EECF78CD9B4E51DFD.e.1687","ELEMENT":"f.2CF887CE126DC6B338BD3A7C0EF1B7FC.d.EE1A60CA3301560EECF78CD9B4E51DFD.e.1687"}]}
RESULT: {"script":"<script> [56 bytes]","args":[{"element-6066-11e4-a52e-4f735466cecf":"f.2CF887CE126DC6B338BD3A7C0EF1B7FC.d.EE1A60CA3301560EECF78CD9B4E51DFD.e.1687","ELEMENT":"f.2CF887CE126DC6B338BD3A7C0EF1B7FC.d.EE1A60CA3301560EECF78CD9B4E51DFD.e.1687"}]}
COMMAND: POST /session/601af62cb68afff6944e8a635357ab53/element - {"using":"css selector","value":"#shell-header-logo"}
COMMAND: GET /session/601af62cb68afff6944e8a635357ab53/screenshot - {}
RESULT: {"using":"css selector","value":"#shell-header-logo"}
COMMAND: POST /session/601af62cb68afff6944e8a635357ab53/element/f.2CF887CE126DC6B338BD3A7C0EF1B7FC.d.EE1A60CA3301560EECF78CD9B4E51DFD.e.995/click - {}
RESULT: {}
RESULT: {}
COMMAND: GET /session/601af62cb68afff6944e8a635357ab53/screenshot - {}
RESULT: {}
COMMAND: POST /session/601af62cb68afff6944e8a635357ab53/execute/sync - {"script":"<script> [299 bytes]","args":[["getModel","getResource"]]}
RESULT: {"script":"<script> [299 bytes]","args":[["getModel","getResource"]]}
]]></system-out>
    </testcase>
    <testcase classname="chrome.136_0_7103_49.windows.Stock_increase_-_with_WHM_US125587" name="Should create a new WHM site" time="90.564">
      <system-out><![CDATA[
COMMAND: POST /session/601af62cb68afff6944e8a635357ab53/execute/async - {"script":"<script> [1562 bytes]","args":[{"selector":{"controlType":"sap.m.GenericTile","properties":{"header":"Manage Sites"}},"wdio_ui5_key":"sapm.GenericTile{\"header\":\"Manage Sites\"}"}]}
COMMAND: GET /session/601af62cb68afff6944e8a635357ab53/screenshot - {}
RESULT: {"script":"<script> [1562 bytes]","args":[{"selector":{"controlType":"sap.m.GenericTile","properties":{"header":"Manage Sites"}},"wdio_ui5_key":"sapm.GenericTile{\"header\":\"Manage Sites\"}"}]}
RESULT: undefined
COMMAND: POST /session/601af62cb68afff6944e8a635357ab53/element - {"using":"xpath","value":"//*[@id=\"__tile40\"]"}
RESULT: {}
RESULT: {"using":"xpath","value":"//*[@id=\"__tile40\"]"}
COMMAND: POST /session/601af62cb68afff6944e8a635357ab53/element/f.2CF887CE126DC6B338BD3A7C0EF1B7FC.d.EE1A60CA3301560EECF78CD9B4E51DFD.e.127/click - {}
RESULT: {}
COMMAND: GET /session/601af62cb68afff6944e8a635357ab53/screenshot - {}
RESULT: {}
COMMAND: POST /session/601af62cb68afff6944e8a635357ab53/elements - {"using":"xpath","value":"//span[text()='Error']"}
RESULT: {"using":"xpath","value":"//span[text()='Error']"}
COMMAND: POST /session/601af62cb68afff6944e8a635357ab53/element - {"using":"xpath","value":"//button[@data-kt=\"addOverflowToolbarButton\"]"}
RESULT: {"using":"xpath","value":"//button[@data-kt=\"addOverflowToolbarButton\"]"}
COMMAND: POST /session/601af62cb68afff6944e8a635357ab53/elements - {"using":"xpath","value":"//button[@data-kt=\"addOverflowToolbarButton\"]"}
RESULT: {"using":"xpath","value":"//button[@data-kt=\"addOverflowToolbarButton\"]"}
COMMAND: POST /session/601af62cb68afff6944e8a635357ab53/execute/sync - {"script":"<script> [8489 bytes]","args":[{"element-6066-11e4-a52e-4f735466cecf":"f.2CF887CE126DC6B338BD3A7C0EF1B7FC.d.EE1A60CA3301560EECF78CD9B4E51DFD.e.1734","ELEMENT":"f.2CF887CE126DC6B338BD3A7C0EF1B7FC.d.EE1A60CA3301560EECF78CD9B4E51DFD.e.1734"}]}
RESULT: {"script":"<script> [8489 bytes]","args":[{"element-6066-11e4-a52e-4f735466cecf":"f.2CF887CE126DC6B338BD3A7C0EF1B7FC.d.EE1A60CA3301560EECF78CD9B4E51DFD.e.1734","ELEMENT":"f.2CF887CE126DC6B338BD3A7C0EF1B7FC.d.EE1A60CA3301560EECF78CD9B4E51DFD.e.1734"}]}
COMMAND: GET /session/601af62cb68afff6944e8a635357ab53/element/f.2CF887CE126DC6B338BD3A7C0EF1B7FC.d.EE1A60CA3301560EECF78CD9B4E51DFD.e.1734/enabled - {}
COMMAND: GET /session/601af62cb68afff6944e8a635357ab53/screenshot - {}
RESULT: {}
COMMAND: POST /session/601af62cb68afff6944e8a635357ab53/execute/sync - {"script":"<script> [8489 bytes]","args":[{"element-6066-11e4-a52e-4f735466cecf":"f.2CF887CE126DC6B338BD3A7C0EF1B7FC.d.EE1A60CA3301560EECF78CD9B4E51DFD.e.1734","ELEMENT":"f.2CF887CE126DC6B338BD3A7C0EF1B7FC.d.EE1A60CA3301560EECF78CD9B4E51DFD.e.1734"}]}
COMMAND: GET /session/601af62cb68afff6944e8a635357ab53/screenshot - {}
RESULT: {}
RESULT: {"script":"<script> [8489 bytes]","args":[{"element-6066-11e4-a52e-4f735466cecf":"f.2CF887CE126DC6B338BD3A7C0EF1B7FC.d.EE1A60CA3301560EECF78CD9B4E51DFD.e.1734","ELEMENT":"f.2CF887CE126DC6B338BD3A7C0EF1B7FC.d.EE1A60CA3301560EECF78CD9B4E51DFD.e.1734"}]}
COMMAND: POST /session/601af62cb68afff6944e8a635357ab53/execute/sync - {"script":"<script> [5351 bytes]","args":[{"element-6066-11e4-a52e-4f735466cecf":"f.2CF887CE126DC6B338BD3A7C0EF1B7FC.d.EE1A60CA3301560EECF78CD9B4E51DFD.e.1734","ELEMENT":"f.2CF887CE126DC6B338BD3A7C0EF1B7FC.d.EE1A60CA3301560EECF78CD9B4E51DFD.e.1734"}]}
COMMAND: GET /session/601af62cb68afff6944e8a635357ab53/screenshot - {}
RESULT: {}
RESULT: {"script":"<script> [5351 bytes]","args":[{"element-6066-11e4-a52e-4f735466cecf":"f.2CF887CE126DC6B338BD3A7C0EF1B7FC.d.EE1A60CA3301560EECF78CD9B4E51DFD.e.1734","ELEMENT":"f.2CF887CE126DC6B338BD3A7C0EF1B7FC.d.EE1A60CA3301560EECF78CD9B4E51DFD.e.1734"}]}
COMMAND: POST /session/601af62cb68afff6944e8a635357ab53/element/f.2CF887CE126DC6B338BD3A7C0EF1B7FC.d.EE1A60CA3301560EECF78CD9B4E51DFD.e.1734/click - {}
COMMAND: GET /session/601af62cb68afff6944e8a635357ab53/screenshot - {}
RESULT: {}
RESULT: {}
COMMAND: GET /session/601af62cb68afff6944e8a635357ab53/screenshot - {}
COMMAND: POST /session/601af62cb68afff6944e8a635357ab53/element - {"using":"xpath","value":"//input[@id=\"application-managesites-display-component---NewSite--siteId-inner\"]"}
RESULT: {}
RESULT: {}
RESULT: {"using":"xpath","value":"//input[@id=\"application-managesites-display-component---NewSite--siteId-inner\"]"}
COMMAND: POST /session/601af62cb68afff6944e8a635357ab53/element - {"using":"xpath","value":"//input[@id=\"application-managesites-display-component---NewSite--siteId-inner\"]"}
RESULT: {"using":"xpath","value":"//input[@id=\"application-managesites-display-component---NewSite--siteId-inner\"]"}
COMMAND: POST /session/601af62cb68afff6944e8a635357ab53/execute/async - {"script":"<script> [1562 bytes]","args":[{"selector":{"id":"application-managesites-display-component---NewSite--addressDetailDetailsName1","interaction":{"idSuffix":"inner"}},"wdio_ui5_key":"applicationmanagesites-display-component---NewSite--addressDetailDetailsName1"}]}
RESULT: {"script":"<script> [1562 bytes]","args":[{"selector":{"id":"application-managesites-display-component---NewSite--addressDetailDetailsName1","interaction":{"idSuffix":"inner"}},"wdio_ui5_key":"applicationmanagesites-display-component---NewSite--addressDetailDetailsName1"}]}
RESULT: undefined
COMMAND: POST /session/601af62cb68afff6944e8a635357ab53/execute/async - {"script":"<script> [776 bytes]","args":[{"enterText":"Warehouse Managed Site WDIO","selector":{"id":"application-managesites-display-component---NewSite--addressDetailDetailsName1","interaction":{"idSuffix":"inner"}},"clearTextFirst":true,"interactionType":"ENTER_TEXT"}]}
RESULT: {"script":"<script> [776 bytes]","args":[{"enterText":"Warehouse Managed Site WDIO","selector":{"id":"application-managesites-display-component---NewSite--addressDetailDetailsName1","interaction":{"idSuffix":"inner"}},"clearTextFirst":true,"interactionType":"ENTER_TEXT"}]}
COMMAND: POST /session/601af62cb68afff6944e8a635357ab53/execute/async - {"script":"<script> [1562 bytes]","args":[{"selector":{"id":"application-managesites-display-component---NewSite--addressDetailDetailsLanguage-arrow"},"wdio_ui5_key":"applicationmanagesites-display-component---NewSite--addressDetailDetailsLanguage-arrow"}]}
RESULT: {"script":"<script> [1562 bytes]","args":[{"selector":{"id":"application-managesites-display-component---NewSite--addressDetailDetailsLanguage-arrow"},"wdio_ui5_key":"applicationmanagesites-display-component---NewSite--addressDetailDetailsLanguage-arrow"}]}
RESULT: undefined
COMMAND: POST /session/601af62cb68afff6944e8a635357ab53/element - {"using":"xpath","value":"//*[@id=\"application-managesites-display-component---NewSite--addressDetailDetailsLanguage-arrow\"]"}
RESULT: {"using":"xpath","value":"//*[@id=\"application-managesites-display-component---NewSite--addressDetailDetailsLanguage-arrow\"]"}
COMMAND: POST /session/601af62cb68afff6944e8a635357ab53/element/f.2CF887CE126DC6B338BD3A7C0EF1B7FC.d.EE1A60CA3301560EECF78CD9B4E51DFD.e.2195/click - {}
RESULT: {}
COMMAND: POST /session/601af62cb68afff6944e8a635357ab53/element - {"using":"xpath","value":"//span[contains(text(), \"English\")]"}
COMMAND: GET /session/601af62cb68afff6944e8a635357ab53/screenshot - {}
RESULT: {"using":"xpath","value":"//span[contains(text(), \"English\")]"}
COMMAND: POST /session/601af62cb68afff6944e8a635357ab53/element/f.2CF887CE126DC6B338BD3A7C0EF1B7FC.d.EE1A60CA3301560EECF78CD9B4E51DFD.e.2196/click - {}
RESULT: {}
RESULT: {}
COMMAND: POST /session/601af62cb68afff6944e8a635357ab53/execute/async - {"script":"<script> [1562 bytes]","args":[{"selector":{"id":"application-managesites-display-component---NewSite--addressDetailDetailsCity1","interaction":{"idSuffix":"inner"}},"wdio_ui5_key":"applicationmanagesites-display-component---NewSite--addressDetailDetailsCity1"}]}
COMMAND: GET /session/601af62cb68afff6944e8a635357ab53/screenshot - {}
RESULT: {"script":"<script> [1562 bytes]","args":[{"selector":{"id":"application-managesites-display-component---NewSite--addressDetailDetailsCity1","interaction":{"idSuffix":"inner"}},"wdio_ui5_key":"applicationmanagesites-display-component---NewSite--addressDetailDetailsCity1"}]}
RESULT: undefined
COMMAND: POST /session/601af62cb68afff6944e8a635357ab53/execute/async - {"script":"<script> [776 bytes]","args":[{"enterText":"Rosario","selector":{"id":"application-managesites-display-component---NewSite--addressDetailDetailsCity1","interaction":{"idSuffix":"inner"}},"clearTextFirst":true,"interactionType":"ENTER_TEXT"}]}
RESULT: {}
RESULT: {"script":"<script> [776 bytes]","args":[{"enterText":"Rosario","selector":{"id":"application-managesites-display-component---NewSite--addressDetailDetailsCity1","interaction":{"idSuffix":"inner"}},"clearTextFirst":true,"interactionType":"ENTER_TEXT"}]}
COMMAND: POST /session/601af62cb68afff6944e8a635357ab53/execute/async - {"script":"<script> [1562 bytes]","args":[{"selector":{"id":"application-managesites-display-component---NewSite--addressDetailDetailsCountry-arrow"},"wdio_ui5_key":"applicationmanagesites-display-component---NewSite--addressDetailDetailsCountry-arrow"}]}
RESULT: {"script":"<script> [1562 bytes]","args":[{"selector":{"id":"application-managesites-display-component---NewSite--addressDetailDetailsCountry-arrow"},"wdio_ui5_key":"applicationmanagesites-display-component---NewSite--addressDetailDetailsCountry-arrow"}]}
RESULT: undefined
COMMAND: POST /session/601af62cb68afff6944e8a635357ab53/element - {"using":"xpath","value":"//*[@id=\"application-managesites-display-component---NewSite--addressDetailDetailsCountry-arrow\"]"}
RESULT: {"using":"xpath","value":"//*[@id=\"application-managesites-display-component---NewSite--addressDetailDetailsCountry-arrow\"]"}
COMMAND: POST /session/601af62cb68afff6944e8a635357ab53/element/f.2CF887CE126DC6B338BD3A7C0EF1B7FC.d.EE1A60CA3301560EECF78CD9B4E51DFD.e.2198/click - {}
RESULT: {}
COMMAND: POST /session/601af62cb68afff6944e8a635357ab53/element - {"using":"xpath","value":"//span[contains(text(), \"Argentina\")]"}
COMMAND: GET /session/601af62cb68afff6944e8a635357ab53/screenshot - {}
RESULT: {"using":"xpath","value":"//span[contains(text(), \"Argentina\")]"}
COMMAND: POST /session/601af62cb68afff6944e8a635357ab53/element/f.2CF887CE126DC6B338BD3A7C0EF1B7FC.d.EE1A60CA3301560EECF78CD9B4E51DFD.e.2199/click - {}
RESULT: {}
RESULT: {}
COMMAND: GET /session/601af62cb68afff6944e8a635357ab53/screenshot - {}
RESULT: {}
COMMAND: POST /session/601af62cb68afff6944e8a635357ab53/execute/async - {"script":"<script> [1562 bytes]","args":[{"selector":{"id":"application-managesites-display-component---NewSite--addressEditDetailsCostObjectCstType-arrow"},"wdio_ui5_key":"applicationmanagesites-display-component---NewSite--addressEditDetailsCostObjectCstType-arrow"}]}
RESULT: {"script":"<script> [1562 bytes]","args":[{"selector":{"id":"application-managesites-display-component---NewSite--addressEditDetailsCostObjectCstType-arrow"},"wdio_ui5_key":"applicationmanagesites-display-component---NewSite--addressEditDetailsCostObjectCstType-arrow"}]}
RESULT: undefined
COMMAND: POST /session/601af62cb68afff6944e8a635357ab53/element - {"using":"xpath","value":"//*[@id=\"application-managesites-display-component---NewSite--addressEditDetailsCostObjectCstType-arrow\"]"}
RESULT: {"using":"xpath","value":"//*[@id=\"application-managesites-display-component---NewSite--addressEditDetailsCostObjectCstType-arrow\"]"}
COMMAND: POST /session/601af62cb68afff6944e8a635357ab53/element/f.2CF887CE126DC6B338BD3A7C0EF1B7FC.d.EE1A60CA3301560EECF78CD9B4E51DFD.e.2201/click - {}
RESULT: {}
COMMAND: POST /session/601af62cb68afff6944e8a635357ab53/element - {"using":"xpath","value":"//span[contains(text(), \"Cost Center\")]"}
COMMAND: GET /session/601af62cb68afff6944e8a635357ab53/screenshot - {}
RESULT: {"using":"xpath","value":"//span[contains(text(), \"Cost Center\")]"}
COMMAND: POST /session/601af62cb68afff6944e8a635357ab53/element/f.2CF887CE126DC6B338BD3A7C0EF1B7FC.d.EE1A60CA3301560EECF78CD9B4E51DFD.e.2202/click - {}
RESULT: {}
RESULT: {}
COMMAND: GET /session/601af62cb68afff6944e8a635357ab53/screenshot - {}
RESULT: {}
COMMAND: POST /session/601af62cb68afff6944e8a635357ab53/element - {"using":"xpath","value":"//span[@id=\"application-managesites-display-component---NewSite--addressNewCostObjectCstID-vhi\"]"}
RESULT: {"using":"xpath","value":"//span[@id=\"application-managesites-display-component---NewSite--addressNewCostObjectCstID-vhi\"]"}
COMMAND: POST /session/601af62cb68afff6944e8a635357ab53/execute/sync - {"script":"<script> [8489 bytes]","args":[{"element-6066-11e4-a52e-4f735466cecf":"f.2CF887CE126DC6B338BD3A7C0EF1B7FC.d.EE1A60CA3301560EECF78CD9B4E51DFD.e.2206","ELEMENT":"f.2CF887CE126DC6B338BD3A7C0EF1B7FC.d.EE1A60CA3301560EECF78CD9B4E51DFD.e.2206"}]}
RESULT: {"script":"<script> [8489 bytes]","args":[{"element-6066-11e4-a52e-4f735466cecf":"f.2CF887CE126DC6B338BD3A7C0EF1B7FC.d.EE1A60CA3301560EECF78CD9B4E51DFD.e.2206","ELEMENT":"f.2CF887CE126DC6B338BD3A7C0EF1B7FC.d.EE1A60CA3301560EECF78CD9B4E51DFD.e.2206"}]}
COMMAND: POST /session/601af62cb68afff6944e8a635357ab53/execute/async - {"script":"<script> [1562 bytes]","args":[{"selector":{"id":"application-managesites-display-component---NewSite--addressNewCostObjectCstID-vhi"},"wdio_ui5_key":"applicationmanagesites-display-component---NewSite--addressNewCostObjectCstID-vhi"}]}
COMMAND: GET /session/601af62cb68afff6944e8a635357ab53/screenshot - {}
RESULT: {"script":"<script> [1562 bytes]","args":[{"selector":{"id":"application-managesites-display-component---NewSite--addressNewCostObjectCstID-vhi"},"wdio_ui5_key":"applicationmanagesites-display-component---NewSite--addressNewCostObjectCstID-vhi"}]}
RESULT: undefined
COMMAND: POST /session/601af62cb68afff6944e8a635357ab53/element - {"using":"xpath","value":"//*[@id=\"application-managesites-display-component---NewSite--addressNewCostObjectCstID-vhi\"]"}
RESULT: {}
RESULT: {"using":"xpath","value":"//*[@id=\"application-managesites-display-component---NewSite--addressNewCostObjectCstID-vhi\"]"}
COMMAND: POST /session/601af62cb68afff6944e8a635357ab53/element/f.2CF887CE126DC6B338BD3A7C0EF1B7FC.d.EE1A60CA3301560EECF78CD9B4E51DFD.e.2206/click - {}
RESULT: {}
COMMAND: GET /session/601af62cb68afff6944e8a635357ab53/screenshot - {}
RESULT: {}
RESULT: undefined
COMMAND: POST /session/601af62cb68afff6944e8a635357ab53/execute/async - {"script":"<script> [776 bytes]","args":[{"enterText":"10001013","selector":{"controlType":"sap.m.SearchField","properties":{"placeholder":"Search"},"searchOpenDialogs":true,"interaction":{"idSuffix":"I"}},"clearTextFirst":true,"interactionType":"ENTER_TEXT"}]}
RESULT: {"script":"<script> [776 bytes]","args":[{"enterText":"10001013","selector":{"controlType":"sap.m.SearchField","properties":{"placeholder":"Search"},"searchOpenDialogs":true,"interaction":{"idSuffix":"I"}},"clearTextFirst":true,"interactionType":"ENTER_TEXT"}]}
COMMAND: POST /session/601af62cb68afff6944e8a635357ab53/actions - {"actions":[{"id":"action3","type":"key","parameters":{},"actions":[{"type":"keyDown","value":"î€‡"},{"type":"pause","duration":10},{"type":"keyUp","value":"î€‡"}]}]}
RESULT: {"actions":[{"id":"action3","type":"key","parameters":{},"actions":[{"type":"keyDown","value":"î€‡"},{"type":"pause","duration":10},{"type":"keyUp","value":"î€‡"}]}]}
COMMAND: GET /session/601af62cb68afff6944e8a635357ab53/screenshot - {}
RESULT: {}
COMMAND: POST /session/601af62cb68afff6944e8a635357ab53/element - {"using":"xpath","value":"//span[contains(text(), \"General Management\")]"}
RESULT: {"using":"xpath","value":"//span[contains(text(), \"General Management\")]"}
COMMAND: POST /session/601af62cb68afff6944e8a635357ab53/element/f.2CF887CE126DC6B338BD3A7C0EF1B7FC.d.EE1A60CA3301560EECF78CD9B4E51DFD.e.2245/click - {}
RESULT: {}
COMMAND: GET /session/601af62cb68afff6944e8a635357ab53/screenshot - {}
RESULT: {}
COMMAND: POST /session/601af62cb68afff6944e8a635357ab53/element - {"using":"xpath","value":"//bdi[contains(text(), \"OK\")]"}
RESULT: {"using":"xpath","value":"//bdi[contains(text(), \"OK\")]"}
COMMAND: POST /session/601af62cb68afff6944e8a635357ab53/element/f.2CF887CE126DC6B338BD3A7C0EF1B7FC.d.EE1A60CA3301560EECF78CD9B4E51DFD.e.2246/click - {}
RESULT: {}
COMMAND: GET /session/601af62cb68afff6944e8a635357ab53/screenshot - {}
RESULT: {}
COMMAND: POST /session/601af62cb68afff6944e8a635357ab53/element - {"using":"xpath","value":"//input[@id=\"application-managesites-display-component---NewSite--addressDetailDetailsCalendar-inner\"]"}
RESULT: {"using":"xpath","value":"//input[@id=\"application-managesites-display-component---NewSite--addressDetailDetailsCalendar-inner\"]"}
COMMAND: POST /session/601af62cb68afff6944e8a635357ab53/element/f.2CF887CE126DC6B338BD3A7C0EF1B7FC.d.EE1A60CA3301560EECF78CD9B4E51DFD.e.2002/clear - {}
RESULT: {}
COMMAND: POST /session/601af62cb68afff6944e8a635357ab53/element/f.2CF887CE126DC6B338BD3A7C0EF1B7FC.d.EE1A60CA3301560EECF78CD9B4E51DFD.e.2002/value - {"text":"Unit"}
COMMAND: GET /session/601af62cb68afff6944e8a635357ab53/screenshot - {}
RESULT: {"text":"Unit"}
COMMAND: GET /session/601af62cb68afff6944e8a635357ab53/screenshot - {}
RESULT: {}
RESULT: {}
COMMAND: POST /session/601af62cb68afff6944e8a635357ab53/actions - {"actions":[{"id":"action4","type":"key","parameters":{},"actions":[{"type":"keyDown","value":"î€‡"},{"type":"pause","duration":10},{"type":"keyUp","value":"î€‡"}]}]}
RESULT: {"actions":[{"id":"action4","type":"key","parameters":{},"actions":[{"type":"keyDown","value":"î€‡"},{"type":"pause","duration":10},{"type":"keyUp","value":"î€‡"}]}]}
COMMAND: POST /session/601af62cb68afff6944e8a635357ab53/element - {"using":"xpath","value":"//input[@id=\"application-managesites-display-component---NewSite--addressDetailDetailsYard-inner\"]"}
COMMAND: GET /session/601af62cb68afff6944e8a635357ab53/screenshot - {}
RESULT: {"using":"xpath","value":"//input[@id=\"application-managesites-display-component---NewSite--addressDetailDetailsYard-inner\"]"}
COMMAND: POST /session/601af62cb68afff6944e8a635357ab53/element/f.2CF887CE126DC6B338BD3A7C0EF1B7FC.d.EE1A60CA3301560EECF78CD9B4E51DFD.e.2003/clear - {}
RESULT: {}
RESULT: {}
COMMAND: POST /session/601af62cb68afff6944e8a635357ab53/element/f.2CF887CE126DC6B338BD3A7C0EF1B7FC.d.EE1A60CA3301560EECF78CD9B4E51DFD.e.2003/value - {"text":"356"}
COMMAND: GET /session/601af62cb68afff6944e8a635357ab53/screenshot - {}
RESULT: {"text":"356"}
COMMAND: GET /session/601af62cb68afff6944e8a635357ab53/screenshot - {}
RESULT: {}
RESULT: {}
COMMAND: POST /session/601af62cb68afff6944e8a635357ab53/element - {"using":"xpath","value":"//li[.//span[text()='356']]"}
RESULT: {"using":"xpath","value":"//li[.//span[text()='356']]"}
COMMAND: POST /session/601af62cb68afff6944e8a635357ab53/element/f.2CF887CE126DC6B338BD3A7C0EF1B7FC.d.EE1A60CA3301560EECF78CD9B4E51DFD.e.2254/click - {}
RESULT: {}
COMMAND: GET /session/601af62cb68afff6944e8a635357ab53/screenshot - {}
RESULT: {}
COMMAND: POST /session/601af62cb68afff6944e8a635357ab53/element - {"using":"xpath","value":"//input[@id=\"application-managesites-display-component---NewSite--addressDetailDetailsPartner-inner\"]"}
RESULT: {"using":"xpath","value":"//input[@id=\"application-managesites-display-component---NewSite--addressDetailDetailsPartner-inner\"]"}
COMMAND: POST /session/601af62cb68afff6944e8a635357ab53/element - {"using":"xpath","value":"//input[@id=\"application-managesites-display-component---NewSite--addressDetailDetailsPartner-inner\"]"}
RESULT: {"using":"xpath","value":"//input[@id=\"application-managesites-display-component---NewSite--addressDetailDetailsPartner-inner\"]"}
COMMAND: POST /session/601af62cb68afff6944e8a635357ab53/execute/async - {"script":"<script> [1562 bytes]","args":[{"selector":{"id":"application-managesites-display-component---NewSite--siteWhmCheckBox-label","interaction":{"idSuffix":"bdi"}},"wdio_ui5_key":"applicationmanagesites-display-component---NewSite--siteWhmCheckBox-label"}]}
RESULT: {"script":"<script> [1562 bytes]","args":[{"selector":{"id":"application-managesites-display-component---NewSite--siteWhmCheckBox-label","interaction":{"idSuffix":"bdi"}},"wdio_ui5_key":"applicationmanagesites-display-component---NewSite--siteWhmCheckBox-label"}]}
RESULT: undefined
COMMAND: POST /session/601af62cb68afff6944e8a635357ab53/element - {"using":"xpath","value":"//*[@id=\"application-managesites-display-component---NewSite--siteWhmCheckBox-label\"]"}
RESULT: {"using":"xpath","value":"//*[@id=\"application-managesites-display-component---NewSite--siteWhmCheckBox-label\"]"}
COMMAND: POST /session/601af62cb68afff6944e8a635357ab53/element/f.2CF887CE126DC6B338BD3A7C0EF1B7FC.d.EE1A60CA3301560EECF78CD9B4E51DFD.e.2256/click - {}
RESULT: {}
COMMAND: GET /session/601af62cb68afff6944e8a635357ab53/screenshot - {}
RESULT: {}
COMMAND: POST /session/601af62cb68afff6944e8a635357ab53/element - {"using":"xpath","value":"//button[@data-kt=\"saveButton\"]"}
RESULT: {"using":"xpath","value":"//button[@data-kt=\"saveButton\"]"}
COMMAND: POST /session/601af62cb68afff6944e8a635357ab53/element/f.2CF887CE126DC6B338BD3A7C0EF1B7FC.d.EE1A60CA3301560EECF78CD9B4E51DFD.e.2158/click - {}
RESULT: {}
COMMAND: GET /session/601af62cb68afff6944e8a635357ab53/screenshot - {}
RESULT: {}
COMMAND: POST /session/601af62cb68afff6944e8a635357ab53/element - {"using":"xpath","value":"//header[contains(@id, 'ObjectPageLayout-headerTitle')]/div[1]/div[2]/div[2]/span[1]"}
RESULT: {"using":"xpath","value":"//header[contains(@id, 'ObjectPageLayout-headerTitle')]/div[1]/div[2]/div[2]/span[1]"}
COMMAND: POST /session/601af62cb68afff6944e8a635357ab53/elements - {"using":"xpath","value":"//header[contains(@id, 'ObjectPageLayout-headerTitle')]/div[1]/div[2]/div[2]/span[1]"}
RESULT: {"using":"xpath","value":"//header[contains(@id, 'ObjectPageLayout-headerTitle')]/div[1]/div[2]/div[2]/span[1]"}
COMMAND: POST /session/601af62cb68afff6944e8a635357ab53/execute/sync - {"script":"<script> [56 bytes]","args":[{"element-6066-11e4-a52e-4f735466cecf":"f.2CF887CE126DC6B338BD3A7C0EF1B7FC.d.EE1A60CA3301560EECF78CD9B4E51DFD.e.2462","ELEMENT":"f.2CF887CE126DC6B338BD3A7C0EF1B7FC.d.EE1A60CA3301560EECF78CD9B4E51DFD.e.2462"}]}
RESULT: {"script":"<script> [56 bytes]","args":[{"element-6066-11e4-a52e-4f735466cecf":"f.2CF887CE126DC6B338BD3A7C0EF1B7FC.d.EE1A60CA3301560EECF78CD9B4E51DFD.e.2462","ELEMENT":"f.2CF887CE126DC6B338BD3A7C0EF1B7FC.d.EE1A60CA3301560EECF78CD9B4E51DFD.e.2462"}]}
COMMAND: POST /session/601af62cb68afff6944e8a635357ab53/element - {"using":"css selector","value":"#shell-header-logo"}
COMMAND: GET /session/601af62cb68afff6944e8a635357ab53/screenshot - {}
RESULT: {"using":"css selector","value":"#shell-header-logo"}
COMMAND: POST /session/601af62cb68afff6944e8a635357ab53/element/f.2CF887CE126DC6B338BD3A7C0EF1B7FC.d.EE1A60CA3301560EECF78CD9B4E51DFD.e.1700/click - {}
RESULT: {}
RESULT: {}
COMMAND: GET /session/601af62cb68afff6944e8a635357ab53/screenshot - {}
RESULT: {}
COMMAND: POST /session/601af62cb68afff6944e8a635357ab53/execute/sync - {"script":"<script> [299 bytes]","args":[["getModel","getResource"]]}
RESULT: {"script":"<script> [299 bytes]","args":[["getModel","getResource"]]}
COMMAND: GET /session/601af62cb68afff6944e8a635357ab53/screenshot - {}
]]></system-out>
    </testcase>
    <testcase classname="chrome.136_0_7103_49.windows.Stock_increase_-_with_WHM_US125587" name="Should create a new material" time="108.754">
      <system-out><![CDATA[
COMMAND: POST /session/601af62cb68afff6944e8a635357ab53/execute/async - {"script":"<script> [1562 bytes]","args":[{"selector":{"controlType":"sap.m.GenericTile","properties":{"header":"Manage Resources"}},"wdio_ui5_key":"sapm.GenericTile{\"header\":\"Manage Resources\"}"}]}
RESULT: {}
RESULT: {"script":"<script> [1562 bytes]","args":[{"selector":{"controlType":"sap.m.GenericTile","properties":{"header":"Manage Resources"}},"wdio_ui5_key":"sapm.GenericTile{\"header\":\"Manage Resources\"}"}]}
RESULT: undefined
COMMAND: POST /session/601af62cb68afff6944e8a635357ab53/element - {"using":"xpath","value":"//*[@id=\"__tile39\"]"}
RESULT: {"using":"xpath","value":"//*[@id=\"__tile39\"]"}
COMMAND: POST /session/601af62cb68afff6944e8a635357ab53/element/f.2CF887CE126DC6B338BD3A7C0EF1B7FC.d.EE1A60CA3301560EECF78CD9B4E51DFD.e.124/click - {}
RESULT: {}
COMMAND: GET /session/601af62cb68afff6944e8a635357ab53/screenshot - {}
RESULT: {}
COMMAND: POST /session/601af62cb68afff6944e8a635357ab53/elements - {"using":"xpath","value":"//span[text()='Error']"}
RESULT: {"using":"xpath","value":"//span[text()='Error']"}
COMMAND: POST /session/601af62cb68afff6944e8a635357ab53/element - {"using":"xpath","value":"//button[@data-kt=\"addNewRUOverflowToolbarButton\"]"}
RESULT: {"using":"xpath","value":"//button[@data-kt=\"addNewRUOverflowToolbarButton\"]"}
COMMAND: POST /session/601af62cb68afff6944e8a635357ab53/elements - {"using":"xpath","value":"//button[@data-kt=\"addNewRUOverflowToolbarButton\"]"}
RESULT: {"using":"xpath","value":"//button[@data-kt=\"addNewRUOverflowToolbarButton\"]"}
COMMAND: POST /session/601af62cb68afff6944e8a635357ab53/execute/sync - {"script":"<script> [8489 bytes]","args":[{"element-6066-11e4-a52e-4f735466cecf":"f.2CF887CE126DC6B338BD3A7C0EF1B7FC.d.EE1A60CA3301560EECF78CD9B4E51DFD.e.2505","ELEMENT":"f.2CF887CE126DC6B338BD3A7C0EF1B7FC.d.EE1A60CA3301560EECF78CD9B4E51DFD.e.2505"}]}
RESULT: {"script":"<script> [8489 bytes]","args":[{"element-6066-11e4-a52e-4f735466cecf":"f.2CF887CE126DC6B338BD3A7C0EF1B7FC.d.EE1A60CA3301560EECF78CD9B4E51DFD.e.2505","ELEMENT":"f.2CF887CE126DC6B338BD3A7C0EF1B7FC.d.EE1A60CA3301560EECF78CD9B4E51DFD.e.2505"}]}
COMMAND: GET /session/601af62cb68afff6944e8a635357ab53/element/f.2CF887CE126DC6B338BD3A7C0EF1B7FC.d.EE1A60CA3301560EECF78CD9B4E51DFD.e.2505/enabled - {}
COMMAND: GET /session/601af62cb68afff6944e8a635357ab53/screenshot - {}
RESULT: {}
COMMAND: POST /session/601af62cb68afff6944e8a635357ab53/execute/sync - {"script":"<script> [8489 bytes]","args":[{"element-6066-11e4-a52e-4f735466cecf":"f.2CF887CE126DC6B338BD3A7C0EF1B7FC.d.EE1A60CA3301560EECF78CD9B4E51DFD.e.2505","ELEMENT":"f.2CF887CE126DC6B338BD3A7C0EF1B7FC.d.EE1A60CA3301560EECF78CD9B4E51DFD.e.2505"}]}
COMMAND: GET /session/601af62cb68afff6944e8a635357ab53/screenshot - {}
RESULT: {}
RESULT: {"script":"<script> [8489 bytes]","args":[{"element-6066-11e4-a52e-4f735466cecf":"f.2CF887CE126DC6B338BD3A7C0EF1B7FC.d.EE1A60CA3301560EECF78CD9B4E51DFD.e.2505","ELEMENT":"f.2CF887CE126DC6B338BD3A7C0EF1B7FC.d.EE1A60CA3301560EECF78CD9B4E51DFD.e.2505"}]}
COMMAND: POST /session/601af62cb68afff6944e8a635357ab53/execute/sync - {"script":"<script> [5351 bytes]","args":[{"element-6066-11e4-a52e-4f735466cecf":"f.2CF887CE126DC6B338BD3A7C0EF1B7FC.d.EE1A60CA3301560EECF78CD9B4E51DFD.e.2505","ELEMENT":"f.2CF887CE126DC6B338BD3A7C0EF1B7FC.d.EE1A60CA3301560EECF78CD9B4E51DFD.e.2505"}]}
COMMAND: GET /session/601af62cb68afff6944e8a635357ab53/screenshot - {}
RESULT: {}
RESULT: {"script":"<script> [5351 bytes]","args":[{"element-6066-11e4-a52e-4f735466cecf":"f.2CF887CE126DC6B338BD3A7C0EF1B7FC.d.EE1A60CA3301560EECF78CD9B4E51DFD.e.2505","ELEMENT":"f.2CF887CE126DC6B338BD3A7C0EF1B7FC.d.EE1A60CA3301560EECF78CD9B4E51DFD.e.2505"}]}
COMMAND: POST /session/601af62cb68afff6944e8a635357ab53/element/f.2CF887CE126DC6B338BD3A7C0EF1B7FC.d.EE1A60CA3301560EECF78CD9B4E51DFD.e.2505/click - {}
COMMAND: GET /session/601af62cb68afff6944e8a635357ab53/screenshot - {}
RESULT: {}
RESULT: {}
COMMAND: GET /session/601af62cb68afff6944e8a635357ab53/screenshot - {}
RESULT: {}
RESULT: {}
COMMAND: POST /session/601af62cb68afff6944e8a635357ab53/execute/async - {"script":"<script> [1562 bytes]","args":[{"selector":{"id":"application-manageresources-display-component---newResourceUnit--TYPE-arrow"},"wdio_ui5_key":"applicationmanageresources-display-component---newResourceUnit--TYPE-arrow"}]}
RESULT: {"script":"<script> [1562 bytes]","args":[{"selector":{"id":"application-manageresources-display-component---newResourceUnit--TYPE-arrow"},"wdio_ui5_key":"applicationmanageresources-display-component---newResourceUnit--TYPE-arrow"}]}
RESULT: undefined
COMMAND: POST /session/601af62cb68afff6944e8a635357ab53/element - {"using":"xpath","value":"//*[@id=\"application-manageresources-display-component---newResourceUnit--TYPE-arrow\"]"}
RESULT: {"using":"xpath","value":"//*[@id=\"application-manageresources-display-component---newResourceUnit--TYPE-arrow\"]"}
COMMAND: POST /session/601af62cb68afff6944e8a635357ab53/element/f.2CF887CE126DC6B338BD3A7C0EF1B7FC.d.EE1A60CA3301560EECF78CD9B4E51DFD.e.2854/click - {}
RESULT: {}
COMMAND: POST /session/601af62cb68afff6944e8a635357ab53/element - {"using":"xpath","value":"//input[@id=\"application-manageresources-display-component---newResourceUnit--TYPE-inner\"]"}
COMMAND: GET /session/601af62cb68afff6944e8a635357ab53/screenshot - {}
RESULT: {"using":"xpath","value":"//input[@id=\"application-manageresources-display-component---newResourceUnit--TYPE-inner\"]"}
COMMAND: POST /session/601af62cb68afff6944e8a635357ab53/element/f.2CF887CE126DC6B338BD3A7C0EF1B7FC.d.EE1A60CA3301560EECF78CD9B4E51DFD.e.2845/clear - {}
RESULT: {}
RESULT: {}
COMMAND: POST /session/601af62cb68afff6944e8a635357ab53/element/f.2CF887CE126DC6B338BD3A7C0EF1B7FC.d.EE1A60CA3301560EECF78CD9B4E51DFD.e.2845/value - {"text":"Material"}
COMMAND: GET /session/601af62cb68afff6944e8a635357ab53/screenshot - {}
RESULT: {"text":"Material"}
COMMAND: GET /session/601af62cb68afff6944e8a635357ab53/screenshot - {}
RESULT: {}
RESULT: {}
COMMAND: POST /session/601af62cb68afff6944e8a635357ab53/actions - {"actions":[{"id":"action5","type":"key","parameters":{},"actions":[{"type":"keyDown","value":"î€‡"},{"type":"pause","duration":10},{"type":"keyUp","value":"î€‡"}]}]}
RESULT: {"actions":[{"id":"action5","type":"key","parameters":{},"actions":[{"type":"keyDown","value":"î€‡"},{"type":"pause","duration":10},{"type":"keyUp","value":"î€‡"}]}]}
COMMAND: POST /session/601af62cb68afff6944e8a635357ab53/execute/async - {"script":"<script> [1562 bytes]","args":[{"selector":{"id":"application-manageresources-display-component---newResourceUnit--SHORT_TEXT","interaction":{"idSuffix":"inner"}},"wdio_ui5_key":"applicationmanageresources-display-component---newResourceUnit--SHORT_TEXT"}]}
COMMAND: GET /session/601af62cb68afff6944e8a635357ab53/screenshot - {}
RESULT: {"script":"<script> [1562 bytes]","args":[{"selector":{"id":"application-manageresources-display-component---newResourceUnit--SHORT_TEXT","interaction":{"idSuffix":"inner"}},"wdio_ui5_key":"applicationmanageresources-display-component---newResourceUnit--SHORT_TEXT"}]}
RESULT: undefined
COMMAND: POST /session/601af62cb68afff6944e8a635357ab53/execute/async - {"script":"<script> [776 bytes]","args":[{"enterText":"Cement WDIO","selector":{"id":"application-manageresources-display-component---newResourceUnit--SHORT_TEXT","interaction":{"idSuffix":"inner"}},"clearTextFirst":true,"interactionType":"ENTER_TEXT"}]}
RESULT: {}
RESULT: {"script":"<script> [776 bytes]","args":[{"enterText":"Cement WDIO","selector":{"id":"application-manageresources-display-component---newResourceUnit--SHORT_TEXT","interaction":{"idSuffix":"inner"}},"clearTextFirst":true,"interactionType":"ENTER_TEXT"}]}
COMMAND: POST /session/601af62cb68afff6944e8a635357ab53/execute/async - {"script":"<script> [1562 bytes]","args":[{"selector":{"id":"application-manageresources-display-component---newResourceUnit--BASE_UNIT_OF_MEASURE","interaction":{"idSuffix":"inner"}},"wdio_ui5_key":"applicationmanageresources-display-component---newResourceUnit--BASE_UNIT_OF_MEASURE"}]}
RESULT: {"script":"<script> [1562 bytes]","args":[{"selector":{"id":"application-manageresources-display-component---newResourceUnit--BASE_UNIT_OF_MEASURE","interaction":{"idSuffix":"inner"}},"wdio_ui5_key":"applicationmanageresources-display-component---newResourceUnit--BASE_UNIT_OF_MEASURE"}]}
RESULT: undefined
COMMAND: POST /session/601af62cb68afff6944e8a635357ab53/execute/async - {"script":"<script> [776 bytes]","args":[{"enterText":"Piece","selector":{"id":"application-manageresources-display-component---newResourceUnit--BASE_UNIT_OF_MEASURE","interaction":{"idSuffix":"inner"}},"clearTextFirst":true,"interactionType":"ENTER_TEXT"}]}
RESULT: {"script":"<script> [776 bytes]","args":[{"enterText":"Piece","selector":{"id":"application-manageresources-display-component---newResourceUnit--BASE_UNIT_OF_MEASURE","interaction":{"idSuffix":"inner"}},"clearTextFirst":true,"interactionType":"ENTER_TEXT"}]}
COMMAND: POST /session/601af62cb68afff6944e8a635357ab53/execute/async - {"script":"<script> [1562 bytes]","args":[{"selector":{"id":"application-manageresources-display-component---newResourceUnit--WEIGHT_UNIT","interaction":{"idSuffix":"inner"}},"wdio_ui5_key":"applicationmanageresources-display-component---newResourceUnit--WEIGHT_UNIT"}]}
RESULT: {"script":"<script> [1562 bytes]","args":[{"selector":{"id":"application-manageresources-display-component---newResourceUnit--WEIGHT_UNIT","interaction":{"idSuffix":"inner"}},"wdio_ui5_key":"applicationmanageresources-display-component---newResourceUnit--WEIGHT_UNIT"}]}
RESULT: undefined
COMMAND: POST /session/601af62cb68afff6944e8a635357ab53/execute/async - {"script":"<script> [776 bytes]","args":[{"enterText":"Gram","selector":{"id":"application-manageresources-display-component---newResourceUnit--WEIGHT_UNIT","interaction":{"idSuffix":"inner"}},"clearTextFirst":true,"interactionType":"ENTER_TEXT"}]}
RESULT: {"script":"<script> [776 bytes]","args":[{"enterText":"Gram","selector":{"id":"application-manageresources-display-component---newResourceUnit--WEIGHT_UNIT","interaction":{"idSuffix":"inner"}},"clearTextFirst":true,"interactionType":"ENTER_TEXT"}]}
COMMAND: POST /session/601af62cb68afff6944e8a635357ab53/execute/async - {"script":"<script> [1562 bytes]","args":[{"selector":{"id":"application-manageresources-display-component---newResourceUnit--DIMENSION_UNIT","interaction":{"idSuffix":"inner"}},"wdio_ui5_key":"applicationmanageresources-display-component---newResourceUnit--DIMENSION_UNIT"}]}
RESULT: {"script":"<script> [1562 bytes]","args":[{"selector":{"id":"application-manageresources-display-component---newResourceUnit--DIMENSION_UNIT","interaction":{"idSuffix":"inner"}},"wdio_ui5_key":"applicationmanageresources-display-component---newResourceUnit--DIMENSION_UNIT"}]}
RESULT: undefined
COMMAND: POST /session/601af62cb68afff6944e8a635357ab53/execute/async - {"script":"<script> [776 bytes]","args":[{"enterText":"Meter","selector":{"id":"application-manageresources-display-component---newResourceUnit--DIMENSION_UNIT","interaction":{"idSuffix":"inner"}},"clearTextFirst":true,"interactionType":"ENTER_TEXT"}]}
RESULT: {"script":"<script> [776 bytes]","args":[{"enterText":"Meter","selector":{"id":"application-manageresources-display-component---newResourceUnit--DIMENSION_UNIT","interaction":{"idSuffix":"inner"}},"clearTextFirst":true,"interactionType":"ENTER_TEXT"}]}
COMMAND: POST /session/601af62cb68afff6944e8a635357ab53/execute/async - {"script":"<script> [1562 bytes]","args":[{"selector":{"id":"application-manageresources-display-component---newResourceUnit--newRRUPage-anchBar-application-manageresources-display-component---newResourceUnit--control-anchor","interaction":{"idSuffix":"BDI-content"}},"wdio_ui5_key":"applicationmanageresources-display-component---newResourceUnit--newRRUPage-anchBar-application-manageresources-display-component---newResourceUnit--control-anchor"}]}
RESULT: {"script":"<script> [1562 bytes]","args":[{"selector":{"id":"application-manageresources-display-component---newResourceUnit--newRRUPage-anchBar-application-manageresources-display-component---newResourceUnit--control-anchor","interaction":{"idSuffix":"BDI-content"}},"wdio_ui5_key":"applicationmanageresources-display-component---newResourceUnit--newRRUPage-anchBar-application-manageresources-display-component---newResourceUnit--control-anchor"}]}
RESULT: undefined
COMMAND: POST /session/601af62cb68afff6944e8a635357ab53/element - {"using":"xpath","value":"//*[@id=\"application-manageresources-display-component---newResourceUnit--newRRUPage-anchBar-application-manageresources-display-component---newResourceUnit--control-anchor\"]"}
RESULT: {"using":"xpath","value":"//*[@id=\"application-manageresources-display-component---newResourceUnit--newRRUPage-anchBar-application-manageresources-display-component---newResourceUnit--control-anchor\"]"}
COMMAND: POST /session/601af62cb68afff6944e8a635357ab53/element/f.2CF887CE126DC6B338BD3A7C0EF1B7FC.d.EE1A60CA3301560EECF78CD9B4E51DFD.e.2918/click - {}
RESULT: {}
COMMAND: POST /session/601af62cb68afff6944e8a635357ab53/execute/async - {"script":"<script> [1562 bytes]","args":[{"selector":{"id":"application-manageresources-display-component---newResourceUnit--PLANNING_GROUP","interaction":{"idSuffix":"inner"}},"wdio_ui5_key":"applicationmanageresources-display-component---newResourceUnit--PLANNING_GROUP"}]}
COMMAND: GET /session/601af62cb68afff6944e8a635357ab53/screenshot - {}
RESULT: {"script":"<script> [1562 bytes]","args":[{"selector":{"id":"application-manageresources-display-component---newResourceUnit--PLANNING_GROUP","interaction":{"idSuffix":"inner"}},"wdio_ui5_key":"applicationmanageresources-display-component---newResourceUnit--PLANNING_GROUP"}]}
RESULT: undefined
COMMAND: POST /session/601af62cb68afff6944e8a635357ab53/execute/async - {"script":"<script> [776 bytes]","args":[{"enterText":"Material","selector":{"id":"application-manageresources-display-component---newResourceUnit--PLANNING_GROUP","interaction":{"idSuffix":"inner"}},"clearTextFirst":true,"interactionType":"ENTER_TEXT"}]}
RESULT: {}
RESULT: {"script":"<script> [776 bytes]","args":[{"enterText":"Material","selector":{"id":"application-manageresources-display-component---newResourceUnit--PLANNING_GROUP","interaction":{"idSuffix":"inner"}},"clearTextFirst":true,"interactionType":"ENTER_TEXT"}]}
COMMAND: POST /session/601af62cb68afff6944e8a635357ab53/execute/async - {"script":"<script> [1562 bytes]","args":[{"selector":{"id":"application-manageresources-display-component---newResourceUnit--PLANNING_INDICATOR","interaction":{"idSuffix":"inner"}},"wdio_ui5_key":"applicationmanageresources-display-component---newResourceUnit--PLANNING_INDICATOR"}]}
RESULT: {"script":"<script> [1562 bytes]","args":[{"selector":{"id":"application-manageresources-display-component---newResourceUnit--PLANNING_INDICATOR","interaction":{"idSuffix":"inner"}},"wdio_ui5_key":"applicationmanageresources-display-component---newResourceUnit--PLANNING_INDICATOR"}]}
RESULT: undefined
COMMAND: POST /session/601af62cb68afff6944e8a635357ab53/execute/async - {"script":"<script> [776 bytes]","args":[{"enterText":"10 - infinite","selector":{"id":"application-manageresources-display-component---newResourceUnit--PLANNING_INDICATOR","interaction":{"idSuffix":"inner"}},"clearTextFirst":true,"interactionType":"ENTER_TEXT"}]}
RESULT: {"script":"<script> [776 bytes]","args":[{"enterText":"10 - infinite","selector":{"id":"application-manageresources-display-component---newResourceUnit--PLANNING_INDICATOR","interaction":{"idSuffix":"inner"}},"clearTextFirst":true,"interactionType":"ENTER_TEXT"}]}
COMMAND: POST /session/601af62cb68afff6944e8a635357ab53/element - {"using":"css selector","value":"#application-manageresources-display-component---newResourceUnit--btnAddTimeSegment"}
RESULT: {"using":"css selector","value":"#application-manageresources-display-component---newResourceUnit--btnAddTimeSegment"}
COMMAND: GET /session/601af62cb68afff6944e8a635357ab53/element/f.2CF887CE126DC6B338BD3A7C0EF1B7FC.d.EE1A60CA3301560EECF78CD9B4E51DFD.e.2926/rect - {}
RESULT: {}
COMMAND: GET /session/601af62cb68afff6944e8a635357ab53/window/rect - {}
RESULT: {}
COMMAND: POST /session/601af62cb68afff6944e8a635357ab53/execute/sync - {"script":"<script> [92 bytes]","args":[]}
RESULT: {"script":"<script> [92 bytes]","args":[]}
COMMAND: POST /session/601af62cb68afff6944e8a635357ab53/actions - {"actions":[{"id":"action6","type":"wheel","parameters":{},"actions":[{"type":"scroll","x":-1888,"y":-32,"deltaX":0,"deltaY":0,"duration":0,"origin":{"element-6066-11e4-a52e-4f735466cecf":"f.2CF887CE126DC6B338BD3A7C0EF1B7FC.d.EE1A60CA3301560EECF78CD9B4E51DFD.e.2926"}}]}]}
COMMAND: GET /session/601af62cb68afff6944e8a635357ab53/screenshot - {}
RESULT: {}
COMMAND: POST /session/601af62cb68afff6944e8a635357ab53/execute/sync - {"script":"<script> [79 bytes]","args":[{"element-6066-11e4-a52e-4f735466cecf":"f.2CF887CE126DC6B338BD3A7C0EF1B7FC.d.EE1A60CA3301560EECF78CD9B4E51DFD.e.2926","ELEMENT":"f.2CF887CE126DC6B338BD3A7C0EF1B7FC.d.EE1A60CA3301560EECF78CD9B4E51DFD.e.2926"},{"block":"start","inline":"nearest"}]}
RESULT: {"script":"<script> [79 bytes]","args":[{"element-6066-11e4-a52e-4f735466cecf":"f.2CF887CE126DC6B338BD3A7C0EF1B7FC.d.EE1A60CA3301560EECF78CD9B4E51DFD.e.2926","ELEMENT":"f.2CF887CE126DC6B338BD3A7C0EF1B7FC.d.EE1A60CA3301560EECF78CD9B4E51DFD.e.2926"},{"block":"start","inline":"nearest"}]}
COMMAND: POST /session/601af62cb68afff6944e8a635357ab53/execute/async - {"script":"<script> [1562 bytes]","args":[{"selector":{"id":"application-manageresources-display-component---newResourceUnit--btnAddTimeSegment","interaction":{"idSuffix":"inner"}},"wdio_ui5_key":"applicationmanageresources-display-component---newResourceUnit--btnAddTimeSegment"}]}
COMMAND: GET /session/601af62cb68afff6944e8a635357ab53/screenshot - {}
RESULT: {"script":"<script> [1562 bytes]","args":[{"selector":{"id":"application-manageresources-display-component---newResourceUnit--btnAddTimeSegment","interaction":{"idSuffix":"inner"}},"wdio_ui5_key":"applicationmanageresources-display-component---newResourceUnit--btnAddTimeSegment"}]}
RESULT: undefined
COMMAND: POST /session/601af62cb68afff6944e8a635357ab53/element - {"using":"xpath","value":"//*[@id=\"application-manageresources-display-component---newResourceUnit--btnAddTimeSegment\"]"}
RESULT: {}
RESULT: {"using":"xpath","value":"//*[@id=\"application-manageresources-display-component---newResourceUnit--btnAddTimeSegment\"]"}
COMMAND: POST /session/601af62cb68afff6944e8a635357ab53/element/f.2CF887CE126DC6B338BD3A7C0EF1B7FC.d.EE1A60CA3301560EECF78CD9B4E51DFD.e.2926/click - {}
RESULT: {}
COMMAND: GET /session/601af62cb68afff6944e8a635357ab53/screenshot - {}
RESULT: {}
COMMAND: POST /session/601af62cb68afff6944e8a635357ab53/element - {"using":"xpath","value":"//input[@id=\"application-manageresources-display-component---newResourceUnit--idRuTSAdmin-application-manageresources-display-component---newResourceUnit--RUTimeSegment-0-inner\"]"}
RESULT: {"using":"xpath","value":"//input[@id=\"application-manageresources-display-component---newResourceUnit--idRuTSAdmin-application-manageresources-display-component---newResourceUnit--RUTimeSegment-0-inner\"]"}
COMMAND: POST /session/601af62cb68afff6944e8a635357ab53/element/f.2CF887CE126DC6B338BD3A7C0EF1B7FC.d.EE1A60CA3301560EECF78CD9B4E51DFD.e.2931/clear - {}
RESULT: {}
COMMAND: POST /session/601af62cb68afff6944e8a635357ab53/element/f.2CF887CE126DC6B338BD3A7C0EF1B7FC.d.EE1A60CA3301560EECF78CD9B4E51DFD.e.2931/value - {"text":"356"}
COMMAND: GET /session/601af62cb68afff6944e8a635357ab53/screenshot - {}
RESULT: {"text":"356"}
COMMAND: GET /session/601af62cb68afff6944e8a635357ab53/screenshot - {}
RESULT: {}
RESULT: {}
COMMAND: POST /session/601af62cb68afff6944e8a635357ab53/element - {"using":"xpath","value":"//li[.//span[text()='356']]"}
RESULT: {"using":"xpath","value":"//li[.//span[text()='356']]"}
COMMAND: POST /session/601af62cb68afff6944e8a635357ab53/element/f.2CF887CE126DC6B338BD3A7C0EF1B7FC.d.EE1A60CA3301560EECF78CD9B4E51DFD.e.2940/click - {}
RESULT: {}
COMMAND: GET /session/601af62cb68afff6944e8a635357ab53/screenshot - {}
RESULT: {}
COMMAND: POST /session/601af62cb68afff6944e8a635357ab53/element - {"using":"xpath","value":"(//span[contains(@id, \"-application-manageresources-display-component---newResourceUnit--RUTimeSegment-0-arrow\")])[2]"}
RESULT: {"using":"xpath","value":"(//span[contains(@id, \"-application-manageresources-display-component---newResourceUnit--RUTimeSegment-0-arrow\")])[2]"}
COMMAND: POST /session/601af62cb68afff6944e8a635357ab53/element/f.2CF887CE126DC6B338BD3A7C0EF1B7FC.d.EE1A60CA3301560EECF78CD9B4E51DFD.e.2941/click - {}
RESULT: {}
COMMAND: POST /session/601af62cb68afff6944e8a635357ab53/element - {"using":"xpath","value":"//span[contains(text(), \"PM Order\")]"}
COMMAND: GET /session/601af62cb68afff6944e8a635357ab53/screenshot - {}
RESULT: {"using":"xpath","value":"//span[contains(text(), \"PM Order\")]"}
COMMAND: POST /session/601af62cb68afff6944e8a635357ab53/element/f.2CF887CE126DC6B338BD3A7C0EF1B7FC.d.EE1A60CA3301560EECF78CD9B4E51DFD.e.2942/click - {}
RESULT: {}
RESULT: {}
COMMAND: GET /session/601af62cb68afff6944e8a635357ab53/screenshot - {}
RESULT: {}
COMMAND: POST /session/601af62cb68afff6944e8a635357ab53/element - {"using":"xpath","value":"//td/div/div/div/span[contains(@id, \"newResourceUnit--RUTimeSegment-0-vhi\")][1]"}
RESULT: {"using":"xpath","value":"//td/div/div/div/span[contains(@id, \"newResourceUnit--RUTimeSegment-0-vhi\")][1]"}
COMMAND: GET /session/601af62cb68afff6944e8a635357ab53/element/f.2CF887CE126DC6B338BD3A7C0EF1B7FC.d.EE1A60CA3301560EECF78CD9B4E51DFD.e.2946/rect - {}
RESULT: {}
COMMAND: GET /session/601af62cb68afff6944e8a635357ab53/window/rect - {}
RESULT: {}
COMMAND: POST /session/601af62cb68afff6944e8a635357ab53/execute/sync - {"script":"<script> [92 bytes]","args":[]}
RESULT: {"script":"<script> [92 bytes]","args":[]}
COMMAND: POST /session/601af62cb68afff6944e8a635357ab53/actions - {"actions":[{"id":"action7","type":"wheel","parameters":{},"actions":[{"type":"scroll","x":-1888,"y":-24,"deltaX":0,"deltaY":0,"duration":0,"origin":{"element-6066-11e4-a52e-4f735466cecf":"f.2CF887CE126DC6B338BD3A7C0EF1B7FC.d.EE1A60CA3301560EECF78CD9B4E51DFD.e.2946"}}]}]}
COMMAND: GET /session/601af62cb68afff6944e8a635357ab53/screenshot - {}
RESULT: {}
COMMAND: POST /session/601af62cb68afff6944e8a635357ab53/execute/sync - {"script":"<script> [79 bytes]","args":[{"element-6066-11e4-a52e-4f735466cecf":"f.2CF887CE126DC6B338BD3A7C0EF1B7FC.d.EE1A60CA3301560EECF78CD9B4E51DFD.e.2946","ELEMENT":"f.2CF887CE126DC6B338BD3A7C0EF1B7FC.d.EE1A60CA3301560EECF78CD9B4E51DFD.e.2946"},{"block":"start","inline":"nearest"}]}
RESULT: {"script":"<script> [79 bytes]","args":[{"element-6066-11e4-a52e-4f735466cecf":"f.2CF887CE126DC6B338BD3A7C0EF1B7FC.d.EE1A60CA3301560EECF78CD9B4E51DFD.e.2946","ELEMENT":"f.2CF887CE126DC6B338BD3A7C0EF1B7FC.d.EE1A60CA3301560EECF78CD9B4E51DFD.e.2946"},{"block":"start","inline":"nearest"}]}
COMMAND: GET /session/601af62cb68afff6944e8a635357ab53/screenshot - {}
RESULT: {}
COMMAND: POST /session/601af62cb68afff6944e8a635357ab53/element/f.2CF887CE126DC6B338BD3A7C0EF1B7FC.d.EE1A60CA3301560EECF78CD9B4E51DFD.e.2946/click - {}
RESULT: {}
COMMAND: GET /session/601af62cb68afff6944e8a635357ab53/screenshot - {}
RESULT: {}
RESULT: undefined
COMMAND: POST /session/601af62cb68afff6944e8a635357ab53/execute/async - {"script":"<script> [776 bytes]","args":[{"enterText":"4000360","selector":{"controlType":"sap.m.SearchField","properties":{"placeholder":"Search"},"searchOpenDialogs":true,"interaction":{"idSuffix":"I"}},"clearTextFirst":true,"interactionType":"ENTER_TEXT"}]}
RESULT: {"script":"<script> [776 bytes]","args":[{"enterText":"4000360","selector":{"controlType":"sap.m.SearchField","properties":{"placeholder":"Search"},"searchOpenDialogs":true,"interaction":{"idSuffix":"I"}},"clearTextFirst":true,"interactionType":"ENTER_TEXT"}]}
COMMAND: POST /session/601af62cb68afff6944e8a635357ab53/actions - {"actions":[{"id":"action8","type":"key","parameters":{},"actions":[{"type":"keyDown","value":"î€‡"},{"type":"pause","duration":10},{"type":"keyUp","value":"î€‡"}]}]}
RESULT: {"actions":[{"id":"action8","type":"key","parameters":{},"actions":[{"type":"keyDown","value":"î€‡"},{"type":"pause","duration":10},{"type":"keyUp","value":"î€‡"}]}]}
COMMAND: GET /session/601af62cb68afff6944e8a635357ab53/screenshot - {}
RESULT: {}
COMMAND: POST /session/601af62cb68afff6944e8a635357ab53/element - {"using":"xpath","value":"//td/div/span[contains(text(), \"BGL Vehicles\")]"}
RESULT: {"using":"xpath","value":"//td/div/span[contains(text(), \"BGL Vehicles\")]"}
COMMAND: POST /session/601af62cb68afff6944e8a635357ab53/element/f.2CF887CE126DC6B338BD3A7C0EF1B7FC.d.EE1A60CA3301560EECF78CD9B4E51DFD.e.2965/click - {}
RESULT: {}
COMMAND: GET /session/601af62cb68afff6944e8a635357ab53/screenshot - {}
RESULT: {}
COMMAND: POST /session/601af62cb68afff6944e8a635357ab53/element - {"using":"xpath","value":"//bdi[contains(text(), \"OK\")]"}
RESULT: {"using":"xpath","value":"//bdi[contains(text(), \"OK\")]"}
COMMAND: POST /session/601af62cb68afff6944e8a635357ab53/element/f.2CF887CE126DC6B338BD3A7C0EF1B7FC.d.EE1A60CA3301560EECF78CD9B4E51DFD.e.2966/click - {}
RESULT: {}
COMMAND: GET /session/601af62cb68afff6944e8a635357ab53/screenshot - {}
RESULT: {}
COMMAND: POST /session/601af62cb68afff6944e8a635357ab53/element - {"using":"xpath","value":"//label[contains(@class, 'sapMLabelRequired') and .//bdi[contains(text(), 'Planned Retirement')]]"}
RESULT: {"using":"xpath","value":"//label[contains(@class, 'sapMLabelRequired') and .//bdi[contains(text(), 'Planned Retirement')]]"}
COMMAND: POST /session/601af62cb68afff6944e8a635357ab53/elements - {"using":"xpath","value":"//label[contains(@class, 'sapMLabelRequired') and .//bdi[contains(text(), 'Planned Retirement')]]"}
RESULT: {"using":"xpath","value":"//label[contains(@class, 'sapMLabelRequired') and .//bdi[contains(text(), 'Planned Retirement')]]"}
COMMAND: POST /session/601af62cb68afff6944e8a635357ab53/element - {"using":"xpath","value":"//button[@data-kt=\"resourceUnitSaveButton\"]"}
RESULT: {"using":"xpath","value":"//button[@data-kt=\"resourceUnitSaveButton\"]"}
COMMAND: POST /session/601af62cb68afff6944e8a635357ab53/element/f.2CF887CE126DC6B338BD3A7C0EF1B7FC.d.EE1A60CA3301560EECF78CD9B4E51DFD.e.2871/click - {}
RESULT: {}
COMMAND: GET /session/601af62cb68afff6944e8a635357ab53/screenshot - {}
RESULT: {}
COMMAND: POST /session/601af62cb68afff6944e8a635357ab53/element - {"using":"xpath","value":"//bdi[contains(text(), \"Close\")]"}
RESULT: {"using":"xpath","value":"//bdi[contains(text(), \"Close\")]"}
COMMAND: POST /session/601af62cb68afff6944e8a635357ab53/element/f.2CF887CE126DC6B338BD3A7C0EF1B7FC.d.EE1A60CA3301560EECF78CD9B4E51DFD.e.2972/click - {}
RESULT: {}
COMMAND: GET /session/601af62cb68afff6944e8a635357ab53/screenshot - {}
RESULT: {}
COMMAND: POST /session/601af62cb68afff6944e8a635357ab53/element - {"using":"xpath","value":"//header[contains(@id, 'detailRruPage-headerTitle')]/div[1]/div[2]/div[2]/span[1]"}
RESULT: {"using":"xpath","value":"//header[contains(@id, 'detailRruPage-headerTitle')]/div[1]/div[2]/div[2]/span[1]"}
COMMAND: POST /session/601af62cb68afff6944e8a635357ab53/elements - {"using":"xpath","value":"//header[contains(@id, 'detailRruPage-headerTitle')]/div[1]/div[2]/div[2]/span[1]"}
RESULT: {"using":"xpath","value":"//header[contains(@id, 'detailRruPage-headerTitle')]/div[1]/div[2]/div[2]/span[1]"}
COMMAND: POST /session/601af62cb68afff6944e8a635357ab53/execute/sync - {"script":"<script> [56 bytes]","args":[{"element-6066-11e4-a52e-4f735466cecf":"f.2CF887CE126DC6B338BD3A7C0EF1B7FC.d.EE1A60CA3301560EECF78CD9B4E51DFD.e.2997","ELEMENT":"f.2CF887CE126DC6B338BD3A7C0EF1B7FC.d.EE1A60CA3301560EECF78CD9B4E51DFD.e.2997"}]}
RESULT: {"script":"<script> [56 bytes]","args":[{"element-6066-11e4-a52e-4f735466cecf":"f.2CF887CE126DC6B338BD3A7C0EF1B7FC.d.EE1A60CA3301560EECF78CD9B4E51DFD.e.2997","ELEMENT":"f.2CF887CE126DC6B338BD3A7C0EF1B7FC.d.EE1A60CA3301560EECF78CD9B4E51DFD.e.2997"}]}
COMMAND: POST /session/601af62cb68afff6944e8a635357ab53/element - {"using":"css selector","value":"#shell-header-logo"}
COMMAND: GET /session/601af62cb68afff6944e8a635357ab53/screenshot - {}
RESULT: {"using":"css selector","value":"#shell-header-logo"}
COMMAND: POST /session/601af62cb68afff6944e8a635357ab53/element/f.2CF887CE126DC6B338BD3A7C0EF1B7FC.d.EE1A60CA3301560EECF78CD9B4E51DFD.e.2465/click - {}
RESULT: {}
RESULT: {}
COMMAND: GET /session/601af62cb68afff6944e8a635357ab53/screenshot - {}
RESULT: {}
]]></system-out>
    </testcase>
    <testcase classname="chrome.136_0_7103_49.windows.Stock_increase_-_with_WHM_US125587" name="Bin Status Report Should Create New Organization yard" time="84.387">
      <system-out><![CDATA[
COMMAND: POST /session/601af62cb68afff6944e8a635357ab53/execute/async - {"script":"<script> [1562 bytes]","args":[{"selector":{"controlType":"sap.m.GenericTile","properties":{"header":"Bin Status Report"}},"wdio_ui5_key":"sapm.GenericTile{\"header\":\"Bin Status Report\"}"}]}
RESULT: {"script":"<script> [1562 bytes]","args":[{"selector":{"controlType":"sap.m.GenericTile","properties":{"header":"Bin Status Report"}},"wdio_ui5_key":"sapm.GenericTile{\"header\":\"Bin Status Report\"}"}]}
RESULT: undefined
COMMAND: POST /session/601af62cb68afff6944e8a635357ab53/element - {"using":"xpath","value":"//*[@id=\"__tile104\"]"}
RESULT: {"using":"xpath","value":"//*[@id=\"__tile104\"]"}
COMMAND: POST /session/601af62cb68afff6944e8a635357ab53/element/f.2CF887CE126DC6B338BD3A7C0EF1B7FC.d.EE1A60CA3301560EECF78CD9B4E51DFD.e.3001/click - {}
RESULT: {}
COMMAND: GET /session/601af62cb68afff6944e8a635357ab53/screenshot - {}
RESULT: {}
COMMAND: POST /session/601af62cb68afff6944e8a635357ab53/elements - {"using":"xpath","value":"//span[text()='Error']"}
RESULT: {"using":"xpath","value":"//span[text()='Error']"}
COMMAND: POST /session/601af62cb68afff6944e8a635357ab53/element - {"using":"xpath","value":"//button[@id=\"application-binstatusreport-display-component---warehousing--createOrgBtn\"]"}
RESULT: {"using":"xpath","value":"//button[@id=\"application-binstatusreport-display-component---warehousing--createOrgBtn\"]"}
COMMAND: POST /session/601af62cb68afff6944e8a635357ab53/elements - {"using":"xpath","value":"//button[@id=\"application-binstatusreport-display-component---warehousing--createOrgBtn\"]"}
RESULT: {"using":"xpath","value":"//button[@id=\"application-binstatusreport-display-component---warehousing--createOrgBtn\"]"}
COMMAND: POST /session/601af62cb68afff6944e8a635357ab53/execute/sync - {"script":"<script> [8489 bytes]","args":[{"element-6066-11e4-a52e-4f735466cecf":"f.2CF887CE126DC6B338BD3A7C0EF1B7FC.d.EE1A60CA3301560EECF78CD9B4E51DFD.e.3061","ELEMENT":"f.2CF887CE126DC6B338BD3A7C0EF1B7FC.d.EE1A60CA3301560EECF78CD9B4E51DFD.e.3061"}]}
RESULT: {"script":"<script> [8489 bytes]","args":[{"element-6066-11e4-a52e-4f735466cecf":"f.2CF887CE126DC6B338BD3A7C0EF1B7FC.d.EE1A60CA3301560EECF78CD9B4E51DFD.e.3061","ELEMENT":"f.2CF887CE126DC6B338BD3A7C0EF1B7FC.d.EE1A60CA3301560EECF78CD9B4E51DFD.e.3061"}]}
COMMAND: GET /session/601af62cb68afff6944e8a635357ab53/element/f.2CF887CE126DC6B338BD3A7C0EF1B7FC.d.EE1A60CA3301560EECF78CD9B4E51DFD.e.3061/enabled - {}
COMMAND: GET /session/601af62cb68afff6944e8a635357ab53/screenshot - {}
RESULT: {}
COMMAND: POST /session/601af62cb68afff6944e8a635357ab53/execute/sync - {"script":"<script> [8489 bytes]","args":[{"element-6066-11e4-a52e-4f735466cecf":"f.2CF887CE126DC6B338BD3A7C0EF1B7FC.d.EE1A60CA3301560EECF78CD9B4E51DFD.e.3061","ELEMENT":"f.2CF887CE126DC6B338BD3A7C0EF1B7FC.d.EE1A60CA3301560EECF78CD9B4E51DFD.e.3061"}]}
COMMAND: GET /session/601af62cb68afff6944e8a635357ab53/screenshot - {}
RESULT: {}
RESULT: {"script":"<script> [8489 bytes]","args":[{"element-6066-11e4-a52e-4f735466cecf":"f.2CF887CE126DC6B338BD3A7C0EF1B7FC.d.EE1A60CA3301560EECF78CD9B4E51DFD.e.3061","ELEMENT":"f.2CF887CE126DC6B338BD3A7C0EF1B7FC.d.EE1A60CA3301560EECF78CD9B4E51DFD.e.3061"}]}
COMMAND: POST /session/601af62cb68afff6944e8a635357ab53/execute/sync - {"script":"<script> [5351 bytes]","args":[{"element-6066-11e4-a52e-4f735466cecf":"f.2CF887CE126DC6B338BD3A7C0EF1B7FC.d.EE1A60CA3301560EECF78CD9B4E51DFD.e.3061","ELEMENT":"f.2CF887CE126DC6B338BD3A7C0EF1B7FC.d.EE1A60CA3301560EECF78CD9B4E51DFD.e.3061"}]}
COMMAND: GET /session/601af62cb68afff6944e8a635357ab53/screenshot - {}
RESULT: {}
RESULT: {"script":"<script> [5351 bytes]","args":[{"element-6066-11e4-a52e-4f735466cecf":"f.2CF887CE126DC6B338BD3A7C0EF1B7FC.d.EE1A60CA3301560EECF78CD9B4E51DFD.e.3061","ELEMENT":"f.2CF887CE126DC6B338BD3A7C0EF1B7FC.d.EE1A60CA3301560EECF78CD9B4E51DFD.e.3061"}]}
COMMAND: GET /session/601af62cb68afff6944e8a635357ab53/screenshot - {}
RESULT: {}
RESULT: {}
COMMAND: POST /session/601af62cb68afff6944e8a635357ab53/element/f.2CF887CE126DC6B338BD3A7C0EF1B7FC.d.EE1A60CA3301560EECF78CD9B4E51DFD.e.3061/click - {}
RESULT: {}
COMMAND: GET /session/601af62cb68afff6944e8a635357ab53/screenshot - {}
RESULT: {}
COMMAND: POST /session/601af62cb68afff6944e8a635357ab53/execute/async - {"script":"<script> [1562 bytes]","args":[{"selector":{"id":"createOrganizationPop--sectionInput","searchOpenDialogs":true,"interaction":{"idSuffix":"inner"}},"wdio_ui5_key":"createOrganizationPopsectionInput"}]}
RESULT: {"script":"<script> [1562 bytes]","args":[{"selector":{"id":"createOrganizationPop--sectionInput","searchOpenDialogs":true,"interaction":{"idSuffix":"inner"}},"wdio_ui5_key":"createOrganizationPopsectionInput"}]}
RESULT: undefined
COMMAND: POST /session/601af62cb68afff6944e8a635357ab53/execute/async - {"script":"<script> [776 bytes]","args":[{"enterText":"WDIO-356","selector":{"id":"createOrganizationPop--sectionInput","searchOpenDialogs":true,"interaction":{"idSuffix":"inner"}},"clearTextFirst":true,"interactionType":"ENTER_TEXT"}]}
RESULT: {"script":"<script> [776 bytes]","args":[{"enterText":"WDIO-356","selector":{"id":"createOrganizationPop--sectionInput","searchOpenDialogs":true,"interaction":{"idSuffix":"inner"}},"clearTextFirst":true,"interactionType":"ENTER_TEXT"}]}
COMMAND: POST /session/601af62cb68afff6944e8a635357ab53/execute/async - {"script":"<script> [1562 bytes]","args":[{"selector":{"id":"createOrganizationPop--descriptionInput","searchOpenDialogs":true,"interaction":{"idSuffix":"inner"}},"wdio_ui5_key":"createOrganizationPopdescriptionInput"}]}
RESULT: {"script":"<script> [1562 bytes]","args":[{"selector":{"id":"createOrganizationPop--descriptionInput","searchOpenDialogs":true,"interaction":{"idSuffix":"inner"}},"wdio_ui5_key":"createOrganizationPopdescriptionInput"}]}
RESULT: undefined
COMMAND: POST /session/601af62cb68afff6944e8a635357ab53/execute/async - {"script":"<script> [776 bytes]","args":[{"enterText":"Shipping-356","selector":{"id":"createOrganizationPop--descriptionInput","searchOpenDialogs":true,"interaction":{"idSuffix":"inner"}},"clearTextFirst":true,"interactionType":"ENTER_TEXT"}]}
RESULT: {"script":"<script> [776 bytes]","args":[{"enterText":"Shipping-356","selector":{"id":"createOrganizationPop--descriptionInput","searchOpenDialogs":true,"interaction":{"idSuffix":"inner"}},"clearTextFirst":true,"interactionType":"ENTER_TEXT"}]}
COMMAND: POST /session/601af62cb68afff6944e8a635357ab53/element - {"using":"css selector","value":"#createOrganizationPop--yardOrg-inner"}
RESULT: {"using":"css selector","value":"#createOrganizationPop--yardOrg-inner"}
COMMAND: POST /session/601af62cb68afff6944e8a635357ab53/element/f.2CF887CE126DC6B338BD3A7C0EF1B7FC.d.EE1A60CA3301560EECF78CD9B4E51DFD.e.3098/clear - {}
RESULT: {}
COMMAND: POST /session/601af62cb68afff6944e8a635357ab53/element/f.2CF887CE126DC6B338BD3A7C0EF1B7FC.d.EE1A60CA3301560EECF78CD9B4E51DFD.e.3098/value - {"text":"356"}
COMMAND: GET /session/601af62cb68afff6944e8a635357ab53/screenshot - {}
RESULT: {"text":"356"}
COMMAND: GET /session/601af62cb68afff6944e8a635357ab53/screenshot - {}
RESULT: {}
RESULT: {}
COMMAND: POST /session/601af62cb68afff6944e8a635357ab53/actions - {"actions":[{"id":"action9","type":"key","parameters":{},"actions":[{"type":"keyDown","value":"î€‡"},{"type":"pause","duration":10},{"type":"keyUp","value":"î€‡"}]}]}
RESULT: {"actions":[{"id":"action9","type":"key","parameters":{},"actions":[{"type":"keyDown","value":"î€‡"},{"type":"pause","duration":10},{"type":"keyUp","value":"î€‡"}]}]}
COMMAND: POST /session/601af62cb68afff6944e8a635357ab53/execute/async - {"script":"<script> [1562 bytes]","args":[{"selector":{"id":"createOrganizationPop--grZone","searchOpenDialogs":true,"interaction":{"idSuffix":"CbBg"}},"wdio_ui5_key":"createOrganizationPopgrZone"}]}
COMMAND: GET /session/601af62cb68afff6944e8a635357ab53/screenshot - {}
RESULT: {"script":"<script> [1562 bytes]","args":[{"selector":{"id":"createOrganizationPop--grZone","searchOpenDialogs":true,"interaction":{"idSuffix":"CbBg"}},"wdio_ui5_key":"createOrganizationPopgrZone"}]}
RESULT: undefined
COMMAND: POST /session/601af62cb68afff6944e8a635357ab53/element - {"using":"xpath","value":"//*[@id=\"createOrganizationPop--grZone\"]"}
RESULT: {}
RESULT: {"using":"xpath","value":"//*[@id=\"createOrganizationPop--grZone\"]"}
COMMAND: POST /session/601af62cb68afff6944e8a635357ab53/element/f.2CF887CE126DC6B338BD3A7C0EF1B7FC.d.EE1A60CA3301560EECF78CD9B4E51DFD.e.3119/click - {}
RESULT: {}
COMMAND: GET /session/601af62cb68afff6944e8a635357ab53/screenshot - {}
RESULT: {}
COMMAND: POST /session/601af62cb68afff6944e8a635357ab53/execute/async - {"script":"<script> [1562 bytes]","args":[{"selector":{"id":"createOrganizationPop--giZone","searchOpenDialogs":true,"interaction":{"idSuffix":"CbBg"}},"wdio_ui5_key":"createOrganizationPopgiZone"}]}
RESULT: {"script":"<script> [1562 bytes]","args":[{"selector":{"id":"createOrganizationPop--giZone","searchOpenDialogs":true,"interaction":{"idSuffix":"CbBg"}},"wdio_ui5_key":"createOrganizationPopgiZone"}]}
RESULT: undefined
COMMAND: POST /session/601af62cb68afff6944e8a635357ab53/element - {"using":"xpath","value":"//*[@id=\"createOrganizationPop--giZone\"]"}
RESULT: {"using":"xpath","value":"//*[@id=\"createOrganizationPop--giZone\"]"}
COMMAND: POST /session/601af62cb68afff6944e8a635357ab53/element/f.2CF887CE126DC6B338BD3A7C0EF1B7FC.d.EE1A60CA3301560EECF78CD9B4E51DFD.e.3121/click - {}
RESULT: {}
COMMAND: GET /session/601af62cb68afff6944e8a635357ab53/screenshot - {}
RESULT: {}
COMMAND: POST /session/601af62cb68afff6944e8a635357ab53/execute/async - {"script":"<script> [1562 bytes]","args":[{"selector":{"id":"createOrganizationPop--binNoInput","searchOpenDialogs":true,"interaction":{"idSuffix":"inner"}},"wdio_ui5_key":"createOrganizationPopbinNoInput"}]}
RESULT: {"script":"<script> [1562 bytes]","args":[{"selector":{"id":"createOrganizationPop--binNoInput","searchOpenDialogs":true,"interaction":{"idSuffix":"inner"}},"wdio_ui5_key":"createOrganizationPopbinNoInput"}]}
RESULT: undefined
COMMAND: POST /session/601af62cb68afff6944e8a635357ab53/execute/async - {"script":"<script> [776 bytes]","args":[{"enterText":"Bin-Wd","selector":{"id":"createOrganizationPop--binNoInput","searchOpenDialogs":true,"interaction":{"idSuffix":"inner"}},"clearTextFirst":true,"interactionType":"ENTER_TEXT"}]}
RESULT: {"script":"<script> [776 bytes]","args":[{"enterText":"Bin-Wd","selector":{"id":"createOrganizationPop--binNoInput","searchOpenDialogs":true,"interaction":{"idSuffix":"inner"}},"clearTextFirst":true,"interactionType":"ENTER_TEXT"}]}
COMMAND: POST /session/601af62cb68afff6944e8a635357ab53/execute/async - {"script":"<script> [1562 bytes]","args":[{"selector":{"id":"createOrganizationPop--descriptionId","searchOpenDialogs":true,"interaction":{"idSuffix":"inner"}},"wdio_ui5_key":"createOrganizationPopdescriptionId"}]}
RESULT: {"script":"<script> [1562 bytes]","args":[{"selector":{"id":"createOrganizationPop--descriptionId","searchOpenDialogs":true,"interaction":{"idSuffix":"inner"}},"wdio_ui5_key":"createOrganizationPopdescriptionId"}]}
RESULT: undefined
COMMAND: POST /session/601af62cb68afff6944e8a635357ab53/execute/async - {"script":"<script> [776 bytes]","args":[{"enterText":"Shipping-Wd","selector":{"id":"createOrganizationPop--descriptionId","searchOpenDialogs":true,"interaction":{"idSuffix":"inner"}},"clearTextFirst":true,"interactionType":"ENTER_TEXT"}]}
RESULT: {"script":"<script> [776 bytes]","args":[{"enterText":"Shipping-Wd","selector":{"id":"createOrganizationPop--descriptionId","searchOpenDialogs":true,"interaction":{"idSuffix":"inner"}},"clearTextFirst":true,"interactionType":"ENTER_TEXT"}]}
COMMAND: POST /session/601af62cb68afff6944e8a635357ab53/execute/async - {"script":"<script> [1562 bytes]","args":[{"selector":{"controlType":"sap.m.CheckBox","viewName":"etm.portal.ui.binstatusreport.view.MasterWareBins","viewId":"application-binstatusreport-display-component---warehousing","bindingPath":{"path":"","propertyPath":"/ZONE","modelName":"newBin"},"searchOpenDialogs":true,"interaction":{"idSuffix":"CbBg"}},"wdio_ui5_key":"etmportal.ui.binstatusreport.view.MasterWareBinssap.m.CheckBox{\"path\":\"\",\"propertyPath\":\"/ZONE\",\"modelName\":\"newBin\"}"}]}
RESULT: {"script":"<script> [1562 bytes]","args":[{"selector":{"controlType":"sap.m.CheckBox","viewName":"etm.portal.ui.binstatusreport.view.MasterWareBins","viewId":"application-binstatusreport-display-component---warehousing","bindingPath":{"path":"","propertyPath":"/ZONE","modelName":"newBin"},"searchOpenDialogs":true,"interaction":{"idSuffix":"CbBg"}},"wdio_ui5_key":"etmportal.ui.binstatusreport.view.MasterWareBinssap.m.CheckBox{\"path\":\"\",\"propertyPath\":\"/ZONE\",\"modelName\":\"newBin\"}"}]}
RESULT: undefined
COMMAND: POST /session/601af62cb68afff6944e8a635357ab53/element - {"using":"xpath","value":"//*[@id=\"__box56\"]"}
RESULT: {"using":"xpath","value":"//*[@id=\"__box56\"]"}
COMMAND: POST /session/601af62cb68afff6944e8a635357ab53/element/f.2CF887CE126DC6B338BD3A7C0EF1B7FC.d.EE1A60CA3301560EECF78CD9B4E51DFD.e.3125/click - {}
RESULT: {}
COMMAND: GET /session/601af62cb68afff6944e8a635357ab53/screenshot - {}
RESULT: {}
COMMAND: POST /session/601af62cb68afff6944e8a635357ab53/execute/async - {"script":"<script> [1562 bytes]","args":[{"selector":{"id":"createOrganizationPop--binTypesCB","searchOpenDialogs":true,"interaction":{"idSuffix":"inner"}},"wdio_ui5_key":"createOrganizationPopbinTypesCB"}]}
RESULT: {"script":"<script> [1562 bytes]","args":[{"selector":{"id":"createOrganizationPop--binTypesCB","searchOpenDialogs":true,"interaction":{"idSuffix":"inner"}},"wdio_ui5_key":"createOrganizationPopbinTypesCB"}]}
RESULT: undefined
COMMAND: POST /session/601af62cb68afff6944e8a635357ab53/execute/async - {"script":"<script> [776 bytes]","args":[{"enterText":"1 - General / No capacity check","selector":{"id":"createOrganizationPop--binTypesCB","searchOpenDialogs":true,"interaction":{"idSuffix":"inner"}},"clearTextFirst":true,"interactionType":"ENTER_TEXT"}]}
RESULT: {"script":"<script> [776 bytes]","args":[{"enterText":"1 - General / No capacity check","selector":{"id":"createOrganizationPop--binTypesCB","searchOpenDialogs":true,"interaction":{"idSuffix":"inner"}},"clearTextFirst":true,"interactionType":"ENTER_TEXT"}]}
COMMAND: POST /session/601af62cb68afff6944e8a635357ab53/actions - {"actions":[{"id":"action10","type":"key","parameters":{},"actions":[{"type":"keyDown","value":"î€‡"},{"type":"pause","duration":10},{"type":"keyUp","value":"î€‡"}]}]}
RESULT: {"actions":[{"id":"action10","type":"key","parameters":{},"actions":[{"type":"keyDown","value":"î€‡"},{"type":"pause","duration":10},{"type":"keyUp","value":"î€‡"}]}]}
COMMAND: GET /session/601af62cb68afff6944e8a635357ab53/screenshot - {}
RESULT: {}
COMMAND: POST /session/601af62cb68afff6944e8a635357ab53/execute/async - {"script":"<script> [1562 bytes]","args":[{"selector":{"id":"createOrganizationPop--finishBtn","searchOpenDialogs":true,"interaction":{"idSuffix":"BDI-content"}},"wdio_ui5_key":"createOrganizationPopfinishBtn"}]}
RESULT: {"script":"<script> [1562 bytes]","args":[{"selector":{"id":"createOrganizationPop--finishBtn","searchOpenDialogs":true,"interaction":{"idSuffix":"BDI-content"}},"wdio_ui5_key":"createOrganizationPopfinishBtn"}]}
RESULT: undefined
COMMAND: POST /session/601af62cb68afff6944e8a635357ab53/element - {"using":"xpath","value":"//*[@id=\"createOrganizationPop--finishBtn\"]"}
RESULT: {"using":"xpath","value":"//*[@id=\"createOrganizationPop--finishBtn\"]"}
COMMAND: POST /session/601af62cb68afff6944e8a635357ab53/element/f.2CF887CE126DC6B338BD3A7C0EF1B7FC.d.EE1A60CA3301560EECF78CD9B4E51DFD.e.3128/click - {}
RESULT: {}
COMMAND: GET /session/601af62cb68afff6944e8a635357ab53/screenshot - {}
RESULT: {}
COMMAND: POST /session/601af62cb68afff6944e8a635357ab53/element - {"using":"css selector","value":"#shell-header-logo"}
RESULT: {"using":"css selector","value":"#shell-header-logo"}
COMMAND: POST /session/601af62cb68afff6944e8a635357ab53/element/f.2CF887CE126DC6B338BD3A7C0EF1B7FC.d.EE1A60CA3301560EECF78CD9B4E51DFD.e.3008/click - {}
RESULT: {}
COMMAND: GET /session/601af62cb68afff6944e8a635357ab53/screenshot - {}
RESULT: {}
]]></system-out>
    </testcase>
    <testcase classname="chrome.136_0_7103_49.windows.Stock_increase_-_with_WHM_US125587" name="Bin Status Report Should Create New Organization for Site" time="69.24">
      <system-out><![CDATA[
RESULT: undefined
COMMAND: POST /session/601af62cb68afff6944e8a635357ab53/element - {"using":"xpath","value":"//*[@id=\"__tile104\"]"}
RESULT: {"using":"xpath","value":"//*[@id=\"__tile104\"]"}
COMMAND: POST /session/601af62cb68afff6944e8a635357ab53/element/f.2CF887CE126DC6B338BD3A7C0EF1B7FC.d.EE1A60CA3301560EECF78CD9B4E51DFD.e.3001/click - {}
RESULT: {}
COMMAND: GET /session/601af62cb68afff6944e8a635357ab53/screenshot - {}
RESULT: {}
COMMAND: POST /session/601af62cb68afff6944e8a635357ab53/elements - {"using":"xpath","value":"//span[text()='Error']"}
RESULT: {"using":"xpath","value":"//span[text()='Error']"}
COMMAND: POST /session/601af62cb68afff6944e8a635357ab53/element - {"using":"xpath","value":"//button[@id=\"application-binstatusreport-display-component---warehousing--createOrgBtn\"]"}
RESULT: {"using":"xpath","value":"//button[@id=\"application-binstatusreport-display-component---warehousing--createOrgBtn\"]"}
COMMAND: POST /session/601af62cb68afff6944e8a635357ab53/elements - {"using":"xpath","value":"//button[@id=\"application-binstatusreport-display-component---warehousing--createOrgBtn\"]"}
RESULT: {"using":"xpath","value":"//button[@id=\"application-binstatusreport-display-component---warehousing--createOrgBtn\"]"}
COMMAND: POST /session/601af62cb68afff6944e8a635357ab53/execute/sync - {"script":"<script> [8489 bytes]","args":[{"element-6066-11e4-a52e-4f735466cecf":"f.2CF887CE126DC6B338BD3A7C0EF1B7FC.d.EE1A60CA3301560EECF78CD9B4E51DFD.e.3188","ELEMENT":"f.2CF887CE126DC6B338BD3A7C0EF1B7FC.d.EE1A60CA3301560EECF78CD9B4E51DFD.e.3188"}]}
RESULT: {"script":"<script> [8489 bytes]","args":[{"element-6066-11e4-a52e-4f735466cecf":"f.2CF887CE126DC6B338BD3A7C0EF1B7FC.d.EE1A60CA3301560EECF78CD9B4E51DFD.e.3188","ELEMENT":"f.2CF887CE126DC6B338BD3A7C0EF1B7FC.d.EE1A60CA3301560EECF78CD9B4E51DFD.e.3188"}]}
COMMAND: GET /session/601af62cb68afff6944e8a635357ab53/element/f.2CF887CE126DC6B338BD3A7C0EF1B7FC.d.EE1A60CA3301560EECF78CD9B4E51DFD.e.3188/enabled - {}
COMMAND: GET /session/601af62cb68afff6944e8a635357ab53/screenshot - {}
RESULT: {}
COMMAND: POST /session/601af62cb68afff6944e8a635357ab53/execute/sync - {"script":"<script> [8489 bytes]","args":[{"element-6066-11e4-a52e-4f735466cecf":"f.2CF887CE126DC6B338BD3A7C0EF1B7FC.d.EE1A60CA3301560EECF78CD9B4E51DFD.e.3188","ELEMENT":"f.2CF887CE126DC6B338BD3A7C0EF1B7FC.d.EE1A60CA3301560EECF78CD9B4E51DFD.e.3188"}]}
COMMAND: GET /session/601af62cb68afff6944e8a635357ab53/screenshot - {}
RESULT: {}
RESULT: {}
RESULT: {"script":"<script> [8489 bytes]","args":[{"element-6066-11e4-a52e-4f735466cecf":"f.2CF887CE126DC6B338BD3A7C0EF1B7FC.d.EE1A60CA3301560EECF78CD9B4E51DFD.e.3188","ELEMENT":"f.2CF887CE126DC6B338BD3A7C0EF1B7FC.d.EE1A60CA3301560EECF78CD9B4E51DFD.e.3188"}]}
COMMAND: POST /session/601af62cb68afff6944e8a635357ab53/execute/sync - {"script":"<script> [5351 bytes]","args":[{"element-6066-11e4-a52e-4f735466cecf":"f.2CF887CE126DC6B338BD3A7C0EF1B7FC.d.EE1A60CA3301560EECF78CD9B4E51DFD.e.3188","ELEMENT":"f.2CF887CE126DC6B338BD3A7C0EF1B7FC.d.EE1A60CA3301560EECF78CD9B4E51DFD.e.3188"}]}
COMMAND: GET /session/601af62cb68afff6944e8a635357ab53/screenshot - {}
RESULT: {"script":"<script> [5351 bytes]","args":[{"element-6066-11e4-a52e-4f735466cecf":"f.2CF887CE126DC6B338BD3A7C0EF1B7FC.d.EE1A60CA3301560EECF78CD9B4E51DFD.e.3188","ELEMENT":"f.2CF887CE126DC6B338BD3A7C0EF1B7FC.d.EE1A60CA3301560EECF78CD9B4E51DFD.e.3188"}]}
COMMAND: GET /session/601af62cb68afff6944e8a635357ab53/screenshot - {}
RESULT: {}
RESULT: {}
COMMAND: POST /session/601af62cb68afff6944e8a635357ab53/element/f.2CF887CE126DC6B338BD3A7C0EF1B7FC.d.EE1A60CA3301560EECF78CD9B4E51DFD.e.3188/click - {}
RESULT: {}
COMMAND: GET /session/601af62cb68afff6944e8a635357ab53/screenshot - {}
RESULT: {}
RESULT: undefined
COMMAND: POST /session/601af62cb68afff6944e8a635357ab53/execute/async - {"script":"<script> [776 bytes]","args":[{"enterText":"2144","selector":{"id":"createOrganizationPop--sectionInput","searchOpenDialogs":true,"interaction":{"idSuffix":"inner"}},"clearTextFirst":true,"interactionType":"ENTER_TEXT"}]}
RESULT: {"script":"<script> [776 bytes]","args":[{"enterText":"2144","selector":{"id":"createOrganizationPop--sectionInput","searchOpenDialogs":true,"interaction":{"idSuffix":"inner"}},"clearTextFirst":true,"interactionType":"ENTER_TEXT"}]}
RESULT: undefined
COMMAND: POST /session/601af62cb68afff6944e8a635357ab53/execute/async - {"script":"<script> [776 bytes]","args":[{"enterText":"WDIO-2144","selector":{"id":"createOrganizationPop--descriptionInput","searchOpenDialogs":true,"interaction":{"idSuffix":"inner"}},"clearTextFirst":true,"interactionType":"ENTER_TEXT"}]}
RESULT: {"script":"<script> [776 bytes]","args":[{"enterText":"WDIO-2144","selector":{"id":"createOrganizationPop--descriptionInput","searchOpenDialogs":true,"interaction":{"idSuffix":"inner"}},"clearTextFirst":true,"interactionType":"ENTER_TEXT"}]}
COMMAND: POST /session/601af62cb68afff6944e8a635357ab53/element - {"using":"css selector","value":"#createOrganizationPop--siteOrg-inner"}
RESULT: {"using":"css selector","value":"#createOrganizationPop--siteOrg-inner"}
COMMAND: POST /session/601af62cb68afff6944e8a635357ab53/element/f.2CF887CE126DC6B338BD3A7C0EF1B7FC.d.EE1A60CA3301560EECF78CD9B4E51DFD.e.3210/clear - {}
RESULT: {}
COMMAND: POST /session/601af62cb68afff6944e8a635357ab53/element/f.2CF887CE126DC6B338BD3A7C0EF1B7FC.d.EE1A60CA3301560EECF78CD9B4E51DFD.e.3210/value - {"text":"2144"}
COMMAND: GET /session/601af62cb68afff6944e8a635357ab53/screenshot - {}
RESULT: {"text":"2144"}
COMMAND: GET /session/601af62cb68afff6944e8a635357ab53/screenshot - {}
RESULT: {}
RESULT: {}
COMMAND: POST /session/601af62cb68afff6944e8a635357ab53/actions - {"actions":[{"id":"action11","type":"key","parameters":{},"actions":[{"type":"keyDown","value":"î€‡"},{"type":"pause","duration":10},{"type":"keyUp","value":"î€‡"}]}]}
RESULT: {"actions":[{"id":"action11","type":"key","parameters":{},"actions":[{"type":"keyDown","value":"î€‡"},{"type":"pause","duration":10},{"type":"keyUp","value":"î€‡"}]}]}
RESULT: undefined
COMMAND: POST /session/601af62cb68afff6944e8a635357ab53/element - {"using":"xpath","value":"//*[@id=\"createOrganizationPop--giZone\"]"}
COMMAND: GET /session/601af62cb68afff6944e8a635357ab53/screenshot - {}
RESULT: {"using":"xpath","value":"//*[@id=\"createOrganizationPop--giZone\"]"}
COMMAND: POST /session/601af62cb68afff6944e8a635357ab53/element/f.2CF887CE126DC6B338BD3A7C0EF1B7FC.d.EE1A60CA3301560EECF78CD9B4E51DFD.e.3228/click - {}
RESULT: {}
RESULT: {}
COMMAND: GET /session/601af62cb68afff6944e8a635357ab53/screenshot - {}
RESULT: {}
RESULT: undefined
COMMAND: POST /session/601af62cb68afff6944e8a635357ab53/execute/async - {"script":"<script> [776 bytes]","args":[{"enterText":"WD-BIN","selector":{"id":"createOrganizationPop--binNoInput","searchOpenDialogs":true,"interaction":{"idSuffix":"inner"}},"clearTextFirst":true,"interactionType":"ENTER_TEXT"}]}
RESULT: {"script":"<script> [776 bytes]","args":[{"enterText":"WD-BIN","selector":{"id":"createOrganizationPop--binNoInput","searchOpenDialogs":true,"interaction":{"idSuffix":"inner"}},"clearTextFirst":true,"interactionType":"ENTER_TEXT"}]}
RESULT: undefined
COMMAND: POST /session/601af62cb68afff6944e8a635357ab53/execute/async - {"script":"<script> [776 bytes]","args":[{"enterText":"WD-BIN","selector":{"id":"createOrganizationPop--descriptionId","searchOpenDialogs":true,"interaction":{"idSuffix":"inner"}},"clearTextFirst":true,"interactionType":"ENTER_TEXT"}]}
RESULT: {"script":"<script> [776 bytes]","args":[{"enterText":"WD-BIN","selector":{"id":"createOrganizationPop--descriptionId","searchOpenDialogs":true,"interaction":{"idSuffix":"inner"}},"clearTextFirst":true,"interactionType":"ENTER_TEXT"}]}
COMMAND: POST /session/601af62cb68afff6944e8a635357ab53/execute/async - {"script":"<script> [1562 bytes]","args":[{"selector":{"controlType":"sap.m.CheckBox","viewName":"etm.portal.ui.binstatusreport.view.MasterWareBins","viewId":"application-binstatusreport-display-component---warehousing","bindingPath":{"propertyPath":"/ZONE","modelName":"newBin"},"searchOpenDialogs":true,"interaction":{"idSuffix":"CbBg"}},"wdio_ui5_key":"etmportal.ui.binstatusreport.view.MasterWareBinssap.m.CheckBox{\"propertyPath\":\"/ZONE\",\"modelName\":\"newBin\"}"}]}
RESULT: {"script":"<script> [1562 bytes]","args":[{"selector":{"controlType":"sap.m.CheckBox","viewName":"etm.portal.ui.binstatusreport.view.MasterWareBins","viewId":"application-binstatusreport-display-component---warehousing","bindingPath":{"propertyPath":"/ZONE","modelName":"newBin"},"searchOpenDialogs":true,"interaction":{"idSuffix":"CbBg"}},"wdio_ui5_key":"etmportal.ui.binstatusreport.view.MasterWareBinssap.m.CheckBox{\"propertyPath\":\"/ZONE\",\"modelName\":\"newBin\"}"}]}
RESULT: undefined
COMMAND: POST /session/601af62cb68afff6944e8a635357ab53/element - {"using":"xpath","value":"//*[@id=\"__box68\"]"}
RESULT: {"using":"xpath","value":"//*[@id=\"__box68\"]"}
COMMAND: POST /session/601af62cb68afff6944e8a635357ab53/element/f.2CF887CE126DC6B338BD3A7C0EF1B7FC.d.EE1A60CA3301560EECF78CD9B4E51DFD.e.3230/click - {}
RESULT: {}
COMMAND: GET /session/601af62cb68afff6944e8a635357ab53/screenshot - {}
RESULT: {}
RESULT: undefined
COMMAND: POST /session/601af62cb68afff6944e8a635357ab53/execute/async - {"script":"<script> [776 bytes]","args":[{"enterText":"1 - General / No capacity check","selector":{"id":"createOrganizationPop--binTypesCB","searchOpenDialogs":true,"interaction":{"idSuffix":"inner"}},"clearTextFirst":true,"interactionType":"ENTER_TEXT"}]}
RESULT: {"script":"<script> [776 bytes]","args":[{"enterText":"1 - General / No capacity check","selector":{"id":"createOrganizationPop--binTypesCB","searchOpenDialogs":true,"interaction":{"idSuffix":"inner"}},"clearTextFirst":true,"interactionType":"ENTER_TEXT"}]}
COMMAND: POST /session/601af62cb68afff6944e8a635357ab53/execute/async - {"script":"<script> [1562 bytes]","args":[{"selector":{"id":"createOrganizationPop--capacityId","searchOpenDialogs":true,"interaction":{"idSuffix":"inner"}},"wdio_ui5_key":"createOrganizationPopcapacityId"}]}
RESULT: {"script":"<script> [1562 bytes]","args":[{"selector":{"id":"createOrganizationPop--capacityId","searchOpenDialogs":true,"interaction":{"idSuffix":"inner"}},"wdio_ui5_key":"createOrganizationPopcapacityId"}]}
RESULT: undefined
COMMAND: POST /session/601af62cb68afff6944e8a635357ab53/actions - {"actions":[{"id":"action12","type":"key","parameters":{},"actions":[{"type":"keyDown","value":"î€‡"},{"type":"pause","duration":10},{"type":"keyUp","value":"î€‡"}]}]}
RESULT: {"actions":[{"id":"action12","type":"key","parameters":{},"actions":[{"type":"keyDown","value":"î€‡"},{"type":"pause","duration":10},{"type":"keyUp","value":"î€‡"}]}]}
COMMAND: GET /session/601af62cb68afff6944e8a635357ab53/screenshot - {}
RESULT: {}
RESULT: undefined
COMMAND: POST /session/601af62cb68afff6944e8a635357ab53/element - {"using":"xpath","value":"//*[@id=\"createOrganizationPop--finishBtn\"]"}
RESULT: {"using":"xpath","value":"//*[@id=\"createOrganizationPop--finishBtn\"]"}
COMMAND: POST /session/601af62cb68afff6944e8a635357ab53/element/f.2CF887CE126DC6B338BD3A7C0EF1B7FC.d.EE1A60CA3301560EECF78CD9B4E51DFD.e.3231/click - {}
RESULT: {}
COMMAND: GET /session/601af62cb68afff6944e8a635357ab53/screenshot - {}
COMMAND: POST /session/601af62cb68afff6944e8a635357ab53/element - {"using":"css selector","value":"#shell-header-logo"}
RESULT: {}
RESULT: {"using":"css selector","value":"#shell-header-logo"}
COMMAND: POST /session/601af62cb68afff6944e8a635357ab53/element/f.2CF887CE126DC6B338BD3A7C0EF1B7FC.d.EE1A60CA3301560EECF78CD9B4E51DFD.e.3137/click - {}
RESULT: {}
COMMAND: GET /session/601af62cb68afff6944e8a635357ab53/screenshot - {}
RESULT: {}
]]></system-out>
    </testcase>
    <testcase classname="chrome.136_0_7103_49.windows.Stock_increase_-_with_WHM_US125587" name="Create a Warehouse Movement for created yard" time="49.415">
      <system-out><![CDATA[
COMMAND: POST /session/601af62cb68afff6944e8a635357ab53/execute/async - {"script":"<script> [1562 bytes]","args":[{"selector":{"controlType":"sap.m.GenericTile","properties":{"header":"Manage Warehouse Movements"}},"wdio_ui5_key":"sapm.GenericTile{\"header\":\"Manage Warehouse Movements\"}"}]}
RESULT: {"script":"<script> [1562 bytes]","args":[{"selector":{"controlType":"sap.m.GenericTile","properties":{"header":"Manage Warehouse Movements"}},"wdio_ui5_key":"sapm.GenericTile{\"header\":\"Manage Warehouse Movements\"}"}]}
RESULT: undefined
COMMAND: POST /session/601af62cb68afff6944e8a635357ab53/element - {"using":"xpath","value":"//*[@id=\"__tile105\"]"}
RESULT: {"using":"xpath","value":"//*[@id=\"__tile105\"]"}
COMMAND: POST /session/601af62cb68afff6944e8a635357ab53/element/f.2CF887CE126DC6B338BD3A7C0EF1B7FC.d.EE1A60CA3301560EECF78CD9B4E51DFD.e.3255/click - {}
RESULT: {}
COMMAND: GET /session/601af62cb68afff6944e8a635357ab53/screenshot - {}
RESULT: {}
COMMAND: POST /session/601af62cb68afff6944e8a635357ab53/elements - {"using":"xpath","value":"//span[text()='Error']"}
RESULT: {"using":"xpath","value":"//span[text()='Error']"}
COMMAND: POST /session/601af62cb68afff6944e8a635357ab53/element - {"using":"xpath","value":"//input[@id='application-warehousemovements-display-component---warehouseMovements--smartFilterBar-filterItemControl_BASIC-YARD-inner']"}
RESULT: {"using":"xpath","value":"//input[@id='application-warehousemovements-display-component---warehouseMovements--smartFilterBar-filterItemControl_BASIC-YARD-inner']"}
COMMAND: POST /session/601af62cb68afff6944e8a635357ab53/elements - {"using":"xpath","value":"//input[@id='application-warehousemovements-display-component---warehouseMovements--smartFilterBar-filterItemControl_BASIC-YARD-inner']"}
RESULT: {"using":"xpath","value":"//input[@id='application-warehousemovements-display-component---warehouseMovements--smartFilterBar-filterItemControl_BASIC-YARD-inner']"}
COMMAND: POST /session/601af62cb68afff6944e8a635357ab53/execute/sync - {"script":"<script> [8489 bytes]","args":[{"element-6066-11e4-a52e-4f735466cecf":"f.2CF887CE126DC6B338BD3A7C0EF1B7FC.d.EE1A60CA3301560EECF78CD9B4E51DFD.e.3277","ELEMENT":"f.2CF887CE126DC6B338BD3A7C0EF1B7FC.d.EE1A60CA3301560EECF78CD9B4E51DFD.e.3277"}]}
RESULT: {"script":"<script> [8489 bytes]","args":[{"element-6066-11e4-a52e-4f735466cecf":"f.2CF887CE126DC6B338BD3A7C0EF1B7FC.d.EE1A60CA3301560EECF78CD9B4E51DFD.e.3277","ELEMENT":"f.2CF887CE126DC6B338BD3A7C0EF1B7FC.d.EE1A60CA3301560EECF78CD9B4E51DFD.e.3277"}]}
COMMAND: GET /session/601af62cb68afff6944e8a635357ab53/element/f.2CF887CE126DC6B338BD3A7C0EF1B7FC.d.EE1A60CA3301560EECF78CD9B4E51DFD.e.3277/enabled - {}
COMMAND: GET /session/601af62cb68afff6944e8a635357ab53/screenshot - {}
RESULT: {}
COMMAND: POST /session/601af62cb68afff6944e8a635357ab53/execute/sync - {"script":"<script> [8489 bytes]","args":[{"element-6066-11e4-a52e-4f735466cecf":"f.2CF887CE126DC6B338BD3A7C0EF1B7FC.d.EE1A60CA3301560EECF78CD9B4E51DFD.e.3277","ELEMENT":"f.2CF887CE126DC6B338BD3A7C0EF1B7FC.d.EE1A60CA3301560EECF78CD9B4E51DFD.e.3277"}]}
COMMAND: GET /session/601af62cb68afff6944e8a635357ab53/screenshot - {}
RESULT: {}
RESULT: {"script":"<script> [8489 bytes]","args":[{"element-6066-11e4-a52e-4f735466cecf":"f.2CF887CE126DC6B338BD3A7C0EF1B7FC.d.EE1A60CA3301560EECF78CD9B4E51DFD.e.3277","ELEMENT":"f.2CF887CE126DC6B338BD3A7C0EF1B7FC.d.EE1A60CA3301560EECF78CD9B4E51DFD.e.3277"}]}
COMMAND: POST /session/601af62cb68afff6944e8a635357ab53/execute/sync - {"script":"<script> [5351 bytes]","args":[{"element-6066-11e4-a52e-4f735466cecf":"f.2CF887CE126DC6B338BD3A7C0EF1B7FC.d.EE1A60CA3301560EECF78CD9B4E51DFD.e.3277","ELEMENT":"f.2CF887CE126DC6B338BD3A7C0EF1B7FC.d.EE1A60CA3301560EECF78CD9B4E51DFD.e.3277"}]}
COMMAND: GET /session/601af62cb68afff6944e8a635357ab53/screenshot - {}
RESULT: {}
RESULT: {"script":"<script> [5351 bytes]","args":[{"element-6066-11e4-a52e-4f735466cecf":"f.2CF887CE126DC6B338BD3A7C0EF1B7FC.d.EE1A60CA3301560EECF78CD9B4E51DFD.e.3277","ELEMENT":"f.2CF887CE126DC6B338BD3A7C0EF1B7FC.d.EE1A60CA3301560EECF78CD9B4E51DFD.e.3277"}]}
COMMAND: GET /session/601af62cb68afff6944e8a635357ab53/screenshot - {}
RESULT: {}
RESULT: {}
COMMAND: POST /session/601af62cb68afff6944e8a635357ab53/element/f.2CF887CE126DC6B338BD3A7C0EF1B7FC.d.EE1A60CA3301560EECF78CD9B4E51DFD.e.3277/clear - {}
RESULT: {}
COMMAND: POST /session/601af62cb68afff6944e8a635357ab53/element/f.2CF887CE126DC6B338BD3A7C0EF1B7FC.d.EE1A60CA3301560EECF78CD9B4E51DFD.e.3277/value - {"text":"356"}
COMMAND: GET /session/601af62cb68afff6944e8a635357ab53/screenshot - {}
RESULT: {"text":"356"}
COMMAND: POST /session/601af62cb68afff6944e8a635357ab53/actions - {"actions":[{"id":"action13","type":"key","parameters":{},"actions":[{"type":"keyDown","value":"î€‡"},{"type":"pause","duration":10},{"type":"keyUp","value":"î€‡"}]}]}
COMMAND: GET /session/601af62cb68afff6944e8a635357ab53/screenshot - {}
RESULT: {}
RESULT: {"actions":[{"id":"action13","type":"key","parameters":{},"actions":[{"type":"keyDown","value":"î€‡"},{"type":"pause","duration":10},{"type":"keyUp","value":"î€‡"}]}]}
COMMAND: GET /session/601af62cb68afff6944e8a635357ab53/screenshot - {}
RESULT: {}
RESULT: {}
COMMAND: POST /session/601af62cb68afff6944e8a635357ab53/element - {"using":"xpath","value":"//button[contains(@data-kt, \"MasterMovementAddOverflowToolbarButton\")]"}
RESULT: {"using":"xpath","value":"//button[contains(@data-kt, \"MasterMovementAddOverflowToolbarButton\")]"}
COMMAND: POST /session/601af62cb68afff6944e8a635357ab53/element/f.2CF887CE126DC6B338BD3A7C0EF1B7FC.d.EE1A60CA3301560EECF78CD9B4E51DFD.e.3299/click - {}
RESULT: {}
COMMAND: GET /session/601af62cb68afff6944e8a635357ab53/screenshot - {}
RESULT: {}
COMMAND: POST /session/601af62cb68afff6944e8a635357ab53/element - {"using":"xpath","value":"//*[@id=\"application-warehousemovements-display-component---addMovement--sectionsList-arrow\"]"}
RESULT: {"using":"xpath","value":"//*[@id=\"application-warehousemovements-display-component---addMovement--sectionsList-arrow\"]"}
COMMAND: POST /session/601af62cb68afff6944e8a635357ab53/element/f.2CF887CE126DC6B338BD3A7C0EF1B7FC.d.EE1A60CA3301560EECF78CD9B4E51DFD.e.3446/click - {}
RESULT: {}
COMMAND: POST /session/601af62cb68afff6944e8a635357ab53/actions - {"actions":[{"id":"action14","type":"key","parameters":{},"actions":[{"type":"keyDown","value":"î€•"},{"type":"pause","duration":10},{"type":"keyUp","value":"î€•"}]}]}
COMMAND: GET /session/601af62cb68afff6944e8a635357ab53/screenshot - {}
RESULT: {"actions":[{"id":"action14","type":"key","parameters":{},"actions":[{"type":"keyDown","value":"î€•"},{"type":"pause","duration":10},{"type":"keyUp","value":"î€•"}]}]}
COMMAND: GET /session/601af62cb68afff6944e8a635357ab53/screenshot - {}
RESULT: {}
RESULT: {}
COMMAND: POST /session/601af62cb68afff6944e8a635357ab53/actions - {"actions":[{"id":"action15","type":"key","parameters":{},"actions":[{"type":"keyDown","value":"î€‡"},{"type":"pause","duration":10},{"type":"keyUp","value":"î€‡"}]}]}
RESULT: {"actions":[{"id":"action15","type":"key","parameters":{},"actions":[{"type":"keyDown","value":"î€‡"},{"type":"pause","duration":10},{"type":"keyUp","value":"î€‡"}]}]}
COMMAND: GET /session/601af62cb68afff6944e8a635357ab53/screenshot - {}
RESULT: {}
COMMAND: POST /session/601af62cb68afff6944e8a635357ab53/element - {"using":"xpath","value":"//*[@id=\"application-warehousemovements-display-component---addMovement--saveMovementBtn-BDI-content\" and text()=\"Save\"]"}
RESULT: {"using":"xpath","value":"//*[@id=\"application-warehousemovements-display-component---addMovement--saveMovementBtn-BDI-content\" and text()=\"Save\"]"}
COMMAND: POST /session/601af62cb68afff6944e8a635357ab53/element/f.2CF887CE126DC6B338BD3A7C0EF1B7FC.d.EE1A60CA3301560EECF78CD9B4E51DFD.e.3448/click - {}
RESULT: {}
COMMAND: GET /session/601af62cb68afff6944e8a635357ab53/screenshot - {}
RESULT: {}
COMMAND: POST /session/601af62cb68afff6944e8a635357ab53/element - {"using":"css selector","value":"#shell-header-logo"}
RESULT: {"using":"css selector","value":"#shell-header-logo"}
COMMAND: POST /session/601af62cb68afff6944e8a635357ab53/element/f.2CF887CE126DC6B338BD3A7C0EF1B7FC.d.EE1A60CA3301560EECF78CD9B4E51DFD.e.3258/click - {}
RESULT: {}
COMMAND: GET /session/601af62cb68afff6944e8a635357ab53/screenshot - {}
RESULT: {}
]]></system-out>
    </testcase>
    <testcase classname="chrome.136_0_7103_49.windows.Stock_increase_-_with_WHM_US125587" name="Should do a stock increase handover" time="83.131">
      <system-out><![CDATA[
COMMAND: POST /session/601af62cb68afff6944e8a635357ab53/execute/async - {"script":"<script> [1562 bytes]","args":[{"selector":{"controlType":"sap.m.GenericTile","properties":{"header":"Manage Handovers"}},"wdio_ui5_key":"sapm.GenericTile{\"header\":\"Manage Handovers\"}"}]}
RESULT: {"script":"<script> [1562 bytes]","args":[{"selector":{"controlType":"sap.m.GenericTile","properties":{"header":"Manage Handovers"}},"wdio_ui5_key":"sapm.GenericTile{\"header\":\"Manage Handovers\"}"}]}
RESULT: undefined
COMMAND: POST /session/601af62cb68afff6944e8a635357ab53/element - {"using":"xpath","value":"//*[@id=\"__tile132\"]"}
RESULT: {"using":"xpath","value":"//*[@id=\"__tile132\"]"}
COMMAND: POST /session/601af62cb68afff6944e8a635357ab53/element/f.2CF887CE126DC6B338BD3A7C0EF1B7FC.d.EE1A60CA3301560EECF78CD9B4E51DFD.e.208/click - {}
RESULT: {}
COMMAND: GET /session/601af62cb68afff6944e8a635357ab53/screenshot - {}
RESULT: {}
COMMAND: POST /session/601af62cb68afff6944e8a635357ab53/elements - {"using":"xpath","value":"//span[text()='Error']"}
RESULT: {"using":"xpath","value":"//span[text()='Error']"}
COMMAND: POST /session/601af62cb68afff6944e8a635357ab53/element - {"using":"xpath","value":"//button[@data-kt=\"masterHOAddButton\"]"}
RESULT: {"using":"xpath","value":"//button[@data-kt=\"masterHOAddButton\"]"}
COMMAND: POST /session/601af62cb68afff6944e8a635357ab53/elements - {"using":"xpath","value":"//button[@data-kt=\"masterHOAddButton\"]"}
RESULT: {"using":"xpath","value":"//button[@data-kt=\"masterHOAddButton\"]"}
COMMAND: POST /session/601af62cb68afff6944e8a635357ab53/execute/sync - {"script":"<script> [8489 bytes]","args":[{"element-6066-11e4-a52e-4f735466cecf":"f.2CF887CE126DC6B338BD3A7C0EF1B7FC.d.EE1A60CA3301560EECF78CD9B4E51DFD.e.3555","ELEMENT":"f.2CF887CE126DC6B338BD3A7C0EF1B7FC.d.EE1A60CA3301560EECF78CD9B4E51DFD.e.3555"}]}
RESULT: {"script":"<script> [8489 bytes]","args":[{"element-6066-11e4-a52e-4f735466cecf":"f.2CF887CE126DC6B338BD3A7C0EF1B7FC.d.EE1A60CA3301560EECF78CD9B4E51DFD.e.3555","ELEMENT":"f.2CF887CE126DC6B338BD3A7C0EF1B7FC.d.EE1A60CA3301560EECF78CD9B4E51DFD.e.3555"}]}
COMMAND: GET /session/601af62cb68afff6944e8a635357ab53/element/f.2CF887CE126DC6B338BD3A7C0EF1B7FC.d.EE1A60CA3301560EECF78CD9B4E51DFD.e.3555/enabled - {}
COMMAND: GET /session/601af62cb68afff6944e8a635357ab53/screenshot - {}
RESULT: {}
COMMAND: POST /session/601af62cb68afff6944e8a635357ab53/execute/sync - {"script":"<script> [8489 bytes]","args":[{"element-6066-11e4-a52e-4f735466cecf":"f.2CF887CE126DC6B338BD3A7C0EF1B7FC.d.EE1A60CA3301560EECF78CD9B4E51DFD.e.3555","ELEMENT":"f.2CF887CE126DC6B338BD3A7C0EF1B7FC.d.EE1A60CA3301560EECF78CD9B4E51DFD.e.3555"}]}
COMMAND: GET /session/601af62cb68afff6944e8a635357ab53/screenshot - {}
RESULT: {}
RESULT: {"script":"<script> [8489 bytes]","args":[{"element-6066-11e4-a52e-4f735466cecf":"f.2CF887CE126DC6B338BD3A7C0EF1B7FC.d.EE1A60CA3301560EECF78CD9B4E51DFD.e.3555","ELEMENT":"f.2CF887CE126DC6B338BD3A7C0EF1B7FC.d.EE1A60CA3301560EECF78CD9B4E51DFD.e.3555"}]}
COMMAND: POST /session/601af62cb68afff6944e8a635357ab53/execute/sync - {"script":"<script> [5351 bytes]","args":[{"element-6066-11e4-a52e-4f735466cecf":"f.2CF887CE126DC6B338BD3A7C0EF1B7FC.d.EE1A60CA3301560EECF78CD9B4E51DFD.e.3555","ELEMENT":"f.2CF887CE126DC6B338BD3A7C0EF1B7FC.d.EE1A60CA3301560EECF78CD9B4E51DFD.e.3555"}]}
COMMAND: GET /session/601af62cb68afff6944e8a635357ab53/screenshot - {}
RESULT: {}
RESULT: {"script":"<script> [5351 bytes]","args":[{"element-6066-11e4-a52e-4f735466cecf":"f.2CF887CE126DC6B338BD3A7C0EF1B7FC.d.EE1A60CA3301560EECF78CD9B4E51DFD.e.3555","ELEMENT":"f.2CF887CE126DC6B338BD3A7C0EF1B7FC.d.EE1A60CA3301560EECF78CD9B4E51DFD.e.3555"}]}
COMMAND: POST /session/601af62cb68afff6944e8a635357ab53/element/f.2CF887CE126DC6B338BD3A7C0EF1B7FC.d.EE1A60CA3301560EECF78CD9B4E51DFD.e.3555/click - {}
COMMAND: GET /session/601af62cb68afff6944e8a635357ab53/screenshot - {}
RESULT: {}
RESULT: {}
COMMAND: GET /session/601af62cb68afff6944e8a635357ab53/screenshot - {}
RESULT: {}
RESULT: {}
COMMAND: POST /session/601af62cb68afff6944e8a635357ab53/element - {"using":"xpath","value":"//span[contains(@id ,\"AddNewHO--typeSelect-arrow\")]"}
RESULT: {"using":"xpath","value":"//span[contains(@id ,\"AddNewHO--typeSelect-arrow\")]"}
COMMAND: POST /session/601af62cb68afff6944e8a635357ab53/element/f.2CF887CE126DC6B338BD3A7C0EF1B7FC.d.EE1A60CA3301560EECF78CD9B4E51DFD.e.3893/click - {}
RESULT: {}
COMMAND: GET /session/601af62cb68afff6944e8a635357ab53/screenshot - {}
RESULT: {}
COMMAND: POST /session/601af62cb68afff6944e8a635357ab53/element - {"using":"xpath","value":"(//li[contains(text(), \"stock increase yard\")])[1]"}
RESULT: {"using":"xpath","value":"(//li[contains(text(), \"stock increase yard\")])[1]"}
COMMAND: POST /session/601af62cb68afff6944e8a635357ab53/element/f.2CF887CE126DC6B338BD3A7C0EF1B7FC.d.EE1A60CA3301560EECF78CD9B4E51DFD.e.3894/click - {}
RESULT: {}
COMMAND: GET /session/601af62cb68afff6944e8a635357ab53/screenshot - {}
RESULT: {}
COMMAND: POST /session/601af62cb68afff6944e8a635357ab53/execute/async - {"script":"<script> [1562 bytes]","args":[{"selector":{"id":"application-managehandovers-display-component---AddNewHO--dueDate","interaction":{"idSuffix":"inner"}},"wdio_ui5_key":"applicationmanagehandovers-display-component---AddNewHO--dueDate"}]}
RESULT: {"script":"<script> [1562 bytes]","args":[{"selector":{"id":"application-managehandovers-display-component---AddNewHO--dueDate","interaction":{"idSuffix":"inner"}},"wdio_ui5_key":"applicationmanagehandovers-display-component---AddNewHO--dueDate"}]}
RESULT: undefined
COMMAND: POST /session/601af62cb68afff6944e8a635357ab53/execute/async - {"script":"<script> [6424 bytes]","args":[{"element-6066-11e4-a52e-4f735466cecf":"f.2CF887CE126DC6B338BD3A7C0EF1B7FC.d.EE1A60CA3301560EECF78CD9B4E51DFD.e.3896"},"setValue",["5/14/25"]]}
RESULT: {"script":"<script> [6424 bytes]","args":[{"element-6066-11e4-a52e-4f735466cecf":"f.2CF887CE126DC6B338BD3A7C0EF1B7FC.d.EE1A60CA3301560EECF78CD9B4E51DFD.e.3896"},"setValue",["5/14/25"]]}
COMMAND: POST /session/601af62cb68afff6944e8a635357ab53/element - {"using":"xpath","value":"//input[@id=\"generalSectionFrg--receiveYard-inner\"]"}
RESULT: {"using":"xpath","value":"//input[@id=\"generalSectionFrg--receiveYard-inner\"]"}
COMMAND: POST /session/601af62cb68afff6944e8a635357ab53/element/f.2CF887CE126DC6B338BD3A7C0EF1B7FC.d.EE1A60CA3301560EECF78CD9B4E51DFD.e.3900/clear - {}
RESULT: {}
COMMAND: POST /session/601af62cb68afff6944e8a635357ab53/element/f.2CF887CE126DC6B338BD3A7C0EF1B7FC.d.EE1A60CA3301560EECF78CD9B4E51DFD.e.3900/value - {"text":"356"}
COMMAND: GET /session/601af62cb68afff6944e8a635357ab53/screenshot - {}
RESULT: {"text":"356"}
COMMAND: GET /session/601af62cb68afff6944e8a635357ab53/screenshot - {}
RESULT: {}
RESULT: {}
COMMAND: POST /session/601af62cb68afff6944e8a635357ab53/element - {"using":"xpath","value":"//li[.//span[text()='356']]"}
RESULT: {"using":"xpath","value":"//li[.//span[text()='356']]"}
COMMAND: POST /session/601af62cb68afff6944e8a635357ab53/element/f.2CF887CE126DC6B338BD3A7C0EF1B7FC.d.EE1A60CA3301560EECF78CD9B4E51DFD.e.3916/click - {}
RESULT: {}
COMMAND: GET /session/601af62cb68afff6944e8a635357ab53/screenshot - {}
RESULT: {}
COMMAND: POST /session/601af62cb68afff6944e8a635357ab53/execute/async - {"script":"<script> [1562 bytes]","args":[{"selector":{"id":"application-managehandovers-display-component---AddNewHO--ObjectPageLayout-anchBar-application-managehandovers-display-component---AddNewHO--section4-anchor","interaction":{"idSuffix":"BDI-content"}},"wdio_ui5_key":"applicationmanagehandovers-display-component---AddNewHO--ObjectPageLayout-anchBar-application-managehandovers-display-component---AddNewHO--section4-anchor"}]}
RESULT: {"script":"<script> [1562 bytes]","args":[{"selector":{"id":"application-managehandovers-display-component---AddNewHO--ObjectPageLayout-anchBar-application-managehandovers-display-component---AddNewHO--section4-anchor","interaction":{"idSuffix":"BDI-content"}},"wdio_ui5_key":"applicationmanagehandovers-display-component---AddNewHO--ObjectPageLayout-anchBar-application-managehandovers-display-component---AddNewHO--section4-anchor"}]}
RESULT: undefined
COMMAND: POST /session/601af62cb68afff6944e8a635357ab53/element - {"using":"xpath","value":"//*[@id=\"application-managehandovers-display-component---AddNewHO--ObjectPageLayout-anchBar-application-managehandovers-display-component---AddNewHO--section4-anchor\"]"}
RESULT: {"using":"xpath","value":"//*[@id=\"application-managehandovers-display-component---AddNewHO--ObjectPageLayout-anchBar-application-managehandovers-display-component---AddNewHO--section4-anchor\"]"}
COMMAND: POST /session/601af62cb68afff6944e8a635357ab53/element/f.2CF887CE126DC6B338BD3A7C0EF1B7FC.d.EE1A60CA3301560EECF78CD9B4E51DFD.e.3918/click - {}
RESULT: {}
COMMAND: POST /session/601af62cb68afff6944e8a635357ab53/element - {"using":"xpath","value":"//button[@aria-label=\"Add\"]"}
COMMAND: GET /session/601af62cb68afff6944e8a635357ab53/screenshot - {}
RESULT: {"using":"xpath","value":"//button[@aria-label=\"Add\"]"}
COMMAND: POST /session/601af62cb68afff6944e8a635357ab53/element/f.2CF887CE126DC6B338BD3A7C0EF1B7FC.d.EE1A60CA3301560EECF78CD9B4E51DFD.e.3920/click - {}
RESULT: {}
RESULT: {}
COMMAND: GET /session/601af62cb68afff6944e8a635357ab53/screenshot - {}
RESULT: {}
COMMAND: POST /session/601af62cb68afff6944e8a635357ab53/execute/async - {"script":"<script> [1562 bytes]","args":[{"selector":{"id":"application-managehandovers-display-component---AddNewHO--smartFilterBar-btnBasicSearch","searchOpenDialogs":true,"interaction":{"idSuffix":"I"}},"wdio_ui5_key":"applicationmanagehandovers-display-component---AddNewHO--smartFilterBar-btnBasicSearch"}]}
RESULT: {"script":"<script> [1562 bytes]","args":[{"selector":{"id":"application-managehandovers-display-component---AddNewHO--smartFilterBar-btnBasicSearch","searchOpenDialogs":true,"interaction":{"idSuffix":"I"}},"wdio_ui5_key":"applicationmanagehandovers-display-component---AddNewHO--smartFilterBar-btnBasicSearch"}]}
RESULT: undefined
COMMAND: POST /session/601af62cb68afff6944e8a635357ab53/execute/async - {"script":"<script> [776 bytes]","args":[{"enterText":"200146","selector":{"id":"application-managehandovers-display-component---AddNewHO--smartFilterBar-btnBasicSearch","searchOpenDialogs":true,"interaction":{"idSuffix":"I"}},"clearTextFirst":true,"interactionType":"ENTER_TEXT"}]}
RESULT: {"script":"<script> [776 bytes]","args":[{"enterText":"200146","selector":{"id":"application-managehandovers-display-component---AddNewHO--smartFilterBar-btnBasicSearch","searchOpenDialogs":true,"interaction":{"idSuffix":"I"}},"clearTextFirst":true,"interactionType":"ENTER_TEXT"}]}
COMMAND: POST /session/601af62cb68afff6944e8a635357ab53/actions - {"actions":[{"id":"action16","type":"key","parameters":{},"actions":[{"type":"keyDown","value":"î€‡"},{"type":"pause","duration":10},{"type":"keyUp","value":"î€‡"}]}]}
RESULT: {"actions":[{"id":"action16","type":"key","parameters":{},"actions":[{"type":"keyDown","value":"î€‡"},{"type":"pause","duration":10},{"type":"keyUp","value":"î€‡"}]}]}
COMMAND: GET /session/601af62cb68afff6944e8a635357ab53/screenshot - {}
RESULT: {}
COMMAND: POST /session/601af62cb68afff6944e8a635357ab53/execute/async - {"script":"<script> [1562 bytes]","args":[{"selector":{"id":"application-managehandovers-display-component---AddNewHO--popup-sa","searchOpenDialogs":true,"interaction":{"idSuffix":"CbBg"}},"wdio_ui5_key":"applicationmanagehandovers-display-component---AddNewHO--popup-sa"}]}
RESULT: {"script":"<script> [1562 bytes]","args":[{"selector":{"id":"application-managehandovers-display-component---AddNewHO--popup-sa","searchOpenDialogs":true,"interaction":{"idSuffix":"CbBg"}},"wdio_ui5_key":"applicationmanagehandovers-display-component---AddNewHO--popup-sa"}]}
RESULT: undefined
COMMAND: POST /session/601af62cb68afff6944e8a635357ab53/element - {"using":"xpath","value":"//*[@id=\"application-managehandovers-display-component---AddNewHO--popup-sa\"]"}
RESULT: {"using":"xpath","value":"//*[@id=\"application-managehandovers-display-component---AddNewHO--popup-sa\"]"}
COMMAND: POST /session/601af62cb68afff6944e8a635357ab53/element/f.2CF887CE126DC6B338BD3A7C0EF1B7FC.d.EE1A60CA3301560EECF78CD9B4E51DFD.e.4073/click - {}
RESULT: {}
COMMAND: GET /session/601af62cb68afff6944e8a635357ab53/screenshot - {}
RESULT: {}
COMMAND: POST /session/601af62cb68afff6944e8a635357ab53/element - {"using":"xpath","value":"//bdi[contains(text(), \"Select\")]"}
RESULT: {"using":"xpath","value":"//bdi[contains(text(), \"Select\")]"}
COMMAND: POST /session/601af62cb68afff6944e8a635357ab53/element/f.2CF887CE126DC6B338BD3A7C0EF1B7FC.d.EE1A60CA3301560EECF78CD9B4E51DFD.e.4074/click - {}
RESULT: {}
COMMAND: GET /session/601af62cb68afff6944e8a635357ab53/screenshot - {}
RESULT: {}
COMMAND: POST /session/601af62cb68afff6944e8a635357ab53/element - {"using":"xpath","value":"//button[@data-kt=\"AddNewHOSaveButton\"]"}
RESULT: {"using":"xpath","value":"//button[@data-kt=\"AddNewHOSaveButton\"]"}
COMMAND: POST /session/601af62cb68afff6944e8a635357ab53/element/f.2CF887CE126DC6B338BD3A7C0EF1B7FC.d.EE1A60CA3301560EECF78CD9B4E51DFD.e.4078/click - {}
RESULT: {}
COMMAND: GET /session/601af62cb68afff6944e8a635357ab53/screenshot - {}
RESULT: {}
COMMAND: POST /session/601af62cb68afff6944e8a635357ab53/execute/async - {"script":"<script> [1562 bytes]","args":[{"selector":{"id":"receiptDatePicker","viewName":"etm.portal.ui.managehandovers.view.DetailExecuteHO","interaction":{"idSuffix":"inner"}},"wdio_ui5_key":"receiptDatePickeretmportal.ui.managehandovers.view.DetailExecuteHO"}]}
RESULT: {"script":"<script> [1562 bytes]","args":[{"selector":{"id":"receiptDatePicker","viewName":"etm.portal.ui.managehandovers.view.DetailExecuteHO","interaction":{"idSuffix":"inner"}},"wdio_ui5_key":"receiptDatePickeretmportal.ui.managehandovers.view.DetailExecuteHO"}]}
RESULT: undefined
COMMAND: POST /session/601af62cb68afff6944e8a635357ab53/execute/async - {"script":"<script> [6424 bytes]","args":[{"element-6066-11e4-a52e-4f735466cecf":"f.2CF887CE126DC6B338BD3A7C0EF1B7FC.d.EE1A60CA3301560EECF78CD9B4E51DFD.e.4097"},"setValue",["5/14/25"]]}
RESULT: {"script":"<script> [6424 bytes]","args":[{"element-6066-11e4-a52e-4f735466cecf":"f.2CF887CE126DC6B338BD3A7C0EF1B7FC.d.EE1A60CA3301560EECF78CD9B4E51DFD.e.4097"},"setValue",["5/14/25"]]}
COMMAND: POST /session/601af62cb68afff6944e8a635357ab53/element - {"using":"xpath","value":"//button[@data-kt=\"PickingTableConfirmAllButton\"]"}
RESULT: {"using":"xpath","value":"//button[@data-kt=\"PickingTableConfirmAllButton\"]"}
COMMAND: POST /session/601af62cb68afff6944e8a635357ab53/element/f.2CF887CE126DC6B338BD3A7C0EF1B7FC.d.EE1A60CA3301560EECF78CD9B4E51DFD.e.4114/click - {}
RESULT: {}
COMMAND: GET /session/601af62cb68afff6944e8a635357ab53/screenshot - {}
RESULT: {}
COMMAND: POST /session/601af62cb68afff6944e8a635357ab53/element - {"using":"xpath","value":"//bdi[contains(text(), \"OK\")]"}
RESULT: {"using":"xpath","value":"//bdi[contains(text(), \"OK\")]"}
COMMAND: POST /session/601af62cb68afff6944e8a635357ab53/element/f.2CF887CE126DC6B338BD3A7C0EF1B7FC.d.EE1A60CA3301560EECF78CD9B4E51DFD.e.4116/click - {}
RESULT: {}
COMMAND: GET /session/601af62cb68afff6944e8a635357ab53/screenshot - {}
RESULT: {}
COMMAND: POST /session/601af62cb68afff6944e8a635357ab53/element - {"using":"xpath","value":"(//bdi[contains(text(), \"Receive\")])[2]"}
RESULT: {"using":"xpath","value":"(//bdi[contains(text(), \"Receive\")])[2]"}
COMMAND: POST /session/601af62cb68afff6944e8a635357ab53/element/f.2CF887CE126DC6B338BD3A7C0EF1B7FC.d.EE1A60CA3301560EECF78CD9B4E51DFD.e.4118/click - {}
RESULT: {}
COMMAND: GET /session/601af62cb68afff6944e8a635357ab53/screenshot - {}
RESULT: {}
COMMAND: POST /session/601af62cb68afff6944e8a635357ab53/element - {"using":"css selector","value":"#shell-header-logo"}
RESULT: {"using":"css selector","value":"#shell-header-logo"}
COMMAND: POST /session/601af62cb68afff6944e8a635357ab53/element/f.2CF887CE126DC6B338BD3A7C0EF1B7FC.d.EE1A60CA3301560EECF78CD9B4E51DFD.e.3518/click - {}
RESULT: {}
COMMAND: GET /session/601af62cb68afff6944e8a635357ab53/screenshot - {}
RESULT: {}
COMMAND: POST /session/601af62cb68afff6944e8a635357ab53/element - {"using":"css selector","value":"#j_username"}
COMMAND: POST /session/601af62cb68afff6944e8a635357ab53/url - {"url":"https://qa-testing-00-live-etm-ui.cfapps.eu10-004.hana.ondemand.com/"}
RESULT: {"using":"css selector","value":"#j_username"}
COMMAND: POST /session/601af62cb68afff6944e8a635357ab53/element - {"using":"css selector","value":"#j_username"}
RESULT: {"url":"https://qa-testing-00-live-etm-ui.cfapps.eu10-004.hana.ondemand.com/"}
RESULT: undefined
COMMAND: GET /session/601af62cb68afff6944e8a635357ab53/screenshot - {}
RESULT: {"using":"css selector","value":"#j_username"}
COMMAND: POST /session/601af62cb68afff6944e8a635357ab53/element - {"using":"css selector","value":"#shell-header-logo"}
RESULT: {}
RESULT: {"using":"css selector","value":"#shell-header-logo"}
COMMAND: POST /session/601af62cb68afff6944e8a635357ab53/execute/sync - {"script":"<script> [8489 bytes]","args":[{"element-6066-11e4-a52e-4f735466cecf":"f.2CF887CE126DC6B338BD3A7C0EF1B7FC.d.5D35D686EA6FAD4EF39DC3693E80E10C.e.4320","ELEMENT":"f.2CF887CE126DC6B338BD3A7C0EF1B7FC.d.5D35D686EA6FAD4EF39DC3693E80E10C.e.4320"}]}
RESULT: {"script":"<script> [8489 bytes]","args":[{"element-6066-11e4-a52e-4f735466cecf":"f.2CF887CE126DC6B338BD3A7C0EF1B7FC.d.5D35D686EA6FAD4EF39DC3693E80E10C.e.4320","ELEMENT":"f.2CF887CE126DC6B338BD3A7C0EF1B7FC.d.5D35D686EA6FAD4EF39DC3693E80E10C.e.4320"}]}
COMMAND: POST /session/601af62cb68afff6944e8a635357ab53/element - {"using":"css selector","value":"#shell-header-logo"}
COMMAND: GET /session/601af62cb68afff6944e8a635357ab53/screenshot - {}
RESULT: {"using":"css selector","value":"#shell-header-logo"}
COMMAND: POST /session/601af62cb68afff6944e8a635357ab53/execute/sync - {"script":"<script> [8489 bytes]","args":[{"element-6066-11e4-a52e-4f735466cecf":"f.2CF887CE126DC6B338BD3A7C0EF1B7FC.d.5D35D686EA6FAD4EF39DC3693E80E10C.e.4320","ELEMENT":"f.2CF887CE126DC6B338BD3A7C0EF1B7FC.d.5D35D686EA6FAD4EF39DC3693E80E10C.e.4320"}]}
RESULT: {}
RESULT: {"script":"<script> [8489 bytes]","args":[{"element-6066-11e4-a52e-4f735466cecf":"f.2CF887CE126DC6B338BD3A7C0EF1B7FC.d.5D35D686EA6FAD4EF39DC3693E80E10C.e.4320","ELEMENT":"f.2CF887CE126DC6B338BD3A7C0EF1B7FC.d.5D35D686EA6FAD4EF39DC3693E80E10C.e.4320"}]}
COMMAND: POST /session/601af62cb68afff6944e8a635357ab53/execute/sync - {"script":"<script> [5351 bytes]","args":[{"element-6066-11e4-a52e-4f735466cecf":"f.2CF887CE126DC6B338BD3A7C0EF1B7FC.d.5D35D686EA6FAD4EF39DC3693E80E10C.e.4320","ELEMENT":"f.2CF887CE126DC6B338BD3A7C0EF1B7FC.d.5D35D686EA6FAD4EF39DC3693E80E10C.e.4320"}]}
COMMAND: GET /session/601af62cb68afff6944e8a635357ab53/screenshot - {}
RESULT: {"script":"<script> [5351 bytes]","args":[{"element-6066-11e4-a52e-4f735466cecf":"f.2CF887CE126DC6B338BD3A7C0EF1B7FC.d.5D35D686EA6FAD4EF39DC3693E80E10C.e.4320","ELEMENT":"f.2CF887CE126DC6B338BD3A7C0EF1B7FC.d.5D35D686EA6FAD4EF39DC3693E80E10C.e.4320"}]}
COMMAND: POST /session/601af62cb68afff6944e8a635357ab53/element - {"using":"css selector","value":"#shell-header-logo"}
COMMAND: GET /session/601af62cb68afff6944e8a635357ab53/screenshot - {}
RESULT: {}
RESULT: {"using":"css selector","value":"#shell-header-logo"}
COMMAND: POST /session/601af62cb68afff6944e8a635357ab53/element/f.2CF887CE126DC6B338BD3A7C0EF1B7FC.d.5D35D686EA6FAD4EF39DC3693E80E10C.e.4320/click - {}
RESULT: {}
RESULT: {}
COMMAND: GET /session/601af62cb68afff6944e8a635357ab53/screenshot - {}
RESULT: {}
COMMAND: POST /session/601af62cb68afff6944e8a635357ab53/execute/async - {"script":"<script> [189 bytes]","args":[]}
RESULT: {"script":"<script> [189 bytes]","args":[]}
COMMAND: POST /session/601af62cb68afff6944e8a635357ab53/execute/async - {"script":"<script> [123 bytes]","args":[]}
RESULT: {"script":"<script> [123 bytes]","args":[]}
COMMAND: POST /session/601af62cb68afff6944e8a635357ab53/timeouts - {"script":"<number>"}
RESULT: {"script":"<number>"}
COMMAND: GET /session/601af62cb68afff6944e8a635357ab53/timeouts - {}
RESULT: {}
RESULT: undefined
COMMAND: POST /session/601af62cb68afff6944e8a635357ab53/execute/async - {"script":"<script> [2676 bytes]","args":[]}
RESULT: {"script":"<script> [2676 bytes]","args":[]}
COMMAND: POST /session/601af62cb68afff6944e8a635357ab53/execute/async - {"script":"<script> [2342 bytes]","args":[{"protocol":"http","hostname":"0.0.0.0","path":"/","capabilities":{"browserName":"chrome","goog:chromeOptions":{"binary":"C:\\Program Files\\Google\\Chrome\\Application\\chrome.exe","args":["--start-maximized"]}},"logLevel":"warn","connectionRetryTimeout":120000,"connectionRetryCount":3,"logLevels":{},"enableDirectConnect":true,"strictSSL":true,"_":"65 more keys: [\"cacheDir\",\"port\",\"requestedCapabilities\",\"automationProtocol\",\"baseUrl\",\"waitforInterval\",\"waitforTimeout\",\"onReload\",\"beforeCommand\",\"afterCommand\",\"rootDir\",\"specs\",\"suites\",\"exclude\",\"groupLogsByTestSpec\",\"excludeDriverLogs\",\"bail\",\"framework\",\"reporters\",\"services\",\"maxInstances\",\"maxInstancesPerCapability\",\"injectGlobals\",\"filesToWatch\",\"execArgv\",\"runnerEnv\",\"runner\",\"shard\",\"specFileRetries\",\"specFileRetriesDelay\",\"specFileRetriesDeferred\",\"reporterSyncInterval\",\"reporterSyncTimeout\",\"cucumberFeaturesWithLineNumbers\",\"autoCompileOpts\",\"mochaOpts\",\"jasmineOpts\",\"cucumberOpts\",\"onPrepare\",\"onWorkerStart\",\"onWorkerEnd\",\"before\",\"beforeSession\",\"beforeSuite\",\"beforeHook\",\"beforeTest\",\"afterTest\",\"afterHook\",\"afterSuite\",\"afterSession\",\"after\",\"onComplete\",\"beforeAssertion\",\"afterAssertion\",\"beforeFeature\",\"beforeScenario\",\"beforeStep\",\"afterStep\",\"afterScenario\",\"afterFeature\",\"_\",\"suite\",\"$0\",\"ignoredWorkerServices\",\"wdi5\"]"}]}
RESULT: {"script":"<script> [2342 bytes]","args":[{"protocol":"http","hostname":"0.0.0.0","path":"/","capabilities":{"browserName":"chrome","goog:chromeOptions":{"binary":"C:\\Program Files\\Google\\Chrome\\Application\\chrome.exe","args":["--start-maximized"]}},"logLevel":"warn","connectionRetryTimeout":120000,"connectionRetryCount":3,"logLevels":{},"enableDirectConnect":true,"strictSSL":true,"_":"65 more keys: [\"cacheDir\",\"port\",\"requestedCapabilities\",\"automationProtocol\",\"baseUrl\",\"waitforInterval\",\"waitforTimeout\",\"onReload\",\"beforeCommand\",\"afterCommand\",\"rootDir\",\"specs\",\"suites\",\"exclude\",\"groupLogsByTestSpec\",\"excludeDriverLogs\",\"bail\",\"framework\",\"reporters\",\"services\",\"maxInstances\",\"maxInstancesPerCapability\",\"injectGlobals\",\"filesToWatch\",\"execArgv\",\"runnerEnv\",\"runner\",\"shard\",\"specFileRetries\",\"specFileRetriesDelay\",\"specFileRetriesDeferred\",\"reporterSyncInterval\",\"reporterSyncTimeout\",\"cucumberFeaturesWithLineNumbers\",\"autoCompileOpts\",\"mochaOpts\",\"jasmineOpts\",\"cucumberOpts\",\"onPrepare\",\"onWorkerStart\",\"onWorkerEnd\",\"before\",\"beforeSession\",\"beforeSuite\",\"beforeHook\",\"beforeTest\",\"afterTest\",\"afterHook\",\"afterSuite\",\"afterSession\",\"after\",\"onComplete\",\"beforeAssertion\",\"afterAssertion\",\"beforeFeature\",\"beforeScenario\",\"beforeStep\",\"afterStep\",\"afterScenario\",\"afterFeature\",\"_\",\"suite\",\"$0\",\"ignoredWorkerServices\",\"wdi5\"]"}]}
COMMAND: POST /session/601af62cb68afff6944e8a635357ab53/execute/async - {"script":"<script> [21126 bytes]","args":[35000]}
RESULT: {"script":"<script> [21126 bytes]","args":[35000]}
COMMAND: POST /session/601af62cb68afff6944e8a635357ab53/window/maximize - {}
RESULT: {}
COMMAND: POST /session/601af62cb68afff6944e8a635357ab53/execute/async - {"script":"<script> [1562 bytes]","args":[{"selector":{"id":"shell-header","interaction":{"idSuffix":"icon"}},"wdio_ui5_key":"shellheader"}]}
COMMAND: GET /session/601af62cb68afff6944e8a635357ab53/screenshot - {}
RESULT: {"script":"<script> [1562 bytes]","args":[{"selector":{"id":"shell-header","interaction":{"idSuffix":"icon"}},"wdio_ui5_key":"shellheader"}]}
RESULT: undefined
COMMAND: POST /session/601af62cb68afff6944e8a635357ab53/window/fullscreen - {}
RESULT: {}
RESULT: {}
]]></system-out>
    </testcase>
  </testsuite>
  <testsuite timestamp="2025-05-14T16:42:25" time="126.897" tests="6" failures="0" errors="0" skipped="0">
    <properties>
      <property name="specId" value="0" />
      <property name="suiteName" value="Provide to Site w/ warehouse management w/ clarification US115878" />
      <property name="capabilities" value="chrome.136_0_7103_49.windows" />
      <property name="file" value="file:///D:/a/1/s/test/specs/HTR/provide-to-site-w-warehouse-w-clarification.spec.js" />
    </properties>
    <testcase classname="chrome.136_0_7103_49.windows.Provide_to_Site_w/_warehouse_management_w/_clarification_US115878" name="Should create a new WHM yard" time="0.023">
      <system-out><![CDATA[
COMMAND: POST /session/601af62cb68afff6944e8a635357ab53/window/fullscreen - {}
RESULT: {}
]]></system-out>
    </testcase>
    <testcase classname="chrome.136_0_7103_49.windows.Provide_to_Site_w/_warehouse_management_w/_clarification_US115878" name="Should create a new external WHM partner" time="0.004" />
    <testcase classname="chrome.136_0_7103_49.windows.Provide_to_Site_w/_warehouse_management_w/_clarification_US115878" name="Should create a new WHM site" time="0.003" />
    <testcase classname="chrome.136_0_7103_49.windows.Provide_to_Site_w/_warehouse_management_w/_clarification_US115878" name="Should create a new material" time="110.594">
      <system-out><![CDATA[
COMMAND: POST /session/601af62cb68afff6944e8a635357ab53/execute/async - {"script":"<script> [1562 bytes]","args":[{"selector":{"controlType":"sap.m.GenericTile","properties":{"header":"Manage Resources"}},"wdio_ui5_key":"sapm.GenericTile{\"header\":\"Manage Resources\"}"}]}
RESULT: {"script":"<script> [1562 bytes]","args":[{"selector":{"controlType":"sap.m.GenericTile","properties":{"header":"Manage Resources"}},"wdio_ui5_key":"sapm.GenericTile{\"header\":\"Manage Resources\"}"}]}
RESULT: undefined
COMMAND: POST /session/601af62cb68afff6944e8a635357ab53/element - {"using":"xpath","value":"//*[@id=\"__tile50\"]"}
RESULT: {"using":"xpath","value":"//*[@id=\"__tile50\"]"}
COMMAND: POST /session/601af62cb68afff6944e8a635357ab53/element/f.2CF887CE126DC6B338BD3A7C0EF1B7FC.d.5D35D686EA6FAD4EF39DC3693E80E10C.e.4335/click - {}
RESULT: {}
COMMAND: GET /session/601af62cb68afff6944e8a635357ab53/screenshot - {}
RESULT: {}
COMMAND: POST /session/601af62cb68afff6944e8a635357ab53/elements - {"using":"xpath","value":"//span[text()='Error']"}
RESULT: {"using":"xpath","value":"//span[text()='Error']"}
COMMAND: POST /session/601af62cb68afff6944e8a635357ab53/element - {"using":"xpath","value":"//button[@data-kt=\"addNewRUOverflowToolbarButton\"]"}
RESULT: {"using":"xpath","value":"//button[@data-kt=\"addNewRUOverflowToolbarButton\"]"}
COMMAND: POST /session/601af62cb68afff6944e8a635357ab53/elements - {"using":"xpath","value":"//button[@data-kt=\"addNewRUOverflowToolbarButton\"]"}
RESULT: {"using":"xpath","value":"//button[@data-kt=\"addNewRUOverflowToolbarButton\"]"}
COMMAND: POST /session/601af62cb68afff6944e8a635357ab53/execute/sync - {"script":"<script> [8489 bytes]","args":[{"element-6066-11e4-a52e-4f735466cecf":"f.2CF887CE126DC6B338BD3A7C0EF1B7FC.d.5D35D686EA6FAD4EF39DC3693E80E10C.e.4462","ELEMENT":"f.2CF887CE126DC6B338BD3A7C0EF1B7FC.d.5D35D686EA6FAD4EF39DC3693E80E10C.e.4462"}]}
RESULT: {"script":"<script> [8489 bytes]","args":[{"element-6066-11e4-a52e-4f735466cecf":"f.2CF887CE126DC6B338BD3A7C0EF1B7FC.d.5D35D686EA6FAD4EF39DC3693E80E10C.e.4462","ELEMENT":"f.2CF887CE126DC6B338BD3A7C0EF1B7FC.d.5D35D686EA6FAD4EF39DC3693E80E10C.e.4462"}]}
COMMAND: GET /session/601af62cb68afff6944e8a635357ab53/element/f.2CF887CE126DC6B338BD3A7C0EF1B7FC.d.5D35D686EA6FAD4EF39DC3693E80E10C.e.4462/enabled - {}
COMMAND: GET /session/601af62cb68afff6944e8a635357ab53/screenshot - {}
RESULT: {}
COMMAND: POST /session/601af62cb68afff6944e8a635357ab53/execute/sync - {"script":"<script> [8489 bytes]","args":[{"element-6066-11e4-a52e-4f735466cecf":"f.2CF887CE126DC6B338BD3A7C0EF1B7FC.d.5D35D686EA6FAD4EF39DC3693E80E10C.e.4462","ELEMENT":"f.2CF887CE126DC6B338BD3A7C0EF1B7FC.d.5D35D686EA6FAD4EF39DC3693E80E10C.e.4462"}]}
COMMAND: GET /session/601af62cb68afff6944e8a635357ab53/screenshot - {}
RESULT: {}
RESULT: {"script":"<script> [8489 bytes]","args":[{"element-6066-11e4-a52e-4f735466cecf":"f.2CF887CE126DC6B338BD3A7C0EF1B7FC.d.5D35D686EA6FAD4EF39DC3693E80E10C.e.4462","ELEMENT":"f.2CF887CE126DC6B338BD3A7C0EF1B7FC.d.5D35D686EA6FAD4EF39DC3693E80E10C.e.4462"}]}
COMMAND: POST /session/601af62cb68afff6944e8a635357ab53/execute/sync - {"script":"<script> [5351 bytes]","args":[{"element-6066-11e4-a52e-4f735466cecf":"f.2CF887CE126DC6B338BD3A7C0EF1B7FC.d.5D35D686EA6FAD4EF39DC3693E80E10C.e.4462","ELEMENT":"f.2CF887CE126DC6B338BD3A7C0EF1B7FC.d.5D35D686EA6FAD4EF39DC3693E80E10C.e.4462"}]}
COMMAND: GET /session/601af62cb68afff6944e8a635357ab53/screenshot - {}
RESULT: {}
RESULT: {"script":"<script> [5351 bytes]","args":[{"element-6066-11e4-a52e-4f735466cecf":"f.2CF887CE126DC6B338BD3A7C0EF1B7FC.d.5D35D686EA6FAD4EF39DC3693E80E10C.e.4462","ELEMENT":"f.2CF887CE126DC6B338BD3A7C0EF1B7FC.d.5D35D686EA6FAD4EF39DC3693E80E10C.e.4462"}]}
COMMAND: POST /session/601af62cb68afff6944e8a635357ab53/element/f.2CF887CE126DC6B338BD3A7C0EF1B7FC.d.5D35D686EA6FAD4EF39DC3693E80E10C.e.4462/click - {}
COMMAND: GET /session/601af62cb68afff6944e8a635357ab53/screenshot - {}
RESULT: {}
RESULT: {}
COMMAND: GET /session/601af62cb68afff6944e8a635357ab53/screenshot - {}
RESULT: {}
COMMAND: POST /session/601af62cb68afff6944e8a635357ab53/execute/async - {"script":"<script> [1562 bytes]","args":[{"selector":{"id":"application-manageresources-display-component---newResourceUnit--TYPE-arrow"},"wdio_ui5_key":"applicationmanageresources-display-component---newResourceUnit--TYPE-arrow"}]}
RESULT: {}
RESULT: {"script":"<script> [1562 bytes]","args":[{"selector":{"id":"application-manageresources-display-component---newResourceUnit--TYPE-arrow"},"wdio_ui5_key":"applicationmanageresources-display-component---newResourceUnit--TYPE-arrow"}]}
RESULT: undefined
COMMAND: POST /session/601af62cb68afff6944e8a635357ab53/element - {"using":"xpath","value":"//*[@id=\"application-manageresources-display-component---newResourceUnit--TYPE-arrow\"]"}
RESULT: {"using":"xpath","value":"//*[@id=\"application-manageresources-display-component---newResourceUnit--TYPE-arrow\"]"}
COMMAND: POST /session/601af62cb68afff6944e8a635357ab53/element/f.2CF887CE126DC6B338BD3A7C0EF1B7FC.d.5D35D686EA6FAD4EF39DC3693E80E10C.e.4819/click - {}
RESULT: {}
COMMAND: POST /session/601af62cb68afff6944e8a635357ab53/element - {"using":"xpath","value":"//input[@id=\"application-manageresources-display-component---newResourceUnit--TYPE-inner\"]"}
COMMAND: GET /session/601af62cb68afff6944e8a635357ab53/screenshot - {}
RESULT: {"using":"xpath","value":"//input[@id=\"application-manageresources-display-component---newResourceUnit--TYPE-inner\"]"}
COMMAND: POST /session/601af62cb68afff6944e8a635357ab53/element/f.2CF887CE126DC6B338BD3A7C0EF1B7FC.d.5D35D686EA6FAD4EF39DC3693E80E10C.e.4801/clear - {}
RESULT: {}
RESULT: {}
COMMAND: POST /session/601af62cb68afff6944e8a635357ab53/element/f.2CF887CE126DC6B338BD3A7C0EF1B7FC.d.5D35D686EA6FAD4EF39DC3693E80E10C.e.4801/value - {"text":"Material"}
COMMAND: GET /session/601af62cb68afff6944e8a635357ab53/screenshot - {}
RESULT: {"text":"Material"}
COMMAND: GET /session/601af62cb68afff6944e8a635357ab53/screenshot - {}
RESULT: {}
RESULT: {}
COMMAND: POST /session/601af62cb68afff6944e8a635357ab53/actions - {"actions":[{"id":"action17","type":"key","parameters":{},"actions":[{"type":"keyDown","value":"î€‡"},{"type":"pause","duration":10},{"type":"keyUp","value":"î€‡"}]}]}
RESULT: {"actions":[{"id":"action17","type":"key","parameters":{},"actions":[{"type":"keyDown","value":"î€‡"},{"type":"pause","duration":10},{"type":"keyUp","value":"î€‡"}]}]}
COMMAND: POST /session/601af62cb68afff6944e8a635357ab53/execute/async - {"script":"<script> [1562 bytes]","args":[{"selector":{"id":"application-manageresources-display-component---newResourceUnit--SHORT_TEXT","interaction":{"idSuffix":"inner"}},"wdio_ui5_key":"applicationmanageresources-display-component---newResourceUnit--SHORT_TEXT"}]}
COMMAND: GET /session/601af62cb68afff6944e8a635357ab53/screenshot - {}
RESULT: {"script":"<script> [1562 bytes]","args":[{"selector":{"id":"application-manageresources-display-component---newResourceUnit--SHORT_TEXT","interaction":{"idSuffix":"inner"}},"wdio_ui5_key":"applicationmanageresources-display-component---newResourceUnit--SHORT_TEXT"}]}
RESULT: undefined
COMMAND: POST /session/601af62cb68afff6944e8a635357ab53/execute/async - {"script":"<script> [776 bytes]","args":[{"enterText":"Cement WDIO","selector":{"id":"application-manageresources-display-component---newResourceUnit--SHORT_TEXT","interaction":{"idSuffix":"inner"}},"clearTextFirst":true,"interactionType":"ENTER_TEXT"}]}
RESULT: {}
RESULT: {"script":"<script> [776 bytes]","args":[{"enterText":"Cement WDIO","selector":{"id":"application-manageresources-display-component---newResourceUnit--SHORT_TEXT","interaction":{"idSuffix":"inner"}},"clearTextFirst":true,"interactionType":"ENTER_TEXT"}]}
COMMAND: POST /session/601af62cb68afff6944e8a635357ab53/execute/async - {"script":"<script> [1562 bytes]","args":[{"selector":{"id":"application-manageresources-display-component---newResourceUnit--BASE_UNIT_OF_MEASURE","interaction":{"idSuffix":"inner"}},"wdio_ui5_key":"applicationmanageresources-display-component---newResourceUnit--BASE_UNIT_OF_MEASURE"}]}
RESULT: {"script":"<script> [1562 bytes]","args":[{"selector":{"id":"application-manageresources-display-component---newResourceUnit--BASE_UNIT_OF_MEASURE","interaction":{"idSuffix":"inner"}},"wdio_ui5_key":"applicationmanageresources-display-component---newResourceUnit--BASE_UNIT_OF_MEASURE"}]}
RESULT: undefined
COMMAND: POST /session/601af62cb68afff6944e8a635357ab53/execute/async - {"script":"<script> [776 bytes]","args":[{"enterText":"Piece","selector":{"id":"application-manageresources-display-component---newResourceUnit--BASE_UNIT_OF_MEASURE","interaction":{"idSuffix":"inner"}},"clearTextFirst":true,"interactionType":"ENTER_TEXT"}]}
RESULT: {"script":"<script> [776 bytes]","args":[{"enterText":"Piece","selector":{"id":"application-manageresources-display-component---newResourceUnit--BASE_UNIT_OF_MEASURE","interaction":{"idSuffix":"inner"}},"clearTextFirst":true,"interactionType":"ENTER_TEXT"}]}
COMMAND: POST /session/601af62cb68afff6944e8a635357ab53/execute/async - {"script":"<script> [1562 bytes]","args":[{"selector":{"id":"application-manageresources-display-component---newResourceUnit--WEIGHT_UNIT","interaction":{"idSuffix":"inner"}},"wdio_ui5_key":"applicationmanageresources-display-component---newResourceUnit--WEIGHT_UNIT"}]}
RESULT: {"script":"<script> [1562 bytes]","args":[{"selector":{"id":"application-manageresources-display-component---newResourceUnit--WEIGHT_UNIT","interaction":{"idSuffix":"inner"}},"wdio_ui5_key":"applicationmanageresources-display-component---newResourceUnit--WEIGHT_UNIT"}]}
RESULT: undefined
COMMAND: POST /session/601af62cb68afff6944e8a635357ab53/execute/async - {"script":"<script> [776 bytes]","args":[{"enterText":"Gram","selector":{"id":"application-manageresources-display-component---newResourceUnit--WEIGHT_UNIT","interaction":{"idSuffix":"inner"}},"clearTextFirst":true,"interactionType":"ENTER_TEXT"}]}
RESULT: {"script":"<script> [776 bytes]","args":[{"enterText":"Gram","selector":{"id":"application-manageresources-display-component---newResourceUnit--WEIGHT_UNIT","interaction":{"idSuffix":"inner"}},"clearTextFirst":true,"interactionType":"ENTER_TEXT"}]}
COMMAND: POST /session/601af62cb68afff6944e8a635357ab53/execute/async - {"script":"<script> [1562 bytes]","args":[{"selector":{"id":"application-manageresources-display-component---newResourceUnit--DIMENSION_UNIT","interaction":{"idSuffix":"inner"}},"wdio_ui5_key":"applicationmanageresources-display-component---newResourceUnit--DIMENSION_UNIT"}]}
RESULT: {"script":"<script> [1562 bytes]","args":[{"selector":{"id":"application-manageresources-display-component---newResourceUnit--DIMENSION_UNIT","interaction":{"idSuffix":"inner"}},"wdio_ui5_key":"applicationmanageresources-display-component---newResourceUnit--DIMENSION_UNIT"}]}
RESULT: undefined
COMMAND: POST /session/601af62cb68afff6944e8a635357ab53/execute/async - {"script":"<script> [776 bytes]","args":[{"enterText":"Meter","selector":{"id":"application-manageresources-display-component---newResourceUnit--DIMENSION_UNIT","interaction":{"idSuffix":"inner"}},"clearTextFirst":true,"interactionType":"ENTER_TEXT"}]}
RESULT: {"script":"<script> [776 bytes]","args":[{"enterText":"Meter","selector":{"id":"application-manageresources-display-component---newResourceUnit--DIMENSION_UNIT","interaction":{"idSuffix":"inner"}},"clearTextFirst":true,"interactionType":"ENTER_TEXT"}]}
COMMAND: POST /session/601af62cb68afff6944e8a635357ab53/execute/async - {"script":"<script> [1562 bytes]","args":[{"selector":{"id":"application-manageresources-display-component---newResourceUnit--newRRUPage-anchBar-application-manageresources-display-component---newResourceUnit--control-anchor","interaction":{"idSuffix":"BDI-content"}},"wdio_ui5_key":"applicationmanageresources-display-component---newResourceUnit--newRRUPage-anchBar-application-manageresources-display-component---newResourceUnit--control-anchor"}]}
RESULT: {"script":"<script> [1562 bytes]","args":[{"selector":{"id":"application-manageresources-display-component---newResourceUnit--newRRUPage-anchBar-application-manageresources-display-component---newResourceUnit--control-anchor","interaction":{"idSuffix":"BDI-content"}},"wdio_ui5_key":"applicationmanageresources-display-component---newResourceUnit--newRRUPage-anchBar-application-manageresources-display-component---newResourceUnit--control-anchor"}]}
RESULT: undefined
COMMAND: POST /session/601af62cb68afff6944e8a635357ab53/element - {"using":"xpath","value":"//*[@id=\"application-manageresources-display-component---newResourceUnit--newRRUPage-anchBar-application-manageresources-display-component---newResourceUnit--control-anchor\"]"}
RESULT: {"using":"xpath","value":"//*[@id=\"application-manageresources-display-component---newResourceUnit--newRRUPage-anchBar-application-manageresources-display-component---newResourceUnit--control-anchor\"]"}
COMMAND: POST /session/601af62cb68afff6944e8a635357ab53/element/f.2CF887CE126DC6B338BD3A7C0EF1B7FC.d.5D35D686EA6FAD4EF39DC3693E80E10C.e.4885/click - {}
RESULT: {}
COMMAND: POST /session/601af62cb68afff6944e8a635357ab53/execute/async - {"script":"<script> [1562 bytes]","args":[{"selector":{"id":"application-manageresources-display-component---newResourceUnit--PLANNING_GROUP","interaction":{"idSuffix":"inner"}},"wdio_ui5_key":"applicationmanageresources-display-component---newResourceUnit--PLANNING_GROUP"}]}
COMMAND: GET /session/601af62cb68afff6944e8a635357ab53/screenshot - {}
RESULT: {"script":"<script> [1562 bytes]","args":[{"selector":{"id":"application-manageresources-display-component---newResourceUnit--PLANNING_GROUP","interaction":{"idSuffix":"inner"}},"wdio_ui5_key":"applicationmanageresources-display-component---newResourceUnit--PLANNING_GROUP"}]}
RESULT: undefined
COMMAND: POST /session/601af62cb68afff6944e8a635357ab53/execute/async - {"script":"<script> [776 bytes]","args":[{"enterText":"Material","selector":{"id":"application-manageresources-display-component---newResourceUnit--PLANNING_GROUP","interaction":{"idSuffix":"inner"}},"clearTextFirst":true,"interactionType":"ENTER_TEXT"}]}
RESULT: {}
RESULT: {"script":"<script> [776 bytes]","args":[{"enterText":"Material","selector":{"id":"application-manageresources-display-component---newResourceUnit--PLANNING_GROUP","interaction":{"idSuffix":"inner"}},"clearTextFirst":true,"interactionType":"ENTER_TEXT"}]}
COMMAND: POST /session/601af62cb68afff6944e8a635357ab53/execute/async - {"script":"<script> [1562 bytes]","args":[{"selector":{"id":"application-manageresources-display-component---newResourceUnit--PLANNING_INDICATOR","interaction":{"idSuffix":"inner"}},"wdio_ui5_key":"applicationmanageresources-display-component---newResourceUnit--PLANNING_INDICATOR"}]}
RESULT: {"script":"<script> [1562 bytes]","args":[{"selector":{"id":"application-manageresources-display-component---newResourceUnit--PLANNING_INDICATOR","interaction":{"idSuffix":"inner"}},"wdio_ui5_key":"applicationmanageresources-display-component---newResourceUnit--PLANNING_INDICATOR"}]}
RESULT: undefined
COMMAND: POST /session/601af62cb68afff6944e8a635357ab53/execute/async - {"script":"<script> [776 bytes]","args":[{"enterText":"10 - infinite","selector":{"id":"application-manageresources-display-component---newResourceUnit--PLANNING_INDICATOR","interaction":{"idSuffix":"inner"}},"clearTextFirst":true,"interactionType":"ENTER_TEXT"}]}
RESULT: {"script":"<script> [776 bytes]","args":[{"enterText":"10 - infinite","selector":{"id":"application-manageresources-display-component---newResourceUnit--PLANNING_INDICATOR","interaction":{"idSuffix":"inner"}},"clearTextFirst":true,"interactionType":"ENTER_TEXT"}]}
COMMAND: POST /session/601af62cb68afff6944e8a635357ab53/element - {"using":"css selector","value":"#application-manageresources-display-component---newResourceUnit--btnAddTimeSegment"}
RESULT: {"using":"css selector","value":"#application-manageresources-display-component---newResourceUnit--btnAddTimeSegment"}
COMMAND: GET /session/601af62cb68afff6944e8a635357ab53/element/f.2CF887CE126DC6B338BD3A7C0EF1B7FC.d.5D35D686EA6FAD4EF39DC3693E80E10C.e.4895/rect - {}
RESULT: {}
COMMAND: GET /session/601af62cb68afff6944e8a635357ab53/window/rect - {}
RESULT: {}
COMMAND: POST /session/601af62cb68afff6944e8a635357ab53/execute/sync - {"script":"<script> [92 bytes]","args":[]}
RESULT: {"script":"<script> [92 bytes]","args":[]}
COMMAND: POST /session/601af62cb68afff6944e8a635357ab53/actions - {"actions":[{"id":"action18","type":"wheel","parameters":{},"actions":[{"type":"scroll","x":-1888,"y":-32,"deltaX":0,"deltaY":0,"duration":0,"origin":{"element-6066-11e4-a52e-4f735466cecf":"f.2CF887CE126DC6B338BD3A7C0EF1B7FC.d.5D35D686EA6FAD4EF39DC3693E80E10C.e.4895"}}]}]}
COMMAND: GET /session/601af62cb68afff6944e8a635357ab53/screenshot - {}
RESULT: {}
COMMAND: POST /session/601af62cb68afff6944e8a635357ab53/execute/sync - {"script":"<script> [79 bytes]","args":[{"element-6066-11e4-a52e-4f735466cecf":"f.2CF887CE126DC6B338BD3A7C0EF1B7FC.d.5D35D686EA6FAD4EF39DC3693E80E10C.e.4895","ELEMENT":"f.2CF887CE126DC6B338BD3A7C0EF1B7FC.d.5D35D686EA6FAD4EF39DC3693E80E10C.e.4895"},{"block":"start","inline":"nearest"}]}
RESULT: {"script":"<script> [79 bytes]","args":[{"element-6066-11e4-a52e-4f735466cecf":"f.2CF887CE126DC6B338BD3A7C0EF1B7FC.d.5D35D686EA6FAD4EF39DC3693E80E10C.e.4895","ELEMENT":"f.2CF887CE126DC6B338BD3A7C0EF1B7FC.d.5D35D686EA6FAD4EF39DC3693E80E10C.e.4895"},{"block":"start","inline":"nearest"}]}
COMMAND: POST /session/601af62cb68afff6944e8a635357ab53/execute/async - {"script":"<script> [1562 bytes]","args":[{"selector":{"id":"application-manageresources-display-component---newResourceUnit--btnAddTimeSegment","interaction":{"idSuffix":"inner"}},"wdio_ui5_key":"applicationmanageresources-display-component---newResourceUnit--btnAddTimeSegment"}]}
COMMAND: GET /session/601af62cb68afff6944e8a635357ab53/screenshot - {}
RESULT: {"script":"<script> [1562 bytes]","args":[{"selector":{"id":"application-manageresources-display-component---newResourceUnit--btnAddTimeSegment","interaction":{"idSuffix":"inner"}},"wdio_ui5_key":"applicationmanageresources-display-component---newResourceUnit--btnAddTimeSegment"}]}
RESULT: undefined
COMMAND: POST /session/601af62cb68afff6944e8a635357ab53/element - {"using":"xpath","value":"//*[@id=\"application-manageresources-display-component---newResourceUnit--btnAddTimeSegment\"]"}
RESULT: {}
RESULT: {"using":"xpath","value":"//*[@id=\"application-manageresources-display-component---newResourceUnit--btnAddTimeSegment\"]"}
COMMAND: POST /session/601af62cb68afff6944e8a635357ab53/element/f.2CF887CE126DC6B338BD3A7C0EF1B7FC.d.5D35D686EA6FAD4EF39DC3693E80E10C.e.4895/click - {}
RESULT: {}
COMMAND: GET /session/601af62cb68afff6944e8a635357ab53/screenshot - {}
RESULT: {}
COMMAND: POST /session/601af62cb68afff6944e8a635357ab53/element - {"using":"xpath","value":"//input[@id=\"application-manageresources-display-component---newResourceUnit--idRuTSAdmin-application-manageresources-display-component---newResourceUnit--RUTimeSegment-0-inner\"]"}
RESULT: {"using":"xpath","value":"//input[@id=\"application-manageresources-display-component---newResourceUnit--idRuTSAdmin-application-manageresources-display-component---newResourceUnit--RUTimeSegment-0-inner\"]"}
COMMAND: POST /session/601af62cb68afff6944e8a635357ab53/element/f.2CF887CE126DC6B338BD3A7C0EF1B7FC.d.5D35D686EA6FAD4EF39DC3693E80E10C.e.4900/clear - {}
RESULT: {}
COMMAND: POST /session/601af62cb68afff6944e8a635357ab53/element/f.2CF887CE126DC6B338BD3A7C0EF1B7FC.d.5D35D686EA6FAD4EF39DC3693E80E10C.e.4900/value - {"text":"356"}
COMMAND: GET /session/601af62cb68afff6944e8a635357ab53/screenshot - {}
RESULT: {"text":"356"}
COMMAND: GET /session/601af62cb68afff6944e8a635357ab53/screenshot - {}
RESULT: {}
RESULT: {}
COMMAND: POST /session/601af62cb68afff6944e8a635357ab53/element - {"using":"xpath","value":"//li[.//span[text()='356']]"}
RESULT: {"using":"xpath","value":"//li[.//span[text()='356']]"}
COMMAND: POST /session/601af62cb68afff6944e8a635357ab53/element/f.2CF887CE126DC6B338BD3A7C0EF1B7FC.d.5D35D686EA6FAD4EF39DC3693E80E10C.e.4909/click - {}
RESULT: {}
COMMAND: GET /session/601af62cb68afff6944e8a635357ab53/screenshot - {}
RESULT: {}
COMMAND: POST /session/601af62cb68afff6944e8a635357ab53/element - {"using":"xpath","value":"(//span[contains(@id, \"-application-manageresources-display-component---newResourceUnit--RUTimeSegment-0-arrow\")])[2]"}
RESULT: {"using":"xpath","value":"(//span[contains(@id, \"-application-manageresources-display-component---newResourceUnit--RUTimeSegment-0-arrow\")])[2]"}
COMMAND: POST /session/601af62cb68afff6944e8a635357ab53/element/f.2CF887CE126DC6B338BD3A7C0EF1B7FC.d.5D35D686EA6FAD4EF39DC3693E80E10C.e.4910/click - {}
RESULT: {}
COMMAND: POST /session/601af62cb68afff6944e8a635357ab53/element - {"using":"xpath","value":"//span[contains(text(), \"PM Order\")]"}
COMMAND: GET /session/601af62cb68afff6944e8a635357ab53/screenshot - {}
RESULT: {"using":"xpath","value":"//span[contains(text(), \"PM Order\")]"}
COMMAND: POST /session/601af62cb68afff6944e8a635357ab53/element/f.2CF887CE126DC6B338BD3A7C0EF1B7FC.d.5D35D686EA6FAD4EF39DC3693E80E10C.e.4911/click - {}
RESULT: {}
RESULT: {}
COMMAND: GET /session/601af62cb68afff6944e8a635357ab53/screenshot - {}
RESULT: {}
COMMAND: POST /session/601af62cb68afff6944e8a635357ab53/element - {"using":"xpath","value":"//td/div/div/div/span[contains(@id, \"newResourceUnit--RUTimeSegment-0-vhi\")][1]"}
RESULT: {"using":"xpath","value":"//td/div/div/div/span[contains(@id, \"newResourceUnit--RUTimeSegment-0-vhi\")][1]"}
COMMAND: GET /session/601af62cb68afff6944e8a635357ab53/element/f.2CF887CE126DC6B338BD3A7C0EF1B7FC.d.5D35D686EA6FAD4EF39DC3693E80E10C.e.4915/rect - {}
RESULT: {}
COMMAND: GET /session/601af62cb68afff6944e8a635357ab53/window/rect - {}
RESULT: {}
COMMAND: POST /session/601af62cb68afff6944e8a635357ab53/execute/sync - {"script":"<script> [92 bytes]","args":[]}
RESULT: {"script":"<script> [92 bytes]","args":[]}
COMMAND: POST /session/601af62cb68afff6944e8a635357ab53/actions - {"actions":[{"id":"action19","type":"wheel","parameters":{},"actions":[{"type":"scroll","x":-1888,"y":-24,"deltaX":0,"deltaY":0,"duration":0,"origin":{"element-6066-11e4-a52e-4f735466cecf":"f.2CF887CE126DC6B338BD3A7C0EF1B7FC.d.5D35D686EA6FAD4EF39DC3693E80E10C.e.4915"}}]}]}
COMMAND: GET /session/601af62cb68afff6944e8a635357ab53/screenshot - {}
RESULT: {}
COMMAND: POST /session/601af62cb68afff6944e8a635357ab53/execute/sync - {"script":"<script> [79 bytes]","args":[{"element-6066-11e4-a52e-4f735466cecf":"f.2CF887CE126DC6B338BD3A7C0EF1B7FC.d.5D35D686EA6FAD4EF39DC3693E80E10C.e.4915","ELEMENT":"f.2CF887CE126DC6B338BD3A7C0EF1B7FC.d.5D35D686EA6FAD4EF39DC3693E80E10C.e.4915"},{"block":"start","inline":"nearest"}]}
RESULT: {"script":"<script> [79 bytes]","args":[{"element-6066-11e4-a52e-4f735466cecf":"f.2CF887CE126DC6B338BD3A7C0EF1B7FC.d.5D35D686EA6FAD4EF39DC3693E80E10C.e.4915","ELEMENT":"f.2CF887CE126DC6B338BD3A7C0EF1B7FC.d.5D35D686EA6FAD4EF39DC3693E80E10C.e.4915"},{"block":"start","inline":"nearest"}]}
COMMAND: GET /session/601af62cb68afff6944e8a635357ab53/screenshot - {}
RESULT: {}
COMMAND: POST /session/601af62cb68afff6944e8a635357ab53/element/f.2CF887CE126DC6B338BD3A7C0EF1B7FC.d.5D35D686EA6FAD4EF39DC3693E80E10C.e.4915/click - {}
RESULT: {}
COMMAND: GET /session/601af62cb68afff6944e8a635357ab53/screenshot - {}
RESULT: {}
COMMAND: POST /session/601af62cb68afff6944e8a635357ab53/execute/async - {"script":"<script> [1562 bytes]","args":[{"selector":{"controlType":"sap.m.SearchField","properties":{"placeholder":"Search"},"searchOpenDialogs":true,"interaction":{"idSuffix":"I"}},"wdio_ui5_key":"sapm.SearchField{\"placeholder\":\"Search\"}"}]}
RESULT: {"script":"<script> [1562 bytes]","args":[{"selector":{"controlType":"sap.m.SearchField","properties":{"placeholder":"Search"},"searchOpenDialogs":true,"interaction":{"idSuffix":"I"}},"wdio_ui5_key":"sapm.SearchField{\"placeholder\":\"Search\"}"}]}
RESULT: undefined
COMMAND: POST /session/601af62cb68afff6944e8a635357ab53/execute/async - {"script":"<script> [776 bytes]","args":[{"enterText":"4000360","selector":{"controlType":"sap.m.SearchField","properties":{"placeholder":"Search"},"searchOpenDialogs":true,"interaction":{"idSuffix":"I"}},"clearTextFirst":true,"interactionType":"ENTER_TEXT"}]}
RESULT: {"script":"<script> [776 bytes]","args":[{"enterText":"4000360","selector":{"controlType":"sap.m.SearchField","properties":{"placeholder":"Search"},"searchOpenDialogs":true,"interaction":{"idSuffix":"I"}},"clearTextFirst":true,"interactionType":"ENTER_TEXT"}]}
COMMAND: POST /session/601af62cb68afff6944e8a635357ab53/actions - {"actions":[{"id":"action20","type":"key","parameters":{},"actions":[{"type":"keyDown","value":"î€‡"},{"type":"pause","duration":10},{"type":"keyUp","value":"î€‡"}]}]}
RESULT: {"actions":[{"id":"action20","type":"key","parameters":{},"actions":[{"type":"keyDown","value":"î€‡"},{"type":"pause","duration":10},{"type":"keyUp","value":"î€‡"}]}]}
COMMAND: GET /session/601af62cb68afff6944e8a635357ab53/screenshot - {}
RESULT: {}
COMMAND: POST /session/601af62cb68afff6944e8a635357ab53/element - {"using":"xpath","value":"//td/div/span[contains(text(), \"BGL Vehicles\")]"}
RESULT: {"using":"xpath","value":"//td/div/span[contains(text(), \"BGL Vehicles\")]"}
COMMAND: POST /session/601af62cb68afff6944e8a635357ab53/element/f.2CF887CE126DC6B338BD3A7C0EF1B7FC.d.5D35D686EA6FAD4EF39DC3693E80E10C.e.4936/click - {}
RESULT: {}
COMMAND: GET /session/601af62cb68afff6944e8a635357ab53/screenshot - {}
RESULT: {}
COMMAND: POST /session/601af62cb68afff6944e8a635357ab53/element - {"using":"xpath","value":"//bdi[contains(text(), \"OK\")]"}
RESULT: {"using":"xpath","value":"//bdi[contains(text(), \"OK\")]"}
COMMAND: POST /session/601af62cb68afff6944e8a635357ab53/element/f.2CF887CE126DC6B338BD3A7C0EF1B7FC.d.5D35D686EA6FAD4EF39DC3693E80E10C.e.4937/click - {}
RESULT: {}
COMMAND: GET /session/601af62cb68afff6944e8a635357ab53/screenshot - {}
RESULT: {}
COMMAND: POST /session/601af62cb68afff6944e8a635357ab53/element - {"using":"xpath","value":"//label[contains(@class, 'sapMLabelRequired') and .//bdi[contains(text(), 'Planned Retirement')]]"}
RESULT: {"using":"xpath","value":"//label[contains(@class, 'sapMLabelRequired') and .//bdi[contains(text(), 'Planned Retirement')]]"}
COMMAND: POST /session/601af62cb68afff6944e8a635357ab53/elements - {"using":"xpath","value":"//label[contains(@class, 'sapMLabelRequired') and .//bdi[contains(text(), 'Planned Retirement')]]"}
RESULT: {"using":"xpath","value":"//label[contains(@class, 'sapMLabelRequired') and .//bdi[contains(text(), 'Planned Retirement')]]"}
COMMAND: POST /session/601af62cb68afff6944e8a635357ab53/element - {"using":"xpath","value":"//button[@data-kt=\"resourceUnitSaveButton\"]"}
RESULT: {"using":"xpath","value":"//button[@data-kt=\"resourceUnitSaveButton\"]"}
COMMAND: POST /session/601af62cb68afff6944e8a635357ab53/element/f.2CF887CE126DC6B338BD3A7C0EF1B7FC.d.5D35D686EA6FAD4EF39DC3693E80E10C.e.4837/click - {}
RESULT: {}
COMMAND: GET /session/601af62cb68afff6944e8a635357ab53/screenshot - {}
RESULT: {}
COMMAND: POST /session/601af62cb68afff6944e8a635357ab53/element - {"using":"xpath","value":"//bdi[contains(text(), \"Close\")]"}
RESULT: {"using":"xpath","value":"//bdi[contains(text(), \"Close\")]"}
COMMAND: POST /session/601af62cb68afff6944e8a635357ab53/element/f.2CF887CE126DC6B338BD3A7C0EF1B7FC.d.5D35D686EA6FAD4EF39DC3693E80E10C.e.4943/click - {}
RESULT: {}
COMMAND: GET /session/601af62cb68afff6944e8a635357ab53/screenshot - {}
RESULT: {}
COMMAND: POST /session/601af62cb68afff6944e8a635357ab53/element - {"using":"xpath","value":"//header[contains(@id, 'detailRruPage-headerTitle')]/div[1]/div[2]/div[2]/span[1]"}
RESULT: {"using":"xpath","value":"//header[contains(@id, 'detailRruPage-headerTitle')]/div[1]/div[2]/div[2]/span[1]"}
COMMAND: POST /session/601af62cb68afff6944e8a635357ab53/elements - {"using":"xpath","value":"//header[contains(@id, 'detailRruPage-headerTitle')]/div[1]/div[2]/div[2]/span[1]"}
RESULT: {"using":"xpath","value":"//header[contains(@id, 'detailRruPage-headerTitle')]/div[1]/div[2]/div[2]/span[1]"}
COMMAND: POST /session/601af62cb68afff6944e8a635357ab53/execute/sync - {"script":"<script> [56 bytes]","args":[{"element-6066-11e4-a52e-4f735466cecf":"f.2CF887CE126DC6B338BD3A7C0EF1B7FC.d.5D35D686EA6FAD4EF39DC3693E80E10C.e.4971","ELEMENT":"f.2CF887CE126DC6B338BD3A7C0EF1B7FC.d.5D35D686EA6FAD4EF39DC3693E80E10C.e.4971"}]}
RESULT: {"script":"<script> [56 bytes]","args":[{"element-6066-11e4-a52e-4f735466cecf":"f.2CF887CE126DC6B338BD3A7C0EF1B7FC.d.5D35D686EA6FAD4EF39DC3693E80E10C.e.4971","ELEMENT":"f.2CF887CE126DC6B338BD3A7C0EF1B7FC.d.5D35D686EA6FAD4EF39DC3693E80E10C.e.4971"}]}
COMMAND: POST /session/601af62cb68afff6944e8a635357ab53/element - {"using":"css selector","value":"#shell-header-logo"}
COMMAND: GET /session/601af62cb68afff6944e8a635357ab53/screenshot - {}
RESULT: {"using":"css selector","value":"#shell-header-logo"}
COMMAND: POST /session/601af62cb68afff6944e8a635357ab53/element/f.2CF887CE126DC6B338BD3A7C0EF1B7FC.d.5D35D686EA6FAD4EF39DC3693E80E10C.e.4320/click - {}
RESULT: {}
RESULT: {}
COMMAND: GET /session/601af62cb68afff6944e8a635357ab53/screenshot - {}
RESULT: {}
]]></system-out>
    </testcase>
    <testcase classname="chrome.136_0_7103_49.windows.Provide_to_Site_w/_warehouse_management_w/_clarification_US115878" name="Bin Status Report Should Create New Organization yard" time="0.004" />
    <testcase classname="chrome.136_0_7103_49.windows.Provide_to_Site_w/_warehouse_management_w/_clarification_US115878" name="Bin Status Report Should Create New Organization for Site" time="0.003" />
  </testsuite>
  <testsuite timestamp="2025-05-14T16:44:32" time="449.964" tests="6" failures="0" errors="0" skipped="0">
    <properties>
      <property name="specId" value="0" />
      <property name="suiteName" value="Provide to Site w/ warehouse management w clarification" />
      <property name="capabilities" value="chrome.136_0_7103_49.windows" />
      <property name="file" value="file:///D:/a/1/s/test/specs/HTR/provide-to-site-w-warehouse-w-clarification.spec.js" />
    </properties>
    <testcase classname="chrome.136_0_7103_49.windows.Provide_to_Site_w/_warehouse_management_w_clarification" name="Should do a stock increase handover" time="83.988">
      <system-out><![CDATA[
COMMAND: POST /session/601af62cb68afff6944e8a635357ab53/execute/async - {"script":"<script> [1562 bytes]","args":[{"selector":{"controlType":"sap.m.GenericTile","properties":{"header":"Manage Handovers"}},"wdio_ui5_key":"sapm.GenericTile{\"header\":\"Manage Handovers\"}"}]}
RESULT: {"script":"<script> [1562 bytes]","args":[{"selector":{"controlType":"sap.m.GenericTile","properties":{"header":"Manage Handovers"}},"wdio_ui5_key":"sapm.GenericTile{\"header\":\"Manage Handovers\"}"}]}
RESULT: undefined
COMMAND: POST /session/601af62cb68afff6944e8a635357ab53/element - {"using":"xpath","value":"//*[@id=\"__tile132\"]"}
RESULT: {"using":"xpath","value":"//*[@id=\"__tile132\"]"}
COMMAND: POST /session/601af62cb68afff6944e8a635357ab53/element/f.2CF887CE126DC6B338BD3A7C0EF1B7FC.d.5D35D686EA6FAD4EF39DC3693E80E10C.e.4355/click - {}
RESULT: {}
COMMAND: GET /session/601af62cb68afff6944e8a635357ab53/screenshot - {}
RESULT: {}
COMMAND: POST /session/601af62cb68afff6944e8a635357ab53/elements - {"using":"xpath","value":"//span[text()='Error']"}
RESULT: {"using":"xpath","value":"//span[text()='Error']"}
COMMAND: POST /session/601af62cb68afff6944e8a635357ab53/element - {"using":"xpath","value":"//button[@data-kt=\"masterHOAddButton\"]"}
RESULT: {"using":"xpath","value":"//button[@data-kt=\"masterHOAddButton\"]"}
COMMAND: POST /session/601af62cb68afff6944e8a635357ab53/elements - {"using":"xpath","value":"//button[@data-kt=\"masterHOAddButton\"]"}
RESULT: {"using":"xpath","value":"//button[@data-kt=\"masterHOAddButton\"]"}
COMMAND: POST /session/601af62cb68afff6944e8a635357ab53/execute/sync - {"script":"<script> [8489 bytes]","args":[{"element-6066-11e4-a52e-4f735466cecf":"f.2CF887CE126DC6B338BD3A7C0EF1B7FC.d.5D35D686EA6FAD4EF39DC3693E80E10C.e.5015","ELEMENT":"f.2CF887CE126DC6B338BD3A7C0EF1B7FC.d.5D35D686EA6FAD4EF39DC3693E80E10C.e.5015"}]}
RESULT: {"script":"<script> [8489 bytes]","args":[{"element-6066-11e4-a52e-4f735466cecf":"f.2CF887CE126DC6B338BD3A7C0EF1B7FC.d.5D35D686EA6FAD4EF39DC3693E80E10C.e.5015","ELEMENT":"f.2CF887CE126DC6B338BD3A7C0EF1B7FC.d.5D35D686EA6FAD4EF39DC3693E80E10C.e.5015"}]}
COMMAND: GET /session/601af62cb68afff6944e8a635357ab53/element/f.2CF887CE126DC6B338BD3A7C0EF1B7FC.d.5D35D686EA6FAD4EF39DC3693E80E10C.e.5015/enabled - {}
COMMAND: GET /session/601af62cb68afff6944e8a635357ab53/screenshot - {}
RESULT: {}
COMMAND: POST /session/601af62cb68afff6944e8a635357ab53/execute/sync - {"script":"<script> [8489 bytes]","args":[{"element-6066-11e4-a52e-4f735466cecf":"f.2CF887CE126DC6B338BD3A7C0EF1B7FC.d.5D35D686EA6FAD4EF39DC3693E80E10C.e.5015","ELEMENT":"f.2CF887CE126DC6B338BD3A7C0EF1B7FC.d.5D35D686EA6FAD4EF39DC3693E80E10C.e.5015"}]}
COMMAND: GET /session/601af62cb68afff6944e8a635357ab53/screenshot - {}
RESULT: {}
RESULT: {"script":"<script> [8489 bytes]","args":[{"element-6066-11e4-a52e-4f735466cecf":"f.2CF887CE126DC6B338BD3A7C0EF1B7FC.d.5D35D686EA6FAD4EF39DC3693E80E10C.e.5015","ELEMENT":"f.2CF887CE126DC6B338BD3A7C0EF1B7FC.d.5D35D686EA6FAD4EF39DC3693E80E10C.e.5015"}]}
COMMAND: POST /session/601af62cb68afff6944e8a635357ab53/execute/sync - {"script":"<script> [5351 bytes]","args":[{"element-6066-11e4-a52e-4f735466cecf":"f.2CF887CE126DC6B338BD3A7C0EF1B7FC.d.5D35D686EA6FAD4EF39DC3693E80E10C.e.5015","ELEMENT":"f.2CF887CE126DC6B338BD3A7C0EF1B7FC.d.5D35D686EA6FAD4EF39DC3693E80E10C.e.5015"}]}
COMMAND: GET /session/601af62cb68afff6944e8a635357ab53/screenshot - {}
RESULT: {}
RESULT: {"script":"<script> [5351 bytes]","args":[{"element-6066-11e4-a52e-4f735466cecf":"f.2CF887CE126DC6B338BD3A7C0EF1B7FC.d.5D35D686EA6FAD4EF39DC3693E80E10C.e.5015","ELEMENT":"f.2CF887CE126DC6B338BD3A7C0EF1B7FC.d.5D35D686EA6FAD4EF39DC3693E80E10C.e.5015"}]}
COMMAND: POST /session/601af62cb68afff6944e8a635357ab53/element/f.2CF887CE126DC6B338BD3A7C0EF1B7FC.d.5D35D686EA6FAD4EF39DC3693E80E10C.e.5015/click - {}
COMMAND: GET /session/601af62cb68afff6944e8a635357ab53/screenshot - {}
RESULT: {}
RESULT: {}
COMMAND: GET /session/601af62cb68afff6944e8a635357ab53/screenshot - {}
RESULT: {}
RESULT: {}
COMMAND: POST /session/601af62cb68afff6944e8a635357ab53/element - {"using":"xpath","value":"//span[contains(@id ,\"AddNewHO--typeSelect-arrow\")]"}
RESULT: {"using":"xpath","value":"//span[contains(@id ,\"AddNewHO--typeSelect-arrow\")]"}
COMMAND: POST /session/601af62cb68afff6944e8a635357ab53/element/f.2CF887CE126DC6B338BD3A7C0EF1B7FC.d.5D35D686EA6FAD4EF39DC3693E80E10C.e.5368/click - {}
RESULT: {}
COMMAND: GET /session/601af62cb68afff6944e8a635357ab53/screenshot - {}
RESULT: {}
COMMAND: POST /session/601af62cb68afff6944e8a635357ab53/element - {"using":"xpath","value":"(//li[contains(text(), \"stock increase yard\")])[1]"}
RESULT: {"using":"xpath","value":"(//li[contains(text(), \"stock increase yard\")])[1]"}
COMMAND: POST /session/601af62cb68afff6944e8a635357ab53/element/f.2CF887CE126DC6B338BD3A7C0EF1B7FC.d.5D35D686EA6FAD4EF39DC3693E80E10C.e.5369/click - {}
RESULT: {}
COMMAND: GET /session/601af62cb68afff6944e8a635357ab53/screenshot - {}
RESULT: {}
COMMAND: POST /session/601af62cb68afff6944e8a635357ab53/execute/async - {"script":"<script> [1562 bytes]","args":[{"selector":{"id":"application-managehandovers-display-component---AddNewHO--dueDate","interaction":{"idSuffix":"inner"}},"wdio_ui5_key":"applicationmanagehandovers-display-component---AddNewHO--dueDate"}]}
RESULT: {"script":"<script> [1562 bytes]","args":[{"selector":{"id":"application-managehandovers-display-component---AddNewHO--dueDate","interaction":{"idSuffix":"inner"}},"wdio_ui5_key":"applicationmanagehandovers-display-component---AddNewHO--dueDate"}]}
RESULT: undefined
COMMAND: POST /session/601af62cb68afff6944e8a635357ab53/execute/async - {"script":"<script> [6424 bytes]","args":[{"element-6066-11e4-a52e-4f735466cecf":"f.2CF887CE126DC6B338BD3A7C0EF1B7FC.d.5D35D686EA6FAD4EF39DC3693E80E10C.e.5371"},"setValue",["5/14/25"]]}
RESULT: {"script":"<script> [6424 bytes]","args":[{"element-6066-11e4-a52e-4f735466cecf":"f.2CF887CE126DC6B338BD3A7C0EF1B7FC.d.5D35D686EA6FAD4EF39DC3693E80E10C.e.5371"},"setValue",["5/14/25"]]}
COMMAND: POST /session/601af62cb68afff6944e8a635357ab53/element - {"using":"xpath","value":"//input[@id=\"generalSectionFrg--receiveYard-inner\"]"}
RESULT: {"using":"xpath","value":"//input[@id=\"generalSectionFrg--receiveYard-inner\"]"}
COMMAND: POST /session/601af62cb68afff6944e8a635357ab53/element/f.2CF887CE126DC6B338BD3A7C0EF1B7FC.d.5D35D686EA6FAD4EF39DC3693E80E10C.e.5375/clear - {}
RESULT: {}
COMMAND: POST /session/601af62cb68afff6944e8a635357ab53/element/f.2CF887CE126DC6B338BD3A7C0EF1B7FC.d.5D35D686EA6FAD4EF39DC3693E80E10C.e.5375/value - {"text":"356"}
COMMAND: GET /session/601af62cb68afff6944e8a635357ab53/screenshot - {}
RESULT: {"text":"356"}
COMMAND: GET /session/601af62cb68afff6944e8a635357ab53/screenshot - {}
RESULT: {}
RESULT: {}
COMMAND: POST /session/601af62cb68afff6944e8a635357ab53/element - {"using":"xpath","value":"//li[.//span[text()='356']]"}
RESULT: {"using":"xpath","value":"//li[.//span[text()='356']]"}
COMMAND: POST /session/601af62cb68afff6944e8a635357ab53/element/f.2CF887CE126DC6B338BD3A7C0EF1B7FC.d.5D35D686EA6FAD4EF39DC3693E80E10C.e.5392/click - {}
RESULT: {}
COMMAND: GET /session/601af62cb68afff6944e8a635357ab53/screenshot - {}
RESULT: {}
COMMAND: POST /session/601af62cb68afff6944e8a635357ab53/execute/async - {"script":"<script> [1562 bytes]","args":[{"selector":{"id":"application-managehandovers-display-component---AddNewHO--ObjectPageLayout-anchBar-application-managehandovers-display-component---AddNewHO--section4-anchor","interaction":{"idSuffix":"BDI-content"}},"wdio_ui5_key":"applicationmanagehandovers-display-component---AddNewHO--ObjectPageLayout-anchBar-application-managehandovers-display-component---AddNewHO--section4-anchor"}]}
RESULT: {"script":"<script> [1562 bytes]","args":[{"selector":{"id":"application-managehandovers-display-component---AddNewHO--ObjectPageLayout-anchBar-application-managehandovers-display-component---AddNewHO--section4-anchor","interaction":{"idSuffix":"BDI-content"}},"wdio_ui5_key":"applicationmanagehandovers-display-component---AddNewHO--ObjectPageLayout-anchBar-application-managehandovers-display-component---AddNewHO--section4-anchor"}]}
RESULT: undefined
COMMAND: POST /session/601af62cb68afff6944e8a635357ab53/element - {"using":"xpath","value":"//*[@id=\"application-managehandovers-display-component---AddNewHO--ObjectPageLayout-anchBar-application-managehandovers-display-component---AddNewHO--section4-anchor\"]"}
RESULT: {"using":"xpath","value":"//*[@id=\"application-managehandovers-display-component---AddNewHO--ObjectPageLayout-anchBar-application-managehandovers-display-component---AddNewHO--section4-anchor\"]"}
COMMAND: POST /session/601af62cb68afff6944e8a635357ab53/element/f.2CF887CE126DC6B338BD3A7C0EF1B7FC.d.5D35D686EA6FAD4EF39DC3693E80E10C.e.5394/click - {}
RESULT: {}
COMMAND: POST /session/601af62cb68afff6944e8a635357ab53/element - {"using":"xpath","value":"//button[@aria-label=\"Add\"]"}
COMMAND: GET /session/601af62cb68afff6944e8a635357ab53/screenshot - {}
RESULT: {"using":"xpath","value":"//button[@aria-label=\"Add\"]"}
COMMAND: POST /session/601af62cb68afff6944e8a635357ab53/element/f.2CF887CE126DC6B338BD3A7C0EF1B7FC.d.5D35D686EA6FAD4EF39DC3693E80E10C.e.5396/click - {}
RESULT: {}
RESULT: {}
COMMAND: GET /session/601af62cb68afff6944e8a635357ab53/screenshot - {}
RESULT: {}
COMMAND: POST /session/601af62cb68afff6944e8a635357ab53/execute/async - {"script":"<script> [1562 bytes]","args":[{"selector":{"id":"application-managehandovers-display-component---AddNewHO--smartFilterBar-btnBasicSearch","searchOpenDialogs":true,"interaction":{"idSuffix":"I"}},"wdio_ui5_key":"applicationmanagehandovers-display-component---AddNewHO--smartFilterBar-btnBasicSearch"}]}
RESULT: {"script":"<script> [1562 bytes]","args":[{"selector":{"id":"application-managehandovers-display-component---AddNewHO--smartFilterBar-btnBasicSearch","searchOpenDialogs":true,"interaction":{"idSuffix":"I"}},"wdio_ui5_key":"applicationmanagehandovers-display-component---AddNewHO--smartFilterBar-btnBasicSearch"}]}
RESULT: undefined
COMMAND: POST /session/601af62cb68afff6944e8a635357ab53/execute/async - {"script":"<script> [776 bytes]","args":[{"enterText":"200147","selector":{"id":"application-managehandovers-display-component---AddNewHO--smartFilterBar-btnBasicSearch","searchOpenDialogs":true,"interaction":{"idSuffix":"I"}},"clearTextFirst":true,"interactionType":"ENTER_TEXT"}]}
RESULT: {"script":"<script> [776 bytes]","args":[{"enterText":"200147","selector":{"id":"application-managehandovers-display-component---AddNewHO--smartFilterBar-btnBasicSearch","searchOpenDialogs":true,"interaction":{"idSuffix":"I"}},"clearTextFirst":true,"interactionType":"ENTER_TEXT"}]}
COMMAND: POST /session/601af62cb68afff6944e8a635357ab53/actions - {"actions":[{"id":"action21","type":"key","parameters":{},"actions":[{"type":"keyDown","value":"î€‡"},{"type":"pause","duration":10},{"type":"keyUp","value":"î€‡"}]}]}
RESULT: {"actions":[{"id":"action21","type":"key","parameters":{},"actions":[{"type":"keyDown","value":"î€‡"},{"type":"pause","duration":10},{"type":"keyUp","value":"î€‡"}]}]}
COMMAND: GET /session/601af62cb68afff6944e8a635357ab53/screenshot - {}
RESULT: {}
COMMAND: POST /session/601af62cb68afff6944e8a635357ab53/execute/async - {"script":"<script> [1562 bytes]","args":[{"selector":{"id":"application-managehandovers-display-component---AddNewHO--popup-sa","searchOpenDialogs":true,"interaction":{"idSuffix":"CbBg"}},"wdio_ui5_key":"applicationmanagehandovers-display-component---AddNewHO--popup-sa"}]}
RESULT: {"script":"<script> [1562 bytes]","args":[{"selector":{"id":"application-managehandovers-display-component---AddNewHO--popup-sa","searchOpenDialogs":true,"interaction":{"idSuffix":"CbBg"}},"wdio_ui5_key":"applicationmanagehandovers-display-component---AddNewHO--popup-sa"}]}
RESULT: undefined
COMMAND: POST /session/601af62cb68afff6944e8a635357ab53/element - {"using":"xpath","value":"//*[@id=\"application-managehandovers-display-component---AddNewHO--popup-sa\"]"}
RESULT: {"using":"xpath","value":"//*[@id=\"application-managehandovers-display-component---AddNewHO--popup-sa\"]"}
COMMAND: POST /session/601af62cb68afff6944e8a635357ab53/element/f.2CF887CE126DC6B338BD3A7C0EF1B7FC.d.5D35D686EA6FAD4EF39DC3693E80E10C.e.5550/click - {}
RESULT: {}
COMMAND: GET /session/601af62cb68afff6944e8a635357ab53/screenshot - {}
RESULT: {}
COMMAND: POST /session/601af62cb68afff6944e8a635357ab53/element - {"using":"xpath","value":"//bdi[contains(text(), \"Select\")]"}
RESULT: {"using":"xpath","value":"//bdi[contains(text(), \"Select\")]"}
COMMAND: POST /session/601af62cb68afff6944e8a635357ab53/element/f.2CF887CE126DC6B338BD3A7C0EF1B7FC.d.5D35D686EA6FAD4EF39DC3693E80E10C.e.5551/click - {}
RESULT: {}
COMMAND: GET /session/601af62cb68afff6944e8a635357ab53/screenshot - {}
RESULT: {}
COMMAND: POST /session/601af62cb68afff6944e8a635357ab53/element - {"using":"xpath","value":"//button[@data-kt=\"AddNewHOSaveButton\"]"}
RESULT: {"using":"xpath","value":"//button[@data-kt=\"AddNewHOSaveButton\"]"}
COMMAND: POST /session/601af62cb68afff6944e8a635357ab53/element/f.2CF887CE126DC6B338BD3A7C0EF1B7FC.d.5D35D686EA6FAD4EF39DC3693E80E10C.e.5555/click - {}
RESULT: {}
COMMAND: GET /session/601af62cb68afff6944e8a635357ab53/screenshot - {}
RESULT: {}
COMMAND: POST /session/601af62cb68afff6944e8a635357ab53/execute/async - {"script":"<script> [1562 bytes]","args":[{"selector":{"id":"receiptDatePicker","viewName":"etm.portal.ui.managehandovers.view.DetailExecuteHO","interaction":{"idSuffix":"inner"}},"wdio_ui5_key":"receiptDatePickeretmportal.ui.managehandovers.view.DetailExecuteHO"}]}
RESULT: {"script":"<script> [1562 bytes]","args":[{"selector":{"id":"receiptDatePicker","viewName":"etm.portal.ui.managehandovers.view.DetailExecuteHO","interaction":{"idSuffix":"inner"}},"wdio_ui5_key":"receiptDatePickeretmportal.ui.managehandovers.view.DetailExecuteHO"}]}
RESULT: undefined
COMMAND: POST /session/601af62cb68afff6944e8a635357ab53/execute/async - {"script":"<script> [6424 bytes]","args":[{"element-6066-11e4-a52e-4f735466cecf":"f.2CF887CE126DC6B338BD3A7C0EF1B7FC.d.5D35D686EA6FAD4EF39DC3693E80E10C.e.5591"},"setValue",["5/14/25"]]}
RESULT: {"script":"<script> [6424 bytes]","args":[{"element-6066-11e4-a52e-4f735466cecf":"f.2CF887CE126DC6B338BD3A7C0EF1B7FC.d.5D35D686EA6FAD4EF39DC3693E80E10C.e.5591"},"setValue",["5/14/25"]]}
COMMAND: POST /session/601af62cb68afff6944e8a635357ab53/element - {"using":"xpath","value":"//button[@data-kt=\"PickingTableConfirmAllButton\"]"}
RESULT: {"using":"xpath","value":"//button[@data-kt=\"PickingTableConfirmAllButton\"]"}
COMMAND: POST /session/601af62cb68afff6944e8a635357ab53/element/f.2CF887CE126DC6B338BD3A7C0EF1B7FC.d.5D35D686EA6FAD4EF39DC3693E80E10C.e.5607/click - {}
RESULT: {}
COMMAND: GET /session/601af62cb68afff6944e8a635357ab53/screenshot - {}
RESULT: {}
COMMAND: POST /session/601af62cb68afff6944e8a635357ab53/element - {"using":"xpath","value":"//bdi[contains(text(), \"OK\")]"}
RESULT: {"using":"xpath","value":"//bdi[contains(text(), \"OK\")]"}
COMMAND: POST /session/601af62cb68afff6944e8a635357ab53/element/f.2CF887CE126DC6B338BD3A7C0EF1B7FC.d.5D35D686EA6FAD4EF39DC3693E80E10C.e.5609/click - {}
RESULT: {}
COMMAND: GET /session/601af62cb68afff6944e8a635357ab53/screenshot - {}
RESULT: {}
COMMAND: POST /session/601af62cb68afff6944e8a635357ab53/element - {"using":"xpath","value":"(//bdi[contains(text(), \"Receive\")])[2]"}
RESULT: {"using":"xpath","value":"(//bdi[contains(text(), \"Receive\")])[2]"}
COMMAND: POST /session/601af62cb68afff6944e8a635357ab53/element/f.2CF887CE126DC6B338BD3A7C0EF1B7FC.d.5D35D686EA6FAD4EF39DC3693E80E10C.e.5611/click - {}
RESULT: {}
COMMAND: GET /session/601af62cb68afff6944e8a635357ab53/screenshot - {}
RESULT: {}
COMMAND: POST /session/601af62cb68afff6944e8a635357ab53/element - {"using":"css selector","value":"#shell-header-logo"}
RESULT: {"using":"css selector","value":"#shell-header-logo"}
COMMAND: POST /session/601af62cb68afff6944e8a635357ab53/element/f.2CF887CE126DC6B338BD3A7C0EF1B7FC.d.5D35D686EA6FAD4EF39DC3693E80E10C.e.4976/click - {}
RESULT: {}
COMMAND: GET /session/601af62cb68afff6944e8a635357ab53/screenshot - {}
RESULT: {}
]]></system-out>
    </testcase>
    <testcase classname="chrome.136_0_7103_49.windows.Provide_to_Site_w/_warehouse_management_w_clarification" name="Should create a new contract" time="58.268">
      <system-out><![CDATA[
COMMAND: POST /session/601af62cb68afff6944e8a635357ab53/execute/async - {"script":"<script> [1562 bytes]","args":[{"selector":{"controlType":"sap.m.GenericTile","properties":{"header":"Manage Contracts"}},"wdio_ui5_key":"sapm.GenericTile{\"header\":\"Manage Contracts\"}"}]}
RESULT: {"script":"<script> [1562 bytes]","args":[{"selector":{"controlType":"sap.m.GenericTile","properties":{"header":"Manage Contracts"}},"wdio_ui5_key":"sapm.GenericTile{\"header\":\"Manage Contracts\"}"}]}
RESULT: undefined
COMMAND: POST /session/601af62cb68afff6944e8a635357ab53/element - {"using":"xpath","value":"//*[@id=\"__tile130\"]"}
RESULT: {"using":"xpath","value":"//*[@id=\"__tile130\"]"}
COMMAND: POST /session/601af62cb68afff6944e8a635357ab53/element/f.2CF887CE126DC6B338BD3A7C0EF1B7FC.d.5D35D686EA6FAD4EF39DC3693E80E10C.e.4345/click - {}
RESULT: {}
COMMAND: GET /session/601af62cb68afff6944e8a635357ab53/screenshot - {}
RESULT: {}
COMMAND: POST /session/601af62cb68afff6944e8a635357ab53/elements - {"using":"xpath","value":"//span[text()='Error']"}
RESULT: {"using":"xpath","value":"//span[text()='Error']"}
COMMAND: POST /session/601af62cb68afff6944e8a635357ab53/element - {"using":"xpath","value":"//button[@data-kt=\"addButton\"]"}
RESULT: {"using":"xpath","value":"//button[@data-kt=\"addButton\"]"}
COMMAND: POST /session/601af62cb68afff6944e8a635357ab53/elements - {"using":"xpath","value":"//button[@data-kt=\"addButton\"]"}
RESULT: {"using":"xpath","value":"//button[@data-kt=\"addButton\"]"}
COMMAND: POST /session/601af62cb68afff6944e8a635357ab53/execute/sync - {"script":"<script> [8489 bytes]","args":[{"element-6066-11e4-a52e-4f735466cecf":"f.2CF887CE126DC6B338BD3A7C0EF1B7FC.d.5D35D686EA6FAD4EF39DC3693E80E10C.e.5939","ELEMENT":"f.2CF887CE126DC6B338BD3A7C0EF1B7FC.d.5D35D686EA6FAD4EF39DC3693E80E10C.e.5939"}]}
RESULT: {"script":"<script> [8489 bytes]","args":[{"element-6066-11e4-a52e-4f735466cecf":"f.2CF887CE126DC6B338BD3A7C0EF1B7FC.d.5D35D686EA6FAD4EF39DC3693E80E10C.e.5939","ELEMENT":"f.2CF887CE126DC6B338BD3A7C0EF1B7FC.d.5D35D686EA6FAD4EF39DC3693E80E10C.e.5939"}]}
COMMAND: GET /session/601af62cb68afff6944e8a635357ab53/element/f.2CF887CE126DC6B338BD3A7C0EF1B7FC.d.5D35D686EA6FAD4EF39DC3693E80E10C.e.5939/enabled - {}
COMMAND: GET /session/601af62cb68afff6944e8a635357ab53/screenshot - {}
RESULT: {}
COMMAND: POST /session/601af62cb68afff6944e8a635357ab53/execute/sync - {"script":"<script> [8489 bytes]","args":[{"element-6066-11e4-a52e-4f735466cecf":"f.2CF887CE126DC6B338BD3A7C0EF1B7FC.d.5D35D686EA6FAD4EF39DC3693E80E10C.e.5939","ELEMENT":"f.2CF887CE126DC6B338BD3A7C0EF1B7FC.d.5D35D686EA6FAD4EF39DC3693E80E10C.e.5939"}]}
COMMAND: GET /session/601af62cb68afff6944e8a635357ab53/screenshot - {}
RESULT: {}
RESULT: {"script":"<script> [8489 bytes]","args":[{"element-6066-11e4-a52e-4f735466cecf":"f.2CF887CE126DC6B338BD3A7C0EF1B7FC.d.5D35D686EA6FAD4EF39DC3693E80E10C.e.5939","ELEMENT":"f.2CF887CE126DC6B338BD3A7C0EF1B7FC.d.5D35D686EA6FAD4EF39DC3693E80E10C.e.5939"}]}
COMMAND: POST /session/601af62cb68afff6944e8a635357ab53/execute/sync - {"script":"<script> [5351 bytes]","args":[{"element-6066-11e4-a52e-4f735466cecf":"f.2CF887CE126DC6B338BD3A7C0EF1B7FC.d.5D35D686EA6FAD4EF39DC3693E80E10C.e.5939","ELEMENT":"f.2CF887CE126DC6B338BD3A7C0EF1B7FC.d.5D35D686EA6FAD4EF39DC3693E80E10C.e.5939"}]}
COMMAND: GET /session/601af62cb68afff6944e8a635357ab53/screenshot - {}
RESULT: {}
RESULT: {"script":"<script> [5351 bytes]","args":[{"element-6066-11e4-a52e-4f735466cecf":"f.2CF887CE126DC6B338BD3A7C0EF1B7FC.d.5D35D686EA6FAD4EF39DC3693E80E10C.e.5939","ELEMENT":"f.2CF887CE126DC6B338BD3A7C0EF1B7FC.d.5D35D686EA6FAD4EF39DC3693E80E10C.e.5939"}]}
COMMAND: GET /session/601af62cb68afff6944e8a635357ab53/screenshot - {}
RESULT: {}
RESULT: {}
COMMAND: POST /session/601af62cb68afff6944e8a635357ab53/element/f.2CF887CE126DC6B338BD3A7C0EF1B7FC.d.5D35D686EA6FAD4EF39DC3693E80E10C.e.5939/click - {}
RESULT: {}
COMMAND: GET /session/601af62cb68afff6944e8a635357ab53/screenshot - {}
RESULT: {}
COMMAND: POST /session/601af62cb68afff6944e8a635357ab53/execute/async - {"script":"<script> [1562 bytes]","args":[{"selector":{"id":"application-managecontracts-display-component---AddNewContract--projectDescription","interaction":{"idSuffix":"inner"}},"wdio_ui5_key":"applicationmanagecontracts-display-component---AddNewContract--projectDescription"}]}
RESULT: {"script":"<script> [1562 bytes]","args":[{"selector":{"id":"application-managecontracts-display-component---AddNewContract--projectDescription","interaction":{"idSuffix":"inner"}},"wdio_ui5_key":"applicationmanagecontracts-display-component---AddNewContract--projectDescription"}]}
RESULT: undefined
COMMAND: POST /session/601af62cb68afff6944e8a635357ab53/execute/async - {"script":"<script> [776 bytes]","args":[{"enterText":"Contract WDIO","selector":{"id":"application-managecontracts-display-component---AddNewContract--projectDescription","interaction":{"idSuffix":"inner"}},"clearTextFirst":true,"interactionType":"ENTER_TEXT"}]}
RESULT: {"script":"<script> [776 bytes]","args":[{"enterText":"Contract WDIO","selector":{"id":"application-managecontracts-display-component---AddNewContract--projectDescription","interaction":{"idSuffix":"inner"}},"clearTextFirst":true,"interactionType":"ENTER_TEXT"}]}
COMMAND: POST /session/601af62cb68afff6944e8a635357ab53/element - {"using":"xpath","value":"//input[@id=\"application-managecontracts-display-component---AddNewContract--site-inner\"]"}
RESULT: {"using":"xpath","value":"//input[@id=\"application-managecontracts-display-component---AddNewContract--site-inner\"]"}
COMMAND: POST /session/601af62cb68afff6944e8a635357ab53/element/f.2CF887CE126DC6B338BD3A7C0EF1B7FC.d.5D35D686EA6FAD4EF39DC3693E80E10C.e.6296/clear - {}
RESULT: {}
COMMAND: POST /session/601af62cb68afff6944e8a635357ab53/element/f.2CF887CE126DC6B338BD3A7C0EF1B7FC.d.5D35D686EA6FAD4EF39DC3693E80E10C.e.6296/value - {"text":"2144"}
COMMAND: GET /session/601af62cb68afff6944e8a635357ab53/screenshot - {}
RESULT: {"text":"2144"}
COMMAND: GET /session/601af62cb68afff6944e8a635357ab53/screenshot - {}
RESULT: {}
RESULT: {}
COMMAND: POST /session/601af62cb68afff6944e8a635357ab53/element - {"using":"xpath","value":"//li[.//span[text()='2144']]"}
RESULT: {"using":"xpath","value":"//li[.//span[text()='2144']]"}
COMMAND: POST /session/601af62cb68afff6944e8a635357ab53/element/f.2CF887CE126DC6B338BD3A7C0EF1B7FC.d.5D35D686EA6FAD4EF39DC3693E80E10C.e.6327/click - {}
RESULT: {}
COMMAND: GET /session/601af62cb68afff6944e8a635357ab53/screenshot - {}
RESULT: {}
COMMAND: POST /session/601af62cb68afff6944e8a635357ab53/element - {"using":"xpath","value":"//input[@id=\"application-managecontracts-display-component---AddNewContract--yardId-inner\"]"}
RESULT: {"using":"xpath","value":"//input[@id=\"application-managecontracts-display-component---AddNewContract--yardId-inner\"]"}
COMMAND: GET /session/601af62cb68afff6944e8a635357ab53/element/f.2CF887CE126DC6B338BD3A7C0EF1B7FC.d.5D35D686EA6FAD4EF39DC3693E80E10C.e.6297/property/value - {}
RESULT: {}
COMMAND: POST /session/601af62cb68afff6944e8a635357ab53/element - {"using":"xpath","value":"//input[@id=\"application-managecontracts-display-component---AddNewContract--customerSelect-inner\"]"}
COMMAND: GET /session/601af62cb68afff6944e8a635357ab53/screenshot - {}
RESULT: {"using":"xpath","value":"//input[@id=\"application-managecontracts-display-component---AddNewContract--customerSelect-inner\"]"}
COMMAND: POST /session/601af62cb68afff6944e8a635357ab53/element/f.2CF887CE126DC6B338BD3A7C0EF1B7FC.d.5D35D686EA6FAD4EF39DC3693E80E10C.e.6295/clear - {}
RESULT: {}
RESULT: {}
COMMAND: POST /session/601af62cb68afff6944e8a635357ab53/element/f.2CF887CE126DC6B338BD3A7C0EF1B7FC.d.5D35D686EA6FAD4EF39DC3693E80E10C.e.6295/value - {"text":"1175"}
COMMAND: GET /session/601af62cb68afff6944e8a635357ab53/screenshot - {}
RESULT: {"text":"1175"}
COMMAND: GET /session/601af62cb68afff6944e8a635357ab53/screenshot - {}
RESULT: {}
RESULT: {}
COMMAND: POST /session/601af62cb68afff6944e8a635357ab53/element - {"using":"xpath","value":"//li[.//span[text()='1175']]"}
RESULT: {"using":"xpath","value":"//li[.//span[text()='1175']]"}
COMMAND: POST /session/601af62cb68afff6944e8a635357ab53/element/f.2CF887CE126DC6B338BD3A7C0EF1B7FC.d.5D35D686EA6FAD4EF39DC3693E80E10C.e.6330/click - {}
RESULT: {}
COMMAND: GET /session/601af62cb68afff6944e8a635357ab53/screenshot - {}
RESULT: {}
COMMAND: POST /session/601af62cb68afff6944e8a635357ab53/element - {"using":"xpath","value":"//button[@data-kt=\"saveButton\"]"}
RESULT: {"using":"xpath","value":"//button[@data-kt=\"saveButton\"]"}
COMMAND: POST /session/601af62cb68afff6944e8a635357ab53/element/f.2CF887CE126DC6B338BD3A7C0EF1B7FC.d.5D35D686EA6FAD4EF39DC3693E80E10C.e.6331/click - {}
RESULT: {}
COMMAND: GET /session/601af62cb68afff6944e8a635357ab53/screenshot - {}
RESULT: {}
COMMAND: POST /session/601af62cb68afff6944e8a635357ab53/element - {"using":"xpath","value":"//span[contains(@id ,\"contractDetailTitleNoExpanded\")]"}
RESULT: {"using":"xpath","value":"//span[contains(@id ,\"contractDetailTitleNoExpanded\")]"}
COMMAND: POST /session/601af62cb68afff6944e8a635357ab53/elements - {"using":"xpath","value":"//span[contains(@id ,\"contractDetailTitleNoExpanded\")]"}
RESULT: {"using":"xpath","value":"//span[contains(@id ,\"contractDetailTitleNoExpanded\")]"}
COMMAND: POST /session/601af62cb68afff6944e8a635357ab53/execute/sync - {"script":"<script> [56 bytes]","args":[{"element-6066-11e4-a52e-4f735466cecf":"f.2CF887CE126DC6B338BD3A7C0EF1B7FC.d.5D35D686EA6FAD4EF39DC3693E80E10C.e.6403","ELEMENT":"f.2CF887CE126DC6B338BD3A7C0EF1B7FC.d.5D35D686EA6FAD4EF39DC3693E80E10C.e.6403"}]}
RESULT: {"script":"<script> [56 bytes]","args":[{"element-6066-11e4-a52e-4f735466cecf":"f.2CF887CE126DC6B338BD3A7C0EF1B7FC.d.5D35D686EA6FAD4EF39DC3693E80E10C.e.6403","ELEMENT":"f.2CF887CE126DC6B338BD3A7C0EF1B7FC.d.5D35D686EA6FAD4EF39DC3693E80E10C.e.6403"}]}
COMMAND: GET /session/601af62cb68afff6944e8a635357ab53/screenshot - {}
RESULT: {}
]]></system-out>
    </testcase>
    <testcase classname="chrome.136_0_7103_49.windows.Provide_to_Site_w/_warehouse_management_w_clarification" name="Should add equipment to the contract" time="55.99">
      <system-out><![CDATA[
COMMAND: POST /session/601af62cb68afff6944e8a635357ab53/element - {"using":"xpath","value":"//button[@data-kt=\"contractDetailEditBtnButton\"]"}
RESULT: {"using":"xpath","value":"//button[@data-kt=\"contractDetailEditBtnButton\"]"}
COMMAND: POST /session/601af62cb68afff6944e8a635357ab53/element/f.2CF887CE126DC6B338BD3A7C0EF1B7FC.d.5D35D686EA6FAD4EF39DC3693E80E10C.e.6405/click - {}
RESULT: {}
COMMAND: GET /session/601af62cb68afff6944e8a635357ab53/screenshot - {}
RESULT: {}
COMMAND: POST /session/601af62cb68afff6944e8a635357ab53/element - {"using":"xpath","value":"(//span[contains(text(), \"Additional Addresses\")])[2]"}
RESULT: {"using":"xpath","value":"(//span[contains(text(), \"Additional Addresses\")])[2]"}
COMMAND: POST /session/601af62cb68afff6944e8a635357ab53/element/f.2CF887CE126DC6B338BD3A7C0EF1B7FC.d.5D35D686EA6FAD4EF39DC3693E80E10C.e.6459/click - {}
RESULT: {}
COMMAND: GET /session/601af62cb68afff6944e8a635357ab53/screenshot - {}
RESULT: {}
COMMAND: POST /session/601af62cb68afff6944e8a635357ab53/element - {"using":"xpath","value":"//button[@data-kt=\"btnAddTableRowOverflowToolbarButton\"]"}
RESULT: {"using":"xpath","value":"//button[@data-kt=\"btnAddTableRowOverflowToolbarButton\"]"}
COMMAND: POST /session/601af62cb68afff6944e8a635357ab53/element/f.2CF887CE126DC6B338BD3A7C0EF1B7FC.d.5D35D686EA6FAD4EF39DC3693E80E10C.e.6463/click - {}
RESULT: {}
COMMAND: GET /session/601af62cb68afff6944e8a635357ab53/screenshot - {}
RESULT: {}
COMMAND: POST /session/601af62cb68afff6944e8a635357ab53/element - {"using":"xpath","value":"//div[(text() = 'Standard Entry' or . = 'Standard Entry')]"}
RESULT: {"using":"xpath","value":"//div[(text() = 'Standard Entry' or . = 'Standard Entry')]"}
COMMAND: POST /session/601af62cb68afff6944e8a635357ab53/element/f.2CF887CE126DC6B338BD3A7C0EF1B7FC.d.5D35D686EA6FAD4EF39DC3693E80E10C.e.6465/click - {}
RESULT: {}
COMMAND: GET /session/601af62cb68afff6944e8a635357ab53/screenshot - {}
RESULT: {}
COMMAND: POST /session/601af62cb68afff6944e8a635357ab53/element - {"using":"xpath","value":"//td[6]/div/div/div/span"}
RESULT: {"using":"xpath","value":"//td[6]/div/div/div/span"}
COMMAND: POST /session/601af62cb68afff6944e8a635357ab53/element/f.2CF887CE126DC6B338BD3A7C0EF1B7FC.d.5D35D686EA6FAD4EF39DC3693E80E10C.e.6477/click - {}
RESULT: {}
COMMAND: GET /session/601af62cb68afff6944e8a635357ab53/screenshot - {}
RESULT: {}
COMMAND: POST /session/601af62cb68afff6944e8a635357ab53/element - {"using":"xpath","value":"(//span[contains(text(), \"Material\")])"}
RESULT: {"using":"xpath","value":"(//span[contains(text(), \"Material\")])"}
COMMAND: POST /session/601af62cb68afff6944e8a635357ab53/element/f.2CF887CE126DC6B338BD3A7C0EF1B7FC.d.5D35D686EA6FAD4EF39DC3693E80E10C.e.6478/click - {}
RESULT: {}
COMMAND: GET /session/601af62cb68afff6944e8a635357ab53/screenshot - {}
RESULT: {}
COMMAND: POST /session/601af62cb68afff6944e8a635357ab53/element - {"using":"xpath","value":"//td[7]/div/div/input"}
RESULT: {"using":"xpath","value":"//td[7]/div/div/input"}
COMMAND: POST /session/601af62cb68afff6944e8a635357ab53/element/f.2CF887CE126DC6B338BD3A7C0EF1B7FC.d.5D35D686EA6FAD4EF39DC3693E80E10C.e.6482/clear - {}
RESULT: {}
COMMAND: POST /session/601af62cb68afff6944e8a635357ab53/element/f.2CF887CE126DC6B338BD3A7C0EF1B7FC.d.5D35D686EA6FAD4EF39DC3693E80E10C.e.6482/value - {"text":"200147"}
COMMAND: GET /session/601af62cb68afff6944e8a635357ab53/screenshot - {}
RESULT: {"text":"200147"}
COMMAND: GET /session/601af62cb68afff6944e8a635357ab53/screenshot - {}
RESULT: {}
RESULT: {}
COMMAND: POST /session/601af62cb68afff6944e8a635357ab53/actions - {"actions":[{"id":"action22","type":"key","parameters":{},"actions":[{"type":"keyDown","value":"î€‡"},{"type":"pause","duration":10},{"type":"keyUp","value":"î€‡"}]}]}
RESULT: {"actions":[{"id":"action22","type":"key","parameters":{},"actions":[{"type":"keyDown","value":"î€‡"},{"type":"pause","duration":10},{"type":"keyUp","value":"î€‡"}]}]}
COMMAND: GET /session/601af62cb68afff6944e8a635357ab53/screenshot - {}
RESULT: {}
COMMAND: POST /session/601af62cb68afff6944e8a635357ab53/execute/sync - {"script":"<script> [276 bytes]","args":["No pricing information was found"]}
RESULT: {"script":"<script> [276 bytes]","args":["No pricing information was found"]}
COMMAND: POST /session/601af62cb68afff6944e8a635357ab53/element - {"using":"xpath","value":"//bdi[contains(text(), \"OK\")]"}
COMMAND: GET /session/601af62cb68afff6944e8a635357ab53/screenshot - {}
RESULT: {"using":"xpath","value":"//bdi[contains(text(), \"OK\")]"}
COMMAND: POST /session/601af62cb68afff6944e8a635357ab53/element/f.2CF887CE126DC6B338BD3A7C0EF1B7FC.d.5D35D686EA6FAD4EF39DC3693E80E10C.e.6508/click - {}
RESULT: {}
RESULT: {}
COMMAND: GET /session/601af62cb68afff6944e8a635357ab53/screenshot - {}
RESULT: {}
COMMAND: POST /session/601af62cb68afff6944e8a635357ab53/element - {"using":"xpath","value":"(//button[@data-kt=\"saveButton\"])[2]"}
RESULT: {"using":"xpath","value":"(//button[@data-kt=\"saveButton\"])[2]"}
COMMAND: POST /session/601af62cb68afff6944e8a635357ab53/element/f.2CF887CE126DC6B338BD3A7C0EF1B7FC.d.5D35D686EA6FAD4EF39DC3693E80E10C.e.6509/click - {}
RESULT: {}
COMMAND: GET /session/601af62cb68afff6944e8a635357ab53/screenshot - {}
RESULT: {}
COMMAND: POST /session/601af62cb68afff6944e8a635357ab53/execute/sync - {"script":"<script> [276 bytes]","args":["Some contract items are having rental validity exceeding header rental validity"]}
RESULT: {"script":"<script> [276 bytes]","args":["Some contract items are having rental validity exceeding header rental validity"]}
COMMAND: GET /session/601af62cb68afff6944e8a635357ab53/screenshot - {}
RESULT: {}
COMMAND: POST /session/601af62cb68afff6944e8a635357ab53/element - {"using":"xpath","value":"//span[contains(@id ,\"contractItemsSmartTable-header-inner\")]"}
RESULT: {"using":"xpath","value":"//span[contains(@id ,\"contractItemsSmartTable-header-inner\")]"}
COMMAND: POST /session/601af62cb68afff6944e8a635357ab53/elements - {"using":"xpath","value":"//span[contains(@id ,\"contractItemsSmartTable-header-inner\")]"}
RESULT: {"using":"xpath","value":"//span[contains(@id ,\"contractItemsSmartTable-header-inner\")]"}
COMMAND: POST /session/601af62cb68afff6944e8a635357ab53/execute/sync - {"script":"<script> [56 bytes]","args":[{"element-6066-11e4-a52e-4f735466cecf":"f.2CF887CE126DC6B338BD3A7C0EF1B7FC.d.5D35D686EA6FAD4EF39DC3693E80E10C.e.6514","ELEMENT":"f.2CF887CE126DC6B338BD3A7C0EF1B7FC.d.5D35D686EA6FAD4EF39DC3693E80E10C.e.6514"}]}
RESULT: {"script":"<script> [56 bytes]","args":[{"element-6066-11e4-a52e-4f735466cecf":"f.2CF887CE126DC6B338BD3A7C0EF1B7FC.d.5D35D686EA6FAD4EF39DC3693E80E10C.e.6514","ELEMENT":"f.2CF887CE126DC6B338BD3A7C0EF1B7FC.d.5D35D686EA6FAD4EF39DC3693E80E10C.e.6514"}]}
COMMAND: GET /session/601af62cb68afff6944e8a635357ab53/screenshot - {}
]]></system-out>
    </testcase>
    <testcase classname="chrome.136_0_7103_49.windows.Provide_to_Site_w/_warehouse_management_w_clarification" name="Should provide to site" time="35.727">
      <system-out><![CDATA[
COMMAND: POST /session/601af62cb68afff6944e8a635357ab53/element - {"using":"xpath","value":"//button[@data-kt=\"provideButton\"]"}
RESULT: {}
RESULT: {"using":"xpath","value":"//button[@data-kt=\"provideButton\"]"}
COMMAND: POST /session/601af62cb68afff6944e8a635357ab53/element/f.2CF887CE126DC6B338BD3A7C0EF1B7FC.d.5D35D686EA6FAD4EF39DC3693E80E10C.e.6515/click - {}
RESULT: {}
COMMAND: GET /session/601af62cb68afff6944e8a635357ab53/screenshot - {}
RESULT: undefined
COMMAND: POST /session/601af62cb68afff6944e8a635357ab53/execute/async - {"script":"<script> [6424 bytes]","args":[{"element-6066-11e4-a52e-4f735466cecf":"f.2CF887CE126DC6B338BD3A7C0EF1B7FC.d.5D35D686EA6FAD4EF39DC3693E80E10C.e.5371"},"setValue",["05/14/25"]]}
RESULT: {}
COMMAND: POST /session/601af62cb68afff6944e8a635357ab53/execute/async - {"script":"<script> [1562 bytes]","args":[{"selector":{"id":"application-managehandovers-display-component---AddNewHO--dueDate","interaction":{"idSuffix":"inner"}},"wdio_ui5_key":"applicationmanagehandovers-display-component---AddNewHO--dueDate"}]}
RESULT: {"script":"<script> [1562 bytes]","args":[{"selector":{"id":"application-managehandovers-display-component---AddNewHO--dueDate","interaction":{"idSuffix":"inner"}},"wdio_ui5_key":"applicationmanagehandovers-display-component---AddNewHO--dueDate"}]}
COMMAND: POST /session/601af62cb68afff6944e8a635357ab53/execute/async - {"script":"<script> [6424 bytes]","args":[{"element-6066-11e4-a52e-4f735466cecf":"f.2CF887CE126DC6B338BD3A7C0EF1B7FC.d.5D35D686EA6FAD4EF39DC3693E80E10C.e.6572"},"setValue",["05/14/25"]]}
RESULT: {"script":"<script> [6424 bytes]","args":[{"element-6066-11e4-a52e-4f735466cecf":"f.2CF887CE126DC6B338BD3A7C0EF1B7FC.d.5D35D686EA6FAD4EF39DC3693E80E10C.e.6572"},"setValue",["05/14/25"]]}
COMMAND: POST /session/601af62cb68afff6944e8a635357ab53/element - {"using":"xpath","value":"//bdi[contains(text(), \"Instructions\")]"}
RESULT: {"using":"xpath","value":"//bdi[contains(text(), \"Instructions\")]"}
COMMAND: POST /session/601af62cb68afff6944e8a635357ab53/element/f.2CF887CE126DC6B338BD3A7C0EF1B7FC.d.5D35D686EA6FAD4EF39DC3693E80E10C.e.6820/click - {}
RESULT: {}
COMMAND: GET /session/601af62cb68afff6944e8a635357ab53/screenshot - {}
RESULT: {}
COMMAND: POST /session/601af62cb68afff6944e8a635357ab53/element - {"using":"xpath","value":"//button[@data-kt=\"AddNewHOProvideAddItemsButton\"]"}
RESULT: {"using":"xpath","value":"//button[@data-kt=\"AddNewHOProvideAddItemsButton\"]"}
COMMAND: POST /session/601af62cb68afff6944e8a635357ab53/element/f.2CF887CE126DC6B338BD3A7C0EF1B7FC.d.5D35D686EA6FAD4EF39DC3693E80E10C.e.6824/click - {}
RESULT: {}
COMMAND: GET /session/601af62cb68afff6944e8a635357ab53/screenshot - {}
RESULT: {}
RESULT: undefined
COMMAND: POST /session/601af62cb68afff6944e8a635357ab53/element - {"using":"xpath","value":"//*[@id=\"application-managehandovers-display-component---AddNewHO--popup-sa\"]"}
RESULT: {"using":"xpath","value":"//*[@id=\"application-managehandovers-display-component---AddNewHO--popup-sa\"]"}
COMMAND: POST /session/601af62cb68afff6944e8a635357ab53/element/f.2CF887CE126DC6B338BD3A7C0EF1B7FC.d.5D35D686EA6FAD4EF39DC3693E80E10C.e.6833/click - {}
RESULT: {}
COMMAND: GET /session/601af62cb68afff6944e8a635357ab53/screenshot - {}
RESULT: {}
COMMAND: POST /session/601af62cb68afff6944e8a635357ab53/element - {"using":"xpath","value":"//*[contains(@id ,\"BDI-content\")][contains(text(), \"Select\")]"}
RESULT: {"using":"xpath","value":"//*[contains(@id ,\"BDI-content\")][contains(text(), \"Select\")]"}
COMMAND: POST /session/601af62cb68afff6944e8a635357ab53/element/f.2CF887CE126DC6B338BD3A7C0EF1B7FC.d.5D35D686EA6FAD4EF39DC3693E80E10C.e.6835/click - {}
RESULT: {}
COMMAND: GET /session/601af62cb68afff6944e8a635357ab53/screenshot - {}
RESULT: {}
COMMAND: POST /session/601af62cb68afff6944e8a635357ab53/element - {"using":"xpath","value":"//bdi[(text() = 'Save' or . = 'Save')]"}
RESULT: {"using":"xpath","value":"//bdi[(text() = 'Save' or . = 'Save')]"}
COMMAND: POST /session/601af62cb68afff6944e8a635357ab53/element/f.2CF887CE126DC6B338BD3A7C0EF1B7FC.d.5D35D686EA6FAD4EF39DC3693E80E10C.e.6838/click - {}
RESULT: {}
COMMAND: GET /session/601af62cb68afff6944e8a635357ab53/screenshot - {}
RESULT: {}
]]></system-out>
    </testcase>
    <testcase classname="chrome.136_0_7103_49.windows.Provide_to_Site_w/_warehouse_management_w_clarification" name="Should test for Handover Execution" time="149.49">
      <system-out><![CDATA[
COMMAND: POST /session/601af62cb68afff6944e8a635357ab53/execute/async - {"script":"<script> [1562 bytes]","args":[{"selector":{"controlType":"sap.m.Link","viewName":"etm.portal.ui.managehandovers.view.DetailExecuteHO","bindingPath":{"path":"","propertyPath":"/wmDoc","modelName":"warehouseMovModel"}},"wdio_ui5_key":"etmportal.ui.managehandovers.view.DetailExecuteHOsap.m.Link{\"path\":\"\",\"propertyPath\":\"/wmDoc\",\"modelName\":\"warehouseMovModel\"}"}]}
RESULT: {"script":"<script> [1562 bytes]","args":[{"selector":{"controlType":"sap.m.Link","viewName":"etm.portal.ui.managehandovers.view.DetailExecuteHO","bindingPath":{"path":"","propertyPath":"/wmDoc","modelName":"warehouseMovModel"}},"wdio_ui5_key":"etmportal.ui.managehandovers.view.DetailExecuteHOsap.m.Link{\"path\":\"\",\"propertyPath\":\"/wmDoc\",\"modelName\":\"warehouseMovModel\"}"}]}
RESULT: undefined
COMMAND: POST /session/601af62cb68afff6944e8a635357ab53/element - {"using":"xpath","value":"//*[@id=\"__link81\"]"}
RESULT: {"using":"xpath","value":"//*[@id=\"__link81\"]"}
COMMAND: POST /session/601af62cb68afff6944e8a635357ab53/element/f.2CF887CE126DC6B338BD3A7C0EF1B7FC.d.5D35D686EA6FAD4EF39DC3693E80E10C.e.6866/click - {}
RESULT: {}
COMMAND: GET /session/601af62cb68afff6944e8a635357ab53/screenshot - {}
RESULT: {}
COMMAND: POST /session/601af62cb68afff6944e8a635357ab53/execute/async - {"script":"<script> [1562 bytes]","args":[{"selector":{"controlType":"sap.m.Link","viewName":"etm.portal.ui.managehandovers.view.DetailExecuteHO","properties":{"text":"Warehouse Overview"},"searchOpenDialogs":true},"wdio_ui5_key":"etmportal.ui.managehandovers.view.DetailExecuteHOsap.m.Link{\"text\":\"Warehouse Overview\"}"}]}
RESULT: {"script":"<script> [1562 bytes]","args":[{"selector":{"controlType":"sap.m.Link","viewName":"etm.portal.ui.managehandovers.view.DetailExecuteHO","properties":{"text":"Warehouse Overview"},"searchOpenDialogs":true},"wdio_ui5_key":"etmportal.ui.managehandovers.view.DetailExecuteHOsap.m.Link{\"text\":\"Warehouse Overview\"}"}]}
RESULT: undefined
COMMAND: POST /session/601af62cb68afff6944e8a635357ab53/element - {"using":"xpath","value":"//*[@id=\"__link96\"]"}
RESULT: {"using":"xpath","value":"//*[@id=\"__link96\"]"}
COMMAND: POST /session/601af62cb68afff6944e8a635357ab53/element/f.2CF887CE126DC6B338BD3A7C0EF1B7FC.d.5D35D686EA6FAD4EF39DC3693E80E10C.e.6870/click - {}
RESULT: {}
COMMAND: GET /session/601af62cb68afff6944e8a635357ab53/screenshot - {}
RESULT: {}
COMMAND: POST /session/601af62cb68afff6944e8a635357ab53/execute/async - {"script":"<script> [1562 bytes]","args":[{"selector":{"controlType":"sap.m.Button","viewName":"etm.portal.ui.warehousemovements.view.DisplayMovement","viewId":"application-warehousemovements-display-component---displayMovement","i18NText":{"propertyName":"text","key":"execution"},"interaction":{"idSuffix":"BDI-content"}},"wdio_ui5_key":"etmportal.ui.warehousemovements.view.DisplayMovementsap.m.Button{\"propertyName\":\"text\",\"key\":\"execution\"}"}]}
RESULT: {"script":"<script> [1562 bytes]","args":[{"selector":{"controlType":"sap.m.Button","viewName":"etm.portal.ui.warehousemovements.view.DisplayMovement","viewId":"application-warehousemovements-display-component---displayMovement","i18NText":{"propertyName":"text","key":"execution"},"interaction":{"idSuffix":"BDI-content"}},"wdio_ui5_key":"etmportal.ui.warehousemovements.view.DisplayMovementsap.m.Button{\"propertyName\":\"text\",\"key\":\"execution\"}"}]}
RESULT: undefined
COMMAND: POST /session/601af62cb68afff6944e8a635357ab53/element - {"using":"xpath","value":"//*[@id=\"__button219\"]"}
RESULT: {"using":"xpath","value":"//*[@id=\"__button219\"]"}
COMMAND: POST /session/601af62cb68afff6944e8a635357ab53/element/f.2CF887CE126DC6B338BD3A7C0EF1B7FC.d.5D35D686EA6FAD4EF39DC3693E80E10C.e.6995/click - {}
RESULT: {}
COMMAND: GET /session/601af62cb68afff6944e8a635357ab53/screenshot - {}
RESULT: {}
COMMAND: POST /session/601af62cb68afff6944e8a635357ab53/execute/async - {"script":"<script> [1562 bytes]","args":[{"selector":{"controlType":"sap.m.Button","viewName":"etm.portal.ui.warehousemovements.view.ExecuteMovement","viewId":"application-warehousemovements-display-component---executeMovement","properties":{"text":"Items"},"interaction":{"idSuffix":"BDI-content"}},"wdio_ui5_key":"etmportal.ui.warehousemovements.view.ExecuteMovementsap.m.Button{\"text\":\"Items\"}"}]}
RESULT: {"script":"<script> [1562 bytes]","args":[{"selector":{"controlType":"sap.m.Button","viewName":"etm.portal.ui.warehousemovements.view.ExecuteMovement","viewId":"application-warehousemovements-display-component---executeMovement","properties":{"text":"Items"},"interaction":{"idSuffix":"BDI-content"}},"wdio_ui5_key":"etmportal.ui.warehousemovements.view.ExecuteMovementsap.m.Button{\"text\":\"Items\"}"}]}
RESULT: undefined
COMMAND: POST /session/601af62cb68afff6944e8a635357ab53/element - {"using":"xpath","value":"//*[@id=\"__layout353-anchBar-application-warehousemovements-display-component---executeMovement--itemsSection-anchor\"]"}
RESULT: {"using":"xpath","value":"//*[@id=\"__layout353-anchBar-application-warehousemovements-display-component---executeMovement--itemsSection-anchor\"]"}
COMMAND: POST /session/601af62cb68afff6944e8a635357ab53/element/f.2CF887CE126DC6B338BD3A7C0EF1B7FC.d.5D35D686EA6FAD4EF39DC3693E80E10C.e.7091/click - {}
RESULT: {}
COMMAND: GET /session/601af62cb68afff6944e8a635357ab53/screenshot - {}
RESULT: {}
COMMAND: POST /session/601af62cb68afff6944e8a635357ab53/execute/async - {"script":"<script> [1562 bytes]","args":[{"selector":{"controlType":"sap.m.ToggleButton","viewName":"etm.portal.ui.warehousemovements.view.ExecuteMovement","viewId":"application-warehousemovements-display-component---executeMovement","bindingPath":{"propertyPath":"STATUS","modelName":"catalogModel"},"interaction":{"idSuffix":"BDI-content"}},"wdio_ui5_key":"etmportal.ui.warehousemovements.view.ExecuteMovementsap.m.ToggleButton{\"propertyPath\":\"STATUS\",\"modelName\":\"catalogModel\"}"}]}
RESULT: {"script":"<script> [1562 bytes]","args":[{"selector":{"controlType":"sap.m.ToggleButton","viewName":"etm.portal.ui.warehousemovements.view.ExecuteMovement","viewId":"application-warehousemovements-display-component---executeMovement","bindingPath":{"propertyPath":"STATUS","modelName":"catalogModel"},"interaction":{"idSuffix":"BDI-content"}},"wdio_ui5_key":"etmportal.ui.warehousemovements.view.ExecuteMovementsap.m.ToggleButton{\"propertyPath\":\"STATUS\",\"modelName\":\"catalogModel\"}"}]}
RESULT: undefined
COMMAND: POST /session/601af62cb68afff6944e8a635357ab53/element - {"using":"xpath","value":"//*[@id=\"__button242-__clone2505\"]"}
RESULT: {"using":"xpath","value":"//*[@id=\"__button242-__clone2505\"]"}
COMMAND: POST /session/601af62cb68afff6944e8a635357ab53/element/f.2CF887CE126DC6B338BD3A7C0EF1B7FC.d.5D35D686EA6FAD4EF39DC3693E80E10C.e.7096/click - {}
RESULT: {}
RESULT: undefined
COMMAND: POST /session/601af62cb68afff6944e8a635357ab53/element - {"using":"xpath","value":"//*[@id=\"__button242-__clone2505\"]"}
COMMAND: GET /session/601af62cb68afff6944e8a635357ab53/screenshot - {}
RESULT: {"using":"xpath","value":"//*[@id=\"__button242-__clone2505\"]"}
COMMAND: POST /session/601af62cb68afff6944e8a635357ab53/element/f.2CF887CE126DC6B338BD3A7C0EF1B7FC.d.5D35D686EA6FAD4EF39DC3693E80E10C.e.7096/click - {}
RESULT: {}
RESULT: {}
COMMAND: GET /session/601af62cb68afff6944e8a635357ab53/screenshot - {}
RESULT: {}
COMMAND: POST /session/601af62cb68afff6944e8a635357ab53/element - {"using":"xpath","value":"//section[contains(@id,\"FC-NoHead\")]/div[1]/div[5]/div[2]/span"}
RESULT: {"using":"xpath","value":"//section[contains(@id,\"FC-NoHead\")]/div[1]/div[5]/div[2]/span"}
COMMAND: POST /session/601af62cb68afff6944e8a635357ab53/elements - {"using":"xpath","value":"//section[contains(@id,\"FC-NoHead\")]/div[1]/div[5]/div[2]/span"}
RESULT: {"using":"xpath","value":"//section[contains(@id,\"FC-NoHead\")]/div[1]/div[5]/div[2]/span"}
COMMAND: POST /session/601af62cb68afff6944e8a635357ab53/execute/sync - {"script":"<script> [56 bytes]","args":[{"element-6066-11e4-a52e-4f735466cecf":"f.2CF887CE126DC6B338BD3A7C0EF1B7FC.d.5D35D686EA6FAD4EF39DC3693E80E10C.e.7098","ELEMENT":"f.2CF887CE126DC6B338BD3A7C0EF1B7FC.d.5D35D686EA6FAD4EF39DC3693E80E10C.e.7098"}]}
RESULT: {"script":"<script> [56 bytes]","args":[{"element-6066-11e4-a52e-4f735466cecf":"f.2CF887CE126DC6B338BD3A7C0EF1B7FC.d.5D35D686EA6FAD4EF39DC3693E80E10C.e.7098","ELEMENT":"f.2CF887CE126DC6B338BD3A7C0EF1B7FC.d.5D35D686EA6FAD4EF39DC3693E80E10C.e.7098"}]}
COMMAND: POST /session/601af62cb68afff6944e8a635357ab53/actions - {"actions":[{"id":"action23","type":"key","parameters":{},"actions":[{"type":"keyDown","value":"î€‡"},{"type":"pause","duration":10},{"type":"keyUp","value":"î€‡"}]}]}
COMMAND: GET /session/601af62cb68afff6944e8a635357ab53/screenshot - {}
RESULT: {"actions":[{"id":"action23","type":"key","parameters":{},"actions":[{"type":"keyDown","value":"î€‡"},{"type":"pause","duration":10},{"type":"keyUp","value":"î€‡"}]}]}
COMMAND: POST /session/601af62cb68afff6944e8a635357ab53/execute/async - {"script":"<script> [1562 bytes]","args":[{"selector":{"id":"application-warehousemovements-display-component---executeMovement--executeId","interaction":{"idSuffix":"BDI-content"}},"wdio_ui5_key":"applicationwarehousemovements-display-component---executeMovement--executeId"}]}
COMMAND: GET /session/601af62cb68afff6944e8a635357ab53/screenshot - {}
RESULT: {}
RESULT: {"script":"<script> [1562 bytes]","args":[{"selector":{"id":"application-warehousemovements-display-component---executeMovement--executeId","interaction":{"idSuffix":"BDI-content"}},"wdio_ui5_key":"applicationwarehousemovements-display-component---executeMovement--executeId"}]}
RESULT: undefined
COMMAND: POST /session/601af62cb68afff6944e8a635357ab53/element - {"using":"xpath","value":"//*[@id=\"application-warehousemovements-display-component---executeMovement--executeId\"]"}
RESULT: {}
RESULT: {"using":"xpath","value":"//*[@id=\"application-warehousemovements-display-component---executeMovement--executeId\"]"}
COMMAND: POST /session/601af62cb68afff6944e8a635357ab53/element/f.2CF887CE126DC6B338BD3A7C0EF1B7FC.d.5D35D686EA6FAD4EF39DC3693E80E10C.e.7055/click - {}
RESULT: {}
COMMAND: GET /session/601af62cb68afff6944e8a635357ab53/screenshot - {}
RESULT: {}
COMMAND: POST /session/601af62cb68afff6944e8a635357ab53/element - {"using":"css selector","value":"#shell-header-logo"}
RESULT: {"using":"css selector","value":"#shell-header-logo"}
COMMAND: POST /session/601af62cb68afff6944e8a635357ab53/element/f.2CF887CE126DC6B338BD3A7C0EF1B7FC.d.5D35D686EA6FAD4EF39DC3693E80E10C.e.5892/click - {}
RESULT: {}
COMMAND: GET /session/601af62cb68afff6944e8a635357ab53/screenshot - {}
RESULT: {}
RESULT: undefined
COMMAND: POST /session/601af62cb68afff6944e8a635357ab53/element - {"using":"xpath","value":"//*[@id=\"__tile132\"]"}
RESULT: {"using":"xpath","value":"//*[@id=\"__tile132\"]"}
COMMAND: POST /session/601af62cb68afff6944e8a635357ab53/element/f.2CF887CE126DC6B338BD3A7C0EF1B7FC.d.5D35D686EA6FAD4EF39DC3693E80E10C.e.4355/click - {}
RESULT: {}
COMMAND: GET /session/601af62cb68afff6944e8a635357ab53/screenshot - {}
RESULT: {}
COMMAND: POST /session/601af62cb68afff6944e8a635357ab53/elements - {"using":"xpath","value":"//span[text()='Error']"}
RESULT: {"using":"xpath","value":"//span[text()='Error']"}
COMMAND: POST /session/601af62cb68afff6944e8a635357ab53/execute/async - {"script":"<script> [1562 bytes]","args":[{"selector":{"controlType":"sap.m.SearchField","viewName":"etm.portal.ui.managehandovers.view.MasterHO","bindingPath":{"propertyPath":"/_BASIC_SEARCH_FIELD","modelName":"fi1t3rM0d31"},"interaction":{"idSuffix":"I"}},"wdio_ui5_key":"etmportal.ui.managehandovers.view.MasterHOsap.m.SearchField{\"propertyPath\":\"/_BASIC_SEARCH_FIELD\",\"modelName\":\"fi1t3rM0d31\"}"}]}
RESULT: {"script":"<script> [1562 bytes]","args":[{"selector":{"controlType":"sap.m.SearchField","viewName":"etm.portal.ui.managehandovers.view.MasterHO","bindingPath":{"propertyPath":"/_BASIC_SEARCH_FIELD","modelName":"fi1t3rM0d31"},"interaction":{"idSuffix":"I"}},"wdio_ui5_key":"etmportal.ui.managehandovers.view.MasterHOsap.m.SearchField{\"propertyPath\":\"/_BASIC_SEARCH_FIELD\",\"modelName\":\"fi1t3rM0d31\"}"}]}
RESULT: undefined
COMMAND: POST /session/601af62cb68afff6944e8a635357ab53/execute/async - {"script":"<script> [776 bytes]","args":[{"enterText":"30369","selector":{"controlType":"sap.m.SearchField","viewName":"etm.portal.ui.managehandovers.view.MasterHO","bindingPath":{"propertyPath":"/_BASIC_SEARCH_FIELD","modelName":"fi1t3rM0d31"},"interaction":{"idSuffix":"I"}},"clearTextFirst":true,"interactionType":"ENTER_TEXT"}]}
RESULT: {"script":"<script> [776 bytes]","args":[{"enterText":"30369","selector":{"controlType":"sap.m.SearchField","viewName":"etm.portal.ui.managehandovers.view.MasterHO","bindingPath":{"propertyPath":"/_BASIC_SEARCH_FIELD","modelName":"fi1t3rM0d31"},"interaction":{"idSuffix":"I"}},"clearTextFirst":true,"interactionType":"ENTER_TEXT"}]}
COMMAND: POST /session/601af62cb68afff6944e8a635357ab53/actions - {"actions":[{"id":"action24","type":"key","parameters":{},"actions":[{"type":"keyDown","value":"î€‡"},{"type":"pause","duration":10},{"type":"keyUp","value":"î€‡"}]}]}
RESULT: {"actions":[{"id":"action24","type":"key","parameters":{},"actions":[{"type":"keyDown","value":"î€‡"},{"type":"pause","duration":10},{"type":"keyUp","value":"î€‡"}]}]}
COMMAND: GET /session/601af62cb68afff6944e8a635357ab53/screenshot - {}
RESULT: {}
COMMAND: POST /session/601af62cb68afff6944e8a635357ab53/execute/async - {"script":"<script> [1562 bytes]","args":[{"selector":{"controlType":"sap.ui.core.Icon","viewName":"etm.portal.ui.managehandovers.view.MasterHO","properties":{"src":{"regex":{"source":"slim\\-arrow\\-right"}}}},"wdio_ui5_key":"etmportal.ui.managehandovers.view.MasterHOsap.ui.core.Icon{\"src\":{\"regex\":{\"source\":\"slim\\\\-arrow\\\\-right\"}}}"}]}
RESULT: {"script":"<script> [1562 bytes]","args":[{"selector":{"controlType":"sap.ui.core.Icon","viewName":"etm.portal.ui.managehandovers.view.MasterHO","properties":{"src":{"regex":{"source":"slim\\-arrow\\-right"}}}},"wdio_ui5_key":"etmportal.ui.managehandovers.view.MasterHOsap.ui.core.Icon{\"src\":{\"regex\":{\"source\":\"slim\\\\-arrow\\\\-right\"}}}"}]}
RESULT: undefined
COMMAND: POST /session/601af62cb68afff6944e8a635357ab53/element - {"using":"xpath","value":"//*[@id=\"__item1324-__clone2584-imgNav\"]"}
RESULT: {"using":"xpath","value":"//*[@id=\"__item1324-__clone2584-imgNav\"]"}
COMMAND: POST /session/601af62cb68afff6944e8a635357ab53/element/f.2CF887CE126DC6B338BD3A7C0EF1B7FC.d.5D35D686EA6FAD4EF39DC3693E80E10C.e.7287/click - {}
RESULT: {}
COMMAND: GET /session/601af62cb68afff6944e8a635357ab53/screenshot - {}
RESULT: {}
COMMAND: POST /session/601af62cb68afff6944e8a635357ab53/execute/async - {"script":"<script> [1562 bytes]","args":[{"selector":{"controlType":"sap.m.Button","viewName":"etm.portal.ui.managehandovers.view.DetailExecuteHO","i18NText":{"propertyName":"text","key":"confirmAll"},"interaction":{"idSuffix":"BDI-content"}},"wdio_ui5_key":"etmportal.ui.managehandovers.view.DetailExecuteHOsap.m.Button{\"propertyName\":\"text\",\"key\":\"confirmAll\"}"}]}
RESULT: {"script":"<script> [1562 bytes]","args":[{"selector":{"controlType":"sap.m.Button","viewName":"etm.portal.ui.managehandovers.view.DetailExecuteHO","i18NText":{"propertyName":"text","key":"confirmAll"},"interaction":{"idSuffix":"BDI-content"}},"wdio_ui5_key":"etmportal.ui.managehandovers.view.DetailExecuteHOsap.m.Button{\"propertyName\":\"text\",\"key\":\"confirmAll\"}"}]}
RESULT: undefined
COMMAND: POST /session/601af62cb68afff6944e8a635357ab53/element - {"using":"xpath","value":"//*[@id=\"__button280\"]"}
RESULT: {"using":"xpath","value":"//*[@id=\"__button280\"]"}
COMMAND: POST /session/601af62cb68afff6944e8a635357ab53/element/f.2CF887CE126DC6B338BD3A7C0EF1B7FC.d.5D35D686EA6FAD4EF39DC3693E80E10C.e.7369/click - {}
RESULT: {}
COMMAND: GET /session/601af62cb68afff6944e8a635357ab53/screenshot - {}
RESULT: {}
COMMAND: POST /session/601af62cb68afff6944e8a635357ab53/actions - {"actions":[{"id":"action25","type":"key","parameters":{},"actions":[{"type":"keyDown","value":"î€‡"},{"type":"pause","duration":10},{"type":"keyUp","value":"î€‡"}]}]}
RESULT: {"actions":[{"id":"action25","type":"key","parameters":{},"actions":[{"type":"keyDown","value":"î€‡"},{"type":"pause","duration":10},{"type":"keyUp","value":"î€‡"}]}]}
COMMAND: GET /session/601af62cb68afff6944e8a635357ab53/screenshot - {}
RESULT: {}
COMMAND: POST /session/601af62cb68afff6944e8a635357ab53/element - {"using":"xpath","value":"//button[@data-kt=\"execHoIssueButton\"]"}
RESULT: {"using":"xpath","value":"//button[@data-kt=\"execHoIssueButton\"]"}
COMMAND: POST /session/601af62cb68afff6944e8a635357ab53/element/f.2CF887CE126DC6B338BD3A7C0EF1B7FC.d.5D35D686EA6FAD4EF39DC3693E80E10C.e.7378/click - {}
RESULT: {}
COMMAND: GET /session/601af62cb68afff6944e8a635357ab53/screenshot - {}
RESULT: {}
RESULT: undefined
COMMAND: POST /session/601af62cb68afff6944e8a635357ab53/execute/async - {"script":"<script> [776 bytes]","args":[{"enterText":"30369","selector":{"controlType":"sap.m.SearchField","viewName":"etm.portal.ui.managehandovers.view.MasterHO","bindingPath":{"propertyPath":"/_BASIC_SEARCH_FIELD","modelName":"fi1t3rM0d31"},"interaction":{"idSuffix":"I"}},"clearTextFirst":true,"interactionType":"ENTER_TEXT"}]}
RESULT: {"script":"<script> [776 bytes]","args":[{"enterText":"30369","selector":{"controlType":"sap.m.SearchField","viewName":"etm.portal.ui.managehandovers.view.MasterHO","bindingPath":{"propertyPath":"/_BASIC_SEARCH_FIELD","modelName":"fi1t3rM0d31"},"interaction":{"idSuffix":"I"}},"clearTextFirst":true,"interactionType":"ENTER_TEXT"}]}
COMMAND: POST /session/601af62cb68afff6944e8a635357ab53/actions - {"actions":[{"id":"action26","type":"key","parameters":{},"actions":[{"type":"keyDown","value":"î€‡"},{"type":"pause","duration":10},{"type":"keyUp","value":"î€‡"}]}]}
RESULT: {"actions":[{"id":"action26","type":"key","parameters":{},"actions":[{"type":"keyDown","value":"î€‡"},{"type":"pause","duration":10},{"type":"keyUp","value":"î€‡"}]}]}
COMMAND: GET /session/601af62cb68afff6944e8a635357ab53/screenshot - {}
RESULT: {}
COMMAND: POST /session/601af62cb68afff6944e8a635357ab53/element - {"using":"xpath","value":"//span[(text() = '30369' or . = '30369')]"}
RESULT: {"using":"xpath","value":"//span[(text() = '30369' or . = '30369')]"}
COMMAND: POST /session/601af62cb68afff6944e8a635357ab53/element/f.2CF887CE126DC6B338BD3A7C0EF1B7FC.d.5D35D686EA6FAD4EF39DC3693E80E10C.e.7424/click - {}
RESULT: {}
COMMAND: GET /session/601af62cb68afff6944e8a635357ab53/screenshot - {}
RESULT: {}
COMMAND: POST /session/601af62cb68afff6944e8a635357ab53/element - {"using":"xpath","value":"//span[contains(text(), \"Instructions\")]"}
RESULT: {"using":"xpath","value":"//span[contains(text(), \"Instructions\")]"}
COMMAND: POST /session/601af62cb68afff6944e8a635357ab53/element/f.2CF887CE126DC6B338BD3A7C0EF1B7FC.d.5D35D686EA6FAD4EF39DC3693E80E10C.e.7461/click - {}
RESULT: {}
COMMAND: GET /session/601af62cb68afff6944e8a635357ab53/screenshot - {}
RESULT: {}
COMMAND: POST /session/601af62cb68afff6944e8a635357ab53/element - {"using":"xpath","value":"//span[contains(text(), \"Instructions\")]"}
RESULT: {"using":"xpath","value":"//span[contains(text(), \"Instructions\")]"}
COMMAND: POST /session/601af62cb68afff6944e8a635357ab53/element/f.2CF887CE126DC6B338BD3A7C0EF1B7FC.d.5D35D686EA6FAD4EF39DC3693E80E10C.e.7461/click - {}
RESULT: {}
COMMAND: GET /session/601af62cb68afff6944e8a635357ab53/screenshot - {}
RESULT: {}
COMMAND: POST /session/601af62cb68afff6944e8a635357ab53/execute/async - {"script":"<script> [1562 bytes]","args":[{"selector":{"controlType":"sap.m.ComboBox","viewName":"etm.portal.ui.managehandovers.view.DetailExecuteHO","bindingPath":{"propertyPath":"RECEIVING_SECTION","modelName":"catalogModel"},"interaction":{"idSuffix":"inner"}},"wdio_ui5_key":"etmportal.ui.managehandovers.view.DetailExecuteHOsap.m.ComboBox{\"propertyPath\":\"RECEIVING_SECTION\",\"modelName\":\"catalogModel\"}"}]}
RESULT: {"script":"<script> [1562 bytes]","args":[{"selector":{"controlType":"sap.m.ComboBox","viewName":"etm.portal.ui.managehandovers.view.DetailExecuteHO","bindingPath":{"propertyPath":"RECEIVING_SECTION","modelName":"catalogModel"},"interaction":{"idSuffix":"inner"}},"wdio_ui5_key":"etmportal.ui.managehandovers.view.DetailExecuteHOsap.m.ComboBox{\"propertyPath\":\"RECEIVING_SECTION\",\"modelName\":\"catalogModel\"}"}]}
RESULT: undefined
COMMAND: POST /session/601af62cb68afff6944e8a635357ab53/execute/async - {"script":"<script> [776 bytes]","args":[{"enterText":"WDIO-2144","selector":{"controlType":"sap.m.ComboBox","viewName":"etm.portal.ui.managehandovers.view.DetailExecuteHO","bindingPath":{"propertyPath":"RECEIVING_SECTION","modelName":"catalogModel"},"interaction":{"idSuffix":"inner"}},"clearTextFirst":true,"interactionType":"ENTER_TEXT"}]}
RESULT: {"script":"<script> [776 bytes]","args":[{"enterText":"WDIO-2144","selector":{"controlType":"sap.m.ComboBox","viewName":"etm.portal.ui.managehandovers.view.DetailExecuteHO","bindingPath":{"propertyPath":"RECEIVING_SECTION","modelName":"catalogModel"},"interaction":{"idSuffix":"inner"}},"clearTextFirst":true,"interactionType":"ENTER_TEXT"}]}
COMMAND: POST /session/601af62cb68afff6944e8a635357ab53/actions - {"actions":[{"id":"action27","type":"key","parameters":{},"actions":[{"type":"keyDown","value":"î€‡"},{"type":"pause","duration":10},{"type":"keyUp","value":"î€‡"}]}]}
RESULT: {"actions":[{"id":"action27","type":"key","parameters":{},"actions":[{"type":"keyDown","value":"î€‡"},{"type":"pause","duration":10},{"type":"keyUp","value":"î€‡"}]}]}
COMMAND: GET /session/601af62cb68afff6944e8a635357ab53/screenshot - {}
RESULT: {}
COMMAND: POST /session/601af62cb68afff6944e8a635357ab53/element - {"using":"xpath","value":"//button[@data-kt= \"execHoReceiveButton\"]"}
RESULT: {"using":"xpath","value":"//button[@data-kt= \"execHoReceiveButton\"]"}
COMMAND: POST /session/601af62cb68afff6944e8a635357ab53/element/f.2CF887CE126DC6B338BD3A7C0EF1B7FC.d.5D35D686EA6FAD4EF39DC3693E80E10C.e.7467/click - {}
RESULT: {}
COMMAND: GET /session/601af62cb68afff6944e8a635357ab53/screenshot - {}
RESULT: {}
COMMAND: POST /session/601af62cb68afff6944e8a635357ab53/execute/async - {"script":"<script> [1562 bytes]","args":[{"selector":{"controlType":"sap.m.Button","properties":{"text":"Continue"},"searchOpenDialogs":true,"interaction":{"idSuffix":"content"}},"wdio_ui5_key":"sapm.Button{\"text\":\"Continue\"}"}]}
RESULT: {"script":"<script> [1562 bytes]","args":[{"selector":{"controlType":"sap.m.Button","properties":{"text":"Continue"},"searchOpenDialogs":true,"interaction":{"idSuffix":"content"}},"wdio_ui5_key":"sapm.Button{\"text\":\"Continue\"}"}]}
RESULT: undefined
COMMAND: POST /session/601af62cb68afff6944e8a635357ab53/element - {"using":"xpath","value":"//*[@id=\"__mbox-btn-6\"]"}
RESULT: {"using":"xpath","value":"//*[@id=\"__mbox-btn-6\"]"}
COMMAND: POST /session/601af62cb68afff6944e8a635357ab53/element/f.2CF887CE126DC6B338BD3A7C0EF1B7FC.d.5D35D686EA6FAD4EF39DC3693E80E10C.e.7468/click - {}
RESULT: {}
COMMAND: GET /session/601af62cb68afff6944e8a635357ab53/screenshot - {}
RESULT: {}
COMMAND: POST /session/601af62cb68afff6944e8a635357ab53/element - {"using":"css selector","value":"#shell-header-logo"}
RESULT: {"using":"css selector","value":"#shell-header-logo"}
COMMAND: POST /session/601af62cb68afff6944e8a635357ab53/element/f.2CF887CE126DC6B338BD3A7C0EF1B7FC.d.5D35D686EA6FAD4EF39DC3693E80E10C.e.7163/click - {}
RESULT: {}
COMMAND: GET /session/601af62cb68afff6944e8a635357ab53/screenshot - {}
RESULT: {}
]]></system-out>
    </testcase>
    <testcase classname="chrome.136_0_7103_49.windows.Provide_to_Site_w/_warehouse_management_w_clarification" name="Should test for Clarification" time="66.491">
      <system-out><![CDATA[
RESULT: undefined
COMMAND: POST /session/601af62cb68afff6944e8a635357ab53/element - {"using":"xpath","value":"//*[@id=\"__tile132\"]"}
RESULT: {"using":"xpath","value":"//*[@id=\"__tile132\"]"}
COMMAND: POST /session/601af62cb68afff6944e8a635357ab53/element/f.2CF887CE126DC6B338BD3A7C0EF1B7FC.d.5D35D686EA6FAD4EF39DC3693E80E10C.e.4355/click - {}
RESULT: {}
COMMAND: GET /session/601af62cb68afff6944e8a635357ab53/screenshot - {}
RESULT: {}
COMMAND: POST /session/601af62cb68afff6944e8a635357ab53/elements - {"using":"xpath","value":"//span[text()='Error']"}
RESULT: {"using":"xpath","value":"//span[text()='Error']"}
RESULT: undefined
COMMAND: POST /session/601af62cb68afff6944e8a635357ab53/execute/async - {"script":"<script> [776 bytes]","args":[{"enterText":"30369","selector":{"controlType":"sap.m.SearchField","viewName":"etm.portal.ui.managehandovers.view.MasterHO","bindingPath":{"propertyPath":"/_BASIC_SEARCH_FIELD","modelName":"fi1t3rM0d31"},"interaction":{"idSuffix":"I"}},"clearTextFirst":true,"interactionType":"ENTER_TEXT"}]}
RESULT: {"script":"<script> [776 bytes]","args":[{"enterText":"30369","selector":{"controlType":"sap.m.SearchField","viewName":"etm.portal.ui.managehandovers.view.MasterHO","bindingPath":{"propertyPath":"/_BASIC_SEARCH_FIELD","modelName":"fi1t3rM0d31"},"interaction":{"idSuffix":"I"}},"clearTextFirst":true,"interactionType":"ENTER_TEXT"}]}
COMMAND: POST /session/601af62cb68afff6944e8a635357ab53/actions - {"actions":[{"id":"action28","type":"key","parameters":{},"actions":[{"type":"keyDown","value":"î€‡"},{"type":"pause","duration":10},{"type":"keyUp","value":"î€‡"}]}]}
RESULT: {"actions":[{"id":"action28","type":"key","parameters":{},"actions":[{"type":"keyDown","value":"î€‡"},{"type":"pause","duration":10},{"type":"keyUp","value":"î€‡"}]}]}
COMMAND: GET /session/601af62cb68afff6944e8a635357ab53/screenshot - {}
RESULT: {}
COMMAND: POST /session/601af62cb68afff6944e8a635357ab53/element - {"using":"xpath","value":"//span[(text() = '30369' or . = '30369')]"}
RESULT: {"using":"xpath","value":"//span[(text() = '30369' or . = '30369')]"}
COMMAND: POST /session/601af62cb68afff6944e8a635357ab53/element/f.2CF887CE126DC6B338BD3A7C0EF1B7FC.d.5D35D686EA6FAD4EF39DC3693E80E10C.e.7730/click - {}
RESULT: {}
COMMAND: GET /session/601af62cb68afff6944e8a635357ab53/screenshot - {}
RESULT: {}
COMMAND: POST /session/601af62cb68afff6944e8a635357ab53/element - {"using":"xpath","value":"//span[contains(text(), \"Instructions\")]"}
RESULT: {"using":"xpath","value":"//span[contains(text(), \"Instructions\")]"}
COMMAND: POST /session/601af62cb68afff6944e8a635357ab53/element/f.2CF887CE126DC6B338BD3A7C0EF1B7FC.d.5D35D686EA6FAD4EF39DC3693E80E10C.e.7810/click - {}
RESULT: {}
COMMAND: GET /session/601af62cb68afff6944e8a635357ab53/screenshot - {}
RESULT: {}
COMMAND: POST /session/601af62cb68afff6944e8a635357ab53/element - {"using":"xpath","value":"//span[contains(text(), \"Instructions\")]"}
RESULT: {"using":"xpath","value":"//span[contains(text(), \"Instructions\")]"}
COMMAND: POST /session/601af62cb68afff6944e8a635357ab53/element/f.2CF887CE126DC6B338BD3A7C0EF1B7FC.d.5D35D686EA6FAD4EF39DC3693E80E10C.e.7810/click - {}
RESULT: {}
COMMAND: GET /session/601af62cb68afff6944e8a635357ab53/screenshot - {}
RESULT: {}
COMMAND: POST /session/601af62cb68afff6944e8a635357ab53/element - {"using":"xpath","value":"//button[.//bdi[text() = \"Refuse\"]]"}
RESULT: {"using":"xpath","value":"//button[.//bdi[text() = \"Refuse\"]]"}
COMMAND: POST /session/601af62cb68afff6944e8a635357ab53/element/f.2CF887CE126DC6B338BD3A7C0EF1B7FC.d.5D35D686EA6FAD4EF39DC3693E80E10C.e.7816/click - {}
RESULT: {}
COMMAND: GET /session/601af62cb68afff6944e8a635357ab53/screenshot - {}
RESULT: {}
COMMAND: POST /session/601af62cb68afff6944e8a635357ab53/element - {"using":"xpath","value":"//button[@data-kt= \"execHoReceiveRefuseButton\"]"}
RESULT: {"using":"xpath","value":"//button[@data-kt= \"execHoReceiveRefuseButton\"]"}
COMMAND: POST /session/601af62cb68afff6944e8a635357ab53/element/f.2CF887CE126DC6B338BD3A7C0EF1B7FC.d.5D35D686EA6FAD4EF39DC3693E80E10C.e.7818/click - {}
RESULT: {}
COMMAND: GET /session/601af62cb68afff6944e8a635357ab53/screenshot - {}
RESULT: {}
COMMAND: POST /session/601af62cb68afff6944e8a635357ab53/element - {"using":"css selector","value":"#shell-header-logo"}
RESULT: {"using":"css selector","value":"#shell-header-logo"}
COMMAND: POST /session/601af62cb68afff6944e8a635357ab53/element/f.2CF887CE126DC6B338BD3A7C0EF1B7FC.d.5D35D686EA6FAD4EF39DC3693E80E10C.e.7509/click - {}
RESULT: {}
COMMAND: GET /session/601af62cb68afff6944e8a635357ab53/screenshot - {}
RESULT: {}
COMMAND: POST /session/601af62cb68afff6944e8a635357ab53/element - {"using":"css selector","value":"#j_username"}
COMMAND: POST /session/601af62cb68afff6944e8a635357ab53/url - {"url":"https://qa-testing-00-live-etm-ui.cfapps.eu10-004.hana.ondemand.com/"}
RESULT: {"using":"css selector","value":"#j_username"}
COMMAND: POST /session/601af62cb68afff6944e8a635357ab53/element - {"using":"css selector","value":"#j_username"}
RESULT: {"url":"https://qa-testing-00-live-etm-ui.cfapps.eu10-004.hana.ondemand.com/"}
RESULT: undefined
COMMAND: GET /session/601af62cb68afff6944e8a635357ab53/screenshot - {}
RESULT: {"using":"css selector","value":"#j_username"}
COMMAND: POST /session/601af62cb68afff6944e8a635357ab53/element - {"using":"css selector","value":"#shell-header-logo"}
RESULT: {}
RESULT: {"using":"css selector","value":"#shell-header-logo"}
COMMAND: POST /session/601af62cb68afff6944e8a635357ab53/execute/sync - {"script":"<script> [8489 bytes]","args":[{"element-6066-11e4-a52e-4f735466cecf":"f.2CF887CE126DC6B338BD3A7C0EF1B7FC.d.0C3C685C570281881663857C38463A42.e.7875","ELEMENT":"f.2CF887CE126DC6B338BD3A7C0EF1B7FC.d.0C3C685C570281881663857C38463A42.e.7875"}]}
RESULT: {"script":"<script> [8489 bytes]","args":[{"element-6066-11e4-a52e-4f735466cecf":"f.2CF887CE126DC6B338BD3A7C0EF1B7FC.d.0C3C685C570281881663857C38463A42.e.7875","ELEMENT":"f.2CF887CE126DC6B338BD3A7C0EF1B7FC.d.0C3C685C570281881663857C38463A42.e.7875"}]}
COMMAND: POST /session/601af62cb68afff6944e8a635357ab53/element - {"using":"css selector","value":"#shell-header-logo"}
COMMAND: GET /session/601af62cb68afff6944e8a635357ab53/screenshot - {}
RESULT: {"using":"css selector","value":"#shell-header-logo"}
COMMAND: POST /session/601af62cb68afff6944e8a635357ab53/execute/sync - {"script":"<script> [8489 bytes]","args":[{"element-6066-11e4-a52e-4f735466cecf":"f.2CF887CE126DC6B338BD3A7C0EF1B7FC.d.0C3C685C570281881663857C38463A42.e.7875","ELEMENT":"f.2CF887CE126DC6B338BD3A7C0EF1B7FC.d.0C3C685C570281881663857C38463A42.e.7875"}]}
RESULT: {}
RESULT: {"script":"<script> [8489 bytes]","args":[{"element-6066-11e4-a52e-4f735466cecf":"f.2CF887CE126DC6B338BD3A7C0EF1B7FC.d.0C3C685C570281881663857C38463A42.e.7875","ELEMENT":"f.2CF887CE126DC6B338BD3A7C0EF1B7FC.d.0C3C685C570281881663857C38463A42.e.7875"}]}
COMMAND: POST /session/601af62cb68afff6944e8a635357ab53/execute/sync - {"script":"<script> [5351 bytes]","args":[{"element-6066-11e4-a52e-4f735466cecf":"f.2CF887CE126DC6B338BD3A7C0EF1B7FC.d.0C3C685C570281881663857C38463A42.e.7875","ELEMENT":"f.2CF887CE126DC6B338BD3A7C0EF1B7FC.d.0C3C685C570281881663857C38463A42.e.7875"}]}
COMMAND: GET /session/601af62cb68afff6944e8a635357ab53/screenshot - {}
RESULT: {"script":"<script> [5351 bytes]","args":[{"element-6066-11e4-a52e-4f735466cecf":"f.2CF887CE126DC6B338BD3A7C0EF1B7FC.d.0C3C685C570281881663857C38463A42.e.7875","ELEMENT":"f.2CF887CE126DC6B338BD3A7C0EF1B7FC.d.0C3C685C570281881663857C38463A42.e.7875"}]}
COMMAND: POST /session/601af62cb68afff6944e8a635357ab53/element - {"using":"css selector","value":"#shell-header-logo"}
COMMAND: GET /session/601af62cb68afff6944e8a635357ab53/screenshot - {}
RESULT: {}
RESULT: {"using":"css selector","value":"#shell-header-logo"}
COMMAND: POST /session/601af62cb68afff6944e8a635357ab53/element/f.2CF887CE126DC6B338BD3A7C0EF1B7FC.d.0C3C685C570281881663857C38463A42.e.7875/click - {}
RESULT: {}
RESULT: {}
COMMAND: GET /session/601af62cb68afff6944e8a635357ab53/screenshot - {}
RESULT: {}
COMMAND: POST /session/601af62cb68afff6944e8a635357ab53/execute/async - {"script":"<script> [189 bytes]","args":[]}
RESULT: {"script":"<script> [189 bytes]","args":[]}
COMMAND: POST /session/601af62cb68afff6944e8a635357ab53/execute/async - {"script":"<script> [123 bytes]","args":[]}
RESULT: {"script":"<script> [123 bytes]","args":[]}
COMMAND: POST /session/601af62cb68afff6944e8a635357ab53/timeouts - {"script":"<number>"}
RESULT: {"script":"<number>"}
COMMAND: GET /session/601af62cb68afff6944e8a635357ab53/timeouts - {}
RESULT: {}
RESULT: undefined
COMMAND: POST /session/601af62cb68afff6944e8a635357ab53/execute/async - {"script":"<script> [2676 bytes]","args":[]}
RESULT: {"script":"<script> [2676 bytes]","args":[]}
COMMAND: POST /session/601af62cb68afff6944e8a635357ab53/execute/async - {"script":"<script> [2342 bytes]","args":[{"protocol":"http","hostname":"0.0.0.0","path":"/","capabilities":{"browserName":"chrome","goog:chromeOptions":{"binary":"C:\\Program Files\\Google\\Chrome\\Application\\chrome.exe","args":["--start-maximized"]}},"logLevel":"warn","connectionRetryTimeout":120000,"connectionRetryCount":3,"logLevels":{},"enableDirectConnect":true,"strictSSL":true,"_":"65 more keys: [\"cacheDir\",\"port\",\"requestedCapabilities\",\"automationProtocol\",\"baseUrl\",\"waitforInterval\",\"waitforTimeout\",\"onReload\",\"beforeCommand\",\"afterCommand\",\"rootDir\",\"specs\",\"suites\",\"exclude\",\"groupLogsByTestSpec\",\"excludeDriverLogs\",\"bail\",\"framework\",\"reporters\",\"services\",\"maxInstances\",\"maxInstancesPerCapability\",\"injectGlobals\",\"filesToWatch\",\"execArgv\",\"runnerEnv\",\"runner\",\"shard\",\"specFileRetries\",\"specFileRetriesDelay\",\"specFileRetriesDeferred\",\"reporterSyncInterval\",\"reporterSyncTimeout\",\"cucumberFeaturesWithLineNumbers\",\"autoCompileOpts\",\"mochaOpts\",\"jasmineOpts\",\"cucumberOpts\",\"onPrepare\",\"onWorkerStart\",\"onWorkerEnd\",\"before\",\"beforeSession\",\"beforeSuite\",\"beforeHook\",\"beforeTest\",\"afterTest\",\"afterHook\",\"afterSuite\",\"afterSession\",\"after\",\"onComplete\",\"beforeAssertion\",\"afterAssertion\",\"beforeFeature\",\"beforeScenario\",\"beforeStep\",\"afterStep\",\"afterScenario\",\"afterFeature\",\"_\",\"suite\",\"$0\",\"ignoredWorkerServices\",\"wdi5\"]"}]}
RESULT: {"script":"<script> [2342 bytes]","args":[{"protocol":"http","hostname":"0.0.0.0","path":"/","capabilities":{"browserName":"chrome","goog:chromeOptions":{"binary":"C:\\Program Files\\Google\\Chrome\\Application\\chrome.exe","args":["--start-maximized"]}},"logLevel":"warn","connectionRetryTimeout":120000,"connectionRetryCount":3,"logLevels":{},"enableDirectConnect":true,"strictSSL":true,"_":"65 more keys: [\"cacheDir\",\"port\",\"requestedCapabilities\",\"automationProtocol\",\"baseUrl\",\"waitforInterval\",\"waitforTimeout\",\"onReload\",\"beforeCommand\",\"afterCommand\",\"rootDir\",\"specs\",\"suites\",\"exclude\",\"groupLogsByTestSpec\",\"excludeDriverLogs\",\"bail\",\"framework\",\"reporters\",\"services\",\"maxInstances\",\"maxInstancesPerCapability\",\"injectGlobals\",\"filesToWatch\",\"execArgv\",\"runnerEnv\",\"runner\",\"shard\",\"specFileRetries\",\"specFileRetriesDelay\",\"specFileRetriesDeferred\",\"reporterSyncInterval\",\"reporterSyncTimeout\",\"cucumberFeaturesWithLineNumbers\",\"autoCompileOpts\",\"mochaOpts\",\"jasmineOpts\",\"cucumberOpts\",\"onPrepare\",\"onWorkerStart\",\"onWorkerEnd\",\"before\",\"beforeSession\",\"beforeSuite\",\"beforeHook\",\"beforeTest\",\"afterTest\",\"afterHook\",\"afterSuite\",\"afterSession\",\"after\",\"onComplete\",\"beforeAssertion\",\"afterAssertion\",\"beforeFeature\",\"beforeScenario\",\"beforeStep\",\"afterStep\",\"afterScenario\",\"afterFeature\",\"_\",\"suite\",\"$0\",\"ignoredWorkerServices\",\"wdi5\"]"}]}
COMMAND: POST /session/601af62cb68afff6944e8a635357ab53/execute/async - {"script":"<script> [21126 bytes]","args":[35000]}
RESULT: {"script":"<script> [21126 bytes]","args":[35000]}
COMMAND: POST /session/601af62cb68afff6944e8a635357ab53/window/maximize - {}
RESULT: {}
COMMAND: POST /session/601af62cb68afff6944e8a635357ab53/execute/async - {"script":"<script> [1562 bytes]","args":[{"selector":{"id":"shell-header","interaction":{"idSuffix":"icon"}},"wdio_ui5_key":"shellheader"}]}
COMMAND: GET /session/601af62cb68afff6944e8a635357ab53/screenshot - {}
RESULT: {"script":"<script> [1562 bytes]","args":[{"selector":{"id":"shell-header","interaction":{"idSuffix":"icon"}},"wdio_ui5_key":"shellheader"}]}
RESULT: undefined
COMMAND: POST /session/601af62cb68afff6944e8a635357ab53/window/fullscreen - {}
RESULT: {}
RESULT: {}
]]></system-out>
    </testcase>
  </testsuite>
  <testsuite timestamp="2025-05-14T16:52:02" time="129.014" tests="6" failures="0" errors="0" skipped="0">
    <properties>
      <property name="specId" value="0" />
      <property name="suiteName" value="Provide to Site w/ warehouse management w/o clarification US113782 " />
      <property name="capabilities" value="chrome.136_0_7103_49.windows" />
      <property name="file" value="file:///D:/a/1/s/test/specs/HTR/provide-to-site-w-warehouse-wo-clarification.spec.js" />
    </properties>
    <testcase classname="chrome.136_0_7103_49.windows.Provide_to_Site_w/_warehouse_management_w/o_clarification_US113782_" name="Should create a new WHM yard" time="0.011">
      <system-out><![CDATA[
COMMAND: POST /session/601af62cb68afff6944e8a635357ab53/window/fullscreen - {}
RESULT: {}
]]></system-out>
    </testcase>
    <testcase classname="chrome.136_0_7103_49.windows.Provide_to_Site_w/_warehouse_management_w/o_clarification_US113782_" name="Should create a new external WHM partner" time="0.004" />
    <testcase classname="chrome.136_0_7103_49.windows.Provide_to_Site_w/_warehouse_management_w/o_clarification_US113782_" name="Should create a new WHM site" time="0.003" />
    <testcase classname="chrome.136_0_7103_49.windows.Provide_to_Site_w/_warehouse_management_w/o_clarification_US113782_" name="Should create a new material" time="114.7">
      <system-out><![CDATA[
COMMAND: POST /session/601af62cb68afff6944e8a635357ab53/execute/async - {"script":"<script> [1562 bytes]","args":[{"selector":{"controlType":"sap.m.GenericTile","properties":{"header":"Manage Resources"}},"wdio_ui5_key":"sapm.GenericTile{\"header\":\"Manage Resources\"}"}]}
RESULT: {"script":"<script> [1562 bytes]","args":[{"selector":{"controlType":"sap.m.GenericTile","properties":{"header":"Manage Resources"}},"wdio_ui5_key":"sapm.GenericTile{\"header\":\"Manage Resources\"}"}]}
RESULT: undefined
COMMAND: POST /session/601af62cb68afff6944e8a635357ab53/element - {"using":"xpath","value":"//*[@id=\"__tile31\"]"}
RESULT: {"using":"xpath","value":"//*[@id=\"__tile31\"]"}
COMMAND: POST /session/601af62cb68afff6944e8a635357ab53/element/f.2CF887CE126DC6B338BD3A7C0EF1B7FC.d.0C3C685C570281881663857C38463A42.e.7894/click - {}
RESULT: {}
COMMAND: GET /session/601af62cb68afff6944e8a635357ab53/screenshot - {}
RESULT: {}
COMMAND: POST /session/601af62cb68afff6944e8a635357ab53/elements - {"using":"xpath","value":"//span[text()='Error']"}
RESULT: {"using":"xpath","value":"//span[text()='Error']"}
COMMAND: POST /session/601af62cb68afff6944e8a635357ab53/element - {"using":"xpath","value":"//button[@data-kt=\"addNewRUOverflowToolbarButton\"]"}
RESULT: {"using":"xpath","value":"//button[@data-kt=\"addNewRUOverflowToolbarButton\"]"}
COMMAND: POST /session/601af62cb68afff6944e8a635357ab53/elements - {"using":"xpath","value":"//button[@data-kt=\"addNewRUOverflowToolbarButton\"]"}
RESULT: {"using":"xpath","value":"//button[@data-kt=\"addNewRUOverflowToolbarButton\"]"}
COMMAND: POST /session/601af62cb68afff6944e8a635357ab53/execute/sync - {"script":"<script> [8489 bytes]","args":[{"element-6066-11e4-a52e-4f735466cecf":"f.2CF887CE126DC6B338BD3A7C0EF1B7FC.d.0C3C685C570281881663857C38463A42.e.8036","ELEMENT":"f.2CF887CE126DC6B338BD3A7C0EF1B7FC.d.0C3C685C570281881663857C38463A42.e.8036"}]}
RESULT: {"script":"<script> [8489 bytes]","args":[{"element-6066-11e4-a52e-4f735466cecf":"f.2CF887CE126DC6B338BD3A7C0EF1B7FC.d.0C3C685C570281881663857C38463A42.e.8036","ELEMENT":"f.2CF887CE126DC6B338BD3A7C0EF1B7FC.d.0C3C685C570281881663857C38463A42.e.8036"}]}
COMMAND: GET /session/601af62cb68afff6944e8a635357ab53/element/f.2CF887CE126DC6B338BD3A7C0EF1B7FC.d.0C3C685C570281881663857C38463A42.e.8036/enabled - {}
COMMAND: GET /session/601af62cb68afff6944e8a635357ab53/screenshot - {}
RESULT: {}
COMMAND: POST /session/601af62cb68afff6944e8a635357ab53/execute/sync - {"script":"<script> [8489 bytes]","args":[{"element-6066-11e4-a52e-4f735466cecf":"f.2CF887CE126DC6B338BD3A7C0EF1B7FC.d.0C3C685C570281881663857C38463A42.e.8036","ELEMENT":"f.2CF887CE126DC6B338BD3A7C0EF1B7FC.d.0C3C685C570281881663857C38463A42.e.8036"}]}
COMMAND: GET /session/601af62cb68afff6944e8a635357ab53/screenshot - {}
RESULT: {}
RESULT: {"script":"<script> [8489 bytes]","args":[{"element-6066-11e4-a52e-4f735466cecf":"f.2CF887CE126DC6B338BD3A7C0EF1B7FC.d.0C3C685C570281881663857C38463A42.e.8036","ELEMENT":"f.2CF887CE126DC6B338BD3A7C0EF1B7FC.d.0C3C685C570281881663857C38463A42.e.8036"}]}
COMMAND: POST /session/601af62cb68afff6944e8a635357ab53/execute/sync - {"script":"<script> [5351 bytes]","args":[{"element-6066-11e4-a52e-4f735466cecf":"f.2CF887CE126DC6B338BD3A7C0EF1B7FC.d.0C3C685C570281881663857C38463A42.e.8036","ELEMENT":"f.2CF887CE126DC6B338BD3A7C0EF1B7FC.d.0C3C685C570281881663857C38463A42.e.8036"}]}
COMMAND: GET /session/601af62cb68afff6944e8a635357ab53/screenshot - {}
RESULT: {}
RESULT: {"script":"<script> [5351 bytes]","args":[{"element-6066-11e4-a52e-4f735466cecf":"f.2CF887CE126DC6B338BD3A7C0EF1B7FC.d.0C3C685C570281881663857C38463A42.e.8036","ELEMENT":"f.2CF887CE126DC6B338BD3A7C0EF1B7FC.d.0C3C685C570281881663857C38463A42.e.8036"}]}
COMMAND: POST /session/601af62cb68afff6944e8a635357ab53/element/f.2CF887CE126DC6B338BD3A7C0EF1B7FC.d.0C3C685C570281881663857C38463A42.e.8036/click - {}
COMMAND: GET /session/601af62cb68afff6944e8a635357ab53/screenshot - {}
RESULT: {}
RESULT: {}
COMMAND: GET /session/601af62cb68afff6944e8a635357ab53/screenshot - {}
RESULT: {}
RESULT: {}
COMMAND: POST /session/601af62cb68afff6944e8a635357ab53/execute/async - {"script":"<script> [1562 bytes]","args":[{"selector":{"id":"application-manageresources-display-component---newResourceUnit--TYPE-arrow"},"wdio_ui5_key":"applicationmanageresources-display-component---newResourceUnit--TYPE-arrow"}]}
RESULT: {"script":"<script> [1562 bytes]","args":[{"selector":{"id":"application-manageresources-display-component---newResourceUnit--TYPE-arrow"},"wdio_ui5_key":"applicationmanageresources-display-component---newResourceUnit--TYPE-arrow"}]}
RESULT: undefined
COMMAND: POST /session/601af62cb68afff6944e8a635357ab53/element - {"using":"xpath","value":"//*[@id=\"application-manageresources-display-component---newResourceUnit--TYPE-arrow\"]"}
RESULT: {"using":"xpath","value":"//*[@id=\"application-manageresources-display-component---newResourceUnit--TYPE-arrow\"]"}
COMMAND: POST /session/601af62cb68afff6944e8a635357ab53/element/f.2CF887CE126DC6B338BD3A7C0EF1B7FC.d.0C3C685C570281881663857C38463A42.e.8392/click - {}
RESULT: {}
COMMAND: POST /session/601af62cb68afff6944e8a635357ab53/element - {"using":"xpath","value":"//input[@id=\"application-manageresources-display-component---newResourceUnit--TYPE-inner\"]"}
COMMAND: GET /session/601af62cb68afff6944e8a635357ab53/screenshot - {}
RESULT: {"using":"xpath","value":"//input[@id=\"application-manageresources-display-component---newResourceUnit--TYPE-inner\"]"}
COMMAND: POST /session/601af62cb68afff6944e8a635357ab53/element/f.2CF887CE126DC6B338BD3A7C0EF1B7FC.d.0C3C685C570281881663857C38463A42.e.8374/clear - {}
RESULT: {}
RESULT: {}
COMMAND: POST /session/601af62cb68afff6944e8a635357ab53/element/f.2CF887CE126DC6B338BD3A7C0EF1B7FC.d.0C3C685C570281881663857C38463A42.e.8374/value - {"text":"Material"}
COMMAND: GET /session/601af62cb68afff6944e8a635357ab53/screenshot - {}
RESULT: {"text":"Material"}
COMMAND: GET /session/601af62cb68afff6944e8a635357ab53/screenshot - {}
RESULT: {}
RESULT: {}
COMMAND: POST /session/601af62cb68afff6944e8a635357ab53/actions - {"actions":[{"id":"action29","type":"key","parameters":{},"actions":[{"type":"keyDown","value":"î€‡"},{"type":"pause","duration":10},{"type":"keyUp","value":"î€‡"}]}]}
RESULT: {"actions":[{"id":"action29","type":"key","parameters":{},"actions":[{"type":"keyDown","value":"î€‡"},{"type":"pause","duration":10},{"type":"keyUp","value":"î€‡"}]}]}
COMMAND: POST /session/601af62cb68afff6944e8a635357ab53/execute/async - {"script":"<script> [1562 bytes]","args":[{"selector":{"id":"application-manageresources-display-component---newResourceUnit--SHORT_TEXT","interaction":{"idSuffix":"inner"}},"wdio_ui5_key":"applicationmanageresources-display-component---newResourceUnit--SHORT_TEXT"}]}
COMMAND: GET /session/601af62cb68afff6944e8a635357ab53/screenshot - {}
RESULT: {"script":"<script> [1562 bytes]","args":[{"selector":{"id":"application-manageresources-display-component---newResourceUnit--SHORT_TEXT","interaction":{"idSuffix":"inner"}},"wdio_ui5_key":"applicationmanageresources-display-component---newResourceUnit--SHORT_TEXT"}]}
RESULT: undefined
COMMAND: POST /session/601af62cb68afff6944e8a635357ab53/execute/async - {"script":"<script> [776 bytes]","args":[{"enterText":"Cement WDIO","selector":{"id":"application-manageresources-display-component---newResourceUnit--SHORT_TEXT","interaction":{"idSuffix":"inner"}},"clearTextFirst":true,"interactionType":"ENTER_TEXT"}]}
RESULT: {}
RESULT: {"script":"<script> [776 bytes]","args":[{"enterText":"Cement WDIO","selector":{"id":"application-manageresources-display-component---newResourceUnit--SHORT_TEXT","interaction":{"idSuffix":"inner"}},"clearTextFirst":true,"interactionType":"ENTER_TEXT"}]}
COMMAND: POST /session/601af62cb68afff6944e8a635357ab53/execute/async - {"script":"<script> [1562 bytes]","args":[{"selector":{"id":"application-manageresources-display-component---newResourceUnit--BASE_UNIT_OF_MEASURE","interaction":{"idSuffix":"inner"}},"wdio_ui5_key":"applicationmanageresources-display-component---newResourceUnit--BASE_UNIT_OF_MEASURE"}]}
RESULT: {"script":"<script> [1562 bytes]","args":[{"selector":{"id":"application-manageresources-display-component---newResourceUnit--BASE_UNIT_OF_MEASURE","interaction":{"idSuffix":"inner"}},"wdio_ui5_key":"applicationmanageresources-display-component---newResourceUnit--BASE_UNIT_OF_MEASURE"}]}
RESULT: undefined
COMMAND: POST /session/601af62cb68afff6944e8a635357ab53/execute/async - {"script":"<script> [776 bytes]","args":[{"enterText":"Piece","selector":{"id":"application-manageresources-display-component---newResourceUnit--BASE_UNIT_OF_MEASURE","interaction":{"idSuffix":"inner"}},"clearTextFirst":true,"interactionType":"ENTER_TEXT"}]}
RESULT: {"script":"<script> [776 bytes]","args":[{"enterText":"Piece","selector":{"id":"application-manageresources-display-component---newResourceUnit--BASE_UNIT_OF_MEASURE","interaction":{"idSuffix":"inner"}},"clearTextFirst":true,"interactionType":"ENTER_TEXT"}]}
COMMAND: POST /session/601af62cb68afff6944e8a635357ab53/execute/async - {"script":"<script> [1562 bytes]","args":[{"selector":{"id":"application-manageresources-display-component---newResourceUnit--WEIGHT_UNIT","interaction":{"idSuffix":"inner"}},"wdio_ui5_key":"applicationmanageresources-display-component---newResourceUnit--WEIGHT_UNIT"}]}
RESULT: {"script":"<script> [1562 bytes]","args":[{"selector":{"id":"application-manageresources-display-component---newResourceUnit--WEIGHT_UNIT","interaction":{"idSuffix":"inner"}},"wdio_ui5_key":"applicationmanageresources-display-component---newResourceUnit--WEIGHT_UNIT"}]}
RESULT: undefined
COMMAND: POST /session/601af62cb68afff6944e8a635357ab53/execute/async - {"script":"<script> [776 bytes]","args":[{"enterText":"Gram","selector":{"id":"application-manageresources-display-component---newResourceUnit--WEIGHT_UNIT","interaction":{"idSuffix":"inner"}},"clearTextFirst":true,"interactionType":"ENTER_TEXT"}]}
RESULT: {"script":"<script> [776 bytes]","args":[{"enterText":"Gram","selector":{"id":"application-manageresources-display-component---newResourceUnit--WEIGHT_UNIT","interaction":{"idSuffix":"inner"}},"clearTextFirst":true,"interactionType":"ENTER_TEXT"}]}
COMMAND: POST /session/601af62cb68afff6944e8a635357ab53/execute/async - {"script":"<script> [1562 bytes]","args":[{"selector":{"id":"application-manageresources-display-component---newResourceUnit--DIMENSION_UNIT","interaction":{"idSuffix":"inner"}},"wdio_ui5_key":"applicationmanageresources-display-component---newResourceUnit--DIMENSION_UNIT"}]}
RESULT: {"script":"<script> [1562 bytes]","args":[{"selector":{"id":"application-manageresources-display-component---newResourceUnit--DIMENSION_UNIT","interaction":{"idSuffix":"inner"}},"wdio_ui5_key":"applicationmanageresources-display-component---newResourceUnit--DIMENSION_UNIT"}]}
RESULT: undefined
COMMAND: POST /session/601af62cb68afff6944e8a635357ab53/execute/async - {"script":"<script> [776 bytes]","args":[{"enterText":"Meter","selector":{"id":"application-manageresources-display-component---newResourceUnit--DIMENSION_UNIT","interaction":{"idSuffix":"inner"}},"clearTextFirst":true,"interactionType":"ENTER_TEXT"}]}
RESULT: {"script":"<script> [776 bytes]","args":[{"enterText":"Meter","selector":{"id":"application-manageresources-display-component---newResourceUnit--DIMENSION_UNIT","interaction":{"idSuffix":"inner"}},"clearTextFirst":true,"interactionType":"ENTER_TEXT"}]}
COMMAND: POST /session/601af62cb68afff6944e8a635357ab53/execute/async - {"script":"<script> [1562 bytes]","args":[{"selector":{"id":"application-manageresources-display-component---newResourceUnit--newRRUPage-anchBar-application-manageresources-display-component---newResourceUnit--control-anchor","interaction":{"idSuffix":"BDI-content"}},"wdio_ui5_key":"applicationmanageresources-display-component---newResourceUnit--newRRUPage-anchBar-application-manageresources-display-component---newResourceUnit--control-anchor"}]}
RESULT: {"script":"<script> [1562 bytes]","args":[{"selector":{"id":"application-manageresources-display-component---newResourceUnit--newRRUPage-anchBar-application-manageresources-display-component---newResourceUnit--control-anchor","interaction":{"idSuffix":"BDI-content"}},"wdio_ui5_key":"applicationmanageresources-display-component---newResourceUnit--newRRUPage-anchBar-application-manageresources-display-component---newResourceUnit--control-anchor"}]}
RESULT: undefined
COMMAND: POST /session/601af62cb68afff6944e8a635357ab53/element - {"using":"xpath","value":"//*[@id=\"application-manageresources-display-component---newResourceUnit--newRRUPage-anchBar-application-manageresources-display-component---newResourceUnit--control-anchor\"]"}
RESULT: {"using":"xpath","value":"//*[@id=\"application-manageresources-display-component---newResourceUnit--newRRUPage-anchBar-application-manageresources-display-component---newResourceUnit--control-anchor\"]"}
COMMAND: POST /session/601af62cb68afff6944e8a635357ab53/element/f.2CF887CE126DC6B338BD3A7C0EF1B7FC.d.0C3C685C570281881663857C38463A42.e.8458/click - {}
RESULT: {}
COMMAND: POST /session/601af62cb68afff6944e8a635357ab53/execute/async - {"script":"<script> [1562 bytes]","args":[{"selector":{"id":"application-manageresources-display-component---newResourceUnit--PLANNING_GROUP","interaction":{"idSuffix":"inner"}},"wdio_ui5_key":"applicationmanageresources-display-component---newResourceUnit--PLANNING_GROUP"}]}
COMMAND: GET /session/601af62cb68afff6944e8a635357ab53/screenshot - {}
RESULT: {"script":"<script> [1562 bytes]","args":[{"selector":{"id":"application-manageresources-display-component---newResourceUnit--PLANNING_GROUP","interaction":{"idSuffix":"inner"}},"wdio_ui5_key":"applicationmanageresources-display-component---newResourceUnit--PLANNING_GROUP"}]}
RESULT: undefined
COMMAND: POST /session/601af62cb68afff6944e8a635357ab53/execute/async - {"script":"<script> [776 bytes]","args":[{"enterText":"Material","selector":{"id":"application-manageresources-display-component---newResourceUnit--PLANNING_GROUP","interaction":{"idSuffix":"inner"}},"clearTextFirst":true,"interactionType":"ENTER_TEXT"}]}
RESULT: {}
RESULT: {"script":"<script> [776 bytes]","args":[{"enterText":"Material","selector":{"id":"application-manageresources-display-component---newResourceUnit--PLANNING_GROUP","interaction":{"idSuffix":"inner"}},"clearTextFirst":true,"interactionType":"ENTER_TEXT"}]}
COMMAND: POST /session/601af62cb68afff6944e8a635357ab53/execute/async - {"script":"<script> [1562 bytes]","args":[{"selector":{"id":"application-manageresources-display-component---newResourceUnit--PLANNING_INDICATOR","interaction":{"idSuffix":"inner"}},"wdio_ui5_key":"applicationmanageresources-display-component---newResourceUnit--PLANNING_INDICATOR"}]}
RESULT: {"script":"<script> [1562 bytes]","args":[{"selector":{"id":"application-manageresources-display-component---newResourceUnit--PLANNING_INDICATOR","interaction":{"idSuffix":"inner"}},"wdio_ui5_key":"applicationmanageresources-display-component---newResourceUnit--PLANNING_INDICATOR"}]}
RESULT: undefined
COMMAND: POST /session/601af62cb68afff6944e8a635357ab53/execute/async - {"script":"<script> [776 bytes]","args":[{"enterText":"10 - infinite","selector":{"id":"application-manageresources-display-component---newResourceUnit--PLANNING_INDICATOR","interaction":{"idSuffix":"inner"}},"clearTextFirst":true,"interactionType":"ENTER_TEXT"}]}
RESULT: {"script":"<script> [776 bytes]","args":[{"enterText":"10 - infinite","selector":{"id":"application-manageresources-display-component---newResourceUnit--PLANNING_INDICATOR","interaction":{"idSuffix":"inner"}},"clearTextFirst":true,"interactionType":"ENTER_TEXT"}]}
COMMAND: POST /session/601af62cb68afff6944e8a635357ab53/element - {"using":"css selector","value":"#application-manageresources-display-component---newResourceUnit--btnAddTimeSegment"}
RESULT: {"using":"css selector","value":"#application-manageresources-display-component---newResourceUnit--btnAddTimeSegment"}
COMMAND: GET /session/601af62cb68afff6944e8a635357ab53/element/f.2CF887CE126DC6B338BD3A7C0EF1B7FC.d.0C3C685C570281881663857C38463A42.e.8467/rect - {}
RESULT: {}
COMMAND: GET /session/601af62cb68afff6944e8a635357ab53/window/rect - {}
RESULT: {}
COMMAND: POST /session/601af62cb68afff6944e8a635357ab53/execute/sync - {"script":"<script> [92 bytes]","args":[]}
RESULT: {"script":"<script> [92 bytes]","args":[]}
COMMAND: POST /session/601af62cb68afff6944e8a635357ab53/actions - {"actions":[{"id":"action30","type":"wheel","parameters":{},"actions":[{"type":"scroll","x":-1888,"y":-32,"deltaX":0,"deltaY":0,"duration":0,"origin":{"element-6066-11e4-a52e-4f735466cecf":"f.2CF887CE126DC6B338BD3A7C0EF1B7FC.d.0C3C685C570281881663857C38463A42.e.8467"}}]}]}
COMMAND: GET /session/601af62cb68afff6944e8a635357ab53/screenshot - {}
RESULT: {}
COMMAND: POST /session/601af62cb68afff6944e8a635357ab53/execute/sync - {"script":"<script> [79 bytes]","args":[{"element-6066-11e4-a52e-4f735466cecf":"f.2CF887CE126DC6B338BD3A7C0EF1B7FC.d.0C3C685C570281881663857C38463A42.e.8467","ELEMENT":"f.2CF887CE126DC6B338BD3A7C0EF1B7FC.d.0C3C685C570281881663857C38463A42.e.8467"},{"block":"start","inline":"nearest"}]}
RESULT: {"script":"<script> [79 bytes]","args":[{"element-6066-11e4-a52e-4f735466cecf":"f.2CF887CE126DC6B338BD3A7C0EF1B7FC.d.0C3C685C570281881663857C38463A42.e.8467","ELEMENT":"f.2CF887CE126DC6B338BD3A7C0EF1B7FC.d.0C3C685C570281881663857C38463A42.e.8467"},{"block":"start","inline":"nearest"}]}
COMMAND: POST /session/601af62cb68afff6944e8a635357ab53/execute/async - {"script":"<script> [1562 bytes]","args":[{"selector":{"id":"application-manageresources-display-component---newResourceUnit--btnAddTimeSegment","interaction":{"idSuffix":"inner"}},"wdio_ui5_key":"applicationmanageresources-display-component---newResourceUnit--btnAddTimeSegment"}]}
COMMAND: GET /session/601af62cb68afff6944e8a635357ab53/screenshot - {}
RESULT: {"script":"<script> [1562 bytes]","args":[{"selector":{"id":"application-manageresources-display-component---newResourceUnit--btnAddTimeSegment","interaction":{"idSuffix":"inner"}},"wdio_ui5_key":"applicationmanageresources-display-component---newResourceUnit--btnAddTimeSegment"}]}
RESULT: undefined
COMMAND: POST /session/601af62cb68afff6944e8a635357ab53/element - {"using":"xpath","value":"//*[@id=\"application-manageresources-display-component---newResourceUnit--btnAddTimeSegment\"]"}
RESULT: {}
RESULT: {"using":"xpath","value":"//*[@id=\"application-manageresources-display-component---newResourceUnit--btnAddTimeSegment\"]"}
COMMAND: POST /session/601af62cb68afff6944e8a635357ab53/element/f.2CF887CE126DC6B338BD3A7C0EF1B7FC.d.0C3C685C570281881663857C38463A42.e.8467/click - {}
RESULT: {}
COMMAND: GET /session/601af62cb68afff6944e8a635357ab53/screenshot - {}
RESULT: {}
COMMAND: POST /session/601af62cb68afff6944e8a635357ab53/element - {"using":"xpath","value":"//input[@id=\"application-manageresources-display-component---newResourceUnit--idRuTSAdmin-application-manageresources-display-component---newResourceUnit--RUTimeSegment-0-inner\"]"}
RESULT: {"using":"xpath","value":"//input[@id=\"application-manageresources-display-component---newResourceUnit--idRuTSAdmin-application-manageresources-display-component---newResourceUnit--RUTimeSegment-0-inner\"]"}
COMMAND: POST /session/601af62cb68afff6944e8a635357ab53/element/f.2CF887CE126DC6B338BD3A7C0EF1B7FC.d.0C3C685C570281881663857C38463A42.e.8472/clear - {}
RESULT: {}
COMMAND: POST /session/601af62cb68afff6944e8a635357ab53/element/f.2CF887CE126DC6B338BD3A7C0EF1B7FC.d.0C3C685C570281881663857C38463A42.e.8472/value - {"text":"356"}
COMMAND: GET /session/601af62cb68afff6944e8a635357ab53/screenshot - {}
RESULT: {"text":"356"}
COMMAND: GET /session/601af62cb68afff6944e8a635357ab53/screenshot - {}
RESULT: {}
RESULT: {}
COMMAND: POST /session/601af62cb68afff6944e8a635357ab53/element - {"using":"xpath","value":"//li[.//span[text()='356']]"}
RESULT: {"using":"xpath","value":"//li[.//span[text()='356']]"}
COMMAND: POST /session/601af62cb68afff6944e8a635357ab53/element/f.2CF887CE126DC6B338BD3A7C0EF1B7FC.d.0C3C685C570281881663857C38463A42.e.8481/click - {}
RESULT: {}
COMMAND: GET /session/601af62cb68afff6944e8a635357ab53/screenshot - {}
RESULT: {}
COMMAND: POST /session/601af62cb68afff6944e8a635357ab53/element - {"using":"xpath","value":"(//span[contains(@id, \"-application-manageresources-display-component---newResourceUnit--RUTimeSegment-0-arrow\")])[2]"}
RESULT: {"using":"xpath","value":"(//span[contains(@id, \"-application-manageresources-display-component---newResourceUnit--RUTimeSegment-0-arrow\")])[2]"}
COMMAND: POST /session/601af62cb68afff6944e8a635357ab53/element/f.2CF887CE126DC6B338BD3A7C0EF1B7FC.d.0C3C685C570281881663857C38463A42.e.8482/click - {}
RESULT: {}
COMMAND: POST /session/601af62cb68afff6944e8a635357ab53/element - {"using":"xpath","value":"//span[contains(text(), \"PM Order\")]"}
COMMAND: GET /session/601af62cb68afff6944e8a635357ab53/screenshot - {}
RESULT: {"using":"xpath","value":"//span[contains(text(), \"PM Order\")]"}
COMMAND: POST /session/601af62cb68afff6944e8a635357ab53/element/f.2CF887CE126DC6B338BD3A7C0EF1B7FC.d.0C3C685C570281881663857C38463A42.e.8483/click - {}
RESULT: {}
RESULT: {}
COMMAND: GET /session/601af62cb68afff6944e8a635357ab53/screenshot - {}
RESULT: {}
COMMAND: POST /session/601af62cb68afff6944e8a635357ab53/element - {"using":"xpath","value":"//td/div/div/div/span[contains(@id, \"newResourceUnit--RUTimeSegment-0-vhi\")][1]"}
RESULT: {"using":"xpath","value":"//td/div/div/div/span[contains(@id, \"newResourceUnit--RUTimeSegment-0-vhi\")][1]"}
COMMAND: GET /session/601af62cb68afff6944e8a635357ab53/element/f.2CF887CE126DC6B338BD3A7C0EF1B7FC.d.0C3C685C570281881663857C38463A42.e.8487/rect - {}
RESULT: {}
COMMAND: GET /session/601af62cb68afff6944e8a635357ab53/window/rect - {}
RESULT: {}
COMMAND: POST /session/601af62cb68afff6944e8a635357ab53/execute/sync - {"script":"<script> [92 bytes]","args":[]}
RESULT: {"script":"<script> [92 bytes]","args":[]}
COMMAND: POST /session/601af62cb68afff6944e8a635357ab53/actions - {"actions":[{"id":"action31","type":"wheel","parameters":{},"actions":[{"type":"scroll","x":-1888,"y":-24,"deltaX":0,"deltaY":0,"duration":0,"origin":{"element-6066-11e4-a52e-4f735466cecf":"f.2CF887CE126DC6B338BD3A7C0EF1B7FC.d.0C3C685C570281881663857C38463A42.e.8487"}}]}]}
COMMAND: GET /session/601af62cb68afff6944e8a635357ab53/screenshot - {}
RESULT: {}
COMMAND: POST /session/601af62cb68afff6944e8a635357ab53/execute/sync - {"script":"<script> [79 bytes]","args":[{"element-6066-11e4-a52e-4f735466cecf":"f.2CF887CE126DC6B338BD3A7C0EF1B7FC.d.0C3C685C570281881663857C38463A42.e.8487","ELEMENT":"f.2CF887CE126DC6B338BD3A7C0EF1B7FC.d.0C3C685C570281881663857C38463A42.e.8487"},{"block":"start","inline":"nearest"}]}
RESULT: {"script":"<script> [79 bytes]","args":[{"element-6066-11e4-a52e-4f735466cecf":"f.2CF887CE126DC6B338BD3A7C0EF1B7FC.d.0C3C685C570281881663857C38463A42.e.8487","ELEMENT":"f.2CF887CE126DC6B338BD3A7C0EF1B7FC.d.0C3C685C570281881663857C38463A42.e.8487"},{"block":"start","inline":"nearest"}]}
COMMAND: GET /session/601af62cb68afff6944e8a635357ab53/screenshot - {}
RESULT: {}
COMMAND: POST /session/601af62cb68afff6944e8a635357ab53/element/f.2CF887CE126DC6B338BD3A7C0EF1B7FC.d.0C3C685C570281881663857C38463A42.e.8487/click - {}
RESULT: {}
COMMAND: GET /session/601af62cb68afff6944e8a635357ab53/screenshot - {}
RESULT: {}
COMMAND: POST /session/601af62cb68afff6944e8a635357ab53/execute/async - {"script":"<script> [1562 bytes]","args":[{"selector":{"controlType":"sap.m.SearchField","properties":{"placeholder":"Search"},"searchOpenDialogs":true,"interaction":{"idSuffix":"I"}},"wdio_ui5_key":"sapm.SearchField{\"placeholder\":\"Search\"}"}]}
RESULT: {"script":"<script> [1562 bytes]","args":[{"selector":{"controlType":"sap.m.SearchField","properties":{"placeholder":"Search"},"searchOpenDialogs":true,"interaction":{"idSuffix":"I"}},"wdio_ui5_key":"sapm.SearchField{\"placeholder\":\"Search\"}"}]}
RESULT: undefined
COMMAND: POST /session/601af62cb68afff6944e8a635357ab53/execute/async - {"script":"<script> [776 bytes]","args":[{"enterText":"4000360","selector":{"controlType":"sap.m.SearchField","properties":{"placeholder":"Search"},"searchOpenDialogs":true,"interaction":{"idSuffix":"I"}},"clearTextFirst":true,"interactionType":"ENTER_TEXT"}]}
RESULT: {"script":"<script> [776 bytes]","args":[{"enterText":"4000360","selector":{"controlType":"sap.m.SearchField","properties":{"placeholder":"Search"},"searchOpenDialogs":true,"interaction":{"idSuffix":"I"}},"clearTextFirst":true,"interactionType":"ENTER_TEXT"}]}
COMMAND: POST /session/601af62cb68afff6944e8a635357ab53/actions - {"actions":[{"id":"action32","type":"key","parameters":{},"actions":[{"type":"keyDown","value":"î€‡"},{"type":"pause","duration":10},{"type":"keyUp","value":"î€‡"}]}]}
RESULT: {"actions":[{"id":"action32","type":"key","parameters":{},"actions":[{"type":"keyDown","value":"î€‡"},{"type":"pause","duration":10},{"type":"keyUp","value":"î€‡"}]}]}
COMMAND: GET /session/601af62cb68afff6944e8a635357ab53/screenshot - {}
RESULT: {}
COMMAND: POST /session/601af62cb68afff6944e8a635357ab53/element - {"using":"xpath","value":"//td/div/span[contains(text(), \"BGL Vehicles\")]"}
RESULT: {"using":"xpath","value":"//td/div/span[contains(text(), \"BGL Vehicles\")]"}
COMMAND: POST /session/601af62cb68afff6944e8a635357ab53/element/f.2CF887CE126DC6B338BD3A7C0EF1B7FC.d.0C3C685C570281881663857C38463A42.e.8508/click - {}
RESULT: {}
COMMAND: GET /session/601af62cb68afff6944e8a635357ab53/screenshot - {}
RESULT: {}
COMMAND: POST /session/601af62cb68afff6944e8a635357ab53/element - {"using":"xpath","value":"//bdi[contains(text(), \"OK\")]"}
RESULT: {"using":"xpath","value":"//bdi[contains(text(), \"OK\")]"}
COMMAND: POST /session/601af62cb68afff6944e8a635357ab53/element/f.2CF887CE126DC6B338BD3A7C0EF1B7FC.d.0C3C685C570281881663857C38463A42.e.8509/click - {}
RESULT: {}
COMMAND: GET /session/601af62cb68afff6944e8a635357ab53/screenshot - {}
RESULT: {}
COMMAND: POST /session/601af62cb68afff6944e8a635357ab53/element - {"using":"xpath","value":"//label[contains(@class, 'sapMLabelRequired') and .//bdi[contains(text(), 'Planned Retirement')]]"}
RESULT: {"using":"xpath","value":"//label[contains(@class, 'sapMLabelRequired') and .//bdi[contains(text(), 'Planned Retirement')]]"}
COMMAND: POST /session/601af62cb68afff6944e8a635357ab53/elements - {"using":"xpath","value":"//label[contains(@class, 'sapMLabelRequired') and .//bdi[contains(text(), 'Planned Retirement')]]"}
RESULT: {"using":"xpath","value":"//label[contains(@class, 'sapMLabelRequired') and .//bdi[contains(text(), 'Planned Retirement')]]"}
COMMAND: POST /session/601af62cb68afff6944e8a635357ab53/element - {"using":"xpath","value":"//button[@data-kt=\"resourceUnitSaveButton\"]"}
RESULT: {"using":"xpath","value":"//button[@data-kt=\"resourceUnitSaveButton\"]"}
COMMAND: POST /session/601af62cb68afff6944e8a635357ab53/element/f.2CF887CE126DC6B338BD3A7C0EF1B7FC.d.0C3C685C570281881663857C38463A42.e.8410/click - {}
RESULT: {}
COMMAND: GET /session/601af62cb68afff6944e8a635357ab53/screenshot - {}
RESULT: {}
COMMAND: POST /session/601af62cb68afff6944e8a635357ab53/element - {"using":"xpath","value":"//bdi[contains(text(), \"Close\")]"}
RESULT: {"using":"xpath","value":"//bdi[contains(text(), \"Close\")]"}
COMMAND: POST /session/601af62cb68afff6944e8a635357ab53/element/f.2CF887CE126DC6B338BD3A7C0EF1B7FC.d.0C3C685C570281881663857C38463A42.e.8515/click - {}
RESULT: {}
COMMAND: GET /session/601af62cb68afff6944e8a635357ab53/screenshot - {}
RESULT: {}
COMMAND: POST /session/601af62cb68afff6944e8a635357ab53/element - {"using":"xpath","value":"//header[contains(@id, 'detailRruPage-headerTitle')]/div[1]/div[2]/div[2]/span[1]"}
RESULT: {"using":"xpath","value":"//header[contains(@id, 'detailRruPage-headerTitle')]/div[1]/div[2]/div[2]/span[1]"}
COMMAND: POST /session/601af62cb68afff6944e8a635357ab53/elements - {"using":"xpath","value":"//header[contains(@id, 'detailRruPage-headerTitle')]/div[1]/div[2]/div[2]/span[1]"}
RESULT: {"using":"xpath","value":"//header[contains(@id, 'detailRruPage-headerTitle')]/div[1]/div[2]/div[2]/span[1]"}
COMMAND: POST /session/601af62cb68afff6944e8a635357ab53/execute/sync - {"script":"<script> [56 bytes]","args":[{"element-6066-11e4-a52e-4f735466cecf":"f.2CF887CE126DC6B338BD3A7C0EF1B7FC.d.0C3C685C570281881663857C38463A42.e.8549","ELEMENT":"f.2CF887CE126DC6B338BD3A7C0EF1B7FC.d.0C3C685C570281881663857C38463A42.e.8549"}]}
RESULT: {"script":"<script> [56 bytes]","args":[{"element-6066-11e4-a52e-4f735466cecf":"f.2CF887CE126DC6B338BD3A7C0EF1B7FC.d.0C3C685C570281881663857C38463A42.e.8549","ELEMENT":"f.2CF887CE126DC6B338BD3A7C0EF1B7FC.d.0C3C685C570281881663857C38463A42.e.8549"}]}
COMMAND: POST /session/601af62cb68afff6944e8a635357ab53/element - {"using":"css selector","value":"#shell-header-logo"}
COMMAND: GET /session/601af62cb68afff6944e8a635357ab53/screenshot - {}
RESULT: {"using":"css selector","value":"#shell-header-logo"}
COMMAND: POST /session/601af62cb68afff6944e8a635357ab53/element/f.2CF887CE126DC6B338BD3A7C0EF1B7FC.d.0C3C685C570281881663857C38463A42.e.7875/click - {}
RESULT: {}
RESULT: {}
COMMAND: GET /session/601af62cb68afff6944e8a635357ab53/screenshot - {}
RESULT: {}
]]></system-out>
    </testcase>
    <testcase classname="chrome.136_0_7103_49.windows.Provide_to_Site_w/_warehouse_management_w/o_clarification_US113782_" name="Bin Status Report Should Create New Organization yard" time="0.004" />
    <testcase classname="chrome.136_0_7103_49.windows.Provide_to_Site_w/_warehouse_management_w/o_clarification_US113782_" name="Bin Status Report Should Create New Organization for Site" time="0.003" />
  </testsuite>
  <testsuite timestamp="2025-05-14T16:54:11" time="382.013" tests="5" failures="0" errors="0" skipped="0">
    <properties>
      <property name="specId" value="0" />
      <property name="suiteName" value="Provide to Site w/ warehouse management wo clarification" />
      <property name="capabilities" value="chrome.136_0_7103_49.windows" />
      <property name="file" value="file:///D:/a/1/s/test/specs/HTR/provide-to-site-w-warehouse-wo-clarification.spec.js" />
    </properties>
    <testcase classname="chrome.136_0_7103_49.windows.Provide_to_Site_w/_warehouse_management_wo_clarification" name="Should do a stock increase handover" time="82.204">
      <system-out><![CDATA[
COMMAND: POST /session/601af62cb68afff6944e8a635357ab53/execute/async - {"script":"<script> [1562 bytes]","args":[{"selector":{"controlType":"sap.m.GenericTile","properties":{"header":"Manage Handovers"}},"wdio_ui5_key":"sapm.GenericTile{\"header\":\"Manage Handovers\"}"}]}
RESULT: {"script":"<script> [1562 bytes]","args":[{"selector":{"controlType":"sap.m.GenericTile","properties":{"header":"Manage Handovers"}},"wdio_ui5_key":"sapm.GenericTile{\"header\":\"Manage Handovers\"}"}]}
RESULT: undefined
COMMAND: POST /session/601af62cb68afff6944e8a635357ab53/element - {"using":"xpath","value":"//*[@id=\"__tile131\"]"}
RESULT: {"using":"xpath","value":"//*[@id=\"__tile131\"]"}
COMMAND: POST /session/601af62cb68afff6944e8a635357ab53/element/f.2CF887CE126DC6B338BD3A7C0EF1B7FC.d.0C3C685C570281881663857C38463A42.e.7921/click - {}
RESULT: {}
COMMAND: GET /session/601af62cb68afff6944e8a635357ab53/screenshot - {}
RESULT: {}
COMMAND: POST /session/601af62cb68afff6944e8a635357ab53/elements - {"using":"xpath","value":"//span[text()='Error']"}
RESULT: {"using":"xpath","value":"//span[text()='Error']"}
COMMAND: POST /session/601af62cb68afff6944e8a635357ab53/element - {"using":"xpath","value":"//button[@data-kt=\"masterHOAddButton\"]"}
RESULT: {"using":"xpath","value":"//button[@data-kt=\"masterHOAddButton\"]"}
COMMAND: POST /session/601af62cb68afff6944e8a635357ab53/elements - {"using":"xpath","value":"//button[@data-kt=\"masterHOAddButton\"]"}
RESULT: {"using":"xpath","value":"//button[@data-kt=\"masterHOAddButton\"]"}
COMMAND: POST /session/601af62cb68afff6944e8a635357ab53/execute/sync - {"script":"<script> [8489 bytes]","args":[{"element-6066-11e4-a52e-4f735466cecf":"f.2CF887CE126DC6B338BD3A7C0EF1B7FC.d.0C3C685C570281881663857C38463A42.e.8591","ELEMENT":"f.2CF887CE126DC6B338BD3A7C0EF1B7FC.d.0C3C685C570281881663857C38463A42.e.8591"}]}
RESULT: {"script":"<script> [8489 bytes]","args":[{"element-6066-11e4-a52e-4f735466cecf":"f.2CF887CE126DC6B338BD3A7C0EF1B7FC.d.0C3C685C570281881663857C38463A42.e.8591","ELEMENT":"f.2CF887CE126DC6B338BD3A7C0EF1B7FC.d.0C3C685C570281881663857C38463A42.e.8591"}]}
COMMAND: GET /session/601af62cb68afff6944e8a635357ab53/element/f.2CF887CE126DC6B338BD3A7C0EF1B7FC.d.0C3C685C570281881663857C38463A42.e.8591/enabled - {}
COMMAND: GET /session/601af62cb68afff6944e8a635357ab53/screenshot - {}
RESULT: {}
COMMAND: POST /session/601af62cb68afff6944e8a635357ab53/execute/sync - {"script":"<script> [8489 bytes]","args":[{"element-6066-11e4-a52e-4f735466cecf":"f.2CF887CE126DC6B338BD3A7C0EF1B7FC.d.0C3C685C570281881663857C38463A42.e.8591","ELEMENT":"f.2CF887CE126DC6B338BD3A7C0EF1B7FC.d.0C3C685C570281881663857C38463A42.e.8591"}]}
COMMAND: GET /session/601af62cb68afff6944e8a635357ab53/screenshot - {}
RESULT: {}
RESULT: {"script":"<script> [8489 bytes]","args":[{"element-6066-11e4-a52e-4f735466cecf":"f.2CF887CE126DC6B338BD3A7C0EF1B7FC.d.0C3C685C570281881663857C38463A42.e.8591","ELEMENT":"f.2CF887CE126DC6B338BD3A7C0EF1B7FC.d.0C3C685C570281881663857C38463A42.e.8591"}]}
COMMAND: POST /session/601af62cb68afff6944e8a635357ab53/execute/sync - {"script":"<script> [5351 bytes]","args":[{"element-6066-11e4-a52e-4f735466cecf":"f.2CF887CE126DC6B338BD3A7C0EF1B7FC.d.0C3C685C570281881663857C38463A42.e.8591","ELEMENT":"f.2CF887CE126DC6B338BD3A7C0EF1B7FC.d.0C3C685C570281881663857C38463A42.e.8591"}]}
COMMAND: GET /session/601af62cb68afff6944e8a635357ab53/screenshot - {}
RESULT: {}
RESULT: {"script":"<script> [5351 bytes]","args":[{"element-6066-11e4-a52e-4f735466cecf":"f.2CF887CE126DC6B338BD3A7C0EF1B7FC.d.0C3C685C570281881663857C38463A42.e.8591","ELEMENT":"f.2CF887CE126DC6B338BD3A7C0EF1B7FC.d.0C3C685C570281881663857C38463A42.e.8591"}]}
COMMAND: POST /session/601af62cb68afff6944e8a635357ab53/element/f.2CF887CE126DC6B338BD3A7C0EF1B7FC.d.0C3C685C570281881663857C38463A42.e.8591/click - {}
COMMAND: GET /session/601af62cb68afff6944e8a635357ab53/screenshot - {}
RESULT: {}
RESULT: {}
COMMAND: GET /session/601af62cb68afff6944e8a635357ab53/screenshot - {}
RESULT: {}
RESULT: {}
COMMAND: POST /session/601af62cb68afff6944e8a635357ab53/element - {"using":"xpath","value":"//span[contains(@id ,\"AddNewHO--typeSelect-arrow\")]"}
RESULT: {"using":"xpath","value":"//span[contains(@id ,\"AddNewHO--typeSelect-arrow\")]"}
COMMAND: POST /session/601af62cb68afff6944e8a635357ab53/element/f.2CF887CE126DC6B338BD3A7C0EF1B7FC.d.0C3C685C570281881663857C38463A42.e.8947/click - {}
RESULT: {}
COMMAND: GET /session/601af62cb68afff6944e8a635357ab53/screenshot - {}
RESULT: {}
COMMAND: POST /session/601af62cb68afff6944e8a635357ab53/element - {"using":"xpath","value":"(//li[contains(text(), \"stock increase yard\")])[1]"}
RESULT: {"using":"xpath","value":"(//li[contains(text(), \"stock increase yard\")])[1]"}
COMMAND: POST /session/601af62cb68afff6944e8a635357ab53/element/f.2CF887CE126DC6B338BD3A7C0EF1B7FC.d.0C3C685C570281881663857C38463A42.e.8948/click - {}
RESULT: {}
COMMAND: GET /session/601af62cb68afff6944e8a635357ab53/screenshot - {}
RESULT: {}
COMMAND: POST /session/601af62cb68afff6944e8a635357ab53/execute/async - {"script":"<script> [1562 bytes]","args":[{"selector":{"id":"application-managehandovers-display-component---AddNewHO--dueDate","interaction":{"idSuffix":"inner"}},"wdio_ui5_key":"applicationmanagehandovers-display-component---AddNewHO--dueDate"}]}
RESULT: {"script":"<script> [1562 bytes]","args":[{"selector":{"id":"application-managehandovers-display-component---AddNewHO--dueDate","interaction":{"idSuffix":"inner"}},"wdio_ui5_key":"applicationmanagehandovers-display-component---AddNewHO--dueDate"}]}
RESULT: undefined
COMMAND: POST /session/601af62cb68afff6944e8a635357ab53/execute/async - {"script":"<script> [6424 bytes]","args":[{"element-6066-11e4-a52e-4f735466cecf":"f.2CF887CE126DC6B338BD3A7C0EF1B7FC.d.0C3C685C570281881663857C38463A42.e.8950"},"setValue",["5/14/25"]]}
RESULT: {"script":"<script> [6424 bytes]","args":[{"element-6066-11e4-a52e-4f735466cecf":"f.2CF887CE126DC6B338BD3A7C0EF1B7FC.d.0C3C685C570281881663857C38463A42.e.8950"},"setValue",["5/14/25"]]}
COMMAND: POST /session/601af62cb68afff6944e8a635357ab53/element - {"using":"xpath","value":"//input[@id=\"generalSectionFrg--receiveYard-inner\"]"}
RESULT: {"using":"xpath","value":"//input[@id=\"generalSectionFrg--receiveYard-inner\"]"}
COMMAND: POST /session/601af62cb68afff6944e8a635357ab53/element/f.2CF887CE126DC6B338BD3A7C0EF1B7FC.d.0C3C685C570281881663857C38463A42.e.8954/clear - {}
RESULT: {}
COMMAND: POST /session/601af62cb68afff6944e8a635357ab53/element/f.2CF887CE126DC6B338BD3A7C0EF1B7FC.d.0C3C685C570281881663857C38463A42.e.8954/value - {"text":"356"}
COMMAND: GET /session/601af62cb68afff6944e8a635357ab53/screenshot - {}
RESULT: {"text":"356"}
COMMAND: GET /session/601af62cb68afff6944e8a635357ab53/screenshot - {}
RESULT: {}
RESULT: {}
COMMAND: POST /session/601af62cb68afff6944e8a635357ab53/element - {"using":"xpath","value":"//li[.//span[text()='356']]"}
RESULT: {"using":"xpath","value":"//li[.//span[text()='356']]"}
COMMAND: POST /session/601af62cb68afff6944e8a635357ab53/element/f.2CF887CE126DC6B338BD3A7C0EF1B7FC.d.0C3C685C570281881663857C38463A42.e.8970/click - {}
RESULT: {}
COMMAND: GET /session/601af62cb68afff6944e8a635357ab53/screenshot - {}
RESULT: {}
COMMAND: POST /session/601af62cb68afff6944e8a635357ab53/execute/async - {"script":"<script> [1562 bytes]","args":[{"selector":{"id":"application-managehandovers-display-component---AddNewHO--ObjectPageLayout-anchBar-application-managehandovers-display-component---AddNewHO--section4-anchor","interaction":{"idSuffix":"BDI-content"}},"wdio_ui5_key":"applicationmanagehandovers-display-component---AddNewHO--ObjectPageLayout-anchBar-application-managehandovers-display-component---AddNewHO--section4-anchor"}]}
RESULT: {"script":"<script> [1562 bytes]","args":[{"selector":{"id":"application-managehandovers-display-component---AddNewHO--ObjectPageLayout-anchBar-application-managehandovers-display-component---AddNewHO--section4-anchor","interaction":{"idSuffix":"BDI-content"}},"wdio_ui5_key":"applicationmanagehandovers-display-component---AddNewHO--ObjectPageLayout-anchBar-application-managehandovers-display-component---AddNewHO--section4-anchor"}]}
RESULT: undefined
COMMAND: POST /session/601af62cb68afff6944e8a635357ab53/element - {"using":"xpath","value":"//*[@id=\"application-managehandovers-display-component---AddNewHO--ObjectPageLayout-anchBar-application-managehandovers-display-component---AddNewHO--section4-anchor\"]"}
RESULT: {"using":"xpath","value":"//*[@id=\"application-managehandovers-display-component---AddNewHO--ObjectPageLayout-anchBar-application-managehandovers-display-component---AddNewHO--section4-anchor\"]"}
COMMAND: POST /session/601af62cb68afff6944e8a635357ab53/element/f.2CF887CE126DC6B338BD3A7C0EF1B7FC.d.0C3C685C570281881663857C38463A42.e.8972/click - {}
RESULT: {}
COMMAND: POST /session/601af62cb68afff6944e8a635357ab53/element - {"using":"xpath","value":"//button[@aria-label=\"Add\"]"}
COMMAND: GET /session/601af62cb68afff6944e8a635357ab53/screenshot - {}
RESULT: {"using":"xpath","value":"//button[@aria-label=\"Add\"]"}
COMMAND: POST /session/601af62cb68afff6944e8a635357ab53/element/f.2CF887CE126DC6B338BD3A7C0EF1B7FC.d.0C3C685C570281881663857C38463A42.e.8974/click - {}
RESULT: {}
RESULT: {}
COMMAND: GET /session/601af62cb68afff6944e8a635357ab53/screenshot - {}
RESULT: {}
COMMAND: POST /session/601af62cb68afff6944e8a635357ab53/execute/async - {"script":"<script> [1562 bytes]","args":[{"selector":{"id":"application-managehandovers-display-component---AddNewHO--smartFilterBar-btnBasicSearch","searchOpenDialogs":true,"interaction":{"idSuffix":"I"}},"wdio_ui5_key":"applicationmanagehandovers-display-component---AddNewHO--smartFilterBar-btnBasicSearch"}]}
RESULT: {"script":"<script> [1562 bytes]","args":[{"selector":{"id":"application-managehandovers-display-component---AddNewHO--smartFilterBar-btnBasicSearch","searchOpenDialogs":true,"interaction":{"idSuffix":"I"}},"wdio_ui5_key":"applicationmanagehandovers-display-component---AddNewHO--smartFilterBar-btnBasicSearch"}]}
RESULT: undefined
COMMAND: POST /session/601af62cb68afff6944e8a635357ab53/execute/async - {"script":"<script> [776 bytes]","args":[{"enterText":"200149","selector":{"id":"application-managehandovers-display-component---AddNewHO--smartFilterBar-btnBasicSearch","searchOpenDialogs":true,"interaction":{"idSuffix":"I"}},"clearTextFirst":true,"interactionType":"ENTER_TEXT"}]}
RESULT: {"script":"<script> [776 bytes]","args":[{"enterText":"200149","selector":{"id":"application-managehandovers-display-component---AddNewHO--smartFilterBar-btnBasicSearch","searchOpenDialogs":true,"interaction":{"idSuffix":"I"}},"clearTextFirst":true,"interactionType":"ENTER_TEXT"}]}
COMMAND: POST /session/601af62cb68afff6944e8a635357ab53/actions - {"actions":[{"id":"action33","type":"key","parameters":{},"actions":[{"type":"keyDown","value":"î€‡"},{"type":"pause","duration":10},{"type":"keyUp","value":"î€‡"}]}]}
RESULT: {"actions":[{"id":"action33","type":"key","parameters":{},"actions":[{"type":"keyDown","value":"î€‡"},{"type":"pause","duration":10},{"type":"keyUp","value":"î€‡"}]}]}
COMMAND: GET /session/601af62cb68afff6944e8a635357ab53/screenshot - {}
RESULT: {}
COMMAND: POST /session/601af62cb68afff6944e8a635357ab53/execute/async - {"script":"<script> [1562 bytes]","args":[{"selector":{"id":"application-managehandovers-display-component---AddNewHO--popup-sa","searchOpenDialogs":true,"interaction":{"idSuffix":"CbBg"}},"wdio_ui5_key":"applicationmanagehandovers-display-component---AddNewHO--popup-sa"}]}
RESULT: {"script":"<script> [1562 bytes]","args":[{"selector":{"id":"application-managehandovers-display-component---AddNewHO--popup-sa","searchOpenDialogs":true,"interaction":{"idSuffix":"CbBg"}},"wdio_ui5_key":"applicationmanagehandovers-display-component---AddNewHO--popup-sa"}]}
RESULT: undefined
COMMAND: POST /session/601af62cb68afff6944e8a635357ab53/element - {"using":"xpath","value":"//*[@id=\"application-managehandovers-display-component---AddNewHO--popup-sa\"]"}
RESULT: {"using":"xpath","value":"//*[@id=\"application-managehandovers-display-component---AddNewHO--popup-sa\"]"}
COMMAND: POST /session/601af62cb68afff6944e8a635357ab53/element/f.2CF887CE126DC6B338BD3A7C0EF1B7FC.d.0C3C685C570281881663857C38463A42.e.9127/click - {}
RESULT: {}
COMMAND: GET /session/601af62cb68afff6944e8a635357ab53/screenshot - {}
RESULT: {}
COMMAND: POST /session/601af62cb68afff6944e8a635357ab53/element - {"using":"xpath","value":"//bdi[contains(text(), \"Select\")]"}
RESULT: {"using":"xpath","value":"//bdi[contains(text(), \"Select\")]"}
COMMAND: POST /session/601af62cb68afff6944e8a635357ab53/element/f.2CF887CE126DC6B338BD3A7C0EF1B7FC.d.0C3C685C570281881663857C38463A42.e.9128/click - {}
RESULT: {}
COMMAND: GET /session/601af62cb68afff6944e8a635357ab53/screenshot - {}
RESULT: {}
COMMAND: POST /session/601af62cb68afff6944e8a635357ab53/element - {"using":"xpath","value":"//button[@data-kt=\"AddNewHOSaveButton\"]"}
RESULT: {"using":"xpath","value":"//button[@data-kt=\"AddNewHOSaveButton\"]"}
COMMAND: POST /session/601af62cb68afff6944e8a635357ab53/element/f.2CF887CE126DC6B338BD3A7C0EF1B7FC.d.0C3C685C570281881663857C38463A42.e.9132/click - {}
RESULT: {}
COMMAND: GET /session/601af62cb68afff6944e8a635357ab53/screenshot - {}
RESULT: {}
COMMAND: POST /session/601af62cb68afff6944e8a635357ab53/execute/async - {"script":"<script> [1562 bytes]","args":[{"selector":{"id":"receiptDatePicker","viewName":"etm.portal.ui.managehandovers.view.DetailExecuteHO","interaction":{"idSuffix":"inner"}},"wdio_ui5_key":"receiptDatePickeretmportal.ui.managehandovers.view.DetailExecuteHO"}]}
RESULT: {"script":"<script> [1562 bytes]","args":[{"selector":{"id":"receiptDatePicker","viewName":"etm.portal.ui.managehandovers.view.DetailExecuteHO","interaction":{"idSuffix":"inner"}},"wdio_ui5_key":"receiptDatePickeretmportal.ui.managehandovers.view.DetailExecuteHO"}]}
RESULT: undefined
COMMAND: POST /session/601af62cb68afff6944e8a635357ab53/execute/async - {"script":"<script> [6424 bytes]","args":[{"element-6066-11e4-a52e-4f735466cecf":"f.2CF887CE126DC6B338BD3A7C0EF1B7FC.d.0C3C685C570281881663857C38463A42.e.9151"},"setValue",["5/14/25"]]}
RESULT: {"script":"<script> [6424 bytes]","args":[{"element-6066-11e4-a52e-4f735466cecf":"f.2CF887CE126DC6B338BD3A7C0EF1B7FC.d.0C3C685C570281881663857C38463A42.e.9151"},"setValue",["5/14/25"]]}
COMMAND: POST /session/601af62cb68afff6944e8a635357ab53/element - {"using":"xpath","value":"//button[@data-kt=\"PickingTableConfirmAllButton\"]"}
RESULT: {"using":"xpath","value":"//button[@data-kt=\"PickingTableConfirmAllButton\"]"}
COMMAND: POST /session/601af62cb68afff6944e8a635357ab53/element/f.2CF887CE126DC6B338BD3A7C0EF1B7FC.d.0C3C685C570281881663857C38463A42.e.9168/click - {}
RESULT: {}
COMMAND: GET /session/601af62cb68afff6944e8a635357ab53/screenshot - {}
RESULT: {}
COMMAND: POST /session/601af62cb68afff6944e8a635357ab53/element - {"using":"xpath","value":"//bdi[contains(text(), \"OK\")]"}
RESULT: {"using":"xpath","value":"//bdi[contains(text(), \"OK\")]"}
COMMAND: POST /session/601af62cb68afff6944e8a635357ab53/element/f.2CF887CE126DC6B338BD3A7C0EF1B7FC.d.0C3C685C570281881663857C38463A42.e.9170/click - {}
RESULT: {}
COMMAND: GET /session/601af62cb68afff6944e8a635357ab53/screenshot - {}
RESULT: {}
COMMAND: POST /session/601af62cb68afff6944e8a635357ab53/element - {"using":"xpath","value":"(//bdi[contains(text(), \"Receive\")])[2]"}
RESULT: {"using":"xpath","value":"(//bdi[contains(text(), \"Receive\")])[2]"}
COMMAND: POST /session/601af62cb68afff6944e8a635357ab53/element/f.2CF887CE126DC6B338BD3A7C0EF1B7FC.d.0C3C685C570281881663857C38463A42.e.9172/click - {}
RESULT: {}
COMMAND: GET /session/601af62cb68afff6944e8a635357ab53/screenshot - {}
RESULT: {}
COMMAND: POST /session/601af62cb68afff6944e8a635357ab53/element - {"using":"css selector","value":"#shell-header-logo"}
RESULT: {"using":"css selector","value":"#shell-header-logo"}
COMMAND: POST /session/601af62cb68afff6944e8a635357ab53/element/f.2CF887CE126DC6B338BD3A7C0EF1B7FC.d.0C3C685C570281881663857C38463A42.e.8554/click - {}
RESULT: {}
COMMAND: GET /session/601af62cb68afff6944e8a635357ab53/screenshot - {}
RESULT: {}
]]></system-out>
    </testcase>
    <testcase classname="chrome.136_0_7103_49.windows.Provide_to_Site_w/_warehouse_management_wo_clarification" name="Should create a new contract" time="55.71">
      <system-out><![CDATA[
COMMAND: POST /session/601af62cb68afff6944e8a635357ab53/execute/async - {"script":"<script> [1562 bytes]","args":[{"selector":{"controlType":"sap.m.GenericTile","properties":{"header":"Manage Contracts"}},"wdio_ui5_key":"sapm.GenericTile{\"header\":\"Manage Contracts\"}"}]}
RESULT: {"script":"<script> [1562 bytes]","args":[{"selector":{"controlType":"sap.m.GenericTile","properties":{"header":"Manage Contracts"}},"wdio_ui5_key":"sapm.GenericTile{\"header\":\"Manage Contracts\"}"}]}
RESULT: undefined
COMMAND: POST /session/601af62cb68afff6944e8a635357ab53/element - {"using":"xpath","value":"//*[@id=\"__tile130\"]"}
RESULT: {"using":"xpath","value":"//*[@id=\"__tile130\"]"}
COMMAND: POST /session/601af62cb68afff6944e8a635357ab53/element/f.2CF887CE126DC6B338BD3A7C0EF1B7FC.d.0C3C685C570281881663857C38463A42.e.7910/click - {}
RESULT: {}
COMMAND: GET /session/601af62cb68afff6944e8a635357ab53/screenshot - {}
RESULT: {}
COMMAND: POST /session/601af62cb68afff6944e8a635357ab53/elements - {"using":"xpath","value":"//span[text()='Error']"}
RESULT: {"using":"xpath","value":"//span[text()='Error']"}
COMMAND: POST /session/601af62cb68afff6944e8a635357ab53/element - {"using":"xpath","value":"//button[@data-kt=\"addButton\"]"}
RESULT: {"using":"xpath","value":"//button[@data-kt=\"addButton\"]"}
COMMAND: POST /session/601af62cb68afff6944e8a635357ab53/elements - {"using":"xpath","value":"//button[@data-kt=\"addButton\"]"}
RESULT: {"using":"xpath","value":"//button[@data-kt=\"addButton\"]"}
COMMAND: POST /session/601af62cb68afff6944e8a635357ab53/execute/sync - {"script":"<script> [8489 bytes]","args":[{"element-6066-11e4-a52e-4f735466cecf":"f.2CF887CE126DC6B338BD3A7C0EF1B7FC.d.0C3C685C570281881663857C38463A42.e.9396","ELEMENT":"f.2CF887CE126DC6B338BD3A7C0EF1B7FC.d.0C3C685C570281881663857C38463A42.e.9396"}]}
RESULT: {"script":"<script> [8489 bytes]","args":[{"element-6066-11e4-a52e-4f735466cecf":"f.2CF887CE126DC6B338BD3A7C0EF1B7FC.d.0C3C685C570281881663857C38463A42.e.9396","ELEMENT":"f.2CF887CE126DC6B338BD3A7C0EF1B7FC.d.0C3C685C570281881663857C38463A42.e.9396"}]}
COMMAND: GET /session/601af62cb68afff6944e8a635357ab53/element/f.2CF887CE126DC6B338BD3A7C0EF1B7FC.d.0C3C685C570281881663857C38463A42.e.9396/enabled - {}
COMMAND: GET /session/601af62cb68afff6944e8a635357ab53/screenshot - {}
RESULT: {}
COMMAND: POST /session/601af62cb68afff6944e8a635357ab53/execute/sync - {"script":"<script> [8489 bytes]","args":[{"element-6066-11e4-a52e-4f735466cecf":"f.2CF887CE126DC6B338BD3A7C0EF1B7FC.d.0C3C685C570281881663857C38463A42.e.9396","ELEMENT":"f.2CF887CE126DC6B338BD3A7C0EF1B7FC.d.0C3C685C570281881663857C38463A42.e.9396"}]}
COMMAND: GET /session/601af62cb68afff6944e8a635357ab53/screenshot - {}
RESULT: {}
RESULT: {"script":"<script> [8489 bytes]","args":[{"element-6066-11e4-a52e-4f735466cecf":"f.2CF887CE126DC6B338BD3A7C0EF1B7FC.d.0C3C685C570281881663857C38463A42.e.9396","ELEMENT":"f.2CF887CE126DC6B338BD3A7C0EF1B7FC.d.0C3C685C570281881663857C38463A42.e.9396"}]}
COMMAND: POST /session/601af62cb68afff6944e8a635357ab53/execute/sync - {"script":"<script> [5351 bytes]","args":[{"element-6066-11e4-a52e-4f735466cecf":"f.2CF887CE126DC6B338BD3A7C0EF1B7FC.d.0C3C685C570281881663857C38463A42.e.9396","ELEMENT":"f.2CF887CE126DC6B338BD3A7C0EF1B7FC.d.0C3C685C570281881663857C38463A42.e.9396"}]}
COMMAND: GET /session/601af62cb68afff6944e8a635357ab53/screenshot - {}
RESULT: {}
RESULT: {"script":"<script> [5351 bytes]","args":[{"element-6066-11e4-a52e-4f735466cecf":"f.2CF887CE126DC6B338BD3A7C0EF1B7FC.d.0C3C685C570281881663857C38463A42.e.9396","ELEMENT":"f.2CF887CE126DC6B338BD3A7C0EF1B7FC.d.0C3C685C570281881663857C38463A42.e.9396"}]}
COMMAND: GET /session/601af62cb68afff6944e8a635357ab53/screenshot - {}
RESULT: {}
RESULT: {}
COMMAND: POST /session/601af62cb68afff6944e8a635357ab53/element/f.2CF887CE126DC6B338BD3A7C0EF1B7FC.d.0C3C685C570281881663857C38463A42.e.9396/click - {}
RESULT: {}
COMMAND: GET /session/601af62cb68afff6944e8a635357ab53/screenshot - {}
COMMAND: POST /session/601af62cb68afff6944e8a635357ab53/execute/async - {"script":"<script> [1562 bytes]","args":[{"selector":{"id":"application-managecontracts-display-component---AddNewContract--projectDescription","interaction":{"idSuffix":"inner"}},"wdio_ui5_key":"applicationmanagecontracts-display-component---AddNewContract--projectDescription"}]}
RESULT: {}
RESULT: {"script":"<script> [1562 bytes]","args":[{"selector":{"id":"application-managecontracts-display-component---AddNewContract--projectDescription","interaction":{"idSuffix":"inner"}},"wdio_ui5_key":"applicationmanagecontracts-display-component---AddNewContract--projectDescription"}]}
RESULT: undefined
COMMAND: POST /session/601af62cb68afff6944e8a635357ab53/execute/async - {"script":"<script> [776 bytes]","args":[{"enterText":"Contract WDIO","selector":{"id":"application-managecontracts-display-component---AddNewContract--projectDescription","interaction":{"idSuffix":"inner"}},"clearTextFirst":true,"interactionType":"ENTER_TEXT"}]}
RESULT: {"script":"<script> [776 bytes]","args":[{"enterText":"Contract WDIO","selector":{"id":"application-managecontracts-display-component---AddNewContract--projectDescription","interaction":{"idSuffix":"inner"}},"clearTextFirst":true,"interactionType":"ENTER_TEXT"}]}
COMMAND: POST /session/601af62cb68afff6944e8a635357ab53/element - {"using":"xpath","value":"//input[@id=\"application-managecontracts-display-component---AddNewContract--site-inner\"]"}
RESULT: {"using":"xpath","value":"//input[@id=\"application-managecontracts-display-component---AddNewContract--site-inner\"]"}
COMMAND: POST /session/601af62cb68afff6944e8a635357ab53/element/f.2CF887CE126DC6B338BD3A7C0EF1B7FC.d.0C3C685C570281881663857C38463A42.e.9757/clear - {}
RESULT: {}
COMMAND: POST /session/601af62cb68afff6944e8a635357ab53/element/f.2CF887CE126DC6B338BD3A7C0EF1B7FC.d.0C3C685C570281881663857C38463A42.e.9757/value - {"text":"2144"}
COMMAND: GET /session/601af62cb68afff6944e8a635357ab53/screenshot - {}
RESULT: {"text":"2144"}
COMMAND: GET /session/601af62cb68afff6944e8a635357ab53/screenshot - {}
RESULT: {}
RESULT: {}
COMMAND: POST /session/601af62cb68afff6944e8a635357ab53/element - {"using":"xpath","value":"//li[.//span[text()='2144']]"}
RESULT: {"using":"xpath","value":"//li[.//span[text()='2144']]"}
COMMAND: POST /session/601af62cb68afff6944e8a635357ab53/element/f.2CF887CE126DC6B338BD3A7C0EF1B7FC.d.0C3C685C570281881663857C38463A42.e.9787/click - {}
RESULT: {}
COMMAND: GET /session/601af62cb68afff6944e8a635357ab53/screenshot - {}
RESULT: {}
COMMAND: POST /session/601af62cb68afff6944e8a635357ab53/element - {"using":"xpath","value":"//input[@id=\"application-managecontracts-display-component---AddNewContract--yardId-inner\"]"}
RESULT: {"using":"xpath","value":"//input[@id=\"application-managecontracts-display-component---AddNewContract--yardId-inner\"]"}
COMMAND: GET /session/601af62cb68afff6944e8a635357ab53/element/f.2CF887CE126DC6B338BD3A7C0EF1B7FC.d.0C3C685C570281881663857C38463A42.e.9758/property/value - {}
RESULT: {}
COMMAND: POST /session/601af62cb68afff6944e8a635357ab53/element - {"using":"xpath","value":"//input[@id=\"application-managecontracts-display-component---AddNewContract--customerSelect-inner\"]"}
COMMAND: GET /session/601af62cb68afff6944e8a635357ab53/screenshot - {}
RESULT: {"using":"xpath","value":"//input[@id=\"application-managecontracts-display-component---AddNewContract--customerSelect-inner\"]"}
COMMAND: POST /session/601af62cb68afff6944e8a635357ab53/element/f.2CF887CE126DC6B338BD3A7C0EF1B7FC.d.0C3C685C570281881663857C38463A42.e.9756/clear - {}
RESULT: {}
RESULT: {}
COMMAND: POST /session/601af62cb68afff6944e8a635357ab53/element/f.2CF887CE126DC6B338BD3A7C0EF1B7FC.d.0C3C685C570281881663857C38463A42.e.9756/value - {"text":"1175"}
COMMAND: GET /session/601af62cb68afff6944e8a635357ab53/screenshot - {}
RESULT: {"text":"1175"}
COMMAND: GET /session/601af62cb68afff6944e8a635357ab53/screenshot - {}
RESULT: {}
RESULT: {}
COMMAND: POST /session/601af62cb68afff6944e8a635357ab53/element - {"using":"xpath","value":"//li[.//span[text()='1175']]"}
RESULT: {"using":"xpath","value":"//li[.//span[text()='1175']]"}
COMMAND: POST /session/601af62cb68afff6944e8a635357ab53/element/f.2CF887CE126DC6B338BD3A7C0EF1B7FC.d.0C3C685C570281881663857C38463A42.e.9790/click - {}
RESULT: {}
COMMAND: GET /session/601af62cb68afff6944e8a635357ab53/screenshot - {}
RESULT: {}
COMMAND: POST /session/601af62cb68afff6944e8a635357ab53/element - {"using":"xpath","value":"//button[@data-kt=\"saveButton\"]"}
RESULT: {"using":"xpath","value":"//button[@data-kt=\"saveButton\"]"}
COMMAND: POST /session/601af62cb68afff6944e8a635357ab53/element/f.2CF887CE126DC6B338BD3A7C0EF1B7FC.d.0C3C685C570281881663857C38463A42.e.9791/click - {}
RESULT: {}
COMMAND: GET /session/601af62cb68afff6944e8a635357ab53/screenshot - {}
RESULT: {}
COMMAND: POST /session/601af62cb68afff6944e8a635357ab53/element - {"using":"xpath","value":"//span[contains(@id ,\"contractDetailTitleNoExpanded\")]"}
RESULT: {"using":"xpath","value":"//span[contains(@id ,\"contractDetailTitleNoExpanded\")]"}
COMMAND: POST /session/601af62cb68afff6944e8a635357ab53/elements - {"using":"xpath","value":"//span[contains(@id ,\"contractDetailTitleNoExpanded\")]"}
RESULT: {"using":"xpath","value":"//span[contains(@id ,\"contractDetailTitleNoExpanded\")]"}
COMMAND: POST /session/601af62cb68afff6944e8a635357ab53/execute/sync - {"script":"<script> [56 bytes]","args":[{"element-6066-11e4-a52e-4f735466cecf":"f.2CF887CE126DC6B338BD3A7C0EF1B7FC.d.0C3C685C570281881663857C38463A42.e.9799","ELEMENT":"f.2CF887CE126DC6B338BD3A7C0EF1B7FC.d.0C3C685C570281881663857C38463A42.e.9799"}]}
RESULT: {"script":"<script> [56 bytes]","args":[{"element-6066-11e4-a52e-4f735466cecf":"f.2CF887CE126DC6B338BD3A7C0EF1B7FC.d.0C3C685C570281881663857C38463A42.e.9799","ELEMENT":"f.2CF887CE126DC6B338BD3A7C0EF1B7FC.d.0C3C685C570281881663857C38463A42.e.9799"}]}
COMMAND: GET /session/601af62cb68afff6944e8a635357ab53/screenshot - {}
RESULT: {}
]]></system-out>
    </testcase>
    <testcase classname="chrome.136_0_7103_49.windows.Provide_to_Site_w/_warehouse_management_wo_clarification" name="Should add equipment to the contract" time="55.624">
      <system-out><![CDATA[
COMMAND: POST /session/601af62cb68afff6944e8a635357ab53/element - {"using":"xpath","value":"//button[@data-kt=\"contractDetailEditBtnButton\"]"}
RESULT: {"using":"xpath","value":"//button[@data-kt=\"contractDetailEditBtnButton\"]"}
COMMAND: POST /session/601af62cb68afff6944e8a635357ab53/element/f.2CF887CE126DC6B338BD3A7C0EF1B7FC.d.0C3C685C570281881663857C38463A42.e.9802/click - {}
RESULT: {}
COMMAND: GET /session/601af62cb68afff6944e8a635357ab53/screenshot - {}
RESULT: {}
COMMAND: POST /session/601af62cb68afff6944e8a635357ab53/element - {"using":"xpath","value":"(//span[contains(text(), \"Additional Addresses\")])[2]"}
RESULT: {"using":"xpath","value":"(//span[contains(text(), \"Additional Addresses\")])[2]"}
COMMAND: POST /session/601af62cb68afff6944e8a635357ab53/element/f.2CF887CE126DC6B338BD3A7C0EF1B7FC.d.0C3C685C570281881663857C38463A42.e.9857/click - {}
RESULT: {}
COMMAND: GET /session/601af62cb68afff6944e8a635357ab53/screenshot - {}
RESULT: {}
COMMAND: POST /session/601af62cb68afff6944e8a635357ab53/element - {"using":"xpath","value":"//button[@data-kt=\"btnAddTableRowOverflowToolbarButton\"]"}
RESULT: {"using":"xpath","value":"//button[@data-kt=\"btnAddTableRowOverflowToolbarButton\"]"}
COMMAND: POST /session/601af62cb68afff6944e8a635357ab53/element/f.2CF887CE126DC6B338BD3A7C0EF1B7FC.d.0C3C685C570281881663857C38463A42.e.9860/click - {}
RESULT: {}
COMMAND: GET /session/601af62cb68afff6944e8a635357ab53/screenshot - {}
RESULT: {}
COMMAND: POST /session/601af62cb68afff6944e8a635357ab53/element - {"using":"xpath","value":"//div[(text() = 'Standard Entry' or . = 'Standard Entry')]"}
RESULT: {"using":"xpath","value":"//div[(text() = 'Standard Entry' or . = 'Standard Entry')]"}
COMMAND: POST /session/601af62cb68afff6944e8a635357ab53/element/f.2CF887CE126DC6B338BD3A7C0EF1B7FC.d.0C3C685C570281881663857C38463A42.e.9862/click - {}
RESULT: {}
COMMAND: GET /session/601af62cb68afff6944e8a635357ab53/screenshot - {}
RESULT: {}
COMMAND: POST /session/601af62cb68afff6944e8a635357ab53/element - {"using":"xpath","value":"//td[6]/div/div/div/span"}
RESULT: {"using":"xpath","value":"//td[6]/div/div/div/span"}
COMMAND: POST /session/601af62cb68afff6944e8a635357ab53/element/f.2CF887CE126DC6B338BD3A7C0EF1B7FC.d.0C3C685C570281881663857C38463A42.e.9874/click - {}
RESULT: {}
COMMAND: GET /session/601af62cb68afff6944e8a635357ab53/screenshot - {}
RESULT: {}
COMMAND: POST /session/601af62cb68afff6944e8a635357ab53/element - {"using":"xpath","value":"(//span[contains(text(), \"Material\")])"}
RESULT: {"using":"xpath","value":"(//span[contains(text(), \"Material\")])"}
COMMAND: POST /session/601af62cb68afff6944e8a635357ab53/element/f.2CF887CE126DC6B338BD3A7C0EF1B7FC.d.0C3C685C570281881663857C38463A42.e.9875/click - {}
RESULT: {}
COMMAND: GET /session/601af62cb68afff6944e8a635357ab53/screenshot - {}
RESULT: {}
COMMAND: POST /session/601af62cb68afff6944e8a635357ab53/element - {"using":"xpath","value":"//td[7]/div/div/input"}
RESULT: {"using":"xpath","value":"//td[7]/div/div/input"}
COMMAND: POST /session/601af62cb68afff6944e8a635357ab53/element/f.2CF887CE126DC6B338BD3A7C0EF1B7FC.d.0C3C685C570281881663857C38463A42.e.9879/clear - {}
RESULT: {}
COMMAND: POST /session/601af62cb68afff6944e8a635357ab53/element/f.2CF887CE126DC6B338BD3A7C0EF1B7FC.d.0C3C685C570281881663857C38463A42.e.9879/value - {"text":"200149"}
COMMAND: GET /session/601af62cb68afff6944e8a635357ab53/screenshot - {}
RESULT: {"text":"200149"}
COMMAND: GET /session/601af62cb68afff6944e8a635357ab53/screenshot - {}
RESULT: {}
RESULT: {}
COMMAND: POST /session/601af62cb68afff6944e8a635357ab53/actions - {"actions":[{"id":"action34","type":"key","parameters":{},"actions":[{"type":"keyDown","value":"î€‡"},{"type":"pause","duration":10},{"type":"keyUp","value":"î€‡"}]}]}
RESULT: {"actions":[{"id":"action34","type":"key","parameters":{},"actions":[{"type":"keyDown","value":"î€‡"},{"type":"pause","duration":10},{"type":"keyUp","value":"î€‡"}]}]}
COMMAND: GET /session/601af62cb68afff6944e8a635357ab53/screenshot - {}
RESULT: {}
COMMAND: POST /session/601af62cb68afff6944e8a635357ab53/execute/sync - {"script":"<script> [276 bytes]","args":["No pricing information was found"]}
RESULT: {"script":"<script> [276 bytes]","args":["No pricing information was found"]}
COMMAND: POST /session/601af62cb68afff6944e8a635357ab53/element - {"using":"xpath","value":"//bdi[contains(text(), \"OK\")]"}
COMMAND: GET /session/601af62cb68afff6944e8a635357ab53/screenshot - {}
RESULT: {"using":"xpath","value":"//bdi[contains(text(), \"OK\")]"}
COMMAND: POST /session/601af62cb68afff6944e8a635357ab53/element/f.2CF887CE126DC6B338BD3A7C0EF1B7FC.d.0C3C685C570281881663857C38463A42.e.9905/click - {}
RESULT: {}
RESULT: {}
COMMAND: GET /session/601af62cb68afff6944e8a635357ab53/screenshot - {}
RESULT: {}
COMMAND: POST /session/601af62cb68afff6944e8a635357ab53/element - {"using":"xpath","value":"(//button[@data-kt=\"saveButton\"])[2]"}
RESULT: {"using":"xpath","value":"(//button[@data-kt=\"saveButton\"])[2]"}
COMMAND: POST /session/601af62cb68afff6944e8a635357ab53/element/f.2CF887CE126DC6B338BD3A7C0EF1B7FC.d.0C3C685C570281881663857C38463A42.e.9906/click - {}
RESULT: {}
COMMAND: GET /session/601af62cb68afff6944e8a635357ab53/screenshot - {}
RESULT: {}
COMMAND: POST /session/601af62cb68afff6944e8a635357ab53/execute/sync - {"script":"<script> [276 bytes]","args":["Some contract items are having rental validity exceeding header rental validity"]}
RESULT: {"script":"<script> [276 bytes]","args":["Some contract items are having rental validity exceeding header rental validity"]}
COMMAND: GET /session/601af62cb68afff6944e8a635357ab53/screenshot - {}
RESULT: {}
COMMAND: POST /session/601af62cb68afff6944e8a635357ab53/element - {"using":"xpath","value":"//span[contains(@id ,\"contractItemsSmartTable-header-inner\")]"}
RESULT: {"using":"xpath","value":"//span[contains(@id ,\"contractItemsSmartTable-header-inner\")]"}
COMMAND: POST /session/601af62cb68afff6944e8a635357ab53/elements - {"using":"xpath","value":"//span[contains(@id ,\"contractItemsSmartTable-header-inner\")]"}
RESULT: {"using":"xpath","value":"//span[contains(@id ,\"contractItemsSmartTable-header-inner\")]"}
COMMAND: POST /session/601af62cb68afff6944e8a635357ab53/execute/sync - {"script":"<script> [56 bytes]","args":[{"element-6066-11e4-a52e-4f735466cecf":"f.2CF887CE126DC6B338BD3A7C0EF1B7FC.d.0C3C685C570281881663857C38463A42.e.9911","ELEMENT":"f.2CF887CE126DC6B338BD3A7C0EF1B7FC.d.0C3C685C570281881663857C38463A42.e.9911"}]}
RESULT: {"script":"<script> [56 bytes]","args":[{"element-6066-11e4-a52e-4f735466cecf":"f.2CF887CE126DC6B338BD3A7C0EF1B7FC.d.0C3C685C570281881663857C38463A42.e.9911","ELEMENT":"f.2CF887CE126DC6B338BD3A7C0EF1B7FC.d.0C3C685C570281881663857C38463A42.e.9911"}]}
COMMAND: GET /session/601af62cb68afff6944e8a635357ab53/screenshot - {}
]]></system-out>
    </testcase>
    <testcase classname="chrome.136_0_7103_49.windows.Provide_to_Site_w/_warehouse_management_wo_clarification" name="Should provide to site" time="38.422">
      <system-out><![CDATA[
COMMAND: POST /session/601af62cb68afff6944e8a635357ab53/element - {"using":"xpath","value":"//button[@data-kt=\"provideButton\"]"}
RESULT: {}
RESULT: {"using":"xpath","value":"//button[@data-kt=\"provideButton\"]"}
COMMAND: POST /session/601af62cb68afff6944e8a635357ab53/element/f.2CF887CE126DC6B338BD3A7C0EF1B7FC.d.0C3C685C570281881663857C38463A42.e.9912/click - {}
RESULT: {}
COMMAND: GET /session/601af62cb68afff6944e8a635357ab53/screenshot - {}
RESULT: {}
RESULT: undefined
COMMAND: POST /session/601af62cb68afff6944e8a635357ab53/execute/async - {"script":"<script> [6424 bytes]","args":[{"element-6066-11e4-a52e-4f735466cecf":"f.2CF887CE126DC6B338BD3A7C0EF1B7FC.d.0C3C685C570281881663857C38463A42.e.8950"},"setValue",["05/14/25"]]}
COMMAND: POST /session/601af62cb68afff6944e8a635357ab53/execute/async - {"script":"<script> [1562 bytes]","args":[{"selector":{"id":"application-managehandovers-display-component---AddNewHO--dueDate","interaction":{"idSuffix":"inner"}},"wdio_ui5_key":"applicationmanagehandovers-display-component---AddNewHO--dueDate"}]}
RESULT: {"script":"<script> [1562 bytes]","args":[{"selector":{"id":"application-managehandovers-display-component---AddNewHO--dueDate","interaction":{"idSuffix":"inner"}},"wdio_ui5_key":"applicationmanagehandovers-display-component---AddNewHO--dueDate"}]}
COMMAND: POST /session/601af62cb68afff6944e8a635357ab53/execute/async - {"script":"<script> [6424 bytes]","args":[{"element-6066-11e4-a52e-4f735466cecf":"f.2CF887CE126DC6B338BD3A7C0EF1B7FC.d.0C3C685C570281881663857C38463A42.e.10002"},"setValue",["05/14/25"]]}
RESULT: {"script":"<script> [6424 bytes]","args":[{"element-6066-11e4-a52e-4f735466cecf":"f.2CF887CE126DC6B338BD3A7C0EF1B7FC.d.0C3C685C570281881663857C38463A42.e.10002"},"setValue",["05/14/25"]]}
COMMAND: POST /session/601af62cb68afff6944e8a635357ab53/element - {"using":"xpath","value":"//bdi[contains(text(), \"Instructions\")]"}
RESULT: {"using":"xpath","value":"//bdi[contains(text(), \"Instructions\")]"}
COMMAND: POST /session/601af62cb68afff6944e8a635357ab53/element/f.2CF887CE126DC6B338BD3A7C0EF1B7FC.d.0C3C685C570281881663857C38463A42.e.10214/click - {}
RESULT: {}
COMMAND: GET /session/601af62cb68afff6944e8a635357ab53/screenshot - {}
RESULT: {}
COMMAND: POST /session/601af62cb68afff6944e8a635357ab53/element - {"using":"xpath","value":"//button[@data-kt=\"AddNewHOProvideAddItemsButton\"]"}
RESULT: {"using":"xpath","value":"//button[@data-kt=\"AddNewHOProvideAddItemsButton\"]"}
COMMAND: POST /session/601af62cb68afff6944e8a635357ab53/element/f.2CF887CE126DC6B338BD3A7C0EF1B7FC.d.0C3C685C570281881663857C38463A42.e.10218/click - {}
RESULT: {}
COMMAND: GET /session/601af62cb68afff6944e8a635357ab53/screenshot - {}
RESULT: {}
RESULT: undefined
COMMAND: POST /session/601af62cb68afff6944e8a635357ab53/element - {"using":"xpath","value":"//*[@id=\"application-managehandovers-display-component---AddNewHO--popup-sa\"]"}
RESULT: {"using":"xpath","value":"//*[@id=\"application-managehandovers-display-component---AddNewHO--popup-sa\"]"}
COMMAND: POST /session/601af62cb68afff6944e8a635357ab53/element/f.2CF887CE126DC6B338BD3A7C0EF1B7FC.d.0C3C685C570281881663857C38463A42.e.10224/click - {}
RESULT: {}
COMMAND: GET /session/601af62cb68afff6944e8a635357ab53/screenshot - {}
RESULT: {}
COMMAND: POST /session/601af62cb68afff6944e8a635357ab53/element - {"using":"xpath","value":"//*[contains(@id ,\"BDI-content\")][contains(text(), \"Select\")]"}
RESULT: {"using":"xpath","value":"//*[contains(@id ,\"BDI-content\")][contains(text(), \"Select\")]"}
COMMAND: POST /session/601af62cb68afff6944e8a635357ab53/element/f.2CF887CE126DC6B338BD3A7C0EF1B7FC.d.0C3C685C570281881663857C38463A42.e.10226/click - {}
RESULT: {}
COMMAND: GET /session/601af62cb68afff6944e8a635357ab53/screenshot - {}
RESULT: {}
COMMAND: POST /session/601af62cb68afff6944e8a635357ab53/element - {"using":"xpath","value":"//bdi[(text() = 'Save' or . = 'Save')]"}
RESULT: {"using":"xpath","value":"//bdi[(text() = 'Save' or . = 'Save')]"}
COMMAND: POST /session/601af62cb68afff6944e8a635357ab53/element/f.2CF887CE126DC6B338BD3A7C0EF1B7FC.d.0C3C685C570281881663857C38463A42.e.10229/click - {}
RESULT: {}
COMMAND: GET /session/601af62cb68afff6944e8a635357ab53/screenshot - {}
RESULT: {}
]]></system-out>
    </testcase>
    <testcase classname="chrome.136_0_7103_49.windows.Provide_to_Site_w/_warehouse_management_wo_clarification" name="Should Test for Handover Execution" time="150.049">
      <system-out><![CDATA[
COMMAND: POST /session/601af62cb68afff6944e8a635357ab53/execute/async - {"script":"<script> [1562 bytes]","args":[{"selector":{"controlType":"sap.m.Link","viewName":"etm.portal.ui.managehandovers.view.DetailExecuteHO","bindingPath":{"path":"","propertyPath":"/wmDoc","modelName":"warehouseMovModel"}},"wdio_ui5_key":"etmportal.ui.managehandovers.view.DetailExecuteHOsap.m.Link{\"path\":\"\",\"propertyPath\":\"/wmDoc\",\"modelName\":\"warehouseMovModel\"}"}]}
RESULT: {"script":"<script> [1562 bytes]","args":[{"selector":{"controlType":"sap.m.Link","viewName":"etm.portal.ui.managehandovers.view.DetailExecuteHO","bindingPath":{"path":"","propertyPath":"/wmDoc","modelName":"warehouseMovModel"}},"wdio_ui5_key":"etmportal.ui.managehandovers.view.DetailExecuteHOsap.m.Link{\"path\":\"\",\"propertyPath\":\"/wmDoc\",\"modelName\":\"warehouseMovModel\"}"}]}
RESULT: undefined
COMMAND: POST /session/601af62cb68afff6944e8a635357ab53/element - {"using":"xpath","value":"//*[@id=\"__link81\"]"}
RESULT: {"using":"xpath","value":"//*[@id=\"__link81\"]"}
COMMAND: POST /session/601af62cb68afff6944e8a635357ab53/element/f.2CF887CE126DC6B338BD3A7C0EF1B7FC.d.0C3C685C570281881663857C38463A42.e.10260/click - {}
RESULT: {}
COMMAND: GET /session/601af62cb68afff6944e8a635357ab53/screenshot - {}
RESULT: {}
COMMAND: POST /session/601af62cb68afff6944e8a635357ab53/execute/async - {"script":"<script> [1562 bytes]","args":[{"selector":{"controlType":"sap.m.Link","viewName":"etm.portal.ui.managehandovers.view.DetailExecuteHO","properties":{"text":"Warehouse Overview"},"searchOpenDialogs":true},"wdio_ui5_key":"etmportal.ui.managehandovers.view.DetailExecuteHOsap.m.Link{\"text\":\"Warehouse Overview\"}"}]}
RESULT: {"script":"<script> [1562 bytes]","args":[{"selector":{"controlType":"sap.m.Link","viewName":"etm.portal.ui.managehandovers.view.DetailExecuteHO","properties":{"text":"Warehouse Overview"},"searchOpenDialogs":true},"wdio_ui5_key":"etmportal.ui.managehandovers.view.DetailExecuteHOsap.m.Link{\"text\":\"Warehouse Overview\"}"}]}
RESULT: undefined
COMMAND: POST /session/601af62cb68afff6944e8a635357ab53/element - {"using":"xpath","value":"//*[@id=\"__link96\"]"}
RESULT: {"using":"xpath","value":"//*[@id=\"__link96\"]"}
COMMAND: POST /session/601af62cb68afff6944e8a635357ab53/element/f.2CF887CE126DC6B338BD3A7C0EF1B7FC.d.0C3C685C570281881663857C38463A42.e.10264/click - {}
RESULT: {}
COMMAND: GET /session/601af62cb68afff6944e8a635357ab53/screenshot - {}
COMMAND: POST /session/601af62cb68afff6944e8a635357ab53/execute/async - {"script":"<script> [1562 bytes]","args":[{"selector":{"controlType":"sap.m.Button","viewName":"etm.portal.ui.warehousemovements.view.DisplayMovement","viewId":"application-warehousemovements-display-component---displayMovement","i18NText":{"propertyName":"text","key":"execution"},"interaction":{"idSuffix":"BDI-content"}},"wdio_ui5_key":"etmportal.ui.warehousemovements.view.DisplayMovementsap.m.Button{\"propertyName\":\"text\",\"key\":\"execution\"}"}]}
RESULT: {}
RESULT: {"script":"<script> [1562 bytes]","args":[{"selector":{"controlType":"sap.m.Button","viewName":"etm.portal.ui.warehousemovements.view.DisplayMovement","viewId":"application-warehousemovements-display-component---displayMovement","i18NText":{"propertyName":"text","key":"execution"},"interaction":{"idSuffix":"BDI-content"}},"wdio_ui5_key":"etmportal.ui.warehousemovements.view.DisplayMovementsap.m.Button{\"propertyName\":\"text\",\"key\":\"execution\"}"}]}
RESULT: undefined
COMMAND: POST /session/601af62cb68afff6944e8a635357ab53/element - {"using":"xpath","value":"//*[@id=\"__button219\"]"}
RESULT: {"using":"xpath","value":"//*[@id=\"__button219\"]"}
COMMAND: POST /session/601af62cb68afff6944e8a635357ab53/element/f.2CF887CE126DC6B338BD3A7C0EF1B7FC.d.0C3C685C570281881663857C38463A42.e.10406/click - {}
RESULT: {}
COMMAND: GET /session/601af62cb68afff6944e8a635357ab53/screenshot - {}
RESULT: {}
COMMAND: POST /session/601af62cb68afff6944e8a635357ab53/execute/async - {"script":"<script> [1562 bytes]","args":[{"selector":{"controlType":"sap.m.Button","viewName":"etm.portal.ui.warehousemovements.view.ExecuteMovement","viewId":"application-warehousemovements-display-component---executeMovement","properties":{"text":"Items"},"interaction":{"idSuffix":"BDI-content"}},"wdio_ui5_key":"etmportal.ui.warehousemovements.view.ExecuteMovementsap.m.Button{\"text\":\"Items\"}"}]}
RESULT: {"script":"<script> [1562 bytes]","args":[{"selector":{"controlType":"sap.m.Button","viewName":"etm.portal.ui.warehousemovements.view.ExecuteMovement","viewId":"application-warehousemovements-display-component---executeMovement","properties":{"text":"Items"},"interaction":{"idSuffix":"BDI-content"}},"wdio_ui5_key":"etmportal.ui.warehousemovements.view.ExecuteMovementsap.m.Button{\"text\":\"Items\"}"}]}
RESULT: undefined
COMMAND: POST /session/601af62cb68afff6944e8a635357ab53/element - {"using":"xpath","value":"//*[@id=\"__layout353-anchBar-application-warehousemovements-display-component---executeMovement--itemsSection-anchor\"]"}
RESULT: {"using":"xpath","value":"//*[@id=\"__layout353-anchBar-application-warehousemovements-display-component---executeMovement--itemsSection-anchor\"]"}
COMMAND: POST /session/601af62cb68afff6944e8a635357ab53/element/f.2CF887CE126DC6B338BD3A7C0EF1B7FC.d.0C3C685C570281881663857C38463A42.e.10502/click - {}
RESULT: {}
COMMAND: GET /session/601af62cb68afff6944e8a635357ab53/screenshot - {}
RESULT: {}
COMMAND: POST /session/601af62cb68afff6944e8a635357ab53/execute/async - {"script":"<script> [1562 bytes]","args":[{"selector":{"controlType":"sap.m.ToggleButton","viewName":"etm.portal.ui.warehousemovements.view.ExecuteMovement","viewId":"application-warehousemovements-display-component---executeMovement","bindingPath":{"propertyPath":"STATUS","modelName":"catalogModel"},"interaction":{"idSuffix":"BDI-content"}},"wdio_ui5_key":"etmportal.ui.warehousemovements.view.ExecuteMovementsap.m.ToggleButton{\"propertyPath\":\"STATUS\",\"modelName\":\"catalogModel\"}"}]}
RESULT: {"script":"<script> [1562 bytes]","args":[{"selector":{"controlType":"sap.m.ToggleButton","viewName":"etm.portal.ui.warehousemovements.view.ExecuteMovement","viewId":"application-warehousemovements-display-component---executeMovement","bindingPath":{"propertyPath":"STATUS","modelName":"catalogModel"},"interaction":{"idSuffix":"BDI-content"}},"wdio_ui5_key":"etmportal.ui.warehousemovements.view.ExecuteMovementsap.m.ToggleButton{\"propertyPath\":\"STATUS\",\"modelName\":\"catalogModel\"}"}]}
RESULT: undefined
COMMAND: POST /session/601af62cb68afff6944e8a635357ab53/element - {"using":"xpath","value":"//*[@id=\"__button242-__clone2518\"]"}
RESULT: {"using":"xpath","value":"//*[@id=\"__button242-__clone2518\"]"}
COMMAND: POST /session/601af62cb68afff6944e8a635357ab53/element/f.2CF887CE126DC6B338BD3A7C0EF1B7FC.d.0C3C685C570281881663857C38463A42.e.10473/click - {}
RESULT: {}
RESULT: undefined
COMMAND: POST /session/601af62cb68afff6944e8a635357ab53/element - {"using":"xpath","value":"//*[@id=\"__button242-__clone2518\"]"}
COMMAND: GET /session/601af62cb68afff6944e8a635357ab53/screenshot - {}
RESULT: {"using":"xpath","value":"//*[@id=\"__button242-__clone2518\"]"}
COMMAND: POST /session/601af62cb68afff6944e8a635357ab53/element/f.2CF887CE126DC6B338BD3A7C0EF1B7FC.d.0C3C685C570281881663857C38463A42.e.10473/click - {}
RESULT: {}
RESULT: {}
COMMAND: GET /session/601af62cb68afff6944e8a635357ab53/screenshot - {}
RESULT: {}
RESULT: undefined
COMMAND: POST /session/601af62cb68afff6944e8a635357ab53/execute/async - {"script":"<script> [6424 bytes]","args":[{"element-6066-11e4-a52e-4f735466cecf":"f.2CF887CE126DC6B338BD3A7C0EF1B7FC.d.0C3C685C570281881663857C38463A42.e.10506"},"getText",[]]}
RESULT: {"script":"<script> [6424 bytes]","args":[{"element-6066-11e4-a52e-4f735466cecf":"f.2CF887CE126DC6B338BD3A7C0EF1B7FC.d.0C3C685C570281881663857C38463A42.e.10506"},"getText",[]]}
COMMAND: POST /session/601af62cb68afff6944e8a635357ab53/element - {"using":"xpath","value":"//section[contains(@id,\"FC-NoHead\")]/div[1]/div[5]/div[2]/span"}
RESULT: {"using":"xpath","value":"//section[contains(@id,\"FC-NoHead\")]/div[1]/div[5]/div[2]/span"}
COMMAND: POST /session/601af62cb68afff6944e8a635357ab53/elements - {"using":"xpath","value":"//section[contains(@id,\"FC-NoHead\")]/div[1]/div[5]/div[2]/span"}
RESULT: {"using":"xpath","value":"//section[contains(@id,\"FC-NoHead\")]/div[1]/div[5]/div[2]/span"}
COMMAND: POST /session/601af62cb68afff6944e8a635357ab53/execute/sync - {"script":"<script> [56 bytes]","args":[{"element-6066-11e4-a52e-4f735466cecf":"f.2CF887CE126DC6B338BD3A7C0EF1B7FC.d.0C3C685C570281881663857C38463A42.e.10508","ELEMENT":"f.2CF887CE126DC6B338BD3A7C0EF1B7FC.d.0C3C685C570281881663857C38463A42.e.10508"}]}
RESULT: {"script":"<script> [56 bytes]","args":[{"element-6066-11e4-a52e-4f735466cecf":"f.2CF887CE126DC6B338BD3A7C0EF1B7FC.d.0C3C685C570281881663857C38463A42.e.10508","ELEMENT":"f.2CF887CE126DC6B338BD3A7C0EF1B7FC.d.0C3C685C570281881663857C38463A42.e.10508"}]}
COMMAND: POST /session/601af62cb68afff6944e8a635357ab53/actions - {"actions":[{"id":"action35","type":"key","parameters":{},"actions":[{"type":"keyDown","value":"î€‡"},{"type":"pause","duration":10},{"type":"keyUp","value":"î€‡"}]}]}
COMMAND: GET /session/601af62cb68afff6944e8a635357ab53/screenshot - {}
RESULT: {"actions":[{"id":"action35","type":"key","parameters":{},"actions":[{"type":"keyDown","value":"î€‡"},{"type":"pause","duration":10},{"type":"keyUp","value":"î€‡"}]}]}
COMMAND: POST /session/601af62cb68afff6944e8a635357ab53/execute/async - {"script":"<script> [1562 bytes]","args":[{"selector":{"id":"application-warehousemovements-display-component---executeMovement--executeId","interaction":{"idSuffix":"BDI-content"}},"wdio_ui5_key":"applicationwarehousemovements-display-component---executeMovement--executeId"}]}
COMMAND: GET /session/601af62cb68afff6944e8a635357ab53/screenshot - {}
RESULT: {}
RESULT: {"script":"<script> [1562 bytes]","args":[{"selector":{"id":"application-warehousemovements-display-component---executeMovement--executeId","interaction":{"idSuffix":"BDI-content"}},"wdio_ui5_key":"applicationwarehousemovements-display-component---executeMovement--executeId"}]}
RESULT: undefined
COMMAND: POST /session/601af62cb68afff6944e8a635357ab53/element - {"using":"xpath","value":"//*[@id=\"application-warehousemovements-display-component---executeMovement--executeId\"]"}
RESULT: {}
RESULT: {"using":"xpath","value":"//*[@id=\"application-warehousemovements-display-component---executeMovement--executeId\"]"}
COMMAND: POST /session/601af62cb68afff6944e8a635357ab53/element/f.2CF887CE126DC6B338BD3A7C0EF1B7FC.d.0C3C685C570281881663857C38463A42.e.10467/click - {}
RESULT: {}
COMMAND: GET /session/601af62cb68afff6944e8a635357ab53/screenshot - {}
RESULT: {}
COMMAND: POST /session/601af62cb68afff6944e8a635357ab53/element - {"using":"css selector","value":"#shell-header-logo"}
RESULT: {"using":"css selector","value":"#shell-header-logo"}
COMMAND: POST /session/601af62cb68afff6944e8a635357ab53/element/f.2CF887CE126DC6B338BD3A7C0EF1B7FC.d.0C3C685C570281881663857C38463A42.e.9349/click - {}
RESULT: {}
COMMAND: GET /session/601af62cb68afff6944e8a635357ab53/screenshot - {}
RESULT: {}
RESULT: undefined
COMMAND: POST /session/601af62cb68afff6944e8a635357ab53/element - {"using":"xpath","value":"//*[@id=\"__tile131\"]"}
RESULT: {"using":"xpath","value":"//*[@id=\"__tile131\"]"}
COMMAND: POST /session/601af62cb68afff6944e8a635357ab53/element/f.2CF887CE126DC6B338BD3A7C0EF1B7FC.d.0C3C685C570281881663857C38463A42.e.7921/click - {}
RESULT: {}
COMMAND: GET /session/601af62cb68afff6944e8a635357ab53/screenshot - {}
RESULT: {}
COMMAND: POST /session/601af62cb68afff6944e8a635357ab53/elements - {"using":"xpath","value":"//span[text()='Error']"}
RESULT: {"using":"xpath","value":"//span[text()='Error']"}
COMMAND: POST /session/601af62cb68afff6944e8a635357ab53/execute/async - {"script":"<script> [1562 bytes]","args":[{"selector":{"controlType":"sap.m.SearchField","viewName":"etm.portal.ui.managehandovers.view.MasterHO","bindingPath":{"propertyPath":"/_BASIC_SEARCH_FIELD","modelName":"fi1t3rM0d31"},"interaction":{"idSuffix":"I"}},"wdio_ui5_key":"etmportal.ui.managehandovers.view.MasterHOsap.m.SearchField{\"propertyPath\":\"/_BASIC_SEARCH_FIELD\",\"modelName\":\"fi1t3rM0d31\"}"}]}
RESULT: {"script":"<script> [1562 bytes]","args":[{"selector":{"controlType":"sap.m.SearchField","viewName":"etm.portal.ui.managehandovers.view.MasterHO","bindingPath":{"propertyPath":"/_BASIC_SEARCH_FIELD","modelName":"fi1t3rM0d31"},"interaction":{"idSuffix":"I"}},"wdio_ui5_key":"etmportal.ui.managehandovers.view.MasterHOsap.m.SearchField{\"propertyPath\":\"/_BASIC_SEARCH_FIELD\",\"modelName\":\"fi1t3rM0d31\"}"}]}
RESULT: undefined
COMMAND: POST /session/601af62cb68afff6944e8a635357ab53/execute/async - {"script":"<script> [776 bytes]","args":[{"enterText":"30373","selector":{"controlType":"sap.m.SearchField","viewName":"etm.portal.ui.managehandovers.view.MasterHO","bindingPath":{"propertyPath":"/_BASIC_SEARCH_FIELD","modelName":"fi1t3rM0d31"},"interaction":{"idSuffix":"I"}},"clearTextFirst":true,"interactionType":"ENTER_TEXT"}]}
RESULT: {"script":"<script> [776 bytes]","args":[{"enterText":"30373","selector":{"controlType":"sap.m.SearchField","viewName":"etm.portal.ui.managehandovers.view.MasterHO","bindingPath":{"propertyPath":"/_BASIC_SEARCH_FIELD","modelName":"fi1t3rM0d31"},"interaction":{"idSuffix":"I"}},"clearTextFirst":true,"interactionType":"ENTER_TEXT"}]}
COMMAND: POST /session/601af62cb68afff6944e8a635357ab53/actions - {"actions":[{"id":"action36","type":"key","parameters":{},"actions":[{"type":"keyDown","value":"î€‡"},{"type":"pause","duration":10},{"type":"keyUp","value":"î€‡"}]}]}
RESULT: {"actions":[{"id":"action36","type":"key","parameters":{},"actions":[{"type":"keyDown","value":"î€‡"},{"type":"pause","duration":10},{"type":"keyUp","value":"î€‡"}]}]}
COMMAND: GET /session/601af62cb68afff6944e8a635357ab53/screenshot - {}
RESULT: {}
COMMAND: POST /session/601af62cb68afff6944e8a635357ab53/execute/async - {"script":"<script> [1562 bytes]","args":[{"selector":{"controlType":"sap.ui.core.Icon","viewName":"etm.portal.ui.managehandovers.view.MasterHO","properties":{"src":{"regex":{"source":"slim\\-arrow\\-right"}}}},"wdio_ui5_key":"etmportal.ui.managehandovers.view.MasterHOsap.ui.core.Icon{\"src\":{\"regex\":{\"source\":\"slim\\\\-arrow\\\\-right\"}}}"}]}
RESULT: {"script":"<script> [1562 bytes]","args":[{"selector":{"controlType":"sap.ui.core.Icon","viewName":"etm.portal.ui.managehandovers.view.MasterHO","properties":{"src":{"regex":{"source":"slim\\-arrow\\-right"}}}},"wdio_ui5_key":"etmportal.ui.managehandovers.view.MasterHOsap.ui.core.Icon{\"src\":{\"regex\":{\"source\":\"slim\\\\-arrow\\\\-right\"}}}"}]}
RESULT: undefined
COMMAND: POST /session/601af62cb68afff6944e8a635357ab53/element - {"using":"xpath","value":"//*[@id=\"__item1334-__clone2598-imgNav\"]"}
RESULT: {"using":"xpath","value":"//*[@id=\"__item1334-__clone2598-imgNav\"]"}
COMMAND: POST /session/601af62cb68afff6944e8a635357ab53/element/f.2CF887CE126DC6B338BD3A7C0EF1B7FC.d.0C3C685C570281881663857C38463A42.e.10688/click - {}
RESULT: {}
COMMAND: GET /session/601af62cb68afff6944e8a635357ab53/screenshot - {}
RESULT: {}
COMMAND: POST /session/601af62cb68afff6944e8a635357ab53/execute/async - {"script":"<script> [1562 bytes]","args":[{"selector":{"controlType":"sap.m.Button","viewName":"etm.portal.ui.managehandovers.view.DetailExecuteHO","i18NText":{"propertyName":"text","key":"confirmAll"},"interaction":{"idSuffix":"BDI-content"}},"wdio_ui5_key":"etmportal.ui.managehandovers.view.DetailExecuteHOsap.m.Button{\"propertyName\":\"text\",\"key\":\"confirmAll\"}"}]}
RESULT: {"script":"<script> [1562 bytes]","args":[{"selector":{"controlType":"sap.m.Button","viewName":"etm.portal.ui.managehandovers.view.DetailExecuteHO","i18NText":{"propertyName":"text","key":"confirmAll"},"interaction":{"idSuffix":"BDI-content"}},"wdio_ui5_key":"etmportal.ui.managehandovers.view.DetailExecuteHOsap.m.Button{\"propertyName\":\"text\",\"key\":\"confirmAll\"}"}]}
RESULT: undefined
COMMAND: POST /session/601af62cb68afff6944e8a635357ab53/element - {"using":"xpath","value":"//*[@id=\"__button280\"]"}
RESULT: {"using":"xpath","value":"//*[@id=\"__button280\"]"}
COMMAND: POST /session/601af62cb68afff6944e8a635357ab53/element/f.2CF887CE126DC6B338BD3A7C0EF1B7FC.d.0C3C685C570281881663857C38463A42.e.10769/click - {}
RESULT: {}
COMMAND: GET /session/601af62cb68afff6944e8a635357ab53/screenshot - {}
RESULT: {}
COMMAND: POST /session/601af62cb68afff6944e8a635357ab53/actions - {"actions":[{"id":"action37","type":"key","parameters":{},"actions":[{"type":"keyDown","value":"î€‡"},{"type":"pause","duration":10},{"type":"keyUp","value":"î€‡"}]}]}
RESULT: {"actions":[{"id":"action37","type":"key","parameters":{},"actions":[{"type":"keyDown","value":"î€‡"},{"type":"pause","duration":10},{"type":"keyUp","value":"î€‡"}]}]}
COMMAND: GET /session/601af62cb68afff6944e8a635357ab53/screenshot - {}
RESULT: {}
COMMAND: POST /session/601af62cb68afff6944e8a635357ab53/element - {"using":"xpath","value":"//button[@data-kt=\"execHoIssueButton\"]"}
RESULT: {"using":"xpath","value":"//button[@data-kt=\"execHoIssueButton\"]"}
COMMAND: POST /session/601af62cb68afff6944e8a635357ab53/element/f.2CF887CE126DC6B338BD3A7C0EF1B7FC.d.0C3C685C570281881663857C38463A42.e.10778/click - {}
RESULT: {}
COMMAND: GET /session/601af62cb68afff6944e8a635357ab53/screenshot - {}
RESULT: {}
RESULT: undefined
COMMAND: POST /session/601af62cb68afff6944e8a635357ab53/execute/async - {"script":"<script> [776 bytes]","args":[{"enterText":"30373","selector":{"controlType":"sap.m.SearchField","viewName":"etm.portal.ui.managehandovers.view.MasterHO","bindingPath":{"propertyPath":"/_BASIC_SEARCH_FIELD","modelName":"fi1t3rM0d31"},"interaction":{"idSuffix":"I"}},"clearTextFirst":true,"interactionType":"ENTER_TEXT"}]}
RESULT: {"script":"<script> [776 bytes]","args":[{"enterText":"30373","selector":{"controlType":"sap.m.SearchField","viewName":"etm.portal.ui.managehandovers.view.MasterHO","bindingPath":{"propertyPath":"/_BASIC_SEARCH_FIELD","modelName":"fi1t3rM0d31"},"interaction":{"idSuffix":"I"}},"clearTextFirst":true,"interactionType":"ENTER_TEXT"}]}
COMMAND: POST /session/601af62cb68afff6944e8a635357ab53/actions - {"actions":[{"id":"action38","type":"key","parameters":{},"actions":[{"type":"keyDown","value":"î€‡"},{"type":"pause","duration":10},{"type":"keyUp","value":"î€‡"}]}]}
RESULT: {"actions":[{"id":"action38","type":"key","parameters":{},"actions":[{"type":"keyDown","value":"î€‡"},{"type":"pause","duration":10},{"type":"keyUp","value":"î€‡"}]}]}
COMMAND: GET /session/601af62cb68afff6944e8a635357ab53/screenshot - {}
RESULT: {}
COMMAND: POST /session/601af62cb68afff6944e8a635357ab53/element - {"using":"xpath","value":"//span[(text() = '30373' or . = '30373')]"}
RESULT: {"using":"xpath","value":"//span[(text() = '30373' or . = '30373')]"}
COMMAND: POST /session/601af62cb68afff6944e8a635357ab53/element/f.2CF887CE126DC6B338BD3A7C0EF1B7FC.d.0C3C685C570281881663857C38463A42.e.10838/click - {}
RESULT: {}
COMMAND: GET /session/601af62cb68afff6944e8a635357ab53/screenshot - {}
RESULT: {}
COMMAND: POST /session/601af62cb68afff6944e8a635357ab53/element - {"using":"xpath","value":"//span[contains(text(), \"Instructions\")]"}
RESULT: {"using":"xpath","value":"//span[contains(text(), \"Instructions\")]"}
COMMAND: POST /session/601af62cb68afff6944e8a635357ab53/element/f.2CF887CE126DC6B338BD3A7C0EF1B7FC.d.0C3C685C570281881663857C38463A42.e.10860/click - {}
RESULT: {}
COMMAND: GET /session/601af62cb68afff6944e8a635357ab53/screenshot - {}
RESULT: {}
COMMAND: POST /session/601af62cb68afff6944e8a635357ab53/element - {"using":"xpath","value":"//span[contains(text(), \"Instructions\")]"}
RESULT: {"using":"xpath","value":"//span[contains(text(), \"Instructions\")]"}
COMMAND: POST /session/601af62cb68afff6944e8a635357ab53/element/f.2CF887CE126DC6B338BD3A7C0EF1B7FC.d.0C3C685C570281881663857C38463A42.e.10860/click - {}
RESULT: {}
COMMAND: GET /session/601af62cb68afff6944e8a635357ab53/screenshot - {}
RESULT: {}
COMMAND: POST /session/601af62cb68afff6944e8a635357ab53/execute/async - {"script":"<script> [1562 bytes]","args":[{"selector":{"controlType":"sap.m.ComboBox","viewName":"etm.portal.ui.managehandovers.view.DetailExecuteHO","bindingPath":{"propertyPath":"RECEIVING_SECTION","modelName":"catalogModel"},"interaction":{"idSuffix":"inner"}},"wdio_ui5_key":"etmportal.ui.managehandovers.view.DetailExecuteHOsap.m.ComboBox{\"propertyPath\":\"RECEIVING_SECTION\",\"modelName\":\"catalogModel\"}"}]}
RESULT: {"script":"<script> [1562 bytes]","args":[{"selector":{"controlType":"sap.m.ComboBox","viewName":"etm.portal.ui.managehandovers.view.DetailExecuteHO","bindingPath":{"propertyPath":"RECEIVING_SECTION","modelName":"catalogModel"},"interaction":{"idSuffix":"inner"}},"wdio_ui5_key":"etmportal.ui.managehandovers.view.DetailExecuteHOsap.m.ComboBox{\"propertyPath\":\"RECEIVING_SECTION\",\"modelName\":\"catalogModel\"}"}]}
RESULT: undefined
COMMAND: POST /session/601af62cb68afff6944e8a635357ab53/execute/async - {"script":"<script> [776 bytes]","args":[{"enterText":"WDIO-2144","selector":{"controlType":"sap.m.ComboBox","viewName":"etm.portal.ui.managehandovers.view.DetailExecuteHO","bindingPath":{"propertyPath":"RECEIVING_SECTION","modelName":"catalogModel"},"interaction":{"idSuffix":"inner"}},"clearTextFirst":true,"interactionType":"ENTER_TEXT"}]}
RESULT: {"script":"<script> [776 bytes]","args":[{"enterText":"WDIO-2144","selector":{"controlType":"sap.m.ComboBox","viewName":"etm.portal.ui.managehandovers.view.DetailExecuteHO","bindingPath":{"propertyPath":"RECEIVING_SECTION","modelName":"catalogModel"},"interaction":{"idSuffix":"inner"}},"clearTextFirst":true,"interactionType":"ENTER_TEXT"}]}
COMMAND: POST /session/601af62cb68afff6944e8a635357ab53/actions - {"actions":[{"id":"action39","type":"key","parameters":{},"actions":[{"type":"keyDown","value":"î€‡"},{"type":"pause","duration":10},{"type":"keyUp","value":"î€‡"}]}]}
RESULT: {"actions":[{"id":"action39","type":"key","parameters":{},"actions":[{"type":"keyDown","value":"î€‡"},{"type":"pause","duration":10},{"type":"keyUp","value":"î€‡"}]}]}
COMMAND: GET /session/601af62cb68afff6944e8a635357ab53/screenshot - {}
RESULT: {}
COMMAND: POST /session/601af62cb68afff6944e8a635357ab53/element - {"using":"xpath","value":"//button[@data-kt= \"execHoReceiveButton\"]"}
RESULT: {"using":"xpath","value":"//button[@data-kt= \"execHoReceiveButton\"]"}
COMMAND: POST /session/601af62cb68afff6944e8a635357ab53/element/f.2CF887CE126DC6B338BD3A7C0EF1B7FC.d.0C3C685C570281881663857C38463A42.e.10866/click - {}
RESULT: {}
COMMAND: GET /session/601af62cb68afff6944e8a635357ab53/screenshot - {}
RESULT: {}
COMMAND: POST /session/601af62cb68afff6944e8a635357ab53/execute/async - {"script":"<script> [1562 bytes]","args":[{"selector":{"controlType":"sap.m.Button","properties":{"text":"Continue"},"searchOpenDialogs":true,"interaction":{"idSuffix":"content"}},"wdio_ui5_key":"sapm.Button{\"text\":\"Continue\"}"}]}
RESULT: {"script":"<script> [1562 bytes]","args":[{"selector":{"controlType":"sap.m.Button","properties":{"text":"Continue"},"searchOpenDialogs":true,"interaction":{"idSuffix":"content"}},"wdio_ui5_key":"sapm.Button{\"text\":\"Continue\"}"}]}
RESULT: undefined
COMMAND: POST /session/601af62cb68afff6944e8a635357ab53/element - {"using":"xpath","value":"//*[@id=\"__mbox-btn-6\"]"}
RESULT: {"using":"xpath","value":"//*[@id=\"__mbox-btn-6\"]"}
COMMAND: POST /session/601af62cb68afff6944e8a635357ab53/element/f.2CF887CE126DC6B338BD3A7C0EF1B7FC.d.0C3C685C570281881663857C38463A42.e.10867/click - {}
RESULT: {}
COMMAND: GET /session/601af62cb68afff6944e8a635357ab53/screenshot - {}
RESULT: {}
COMMAND: POST /session/601af62cb68afff6944e8a635357ab53/element - {"using":"css selector","value":"#shell-header-logo"}
RESULT: {"using":"css selector","value":"#shell-header-logo"}
COMMAND: POST /session/601af62cb68afff6944e8a635357ab53/element/f.2CF887CE126DC6B338BD3A7C0EF1B7FC.d.0C3C685C570281881663857C38463A42.e.10574/click - {}
RESULT: {}
COMMAND: GET /session/601af62cb68afff6944e8a635357ab53/screenshot - {}
RESULT: {}
COMMAND: POST /session/601af62cb68afff6944e8a635357ab53/element - {"using":"css selector","value":"#j_username"}
COMMAND: POST /session/601af62cb68afff6944e8a635357ab53/url - {"url":"https://qa-testing-00-live-etm-ui.cfapps.eu10-004.hana.ondemand.com/"}
RESULT: {"using":"css selector","value":"#j_username"}
COMMAND: POST /session/601af62cb68afff6944e8a635357ab53/element - {"using":"css selector","value":"#j_username"}
RESULT: {"url":"https://qa-testing-00-live-etm-ui.cfapps.eu10-004.hana.ondemand.com/"}
RESULT: undefined
COMMAND: GET /session/601af62cb68afff6944e8a635357ab53/screenshot - {}
RESULT: {"using":"css selector","value":"#j_username"}
COMMAND: POST /session/601af62cb68afff6944e8a635357ab53/element - {"using":"css selector","value":"#shell-header-logo"}
RESULT: {}
RESULT: {"using":"css selector","value":"#shell-header-logo"}
COMMAND: POST /session/601af62cb68afff6944e8a635357ab53/execute/sync - {"script":"<script> [8489 bytes]","args":[{"element-6066-11e4-a52e-4f735466cecf":"f.2CF887CE126DC6B338BD3A7C0EF1B7FC.d.87F1C44FAE421992F90D42BA71C109FC.e.10932","ELEMENT":"f.2CF887CE126DC6B338BD3A7C0EF1B7FC.d.87F1C44FAE421992F90D42BA71C109FC.e.10932"}]}
RESULT: {"script":"<script> [8489 bytes]","args":[{"element-6066-11e4-a52e-4f735466cecf":"f.2CF887CE126DC6B338BD3A7C0EF1B7FC.d.87F1C44FAE421992F90D42BA71C109FC.e.10932","ELEMENT":"f.2CF887CE126DC6B338BD3A7C0EF1B7FC.d.87F1C44FAE421992F90D42BA71C109FC.e.10932"}]}
COMMAND: POST /session/601af62cb68afff6944e8a635357ab53/element - {"using":"css selector","value":"#shell-header-logo"}
COMMAND: GET /session/601af62cb68afff6944e8a635357ab53/screenshot - {}
RESULT: {"using":"css selector","value":"#shell-header-logo"}
COMMAND: POST /session/601af62cb68afff6944e8a635357ab53/execute/sync - {"script":"<script> [8489 bytes]","args":[{"element-6066-11e4-a52e-4f735466cecf":"f.2CF887CE126DC6B338BD3A7C0EF1B7FC.d.87F1C44FAE421992F90D42BA71C109FC.e.10932","ELEMENT":"f.2CF887CE126DC6B338BD3A7C0EF1B7FC.d.87F1C44FAE421992F90D42BA71C109FC.e.10932"}]}
RESULT: {}
RESULT: {"script":"<script> [8489 bytes]","args":[{"element-6066-11e4-a52e-4f735466cecf":"f.2CF887CE126DC6B338BD3A7C0EF1B7FC.d.87F1C44FAE421992F90D42BA71C109FC.e.10932","ELEMENT":"f.2CF887CE126DC6B338BD3A7C0EF1B7FC.d.87F1C44FAE421992F90D42BA71C109FC.e.10932"}]}
COMMAND: POST /session/601af62cb68afff6944e8a635357ab53/execute/sync - {"script":"<script> [5351 bytes]","args":[{"element-6066-11e4-a52e-4f735466cecf":"f.2CF887CE126DC6B338BD3A7C0EF1B7FC.d.87F1C44FAE421992F90D42BA71C109FC.e.10932","ELEMENT":"f.2CF887CE126DC6B338BD3A7C0EF1B7FC.d.87F1C44FAE421992F90D42BA71C109FC.e.10932"}]}
COMMAND: GET /session/601af62cb68afff6944e8a635357ab53/screenshot - {}
RESULT: {"script":"<script> [5351 bytes]","args":[{"element-6066-11e4-a52e-4f735466cecf":"f.2CF887CE126DC6B338BD3A7C0EF1B7FC.d.87F1C44FAE421992F90D42BA71C109FC.e.10932","ELEMENT":"f.2CF887CE126DC6B338BD3A7C0EF1B7FC.d.87F1C44FAE421992F90D42BA71C109FC.e.10932"}]}
COMMAND: POST /session/601af62cb68afff6944e8a635357ab53/element - {"using":"css selector","value":"#shell-header-logo"}
COMMAND: GET /session/601af62cb68afff6944e8a635357ab53/screenshot - {}
RESULT: {}
RESULT: {"using":"css selector","value":"#shell-header-logo"}
COMMAND: POST /session/601af62cb68afff6944e8a635357ab53/element/f.2CF887CE126DC6B338BD3A7C0EF1B7FC.d.87F1C44FAE421992F90D42BA71C109FC.e.10932/click - {}
RESULT: {}
RESULT: {}
COMMAND: GET /session/601af62cb68afff6944e8a635357ab53/screenshot - {}
RESULT: {}
COMMAND: POST /session/601af62cb68afff6944e8a635357ab53/execute/async - {"script":"<script> [189 bytes]","args":[]}
RESULT: {"script":"<script> [189 bytes]","args":[]}
COMMAND: POST /session/601af62cb68afff6944e8a635357ab53/execute/async - {"script":"<script> [123 bytes]","args":[]}
RESULT: {"script":"<script> [123 bytes]","args":[]}
COMMAND: POST /session/601af62cb68afff6944e8a635357ab53/timeouts - {"script":"<number>"}
RESULT: {"script":"<number>"}
COMMAND: GET /session/601af62cb68afff6944e8a635357ab53/timeouts - {}
RESULT: {}
RESULT: undefined
COMMAND: POST /session/601af62cb68afff6944e8a635357ab53/execute/async - {"script":"<script> [2676 bytes]","args":[]}
RESULT: {"script":"<script> [2676 bytes]","args":[]}
COMMAND: POST /session/601af62cb68afff6944e8a635357ab53/execute/async - {"script":"<script> [2342 bytes]","args":[{"protocol":"http","hostname":"0.0.0.0","path":"/","capabilities":{"browserName":"chrome","goog:chromeOptions":{"binary":"C:\\Program Files\\Google\\Chrome\\Application\\chrome.exe","args":["--start-maximized"]}},"logLevel":"warn","connectionRetryTimeout":120000,"connectionRetryCount":3,"logLevels":{},"enableDirectConnect":true,"strictSSL":true,"_":"65 more keys: [\"cacheDir\",\"port\",\"requestedCapabilities\",\"automationProtocol\",\"baseUrl\",\"waitforInterval\",\"waitforTimeout\",\"onReload\",\"beforeCommand\",\"afterCommand\",\"rootDir\",\"specs\",\"suites\",\"exclude\",\"groupLogsByTestSpec\",\"excludeDriverLogs\",\"bail\",\"framework\",\"reporters\",\"services\",\"maxInstances\",\"maxInstancesPerCapability\",\"injectGlobals\",\"filesToWatch\",\"execArgv\",\"runnerEnv\",\"runner\",\"shard\",\"specFileRetries\",\"specFileRetriesDelay\",\"specFileRetriesDeferred\",\"reporterSyncInterval\",\"reporterSyncTimeout\",\"cucumberFeaturesWithLineNumbers\",\"autoCompileOpts\",\"mochaOpts\",\"jasmineOpts\",\"cucumberOpts\",\"onPrepare\",\"onWorkerStart\",\"onWorkerEnd\",\"before\",\"beforeSession\",\"beforeSuite\",\"beforeHook\",\"beforeTest\",\"afterTest\",\"afterHook\",\"afterSuite\",\"afterSession\",\"after\",\"onComplete\",\"beforeAssertion\",\"afterAssertion\",\"beforeFeature\",\"beforeScenario\",\"beforeStep\",\"afterStep\",\"afterScenario\",\"afterFeature\",\"_\",\"suite\",\"$0\",\"ignoredWorkerServices\",\"wdi5\"]"}]}
RESULT: {"script":"<script> [2342 bytes]","args":[{"protocol":"http","hostname":"0.0.0.0","path":"/","capabilities":{"browserName":"chrome","goog:chromeOptions":{"binary":"C:\\Program Files\\Google\\Chrome\\Application\\chrome.exe","args":["--start-maximized"]}},"logLevel":"warn","connectionRetryTimeout":120000,"connectionRetryCount":3,"logLevels":{},"enableDirectConnect":true,"strictSSL":true,"_":"65 more keys: [\"cacheDir\",\"port\",\"requestedCapabilities\",\"automationProtocol\",\"baseUrl\",\"waitforInterval\",\"waitforTimeout\",\"onReload\",\"beforeCommand\",\"afterCommand\",\"rootDir\",\"specs\",\"suites\",\"exclude\",\"groupLogsByTestSpec\",\"excludeDriverLogs\",\"bail\",\"framework\",\"reporters\",\"services\",\"maxInstances\",\"maxInstancesPerCapability\",\"injectGlobals\",\"filesToWatch\",\"execArgv\",\"runnerEnv\",\"runner\",\"shard\",\"specFileRetries\",\"specFileRetriesDelay\",\"specFileRetriesDeferred\",\"reporterSyncInterval\",\"reporterSyncTimeout\",\"cucumberFeaturesWithLineNumbers\",\"autoCompileOpts\",\"mochaOpts\",\"jasmineOpts\",\"cucumberOpts\",\"onPrepare\",\"onWorkerStart\",\"onWorkerEnd\",\"before\",\"beforeSession\",\"beforeSuite\",\"beforeHook\",\"beforeTest\",\"afterTest\",\"afterHook\",\"afterSuite\",\"afterSession\",\"after\",\"onComplete\",\"beforeAssertion\",\"afterAssertion\",\"beforeFeature\",\"beforeScenario\",\"beforeStep\",\"afterStep\",\"afterScenario\",\"afterFeature\",\"_\",\"suite\",\"$0\",\"ignoredWorkerServices\",\"wdi5\"]"}]}
COMMAND: POST /session/601af62cb68afff6944e8a635357ab53/execute/async - {"script":"<script> [21126 bytes]","args":[35000]}
RESULT: {"script":"<script> [21126 bytes]","args":[35000]}
COMMAND: POST /session/601af62cb68afff6944e8a635357ab53/window/maximize - {}
RESULT: {}
COMMAND: POST /session/601af62cb68afff6944e8a635357ab53/execute/async - {"script":"<script> [1562 bytes]","args":[{"selector":{"id":"shell-header","interaction":{"idSuffix":"icon"}},"wdio_ui5_key":"shellheader"}]}
COMMAND: GET /session/601af62cb68afff6944e8a635357ab53/screenshot - {}
RESULT: {"script":"<script> [1562 bytes]","args":[{"selector":{"id":"shell-header","interaction":{"idSuffix":"icon"}},"wdio_ui5_key":"shellheader"}]}
RESULT: undefined
COMMAND: POST /session/601af62cb68afff6944e8a635357ab53/window/fullscreen - {}
RESULT: {}
RESULT: {}
]]></system-out>
    </testcase>
  </testsuite>
  <testsuite timestamp="2025-05-14T17:00:33" time="410.128" tests="4" failures="0" errors="0" skipped="0">
    <properties>
      <property name="specId" value="0" />
      <property name="suiteName" value="Provide to Site w/o warehouse management w/ clarification US116605" />
      <property name="capabilities" value="chrome.136_0_7103_49.windows" />
      <property name="file" value="file:///D:/a/1/s/test/specs/HTR/provide-to-site-wo-warehouse-w-clarification.spec.js" />
    </properties>
    <testcase classname="chrome.136_0_7103_49.windows.Provide_to_Site_w/o_warehouse_management_w/_clarification_US116605" name="Should create a new yard" time="111.547">
      <system-out><![CDATA[
COMMAND: POST /session/601af62cb68afff6944e8a635357ab53/window/fullscreen - {}
RESULT: {}
COMMAND: POST /session/601af62cb68afff6944e8a635357ab53/execute/async - {"script":"<script> [1562 bytes]","args":[{"selector":{"controlType":"sap.m.GenericTile","properties":{"header":"Manage Yards"}},"wdio_ui5_key":"sapm.GenericTile{\"header\":\"Manage Yards\"}"}]}
RESULT: {"script":"<script> [1562 bytes]","args":[{"selector":{"controlType":"sap.m.GenericTile","properties":{"header":"Manage Yards"}},"wdio_ui5_key":"sapm.GenericTile{\"header\":\"Manage Yards\"}"}]}
RESULT: undefined
COMMAND: POST /session/601af62cb68afff6944e8a635357ab53/element - {"using":"xpath","value":"//*[@id=\"__tile33\"]"}
RESULT: {"using":"xpath","value":"//*[@id=\"__tile33\"]"}
COMMAND: POST /session/601af62cb68afff6944e8a635357ab53/element/f.2CF887CE126DC6B338BD3A7C0EF1B7FC.d.87F1C44FAE421992F90D42BA71C109FC.e.10962/click - {}
RESULT: {}
COMMAND: GET /session/601af62cb68afff6944e8a635357ab53/screenshot - {}
RESULT: {}
COMMAND: POST /session/601af62cb68afff6944e8a635357ab53/elements - {"using":"xpath","value":"//span[text()='Error']"}
RESULT: {"using":"xpath","value":"//span[text()='Error']"}
COMMAND: POST /session/601af62cb68afff6944e8a635357ab53/element - {"using":"xpath","value":"//button[@data-kt=\"addNewYardOverflowToolbarButton\"]"}
RESULT: {"using":"xpath","value":"//button[@data-kt=\"addNewYardOverflowToolbarButton\"]"}
COMMAND: POST /session/601af62cb68afff6944e8a635357ab53/elements - {"using":"xpath","value":"//button[@data-kt=\"addNewYardOverflowToolbarButton\"]"}
RESULT: {"using":"xpath","value":"//button[@data-kt=\"addNewYardOverflowToolbarButton\"]"}
COMMAND: POST /session/601af62cb68afff6944e8a635357ab53/execute/sync - {"script":"<script> [8489 bytes]","args":[{"element-6066-11e4-a52e-4f735466cecf":"f.2CF887CE126DC6B338BD3A7C0EF1B7FC.d.87F1C44FAE421992F90D42BA71C109FC.e.11098","ELEMENT":"f.2CF887CE126DC6B338BD3A7C0EF1B7FC.d.87F1C44FAE421992F90D42BA71C109FC.e.11098"}]}
RESULT: {"script":"<script> [8489 bytes]","args":[{"element-6066-11e4-a52e-4f735466cecf":"f.2CF887CE126DC6B338BD3A7C0EF1B7FC.d.87F1C44FAE421992F90D42BA71C109FC.e.11098","ELEMENT":"f.2CF887CE126DC6B338BD3A7C0EF1B7FC.d.87F1C44FAE421992F90D42BA71C109FC.e.11098"}]}
COMMAND: GET /session/601af62cb68afff6944e8a635357ab53/element/f.2CF887CE126DC6B338BD3A7C0EF1B7FC.d.87F1C44FAE421992F90D42BA71C109FC.e.11098/enabled - {}
COMMAND: GET /session/601af62cb68afff6944e8a635357ab53/screenshot - {}
RESULT: {}
COMMAND: POST /session/601af62cb68afff6944e8a635357ab53/execute/sync - {"script":"<script> [8489 bytes]","args":[{"element-6066-11e4-a52e-4f735466cecf":"f.2CF887CE126DC6B338BD3A7C0EF1B7FC.d.87F1C44FAE421992F90D42BA71C109FC.e.11098","ELEMENT":"f.2CF887CE126DC6B338BD3A7C0EF1B7FC.d.87F1C44FAE421992F90D42BA71C109FC.e.11098"}]}
COMMAND: GET /session/601af62cb68afff6944e8a635357ab53/screenshot - {}
RESULT: {}
RESULT: {"script":"<script> [8489 bytes]","args":[{"element-6066-11e4-a52e-4f735466cecf":"f.2CF887CE126DC6B338BD3A7C0EF1B7FC.d.87F1C44FAE421992F90D42BA71C109FC.e.11098","ELEMENT":"f.2CF887CE126DC6B338BD3A7C0EF1B7FC.d.87F1C44FAE421992F90D42BA71C109FC.e.11098"}]}
COMMAND: POST /session/601af62cb68afff6944e8a635357ab53/execute/sync - {"script":"<script> [5351 bytes]","args":[{"element-6066-11e4-a52e-4f735466cecf":"f.2CF887CE126DC6B338BD3A7C0EF1B7FC.d.87F1C44FAE421992F90D42BA71C109FC.e.11098","ELEMENT":"f.2CF887CE126DC6B338BD3A7C0EF1B7FC.d.87F1C44FAE421992F90D42BA71C109FC.e.11098"}]}
COMMAND: GET /session/601af62cb68afff6944e8a635357ab53/screenshot - {}
RESULT: {}
RESULT: {"script":"<script> [5351 bytes]","args":[{"element-6066-11e4-a52e-4f735466cecf":"f.2CF887CE126DC6B338BD3A7C0EF1B7FC.d.87F1C44FAE421992F90D42BA71C109FC.e.11098","ELEMENT":"f.2CF887CE126DC6B338BD3A7C0EF1B7FC.d.87F1C44FAE421992F90D42BA71C109FC.e.11098"}]}
COMMAND: POST /session/601af62cb68afff6944e8a635357ab53/element/f.2CF887CE126DC6B338BD3A7C0EF1B7FC.d.87F1C44FAE421992F90D42BA71C109FC.e.11098/click - {}
COMMAND: GET /session/601af62cb68afff6944e8a635357ab53/screenshot - {}
RESULT: {}
RESULT: {}
COMMAND: GET /session/601af62cb68afff6944e8a635357ab53/screenshot - {}
RESULT: {}
RESULT: {}
COMMAND: POST /session/601af62cb68afff6944e8a635357ab53/element - {"using":"xpath","value":"//input[@id=\"application-manageyards-display-component---NewYard--yardId-inner\"]"}
RESULT: {"using":"xpath","value":"//input[@id=\"application-manageyards-display-component---NewYard--yardId-inner\"]"}
COMMAND: POST /session/601af62cb68afff6944e8a635357ab53/element - {"using":"xpath","value":"//input[@id=\"application-manageyards-display-component---NewYard--yardId-inner\"]"}
RESULT: {"using":"xpath","value":"//input[@id=\"application-manageyards-display-component---NewYard--yardId-inner\"]"}
COMMAND: POST /session/601af62cb68afff6944e8a635357ab53/execute/async - {"script":"<script> [1562 bytes]","args":[{"selector":{"id":"application-manageyards-display-component---NewYard--addressDetailDetailsName1","interaction":{"idSuffix":"inner"}},"wdio_ui5_key":"applicationmanageyards-display-component---NewYard--addressDetailDetailsName1"}]}
RESULT: {"script":"<script> [1562 bytes]","args":[{"selector":{"id":"application-manageyards-display-component---NewYard--addressDetailDetailsName1","interaction":{"idSuffix":"inner"}},"wdio_ui5_key":"applicationmanageyards-display-component---NewYard--addressDetailDetailsName1"}]}
RESULT: undefined
COMMAND: POST /session/601af62cb68afff6944e8a635357ab53/execute/async - {"script":"<script> [776 bytes]","args":[{"enterText":"Other Yard WDIO","selector":{"id":"application-manageyards-display-component---NewYard--addressDetailDetailsName1","interaction":{"idSuffix":"inner"}},"clearTextFirst":true,"interactionType":"ENTER_TEXT"}]}
RESULT: {"script":"<script> [776 bytes]","args":[{"enterText":"Other Yard WDIO","selector":{"id":"application-manageyards-display-component---NewYard--addressDetailDetailsName1","interaction":{"idSuffix":"inner"}},"clearTextFirst":true,"interactionType":"ENTER_TEXT"}]}
COMMAND: POST /session/601af62cb68afff6944e8a635357ab53/execute/async - {"script":"<script> [1562 bytes]","args":[{"selector":{"id":"application-manageyards-display-component---NewYard--addressDetailDetailsLanguage-arrow"},"wdio_ui5_key":"applicationmanageyards-display-component---NewYard--addressDetailDetailsLanguage-arrow"}]}
RESULT: {"script":"<script> [1562 bytes]","args":[{"selector":{"id":"application-manageyards-display-component---NewYard--addressDetailDetailsLanguage-arrow"},"wdio_ui5_key":"applicationmanageyards-display-component---NewYard--addressDetailDetailsLanguage-arrow"}]}
RESULT: undefined
COMMAND: POST /session/601af62cb68afff6944e8a635357ab53/element - {"using":"xpath","value":"//*[@id=\"application-manageyards-display-component---NewYard--addressDetailDetailsLanguage-arrow\"]"}
RESULT: {"using":"xpath","value":"//*[@id=\"application-manageyards-display-component---NewYard--addressDetailDetailsLanguage-arrow\"]"}
COMMAND: POST /session/601af62cb68afff6944e8a635357ab53/element/f.2CF887CE126DC6B338BD3A7C0EF1B7FC.d.87F1C44FAE421992F90D42BA71C109FC.e.11529/click - {}
RESULT: {}
COMMAND: POST /session/601af62cb68afff6944e8a635357ab53/element - {"using":"xpath","value":"//span[contains(text(), \"English\")]"}
COMMAND: GET /session/601af62cb68afff6944e8a635357ab53/screenshot - {}
RESULT: {"using":"xpath","value":"//span[contains(text(), \"English\")]"}
COMMAND: POST /session/601af62cb68afff6944e8a635357ab53/element/f.2CF887CE126DC6B338BD3A7C0EF1B7FC.d.87F1C44FAE421992F90D42BA71C109FC.e.11530/click - {}
RESULT: {}
RESULT: {}
COMMAND: POST /session/601af62cb68afff6944e8a635357ab53/execute/async - {"script":"<script> [1562 bytes]","args":[{"selector":{"id":"application-manageyards-display-component---NewYard--addressDetailDetailsCity1","interaction":{"idSuffix":"inner"}},"wdio_ui5_key":"applicationmanageyards-display-component---NewYard--addressDetailDetailsCity1"}]}
COMMAND: GET /session/601af62cb68afff6944e8a635357ab53/screenshot - {}
RESULT: {"script":"<script> [1562 bytes]","args":[{"selector":{"id":"application-manageyards-display-component---NewYard--addressDetailDetailsCity1","interaction":{"idSuffix":"inner"}},"wdio_ui5_key":"applicationmanageyards-display-component---NewYard--addressDetailDetailsCity1"}]}
RESULT: undefined
COMMAND: POST /session/601af62cb68afff6944e8a635357ab53/execute/async - {"script":"<script> [776 bytes]","args":[{"enterText":"Rosario","selector":{"id":"application-manageyards-display-component---NewYard--addressDetailDetailsCity1","interaction":{"idSuffix":"inner"}},"clearTextFirst":true,"interactionType":"ENTER_TEXT"}]}
RESULT: {}
RESULT: {"script":"<script> [776 bytes]","args":[{"enterText":"Rosario","selector":{"id":"application-manageyards-display-component---NewYard--addressDetailDetailsCity1","interaction":{"idSuffix":"inner"}},"clearTextFirst":true,"interactionType":"ENTER_TEXT"}]}
COMMAND: POST /session/601af62cb68afff6944e8a635357ab53/execute/async - {"script":"<script> [1562 bytes]","args":[{"selector":{"id":"application-manageyards-display-component---NewYard--addressDetailDetailsCountry-arrow"},"wdio_ui5_key":"applicationmanageyards-display-component---NewYard--addressDetailDetailsCountry-arrow"}]}
RESULT: {"script":"<script> [1562 bytes]","args":[{"selector":{"id":"application-manageyards-display-component---NewYard--addressDetailDetailsCountry-arrow"},"wdio_ui5_key":"applicationmanageyards-display-component---NewYard--addressDetailDetailsCountry-arrow"}]}
RESULT: undefined
COMMAND: POST /session/601af62cb68afff6944e8a635357ab53/element - {"using":"xpath","value":"//*[@id=\"application-manageyards-display-component---NewYard--addressDetailDetailsCountry-arrow\"]"}
RESULT: {"using":"xpath","value":"//*[@id=\"application-manageyards-display-component---NewYard--addressDetailDetailsCountry-arrow\"]"}
COMMAND: POST /session/601af62cb68afff6944e8a635357ab53/element/f.2CF887CE126DC6B338BD3A7C0EF1B7FC.d.87F1C44FAE421992F90D42BA71C109FC.e.11532/click - {}
RESULT: {}
COMMAND: POST /session/601af62cb68afff6944e8a635357ab53/element - {"using":"xpath","value":"//span[contains(text(), \"Argentina\")]"}
COMMAND: GET /session/601af62cb68afff6944e8a635357ab53/screenshot - {}
RESULT: {"using":"xpath","value":"//span[contains(text(), \"Argentina\")]"}
COMMAND: POST /session/601af62cb68afff6944e8a635357ab53/element/f.2CF887CE126DC6B338BD3A7C0EF1B7FC.d.87F1C44FAE421992F90D42BA71C109FC.e.11533/click - {}
RESULT: {}
RESULT: {}
COMMAND: POST /session/601af62cb68afff6944e8a635357ab53/execute/async - {"script":"<script> [1562 bytes]","args":[{"selector":{"id":"application-manageyards-display-component---NewYard--addressEditDetailsCostObjectCstType-arrow"},"wdio_ui5_key":"applicationmanageyards-display-component---NewYard--addressEditDetailsCostObjectCstType-arrow"}]}
COMMAND: GET /session/601af62cb68afff6944e8a635357ab53/screenshot - {}
RESULT: {"script":"<script> [1562 bytes]","args":[{"selector":{"id":"application-manageyards-display-component---NewYard--addressEditDetailsCostObjectCstType-arrow"},"wdio_ui5_key":"applicationmanageyards-display-component---NewYard--addressEditDetailsCostObjectCstType-arrow"}]}
RESULT: undefined
COMMAND: POST /session/601af62cb68afff6944e8a635357ab53/element - {"using":"xpath","value":"//*[@id=\"application-manageyards-display-component---NewYard--addressEditDetailsCostObjectCstType-arrow\"]"}
RESULT: {}
RESULT: {"using":"xpath","value":"//*[@id=\"application-manageyards-display-component---NewYard--addressEditDetailsCostObjectCstType-arrow\"]"}
COMMAND: POST /session/601af62cb68afff6944e8a635357ab53/element/f.2CF887CE126DC6B338BD3A7C0EF1B7FC.d.87F1C44FAE421992F90D42BA71C109FC.e.11535/click - {}
RESULT: {}
COMMAND: POST /session/601af62cb68afff6944e8a635357ab53/element - {"using":"xpath","value":"//span[contains(text(), \"Cost Center\")]"}
COMMAND: GET /session/601af62cb68afff6944e8a635357ab53/screenshot - {}
RESULT: {"using":"xpath","value":"//span[contains(text(), \"Cost Center\")]"}
COMMAND: POST /session/601af62cb68afff6944e8a635357ab53/element/f.2CF887CE126DC6B338BD3A7C0EF1B7FC.d.87F1C44FAE421992F90D42BA71C109FC.e.11536/click - {}
RESULT: {}
RESULT: {}
COMMAND: GET /session/601af62cb68afff6944e8a635357ab53/screenshot - {}
RESULT: {}
COMMAND: POST /session/601af62cb68afff6944e8a635357ab53/element - {"using":"xpath","value":"//span[@id=\"application-manageyards-display-component---NewYard--addressNewCostObjectCstID-vhi\"]"}
RESULT: {"using":"xpath","value":"//span[@id=\"application-manageyards-display-component---NewYard--addressNewCostObjectCstID-vhi\"]"}
COMMAND: POST /session/601af62cb68afff6944e8a635357ab53/execute/sync - {"script":"<script> [8489 bytes]","args":[{"element-6066-11e4-a52e-4f735466cecf":"f.2CF887CE126DC6B338BD3A7C0EF1B7FC.d.87F1C44FAE421992F90D42BA71C109FC.e.11540","ELEMENT":"f.2CF887CE126DC6B338BD3A7C0EF1B7FC.d.87F1C44FAE421992F90D42BA71C109FC.e.11540"}]}
RESULT: {"script":"<script> [8489 bytes]","args":[{"element-6066-11e4-a52e-4f735466cecf":"f.2CF887CE126DC6B338BD3A7C0EF1B7FC.d.87F1C44FAE421992F90D42BA71C109FC.e.11540","ELEMENT":"f.2CF887CE126DC6B338BD3A7C0EF1B7FC.d.87F1C44FAE421992F90D42BA71C109FC.e.11540"}]}
COMMAND: POST /session/601af62cb68afff6944e8a635357ab53/execute/async - {"script":"<script> [1562 bytes]","args":[{"selector":{"id":"application-manageyards-display-component---NewYard--addressNewCostObjectCstID-vhi"},"wdio_ui5_key":"applicationmanageyards-display-component---NewYard--addressNewCostObjectCstID-vhi"}]}
COMMAND: GET /session/601af62cb68afff6944e8a635357ab53/screenshot - {}
RESULT: {"script":"<script> [1562 bytes]","args":[{"selector":{"id":"application-manageyards-display-component---NewYard--addressNewCostObjectCstID-vhi"},"wdio_ui5_key":"applicationmanageyards-display-component---NewYard--addressNewCostObjectCstID-vhi"}]}
RESULT: undefined
COMMAND: POST /session/601af62cb68afff6944e8a635357ab53/element - {"using":"xpath","value":"//*[@id=\"application-manageyards-display-component---NewYard--addressNewCostObjectCstID-vhi\"]"}
RESULT: {}
RESULT: {"using":"xpath","value":"//*[@id=\"application-manageyards-display-component---NewYard--addressNewCostObjectCstID-vhi\"]"}
COMMAND: POST /session/601af62cb68afff6944e8a635357ab53/element/f.2CF887CE126DC6B338BD3A7C0EF1B7FC.d.87F1C44FAE421992F90D42BA71C109FC.e.11540/click - {}
RESULT: {}
COMMAND: GET /session/601af62cb68afff6944e8a635357ab53/screenshot - {}
RESULT: {}
COMMAND: POST /session/601af62cb68afff6944e8a635357ab53/execute/async - {"script":"<script> [1562 bytes]","args":[{"selector":{"controlType":"sap.m.SearchField","properties":{"placeholder":"Search"},"searchOpenDialogs":true,"interaction":{"idSuffix":"I"}},"wdio_ui5_key":"sapm.SearchField{\"placeholder\":\"Search\"}"}]}
RESULT: {"script":"<script> [1562 bytes]","args":[{"selector":{"controlType":"sap.m.SearchField","properties":{"placeholder":"Search"},"searchOpenDialogs":true,"interaction":{"idSuffix":"I"}},"wdio_ui5_key":"sapm.SearchField{\"placeholder\":\"Search\"}"}]}
RESULT: undefined
COMMAND: POST /session/601af62cb68afff6944e8a635357ab53/execute/async - {"script":"<script> [776 bytes]","args":[{"enterText":"bauh_b","selector":{"controlType":"sap.m.SearchField","properties":{"placeholder":"Search"},"searchOpenDialogs":true,"interaction":{"idSuffix":"I"}},"clearTextFirst":true,"interactionType":"ENTER_TEXT"}]}
RESULT: {"script":"<script> [776 bytes]","args":[{"enterText":"bauh_b","selector":{"controlType":"sap.m.SearchField","properties":{"placeholder":"Search"},"searchOpenDialogs":true,"interaction":{"idSuffix":"I"}},"clearTextFirst":true,"interactionType":"ENTER_TEXT"}]}
COMMAND: POST /session/601af62cb68afff6944e8a635357ab53/actions - {"actions":[{"id":"action40","type":"key","parameters":{},"actions":[{"type":"keyDown","value":"î€‡"},{"type":"pause","duration":10},{"type":"keyUp","value":"î€‡"}]}]}
RESULT: {"actions":[{"id":"action40","type":"key","parameters":{},"actions":[{"type":"keyDown","value":"î€‡"},{"type":"pause","duration":10},{"type":"keyUp","value":"î€‡"}]}]}
COMMAND: GET /session/601af62cb68afff6944e8a635357ab53/screenshot - {}
RESULT: {}
COMMAND: POST /session/601af62cb68afff6944e8a635357ab53/element - {"using":"xpath","value":"//span[contains(text(), \"Demo Yard\")]"}
RESULT: {"using":"xpath","value":"//span[contains(text(), \"Demo Yard\")]"}
COMMAND: POST /session/601af62cb68afff6944e8a635357ab53/element/f.2CF887CE126DC6B338BD3A7C0EF1B7FC.d.87F1C44FAE421992F90D42BA71C109FC.e.11581/click - {}
RESULT: {}
COMMAND: GET /session/601af62cb68afff6944e8a635357ab53/screenshot - {}
RESULT: {}
COMMAND: POST /session/601af62cb68afff6944e8a635357ab53/element - {"using":"xpath","value":"//bdi[contains(text(), \"OK\")]"}
RESULT: {"using":"xpath","value":"//bdi[contains(text(), \"OK\")]"}
COMMAND: POST /session/601af62cb68afff6944e8a635357ab53/element/f.2CF887CE126DC6B338BD3A7C0EF1B7FC.d.87F1C44FAE421992F90D42BA71C109FC.e.11582/click - {}
RESULT: {}
COMMAND: GET /session/601af62cb68afff6944e8a635357ab53/screenshot - {}
RESULT: {}
COMMAND: POST /session/601af62cb68afff6944e8a635357ab53/execute/async - {"script":"<script> [1562 bytes]","args":[{"selector":{"id":"application-manageyards-display-component---NewYard--addressEditDetailsCurrency-arrow"},"wdio_ui5_key":"applicationmanageyards-display-component---NewYard--addressEditDetailsCurrency-arrow"}]}
RESULT: {"script":"<script> [1562 bytes]","args":[{"selector":{"id":"application-manageyards-display-component---NewYard--addressEditDetailsCurrency-arrow"},"wdio_ui5_key":"applicationmanageyards-display-component---NewYard--addressEditDetailsCurrency-arrow"}]}
RESULT: undefined
COMMAND: POST /session/601af62cb68afff6944e8a635357ab53/element - {"using":"xpath","value":"//*[@id=\"application-manageyards-display-component---NewYard--addressEditDetailsCurrency-arrow\"]"}
RESULT: {"using":"xpath","value":"//*[@id=\"application-manageyards-display-component---NewYard--addressEditDetailsCurrency-arrow\"]"}
COMMAND: POST /session/601af62cb68afff6944e8a635357ab53/element/f.2CF887CE126DC6B338BD3A7C0EF1B7FC.d.87F1C44FAE421992F90D42BA71C109FC.e.11585/click - {}
RESULT: {}
COMMAND: POST /session/601af62cb68afff6944e8a635357ab53/element - {"using":"xpath","value":"//span[contains(text(), \"Euro\")]"}
COMMAND: GET /session/601af62cb68afff6944e8a635357ab53/screenshot - {}
RESULT: {"using":"xpath","value":"//span[contains(text(), \"Euro\")]"}
COMMAND: POST /session/601af62cb68afff6944e8a635357ab53/element/f.2CF887CE126DC6B338BD3A7C0EF1B7FC.d.87F1C44FAE421992F90D42BA71C109FC.e.11586/click - {}
RESULT: {}
RESULT: {}
COMMAND: POST /session/601af62cb68afff6944e8a635357ab53/execute/async - {"script":"<script> [1562 bytes]","args":[{"selector":{"controlType":"sap.m.Input","viewName":"etm.portal.ui.manageyards.view.New","viewId":"application-manageyards-display-component---NewYard","bindingPath":{"path":"","propertyPath":"/CONTROLLING_AREA","modelName":"NewYardModel"},"interaction":{"idSuffix":"inner"}},"wdio_ui5_key":"etmportal.ui.manageyards.view.Newsap.m.Input{\"path\":\"\",\"propertyPath\":\"/CONTROLLING_AREA\",\"modelName\":\"NewYardModel\"}"}]}
COMMAND: GET /session/601af62cb68afff6944e8a635357ab53/screenshot - {}
RESULT: {"script":"<script> [1562 bytes]","args":[{"selector":{"controlType":"sap.m.Input","viewName":"etm.portal.ui.manageyards.view.New","viewId":"application-manageyards-display-component---NewYard","bindingPath":{"path":"","propertyPath":"/CONTROLLING_AREA","modelName":"NewYardModel"},"interaction":{"idSuffix":"inner"}},"wdio_ui5_key":"etmportal.ui.manageyards.view.Newsap.m.Input{\"path\":\"\",\"propertyPath\":\"/CONTROLLING_AREA\",\"modelName\":\"NewYardModel\"}"}]}
RESULT: undefined
COMMAND: POST /session/601af62cb68afff6944e8a635357ab53/execute/async - {"script":"<script> [776 bytes]","args":[{"enterText":"Z001","selector":{"controlType":"sap.m.Input","viewName":"etm.portal.ui.manageyards.view.New","viewId":"application-manageyards-display-component---NewYard","bindingPath":{"path":"","propertyPath":"/CONTROLLING_AREA","modelName":"NewYardModel"},"interaction":{"idSuffix":"inner"}},"clearTextFirst":true,"interactionType":"ENTER_TEXT"}]}
RESULT: {}
RESULT: {"script":"<script> [776 bytes]","args":[{"enterText":"Z001","selector":{"controlType":"sap.m.Input","viewName":"etm.portal.ui.manageyards.view.New","viewId":"application-manageyards-display-component---NewYard","bindingPath":{"path":"","propertyPath":"/CONTROLLING_AREA","modelName":"NewYardModel"},"interaction":{"idSuffix":"inner"}},"clearTextFirst":true,"interactionType":"ENTER_TEXT"}]}
COMMAND: POST /session/601af62cb68afff6944e8a635357ab53/execute/async - {"script":"<script> [1562 bytes]","args":[{"selector":{"id":"application-manageyards-display-component---NewYard--companyCodeComboBox","interaction":{"idSuffix":"inner"}},"wdio_ui5_key":"applicationmanageyards-display-component---NewYard--companyCodeComboBox"}]}
RESULT: {"script":"<script> [1562 bytes]","args":[{"selector":{"id":"application-manageyards-display-component---NewYard--companyCodeComboBox","interaction":{"idSuffix":"inner"}},"wdio_ui5_key":"applicationmanageyards-display-component---NewYard--companyCodeComboBox"}]}
RESULT: undefined
COMMAND: POST /session/601af62cb68afff6944e8a635357ab53/execute/async - {"script":"<script> [776 bytes]","args":[{"enterText":"1000","selector":{"id":"application-manageyards-display-component---NewYard--companyCodeComboBox","interaction":{"idSuffix":"inner"}},"clearTextFirst":true,"interactionType":"ENTER_TEXT"}]}
RESULT: {"script":"<script> [776 bytes]","args":[{"enterText":"1000","selector":{"id":"application-manageyards-display-component---NewYard--companyCodeComboBox","interaction":{"idSuffix":"inner"}},"clearTextFirst":true,"interactionType":"ENTER_TEXT"}]}
COMMAND: POST /session/601af62cb68afff6944e8a635357ab53/execute/async - {"script":"<script> [1562 bytes]","args":[{"selector":{"controlType":"sap.m.Input","viewName":"etm.portal.ui.manageyards.view.New","viewId":"application-manageyards-display-component---NewYard","bindingPath":{"path":"","propertyPath":"/PLANT","modelName":"NewYardModel"},"interaction":{"idSuffix":"inner"}},"wdio_ui5_key":"etmportal.ui.manageyards.view.Newsap.m.Input{\"path\":\"\",\"propertyPath\":\"/PLANT\",\"modelName\":\"NewYardModel\"}"}]}
RESULT: {"script":"<script> [1562 bytes]","args":[{"selector":{"controlType":"sap.m.Input","viewName":"etm.portal.ui.manageyards.view.New","viewId":"application-manageyards-display-component---NewYard","bindingPath":{"path":"","propertyPath":"/PLANT","modelName":"NewYardModel"},"interaction":{"idSuffix":"inner"}},"wdio_ui5_key":"etmportal.ui.manageyards.view.Newsap.m.Input{\"path\":\"\",\"propertyPath\":\"/PLANT\",\"modelName\":\"NewYardModel\"}"}]}
RESULT: undefined
COMMAND: POST /session/601af62cb68afff6944e8a635357ab53/execute/async - {"script":"<script> [776 bytes]","args":[{"enterText":"1001","selector":{"controlType":"sap.m.Input","viewName":"etm.portal.ui.manageyards.view.New","viewId":"application-manageyards-display-component---NewYard","bindingPath":{"path":"","propertyPath":"/PLANT","modelName":"NewYardModel"},"interaction":{"idSuffix":"inner"}},"clearTextFirst":true,"interactionType":"ENTER_TEXT"}]}
RESULT: {"script":"<script> [776 bytes]","args":[{"enterText":"1001","selector":{"controlType":"sap.m.Input","viewName":"etm.portal.ui.manageyards.view.New","viewId":"application-manageyards-display-component---NewYard","bindingPath":{"path":"","propertyPath":"/PLANT","modelName":"NewYardModel"},"interaction":{"idSuffix":"inner"}},"clearTextFirst":true,"interactionType":"ENTER_TEXT"}]}
COMMAND: POST /session/601af62cb68afff6944e8a635357ab53/execute/async - {"script":"<script> [1562 bytes]","args":[{"selector":{"controlType":"sap.m.Input","viewName":"etm.portal.ui.manageyards.view.New","viewId":"application-manageyards-display-component---NewYard","bindingPath":{"path":"","propertyPath":"/SALES_AREA_VKORG","modelName":"NewYardModel"},"interaction":{"idSuffix":"inner"}},"wdio_ui5_key":"etmportal.ui.manageyards.view.Newsap.m.Input{\"path\":\"\",\"propertyPath\":\"/SALES_AREA_VKORG\",\"modelName\":\"NewYardModel\"}"}]}
RESULT: {"script":"<script> [1562 bytes]","args":[{"selector":{"controlType":"sap.m.Input","viewName":"etm.portal.ui.manageyards.view.New","viewId":"application-manageyards-display-component---NewYard","bindingPath":{"path":"","propertyPath":"/SALES_AREA_VKORG","modelName":"NewYardModel"},"interaction":{"idSuffix":"inner"}},"wdio_ui5_key":"etmportal.ui.manageyards.view.Newsap.m.Input{\"path\":\"\",\"propertyPath\":\"/SALES_AREA_VKORG\",\"modelName\":\"NewYardModel\"}"}]}
RESULT: undefined
COMMAND: POST /session/601af62cb68afff6944e8a635357ab53/execute/async - {"script":"<script> [776 bytes]","args":[{"enterText":"C002","selector":{"controlType":"sap.m.Input","viewName":"etm.portal.ui.manageyards.view.New","viewId":"application-manageyards-display-component---NewYard","bindingPath":{"path":"","propertyPath":"/SALES_AREA_VKORG","modelName":"NewYardModel"},"interaction":{"idSuffix":"inner"}},"clearTextFirst":true,"interactionType":"ENTER_TEXT"}]}
RESULT: {"script":"<script> [776 bytes]","args":[{"enterText":"C002","selector":{"controlType":"sap.m.Input","viewName":"etm.portal.ui.manageyards.view.New","viewId":"application-manageyards-display-component---NewYard","bindingPath":{"path":"","propertyPath":"/SALES_AREA_VKORG","modelName":"NewYardModel"},"interaction":{"idSuffix":"inner"}},"clearTextFirst":true,"interactionType":"ENTER_TEXT"}]}
COMMAND: POST /session/601af62cb68afff6944e8a635357ab53/execute/async - {"script":"<script> [1562 bytes]","args":[{"selector":{"controlType":"sap.m.Input","viewName":"etm.portal.ui.manageyards.view.New","viewId":"application-manageyards-display-component---NewYard","bindingPath":{"path":"","propertyPath":"/SALES_AREA_VTWEG","modelName":"NewYardModel"},"interaction":{"idSuffix":"inner"}},"wdio_ui5_key":"etmportal.ui.manageyards.view.Newsap.m.Input{\"path\":\"\",\"propertyPath\":\"/SALES_AREA_VTWEG\",\"modelName\":\"NewYardModel\"}"}]}
RESULT: {"script":"<script> [1562 bytes]","args":[{"selector":{"controlType":"sap.m.Input","viewName":"etm.portal.ui.manageyards.view.New","viewId":"application-manageyards-display-component---NewYard","bindingPath":{"path":"","propertyPath":"/SALES_AREA_VTWEG","modelName":"NewYardModel"},"interaction":{"idSuffix":"inner"}},"wdio_ui5_key":"etmportal.ui.manageyards.view.Newsap.m.Input{\"path\":\"\",\"propertyPath\":\"/SALES_AREA_VTWEG\",\"modelName\":\"NewYardModel\"}"}]}
RESULT: undefined
COMMAND: POST /session/601af62cb68afff6944e8a635357ab53/execute/async - {"script":"<script> [776 bytes]","args":[{"enterText":"C2","selector":{"controlType":"sap.m.Input","viewName":"etm.portal.ui.manageyards.view.New","viewId":"application-manageyards-display-component---NewYard","bindingPath":{"path":"","propertyPath":"/SALES_AREA_VTWEG","modelName":"NewYardModel"},"interaction":{"idSuffix":"inner"}},"clearTextFirst":true,"interactionType":"ENTER_TEXT"}]}
RESULT: {"script":"<script> [776 bytes]","args":[{"enterText":"C2","selector":{"controlType":"sap.m.Input","viewName":"etm.portal.ui.manageyards.view.New","viewId":"application-manageyards-display-component---NewYard","bindingPath":{"path":"","propertyPath":"/SALES_AREA_VTWEG","modelName":"NewYardModel"},"interaction":{"idSuffix":"inner"}},"clearTextFirst":true,"interactionType":"ENTER_TEXT"}]}
COMMAND: POST /session/601af62cb68afff6944e8a635357ab53/execute/async - {"script":"<script> [1562 bytes]","args":[{"selector":{"controlType":"sap.m.Input","viewName":"etm.portal.ui.manageyards.view.New","viewId":"application-manageyards-display-component---NewYard","bindingPath":{"path":"","propertyPath":"/SALES_AREA_SPART","modelName":"NewYardModel"},"interaction":{"idSuffix":"inner"}},"wdio_ui5_key":"etmportal.ui.manageyards.view.Newsap.m.Input{\"path\":\"\",\"propertyPath\":\"/SALES_AREA_SPART\",\"modelName\":\"NewYardModel\"}"}]}
RESULT: {"script":"<script> [1562 bytes]","args":[{"selector":{"controlType":"sap.m.Input","viewName":"etm.portal.ui.manageyards.view.New","viewId":"application-manageyards-display-component---NewYard","bindingPath":{"path":"","propertyPath":"/SALES_AREA_SPART","modelName":"NewYardModel"},"interaction":{"idSuffix":"inner"}},"wdio_ui5_key":"etmportal.ui.manageyards.view.Newsap.m.Input{\"path\":\"\",\"propertyPath\":\"/SALES_AREA_SPART\",\"modelName\":\"NewYardModel\"}"}]}
RESULT: undefined
COMMAND: POST /session/601af62cb68afff6944e8a635357ab53/execute/async - {"script":"<script> [776 bytes]","args":[{"enterText":"C2","selector":{"controlType":"sap.m.Input","viewName":"etm.portal.ui.manageyards.view.New","viewId":"application-manageyards-display-component---NewYard","bindingPath":{"path":"","propertyPath":"/SALES_AREA_SPART","modelName":"NewYardModel"},"interaction":{"idSuffix":"inner"}},"clearTextFirst":true,"interactionType":"ENTER_TEXT"}]}
RESULT: {"script":"<script> [776 bytes]","args":[{"enterText":"C2","selector":{"controlType":"sap.m.Input","viewName":"etm.portal.ui.manageyards.view.New","viewId":"application-manageyards-display-component---NewYard","bindingPath":{"path":"","propertyPath":"/SALES_AREA_SPART","modelName":"NewYardModel"},"interaction":{"idSuffix":"inner"}},"clearTextFirst":true,"interactionType":"ENTER_TEXT"}]}
COMMAND: POST /session/601af62cb68afff6944e8a635357ab53/execute/async - {"script":"<script> [1562 bytes]","args":[{"selector":{"controlType":"sap.m.Input","viewName":"etm.portal.ui.manageyards.view.New","viewId":"application-manageyards-display-component---NewYard","bindingPath":{"path":"","propertyPath":"/SHIP_POINT","modelName":"NewYardModel"},"interaction":{"idSuffix":"inner"}},"wdio_ui5_key":"etmportal.ui.manageyards.view.Newsap.m.Input{\"path\":\"\",\"propertyPath\":\"/SHIP_POINT\",\"modelName\":\"NewYardModel\"}"}]}
RESULT: {"script":"<script> [1562 bytes]","args":[{"selector":{"controlType":"sap.m.Input","viewName":"etm.portal.ui.manageyards.view.New","viewId":"application-manageyards-display-component---NewYard","bindingPath":{"path":"","propertyPath":"/SHIP_POINT","modelName":"NewYardModel"},"interaction":{"idSuffix":"inner"}},"wdio_ui5_key":"etmportal.ui.manageyards.view.Newsap.m.Input{\"path\":\"\",\"propertyPath\":\"/SHIP_POINT\",\"modelName\":\"NewYardModel\"}"}]}
RESULT: undefined
COMMAND: POST /session/601af62cb68afff6944e8a635357ab53/execute/async - {"script":"<script> [776 bytes]","args":[{"enterText":"1710","selector":{"controlType":"sap.m.Input","viewName":"etm.portal.ui.manageyards.view.New","viewId":"application-manageyards-display-component---NewYard","bindingPath":{"path":"","propertyPath":"/SHIP_POINT","modelName":"NewYardModel"},"interaction":{"idSuffix":"inner"}},"clearTextFirst":true,"interactionType":"ENTER_TEXT"}]}
RESULT: {"script":"<script> [776 bytes]","args":[{"enterText":"1710","selector":{"controlType":"sap.m.Input","viewName":"etm.portal.ui.manageyards.view.New","viewId":"application-manageyards-display-component---NewYard","bindingPath":{"path":"","propertyPath":"/SHIP_POINT","modelName":"NewYardModel"},"interaction":{"idSuffix":"inner"}},"clearTextFirst":true,"interactionType":"ENTER_TEXT"}]}
COMMAND: POST /session/601af62cb68afff6944e8a635357ab53/execute/async - {"script":"<script> [1562 bytes]","args":[{"selector":{"controlType":"sap.m.Input","viewName":"etm.portal.ui.manageyards.view.New","viewId":"application-manageyards-display-component---NewYard","bindingPath":{"path":"","propertyPath":"/DELIVERY_TYPE","modelName":"NewYardModel"},"interaction":{"idSuffix":"inner"}},"wdio_ui5_key":"etmportal.ui.manageyards.view.Newsap.m.Input{\"path\":\"\",\"propertyPath\":\"/DELIVERY_TYPE\",\"modelName\":\"NewYardModel\"}"}]}
RESULT: {"script":"<script> [1562 bytes]","args":[{"selector":{"controlType":"sap.m.Input","viewName":"etm.portal.ui.manageyards.view.New","viewId":"application-manageyards-display-component---NewYard","bindingPath":{"path":"","propertyPath":"/DELIVERY_TYPE","modelName":"NewYardModel"},"interaction":{"idSuffix":"inner"}},"wdio_ui5_key":"etmportal.ui.manageyards.view.Newsap.m.Input{\"path\":\"\",\"propertyPath\":\"/DELIVERY_TYPE\",\"modelName\":\"NewYardModel\"}"}]}
RESULT: undefined
COMMAND: POST /session/601af62cb68afff6944e8a635357ab53/execute/async - {"script":"<script> [776 bytes]","args":[{"enterText":"ZL01","selector":{"controlType":"sap.m.Input","viewName":"etm.portal.ui.manageyards.view.New","viewId":"application-manageyards-display-component---NewYard","bindingPath":{"path":"","propertyPath":"/DELIVERY_TYPE","modelName":"NewYardModel"},"interaction":{"idSuffix":"inner"}},"clearTextFirst":true,"interactionType":"ENTER_TEXT"}]}
RESULT: {"script":"<script> [776 bytes]","args":[{"enterText":"ZL01","selector":{"controlType":"sap.m.Input","viewName":"etm.portal.ui.manageyards.view.New","viewId":"application-manageyards-display-component---NewYard","bindingPath":{"path":"","propertyPath":"/DELIVERY_TYPE","modelName":"NewYardModel"},"interaction":{"idSuffix":"inner"}},"clearTextFirst":true,"interactionType":"ENTER_TEXT"}]}
COMMAND: POST /session/601af62cb68afff6944e8a635357ab53/execute/async - {"script":"<script> [1562 bytes]","args":[{"selector":{"controlType":"sap.m.Input","viewName":"etm.portal.ui.manageyards.view.New","viewId":"application-manageyards-display-component---NewYard","bindingPath":{"path":"","propertyPath":"/AUART","modelName":"NewYardModel"},"interaction":{"idSuffix":"inner"}},"wdio_ui5_key":"etmportal.ui.manageyards.view.Newsap.m.Input{\"path\":\"\",\"propertyPath\":\"/AUART\",\"modelName\":\"NewYardModel\"}"}]}
RESULT: {"script":"<script> [1562 bytes]","args":[{"selector":{"controlType":"sap.m.Input","viewName":"etm.portal.ui.manageyards.view.New","viewId":"application-manageyards-display-component---NewYard","bindingPath":{"path":"","propertyPath":"/AUART","modelName":"NewYardModel"},"interaction":{"idSuffix":"inner"}},"wdio_ui5_key":"etmportal.ui.manageyards.view.Newsap.m.Input{\"path\":\"\",\"propertyPath\":\"/AUART\",\"modelName\":\"NewYardModel\"}"}]}
RESULT: undefined
COMMAND: POST /session/601af62cb68afff6944e8a635357ab53/execute/async - {"script":"<script> [776 bytes]","args":[{"enterText":"TA","selector":{"controlType":"sap.m.Input","viewName":"etm.portal.ui.manageyards.view.New","viewId":"application-manageyards-display-component---NewYard","bindingPath":{"path":"","propertyPath":"/AUART","modelName":"NewYardModel"},"interaction":{"idSuffix":"inner"}},"clearTextFirst":true,"interactionType":"ENTER_TEXT"}]}
RESULT: {"script":"<script> [776 bytes]","args":[{"enterText":"TA","selector":{"controlType":"sap.m.Input","viewName":"etm.portal.ui.manageyards.view.New","viewId":"application-manageyards-display-component---NewYard","bindingPath":{"path":"","propertyPath":"/AUART","modelName":"NewYardModel"},"interaction":{"idSuffix":"inner"}},"clearTextFirst":true,"interactionType":"ENTER_TEXT"}]}
COMMAND: POST /session/601af62cb68afff6944e8a635357ab53/element - {"using":"xpath","value":"//button[@data-kt=\"newYardSaveButton\"]"}
RESULT: {"using":"xpath","value":"//button[@data-kt=\"newYardSaveButton\"]"}
COMMAND: POST /session/601af62cb68afff6944e8a635357ab53/element/f.2CF887CE126DC6B338BD3A7C0EF1B7FC.d.87F1C44FAE421992F90D42BA71C109FC.e.11490/click - {}
RESULT: {}
COMMAND: GET /session/601af62cb68afff6944e8a635357ab53/screenshot - {}
RESULT: {}
COMMAND: POST /session/601af62cb68afff6944e8a635357ab53/element - {"using":"xpath","value":"//header[contains(@id, 'ObjectPageLayout-headerTitle')]/div[1]/div[2]/div[1]/span[1]"}
RESULT: {"using":"xpath","value":"//header[contains(@id, 'ObjectPageLayout-headerTitle')]/div[1]/div[2]/div[1]/span[1]"}
COMMAND: POST /session/601af62cb68afff6944e8a635357ab53/elements - {"using":"xpath","value":"//header[contains(@id, 'ObjectPageLayout-headerTitle')]/div[1]/div[2]/div[1]/span[1]"}
RESULT: {"using":"xpath","value":"//header[contains(@id, 'ObjectPageLayout-headerTitle')]/div[1]/div[2]/div[1]/span[1]"}
COMMAND: POST /session/601af62cb68afff6944e8a635357ab53/execute/sync - {"script":"<script> [56 bytes]","args":[{"element-6066-11e4-a52e-4f735466cecf":"f.2CF887CE126DC6B338BD3A7C0EF1B7FC.d.87F1C44FAE421992F90D42BA71C109FC.e.11810","ELEMENT":"f.2CF887CE126DC6B338BD3A7C0EF1B7FC.d.87F1C44FAE421992F90D42BA71C109FC.e.11810"}]}
RESULT: {"script":"<script> [56 bytes]","args":[{"element-6066-11e4-a52e-4f735466cecf":"f.2CF887CE126DC6B338BD3A7C0EF1B7FC.d.87F1C44FAE421992F90D42BA71C109FC.e.11810","ELEMENT":"f.2CF887CE126DC6B338BD3A7C0EF1B7FC.d.87F1C44FAE421992F90D42BA71C109FC.e.11810"}]}
COMMAND: GET /session/601af62cb68afff6944e8a635357ab53/screenshot - {}
RESULT: {}
COMMAND: POST /session/601af62cb68afff6944e8a635357ab53/element - {"using":"css selector","value":"#shell-header-logo"}
RESULT: {"using":"css selector","value":"#shell-header-logo"}
COMMAND: POST /session/601af62cb68afff6944e8a635357ab53/element/f.2CF887CE126DC6B338BD3A7C0EF1B7FC.d.87F1C44FAE421992F90D42BA71C109FC.e.10932/click - {}
RESULT: {}
COMMAND: GET /session/601af62cb68afff6944e8a635357ab53/screenshot - {}
RESULT: {}
COMMAND: POST /session/601af62cb68afff6944e8a635357ab53/execute/sync - {"script":"<script> [299 bytes]","args":[["getModel","getResource"]]}
RESULT: {"script":"<script> [299 bytes]","args":[["getModel","getResource"]]}
]]></system-out>
    </testcase>
    <testcase classname="chrome.136_0_7103_49.windows.Provide_to_Site_w/o_warehouse_management_w/_clarification_US116605" name="Should create a new external partner" time="88.987">
      <system-out><![CDATA[
COMMAND: POST /session/601af62cb68afff6944e8a635357ab53/window/fullscreen - {}
COMMAND: GET /session/601af62cb68afff6944e8a635357ab53/screenshot - {}
RESULT: {}
COMMAND: POST /session/601af62cb68afff6944e8a635357ab53/execute/async - {"script":"<script> [1562 bytes]","args":[{"selector":{"controlType":"sap.m.GenericTile","properties":{"header":"Manage Partners"}},"wdio_ui5_key":"sapm.GenericTile{\"header\":\"Manage Partners\"}"}]}
RESULT: {}
RESULT: {"script":"<script> [1562 bytes]","args":[{"selector":{"controlType":"sap.m.GenericTile","properties":{"header":"Manage Partners"}},"wdio_ui5_key":"sapm.GenericTile{\"header\":\"Manage Partners\"}"}]}
RESULT: undefined
COMMAND: POST /session/601af62cb68afff6944e8a635357ab53/element - {"using":"xpath","value":"//*[@id=\"__tile30\"]"}
RESULT: {"using":"xpath","value":"//*[@id=\"__tile30\"]"}
COMMAND: POST /session/601af62cb68afff6944e8a635357ab53/element/f.2CF887CE126DC6B338BD3A7C0EF1B7FC.d.87F1C44FAE421992F90D42BA71C109FC.e.10953/click - {}
RESULT: {}
COMMAND: GET /session/601af62cb68afff6944e8a635357ab53/screenshot - {}
RESULT: {}
COMMAND: POST /session/601af62cb68afff6944e8a635357ab53/elements - {"using":"xpath","value":"//span[text()='Error']"}
RESULT: {"using":"xpath","value":"//span[text()='Error']"}
COMMAND: POST /session/601af62cb68afff6944e8a635357ab53/element - {"using":"xpath","value":"//button[@data-kt=\"addButton\"]"}
RESULT: {"using":"xpath","value":"//button[@data-kt=\"addButton\"]"}
COMMAND: POST /session/601af62cb68afff6944e8a635357ab53/elements - {"using":"xpath","value":"//button[@data-kt=\"addButton\"]"}
RESULT: {"using":"xpath","value":"//button[@data-kt=\"addButton\"]"}
COMMAND: POST /session/601af62cb68afff6944e8a635357ab53/execute/sync - {"script":"<script> [8489 bytes]","args":[{"element-6066-11e4-a52e-4f735466cecf":"f.2CF887CE126DC6B338BD3A7C0EF1B7FC.d.87F1C44FAE421992F90D42BA71C109FC.e.11859","ELEMENT":"f.2CF887CE126DC6B338BD3A7C0EF1B7FC.d.87F1C44FAE421992F90D42BA71C109FC.e.11859"}]}
RESULT: {"script":"<script> [8489 bytes]","args":[{"element-6066-11e4-a52e-4f735466cecf":"f.2CF887CE126DC6B338BD3A7C0EF1B7FC.d.87F1C44FAE421992F90D42BA71C109FC.e.11859","ELEMENT":"f.2CF887CE126DC6B338BD3A7C0EF1B7FC.d.87F1C44FAE421992F90D42BA71C109FC.e.11859"}]}
COMMAND: GET /session/601af62cb68afff6944e8a635357ab53/element/f.2CF887CE126DC6B338BD3A7C0EF1B7FC.d.87F1C44FAE421992F90D42BA71C109FC.e.11859/enabled - {}
COMMAND: GET /session/601af62cb68afff6944e8a635357ab53/screenshot - {}
RESULT: {}
COMMAND: POST /session/601af62cb68afff6944e8a635357ab53/execute/sync - {"script":"<script> [8489 bytes]","args":[{"element-6066-11e4-a52e-4f735466cecf":"f.2CF887CE126DC6B338BD3A7C0EF1B7FC.d.87F1C44FAE421992F90D42BA71C109FC.e.11859","ELEMENT":"f.2CF887CE126DC6B338BD3A7C0EF1B7FC.d.87F1C44FAE421992F90D42BA71C109FC.e.11859"}]}
COMMAND: GET /session/601af62cb68afff6944e8a635357ab53/screenshot - {}
RESULT: {}
RESULT: {"script":"<script> [8489 bytes]","args":[{"element-6066-11e4-a52e-4f735466cecf":"f.2CF887CE126DC6B338BD3A7C0EF1B7FC.d.87F1C44FAE421992F90D42BA71C109FC.e.11859","ELEMENT":"f.2CF887CE126DC6B338BD3A7C0EF1B7FC.d.87F1C44FAE421992F90D42BA71C109FC.e.11859"}]}
COMMAND: POST /session/601af62cb68afff6944e8a635357ab53/execute/sync - {"script":"<script> [5351 bytes]","args":[{"element-6066-11e4-a52e-4f735466cecf":"f.2CF887CE126DC6B338BD3A7C0EF1B7FC.d.87F1C44FAE421992F90D42BA71C109FC.e.11859","ELEMENT":"f.2CF887CE126DC6B338BD3A7C0EF1B7FC.d.87F1C44FAE421992F90D42BA71C109FC.e.11859"}]}
COMMAND: GET /session/601af62cb68afff6944e8a635357ab53/screenshot - {}
RESULT: {}
RESULT: {"script":"<script> [5351 bytes]","args":[{"element-6066-11e4-a52e-4f735466cecf":"f.2CF887CE126DC6B338BD3A7C0EF1B7FC.d.87F1C44FAE421992F90D42BA71C109FC.e.11859","ELEMENT":"f.2CF887CE126DC6B338BD3A7C0EF1B7FC.d.87F1C44FAE421992F90D42BA71C109FC.e.11859"}]}
COMMAND: POST /session/601af62cb68afff6944e8a635357ab53/element/f.2CF887CE126DC6B338BD3A7C0EF1B7FC.d.87F1C44FAE421992F90D42BA71C109FC.e.11859/click - {}
COMMAND: GET /session/601af62cb68afff6944e8a635357ab53/screenshot - {}
RESULT: {}
RESULT: {}
COMMAND: GET /session/601af62cb68afff6944e8a635357ab53/screenshot - {}
COMMAND: POST /session/601af62cb68afff6944e8a635357ab53/execute/async - {"script":"<script> [1562 bytes]","args":[{"selector":{"id":"application-managepartners-display-component---NewPartner--addressDetailDetailsName1","interaction":{"idSuffix":"inner"}},"wdio_ui5_key":"applicationmanagepartners-display-component---NewPartner--addressDetailDetailsName1"}]}
RESULT: {}
RESULT: {}
RESULT: {"script":"<script> [1562 bytes]","args":[{"selector":{"id":"application-managepartners-display-component---NewPartner--addressDetailDetailsName1","interaction":{"idSuffix":"inner"}},"wdio_ui5_key":"applicationmanagepartners-display-component---NewPartner--addressDetailDetailsName1"}]}
RESULT: undefined
COMMAND: POST /session/601af62cb68afff6944e8a635357ab53/execute/async - {"script":"<script> [776 bytes]","args":[{"enterText":"External Partner WDIO","selector":{"id":"application-managepartners-display-component---NewPartner--addressDetailDetailsName1","interaction":{"idSuffix":"inner"}},"clearTextFirst":true,"interactionType":"ENTER_TEXT"}]}
RESULT: {"script":"<script> [776 bytes]","args":[{"enterText":"External Partner WDIO","selector":{"id":"application-managepartners-display-component---NewPartner--addressDetailDetailsName1","interaction":{"idSuffix":"inner"}},"clearTextFirst":true,"interactionType":"ENTER_TEXT"}]}
COMMAND: POST /session/601af62cb68afff6944e8a635357ab53/execute/async - {"script":"<script> [1562 bytes]","args":[{"selector":{"id":"application-managepartners-display-component---NewPartner--addressDetailDetailsLanguage-arrow"},"wdio_ui5_key":"applicationmanagepartners-display-component---NewPartner--addressDetailDetailsLanguage-arrow"}]}
RESULT: {"script":"<script> [1562 bytes]","args":[{"selector":{"id":"application-managepartners-display-component---NewPartner--addressDetailDetailsLanguage-arrow"},"wdio_ui5_key":"applicationmanagepartners-display-component---NewPartner--addressDetailDetailsLanguage-arrow"}]}
RESULT: undefined
COMMAND: POST /session/601af62cb68afff6944e8a635357ab53/element - {"using":"xpath","value":"//*[@id=\"application-managepartners-display-component---NewPartner--addressDetailDetailsLanguage-arrow\"]"}
RESULT: {"using":"xpath","value":"//*[@id=\"application-managepartners-display-component---NewPartner--addressDetailDetailsLanguage-arrow\"]"}
COMMAND: POST /session/601af62cb68afff6944e8a635357ab53/element/f.2CF887CE126DC6B338BD3A7C0EF1B7FC.d.87F1C44FAE421992F90D42BA71C109FC.e.12300/click - {}
RESULT: {}
COMMAND: POST /session/601af62cb68afff6944e8a635357ab53/element - {"using":"xpath","value":"//span[contains(text(), \"English\")]"}
COMMAND: GET /session/601af62cb68afff6944e8a635357ab53/screenshot - {}
RESULT: {"using":"xpath","value":"//span[contains(text(), \"English\")]"}
COMMAND: POST /session/601af62cb68afff6944e8a635357ab53/element/f.2CF887CE126DC6B338BD3A7C0EF1B7FC.d.87F1C44FAE421992F90D42BA71C109FC.e.12301/click - {}
RESULT: {}
RESULT: {}
COMMAND: GET /session/601af62cb68afff6944e8a635357ab53/screenshot - {}
RESULT: {}
COMMAND: POST /session/601af62cb68afff6944e8a635357ab53/execute/async - {"script":"<script> [1562 bytes]","args":[{"selector":{"id":"application-managepartners-display-component---NewPartner--addressDetailDetailsCity1","interaction":{"idSuffix":"inner"}},"wdio_ui5_key":"applicationmanagepartners-display-component---NewPartner--addressDetailDetailsCity1"}]}
RESULT: {"script":"<script> [1562 bytes]","args":[{"selector":{"id":"application-managepartners-display-component---NewPartner--addressDetailDetailsCity1","interaction":{"idSuffix":"inner"}},"wdio_ui5_key":"applicationmanagepartners-display-component---NewPartner--addressDetailDetailsCity1"}]}
RESULT: undefined
COMMAND: POST /session/601af62cb68afff6944e8a635357ab53/execute/async - {"script":"<script> [776 bytes]","args":[{"enterText":"Rosario","selector":{"id":"application-managepartners-display-component---NewPartner--addressDetailDetailsCity1","interaction":{"idSuffix":"inner"}},"clearTextFirst":true,"interactionType":"ENTER_TEXT"}]}
RESULT: {"script":"<script> [776 bytes]","args":[{"enterText":"Rosario","selector":{"id":"application-managepartners-display-component---NewPartner--addressDetailDetailsCity1","interaction":{"idSuffix":"inner"}},"clearTextFirst":true,"interactionType":"ENTER_TEXT"}]}
COMMAND: POST /session/601af62cb68afff6944e8a635357ab53/execute/async - {"script":"<script> [1562 bytes]","args":[{"selector":{"id":"application-managepartners-display-component---NewPartner--addressDetailDetailsCountry-arrow"},"wdio_ui5_key":"applicationmanagepartners-display-component---NewPartner--addressDetailDetailsCountry-arrow"}]}
RESULT: {"script":"<script> [1562 bytes]","args":[{"selector":{"id":"application-managepartners-display-component---NewPartner--addressDetailDetailsCountry-arrow"},"wdio_ui5_key":"applicationmanagepartners-display-component---NewPartner--addressDetailDetailsCountry-arrow"}]}
RESULT: undefined
COMMAND: POST /session/601af62cb68afff6944e8a635357ab53/element - {"using":"xpath","value":"//*[@id=\"application-managepartners-display-component---NewPartner--addressDetailDetailsCountry-arrow\"]"}
RESULT: {"using":"xpath","value":"//*[@id=\"application-managepartners-display-component---NewPartner--addressDetailDetailsCountry-arrow\"]"}
COMMAND: POST /session/601af62cb68afff6944e8a635357ab53/element/f.2CF887CE126DC6B338BD3A7C0EF1B7FC.d.87F1C44FAE421992F90D42BA71C109FC.e.12287/click - {}
RESULT: {}
COMMAND: POST /session/601af62cb68afff6944e8a635357ab53/element - {"using":"xpath","value":"//span[contains(text(), \"Argentina\")]"}
COMMAND: GET /session/601af62cb68afff6944e8a635357ab53/screenshot - {}
RESULT: {"using":"xpath","value":"//span[contains(text(), \"Argentina\")]"}
COMMAND: POST /session/601af62cb68afff6944e8a635357ab53/element/f.2CF887CE126DC6B338BD3A7C0EF1B7FC.d.87F1C44FAE421992F90D42BA71C109FC.e.12303/click - {}
RESULT: {}
RESULT: {}
COMMAND: GET /session/601af62cb68afff6944e8a635357ab53/screenshot - {}
RESULT: {}
COMMAND: POST /session/601af62cb68afff6944e8a635357ab53/element - {"using":"xpath","value":"//bdi[contains(text(), \"Commercial\")]"}
RESULT: {"using":"xpath","value":"//bdi[contains(text(), \"Commercial\")]"}
COMMAND: POST /session/601af62cb68afff6944e8a635357ab53/element/f.2CF887CE126DC6B338BD3A7C0EF1B7FC.d.87F1C44FAE421992F90D42BA71C109FC.e.12304/click - {}
RESULT: {}
COMMAND: GET /session/601af62cb68afff6944e8a635357ab53/screenshot - {}
RESULT: {}
COMMAND: POST /session/601af62cb68afff6944e8a635357ab53/execute/async - {"script":"<script> [1562 bytes]","args":[{"selector":{"id":"application-managepartners-display-component---NewPartner--partnerDetailInternal-arrow"},"wdio_ui5_key":"applicationmanagepartners-display-component---NewPartner--partnerDetailInternal-arrow"}]}
RESULT: {"script":"<script> [1562 bytes]","args":[{"selector":{"id":"application-managepartners-display-component---NewPartner--partnerDetailInternal-arrow"},"wdio_ui5_key":"applicationmanagepartners-display-component---NewPartner--partnerDetailInternal-arrow"}]}
RESULT: undefined
COMMAND: POST /session/601af62cb68afff6944e8a635357ab53/element - {"using":"xpath","value":"//*[@id=\"application-managepartners-display-component---NewPartner--partnerDetailInternal-arrow\"]"}
RESULT: {"using":"xpath","value":"//*[@id=\"application-managepartners-display-component---NewPartner--partnerDetailInternal-arrow\"]"}
COMMAND: POST /session/601af62cb68afff6944e8a635357ab53/element/f.2CF887CE126DC6B338BD3A7C0EF1B7FC.d.87F1C44FAE421992F90D42BA71C109FC.e.12310/click - {}
RESULT: {}
COMMAND: POST /session/601af62cb68afff6944e8a635357ab53/element - {"using":"xpath","value":"//span[contains(text(), \"External partner\")]"}
COMMAND: GET /session/601af62cb68afff6944e8a635357ab53/screenshot - {}
RESULT: {"using":"xpath","value":"//span[contains(text(), \"External partner\")]"}
COMMAND: POST /session/601af62cb68afff6944e8a635357ab53/element/f.2CF887CE126DC6B338BD3A7C0EF1B7FC.d.87F1C44FAE421992F90D42BA71C109FC.e.12311/click - {}
RESULT: {}
RESULT: {}
COMMAND: POST /session/601af62cb68afff6944e8a635357ab53/execute/async - {"script":"<script> [1562 bytes]","args":[{"selector":{"id":"application-managepartners-display-component---NewPartner--partnerDetailsCurrency-arrow"},"wdio_ui5_key":"applicationmanagepartners-display-component---NewPartner--partnerDetailsCurrency-arrow"}]}
COMMAND: GET /session/601af62cb68afff6944e8a635357ab53/screenshot - {}
RESULT: {"script":"<script> [1562 bytes]","args":[{"selector":{"id":"application-managepartners-display-component---NewPartner--partnerDetailsCurrency-arrow"},"wdio_ui5_key":"applicationmanagepartners-display-component---NewPartner--partnerDetailsCurrency-arrow"}]}
RESULT: undefined
COMMAND: POST /session/601af62cb68afff6944e8a635357ab53/element - {"using":"xpath","value":"//*[@id=\"application-managepartners-display-component---NewPartner--partnerDetailsCurrency-arrow\"]"}
RESULT: {}
RESULT: {"using":"xpath","value":"//*[@id=\"application-managepartners-display-component---NewPartner--partnerDetailsCurrency-arrow\"]"}
COMMAND: POST /session/601af62cb68afff6944e8a635357ab53/element/f.2CF887CE126DC6B338BD3A7C0EF1B7FC.d.87F1C44FAE421992F90D42BA71C109FC.e.12316/click - {}
RESULT: {}
COMMAND: POST /session/601af62cb68afff6944e8a635357ab53/element - {"using":"xpath","value":"//span[contains(text(), \"US Dollar\")]"}
COMMAND: GET /session/601af62cb68afff6944e8a635357ab53/screenshot - {}
RESULT: {"using":"xpath","value":"//span[contains(text(), \"US Dollar\")]"}
COMMAND: POST /session/601af62cb68afff6944e8a635357ab53/element/f.2CF887CE126DC6B338BD3A7C0EF1B7FC.d.87F1C44FAE421992F90D42BA71C109FC.e.12317/click - {}
RESULT: {}
RESULT: {}
COMMAND: GET /session/601af62cb68afff6944e8a635357ab53/screenshot - {}
RESULT: {}
COMMAND: POST /session/601af62cb68afff6944e8a635357ab53/element - {"using":"xpath","value":"//input[@id=\"application-managepartners-display-component---NewPartner--companyCodeComboBox-inner\"]"}
RESULT: {"using":"xpath","value":"//input[@id=\"application-managepartners-display-component---NewPartner--companyCodeComboBox-inner\"]"}
COMMAND: POST /session/601af62cb68afff6944e8a635357ab53/element/f.2CF887CE126DC6B338BD3A7C0EF1B7FC.d.87F1C44FAE421992F90D42BA71C109FC.e.12170/clear - {}
RESULT: {}
COMMAND: POST /session/601af62cb68afff6944e8a635357ab53/element/f.2CF887CE126DC6B338BD3A7C0EF1B7FC.d.87F1C44FAE421992F90D42BA71C109FC.e.12170/value - {"text":"C002"}
COMMAND: GET /session/601af62cb68afff6944e8a635357ab53/screenshot - {}
RESULT: {"text":"C002"}
COMMAND: GET /session/601af62cb68afff6944e8a635357ab53/screenshot - {}
RESULT: {}
RESULT: {}
COMMAND: POST /session/601af62cb68afff6944e8a635357ab53/element - {"using":"xpath","value":"//li[.//span[text()= \"C002\"]]"}
RESULT: {"using":"xpath","value":"//li[.//span[text()= \"C002\"]]"}
COMMAND: POST /session/601af62cb68afff6944e8a635357ab53/element/f.2CF887CE126DC6B338BD3A7C0EF1B7FC.d.87F1C44FAE421992F90D42BA71C109FC.e.12321/click - {}
RESULT: {}
COMMAND: GET /session/601af62cb68afff6944e8a635357ab53/screenshot - {}
RESULT: {}
COMMAND: POST /session/601af62cb68afff6944e8a635357ab53/execute/async - {"script":"<script> [1562 bytes]","args":[{"selector":{"id":"application-managepartners-display-component---NewPartner--btnAddTableRow-img"},"wdio_ui5_key":"applicationmanagepartners-display-component---NewPartner--btnAddTableRow-img"}]}
RESULT: {"script":"<script> [1562 bytes]","args":[{"selector":{"id":"application-managepartners-display-component---NewPartner--btnAddTableRow-img"},"wdio_ui5_key":"applicationmanagepartners-display-component---NewPartner--btnAddTableRow-img"}]}
RESULT: undefined
COMMAND: POST /session/601af62cb68afff6944e8a635357ab53/element - {"using":"xpath","value":"//*[@id=\"application-managepartners-display-component---NewPartner--btnAddTableRow-img\"]"}
RESULT: {"using":"xpath","value":"//*[@id=\"application-managepartners-display-component---NewPartner--btnAddTableRow-img\"]"}
COMMAND: POST /session/601af62cb68afff6944e8a635357ab53/element/f.2CF887CE126DC6B338BD3A7C0EF1B7FC.d.87F1C44FAE421992F90D42BA71C109FC.e.12322/click - {}
RESULT: {}
COMMAND: GET /session/601af62cb68afff6944e8a635357ab53/screenshot - {}
RESULT: {}
COMMAND: POST /session/601af62cb68afff6944e8a635357ab53/element - {"using":"xpath","value":"//input[@id=\"application-managepartners-display-component---NewPartner--assignmentYard-application-managepartners-display-component---NewPartner--assignmentsTable-0-inner\"]"}
RESULT: {"using":"xpath","value":"//input[@id=\"application-managepartners-display-component---NewPartner--assignmentYard-application-managepartners-display-component---NewPartner--assignmentsTable-0-inner\"]"}
COMMAND: POST /session/601af62cb68afff6944e8a635357ab53/element/f.2CF887CE126DC6B338BD3A7C0EF1B7FC.d.87F1C44FAE421992F90D42BA71C109FC.e.12325/clear - {}
RESULT: {}
COMMAND: POST /session/601af62cb68afff6944e8a635357ab53/element/f.2CF887CE126DC6B338BD3A7C0EF1B7FC.d.87F1C44FAE421992F90D42BA71C109FC.e.12325/value - {"text":"362"}
COMMAND: GET /session/601af62cb68afff6944e8a635357ab53/screenshot - {}
RESULT: {"text":"362"}
COMMAND: GET /session/601af62cb68afff6944e8a635357ab53/screenshot - {}
RESULT: {}
RESULT: {}
COMMAND: POST /session/601af62cb68afff6944e8a635357ab53/element - {"using":"xpath","value":"//li[.//span[text()='362']]"}
RESULT: {"using":"xpath","value":"//li[.//span[text()='362']]"}
COMMAND: POST /session/601af62cb68afff6944e8a635357ab53/element/f.2CF887CE126DC6B338BD3A7C0EF1B7FC.d.87F1C44FAE421992F90D42BA71C109FC.e.12332/click - {}
RESULT: {}
COMMAND: GET /session/601af62cb68afff6944e8a635357ab53/screenshot - {}
RESULT: {}
COMMAND: POST /session/601af62cb68afff6944e8a635357ab53/actions - {"actions":[{"id":"action41","type":"key","parameters":{},"actions":[{"type":"keyDown","value":"î€‡"},{"type":"pause","duration":10},{"type":"keyUp","value":"î€‡"}]}]}
RESULT: {"actions":[{"id":"action41","type":"key","parameters":{},"actions":[{"type":"keyDown","value":"î€‡"},{"type":"pause","duration":10},{"type":"keyUp","value":"î€‡"}]}]}
COMMAND: POST /session/601af62cb68afff6944e8a635357ab53/element - {"using":"xpath","value":"//td[contains(@id, \"assignmentsTable-0-cell2\")]/div/div"}
COMMAND: GET /session/601af62cb68afff6944e8a635357ab53/screenshot - {}
RESULT: {"using":"xpath","value":"//td[contains(@id, \"assignmentsTable-0-cell2\")]/div/div"}
COMMAND: POST /session/601af62cb68afff6944e8a635357ab53/element/f.2CF887CE126DC6B338BD3A7C0EF1B7FC.d.87F1C44FAE421992F90D42BA71C109FC.e.12335/click - {}
RESULT: {}
RESULT: {}
COMMAND: GET /session/601af62cb68afff6944e8a635357ab53/screenshot - {}
RESULT: {}
COMMAND: POST /session/601af62cb68afff6944e8a635357ab53/element - {"using":"xpath","value":"//button[@data-kt=\"saveButton\"]"}
RESULT: {"using":"xpath","value":"//button[@data-kt=\"saveButton\"]"}
COMMAND: POST /session/601af62cb68afff6944e8a635357ab53/element/f.2CF887CE126DC6B338BD3A7C0EF1B7FC.d.87F1C44FAE421992F90D42BA71C109FC.e.12203/click - {}
RESULT: {}
COMMAND: GET /session/601af62cb68afff6944e8a635357ab53/screenshot - {}
RESULT: {}
COMMAND: POST /session/601af62cb68afff6944e8a635357ab53/element - {"using":"xpath","value":"//header[contains(@id, 'ObjectPageLayout-headerTitle')]/div[1]/div[2]/div[2]/span[1]"}
RESULT: {"using":"xpath","value":"//header[contains(@id, 'ObjectPageLayout-headerTitle')]/div[1]/div[2]/div[2]/span[1]"}
COMMAND: POST /session/601af62cb68afff6944e8a635357ab53/elements - {"using":"xpath","value":"//header[contains(@id, 'ObjectPageLayout-headerTitle')]/div[1]/div[2]/div[2]/span[1]"}
RESULT: {"using":"xpath","value":"//header[contains(@id, 'ObjectPageLayout-headerTitle')]/div[1]/div[2]/div[2]/span[1]"}
COMMAND: POST /session/601af62cb68afff6944e8a635357ab53/execute/sync - {"script":"<script> [56 bytes]","args":[{"element-6066-11e4-a52e-4f735466cecf":"f.2CF887CE126DC6B338BD3A7C0EF1B7FC.d.87F1C44FAE421992F90D42BA71C109FC.e.12497","ELEMENT":"f.2CF887CE126DC6B338BD3A7C0EF1B7FC.d.87F1C44FAE421992F90D42BA71C109FC.e.12497"}]}
RESULT: {"script":"<script> [56 bytes]","args":[{"element-6066-11e4-a52e-4f735466cecf":"f.2CF887CE126DC6B338BD3A7C0EF1B7FC.d.87F1C44FAE421992F90D42BA71C109FC.e.12497","ELEMENT":"f.2CF887CE126DC6B338BD3A7C0EF1B7FC.d.87F1C44FAE421992F90D42BA71C109FC.e.12497"}]}
COMMAND: POST /session/601af62cb68afff6944e8a635357ab53/element - {"using":"css selector","value":"#shell-header-logo"}
COMMAND: GET /session/601af62cb68afff6944e8a635357ab53/screenshot - {}
RESULT: {"using":"css selector","value":"#shell-header-logo"}
COMMAND: POST /session/601af62cb68afff6944e8a635357ab53/element/f.2CF887CE126DC6B338BD3A7C0EF1B7FC.d.87F1C44FAE421992F90D42BA71C109FC.e.11815/click - {}
RESULT: {}
RESULT: {}
COMMAND: GET /session/601af62cb68afff6944e8a635357ab53/screenshot - {}
RESULT: {}
COMMAND: POST /session/601af62cb68afff6944e8a635357ab53/execute/sync - {"script":"<script> [299 bytes]","args":[["getModel","getResource"]]}
RESULT: {"script":"<script> [299 bytes]","args":[["getModel","getResource"]]}
COMMAND: GET /session/601af62cb68afff6944e8a635357ab53/screenshot - {}
]]></system-out>
    </testcase>
    <testcase classname="chrome.136_0_7103_49.windows.Provide_to_Site_w/o_warehouse_management_w/_clarification_US116605" name="Should create a new site" time="89.663">
      <system-out><![CDATA[
COMMAND: POST /session/601af62cb68afff6944e8a635357ab53/execute/async - {"script":"<script> [1562 bytes]","args":[{"selector":{"controlType":"sap.m.GenericTile","properties":{"header":"Manage Sites"}},"wdio_ui5_key":"sapm.GenericTile{\"header\":\"Manage Sites\"}"}]}
RESULT: {}
RESULT: {"script":"<script> [1562 bytes]","args":[{"selector":{"controlType":"sap.m.GenericTile","properties":{"header":"Manage Sites"}},"wdio_ui5_key":"sapm.GenericTile{\"header\":\"Manage Sites\"}"}]}
RESULT: undefined
COMMAND: POST /session/601af62cb68afff6944e8a635357ab53/element - {"using":"xpath","value":"//*[@id=\"__tile32\"]"}
RESULT: {"using":"xpath","value":"//*[@id=\"__tile32\"]"}
COMMAND: POST /session/601af62cb68afff6944e8a635357ab53/element/f.2CF887CE126DC6B338BD3A7C0EF1B7FC.d.87F1C44FAE421992F90D42BA71C109FC.e.10959/click - {}
RESULT: {}
COMMAND: GET /session/601af62cb68afff6944e8a635357ab53/screenshot - {}
RESULT: {}
COMMAND: POST /session/601af62cb68afff6944e8a635357ab53/elements - {"using":"xpath","value":"//span[text()='Error']"}
RESULT: {"using":"xpath","value":"//span[text()='Error']"}
COMMAND: POST /session/601af62cb68afff6944e8a635357ab53/element - {"using":"xpath","value":"//button[@data-kt=\"addOverflowToolbarButton\"]"}
RESULT: {"using":"xpath","value":"//button[@data-kt=\"addOverflowToolbarButton\"]"}
COMMAND: POST /session/601af62cb68afff6944e8a635357ab53/elements - {"using":"xpath","value":"//button[@data-kt=\"addOverflowToolbarButton\"]"}
RESULT: {"using":"xpath","value":"//button[@data-kt=\"addOverflowToolbarButton\"]"}
COMMAND: POST /session/601af62cb68afff6944e8a635357ab53/execute/sync - {"script":"<script> [8489 bytes]","args":[{"element-6066-11e4-a52e-4f735466cecf":"f.2CF887CE126DC6B338BD3A7C0EF1B7FC.d.87F1C44FAE421992F90D42BA71C109FC.e.12544","ELEMENT":"f.2CF887CE126DC6B338BD3A7C0EF1B7FC.d.87F1C44FAE421992F90D42BA71C109FC.e.12544"}]}
RESULT: {"script":"<script> [8489 bytes]","args":[{"element-6066-11e4-a52e-4f735466cecf":"f.2CF887CE126DC6B338BD3A7C0EF1B7FC.d.87F1C44FAE421992F90D42BA71C109FC.e.12544","ELEMENT":"f.2CF887CE126DC6B338BD3A7C0EF1B7FC.d.87F1C44FAE421992F90D42BA71C109FC.e.12544"}]}
COMMAND: GET /session/601af62cb68afff6944e8a635357ab53/element/f.2CF887CE126DC6B338BD3A7C0EF1B7FC.d.87F1C44FAE421992F90D42BA71C109FC.e.12544/enabled - {}
COMMAND: GET /session/601af62cb68afff6944e8a635357ab53/screenshot - {}
RESULT: {}
COMMAND: POST /session/601af62cb68afff6944e8a635357ab53/execute/sync - {"script":"<script> [8489 bytes]","args":[{"element-6066-11e4-a52e-4f735466cecf":"f.2CF887CE126DC6B338BD3A7C0EF1B7FC.d.87F1C44FAE421992F90D42BA71C109FC.e.12544","ELEMENT":"f.2CF887CE126DC6B338BD3A7C0EF1B7FC.d.87F1C44FAE421992F90D42BA71C109FC.e.12544"}]}
COMMAND: GET /session/601af62cb68afff6944e8a635357ab53/screenshot - {}
RESULT: {}
RESULT: {"script":"<script> [8489 bytes]","args":[{"element-6066-11e4-a52e-4f735466cecf":"f.2CF887CE126DC6B338BD3A7C0EF1B7FC.d.87F1C44FAE421992F90D42BA71C109FC.e.12544","ELEMENT":"f.2CF887CE126DC6B338BD3A7C0EF1B7FC.d.87F1C44FAE421992F90D42BA71C109FC.e.12544"}]}
COMMAND: POST /session/601af62cb68afff6944e8a635357ab53/execute/sync - {"script":"<script> [5351 bytes]","args":[{"element-6066-11e4-a52e-4f735466cecf":"f.2CF887CE126DC6B338BD3A7C0EF1B7FC.d.87F1C44FAE421992F90D42BA71C109FC.e.12544","ELEMENT":"f.2CF887CE126DC6B338BD3A7C0EF1B7FC.d.87F1C44FAE421992F90D42BA71C109FC.e.12544"}]}
COMMAND: GET /session/601af62cb68afff6944e8a635357ab53/screenshot - {}
RESULT: {}
RESULT: {"script":"<script> [5351 bytes]","args":[{"element-6066-11e4-a52e-4f735466cecf":"f.2CF887CE126DC6B338BD3A7C0EF1B7FC.d.87F1C44FAE421992F90D42BA71C109FC.e.12544","ELEMENT":"f.2CF887CE126DC6B338BD3A7C0EF1B7FC.d.87F1C44FAE421992F90D42BA71C109FC.e.12544"}]}
COMMAND: POST /session/601af62cb68afff6944e8a635357ab53/element/f.2CF887CE126DC6B338BD3A7C0EF1B7FC.d.87F1C44FAE421992F90D42BA71C109FC.e.12544/click - {}
COMMAND: GET /session/601af62cb68afff6944e8a635357ab53/screenshot - {}
RESULT: {}
RESULT: {}
COMMAND: GET /session/601af62cb68afff6944e8a635357ab53/screenshot - {}
COMMAND: POST /session/601af62cb68afff6944e8a635357ab53/element - {"using":"xpath","value":"//input[@id=\"application-managesites-display-component---NewSite--siteId-inner\"]"}
RESULT: {}
RESULT: {}
RESULT: {"using":"xpath","value":"//input[@id=\"application-managesites-display-component---NewSite--siteId-inner\"]"}
COMMAND: POST /session/601af62cb68afff6944e8a635357ab53/element - {"using":"xpath","value":"//input[@id=\"application-managesites-display-component---NewSite--siteId-inner\"]"}
RESULT: {"using":"xpath","value":"//input[@id=\"application-managesites-display-component---NewSite--siteId-inner\"]"}
COMMAND: POST /session/601af62cb68afff6944e8a635357ab53/execute/async - {"script":"<script> [1562 bytes]","args":[{"selector":{"id":"application-managesites-display-component---NewSite--addressDetailDetailsName1","interaction":{"idSuffix":"inner"}},"wdio_ui5_key":"applicationmanagesites-display-component---NewSite--addressDetailDetailsName1"}]}
RESULT: {"script":"<script> [1562 bytes]","args":[{"selector":{"id":"application-managesites-display-component---NewSite--addressDetailDetailsName1","interaction":{"idSuffix":"inner"}},"wdio_ui5_key":"applicationmanagesites-display-component---NewSite--addressDetailDetailsName1"}]}
RESULT: undefined
COMMAND: POST /session/601af62cb68afff6944e8a635357ab53/execute/async - {"script":"<script> [776 bytes]","args":[{"enterText":"Other Type Site WDIO","selector":{"id":"application-managesites-display-component---NewSite--addressDetailDetailsName1","interaction":{"idSuffix":"inner"}},"clearTextFirst":true,"interactionType":"ENTER_TEXT"}]}
RESULT: {"script":"<script> [776 bytes]","args":[{"enterText":"Other Type Site WDIO","selector":{"id":"application-managesites-display-component---NewSite--addressDetailDetailsName1","interaction":{"idSuffix":"inner"}},"clearTextFirst":true,"interactionType":"ENTER_TEXT"}]}
COMMAND: POST /session/601af62cb68afff6944e8a635357ab53/execute/async - {"script":"<script> [1562 bytes]","args":[{"selector":{"id":"application-managesites-display-component---NewSite--addressDetailDetailsLanguage-arrow"},"wdio_ui5_key":"applicationmanagesites-display-component---NewSite--addressDetailDetailsLanguage-arrow"}]}
RESULT: {"script":"<script> [1562 bytes]","args":[{"selector":{"id":"application-managesites-display-component---NewSite--addressDetailDetailsLanguage-arrow"},"wdio_ui5_key":"applicationmanagesites-display-component---NewSite--addressDetailDetailsLanguage-arrow"}]}
RESULT: undefined
COMMAND: POST /session/601af62cb68afff6944e8a635357ab53/element - {"using":"xpath","value":"//*[@id=\"application-managesites-display-component---NewSite--addressDetailDetailsLanguage-arrow\"]"}
RESULT: {"using":"xpath","value":"//*[@id=\"application-managesites-display-component---NewSite--addressDetailDetailsLanguage-arrow\"]"}
COMMAND: POST /session/601af62cb68afff6944e8a635357ab53/element/f.2CF887CE126DC6B338BD3A7C0EF1B7FC.d.87F1C44FAE421992F90D42BA71C109FC.e.13007/click - {}
RESULT: {}
COMMAND: POST /session/601af62cb68afff6944e8a635357ab53/element - {"using":"xpath","value":"//span[contains(text(), \"English\")]"}
COMMAND: GET /session/601af62cb68afff6944e8a635357ab53/screenshot - {}
RESULT: {"using":"xpath","value":"//span[contains(text(), \"English\")]"}
COMMAND: POST /session/601af62cb68afff6944e8a635357ab53/element/f.2CF887CE126DC6B338BD3A7C0EF1B7FC.d.87F1C44FAE421992F90D42BA71C109FC.e.13008/click - {}
RESULT: {}
RESULT: {}
COMMAND: POST /session/601af62cb68afff6944e8a635357ab53/execute/async - {"script":"<script> [1562 bytes]","args":[{"selector":{"id":"application-managesites-display-component---NewSite--addressDetailDetailsCity1","interaction":{"idSuffix":"inner"}},"wdio_ui5_key":"applicationmanagesites-display-component---NewSite--addressDetailDetailsCity1"}]}
COMMAND: GET /session/601af62cb68afff6944e8a635357ab53/screenshot - {}
RESULT: {"script":"<script> [1562 bytes]","args":[{"selector":{"id":"application-managesites-display-component---NewSite--addressDetailDetailsCity1","interaction":{"idSuffix":"inner"}},"wdio_ui5_key":"applicationmanagesites-display-component---NewSite--addressDetailDetailsCity1"}]}
RESULT: undefined
COMMAND: POST /session/601af62cb68afff6944e8a635357ab53/execute/async - {"script":"<script> [776 bytes]","args":[{"enterText":"Rosario","selector":{"id":"application-managesites-display-component---NewSite--addressDetailDetailsCity1","interaction":{"idSuffix":"inner"}},"clearTextFirst":true,"interactionType":"ENTER_TEXT"}]}
RESULT: {}
RESULT: {"script":"<script> [776 bytes]","args":[{"enterText":"Rosario","selector":{"id":"application-managesites-display-component---NewSite--addressDetailDetailsCity1","interaction":{"idSuffix":"inner"}},"clearTextFirst":true,"interactionType":"ENTER_TEXT"}]}
COMMAND: POST /session/601af62cb68afff6944e8a635357ab53/execute/async - {"script":"<script> [1562 bytes]","args":[{"selector":{"id":"application-managesites-display-component---NewSite--addressDetailDetailsCountry-arrow"},"wdio_ui5_key":"applicationmanagesites-display-component---NewSite--addressDetailDetailsCountry-arrow"}]}
RESULT: {"script":"<script> [1562 bytes]","args":[{"selector":{"id":"application-managesites-display-component---NewSite--addressDetailDetailsCountry-arrow"},"wdio_ui5_key":"applicationmanagesites-display-component---NewSite--addressDetailDetailsCountry-arrow"}]}
RESULT: undefined
COMMAND: POST /session/601af62cb68afff6944e8a635357ab53/element - {"using":"xpath","value":"//*[@id=\"application-managesites-display-component---NewSite--addressDetailDetailsCountry-arrow\"]"}
RESULT: {"using":"xpath","value":"//*[@id=\"application-managesites-display-component---NewSite--addressDetailDetailsCountry-arrow\"]"}
COMMAND: POST /session/601af62cb68afff6944e8a635357ab53/element/f.2CF887CE126DC6B338BD3A7C0EF1B7FC.d.87F1C44FAE421992F90D42BA71C109FC.e.13010/click - {}
RESULT: {}
COMMAND: POST /session/601af62cb68afff6944e8a635357ab53/element - {"using":"xpath","value":"//span[contains(text(), \"Argentina\")]"}
COMMAND: GET /session/601af62cb68afff6944e8a635357ab53/screenshot - {}
RESULT: {"using":"xpath","value":"//span[contains(text(), \"Argentina\")]"}
COMMAND: POST /session/601af62cb68afff6944e8a635357ab53/element/f.2CF887CE126DC6B338BD3A7C0EF1B7FC.d.87F1C44FAE421992F90D42BA71C109FC.e.13012/click - {}
RESULT: {}
RESULT: {}
COMMAND: GET /session/601af62cb68afff6944e8a635357ab53/screenshot - {}
RESULT: {}
COMMAND: POST /session/601af62cb68afff6944e8a635357ab53/execute/async - {"script":"<script> [1562 bytes]","args":[{"selector":{"id":"application-managesites-display-component---NewSite--addressEditDetailsCostObjectCstType-arrow"},"wdio_ui5_key":"applicationmanagesites-display-component---NewSite--addressEditDetailsCostObjectCstType-arrow"}]}
RESULT: {"script":"<script> [1562 bytes]","args":[{"selector":{"id":"application-managesites-display-component---NewSite--addressEditDetailsCostObjectCstType-arrow"},"wdio_ui5_key":"applicationmanagesites-display-component---NewSite--addressEditDetailsCostObjectCstType-arrow"}]}
RESULT: undefined
COMMAND: POST /session/601af62cb68afff6944e8a635357ab53/element - {"using":"xpath","value":"//*[@id=\"application-managesites-display-component---NewSite--addressEditDetailsCostObjectCstType-arrow\"]"}
RESULT: {"using":"xpath","value":"//*[@id=\"application-managesites-display-component---NewSite--addressEditDetailsCostObjectCstType-arrow\"]"}
COMMAND: POST /session/601af62cb68afff6944e8a635357ab53/element/f.2CF887CE126DC6B338BD3A7C0EF1B7FC.d.87F1C44FAE421992F90D42BA71C109FC.e.13013/click - {}
RESULT: {}
COMMAND: POST /session/601af62cb68afff6944e8a635357ab53/element - {"using":"xpath","value":"//span[contains(text(), \"Cost Center\")]"}
COMMAND: GET /session/601af62cb68afff6944e8a635357ab53/screenshot - {}
RESULT: {"using":"xpath","value":"//span[contains(text(), \"Cost Center\")]"}
COMMAND: POST /session/601af62cb68afff6944e8a635357ab53/element/f.2CF887CE126DC6B338BD3A7C0EF1B7FC.d.87F1C44FAE421992F90D42BA71C109FC.e.13014/click - {}
RESULT: {}
RESULT: {}
COMMAND: GET /session/601af62cb68afff6944e8a635357ab53/screenshot - {}
RESULT: {}
COMMAND: POST /session/601af62cb68afff6944e8a635357ab53/element - {"using":"xpath","value":"//span[@id=\"application-managesites-display-component---NewSite--addressNewCostObjectCstID-vhi\"]"}
RESULT: {"using":"xpath","value":"//span[@id=\"application-managesites-display-component---NewSite--addressNewCostObjectCstID-vhi\"]"}
COMMAND: POST /session/601af62cb68afff6944e8a635357ab53/execute/sync - {"script":"<script> [8489 bytes]","args":[{"element-6066-11e4-a52e-4f735466cecf":"f.2CF887CE126DC6B338BD3A7C0EF1B7FC.d.87F1C44FAE421992F90D42BA71C109FC.e.13018","ELEMENT":"f.2CF887CE126DC6B338BD3A7C0EF1B7FC.d.87F1C44FAE421992F90D42BA71C109FC.e.13018"}]}
RESULT: {"script":"<script> [8489 bytes]","args":[{"element-6066-11e4-a52e-4f735466cecf":"f.2CF887CE126DC6B338BD3A7C0EF1B7FC.d.87F1C44FAE421992F90D42BA71C109FC.e.13018","ELEMENT":"f.2CF887CE126DC6B338BD3A7C0EF1B7FC.d.87F1C44FAE421992F90D42BA71C109FC.e.13018"}]}
COMMAND: POST /session/601af62cb68afff6944e8a635357ab53/execute/async - {"script":"<script> [1562 bytes]","args":[{"selector":{"id":"application-managesites-display-component---NewSite--addressNewCostObjectCstID-vhi"},"wdio_ui5_key":"applicationmanagesites-display-component---NewSite--addressNewCostObjectCstID-vhi"}]}
COMMAND: GET /session/601af62cb68afff6944e8a635357ab53/screenshot - {}
RESULT: {"script":"<script> [1562 bytes]","args":[{"selector":{"id":"application-managesites-display-component---NewSite--addressNewCostObjectCstID-vhi"},"wdio_ui5_key":"applicationmanagesites-display-component---NewSite--addressNewCostObjectCstID-vhi"}]}
RESULT: undefined
COMMAND: POST /session/601af62cb68afff6944e8a635357ab53/element - {"using":"xpath","value":"//*[@id=\"application-managesites-display-component---NewSite--addressNewCostObjectCstID-vhi\"]"}
RESULT: {}
RESULT: {"using":"xpath","value":"//*[@id=\"application-managesites-display-component---NewSite--addressNewCostObjectCstID-vhi\"]"}
COMMAND: POST /session/601af62cb68afff6944e8a635357ab53/element/f.2CF887CE126DC6B338BD3A7C0EF1B7FC.d.87F1C44FAE421992F90D42BA71C109FC.e.13018/click - {}
RESULT: {}
COMMAND: GET /session/601af62cb68afff6944e8a635357ab53/screenshot - {}
RESULT: {}
RESULT: undefined
COMMAND: POST /session/601af62cb68afff6944e8a635357ab53/execute/async - {"script":"<script> [776 bytes]","args":[{"enterText":"10001013","selector":{"controlType":"sap.m.SearchField","properties":{"placeholder":"Search"},"searchOpenDialogs":true,"interaction":{"idSuffix":"I"}},"clearTextFirst":true,"interactionType":"ENTER_TEXT"}]}
RESULT: {"script":"<script> [776 bytes]","args":[{"enterText":"10001013","selector":{"controlType":"sap.m.SearchField","properties":{"placeholder":"Search"},"searchOpenDialogs":true,"interaction":{"idSuffix":"I"}},"clearTextFirst":true,"interactionType":"ENTER_TEXT"}]}
COMMAND: POST /session/601af62cb68afff6944e8a635357ab53/actions - {"actions":[{"id":"action42","type":"key","parameters":{},"actions":[{"type":"keyDown","value":"î€‡"},{"type":"pause","duration":10},{"type":"keyUp","value":"î€‡"}]}]}
RESULT: {"actions":[{"id":"action42","type":"key","parameters":{},"actions":[{"type":"keyDown","value":"î€‡"},{"type":"pause","duration":10},{"type":"keyUp","value":"î€‡"}]}]}
COMMAND: GET /session/601af62cb68afff6944e8a635357ab53/screenshot - {}
RESULT: {}
COMMAND: POST /session/601af62cb68afff6944e8a635357ab53/element - {"using":"xpath","value":"//span[contains(text(), \"General Management\")]"}
RESULT: {"using":"xpath","value":"//span[contains(text(), \"General Management\")]"}
COMMAND: POST /session/601af62cb68afff6944e8a635357ab53/element/f.2CF887CE126DC6B338BD3A7C0EF1B7FC.d.87F1C44FAE421992F90D42BA71C109FC.e.13058/click - {}
RESULT: {}
COMMAND: GET /session/601af62cb68afff6944e8a635357ab53/screenshot - {}
RESULT: {}
COMMAND: POST /session/601af62cb68afff6944e8a635357ab53/element - {"using":"xpath","value":"//bdi[contains(text(), \"OK\")]"}
RESULT: {"using":"xpath","value":"//bdi[contains(text(), \"OK\")]"}
COMMAND: POST /session/601af62cb68afff6944e8a635357ab53/element/f.2CF887CE126DC6B338BD3A7C0EF1B7FC.d.87F1C44FAE421992F90D42BA71C109FC.e.13059/click - {}
RESULT: {}
COMMAND: GET /session/601af62cb68afff6944e8a635357ab53/screenshot - {}
RESULT: {}
COMMAND: POST /session/601af62cb68afff6944e8a635357ab53/element - {"using":"xpath","value":"//input[@id=\"application-managesites-display-component---NewSite--addressDetailDetailsCalendar-inner\"]"}
RESULT: {"using":"xpath","value":"//input[@id=\"application-managesites-display-component---NewSite--addressDetailDetailsCalendar-inner\"]"}
COMMAND: POST /session/601af62cb68afff6944e8a635357ab53/element/f.2CF887CE126DC6B338BD3A7C0EF1B7FC.d.87F1C44FAE421992F90D42BA71C109FC.e.12809/clear - {}
RESULT: {}
COMMAND: POST /session/601af62cb68afff6944e8a635357ab53/element/f.2CF887CE126DC6B338BD3A7C0EF1B7FC.d.87F1C44FAE421992F90D42BA71C109FC.e.12809/value - {"text":"Unit"}
COMMAND: GET /session/601af62cb68afff6944e8a635357ab53/screenshot - {}
RESULT: {"text":"Unit"}
COMMAND: GET /session/601af62cb68afff6944e8a635357ab53/screenshot - {}
RESULT: {}
RESULT: {}
COMMAND: POST /session/601af62cb68afff6944e8a635357ab53/actions - {"actions":[{"id":"action43","type":"key","parameters":{},"actions":[{"type":"keyDown","value":"î€‡"},{"type":"pause","duration":10},{"type":"keyUp","value":"î€‡"}]}]}
RESULT: {"actions":[{"id":"action43","type":"key","parameters":{},"actions":[{"type":"keyDown","value":"î€‡"},{"type":"pause","duration":10},{"type":"keyUp","value":"î€‡"}]}]}
COMMAND: POST /session/601af62cb68afff6944e8a635357ab53/element - {"using":"xpath","value":"//input[@id=\"application-managesites-display-component---NewSite--addressDetailDetailsYard-inner\"]"}
COMMAND: GET /session/601af62cb68afff6944e8a635357ab53/screenshot - {}
RESULT: {"using":"xpath","value":"//input[@id=\"application-managesites-display-component---NewSite--addressDetailDetailsYard-inner\"]"}
COMMAND: POST /session/601af62cb68afff6944e8a635357ab53/element/f.2CF887CE126DC6B338BD3A7C0EF1B7FC.d.87F1C44FAE421992F90D42BA71C109FC.e.12810/clear - {}
RESULT: {}
RESULT: {}
COMMAND: POST /session/601af62cb68afff6944e8a635357ab53/element/f.2CF887CE126DC6B338BD3A7C0EF1B7FC.d.87F1C44FAE421992F90D42BA71C109FC.e.12810/value - {"text":"362"}
COMMAND: GET /session/601af62cb68afff6944e8a635357ab53/screenshot - {}
RESULT: {"text":"362"}
COMMAND: GET /session/601af62cb68afff6944e8a635357ab53/screenshot - {}
RESULT: {}
RESULT: {}
COMMAND: POST /session/601af62cb68afff6944e8a635357ab53/element - {"using":"xpath","value":"//li[.//span[text()='362']]"}
RESULT: {"using":"xpath","value":"//li[.//span[text()='362']]"}
COMMAND: POST /session/601af62cb68afff6944e8a635357ab53/element/f.2CF887CE126DC6B338BD3A7C0EF1B7FC.d.87F1C44FAE421992F90D42BA71C109FC.e.13067/click - {}
RESULT: {}
COMMAND: GET /session/601af62cb68afff6944e8a635357ab53/screenshot - {}
RESULT: {}
COMMAND: POST /session/601af62cb68afff6944e8a635357ab53/element - {"using":"xpath","value":"//input[@id=\"application-managesites-display-component---NewSite--addressDetailDetailsPartner-inner\"]"}
RESULT: {"using":"xpath","value":"//input[@id=\"application-managesites-display-component---NewSite--addressDetailDetailsPartner-inner\"]"}
COMMAND: POST /session/601af62cb68afff6944e8a635357ab53/element - {"using":"xpath","value":"//input[@id=\"application-managesites-display-component---NewSite--addressDetailDetailsPartner-inner\"]"}
RESULT: {"using":"xpath","value":"//input[@id=\"application-managesites-display-component---NewSite--addressDetailDetailsPartner-inner\"]"}
COMMAND: POST /session/601af62cb68afff6944e8a635357ab53/element - {"using":"xpath","value":"//button[@data-kt=\"saveButton\"]"}
RESULT: {"using":"xpath","value":"//button[@data-kt=\"saveButton\"]"}
COMMAND: POST /session/601af62cb68afff6944e8a635357ab53/element/f.2CF887CE126DC6B338BD3A7C0EF1B7FC.d.87F1C44FAE421992F90D42BA71C109FC.e.12958/click - {}
RESULT: {}
COMMAND: GET /session/601af62cb68afff6944e8a635357ab53/screenshot - {}
RESULT: {}
COMMAND: POST /session/601af62cb68afff6944e8a635357ab53/element - {"using":"xpath","value":"//header[contains(@id, 'ObjectPageLayout-headerTitle')]/div[1]/div[2]/div[2]/span[1]"}
RESULT: {"using":"xpath","value":"//header[contains(@id, 'ObjectPageLayout-headerTitle')]/div[1]/div[2]/div[2]/span[1]"}
COMMAND: POST /session/601af62cb68afff6944e8a635357ab53/elements - {"using":"xpath","value":"//header[contains(@id, 'ObjectPageLayout-headerTitle')]/div[1]/div[2]/div[2]/span[1]"}
RESULT: {"using":"xpath","value":"//header[contains(@id, 'ObjectPageLayout-headerTitle')]/div[1]/div[2]/div[2]/span[1]"}
COMMAND: POST /session/601af62cb68afff6944e8a635357ab53/execute/sync - {"script":"<script> [56 bytes]","args":[{"element-6066-11e4-a52e-4f735466cecf":"f.2CF887CE126DC6B338BD3A7C0EF1B7FC.d.87F1C44FAE421992F90D42BA71C109FC.e.13272","ELEMENT":"f.2CF887CE126DC6B338BD3A7C0EF1B7FC.d.87F1C44FAE421992F90D42BA71C109FC.e.13272"}]}
RESULT: {"script":"<script> [56 bytes]","args":[{"element-6066-11e4-a52e-4f735466cecf":"f.2CF887CE126DC6B338BD3A7C0EF1B7FC.d.87F1C44FAE421992F90D42BA71C109FC.e.13272","ELEMENT":"f.2CF887CE126DC6B338BD3A7C0EF1B7FC.d.87F1C44FAE421992F90D42BA71C109FC.e.13272"}]}
COMMAND: POST /session/601af62cb68afff6944e8a635357ab53/element - {"using":"css selector","value":"#shell-header-logo"}
COMMAND: GET /session/601af62cb68afff6944e8a635357ab53/screenshot - {}
RESULT: {"using":"css selector","value":"#shell-header-logo"}
COMMAND: POST /session/601af62cb68afff6944e8a635357ab53/element/f.2CF887CE126DC6B338BD3A7C0EF1B7FC.d.87F1C44FAE421992F90D42BA71C109FC.e.12510/click - {}
RESULT: {}
RESULT: {}
COMMAND: GET /session/601af62cb68afff6944e8a635357ab53/screenshot - {}
RESULT: {}
COMMAND: POST /session/601af62cb68afff6944e8a635357ab53/execute/sync - {"script":"<script> [299 bytes]","args":[["getModel","getResource"]]}
RESULT: {"script":"<script> [299 bytes]","args":[["getModel","getResource"]]}
COMMAND: GET /session/601af62cb68afff6944e8a635357ab53/screenshot - {}
]]></system-out>
    </testcase>
    <testcase classname="chrome.136_0_7103_49.windows.Provide_to_Site_w/o_warehouse_management_w/_clarification_US116605" name="Should create a new material" time="108.875">
      <system-out><![CDATA[
COMMAND: POST /session/601af62cb68afff6944e8a635357ab53/execute/async - {"script":"<script> [1562 bytes]","args":[{"selector":{"controlType":"sap.m.GenericTile","properties":{"header":"Manage Resources"}},"wdio_ui5_key":"sapm.GenericTile{\"header\":\"Manage Resources\"}"}]}
RESULT: {}
RESULT: {"script":"<script> [1562 bytes]","args":[{"selector":{"controlType":"sap.m.GenericTile","properties":{"header":"Manage Resources"}},"wdio_ui5_key":"sapm.GenericTile{\"header\":\"Manage Resources\"}"}]}
RESULT: undefined
COMMAND: POST /session/601af62cb68afff6944e8a635357ab53/element - {"using":"xpath","value":"//*[@id=\"__tile31\"]"}
RESULT: {"using":"xpath","value":"//*[@id=\"__tile31\"]"}
COMMAND: POST /session/601af62cb68afff6944e8a635357ab53/element/f.2CF887CE126DC6B338BD3A7C0EF1B7FC.d.87F1C44FAE421992F90D42BA71C109FC.e.10956/click - {}
RESULT: {}
COMMAND: GET /session/601af62cb68afff6944e8a635357ab53/screenshot - {}
RESULT: {}
COMMAND: POST /session/601af62cb68afff6944e8a635357ab53/elements - {"using":"xpath","value":"//span[text()='Error']"}
RESULT: {"using":"xpath","value":"//span[text()='Error']"}
COMMAND: POST /session/601af62cb68afff6944e8a635357ab53/element - {"using":"xpath","value":"//button[@data-kt=\"addNewRUOverflowToolbarButton\"]"}
RESULT: {"using":"xpath","value":"//button[@data-kt=\"addNewRUOverflowToolbarButton\"]"}
COMMAND: POST /session/601af62cb68afff6944e8a635357ab53/elements - {"using":"xpath","value":"//button[@data-kt=\"addNewRUOverflowToolbarButton\"]"}
RESULT: {"using":"xpath","value":"//button[@data-kt=\"addNewRUOverflowToolbarButton\"]"}
COMMAND: POST /session/601af62cb68afff6944e8a635357ab53/execute/sync - {"script":"<script> [8489 bytes]","args":[{"element-6066-11e4-a52e-4f735466cecf":"f.2CF887CE126DC6B338BD3A7C0EF1B7FC.d.87F1C44FAE421992F90D42BA71C109FC.e.13313","ELEMENT":"f.2CF887CE126DC6B338BD3A7C0EF1B7FC.d.87F1C44FAE421992F90D42BA71C109FC.e.13313"}]}
RESULT: {"script":"<script> [8489 bytes]","args":[{"element-6066-11e4-a52e-4f735466cecf":"f.2CF887CE126DC6B338BD3A7C0EF1B7FC.d.87F1C44FAE421992F90D42BA71C109FC.e.13313","ELEMENT":"f.2CF887CE126DC6B338BD3A7C0EF1B7FC.d.87F1C44FAE421992F90D42BA71C109FC.e.13313"}]}
COMMAND: GET /session/601af62cb68afff6944e8a635357ab53/element/f.2CF887CE126DC6B338BD3A7C0EF1B7FC.d.87F1C44FAE421992F90D42BA71C109FC.e.13313/enabled - {}
COMMAND: GET /session/601af62cb68afff6944e8a635357ab53/screenshot - {}
RESULT: {}
COMMAND: POST /session/601af62cb68afff6944e8a635357ab53/execute/sync - {"script":"<script> [8489 bytes]","args":[{"element-6066-11e4-a52e-4f735466cecf":"f.2CF887CE126DC6B338BD3A7C0EF1B7FC.d.87F1C44FAE421992F90D42BA71C109FC.e.13313","ELEMENT":"f.2CF887CE126DC6B338BD3A7C0EF1B7FC.d.87F1C44FAE421992F90D42BA71C109FC.e.13313"}]}
COMMAND: GET /session/601af62cb68afff6944e8a635357ab53/screenshot - {}
RESULT: {}
RESULT: {"script":"<script> [8489 bytes]","args":[{"element-6066-11e4-a52e-4f735466cecf":"f.2CF887CE126DC6B338BD3A7C0EF1B7FC.d.87F1C44FAE421992F90D42BA71C109FC.e.13313","ELEMENT":"f.2CF887CE126DC6B338BD3A7C0EF1B7FC.d.87F1C44FAE421992F90D42BA71C109FC.e.13313"}]}
COMMAND: POST /session/601af62cb68afff6944e8a635357ab53/execute/sync - {"script":"<script> [5351 bytes]","args":[{"element-6066-11e4-a52e-4f735466cecf":"f.2CF887CE126DC6B338BD3A7C0EF1B7FC.d.87F1C44FAE421992F90D42BA71C109FC.e.13313","ELEMENT":"f.2CF887CE126DC6B338BD3A7C0EF1B7FC.d.87F1C44FAE421992F90D42BA71C109FC.e.13313"}]}
COMMAND: GET /session/601af62cb68afff6944e8a635357ab53/screenshot - {}
RESULT: {}
RESULT: {"script":"<script> [5351 bytes]","args":[{"element-6066-11e4-a52e-4f735466cecf":"f.2CF887CE126DC6B338BD3A7C0EF1B7FC.d.87F1C44FAE421992F90D42BA71C109FC.e.13313","ELEMENT":"f.2CF887CE126DC6B338BD3A7C0EF1B7FC.d.87F1C44FAE421992F90D42BA71C109FC.e.13313"}]}
COMMAND: POST /session/601af62cb68afff6944e8a635357ab53/element/f.2CF887CE126DC6B338BD3A7C0EF1B7FC.d.87F1C44FAE421992F90D42BA71C109FC.e.13313/click - {}
COMMAND: GET /session/601af62cb68afff6944e8a635357ab53/screenshot - {}
RESULT: {}
RESULT: {}
COMMAND: GET /session/601af62cb68afff6944e8a635357ab53/screenshot - {}
RESULT: {}
RESULT: {}
COMMAND: POST /session/601af62cb68afff6944e8a635357ab53/execute/async - {"script":"<script> [1562 bytes]","args":[{"selector":{"id":"application-manageresources-display-component---newResourceUnit--TYPE-arrow"},"wdio_ui5_key":"applicationmanageresources-display-component---newResourceUnit--TYPE-arrow"}]}
RESULT: {"script":"<script> [1562 bytes]","args":[{"selector":{"id":"application-manageresources-display-component---newResourceUnit--TYPE-arrow"},"wdio_ui5_key":"applicationmanageresources-display-component---newResourceUnit--TYPE-arrow"}]}
RESULT: undefined
COMMAND: POST /session/601af62cb68afff6944e8a635357ab53/element - {"using":"xpath","value":"//*[@id=\"application-manageresources-display-component---newResourceUnit--TYPE-arrow\"]"}
RESULT: {"using":"xpath","value":"//*[@id=\"application-manageresources-display-component---newResourceUnit--TYPE-arrow\"]"}
COMMAND: POST /session/601af62cb68afff6944e8a635357ab53/element/f.2CF887CE126DC6B338BD3A7C0EF1B7FC.d.87F1C44FAE421992F90D42BA71C109FC.e.13668/click - {}
RESULT: {}
COMMAND: POST /session/601af62cb68afff6944e8a635357ab53/element - {"using":"xpath","value":"//input[@id=\"application-manageresources-display-component---newResourceUnit--TYPE-inner\"]"}
COMMAND: GET /session/601af62cb68afff6944e8a635357ab53/screenshot - {}
RESULT: {"using":"xpath","value":"//input[@id=\"application-manageresources-display-component---newResourceUnit--TYPE-inner\"]"}
COMMAND: POST /session/601af62cb68afff6944e8a635357ab53/element/f.2CF887CE126DC6B338BD3A7C0EF1B7FC.d.87F1C44FAE421992F90D42BA71C109FC.e.13651/clear - {}
RESULT: {}
RESULT: {}
COMMAND: POST /session/601af62cb68afff6944e8a635357ab53/element/f.2CF887CE126DC6B338BD3A7C0EF1B7FC.d.87F1C44FAE421992F90D42BA71C109FC.e.13651/value - {"text":"Material"}
COMMAND: GET /session/601af62cb68afff6944e8a635357ab53/screenshot - {}
RESULT: {"text":"Material"}
COMMAND: GET /session/601af62cb68afff6944e8a635357ab53/screenshot - {}
RESULT: {}
RESULT: {}
COMMAND: POST /session/601af62cb68afff6944e8a635357ab53/actions - {"actions":[{"id":"action44","type":"key","parameters":{},"actions":[{"type":"keyDown","value":"î€‡"},{"type":"pause","duration":10},{"type":"keyUp","value":"î€‡"}]}]}
RESULT: {"actions":[{"id":"action44","type":"key","parameters":{},"actions":[{"type":"keyDown","value":"î€‡"},{"type":"pause","duration":10},{"type":"keyUp","value":"î€‡"}]}]}
COMMAND: POST /session/601af62cb68afff6944e8a635357ab53/execute/async - {"script":"<script> [1562 bytes]","args":[{"selector":{"id":"application-manageresources-display-component---newResourceUnit--SHORT_TEXT","interaction":{"idSuffix":"inner"}},"wdio_ui5_key":"applicationmanageresources-display-component---newResourceUnit--SHORT_TEXT"}]}
COMMAND: GET /session/601af62cb68afff6944e8a635357ab53/screenshot - {}
RESULT: {"script":"<script> [1562 bytes]","args":[{"selector":{"id":"application-manageresources-display-component---newResourceUnit--SHORT_TEXT","interaction":{"idSuffix":"inner"}},"wdio_ui5_key":"applicationmanageresources-display-component---newResourceUnit--SHORT_TEXT"}]}
RESULT: undefined
COMMAND: POST /session/601af62cb68afff6944e8a635357ab53/execute/async - {"script":"<script> [776 bytes]","args":[{"enterText":"Cement WDIO","selector":{"id":"application-manageresources-display-component---newResourceUnit--SHORT_TEXT","interaction":{"idSuffix":"inner"}},"clearTextFirst":true,"interactionType":"ENTER_TEXT"}]}
RESULT: {}
RESULT: {"script":"<script> [776 bytes]","args":[{"enterText":"Cement WDIO","selector":{"id":"application-manageresources-display-component---newResourceUnit--SHORT_TEXT","interaction":{"idSuffix":"inner"}},"clearTextFirst":true,"interactionType":"ENTER_TEXT"}]}
COMMAND: POST /session/601af62cb68afff6944e8a635357ab53/execute/async - {"script":"<script> [1562 bytes]","args":[{"selector":{"id":"application-manageresources-display-component---newResourceUnit--BASE_UNIT_OF_MEASURE","interaction":{"idSuffix":"inner"}},"wdio_ui5_key":"applicationmanageresources-display-component---newResourceUnit--BASE_UNIT_OF_MEASURE"}]}
RESULT: {"script":"<script> [1562 bytes]","args":[{"selector":{"id":"application-manageresources-display-component---newResourceUnit--BASE_UNIT_OF_MEASURE","interaction":{"idSuffix":"inner"}},"wdio_ui5_key":"applicationmanageresources-display-component---newResourceUnit--BASE_UNIT_OF_MEASURE"}]}
RESULT: undefined
COMMAND: POST /session/601af62cb68afff6944e8a635357ab53/execute/async - {"script":"<script> [776 bytes]","args":[{"enterText":"Piece","selector":{"id":"application-manageresources-display-component---newResourceUnit--BASE_UNIT_OF_MEASURE","interaction":{"idSuffix":"inner"}},"clearTextFirst":true,"interactionType":"ENTER_TEXT"}]}
RESULT: {"script":"<script> [776 bytes]","args":[{"enterText":"Piece","selector":{"id":"application-manageresources-display-component---newResourceUnit--BASE_UNIT_OF_MEASURE","interaction":{"idSuffix":"inner"}},"clearTextFirst":true,"interactionType":"ENTER_TEXT"}]}
COMMAND: POST /session/601af62cb68afff6944e8a635357ab53/execute/async - {"script":"<script> [1562 bytes]","args":[{"selector":{"id":"application-manageresources-display-component---newResourceUnit--WEIGHT_UNIT","interaction":{"idSuffix":"inner"}},"wdio_ui5_key":"applicationmanageresources-display-component---newResourceUnit--WEIGHT_UNIT"}]}
RESULT: {"script":"<script> [1562 bytes]","args":[{"selector":{"id":"application-manageresources-display-component---newResourceUnit--WEIGHT_UNIT","interaction":{"idSuffix":"inner"}},"wdio_ui5_key":"applicationmanageresources-display-component---newResourceUnit--WEIGHT_UNIT"}]}
RESULT: undefined
COMMAND: POST /session/601af62cb68afff6944e8a635357ab53/execute/async - {"script":"<script> [776 bytes]","args":[{"enterText":"Gram","selector":{"id":"application-manageresources-display-component---newResourceUnit--WEIGHT_UNIT","interaction":{"idSuffix":"inner"}},"clearTextFirst":true,"interactionType":"ENTER_TEXT"}]}
RESULT: {"script":"<script> [776 bytes]","args":[{"enterText":"Gram","selector":{"id":"application-manageresources-display-component---newResourceUnit--WEIGHT_UNIT","interaction":{"idSuffix":"inner"}},"clearTextFirst":true,"interactionType":"ENTER_TEXT"}]}
COMMAND: POST /session/601af62cb68afff6944e8a635357ab53/execute/async - {"script":"<script> [1562 bytes]","args":[{"selector":{"id":"application-manageresources-display-component---newResourceUnit--DIMENSION_UNIT","interaction":{"idSuffix":"inner"}},"wdio_ui5_key":"applicationmanageresources-display-component---newResourceUnit--DIMENSION_UNIT"}]}
RESULT: {"script":"<script> [1562 bytes]","args":[{"selector":{"id":"application-manageresources-display-component---newResourceUnit--DIMENSION_UNIT","interaction":{"idSuffix":"inner"}},"wdio_ui5_key":"applicationmanageresources-display-component---newResourceUnit--DIMENSION_UNIT"}]}
RESULT: undefined
COMMAND: POST /session/601af62cb68afff6944e8a635357ab53/execute/async - {"script":"<script> [776 bytes]","args":[{"enterText":"Meter","selector":{"id":"application-manageresources-display-component---newResourceUnit--DIMENSION_UNIT","interaction":{"idSuffix":"inner"}},"clearTextFirst":true,"interactionType":"ENTER_TEXT"}]}
RESULT: {"script":"<script> [776 bytes]","args":[{"enterText":"Meter","selector":{"id":"application-manageresources-display-component---newResourceUnit--DIMENSION_UNIT","interaction":{"idSuffix":"inner"}},"clearTextFirst":true,"interactionType":"ENTER_TEXT"}]}
COMMAND: POST /session/601af62cb68afff6944e8a635357ab53/execute/async - {"script":"<script> [1562 bytes]","args":[{"selector":{"id":"application-manageresources-display-component---newResourceUnit--newRRUPage-anchBar-application-manageresources-display-component---newResourceUnit--control-anchor","interaction":{"idSuffix":"BDI-content"}},"wdio_ui5_key":"applicationmanageresources-display-component---newResourceUnit--newRRUPage-anchBar-application-manageresources-display-component---newResourceUnit--control-anchor"}]}
RESULT: {"script":"<script> [1562 bytes]","args":[{"selector":{"id":"application-manageresources-display-component---newResourceUnit--newRRUPage-anchBar-application-manageresources-display-component---newResourceUnit--control-anchor","interaction":{"idSuffix":"BDI-content"}},"wdio_ui5_key":"applicationmanageresources-display-component---newResourceUnit--newRRUPage-anchBar-application-manageresources-display-component---newResourceUnit--control-anchor"}]}
RESULT: undefined
COMMAND: POST /session/601af62cb68afff6944e8a635357ab53/element - {"using":"xpath","value":"//*[@id=\"application-manageresources-display-component---newResourceUnit--newRRUPage-anchBar-application-manageresources-display-component---newResourceUnit--control-anchor\"]"}
RESULT: {"using":"xpath","value":"//*[@id=\"application-manageresources-display-component---newResourceUnit--newRRUPage-anchBar-application-manageresources-display-component---newResourceUnit--control-anchor\"]"}
COMMAND: POST /session/601af62cb68afff6944e8a635357ab53/element/f.2CF887CE126DC6B338BD3A7C0EF1B7FC.d.87F1C44FAE421992F90D42BA71C109FC.e.13732/click - {}
RESULT: {}
COMMAND: POST /session/601af62cb68afff6944e8a635357ab53/execute/async - {"script":"<script> [1562 bytes]","args":[{"selector":{"id":"application-manageresources-display-component---newResourceUnit--PLANNING_GROUP","interaction":{"idSuffix":"inner"}},"wdio_ui5_key":"applicationmanageresources-display-component---newResourceUnit--PLANNING_GROUP"}]}
COMMAND: GET /session/601af62cb68afff6944e8a635357ab53/screenshot - {}
RESULT: {"script":"<script> [1562 bytes]","args":[{"selector":{"id":"application-manageresources-display-component---newResourceUnit--PLANNING_GROUP","interaction":{"idSuffix":"inner"}},"wdio_ui5_key":"applicationmanageresources-display-component---newResourceUnit--PLANNING_GROUP"}]}
RESULT: undefined
COMMAND: POST /session/601af62cb68afff6944e8a635357ab53/execute/async - {"script":"<script> [776 bytes]","args":[{"enterText":"Material","selector":{"id":"application-manageresources-display-component---newResourceUnit--PLANNING_GROUP","interaction":{"idSuffix":"inner"}},"clearTextFirst":true,"interactionType":"ENTER_TEXT"}]}
RESULT: {}
RESULT: {"script":"<script> [776 bytes]","args":[{"enterText":"Material","selector":{"id":"application-manageresources-display-component---newResourceUnit--PLANNING_GROUP","interaction":{"idSuffix":"inner"}},"clearTextFirst":true,"interactionType":"ENTER_TEXT"}]}
COMMAND: POST /session/601af62cb68afff6944e8a635357ab53/execute/async - {"script":"<script> [1562 bytes]","args":[{"selector":{"id":"application-manageresources-display-component---newResourceUnit--PLANNING_INDICATOR","interaction":{"idSuffix":"inner"}},"wdio_ui5_key":"applicationmanageresources-display-component---newResourceUnit--PLANNING_INDICATOR"}]}
RESULT: {"script":"<script> [1562 bytes]","args":[{"selector":{"id":"application-manageresources-display-component---newResourceUnit--PLANNING_INDICATOR","interaction":{"idSuffix":"inner"}},"wdio_ui5_key":"applicationmanageresources-display-component---newResourceUnit--PLANNING_INDICATOR"}]}
RESULT: undefined
COMMAND: POST /session/601af62cb68afff6944e8a635357ab53/execute/async - {"script":"<script> [776 bytes]","args":[{"enterText":"10 - infinite","selector":{"id":"application-manageresources-display-component---newResourceUnit--PLANNING_INDICATOR","interaction":{"idSuffix":"inner"}},"clearTextFirst":true,"interactionType":"ENTER_TEXT"}]}
RESULT: {"script":"<script> [776 bytes]","args":[{"enterText":"10 - infinite","selector":{"id":"application-manageresources-display-component---newResourceUnit--PLANNING_INDICATOR","interaction":{"idSuffix":"inner"}},"clearTextFirst":true,"interactionType":"ENTER_TEXT"}]}
COMMAND: POST /session/601af62cb68afff6944e8a635357ab53/element - {"using":"css selector","value":"#application-manageresources-display-component---newResourceUnit--btnAddTimeSegment"}
RESULT: {"using":"css selector","value":"#application-manageresources-display-component---newResourceUnit--btnAddTimeSegment"}
COMMAND: GET /session/601af62cb68afff6944e8a635357ab53/element/f.2CF887CE126DC6B338BD3A7C0EF1B7FC.d.87F1C44FAE421992F90D42BA71C109FC.e.13742/rect - {}
RESULT: {}
COMMAND: GET /session/601af62cb68afff6944e8a635357ab53/window/rect - {}
RESULT: {}
COMMAND: POST /session/601af62cb68afff6944e8a635357ab53/execute/sync - {"script":"<script> [92 bytes]","args":[]}
RESULT: {"script":"<script> [92 bytes]","args":[]}
COMMAND: POST /session/601af62cb68afff6944e8a635357ab53/actions - {"actions":[{"id":"action45","type":"wheel","parameters":{},"actions":[{"type":"scroll","x":-1888,"y":-32,"deltaX":0,"deltaY":0,"duration":0,"origin":{"element-6066-11e4-a52e-4f735466cecf":"f.2CF887CE126DC6B338BD3A7C0EF1B7FC.d.87F1C44FAE421992F90D42BA71C109FC.e.13742"}}]}]}
COMMAND: GET /session/601af62cb68afff6944e8a635357ab53/screenshot - {}
RESULT: {}
COMMAND: POST /session/601af62cb68afff6944e8a635357ab53/execute/sync - {"script":"<script> [79 bytes]","args":[{"element-6066-11e4-a52e-4f735466cecf":"f.2CF887CE126DC6B338BD3A7C0EF1B7FC.d.87F1C44FAE421992F90D42BA71C109FC.e.13742","ELEMENT":"f.2CF887CE126DC6B338BD3A7C0EF1B7FC.d.87F1C44FAE421992F90D42BA71C109FC.e.13742"},{"block":"start","inline":"nearest"}]}
RESULT: {"script":"<script> [79 bytes]","args":[{"element-6066-11e4-a52e-4f735466cecf":"f.2CF887CE126DC6B338BD3A7C0EF1B7FC.d.87F1C44FAE421992F90D42BA71C109FC.e.13742","ELEMENT":"f.2CF887CE126DC6B338BD3A7C0EF1B7FC.d.87F1C44FAE421992F90D42BA71C109FC.e.13742"},{"block":"start","inline":"nearest"}]}
COMMAND: POST /session/601af62cb68afff6944e8a635357ab53/execute/async - {"script":"<script> [1562 bytes]","args":[{"selector":{"id":"application-manageresources-display-component---newResourceUnit--btnAddTimeSegment","interaction":{"idSuffix":"inner"}},"wdio_ui5_key":"applicationmanageresources-display-component---newResourceUnit--btnAddTimeSegment"}]}
COMMAND: GET /session/601af62cb68afff6944e8a635357ab53/screenshot - {}
RESULT: {"script":"<script> [1562 bytes]","args":[{"selector":{"id":"application-manageresources-display-component---newResourceUnit--btnAddTimeSegment","interaction":{"idSuffix":"inner"}},"wdio_ui5_key":"applicationmanageresources-display-component---newResourceUnit--btnAddTimeSegment"}]}
RESULT: undefined
COMMAND: POST /session/601af62cb68afff6944e8a635357ab53/element - {"using":"xpath","value":"//*[@id=\"application-manageresources-display-component---newResourceUnit--btnAddTimeSegment\"]"}
RESULT: {}
RESULT: {"using":"xpath","value":"//*[@id=\"application-manageresources-display-component---newResourceUnit--btnAddTimeSegment\"]"}
COMMAND: POST /session/601af62cb68afff6944e8a635357ab53/element/f.2CF887CE126DC6B338BD3A7C0EF1B7FC.d.87F1C44FAE421992F90D42BA71C109FC.e.13742/click - {}
RESULT: {}
COMMAND: GET /session/601af62cb68afff6944e8a635357ab53/screenshot - {}
RESULT: {}
COMMAND: POST /session/601af62cb68afff6944e8a635357ab53/element - {"using":"xpath","value":"//input[@id=\"application-manageresources-display-component---newResourceUnit--idRuTSAdmin-application-manageresources-display-component---newResourceUnit--RUTimeSegment-0-inner\"]"}
RESULT: {"using":"xpath","value":"//input[@id=\"application-manageresources-display-component---newResourceUnit--idRuTSAdmin-application-manageresources-display-component---newResourceUnit--RUTimeSegment-0-inner\"]"}
COMMAND: POST /session/601af62cb68afff6944e8a635357ab53/element/f.2CF887CE126DC6B338BD3A7C0EF1B7FC.d.87F1C44FAE421992F90D42BA71C109FC.e.13747/clear - {}
RESULT: {}
COMMAND: POST /session/601af62cb68afff6944e8a635357ab53/element/f.2CF887CE126DC6B338BD3A7C0EF1B7FC.d.87F1C44FAE421992F90D42BA71C109FC.e.13747/value - {"text":"362"}
COMMAND: GET /session/601af62cb68afff6944e8a635357ab53/screenshot - {}
RESULT: {"text":"362"}
COMMAND: GET /session/601af62cb68afff6944e8a635357ab53/screenshot - {}
RESULT: {}
RESULT: {}
COMMAND: POST /session/601af62cb68afff6944e8a635357ab53/element - {"using":"xpath","value":"//li[.//span[text()='362']]"}
RESULT: {"using":"xpath","value":"//li[.//span[text()='362']]"}
COMMAND: POST /session/601af62cb68afff6944e8a635357ab53/element/f.2CF887CE126DC6B338BD3A7C0EF1B7FC.d.87F1C44FAE421992F90D42BA71C109FC.e.13756/click - {}
RESULT: {}
COMMAND: GET /session/601af62cb68afff6944e8a635357ab53/screenshot - {}
RESULT: {}
COMMAND: POST /session/601af62cb68afff6944e8a635357ab53/element - {"using":"xpath","value":"(//span[contains(@id, \"-application-manageresources-display-component---newResourceUnit--RUTimeSegment-0-arrow\")])[2]"}
RESULT: {"using":"xpath","value":"(//span[contains(@id, \"-application-manageresources-display-component---newResourceUnit--RUTimeSegment-0-arrow\")])[2]"}
COMMAND: POST /session/601af62cb68afff6944e8a635357ab53/element/f.2CF887CE126DC6B338BD3A7C0EF1B7FC.d.87F1C44FAE421992F90D42BA71C109FC.e.13757/click - {}
RESULT: {}
COMMAND: POST /session/601af62cb68afff6944e8a635357ab53/element - {"using":"xpath","value":"//span[contains(text(), \"PM Order\")]"}
COMMAND: GET /session/601af62cb68afff6944e8a635357ab53/screenshot - {}
RESULT: {"using":"xpath","value":"//span[contains(text(), \"PM Order\")]"}
COMMAND: POST /session/601af62cb68afff6944e8a635357ab53/element/f.2CF887CE126DC6B338BD3A7C0EF1B7FC.d.87F1C44FAE421992F90D42BA71C109FC.e.13758/click - {}
RESULT: {}
RESULT: {}
COMMAND: GET /session/601af62cb68afff6944e8a635357ab53/screenshot - {}
RESULT: {}
COMMAND: POST /session/601af62cb68afff6944e8a635357ab53/element - {"using":"xpath","value":"//td/div/div/div/span[contains(@id, \"newResourceUnit--RUTimeSegment-0-vhi\")][1]"}
RESULT: {"using":"xpath","value":"//td/div/div/div/span[contains(@id, \"newResourceUnit--RUTimeSegment-0-vhi\")][1]"}
COMMAND: GET /session/601af62cb68afff6944e8a635357ab53/element/f.2CF887CE126DC6B338BD3A7C0EF1B7FC.d.87F1C44FAE421992F90D42BA71C109FC.e.13762/rect - {}
RESULT: {}
COMMAND: GET /session/601af62cb68afff6944e8a635357ab53/window/rect - {}
RESULT: {}
COMMAND: POST /session/601af62cb68afff6944e8a635357ab53/execute/sync - {"script":"<script> [92 bytes]","args":[]}
RESULT: {"script":"<script> [92 bytes]","args":[]}
COMMAND: POST /session/601af62cb68afff6944e8a635357ab53/actions - {"actions":[{"id":"action46","type":"wheel","parameters":{},"actions":[{"type":"scroll","x":-1888,"y":-24,"deltaX":0,"deltaY":0,"duration":0,"origin":{"element-6066-11e4-a52e-4f735466cecf":"f.2CF887CE126DC6B338BD3A7C0EF1B7FC.d.87F1C44FAE421992F90D42BA71C109FC.e.13762"}}]}]}
COMMAND: GET /session/601af62cb68afff6944e8a635357ab53/screenshot - {}
RESULT: {}
COMMAND: POST /session/601af62cb68afff6944e8a635357ab53/execute/sync - {"script":"<script> [79 bytes]","args":[{"element-6066-11e4-a52e-4f735466cecf":"f.2CF887CE126DC6B338BD3A7C0EF1B7FC.d.87F1C44FAE421992F90D42BA71C109FC.e.13762","ELEMENT":"f.2CF887CE126DC6B338BD3A7C0EF1B7FC.d.87F1C44FAE421992F90D42BA71C109FC.e.13762"},{"block":"start","inline":"nearest"}]}
RESULT: {"script":"<script> [79 bytes]","args":[{"element-6066-11e4-a52e-4f735466cecf":"f.2CF887CE126DC6B338BD3A7C0EF1B7FC.d.87F1C44FAE421992F90D42BA71C109FC.e.13762","ELEMENT":"f.2CF887CE126DC6B338BD3A7C0EF1B7FC.d.87F1C44FAE421992F90D42BA71C109FC.e.13762"},{"block":"start","inline":"nearest"}]}
COMMAND: GET /session/601af62cb68afff6944e8a635357ab53/screenshot - {}
RESULT: {}
COMMAND: POST /session/601af62cb68afff6944e8a635357ab53/element/f.2CF887CE126DC6B338BD3A7C0EF1B7FC.d.87F1C44FAE421992F90D42BA71C109FC.e.13762/click - {}
RESULT: {}
COMMAND: GET /session/601af62cb68afff6944e8a635357ab53/screenshot - {}
RESULT: {}
RESULT: undefined
COMMAND: POST /session/601af62cb68afff6944e8a635357ab53/execute/async - {"script":"<script> [776 bytes]","args":[{"enterText":"4000360","selector":{"controlType":"sap.m.SearchField","properties":{"placeholder":"Search"},"searchOpenDialogs":true,"interaction":{"idSuffix":"I"}},"clearTextFirst":true,"interactionType":"ENTER_TEXT"}]}
RESULT: {"script":"<script> [776 bytes]","args":[{"enterText":"4000360","selector":{"controlType":"sap.m.SearchField","properties":{"placeholder":"Search"},"searchOpenDialogs":true,"interaction":{"idSuffix":"I"}},"clearTextFirst":true,"interactionType":"ENTER_TEXT"}]}
COMMAND: POST /session/601af62cb68afff6944e8a635357ab53/actions - {"actions":[{"id":"action47","type":"key","parameters":{},"actions":[{"type":"keyDown","value":"î€‡"},{"type":"pause","duration":10},{"type":"keyUp","value":"î€‡"}]}]}
RESULT: {"actions":[{"id":"action47","type":"key","parameters":{},"actions":[{"type":"keyDown","value":"î€‡"},{"type":"pause","duration":10},{"type":"keyUp","value":"î€‡"}]}]}
COMMAND: GET /session/601af62cb68afff6944e8a635357ab53/screenshot - {}
RESULT: {}
COMMAND: POST /session/601af62cb68afff6944e8a635357ab53/element - {"using":"xpath","value":"//td/div/span[contains(text(), \"BGL Vehicles\")]"}
RESULT: {"using":"xpath","value":"//td/div/span[contains(text(), \"BGL Vehicles\")]"}
COMMAND: POST /session/601af62cb68afff6944e8a635357ab53/element/f.2CF887CE126DC6B338BD3A7C0EF1B7FC.d.87F1C44FAE421992F90D42BA71C109FC.e.13781/click - {}
RESULT: {}
COMMAND: GET /session/601af62cb68afff6944e8a635357ab53/screenshot - {}
RESULT: {}
COMMAND: POST /session/601af62cb68afff6944e8a635357ab53/element - {"using":"xpath","value":"//bdi[contains(text(), \"OK\")]"}
RESULT: {"using":"xpath","value":"//bdi[contains(text(), \"OK\")]"}
COMMAND: POST /session/601af62cb68afff6944e8a635357ab53/element/f.2CF887CE126DC6B338BD3A7C0EF1B7FC.d.87F1C44FAE421992F90D42BA71C109FC.e.13782/click - {}
RESULT: {}
COMMAND: GET /session/601af62cb68afff6944e8a635357ab53/screenshot - {}
RESULT: {}
COMMAND: POST /session/601af62cb68afff6944e8a635357ab53/element - {"using":"xpath","value":"//label[contains(@class, 'sapMLabelRequired') and .//bdi[contains(text(), 'Planned Retirement')]]"}
RESULT: {"using":"xpath","value":"//label[contains(@class, 'sapMLabelRequired') and .//bdi[contains(text(), 'Planned Retirement')]]"}
COMMAND: POST /session/601af62cb68afff6944e8a635357ab53/elements - {"using":"xpath","value":"//label[contains(@class, 'sapMLabelRequired') and .//bdi[contains(text(), 'Planned Retirement')]]"}
RESULT: {"using":"xpath","value":"//label[contains(@class, 'sapMLabelRequired') and .//bdi[contains(text(), 'Planned Retirement')]]"}
COMMAND: POST /session/601af62cb68afff6944e8a635357ab53/element - {"using":"xpath","value":"//button[@data-kt=\"resourceUnitSaveButton\"]"}
RESULT: {"using":"xpath","value":"//button[@data-kt=\"resourceUnitSaveButton\"]"}
COMMAND: POST /session/601af62cb68afff6944e8a635357ab53/element/f.2CF887CE126DC6B338BD3A7C0EF1B7FC.d.87F1C44FAE421992F90D42BA71C109FC.e.13685/click - {}
RESULT: {}
COMMAND: GET /session/601af62cb68afff6944e8a635357ab53/screenshot - {}
RESULT: {}
COMMAND: POST /session/601af62cb68afff6944e8a635357ab53/element - {"using":"xpath","value":"//bdi[contains(text(), \"Close\")]"}
RESULT: {"using":"xpath","value":"//bdi[contains(text(), \"Close\")]"}
COMMAND: POST /session/601af62cb68afff6944e8a635357ab53/element/f.2CF887CE126DC6B338BD3A7C0EF1B7FC.d.87F1C44FAE421992F90D42BA71C109FC.e.13788/click - {}
RESULT: {}
COMMAND: GET /session/601af62cb68afff6944e8a635357ab53/screenshot - {}
RESULT: {}
COMMAND: POST /session/601af62cb68afff6944e8a635357ab53/element - {"using":"xpath","value":"//header[contains(@id, 'detailRruPage-headerTitle')]/div[1]/div[2]/div[2]/span[1]"}
RESULT: {"using":"xpath","value":"//header[contains(@id, 'detailRruPage-headerTitle')]/div[1]/div[2]/div[2]/span[1]"}
COMMAND: POST /session/601af62cb68afff6944e8a635357ab53/elements - {"using":"xpath","value":"//header[contains(@id, 'detailRruPage-headerTitle')]/div[1]/div[2]/div[2]/span[1]"}
RESULT: {"using":"xpath","value":"//header[contains(@id, 'detailRruPage-headerTitle')]/div[1]/div[2]/div[2]/span[1]"}
COMMAND: POST /session/601af62cb68afff6944e8a635357ab53/execute/sync - {"script":"<script> [56 bytes]","args":[{"element-6066-11e4-a52e-4f735466cecf":"f.2CF887CE126DC6B338BD3A7C0EF1B7FC.d.87F1C44FAE421992F90D42BA71C109FC.e.13821","ELEMENT":"f.2CF887CE126DC6B338BD3A7C0EF1B7FC.d.87F1C44FAE421992F90D42BA71C109FC.e.13821"}]}
RESULT: {"script":"<script> [56 bytes]","args":[{"element-6066-11e4-a52e-4f735466cecf":"f.2CF887CE126DC6B338BD3A7C0EF1B7FC.d.87F1C44FAE421992F90D42BA71C109FC.e.13821","ELEMENT":"f.2CF887CE126DC6B338BD3A7C0EF1B7FC.d.87F1C44FAE421992F90D42BA71C109FC.e.13821"}]}
COMMAND: POST /session/601af62cb68afff6944e8a635357ab53/element - {"using":"css selector","value":"#shell-header-logo"}
COMMAND: GET /session/601af62cb68afff6944e8a635357ab53/screenshot - {}
RESULT: {"using":"css selector","value":"#shell-header-logo"}
COMMAND: POST /session/601af62cb68afff6944e8a635357ab53/element/f.2CF887CE126DC6B338BD3A7C0EF1B7FC.d.87F1C44FAE421992F90D42BA71C109FC.e.13275/click - {}
RESULT: {}
RESULT: {}
COMMAND: GET /session/601af62cb68afff6944e8a635357ab53/screenshot - {}
RESULT: {}
]]></system-out>
    </testcase>
  </testsuite>
  <testsuite timestamp="2025-05-14T17:07:23" time="310.173" tests="6" failures="2" errors="2" skipped="0">
    <properties>
      <property name="specId" value="0" />
      <property name="suiteName" value="Provide to Site w/o warehouse management w clarification" />
      <property name="capabilities" value="chrome.136_0_7103_49.windows" />
      <property name="file" value="file:///D:/a/1/s/test/specs/HTR/provide-to-site-wo-warehouse-w-clarification.spec.js" />
    </properties>
    <testcase classname="chrome.136_0_7103_49.windows.Provide_to_Site_w/o_warehouse_management_w_clarification" name="Should do a stock increase handover" time="83.891">
      <system-out><![CDATA[
COMMAND: POST /session/601af62cb68afff6944e8a635357ab53/execute/async - {"script":"<script> [1562 bytes]","args":[{"selector":{"controlType":"sap.m.GenericTile","properties":{"header":"Manage Handovers"}},"wdio_ui5_key":"sapm.GenericTile{\"header\":\"Manage Handovers\"}"}]}
RESULT: {"script":"<script> [1562 bytes]","args":[{"selector":{"controlType":"sap.m.GenericTile","properties":{"header":"Manage Handovers"}},"wdio_ui5_key":"sapm.GenericTile{\"header\":\"Manage Handovers\"}"}]}
RESULT: undefined
COMMAND: POST /session/601af62cb68afff6944e8a635357ab53/element - {"using":"xpath","value":"//*[@id=\"__tile131\"]"}
RESULT: {"using":"xpath","value":"//*[@id=\"__tile131\"]"}
COMMAND: POST /session/601af62cb68afff6944e8a635357ab53/element/f.2CF887CE126DC6B338BD3A7C0EF1B7FC.d.87F1C44FAE421992F90D42BA71C109FC.e.10983/click - {}
RESULT: {}
COMMAND: GET /session/601af62cb68afff6944e8a635357ab53/screenshot - {}
RESULT: {}
COMMAND: POST /session/601af62cb68afff6944e8a635357ab53/elements - {"using":"xpath","value":"//span[text()='Error']"}
RESULT: {"using":"xpath","value":"//span[text()='Error']"}
COMMAND: POST /session/601af62cb68afff6944e8a635357ab53/element - {"using":"xpath","value":"//button[@data-kt=\"masterHOAddButton\"]"}
RESULT: {"using":"xpath","value":"//button[@data-kt=\"masterHOAddButton\"]"}
COMMAND: POST /session/601af62cb68afff6944e8a635357ab53/elements - {"using":"xpath","value":"//button[@data-kt=\"masterHOAddButton\"]"}
RESULT: {"using":"xpath","value":"//button[@data-kt=\"masterHOAddButton\"]"}
COMMAND: POST /session/601af62cb68afff6944e8a635357ab53/execute/sync - {"script":"<script> [8489 bytes]","args":[{"element-6066-11e4-a52e-4f735466cecf":"f.2CF887CE126DC6B338BD3A7C0EF1B7FC.d.87F1C44FAE421992F90D42BA71C109FC.e.13863","ELEMENT":"f.2CF887CE126DC6B338BD3A7C0EF1B7FC.d.87F1C44FAE421992F90D42BA71C109FC.e.13863"}]}
RESULT: {"script":"<script> [8489 bytes]","args":[{"element-6066-11e4-a52e-4f735466cecf":"f.2CF887CE126DC6B338BD3A7C0EF1B7FC.d.87F1C44FAE421992F90D42BA71C109FC.e.13863","ELEMENT":"f.2CF887CE126DC6B338BD3A7C0EF1B7FC.d.87F1C44FAE421992F90D42BA71C109FC.e.13863"}]}
COMMAND: GET /session/601af62cb68afff6944e8a635357ab53/element/f.2CF887CE126DC6B338BD3A7C0EF1B7FC.d.87F1C44FAE421992F90D42BA71C109FC.e.13863/enabled - {}
COMMAND: GET /session/601af62cb68afff6944e8a635357ab53/screenshot - {}
RESULT: {}
COMMAND: POST /session/601af62cb68afff6944e8a635357ab53/execute/sync - {"script":"<script> [8489 bytes]","args":[{"element-6066-11e4-a52e-4f735466cecf":"f.2CF887CE126DC6B338BD3A7C0EF1B7FC.d.87F1C44FAE421992F90D42BA71C109FC.e.13863","ELEMENT":"f.2CF887CE126DC6B338BD3A7C0EF1B7FC.d.87F1C44FAE421992F90D42BA71C109FC.e.13863"}]}
COMMAND: GET /session/601af62cb68afff6944e8a635357ab53/screenshot - {}
RESULT: {}
RESULT: {"script":"<script> [8489 bytes]","args":[{"element-6066-11e4-a52e-4f735466cecf":"f.2CF887CE126DC6B338BD3A7C0EF1B7FC.d.87F1C44FAE421992F90D42BA71C109FC.e.13863","ELEMENT":"f.2CF887CE126DC6B338BD3A7C0EF1B7FC.d.87F1C44FAE421992F90D42BA71C109FC.e.13863"}]}
COMMAND: POST /session/601af62cb68afff6944e8a635357ab53/execute/sync - {"script":"<script> [5351 bytes]","args":[{"element-6066-11e4-a52e-4f735466cecf":"f.2CF887CE126DC6B338BD3A7C0EF1B7FC.d.87F1C44FAE421992F90D42BA71C109FC.e.13863","ELEMENT":"f.2CF887CE126DC6B338BD3A7C0EF1B7FC.d.87F1C44FAE421992F90D42BA71C109FC.e.13863"}]}
COMMAND: GET /session/601af62cb68afff6944e8a635357ab53/screenshot - {}
RESULT: {}
RESULT: {"script":"<script> [5351 bytes]","args":[{"element-6066-11e4-a52e-4f735466cecf":"f.2CF887CE126DC6B338BD3A7C0EF1B7FC.d.87F1C44FAE421992F90D42BA71C109FC.e.13863","ELEMENT":"f.2CF887CE126DC6B338BD3A7C0EF1B7FC.d.87F1C44FAE421992F90D42BA71C109FC.e.13863"}]}
COMMAND: POST /session/601af62cb68afff6944e8a635357ab53/element/f.2CF887CE126DC6B338BD3A7C0EF1B7FC.d.87F1C44FAE421992F90D42BA71C109FC.e.13863/click - {}
COMMAND: GET /session/601af62cb68afff6944e8a635357ab53/screenshot - {}
RESULT: {}
RESULT: {}
COMMAND: GET /session/601af62cb68afff6944e8a635357ab53/screenshot - {}
RESULT: {}
COMMAND: POST /session/601af62cb68afff6944e8a635357ab53/element - {"using":"xpath","value":"//span[contains(@id ,\"AddNewHO--typeSelect-arrow\")]"}
RESULT: {}
RESULT: {"using":"xpath","value":"//span[contains(@id ,\"AddNewHO--typeSelect-arrow\")]"}
COMMAND: POST /session/601af62cb68afff6944e8a635357ab53/element/f.2CF887CE126DC6B338BD3A7C0EF1B7FC.d.87F1C44FAE421992F90D42BA71C109FC.e.14219/click - {}
RESULT: {}
COMMAND: GET /session/601af62cb68afff6944e8a635357ab53/screenshot - {}
RESULT: {}
COMMAND: POST /session/601af62cb68afff6944e8a635357ab53/element - {"using":"xpath","value":"(//li[contains(text(), \"stock increase yard\")])[1]"}
RESULT: {"using":"xpath","value":"(//li[contains(text(), \"stock increase yard\")])[1]"}
COMMAND: POST /session/601af62cb68afff6944e8a635357ab53/element/f.2CF887CE126DC6B338BD3A7C0EF1B7FC.d.87F1C44FAE421992F90D42BA71C109FC.e.14220/click - {}
RESULT: {}
COMMAND: GET /session/601af62cb68afff6944e8a635357ab53/screenshot - {}
RESULT: {}
COMMAND: POST /session/601af62cb68afff6944e8a635357ab53/execute/async - {"script":"<script> [1562 bytes]","args":[{"selector":{"id":"application-managehandovers-display-component---AddNewHO--dueDate","interaction":{"idSuffix":"inner"}},"wdio_ui5_key":"applicationmanagehandovers-display-component---AddNewHO--dueDate"}]}
RESULT: {"script":"<script> [1562 bytes]","args":[{"selector":{"id":"application-managehandovers-display-component---AddNewHO--dueDate","interaction":{"idSuffix":"inner"}},"wdio_ui5_key":"applicationmanagehandovers-display-component---AddNewHO--dueDate"}]}
RESULT: undefined
COMMAND: POST /session/601af62cb68afff6944e8a635357ab53/execute/async - {"script":"<script> [6424 bytes]","args":[{"element-6066-11e4-a52e-4f735466cecf":"f.2CF887CE126DC6B338BD3A7C0EF1B7FC.d.87F1C44FAE421992F90D42BA71C109FC.e.14222"},"setValue",["5/14/25"]]}
RESULT: {"script":"<script> [6424 bytes]","args":[{"element-6066-11e4-a52e-4f735466cecf":"f.2CF887CE126DC6B338BD3A7C0EF1B7FC.d.87F1C44FAE421992F90D42BA71C109FC.e.14222"},"setValue",["5/14/25"]]}
COMMAND: POST /session/601af62cb68afff6944e8a635357ab53/element - {"using":"xpath","value":"//input[@id=\"generalSectionFrg--receiveYard-inner\"]"}
RESULT: {"using":"xpath","value":"//input[@id=\"generalSectionFrg--receiveYard-inner\"]"}
COMMAND: POST /session/601af62cb68afff6944e8a635357ab53/element/f.2CF887CE126DC6B338BD3A7C0EF1B7FC.d.87F1C44FAE421992F90D42BA71C109FC.e.14226/clear - {}
RESULT: {}
COMMAND: POST /session/601af62cb68afff6944e8a635357ab53/element/f.2CF887CE126DC6B338BD3A7C0EF1B7FC.d.87F1C44FAE421992F90D42BA71C109FC.e.14226/value - {"text":"362"}
COMMAND: GET /session/601af62cb68afff6944e8a635357ab53/screenshot - {}
RESULT: {"text":"362"}
COMMAND: GET /session/601af62cb68afff6944e8a635357ab53/screenshot - {}
RESULT: {}
RESULT: {}
COMMAND: POST /session/601af62cb68afff6944e8a635357ab53/element - {"using":"xpath","value":"//li[.//span[text()='362']]"}
RESULT: {"using":"xpath","value":"//li[.//span[text()='362']]"}
COMMAND: POST /session/601af62cb68afff6944e8a635357ab53/element/f.2CF887CE126DC6B338BD3A7C0EF1B7FC.d.87F1C44FAE421992F90D42BA71C109FC.e.14244/click - {}
RESULT: {}
COMMAND: GET /session/601af62cb68afff6944e8a635357ab53/screenshot - {}
RESULT: {}
COMMAND: POST /session/601af62cb68afff6944e8a635357ab53/execute/async - {"script":"<script> [1562 bytes]","args":[{"selector":{"id":"application-managehandovers-display-component---AddNewHO--ObjectPageLayout-anchBar-application-managehandovers-display-component---AddNewHO--section4-anchor","interaction":{"idSuffix":"BDI-content"}},"wdio_ui5_key":"applicationmanagehandovers-display-component---AddNewHO--ObjectPageLayout-anchBar-application-managehandovers-display-component---AddNewHO--section4-anchor"}]}
RESULT: {"script":"<script> [1562 bytes]","args":[{"selector":{"id":"application-managehandovers-display-component---AddNewHO--ObjectPageLayout-anchBar-application-managehandovers-display-component---AddNewHO--section4-anchor","interaction":{"idSuffix":"BDI-content"}},"wdio_ui5_key":"applicationmanagehandovers-display-component---AddNewHO--ObjectPageLayout-anchBar-application-managehandovers-display-component---AddNewHO--section4-anchor"}]}
RESULT: undefined
COMMAND: POST /session/601af62cb68afff6944e8a635357ab53/element - {"using":"xpath","value":"//*[@id=\"application-managehandovers-display-component---AddNewHO--ObjectPageLayout-anchBar-application-managehandovers-display-component---AddNewHO--section4-anchor\"]"}
RESULT: {"using":"xpath","value":"//*[@id=\"application-managehandovers-display-component---AddNewHO--ObjectPageLayout-anchBar-application-managehandovers-display-component---AddNewHO--section4-anchor\"]"}
COMMAND: POST /session/601af62cb68afff6944e8a635357ab53/element/f.2CF887CE126DC6B338BD3A7C0EF1B7FC.d.87F1C44FAE421992F90D42BA71C109FC.e.14246/click - {}
RESULT: {}
COMMAND: POST /session/601af62cb68afff6944e8a635357ab53/element - {"using":"xpath","value":"//button[@aria-label=\"Add\"]"}
COMMAND: GET /session/601af62cb68afff6944e8a635357ab53/screenshot - {}
RESULT: {"using":"xpath","value":"//button[@aria-label=\"Add\"]"}
COMMAND: POST /session/601af62cb68afff6944e8a635357ab53/element/f.2CF887CE126DC6B338BD3A7C0EF1B7FC.d.87F1C44FAE421992F90D42BA71C109FC.e.14248/click - {}
RESULT: {}
RESULT: {}
COMMAND: GET /session/601af62cb68afff6944e8a635357ab53/screenshot - {}
RESULT: {}
COMMAND: POST /session/601af62cb68afff6944e8a635357ab53/execute/async - {"script":"<script> [1562 bytes]","args":[{"selector":{"id":"application-managehandovers-display-component---AddNewHO--smartFilterBar-btnBasicSearch","searchOpenDialogs":true,"interaction":{"idSuffix":"I"}},"wdio_ui5_key":"applicationmanagehandovers-display-component---AddNewHO--smartFilterBar-btnBasicSearch"}]}
RESULT: {"script":"<script> [1562 bytes]","args":[{"selector":{"id":"application-managehandovers-display-component---AddNewHO--smartFilterBar-btnBasicSearch","searchOpenDialogs":true,"interaction":{"idSuffix":"I"}},"wdio_ui5_key":"applicationmanagehandovers-display-component---AddNewHO--smartFilterBar-btnBasicSearch"}]}
RESULT: undefined
COMMAND: POST /session/601af62cb68afff6944e8a635357ab53/execute/async - {"script":"<script> [776 bytes]","args":[{"enterText":"200152","selector":{"id":"application-managehandovers-display-component---AddNewHO--smartFilterBar-btnBasicSearch","searchOpenDialogs":true,"interaction":{"idSuffix":"I"}},"clearTextFirst":true,"interactionType":"ENTER_TEXT"}]}
RESULT: {"script":"<script> [776 bytes]","args":[{"enterText":"200152","selector":{"id":"application-managehandovers-display-component---AddNewHO--smartFilterBar-btnBasicSearch","searchOpenDialogs":true,"interaction":{"idSuffix":"I"}},"clearTextFirst":true,"interactionType":"ENTER_TEXT"}]}
COMMAND: POST /session/601af62cb68afff6944e8a635357ab53/actions - {"actions":[{"id":"action48","type":"key","parameters":{},"actions":[{"type":"keyDown","value":"î€‡"},{"type":"pause","duration":10},{"type":"keyUp","value":"î€‡"}]}]}
RESULT: {"actions":[{"id":"action48","type":"key","parameters":{},"actions":[{"type":"keyDown","value":"î€‡"},{"type":"pause","duration":10},{"type":"keyUp","value":"î€‡"}]}]}
COMMAND: GET /session/601af62cb68afff6944e8a635357ab53/screenshot - {}
RESULT: {}
COMMAND: POST /session/601af62cb68afff6944e8a635357ab53/execute/async - {"script":"<script> [1562 bytes]","args":[{"selector":{"id":"application-managehandovers-display-component---AddNewHO--popup-sa","searchOpenDialogs":true,"interaction":{"idSuffix":"CbBg"}},"wdio_ui5_key":"applicationmanagehandovers-display-component---AddNewHO--popup-sa"}]}
RESULT: {"script":"<script> [1562 bytes]","args":[{"selector":{"id":"application-managehandovers-display-component---AddNewHO--popup-sa","searchOpenDialogs":true,"interaction":{"idSuffix":"CbBg"}},"wdio_ui5_key":"applicationmanagehandovers-display-component---AddNewHO--popup-sa"}]}
RESULT: undefined
COMMAND: POST /session/601af62cb68afff6944e8a635357ab53/element - {"using":"xpath","value":"//*[@id=\"application-managehandovers-display-component---AddNewHO--popup-sa\"]"}
RESULT: {"using":"xpath","value":"//*[@id=\"application-managehandovers-display-component---AddNewHO--popup-sa\"]"}
COMMAND: POST /session/601af62cb68afff6944e8a635357ab53/element/f.2CF887CE126DC6B338BD3A7C0EF1B7FC.d.87F1C44FAE421992F90D42BA71C109FC.e.14399/click - {}
RESULT: {}
COMMAND: GET /session/601af62cb68afff6944e8a635357ab53/screenshot - {}
RESULT: {}
COMMAND: POST /session/601af62cb68afff6944e8a635357ab53/element - {"using":"xpath","value":"//bdi[contains(text(), \"Select\")]"}
RESULT: {"using":"xpath","value":"//bdi[contains(text(), \"Select\")]"}
COMMAND: POST /session/601af62cb68afff6944e8a635357ab53/element/f.2CF887CE126DC6B338BD3A7C0EF1B7FC.d.87F1C44FAE421992F90D42BA71C109FC.e.14400/click - {}
RESULT: {}
COMMAND: GET /session/601af62cb68afff6944e8a635357ab53/screenshot - {}
RESULT: {}
COMMAND: POST /session/601af62cb68afff6944e8a635357ab53/element - {"using":"xpath","value":"//button[@data-kt=\"AddNewHOSaveButton\"]"}
RESULT: {"using":"xpath","value":"//button[@data-kt=\"AddNewHOSaveButton\"]"}
COMMAND: POST /session/601af62cb68afff6944e8a635357ab53/element/f.2CF887CE126DC6B338BD3A7C0EF1B7FC.d.87F1C44FAE421992F90D42BA71C109FC.e.14404/click - {}
RESULT: {}
COMMAND: GET /session/601af62cb68afff6944e8a635357ab53/screenshot - {}
RESULT: {}
COMMAND: POST /session/601af62cb68afff6944e8a635357ab53/execute/async - {"script":"<script> [1562 bytes]","args":[{"selector":{"id":"receiptDatePicker","viewName":"etm.portal.ui.managehandovers.view.DetailExecuteHO","interaction":{"idSuffix":"inner"}},"wdio_ui5_key":"receiptDatePickeretmportal.ui.managehandovers.view.DetailExecuteHO"}]}
RESULT: {"script":"<script> [1562 bytes]","args":[{"selector":{"id":"receiptDatePicker","viewName":"etm.portal.ui.managehandovers.view.DetailExecuteHO","interaction":{"idSuffix":"inner"}},"wdio_ui5_key":"receiptDatePickeretmportal.ui.managehandovers.view.DetailExecuteHO"}]}
RESULT: undefined
COMMAND: POST /session/601af62cb68afff6944e8a635357ab53/execute/async - {"script":"<script> [6424 bytes]","args":[{"element-6066-11e4-a52e-4f735466cecf":"f.2CF887CE126DC6B338BD3A7C0EF1B7FC.d.87F1C44FAE421992F90D42BA71C109FC.e.14422"},"setValue",["5/14/25"]]}
RESULT: {"script":"<script> [6424 bytes]","args":[{"element-6066-11e4-a52e-4f735466cecf":"f.2CF887CE126DC6B338BD3A7C0EF1B7FC.d.87F1C44FAE421992F90D42BA71C109FC.e.14422"},"setValue",["5/14/25"]]}
COMMAND: POST /session/601af62cb68afff6944e8a635357ab53/element - {"using":"xpath","value":"//button[@data-kt=\"PickingTableConfirmAllButton\"]"}
RESULT: {"using":"xpath","value":"//button[@data-kt=\"PickingTableConfirmAllButton\"]"}
COMMAND: POST /session/601af62cb68afff6944e8a635357ab53/element/f.2CF887CE126DC6B338BD3A7C0EF1B7FC.d.87F1C44FAE421992F90D42BA71C109FC.e.14436/click - {}
RESULT: {}
COMMAND: GET /session/601af62cb68afff6944e8a635357ab53/screenshot - {}
RESULT: {}
COMMAND: POST /session/601af62cb68afff6944e8a635357ab53/element - {"using":"xpath","value":"//bdi[contains(text(), \"OK\")]"}
RESULT: {"using":"xpath","value":"//bdi[contains(text(), \"OK\")]"}
COMMAND: POST /session/601af62cb68afff6944e8a635357ab53/element/f.2CF887CE126DC6B338BD3A7C0EF1B7FC.d.87F1C44FAE421992F90D42BA71C109FC.e.14438/click - {}
RESULT: {}
COMMAND: GET /session/601af62cb68afff6944e8a635357ab53/screenshot - {}
RESULT: {}
COMMAND: POST /session/601af62cb68afff6944e8a635357ab53/element - {"using":"xpath","value":"(//bdi[contains(text(), \"Receive\")])[2]"}
RESULT: {"using":"xpath","value":"(//bdi[contains(text(), \"Receive\")])[2]"}
COMMAND: POST /session/601af62cb68afff6944e8a635357ab53/element/f.2CF887CE126DC6B338BD3A7C0EF1B7FC.d.87F1C44FAE421992F90D42BA71C109FC.e.14440/click - {}
RESULT: {}
COMMAND: GET /session/601af62cb68afff6944e8a635357ab53/screenshot - {}
RESULT: {}
COMMAND: POST /session/601af62cb68afff6944e8a635357ab53/element - {"using":"css selector","value":"#shell-header-logo"}
RESULT: {"using":"css selector","value":"#shell-header-logo"}
COMMAND: POST /session/601af62cb68afff6944e8a635357ab53/element/f.2CF887CE126DC6B338BD3A7C0EF1B7FC.d.87F1C44FAE421992F90D42BA71C109FC.e.13824/click - {}
RESULT: {}
COMMAND: GET /session/601af62cb68afff6944e8a635357ab53/screenshot - {}
RESULT: {}
]]></system-out>
    </testcase>
    <testcase classname="chrome.136_0_7103_49.windows.Provide_to_Site_w/o_warehouse_management_w_clarification" name="Should create a new contract" time="57.414">
      <system-out><![CDATA[
COMMAND: POST /session/601af62cb68afff6944e8a635357ab53/execute/async - {"script":"<script> [1562 bytes]","args":[{"selector":{"controlType":"sap.m.GenericTile","properties":{"header":"Manage Contracts"}},"wdio_ui5_key":"sapm.GenericTile{\"header\":\"Manage Contracts\"}"}]}
RESULT: {"script":"<script> [1562 bytes]","args":[{"selector":{"controlType":"sap.m.GenericTile","properties":{"header":"Manage Contracts"}},"wdio_ui5_key":"sapm.GenericTile{\"header\":\"Manage Contracts\"}"}]}
RESULT: undefined
COMMAND: POST /session/601af62cb68afff6944e8a635357ab53/element - {"using":"xpath","value":"//*[@id=\"__tile130\"]"}
RESULT: {"using":"xpath","value":"//*[@id=\"__tile130\"]"}
COMMAND: POST /session/601af62cb68afff6944e8a635357ab53/element/f.2CF887CE126DC6B338BD3A7C0EF1B7FC.d.87F1C44FAE421992F90D42BA71C109FC.e.10972/click - {}
RESULT: {}
COMMAND: GET /session/601af62cb68afff6944e8a635357ab53/screenshot - {}
RESULT: {}
COMMAND: POST /session/601af62cb68afff6944e8a635357ab53/elements - {"using":"xpath","value":"//span[text()='Error']"}
RESULT: {"using":"xpath","value":"//span[text()='Error']"}
COMMAND: POST /session/601af62cb68afff6944e8a635357ab53/element - {"using":"xpath","value":"//button[@data-kt=\"addButton\"]"}
RESULT: {"using":"xpath","value":"//button[@data-kt=\"addButton\"]"}
COMMAND: POST /session/601af62cb68afff6944e8a635357ab53/elements - {"using":"xpath","value":"//button[@data-kt=\"addButton\"]"}
RESULT: {"using":"xpath","value":"//button[@data-kt=\"addButton\"]"}
COMMAND: POST /session/601af62cb68afff6944e8a635357ab53/execute/sync - {"script":"<script> [8489 bytes]","args":[{"element-6066-11e4-a52e-4f735466cecf":"f.2CF887CE126DC6B338BD3A7C0EF1B7FC.d.87F1C44FAE421992F90D42BA71C109FC.e.14661","ELEMENT":"f.2CF887CE126DC6B338BD3A7C0EF1B7FC.d.87F1C44FAE421992F90D42BA71C109FC.e.14661"}]}
RESULT: {"script":"<script> [8489 bytes]","args":[{"element-6066-11e4-a52e-4f735466cecf":"f.2CF887CE126DC6B338BD3A7C0EF1B7FC.d.87F1C44FAE421992F90D42BA71C109FC.e.14661","ELEMENT":"f.2CF887CE126DC6B338BD3A7C0EF1B7FC.d.87F1C44FAE421992F90D42BA71C109FC.e.14661"}]}
COMMAND: GET /session/601af62cb68afff6944e8a635357ab53/element/f.2CF887CE126DC6B338BD3A7C0EF1B7FC.d.87F1C44FAE421992F90D42BA71C109FC.e.14661/enabled - {}
COMMAND: GET /session/601af62cb68afff6944e8a635357ab53/screenshot - {}
RESULT: {}
COMMAND: POST /session/601af62cb68afff6944e8a635357ab53/execute/sync - {"script":"<script> [8489 bytes]","args":[{"element-6066-11e4-a52e-4f735466cecf":"f.2CF887CE126DC6B338BD3A7C0EF1B7FC.d.87F1C44FAE421992F90D42BA71C109FC.e.14661","ELEMENT":"f.2CF887CE126DC6B338BD3A7C0EF1B7FC.d.87F1C44FAE421992F90D42BA71C109FC.e.14661"}]}
COMMAND: GET /session/601af62cb68afff6944e8a635357ab53/screenshot - {}
RESULT: {}
RESULT: {"script":"<script> [8489 bytes]","args":[{"element-6066-11e4-a52e-4f735466cecf":"f.2CF887CE126DC6B338BD3A7C0EF1B7FC.d.87F1C44FAE421992F90D42BA71C109FC.e.14661","ELEMENT":"f.2CF887CE126DC6B338BD3A7C0EF1B7FC.d.87F1C44FAE421992F90D42BA71C109FC.e.14661"}]}
COMMAND: POST /session/601af62cb68afff6944e8a635357ab53/execute/sync - {"script":"<script> [5351 bytes]","args":[{"element-6066-11e4-a52e-4f735466cecf":"f.2CF887CE126DC6B338BD3A7C0EF1B7FC.d.87F1C44FAE421992F90D42BA71C109FC.e.14661","ELEMENT":"f.2CF887CE126DC6B338BD3A7C0EF1B7FC.d.87F1C44FAE421992F90D42BA71C109FC.e.14661"}]}
COMMAND: GET /session/601af62cb68afff6944e8a635357ab53/screenshot - {}
RESULT: {}
RESULT: {"script":"<script> [5351 bytes]","args":[{"element-6066-11e4-a52e-4f735466cecf":"f.2CF887CE126DC6B338BD3A7C0EF1B7FC.d.87F1C44FAE421992F90D42BA71C109FC.e.14661","ELEMENT":"f.2CF887CE126DC6B338BD3A7C0EF1B7FC.d.87F1C44FAE421992F90D42BA71C109FC.e.14661"}]}
COMMAND: GET /session/601af62cb68afff6944e8a635357ab53/screenshot - {}
RESULT: {}
RESULT: {}
COMMAND: POST /session/601af62cb68afff6944e8a635357ab53/element/f.2CF887CE126DC6B338BD3A7C0EF1B7FC.d.87F1C44FAE421992F90D42BA71C109FC.e.14661/click - {}
RESULT: {}
COMMAND: GET /session/601af62cb68afff6944e8a635357ab53/screenshot - {}
RESULT: {}
COMMAND: POST /session/601af62cb68afff6944e8a635357ab53/execute/async - {"script":"<script> [1562 bytes]","args":[{"selector":{"id":"application-managecontracts-display-component---AddNewContract--projectDescription","interaction":{"idSuffix":"inner"}},"wdio_ui5_key":"applicationmanagecontracts-display-component---AddNewContract--projectDescription"}]}
RESULT: {"script":"<script> [1562 bytes]","args":[{"selector":{"id":"application-managecontracts-display-component---AddNewContract--projectDescription","interaction":{"idSuffix":"inner"}},"wdio_ui5_key":"applicationmanagecontracts-display-component---AddNewContract--projectDescription"}]}
RESULT: undefined
COMMAND: POST /session/601af62cb68afff6944e8a635357ab53/execute/async - {"script":"<script> [776 bytes]","args":[{"enterText":"Contract WDIO","selector":{"id":"application-managecontracts-display-component---AddNewContract--projectDescription","interaction":{"idSuffix":"inner"}},"clearTextFirst":true,"interactionType":"ENTER_TEXT"}]}
RESULT: {"script":"<script> [776 bytes]","args":[{"enterText":"Contract WDIO","selector":{"id":"application-managecontracts-display-component---AddNewContract--projectDescription","interaction":{"idSuffix":"inner"}},"clearTextFirst":true,"interactionType":"ENTER_TEXT"}]}
COMMAND: POST /session/601af62cb68afff6944e8a635357ab53/element - {"using":"xpath","value":"//input[@id=\"application-managecontracts-display-component---AddNewContract--site-inner\"]"}
RESULT: {"using":"xpath","value":"//input[@id=\"application-managecontracts-display-component---AddNewContract--site-inner\"]"}
COMMAND: POST /session/601af62cb68afff6944e8a635357ab53/element/f.2CF887CE126DC6B338BD3A7C0EF1B7FC.d.87F1C44FAE421992F90D42BA71C109FC.e.15018/clear - {}
RESULT: {}
COMMAND: POST /session/601af62cb68afff6944e8a635357ab53/element/f.2CF887CE126DC6B338BD3A7C0EF1B7FC.d.87F1C44FAE421992F90D42BA71C109FC.e.15018/value - {"text":"2147"}
COMMAND: GET /session/601af62cb68afff6944e8a635357ab53/screenshot - {}
RESULT: {"text":"2147"}
COMMAND: GET /session/601af62cb68afff6944e8a635357ab53/screenshot - {}
RESULT: {}
RESULT: {}
COMMAND: POST /session/601af62cb68afff6944e8a635357ab53/element - {"using":"xpath","value":"//li[.//span[text()='2147']]"}
RESULT: {"using":"xpath","value":"//li[.//span[text()='2147']]"}
COMMAND: POST /session/601af62cb68afff6944e8a635357ab53/element/f.2CF887CE126DC6B338BD3A7C0EF1B7FC.d.87F1C44FAE421992F90D42BA71C109FC.e.15049/click - {}
RESULT: {}
COMMAND: GET /session/601af62cb68afff6944e8a635357ab53/screenshot - {}
RESULT: {}
COMMAND: POST /session/601af62cb68afff6944e8a635357ab53/element - {"using":"xpath","value":"//input[@id=\"application-managecontracts-display-component---AddNewContract--yardId-inner\"]"}
RESULT: {"using":"xpath","value":"//input[@id=\"application-managecontracts-display-component---AddNewContract--yardId-inner\"]"}
COMMAND: GET /session/601af62cb68afff6944e8a635357ab53/element/f.2CF887CE126DC6B338BD3A7C0EF1B7FC.d.87F1C44FAE421992F90D42BA71C109FC.e.15019/property/value - {}
RESULT: {}
COMMAND: POST /session/601af62cb68afff6944e8a635357ab53/element - {"using":"xpath","value":"//input[@id=\"application-managecontracts-display-component---AddNewContract--customerSelect-inner\"]"}
COMMAND: GET /session/601af62cb68afff6944e8a635357ab53/screenshot - {}
RESULT: {"using":"xpath","value":"//input[@id=\"application-managecontracts-display-component---AddNewContract--customerSelect-inner\"]"}
COMMAND: POST /session/601af62cb68afff6944e8a635357ab53/element/f.2CF887CE126DC6B338BD3A7C0EF1B7FC.d.87F1C44FAE421992F90D42BA71C109FC.e.15017/clear - {}
RESULT: {}
RESULT: {}
COMMAND: POST /session/601af62cb68afff6944e8a635357ab53/element/f.2CF887CE126DC6B338BD3A7C0EF1B7FC.d.87F1C44FAE421992F90D42BA71C109FC.e.15017/value - {"text":"1179"}
COMMAND: GET /session/601af62cb68afff6944e8a635357ab53/screenshot - {}
RESULT: {"text":"1179"}
COMMAND: GET /session/601af62cb68afff6944e8a635357ab53/screenshot - {}
RESULT: {}
RESULT: {}
COMMAND: POST /session/601af62cb68afff6944e8a635357ab53/element - {"using":"xpath","value":"//li[.//span[text()='1179']]"}
RESULT: {"using":"xpath","value":"//li[.//span[text()='1179']]"}
COMMAND: POST /session/601af62cb68afff6944e8a635357ab53/element/f.2CF887CE126DC6B338BD3A7C0EF1B7FC.d.87F1C44FAE421992F90D42BA71C109FC.e.15052/click - {}
RESULT: {}
COMMAND: GET /session/601af62cb68afff6944e8a635357ab53/screenshot - {}
RESULT: {}
COMMAND: POST /session/601af62cb68afff6944e8a635357ab53/element - {"using":"xpath","value":"//button[@data-kt=\"saveButton\"]"}
RESULT: {"using":"xpath","value":"//button[@data-kt=\"saveButton\"]"}
COMMAND: POST /session/601af62cb68afff6944e8a635357ab53/element/f.2CF887CE126DC6B338BD3A7C0EF1B7FC.d.87F1C44FAE421992F90D42BA71C109FC.e.15053/click - {}
RESULT: {}
COMMAND: GET /session/601af62cb68afff6944e8a635357ab53/screenshot - {}
RESULT: {}
COMMAND: POST /session/601af62cb68afff6944e8a635357ab53/element - {"using":"xpath","value":"//span[contains(@id ,\"contractDetailTitleNoExpanded\")]"}
RESULT: {"using":"xpath","value":"//span[contains(@id ,\"contractDetailTitleNoExpanded\")]"}
COMMAND: POST /session/601af62cb68afff6944e8a635357ab53/elements - {"using":"xpath","value":"//span[contains(@id ,\"contractDetailTitleNoExpanded\")]"}
RESULT: {"using":"xpath","value":"//span[contains(@id ,\"contractDetailTitleNoExpanded\")]"}
COMMAND: POST /session/601af62cb68afff6944e8a635357ab53/execute/sync - {"script":"<script> [56 bytes]","args":[{"element-6066-11e4-a52e-4f735466cecf":"f.2CF887CE126DC6B338BD3A7C0EF1B7FC.d.87F1C44FAE421992F90D42BA71C109FC.e.15124","ELEMENT":"f.2CF887CE126DC6B338BD3A7C0EF1B7FC.d.87F1C44FAE421992F90D42BA71C109FC.e.15124"}]}
RESULT: {"script":"<script> [56 bytes]","args":[{"element-6066-11e4-a52e-4f735466cecf":"f.2CF887CE126DC6B338BD3A7C0EF1B7FC.d.87F1C44FAE421992F90D42BA71C109FC.e.15124","ELEMENT":"f.2CF887CE126DC6B338BD3A7C0EF1B7FC.d.87F1C44FAE421992F90D42BA71C109FC.e.15124"}]}
COMMAND: GET /session/601af62cb68afff6944e8a635357ab53/screenshot - {}
RESULT: {}
]]></system-out>
    </testcase>
    <testcase classname="chrome.136_0_7103_49.windows.Provide_to_Site_w/o_warehouse_management_w_clarification" name="Should add equipment to the contract" time="56.953">
      <system-out><![CDATA[
COMMAND: POST /session/601af62cb68afff6944e8a635357ab53/element - {"using":"xpath","value":"//button[@data-kt=\"contractDetailEditBtnButton\"]"}
RESULT: {"using":"xpath","value":"//button[@data-kt=\"contractDetailEditBtnButton\"]"}
COMMAND: POST /session/601af62cb68afff6944e8a635357ab53/element/f.2CF887CE126DC6B338BD3A7C0EF1B7FC.d.87F1C44FAE421992F90D42BA71C109FC.e.15126/click - {}
RESULT: {}
COMMAND: GET /session/601af62cb68afff6944e8a635357ab53/screenshot - {}
RESULT: {}
COMMAND: POST /session/601af62cb68afff6944e8a635357ab53/element - {"using":"xpath","value":"(//span[contains(text(), \"Additional Addresses\")])[2]"}
RESULT: {"using":"xpath","value":"(//span[contains(text(), \"Additional Addresses\")])[2]"}
COMMAND: POST /session/601af62cb68afff6944e8a635357ab53/element/f.2CF887CE126DC6B338BD3A7C0EF1B7FC.d.87F1C44FAE421992F90D42BA71C109FC.e.15180/click - {}
RESULT: {}
COMMAND: GET /session/601af62cb68afff6944e8a635357ab53/screenshot - {}
RESULT: {}
COMMAND: POST /session/601af62cb68afff6944e8a635357ab53/element - {"using":"xpath","value":"//button[@data-kt=\"btnAddTableRowOverflowToolbarButton\"]"}
RESULT: {"using":"xpath","value":"//button[@data-kt=\"btnAddTableRowOverflowToolbarButton\"]"}
COMMAND: POST /session/601af62cb68afff6944e8a635357ab53/element/f.2CF887CE126DC6B338BD3A7C0EF1B7FC.d.87F1C44FAE421992F90D42BA71C109FC.e.15184/click - {}
RESULT: {}
COMMAND: GET /session/601af62cb68afff6944e8a635357ab53/screenshot - {}
RESULT: {}
COMMAND: POST /session/601af62cb68afff6944e8a635357ab53/element - {"using":"xpath","value":"//div[(text() = 'Standard Entry' or . = 'Standard Entry')]"}
RESULT: {"using":"xpath","value":"//div[(text() = 'Standard Entry' or . = 'Standard Entry')]"}
COMMAND: POST /session/601af62cb68afff6944e8a635357ab53/element/f.2CF887CE126DC6B338BD3A7C0EF1B7FC.d.87F1C44FAE421992F90D42BA71C109FC.e.15186/click - {}
RESULT: {}
COMMAND: GET /session/601af62cb68afff6944e8a635357ab53/screenshot - {}
RESULT: {}
COMMAND: POST /session/601af62cb68afff6944e8a635357ab53/element - {"using":"xpath","value":"//td[6]/div/div/div/span"}
RESULT: {"using":"xpath","value":"//td[6]/div/div/div/span"}
COMMAND: POST /session/601af62cb68afff6944e8a635357ab53/element/f.2CF887CE126DC6B338BD3A7C0EF1B7FC.d.87F1C44FAE421992F90D42BA71C109FC.e.15198/click - {}
RESULT: {}
COMMAND: GET /session/601af62cb68afff6944e8a635357ab53/screenshot - {}
RESULT: {}
COMMAND: POST /session/601af62cb68afff6944e8a635357ab53/element - {"using":"xpath","value":"(//span[contains(text(), \"Material\")])"}
RESULT: {"using":"xpath","value":"(//span[contains(text(), \"Material\")])"}
COMMAND: POST /session/601af62cb68afff6944e8a635357ab53/element/f.2CF887CE126DC6B338BD3A7C0EF1B7FC.d.87F1C44FAE421992F90D42BA71C109FC.e.15199/click - {}
RESULT: {}
COMMAND: GET /session/601af62cb68afff6944e8a635357ab53/screenshot - {}
RESULT: {}
COMMAND: POST /session/601af62cb68afff6944e8a635357ab53/element - {"using":"xpath","value":"//td[7]/div/div/input"}
RESULT: {"using":"xpath","value":"//td[7]/div/div/input"}
COMMAND: POST /session/601af62cb68afff6944e8a635357ab53/element/f.2CF887CE126DC6B338BD3A7C0EF1B7FC.d.87F1C44FAE421992F90D42BA71C109FC.e.15203/clear - {}
RESULT: {}
COMMAND: POST /session/601af62cb68afff6944e8a635357ab53/element/f.2CF887CE126DC6B338BD3A7C0EF1B7FC.d.87F1C44FAE421992F90D42BA71C109FC.e.15203/value - {"text":"200152"}
COMMAND: GET /session/601af62cb68afff6944e8a635357ab53/screenshot - {}
RESULT: {"text":"200152"}
COMMAND: GET /session/601af62cb68afff6944e8a635357ab53/screenshot - {}
RESULT: {}
RESULT: {}
COMMAND: POST /session/601af62cb68afff6944e8a635357ab53/actions - {"actions":[{"id":"action49","type":"key","parameters":{},"actions":[{"type":"keyDown","value":"î€‡"},{"type":"pause","duration":10},{"type":"keyUp","value":"î€‡"}]}]}
RESULT: {"actions":[{"id":"action49","type":"key","parameters":{},"actions":[{"type":"keyDown","value":"î€‡"},{"type":"pause","duration":10},{"type":"keyUp","value":"î€‡"}]}]}
COMMAND: GET /session/601af62cb68afff6944e8a635357ab53/screenshot - {}
RESULT: {}
COMMAND: POST /session/601af62cb68afff6944e8a635357ab53/execute/sync - {"script":"<script> [276 bytes]","args":["No pricing information was found"]}
RESULT: {"script":"<script> [276 bytes]","args":["No pricing information was found"]}
COMMAND: POST /session/601af62cb68afff6944e8a635357ab53/element - {"using":"xpath","value":"//bdi[contains(text(), \"OK\")]"}
COMMAND: GET /session/601af62cb68afff6944e8a635357ab53/screenshot - {}
RESULT: {"using":"xpath","value":"//bdi[contains(text(), \"OK\")]"}
COMMAND: POST /session/601af62cb68afff6944e8a635357ab53/element/f.2CF887CE126DC6B338BD3A7C0EF1B7FC.d.87F1C44FAE421992F90D42BA71C109FC.e.15229/click - {}
RESULT: {}
RESULT: {}
COMMAND: GET /session/601af62cb68afff6944e8a635357ab53/screenshot - {}
RESULT: {}
COMMAND: POST /session/601af62cb68afff6944e8a635357ab53/element - {"using":"xpath","value":"(//button[@data-kt=\"saveButton\"])[2]"}
RESULT: {"using":"xpath","value":"(//button[@data-kt=\"saveButton\"])[2]"}
COMMAND: POST /session/601af62cb68afff6944e8a635357ab53/element/f.2CF887CE126DC6B338BD3A7C0EF1B7FC.d.87F1C44FAE421992F90D42BA71C109FC.e.15230/click - {}
RESULT: {}
COMMAND: GET /session/601af62cb68afff6944e8a635357ab53/screenshot - {}
RESULT: {}
COMMAND: POST /session/601af62cb68afff6944e8a635357ab53/execute/sync - {"script":"<script> [276 bytes]","args":["Some contract items are having rental validity exceeding header rental validity"]}
RESULT: {"script":"<script> [276 bytes]","args":["Some contract items are having rental validity exceeding header rental validity"]}
COMMAND: GET /session/601af62cb68afff6944e8a635357ab53/screenshot - {}
RESULT: {}
COMMAND: POST /session/601af62cb68afff6944e8a635357ab53/element - {"using":"xpath","value":"//span[contains(@id ,\"contractItemsSmartTable-header-inner\")]"}
RESULT: {"using":"xpath","value":"//span[contains(@id ,\"contractItemsSmartTable-header-inner\")]"}
COMMAND: POST /session/601af62cb68afff6944e8a635357ab53/elements - {"using":"xpath","value":"//span[contains(@id ,\"contractItemsSmartTable-header-inner\")]"}
RESULT: {"using":"xpath","value":"//span[contains(@id ,\"contractItemsSmartTable-header-inner\")]"}
COMMAND: POST /session/601af62cb68afff6944e8a635357ab53/execute/sync - {"script":"<script> [56 bytes]","args":[{"element-6066-11e4-a52e-4f735466cecf":"f.2CF887CE126DC6B338BD3A7C0EF1B7FC.d.87F1C44FAE421992F90D42BA71C109FC.e.15234","ELEMENT":"f.2CF887CE126DC6B338BD3A7C0EF1B7FC.d.87F1C44FAE421992F90D42BA71C109FC.e.15234"}]}
RESULT: {"script":"<script> [56 bytes]","args":[{"element-6066-11e4-a52e-4f735466cecf":"f.2CF887CE126DC6B338BD3A7C0EF1B7FC.d.87F1C44FAE421992F90D42BA71C109FC.e.15234","ELEMENT":"f.2CF887CE126DC6B338BD3A7C0EF1B7FC.d.87F1C44FAE421992F90D42BA71C109FC.e.15234"}]}
COMMAND: GET /session/601af62cb68afff6944e8a635357ab53/screenshot - {}
]]></system-out>
    </testcase>
    <testcase classname="chrome.136_0_7103_49.windows.Provide_to_Site_w/o_warehouse_management_w_clarification" name="Should test for Clarification" time="0.003">
      <system-out><![CDATA[
COMMAND: POST /session/601af62cb68afff6944e8a635357ab53/element - {"using":"css selector","value":"#j_username"}
COMMAND: POST /session/601af62cb68afff6944e8a635357ab53/url - {"url":"https://qa-testing-00-live-etm-ui.cfapps.eu10-004.hana.ondemand.com/"}
COMMAND: GET /session/601af62cb68afff6944e8a635357ab53/screenshot - {}
COMMAND: GET /session/601af62cb68afff6944e8a635357ab53/screenshot - {}
RESULT: {"using":"css selector","value":"#j_username"}
COMMAND: POST /session/601af62cb68afff6944e8a635357ab53/element - {"using":"css selector","value":"#j_username"}
RESULT: {"url":"https://qa-testing-00-live-etm-ui.cfapps.eu10-004.hana.ondemand.com/"}
RESULT: undefined
COMMAND: GET /session/601af62cb68afff6944e8a635357ab53/screenshot - {}
RESULT: {}
RESULT: {}
RESULT: {"using":"css selector","value":"#j_username"}
COMMAND: POST /session/601af62cb68afff6944e8a635357ab53/element - {"using":"css selector","value":"#shell-header-logo"}
RESULT: {}
RESULT: {"using":"css selector","value":"#shell-header-logo"}
COMMAND: POST /session/601af62cb68afff6944e8a635357ab53/execute/sync - {"script":"<script> [8489 bytes]","args":[{"element-6066-11e4-a52e-4f735466cecf":"f.2CF887CE126DC6B338BD3A7C0EF1B7FC.d.93C6A1160C7D3BD2B5433976C093DB8C.e.15618","ELEMENT":"f.2CF887CE126DC6B338BD3A7C0EF1B7FC.d.93C6A1160C7D3BD2B5433976C093DB8C.e.15618"}]}
RESULT: {"script":"<script> [8489 bytes]","args":[{"element-6066-11e4-a52e-4f735466cecf":"f.2CF887CE126DC6B338BD3A7C0EF1B7FC.d.93C6A1160C7D3BD2B5433976C093DB8C.e.15618","ELEMENT":"f.2CF887CE126DC6B338BD3A7C0EF1B7FC.d.93C6A1160C7D3BD2B5433976C093DB8C.e.15618"}]}
COMMAND: POST /session/601af62cb68afff6944e8a635357ab53/element - {"using":"css selector","value":"#shell-header-logo"}
COMMAND: GET /session/601af62cb68afff6944e8a635357ab53/screenshot - {}
RESULT: {"using":"css selector","value":"#shell-header-logo"}
COMMAND: POST /session/601af62cb68afff6944e8a635357ab53/execute/sync - {"script":"<script> [8489 bytes]","args":[{"element-6066-11e4-a52e-4f735466cecf":"f.2CF887CE126DC6B338BD3A7C0EF1B7FC.d.93C6A1160C7D3BD2B5433976C093DB8C.e.15618","ELEMENT":"f.2CF887CE126DC6B338BD3A7C0EF1B7FC.d.93C6A1160C7D3BD2B5433976C093DB8C.e.15618"}]}
RESULT: {}
RESULT: {"script":"<script> [8489 bytes]","args":[{"element-6066-11e4-a52e-4f735466cecf":"f.2CF887CE126DC6B338BD3A7C0EF1B7FC.d.93C6A1160C7D3BD2B5433976C093DB8C.e.15618","ELEMENT":"f.2CF887CE126DC6B338BD3A7C0EF1B7FC.d.93C6A1160C7D3BD2B5433976C093DB8C.e.15618"}]}
COMMAND: POST /session/601af62cb68afff6944e8a635357ab53/execute/sync - {"script":"<script> [5351 bytes]","args":[{"element-6066-11e4-a52e-4f735466cecf":"f.2CF887CE126DC6B338BD3A7C0EF1B7FC.d.93C6A1160C7D3BD2B5433976C093DB8C.e.15618","ELEMENT":"f.2CF887CE126DC6B338BD3A7C0EF1B7FC.d.93C6A1160C7D3BD2B5433976C093DB8C.e.15618"}]}
COMMAND: GET /session/601af62cb68afff6944e8a635357ab53/screenshot - {}
RESULT: {"script":"<script> [5351 bytes]","args":[{"element-6066-11e4-a52e-4f735466cecf":"f.2CF887CE126DC6B338BD3A7C0EF1B7FC.d.93C6A1160C7D3BD2B5433976C093DB8C.e.15618","ELEMENT":"f.2CF887CE126DC6B338BD3A7C0EF1B7FC.d.93C6A1160C7D3BD2B5433976C093DB8C.e.15618"}]}
COMMAND: POST /session/601af62cb68afff6944e8a635357ab53/element - {"using":"css selector","value":"#shell-header-logo"}
COMMAND: GET /session/601af62cb68afff6944e8a635357ab53/screenshot - {}
RESULT: {}
RESULT: {"using":"css selector","value":"#shell-header-logo"}
COMMAND: POST /session/601af62cb68afff6944e8a635357ab53/element/f.2CF887CE126DC6B338BD3A7C0EF1B7FC.d.93C6A1160C7D3BD2B5433976C093DB8C.e.15618/click - {}
RESULT: {}
RESULT: {}
COMMAND: GET /session/601af62cb68afff6944e8a635357ab53/screenshot - {}
RESULT: {}
COMMAND: POST /session/601af62cb68afff6944e8a635357ab53/execute/async - {"script":"<script> [189 bytes]","args":[]}
RESULT: {"script":"<script> [189 bytes]","args":[]}
COMMAND: POST /session/601af62cb68afff6944e8a635357ab53/execute/async - {"script":"<script> [123 bytes]","args":[]}
RESULT: {"script":"<script> [123 bytes]","args":[]}
COMMAND: POST /session/601af62cb68afff6944e8a635357ab53/timeouts - {"script":"<number>"}
RESULT: {"script":"<number>"}
COMMAND: GET /session/601af62cb68afff6944e8a635357ab53/timeouts - {}
RESULT: {}
RESULT: undefined
COMMAND: POST /session/601af62cb68afff6944e8a635357ab53/execute/async - {"script":"<script> [2676 bytes]","args":[]}
RESULT: {"script":"<script> [2676 bytes]","args":[]}
COMMAND: POST /session/601af62cb68afff6944e8a635357ab53/execute/async - {"script":"<script> [2342 bytes]","args":[{"protocol":"http","hostname":"0.0.0.0","path":"/","capabilities":{"browserName":"chrome","goog:chromeOptions":{"binary":"C:\\Program Files\\Google\\Chrome\\Application\\chrome.exe","args":["--start-maximized"]}},"logLevel":"warn","connectionRetryTimeout":120000,"connectionRetryCount":3,"logLevels":{},"enableDirectConnect":true,"strictSSL":true,"_":"65 more keys: [\"cacheDir\",\"port\",\"requestedCapabilities\",\"automationProtocol\",\"baseUrl\",\"waitforInterval\",\"waitforTimeout\",\"onReload\",\"beforeCommand\",\"afterCommand\",\"rootDir\",\"specs\",\"suites\",\"exclude\",\"groupLogsByTestSpec\",\"excludeDriverLogs\",\"bail\",\"framework\",\"reporters\",\"services\",\"maxInstances\",\"maxInstancesPerCapability\",\"injectGlobals\",\"filesToWatch\",\"execArgv\",\"runnerEnv\",\"runner\",\"shard\",\"specFileRetries\",\"specFileRetriesDelay\",\"specFileRetriesDeferred\",\"reporterSyncInterval\",\"reporterSyncTimeout\",\"cucumberFeaturesWithLineNumbers\",\"autoCompileOpts\",\"mochaOpts\",\"jasmineOpts\",\"cucumberOpts\",\"onPrepare\",\"onWorkerStart\",\"onWorkerEnd\",\"before\",\"beforeSession\",\"beforeSuite\",\"beforeHook\",\"beforeTest\",\"afterTest\",\"afterHook\",\"afterSuite\",\"afterSession\",\"after\",\"onComplete\",\"beforeAssertion\",\"afterAssertion\",\"beforeFeature\",\"beforeScenario\",\"beforeStep\",\"afterStep\",\"afterScenario\",\"afterFeature\",\"_\",\"suite\",\"$0\",\"ignoredWorkerServices\",\"wdi5\"]"}]}
RESULT: {"script":"<script> [2342 bytes]","args":[{"protocol":"http","hostname":"0.0.0.0","path":"/","capabilities":{"browserName":"chrome","goog:chromeOptions":{"binary":"C:\\Program Files\\Google\\Chrome\\Application\\chrome.exe","args":["--start-maximized"]}},"logLevel":"warn","connectionRetryTimeout":120000,"connectionRetryCount":3,"logLevels":{},"enableDirectConnect":true,"strictSSL":true,"_":"65 more keys: [\"cacheDir\",\"port\",\"requestedCapabilities\",\"automationProtocol\",\"baseUrl\",\"waitforInterval\",\"waitforTimeout\",\"onReload\",\"beforeCommand\",\"afterCommand\",\"rootDir\",\"specs\",\"suites\",\"exclude\",\"groupLogsByTestSpec\",\"excludeDriverLogs\",\"bail\",\"framework\",\"reporters\",\"services\",\"maxInstances\",\"maxInstancesPerCapability\",\"injectGlobals\",\"filesToWatch\",\"execArgv\",\"runnerEnv\",\"runner\",\"shard\",\"specFileRetries\",\"specFileRetriesDelay\",\"specFileRetriesDeferred\",\"reporterSyncInterval\",\"reporterSyncTimeout\",\"cucumberFeaturesWithLineNumbers\",\"autoCompileOpts\",\"mochaOpts\",\"jasmineOpts\",\"cucumberOpts\",\"onPrepare\",\"onWorkerStart\",\"onWorkerEnd\",\"before\",\"beforeSession\",\"beforeSuite\",\"beforeHook\",\"beforeTest\",\"afterTest\",\"afterHook\",\"afterSuite\",\"afterSession\",\"after\",\"onComplete\",\"beforeAssertion\",\"afterAssertion\",\"beforeFeature\",\"beforeScenario\",\"beforeStep\",\"afterStep\",\"afterScenario\",\"afterFeature\",\"_\",\"suite\",\"$0\",\"ignoredWorkerServices\",\"wdi5\"]"}]}
COMMAND: POST /session/601af62cb68afff6944e8a635357ab53/execute/async - {"script":"<script> [21126 bytes]","args":[35000]}
RESULT: {"script":"<script> [21126 bytes]","args":[35000]}
COMMAND: POST /session/601af62cb68afff6944e8a635357ab53/window/maximize - {}
RESULT: {}
COMMAND: POST /session/601af62cb68afff6944e8a635357ab53/execute/async - {"script":"<script> [1562 bytes]","args":[{"selector":{"id":"shell-header","interaction":{"idSuffix":"icon"}},"wdio_ui5_key":"shellheader"}]}
COMMAND: GET /session/601af62cb68afff6944e8a635357ab53/screenshot - {}
RESULT: {"script":"<script> [1562 bytes]","args":[{"selector":{"id":"shell-header","interaction":{"idSuffix":"icon"}},"wdio_ui5_key":"shellheader"}]}
RESULT: undefined
COMMAND: POST /session/601af62cb68afff6944e8a635357ab53/window/fullscreen - {}
RESULT: {}
RESULT: {}
]]></system-out>
    </testcase>
  </testsuite>
  <testsuite timestamp="2025-05-14T17:12:33" time="127.781" tests="4" failures="0" errors="0" skipped="0">
    <properties>
      <property name="specId" value="0" />
      <property name="suiteName" value="Provide to Site w/o warehouse management w/o clarification US116612" />
      <property name="capabilities" value="chrome.136_0_7103_49.windows" />
      <property name="file" value="file:///D:/a/1/s/test/specs/HTR/provide-to-site-wo-warehouse-wo-clarification.spec.js" />
    </properties>
    <testcase classname="chrome.136_0_7103_49.windows.Provide_to_Site_w/o_warehouse_management_w/o_clarification_US116612" name="Should create a new yard" time="0.014">
      <system-out><![CDATA[
COMMAND: POST /session/601af62cb68afff6944e8a635357ab53/window/fullscreen - {}
RESULT: {}
]]></system-out>
    </testcase>
    <testcase classname="chrome.136_0_7103_49.windows.Provide_to_Site_w/o_warehouse_management_w/o_clarification_US116612" name="Should create a new external partner" time="0.005" />
    <testcase classname="chrome.136_0_7103_49.windows.Provide_to_Site_w/o_warehouse_management_w/o_clarification_US116612" name="Should create a new site" time="0.004" />
    <testcase classname="chrome.136_0_7103_49.windows.Provide_to_Site_w/o_warehouse_management_w/o_clarification_US116612" name="Should create a new material" time="110.617">
      <system-out><![CDATA[
COMMAND: POST /session/601af62cb68afff6944e8a635357ab53/execute/async - {"script":"<script> [1562 bytes]","args":[{"selector":{"controlType":"sap.m.GenericTile","properties":{"header":"Manage Resources"}},"wdio_ui5_key":"sapm.GenericTile{\"header\":\"Manage Resources\"}"}]}
RESULT: {"script":"<script> [1562 bytes]","args":[{"selector":{"controlType":"sap.m.GenericTile","properties":{"header":"Manage Resources"}},"wdio_ui5_key":"sapm.GenericTile{\"header\":\"Manage Resources\"}"}]}
RESULT: undefined
COMMAND: POST /session/601af62cb68afff6944e8a635357ab53/element - {"using":"xpath","value":"//*[@id=\"__tile31\"]"}
RESULT: {"using":"xpath","value":"//*[@id=\"__tile31\"]"}
COMMAND: POST /session/601af62cb68afff6944e8a635357ab53/element/f.2CF887CE126DC6B338BD3A7C0EF1B7FC.d.93C6A1160C7D3BD2B5433976C093DB8C.e.15636/click - {}
RESULT: {}
COMMAND: GET /session/601af62cb68afff6944e8a635357ab53/screenshot - {}
RESULT: {}
COMMAND: POST /session/601af62cb68afff6944e8a635357ab53/elements - {"using":"xpath","value":"//span[text()='Error']"}
RESULT: {"using":"xpath","value":"//span[text()='Error']"}
COMMAND: POST /session/601af62cb68afff6944e8a635357ab53/element - {"using":"xpath","value":"//button[@data-kt=\"addNewRUOverflowToolbarButton\"]"}
RESULT: {"using":"xpath","value":"//button[@data-kt=\"addNewRUOverflowToolbarButton\"]"}
COMMAND: POST /session/601af62cb68afff6944e8a635357ab53/elements - {"using":"xpath","value":"//button[@data-kt=\"addNewRUOverflowToolbarButton\"]"}
RESULT: {"using":"xpath","value":"//button[@data-kt=\"addNewRUOverflowToolbarButton\"]"}
COMMAND: POST /session/601af62cb68afff6944e8a635357ab53/execute/sync - {"script":"<script> [8489 bytes]","args":[{"element-6066-11e4-a52e-4f735466cecf":"f.2CF887CE126DC6B338BD3A7C0EF1B7FC.d.93C6A1160C7D3BD2B5433976C093DB8C.e.15766","ELEMENT":"f.2CF887CE126DC6B338BD3A7C0EF1B7FC.d.93C6A1160C7D3BD2B5433976C093DB8C.e.15766"}]}
RESULT: {"script":"<script> [8489 bytes]","args":[{"element-6066-11e4-a52e-4f735466cecf":"f.2CF887CE126DC6B338BD3A7C0EF1B7FC.d.93C6A1160C7D3BD2B5433976C093DB8C.e.15766","ELEMENT":"f.2CF887CE126DC6B338BD3A7C0EF1B7FC.d.93C6A1160C7D3BD2B5433976C093DB8C.e.15766"}]}
COMMAND: GET /session/601af62cb68afff6944e8a635357ab53/element/f.2CF887CE126DC6B338BD3A7C0EF1B7FC.d.93C6A1160C7D3BD2B5433976C093DB8C.e.15766/enabled - {}
COMMAND: GET /session/601af62cb68afff6944e8a635357ab53/screenshot - {}
RESULT: {}
COMMAND: POST /session/601af62cb68afff6944e8a635357ab53/execute/sync - {"script":"<script> [8489 bytes]","args":[{"element-6066-11e4-a52e-4f735466cecf":"f.2CF887CE126DC6B338BD3A7C0EF1B7FC.d.93C6A1160C7D3BD2B5433976C093DB8C.e.15766","ELEMENT":"f.2CF887CE126DC6B338BD3A7C0EF1B7FC.d.93C6A1160C7D3BD2B5433976C093DB8C.e.15766"}]}
COMMAND: GET /session/601af62cb68afff6944e8a635357ab53/screenshot - {}
RESULT: {}
RESULT: {"script":"<script> [8489 bytes]","args":[{"element-6066-11e4-a52e-4f735466cecf":"f.2CF887CE126DC6B338BD3A7C0EF1B7FC.d.93C6A1160C7D3BD2B5433976C093DB8C.e.15766","ELEMENT":"f.2CF887CE126DC6B338BD3A7C0EF1B7FC.d.93C6A1160C7D3BD2B5433976C093DB8C.e.15766"}]}
COMMAND: POST /session/601af62cb68afff6944e8a635357ab53/execute/sync - {"script":"<script> [5351 bytes]","args":[{"element-6066-11e4-a52e-4f735466cecf":"f.2CF887CE126DC6B338BD3A7C0EF1B7FC.d.93C6A1160C7D3BD2B5433976C093DB8C.e.15766","ELEMENT":"f.2CF887CE126DC6B338BD3A7C0EF1B7FC.d.93C6A1160C7D3BD2B5433976C093DB8C.e.15766"}]}
COMMAND: GET /session/601af62cb68afff6944e8a635357ab53/screenshot - {}
RESULT: {}
RESULT: {"script":"<script> [5351 bytes]","args":[{"element-6066-11e4-a52e-4f735466cecf":"f.2CF887CE126DC6B338BD3A7C0EF1B7FC.d.93C6A1160C7D3BD2B5433976C093DB8C.e.15766","ELEMENT":"f.2CF887CE126DC6B338BD3A7C0EF1B7FC.d.93C6A1160C7D3BD2B5433976C093DB8C.e.15766"}]}
COMMAND: POST /session/601af62cb68afff6944e8a635357ab53/element/f.2CF887CE126DC6B338BD3A7C0EF1B7FC.d.93C6A1160C7D3BD2B5433976C093DB8C.e.15766/click - {}
COMMAND: GET /session/601af62cb68afff6944e8a635357ab53/screenshot - {}
RESULT: {}
RESULT: {}
COMMAND: GET /session/601af62cb68afff6944e8a635357ab53/screenshot - {}
RESULT: {}
RESULT: {}
COMMAND: POST /session/601af62cb68afff6944e8a635357ab53/execute/async - {"script":"<script> [1562 bytes]","args":[{"selector":{"id":"application-manageresources-display-component---newResourceUnit--TYPE-arrow"},"wdio_ui5_key":"applicationmanageresources-display-component---newResourceUnit--TYPE-arrow"}]}
RESULT: {"script":"<script> [1562 bytes]","args":[{"selector":{"id":"application-manageresources-display-component---newResourceUnit--TYPE-arrow"},"wdio_ui5_key":"applicationmanageresources-display-component---newResourceUnit--TYPE-arrow"}]}
RESULT: undefined
COMMAND: POST /session/601af62cb68afff6944e8a635357ab53/element - {"using":"xpath","value":"//*[@id=\"application-manageresources-display-component---newResourceUnit--TYPE-arrow\"]"}
RESULT: {"using":"xpath","value":"//*[@id=\"application-manageresources-display-component---newResourceUnit--TYPE-arrow\"]"}
COMMAND: POST /session/601af62cb68afff6944e8a635357ab53/element/f.2CF887CE126DC6B338BD3A7C0EF1B7FC.d.93C6A1160C7D3BD2B5433976C093DB8C.e.16127/click - {}
RESULT: {}
COMMAND: POST /session/601af62cb68afff6944e8a635357ab53/element - {"using":"xpath","value":"//input[@id=\"application-manageresources-display-component---newResourceUnit--TYPE-inner\"]"}
COMMAND: GET /session/601af62cb68afff6944e8a635357ab53/screenshot - {}
RESULT: {"using":"xpath","value":"//input[@id=\"application-manageresources-display-component---newResourceUnit--TYPE-inner\"]"}
COMMAND: POST /session/601af62cb68afff6944e8a635357ab53/element/f.2CF887CE126DC6B338BD3A7C0EF1B7FC.d.93C6A1160C7D3BD2B5433976C093DB8C.e.16118/clear - {}
RESULT: {}
RESULT: {}
COMMAND: POST /session/601af62cb68afff6944e8a635357ab53/element/f.2CF887CE126DC6B338BD3A7C0EF1B7FC.d.93C6A1160C7D3BD2B5433976C093DB8C.e.16118/value - {"text":"Material"}
COMMAND: GET /session/601af62cb68afff6944e8a635357ab53/screenshot - {}
RESULT: {"text":"Material"}
COMMAND: GET /session/601af62cb68afff6944e8a635357ab53/screenshot - {}
RESULT: {}
RESULT: {}
COMMAND: POST /session/601af62cb68afff6944e8a635357ab53/actions - {"actions":[{"id":"action50","type":"key","parameters":{},"actions":[{"type":"keyDown","value":"î€‡"},{"type":"pause","duration":10},{"type":"keyUp","value":"î€‡"}]}]}
RESULT: {"actions":[{"id":"action50","type":"key","parameters":{},"actions":[{"type":"keyDown","value":"î€‡"},{"type":"pause","duration":10},{"type":"keyUp","value":"î€‡"}]}]}
COMMAND: POST /session/601af62cb68afff6944e8a635357ab53/execute/async - {"script":"<script> [1562 bytes]","args":[{"selector":{"id":"application-manageresources-display-component---newResourceUnit--SHORT_TEXT","interaction":{"idSuffix":"inner"}},"wdio_ui5_key":"applicationmanageresources-display-component---newResourceUnit--SHORT_TEXT"}]}
COMMAND: GET /session/601af62cb68afff6944e8a635357ab53/screenshot - {}
RESULT: {"script":"<script> [1562 bytes]","args":[{"selector":{"id":"application-manageresources-display-component---newResourceUnit--SHORT_TEXT","interaction":{"idSuffix":"inner"}},"wdio_ui5_key":"applicationmanageresources-display-component---newResourceUnit--SHORT_TEXT"}]}
RESULT: undefined
COMMAND: POST /session/601af62cb68afff6944e8a635357ab53/execute/async - {"script":"<script> [776 bytes]","args":[{"enterText":"Cement WDIO","selector":{"id":"application-manageresources-display-component---newResourceUnit--SHORT_TEXT","interaction":{"idSuffix":"inner"}},"clearTextFirst":true,"interactionType":"ENTER_TEXT"}]}
RESULT: {}
RESULT: {"script":"<script> [776 bytes]","args":[{"enterText":"Cement WDIO","selector":{"id":"application-manageresources-display-component---newResourceUnit--SHORT_TEXT","interaction":{"idSuffix":"inner"}},"clearTextFirst":true,"interactionType":"ENTER_TEXT"}]}
COMMAND: POST /session/601af62cb68afff6944e8a635357ab53/execute/async - {"script":"<script> [1562 bytes]","args":[{"selector":{"id":"application-manageresources-display-component---newResourceUnit--BASE_UNIT_OF_MEASURE","interaction":{"idSuffix":"inner"}},"wdio_ui5_key":"applicationmanageresources-display-component---newResourceUnit--BASE_UNIT_OF_MEASURE"}]}
RESULT: {"script":"<script> [1562 bytes]","args":[{"selector":{"id":"application-manageresources-display-component---newResourceUnit--BASE_UNIT_OF_MEASURE","interaction":{"idSuffix":"inner"}},"wdio_ui5_key":"applicationmanageresources-display-component---newResourceUnit--BASE_UNIT_OF_MEASURE"}]}
RESULT: undefined
COMMAND: POST /session/601af62cb68afff6944e8a635357ab53/execute/async - {"script":"<script> [776 bytes]","args":[{"enterText":"Piece","selector":{"id":"application-manageresources-display-component---newResourceUnit--BASE_UNIT_OF_MEASURE","interaction":{"idSuffix":"inner"}},"clearTextFirst":true,"interactionType":"ENTER_TEXT"}]}
RESULT: {"script":"<script> [776 bytes]","args":[{"enterText":"Piece","selector":{"id":"application-manageresources-display-component---newResourceUnit--BASE_UNIT_OF_MEASURE","interaction":{"idSuffix":"inner"}},"clearTextFirst":true,"interactionType":"ENTER_TEXT"}]}
COMMAND: POST /session/601af62cb68afff6944e8a635357ab53/execute/async - {"script":"<script> [1562 bytes]","args":[{"selector":{"id":"application-manageresources-display-component---newResourceUnit--WEIGHT_UNIT","interaction":{"idSuffix":"inner"}},"wdio_ui5_key":"applicationmanageresources-display-component---newResourceUnit--WEIGHT_UNIT"}]}
RESULT: {"script":"<script> [1562 bytes]","args":[{"selector":{"id":"application-manageresources-display-component---newResourceUnit--WEIGHT_UNIT","interaction":{"idSuffix":"inner"}},"wdio_ui5_key":"applicationmanageresources-display-component---newResourceUnit--WEIGHT_UNIT"}]}
RESULT: undefined
COMMAND: POST /session/601af62cb68afff6944e8a635357ab53/execute/async - {"script":"<script> [776 bytes]","args":[{"enterText":"Gram","selector":{"id":"application-manageresources-display-component---newResourceUnit--WEIGHT_UNIT","interaction":{"idSuffix":"inner"}},"clearTextFirst":true,"interactionType":"ENTER_TEXT"}]}
RESULT: {"script":"<script> [776 bytes]","args":[{"enterText":"Gram","selector":{"id":"application-manageresources-display-component---newResourceUnit--WEIGHT_UNIT","interaction":{"idSuffix":"inner"}},"clearTextFirst":true,"interactionType":"ENTER_TEXT"}]}
COMMAND: POST /session/601af62cb68afff6944e8a635357ab53/execute/async - {"script":"<script> [1562 bytes]","args":[{"selector":{"id":"application-manageresources-display-component---newResourceUnit--DIMENSION_UNIT","interaction":{"idSuffix":"inner"}},"wdio_ui5_key":"applicationmanageresources-display-component---newResourceUnit--DIMENSION_UNIT"}]}
RESULT: {"script":"<script> [1562 bytes]","args":[{"selector":{"id":"application-manageresources-display-component---newResourceUnit--DIMENSION_UNIT","interaction":{"idSuffix":"inner"}},"wdio_ui5_key":"applicationmanageresources-display-component---newResourceUnit--DIMENSION_UNIT"}]}
RESULT: undefined
COMMAND: POST /session/601af62cb68afff6944e8a635357ab53/execute/async - {"script":"<script> [776 bytes]","args":[{"enterText":"Meter","selector":{"id":"application-manageresources-display-component---newResourceUnit--DIMENSION_UNIT","interaction":{"idSuffix":"inner"}},"clearTextFirst":true,"interactionType":"ENTER_TEXT"}]}
RESULT: {"script":"<script> [776 bytes]","args":[{"enterText":"Meter","selector":{"id":"application-manageresources-display-component---newResourceUnit--DIMENSION_UNIT","interaction":{"idSuffix":"inner"}},"clearTextFirst":true,"interactionType":"ENTER_TEXT"}]}
COMMAND: POST /session/601af62cb68afff6944e8a635357ab53/execute/async - {"script":"<script> [1562 bytes]","args":[{"selector":{"id":"application-manageresources-display-component---newResourceUnit--newRRUPage-anchBar-application-manageresources-display-component---newResourceUnit--control-anchor","interaction":{"idSuffix":"BDI-content"}},"wdio_ui5_key":"applicationmanageresources-display-component---newResourceUnit--newRRUPage-anchBar-application-manageresources-display-component---newResourceUnit--control-anchor"}]}
RESULT: {"script":"<script> [1562 bytes]","args":[{"selector":{"id":"application-manageresources-display-component---newResourceUnit--newRRUPage-anchBar-application-manageresources-display-component---newResourceUnit--control-anchor","interaction":{"idSuffix":"BDI-content"}},"wdio_ui5_key":"applicationmanageresources-display-component---newResourceUnit--newRRUPage-anchBar-application-manageresources-display-component---newResourceUnit--control-anchor"}]}
RESULT: undefined
COMMAND: POST /session/601af62cb68afff6944e8a635357ab53/element - {"using":"xpath","value":"//*[@id=\"application-manageresources-display-component---newResourceUnit--newRRUPage-anchBar-application-manageresources-display-component---newResourceUnit--control-anchor\"]"}
RESULT: {"using":"xpath","value":"//*[@id=\"application-manageresources-display-component---newResourceUnit--newRRUPage-anchBar-application-manageresources-display-component---newResourceUnit--control-anchor\"]"}
COMMAND: POST /session/601af62cb68afff6944e8a635357ab53/element/f.2CF887CE126DC6B338BD3A7C0EF1B7FC.d.93C6A1160C7D3BD2B5433976C093DB8C.e.16193/click - {}
RESULT: {}
COMMAND: POST /session/601af62cb68afff6944e8a635357ab53/execute/async - {"script":"<script> [1562 bytes]","args":[{"selector":{"id":"application-manageresources-display-component---newResourceUnit--PLANNING_GROUP","interaction":{"idSuffix":"inner"}},"wdio_ui5_key":"applicationmanageresources-display-component---newResourceUnit--PLANNING_GROUP"}]}
COMMAND: GET /session/601af62cb68afff6944e8a635357ab53/screenshot - {}
RESULT: {"script":"<script> [1562 bytes]","args":[{"selector":{"id":"application-manageresources-display-component---newResourceUnit--PLANNING_GROUP","interaction":{"idSuffix":"inner"}},"wdio_ui5_key":"applicationmanageresources-display-component---newResourceUnit--PLANNING_GROUP"}]}
RESULT: undefined
COMMAND: POST /session/601af62cb68afff6944e8a635357ab53/execute/async - {"script":"<script> [776 bytes]","args":[{"enterText":"Material","selector":{"id":"application-manageresources-display-component---newResourceUnit--PLANNING_GROUP","interaction":{"idSuffix":"inner"}},"clearTextFirst":true,"interactionType":"ENTER_TEXT"}]}
RESULT: {}
RESULT: {"script":"<script> [776 bytes]","args":[{"enterText":"Material","selector":{"id":"application-manageresources-display-component---newResourceUnit--PLANNING_GROUP","interaction":{"idSuffix":"inner"}},"clearTextFirst":true,"interactionType":"ENTER_TEXT"}]}
COMMAND: POST /session/601af62cb68afff6944e8a635357ab53/execute/async - {"script":"<script> [1562 bytes]","args":[{"selector":{"id":"application-manageresources-display-component---newResourceUnit--PLANNING_INDICATOR","interaction":{"idSuffix":"inner"}},"wdio_ui5_key":"applicationmanageresources-display-component---newResourceUnit--PLANNING_INDICATOR"}]}
RESULT: {"script":"<script> [1562 bytes]","args":[{"selector":{"id":"application-manageresources-display-component---newResourceUnit--PLANNING_INDICATOR","interaction":{"idSuffix":"inner"}},"wdio_ui5_key":"applicationmanageresources-display-component---newResourceUnit--PLANNING_INDICATOR"}]}
RESULT: undefined
COMMAND: POST /session/601af62cb68afff6944e8a635357ab53/execute/async - {"script":"<script> [776 bytes]","args":[{"enterText":"10 - infinite","selector":{"id":"application-manageresources-display-component---newResourceUnit--PLANNING_INDICATOR","interaction":{"idSuffix":"inner"}},"clearTextFirst":true,"interactionType":"ENTER_TEXT"}]}
RESULT: {"script":"<script> [776 bytes]","args":[{"enterText":"10 - infinite","selector":{"id":"application-manageresources-display-component---newResourceUnit--PLANNING_INDICATOR","interaction":{"idSuffix":"inner"}},"clearTextFirst":true,"interactionType":"ENTER_TEXT"}]}
COMMAND: POST /session/601af62cb68afff6944e8a635357ab53/element - {"using":"css selector","value":"#application-manageresources-display-component---newResourceUnit--btnAddTimeSegment"}
RESULT: {"using":"css selector","value":"#application-manageresources-display-component---newResourceUnit--btnAddTimeSegment"}
COMMAND: GET /session/601af62cb68afff6944e8a635357ab53/element/f.2CF887CE126DC6B338BD3A7C0EF1B7FC.d.93C6A1160C7D3BD2B5433976C093DB8C.e.16203/rect - {}
RESULT: {}
COMMAND: GET /session/601af62cb68afff6944e8a635357ab53/window/rect - {}
RESULT: {}
COMMAND: POST /session/601af62cb68afff6944e8a635357ab53/execute/sync - {"script":"<script> [92 bytes]","args":[]}
RESULT: {"script":"<script> [92 bytes]","args":[]}
COMMAND: POST /session/601af62cb68afff6944e8a635357ab53/actions - {"actions":[{"id":"action51","type":"wheel","parameters":{},"actions":[{"type":"scroll","x":-1888,"y":-32,"deltaX":0,"deltaY":0,"duration":0,"origin":{"element-6066-11e4-a52e-4f735466cecf":"f.2CF887CE126DC6B338BD3A7C0EF1B7FC.d.93C6A1160C7D3BD2B5433976C093DB8C.e.16203"}}]}]}
COMMAND: GET /session/601af62cb68afff6944e8a635357ab53/screenshot - {}
RESULT: {}
COMMAND: POST /session/601af62cb68afff6944e8a635357ab53/execute/sync - {"script":"<script> [79 bytes]","args":[{"element-6066-11e4-a52e-4f735466cecf":"f.2CF887CE126DC6B338BD3A7C0EF1B7FC.d.93C6A1160C7D3BD2B5433976C093DB8C.e.16203","ELEMENT":"f.2CF887CE126DC6B338BD3A7C0EF1B7FC.d.93C6A1160C7D3BD2B5433976C093DB8C.e.16203"},{"block":"start","inline":"nearest"}]}
RESULT: {"script":"<script> [79 bytes]","args":[{"element-6066-11e4-a52e-4f735466cecf":"f.2CF887CE126DC6B338BD3A7C0EF1B7FC.d.93C6A1160C7D3BD2B5433976C093DB8C.e.16203","ELEMENT":"f.2CF887CE126DC6B338BD3A7C0EF1B7FC.d.93C6A1160C7D3BD2B5433976C093DB8C.e.16203"},{"block":"start","inline":"nearest"}]}
COMMAND: POST /session/601af62cb68afff6944e8a635357ab53/execute/async - {"script":"<script> [1562 bytes]","args":[{"selector":{"id":"application-manageresources-display-component---newResourceUnit--btnAddTimeSegment","interaction":{"idSuffix":"inner"}},"wdio_ui5_key":"applicationmanageresources-display-component---newResourceUnit--btnAddTimeSegment"}]}
COMMAND: GET /session/601af62cb68afff6944e8a635357ab53/screenshot - {}
RESULT: {"script":"<script> [1562 bytes]","args":[{"selector":{"id":"application-manageresources-display-component---newResourceUnit--btnAddTimeSegment","interaction":{"idSuffix":"inner"}},"wdio_ui5_key":"applicationmanageresources-display-component---newResourceUnit--btnAddTimeSegment"}]}
RESULT: undefined
COMMAND: POST /session/601af62cb68afff6944e8a635357ab53/element - {"using":"xpath","value":"//*[@id=\"application-manageresources-display-component---newResourceUnit--btnAddTimeSegment\"]"}
RESULT: {}
RESULT: {"using":"xpath","value":"//*[@id=\"application-manageresources-display-component---newResourceUnit--btnAddTimeSegment\"]"}
COMMAND: POST /session/601af62cb68afff6944e8a635357ab53/element/f.2CF887CE126DC6B338BD3A7C0EF1B7FC.d.93C6A1160C7D3BD2B5433976C093DB8C.e.16203/click - {}
RESULT: {}
COMMAND: GET /session/601af62cb68afff6944e8a635357ab53/screenshot - {}
RESULT: {}
COMMAND: POST /session/601af62cb68afff6944e8a635357ab53/element - {"using":"xpath","value":"//input[@id=\"application-manageresources-display-component---newResourceUnit--idRuTSAdmin-application-manageresources-display-component---newResourceUnit--RUTimeSegment-0-inner\"]"}
RESULT: {"using":"xpath","value":"//input[@id=\"application-manageresources-display-component---newResourceUnit--idRuTSAdmin-application-manageresources-display-component---newResourceUnit--RUTimeSegment-0-inner\"]"}
COMMAND: POST /session/601af62cb68afff6944e8a635357ab53/element/f.2CF887CE126DC6B338BD3A7C0EF1B7FC.d.93C6A1160C7D3BD2B5433976C093DB8C.e.16208/clear - {}
RESULT: {}
COMMAND: POST /session/601af62cb68afff6944e8a635357ab53/element/f.2CF887CE126DC6B338BD3A7C0EF1B7FC.d.93C6A1160C7D3BD2B5433976C093DB8C.e.16208/value - {"text":"362"}
COMMAND: GET /session/601af62cb68afff6944e8a635357ab53/screenshot - {}
RESULT: {"text":"362"}
COMMAND: GET /session/601af62cb68afff6944e8a635357ab53/screenshot - {}
RESULT: {}
RESULT: {}
COMMAND: POST /session/601af62cb68afff6944e8a635357ab53/element - {"using":"xpath","value":"//li[.//span[text()='362']]"}
RESULT: {"using":"xpath","value":"//li[.//span[text()='362']]"}
COMMAND: POST /session/601af62cb68afff6944e8a635357ab53/element/f.2CF887CE126DC6B338BD3A7C0EF1B7FC.d.93C6A1160C7D3BD2B5433976C093DB8C.e.16217/click - {}
RESULT: {}
COMMAND: GET /session/601af62cb68afff6944e8a635357ab53/screenshot - {}
RESULT: {}
COMMAND: POST /session/601af62cb68afff6944e8a635357ab53/element - {"using":"xpath","value":"(//span[contains(@id, \"-application-manageresources-display-component---newResourceUnit--RUTimeSegment-0-arrow\")])[2]"}
RESULT: {"using":"xpath","value":"(//span[contains(@id, \"-application-manageresources-display-component---newResourceUnit--RUTimeSegment-0-arrow\")])[2]"}
COMMAND: POST /session/601af62cb68afff6944e8a635357ab53/element/f.2CF887CE126DC6B338BD3A7C0EF1B7FC.d.93C6A1160C7D3BD2B5433976C093DB8C.e.16218/click - {}
RESULT: {}
COMMAND: POST /session/601af62cb68afff6944e8a635357ab53/element - {"using":"xpath","value":"//span[contains(text(), \"PM Order\")]"}
COMMAND: GET /session/601af62cb68afff6944e8a635357ab53/screenshot - {}
RESULT: {"using":"xpath","value":"//span[contains(text(), \"PM Order\")]"}
COMMAND: POST /session/601af62cb68afff6944e8a635357ab53/element/f.2CF887CE126DC6B338BD3A7C0EF1B7FC.d.93C6A1160C7D3BD2B5433976C093DB8C.e.16219/click - {}
RESULT: {}
RESULT: {}
COMMAND: GET /session/601af62cb68afff6944e8a635357ab53/screenshot - {}
RESULT: {}
COMMAND: POST /session/601af62cb68afff6944e8a635357ab53/element - {"using":"xpath","value":"//td/div/div/div/span[contains(@id, \"newResourceUnit--RUTimeSegment-0-vhi\")][1]"}
RESULT: {"using":"xpath","value":"//td/div/div/div/span[contains(@id, \"newResourceUnit--RUTimeSegment-0-vhi\")][1]"}
COMMAND: GET /session/601af62cb68afff6944e8a635357ab53/element/f.2CF887CE126DC6B338BD3A7C0EF1B7FC.d.93C6A1160C7D3BD2B5433976C093DB8C.e.16223/rect - {}
RESULT: {}
COMMAND: GET /session/601af62cb68afff6944e8a635357ab53/window/rect - {}
RESULT: {}
COMMAND: POST /session/601af62cb68afff6944e8a635357ab53/execute/sync - {"script":"<script> [92 bytes]","args":[]}
RESULT: {"script":"<script> [92 bytes]","args":[]}
COMMAND: POST /session/601af62cb68afff6944e8a635357ab53/actions - {"actions":[{"id":"action52","type":"wheel","parameters":{},"actions":[{"type":"scroll","x":-1888,"y":-24,"deltaX":0,"deltaY":0,"duration":0,"origin":{"element-6066-11e4-a52e-4f735466cecf":"f.2CF887CE126DC6B338BD3A7C0EF1B7FC.d.93C6A1160C7D3BD2B5433976C093DB8C.e.16223"}}]}]}
COMMAND: GET /session/601af62cb68afff6944e8a635357ab53/screenshot - {}
RESULT: {}
COMMAND: POST /session/601af62cb68afff6944e8a635357ab53/execute/sync - {"script":"<script> [79 bytes]","args":[{"element-6066-11e4-a52e-4f735466cecf":"f.2CF887CE126DC6B338BD3A7C0EF1B7FC.d.93C6A1160C7D3BD2B5433976C093DB8C.e.16223","ELEMENT":"f.2CF887CE126DC6B338BD3A7C0EF1B7FC.d.93C6A1160C7D3BD2B5433976C093DB8C.e.16223"},{"block":"start","inline":"nearest"}]}
RESULT: {"script":"<script> [79 bytes]","args":[{"element-6066-11e4-a52e-4f735466cecf":"f.2CF887CE126DC6B338BD3A7C0EF1B7FC.d.93C6A1160C7D3BD2B5433976C093DB8C.e.16223","ELEMENT":"f.2CF887CE126DC6B338BD3A7C0EF1B7FC.d.93C6A1160C7D3BD2B5433976C093DB8C.e.16223"},{"block":"start","inline":"nearest"}]}
COMMAND: GET /session/601af62cb68afff6944e8a635357ab53/screenshot - {}
RESULT: {}
COMMAND: POST /session/601af62cb68afff6944e8a635357ab53/element/f.2CF887CE126DC6B338BD3A7C0EF1B7FC.d.93C6A1160C7D3BD2B5433976C093DB8C.e.16223/click - {}
RESULT: {}
COMMAND: GET /session/601af62cb68afff6944e8a635357ab53/screenshot - {}
RESULT: {}
COMMAND: POST /session/601af62cb68afff6944e8a635357ab53/execute/async - {"script":"<script> [1562 bytes]","args":[{"selector":{"controlType":"sap.m.SearchField","properties":{"placeholder":"Search"},"searchOpenDialogs":true,"interaction":{"idSuffix":"I"}},"wdio_ui5_key":"sapm.SearchField{\"placeholder\":\"Search\"}"}]}
RESULT: {"script":"<script> [1562 bytes]","args":[{"selector":{"controlType":"sap.m.SearchField","properties":{"placeholder":"Search"},"searchOpenDialogs":true,"interaction":{"idSuffix":"I"}},"wdio_ui5_key":"sapm.SearchField{\"placeholder\":\"Search\"}"}]}
RESULT: undefined
COMMAND: POST /session/601af62cb68afff6944e8a635357ab53/execute/async - {"script":"<script> [776 bytes]","args":[{"enterText":"4000360","selector":{"controlType":"sap.m.SearchField","properties":{"placeholder":"Search"},"searchOpenDialogs":true,"interaction":{"idSuffix":"I"}},"clearTextFirst":true,"interactionType":"ENTER_TEXT"}]}
RESULT: {"script":"<script> [776 bytes]","args":[{"enterText":"4000360","selector":{"controlType":"sap.m.SearchField","properties":{"placeholder":"Search"},"searchOpenDialogs":true,"interaction":{"idSuffix":"I"}},"clearTextFirst":true,"interactionType":"ENTER_TEXT"}]}
COMMAND: POST /session/601af62cb68afff6944e8a635357ab53/actions - {"actions":[{"id":"action53","type":"key","parameters":{},"actions":[{"type":"keyDown","value":"î€‡"},{"type":"pause","duration":10},{"type":"keyUp","value":"î€‡"}]}]}
RESULT: {"actions":[{"id":"action53","type":"key","parameters":{},"actions":[{"type":"keyDown","value":"î€‡"},{"type":"pause","duration":10},{"type":"keyUp","value":"î€‡"}]}]}
COMMAND: GET /session/601af62cb68afff6944e8a635357ab53/screenshot - {}
RESULT: {}
COMMAND: POST /session/601af62cb68afff6944e8a635357ab53/element - {"using":"xpath","value":"//td/div/span[contains(text(), \"BGL Vehicles\")]"}
RESULT: {"using":"xpath","value":"//td/div/span[contains(text(), \"BGL Vehicles\")]"}
COMMAND: POST /session/601af62cb68afff6944e8a635357ab53/element/f.2CF887CE126DC6B338BD3A7C0EF1B7FC.d.93C6A1160C7D3BD2B5433976C093DB8C.e.16244/click - {}
RESULT: {}
COMMAND: GET /session/601af62cb68afff6944e8a635357ab53/screenshot - {}
RESULT: {}
COMMAND: POST /session/601af62cb68afff6944e8a635357ab53/element - {"using":"xpath","value":"//bdi[contains(text(), \"OK\")]"}
RESULT: {"using":"xpath","value":"//bdi[contains(text(), \"OK\")]"}
COMMAND: POST /session/601af62cb68afff6944e8a635357ab53/element/f.2CF887CE126DC6B338BD3A7C0EF1B7FC.d.93C6A1160C7D3BD2B5433976C093DB8C.e.16245/click - {}
RESULT: {}
COMMAND: GET /session/601af62cb68afff6944e8a635357ab53/screenshot - {}
RESULT: {}
COMMAND: POST /session/601af62cb68afff6944e8a635357ab53/element - {"using":"xpath","value":"//label[contains(@class, 'sapMLabelRequired') and .//bdi[contains(text(), 'Planned Retirement')]]"}
RESULT: {"using":"xpath","value":"//label[contains(@class, 'sapMLabelRequired') and .//bdi[contains(text(), 'Planned Retirement')]]"}
COMMAND: POST /session/601af62cb68afff6944e8a635357ab53/elements - {"using":"xpath","value":"//label[contains(@class, 'sapMLabelRequired') and .//bdi[contains(text(), 'Planned Retirement')]]"}
RESULT: {"using":"xpath","value":"//label[contains(@class, 'sapMLabelRequired') and .//bdi[contains(text(), 'Planned Retirement')]]"}
COMMAND: POST /session/601af62cb68afff6944e8a635357ab53/element - {"using":"xpath","value":"//button[@data-kt=\"resourceUnitSaveButton\"]"}
RESULT: {"using":"xpath","value":"//button[@data-kt=\"resourceUnitSaveButton\"]"}
COMMAND: POST /session/601af62cb68afff6944e8a635357ab53/element/f.2CF887CE126DC6B338BD3A7C0EF1B7FC.d.93C6A1160C7D3BD2B5433976C093DB8C.e.16145/click - {}
RESULT: {}
COMMAND: GET /session/601af62cb68afff6944e8a635357ab53/screenshot - {}
RESULT: {}
COMMAND: POST /session/601af62cb68afff6944e8a635357ab53/element - {"using":"xpath","value":"//bdi[contains(text(), \"Close\")]"}
RESULT: {"using":"xpath","value":"//bdi[contains(text(), \"Close\")]"}
COMMAND: POST /session/601af62cb68afff6944e8a635357ab53/element/f.2CF887CE126DC6B338BD3A7C0EF1B7FC.d.93C6A1160C7D3BD2B5433976C093DB8C.e.16251/click - {}
RESULT: {}
COMMAND: GET /session/601af62cb68afff6944e8a635357ab53/screenshot - {}
RESULT: {}
COMMAND: POST /session/601af62cb68afff6944e8a635357ab53/element - {"using":"xpath","value":"//header[contains(@id, 'detailRruPage-headerTitle')]/div[1]/div[2]/div[2]/span[1]"}
RESULT: {"using":"xpath","value":"//header[contains(@id, 'detailRruPage-headerTitle')]/div[1]/div[2]/div[2]/span[1]"}
COMMAND: POST /session/601af62cb68afff6944e8a635357ab53/elements - {"using":"xpath","value":"//header[contains(@id, 'detailRruPage-headerTitle')]/div[1]/div[2]/div[2]/span[1]"}
RESULT: {"using":"xpath","value":"//header[contains(@id, 'detailRruPage-headerTitle')]/div[1]/div[2]/div[2]/span[1]"}
COMMAND: POST /session/601af62cb68afff6944e8a635357ab53/execute/sync - {"script":"<script> [56 bytes]","args":[{"element-6066-11e4-a52e-4f735466cecf":"f.2CF887CE126DC6B338BD3A7C0EF1B7FC.d.93C6A1160C7D3BD2B5433976C093DB8C.e.16280","ELEMENT":"f.2CF887CE126DC6B338BD3A7C0EF1B7FC.d.93C6A1160C7D3BD2B5433976C093DB8C.e.16280"}]}
RESULT: {"script":"<script> [56 bytes]","args":[{"element-6066-11e4-a52e-4f735466cecf":"f.2CF887CE126DC6B338BD3A7C0EF1B7FC.d.93C6A1160C7D3BD2B5433976C093DB8C.e.16280","ELEMENT":"f.2CF887CE126DC6B338BD3A7C0EF1B7FC.d.93C6A1160C7D3BD2B5433976C093DB8C.e.16280"}]}
COMMAND: POST /session/601af62cb68afff6944e8a635357ab53/element - {"using":"css selector","value":"#shell-header-logo"}
COMMAND: GET /session/601af62cb68afff6944e8a635357ab53/screenshot - {}
RESULT: {"using":"css selector","value":"#shell-header-logo"}
COMMAND: POST /session/601af62cb68afff6944e8a635357ab53/element/f.2CF887CE126DC6B338BD3A7C0EF1B7FC.d.93C6A1160C7D3BD2B5433976C093DB8C.e.15618/click - {}
RESULT: {}
RESULT: {}
COMMAND: GET /session/601af62cb68afff6944e8a635357ab53/screenshot - {}
RESULT: {}
]]></system-out>
    </testcase>
  </testsuite>
  <testsuite timestamp="2025-05-14T17:14:41" time="305.017" tests="6" failures="2" errors="2" skipped="0">
    <properties>
      <property name="specId" value="0" />
      <property name="suiteName" value="Provide to Site w/o warehouse management w/o clarification" />
      <property name="capabilities" value="chrome.136_0_7103_49.windows" />
      <property name="file" value="file:///D:/a/1/s/test/specs/HTR/provide-to-site-wo-warehouse-wo-clarification.spec.js" />
    </properties>
    <testcase classname="chrome.136_0_7103_49.windows.Provide_to_Site_w/o_warehouse_management_w/o_clarification" name="Should do a stock increase handover" time="81.321">
      <system-out><![CDATA[
COMMAND: POST /session/601af62cb68afff6944e8a635357ab53/execute/async - {"script":"<script> [1562 bytes]","args":[{"selector":{"controlType":"sap.m.GenericTile","properties":{"header":"Manage Handovers"}},"wdio_ui5_key":"sapm.GenericTile{\"header\":\"Manage Handovers\"}"}]}
RESULT: {"script":"<script> [1562 bytes]","args":[{"selector":{"controlType":"sap.m.GenericTile","properties":{"header":"Manage Handovers"}},"wdio_ui5_key":"sapm.GenericTile{\"header\":\"Manage Handovers\"}"}]}
RESULT: undefined
COMMAND: POST /session/601af62cb68afff6944e8a635357ab53/element - {"using":"xpath","value":"//*[@id=\"__tile133\"]"}
RESULT: {"using":"xpath","value":"//*[@id=\"__tile133\"]"}
COMMAND: POST /session/601af62cb68afff6944e8a635357ab53/element/f.2CF887CE126DC6B338BD3A7C0EF1B7FC.d.93C6A1160C7D3BD2B5433976C093DB8C.e.15663/click - {}
RESULT: {}
COMMAND: GET /session/601af62cb68afff6944e8a635357ab53/screenshot - {}
RESULT: {}
COMMAND: POST /session/601af62cb68afff6944e8a635357ab53/elements - {"using":"xpath","value":"//span[text()='Error']"}
RESULT: {"using":"xpath","value":"//span[text()='Error']"}
COMMAND: POST /session/601af62cb68afff6944e8a635357ab53/element - {"using":"xpath","value":"//button[@data-kt=\"masterHOAddButton\"]"}
RESULT: {"using":"xpath","value":"//button[@data-kt=\"masterHOAddButton\"]"}
COMMAND: POST /session/601af62cb68afff6944e8a635357ab53/elements - {"using":"xpath","value":"//button[@data-kt=\"masterHOAddButton\"]"}
RESULT: {"using":"xpath","value":"//button[@data-kt=\"masterHOAddButton\"]"}
COMMAND: POST /session/601af62cb68afff6944e8a635357ab53/execute/sync - {"script":"<script> [8489 bytes]","args":[{"element-6066-11e4-a52e-4f735466cecf":"f.2CF887CE126DC6B338BD3A7C0EF1B7FC.d.93C6A1160C7D3BD2B5433976C093DB8C.e.16324","ELEMENT":"f.2CF887CE126DC6B338BD3A7C0EF1B7FC.d.93C6A1160C7D3BD2B5433976C093DB8C.e.16324"}]}
RESULT: {"script":"<script> [8489 bytes]","args":[{"element-6066-11e4-a52e-4f735466cecf":"f.2CF887CE126DC6B338BD3A7C0EF1B7FC.d.93C6A1160C7D3BD2B5433976C093DB8C.e.16324","ELEMENT":"f.2CF887CE126DC6B338BD3A7C0EF1B7FC.d.93C6A1160C7D3BD2B5433976C093DB8C.e.16324"}]}
COMMAND: GET /session/601af62cb68afff6944e8a635357ab53/element/f.2CF887CE126DC6B338BD3A7C0EF1B7FC.d.93C6A1160C7D3BD2B5433976C093DB8C.e.16324/enabled - {}
COMMAND: GET /session/601af62cb68afff6944e8a635357ab53/screenshot - {}
RESULT: {}
COMMAND: POST /session/601af62cb68afff6944e8a635357ab53/execute/sync - {"script":"<script> [8489 bytes]","args":[{"element-6066-11e4-a52e-4f735466cecf":"f.2CF887CE126DC6B338BD3A7C0EF1B7FC.d.93C6A1160C7D3BD2B5433976C093DB8C.e.16324","ELEMENT":"f.2CF887CE126DC6B338BD3A7C0EF1B7FC.d.93C6A1160C7D3BD2B5433976C093DB8C.e.16324"}]}
COMMAND: GET /session/601af62cb68afff6944e8a635357ab53/screenshot - {}
RESULT: {}
RESULT: {"script":"<script> [8489 bytes]","args":[{"element-6066-11e4-a52e-4f735466cecf":"f.2CF887CE126DC6B338BD3A7C0EF1B7FC.d.93C6A1160C7D3BD2B5433976C093DB8C.e.16324","ELEMENT":"f.2CF887CE126DC6B338BD3A7C0EF1B7FC.d.93C6A1160C7D3BD2B5433976C093DB8C.e.16324"}]}
COMMAND: POST /session/601af62cb68afff6944e8a635357ab53/execute/sync - {"script":"<script> [5351 bytes]","args":[{"element-6066-11e4-a52e-4f735466cecf":"f.2CF887CE126DC6B338BD3A7C0EF1B7FC.d.93C6A1160C7D3BD2B5433976C093DB8C.e.16324","ELEMENT":"f.2CF887CE126DC6B338BD3A7C0EF1B7FC.d.93C6A1160C7D3BD2B5433976C093DB8C.e.16324"}]}
COMMAND: GET /session/601af62cb68afff6944e8a635357ab53/screenshot - {}
RESULT: {}
RESULT: {"script":"<script> [5351 bytes]","args":[{"element-6066-11e4-a52e-4f735466cecf":"f.2CF887CE126DC6B338BD3A7C0EF1B7FC.d.93C6A1160C7D3BD2B5433976C093DB8C.e.16324","ELEMENT":"f.2CF887CE126DC6B338BD3A7C0EF1B7FC.d.93C6A1160C7D3BD2B5433976C093DB8C.e.16324"}]}
COMMAND: POST /session/601af62cb68afff6944e8a635357ab53/element/f.2CF887CE126DC6B338BD3A7C0EF1B7FC.d.93C6A1160C7D3BD2B5433976C093DB8C.e.16324/click - {}
COMMAND: GET /session/601af62cb68afff6944e8a635357ab53/screenshot - {}
RESULT: {}
RESULT: {}
COMMAND: GET /session/601af62cb68afff6944e8a635357ab53/screenshot - {}
RESULT: {}
COMMAND: POST /session/601af62cb68afff6944e8a635357ab53/element - {"using":"xpath","value":"//span[contains(@id ,\"AddNewHO--typeSelect-arrow\")]"}
RESULT: {}
RESULT: {"using":"xpath","value":"//span[contains(@id ,\"AddNewHO--typeSelect-arrow\")]"}
COMMAND: POST /session/601af62cb68afff6944e8a635357ab53/element/f.2CF887CE126DC6B338BD3A7C0EF1B7FC.d.93C6A1160C7D3BD2B5433976C093DB8C.e.16683/click - {}
RESULT: {}
COMMAND: GET /session/601af62cb68afff6944e8a635357ab53/screenshot - {}
RESULT: {}
COMMAND: POST /session/601af62cb68afff6944e8a635357ab53/element - {"using":"xpath","value":"(//li[contains(text(), \"stock increase yard\")])[1]"}
RESULT: {"using":"xpath","value":"(//li[contains(text(), \"stock increase yard\")])[1]"}
COMMAND: POST /session/601af62cb68afff6944e8a635357ab53/element/f.2CF887CE126DC6B338BD3A7C0EF1B7FC.d.93C6A1160C7D3BD2B5433976C093DB8C.e.16684/click - {}
RESULT: {}
COMMAND: GET /session/601af62cb68afff6944e8a635357ab53/screenshot - {}
RESULT: {}
COMMAND: POST /session/601af62cb68afff6944e8a635357ab53/execute/async - {"script":"<script> [1562 bytes]","args":[{"selector":{"id":"application-managehandovers-display-component---AddNewHO--dueDate","interaction":{"idSuffix":"inner"}},"wdio_ui5_key":"applicationmanagehandovers-display-component---AddNewHO--dueDate"}]}
RESULT: {"script":"<script> [1562 bytes]","args":[{"selector":{"id":"application-managehandovers-display-component---AddNewHO--dueDate","interaction":{"idSuffix":"inner"}},"wdio_ui5_key":"applicationmanagehandovers-display-component---AddNewHO--dueDate"}]}
RESULT: undefined
COMMAND: POST /session/601af62cb68afff6944e8a635357ab53/execute/async - {"script":"<script> [6424 bytes]","args":[{"element-6066-11e4-a52e-4f735466cecf":"f.2CF887CE126DC6B338BD3A7C0EF1B7FC.d.93C6A1160C7D3BD2B5433976C093DB8C.e.16686"},"setValue",["5/14/25"]]}
RESULT: {"script":"<script> [6424 bytes]","args":[{"element-6066-11e4-a52e-4f735466cecf":"f.2CF887CE126DC6B338BD3A7C0EF1B7FC.d.93C6A1160C7D3BD2B5433976C093DB8C.e.16686"},"setValue",["5/14/25"]]}
COMMAND: POST /session/601af62cb68afff6944e8a635357ab53/element - {"using":"xpath","value":"//input[@id=\"generalSectionFrg--receiveYard-inner\"]"}
RESULT: {"using":"xpath","value":"//input[@id=\"generalSectionFrg--receiveYard-inner\"]"}
COMMAND: POST /session/601af62cb68afff6944e8a635357ab53/element/f.2CF887CE126DC6B338BD3A7C0EF1B7FC.d.93C6A1160C7D3BD2B5433976C093DB8C.e.16690/clear - {}
RESULT: {}
COMMAND: POST /session/601af62cb68afff6944e8a635357ab53/element/f.2CF887CE126DC6B338BD3A7C0EF1B7FC.d.93C6A1160C7D3BD2B5433976C093DB8C.e.16690/value - {"text":"362"}
COMMAND: GET /session/601af62cb68afff6944e8a635357ab53/screenshot - {}
RESULT: {"text":"362"}
COMMAND: GET /session/601af62cb68afff6944e8a635357ab53/screenshot - {}
RESULT: {}
RESULT: {}
COMMAND: POST /session/601af62cb68afff6944e8a635357ab53/element - {"using":"xpath","value":"//li[.//span[text()='362']]"}
RESULT: {"using":"xpath","value":"//li[.//span[text()='362']]"}
COMMAND: POST /session/601af62cb68afff6944e8a635357ab53/element/f.2CF887CE126DC6B338BD3A7C0EF1B7FC.d.93C6A1160C7D3BD2B5433976C093DB8C.e.16707/click - {}
RESULT: {}
COMMAND: GET /session/601af62cb68afff6944e8a635357ab53/screenshot - {}
RESULT: {}
COMMAND: POST /session/601af62cb68afff6944e8a635357ab53/execute/async - {"script":"<script> [1562 bytes]","args":[{"selector":{"id":"application-managehandovers-display-component---AddNewHO--ObjectPageLayout-anchBar-application-managehandovers-display-component---AddNewHO--section4-anchor","interaction":{"idSuffix":"BDI-content"}},"wdio_ui5_key":"applicationmanagehandovers-display-component---AddNewHO--ObjectPageLayout-anchBar-application-managehandovers-display-component---AddNewHO--section4-anchor"}]}
RESULT: {"script":"<script> [1562 bytes]","args":[{"selector":{"id":"application-managehandovers-display-component---AddNewHO--ObjectPageLayout-anchBar-application-managehandovers-display-component---AddNewHO--section4-anchor","interaction":{"idSuffix":"BDI-content"}},"wdio_ui5_key":"applicationmanagehandovers-display-component---AddNewHO--ObjectPageLayout-anchBar-application-managehandovers-display-component---AddNewHO--section4-anchor"}]}
RESULT: undefined
COMMAND: POST /session/601af62cb68afff6944e8a635357ab53/element - {"using":"xpath","value":"//*[@id=\"application-managehandovers-display-component---AddNewHO--ObjectPageLayout-anchBar-application-managehandovers-display-component---AddNewHO--section4-anchor\"]"}
RESULT: {"using":"xpath","value":"//*[@id=\"application-managehandovers-display-component---AddNewHO--ObjectPageLayout-anchBar-application-managehandovers-display-component---AddNewHO--section4-anchor\"]"}
COMMAND: POST /session/601af62cb68afff6944e8a635357ab53/element/f.2CF887CE126DC6B338BD3A7C0EF1B7FC.d.93C6A1160C7D3BD2B5433976C093DB8C.e.16709/click - {}
RESULT: {}
COMMAND: POST /session/601af62cb68afff6944e8a635357ab53/element - {"using":"xpath","value":"//button[@aria-label=\"Add\"]"}
COMMAND: GET /session/601af62cb68afff6944e8a635357ab53/screenshot - {}
RESULT: {"using":"xpath","value":"//button[@aria-label=\"Add\"]"}
COMMAND: POST /session/601af62cb68afff6944e8a635357ab53/element/f.2CF887CE126DC6B338BD3A7C0EF1B7FC.d.93C6A1160C7D3BD2B5433976C093DB8C.e.16711/click - {}
RESULT: {}
RESULT: {}
COMMAND: GET /session/601af62cb68afff6944e8a635357ab53/screenshot - {}
RESULT: {}
COMMAND: POST /session/601af62cb68afff6944e8a635357ab53/execute/async - {"script":"<script> [1562 bytes]","args":[{"selector":{"id":"application-managehandovers-display-component---AddNewHO--smartFilterBar-btnBasicSearch","searchOpenDialogs":true,"interaction":{"idSuffix":"I"}},"wdio_ui5_key":"applicationmanagehandovers-display-component---AddNewHO--smartFilterBar-btnBasicSearch"}]}
RESULT: {"script":"<script> [1562 bytes]","args":[{"selector":{"id":"application-managehandovers-display-component---AddNewHO--smartFilterBar-btnBasicSearch","searchOpenDialogs":true,"interaction":{"idSuffix":"I"}},"wdio_ui5_key":"applicationmanagehandovers-display-component---AddNewHO--smartFilterBar-btnBasicSearch"}]}
RESULT: undefined
COMMAND: POST /session/601af62cb68afff6944e8a635357ab53/execute/async - {"script":"<script> [776 bytes]","args":[{"enterText":"200153","selector":{"id":"application-managehandovers-display-component---AddNewHO--smartFilterBar-btnBasicSearch","searchOpenDialogs":true,"interaction":{"idSuffix":"I"}},"clearTextFirst":true,"interactionType":"ENTER_TEXT"}]}
RESULT: {"script":"<script> [776 bytes]","args":[{"enterText":"200153","selector":{"id":"application-managehandovers-display-component---AddNewHO--smartFilterBar-btnBasicSearch","searchOpenDialogs":true,"interaction":{"idSuffix":"I"}},"clearTextFirst":true,"interactionType":"ENTER_TEXT"}]}
COMMAND: POST /session/601af62cb68afff6944e8a635357ab53/actions - {"actions":[{"id":"action54","type":"key","parameters":{},"actions":[{"type":"keyDown","value":"î€‡"},{"type":"pause","duration":10},{"type":"keyUp","value":"î€‡"}]}]}
RESULT: {"actions":[{"id":"action54","type":"key","parameters":{},"actions":[{"type":"keyDown","value":"î€‡"},{"type":"pause","duration":10},{"type":"keyUp","value":"î€‡"}]}]}
COMMAND: GET /session/601af62cb68afff6944e8a635357ab53/screenshot - {}
RESULT: {}
COMMAND: POST /session/601af62cb68afff6944e8a635357ab53/execute/async - {"script":"<script> [1562 bytes]","args":[{"selector":{"id":"application-managehandovers-display-component---AddNewHO--popup-sa","searchOpenDialogs":true,"interaction":{"idSuffix":"CbBg"}},"wdio_ui5_key":"applicationmanagehandovers-display-component---AddNewHO--popup-sa"}]}
RESULT: {"script":"<script> [1562 bytes]","args":[{"selector":{"id":"application-managehandovers-display-component---AddNewHO--popup-sa","searchOpenDialogs":true,"interaction":{"idSuffix":"CbBg"}},"wdio_ui5_key":"applicationmanagehandovers-display-component---AddNewHO--popup-sa"}]}
RESULT: undefined
COMMAND: POST /session/601af62cb68afff6944e8a635357ab53/element - {"using":"xpath","value":"//*[@id=\"application-managehandovers-display-component---AddNewHO--popup-sa\"]"}
RESULT: {"using":"xpath","value":"//*[@id=\"application-managehandovers-display-component---AddNewHO--popup-sa\"]"}
COMMAND: POST /session/601af62cb68afff6944e8a635357ab53/element/f.2CF887CE126DC6B338BD3A7C0EF1B7FC.d.93C6A1160C7D3BD2B5433976C093DB8C.e.16863/click - {}
RESULT: {}
COMMAND: GET /session/601af62cb68afff6944e8a635357ab53/screenshot - {}
RESULT: {}
COMMAND: POST /session/601af62cb68afff6944e8a635357ab53/element - {"using":"xpath","value":"//bdi[contains(text(), \"Select\")]"}
RESULT: {"using":"xpath","value":"//bdi[contains(text(), \"Select\")]"}
COMMAND: POST /session/601af62cb68afff6944e8a635357ab53/element/f.2CF887CE126DC6B338BD3A7C0EF1B7FC.d.93C6A1160C7D3BD2B5433976C093DB8C.e.16864/click - {}
RESULT: {}
COMMAND: GET /session/601af62cb68afff6944e8a635357ab53/screenshot - {}
RESULT: {}
COMMAND: POST /session/601af62cb68afff6944e8a635357ab53/element - {"using":"xpath","value":"//button[@data-kt=\"AddNewHOSaveButton\"]"}
RESULT: {"using":"xpath","value":"//button[@data-kt=\"AddNewHOSaveButton\"]"}
COMMAND: POST /session/601af62cb68afff6944e8a635357ab53/element/f.2CF887CE126DC6B338BD3A7C0EF1B7FC.d.93C6A1160C7D3BD2B5433976C093DB8C.e.16868/click - {}
RESULT: {}
COMMAND: GET /session/601af62cb68afff6944e8a635357ab53/screenshot - {}
RESULT: {}
COMMAND: POST /session/601af62cb68afff6944e8a635357ab53/execute/async - {"script":"<script> [1562 bytes]","args":[{"selector":{"id":"receiptDatePicker","viewName":"etm.portal.ui.managehandovers.view.DetailExecuteHO","interaction":{"idSuffix":"inner"}},"wdio_ui5_key":"receiptDatePickeretmportal.ui.managehandovers.view.DetailExecuteHO"}]}
RESULT: {"script":"<script> [1562 bytes]","args":[{"selector":{"id":"receiptDatePicker","viewName":"etm.portal.ui.managehandovers.view.DetailExecuteHO","interaction":{"idSuffix":"inner"}},"wdio_ui5_key":"receiptDatePickeretmportal.ui.managehandovers.view.DetailExecuteHO"}]}
RESULT: undefined
COMMAND: POST /session/601af62cb68afff6944e8a635357ab53/execute/async - {"script":"<script> [6424 bytes]","args":[{"element-6066-11e4-a52e-4f735466cecf":"f.2CF887CE126DC6B338BD3A7C0EF1B7FC.d.93C6A1160C7D3BD2B5433976C093DB8C.e.16887"},"setValue",["5/14/25"]]}
RESULT: {"script":"<script> [6424 bytes]","args":[{"element-6066-11e4-a52e-4f735466cecf":"f.2CF887CE126DC6B338BD3A7C0EF1B7FC.d.93C6A1160C7D3BD2B5433976C093DB8C.e.16887"},"setValue",["5/14/25"]]}
COMMAND: POST /session/601af62cb68afff6944e8a635357ab53/element - {"using":"xpath","value":"//button[@data-kt=\"PickingTableConfirmAllButton\"]"}
RESULT: {"using":"xpath","value":"//button[@data-kt=\"PickingTableConfirmAllButton\"]"}
COMMAND: POST /session/601af62cb68afff6944e8a635357ab53/element/f.2CF887CE126DC6B338BD3A7C0EF1B7FC.d.93C6A1160C7D3BD2B5433976C093DB8C.e.16900/click - {}
RESULT: {}
COMMAND: GET /session/601af62cb68afff6944e8a635357ab53/screenshot - {}
RESULT: {}
COMMAND: POST /session/601af62cb68afff6944e8a635357ab53/element - {"using":"xpath","value":"//bdi[contains(text(), \"OK\")]"}
RESULT: {"using":"xpath","value":"//bdi[contains(text(), \"OK\")]"}
COMMAND: POST /session/601af62cb68afff6944e8a635357ab53/element/f.2CF887CE126DC6B338BD3A7C0EF1B7FC.d.93C6A1160C7D3BD2B5433976C093DB8C.e.16902/click - {}
RESULT: {}
COMMAND: GET /session/601af62cb68afff6944e8a635357ab53/screenshot - {}
RESULT: {}
COMMAND: POST /session/601af62cb68afff6944e8a635357ab53/element - {"using":"xpath","value":"(//bdi[contains(text(), \"Receive\")])[2]"}
RESULT: {"using":"xpath","value":"(//bdi[contains(text(), \"Receive\")])[2]"}
COMMAND: POST /session/601af62cb68afff6944e8a635357ab53/element/f.2CF887CE126DC6B338BD3A7C0EF1B7FC.d.93C6A1160C7D3BD2B5433976C093DB8C.e.16904/click - {}
RESULT: {}
COMMAND: GET /session/601af62cb68afff6944e8a635357ab53/screenshot - {}
RESULT: {}
COMMAND: POST /session/601af62cb68afff6944e8a635357ab53/element - {"using":"css selector","value":"#shell-header-logo"}
RESULT: {"using":"css selector","value":"#shell-header-logo"}
COMMAND: POST /session/601af62cb68afff6944e8a635357ab53/element/f.2CF887CE126DC6B338BD3A7C0EF1B7FC.d.93C6A1160C7D3BD2B5433976C093DB8C.e.16285/click - {}
RESULT: {}
COMMAND: GET /session/601af62cb68afff6944e8a635357ab53/screenshot - {}
RESULT: {}
]]></system-out>
    </testcase>
    <testcase classname="chrome.136_0_7103_49.windows.Provide_to_Site_w/o_warehouse_management_w/o_clarification" name="Should create a new contract" time="56.826">
      <system-out><![CDATA[
COMMAND: POST /session/601af62cb68afff6944e8a635357ab53/execute/async - {"script":"<script> [1562 bytes]","args":[{"selector":{"controlType":"sap.m.GenericTile","properties":{"header":"Manage Contracts"}},"wdio_ui5_key":"sapm.GenericTile{\"header\":\"Manage Contracts\"}"}]}
RESULT: {"script":"<script> [1562 bytes]","args":[{"selector":{"controlType":"sap.m.GenericTile","properties":{"header":"Manage Contracts"}},"wdio_ui5_key":"sapm.GenericTile{\"header\":\"Manage Contracts\"}"}]}
RESULT: undefined
COMMAND: POST /session/601af62cb68afff6944e8a635357ab53/element - {"using":"xpath","value":"//*[@id=\"__tile130\"]"}
RESULT: {"using":"xpath","value":"//*[@id=\"__tile130\"]"}
COMMAND: POST /session/601af62cb68afff6944e8a635357ab53/element/f.2CF887CE126DC6B338BD3A7C0EF1B7FC.d.93C6A1160C7D3BD2B5433976C093DB8C.e.15652/click - {}
RESULT: {}
COMMAND: GET /session/601af62cb68afff6944e8a635357ab53/screenshot - {}
RESULT: {}
COMMAND: POST /session/601af62cb68afff6944e8a635357ab53/elements - {"using":"xpath","value":"//span[text()='Error']"}
RESULT: {"using":"xpath","value":"//span[text()='Error']"}
COMMAND: POST /session/601af62cb68afff6944e8a635357ab53/element - {"using":"xpath","value":"//button[@data-kt=\"addButton\"]"}
RESULT: {"using":"xpath","value":"//button[@data-kt=\"addButton\"]"}
COMMAND: POST /session/601af62cb68afff6944e8a635357ab53/elements - {"using":"xpath","value":"//button[@data-kt=\"addButton\"]"}
RESULT: {"using":"xpath","value":"//button[@data-kt=\"addButton\"]"}
COMMAND: POST /session/601af62cb68afff6944e8a635357ab53/execute/sync - {"script":"<script> [8489 bytes]","args":[{"element-6066-11e4-a52e-4f735466cecf":"f.2CF887CE126DC6B338BD3A7C0EF1B7FC.d.93C6A1160C7D3BD2B5433976C093DB8C.e.17308","ELEMENT":"f.2CF887CE126DC6B338BD3A7C0EF1B7FC.d.93C6A1160C7D3BD2B5433976C093DB8C.e.17308"}]}
RESULT: {"script":"<script> [8489 bytes]","args":[{"element-6066-11e4-a52e-4f735466cecf":"f.2CF887CE126DC6B338BD3A7C0EF1B7FC.d.93C6A1160C7D3BD2B5433976C093DB8C.e.17308","ELEMENT":"f.2CF887CE126DC6B338BD3A7C0EF1B7FC.d.93C6A1160C7D3BD2B5433976C093DB8C.e.17308"}]}
COMMAND: GET /session/601af62cb68afff6944e8a635357ab53/element/f.2CF887CE126DC6B338BD3A7C0EF1B7FC.d.93C6A1160C7D3BD2B5433976C093DB8C.e.17308/enabled - {}
COMMAND: GET /session/601af62cb68afff6944e8a635357ab53/screenshot - {}
RESULT: {}
COMMAND: POST /session/601af62cb68afff6944e8a635357ab53/execute/sync - {"script":"<script> [8489 bytes]","args":[{"element-6066-11e4-a52e-4f735466cecf":"f.2CF887CE126DC6B338BD3A7C0EF1B7FC.d.93C6A1160C7D3BD2B5433976C093DB8C.e.17308","ELEMENT":"f.2CF887CE126DC6B338BD3A7C0EF1B7FC.d.93C6A1160C7D3BD2B5433976C093DB8C.e.17308"}]}
COMMAND: GET /session/601af62cb68afff6944e8a635357ab53/screenshot - {}
RESULT: {}
RESULT: {"script":"<script> [8489 bytes]","args":[{"element-6066-11e4-a52e-4f735466cecf":"f.2CF887CE126DC6B338BD3A7C0EF1B7FC.d.93C6A1160C7D3BD2B5433976C093DB8C.e.17308","ELEMENT":"f.2CF887CE126DC6B338BD3A7C0EF1B7FC.d.93C6A1160C7D3BD2B5433976C093DB8C.e.17308"}]}
COMMAND: POST /session/601af62cb68afff6944e8a635357ab53/execute/sync - {"script":"<script> [5351 bytes]","args":[{"element-6066-11e4-a52e-4f735466cecf":"f.2CF887CE126DC6B338BD3A7C0EF1B7FC.d.93C6A1160C7D3BD2B5433976C093DB8C.e.17308","ELEMENT":"f.2CF887CE126DC6B338BD3A7C0EF1B7FC.d.93C6A1160C7D3BD2B5433976C093DB8C.e.17308"}]}
COMMAND: GET /session/601af62cb68afff6944e8a635357ab53/screenshot - {}
RESULT: {}
RESULT: {"script":"<script> [5351 bytes]","args":[{"element-6066-11e4-a52e-4f735466cecf":"f.2CF887CE126DC6B338BD3A7C0EF1B7FC.d.93C6A1160C7D3BD2B5433976C093DB8C.e.17308","ELEMENT":"f.2CF887CE126DC6B338BD3A7C0EF1B7FC.d.93C6A1160C7D3BD2B5433976C093DB8C.e.17308"}]}
COMMAND: GET /session/601af62cb68afff6944e8a635357ab53/screenshot - {}
RESULT: {}
RESULT: {}
COMMAND: POST /session/601af62cb68afff6944e8a635357ab53/element/f.2CF887CE126DC6B338BD3A7C0EF1B7FC.d.93C6A1160C7D3BD2B5433976C093DB8C.e.17308/click - {}
RESULT: {}
COMMAND: GET /session/601af62cb68afff6944e8a635357ab53/screenshot - {}
RESULT: {}
COMMAND: POST /session/601af62cb68afff6944e8a635357ab53/execute/async - {"script":"<script> [1562 bytes]","args":[{"selector":{"id":"application-managecontracts-display-component---AddNewContract--projectDescription","interaction":{"idSuffix":"inner"}},"wdio_ui5_key":"applicationmanagecontracts-display-component---AddNewContract--projectDescription"}]}
RESULT: {"script":"<script> [1562 bytes]","args":[{"selector":{"id":"application-managecontracts-display-component---AddNewContract--projectDescription","interaction":{"idSuffix":"inner"}},"wdio_ui5_key":"applicationmanagecontracts-display-component---AddNewContract--projectDescription"}]}
RESULT: undefined
COMMAND: POST /session/601af62cb68afff6944e8a635357ab53/execute/async - {"script":"<script> [776 bytes]","args":[{"enterText":"Contract WDIO","selector":{"id":"application-managecontracts-display-component---AddNewContract--projectDescription","interaction":{"idSuffix":"inner"}},"clearTextFirst":true,"interactionType":"ENTER_TEXT"}]}
RESULT: {"script":"<script> [776 bytes]","args":[{"enterText":"Contract WDIO","selector":{"id":"application-managecontracts-display-component---AddNewContract--projectDescription","interaction":{"idSuffix":"inner"}},"clearTextFirst":true,"interactionType":"ENTER_TEXT"}]}
COMMAND: POST /session/601af62cb68afff6944e8a635357ab53/element - {"using":"xpath","value":"//input[@id=\"application-managecontracts-display-component---AddNewContract--site-inner\"]"}
RESULT: {"using":"xpath","value":"//input[@id=\"application-managecontracts-display-component---AddNewContract--site-inner\"]"}
COMMAND: POST /session/601af62cb68afff6944e8a635357ab53/element/f.2CF887CE126DC6B338BD3A7C0EF1B7FC.d.93C6A1160C7D3BD2B5433976C093DB8C.e.17662/clear - {}
RESULT: {}
COMMAND: POST /session/601af62cb68afff6944e8a635357ab53/element/f.2CF887CE126DC6B338BD3A7C0EF1B7FC.d.93C6A1160C7D3BD2B5433976C093DB8C.e.17662/value - {"text":"2147"}
COMMAND: GET /session/601af62cb68afff6944e8a635357ab53/screenshot - {}
RESULT: {"text":"2147"}
COMMAND: GET /session/601af62cb68afff6944e8a635357ab53/screenshot - {}
RESULT: {}
RESULT: {}
COMMAND: POST /session/601af62cb68afff6944e8a635357ab53/element - {"using":"xpath","value":"//li[.//span[text()='2147']]"}
RESULT: {"using":"xpath","value":"//li[.//span[text()='2147']]"}
COMMAND: POST /session/601af62cb68afff6944e8a635357ab53/element/f.2CF887CE126DC6B338BD3A7C0EF1B7FC.d.93C6A1160C7D3BD2B5433976C093DB8C.e.17691/click - {}
RESULT: {}
COMMAND: GET /session/601af62cb68afff6944e8a635357ab53/screenshot - {}
RESULT: {}
COMMAND: POST /session/601af62cb68afff6944e8a635357ab53/element - {"using":"xpath","value":"//input[@id=\"application-managecontracts-display-component---AddNewContract--yardId-inner\"]"}
RESULT: {"using":"xpath","value":"//input[@id=\"application-managecontracts-display-component---AddNewContract--yardId-inner\"]"}
COMMAND: GET /session/601af62cb68afff6944e8a635357ab53/element/f.2CF887CE126DC6B338BD3A7C0EF1B7FC.d.93C6A1160C7D3BD2B5433976C093DB8C.e.17663/property/value - {}
RESULT: {}
COMMAND: POST /session/601af62cb68afff6944e8a635357ab53/element - {"using":"xpath","value":"//input[@id=\"application-managecontracts-display-component---AddNewContract--customerSelect-inner\"]"}
COMMAND: GET /session/601af62cb68afff6944e8a635357ab53/screenshot - {}
RESULT: {"using":"xpath","value":"//input[@id=\"application-managecontracts-display-component---AddNewContract--customerSelect-inner\"]"}
COMMAND: POST /session/601af62cb68afff6944e8a635357ab53/element/f.2CF887CE126DC6B338BD3A7C0EF1B7FC.d.93C6A1160C7D3BD2B5433976C093DB8C.e.17661/clear - {}
RESULT: {}
RESULT: {}
COMMAND: POST /session/601af62cb68afff6944e8a635357ab53/element/f.2CF887CE126DC6B338BD3A7C0EF1B7FC.d.93C6A1160C7D3BD2B5433976C093DB8C.e.17661/value - {"text":"1179"}
COMMAND: GET /session/601af62cb68afff6944e8a635357ab53/screenshot - {}
RESULT: {"text":"1179"}
COMMAND: GET /session/601af62cb68afff6944e8a635357ab53/screenshot - {}
RESULT: {}
RESULT: {}
COMMAND: POST /session/601af62cb68afff6944e8a635357ab53/element - {"using":"xpath","value":"//li[.//span[text()='1179']]"}
RESULT: {"using":"xpath","value":"//li[.//span[text()='1179']]"}
COMMAND: POST /session/601af62cb68afff6944e8a635357ab53/element/f.2CF887CE126DC6B338BD3A7C0EF1B7FC.d.93C6A1160C7D3BD2B5433976C093DB8C.e.17694/click - {}
RESULT: {}
COMMAND: GET /session/601af62cb68afff6944e8a635357ab53/screenshot - {}
RESULT: {}
COMMAND: POST /session/601af62cb68afff6944e8a635357ab53/element - {"using":"xpath","value":"//button[@data-kt=\"saveButton\"]"}
RESULT: {"using":"xpath","value":"//button[@data-kt=\"saveButton\"]"}
COMMAND: POST /session/601af62cb68afff6944e8a635357ab53/element/f.2CF887CE126DC6B338BD3A7C0EF1B7FC.d.93C6A1160C7D3BD2B5433976C093DB8C.e.17695/click - {}
RESULT: {}
COMMAND: GET /session/601af62cb68afff6944e8a635357ab53/screenshot - {}
RESULT: {}
COMMAND: POST /session/601af62cb68afff6944e8a635357ab53/element - {"using":"xpath","value":"//span[contains(@id ,\"contractDetailTitleNoExpanded\")]"}
RESULT: {"using":"xpath","value":"//span[contains(@id ,\"contractDetailTitleNoExpanded\")]"}
COMMAND: POST /session/601af62cb68afff6944e8a635357ab53/elements - {"using":"xpath","value":"//span[contains(@id ,\"contractDetailTitleNoExpanded\")]"}
RESULT: {"using":"xpath","value":"//span[contains(@id ,\"contractDetailTitleNoExpanded\")]"}
COMMAND: POST /session/601af62cb68afff6944e8a635357ab53/execute/sync - {"script":"<script> [56 bytes]","args":[{"element-6066-11e4-a52e-4f735466cecf":"f.2CF887CE126DC6B338BD3A7C0EF1B7FC.d.93C6A1160C7D3BD2B5433976C093DB8C.e.17768","ELEMENT":"f.2CF887CE126DC6B338BD3A7C0EF1B7FC.d.93C6A1160C7D3BD2B5433976C093DB8C.e.17768"}]}
RESULT: {"script":"<script> [56 bytes]","args":[{"element-6066-11e4-a52e-4f735466cecf":"f.2CF887CE126DC6B338BD3A7C0EF1B7FC.d.93C6A1160C7D3BD2B5433976C093DB8C.e.17768","ELEMENT":"f.2CF887CE126DC6B338BD3A7C0EF1B7FC.d.93C6A1160C7D3BD2B5433976C093DB8C.e.17768"}]}
COMMAND: GET /session/601af62cb68afff6944e8a635357ab53/screenshot - {}
RESULT: {}
]]></system-out>
    </testcase>
    <testcase classname="chrome.136_0_7103_49.windows.Provide_to_Site_w/o_warehouse_management_w/o_clarification" name="Should add equipment to the contract" time="55.891">
      <system-out><![CDATA[
COMMAND: POST /session/601af62cb68afff6944e8a635357ab53/element - {"using":"xpath","value":"//button[@data-kt=\"contractDetailEditBtnButton\"]"}
RESULT: {"using":"xpath","value":"//button[@data-kt=\"contractDetailEditBtnButton\"]"}
COMMAND: POST /session/601af62cb68afff6944e8a635357ab53/element/f.2CF887CE126DC6B338BD3A7C0EF1B7FC.d.93C6A1160C7D3BD2B5433976C093DB8C.e.17770/click - {}
RESULT: {}
COMMAND: GET /session/601af62cb68afff6944e8a635357ab53/screenshot - {}
RESULT: {}
COMMAND: POST /session/601af62cb68afff6944e8a635357ab53/element - {"using":"xpath","value":"(//span[contains(text(), \"Additional Addresses\")])[2]"}
RESULT: {"using":"xpath","value":"(//span[contains(text(), \"Additional Addresses\")])[2]"}
COMMAND: POST /session/601af62cb68afff6944e8a635357ab53/element/f.2CF887CE126DC6B338BD3A7C0EF1B7FC.d.93C6A1160C7D3BD2B5433976C093DB8C.e.17825/click - {}
RESULT: {}
COMMAND: GET /session/601af62cb68afff6944e8a635357ab53/screenshot - {}
RESULT: {}
COMMAND: POST /session/601af62cb68afff6944e8a635357ab53/element - {"using":"xpath","value":"//button[@data-kt=\"btnAddTableRowOverflowToolbarButton\"]"}
RESULT: {"using":"xpath","value":"//button[@data-kt=\"btnAddTableRowOverflowToolbarButton\"]"}
COMMAND: POST /session/601af62cb68afff6944e8a635357ab53/element/f.2CF887CE126DC6B338BD3A7C0EF1B7FC.d.93C6A1160C7D3BD2B5433976C093DB8C.e.17828/click - {}
RESULT: {}
COMMAND: GET /session/601af62cb68afff6944e8a635357ab53/screenshot - {}
RESULT: {}
COMMAND: POST /session/601af62cb68afff6944e8a635357ab53/element - {"using":"xpath","value":"//div[(text() = 'Standard Entry' or . = 'Standard Entry')]"}
RESULT: {"using":"xpath","value":"//div[(text() = 'Standard Entry' or . = 'Standard Entry')]"}
COMMAND: POST /session/601af62cb68afff6944e8a635357ab53/element/f.2CF887CE126DC6B338BD3A7C0EF1B7FC.d.93C6A1160C7D3BD2B5433976C093DB8C.e.17830/click - {}
RESULT: {}
COMMAND: GET /session/601af62cb68afff6944e8a635357ab53/screenshot - {}
RESULT: {}
COMMAND: POST /session/601af62cb68afff6944e8a635357ab53/element - {"using":"xpath","value":"//td[6]/div/div/div/span"}
RESULT: {"using":"xpath","value":"//td[6]/div/div/div/span"}
COMMAND: POST /session/601af62cb68afff6944e8a635357ab53/element/f.2CF887CE126DC6B338BD3A7C0EF1B7FC.d.93C6A1160C7D3BD2B5433976C093DB8C.e.17842/click - {}
RESULT: {}
COMMAND: GET /session/601af62cb68afff6944e8a635357ab53/screenshot - {}
RESULT: {}
COMMAND: POST /session/601af62cb68afff6944e8a635357ab53/element - {"using":"xpath","value":"(//span[contains(text(), \"Material\")])"}
RESULT: {"using":"xpath","value":"(//span[contains(text(), \"Material\")])"}
COMMAND: POST /session/601af62cb68afff6944e8a635357ab53/element/f.2CF887CE126DC6B338BD3A7C0EF1B7FC.d.93C6A1160C7D3BD2B5433976C093DB8C.e.17843/click - {}
RESULT: {}
COMMAND: GET /session/601af62cb68afff6944e8a635357ab53/screenshot - {}
RESULT: {}
COMMAND: POST /session/601af62cb68afff6944e8a635357ab53/element - {"using":"xpath","value":"//td[7]/div/div/input"}
RESULT: {"using":"xpath","value":"//td[7]/div/div/input"}
COMMAND: POST /session/601af62cb68afff6944e8a635357ab53/element/f.2CF887CE126DC6B338BD3A7C0EF1B7FC.d.93C6A1160C7D3BD2B5433976C093DB8C.e.17847/clear - {}
RESULT: {}
COMMAND: POST /session/601af62cb68afff6944e8a635357ab53/element/f.2CF887CE126DC6B338BD3A7C0EF1B7FC.d.93C6A1160C7D3BD2B5433976C093DB8C.e.17847/value - {"text":"200153"}
COMMAND: GET /session/601af62cb68afff6944e8a635357ab53/screenshot - {}
RESULT: {"text":"200153"}
COMMAND: GET /session/601af62cb68afff6944e8a635357ab53/screenshot - {}
RESULT: {}
RESULT: {}
COMMAND: POST /session/601af62cb68afff6944e8a635357ab53/actions - {"actions":[{"id":"action55","type":"key","parameters":{},"actions":[{"type":"keyDown","value":"î€‡"},{"type":"pause","duration":10},{"type":"keyUp","value":"î€‡"}]}]}
RESULT: {"actions":[{"id":"action55","type":"key","parameters":{},"actions":[{"type":"keyDown","value":"î€‡"},{"type":"pause","duration":10},{"type":"keyUp","value":"î€‡"}]}]}
COMMAND: GET /session/601af62cb68afff6944e8a635357ab53/screenshot - {}
RESULT: {}
COMMAND: POST /session/601af62cb68afff6944e8a635357ab53/execute/sync - {"script":"<script> [276 bytes]","args":["No pricing information was found"]}
RESULT: {"script":"<script> [276 bytes]","args":["No pricing information was found"]}
COMMAND: POST /session/601af62cb68afff6944e8a635357ab53/element - {"using":"xpath","value":"//bdi[contains(text(), \"OK\")]"}
COMMAND: GET /session/601af62cb68afff6944e8a635357ab53/screenshot - {}
RESULT: {"using":"xpath","value":"//bdi[contains(text(), \"OK\")]"}
COMMAND: POST /session/601af62cb68afff6944e8a635357ab53/element/f.2CF887CE126DC6B338BD3A7C0EF1B7FC.d.93C6A1160C7D3BD2B5433976C093DB8C.e.17873/click - {}
RESULT: {}
RESULT: {}
COMMAND: GET /session/601af62cb68afff6944e8a635357ab53/screenshot - {}
RESULT: {}
COMMAND: POST /session/601af62cb68afff6944e8a635357ab53/element - {"using":"xpath","value":"(//button[@data-kt=\"saveButton\"])[2]"}
RESULT: {"using":"xpath","value":"(//button[@data-kt=\"saveButton\"])[2]"}
COMMAND: POST /session/601af62cb68afff6944e8a635357ab53/element/f.2CF887CE126DC6B338BD3A7C0EF1B7FC.d.93C6A1160C7D3BD2B5433976C093DB8C.e.17874/click - {}
RESULT: {}
COMMAND: GET /session/601af62cb68afff6944e8a635357ab53/screenshot - {}
RESULT: {}
COMMAND: POST /session/601af62cb68afff6944e8a635357ab53/execute/sync - {"script":"<script> [276 bytes]","args":["Some contract items are having rental validity exceeding header rental validity"]}
RESULT: {"script":"<script> [276 bytes]","args":["Some contract items are having rental validity exceeding header rental validity"]}
COMMAND: GET /session/601af62cb68afff6944e8a635357ab53/screenshot - {}
RESULT: {}
COMMAND: POST /session/601af62cb68afff6944e8a635357ab53/element - {"using":"xpath","value":"//span[contains(@id ,\"contractItemsSmartTable-header-inner\")]"}
RESULT: {"using":"xpath","value":"//span[contains(@id ,\"contractItemsSmartTable-header-inner\")]"}
COMMAND: POST /session/601af62cb68afff6944e8a635357ab53/elements - {"using":"xpath","value":"//span[contains(@id ,\"contractItemsSmartTable-header-inner\")]"}
RESULT: {"using":"xpath","value":"//span[contains(@id ,\"contractItemsSmartTable-header-inner\")]"}
COMMAND: POST /session/601af62cb68afff6944e8a635357ab53/execute/sync - {"script":"<script> [56 bytes]","args":[{"element-6066-11e4-a52e-4f735466cecf":"f.2CF887CE126DC6B338BD3A7C0EF1B7FC.d.93C6A1160C7D3BD2B5433976C093DB8C.e.17878","ELEMENT":"f.2CF887CE126DC6B338BD3A7C0EF1B7FC.d.93C6A1160C7D3BD2B5433976C093DB8C.e.17878"}]}
RESULT: {"script":"<script> [56 bytes]","args":[{"element-6066-11e4-a52e-4f735466cecf":"f.2CF887CE126DC6B338BD3A7C0EF1B7FC.d.93C6A1160C7D3BD2B5433976C093DB8C.e.17878","ELEMENT":"f.2CF887CE126DC6B338BD3A7C0EF1B7FC.d.93C6A1160C7D3BD2B5433976C093DB8C.e.17878"}]}
COMMAND: GET /session/601af62cb68afff6944e8a635357ab53/screenshot - {}
]]></system-out>
    </testcase>
    <testcase classname="chrome.136_0_7103_49.windows.Provide_to_Site_w/o_warehouse_management_w/o_clarification" name="Should test for Clarification" time="0.005">
      <system-out><![CDATA[
COMMAND: POST /session/601af62cb68afff6944e8a635357ab53/element - {"using":"css selector","value":"#j_username"}
COMMAND: POST /session/601af62cb68afff6944e8a635357ab53/url - {"url":"https://qa-testing-00-live-etm-ui.cfapps.eu10-004.hana.ondemand.com/"}
COMMAND: GET /session/601af62cb68afff6944e8a635357ab53/screenshot - {}
COMMAND: GET /session/601af62cb68afff6944e8a635357ab53/screenshot - {}
RESULT: {"using":"css selector","value":"#j_username"}
COMMAND: POST /session/601af62cb68afff6944e8a635357ab53/element - {"using":"css selector","value":"#j_username"}
RESULT: {"url":"https://qa-testing-00-live-etm-ui.cfapps.eu10-004.hana.ondemand.com/"}
RESULT: undefined
COMMAND: GET /session/601af62cb68afff6944e8a635357ab53/screenshot - {}
RESULT: {}
RESULT: {}
RESULT: {"using":"css selector","value":"#j_username"}
COMMAND: POST /session/601af62cb68afff6944e8a635357ab53/element - {"using":"css selector","value":"#shell-header-logo"}
RESULT: {}
RESULT: {"using":"css selector","value":"#shell-header-logo"}
COMMAND: POST /session/601af62cb68afff6944e8a635357ab53/execute/sync - {"script":"<script> [8489 bytes]","args":[{"element-6066-11e4-a52e-4f735466cecf":"f.2CF887CE126DC6B338BD3A7C0EF1B7FC.d.798ACDFBF21DDEB6D45265D6CDA0EAE5.e.18264","ELEMENT":"f.2CF887CE126DC6B338BD3A7C0EF1B7FC.d.798ACDFBF21DDEB6D45265D6CDA0EAE5.e.18264"}]}
RESULT: {"script":"<script> [8489 bytes]","args":[{"element-6066-11e4-a52e-4f735466cecf":"f.2CF887CE126DC6B338BD3A7C0EF1B7FC.d.798ACDFBF21DDEB6D45265D6CDA0EAE5.e.18264","ELEMENT":"f.2CF887CE126DC6B338BD3A7C0EF1B7FC.d.798ACDFBF21DDEB6D45265D6CDA0EAE5.e.18264"}]}
COMMAND: POST /session/601af62cb68afff6944e8a635357ab53/element - {"using":"css selector","value":"#shell-header-logo"}
COMMAND: GET /session/601af62cb68afff6944e8a635357ab53/screenshot - {}
RESULT: {"using":"css selector","value":"#shell-header-logo"}
COMMAND: POST /session/601af62cb68afff6944e8a635357ab53/execute/sync - {"script":"<script> [8489 bytes]","args":[{"element-6066-11e4-a52e-4f735466cecf":"f.2CF887CE126DC6B338BD3A7C0EF1B7FC.d.798ACDFBF21DDEB6D45265D6CDA0EAE5.e.18264","ELEMENT":"f.2CF887CE126DC6B338BD3A7C0EF1B7FC.d.798ACDFBF21DDEB6D45265D6CDA0EAE5.e.18264"}]}
RESULT: {}
RESULT: {"script":"<script> [8489 bytes]","args":[{"element-6066-11e4-a52e-4f735466cecf":"f.2CF887CE126DC6B338BD3A7C0EF1B7FC.d.798ACDFBF21DDEB6D45265D6CDA0EAE5.e.18264","ELEMENT":"f.2CF887CE126DC6B338BD3A7C0EF1B7FC.d.798ACDFBF21DDEB6D45265D6CDA0EAE5.e.18264"}]}
COMMAND: POST /session/601af62cb68afff6944e8a635357ab53/execute/sync - {"script":"<script> [5351 bytes]","args":[{"element-6066-11e4-a52e-4f735466cecf":"f.2CF887CE126DC6B338BD3A7C0EF1B7FC.d.798ACDFBF21DDEB6D45265D6CDA0EAE5.e.18264","ELEMENT":"f.2CF887CE126DC6B338BD3A7C0EF1B7FC.d.798ACDFBF21DDEB6D45265D6CDA0EAE5.e.18264"}]}
COMMAND: GET /session/601af62cb68afff6944e8a635357ab53/screenshot - {}
RESULT: {"script":"<script> [5351 bytes]","args":[{"element-6066-11e4-a52e-4f735466cecf":"f.2CF887CE126DC6B338BD3A7C0EF1B7FC.d.798ACDFBF21DDEB6D45265D6CDA0EAE5.e.18264","ELEMENT":"f.2CF887CE126DC6B338BD3A7C0EF1B7FC.d.798ACDFBF21DDEB6D45265D6CDA0EAE5.e.18264"}]}
COMMAND: POST /session/601af62cb68afff6944e8a635357ab53/element - {"using":"css selector","value":"#shell-header-logo"}
COMMAND: GET /session/601af62cb68afff6944e8a635357ab53/screenshot - {}
RESULT: {}
RESULT: {}
RESULT: {"using":"css selector","value":"#shell-header-logo"}
COMMAND: POST /session/601af62cb68afff6944e8a635357ab53/element/f.2CF887CE126DC6B338BD3A7C0EF1B7FC.d.798ACDFBF21DDEB6D45265D6CDA0EAE5.e.18264/click - {}
RESULT: {}
COMMAND: GET /session/601af62cb68afff6944e8a635357ab53/screenshot - {}
RESULT: {}
COMMAND: POST /session/601af62cb68afff6944e8a635357ab53/execute/async - {"script":"<script> [189 bytes]","args":[]}
RESULT: {"script":"<script> [189 bytes]","args":[]}
COMMAND: POST /session/601af62cb68afff6944e8a635357ab53/execute/async - {"script":"<script> [123 bytes]","args":[]}
RESULT: {"script":"<script> [123 bytes]","args":[]}
COMMAND: POST /session/601af62cb68afff6944e8a635357ab53/timeouts - {"script":"<number>"}
RESULT: {"script":"<number>"}
COMMAND: GET /session/601af62cb68afff6944e8a635357ab53/timeouts - {}
RESULT: {}
RESULT: undefined
COMMAND: POST /session/601af62cb68afff6944e8a635357ab53/execute/async - {"script":"<script> [2676 bytes]","args":[]}
RESULT: {"script":"<script> [2676 bytes]","args":[]}
COMMAND: POST /session/601af62cb68afff6944e8a635357ab53/execute/async - {"script":"<script> [2342 bytes]","args":[{"protocol":"http","hostname":"0.0.0.0","path":"/","capabilities":{"browserName":"chrome","goog:chromeOptions":{"binary":"C:\\Program Files\\Google\\Chrome\\Application\\chrome.exe","args":["--start-maximized"]}},"logLevel":"warn","connectionRetryTimeout":120000,"connectionRetryCount":3,"logLevels":{},"enableDirectConnect":true,"strictSSL":true,"_":"65 more keys: [\"cacheDir\",\"port\",\"requestedCapabilities\",\"automationProtocol\",\"baseUrl\",\"waitforInterval\",\"waitforTimeout\",\"onReload\",\"beforeCommand\",\"afterCommand\",\"rootDir\",\"specs\",\"suites\",\"exclude\",\"groupLogsByTestSpec\",\"excludeDriverLogs\",\"bail\",\"framework\",\"reporters\",\"services\",\"maxInstances\",\"maxInstancesPerCapability\",\"injectGlobals\",\"filesToWatch\",\"execArgv\",\"runnerEnv\",\"runner\",\"shard\",\"specFileRetries\",\"specFileRetriesDelay\",\"specFileRetriesDeferred\",\"reporterSyncInterval\",\"reporterSyncTimeout\",\"cucumberFeaturesWithLineNumbers\",\"autoCompileOpts\",\"mochaOpts\",\"jasmineOpts\",\"cucumberOpts\",\"onPrepare\",\"onWorkerStart\",\"onWorkerEnd\",\"before\",\"beforeSession\",\"beforeSuite\",\"beforeHook\",\"beforeTest\",\"afterTest\",\"afterHook\",\"afterSuite\",\"afterSession\",\"after\",\"onComplete\",\"beforeAssertion\",\"afterAssertion\",\"beforeFeature\",\"beforeScenario\",\"beforeStep\",\"afterStep\",\"afterScenario\",\"afterFeature\",\"_\",\"suite\",\"$0\",\"ignoredWorkerServices\",\"wdi5\"]"}]}
RESULT: {"script":"<script> [2342 bytes]","args":[{"protocol":"http","hostname":"0.0.0.0","path":"/","capabilities":{"browserName":"chrome","goog:chromeOptions":{"binary":"C:\\Program Files\\Google\\Chrome\\Application\\chrome.exe","args":["--start-maximized"]}},"logLevel":"warn","connectionRetryTimeout":120000,"connectionRetryCount":3,"logLevels":{},"enableDirectConnect":true,"strictSSL":true,"_":"65 more keys: [\"cacheDir\",\"port\",\"requestedCapabilities\",\"automationProtocol\",\"baseUrl\",\"waitforInterval\",\"waitforTimeout\",\"onReload\",\"beforeCommand\",\"afterCommand\",\"rootDir\",\"specs\",\"suites\",\"exclude\",\"groupLogsByTestSpec\",\"excludeDriverLogs\",\"bail\",\"framework\",\"reporters\",\"services\",\"maxInstances\",\"maxInstancesPerCapability\",\"injectGlobals\",\"filesToWatch\",\"execArgv\",\"runnerEnv\",\"runner\",\"shard\",\"specFileRetries\",\"specFileRetriesDelay\",\"specFileRetriesDeferred\",\"reporterSyncInterval\",\"reporterSyncTimeout\",\"cucumberFeaturesWithLineNumbers\",\"autoCompileOpts\",\"mochaOpts\",\"jasmineOpts\",\"cucumberOpts\",\"onPrepare\",\"onWorkerStart\",\"onWorkerEnd\",\"before\",\"beforeSession\",\"beforeSuite\",\"beforeHook\",\"beforeTest\",\"afterTest\",\"afterHook\",\"afterSuite\",\"afterSession\",\"after\",\"onComplete\",\"beforeAssertion\",\"afterAssertion\",\"beforeFeature\",\"beforeScenario\",\"beforeStep\",\"afterStep\",\"afterScenario\",\"afterFeature\",\"_\",\"suite\",\"$0\",\"ignoredWorkerServices\",\"wdi5\"]"}]}
COMMAND: POST /session/601af62cb68afff6944e8a635357ab53/execute/async - {"script":"<script> [21126 bytes]","args":[35000]}
RESULT: {"script":"<script> [21126 bytes]","args":[35000]}
COMMAND: POST /session/601af62cb68afff6944e8a635357ab53/window/maximize - {}
RESULT: {}
COMMAND: POST /session/601af62cb68afff6944e8a635357ab53/execute/async - {"script":"<script> [1562 bytes]","args":[{"selector":{"id":"shell-header","interaction":{"idSuffix":"icon"}},"wdio_ui5_key":"shellheader"}]}
COMMAND: GET /session/601af62cb68afff6944e8a635357ab53/screenshot - {}
RESULT: {"script":"<script> [1562 bytes]","args":[{"selector":{"id":"shell-header","interaction":{"idSuffix":"icon"}},"wdio_ui5_key":"shellheader"}]}
RESULT: undefined
COMMAND: POST /session/601af62cb68afff6944e8a635357ab53/refresh - {}
RESULT: {}
RESULT: {}
COMMAND: GET /session/601af62cb68afff6944e8a635357ab53/screenshot - {}
RESULT: {}
COMMAND: POST /session/601af62cb68afff6944e8a635357ab53/refresh - {}
RESULT: {}
COMMAND: GET /session/601af62cb68afff6944e8a635357ab53/screenshot - {}
RESULT: {}
COMMAND: POST /session/601af62cb68afff6944e8a635357ab53/window/fullscreen - {}
RESULT: {}
COMMAND: POST /session/601af62cb68afff6944e8a635357ab53/execute/async - {"script":"<script> [189 bytes]","args":[]}
RESULT: {"script":"<script> [189 bytes]","args":[]}
COMMAND: POST /session/601af62cb68afff6944e8a635357ab53/execute/async - {"script":"<script> [123 bytes]","args":[]}
RESULT: {"script":"<script> [123 bytes]","args":[]}
COMMAND: POST /session/601af62cb68afff6944e8a635357ab53/timeouts - {"script":"<number>"}
RESULT: {"script":"<number>"}
COMMAND: GET /session/601af62cb68afff6944e8a635357ab53/timeouts - {}
RESULT: {}
RESULT: undefined
COMMAND: POST /session/601af62cb68afff6944e8a635357ab53/execute/async - {"script":"<script> [2676 bytes]","args":[]}
RESULT: {"script":"<script> [2676 bytes]","args":[]}
COMMAND: POST /session/601af62cb68afff6944e8a635357ab53/execute/async - {"script":"<script> [2342 bytes]","args":[{"protocol":"http","hostname":"0.0.0.0","path":"/","capabilities":{"browserName":"chrome","goog:chromeOptions":{"binary":"C:\\Program Files\\Google\\Chrome\\Application\\chrome.exe","args":["--start-maximized"]}},"logLevel":"warn","connectionRetryTimeout":120000,"connectionRetryCount":3,"logLevels":{},"enableDirectConnect":true,"strictSSL":true,"_":"65 more keys: [\"cacheDir\",\"port\",\"requestedCapabilities\",\"automationProtocol\",\"baseUrl\",\"waitforInterval\",\"waitforTimeout\",\"onReload\",\"beforeCommand\",\"afterCommand\",\"rootDir\",\"specs\",\"suites\",\"exclude\",\"groupLogsByTestSpec\",\"excludeDriverLogs\",\"bail\",\"framework\",\"reporters\",\"services\",\"maxInstances\",\"maxInstancesPerCapability\",\"injectGlobals\",\"filesToWatch\",\"execArgv\",\"runnerEnv\",\"runner\",\"shard\",\"specFileRetries\",\"specFileRetriesDelay\",\"specFileRetriesDeferred\",\"reporterSyncInterval\",\"reporterSyncTimeout\",\"cucumberFeaturesWithLineNumbers\",\"autoCompileOpts\",\"mochaOpts\",\"jasmineOpts\",\"cucumberOpts\",\"onPrepare\",\"onWorkerStart\",\"onWorkerEnd\",\"before\",\"beforeSession\",\"beforeSuite\",\"beforeHook\",\"beforeTest\",\"afterTest\",\"afterHook\",\"afterSuite\",\"afterSession\",\"after\",\"onComplete\",\"beforeAssertion\",\"afterAssertion\",\"beforeFeature\",\"beforeScenario\",\"beforeStep\",\"afterStep\",\"afterScenario\",\"afterFeature\",\"_\",\"suite\",\"$0\",\"ignoredWorkerServices\",\"wdi5\"]"}]}
RESULT: {"script":"<script> [2342 bytes]","args":[{"protocol":"http","hostname":"0.0.0.0","path":"/","capabilities":{"browserName":"chrome","goog:chromeOptions":{"binary":"C:\\Program Files\\Google\\Chrome\\Application\\chrome.exe","args":["--start-maximized"]}},"logLevel":"warn","connectionRetryTimeout":120000,"connectionRetryCount":3,"logLevels":{},"enableDirectConnect":true,"strictSSL":true,"_":"65 more keys: [\"cacheDir\",\"port\",\"requestedCapabilities\",\"automationProtocol\",\"baseUrl\",\"waitforInterval\",\"waitforTimeout\",\"onReload\",\"beforeCommand\",\"afterCommand\",\"rootDir\",\"specs\",\"suites\",\"exclude\",\"groupLogsByTestSpec\",\"excludeDriverLogs\",\"bail\",\"framework\",\"reporters\",\"services\",\"maxInstances\",\"maxInstancesPerCapability\",\"injectGlobals\",\"filesToWatch\",\"execArgv\",\"runnerEnv\",\"runner\",\"shard\",\"specFileRetries\",\"specFileRetriesDelay\",\"specFileRetriesDeferred\",\"reporterSyncInterval\",\"reporterSyncTimeout\",\"cucumberFeaturesWithLineNumbers\",\"autoCompileOpts\",\"mochaOpts\",\"jasmineOpts\",\"cucumberOpts\",\"onPrepare\",\"onWorkerStart\",\"onWorkerEnd\",\"before\",\"beforeSession\",\"beforeSuite\",\"beforeHook\",\"beforeTest\",\"afterTest\",\"afterHook\",\"afterSuite\",\"afterSession\",\"after\",\"onComplete\",\"beforeAssertion\",\"afterAssertion\",\"beforeFeature\",\"beforeScenario\",\"beforeStep\",\"afterStep\",\"afterScenario\",\"afterFeature\",\"_\",\"suite\",\"$0\",\"ignoredWorkerServices\",\"wdi5\"]"}]}
COMMAND: POST /session/601af62cb68afff6944e8a635357ab53/execute/async - {"script":"<script> [21126 bytes]","args":[35000]}
RESULT: {"script":"<script> [21126 bytes]","args":[35000]}
]]></system-out>
    </testcase>
  </testsuite>
  <testsuite timestamp="2025-05-14T17:19:46" time="402" tests="8" failures="5" errors="5" skipped="0">
    <properties>
      <property name="specId" value="0" />
      <property name="suiteName" value="Return from Site w/ warehouse management w/ clarification US125588" />
      <property name="capabilities" value="chrome.136_0_7103_49.windows" />
      <property name="file" value="file:///D:/a/1/s/test/specs/HTR/return-from-site-w-warehouse-management-w-clarification.spec.js" />
    </properties>
    <testcase classname="chrome.136_0_7103_49.windows.Return_from_Site_w/_warehouse_management_w/_clarification_US125588" name="Should create a new WHM yard" time="0.011">
      <system-out><![CDATA[
COMMAND: POST /session/601af62cb68afff6944e8a635357ab53/window/fullscreen - {}
RESULT: {}
]]></system-out>
    </testcase>
    <testcase classname="chrome.136_0_7103_49.windows.Return_from_Site_w/_warehouse_management_w/_clarification_US125588" name="Should create a new external WHM partner" time="0.004" />
    <testcase classname="chrome.136_0_7103_49.windows.Return_from_Site_w/_warehouse_management_w/_clarification_US125588" name="Should create a new WHM site" time="0.003" />
  </testsuite>
  <testsuite timestamp="2025-05-14T17:26:28" time="447.723" tests="7" failures="7" errors="7" skipped="0">
    <properties>
      <property name="specId" value="0" />
      <property name="suiteName" value="Provide to Site w/ warehouse management w clarification" />
      <property name="capabilities" value="chrome.136_0_7103_49.windows" />
      <property name="file" value="file:///D:/a/1/s/test/specs/HTR/return-from-site-w-warehouse-management-w-clarification.spec.js" />
    </properties>
  </testsuite>
  <testsuite timestamp="2025-05-14T17:33:55" time="262.236" tests="9" failures="2" errors="2" skipped="0">
    <properties>
      <property name="specId" value="0" />
      <property name="suiteName" value="Create masterdata for Yard Overview - trigger provide US130988" />
      <property name="capabilities" value="chrome.136_0_7103_49.windows" />
      <property name="file" value="file:///D:/a/1/s/test/specs/HTR/stock-decrease.spec.js" />
    </properties>
    <testcase classname="chrome.136_0_7103_49.windows.Create_masterdata_for_Yard_Overview_-_trigger_provide_US130988" name="Should create a new WHM yard" time="0.009">
      <system-out><![CDATA[
COMMAND: POST /session/601af62cb68afff6944e8a635357ab53/window/fullscreen - {}
RESULT: {}
]]></system-out>
    </testcase>
    <testcase classname="chrome.136_0_7103_49.windows.Create_masterdata_for_Yard_Overview_-_trigger_provide_US130988" name="Should create a new partner" time="0.004" />
    <testcase classname="chrome.136_0_7103_49.windows.Create_masterdata_for_Yard_Overview_-_trigger_provide_US130988" name="Should create a new site" time="0.003" />
    <testcase classname="chrome.136_0_7103_49.windows.Create_masterdata_for_Yard_Overview_-_trigger_provide_US130988" name="Should create a new material" time="117.271">
      <system-out><![CDATA[
COMMAND: POST /session/601af62cb68afff6944e8a635357ab53/execute/async - {"script":"<script> [1562 bytes]","args":[{"selector":{"controlType":"sap.m.GenericTile","properties":{"header":"Manage Resources"}},"wdio_ui5_key":"sapm.GenericTile{\"header\":\"Manage Resources\"}"}]}
RESULT: {"script":"<script> [1562 bytes]","args":[{"selector":{"controlType":"sap.m.GenericTile","properties":{"header":"Manage Resources"}},"wdio_ui5_key":"sapm.GenericTile{\"header\":\"Manage Resources\"}"}]}
RESULT: undefined
COMMAND: POST /session/601af62cb68afff6944e8a635357ab53/element - {"using":"xpath","value":"//*[@id=\"__tile31\"]"}
RESULT: {"using":"xpath","value":"//*[@id=\"__tile31\"]"}
COMMAND: POST /session/601af62cb68afff6944e8a635357ab53/element/f.2CF887CE126DC6B338BD3A7C0EF1B7FC.d.15E604B972F87F98765DBEAAD1972801.e.19256/click - {}
RESULT: {}
COMMAND: GET /session/601af62cb68afff6944e8a635357ab53/screenshot - {}
RESULT: {}
COMMAND: POST /session/601af62cb68afff6944e8a635357ab53/elements - {"using":"xpath","value":"//span[text()='Error']"}
RESULT: {"using":"xpath","value":"//span[text()='Error']"}
COMMAND: POST /session/601af62cb68afff6944e8a635357ab53/element - {"using":"xpath","value":"//button[@data-kt=\"addNewRUOverflowToolbarButton\"]"}
RESULT: {"using":"xpath","value":"//button[@data-kt=\"addNewRUOverflowToolbarButton\"]"}
COMMAND: POST /session/601af62cb68afff6944e8a635357ab53/elements - {"using":"xpath","value":"//button[@data-kt=\"addNewRUOverflowToolbarButton\"]"}
RESULT: {"using":"xpath","value":"//button[@data-kt=\"addNewRUOverflowToolbarButton\"]"}
COMMAND: POST /session/601af62cb68afff6944e8a635357ab53/elements - {"using":"xpath","value":"//button[@data-kt=\"addNewRUOverflowToolbarButton\"]"}
RESULT: {"using":"xpath","value":"//button[@data-kt=\"addNewRUOverflowToolbarButton\"]"}
COMMAND: POST /session/601af62cb68afff6944e8a635357ab53/elements - {"using":"xpath","value":"//button[@data-kt=\"addNewRUOverflowToolbarButton\"]"}
RESULT: {"using":"xpath","value":"//button[@data-kt=\"addNewRUOverflowToolbarButton\"]"}
COMMAND: POST /session/601af62cb68afff6944e8a635357ab53/element - {"using":"xpath","value":"//button[@data-kt=\"addNewRUOverflowToolbarButton\"]"}
RESULT: {"using":"xpath","value":"//button[@data-kt=\"addNewRUOverflowToolbarButton\"]"}
COMMAND: POST /session/601af62cb68afff6944e8a635357ab53/execute/sync - {"script":"<script> [8489 bytes]","args":[{"element-6066-11e4-a52e-4f735466cecf":"f.2CF887CE126DC6B338BD3A7C0EF1B7FC.d.15E604B972F87F98765DBEAAD1972801.e.19384","ELEMENT":"f.2CF887CE126DC6B338BD3A7C0EF1B7FC.d.15E604B972F87F98765DBEAAD1972801.e.19384"}]}
RESULT: {"script":"<script> [8489 bytes]","args":[{"element-6066-11e4-a52e-4f735466cecf":"f.2CF887CE126DC6B338BD3A7C0EF1B7FC.d.15E604B972F87F98765DBEAAD1972801.e.19384","ELEMENT":"f.2CF887CE126DC6B338BD3A7C0EF1B7FC.d.15E604B972F87F98765DBEAAD1972801.e.19384"}]}
COMMAND: GET /session/601af62cb68afff6944e8a635357ab53/element/f.2CF887CE126DC6B338BD3A7C0EF1B7FC.d.15E604B972F87F98765DBEAAD1972801.e.19384/enabled - {}
COMMAND: GET /session/601af62cb68afff6944e8a635357ab53/screenshot - {}
RESULT: {}
COMMAND: POST /session/601af62cb68afff6944e8a635357ab53/execute/sync - {"script":"<script> [8489 bytes]","args":[{"element-6066-11e4-a52e-4f735466cecf":"f.2CF887CE126DC6B338BD3A7C0EF1B7FC.d.15E604B972F87F98765DBEAAD1972801.e.19384","ELEMENT":"f.2CF887CE126DC6B338BD3A7C0EF1B7FC.d.15E604B972F87F98765DBEAAD1972801.e.19384"}]}
COMMAND: GET /session/601af62cb68afff6944e8a635357ab53/screenshot - {}
RESULT: {}
RESULT: {"script":"<script> [8489 bytes]","args":[{"element-6066-11e4-a52e-4f735466cecf":"f.2CF887CE126DC6B338BD3A7C0EF1B7FC.d.15E604B972F87F98765DBEAAD1972801.e.19384","ELEMENT":"f.2CF887CE126DC6B338BD3A7C0EF1B7FC.d.15E604B972F87F98765DBEAAD1972801.e.19384"}]}
COMMAND: POST /session/601af62cb68afff6944e8a635357ab53/execute/sync - {"script":"<script> [5351 bytes]","args":[{"element-6066-11e4-a52e-4f735466cecf":"f.2CF887CE126DC6B338BD3A7C0EF1B7FC.d.15E604B972F87F98765DBEAAD1972801.e.19384","ELEMENT":"f.2CF887CE126DC6B338BD3A7C0EF1B7FC.d.15E604B972F87F98765DBEAAD1972801.e.19384"}]}
COMMAND: GET /session/601af62cb68afff6944e8a635357ab53/screenshot - {}
RESULT: {}
RESULT: {"script":"<script> [5351 bytes]","args":[{"element-6066-11e4-a52e-4f735466cecf":"f.2CF887CE126DC6B338BD3A7C0EF1B7FC.d.15E604B972F87F98765DBEAAD1972801.e.19384","ELEMENT":"f.2CF887CE126DC6B338BD3A7C0EF1B7FC.d.15E604B972F87F98765DBEAAD1972801.e.19384"}]}
COMMAND: POST /session/601af62cb68afff6944e8a635357ab53/element/f.2CF887CE126DC6B338BD3A7C0EF1B7FC.d.15E604B972F87F98765DBEAAD1972801.e.19384/click - {}
COMMAND: GET /session/601af62cb68afff6944e8a635357ab53/screenshot - {}
RESULT: {}
RESULT: {}
COMMAND: GET /session/601af62cb68afff6944e8a635357ab53/screenshot - {}
RESULT: {}
RESULT: {}
COMMAND: POST /session/601af62cb68afff6944e8a635357ab53/execute/async - {"script":"<script> [1562 bytes]","args":[{"selector":{"id":"application-manageresources-display-component---newResourceUnit--TYPE-arrow"},"wdio_ui5_key":"applicationmanageresources-display-component---newResourceUnit--TYPE-arrow"}]}
RESULT: {"script":"<script> [1562 bytes]","args":[{"selector":{"id":"application-manageresources-display-component---newResourceUnit--TYPE-arrow"},"wdio_ui5_key":"applicationmanageresources-display-component---newResourceUnit--TYPE-arrow"}]}
RESULT: undefined
COMMAND: POST /session/601af62cb68afff6944e8a635357ab53/element - {"using":"xpath","value":"//*[@id=\"application-manageresources-display-component---newResourceUnit--TYPE-arrow\"]"}
RESULT: {"using":"xpath","value":"//*[@id=\"application-manageresources-display-component---newResourceUnit--TYPE-arrow\"]"}
COMMAND: POST /session/601af62cb68afff6944e8a635357ab53/element/f.2CF887CE126DC6B338BD3A7C0EF1B7FC.d.15E604B972F87F98765DBEAAD1972801.e.19751/click - {}
RESULT: {}
COMMAND: POST /session/601af62cb68afff6944e8a635357ab53/element - {"using":"xpath","value":"//input[@id=\"application-manageresources-display-component---newResourceUnit--TYPE-inner\"]"}
COMMAND: GET /session/601af62cb68afff6944e8a635357ab53/screenshot - {}
RESULT: {"using":"xpath","value":"//input[@id=\"application-manageresources-display-component---newResourceUnit--TYPE-inner\"]"}
COMMAND: POST /session/601af62cb68afff6944e8a635357ab53/element/f.2CF887CE126DC6B338BD3A7C0EF1B7FC.d.15E604B972F87F98765DBEAAD1972801.e.19733/clear - {}
RESULT: {}
RESULT: {}
COMMAND: POST /session/601af62cb68afff6944e8a635357ab53/element/f.2CF887CE126DC6B338BD3A7C0EF1B7FC.d.15E604B972F87F98765DBEAAD1972801.e.19733/value - {"text":"Material"}
COMMAND: GET /session/601af62cb68afff6944e8a635357ab53/screenshot - {}
RESULT: {"text":"Material"}
COMMAND: GET /session/601af62cb68afff6944e8a635357ab53/screenshot - {}
RESULT: {}
RESULT: {}
COMMAND: POST /session/601af62cb68afff6944e8a635357ab53/actions - {"actions":[{"id":"action58","type":"key","parameters":{},"actions":[{"type":"keyDown","value":"î€‡"},{"type":"pause","duration":10},{"type":"keyUp","value":"î€‡"}]}]}
RESULT: {"actions":[{"id":"action58","type":"key","parameters":{},"actions":[{"type":"keyDown","value":"î€‡"},{"type":"pause","duration":10},{"type":"keyUp","value":"î€‡"}]}]}
COMMAND: POST /session/601af62cb68afff6944e8a635357ab53/execute/async - {"script":"<script> [1562 bytes]","args":[{"selector":{"id":"application-manageresources-display-component---newResourceUnit--SHORT_TEXT","interaction":{"idSuffix":"inner"}},"wdio_ui5_key":"applicationmanageresources-display-component---newResourceUnit--SHORT_TEXT"}]}
COMMAND: GET /session/601af62cb68afff6944e8a635357ab53/screenshot - {}
RESULT: {"script":"<script> [1562 bytes]","args":[{"selector":{"id":"application-manageresources-display-component---newResourceUnit--SHORT_TEXT","interaction":{"idSuffix":"inner"}},"wdio_ui5_key":"applicationmanageresources-display-component---newResourceUnit--SHORT_TEXT"}]}
RESULT: undefined
COMMAND: POST /session/601af62cb68afff6944e8a635357ab53/execute/async - {"script":"<script> [776 bytes]","args":[{"enterText":"Cement WDIO","selector":{"id":"application-manageresources-display-component---newResourceUnit--SHORT_TEXT","interaction":{"idSuffix":"inner"}},"clearTextFirst":true,"interactionType":"ENTER_TEXT"}]}
RESULT: {}
RESULT: {"script":"<script> [776 bytes]","args":[{"enterText":"Cement WDIO","selector":{"id":"application-manageresources-display-component---newResourceUnit--SHORT_TEXT","interaction":{"idSuffix":"inner"}},"clearTextFirst":true,"interactionType":"ENTER_TEXT"}]}
COMMAND: POST /session/601af62cb68afff6944e8a635357ab53/execute/async - {"script":"<script> [1562 bytes]","args":[{"selector":{"id":"application-manageresources-display-component---newResourceUnit--BASE_UNIT_OF_MEASURE","interaction":{"idSuffix":"inner"}},"wdio_ui5_key":"applicationmanageresources-display-component---newResourceUnit--BASE_UNIT_OF_MEASURE"}]}
RESULT: {"script":"<script> [1562 bytes]","args":[{"selector":{"id":"application-manageresources-display-component---newResourceUnit--BASE_UNIT_OF_MEASURE","interaction":{"idSuffix":"inner"}},"wdio_ui5_key":"applicationmanageresources-display-component---newResourceUnit--BASE_UNIT_OF_MEASURE"}]}
RESULT: undefined
COMMAND: POST /session/601af62cb68afff6944e8a635357ab53/execute/async - {"script":"<script> [776 bytes]","args":[{"enterText":"Piece","selector":{"id":"application-manageresources-display-component---newResourceUnit--BASE_UNIT_OF_MEASURE","interaction":{"idSuffix":"inner"}},"clearTextFirst":true,"interactionType":"ENTER_TEXT"}]}
RESULT: {"script":"<script> [776 bytes]","args":[{"enterText":"Piece","selector":{"id":"application-manageresources-display-component---newResourceUnit--BASE_UNIT_OF_MEASURE","interaction":{"idSuffix":"inner"}},"clearTextFirst":true,"interactionType":"ENTER_TEXT"}]}
COMMAND: POST /session/601af62cb68afff6944e8a635357ab53/execute/async - {"script":"<script> [1562 bytes]","args":[{"selector":{"id":"application-manageresources-display-component---newResourceUnit--WEIGHT_UNIT","interaction":{"idSuffix":"inner"}},"wdio_ui5_key":"applicationmanageresources-display-component---newResourceUnit--WEIGHT_UNIT"}]}
RESULT: {"script":"<script> [1562 bytes]","args":[{"selector":{"id":"application-manageresources-display-component---newResourceUnit--WEIGHT_UNIT","interaction":{"idSuffix":"inner"}},"wdio_ui5_key":"applicationmanageresources-display-component---newResourceUnit--WEIGHT_UNIT"}]}
RESULT: undefined
COMMAND: POST /session/601af62cb68afff6944e8a635357ab53/execute/async - {"script":"<script> [776 bytes]","args":[{"enterText":"Gram","selector":{"id":"application-manageresources-display-component---newResourceUnit--WEIGHT_UNIT","interaction":{"idSuffix":"inner"}},"clearTextFirst":true,"interactionType":"ENTER_TEXT"}]}
RESULT: {"script":"<script> [776 bytes]","args":[{"enterText":"Gram","selector":{"id":"application-manageresources-display-component---newResourceUnit--WEIGHT_UNIT","interaction":{"idSuffix":"inner"}},"clearTextFirst":true,"interactionType":"ENTER_TEXT"}]}
COMMAND: POST /session/601af62cb68afff6944e8a635357ab53/execute/async - {"script":"<script> [1562 bytes]","args":[{"selector":{"id":"application-manageresources-display-component---newResourceUnit--DIMENSION_UNIT","interaction":{"idSuffix":"inner"}},"wdio_ui5_key":"applicationmanageresources-display-component---newResourceUnit--DIMENSION_UNIT"}]}
RESULT: {"script":"<script> [1562 bytes]","args":[{"selector":{"id":"application-manageresources-display-component---newResourceUnit--DIMENSION_UNIT","interaction":{"idSuffix":"inner"}},"wdio_ui5_key":"applicationmanageresources-display-component---newResourceUnit--DIMENSION_UNIT"}]}
RESULT: undefined
COMMAND: POST /session/601af62cb68afff6944e8a635357ab53/execute/async - {"script":"<script> [776 bytes]","args":[{"enterText":"Meter","selector":{"id":"application-manageresources-display-component---newResourceUnit--DIMENSION_UNIT","interaction":{"idSuffix":"inner"}},"clearTextFirst":true,"interactionType":"ENTER_TEXT"}]}
RESULT: {"script":"<script> [776 bytes]","args":[{"enterText":"Meter","selector":{"id":"application-manageresources-display-component---newResourceUnit--DIMENSION_UNIT","interaction":{"idSuffix":"inner"}},"clearTextFirst":true,"interactionType":"ENTER_TEXT"}]}
COMMAND: POST /session/601af62cb68afff6944e8a635357ab53/execute/async - {"script":"<script> [1562 bytes]","args":[{"selector":{"id":"application-manageresources-display-component---newResourceUnit--newRRUPage-anchBar-application-manageresources-display-component---newResourceUnit--control-anchor","interaction":{"idSuffix":"BDI-content"}},"wdio_ui5_key":"applicationmanageresources-display-component---newResourceUnit--newRRUPage-anchBar-application-manageresources-display-component---newResourceUnit--control-anchor"}]}
RESULT: {"script":"<script> [1562 bytes]","args":[{"selector":{"id":"application-manageresources-display-component---newResourceUnit--newRRUPage-anchBar-application-manageresources-display-component---newResourceUnit--control-anchor","interaction":{"idSuffix":"BDI-content"}},"wdio_ui5_key":"applicationmanageresources-display-component---newResourceUnit--newRRUPage-anchBar-application-manageresources-display-component---newResourceUnit--control-anchor"}]}
RESULT: undefined
COMMAND: POST /session/601af62cb68afff6944e8a635357ab53/element - {"using":"xpath","value":"//*[@id=\"application-manageresources-display-component---newResourceUnit--newRRUPage-anchBar-application-manageresources-display-component---newResourceUnit--control-anchor\"]"}
RESULT: {"using":"xpath","value":"//*[@id=\"application-manageresources-display-component---newResourceUnit--newRRUPage-anchBar-application-manageresources-display-component---newResourceUnit--control-anchor\"]"}
COMMAND: POST /session/601af62cb68afff6944e8a635357ab53/element/f.2CF887CE126DC6B338BD3A7C0EF1B7FC.d.15E604B972F87F98765DBEAAD1972801.e.19816/click - {}
RESULT: {}
COMMAND: POST /session/601af62cb68afff6944e8a635357ab53/execute/async - {"script":"<script> [1562 bytes]","args":[{"selector":{"id":"application-manageresources-display-component---newResourceUnit--PLANNING_GROUP","interaction":{"idSuffix":"inner"}},"wdio_ui5_key":"applicationmanageresources-display-component---newResourceUnit--PLANNING_GROUP"}]}
COMMAND: GET /session/601af62cb68afff6944e8a635357ab53/screenshot - {}
RESULT: {"script":"<script> [1562 bytes]","args":[{"selector":{"id":"application-manageresources-display-component---newResourceUnit--PLANNING_GROUP","interaction":{"idSuffix":"inner"}},"wdio_ui5_key":"applicationmanageresources-display-component---newResourceUnit--PLANNING_GROUP"}]}
RESULT: undefined
COMMAND: POST /session/601af62cb68afff6944e8a635357ab53/execute/async - {"script":"<script> [776 bytes]","args":[{"enterText":"Material","selector":{"id":"application-manageresources-display-component---newResourceUnit--PLANNING_GROUP","interaction":{"idSuffix":"inner"}},"clearTextFirst":true,"interactionType":"ENTER_TEXT"}]}
RESULT: {}
RESULT: {"script":"<script> [776 bytes]","args":[{"enterText":"Material","selector":{"id":"application-manageresources-display-component---newResourceUnit--PLANNING_GROUP","interaction":{"idSuffix":"inner"}},"clearTextFirst":true,"interactionType":"ENTER_TEXT"}]}
COMMAND: POST /session/601af62cb68afff6944e8a635357ab53/execute/async - {"script":"<script> [1562 bytes]","args":[{"selector":{"id":"application-manageresources-display-component---newResourceUnit--PLANNING_INDICATOR","interaction":{"idSuffix":"inner"}},"wdio_ui5_key":"applicationmanageresources-display-component---newResourceUnit--PLANNING_INDICATOR"}]}
RESULT: {"script":"<script> [1562 bytes]","args":[{"selector":{"id":"application-manageresources-display-component---newResourceUnit--PLANNING_INDICATOR","interaction":{"idSuffix":"inner"}},"wdio_ui5_key":"applicationmanageresources-display-component---newResourceUnit--PLANNING_INDICATOR"}]}
RESULT: undefined
COMMAND: POST /session/601af62cb68afff6944e8a635357ab53/execute/async - {"script":"<script> [776 bytes]","args":[{"enterText":"10 - infinite","selector":{"id":"application-manageresources-display-component---newResourceUnit--PLANNING_INDICATOR","interaction":{"idSuffix":"inner"}},"clearTextFirst":true,"interactionType":"ENTER_TEXT"}]}
RESULT: {"script":"<script> [776 bytes]","args":[{"enterText":"10 - infinite","selector":{"id":"application-manageresources-display-component---newResourceUnit--PLANNING_INDICATOR","interaction":{"idSuffix":"inner"}},"clearTextFirst":true,"interactionType":"ENTER_TEXT"}]}
COMMAND: POST /session/601af62cb68afff6944e8a635357ab53/element - {"using":"css selector","value":"#application-manageresources-display-component---newResourceUnit--btnAddTimeSegment"}
RESULT: {"using":"css selector","value":"#application-manageresources-display-component---newResourceUnit--btnAddTimeSegment"}
COMMAND: GET /session/601af62cb68afff6944e8a635357ab53/element/f.2CF887CE126DC6B338BD3A7C0EF1B7FC.d.15E604B972F87F98765DBEAAD1972801.e.19825/rect - {}
RESULT: {}
COMMAND: GET /session/601af62cb68afff6944e8a635357ab53/window/rect - {}
RESULT: {}
COMMAND: POST /session/601af62cb68afff6944e8a635357ab53/execute/sync - {"script":"<script> [92 bytes]","args":[]}
RESULT: {"script":"<script> [92 bytes]","args":[]}
COMMAND: POST /session/601af62cb68afff6944e8a635357ab53/actions - {"actions":[{"id":"action59","type":"wheel","parameters":{},"actions":[{"type":"scroll","x":-1888,"y":-32,"deltaX":0,"deltaY":0,"duration":0,"origin":{"element-6066-11e4-a52e-4f735466cecf":"f.2CF887CE126DC6B338BD3A7C0EF1B7FC.d.15E604B972F87F98765DBEAAD1972801.e.19825"}}]}]}
COMMAND: GET /session/601af62cb68afff6944e8a635357ab53/screenshot - {}
RESULT: {}
COMMAND: POST /session/601af62cb68afff6944e8a635357ab53/execute/sync - {"script":"<script> [79 bytes]","args":[{"element-6066-11e4-a52e-4f735466cecf":"f.2CF887CE126DC6B338BD3A7C0EF1B7FC.d.15E604B972F87F98765DBEAAD1972801.e.19825","ELEMENT":"f.2CF887CE126DC6B338BD3A7C0EF1B7FC.d.15E604B972F87F98765DBEAAD1972801.e.19825"},{"block":"start","inline":"nearest"}]}
RESULT: {"script":"<script> [79 bytes]","args":[{"element-6066-11e4-a52e-4f735466cecf":"f.2CF887CE126DC6B338BD3A7C0EF1B7FC.d.15E604B972F87F98765DBEAAD1972801.e.19825","ELEMENT":"f.2CF887CE126DC6B338BD3A7C0EF1B7FC.d.15E604B972F87F98765DBEAAD1972801.e.19825"},{"block":"start","inline":"nearest"}]}
COMMAND: POST /session/601af62cb68afff6944e8a635357ab53/execute/async - {"script":"<script> [1562 bytes]","args":[{"selector":{"id":"application-manageresources-display-component---newResourceUnit--btnAddTimeSegment","interaction":{"idSuffix":"inner"}},"wdio_ui5_key":"applicationmanageresources-display-component---newResourceUnit--btnAddTimeSegment"}]}
COMMAND: GET /session/601af62cb68afff6944e8a635357ab53/screenshot - {}
RESULT: {"script":"<script> [1562 bytes]","args":[{"selector":{"id":"application-manageresources-display-component---newResourceUnit--btnAddTimeSegment","interaction":{"idSuffix":"inner"}},"wdio_ui5_key":"applicationmanageresources-display-component---newResourceUnit--btnAddTimeSegment"}]}
RESULT: undefined
COMMAND: POST /session/601af62cb68afff6944e8a635357ab53/element - {"using":"xpath","value":"//*[@id=\"application-manageresources-display-component---newResourceUnit--btnAddTimeSegment\"]"}
RESULT: {}
RESULT: {"using":"xpath","value":"//*[@id=\"application-manageresources-display-component---newResourceUnit--btnAddTimeSegment\"]"}
COMMAND: POST /session/601af62cb68afff6944e8a635357ab53/element/f.2CF887CE126DC6B338BD3A7C0EF1B7FC.d.15E604B972F87F98765DBEAAD1972801.e.19825/click - {}
RESULT: {}
COMMAND: GET /session/601af62cb68afff6944e8a635357ab53/screenshot - {}
RESULT: {}
COMMAND: POST /session/601af62cb68afff6944e8a635357ab53/element - {"using":"xpath","value":"//input[@id=\"application-manageresources-display-component---newResourceUnit--idRuTSAdmin-application-manageresources-display-component---newResourceUnit--RUTimeSegment-0-inner\"]"}
RESULT: {"using":"xpath","value":"//input[@id=\"application-manageresources-display-component---newResourceUnit--idRuTSAdmin-application-manageresources-display-component---newResourceUnit--RUTimeSegment-0-inner\"]"}
COMMAND: POST /session/601af62cb68afff6944e8a635357ab53/element/f.2CF887CE126DC6B338BD3A7C0EF1B7FC.d.15E604B972F87F98765DBEAAD1972801.e.19830/clear - {}
RESULT: {}
COMMAND: POST /session/601af62cb68afff6944e8a635357ab53/element/f.2CF887CE126DC6B338BD3A7C0EF1B7FC.d.15E604B972F87F98765DBEAAD1972801.e.19830/value - {"text":"356"}
COMMAND: GET /session/601af62cb68afff6944e8a635357ab53/screenshot - {}
RESULT: {"text":"356"}
COMMAND: GET /session/601af62cb68afff6944e8a635357ab53/screenshot - {}
RESULT: {}
RESULT: {}
COMMAND: POST /session/601af62cb68afff6944e8a635357ab53/element - {"using":"xpath","value":"//li[.//span[text()='356']]"}
RESULT: {"using":"xpath","value":"//li[.//span[text()='356']]"}
COMMAND: POST /session/601af62cb68afff6944e8a635357ab53/element/f.2CF887CE126DC6B338BD3A7C0EF1B7FC.d.15E604B972F87F98765DBEAAD1972801.e.19838/click - {}
RESULT: {}
COMMAND: GET /session/601af62cb68afff6944e8a635357ab53/screenshot - {}
RESULT: {}
COMMAND: POST /session/601af62cb68afff6944e8a635357ab53/element - {"using":"xpath","value":"(//span[contains(@id, \"-application-manageresources-display-component---newResourceUnit--RUTimeSegment-0-arrow\")])[2]"}
RESULT: {"using":"xpath","value":"(//span[contains(@id, \"-application-manageresources-display-component---newResourceUnit--RUTimeSegment-0-arrow\")])[2]"}
COMMAND: POST /session/601af62cb68afff6944e8a635357ab53/element/f.2CF887CE126DC6B338BD3A7C0EF1B7FC.d.15E604B972F87F98765DBEAAD1972801.e.19839/click - {}
RESULT: {}
COMMAND: POST /session/601af62cb68afff6944e8a635357ab53/element - {"using":"xpath","value":"//span[contains(text(), \"PM Order\")]"}
COMMAND: GET /session/601af62cb68afff6944e8a635357ab53/screenshot - {}
RESULT: {"using":"xpath","value":"//span[contains(text(), \"PM Order\")]"}
COMMAND: POST /session/601af62cb68afff6944e8a635357ab53/element/f.2CF887CE126DC6B338BD3A7C0EF1B7FC.d.15E604B972F87F98765DBEAAD1972801.e.19840/click - {}
RESULT: {}
RESULT: {}
COMMAND: GET /session/601af62cb68afff6944e8a635357ab53/screenshot - {}
RESULT: {}
COMMAND: POST /session/601af62cb68afff6944e8a635357ab53/element - {"using":"xpath","value":"//td/div/div/div/span[contains(@id, \"newResourceUnit--RUTimeSegment-0-vhi\")][1]"}
RESULT: {"using":"xpath","value":"//td/div/div/div/span[contains(@id, \"newResourceUnit--RUTimeSegment-0-vhi\")][1]"}
COMMAND: GET /session/601af62cb68afff6944e8a635357ab53/element/f.2CF887CE126DC6B338BD3A7C0EF1B7FC.d.15E604B972F87F98765DBEAAD1972801.e.19844/rect - {}
RESULT: {}
COMMAND: GET /session/601af62cb68afff6944e8a635357ab53/window/rect - {}
RESULT: {}
COMMAND: POST /session/601af62cb68afff6944e8a635357ab53/execute/sync - {"script":"<script> [92 bytes]","args":[]}
RESULT: {"script":"<script> [92 bytes]","args":[]}
COMMAND: POST /session/601af62cb68afff6944e8a635357ab53/actions - {"actions":[{"id":"action60","type":"wheel","parameters":{},"actions":[{"type":"scroll","x":-1888,"y":-24,"deltaX":0,"deltaY":0,"duration":0,"origin":{"element-6066-11e4-a52e-4f735466cecf":"f.2CF887CE126DC6B338BD3A7C0EF1B7FC.d.15E604B972F87F98765DBEAAD1972801.e.19844"}}]}]}
COMMAND: GET /session/601af62cb68afff6944e8a635357ab53/screenshot - {}
RESULT: {}
COMMAND: POST /session/601af62cb68afff6944e8a635357ab53/execute/sync - {"script":"<script> [79 bytes]","args":[{"element-6066-11e4-a52e-4f735466cecf":"f.2CF887CE126DC6B338BD3A7C0EF1B7FC.d.15E604B972F87F98765DBEAAD1972801.e.19844","ELEMENT":"f.2CF887CE126DC6B338BD3A7C0EF1B7FC.d.15E604B972F87F98765DBEAAD1972801.e.19844"},{"block":"start","inline":"nearest"}]}
RESULT: {"script":"<script> [79 bytes]","args":[{"element-6066-11e4-a52e-4f735466cecf":"f.2CF887CE126DC6B338BD3A7C0EF1B7FC.d.15E604B972F87F98765DBEAAD1972801.e.19844","ELEMENT":"f.2CF887CE126DC6B338BD3A7C0EF1B7FC.d.15E604B972F87F98765DBEAAD1972801.e.19844"},{"block":"start","inline":"nearest"}]}
COMMAND: GET /session/601af62cb68afff6944e8a635357ab53/screenshot - {}
RESULT: {}
COMMAND: POST /session/601af62cb68afff6944e8a635357ab53/element/f.2CF887CE126DC6B338BD3A7C0EF1B7FC.d.15E604B972F87F98765DBEAAD1972801.e.19844/click - {}
RESULT: {}
COMMAND: GET /session/601af62cb68afff6944e8a635357ab53/screenshot - {}
RESULT: {}
COMMAND: POST /session/601af62cb68afff6944e8a635357ab53/execute/async - {"script":"<script> [1562 bytes]","args":[{"selector":{"controlType":"sap.m.SearchField","properties":{"placeholder":"Search"},"searchOpenDialogs":true,"interaction":{"idSuffix":"I"}},"wdio_ui5_key":"sapm.SearchField{\"placeholder\":\"Search\"}"}]}
RESULT: {"script":"<script> [1562 bytes]","args":[{"selector":{"controlType":"sap.m.SearchField","properties":{"placeholder":"Search"},"searchOpenDialogs":true,"interaction":{"idSuffix":"I"}},"wdio_ui5_key":"sapm.SearchField{\"placeholder\":\"Search\"}"}]}
RESULT: undefined
COMMAND: POST /session/601af62cb68afff6944e8a635357ab53/execute/async - {"script":"<script> [776 bytes]","args":[{"enterText":"4000360","selector":{"controlType":"sap.m.SearchField","properties":{"placeholder":"Search"},"searchOpenDialogs":true,"interaction":{"idSuffix":"I"}},"clearTextFirst":true,"interactionType":"ENTER_TEXT"}]}
RESULT: {"script":"<script> [776 bytes]","args":[{"enterText":"4000360","selector":{"controlType":"sap.m.SearchField","properties":{"placeholder":"Search"},"searchOpenDialogs":true,"interaction":{"idSuffix":"I"}},"clearTextFirst":true,"interactionType":"ENTER_TEXT"}]}
COMMAND: POST /session/601af62cb68afff6944e8a635357ab53/actions - {"actions":[{"id":"action61","type":"key","parameters":{},"actions":[{"type":"keyDown","value":"î€‡"},{"type":"pause","duration":10},{"type":"keyUp","value":"î€‡"}]}]}
RESULT: {"actions":[{"id":"action61","type":"key","parameters":{},"actions":[{"type":"keyDown","value":"î€‡"},{"type":"pause","duration":10},{"type":"keyUp","value":"î€‡"}]}]}
COMMAND: GET /session/601af62cb68afff6944e8a635357ab53/screenshot - {}
RESULT: {}
COMMAND: POST /session/601af62cb68afff6944e8a635357ab53/element - {"using":"xpath","value":"//td/div/span[contains(text(), \"BGL Vehicles\")]"}
RESULT: {"using":"xpath","value":"//td/div/span[contains(text(), \"BGL Vehicles\")]"}
COMMAND: POST /session/601af62cb68afff6944e8a635357ab53/element/f.2CF887CE126DC6B338BD3A7C0EF1B7FC.d.15E604B972F87F98765DBEAAD1972801.e.19864/click - {}
RESULT: {}
COMMAND: GET /session/601af62cb68afff6944e8a635357ab53/screenshot - {}
RESULT: {}
COMMAND: POST /session/601af62cb68afff6944e8a635357ab53/element - {"using":"xpath","value":"//bdi[contains(text(), \"OK\")]"}
RESULT: {"using":"xpath","value":"//bdi[contains(text(), \"OK\")]"}
COMMAND: POST /session/601af62cb68afff6944e8a635357ab53/element/f.2CF887CE126DC6B338BD3A7C0EF1B7FC.d.15E604B972F87F98765DBEAAD1972801.e.19865/click - {}
RESULT: {}
COMMAND: GET /session/601af62cb68afff6944e8a635357ab53/screenshot - {}
RESULT: {}
COMMAND: POST /session/601af62cb68afff6944e8a635357ab53/element - {"using":"xpath","value":"//label[contains(@class, 'sapMLabelRequired') and .//bdi[contains(text(), 'Planned Retirement')]]"}
RESULT: {"using":"xpath","value":"//label[contains(@class, 'sapMLabelRequired') and .//bdi[contains(text(), 'Planned Retirement')]]"}
COMMAND: POST /session/601af62cb68afff6944e8a635357ab53/elements - {"using":"xpath","value":"//label[contains(@class, 'sapMLabelRequired') and .//bdi[contains(text(), 'Planned Retirement')]]"}
RESULT: {"using":"xpath","value":"//label[contains(@class, 'sapMLabelRequired') and .//bdi[contains(text(), 'Planned Retirement')]]"}
COMMAND: POST /session/601af62cb68afff6944e8a635357ab53/element - {"using":"xpath","value":"//button[@data-kt=\"resourceUnitSaveButton\"]"}
RESULT: {"using":"xpath","value":"//button[@data-kt=\"resourceUnitSaveButton\"]"}
COMMAND: POST /session/601af62cb68afff6944e8a635357ab53/element/f.2CF887CE126DC6B338BD3A7C0EF1B7FC.d.15E604B972F87F98765DBEAAD1972801.e.19768/click - {}
RESULT: {}
COMMAND: GET /session/601af62cb68afff6944e8a635357ab53/screenshot - {}
RESULT: {}
COMMAND: POST /session/601af62cb68afff6944e8a635357ab53/element - {"using":"xpath","value":"//bdi[contains(text(), \"Close\")]"}
RESULT: {"using":"xpath","value":"//bdi[contains(text(), \"Close\")]"}
COMMAND: POST /session/601af62cb68afff6944e8a635357ab53/element/f.2CF887CE126DC6B338BD3A7C0EF1B7FC.d.15E604B972F87F98765DBEAAD1972801.e.19871/click - {}
RESULT: {}
COMMAND: GET /session/601af62cb68afff6944e8a635357ab53/screenshot - {}
RESULT: {}
COMMAND: POST /session/601af62cb68afff6944e8a635357ab53/element - {"using":"xpath","value":"//header[contains(@id, 'detailRruPage-headerTitle')]/div[1]/div[2]/div[2]/span[1]"}
RESULT: {"using":"xpath","value":"//header[contains(@id, 'detailRruPage-headerTitle')]/div[1]/div[2]/div[2]/span[1]"}
COMMAND: POST /session/601af62cb68afff6944e8a635357ab53/elements - {"using":"xpath","value":"//header[contains(@id, 'detailRruPage-headerTitle')]/div[1]/div[2]/div[2]/span[1]"}
RESULT: {"using":"xpath","value":"//header[contains(@id, 'detailRruPage-headerTitle')]/div[1]/div[2]/div[2]/span[1]"}
COMMAND: POST /session/601af62cb68afff6944e8a635357ab53/execute/sync - {"script":"<script> [56 bytes]","args":[{"element-6066-11e4-a52e-4f735466cecf":"f.2CF887CE126DC6B338BD3A7C0EF1B7FC.d.15E604B972F87F98765DBEAAD1972801.e.19902","ELEMENT":"f.2CF887CE126DC6B338BD3A7C0EF1B7FC.d.15E604B972F87F98765DBEAAD1972801.e.19902"}]}
RESULT: {"script":"<script> [56 bytes]","args":[{"element-6066-11e4-a52e-4f735466cecf":"f.2CF887CE126DC6B338BD3A7C0EF1B7FC.d.15E604B972F87F98765DBEAAD1972801.e.19902","ELEMENT":"f.2CF887CE126DC6B338BD3A7C0EF1B7FC.d.15E604B972F87F98765DBEAAD1972801.e.19902"}]}
COMMAND: POST /session/601af62cb68afff6944e8a635357ab53/element - {"using":"css selector","value":"#shell-header-logo"}
COMMAND: GET /session/601af62cb68afff6944e8a635357ab53/screenshot - {}
RESULT: {"using":"css selector","value":"#shell-header-logo"}
COMMAND: POST /session/601af62cb68afff6944e8a635357ab53/element/f.2CF887CE126DC6B338BD3A7C0EF1B7FC.d.15E604B972F87F98765DBEAAD1972801.e.19236/click - {}
RESULT: {}
RESULT: {}
COMMAND: GET /session/601af62cb68afff6944e8a635357ab53/screenshot - {}
RESULT: {}
]]></system-out>
    </testcase>
    <testcase classname="chrome.136_0_7103_49.windows.Create_masterdata_for_Yard_Overview_-_trigger_provide_US130988" name="Bin Status Report Should Create New Organization yard" time="0.005" />
    <testcase classname="chrome.136_0_7103_49.windows.Create_masterdata_for_Yard_Overview_-_trigger_provide_US130988" name="Create a Warehouse Movement for created yard" time="42.072">
      <system-out><![CDATA[
COMMAND: POST /session/601af62cb68afff6944e8a635357ab53/execute/async - {"script":"<script> [1562 bytes]","args":[{"selector":{"controlType":"sap.m.GenericTile","properties":{"header":"Manage Warehouse Movements"}},"wdio_ui5_key":"sapm.GenericTile{\"header\":\"Manage Warehouse Movements\"}"}]}
RESULT: {"script":"<script> [1562 bytes]","args":[{"selector":{"controlType":"sap.m.GenericTile","properties":{"header":"Manage Warehouse Movements"}},"wdio_ui5_key":"sapm.GenericTile{\"header\":\"Manage Warehouse Movements\"}"}]}
RESULT: undefined
COMMAND: POST /session/601af62cb68afff6944e8a635357ab53/element - {"using":"xpath","value":"//*[@id=\"__tile105\"]"}
RESULT: {"using":"xpath","value":"//*[@id=\"__tile105\"]"}
COMMAND: POST /session/601af62cb68afff6944e8a635357ab53/element/f.2CF887CE126DC6B338BD3A7C0EF1B7FC.d.15E604B972F87F98765DBEAAD1972801.e.19906/click - {}
RESULT: {}
COMMAND: POST /session/601af62cb68afff6944e8a635357ab53/element - {"using":"xpath","value":"//input[@id='application-warehousemovements-display-component---warehouseMovements--smartFilterBar-filterItemControl_BASIC-YARD-inner']"}
COMMAND: GET /session/601af62cb68afff6944e8a635357ab53/screenshot - {}
RESULT: {"using":"xpath","value":"//input[@id='application-warehousemovements-display-component---warehouseMovements--smartFilterBar-filterItemControl_BASIC-YARD-inner']"}
COMMAND: POST /session/601af62cb68afff6944e8a635357ab53/elements - {"using":"xpath","value":"//input[@id='application-warehousemovements-display-component---warehouseMovements--smartFilterBar-filterItemControl_BASIC-YARD-inner']"}
RESULT: {}
RESULT: {"using":"xpath","value":"//input[@id='application-warehousemovements-display-component---warehouseMovements--smartFilterBar-filterItemControl_BASIC-YARD-inner']"}
COMMAND: POST /session/601af62cb68afff6944e8a635357ab53/element - {"using":"xpath","value":"//input[@id='application-warehousemovements-display-component---warehouseMovements--smartFilterBar-filterItemControl_BASIC-YARD-inner']"}
RESULT: {"using":"xpath","value":"//input[@id='application-warehousemovements-display-component---warehouseMovements--smartFilterBar-filterItemControl_BASIC-YARD-inner']"}
COMMAND: POST /session/601af62cb68afff6944e8a635357ab53/execute/sync - {"script":"<script> [8489 bytes]","args":[{"element-6066-11e4-a52e-4f735466cecf":"f.2CF887CE126DC6B338BD3A7C0EF1B7FC.d.15E604B972F87F98765DBEAAD1972801.e.19915","ELEMENT":"f.2CF887CE126DC6B338BD3A7C0EF1B7FC.d.15E604B972F87F98765DBEAAD1972801.e.19915"}]}
RESULT: {"script":"<script> [8489 bytes]","args":[{"element-6066-11e4-a52e-4f735466cecf":"f.2CF887CE126DC6B338BD3A7C0EF1B7FC.d.15E604B972F87F98765DBEAAD1972801.e.19915","ELEMENT":"f.2CF887CE126DC6B338BD3A7C0EF1B7FC.d.15E604B972F87F98765DBEAAD1972801.e.19915"}]}
COMMAND: GET /session/601af62cb68afff6944e8a635357ab53/element/f.2CF887CE126DC6B338BD3A7C0EF1B7FC.d.15E604B972F87F98765DBEAAD1972801.e.19915/enabled - {}
COMMAND: GET /session/601af62cb68afff6944e8a635357ab53/screenshot - {}
RESULT: {}
COMMAND: POST /session/601af62cb68afff6944e8a635357ab53/execute/sync - {"script":"<script> [8489 bytes]","args":[{"element-6066-11e4-a52e-4f735466cecf":"f.2CF887CE126DC6B338BD3A7C0EF1B7FC.d.15E604B972F87F98765DBEAAD1972801.e.19915","ELEMENT":"f.2CF887CE126DC6B338BD3A7C0EF1B7FC.d.15E604B972F87F98765DBEAAD1972801.e.19915"}]}
COMMAND: GET /session/601af62cb68afff6944e8a635357ab53/screenshot - {}
RESULT: {}
RESULT: {}
RESULT: {"script":"<script> [8489 bytes]","args":[{"element-6066-11e4-a52e-4f735466cecf":"f.2CF887CE126DC6B338BD3A7C0EF1B7FC.d.15E604B972F87F98765DBEAAD1972801.e.19915","ELEMENT":"f.2CF887CE126DC6B338BD3A7C0EF1B7FC.d.15E604B972F87F98765DBEAAD1972801.e.19915"}]}
COMMAND: POST /session/601af62cb68afff6944e8a635357ab53/execute/sync - {"script":"<script> [5351 bytes]","args":[{"element-6066-11e4-a52e-4f735466cecf":"f.2CF887CE126DC6B338BD3A7C0EF1B7FC.d.15E604B972F87F98765DBEAAD1972801.e.19915","ELEMENT":"f.2CF887CE126DC6B338BD3A7C0EF1B7FC.d.15E604B972F87F98765DBEAAD1972801.e.19915"}]}
COMMAND: GET /session/601af62cb68afff6944e8a635357ab53/screenshot - {}
RESULT: {"script":"<script> [5351 bytes]","args":[{"element-6066-11e4-a52e-4f735466cecf":"f.2CF887CE126DC6B338BD3A7C0EF1B7FC.d.15E604B972F87F98765DBEAAD1972801.e.19915","ELEMENT":"f.2CF887CE126DC6B338BD3A7C0EF1B7FC.d.15E604B972F87F98765DBEAAD1972801.e.19915"}]}
COMMAND: GET /session/601af62cb68afff6944e8a635357ab53/screenshot - {}
RESULT: {}
RESULT: {}
COMMAND: POST /session/601af62cb68afff6944e8a635357ab53/element/f.2CF887CE126DC6B338BD3A7C0EF1B7FC.d.15E604B972F87F98765DBEAAD1972801.e.19915/clear - {}
RESULT: {}
COMMAND: POST /session/601af62cb68afff6944e8a635357ab53/element/f.2CF887CE126DC6B338BD3A7C0EF1B7FC.d.15E604B972F87F98765DBEAAD1972801.e.19915/value - {"text":"356"}
COMMAND: GET /session/601af62cb68afff6944e8a635357ab53/screenshot - {}
RESULT: {"text":"356"}
COMMAND: POST /session/601af62cb68afff6944e8a635357ab53/actions - {"actions":[{"id":"action62","type":"key","parameters":{},"actions":[{"type":"keyDown","value":"î€‡"},{"type":"pause","duration":10},{"type":"keyUp","value":"î€‡"}]}]}
COMMAND: GET /session/601af62cb68afff6944e8a635357ab53/screenshot - {}
RESULT: {}
RESULT: {"actions":[{"id":"action62","type":"key","parameters":{},"actions":[{"type":"keyDown","value":"î€‡"},{"type":"pause","duration":10},{"type":"keyUp","value":"î€‡"}]}]}
COMMAND: GET /session/601af62cb68afff6944e8a635357ab53/screenshot - {}
RESULT: {}
RESULT: {}
COMMAND: POST /session/601af62cb68afff6944e8a635357ab53/element - {"using":"xpath","value":"//button[contains(@data-kt, \"MasterMovementAddOverflowToolbarButton\")]"}
RESULT: {"using":"xpath","value":"//button[contains(@data-kt, \"MasterMovementAddOverflowToolbarButton\")]"}
COMMAND: POST /session/601af62cb68afff6944e8a635357ab53/element/f.2CF887CE126DC6B338BD3A7C0EF1B7FC.d.15E604B972F87F98765DBEAAD1972801.e.19952/click - {}
RESULT: {}
COMMAND: GET /session/601af62cb68afff6944e8a635357ab53/screenshot - {}
RESULT: {}
COMMAND: POST /session/601af62cb68afff6944e8a635357ab53/element - {"using":"xpath","value":"//*[@id=\"application-warehousemovements-display-component---addMovement--sectionsList-arrow\"]"}
RESULT: {"using":"xpath","value":"//*[@id=\"application-warehousemovements-display-component---addMovement--sectionsList-arrow\"]"}
COMMAND: POST /session/601af62cb68afff6944e8a635357ab53/element/f.2CF887CE126DC6B338BD3A7C0EF1B7FC.d.15E604B972F87F98765DBEAAD1972801.e.20160/click - {}
RESULT: {}
COMMAND: POST /session/601af62cb68afff6944e8a635357ab53/actions - {"actions":[{"id":"action63","type":"key","parameters":{},"actions":[{"type":"keyDown","value":"î€•"},{"type":"pause","duration":10},{"type":"keyUp","value":"î€•"}]}]}
COMMAND: GET /session/601af62cb68afff6944e8a635357ab53/screenshot - {}
RESULT: {"actions":[{"id":"action63","type":"key","parameters":{},"actions":[{"type":"keyDown","value":"î€•"},{"type":"pause","duration":10},{"type":"keyUp","value":"î€•"}]}]}
COMMAND: GET /session/601af62cb68afff6944e8a635357ab53/screenshot - {}
RESULT: {}
RESULT: {}
COMMAND: POST /session/601af62cb68afff6944e8a635357ab53/actions - {"actions":[{"id":"action64","type":"key","parameters":{},"actions":[{"type":"keyDown","value":"î€‡"},{"type":"pause","duration":10},{"type":"keyUp","value":"î€‡"}]}]}
RESULT: {"actions":[{"id":"action64","type":"key","parameters":{},"actions":[{"type":"keyDown","value":"î€‡"},{"type":"pause","duration":10},{"type":"keyUp","value":"î€‡"}]}]}
COMMAND: GET /session/601af62cb68afff6944e8a635357ab53/screenshot - {}
RESULT: {}
COMMAND: POST /session/601af62cb68afff6944e8a635357ab53/element - {"using":"xpath","value":"//*[@id=\"application-warehousemovements-display-component---addMovement--saveMovementBtn-BDI-content\" and text()=\"Save\"]"}
RESULT: {"using":"xpath","value":"//*[@id=\"application-warehousemovements-display-component---addMovement--saveMovementBtn-BDI-content\" and text()=\"Save\"]"}
COMMAND: POST /session/601af62cb68afff6944e8a635357ab53/element/f.2CF887CE126DC6B338BD3A7C0EF1B7FC.d.15E604B972F87F98765DBEAAD1972801.e.20161/click - {}
RESULT: {}
COMMAND: GET /session/601af62cb68afff6944e8a635357ab53/screenshot - {}
RESULT: {}
COMMAND: POST /session/601af62cb68afff6944e8a635357ab53/element - {"using":"css selector","value":"#shell-header-logo"}
RESULT: {"using":"css selector","value":"#shell-header-logo"}
COMMAND: POST /session/601af62cb68afff6944e8a635357ab53/element/f.2CF887CE126DC6B338BD3A7C0EF1B7FC.d.15E604B972F87F98765DBEAAD1972801.e.19910/click - {}
RESULT: {}
COMMAND: GET /session/601af62cb68afff6944e8a635357ab53/screenshot - {}
RESULT: {}
]]></system-out>
    </testcase>
    <testcase classname="chrome.136_0_7103_49.windows.Create_masterdata_for_Yard_Overview_-_trigger_provide_US130988" name="Set status to defect" time="33.878">
      <system-out><![CDATA[
COMMAND: POST /session/601af62cb68afff6944e8a635357ab53/execute/async - {"script":"<script> [1562 bytes]","args":[{"selector":{"controlType":"sap.ushell.ui.launchpad.AnchorItem","bindingPath":{"path":"/groups/3","propertyPath":"index"},"interaction":{"idSuffix":"inner"}},"wdio_ui5_key":"sapushell.ui.launchpad.AnchorItem{\"path\":\"/groups/3\",\"propertyPath\":\"index\"}"}]}
COMMAND: GET /session/601af62cb68afff6944e8a635357ab53/screenshot - {}
RESULT: {"script":"<script> [1562 bytes]","args":[{"selector":{"controlType":"sap.ushell.ui.launchpad.AnchorItem","bindingPath":{"path":"/groups/3","propertyPath":"index"},"interaction":{"idSuffix":"inner"}},"wdio_ui5_key":"sapushell.ui.launchpad.AnchorItem{\"path\":\"/groups/3\",\"propertyPath\":\"index\"}"}]}
RESULT: undefined
RESULT: {}
COMMAND: POST /session/601af62cb68afff6944e8a635357ab53/execute/async - {"script":"<script> [1562 bytes]","args":[{"selector":{"controlType":"sap.m.GenericTile","properties":{"header":"Manage States & Performance"}},"wdio_ui5_key":"sapm.GenericTile{\"header\":\"Manage States & Performance\"}"}]}
RESULT: {"script":"<script> [1562 bytes]","args":[{"selector":{"controlType":"sap.m.GenericTile","properties":{"header":"Manage States & Performance"}},"wdio_ui5_key":"sapm.GenericTile{\"header\":\"Manage States & Performance\"}"}]}
RESULT: undefined
COMMAND: POST /session/601af62cb68afff6944e8a635357ab53/elements - {"using":"xpath","value":"//span[text()='Error']"}
RESULT: {"using":"xpath","value":"//span[text()='Error']"}
COMMAND: POST /session/601af62cb68afff6944e8a635357ab53/execute/async - {"script":"<script> [1562 bytes]","args":[{"selector":{"controlType":"sap.ui.core.Icon","viewName":"etm.portal.ui.managestatesandperformance.view.Master","viewId":"application-managestatesandperformance-display-component---stateAndPerform","properties":{"src":{"regex":{"source":"inventory"}}}},"wdio_ui5_key":"etmportal.ui.managestatesandperformance.view.Mastersap.ui.core.Icon{\"src\":{\"regex\":{\"source\":\"inventory\"}}}"}]}
RESULT: {"script":"<script> [1562 bytes]","args":[{"selector":{"controlType":"sap.ui.core.Icon","viewName":"etm.portal.ui.managestatesandperformance.view.Master","viewId":"application-managestatesandperformance-display-component---stateAndPerform","properties":{"src":{"regex":{"source":"inventory"}}}},"wdio_ui5_key":"etmportal.ui.managestatesandperformance.view.Mastersap.ui.core.Icon{\"src\":{\"regex\":{\"source\":\"inventory\"}}}"}]}
RESULT: undefined
COMMAND: POST /session/601af62cb68afff6944e8a635357ab53/execute/async - {"script":"<script> [1562 bytes]","args":[{"selector":{"id":"application-managestatesandperformance-display-component---stateAndPerform--smartFilterBarYard-btnBasicSearch","interaction":{"idSuffix":"I"}},"wdio_ui5_key":"applicationmanagestatesandperformance-display-component---stateAndPerform--smartFilterBarYard-btnBasicSearch"}]}
RESULT: {"script":"<script> [1562 bytes]","args":[{"selector":{"id":"application-managestatesandperformance-display-component---stateAndPerform--smartFilterBarYard-btnBasicSearch","interaction":{"idSuffix":"I"}},"wdio_ui5_key":"applicationmanagestatesandperformance-display-component---stateAndPerform--smartFilterBarYard-btnBasicSearch"}]}
RESULT: undefined
COMMAND: POST /session/601af62cb68afff6944e8a635357ab53/execute/async - {"script":"<script> [1562 bytes]","args":[{"selector":{"controlType":"sap.m.ColumnListItem","viewName":"etm.portal.ui.managestatesandperformance.view.Master","viewId":"application-managestatesandperformance-display-component---stateAndPerform","properties":{"type":"Navigation"},"interaction":{"idSuffix":"cell0"}},"wdio_ui5_key":"etmportal.ui.managestatesandperformance.view.Mastersap.m.ColumnListItem{\"type\":\"Navigation\"}"}]}
RESULT: {"script":"<script> [1562 bytes]","args":[{"selector":{"controlType":"sap.m.ColumnListItem","viewName":"etm.portal.ui.managestatesandperformance.view.Master","viewId":"application-managestatesandperformance-display-component---stateAndPerform","properties":{"type":"Navigation"},"interaction":{"idSuffix":"cell0"}},"wdio_ui5_key":"etmportal.ui.managestatesandperformance.view.Mastersap.m.ColumnListItem{\"type\":\"Navigation\"}"}]}
RESULT: undefined
COMMAND: POST /session/601af62cb68afff6944e8a635357ab53/execute/async - {"script":"<script> [1562 bytes]","args":[{"selector":{"controlType":"sap.m.Button","viewName":"etm.portal.ui.managestatesandperformance.view.Detail","viewId":"application-managestatesandperformance-display-component---detailStateAndPerform","i18NText":{"propertyName":"text","key":"createStateChange"},"interaction":{"idSuffix":"content"}},"wdio_ui5_key":"etmportal.ui.managestatesandperformance.view.Detailsap.m.Button{\"propertyName\":\"text\",\"key\":\"createStateChange\"}"}]}
RESULT: {"script":"<script> [1562 bytes]","args":[{"selector":{"controlType":"sap.m.Button","viewName":"etm.portal.ui.managestatesandperformance.view.Detail","viewId":"application-managestatesandperformance-display-component---detailStateAndPerform","i18NText":{"propertyName":"text","key":"createStateChange"},"interaction":{"idSuffix":"content"}},"wdio_ui5_key":"etmportal.ui.managestatesandperformance.view.Detailsap.m.Button{\"propertyName\":\"text\",\"key\":\"createStateChange\"}"}]}
RESULT: undefined
COMMAND: POST /session/601af62cb68afff6944e8a635357ab53/execute/async - {"script":"<script> [1562 bytes]","args":[{"selector":{"id":"addStateDialog--stateSelect","searchOpenDialogs":true,"interaction":{"idSuffix":"arrow"}},"wdio_ui5_key":"addStateDialogstateSelect"}]}
RESULT: {"script":"<script> [1562 bytes]","args":[{"selector":{"id":"addStateDialog--stateSelect","searchOpenDialogs":true,"interaction":{"idSuffix":"arrow"}},"wdio_ui5_key":"addStateDialogstateSelect"}]}
RESULT: undefined
COMMAND: POST /session/601af62cb68afff6944e8a635357ab53/execute/async - {"script":"<script> [1562 bytes]","args":[{"selector":{"controlType":"sap.ui.core.Item","viewName":"etm.portal.ui.managestatesandperformance.view.Detail","viewId":"application-managestatesandperformance-display-component---detailStateAndPerform","bindingPath":{"path":"/StateTypes(70)","propertyPath":"STATE","modelName":"catalogModel"},"searchOpenDialogs":true},"wdio_ui5_key":"etmportal.ui.managestatesandperformance.view.Detailsap.ui.core.Item{\"path\":\"/StateTypes(70)\",\"propertyPath\":\"STATE\",\"modelName\":\"catalogModel\"}"}]}
RESULT: {"script":"<script> [1562 bytes]","args":[{"selector":{"controlType":"sap.ui.core.Item","viewName":"etm.portal.ui.managestatesandperformance.view.Detail","viewId":"application-managestatesandperformance-display-component---detailStateAndPerform","bindingPath":{"path":"/StateTypes(70)","propertyPath":"STATE","modelName":"catalogModel"},"searchOpenDialogs":true},"wdio_ui5_key":"etmportal.ui.managestatesandperformance.view.Detailsap.ui.core.Item{\"path\":\"/StateTypes(70)\",\"propertyPath\":\"STATE\",\"modelName\":\"catalogModel\"}"}]}
RESULT: undefined
COMMAND: POST /session/601af62cb68afff6944e8a635357ab53/execute/async - {"script":"<script> [1562 bytes]","args":[{"selector":{"controlType":"sap.m.NumericInput","viewName":"etm.portal.ui.managestatesandperformance.view.Detail","viewId":"application-managestatesandperformance-display-component---detailStateAndPerform","properties":{"value":"0"},"searchOpenDialogs":true,"interaction":{"idSuffix":"inner"}},"wdio_ui5_key":"etmportal.ui.managestatesandperformance.view.Detailsap.m.NumericInput{\"value\":\"0\"}"}]}
RESULT: {"script":"<script> [1562 bytes]","args":[{"selector":{"controlType":"sap.m.NumericInput","viewName":"etm.portal.ui.managestatesandperformance.view.Detail","viewId":"application-managestatesandperformance-display-component---detailStateAndPerform","properties":{"value":"0"},"searchOpenDialogs":true,"interaction":{"idSuffix":"inner"}},"wdio_ui5_key":"etmportal.ui.managestatesandperformance.view.Detailsap.m.NumericInput{\"value\":\"0\"}"}]}
RESULT: undefined
COMMAND: POST /session/601af62cb68afff6944e8a635357ab53/execute/async - {"script":"<script> [1562 bytes]","args":[{"selector":{"controlType":"sap.m.Button","viewName":"etm.portal.ui.managestatesandperformance.view.Detail","viewId":"application-managestatesandperformance-display-component---detailStateAndPerform","i18NText":{"propertyName":"text","key":"save"},"searchOpenDialogs":true,"interaction":{"idSuffix":"BDI-content"}},"wdio_ui5_key":"etmportal.ui.managestatesandperformance.view.Detailsap.m.Button{\"propertyName\":\"text\",\"key\":\"save\"}"}]}
RESULT: {"script":"<script> [1562 bytes]","args":[{"selector":{"controlType":"sap.m.Button","viewName":"etm.portal.ui.managestatesandperformance.view.Detail","viewId":"application-managestatesandperformance-display-component---detailStateAndPerform","i18NText":{"propertyName":"text","key":"save"},"searchOpenDialogs":true,"interaction":{"idSuffix":"BDI-content"}},"wdio_ui5_key":"etmportal.ui.managestatesandperformance.view.Detailsap.m.Button{\"propertyName\":\"text\",\"key\":\"save\"}"}]}
RESULT: undefined
COMMAND: POST /session/601af62cb68afff6944e8a635357ab53/element - {"using":"css selector","value":"#shell-header-logo"}
RESULT: {"using":"css selector","value":"#shell-header-logo"}
COMMAND: POST /session/601af62cb68afff6944e8a635357ab53/element/f.2CF887CE126DC6B338BD3A7C0EF1B7FC.d.15E604B972F87F98765DBEAAD1972801.e.20281/click - {}
RESULT: {}
COMMAND: GET /session/601af62cb68afff6944e8a635357ab53/screenshot - {}
RESULT: {}
]]></system-out>
    </testcase>
  </testsuite>
  <testsuite timestamp="2025-05-14T17:38:18" time="582.099" tests="7" failures="2" errors="2" skipped="0">
    <properties>
      <property name="specId" value="0" />
      <property name="suiteName" value="Transfer Yard to Yard US131076" />
      <property name="capabilities" value="chrome.136_0_7103_49.windows" />
      <property name="file" value="file:///D:/a/1/s/test/specs/HTR/transfer-yard-to-yard.spec.js" />
    </properties>
    <testcase classname="chrome.136_0_7103_49.windows.Transfer_Yard_to_Yard_US131076" name="Should create a new yard" time="0.018">
      <system-out><![CDATA[
COMMAND: POST /session/601af62cb68afff6944e8a635357ab53/window/fullscreen - {}
RESULT: {}
]]></system-out>
    </testcase>
    <testcase classname="chrome.136_0_7103_49.windows.Transfer_Yard_to_Yard_US131076" name="Should create a new 2nd yard" time="116.705">
      <system-out><![CDATA[
COMMAND: POST /session/601af62cb68afff6944e8a635357ab53/window/fullscreen - {}
RESULT: {}
COMMAND: POST /session/601af62cb68afff6944e8a635357ab53/execute/async - {"script":"<script> [1562 bytes]","args":[{"selector":{"controlType":"sap.m.GenericTile","properties":{"header":"Manage Yards"}},"wdio_ui5_key":"sapm.GenericTile{\"header\":\"Manage Yards\"}"}]}
RESULT: {"script":"<script> [1562 bytes]","args":[{"selector":{"controlType":"sap.m.GenericTile","properties":{"header":"Manage Yards"}},"wdio_ui5_key":"sapm.GenericTile{\"header\":\"Manage Yards\"}"}]}
RESULT: undefined
COMMAND: POST /session/601af62cb68afff6944e8a635357ab53/element - {"using":"xpath","value":"//*[@id=\"__tile33\"]"}
RESULT: {"using":"xpath","value":"//*[@id=\"__tile33\"]"}
COMMAND: POST /session/601af62cb68afff6944e8a635357ab53/element/f.2CF887CE126DC6B338BD3A7C0EF1B7FC.d.CEB0962BC9446D785D2F587F0A956A22.e.21238/click - {}
RESULT: {}
COMMAND: GET /session/601af62cb68afff6944e8a635357ab53/screenshot - {}
RESULT: {}
COMMAND: POST /session/601af62cb68afff6944e8a635357ab53/elements - {"using":"xpath","value":"//span[text()='Error']"}
RESULT: {"using":"xpath","value":"//span[text()='Error']"}
COMMAND: POST /session/601af62cb68afff6944e8a635357ab53/element - {"using":"xpath","value":"//button[@data-kt=\"addNewYardOverflowToolbarButton\"]"}
RESULT: {"using":"xpath","value":"//button[@data-kt=\"addNewYardOverflowToolbarButton\"]"}
COMMAND: POST /session/601af62cb68afff6944e8a635357ab53/elements - {"using":"xpath","value":"//button[@data-kt=\"addNewYardOverflowToolbarButton\"]"}
RESULT: {"using":"xpath","value":"//button[@data-kt=\"addNewYardOverflowToolbarButton\"]"}
COMMAND: POST /session/601af62cb68afff6944e8a635357ab53/execute/sync - {"script":"<script> [8489 bytes]","args":[{"element-6066-11e4-a52e-4f735466cecf":"f.2CF887CE126DC6B338BD3A7C0EF1B7FC.d.CEB0962BC9446D785D2F587F0A956A22.e.21364","ELEMENT":"f.2CF887CE126DC6B338BD3A7C0EF1B7FC.d.CEB0962BC9446D785D2F587F0A956A22.e.21364"}]}
RESULT: {"script":"<script> [8489 bytes]","args":[{"element-6066-11e4-a52e-4f735466cecf":"f.2CF887CE126DC6B338BD3A7C0EF1B7FC.d.CEB0962BC9446D785D2F587F0A956A22.e.21364","ELEMENT":"f.2CF887CE126DC6B338BD3A7C0EF1B7FC.d.CEB0962BC9446D785D2F587F0A956A22.e.21364"}]}
COMMAND: GET /session/601af62cb68afff6944e8a635357ab53/element/f.2CF887CE126DC6B338BD3A7C0EF1B7FC.d.CEB0962BC9446D785D2F587F0A956A22.e.21364/enabled - {}
COMMAND: GET /session/601af62cb68afff6944e8a635357ab53/screenshot - {}
RESULT: {}
COMMAND: POST /session/601af62cb68afff6944e8a635357ab53/execute/sync - {"script":"<script> [8489 bytes]","args":[{"element-6066-11e4-a52e-4f735466cecf":"f.2CF887CE126DC6B338BD3A7C0EF1B7FC.d.CEB0962BC9446D785D2F587F0A956A22.e.21364","ELEMENT":"f.2CF887CE126DC6B338BD3A7C0EF1B7FC.d.CEB0962BC9446D785D2F587F0A956A22.e.21364"}]}
COMMAND: GET /session/601af62cb68afff6944e8a635357ab53/screenshot - {}
RESULT: {}
RESULT: {"script":"<script> [8489 bytes]","args":[{"element-6066-11e4-a52e-4f735466cecf":"f.2CF887CE126DC6B338BD3A7C0EF1B7FC.d.CEB0962BC9446D785D2F587F0A956A22.e.21364","ELEMENT":"f.2CF887CE126DC6B338BD3A7C0EF1B7FC.d.CEB0962BC9446D785D2F587F0A956A22.e.21364"}]}
COMMAND: POST /session/601af62cb68afff6944e8a635357ab53/execute/sync - {"script":"<script> [5351 bytes]","args":[{"element-6066-11e4-a52e-4f735466cecf":"f.2CF887CE126DC6B338BD3A7C0EF1B7FC.d.CEB0962BC9446D785D2F587F0A956A22.e.21364","ELEMENT":"f.2CF887CE126DC6B338BD3A7C0EF1B7FC.d.CEB0962BC9446D785D2F587F0A956A22.e.21364"}]}
COMMAND: GET /session/601af62cb68afff6944e8a635357ab53/screenshot - {}
RESULT: {}
RESULT: {"script":"<script> [5351 bytes]","args":[{"element-6066-11e4-a52e-4f735466cecf":"f.2CF887CE126DC6B338BD3A7C0EF1B7FC.d.CEB0962BC9446D785D2F587F0A956A22.e.21364","ELEMENT":"f.2CF887CE126DC6B338BD3A7C0EF1B7FC.d.CEB0962BC9446D785D2F587F0A956A22.e.21364"}]}
COMMAND: POST /session/601af62cb68afff6944e8a635357ab53/element/f.2CF887CE126DC6B338BD3A7C0EF1B7FC.d.CEB0962BC9446D785D2F587F0A956A22.e.21364/click - {}
COMMAND: GET /session/601af62cb68afff6944e8a635357ab53/screenshot - {}
RESULT: {}
RESULT: {}
COMMAND: GET /session/601af62cb68afff6944e8a635357ab53/screenshot - {}
RESULT: {}
RESULT: {}
COMMAND: POST /session/601af62cb68afff6944e8a635357ab53/element - {"using":"xpath","value":"//input[@id=\"application-manageyards-display-component---NewYard--yardId-inner\"]"}
RESULT: {"using":"xpath","value":"//input[@id=\"application-manageyards-display-component---NewYard--yardId-inner\"]"}
COMMAND: POST /session/601af62cb68afff6944e8a635357ab53/element - {"using":"xpath","value":"//input[@id=\"application-manageyards-display-component---NewYard--yardId-inner\"]"}
RESULT: {"using":"xpath","value":"//input[@id=\"application-manageyards-display-component---NewYard--yardId-inner\"]"}
COMMAND: POST /session/601af62cb68afff6944e8a635357ab53/execute/async - {"script":"<script> [1562 bytes]","args":[{"selector":{"id":"application-manageyards-display-component---NewYard--addressDetailDetailsName1","interaction":{"idSuffix":"inner"}},"wdio_ui5_key":"applicationmanageyards-display-component---NewYard--addressDetailDetailsName1"}]}
RESULT: {"script":"<script> [1562 bytes]","args":[{"selector":{"id":"application-manageyards-display-component---NewYard--addressDetailDetailsName1","interaction":{"idSuffix":"inner"}},"wdio_ui5_key":"applicationmanageyards-display-component---NewYard--addressDetailDetailsName1"}]}
RESULT: undefined
COMMAND: POST /session/601af62cb68afff6944e8a635357ab53/execute/async - {"script":"<script> [776 bytes]","args":[{"enterText":"Intracompany Yard wdIO","selector":{"id":"application-manageyards-display-component---NewYard--addressDetailDetailsName1","interaction":{"idSuffix":"inner"}},"clearTextFirst":true,"interactionType":"ENTER_TEXT"}]}
RESULT: {"script":"<script> [776 bytes]","args":[{"enterText":"Intracompany Yard wdIO","selector":{"id":"application-manageyards-display-component---NewYard--addressDetailDetailsName1","interaction":{"idSuffix":"inner"}},"clearTextFirst":true,"interactionType":"ENTER_TEXT"}]}
COMMAND: POST /session/601af62cb68afff6944e8a635357ab53/execute/async - {"script":"<script> [1562 bytes]","args":[{"selector":{"id":"application-manageyards-display-component---NewYard--addressDetailDetailsLanguage-arrow"},"wdio_ui5_key":"applicationmanageyards-display-component---NewYard--addressDetailDetailsLanguage-arrow"}]}
RESULT: {"script":"<script> [1562 bytes]","args":[{"selector":{"id":"application-manageyards-display-component---NewYard--addressDetailDetailsLanguage-arrow"},"wdio_ui5_key":"applicationmanageyards-display-component---NewYard--addressDetailDetailsLanguage-arrow"}]}
RESULT: undefined
COMMAND: POST /session/601af62cb68afff6944e8a635357ab53/element - {"using":"xpath","value":"//*[@id=\"application-manageyards-display-component---NewYard--addressDetailDetailsLanguage-arrow\"]"}
RESULT: {"using":"xpath","value":"//*[@id=\"application-manageyards-display-component---NewYard--addressDetailDetailsLanguage-arrow\"]"}
COMMAND: POST /session/601af62cb68afff6944e8a635357ab53/element/f.2CF887CE126DC6B338BD3A7C0EF1B7FC.d.CEB0962BC9446D785D2F587F0A956A22.e.21801/click - {}
RESULT: {}
COMMAND: POST /session/601af62cb68afff6944e8a635357ab53/element - {"using":"xpath","value":"//span[contains(text(), \"English\")]"}
COMMAND: GET /session/601af62cb68afff6944e8a635357ab53/screenshot - {}
RESULT: {"using":"xpath","value":"//span[contains(text(), \"English\")]"}
COMMAND: POST /session/601af62cb68afff6944e8a635357ab53/element/f.2CF887CE126DC6B338BD3A7C0EF1B7FC.d.CEB0962BC9446D785D2F587F0A956A22.e.21802/click - {}
RESULT: {}
RESULT: {}
COMMAND: POST /session/601af62cb68afff6944e8a635357ab53/execute/async - {"script":"<script> [1562 bytes]","args":[{"selector":{"id":"application-manageyards-display-component---NewYard--addressDetailDetailsCity1","interaction":{"idSuffix":"inner"}},"wdio_ui5_key":"applicationmanageyards-display-component---NewYard--addressDetailDetailsCity1"}]}
COMMAND: GET /session/601af62cb68afff6944e8a635357ab53/screenshot - {}
RESULT: {"script":"<script> [1562 bytes]","args":[{"selector":{"id":"application-manageyards-display-component---NewYard--addressDetailDetailsCity1","interaction":{"idSuffix":"inner"}},"wdio_ui5_key":"applicationmanageyards-display-component---NewYard--addressDetailDetailsCity1"}]}
RESULT: undefined
COMMAND: POST /session/601af62cb68afff6944e8a635357ab53/execute/async - {"script":"<script> [776 bytes]","args":[{"enterText":"Rosario","selector":{"id":"application-manageyards-display-component---NewYard--addressDetailDetailsCity1","interaction":{"idSuffix":"inner"}},"clearTextFirst":true,"interactionType":"ENTER_TEXT"}]}
RESULT: {}
RESULT: {"script":"<script> [776 bytes]","args":[{"enterText":"Rosario","selector":{"id":"application-manageyards-display-component---NewYard--addressDetailDetailsCity1","interaction":{"idSuffix":"inner"}},"clearTextFirst":true,"interactionType":"ENTER_TEXT"}]}
COMMAND: POST /session/601af62cb68afff6944e8a635357ab53/execute/async - {"script":"<script> [1562 bytes]","args":[{"selector":{"id":"application-manageyards-display-component---NewYard--addressDetailDetailsCountry-arrow"},"wdio_ui5_key":"applicationmanageyards-display-component---NewYard--addressDetailDetailsCountry-arrow"}]}
RESULT: {"script":"<script> [1562 bytes]","args":[{"selector":{"id":"application-manageyards-display-component---NewYard--addressDetailDetailsCountry-arrow"},"wdio_ui5_key":"applicationmanageyards-display-component---NewYard--addressDetailDetailsCountry-arrow"}]}
RESULT: undefined
COMMAND: POST /session/601af62cb68afff6944e8a635357ab53/element - {"using":"xpath","value":"//*[@id=\"application-manageyards-display-component---NewYard--addressDetailDetailsCountry-arrow\"]"}
RESULT: {"using":"xpath","value":"//*[@id=\"application-manageyards-display-component---NewYard--addressDetailDetailsCountry-arrow\"]"}
COMMAND: POST /session/601af62cb68afff6944e8a635357ab53/element/f.2CF887CE126DC6B338BD3A7C0EF1B7FC.d.CEB0962BC9446D785D2F587F0A956A22.e.21804/click - {}
RESULT: {}
COMMAND: POST /session/601af62cb68afff6944e8a635357ab53/element - {"using":"xpath","value":"//span[contains(text(), \"Argentina\")]"}
COMMAND: GET /session/601af62cb68afff6944e8a635357ab53/screenshot - {}
RESULT: {"using":"xpath","value":"//span[contains(text(), \"Argentina\")]"}
COMMAND: POST /session/601af62cb68afff6944e8a635357ab53/element/f.2CF887CE126DC6B338BD3A7C0EF1B7FC.d.CEB0962BC9446D785D2F587F0A956A22.e.21805/click - {}
RESULT: {}
RESULT: {}
COMMAND: POST /session/601af62cb68afff6944e8a635357ab53/execute/async - {"script":"<script> [1562 bytes]","args":[{"selector":{"id":"application-manageyards-display-component---NewYard--addressEditDetailsCostObjectCstType-arrow"},"wdio_ui5_key":"applicationmanageyards-display-component---NewYard--addressEditDetailsCostObjectCstType-arrow"}]}
COMMAND: GET /session/601af62cb68afff6944e8a635357ab53/screenshot - {}
RESULT: {"script":"<script> [1562 bytes]","args":[{"selector":{"id":"application-manageyards-display-component---NewYard--addressEditDetailsCostObjectCstType-arrow"},"wdio_ui5_key":"applicationmanageyards-display-component---NewYard--addressEditDetailsCostObjectCstType-arrow"}]}
RESULT: undefined
COMMAND: POST /session/601af62cb68afff6944e8a635357ab53/element - {"using":"xpath","value":"//*[@id=\"application-manageyards-display-component---NewYard--addressEditDetailsCostObjectCstType-arrow\"]"}
RESULT: {}
RESULT: {"using":"xpath","value":"//*[@id=\"application-manageyards-display-component---NewYard--addressEditDetailsCostObjectCstType-arrow\"]"}
COMMAND: POST /session/601af62cb68afff6944e8a635357ab53/element/f.2CF887CE126DC6B338BD3A7C0EF1B7FC.d.CEB0962BC9446D785D2F587F0A956A22.e.21807/click - {}
RESULT: {}
COMMAND: POST /session/601af62cb68afff6944e8a635357ab53/element - {"using":"xpath","value":"//span[contains(text(), \"Cost Center\")]"}
COMMAND: GET /session/601af62cb68afff6944e8a635357ab53/screenshot - {}
RESULT: {"using":"xpath","value":"//span[contains(text(), \"Cost Center\")]"}
COMMAND: POST /session/601af62cb68afff6944e8a635357ab53/element/f.2CF887CE126DC6B338BD3A7C0EF1B7FC.d.CEB0962BC9446D785D2F587F0A956A22.e.21808/click - {}
RESULT: {}
RESULT: {}
COMMAND: GET /session/601af62cb68afff6944e8a635357ab53/screenshot - {}
RESULT: {}
COMMAND: POST /session/601af62cb68afff6944e8a635357ab53/element - {"using":"xpath","value":"//span[@id=\"application-manageyards-display-component---NewYard--addressNewCostObjectCstID-vhi\"]"}
RESULT: {"using":"xpath","value":"//span[@id=\"application-manageyards-display-component---NewYard--addressNewCostObjectCstID-vhi\"]"}
COMMAND: POST /session/601af62cb68afff6944e8a635357ab53/execute/sync - {"script":"<script> [8489 bytes]","args":[{"element-6066-11e4-a52e-4f735466cecf":"f.2CF887CE126DC6B338BD3A7C0EF1B7FC.d.CEB0962BC9446D785D2F587F0A956A22.e.21812","ELEMENT":"f.2CF887CE126DC6B338BD3A7C0EF1B7FC.d.CEB0962BC9446D785D2F587F0A956A22.e.21812"}]}
RESULT: {"script":"<script> [8489 bytes]","args":[{"element-6066-11e4-a52e-4f735466cecf":"f.2CF887CE126DC6B338BD3A7C0EF1B7FC.d.CEB0962BC9446D785D2F587F0A956A22.e.21812","ELEMENT":"f.2CF887CE126DC6B338BD3A7C0EF1B7FC.d.CEB0962BC9446D785D2F587F0A956A22.e.21812"}]}
COMMAND: POST /session/601af62cb68afff6944e8a635357ab53/execute/async - {"script":"<script> [1562 bytes]","args":[{"selector":{"id":"application-manageyards-display-component---NewYard--addressNewCostObjectCstID-vhi"},"wdio_ui5_key":"applicationmanageyards-display-component---NewYard--addressNewCostObjectCstID-vhi"}]}
COMMAND: GET /session/601af62cb68afff6944e8a635357ab53/screenshot - {}
RESULT: {"script":"<script> [1562 bytes]","args":[{"selector":{"id":"application-manageyards-display-component---NewYard--addressNewCostObjectCstID-vhi"},"wdio_ui5_key":"applicationmanageyards-display-component---NewYard--addressNewCostObjectCstID-vhi"}]}
RESULT: undefined
COMMAND: POST /session/601af62cb68afff6944e8a635357ab53/element - {"using":"xpath","value":"//*[@id=\"application-manageyards-display-component---NewYard--addressNewCostObjectCstID-vhi\"]"}
RESULT: {}
RESULT: {"using":"xpath","value":"//*[@id=\"application-manageyards-display-component---NewYard--addressNewCostObjectCstID-vhi\"]"}
COMMAND: POST /session/601af62cb68afff6944e8a635357ab53/element/f.2CF887CE126DC6B338BD3A7C0EF1B7FC.d.CEB0962BC9446D785D2F587F0A956A22.e.21812/click - {}
RESULT: {}
COMMAND: GET /session/601af62cb68afff6944e8a635357ab53/screenshot - {}
RESULT: {}
COMMAND: POST /session/601af62cb68afff6944e8a635357ab53/execute/async - {"script":"<script> [1562 bytes]","args":[{"selector":{"controlType":"sap.m.SearchField","properties":{"placeholder":"Search"},"searchOpenDialogs":true,"interaction":{"idSuffix":"I"}},"wdio_ui5_key":"sapm.SearchField{\"placeholder\":\"Search\"}"}]}
RESULT: {"script":"<script> [1562 bytes]","args":[{"selector":{"controlType":"sap.m.SearchField","properties":{"placeholder":"Search"},"searchOpenDialogs":true,"interaction":{"idSuffix":"I"}},"wdio_ui5_key":"sapm.SearchField{\"placeholder\":\"Search\"}"}]}
RESULT: undefined
COMMAND: POST /session/601af62cb68afff6944e8a635357ab53/execute/async - {"script":"<script> [776 bytes]","args":[{"enterText":"bauh_b","selector":{"controlType":"sap.m.SearchField","properties":{"placeholder":"Search"},"searchOpenDialogs":true,"interaction":{"idSuffix":"I"}},"clearTextFirst":true,"interactionType":"ENTER_TEXT"}]}
RESULT: {"script":"<script> [776 bytes]","args":[{"enterText":"bauh_b","selector":{"controlType":"sap.m.SearchField","properties":{"placeholder":"Search"},"searchOpenDialogs":true,"interaction":{"idSuffix":"I"}},"clearTextFirst":true,"interactionType":"ENTER_TEXT"}]}
COMMAND: POST /session/601af62cb68afff6944e8a635357ab53/actions - {"actions":[{"id":"action65","type":"key","parameters":{},"actions":[{"type":"keyDown","value":"î€‡"},{"type":"pause","duration":10},{"type":"keyUp","value":"î€‡"}]}]}
RESULT: {"actions":[{"id":"action65","type":"key","parameters":{},"actions":[{"type":"keyDown","value":"î€‡"},{"type":"pause","duration":10},{"type":"keyUp","value":"î€‡"}]}]}
COMMAND: GET /session/601af62cb68afff6944e8a635357ab53/screenshot - {}
RESULT: {}
COMMAND: POST /session/601af62cb68afff6944e8a635357ab53/element - {"using":"xpath","value":"//span[contains(text(), \"Demo Yard\")]"}
RESULT: {"using":"xpath","value":"//span[contains(text(), \"Demo Yard\")]"}
COMMAND: POST /session/601af62cb68afff6944e8a635357ab53/element/f.2CF887CE126DC6B338BD3A7C0EF1B7FC.d.CEB0962BC9446D785D2F587F0A956A22.e.21853/click - {}
RESULT: {}
COMMAND: GET /session/601af62cb68afff6944e8a635357ab53/screenshot - {}
RESULT: {}
COMMAND: POST /session/601af62cb68afff6944e8a635357ab53/element - {"using":"xpath","value":"//bdi[contains(text(), \"OK\")]"}
RESULT: {"using":"xpath","value":"//bdi[contains(text(), \"OK\")]"}
COMMAND: POST /session/601af62cb68afff6944e8a635357ab53/element/f.2CF887CE126DC6B338BD3A7C0EF1B7FC.d.CEB0962BC9446D785D2F587F0A956A22.e.21854/click - {}
RESULT: {}
COMMAND: GET /session/601af62cb68afff6944e8a635357ab53/screenshot - {}
RESULT: {}
COMMAND: POST /session/601af62cb68afff6944e8a635357ab53/execute/async - {"script":"<script> [1562 bytes]","args":[{"selector":{"id":"application-manageyards-display-component---NewYard--addressEditDetailsCurrency-arrow"},"wdio_ui5_key":"applicationmanageyards-display-component---NewYard--addressEditDetailsCurrency-arrow"}]}
RESULT: {"script":"<script> [1562 bytes]","args":[{"selector":{"id":"application-manageyards-display-component---NewYard--addressEditDetailsCurrency-arrow"},"wdio_ui5_key":"applicationmanageyards-display-component---NewYard--addressEditDetailsCurrency-arrow"}]}
RESULT: undefined
COMMAND: POST /session/601af62cb68afff6944e8a635357ab53/element - {"using":"xpath","value":"//*[@id=\"application-manageyards-display-component---NewYard--addressEditDetailsCurrency-arrow\"]"}
RESULT: {"using":"xpath","value":"//*[@id=\"application-manageyards-display-component---NewYard--addressEditDetailsCurrency-arrow\"]"}
COMMAND: POST /session/601af62cb68afff6944e8a635357ab53/element/f.2CF887CE126DC6B338BD3A7C0EF1B7FC.d.CEB0962BC9446D785D2F587F0A956A22.e.21857/click - {}
RESULT: {}
COMMAND: POST /session/601af62cb68afff6944e8a635357ab53/element - {"using":"xpath","value":"//span[contains(text(), \"Euro\")]"}
COMMAND: GET /session/601af62cb68afff6944e8a635357ab53/screenshot - {}
RESULT: {"using":"xpath","value":"//span[contains(text(), \"Euro\")]"}
COMMAND: POST /session/601af62cb68afff6944e8a635357ab53/element/f.2CF887CE126DC6B338BD3A7C0EF1B7FC.d.CEB0962BC9446D785D2F587F0A956A22.e.21858/click - {}
RESULT: {}
RESULT: {}
COMMAND: POST /session/601af62cb68afff6944e8a635357ab53/execute/async - {"script":"<script> [1562 bytes]","args":[{"selector":{"controlType":"sap.m.Input","viewName":"etm.portal.ui.manageyards.view.New","viewId":"application-manageyards-display-component---NewYard","bindingPath":{"path":"","propertyPath":"/CONTROLLING_AREA","modelName":"NewYardModel"},"interaction":{"idSuffix":"inner"}},"wdio_ui5_key":"etmportal.ui.manageyards.view.Newsap.m.Input{\"path\":\"\",\"propertyPath\":\"/CONTROLLING_AREA\",\"modelName\":\"NewYardModel\"}"}]}
COMMAND: GET /session/601af62cb68afff6944e8a635357ab53/screenshot - {}
RESULT: {"script":"<script> [1562 bytes]","args":[{"selector":{"controlType":"sap.m.Input","viewName":"etm.portal.ui.manageyards.view.New","viewId":"application-manageyards-display-component---NewYard","bindingPath":{"path":"","propertyPath":"/CONTROLLING_AREA","modelName":"NewYardModel"},"interaction":{"idSuffix":"inner"}},"wdio_ui5_key":"etmportal.ui.manageyards.view.Newsap.m.Input{\"path\":\"\",\"propertyPath\":\"/CONTROLLING_AREA\",\"modelName\":\"NewYardModel\"}"}]}
RESULT: undefined
COMMAND: POST /session/601af62cb68afff6944e8a635357ab53/execute/async - {"script":"<script> [776 bytes]","args":[{"enterText":"Z001","selector":{"controlType":"sap.m.Input","viewName":"etm.portal.ui.manageyards.view.New","viewId":"application-manageyards-display-component---NewYard","bindingPath":{"path":"","propertyPath":"/CONTROLLING_AREA","modelName":"NewYardModel"},"interaction":{"idSuffix":"inner"}},"clearTextFirst":true,"interactionType":"ENTER_TEXT"}]}
RESULT: {}
RESULT: {"script":"<script> [776 bytes]","args":[{"enterText":"Z001","selector":{"controlType":"sap.m.Input","viewName":"etm.portal.ui.manageyards.view.New","viewId":"application-manageyards-display-component---NewYard","bindingPath":{"path":"","propertyPath":"/CONTROLLING_AREA","modelName":"NewYardModel"},"interaction":{"idSuffix":"inner"}},"clearTextFirst":true,"interactionType":"ENTER_TEXT"}]}
COMMAND: POST /session/601af62cb68afff6944e8a635357ab53/execute/async - {"script":"<script> [1562 bytes]","args":[{"selector":{"id":"application-manageyards-display-component---NewYard--companyCodeComboBox","interaction":{"idSuffix":"inner"}},"wdio_ui5_key":"applicationmanageyards-display-component---NewYard--companyCodeComboBox"}]}
RESULT: {"script":"<script> [1562 bytes]","args":[{"selector":{"id":"application-manageyards-display-component---NewYard--companyCodeComboBox","interaction":{"idSuffix":"inner"}},"wdio_ui5_key":"applicationmanageyards-display-component---NewYard--companyCodeComboBox"}]}
RESULT: undefined
COMMAND: POST /session/601af62cb68afff6944e8a635357ab53/execute/async - {"script":"<script> [776 bytes]","args":[{"enterText":"1000","selector":{"id":"application-manageyards-display-component---NewYard--companyCodeComboBox","interaction":{"idSuffix":"inner"}},"clearTextFirst":true,"interactionType":"ENTER_TEXT"}]}
RESULT: {"script":"<script> [776 bytes]","args":[{"enterText":"1000","selector":{"id":"application-manageyards-display-component---NewYard--companyCodeComboBox","interaction":{"idSuffix":"inner"}},"clearTextFirst":true,"interactionType":"ENTER_TEXT"}]}
COMMAND: POST /session/601af62cb68afff6944e8a635357ab53/execute/async - {"script":"<script> [1562 bytes]","args":[{"selector":{"controlType":"sap.m.Input","viewName":"etm.portal.ui.manageyards.view.New","viewId":"application-manageyards-display-component---NewYard","bindingPath":{"path":"","propertyPath":"/PLANT","modelName":"NewYardModel"},"interaction":{"idSuffix":"inner"}},"wdio_ui5_key":"etmportal.ui.manageyards.view.Newsap.m.Input{\"path\":\"\",\"propertyPath\":\"/PLANT\",\"modelName\":\"NewYardModel\"}"}]}
RESULT: {"script":"<script> [1562 bytes]","args":[{"selector":{"controlType":"sap.m.Input","viewName":"etm.portal.ui.manageyards.view.New","viewId":"application-manageyards-display-component---NewYard","bindingPath":{"path":"","propertyPath":"/PLANT","modelName":"NewYardModel"},"interaction":{"idSuffix":"inner"}},"wdio_ui5_key":"etmportal.ui.manageyards.view.Newsap.m.Input{\"path\":\"\",\"propertyPath\":\"/PLANT\",\"modelName\":\"NewYardModel\"}"}]}
RESULT: undefined
COMMAND: POST /session/601af62cb68afff6944e8a635357ab53/execute/async - {"script":"<script> [776 bytes]","args":[{"enterText":"1001","selector":{"controlType":"sap.m.Input","viewName":"etm.portal.ui.manageyards.view.New","viewId":"application-manageyards-display-component---NewYard","bindingPath":{"path":"","propertyPath":"/PLANT","modelName":"NewYardModel"},"interaction":{"idSuffix":"inner"}},"clearTextFirst":true,"interactionType":"ENTER_TEXT"}]}
RESULT: {"script":"<script> [776 bytes]","args":[{"enterText":"1001","selector":{"controlType":"sap.m.Input","viewName":"etm.portal.ui.manageyards.view.New","viewId":"application-manageyards-display-component---NewYard","bindingPath":{"path":"","propertyPath":"/PLANT","modelName":"NewYardModel"},"interaction":{"idSuffix":"inner"}},"clearTextFirst":true,"interactionType":"ENTER_TEXT"}]}
COMMAND: POST /session/601af62cb68afff6944e8a635357ab53/execute/async - {"script":"<script> [1562 bytes]","args":[{"selector":{"controlType":"sap.m.Input","viewName":"etm.portal.ui.manageyards.view.New","viewId":"application-manageyards-display-component---NewYard","bindingPath":{"path":"","propertyPath":"/SALES_AREA_VKORG","modelName":"NewYardModel"},"interaction":{"idSuffix":"inner"}},"wdio_ui5_key":"etmportal.ui.manageyards.view.Newsap.m.Input{\"path\":\"\",\"propertyPath\":\"/SALES_AREA_VKORG\",\"modelName\":\"NewYardModel\"}"}]}
RESULT: {"script":"<script> [1562 bytes]","args":[{"selector":{"controlType":"sap.m.Input","viewName":"etm.portal.ui.manageyards.view.New","viewId":"application-manageyards-display-component---NewYard","bindingPath":{"path":"","propertyPath":"/SALES_AREA_VKORG","modelName":"NewYardModel"},"interaction":{"idSuffix":"inner"}},"wdio_ui5_key":"etmportal.ui.manageyards.view.Newsap.m.Input{\"path\":\"\",\"propertyPath\":\"/SALES_AREA_VKORG\",\"modelName\":\"NewYardModel\"}"}]}
RESULT: undefined
COMMAND: POST /session/601af62cb68afff6944e8a635357ab53/execute/async - {"script":"<script> [776 bytes]","args":[{"enterText":"C002","selector":{"controlType":"sap.m.Input","viewName":"etm.portal.ui.manageyards.view.New","viewId":"application-manageyards-display-component---NewYard","bindingPath":{"path":"","propertyPath":"/SALES_AREA_VKORG","modelName":"NewYardModel"},"interaction":{"idSuffix":"inner"}},"clearTextFirst":true,"interactionType":"ENTER_TEXT"}]}
RESULT: {"script":"<script> [776 bytes]","args":[{"enterText":"C002","selector":{"controlType":"sap.m.Input","viewName":"etm.portal.ui.manageyards.view.New","viewId":"application-manageyards-display-component---NewYard","bindingPath":{"path":"","propertyPath":"/SALES_AREA_VKORG","modelName":"NewYardModel"},"interaction":{"idSuffix":"inner"}},"clearTextFirst":true,"interactionType":"ENTER_TEXT"}]}
COMMAND: POST /session/601af62cb68afff6944e8a635357ab53/execute/async - {"script":"<script> [1562 bytes]","args":[{"selector":{"controlType":"sap.m.Input","viewName":"etm.portal.ui.manageyards.view.New","viewId":"application-manageyards-display-component---NewYard","bindingPath":{"path":"","propertyPath":"/SALES_AREA_VTWEG","modelName":"NewYardModel"},"interaction":{"idSuffix":"inner"}},"wdio_ui5_key":"etmportal.ui.manageyards.view.Newsap.m.Input{\"path\":\"\",\"propertyPath\":\"/SALES_AREA_VTWEG\",\"modelName\":\"NewYardModel\"}"}]}
RESULT: {"script":"<script> [1562 bytes]","args":[{"selector":{"controlType":"sap.m.Input","viewName":"etm.portal.ui.manageyards.view.New","viewId":"application-manageyards-display-component---NewYard","bindingPath":{"path":"","propertyPath":"/SALES_AREA_VTWEG","modelName":"NewYardModel"},"interaction":{"idSuffix":"inner"}},"wdio_ui5_key":"etmportal.ui.manageyards.view.Newsap.m.Input{\"path\":\"\",\"propertyPath\":\"/SALES_AREA_VTWEG\",\"modelName\":\"NewYardModel\"}"}]}
RESULT: undefined
COMMAND: POST /session/601af62cb68afff6944e8a635357ab53/execute/async - {"script":"<script> [776 bytes]","args":[{"enterText":"C2","selector":{"controlType":"sap.m.Input","viewName":"etm.portal.ui.manageyards.view.New","viewId":"application-manageyards-display-component---NewYard","bindingPath":{"path":"","propertyPath":"/SALES_AREA_VTWEG","modelName":"NewYardModel"},"interaction":{"idSuffix":"inner"}},"clearTextFirst":true,"interactionType":"ENTER_TEXT"}]}
RESULT: {"script":"<script> [776 bytes]","args":[{"enterText":"C2","selector":{"controlType":"sap.m.Input","viewName":"etm.portal.ui.manageyards.view.New","viewId":"application-manageyards-display-component---NewYard","bindingPath":{"path":"","propertyPath":"/SALES_AREA_VTWEG","modelName":"NewYardModel"},"interaction":{"idSuffix":"inner"}},"clearTextFirst":true,"interactionType":"ENTER_TEXT"}]}
COMMAND: POST /session/601af62cb68afff6944e8a635357ab53/execute/async - {"script":"<script> [1562 bytes]","args":[{"selector":{"controlType":"sap.m.Input","viewName":"etm.portal.ui.manageyards.view.New","viewId":"application-manageyards-display-component---NewYard","bindingPath":{"path":"","propertyPath":"/SALES_AREA_SPART","modelName":"NewYardModel"},"interaction":{"idSuffix":"inner"}},"wdio_ui5_key":"etmportal.ui.manageyards.view.Newsap.m.Input{\"path\":\"\",\"propertyPath\":\"/SALES_AREA_SPART\",\"modelName\":\"NewYardModel\"}"}]}
RESULT: {"script":"<script> [1562 bytes]","args":[{"selector":{"controlType":"sap.m.Input","viewName":"etm.portal.ui.manageyards.view.New","viewId":"application-manageyards-display-component---NewYard","bindingPath":{"path":"","propertyPath":"/SALES_AREA_SPART","modelName":"NewYardModel"},"interaction":{"idSuffix":"inner"}},"wdio_ui5_key":"etmportal.ui.manageyards.view.Newsap.m.Input{\"path\":\"\",\"propertyPath\":\"/SALES_AREA_SPART\",\"modelName\":\"NewYardModel\"}"}]}
RESULT: undefined
COMMAND: POST /session/601af62cb68afff6944e8a635357ab53/execute/async - {"script":"<script> [776 bytes]","args":[{"enterText":"C2","selector":{"controlType":"sap.m.Input","viewName":"etm.portal.ui.manageyards.view.New","viewId":"application-manageyards-display-component---NewYard","bindingPath":{"path":"","propertyPath":"/SALES_AREA_SPART","modelName":"NewYardModel"},"interaction":{"idSuffix":"inner"}},"clearTextFirst":true,"interactionType":"ENTER_TEXT"}]}
RESULT: {"script":"<script> [776 bytes]","args":[{"enterText":"C2","selector":{"controlType":"sap.m.Input","viewName":"etm.portal.ui.manageyards.view.New","viewId":"application-manageyards-display-component---NewYard","bindingPath":{"path":"","propertyPath":"/SALES_AREA_SPART","modelName":"NewYardModel"},"interaction":{"idSuffix":"inner"}},"clearTextFirst":true,"interactionType":"ENTER_TEXT"}]}
COMMAND: POST /session/601af62cb68afff6944e8a635357ab53/execute/async - {"script":"<script> [1562 bytes]","args":[{"selector":{"controlType":"sap.m.Input","viewName":"etm.portal.ui.manageyards.view.New","viewId":"application-manageyards-display-component---NewYard","bindingPath":{"path":"","propertyPath":"/SHIP_POINT","modelName":"NewYardModel"},"interaction":{"idSuffix":"inner"}},"wdio_ui5_key":"etmportal.ui.manageyards.view.Newsap.m.Input{\"path\":\"\",\"propertyPath\":\"/SHIP_POINT\",\"modelName\":\"NewYardModel\"}"}]}
RESULT: {"script":"<script> [1562 bytes]","args":[{"selector":{"controlType":"sap.m.Input","viewName":"etm.portal.ui.manageyards.view.New","viewId":"application-manageyards-display-component---NewYard","bindingPath":{"path":"","propertyPath":"/SHIP_POINT","modelName":"NewYardModel"},"interaction":{"idSuffix":"inner"}},"wdio_ui5_key":"etmportal.ui.manageyards.view.Newsap.m.Input{\"path\":\"\",\"propertyPath\":\"/SHIP_POINT\",\"modelName\":\"NewYardModel\"}"}]}
RESULT: undefined
COMMAND: POST /session/601af62cb68afff6944e8a635357ab53/execute/async - {"script":"<script> [776 bytes]","args":[{"enterText":"1710","selector":{"controlType":"sap.m.Input","viewName":"etm.portal.ui.manageyards.view.New","viewId":"application-manageyards-display-component---NewYard","bindingPath":{"path":"","propertyPath":"/SHIP_POINT","modelName":"NewYardModel"},"interaction":{"idSuffix":"inner"}},"clearTextFirst":true,"interactionType":"ENTER_TEXT"}]}
RESULT: {"script":"<script> [776 bytes]","args":[{"enterText":"1710","selector":{"controlType":"sap.m.Input","viewName":"etm.portal.ui.manageyards.view.New","viewId":"application-manageyards-display-component---NewYard","bindingPath":{"path":"","propertyPath":"/SHIP_POINT","modelName":"NewYardModel"},"interaction":{"idSuffix":"inner"}},"clearTextFirst":true,"interactionType":"ENTER_TEXT"}]}
COMMAND: POST /session/601af62cb68afff6944e8a635357ab53/execute/async - {"script":"<script> [1562 bytes]","args":[{"selector":{"controlType":"sap.m.Input","viewName":"etm.portal.ui.manageyards.view.New","viewId":"application-manageyards-display-component---NewYard","bindingPath":{"path":"","propertyPath":"/DELIVERY_TYPE","modelName":"NewYardModel"},"interaction":{"idSuffix":"inner"}},"wdio_ui5_key":"etmportal.ui.manageyards.view.Newsap.m.Input{\"path\":\"\",\"propertyPath\":\"/DELIVERY_TYPE\",\"modelName\":\"NewYardModel\"}"}]}
RESULT: {"script":"<script> [1562 bytes]","args":[{"selector":{"controlType":"sap.m.Input","viewName":"etm.portal.ui.manageyards.view.New","viewId":"application-manageyards-display-component---NewYard","bindingPath":{"path":"","propertyPath":"/DELIVERY_TYPE","modelName":"NewYardModel"},"interaction":{"idSuffix":"inner"}},"wdio_ui5_key":"etmportal.ui.manageyards.view.Newsap.m.Input{\"path\":\"\",\"propertyPath\":\"/DELIVERY_TYPE\",\"modelName\":\"NewYardModel\"}"}]}
RESULT: undefined
COMMAND: POST /session/601af62cb68afff6944e8a635357ab53/execute/async - {"script":"<script> [776 bytes]","args":[{"enterText":"ZL01","selector":{"controlType":"sap.m.Input","viewName":"etm.portal.ui.manageyards.view.New","viewId":"application-manageyards-display-component---NewYard","bindingPath":{"path":"","propertyPath":"/DELIVERY_TYPE","modelName":"NewYardModel"},"interaction":{"idSuffix":"inner"}},"clearTextFirst":true,"interactionType":"ENTER_TEXT"}]}
RESULT: {"script":"<script> [776 bytes]","args":[{"enterText":"ZL01","selector":{"controlType":"sap.m.Input","viewName":"etm.portal.ui.manageyards.view.New","viewId":"application-manageyards-display-component---NewYard","bindingPath":{"path":"","propertyPath":"/DELIVERY_TYPE","modelName":"NewYardModel"},"interaction":{"idSuffix":"inner"}},"clearTextFirst":true,"interactionType":"ENTER_TEXT"}]}
COMMAND: POST /session/601af62cb68afff6944e8a635357ab53/execute/async - {"script":"<script> [1562 bytes]","args":[{"selector":{"controlType":"sap.m.Input","viewName":"etm.portal.ui.manageyards.view.New","viewId":"application-manageyards-display-component---NewYard","bindingPath":{"path":"","propertyPath":"/AUART","modelName":"NewYardModel"},"interaction":{"idSuffix":"inner"}},"wdio_ui5_key":"etmportal.ui.manageyards.view.Newsap.m.Input{\"path\":\"\",\"propertyPath\":\"/AUART\",\"modelName\":\"NewYardModel\"}"}]}
RESULT: {"script":"<script> [1562 bytes]","args":[{"selector":{"controlType":"sap.m.Input","viewName":"etm.portal.ui.manageyards.view.New","viewId":"application-manageyards-display-component---NewYard","bindingPath":{"path":"","propertyPath":"/AUART","modelName":"NewYardModel"},"interaction":{"idSuffix":"inner"}},"wdio_ui5_key":"etmportal.ui.manageyards.view.Newsap.m.Input{\"path\":\"\",\"propertyPath\":\"/AUART\",\"modelName\":\"NewYardModel\"}"}]}
RESULT: undefined
COMMAND: POST /session/601af62cb68afff6944e8a635357ab53/execute/async - {"script":"<script> [776 bytes]","args":[{"enterText":"TA","selector":{"controlType":"sap.m.Input","viewName":"etm.portal.ui.manageyards.view.New","viewId":"application-manageyards-display-component---NewYard","bindingPath":{"path":"","propertyPath":"/AUART","modelName":"NewYardModel"},"interaction":{"idSuffix":"inner"}},"clearTextFirst":true,"interactionType":"ENTER_TEXT"}]}
RESULT: {"script":"<script> [776 bytes]","args":[{"enterText":"TA","selector":{"controlType":"sap.m.Input","viewName":"etm.portal.ui.manageyards.view.New","viewId":"application-manageyards-display-component---NewYard","bindingPath":{"path":"","propertyPath":"/AUART","modelName":"NewYardModel"},"interaction":{"idSuffix":"inner"}},"clearTextFirst":true,"interactionType":"ENTER_TEXT"}]}
COMMAND: POST /session/601af62cb68afff6944e8a635357ab53/element - {"using":"xpath","value":"//button[@data-kt=\"newYardSaveButton\"]"}
RESULT: {"using":"xpath","value":"//button[@data-kt=\"newYardSaveButton\"]"}
COMMAND: POST /session/601af62cb68afff6944e8a635357ab53/element/f.2CF887CE126DC6B338BD3A7C0EF1B7FC.d.CEB0962BC9446D785D2F587F0A956A22.e.21762/click - {}
RESULT: {}
COMMAND: GET /session/601af62cb68afff6944e8a635357ab53/screenshot - {}
RESULT: {}
COMMAND: POST /session/601af62cb68afff6944e8a635357ab53/element - {"using":"xpath","value":"//header[contains(@id, 'ObjectPageLayout-headerTitle')]/div[1]/div[2]/div[1]/span[1]"}
RESULT: {"using":"xpath","value":"//header[contains(@id, 'ObjectPageLayout-headerTitle')]/div[1]/div[2]/div[1]/span[1]"}
COMMAND: POST /session/601af62cb68afff6944e8a635357ab53/elements - {"using":"xpath","value":"//header[contains(@id, 'ObjectPageLayout-headerTitle')]/div[1]/div[2]/div[1]/span[1]"}
RESULT: {"using":"xpath","value":"//header[contains(@id, 'ObjectPageLayout-headerTitle')]/div[1]/div[2]/div[1]/span[1]"}
COMMAND: POST /session/601af62cb68afff6944e8a635357ab53/execute/sync - {"script":"<script> [56 bytes]","args":[{"element-6066-11e4-a52e-4f735466cecf":"f.2CF887CE126DC6B338BD3A7C0EF1B7FC.d.CEB0962BC9446D785D2F587F0A956A22.e.22082","ELEMENT":"f.2CF887CE126DC6B338BD3A7C0EF1B7FC.d.CEB0962BC9446D785D2F587F0A956A22.e.22082"}]}
RESULT: {"script":"<script> [56 bytes]","args":[{"element-6066-11e4-a52e-4f735466cecf":"f.2CF887CE126DC6B338BD3A7C0EF1B7FC.d.CEB0962BC9446D785D2F587F0A956A22.e.22082","ELEMENT":"f.2CF887CE126DC6B338BD3A7C0EF1B7FC.d.CEB0962BC9446D785D2F587F0A956A22.e.22082"}]}
COMMAND: GET /session/601af62cb68afff6944e8a635357ab53/screenshot - {}
RESULT: {}
COMMAND: POST /session/601af62cb68afff6944e8a635357ab53/element - {"using":"css selector","value":"#shell-header-logo"}
RESULT: {"using":"css selector","value":"#shell-header-logo"}
COMMAND: POST /session/601af62cb68afff6944e8a635357ab53/element/f.2CF887CE126DC6B338BD3A7C0EF1B7FC.d.CEB0962BC9446D785D2F587F0A956A22.e.21216/click - {}
RESULT: {}
COMMAND: GET /session/601af62cb68afff6944e8a635357ab53/screenshot - {}
RESULT: {}
COMMAND: POST /session/601af62cb68afff6944e8a635357ab53/execute/sync - {"script":"<script> [299 bytes]","args":[["getModel","getResource"]]}
RESULT: {"script":"<script> [299 bytes]","args":[["getModel","getResource"]]}
]]></system-out>
    </testcase>
    <testcase classname="chrome.136_0_7103_49.windows.Transfer_Yard_to_Yard_US131076" name="Should create the equipment" time="132.97">
      <system-out><![CDATA[
COMMAND: GET /session/601af62cb68afff6944e8a635357ab53/screenshot - {}
COMMAND: POST /session/601af62cb68afff6944e8a635357ab53/execute/async - {"script":"<script> [1562 bytes]","args":[{"selector":{"controlType":"sap.m.GenericTile","properties":{"header":"Manage Resources"}},"wdio_ui5_key":"sapm.GenericTile{\"header\":\"Manage Resources\"}"}]}
RESULT: {"script":"<script> [1562 bytes]","args":[{"selector":{"controlType":"sap.m.GenericTile","properties":{"header":"Manage Resources"}},"wdio_ui5_key":"sapm.GenericTile{\"header\":\"Manage Resources\"}"}]}
RESULT: undefined
COMMAND: POST /session/601af62cb68afff6944e8a635357ab53/element - {"using":"xpath","value":"//*[@id=\"__tile31\"]"}
RESULT: {}
RESULT: {"using":"xpath","value":"//*[@id=\"__tile31\"]"}
COMMAND: POST /session/601af62cb68afff6944e8a635357ab53/element/f.2CF887CE126DC6B338BD3A7C0EF1B7FC.d.CEB0962BC9446D785D2F587F0A956A22.e.21232/click - {}
RESULT: {}
COMMAND: GET /session/601af62cb68afff6944e8a635357ab53/screenshot - {}
RESULT: {}
COMMAND: POST /session/601af62cb68afff6944e8a635357ab53/elements - {"using":"xpath","value":"//span[text()='Error']"}
RESULT: {"using":"xpath","value":"//span[text()='Error']"}
COMMAND: POST /session/601af62cb68afff6944e8a635357ab53/element - {"using":"xpath","value":"//button[@data-kt=\"addNewRUOverflowToolbarButton\"]"}
RESULT: {"using":"xpath","value":"//button[@data-kt=\"addNewRUOverflowToolbarButton\"]"}
COMMAND: POST /session/601af62cb68afff6944e8a635357ab53/elements - {"using":"xpath","value":"//button[@data-kt=\"addNewRUOverflowToolbarButton\"]"}
RESULT: {"using":"xpath","value":"//button[@data-kt=\"addNewRUOverflowToolbarButton\"]"}
COMMAND: POST /session/601af62cb68afff6944e8a635357ab53/execute/sync - {"script":"<script> [8489 bytes]","args":[{"element-6066-11e4-a52e-4f735466cecf":"f.2CF887CE126DC6B338BD3A7C0EF1B7FC.d.CEB0962BC9446D785D2F587F0A956A22.e.22125","ELEMENT":"f.2CF887CE126DC6B338BD3A7C0EF1B7FC.d.CEB0962BC9446D785D2F587F0A956A22.e.22125"}]}
RESULT: {"script":"<script> [8489 bytes]","args":[{"element-6066-11e4-a52e-4f735466cecf":"f.2CF887CE126DC6B338BD3A7C0EF1B7FC.d.CEB0962BC9446D785D2F587F0A956A22.e.22125","ELEMENT":"f.2CF887CE126DC6B338BD3A7C0EF1B7FC.d.CEB0962BC9446D785D2F587F0A956A22.e.22125"}]}
COMMAND: GET /session/601af62cb68afff6944e8a635357ab53/element/f.2CF887CE126DC6B338BD3A7C0EF1B7FC.d.CEB0962BC9446D785D2F587F0A956A22.e.22125/enabled - {}
COMMAND: GET /session/601af62cb68afff6944e8a635357ab53/screenshot - {}
RESULT: {}
COMMAND: POST /session/601af62cb68afff6944e8a635357ab53/execute/sync - {"script":"<script> [8489 bytes]","args":[{"element-6066-11e4-a52e-4f735466cecf":"f.2CF887CE126DC6B338BD3A7C0EF1B7FC.d.CEB0962BC9446D785D2F587F0A956A22.e.22125","ELEMENT":"f.2CF887CE126DC6B338BD3A7C0EF1B7FC.d.CEB0962BC9446D785D2F587F0A956A22.e.22125"}]}
COMMAND: GET /session/601af62cb68afff6944e8a635357ab53/screenshot - {}
RESULT: {}
RESULT: {"script":"<script> [8489 bytes]","args":[{"element-6066-11e4-a52e-4f735466cecf":"f.2CF887CE126DC6B338BD3A7C0EF1B7FC.d.CEB0962BC9446D785D2F587F0A956A22.e.22125","ELEMENT":"f.2CF887CE126DC6B338BD3A7C0EF1B7FC.d.CEB0962BC9446D785D2F587F0A956A22.e.22125"}]}
COMMAND: POST /session/601af62cb68afff6944e8a635357ab53/execute/sync - {"script":"<script> [5351 bytes]","args":[{"element-6066-11e4-a52e-4f735466cecf":"f.2CF887CE126DC6B338BD3A7C0EF1B7FC.d.CEB0962BC9446D785D2F587F0A956A22.e.22125","ELEMENT":"f.2CF887CE126DC6B338BD3A7C0EF1B7FC.d.CEB0962BC9446D785D2F587F0A956A22.e.22125"}]}
COMMAND: GET /session/601af62cb68afff6944e8a635357ab53/screenshot - {}
RESULT: {}
RESULT: {"script":"<script> [5351 bytes]","args":[{"element-6066-11e4-a52e-4f735466cecf":"f.2CF887CE126DC6B338BD3A7C0EF1B7FC.d.CEB0962BC9446D785D2F587F0A956A22.e.22125","ELEMENT":"f.2CF887CE126DC6B338BD3A7C0EF1B7FC.d.CEB0962BC9446D785D2F587F0A956A22.e.22125"}]}
COMMAND: POST /session/601af62cb68afff6944e8a635357ab53/element/f.2CF887CE126DC6B338BD3A7C0EF1B7FC.d.CEB0962BC9446D785D2F587F0A956A22.e.22125/click - {}
COMMAND: GET /session/601af62cb68afff6944e8a635357ab53/screenshot - {}
RESULT: {}
RESULT: {}
COMMAND: GET /session/601af62cb68afff6944e8a635357ab53/screenshot - {}
COMMAND: POST /session/601af62cb68afff6944e8a635357ab53/execute/async - {"script":"<script> [1562 bytes]","args":[{"selector":{"id":"application-manageresources-display-component---newResourceUnit--TYPE-arrow"},"wdio_ui5_key":"applicationmanageresources-display-component---newResourceUnit--TYPE-arrow"}]}
RESULT: {}
RESULT: {}
RESULT: {"script":"<script> [1562 bytes]","args":[{"selector":{"id":"application-manageresources-display-component---newResourceUnit--TYPE-arrow"},"wdio_ui5_key":"applicationmanageresources-display-component---newResourceUnit--TYPE-arrow"}]}
RESULT: undefined
COMMAND: POST /session/601af62cb68afff6944e8a635357ab53/element - {"using":"xpath","value":"//*[@id=\"application-manageresources-display-component---newResourceUnit--TYPE-arrow\"]"}
RESULT: {"using":"xpath","value":"//*[@id=\"application-manageresources-display-component---newResourceUnit--TYPE-arrow\"]"}
COMMAND: POST /session/601af62cb68afff6944e8a635357ab53/element/f.2CF887CE126DC6B338BD3A7C0EF1B7FC.d.CEB0962BC9446D785D2F587F0A956A22.e.22478/click - {}
RESULT: {}
COMMAND: POST /session/601af62cb68afff6944e8a635357ab53/element - {"using":"xpath","value":"//input[@id=\"application-manageresources-display-component---newResourceUnit--TYPE-inner\"]"}
COMMAND: GET /session/601af62cb68afff6944e8a635357ab53/screenshot - {}
RESULT: {"using":"xpath","value":"//input[@id=\"application-manageresources-display-component---newResourceUnit--TYPE-inner\"]"}
COMMAND: POST /session/601af62cb68afff6944e8a635357ab53/element/f.2CF887CE126DC6B338BD3A7C0EF1B7FC.d.CEB0962BC9446D785D2F587F0A956A22.e.22462/clear - {}
RESULT: {}
RESULT: {}
COMMAND: POST /session/601af62cb68afff6944e8a635357ab53/element/f.2CF887CE126DC6B338BD3A7C0EF1B7FC.d.CEB0962BC9446D785D2F587F0A956A22.e.22462/value - {"text":"Equipment"}
COMMAND: GET /session/601af62cb68afff6944e8a635357ab53/screenshot - {}
RESULT: {"text":"Equipment"}
COMMAND: GET /session/601af62cb68afff6944e8a635357ab53/screenshot - {}
RESULT: {}
RESULT: {}
COMMAND: POST /session/601af62cb68afff6944e8a635357ab53/actions - {"actions":[{"id":"action66","type":"key","parameters":{},"actions":[{"type":"keyDown","value":"î€‡"},{"type":"pause","duration":10},{"type":"keyUp","value":"î€‡"}]}]}
RESULT: {"actions":[{"id":"action66","type":"key","parameters":{},"actions":[{"type":"keyDown","value":"î€‡"},{"type":"pause","duration":10},{"type":"keyUp","value":"î€‡"}]}]}
COMMAND: POST /session/601af62cb68afff6944e8a635357ab53/execute/async - {"script":"<script> [1562 bytes]","args":[{"selector":{"id":"application-manageresources-display-component---newResourceUnit--resourceId","interaction":{"idSuffix":"inner"}},"wdio_ui5_key":"applicationmanageresources-display-component---newResourceUnit--resourceId"}]}
COMMAND: GET /session/601af62cb68afff6944e8a635357ab53/screenshot - {}
RESULT: {"script":"<script> [1562 bytes]","args":[{"selector":{"id":"application-manageresources-display-component---newResourceUnit--resourceId","interaction":{"idSuffix":"inner"}},"wdio_ui5_key":"applicationmanageresources-display-component---newResourceUnit--resourceId"}]}
RESULT: undefined
COMMAND: POST /session/601af62cb68afff6944e8a635357ab53/execute/async - {"script":"<script> [776 bytes]","args":[{"enterText":"pXeecnuf17","selector":{"id":"application-manageresources-display-component---newResourceUnit--resourceId","interaction":{"idSuffix":"inner"}},"clearTextFirst":true,"interactionType":"ENTER_TEXT"}]}
RESULT: {}
RESULT: {"script":"<script> [776 bytes]","args":[{"enterText":"pXeecnuf17","selector":{"id":"application-manageresources-display-component---newResourceUnit--resourceId","interaction":{"idSuffix":"inner"}},"clearTextFirst":true,"interactionType":"ENTER_TEXT"}]}
COMMAND: POST /session/601af62cb68afff6944e8a635357ab53/execute/async - {"script":"<script> [1562 bytes]","args":[{"selector":{"id":"application-manageresources-display-component---newResourceUnit--SHORT_TEXT","interaction":{"idSuffix":"inner"}},"wdio_ui5_key":"applicationmanageresources-display-component---newResourceUnit--SHORT_TEXT"}]}
RESULT: {"script":"<script> [1562 bytes]","args":[{"selector":{"id":"application-manageresources-display-component---newResourceUnit--SHORT_TEXT","interaction":{"idSuffix":"inner"}},"wdio_ui5_key":"applicationmanageresources-display-component---newResourceUnit--SHORT_TEXT"}]}
RESULT: undefined
COMMAND: POST /session/601af62cb68afff6944e8a635357ab53/execute/async - {"script":"<script> [776 bytes]","args":[{"enterText":"Intercompany Equipment WDIO","selector":{"id":"application-manageresources-display-component---newResourceUnit--SHORT_TEXT","interaction":{"idSuffix":"inner"}},"clearTextFirst":true,"interactionType":"ENTER_TEXT"}]}
RESULT: {"script":"<script> [776 bytes]","args":[{"enterText":"Intercompany Equipment WDIO","selector":{"id":"application-manageresources-display-component---newResourceUnit--SHORT_TEXT","interaction":{"idSuffix":"inner"}},"clearTextFirst":true,"interactionType":"ENTER_TEXT"}]}
COMMAND: POST /session/601af62cb68afff6944e8a635357ab53/execute/async - {"script":"<script> [1562 bytes]","args":[{"selector":{"id":"application-manageresources-display-component---newResourceUnit--BASE_UNIT_OF_MEASURE","interaction":{"idSuffix":"inner"}},"wdio_ui5_key":"applicationmanageresources-display-component---newResourceUnit--BASE_UNIT_OF_MEASURE"}]}
RESULT: {"script":"<script> [1562 bytes]","args":[{"selector":{"id":"application-manageresources-display-component---newResourceUnit--BASE_UNIT_OF_MEASURE","interaction":{"idSuffix":"inner"}},"wdio_ui5_key":"applicationmanageresources-display-component---newResourceUnit--BASE_UNIT_OF_MEASURE"}]}
RESULT: undefined
COMMAND: POST /session/601af62cb68afff6944e8a635357ab53/execute/async - {"script":"<script> [776 bytes]","args":[{"enterText":"Piece","selector":{"id":"application-manageresources-display-component---newResourceUnit--BASE_UNIT_OF_MEASURE","interaction":{"idSuffix":"inner"}},"clearTextFirst":true,"interactionType":"ENTER_TEXT"}]}
RESULT: {"script":"<script> [776 bytes]","args":[{"enterText":"Piece","selector":{"id":"application-manageresources-display-component---newResourceUnit--BASE_UNIT_OF_MEASURE","interaction":{"idSuffix":"inner"}},"clearTextFirst":true,"interactionType":"ENTER_TEXT"}]}
COMMAND: POST /session/601af62cb68afff6944e8a635357ab53/execute/async - {"script":"<script> [1562 bytes]","args":[{"selector":{"id":"application-manageresources-display-component---newResourceUnit--WEIGHT_UNIT","interaction":{"idSuffix":"inner"}},"wdio_ui5_key":"applicationmanageresources-display-component---newResourceUnit--WEIGHT_UNIT"}]}
RESULT: {"script":"<script> [1562 bytes]","args":[{"selector":{"id":"application-manageresources-display-component---newResourceUnit--WEIGHT_UNIT","interaction":{"idSuffix":"inner"}},"wdio_ui5_key":"applicationmanageresources-display-component---newResourceUnit--WEIGHT_UNIT"}]}
RESULT: undefined
COMMAND: POST /session/601af62cb68afff6944e8a635357ab53/execute/async - {"script":"<script> [776 bytes]","args":[{"enterText":"Gram","selector":{"id":"application-manageresources-display-component---newResourceUnit--WEIGHT_UNIT","interaction":{"idSuffix":"inner"}},"clearTextFirst":true,"interactionType":"ENTER_TEXT"}]}
RESULT: {"script":"<script> [776 bytes]","args":[{"enterText":"Gram","selector":{"id":"application-manageresources-display-component---newResourceUnit--WEIGHT_UNIT","interaction":{"idSuffix":"inner"}},"clearTextFirst":true,"interactionType":"ENTER_TEXT"}]}
COMMAND: POST /session/601af62cb68afff6944e8a635357ab53/execute/async - {"script":"<script> [1562 bytes]","args":[{"selector":{"id":"application-manageresources-display-component---newResourceUnit--DIMENSION_UNIT","interaction":{"idSuffix":"inner"}},"wdio_ui5_key":"applicationmanageresources-display-component---newResourceUnit--DIMENSION_UNIT"}]}
RESULT: {"script":"<script> [1562 bytes]","args":[{"selector":{"id":"application-manageresources-display-component---newResourceUnit--DIMENSION_UNIT","interaction":{"idSuffix":"inner"}},"wdio_ui5_key":"applicationmanageresources-display-component---newResourceUnit--DIMENSION_UNIT"}]}
RESULT: undefined
COMMAND: POST /session/601af62cb68afff6944e8a635357ab53/execute/async - {"script":"<script> [776 bytes]","args":[{"enterText":"Meter","selector":{"id":"application-manageresources-display-component---newResourceUnit--DIMENSION_UNIT","interaction":{"idSuffix":"inner"}},"clearTextFirst":true,"interactionType":"ENTER_TEXT"}]}
RESULT: {"script":"<script> [776 bytes]","args":[{"enterText":"Meter","selector":{"id":"application-manageresources-display-component---newResourceUnit--DIMENSION_UNIT","interaction":{"idSuffix":"inner"}},"clearTextFirst":true,"interactionType":"ENTER_TEXT"}]}
COMMAND: POST /session/601af62cb68afff6944e8a635357ab53/execute/async - {"script":"<script> [1562 bytes]","args":[{"selector":{"id":"application-manageresources-display-component---newResourceUnit--newRRUPage-anchBar-application-manageresources-display-component---newResourceUnit--control-anchor","interaction":{"idSuffix":"BDI-content"}},"wdio_ui5_key":"applicationmanageresources-display-component---newResourceUnit--newRRUPage-anchBar-application-manageresources-display-component---newResourceUnit--control-anchor"}]}
RESULT: {"script":"<script> [1562 bytes]","args":[{"selector":{"id":"application-manageresources-display-component---newResourceUnit--newRRUPage-anchBar-application-manageresources-display-component---newResourceUnit--control-anchor","interaction":{"idSuffix":"BDI-content"}},"wdio_ui5_key":"applicationmanageresources-display-component---newResourceUnit--newRRUPage-anchBar-application-manageresources-display-component---newResourceUnit--control-anchor"}]}
RESULT: undefined
COMMAND: POST /session/601af62cb68afff6944e8a635357ab53/element - {"using":"xpath","value":"//*[@id=\"application-manageresources-display-component---newResourceUnit--newRRUPage-anchBar-application-manageresources-display-component---newResourceUnit--control-anchor\"]"}
RESULT: {"using":"xpath","value":"//*[@id=\"application-manageresources-display-component---newResourceUnit--newRRUPage-anchBar-application-manageresources-display-component---newResourceUnit--control-anchor\"]"}
COMMAND: POST /session/601af62cb68afff6944e8a635357ab53/element/f.2CF887CE126DC6B338BD3A7C0EF1B7FC.d.CEB0962BC9446D785D2F587F0A956A22.e.22608/click - {}
RESULT: {}
COMMAND: POST /session/601af62cb68afff6944e8a635357ab53/execute/async - {"script":"<script> [1562 bytes]","args":[{"selector":{"id":"application-manageresources-display-component---newResourceUnit--PLANNING_GROUP","interaction":{"idSuffix":"inner"}},"wdio_ui5_key":"applicationmanageresources-display-component---newResourceUnit--PLANNING_GROUP"}]}
COMMAND: GET /session/601af62cb68afff6944e8a635357ab53/screenshot - {}
RESULT: {"script":"<script> [1562 bytes]","args":[{"selector":{"id":"application-manageresources-display-component---newResourceUnit--PLANNING_GROUP","interaction":{"idSuffix":"inner"}},"wdio_ui5_key":"applicationmanageresources-display-component---newResourceUnit--PLANNING_GROUP"}]}
RESULT: undefined
COMMAND: POST /session/601af62cb68afff6944e8a635357ab53/execute/async - {"script":"<script> [776 bytes]","args":[{"enterText":"Heavy Equi","selector":{"id":"application-manageresources-display-component---newResourceUnit--PLANNING_GROUP","interaction":{"idSuffix":"inner"}},"clearTextFirst":true,"interactionType":"ENTER_TEXT"}]}
RESULT: {}
RESULT: {"script":"<script> [776 bytes]","args":[{"enterText":"Heavy Equi","selector":{"id":"application-manageresources-display-component---newResourceUnit--PLANNING_GROUP","interaction":{"idSuffix":"inner"}},"clearTextFirst":true,"interactionType":"ENTER_TEXT"}]}
COMMAND: POST /session/601af62cb68afff6944e8a635357ab53/execute/async - {"script":"<script> [1562 bytes]","args":[{"selector":{"id":"application-manageresources-display-component---newResourceUnit--ITEM_TYPE-arrow"},"wdio_ui5_key":"applicationmanageresources-display-component---newResourceUnit--ITEM_TYPE-arrow"}]}
RESULT: {"script":"<script> [1562 bytes]","args":[{"selector":{"id":"application-manageresources-display-component---newResourceUnit--ITEM_TYPE-arrow"},"wdio_ui5_key":"applicationmanageresources-display-component---newResourceUnit--ITEM_TYPE-arrow"}]}
RESULT: undefined
COMMAND: POST /session/601af62cb68afff6944e8a635357ab53/element - {"using":"xpath","value":"//*[@id=\"application-manageresources-display-component---newResourceUnit--ITEM_TYPE-arrow\"]"}
RESULT: {"using":"xpath","value":"//*[@id=\"application-manageresources-display-component---newResourceUnit--ITEM_TYPE-arrow\"]"}
COMMAND: POST /session/601af62cb68afff6944e8a635357ab53/element/f.2CF887CE126DC6B338BD3A7C0EF1B7FC.d.CEB0962BC9446D785D2F587F0A956A22.e.22616/click - {}
RESULT: {}
COMMAND: POST /session/601af62cb68afff6944e8a635357ab53/element - {"using":"xpath","value":"(//span[contains(text(), \"Resource Unit\")])[2]"}
COMMAND: GET /session/601af62cb68afff6944e8a635357ab53/screenshot - {}
RESULT: {"using":"xpath","value":"(//span[contains(text(), \"Resource Unit\")])[2]"}
COMMAND: POST /session/601af62cb68afff6944e8a635357ab53/element/f.2CF887CE126DC6B338BD3A7C0EF1B7FC.d.CEB0962BC9446D785D2F587F0A956A22.e.22617/click - {}
RESULT: {}
RESULT: {}
COMMAND: GET /session/601af62cb68afff6944e8a635357ab53/screenshot - {}
RESULT: {}
COMMAND: POST /session/601af62cb68afff6944e8a635357ab53/element - {"using":"css selector","value":"#application-manageresources-display-component---newResourceUnit--btnAddTimeSegment"}
RESULT: {"using":"css selector","value":"#application-manageresources-display-component---newResourceUnit--btnAddTimeSegment"}
COMMAND: GET /session/601af62cb68afff6944e8a635357ab53/element/f.2CF887CE126DC6B338BD3A7C0EF1B7FC.d.CEB0962BC9446D785D2F587F0A956A22.e.22618/rect - {}
RESULT: {}
COMMAND: GET /session/601af62cb68afff6944e8a635357ab53/window/rect - {}
RESULT: {}
COMMAND: POST /session/601af62cb68afff6944e8a635357ab53/execute/sync - {"script":"<script> [92 bytes]","args":[]}
RESULT: {"script":"<script> [92 bytes]","args":[]}
COMMAND: POST /session/601af62cb68afff6944e8a635357ab53/actions - {"actions":[{"id":"action67","type":"wheel","parameters":{},"actions":[{"type":"scroll","x":-1888,"y":-32,"deltaX":0,"deltaY":0,"duration":0,"origin":{"element-6066-11e4-a52e-4f735466cecf":"f.2CF887CE126DC6B338BD3A7C0EF1B7FC.d.CEB0962BC9446D785D2F587F0A956A22.e.22618"}}]}]}
COMMAND: GET /session/601af62cb68afff6944e8a635357ab53/screenshot - {}
RESULT: {}
COMMAND: POST /session/601af62cb68afff6944e8a635357ab53/execute/sync - {"script":"<script> [79 bytes]","args":[{"element-6066-11e4-a52e-4f735466cecf":"f.2CF887CE126DC6B338BD3A7C0EF1B7FC.d.CEB0962BC9446D785D2F587F0A956A22.e.22618","ELEMENT":"f.2CF887CE126DC6B338BD3A7C0EF1B7FC.d.CEB0962BC9446D785D2F587F0A956A22.e.22618"},{"block":"start","inline":"nearest"}]}
RESULT: {"script":"<script> [79 bytes]","args":[{"element-6066-11e4-a52e-4f735466cecf":"f.2CF887CE126DC6B338BD3A7C0EF1B7FC.d.CEB0962BC9446D785D2F587F0A956A22.e.22618","ELEMENT":"f.2CF887CE126DC6B338BD3A7C0EF1B7FC.d.CEB0962BC9446D785D2F587F0A956A22.e.22618"},{"block":"start","inline":"nearest"}]}
COMMAND: POST /session/601af62cb68afff6944e8a635357ab53/execute/async - {"script":"<script> [1562 bytes]","args":[{"selector":{"id":"application-manageresources-display-component---newResourceUnit--btnAddTimeSegment","interaction":{"idSuffix":"inner"}},"wdio_ui5_key":"applicationmanageresources-display-component---newResourceUnit--btnAddTimeSegment"}]}
COMMAND: GET /session/601af62cb68afff6944e8a635357ab53/screenshot - {}
RESULT: {"script":"<script> [1562 bytes]","args":[{"selector":{"id":"application-manageresources-display-component---newResourceUnit--btnAddTimeSegment","interaction":{"idSuffix":"inner"}},"wdio_ui5_key":"applicationmanageresources-display-component---newResourceUnit--btnAddTimeSegment"}]}
RESULT: undefined
COMMAND: POST /session/601af62cb68afff6944e8a635357ab53/element - {"using":"xpath","value":"//*[@id=\"application-manageresources-display-component---newResourceUnit--btnAddTimeSegment\"]"}
RESULT: {}
RESULT: {"using":"xpath","value":"//*[@id=\"application-manageresources-display-component---newResourceUnit--btnAddTimeSegment\"]"}
COMMAND: POST /session/601af62cb68afff6944e8a635357ab53/element/f.2CF887CE126DC6B338BD3A7C0EF1B7FC.d.CEB0962BC9446D785D2F587F0A956A22.e.22618/click - {}
RESULT: {}
COMMAND: GET /session/601af62cb68afff6944e8a635357ab53/screenshot - {}
RESULT: {}
COMMAND: POST /session/601af62cb68afff6944e8a635357ab53/element - {"using":"xpath","value":"//input[@id=\"application-manageresources-display-component---newResourceUnit--idRuTSAdmin-application-manageresources-display-component---newResourceUnit--RUTimeSegment-0-inner\"]"}
RESULT: {"using":"xpath","value":"//input[@id=\"application-manageresources-display-component---newResourceUnit--idRuTSAdmin-application-manageresources-display-component---newResourceUnit--RUTimeSegment-0-inner\"]"}
COMMAND: POST /session/601af62cb68afff6944e8a635357ab53/element/f.2CF887CE126DC6B338BD3A7C0EF1B7FC.d.CEB0962BC9446D785D2F587F0A956A22.e.22624/clear - {}
RESULT: {}
COMMAND: POST /session/601af62cb68afff6944e8a635357ab53/element/f.2CF887CE126DC6B338BD3A7C0EF1B7FC.d.CEB0962BC9446D785D2F587F0A956A22.e.22624/value - {"text":"362"}
COMMAND: GET /session/601af62cb68afff6944e8a635357ab53/screenshot - {}
RESULT: {}
RESULT: {"text":"362"}
COMMAND: GET /session/601af62cb68afff6944e8a635357ab53/screenshot - {}
RESULT: {}
COMMAND: POST /session/601af62cb68afff6944e8a635357ab53/element - {"using":"xpath","value":"//li[.//span[text()='362']]"}
RESULT: {"using":"xpath","value":"//li[.//span[text()='362']]"}
COMMAND: POST /session/601af62cb68afff6944e8a635357ab53/element/f.2CF887CE126DC6B338BD3A7C0EF1B7FC.d.CEB0962BC9446D785D2F587F0A956A22.e.22636/click - {}
RESULT: {}
COMMAND: GET /session/601af62cb68afff6944e8a635357ab53/screenshot - {}
RESULT: {}
COMMAND: POST /session/601af62cb68afff6944e8a635357ab53/element - {"using":"xpath","value":"(//span[contains(@id, \"-application-manageresources-display-component---newResourceUnit--RUTimeSegment-0-arrow\")])[6]"}
RESULT: {"using":"xpath","value":"(//span[contains(@id, \"-application-manageresources-display-component---newResourceUnit--RUTimeSegment-0-arrow\")])[6]"}
COMMAND: POST /session/601af62cb68afff6944e8a635357ab53/element/f.2CF887CE126DC6B338BD3A7C0EF1B7FC.d.CEB0962BC9446D785D2F587F0A956A22.e.22637/click - {}
RESULT: {}
COMMAND: GET /session/601af62cb68afff6944e8a635357ab53/screenshot - {}
RESULT: {}
COMMAND: POST /session/601af62cb68afff6944e8a635357ab53/element - {"using":"xpath","value":"//span[contains(text(), \"PM Order\")]"}
RESULT: {"using":"xpath","value":"//span[contains(text(), \"PM Order\")]"}
COMMAND: POST /session/601af62cb68afff6944e8a635357ab53/element/f.2CF887CE126DC6B338BD3A7C0EF1B7FC.d.CEB0962BC9446D785D2F587F0A956A22.e.22640/click - {}
RESULT: {}
COMMAND: GET /session/601af62cb68afff6944e8a635357ab53/screenshot - {}
RESULT: {}
COMMAND: POST /session/601af62cb68afff6944e8a635357ab53/element - {"using":"xpath","value":"(//span[contains(@id ,\"manageresources-display-component---newResourceUnit--RUTimeSegment-0-vhi\")])[1]"}
RESULT: {"using":"xpath","value":"(//span[contains(@id ,\"manageresources-display-component---newResourceUnit--RUTimeSegment-0-vhi\")])[1]"}
COMMAND: GET /session/601af62cb68afff6944e8a635357ab53/element/f.2CF887CE126DC6B338BD3A7C0EF1B7FC.d.CEB0962BC9446D785D2F587F0A956A22.e.22644/rect - {}
RESULT: {}
COMMAND: GET /session/601af62cb68afff6944e8a635357ab53/window/rect - {}
RESULT: {}
COMMAND: POST /session/601af62cb68afff6944e8a635357ab53/execute/sync - {"script":"<script> [92 bytes]","args":[]}
RESULT: {"script":"<script> [92 bytes]","args":[]}
COMMAND: POST /session/601af62cb68afff6944e8a635357ab53/actions - {"actions":[{"id":"action68","type":"wheel","parameters":{},"actions":[{"type":"scroll","x":-869,"y":-24,"deltaX":0,"deltaY":0,"duration":0,"origin":{"element-6066-11e4-a52e-4f735466cecf":"f.2CF887CE126DC6B338BD3A7C0EF1B7FC.d.CEB0962BC9446D785D2F587F0A956A22.e.22644"}}]}]}
COMMAND: GET /session/601af62cb68afff6944e8a635357ab53/screenshot - {}
RESULT: {"actions":[{"id":"action68","type":"wheel","parameters":{},"actions":[{"type":"scroll","x":-869,"y":-24,"deltaX":0,"deltaY":0,"duration":0,"origin":{"element-6066-11e4-a52e-4f735466cecf":"f.2CF887CE126DC6B338BD3A7C0EF1B7FC.d.CEB0962BC9446D785D2F587F0A956A22.e.22644"}}]}]}
COMMAND: DELETE /session/601af62cb68afff6944e8a635357ab53/actions - {}
COMMAND: GET /session/601af62cb68afff6944e8a635357ab53/screenshot - {}
RESULT: {}
RESULT: {}
COMMAND: GET /session/601af62cb68afff6944e8a635357ab53/screenshot - {}
RESULT: {}
RESULT: {}
COMMAND: POST /session/601af62cb68afff6944e8a635357ab53/element/f.2CF887CE126DC6B338BD3A7C0EF1B7FC.d.CEB0962BC9446D785D2F587F0A956A22.e.22644/click - {}
RESULT: {}
COMMAND: GET /session/601af62cb68afff6944e8a635357ab53/screenshot - {}
RESULT: {}
RESULT: undefined
COMMAND: POST /session/601af62cb68afff6944e8a635357ab53/execute/async - {"script":"<script> [776 bytes]","args":[{"enterText":"4000360","selector":{"controlType":"sap.m.SearchField","properties":{"placeholder":"Search"},"searchOpenDialogs":true,"interaction":{"idSuffix":"I"}},"clearTextFirst":true,"interactionType":"ENTER_TEXT"}]}
RESULT: {"script":"<script> [776 bytes]","args":[{"enterText":"4000360","selector":{"controlType":"sap.m.SearchField","properties":{"placeholder":"Search"},"searchOpenDialogs":true,"interaction":{"idSuffix":"I"}},"clearTextFirst":true,"interactionType":"ENTER_TEXT"}]}
COMMAND: POST /session/601af62cb68afff6944e8a635357ab53/actions - {"actions":[{"id":"action69","type":"key","parameters":{},"actions":[{"type":"keyDown","value":"î€‡"},{"type":"pause","duration":10},{"type":"keyUp","value":"î€‡"}]}]}
RESULT: {"actions":[{"id":"action69","type":"key","parameters":{},"actions":[{"type":"keyDown","value":"î€‡"},{"type":"pause","duration":10},{"type":"keyUp","value":"î€‡"}]}]}
COMMAND: GET /session/601af62cb68afff6944e8a635357ab53/screenshot - {}
RESULT: {}
COMMAND: POST /session/601af62cb68afff6944e8a635357ab53/element - {"using":"xpath","value":"//td/div/span[contains(text(), \"BGL Vehicles\")]"}
RESULT: {"using":"xpath","value":"//td/div/span[contains(text(), \"BGL Vehicles\")]"}
COMMAND: POST /session/601af62cb68afff6944e8a635357ab53/element/f.2CF887CE126DC6B338BD3A7C0EF1B7FC.d.CEB0962BC9446D785D2F587F0A956A22.e.22663/click - {}
RESULT: {}
COMMAND: GET /session/601af62cb68afff6944e8a635357ab53/screenshot - {}
RESULT: {}
COMMAND: POST /session/601af62cb68afff6944e8a635357ab53/element - {"using":"xpath","value":"//bdi[contains(text(), \"OK\")]"}
RESULT: {"using":"xpath","value":"//bdi[contains(text(), \"OK\")]"}
COMMAND: POST /session/601af62cb68afff6944e8a635357ab53/element/f.2CF887CE126DC6B338BD3A7C0EF1B7FC.d.CEB0962BC9446D785D2F587F0A956A22.e.22664/click - {}
RESULT: {}
COMMAND: GET /session/601af62cb68afff6944e8a635357ab53/screenshot - {}
RESULT: {}
COMMAND: POST /session/601af62cb68afff6944e8a635357ab53/execute/async - {"script":"<script> [1562 bytes]","args":[{"selector":{"id":"application-manageresources-display-component---newResourceUnit--newRRUPage-anchBar-application-manageresources-display-component---newResourceUnit--resource-anchor","interaction":{"idSuffix":"BDI-content"}},"wdio_ui5_key":"applicationmanageresources-display-component---newResourceUnit--newRRUPage-anchBar-application-manageresources-display-component---newResourceUnit--resource-anchor"}]}
RESULT: {"script":"<script> [1562 bytes]","args":[{"selector":{"id":"application-manageresources-display-component---newResourceUnit--newRRUPage-anchBar-application-manageresources-display-component---newResourceUnit--resource-anchor","interaction":{"idSuffix":"BDI-content"}},"wdio_ui5_key":"applicationmanageresources-display-component---newResourceUnit--newRRUPage-anchBar-application-manageresources-display-component---newResourceUnit--resource-anchor"}]}
RESULT: undefined
COMMAND: POST /session/601af62cb68afff6944e8a635357ab53/element - {"using":"xpath","value":"//*[@id=\"application-manageresources-display-component---newResourceUnit--newRRUPage-anchBar-application-manageresources-display-component---newResourceUnit--resource-anchor\"]"}
RESULT: {"using":"xpath","value":"//*[@id=\"application-manageresources-display-component---newResourceUnit--newRRUPage-anchBar-application-manageresources-display-component---newResourceUnit--resource-anchor\"]"}
COMMAND: POST /session/601af62cb68afff6944e8a635357ab53/element/f.2CF887CE126DC6B338BD3A7C0EF1B7FC.d.CEB0962BC9446D785D2F587F0A956A22.e.22668/click - {}
RESULT: {}
COMMAND: POST /session/601af62cb68afff6944e8a635357ab53/execute/async - {"script":"<script> [1562 bytes]","args":[{"selector":{"id":"application-manageresources-display-component---newResourceUnit--PLANNED_DELIVERY_DATE","interaction":{"idSuffix":"inner"}},"wdio_ui5_key":"applicationmanageresources-display-component---newResourceUnit--PLANNED_DELIVERY_DATE"}]}
COMMAND: GET /session/601af62cb68afff6944e8a635357ab53/screenshot - {}
RESULT: {}
RESULT: {"script":"<script> [1562 bytes]","args":[{"selector":{"id":"application-manageresources-display-component---newResourceUnit--PLANNED_DELIVERY_DATE","interaction":{"idSuffix":"inner"}},"wdio_ui5_key":"applicationmanageresources-display-component---newResourceUnit--PLANNED_DELIVERY_DATE"}]}
RESULT: undefined
COMMAND: POST /session/601af62cb68afff6944e8a635357ab53/execute/async - {"script":"<script> [6424 bytes]","args":[{"element-6066-11e4-a52e-4f735466cecf":"f.2CF887CE126DC6B338BD3A7C0EF1B7FC.d.CEB0962BC9446D785D2F587F0A956A22.e.22533"},"setValue",["5/14/25"]]}
RESULT: {"script":"<script> [6424 bytes]","args":[{"element-6066-11e4-a52e-4f735466cecf":"f.2CF887CE126DC6B338BD3A7C0EF1B7FC.d.CEB0962BC9446D785D2F587F0A956A22.e.22533"},"setValue",["5/14/25"]]}
COMMAND: POST /session/601af62cb68afff6944e8a635357ab53/element - {"using":"xpath","value":"//label[contains(@class, 'sapMLabelRequired') and .//bdi[contains(text(), 'Planned Retirement')]]"}
RESULT: {"using":"xpath","value":"//label[contains(@class, 'sapMLabelRequired') and .//bdi[contains(text(), 'Planned Retirement')]]"}
COMMAND: POST /session/601af62cb68afff6944e8a635357ab53/elements - {"using":"xpath","value":"//label[contains(@class, 'sapMLabelRequired') and .//bdi[contains(text(), 'Planned Retirement')]]"}
RESULT: {"using":"xpath","value":"//label[contains(@class, 'sapMLabelRequired') and .//bdi[contains(text(), 'Planned Retirement')]]"}
COMMAND: POST /session/601af62cb68afff6944e8a635357ab53/element - {"using":"xpath","value":"//button[@data-kt=\"resourceUnitSaveButton\"]"}
RESULT: {"using":"xpath","value":"//button[@data-kt=\"resourceUnitSaveButton\"]"}
COMMAND: POST /session/601af62cb68afff6944e8a635357ab53/element/f.2CF887CE126DC6B338BD3A7C0EF1B7FC.d.CEB0962BC9446D785D2F587F0A956A22.e.22493/click - {}
RESULT: {}
COMMAND: GET /session/601af62cb68afff6944e8a635357ab53/screenshot - {}
RESULT: {}
COMMAND: POST /session/601af62cb68afff6944e8a635357ab53/element - {"using":"xpath","value":"//bdi[contains(text(), \"Close\")]"}
RESULT: {"using":"xpath","value":"//bdi[contains(text(), \"Close\")]"}
COMMAND: POST /session/601af62cb68afff6944e8a635357ab53/element/f.2CF887CE126DC6B338BD3A7C0EF1B7FC.d.CEB0962BC9446D785D2F587F0A956A22.e.22676/click - {}
RESULT: {}
COMMAND: GET /session/601af62cb68afff6944e8a635357ab53/screenshot - {}
RESULT: {}
COMMAND: POST /session/601af62cb68afff6944e8a635357ab53/element - {"using":"xpath","value":"(//button[contains(@id ,\"actionsToolbar-overflowButton\")])[1]"}
RESULT: {"using":"xpath","value":"(//button[contains(@id ,\"actionsToolbar-overflowButton\")])[1]"}
COMMAND: POST /session/601af62cb68afff6944e8a635357ab53/element/f.2CF887CE126DC6B338BD3A7C0EF1B7FC.d.CEB0962BC9446D785D2F587F0A956A22.e.22709/click - {}
RESULT: {}
COMMAND: GET /session/601af62cb68afff6944e8a635357ab53/screenshot - {}
RESULT: {}
COMMAND: POST /session/601af62cb68afff6944e8a635357ab53/element - {"using":"xpath","value":"//button[@data-kt=\"priceInfoButton\"]"}
RESULT: {"using":"xpath","value":"//button[@data-kt=\"priceInfoButton\"]"}
COMMAND: POST /session/601af62cb68afff6944e8a635357ab53/element/f.2CF887CE126DC6B338BD3A7C0EF1B7FC.d.CEB0962BC9446D785D2F587F0A956A22.e.22711/click - {}
RESULT: {}
COMMAND: GET /session/601af62cb68afff6944e8a635357ab53/screenshot - {}
RESULT: {}
COMMAND: POST /session/601af62cb68afff6944e8a635357ab53/element - {"using":"css selector","value":"#shell-header-logo"}
RESULT: {"using":"css selector","value":"#shell-header-logo"}
COMMAND: POST /session/601af62cb68afff6944e8a635357ab53/element/f.2CF887CE126DC6B338BD3A7C0EF1B7FC.d.CEB0962BC9446D785D2F587F0A956A22.e.22087/click - {}
RESULT: {}
COMMAND: GET /session/601af62cb68afff6944e8a635357ab53/screenshot - {}
RESULT: {}
]]></system-out>
    </testcase>
    <testcase classname="chrome.136_0_7103_49.windows.Transfer_Yard_to_Yard_US131076" name="Prereq Should create a new equipment multipart" time="114.451">
      <system-out><![CDATA[
RESULT: undefined
COMMAND: POST /session/601af62cb68afff6944e8a635357ab53/element - {"using":"xpath","value":"//*[@id=\"__tile31\"]"}
RESULT: {"using":"xpath","value":"//*[@id=\"__tile31\"]"}
COMMAND: POST /session/601af62cb68afff6944e8a635357ab53/element/f.2CF887CE126DC6B338BD3A7C0EF1B7FC.d.CEB0962BC9446D785D2F587F0A956A22.e.21232/click - {}
RESULT: {}
COMMAND: GET /session/601af62cb68afff6944e8a635357ab53/screenshot - {}
RESULT: {}
COMMAND: POST /session/601af62cb68afff6944e8a635357ab53/elements - {"using":"xpath","value":"//span[text()='Error']"}
RESULT: {"using":"xpath","value":"//span[text()='Error']"}
COMMAND: POST /session/601af62cb68afff6944e8a635357ab53/element - {"using":"xpath","value":"//button[@data-kt=\"addNewRUOverflowToolbarButton\"]"}
RESULT: {"using":"xpath","value":"//button[@data-kt=\"addNewRUOverflowToolbarButton\"]"}
COMMAND: POST /session/601af62cb68afff6944e8a635357ab53/elements - {"using":"xpath","value":"//button[@data-kt=\"addNewRUOverflowToolbarButton\"]"}
RESULT: {"using":"xpath","value":"//button[@data-kt=\"addNewRUOverflowToolbarButton\"]"}
COMMAND: POST /session/601af62cb68afff6944e8a635357ab53/execute/sync - {"script":"<script> [8489 bytes]","args":[{"element-6066-11e4-a52e-4f735466cecf":"f.2CF887CE126DC6B338BD3A7C0EF1B7FC.d.CEB0962BC9446D785D2F587F0A956A22.e.22787","ELEMENT":"f.2CF887CE126DC6B338BD3A7C0EF1B7FC.d.CEB0962BC9446D785D2F587F0A956A22.e.22787"}]}
RESULT: {"script":"<script> [8489 bytes]","args":[{"element-6066-11e4-a52e-4f735466cecf":"f.2CF887CE126DC6B338BD3A7C0EF1B7FC.d.CEB0962BC9446D785D2F587F0A956A22.e.22787","ELEMENT":"f.2CF887CE126DC6B338BD3A7C0EF1B7FC.d.CEB0962BC9446D785D2F587F0A956A22.e.22787"}]}
COMMAND: GET /session/601af62cb68afff6944e8a635357ab53/element/f.2CF887CE126DC6B338BD3A7C0EF1B7FC.d.CEB0962BC9446D785D2F587F0A956A22.e.22787/enabled - {}
COMMAND: GET /session/601af62cb68afff6944e8a635357ab53/screenshot - {}
RESULT: {}
COMMAND: POST /session/601af62cb68afff6944e8a635357ab53/execute/sync - {"script":"<script> [8489 bytes]","args":[{"element-6066-11e4-a52e-4f735466cecf":"f.2CF887CE126DC6B338BD3A7C0EF1B7FC.d.CEB0962BC9446D785D2F587F0A956A22.e.22787","ELEMENT":"f.2CF887CE126DC6B338BD3A7C0EF1B7FC.d.CEB0962BC9446D785D2F587F0A956A22.e.22787"}]}
COMMAND: GET /session/601af62cb68afff6944e8a635357ab53/screenshot - {}
RESULT: {}
RESULT: {"script":"<script> [8489 bytes]","args":[{"element-6066-11e4-a52e-4f735466cecf":"f.2CF887CE126DC6B338BD3A7C0EF1B7FC.d.CEB0962BC9446D785D2F587F0A956A22.e.22787","ELEMENT":"f.2CF887CE126DC6B338BD3A7C0EF1B7FC.d.CEB0962BC9446D785D2F587F0A956A22.e.22787"}]}
COMMAND: POST /session/601af62cb68afff6944e8a635357ab53/execute/sync - {"script":"<script> [5351 bytes]","args":[{"element-6066-11e4-a52e-4f735466cecf":"f.2CF887CE126DC6B338BD3A7C0EF1B7FC.d.CEB0962BC9446D785D2F587F0A956A22.e.22787","ELEMENT":"f.2CF887CE126DC6B338BD3A7C0EF1B7FC.d.CEB0962BC9446D785D2F587F0A956A22.e.22787"}]}
COMMAND: GET /session/601af62cb68afff6944e8a635357ab53/screenshot - {}
RESULT: {}
RESULT: {"script":"<script> [5351 bytes]","args":[{"element-6066-11e4-a52e-4f735466cecf":"f.2CF887CE126DC6B338BD3A7C0EF1B7FC.d.CEB0962BC9446D785D2F587F0A956A22.e.22787","ELEMENT":"f.2CF887CE126DC6B338BD3A7C0EF1B7FC.d.CEB0962BC9446D785D2F587F0A956A22.e.22787"}]}
COMMAND: POST /session/601af62cb68afff6944e8a635357ab53/element/f.2CF887CE126DC6B338BD3A7C0EF1B7FC.d.CEB0962BC9446D785D2F587F0A956A22.e.22787/click - {}
COMMAND: GET /session/601af62cb68afff6944e8a635357ab53/screenshot - {}
RESULT: {}
RESULT: {}
COMMAND: GET /session/601af62cb68afff6944e8a635357ab53/screenshot - {}
RESULT: undefined
COMMAND: POST /session/601af62cb68afff6944e8a635357ab53/element - {"using":"xpath","value":"//*[@id=\"application-manageresources-display-component---newResourceUnit--TYPE-arrow\"]"}
RESULT: {}
RESULT: {}
RESULT: {"using":"xpath","value":"//*[@id=\"application-manageresources-display-component---newResourceUnit--TYPE-arrow\"]"}
COMMAND: POST /session/601af62cb68afff6944e8a635357ab53/element/f.2CF887CE126DC6B338BD3A7C0EF1B7FC.d.CEB0962BC9446D785D2F587F0A956A22.e.23142/click - {}
RESULT: {}
COMMAND: POST /session/601af62cb68afff6944e8a635357ab53/element - {"using":"xpath","value":"//input[@id=\"application-manageresources-display-component---newResourceUnit--TYPE-inner\"]"}
COMMAND: GET /session/601af62cb68afff6944e8a635357ab53/screenshot - {}
RESULT: {"using":"xpath","value":"//input[@id=\"application-manageresources-display-component---newResourceUnit--TYPE-inner\"]"}
COMMAND: POST /session/601af62cb68afff6944e8a635357ab53/element/f.2CF887CE126DC6B338BD3A7C0EF1B7FC.d.CEB0962BC9446D785D2F587F0A956A22.e.23121/clear - {}
RESULT: {}
RESULT: {}
COMMAND: POST /session/601af62cb68afff6944e8a635357ab53/element/f.2CF887CE126DC6B338BD3A7C0EF1B7FC.d.CEB0962BC9446D785D2F587F0A956A22.e.23121/value - {"text":"Equi Multipart"}
COMMAND: GET /session/601af62cb68afff6944e8a635357ab53/screenshot - {}
RESULT: {"text":"Equi Multipart"}
COMMAND: GET /session/601af62cb68afff6944e8a635357ab53/screenshot - {}
RESULT: {}
RESULT: {}
COMMAND: POST /session/601af62cb68afff6944e8a635357ab53/actions - {"actions":[{"id":"action70","type":"key","parameters":{},"actions":[{"type":"keyDown","value":"î€‡"},{"type":"pause","duration":10},{"type":"keyUp","value":"î€‡"}]}]}
RESULT: {"actions":[{"id":"action70","type":"key","parameters":{},"actions":[{"type":"keyDown","value":"î€‡"},{"type":"pause","duration":10},{"type":"keyUp","value":"î€‡"}]}]}
RESULT: undefined
COMMAND: POST /session/601af62cb68afff6944e8a635357ab53/execute/async - {"script":"<script> [776 bytes]","args":[{"enterText":"Equipment Multipart WDIO","selector":{"id":"application-manageresources-display-component---newResourceUnit--SHORT_TEXT","interaction":{"idSuffix":"inner"}},"clearTextFirst":true,"interactionType":"ENTER_TEXT"}]}
COMMAND: GET /session/601af62cb68afff6944e8a635357ab53/screenshot - {}
RESULT: {"script":"<script> [776 bytes]","args":[{"enterText":"Equipment Multipart WDIO","selector":{"id":"application-manageresources-display-component---newResourceUnit--SHORT_TEXT","interaction":{"idSuffix":"inner"}},"clearTextFirst":true,"interactionType":"ENTER_TEXT"}]}
RESULT: undefined
COMMAND: POST /session/601af62cb68afff6944e8a635357ab53/execute/async - {"script":"<script> [776 bytes]","args":[{"enterText":"Piece","selector":{"id":"application-manageresources-display-component---newResourceUnit--BASE_UNIT_OF_MEASURE","interaction":{"idSuffix":"inner"}},"clearTextFirst":true,"interactionType":"ENTER_TEXT"}]}
RESULT: {}
RESULT: {"script":"<script> [776 bytes]","args":[{"enterText":"Piece","selector":{"id":"application-manageresources-display-component---newResourceUnit--BASE_UNIT_OF_MEASURE","interaction":{"idSuffix":"inner"}},"clearTextFirst":true,"interactionType":"ENTER_TEXT"}]}
RESULT: undefined
COMMAND: POST /session/601af62cb68afff6944e8a635357ab53/execute/async - {"script":"<script> [776 bytes]","args":[{"enterText":"Gram","selector":{"id":"application-manageresources-display-component---newResourceUnit--WEIGHT_UNIT","interaction":{"idSuffix":"inner"}},"clearTextFirst":true,"interactionType":"ENTER_TEXT"}]}
RESULT: {"script":"<script> [776 bytes]","args":[{"enterText":"Gram","selector":{"id":"application-manageresources-display-component---newResourceUnit--WEIGHT_UNIT","interaction":{"idSuffix":"inner"}},"clearTextFirst":true,"interactionType":"ENTER_TEXT"}]}
RESULT: undefined
COMMAND: POST /session/601af62cb68afff6944e8a635357ab53/execute/async - {"script":"<script> [776 bytes]","args":[{"enterText":"Meter","selector":{"id":"application-manageresources-display-component---newResourceUnit--DIMENSION_UNIT","interaction":{"idSuffix":"inner"}},"clearTextFirst":true,"interactionType":"ENTER_TEXT"}]}
RESULT: {"script":"<script> [776 bytes]","args":[{"enterText":"Meter","selector":{"id":"application-manageresources-display-component---newResourceUnit--DIMENSION_UNIT","interaction":{"idSuffix":"inner"}},"clearTextFirst":true,"interactionType":"ENTER_TEXT"}]}
RESULT: undefined
COMMAND: POST /session/601af62cb68afff6944e8a635357ab53/element - {"using":"xpath","value":"//*[@id=\"application-manageresources-display-component---newResourceUnit--newRRUPage-anchBar-application-manageresources-display-component---newResourceUnit--control-anchor\"]"}
RESULT: {"using":"xpath","value":"//*[@id=\"application-manageresources-display-component---newResourceUnit--newRRUPage-anchBar-application-manageresources-display-component---newResourceUnit--control-anchor\"]"}
COMMAND: POST /session/601af62cb68afff6944e8a635357ab53/element/f.2CF887CE126DC6B338BD3A7C0EF1B7FC.d.CEB0962BC9446D785D2F587F0A956A22.e.23204/click - {}
RESULT: {}
RESULT: undefined
COMMAND: POST /session/601af62cb68afff6944e8a635357ab53/execute/async - {"script":"<script> [776 bytes]","args":[{"enterText":"Heavy Equi","selector":{"id":"application-manageresources-display-component---newResourceUnit--PLANNING_GROUP","interaction":{"idSuffix":"inner"}},"clearTextFirst":true,"interactionType":"ENTER_TEXT"}]}
COMMAND: GET /session/601af62cb68afff6944e8a635357ab53/screenshot - {}
RESULT: {"script":"<script> [776 bytes]","args":[{"enterText":"Heavy Equi","selector":{"id":"application-manageresources-display-component---newResourceUnit--PLANNING_GROUP","interaction":{"idSuffix":"inner"}},"clearTextFirst":true,"interactionType":"ENTER_TEXT"}]}
RESULT: {}
COMMAND: POST /session/601af62cb68afff6944e8a635357ab53/execute/async - {"script":"<script> [1562 bytes]","args":[{"selector":{"id":"application-manageresources-display-component---newResourceUnit--PLANNING_INDICATOR","interaction":{"idSuffix":"inner"}},"wdio_ui5_key":"applicationmanageresources-display-component---newResourceUnit--PLANNING_INDICATOR"}]}
RESULT: {"script":"<script> [1562 bytes]","args":[{"selector":{"id":"application-manageresources-display-component---newResourceUnit--PLANNING_INDICATOR","interaction":{"idSuffix":"inner"}},"wdio_ui5_key":"applicationmanageresources-display-component---newResourceUnit--PLANNING_INDICATOR"}]}
RESULT: undefined
COMMAND: POST /session/601af62cb68afff6944e8a635357ab53/execute/async - {"script":"<script> [776 bytes]","args":[{"enterText":"10 - infinite","selector":{"id":"application-manageresources-display-component---newResourceUnit--PLANNING_INDICATOR","interaction":{"idSuffix":"inner"}},"clearTextFirst":true,"interactionType":"ENTER_TEXT"}]}
RESULT: {"script":"<script> [776 bytes]","args":[{"enterText":"10 - infinite","selector":{"id":"application-manageresources-display-component---newResourceUnit--PLANNING_INDICATOR","interaction":{"idSuffix":"inner"}},"clearTextFirst":true,"interactionType":"ENTER_TEXT"}]}
RESULT: undefined
COMMAND: POST /session/601af62cb68afff6944e8a635357ab53/element - {"using":"xpath","value":"//*[@id=\"application-manageresources-display-component---newResourceUnit--ITEM_TYPE-arrow\"]"}
RESULT: {"using":"xpath","value":"//*[@id=\"application-manageresources-display-component---newResourceUnit--ITEM_TYPE-arrow\"]"}
COMMAND: POST /session/601af62cb68afff6944e8a635357ab53/element/f.2CF887CE126DC6B338BD3A7C0EF1B7FC.d.CEB0962BC9446D785D2F587F0A956A22.e.23213/click - {}
RESULT: {}
COMMAND: GET /session/601af62cb68afff6944e8a635357ab53/screenshot - {}
RESULT: {}
COMMAND: POST /session/601af62cb68afff6944e8a635357ab53/execute/async - {"script":"<script> [1562 bytes]","args":[{"selector":{"controlType":"sap.m.StandardListItem","viewName":"reusables.view.manageresources.NewResourceUnit","viewId":"application-manageresources-display-component---newResourceUnit","properties":{"title":"Pool Equipment"},"searchOpenDialogs":true,"interaction":{"idSuffix":"content"}},"wdio_ui5_key":"reusablesview.manageresources.NewResourceUnitsap.m.StandardListItem{\"title\":\"Pool Equipment\"}"}]}
RESULT: {"script":"<script> [1562 bytes]","args":[{"selector":{"controlType":"sap.m.StandardListItem","viewName":"reusables.view.manageresources.NewResourceUnit","viewId":"application-manageresources-display-component---newResourceUnit","properties":{"title":"Pool Equipment"},"searchOpenDialogs":true,"interaction":{"idSuffix":"content"}},"wdio_ui5_key":"reusablesview.manageresources.NewResourceUnitsap.m.StandardListItem{\"title\":\"Pool Equipment\"}"}]}
RESULT: undefined
COMMAND: POST /session/601af62cb68afff6944e8a635357ab53/element - {"using":"xpath","value":"//*[@id=\"__item1118\"]"}
RESULT: {"using":"xpath","value":"//*[@id=\"__item1118\"]"}
COMMAND: POST /session/601af62cb68afff6944e8a635357ab53/element/f.2CF887CE126DC6B338BD3A7C0EF1B7FC.d.CEB0962BC9446D785D2F587F0A956A22.e.23215/click - {}
RESULT: {}
COMMAND: GET /session/601af62cb68afff6944e8a635357ab53/screenshot - {}
RESULT: {}
COMMAND: POST /session/601af62cb68afff6944e8a635357ab53/element - {"using":"css selector","value":"#application-manageresources-display-component---newResourceUnit--btnAddTimeSegment"}
RESULT: {"using":"css selector","value":"#application-manageresources-display-component---newResourceUnit--btnAddTimeSegment"}
COMMAND: GET /session/601af62cb68afff6944e8a635357ab53/element/f.2CF887CE126DC6B338BD3A7C0EF1B7FC.d.CEB0962BC9446D785D2F587F0A956A22.e.23216/rect - {}
RESULT: {}
COMMAND: GET /session/601af62cb68afff6944e8a635357ab53/window/rect - {}
RESULT: {}
COMMAND: POST /session/601af62cb68afff6944e8a635357ab53/execute/sync - {"script":"<script> [92 bytes]","args":[]}
RESULT: {"script":"<script> [92 bytes]","args":[]}
COMMAND: POST /session/601af62cb68afff6944e8a635357ab53/actions - {"actions":[{"id":"action71","type":"wheel","parameters":{},"actions":[{"type":"scroll","x":-1888,"y":-32,"deltaX":0,"deltaY":0,"duration":0,"origin":{"element-6066-11e4-a52e-4f735466cecf":"f.2CF887CE126DC6B338BD3A7C0EF1B7FC.d.CEB0962BC9446D785D2F587F0A956A22.e.23216"}}]}]}
COMMAND: GET /session/601af62cb68afff6944e8a635357ab53/screenshot - {}
RESULT: {}
COMMAND: POST /session/601af62cb68afff6944e8a635357ab53/execute/sync - {"script":"<script> [79 bytes]","args":[{"element-6066-11e4-a52e-4f735466cecf":"f.2CF887CE126DC6B338BD3A7C0EF1B7FC.d.CEB0962BC9446D785D2F587F0A956A22.e.23216","ELEMENT":"f.2CF887CE126DC6B338BD3A7C0EF1B7FC.d.CEB0962BC9446D785D2F587F0A956A22.e.23216"},{"block":"start","inline":"nearest"}]}
RESULT: {"script":"<script> [79 bytes]","args":[{"element-6066-11e4-a52e-4f735466cecf":"f.2CF887CE126DC6B338BD3A7C0EF1B7FC.d.CEB0962BC9446D785D2F587F0A956A22.e.23216","ELEMENT":"f.2CF887CE126DC6B338BD3A7C0EF1B7FC.d.CEB0962BC9446D785D2F587F0A956A22.e.23216"},{"block":"start","inline":"nearest"}]}
RESULT: undefined
COMMAND: POST /session/601af62cb68afff6944e8a635357ab53/element - {"using":"xpath","value":"//*[@id=\"application-manageresources-display-component---newResourceUnit--btnAddTimeSegment\"]"}
COMMAND: GET /session/601af62cb68afff6944e8a635357ab53/screenshot - {}
RESULT: {"using":"xpath","value":"//*[@id=\"application-manageresources-display-component---newResourceUnit--btnAddTimeSegment\"]"}
COMMAND: POST /session/601af62cb68afff6944e8a635357ab53/element/f.2CF887CE126DC6B338BD3A7C0EF1B7FC.d.CEB0962BC9446D785D2F587F0A956A22.e.23216/click - {}
RESULT: {}
RESULT: {}
COMMAND: GET /session/601af62cb68afff6944e8a635357ab53/screenshot - {}
RESULT: {}
COMMAND: POST /session/601af62cb68afff6944e8a635357ab53/element - {"using":"xpath","value":"//input[@id=\"application-manageresources-display-component---newResourceUnit--idRuTSAdmin-application-manageresources-display-component---newResourceUnit--RUTimeSegment-0-inner\"]"}
RESULT: {"using":"xpath","value":"//input[@id=\"application-manageresources-display-component---newResourceUnit--idRuTSAdmin-application-manageresources-display-component---newResourceUnit--RUTimeSegment-0-inner\"]"}
COMMAND: POST /session/601af62cb68afff6944e8a635357ab53/element/f.2CF887CE126DC6B338BD3A7C0EF1B7FC.d.CEB0962BC9446D785D2F587F0A956A22.e.23221/clear - {}
RESULT: {}
COMMAND: POST /session/601af62cb68afff6944e8a635357ab53/element/f.2CF887CE126DC6B338BD3A7C0EF1B7FC.d.CEB0962BC9446D785D2F587F0A956A22.e.23221/value - {"text":"362"}
COMMAND: GET /session/601af62cb68afff6944e8a635357ab53/screenshot - {}
RESULT: {"text":"362"}
COMMAND: GET /session/601af62cb68afff6944e8a635357ab53/screenshot - {}
RESULT: {}
RESULT: {}
COMMAND: POST /session/601af62cb68afff6944e8a635357ab53/element - {"using":"xpath","value":"//li[.//span[text()='362']]"}
RESULT: {"using":"xpath","value":"//li[.//span[text()='362']]"}
COMMAND: POST /session/601af62cb68afff6944e8a635357ab53/element/f.2CF887CE126DC6B338BD3A7C0EF1B7FC.d.CEB0962BC9446D785D2F587F0A956A22.e.23234/click - {}
RESULT: {}
COMMAND: GET /session/601af62cb68afff6944e8a635357ab53/screenshot - {}
RESULT: {}
COMMAND: POST /session/601af62cb68afff6944e8a635357ab53/element - {"using":"xpath","value":"(//span[contains(@id, \"-application-manageresources-display-component---newResourceUnit--RUTimeSegment-0-arrow\")])[5]"}
RESULT: {"using":"xpath","value":"(//span[contains(@id, \"-application-manageresources-display-component---newResourceUnit--RUTimeSegment-0-arrow\")])[5]"}
COMMAND: POST /session/601af62cb68afff6944e8a635357ab53/element/f.2CF887CE126DC6B338BD3A7C0EF1B7FC.d.CEB0962BC9446D785D2F587F0A956A22.e.23235/click - {}
RESULT: {}
COMMAND: GET /session/601af62cb68afff6944e8a635357ab53/screenshot - {}
RESULT: {}
COMMAND: POST /session/601af62cb68afff6944e8a635357ab53/element - {"using":"xpath","value":"//span[contains(text(), \"PM Order\")]"}
RESULT: {"using":"xpath","value":"//span[contains(text(), \"PM Order\")]"}
COMMAND: POST /session/601af62cb68afff6944e8a635357ab53/element/f.2CF887CE126DC6B338BD3A7C0EF1B7FC.d.CEB0962BC9446D785D2F587F0A956A22.e.23236/click - {}
RESULT: {}
COMMAND: GET /session/601af62cb68afff6944e8a635357ab53/screenshot - {}
RESULT: {}
COMMAND: POST /session/601af62cb68afff6944e8a635357ab53/element - {"using":"xpath","value":"(//span[contains(@id ,\"manageresources-display-component---newResourceUnit--RUTimeSegment-0-vhi\")])[1]"}
RESULT: {"using":"xpath","value":"(//span[contains(@id ,\"manageresources-display-component---newResourceUnit--RUTimeSegment-0-vhi\")])[1]"}
COMMAND: GET /session/601af62cb68afff6944e8a635357ab53/element/f.2CF887CE126DC6B338BD3A7C0EF1B7FC.d.CEB0962BC9446D785D2F587F0A956A22.e.23240/rect - {}
RESULT: {}
COMMAND: GET /session/601af62cb68afff6944e8a635357ab53/window/rect - {}
RESULT: {}
COMMAND: POST /session/601af62cb68afff6944e8a635357ab53/execute/sync - {"script":"<script> [92 bytes]","args":[]}
RESULT: {"script":"<script> [92 bytes]","args":[]}
COMMAND: POST /session/601af62cb68afff6944e8a635357ab53/actions - {"actions":[{"id":"action72","type":"wheel","parameters":{},"actions":[{"type":"scroll","x":-1888,"y":-24,"deltaX":0,"deltaY":0,"duration":0,"origin":{"element-6066-11e4-a52e-4f735466cecf":"f.2CF887CE126DC6B338BD3A7C0EF1B7FC.d.CEB0962BC9446D785D2F587F0A956A22.e.23240"}}]}]}
COMMAND: GET /session/601af62cb68afff6944e8a635357ab53/screenshot - {}
RESULT: {}
COMMAND: POST /session/601af62cb68afff6944e8a635357ab53/execute/sync - {"script":"<script> [79 bytes]","args":[{"element-6066-11e4-a52e-4f735466cecf":"f.2CF887CE126DC6B338BD3A7C0EF1B7FC.d.CEB0962BC9446D785D2F587F0A956A22.e.23240","ELEMENT":"f.2CF887CE126DC6B338BD3A7C0EF1B7FC.d.CEB0962BC9446D785D2F587F0A956A22.e.23240"},{"block":"start","inline":"nearest"}]}
RESULT: {"script":"<script> [79 bytes]","args":[{"element-6066-11e4-a52e-4f735466cecf":"f.2CF887CE126DC6B338BD3A7C0EF1B7FC.d.CEB0962BC9446D785D2F587F0A956A22.e.23240","ELEMENT":"f.2CF887CE126DC6B338BD3A7C0EF1B7FC.d.CEB0962BC9446D785D2F587F0A956A22.e.23240"},{"block":"start","inline":"nearest"}]}
COMMAND: GET /session/601af62cb68afff6944e8a635357ab53/screenshot - {}
RESULT: {}
COMMAND: POST /session/601af62cb68afff6944e8a635357ab53/element/f.2CF887CE126DC6B338BD3A7C0EF1B7FC.d.CEB0962BC9446D785D2F587F0A956A22.e.23240/click - {}
RESULT: {}
COMMAND: GET /session/601af62cb68afff6944e8a635357ab53/screenshot - {}
RESULT: {}
RESULT: undefined
COMMAND: POST /session/601af62cb68afff6944e8a635357ab53/execute/async - {"script":"<script> [776 bytes]","args":[{"enterText":"4000360","selector":{"controlType":"sap.m.SearchField","properties":{"placeholder":"Search"},"searchOpenDialogs":true,"interaction":{"idSuffix":"I"}},"clearTextFirst":true,"interactionType":"ENTER_TEXT"}]}
RESULT: {"script":"<script> [776 bytes]","args":[{"enterText":"4000360","selector":{"controlType":"sap.m.SearchField","properties":{"placeholder":"Search"},"searchOpenDialogs":true,"interaction":{"idSuffix":"I"}},"clearTextFirst":true,"interactionType":"ENTER_TEXT"}]}
COMMAND: POST /session/601af62cb68afff6944e8a635357ab53/actions - {"actions":[{"id":"action73","type":"key","parameters":{},"actions":[{"type":"keyDown","value":"î€‡"},{"type":"pause","duration":10},{"type":"keyUp","value":"î€‡"}]}]}
RESULT: {"actions":[{"id":"action73","type":"key","parameters":{},"actions":[{"type":"keyDown","value":"î€‡"},{"type":"pause","duration":10},{"type":"keyUp","value":"î€‡"}]}]}
COMMAND: GET /session/601af62cb68afff6944e8a635357ab53/screenshot - {}
RESULT: {}
COMMAND: POST /session/601af62cb68afff6944e8a635357ab53/element - {"using":"xpath","value":"//td/div/span[contains(text(), \"BGL Vehicles\")]"}
RESULT: {"using":"xpath","value":"//td/div/span[contains(text(), \"BGL Vehicles\")]"}
COMMAND: POST /session/601af62cb68afff6944e8a635357ab53/element/f.2CF887CE126DC6B338BD3A7C0EF1B7FC.d.CEB0962BC9446D785D2F587F0A956A22.e.23261/click - {}
RESULT: {}
COMMAND: GET /session/601af62cb68afff6944e8a635357ab53/screenshot - {}
RESULT: {}
COMMAND: POST /session/601af62cb68afff6944e8a635357ab53/element - {"using":"xpath","value":"//bdi[contains(text(), \"OK\")]"}
RESULT: {"using":"xpath","value":"//bdi[contains(text(), \"OK\")]"}
COMMAND: POST /session/601af62cb68afff6944e8a635357ab53/element/f.2CF887CE126DC6B338BD3A7C0EF1B7FC.d.CEB0962BC9446D785D2F587F0A956A22.e.23262/click - {}
RESULT: {}
COMMAND: GET /session/601af62cb68afff6944e8a635357ab53/screenshot - {}
RESULT: {}
COMMAND: POST /session/601af62cb68afff6944e8a635357ab53/element - {"using":"xpath","value":"//label[contains(@class, 'sapMLabelRequired') and .//bdi[contains(text(), 'Planned Retirement')]]"}
RESULT: {"using":"xpath","value":"//label[contains(@class, 'sapMLabelRequired') and .//bdi[contains(text(), 'Planned Retirement')]]"}
COMMAND: POST /session/601af62cb68afff6944e8a635357ab53/elements - {"using":"xpath","value":"//label[contains(@class, 'sapMLabelRequired') and .//bdi[contains(text(), 'Planned Retirement')]]"}
RESULT: {"using":"xpath","value":"//label[contains(@class, 'sapMLabelRequired') and .//bdi[contains(text(), 'Planned Retirement')]]"}
COMMAND: POST /session/601af62cb68afff6944e8a635357ab53/element - {"using":"xpath","value":"//button[@data-kt=\"resourceUnitSaveButton\"]"}
RESULT: {"using":"xpath","value":"//button[@data-kt=\"resourceUnitSaveButton\"]"}
COMMAND: POST /session/601af62cb68afff6944e8a635357ab53/element/f.2CF887CE126DC6B338BD3A7C0EF1B7FC.d.CEB0962BC9446D785D2F587F0A956A22.e.23158/click - {}
RESULT: {}
COMMAND: GET /session/601af62cb68afff6944e8a635357ab53/screenshot - {}
RESULT: {}
COMMAND: POST /session/601af62cb68afff6944e8a635357ab53/element - {"using":"xpath","value":"//bdi[contains(text(), \"Close\")]"}
RESULT: {"using":"xpath","value":"//bdi[contains(text(), \"Close\")]"}
COMMAND: POST /session/601af62cb68afff6944e8a635357ab53/element/f.2CF887CE126DC6B338BD3A7C0EF1B7FC.d.CEB0962BC9446D785D2F587F0A956A22.e.23269/click - {}
RESULT: {}
COMMAND: GET /session/601af62cb68afff6944e8a635357ab53/screenshot - {}
RESULT: {}
COMMAND: POST /session/601af62cb68afff6944e8a635357ab53/element - {"using":"xpath","value":"//header[contains(@id, 'detailRruPage-headerTitle')]/div[1]/div[2]/div[2]/span[1]"}
RESULT: {"using":"xpath","value":"//header[contains(@id, 'detailRruPage-headerTitle')]/div[1]/div[2]/div[2]/span[1]"}
COMMAND: POST /session/601af62cb68afff6944e8a635357ab53/elements - {"using":"xpath","value":"//header[contains(@id, 'detailRruPage-headerTitle')]/div[1]/div[2]/div[2]/span[1]"}
RESULT: {"using":"xpath","value":"//header[contains(@id, 'detailRruPage-headerTitle')]/div[1]/div[2]/div[2]/span[1]"}
COMMAND: POST /session/601af62cb68afff6944e8a635357ab53/execute/sync - {"script":"<script> [56 bytes]","args":[{"element-6066-11e4-a52e-4f735466cecf":"f.2CF887CE126DC6B338BD3A7C0EF1B7FC.d.CEB0962BC9446D785D2F587F0A956A22.e.23303","ELEMENT":"f.2CF887CE126DC6B338BD3A7C0EF1B7FC.d.CEB0962BC9446D785D2F587F0A956A22.e.23303"}]}
RESULT: {"script":"<script> [56 bytes]","args":[{"element-6066-11e4-a52e-4f735466cecf":"f.2CF887CE126DC6B338BD3A7C0EF1B7FC.d.CEB0962BC9446D785D2F587F0A956A22.e.23303","ELEMENT":"f.2CF887CE126DC6B338BD3A7C0EF1B7FC.d.CEB0962BC9446D785D2F587F0A956A22.e.23303"}]}
COMMAND: POST /session/601af62cb68afff6944e8a635357ab53/element - {"using":"css selector","value":"#shell-header-logo"}
COMMAND: GET /session/601af62cb68afff6944e8a635357ab53/screenshot - {}
RESULT: {"using":"css selector","value":"#shell-header-logo"}
COMMAND: POST /session/601af62cb68afff6944e8a635357ab53/element/f.2CF887CE126DC6B338BD3A7C0EF1B7FC.d.CEB0962BC9446D785D2F587F0A956A22.e.22749/click - {}
RESULT: {}
RESULT: {}
COMMAND: GET /session/601af62cb68afff6944e8a635357ab53/screenshot - {}
RESULT: {}
]]></system-out>
    </testcase>
    <testcase classname="chrome.136_0_7103_49.windows.Transfer_Yard_to_Yard_US131076" name="Should do a stock increase handover" time="92.971">
      <system-out><![CDATA[
COMMAND: POST /session/601af62cb68afff6944e8a635357ab53/execute/async - {"script":"<script> [1562 bytes]","args":[{"selector":{"controlType":"sap.m.GenericTile","properties":{"header":"Manage Handovers"}},"wdio_ui5_key":"sapm.GenericTile{\"header\":\"Manage Handovers\"}"}]}
RESULT: {"script":"<script> [1562 bytes]","args":[{"selector":{"controlType":"sap.m.GenericTile","properties":{"header":"Manage Handovers"}},"wdio_ui5_key":"sapm.GenericTile{\"header\":\"Manage Handovers\"}"}]}
RESULT: undefined
COMMAND: POST /session/601af62cb68afff6944e8a635357ab53/element - {"using":"xpath","value":"//*[@id=\"__tile133\"]"}
RESULT: {"using":"xpath","value":"//*[@id=\"__tile133\"]"}
COMMAND: POST /session/601af62cb68afff6944e8a635357ab53/element/f.2CF887CE126DC6B338BD3A7C0EF1B7FC.d.CEB0962BC9446D785D2F587F0A956A22.e.21259/click - {}
RESULT: {}
COMMAND: GET /session/601af62cb68afff6944e8a635357ab53/screenshot - {}
COMMAND: POST /session/601af62cb68afff6944e8a635357ab53/elements - {"using":"xpath","value":"//span[text()='Error']"}
RESULT: {}
RESULT: {"using":"xpath","value":"//span[text()='Error']"}
COMMAND: POST /session/601af62cb68afff6944e8a635357ab53/element - {"using":"xpath","value":"//button[@data-kt=\"masterHOAddButton\"]"}
RESULT: {"using":"xpath","value":"//button[@data-kt=\"masterHOAddButton\"]"}
COMMAND: POST /session/601af62cb68afff6944e8a635357ab53/elements - {"using":"xpath","value":"//button[@data-kt=\"masterHOAddButton\"]"}
RESULT: {"using":"xpath","value":"//button[@data-kt=\"masterHOAddButton\"]"}
COMMAND: POST /session/601af62cb68afff6944e8a635357ab53/elements - {"using":"xpath","value":"//button[@data-kt=\"masterHOAddButton\"]"}
RESULT: {"using":"xpath","value":"//button[@data-kt=\"masterHOAddButton\"]"}
COMMAND: POST /session/601af62cb68afff6944e8a635357ab53/element - {"using":"xpath","value":"//button[@data-kt=\"masterHOAddButton\"]"}
RESULT: {"using":"xpath","value":"//button[@data-kt=\"masterHOAddButton\"]"}
COMMAND: POST /session/601af62cb68afff6944e8a635357ab53/execute/sync - {"script":"<script> [8489 bytes]","args":[{"element-6066-11e4-a52e-4f735466cecf":"f.2CF887CE126DC6B338BD3A7C0EF1B7FC.d.CEB0962BC9446D785D2F587F0A956A22.e.23343","ELEMENT":"f.2CF887CE126DC6B338BD3A7C0EF1B7FC.d.CEB0962BC9446D785D2F587F0A956A22.e.23343"}]}
RESULT: {"script":"<script> [8489 bytes]","args":[{"element-6066-11e4-a52e-4f735466cecf":"f.2CF887CE126DC6B338BD3A7C0EF1B7FC.d.CEB0962BC9446D785D2F587F0A956A22.e.23343","ELEMENT":"f.2CF887CE126DC6B338BD3A7C0EF1B7FC.d.CEB0962BC9446D785D2F587F0A956A22.e.23343"}]}
COMMAND: GET /session/601af62cb68afff6944e8a635357ab53/element/f.2CF887CE126DC6B338BD3A7C0EF1B7FC.d.CEB0962BC9446D785D2F587F0A956A22.e.23343/enabled - {}
COMMAND: GET /session/601af62cb68afff6944e8a635357ab53/screenshot - {}
RESULT: {}
COMMAND: POST /session/601af62cb68afff6944e8a635357ab53/execute/sync - {"script":"<script> [8489 bytes]","args":[{"element-6066-11e4-a52e-4f735466cecf":"f.2CF887CE126DC6B338BD3A7C0EF1B7FC.d.CEB0962BC9446D785D2F587F0A956A22.e.23343","ELEMENT":"f.2CF887CE126DC6B338BD3A7C0EF1B7FC.d.CEB0962BC9446D785D2F587F0A956A22.e.23343"}]}
COMMAND: GET /session/601af62cb68afff6944e8a635357ab53/screenshot - {}
RESULT: {}
RESULT: {"script":"<script> [8489 bytes]","args":[{"element-6066-11e4-a52e-4f735466cecf":"f.2CF887CE126DC6B338BD3A7C0EF1B7FC.d.CEB0962BC9446D785D2F587F0A956A22.e.23343","ELEMENT":"f.2CF887CE126DC6B338BD3A7C0EF1B7FC.d.CEB0962BC9446D785D2F587F0A956A22.e.23343"}]}
COMMAND: POST /session/601af62cb68afff6944e8a635357ab53/execute/sync - {"script":"<script> [5351 bytes]","args":[{"element-6066-11e4-a52e-4f735466cecf":"f.2CF887CE126DC6B338BD3A7C0EF1B7FC.d.CEB0962BC9446D785D2F587F0A956A22.e.23343","ELEMENT":"f.2CF887CE126DC6B338BD3A7C0EF1B7FC.d.CEB0962BC9446D785D2F587F0A956A22.e.23343"}]}
COMMAND: GET /session/601af62cb68afff6944e8a635357ab53/screenshot - {}
RESULT: {}
RESULT: {"script":"<script> [5351 bytes]","args":[{"element-6066-11e4-a52e-4f735466cecf":"f.2CF887CE126DC6B338BD3A7C0EF1B7FC.d.CEB0962BC9446D785D2F587F0A956A22.e.23343","ELEMENT":"f.2CF887CE126DC6B338BD3A7C0EF1B7FC.d.CEB0962BC9446D785D2F587F0A956A22.e.23343"}]}
COMMAND: POST /session/601af62cb68afff6944e8a635357ab53/element/f.2CF887CE126DC6B338BD3A7C0EF1B7FC.d.CEB0962BC9446D785D2F587F0A956A22.e.23343/click - {}
COMMAND: GET /session/601af62cb68afff6944e8a635357ab53/screenshot - {}
RESULT: {}
RESULT: {}
COMMAND: GET /session/601af62cb68afff6944e8a635357ab53/screenshot - {}
RESULT: {}
RESULT: {}
COMMAND: POST /session/601af62cb68afff6944e8a635357ab53/element - {"using":"xpath","value":"//span[contains(@id ,\"AddNewHO--typeSelect-arrow\")]"}
RESULT: {"using":"xpath","value":"//span[contains(@id ,\"AddNewHO--typeSelect-arrow\")]"}
COMMAND: POST /session/601af62cb68afff6944e8a635357ab53/element/f.2CF887CE126DC6B338BD3A7C0EF1B7FC.d.CEB0962BC9446D785D2F587F0A956A22.e.23698/click - {}
RESULT: {}
COMMAND: GET /session/601af62cb68afff6944e8a635357ab53/screenshot - {}
RESULT: {}
COMMAND: POST /session/601af62cb68afff6944e8a635357ab53/element - {"using":"xpath","value":"(//li[contains(text(), \"stock increase yard\")])[1]"}
RESULT: {"using":"xpath","value":"(//li[contains(text(), \"stock increase yard\")])[1]"}
COMMAND: POST /session/601af62cb68afff6944e8a635357ab53/element/f.2CF887CE126DC6B338BD3A7C0EF1B7FC.d.CEB0962BC9446D785D2F587F0A956A22.e.23699/click - {}
RESULT: {}
COMMAND: GET /session/601af62cb68afff6944e8a635357ab53/screenshot - {}
RESULT: {}
COMMAND: POST /session/601af62cb68afff6944e8a635357ab53/execute/async - {"script":"<script> [1562 bytes]","args":[{"selector":{"id":"application-managehandovers-display-component---AddNewHO--dueDate","interaction":{"idSuffix":"inner"}},"wdio_ui5_key":"applicationmanagehandovers-display-component---AddNewHO--dueDate"}]}
RESULT: {"script":"<script> [1562 bytes]","args":[{"selector":{"id":"application-managehandovers-display-component---AddNewHO--dueDate","interaction":{"idSuffix":"inner"}},"wdio_ui5_key":"applicationmanagehandovers-display-component---AddNewHO--dueDate"}]}
RESULT: undefined
COMMAND: POST /session/601af62cb68afff6944e8a635357ab53/execute/async - {"script":"<script> [6424 bytes]","args":[{"element-6066-11e4-a52e-4f735466cecf":"f.2CF887CE126DC6B338BD3A7C0EF1B7FC.d.CEB0962BC9446D785D2F587F0A956A22.e.23701"},"setValue",["5/14/25"]]}
RESULT: {"script":"<script> [6424 bytes]","args":[{"element-6066-11e4-a52e-4f735466cecf":"f.2CF887CE126DC6B338BD3A7C0EF1B7FC.d.CEB0962BC9446D785D2F587F0A956A22.e.23701"},"setValue",["5/14/25"]]}
COMMAND: POST /session/601af62cb68afff6944e8a635357ab53/element - {"using":"xpath","value":"//input[@id=\"generalSectionFrg--receiveYard-inner\"]"}
RESULT: {"using":"xpath","value":"//input[@id=\"generalSectionFrg--receiveYard-inner\"]"}
COMMAND: POST /session/601af62cb68afff6944e8a635357ab53/element/f.2CF887CE126DC6B338BD3A7C0EF1B7FC.d.CEB0962BC9446D785D2F587F0A956A22.e.23705/clear - {}
RESULT: {}
COMMAND: POST /session/601af62cb68afff6944e8a635357ab53/element/f.2CF887CE126DC6B338BD3A7C0EF1B7FC.d.CEB0962BC9446D785D2F587F0A956A22.e.23705/value - {"text":"362"}
COMMAND: GET /session/601af62cb68afff6944e8a635357ab53/screenshot - {}
RESULT: {"text":"362"}
COMMAND: GET /session/601af62cb68afff6944e8a635357ab53/screenshot - {}
RESULT: {}
RESULT: {}
COMMAND: POST /session/601af62cb68afff6944e8a635357ab53/element - {"using":"xpath","value":"//li[.//span[text()='362']]"}
RESULT: {"using":"xpath","value":"//li[.//span[text()='362']]"}
COMMAND: POST /session/601af62cb68afff6944e8a635357ab53/element/f.2CF887CE126DC6B338BD3A7C0EF1B7FC.d.CEB0962BC9446D785D2F587F0A956A22.e.23722/click - {}
RESULT: {}
COMMAND: GET /session/601af62cb68afff6944e8a635357ab53/screenshot - {}
RESULT: {}
COMMAND: POST /session/601af62cb68afff6944e8a635357ab53/execute/async - {"script":"<script> [1562 bytes]","args":[{"selector":{"id":"application-managehandovers-display-component---AddNewHO--ObjectPageLayout-anchBar-application-managehandovers-display-component---AddNewHO--section4-anchor","interaction":{"idSuffix":"BDI-content"}},"wdio_ui5_key":"applicationmanagehandovers-display-component---AddNewHO--ObjectPageLayout-anchBar-application-managehandovers-display-component---AddNewHO--section4-anchor"}]}
RESULT: {"script":"<script> [1562 bytes]","args":[{"selector":{"id":"application-managehandovers-display-component---AddNewHO--ObjectPageLayout-anchBar-application-managehandovers-display-component---AddNewHO--section4-anchor","interaction":{"idSuffix":"BDI-content"}},"wdio_ui5_key":"applicationmanagehandovers-display-component---AddNewHO--ObjectPageLayout-anchBar-application-managehandovers-display-component---AddNewHO--section4-anchor"}]}
RESULT: undefined
COMMAND: POST /session/601af62cb68afff6944e8a635357ab53/element - {"using":"xpath","value":"//*[@id=\"application-managehandovers-display-component---AddNewHO--ObjectPageLayout-anchBar-application-managehandovers-display-component---AddNewHO--section4-anchor\"]"}
RESULT: {"using":"xpath","value":"//*[@id=\"application-managehandovers-display-component---AddNewHO--ObjectPageLayout-anchBar-application-managehandovers-display-component---AddNewHO--section4-anchor\"]"}
COMMAND: POST /session/601af62cb68afff6944e8a635357ab53/element/f.2CF887CE126DC6B338BD3A7C0EF1B7FC.d.CEB0962BC9446D785D2F587F0A956A22.e.23724/click - {}
RESULT: {}
COMMAND: POST /session/601af62cb68afff6944e8a635357ab53/element - {"using":"xpath","value":"//button[@aria-label=\"Add\"]"}
COMMAND: GET /session/601af62cb68afff6944e8a635357ab53/screenshot - {}
RESULT: {"using":"xpath","value":"//button[@aria-label=\"Add\"]"}
COMMAND: POST /session/601af62cb68afff6944e8a635357ab53/element/f.2CF887CE126DC6B338BD3A7C0EF1B7FC.d.CEB0962BC9446D785D2F587F0A956A22.e.23726/click - {}
RESULT: {}
RESULT: {}
COMMAND: GET /session/601af62cb68afff6944e8a635357ab53/screenshot - {}
RESULT: {}
COMMAND: POST /session/601af62cb68afff6944e8a635357ab53/execute/async - {"script":"<script> [1562 bytes]","args":[{"selector":{"id":"application-managehandovers-display-component---AddNewHO--smartFilterBar-btnBasicSearch","searchOpenDialogs":true,"interaction":{"idSuffix":"I"}},"wdio_ui5_key":"applicationmanagehandovers-display-component---AddNewHO--smartFilterBar-btnBasicSearch"}]}
RESULT: {"script":"<script> [1562 bytes]","args":[{"selector":{"id":"application-managehandovers-display-component---AddNewHO--smartFilterBar-btnBasicSearch","searchOpenDialogs":true,"interaction":{"idSuffix":"I"}},"wdio_ui5_key":"applicationmanagehandovers-display-component---AddNewHO--smartFilterBar-btnBasicSearch"}]}
RESULT: undefined
COMMAND: POST /session/601af62cb68afff6944e8a635357ab53/execute/async - {"script":"<script> [776 bytes]","args":[{"enterText":"pXeecnuf17","selector":{"id":"application-managehandovers-display-component---AddNewHO--smartFilterBar-btnBasicSearch","searchOpenDialogs":true,"interaction":{"idSuffix":"I"}},"clearTextFirst":true,"interactionType":"ENTER_TEXT"}]}
RESULT: {"script":"<script> [776 bytes]","args":[{"enterText":"pXeecnuf17","selector":{"id":"application-managehandovers-display-component---AddNewHO--smartFilterBar-btnBasicSearch","searchOpenDialogs":true,"interaction":{"idSuffix":"I"}},"clearTextFirst":true,"interactionType":"ENTER_TEXT"}]}
COMMAND: POST /session/601af62cb68afff6944e8a635357ab53/actions - {"actions":[{"id":"action74","type":"key","parameters":{},"actions":[{"type":"keyDown","value":"î€‡"},{"type":"pause","duration":10},{"type":"keyUp","value":"î€‡"}]}]}
RESULT: {"actions":[{"id":"action74","type":"key","parameters":{},"actions":[{"type":"keyDown","value":"î€‡"},{"type":"pause","duration":10},{"type":"keyUp","value":"î€‡"}]}]}
COMMAND: GET /session/601af62cb68afff6944e8a635357ab53/screenshot - {}
RESULT: {}
COMMAND: POST /session/601af62cb68afff6944e8a635357ab53/execute/async - {"script":"<script> [1562 bytes]","args":[{"selector":{"id":"application-managehandovers-display-component---AddNewHO--popup-sa","searchOpenDialogs":true,"interaction":{"idSuffix":"CbBg"}},"wdio_ui5_key":"applicationmanagehandovers-display-component---AddNewHO--popup-sa"}]}
RESULT: {"script":"<script> [1562 bytes]","args":[{"selector":{"id":"application-managehandovers-display-component---AddNewHO--popup-sa","searchOpenDialogs":true,"interaction":{"idSuffix":"CbBg"}},"wdio_ui5_key":"applicationmanagehandovers-display-component---AddNewHO--popup-sa"}]}
RESULT: undefined
COMMAND: POST /session/601af62cb68afff6944e8a635357ab53/element - {"using":"xpath","value":"//*[@id=\"application-managehandovers-display-component---AddNewHO--popup-sa\"]"}
RESULT: {"using":"xpath","value":"//*[@id=\"application-managehandovers-display-component---AddNewHO--popup-sa\"]"}
COMMAND: POST /session/601af62cb68afff6944e8a635357ab53/element/f.2CF887CE126DC6B338BD3A7C0EF1B7FC.d.CEB0962BC9446D785D2F587F0A956A22.e.23881/click - {}
RESULT: {}
COMMAND: GET /session/601af62cb68afff6944e8a635357ab53/screenshot - {}
RESULT: {}
COMMAND: POST /session/601af62cb68afff6944e8a635357ab53/element - {"using":"xpath","value":"//bdi[contains(text(), \"Select\")]"}
RESULT: {"using":"xpath","value":"//bdi[contains(text(), \"Select\")]"}
COMMAND: POST /session/601af62cb68afff6944e8a635357ab53/element/f.2CF887CE126DC6B338BD3A7C0EF1B7FC.d.CEB0962BC9446D785D2F587F0A956A22.e.23882/click - {}
RESULT: {}
COMMAND: GET /session/601af62cb68afff6944e8a635357ab53/screenshot - {}
RESULT: {}
COMMAND: POST /session/601af62cb68afff6944e8a635357ab53/element - {"using":"xpath","value":"//button[@data-kt=\"AddNewHOSaveButton\"]"}
RESULT: {"using":"xpath","value":"//button[@data-kt=\"AddNewHOSaveButton\"]"}
COMMAND: POST /session/601af62cb68afff6944e8a635357ab53/element/f.2CF887CE126DC6B338BD3A7C0EF1B7FC.d.CEB0962BC9446D785D2F587F0A956A22.e.23886/click - {}
RESULT: {}
COMMAND: GET /session/601af62cb68afff6944e8a635357ab53/screenshot - {}
RESULT: {}
COMMAND: POST /session/601af62cb68afff6944e8a635357ab53/execute/async - {"script":"<script> [1562 bytes]","args":[{"selector":{"id":"receiptDatePicker","viewName":"etm.portal.ui.managehandovers.view.DetailExecuteHO","interaction":{"idSuffix":"inner"}},"wdio_ui5_key":"receiptDatePickeretmportal.ui.managehandovers.view.DetailExecuteHO"}]}
RESULT: {"script":"<script> [1562 bytes]","args":[{"selector":{"id":"receiptDatePicker","viewName":"etm.portal.ui.managehandovers.view.DetailExecuteHO","interaction":{"idSuffix":"inner"}},"wdio_ui5_key":"receiptDatePickeretmportal.ui.managehandovers.view.DetailExecuteHO"}]}
RESULT: undefined
COMMAND: POST /session/601af62cb68afff6944e8a635357ab53/execute/async - {"script":"<script> [6424 bytes]","args":[{"element-6066-11e4-a52e-4f735466cecf":"f.2CF887CE126DC6B338BD3A7C0EF1B7FC.d.CEB0962BC9446D785D2F587F0A956A22.e.23905"},"setValue",["5/14/25"]]}
RESULT: {"script":"<script> [6424 bytes]","args":[{"element-6066-11e4-a52e-4f735466cecf":"f.2CF887CE126DC6B338BD3A7C0EF1B7FC.d.CEB0962BC9446D785D2F587F0A956A22.e.23905"},"setValue",["5/14/25"]]}
COMMAND: POST /session/601af62cb68afff6944e8a635357ab53/element - {"using":"xpath","value":"//button[@data-kt=\"PickingTableConfirmAllButton\"]"}
RESULT: {"using":"xpath","value":"//button[@data-kt=\"PickingTableConfirmAllButton\"]"}
COMMAND: POST /session/601af62cb68afff6944e8a635357ab53/element/f.2CF887CE126DC6B338BD3A7C0EF1B7FC.d.CEB0962BC9446D785D2F587F0A956A22.e.23920/click - {}
RESULT: {}
COMMAND: GET /session/601af62cb68afff6944e8a635357ab53/screenshot - {}
RESULT: {}
COMMAND: POST /session/601af62cb68afff6944e8a635357ab53/element - {"using":"xpath","value":"//bdi[contains(text(), \"OK\")]"}
RESULT: {"using":"xpath","value":"//bdi[contains(text(), \"OK\")]"}
COMMAND: POST /session/601af62cb68afff6944e8a635357ab53/element/f.2CF887CE126DC6B338BD3A7C0EF1B7FC.d.CEB0962BC9446D785D2F587F0A956A22.e.23922/click - {}
RESULT: {}
COMMAND: GET /session/601af62cb68afff6944e8a635357ab53/screenshot - {}
RESULT: {}
COMMAND: POST /session/601af62cb68afff6944e8a635357ab53/element - {"using":"xpath","value":"(//bdi[contains(text(), \"Receive\")])[2]"}
RESULT: {"using":"xpath","value":"(//bdi[contains(text(), \"Receive\")])[2]"}
COMMAND: POST /session/601af62cb68afff6944e8a635357ab53/element/f.2CF887CE126DC6B338BD3A7C0EF1B7FC.d.CEB0962BC9446D785D2F587F0A956A22.e.23924/click - {}
RESULT: {}
COMMAND: GET /session/601af62cb68afff6944e8a635357ab53/screenshot - {}
RESULT: {}
COMMAND: POST /session/601af62cb68afff6944e8a635357ab53/element - {"using":"css selector","value":"#shell-header-logo"}
RESULT: {"using":"css selector","value":"#shell-header-logo"}
COMMAND: POST /session/601af62cb68afff6944e8a635357ab53/element/f.2CF887CE126DC6B338BD3A7C0EF1B7FC.d.CEB0962BC9446D785D2F587F0A956A22.e.23306/click - {}
RESULT: {}
COMMAND: GET /session/601af62cb68afff6944e8a635357ab53/screenshot - {}
RESULT: {}
]]></system-out>
    </testcase>
  </testsuite>
</testsuites>