<?xml version="1.0" encoding="UTF-8"?>
<testsuites tests="10" failures="0" errors="0" skipped="0">
  <testsuite timestamp="2025-05-02T16:37:29" time="316.357" tests="3" failures="0" errors="0" skipped="0">
    <properties>
      <property name="specId" value="0" />
      <property name="suiteName" value="Create and verify Order without Template US127247" />
      <property name="capabilities" value="chrome.135_0_7049_96.windows" />
      <property name="file" value="file:///D:/a/1/s/test/specs/ISC/create-iscorder.spec.js" />
    </properties>
    <testcase classname="chrome.135_0_7049_96.windows.Create_and_verify_Order_without_Template_US127247" name="Should create material" time="148.885">
      <system-out><![CDATA[
COMMAND: POST /session/70abb95a660dd479009da93bb1b55d7a/window/maximize - {}
RESULT: {}
COMMAND: POST /session/70abb95a660dd479009da93bb1b55d7a/execute/async - {"script":"<script> [1562 bytes]","args":[{"selector":{"controlType":"sap.m.GenericTile","properties":{"header":"Manage Resources"}},"wdio_ui5_key":"sapm.GenericTile{\"header\":\"Manage Resources\"}"}]}
COMMAND: GET /session/70abb95a660dd479009da93bb1b55d7a/screenshot - {}
RESULT: {"script":"<script> [1562 bytes]","args":[{"selector":{"controlType":"sap.m.GenericTile","properties":{"header":"Manage Resources"}},"wdio_ui5_key":"sapm.GenericTile{\"header\":\"Manage Resources\"}"}]}
RESULT: undefined
COMMAND: POST /session/70abb95a660dd479009da93bb1b55d7a/element - {"using":"xpath","value":"//*[@id=\"__tile39\"]"}
RESULT: {}
RESULT: {"using":"xpath","value":"//*[@id=\"__tile39\"]"}
COMMAND: POST /session/70abb95a660dd479009da93bb1b55d7a/element/f.061601F0E40DF4D45C0BDBB2A51B5316.d.88D304E3584F9555935A89F61F213340.e.113/click - {}
RESULT: {}
COMMAND: GET /session/70abb95a660dd479009da93bb1b55d7a/screenshot - {}
RESULT: {}
COMMAND: POST /session/70abb95a660dd479009da93bb1b55d7a/execute/async - {"script":"<script> [1562 bytes]","args":[{"selector":{"controlType":"sap.m.OverflowToolbarButton","viewName":"etm.portal.ui.manageresources.view.Master","viewId":"application-manageresources-display-component---masterRU","bindingPath":{"path":"","propertyPath":"/isLogbook","modelName":"minimumStockRPGModel"},"interaction":{"idSuffix":"inner"}},"wdio_ui5_key":"etmportal.ui.manageresources.view.Mastersap.m.OverflowToolbarButton{\"path\":\"\",\"propertyPath\":\"/isLogbook\",\"modelName\":\"minimumStockRPGModel\"}"}]}
RESULT: {"script":"<script> [1562 bytes]","args":[{"selector":{"controlType":"sap.m.OverflowToolbarButton","viewName":"etm.portal.ui.manageresources.view.Master","viewId":"application-manageresources-display-component---masterRU","bindingPath":{"path":"","propertyPath":"/isLogbook","modelName":"minimumStockRPGModel"},"interaction":{"idSuffix":"inner"}},"wdio_ui5_key":"etmportal.ui.manageresources.view.Mastersap.m.OverflowToolbarButton{\"path\":\"\",\"propertyPath\":\"/isLogbook\",\"modelName\":\"minimumStockRPGModel\"}"}]}
RESULT: undefined
COMMAND: POST /session/70abb95a660dd479009da93bb1b55d7a/element - {"using":"xpath","value":"//*[@id=\"__button5\"]"}
RESULT: {"using":"xpath","value":"//*[@id=\"__button5\"]"}
COMMAND: POST /session/70abb95a660dd479009da93bb1b55d7a/element/f.061601F0E40DF4D45C0BDBB2A51B5316.d.88D304E3584F9555935A89F61F213340.e.158/click - {}
RESULT: {}
COMMAND: POST /session/70abb95a660dd479009da93bb1b55d7a/execute/async - {"script":"<script> [1562 bytes]","args":[{"selector":{"id":"application-manageresources-display-component---newResourceUnit--TYPE-arrow"},"wdio_ui5_key":"applicationmanageresources-display-component---newResourceUnit--TYPE-arrow"}]}
COMMAND: GET /session/70abb95a660dd479009da93bb1b55d7a/screenshot - {}
RESULT: {"script":"<script> [1562 bytes]","args":[{"selector":{"id":"application-manageresources-display-component---newResourceUnit--TYPE-arrow"},"wdio_ui5_key":"applicationmanageresources-display-component---newResourceUnit--TYPE-arrow"}]}
RESULT: undefined
COMMAND: POST /session/70abb95a660dd479009da93bb1b55d7a/element - {"using":"xpath","value":"//*[@id=\"application-manageresources-display-component---newResourceUnit--TYPE-arrow\"]"}
RESULT: {}
RESULT: {"using":"xpath","value":"//*[@id=\"application-manageresources-display-component---newResourceUnit--TYPE-arrow\"]"}
COMMAND: POST /session/70abb95a660dd479009da93bb1b55d7a/element/f.061601F0E40DF4D45C0BDBB2A51B5316.d.88D304E3584F9555935A89F61F213340.e.468/click - {}
RESULT: {}
COMMAND: POST /session/70abb95a660dd479009da93bb1b55d7a/execute/async - {"script":"<script> [1562 bytes]","args":[{"selector":{"controlType":"sap.m.StandardListItem","viewName":"reusables.view.manageresources.NewResourceUnit","viewId":"application-manageresources-display-component---newResourceUnit","properties":{"title":"Equipment"},"searchOpenDialogs":true},"wdio_ui5_key":"reusablesview.manageresources.NewResourceUnitsap.m.StandardListItem{\"title\":\"Equipment\"}"}]}
COMMAND: GET /session/70abb95a660dd479009da93bb1b55d7a/screenshot - {}
RESULT: {"script":"<script> [1562 bytes]","args":[{"selector":{"controlType":"sap.m.StandardListItem","viewName":"reusables.view.manageresources.NewResourceUnit","viewId":"application-manageresources-display-component---newResourceUnit","properties":{"title":"Equipment"},"searchOpenDialogs":true},"wdio_ui5_key":"reusablesview.manageresources.NewResourceUnitsap.m.StandardListItem{\"title\":\"Equipment\"}"}]}
RESULT: undefined
COMMAND: POST /session/70abb95a660dd479009da93bb1b55d7a/element - {"using":"xpath","value":"//*[@id=\"__item141\"]"}
RESULT: {}
RESULT: {"using":"xpath","value":"//*[@id=\"__item141\"]"}
COMMAND: POST /session/70abb95a660dd479009da93bb1b55d7a/element/f.061601F0E40DF4D45C0BDBB2A51B5316.d.88D304E3584F9555935A89F61F213340.e.470/click - {}
RESULT: {}
COMMAND: POST /session/70abb95a660dd479009da93bb1b55d7a/execute/async - {"script":"<script> [1562 bytes]","args":[{"selector":{"id":"application-manageresources-display-component---newResourceUnit--resourceId","interaction":{"idSuffix":"inner"}},"wdio_ui5_key":"applicationmanageresources-display-component---newResourceUnit--resourceId"}]}
COMMAND: GET /session/70abb95a660dd479009da93bb1b55d7a/screenshot - {}
RESULT: {"script":"<script> [1562 bytes]","args":[{"selector":{"id":"application-manageresources-display-component---newResourceUnit--resourceId","interaction":{"idSuffix":"inner"}},"wdio_ui5_key":"applicationmanageresources-display-component---newResourceUnit--resourceId"}]}
RESULT: undefined
COMMAND: POST /session/70abb95a660dd479009da93bb1b55d7a/execute/async - {"script":"<script> [776 bytes]","args":[{"enterText":"wdi5-1746203815478","selector":{"id":"application-manageresources-display-component---newResourceUnit--resourceId","interaction":{"idSuffix":"inner"}},"clearTextFirst":true,"interactionType":"ENTER_TEXT"}]}
RESULT: {}
RESULT: {"script":"<script> [776 bytes]","args":[{"enterText":"wdi5-1746203815478","selector":{"id":"application-manageresources-display-component---newResourceUnit--resourceId","interaction":{"idSuffix":"inner"}},"clearTextFirst":true,"interactionType":"ENTER_TEXT"}]}
COMMAND: POST /session/70abb95a660dd479009da93bb1b55d7a/execute/async - {"script":"<script> [1562 bytes]","args":[{"selector":{"id":"application-manageresources-display-component---newResourceUnit--SHORT_TEXT","interaction":{"idSuffix":"inner"}},"wdio_ui5_key":"applicationmanageresources-display-component---newResourceUnit--SHORT_TEXT"}]}
RESULT: {"script":"<script> [1562 bytes]","args":[{"selector":{"id":"application-manageresources-display-component---newResourceUnit--SHORT_TEXT","interaction":{"idSuffix":"inner"}},"wdio_ui5_key":"applicationmanageresources-display-component---newResourceUnit--SHORT_TEXT"}]}
RESULT: undefined
COMMAND: POST /session/70abb95a660dd479009da93bb1b55d7a/execute/async - {"script":"<script> [776 bytes]","args":[{"enterText":"WDI5Test","selector":{"id":"application-manageresources-display-component---newResourceUnit--SHORT_TEXT","interaction":{"idSuffix":"inner"}},"clearTextFirst":true,"interactionType":"ENTER_TEXT"}]}
RESULT: {"script":"<script> [776 bytes]","args":[{"enterText":"WDI5Test","selector":{"id":"application-manageresources-display-component---newResourceUnit--SHORT_TEXT","interaction":{"idSuffix":"inner"}},"clearTextFirst":true,"interactionType":"ENTER_TEXT"}]}
COMMAND: POST /session/70abb95a660dd479009da93bb1b55d7a/execute/async - {"script":"<script> [1562 bytes]","args":[{"selector":{"id":"application-manageresources-display-component---newResourceUnit--BASE_UNIT_OF_MEASURE-arrow"},"wdio_ui5_key":"applicationmanageresources-display-component---newResourceUnit--BASE_UNIT_OF_MEASURE-arrow"}]}
RESULT: {"script":"<script> [1562 bytes]","args":[{"selector":{"id":"application-manageresources-display-component---newResourceUnit--BASE_UNIT_OF_MEASURE-arrow"},"wdio_ui5_key":"applicationmanageresources-display-component---newResourceUnit--BASE_UNIT_OF_MEASURE-arrow"}]}
RESULT: undefined
COMMAND: POST /session/70abb95a660dd479009da93bb1b55d7a/element - {"using":"xpath","value":"//*[@id=\"application-manageresources-display-component---newResourceUnit--BASE_UNIT_OF_MEASURE-arrow\"]"}
RESULT: {"using":"xpath","value":"//*[@id=\"application-manageresources-display-component---newResourceUnit--BASE_UNIT_OF_MEASURE-arrow\"]"}
COMMAND: POST /session/70abb95a660dd479009da93bb1b55d7a/element/f.061601F0E40DF4D45C0BDBB2A51B5316.d.88D304E3584F9555935A89F61F213340.e.597/click - {}
RESULT: {}
COMMAND: POST /session/70abb95a660dd479009da93bb1b55d7a/execute/async - {"script":"<script> [1562 bytes]","args":[{"selector":{"controlType":"sap.m.StandardListItem","viewName":"reusables.view.manageresources.NewResourceUnit","viewId":"application-manageresources-display-component---newResourceUnit","properties":{"title":"Piece"},"searchOpenDialogs":true},"wdio_ui5_key":"reusablesview.manageresources.NewResourceUnitsap.m.StandardListItem{\"title\":\"Piece\"}"}]}
COMMAND: GET /session/70abb95a660dd479009da93bb1b55d7a/screenshot - {}
RESULT: {"script":"<script> [1562 bytes]","args":[{"selector":{"controlType":"sap.m.StandardListItem","viewName":"reusables.view.manageresources.NewResourceUnit","viewId":"application-manageresources-display-component---newResourceUnit","properties":{"title":"Piece"},"searchOpenDialogs":true},"wdio_ui5_key":"reusablesview.manageresources.NewResourceUnitsap.m.StandardListItem{\"title\":\"Piece\"}"}]}
RESULT: undefined
COMMAND: POST /session/70abb95a660dd479009da93bb1b55d7a/element - {"using":"xpath","value":"//*[@id=\"__item177\"]"}
RESULT: {}
RESULT: {"using":"xpath","value":"//*[@id=\"__item177\"]"}
COMMAND: POST /session/70abb95a660dd479009da93bb1b55d7a/element/f.061601F0E40DF4D45C0BDBB2A51B5316.d.88D304E3584F9555935A89F61F213340.e.598/click - {}
RESULT: {}
COMMAND: POST /session/70abb95a660dd479009da93bb1b55d7a/execute/async - {"script":"<script> [1562 bytes]","args":[{"selector":{"id":"application-manageresources-display-component---newResourceUnit--WEIGHT_UNIT-arrow"},"wdio_ui5_key":"applicationmanageresources-display-component---newResourceUnit--WEIGHT_UNIT-arrow"}]}
COMMAND: GET /session/70abb95a660dd479009da93bb1b55d7a/screenshot - {}
RESULT: {"script":"<script> [1562 bytes]","args":[{"selector":{"id":"application-manageresources-display-component---newResourceUnit--WEIGHT_UNIT-arrow"},"wdio_ui5_key":"applicationmanageresources-display-component---newResourceUnit--WEIGHT_UNIT-arrow"}]}
RESULT: undefined
COMMAND: POST /session/70abb95a660dd479009da93bb1b55d7a/element - {"using":"xpath","value":"//*[@id=\"application-manageresources-display-component---newResourceUnit--WEIGHT_UNIT-arrow\"]"}
RESULT: {}
RESULT: {"using":"xpath","value":"//*[@id=\"application-manageresources-display-component---newResourceUnit--WEIGHT_UNIT-arrow\"]"}
COMMAND: POST /session/70abb95a660dd479009da93bb1b55d7a/element/f.061601F0E40DF4D45C0BDBB2A51B5316.d.88D304E3584F9555935A89F61F213340.e.599/click - {}
RESULT: {}
COMMAND: POST /session/70abb95a660dd479009da93bb1b55d7a/execute/async - {"script":"<script> [1562 bytes]","args":[{"selector":{"controlType":"sap.m.StandardListItem","viewName":"reusables.view.manageresources.NewResourceUnit","viewId":"application-manageresources-display-component---newResourceUnit","properties":{"title":"Gram"},"searchOpenDialogs":true},"wdio_ui5_key":"reusablesview.manageresources.NewResourceUnitsap.m.StandardListItem{\"title\":\"Gram\"}"}]}
COMMAND: GET /session/70abb95a660dd479009da93bb1b55d7a/screenshot - {}
RESULT: {"script":"<script> [1562 bytes]","args":[{"selector":{"controlType":"sap.m.StandardListItem","viewName":"reusables.view.manageresources.NewResourceUnit","viewId":"application-manageresources-display-component---newResourceUnit","properties":{"title":"Gram"},"searchOpenDialogs":true},"wdio_ui5_key":"reusablesview.manageresources.NewResourceUnitsap.m.StandardListItem{\"title\":\"Gram\"}"}]}
RESULT: undefined
COMMAND: POST /session/70abb95a660dd479009da93bb1b55d7a/element - {"using":"xpath","value":"//*[@id=\"__item178\"]"}
RESULT: {}
RESULT: {"using":"xpath","value":"//*[@id=\"__item178\"]"}
COMMAND: POST /session/70abb95a660dd479009da93bb1b55d7a/element/f.061601F0E40DF4D45C0BDBB2A51B5316.d.88D304E3584F9555935A89F61F213340.e.600/click - {}
RESULT: {}
COMMAND: GET /session/70abb95a660dd479009da93bb1b55d7a/screenshot - {}
RESULT: {}
COMMAND: POST /session/70abb95a660dd479009da93bb1b55d7a/execute/async - {"script":"<script> [1562 bytes]","args":[{"selector":{"controlType":"sap.m.Label","viewName":"reusables.view.manageresources.NewResourceUnit","viewId":"application-manageresources-display-component---newResourceUnit","i18NText":{"propertyName":"text","key":"weightUoM"},"interaction":{"idSuffix":"bdi"}},"wdio_ui5_key":"reusablesview.manageresources.NewResourceUnitsap.m.Label{\"propertyName\":\"text\",\"key\":\"weightUoM\"}"}]}
RESULT: {"script":"<script> [1562 bytes]","args":[{"selector":{"controlType":"sap.m.Label","viewName":"reusables.view.manageresources.NewResourceUnit","viewId":"application-manageresources-display-component---newResourceUnit","i18NText":{"propertyName":"text","key":"weightUoM"},"interaction":{"idSuffix":"bdi"}},"wdio_ui5_key":"reusablesview.manageresources.NewResourceUnitsap.m.Label{\"propertyName\":\"text\",\"key\":\"weightUoM\"}"}]}
RESULT: undefined
COMMAND: POST /session/70abb95a660dd479009da93bb1b55d7a/element - {"using":"xpath","value":"//*[@id=\"__label21\"]"}
RESULT: {"using":"xpath","value":"//*[@id=\"__label21\"]"}
COMMAND: POST /session/70abb95a660dd479009da93bb1b55d7a/element/f.061601F0E40DF4D45C0BDBB2A51B5316.d.88D304E3584F9555935A89F61F213340.e.602/click - {}
RESULT: {}
COMMAND: POST /session/70abb95a660dd479009da93bb1b55d7a/actions - {"actions":[{"type":"key","id":"keyboard","actions":[{"type":"keyDown","value":"î›"}]}]}
COMMAND: GET /session/70abb95a660dd479009da93bb1b55d7a/screenshot - {}
RESULT: {"actions":[{"type":"key","id":"keyboard","actions":[{"type":"keyDown","value":"î›"}]}]}
COMMAND: GET /session/70abb95a660dd479009da93bb1b55d7a/screenshot - {}
RESULT: {}
RESULT: {}
COMMAND: POST /session/70abb95a660dd479009da93bb1b55d7a/actions - {"actions":[{"type":"key","id":"keyboard","actions":[{"type":"keyDown","value":"î›"}]}]}
RESULT: {"actions":[{"type":"key","id":"keyboard","actions":[{"type":"keyDown","value":"î›"}]}]}
COMMAND: GET /session/70abb95a660dd479009da93bb1b55d7a/screenshot - {}
RESULT: {}
COMMAND: POST /session/70abb95a660dd479009da93bb1b55d7a/execute/async - {"script":"<script> [1562 bytes]","args":[{"selector":{"id":"application-manageresources-display-component---newResourceUnit--newRRUPage-OPHeaderContent-collapseBtn-img"},"wdio_ui5_key":"applicationmanageresources-display-component---newResourceUnit--newRRUPage-OPHeaderContent-collapseBtn-img"}]}
RESULT: {"script":"<script> [1562 bytes]","args":[{"selector":{"id":"application-manageresources-display-component---newResourceUnit--newRRUPage-OPHeaderContent-collapseBtn-img"},"wdio_ui5_key":"applicationmanageresources-display-component---newResourceUnit--newRRUPage-OPHeaderContent-collapseBtn-img"}]}
RESULT: undefined
COMMAND: POST /session/70abb95a660dd479009da93bb1b55d7a/element - {"using":"xpath","value":"//*[@id=\"application-manageresources-display-component---newResourceUnit--newRRUPage-OPHeaderContent-collapseBtn-img\"]"}
RESULT: {"using":"xpath","value":"//*[@id=\"application-manageresources-display-component---newResourceUnit--newRRUPage-OPHeaderContent-collapseBtn-img\"]"}
COMMAND: POST /session/70abb95a660dd479009da93bb1b55d7a/element/f.061601F0E40DF4D45C0BDBB2A51B5316.d.88D304E3584F9555935A89F61F213340.e.479/click - {}
RESULT: {}
COMMAND: GET /session/70abb95a660dd479009da93bb1b55d7a/screenshot - {}
RESULT: {}
COMMAND: POST /session/70abb95a660dd479009da93bb1b55d7a/element - {"using":"xpath","value":"(//span[contains(@id ,\"application-manageresources-display-component---newResourceUnit--DIMENSION_UNIT-arrow\")])[1]"}
RESULT: {"using":"xpath","value":"(//span[contains(@id ,\"application-manageresources-display-component---newResourceUnit--DIMENSION_UNIT-arrow\")])[1]"}
COMMAND: POST /session/70abb95a660dd479009da93bb1b55d7a/element/f.061601F0E40DF4D45C0BDBB2A51B5316.d.88D304E3584F9555935A89F61F213340.e.610/click - {}
RESULT: {}
COMMAND: GET /session/70abb95a660dd479009da93bb1b55d7a/screenshot - {}
RESULT: {}
COMMAND: POST /session/70abb95a660dd479009da93bb1b55d7a/execute/async - {"script":"<script> [1562 bytes]","args":[{"selector":{"controlType":"sap.m.StandardListItem","viewName":"reusables.view.manageresources.NewResourceUnit","viewId":"application-manageresources-display-component---newResourceUnit","properties":{"title":"Centimeter"},"searchOpenDialogs":true},"wdio_ui5_key":"reusablesview.manageresources.NewResourceUnitsap.m.StandardListItem{\"title\":\"Centimeter\"}"}]}
RESULT: {"script":"<script> [1562 bytes]","args":[{"selector":{"controlType":"sap.m.StandardListItem","viewName":"reusables.view.manageresources.NewResourceUnit","viewId":"application-manageresources-display-component---newResourceUnit","properties":{"title":"Centimeter"},"searchOpenDialogs":true},"wdio_ui5_key":"reusablesview.manageresources.NewResourceUnitsap.m.StandardListItem{\"title\":\"Centimeter\"}"}]}
RESULT: undefined
COMMAND: POST /session/70abb95a660dd479009da93bb1b55d7a/element - {"using":"xpath","value":"//*[@id=\"__item181\"]"}
RESULT: {"using":"xpath","value":"//*[@id=\"__item181\"]"}
COMMAND: POST /session/70abb95a660dd479009da93bb1b55d7a/element/f.061601F0E40DF4D45C0BDBB2A51B5316.d.88D304E3584F9555935A89F61F213340.e.611/click - {}
RESULT: {}
COMMAND: GET /session/70abb95a660dd479009da93bb1b55d7a/screenshot - {}
RESULT: {}
COMMAND: POST /session/70abb95a660dd479009da93bb1b55d7a/execute/async - {"script":"<script> [1562 bytes]","args":[{"selector":{"id":"application-manageresources-display-component---newResourceUnit--newRRUPage-anchBar-application-manageresources-display-component---newResourceUnit--control-anchor","interaction":{"idSuffix":"BDI-content"}},"wdio_ui5_key":"applicationmanageresources-display-component---newResourceUnit--newRRUPage-anchBar-application-manageresources-display-component---newResourceUnit--control-anchor"}]}
RESULT: {"script":"<script> [1562 bytes]","args":[{"selector":{"id":"application-manageresources-display-component---newResourceUnit--newRRUPage-anchBar-application-manageresources-display-component---newResourceUnit--control-anchor","interaction":{"idSuffix":"BDI-content"}},"wdio_ui5_key":"applicationmanageresources-display-component---newResourceUnit--newRRUPage-anchBar-application-manageresources-display-component---newResourceUnit--control-anchor"}]}
RESULT: undefined
COMMAND: POST /session/70abb95a660dd479009da93bb1b55d7a/element - {"using":"xpath","value":"//*[@id=\"application-manageresources-display-component---newResourceUnit--newRRUPage-anchBar-application-manageresources-display-component---newResourceUnit--control-anchor\"]"}
RESULT: {"using":"xpath","value":"//*[@id=\"application-manageresources-display-component---newResourceUnit--newRRUPage-anchBar-application-manageresources-display-component---newResourceUnit--control-anchor\"]"}
COMMAND: POST /session/70abb95a660dd479009da93bb1b55d7a/element/f.061601F0E40DF4D45C0BDBB2A51B5316.d.88D304E3584F9555935A89F61F213340.e.613/click - {}
RESULT: {}
COMMAND: POST /session/70abb95a660dd479009da93bb1b55d7a/execute/async - {"script":"<script> [1562 bytes]","args":[{"selector":{"id":"application-manageresources-display-component---newResourceUnit--PLANNING_GROUP-arrow"},"wdio_ui5_key":"applicationmanageresources-display-component---newResourceUnit--PLANNING_GROUP-arrow"}]}
COMMAND: GET /session/70abb95a660dd479009da93bb1b55d7a/screenshot - {}
RESULT: {"script":"<script> [1562 bytes]","args":[{"selector":{"id":"application-manageresources-display-component---newResourceUnit--PLANNING_GROUP-arrow"},"wdio_ui5_key":"applicationmanageresources-display-component---newResourceUnit--PLANNING_GROUP-arrow"}]}
RESULT: undefined
COMMAND: POST /session/70abb95a660dd479009da93bb1b55d7a/element - {"using":"xpath","value":"//*[@id=\"application-manageresources-display-component---newResourceUnit--PLANNING_GROUP-arrow\"]"}
RESULT: {}
RESULT: {"using":"xpath","value":"//*[@id=\"application-manageresources-display-component---newResourceUnit--PLANNING_GROUP-arrow\"]"}
COMMAND: POST /session/70abb95a660dd479009da93bb1b55d7a/element/f.061601F0E40DF4D45C0BDBB2A51B5316.d.88D304E3584F9555935A89F61F213340.e.617/click - {}
RESULT: {}
COMMAND: GET /session/70abb95a660dd479009da93bb1b55d7a/screenshot - {}
RESULT: {}
COMMAND: POST /session/70abb95a660dd479009da93bb1b55d7a/execute/async - {"script":"<script> [1562 bytes]","args":[{"selector":{"controlType":"sap.m.StandardListItem","viewName":"reusables.view.manageresources.NewResourceUnit","viewId":"application-manageresources-display-component---newResourceUnit","properties":{"title":"Overplanning"},"searchOpenDialogs":true},"wdio_ui5_key":"reusablesview.manageresources.NewResourceUnitsap.m.StandardListItem{\"title\":\"Overplanning\"}"}]}
RESULT: {"script":"<script> [1562 bytes]","args":[{"selector":{"controlType":"sap.m.StandardListItem","viewName":"reusables.view.manageresources.NewResourceUnit","viewId":"application-manageresources-display-component---newResourceUnit","properties":{"title":"Overplanning"},"searchOpenDialogs":true},"wdio_ui5_key":"reusablesview.manageresources.NewResourceUnitsap.m.StandardListItem{\"title\":\"Overplanning\"}"}]}
RESULT: undefined
COMMAND: POST /session/70abb95a660dd479009da93bb1b55d7a/element - {"using":"xpath","value":"//*[@id=\"__item187\"]"}
RESULT: {"using":"xpath","value":"//*[@id=\"__item187\"]"}
COMMAND: POST /session/70abb95a660dd479009da93bb1b55d7a/element/f.061601F0E40DF4D45C0BDBB2A51B5316.d.88D304E3584F9555935A89F61F213340.e.618/click - {}
RESULT: {}
COMMAND: GET /session/70abb95a660dd479009da93bb1b55d7a/screenshot - {}
RESULT: {}
COMMAND: POST /session/70abb95a660dd479009da93bb1b55d7a/execute/async - {"script":"<script> [1562 bytes]","args":[{"selector":{"controlType":"sap.m.Label","viewName":"reusables.view.manageresources.NewResourceUnit","viewId":"application-manageresources-display-component---newResourceUnit","i18NText":{"propertyName":"text","key":"planningGroup"},"interaction":{"idSuffix":"bdi"}},"wdio_ui5_key":"reusablesview.manageresources.NewResourceUnitsap.m.Label{\"propertyName\":\"text\",\"key\":\"planningGroup\"}"}]}
RESULT: {"script":"<script> [1562 bytes]","args":[{"selector":{"controlType":"sap.m.Label","viewName":"reusables.view.manageresources.NewResourceUnit","viewId":"application-manageresources-display-component---newResourceUnit","i18NText":{"propertyName":"text","key":"planningGroup"},"interaction":{"idSuffix":"bdi"}},"wdio_ui5_key":"reusablesview.manageresources.NewResourceUnitsap.m.Label{\"propertyName\":\"text\",\"key\":\"planningGroup\"}"}]}
RESULT: undefined
COMMAND: POST /session/70abb95a660dd479009da93bb1b55d7a/element - {"using":"xpath","value":"//*[@id=\"__label32\"]"}
RESULT: {"using":"xpath","value":"//*[@id=\"__label32\"]"}
COMMAND: POST /session/70abb95a660dd479009da93bb1b55d7a/element/f.061601F0E40DF4D45C0BDBB2A51B5316.d.88D304E3584F9555935A89F61F213340.e.620/click - {}
RESULT: {}
COMMAND: GET /session/70abb95a660dd479009da93bb1b55d7a/screenshot - {}
RESULT: {}
COMMAND: POST /session/70abb95a660dd479009da93bb1b55d7a/actions - {"actions":[{"type":"key","id":"keyboard","actions":[{"type":"keyDown","value":"î›"}]}]}
RESULT: {"actions":[{"type":"key","id":"keyboard","actions":[{"type":"keyDown","value":"î›"}]}]}
COMMAND: GET /session/70abb95a660dd479009da93bb1b55d7a/screenshot - {}
RESULT: {}
COMMAND: POST /session/70abb95a660dd479009da93bb1b55d7a/actions - {"actions":[{"type":"key","id":"keyboard","actions":[{"type":"keyDown","value":"î›"}]}]}
RESULT: {"actions":[{"type":"key","id":"keyboard","actions":[{"type":"keyDown","value":"î›"}]}]}
COMMAND: GET /session/70abb95a660dd479009da93bb1b55d7a/screenshot - {}
RESULT: {}
COMMAND: POST /session/70abb95a660dd479009da93bb1b55d7a/actions - {"actions":[{"type":"key","id":"keyboard","actions":[{"type":"keyDown","value":"î›"}]}]}
RESULT: {"actions":[{"type":"key","id":"keyboard","actions":[{"type":"keyDown","value":"î›"}]}]}
COMMAND: GET /session/70abb95a660dd479009da93bb1b55d7a/screenshot - {}
RESULT: {}
COMMAND: POST /session/70abb95a660dd479009da93bb1b55d7a/actions - {"actions":[{"type":"key","id":"keyboard","actions":[{"type":"keyDown","value":"î›"}]}]}
RESULT: {"actions":[{"type":"key","id":"keyboard","actions":[{"type":"keyDown","value":"î›"}]}]}
COMMAND: GET /session/70abb95a660dd479009da93bb1b55d7a/screenshot - {}
RESULT: {}
COMMAND: POST /session/70abb95a660dd479009da93bb1b55d7a/actions - {"actions":[{"type":"key","id":"keyboard","actions":[{"type":"keyDown","value":"î›"}]}]}
RESULT: {"actions":[{"type":"key","id":"keyboard","actions":[{"type":"keyDown","value":"î›"}]}]}
COMMAND: GET /session/70abb95a660dd479009da93bb1b55d7a/screenshot - {}
RESULT: {}
COMMAND: POST /session/70abb95a660dd479009da93bb1b55d7a/actions - {"actions":[{"type":"key","id":"keyboard","actions":[{"type":"keyDown","value":"î›"}]}]}
RESULT: {"actions":[{"type":"key","id":"keyboard","actions":[{"type":"keyDown","value":"î›"}]}]}
COMMAND: GET /session/70abb95a660dd479009da93bb1b55d7a/screenshot - {}
RESULT: {}
COMMAND: POST /session/70abb95a660dd479009da93bb1b55d7a/execute/async - {"script":"<script> [1562 bytes]","args":[{"selector":{"id":"application-manageresources-display-component---newResourceUnit--btnAddTimeSegment-img","properties":{"src":"sap-icon://add"}},"wdio_ui5_key":"applicationmanageresources-display-component---newResourceUnit--btnAddTimeSegment-img{\"src\":\"sap-icon://add\"}"}]}
RESULT: {"script":"<script> [1562 bytes]","args":[{"selector":{"id":"application-manageresources-display-component---newResourceUnit--btnAddTimeSegment-img","properties":{"src":"sap-icon://add"}},"wdio_ui5_key":"applicationmanageresources-display-component---newResourceUnit--btnAddTimeSegment-img{\"src\":\"sap-icon://add\"}"}]}
RESULT: undefined
COMMAND: POST /session/70abb95a660dd479009da93bb1b55d7a/element - {"using":"xpath","value":"//*[@id=\"application-manageresources-display-component---newResourceUnit--btnAddTimeSegment-img\"]"}
RESULT: {"using":"xpath","value":"//*[@id=\"application-manageresources-display-component---newResourceUnit--btnAddTimeSegment-img\"]"}
COMMAND: POST /session/70abb95a660dd479009da93bb1b55d7a/element/f.061601F0E40DF4D45C0BDBB2A51B5316.d.88D304E3584F9555935A89F61F213340.e.621/click - {}
RESULT: {}
COMMAND: GET /session/70abb95a660dd479009da93bb1b55d7a/screenshot - {}
RESULT: {}
COMMAND: POST /session/70abb95a660dd479009da93bb1b55d7a/execute/async - {"script":"<script> [1562 bytes]","args":[{"selector":{"controlType":"sap.m.Input","viewName":"reusables.view.manageresources.NewResourceUnit","viewId":"application-manageresources-display-component---newResourceUnit","bindingPath":{"path":"/RESOURCE_UNIT_IDS/0","propertyPath":"ID","modelName":"oNewRruModel"}},"wdio_ui5_key":"reusablesview.manageresources.NewResourceUnitsap.m.Input{\"path\":\"/RESOURCE_UNIT_IDS/0\",\"propertyPath\":\"ID\",\"modelName\":\"oNewRruModel\"}"}]}
RESULT: {"script":"<script> [1562 bytes]","args":[{"selector":{"controlType":"sap.m.Input","viewName":"reusables.view.manageresources.NewResourceUnit","viewId":"application-manageresources-display-component---newResourceUnit","bindingPath":{"path":"/RESOURCE_UNIT_IDS/0","propertyPath":"ID","modelName":"oNewRruModel"}},"wdio_ui5_key":"reusablesview.manageresources.NewResourceUnitsap.m.Input{\"path\":\"/RESOURCE_UNIT_IDS/0\",\"propertyPath\":\"ID\",\"modelName\":\"oNewRruModel\"}"}]}
RESULT: undefined
COMMAND: POST /session/70abb95a660dd479009da93bb1b55d7a/execute/async - {"script":"<script> [1562 bytes]","args":[{"selector":{"id":"application-manageresources-display-component---newResourceUnit--idRuTSAdmin-application-manageresources-display-component---newResourceUnit--RUTimeSegment-0","interaction":{"idSuffix":"inner"}},"wdio_ui5_key":"applicationmanageresources-display-component---newResourceUnit--idRuTSAdmin-application-manageresources-display-component---newResourceUnit--RUTimeSegment-0"}]}
RESULT: {"script":"<script> [1562 bytes]","args":[{"selector":{"id":"application-manageresources-display-component---newResourceUnit--idRuTSAdmin-application-manageresources-display-component---newResourceUnit--RUTimeSegment-0","interaction":{"idSuffix":"inner"}},"wdio_ui5_key":"applicationmanageresources-display-component---newResourceUnit--idRuTSAdmin-application-manageresources-display-component---newResourceUnit--RUTimeSegment-0"}]}
RESULT: undefined
COMMAND: POST /session/70abb95a660dd479009da93bb1b55d7a/execute/async - {"script":"<script> [776 bytes]","args":[{"enterText":"101 - Test","selector":{"id":"application-manageresources-display-component---newResourceUnit--idRuTSAdmin-application-manageresources-display-component---newResourceUnit--RUTimeSegment-0","interaction":{"idSuffix":"inner"}},"clearTextFirst":true,"interactionType":"ENTER_TEXT"}]}
RESULT: {"script":"<script> [776 bytes]","args":[{"enterText":"101 - Test","selector":{"id":"application-manageresources-display-component---newResourceUnit--idRuTSAdmin-application-manageresources-display-component---newResourceUnit--RUTimeSegment-0","interaction":{"idSuffix":"inner"}},"clearTextFirst":true,"interactionType":"ENTER_TEXT"}]}
COMMAND: POST /session/70abb95a660dd479009da93bb1b55d7a/execute/async - {"script":"<script> [1562 bytes]","args":[{"selector":{"id":"application-manageresources-display-component---newResourceUnit--newRRUPage-anchBar-application-manageresources-display-component---newResourceUnit--resource-anchor","interaction":{"idSuffix":"BDI-content"}},"wdio_ui5_key":"applicationmanageresources-display-component---newResourceUnit--newRRUPage-anchBar-application-manageresources-display-component---newResourceUnit--resource-anchor"}]}
RESULT: {"script":"<script> [1562 bytes]","args":[{"selector":{"id":"application-manageresources-display-component---newResourceUnit--newRRUPage-anchBar-application-manageresources-display-component---newResourceUnit--resource-anchor","interaction":{"idSuffix":"BDI-content"}},"wdio_ui5_key":"applicationmanageresources-display-component---newResourceUnit--newRRUPage-anchBar-application-manageresources-display-component---newResourceUnit--resource-anchor"}]}
RESULT: undefined
COMMAND: POST /session/70abb95a660dd479009da93bb1b55d7a/element - {"using":"xpath","value":"//*[@id=\"application-manageresources-display-component---newResourceUnit--newRRUPage-anchBar-application-manageresources-display-component---newResourceUnit--resource-anchor\"]"}
RESULT: {"using":"xpath","value":"//*[@id=\"application-manageresources-display-component---newResourceUnit--newRRUPage-anchBar-application-manageresources-display-component---newResourceUnit--resource-anchor\"]"}
COMMAND: POST /session/70abb95a660dd479009da93bb1b55d7a/element/f.061601F0E40DF4D45C0BDBB2A51B5316.d.88D304E3584F9555935A89F61F213340.e.641/click - {}
RESULT: {}
COMMAND: POST /session/70abb95a660dd479009da93bb1b55d7a/execute/async - {"script":"<script> [1562 bytes]","args":[{"selector":{"id":"application-manageresources-display-component---newResourceUnit--PLANNED_DELIVERY_DATE","interaction":{"idSuffix":"inner"}},"wdio_ui5_key":"applicationmanageresources-display-component---newResourceUnit--PLANNED_DELIVERY_DATE"}]}
COMMAND: GET /session/70abb95a660dd479009da93bb1b55d7a/screenshot - {}
RESULT: {"script":"<script> [1562 bytes]","args":[{"selector":{"id":"application-manageresources-display-component---newResourceUnit--PLANNED_DELIVERY_DATE","interaction":{"idSuffix":"inner"}},"wdio_ui5_key":"applicationmanageresources-display-component---newResourceUnit--PLANNED_DELIVERY_DATE"}]}
RESULT: undefined
COMMAND: POST /session/70abb95a660dd479009da93bb1b55d7a/execute/async - {"script":"<script> [776 bytes]","args":[{"enterText":"6/26/24","selector":{"id":"application-manageresources-display-component---newResourceUnit--PLANNED_DELIVERY_DATE","interaction":{"idSuffix":"inner"}},"clearTextFirst":true,"interactionType":"ENTER_TEXT"}]}
RESULT: {}
RESULT: {"script":"<script> [776 bytes]","args":[{"enterText":"6/26/24","selector":{"id":"application-manageresources-display-component---newResourceUnit--PLANNED_DELIVERY_DATE","interaction":{"idSuffix":"inner"}},"clearTextFirst":true,"interactionType":"ENTER_TEXT"}]}
COMMAND: POST /session/70abb95a660dd479009da93bb1b55d7a/execute/async - {"script":"<script> [1562 bytes]","args":[{"selector":{"id":"application-manageresources-display-component---newResourceUnit--newRRUPage-anchBar-application-manageresources-display-component---newResourceUnit--identifiers-anchor"},"wdio_ui5_key":"applicationmanageresources-display-component---newResourceUnit--newRRUPage-anchBar-application-manageresources-display-component---newResourceUnit--identifiers-anchor"}]}
RESULT: {"script":"<script> [1562 bytes]","args":[{"selector":{"id":"application-manageresources-display-component---newResourceUnit--newRRUPage-anchBar-application-manageresources-display-component---newResourceUnit--identifiers-anchor"},"wdio_ui5_key":"applicationmanageresources-display-component---newResourceUnit--newRRUPage-anchBar-application-manageresources-display-component---newResourceUnit--identifiers-anchor"}]}
RESULT: undefined
COMMAND: POST /session/70abb95a660dd479009da93bb1b55d7a/element - {"using":"xpath","value":"//*[@id=\"application-manageresources-display-component---newResourceUnit--newRRUPage-anchBar-application-manageresources-display-component---newResourceUnit--identifiers-anchor\"]"}
RESULT: {"using":"xpath","value":"//*[@id=\"application-manageresources-display-component---newResourceUnit--newRRUPage-anchBar-application-manageresources-display-component---newResourceUnit--identifiers-anchor\"]"}
COMMAND: POST /session/70abb95a660dd479009da93bb1b55d7a/element/f.061601F0E40DF4D45C0BDBB2A51B5316.d.88D304E3584F9555935A89F61F213340.e.646/click - {}
RESULT: {}
COMMAND: GET /session/70abb95a660dd479009da93bb1b55d7a/screenshot - {}
RESULT: {}
COMMAND: POST /session/70abb95a660dd479009da93bb1b55d7a/execute/async - {"script":"<script> [1562 bytes]","args":[{"selector":{"id":"application-manageresources-display-component---newResourceUnit--btnAddIdentifier-img","properties":{"src":"sap-icon://add"}},"wdio_ui5_key":"applicationmanageresources-display-component---newResourceUnit--btnAddIdentifier-img{\"src\":\"sap-icon://add\"}"}]}
RESULT: {"script":"<script> [1562 bytes]","args":[{"selector":{"id":"application-manageresources-display-component---newResourceUnit--btnAddIdentifier-img","properties":{"src":"sap-icon://add"}},"wdio_ui5_key":"applicationmanageresources-display-component---newResourceUnit--btnAddIdentifier-img{\"src\":\"sap-icon://add\"}"}]}
RESULT: undefined
COMMAND: POST /session/70abb95a660dd479009da93bb1b55d7a/element - {"using":"xpath","value":"//*[@id=\"application-manageresources-display-component---newResourceUnit--btnAddIdentifier-img\"]"}
RESULT: {"using":"xpath","value":"//*[@id=\"application-manageresources-display-component---newResourceUnit--btnAddIdentifier-img\"]"}
COMMAND: POST /session/70abb95a660dd479009da93bb1b55d7a/element/f.061601F0E40DF4D45C0BDBB2A51B5316.d.88D304E3584F9555935A89F61F213340.e.649/click - {}
RESULT: {}
COMMAND: POST /session/70abb95a660dd479009da93bb1b55d7a/execute/async - {"script":"<script> [1562 bytes]","args":[{"selector":{"id":"application-manageresources-display-component---newResourceUnit--idRuIdTypeSelect-application-manageresources-display-component---newResourceUnit--RUIdentifiers-0-arrow"},"wdio_ui5_key":"applicationmanageresources-display-component---newResourceUnit--idRuIdTypeSelect-application-manageresources-display-component---newResourceUnit--RUIdentifiers-0-arrow"}]}
COMMAND: GET /session/70abb95a660dd479009da93bb1b55d7a/screenshot - {}
RESULT: {"script":"<script> [1562 bytes]","args":[{"selector":{"id":"application-manageresources-display-component---newResourceUnit--idRuIdTypeSelect-application-manageresources-display-component---newResourceUnit--RUIdentifiers-0-arrow"},"wdio_ui5_key":"applicationmanageresources-display-component---newResourceUnit--idRuIdTypeSelect-application-manageresources-display-component---newResourceUnit--RUIdentifiers-0-arrow"}]}
RESULT: undefined
COMMAND: POST /session/70abb95a660dd479009da93bb1b55d7a/element - {"using":"xpath","value":"//*[@id=\"application-manageresources-display-component---newResourceUnit--idRuIdTypeSelect-application-manageresources-display-component---newResourceUnit--RUIdentifiers-0-arrow\"]"}
RESULT: {}
RESULT: {"using":"xpath","value":"//*[@id=\"application-manageresources-display-component---newResourceUnit--idRuIdTypeSelect-application-manageresources-display-component---newResourceUnit--RUIdentifiers-0-arrow\"]"}
COMMAND: POST /session/70abb95a660dd479009da93bb1b55d7a/element/f.061601F0E40DF4D45C0BDBB2A51B5316.d.88D304E3584F9555935A89F61F213340.e.655/click - {}
RESULT: {}
COMMAND: POST /session/70abb95a660dd479009da93bb1b55d7a/execute/async - {"script":"<script> [1562 bytes]","args":[{"selector":{"controlType":"sap.m.StandardListItem","viewName":"reusables.view.manageresources.NewResourceUnit","viewId":"application-manageresources-display-component---newResourceUnit","properties":{"title":"Barcode"},"searchOpenDialogs":true},"wdio_ui5_key":"reusablesview.manageresources.NewResourceUnitsap.m.StandardListItem{\"title\":\"Barcode\"}"}]}
COMMAND: GET /session/70abb95a660dd479009da93bb1b55d7a/screenshot - {}
RESULT: {"script":"<script> [1562 bytes]","args":[{"selector":{"controlType":"sap.m.StandardListItem","viewName":"reusables.view.manageresources.NewResourceUnit","viewId":"application-manageresources-display-component---newResourceUnit","properties":{"title":"Barcode"},"searchOpenDialogs":true},"wdio_ui5_key":"reusablesview.manageresources.NewResourceUnitsap.m.StandardListItem{\"title\":\"Barcode\"}"}]}
RESULT: undefined
COMMAND: POST /session/70abb95a660dd479009da93bb1b55d7a/element - {"using":"xpath","value":"//*[@id=\"__item597\"]"}
RESULT: {}
RESULT: {"using":"xpath","value":"//*[@id=\"__item597\"]"}
COMMAND: POST /session/70abb95a660dd479009da93bb1b55d7a/element/f.061601F0E40DF4D45C0BDBB2A51B5316.d.88D304E3584F9555935A89F61F213340.e.656/click - {}
RESULT: {}
COMMAND: GET /session/70abb95a660dd479009da93bb1b55d7a/screenshot - {}
RESULT: {}
COMMAND: POST /session/70abb95a660dd479009da93bb1b55d7a/execute/async - {"script":"<script> [1562 bytes]","args":[{"selector":{"controlType":"sap.m.Input","viewName":"reusables.view.manageresources.NewResourceUnit","viewId":"application-manageresources-display-component---newResourceUnit","bindingPath":{"path":"/RESOURCE_UNIT_IDS/0","propertyPath":"ID","modelName":"oNewRruModel"},"properties":{"type":"Text"},"interaction":{"idSuffix":"inner"}},"wdio_ui5_key":"reusablesview.manageresources.NewResourceUnitsap.m.Input{\"path\":\"/RESOURCE_UNIT_IDS/0\",\"propertyPath\":\"ID\",\"modelName\":\"oNewRruModel\"}{\"type\":\"Text\"}"}]}
RESULT: {"script":"<script> [1562 bytes]","args":[{"selector":{"controlType":"sap.m.Input","viewName":"reusables.view.manageresources.NewResourceUnit","viewId":"application-manageresources-display-component---newResourceUnit","bindingPath":{"path":"/RESOURCE_UNIT_IDS/0","propertyPath":"ID","modelName":"oNewRruModel"},"properties":{"type":"Text"},"interaction":{"idSuffix":"inner"}},"wdio_ui5_key":"reusablesview.manageresources.NewResourceUnitsap.m.Input{\"path\":\"/RESOURCE_UNIT_IDS/0\",\"propertyPath\":\"ID\",\"modelName\":\"oNewRruModel\"}{\"type\":\"Text\"}"}]}
RESULT: undefined
COMMAND: POST /session/70abb95a660dd479009da93bb1b55d7a/execute/async - {"script":"<script> [776 bytes]","args":[{"enterText":"wdi5_test","selector":{"controlType":"sap.m.Input","viewName":"reusables.view.manageresources.NewResourceUnit","viewId":"application-manageresources-display-component---newResourceUnit","bindingPath":{"path":"/RESOURCE_UNIT_IDS/0","propertyPath":"ID","modelName":"oNewRruModel"},"properties":{"type":"Text"},"interaction":{"idSuffix":"inner"}},"clearTextFirst":true,"interactionType":"ENTER_TEXT"}]}
RESULT: {"script":"<script> [776 bytes]","args":[{"enterText":"wdi5_test","selector":{"controlType":"sap.m.Input","viewName":"reusables.view.manageresources.NewResourceUnit","viewId":"application-manageresources-display-component---newResourceUnit","bindingPath":{"path":"/RESOURCE_UNIT_IDS/0","propertyPath":"ID","modelName":"oNewRruModel"},"properties":{"type":"Text"},"interaction":{"idSuffix":"inner"}},"clearTextFirst":true,"interactionType":"ENTER_TEXT"}]}
COMMAND: POST /session/70abb95a660dd479009da93bb1b55d7a/element - {"using":"xpath","value":"//button[@title = 'Save' and @class = 'sapMBtnBase sapMBtn sapMBtnInverted sapMBarChild']"}
RESULT: {"using":"xpath","value":"//button[@title = 'Save' and @class = 'sapMBtnBase sapMBtn sapMBtnInverted sapMBarChild']"}
COMMAND: POST /session/70abb95a660dd479009da93bb1b55d7a/element/f.061601F0E40DF4D45C0BDBB2A51B5316.d.88D304E3584F9555935A89F61F213340.e.485/click - {}
RESULT: {}
COMMAND: GET /session/70abb95a660dd479009da93bb1b55d7a/screenshot - {}
RESULT: {}
COMMAND: POST /session/70abb95a660dd479009da93bb1b55d7a/execute/async - {"script":"<script> [1562 bytes]","args":[{"selector":{"controlType":"sap.m.Button","properties":{"text":"Close"},"searchOpenDialogs":true,"interaction":{"idSuffix":"BDI-content"}},"wdio_ui5_key":"sapm.Button{\"text\":\"Close\"}"}]}
RESULT: {"script":"<script> [1562 bytes]","args":[{"selector":{"controlType":"sap.m.Button","properties":{"text":"Close"},"searchOpenDialogs":true,"interaction":{"idSuffix":"BDI-content"}},"wdio_ui5_key":"sapm.Button{\"text\":\"Close\"}"}]}
RESULT: undefined
COMMAND: POST /session/70abb95a660dd479009da93bb1b55d7a/element - {"using":"xpath","value":"//*[@id=\"__mbox-btn-0\"]"}
RESULT: {"using":"xpath","value":"//*[@id=\"__mbox-btn-0\"]"}
COMMAND: POST /session/70abb95a660dd479009da93bb1b55d7a/element/f.061601F0E40DF4D45C0BDBB2A51B5316.d.88D304E3584F9555935A89F61F213340.e.659/click - {}
RESULT: {}
COMMAND: GET /session/70abb95a660dd479009da93bb1b55d7a/screenshot - {}
COMMAND: POST /session/70abb95a660dd479009da93bb1b55d7a/element - {"using":"css selector","value":"#shell-header-logo"}
RESULT: {}
RESULT: {"using":"css selector","value":"#shell-header-logo"}
COMMAND: POST /session/70abb95a660dd479009da93bb1b55d7a/element/f.061601F0E40DF4D45C0BDBB2A51B5316.d.88D304E3584F9555935A89F61F213340.e.116/click - {}
RESULT: {}
COMMAND: GET /session/70abb95a660dd479009da93bb1b55d7a/screenshot - {}
RESULT: {}
]]></system-out>
    </testcase>
    <testcase classname="chrome.135_0_7049_96.windows.Create_and_verify_Order_without_Template_US127247" name="Should create ISC order" time="65.145">
      <system-out><![CDATA[
COMMAND: POST /session/70abb95a660dd479009da93bb1b55d7a/execute/async - {"script":"<script> [1562 bytes]","args":[{"selector":{"controlType":"sap.m.GenericTile","properties":{"header":"ISC Orders"}},"wdio_ui5_key":"sapm.GenericTile{\"header\":\"ISC Orders\"}"}]}
RESULT: {"script":"<script> [1562 bytes]","args":[{"selector":{"controlType":"sap.m.GenericTile","properties":{"header":"ISC Orders"}},"wdio_ui5_key":"sapm.GenericTile{\"header\":\"ISC Orders\"}"}]}
RESULT: undefined
COMMAND: POST /session/70abb95a660dd479009da93bb1b55d7a/element - {"using":"xpath","value":"//*[@id=\"__tile108\"]"}
RESULT: {"using":"xpath","value":"//*[@id=\"__tile108\"]"}
COMMAND: POST /session/70abb95a660dd479009da93bb1b55d7a/element/f.061601F0E40DF4D45C0BDBB2A51B5316.d.88D304E3584F9555935A89F61F213340.e.676/click - {}
RESULT: {}
COMMAND: GET /session/70abb95a660dd479009da93bb1b55d7a/screenshot - {}
RESULT: {}
COMMAND: POST /session/70abb95a660dd479009da93bb1b55d7a/execute/async - {"script":"<script> [1562 bytes]","args":[{"selector":{"id":"application-iscorders-display-component---orderList--addOrder-img"},"wdio_ui5_key":"applicationiscorders-display-component---orderList--addOrder-img"}]}
RESULT: {"script":"<script> [1562 bytes]","args":[{"selector":{"id":"application-iscorders-display-component---orderList--addOrder-img"},"wdio_ui5_key":"applicationiscorders-display-component---orderList--addOrder-img"}]}
RESULT: undefined
COMMAND: POST /session/70abb95a660dd479009da93bb1b55d7a/element - {"using":"xpath","value":"//*[@id=\"application-iscorders-display-component---orderList--addOrder-img\"]"}
RESULT: {"using":"xpath","value":"//*[@id=\"application-iscorders-display-component---orderList--addOrder-img\"]"}
COMMAND: POST /session/70abb95a660dd479009da93bb1b55d7a/element/f.061601F0E40DF4D45C0BDBB2A51B5316.d.88D304E3584F9555935A89F61F213340.e.725/click - {}
RESULT: {}
COMMAND: POST /session/70abb95a660dd479009da93bb1b55d7a/execute/async - {"script":"<script> [1562 bytes]","args":[{"selector":{"id":"application-iscorders-display-component---createOrder--orderTitle"},"wdio_ui5_key":"applicationiscorders-display-component---createOrder--orderTitle"}]}
COMMAND: GET /session/70abb95a660dd479009da93bb1b55d7a/screenshot - {}
RESULT: {"script":"<script> [1562 bytes]","args":[{"selector":{"id":"application-iscorders-display-component---createOrder--orderTitle"},"wdio_ui5_key":"applicationiscorders-display-component---createOrder--orderTitle"}]}
RESULT: undefined
COMMAND: POST /session/70abb95a660dd479009da93bb1b55d7a/execute/async - {"script":"<script> [776 bytes]","args":[{"enterText":"WDI5_test","selector":{"id":"application-iscorders-display-component---createOrder--orderTitle"},"clearTextFirst":true,"interactionType":"ENTER_TEXT"}]}
RESULT: {}
RESULT: {"script":"<script> [776 bytes]","args":[{"enterText":"WDI5_test","selector":{"id":"application-iscorders-display-component---createOrder--orderTitle"},"clearTextFirst":true,"interactionType":"ENTER_TEXT"}]}
COMMAND: POST /session/70abb95a660dd479009da93bb1b55d7a/execute/async - {"script":"<script> [1562 bytes]","args":[{"selector":{"id":"application-iscorders-display-component---createOrder--orderDesc"},"wdio_ui5_key":"applicationiscorders-display-component---createOrder--orderDesc"}]}
RESULT: {"script":"<script> [1562 bytes]","args":[{"selector":{"id":"application-iscorders-display-component---createOrder--orderDesc"},"wdio_ui5_key":"applicationiscorders-display-component---createOrder--orderDesc"}]}
RESULT: undefined
COMMAND: POST /session/70abb95a660dd479009da93bb1b55d7a/execute/async - {"script":"<script> [776 bytes]","args":[{"enterText":"WDI5_test","selector":{"id":"application-iscorders-display-component---createOrder--orderDesc"},"clearTextFirst":true,"interactionType":"ENTER_TEXT"}]}
RESULT: {"script":"<script> [776 bytes]","args":[{"enterText":"WDI5_test","selector":{"id":"application-iscorders-display-component---createOrder--orderDesc"},"clearTextFirst":true,"interactionType":"ENTER_TEXT"}]}
COMMAND: POST /session/70abb95a660dd479009da93bb1b55d7a/execute/async - {"script":"<script> [1562 bytes]","args":[{"selector":{"controlType":"sap.m.Title","viewName":"etm.portal.ui.iscorders.view.New","viewId":"application-iscorders-display-component---createOrder","i18NText":{"propertyName":"text","key":"orderDetail"},"interaction":{"idSuffix":"inner"}},"wdio_ui5_key":"etmportal.ui.iscorders.view.Newsap.m.Title{\"propertyName\":\"text\",\"key\":\"orderDetail\"}"}]}
RESULT: {"script":"<script> [1562 bytes]","args":[{"selector":{"controlType":"sap.m.Title","viewName":"etm.portal.ui.iscorders.view.New","viewId":"application-iscorders-display-component---createOrder","i18NText":{"propertyName":"text","key":"orderDetail"},"interaction":{"idSuffix":"inner"}},"wdio_ui5_key":"etmportal.ui.iscorders.view.Newsap.m.Title{\"propertyName\":\"text\",\"key\":\"orderDetail\"}"}]}
RESULT: undefined
COMMAND: POST /session/70abb95a660dd479009da93bb1b55d7a/element - {"using":"xpath","value":"//*[@id=\"__title24\"]"}
RESULT: {"using":"xpath","value":"//*[@id=\"__title24\"]"}
COMMAND: POST /session/70abb95a660dd479009da93bb1b55d7a/element/f.061601F0E40DF4D45C0BDBB2A51B5316.d.88D304E3584F9555935A89F61F213340.e.1116/click - {}
RESULT: {}
COMMAND: POST /session/70abb95a660dd479009da93bb1b55d7a/actions - {"actions":[{"type":"key","id":"keyboard","actions":[{"type":"keyDown","value":"î›"}]}]}
COMMAND: GET /session/70abb95a660dd479009da93bb1b55d7a/screenshot - {}
RESULT: {"actions":[{"type":"key","id":"keyboard","actions":[{"type":"keyDown","value":"î›"}]}]}
COMMAND: GET /session/70abb95a660dd479009da93bb1b55d7a/screenshot - {}
RESULT: {}
RESULT: {}
COMMAND: POST /session/70abb95a660dd479009da93bb1b55d7a/actions - {"actions":[{"type":"key","id":"keyboard","actions":[{"type":"keyDown","value":"î›"}]}]}
RESULT: {"actions":[{"type":"key","id":"keyboard","actions":[{"type":"keyDown","value":"î›"}]}]}
COMMAND: GET /session/70abb95a660dd479009da93bb1b55d7a/screenshot - {}
RESULT: {}
COMMAND: POST /session/70abb95a660dd479009da93bb1b55d7a/actions - {"actions":[{"type":"key","id":"keyboard","actions":[{"type":"keyDown","value":"î›"}]}]}
RESULT: {"actions":[{"type":"key","id":"keyboard","actions":[{"type":"keyDown","value":"î›"}]}]}
COMMAND: GET /session/70abb95a660dd479009da93bb1b55d7a/screenshot - {}
RESULT: {}
COMMAND: POST /session/70abb95a660dd479009da93bb1b55d7a/actions - {"actions":[{"type":"key","id":"keyboard","actions":[{"type":"keyDown","value":"î›"}]}]}
RESULT: {"actions":[{"type":"key","id":"keyboard","actions":[{"type":"keyDown","value":"î›"}]}]}
COMMAND: GET /session/70abb95a660dd479009da93bb1b55d7a/screenshot - {}
RESULT: {}
COMMAND: POST /session/70abb95a660dd479009da93bb1b55d7a/actions - {"actions":[{"type":"key","id":"keyboard","actions":[{"type":"keyDown","value":"î›"}]}]}
RESULT: {"actions":[{"type":"key","id":"keyboard","actions":[{"type":"keyDown","value":"î›"}]}]}
COMMAND: GET /session/70abb95a660dd479009da93bb1b55d7a/screenshot - {}
RESULT: {}
COMMAND: POST /session/70abb95a660dd479009da93bb1b55d7a/actions - {"actions":[{"type":"key","id":"keyboard","actions":[{"type":"keyDown","value":"î›"}]}]}
RESULT: {"actions":[{"type":"key","id":"keyboard","actions":[{"type":"keyDown","value":"î›"}]}]}
COMMAND: GET /session/70abb95a660dd479009da93bb1b55d7a/screenshot - {}
RESULT: {}
COMMAND: POST /session/70abb95a660dd479009da93bb1b55d7a/execute/async - {"script":"<script> [1562 bytes]","args":[{"selector":{"id":"application-iscorders-display-component---createOrder--resourceValue-vhi"},"wdio_ui5_key":"applicationiscorders-display-component---createOrder--resourceValue-vhi"}]}
RESULT: {"script":"<script> [1562 bytes]","args":[{"selector":{"id":"application-iscorders-display-component---createOrder--resourceValue-vhi"},"wdio_ui5_key":"applicationiscorders-display-component---createOrder--resourceValue-vhi"}]}
RESULT: undefined
COMMAND: POST /session/70abb95a660dd479009da93bb1b55d7a/element - {"using":"xpath","value":"//*[@id=\"application-iscorders-display-component---createOrder--resourceValue-vhi\"]"}
RESULT: {"using":"xpath","value":"//*[@id=\"application-iscorders-display-component---createOrder--resourceValue-vhi\"]"}
COMMAND: POST /session/70abb95a660dd479009da93bb1b55d7a/element/f.061601F0E40DF4D45C0BDBB2A51B5316.d.88D304E3584F9555935A89F61F213340.e.1131/click - {}
RESULT: {}
COMMAND: POST /session/70abb95a660dd479009da93bb1b55d7a/element - {"using":"xpath","value":"//input[contains(@id ,\"application-iscorders-display-component---createOrder--resourceValue-valueHelpDialog-smartFilterBar-btnBasicSearch-I\")]"}
COMMAND: GET /session/70abb95a660dd479009da93bb1b55d7a/screenshot - {}
RESULT: {"using":"xpath","value":"//input[contains(@id ,\"application-iscorders-display-component---createOrder--resourceValue-valueHelpDialog-smartFilterBar-btnBasicSearch-I\")]"}
COMMAND: POST /session/70abb95a660dd479009da93bb1b55d7a/element/f.061601F0E40DF4D45C0BDBB2A51B5316.d.88D304E3584F9555935A89F61F213340.e.1145/clear - {}
RESULT: {}
RESULT: {}
COMMAND: POST /session/70abb95a660dd479009da93bb1b55d7a/element/f.061601F0E40DF4D45C0BDBB2A51B5316.d.88D304E3584F9555935A89F61F213340.e.1145/value - {"text":"wdi5-1746203815478"}
COMMAND: GET /session/70abb95a660dd479009da93bb1b55d7a/screenshot - {}
RESULT: {"text":"wdi5-1746203815478"}
COMMAND: GET /session/70abb95a660dd479009da93bb1b55d7a/screenshot - {}
RESULT: {}
RESULT: {}
COMMAND: POST /session/70abb95a660dd479009da93bb1b55d7a/actions - {"actions":[{"id":"action1","type":"key","parameters":{},"actions":[{"type":"keyDown","value":"î€‡"},{"type":"pause","duration":10},{"type":"keyUp","value":"î€‡"}]}]}
RESULT: {"actions":[{"id":"action1","type":"key","parameters":{},"actions":[{"type":"keyDown","value":"î€‡"},{"type":"pause","duration":10},{"type":"keyUp","value":"î€‡"}]}]}
COMMAND: GET /session/70abb95a660dd479009da93bb1b55d7a/screenshot - {}
RESULT: {}
COMMAND: POST /session/70abb95a660dd479009da93bb1b55d7a/execute/async - {"script":"<script> [1562 bytes]","args":[{"selector":{"controlType":"sap.ui.table.Row","viewName":"etm.portal.ui.iscorders.view.New","viewId":"application-iscorders-display-component---createOrder","searchOpenDialogs":true,"descendant":{"controlType":"sap.m.Text","viewName":"etm.portal.ui.iscorders.view.New","viewId":"application-iscorders-display-component---createOrder","bindingPath":{"path":"/IscResourceUnits('wdi5-1746203815478')","propertyPath":"ID"},"searchOpenDialogs":true},"interaction":{"idSuffix":"col0"}},"wdio_ui5_key":"etmportal.ui.iscorders.view.Newsap.ui.table.Row{\"controlType\":\"sap.m.Text\",\"viewName\":\"etm.portal.ui.iscorders.view.New\",\"viewId\":\"application-iscorders-display-component---createOrder\",\"bindingPath\":{\"path\":\"/IscResourceUnits('wdi5-1746203815478')\",\"propertyPath\":\"ID\"},\"searchOpenDialogs\":true}"}]}
RESULT: {"script":"<script> [1562 bytes]","args":[{"selector":{"controlType":"sap.ui.table.Row","viewName":"etm.portal.ui.iscorders.view.New","viewId":"application-iscorders-display-component---createOrder","searchOpenDialogs":true,"descendant":{"controlType":"sap.m.Text","viewName":"etm.portal.ui.iscorders.view.New","viewId":"application-iscorders-display-component---createOrder","bindingPath":{"path":"/IscResourceUnits('wdi5-1746203815478')","propertyPath":"ID"},"searchOpenDialogs":true},"interaction":{"idSuffix":"col0"}},"wdio_ui5_key":"etmportal.ui.iscorders.view.Newsap.ui.table.Row{\"controlType\":\"sap.m.Text\",\"viewName\":\"etm.portal.ui.iscorders.view.New\",\"viewId\":\"application-iscorders-display-component---createOrder\",\"bindingPath\":{\"path\":\"/IscResourceUnits('wdi5-1746203815478')\",\"propertyPath\":\"ID\"},\"searchOpenDialogs\":true}"}]}
RESULT: undefined
COMMAND: POST /session/70abb95a660dd479009da93bb1b55d7a/element - {"using":"xpath","value":"//*[@id=\"application-iscorders-display-component---createOrder--resourceValue-valueHelpDialog-innerTable-rows-row0\"]"}
RESULT: {"using":"xpath","value":"//*[@id=\"application-iscorders-display-component---createOrder--resourceValue-valueHelpDialog-innerTable-rows-row0\"]"}
COMMAND: POST /session/70abb95a660dd479009da93bb1b55d7a/element/f.061601F0E40DF4D45C0BDBB2A51B5316.d.88D304E3584F9555935A89F61F213340.e.1161/click - {}
RESULT: {}
COMMAND: POST /session/70abb95a660dd479009da93bb1b55d7a/execute/async - {"script":"<script> [1562 bytes]","args":[{"selector":{"controlType":"sap.m.Button","viewName":"etm.portal.ui.iscorders.view.New","viewId":"application-iscorders-display-component---createOrder","properties":{"text":"Scheduling"}},"wdio_ui5_key":"etmportal.ui.iscorders.view.Newsap.m.Button{\"text\":\"Scheduling\"}"}]}
COMMAND: GET /session/70abb95a660dd479009da93bb1b55d7a/screenshot - {}
RESULT: {"script":"<script> [1562 bytes]","args":[{"selector":{"controlType":"sap.m.Button","viewName":"etm.portal.ui.iscorders.view.New","viewId":"application-iscorders-display-component---createOrder","properties":{"text":"Scheduling"}},"wdio_ui5_key":"etmportal.ui.iscorders.view.Newsap.m.Button{\"text\":\"Scheduling\"}"}]}
RESULT: undefined
COMMAND: POST /session/70abb95a660dd479009da93bb1b55d7a/element - {"using":"xpath","value":"//*[@id=\"application-iscorders-display-component---createOrder--newOrderObjectPageLayout-anchBar-application-iscorders-display-component---createOrder--templateUnitSection-anchor\"]"}
RESULT: {}
RESULT: {"using":"xpath","value":"//*[@id=\"application-iscorders-display-component---createOrder--newOrderObjectPageLayout-anchBar-application-iscorders-display-component---createOrder--templateUnitSection-anchor\"]"}
COMMAND: POST /session/70abb95a660dd479009da93bb1b55d7a/element/f.061601F0E40DF4D45C0BDBB2A51B5316.d.88D304E3584F9555935A89F61F213340.e.1164/click - {}
RESULT: {}
COMMAND: POST /session/70abb95a660dd479009da93bb1b55d7a/execute/async - {"script":"<script> [1562 bytes]","args":[{"selector":{"id":"application-iscorders-display-component---createOrder--durationDimension-arrow"},"wdio_ui5_key":"applicationiscorders-display-component---createOrder--durationDimension-arrow"}]}
COMMAND: GET /session/70abb95a660dd479009da93bb1b55d7a/screenshot - {}
RESULT: {"script":"<script> [1562 bytes]","args":[{"selector":{"id":"application-iscorders-display-component---createOrder--durationDimension-arrow"},"wdio_ui5_key":"applicationiscorders-display-component---createOrder--durationDimension-arrow"}]}
RESULT: undefined
COMMAND: POST /session/70abb95a660dd479009da93bb1b55d7a/element - {"using":"xpath","value":"//*[@id=\"application-iscorders-display-component---createOrder--durationDimension-arrow\"]"}
RESULT: {}
RESULT: {"using":"xpath","value":"//*[@id=\"application-iscorders-display-component---createOrder--durationDimension-arrow\"]"}
COMMAND: POST /session/70abb95a660dd479009da93bb1b55d7a/element/f.061601F0E40DF4D45C0BDBB2A51B5316.d.88D304E3584F9555935A89F61F213340.e.1175/click - {}
RESULT: {}
COMMAND: POST /session/70abb95a660dd479009da93bb1b55d7a/execute/async - {"script":"<script> [1562 bytes]","args":[{"selector":{"controlType":"sap.m.StandardListItem","viewName":"etm.portal.ui.iscorders.view.New","viewId":"application-iscorders-display-component---createOrder","properties":{"title":"Hours"},"searchOpenDialogs":true},"wdio_ui5_key":"etmportal.ui.iscorders.view.Newsap.m.StandardListItem{\"title\":\"Hours\"}"}]}
COMMAND: GET /session/70abb95a660dd479009da93bb1b55d7a/screenshot - {}
RESULT: {"script":"<script> [1562 bytes]","args":[{"selector":{"controlType":"sap.m.StandardListItem","viewName":"etm.portal.ui.iscorders.view.New","viewId":"application-iscorders-display-component---createOrder","properties":{"title":"Hours"},"searchOpenDialogs":true},"wdio_ui5_key":"etmportal.ui.iscorders.view.Newsap.m.StandardListItem{\"title\":\"Hours\"}"}]}
RESULT: undefined
COMMAND: POST /session/70abb95a660dd479009da93bb1b55d7a/element - {"using":"xpath","value":"//*[@id=\"__item702\"]"}
RESULT: {}
RESULT: {"using":"xpath","value":"//*[@id=\"__item702\"]"}
COMMAND: POST /session/70abb95a660dd479009da93bb1b55d7a/element/f.061601F0E40DF4D45C0BDBB2A51B5316.d.88D304E3584F9555935A89F61F213340.e.1178/click - {}
RESULT: {}
COMMAND: POST /session/70abb95a660dd479009da93bb1b55d7a/execute/async - {"script":"<script> [1562 bytes]","args":[{"selector":{"id":"application-iscorders-display-component---createOrder--saveOrderButton"},"wdio_ui5_key":"applicationiscorders-display-component---createOrder--saveOrderButton"}]}
COMMAND: GET /session/70abb95a660dd479009da93bb1b55d7a/screenshot - {}
RESULT: {"script":"<script> [1562 bytes]","args":[{"selector":{"id":"application-iscorders-display-component---createOrder--saveOrderButton"},"wdio_ui5_key":"applicationiscorders-display-component---createOrder--saveOrderButton"}]}
RESULT: undefined
COMMAND: POST /session/70abb95a660dd479009da93bb1b55d7a/element - {"using":"xpath","value":"//*[@id=\"application-iscorders-display-component---createOrder--saveOrderButton\"]"}
RESULT: {}
RESULT: {"using":"xpath","value":"//*[@id=\"application-iscorders-display-component---createOrder--saveOrderButton\"]"}
COMMAND: POST /session/70abb95a660dd479009da93bb1b55d7a/element/f.061601F0E40DF4D45C0BDBB2A51B5316.d.88D304E3584F9555935A89F61F213340.e.1109/click - {}
RESULT: {}
COMMAND: GET /session/70abb95a660dd479009da93bb1b55d7a/screenshot - {}
RESULT: {}
COMMAND: POST /session/70abb95a660dd479009da93bb1b55d7a/execute/async - {"script":"<script> [1562 bytes]","args":[{"selector":{"controlType":"sap.m.Link","viewName":"reusables.view.ISC.Orders.Detail","viewId":"application-iscorders-display-component---displayOrder","bindingPath":{"propertyPath":"RESOURCE_UNIT","modelName":"catalogModel"}},"wdio_ui5_key":"reusablesview.ISC.Orders.Detailsap.m.Link{\"propertyPath\":\"RESOURCE_UNIT\",\"modelName\":\"catalogModel\"}"}]}
RESULT: {"script":"<script> [1562 bytes]","args":[{"selector":{"controlType":"sap.m.Link","viewName":"reusables.view.ISC.Orders.Detail","viewId":"application-iscorders-display-component---displayOrder","bindingPath":{"propertyPath":"RESOURCE_UNIT","modelName":"catalogModel"}},"wdio_ui5_key":"reusablesview.ISC.Orders.Detailsap.m.Link{\"propertyPath\":\"RESOURCE_UNIT\",\"modelName\":\"catalogModel\"}"}]}
RESULT: undefined
COMMAND: POST /session/70abb95a660dd479009da93bb1b55d7a/execute/async - {"script":"<script> [6424 bytes]","args":[{"element-6066-11e4-a52e-4f735466cecf":"f.061601F0E40DF4D45C0BDBB2A51B5316.d.88D304E3584F9555935A89F61F213340.e.1212"},"getText",[]]}
RESULT: {"script":"<script> [6424 bytes]","args":[{"element-6066-11e4-a52e-4f735466cecf":"f.061601F0E40DF4D45C0BDBB2A51B5316.d.88D304E3584F9555935A89F61F213340.e.1212"},"getText",[]]}
]]></system-out>
    </testcase>
    <testcase classname="chrome.135_0_7049_96.windows.Create_and_verify_Order_without_Template_US127247" name="Should edit and verify Order without Template" time="66.291">
      <system-out><![CDATA[
COMMAND: POST /session/70abb95a660dd479009da93bb1b55d7a/execute/async - {"script":"<script> [1562 bytes]","args":[{"selector":{"id":"application-iscorders-display-component---displayOrder--editOrderButton","interaction":{"idSuffix":"BDI-content"}},"wdio_ui5_key":"applicationiscorders-display-component---displayOrder--editOrderButton"}]}
RESULT: {"script":"<script> [1562 bytes]","args":[{"selector":{"id":"application-iscorders-display-component---displayOrder--editOrderButton","interaction":{"idSuffix":"BDI-content"}},"wdio_ui5_key":"applicationiscorders-display-component---displayOrder--editOrderButton"}]}
RESULT: undefined
COMMAND: POST /session/70abb95a660dd479009da93bb1b55d7a/element - {"using":"xpath","value":"//*[@id=\"application-iscorders-display-component---displayOrder--editOrderButton\"]"}
RESULT: {"using":"xpath","value":"//*[@id=\"application-iscorders-display-component---displayOrder--editOrderButton\"]"}
COMMAND: POST /session/70abb95a660dd479009da93bb1b55d7a/element/f.061601F0E40DF4D45C0BDBB2A51B5316.d.88D304E3584F9555935A89F61F213340.e.1214/click - {}
RESULT: {}
COMMAND: POST /session/70abb95a660dd479009da93bb1b55d7a/execute/async - {"script":"<script> [1562 bytes]","args":[{"selector":{"id":"application-iscorders-display-component---editOrder--tagInput","interaction":{"idSuffix":"inner"}},"wdio_ui5_key":"applicationiscorders-display-component---editOrder--tagInput"}]}
COMMAND: GET /session/70abb95a660dd479009da93bb1b55d7a/screenshot - {}
RESULT: {"script":"<script> [1562 bytes]","args":[{"selector":{"id":"application-iscorders-display-component---editOrder--tagInput","interaction":{"idSuffix":"inner"}},"wdio_ui5_key":"applicationiscorders-display-component---editOrder--tagInput"}]}
RESULT: undefined
COMMAND: POST /session/70abb95a660dd479009da93bb1b55d7a/execute/async - {"script":"<script> [776 bytes]","args":[{"enterText":"test-tag-1","selector":{"id":"application-iscorders-display-component---editOrder--tagInput","interaction":{"idSuffix":"inner"}},"clearTextFirst":true,"interactionType":"ENTER_TEXT"}]}
RESULT: {}
RESULT: {"script":"<script> [776 bytes]","args":[{"enterText":"test-tag-1","selector":{"id":"application-iscorders-display-component---editOrder--tagInput","interaction":{"idSuffix":"inner"}},"clearTextFirst":true,"interactionType":"ENTER_TEXT"}]}
COMMAND: POST /session/70abb95a660dd479009da93bb1b55d7a/actions - {"actions":[{"id":"action2","type":"key","parameters":{},"actions":[{"type":"keyDown","value":"î€‡"},{"type":"pause","duration":10},{"type":"keyUp","value":"î€‡"}]}]}
RESULT: {"actions":[{"id":"action2","type":"key","parameters":{},"actions":[{"type":"keyDown","value":"î€‡"},{"type":"pause","duration":10},{"type":"keyUp","value":"î€‡"}]}]}
COMMAND: POST /session/70abb95a660dd479009da93bb1b55d7a/execute/async - {"script":"<script> [1562 bytes]","args":[{"selector":{"id":"application-iscorders-display-component---editOrder--ObjectPageLayout-anchBar-application-iscorders-display-component---editOrder--templateUnitSection-anchor","interaction":{"idSuffix":"BDI-content"}},"wdio_ui5_key":"applicationiscorders-display-component---editOrder--ObjectPageLayout-anchBar-application-iscorders-display-component---editOrder--templateUnitSection-anchor"}]}
COMMAND: GET /session/70abb95a660dd479009da93bb1b55d7a/screenshot - {}
RESULT: {"script":"<script> [1562 bytes]","args":[{"selector":{"id":"application-iscorders-display-component---editOrder--ObjectPageLayout-anchBar-application-iscorders-display-component---editOrder--templateUnitSection-anchor","interaction":{"idSuffix":"BDI-content"}},"wdio_ui5_key":"applicationiscorders-display-component---editOrder--ObjectPageLayout-anchBar-application-iscorders-display-component---editOrder--templateUnitSection-anchor"}]}
RESULT: undefined
COMMAND: POST /session/70abb95a660dd479009da93bb1b55d7a/element - {"using":"xpath","value":"//*[@id=\"application-iscorders-display-component---editOrder--ObjectPageLayout-anchBar-application-iscorders-display-component---editOrder--templateUnitSection-anchor\"]"}
RESULT: {}
RESULT: {"using":"xpath","value":"//*[@id=\"application-iscorders-display-component---editOrder--ObjectPageLayout-anchBar-application-iscorders-display-component---editOrder--templateUnitSection-anchor\"]"}
COMMAND: POST /session/70abb95a660dd479009da93bb1b55d7a/element/f.061601F0E40DF4D45C0BDBB2A51B5316.d.88D304E3584F9555935A89F61F213340.e.1305/click - {}
RESULT: {}
COMMAND: POST /session/70abb95a660dd479009da93bb1b55d7a/execute/async - {"script":"<script> [1562 bytes]","args":[{"selector":{"id":"application-iscorders-display-component---editOrder--durationDimension-arrow"},"wdio_ui5_key":"applicationiscorders-display-component---editOrder--durationDimension-arrow"}]}
COMMAND: GET /session/70abb95a660dd479009da93bb1b55d7a/screenshot - {}
RESULT: {"script":"<script> [1562 bytes]","args":[{"selector":{"id":"application-iscorders-display-component---editOrder--durationDimension-arrow"},"wdio_ui5_key":"applicationiscorders-display-component---editOrder--durationDimension-arrow"}]}
RESULT: undefined
COMMAND: POST /session/70abb95a660dd479009da93bb1b55d7a/element - {"using":"xpath","value":"//*[@id=\"application-iscorders-display-component---editOrder--durationDimension-arrow\"]"}
RESULT: {}
RESULT: {"using":"xpath","value":"//*[@id=\"application-iscorders-display-component---editOrder--durationDimension-arrow\"]"}
COMMAND: POST /session/70abb95a660dd479009da93bb1b55d7a/element/f.061601F0E40DF4D45C0BDBB2A51B5316.d.88D304E3584F9555935A89F61F213340.e.1311/click - {}
RESULT: {}
COMMAND: POST /session/70abb95a660dd479009da93bb1b55d7a/execute/async - {"script":"<script> [1562 bytes]","args":[{"selector":{"controlType":"sap.m.StandardListItem","properties":{"title":"Days"},"searchOpenDialogs":true},"wdio_ui5_key":"sapm.StandardListItem{\"title\":\"Days\"}"}]}
COMMAND: GET /session/70abb95a660dd479009da93bb1b55d7a/screenshot - {}
RESULT: {"script":"<script> [1562 bytes]","args":[{"selector":{"controlType":"sap.m.StandardListItem","properties":{"title":"Days"},"searchOpenDialogs":true},"wdio_ui5_key":"sapm.StandardListItem{\"title\":\"Days\"}"}]}
RESULT: undefined
COMMAND: POST /session/70abb95a660dd479009da93bb1b55d7a/element - {"using":"xpath","value":"//*[@id=\"__item800\"]"}
RESULT: {}
RESULT: {"using":"xpath","value":"//*[@id=\"__item800\"]"}
COMMAND: POST /session/70abb95a660dd479009da93bb1b55d7a/element/f.061601F0E40DF4D45C0BDBB2A51B5316.d.88D304E3584F9555935A89F61F213340.e.1312/click - {}
RESULT: {}
COMMAND: POST /session/70abb95a660dd479009da93bb1b55d7a/execute/async - {"script":"<script> [1562 bytes]","args":[{"selector":{"id":"application-iscorders-display-component---editOrder--reminderDimension-arrow"},"wdio_ui5_key":"applicationiscorders-display-component---editOrder--reminderDimension-arrow"}]}
COMMAND: GET /session/70abb95a660dd479009da93bb1b55d7a/screenshot - {}
RESULT: {"script":"<script> [1562 bytes]","args":[{"selector":{"id":"application-iscorders-display-component---editOrder--reminderDimension-arrow"},"wdio_ui5_key":"applicationiscorders-display-component---editOrder--reminderDimension-arrow"}]}
RESULT: undefined
COMMAND: POST /session/70abb95a660dd479009da93bb1b55d7a/element - {"using":"xpath","value":"//*[@id=\"application-iscorders-display-component---editOrder--reminderDimension-arrow\"]"}
RESULT: {}
RESULT: {"using":"xpath","value":"//*[@id=\"application-iscorders-display-component---editOrder--reminderDimension-arrow\"]"}
COMMAND: POST /session/70abb95a660dd479009da93bb1b55d7a/element/f.061601F0E40DF4D45C0BDBB2A51B5316.d.88D304E3584F9555935A89F61F213340.e.1313/click - {}
RESULT: {}
COMMAND: POST /session/70abb95a660dd479009da93bb1b55d7a/execute/async - {"script":"<script> [1562 bytes]","args":[{"selector":{"controlType":"sap.m.StandardListItem","properties":{"title":"Weeks"},"searchOpenDialogs":true},"wdio_ui5_key":"sapm.StandardListItem{\"title\":\"Weeks\"}"}]}
COMMAND: GET /session/70abb95a660dd479009da93bb1b55d7a/screenshot - {}
RESULT: {"script":"<script> [1562 bytes]","args":[{"selector":{"controlType":"sap.m.StandardListItem","properties":{"title":"Weeks"},"searchOpenDialogs":true},"wdio_ui5_key":"sapm.StandardListItem{\"title\":\"Weeks\"}"}]}
RESULT: undefined
COMMAND: POST /session/70abb95a660dd479009da93bb1b55d7a/element - {"using":"xpath","value":"//*[@id=\"__item802\"]"}
RESULT: {}
RESULT: {"using":"xpath","value":"//*[@id=\"__item802\"]"}
COMMAND: POST /session/70abb95a660dd479009da93bb1b55d7a/element/f.061601F0E40DF4D45C0BDBB2A51B5316.d.88D304E3584F9555935A89F61F213340.e.1314/click - {}
RESULT: {}
COMMAND: POST /session/70abb95a660dd479009da93bb1b55d7a/execute/async - {"script":"<script> [1562 bytes]","args":[{"selector":{"id":"application-iscorders-display-component---editOrder--remindersInput","interaction":{"idSuffix":"inner"}},"wdio_ui5_key":"applicationiscorders-display-component---editOrder--remindersInput"}]}
COMMAND: GET /session/70abb95a660dd479009da93bb1b55d7a/screenshot - {}
RESULT: {"script":"<script> [1562 bytes]","args":[{"selector":{"id":"application-iscorders-display-component---editOrder--remindersInput","interaction":{"idSuffix":"inner"}},"wdio_ui5_key":"applicationiscorders-display-component---editOrder--remindersInput"}]}
RESULT: undefined
COMMAND: POST /session/70abb95a660dd479009da93bb1b55d7a/execute/async - {"script":"<script> [776 bytes]","args":[{"enterText":"1","selector":{"id":"application-iscorders-display-component---editOrder--remindersInput","interaction":{"idSuffix":"inner"}},"clearTextFirst":true,"interactionType":"ENTER_TEXT"}]}
RESULT: {}
RESULT: {"script":"<script> [776 bytes]","args":[{"enterText":"1","selector":{"id":"application-iscorders-display-component---editOrder--remindersInput","interaction":{"idSuffix":"inner"}},"clearTextFirst":true,"interactionType":"ENTER_TEXT"}]}
COMMAND: POST /session/70abb95a660dd479009da93bb1b55d7a/execute/async - {"script":"<script> [1562 bytes]","args":[{"selector":{"id":"application-iscorders-display-component---editOrder--ObjectPageLayout-anchBar-application-iscorders-display-component---editOrder--personsUnitSection-anchor","interaction":{"idSuffix":"BDI-content"}},"wdio_ui5_key":"applicationiscorders-display-component---editOrder--ObjectPageLayout-anchBar-application-iscorders-display-component---editOrder--personsUnitSection-anchor"}]}
RESULT: {"script":"<script> [1562 bytes]","args":[{"selector":{"id":"application-iscorders-display-component---editOrder--ObjectPageLayout-anchBar-application-iscorders-display-component---editOrder--personsUnitSection-anchor","interaction":{"idSuffix":"BDI-content"}},"wdio_ui5_key":"applicationiscorders-display-component---editOrder--ObjectPageLayout-anchBar-application-iscorders-display-component---editOrder--personsUnitSection-anchor"}]}
RESULT: undefined
COMMAND: POST /session/70abb95a660dd479009da93bb1b55d7a/element - {"using":"xpath","value":"//*[@id=\"application-iscorders-display-component---editOrder--ObjectPageLayout-anchBar-application-iscorders-display-component---editOrder--personsUnitSection-anchor\"]"}
RESULT: {"using":"xpath","value":"//*[@id=\"application-iscorders-display-component---editOrder--ObjectPageLayout-anchBar-application-iscorders-display-component---editOrder--personsUnitSection-anchor\"]"}
COMMAND: POST /session/70abb95a660dd479009da93bb1b55d7a/element/f.061601F0E40DF4D45C0BDBB2A51B5316.d.88D304E3584F9555935A89F61F213340.e.1317/click - {}
RESULT: {}
COMMAND: POST /session/70abb95a660dd479009da93bb1b55d7a/execute/async - {"script":"<script> [1562 bytes]","args":[{"selector":{"controlType":"sap.ui.core.Icon","viewName":"reusables.view.ISC.Orders.Edit","viewId":"application-iscorders-display-component---editOrder","properties":{"src":{"regex":{"source":"add"}}},"ancestor":{"controlType":"sap.m.OverflowToolbarButton","viewName":"reusables.view.ISC.Orders.Edit","viewId":"application-iscorders-display-component---editOrder","properties":{"icon":"sap-icon://add"}}},"wdio_ui5_key":"reusablesview.ISC.Orders.Editsap.ui.core.Icon{\"src\":{\"regex\":{\"source\":\"add\"}}}{\"controlType\":\"sap.m.OverflowToolbarButton\",\"viewName\":\"reusables.view.ISC.Orders.Edit\",\"viewId\":\"application-iscorders-display-component---editOrder\",\"properties\":{\"icon\":\"sap-icon://add\"}}"}]}
COMMAND: GET /session/70abb95a660dd479009da93bb1b55d7a/screenshot - {}
RESULT: {"script":"<script> [1562 bytes]","args":[{"selector":{"controlType":"sap.ui.core.Icon","viewName":"reusables.view.ISC.Orders.Edit","viewId":"application-iscorders-display-component---editOrder","properties":{"src":{"regex":{"source":"add"}}},"ancestor":{"controlType":"sap.m.OverflowToolbarButton","viewName":"reusables.view.ISC.Orders.Edit","viewId":"application-iscorders-display-component---editOrder","properties":{"icon":"sap-icon://add"}}},"wdio_ui5_key":"reusablesview.ISC.Orders.Editsap.ui.core.Icon{\"src\":{\"regex\":{\"source\":\"add\"}}}{\"controlType\":\"sap.m.OverflowToolbarButton\",\"viewName\":\"reusables.view.ISC.Orders.Edit\",\"viewId\":\"application-iscorders-display-component---editOrder\",\"properties\":{\"icon\":\"sap-icon://add\"}}"}]}
RESULT: undefined
COMMAND: POST /session/70abb95a660dd479009da93bb1b55d7a/element - {"using":"xpath","value":"//*[@id=\"__button150-img\"]"}
RESULT: {}
RESULT: {"using":"xpath","value":"//*[@id=\"__button150-img\"]"}
COMMAND: POST /session/70abb95a660dd479009da93bb1b55d7a/element/f.061601F0E40DF4D45C0BDBB2A51B5316.d.88D304E3584F9555935A89F61F213340.e.1321/click - {}
RESULT: {}
COMMAND: POST /session/70abb95a660dd479009da93bb1b55d7a/execute/async - {"script":"<script> [1562 bytes]","args":[{"selector":{"controlType":"sap.m.SearchField","searchOpenDialogs":true,"interaction":{"idSuffix":"I"}},"wdio_ui5_key":"sapm.SearchField"}]}
COMMAND: GET /session/70abb95a660dd479009da93bb1b55d7a/screenshot - {}
RESULT: {"script":"<script> [1562 bytes]","args":[{"selector":{"controlType":"sap.m.SearchField","searchOpenDialogs":true,"interaction":{"idSuffix":"I"}},"wdio_ui5_key":"sapm.SearchField"}]}
RESULT: undefined
COMMAND: POST /session/70abb95a660dd479009da93bb1b55d7a/execute/async - {"script":"<script> [776 bytes]","args":[{"enterText":"Dummy","selector":{"controlType":"sap.m.SearchField","searchOpenDialogs":true,"interaction":{"idSuffix":"I"}},"clearTextFirst":true,"interactionType":"ENTER_TEXT"}]}
RESULT: {}
RESULT: {"script":"<script> [776 bytes]","args":[{"enterText":"Dummy","selector":{"controlType":"sap.m.SearchField","searchOpenDialogs":true,"interaction":{"idSuffix":"I"}},"clearTextFirst":true,"interactionType":"ENTER_TEXT"}]}
COMMAND: POST /session/70abb95a660dd479009da93bb1b55d7a/actions - {"actions":[{"id":"action3","type":"key","parameters":{},"actions":[{"type":"keyDown","value":"î€‡"},{"type":"pause","duration":10},{"type":"keyUp","value":"î€‡"}]}]}
RESULT: {"actions":[{"id":"action3","type":"key","parameters":{},"actions":[{"type":"keyDown","value":"î€‡"},{"type":"pause","duration":10},{"type":"keyUp","value":"î€‡"}]}]}
COMMAND: GET /session/70abb95a660dd479009da93bb1b55d7a/screenshot - {}
RESULT: {}
COMMAND: POST /session/70abb95a660dd479009da93bb1b55d7a/element - {"using":"xpath","value":"//span[contains(text(), \"Email: dummy@bearingpoint.com\")]"}
RESULT: {"using":"xpath","value":"//span[contains(text(), \"Email: dummy@bearingpoint.com\")]"}
COMMAND: POST /session/70abb95a660dd479009da93bb1b55d7a/element/f.061601F0E40DF4D45C0BDBB2A51B5316.d.88D304E3584F9555935A89F61F213340.e.1332/click - {}
RESULT: {}
COMMAND: GET /session/70abb95a660dd479009da93bb1b55d7a/screenshot - {}
RESULT: {}
COMMAND: POST /session/70abb95a660dd479009da93bb1b55d7a/element - {"using":"xpath","value":"//button[contains(@id ,\"application-iscorders-display-component---editOrder--createTaskButton\")]"}
RESULT: {"using":"xpath","value":"//button[contains(@id ,\"application-iscorders-display-component---editOrder--createTaskButton\")]"}
COMMAND: POST /session/70abb95a660dd479009da93bb1b55d7a/element/f.061601F0E40DF4D45C0BDBB2A51B5316.d.88D304E3584F9555935A89F61F213340.e.1335/click - {}
RESULT: {}
COMMAND: GET /session/70abb95a660dd479009da93bb1b55d7a/screenshot - {}
RESULT: {}
COMMAND: POST /session/70abb95a660dd479009da93bb1b55d7a/execute/async - {"script":"<script> [1562 bytes]","args":[{"selector":{"controlType":"sap.m.Input","viewName":"reusables.view.ISC.Orders.Edit","viewId":"application-iscorders-display-component---editOrder","bindingPath":{"path":"/0","propertyPath":"NAME","modelName":"tasksModel"},"interaction":{"idSuffix":"inner"}},"wdio_ui5_key":"reusablesview.ISC.Orders.Editsap.m.Input{\"path\":\"/0\",\"propertyPath\":\"NAME\",\"modelName\":\"tasksModel\"}"}]}
RESULT: {"script":"<script> [1562 bytes]","args":[{"selector":{"controlType":"sap.m.Input","viewName":"reusables.view.ISC.Orders.Edit","viewId":"application-iscorders-display-component---editOrder","bindingPath":{"path":"/0","propertyPath":"NAME","modelName":"tasksModel"},"interaction":{"idSuffix":"inner"}},"wdio_ui5_key":"reusablesview.ISC.Orders.Editsap.m.Input{\"path\":\"/0\",\"propertyPath\":\"NAME\",\"modelName\":\"tasksModel\"}"}]}
RESULT: undefined
COMMAND: POST /session/70abb95a660dd479009da93bb1b55d7a/execute/async - {"script":"<script> [776 bytes]","args":[{"enterText":"Wdi5-task","selector":{"controlType":"sap.m.Input","viewName":"reusables.view.ISC.Orders.Edit","viewId":"application-iscorders-display-component---editOrder","bindingPath":{"path":"/0","propertyPath":"NAME","modelName":"tasksModel"},"interaction":{"idSuffix":"inner"}},"clearTextFirst":true,"interactionType":"ENTER_TEXT"}]}
RESULT: {"script":"<script> [776 bytes]","args":[{"enterText":"Wdi5-task","selector":{"controlType":"sap.m.Input","viewName":"reusables.view.ISC.Orders.Edit","viewId":"application-iscorders-display-component---editOrder","bindingPath":{"path":"/0","propertyPath":"NAME","modelName":"tasksModel"},"interaction":{"idSuffix":"inner"}},"clearTextFirst":true,"interactionType":"ENTER_TEXT"}]}
COMMAND: POST /session/70abb95a660dd479009da93bb1b55d7a/element - {"using":"xpath","value":"//bdi[contains(@id ,\"application-iscorders-display-component---editOrder--saveOrderButton-BDI-content\")]"}
RESULT: {"using":"xpath","value":"//bdi[contains(@id ,\"application-iscorders-display-component---editOrder--saveOrderButton-BDI-content\")]"}
COMMAND: POST /session/70abb95a660dd479009da93bb1b55d7a/element/f.061601F0E40DF4D45C0BDBB2A51B5316.d.88D304E3584F9555935A89F61F213340.e.1338/click - {}
RESULT: {}
COMMAND: GET /session/70abb95a660dd479009da93bb1b55d7a/screenshot - {}
RESULT: {}
COMMAND: POST /session/70abb95a660dd479009da93bb1b55d7a/execute/async - {"script":"<script> [1562 bytes]","args":[{"selector":{"controlType":"sap.m.Button","properties":{"text":"Stakeholders"},"interaction":{"idSuffix":"BDI-content"}},"wdio_ui5_key":"sapm.Button{\"text\":\"Stakeholders\"}"}]}
RESULT: {"script":"<script> [1562 bytes]","args":[{"selector":{"controlType":"sap.m.Button","properties":{"text":"Stakeholders"},"interaction":{"idSuffix":"BDI-content"}},"wdio_ui5_key":"sapm.Button{\"text\":\"Stakeholders\"}"}]}
RESULT: undefined
COMMAND: POST /session/70abb95a660dd479009da93bb1b55d7a/element - {"using":"xpath","value":"//*[@id=\"__layout234-anchBar-application-iscorders-display-component---displayOrder--personsUnitSection-anchor\"]"}
RESULT: {"using":"xpath","value":"//*[@id=\"__layout234-anchBar-application-iscorders-display-component---displayOrder--personsUnitSection-anchor\"]"}
COMMAND: POST /session/70abb95a660dd479009da93bb1b55d7a/element/f.061601F0E40DF4D45C0BDBB2A51B5316.d.88D304E3584F9555935A89F61F213340.e.1370/click - {}
RESULT: {}
COMMAND: POST /session/70abb95a660dd479009da93bb1b55d7a/element - {"using":"xpath","value":"//span[contains(@id ,\"application-iscorders-display-component---displayOrder--orderPersonTable\")][contains(text(), \"dummy\")]"}
COMMAND: GET /session/70abb95a660dd479009da93bb1b55d7a/screenshot - {}
RESULT: {"using":"xpath","value":"//span[contains(@id ,\"application-iscorders-display-component---displayOrder--orderPersonTable\")][contains(text(), \"dummy\")]"}
RESULT: {}
COMMAND: GET /session/70abb95a660dd479009da93bb1b55d7a/element/f.061601F0E40DF4D45C0BDBB2A51B5316.d.88D304E3584F9555935A89F61F213340.e.1372/text - {}
RESULT: {}
COMMAND: POST /session/70abb95a660dd479009da93bb1b55d7a/execute/async - {"script":"<script> [1562 bytes]","args":[{"selector":{"controlType":"sap.m.Text","viewName":"reusables.view.ISC.Orders.Detail","viewId":"application-iscorders-display-component---displayOrder","bindingPath":{"path":"/0","propertyPath":"NAME","modelName":"tasksModel"}},"wdio_ui5_key":"reusablesview.ISC.Orders.Detailsap.m.Text{\"path\":\"/0\",\"propertyPath\":\"NAME\",\"modelName\":\"tasksModel\"}"}]}
RESULT: {"script":"<script> [1562 bytes]","args":[{"selector":{"controlType":"sap.m.Text","viewName":"reusables.view.ISC.Orders.Detail","viewId":"application-iscorders-display-component---displayOrder","bindingPath":{"path":"/0","propertyPath":"NAME","modelName":"tasksModel"}},"wdio_ui5_key":"reusablesview.ISC.Orders.Detailsap.m.Text{\"path\":\"/0\",\"propertyPath\":\"NAME\",\"modelName\":\"tasksModel\"}"}]}
RESULT: undefined
COMMAND: POST /session/70abb95a660dd479009da93bb1b55d7a/execute/async - {"script":"<script> [6424 bytes]","args":[{"element-6066-11e4-a52e-4f735466cecf":"f.061601F0E40DF4D45C0BDBB2A51B5316.d.88D304E3584F9555935A89F61F213340.e.1375"},"getText",[]]}
RESULT: {"script":"<script> [6424 bytes]","args":[{"element-6066-11e4-a52e-4f735466cecf":"f.061601F0E40DF4D45C0BDBB2A51B5316.d.88D304E3584F9555935A89F61F213340.e.1375"},"getText",[]]}
COMMAND: POST /session/70abb95a660dd479009da93bb1b55d7a/refresh - {}
RESULT: {}
COMMAND: GET /session/70abb95a660dd479009da93bb1b55d7a/screenshot - {}
RESULT: {}
COMMAND: POST /session/70abb95a660dd479009da93bb1b55d7a/refresh - {}
RESULT: {}
COMMAND: GET /session/70abb95a660dd479009da93bb1b55d7a/screenshot - {}
RESULT: {}
COMMAND: POST /session/70abb95a660dd479009da93bb1b55d7a/window/fullscreen - {}
RESULT: {}
COMMAND: POST /session/70abb95a660dd479009da93bb1b55d7a/execute/async - {"script":"<script> [189 bytes]","args":[]}
RESULT: {"script":"<script> [189 bytes]","args":[]}
COMMAND: POST /session/70abb95a660dd479009da93bb1b55d7a/execute/async - {"script":"<script> [123 bytes]","args":[]}
RESULT: {"script":"<script> [123 bytes]","args":[]}
COMMAND: POST /session/70abb95a660dd479009da93bb1b55d7a/timeouts - {"script":"<number>"}
RESULT: {"script":"<number>"}
COMMAND: GET /session/70abb95a660dd479009da93bb1b55d7a/timeouts - {}
RESULT: {}
RESULT: undefined
COMMAND: POST /session/70abb95a660dd479009da93bb1b55d7a/execute/async - {"script":"<script> [2676 bytes]","args":[]}
RESULT: {"script":"<script> [2676 bytes]","args":[]}
COMMAND: POST /session/70abb95a660dd479009da93bb1b55d7a/execute/async - {"script":"<script> [2342 bytes]","args":[{"protocol":"http","hostname":"0.0.0.0","path":"/","capabilities":{"browserName":"chrome","goog:chromeOptions":{"binary":"C:\\Program Files\\Google\\Chrome\\Application\\chrome.exe","args":["--start-maximized"]}},"logLevel":"warn","connectionRetryTimeout":120000,"connectionRetryCount":3,"logLevels":{},"enableDirectConnect":true,"strictSSL":true,"_":"65 more keys: [\"cacheDir\",\"port\",\"requestedCapabilities\",\"automationProtocol\",\"baseUrl\",\"waitforInterval\",\"waitforTimeout\",\"onReload\",\"beforeCommand\",\"afterCommand\",\"rootDir\",\"specs\",\"suites\",\"exclude\",\"groupLogsByTestSpec\",\"excludeDriverLogs\",\"bail\",\"framework\",\"reporters\",\"services\",\"maxInstances\",\"maxInstancesPerCapability\",\"injectGlobals\",\"filesToWatch\",\"execArgv\",\"runnerEnv\",\"runner\",\"shard\",\"specFileRetries\",\"specFileRetriesDelay\",\"specFileRetriesDeferred\",\"reporterSyncInterval\",\"reporterSyncTimeout\",\"cucumberFeaturesWithLineNumbers\",\"autoCompileOpts\",\"mochaOpts\",\"jasmineOpts\",\"cucumberOpts\",\"onPrepare\",\"onWorkerStart\",\"onWorkerEnd\",\"before\",\"beforeSession\",\"beforeSuite\",\"beforeHook\",\"beforeTest\",\"afterTest\",\"afterHook\",\"afterSuite\",\"afterSession\",\"after\",\"onComplete\",\"beforeAssertion\",\"afterAssertion\",\"beforeFeature\",\"beforeScenario\",\"beforeStep\",\"afterStep\",\"afterScenario\",\"afterFeature\",\"_\",\"suite\",\"$0\",\"ignoredWorkerServices\",\"wdi5\"]"}]}
RESULT: {"script":"<script> [2342 bytes]","args":[{"protocol":"http","hostname":"0.0.0.0","path":"/","capabilities":{"browserName":"chrome","goog:chromeOptions":{"binary":"C:\\Program Files\\Google\\Chrome\\Application\\chrome.exe","args":["--start-maximized"]}},"logLevel":"warn","connectionRetryTimeout":120000,"connectionRetryCount":3,"logLevels":{},"enableDirectConnect":true,"strictSSL":true,"_":"65 more keys: [\"cacheDir\",\"port\",\"requestedCapabilities\",\"automationProtocol\",\"baseUrl\",\"waitforInterval\",\"waitforTimeout\",\"onReload\",\"beforeCommand\",\"afterCommand\",\"rootDir\",\"specs\",\"suites\",\"exclude\",\"groupLogsByTestSpec\",\"excludeDriverLogs\",\"bail\",\"framework\",\"reporters\",\"services\",\"maxInstances\",\"maxInstancesPerCapability\",\"injectGlobals\",\"filesToWatch\",\"execArgv\",\"runnerEnv\",\"runner\",\"shard\",\"specFileRetries\",\"specFileRetriesDelay\",\"specFileRetriesDeferred\",\"reporterSyncInterval\",\"reporterSyncTimeout\",\"cucumberFeaturesWithLineNumbers\",\"autoCompileOpts\",\"mochaOpts\",\"jasmineOpts\",\"cucumberOpts\",\"onPrepare\",\"onWorkerStart\",\"onWorkerEnd\",\"before\",\"beforeSession\",\"beforeSuite\",\"beforeHook\",\"beforeTest\",\"afterTest\",\"afterHook\",\"afterSuite\",\"afterSession\",\"after\",\"onComplete\",\"beforeAssertion\",\"afterAssertion\",\"beforeFeature\",\"beforeScenario\",\"beforeStep\",\"afterStep\",\"afterScenario\",\"afterFeature\",\"_\",\"suite\",\"$0\",\"ignoredWorkerServices\",\"wdi5\"]"}]}
COMMAND: POST /session/70abb95a660dd479009da93bb1b55d7a/execute/async - {"script":"<script> [21126 bytes]","args":[35000]}
RESULT: {"script":"<script> [21126 bytes]","args":[35000]}
COMMAND: POST /session/70abb95a660dd479009da93bb1b55d7a/element - {"using":"css selector","value":"#shell-header-logo"}
RESULT: {"using":"css selector","value":"#shell-header-logo"}
COMMAND: POST /session/70abb95a660dd479009da93bb1b55d7a/element/f.061601F0E40DF4D45C0BDBB2A51B5316.d.314423F451C00CC51F206DC701FC9CA4.e.1388/click - {}
RESULT: {}
COMMAND: GET /session/70abb95a660dd479009da93bb1b55d7a/screenshot - {}
RESULT: {}
COMMAND: POST /session/70abb95a660dd479009da93bb1b55d7a/execute/async - {"script":"<script> [1562 bytes]","args":[{"selector":{"controlType":"sap.ushell.ui.launchpad.AnchorItem","bindingPath":{"path":"/groups/6","propertyPath":"index"},"interaction":{"idSuffix":"inner"}},"wdio_ui5_key":"sapushell.ui.launchpad.AnchorItem{\"path\":\"/groups/6\",\"propertyPath\":\"index\"}"}]}
RESULT: {"script":"<script> [1562 bytes]","args":[{"selector":{"controlType":"sap.ushell.ui.launchpad.AnchorItem","bindingPath":{"path":"/groups/6","propertyPath":"index"},"interaction":{"idSuffix":"inner"}},"wdio_ui5_key":"sapushell.ui.launchpad.AnchorItem{\"path\":\"/groups/6\",\"propertyPath\":\"index\"}"}]}
RESULT: undefined
COMMAND: POST /session/70abb95a660dd479009da93bb1b55d7a/element - {"using":"xpath","value":"//*[@id=\"__item92-anchorNavigationBar-6\"]"}
RESULT: {"using":"xpath","value":"//*[@id=\"__item92-anchorNavigationBar-6\"]"}
COMMAND: POST /session/70abb95a660dd479009da93bb1b55d7a/element/f.061601F0E40DF4D45C0BDBB2A51B5316.d.314423F451C00CC51F206DC701FC9CA4.e.1770/click - {}
RESULT: {}
COMMAND: GET /session/70abb95a660dd479009da93bb1b55d7a/screenshot - {}
RESULT: {}
COMMAND: POST /session/70abb95a660dd479009da93bb1b55d7a/execute/async - {"script":"<script> [1562 bytes]","args":[{"selector":{"controlType":"sap.m.GenericTile","properties":{"header":"ISC Orders"}},"wdio_ui5_key":"sapm.GenericTile{\"header\":\"ISC Orders\"}"}]}
RESULT: {"script":"<script> [1562 bytes]","args":[{"selector":{"controlType":"sap.m.GenericTile","properties":{"header":"ISC Orders"}},"wdio_ui5_key":"sapm.GenericTile{\"header\":\"ISC Orders\"}"}]}
RESULT: undefined
COMMAND: POST /session/70abb95a660dd479009da93bb1b55d7a/element - {"using":"xpath","value":"//*[@id=\"__tile112\"]"}
RESULT: {"using":"xpath","value":"//*[@id=\"__tile112\"]"}
COMMAND: POST /session/70abb95a660dd479009da93bb1b55d7a/element/f.061601F0E40DF4D45C0BDBB2A51B5316.d.314423F451C00CC51F206DC701FC9CA4.e.1773/click - {}
RESULT: {}
COMMAND: GET /session/70abb95a660dd479009da93bb1b55d7a/screenshot - {}
RESULT: {}
]]></system-out>
    </testcase>
  </testsuite>
  <testsuite timestamp="2025-05-02T16:42:45" time="360.995" tests="5" failures="0" errors="0" skipped="0">
    <properties>
      <property name="specId" value="0" />
      <property name="suiteName" value="Verify smart filtering on ISC orders US116616" />
      <property name="capabilities" value="chrome.135_0_7049_96.windows" />
      <property name="file" value="file:///D:/a/1/s/test/specs/ISC/filter-iscorder.spec.js" />
    </properties>
    <testcase classname="chrome.135_0_7049_96.windows.Verify_smart_filtering_on_ISC_orders_US116616" name="Should filter usign STATUS created" time="49.944">
      <system-out><![CDATA[
COMMAND: POST /session/70abb95a660dd479009da93bb1b55d7a/execute/async - {"script":"<script> [1562 bytes]","args":[{"selector":{"controlType":"sap.ui.core.Icon","viewName":"etm.portal.ui.iscorders.view.Master","viewId":"application-iscorders-display-component---orderList","properties":{"src":{"regex":{"source":"slim\\-arrow\\-down"}}},"ancestor":{"controlType":"sap.m.MultiComboBox","viewName":"etm.portal.ui.iscorders.view.Master","viewId":"application-iscorders-display-component---orderList","labelFor":{"text":"Status"}}},"wdio_ui5_key":"etmportal.ui.iscorders.view.Mastersap.ui.core.Icon{\"src\":{\"regex\":{\"source\":\"slim\\\\-arrow\\\\-down\"}}}{\"controlType\":\"sap.m.MultiComboBox\",\"viewName\":\"etm.portal.ui.iscorders.view.Master\",\"viewId\":\"application-iscorders-display-component---orderList\",\"labelFor\":{\"text\":\"Status\"}}"}]}
RESULT: {"script":"<script> [1562 bytes]","args":[{"selector":{"controlType":"sap.ui.core.Icon","viewName":"etm.portal.ui.iscorders.view.Master","viewId":"application-iscorders-display-component---orderList","properties":{"src":{"regex":{"source":"slim\\-arrow\\-down"}}},"ancestor":{"controlType":"sap.m.MultiComboBox","viewName":"etm.portal.ui.iscorders.view.Master","viewId":"application-iscorders-display-component---orderList","labelFor":{"text":"Status"}}},"wdio_ui5_key":"etmportal.ui.iscorders.view.Mastersap.ui.core.Icon{\"src\":{\"regex\":{\"source\":\"slim\\\\-arrow\\\\-down\"}}}{\"controlType\":\"sap.m.MultiComboBox\",\"viewName\":\"etm.portal.ui.iscorders.view.Master\",\"viewId\":\"application-iscorders-display-component---orderList\",\"labelFor\":{\"text\":\"Status\"}}"}]}
RESULT: undefined
COMMAND: POST /session/70abb95a660dd479009da93bb1b55d7a/element - {"using":"xpath","value":"//*[@id=\"__box23-arrow\"]"}
RESULT: {"using":"xpath","value":"//*[@id=\"__box23-arrow\"]"}
COMMAND: POST /session/70abb95a660dd479009da93bb1b55d7a/element/f.061601F0E40DF4D45C0BDBB2A51B5316.d.314423F451C00CC51F206DC701FC9CA4.e.1876/click - {}
RESULT: {}
COMMAND: POST /session/70abb95a660dd479009da93bb1b55d7a/execute/async - {"script":"<script> [1562 bytes]","args":[{"selector":{"controlType":"sap.m.StandardListItem","viewName":"etm.portal.ui.iscorders.view.Master","viewId":"application-iscorders-display-component---orderList","properties":{"title":"created"},"searchOpenDialogs":true,"interaction":{"idSuffix":"titleText"}},"wdio_ui5_key":"etmportal.ui.iscorders.view.Mastersap.m.StandardListItem{\"title\":\"created\"}"}]}
COMMAND: GET /session/70abb95a660dd479009da93bb1b55d7a/screenshot - {}
RESULT: {"script":"<script> [1562 bytes]","args":[{"selector":{"controlType":"sap.m.StandardListItem","viewName":"etm.portal.ui.iscorders.view.Master","viewId":"application-iscorders-display-component---orderList","properties":{"title":"created"},"searchOpenDialogs":true,"interaction":{"idSuffix":"titleText"}},"wdio_ui5_key":"etmportal.ui.iscorders.view.Mastersap.m.StandardListItem{\"title\":\"created\"}"}]}
RESULT: undefined
COMMAND: POST /session/70abb95a660dd479009da93bb1b55d7a/element - {"using":"xpath","value":"//*[@id=\"__item121\"]"}
RESULT: {}
RESULT: {"using":"xpath","value":"//*[@id=\"__item121\"]"}
COMMAND: POST /session/70abb95a660dd479009da93bb1b55d7a/element/f.061601F0E40DF4D45C0BDBB2A51B5316.d.314423F451C00CC51F206DC701FC9CA4.e.1886/click - {}
RESULT: {}
COMMAND: GET /session/70abb95a660dd479009da93bb1b55d7a/screenshot - {}
RESULT: {}
COMMAND: POST /session/70abb95a660dd479009da93bb1b55d7a/execute/async - {"script":"<script> [1562 bytes]","args":[{"selector":{"controlType":"sap.m.Button","properties":{"text":"OK"},"searchOpenDialogs":true,"ancestor":{"controlType":"sap.m.Dialog","properties":{"icon":"sap-icon://alert"},"searchOpenDialogs":true},"interaction":{"idSuffix":"inner"}},"wdio_ui5_key":"sapm.Button{\"text\":\"OK\"}{\"controlType\":\"sap.m.Dialog\",\"properties\":{\"icon\":\"sap-icon://alert\"},\"searchOpenDialogs\":true}"}]}
RESULT: {"script":"<script> [1562 bytes]","args":[{"selector":{"controlType":"sap.m.Button","properties":{"text":"OK"},"searchOpenDialogs":true,"ancestor":{"controlType":"sap.m.Dialog","properties":{"icon":"sap-icon://alert"},"searchOpenDialogs":true},"interaction":{"idSuffix":"inner"}},"wdio_ui5_key":"sapm.Button{\"text\":\"OK\"}{\"controlType\":\"sap.m.Dialog\",\"properties\":{\"icon\":\"sap-icon://alert\"},\"searchOpenDialogs\":true}"}]}
RESULT: undefined
COMMAND: POST /session/70abb95a660dd479009da93bb1b55d7a/execute/async - {"script":"<script> [1562 bytes]","args":[{"selector":{"controlType":"sap.ui.comp.smarttable.SmartTable","viewName":"etm.portal.ui.iscorders.view.Master","id":"application-iscorders-display-component---orderList--smartTable"},"wdio_ui5_key":"applicationiscorders-display-component---orderList--smartTableetm.portal.ui.iscorders.view.Mastersap.ui.comp.smarttable.SmartTable"}]}
RESULT: {"script":"<script> [1562 bytes]","args":[{"selector":{"controlType":"sap.ui.comp.smarttable.SmartTable","viewName":"etm.portal.ui.iscorders.view.Master","id":"application-iscorders-display-component---orderList--smartTable"},"wdio_ui5_key":"applicationiscorders-display-component---orderList--smartTableetm.portal.ui.iscorders.view.Mastersap.ui.comp.smarttable.SmartTable"}]}
RESULT: undefined
COMMAND: POST /session/70abb95a660dd479009da93bb1b55d7a/execute/async - {"script":"<script> [6424 bytes]","args":[{"element-6066-11e4-a52e-4f735466cecf":"f.061601F0E40DF4D45C0BDBB2A51B5316.d.314423F451C00CC51F206DC701FC9CA4.e.2008"},"getItems",[]]}
RESULT: {"script":"<script> [6424 bytes]","args":[{"element-6066-11e4-a52e-4f735466cecf":"f.061601F0E40DF4D45C0BDBB2A51B5316.d.314423F451C00CC51F206DC701FC9CA4.e.2008"},"getItems",[]]}
COMMAND: POST /session/70abb95a660dd479009da93bb1b55d7a/execute/async - {"script":"<script> [1562 bytes]","args":[{"wdio_ui5_key":"application-iscorders-display-component---orderList--customOrdersTable","selector":{"id":"application-iscorders-display-component---orderList--customOrdersTable"}}]}
RESULT: {"script":"<script> [1562 bytes]","args":[{"wdio_ui5_key":"application-iscorders-display-component---orderList--customOrdersTable","selector":{"id":"application-iscorders-display-component---orderList--customOrdersTable"}}]}
RESULT: undefined
COMMAND: POST /session/70abb95a660dd479009da93bb1b55d7a/element - {"using":"css selector","value":"#shell-header-logo"}
RESULT: {"using":"css selector","value":"#shell-header-logo"}
COMMAND: POST /session/70abb95a660dd479009da93bb1b55d7a/element/f.061601F0E40DF4D45C0BDBB2A51B5316.d.314423F451C00CC51F206DC701FC9CA4.e.1777/click - {}
RESULT: {}
COMMAND: GET /session/70abb95a660dd479009da93bb1b55d7a/screenshot - {}
RESULT: {}
COMMAND: POST /session/70abb95a660dd479009da93bb1b55d7a/refresh - {}
RESULT: {}
COMMAND: GET /session/70abb95a660dd479009da93bb1b55d7a/screenshot - {}
RESULT: {}
COMMAND: POST /session/70abb95a660dd479009da93bb1b55d7a/refresh - {}
RESULT: {}
COMMAND: GET /session/70abb95a660dd479009da93bb1b55d7a/screenshot - {}
RESULT: {}
COMMAND: POST /session/70abb95a660dd479009da93bb1b55d7a/window/fullscreen - {}
RESULT: {}
COMMAND: POST /session/70abb95a660dd479009da93bb1b55d7a/execute/async - {"script":"<script> [189 bytes]","args":[]}
RESULT: {"script":"<script> [189 bytes]","args":[]}
COMMAND: POST /session/70abb95a660dd479009da93bb1b55d7a/execute/async - {"script":"<script> [123 bytes]","args":[]}
RESULT: {"script":"<script> [123 bytes]","args":[]}
COMMAND: POST /session/70abb95a660dd479009da93bb1b55d7a/timeouts - {"script":"<number>"}
RESULT: {"script":"<number>"}
COMMAND: GET /session/70abb95a660dd479009da93bb1b55d7a/timeouts - {}
RESULT: {}
RESULT: undefined
COMMAND: POST /session/70abb95a660dd479009da93bb1b55d7a/execute/async - {"script":"<script> [2676 bytes]","args":[]}
RESULT: {"script":"<script> [2676 bytes]","args":[]}
COMMAND: POST /session/70abb95a660dd479009da93bb1b55d7a/execute/async - {"script":"<script> [2342 bytes]","args":[{"protocol":"http","hostname":"0.0.0.0","path":"/","capabilities":{"browserName":"chrome","goog:chromeOptions":{"binary":"C:\\Program Files\\Google\\Chrome\\Application\\chrome.exe","args":["--start-maximized"]}},"logLevel":"warn","connectionRetryTimeout":120000,"connectionRetryCount":3,"logLevels":{},"enableDirectConnect":true,"strictSSL":true,"_":"65 more keys: [\"cacheDir\",\"port\",\"requestedCapabilities\",\"automationProtocol\",\"baseUrl\",\"waitforInterval\",\"waitforTimeout\",\"onReload\",\"beforeCommand\",\"afterCommand\",\"rootDir\",\"specs\",\"suites\",\"exclude\",\"groupLogsByTestSpec\",\"excludeDriverLogs\",\"bail\",\"framework\",\"reporters\",\"services\",\"maxInstances\",\"maxInstancesPerCapability\",\"injectGlobals\",\"filesToWatch\",\"execArgv\",\"runnerEnv\",\"runner\",\"shard\",\"specFileRetries\",\"specFileRetriesDelay\",\"specFileRetriesDeferred\",\"reporterSyncInterval\",\"reporterSyncTimeout\",\"cucumberFeaturesWithLineNumbers\",\"autoCompileOpts\",\"mochaOpts\",\"jasmineOpts\",\"cucumberOpts\",\"onPrepare\",\"onWorkerStart\",\"onWorkerEnd\",\"before\",\"beforeSession\",\"beforeSuite\",\"beforeHook\",\"beforeTest\",\"afterTest\",\"afterHook\",\"afterSuite\",\"afterSession\",\"after\",\"onComplete\",\"beforeAssertion\",\"afterAssertion\",\"beforeFeature\",\"beforeScenario\",\"beforeStep\",\"afterStep\",\"afterScenario\",\"afterFeature\",\"_\",\"suite\",\"$0\",\"ignoredWorkerServices\",\"wdi5\"]"}]}
RESULT: {"script":"<script> [2342 bytes]","args":[{"protocol":"http","hostname":"0.0.0.0","path":"/","capabilities":{"browserName":"chrome","goog:chromeOptions":{"binary":"C:\\Program Files\\Google\\Chrome\\Application\\chrome.exe","args":["--start-maximized"]}},"logLevel":"warn","connectionRetryTimeout":120000,"connectionRetryCount":3,"logLevels":{},"enableDirectConnect":true,"strictSSL":true,"_":"65 more keys: [\"cacheDir\",\"port\",\"requestedCapabilities\",\"automationProtocol\",\"baseUrl\",\"waitforInterval\",\"waitforTimeout\",\"onReload\",\"beforeCommand\",\"afterCommand\",\"rootDir\",\"specs\",\"suites\",\"exclude\",\"groupLogsByTestSpec\",\"excludeDriverLogs\",\"bail\",\"framework\",\"reporters\",\"services\",\"maxInstances\",\"maxInstancesPerCapability\",\"injectGlobals\",\"filesToWatch\",\"execArgv\",\"runnerEnv\",\"runner\",\"shard\",\"specFileRetries\",\"specFileRetriesDelay\",\"specFileRetriesDeferred\",\"reporterSyncInterval\",\"reporterSyncTimeout\",\"cucumberFeaturesWithLineNumbers\",\"autoCompileOpts\",\"mochaOpts\",\"jasmineOpts\",\"cucumberOpts\",\"onPrepare\",\"onWorkerStart\",\"onWorkerEnd\",\"before\",\"beforeSession\",\"beforeSuite\",\"beforeHook\",\"beforeTest\",\"afterTest\",\"afterHook\",\"afterSuite\",\"afterSession\",\"after\",\"onComplete\",\"beforeAssertion\",\"afterAssertion\",\"beforeFeature\",\"beforeScenario\",\"beforeStep\",\"afterStep\",\"afterScenario\",\"afterFeature\",\"_\",\"suite\",\"$0\",\"ignoredWorkerServices\",\"wdi5\"]"}]}
COMMAND: POST /session/70abb95a660dd479009da93bb1b55d7a/execute/async - {"script":"<script> [21126 bytes]","args":[35000]}
RESULT: {"script":"<script> [21126 bytes]","args":[35000]}
]]></system-out>
    </testcase>
    <testcase classname="chrome.135_0_7049_96.windows.Verify_smart_filtering_on_ISC_orders_US116616" name="Should filter usign STATUS confirmed" time="64.047">
      <system-out><![CDATA[
COMMAND: POST /session/70abb95a660dd479009da93bb1b55d7a/execute/async - {"script":"<script> [1562 bytes]","args":[{"selector":{"controlType":"sap.m.GenericTile","properties":{"header":"ISC Orders"}},"wdio_ui5_key":"sapm.GenericTile{\"header\":\"ISC Orders\"}"}]}
RESULT: {"script":"<script> [1562 bytes]","args":[{"selector":{"controlType":"sap.m.GenericTile","properties":{"header":"ISC Orders"}},"wdio_ui5_key":"sapm.GenericTile{\"header\":\"ISC Orders\"}"}]}
RESULT: undefined
COMMAND: POST /session/70abb95a660dd479009da93bb1b55d7a/element - {"using":"xpath","value":"//*[@id=\"__tile108\"]"}
RESULT: {"using":"xpath","value":"//*[@id=\"__tile108\"]"}
COMMAND: POST /session/70abb95a660dd479009da93bb1b55d7a/element/f.061601F0E40DF4D45C0BDBB2A51B5316.d.DFDD30B5CC942AA8EA5629954BE2B01D.e.2154/click - {}
RESULT: {}
COMMAND: GET /session/70abb95a660dd479009da93bb1b55d7a/screenshot - {}
RESULT: {}
COMMAND: POST /session/70abb95a660dd479009da93bb1b55d7a/execute/async - {"script":"<script> [1562 bytes]","args":[{"selector":{"controlType":"sap.ui.core.Icon","viewName":"etm.portal.ui.iscorders.view.Master","viewId":"application-iscorders-display-component---orderList","properties":{"src":{"regex":{"source":"slim\\-arrow\\-down"}}},"ancestor":{"controlType":"sap.m.MultiComboBox","viewName":"etm.portal.ui.iscorders.view.Master","viewId":"application-iscorders-display-component---orderList","labelFor":{"text":"Status"}}},"wdio_ui5_key":"etmportal.ui.iscorders.view.Mastersap.ui.core.Icon{\"src\":{\"regex\":{\"source\":\"slim\\\\-arrow\\\\-down\"}}}{\"controlType\":\"sap.m.MultiComboBox\",\"viewName\":\"etm.portal.ui.iscorders.view.Master\",\"viewId\":\"application-iscorders-display-component---orderList\",\"labelFor\":{\"text\":\"Status\"}}"}]}
RESULT: {"script":"<script> [1562 bytes]","args":[{"selector":{"controlType":"sap.ui.core.Icon","viewName":"etm.portal.ui.iscorders.view.Master","viewId":"application-iscorders-display-component---orderList","properties":{"src":{"regex":{"source":"slim\\-arrow\\-down"}}},"ancestor":{"controlType":"sap.m.MultiComboBox","viewName":"etm.portal.ui.iscorders.view.Master","viewId":"application-iscorders-display-component---orderList","labelFor":{"text":"Status"}}},"wdio_ui5_key":"etmportal.ui.iscorders.view.Mastersap.ui.core.Icon{\"src\":{\"regex\":{\"source\":\"slim\\\\-arrow\\\\-down\"}}}{\"controlType\":\"sap.m.MultiComboBox\",\"viewName\":\"etm.portal.ui.iscorders.view.Master\",\"viewId\":\"application-iscorders-display-component---orderList\",\"labelFor\":{\"text\":\"Status\"}}"}]}
RESULT: undefined
COMMAND: POST /session/70abb95a660dd479009da93bb1b55d7a/element - {"using":"xpath","value":"//*[@id=\"__box4-arrow\"]"}
RESULT: {"using":"xpath","value":"//*[@id=\"__box4-arrow\"]"}
COMMAND: POST /session/70abb95a660dd479009da93bb1b55d7a/element/f.061601F0E40DF4D45C0BDBB2A51B5316.d.DFDD30B5CC942AA8EA5629954BE2B01D.e.2254/click - {}
RESULT: {}
COMMAND: POST /session/70abb95a660dd479009da93bb1b55d7a/execute/async - {"script":"<script> [1562 bytes]","args":[{"selector":{"controlType":"sap.m.StandardListItem","viewName":"etm.portal.ui.iscorders.view.Master","viewId":"application-iscorders-display-component---orderList","properties":{"title":"confirmed"},"searchOpenDialogs":true,"interaction":{"idSuffix":"titleText"}},"wdio_ui5_key":"etmportal.ui.iscorders.view.Mastersap.m.StandardListItem{\"title\":\"confirmed\"}"}]}
COMMAND: GET /session/70abb95a660dd479009da93bb1b55d7a/screenshot - {}
RESULT: {"script":"<script> [1562 bytes]","args":[{"selector":{"controlType":"sap.m.StandardListItem","viewName":"etm.portal.ui.iscorders.view.Master","viewId":"application-iscorders-display-component---orderList","properties":{"title":"confirmed"},"searchOpenDialogs":true,"interaction":{"idSuffix":"titleText"}},"wdio_ui5_key":"etmportal.ui.iscorders.view.Mastersap.m.StandardListItem{\"title\":\"confirmed\"}"}]}
RESULT: undefined
COMMAND: POST /session/70abb95a660dd479009da93bb1b55d7a/element - {"using":"xpath","value":"//*[@id=\"__item44\"]"}
RESULT: {}
RESULT: {"using":"xpath","value":"//*[@id=\"__item44\"]"}
COMMAND: POST /session/70abb95a660dd479009da93bb1b55d7a/element/f.061601F0E40DF4D45C0BDBB2A51B5316.d.DFDD30B5CC942AA8EA5629954BE2B01D.e.2262/click - {}
RESULT: {}
COMMAND: GET /session/70abb95a660dd479009da93bb1b55d7a/screenshot - {}
RESULT: {}
COMMAND: POST /session/70abb95a660dd479009da93bb1b55d7a/execute/async - {"script":"<script> [1562 bytes]","args":[{"selector":{"controlType":"sap.m.Button","properties":{"text":"OK"},"searchOpenDialogs":true,"ancestor":{"controlType":"sap.m.Dialog","properties":{"icon":"sap-icon://alert"},"searchOpenDialogs":true},"interaction":{"idSuffix":"inner"}},"wdio_ui5_key":"sapm.Button{\"text\":\"OK\"}{\"controlType\":\"sap.m.Dialog\",\"properties\":{\"icon\":\"sap-icon://alert\"},\"searchOpenDialogs\":true}"}]}
RESULT: {"script":"<script> [1562 bytes]","args":[{"selector":{"controlType":"sap.m.Button","properties":{"text":"OK"},"searchOpenDialogs":true,"ancestor":{"controlType":"sap.m.Dialog","properties":{"icon":"sap-icon://alert"},"searchOpenDialogs":true},"interaction":{"idSuffix":"inner"}},"wdio_ui5_key":"sapm.Button{\"text\":\"OK\"}{\"controlType\":\"sap.m.Dialog\",\"properties\":{\"icon\":\"sap-icon://alert\"},\"searchOpenDialogs\":true}"}]}
RESULT: undefined
COMMAND: POST /session/70abb95a660dd479009da93bb1b55d7a/execute/async - {"script":"<script> [1562 bytes]","args":[{"selector":{"controlType":"sap.ui.comp.smarttable.SmartTable","viewName":"etm.portal.ui.iscorders.view.Master","id":"application-iscorders-display-component---orderList--smartTable"},"wdio_ui5_key":"applicationiscorders-display-component---orderList--smartTableetm.portal.ui.iscorders.view.Mastersap.ui.comp.smarttable.SmartTable"}]}
RESULT: {"script":"<script> [1562 bytes]","args":[{"selector":{"controlType":"sap.ui.comp.smarttable.SmartTable","viewName":"etm.portal.ui.iscorders.view.Master","id":"application-iscorders-display-component---orderList--smartTable"},"wdio_ui5_key":"applicationiscorders-display-component---orderList--smartTableetm.portal.ui.iscorders.view.Mastersap.ui.comp.smarttable.SmartTable"}]}
RESULT: undefined
COMMAND: POST /session/70abb95a660dd479009da93bb1b55d7a/execute/async - {"script":"<script> [6424 bytes]","args":[{"element-6066-11e4-a52e-4f735466cecf":"f.061601F0E40DF4D45C0BDBB2A51B5316.d.DFDD30B5CC942AA8EA5629954BE2B01D.e.2446"},"getItems",[]]}
RESULT: {"script":"<script> [6424 bytes]","args":[{"element-6066-11e4-a52e-4f735466cecf":"f.061601F0E40DF4D45C0BDBB2A51B5316.d.DFDD30B5CC942AA8EA5629954BE2B01D.e.2446"},"getItems",[]]}
COMMAND: POST /session/70abb95a660dd479009da93bb1b55d7a/execute/async - {"script":"<script> [1562 bytes]","args":[{"wdio_ui5_key":"application-iscorders-display-component---orderList--customOrdersTable","selector":{"id":"application-iscorders-display-component---orderList--customOrdersTable"}}]}
RESULT: {"script":"<script> [1562 bytes]","args":[{"wdio_ui5_key":"application-iscorders-display-component---orderList--customOrdersTable","selector":{"id":"application-iscorders-display-component---orderList--customOrdersTable"}}]}
RESULT: undefined
COMMAND: POST /session/70abb95a660dd479009da93bb1b55d7a/element - {"using":"css selector","value":"#shell-header-logo"}
RESULT: {"using":"css selector","value":"#shell-header-logo"}
COMMAND: POST /session/70abb95a660dd479009da93bb1b55d7a/element/f.061601F0E40DF4D45C0BDBB2A51B5316.d.DFDD30B5CC942AA8EA5629954BE2B01D.e.2158/click - {}
RESULT: {}
COMMAND: GET /session/70abb95a660dd479009da93bb1b55d7a/screenshot - {}
RESULT: {}
COMMAND: POST /session/70abb95a660dd479009da93bb1b55d7a/refresh - {}
RESULT: {}
COMMAND: GET /session/70abb95a660dd479009da93bb1b55d7a/screenshot - {}
RESULT: {}
COMMAND: POST /session/70abb95a660dd479009da93bb1b55d7a/refresh - {}
RESULT: {}
COMMAND: GET /session/70abb95a660dd479009da93bb1b55d7a/screenshot - {}
RESULT: {}
COMMAND: POST /session/70abb95a660dd479009da93bb1b55d7a/window/fullscreen - {}
RESULT: {}
COMMAND: POST /session/70abb95a660dd479009da93bb1b55d7a/execute/async - {"script":"<script> [189 bytes]","args":[]}
RESULT: {"script":"<script> [189 bytes]","args":[]}
COMMAND: POST /session/70abb95a660dd479009da93bb1b55d7a/execute/async - {"script":"<script> [123 bytes]","args":[]}
RESULT: {"script":"<script> [123 bytes]","args":[]}
COMMAND: POST /session/70abb95a660dd479009da93bb1b55d7a/timeouts - {"script":"<number>"}
RESULT: {"script":"<number>"}
COMMAND: GET /session/70abb95a660dd479009da93bb1b55d7a/timeouts - {}
RESULT: {}
RESULT: undefined
COMMAND: POST /session/70abb95a660dd479009da93bb1b55d7a/execute/async - {"script":"<script> [2676 bytes]","args":[]}
RESULT: {"script":"<script> [2676 bytes]","args":[]}
COMMAND: POST /session/70abb95a660dd479009da93bb1b55d7a/execute/async - {"script":"<script> [2342 bytes]","args":[{"protocol":"http","hostname":"0.0.0.0","path":"/","capabilities":{"browserName":"chrome","goog:chromeOptions":{"binary":"C:\\Program Files\\Google\\Chrome\\Application\\chrome.exe","args":["--start-maximized"]}},"logLevel":"warn","connectionRetryTimeout":120000,"connectionRetryCount":3,"logLevels":{},"enableDirectConnect":true,"strictSSL":true,"_":"65 more keys: [\"cacheDir\",\"port\",\"requestedCapabilities\",\"automationProtocol\",\"baseUrl\",\"waitforInterval\",\"waitforTimeout\",\"onReload\",\"beforeCommand\",\"afterCommand\",\"rootDir\",\"specs\",\"suites\",\"exclude\",\"groupLogsByTestSpec\",\"excludeDriverLogs\",\"bail\",\"framework\",\"reporters\",\"services\",\"maxInstances\",\"maxInstancesPerCapability\",\"injectGlobals\",\"filesToWatch\",\"execArgv\",\"runnerEnv\",\"runner\",\"shard\",\"specFileRetries\",\"specFileRetriesDelay\",\"specFileRetriesDeferred\",\"reporterSyncInterval\",\"reporterSyncTimeout\",\"cucumberFeaturesWithLineNumbers\",\"autoCompileOpts\",\"mochaOpts\",\"jasmineOpts\",\"cucumberOpts\",\"onPrepare\",\"onWorkerStart\",\"onWorkerEnd\",\"before\",\"beforeSession\",\"beforeSuite\",\"beforeHook\",\"beforeTest\",\"afterTest\",\"afterHook\",\"afterSuite\",\"afterSession\",\"after\",\"onComplete\",\"beforeAssertion\",\"afterAssertion\",\"beforeFeature\",\"beforeScenario\",\"beforeStep\",\"afterStep\",\"afterScenario\",\"afterFeature\",\"_\",\"suite\",\"$0\",\"ignoredWorkerServices\",\"wdi5\"]"}]}
RESULT: {"script":"<script> [2342 bytes]","args":[{"protocol":"http","hostname":"0.0.0.0","path":"/","capabilities":{"browserName":"chrome","goog:chromeOptions":{"binary":"C:\\Program Files\\Google\\Chrome\\Application\\chrome.exe","args":["--start-maximized"]}},"logLevel":"warn","connectionRetryTimeout":120000,"connectionRetryCount":3,"logLevels":{},"enableDirectConnect":true,"strictSSL":true,"_":"65 more keys: [\"cacheDir\",\"port\",\"requestedCapabilities\",\"automationProtocol\",\"baseUrl\",\"waitforInterval\",\"waitforTimeout\",\"onReload\",\"beforeCommand\",\"afterCommand\",\"rootDir\",\"specs\",\"suites\",\"exclude\",\"groupLogsByTestSpec\",\"excludeDriverLogs\",\"bail\",\"framework\",\"reporters\",\"services\",\"maxInstances\",\"maxInstancesPerCapability\",\"injectGlobals\",\"filesToWatch\",\"execArgv\",\"runnerEnv\",\"runner\",\"shard\",\"specFileRetries\",\"specFileRetriesDelay\",\"specFileRetriesDeferred\",\"reporterSyncInterval\",\"reporterSyncTimeout\",\"cucumberFeaturesWithLineNumbers\",\"autoCompileOpts\",\"mochaOpts\",\"jasmineOpts\",\"cucumberOpts\",\"onPrepare\",\"onWorkerStart\",\"onWorkerEnd\",\"before\",\"beforeSession\",\"beforeSuite\",\"beforeHook\",\"beforeTest\",\"afterTest\",\"afterHook\",\"afterSuite\",\"afterSession\",\"after\",\"onComplete\",\"beforeAssertion\",\"afterAssertion\",\"beforeFeature\",\"beforeScenario\",\"beforeStep\",\"afterStep\",\"afterScenario\",\"afterFeature\",\"_\",\"suite\",\"$0\",\"ignoredWorkerServices\",\"wdi5\"]"}]}
COMMAND: POST /session/70abb95a660dd479009da93bb1b55d7a/execute/async - {"script":"<script> [21126 bytes]","args":[35000]}
RESULT: {"script":"<script> [21126 bytes]","args":[35000]}
]]></system-out>
    </testcase>
    <testcase classname="chrome.135_0_7049_96.windows.Verify_smart_filtering_on_ISC_orders_US116616" name="Should filter usign STATUS confirm not OK" time="68.437">
      <system-out><![CDATA[
COMMAND: POST /session/70abb95a660dd479009da93bb1b55d7a/execute/async - {"script":"<script> [1562 bytes]","args":[{"selector":{"controlType":"sap.m.GenericTile","properties":{"header":"ISC Orders"}},"wdio_ui5_key":"sapm.GenericTile{\"header\":\"ISC Orders\"}"}]}
RESULT: {"script":"<script> [1562 bytes]","args":[{"selector":{"controlType":"sap.m.GenericTile","properties":{"header":"ISC Orders"}},"wdio_ui5_key":"sapm.GenericTile{\"header\":\"ISC Orders\"}"}]}
RESULT: undefined
COMMAND: POST /session/70abb95a660dd479009da93bb1b55d7a/element - {"using":"xpath","value":"//*[@id=\"__tile108\"]"}
RESULT: {"using":"xpath","value":"//*[@id=\"__tile108\"]"}
COMMAND: POST /session/70abb95a660dd479009da93bb1b55d7a/element/f.061601F0E40DF4D45C0BDBB2A51B5316.d.7B4BA0C562582A2C92B000092047CD37.e.2596/click - {}
RESULT: {}
COMMAND: GET /session/70abb95a660dd479009da93bb1b55d7a/screenshot - {}
RESULT: {}
COMMAND: POST /session/70abb95a660dd479009da93bb1b55d7a/execute/async - {"script":"<script> [1562 bytes]","args":[{"selector":{"controlType":"sap.ui.core.Icon","viewName":"etm.portal.ui.iscorders.view.Master","viewId":"application-iscorders-display-component---orderList","properties":{"src":{"regex":{"source":"slim\\-arrow\\-down"}}},"ancestor":{"controlType":"sap.m.MultiComboBox","viewName":"etm.portal.ui.iscorders.view.Master","viewId":"application-iscorders-display-component---orderList","labelFor":{"text":"Status"}}},"wdio_ui5_key":"etmportal.ui.iscorders.view.Mastersap.ui.core.Icon{\"src\":{\"regex\":{\"source\":\"slim\\\\-arrow\\\\-down\"}}}{\"controlType\":\"sap.m.MultiComboBox\",\"viewName\":\"etm.portal.ui.iscorders.view.Master\",\"viewId\":\"application-iscorders-display-component---orderList\",\"labelFor\":{\"text\":\"Status\"}}"}]}
RESULT: {"script":"<script> [1562 bytes]","args":[{"selector":{"controlType":"sap.ui.core.Icon","viewName":"etm.portal.ui.iscorders.view.Master","viewId":"application-iscorders-display-component---orderList","properties":{"src":{"regex":{"source":"slim\\-arrow\\-down"}}},"ancestor":{"controlType":"sap.m.MultiComboBox","viewName":"etm.portal.ui.iscorders.view.Master","viewId":"application-iscorders-display-component---orderList","labelFor":{"text":"Status"}}},"wdio_ui5_key":"etmportal.ui.iscorders.view.Mastersap.ui.core.Icon{\"src\":{\"regex\":{\"source\":\"slim\\\\-arrow\\\\-down\"}}}{\"controlType\":\"sap.m.MultiComboBox\",\"viewName\":\"etm.portal.ui.iscorders.view.Master\",\"viewId\":\"application-iscorders-display-component---orderList\",\"labelFor\":{\"text\":\"Status\"}}"}]}
RESULT: undefined
COMMAND: POST /session/70abb95a660dd479009da93bb1b55d7a/element - {"using":"xpath","value":"//*[@id=\"__box4-arrow\"]"}
RESULT: {"using":"xpath","value":"//*[@id=\"__box4-arrow\"]"}
COMMAND: POST /session/70abb95a660dd479009da93bb1b55d7a/element/f.061601F0E40DF4D45C0BDBB2A51B5316.d.7B4BA0C562582A2C92B000092047CD37.e.2695/click - {}
RESULT: {}
COMMAND: POST /session/70abb95a660dd479009da93bb1b55d7a/execute/async - {"script":"<script> [1562 bytes]","args":[{"selector":{"controlType":"sap.m.StandardListItem","viewName":"etm.portal.ui.iscorders.view.Master","viewId":"application-iscorders-display-component---orderList","properties":{"title":"confirm - not OK"},"searchOpenDialogs":true,"interaction":{"idSuffix":"titleText"}},"wdio_ui5_key":"etmportal.ui.iscorders.view.Mastersap.m.StandardListItem{\"title\":\"confirm - not OK\"}"}]}
COMMAND: GET /session/70abb95a660dd479009da93bb1b55d7a/screenshot - {}
RESULT: {"script":"<script> [1562 bytes]","args":[{"selector":{"controlType":"sap.m.StandardListItem","viewName":"etm.portal.ui.iscorders.view.Master","viewId":"application-iscorders-display-component---orderList","properties":{"title":"confirm - not OK"},"searchOpenDialogs":true,"interaction":{"idSuffix":"titleText"}},"wdio_ui5_key":"etmportal.ui.iscorders.view.Mastersap.m.StandardListItem{\"title\":\"confirm - not OK\"}"}]}
RESULT: undefined
RESULT: {}
COMMAND: POST /session/70abb95a660dd479009da93bb1b55d7a/execute/async - {"script":"<script> [1562 bytes]","args":[{"selector":{"controlType":"sap.m.Button","properties":{"text":"OK"},"searchOpenDialogs":true,"ancestor":{"controlType":"sap.m.Dialog","properties":{"icon":"sap-icon://alert"},"searchOpenDialogs":true},"interaction":{"idSuffix":"inner"}},"wdio_ui5_key":"sapm.Button{\"text\":\"OK\"}{\"controlType\":\"sap.m.Dialog\",\"properties\":{\"icon\":\"sap-icon://alert\"},\"searchOpenDialogs\":true}"}]}
RESULT: {"script":"<script> [1562 bytes]","args":[{"selector":{"controlType":"sap.m.Button","properties":{"text":"OK"},"searchOpenDialogs":true,"ancestor":{"controlType":"sap.m.Dialog","properties":{"icon":"sap-icon://alert"},"searchOpenDialogs":true},"interaction":{"idSuffix":"inner"}},"wdio_ui5_key":"sapm.Button{\"text\":\"OK\"}{\"controlType\":\"sap.m.Dialog\",\"properties\":{\"icon\":\"sap-icon://alert\"},\"searchOpenDialogs\":true}"}]}
RESULT: undefined
COMMAND: POST /session/70abb95a660dd479009da93bb1b55d7a/execute/async - {"script":"<script> [1562 bytes]","args":[{"selector":{"controlType":"sap.ui.comp.smarttable.SmartTable","viewName":"etm.portal.ui.iscorders.view.Master","id":"application-iscorders-display-component---orderList--smartTable"},"wdio_ui5_key":"applicationiscorders-display-component---orderList--smartTableetm.portal.ui.iscorders.view.Mastersap.ui.comp.smarttable.SmartTable"}]}
RESULT: {"script":"<script> [1562 bytes]","args":[{"selector":{"controlType":"sap.ui.comp.smarttable.SmartTable","viewName":"etm.portal.ui.iscorders.view.Master","id":"application-iscorders-display-component---orderList--smartTable"},"wdio_ui5_key":"applicationiscorders-display-component---orderList--smartTableetm.portal.ui.iscorders.view.Mastersap.ui.comp.smarttable.SmartTable"}]}
RESULT: undefined
COMMAND: POST /session/70abb95a660dd479009da93bb1b55d7a/execute/async - {"script":"<script> [6424 bytes]","args":[{"element-6066-11e4-a52e-4f735466cecf":"f.061601F0E40DF4D45C0BDBB2A51B5316.d.7B4BA0C562582A2C92B000092047CD37.e.2702"},"getItems",[]]}
RESULT: {"script":"<script> [6424 bytes]","args":[{"element-6066-11e4-a52e-4f735466cecf":"f.061601F0E40DF4D45C0BDBB2A51B5316.d.7B4BA0C562582A2C92B000092047CD37.e.2702"},"getItems",[]]}
COMMAND: POST /session/70abb95a660dd479009da93bb1b55d7a/execute/async - {"script":"<script> [1562 bytes]","args":[{"wdio_ui5_key":"application-iscorders-display-component---orderList--customOrdersTable","selector":{"id":"application-iscorders-display-component---orderList--customOrdersTable"}}]}
RESULT: {"script":"<script> [1562 bytes]","args":[{"wdio_ui5_key":"application-iscorders-display-component---orderList--customOrdersTable","selector":{"id":"application-iscorders-display-component---orderList--customOrdersTable"}}]}
RESULT: undefined
COMMAND: POST /session/70abb95a660dd479009da93bb1b55d7a/element - {"using":"css selector","value":"#shell-header-logo"}
RESULT: {"using":"css selector","value":"#shell-header-logo"}
COMMAND: POST /session/70abb95a660dd479009da93bb1b55d7a/element/f.061601F0E40DF4D45C0BDBB2A51B5316.d.7B4BA0C562582A2C92B000092047CD37.e.2600/click - {}
RESULT: {}
COMMAND: GET /session/70abb95a660dd479009da93bb1b55d7a/screenshot - {}
RESULT: {}
COMMAND: POST /session/70abb95a660dd479009da93bb1b55d7a/refresh - {}
RESULT: {}
COMMAND: GET /session/70abb95a660dd479009da93bb1b55d7a/screenshot - {}
RESULT: {}
COMMAND: POST /session/70abb95a660dd479009da93bb1b55d7a/refresh - {}
RESULT: {}
COMMAND: GET /session/70abb95a660dd479009da93bb1b55d7a/screenshot - {}
RESULT: {}
COMMAND: POST /session/70abb95a660dd479009da93bb1b55d7a/window/fullscreen - {}
RESULT: {}
COMMAND: POST /session/70abb95a660dd479009da93bb1b55d7a/execute/async - {"script":"<script> [189 bytes]","args":[]}
RESULT: {"script":"<script> [189 bytes]","args":[]}
COMMAND: POST /session/70abb95a660dd479009da93bb1b55d7a/execute/async - {"script":"<script> [123 bytes]","args":[]}
RESULT: {"script":"<script> [123 bytes]","args":[]}
COMMAND: POST /session/70abb95a660dd479009da93bb1b55d7a/timeouts - {"script":"<number>"}
RESULT: {"script":"<number>"}
COMMAND: GET /session/70abb95a660dd479009da93bb1b55d7a/timeouts - {}
RESULT: {}
RESULT: undefined
COMMAND: POST /session/70abb95a660dd479009da93bb1b55d7a/execute/async - {"script":"<script> [2676 bytes]","args":[]}
RESULT: {"script":"<script> [2676 bytes]","args":[]}
COMMAND: POST /session/70abb95a660dd479009da93bb1b55d7a/execute/async - {"script":"<script> [2342 bytes]","args":[{"protocol":"http","hostname":"0.0.0.0","path":"/","capabilities":{"browserName":"chrome","goog:chromeOptions":{"binary":"C:\\Program Files\\Google\\Chrome\\Application\\chrome.exe","args":["--start-maximized"]}},"logLevel":"warn","connectionRetryTimeout":120000,"connectionRetryCount":3,"logLevels":{},"enableDirectConnect":true,"strictSSL":true,"_":"65 more keys: [\"cacheDir\",\"port\",\"requestedCapabilities\",\"automationProtocol\",\"baseUrl\",\"waitforInterval\",\"waitforTimeout\",\"onReload\",\"beforeCommand\",\"afterCommand\",\"rootDir\",\"specs\",\"suites\",\"exclude\",\"groupLogsByTestSpec\",\"excludeDriverLogs\",\"bail\",\"framework\",\"reporters\",\"services\",\"maxInstances\",\"maxInstancesPerCapability\",\"injectGlobals\",\"filesToWatch\",\"execArgv\",\"runnerEnv\",\"runner\",\"shard\",\"specFileRetries\",\"specFileRetriesDelay\",\"specFileRetriesDeferred\",\"reporterSyncInterval\",\"reporterSyncTimeout\",\"cucumberFeaturesWithLineNumbers\",\"autoCompileOpts\",\"mochaOpts\",\"jasmineOpts\",\"cucumberOpts\",\"onPrepare\",\"onWorkerStart\",\"onWorkerEnd\",\"before\",\"beforeSession\",\"beforeSuite\",\"beforeHook\",\"beforeTest\",\"afterTest\",\"afterHook\",\"afterSuite\",\"afterSession\",\"after\",\"onComplete\",\"beforeAssertion\",\"afterAssertion\",\"beforeFeature\",\"beforeScenario\",\"beforeStep\",\"afterStep\",\"afterScenario\",\"afterFeature\",\"_\",\"suite\",\"$0\",\"ignoredWorkerServices\",\"wdi5\"]"}]}
RESULT: {"script":"<script> [2342 bytes]","args":[{"protocol":"http","hostname":"0.0.0.0","path":"/","capabilities":{"browserName":"chrome","goog:chromeOptions":{"binary":"C:\\Program Files\\Google\\Chrome\\Application\\chrome.exe","args":["--start-maximized"]}},"logLevel":"warn","connectionRetryTimeout":120000,"connectionRetryCount":3,"logLevels":{},"enableDirectConnect":true,"strictSSL":true,"_":"65 more keys: [\"cacheDir\",\"port\",\"requestedCapabilities\",\"automationProtocol\",\"baseUrl\",\"waitforInterval\",\"waitforTimeout\",\"onReload\",\"beforeCommand\",\"afterCommand\",\"rootDir\",\"specs\",\"suites\",\"exclude\",\"groupLogsByTestSpec\",\"excludeDriverLogs\",\"bail\",\"framework\",\"reporters\",\"services\",\"maxInstances\",\"maxInstancesPerCapability\",\"injectGlobals\",\"filesToWatch\",\"execArgv\",\"runnerEnv\",\"runner\",\"shard\",\"specFileRetries\",\"specFileRetriesDelay\",\"specFileRetriesDeferred\",\"reporterSyncInterval\",\"reporterSyncTimeout\",\"cucumberFeaturesWithLineNumbers\",\"autoCompileOpts\",\"mochaOpts\",\"jasmineOpts\",\"cucumberOpts\",\"onPrepare\",\"onWorkerStart\",\"onWorkerEnd\",\"before\",\"beforeSession\",\"beforeSuite\",\"beforeHook\",\"beforeTest\",\"afterTest\",\"afterHook\",\"afterSuite\",\"afterSession\",\"after\",\"onComplete\",\"beforeAssertion\",\"afterAssertion\",\"beforeFeature\",\"beforeScenario\",\"beforeStep\",\"afterStep\",\"afterScenario\",\"afterFeature\",\"_\",\"suite\",\"$0\",\"ignoredWorkerServices\",\"wdi5\"]"}]}
COMMAND: POST /session/70abb95a660dd479009da93bb1b55d7a/execute/async - {"script":"<script> [21126 bytes]","args":[35000]}
RESULT: {"script":"<script> [21126 bytes]","args":[35000]}
]]></system-out>
    </testcase>
    <testcase classname="chrome.135_0_7049_96.windows.Verify_smart_filtering_on_ISC_orders_US116616" name="Should filter usign STATUS canceled" time="65.547">
      <system-out><![CDATA[
COMMAND: POST /session/70abb95a660dd479009da93bb1b55d7a/execute/async - {"script":"<script> [1562 bytes]","args":[{"selector":{"controlType":"sap.m.GenericTile","properties":{"header":"ISC Orders"}},"wdio_ui5_key":"sapm.GenericTile{\"header\":\"ISC Orders\"}"}]}
RESULT: {"script":"<script> [1562 bytes]","args":[{"selector":{"controlType":"sap.m.GenericTile","properties":{"header":"ISC Orders"}},"wdio_ui5_key":"sapm.GenericTile{\"header\":\"ISC Orders\"}"}]}
RESULT: undefined
COMMAND: POST /session/70abb95a660dd479009da93bb1b55d7a/element - {"using":"xpath","value":"//*[@id=\"__tile108\"]"}
RESULT: {"using":"xpath","value":"//*[@id=\"__tile108\"]"}
COMMAND: POST /session/70abb95a660dd479009da93bb1b55d7a/element/f.061601F0E40DF4D45C0BDBB2A51B5316.d.1110BB161745479C51DE1E6F2439A1B7.e.2852/click - {}
RESULT: {}
COMMAND: GET /session/70abb95a660dd479009da93bb1b55d7a/screenshot - {}
RESULT: {}
COMMAND: POST /session/70abb95a660dd479009da93bb1b55d7a/execute/async - {"script":"<script> [1562 bytes]","args":[{"selector":{"controlType":"sap.ui.core.Icon","viewName":"etm.portal.ui.iscorders.view.Master","viewId":"application-iscorders-display-component---orderList","properties":{"src":{"regex":{"source":"slim\\-arrow\\-down"}}},"ancestor":{"controlType":"sap.m.MultiComboBox","viewName":"etm.portal.ui.iscorders.view.Master","viewId":"application-iscorders-display-component---orderList","labelFor":{"text":"Status"}}},"wdio_ui5_key":"etmportal.ui.iscorders.view.Mastersap.ui.core.Icon{\"src\":{\"regex\":{\"source\":\"slim\\\\-arrow\\\\-down\"}}}{\"controlType\":\"sap.m.MultiComboBox\",\"viewName\":\"etm.portal.ui.iscorders.view.Master\",\"viewId\":\"application-iscorders-display-component---orderList\",\"labelFor\":{\"text\":\"Status\"}}"}]}
RESULT: {"script":"<script> [1562 bytes]","args":[{"selector":{"controlType":"sap.ui.core.Icon","viewName":"etm.portal.ui.iscorders.view.Master","viewId":"application-iscorders-display-component---orderList","properties":{"src":{"regex":{"source":"slim\\-arrow\\-down"}}},"ancestor":{"controlType":"sap.m.MultiComboBox","viewName":"etm.portal.ui.iscorders.view.Master","viewId":"application-iscorders-display-component---orderList","labelFor":{"text":"Status"}}},"wdio_ui5_key":"etmportal.ui.iscorders.view.Mastersap.ui.core.Icon{\"src\":{\"regex\":{\"source\":\"slim\\\\-arrow\\\\-down\"}}}{\"controlType\":\"sap.m.MultiComboBox\",\"viewName\":\"etm.portal.ui.iscorders.view.Master\",\"viewId\":\"application-iscorders-display-component---orderList\",\"labelFor\":{\"text\":\"Status\"}}"}]}
RESULT: undefined
COMMAND: POST /session/70abb95a660dd479009da93bb1b55d7a/element - {"using":"xpath","value":"//*[@id=\"__box4-arrow\"]"}
RESULT: {"using":"xpath","value":"//*[@id=\"__box4-arrow\"]"}
COMMAND: POST /session/70abb95a660dd479009da93bb1b55d7a/element/f.061601F0E40DF4D45C0BDBB2A51B5316.d.1110BB161745479C51DE1E6F2439A1B7.e.2948/click - {}
RESULT: {}
COMMAND: POST /session/70abb95a660dd479009da93bb1b55d7a/execute/async - {"script":"<script> [1562 bytes]","args":[{"selector":{"controlType":"sap.m.StandardListItem","viewName":"etm.portal.ui.iscorders.view.Master","viewId":"application-iscorders-display-component---orderList","properties":{"title":"canceled"},"searchOpenDialogs":true,"interaction":{"idSuffix":"titleText"}},"wdio_ui5_key":"etmportal.ui.iscorders.view.Mastersap.m.StandardListItem{\"title\":\"canceled\"}"}]}
COMMAND: GET /session/70abb95a660dd479009da93bb1b55d7a/screenshot - {}
RESULT: {}
RESULT: {"script":"<script> [1562 bytes]","args":[{"selector":{"controlType":"sap.m.StandardListItem","viewName":"etm.portal.ui.iscorders.view.Master","viewId":"application-iscorders-display-component---orderList","properties":{"title":"canceled"},"searchOpenDialogs":true,"interaction":{"idSuffix":"titleText"}},"wdio_ui5_key":"etmportal.ui.iscorders.view.Mastersap.m.StandardListItem{\"title\":\"canceled\"}"}]}
RESULT: undefined
COMMAND: POST /session/70abb95a660dd479009da93bb1b55d7a/element - {"using":"xpath","value":"//*[@id=\"__item46\"]"}
RESULT: {"using":"xpath","value":"//*[@id=\"__item46\"]"}
COMMAND: POST /session/70abb95a660dd479009da93bb1b55d7a/element/f.061601F0E40DF4D45C0BDBB2A51B5316.d.1110BB161745479C51DE1E6F2439A1B7.e.2958/click - {}
RESULT: {}
COMMAND: GET /session/70abb95a660dd479009da93bb1b55d7a/screenshot - {}
RESULT: {}
COMMAND: POST /session/70abb95a660dd479009da93bb1b55d7a/execute/async - {"script":"<script> [1562 bytes]","args":[{"selector":{"controlType":"sap.m.Button","properties":{"text":"OK"},"searchOpenDialogs":true,"ancestor":{"controlType":"sap.m.Dialog","properties":{"icon":"sap-icon://alert"},"searchOpenDialogs":true},"interaction":{"idSuffix":"inner"}},"wdio_ui5_key":"sapm.Button{\"text\":\"OK\"}{\"controlType\":\"sap.m.Dialog\",\"properties\":{\"icon\":\"sap-icon://alert\"},\"searchOpenDialogs\":true}"}]}
RESULT: {"script":"<script> [1562 bytes]","args":[{"selector":{"controlType":"sap.m.Button","properties":{"text":"OK"},"searchOpenDialogs":true,"ancestor":{"controlType":"sap.m.Dialog","properties":{"icon":"sap-icon://alert"},"searchOpenDialogs":true},"interaction":{"idSuffix":"inner"}},"wdio_ui5_key":"sapm.Button{\"text\":\"OK\"}{\"controlType\":\"sap.m.Dialog\",\"properties\":{\"icon\":\"sap-icon://alert\"},\"searchOpenDialogs\":true}"}]}
RESULT: undefined
COMMAND: POST /session/70abb95a660dd479009da93bb1b55d7a/execute/async - {"script":"<script> [1562 bytes]","args":[{"selector":{"controlType":"sap.ui.comp.smarttable.SmartTable","viewName":"etm.portal.ui.iscorders.view.Master","id":"application-iscorders-display-component---orderList--smartTable"},"wdio_ui5_key":"applicationiscorders-display-component---orderList--smartTableetm.portal.ui.iscorders.view.Mastersap.ui.comp.smarttable.SmartTable"}]}
RESULT: {"script":"<script> [1562 bytes]","args":[{"selector":{"controlType":"sap.ui.comp.smarttable.SmartTable","viewName":"etm.portal.ui.iscorders.view.Master","id":"application-iscorders-display-component---orderList--smartTable"},"wdio_ui5_key":"applicationiscorders-display-component---orderList--smartTableetm.portal.ui.iscorders.view.Mastersap.ui.comp.smarttable.SmartTable"}]}
RESULT: undefined
COMMAND: POST /session/70abb95a660dd479009da93bb1b55d7a/execute/async - {"script":"<script> [6424 bytes]","args":[{"element-6066-11e4-a52e-4f735466cecf":"f.061601F0E40DF4D45C0BDBB2A51B5316.d.1110BB161745479C51DE1E6F2439A1B7.e.2998"},"getItems",[]]}
RESULT: {"script":"<script> [6424 bytes]","args":[{"element-6066-11e4-a52e-4f735466cecf":"f.061601F0E40DF4D45C0BDBB2A51B5316.d.1110BB161745479C51DE1E6F2439A1B7.e.2998"},"getItems",[]]}
COMMAND: POST /session/70abb95a660dd479009da93bb1b55d7a/execute/async - {"script":"<script> [1562 bytes]","args":[{"wdio_ui5_key":"application-iscorders-display-component---orderList--customOrdersTable","selector":{"id":"application-iscorders-display-component---orderList--customOrdersTable"}}]}
RESULT: {"script":"<script> [1562 bytes]","args":[{"wdio_ui5_key":"application-iscorders-display-component---orderList--customOrdersTable","selector":{"id":"application-iscorders-display-component---orderList--customOrdersTable"}}]}
RESULT: undefined
COMMAND: POST /session/70abb95a660dd479009da93bb1b55d7a/element - {"using":"css selector","value":"#shell-header-logo"}
RESULT: {"using":"css selector","value":"#shell-header-logo"}
COMMAND: POST /session/70abb95a660dd479009da93bb1b55d7a/element/f.061601F0E40DF4D45C0BDBB2A51B5316.d.1110BB161745479C51DE1E6F2439A1B7.e.2856/click - {}
RESULT: {}
COMMAND: GET /session/70abb95a660dd479009da93bb1b55d7a/screenshot - {}
RESULT: {}
COMMAND: POST /session/70abb95a660dd479009da93bb1b55d7a/refresh - {}
RESULT: {}
COMMAND: GET /session/70abb95a660dd479009da93bb1b55d7a/screenshot - {}
RESULT: {}
COMMAND: POST /session/70abb95a660dd479009da93bb1b55d7a/refresh - {}
RESULT: {}
COMMAND: GET /session/70abb95a660dd479009da93bb1b55d7a/screenshot - {}
RESULT: {}
COMMAND: POST /session/70abb95a660dd479009da93bb1b55d7a/window/fullscreen - {}
RESULT: {}
COMMAND: POST /session/70abb95a660dd479009da93bb1b55d7a/execute/async - {"script":"<script> [189 bytes]","args":[]}
RESULT: {"script":"<script> [189 bytes]","args":[]}
COMMAND: POST /session/70abb95a660dd479009da93bb1b55d7a/execute/async - {"script":"<script> [123 bytes]","args":[]}
RESULT: {"script":"<script> [123 bytes]","args":[]}
COMMAND: POST /session/70abb95a660dd479009da93bb1b55d7a/timeouts - {"script":"<number>"}
RESULT: {"script":"<number>"}
COMMAND: GET /session/70abb95a660dd479009da93bb1b55d7a/timeouts - {}
RESULT: {}
RESULT: undefined
COMMAND: POST /session/70abb95a660dd479009da93bb1b55d7a/execute/async - {"script":"<script> [2676 bytes]","args":[]}
RESULT: {"script":"<script> [2676 bytes]","args":[]}
COMMAND: POST /session/70abb95a660dd479009da93bb1b55d7a/execute/async - {"script":"<script> [2342 bytes]","args":[{"protocol":"http","hostname":"0.0.0.0","path":"/","capabilities":{"browserName":"chrome","goog:chromeOptions":{"binary":"C:\\Program Files\\Google\\Chrome\\Application\\chrome.exe","args":["--start-maximized"]}},"logLevel":"warn","connectionRetryTimeout":120000,"connectionRetryCount":3,"logLevels":{},"enableDirectConnect":true,"strictSSL":true,"_":"65 more keys: [\"cacheDir\",\"port\",\"requestedCapabilities\",\"automationProtocol\",\"baseUrl\",\"waitforInterval\",\"waitforTimeout\",\"onReload\",\"beforeCommand\",\"afterCommand\",\"rootDir\",\"specs\",\"suites\",\"exclude\",\"groupLogsByTestSpec\",\"excludeDriverLogs\",\"bail\",\"framework\",\"reporters\",\"services\",\"maxInstances\",\"maxInstancesPerCapability\",\"injectGlobals\",\"filesToWatch\",\"execArgv\",\"runnerEnv\",\"runner\",\"shard\",\"specFileRetries\",\"specFileRetriesDelay\",\"specFileRetriesDeferred\",\"reporterSyncInterval\",\"reporterSyncTimeout\",\"cucumberFeaturesWithLineNumbers\",\"autoCompileOpts\",\"mochaOpts\",\"jasmineOpts\",\"cucumberOpts\",\"onPrepare\",\"onWorkerStart\",\"onWorkerEnd\",\"before\",\"beforeSession\",\"beforeSuite\",\"beforeHook\",\"beforeTest\",\"afterTest\",\"afterHook\",\"afterSuite\",\"afterSession\",\"after\",\"onComplete\",\"beforeAssertion\",\"afterAssertion\",\"beforeFeature\",\"beforeScenario\",\"beforeStep\",\"afterStep\",\"afterScenario\",\"afterFeature\",\"_\",\"suite\",\"$0\",\"ignoredWorkerServices\",\"wdi5\"]"}]}
RESULT: {"script":"<script> [2342 bytes]","args":[{"protocol":"http","hostname":"0.0.0.0","path":"/","capabilities":{"browserName":"chrome","goog:chromeOptions":{"binary":"C:\\Program Files\\Google\\Chrome\\Application\\chrome.exe","args":["--start-maximized"]}},"logLevel":"warn","connectionRetryTimeout":120000,"connectionRetryCount":3,"logLevels":{},"enableDirectConnect":true,"strictSSL":true,"_":"65 more keys: [\"cacheDir\",\"port\",\"requestedCapabilities\",\"automationProtocol\",\"baseUrl\",\"waitforInterval\",\"waitforTimeout\",\"onReload\",\"beforeCommand\",\"afterCommand\",\"rootDir\",\"specs\",\"suites\",\"exclude\",\"groupLogsByTestSpec\",\"excludeDriverLogs\",\"bail\",\"framework\",\"reporters\",\"services\",\"maxInstances\",\"maxInstancesPerCapability\",\"injectGlobals\",\"filesToWatch\",\"execArgv\",\"runnerEnv\",\"runner\",\"shard\",\"specFileRetries\",\"specFileRetriesDelay\",\"specFileRetriesDeferred\",\"reporterSyncInterval\",\"reporterSyncTimeout\",\"cucumberFeaturesWithLineNumbers\",\"autoCompileOpts\",\"mochaOpts\",\"jasmineOpts\",\"cucumberOpts\",\"onPrepare\",\"onWorkerStart\",\"onWorkerEnd\",\"before\",\"beforeSession\",\"beforeSuite\",\"beforeHook\",\"beforeTest\",\"afterTest\",\"afterHook\",\"afterSuite\",\"afterSession\",\"after\",\"onComplete\",\"beforeAssertion\",\"afterAssertion\",\"beforeFeature\",\"beforeScenario\",\"beforeStep\",\"afterStep\",\"afterScenario\",\"afterFeature\",\"_\",\"suite\",\"$0\",\"ignoredWorkerServices\",\"wdi5\"]"}]}
COMMAND: POST /session/70abb95a660dd479009da93bb1b55d7a/execute/async - {"script":"<script> [21126 bytes]","args":[35000]}
RESULT: {"script":"<script> [21126 bytes]","args":[35000]}
]]></system-out>
    </testcase>
    <testcase classname="chrome.135_0_7049_96.windows.Verify_smart_filtering_on_ISC_orders_US116616" name="Should filter usign STATUS released" time="37.997">
      <system-out><![CDATA[
COMMAND: POST /session/70abb95a660dd479009da93bb1b55d7a/execute/async - {"script":"<script> [1562 bytes]","args":[{"selector":{"controlType":"sap.m.GenericTile","properties":{"header":"ISC Orders"}},"wdio_ui5_key":"sapm.GenericTile{\"header\":\"ISC Orders\"}"}]}
RESULT: {"script":"<script> [1562 bytes]","args":[{"selector":{"controlType":"sap.m.GenericTile","properties":{"header":"ISC Orders"}},"wdio_ui5_key":"sapm.GenericTile{\"header\":\"ISC Orders\"}"}]}
RESULT: undefined
COMMAND: POST /session/70abb95a660dd479009da93bb1b55d7a/element - {"using":"xpath","value":"//*[@id=\"__tile108\"]"}
RESULT: {"using":"xpath","value":"//*[@id=\"__tile108\"]"}
COMMAND: POST /session/70abb95a660dd479009da93bb1b55d7a/element/f.061601F0E40DF4D45C0BDBB2A51B5316.d.5481742E34D05D94D36B9760238D1CE7.e.3144/click - {}
RESULT: {}
COMMAND: GET /session/70abb95a660dd479009da93bb1b55d7a/screenshot - {}
RESULT: {}
COMMAND: POST /session/70abb95a660dd479009da93bb1b55d7a/execute/async - {"script":"<script> [1562 bytes]","args":[{"selector":{"controlType":"sap.ui.core.Icon","viewName":"etm.portal.ui.iscorders.view.Master","viewId":"application-iscorders-display-component---orderList","properties":{"src":{"regex":{"source":"slim\\-arrow\\-down"}}},"ancestor":{"controlType":"sap.m.MultiComboBox","viewName":"etm.portal.ui.iscorders.view.Master","viewId":"application-iscorders-display-component---orderList","labelFor":{"text":"Status"}}},"wdio_ui5_key":"etmportal.ui.iscorders.view.Mastersap.ui.core.Icon{\"src\":{\"regex\":{\"source\":\"slim\\\\-arrow\\\\-down\"}}}{\"controlType\":\"sap.m.MultiComboBox\",\"viewName\":\"etm.portal.ui.iscorders.view.Master\",\"viewId\":\"application-iscorders-display-component---orderList\",\"labelFor\":{\"text\":\"Status\"}}"}]}
RESULT: {"script":"<script> [1562 bytes]","args":[{"selector":{"controlType":"sap.ui.core.Icon","viewName":"etm.portal.ui.iscorders.view.Master","viewId":"application-iscorders-display-component---orderList","properties":{"src":{"regex":{"source":"slim\\-arrow\\-down"}}},"ancestor":{"controlType":"sap.m.MultiComboBox","viewName":"etm.portal.ui.iscorders.view.Master","viewId":"application-iscorders-display-component---orderList","labelFor":{"text":"Status"}}},"wdio_ui5_key":"etmportal.ui.iscorders.view.Mastersap.ui.core.Icon{\"src\":{\"regex\":{\"source\":\"slim\\\\-arrow\\\\-down\"}}}{\"controlType\":\"sap.m.MultiComboBox\",\"viewName\":\"etm.portal.ui.iscorders.view.Master\",\"viewId\":\"application-iscorders-display-component---orderList\",\"labelFor\":{\"text\":\"Status\"}}"}]}
RESULT: undefined
COMMAND: POST /session/70abb95a660dd479009da93bb1b55d7a/element - {"using":"xpath","value":"//*[@id=\"__box4-arrow\"]"}
RESULT: {"using":"xpath","value":"//*[@id=\"__box4-arrow\"]"}
COMMAND: POST /session/70abb95a660dd479009da93bb1b55d7a/element/f.061601F0E40DF4D45C0BDBB2A51B5316.d.5481742E34D05D94D36B9760238D1CE7.e.3242/click - {}
RESULT: {}
COMMAND: POST /session/70abb95a660dd479009da93bb1b55d7a/execute/async - {"script":"<script> [1562 bytes]","args":[{"selector":{"controlType":"sap.m.StandardListItem","viewName":"etm.portal.ui.iscorders.view.Master","viewId":"application-iscorders-display-component---orderList","properties":{"title":"released"},"searchOpenDialogs":true,"interaction":{"idSuffix":"titleText"}},"wdio_ui5_key":"etmportal.ui.iscorders.view.Mastersap.m.StandardListItem{\"title\":\"released\"}"}]}
COMMAND: GET /session/70abb95a660dd479009da93bb1b55d7a/screenshot - {}
RESULT: {"script":"<script> [1562 bytes]","args":[{"selector":{"controlType":"sap.m.StandardListItem","viewName":"etm.portal.ui.iscorders.view.Master","viewId":"application-iscorders-display-component---orderList","properties":{"title":"released"},"searchOpenDialogs":true,"interaction":{"idSuffix":"titleText"}},"wdio_ui5_key":"etmportal.ui.iscorders.view.Mastersap.m.StandardListItem{\"title\":\"released\"}"}]}
RESULT: undefined
COMMAND: POST /session/70abb95a660dd479009da93bb1b55d7a/element - {"using":"xpath","value":"//*[@id=\"__item48\"]"}
RESULT: {}
RESULT: {"using":"xpath","value":"//*[@id=\"__item48\"]"}
COMMAND: POST /session/70abb95a660dd479009da93bb1b55d7a/element/f.061601F0E40DF4D45C0BDBB2A51B5316.d.5481742E34D05D94D36B9760238D1CE7.e.3250/click - {}
RESULT: {}
COMMAND: GET /session/70abb95a660dd479009da93bb1b55d7a/screenshot - {}
RESULT: {}
COMMAND: POST /session/70abb95a660dd479009da93bb1b55d7a/execute/async - {"script":"<script> [1562 bytes]","args":[{"selector":{"controlType":"sap.m.Button","properties":{"text":"OK"},"searchOpenDialogs":true,"ancestor":{"controlType":"sap.m.Dialog","properties":{"icon":"sap-icon://alert"},"searchOpenDialogs":true},"interaction":{"idSuffix":"inner"}},"wdio_ui5_key":"sapm.Button{\"text\":\"OK\"}{\"controlType\":\"sap.m.Dialog\",\"properties\":{\"icon\":\"sap-icon://alert\"},\"searchOpenDialogs\":true}"}]}
RESULT: {"script":"<script> [1562 bytes]","args":[{"selector":{"controlType":"sap.m.Button","properties":{"text":"OK"},"searchOpenDialogs":true,"ancestor":{"controlType":"sap.m.Dialog","properties":{"icon":"sap-icon://alert"},"searchOpenDialogs":true},"interaction":{"idSuffix":"inner"}},"wdio_ui5_key":"sapm.Button{\"text\":\"OK\"}{\"controlType\":\"sap.m.Dialog\",\"properties\":{\"icon\":\"sap-icon://alert\"},\"searchOpenDialogs\":true}"}]}
RESULT: undefined
COMMAND: POST /session/70abb95a660dd479009da93bb1b55d7a/execute/async - {"script":"<script> [1562 bytes]","args":[{"selector":{"controlType":"sap.ui.comp.smarttable.SmartTable","viewName":"etm.portal.ui.iscorders.view.Master","id":"application-iscorders-display-component---orderList--smartTable"},"wdio_ui5_key":"applicationiscorders-display-component---orderList--smartTableetm.portal.ui.iscorders.view.Mastersap.ui.comp.smarttable.SmartTable"}]}
RESULT: {"script":"<script> [1562 bytes]","args":[{"selector":{"controlType":"sap.ui.comp.smarttable.SmartTable","viewName":"etm.portal.ui.iscorders.view.Master","id":"application-iscorders-display-component---orderList--smartTable"},"wdio_ui5_key":"applicationiscorders-display-component---orderList--smartTableetm.portal.ui.iscorders.view.Mastersap.ui.comp.smarttable.SmartTable"}]}
RESULT: undefined
COMMAND: POST /session/70abb95a660dd479009da93bb1b55d7a/execute/async - {"script":"<script> [6424 bytes]","args":[{"element-6066-11e4-a52e-4f735466cecf":"f.061601F0E40DF4D45C0BDBB2A51B5316.d.5481742E34D05D94D36B9760238D1CE7.e.3314"},"getItems",[]]}
RESULT: {"script":"<script> [6424 bytes]","args":[{"element-6066-11e4-a52e-4f735466cecf":"f.061601F0E40DF4D45C0BDBB2A51B5316.d.5481742E34D05D94D36B9760238D1CE7.e.3314"},"getItems",[]]}
COMMAND: POST /session/70abb95a660dd479009da93bb1b55d7a/execute/async - {"script":"<script> [1562 bytes]","args":[{"wdio_ui5_key":"application-iscorders-display-component---orderList--customOrdersTable","selector":{"id":"application-iscorders-display-component---orderList--customOrdersTable"}}]}
RESULT: {"script":"<script> [1562 bytes]","args":[{"wdio_ui5_key":"application-iscorders-display-component---orderList--customOrdersTable","selector":{"id":"application-iscorders-display-component---orderList--customOrdersTable"}}]}
RESULT: undefined
COMMAND: POST /session/70abb95a660dd479009da93bb1b55d7a/element - {"using":"css selector","value":"#shell-header-logo"}
RESULT: {"using":"css selector","value":"#shell-header-logo"}
COMMAND: POST /session/70abb95a660dd479009da93bb1b55d7a/element/f.061601F0E40DF4D45C0BDBB2A51B5316.d.5481742E34D05D94D36B9760238D1CE7.e.3148/click - {}
RESULT: {}
COMMAND: GET /session/70abb95a660dd479009da93bb1b55d7a/screenshot - {}
RESULT: {}
COMMAND: POST /session/70abb95a660dd479009da93bb1b55d7a/element - {"using":"css selector","value":"#shell-header-logo"}
RESULT: {"using":"css selector","value":"#shell-header-logo"}
COMMAND: POST /session/70abb95a660dd479009da93bb1b55d7a/element/f.061601F0E40DF4D45C0BDBB2A51B5316.d.5481742E34D05D94D36B9760238D1CE7.e.3319/click - {}
RESULT: {}
COMMAND: GET /session/70abb95a660dd479009da93bb1b55d7a/screenshot - {}
RESULT: {}
]]></system-out>
    </testcase>
  </testsuite>
  <testsuite timestamp="2025-05-02T16:48:46" time="197.713" tests="2" failures="0" errors="0" skipped="0">
    <properties>
      <property name="specId" value="0" />
      <property name="suiteName" value="Create and verify Order using template US151480" />
      <property name="capabilities" value="chrome.135_0_7049_96.windows" />
      <property name="file" value="file:///D:/a/1/s/test/specs/ISC/create-and-verify-order-using-template.spec.js" />
    </properties>
    <testcase classname="chrome.135_0_7049_96.windows.Create_and_verify_Order_using_template_US151480" name="Should create a new equipment" time="109.106">
      <system-out><![CDATA[
COMMAND: POST /session/70abb95a660dd479009da93bb1b55d7a/execute/async - {"script":"<script> [1562 bytes]","args":[{"selector":{"controlType":"sap.m.GenericTile","properties":{"header":"Manage Resources"}},"wdio_ui5_key":"sapm.GenericTile{\"header\":\"Manage Resources\"}"}]}
RESULT: {"script":"<script> [1562 bytes]","args":[{"selector":{"controlType":"sap.m.GenericTile","properties":{"header":"Manage Resources"}},"wdio_ui5_key":"sapm.GenericTile{\"header\":\"Manage Resources\"}"}]}
RESULT: undefined
COMMAND: POST /session/70abb95a660dd479009da93bb1b55d7a/element - {"using":"xpath","value":"//*[@id=\"__tile31\"]"}
RESULT: {"using":"xpath","value":"//*[@id=\"__tile31\"]"}
COMMAND: POST /session/70abb95a660dd479009da93bb1b55d7a/element/f.061601F0E40DF4D45C0BDBB2A51B5316.d.5481742E34D05D94D36B9760238D1CE7.e.3069/click - {}
RESULT: {}
COMMAND: GET /session/70abb95a660dd479009da93bb1b55d7a/screenshot - {}
RESULT: {}
COMMAND: POST /session/70abb95a660dd479009da93bb1b55d7a/element - {"using":"xpath","value":"//button[@data-kt=\"addNewRUOverflowToolbarButton\"]"}
RESULT: {"using":"xpath","value":"//button[@data-kt=\"addNewRUOverflowToolbarButton\"]"}
COMMAND: POST /session/70abb95a660dd479009da93bb1b55d7a/execute/sync - {"script":"<script> [8489 bytes]","args":[{"element-6066-11e4-a52e-4f735466cecf":"f.061601F0E40DF4D45C0BDBB2A51B5316.d.5481742E34D05D94D36B9760238D1CE7.e.3363","ELEMENT":"f.061601F0E40DF4D45C0BDBB2A51B5316.d.5481742E34D05D94D36B9760238D1CE7.e.3363"}]}
RESULT: {"script":"<script> [8489 bytes]","args":[{"element-6066-11e4-a52e-4f735466cecf":"f.061601F0E40DF4D45C0BDBB2A51B5316.d.5481742E34D05D94D36B9760238D1CE7.e.3363","ELEMENT":"f.061601F0E40DF4D45C0BDBB2A51B5316.d.5481742E34D05D94D36B9760238D1CE7.e.3363"}]}
COMMAND: POST /session/70abb95a660dd479009da93bb1b55d7a/element/f.061601F0E40DF4D45C0BDBB2A51B5316.d.5481742E34D05D94D36B9760238D1CE7.e.3363/click - {}
COMMAND: GET /session/70abb95a660dd479009da93bb1b55d7a/screenshot - {}
RESULT: {}
COMMAND: GET /session/70abb95a660dd479009da93bb1b55d7a/screenshot - {}
RESULT: {}
COMMAND: POST /session/70abb95a660dd479009da93bb1b55d7a/execute/async - {"script":"<script> [1562 bytes]","args":[{"selector":{"id":"application-manageresources-display-component---newResourceUnit--TYPE-arrow"},"wdio_ui5_key":"applicationmanageresources-display-component---newResourceUnit--TYPE-arrow"}]}
RESULT: {}
RESULT: {"script":"<script> [1562 bytes]","args":[{"selector":{"id":"application-manageresources-display-component---newResourceUnit--TYPE-arrow"},"wdio_ui5_key":"applicationmanageresources-display-component---newResourceUnit--TYPE-arrow"}]}
RESULT: undefined
COMMAND: POST /session/70abb95a660dd479009da93bb1b55d7a/element - {"using":"xpath","value":"//*[@id=\"application-manageresources-display-component---newResourceUnit--TYPE-arrow\"]"}
RESULT: {"using":"xpath","value":"//*[@id=\"application-manageresources-display-component---newResourceUnit--TYPE-arrow\"]"}
COMMAND: POST /session/70abb95a660dd479009da93bb1b55d7a/element/f.061601F0E40DF4D45C0BDBB2A51B5316.d.5481742E34D05D94D36B9760238D1CE7.e.3707/click - {}
RESULT: {}
COMMAND: POST /session/70abb95a660dd479009da93bb1b55d7a/execute/async - {"script":"<script> [1562 bytes]","args":[{"selector":{"controlType":"sap.m.StandardListItem","viewName":"reusables.view.manageresources.NewResourceUnit","viewId":"application-manageresources-display-component---newResourceUnit","properties":{"title":"Equipment"},"searchOpenDialogs":true,"interaction":{"idSuffix":"content"}},"wdio_ui5_key":"reusablesview.manageresources.NewResourceUnitsap.m.StandardListItem{\"title\":\"Equipment\"}"}]}
COMMAND: GET /session/70abb95a660dd479009da93bb1b55d7a/screenshot - {}
RESULT: {"script":"<script> [1562 bytes]","args":[{"selector":{"controlType":"sap.m.StandardListItem","viewName":"reusables.view.manageresources.NewResourceUnit","viewId":"application-manageresources-display-component---newResourceUnit","properties":{"title":"Equipment"},"searchOpenDialogs":true,"interaction":{"idSuffix":"content"}},"wdio_ui5_key":"reusablesview.manageresources.NewResourceUnitsap.m.StandardListItem{\"title\":\"Equipment\"}"}]}
RESULT: undefined
COMMAND: POST /session/70abb95a660dd479009da93bb1b55d7a/element - {"using":"xpath","value":"//*[@id=\"__item179\"]"}
RESULT: {}
RESULT: {"using":"xpath","value":"//*[@id=\"__item179\"]"}
COMMAND: POST /session/70abb95a660dd479009da93bb1b55d7a/element/f.061601F0E40DF4D45C0BDBB2A51B5316.d.5481742E34D05D94D36B9760238D1CE7.e.3710/click - {}
RESULT: {}
COMMAND: POST /session/70abb95a660dd479009da93bb1b55d7a/execute/async - {"script":"<script> [1562 bytes]","args":[{"selector":{"id":"application-manageresources-display-component---newResourceUnit--resourceId","interaction":{"idSuffix":"inner"}},"wdio_ui5_key":"applicationmanageresources-display-component---newResourceUnit--resourceId"}]}
COMMAND: GET /session/70abb95a660dd479009da93bb1b55d7a/screenshot - {}
RESULT: {"script":"<script> [1562 bytes]","args":[{"selector":{"id":"application-manageresources-display-component---newResourceUnit--resourceId","interaction":{"idSuffix":"inner"}},"wdio_ui5_key":"applicationmanageresources-display-component---newResourceUnit--resourceId"}]}
RESULT: undefined
COMMAND: POST /session/70abb95a660dd479009da93bb1b55d7a/execute/async - {"script":"<script> [776 bytes]","args":[{"enterText":"WdIOIscEquipurrsu","selector":{"id":"application-manageresources-display-component---newResourceUnit--resourceId","interaction":{"idSuffix":"inner"}},"clearTextFirst":true,"interactionType":"ENTER_TEXT"}]}
RESULT: {}
RESULT: {"script":"<script> [776 bytes]","args":[{"enterText":"WdIOIscEquipurrsu","selector":{"id":"application-manageresources-display-component---newResourceUnit--resourceId","interaction":{"idSuffix":"inner"}},"clearTextFirst":true,"interactionType":"ENTER_TEXT"}]}
COMMAND: POST /session/70abb95a660dd479009da93bb1b55d7a/execute/async - {"script":"<script> [1562 bytes]","args":[{"selector":{"id":"application-manageresources-display-component---newResourceUnit--SHORT_TEXT","interaction":{"idSuffix":"inner"}},"wdio_ui5_key":"applicationmanageresources-display-component---newResourceUnit--SHORT_TEXT"}]}
RESULT: {"script":"<script> [1562 bytes]","args":[{"selector":{"id":"application-manageresources-display-component---newResourceUnit--SHORT_TEXT","interaction":{"idSuffix":"inner"}},"wdio_ui5_key":"applicationmanageresources-display-component---newResourceUnit--SHORT_TEXT"}]}
RESULT: undefined
COMMAND: POST /session/70abb95a660dd479009da93bb1b55d7a/execute/async - {"script":"<script> [776 bytes]","args":[{"enterText":"WdIOIscEquipurrsu","selector":{"id":"application-manageresources-display-component---newResourceUnit--SHORT_TEXT","interaction":{"idSuffix":"inner"}},"clearTextFirst":true,"interactionType":"ENTER_TEXT"}]}
RESULT: {"script":"<script> [776 bytes]","args":[{"enterText":"WdIOIscEquipurrsu","selector":{"id":"application-manageresources-display-component---newResourceUnit--SHORT_TEXT","interaction":{"idSuffix":"inner"}},"clearTextFirst":true,"interactionType":"ENTER_TEXT"}]}
COMMAND: POST /session/70abb95a660dd479009da93bb1b55d7a/execute/async - {"script":"<script> [1562 bytes]","args":[{"selector":{"id":"application-manageresources-display-component---newResourceUnit--BASE_UNIT_OF_MEASURE","interaction":{"idSuffix":"inner"}},"wdio_ui5_key":"applicationmanageresources-display-component---newResourceUnit--BASE_UNIT_OF_MEASURE"}]}
RESULT: {"script":"<script> [1562 bytes]","args":[{"selector":{"id":"application-manageresources-display-component---newResourceUnit--BASE_UNIT_OF_MEASURE","interaction":{"idSuffix":"inner"}},"wdio_ui5_key":"applicationmanageresources-display-component---newResourceUnit--BASE_UNIT_OF_MEASURE"}]}
RESULT: undefined
COMMAND: POST /session/70abb95a660dd479009da93bb1b55d7a/execute/async - {"script":"<script> [776 bytes]","args":[{"enterText":"Piece","selector":{"id":"application-manageresources-display-component---newResourceUnit--BASE_UNIT_OF_MEASURE","interaction":{"idSuffix":"inner"}},"clearTextFirst":true,"interactionType":"ENTER_TEXT"}]}
RESULT: {"script":"<script> [776 bytes]","args":[{"enterText":"Piece","selector":{"id":"application-manageresources-display-component---newResourceUnit--BASE_UNIT_OF_MEASURE","interaction":{"idSuffix":"inner"}},"clearTextFirst":true,"interactionType":"ENTER_TEXT"}]}
COMMAND: POST /session/70abb95a660dd479009da93bb1b55d7a/execute/async - {"script":"<script> [1562 bytes]","args":[{"selector":{"id":"application-manageresources-display-component---newResourceUnit--WEIGHT_UNIT","interaction":{"idSuffix":"inner"}},"wdio_ui5_key":"applicationmanageresources-display-component---newResourceUnit--WEIGHT_UNIT"}]}
RESULT: {"script":"<script> [1562 bytes]","args":[{"selector":{"id":"application-manageresources-display-component---newResourceUnit--WEIGHT_UNIT","interaction":{"idSuffix":"inner"}},"wdio_ui5_key":"applicationmanageresources-display-component---newResourceUnit--WEIGHT_UNIT"}]}
RESULT: undefined
COMMAND: POST /session/70abb95a660dd479009da93bb1b55d7a/execute/async - {"script":"<script> [776 bytes]","args":[{"enterText":"Gram","selector":{"id":"application-manageresources-display-component---newResourceUnit--WEIGHT_UNIT","interaction":{"idSuffix":"inner"}},"clearTextFirst":true,"interactionType":"ENTER_TEXT"}]}
RESULT: {"script":"<script> [776 bytes]","args":[{"enterText":"Gram","selector":{"id":"application-manageresources-display-component---newResourceUnit--WEIGHT_UNIT","interaction":{"idSuffix":"inner"}},"clearTextFirst":true,"interactionType":"ENTER_TEXT"}]}
COMMAND: POST /session/70abb95a660dd479009da93bb1b55d7a/execute/async - {"script":"<script> [1562 bytes]","args":[{"selector":{"id":"application-manageresources-display-component---newResourceUnit--DIMENSION_UNIT","interaction":{"idSuffix":"inner"}},"wdio_ui5_key":"applicationmanageresources-display-component---newResourceUnit--DIMENSION_UNIT"}]}
RESULT: {"script":"<script> [1562 bytes]","args":[{"selector":{"id":"application-manageresources-display-component---newResourceUnit--DIMENSION_UNIT","interaction":{"idSuffix":"inner"}},"wdio_ui5_key":"applicationmanageresources-display-component---newResourceUnit--DIMENSION_UNIT"}]}
RESULT: undefined
COMMAND: POST /session/70abb95a660dd479009da93bb1b55d7a/execute/async - {"script":"<script> [776 bytes]","args":[{"enterText":"Meter","selector":{"id":"application-manageresources-display-component---newResourceUnit--DIMENSION_UNIT","interaction":{"idSuffix":"inner"}},"clearTextFirst":true,"interactionType":"ENTER_TEXT"}]}
RESULT: {"script":"<script> [776 bytes]","args":[{"enterText":"Meter","selector":{"id":"application-manageresources-display-component---newResourceUnit--DIMENSION_UNIT","interaction":{"idSuffix":"inner"}},"clearTextFirst":true,"interactionType":"ENTER_TEXT"}]}
COMMAND: POST /session/70abb95a660dd479009da93bb1b55d7a/execute/async - {"script":"<script> [1562 bytes]","args":[{"selector":{"id":"application-manageresources-display-component---newResourceUnit--newRRUPage-anchBar-application-manageresources-display-component---newResourceUnit--control-anchor","interaction":{"idSuffix":"BDI-content"}},"wdio_ui5_key":"applicationmanageresources-display-component---newResourceUnit--newRRUPage-anchBar-application-manageresources-display-component---newResourceUnit--control-anchor"}]}
RESULT: {"script":"<script> [1562 bytes]","args":[{"selector":{"id":"application-manageresources-display-component---newResourceUnit--newRRUPage-anchBar-application-manageresources-display-component---newResourceUnit--control-anchor","interaction":{"idSuffix":"BDI-content"}},"wdio_ui5_key":"applicationmanageresources-display-component---newResourceUnit--newRRUPage-anchBar-application-manageresources-display-component---newResourceUnit--control-anchor"}]}
RESULT: undefined
COMMAND: POST /session/70abb95a660dd479009da93bb1b55d7a/element - {"using":"xpath","value":"//*[@id=\"application-manageresources-display-component---newResourceUnit--newRRUPage-anchBar-application-manageresources-display-component---newResourceUnit--control-anchor\"]"}
RESULT: {"using":"xpath","value":"//*[@id=\"application-manageresources-display-component---newResourceUnit--newRRUPage-anchBar-application-manageresources-display-component---newResourceUnit--control-anchor\"]"}
COMMAND: POST /session/70abb95a660dd479009da93bb1b55d7a/element/f.061601F0E40DF4D45C0BDBB2A51B5316.d.5481742E34D05D94D36B9760238D1CE7.e.3841/click - {}
RESULT: {}
COMMAND: POST /session/70abb95a660dd479009da93bb1b55d7a/execute/async - {"script":"<script> [1562 bytes]","args":[{"selector":{"id":"application-manageresources-display-component---newResourceUnit--PLANNING_GROUP","interaction":{"idSuffix":"inner"}},"wdio_ui5_key":"applicationmanageresources-display-component---newResourceUnit--PLANNING_GROUP"}]}
COMMAND: GET /session/70abb95a660dd479009da93bb1b55d7a/screenshot - {}
RESULT: {"script":"<script> [1562 bytes]","args":[{"selector":{"id":"application-manageresources-display-component---newResourceUnit--PLANNING_GROUP","interaction":{"idSuffix":"inner"}},"wdio_ui5_key":"applicationmanageresources-display-component---newResourceUnit--PLANNING_GROUP"}]}
RESULT: undefined
COMMAND: POST /session/70abb95a660dd479009da93bb1b55d7a/execute/async - {"script":"<script> [776 bytes]","args":[{"enterText":"Heavy Equi","selector":{"id":"application-manageresources-display-component---newResourceUnit--PLANNING_GROUP","interaction":{"idSuffix":"inner"}},"clearTextFirst":true,"interactionType":"ENTER_TEXT"}]}
RESULT: {}
RESULT: {"script":"<script> [776 bytes]","args":[{"enterText":"Heavy Equi","selector":{"id":"application-manageresources-display-component---newResourceUnit--PLANNING_GROUP","interaction":{"idSuffix":"inner"}},"clearTextFirst":true,"interactionType":"ENTER_TEXT"}]}
COMMAND: POST /session/70abb95a660dd479009da93bb1b55d7a/execute/async - {"script":"<script> [1562 bytes]","args":[{"selector":{"id":"application-manageresources-display-component---newResourceUnit--ITEM_TYPE-arrow"},"wdio_ui5_key":"applicationmanageresources-display-component---newResourceUnit--ITEM_TYPE-arrow"}]}
RESULT: {"script":"<script> [1562 bytes]","args":[{"selector":{"id":"application-manageresources-display-component---newResourceUnit--ITEM_TYPE-arrow"},"wdio_ui5_key":"applicationmanageresources-display-component---newResourceUnit--ITEM_TYPE-arrow"}]}
RESULT: undefined
COMMAND: POST /session/70abb95a660dd479009da93bb1b55d7a/element - {"using":"xpath","value":"//*[@id=\"application-manageresources-display-component---newResourceUnit--ITEM_TYPE-arrow\"]"}
RESULT: {"using":"xpath","value":"//*[@id=\"application-manageresources-display-component---newResourceUnit--ITEM_TYPE-arrow\"]"}
COMMAND: POST /session/70abb95a660dd479009da93bb1b55d7a/element/f.061601F0E40DF4D45C0BDBB2A51B5316.d.5481742E34D05D94D36B9760238D1CE7.e.3850/click - {}
RESULT: {}
COMMAND: POST /session/70abb95a660dd479009da93bb1b55d7a/execute/async - {"script":"<script> [1562 bytes]","args":[{"selector":{"controlType":"sap.m.StandardListItem","viewName":"reusables.view.manageresources.NewResourceUnit","viewId":"application-manageresources-display-component---newResourceUnit","properties":{"title":"Resource Unit"},"searchOpenDialogs":true,"interaction":{"idSuffix":"titleText"}},"wdio_ui5_key":"reusablesview.manageresources.NewResourceUnitsap.m.StandardListItem{\"title\":\"Resource Unit\"}"}]}
COMMAND: GET /session/70abb95a660dd479009da93bb1b55d7a/screenshot - {}
RESULT: {"script":"<script> [1562 bytes]","args":[{"selector":{"controlType":"sap.m.StandardListItem","viewName":"reusables.view.manageresources.NewResourceUnit","viewId":"application-manageresources-display-component---newResourceUnit","properties":{"title":"Resource Unit"},"searchOpenDialogs":true,"interaction":{"idSuffix":"titleText"}},"wdio_ui5_key":"reusablesview.manageresources.NewResourceUnitsap.m.StandardListItem{\"title\":\"Resource Unit\"}"}]}
RESULT: undefined
COMMAND: POST /session/70abb95a660dd479009da93bb1b55d7a/element - {"using":"xpath","value":"//*[@id=\"__item248\"]"}
RESULT: {}
RESULT: {"using":"xpath","value":"//*[@id=\"__item248\"]"}
COMMAND: POST /session/70abb95a660dd479009da93bb1b55d7a/element/f.061601F0E40DF4D45C0BDBB2A51B5316.d.5481742E34D05D94D36B9760238D1CE7.e.3852/click - {}
RESULT: {}
COMMAND: POST /session/70abb95a660dd479009da93bb1b55d7a/element - {"using":"xpath","value":"//bdi[contains(text(), \"Time Segment\")]"}
COMMAND: GET /session/70abb95a660dd479009da93bb1b55d7a/screenshot - {}
RESULT: {"using":"xpath","value":"//bdi[contains(text(), \"Time Segment\")]"}
COMMAND: GET /session/70abb95a660dd479009da93bb1b55d7a/element/f.061601F0E40DF4D45C0BDBB2A51B5316.d.5481742E34D05D94D36B9760238D1CE7.e.3853/rect - {}
RESULT: {}
RESULT: {}
COMMAND: GET /session/70abb95a660dd479009da93bb1b55d7a/window/rect - {}
RESULT: {}
COMMAND: POST /session/70abb95a660dd479009da93bb1b55d7a/execute/sync - {"script":"<script> [92 bytes]","args":[]}
RESULT: {"script":"<script> [92 bytes]","args":[]}
COMMAND: POST /session/70abb95a660dd479009da93bb1b55d7a/actions - {"actions":[{"id":"action4","type":"wheel","parameters":{},"actions":[{"type":"scroll","x":-1804,"y":-21,"deltaX":0,"deltaY":0,"duration":0,"origin":{"element-6066-11e4-a52e-4f735466cecf":"f.061601F0E40DF4D45C0BDBB2A51B5316.d.5481742E34D05D94D36B9760238D1CE7.e.3853"}}]}]}
COMMAND: GET /session/70abb95a660dd479009da93bb1b55d7a/screenshot - {}
RESULT: {}
COMMAND: POST /session/70abb95a660dd479009da93bb1b55d7a/execute/sync - {"script":"<script> [79 bytes]","args":[{"element-6066-11e4-a52e-4f735466cecf":"f.061601F0E40DF4D45C0BDBB2A51B5316.d.5481742E34D05D94D36B9760238D1CE7.e.3853","ELEMENT":"f.061601F0E40DF4D45C0BDBB2A51B5316.d.5481742E34D05D94D36B9760238D1CE7.e.3853"},{"block":"start","inline":"nearest"}]}
RESULT: {"script":"<script> [79 bytes]","args":[{"element-6066-11e4-a52e-4f735466cecf":"f.061601F0E40DF4D45C0BDBB2A51B5316.d.5481742E34D05D94D36B9760238D1CE7.e.3853","ELEMENT":"f.061601F0E40DF4D45C0BDBB2A51B5316.d.5481742E34D05D94D36B9760238D1CE7.e.3853"},{"block":"start","inline":"nearest"}]}
COMMAND: POST /session/70abb95a660dd479009da93bb1b55d7a/execute/async - {"script":"<script> [1562 bytes]","args":[{"selector":{"id":"application-manageresources-display-component---newResourceUnit--btnAddTimeSegment-img"},"wdio_ui5_key":"applicationmanageresources-display-component---newResourceUnit--btnAddTimeSegment-img"}]}
COMMAND: GET /session/70abb95a660dd479009da93bb1b55d7a/screenshot - {}
RESULT: {"script":"<script> [1562 bytes]","args":[{"selector":{"id":"application-manageresources-display-component---newResourceUnit--btnAddTimeSegment-img"},"wdio_ui5_key":"applicationmanageresources-display-component---newResourceUnit--btnAddTimeSegment-img"}]}
RESULT: undefined
COMMAND: POST /session/70abb95a660dd479009da93bb1b55d7a/element - {"using":"xpath","value":"//*[@id=\"application-manageresources-display-component---newResourceUnit--btnAddTimeSegment-img\"]"}
RESULT: {}
RESULT: {"using":"xpath","value":"//*[@id=\"application-manageresources-display-component---newResourceUnit--btnAddTimeSegment-img\"]"}
COMMAND: POST /session/70abb95a660dd479009da93bb1b55d7a/element/f.061601F0E40DF4D45C0BDBB2A51B5316.d.5481742E34D05D94D36B9760238D1CE7.e.3854/click - {}
RESULT: {}
COMMAND: GET /session/70abb95a660dd479009da93bb1b55d7a/screenshot - {}
RESULT: {}
COMMAND: POST /session/70abb95a660dd479009da93bb1b55d7a/element - {"using":"xpath","value":"//input[@id=\"application-manageresources-display-component---newResourceUnit--idRuTSAdmin-application-manageresources-display-component---newResourceUnit--RUTimeSegment-0-inner\"]"}
RESULT: {"using":"xpath","value":"//input[@id=\"application-manageresources-display-component---newResourceUnit--idRuTSAdmin-application-manageresources-display-component---newResourceUnit--RUTimeSegment-0-inner\"]"}
COMMAND: POST /session/70abb95a660dd479009da93bb1b55d7a/element/f.061601F0E40DF4D45C0BDBB2A51B5316.d.5481742E34D05D94D36B9760238D1CE7.e.3860/clear - {}
RESULT: {}
COMMAND: POST /session/70abb95a660dd479009da93bb1b55d7a/element/f.061601F0E40DF4D45C0BDBB2A51B5316.d.5481742E34D05D94D36B9760238D1CE7.e.3860/value - {"text":"webdriveryard"}
COMMAND: GET /session/70abb95a660dd479009da93bb1b55d7a/screenshot - {}
RESULT: {"text":"webdriveryard"}
COMMAND: GET /session/70abb95a660dd479009da93bb1b55d7a/screenshot - {}
RESULT: {}
RESULT: {}
COMMAND: POST /session/70abb95a660dd479009da93bb1b55d7a/actions - {"actions":[{"id":"action5","type":"key","parameters":{},"actions":[{"type":"keyDown","value":"î€‡"},{"type":"pause","duration":10},{"type":"keyUp","value":"î€‡"}]}]}
RESULT: {"actions":[{"id":"action5","type":"key","parameters":{},"actions":[{"type":"keyDown","value":"î€‡"},{"type":"pause","duration":10},{"type":"keyUp","value":"î€‡"}]}]}
COMMAND: POST /session/70abb95a660dd479009da93bb1b55d7a/execute/async - {"script":"<script> [1562 bytes]","args":[{"selector":{"controlType":"sap.ui.core.Icon","viewName":"reusables.view.manageresources.NewResourceUnit","viewId":"application-manageresources-display-component---newResourceUnit","properties":{"src":{"regex":{"source":"slim\\-arrow\\-down"}}},"ancestor":{"controlType":"sap.m.ComboBox","viewName":"reusables.view.manageresources.NewResourceUnit","viewId":"application-manageresources-display-component---newResourceUnit","bindingPath":{"path":"/RESOURCE_UNIT_TIME_SEQUENCES/0","propertyPath":"COST_OBJECT_ADMIN_CST_TYPE","modelName":"oNewRruModel"}}},"wdio_ui5_key":"reusablesview.manageresources.NewResourceUnitsap.ui.core.Icon{\"src\":{\"regex\":{\"source\":\"slim\\\\-arrow\\\\-down\"}}}{\"controlType\":\"sap.m.ComboBox\",\"viewName\":\"reusables.view.manageresources.NewResourceUnit\",\"viewId\":\"application-manageresources-display-component---newResourceUnit\",\"bindingPath\":{\"path\":\"/RESOURCE_UNIT_TIME_SEQUENCES/0\",\"propertyPath\":\"COST_OBJECT_ADMIN_CST_TYPE\",\"modelName\":\"oNewRruModel\"}}"}]}
COMMAND: GET /session/70abb95a660dd479009da93bb1b55d7a/screenshot - {}
RESULT: {"script":"<script> [1562 bytes]","args":[{"selector":{"controlType":"sap.ui.core.Icon","viewName":"reusables.view.manageresources.NewResourceUnit","viewId":"application-manageresources-display-component---newResourceUnit","properties":{"src":{"regex":{"source":"slim\\-arrow\\-down"}}},"ancestor":{"controlType":"sap.m.ComboBox","viewName":"reusables.view.manageresources.NewResourceUnit","viewId":"application-manageresources-display-component---newResourceUnit","bindingPath":{"path":"/RESOURCE_UNIT_TIME_SEQUENCES/0","propertyPath":"COST_OBJECT_ADMIN_CST_TYPE","modelName":"oNewRruModel"}}},"wdio_ui5_key":"reusablesview.manageresources.NewResourceUnitsap.ui.core.Icon{\"src\":{\"regex\":{\"source\":\"slim\\\\-arrow\\\\-down\"}}}{\"controlType\":\"sap.m.ComboBox\",\"viewName\":\"reusables.view.manageresources.NewResourceUnit\",\"viewId\":\"application-manageresources-display-component---newResourceUnit\",\"bindingPath\":{\"path\":\"/RESOURCE_UNIT_TIME_SEQUENCES/0\",\"propertyPath\":\"COST_OBJECT_ADMIN_CST_TYPE\",\"modelName\":\"oNewRruModel\"}}"}]}
RESULT: undefined
COMMAND: POST /session/70abb95a660dd479009da93bb1b55d7a/element - {"using":"xpath","value":"//*[@id=\"__box12-application-manageresources-display-component---newResourceUnit--RUTimeSegment-0-arrow\"]"}
RESULT: {}
RESULT: {"using":"xpath","value":"//*[@id=\"__box12-application-manageresources-display-component---newResourceUnit--RUTimeSegment-0-arrow\"]"}
COMMAND: POST /session/70abb95a660dd479009da93bb1b55d7a/element/f.061601F0E40DF4D45C0BDBB2A51B5316.d.5481742E34D05D94D36B9760238D1CE7.e.3874/click - {}
RESULT: {}
COMMAND: POST /session/70abb95a660dd479009da93bb1b55d7a/execute/async - {"script":"<script> [1562 bytes]","args":[{"selector":{"controlType":"sap.m.StandardListItem","viewName":"reusables.view.manageresources.NewResourceUnit","viewId":"application-manageresources-display-component---newResourceUnit","properties":{"title":"PM Order"},"searchOpenDialogs":true,"interaction":{"idSuffix":"titleText"}},"wdio_ui5_key":"reusablesview.manageresources.NewResourceUnitsap.m.StandardListItem{\"title\":\"PM Order\"}"}]}
COMMAND: GET /session/70abb95a660dd479009da93bb1b55d7a/screenshot - {}
RESULT: {"script":"<script> [1562 bytes]","args":[{"selector":{"controlType":"sap.m.StandardListItem","viewName":"reusables.view.manageresources.NewResourceUnit","viewId":"application-manageresources-display-component---newResourceUnit","properties":{"title":"PM Order"},"searchOpenDialogs":true,"interaction":{"idSuffix":"titleText"}},"wdio_ui5_key":"reusablesview.manageresources.NewResourceUnitsap.m.StandardListItem{\"title\":\"PM Order\"}"}]}
RESULT: undefined
COMMAND: POST /session/70abb95a660dd479009da93bb1b55d7a/element - {"using":"xpath","value":"//*[@id=\"__item771\"]"}
RESULT: {}
RESULT: {"using":"xpath","value":"//*[@id=\"__item771\"]"}
COMMAND: POST /session/70abb95a660dd479009da93bb1b55d7a/element/f.061601F0E40DF4D45C0BDBB2A51B5316.d.5481742E34D05D94D36B9760238D1CE7.e.3878/click - {}
RESULT: {}
COMMAND: GET /session/70abb95a660dd479009da93bb1b55d7a/screenshot - {}
RESULT: {}
COMMAND: POST /session/70abb95a660dd479009da93bb1b55d7a/element - {"using":"xpath","value":"(//input[contains(@id ,\"-application-manageresources-display-component---newResourceUnit--RUTimeSegment-0-inner\")])[8]"}
RESULT: {"using":"xpath","value":"(//input[contains(@id ,\"-application-manageresources-display-component---newResourceUnit--RUTimeSegment-0-inner\")])[8]"}
COMMAND: POST /session/70abb95a660dd479009da93bb1b55d7a/element/f.061601F0E40DF4D45C0BDBB2A51B5316.d.5481742E34D05D94D36B9760238D1CE7.e.3881/clear - {}
RESULT: {}
COMMAND: POST /session/70abb95a660dd479009da93bb1b55d7a/element/f.061601F0E40DF4D45C0BDBB2A51B5316.d.5481742E34D05D94D36B9760238D1CE7.e.3881/value - {"text":"4000360"}
COMMAND: GET /session/70abb95a660dd479009da93bb1b55d7a/screenshot - {}
RESULT: {"text":"4000360"}
COMMAND: GET /session/70abb95a660dd479009da93bb1b55d7a/screenshot - {}
RESULT: {}
RESULT: {}
COMMAND: POST /session/70abb95a660dd479009da93bb1b55d7a/actions - {"actions":[{"id":"action6","type":"key","parameters":{},"actions":[{"type":"keyDown","value":"î€‡"},{"type":"pause","duration":10},{"type":"keyUp","value":"î€‡"}]}]}
RESULT: {"actions":[{"id":"action6","type":"key","parameters":{},"actions":[{"type":"keyDown","value":"î€‡"},{"type":"pause","duration":10},{"type":"keyUp","value":"î€‡"}]}]}
COMMAND: GET /session/70abb95a660dd479009da93bb1b55d7a/screenshot - {}
RESULT: {}
COMMAND: POST /session/70abb95a660dd479009da93bb1b55d7a/execute/async - {"script":"<script> [1562 bytes]","args":[{"selector":{"id":"application-manageresources-display-component---newResourceUnit--newTimeSegmentDateRangePicker-application-manageresources-display-component---newResourceUnit--RUTimeSegment-0","interaction":{"idSuffix":"inner"}},"wdio_ui5_key":"applicationmanageresources-display-component---newResourceUnit--newTimeSegmentDateRangePicker-application-manageresources-display-component---newResourceUnit--RUTimeSegment-0"}]}
RESULT: {"script":"<script> [1562 bytes]","args":[{"selector":{"id":"application-manageresources-display-component---newResourceUnit--newTimeSegmentDateRangePicker-application-manageresources-display-component---newResourceUnit--RUTimeSegment-0","interaction":{"idSuffix":"inner"}},"wdio_ui5_key":"applicationmanageresources-display-component---newResourceUnit--newTimeSegmentDateRangePicker-application-manageresources-display-component---newResourceUnit--RUTimeSegment-0"}]}
RESULT: undefined
COMMAND: POST /session/70abb95a660dd479009da93bb1b55d7a/execute/async - {"script":"<script> [1562 bytes]","args":[{"selector":{"id":"application-manageresources-display-component---newResourceUnit--newRRUPage-anchBar-application-manageresources-display-component---newResourceUnit--resource-anchor","interaction":{"idSuffix":"BDI-content"}},"wdio_ui5_key":"applicationmanageresources-display-component---newResourceUnit--newRRUPage-anchBar-application-manageresources-display-component---newResourceUnit--resource-anchor"}]}
RESULT: {"script":"<script> [1562 bytes]","args":[{"selector":{"id":"application-manageresources-display-component---newResourceUnit--newRRUPage-anchBar-application-manageresources-display-component---newResourceUnit--resource-anchor","interaction":{"idSuffix":"BDI-content"}},"wdio_ui5_key":"applicationmanageresources-display-component---newResourceUnit--newRRUPage-anchBar-application-manageresources-display-component---newResourceUnit--resource-anchor"}]}
RESULT: undefined
COMMAND: POST /session/70abb95a660dd479009da93bb1b55d7a/element - {"using":"xpath","value":"//*[@id=\"application-manageresources-display-component---newResourceUnit--newRRUPage-anchBar-application-manageresources-display-component---newResourceUnit--resource-anchor\"]"}
RESULT: {"using":"xpath","value":"//*[@id=\"application-manageresources-display-component---newResourceUnit--newRRUPage-anchBar-application-manageresources-display-component---newResourceUnit--resource-anchor\"]"}
COMMAND: POST /session/70abb95a660dd479009da93bb1b55d7a/element/f.061601F0E40DF4D45C0BDBB2A51B5316.d.5481742E34D05D94D36B9760238D1CE7.e.3909/click - {}
RESULT: {}
COMMAND: POST /session/70abb95a660dd479009da93bb1b55d7a/execute/async - {"script":"<script> [1562 bytes]","args":[{"selector":{"id":"application-manageresources-display-component---newResourceUnit--PLANNED_DELIVERY_DATE","interaction":{"idSuffix":"inner"}},"wdio_ui5_key":"applicationmanageresources-display-component---newResourceUnit--PLANNED_DELIVERY_DATE"}]}
COMMAND: GET /session/70abb95a660dd479009da93bb1b55d7a/screenshot - {}
RESULT: {"script":"<script> [1562 bytes]","args":[{"selector":{"id":"application-manageresources-display-component---newResourceUnit--PLANNED_DELIVERY_DATE","interaction":{"idSuffix":"inner"}},"wdio_ui5_key":"applicationmanageresources-display-component---newResourceUnit--PLANNED_DELIVERY_DATE"}]}
RESULT: undefined
COMMAND: POST /session/70abb95a660dd479009da93bb1b55d7a/execute/async - {"script":"<script> [6424 bytes]","args":[{"element-6066-11e4-a52e-4f735466cecf":"f.061601F0E40DF4D45C0BDBB2A51B5316.d.5481742E34D05D94D36B9760238D1CE7.e.3764"},"setValue",["06/27/24"]]}
RESULT: {}
RESULT: {"script":"<script> [6424 bytes]","args":[{"element-6066-11e4-a52e-4f735466cecf":"f.061601F0E40DF4D45C0BDBB2A51B5316.d.5481742E34D05D94D36B9760238D1CE7.e.3764"},"setValue",["06/27/24"]]}
COMMAND: POST /session/70abb95a660dd479009da93bb1b55d7a/execute/async - {"script":"<script> [1562 bytes]","args":[{"selector":{"id":"application-manageresources-display-component---newResourceUnit--RETIRE_PLANNED_DATE","interaction":{"idSuffix":"inner"}},"wdio_ui5_key":"applicationmanageresources-display-component---newResourceUnit--RETIRE_PLANNED_DATE"}]}
RESULT: {"script":"<script> [1562 bytes]","args":[{"selector":{"id":"application-manageresources-display-component---newResourceUnit--RETIRE_PLANNED_DATE","interaction":{"idSuffix":"inner"}},"wdio_ui5_key":"applicationmanageresources-display-component---newResourceUnit--RETIRE_PLANNED_DATE"}]}
RESULT: undefined
COMMAND: POST /session/70abb95a660dd479009da93bb1b55d7a/execute/async - {"script":"<script> [776 bytes]","args":[{"enterText":"3/14/29","selector":{"id":"application-manageresources-display-component---newResourceUnit--RETIRE_PLANNED_DATE","interaction":{"idSuffix":"inner"}},"clearTextFirst":true,"interactionType":"ENTER_TEXT"}]}
RESULT: {"script":"<script> [776 bytes]","args":[{"enterText":"3/14/29","selector":{"id":"application-manageresources-display-component---newResourceUnit--RETIRE_PLANNED_DATE","interaction":{"idSuffix":"inner"}},"clearTextFirst":true,"interactionType":"ENTER_TEXT"}]}
COMMAND: POST /session/70abb95a660dd479009da93bb1b55d7a/execute/async - {"script":"<script> [1562 bytes]","args":[{"selector":{"controlType":"sap.m.Button","viewName":"reusables.view.manageresources.NewResourceUnit","viewId":"application-manageresources-display-component---newResourceUnit","i18NText":{"propertyName":"tooltip","key":"save"},"interaction":{"idSuffix":"BDI-content"}},"wdio_ui5_key":"reusablesview.manageresources.NewResourceUnitsap.m.Button{\"propertyName\":\"tooltip\",\"key\":\"save\"}"}]}
RESULT: {"script":"<script> [1562 bytes]","args":[{"selector":{"controlType":"sap.m.Button","viewName":"reusables.view.manageresources.NewResourceUnit","viewId":"application-manageresources-display-component---newResourceUnit","i18NText":{"propertyName":"tooltip","key":"save"},"interaction":{"idSuffix":"BDI-content"}},"wdio_ui5_key":"reusablesview.manageresources.NewResourceUnitsap.m.Button{\"propertyName\":\"tooltip\",\"key\":\"save\"}"}]}
RESULT: undefined
COMMAND: POST /session/70abb95a660dd479009da93bb1b55d7a/element - {"using":"xpath","value":"//*[@id=\"application-manageresources-display-component---newResourceUnit--createRuButton\"]"}
RESULT: {"using":"xpath","value":"//*[@id=\"application-manageresources-display-component---newResourceUnit--createRuButton\"]"}
COMMAND: POST /session/70abb95a660dd479009da93bb1b55d7a/element/f.061601F0E40DF4D45C0BDBB2A51B5316.d.5481742E34D05D94D36B9760238D1CE7.e.3724/click - {}
RESULT: {}
COMMAND: GET /session/70abb95a660dd479009da93bb1b55d7a/screenshot - {}
RESULT: {}
COMMAND: POST /session/70abb95a660dd479009da93bb1b55d7a/execute/async - {"script":"<script> [1562 bytes]","args":[{"selector":{"controlType":"sap.m.Button","properties":{"text":"Close"},"searchOpenDialogs":true,"interaction":{"idSuffix":"inner"}},"wdio_ui5_key":"sapm.Button{\"text\":\"Close\"}"}]}
RESULT: {"script":"<script> [1562 bytes]","args":[{"selector":{"controlType":"sap.m.Button","properties":{"text":"Close"},"searchOpenDialogs":true,"interaction":{"idSuffix":"inner"}},"wdio_ui5_key":"sapm.Button{\"text\":\"Close\"}"}]}
RESULT: undefined
COMMAND: POST /session/70abb95a660dd479009da93bb1b55d7a/element - {"using":"xpath","value":"//*[@id=\"__mbox-btn-0\"]"}
RESULT: {"using":"xpath","value":"//*[@id=\"__mbox-btn-0\"]"}
COMMAND: POST /session/70abb95a660dd479009da93bb1b55d7a/element/f.061601F0E40DF4D45C0BDBB2A51B5316.d.5481742E34D05D94D36B9760238D1CE7.e.3917/click - {}
RESULT: {}
COMMAND: GET /session/70abb95a660dd479009da93bb1b55d7a/screenshot - {}
COMMAND: POST /session/70abb95a660dd479009da93bb1b55d7a/execute/async - {"script":"<script> [1562 bytes]","args":[{"selector":{"controlType":"sap.m.Text","viewName":"etm.portal.ui.manageresources.view.Detail","viewId":"application-manageresources-display-component---detailRU","bindingPath":{"propertyPath":"ID","modelName":"catalogModel"}},"wdio_ui5_key":"etmportal.ui.manageresources.view.Detailsap.m.Text{\"propertyPath\":\"ID\",\"modelName\":\"catalogModel\"}"}]}
RESULT: {}
RESULT: {"script":"<script> [1562 bytes]","args":[{"selector":{"controlType":"sap.m.Text","viewName":"etm.portal.ui.manageresources.view.Detail","viewId":"application-manageresources-display-component---detailRU","bindingPath":{"propertyPath":"ID","modelName":"catalogModel"}},"wdio_ui5_key":"etmportal.ui.manageresources.view.Detailsap.m.Text{\"propertyPath\":\"ID\",\"modelName\":\"catalogModel\"}"}]}
RESULT: undefined
COMMAND: POST /session/70abb95a660dd479009da93bb1b55d7a/execute/async - {"script":"<script> [6424 bytes]","args":[{"element-6066-11e4-a52e-4f735466cecf":"f.061601F0E40DF4D45C0BDBB2A51B5316.d.5481742E34D05D94D36B9760238D1CE7.e.3954"},"getText",[]]}
RESULT: {"script":"<script> [6424 bytes]","args":[{"element-6066-11e4-a52e-4f735466cecf":"f.061601F0E40DF4D45C0BDBB2A51B5316.d.5481742E34D05D94D36B9760238D1CE7.e.3954"},"getText",[]]}
COMMAND: POST /session/70abb95a660dd479009da93bb1b55d7a/element - {"using":"css selector","value":"#shell-header-logo"}
RESULT: {"using":"css selector","value":"#shell-header-logo"}
COMMAND: POST /session/70abb95a660dd479009da93bb1b55d7a/element/f.061601F0E40DF4D45C0BDBB2A51B5316.d.5481742E34D05D94D36B9760238D1CE7.e.3319/click - {}
RESULT: {}
COMMAND: GET /session/70abb95a660dd479009da93bb1b55d7a/screenshot - {}
RESULT: {}
]]></system-out>
    </testcase>
    <testcase classname="chrome.135_0_7049_96.windows.Create_and_verify_Order_using_template_US151480" name="Should create a ISC order with template then verify the resource compliance status" time="85.414">
      <system-out><![CDATA[
RESULT: undefined
COMMAND: POST /session/70abb95a660dd479009da93bb1b55d7a/element - {"using":"xpath","value":"//*[@id=\"__tile108\"]"}
RESULT: {"using":"xpath","value":"//*[@id=\"__tile108\"]"}
COMMAND: POST /session/70abb95a660dd479009da93bb1b55d7a/element/f.061601F0E40DF4D45C0BDBB2A51B5316.d.5481742E34D05D94D36B9760238D1CE7.e.3144/click - {}
RESULT: {}
COMMAND: GET /session/70abb95a660dd479009da93bb1b55d7a/screenshot - {}
RESULT: {}
COMMAND: POST /session/70abb95a660dd479009da93bb1b55d7a/execute/async - {"script":"<script> [1562 bytes]","args":[{"selector":{"id":"application-iscorders-display-component---orderList--addOrder-img"},"wdio_ui5_key":"applicationiscorders-display-component---orderList--addOrder-img"}]}
RESULT: {"script":"<script> [1562 bytes]","args":[{"selector":{"id":"application-iscorders-display-component---orderList--addOrder-img"},"wdio_ui5_key":"applicationiscorders-display-component---orderList--addOrder-img"}]}
RESULT: undefined
COMMAND: POST /session/70abb95a660dd479009da93bb1b55d7a/element - {"using":"xpath","value":"//*[@id=\"application-iscorders-display-component---orderList--addOrder-img\"]"}
RESULT: {"using":"xpath","value":"//*[@id=\"application-iscorders-display-component---orderList--addOrder-img\"]"}
COMMAND: POST /session/70abb95a660dd479009da93bb1b55d7a/element/f.061601F0E40DF4D45C0BDBB2A51B5316.d.5481742E34D05D94D36B9760238D1CE7.e.4002/click - {}
RESULT: {}
COMMAND: GET /session/70abb95a660dd479009da93bb1b55d7a/screenshot - {}
RESULT: {}
COMMAND: POST /session/70abb95a660dd479009da93bb1b55d7a/execute/async - {"script":"<script> [1562 bytes]","args":[{"selector":{"id":"application-iscorders-display-component---createOrder--resourceValue-vhi"},"wdio_ui5_key":"applicationiscorders-display-component---createOrder--resourceValue-vhi"}]}
RESULT: {"script":"<script> [1562 bytes]","args":[{"selector":{"id":"application-iscorders-display-component---createOrder--resourceValue-vhi"},"wdio_ui5_key":"applicationiscorders-display-component---createOrder--resourceValue-vhi"}]}
RESULT: undefined
COMMAND: POST /session/70abb95a660dd479009da93bb1b55d7a/element - {"using":"xpath","value":"//*[@id=\"application-iscorders-display-component---createOrder--resourceValue-vhi\"]"}
RESULT: {"using":"xpath","value":"//*[@id=\"application-iscorders-display-component---createOrder--resourceValue-vhi\"]"}
COMMAND: POST /session/70abb95a660dd479009da93bb1b55d7a/element/f.061601F0E40DF4D45C0BDBB2A51B5316.d.5481742E34D05D94D36B9760238D1CE7.e.4452/click - {}
RESULT: {}
COMMAND: GET /session/70abb95a660dd479009da93bb1b55d7a/screenshot - {}
RESULT: {}
COMMAND: POST /session/70abb95a660dd479009da93bb1b55d7a/element - {"using":"xpath","value":"//input[contains(@id ,\"application-iscorders-display-component---createOrder--resourceValue-valueHelpDialog-smartFilterBar-btnBasicSearch-I\")]"}
RESULT: {"using":"xpath","value":"//input[contains(@id ,\"application-iscorders-display-component---createOrder--resourceValue-valueHelpDialog-smartFilterBar-btnBasicSearch-I\")]"}
COMMAND: POST /session/70abb95a660dd479009da93bb1b55d7a/element/f.061601F0E40DF4D45C0BDBB2A51B5316.d.5481742E34D05D94D36B9760238D1CE7.e.4455/clear - {}
RESULT: {}
COMMAND: POST /session/70abb95a660dd479009da93bb1b55d7a/element/f.061601F0E40DF4D45C0BDBB2A51B5316.d.5481742E34D05D94D36B9760238D1CE7.e.4455/value - {"text":"WdIOIscEquipurrsu"}
COMMAND: GET /session/70abb95a660dd479009da93bb1b55d7a/screenshot - {}
RESULT: {"text":"WdIOIscEquipurrsu"}
COMMAND: POST /session/70abb95a660dd479009da93bb1b55d7a/actions - {"actions":[{"id":"action7","type":"key","parameters":{},"actions":[{"type":"keyDown","value":"î€‡"},{"type":"pause","duration":10},{"type":"keyUp","value":"î€‡"}]}]}
RESULT: {}
COMMAND: GET /session/70abb95a660dd479009da93bb1b55d7a/screenshot - {}
RESULT: {"actions":[{"id":"action7","type":"key","parameters":{},"actions":[{"type":"keyDown","value":"î€‡"},{"type":"pause","duration":10},{"type":"keyUp","value":"î€‡"}]}]}
COMMAND: GET /session/70abb95a660dd479009da93bb1b55d7a/screenshot - {}
RESULT: {}
RESULT: {}
COMMAND: POST /session/70abb95a660dd479009da93bb1b55d7a/element - {"using":"xpath","value":"(//span[contains(text(), \"WdIOIscEquipurrsu\")])[1]"}
RESULT: {"using":"xpath","value":"(//span[contains(text(), \"WdIOIscEquipurrsu\")])[1]"}
COMMAND: POST /session/70abb95a660dd479009da93bb1b55d7a/element/f.061601F0E40DF4D45C0BDBB2A51B5316.d.5481742E34D05D94D36B9760238D1CE7.e.4480/click - {}
RESULT: {}
COMMAND: GET /session/70abb95a660dd479009da93bb1b55d7a/screenshot - {}
RESULT: {}
COMMAND: POST /session/70abb95a660dd479009da93bb1b55d7a/execute/async - {"script":"<script> [1562 bytes]","args":[{"selector":{"id":"application-iscorders-display-component---createOrder--templateValue-vhi"},"wdio_ui5_key":"applicationiscorders-display-component---createOrder--templateValue-vhi"}]}
RESULT: {"script":"<script> [1562 bytes]","args":[{"selector":{"id":"application-iscorders-display-component---createOrder--templateValue-vhi"},"wdio_ui5_key":"applicationiscorders-display-component---createOrder--templateValue-vhi"}]}
RESULT: undefined
COMMAND: POST /session/70abb95a660dd479009da93bb1b55d7a/element - {"using":"xpath","value":"//*[@id=\"application-iscorders-display-component---createOrder--templateValue-vhi\"]"}
RESULT: {"using":"xpath","value":"//*[@id=\"application-iscorders-display-component---createOrder--templateValue-vhi\"]"}
COMMAND: POST /session/70abb95a660dd479009da93bb1b55d7a/element/f.061601F0E40DF4D45C0BDBB2A51B5316.d.5481742E34D05D94D36B9760238D1CE7.e.4494/click - {}
RESULT: {}
COMMAND: GET /session/70abb95a660dd479009da93bb1b55d7a/screenshot - {}
RESULT: {}
COMMAND: POST /session/70abb95a660dd479009da93bb1b55d7a/element - {"using":"xpath","value":"//input[contains(@id ,\"application-iscorders-display-component---createOrder--smartFilterBarTemplates-btnBasicSearch-I\")]"}
RESULT: {"using":"xpath","value":"//input[contains(@id ,\"application-iscorders-display-component---createOrder--smartFilterBarTemplates-btnBasicSearch-I\")]"}
COMMAND: POST /session/70abb95a660dd479009da93bb1b55d7a/element/f.061601F0E40DF4D45C0BDBB2A51B5316.d.5481742E34D05D94D36B9760238D1CE7.e.4496/clear - {}
RESULT: {}
COMMAND: POST /session/70abb95a660dd479009da93bb1b55d7a/element/f.061601F0E40DF4D45C0BDBB2A51B5316.d.5481742E34D05D94D36B9760238D1CE7.e.4496/value - {"text":"Inspection template"}
COMMAND: GET /session/70abb95a660dd479009da93bb1b55d7a/screenshot - {}
RESULT: {"text":"Inspection template"}
COMMAND: POST /session/70abb95a660dd479009da93bb1b55d7a/actions - {"actions":[{"id":"action8","type":"key","parameters":{},"actions":[{"type":"keyDown","value":"î€‡"},{"type":"pause","duration":10},{"type":"keyUp","value":"î€‡"}]}]}
COMMAND: GET /session/70abb95a660dd479009da93bb1b55d7a/screenshot - {}
RESULT: {}
RESULT: {"actions":[{"id":"action8","type":"key","parameters":{},"actions":[{"type":"keyDown","value":"î€‡"},{"type":"pause","duration":10},{"type":"keyUp","value":"î€‡"}]}]}
COMMAND: GET /session/70abb95a660dd479009da93bb1b55d7a/screenshot - {}
RESULT: {}
RESULT: {}
COMMAND: POST /session/70abb95a660dd479009da93bb1b55d7a/element - {"using":"xpath","value":"(//span[contains(text(), \"Inspection template\")])[1]"}
RESULT: {"using":"xpath","value":"(//span[contains(text(), \"Inspection template\")])[1]"}
COMMAND: POST /session/70abb95a660dd479009da93bb1b55d7a/element/f.061601F0E40DF4D45C0BDBB2A51B5316.d.5481742E34D05D94D36B9760238D1CE7.e.4508/click - {}
RESULT: {}
COMMAND: GET /session/70abb95a660dd479009da93bb1b55d7a/screenshot - {}
RESULT: {}
COMMAND: POST /session/70abb95a660dd479009da93bb1b55d7a/execute/async - {"script":"<script> [1562 bytes]","args":[{"selector":{"id":"application-iscorders-display-component---createOrder--templateSelectionButton","searchOpenDialogs":true,"interaction":{"idSuffix":"BDI-content"}},"wdio_ui5_key":"applicationiscorders-display-component---createOrder--templateSelectionButton"}]}
RESULT: {"script":"<script> [1562 bytes]","args":[{"selector":{"id":"application-iscorders-display-component---createOrder--templateSelectionButton","searchOpenDialogs":true,"interaction":{"idSuffix":"BDI-content"}},"wdio_ui5_key":"applicationiscorders-display-component---createOrder--templateSelectionButton"}]}
RESULT: undefined
COMMAND: POST /session/70abb95a660dd479009da93bb1b55d7a/element - {"using":"xpath","value":"//*[@id=\"application-iscorders-display-component---createOrder--templateSelectionButton\"]"}
RESULT: {"using":"xpath","value":"//*[@id=\"application-iscorders-display-component---createOrder--templateSelectionButton\"]"}
COMMAND: POST /session/70abb95a660dd479009da93bb1b55d7a/element/f.061601F0E40DF4D45C0BDBB2A51B5316.d.5481742E34D05D94D36B9760238D1CE7.e.4511/click - {}
RESULT: {}
COMMAND: GET /session/70abb95a660dd479009da93bb1b55d7a/screenshot - {}
RESULT: {}
COMMAND: POST /session/70abb95a660dd479009da93bb1b55d7a/execute/async - {"script":"<script> [1562 bytes]","args":[{"selector":{"id":"application-iscorders-display-component---createOrder--saveOrderButton","interaction":{"idSuffix":"BDI-content"}},"wdio_ui5_key":"applicationiscorders-display-component---createOrder--saveOrderButton"}]}
RESULT: {"script":"<script> [1562 bytes]","args":[{"selector":{"id":"application-iscorders-display-component---createOrder--saveOrderButton","interaction":{"idSuffix":"BDI-content"}},"wdio_ui5_key":"applicationiscorders-display-component---createOrder--saveOrderButton"}]}
RESULT: undefined
COMMAND: POST /session/70abb95a660dd479009da93bb1b55d7a/element - {"using":"xpath","value":"//*[@id=\"application-iscorders-display-component---createOrder--saveOrderButton\"]"}
RESULT: {"using":"xpath","value":"//*[@id=\"application-iscorders-display-component---createOrder--saveOrderButton\"]"}
COMMAND: POST /session/70abb95a660dd479009da93bb1b55d7a/element/f.061601F0E40DF4D45C0BDBB2A51B5316.d.5481742E34D05D94D36B9760238D1CE7.e.4448/click - {}
RESULT: {}
COMMAND: GET /session/70abb95a660dd479009da93bb1b55d7a/screenshot - {}
RESULT: {}
COMMAND: POST /session/70abb95a660dd479009da93bb1b55d7a/execute/async - {"script":"<script> [1562 bytes]","args":[{"selector":{"controlType":"sap.m.Link","viewName":"reusables.view.ISC.Orders.Detail","viewId":"application-iscorders-display-component---displayOrder","bindingPath":{"propertyPath":"RESOURCE_UNIT","modelName":"catalogModel"}},"wdio_ui5_key":"reusablesview.ISC.Orders.Detailsap.m.Link{\"propertyPath\":\"RESOURCE_UNIT\",\"modelName\":\"catalogModel\"}"}]}
RESULT: {"script":"<script> [1562 bytes]","args":[{"selector":{"controlType":"sap.m.Link","viewName":"reusables.view.ISC.Orders.Detail","viewId":"application-iscorders-display-component---displayOrder","bindingPath":{"propertyPath":"RESOURCE_UNIT","modelName":"catalogModel"}},"wdio_ui5_key":"reusablesview.ISC.Orders.Detailsap.m.Link{\"propertyPath\":\"RESOURCE_UNIT\",\"modelName\":\"catalogModel\"}"}]}
RESULT: undefined
COMMAND: POST /session/70abb95a660dd479009da93bb1b55d7a/element - {"using":"xpath","value":"//*[@id=\"__link35\"]"}
RESULT: {"using":"xpath","value":"//*[@id=\"__link35\"]"}
COMMAND: POST /session/70abb95a660dd479009da93bb1b55d7a/element/f.061601F0E40DF4D45C0BDBB2A51B5316.d.5481742E34D05D94D36B9760238D1CE7.e.4543/click - {}
RESULT: {}
COMMAND: GET /session/70abb95a660dd479009da93bb1b55d7a/screenshot - {}
RESULT: {}
COMMAND: POST /session/70abb95a660dd479009da93bb1b55d7a/execute/async - {"script":"<script> [1562 bytes]","args":[{"selector":{"controlType":"sap.m.Link","viewName":"reusables.view.ISC.Orders.Detail","viewId":"application-iscorders-display-component---displayOrder","properties":{"text":"RU Overview"},"searchOpenDialogs":true},"wdio_ui5_key":"reusablesview.ISC.Orders.Detailsap.m.Link{\"text\":\"RU Overview\"}"}]}
RESULT: {"script":"<script> [1562 bytes]","args":[{"selector":{"controlType":"sap.m.Link","viewName":"reusables.view.ISC.Orders.Detail","viewId":"application-iscorders-display-component---displayOrder","properties":{"text":"RU Overview"},"searchOpenDialogs":true},"wdio_ui5_key":"reusablesview.ISC.Orders.Detailsap.m.Link{\"text\":\"RU Overview\"}"}]}
RESULT: undefined
COMMAND: POST /session/70abb95a660dd479009da93bb1b55d7a/element - {"using":"xpath","value":"//*[@id=\"__link46\"]"}
RESULT: {"using":"xpath","value":"//*[@id=\"__link46\"]"}
COMMAND: POST /session/70abb95a660dd479009da93bb1b55d7a/element/f.061601F0E40DF4D45C0BDBB2A51B5316.d.5481742E34D05D94D36B9760238D1CE7.e.4546/click - {}
RESULT: {}
COMMAND: GET /session/70abb95a660dd479009da93bb1b55d7a/screenshot - {}
RESULT: {}
COMMAND: POST /session/70abb95a660dd479009da93bb1b55d7a/execute/async - {"script":"<script> [1562 bytes]","args":[{"selector":{"controlType":"sap.ui.core.Icon","viewName":"etm.portal.ui.manageresources.view.Detail","viewId":"application-manageresources-display-component---detailRU","properties":{"src":{"regex":{"source":"slim\\-arrow\\-down"}}}},"wdio_ui5_key":"etmportal.ui.manageresources.view.Detailsap.ui.core.Icon{\"src\":{\"regex\":{\"source\":\"slim\\\\-arrow\\\\-down\"}}}"}]}
RESULT: {"script":"<script> [1562 bytes]","args":[{"selector":{"controlType":"sap.ui.core.Icon","viewName":"etm.portal.ui.manageresources.view.Detail","viewId":"application-manageresources-display-component---detailRU","properties":{"src":{"regex":{"source":"slim\\-arrow\\-down"}}}},"wdio_ui5_key":"etmportal.ui.manageresources.view.Detailsap.ui.core.Icon{\"src\":{\"regex\":{\"source\":\"slim\\\\-arrow\\\\-down\"}}}"}]}
RESULT: undefined
COMMAND: POST /session/70abb95a660dd479009da93bb1b55d7a/element - {"using":"xpath","value":"//*[@id=\"__title57-expandBtn-img\"]"}
RESULT: {"using":"xpath","value":"//*[@id=\"__title57-expandBtn-img\"]"}
COMMAND: POST /session/70abb95a660dd479009da93bb1b55d7a/element/f.061601F0E40DF4D45C0BDBB2A51B5316.d.5481742E34D05D94D36B9760238D1CE7.e.4774/click - {}
RESULT: {}
COMMAND: POST /session/70abb95a660dd479009da93bb1b55d7a/execute/async - {"script":"<script> [1562 bytes]","args":[{"selector":{"controlType":"sap.m.GenericTag","viewName":"etm.portal.ui.manageresources.view.Detail","viewId":"application-manageresources-display-component---detailRU","bindingPath":{"propertyPath":"COMPLIANCE_STATUS","modelName":"catalogModel"}},"wdio_ui5_key":"etmportal.ui.manageresources.view.Detailsap.m.GenericTag{\"propertyPath\":\"COMPLIANCE_STATUS\",\"modelName\":\"catalogModel\"}"}]}
COMMAND: GET /session/70abb95a660dd479009da93bb1b55d7a/screenshot - {}
RESULT: {"script":"<script> [1562 bytes]","args":[{"selector":{"controlType":"sap.m.GenericTag","viewName":"etm.portal.ui.manageresources.view.Detail","viewId":"application-manageresources-display-component---detailRU","bindingPath":{"propertyPath":"COMPLIANCE_STATUS","modelName":"catalogModel"}},"wdio_ui5_key":"etmportal.ui.manageresources.view.Detailsap.m.GenericTag{\"propertyPath\":\"COMPLIANCE_STATUS\",\"modelName\":\"catalogModel\"}"}]}
RESULT: undefined
COMMAND: POST /session/70abb95a660dd479009da93bb1b55d7a/execute/async - {"script":"<script> [6424 bytes]","args":[{"element-6066-11e4-a52e-4f735466cecf":"f.061601F0E40DF4D45C0BDBB2A51B5316.d.5481742E34D05D94D36B9760238D1CE7.e.4789"},"getText",[]]}
RESULT: {}
RESULT: {"script":"<script> [6424 bytes]","args":[{"element-6066-11e4-a52e-4f735466cecf":"f.061601F0E40DF4D45C0BDBB2A51B5316.d.5481742E34D05D94D36B9760238D1CE7.e.4789"},"getText",[]]}
COMMAND: DELETE /session/70abb95a660dd479009da93bb1b55d7a - {}
RESULT: {}
]]></system-out>
    </testcase>
  </testsuite>
</testsuites>