<?xml version="1.0" encoding="UTF-8"?>
<testsuites tests="12" failures="3" errors="3" skipped="0">
  <testsuite timestamp="2025-06-01T16:37:35" time="567.053" tests="5" failures="0" errors="0" skipped="0">
    <properties>
      <property name="specId" value="0"/>
      <property name="suiteName" value="Warehouse movements inventory test"/>
      <property name="capabilities" value="chrome.136_0_7103_93.windows"/>
      <property name="file" value="file:///D:/a/1/s/test/specs/HTR/smoke-warehouse-movements-inventory.js"/>
    </properties>
    <testcase classname="chrome.136_0_7103_93.windows.Warehouse_movements_inventory_test" name="Should create a new WHM yard" time="147.883">
      <system-out><![CDATA[
COMMAND: POST /session/fe9a8744fa5c20f6a144cebd64bbd052/execute/async - {"script":"<script> [1562 bytes]","args":[{"selector":{"controlType":"sap.m.GenericTile","properties":{"header":"Manage Yards"}},"wdio_ui5_key":"sapm.GenericTile{\"header\":\"Manage Yards\"}"}]}
RESULT: {"script":"<script> [1562 bytes]","args":[{"selector":{"controlType":"sap.m.GenericTile","properties":{"header":"Manage Yards"}},"wdio_ui5_key":"sapm.GenericTile{\"header\":\"Manage Yards\"}"}]}
RESULT: undefined
COMMAND: POST /session/fe9a8744fa5c20f6a144cebd64bbd052/element - {"using":"xpath","value":"//*[@id=\"__tile41\"]"}
RESULT: {"using":"xpath","value":"//*[@id=\"__tile41\"]"}
COMMAND: POST /session/fe9a8744fa5c20f6a144cebd64bbd052/element/f.382F18D787DED670B4957F188DDD6852.d.E6AC935AFBC28E739D0F249BF4BFA0DF.e.130/click - {}
RESULT: {}
COMMAND: GET /session/fe9a8744fa5c20f6a144cebd64bbd052/screenshot - {}
RESULT: {}
COMMAND: POST /session/fe9a8744fa5c20f6a144cebd64bbd052/elements - {"using":"xpath","value":"//span[text()='Error']"}
RESULT: {"using":"xpath","value":"//span[text()='Error']"}
COMMAND: POST /session/fe9a8744fa5c20f6a144cebd64bbd052/execute/async - {"script":"<script> [1562 bytes]","args":[{"selector":{"controlType":"sap.ui.core.Icon","viewName":"etm.portal.ui.manageyards.view.Master","viewId":"application-manageyards-display-component---masterYard","properties":{"src":{"regex":{"source":"add"}}}},"wdio_ui5_key":"etmportal.ui.manageyards.view.Mastersap.ui.core.Icon{\"src\":{\"regex\":{\"source\":\"add\"}}}"}]}
RESULT: {"script":"<script> [1562 bytes]","args":[{"selector":{"controlType":"sap.ui.core.Icon","viewName":"etm.portal.ui.manageyards.view.Master","viewId":"application-manageyards-display-component---masterYard","properties":{"src":{"regex":{"source":"add"}}}},"wdio_ui5_key":"etmportal.ui.manageyards.view.Mastersap.ui.core.Icon{\"src\":{\"regex\":{\"source\":\"add\"}}}"}]}
RESULT: undefined
COMMAND: POST /session/fe9a8744fa5c20f6a144cebd64bbd052/element - {"using":"xpath","value":"//*[@id=\"__button4-img\"]"}
RESULT: {"using":"xpath","value":"//*[@id=\"__button4-img\"]"}
COMMAND: POST /session/fe9a8744fa5c20f6a144cebd64bbd052/element/f.382F18D787DED670B4957F188DDD6852.d.E6AC935AFBC28E739D0F249BF4BFA0DF.e.177/click - {}
RESULT: {}
COMMAND: GET /session/fe9a8744fa5c20f6a144cebd64bbd052/screenshot - {}
RESULT: {}
COMMAND: POST /session/fe9a8744fa5c20f6a144cebd64bbd052/execute/async - {"script":"<script> [1562 bytes]","args":[{"selector":{"id":"application-manageyards-display-component---NewYard--yardId","interaction":{"idSuffix":"inner"}},"wdio_ui5_key":"applicationmanageyards-display-component---NewYard--yardId"}]}
RESULT: {"script":"<script> [1562 bytes]","args":[{"selector":{"id":"application-manageyards-display-component---NewYard--yardId","interaction":{"idSuffix":"inner"}},"wdio_ui5_key":"applicationmanageyards-display-component---NewYard--yardId"}]}
RESULT: undefined
COMMAND: POST /session/fe9a8744fa5c20f6a144cebd64bbd052/element - {"using":"xpath","value":"//*[@id=\"application-manageyards-display-component---NewYard--addressDetailDetailsName1-inner\"]"}
RESULT: {"using":"xpath","value":"//*[@id=\"application-manageyards-display-component---NewYard--addressDetailDetailsName1-inner\"]"}
COMMAND: POST /session/fe9a8744fa5c20f6a144cebd64bbd052/element/f.382F18D787DED670B4957F188DDD6852.d.E6AC935AFBC28E739D0F249BF4BFA0DF.e.398/clear - {}
RESULT: {}
COMMAND: POST /session/fe9a8744fa5c20f6a144cebd64bbd052/element/f.382F18D787DED670B4957F188DDD6852.d.E6AC935AFBC28E739D0F249BF4BFA0DF.e.398/value - {"text":"WebdriverWHMYardmkxuj"}
COMMAND: GET /session/fe9a8744fa5c20f6a144cebd64bbd052/screenshot - {}
RESULT: {"text":"WebdriverWHMYardmkxuj"}
COMMAND: POST /session/fe9a8744fa5c20f6a144cebd64bbd052/element - {"using":"xpath","value":"//*[@id=\"application-manageyards-display-component---NewYard--addressDetailDetailsLanguage-inner\"]"}
COMMAND: GET /session/fe9a8744fa5c20f6a144cebd64bbd052/screenshot - {}
RESULT: {}
RESULT: {"using":"xpath","value":"//*[@id=\"application-manageyards-display-component---NewYard--addressDetailDetailsLanguage-inner\"]"}
COMMAND: POST /session/fe9a8744fa5c20f6a144cebd64bbd052/element/f.382F18D787DED670B4957F188DDD6852.d.E6AC935AFBC28E739D0F249BF4BFA0DF.e.399/clear - {}
RESULT: {}
RESULT: {}
COMMAND: POST /session/fe9a8744fa5c20f6a144cebd64bbd052/element/f.382F18D787DED670B4957F188DDD6852.d.E6AC935AFBC28E739D0F249BF4BFA0DF.e.399/value - {"text":"Romanian"}
COMMAND: GET /session/fe9a8744fa5c20f6a144cebd64bbd052/screenshot - {}
RESULT: {"text":"Romanian"}
COMMAND: POST /session/fe9a8744fa5c20f6a144cebd64bbd052/element - {"using":"xpath","value":"//input[contains(@id ,\"application-manageyards-display-component---NewYard--addressDetailDetailsName1-inner\")]"}
COMMAND: GET /session/fe9a8744fa5c20f6a144cebd64bbd052/screenshot - {}
RESULT: {}
RESULT: {"using":"xpath","value":"//input[contains(@id ,\"application-manageyards-display-component---NewYard--addressDetailDetailsName1-inner\")]"}
COMMAND: GET /session/fe9a8744fa5c20f6a144cebd64bbd052/element/f.382F18D787DED670B4957F188DDD6852.d.E6AC935AFBC28E739D0F249BF4BFA0DF.e.398/property/value - {}
RESULT: {}
RESULT: {}
COMMAND: GET /session/fe9a8744fa5c20f6a144cebd64bbd052/screenshot - {}
RESULT: {}
COMMAND: POST /session/fe9a8744fa5c20f6a144cebd64bbd052/element - {"using":"xpath","value":"//*[@id=\"application-manageyards-display-component---NewYard--addressDetailDetailsCity1-inner\"]"}
RESULT: {"using":"xpath","value":"//*[@id=\"application-manageyards-display-component---NewYard--addressDetailDetailsCity1-inner\"]"}
COMMAND: POST /session/fe9a8744fa5c20f6a144cebd64bbd052/element/f.382F18D787DED670B4957F188DDD6852.d.E6AC935AFBC28E739D0F249BF4BFA0DF.e.401/clear - {}
RESULT: {}
COMMAND: POST /session/fe9a8744fa5c20f6a144cebd64bbd052/element/f.382F18D787DED670B4957F188DDD6852.d.E6AC935AFBC28E739D0F249BF4BFA0DF.e.401/value - {"text":"Bucuresti"}
COMMAND: GET /session/fe9a8744fa5c20f6a144cebd64bbd052/screenshot - {}
RESULT: {"text":"Bucuresti"}
COMMAND: GET /session/fe9a8744fa5c20f6a144cebd64bbd052/screenshot - {}
RESULT: {}
RESULT: {}
COMMAND: POST /session/fe9a8744fa5c20f6a144cebd64bbd052/element - {"using":"xpath","value":"//*[@id=\"application-manageyards-display-component---NewYard--addressDetailDetailsCountry-inner\"]"}
RESULT: {"using":"xpath","value":"//*[@id=\"application-manageyards-display-component---NewYard--addressDetailDetailsCountry-inner\"]"}
COMMAND: POST /session/fe9a8744fa5c20f6a144cebd64bbd052/element/f.382F18D787DED670B4957F188DDD6852.d.E6AC935AFBC28E739D0F249BF4BFA0DF.e.405/clear - {}
RESULT: {}
COMMAND: POST /session/fe9a8744fa5c20f6a144cebd64bbd052/element/f.382F18D787DED670B4957F188DDD6852.d.E6AC935AFBC28E739D0F249BF4BFA0DF.e.405/value - {"text":"Romania"}
COMMAND: GET /session/fe9a8744fa5c20f6a144cebd64bbd052/screenshot - {}
RESULT: {"text":"Romania"}
COMMAND: GET /session/fe9a8744fa5c20f6a144cebd64bbd052/screenshot - {}
RESULT: {}
RESULT: {}
COMMAND: POST /session/fe9a8744fa5c20f6a144cebd64bbd052/execute/async - {"script":"<script> [1562 bytes]","args":[{"selector":{"controlType":"sap.m.Button","viewName":"etm.portal.ui.manageyards.view.New","viewId":"application-manageyards-display-component---NewYard","properties":{"text":"Commercial"},"interaction":{"idSuffix":"BDI-content"}},"wdio_ui5_key":"etmportal.ui.manageyards.view.Newsap.m.Button{\"text\":\"Commercial\"}"}]}
RESULT: {"script":"<script> [1562 bytes]","args":[{"selector":{"controlType":"sap.m.Button","viewName":"etm.portal.ui.manageyards.view.New","viewId":"application-manageyards-display-component---NewYard","properties":{"text":"Commercial"},"interaction":{"idSuffix":"BDI-content"}},"wdio_ui5_key":"etmportal.ui.manageyards.view.Newsap.m.Button{\"text\":\"Commercial\"}"}]}
RESULT: undefined
COMMAND: POST /session/fe9a8744fa5c20f6a144cebd64bbd052/element - {"using":"xpath","value":"//*[@id=\"application-manageyards-display-component---NewYard--ObjectPageLayout-anchBar-__section5-anchor\"]"}
RESULT: {"using":"xpath","value":"//*[@id=\"application-manageyards-display-component---NewYard--ObjectPageLayout-anchBar-__section5-anchor\"]"}
COMMAND: POST /session/fe9a8744fa5c20f6a144cebd64bbd052/element/f.382F18D787DED670B4957F188DDD6852.d.E6AC935AFBC28E739D0F249BF4BFA0DF.e.578/click - {}
RESULT: {}
COMMAND: GET /session/fe9a8744fa5c20f6a144cebd64bbd052/screenshot - {}
RESULT: {}
COMMAND: POST /session/fe9a8744fa5c20f6a144cebd64bbd052/element - {"using":"xpath","value":"//div[contains(text(), \"Commercial\")]"}
RESULT: {"using":"xpath","value":"//div[contains(text(), \"Commercial\")]"}
COMMAND: GET /session/fe9a8744fa5c20f6a144cebd64bbd052/element/f.382F18D787DED670B4957F188DDD6852.d.E6AC935AFBC28E739D0F249BF4BFA0DF.e.587/rect - {}
RESULT: {}
COMMAND: GET /session/fe9a8744fa5c20f6a144cebd64bbd052/window/rect - {}
RESULT: {}
COMMAND: POST /session/fe9a8744fa5c20f6a144cebd64bbd052/execute/sync - {"script":"<script> [92 bytes]","args":[]}
RESULT: {"script":"<script> [92 bytes]","args":[]}
COMMAND: POST /session/fe9a8744fa5c20f6a144cebd64bbd052/actions - {"actions":[{"id":"action1","type":"wheel","parameters":{},"actions":[{"type":"scroll","x":-1841,"y":-44,"deltaX":0,"deltaY":0,"duration":0,"origin":{"element-6066-11e4-a52e-4f735466cecf":"f.382F18D787DED670B4957F188DDD6852.d.E6AC935AFBC28E739D0F249BF4BFA0DF.e.587"}}]}]}
COMMAND: GET /session/fe9a8744fa5c20f6a144cebd64bbd052/screenshot - {}
RESULT: {}
COMMAND: POST /session/fe9a8744fa5c20f6a144cebd64bbd052/execute/sync - {"script":"<script> [79 bytes]","args":[{"element-6066-11e4-a52e-4f735466cecf":"f.382F18D787DED670B4957F188DDD6852.d.E6AC935AFBC28E739D0F249BF4BFA0DF.e.587","ELEMENT":"f.382F18D787DED670B4957F188DDD6852.d.E6AC935AFBC28E739D0F249BF4BFA0DF.e.587"},{"block":"start","inline":"nearest"}]}
RESULT: {"script":"<script> [79 bytes]","args":[{"element-6066-11e4-a52e-4f735466cecf":"f.382F18D787DED670B4957F188DDD6852.d.E6AC935AFBC28E739D0F249BF4BFA0DF.e.587","ELEMENT":"f.382F18D787DED670B4957F188DDD6852.d.E6AC935AFBC28E739D0F249BF4BFA0DF.e.587"},{"block":"start","inline":"nearest"}]}
COMMAND: GET /session/fe9a8744fa5c20f6a144cebd64bbd052/screenshot - {}
RESULT: {}
COMMAND: POST /session/fe9a8744fa5c20f6a144cebd64bbd052/execute/async - {"script":"<script> [1562 bytes]","args":[{"selector":{"id":"application-manageyards-display-component---NewYard--addressEditDetailsCostObjectCstType-arrow"},"wdio_ui5_key":"applicationmanageyards-display-component---NewYard--addressEditDetailsCostObjectCstType-arrow"}]}
RESULT: {"script":"<script> [1562 bytes]","args":[{"selector":{"id":"application-manageyards-display-component---NewYard--addressEditDetailsCostObjectCstType-arrow"},"wdio_ui5_key":"applicationmanageyards-display-component---NewYard--addressEditDetailsCostObjectCstType-arrow"}]}
RESULT: undefined
COMMAND: POST /session/fe9a8744fa5c20f6a144cebd64bbd052/element - {"using":"xpath","value":"//*[@id=\"application-manageyards-display-component---NewYard--addressEditDetailsCostObjectCstType-arrow\"]"}
RESULT: {"using":"xpath","value":"//*[@id=\"application-manageyards-display-component---NewYard--addressEditDetailsCostObjectCstType-arrow\"]"}
COMMAND: POST /session/fe9a8744fa5c20f6a144cebd64bbd052/element/f.382F18D787DED670B4957F188DDD6852.d.E6AC935AFBC28E739D0F249BF4BFA0DF.e.588/click - {}
RESULT: {}
COMMAND: POST /session/fe9a8744fa5c20f6a144cebd64bbd052/element - {"using":"xpath","value":"//span[contains(text(), \"Cost Center\")]"}
COMMAND: GET /session/fe9a8744fa5c20f6a144cebd64bbd052/screenshot - {}
RESULT: {"using":"xpath","value":"//span[contains(text(), \"Cost Center\")]"}
COMMAND: POST /session/fe9a8744fa5c20f6a144cebd64bbd052/element/f.382F18D787DED670B4957F188DDD6852.d.E6AC935AFBC28E739D0F249BF4BFA0DF.e.589/click - {}
RESULT: {}
RESULT: {}
COMMAND: GET /session/fe9a8744fa5c20f6a144cebd64bbd052/screenshot - {}
RESULT: {}
COMMAND: POST /session/fe9a8744fa5c20f6a144cebd64bbd052/execute/async - {"script":"<script> [1562 bytes]","args":[{"selector":{"id":"application-manageyards-display-component---NewYard--addressNewCostObjectCstID-vhi"},"wdio_ui5_key":"applicationmanageyards-display-component---NewYard--addressNewCostObjectCstID-vhi"}]}
RESULT: {"script":"<script> [1562 bytes]","args":[{"selector":{"id":"application-manageyards-display-component---NewYard--addressNewCostObjectCstID-vhi"},"wdio_ui5_key":"applicationmanageyards-display-component---NewYard--addressNewCostObjectCstID-vhi"}]}
RESULT: undefined
COMMAND: POST /session/fe9a8744fa5c20f6a144cebd64bbd052/element - {"using":"xpath","value":"//*[@id=\"application-manageyards-display-component---NewYard--addressNewCostObjectCstID-vhi\"]"}
RESULT: {"using":"xpath","value":"//*[@id=\"application-manageyards-display-component---NewYard--addressNewCostObjectCstID-vhi\"]"}
COMMAND: POST /session/fe9a8744fa5c20f6a144cebd64bbd052/element/f.382F18D787DED670B4957F188DDD6852.d.E6AC935AFBC28E739D0F249BF4BFA0DF.e.593/click - {}
RESULT: {}
COMMAND: GET /session/fe9a8744fa5c20f6a144cebd64bbd052/screenshot - {}
RESULT: {}
COMMAND: POST /session/fe9a8744fa5c20f6a144cebd64bbd052/execute/async - {"script":"<script> [1562 bytes]","args":[{"selector":{"controlType":"sap.m.SearchField","properties":{"placeholder":"Search"},"searchOpenDialogs":true,"interaction":{"idSuffix":"I"}},"wdio_ui5_key":"sapm.SearchField{\"placeholder\":\"Search\"}"}]}
RESULT: {"script":"<script> [1562 bytes]","args":[{"selector":{"controlType":"sap.m.SearchField","properties":{"placeholder":"Search"},"searchOpenDialogs":true,"interaction":{"idSuffix":"I"}},"wdio_ui5_key":"sapm.SearchField{\"placeholder\":\"Search\"}"}]}
RESULT: undefined
COMMAND: POST /session/fe9a8744fa5c20f6a144cebd64bbd052/execute/async - {"script":"<script> [776 bytes]","args":[{"enterText":"10001013","selector":{"controlType":"sap.m.SearchField","properties":{"placeholder":"Search"},"searchOpenDialogs":true,"interaction":{"idSuffix":"I"}},"clearTextFirst":true,"interactionType":"ENTER_TEXT"}]}
RESULT: {"script":"<script> [776 bytes]","args":[{"enterText":"10001013","selector":{"controlType":"sap.m.SearchField","properties":{"placeholder":"Search"},"searchOpenDialogs":true,"interaction":{"idSuffix":"I"}},"clearTextFirst":true,"interactionType":"ENTER_TEXT"}]}
COMMAND: POST /session/fe9a8744fa5c20f6a144cebd64bbd052/actions - {"actions":[{"id":"action2","type":"key","parameters":{},"actions":[{"type":"keyDown","value":""},{"type":"pause","duration":10},{"type":"keyUp","value":""}]}]}
RESULT: {"actions":[{"id":"action2","type":"key","parameters":{},"actions":[{"type":"keyDown","value":""},{"type":"pause","duration":10},{"type":"keyUp","value":""}]}]}
COMMAND: GET /session/fe9a8744fa5c20f6a144cebd64bbd052/screenshot - {}
RESULT: {}
COMMAND: POST /session/fe9a8744fa5c20f6a144cebd64bbd052/element - {"using":"xpath","value":"//span[contains(text(), \"General Management\")]"}
RESULT: {"using":"xpath","value":"//span[contains(text(), \"General Management\")]"}
COMMAND: POST /session/fe9a8744fa5c20f6a144cebd64bbd052/element/f.382F18D787DED670B4957F188DDD6852.d.E6AC935AFBC28E739D0F249BF4BFA0DF.e.634/click - {}
RESULT: {}
COMMAND: GET /session/fe9a8744fa5c20f6a144cebd64bbd052/screenshot - {}
RESULT: {}
COMMAND: POST /session/fe9a8744fa5c20f6a144cebd64bbd052/element - {"using":"xpath","value":"//bdi[contains(text(), \"OK\")]"}
RESULT: {"using":"xpath","value":"//bdi[contains(text(), \"OK\")]"}
COMMAND: POST /session/fe9a8744fa5c20f6a144cebd64bbd052/element/f.382F18D787DED670B4957F188DDD6852.d.E6AC935AFBC28E739D0F249BF4BFA0DF.e.635/click - {}
RESULT: {}
COMMAND: GET /session/fe9a8744fa5c20f6a144cebd64bbd052/screenshot - {}
RESULT: {}
COMMAND: POST /session/fe9a8744fa5c20f6a144cebd64bbd052/execute/async - {"script":"<script> [1562 bytes]","args":[{"selector":{"id":"application-manageyards-display-component---NewYard--addressEditDetailsCurrency","interaction":{"idSuffix":"inner"}},"wdio_ui5_key":"applicationmanageyards-display-component---NewYard--addressEditDetailsCurrency"}]}
RESULT: {"script":"<script> [1562 bytes]","args":[{"selector":{"id":"application-manageyards-display-component---NewYard--addressEditDetailsCurrency","interaction":{"idSuffix":"inner"}},"wdio_ui5_key":"applicationmanageyards-display-component---NewYard--addressEditDetailsCurrency"}]}
RESULT: undefined
COMMAND: POST /session/fe9a8744fa5c20f6a144cebd64bbd052/execute/async - {"script":"<script> [776 bytes]","args":[{"enterText":"Euro","selector":{"id":"application-manageyards-display-component---NewYard--addressEditDetailsCurrency","interaction":{"idSuffix":"inner"}},"clearTextFirst":true,"interactionType":"ENTER_TEXT"}]}
RESULT: {"script":"<script> [776 bytes]","args":[{"enterText":"Euro","selector":{"id":"application-manageyards-display-component---NewYard--addressEditDetailsCurrency","interaction":{"idSuffix":"inner"}},"clearTextFirst":true,"interactionType":"ENTER_TEXT"}]}
COMMAND: POST /session/fe9a8744fa5c20f6a144cebd64bbd052/execute/async - {"script":"<script> [1562 bytes]","args":[{"selector":{"controlType":"sap.m.Input","viewName":"etm.portal.ui.manageyards.view.New","viewId":"application-manageyards-display-component---NewYard","bindingPath":{"path":"","propertyPath":"/CONTROLLING_AREA","modelName":"NewYardModel"},"interaction":{"idSuffix":"inner"}},"wdio_ui5_key":"etmportal.ui.manageyards.view.Newsap.m.Input{\"path\":\"\",\"propertyPath\":\"/CONTROLLING_AREA\",\"modelName\":\"NewYardModel\"}"}]}
RESULT: {"script":"<script> [1562 bytes]","args":[{"selector":{"controlType":"sap.m.Input","viewName":"etm.portal.ui.manageyards.view.New","viewId":"application-manageyards-display-component---NewYard","bindingPath":{"path":"","propertyPath":"/CONTROLLING_AREA","modelName":"NewYardModel"},"interaction":{"idSuffix":"inner"}},"wdio_ui5_key":"etmportal.ui.manageyards.view.Newsap.m.Input{\"path\":\"\",\"propertyPath\":\"/CONTROLLING_AREA\",\"modelName\":\"NewYardModel\"}"}]}
RESULT: undefined
COMMAND: POST /session/fe9a8744fa5c20f6a144cebd64bbd052/execute/async - {"script":"<script> [776 bytes]","args":[{"enterText":"Z001","selector":{"controlType":"sap.m.Input","viewName":"etm.portal.ui.manageyards.view.New","viewId":"application-manageyards-display-component---NewYard","bindingPath":{"path":"","propertyPath":"/CONTROLLING_AREA","modelName":"NewYardModel"},"interaction":{"idSuffix":"inner"}},"clearTextFirst":true,"interactionType":"ENTER_TEXT"}]}
RESULT: {"script":"<script> [776 bytes]","args":[{"enterText":"Z001","selector":{"controlType":"sap.m.Input","viewName":"etm.portal.ui.manageyards.view.New","viewId":"application-manageyards-display-component---NewYard","bindingPath":{"path":"","propertyPath":"/CONTROLLING_AREA","modelName":"NewYardModel"},"interaction":{"idSuffix":"inner"}},"clearTextFirst":true,"interactionType":"ENTER_TEXT"}]}
COMMAND: POST /session/fe9a8744fa5c20f6a144cebd64bbd052/execute/async - {"script":"<script> [1562 bytes]","args":[{"selector":{"id":"application-manageyards-display-component---NewYard--companyCodeComboBox","interaction":{"idSuffix":"inner"}},"wdio_ui5_key":"applicationmanageyards-display-component---NewYard--companyCodeComboBox"}]}
RESULT: {"script":"<script> [1562 bytes]","args":[{"selector":{"id":"application-manageyards-display-component---NewYard--companyCodeComboBox","interaction":{"idSuffix":"inner"}},"wdio_ui5_key":"applicationmanageyards-display-component---NewYard--companyCodeComboBox"}]}
RESULT: undefined
COMMAND: POST /session/fe9a8744fa5c20f6a144cebd64bbd052/execute/async - {"script":"<script> [776 bytes]","args":[{"enterText":"1000","selector":{"id":"application-manageyards-display-component---NewYard--companyCodeComboBox","interaction":{"idSuffix":"inner"}},"clearTextFirst":true,"interactionType":"ENTER_TEXT"}]}
RESULT: {"script":"<script> [776 bytes]","args":[{"enterText":"1000","selector":{"id":"application-manageyards-display-component---NewYard--companyCodeComboBox","interaction":{"idSuffix":"inner"}},"clearTextFirst":true,"interactionType":"ENTER_TEXT"}]}
COMMAND: POST /session/fe9a8744fa5c20f6a144cebd64bbd052/actions - {"actions":[{"id":"action3","type":"key","parameters":{},"actions":[{"type":"keyDown","value":""},{"type":"pause","duration":10},{"type":"keyUp","value":""}]}]}
RESULT: {"actions":[{"id":"action3","type":"key","parameters":{},"actions":[{"type":"keyDown","value":""},{"type":"pause","duration":10},{"type":"keyUp","value":""}]}]}
COMMAND: POST /session/fe9a8744fa5c20f6a144cebd64bbd052/execute/async - {"script":"<script> [1562 bytes]","args":[{"selector":{"controlType":"sap.m.Input","viewName":"etm.portal.ui.manageyards.view.New","viewId":"application-manageyards-display-component---NewYard","bindingPath":{"path":"","propertyPath":"/PLANT","modelName":"NewYardModel"},"interaction":{"idSuffix":"inner"}},"wdio_ui5_key":"etmportal.ui.manageyards.view.Newsap.m.Input{\"path\":\"\",\"propertyPath\":\"/PLANT\",\"modelName\":\"NewYardModel\"}"}]}
COMMAND: GET /session/fe9a8744fa5c20f6a144cebd64bbd052/screenshot - {}
RESULT: {"script":"<script> [1562 bytes]","args":[{"selector":{"controlType":"sap.m.Input","viewName":"etm.portal.ui.manageyards.view.New","viewId":"application-manageyards-display-component---NewYard","bindingPath":{"path":"","propertyPath":"/PLANT","modelName":"NewYardModel"},"interaction":{"idSuffix":"inner"}},"wdio_ui5_key":"etmportal.ui.manageyards.view.Newsap.m.Input{\"path\":\"\",\"propertyPath\":\"/PLANT\",\"modelName\":\"NewYardModel\"}"}]}
RESULT: undefined
COMMAND: POST /session/fe9a8744fa5c20f6a144cebd64bbd052/execute/async - {"script":"<script> [776 bytes]","args":[{"enterText":"1001","selector":{"controlType":"sap.m.Input","viewName":"etm.portal.ui.manageyards.view.New","viewId":"application-manageyards-display-component---NewYard","bindingPath":{"path":"","propertyPath":"/PLANT","modelName":"NewYardModel"},"interaction":{"idSuffix":"inner"}},"clearTextFirst":true,"interactionType":"ENTER_TEXT"}]}
RESULT: {}
RESULT: {"script":"<script> [776 bytes]","args":[{"enterText":"1001","selector":{"controlType":"sap.m.Input","viewName":"etm.portal.ui.manageyards.view.New","viewId":"application-manageyards-display-component---NewYard","bindingPath":{"path":"","propertyPath":"/PLANT","modelName":"NewYardModel"},"interaction":{"idSuffix":"inner"}},"clearTextFirst":true,"interactionType":"ENTER_TEXT"}]}
COMMAND: POST /session/fe9a8744fa5c20f6a144cebd64bbd052/execute/async - {"script":"<script> [1562 bytes]","args":[{"selector":{"controlType":"sap.m.Input","viewName":"etm.portal.ui.manageyards.view.New","viewId":"application-manageyards-display-component---NewYard","bindingPath":{"path":"","propertyPath":"/SALES_AREA_VKORG","modelName":"NewYardModel"},"interaction":{"idSuffix":"inner"}},"wdio_ui5_key":"etmportal.ui.manageyards.view.Newsap.m.Input{\"path\":\"\",\"propertyPath\":\"/SALES_AREA_VKORG\",\"modelName\":\"NewYardModel\"}"}]}
RESULT: {"script":"<script> [1562 bytes]","args":[{"selector":{"controlType":"sap.m.Input","viewName":"etm.portal.ui.manageyards.view.New","viewId":"application-manageyards-display-component---NewYard","bindingPath":{"path":"","propertyPath":"/SALES_AREA_VKORG","modelName":"NewYardModel"},"interaction":{"idSuffix":"inner"}},"wdio_ui5_key":"etmportal.ui.manageyards.view.Newsap.m.Input{\"path\":\"\",\"propertyPath\":\"/SALES_AREA_VKORG\",\"modelName\":\"NewYardModel\"}"}]}
RESULT: undefined
COMMAND: POST /session/fe9a8744fa5c20f6a144cebd64bbd052/execute/async - {"script":"<script> [776 bytes]","args":[{"enterText":"C002","selector":{"controlType":"sap.m.Input","viewName":"etm.portal.ui.manageyards.view.New","viewId":"application-manageyards-display-component---NewYard","bindingPath":{"path":"","propertyPath":"/SALES_AREA_VKORG","modelName":"NewYardModel"},"interaction":{"idSuffix":"inner"}},"clearTextFirst":true,"interactionType":"ENTER_TEXT"}]}
RESULT: {"script":"<script> [776 bytes]","args":[{"enterText":"C002","selector":{"controlType":"sap.m.Input","viewName":"etm.portal.ui.manageyards.view.New","viewId":"application-manageyards-display-component---NewYard","bindingPath":{"path":"","propertyPath":"/SALES_AREA_VKORG","modelName":"NewYardModel"},"interaction":{"idSuffix":"inner"}},"clearTextFirst":true,"interactionType":"ENTER_TEXT"}]}
COMMAND: POST /session/fe9a8744fa5c20f6a144cebd64bbd052/execute/async - {"script":"<script> [1562 bytes]","args":[{"selector":{"controlType":"sap.m.Input","viewName":"etm.portal.ui.manageyards.view.New","viewId":"application-manageyards-display-component---NewYard","bindingPath":{"path":"","propertyPath":"/SALES_AREA_VTWEG","modelName":"NewYardModel"},"interaction":{"idSuffix":"inner"}},"wdio_ui5_key":"etmportal.ui.manageyards.view.Newsap.m.Input{\"path\":\"\",\"propertyPath\":\"/SALES_AREA_VTWEG\",\"modelName\":\"NewYardModel\"}"}]}
RESULT: {"script":"<script> [1562 bytes]","args":[{"selector":{"controlType":"sap.m.Input","viewName":"etm.portal.ui.manageyards.view.New","viewId":"application-manageyards-display-component---NewYard","bindingPath":{"path":"","propertyPath":"/SALES_AREA_VTWEG","modelName":"NewYardModel"},"interaction":{"idSuffix":"inner"}},"wdio_ui5_key":"etmportal.ui.manageyards.view.Newsap.m.Input{\"path\":\"\",\"propertyPath\":\"/SALES_AREA_VTWEG\",\"modelName\":\"NewYardModel\"}"}]}
RESULT: undefined
COMMAND: POST /session/fe9a8744fa5c20f6a144cebd64bbd052/execute/async - {"script":"<script> [776 bytes]","args":[{"enterText":"C2","selector":{"controlType":"sap.m.Input","viewName":"etm.portal.ui.manageyards.view.New","viewId":"application-manageyards-display-component---NewYard","bindingPath":{"path":"","propertyPath":"/SALES_AREA_VTWEG","modelName":"NewYardModel"},"interaction":{"idSuffix":"inner"}},"clearTextFirst":true,"interactionType":"ENTER_TEXT"}]}
RESULT: {"script":"<script> [776 bytes]","args":[{"enterText":"C2","selector":{"controlType":"sap.m.Input","viewName":"etm.portal.ui.manageyards.view.New","viewId":"application-manageyards-display-component---NewYard","bindingPath":{"path":"","propertyPath":"/SALES_AREA_VTWEG","modelName":"NewYardModel"},"interaction":{"idSuffix":"inner"}},"clearTextFirst":true,"interactionType":"ENTER_TEXT"}]}
COMMAND: POST /session/fe9a8744fa5c20f6a144cebd64bbd052/execute/async - {"script":"<script> [1562 bytes]","args":[{"selector":{"controlType":"sap.m.Input","viewName":"etm.portal.ui.manageyards.view.New","viewId":"application-manageyards-display-component---NewYard","bindingPath":{"path":"","propertyPath":"/SALES_AREA_SPART","modelName":"NewYardModel"},"interaction":{"idSuffix":"inner"}},"wdio_ui5_key":"etmportal.ui.manageyards.view.Newsap.m.Input{\"path\":\"\",\"propertyPath\":\"/SALES_AREA_SPART\",\"modelName\":\"NewYardModel\"}"}]}
RESULT: {"script":"<script> [1562 bytes]","args":[{"selector":{"controlType":"sap.m.Input","viewName":"etm.portal.ui.manageyards.view.New","viewId":"application-manageyards-display-component---NewYard","bindingPath":{"path":"","propertyPath":"/SALES_AREA_SPART","modelName":"NewYardModel"},"interaction":{"idSuffix":"inner"}},"wdio_ui5_key":"etmportal.ui.manageyards.view.Newsap.m.Input{\"path\":\"\",\"propertyPath\":\"/SALES_AREA_SPART\",\"modelName\":\"NewYardModel\"}"}]}
RESULT: undefined
COMMAND: POST /session/fe9a8744fa5c20f6a144cebd64bbd052/execute/async - {"script":"<script> [776 bytes]","args":[{"enterText":"C2","selector":{"controlType":"sap.m.Input","viewName":"etm.portal.ui.manageyards.view.New","viewId":"application-manageyards-display-component---NewYard","bindingPath":{"path":"","propertyPath":"/SALES_AREA_SPART","modelName":"NewYardModel"},"interaction":{"idSuffix":"inner"}},"clearTextFirst":true,"interactionType":"ENTER_TEXT"}]}
RESULT: {"script":"<script> [776 bytes]","args":[{"enterText":"C2","selector":{"controlType":"sap.m.Input","viewName":"etm.portal.ui.manageyards.view.New","viewId":"application-manageyards-display-component---NewYard","bindingPath":{"path":"","propertyPath":"/SALES_AREA_SPART","modelName":"NewYardModel"},"interaction":{"idSuffix":"inner"}},"clearTextFirst":true,"interactionType":"ENTER_TEXT"}]}
COMMAND: POST /session/fe9a8744fa5c20f6a144cebd64bbd052/execute/async - {"script":"<script> [1562 bytes]","args":[{"selector":{"id":"application-manageyards-display-component---NewYard--whmCheckBox","interaction":{"idSuffix":"CbBg"}},"wdio_ui5_key":"applicationmanageyards-display-component---NewYard--whmCheckBox"}]}
RESULT: {"script":"<script> [1562 bytes]","args":[{"selector":{"id":"application-manageyards-display-component---NewYard--whmCheckBox","interaction":{"idSuffix":"CbBg"}},"wdio_ui5_key":"applicationmanageyards-display-component---NewYard--whmCheckBox"}]}
RESULT: undefined
COMMAND: POST /session/fe9a8744fa5c20f6a144cebd64bbd052/element - {"using":"xpath","value":"//*[@id=\"application-manageyards-display-component---NewYard--whmCheckBox\"]"}
RESULT: {"using":"xpath","value":"//*[@id=\"application-manageyards-display-component---NewYard--whmCheckBox\"]"}
COMMAND: POST /session/fe9a8744fa5c20f6a144cebd64bbd052/element/f.382F18D787DED670B4957F188DDD6852.d.E6AC935AFBC28E739D0F249BF4BFA0DF.e.646/click - {}
RESULT: {}
COMMAND: POST /session/fe9a8744fa5c20f6a144cebd64bbd052/execute/async - {"script":"<script> [1562 bytes]","args":[{"selector":{"controlType":"sap.m.Button","viewName":"etm.portal.ui.manageyards.view.New","viewId":"application-manageyards-display-component---NewYard","i18NText":{"propertyName":"text","key":"save"},"interaction":{"idSuffix":"inner"}},"wdio_ui5_key":"etmportal.ui.manageyards.view.Newsap.m.Button{\"propertyName\":\"text\",\"key\":\"save\"}"}]}
COMMAND: GET /session/fe9a8744fa5c20f6a144cebd64bbd052/screenshot - {}
RESULT: {"script":"<script> [1562 bytes]","args":[{"selector":{"controlType":"sap.m.Button","viewName":"etm.portal.ui.manageyards.view.New","viewId":"application-manageyards-display-component---NewYard","i18NText":{"propertyName":"text","key":"save"},"interaction":{"idSuffix":"inner"}},"wdio_ui5_key":"etmportal.ui.manageyards.view.Newsap.m.Button{\"propertyName\":\"text\",\"key\":\"save\"}"}]}
RESULT: undefined
COMMAND: POST /session/fe9a8744fa5c20f6a144cebd64bbd052/element - {"using":"xpath","value":"//*[@id=\"__button18\"]"}
RESULT: {}
RESULT: {"using":"xpath","value":"//*[@id=\"__button18\"]"}
COMMAND: POST /session/fe9a8744fa5c20f6a144cebd64bbd052/element/f.382F18D787DED670B4957F188DDD6852.d.E6AC935AFBC28E739D0F249BF4BFA0DF.e.565/click - {}
RESULT: {}
COMMAND: GET /session/fe9a8744fa5c20f6a144cebd64bbd052/screenshot - {}
RESULT: {}
COMMAND: POST /session/fe9a8744fa5c20f6a144cebd64bbd052/element - {"using":"css selector","value":"#shell-header-logo"}
RESULT: {"using":"css selector","value":"#shell-header-logo"}
COMMAND: POST /session/fe9a8744fa5c20f6a144cebd64bbd052/element/f.382F18D787DED670B4957F188DDD6852.d.E6AC935AFBC28E739D0F249BF4BFA0DF.e.133/click - {}
RESULT: {}
COMMAND: GET /session/fe9a8744fa5c20f6a144cebd64bbd052/screenshot - {}
RESULT: {}
COMMAND: POST /session/fe9a8744fa5c20f6a144cebd64bbd052/refresh - {}
RESULT: {}
COMMAND: GET /session/fe9a8744fa5c20f6a144cebd64bbd052/screenshot - {}
RESULT: {}
COMMAND: POST /session/fe9a8744fa5c20f6a144cebd64bbd052/execute/async - {"script":"<script> [189 bytes]","args":[]}
RESULT: {"script":"<script> [189 bytes]","args":[]}
COMMAND: POST /session/fe9a8744fa5c20f6a144cebd64bbd052/execute/async - {"script":"<script> [123 bytes]","args":[]}
RESULT: {"script":"<script> [123 bytes]","args":[]}
COMMAND: POST /session/fe9a8744fa5c20f6a144cebd64bbd052/timeouts - {"script":"<number>"}
RESULT: {"script":"<number>"}
COMMAND: GET /session/fe9a8744fa5c20f6a144cebd64bbd052/timeouts - {}
RESULT: {}
RESULT: undefined
COMMAND: POST /session/fe9a8744fa5c20f6a144cebd64bbd052/execute/async - {"script":"<script> [2676 bytes]","args":[]}
RESULT: {"script":"<script> [2676 bytes]","args":[]}
COMMAND: POST /session/fe9a8744fa5c20f6a144cebd64bbd052/execute/async - {"script":"<script> [2342 bytes]","args":[{"protocol":"http","hostname":"0.0.0.0","path":"/","capabilities":{"browserName":"chrome","goog:chromeOptions":{"binary":"C:\\Program Files\\Google\\Chrome\\Application\\chrome.exe","args":["--start-maximized"]}},"logLevel":"warn","connectionRetryTimeout":120000,"connectionRetryCount":3,"logLevels":{},"enableDirectConnect":true,"strictSSL":true,"_":"65 more keys: [\"cacheDir\",\"port\",\"requestedCapabilities\",\"automationProtocol\",\"baseUrl\",\"waitforInterval\",\"waitforTimeout\",\"onReload\",\"beforeCommand\",\"afterCommand\",\"rootDir\",\"specs\",\"suites\",\"exclude\",\"groupLogsByTestSpec\",\"excludeDriverLogs\",\"bail\",\"framework\",\"reporters\",\"services\",\"maxInstances\",\"maxInstancesPerCapability\",\"injectGlobals\",\"filesToWatch\",\"execArgv\",\"runnerEnv\",\"runner\",\"shard\",\"specFileRetries\",\"specFileRetriesDelay\",\"specFileRetriesDeferred\",\"reporterSyncInterval\",\"reporterSyncTimeout\",\"cucumberFeaturesWithLineNumbers\",\"autoCompileOpts\",\"mochaOpts\",\"jasmineOpts\",\"cucumberOpts\",\"onPrepare\",\"onWorkerStart\",\"onWorkerEnd\",\"before\",\"beforeSession\",\"beforeSuite\",\"beforeHook\",\"beforeTest\",\"afterTest\",\"afterHook\",\"afterSuite\",\"afterSession\",\"after\",\"onComplete\",\"beforeAssertion\",\"afterAssertion\",\"beforeFeature\",\"beforeScenario\",\"beforeStep\",\"afterStep\",\"afterScenario\",\"afterFeature\",\"_\",\"suite\",\"$0\",\"ignoredWorkerServices\",\"wdi5\"]"}]}
RESULT: {"script":"<script> [2342 bytes]","args":[{"protocol":"http","hostname":"0.0.0.0","path":"/","capabilities":{"browserName":"chrome","goog:chromeOptions":{"binary":"C:\\Program Files\\Google\\Chrome\\Application\\chrome.exe","args":["--start-maximized"]}},"logLevel":"warn","connectionRetryTimeout":120000,"connectionRetryCount":3,"logLevels":{},"enableDirectConnect":true,"strictSSL":true,"_":"65 more keys: [\"cacheDir\",\"port\",\"requestedCapabilities\",\"automationProtocol\",\"baseUrl\",\"waitforInterval\",\"waitforTimeout\",\"onReload\",\"beforeCommand\",\"afterCommand\",\"rootDir\",\"specs\",\"suites\",\"exclude\",\"groupLogsByTestSpec\",\"excludeDriverLogs\",\"bail\",\"framework\",\"reporters\",\"services\",\"maxInstances\",\"maxInstancesPerCapability\",\"injectGlobals\",\"filesToWatch\",\"execArgv\",\"runnerEnv\",\"runner\",\"shard\",\"specFileRetries\",\"specFileRetriesDelay\",\"specFileRetriesDeferred\",\"reporterSyncInterval\",\"reporterSyncTimeout\",\"cucumberFeaturesWithLineNumbers\",\"autoCompileOpts\",\"mochaOpts\",\"jasmineOpts\",\"cucumberOpts\",\"onPrepare\",\"onWorkerStart\",\"onWorkerEnd\",\"before\",\"beforeSession\",\"beforeSuite\",\"beforeHook\",\"beforeTest\",\"afterTest\",\"afterHook\",\"afterSuite\",\"afterSession\",\"after\",\"onComplete\",\"beforeAssertion\",\"afterAssertion\",\"beforeFeature\",\"beforeScenario\",\"beforeStep\",\"afterStep\",\"afterScenario\",\"afterFeature\",\"_\",\"suite\",\"$0\",\"ignoredWorkerServices\",\"wdi5\"]"}]}
COMMAND: POST /session/fe9a8744fa5c20f6a144cebd64bbd052/execute/async - {"script":"<script> [21126 bytes]","args":[35000]}
RESULT: {"script":"<script> [21126 bytes]","args":[35000]}
]]></system-out>
    </testcase>
    <testcase classname="chrome.136_0_7103_93.windows.Warehouse_movements_inventory_test" name="Should create a new warehouse organization" time="65.548">
      <system-out><![CDATA[
COMMAND: POST /session/fe9a8744fa5c20f6a144cebd64bbd052/execute/async - {"script":"<script> [1562 bytes]","args":[{"selector":{"controlType":"sap.m.GenericTile","properties":{"header":"Bin Status Report"}},"wdio_ui5_key":"sapm.GenericTile{\"header\":\"Bin Status Report\"}"}]}
RESULT: {"script":"<script> [1562 bytes]","args":[{"selector":{"controlType":"sap.m.GenericTile","properties":{"header":"Bin Status Report"}},"wdio_ui5_key":"sapm.GenericTile{\"header\":\"Bin Status Report\"}"}]}
RESULT: undefined
COMMAND: POST /session/fe9a8744fa5c20f6a144cebd64bbd052/element - {"using":"xpath","value":"//*[@id=\"__tile104\"]"}
RESULT: {"using":"xpath","value":"//*[@id=\"__tile104\"]"}
COMMAND: POST /session/fe9a8744fa5c20f6a144cebd64bbd052/element/f.382F18D787DED670B4957F188DDD6852.d.BA3DF3DCA88DF4F0ECD2619F227FFD16.e.857/click - {}
RESULT: {}
COMMAND: GET /session/fe9a8744fa5c20f6a144cebd64bbd052/screenshot - {}
RESULT: {}
COMMAND: POST /session/fe9a8744fa5c20f6a144cebd64bbd052/elements - {"using":"xpath","value":"//span[text()='Error']"}
RESULT: {"using":"xpath","value":"//span[text()='Error']"}
COMMAND: POST /session/fe9a8744fa5c20f6a144cebd64bbd052/execute/async - {"script":"<script> [1562 bytes]","args":[{"selector":{"id":"application-binstatusreport-display-component---warehousing--createOrgBtn","interaction":{"idSuffix":"BDI-content"}},"wdio_ui5_key":"applicationbinstatusreport-display-component---warehousing--createOrgBtn"}]}
RESULT: {"script":"<script> [1562 bytes]","args":[{"selector":{"id":"application-binstatusreport-display-component---warehousing--createOrgBtn","interaction":{"idSuffix":"BDI-content"}},"wdio_ui5_key":"applicationbinstatusreport-display-component---warehousing--createOrgBtn"}]}
RESULT: undefined
COMMAND: POST /session/fe9a8744fa5c20f6a144cebd64bbd052/element - {"using":"xpath","value":"//*[@id=\"application-binstatusreport-display-component---warehousing--createOrgBtn\"]"}
RESULT: {"using":"xpath","value":"//*[@id=\"application-binstatusreport-display-component---warehousing--createOrgBtn\"]"}
COMMAND: POST /session/fe9a8744fa5c20f6a144cebd64bbd052/element/f.382F18D787DED670B4957F188DDD6852.d.BA3DF3DCA88DF4F0ECD2619F227FFD16.e.903/click - {}
RESULT: {}
COMMAND: GET /session/fe9a8744fa5c20f6a144cebd64bbd052/screenshot - {}
RESULT: {}
COMMAND: POST /session/fe9a8744fa5c20f6a144cebd64bbd052/execute/async - {"script":"<script> [1562 bytes]","args":[{"selector":{"id":"createOrganizationPop--sectionInput","searchOpenDialogs":true,"interaction":{"idSuffix":"inner"}},"wdio_ui5_key":"createOrganizationPopsectionInput"}]}
RESULT: {"script":"<script> [1562 bytes]","args":[{"selector":{"id":"createOrganizationPop--sectionInput","searchOpenDialogs":true,"interaction":{"idSuffix":"inner"}},"wdio_ui5_key":"createOrganizationPopsectionInput"}]}
RESULT: undefined
COMMAND: POST /session/fe9a8744fa5c20f6a144cebd64bbd052/execute/async - {"script":"<script> [776 bytes]","args":[{"enterText":"Secs0ghl","selector":{"id":"createOrganizationPop--sectionInput","searchOpenDialogs":true,"interaction":{"idSuffix":"inner"}},"clearTextFirst":true,"interactionType":"ENTER_TEXT"}]}
RESULT: {"script":"<script> [776 bytes]","args":[{"enterText":"Secs0ghl","selector":{"id":"createOrganizationPop--sectionInput","searchOpenDialogs":true,"interaction":{"idSuffix":"inner"}},"clearTextFirst":true,"interactionType":"ENTER_TEXT"}]}
COMMAND: POST /session/fe9a8744fa5c20f6a144cebd64bbd052/execute/async - {"script":"<script> [1562 bytes]","args":[{"selector":{"id":"createOrganizationPop--descriptionInput","searchOpenDialogs":true,"interaction":{"idSuffix":"inner"}},"wdio_ui5_key":"createOrganizationPopdescriptionInput"}]}
RESULT: {"script":"<script> [1562 bytes]","args":[{"selector":{"id":"createOrganizationPop--descriptionInput","searchOpenDialogs":true,"interaction":{"idSuffix":"inner"}},"wdio_ui5_key":"createOrganizationPopdescriptionInput"}]}
RESULT: undefined
COMMAND: POST /session/fe9a8744fa5c20f6a144cebd64bbd052/execute/async - {"script":"<script> [776 bytes]","args":[{"enterText":"OrgNamej2vxv","selector":{"id":"createOrganizationPop--descriptionInput","searchOpenDialogs":true,"interaction":{"idSuffix":"inner"}},"clearTextFirst":true,"interactionType":"ENTER_TEXT"}]}
RESULT: {"script":"<script> [776 bytes]","args":[{"enterText":"OrgNamej2vxv","selector":{"id":"createOrganizationPop--descriptionInput","searchOpenDialogs":true,"interaction":{"idSuffix":"inner"}},"clearTextFirst":true,"interactionType":"ENTER_TEXT"}]}
COMMAND: POST /session/fe9a8744fa5c20f6a144cebd64bbd052/element - {"using":"xpath","value":"//input[contains(@id ,\"createOrganizationPop--yardOrg-inner\")]"}
RESULT: {"using":"xpath","value":"//input[contains(@id ,\"createOrganizationPop--yardOrg-inner\")]"}
COMMAND: POST /session/fe9a8744fa5c20f6a144cebd64bbd052/element/f.382F18D787DED670B4957F188DDD6852.d.BA3DF3DCA88DF4F0ECD2619F227FFD16.e.943/clear - {}
RESULT: {}
COMMAND: POST /session/fe9a8744fa5c20f6a144cebd64bbd052/element/f.382F18D787DED670B4957F188DDD6852.d.BA3DF3DCA88DF4F0ECD2619F227FFD16.e.943/value - {"text":"WebdriverWHMYardmkxuj"}
COMMAND: GET /session/fe9a8744fa5c20f6a144cebd64bbd052/screenshot - {}
RESULT: {"text":"WebdriverWHMYardmkxuj"}
COMMAND: GET /session/fe9a8744fa5c20f6a144cebd64bbd052/screenshot - {}
RESULT: {}
RESULT: {}
COMMAND: POST /session/fe9a8744fa5c20f6a144cebd64bbd052/actions - {"actions":[{"id":"action4","type":"key","parameters":{},"actions":[{"type":"keyDown","value":""},{"type":"pause","duration":10},{"type":"keyUp","value":""}]}]}
RESULT: {"actions":[{"id":"action4","type":"key","parameters":{},"actions":[{"type":"keyDown","value":""},{"type":"pause","duration":10},{"type":"keyUp","value":""}]}]}
COMMAND: GET /session/fe9a8744fa5c20f6a144cebd64bbd052/screenshot - {}
RESULT: {}
COMMAND: POST /session/fe9a8744fa5c20f6a144cebd64bbd052/execute/async - {"script":"<script> [1562 bytes]","args":[{"selector":{"id":"createOrganizationPop--grZone","searchOpenDialogs":true,"interaction":{"idSuffix":"CbBg"}},"wdio_ui5_key":"createOrganizationPopgrZone"}]}
RESULT: {"script":"<script> [1562 bytes]","args":[{"selector":{"id":"createOrganizationPop--grZone","searchOpenDialogs":true,"interaction":{"idSuffix":"CbBg"}},"wdio_ui5_key":"createOrganizationPopgrZone"}]}
RESULT: undefined
COMMAND: POST /session/fe9a8744fa5c20f6a144cebd64bbd052/element - {"using":"xpath","value":"//*[@id=\"createOrganizationPop--grZone\"]"}
RESULT: {"using":"xpath","value":"//*[@id=\"createOrganizationPop--grZone\"]"}
COMMAND: POST /session/fe9a8744fa5c20f6a144cebd64bbd052/element/f.382F18D787DED670B4957F188DDD6852.d.BA3DF3DCA88DF4F0ECD2619F227FFD16.e.964/click - {}
RESULT: {}
COMMAND: POST /session/fe9a8744fa5c20f6a144cebd64bbd052/execute/async - {"script":"<script> [1562 bytes]","args":[{"selector":{"id":"createOrganizationPop--giZone","searchOpenDialogs":true,"interaction":{"idSuffix":"CbBg"}},"wdio_ui5_key":"createOrganizationPopgiZone"}]}
COMMAND: GET /session/fe9a8744fa5c20f6a144cebd64bbd052/screenshot - {}
RESULT: {"script":"<script> [1562 bytes]","args":[{"selector":{"id":"createOrganizationPop--giZone","searchOpenDialogs":true,"interaction":{"idSuffix":"CbBg"}},"wdio_ui5_key":"createOrganizationPopgiZone"}]}
RESULT: undefined
COMMAND: POST /session/fe9a8744fa5c20f6a144cebd64bbd052/element - {"using":"xpath","value":"//*[@id=\"createOrganizationPop--giZone\"]"}
RESULT: {}
RESULT: {"using":"xpath","value":"//*[@id=\"createOrganizationPop--giZone\"]"}
COMMAND: POST /session/fe9a8744fa5c20f6a144cebd64bbd052/element/f.382F18D787DED670B4957F188DDD6852.d.BA3DF3DCA88DF4F0ECD2619F227FFD16.e.966/click - {}
RESULT: {}
COMMAND: POST /session/fe9a8744fa5c20f6a144cebd64bbd052/execute/async - {"script":"<script> [1562 bytes]","args":[{"selector":{"id":"createOrganizationPop--binNoInput","searchOpenDialogs":true,"interaction":{"idSuffix":"inner"}},"wdio_ui5_key":"createOrganizationPopbinNoInput"}]}
COMMAND: GET /session/fe9a8744fa5c20f6a144cebd64bbd052/screenshot - {}
RESULT: {"script":"<script> [1562 bytes]","args":[{"selector":{"id":"createOrganizationPop--binNoInput","searchOpenDialogs":true,"interaction":{"idSuffix":"inner"}},"wdio_ui5_key":"createOrganizationPopbinNoInput"}]}
RESULT: undefined
COMMAND: POST /session/fe9a8744fa5c20f6a144cebd64bbd052/execute/async - {"script":"<script> [776 bytes]","args":[{"enterText":"Bink25on","selector":{"id":"createOrganizationPop--binNoInput","searchOpenDialogs":true,"interaction":{"idSuffix":"inner"}},"clearTextFirst":true,"interactionType":"ENTER_TEXT"}]}
RESULT: {}
RESULT: {"script":"<script> [776 bytes]","args":[{"enterText":"Bink25on","selector":{"id":"createOrganizationPop--binNoInput","searchOpenDialogs":true,"interaction":{"idSuffix":"inner"}},"clearTextFirst":true,"interactionType":"ENTER_TEXT"}]}
COMMAND: POST /session/fe9a8744fa5c20f6a144cebd64bbd052/execute/async - {"script":"<script> [1562 bytes]","args":[{"selector":{"id":"createOrganizationPop--descriptionId","searchOpenDialogs":true,"interaction":{"idSuffix":"inner"}},"wdio_ui5_key":"createOrganizationPopdescriptionId"}]}
RESULT: {"script":"<script> [1562 bytes]","args":[{"selector":{"id":"createOrganizationPop--descriptionId","searchOpenDialogs":true,"interaction":{"idSuffix":"inner"}},"wdio_ui5_key":"createOrganizationPopdescriptionId"}]}
RESULT: undefined
COMMAND: POST /session/fe9a8744fa5c20f6a144cebd64bbd052/execute/async - {"script":"<script> [776 bytes]","args":[{"enterText":"Binkvvh2","selector":{"id":"createOrganizationPop--descriptionId","searchOpenDialogs":true,"interaction":{"idSuffix":"inner"}},"clearTextFirst":true,"interactionType":"ENTER_TEXT"}]}
RESULT: {"script":"<script> [776 bytes]","args":[{"enterText":"Binkvvh2","selector":{"id":"createOrganizationPop--descriptionId","searchOpenDialogs":true,"interaction":{"idSuffix":"inner"}},"clearTextFirst":true,"interactionType":"ENTER_TEXT"}]}
COMMAND: POST /session/fe9a8744fa5c20f6a144cebd64bbd052/execute/async - {"script":"<script> [1562 bytes]","args":[{"selector":{"controlType":"sap.m.CheckBox","viewName":"etm.portal.ui.binstatusreport.view.MasterWareBins","viewId":"application-binstatusreport-display-component---warehousing","bindingPath":{"path":"","propertyPath":"/ZONE","modelName":"newBin"},"searchOpenDialogs":true,"interaction":{"idSuffix":"CbBg"}},"wdio_ui5_key":"etmportal.ui.binstatusreport.view.MasterWareBinssap.m.CheckBox{\"path\":\"\",\"propertyPath\":\"/ZONE\",\"modelName\":\"newBin\"}"}]}
RESULT: {"script":"<script> [1562 bytes]","args":[{"selector":{"controlType":"sap.m.CheckBox","viewName":"etm.portal.ui.binstatusreport.view.MasterWareBins","viewId":"application-binstatusreport-display-component---warehousing","bindingPath":{"path":"","propertyPath":"/ZONE","modelName":"newBin"},"searchOpenDialogs":true,"interaction":{"idSuffix":"CbBg"}},"wdio_ui5_key":"etmportal.ui.binstatusreport.view.MasterWareBinssap.m.CheckBox{\"path\":\"\",\"propertyPath\":\"/ZONE\",\"modelName\":\"newBin\"}"}]}
RESULT: undefined
COMMAND: POST /session/fe9a8744fa5c20f6a144cebd64bbd052/element - {"using":"xpath","value":"//*[@id=\"__box12\"]"}
RESULT: {"using":"xpath","value":"//*[@id=\"__box12\"]"}
COMMAND: POST /session/fe9a8744fa5c20f6a144cebd64bbd052/element/f.382F18D787DED670B4957F188DDD6852.d.BA3DF3DCA88DF4F0ECD2619F227FFD16.e.988/click - {}
RESULT: {}
COMMAND: POST /session/fe9a8744fa5c20f6a144cebd64bbd052/execute/async - {"script":"<script> [1562 bytes]","args":[{"selector":{"id":"createOrganizationPop--binTypesCB-arrow","searchOpenDialogs":true},"wdio_ui5_key":"createOrganizationPopbinTypesCB-arrow"}]}
COMMAND: GET /session/fe9a8744fa5c20f6a144cebd64bbd052/screenshot - {}
RESULT: {"script":"<script> [1562 bytes]","args":[{"selector":{"id":"createOrganizationPop--binTypesCB-arrow","searchOpenDialogs":true},"wdio_ui5_key":"createOrganizationPopbinTypesCB-arrow"}]}
RESULT: undefined
COMMAND: POST /session/fe9a8744fa5c20f6a144cebd64bbd052/element - {"using":"xpath","value":"//*[@id=\"createOrganizationPop--binTypesCB-arrow\"]"}
RESULT: {}
RESULT: {"using":"xpath","value":"//*[@id=\"createOrganizationPop--binTypesCB-arrow\"]"}
COMMAND: POST /session/fe9a8744fa5c20f6a144cebd64bbd052/element/f.382F18D787DED670B4957F188DDD6852.d.BA3DF3DCA88DF4F0ECD2619F227FFD16.e.997/click - {}
RESULT: {}
COMMAND: POST /session/fe9a8744fa5c20f6a144cebd64bbd052/execute/async - {"script":"<script> [1562 bytes]","args":[{"selector":{"controlType":"sap.m.StandardListItem","viewName":"etm.portal.ui.binstatusreport.view.MasterWareBins","viewId":"application-binstatusreport-display-component---warehousing","properties":{"title":"1 - General / No capacity check"},"searchOpenDialogs":true,"interaction":{"idSuffix":"content"}},"wdio_ui5_key":"etmportal.ui.binstatusreport.view.MasterWareBinssap.m.StandardListItem{\"title\":\"1 - General / No capacity check\"}"}]}
COMMAND: GET /session/fe9a8744fa5c20f6a144cebd64bbd052/screenshot - {}
RESULT: {"script":"<script> [1562 bytes]","args":[{"selector":{"controlType":"sap.m.StandardListItem","viewName":"etm.portal.ui.binstatusreport.view.MasterWareBins","viewId":"application-binstatusreport-display-component---warehousing","properties":{"title":"1 - General / No capacity check"},"searchOpenDialogs":true,"interaction":{"idSuffix":"content"}},"wdio_ui5_key":"etmportal.ui.binstatusreport.view.MasterWareBinssap.m.StandardListItem{\"title\":\"1 - General / No capacity check\"}"}]}
RESULT: undefined
COMMAND: POST /session/fe9a8744fa5c20f6a144cebd64bbd052/element - {"using":"xpath","value":"//*[@id=\"__item144\"]"}
RESULT: {}
RESULT: {"using":"xpath","value":"//*[@id=\"__item144\"]"}
COMMAND: POST /session/fe9a8744fa5c20f6a144cebd64bbd052/element/f.382F18D787DED670B4957F188DDD6852.d.BA3DF3DCA88DF4F0ECD2619F227FFD16.e.999/click - {}
RESULT: {}
COMMAND: POST /session/fe9a8744fa5c20f6a144cebd64bbd052/execute/async - {"script":"<script> [1562 bytes]","args":[{"selector":{"id":"createOrganizationPop--finishBtn","searchOpenDialogs":true,"interaction":{"idSuffix":"BDI-content"}},"wdio_ui5_key":"createOrganizationPopfinishBtn"}]}
COMMAND: GET /session/fe9a8744fa5c20f6a144cebd64bbd052/screenshot - {}
RESULT: {"script":"<script> [1562 bytes]","args":[{"selector":{"id":"createOrganizationPop--finishBtn","searchOpenDialogs":true,"interaction":{"idSuffix":"BDI-content"}},"wdio_ui5_key":"createOrganizationPopfinishBtn"}]}
RESULT: undefined
COMMAND: POST /session/fe9a8744fa5c20f6a144cebd64bbd052/element - {"using":"xpath","value":"//*[@id=\"createOrganizationPop--finishBtn\"]"}
RESULT: {}
RESULT: {"using":"xpath","value":"//*[@id=\"createOrganizationPop--finishBtn\"]"}
COMMAND: POST /session/fe9a8744fa5c20f6a144cebd64bbd052/element/f.382F18D787DED670B4957F188DDD6852.d.BA3DF3DCA88DF4F0ECD2619F227FFD16.e.1001/click - {}
RESULT: {}
COMMAND: GET /session/fe9a8744fa5c20f6a144cebd64bbd052/screenshot - {}
RESULT: {}
COMMAND: POST /session/fe9a8744fa5c20f6a144cebd64bbd052/element - {"using":"css selector","value":"#shell-header-logo"}
RESULT: {"using":"css selector","value":"#shell-header-logo"}
COMMAND: POST /session/fe9a8744fa5c20f6a144cebd64bbd052/element/f.382F18D787DED670B4957F188DDD6852.d.BA3DF3DCA88DF4F0ECD2619F227FFD16.e.862/click - {}
RESULT: {}
COMMAND: GET /session/fe9a8744fa5c20f6a144cebd64bbd052/screenshot - {}
RESULT: {}
]]></system-out>
    </testcase>
    <testcase classname="chrome.136_0_7103_93.windows.Warehouse_movements_inventory_test" name="Should Create new material for WHM yard" time="163.356">
      <system-out><![CDATA[
COMMAND: POST /session/fe9a8744fa5c20f6a144cebd64bbd052/execute/async - {"script":"<script> [1562 bytes]","args":[{"selector":{"controlType":"sap.m.GenericTile","properties":{"header":"Manage Resources"}},"wdio_ui5_key":"sapm.GenericTile{\"header\":\"Manage Resources\"}"}]}
RESULT: {"script":"<script> [1562 bytes]","args":[{"selector":{"controlType":"sap.m.GenericTile","properties":{"header":"Manage Resources"}},"wdio_ui5_key":"sapm.GenericTile{\"header\":\"Manage Resources\"}"}]}
RESULT: undefined
COMMAND: POST /session/fe9a8744fa5c20f6a144cebd64bbd052/element - {"using":"xpath","value":"//*[@id=\"__tile39\"]"}
RESULT: {"using":"xpath","value":"//*[@id=\"__tile39\"]"}
COMMAND: POST /session/fe9a8744fa5c20f6a144cebd64bbd052/element/f.382F18D787DED670B4957F188DDD6852.d.BA3DF3DCA88DF4F0ECD2619F227FFD16.e.1008/click - {}
RESULT: {}
COMMAND: GET /session/fe9a8744fa5c20f6a144cebd64bbd052/screenshot - {}
RESULT: {}
COMMAND: POST /session/fe9a8744fa5c20f6a144cebd64bbd052/elements - {"using":"xpath","value":"//span[text()='Error']"}
RESULT: {"using":"xpath","value":"//span[text()='Error']"}
COMMAND: POST /session/fe9a8744fa5c20f6a144cebd64bbd052/element - {"using":"xpath","value":"//button[@data-kt=\"addNewRUOverflowToolbarButton\"]"}
RESULT: {"using":"xpath","value":"//button[@data-kt=\"addNewRUOverflowToolbarButton\"]"}
COMMAND: POST /session/fe9a8744fa5c20f6a144cebd64bbd052/execute/sync - {"script":"<script> [8489 bytes]","args":[{"element-6066-11e4-a52e-4f735466cecf":"f.382F18D787DED670B4957F188DDD6852.d.BA3DF3DCA88DF4F0ECD2619F227FFD16.e.1051","ELEMENT":"f.382F18D787DED670B4957F188DDD6852.d.BA3DF3DCA88DF4F0ECD2619F227FFD16.e.1051"}]}
RESULT: {"script":"<script> [8489 bytes]","args":[{"element-6066-11e4-a52e-4f735466cecf":"f.382F18D787DED670B4957F188DDD6852.d.BA3DF3DCA88DF4F0ECD2619F227FFD16.e.1051","ELEMENT":"f.382F18D787DED670B4957F188DDD6852.d.BA3DF3DCA88DF4F0ECD2619F227FFD16.e.1051"}]}
COMMAND: POST /session/fe9a8744fa5c20f6a144cebd64bbd052/element/f.382F18D787DED670B4957F188DDD6852.d.BA3DF3DCA88DF4F0ECD2619F227FFD16.e.1051/click - {}
COMMAND: GET /session/fe9a8744fa5c20f6a144cebd64bbd052/screenshot - {}
RESULT: {}
COMMAND: POST /session/fe9a8744fa5c20f6a144cebd64bbd052/execute/async - {"script":"<script> [1562 bytes]","args":[{"selector":{"id":"application-manageresources-display-component---newResourceUnit--TYPE-arrow"},"wdio_ui5_key":"applicationmanageresources-display-component---newResourceUnit--TYPE-arrow"}]}
COMMAND: GET /session/fe9a8744fa5c20f6a144cebd64bbd052/screenshot - {}
RESULT: {}
RESULT: {"script":"<script> [1562 bytes]","args":[{"selector":{"id":"application-manageresources-display-component---newResourceUnit--TYPE-arrow"},"wdio_ui5_key":"applicationmanageresources-display-component---newResourceUnit--TYPE-arrow"}]}
RESULT: undefined
COMMAND: POST /session/fe9a8744fa5c20f6a144cebd64bbd052/element - {"using":"xpath","value":"//*[@id=\"application-manageresources-display-component---newResourceUnit--TYPE-arrow\"]"}
RESULT: {}
RESULT: {"using":"xpath","value":"//*[@id=\"application-manageresources-display-component---newResourceUnit--TYPE-arrow\"]"}
COMMAND: POST /session/fe9a8744fa5c20f6a144cebd64bbd052/element/f.382F18D787DED670B4957F188DDD6852.d.BA3DF3DCA88DF4F0ECD2619F227FFD16.e.1365/click - {}
RESULT: {}
COMMAND: POST /session/fe9a8744fa5c20f6a144cebd64bbd052/execute/async - {"script":"<script> [1562 bytes]","args":[{"selector":{"controlType":"sap.m.StandardListItem","viewName":"reusables.view.manageresources.NewResourceUnit","viewId":"application-manageresources-display-component---newResourceUnit","properties":{"title":"Material"},"searchOpenDialogs":true,"interaction":{"idSuffix":"titleText"}},"wdio_ui5_key":"reusablesview.manageresources.NewResourceUnitsap.m.StandardListItem{\"title\":\"Material\"}"}]}
COMMAND: GET /session/fe9a8744fa5c20f6a144cebd64bbd052/screenshot - {}
RESULT: {"script":"<script> [1562 bytes]","args":[{"selector":{"controlType":"sap.m.StandardListItem","viewName":"reusables.view.manageresources.NewResourceUnit","viewId":"application-manageresources-display-component---newResourceUnit","properties":{"title":"Material"},"searchOpenDialogs":true,"interaction":{"idSuffix":"titleText"}},"wdio_ui5_key":"reusablesview.manageresources.NewResourceUnitsap.m.StandardListItem{\"title\":\"Material\"}"}]}
RESULT: undefined
COMMAND: POST /session/fe9a8744fa5c20f6a144cebd64bbd052/element - {"using":"xpath","value":"//*[@id=\"__item278\"]"}
RESULT: {}
RESULT: {"using":"xpath","value":"//*[@id=\"__item278\"]"}
COMMAND: POST /session/fe9a8744fa5c20f6a144cebd64bbd052/element/f.382F18D787DED670B4957F188DDD6852.d.BA3DF3DCA88DF4F0ECD2619F227FFD16.e.1368/click - {}
RESULT: {}
COMMAND: POST /session/fe9a8744fa5c20f6a144cebd64bbd052/execute/async - {"script":"<script> [1562 bytes]","args":[{"selector":{"id":"application-manageresources-display-component---newResourceUnit--SHORT_TEXT","interaction":{"idSuffix":"inner"}},"wdio_ui5_key":"applicationmanageresources-display-component---newResourceUnit--SHORT_TEXT"}]}
COMMAND: GET /session/fe9a8744fa5c20f6a144cebd64bbd052/screenshot - {}
RESULT: {"script":"<script> [1562 bytes]","args":[{"selector":{"id":"application-manageresources-display-component---newResourceUnit--SHORT_TEXT","interaction":{"idSuffix":"inner"}},"wdio_ui5_key":"applicationmanageresources-display-component---newResourceUnit--SHORT_TEXT"}]}
RESULT: undefined
COMMAND: POST /session/fe9a8744fa5c20f6a144cebd64bbd052/execute/async - {"script":"<script> [776 bytes]","args":[{"enterText":"WebdriverMatTestw2kom","selector":{"id":"application-manageresources-display-component---newResourceUnit--SHORT_TEXT","interaction":{"idSuffix":"inner"}},"clearTextFirst":true,"interactionType":"ENTER_TEXT"}]}
RESULT: {}
RESULT: {"script":"<script> [776 bytes]","args":[{"enterText":"WebdriverMatTestw2kom","selector":{"id":"application-manageresources-display-component---newResourceUnit--SHORT_TEXT","interaction":{"idSuffix":"inner"}},"clearTextFirst":true,"interactionType":"ENTER_TEXT"}]}
COMMAND: POST /session/fe9a8744fa5c20f6a144cebd64bbd052/execute/async - {"script":"<script> [1562 bytes]","args":[{"selector":{"id":"application-manageresources-display-component---newResourceUnit--BASE_UNIT_OF_MEASURE-arrow"},"wdio_ui5_key":"applicationmanageresources-display-component---newResourceUnit--BASE_UNIT_OF_MEASURE-arrow"}]}
RESULT: {"script":"<script> [1562 bytes]","args":[{"selector":{"id":"application-manageresources-display-component---newResourceUnit--BASE_UNIT_OF_MEASURE-arrow"},"wdio_ui5_key":"applicationmanageresources-display-component---newResourceUnit--BASE_UNIT_OF_MEASURE-arrow"}]}
RESULT: undefined
COMMAND: POST /session/fe9a8744fa5c20f6a144cebd64bbd052/element - {"using":"xpath","value":"//*[@id=\"application-manageresources-display-component---newResourceUnit--BASE_UNIT_OF_MEASURE-arrow\"]"}
RESULT: {"using":"xpath","value":"//*[@id=\"application-manageresources-display-component---newResourceUnit--BASE_UNIT_OF_MEASURE-arrow\"]"}
COMMAND: POST /session/fe9a8744fa5c20f6a144cebd64bbd052/element/f.382F18D787DED670B4957F188DDD6852.d.BA3DF3DCA88DF4F0ECD2619F227FFD16.e.1488/click - {}
RESULT: {}
COMMAND: POST /session/fe9a8744fa5c20f6a144cebd64bbd052/execute/async - {"script":"<script> [1562 bytes]","args":[{"selector":{"controlType":"sap.m.StandardListItem","viewName":"reusables.view.manageresources.NewResourceUnit","viewId":"application-manageresources-display-component---newResourceUnit","properties":{"title":"Piece"},"searchOpenDialogs":true,"interaction":{"idSuffix":"titleText"}},"wdio_ui5_key":"reusablesview.manageresources.NewResourceUnitsap.m.StandardListItem{\"title\":\"Piece\"}"}]}
COMMAND: GET /session/fe9a8744fa5c20f6a144cebd64bbd052/screenshot - {}
RESULT: {"script":"<script> [1562 bytes]","args":[{"selector":{"controlType":"sap.m.StandardListItem","viewName":"reusables.view.manageresources.NewResourceUnit","viewId":"application-manageresources-display-component---newResourceUnit","properties":{"title":"Piece"},"searchOpenDialogs":true,"interaction":{"idSuffix":"titleText"}},"wdio_ui5_key":"reusablesview.manageresources.NewResourceUnitsap.m.StandardListItem{\"title\":\"Piece\"}"}]}
RESULT: undefined
COMMAND: POST /session/fe9a8744fa5c20f6a144cebd64bbd052/element - {"using":"xpath","value":"//*[@id=\"__item331\"]"}
RESULT: {}
RESULT: {"using":"xpath","value":"//*[@id=\"__item331\"]"}
COMMAND: POST /session/fe9a8744fa5c20f6a144cebd64bbd052/element/f.382F18D787DED670B4957F188DDD6852.d.BA3DF3DCA88DF4F0ECD2619F227FFD16.e.1490/click - {}
RESULT: {}
COMMAND: POST /session/fe9a8744fa5c20f6a144cebd64bbd052/element - {"using":"xpath","value":"//input[contains(@id ,\"application-manageresources-display-component---newResourceUnit--SHORT_TEXT-inner\")]"}
COMMAND: GET /session/fe9a8744fa5c20f6a144cebd64bbd052/screenshot - {}
RESULT: {"using":"xpath","value":"//input[contains(@id ,\"application-manageresources-display-component---newResourceUnit--SHORT_TEXT-inner\")]"}
COMMAND: GET /session/fe9a8744fa5c20f6a144cebd64bbd052/element/f.382F18D787DED670B4957F188DDD6852.d.BA3DF3DCA88DF4F0ECD2619F227FFD16.e.1385/property/value - {}
RESULT: {}
RESULT: {}
COMMAND: POST /session/fe9a8744fa5c20f6a144cebd64bbd052/execute/async - {"script":"<script> [1562 bytes]","args":[{"selector":{"id":"application-manageresources-display-component---newResourceUnit--WEIGHT_UNIT-arrow"},"wdio_ui5_key":"applicationmanageresources-display-component---newResourceUnit--WEIGHT_UNIT-arrow"}]}
COMMAND: GET /session/fe9a8744fa5c20f6a144cebd64bbd052/screenshot - {}
RESULT: {"script":"<script> [1562 bytes]","args":[{"selector":{"id":"application-manageresources-display-component---newResourceUnit--WEIGHT_UNIT-arrow"},"wdio_ui5_key":"applicationmanageresources-display-component---newResourceUnit--WEIGHT_UNIT-arrow"}]}
RESULT: undefined
COMMAND: POST /session/fe9a8744fa5c20f6a144cebd64bbd052/element - {"using":"xpath","value":"//*[@id=\"application-manageresources-display-component---newResourceUnit--WEIGHT_UNIT-arrow\"]"}
RESULT: {}
RESULT: {"using":"xpath","value":"//*[@id=\"application-manageresources-display-component---newResourceUnit--WEIGHT_UNIT-arrow\"]"}
COMMAND: POST /session/fe9a8744fa5c20f6a144cebd64bbd052/element/f.382F18D787DED670B4957F188DDD6852.d.BA3DF3DCA88DF4F0ECD2619F227FFD16.e.1491/click - {}
RESULT: {}
COMMAND: POST /session/fe9a8744fa5c20f6a144cebd64bbd052/execute/async - {"script":"<script> [1562 bytes]","args":[{"selector":{"controlType":"sap.m.StandardListItem","viewName":"reusables.view.manageresources.NewResourceUnit","viewId":"application-manageresources-display-component---newResourceUnit","properties":{"title":"Gram"},"searchOpenDialogs":true,"interaction":{"idSuffix":"content"}},"wdio_ui5_key":"reusablesview.manageresources.NewResourceUnitsap.m.StandardListItem{\"title\":\"Gram\"}"}]}
COMMAND: GET /session/fe9a8744fa5c20f6a144cebd64bbd052/screenshot - {}
RESULT: {"script":"<script> [1562 bytes]","args":[{"selector":{"controlType":"sap.m.StandardListItem","viewName":"reusables.view.manageresources.NewResourceUnit","viewId":"application-manageresources-display-component---newResourceUnit","properties":{"title":"Gram"},"searchOpenDialogs":true,"interaction":{"idSuffix":"content"}},"wdio_ui5_key":"reusablesview.manageresources.NewResourceUnitsap.m.StandardListItem{\"title\":\"Gram\"}"}]}
RESULT: undefined
COMMAND: POST /session/fe9a8744fa5c20f6a144cebd64bbd052/element - {"using":"xpath","value":"//*[@id=\"__item396\"]"}
RESULT: {}
RESULT: {"using":"xpath","value":"//*[@id=\"__item396\"]"}
COMMAND: POST /session/fe9a8744fa5c20f6a144cebd64bbd052/element/f.382F18D787DED670B4957F188DDD6852.d.BA3DF3DCA88DF4F0ECD2619F227FFD16.e.1493/click - {}
RESULT: {}
COMMAND: POST /session/fe9a8744fa5c20f6a144cebd64bbd052/execute/async - {"script":"<script> [1562 bytes]","args":[{"selector":{"id":"application-manageresources-display-component---newResourceUnit--newRRUPage-OPHeaderContent-collapseBtn-img"},"wdio_ui5_key":"applicationmanageresources-display-component---newResourceUnit--newRRUPage-OPHeaderContent-collapseBtn-img"}]}
COMMAND: GET /session/fe9a8744fa5c20f6a144cebd64bbd052/screenshot - {}
RESULT: {"script":"<script> [1562 bytes]","args":[{"selector":{"id":"application-manageresources-display-component---newResourceUnit--newRRUPage-OPHeaderContent-collapseBtn-img"},"wdio_ui5_key":"applicationmanageresources-display-component---newResourceUnit--newRRUPage-OPHeaderContent-collapseBtn-img"}]}
RESULT: undefined
COMMAND: POST /session/fe9a8744fa5c20f6a144cebd64bbd052/element - {"using":"xpath","value":"//*[@id=\"application-manageresources-display-component---newResourceUnit--newRRUPage-OPHeaderContent-collapseBtn-img\"]"}
RESULT: {}
RESULT: {"using":"xpath","value":"//*[@id=\"application-manageresources-display-component---newResourceUnit--newRRUPage-OPHeaderContent-collapseBtn-img\"]"}
COMMAND: POST /session/fe9a8744fa5c20f6a144cebd64bbd052/element/f.382F18D787DED670B4957F188DDD6852.d.BA3DF3DCA88DF4F0ECD2619F227FFD16.e.1375/click - {}
RESULT: {}
COMMAND: GET /session/fe9a8744fa5c20f6a144cebd64bbd052/screenshot - {}
RESULT: {}
COMMAND: POST /session/fe9a8744fa5c20f6a144cebd64bbd052/element - {"using":"xpath","value":"(//span[contains(@id ,\"application-manageresources-display-component---newResourceUnit--DIMENSION_UNIT-arrow\")])[1]"}
RESULT: {"using":"xpath","value":"(//span[contains(@id ,\"application-manageresources-display-component---newResourceUnit--DIMENSION_UNIT-arrow\")])[1]"}
COMMAND: POST /session/fe9a8744fa5c20f6a144cebd64bbd052/element/f.382F18D787DED670B4957F188DDD6852.d.BA3DF3DCA88DF4F0ECD2619F227FFD16.e.1499/click - {}
RESULT: {}
COMMAND: GET /session/fe9a8744fa5c20f6a144cebd64bbd052/screenshot - {}
RESULT: {}
COMMAND: POST /session/fe9a8744fa5c20f6a144cebd64bbd052/execute/async - {"script":"<script> [1562 bytes]","args":[{"selector":{"controlType":"sap.m.StandardListItem","viewName":"reusables.view.manageresources.NewResourceUnit","viewId":"application-manageresources-display-component---newResourceUnit","properties":{"title":"Centimeter"},"searchOpenDialogs":true,"interaction":{"idSuffix":"titleText"}},"wdio_ui5_key":"reusablesview.manageresources.NewResourceUnitsap.m.StandardListItem{\"title\":\"Centimeter\"}"}]}
RESULT: {"script":"<script> [1562 bytes]","args":[{"selector":{"controlType":"sap.m.StandardListItem","viewName":"reusables.view.manageresources.NewResourceUnit","viewId":"application-manageresources-display-component---newResourceUnit","properties":{"title":"Centimeter"},"searchOpenDialogs":true,"interaction":{"idSuffix":"titleText"}},"wdio_ui5_key":"reusablesview.manageresources.NewResourceUnitsap.m.StandardListItem{\"title\":\"Centimeter\"}"}]}
RESULT: undefined
COMMAND: POST /session/fe9a8744fa5c20f6a144cebd64bbd052/element - {"using":"xpath","value":"//*[@id=\"__item399\"]"}
RESULT: {"using":"xpath","value":"//*[@id=\"__item399\"]"}
COMMAND: POST /session/fe9a8744fa5c20f6a144cebd64bbd052/element/f.382F18D787DED670B4957F188DDD6852.d.BA3DF3DCA88DF4F0ECD2619F227FFD16.e.1501/click - {}
RESULT: {}
COMMAND: POST /session/fe9a8744fa5c20f6a144cebd64bbd052/execute/async - {"script":"<script> [1562 bytes]","args":[{"selector":{"id":"application-manageresources-display-component---newResourceUnit--newRRUPage-anchBar-application-manageresources-display-component---newResourceUnit--reference-anchor","interaction":{"idSuffix":"BDI-content"}},"wdio_ui5_key":"applicationmanageresources-display-component---newResourceUnit--newRRUPage-anchBar-application-manageresources-display-component---newResourceUnit--reference-anchor"}]}
COMMAND: GET /session/fe9a8744fa5c20f6a144cebd64bbd052/screenshot - {}
RESULT: {"script":"<script> [1562 bytes]","args":[{"selector":{"id":"application-manageresources-display-component---newResourceUnit--newRRUPage-anchBar-application-manageresources-display-component---newResourceUnit--reference-anchor","interaction":{"idSuffix":"BDI-content"}},"wdio_ui5_key":"applicationmanageresources-display-component---newResourceUnit--newRRUPage-anchBar-application-manageresources-display-component---newResourceUnit--reference-anchor"}]}
RESULT: undefined
COMMAND: POST /session/fe9a8744fa5c20f6a144cebd64bbd052/element - {"using":"xpath","value":"//*[@id=\"application-manageresources-display-component---newResourceUnit--newRRUPage-anchBar-application-manageresources-display-component---newResourceUnit--reference-anchor\"]"}
RESULT: {}
RESULT: {"using":"xpath","value":"//*[@id=\"application-manageresources-display-component---newResourceUnit--newRRUPage-anchBar-application-manageresources-display-component---newResourceUnit--reference-anchor\"]"}
COMMAND: POST /session/fe9a8744fa5c20f6a144cebd64bbd052/element/f.382F18D787DED670B4957F188DDD6852.d.BA3DF3DCA88DF4F0ECD2619F227FFD16.e.1503/click - {}
RESULT: {}
COMMAND: POST /session/fe9a8744fa5c20f6a144cebd64bbd052/execute/async - {"script":"<script> [1562 bytes]","args":[{"selector":{"id":"application-manageresources-display-component---newResourceUnit--PLANNING_GROUP-arrow"},"wdio_ui5_key":"applicationmanageresources-display-component---newResourceUnit--PLANNING_GROUP-arrow"}]}
COMMAND: GET /session/fe9a8744fa5c20f6a144cebd64bbd052/screenshot - {}
RESULT: {"script":"<script> [1562 bytes]","args":[{"selector":{"id":"application-manageresources-display-component---newResourceUnit--PLANNING_GROUP-arrow"},"wdio_ui5_key":"applicationmanageresources-display-component---newResourceUnit--PLANNING_GROUP-arrow"}]}
RESULT: undefined
COMMAND: POST /session/fe9a8744fa5c20f6a144cebd64bbd052/element - {"using":"xpath","value":"//*[@id=\"application-manageresources-display-component---newResourceUnit--PLANNING_GROUP-arrow\"]"}
RESULT: {}
RESULT: {"using":"xpath","value":"//*[@id=\"application-manageresources-display-component---newResourceUnit--PLANNING_GROUP-arrow\"]"}
COMMAND: POST /session/fe9a8744fa5c20f6a144cebd64bbd052/element/f.382F18D787DED670B4957F188DDD6852.d.BA3DF3DCA88DF4F0ECD2619F227FFD16.e.1507/click - {}
RESULT: {}
COMMAND: POST /session/fe9a8744fa5c20f6a144cebd64bbd052/execute/async - {"script":"<script> [1562 bytes]","args":[{"selector":{"controlType":"sap.m.StandardListItem","viewName":"reusables.view.manageresources.NewResourceUnit","viewId":"application-manageresources-display-component---newResourceUnit","properties":{"title":"Heavy Equi"},"searchOpenDialogs":true,"interaction":{"idSuffix":"content"}},"wdio_ui5_key":"reusablesview.manageresources.NewResourceUnitsap.m.StandardListItem{\"title\":\"Heavy Equi\"}"}]}
COMMAND: GET /session/fe9a8744fa5c20f6a144cebd64bbd052/screenshot - {}
RESULT: {"script":"<script> [1562 bytes]","args":[{"selector":{"controlType":"sap.m.StandardListItem","viewName":"reusables.view.manageresources.NewResourceUnit","viewId":"application-manageresources-display-component---newResourceUnit","properties":{"title":"Heavy Equi"},"searchOpenDialogs":true,"interaction":{"idSuffix":"content"}},"wdio_ui5_key":"reusablesview.manageresources.NewResourceUnitsap.m.StandardListItem{\"title\":\"Heavy Equi\"}"}]}
RESULT: undefined
COMMAND: POST /session/fe9a8744fa5c20f6a144cebd64bbd052/element - {"using":"xpath","value":"//*[@id=\"__item407\"]"}
RESULT: {}
RESULT: {"using":"xpath","value":"//*[@id=\"__item407\"]"}
COMMAND: POST /session/fe9a8744fa5c20f6a144cebd64bbd052/element/f.382F18D787DED670B4957F188DDD6852.d.BA3DF3DCA88DF4F0ECD2619F227FFD16.e.1511/click - {}
RESULT: {}
COMMAND: GET /session/fe9a8744fa5c20f6a144cebd64bbd052/screenshot - {}
RESULT: {}
COMMAND: POST /session/fe9a8744fa5c20f6a144cebd64bbd052/execute/async - {"script":"<script> [1562 bytes]","args":[{"selector":{"id":"application-manageresources-display-component---newResourceUnit--PLANNING_INDICATOR-arrow"},"wdio_ui5_key":"applicationmanageresources-display-component---newResourceUnit--PLANNING_INDICATOR-arrow"}]}
RESULT: {"script":"<script> [1562 bytes]","args":[{"selector":{"id":"application-manageresources-display-component---newResourceUnit--PLANNING_INDICATOR-arrow"},"wdio_ui5_key":"applicationmanageresources-display-component---newResourceUnit--PLANNING_INDICATOR-arrow"}]}
RESULT: undefined
COMMAND: POST /session/fe9a8744fa5c20f6a144cebd64bbd052/element - {"using":"xpath","value":"//*[@id=\"application-manageresources-display-component---newResourceUnit--PLANNING_INDICATOR-arrow\"]"}
RESULT: {"using":"xpath","value":"//*[@id=\"application-manageresources-display-component---newResourceUnit--PLANNING_INDICATOR-arrow\"]"}
COMMAND: POST /session/fe9a8744fa5c20f6a144cebd64bbd052/element/f.382F18D787DED670B4957F188DDD6852.d.BA3DF3DCA88DF4F0ECD2619F227FFD16.e.1512/click - {}
RESULT: {}
COMMAND: POST /session/fe9a8744fa5c20f6a144cebd64bbd052/execute/async - {"script":"<script> [1562 bytes]","args":[{"selector":{"controlType":"sap.m.StandardListItem","viewName":"reusables.view.manageresources.NewResourceUnit","viewId":"application-manageresources-display-component---newResourceUnit","properties":{"title":"10 - infinite"},"searchOpenDialogs":true,"interaction":{"idSuffix":"content"}},"wdio_ui5_key":"reusablesview.manageresources.NewResourceUnitsap.m.StandardListItem{\"title\":\"10 - infinite\"}"}]}
COMMAND: GET /session/fe9a8744fa5c20f6a144cebd64bbd052/screenshot - {}
RESULT: {"script":"<script> [1562 bytes]","args":[{"selector":{"controlType":"sap.m.StandardListItem","viewName":"reusables.view.manageresources.NewResourceUnit","viewId":"application-manageresources-display-component---newResourceUnit","properties":{"title":"10 - infinite"},"searchOpenDialogs":true,"interaction":{"idSuffix":"content"}},"wdio_ui5_key":"reusablesview.manageresources.NewResourceUnitsap.m.StandardListItem{\"title\":\"10 - infinite\"}"}]}
RESULT: undefined
COMMAND: POST /session/fe9a8744fa5c20f6a144cebd64bbd052/element - {"using":"xpath","value":"//*[@id=\"__item417\"]"}
RESULT: {}
RESULT: {"using":"xpath","value":"//*[@id=\"__item417\"]"}
COMMAND: POST /session/fe9a8744fa5c20f6a144cebd64bbd052/element/f.382F18D787DED670B4957F188DDD6852.d.BA3DF3DCA88DF4F0ECD2619F227FFD16.e.1514/click - {}
RESULT: {}
COMMAND: GET /session/fe9a8744fa5c20f6a144cebd64bbd052/screenshot - {}
RESULT: {}
COMMAND: POST /session/fe9a8744fa5c20f6a144cebd64bbd052/element - {"using":"xpath","value":"//bdi[contains(text(), \"Time Segment\")]"}
RESULT: {"using":"xpath","value":"//bdi[contains(text(), \"Time Segment\")]"}
COMMAND: GET /session/fe9a8744fa5c20f6a144cebd64bbd052/element/f.382F18D787DED670B4957F188DDD6852.d.BA3DF3DCA88DF4F0ECD2619F227FFD16.e.1515/rect - {}
RESULT: {}
COMMAND: GET /session/fe9a8744fa5c20f6a144cebd64bbd052/window/rect - {}
RESULT: {}
COMMAND: POST /session/fe9a8744fa5c20f6a144cebd64bbd052/execute/sync - {"script":"<script> [92 bytes]","args":[]}
RESULT: {"script":"<script> [92 bytes]","args":[]}
COMMAND: POST /session/fe9a8744fa5c20f6a144cebd64bbd052/actions - {"actions":[{"id":"action5","type":"wheel","parameters":{},"actions":[{"type":"scroll","x":-1820,"y":-21,"deltaX":0,"deltaY":0,"duration":0,"origin":{"element-6066-11e4-a52e-4f735466cecf":"f.382F18D787DED670B4957F188DDD6852.d.BA3DF3DCA88DF4F0ECD2619F227FFD16.e.1515"}}]}]}
COMMAND: GET /session/fe9a8744fa5c20f6a144cebd64bbd052/screenshot - {}
RESULT: {}
COMMAND: POST /session/fe9a8744fa5c20f6a144cebd64bbd052/execute/sync - {"script":"<script> [79 bytes]","args":[{"element-6066-11e4-a52e-4f735466cecf":"f.382F18D787DED670B4957F188DDD6852.d.BA3DF3DCA88DF4F0ECD2619F227FFD16.e.1515","ELEMENT":"f.382F18D787DED670B4957F188DDD6852.d.BA3DF3DCA88DF4F0ECD2619F227FFD16.e.1515"},{"block":"start","inline":"nearest"}]}
RESULT: {"script":"<script> [79 bytes]","args":[{"element-6066-11e4-a52e-4f735466cecf":"f.382F18D787DED670B4957F188DDD6852.d.BA3DF3DCA88DF4F0ECD2619F227FFD16.e.1515","ELEMENT":"f.382F18D787DED670B4957F188DDD6852.d.BA3DF3DCA88DF4F0ECD2619F227FFD16.e.1515"},{"block":"start","inline":"nearest"}]}
COMMAND: GET /session/fe9a8744fa5c20f6a144cebd64bbd052/screenshot - {}
RESULT: {}
COMMAND: POST /session/fe9a8744fa5c20f6a144cebd64bbd052/element - {"using":"xpath","value":"//span[@id=\"application-manageresources-display-component---newResourceUnit--btnAddTimeSegment-img\"]"}
RESULT: {"using":"xpath","value":"//span[@id=\"application-manageresources-display-component---newResourceUnit--btnAddTimeSegment-img\"]"}
COMMAND: POST /session/fe9a8744fa5c20f6a144cebd64bbd052/execute/sync - {"script":"<script> [8489 bytes]","args":[{"element-6066-11e4-a52e-4f735466cecf":"f.382F18D787DED670B4957F188DDD6852.d.BA3DF3DCA88DF4F0ECD2619F227FFD16.e.1518","ELEMENT":"f.382F18D787DED670B4957F188DDD6852.d.BA3DF3DCA88DF4F0ECD2619F227FFD16.e.1518"}]}
RESULT: {"script":"<script> [8489 bytes]","args":[{"element-6066-11e4-a52e-4f735466cecf":"f.382F18D787DED670B4957F188DDD6852.d.BA3DF3DCA88DF4F0ECD2619F227FFD16.e.1518","ELEMENT":"f.382F18D787DED670B4957F188DDD6852.d.BA3DF3DCA88DF4F0ECD2619F227FFD16.e.1518"}]}
COMMAND: POST /session/fe9a8744fa5c20f6a144cebd64bbd052/element/f.382F18D787DED670B4957F188DDD6852.d.BA3DF3DCA88DF4F0ECD2619F227FFD16.e.1518/click - {}
COMMAND: GET /session/fe9a8744fa5c20f6a144cebd64bbd052/screenshot - {}
RESULT: {}
RESULT: {}
COMMAND: GET /session/fe9a8744fa5c20f6a144cebd64bbd052/screenshot - {}
COMMAND: POST /session/fe9a8744fa5c20f6a144cebd64bbd052/element - {"using":"xpath","value":"//input[@id=\"application-manageresources-display-component---newResourceUnit--idRuTSAdmin-application-manageresources-display-component---newResourceUnit--RUTimeSegment-0-inner\"]"}
RESULT: {}
RESULT: {"using":"xpath","value":"//input[@id=\"application-manageresources-display-component---newResourceUnit--idRuTSAdmin-application-manageresources-display-component---newResourceUnit--RUTimeSegment-0-inner\"]"}
COMMAND: POST /session/fe9a8744fa5c20f6a144cebd64bbd052/element/f.382F18D787DED670B4957F188DDD6852.d.BA3DF3DCA88DF4F0ECD2619F227FFD16.e.1521/clear - {}
RESULT: {}
COMMAND: POST /session/fe9a8744fa5c20f6a144cebd64bbd052/element/f.382F18D787DED670B4957F188DDD6852.d.BA3DF3DCA88DF4F0ECD2619F227FFD16.e.1521/value - {"text":"WebdriverWHMYardmkxuj"}
COMMAND: GET /session/fe9a8744fa5c20f6a144cebd64bbd052/screenshot - {}
RESULT: {"text":"WebdriverWHMYardmkxuj"}
COMMAND: GET /session/fe9a8744fa5c20f6a144cebd64bbd052/screenshot - {}
RESULT: {}
RESULT: {}
COMMAND: POST /session/fe9a8744fa5c20f6a144cebd64bbd052/actions - {"actions":[{"id":"action6","type":"key","parameters":{},"actions":[{"type":"keyDown","value":""},{"type":"pause","duration":10},{"type":"keyUp","value":""}]}]}
RESULT: {"actions":[{"id":"action6","type":"key","parameters":{},"actions":[{"type":"keyDown","value":""},{"type":"pause","duration":10},{"type":"keyUp","value":""}]}]}
COMMAND: GET /session/fe9a8744fa5c20f6a144cebd64bbd052/screenshot - {}
RESULT: {}
COMMAND: POST /session/fe9a8744fa5c20f6a144cebd64bbd052/execute/async - {"script":"<script> [1562 bytes]","args":[{"selector":{"controlType":"sap.m.Button","viewName":"reusables.view.manageresources.NewResourceUnit","viewId":"application-manageresources-display-component---newResourceUnit","i18NText":{"propertyName":"tooltip","key":"save"},"interaction":{"idSuffix":"BDI-content"}},"wdio_ui5_key":"reusablesview.manageresources.NewResourceUnitsap.m.Button{\"propertyName\":\"tooltip\",\"key\":\"save\"}"}]}
RESULT: {"script":"<script> [1562 bytes]","args":[{"selector":{"controlType":"sap.m.Button","viewName":"reusables.view.manageresources.NewResourceUnit","viewId":"application-manageresources-display-component---newResourceUnit","i18NText":{"propertyName":"tooltip","key":"save"},"interaction":{"idSuffix":"BDI-content"}},"wdio_ui5_key":"reusablesview.manageresources.NewResourceUnitsap.m.Button{\"propertyName\":\"tooltip\",\"key\":\"save\"}"}]}
RESULT: undefined
COMMAND: POST /session/fe9a8744fa5c20f6a144cebd64bbd052/element - {"using":"xpath","value":"//*[@id=\"application-manageresources-display-component---newResourceUnit--createRuButton\"]"}
RESULT: {"using":"xpath","value":"//*[@id=\"application-manageresources-display-component---newResourceUnit--createRuButton\"]"}
COMMAND: POST /session/fe9a8744fa5c20f6a144cebd64bbd052/element/f.382F18D787DED670B4957F188DDD6852.d.BA3DF3DCA88DF4F0ECD2619F227FFD16.e.1381/click - {}
RESULT: {}
COMMAND: GET /session/fe9a8744fa5c20f6a144cebd64bbd052/screenshot - {}
RESULT: {}
COMMAND: POST /session/fe9a8744fa5c20f6a144cebd64bbd052/execute/async - {"script":"<script> [1562 bytes]","args":[{"selector":{"controlType":"sap.m.Title","properties":{"text":"Success"},"searchOpenDialogs":true},"wdio_ui5_key":"sapm.Title{\"text\":\"Success\"}"}]}
RESULT: {"script":"<script> [1562 bytes]","args":[{"selector":{"controlType":"sap.m.Title","properties":{"text":"Success"},"searchOpenDialogs":true},"wdio_ui5_key":"sapm.Title{\"text\":\"Success\"}"}]}
RESULT: undefined
COMMAND: POST /session/fe9a8744fa5c20f6a144cebd64bbd052/execute/async - {"script":"<script> [6424 bytes]","args":[{"element-6066-11e4-a52e-4f735466cecf":"f.382F18D787DED670B4957F188DDD6852.d.BA3DF3DCA88DF4F0ECD2619F227FFD16.e.1538"},"getText",[]]}
RESULT: {"script":"<script> [6424 bytes]","args":[{"element-6066-11e4-a52e-4f735466cecf":"f.382F18D787DED670B4957F188DDD6852.d.BA3DF3DCA88DF4F0ECD2619F227FFD16.e.1538"},"getText",[]]}
COMMAND: POST /session/fe9a8744fa5c20f6a144cebd64bbd052/element - {"using":"xpath","value":"//*[contains(@id, '__text') and (contains(text(), 'successfully created') or contains(., 'successfully created'))]"}
RESULT: {"using":"xpath","value":"//*[contains(@id, '__text') and (contains(text(), 'successfully created') or contains(., 'successfully created'))]"}
COMMAND: GET /session/fe9a8744fa5c20f6a144cebd64bbd052/element/f.382F18D787DED670B4957F188DDD6852.d.BA3DF3DCA88DF4F0ECD2619F227FFD16.e.1537/text - {}
RESULT: {}
COMMAND: POST /session/fe9a8744fa5c20f6a144cebd64bbd052/execute/async - {"script":"<script> [1562 bytes]","args":[{"selector":{"controlType":"sap.m.Button","properties":{"text":"Close"},"searchOpenDialogs":true,"interaction":{"idSuffix":"BDI-content"}},"wdio_ui5_key":"sapm.Button{\"text\":\"Close\"}"}]}
RESULT: {"script":"<script> [1562 bytes]","args":[{"selector":{"controlType":"sap.m.Button","properties":{"text":"Close"},"searchOpenDialogs":true,"interaction":{"idSuffix":"BDI-content"}},"wdio_ui5_key":"sapm.Button{\"text\":\"Close\"}"}]}
RESULT: undefined
COMMAND: POST /session/fe9a8744fa5c20f6a144cebd64bbd052/element - {"using":"xpath","value":"//*[@id=\"__mbox-btn-0\"]"}
RESULT: {"using":"xpath","value":"//*[@id=\"__mbox-btn-0\"]"}
COMMAND: POST /session/fe9a8744fa5c20f6a144cebd64bbd052/element/f.382F18D787DED670B4957F188DDD6852.d.BA3DF3DCA88DF4F0ECD2619F227FFD16.e.1534/click - {}
RESULT: {}
COMMAND: GET /session/fe9a8744fa5c20f6a144cebd64bbd052/screenshot - {}
RESULT: {}
COMMAND: POST /session/fe9a8744fa5c20f6a144cebd64bbd052/execute/async - {"script":"<script> [1562 bytes]","args":[{"selector":{"controlType":"sap.ui.core.Icon","viewName":"etm.portal.ui.manageresources.view.Detail","viewId":"application-manageresources-display-component---detailRU","properties":{"src":{"regex":{"source":"overflow"}}}},"wdio_ui5_key":"etmportal.ui.manageresources.view.Detailsap.ui.core.Icon{\"src\":{\"regex\":{\"source\":\"overflow\"}}}"}]}
RESULT: {"script":"<script> [1562 bytes]","args":[{"selector":{"controlType":"sap.ui.core.Icon","viewName":"etm.portal.ui.manageresources.view.Detail","viewId":"application-manageresources-display-component---detailRU","properties":{"src":{"regex":{"source":"overflow"}}}},"wdio_ui5_key":"etmportal.ui.manageresources.view.Detailsap.ui.core.Icon{\"src\":{\"regex\":{\"source\":\"overflow\"}}}"}]}
RESULT: undefined
COMMAND: POST /session/fe9a8744fa5c20f6a144cebd64bbd052/element - {"using":"xpath","value":"//*[@id=\"__title18-_actionsToolbar-overflowButton-img\"]"}
RESULT: {"using":"xpath","value":"//*[@id=\"__title18-_actionsToolbar-overflowButton-img\"]"}
COMMAND: POST /session/fe9a8744fa5c20f6a144cebd64bbd052/element/f.382F18D787DED670B4957F188DDD6852.d.BA3DF3DCA88DF4F0ECD2619F227FFD16.e.1565/click - {}
RESULT: {}
COMMAND: POST /session/fe9a8744fa5c20f6a144cebd64bbd052/execute/async - {"script":"<script> [1562 bytes]","args":[{"selector":{"controlType":"sap.m.Button","viewName":"etm.portal.ui.manageresources.view.Detail","viewId":"application-manageresources-display-component---detailRU","i18NText":{"propertyName":"tooltip","key":"closeColumn"},"searchOpenDialogs":true,"interaction":{"idSuffix":"inner"}},"wdio_ui5_key":"etmportal.ui.manageresources.view.Detailsap.m.Button{\"propertyName\":\"tooltip\",\"key\":\"closeColumn\"}"}]}
COMMAND: GET /session/fe9a8744fa5c20f6a144cebd64bbd052/screenshot - {}
RESULT: {"script":"<script> [1562 bytes]","args":[{"selector":{"controlType":"sap.m.Button","viewName":"etm.portal.ui.manageresources.view.Detail","viewId":"application-manageresources-display-component---detailRU","i18NText":{"propertyName":"tooltip","key":"closeColumn"},"searchOpenDialogs":true,"interaction":{"idSuffix":"inner"}},"wdio_ui5_key":"etmportal.ui.manageresources.view.Detailsap.m.Button{\"propertyName\":\"tooltip\",\"key\":\"closeColumn\"}"}]}
RESULT: undefined
COMMAND: POST /session/fe9a8744fa5c20f6a144cebd64bbd052/element - {"using":"xpath","value":"//*[@id=\"__button51\"]"}
RESULT: {}
RESULT: {"using":"xpath","value":"//*[@id=\"__button51\"]"}
COMMAND: POST /session/fe9a8744fa5c20f6a144cebd64bbd052/element/f.382F18D787DED670B4957F188DDD6852.d.BA3DF3DCA88DF4F0ECD2619F227FFD16.e.1567/click - {}
RESULT: {}
COMMAND: GET /session/fe9a8744fa5c20f6a144cebd64bbd052/screenshot - {}
RESULT: {}
COMMAND: POST /session/fe9a8744fa5c20f6a144cebd64bbd052/refresh - {}
RESULT: {}
COMMAND: GET /session/fe9a8744fa5c20f6a144cebd64bbd052/screenshot - {}
RESULT: {}
COMMAND: POST /session/fe9a8744fa5c20f6a144cebd64bbd052/execute/async - {"script":"<script> [189 bytes]","args":[]}
RESULT: {"script":"<script> [189 bytes]","args":[]}
COMMAND: POST /session/fe9a8744fa5c20f6a144cebd64bbd052/execute/async - {"script":"<script> [123 bytes]","args":[]}
RESULT: {"script":"<script> [123 bytes]","args":[]}
COMMAND: POST /session/fe9a8744fa5c20f6a144cebd64bbd052/timeouts - {"script":"<number>"}
RESULT: {"script":"<number>"}
COMMAND: GET /session/fe9a8744fa5c20f6a144cebd64bbd052/timeouts - {}
RESULT: {}
RESULT: undefined
COMMAND: POST /session/fe9a8744fa5c20f6a144cebd64bbd052/execute/async - {"script":"<script> [2676 bytes]","args":[]}
RESULT: {"script":"<script> [2676 bytes]","args":[]}
COMMAND: POST /session/fe9a8744fa5c20f6a144cebd64bbd052/execute/async - {"script":"<script> [2342 bytes]","args":[{"protocol":"http","hostname":"0.0.0.0","path":"/","capabilities":{"browserName":"chrome","goog:chromeOptions":{"binary":"C:\\Program Files\\Google\\Chrome\\Application\\chrome.exe","args":["--start-maximized"]}},"logLevel":"warn","connectionRetryTimeout":120000,"connectionRetryCount":3,"logLevels":{},"enableDirectConnect":true,"strictSSL":true,"_":"65 more keys: [\"cacheDir\",\"port\",\"requestedCapabilities\",\"automationProtocol\",\"baseUrl\",\"waitforInterval\",\"waitforTimeout\",\"onReload\",\"beforeCommand\",\"afterCommand\",\"rootDir\",\"specs\",\"suites\",\"exclude\",\"groupLogsByTestSpec\",\"excludeDriverLogs\",\"bail\",\"framework\",\"reporters\",\"services\",\"maxInstances\",\"maxInstancesPerCapability\",\"injectGlobals\",\"filesToWatch\",\"execArgv\",\"runnerEnv\",\"runner\",\"shard\",\"specFileRetries\",\"specFileRetriesDelay\",\"specFileRetriesDeferred\",\"reporterSyncInterval\",\"reporterSyncTimeout\",\"cucumberFeaturesWithLineNumbers\",\"autoCompileOpts\",\"mochaOpts\",\"jasmineOpts\",\"cucumberOpts\",\"onPrepare\",\"onWorkerStart\",\"onWorkerEnd\",\"before\",\"beforeSession\",\"beforeSuite\",\"beforeHook\",\"beforeTest\",\"afterTest\",\"afterHook\",\"afterSuite\",\"afterSession\",\"after\",\"onComplete\",\"beforeAssertion\",\"afterAssertion\",\"beforeFeature\",\"beforeScenario\",\"beforeStep\",\"afterStep\",\"afterScenario\",\"afterFeature\",\"_\",\"suite\",\"$0\",\"ignoredWorkerServices\",\"wdi5\"]"}]}
RESULT: {"script":"<script> [2342 bytes]","args":[{"protocol":"http","hostname":"0.0.0.0","path":"/","capabilities":{"browserName":"chrome","goog:chromeOptions":{"binary":"C:\\Program Files\\Google\\Chrome\\Application\\chrome.exe","args":["--start-maximized"]}},"logLevel":"warn","connectionRetryTimeout":120000,"connectionRetryCount":3,"logLevels":{},"enableDirectConnect":true,"strictSSL":true,"_":"65 more keys: [\"cacheDir\",\"port\",\"requestedCapabilities\",\"automationProtocol\",\"baseUrl\",\"waitforInterval\",\"waitforTimeout\",\"onReload\",\"beforeCommand\",\"afterCommand\",\"rootDir\",\"specs\",\"suites\",\"exclude\",\"groupLogsByTestSpec\",\"excludeDriverLogs\",\"bail\",\"framework\",\"reporters\",\"services\",\"maxInstances\",\"maxInstancesPerCapability\",\"injectGlobals\",\"filesToWatch\",\"execArgv\",\"runnerEnv\",\"runner\",\"shard\",\"specFileRetries\",\"specFileRetriesDelay\",\"specFileRetriesDeferred\",\"reporterSyncInterval\",\"reporterSyncTimeout\",\"cucumberFeaturesWithLineNumbers\",\"autoCompileOpts\",\"mochaOpts\",\"jasmineOpts\",\"cucumberOpts\",\"onPrepare\",\"onWorkerStart\",\"onWorkerEnd\",\"before\",\"beforeSession\",\"beforeSuite\",\"beforeHook\",\"beforeTest\",\"afterTest\",\"afterHook\",\"afterSuite\",\"afterSession\",\"after\",\"onComplete\",\"beforeAssertion\",\"afterAssertion\",\"beforeFeature\",\"beforeScenario\",\"beforeStep\",\"afterStep\",\"afterScenario\",\"afterFeature\",\"_\",\"suite\",\"$0\",\"ignoredWorkerServices\",\"wdi5\"]"}]}
COMMAND: POST /session/fe9a8744fa5c20f6a144cebd64bbd052/execute/async - {"script":"<script> [21126 bytes]","args":[35000]}
RESULT: {"script":"<script> [21126 bytes]","args":[35000]}
COMMAND: POST /session/fe9a8744fa5c20f6a144cebd64bbd052/element - {"using":"css selector","value":"#shell-header-logo"}
RESULT: {"using":"css selector","value":"#shell-header-logo"}
COMMAND: POST /session/fe9a8744fa5c20f6a144cebd64bbd052/element/f.382F18D787DED670B4957F188DDD6852.d.8AED6C4E9962A38887CD36F624F24EF6.e.1631/click - {}
RESULT: {}
COMMAND: GET /session/fe9a8744fa5c20f6a144cebd64bbd052/screenshot - {}
RESULT: {}
COMMAND: POST /session/fe9a8744fa5c20f6a144cebd64bbd052/element - {"using":"css selector","value":"#shell-header-logo"}
RESULT: {"using":"css selector","value":"#shell-header-logo"}
COMMAND: POST /session/fe9a8744fa5c20f6a144cebd64bbd052/element/f.382F18D787DED670B4957F188DDD6852.d.8AED6C4E9962A38887CD36F624F24EF6.e.1817/click - {}
RESULT: {}
COMMAND: GET /session/fe9a8744fa5c20f6a144cebd64bbd052/screenshot - {}
RESULT: {}
]]></system-out>
    </testcase>
    <testcase classname="chrome.136_0_7103_93.windows.Warehouse_movements_inventory_test" name="Should do a stock increase handover" time="89.919">
      <system-out><![CDATA[
COMMAND: POST /session/fe9a8744fa5c20f6a144cebd64bbd052/execute/async - {"script":"<script> [1562 bytes]","args":[{"selector":{"controlType":"sap.m.GenericTile","properties":{"header":"Manage Handovers"}},"wdio_ui5_key":"sapm.GenericTile{\"header\":\"Manage Handovers\"}"}]}
RESULT: {"script":"<script> [1562 bytes]","args":[{"selector":{"controlType":"sap.m.GenericTile","properties":{"header":"Manage Handovers"}},"wdio_ui5_key":"sapm.GenericTile{\"header\":\"Manage Handovers\"}"}]}
RESULT: undefined
COMMAND: POST /session/fe9a8744fa5c20f6a144cebd64bbd052/element - {"using":"xpath","value":"//*[@id=\"__tile133\"]"}
RESULT: {"using":"xpath","value":"//*[@id=\"__tile133\"]"}
COMMAND: POST /session/fe9a8744fa5c20f6a144cebd64bbd052/element/f.382F18D787DED670B4957F188DDD6852.d.8AED6C4E9962A38887CD36F624F24EF6.e.1818/click - {}
RESULT: {}
COMMAND: GET /session/fe9a8744fa5c20f6a144cebd64bbd052/screenshot - {}
RESULT: {}
COMMAND: POST /session/fe9a8744fa5c20f6a144cebd64bbd052/elements - {"using":"xpath","value":"//span[text()='Error']"}
RESULT: {"using":"xpath","value":"//span[text()='Error']"}
COMMAND: POST /session/fe9a8744fa5c20f6a144cebd64bbd052/element - {"using":"xpath","value":"//button[(@data-kt = 'masterHOAddButton')]"}
RESULT: {"using":"xpath","value":"//button[(@data-kt = 'masterHOAddButton')]"}
COMMAND: POST /session/fe9a8744fa5c20f6a144cebd64bbd052/element/f.382F18D787DED670B4957F188DDD6852.d.8AED6C4E9962A38887CD36F624F24EF6.e.1860/click - {}
RESULT: {}
COMMAND: GET /session/fe9a8744fa5c20f6a144cebd64bbd052/screenshot - {}
RESULT: {}
COMMAND: POST /session/fe9a8744fa5c20f6a144cebd64bbd052/element - {"using":"xpath","value":"//span[contains(@id ,\"AddNewHO--typeSelect-arrow\")]"}
RESULT: {"using":"xpath","value":"//span[contains(@id ,\"AddNewHO--typeSelect-arrow\")]"}
COMMAND: POST /session/fe9a8744fa5c20f6a144cebd64bbd052/element/f.382F18D787DED670B4957F188DDD6852.d.8AED6C4E9962A38887CD36F624F24EF6.e.2111/click - {}
RESULT: {}
COMMAND: POST /session/fe9a8744fa5c20f6a144cebd64bbd052/element - {"using":"xpath","value":"(//li[contains(text(), \"stock increase yard\")])[1]"}
COMMAND: GET /session/fe9a8744fa5c20f6a144cebd64bbd052/screenshot - {}
RESULT: {"using":"xpath","value":"(//li[contains(text(), \"stock increase yard\")])[1]"}
COMMAND: POST /session/fe9a8744fa5c20f6a144cebd64bbd052/element/f.382F18D787DED670B4957F188DDD6852.d.8AED6C4E9962A38887CD36F624F24EF6.e.2112/click - {}
RESULT: {}
RESULT: {}
COMMAND: GET /session/fe9a8744fa5c20f6a144cebd64bbd052/screenshot - {}
RESULT: {}
COMMAND: POST /session/fe9a8744fa5c20f6a144cebd64bbd052/execute/async - {"script":"<script> [1562 bytes]","args":[{"selector":{"id":"application-managehandovers-display-component---AddNewHO--dueDate","interaction":{"idSuffix":"inner"}},"wdio_ui5_key":"applicationmanagehandovers-display-component---AddNewHO--dueDate"}]}
RESULT: {"script":"<script> [1562 bytes]","args":[{"selector":{"id":"application-managehandovers-display-component---AddNewHO--dueDate","interaction":{"idSuffix":"inner"}},"wdio_ui5_key":"applicationmanagehandovers-display-component---AddNewHO--dueDate"}]}
RESULT: undefined
COMMAND: POST /session/fe9a8744fa5c20f6a144cebd64bbd052/execute/async - {"script":"<script> [6424 bytes]","args":[{"element-6066-11e4-a52e-4f735466cecf":"f.382F18D787DED670B4957F188DDD6852.d.8AED6C4E9962A38887CD36F624F24EF6.e.2116"},"setValue",["6/01/25"]]}
RESULT: {"script":"<script> [6424 bytes]","args":[{"element-6066-11e4-a52e-4f735466cecf":"f.382F18D787DED670B4957F188DDD6852.d.8AED6C4E9962A38887CD36F624F24EF6.e.2116"},"setValue",["6/01/25"]]}
COMMAND: POST /session/fe9a8744fa5c20f6a144cebd64bbd052/element - {"using":"xpath","value":"//input[@id=\"generalSectionFrg--receiveYard-inner\"]"}
RESULT: {"using":"xpath","value":"//input[@id=\"generalSectionFrg--receiveYard-inner\"]"}
COMMAND: POST /session/fe9a8744fa5c20f6a144cebd64bbd052/element/f.382F18D787DED670B4957F188DDD6852.d.8AED6C4E9962A38887CD36F624F24EF6.e.2122/clear - {}
RESULT: {}
COMMAND: POST /session/fe9a8744fa5c20f6a144cebd64bbd052/element/f.382F18D787DED670B4957F188DDD6852.d.8AED6C4E9962A38887CD36F624F24EF6.e.2122/value - {"text":"WebdriverWHMYardmkxuj"}
COMMAND: GET /session/fe9a8744fa5c20f6a144cebd64bbd052/screenshot - {}
RESULT: {"text":"WebdriverWHMYardmkxuj"}
COMMAND: GET /session/fe9a8744fa5c20f6a144cebd64bbd052/screenshot - {}
RESULT: {}
RESULT: {}
COMMAND: POST /session/fe9a8744fa5c20f6a144cebd64bbd052/execute/async - {"script":"<script> [1562 bytes]","args":[{"selector":{"id":"application-managehandovers-display-component---AddNewHO--ObjectPageLayout-anchBar-application-managehandovers-display-component---AddNewHO--section4-anchor","interaction":{"idSuffix":"BDI-content"}},"wdio_ui5_key":"applicationmanagehandovers-display-component---AddNewHO--ObjectPageLayout-anchBar-application-managehandovers-display-component---AddNewHO--section4-anchor"}]}
RESULT: {"script":"<script> [1562 bytes]","args":[{"selector":{"id":"application-managehandovers-display-component---AddNewHO--ObjectPageLayout-anchBar-application-managehandovers-display-component---AddNewHO--section4-anchor","interaction":{"idSuffix":"BDI-content"}},"wdio_ui5_key":"applicationmanagehandovers-display-component---AddNewHO--ObjectPageLayout-anchBar-application-managehandovers-display-component---AddNewHO--section4-anchor"}]}
RESULT: undefined
COMMAND: POST /session/fe9a8744fa5c20f6a144cebd64bbd052/element - {"using":"xpath","value":"//*[@id=\"application-managehandovers-display-component---AddNewHO--ObjectPageLayout-anchBar-application-managehandovers-display-component---AddNewHO--section4-anchor\"]"}
RESULT: {"using":"xpath","value":"//*[@id=\"application-managehandovers-display-component---AddNewHO--ObjectPageLayout-anchBar-application-managehandovers-display-component---AddNewHO--section4-anchor\"]"}
COMMAND: POST /session/fe9a8744fa5c20f6a144cebd64bbd052/element/f.382F18D787DED670B4957F188DDD6852.d.8AED6C4E9962A38887CD36F624F24EF6.e.2139/click - {}
RESULT: {}
COMMAND: GET /session/fe9a8744fa5c20f6a144cebd64bbd052/screenshot - {}
RESULT: {}
COMMAND: POST /session/fe9a8744fa5c20f6a144cebd64bbd052/element - {"using":"xpath","value":"//button[@aria-label=\"Add\"]"}
RESULT: {"using":"xpath","value":"//button[@aria-label=\"Add\"]"}
COMMAND: POST /session/fe9a8744fa5c20f6a144cebd64bbd052/element/f.382F18D787DED670B4957F188DDD6852.d.8AED6C4E9962A38887CD36F624F24EF6.e.2143/click - {}
RESULT: {}
COMMAND: GET /session/fe9a8744fa5c20f6a144cebd64bbd052/screenshot - {}
RESULT: {}
COMMAND: POST /session/fe9a8744fa5c20f6a144cebd64bbd052/execute/async - {"script":"<script> [1562 bytes]","args":[{"selector":{"id":"application-managehandovers-display-component---AddNewHO--smartFilterBar-btnBasicSearch","searchOpenDialogs":true,"interaction":{"idSuffix":"I"}},"wdio_ui5_key":"applicationmanagehandovers-display-component---AddNewHO--smartFilterBar-btnBasicSearch"}]}
RESULT: {"script":"<script> [1562 bytes]","args":[{"selector":{"id":"application-managehandovers-display-component---AddNewHO--smartFilterBar-btnBasicSearch","searchOpenDialogs":true,"interaction":{"idSuffix":"I"}},"wdio_ui5_key":"applicationmanagehandovers-display-component---AddNewHO--smartFilterBar-btnBasicSearch"}]}
RESULT: undefined
COMMAND: POST /session/fe9a8744fa5c20f6a144cebd64bbd052/execute/async - {"script":"<script> [776 bytes]","args":[{"enterText":"WebdriverMatTestw2kom","selector":{"id":"application-managehandovers-display-component---AddNewHO--smartFilterBar-btnBasicSearch","searchOpenDialogs":true,"interaction":{"idSuffix":"I"}},"clearTextFirst":true,"interactionType":"ENTER_TEXT"}]}
RESULT: {"script":"<script> [776 bytes]","args":[{"enterText":"WebdriverMatTestw2kom","selector":{"id":"application-managehandovers-display-component---AddNewHO--smartFilterBar-btnBasicSearch","searchOpenDialogs":true,"interaction":{"idSuffix":"I"}},"clearTextFirst":true,"interactionType":"ENTER_TEXT"}]}
COMMAND: POST /session/fe9a8744fa5c20f6a144cebd64bbd052/actions - {"actions":[{"id":"action7","type":"key","parameters":{},"actions":[{"type":"keyDown","value":""},{"type":"pause","duration":10},{"type":"keyUp","value":""}]}]}
RESULT: {"actions":[{"id":"action7","type":"key","parameters":{},"actions":[{"type":"keyDown","value":""},{"type":"pause","duration":10},{"type":"keyUp","value":""}]}]}
COMMAND: POST /session/fe9a8744fa5c20f6a144cebd64bbd052/execute/async - {"script":"<script> [1562 bytes]","args":[{"selector":{"id":"application-managehandovers-display-component---AddNewHO--popup-sa","searchOpenDialogs":true,"interaction":{"idSuffix":"CbBg"}},"wdio_ui5_key":"applicationmanagehandovers-display-component---AddNewHO--popup-sa"}]}
COMMAND: GET /session/fe9a8744fa5c20f6a144cebd64bbd052/screenshot - {}
RESULT: {"script":"<script> [1562 bytes]","args":[{"selector":{"id":"application-managehandovers-display-component---AddNewHO--popup-sa","searchOpenDialogs":true,"interaction":{"idSuffix":"CbBg"}},"wdio_ui5_key":"applicationmanagehandovers-display-component---AddNewHO--popup-sa"}]}
RESULT: undefined
COMMAND: POST /session/fe9a8744fa5c20f6a144cebd64bbd052/element - {"using":"xpath","value":"//*[@id=\"application-managehandovers-display-component---AddNewHO--popup-sa\"]"}
RESULT: {}
RESULT: {"using":"xpath","value":"//*[@id=\"application-managehandovers-display-component---AddNewHO--popup-sa\"]"}
COMMAND: POST /session/fe9a8744fa5c20f6a144cebd64bbd052/element/f.382F18D787DED670B4957F188DDD6852.d.8AED6C4E9962A38887CD36F624F24EF6.e.2296/click - {}
RESULT: {}
COMMAND: GET /session/fe9a8744fa5c20f6a144cebd64bbd052/screenshot - {}
RESULT: {}
COMMAND: POST /session/fe9a8744fa5c20f6a144cebd64bbd052/element - {"using":"xpath","value":"//bdi[contains(text(), \"Select\")]"}
RESULT: {"using":"xpath","value":"//bdi[contains(text(), \"Select\")]"}
COMMAND: POST /session/fe9a8744fa5c20f6a144cebd64bbd052/element/f.382F18D787DED670B4957F188DDD6852.d.8AED6C4E9962A38887CD36F624F24EF6.e.2297/click - {}
RESULT: {}
COMMAND: GET /session/fe9a8744fa5c20f6a144cebd64bbd052/screenshot - {}
RESULT: {}
COMMAND: POST /session/fe9a8744fa5c20f6a144cebd64bbd052/element - {"using":"xpath","value":"//button[@data-kt=\"AddNewHOSaveButton\"]"}
RESULT: {"using":"xpath","value":"//button[@data-kt=\"AddNewHOSaveButton\"]"}
COMMAND: POST /session/fe9a8744fa5c20f6a144cebd64bbd052/element/f.382F18D787DED670B4957F188DDD6852.d.8AED6C4E9962A38887CD36F624F24EF6.e.2303/click - {}
RESULT: {}
COMMAND: GET /session/fe9a8744fa5c20f6a144cebd64bbd052/screenshot - {}
RESULT: {}
COMMAND: POST /session/fe9a8744fa5c20f6a144cebd64bbd052/execute/async - {"script":"<script> [1562 bytes]","args":[{"selector":{"id":"receiptDatePicker","viewName":"etm.portal.ui.managehandovers.view.DetailExecuteHO","interaction":{"idSuffix":"inner"}},"wdio_ui5_key":"receiptDatePickeretmportal.ui.managehandovers.view.DetailExecuteHO"}]}
RESULT: {"script":"<script> [1562 bytes]","args":[{"selector":{"id":"receiptDatePicker","viewName":"etm.portal.ui.managehandovers.view.DetailExecuteHO","interaction":{"idSuffix":"inner"}},"wdio_ui5_key":"receiptDatePickeretmportal.ui.managehandovers.view.DetailExecuteHO"}]}
RESULT: undefined
COMMAND: POST /session/fe9a8744fa5c20f6a144cebd64bbd052/execute/async - {"script":"<script> [6424 bytes]","args":[{"element-6066-11e4-a52e-4f735466cecf":"f.382F18D787DED670B4957F188DDD6852.d.8AED6C4E9962A38887CD36F624F24EF6.e.2330"},"setValue",["6/01/25"]]}
RESULT: {"script":"<script> [6424 bytes]","args":[{"element-6066-11e4-a52e-4f735466cecf":"f.382F18D787DED670B4957F188DDD6852.d.8AED6C4E9962A38887CD36F624F24EF6.e.2330"},"setValue",["6/01/25"]]}
COMMAND: POST /session/fe9a8744fa5c20f6a144cebd64bbd052/element - {"using":"xpath","value":"//button[@data-kt=\"ReceivingTableConfirmAllButton\"]"}
RESULT: {"using":"xpath","value":"//button[@data-kt=\"ReceivingTableConfirmAllButton\"]"}
COMMAND: POST /session/fe9a8744fa5c20f6a144cebd64bbd052/element/f.382F18D787DED670B4957F188DDD6852.d.8AED6C4E9962A38887CD36F624F24EF6.e.2348/click - {}
RESULT: {}
COMMAND: GET /session/fe9a8744fa5c20f6a144cebd64bbd052/screenshot - {}
RESULT: {}
COMMAND: POST /session/fe9a8744fa5c20f6a144cebd64bbd052/element - {"using":"xpath","value":"//bdi[contains(text(), \"OK\")]"}
RESULT: {"using":"xpath","value":"//bdi[contains(text(), \"OK\")]"}
COMMAND: POST /session/fe9a8744fa5c20f6a144cebd64bbd052/element/f.382F18D787DED670B4957F188DDD6852.d.8AED6C4E9962A38887CD36F624F24EF6.e.2350/click - {}
RESULT: {}
COMMAND: GET /session/fe9a8744fa5c20f6a144cebd64bbd052/screenshot - {}
RESULT: {}
COMMAND: POST /session/fe9a8744fa5c20f6a144cebd64bbd052/element - {"using":"xpath","value":"(//bdi[contains(text(), \"Receive\")])[2]"}
RESULT: {"using":"xpath","value":"(//bdi[contains(text(), \"Receive\")])[2]"}
COMMAND: POST /session/fe9a8744fa5c20f6a144cebd64bbd052/element/f.382F18D787DED670B4957F188DDD6852.d.8AED6C4E9962A38887CD36F624F24EF6.e.2352/click - {}
RESULT: {}
COMMAND: GET /session/fe9a8744fa5c20f6a144cebd64bbd052/screenshot - {}
RESULT: {}
COMMAND: POST /session/fe9a8744fa5c20f6a144cebd64bbd052/element - {"using":"css selector","value":"#shell-header-logo"}
RESULT: {"using":"css selector","value":"#shell-header-logo"}
COMMAND: POST /session/fe9a8744fa5c20f6a144cebd64bbd052/element/f.382F18D787DED670B4957F188DDD6852.d.8AED6C4E9962A38887CD36F624F24EF6.e.1817/click - {}
RESULT: {}
COMMAND: GET /session/fe9a8744fa5c20f6a144cebd64bbd052/screenshot - {}
RESULT: {}
]]></system-out>
    </testcase>
    <testcase classname="chrome.136_0_7103_93.windows.Warehouse_movements_inventory_test" name="Verify the warehouse movement" time="66.359">
      <system-out><![CDATA[
COMMAND: POST /session/fe9a8744fa5c20f6a144cebd64bbd052/execute/async - {"script":"<script> [1562 bytes]","args":[{"selector":{"controlType":"sap.m.GenericTile","properties":{"header":"Manage Warehouse Movements"}},"wdio_ui5_key":"sapm.GenericTile{\"header\":\"Manage Warehouse Movements\"}"}]}
RESULT: {"script":"<script> [1562 bytes]","args":[{"selector":{"controlType":"sap.m.GenericTile","properties":{"header":"Manage Warehouse Movements"}},"wdio_ui5_key":"sapm.GenericTile{\"header\":\"Manage Warehouse Movements\"}"}]}
RESULT: undefined
COMMAND: POST /session/fe9a8744fa5c20f6a144cebd64bbd052/element - {"using":"xpath","value":"//*[@id=\"__tile105\"]"}
RESULT: {"using":"xpath","value":"//*[@id=\"__tile105\"]"}
COMMAND: POST /session/fe9a8744fa5c20f6a144cebd64bbd052/element/f.382F18D787DED670B4957F188DDD6852.d.8AED6C4E9962A38887CD36F624F24EF6.e.2506/click - {}
RESULT: {}
COMMAND: GET /session/fe9a8744fa5c20f6a144cebd64bbd052/screenshot - {}
RESULT: {}
COMMAND: POST /session/fe9a8744fa5c20f6a144cebd64bbd052/elements - {"using":"xpath","value":"//span[text()='Error']"}
RESULT: {"using":"xpath","value":"//span[text()='Error']"}
COMMAND: POST /session/fe9a8744fa5c20f6a144cebd64bbd052/execute/async - {"script":"<script> [1562 bytes]","args":[{"selector":{"id":"application-warehousemovements-display-component---warehouseMovements--smartFilterBar-filterItemControl_BASIC-YARD-vhi"},"wdio_ui5_key":"applicationwarehousemovements-display-component---warehouseMovements--smartFilterBar-filterItemControl_BASIC-YARD-vhi"}]}
RESULT: {"script":"<script> [1562 bytes]","args":[{"selector":{"id":"application-warehousemovements-display-component---warehouseMovements--smartFilterBar-filterItemControl_BASIC-YARD-vhi"},"wdio_ui5_key":"applicationwarehousemovements-display-component---warehouseMovements--smartFilterBar-filterItemControl_BASIC-YARD-vhi"}]}
RESULT: undefined
COMMAND: POST /session/fe9a8744fa5c20f6a144cebd64bbd052/element - {"using":"xpath","value":"//*[@id=\"application-warehousemovements-display-component---warehouseMovements--smartFilterBar-filterItemControl_BASIC-YARD-vhi\"]"}
RESULT: {"using":"xpath","value":"//*[@id=\"application-warehousemovements-display-component---warehouseMovements--smartFilterBar-filterItemControl_BASIC-YARD-vhi\"]"}
COMMAND: POST /session/fe9a8744fa5c20f6a144cebd64bbd052/element/f.382F18D787DED670B4957F188DDD6852.d.8AED6C4E9962A38887CD36F624F24EF6.e.2597/click - {}
RESULT: {}
COMMAND: GET /session/fe9a8744fa5c20f6a144cebd64bbd052/screenshot - {}
RESULT: {}
COMMAND: POST /session/fe9a8744fa5c20f6a144cebd64bbd052/execute/async - {"script":"<script> [1562 bytes]","args":[{"selector":{"id":"application-warehousemovements-display-component---warehouseMovements--smartFilterBar-filterItemControl_BASIC-YARD-valueHelpDialog-smartFilterBar-btnBasicSearch","searchOpenDialogs":true,"interaction":{"idSuffix":"I"}},"wdio_ui5_key":"applicationwarehousemovements-display-component---warehouseMovements--smartFilterBar-filterItemControl_BASIC-YARD-valueHelpDialog-smartFilterBar-btnBasicSearch"}]}
RESULT: {"script":"<script> [1562 bytes]","args":[{"selector":{"id":"application-warehousemovements-display-component---warehouseMovements--smartFilterBar-filterItemControl_BASIC-YARD-valueHelpDialog-smartFilterBar-btnBasicSearch","searchOpenDialogs":true,"interaction":{"idSuffix":"I"}},"wdio_ui5_key":"applicationwarehousemovements-display-component---warehouseMovements--smartFilterBar-filterItemControl_BASIC-YARD-valueHelpDialog-smartFilterBar-btnBasicSearch"}]}
RESULT: undefined
COMMAND: POST /session/fe9a8744fa5c20f6a144cebd64bbd052/execute/async - {"script":"<script> [776 bytes]","args":[{"enterText":"WebdriverWHMYardmkxuj","selector":{"id":"application-warehousemovements-display-component---warehouseMovements--smartFilterBar-filterItemControl_BASIC-YARD-valueHelpDialog-smartFilterBar-btnBasicSearch","searchOpenDialogs":true,"interaction":{"idSuffix":"I"}},"clearTextFirst":true,"interactionType":"ENTER_TEXT"}]}
RESULT: {"script":"<script> [776 bytes]","args":[{"enterText":"WebdriverWHMYardmkxuj","selector":{"id":"application-warehousemovements-display-component---warehouseMovements--smartFilterBar-filterItemControl_BASIC-YARD-valueHelpDialog-smartFilterBar-btnBasicSearch","searchOpenDialogs":true,"interaction":{"idSuffix":"I"}},"clearTextFirst":true,"interactionType":"ENTER_TEXT"}]}
COMMAND: POST /session/fe9a8744fa5c20f6a144cebd64bbd052/actions - {"actions":[{"id":"action8","type":"key","parameters":{},"actions":[{"type":"keyDown","value":""},{"type":"pause","duration":10},{"type":"keyUp","value":""}]}]}
RESULT: {"actions":[{"id":"action8","type":"key","parameters":{},"actions":[{"type":"keyDown","value":""},{"type":"pause","duration":10},{"type":"keyUp","value":""}]}]}
COMMAND: GET /session/fe9a8744fa5c20f6a144cebd64bbd052/screenshot - {}
RESULT: {}
COMMAND: POST /session/fe9a8744fa5c20f6a144cebd64bbd052/element - {"using":"xpath","value":"//div[@id='application-warehousemovements-display-component---warehouseMovements--smartFilterBar-filterItemControl_BASIC-YARD-valueHelpDialog-table-rowsel0']"}
RESULT: {"using":"xpath","value":"//div[@id='application-warehousemovements-display-component---warehouseMovements--smartFilterBar-filterItemControl_BASIC-YARD-valueHelpDialog-table-rowsel0']"}
COMMAND: POST /session/fe9a8744fa5c20f6a144cebd64bbd052/element/f.382F18D787DED670B4957F188DDD6852.d.8AED6C4E9962A38887CD36F624F24EF6.e.2607/click - {}
RESULT: {}
COMMAND: POST /session/fe9a8744fa5c20f6a144cebd64bbd052/execute/async - {"script":"<script> [1562 bytes]","args":[{"selector":{"id":"application-warehousemovements-display-component---warehouseMovements--smartFilterBar-filterItemControl_BASIC-YARD-valueHelpDialog-ok","searchOpenDialogs":true,"interaction":{"idSuffix":"BDI-content"}},"wdio_ui5_key":"applicationwarehousemovements-display-component---warehouseMovements--smartFilterBar-filterItemControl_BASIC-YARD-valueHelpDialog-ok"}]}
COMMAND: GET /session/fe9a8744fa5c20f6a144cebd64bbd052/screenshot - {}
RESULT: {}
RESULT: {"script":"<script> [1562 bytes]","args":[{"selector":{"id":"application-warehousemovements-display-component---warehouseMovements--smartFilterBar-filterItemControl_BASIC-YARD-valueHelpDialog-ok","searchOpenDialogs":true,"interaction":{"idSuffix":"BDI-content"}},"wdio_ui5_key":"applicationwarehousemovements-display-component---warehouseMovements--smartFilterBar-filterItemControl_BASIC-YARD-valueHelpDialog-ok"}]}
RESULT: undefined
COMMAND: POST /session/fe9a8744fa5c20f6a144cebd64bbd052/element - {"using":"xpath","value":"//*[@id=\"application-warehousemovements-display-component---warehouseMovements--smartFilterBar-filterItemControl_BASIC-YARD-valueHelpDialog-ok\"]"}
RESULT: {"using":"xpath","value":"//*[@id=\"application-warehousemovements-display-component---warehouseMovements--smartFilterBar-filterItemControl_BASIC-YARD-valueHelpDialog-ok\"]"}
COMMAND: POST /session/fe9a8744fa5c20f6a144cebd64bbd052/element/f.382F18D787DED670B4957F188DDD6852.d.8AED6C4E9962A38887CD36F624F24EF6.e.2610/click - {}
RESULT: {}
COMMAND: POST /session/fe9a8744fa5c20f6a144cebd64bbd052/execute/async - {"script":"<script> [1562 bytes]","args":[{"selector":{"controlType":"sap.ui.core.Icon","viewName":"etm.portal.ui.warehousemovements.view.MasterMovement","viewId":"application-warehousemovements-display-component---warehouseMovements","properties":{"src":{"regex":{"source":"add"}}}},"wdio_ui5_key":"etmportal.ui.warehousemovements.view.MasterMovementsap.ui.core.Icon{\"src\":{\"regex\":{\"source\":\"add\"}}}"}]}
COMMAND: GET /session/fe9a8744fa5c20f6a144cebd64bbd052/screenshot - {}
RESULT: {"script":"<script> [1562 bytes]","args":[{"selector":{"controlType":"sap.ui.core.Icon","viewName":"etm.portal.ui.warehousemovements.view.MasterMovement","viewId":"application-warehousemovements-display-component---warehouseMovements","properties":{"src":{"regex":{"source":"add"}}}},"wdio_ui5_key":"etmportal.ui.warehousemovements.view.MasterMovementsap.ui.core.Icon{\"src\":{\"regex\":{\"source\":\"add\"}}}"}]}
RESULT: undefined
COMMAND: POST /session/fe9a8744fa5c20f6a144cebd64bbd052/element - {"using":"xpath","value":"//*[@id=\"__button77-img\"]"}
RESULT: {}
RESULT: {"using":"xpath","value":"//*[@id=\"__button77-img\"]"}
COMMAND: POST /session/fe9a8744fa5c20f6a144cebd64bbd052/element/f.382F18D787DED670B4957F188DDD6852.d.8AED6C4E9962A38887CD36F624F24EF6.e.2544/click - {}
RESULT: {}
COMMAND: POST /session/fe9a8744fa5c20f6a144cebd64bbd052/element - {"using":"xpath","value":"//input[contains(@id ,\"application-warehousemovements-display-component---addMovement--sectionsList-inner\")]"}
COMMAND: GET /session/fe9a8744fa5c20f6a144cebd64bbd052/screenshot - {}
RESULT: {"using":"xpath","value":"//input[contains(@id ,\"application-warehousemovements-display-component---addMovement--sectionsList-inner\")]"}
COMMAND: POST /session/fe9a8744fa5c20f6a144cebd64bbd052/elements - {"using":"xpath","value":"//input[contains(@id ,\"application-warehousemovements-display-component---addMovement--sectionsList-inner\")]"}
RESULT: {}
RESULT: {"using":"xpath","value":"//input[contains(@id ,\"application-warehousemovements-display-component---addMovement--sectionsList-inner\")]"}
COMMAND: POST /session/fe9a8744fa5c20f6a144cebd64bbd052/elements - {"using":"xpath","value":"//input[contains(@id ,\"application-warehousemovements-display-component---addMovement--sectionsList-inner\")]"}
RESULT: {"using":"xpath","value":"//input[contains(@id ,\"application-warehousemovements-display-component---addMovement--sectionsList-inner\")]"}
COMMAND: POST /session/fe9a8744fa5c20f6a144cebd64bbd052/element - {"using":"xpath","value":"//input[contains(@id ,\"application-warehousemovements-display-component---addMovement--sectionsList-inner\")]"}
RESULT: {"using":"xpath","value":"//input[contains(@id ,\"application-warehousemovements-display-component---addMovement--sectionsList-inner\")]"}
COMMAND: POST /session/fe9a8744fa5c20f6a144cebd64bbd052/element/f.382F18D787DED670B4957F188DDD6852.d.8AED6C4E9962A38887CD36F624F24EF6.e.2676/clear - {}
RESULT: {}
COMMAND: POST /session/fe9a8744fa5c20f6a144cebd64bbd052/element/f.382F18D787DED670B4957F188DDD6852.d.8AED6C4E9962A38887CD36F624F24EF6.e.2676/value - {"text":"Secs0ghl"}
COMMAND: GET /session/fe9a8744fa5c20f6a144cebd64bbd052/screenshot - {}
RESULT: {"text":"Secs0ghl"}
COMMAND: GET /session/fe9a8744fa5c20f6a144cebd64bbd052/screenshot - {}
RESULT: {}
RESULT: {}
COMMAND: POST /session/fe9a8744fa5c20f6a144cebd64bbd052/actions - {"actions":[{"id":"action9","type":"key","parameters":{},"actions":[{"type":"keyDown","value":""},{"type":"pause","duration":10},{"type":"keyUp","value":""}]}]}
RESULT: {"actions":[{"id":"action9","type":"key","parameters":{},"actions":[{"type":"keyDown","value":""},{"type":"pause","duration":10},{"type":"keyUp","value":""}]}]}
COMMAND: GET /session/fe9a8744fa5c20f6a144cebd64bbd052/screenshot - {}
RESULT: {}
COMMAND: POST /session/fe9a8744fa5c20f6a144cebd64bbd052/execute/async - {"script":"<script> [1562 bytes]","args":[{"selector":{"id":"application-warehousemovements-display-component---addMovement--addItem-img"},"wdio_ui5_key":"applicationwarehousemovements-display-component---addMovement--addItem-img"}]}
RESULT: {"script":"<script> [1562 bytes]","args":[{"selector":{"id":"application-warehousemovements-display-component---addMovement--addItem-img"},"wdio_ui5_key":"applicationwarehousemovements-display-component---addMovement--addItem-img"}]}
RESULT: undefined
COMMAND: POST /session/fe9a8744fa5c20f6a144cebd64bbd052/element - {"using":"xpath","value":"//*[@id=\"application-warehousemovements-display-component---addMovement--addItem-img\"]"}
RESULT: {"using":"xpath","value":"//*[@id=\"application-warehousemovements-display-component---addMovement--addItem-img\"]"}
COMMAND: POST /session/fe9a8744fa5c20f6a144cebd64bbd052/element/f.382F18D787DED670B4957F188DDD6852.d.8AED6C4E9962A38887CD36F624F24EF6.e.2660/click - {}
RESULT: {}
COMMAND: POST /session/fe9a8744fa5c20f6a144cebd64bbd052/execute/async - {"script":"<script> [1562 bytes]","args":[{"selector":{"id":"movementItemsPopUp--invSearch","searchOpenDialogs":true,"interaction":{"idSuffix":"I"}},"wdio_ui5_key":"movementItemsPopUpinvSearch"}]}
COMMAND: GET /session/fe9a8744fa5c20f6a144cebd64bbd052/screenshot - {}
RESULT: {"script":"<script> [1562 bytes]","args":[{"selector":{"id":"movementItemsPopUp--invSearch","searchOpenDialogs":true,"interaction":{"idSuffix":"I"}},"wdio_ui5_key":"movementItemsPopUpinvSearch"}]}
RESULT: undefined
COMMAND: POST /session/fe9a8744fa5c20f6a144cebd64bbd052/execute/async - {"script":"<script> [776 bytes]","args":[{"enterText":"WebdriverMatTestw2kom","selector":{"id":"movementItemsPopUp--invSearch","searchOpenDialogs":true,"interaction":{"idSuffix":"I"}},"clearTextFirst":true,"interactionType":"ENTER_TEXT"}]}
RESULT: {}
RESULT: {"script":"<script> [776 bytes]","args":[{"enterText":"WebdriverMatTestw2kom","selector":{"id":"movementItemsPopUp--invSearch","searchOpenDialogs":true,"interaction":{"idSuffix":"I"}},"clearTextFirst":true,"interactionType":"ENTER_TEXT"}]}
COMMAND: POST /session/fe9a8744fa5c20f6a144cebd64bbd052/execute/async - {"script":"<script> [1562 bytes]","args":[{"selector":{"id":"movementItemsPopUp--movementItemsTable-sa","searchOpenDialogs":true,"interaction":{"idSuffix":"CbBg"}},"wdio_ui5_key":"movementItemsPopUpmovementItemsTable-sa"}]}
RESULT: {"script":"<script> [1562 bytes]","args":[{"selector":{"id":"movementItemsPopUp--movementItemsTable-sa","searchOpenDialogs":true,"interaction":{"idSuffix":"CbBg"}},"wdio_ui5_key":"movementItemsPopUpmovementItemsTable-sa"}]}
RESULT: undefined
COMMAND: POST /session/fe9a8744fa5c20f6a144cebd64bbd052/element - {"using":"xpath","value":"//*[@id=\"movementItemsPopUp--movementItemsTable-sa\"]"}
RESULT: {"using":"xpath","value":"//*[@id=\"movementItemsPopUp--movementItemsTable-sa\"]"}
COMMAND: POST /session/fe9a8744fa5c20f6a144cebd64bbd052/element/f.382F18D787DED670B4957F188DDD6852.d.8AED6C4E9962A38887CD36F624F24EF6.e.2750/click - {}
RESULT: {}
COMMAND: POST /session/fe9a8744fa5c20f6a144cebd64bbd052/execute/async - {"script":"<script> [1562 bytes]","args":[{"selector":{"id":"movementItemsPopUp--createBtn","searchOpenDialogs":true,"interaction":{"idSuffix":"BDI-content"}},"wdio_ui5_key":"movementItemsPopUpcreateBtn"}]}
COMMAND: GET /session/fe9a8744fa5c20f6a144cebd64bbd052/screenshot - {}
RESULT: {"script":"<script> [1562 bytes]","args":[{"selector":{"id":"movementItemsPopUp--createBtn","searchOpenDialogs":true,"interaction":{"idSuffix":"BDI-content"}},"wdio_ui5_key":"movementItemsPopUpcreateBtn"}]}
RESULT: undefined
COMMAND: POST /session/fe9a8744fa5c20f6a144cebd64bbd052/element - {"using":"xpath","value":"//*[@id=\"movementItemsPopUp--createBtn\"]"}
RESULT: {}
RESULT: {"using":"xpath","value":"//*[@id=\"movementItemsPopUp--createBtn\"]"}
COMMAND: POST /session/fe9a8744fa5c20f6a144cebd64bbd052/element/f.382F18D787DED670B4957F188DDD6852.d.8AED6C4E9962A38887CD36F624F24EF6.e.2752/click - {}
RESULT: {}
COMMAND: GET /session/fe9a8744fa5c20f6a144cebd64bbd052/screenshot - {}
RESULT: {}
COMMAND: POST /session/fe9a8744fa5c20f6a144cebd64bbd052/element - {"using":"css selector","value":"#j_username"}
COMMAND: POST /session/fe9a8744fa5c20f6a144cebd64bbd052/url - {"url":"https://qa-testing-00-live-etm-ui.cfapps.eu10-004.hana.ondemand.com/"}
RESULT: {"using":"css selector","value":"#j_username"}
COMMAND: POST /session/fe9a8744fa5c20f6a144cebd64bbd052/element - {"using":"css selector","value":"#j_username"}
RESULT: {"url":"https://qa-testing-00-live-etm-ui.cfapps.eu10-004.hana.ondemand.com/"}
RESULT: undefined
COMMAND: GET /session/fe9a8744fa5c20f6a144cebd64bbd052/screenshot - {}
RESULT: {"using":"css selector","value":"#j_username"}
COMMAND: POST /session/fe9a8744fa5c20f6a144cebd64bbd052/element - {"using":"css selector","value":"#shell-header-logo"}
RESULT: {}
RESULT: {"using":"css selector","value":"#shell-header-logo"}
COMMAND: POST /session/fe9a8744fa5c20f6a144cebd64bbd052/execute/sync - {"script":"<script> [8489 bytes]","args":[{"element-6066-11e4-a52e-4f735466cecf":"f.382F18D787DED670B4957F188DDD6852.d.16DB8DCED11ED80B943796D4FDA5499E.e.2765","ELEMENT":"f.382F18D787DED670B4957F188DDD6852.d.16DB8DCED11ED80B943796D4FDA5499E.e.2765"}]}
RESULT: {"script":"<script> [8489 bytes]","args":[{"element-6066-11e4-a52e-4f735466cecf":"f.382F18D787DED670B4957F188DDD6852.d.16DB8DCED11ED80B943796D4FDA5499E.e.2765","ELEMENT":"f.382F18D787DED670B4957F188DDD6852.d.16DB8DCED11ED80B943796D4FDA5499E.e.2765"}]}
COMMAND: POST /session/fe9a8744fa5c20f6a144cebd64bbd052/element - {"using":"css selector","value":"#shell-header-logo"}
COMMAND: GET /session/fe9a8744fa5c20f6a144cebd64bbd052/screenshot - {}
RESULT: {"using":"css selector","value":"#shell-header-logo"}
COMMAND: POST /session/fe9a8744fa5c20f6a144cebd64bbd052/execute/sync - {"script":"<script> [8489 bytes]","args":[{"element-6066-11e4-a52e-4f735466cecf":"f.382F18D787DED670B4957F188DDD6852.d.16DB8DCED11ED80B943796D4FDA5499E.e.2765","ELEMENT":"f.382F18D787DED670B4957F188DDD6852.d.16DB8DCED11ED80B943796D4FDA5499E.e.2765"}]}
RESULT: {}
RESULT: {"script":"<script> [8489 bytes]","args":[{"element-6066-11e4-a52e-4f735466cecf":"f.382F18D787DED670B4957F188DDD6852.d.16DB8DCED11ED80B943796D4FDA5499E.e.2765","ELEMENT":"f.382F18D787DED670B4957F188DDD6852.d.16DB8DCED11ED80B943796D4FDA5499E.e.2765"}]}
COMMAND: POST /session/fe9a8744fa5c20f6a144cebd64bbd052/execute/sync - {"script":"<script> [5351 bytes]","args":[{"element-6066-11e4-a52e-4f735466cecf":"f.382F18D787DED670B4957F188DDD6852.d.16DB8DCED11ED80B943796D4FDA5499E.e.2765","ELEMENT":"f.382F18D787DED670B4957F188DDD6852.d.16DB8DCED11ED80B943796D4FDA5499E.e.2765"}]}
COMMAND: GET /session/fe9a8744fa5c20f6a144cebd64bbd052/screenshot - {}
RESULT: {"script":"<script> [5351 bytes]","args":[{"element-6066-11e4-a52e-4f735466cecf":"f.382F18D787DED670B4957F188DDD6852.d.16DB8DCED11ED80B943796D4FDA5499E.e.2765","ELEMENT":"f.382F18D787DED670B4957F188DDD6852.d.16DB8DCED11ED80B943796D4FDA5499E.e.2765"}]}
COMMAND: POST /session/fe9a8744fa5c20f6a144cebd64bbd052/element - {"using":"css selector","value":"#shell-header-logo"}
COMMAND: GET /session/fe9a8744fa5c20f6a144cebd64bbd052/screenshot - {}
RESULT: {}
RESULT: {"using":"css selector","value":"#shell-header-logo"}
COMMAND: POST /session/fe9a8744fa5c20f6a144cebd64bbd052/element/f.382F18D787DED670B4957F188DDD6852.d.16DB8DCED11ED80B943796D4FDA5499E.e.2765/click - {}
RESULT: {}
RESULT: {}
COMMAND: GET /session/fe9a8744fa5c20f6a144cebd64bbd052/screenshot - {}
RESULT: {}
COMMAND: POST /session/fe9a8744fa5c20f6a144cebd64bbd052/execute/async - {"script":"<script> [189 bytes]","args":[]}
RESULT: {"script":"<script> [189 bytes]","args":[]}
COMMAND: POST /session/fe9a8744fa5c20f6a144cebd64bbd052/execute/async - {"script":"<script> [123 bytes]","args":[]}
RESULT: {"script":"<script> [123 bytes]","args":[]}
COMMAND: POST /session/fe9a8744fa5c20f6a144cebd64bbd052/timeouts - {"script":"<number>"}
RESULT: {"script":"<number>"}
COMMAND: GET /session/fe9a8744fa5c20f6a144cebd64bbd052/timeouts - {}
RESULT: {}
RESULT: undefined
COMMAND: POST /session/fe9a8744fa5c20f6a144cebd64bbd052/execute/async - {"script":"<script> [2676 bytes]","args":[]}
RESULT: {"script":"<script> [2676 bytes]","args":[]}
COMMAND: POST /session/fe9a8744fa5c20f6a144cebd64bbd052/execute/async - {"script":"<script> [2342 bytes]","args":[{"protocol":"http","hostname":"0.0.0.0","path":"/","capabilities":{"browserName":"chrome","goog:chromeOptions":{"binary":"C:\\Program Files\\Google\\Chrome\\Application\\chrome.exe","args":["--start-maximized"]}},"logLevel":"warn","connectionRetryTimeout":120000,"connectionRetryCount":3,"logLevels":{},"enableDirectConnect":true,"strictSSL":true,"_":"65 more keys: [\"cacheDir\",\"port\",\"requestedCapabilities\",\"automationProtocol\",\"baseUrl\",\"waitforInterval\",\"waitforTimeout\",\"onReload\",\"beforeCommand\",\"afterCommand\",\"rootDir\",\"specs\",\"suites\",\"exclude\",\"groupLogsByTestSpec\",\"excludeDriverLogs\",\"bail\",\"framework\",\"reporters\",\"services\",\"maxInstances\",\"maxInstancesPerCapability\",\"injectGlobals\",\"filesToWatch\",\"execArgv\",\"runnerEnv\",\"runner\",\"shard\",\"specFileRetries\",\"specFileRetriesDelay\",\"specFileRetriesDeferred\",\"reporterSyncInterval\",\"reporterSyncTimeout\",\"cucumberFeaturesWithLineNumbers\",\"autoCompileOpts\",\"mochaOpts\",\"jasmineOpts\",\"cucumberOpts\",\"onPrepare\",\"onWorkerStart\",\"onWorkerEnd\",\"before\",\"beforeSession\",\"beforeSuite\",\"beforeHook\",\"beforeTest\",\"afterTest\",\"afterHook\",\"afterSuite\",\"afterSession\",\"after\",\"onComplete\",\"beforeAssertion\",\"afterAssertion\",\"beforeFeature\",\"beforeScenario\",\"beforeStep\",\"afterStep\",\"afterScenario\",\"afterFeature\",\"_\",\"suite\",\"$0\",\"ignoredWorkerServices\",\"wdi5\"]"}]}
RESULT: {"script":"<script> [2342 bytes]","args":[{"protocol":"http","hostname":"0.0.0.0","path":"/","capabilities":{"browserName":"chrome","goog:chromeOptions":{"binary":"C:\\Program Files\\Google\\Chrome\\Application\\chrome.exe","args":["--start-maximized"]}},"logLevel":"warn","connectionRetryTimeout":120000,"connectionRetryCount":3,"logLevels":{},"enableDirectConnect":true,"strictSSL":true,"_":"65 more keys: [\"cacheDir\",\"port\",\"requestedCapabilities\",\"automationProtocol\",\"baseUrl\",\"waitforInterval\",\"waitforTimeout\",\"onReload\",\"beforeCommand\",\"afterCommand\",\"rootDir\",\"specs\",\"suites\",\"exclude\",\"groupLogsByTestSpec\",\"excludeDriverLogs\",\"bail\",\"framework\",\"reporters\",\"services\",\"maxInstances\",\"maxInstancesPerCapability\",\"injectGlobals\",\"filesToWatch\",\"execArgv\",\"runnerEnv\",\"runner\",\"shard\",\"specFileRetries\",\"specFileRetriesDelay\",\"specFileRetriesDeferred\",\"reporterSyncInterval\",\"reporterSyncTimeout\",\"cucumberFeaturesWithLineNumbers\",\"autoCompileOpts\",\"mochaOpts\",\"jasmineOpts\",\"cucumberOpts\",\"onPrepare\",\"onWorkerStart\",\"onWorkerEnd\",\"before\",\"beforeSession\",\"beforeSuite\",\"beforeHook\",\"beforeTest\",\"afterTest\",\"afterHook\",\"afterSuite\",\"afterSession\",\"after\",\"onComplete\",\"beforeAssertion\",\"afterAssertion\",\"beforeFeature\",\"beforeScenario\",\"beforeStep\",\"afterStep\",\"afterScenario\",\"afterFeature\",\"_\",\"suite\",\"$0\",\"ignoredWorkerServices\",\"wdi5\"]"}]}
COMMAND: POST /session/fe9a8744fa5c20f6a144cebd64bbd052/execute/async - {"script":"<script> [21126 bytes]","args":[35000]}
RESULT: {"script":"<script> [21126 bytes]","args":[35000]}
COMMAND: POST /session/fe9a8744fa5c20f6a144cebd64bbd052/window/maximize - {}
RESULT: {}
COMMAND: POST /session/fe9a8744fa5c20f6a144cebd64bbd052/execute/async - {"script":"<script> [1562 bytes]","args":[{"selector":{"id":"shell-header","interaction":{"idSuffix":"icon"}},"wdio_ui5_key":"shellheader"}]}
COMMAND: GET /session/fe9a8744fa5c20f6a144cebd64bbd052/screenshot - {}
RESULT: {"script":"<script> [1562 bytes]","args":[{"selector":{"id":"shell-header","interaction":{"idSuffix":"icon"}},"wdio_ui5_key":"shellheader"}]}
RESULT: undefined
COMMAND: POST /session/fe9a8744fa5c20f6a144cebd64bbd052/refresh - {}
RESULT: {}
RESULT: {}
COMMAND: GET /session/fe9a8744fa5c20f6a144cebd64bbd052/screenshot - {}
RESULT: {}
COMMAND: POST /session/fe9a8744fa5c20f6a144cebd64bbd052/refresh - {}
RESULT: {}
COMMAND: GET /session/fe9a8744fa5c20f6a144cebd64bbd052/screenshot - {}
RESULT: {}
COMMAND: POST /session/fe9a8744fa5c20f6a144cebd64bbd052/window/fullscreen - {}
RESULT: {}
COMMAND: POST /session/fe9a8744fa5c20f6a144cebd64bbd052/execute/async - {"script":"<script> [189 bytes]","args":[]}
RESULT: {"script":"<script> [189 bytes]","args":[]}
COMMAND: POST /session/fe9a8744fa5c20f6a144cebd64bbd052/execute/async - {"script":"<script> [123 bytes]","args":[]}
RESULT: {"script":"<script> [123 bytes]","args":[]}
COMMAND: POST /session/fe9a8744fa5c20f6a144cebd64bbd052/timeouts - {"script":"<number>"}
RESULT: {"script":"<number>"}
COMMAND: GET /session/fe9a8744fa5c20f6a144cebd64bbd052/timeouts - {}
RESULT: {}
RESULT: undefined
COMMAND: POST /session/fe9a8744fa5c20f6a144cebd64bbd052/execute/async - {"script":"<script> [2676 bytes]","args":[]}
RESULT: {"script":"<script> [2676 bytes]","args":[]}
COMMAND: POST /session/fe9a8744fa5c20f6a144cebd64bbd052/execute/async - {"script":"<script> [2342 bytes]","args":[{"protocol":"http","hostname":"0.0.0.0","path":"/","capabilities":{"browserName":"chrome","goog:chromeOptions":{"binary":"C:\\Program Files\\Google\\Chrome\\Application\\chrome.exe","args":["--start-maximized"]}},"logLevel":"warn","connectionRetryTimeout":120000,"connectionRetryCount":3,"logLevels":{},"enableDirectConnect":true,"strictSSL":true,"_":"65 more keys: [\"cacheDir\",\"port\",\"requestedCapabilities\",\"automationProtocol\",\"baseUrl\",\"waitforInterval\",\"waitforTimeout\",\"onReload\",\"beforeCommand\",\"afterCommand\",\"rootDir\",\"specs\",\"suites\",\"exclude\",\"groupLogsByTestSpec\",\"excludeDriverLogs\",\"bail\",\"framework\",\"reporters\",\"services\",\"maxInstances\",\"maxInstancesPerCapability\",\"injectGlobals\",\"filesToWatch\",\"execArgv\",\"runnerEnv\",\"runner\",\"shard\",\"specFileRetries\",\"specFileRetriesDelay\",\"specFileRetriesDeferred\",\"reporterSyncInterval\",\"reporterSyncTimeout\",\"cucumberFeaturesWithLineNumbers\",\"autoCompileOpts\",\"mochaOpts\",\"jasmineOpts\",\"cucumberOpts\",\"onPrepare\",\"onWorkerStart\",\"onWorkerEnd\",\"before\",\"beforeSession\",\"beforeSuite\",\"beforeHook\",\"beforeTest\",\"afterTest\",\"afterHook\",\"afterSuite\",\"afterSession\",\"after\",\"onComplete\",\"beforeAssertion\",\"afterAssertion\",\"beforeFeature\",\"beforeScenario\",\"beforeStep\",\"afterStep\",\"afterScenario\",\"afterFeature\",\"_\",\"suite\",\"$0\",\"ignoredWorkerServices\",\"wdi5\"]"}]}
RESULT: {"script":"<script> [2342 bytes]","args":[{"protocol":"http","hostname":"0.0.0.0","path":"/","capabilities":{"browserName":"chrome","goog:chromeOptions":{"binary":"C:\\Program Files\\Google\\Chrome\\Application\\chrome.exe","args":["--start-maximized"]}},"logLevel":"warn","connectionRetryTimeout":120000,"connectionRetryCount":3,"logLevels":{},"enableDirectConnect":true,"strictSSL":true,"_":"65 more keys: [\"cacheDir\",\"port\",\"requestedCapabilities\",\"automationProtocol\",\"baseUrl\",\"waitforInterval\",\"waitforTimeout\",\"onReload\",\"beforeCommand\",\"afterCommand\",\"rootDir\",\"specs\",\"suites\",\"exclude\",\"groupLogsByTestSpec\",\"excludeDriverLogs\",\"bail\",\"framework\",\"reporters\",\"services\",\"maxInstances\",\"maxInstancesPerCapability\",\"injectGlobals\",\"filesToWatch\",\"execArgv\",\"runnerEnv\",\"runner\",\"shard\",\"specFileRetries\",\"specFileRetriesDelay\",\"specFileRetriesDeferred\",\"reporterSyncInterval\",\"reporterSyncTimeout\",\"cucumberFeaturesWithLineNumbers\",\"autoCompileOpts\",\"mochaOpts\",\"jasmineOpts\",\"cucumberOpts\",\"onPrepare\",\"onWorkerStart\",\"onWorkerEnd\",\"before\",\"beforeSession\",\"beforeSuite\",\"beforeHook\",\"beforeTest\",\"afterTest\",\"afterHook\",\"afterSuite\",\"afterSession\",\"after\",\"onComplete\",\"beforeAssertion\",\"afterAssertion\",\"beforeFeature\",\"beforeScenario\",\"beforeStep\",\"afterStep\",\"afterScenario\",\"afterFeature\",\"_\",\"suite\",\"$0\",\"ignoredWorkerServices\",\"wdi5\"]"}]}
COMMAND: POST /session/fe9a8744fa5c20f6a144cebd64bbd052/execute/async - {"script":"<script> [21126 bytes]","args":[35000]}
RESULT: {"script":"<script> [21126 bytes]","args":[35000]}
]]></system-out>
    </testcase>
  </testsuite>
  <testsuite timestamp="2025-06-01T16:47:02" time="789.987" tests="7" failures="3" errors="3" skipped="0">
    <properties>
      <property name="specId" value="0"/>
      <property name="suiteName" value="Create masterdata for Yard Overview - trigger provide US130988"/>
      <property name="capabilities" value="chrome.136_0_7103_93.windows"/>
      <property name="file" value="file:///D:/a/1/s/test/specs/HTR/yard-movement-putaways.spec.js"/>
    </properties>
    <testcase classname="chrome.136_0_7103_93.windows.Create_masterdata_for_Yard_Overview_-_trigger_provide_US130988" name="Should create a new WHM yard" time="137.14">
      <system-out><![CDATA[
COMMAND: POST /session/fe9a8744fa5c20f6a144cebd64bbd052/window/fullscreen - {}
RESULT: {}
COMMAND: POST /session/fe9a8744fa5c20f6a144cebd64bbd052/execute/async - {"script":"<script> [1562 bytes]","args":[{"selector":{"controlType":"sap.m.GenericTile","properties":{"header":"Manage Yards"}},"wdio_ui5_key":"sapm.GenericTile{\"header\":\"Manage Yards\"}"}]}
RESULT: {"script":"<script> [1562 bytes]","args":[{"selector":{"controlType":"sap.m.GenericTile","properties":{"header":"Manage Yards"}},"wdio_ui5_key":"sapm.GenericTile{\"header\":\"Manage Yards\"}"}]}
RESULT: undefined
COMMAND: POST /session/fe9a8744fa5c20f6a144cebd64bbd052/element - {"using":"xpath","value":"//*[@id=\"__tile41\"]"}
RESULT: {"using":"xpath","value":"//*[@id=\"__tile41\"]"}
COMMAND: POST /session/fe9a8744fa5c20f6a144cebd64bbd052/element/f.382F18D787DED670B4957F188DDD6852.d.0B469A56B8109F7EE1487235CF1D9A20.e.2819/click - {}
RESULT: {}
COMMAND: GET /session/fe9a8744fa5c20f6a144cebd64bbd052/screenshot - {}
RESULT: {}
COMMAND: POST /session/fe9a8744fa5c20f6a144cebd64bbd052/elements - {"using":"xpath","value":"//span[text()='Error']"}
RESULT: {"using":"xpath","value":"//span[text()='Error']"}
COMMAND: POST /session/fe9a8744fa5c20f6a144cebd64bbd052/element - {"using":"xpath","value":"//button[@data-kt=\"addNewYardOverflowToolbarButton\"]"}
RESULT: {"using":"xpath","value":"//button[@data-kt=\"addNewYardOverflowToolbarButton\"]"}
COMMAND: POST /session/fe9a8744fa5c20f6a144cebd64bbd052/elements - {"using":"xpath","value":"//button[@data-kt=\"addNewYardOverflowToolbarButton\"]"}
RESULT: {"using":"xpath","value":"//button[@data-kt=\"addNewYardOverflowToolbarButton\"]"}
COMMAND: POST /session/fe9a8744fa5c20f6a144cebd64bbd052/execute/sync - {"script":"<script> [8489 bytes]","args":[{"element-6066-11e4-a52e-4f735466cecf":"f.382F18D787DED670B4957F188DDD6852.d.0B469A56B8109F7EE1487235CF1D9A20.e.2956","ELEMENT":"f.382F18D787DED670B4957F188DDD6852.d.0B469A56B8109F7EE1487235CF1D9A20.e.2956"}]}
RESULT: {"script":"<script> [8489 bytes]","args":[{"element-6066-11e4-a52e-4f735466cecf":"f.382F18D787DED670B4957F188DDD6852.d.0B469A56B8109F7EE1487235CF1D9A20.e.2956","ELEMENT":"f.382F18D787DED670B4957F188DDD6852.d.0B469A56B8109F7EE1487235CF1D9A20.e.2956"}]}
COMMAND: GET /session/fe9a8744fa5c20f6a144cebd64bbd052/element/f.382F18D787DED670B4957F188DDD6852.d.0B469A56B8109F7EE1487235CF1D9A20.e.2956/enabled - {}
COMMAND: GET /session/fe9a8744fa5c20f6a144cebd64bbd052/screenshot - {}
RESULT: {}
COMMAND: POST /session/fe9a8744fa5c20f6a144cebd64bbd052/execute/sync - {"script":"<script> [8489 bytes]","args":[{"element-6066-11e4-a52e-4f735466cecf":"f.382F18D787DED670B4957F188DDD6852.d.0B469A56B8109F7EE1487235CF1D9A20.e.2956","ELEMENT":"f.382F18D787DED670B4957F188DDD6852.d.0B469A56B8109F7EE1487235CF1D9A20.e.2956"}]}
COMMAND: GET /session/fe9a8744fa5c20f6a144cebd64bbd052/screenshot - {}
RESULT: {}
RESULT: {"script":"<script> [8489 bytes]","args":[{"element-6066-11e4-a52e-4f735466cecf":"f.382F18D787DED670B4957F188DDD6852.d.0B469A56B8109F7EE1487235CF1D9A20.e.2956","ELEMENT":"f.382F18D787DED670B4957F188DDD6852.d.0B469A56B8109F7EE1487235CF1D9A20.e.2956"}]}
COMMAND: POST /session/fe9a8744fa5c20f6a144cebd64bbd052/execute/sync - {"script":"<script> [5351 bytes]","args":[{"element-6066-11e4-a52e-4f735466cecf":"f.382F18D787DED670B4957F188DDD6852.d.0B469A56B8109F7EE1487235CF1D9A20.e.2956","ELEMENT":"f.382F18D787DED670B4957F188DDD6852.d.0B469A56B8109F7EE1487235CF1D9A20.e.2956"}]}
COMMAND: GET /session/fe9a8744fa5c20f6a144cebd64bbd052/screenshot - {}
RESULT: {}
RESULT: {"script":"<script> [5351 bytes]","args":[{"element-6066-11e4-a52e-4f735466cecf":"f.382F18D787DED670B4957F188DDD6852.d.0B469A56B8109F7EE1487235CF1D9A20.e.2956","ELEMENT":"f.382F18D787DED670B4957F188DDD6852.d.0B469A56B8109F7EE1487235CF1D9A20.e.2956"}]}
COMMAND: POST /session/fe9a8744fa5c20f6a144cebd64bbd052/element/f.382F18D787DED670B4957F188DDD6852.d.0B469A56B8109F7EE1487235CF1D9A20.e.2956/click - {}
COMMAND: GET /session/fe9a8744fa5c20f6a144cebd64bbd052/screenshot - {}
RESULT: {}
RESULT: {}
COMMAND: GET /session/fe9a8744fa5c20f6a144cebd64bbd052/screenshot - {}
COMMAND: POST /session/fe9a8744fa5c20f6a144cebd64bbd052/element - {"using":"xpath","value":"//input[@id=\"application-manageyards-display-component---NewYard--yardId-inner\"]"}
RESULT: {}
RESULT: {}
RESULT: {"using":"xpath","value":"//input[@id=\"application-manageyards-display-component---NewYard--yardId-inner\"]"}
COMMAND: POST /session/fe9a8744fa5c20f6a144cebd64bbd052/element - {"using":"xpath","value":"//input[@id=\"application-manageyards-display-component---NewYard--yardId-inner\"]"}
RESULT: {"using":"xpath","value":"//input[@id=\"application-manageyards-display-component---NewYard--yardId-inner\"]"}
COMMAND: POST /session/fe9a8744fa5c20f6a144cebd64bbd052/execute/async - {"script":"<script> [1562 bytes]","args":[{"selector":{"id":"application-manageyards-display-component---NewYard--addressDetailDetailsName1","interaction":{"idSuffix":"inner"}},"wdio_ui5_key":"applicationmanageyards-display-component---NewYard--addressDetailDetailsName1"}]}
RESULT: {"script":"<script> [1562 bytes]","args":[{"selector":{"id":"application-manageyards-display-component---NewYard--addressDetailDetailsName1","interaction":{"idSuffix":"inner"}},"wdio_ui5_key":"applicationmanageyards-display-component---NewYard--addressDetailDetailsName1"}]}
RESULT: undefined
COMMAND: POST /session/fe9a8744fa5c20f6a144cebd64bbd052/execute/async - {"script":"<script> [776 bytes]","args":[{"enterText":"Warehouse Managed WDIO","selector":{"id":"application-manageyards-display-component---NewYard--addressDetailDetailsName1","interaction":{"idSuffix":"inner"}},"clearTextFirst":true,"interactionType":"ENTER_TEXT"}]}
RESULT: {"script":"<script> [776 bytes]","args":[{"enterText":"Warehouse Managed WDIO","selector":{"id":"application-manageyards-display-component---NewYard--addressDetailDetailsName1","interaction":{"idSuffix":"inner"}},"clearTextFirst":true,"interactionType":"ENTER_TEXT"}]}
COMMAND: POST /session/fe9a8744fa5c20f6a144cebd64bbd052/execute/async - {"script":"<script> [1562 bytes]","args":[{"selector":{"id":"application-manageyards-display-component---NewYard--addressDetailDetailsLanguage-arrow"},"wdio_ui5_key":"applicationmanageyards-display-component---NewYard--addressDetailDetailsLanguage-arrow"}]}
RESULT: {"script":"<script> [1562 bytes]","args":[{"selector":{"id":"application-manageyards-display-component---NewYard--addressDetailDetailsLanguage-arrow"},"wdio_ui5_key":"applicationmanageyards-display-component---NewYard--addressDetailDetailsLanguage-arrow"}]}
RESULT: undefined
COMMAND: POST /session/fe9a8744fa5c20f6a144cebd64bbd052/element - {"using":"xpath","value":"//*[@id=\"application-manageyards-display-component---NewYard--addressDetailDetailsLanguage-arrow\"]"}
RESULT: {"using":"xpath","value":"//*[@id=\"application-manageyards-display-component---NewYard--addressDetailDetailsLanguage-arrow\"]"}
COMMAND: POST /session/fe9a8744fa5c20f6a144cebd64bbd052/element/f.382F18D787DED670B4957F188DDD6852.d.0B469A56B8109F7EE1487235CF1D9A20.e.3378/click - {}
RESULT: {}
COMMAND: POST /session/fe9a8744fa5c20f6a144cebd64bbd052/element - {"using":"xpath","value":"//span[contains(text(), \"English\")]"}
COMMAND: GET /session/fe9a8744fa5c20f6a144cebd64bbd052/screenshot - {}
RESULT: {"using":"xpath","value":"//span[contains(text(), \"English\")]"}
COMMAND: POST /session/fe9a8744fa5c20f6a144cebd64bbd052/element/f.382F18D787DED670B4957F188DDD6852.d.0B469A56B8109F7EE1487235CF1D9A20.e.3379/click - {}
RESULT: {}
RESULT: {}
COMMAND: POST /session/fe9a8744fa5c20f6a144cebd64bbd052/execute/async - {"script":"<script> [1562 bytes]","args":[{"selector":{"id":"application-manageyards-display-component---NewYard--addressDetailDetailsCity1","interaction":{"idSuffix":"inner"}},"wdio_ui5_key":"applicationmanageyards-display-component---NewYard--addressDetailDetailsCity1"}]}
COMMAND: GET /session/fe9a8744fa5c20f6a144cebd64bbd052/screenshot - {}
RESULT: {"script":"<script> [1562 bytes]","args":[{"selector":{"id":"application-manageyards-display-component---NewYard--addressDetailDetailsCity1","interaction":{"idSuffix":"inner"}},"wdio_ui5_key":"applicationmanageyards-display-component---NewYard--addressDetailDetailsCity1"}]}
RESULT: undefined
COMMAND: POST /session/fe9a8744fa5c20f6a144cebd64bbd052/execute/async - {"script":"<script> [776 bytes]","args":[{"enterText":"Rosario","selector":{"id":"application-manageyards-display-component---NewYard--addressDetailDetailsCity1","interaction":{"idSuffix":"inner"}},"clearTextFirst":true,"interactionType":"ENTER_TEXT"}]}
RESULT: {}
RESULT: {"script":"<script> [776 bytes]","args":[{"enterText":"Rosario","selector":{"id":"application-manageyards-display-component---NewYard--addressDetailDetailsCity1","interaction":{"idSuffix":"inner"}},"clearTextFirst":true,"interactionType":"ENTER_TEXT"}]}
COMMAND: POST /session/fe9a8744fa5c20f6a144cebd64bbd052/execute/async - {"script":"<script> [1562 bytes]","args":[{"selector":{"id":"application-manageyards-display-component---NewYard--addressDetailDetailsCountry-arrow"},"wdio_ui5_key":"applicationmanageyards-display-component---NewYard--addressDetailDetailsCountry-arrow"}]}
RESULT: {"script":"<script> [1562 bytes]","args":[{"selector":{"id":"application-manageyards-display-component---NewYard--addressDetailDetailsCountry-arrow"},"wdio_ui5_key":"applicationmanageyards-display-component---NewYard--addressDetailDetailsCountry-arrow"}]}
RESULT: undefined
COMMAND: POST /session/fe9a8744fa5c20f6a144cebd64bbd052/element - {"using":"xpath","value":"//*[@id=\"application-manageyards-display-component---NewYard--addressDetailDetailsCountry-arrow\"]"}
RESULT: {"using":"xpath","value":"//*[@id=\"application-manageyards-display-component---NewYard--addressDetailDetailsCountry-arrow\"]"}
COMMAND: POST /session/fe9a8744fa5c20f6a144cebd64bbd052/element/f.382F18D787DED670B4957F188DDD6852.d.0B469A56B8109F7EE1487235CF1D9A20.e.3381/click - {}
RESULT: {}
COMMAND: POST /session/fe9a8744fa5c20f6a144cebd64bbd052/element - {"using":"xpath","value":"//span[contains(text(), \"Argentina\")]"}
COMMAND: GET /session/fe9a8744fa5c20f6a144cebd64bbd052/screenshot - {}
RESULT: {"using":"xpath","value":"//span[contains(text(), \"Argentina\")]"}
COMMAND: POST /session/fe9a8744fa5c20f6a144cebd64bbd052/element/f.382F18D787DED670B4957F188DDD6852.d.0B469A56B8109F7EE1487235CF1D9A20.e.3383/click - {}
RESULT: {}
RESULT: {}
COMMAND: POST /session/fe9a8744fa5c20f6a144cebd64bbd052/execute/async - {"script":"<script> [1562 bytes]","args":[{"selector":{"id":"application-manageyards-display-component---NewYard--addressEditDetailsCostObjectCstType-arrow"},"wdio_ui5_key":"applicationmanageyards-display-component---NewYard--addressEditDetailsCostObjectCstType-arrow"}]}
COMMAND: GET /session/fe9a8744fa5c20f6a144cebd64bbd052/screenshot - {}
RESULT: {"script":"<script> [1562 bytes]","args":[{"selector":{"id":"application-manageyards-display-component---NewYard--addressEditDetailsCostObjectCstType-arrow"},"wdio_ui5_key":"applicationmanageyards-display-component---NewYard--addressEditDetailsCostObjectCstType-arrow"}]}
RESULT: undefined
COMMAND: POST /session/fe9a8744fa5c20f6a144cebd64bbd052/element - {"using":"xpath","value":"//*[@id=\"application-manageyards-display-component---NewYard--addressEditDetailsCostObjectCstType-arrow\"]"}
RESULT: {}
RESULT: {"using":"xpath","value":"//*[@id=\"application-manageyards-display-component---NewYard--addressEditDetailsCostObjectCstType-arrow\"]"}
COMMAND: POST /session/fe9a8744fa5c20f6a144cebd64bbd052/element/f.382F18D787DED670B4957F188DDD6852.d.0B469A56B8109F7EE1487235CF1D9A20.e.3384/click - {}
RESULT: {}
COMMAND: POST /session/fe9a8744fa5c20f6a144cebd64bbd052/element - {"using":"xpath","value":"//span[contains(text(), \"Cost Center\")]"}
COMMAND: GET /session/fe9a8744fa5c20f6a144cebd64bbd052/screenshot - {}
RESULT: {"using":"xpath","value":"//span[contains(text(), \"Cost Center\")]"}
COMMAND: POST /session/fe9a8744fa5c20f6a144cebd64bbd052/element/f.382F18D787DED670B4957F188DDD6852.d.0B469A56B8109F7EE1487235CF1D9A20.e.3385/click - {}
RESULT: {}
RESULT: {}
COMMAND: GET /session/fe9a8744fa5c20f6a144cebd64bbd052/screenshot - {}
RESULT: {}
COMMAND: POST /session/fe9a8744fa5c20f6a144cebd64bbd052/element - {"using":"xpath","value":"//span[@id=\"application-manageyards-display-component---NewYard--addressNewCostObjectCstID-vhi\"]"}
RESULT: {"using":"xpath","value":"//span[@id=\"application-manageyards-display-component---NewYard--addressNewCostObjectCstID-vhi\"]"}
COMMAND: POST /session/fe9a8744fa5c20f6a144cebd64bbd052/execute/sync - {"script":"<script> [8489 bytes]","args":[{"element-6066-11e4-a52e-4f735466cecf":"f.382F18D787DED670B4957F188DDD6852.d.0B469A56B8109F7EE1487235CF1D9A20.e.3389","ELEMENT":"f.382F18D787DED670B4957F188DDD6852.d.0B469A56B8109F7EE1487235CF1D9A20.e.3389"}]}
RESULT: {"script":"<script> [8489 bytes]","args":[{"element-6066-11e4-a52e-4f735466cecf":"f.382F18D787DED670B4957F188DDD6852.d.0B469A56B8109F7EE1487235CF1D9A20.e.3389","ELEMENT":"f.382F18D787DED670B4957F188DDD6852.d.0B469A56B8109F7EE1487235CF1D9A20.e.3389"}]}
COMMAND: POST /session/fe9a8744fa5c20f6a144cebd64bbd052/execute/async - {"script":"<script> [1562 bytes]","args":[{"selector":{"id":"application-manageyards-display-component---NewYard--addressNewCostObjectCstID-vhi"},"wdio_ui5_key":"applicationmanageyards-display-component---NewYard--addressNewCostObjectCstID-vhi"}]}
COMMAND: GET /session/fe9a8744fa5c20f6a144cebd64bbd052/screenshot - {}
RESULT: {"script":"<script> [1562 bytes]","args":[{"selector":{"id":"application-manageyards-display-component---NewYard--addressNewCostObjectCstID-vhi"},"wdio_ui5_key":"applicationmanageyards-display-component---NewYard--addressNewCostObjectCstID-vhi"}]}
RESULT: undefined
COMMAND: POST /session/fe9a8744fa5c20f6a144cebd64bbd052/element - {"using":"xpath","value":"//*[@id=\"application-manageyards-display-component---NewYard--addressNewCostObjectCstID-vhi\"]"}
RESULT: {}
RESULT: {"using":"xpath","value":"//*[@id=\"application-manageyards-display-component---NewYard--addressNewCostObjectCstID-vhi\"]"}
COMMAND: POST /session/fe9a8744fa5c20f6a144cebd64bbd052/element/f.382F18D787DED670B4957F188DDD6852.d.0B469A56B8109F7EE1487235CF1D9A20.e.3389/click - {}
RESULT: {}
COMMAND: GET /session/fe9a8744fa5c20f6a144cebd64bbd052/screenshot - {}
RESULT: {}
COMMAND: POST /session/fe9a8744fa5c20f6a144cebd64bbd052/execute/async - {"script":"<script> [1562 bytes]","args":[{"selector":{"controlType":"sap.m.SearchField","properties":{"placeholder":"Search"},"searchOpenDialogs":true,"interaction":{"idSuffix":"I"}},"wdio_ui5_key":"sapm.SearchField{\"placeholder\":\"Search\"}"}]}
RESULT: {"script":"<script> [1562 bytes]","args":[{"selector":{"controlType":"sap.m.SearchField","properties":{"placeholder":"Search"},"searchOpenDialogs":true,"interaction":{"idSuffix":"I"}},"wdio_ui5_key":"sapm.SearchField{\"placeholder\":\"Search\"}"}]}
RESULT: undefined
COMMAND: POST /session/fe9a8744fa5c20f6a144cebd64bbd052/execute/async - {"script":"<script> [776 bytes]","args":[{"enterText":"bauh_b","selector":{"controlType":"sap.m.SearchField","properties":{"placeholder":"Search"},"searchOpenDialogs":true,"interaction":{"idSuffix":"I"}},"clearTextFirst":true,"interactionType":"ENTER_TEXT"}]}
RESULT: {"script":"<script> [776 bytes]","args":[{"enterText":"bauh_b","selector":{"controlType":"sap.m.SearchField","properties":{"placeholder":"Search"},"searchOpenDialogs":true,"interaction":{"idSuffix":"I"}},"clearTextFirst":true,"interactionType":"ENTER_TEXT"}]}
COMMAND: POST /session/fe9a8744fa5c20f6a144cebd64bbd052/actions - {"actions":[{"id":"action10","type":"key","parameters":{},"actions":[{"type":"keyDown","value":""},{"type":"pause","duration":10},{"type":"keyUp","value":""}]}]}
RESULT: {"actions":[{"id":"action10","type":"key","parameters":{},"actions":[{"type":"keyDown","value":""},{"type":"pause","duration":10},{"type":"keyUp","value":""}]}]}
COMMAND: GET /session/fe9a8744fa5c20f6a144cebd64bbd052/screenshot - {}
RESULT: {}
COMMAND: POST /session/fe9a8744fa5c20f6a144cebd64bbd052/element - {"using":"xpath","value":"//span[contains(text(), \"Demo Yard\")]"}
RESULT: {"using":"xpath","value":"//span[contains(text(), \"Demo Yard\")]"}
COMMAND: POST /session/fe9a8744fa5c20f6a144cebd64bbd052/element/f.382F18D787DED670B4957F188DDD6852.d.0B469A56B8109F7EE1487235CF1D9A20.e.3429/click - {}
RESULT: {}
COMMAND: GET /session/fe9a8744fa5c20f6a144cebd64bbd052/screenshot - {}
RESULT: {}
COMMAND: POST /session/fe9a8744fa5c20f6a144cebd64bbd052/element - {"using":"xpath","value":"//bdi[contains(text(), \"OK\")]"}
RESULT: {"using":"xpath","value":"//bdi[contains(text(), \"OK\")]"}
COMMAND: POST /session/fe9a8744fa5c20f6a144cebd64bbd052/element/f.382F18D787DED670B4957F188DDD6852.d.0B469A56B8109F7EE1487235CF1D9A20.e.3430/click - {}
RESULT: {}
COMMAND: GET /session/fe9a8744fa5c20f6a144cebd64bbd052/screenshot - {}
RESULT: {}
COMMAND: POST /session/fe9a8744fa5c20f6a144cebd64bbd052/execute/async - {"script":"<script> [1562 bytes]","args":[{"selector":{"id":"application-manageyards-display-component---NewYard--addressEditDetailsCurrency-arrow"},"wdio_ui5_key":"applicationmanageyards-display-component---NewYard--addressEditDetailsCurrency-arrow"}]}
RESULT: {"script":"<script> [1562 bytes]","args":[{"selector":{"id":"application-manageyards-display-component---NewYard--addressEditDetailsCurrency-arrow"},"wdio_ui5_key":"applicationmanageyards-display-component---NewYard--addressEditDetailsCurrency-arrow"}]}
RESULT: undefined
COMMAND: POST /session/fe9a8744fa5c20f6a144cebd64bbd052/element - {"using":"xpath","value":"//*[@id=\"application-manageyards-display-component---NewYard--addressEditDetailsCurrency-arrow\"]"}
RESULT: {"using":"xpath","value":"//*[@id=\"application-manageyards-display-component---NewYard--addressEditDetailsCurrency-arrow\"]"}
COMMAND: POST /session/fe9a8744fa5c20f6a144cebd64bbd052/element/f.382F18D787DED670B4957F188DDD6852.d.0B469A56B8109F7EE1487235CF1D9A20.e.3433/click - {}
RESULT: {}
COMMAND: POST /session/fe9a8744fa5c20f6a144cebd64bbd052/element - {"using":"xpath","value":"//span[contains(text(), \"Euro\")]"}
COMMAND: GET /session/fe9a8744fa5c20f6a144cebd64bbd052/screenshot - {}
RESULT: {"using":"xpath","value":"//span[contains(text(), \"Euro\")]"}
COMMAND: POST /session/fe9a8744fa5c20f6a144cebd64bbd052/element/f.382F18D787DED670B4957F188DDD6852.d.0B469A56B8109F7EE1487235CF1D9A20.e.3434/click - {}
RESULT: {}
RESULT: {}
COMMAND: POST /session/fe9a8744fa5c20f6a144cebd64bbd052/execute/async - {"script":"<script> [1562 bytes]","args":[{"selector":{"controlType":"sap.m.Input","viewName":"etm.portal.ui.manageyards.view.New","viewId":"application-manageyards-display-component---NewYard","bindingPath":{"path":"","propertyPath":"/CONTROLLING_AREA","modelName":"NewYardModel"},"interaction":{"idSuffix":"inner"}},"wdio_ui5_key":"etmportal.ui.manageyards.view.Newsap.m.Input{\"path\":\"\",\"propertyPath\":\"/CONTROLLING_AREA\",\"modelName\":\"NewYardModel\"}"}]}
COMMAND: GET /session/fe9a8744fa5c20f6a144cebd64bbd052/screenshot - {}
RESULT: {"script":"<script> [1562 bytes]","args":[{"selector":{"controlType":"sap.m.Input","viewName":"etm.portal.ui.manageyards.view.New","viewId":"application-manageyards-display-component---NewYard","bindingPath":{"path":"","propertyPath":"/CONTROLLING_AREA","modelName":"NewYardModel"},"interaction":{"idSuffix":"inner"}},"wdio_ui5_key":"etmportal.ui.manageyards.view.Newsap.m.Input{\"path\":\"\",\"propertyPath\":\"/CONTROLLING_AREA\",\"modelName\":\"NewYardModel\"}"}]}
RESULT: undefined
COMMAND: POST /session/fe9a8744fa5c20f6a144cebd64bbd052/execute/async - {"script":"<script> [776 bytes]","args":[{"enterText":"Z001","selector":{"controlType":"sap.m.Input","viewName":"etm.portal.ui.manageyards.view.New","viewId":"application-manageyards-display-component---NewYard","bindingPath":{"path":"","propertyPath":"/CONTROLLING_AREA","modelName":"NewYardModel"},"interaction":{"idSuffix":"inner"}},"clearTextFirst":true,"interactionType":"ENTER_TEXT"}]}
RESULT: {}
RESULT: {"script":"<script> [776 bytes]","args":[{"enterText":"Z001","selector":{"controlType":"sap.m.Input","viewName":"etm.portal.ui.manageyards.view.New","viewId":"application-manageyards-display-component---NewYard","bindingPath":{"path":"","propertyPath":"/CONTROLLING_AREA","modelName":"NewYardModel"},"interaction":{"idSuffix":"inner"}},"clearTextFirst":true,"interactionType":"ENTER_TEXT"}]}
COMMAND: POST /session/fe9a8744fa5c20f6a144cebd64bbd052/execute/async - {"script":"<script> [1562 bytes]","args":[{"selector":{"id":"application-manageyards-display-component---NewYard--companyCodeComboBox","interaction":{"idSuffix":"inner"}},"wdio_ui5_key":"applicationmanageyards-display-component---NewYard--companyCodeComboBox"}]}
RESULT: {"script":"<script> [1562 bytes]","args":[{"selector":{"id":"application-manageyards-display-component---NewYard--companyCodeComboBox","interaction":{"idSuffix":"inner"}},"wdio_ui5_key":"applicationmanageyards-display-component---NewYard--companyCodeComboBox"}]}
RESULT: undefined
COMMAND: POST /session/fe9a8744fa5c20f6a144cebd64bbd052/execute/async - {"script":"<script> [776 bytes]","args":[{"enterText":"1000","selector":{"id":"application-manageyards-display-component---NewYard--companyCodeComboBox","interaction":{"idSuffix":"inner"}},"clearTextFirst":true,"interactionType":"ENTER_TEXT"}]}
RESULT: {"script":"<script> [776 bytes]","args":[{"enterText":"1000","selector":{"id":"application-manageyards-display-component---NewYard--companyCodeComboBox","interaction":{"idSuffix":"inner"}},"clearTextFirst":true,"interactionType":"ENTER_TEXT"}]}
COMMAND: POST /session/fe9a8744fa5c20f6a144cebd64bbd052/execute/async - {"script":"<script> [1562 bytes]","args":[{"selector":{"controlType":"sap.m.Input","viewName":"etm.portal.ui.manageyards.view.New","viewId":"application-manageyards-display-component---NewYard","bindingPath":{"path":"","propertyPath":"/PLANT","modelName":"NewYardModel"},"interaction":{"idSuffix":"inner"}},"wdio_ui5_key":"etmportal.ui.manageyards.view.Newsap.m.Input{\"path\":\"\",\"propertyPath\":\"/PLANT\",\"modelName\":\"NewYardModel\"}"}]}
RESULT: {"script":"<script> [1562 bytes]","args":[{"selector":{"controlType":"sap.m.Input","viewName":"etm.portal.ui.manageyards.view.New","viewId":"application-manageyards-display-component---NewYard","bindingPath":{"path":"","propertyPath":"/PLANT","modelName":"NewYardModel"},"interaction":{"idSuffix":"inner"}},"wdio_ui5_key":"etmportal.ui.manageyards.view.Newsap.m.Input{\"path\":\"\",\"propertyPath\":\"/PLANT\",\"modelName\":\"NewYardModel\"}"}]}
RESULT: undefined
COMMAND: POST /session/fe9a8744fa5c20f6a144cebd64bbd052/execute/async - {"script":"<script> [776 bytes]","args":[{"enterText":"1001","selector":{"controlType":"sap.m.Input","viewName":"etm.portal.ui.manageyards.view.New","viewId":"application-manageyards-display-component---NewYard","bindingPath":{"path":"","propertyPath":"/PLANT","modelName":"NewYardModel"},"interaction":{"idSuffix":"inner"}},"clearTextFirst":true,"interactionType":"ENTER_TEXT"}]}
RESULT: {"script":"<script> [776 bytes]","args":[{"enterText":"1001","selector":{"controlType":"sap.m.Input","viewName":"etm.portal.ui.manageyards.view.New","viewId":"application-manageyards-display-component---NewYard","bindingPath":{"path":"","propertyPath":"/PLANT","modelName":"NewYardModel"},"interaction":{"idSuffix":"inner"}},"clearTextFirst":true,"interactionType":"ENTER_TEXT"}]}
COMMAND: POST /session/fe9a8744fa5c20f6a144cebd64bbd052/execute/async - {"script":"<script> [1562 bytes]","args":[{"selector":{"controlType":"sap.m.Input","viewName":"etm.portal.ui.manageyards.view.New","viewId":"application-manageyards-display-component---NewYard","bindingPath":{"path":"","propertyPath":"/SALES_AREA_VKORG","modelName":"NewYardModel"},"interaction":{"idSuffix":"inner"}},"wdio_ui5_key":"etmportal.ui.manageyards.view.Newsap.m.Input{\"path\":\"\",\"propertyPath\":\"/SALES_AREA_VKORG\",\"modelName\":\"NewYardModel\"}"}]}
RESULT: {"script":"<script> [1562 bytes]","args":[{"selector":{"controlType":"sap.m.Input","viewName":"etm.portal.ui.manageyards.view.New","viewId":"application-manageyards-display-component---NewYard","bindingPath":{"path":"","propertyPath":"/SALES_AREA_VKORG","modelName":"NewYardModel"},"interaction":{"idSuffix":"inner"}},"wdio_ui5_key":"etmportal.ui.manageyards.view.Newsap.m.Input{\"path\":\"\",\"propertyPath\":\"/SALES_AREA_VKORG\",\"modelName\":\"NewYardModel\"}"}]}
RESULT: undefined
COMMAND: POST /session/fe9a8744fa5c20f6a144cebd64bbd052/execute/async - {"script":"<script> [776 bytes]","args":[{"enterText":"C002","selector":{"controlType":"sap.m.Input","viewName":"etm.portal.ui.manageyards.view.New","viewId":"application-manageyards-display-component---NewYard","bindingPath":{"path":"","propertyPath":"/SALES_AREA_VKORG","modelName":"NewYardModel"},"interaction":{"idSuffix":"inner"}},"clearTextFirst":true,"interactionType":"ENTER_TEXT"}]}
RESULT: {"script":"<script> [776 bytes]","args":[{"enterText":"C002","selector":{"controlType":"sap.m.Input","viewName":"etm.portal.ui.manageyards.view.New","viewId":"application-manageyards-display-component---NewYard","bindingPath":{"path":"","propertyPath":"/SALES_AREA_VKORG","modelName":"NewYardModel"},"interaction":{"idSuffix":"inner"}},"clearTextFirst":true,"interactionType":"ENTER_TEXT"}]}
COMMAND: POST /session/fe9a8744fa5c20f6a144cebd64bbd052/execute/async - {"script":"<script> [1562 bytes]","args":[{"selector":{"controlType":"sap.m.Input","viewName":"etm.portal.ui.manageyards.view.New","viewId":"application-manageyards-display-component---NewYard","bindingPath":{"path":"","propertyPath":"/SALES_AREA_VTWEG","modelName":"NewYardModel"},"interaction":{"idSuffix":"inner"}},"wdio_ui5_key":"etmportal.ui.manageyards.view.Newsap.m.Input{\"path\":\"\",\"propertyPath\":\"/SALES_AREA_VTWEG\",\"modelName\":\"NewYardModel\"}"}]}
RESULT: {"script":"<script> [1562 bytes]","args":[{"selector":{"controlType":"sap.m.Input","viewName":"etm.portal.ui.manageyards.view.New","viewId":"application-manageyards-display-component---NewYard","bindingPath":{"path":"","propertyPath":"/SALES_AREA_VTWEG","modelName":"NewYardModel"},"interaction":{"idSuffix":"inner"}},"wdio_ui5_key":"etmportal.ui.manageyards.view.Newsap.m.Input{\"path\":\"\",\"propertyPath\":\"/SALES_AREA_VTWEG\",\"modelName\":\"NewYardModel\"}"}]}
RESULT: undefined
COMMAND: POST /session/fe9a8744fa5c20f6a144cebd64bbd052/execute/async - {"script":"<script> [776 bytes]","args":[{"enterText":"C2","selector":{"controlType":"sap.m.Input","viewName":"etm.portal.ui.manageyards.view.New","viewId":"application-manageyards-display-component---NewYard","bindingPath":{"path":"","propertyPath":"/SALES_AREA_VTWEG","modelName":"NewYardModel"},"interaction":{"idSuffix":"inner"}},"clearTextFirst":true,"interactionType":"ENTER_TEXT"}]}
RESULT: {"script":"<script> [776 bytes]","args":[{"enterText":"C2","selector":{"controlType":"sap.m.Input","viewName":"etm.portal.ui.manageyards.view.New","viewId":"application-manageyards-display-component---NewYard","bindingPath":{"path":"","propertyPath":"/SALES_AREA_VTWEG","modelName":"NewYardModel"},"interaction":{"idSuffix":"inner"}},"clearTextFirst":true,"interactionType":"ENTER_TEXT"}]}
COMMAND: POST /session/fe9a8744fa5c20f6a144cebd64bbd052/execute/async - {"script":"<script> [1562 bytes]","args":[{"selector":{"controlType":"sap.m.Input","viewName":"etm.portal.ui.manageyards.view.New","viewId":"application-manageyards-display-component---NewYard","bindingPath":{"path":"","propertyPath":"/SALES_AREA_SPART","modelName":"NewYardModel"},"interaction":{"idSuffix":"inner"}},"wdio_ui5_key":"etmportal.ui.manageyards.view.Newsap.m.Input{\"path\":\"\",\"propertyPath\":\"/SALES_AREA_SPART\",\"modelName\":\"NewYardModel\"}"}]}
RESULT: {"script":"<script> [1562 bytes]","args":[{"selector":{"controlType":"sap.m.Input","viewName":"etm.portal.ui.manageyards.view.New","viewId":"application-manageyards-display-component---NewYard","bindingPath":{"path":"","propertyPath":"/SALES_AREA_SPART","modelName":"NewYardModel"},"interaction":{"idSuffix":"inner"}},"wdio_ui5_key":"etmportal.ui.manageyards.view.Newsap.m.Input{\"path\":\"\",\"propertyPath\":\"/SALES_AREA_SPART\",\"modelName\":\"NewYardModel\"}"}]}
RESULT: undefined
COMMAND: POST /session/fe9a8744fa5c20f6a144cebd64bbd052/execute/async - {"script":"<script> [776 bytes]","args":[{"enterText":"C2","selector":{"controlType":"sap.m.Input","viewName":"etm.portal.ui.manageyards.view.New","viewId":"application-manageyards-display-component---NewYard","bindingPath":{"path":"","propertyPath":"/SALES_AREA_SPART","modelName":"NewYardModel"},"interaction":{"idSuffix":"inner"}},"clearTextFirst":true,"interactionType":"ENTER_TEXT"}]}
RESULT: {"script":"<script> [776 bytes]","args":[{"enterText":"C2","selector":{"controlType":"sap.m.Input","viewName":"etm.portal.ui.manageyards.view.New","viewId":"application-manageyards-display-component---NewYard","bindingPath":{"path":"","propertyPath":"/SALES_AREA_SPART","modelName":"NewYardModel"},"interaction":{"idSuffix":"inner"}},"clearTextFirst":true,"interactionType":"ENTER_TEXT"}]}
COMMAND: POST /session/fe9a8744fa5c20f6a144cebd64bbd052/execute/async - {"script":"<script> [1562 bytes]","args":[{"selector":{"controlType":"sap.m.Input","viewName":"etm.portal.ui.manageyards.view.New","viewId":"application-manageyards-display-component---NewYard","bindingPath":{"path":"","propertyPath":"/SHIP_POINT","modelName":"NewYardModel"},"interaction":{"idSuffix":"inner"}},"wdio_ui5_key":"etmportal.ui.manageyards.view.Newsap.m.Input{\"path\":\"\",\"propertyPath\":\"/SHIP_POINT\",\"modelName\":\"NewYardModel\"}"}]}
RESULT: {"script":"<script> [1562 bytes]","args":[{"selector":{"controlType":"sap.m.Input","viewName":"etm.portal.ui.manageyards.view.New","viewId":"application-manageyards-display-component---NewYard","bindingPath":{"path":"","propertyPath":"/SHIP_POINT","modelName":"NewYardModel"},"interaction":{"idSuffix":"inner"}},"wdio_ui5_key":"etmportal.ui.manageyards.view.Newsap.m.Input{\"path\":\"\",\"propertyPath\":\"/SHIP_POINT\",\"modelName\":\"NewYardModel\"}"}]}
RESULT: undefined
COMMAND: POST /session/fe9a8744fa5c20f6a144cebd64bbd052/execute/async - {"script":"<script> [776 bytes]","args":[{"enterText":"1710","selector":{"controlType":"sap.m.Input","viewName":"etm.portal.ui.manageyards.view.New","viewId":"application-manageyards-display-component---NewYard","bindingPath":{"path":"","propertyPath":"/SHIP_POINT","modelName":"NewYardModel"},"interaction":{"idSuffix":"inner"}},"clearTextFirst":true,"interactionType":"ENTER_TEXT"}]}
RESULT: {"script":"<script> [776 bytes]","args":[{"enterText":"1710","selector":{"controlType":"sap.m.Input","viewName":"etm.portal.ui.manageyards.view.New","viewId":"application-manageyards-display-component---NewYard","bindingPath":{"path":"","propertyPath":"/SHIP_POINT","modelName":"NewYardModel"},"interaction":{"idSuffix":"inner"}},"clearTextFirst":true,"interactionType":"ENTER_TEXT"}]}
COMMAND: POST /session/fe9a8744fa5c20f6a144cebd64bbd052/execute/async - {"script":"<script> [1562 bytes]","args":[{"selector":{"controlType":"sap.m.Input","viewName":"etm.portal.ui.manageyards.view.New","viewId":"application-manageyards-display-component---NewYard","bindingPath":{"path":"","propertyPath":"/DELIVERY_TYPE","modelName":"NewYardModel"},"interaction":{"idSuffix":"inner"}},"wdio_ui5_key":"etmportal.ui.manageyards.view.Newsap.m.Input{\"path\":\"\",\"propertyPath\":\"/DELIVERY_TYPE\",\"modelName\":\"NewYardModel\"}"}]}
RESULT: {"script":"<script> [1562 bytes]","args":[{"selector":{"controlType":"sap.m.Input","viewName":"etm.portal.ui.manageyards.view.New","viewId":"application-manageyards-display-component---NewYard","bindingPath":{"path":"","propertyPath":"/DELIVERY_TYPE","modelName":"NewYardModel"},"interaction":{"idSuffix":"inner"}},"wdio_ui5_key":"etmportal.ui.manageyards.view.Newsap.m.Input{\"path\":\"\",\"propertyPath\":\"/DELIVERY_TYPE\",\"modelName\":\"NewYardModel\"}"}]}
RESULT: undefined
COMMAND: POST /session/fe9a8744fa5c20f6a144cebd64bbd052/execute/async - {"script":"<script> [776 bytes]","args":[{"enterText":"ZL01","selector":{"controlType":"sap.m.Input","viewName":"etm.portal.ui.manageyards.view.New","viewId":"application-manageyards-display-component---NewYard","bindingPath":{"path":"","propertyPath":"/DELIVERY_TYPE","modelName":"NewYardModel"},"interaction":{"idSuffix":"inner"}},"clearTextFirst":true,"interactionType":"ENTER_TEXT"}]}
RESULT: {"script":"<script> [776 bytes]","args":[{"enterText":"ZL01","selector":{"controlType":"sap.m.Input","viewName":"etm.portal.ui.manageyards.view.New","viewId":"application-manageyards-display-component---NewYard","bindingPath":{"path":"","propertyPath":"/DELIVERY_TYPE","modelName":"NewYardModel"},"interaction":{"idSuffix":"inner"}},"clearTextFirst":true,"interactionType":"ENTER_TEXT"}]}
COMMAND: POST /session/fe9a8744fa5c20f6a144cebd64bbd052/execute/async - {"script":"<script> [1562 bytes]","args":[{"selector":{"controlType":"sap.m.Input","viewName":"etm.portal.ui.manageyards.view.New","viewId":"application-manageyards-display-component---NewYard","bindingPath":{"path":"","propertyPath":"/AUART","modelName":"NewYardModel"},"interaction":{"idSuffix":"inner"}},"wdio_ui5_key":"etmportal.ui.manageyards.view.Newsap.m.Input{\"path\":\"\",\"propertyPath\":\"/AUART\",\"modelName\":\"NewYardModel\"}"}]}
RESULT: {"script":"<script> [1562 bytes]","args":[{"selector":{"controlType":"sap.m.Input","viewName":"etm.portal.ui.manageyards.view.New","viewId":"application-manageyards-display-component---NewYard","bindingPath":{"path":"","propertyPath":"/AUART","modelName":"NewYardModel"},"interaction":{"idSuffix":"inner"}},"wdio_ui5_key":"etmportal.ui.manageyards.view.Newsap.m.Input{\"path\":\"\",\"propertyPath\":\"/AUART\",\"modelName\":\"NewYardModel\"}"}]}
RESULT: undefined
COMMAND: POST /session/fe9a8744fa5c20f6a144cebd64bbd052/execute/async - {"script":"<script> [776 bytes]","args":[{"enterText":"TA","selector":{"controlType":"sap.m.Input","viewName":"etm.portal.ui.manageyards.view.New","viewId":"application-manageyards-display-component---NewYard","bindingPath":{"path":"","propertyPath":"/AUART","modelName":"NewYardModel"},"interaction":{"idSuffix":"inner"}},"clearTextFirst":true,"interactionType":"ENTER_TEXT"}]}
RESULT: {"script":"<script> [776 bytes]","args":[{"enterText":"TA","selector":{"controlType":"sap.m.Input","viewName":"etm.portal.ui.manageyards.view.New","viewId":"application-manageyards-display-component---NewYard","bindingPath":{"path":"","propertyPath":"/AUART","modelName":"NewYardModel"},"interaction":{"idSuffix":"inner"}},"clearTextFirst":true,"interactionType":"ENTER_TEXT"}]}
COMMAND: POST /session/fe9a8744fa5c20f6a144cebd64bbd052/execute/async - {"script":"<script> [1562 bytes]","args":[{"selector":{"id":"application-manageyards-display-component---NewYard--whmCheckBox","interaction":{"idSuffix":"CbBg"}},"wdio_ui5_key":"applicationmanageyards-display-component---NewYard--whmCheckBox"}]}
RESULT: {"script":"<script> [1562 bytes]","args":[{"selector":{"id":"application-manageyards-display-component---NewYard--whmCheckBox","interaction":{"idSuffix":"CbBg"}},"wdio_ui5_key":"applicationmanageyards-display-component---NewYard--whmCheckBox"}]}
RESULT: undefined
COMMAND: POST /session/fe9a8744fa5c20f6a144cebd64bbd052/element - {"using":"xpath","value":"//*[@id=\"application-manageyards-display-component---NewYard--whmCheckBox\"]"}
RESULT: {"using":"xpath","value":"//*[@id=\"application-manageyards-display-component---NewYard--whmCheckBox\"]"}
COMMAND: POST /session/fe9a8744fa5c20f6a144cebd64bbd052/element/f.382F18D787DED670B4957F188DDD6852.d.0B469A56B8109F7EE1487235CF1D9A20.e.3454/click - {}
RESULT: {}
COMMAND: GET /session/fe9a8744fa5c20f6a144cebd64bbd052/screenshot - {}
RESULT: {}
COMMAND: POST /session/fe9a8744fa5c20f6a144cebd64bbd052/element - {"using":"xpath","value":"//button[@data-kt=\"newYardSaveButton\"]"}
RESULT: {"using":"xpath","value":"//button[@data-kt=\"newYardSaveButton\"]"}
COMMAND: POST /session/fe9a8744fa5c20f6a144cebd64bbd052/element/f.382F18D787DED670B4957F188DDD6852.d.0B469A56B8109F7EE1487235CF1D9A20.e.3371/click - {}
RESULT: {}
COMMAND: GET /session/fe9a8744fa5c20f6a144cebd64bbd052/screenshot - {}
RESULT: {}
COMMAND: POST /session/fe9a8744fa5c20f6a144cebd64bbd052/element - {"using":"xpath","value":"//header[contains(@id, 'ObjectPageLayout-headerTitle')]/div[1]/div[2]/div[1]/span[1]"}
RESULT: {"using":"xpath","value":"//header[contains(@id, 'ObjectPageLayout-headerTitle')]/div[1]/div[2]/div[1]/span[1]"}
COMMAND: POST /session/fe9a8744fa5c20f6a144cebd64bbd052/elements - {"using":"xpath","value":"//header[contains(@id, 'ObjectPageLayout-headerTitle')]/div[1]/div[2]/div[1]/span[1]"}
RESULT: {"using":"xpath","value":"//header[contains(@id, 'ObjectPageLayout-headerTitle')]/div[1]/div[2]/div[1]/span[1]"}
COMMAND: POST /session/fe9a8744fa5c20f6a144cebd64bbd052/execute/sync - {"script":"<script> [56 bytes]","args":[{"element-6066-11e4-a52e-4f735466cecf":"f.382F18D787DED670B4957F188DDD6852.d.0B469A56B8109F7EE1487235CF1D9A20.e.3653","ELEMENT":"f.382F18D787DED670B4957F188DDD6852.d.0B469A56B8109F7EE1487235CF1D9A20.e.3653"}]}
RESULT: {"script":"<script> [56 bytes]","args":[{"element-6066-11e4-a52e-4f735466cecf":"f.382F18D787DED670B4957F188DDD6852.d.0B469A56B8109F7EE1487235CF1D9A20.e.3653","ELEMENT":"f.382F18D787DED670B4957F188DDD6852.d.0B469A56B8109F7EE1487235CF1D9A20.e.3653"}]}
COMMAND: GET /session/fe9a8744fa5c20f6a144cebd64bbd052/screenshot - {}
RESULT: {}
COMMAND: POST /session/fe9a8744fa5c20f6a144cebd64bbd052/element - {"using":"css selector","value":"#shell-header-logo"}
RESULT: {"using":"css selector","value":"#shell-header-logo"}
COMMAND: POST /session/fe9a8744fa5c20f6a144cebd64bbd052/element/f.382F18D787DED670B4957F188DDD6852.d.0B469A56B8109F7EE1487235CF1D9A20.e.2924/click - {}
RESULT: {}
COMMAND: GET /session/fe9a8744fa5c20f6a144cebd64bbd052/screenshot - {}
RESULT: {}
COMMAND: POST /session/fe9a8744fa5c20f6a144cebd64bbd052/execute/sync - {"script":"<script> [299 bytes]","args":[["getModel","getResource"]]}
RESULT: {"script":"<script> [299 bytes]","args":[["getModel","getResource"]]}
COMMAND: GET /session/fe9a8744fa5c20f6a144cebd64bbd052/screenshot - {}
]]></system-out>
    </testcase>
    <testcase classname="chrome.136_0_7103_93.windows.Create_masterdata_for_Yard_Overview_-_trigger_provide_US130988" name="Should create a new external partner" time="110.521">
      <system-out><![CDATA[
COMMAND: POST /session/fe9a8744fa5c20f6a144cebd64bbd052/window/fullscreen - {}
RESULT: {}
RESULT: {}
COMMAND: POST /session/fe9a8744fa5c20f6a144cebd64bbd052/execute/async - {"script":"<script> [1562 bytes]","args":[{"selector":{"controlType":"sap.m.GenericTile","properties":{"header":"Manage Partners"}},"wdio_ui5_key":"sapm.GenericTile{\"header\":\"Manage Partners\"}"}]}
RESULT: {"script":"<script> [1562 bytes]","args":[{"selector":{"controlType":"sap.m.GenericTile","properties":{"header":"Manage Partners"}},"wdio_ui5_key":"sapm.GenericTile{\"header\":\"Manage Partners\"}"}]}
RESULT: undefined
COMMAND: POST /session/fe9a8744fa5c20f6a144cebd64bbd052/element - {"using":"xpath","value":"//*[@id=\"__tile38\"]"}
RESULT: {"using":"xpath","value":"//*[@id=\"__tile38\"]"}
COMMAND: POST /session/fe9a8744fa5c20f6a144cebd64bbd052/element/f.382F18D787DED670B4957F188DDD6852.d.0B469A56B8109F7EE1487235CF1D9A20.e.2810/click - {}
RESULT: {}
COMMAND: GET /session/fe9a8744fa5c20f6a144cebd64bbd052/screenshot - {}
RESULT: {}
COMMAND: POST /session/fe9a8744fa5c20f6a144cebd64bbd052/elements - {"using":"xpath","value":"//span[text()='Error']"}
RESULT: {"using":"xpath","value":"//span[text()='Error']"}
COMMAND: POST /session/fe9a8744fa5c20f6a144cebd64bbd052/element - {"using":"xpath","value":"//button[@data-kt=\"addButton\"]"}
RESULT: {"using":"xpath","value":"//button[@data-kt=\"addButton\"]"}
COMMAND: POST /session/fe9a8744fa5c20f6a144cebd64bbd052/elements - {"using":"xpath","value":"//button[@data-kt=\"addButton\"]"}
RESULT: {"using":"xpath","value":"//button[@data-kt=\"addButton\"]"}
COMMAND: POST /session/fe9a8744fa5c20f6a144cebd64bbd052/execute/sync - {"script":"<script> [8489 bytes]","args":[{"element-6066-11e4-a52e-4f735466cecf":"f.382F18D787DED670B4957F188DDD6852.d.0B469A56B8109F7EE1487235CF1D9A20.e.3703","ELEMENT":"f.382F18D787DED670B4957F188DDD6852.d.0B469A56B8109F7EE1487235CF1D9A20.e.3703"}]}
RESULT: {"script":"<script> [8489 bytes]","args":[{"element-6066-11e4-a52e-4f735466cecf":"f.382F18D787DED670B4957F188DDD6852.d.0B469A56B8109F7EE1487235CF1D9A20.e.3703","ELEMENT":"f.382F18D787DED670B4957F188DDD6852.d.0B469A56B8109F7EE1487235CF1D9A20.e.3703"}]}
COMMAND: GET /session/fe9a8744fa5c20f6a144cebd64bbd052/element/f.382F18D787DED670B4957F188DDD6852.d.0B469A56B8109F7EE1487235CF1D9A20.e.3703/enabled - {}
COMMAND: GET /session/fe9a8744fa5c20f6a144cebd64bbd052/screenshot - {}
RESULT: {}
COMMAND: POST /session/fe9a8744fa5c20f6a144cebd64bbd052/execute/sync - {"script":"<script> [8489 bytes]","args":[{"element-6066-11e4-a52e-4f735466cecf":"f.382F18D787DED670B4957F188DDD6852.d.0B469A56B8109F7EE1487235CF1D9A20.e.3703","ELEMENT":"f.382F18D787DED670B4957F188DDD6852.d.0B469A56B8109F7EE1487235CF1D9A20.e.3703"}]}
COMMAND: GET /session/fe9a8744fa5c20f6a144cebd64bbd052/screenshot - {}
RESULT: {}
RESULT: {"script":"<script> [8489 bytes]","args":[{"element-6066-11e4-a52e-4f735466cecf":"f.382F18D787DED670B4957F188DDD6852.d.0B469A56B8109F7EE1487235CF1D9A20.e.3703","ELEMENT":"f.382F18D787DED670B4957F188DDD6852.d.0B469A56B8109F7EE1487235CF1D9A20.e.3703"}]}
COMMAND: POST /session/fe9a8744fa5c20f6a144cebd64bbd052/execute/sync - {"script":"<script> [5351 bytes]","args":[{"element-6066-11e4-a52e-4f735466cecf":"f.382F18D787DED670B4957F188DDD6852.d.0B469A56B8109F7EE1487235CF1D9A20.e.3703","ELEMENT":"f.382F18D787DED670B4957F188DDD6852.d.0B469A56B8109F7EE1487235CF1D9A20.e.3703"}]}
COMMAND: GET /session/fe9a8744fa5c20f6a144cebd64bbd052/screenshot - {}
RESULT: {}
RESULT: {"script":"<script> [5351 bytes]","args":[{"element-6066-11e4-a52e-4f735466cecf":"f.382F18D787DED670B4957F188DDD6852.d.0B469A56B8109F7EE1487235CF1D9A20.e.3703","ELEMENT":"f.382F18D787DED670B4957F188DDD6852.d.0B469A56B8109F7EE1487235CF1D9A20.e.3703"}]}
COMMAND: POST /session/fe9a8744fa5c20f6a144cebd64bbd052/element/f.382F18D787DED670B4957F188DDD6852.d.0B469A56B8109F7EE1487235CF1D9A20.e.3703/click - {}
COMMAND: GET /session/fe9a8744fa5c20f6a144cebd64bbd052/screenshot - {}
RESULT: {}
RESULT: {}
COMMAND: GET /session/fe9a8744fa5c20f6a144cebd64bbd052/screenshot - {}
COMMAND: POST /session/fe9a8744fa5c20f6a144cebd64bbd052/execute/async - {"script":"<script> [1562 bytes]","args":[{"selector":{"id":"application-managepartners-display-component---NewPartner--addressDetailDetailsName1","interaction":{"idSuffix":"inner"}},"wdio_ui5_key":"applicationmanagepartners-display-component---NewPartner--addressDetailDetailsName1"}]}
RESULT: {}
RESULT: {}
RESULT: {"script":"<script> [1562 bytes]","args":[{"selector":{"id":"application-managepartners-display-component---NewPartner--addressDetailDetailsName1","interaction":{"idSuffix":"inner"}},"wdio_ui5_key":"applicationmanagepartners-display-component---NewPartner--addressDetailDetailsName1"}]}
RESULT: undefined
COMMAND: POST /session/fe9a8744fa5c20f6a144cebd64bbd052/execute/async - {"script":"<script> [776 bytes]","args":[{"enterText":"External Partner WDIO","selector":{"id":"application-managepartners-display-component---NewPartner--addressDetailDetailsName1","interaction":{"idSuffix":"inner"}},"clearTextFirst":true,"interactionType":"ENTER_TEXT"}]}
RESULT: {"script":"<script> [776 bytes]","args":[{"enterText":"External Partner WDIO","selector":{"id":"application-managepartners-display-component---NewPartner--addressDetailDetailsName1","interaction":{"idSuffix":"inner"}},"clearTextFirst":true,"interactionType":"ENTER_TEXT"}]}
COMMAND: POST /session/fe9a8744fa5c20f6a144cebd64bbd052/execute/async - {"script":"<script> [1562 bytes]","args":[{"selector":{"id":"application-managepartners-display-component---NewPartner--addressDetailDetailsLanguage-arrow"},"wdio_ui5_key":"applicationmanagepartners-display-component---NewPartner--addressDetailDetailsLanguage-arrow"}]}
RESULT: {"script":"<script> [1562 bytes]","args":[{"selector":{"id":"application-managepartners-display-component---NewPartner--addressDetailDetailsLanguage-arrow"},"wdio_ui5_key":"applicationmanagepartners-display-component---NewPartner--addressDetailDetailsLanguage-arrow"}]}
RESULT: undefined
COMMAND: POST /session/fe9a8744fa5c20f6a144cebd64bbd052/element - {"using":"xpath","value":"//*[@id=\"application-managepartners-display-component---NewPartner--addressDetailDetailsLanguage-arrow\"]"}
RESULT: {"using":"xpath","value":"//*[@id=\"application-managepartners-display-component---NewPartner--addressDetailDetailsLanguage-arrow\"]"}
COMMAND: POST /session/fe9a8744fa5c20f6a144cebd64bbd052/element/f.382F18D787DED670B4957F188DDD6852.d.0B469A56B8109F7EE1487235CF1D9A20.e.4148/click - {}
RESULT: {}
COMMAND: POST /session/fe9a8744fa5c20f6a144cebd64bbd052/element - {"using":"xpath","value":"//span[contains(text(), \"English\")]"}
COMMAND: GET /session/fe9a8744fa5c20f6a144cebd64bbd052/screenshot - {}
RESULT: {"using":"xpath","value":"//span[contains(text(), \"English\")]"}
COMMAND: POST /session/fe9a8744fa5c20f6a144cebd64bbd052/element/f.382F18D787DED670B4957F188DDD6852.d.0B469A56B8109F7EE1487235CF1D9A20.e.4149/click - {}
RESULT: {}
RESULT: {}
COMMAND: GET /session/fe9a8744fa5c20f6a144cebd64bbd052/screenshot - {}
RESULT: {}
COMMAND: POST /session/fe9a8744fa5c20f6a144cebd64bbd052/execute/async - {"script":"<script> [1562 bytes]","args":[{"selector":{"id":"application-managepartners-display-component---NewPartner--addressDetailDetailsCity1","interaction":{"idSuffix":"inner"}},"wdio_ui5_key":"applicationmanagepartners-display-component---NewPartner--addressDetailDetailsCity1"}]}
RESULT: {"script":"<script> [1562 bytes]","args":[{"selector":{"id":"application-managepartners-display-component---NewPartner--addressDetailDetailsCity1","interaction":{"idSuffix":"inner"}},"wdio_ui5_key":"applicationmanagepartners-display-component---NewPartner--addressDetailDetailsCity1"}]}
RESULT: undefined
COMMAND: POST /session/fe9a8744fa5c20f6a144cebd64bbd052/execute/async - {"script":"<script> [776 bytes]","args":[{"enterText":"Rosario","selector":{"id":"application-managepartners-display-component---NewPartner--addressDetailDetailsCity1","interaction":{"idSuffix":"inner"}},"clearTextFirst":true,"interactionType":"ENTER_TEXT"}]}
RESULT: {"script":"<script> [776 bytes]","args":[{"enterText":"Rosario","selector":{"id":"application-managepartners-display-component---NewPartner--addressDetailDetailsCity1","interaction":{"idSuffix":"inner"}},"clearTextFirst":true,"interactionType":"ENTER_TEXT"}]}
COMMAND: POST /session/fe9a8744fa5c20f6a144cebd64bbd052/execute/async - {"script":"<script> [1562 bytes]","args":[{"selector":{"id":"application-managepartners-display-component---NewPartner--addressDetailDetailsCountry-arrow"},"wdio_ui5_key":"applicationmanagepartners-display-component---NewPartner--addressDetailDetailsCountry-arrow"}]}
RESULT: {"script":"<script> [1562 bytes]","args":[{"selector":{"id":"application-managepartners-display-component---NewPartner--addressDetailDetailsCountry-arrow"},"wdio_ui5_key":"applicationmanagepartners-display-component---NewPartner--addressDetailDetailsCountry-arrow"}]}
RESULT: undefined
COMMAND: POST /session/fe9a8744fa5c20f6a144cebd64bbd052/element - {"using":"xpath","value":"//*[@id=\"application-managepartners-display-component---NewPartner--addressDetailDetailsCountry-arrow\"]"}
RESULT: {"using":"xpath","value":"//*[@id=\"application-managepartners-display-component---NewPartner--addressDetailDetailsCountry-arrow\"]"}
COMMAND: POST /session/fe9a8744fa5c20f6a144cebd64bbd052/element/f.382F18D787DED670B4957F188DDD6852.d.0B469A56B8109F7EE1487235CF1D9A20.e.4112/click - {}
RESULT: {}
COMMAND: POST /session/fe9a8744fa5c20f6a144cebd64bbd052/element - {"using":"xpath","value":"//span[contains(text(), \"Argentina\")]"}
COMMAND: GET /session/fe9a8744fa5c20f6a144cebd64bbd052/screenshot - {}
RESULT: {"using":"xpath","value":"//span[contains(text(), \"Argentina\")]"}
COMMAND: POST /session/fe9a8744fa5c20f6a144cebd64bbd052/element/f.382F18D787DED670B4957F188DDD6852.d.0B469A56B8109F7EE1487235CF1D9A20.e.4151/click - {}
RESULT: {}
RESULT: {}
COMMAND: GET /session/fe9a8744fa5c20f6a144cebd64bbd052/screenshot - {}
RESULT: {}
COMMAND: POST /session/fe9a8744fa5c20f6a144cebd64bbd052/element - {"using":"xpath","value":"//bdi[contains(text(), \"Commercial\")]"}
RESULT: {"using":"xpath","value":"//bdi[contains(text(), \"Commercial\")]"}
COMMAND: POST /session/fe9a8744fa5c20f6a144cebd64bbd052/element/f.382F18D787DED670B4957F188DDD6852.d.0B469A56B8109F7EE1487235CF1D9A20.e.4152/click - {}
RESULT: {}
COMMAND: GET /session/fe9a8744fa5c20f6a144cebd64bbd052/screenshot - {}
RESULT: {}
COMMAND: POST /session/fe9a8744fa5c20f6a144cebd64bbd052/execute/async - {"script":"<script> [1562 bytes]","args":[{"selector":{"id":"application-managepartners-display-component---NewPartner--partnerDetailInternal-arrow"},"wdio_ui5_key":"applicationmanagepartners-display-component---NewPartner--partnerDetailInternal-arrow"}]}
RESULT: {"script":"<script> [1562 bytes]","args":[{"selector":{"id":"application-managepartners-display-component---NewPartner--partnerDetailInternal-arrow"},"wdio_ui5_key":"applicationmanagepartners-display-component---NewPartner--partnerDetailInternal-arrow"}]}
RESULT: undefined
COMMAND: POST /session/fe9a8744fa5c20f6a144cebd64bbd052/element - {"using":"xpath","value":"//*[@id=\"application-managepartners-display-component---NewPartner--partnerDetailInternal-arrow\"]"}
RESULT: {"using":"xpath","value":"//*[@id=\"application-managepartners-display-component---NewPartner--partnerDetailInternal-arrow\"]"}
COMMAND: POST /session/fe9a8744fa5c20f6a144cebd64bbd052/element/f.382F18D787DED670B4957F188DDD6852.d.0B469A56B8109F7EE1487235CF1D9A20.e.4158/click - {}
RESULT: {}
COMMAND: POST /session/fe9a8744fa5c20f6a144cebd64bbd052/element - {"using":"xpath","value":"//span[contains(text(), \"External partner\")]"}
COMMAND: GET /session/fe9a8744fa5c20f6a144cebd64bbd052/screenshot - {}
RESULT: {"using":"xpath","value":"//span[contains(text(), \"External partner\")]"}
COMMAND: POST /session/fe9a8744fa5c20f6a144cebd64bbd052/element/f.382F18D787DED670B4957F188DDD6852.d.0B469A56B8109F7EE1487235CF1D9A20.e.4159/click - {}
RESULT: {}
RESULT: {}
COMMAND: POST /session/fe9a8744fa5c20f6a144cebd64bbd052/execute/async - {"script":"<script> [1562 bytes]","args":[{"selector":{"id":"application-managepartners-display-component---NewPartner--partnerDetailsCurrency-arrow"},"wdio_ui5_key":"applicationmanagepartners-display-component---NewPartner--partnerDetailsCurrency-arrow"}]}
COMMAND: GET /session/fe9a8744fa5c20f6a144cebd64bbd052/screenshot - {}
RESULT: {"script":"<script> [1562 bytes]","args":[{"selector":{"id":"application-managepartners-display-component---NewPartner--partnerDetailsCurrency-arrow"},"wdio_ui5_key":"applicationmanagepartners-display-component---NewPartner--partnerDetailsCurrency-arrow"}]}
RESULT: undefined
COMMAND: POST /session/fe9a8744fa5c20f6a144cebd64bbd052/element - {"using":"xpath","value":"//*[@id=\"application-managepartners-display-component---NewPartner--partnerDetailsCurrency-arrow\"]"}
RESULT: {}
RESULT: {"using":"xpath","value":"//*[@id=\"application-managepartners-display-component---NewPartner--partnerDetailsCurrency-arrow\"]"}
COMMAND: POST /session/fe9a8744fa5c20f6a144cebd64bbd052/element/f.382F18D787DED670B4957F188DDD6852.d.0B469A56B8109F7EE1487235CF1D9A20.e.4164/click - {}
RESULT: {}
COMMAND: POST /session/fe9a8744fa5c20f6a144cebd64bbd052/element - {"using":"xpath","value":"//span[contains(text(), \"US Dollar\")]"}
COMMAND: GET /session/fe9a8744fa5c20f6a144cebd64bbd052/screenshot - {}
RESULT: {"using":"xpath","value":"//span[contains(text(), \"US Dollar\")]"}
COMMAND: POST /session/fe9a8744fa5c20f6a144cebd64bbd052/element/f.382F18D787DED670B4957F188DDD6852.d.0B469A56B8109F7EE1487235CF1D9A20.e.4165/click - {}
RESULT: {}
RESULT: {}
COMMAND: GET /session/fe9a8744fa5c20f6a144cebd64bbd052/screenshot - {}
RESULT: {}
COMMAND: POST /session/fe9a8744fa5c20f6a144cebd64bbd052/element - {"using":"xpath","value":"//input[@id=\"application-managepartners-display-component---NewPartner--companyCodeComboBox-inner\"]"}
RESULT: {"using":"xpath","value":"//input[@id=\"application-managepartners-display-component---NewPartner--companyCodeComboBox-inner\"]"}
COMMAND: POST /session/fe9a8744fa5c20f6a144cebd64bbd052/element/f.382F18D787DED670B4957F188DDD6852.d.0B469A56B8109F7EE1487235CF1D9A20.e.4107/clear - {}
RESULT: {}
COMMAND: POST /session/fe9a8744fa5c20f6a144cebd64bbd052/element/f.382F18D787DED670B4957F188DDD6852.d.0B469A56B8109F7EE1487235CF1D9A20.e.4107/value - {"text":"C002"}
COMMAND: GET /session/fe9a8744fa5c20f6a144cebd64bbd052/screenshot - {}
RESULT: {"text":"C002"}
COMMAND: GET /session/fe9a8744fa5c20f6a144cebd64bbd052/screenshot - {}
RESULT: {}
RESULT: {}
COMMAND: POST /session/fe9a8744fa5c20f6a144cebd64bbd052/element - {"using":"xpath","value":"//li[.//span[text()= \"C002\"]]"}
RESULT: {"using":"xpath","value":"//li[.//span[text()= \"C002\"]]"}
COMMAND: POST /session/fe9a8744fa5c20f6a144cebd64bbd052/element/f.382F18D787DED670B4957F188DDD6852.d.0B469A56B8109F7EE1487235CF1D9A20.e.4169/click - {}
RESULT: {}
COMMAND: GET /session/fe9a8744fa5c20f6a144cebd64bbd052/screenshot - {}
RESULT: {}
COMMAND: POST /session/fe9a8744fa5c20f6a144cebd64bbd052/execute/async - {"script":"<script> [1562 bytes]","args":[{"selector":{"controlType":"sap.ui.core.Icon","viewName":"etm.portal.ui.managepartners.view.NewPartner","viewId":"application-managepartners-display-component---NewPartner","properties":{"src":{"regex":{"source":"slim\\-arrow\\-down"}}},"ancestor":{"controlType":"sap.m.ComboBox","viewName":"etm.portal.ui.managepartners.view.NewPartner","viewId":"application-managepartners-display-component---NewPartner","bindingPath":{"path":"","propertyPath":"/CATALOG","modelName":"oNewPartnerModel"}}},"wdio_ui5_key":"etmportal.ui.managepartners.view.NewPartnersap.ui.core.Icon{\"src\":{\"regex\":{\"source\":\"slim\\\\-arrow\\\\-down\"}}}{\"controlType\":\"sap.m.ComboBox\",\"viewName\":\"etm.portal.ui.managepartners.view.NewPartner\",\"viewId\":\"application-managepartners-display-component---NewPartner\",\"bindingPath\":{\"path\":\"\",\"propertyPath\":\"/CATALOG\",\"modelName\":\"oNewPartnerModel\"}}"}]}
RESULT: {"script":"<script> [1562 bytes]","args":[{"selector":{"controlType":"sap.ui.core.Icon","viewName":"etm.portal.ui.managepartners.view.NewPartner","viewId":"application-managepartners-display-component---NewPartner","properties":{"src":{"regex":{"source":"slim\\-arrow\\-down"}}},"ancestor":{"controlType":"sap.m.ComboBox","viewName":"etm.portal.ui.managepartners.view.NewPartner","viewId":"application-managepartners-display-component---NewPartner","bindingPath":{"path":"","propertyPath":"/CATALOG","modelName":"oNewPartnerModel"}}},"wdio_ui5_key":"etmportal.ui.managepartners.view.NewPartnersap.ui.core.Icon{\"src\":{\"regex\":{\"source\":\"slim\\\\-arrow\\\\-down\"}}}{\"controlType\":\"sap.m.ComboBox\",\"viewName\":\"etm.portal.ui.managepartners.view.NewPartner\",\"viewId\":\"application-managepartners-display-component---NewPartner\",\"bindingPath\":{\"path\":\"\",\"propertyPath\":\"/CATALOG\",\"modelName\":\"oNewPartnerModel\"}}"}]}
RESULT: undefined
COMMAND: POST /session/fe9a8744fa5c20f6a144cebd64bbd052/element - {"using":"xpath","value":"//*[@id=\"__box22-arrow\"]"}
RESULT: {"using":"xpath","value":"//*[@id=\"__box22-arrow\"]"}
COMMAND: POST /session/fe9a8744fa5c20f6a144cebd64bbd052/element/f.382F18D787DED670B4957F188DDD6852.d.0B469A56B8109F7EE1487235CF1D9A20.e.4113/click - {}
RESULT: {}
COMMAND: GET /session/fe9a8744fa5c20f6a144cebd64bbd052/screenshot - {}
RESULT: {}
COMMAND: POST /session/fe9a8744fa5c20f6a144cebd64bbd052/element - {"using":"xpath","value":"//ul[contains(@id,\"popup-list-listUl\")]//li[.//span[text()= \"Webshop Catalog\"]]"}
RESULT: {"using":"xpath","value":"//ul[contains(@id,\"popup-list-listUl\")]//li[.//span[text()= \"Webshop Catalog\"]]"}
COMMAND: POST /session/fe9a8744fa5c20f6a144cebd64bbd052/element/f.382F18D787DED670B4957F188DDD6852.d.0B469A56B8109F7EE1487235CF1D9A20.e.4171/click - {}
RESULT: {}
COMMAND: GET /session/fe9a8744fa5c20f6a144cebd64bbd052/screenshot - {}
RESULT: {}
COMMAND: POST /session/fe9a8744fa5c20f6a144cebd64bbd052/execute/async - {"script":"<script> [1562 bytes]","args":[{"selector":{"id":"application-managepartners-display-component---NewPartner--btnAddTableRow-img"},"wdio_ui5_key":"applicationmanagepartners-display-component---NewPartner--btnAddTableRow-img"}]}
RESULT: {"script":"<script> [1562 bytes]","args":[{"selector":{"id":"application-managepartners-display-component---NewPartner--btnAddTableRow-img"},"wdio_ui5_key":"applicationmanagepartners-display-component---NewPartner--btnAddTableRow-img"}]}
RESULT: undefined
COMMAND: POST /session/fe9a8744fa5c20f6a144cebd64bbd052/element - {"using":"xpath","value":"//*[@id=\"application-managepartners-display-component---NewPartner--btnAddTableRow-img\"]"}
RESULT: {"using":"xpath","value":"//*[@id=\"application-managepartners-display-component---NewPartner--btnAddTableRow-img\"]"}
COMMAND: POST /session/fe9a8744fa5c20f6a144cebd64bbd052/element/f.382F18D787DED670B4957F188DDD6852.d.0B469A56B8109F7EE1487235CF1D9A20.e.4172/click - {}
RESULT: {}
COMMAND: GET /session/fe9a8744fa5c20f6a144cebd64bbd052/screenshot - {}
RESULT: {}
COMMAND: POST /session/fe9a8744fa5c20f6a144cebd64bbd052/element - {"using":"xpath","value":"//input[@id=\"application-managepartners-display-component---NewPartner--assignmentYard-application-managepartners-display-component---NewPartner--assignmentsTable-0-inner\"]"}
RESULT: {"using":"xpath","value":"//input[@id=\"application-managepartners-display-component---NewPartner--assignmentYard-application-managepartners-display-component---NewPartner--assignmentsTable-0-inner\"]"}
COMMAND: POST /session/fe9a8744fa5c20f6a144cebd64bbd052/element/f.382F18D787DED670B4957F188DDD6852.d.0B469A56B8109F7EE1487235CF1D9A20.e.4175/clear - {}
RESULT: {}
COMMAND: POST /session/fe9a8744fa5c20f6a144cebd64bbd052/element/f.382F18D787DED670B4957F188DDD6852.d.0B469A56B8109F7EE1487235CF1D9A20.e.4175/value - {"text":"553"}
COMMAND: GET /session/fe9a8744fa5c20f6a144cebd64bbd052/screenshot - {}
RESULT: {"text":"553"}
COMMAND: GET /session/fe9a8744fa5c20f6a144cebd64bbd052/screenshot - {}
RESULT: {}
RESULT: {}
COMMAND: POST /session/fe9a8744fa5c20f6a144cebd64bbd052/element - {"using":"xpath","value":"//li[.//span[text()='553']]"}
RESULT: {"using":"xpath","value":"//li[.//span[text()='553']]"}
COMMAND: POST /session/fe9a8744fa5c20f6a144cebd64bbd052/element/f.382F18D787DED670B4957F188DDD6852.d.0B469A56B8109F7EE1487235CF1D9A20.e.4183/click - {}
RESULT: {}
COMMAND: GET /session/fe9a8744fa5c20f6a144cebd64bbd052/screenshot - {}
RESULT: {}
COMMAND: POST /session/fe9a8744fa5c20f6a144cebd64bbd052/actions - {"actions":[{"id":"action11","type":"key","parameters":{},"actions":[{"type":"keyDown","value":""},{"type":"pause","duration":10},{"type":"keyUp","value":""}]}]}
RESULT: {"actions":[{"id":"action11","type":"key","parameters":{},"actions":[{"type":"keyDown","value":""},{"type":"pause","duration":10},{"type":"keyUp","value":""}]}]}
COMMAND: POST /session/fe9a8744fa5c20f6a144cebd64bbd052/element - {"using":"xpath","value":"//td[contains(@id, \"assignmentsTable-0-cell2\")]/div/div"}
COMMAND: GET /session/fe9a8744fa5c20f6a144cebd64bbd052/screenshot - {}
RESULT: {"using":"xpath","value":"//td[contains(@id, \"assignmentsTable-0-cell2\")]/div/div"}
COMMAND: POST /session/fe9a8744fa5c20f6a144cebd64bbd052/element/f.382F18D787DED670B4957F188DDD6852.d.0B469A56B8109F7EE1487235CF1D9A20.e.4186/click - {}
RESULT: {}
RESULT: {}
COMMAND: GET /session/fe9a8744fa5c20f6a144cebd64bbd052/screenshot - {}
RESULT: {}
COMMAND: POST /session/fe9a8744fa5c20f6a144cebd64bbd052/element - {"using":"xpath","value":"//button[@data-kt=\"saveButton\"]"}
RESULT: {"using":"xpath","value":"//button[@data-kt=\"saveButton\"]"}
COMMAND: POST /session/fe9a8744fa5c20f6a144cebd64bbd052/element/f.382F18D787DED670B4957F188DDD6852.d.0B469A56B8109F7EE1487235CF1D9A20.e.4140/click - {}
RESULT: {}
COMMAND: GET /session/fe9a8744fa5c20f6a144cebd64bbd052/screenshot - {}
RESULT: {}
COMMAND: POST /session/fe9a8744fa5c20f6a144cebd64bbd052/element - {"using":"xpath","value":"//header[contains(@id, 'ObjectPageLayout-headerTitle')]/div[1]/div[2]/div[2]/span[1]"}
RESULT: {"using":"xpath","value":"//header[contains(@id, 'ObjectPageLayout-headerTitle')]/div[1]/div[2]/div[2]/span[1]"}
COMMAND: POST /session/fe9a8744fa5c20f6a144cebd64bbd052/elements - {"using":"xpath","value":"//header[contains(@id, 'ObjectPageLayout-headerTitle')]/div[1]/div[2]/div[2]/span[1]"}
RESULT: {"using":"xpath","value":"//header[contains(@id, 'ObjectPageLayout-headerTitle')]/div[1]/div[2]/div[2]/span[1]"}
COMMAND: POST /session/fe9a8744fa5c20f6a144cebd64bbd052/execute/sync - {"script":"<script> [56 bytes]","args":[{"element-6066-11e4-a52e-4f735466cecf":"f.382F18D787DED670B4957F188DDD6852.d.0B469A56B8109F7EE1487235CF1D9A20.e.4350","ELEMENT":"f.382F18D787DED670B4957F188DDD6852.d.0B469A56B8109F7EE1487235CF1D9A20.e.4350"}]}
RESULT: {"script":"<script> [56 bytes]","args":[{"element-6066-11e4-a52e-4f735466cecf":"f.382F18D787DED670B4957F188DDD6852.d.0B469A56B8109F7EE1487235CF1D9A20.e.4350","ELEMENT":"f.382F18D787DED670B4957F188DDD6852.d.0B469A56B8109F7EE1487235CF1D9A20.e.4350"}]}
COMMAND: POST /session/fe9a8744fa5c20f6a144cebd64bbd052/element - {"using":"css selector","value":"#shell-header-logo"}
COMMAND: GET /session/fe9a8744fa5c20f6a144cebd64bbd052/screenshot - {}
RESULT: {"using":"css selector","value":"#shell-header-logo"}
COMMAND: POST /session/fe9a8744fa5c20f6a144cebd64bbd052/element/f.382F18D787DED670B4957F188DDD6852.d.0B469A56B8109F7EE1487235CF1D9A20.e.3658/click - {}
RESULT: {}
RESULT: {}
COMMAND: GET /session/fe9a8744fa5c20f6a144cebd64bbd052/screenshot - {}
RESULT: {}
COMMAND: POST /session/fe9a8744fa5c20f6a144cebd64bbd052/execute/sync - {"script":"<script> [299 bytes]","args":[["getModel","getResource"]]}
RESULT: {"script":"<script> [299 bytes]","args":[["getModel","getResource"]]}
]]></system-out>
    </testcase>
    <testcase classname="chrome.136_0_7103_93.windows.Create_masterdata_for_Yard_Overview_-_trigger_provide_US130988" name="Should create a new WHM site" time="122.232">
      <system-out><![CDATA[
COMMAND: GET /session/fe9a8744fa5c20f6a144cebd64bbd052/screenshot - {}
COMMAND: POST /session/fe9a8744fa5c20f6a144cebd64bbd052/execute/async - {"script":"<script> [1562 bytes]","args":[{"selector":{"controlType":"sap.m.GenericTile","properties":{"header":"Manage Sites"}},"wdio_ui5_key":"sapm.GenericTile{\"header\":\"Manage Sites\"}"}]}
RESULT: {}
RESULT: {"script":"<script> [1562 bytes]","args":[{"selector":{"controlType":"sap.m.GenericTile","properties":{"header":"Manage Sites"}},"wdio_ui5_key":"sapm.GenericTile{\"header\":\"Manage Sites\"}"}]}
RESULT: undefined
COMMAND: POST /session/fe9a8744fa5c20f6a144cebd64bbd052/element - {"using":"xpath","value":"//*[@id=\"__tile40\"]"}
RESULT: {"using":"xpath","value":"//*[@id=\"__tile40\"]"}
COMMAND: POST /session/fe9a8744fa5c20f6a144cebd64bbd052/element/f.382F18D787DED670B4957F188DDD6852.d.0B469A56B8109F7EE1487235CF1D9A20.e.2816/click - {}
RESULT: {}
COMMAND: GET /session/fe9a8744fa5c20f6a144cebd64bbd052/screenshot - {}
RESULT: {}
COMMAND: POST /session/fe9a8744fa5c20f6a144cebd64bbd052/elements - {"using":"xpath","value":"//span[text()='Error']"}
RESULT: {"using":"xpath","value":"//span[text()='Error']"}
COMMAND: POST /session/fe9a8744fa5c20f6a144cebd64bbd052/element - {"using":"xpath","value":"//button[@data-kt=\"addOverflowToolbarButton\"]"}
RESULT: {"using":"xpath","value":"//button[@data-kt=\"addOverflowToolbarButton\"]"}
COMMAND: POST /session/fe9a8744fa5c20f6a144cebd64bbd052/elements - {"using":"xpath","value":"//button[@data-kt=\"addOverflowToolbarButton\"]"}
RESULT: {"using":"xpath","value":"//button[@data-kt=\"addOverflowToolbarButton\"]"}
COMMAND: POST /session/fe9a8744fa5c20f6a144cebd64bbd052/execute/sync - {"script":"<script> [8489 bytes]","args":[{"element-6066-11e4-a52e-4f735466cecf":"f.382F18D787DED670B4957F188DDD6852.d.0B469A56B8109F7EE1487235CF1D9A20.e.4401","ELEMENT":"f.382F18D787DED670B4957F188DDD6852.d.0B469A56B8109F7EE1487235CF1D9A20.e.4401"}]}
RESULT: {"script":"<script> [8489 bytes]","args":[{"element-6066-11e4-a52e-4f735466cecf":"f.382F18D787DED670B4957F188DDD6852.d.0B469A56B8109F7EE1487235CF1D9A20.e.4401","ELEMENT":"f.382F18D787DED670B4957F188DDD6852.d.0B469A56B8109F7EE1487235CF1D9A20.e.4401"}]}
COMMAND: GET /session/fe9a8744fa5c20f6a144cebd64bbd052/element/f.382F18D787DED670B4957F188DDD6852.d.0B469A56B8109F7EE1487235CF1D9A20.e.4401/enabled - {}
COMMAND: GET /session/fe9a8744fa5c20f6a144cebd64bbd052/screenshot - {}
RESULT: {}
COMMAND: POST /session/fe9a8744fa5c20f6a144cebd64bbd052/execute/sync - {"script":"<script> [8489 bytes]","args":[{"element-6066-11e4-a52e-4f735466cecf":"f.382F18D787DED670B4957F188DDD6852.d.0B469A56B8109F7EE1487235CF1D9A20.e.4401","ELEMENT":"f.382F18D787DED670B4957F188DDD6852.d.0B469A56B8109F7EE1487235CF1D9A20.e.4401"}]}
COMMAND: GET /session/fe9a8744fa5c20f6a144cebd64bbd052/screenshot - {}
RESULT: {}
RESULT: {"script":"<script> [8489 bytes]","args":[{"element-6066-11e4-a52e-4f735466cecf":"f.382F18D787DED670B4957F188DDD6852.d.0B469A56B8109F7EE1487235CF1D9A20.e.4401","ELEMENT":"f.382F18D787DED670B4957F188DDD6852.d.0B469A56B8109F7EE1487235CF1D9A20.e.4401"}]}
COMMAND: POST /session/fe9a8744fa5c20f6a144cebd64bbd052/execute/sync - {"script":"<script> [5351 bytes]","args":[{"element-6066-11e4-a52e-4f735466cecf":"f.382F18D787DED670B4957F188DDD6852.d.0B469A56B8109F7EE1487235CF1D9A20.e.4401","ELEMENT":"f.382F18D787DED670B4957F188DDD6852.d.0B469A56B8109F7EE1487235CF1D9A20.e.4401"}]}
COMMAND: GET /session/fe9a8744fa5c20f6a144cebd64bbd052/screenshot - {}
RESULT: {}
RESULT: {"script":"<script> [5351 bytes]","args":[{"element-6066-11e4-a52e-4f735466cecf":"f.382F18D787DED670B4957F188DDD6852.d.0B469A56B8109F7EE1487235CF1D9A20.e.4401","ELEMENT":"f.382F18D787DED670B4957F188DDD6852.d.0B469A56B8109F7EE1487235CF1D9A20.e.4401"}]}
COMMAND: POST /session/fe9a8744fa5c20f6a144cebd64bbd052/element/f.382F18D787DED670B4957F188DDD6852.d.0B469A56B8109F7EE1487235CF1D9A20.e.4401/click - {}
COMMAND: GET /session/fe9a8744fa5c20f6a144cebd64bbd052/screenshot - {}
RESULT: {}
RESULT: {}
COMMAND: GET /session/fe9a8744fa5c20f6a144cebd64bbd052/screenshot - {}
COMMAND: POST /session/fe9a8744fa5c20f6a144cebd64bbd052/element - {"using":"xpath","value":"//input[@id=\"application-managesites-display-component---NewSite--siteId-inner\"]"}
RESULT: {}
RESULT: {}
RESULT: {"using":"xpath","value":"//input[@id=\"application-managesites-display-component---NewSite--siteId-inner\"]"}
COMMAND: POST /session/fe9a8744fa5c20f6a144cebd64bbd052/element - {"using":"xpath","value":"//input[@id=\"application-managesites-display-component---NewSite--siteId-inner\"]"}
RESULT: {"using":"xpath","value":"//input[@id=\"application-managesites-display-component---NewSite--siteId-inner\"]"}
COMMAND: POST /session/fe9a8744fa5c20f6a144cebd64bbd052/execute/async - {"script":"<script> [1562 bytes]","args":[{"selector":{"id":"application-managesites-display-component---NewSite--addressDetailDetailsName1","interaction":{"idSuffix":"inner"}},"wdio_ui5_key":"applicationmanagesites-display-component---NewSite--addressDetailDetailsName1"}]}
RESULT: {"script":"<script> [1562 bytes]","args":[{"selector":{"id":"application-managesites-display-component---NewSite--addressDetailDetailsName1","interaction":{"idSuffix":"inner"}},"wdio_ui5_key":"applicationmanagesites-display-component---NewSite--addressDetailDetailsName1"}]}
RESULT: undefined
COMMAND: POST /session/fe9a8744fa5c20f6a144cebd64bbd052/execute/async - {"script":"<script> [776 bytes]","args":[{"enterText":"Other Type Site WDIO","selector":{"id":"application-managesites-display-component---NewSite--addressDetailDetailsName1","interaction":{"idSuffix":"inner"}},"clearTextFirst":true,"interactionType":"ENTER_TEXT"}]}
RESULT: {"script":"<script> [776 bytes]","args":[{"enterText":"Other Type Site WDIO","selector":{"id":"application-managesites-display-component---NewSite--addressDetailDetailsName1","interaction":{"idSuffix":"inner"}},"clearTextFirst":true,"interactionType":"ENTER_TEXT"}]}
COMMAND: POST /session/fe9a8744fa5c20f6a144cebd64bbd052/execute/async - {"script":"<script> [1562 bytes]","args":[{"selector":{"id":"application-managesites-display-component---NewSite--addressDetailDetailsLanguage-arrow"},"wdio_ui5_key":"applicationmanagesites-display-component---NewSite--addressDetailDetailsLanguage-arrow"}]}
RESULT: {"script":"<script> [1562 bytes]","args":[{"selector":{"id":"application-managesites-display-component---NewSite--addressDetailDetailsLanguage-arrow"},"wdio_ui5_key":"applicationmanagesites-display-component---NewSite--addressDetailDetailsLanguage-arrow"}]}
RESULT: undefined
COMMAND: POST /session/fe9a8744fa5c20f6a144cebd64bbd052/element - {"using":"xpath","value":"//*[@id=\"application-managesites-display-component---NewSite--addressDetailDetailsLanguage-arrow\"]"}
RESULT: {"using":"xpath","value":"//*[@id=\"application-managesites-display-component---NewSite--addressDetailDetailsLanguage-arrow\"]"}
COMMAND: POST /session/fe9a8744fa5c20f6a144cebd64bbd052/element/f.382F18D787DED670B4957F188DDD6852.d.0B469A56B8109F7EE1487235CF1D9A20.e.4804/click - {}
RESULT: {}
COMMAND: POST /session/fe9a8744fa5c20f6a144cebd64bbd052/element - {"using":"xpath","value":"//span[contains(text(), \"English\")]"}
COMMAND: GET /session/fe9a8744fa5c20f6a144cebd64bbd052/screenshot - {}
RESULT: {"using":"xpath","value":"//span[contains(text(), \"English\")]"}
COMMAND: POST /session/fe9a8744fa5c20f6a144cebd64bbd052/element/f.382F18D787DED670B4957F188DDD6852.d.0B469A56B8109F7EE1487235CF1D9A20.e.4805/click - {}
RESULT: {}
RESULT: {}
COMMAND: POST /session/fe9a8744fa5c20f6a144cebd64bbd052/execute/async - {"script":"<script> [1562 bytes]","args":[{"selector":{"id":"application-managesites-display-component---NewSite--addressDetailDetailsCity1","interaction":{"idSuffix":"inner"}},"wdio_ui5_key":"applicationmanagesites-display-component---NewSite--addressDetailDetailsCity1"}]}
COMMAND: GET /session/fe9a8744fa5c20f6a144cebd64bbd052/screenshot - {}
RESULT: {"script":"<script> [1562 bytes]","args":[{"selector":{"id":"application-managesites-display-component---NewSite--addressDetailDetailsCity1","interaction":{"idSuffix":"inner"}},"wdio_ui5_key":"applicationmanagesites-display-component---NewSite--addressDetailDetailsCity1"}]}
RESULT: undefined
COMMAND: POST /session/fe9a8744fa5c20f6a144cebd64bbd052/execute/async - {"script":"<script> [776 bytes]","args":[{"enterText":"Rosario","selector":{"id":"application-managesites-display-component---NewSite--addressDetailDetailsCity1","interaction":{"idSuffix":"inner"}},"clearTextFirst":true,"interactionType":"ENTER_TEXT"}]}
RESULT: {}
RESULT: {"script":"<script> [776 bytes]","args":[{"enterText":"Rosario","selector":{"id":"application-managesites-display-component---NewSite--addressDetailDetailsCity1","interaction":{"idSuffix":"inner"}},"clearTextFirst":true,"interactionType":"ENTER_TEXT"}]}
COMMAND: POST /session/fe9a8744fa5c20f6a144cebd64bbd052/execute/async - {"script":"<script> [1562 bytes]","args":[{"selector":{"id":"application-managesites-display-component---NewSite--addressDetailDetailsCountry-arrow"},"wdio_ui5_key":"applicationmanagesites-display-component---NewSite--addressDetailDetailsCountry-arrow"}]}
RESULT: {"script":"<script> [1562 bytes]","args":[{"selector":{"id":"application-managesites-display-component---NewSite--addressDetailDetailsCountry-arrow"},"wdio_ui5_key":"applicationmanagesites-display-component---NewSite--addressDetailDetailsCountry-arrow"}]}
RESULT: undefined
COMMAND: POST /session/fe9a8744fa5c20f6a144cebd64bbd052/element - {"using":"xpath","value":"//*[@id=\"application-managesites-display-component---NewSite--addressDetailDetailsCountry-arrow\"]"}
RESULT: {"using":"xpath","value":"//*[@id=\"application-managesites-display-component---NewSite--addressDetailDetailsCountry-arrow\"]"}
COMMAND: POST /session/fe9a8744fa5c20f6a144cebd64bbd052/element/f.382F18D787DED670B4957F188DDD6852.d.0B469A56B8109F7EE1487235CF1D9A20.e.4807/click - {}
RESULT: {}
COMMAND: POST /session/fe9a8744fa5c20f6a144cebd64bbd052/element - {"using":"xpath","value":"//span[contains(text(), \"Argentina\")]"}
COMMAND: GET /session/fe9a8744fa5c20f6a144cebd64bbd052/screenshot - {}
RESULT: {"using":"xpath","value":"//span[contains(text(), \"Argentina\")]"}
COMMAND: POST /session/fe9a8744fa5c20f6a144cebd64bbd052/element/f.382F18D787DED670B4957F188DDD6852.d.0B469A56B8109F7EE1487235CF1D9A20.e.4808/click - {}
RESULT: {}
RESULT: {}
COMMAND: GET /session/fe9a8744fa5c20f6a144cebd64bbd052/screenshot - {}
RESULT: {}
COMMAND: POST /session/fe9a8744fa5c20f6a144cebd64bbd052/execute/async - {"script":"<script> [1562 bytes]","args":[{"selector":{"id":"application-managesites-display-component---NewSite--addressEditDetailsCostObjectCstType-arrow"},"wdio_ui5_key":"applicationmanagesites-display-component---NewSite--addressEditDetailsCostObjectCstType-arrow"}]}
RESULT: {"script":"<script> [1562 bytes]","args":[{"selector":{"id":"application-managesites-display-component---NewSite--addressEditDetailsCostObjectCstType-arrow"},"wdio_ui5_key":"applicationmanagesites-display-component---NewSite--addressEditDetailsCostObjectCstType-arrow"}]}
RESULT: undefined
COMMAND: POST /session/fe9a8744fa5c20f6a144cebd64bbd052/element - {"using":"xpath","value":"//*[@id=\"application-managesites-display-component---NewSite--addressEditDetailsCostObjectCstType-arrow\"]"}
RESULT: {"using":"xpath","value":"//*[@id=\"application-managesites-display-component---NewSite--addressEditDetailsCostObjectCstType-arrow\"]"}
COMMAND: POST /session/fe9a8744fa5c20f6a144cebd64bbd052/element/f.382F18D787DED670B4957F188DDD6852.d.0B469A56B8109F7EE1487235CF1D9A20.e.4810/click - {}
RESULT: {}
COMMAND: POST /session/fe9a8744fa5c20f6a144cebd64bbd052/element - {"using":"xpath","value":"//span[contains(text(), \"Cost Center\")]"}
COMMAND: GET /session/fe9a8744fa5c20f6a144cebd64bbd052/screenshot - {}
RESULT: {"using":"xpath","value":"//span[contains(text(), \"Cost Center\")]"}
COMMAND: POST /session/fe9a8744fa5c20f6a144cebd64bbd052/element/f.382F18D787DED670B4957F188DDD6852.d.0B469A56B8109F7EE1487235CF1D9A20.e.4811/click - {}
RESULT: {}
RESULT: {}
COMMAND: GET /session/fe9a8744fa5c20f6a144cebd64bbd052/screenshot - {}
RESULT: {}
COMMAND: POST /session/fe9a8744fa5c20f6a144cebd64bbd052/element - {"using":"xpath","value":"//span[@id=\"application-managesites-display-component---NewSite--addressNewCostObjectCstID-vhi\"]"}
RESULT: {"using":"xpath","value":"//span[@id=\"application-managesites-display-component---NewSite--addressNewCostObjectCstID-vhi\"]"}
COMMAND: POST /session/fe9a8744fa5c20f6a144cebd64bbd052/execute/sync - {"script":"<script> [8489 bytes]","args":[{"element-6066-11e4-a52e-4f735466cecf":"f.382F18D787DED670B4957F188DDD6852.d.0B469A56B8109F7EE1487235CF1D9A20.e.4816","ELEMENT":"f.382F18D787DED670B4957F188DDD6852.d.0B469A56B8109F7EE1487235CF1D9A20.e.4816"}]}
RESULT: {"script":"<script> [8489 bytes]","args":[{"element-6066-11e4-a52e-4f735466cecf":"f.382F18D787DED670B4957F188DDD6852.d.0B469A56B8109F7EE1487235CF1D9A20.e.4816","ELEMENT":"f.382F18D787DED670B4957F188DDD6852.d.0B469A56B8109F7EE1487235CF1D9A20.e.4816"}]}
COMMAND: POST /session/fe9a8744fa5c20f6a144cebd64bbd052/execute/async - {"script":"<script> [1562 bytes]","args":[{"selector":{"id":"application-managesites-display-component---NewSite--addressNewCostObjectCstID-vhi"},"wdio_ui5_key":"applicationmanagesites-display-component---NewSite--addressNewCostObjectCstID-vhi"}]}
COMMAND: GET /session/fe9a8744fa5c20f6a144cebd64bbd052/screenshot - {}
RESULT: {"script":"<script> [1562 bytes]","args":[{"selector":{"id":"application-managesites-display-component---NewSite--addressNewCostObjectCstID-vhi"},"wdio_ui5_key":"applicationmanagesites-display-component---NewSite--addressNewCostObjectCstID-vhi"}]}
RESULT: undefined
COMMAND: POST /session/fe9a8744fa5c20f6a144cebd64bbd052/element - {"using":"xpath","value":"//*[@id=\"application-managesites-display-component---NewSite--addressNewCostObjectCstID-vhi\"]"}
RESULT: {}
RESULT: {"using":"xpath","value":"//*[@id=\"application-managesites-display-component---NewSite--addressNewCostObjectCstID-vhi\"]"}
COMMAND: POST /session/fe9a8744fa5c20f6a144cebd64bbd052/element/f.382F18D787DED670B4957F188DDD6852.d.0B469A56B8109F7EE1487235CF1D9A20.e.4816/click - {}
RESULT: {}
COMMAND: GET /session/fe9a8744fa5c20f6a144cebd64bbd052/screenshot - {}
RESULT: {}
RESULT: undefined
COMMAND: POST /session/fe9a8744fa5c20f6a144cebd64bbd052/execute/async - {"script":"<script> [776 bytes]","args":[{"enterText":"10001013","selector":{"controlType":"sap.m.SearchField","properties":{"placeholder":"Search"},"searchOpenDialogs":true,"interaction":{"idSuffix":"I"}},"clearTextFirst":true,"interactionType":"ENTER_TEXT"}]}
RESULT: {"script":"<script> [776 bytes]","args":[{"enterText":"10001013","selector":{"controlType":"sap.m.SearchField","properties":{"placeholder":"Search"},"searchOpenDialogs":true,"interaction":{"idSuffix":"I"}},"clearTextFirst":true,"interactionType":"ENTER_TEXT"}]}
COMMAND: POST /session/fe9a8744fa5c20f6a144cebd64bbd052/actions - {"actions":[{"id":"action12","type":"key","parameters":{},"actions":[{"type":"keyDown","value":""},{"type":"pause","duration":10},{"type":"keyUp","value":""}]}]}
RESULT: {"actions":[{"id":"action12","type":"key","parameters":{},"actions":[{"type":"keyDown","value":""},{"type":"pause","duration":10},{"type":"keyUp","value":""}]}]}
COMMAND: GET /session/fe9a8744fa5c20f6a144cebd64bbd052/screenshot - {}
RESULT: {}
COMMAND: POST /session/fe9a8744fa5c20f6a144cebd64bbd052/element - {"using":"xpath","value":"//span[contains(text(), \"General Management\")]"}
RESULT: {"using":"xpath","value":"//span[contains(text(), \"General Management\")]"}
COMMAND: POST /session/fe9a8744fa5c20f6a144cebd64bbd052/element/f.382F18D787DED670B4957F188DDD6852.d.0B469A56B8109F7EE1487235CF1D9A20.e.4854/click - {}
RESULT: {}
COMMAND: GET /session/fe9a8744fa5c20f6a144cebd64bbd052/screenshot - {}
RESULT: {}
COMMAND: POST /session/fe9a8744fa5c20f6a144cebd64bbd052/element - {"using":"xpath","value":"//bdi[contains(text(), \"OK\")]"}
RESULT: {"using":"xpath","value":"//bdi[contains(text(), \"OK\")]"}
COMMAND: POST /session/fe9a8744fa5c20f6a144cebd64bbd052/element/f.382F18D787DED670B4957F188DDD6852.d.0B469A56B8109F7EE1487235CF1D9A20.e.4855/click - {}
RESULT: {}
COMMAND: GET /session/fe9a8744fa5c20f6a144cebd64bbd052/screenshot - {}
RESULT: {}
COMMAND: POST /session/fe9a8744fa5c20f6a144cebd64bbd052/element - {"using":"xpath","value":"//input[@id=\"application-managesites-display-component---NewSite--addressDetailDetailsCalendar-inner\"]"}
RESULT: {"using":"xpath","value":"//input[@id=\"application-managesites-display-component---NewSite--addressDetailDetailsCalendar-inner\"]"}
COMMAND: POST /session/fe9a8744fa5c20f6a144cebd64bbd052/element/f.382F18D787DED670B4957F188DDD6852.d.0B469A56B8109F7EE1487235CF1D9A20.e.4652/clear - {}
RESULT: {}
COMMAND: POST /session/fe9a8744fa5c20f6a144cebd64bbd052/element/f.382F18D787DED670B4957F188DDD6852.d.0B469A56B8109F7EE1487235CF1D9A20.e.4652/value - {"text":"Unit"}
COMMAND: GET /session/fe9a8744fa5c20f6a144cebd64bbd052/screenshot - {}
RESULT: {"text":"Unit"}
COMMAND: GET /session/fe9a8744fa5c20f6a144cebd64bbd052/screenshot - {}
RESULT: {}
RESULT: {}
COMMAND: POST /session/fe9a8744fa5c20f6a144cebd64bbd052/actions - {"actions":[{"id":"action13","type":"key","parameters":{},"actions":[{"type":"keyDown","value":""},{"type":"pause","duration":10},{"type":"keyUp","value":""}]}]}
RESULT: {"actions":[{"id":"action13","type":"key","parameters":{},"actions":[{"type":"keyDown","value":""},{"type":"pause","duration":10},{"type":"keyUp","value":""}]}]}
COMMAND: POST /session/fe9a8744fa5c20f6a144cebd64bbd052/element - {"using":"xpath","value":"//input[@id=\"application-managesites-display-component---NewSite--addressDetailDetailsYard-inner\"]"}
COMMAND: GET /session/fe9a8744fa5c20f6a144cebd64bbd052/screenshot - {}
RESULT: {"using":"xpath","value":"//input[@id=\"application-managesites-display-component---NewSite--addressDetailDetailsYard-inner\"]"}
COMMAND: POST /session/fe9a8744fa5c20f6a144cebd64bbd052/element/f.382F18D787DED670B4957F188DDD6852.d.0B469A56B8109F7EE1487235CF1D9A20.e.4653/clear - {}
RESULT: {}
RESULT: {}
COMMAND: POST /session/fe9a8744fa5c20f6a144cebd64bbd052/element/f.382F18D787DED670B4957F188DDD6852.d.0B469A56B8109F7EE1487235CF1D9A20.e.4653/value - {"text":"553"}
COMMAND: GET /session/fe9a8744fa5c20f6a144cebd64bbd052/screenshot - {}
RESULT: {"text":"553"}
COMMAND: GET /session/fe9a8744fa5c20f6a144cebd64bbd052/screenshot - {}
RESULT: {}
RESULT: {}
COMMAND: POST /session/fe9a8744fa5c20f6a144cebd64bbd052/element - {"using":"xpath","value":"//li[.//span[text()='553']]"}
RESULT: {"using":"xpath","value":"//li[.//span[text()='553']]"}
COMMAND: POST /session/fe9a8744fa5c20f6a144cebd64bbd052/element/f.382F18D787DED670B4957F188DDD6852.d.0B469A56B8109F7EE1487235CF1D9A20.e.4863/click - {}
RESULT: {}
COMMAND: GET /session/fe9a8744fa5c20f6a144cebd64bbd052/screenshot - {}
RESULT: {}
COMMAND: POST /session/fe9a8744fa5c20f6a144cebd64bbd052/element - {"using":"xpath","value":"//input[@id=\"application-managesites-display-component---NewSite--addressDetailDetailsPartner-inner\"]"}
RESULT: {"using":"xpath","value":"//input[@id=\"application-managesites-display-component---NewSite--addressDetailDetailsPartner-inner\"]"}
COMMAND: POST /session/fe9a8744fa5c20f6a144cebd64bbd052/element - {"using":"xpath","value":"//input[@id=\"application-managesites-display-component---NewSite--addressDetailDetailsPartner-inner\"]"}
RESULT: {"using":"xpath","value":"//input[@id=\"application-managesites-display-component---NewSite--addressDetailDetailsPartner-inner\"]"}
COMMAND: POST /session/fe9a8744fa5c20f6a144cebd64bbd052/element - {"using":"xpath","value":"//button[@data-kt=\"saveButton\"]"}
RESULT: {"using":"xpath","value":"//button[@data-kt=\"saveButton\"]"}
COMMAND: POST /session/fe9a8744fa5c20f6a144cebd64bbd052/element/f.382F18D787DED670B4957F188DDD6852.d.0B469A56B8109F7EE1487235CF1D9A20.e.4797/click - {}
RESULT: {}
COMMAND: GET /session/fe9a8744fa5c20f6a144cebd64bbd052/screenshot - {}
RESULT: {}
COMMAND: POST /session/fe9a8744fa5c20f6a144cebd64bbd052/element - {"using":"xpath","value":"//header[contains(@id, 'ObjectPageLayout-headerTitle')]/div[1]/div[2]/div[2]/span[1]"}
RESULT: {"using":"xpath","value":"//header[contains(@id, 'ObjectPageLayout-headerTitle')]/div[1]/div[2]/div[2]/span[1]"}
COMMAND: POST /session/fe9a8744fa5c20f6a144cebd64bbd052/elements - {"using":"xpath","value":"//header[contains(@id, 'ObjectPageLayout-headerTitle')]/div[1]/div[2]/div[2]/span[1]"}
RESULT: {"using":"xpath","value":"//header[contains(@id, 'ObjectPageLayout-headerTitle')]/div[1]/div[2]/div[2]/span[1]"}
COMMAND: POST /session/fe9a8744fa5c20f6a144cebd64bbd052/execute/sync - {"script":"<script> [56 bytes]","args":[{"element-6066-11e4-a52e-4f735466cecf":"f.382F18D787DED670B4957F188DDD6852.d.0B469A56B8109F7EE1487235CF1D9A20.e.5064","ELEMENT":"f.382F18D787DED670B4957F188DDD6852.d.0B469A56B8109F7EE1487235CF1D9A20.e.5064"}]}
RESULT: {"script":"<script> [56 bytes]","args":[{"element-6066-11e4-a52e-4f735466cecf":"f.382F18D787DED670B4957F188DDD6852.d.0B469A56B8109F7EE1487235CF1D9A20.e.5064","ELEMENT":"f.382F18D787DED670B4957F188DDD6852.d.0B469A56B8109F7EE1487235CF1D9A20.e.5064"}]}
COMMAND: POST /session/fe9a8744fa5c20f6a144cebd64bbd052/element - {"using":"css selector","value":"#shell-header-logo"}
COMMAND: GET /session/fe9a8744fa5c20f6a144cebd64bbd052/screenshot - {}
RESULT: {"using":"css selector","value":"#shell-header-logo"}
COMMAND: POST /session/fe9a8744fa5c20f6a144cebd64bbd052/element/f.382F18D787DED670B4957F188DDD6852.d.0B469A56B8109F7EE1487235CF1D9A20.e.4356/click - {}
RESULT: {}
RESULT: {}
COMMAND: GET /session/fe9a8744fa5c20f6a144cebd64bbd052/screenshot - {}
RESULT: {}
COMMAND: POST /session/fe9a8744fa5c20f6a144cebd64bbd052/execute/sync - {"script":"<script> [299 bytes]","args":[["getModel","getResource"]]}
RESULT: {"script":"<script> [299 bytes]","args":[["getModel","getResource"]]}
COMMAND: GET /session/fe9a8744fa5c20f6a144cebd64bbd052/screenshot - {}
]]></system-out>
    </testcase>
    <testcase classname="chrome.136_0_7103_93.windows.Create_masterdata_for_Yard_Overview_-_trigger_provide_US130988" name="Should create a new material" time="134.383">
      <system-out><![CDATA[
RESULT: {}
COMMAND: POST /session/fe9a8744fa5c20f6a144cebd64bbd052/execute/async - {"script":"<script> [1562 bytes]","args":[{"selector":{"controlType":"sap.m.GenericTile","properties":{"header":"Manage Resources"}},"wdio_ui5_key":"sapm.GenericTile{\"header\":\"Manage Resources\"}"}]}
RESULT: {"script":"<script> [1562 bytes]","args":[{"selector":{"controlType":"sap.m.GenericTile","properties":{"header":"Manage Resources"}},"wdio_ui5_key":"sapm.GenericTile{\"header\":\"Manage Resources\"}"}]}
RESULT: undefined
COMMAND: POST /session/fe9a8744fa5c20f6a144cebd64bbd052/element - {"using":"xpath","value":"//*[@id=\"__tile39\"]"}
RESULT: {"using":"xpath","value":"//*[@id=\"__tile39\"]"}
COMMAND: POST /session/fe9a8744fa5c20f6a144cebd64bbd052/element/f.382F18D787DED670B4957F188DDD6852.d.0B469A56B8109F7EE1487235CF1D9A20.e.2813/click - {}
RESULT: {}
COMMAND: GET /session/fe9a8744fa5c20f6a144cebd64bbd052/screenshot - {}
COMMAND: POST /session/fe9a8744fa5c20f6a144cebd64bbd052/elements - {"using":"xpath","value":"//span[text()='Error']"}
RESULT: {}
RESULT: {"using":"xpath","value":"//span[text()='Error']"}
COMMAND: POST /session/fe9a8744fa5c20f6a144cebd64bbd052/element - {"using":"xpath","value":"//button[@data-kt=\"addNewRUOverflowToolbarButton\"]"}
RESULT: {"using":"xpath","value":"//button[@data-kt=\"addNewRUOverflowToolbarButton\"]"}
COMMAND: POST /session/fe9a8744fa5c20f6a144cebd64bbd052/elements - {"using":"xpath","value":"//button[@data-kt=\"addNewRUOverflowToolbarButton\"]"}
RESULT: {"using":"xpath","value":"//button[@data-kt=\"addNewRUOverflowToolbarButton\"]"}
COMMAND: POST /session/fe9a8744fa5c20f6a144cebd64bbd052/elements - {"using":"xpath","value":"//button[@data-kt=\"addNewRUOverflowToolbarButton\"]"}
RESULT: {"using":"xpath","value":"//button[@data-kt=\"addNewRUOverflowToolbarButton\"]"}
COMMAND: POST /session/fe9a8744fa5c20f6a144cebd64bbd052/elements - {"using":"xpath","value":"//button[@data-kt=\"addNewRUOverflowToolbarButton\"]"}
RESULT: {"using":"xpath","value":"//button[@data-kt=\"addNewRUOverflowToolbarButton\"]"}
COMMAND: POST /session/fe9a8744fa5c20f6a144cebd64bbd052/element - {"using":"xpath","value":"//button[@data-kt=\"addNewRUOverflowToolbarButton\"]"}
RESULT: {"using":"xpath","value":"//button[@data-kt=\"addNewRUOverflowToolbarButton\"]"}
COMMAND: POST /session/fe9a8744fa5c20f6a144cebd64bbd052/execute/sync - {"script":"<script> [8489 bytes]","args":[{"element-6066-11e4-a52e-4f735466cecf":"f.382F18D787DED670B4957F188DDD6852.d.0B469A56B8109F7EE1487235CF1D9A20.e.5106","ELEMENT":"f.382F18D787DED670B4957F188DDD6852.d.0B469A56B8109F7EE1487235CF1D9A20.e.5106"}]}
RESULT: {"script":"<script> [8489 bytes]","args":[{"element-6066-11e4-a52e-4f735466cecf":"f.382F18D787DED670B4957F188DDD6852.d.0B469A56B8109F7EE1487235CF1D9A20.e.5106","ELEMENT":"f.382F18D787DED670B4957F188DDD6852.d.0B469A56B8109F7EE1487235CF1D9A20.e.5106"}]}
COMMAND: GET /session/fe9a8744fa5c20f6a144cebd64bbd052/element/f.382F18D787DED670B4957F188DDD6852.d.0B469A56B8109F7EE1487235CF1D9A20.e.5106/enabled - {}
COMMAND: GET /session/fe9a8744fa5c20f6a144cebd64bbd052/screenshot - {}
RESULT: {}
COMMAND: POST /session/fe9a8744fa5c20f6a144cebd64bbd052/execute/sync - {"script":"<script> [8489 bytes]","args":[{"element-6066-11e4-a52e-4f735466cecf":"f.382F18D787DED670B4957F188DDD6852.d.0B469A56B8109F7EE1487235CF1D9A20.e.5106","ELEMENT":"f.382F18D787DED670B4957F188DDD6852.d.0B469A56B8109F7EE1487235CF1D9A20.e.5106"}]}
COMMAND: GET /session/fe9a8744fa5c20f6a144cebd64bbd052/screenshot - {}
RESULT: {}
RESULT: {"script":"<script> [8489 bytes]","args":[{"element-6066-11e4-a52e-4f735466cecf":"f.382F18D787DED670B4957F188DDD6852.d.0B469A56B8109F7EE1487235CF1D9A20.e.5106","ELEMENT":"f.382F18D787DED670B4957F188DDD6852.d.0B469A56B8109F7EE1487235CF1D9A20.e.5106"}]}
COMMAND: POST /session/fe9a8744fa5c20f6a144cebd64bbd052/execute/sync - {"script":"<script> [5351 bytes]","args":[{"element-6066-11e4-a52e-4f735466cecf":"f.382F18D787DED670B4957F188DDD6852.d.0B469A56B8109F7EE1487235CF1D9A20.e.5106","ELEMENT":"f.382F18D787DED670B4957F188DDD6852.d.0B469A56B8109F7EE1487235CF1D9A20.e.5106"}]}
COMMAND: GET /session/fe9a8744fa5c20f6a144cebd64bbd052/screenshot - {}
RESULT: {}
RESULT: {"script":"<script> [5351 bytes]","args":[{"element-6066-11e4-a52e-4f735466cecf":"f.382F18D787DED670B4957F188DDD6852.d.0B469A56B8109F7EE1487235CF1D9A20.e.5106","ELEMENT":"f.382F18D787DED670B4957F188DDD6852.d.0B469A56B8109F7EE1487235CF1D9A20.e.5106"}]}
COMMAND: POST /session/fe9a8744fa5c20f6a144cebd64bbd052/element/f.382F18D787DED670B4957F188DDD6852.d.0B469A56B8109F7EE1487235CF1D9A20.e.5106/click - {}
COMMAND: GET /session/fe9a8744fa5c20f6a144cebd64bbd052/screenshot - {}
RESULT: {}
RESULT: {}
COMMAND: GET /session/fe9a8744fa5c20f6a144cebd64bbd052/screenshot - {}
COMMAND: POST /session/fe9a8744fa5c20f6a144cebd64bbd052/execute/async - {"script":"<script> [1562 bytes]","args":[{"selector":{"id":"application-manageresources-display-component---newResourceUnit--TYPE-arrow"},"wdio_ui5_key":"applicationmanageresources-display-component---newResourceUnit--TYPE-arrow"}]}
RESULT: {}
RESULT: {}
RESULT: {"script":"<script> [1562 bytes]","args":[{"selector":{"id":"application-manageresources-display-component---newResourceUnit--TYPE-arrow"},"wdio_ui5_key":"applicationmanageresources-display-component---newResourceUnit--TYPE-arrow"}]}
RESULT: undefined
COMMAND: POST /session/fe9a8744fa5c20f6a144cebd64bbd052/element - {"using":"xpath","value":"//*[@id=\"application-manageresources-display-component---newResourceUnit--TYPE-arrow\"]"}
RESULT: {"using":"xpath","value":"//*[@id=\"application-manageresources-display-component---newResourceUnit--TYPE-arrow\"]"}
COMMAND: POST /session/fe9a8744fa5c20f6a144cebd64bbd052/element/f.382F18D787DED670B4957F188DDD6852.d.0B469A56B8109F7EE1487235CF1D9A20.e.5452/click - {}
RESULT: {}
COMMAND: POST /session/fe9a8744fa5c20f6a144cebd64bbd052/element - {"using":"xpath","value":"//input[@id=\"application-manageresources-display-component---newResourceUnit--TYPE-inner\"]"}
COMMAND: GET /session/fe9a8744fa5c20f6a144cebd64bbd052/screenshot - {}
RESULT: {"using":"xpath","value":"//input[@id=\"application-manageresources-display-component---newResourceUnit--TYPE-inner\"]"}
COMMAND: POST /session/fe9a8744fa5c20f6a144cebd64bbd052/element/f.382F18D787DED670B4957F188DDD6852.d.0B469A56B8109F7EE1487235CF1D9A20.e.5448/clear - {}
RESULT: {}
RESULT: {}
COMMAND: POST /session/fe9a8744fa5c20f6a144cebd64bbd052/element/f.382F18D787DED670B4957F188DDD6852.d.0B469A56B8109F7EE1487235CF1D9A20.e.5448/value - {"text":"Material"}
COMMAND: GET /session/fe9a8744fa5c20f6a144cebd64bbd052/screenshot - {}
RESULT: {"text":"Material"}
COMMAND: GET /session/fe9a8744fa5c20f6a144cebd64bbd052/screenshot - {}
RESULT: {}
RESULT: {}
COMMAND: POST /session/fe9a8744fa5c20f6a144cebd64bbd052/actions - {"actions":[{"id":"action14","type":"key","parameters":{},"actions":[{"type":"keyDown","value":""},{"type":"pause","duration":10},{"type":"keyUp","value":""}]}]}
RESULT: {"actions":[{"id":"action14","type":"key","parameters":{},"actions":[{"type":"keyDown","value":""},{"type":"pause","duration":10},{"type":"keyUp","value":""}]}]}
COMMAND: POST /session/fe9a8744fa5c20f6a144cebd64bbd052/execute/async - {"script":"<script> [1562 bytes]","args":[{"selector":{"id":"application-manageresources-display-component---newResourceUnit--SHORT_TEXT","interaction":{"idSuffix":"inner"}},"wdio_ui5_key":"applicationmanageresources-display-component---newResourceUnit--SHORT_TEXT"}]}
COMMAND: GET /session/fe9a8744fa5c20f6a144cebd64bbd052/screenshot - {}
RESULT: {"script":"<script> [1562 bytes]","args":[{"selector":{"id":"application-manageresources-display-component---newResourceUnit--SHORT_TEXT","interaction":{"idSuffix":"inner"}},"wdio_ui5_key":"applicationmanageresources-display-component---newResourceUnit--SHORT_TEXT"}]}
RESULT: undefined
COMMAND: POST /session/fe9a8744fa5c20f6a144cebd64bbd052/execute/async - {"script":"<script> [776 bytes]","args":[{"enterText":"Cement WDIO","selector":{"id":"application-manageresources-display-component---newResourceUnit--SHORT_TEXT","interaction":{"idSuffix":"inner"}},"clearTextFirst":true,"interactionType":"ENTER_TEXT"}]}
RESULT: {}
RESULT: {"script":"<script> [776 bytes]","args":[{"enterText":"Cement WDIO","selector":{"id":"application-manageresources-display-component---newResourceUnit--SHORT_TEXT","interaction":{"idSuffix":"inner"}},"clearTextFirst":true,"interactionType":"ENTER_TEXT"}]}
COMMAND: POST /session/fe9a8744fa5c20f6a144cebd64bbd052/execute/async - {"script":"<script> [1562 bytes]","args":[{"selector":{"id":"application-manageresources-display-component---newResourceUnit--BASE_UNIT_OF_MEASURE","interaction":{"idSuffix":"inner"}},"wdio_ui5_key":"applicationmanageresources-display-component---newResourceUnit--BASE_UNIT_OF_MEASURE"}]}
RESULT: {"script":"<script> [1562 bytes]","args":[{"selector":{"id":"application-manageresources-display-component---newResourceUnit--BASE_UNIT_OF_MEASURE","interaction":{"idSuffix":"inner"}},"wdio_ui5_key":"applicationmanageresources-display-component---newResourceUnit--BASE_UNIT_OF_MEASURE"}]}
RESULT: undefined
COMMAND: POST /session/fe9a8744fa5c20f6a144cebd64bbd052/execute/async - {"script":"<script> [776 bytes]","args":[{"enterText":"Piece","selector":{"id":"application-manageresources-display-component---newResourceUnit--BASE_UNIT_OF_MEASURE","interaction":{"idSuffix":"inner"}},"clearTextFirst":true,"interactionType":"ENTER_TEXT"}]}
RESULT: {"script":"<script> [776 bytes]","args":[{"enterText":"Piece","selector":{"id":"application-manageresources-display-component---newResourceUnit--BASE_UNIT_OF_MEASURE","interaction":{"idSuffix":"inner"}},"clearTextFirst":true,"interactionType":"ENTER_TEXT"}]}
COMMAND: POST /session/fe9a8744fa5c20f6a144cebd64bbd052/execute/async - {"script":"<script> [1562 bytes]","args":[{"selector":{"id":"application-manageresources-display-component---newResourceUnit--WEIGHT_UNIT","interaction":{"idSuffix":"inner"}},"wdio_ui5_key":"applicationmanageresources-display-component---newResourceUnit--WEIGHT_UNIT"}]}
RESULT: {"script":"<script> [1562 bytes]","args":[{"selector":{"id":"application-manageresources-display-component---newResourceUnit--WEIGHT_UNIT","interaction":{"idSuffix":"inner"}},"wdio_ui5_key":"applicationmanageresources-display-component---newResourceUnit--WEIGHT_UNIT"}]}
RESULT: undefined
COMMAND: POST /session/fe9a8744fa5c20f6a144cebd64bbd052/execute/async - {"script":"<script> [776 bytes]","args":[{"enterText":"Gram","selector":{"id":"application-manageresources-display-component---newResourceUnit--WEIGHT_UNIT","interaction":{"idSuffix":"inner"}},"clearTextFirst":true,"interactionType":"ENTER_TEXT"}]}
RESULT: {"script":"<script> [776 bytes]","args":[{"enterText":"Gram","selector":{"id":"application-manageresources-display-component---newResourceUnit--WEIGHT_UNIT","interaction":{"idSuffix":"inner"}},"clearTextFirst":true,"interactionType":"ENTER_TEXT"}]}
COMMAND: POST /session/fe9a8744fa5c20f6a144cebd64bbd052/execute/async - {"script":"<script> [1562 bytes]","args":[{"selector":{"id":"application-manageresources-display-component---newResourceUnit--DIMENSION_UNIT","interaction":{"idSuffix":"inner"}},"wdio_ui5_key":"applicationmanageresources-display-component---newResourceUnit--DIMENSION_UNIT"}]}
RESULT: {"script":"<script> [1562 bytes]","args":[{"selector":{"id":"application-manageresources-display-component---newResourceUnit--DIMENSION_UNIT","interaction":{"idSuffix":"inner"}},"wdio_ui5_key":"applicationmanageresources-display-component---newResourceUnit--DIMENSION_UNIT"}]}
RESULT: undefined
COMMAND: POST /session/fe9a8744fa5c20f6a144cebd64bbd052/execute/async - {"script":"<script> [776 bytes]","args":[{"enterText":"Meter","selector":{"id":"application-manageresources-display-component---newResourceUnit--DIMENSION_UNIT","interaction":{"idSuffix":"inner"}},"clearTextFirst":true,"interactionType":"ENTER_TEXT"}]}
RESULT: {"script":"<script> [776 bytes]","args":[{"enterText":"Meter","selector":{"id":"application-manageresources-display-component---newResourceUnit--DIMENSION_UNIT","interaction":{"idSuffix":"inner"}},"clearTextFirst":true,"interactionType":"ENTER_TEXT"}]}
COMMAND: POST /session/fe9a8744fa5c20f6a144cebd64bbd052/execute/async - {"script":"<script> [1562 bytes]","args":[{"selector":{"id":"application-manageresources-display-component---newResourceUnit--newRRUPage-anchBar-application-manageresources-display-component---newResourceUnit--control-anchor","interaction":{"idSuffix":"BDI-content"}},"wdio_ui5_key":"applicationmanageresources-display-component---newResourceUnit--newRRUPage-anchBar-application-manageresources-display-component---newResourceUnit--control-anchor"}]}
RESULT: {"script":"<script> [1562 bytes]","args":[{"selector":{"id":"application-manageresources-display-component---newResourceUnit--newRRUPage-anchBar-application-manageresources-display-component---newResourceUnit--control-anchor","interaction":{"idSuffix":"BDI-content"}},"wdio_ui5_key":"applicationmanageresources-display-component---newResourceUnit--newRRUPage-anchBar-application-manageresources-display-component---newResourceUnit--control-anchor"}]}
RESULT: undefined
COMMAND: POST /session/fe9a8744fa5c20f6a144cebd64bbd052/element - {"using":"xpath","value":"//*[@id=\"application-manageresources-display-component---newResourceUnit--newRRUPage-anchBar-application-manageresources-display-component---newResourceUnit--control-anchor\"]"}
RESULT: {"using":"xpath","value":"//*[@id=\"application-manageresources-display-component---newResourceUnit--newRRUPage-anchBar-application-manageresources-display-component---newResourceUnit--control-anchor\"]"}
COMMAND: POST /session/fe9a8744fa5c20f6a144cebd64bbd052/element/f.382F18D787DED670B4957F188DDD6852.d.0B469A56B8109F7EE1487235CF1D9A20.e.5581/click - {}
RESULT: {}
COMMAND: POST /session/fe9a8744fa5c20f6a144cebd64bbd052/execute/async - {"script":"<script> [1562 bytes]","args":[{"selector":{"id":"application-manageresources-display-component---newResourceUnit--PLANNING_GROUP","interaction":{"idSuffix":"inner"}},"wdio_ui5_key":"applicationmanageresources-display-component---newResourceUnit--PLANNING_GROUP"}]}
COMMAND: GET /session/fe9a8744fa5c20f6a144cebd64bbd052/screenshot - {}
RESULT: {"script":"<script> [1562 bytes]","args":[{"selector":{"id":"application-manageresources-display-component---newResourceUnit--PLANNING_GROUP","interaction":{"idSuffix":"inner"}},"wdio_ui5_key":"applicationmanageresources-display-component---newResourceUnit--PLANNING_GROUP"}]}
RESULT: undefined
COMMAND: POST /session/fe9a8744fa5c20f6a144cebd64bbd052/execute/async - {"script":"<script> [776 bytes]","args":[{"enterText":"Material","selector":{"id":"application-manageresources-display-component---newResourceUnit--PLANNING_GROUP","interaction":{"idSuffix":"inner"}},"clearTextFirst":true,"interactionType":"ENTER_TEXT"}]}
RESULT: {}
RESULT: {"script":"<script> [776 bytes]","args":[{"enterText":"Material","selector":{"id":"application-manageresources-display-component---newResourceUnit--PLANNING_GROUP","interaction":{"idSuffix":"inner"}},"clearTextFirst":true,"interactionType":"ENTER_TEXT"}]}
COMMAND: POST /session/fe9a8744fa5c20f6a144cebd64bbd052/execute/async - {"script":"<script> [1562 bytes]","args":[{"selector":{"id":"application-manageresources-display-component---newResourceUnit--PLANNING_INDICATOR","interaction":{"idSuffix":"inner"}},"wdio_ui5_key":"applicationmanageresources-display-component---newResourceUnit--PLANNING_INDICATOR"}]}
RESULT: {"script":"<script> [1562 bytes]","args":[{"selector":{"id":"application-manageresources-display-component---newResourceUnit--PLANNING_INDICATOR","interaction":{"idSuffix":"inner"}},"wdio_ui5_key":"applicationmanageresources-display-component---newResourceUnit--PLANNING_INDICATOR"}]}
RESULT: undefined
COMMAND: POST /session/fe9a8744fa5c20f6a144cebd64bbd052/execute/async - {"script":"<script> [776 bytes]","args":[{"enterText":"10 - infinite","selector":{"id":"application-manageresources-display-component---newResourceUnit--PLANNING_INDICATOR","interaction":{"idSuffix":"inner"}},"clearTextFirst":true,"interactionType":"ENTER_TEXT"}]}
RESULT: {"script":"<script> [776 bytes]","args":[{"enterText":"10 - infinite","selector":{"id":"application-manageresources-display-component---newResourceUnit--PLANNING_INDICATOR","interaction":{"idSuffix":"inner"}},"clearTextFirst":true,"interactionType":"ENTER_TEXT"}]}
COMMAND: POST /session/fe9a8744fa5c20f6a144cebd64bbd052/element - {"using":"css selector","value":"#application-manageresources-display-component---newResourceUnit--btnAddTimeSegment"}
RESULT: {"using":"css selector","value":"#application-manageresources-display-component---newResourceUnit--btnAddTimeSegment"}
COMMAND: GET /session/fe9a8744fa5c20f6a144cebd64bbd052/element/f.382F18D787DED670B4957F188DDD6852.d.0B469A56B8109F7EE1487235CF1D9A20.e.5591/rect - {}
RESULT: {}
COMMAND: GET /session/fe9a8744fa5c20f6a144cebd64bbd052/window/rect - {}
RESULT: {}
COMMAND: POST /session/fe9a8744fa5c20f6a144cebd64bbd052/execute/sync - {"script":"<script> [92 bytes]","args":[]}
RESULT: {"script":"<script> [92 bytes]","args":[]}
COMMAND: POST /session/fe9a8744fa5c20f6a144cebd64bbd052/actions - {"actions":[{"id":"action15","type":"wheel","parameters":{},"actions":[{"type":"scroll","x":-1888,"y":-32,"deltaX":0,"deltaY":0,"duration":0,"origin":{"element-6066-11e4-a52e-4f735466cecf":"f.382F18D787DED670B4957F188DDD6852.d.0B469A56B8109F7EE1487235CF1D9A20.e.5591"}}]}]}
COMMAND: GET /session/fe9a8744fa5c20f6a144cebd64bbd052/screenshot - {}
RESULT: {}
COMMAND: POST /session/fe9a8744fa5c20f6a144cebd64bbd052/execute/sync - {"script":"<script> [79 bytes]","args":[{"element-6066-11e4-a52e-4f735466cecf":"f.382F18D787DED670B4957F188DDD6852.d.0B469A56B8109F7EE1487235CF1D9A20.e.5591","ELEMENT":"f.382F18D787DED670B4957F188DDD6852.d.0B469A56B8109F7EE1487235CF1D9A20.e.5591"},{"block":"start","inline":"nearest"}]}
RESULT: {"script":"<script> [79 bytes]","args":[{"element-6066-11e4-a52e-4f735466cecf":"f.382F18D787DED670B4957F188DDD6852.d.0B469A56B8109F7EE1487235CF1D9A20.e.5591","ELEMENT":"f.382F18D787DED670B4957F188DDD6852.d.0B469A56B8109F7EE1487235CF1D9A20.e.5591"},{"block":"start","inline":"nearest"}]}
COMMAND: POST /session/fe9a8744fa5c20f6a144cebd64bbd052/execute/async - {"script":"<script> [1562 bytes]","args":[{"selector":{"id":"application-manageresources-display-component---newResourceUnit--btnAddTimeSegment","interaction":{"idSuffix":"inner"}},"wdio_ui5_key":"applicationmanageresources-display-component---newResourceUnit--btnAddTimeSegment"}]}
COMMAND: GET /session/fe9a8744fa5c20f6a144cebd64bbd052/screenshot - {}
RESULT: {"script":"<script> [1562 bytes]","args":[{"selector":{"id":"application-manageresources-display-component---newResourceUnit--btnAddTimeSegment","interaction":{"idSuffix":"inner"}},"wdio_ui5_key":"applicationmanageresources-display-component---newResourceUnit--btnAddTimeSegment"}]}
RESULT: undefined
COMMAND: POST /session/fe9a8744fa5c20f6a144cebd64bbd052/element - {"using":"xpath","value":"//*[@id=\"application-manageresources-display-component---newResourceUnit--btnAddTimeSegment\"]"}
RESULT: {}
RESULT: {"using":"xpath","value":"//*[@id=\"application-manageresources-display-component---newResourceUnit--btnAddTimeSegment\"]"}
COMMAND: POST /session/fe9a8744fa5c20f6a144cebd64bbd052/element/f.382F18D787DED670B4957F188DDD6852.d.0B469A56B8109F7EE1487235CF1D9A20.e.5591/click - {}
RESULT: {}
COMMAND: GET /session/fe9a8744fa5c20f6a144cebd64bbd052/screenshot - {}
RESULT: {}
COMMAND: POST /session/fe9a8744fa5c20f6a144cebd64bbd052/element - {"using":"xpath","value":"//input[@id=\"application-manageresources-display-component---newResourceUnit--idRuTSAdmin-application-manageresources-display-component---newResourceUnit--RUTimeSegment-0-inner\"]"}
RESULT: {"using":"xpath","value":"//input[@id=\"application-manageresources-display-component---newResourceUnit--idRuTSAdmin-application-manageresources-display-component---newResourceUnit--RUTimeSegment-0-inner\"]"}
COMMAND: POST /session/fe9a8744fa5c20f6a144cebd64bbd052/element/f.382F18D787DED670B4957F188DDD6852.d.0B469A56B8109F7EE1487235CF1D9A20.e.5596/clear - {}
RESULT: {}
COMMAND: POST /session/fe9a8744fa5c20f6a144cebd64bbd052/element/f.382F18D787DED670B4957F188DDD6852.d.0B469A56B8109F7EE1487235CF1D9A20.e.5596/value - {"text":"553"}
COMMAND: GET /session/fe9a8744fa5c20f6a144cebd64bbd052/screenshot - {}
RESULT: {"text":"553"}
COMMAND: GET /session/fe9a8744fa5c20f6a144cebd64bbd052/screenshot - {}
RESULT: {}
RESULT: {}
COMMAND: POST /session/fe9a8744fa5c20f6a144cebd64bbd052/element - {"using":"xpath","value":"//li[.//span[text()='553']]"}
RESULT: {"using":"xpath","value":"//li[.//span[text()='553']]"}
COMMAND: POST /session/fe9a8744fa5c20f6a144cebd64bbd052/element/f.382F18D787DED670B4957F188DDD6852.d.0B469A56B8109F7EE1487235CF1D9A20.e.5605/click - {}
RESULT: {}
COMMAND: GET /session/fe9a8744fa5c20f6a144cebd64bbd052/screenshot - {}
RESULT: {}
COMMAND: POST /session/fe9a8744fa5c20f6a144cebd64bbd052/element - {"using":"xpath","value":"(//span[contains(@id, \"-application-manageresources-display-component---newResourceUnit--RUTimeSegment-0-arrow\")])[2]"}
RESULT: {"using":"xpath","value":"(//span[contains(@id, \"-application-manageresources-display-component---newResourceUnit--RUTimeSegment-0-arrow\")])[2]"}
COMMAND: POST /session/fe9a8744fa5c20f6a144cebd64bbd052/element/f.382F18D787DED670B4957F188DDD6852.d.0B469A56B8109F7EE1487235CF1D9A20.e.5606/click - {}
RESULT: {}
COMMAND: POST /session/fe9a8744fa5c20f6a144cebd64bbd052/element - {"using":"xpath","value":"//span[contains(text(), \"PM Order\")]"}
COMMAND: GET /session/fe9a8744fa5c20f6a144cebd64bbd052/screenshot - {}
RESULT: {"using":"xpath","value":"//span[contains(text(), \"PM Order\")]"}
COMMAND: POST /session/fe9a8744fa5c20f6a144cebd64bbd052/element/f.382F18D787DED670B4957F188DDD6852.d.0B469A56B8109F7EE1487235CF1D9A20.e.5607/click - {}
RESULT: {}
RESULT: {}
COMMAND: GET /session/fe9a8744fa5c20f6a144cebd64bbd052/screenshot - {}
RESULT: {}
COMMAND: POST /session/fe9a8744fa5c20f6a144cebd64bbd052/element - {"using":"xpath","value":"//td/div/div/div/span[contains(@id, \"newResourceUnit--RUTimeSegment-0-vhi\")][1]"}
RESULT: {"using":"xpath","value":"//td/div/div/div/span[contains(@id, \"newResourceUnit--RUTimeSegment-0-vhi\")][1]"}
COMMAND: GET /session/fe9a8744fa5c20f6a144cebd64bbd052/element/f.382F18D787DED670B4957F188DDD6852.d.0B469A56B8109F7EE1487235CF1D9A20.e.5611/rect - {}
RESULT: {}
COMMAND: GET /session/fe9a8744fa5c20f6a144cebd64bbd052/window/rect - {}
RESULT: {}
COMMAND: POST /session/fe9a8744fa5c20f6a144cebd64bbd052/execute/sync - {"script":"<script> [92 bytes]","args":[]}
RESULT: {"script":"<script> [92 bytes]","args":[]}
COMMAND: POST /session/fe9a8744fa5c20f6a144cebd64bbd052/actions - {"actions":[{"id":"action16","type":"wheel","parameters":{},"actions":[{"type":"scroll","x":-1888,"y":-24,"deltaX":0,"deltaY":0,"duration":0,"origin":{"element-6066-11e4-a52e-4f735466cecf":"f.382F18D787DED670B4957F188DDD6852.d.0B469A56B8109F7EE1487235CF1D9A20.e.5611"}}]}]}
COMMAND: GET /session/fe9a8744fa5c20f6a144cebd64bbd052/screenshot - {}
RESULT: {}
COMMAND: POST /session/fe9a8744fa5c20f6a144cebd64bbd052/execute/sync - {"script":"<script> [79 bytes]","args":[{"element-6066-11e4-a52e-4f735466cecf":"f.382F18D787DED670B4957F188DDD6852.d.0B469A56B8109F7EE1487235CF1D9A20.e.5611","ELEMENT":"f.382F18D787DED670B4957F188DDD6852.d.0B469A56B8109F7EE1487235CF1D9A20.e.5611"},{"block":"start","inline":"nearest"}]}
RESULT: {"script":"<script> [79 bytes]","args":[{"element-6066-11e4-a52e-4f735466cecf":"f.382F18D787DED670B4957F188DDD6852.d.0B469A56B8109F7EE1487235CF1D9A20.e.5611","ELEMENT":"f.382F18D787DED670B4957F188DDD6852.d.0B469A56B8109F7EE1487235CF1D9A20.e.5611"},{"block":"start","inline":"nearest"}]}
COMMAND: GET /session/fe9a8744fa5c20f6a144cebd64bbd052/screenshot - {}
RESULT: {}
COMMAND: POST /session/fe9a8744fa5c20f6a144cebd64bbd052/element/f.382F18D787DED670B4957F188DDD6852.d.0B469A56B8109F7EE1487235CF1D9A20.e.5611/click - {}
RESULT: {}
COMMAND: GET /session/fe9a8744fa5c20f6a144cebd64bbd052/screenshot - {}
RESULT: {}
RESULT: undefined
COMMAND: POST /session/fe9a8744fa5c20f6a144cebd64bbd052/execute/async - {"script":"<script> [776 bytes]","args":[{"enterText":"4000360","selector":{"controlType":"sap.m.SearchField","properties":{"placeholder":"Search"},"searchOpenDialogs":true,"interaction":{"idSuffix":"I"}},"clearTextFirst":true,"interactionType":"ENTER_TEXT"}]}
RESULT: {"script":"<script> [776 bytes]","args":[{"enterText":"4000360","selector":{"controlType":"sap.m.SearchField","properties":{"placeholder":"Search"},"searchOpenDialogs":true,"interaction":{"idSuffix":"I"}},"clearTextFirst":true,"interactionType":"ENTER_TEXT"}]}
COMMAND: POST /session/fe9a8744fa5c20f6a144cebd64bbd052/actions - {"actions":[{"id":"action17","type":"key","parameters":{},"actions":[{"type":"keyDown","value":""},{"type":"pause","duration":10},{"type":"keyUp","value":""}]}]}
RESULT: {"actions":[{"id":"action17","type":"key","parameters":{},"actions":[{"type":"keyDown","value":""},{"type":"pause","duration":10},{"type":"keyUp","value":""}]}]}
COMMAND: GET /session/fe9a8744fa5c20f6a144cebd64bbd052/screenshot - {}
RESULT: {}
COMMAND: POST /session/fe9a8744fa5c20f6a144cebd64bbd052/element - {"using":"xpath","value":"//td/div/span[contains(text(), \"BGL Vehicles\")]"}
RESULT: {"using":"xpath","value":"//td/div/span[contains(text(), \"BGL Vehicles\")]"}
COMMAND: POST /session/fe9a8744fa5c20f6a144cebd64bbd052/element/f.382F18D787DED670B4957F188DDD6852.d.0B469A56B8109F7EE1487235CF1D9A20.e.5630/click - {}
RESULT: {}
COMMAND: GET /session/fe9a8744fa5c20f6a144cebd64bbd052/screenshot - {}
RESULT: {}
COMMAND: POST /session/fe9a8744fa5c20f6a144cebd64bbd052/element - {"using":"xpath","value":"//bdi[contains(text(), \"OK\")]"}
RESULT: {"using":"xpath","value":"//bdi[contains(text(), \"OK\")]"}
COMMAND: POST /session/fe9a8744fa5c20f6a144cebd64bbd052/element/f.382F18D787DED670B4957F188DDD6852.d.0B469A56B8109F7EE1487235CF1D9A20.e.5631/click - {}
RESULT: {}
COMMAND: GET /session/fe9a8744fa5c20f6a144cebd64bbd052/screenshot - {}
RESULT: {}
COMMAND: POST /session/fe9a8744fa5c20f6a144cebd64bbd052/element - {"using":"xpath","value":"//label[contains(@class, 'sapMLabelRequired') and .//bdi[contains(text(), 'Planned Retirement')]]"}
RESULT: {"using":"xpath","value":"//label[contains(@class, 'sapMLabelRequired') and .//bdi[contains(text(), 'Planned Retirement')]]"}
COMMAND: POST /session/fe9a8744fa5c20f6a144cebd64bbd052/elements - {"using":"xpath","value":"//label[contains(@class, 'sapMLabelRequired') and .//bdi[contains(text(), 'Planned Retirement')]]"}
RESULT: {"using":"xpath","value":"//label[contains(@class, 'sapMLabelRequired') and .//bdi[contains(text(), 'Planned Retirement')]]"}
COMMAND: POST /session/fe9a8744fa5c20f6a144cebd64bbd052/element - {"using":"xpath","value":"//button[@data-kt=\"resourceUnitSaveButton\"]"}
RESULT: {"using":"xpath","value":"//button[@data-kt=\"resourceUnitSaveButton\"]"}
COMMAND: POST /session/fe9a8744fa5c20f6a144cebd64bbd052/element/f.382F18D787DED670B4957F188DDD6852.d.0B469A56B8109F7EE1487235CF1D9A20.e.5468/click - {}
RESULT: {}
COMMAND: GET /session/fe9a8744fa5c20f6a144cebd64bbd052/screenshot - {}
RESULT: {}
COMMAND: POST /session/fe9a8744fa5c20f6a144cebd64bbd052/element - {"using":"xpath","value":"//bdi[contains(text(), \"Close\")]"}
RESULT: {"using":"xpath","value":"//bdi[contains(text(), \"Close\")]"}
COMMAND: POST /session/fe9a8744fa5c20f6a144cebd64bbd052/element/f.382F18D787DED670B4957F188DDD6852.d.0B469A56B8109F7EE1487235CF1D9A20.e.5638/click - {}
RESULT: {}
COMMAND: GET /session/fe9a8744fa5c20f6a144cebd64bbd052/screenshot - {}
RESULT: {}
COMMAND: POST /session/fe9a8744fa5c20f6a144cebd64bbd052/element - {"using":"xpath","value":"//header[contains(@id, 'detailRruPage-headerTitle')]/div[1]/div[2]/div[2]/span[1]"}
RESULT: {"using":"xpath","value":"//header[contains(@id, 'detailRruPage-headerTitle')]/div[1]/div[2]/div[2]/span[1]"}
COMMAND: POST /session/fe9a8744fa5c20f6a144cebd64bbd052/elements - {"using":"xpath","value":"//header[contains(@id, 'detailRruPage-headerTitle')]/div[1]/div[2]/div[2]/span[1]"}
RESULT: {"using":"xpath","value":"//header[contains(@id, 'detailRruPage-headerTitle')]/div[1]/div[2]/div[2]/span[1]"}
COMMAND: POST /session/fe9a8744fa5c20f6a144cebd64bbd052/execute/sync - {"script":"<script> [56 bytes]","args":[{"element-6066-11e4-a52e-4f735466cecf":"f.382F18D787DED670B4957F188DDD6852.d.0B469A56B8109F7EE1487235CF1D9A20.e.5670","ELEMENT":"f.382F18D787DED670B4957F188DDD6852.d.0B469A56B8109F7EE1487235CF1D9A20.e.5670"}]}
RESULT: {"script":"<script> [56 bytes]","args":[{"element-6066-11e4-a52e-4f735466cecf":"f.382F18D787DED670B4957F188DDD6852.d.0B469A56B8109F7EE1487235CF1D9A20.e.5670","ELEMENT":"f.382F18D787DED670B4957F188DDD6852.d.0B469A56B8109F7EE1487235CF1D9A20.e.5670"}]}
COMMAND: POST /session/fe9a8744fa5c20f6a144cebd64bbd052/element - {"using":"css selector","value":"#shell-header-logo"}
COMMAND: GET /session/fe9a8744fa5c20f6a144cebd64bbd052/screenshot - {}
RESULT: {"using":"css selector","value":"#shell-header-logo"}
COMMAND: POST /session/fe9a8744fa5c20f6a144cebd64bbd052/element/f.382F18D787DED670B4957F188DDD6852.d.0B469A56B8109F7EE1487235CF1D9A20.e.5068/click - {}
RESULT: {}
RESULT: {}
COMMAND: GET /session/fe9a8744fa5c20f6a144cebd64bbd052/screenshot - {}
RESULT: {}
]]></system-out>
    </testcase>
    <testcase classname="chrome.136_0_7103_93.windows.Create_masterdata_for_Yard_Overview_-_trigger_provide_US130988" name="Bin Status Report Should Create New Organization yard" time="103.325">
      <failure/>
      <error message="element click intercepted: Element &lt;a id=&quot;shell-header-logo&quot; role=&quot;button&quot; title=&quot;Navigate to Home&quot; class=&quot;sapUshellShellIco&quot; href=&quot;#Shell-home&quot;>...&lt;/a> is not clickable at point (126, 22). Other element would receive the click: &lt;div class=&quot;sapUiLocalBusyIndicator sapUiLocalBusyIndicatorSizeBig sapUiLocalBusyIndicatorShowContainer sapUiLocalBusyIndicatorFade&quot; role=&quot;progressbar&quot; aria-valuemin=&quot;0&quot; aria-valuemax=&quot;100&quot; aria-valuetext=&quot;Busy&quot; alt=&quot;&quot; tabindex=&quot;0&quot; title=&quot;Please wait&quot;>...&lt;/div>&#xA;  (Session info: chrome=136.0.7103.93)"/>
      <system-out><![CDATA[
COMMAND: POST /session/fe9a8744fa5c20f6a144cebd64bbd052/execute/async - {"script":"<script> [1562 bytes]","args":[{"selector":{"controlType":"sap.m.GenericTile","properties":{"header":"Bin Status Report"}},"wdio_ui5_key":"sapm.GenericTile{\"header\":\"Bin Status Report\"}"}]}
RESULT: {"script":"<script> [1562 bytes]","args":[{"selector":{"controlType":"sap.m.GenericTile","properties":{"header":"Bin Status Report"}},"wdio_ui5_key":"sapm.GenericTile{\"header\":\"Bin Status Report\"}"}]}
RESULT: undefined
COMMAND: POST /session/fe9a8744fa5c20f6a144cebd64bbd052/element - {"using":"xpath","value":"//*[@id=\"__tile104\"]"}
RESULT: {"using":"xpath","value":"//*[@id=\"__tile104\"]"}
COMMAND: POST /session/fe9a8744fa5c20f6a144cebd64bbd052/element/f.382F18D787DED670B4957F188DDD6852.d.0B469A56B8109F7EE1487235CF1D9A20.e.5672/click - {}
RESULT: {}
COMMAND: GET /session/fe9a8744fa5c20f6a144cebd64bbd052/screenshot - {}
COMMAND: POST /session/fe9a8744fa5c20f6a144cebd64bbd052/elements - {"using":"xpath","value":"//span[text()='Error']"}
RESULT: {}
RESULT: {"using":"xpath","value":"//span[text()='Error']"}
COMMAND: POST /session/fe9a8744fa5c20f6a144cebd64bbd052/element - {"using":"xpath","value":"//button[@id=\"application-binstatusreport-display-component---warehousing--createOrgBtn\"]"}
RESULT: {"using":"xpath","value":"//button[@id=\"application-binstatusreport-display-component---warehousing--createOrgBtn\"]"}
COMMAND: POST /session/fe9a8744fa5c20f6a144cebd64bbd052/elements - {"using":"xpath","value":"//button[@id=\"application-binstatusreport-display-component---warehousing--createOrgBtn\"]"}
RESULT: {"using":"xpath","value":"//button[@id=\"application-binstatusreport-display-component---warehousing--createOrgBtn\"]"}
COMMAND: POST /session/fe9a8744fa5c20f6a144cebd64bbd052/execute/sync - {"script":"<script> [8489 bytes]","args":[{"element-6066-11e4-a52e-4f735466cecf":"f.382F18D787DED670B4957F188DDD6852.d.0B469A56B8109F7EE1487235CF1D9A20.e.5710","ELEMENT":"f.382F18D787DED670B4957F188DDD6852.d.0B469A56B8109F7EE1487235CF1D9A20.e.5710"}]}
RESULT: {"script":"<script> [8489 bytes]","args":[{"element-6066-11e4-a52e-4f735466cecf":"f.382F18D787DED670B4957F188DDD6852.d.0B469A56B8109F7EE1487235CF1D9A20.e.5710","ELEMENT":"f.382F18D787DED670B4957F188DDD6852.d.0B469A56B8109F7EE1487235CF1D9A20.e.5710"}]}
COMMAND: GET /session/fe9a8744fa5c20f6a144cebd64bbd052/element/f.382F18D787DED670B4957F188DDD6852.d.0B469A56B8109F7EE1487235CF1D9A20.e.5710/enabled - {}
COMMAND: GET /session/fe9a8744fa5c20f6a144cebd64bbd052/screenshot - {}
RESULT: {}
COMMAND: POST /session/fe9a8744fa5c20f6a144cebd64bbd052/execute/sync - {"script":"<script> [8489 bytes]","args":[{"element-6066-11e4-a52e-4f735466cecf":"f.382F18D787DED670B4957F188DDD6852.d.0B469A56B8109F7EE1487235CF1D9A20.e.5710","ELEMENT":"f.382F18D787DED670B4957F188DDD6852.d.0B469A56B8109F7EE1487235CF1D9A20.e.5710"}]}
COMMAND: GET /session/fe9a8744fa5c20f6a144cebd64bbd052/screenshot - {}
RESULT: {}
RESULT: {"script":"<script> [8489 bytes]","args":[{"element-6066-11e4-a52e-4f735466cecf":"f.382F18D787DED670B4957F188DDD6852.d.0B469A56B8109F7EE1487235CF1D9A20.e.5710","ELEMENT":"f.382F18D787DED670B4957F188DDD6852.d.0B469A56B8109F7EE1487235CF1D9A20.e.5710"}]}
COMMAND: POST /session/fe9a8744fa5c20f6a144cebd64bbd052/execute/sync - {"script":"<script> [5351 bytes]","args":[{"element-6066-11e4-a52e-4f735466cecf":"f.382F18D787DED670B4957F188DDD6852.d.0B469A56B8109F7EE1487235CF1D9A20.e.5710","ELEMENT":"f.382F18D787DED670B4957F188DDD6852.d.0B469A56B8109F7EE1487235CF1D9A20.e.5710"}]}
COMMAND: GET /session/fe9a8744fa5c20f6a144cebd64bbd052/screenshot - {}
RESULT: {}
RESULT: {"script":"<script> [5351 bytes]","args":[{"element-6066-11e4-a52e-4f735466cecf":"f.382F18D787DED670B4957F188DDD6852.d.0B469A56B8109F7EE1487235CF1D9A20.e.5710","ELEMENT":"f.382F18D787DED670B4957F188DDD6852.d.0B469A56B8109F7EE1487235CF1D9A20.e.5710"}]}
COMMAND: GET /session/fe9a8744fa5c20f6a144cebd64bbd052/screenshot - {}
RESULT: {}
RESULT: {}
COMMAND: POST /session/fe9a8744fa5c20f6a144cebd64bbd052/element/f.382F18D787DED670B4957F188DDD6852.d.0B469A56B8109F7EE1487235CF1D9A20.e.5710/click - {}
RESULT: {}
COMMAND: GET /session/fe9a8744fa5c20f6a144cebd64bbd052/screenshot - {}
RESULT: {}
COMMAND: POST /session/fe9a8744fa5c20f6a144cebd64bbd052/execute/async - {"script":"<script> [1562 bytes]","args":[{"selector":{"id":"createOrganizationPop--sectionInput","searchOpenDialogs":true,"interaction":{"idSuffix":"inner"}},"wdio_ui5_key":"createOrganizationPopsectionInput"}]}
RESULT: {"script":"<script> [1562 bytes]","args":[{"selector":{"id":"createOrganizationPop--sectionInput","searchOpenDialogs":true,"interaction":{"idSuffix":"inner"}},"wdio_ui5_key":"createOrganizationPopsectionInput"}]}
RESULT: undefined
COMMAND: POST /session/fe9a8744fa5c20f6a144cebd64bbd052/execute/async - {"script":"<script> [776 bytes]","args":[{"enterText":"WDIO-553","selector":{"id":"createOrganizationPop--sectionInput","searchOpenDialogs":true,"interaction":{"idSuffix":"inner"}},"clearTextFirst":true,"interactionType":"ENTER_TEXT"}]}
RESULT: {"script":"<script> [776 bytes]","args":[{"enterText":"WDIO-553","selector":{"id":"createOrganizationPop--sectionInput","searchOpenDialogs":true,"interaction":{"idSuffix":"inner"}},"clearTextFirst":true,"interactionType":"ENTER_TEXT"}]}
COMMAND: POST /session/fe9a8744fa5c20f6a144cebd64bbd052/execute/async - {"script":"<script> [1562 bytes]","args":[{"selector":{"id":"createOrganizationPop--descriptionInput","searchOpenDialogs":true,"interaction":{"idSuffix":"inner"}},"wdio_ui5_key":"createOrganizationPopdescriptionInput"}]}
RESULT: {"script":"<script> [1562 bytes]","args":[{"selector":{"id":"createOrganizationPop--descriptionInput","searchOpenDialogs":true,"interaction":{"idSuffix":"inner"}},"wdio_ui5_key":"createOrganizationPopdescriptionInput"}]}
RESULT: undefined
COMMAND: POST /session/fe9a8744fa5c20f6a144cebd64bbd052/execute/async - {"script":"<script> [776 bytes]","args":[{"enterText":"Shipping-553","selector":{"id":"createOrganizationPop--descriptionInput","searchOpenDialogs":true,"interaction":{"idSuffix":"inner"}},"clearTextFirst":true,"interactionType":"ENTER_TEXT"}]}
RESULT: {"script":"<script> [776 bytes]","args":[{"enterText":"Shipping-553","selector":{"id":"createOrganizationPop--descriptionInput","searchOpenDialogs":true,"interaction":{"idSuffix":"inner"}},"clearTextFirst":true,"interactionType":"ENTER_TEXT"}]}
COMMAND: POST /session/fe9a8744fa5c20f6a144cebd64bbd052/element - {"using":"css selector","value":"#createOrganizationPop--yardOrg-inner"}
RESULT: {"using":"css selector","value":"#createOrganizationPop--yardOrg-inner"}
COMMAND: POST /session/fe9a8744fa5c20f6a144cebd64bbd052/element/f.382F18D787DED670B4957F188DDD6852.d.0B469A56B8109F7EE1487235CF1D9A20.e.5758/clear - {}
RESULT: {}
COMMAND: POST /session/fe9a8744fa5c20f6a144cebd64bbd052/element/f.382F18D787DED670B4957F188DDD6852.d.0B469A56B8109F7EE1487235CF1D9A20.e.5758/value - {"text":"553"}
COMMAND: GET /session/fe9a8744fa5c20f6a144cebd64bbd052/screenshot - {}
RESULT: {"text":"553"}
COMMAND: GET /session/fe9a8744fa5c20f6a144cebd64bbd052/screenshot - {}
RESULT: {}
RESULT: {}
COMMAND: POST /session/fe9a8744fa5c20f6a144cebd64bbd052/actions - {"actions":[{"id":"action18","type":"key","parameters":{},"actions":[{"type":"keyDown","value":""},{"type":"pause","duration":10},{"type":"keyUp","value":""}]}]}
RESULT: {"actions":[{"id":"action18","type":"key","parameters":{},"actions":[{"type":"keyDown","value":""},{"type":"pause","duration":10},{"type":"keyUp","value":""}]}]}
COMMAND: POST /session/fe9a8744fa5c20f6a144cebd64bbd052/execute/async - {"script":"<script> [1562 bytes]","args":[{"selector":{"id":"createOrganizationPop--grZone","searchOpenDialogs":true,"interaction":{"idSuffix":"CbBg"}},"wdio_ui5_key":"createOrganizationPopgrZone"}]}
COMMAND: GET /session/fe9a8744fa5c20f6a144cebd64bbd052/screenshot - {}
RESULT: {"script":"<script> [1562 bytes]","args":[{"selector":{"id":"createOrganizationPop--grZone","searchOpenDialogs":true,"interaction":{"idSuffix":"CbBg"}},"wdio_ui5_key":"createOrganizationPopgrZone"}]}
RESULT: undefined
COMMAND: POST /session/fe9a8744fa5c20f6a144cebd64bbd052/element - {"using":"xpath","value":"//*[@id=\"createOrganizationPop--grZone\"]"}
RESULT: {}
RESULT: {"using":"xpath","value":"//*[@id=\"createOrganizationPop--grZone\"]"}
COMMAND: POST /session/fe9a8744fa5c20f6a144cebd64bbd052/element/f.382F18D787DED670B4957F188DDD6852.d.0B469A56B8109F7EE1487235CF1D9A20.e.5780/click - {}
RESULT: {}
COMMAND: GET /session/fe9a8744fa5c20f6a144cebd64bbd052/screenshot - {}
RESULT: {}
COMMAND: POST /session/fe9a8744fa5c20f6a144cebd64bbd052/execute/async - {"script":"<script> [1562 bytes]","args":[{"selector":{"id":"createOrganizationPop--giZone","searchOpenDialogs":true,"interaction":{"idSuffix":"CbBg"}},"wdio_ui5_key":"createOrganizationPopgiZone"}]}
RESULT: {"script":"<script> [1562 bytes]","args":[{"selector":{"id":"createOrganizationPop--giZone","searchOpenDialogs":true,"interaction":{"idSuffix":"CbBg"}},"wdio_ui5_key":"createOrganizationPopgiZone"}]}
RESULT: undefined
COMMAND: POST /session/fe9a8744fa5c20f6a144cebd64bbd052/element - {"using":"xpath","value":"//*[@id=\"createOrganizationPop--giZone\"]"}
RESULT: {"using":"xpath","value":"//*[@id=\"createOrganizationPop--giZone\"]"}
COMMAND: POST /session/fe9a8744fa5c20f6a144cebd64bbd052/element/f.382F18D787DED670B4957F188DDD6852.d.0B469A56B8109F7EE1487235CF1D9A20.e.5782/click - {}
RESULT: {}
COMMAND: GET /session/fe9a8744fa5c20f6a144cebd64bbd052/screenshot - {}
RESULT: {}
COMMAND: POST /session/fe9a8744fa5c20f6a144cebd64bbd052/execute/async - {"script":"<script> [1562 bytes]","args":[{"selector":{"id":"createOrganizationPop--binNoInput","searchOpenDialogs":true,"interaction":{"idSuffix":"inner"}},"wdio_ui5_key":"createOrganizationPopbinNoInput"}]}
RESULT: {"script":"<script> [1562 bytes]","args":[{"selector":{"id":"createOrganizationPop--binNoInput","searchOpenDialogs":true,"interaction":{"idSuffix":"inner"}},"wdio_ui5_key":"createOrganizationPopbinNoInput"}]}
RESULT: undefined
COMMAND: POST /session/fe9a8744fa5c20f6a144cebd64bbd052/execute/async - {"script":"<script> [776 bytes]","args":[{"enterText":"Bin-Wd","selector":{"id":"createOrganizationPop--binNoInput","searchOpenDialogs":true,"interaction":{"idSuffix":"inner"}},"clearTextFirst":true,"interactionType":"ENTER_TEXT"}]}
RESULT: {"script":"<script> [776 bytes]","args":[{"enterText":"Bin-Wd","selector":{"id":"createOrganizationPop--binNoInput","searchOpenDialogs":true,"interaction":{"idSuffix":"inner"}},"clearTextFirst":true,"interactionType":"ENTER_TEXT"}]}
COMMAND: POST /session/fe9a8744fa5c20f6a144cebd64bbd052/execute/async - {"script":"<script> [1562 bytes]","args":[{"selector":{"id":"createOrganizationPop--descriptionId","searchOpenDialogs":true,"interaction":{"idSuffix":"inner"}},"wdio_ui5_key":"createOrganizationPopdescriptionId"}]}
RESULT: {"script":"<script> [1562 bytes]","args":[{"selector":{"id":"createOrganizationPop--descriptionId","searchOpenDialogs":true,"interaction":{"idSuffix":"inner"}},"wdio_ui5_key":"createOrganizationPopdescriptionId"}]}
RESULT: undefined
COMMAND: POST /session/fe9a8744fa5c20f6a144cebd64bbd052/execute/async - {"script":"<script> [776 bytes]","args":[{"enterText":"Shipping-Wd","selector":{"id":"createOrganizationPop--descriptionId","searchOpenDialogs":true,"interaction":{"idSuffix":"inner"}},"clearTextFirst":true,"interactionType":"ENTER_TEXT"}]}
RESULT: {"script":"<script> [776 bytes]","args":[{"enterText":"Shipping-Wd","selector":{"id":"createOrganizationPop--descriptionId","searchOpenDialogs":true,"interaction":{"idSuffix":"inner"}},"clearTextFirst":true,"interactionType":"ENTER_TEXT"}]}
COMMAND: POST /session/fe9a8744fa5c20f6a144cebd64bbd052/execute/async - {"script":"<script> [1562 bytes]","args":[{"selector":{"controlType":"sap.m.CheckBox","viewName":"etm.portal.ui.binstatusreport.view.MasterWareBins","viewId":"application-binstatusreport-display-component---warehousing","bindingPath":{"path":"","propertyPath":"/ZONE","modelName":"newBin"},"searchOpenDialogs":true,"interaction":{"idSuffix":"CbBg"}},"wdio_ui5_key":"etmportal.ui.binstatusreport.view.MasterWareBinssap.m.CheckBox{\"path\":\"\",\"propertyPath\":\"/ZONE\",\"modelName\":\"newBin\"}"}]}
RESULT: {"script":"<script> [1562 bytes]","args":[{"selector":{"controlType":"sap.m.CheckBox","viewName":"etm.portal.ui.binstatusreport.view.MasterWareBins","viewId":"application-binstatusreport-display-component---warehousing","bindingPath":{"path":"","propertyPath":"/ZONE","modelName":"newBin"},"searchOpenDialogs":true,"interaction":{"idSuffix":"CbBg"}},"wdio_ui5_key":"etmportal.ui.binstatusreport.view.MasterWareBinssap.m.CheckBox{\"path\":\"\",\"propertyPath\":\"/ZONE\",\"modelName\":\"newBin\"}"}]}
RESULT: undefined
COMMAND: POST /session/fe9a8744fa5c20f6a144cebd64bbd052/element - {"using":"xpath","value":"//*[@id=\"__box56\"]"}
RESULT: {"using":"xpath","value":"//*[@id=\"__box56\"]"}
COMMAND: POST /session/fe9a8744fa5c20f6a144cebd64bbd052/element/f.382F18D787DED670B4957F188DDD6852.d.0B469A56B8109F7EE1487235CF1D9A20.e.5805/click - {}
RESULT: {}
COMMAND: GET /session/fe9a8744fa5c20f6a144cebd64bbd052/screenshot - {}
RESULT: {}
COMMAND: POST /session/fe9a8744fa5c20f6a144cebd64bbd052/execute/async - {"script":"<script> [1562 bytes]","args":[{"selector":{"id":"createOrganizationPop--binTypesCB","searchOpenDialogs":true,"interaction":{"idSuffix":"inner"}},"wdio_ui5_key":"createOrganizationPopbinTypesCB"}]}
RESULT: {"script":"<script> [1562 bytes]","args":[{"selector":{"id":"createOrganizationPop--binTypesCB","searchOpenDialogs":true,"interaction":{"idSuffix":"inner"}},"wdio_ui5_key":"createOrganizationPopbinTypesCB"}]}
RESULT: undefined
COMMAND: POST /session/fe9a8744fa5c20f6a144cebd64bbd052/execute/async - {"script":"<script> [776 bytes]","args":[{"enterText":"1 - General / No capacity check","selector":{"id":"createOrganizationPop--binTypesCB","searchOpenDialogs":true,"interaction":{"idSuffix":"inner"}},"clearTextFirst":true,"interactionType":"ENTER_TEXT"}]}
RESULT: {"script":"<script> [776 bytes]","args":[{"enterText":"1 - General / No capacity check","selector":{"id":"createOrganizationPop--binTypesCB","searchOpenDialogs":true,"interaction":{"idSuffix":"inner"}},"clearTextFirst":true,"interactionType":"ENTER_TEXT"}]}
COMMAND: POST /session/fe9a8744fa5c20f6a144cebd64bbd052/actions - {"actions":[{"id":"action19","type":"key","parameters":{},"actions":[{"type":"keyDown","value":""},{"type":"pause","duration":10},{"type":"keyUp","value":""}]}]}
RESULT: {"actions":[{"id":"action19","type":"key","parameters":{},"actions":[{"type":"keyDown","value":""},{"type":"pause","duration":10},{"type":"keyUp","value":""}]}]}
COMMAND: GET /session/fe9a8744fa5c20f6a144cebd64bbd052/screenshot - {}
RESULT: {}
COMMAND: POST /session/fe9a8744fa5c20f6a144cebd64bbd052/execute/async - {"script":"<script> [1562 bytes]","args":[{"selector":{"id":"createOrganizationPop--finishBtn","searchOpenDialogs":true,"interaction":{"idSuffix":"BDI-content"}},"wdio_ui5_key":"createOrganizationPopfinishBtn"}]}
RESULT: {"script":"<script> [1562 bytes]","args":[{"selector":{"id":"createOrganizationPop--finishBtn","searchOpenDialogs":true,"interaction":{"idSuffix":"BDI-content"}},"wdio_ui5_key":"createOrganizationPopfinishBtn"}]}
RESULT: undefined
COMMAND: POST /session/fe9a8744fa5c20f6a144cebd64bbd052/element - {"using":"xpath","value":"//*[@id=\"createOrganizationPop--finishBtn\"]"}
RESULT: {"using":"xpath","value":"//*[@id=\"createOrganizationPop--finishBtn\"]"}
COMMAND: POST /session/fe9a8744fa5c20f6a144cebd64bbd052/element/f.382F18D787DED670B4957F188DDD6852.d.0B469A56B8109F7EE1487235CF1D9A20.e.5816/click - {}
RESULT: {}
COMMAND: GET /session/fe9a8744fa5c20f6a144cebd64bbd052/screenshot - {}
RESULT: {}
COMMAND: POST /session/fe9a8744fa5c20f6a144cebd64bbd052/element - {"using":"css selector","value":"#shell-header-logo"}
RESULT: {"using":"css selector","value":"#shell-header-logo"}
COMMAND: POST /session/fe9a8744fa5c20f6a144cebd64bbd052/element/f.382F18D787DED670B4957F188DDD6852.d.0B469A56B8109F7EE1487235CF1D9A20.e.5678/click - {}
COMMAND: GET /session/fe9a8744fa5c20f6a144cebd64bbd052/screenshot - {}
RESULT: {}
]]></system-out>
      <system-err><![CDATA[
element click intercepted: element click intercepted: Element <a id="shell-header-logo" role="button" title="Navigate to Home" class="sapUshellShellIco" href="#Shell-home">...</a> is not clickable at point (126, 22). Other element would receive the click: <div class="sapUiLocalBusyIndicator sapUiLocalBusyIndicatorSizeBig sapUiLocalBusyIndicatorShowContainer sapUiLocalBusyIndicatorFade" role="progressbar" aria-valuemin="0" aria-valuemax="100" aria-valuetext="Busy" alt="" tabindex="0" title="Please wait">...</div>
  (Session info: chrome=136.0.7103.93)
    at async UtilsPrerequisites.binStatusReportCreateOrgYard (D:\a\1\s\test\specs\BTS\prerequisites-and-utils-functions.js:3263:9)
    at async Context.<anonymous> (D:\a\1\s\test\specs\HTR\yard-movement-putaways.spec.js:54:13)
]]></system-err>
    </testcase>
    <testcase classname="chrome.136_0_7103_93.windows.Create_masterdata_for_Yard_Overview_-_trigger_provide_US130988" name="Should do a stock increase handover" time="56.132">
      <failure/>
      <error message="element (&quot;//button[@data-kt=&quot;masterHOAddButton&quot;]&quot;) still not existing after 45000ms"/>
      <system-out><![CDATA[
COMMAND: POST /session/fe9a8744fa5c20f6a144cebd64bbd052/execute/async - {"script":"<script> [1562 bytes]","args":[{"selector":{"controlType":"sap.m.GenericTile","properties":{"header":"Manage Handovers"}},"wdio_ui5_key":"sapm.GenericTile{\"header\":\"Manage Handovers\"}"}]}
COMMAND: GET /session/fe9a8744fa5c20f6a144cebd64bbd052/screenshot - {}
RESULT: {"script":"<script> [1562 bytes]","args":[{"selector":{"controlType":"sap.m.GenericTile","properties":{"header":"Manage Handovers"}},"wdio_ui5_key":"sapm.GenericTile{\"header\":\"Manage Handovers\"}"}]}
RESULT: undefined
RESULT: {}
COMMAND: POST /session/fe9a8744fa5c20f6a144cebd64bbd052/elements - {"using":"xpath","value":"//span[text()='Error']"}
RESULT: {"using":"xpath","value":"//span[text()='Error']"}
COMMAND: POST /session/fe9a8744fa5c20f6a144cebd64bbd052/element - {"using":"xpath","value":"//button[@data-kt=\"masterHOAddButton\"]"}
RESULT: {"using":"xpath","value":"//button[@data-kt=\"masterHOAddButton\"]"}
COMMAND: POST /session/fe9a8744fa5c20f6a144cebd64bbd052/elements - {"using":"xpath","value":"//button[@data-kt=\"masterHOAddButton\"]"}
RESULT: {"using":"xpath","value":"//button[@data-kt=\"masterHOAddButton\"]"}
COMMAND: POST /session/fe9a8744fa5c20f6a144cebd64bbd052/elements - {"using":"xpath","value":"//button[@data-kt=\"masterHOAddButton\"]"}
RESULT: {"using":"xpath","value":"//button[@data-kt=\"masterHOAddButton\"]"}
COMMAND: POST /session/fe9a8744fa5c20f6a144cebd64bbd052/elements - {"using":"xpath","value":"//button[@data-kt=\"masterHOAddButton\"]"}
RESULT: {"using":"xpath","value":"//button[@data-kt=\"masterHOAddButton\"]"}
COMMAND: POST /session/fe9a8744fa5c20f6a144cebd64bbd052/elements - {"using":"xpath","value":"//button[@data-kt=\"masterHOAddButton\"]"}
RESULT: {"using":"xpath","value":"//button[@data-kt=\"masterHOAddButton\"]"}
COMMAND: POST /session/fe9a8744fa5c20f6a144cebd64bbd052/elements - {"using":"xpath","value":"//button[@data-kt=\"masterHOAddButton\"]"}
RESULT: {"using":"xpath","value":"//button[@data-kt=\"masterHOAddButton\"]"}
COMMAND: POST /session/fe9a8744fa5c20f6a144cebd64bbd052/elements - {"using":"xpath","value":"//button[@data-kt=\"masterHOAddButton\"]"}
RESULT: {"using":"xpath","value":"//button[@data-kt=\"masterHOAddButton\"]"}
COMMAND: POST /session/fe9a8744fa5c20f6a144cebd64bbd052/elements - {"using":"xpath","value":"//button[@data-kt=\"masterHOAddButton\"]"}
RESULT: {"using":"xpath","value":"//button[@data-kt=\"masterHOAddButton\"]"}
COMMAND: POST /session/fe9a8744fa5c20f6a144cebd64bbd052/elements - {"using":"xpath","value":"//button[@data-kt=\"masterHOAddButton\"]"}
RESULT: {"using":"xpath","value":"//button[@data-kt=\"masterHOAddButton\"]"}
COMMAND: POST /session/fe9a8744fa5c20f6a144cebd64bbd052/elements - {"using":"xpath","value":"//button[@data-kt=\"masterHOAddButton\"]"}
RESULT: {"using":"xpath","value":"//button[@data-kt=\"masterHOAddButton\"]"}
COMMAND: POST /session/fe9a8744fa5c20f6a144cebd64bbd052/elements - {"using":"xpath","value":"//button[@data-kt=\"masterHOAddButton\"]"}
RESULT: {"using":"xpath","value":"//button[@data-kt=\"masterHOAddButton\"]"}
COMMAND: POST /session/fe9a8744fa5c20f6a144cebd64bbd052/elements - {"using":"xpath","value":"//button[@data-kt=\"masterHOAddButton\"]"}
RESULT: {"using":"xpath","value":"//button[@data-kt=\"masterHOAddButton\"]"}
COMMAND: POST /session/fe9a8744fa5c20f6a144cebd64bbd052/elements - {"using":"xpath","value":"//button[@data-kt=\"masterHOAddButton\"]"}
RESULT: {"using":"xpath","value":"//button[@data-kt=\"masterHOAddButton\"]"}
COMMAND: POST /session/fe9a8744fa5c20f6a144cebd64bbd052/elements - {"using":"xpath","value":"//button[@data-kt=\"masterHOAddButton\"]"}
RESULT: {"using":"xpath","value":"//button[@data-kt=\"masterHOAddButton\"]"}
COMMAND: POST /session/fe9a8744fa5c20f6a144cebd64bbd052/elements - {"using":"xpath","value":"//button[@data-kt=\"masterHOAddButton\"]"}
RESULT: {"using":"xpath","value":"//button[@data-kt=\"masterHOAddButton\"]"}
COMMAND: POST /session/fe9a8744fa5c20f6a144cebd64bbd052/elements - {"using":"xpath","value":"//button[@data-kt=\"masterHOAddButton\"]"}
RESULT: {"using":"xpath","value":"//button[@data-kt=\"masterHOAddButton\"]"}
COMMAND: POST /session/fe9a8744fa5c20f6a144cebd64bbd052/elements - {"using":"xpath","value":"//button[@data-kt=\"masterHOAddButton\"]"}
RESULT: {"using":"xpath","value":"//button[@data-kt=\"masterHOAddButton\"]"}
COMMAND: POST /session/fe9a8744fa5c20f6a144cebd64bbd052/elements - {"using":"xpath","value":"//button[@data-kt=\"masterHOAddButton\"]"}
RESULT: {"using":"xpath","value":"//button[@data-kt=\"masterHOAddButton\"]"}
COMMAND: POST /session/fe9a8744fa5c20f6a144cebd64bbd052/elements - {"using":"xpath","value":"//button[@data-kt=\"masterHOAddButton\"]"}
RESULT: {"using":"xpath","value":"//button[@data-kt=\"masterHOAddButton\"]"}
COMMAND: POST /session/fe9a8744fa5c20f6a144cebd64bbd052/elements - {"using":"xpath","value":"//button[@data-kt=\"masterHOAddButton\"]"}
RESULT: {"using":"xpath","value":"//button[@data-kt=\"masterHOAddButton\"]"}
COMMAND: POST /session/fe9a8744fa5c20f6a144cebd64bbd052/elements - {"using":"xpath","value":"//button[@data-kt=\"masterHOAddButton\"]"}
RESULT: {"using":"xpath","value":"//button[@data-kt=\"masterHOAddButton\"]"}
COMMAND: POST /session/fe9a8744fa5c20f6a144cebd64bbd052/elements - {"using":"xpath","value":"//button[@data-kt=\"masterHOAddButton\"]"}
RESULT: {"using":"xpath","value":"//button[@data-kt=\"masterHOAddButton\"]"}
COMMAND: POST /session/fe9a8744fa5c20f6a144cebd64bbd052/elements - {"using":"xpath","value":"//button[@data-kt=\"masterHOAddButton\"]"}
RESULT: {"using":"xpath","value":"//button[@data-kt=\"masterHOAddButton\"]"}
COMMAND: POST /session/fe9a8744fa5c20f6a144cebd64bbd052/elements - {"using":"xpath","value":"//button[@data-kt=\"masterHOAddButton\"]"}
RESULT: {"using":"xpath","value":"//button[@data-kt=\"masterHOAddButton\"]"}
COMMAND: POST /session/fe9a8744fa5c20f6a144cebd64bbd052/elements - {"using":"xpath","value":"//button[@data-kt=\"masterHOAddButton\"]"}
RESULT: {"using":"xpath","value":"//button[@data-kt=\"masterHOAddButton\"]"}
COMMAND: POST /session/fe9a8744fa5c20f6a144cebd64bbd052/elements - {"using":"xpath","value":"//button[@data-kt=\"masterHOAddButton\"]"}
RESULT: {"using":"xpath","value":"//button[@data-kt=\"masterHOAddButton\"]"}
COMMAND: POST /session/fe9a8744fa5c20f6a144cebd64bbd052/elements - {"using":"xpath","value":"//button[@data-kt=\"masterHOAddButton\"]"}
RESULT: {"using":"xpath","value":"//button[@data-kt=\"masterHOAddButton\"]"}
COMMAND: POST /session/fe9a8744fa5c20f6a144cebd64bbd052/elements - {"using":"xpath","value":"//button[@data-kt=\"masterHOAddButton\"]"}
RESULT: {"using":"xpath","value":"//button[@data-kt=\"masterHOAddButton\"]"}
COMMAND: POST /session/fe9a8744fa5c20f6a144cebd64bbd052/elements - {"using":"xpath","value":"//button[@data-kt=\"masterHOAddButton\"]"}
RESULT: {"using":"xpath","value":"//button[@data-kt=\"masterHOAddButton\"]"}
COMMAND: POST /session/fe9a8744fa5c20f6a144cebd64bbd052/elements - {"using":"xpath","value":"//button[@data-kt=\"masterHOAddButton\"]"}
RESULT: {"using":"xpath","value":"//button[@data-kt=\"masterHOAddButton\"]"}
COMMAND: POST /session/fe9a8744fa5c20f6a144cebd64bbd052/elements - {"using":"xpath","value":"//button[@data-kt=\"masterHOAddButton\"]"}
RESULT: {"using":"xpath","value":"//button[@data-kt=\"masterHOAddButton\"]"}
COMMAND: POST /session/fe9a8744fa5c20f6a144cebd64bbd052/elements - {"using":"xpath","value":"//button[@data-kt=\"masterHOAddButton\"]"}
RESULT: {"using":"xpath","value":"//button[@data-kt=\"masterHOAddButton\"]"}
COMMAND: POST /session/fe9a8744fa5c20f6a144cebd64bbd052/elements - {"using":"xpath","value":"//button[@data-kt=\"masterHOAddButton\"]"}
RESULT: {"using":"xpath","value":"//button[@data-kt=\"masterHOAddButton\"]"}
COMMAND: POST /session/fe9a8744fa5c20f6a144cebd64bbd052/elements - {"using":"xpath","value":"//button[@data-kt=\"masterHOAddButton\"]"}
RESULT: {"using":"xpath","value":"//button[@data-kt=\"masterHOAddButton\"]"}
COMMAND: POST /session/fe9a8744fa5c20f6a144cebd64bbd052/elements - {"using":"xpath","value":"//button[@data-kt=\"masterHOAddButton\"]"}
RESULT: {"using":"xpath","value":"//button[@data-kt=\"masterHOAddButton\"]"}
COMMAND: POST /session/fe9a8744fa5c20f6a144cebd64bbd052/elements - {"using":"xpath","value":"//button[@data-kt=\"masterHOAddButton\"]"}
RESULT: {"using":"xpath","value":"//button[@data-kt=\"masterHOAddButton\"]"}
COMMAND: POST /session/fe9a8744fa5c20f6a144cebd64bbd052/elements - {"using":"xpath","value":"//button[@data-kt=\"masterHOAddButton\"]"}
RESULT: {"using":"xpath","value":"//button[@data-kt=\"masterHOAddButton\"]"}
COMMAND: POST /session/fe9a8744fa5c20f6a144cebd64bbd052/elements - {"using":"xpath","value":"//button[@data-kt=\"masterHOAddButton\"]"}
RESULT: {"using":"xpath","value":"//button[@data-kt=\"masterHOAddButton\"]"}
COMMAND: POST /session/fe9a8744fa5c20f6a144cebd64bbd052/elements - {"using":"xpath","value":"//button[@data-kt=\"masterHOAddButton\"]"}
RESULT: {"using":"xpath","value":"//button[@data-kt=\"masterHOAddButton\"]"}
COMMAND: POST /session/fe9a8744fa5c20f6a144cebd64bbd052/elements - {"using":"xpath","value":"//button[@data-kt=\"masterHOAddButton\"]"}
RESULT: {"using":"xpath","value":"//button[@data-kt=\"masterHOAddButton\"]"}
COMMAND: POST /session/fe9a8744fa5c20f6a144cebd64bbd052/elements - {"using":"xpath","value":"//button[@data-kt=\"masterHOAddButton\"]"}
RESULT: {"using":"xpath","value":"//button[@data-kt=\"masterHOAddButton\"]"}
COMMAND: POST /session/fe9a8744fa5c20f6a144cebd64bbd052/elements - {"using":"xpath","value":"//button[@data-kt=\"masterHOAddButton\"]"}
RESULT: {"using":"xpath","value":"//button[@data-kt=\"masterHOAddButton\"]"}
COMMAND: POST /session/fe9a8744fa5c20f6a144cebd64bbd052/elements - {"using":"xpath","value":"//button[@data-kt=\"masterHOAddButton\"]"}
RESULT: {"using":"xpath","value":"//button[@data-kt=\"masterHOAddButton\"]"}
COMMAND: POST /session/fe9a8744fa5c20f6a144cebd64bbd052/elements - {"using":"xpath","value":"//button[@data-kt=\"masterHOAddButton\"]"}
RESULT: {"using":"xpath","value":"//button[@data-kt=\"masterHOAddButton\"]"}
COMMAND: POST /session/fe9a8744fa5c20f6a144cebd64bbd052/elements - {"using":"xpath","value":"//button[@data-kt=\"masterHOAddButton\"]"}
RESULT: {"using":"xpath","value":"//button[@data-kt=\"masterHOAddButton\"]"}
COMMAND: POST /session/fe9a8744fa5c20f6a144cebd64bbd052/elements - {"using":"xpath","value":"//button[@data-kt=\"masterHOAddButton\"]"}
RESULT: {"using":"xpath","value":"//button[@data-kt=\"masterHOAddButton\"]"}
COMMAND: POST /session/fe9a8744fa5c20f6a144cebd64bbd052/elements - {"using":"xpath","value":"//button[@data-kt=\"masterHOAddButton\"]"}
RESULT: {"using":"xpath","value":"//button[@data-kt=\"masterHOAddButton\"]"}
COMMAND: POST /session/fe9a8744fa5c20f6a144cebd64bbd052/elements - {"using":"xpath","value":"//button[@data-kt=\"masterHOAddButton\"]"}
RESULT: {"using":"xpath","value":"//button[@data-kt=\"masterHOAddButton\"]"}
COMMAND: POST /session/fe9a8744fa5c20f6a144cebd64bbd052/elements - {"using":"xpath","value":"//button[@data-kt=\"masterHOAddButton\"]"}
RESULT: {"using":"xpath","value":"//button[@data-kt=\"masterHOAddButton\"]"}
COMMAND: POST /session/fe9a8744fa5c20f6a144cebd64bbd052/elements - {"using":"xpath","value":"//button[@data-kt=\"masterHOAddButton\"]"}
RESULT: {"using":"xpath","value":"//button[@data-kt=\"masterHOAddButton\"]"}
COMMAND: POST /session/fe9a8744fa5c20f6a144cebd64bbd052/elements - {"using":"xpath","value":"//button[@data-kt=\"masterHOAddButton\"]"}
RESULT: {"using":"xpath","value":"//button[@data-kt=\"masterHOAddButton\"]"}
COMMAND: POST /session/fe9a8744fa5c20f6a144cebd64bbd052/elements - {"using":"xpath","value":"//button[@data-kt=\"masterHOAddButton\"]"}
RESULT: {"using":"xpath","value":"//button[@data-kt=\"masterHOAddButton\"]"}
COMMAND: POST /session/fe9a8744fa5c20f6a144cebd64bbd052/elements - {"using":"xpath","value":"//button[@data-kt=\"masterHOAddButton\"]"}
RESULT: {"using":"xpath","value":"//button[@data-kt=\"masterHOAddButton\"]"}
COMMAND: POST /session/fe9a8744fa5c20f6a144cebd64bbd052/elements - {"using":"xpath","value":"//button[@data-kt=\"masterHOAddButton\"]"}
RESULT: {"using":"xpath","value":"//button[@data-kt=\"masterHOAddButton\"]"}
COMMAND: POST /session/fe9a8744fa5c20f6a144cebd64bbd052/elements - {"using":"xpath","value":"//button[@data-kt=\"masterHOAddButton\"]"}
RESULT: {"using":"xpath","value":"//button[@data-kt=\"masterHOAddButton\"]"}
COMMAND: POST /session/fe9a8744fa5c20f6a144cebd64bbd052/elements - {"using":"xpath","value":"//button[@data-kt=\"masterHOAddButton\"]"}
RESULT: {"using":"xpath","value":"//button[@data-kt=\"masterHOAddButton\"]"}
COMMAND: POST /session/fe9a8744fa5c20f6a144cebd64bbd052/elements - {"using":"xpath","value":"//button[@data-kt=\"masterHOAddButton\"]"}
RESULT: {"using":"xpath","value":"//button[@data-kt=\"masterHOAddButton\"]"}
COMMAND: POST /session/fe9a8744fa5c20f6a144cebd64bbd052/elements - {"using":"xpath","value":"//button[@data-kt=\"masterHOAddButton\"]"}
RESULT: {"using":"xpath","value":"//button[@data-kt=\"masterHOAddButton\"]"}
COMMAND: POST /session/fe9a8744fa5c20f6a144cebd64bbd052/elements - {"using":"xpath","value":"//button[@data-kt=\"masterHOAddButton\"]"}
RESULT: {"using":"xpath","value":"//button[@data-kt=\"masterHOAddButton\"]"}
COMMAND: POST /session/fe9a8744fa5c20f6a144cebd64bbd052/elements - {"using":"xpath","value":"//button[@data-kt=\"masterHOAddButton\"]"}
RESULT: {"using":"xpath","value":"//button[@data-kt=\"masterHOAddButton\"]"}
COMMAND: POST /session/fe9a8744fa5c20f6a144cebd64bbd052/elements - {"using":"xpath","value":"//button[@data-kt=\"masterHOAddButton\"]"}
RESULT: {"using":"xpath","value":"//button[@data-kt=\"masterHOAddButton\"]"}
COMMAND: POST /session/fe9a8744fa5c20f6a144cebd64bbd052/elements - {"using":"xpath","value":"//button[@data-kt=\"masterHOAddButton\"]"}
RESULT: {"using":"xpath","value":"//button[@data-kt=\"masterHOAddButton\"]"}
COMMAND: POST /session/fe9a8744fa5c20f6a144cebd64bbd052/elements - {"using":"xpath","value":"//button[@data-kt=\"masterHOAddButton\"]"}
RESULT: {"using":"xpath","value":"//button[@data-kt=\"masterHOAddButton\"]"}
COMMAND: POST /session/fe9a8744fa5c20f6a144cebd64bbd052/elements - {"using":"xpath","value":"//button[@data-kt=\"masterHOAddButton\"]"}
RESULT: {"using":"xpath","value":"//button[@data-kt=\"masterHOAddButton\"]"}
COMMAND: POST /session/fe9a8744fa5c20f6a144cebd64bbd052/elements - {"using":"xpath","value":"//button[@data-kt=\"masterHOAddButton\"]"}
RESULT: {"using":"xpath","value":"//button[@data-kt=\"masterHOAddButton\"]"}
COMMAND: POST /session/fe9a8744fa5c20f6a144cebd64bbd052/elements - {"using":"xpath","value":"//button[@data-kt=\"masterHOAddButton\"]"}
RESULT: {"using":"xpath","value":"//button[@data-kt=\"masterHOAddButton\"]"}
COMMAND: POST /session/fe9a8744fa5c20f6a144cebd64bbd052/elements - {"using":"xpath","value":"//button[@data-kt=\"masterHOAddButton\"]"}
RESULT: {"using":"xpath","value":"//button[@data-kt=\"masterHOAddButton\"]"}
COMMAND: POST /session/fe9a8744fa5c20f6a144cebd64bbd052/elements - {"using":"xpath","value":"//button[@data-kt=\"masterHOAddButton\"]"}
RESULT: {"using":"xpath","value":"//button[@data-kt=\"masterHOAddButton\"]"}
COMMAND: POST /session/fe9a8744fa5c20f6a144cebd64bbd052/elements - {"using":"xpath","value":"//button[@data-kt=\"masterHOAddButton\"]"}
RESULT: {"using":"xpath","value":"//button[@data-kt=\"masterHOAddButton\"]"}
COMMAND: POST /session/fe9a8744fa5c20f6a144cebd64bbd052/elements - {"using":"xpath","value":"//button[@data-kt=\"masterHOAddButton\"]"}
RESULT: {"using":"xpath","value":"//button[@data-kt=\"masterHOAddButton\"]"}
COMMAND: POST /session/fe9a8744fa5c20f6a144cebd64bbd052/elements - {"using":"xpath","value":"//button[@data-kt=\"masterHOAddButton\"]"}
RESULT: {"using":"xpath","value":"//button[@data-kt=\"masterHOAddButton\"]"}
COMMAND: POST /session/fe9a8744fa5c20f6a144cebd64bbd052/elements - {"using":"xpath","value":"//button[@data-kt=\"masterHOAddButton\"]"}
RESULT: {"using":"xpath","value":"//button[@data-kt=\"masterHOAddButton\"]"}
COMMAND: POST /session/fe9a8744fa5c20f6a144cebd64bbd052/elements - {"using":"xpath","value":"//button[@data-kt=\"masterHOAddButton\"]"}
RESULT: {"using":"xpath","value":"//button[@data-kt=\"masterHOAddButton\"]"}
COMMAND: POST /session/fe9a8744fa5c20f6a144cebd64bbd052/elements - {"using":"xpath","value":"//button[@data-kt=\"masterHOAddButton\"]"}
RESULT: {"using":"xpath","value":"//button[@data-kt=\"masterHOAddButton\"]"}
COMMAND: POST /session/fe9a8744fa5c20f6a144cebd64bbd052/elements - {"using":"xpath","value":"//button[@data-kt=\"masterHOAddButton\"]"}
RESULT: {"using":"xpath","value":"//button[@data-kt=\"masterHOAddButton\"]"}
COMMAND: POST /session/fe9a8744fa5c20f6a144cebd64bbd052/elements - {"using":"xpath","value":"//button[@data-kt=\"masterHOAddButton\"]"}
RESULT: {"using":"xpath","value":"//button[@data-kt=\"masterHOAddButton\"]"}
COMMAND: POST /session/fe9a8744fa5c20f6a144cebd64bbd052/elements - {"using":"xpath","value":"//button[@data-kt=\"masterHOAddButton\"]"}
RESULT: {"using":"xpath","value":"//button[@data-kt=\"masterHOAddButton\"]"}
COMMAND: POST /session/fe9a8744fa5c20f6a144cebd64bbd052/elements - {"using":"xpath","value":"//button[@data-kt=\"masterHOAddButton\"]"}
RESULT: {"using":"xpath","value":"//button[@data-kt=\"masterHOAddButton\"]"}
COMMAND: POST /session/fe9a8744fa5c20f6a144cebd64bbd052/elements - {"using":"xpath","value":"//button[@data-kt=\"masterHOAddButton\"]"}
RESULT: {"using":"xpath","value":"//button[@data-kt=\"masterHOAddButton\"]"}
COMMAND: POST /session/fe9a8744fa5c20f6a144cebd64bbd052/elements - {"using":"xpath","value":"//button[@data-kt=\"masterHOAddButton\"]"}
RESULT: {"using":"xpath","value":"//button[@data-kt=\"masterHOAddButton\"]"}
COMMAND: POST /session/fe9a8744fa5c20f6a144cebd64bbd052/elements - {"using":"xpath","value":"//button[@data-kt=\"masterHOAddButton\"]"}
RESULT: {"using":"xpath","value":"//button[@data-kt=\"masterHOAddButton\"]"}
COMMAND: POST /session/fe9a8744fa5c20f6a144cebd64bbd052/elements - {"using":"xpath","value":"//button[@data-kt=\"masterHOAddButton\"]"}
RESULT: {"using":"xpath","value":"//button[@data-kt=\"masterHOAddButton\"]"}
COMMAND: POST /session/fe9a8744fa5c20f6a144cebd64bbd052/elements - {"using":"xpath","value":"//button[@data-kt=\"masterHOAddButton\"]"}
RESULT: {"using":"xpath","value":"//button[@data-kt=\"masterHOAddButton\"]"}
COMMAND: POST /session/fe9a8744fa5c20f6a144cebd64bbd052/elements - {"using":"xpath","value":"//button[@data-kt=\"masterHOAddButton\"]"}
RESULT: {"using":"xpath","value":"//button[@data-kt=\"masterHOAddButton\"]"}
COMMAND: POST /session/fe9a8744fa5c20f6a144cebd64bbd052/elements - {"using":"xpath","value":"//button[@data-kt=\"masterHOAddButton\"]"}
RESULT: {"using":"xpath","value":"//button[@data-kt=\"masterHOAddButton\"]"}
COMMAND: POST /session/fe9a8744fa5c20f6a144cebd64bbd052/elements - {"using":"xpath","value":"//button[@data-kt=\"masterHOAddButton\"]"}
RESULT: {"using":"xpath","value":"//button[@data-kt=\"masterHOAddButton\"]"}
COMMAND: POST /session/fe9a8744fa5c20f6a144cebd64bbd052/elements - {"using":"xpath","value":"//button[@data-kt=\"masterHOAddButton\"]"}
RESULT: {"using":"xpath","value":"//button[@data-kt=\"masterHOAddButton\"]"}
COMMAND: POST /session/fe9a8744fa5c20f6a144cebd64bbd052/elements - {"using":"xpath","value":"//button[@data-kt=\"masterHOAddButton\"]"}
RESULT: {"using":"xpath","value":"//button[@data-kt=\"masterHOAddButton\"]"}
COMMAND: POST /session/fe9a8744fa5c20f6a144cebd64bbd052/elements - {"using":"xpath","value":"//button[@data-kt=\"masterHOAddButton\"]"}
RESULT: {"using":"xpath","value":"//button[@data-kt=\"masterHOAddButton\"]"}
COMMAND: POST /session/fe9a8744fa5c20f6a144cebd64bbd052/elements - {"using":"xpath","value":"//button[@data-kt=\"masterHOAddButton\"]"}
RESULT: {"using":"xpath","value":"//button[@data-kt=\"masterHOAddButton\"]"}
COMMAND: POST /session/fe9a8744fa5c20f6a144cebd64bbd052/elements - {"using":"xpath","value":"//button[@data-kt=\"masterHOAddButton\"]"}
RESULT: {"using":"xpath","value":"//button[@data-kt=\"masterHOAddButton\"]"}
COMMAND: POST /session/fe9a8744fa5c20f6a144cebd64bbd052/elements - {"using":"xpath","value":"//button[@data-kt=\"masterHOAddButton\"]"}
COMMAND: GET /session/fe9a8744fa5c20f6a144cebd64bbd052/screenshot - {}
RESULT: {"using":"xpath","value":"//button[@data-kt=\"masterHOAddButton\"]"}
RESULT: {}
]]></system-out>
      <system-err><![CDATA[
Error: element ("//button[@data-kt="masterHOAddButton"]") still not existing after 45000ms
    at async UtilsPrerequisites.stockIncrease (D:\a\1\s\test\specs\BTS\prerequisites-and-utils-functions.js:1606:9)
    at async Context.<anonymous> (D:\a\1\s\test\specs\HTR\yard-movement-putaways.spec.js:60:9)
]]></system-err>
    </testcase>
    <testcase classname="chrome.136_0_7103_93.windows.Create_masterdata_for_Yard_Overview_-_trigger_provide_US130988" name="Should Putaway WHM" time="61.032">
      <failure/>
      <error message="element (&quot;//button[@data-kt=&quot;MasterMovementAddOverflowToolbarButton&quot;]&quot;) still not existing after 45000ms"/>
      <system-out><![CDATA[
COMMAND: POST /session/fe9a8744fa5c20f6a144cebd64bbd052/execute/async - {"script":"<script> [1562 bytes]","args":[{"selector":{"controlType":"sap.m.GenericTile","properties":{"header":"Manage Warehouse Movements"}},"wdio_ui5_key":"sapm.GenericTile{\"header\":\"Manage Warehouse Movements\"}"}]}
COMMAND: GET /session/fe9a8744fa5c20f6a144cebd64bbd052/screenshot - {}
RESULT: {"script":"<script> [1562 bytes]","args":[{"selector":{"controlType":"sap.m.GenericTile","properties":{"header":"Manage Warehouse Movements"}},"wdio_ui5_key":"sapm.GenericTile{\"header\":\"Manage Warehouse Movements\"}"}]}
RESULT: undefined
RESULT: {}
COMMAND: POST /session/fe9a8744fa5c20f6a144cebd64bbd052/elements - {"using":"xpath","value":"//span[text()='Error']"}
RESULT: {"using":"xpath","value":"//span[text()='Error']"}
COMMAND: POST /session/fe9a8744fa5c20f6a144cebd64bbd052/element - {"using":"xpath","value":"//button[@data-kt=\"MasterMovementAddOverflowToolbarButton\"]"}
RESULT: {"using":"xpath","value":"//button[@data-kt=\"MasterMovementAddOverflowToolbarButton\"]"}
COMMAND: POST /session/fe9a8744fa5c20f6a144cebd64bbd052/elements - {"using":"xpath","value":"//button[@data-kt=\"MasterMovementAddOverflowToolbarButton\"]"}
RESULT: {"using":"xpath","value":"//button[@data-kt=\"MasterMovementAddOverflowToolbarButton\"]"}
COMMAND: POST /session/fe9a8744fa5c20f6a144cebd64bbd052/elements - {"using":"xpath","value":"//button[@data-kt=\"MasterMovementAddOverflowToolbarButton\"]"}
RESULT: {"using":"xpath","value":"//button[@data-kt=\"MasterMovementAddOverflowToolbarButton\"]"}
COMMAND: POST /session/fe9a8744fa5c20f6a144cebd64bbd052/elements - {"using":"xpath","value":"//button[@data-kt=\"MasterMovementAddOverflowToolbarButton\"]"}
RESULT: {"using":"xpath","value":"//button[@data-kt=\"MasterMovementAddOverflowToolbarButton\"]"}
COMMAND: POST /session/fe9a8744fa5c20f6a144cebd64bbd052/elements - {"using":"xpath","value":"//button[@data-kt=\"MasterMovementAddOverflowToolbarButton\"]"}
RESULT: {"using":"xpath","value":"//button[@data-kt=\"MasterMovementAddOverflowToolbarButton\"]"}
COMMAND: POST /session/fe9a8744fa5c20f6a144cebd64bbd052/elements - {"using":"xpath","value":"//button[@data-kt=\"MasterMovementAddOverflowToolbarButton\"]"}
RESULT: {"using":"xpath","value":"//button[@data-kt=\"MasterMovementAddOverflowToolbarButton\"]"}
COMMAND: POST /session/fe9a8744fa5c20f6a144cebd64bbd052/elements - {"using":"xpath","value":"//button[@data-kt=\"MasterMovementAddOverflowToolbarButton\"]"}
RESULT: {"using":"xpath","value":"//button[@data-kt=\"MasterMovementAddOverflowToolbarButton\"]"}
COMMAND: POST /session/fe9a8744fa5c20f6a144cebd64bbd052/elements - {"using":"xpath","value":"//button[@data-kt=\"MasterMovementAddOverflowToolbarButton\"]"}
RESULT: {"using":"xpath","value":"//button[@data-kt=\"MasterMovementAddOverflowToolbarButton\"]"}
COMMAND: POST /session/fe9a8744fa5c20f6a144cebd64bbd052/elements - {"using":"xpath","value":"//button[@data-kt=\"MasterMovementAddOverflowToolbarButton\"]"}
RESULT: {"using":"xpath","value":"//button[@data-kt=\"MasterMovementAddOverflowToolbarButton\"]"}
COMMAND: POST /session/fe9a8744fa5c20f6a144cebd64bbd052/elements - {"using":"xpath","value":"//button[@data-kt=\"MasterMovementAddOverflowToolbarButton\"]"}
RESULT: {"using":"xpath","value":"//button[@data-kt=\"MasterMovementAddOverflowToolbarButton\"]"}
COMMAND: POST /session/fe9a8744fa5c20f6a144cebd64bbd052/elements - {"using":"xpath","value":"//button[@data-kt=\"MasterMovementAddOverflowToolbarButton\"]"}
RESULT: {"using":"xpath","value":"//button[@data-kt=\"MasterMovementAddOverflowToolbarButton\"]"}
COMMAND: POST /session/fe9a8744fa5c20f6a144cebd64bbd052/elements - {"using":"xpath","value":"//button[@data-kt=\"MasterMovementAddOverflowToolbarButton\"]"}
RESULT: {"using":"xpath","value":"//button[@data-kt=\"MasterMovementAddOverflowToolbarButton\"]"}
COMMAND: POST /session/fe9a8744fa5c20f6a144cebd64bbd052/elements - {"using":"xpath","value":"//button[@data-kt=\"MasterMovementAddOverflowToolbarButton\"]"}
RESULT: {"using":"xpath","value":"//button[@data-kt=\"MasterMovementAddOverflowToolbarButton\"]"}
COMMAND: POST /session/fe9a8744fa5c20f6a144cebd64bbd052/elements - {"using":"xpath","value":"//button[@data-kt=\"MasterMovementAddOverflowToolbarButton\"]"}
RESULT: {"using":"xpath","value":"//button[@data-kt=\"MasterMovementAddOverflowToolbarButton\"]"}
COMMAND: POST /session/fe9a8744fa5c20f6a144cebd64bbd052/elements - {"using":"xpath","value":"//button[@data-kt=\"MasterMovementAddOverflowToolbarButton\"]"}
RESULT: {"using":"xpath","value":"//button[@data-kt=\"MasterMovementAddOverflowToolbarButton\"]"}
COMMAND: POST /session/fe9a8744fa5c20f6a144cebd64bbd052/elements - {"using":"xpath","value":"//button[@data-kt=\"MasterMovementAddOverflowToolbarButton\"]"}
RESULT: {"using":"xpath","value":"//button[@data-kt=\"MasterMovementAddOverflowToolbarButton\"]"}
COMMAND: POST /session/fe9a8744fa5c20f6a144cebd64bbd052/elements - {"using":"xpath","value":"//button[@data-kt=\"MasterMovementAddOverflowToolbarButton\"]"}
RESULT: {"using":"xpath","value":"//button[@data-kt=\"MasterMovementAddOverflowToolbarButton\"]"}
COMMAND: POST /session/fe9a8744fa5c20f6a144cebd64bbd052/elements - {"using":"xpath","value":"//button[@data-kt=\"MasterMovementAddOverflowToolbarButton\"]"}
RESULT: {"using":"xpath","value":"//button[@data-kt=\"MasterMovementAddOverflowToolbarButton\"]"}
COMMAND: POST /session/fe9a8744fa5c20f6a144cebd64bbd052/elements - {"using":"xpath","value":"//button[@data-kt=\"MasterMovementAddOverflowToolbarButton\"]"}
RESULT: {"using":"xpath","value":"//button[@data-kt=\"MasterMovementAddOverflowToolbarButton\"]"}
COMMAND: POST /session/fe9a8744fa5c20f6a144cebd64bbd052/elements - {"using":"xpath","value":"//button[@data-kt=\"MasterMovementAddOverflowToolbarButton\"]"}
RESULT: {"using":"xpath","value":"//button[@data-kt=\"MasterMovementAddOverflowToolbarButton\"]"}
COMMAND: POST /session/fe9a8744fa5c20f6a144cebd64bbd052/elements - {"using":"xpath","value":"//button[@data-kt=\"MasterMovementAddOverflowToolbarButton\"]"}
RESULT: {"using":"xpath","value":"//button[@data-kt=\"MasterMovementAddOverflowToolbarButton\"]"}
COMMAND: POST /session/fe9a8744fa5c20f6a144cebd64bbd052/elements - {"using":"xpath","value":"//button[@data-kt=\"MasterMovementAddOverflowToolbarButton\"]"}
RESULT: {"using":"xpath","value":"//button[@data-kt=\"MasterMovementAddOverflowToolbarButton\"]"}
COMMAND: POST /session/fe9a8744fa5c20f6a144cebd64bbd052/elements - {"using":"xpath","value":"//button[@data-kt=\"MasterMovementAddOverflowToolbarButton\"]"}
RESULT: {"using":"xpath","value":"//button[@data-kt=\"MasterMovementAddOverflowToolbarButton\"]"}
COMMAND: POST /session/fe9a8744fa5c20f6a144cebd64bbd052/elements - {"using":"xpath","value":"//button[@data-kt=\"MasterMovementAddOverflowToolbarButton\"]"}
RESULT: {"using":"xpath","value":"//button[@data-kt=\"MasterMovementAddOverflowToolbarButton\"]"}
COMMAND: POST /session/fe9a8744fa5c20f6a144cebd64bbd052/elements - {"using":"xpath","value":"//button[@data-kt=\"MasterMovementAddOverflowToolbarButton\"]"}
RESULT: {"using":"xpath","value":"//button[@data-kt=\"MasterMovementAddOverflowToolbarButton\"]"}
COMMAND: POST /session/fe9a8744fa5c20f6a144cebd64bbd052/elements - {"using":"xpath","value":"//button[@data-kt=\"MasterMovementAddOverflowToolbarButton\"]"}
RESULT: {"using":"xpath","value":"//button[@data-kt=\"MasterMovementAddOverflowToolbarButton\"]"}
COMMAND: POST /session/fe9a8744fa5c20f6a144cebd64bbd052/elements - {"using":"xpath","value":"//button[@data-kt=\"MasterMovementAddOverflowToolbarButton\"]"}
RESULT: {"using":"xpath","value":"//button[@data-kt=\"MasterMovementAddOverflowToolbarButton\"]"}
COMMAND: POST /session/fe9a8744fa5c20f6a144cebd64bbd052/elements - {"using":"xpath","value":"//button[@data-kt=\"MasterMovementAddOverflowToolbarButton\"]"}
RESULT: {"using":"xpath","value":"//button[@data-kt=\"MasterMovementAddOverflowToolbarButton\"]"}
COMMAND: POST /session/fe9a8744fa5c20f6a144cebd64bbd052/elements - {"using":"xpath","value":"//button[@data-kt=\"MasterMovementAddOverflowToolbarButton\"]"}
RESULT: {"using":"xpath","value":"//button[@data-kt=\"MasterMovementAddOverflowToolbarButton\"]"}
COMMAND: POST /session/fe9a8744fa5c20f6a144cebd64bbd052/elements - {"using":"xpath","value":"//button[@data-kt=\"MasterMovementAddOverflowToolbarButton\"]"}
RESULT: {"using":"xpath","value":"//button[@data-kt=\"MasterMovementAddOverflowToolbarButton\"]"}
COMMAND: POST /session/fe9a8744fa5c20f6a144cebd64bbd052/elements - {"using":"xpath","value":"//button[@data-kt=\"MasterMovementAddOverflowToolbarButton\"]"}
RESULT: {"using":"xpath","value":"//button[@data-kt=\"MasterMovementAddOverflowToolbarButton\"]"}
COMMAND: POST /session/fe9a8744fa5c20f6a144cebd64bbd052/elements - {"using":"xpath","value":"//button[@data-kt=\"MasterMovementAddOverflowToolbarButton\"]"}
RESULT: {"using":"xpath","value":"//button[@data-kt=\"MasterMovementAddOverflowToolbarButton\"]"}
COMMAND: POST /session/fe9a8744fa5c20f6a144cebd64bbd052/elements - {"using":"xpath","value":"//button[@data-kt=\"MasterMovementAddOverflowToolbarButton\"]"}
RESULT: {"using":"xpath","value":"//button[@data-kt=\"MasterMovementAddOverflowToolbarButton\"]"}
COMMAND: POST /session/fe9a8744fa5c20f6a144cebd64bbd052/elements - {"using":"xpath","value":"//button[@data-kt=\"MasterMovementAddOverflowToolbarButton\"]"}
RESULT: {"using":"xpath","value":"//button[@data-kt=\"MasterMovementAddOverflowToolbarButton\"]"}
COMMAND: POST /session/fe9a8744fa5c20f6a144cebd64bbd052/elements - {"using":"xpath","value":"//button[@data-kt=\"MasterMovementAddOverflowToolbarButton\"]"}
RESULT: {"using":"xpath","value":"//button[@data-kt=\"MasterMovementAddOverflowToolbarButton\"]"}
COMMAND: POST /session/fe9a8744fa5c20f6a144cebd64bbd052/elements - {"using":"xpath","value":"//button[@data-kt=\"MasterMovementAddOverflowToolbarButton\"]"}
RESULT: {"using":"xpath","value":"//button[@data-kt=\"MasterMovementAddOverflowToolbarButton\"]"}
COMMAND: POST /session/fe9a8744fa5c20f6a144cebd64bbd052/elements - {"using":"xpath","value":"//button[@data-kt=\"MasterMovementAddOverflowToolbarButton\"]"}
RESULT: {"using":"xpath","value":"//button[@data-kt=\"MasterMovementAddOverflowToolbarButton\"]"}
COMMAND: POST /session/fe9a8744fa5c20f6a144cebd64bbd052/elements - {"using":"xpath","value":"//button[@data-kt=\"MasterMovementAddOverflowToolbarButton\"]"}
RESULT: {"using":"xpath","value":"//button[@data-kt=\"MasterMovementAddOverflowToolbarButton\"]"}
COMMAND: POST /session/fe9a8744fa5c20f6a144cebd64bbd052/elements - {"using":"xpath","value":"//button[@data-kt=\"MasterMovementAddOverflowToolbarButton\"]"}
RESULT: {"using":"xpath","value":"//button[@data-kt=\"MasterMovementAddOverflowToolbarButton\"]"}
COMMAND: POST /session/fe9a8744fa5c20f6a144cebd64bbd052/elements - {"using":"xpath","value":"//button[@data-kt=\"MasterMovementAddOverflowToolbarButton\"]"}
RESULT: {"using":"xpath","value":"//button[@data-kt=\"MasterMovementAddOverflowToolbarButton\"]"}
COMMAND: POST /session/fe9a8744fa5c20f6a144cebd64bbd052/elements - {"using":"xpath","value":"//button[@data-kt=\"MasterMovementAddOverflowToolbarButton\"]"}
RESULT: {"using":"xpath","value":"//button[@data-kt=\"MasterMovementAddOverflowToolbarButton\"]"}
COMMAND: POST /session/fe9a8744fa5c20f6a144cebd64bbd052/elements - {"using":"xpath","value":"//button[@data-kt=\"MasterMovementAddOverflowToolbarButton\"]"}
RESULT: {"using":"xpath","value":"//button[@data-kt=\"MasterMovementAddOverflowToolbarButton\"]"}
COMMAND: POST /session/fe9a8744fa5c20f6a144cebd64bbd052/elements - {"using":"xpath","value":"//button[@data-kt=\"MasterMovementAddOverflowToolbarButton\"]"}
RESULT: {"using":"xpath","value":"//button[@data-kt=\"MasterMovementAddOverflowToolbarButton\"]"}
COMMAND: POST /session/fe9a8744fa5c20f6a144cebd64bbd052/elements - {"using":"xpath","value":"//button[@data-kt=\"MasterMovementAddOverflowToolbarButton\"]"}
RESULT: {"using":"xpath","value":"//button[@data-kt=\"MasterMovementAddOverflowToolbarButton\"]"}
COMMAND: POST /session/fe9a8744fa5c20f6a144cebd64bbd052/elements - {"using":"xpath","value":"//button[@data-kt=\"MasterMovementAddOverflowToolbarButton\"]"}
RESULT: {"using":"xpath","value":"//button[@data-kt=\"MasterMovementAddOverflowToolbarButton\"]"}
COMMAND: POST /session/fe9a8744fa5c20f6a144cebd64bbd052/elements - {"using":"xpath","value":"//button[@data-kt=\"MasterMovementAddOverflowToolbarButton\"]"}
RESULT: {"using":"xpath","value":"//button[@data-kt=\"MasterMovementAddOverflowToolbarButton\"]"}
COMMAND: POST /session/fe9a8744fa5c20f6a144cebd64bbd052/elements - {"using":"xpath","value":"//button[@data-kt=\"MasterMovementAddOverflowToolbarButton\"]"}
RESULT: {"using":"xpath","value":"//button[@data-kt=\"MasterMovementAddOverflowToolbarButton\"]"}
COMMAND: POST /session/fe9a8744fa5c20f6a144cebd64bbd052/elements - {"using":"xpath","value":"//button[@data-kt=\"MasterMovementAddOverflowToolbarButton\"]"}
RESULT: {"using":"xpath","value":"//button[@data-kt=\"MasterMovementAddOverflowToolbarButton\"]"}
COMMAND: POST /session/fe9a8744fa5c20f6a144cebd64bbd052/elements - {"using":"xpath","value":"//button[@data-kt=\"MasterMovementAddOverflowToolbarButton\"]"}
RESULT: {"using":"xpath","value":"//button[@data-kt=\"MasterMovementAddOverflowToolbarButton\"]"}
COMMAND: POST /session/fe9a8744fa5c20f6a144cebd64bbd052/elements - {"using":"xpath","value":"//button[@data-kt=\"MasterMovementAddOverflowToolbarButton\"]"}
RESULT: {"using":"xpath","value":"//button[@data-kt=\"MasterMovementAddOverflowToolbarButton\"]"}
COMMAND: POST /session/fe9a8744fa5c20f6a144cebd64bbd052/elements - {"using":"xpath","value":"//button[@data-kt=\"MasterMovementAddOverflowToolbarButton\"]"}
RESULT: {"using":"xpath","value":"//button[@data-kt=\"MasterMovementAddOverflowToolbarButton\"]"}
COMMAND: POST /session/fe9a8744fa5c20f6a144cebd64bbd052/elements - {"using":"xpath","value":"//button[@data-kt=\"MasterMovementAddOverflowToolbarButton\"]"}
RESULT: {"using":"xpath","value":"//button[@data-kt=\"MasterMovementAddOverflowToolbarButton\"]"}
COMMAND: POST /session/fe9a8744fa5c20f6a144cebd64bbd052/elements - {"using":"xpath","value":"//button[@data-kt=\"MasterMovementAddOverflowToolbarButton\"]"}
RESULT: {"using":"xpath","value":"//button[@data-kt=\"MasterMovementAddOverflowToolbarButton\"]"}
COMMAND: POST /session/fe9a8744fa5c20f6a144cebd64bbd052/elements - {"using":"xpath","value":"//button[@data-kt=\"MasterMovementAddOverflowToolbarButton\"]"}
RESULT: {"using":"xpath","value":"//button[@data-kt=\"MasterMovementAddOverflowToolbarButton\"]"}
COMMAND: POST /session/fe9a8744fa5c20f6a144cebd64bbd052/elements - {"using":"xpath","value":"//button[@data-kt=\"MasterMovementAddOverflowToolbarButton\"]"}
RESULT: {"using":"xpath","value":"//button[@data-kt=\"MasterMovementAddOverflowToolbarButton\"]"}
COMMAND: POST /session/fe9a8744fa5c20f6a144cebd64bbd052/elements - {"using":"xpath","value":"//button[@data-kt=\"MasterMovementAddOverflowToolbarButton\"]"}
RESULT: {"using":"xpath","value":"//button[@data-kt=\"MasterMovementAddOverflowToolbarButton\"]"}
COMMAND: POST /session/fe9a8744fa5c20f6a144cebd64bbd052/elements - {"using":"xpath","value":"//button[@data-kt=\"MasterMovementAddOverflowToolbarButton\"]"}
RESULT: {"using":"xpath","value":"//button[@data-kt=\"MasterMovementAddOverflowToolbarButton\"]"}
COMMAND: POST /session/fe9a8744fa5c20f6a144cebd64bbd052/elements - {"using":"xpath","value":"//button[@data-kt=\"MasterMovementAddOverflowToolbarButton\"]"}
RESULT: {"using":"xpath","value":"//button[@data-kt=\"MasterMovementAddOverflowToolbarButton\"]"}
COMMAND: POST /session/fe9a8744fa5c20f6a144cebd64bbd052/elements - {"using":"xpath","value":"//button[@data-kt=\"MasterMovementAddOverflowToolbarButton\"]"}
RESULT: {"using":"xpath","value":"//button[@data-kt=\"MasterMovementAddOverflowToolbarButton\"]"}
COMMAND: POST /session/fe9a8744fa5c20f6a144cebd64bbd052/elements - {"using":"xpath","value":"//button[@data-kt=\"MasterMovementAddOverflowToolbarButton\"]"}
RESULT: {"using":"xpath","value":"//button[@data-kt=\"MasterMovementAddOverflowToolbarButton\"]"}
COMMAND: POST /session/fe9a8744fa5c20f6a144cebd64bbd052/elements - {"using":"xpath","value":"//button[@data-kt=\"MasterMovementAddOverflowToolbarButton\"]"}
RESULT: {"using":"xpath","value":"//button[@data-kt=\"MasterMovementAddOverflowToolbarButton\"]"}
COMMAND: POST /session/fe9a8744fa5c20f6a144cebd64bbd052/elements - {"using":"xpath","value":"//button[@data-kt=\"MasterMovementAddOverflowToolbarButton\"]"}
RESULT: {"using":"xpath","value":"//button[@data-kt=\"MasterMovementAddOverflowToolbarButton\"]"}
COMMAND: POST /session/fe9a8744fa5c20f6a144cebd64bbd052/elements - {"using":"xpath","value":"//button[@data-kt=\"MasterMovementAddOverflowToolbarButton\"]"}
RESULT: {"using":"xpath","value":"//button[@data-kt=\"MasterMovementAddOverflowToolbarButton\"]"}
COMMAND: POST /session/fe9a8744fa5c20f6a144cebd64bbd052/elements - {"using":"xpath","value":"//button[@data-kt=\"MasterMovementAddOverflowToolbarButton\"]"}
RESULT: {"using":"xpath","value":"//button[@data-kt=\"MasterMovementAddOverflowToolbarButton\"]"}
COMMAND: POST /session/fe9a8744fa5c20f6a144cebd64bbd052/elements - {"using":"xpath","value":"//button[@data-kt=\"MasterMovementAddOverflowToolbarButton\"]"}
RESULT: {"using":"xpath","value":"//button[@data-kt=\"MasterMovementAddOverflowToolbarButton\"]"}
COMMAND: POST /session/fe9a8744fa5c20f6a144cebd64bbd052/elements - {"using":"xpath","value":"//button[@data-kt=\"MasterMovementAddOverflowToolbarButton\"]"}
RESULT: {"using":"xpath","value":"//button[@data-kt=\"MasterMovementAddOverflowToolbarButton\"]"}
COMMAND: POST /session/fe9a8744fa5c20f6a144cebd64bbd052/elements - {"using":"xpath","value":"//button[@data-kt=\"MasterMovementAddOverflowToolbarButton\"]"}
RESULT: {"using":"xpath","value":"//button[@data-kt=\"MasterMovementAddOverflowToolbarButton\"]"}
COMMAND: POST /session/fe9a8744fa5c20f6a144cebd64bbd052/elements - {"using":"xpath","value":"//button[@data-kt=\"MasterMovementAddOverflowToolbarButton\"]"}
RESULT: {"using":"xpath","value":"//button[@data-kt=\"MasterMovementAddOverflowToolbarButton\"]"}
COMMAND: POST /session/fe9a8744fa5c20f6a144cebd64bbd052/elements - {"using":"xpath","value":"//button[@data-kt=\"MasterMovementAddOverflowToolbarButton\"]"}
RESULT: {"using":"xpath","value":"//button[@data-kt=\"MasterMovementAddOverflowToolbarButton\"]"}
COMMAND: POST /session/fe9a8744fa5c20f6a144cebd64bbd052/elements - {"using":"xpath","value":"//button[@data-kt=\"MasterMovementAddOverflowToolbarButton\"]"}
RESULT: {"using":"xpath","value":"//button[@data-kt=\"MasterMovementAddOverflowToolbarButton\"]"}
COMMAND: POST /session/fe9a8744fa5c20f6a144cebd64bbd052/elements - {"using":"xpath","value":"//button[@data-kt=\"MasterMovementAddOverflowToolbarButton\"]"}
RESULT: {"using":"xpath","value":"//button[@data-kt=\"MasterMovementAddOverflowToolbarButton\"]"}
COMMAND: POST /session/fe9a8744fa5c20f6a144cebd64bbd052/elements - {"using":"xpath","value":"//button[@data-kt=\"MasterMovementAddOverflowToolbarButton\"]"}
RESULT: {"using":"xpath","value":"//button[@data-kt=\"MasterMovementAddOverflowToolbarButton\"]"}
COMMAND: POST /session/fe9a8744fa5c20f6a144cebd64bbd052/elements - {"using":"xpath","value":"//button[@data-kt=\"MasterMovementAddOverflowToolbarButton\"]"}
RESULT: {"using":"xpath","value":"//button[@data-kt=\"MasterMovementAddOverflowToolbarButton\"]"}
COMMAND: POST /session/fe9a8744fa5c20f6a144cebd64bbd052/elements - {"using":"xpath","value":"//button[@data-kt=\"MasterMovementAddOverflowToolbarButton\"]"}
RESULT: {"using":"xpath","value":"//button[@data-kt=\"MasterMovementAddOverflowToolbarButton\"]"}
COMMAND: POST /session/fe9a8744fa5c20f6a144cebd64bbd052/elements - {"using":"xpath","value":"//button[@data-kt=\"MasterMovementAddOverflowToolbarButton\"]"}
RESULT: {"using":"xpath","value":"//button[@data-kt=\"MasterMovementAddOverflowToolbarButton\"]"}
COMMAND: POST /session/fe9a8744fa5c20f6a144cebd64bbd052/elements - {"using":"xpath","value":"//button[@data-kt=\"MasterMovementAddOverflowToolbarButton\"]"}
RESULT: {"using":"xpath","value":"//button[@data-kt=\"MasterMovementAddOverflowToolbarButton\"]"}
COMMAND: POST /session/fe9a8744fa5c20f6a144cebd64bbd052/elements - {"using":"xpath","value":"//button[@data-kt=\"MasterMovementAddOverflowToolbarButton\"]"}
RESULT: {"using":"xpath","value":"//button[@data-kt=\"MasterMovementAddOverflowToolbarButton\"]"}
COMMAND: POST /session/fe9a8744fa5c20f6a144cebd64bbd052/elements - {"using":"xpath","value":"//button[@data-kt=\"MasterMovementAddOverflowToolbarButton\"]"}
RESULT: {"using":"xpath","value":"//button[@data-kt=\"MasterMovementAddOverflowToolbarButton\"]"}
COMMAND: POST /session/fe9a8744fa5c20f6a144cebd64bbd052/elements - {"using":"xpath","value":"//button[@data-kt=\"MasterMovementAddOverflowToolbarButton\"]"}
RESULT: {"using":"xpath","value":"//button[@data-kt=\"MasterMovementAddOverflowToolbarButton\"]"}
COMMAND: POST /session/fe9a8744fa5c20f6a144cebd64bbd052/elements - {"using":"xpath","value":"//button[@data-kt=\"MasterMovementAddOverflowToolbarButton\"]"}
RESULT: {"using":"xpath","value":"//button[@data-kt=\"MasterMovementAddOverflowToolbarButton\"]"}
COMMAND: POST /session/fe9a8744fa5c20f6a144cebd64bbd052/elements - {"using":"xpath","value":"//button[@data-kt=\"MasterMovementAddOverflowToolbarButton\"]"}
RESULT: {"using":"xpath","value":"//button[@data-kt=\"MasterMovementAddOverflowToolbarButton\"]"}
COMMAND: POST /session/fe9a8744fa5c20f6a144cebd64bbd052/elements - {"using":"xpath","value":"//button[@data-kt=\"MasterMovementAddOverflowToolbarButton\"]"}
RESULT: {"using":"xpath","value":"//button[@data-kt=\"MasterMovementAddOverflowToolbarButton\"]"}
COMMAND: POST /session/fe9a8744fa5c20f6a144cebd64bbd052/elements - {"using":"xpath","value":"//button[@data-kt=\"MasterMovementAddOverflowToolbarButton\"]"}
RESULT: {"using":"xpath","value":"//button[@data-kt=\"MasterMovementAddOverflowToolbarButton\"]"}
COMMAND: POST /session/fe9a8744fa5c20f6a144cebd64bbd052/elements - {"using":"xpath","value":"//button[@data-kt=\"MasterMovementAddOverflowToolbarButton\"]"}
RESULT: {"using":"xpath","value":"//button[@data-kt=\"MasterMovementAddOverflowToolbarButton\"]"}
COMMAND: POST /session/fe9a8744fa5c20f6a144cebd64bbd052/elements - {"using":"xpath","value":"//button[@data-kt=\"MasterMovementAddOverflowToolbarButton\"]"}
RESULT: {"using":"xpath","value":"//button[@data-kt=\"MasterMovementAddOverflowToolbarButton\"]"}
COMMAND: POST /session/fe9a8744fa5c20f6a144cebd64bbd052/elements - {"using":"xpath","value":"//button[@data-kt=\"MasterMovementAddOverflowToolbarButton\"]"}
RESULT: {"using":"xpath","value":"//button[@data-kt=\"MasterMovementAddOverflowToolbarButton\"]"}
COMMAND: POST /session/fe9a8744fa5c20f6a144cebd64bbd052/elements - {"using":"xpath","value":"//button[@data-kt=\"MasterMovementAddOverflowToolbarButton\"]"}
RESULT: {"using":"xpath","value":"//button[@data-kt=\"MasterMovementAddOverflowToolbarButton\"]"}
COMMAND: POST /session/fe9a8744fa5c20f6a144cebd64bbd052/elements - {"using":"xpath","value":"//button[@data-kt=\"MasterMovementAddOverflowToolbarButton\"]"}
RESULT: {"using":"xpath","value":"//button[@data-kt=\"MasterMovementAddOverflowToolbarButton\"]"}
COMMAND: POST /session/fe9a8744fa5c20f6a144cebd64bbd052/elements - {"using":"xpath","value":"//button[@data-kt=\"MasterMovementAddOverflowToolbarButton\"]"}
RESULT: {"using":"xpath","value":"//button[@data-kt=\"MasterMovementAddOverflowToolbarButton\"]"}
COMMAND: POST /session/fe9a8744fa5c20f6a144cebd64bbd052/elements - {"using":"xpath","value":"//button[@data-kt=\"MasterMovementAddOverflowToolbarButton\"]"}
RESULT: {"using":"xpath","value":"//button[@data-kt=\"MasterMovementAddOverflowToolbarButton\"]"}
COMMAND: POST /session/fe9a8744fa5c20f6a144cebd64bbd052/elements - {"using":"xpath","value":"//button[@data-kt=\"MasterMovementAddOverflowToolbarButton\"]"}
RESULT: {"using":"xpath","value":"//button[@data-kt=\"MasterMovementAddOverflowToolbarButton\"]"}
COMMAND: GET /session/fe9a8744fa5c20f6a144cebd64bbd052/screenshot - {}
RESULT: {}
COMMAND: GET /session/fe9a8744fa5c20f6a144cebd64bbd052/screenshot - {}
COMMAND: GET /session/fe9a8744fa5c20f6a144cebd64bbd052/screenshot - {}
RESULT: {}
RESULT: {}
COMMAND: DELETE /session/fe9a8744fa5c20f6a144cebd64bbd052 - {}
RESULT: {}
]]></system-out>
      <system-err><![CDATA[
Error: element ("//button[@data-kt="MasterMovementAddOverflowToolbarButton"]") still not existing after 45000ms
    at async Context.<anonymous> (D:\a\1\s\test\specs\HTR\yard-movement-putaways.spec.js:70:9)
]]></system-err>
    </testcase>
  </testsuite>
</testsuites>