<?xml version="1.0" encoding="UTF-8"?>
<testsuites tests="11" failures="0" errors="0" skipped="0">
  <testsuite timestamp="2025-05-05T17:27:07" time="1356.651" tests="11" failures="0" errors="0" skipped="0">
    <properties>
      <property name="specId" value="0" />
      <property name="suiteName" value="Partner specific tests US150819 US151080 US151654 US151176 US103444 US151078 US151079 US151109 US151174 US151175 US151189" />
      <property name="capabilities" value="chrome.135_0_7049_96.windows" />
      <property name="file" value="file:///D:/a/1/s/test/specs/BTS/manage-partners.spec.js" />
    </properties>
    <testcase classname="chrome.135_0_7049_96.windows.Partner_specific_tests_US150819_US151080_US151654_US151176_US103444_US151078_US151079_US151109_US151174_US151175_US151189" name="Should create a new yard prerequisite" time="118.599">
      <system-out><![CDATA[
COMMAND: POST /session/c336b23a39170495adacb30ef5b99798/window/fullscreen - {}
RESULT: {}
COMMAND: POST /session/c336b23a39170495adacb30ef5b99798/element - {"using":"xpath","value":"//li[.//span[text()=\"Manage Partners\"]]"}
RESULT: {"using":"xpath","value":"//li[.//span[text()=\"Manage Partners\"]]"}
COMMAND: POST /session/c336b23a39170495adacb30ef5b99798/element - {"using":"xpath","value":"//li[.//span[text()=\"Manage Partners\"]]"}
RESULT: {"using":"xpath","value":"//li[.//span[text()=\"Manage Partners\"]]"}
COMMAND: POST /session/c336b23a39170495adacb30ef5b99798/element - {"using":"css selector","value":"#shell-header-logo"}
RESULT: {"using":"css selector","value":"#shell-header-logo"}
COMMAND: POST /session/c336b23a39170495adacb30ef5b99798/element/f.3C12D8243027A57254BE39B169A080B9.d.80B05F1022852F87D6B8448E9F1BA3FE.e.266/click - {}
COMMAND: POST /session/c336b23a39170495adacb30ef5b99798/execute/sync - {"script":"<script> [8489 bytes]","args":[{"element-6066-11e4-a52e-4f735466cecf":"f.3C12D8243027A57254BE39B169A080B9.d.80B05F1022852F87D6B8448E9F1BA3FE.e.266","ELEMENT":"f.3C12D8243027A57254BE39B169A080B9.d.80B05F1022852F87D6B8448E9F1BA3FE.e.266"}]}
RESULT: {"script":"<script> [8489 bytes]","args":[{"element-6066-11e4-a52e-4f735466cecf":"f.3C12D8243027A57254BE39B169A080B9.d.80B05F1022852F87D6B8448E9F1BA3FE.e.266","ELEMENT":"f.3C12D8243027A57254BE39B169A080B9.d.80B05F1022852F87D6B8448E9F1BA3FE.e.266"}]}
COMMAND: POST /session/c336b23a39170495adacb30ef5b99798/execute/sync - {"script":"<script> [5351 bytes]","args":[{"element-6066-11e4-a52e-4f735466cecf":"f.3C12D8243027A57254BE39B169A080B9.d.80B05F1022852F87D6B8448E9F1BA3FE.e.266","ELEMENT":"f.3C12D8243027A57254BE39B169A080B9.d.80B05F1022852F87D6B8448E9F1BA3FE.e.266"}]}
COMMAND: GET /session/c336b23a39170495adacb30ef5b99798/screenshot - {}
RESULT: {}
COMMAND: GET /session/c336b23a39170495adacb30ef5b99798/screenshot - {}
RESULT: {"script":"<script> [5351 bytes]","args":[{"element-6066-11e4-a52e-4f735466cecf":"f.3C12D8243027A57254BE39B169A080B9.d.80B05F1022852F87D6B8448E9F1BA3FE.e.266","ELEMENT":"f.3C12D8243027A57254BE39B169A080B9.d.80B05F1022852F87D6B8448E9F1BA3FE.e.266"}]}
COMMAND: GET /session/c336b23a39170495adacb30ef5b99798/screenshot - {}
RESULT: {}
RESULT: {}
RESULT: {}
COMMAND: POST /session/c336b23a39170495adacb30ef5b99798/execute/async - {"script":"<script> [1562 bytes]","args":[{"selector":{"controlType":"sap.m.GenericTile","properties":{"header":"Manage Yards"}},"wdio_ui5_key":"sapm.GenericTile{\"header\":\"Manage Yards\"}"}]}
RESULT: {"script":"<script> [1562 bytes]","args":[{"selector":{"controlType":"sap.m.GenericTile","properties":{"header":"Manage Yards"}},"wdio_ui5_key":"sapm.GenericTile{\"header\":\"Manage Yards\"}"}]}
RESULT: undefined
COMMAND: POST /session/c336b23a39170495adacb30ef5b99798/element - {"using":"xpath","value":"//*[@id=\"__tile41\"]"}
RESULT: {"using":"xpath","value":"//*[@id=\"__tile41\"]"}
COMMAND: POST /session/c336b23a39170495adacb30ef5b99798/element/f.3C12D8243027A57254BE39B169A080B9.d.80B05F1022852F87D6B8448E9F1BA3FE.e.163/click - {}
RESULT: {}
COMMAND: POST /session/c336b23a39170495adacb30ef5b99798/element - {"using":"xpath","value":"//button[@data-kt=\"addNewYardOverflowToolbarButton\"]"}
COMMAND: GET /session/c336b23a39170495adacb30ef5b99798/screenshot - {}
RESULT: {"using":"xpath","value":"//button[@data-kt=\"addNewYardOverflowToolbarButton\"]"}
COMMAND: POST /session/c336b23a39170495adacb30ef5b99798/elements - {"using":"xpath","value":"//button[@data-kt=\"addNewYardOverflowToolbarButton\"]"}
RESULT: {}
RESULT: {"using":"xpath","value":"//button[@data-kt=\"addNewYardOverflowToolbarButton\"]"}
COMMAND: POST /session/c336b23a39170495adacb30ef5b99798/elements - {"using":"xpath","value":"//button[@data-kt=\"addNewYardOverflowToolbarButton\"]"}
RESULT: {"using":"xpath","value":"//button[@data-kt=\"addNewYardOverflowToolbarButton\"]"}
COMMAND: POST /session/c336b23a39170495adacb30ef5b99798/elements - {"using":"xpath","value":"//button[@data-kt=\"addNewYardOverflowToolbarButton\"]"}
RESULT: {"using":"xpath","value":"//button[@data-kt=\"addNewYardOverflowToolbarButton\"]"}
COMMAND: POST /session/c336b23a39170495adacb30ef5b99798/elements - {"using":"xpath","value":"//button[@data-kt=\"addNewYardOverflowToolbarButton\"]"}
RESULT: {"using":"xpath","value":"//button[@data-kt=\"addNewYardOverflowToolbarButton\"]"}
COMMAND: POST /session/c336b23a39170495adacb30ef5b99798/elements - {"using":"xpath","value":"//button[@data-kt=\"addNewYardOverflowToolbarButton\"]"}
RESULT: {"using":"xpath","value":"//button[@data-kt=\"addNewYardOverflowToolbarButton\"]"}
COMMAND: POST /session/c336b23a39170495adacb30ef5b99798/elements - {"using":"xpath","value":"//button[@data-kt=\"addNewYardOverflowToolbarButton\"]"}
RESULT: {"using":"xpath","value":"//button[@data-kt=\"addNewYardOverflowToolbarButton\"]"}
COMMAND: POST /session/c336b23a39170495adacb30ef5b99798/elements - {"using":"xpath","value":"//button[@data-kt=\"addNewYardOverflowToolbarButton\"]"}
RESULT: {"using":"xpath","value":"//button[@data-kt=\"addNewYardOverflowToolbarButton\"]"}
COMMAND: POST /session/c336b23a39170495adacb30ef5b99798/elements - {"using":"xpath","value":"//button[@data-kt=\"addNewYardOverflowToolbarButton\"]"}
RESULT: {"using":"xpath","value":"//button[@data-kt=\"addNewYardOverflowToolbarButton\"]"}
COMMAND: POST /session/c336b23a39170495adacb30ef5b99798/elements - {"using":"xpath","value":"//button[@data-kt=\"addNewYardOverflowToolbarButton\"]"}
RESULT: {"using":"xpath","value":"//button[@data-kt=\"addNewYardOverflowToolbarButton\"]"}
COMMAND: POST /session/c336b23a39170495adacb30ef5b99798/elements - {"using":"xpath","value":"//button[@data-kt=\"addNewYardOverflowToolbarButton\"]"}
RESULT: {"using":"xpath","value":"//button[@data-kt=\"addNewYardOverflowToolbarButton\"]"}
COMMAND: POST /session/c336b23a39170495adacb30ef5b99798/elements - {"using":"xpath","value":"//button[@data-kt=\"addNewYardOverflowToolbarButton\"]"}
RESULT: {"using":"xpath","value":"//button[@data-kt=\"addNewYardOverflowToolbarButton\"]"}
COMMAND: POST /session/c336b23a39170495adacb30ef5b99798/elements - {"using":"xpath","value":"//button[@data-kt=\"addNewYardOverflowToolbarButton\"]"}
RESULT: {"using":"xpath","value":"//button[@data-kt=\"addNewYardOverflowToolbarButton\"]"}
COMMAND: POST /session/c336b23a39170495adacb30ef5b99798/elements - {"using":"xpath","value":"//button[@data-kt=\"addNewYardOverflowToolbarButton\"]"}
RESULT: {"using":"xpath","value":"//button[@data-kt=\"addNewYardOverflowToolbarButton\"]"}
COMMAND: POST /session/c336b23a39170495adacb30ef5b99798/elements - {"using":"xpath","value":"//button[@data-kt=\"addNewYardOverflowToolbarButton\"]"}
RESULT: {"using":"xpath","value":"//button[@data-kt=\"addNewYardOverflowToolbarButton\"]"}
COMMAND: POST /session/c336b23a39170495adacb30ef5b99798/elements - {"using":"xpath","value":"//button[@data-kt=\"addNewYardOverflowToolbarButton\"]"}
RESULT: {"using":"xpath","value":"//button[@data-kt=\"addNewYardOverflowToolbarButton\"]"}
COMMAND: POST /session/c336b23a39170495adacb30ef5b99798/elements - {"using":"xpath","value":"//button[@data-kt=\"addNewYardOverflowToolbarButton\"]"}
RESULT: {"using":"xpath","value":"//button[@data-kt=\"addNewYardOverflowToolbarButton\"]"}
COMMAND: POST /session/c336b23a39170495adacb30ef5b99798/elements - {"using":"xpath","value":"//button[@data-kt=\"addNewYardOverflowToolbarButton\"]"}
RESULT: {"using":"xpath","value":"//button[@data-kt=\"addNewYardOverflowToolbarButton\"]"}
COMMAND: POST /session/c336b23a39170495adacb30ef5b99798/elements - {"using":"xpath","value":"//button[@data-kt=\"addNewYardOverflowToolbarButton\"]"}
RESULT: {"using":"xpath","value":"//button[@data-kt=\"addNewYardOverflowToolbarButton\"]"}
COMMAND: POST /session/c336b23a39170495adacb30ef5b99798/elements - {"using":"xpath","value":"//button[@data-kt=\"addNewYardOverflowToolbarButton\"]"}
RESULT: {"using":"xpath","value":"//button[@data-kt=\"addNewYardOverflowToolbarButton\"]"}
COMMAND: POST /session/c336b23a39170495adacb30ef5b99798/elements - {"using":"xpath","value":"//button[@data-kt=\"addNewYardOverflowToolbarButton\"]"}
RESULT: {"using":"xpath","value":"//button[@data-kt=\"addNewYardOverflowToolbarButton\"]"}
COMMAND: POST /session/c336b23a39170495adacb30ef5b99798/elements - {"using":"xpath","value":"//button[@data-kt=\"addNewYardOverflowToolbarButton\"]"}
RESULT: {"using":"xpath","value":"//button[@data-kt=\"addNewYardOverflowToolbarButton\"]"}
COMMAND: POST /session/c336b23a39170495adacb30ef5b99798/elements - {"using":"xpath","value":"//button[@data-kt=\"addNewYardOverflowToolbarButton\"]"}
RESULT: {"using":"xpath","value":"//button[@data-kt=\"addNewYardOverflowToolbarButton\"]"}
COMMAND: POST /session/c336b23a39170495adacb30ef5b99798/elements - {"using":"xpath","value":"//button[@data-kt=\"addNewYardOverflowToolbarButton\"]"}
RESULT: {"using":"xpath","value":"//button[@data-kt=\"addNewYardOverflowToolbarButton\"]"}
COMMAND: POST /session/c336b23a39170495adacb30ef5b99798/element - {"using":"xpath","value":"//button[@data-kt=\"addNewYardOverflowToolbarButton\"]"}
RESULT: {"using":"xpath","value":"//button[@data-kt=\"addNewYardOverflowToolbarButton\"]"}
COMMAND: POST /session/c336b23a39170495adacb30ef5b99798/execute/sync - {"script":"<script> [8489 bytes]","args":[{"element-6066-11e4-a52e-4f735466cecf":"f.3C12D8243027A57254BE39B169A080B9.d.80B05F1022852F87D6B8448E9F1BA3FE.e.299","ELEMENT":"f.3C12D8243027A57254BE39B169A080B9.d.80B05F1022852F87D6B8448E9F1BA3FE.e.299"}]}
RESULT: {"script":"<script> [8489 bytes]","args":[{"element-6066-11e4-a52e-4f735466cecf":"f.3C12D8243027A57254BE39B169A080B9.d.80B05F1022852F87D6B8448E9F1BA3FE.e.299","ELEMENT":"f.3C12D8243027A57254BE39B169A080B9.d.80B05F1022852F87D6B8448E9F1BA3FE.e.299"}]}
COMMAND: GET /session/c336b23a39170495adacb30ef5b99798/element/f.3C12D8243027A57254BE39B169A080B9.d.80B05F1022852F87D6B8448E9F1BA3FE.e.299/enabled - {}
COMMAND: GET /session/c336b23a39170495adacb30ef5b99798/screenshot - {}
RESULT: {}
COMMAND: POST /session/c336b23a39170495adacb30ef5b99798/execute/sync - {"script":"<script> [8489 bytes]","args":[{"element-6066-11e4-a52e-4f735466cecf":"f.3C12D8243027A57254BE39B169A080B9.d.80B05F1022852F87D6B8448E9F1BA3FE.e.299","ELEMENT":"f.3C12D8243027A57254BE39B169A080B9.d.80B05F1022852F87D6B8448E9F1BA3FE.e.299"}]}
COMMAND: GET /session/c336b23a39170495adacb30ef5b99798/screenshot - {}
RESULT: {}
RESULT: {"script":"<script> [8489 bytes]","args":[{"element-6066-11e4-a52e-4f735466cecf":"f.3C12D8243027A57254BE39B169A080B9.d.80B05F1022852F87D6B8448E9F1BA3FE.e.299","ELEMENT":"f.3C12D8243027A57254BE39B169A080B9.d.80B05F1022852F87D6B8448E9F1BA3FE.e.299"}]}
COMMAND: POST /session/c336b23a39170495adacb30ef5b99798/execute/sync - {"script":"<script> [5351 bytes]","args":[{"element-6066-11e4-a52e-4f735466cecf":"f.3C12D8243027A57254BE39B169A080B9.d.80B05F1022852F87D6B8448E9F1BA3FE.e.299","ELEMENT":"f.3C12D8243027A57254BE39B169A080B9.d.80B05F1022852F87D6B8448E9F1BA3FE.e.299"}]}
COMMAND: GET /session/c336b23a39170495adacb30ef5b99798/screenshot - {}
RESULT: {}
RESULT: {"script":"<script> [5351 bytes]","args":[{"element-6066-11e4-a52e-4f735466cecf":"f.3C12D8243027A57254BE39B169A080B9.d.80B05F1022852F87D6B8448E9F1BA3FE.e.299","ELEMENT":"f.3C12D8243027A57254BE39B169A080B9.d.80B05F1022852F87D6B8448E9F1BA3FE.e.299"}]}
COMMAND: POST /session/c336b23a39170495adacb30ef5b99798/element/f.3C12D8243027A57254BE39B169A080B9.d.80B05F1022852F87D6B8448E9F1BA3FE.e.299/click - {}
COMMAND: GET /session/c336b23a39170495adacb30ef5b99798/screenshot - {}
RESULT: {}
RESULT: {}
COMMAND: GET /session/c336b23a39170495adacb30ef5b99798/screenshot - {}
COMMAND: POST /session/c336b23a39170495adacb30ef5b99798/element - {"using":"xpath","value":"//input[@id=\"application-manageyards-display-component---NewYard--yardId-inner\"]"}
RESULT: {}
RESULT: {}
RESULT: {"using":"xpath","value":"//input[@id=\"application-manageyards-display-component---NewYard--yardId-inner\"]"}
COMMAND: POST /session/c336b23a39170495adacb30ef5b99798/element - {"using":"xpath","value":"//input[@id=\"application-manageyards-display-component---NewYard--yardId-inner\"]"}
RESULT: {"using":"xpath","value":"//input[@id=\"application-manageyards-display-component---NewYard--yardId-inner\"]"}
COMMAND: POST /session/c336b23a39170495adacb30ef5b99798/execute/async - {"script":"<script> [1562 bytes]","args":[{"selector":{"id":"application-manageyards-display-component---NewYard--addressDetailDetailsName1","interaction":{"idSuffix":"inner"}},"wdio_ui5_key":"applicationmanageyards-display-component---NewYard--addressDetailDetailsName1"}]}
RESULT: {"script":"<script> [1562 bytes]","args":[{"selector":{"id":"application-manageyards-display-component---NewYard--addressDetailDetailsName1","interaction":{"idSuffix":"inner"}},"wdio_ui5_key":"applicationmanageyards-display-component---NewYard--addressDetailDetailsName1"}]}
RESULT: undefined
COMMAND: POST /session/c336b23a39170495adacb30ef5b99798/execute/async - {"script":"<script> [776 bytes]","args":[{"enterText":"Intracompany Yard wdIO","selector":{"id":"application-manageyards-display-component---NewYard--addressDetailDetailsName1","interaction":{"idSuffix":"inner"}},"clearTextFirst":true,"interactionType":"ENTER_TEXT"}]}
RESULT: {"script":"<script> [776 bytes]","args":[{"enterText":"Intracompany Yard wdIO","selector":{"id":"application-manageyards-display-component---NewYard--addressDetailDetailsName1","interaction":{"idSuffix":"inner"}},"clearTextFirst":true,"interactionType":"ENTER_TEXT"}]}
COMMAND: POST /session/c336b23a39170495adacb30ef5b99798/execute/async - {"script":"<script> [1562 bytes]","args":[{"selector":{"id":"application-manageyards-display-component---NewYard--addressDetailDetailsLanguage-arrow"},"wdio_ui5_key":"applicationmanageyards-display-component---NewYard--addressDetailDetailsLanguage-arrow"}]}
RESULT: {"script":"<script> [1562 bytes]","args":[{"selector":{"id":"application-manageyards-display-component---NewYard--addressDetailDetailsLanguage-arrow"},"wdio_ui5_key":"applicationmanageyards-display-component---NewYard--addressDetailDetailsLanguage-arrow"}]}
RESULT: undefined
COMMAND: POST /session/c336b23a39170495adacb30ef5b99798/element - {"using":"xpath","value":"//*[@id=\"application-manageyards-display-component---NewYard--addressDetailDetailsLanguage-arrow\"]"}
RESULT: {"using":"xpath","value":"//*[@id=\"application-manageyards-display-component---NewYard--addressDetailDetailsLanguage-arrow\"]"}
COMMAND: POST /session/c336b23a39170495adacb30ef5b99798/element/f.3C12D8243027A57254BE39B169A080B9.d.80B05F1022852F87D6B8448E9F1BA3FE.e.739/click - {}
RESULT: {}
COMMAND: POST /session/c336b23a39170495adacb30ef5b99798/element - {"using":"xpath","value":"//span[contains(text(), \"English\")]"}
COMMAND: GET /session/c336b23a39170495adacb30ef5b99798/screenshot - {}
RESULT: {"using":"xpath","value":"//span[contains(text(), \"English\")]"}
COMMAND: POST /session/c336b23a39170495adacb30ef5b99798/element/f.3C12D8243027A57254BE39B169A080B9.d.80B05F1022852F87D6B8448E9F1BA3FE.e.740/click - {}
RESULT: {}
RESULT: {}
COMMAND: POST /session/c336b23a39170495adacb30ef5b99798/execute/async - {"script":"<script> [1562 bytes]","args":[{"selector":{"id":"application-manageyards-display-component---NewYard--addressDetailDetailsCity1","interaction":{"idSuffix":"inner"}},"wdio_ui5_key":"applicationmanageyards-display-component---NewYard--addressDetailDetailsCity1"}]}
COMMAND: GET /session/c336b23a39170495adacb30ef5b99798/screenshot - {}
RESULT: {"script":"<script> [1562 bytes]","args":[{"selector":{"id":"application-manageyards-display-component---NewYard--addressDetailDetailsCity1","interaction":{"idSuffix":"inner"}},"wdio_ui5_key":"applicationmanageyards-display-component---NewYard--addressDetailDetailsCity1"}]}
RESULT: undefined
COMMAND: POST /session/c336b23a39170495adacb30ef5b99798/execute/async - {"script":"<script> [776 bytes]","args":[{"enterText":"Rosario","selector":{"id":"application-manageyards-display-component---NewYard--addressDetailDetailsCity1","interaction":{"idSuffix":"inner"}},"clearTextFirst":true,"interactionType":"ENTER_TEXT"}]}
RESULT: {}
RESULT: {"script":"<script> [776 bytes]","args":[{"enterText":"Rosario","selector":{"id":"application-manageyards-display-component---NewYard--addressDetailDetailsCity1","interaction":{"idSuffix":"inner"}},"clearTextFirst":true,"interactionType":"ENTER_TEXT"}]}
COMMAND: POST /session/c336b23a39170495adacb30ef5b99798/execute/async - {"script":"<script> [1562 bytes]","args":[{"selector":{"id":"application-manageyards-display-component---NewYard--addressDetailDetailsCountry-arrow"},"wdio_ui5_key":"applicationmanageyards-display-component---NewYard--addressDetailDetailsCountry-arrow"}]}
RESULT: {"script":"<script> [1562 bytes]","args":[{"selector":{"id":"application-manageyards-display-component---NewYard--addressDetailDetailsCountry-arrow"},"wdio_ui5_key":"applicationmanageyards-display-component---NewYard--addressDetailDetailsCountry-arrow"}]}
RESULT: undefined
COMMAND: POST /session/c336b23a39170495adacb30ef5b99798/element - {"using":"xpath","value":"//*[@id=\"application-manageyards-display-component---NewYard--addressDetailDetailsCountry-arrow\"]"}
RESULT: {"using":"xpath","value":"//*[@id=\"application-manageyards-display-component---NewYard--addressDetailDetailsCountry-arrow\"]"}
COMMAND: POST /session/c336b23a39170495adacb30ef5b99798/element/f.3C12D8243027A57254BE39B169A080B9.d.80B05F1022852F87D6B8448E9F1BA3FE.e.742/click - {}
RESULT: {}
COMMAND: POST /session/c336b23a39170495adacb30ef5b99798/element - {"using":"xpath","value":"//span[contains(text(), \"Argentina\")]"}
COMMAND: GET /session/c336b23a39170495adacb30ef5b99798/screenshot - {}
RESULT: {"using":"xpath","value":"//span[contains(text(), \"Argentina\")]"}
COMMAND: POST /session/c336b23a39170495adacb30ef5b99798/element/f.3C12D8243027A57254BE39B169A080B9.d.80B05F1022852F87D6B8448E9F1BA3FE.e.744/click - {}
RESULT: {}
RESULT: {}
COMMAND: POST /session/c336b23a39170495adacb30ef5b99798/execute/async - {"script":"<script> [1562 bytes]","args":[{"selector":{"id":"application-manageyards-display-component---NewYard--addressEditDetailsCostObjectCstType-arrow"},"wdio_ui5_key":"applicationmanageyards-display-component---NewYard--addressEditDetailsCostObjectCstType-arrow"}]}
COMMAND: GET /session/c336b23a39170495adacb30ef5b99798/screenshot - {}
RESULT: {"script":"<script> [1562 bytes]","args":[{"selector":{"id":"application-manageyards-display-component---NewYard--addressEditDetailsCostObjectCstType-arrow"},"wdio_ui5_key":"applicationmanageyards-display-component---NewYard--addressEditDetailsCostObjectCstType-arrow"}]}
RESULT: undefined
COMMAND: POST /session/c336b23a39170495adacb30ef5b99798/element - {"using":"xpath","value":"//*[@id=\"application-manageyards-display-component---NewYard--addressEditDetailsCostObjectCstType-arrow\"]"}
RESULT: {}
RESULT: {"using":"xpath","value":"//*[@id=\"application-manageyards-display-component---NewYard--addressEditDetailsCostObjectCstType-arrow\"]"}
COMMAND: POST /session/c336b23a39170495adacb30ef5b99798/element/f.3C12D8243027A57254BE39B169A080B9.d.80B05F1022852F87D6B8448E9F1BA3FE.e.745/click - {}
RESULT: {}
COMMAND: POST /session/c336b23a39170495adacb30ef5b99798/element - {"using":"xpath","value":"//span[contains(text(), \"Cost Center\")]"}
COMMAND: GET /session/c336b23a39170495adacb30ef5b99798/screenshot - {}
RESULT: {"using":"xpath","value":"//span[contains(text(), \"Cost Center\")]"}
COMMAND: POST /session/c336b23a39170495adacb30ef5b99798/element/f.3C12D8243027A57254BE39B169A080B9.d.80B05F1022852F87D6B8448E9F1BA3FE.e.746/click - {}
RESULT: {}
RESULT: {}
COMMAND: GET /session/c336b23a39170495adacb30ef5b99798/screenshot - {}
RESULT: {}
COMMAND: POST /session/c336b23a39170495adacb30ef5b99798/element - {"using":"xpath","value":"//span[@id=\"application-manageyards-display-component---NewYard--addressNewCostObjectCstID-vhi\"]"}
RESULT: {"using":"xpath","value":"//span[@id=\"application-manageyards-display-component---NewYard--addressNewCostObjectCstID-vhi\"]"}
COMMAND: POST /session/c336b23a39170495adacb30ef5b99798/execute/sync - {"script":"<script> [8489 bytes]","args":[{"element-6066-11e4-a52e-4f735466cecf":"f.3C12D8243027A57254BE39B169A080B9.d.80B05F1022852F87D6B8448E9F1BA3FE.e.750","ELEMENT":"f.3C12D8243027A57254BE39B169A080B9.d.80B05F1022852F87D6B8448E9F1BA3FE.e.750"}]}
RESULT: {"script":"<script> [8489 bytes]","args":[{"element-6066-11e4-a52e-4f735466cecf":"f.3C12D8243027A57254BE39B169A080B9.d.80B05F1022852F87D6B8448E9F1BA3FE.e.750","ELEMENT":"f.3C12D8243027A57254BE39B169A080B9.d.80B05F1022852F87D6B8448E9F1BA3FE.e.750"}]}
COMMAND: POST /session/c336b23a39170495adacb30ef5b99798/execute/async - {"script":"<script> [1562 bytes]","args":[{"selector":{"id":"application-manageyards-display-component---NewYard--addressNewCostObjectCstID-vhi"},"wdio_ui5_key":"applicationmanageyards-display-component---NewYard--addressNewCostObjectCstID-vhi"}]}
COMMAND: GET /session/c336b23a39170495adacb30ef5b99798/screenshot - {}
RESULT: {"script":"<script> [1562 bytes]","args":[{"selector":{"id":"application-manageyards-display-component---NewYard--addressNewCostObjectCstID-vhi"},"wdio_ui5_key":"applicationmanageyards-display-component---NewYard--addressNewCostObjectCstID-vhi"}]}
RESULT: undefined
COMMAND: POST /session/c336b23a39170495adacb30ef5b99798/element - {"using":"xpath","value":"//*[@id=\"application-manageyards-display-component---NewYard--addressNewCostObjectCstID-vhi\"]"}
RESULT: {}
RESULT: {"using":"xpath","value":"//*[@id=\"application-manageyards-display-component---NewYard--addressNewCostObjectCstID-vhi\"]"}
COMMAND: POST /session/c336b23a39170495adacb30ef5b99798/element/f.3C12D8243027A57254BE39B169A080B9.d.80B05F1022852F87D6B8448E9F1BA3FE.e.750/click - {}
RESULT: {}
COMMAND: GET /session/c336b23a39170495adacb30ef5b99798/screenshot - {}
RESULT: {}
COMMAND: POST /session/c336b23a39170495adacb30ef5b99798/execute/async - {"script":"<script> [1562 bytes]","args":[{"selector":{"controlType":"sap.m.SearchField","properties":{"placeholder":"Search"},"searchOpenDialogs":true,"interaction":{"idSuffix":"I"}},"wdio_ui5_key":"sapm.SearchField{\"placeholder\":\"Search\"}"}]}
RESULT: {"script":"<script> [1562 bytes]","args":[{"selector":{"controlType":"sap.m.SearchField","properties":{"placeholder":"Search"},"searchOpenDialogs":true,"interaction":{"idSuffix":"I"}},"wdio_ui5_key":"sapm.SearchField{\"placeholder\":\"Search\"}"}]}
RESULT: undefined
COMMAND: POST /session/c336b23a39170495adacb30ef5b99798/execute/async - {"script":"<script> [776 bytes]","args":[{"enterText":"10001013","selector":{"controlType":"sap.m.SearchField","properties":{"placeholder":"Search"},"searchOpenDialogs":true,"interaction":{"idSuffix":"I"}},"clearTextFirst":true,"interactionType":"ENTER_TEXT"}]}
RESULT: {"script":"<script> [776 bytes]","args":[{"enterText":"10001013","selector":{"controlType":"sap.m.SearchField","properties":{"placeholder":"Search"},"searchOpenDialogs":true,"interaction":{"idSuffix":"I"}},"clearTextFirst":true,"interactionType":"ENTER_TEXT"}]}
COMMAND: POST /session/c336b23a39170495adacb30ef5b99798/actions - {"actions":[{"id":"action1","type":"key","parameters":{},"actions":[{"type":"keyDown","value":"î€‡"},{"type":"pause","duration":10},{"type":"keyUp","value":"î€‡"}]}]}
RESULT: {"actions":[{"id":"action1","type":"key","parameters":{},"actions":[{"type":"keyDown","value":"î€‡"},{"type":"pause","duration":10},{"type":"keyUp","value":"î€‡"}]}]}
COMMAND: GET /session/c336b23a39170495adacb30ef5b99798/screenshot - {}
RESULT: {}
COMMAND: POST /session/c336b23a39170495adacb30ef5b99798/element - {"using":"xpath","value":"//span[contains(text(), \"General Management\")]"}
RESULT: {"using":"xpath","value":"//span[contains(text(), \"General Management\")]"}
COMMAND: POST /session/c336b23a39170495adacb30ef5b99798/element/f.3C12D8243027A57254BE39B169A080B9.d.80B05F1022852F87D6B8448E9F1BA3FE.e.791/click - {}
RESULT: {}
COMMAND: GET /session/c336b23a39170495adacb30ef5b99798/screenshot - {}
RESULT: {}
COMMAND: POST /session/c336b23a39170495adacb30ef5b99798/element - {"using":"xpath","value":"//bdi[contains(text(), \"OK\")]"}
RESULT: {"using":"xpath","value":"//bdi[contains(text(), \"OK\")]"}
COMMAND: POST /session/c336b23a39170495adacb30ef5b99798/element/f.3C12D8243027A57254BE39B169A080B9.d.80B05F1022852F87D6B8448E9F1BA3FE.e.792/click - {}
RESULT: {}
COMMAND: GET /session/c336b23a39170495adacb30ef5b99798/screenshot - {}
RESULT: {}
COMMAND: POST /session/c336b23a39170495adacb30ef5b99798/execute/async - {"script":"<script> [1562 bytes]","args":[{"selector":{"id":"application-manageyards-display-component---NewYard--addressEditDetailsCurrency-arrow"},"wdio_ui5_key":"applicationmanageyards-display-component---NewYard--addressEditDetailsCurrency-arrow"}]}
RESULT: {"script":"<script> [1562 bytes]","args":[{"selector":{"id":"application-manageyards-display-component---NewYard--addressEditDetailsCurrency-arrow"},"wdio_ui5_key":"applicationmanageyards-display-component---NewYard--addressEditDetailsCurrency-arrow"}]}
RESULT: undefined
COMMAND: POST /session/c336b23a39170495adacb30ef5b99798/element - {"using":"xpath","value":"//*[@id=\"application-manageyards-display-component---NewYard--addressEditDetailsCurrency-arrow\"]"}
RESULT: {"using":"xpath","value":"//*[@id=\"application-manageyards-display-component---NewYard--addressEditDetailsCurrency-arrow\"]"}
COMMAND: POST /session/c336b23a39170495adacb30ef5b99798/element/f.3C12D8243027A57254BE39B169A080B9.d.80B05F1022852F87D6B8448E9F1BA3FE.e.795/click - {}
RESULT: {}
COMMAND: POST /session/c336b23a39170495adacb30ef5b99798/element - {"using":"xpath","value":"//span[contains(text(), \"Euro\")]"}
COMMAND: GET /session/c336b23a39170495adacb30ef5b99798/screenshot - {}
RESULT: {"using":"xpath","value":"//span[contains(text(), \"Euro\")]"}
COMMAND: POST /session/c336b23a39170495adacb30ef5b99798/element/f.3C12D8243027A57254BE39B169A080B9.d.80B05F1022852F87D6B8448E9F1BA3FE.e.796/click - {}
RESULT: {}
RESULT: {}
COMMAND: POST /session/c336b23a39170495adacb30ef5b99798/execute/async - {"script":"<script> [1562 bytes]","args":[{"selector":{"controlType":"sap.m.Input","viewName":"etm.portal.ui.manageyards.view.New","viewId":"application-manageyards-display-component---NewYard","bindingPath":{"path":"","propertyPath":"/CONTROLLING_AREA","modelName":"NewYardModel"},"interaction":{"idSuffix":"inner"}},"wdio_ui5_key":"etmportal.ui.manageyards.view.Newsap.m.Input{\"path\":\"\",\"propertyPath\":\"/CONTROLLING_AREA\",\"modelName\":\"NewYardModel\"}"}]}
COMMAND: GET /session/c336b23a39170495adacb30ef5b99798/screenshot - {}
RESULT: {"script":"<script> [1562 bytes]","args":[{"selector":{"controlType":"sap.m.Input","viewName":"etm.portal.ui.manageyards.view.New","viewId":"application-manageyards-display-component---NewYard","bindingPath":{"path":"","propertyPath":"/CONTROLLING_AREA","modelName":"NewYardModel"},"interaction":{"idSuffix":"inner"}},"wdio_ui5_key":"etmportal.ui.manageyards.view.Newsap.m.Input{\"path\":\"\",\"propertyPath\":\"/CONTROLLING_AREA\",\"modelName\":\"NewYardModel\"}"}]}
RESULT: undefined
COMMAND: POST /session/c336b23a39170495adacb30ef5b99798/execute/async - {"script":"<script> [776 bytes]","args":[{"enterText":"Z001","selector":{"controlType":"sap.m.Input","viewName":"etm.portal.ui.manageyards.view.New","viewId":"application-manageyards-display-component---NewYard","bindingPath":{"path":"","propertyPath":"/CONTROLLING_AREA","modelName":"NewYardModel"},"interaction":{"idSuffix":"inner"}},"clearTextFirst":true,"interactionType":"ENTER_TEXT"}]}
RESULT: {}
RESULT: {"script":"<script> [776 bytes]","args":[{"enterText":"Z001","selector":{"controlType":"sap.m.Input","viewName":"etm.portal.ui.manageyards.view.New","viewId":"application-manageyards-display-component---NewYard","bindingPath":{"path":"","propertyPath":"/CONTROLLING_AREA","modelName":"NewYardModel"},"interaction":{"idSuffix":"inner"}},"clearTextFirst":true,"interactionType":"ENTER_TEXT"}]}
COMMAND: POST /session/c336b23a39170495adacb30ef5b99798/execute/async - {"script":"<script> [1562 bytes]","args":[{"selector":{"id":"application-manageyards-display-component---NewYard--companyCodeComboBox","interaction":{"idSuffix":"inner"}},"wdio_ui5_key":"applicationmanageyards-display-component---NewYard--companyCodeComboBox"}]}
RESULT: {"script":"<script> [1562 bytes]","args":[{"selector":{"id":"application-manageyards-display-component---NewYard--companyCodeComboBox","interaction":{"idSuffix":"inner"}},"wdio_ui5_key":"applicationmanageyards-display-component---NewYard--companyCodeComboBox"}]}
RESULT: undefined
COMMAND: POST /session/c336b23a39170495adacb30ef5b99798/execute/async - {"script":"<script> [776 bytes]","args":[{"enterText":"1000","selector":{"id":"application-manageyards-display-component---NewYard--companyCodeComboBox","interaction":{"idSuffix":"inner"}},"clearTextFirst":true,"interactionType":"ENTER_TEXT"}]}
RESULT: {"script":"<script> [776 bytes]","args":[{"enterText":"1000","selector":{"id":"application-manageyards-display-component---NewYard--companyCodeComboBox","interaction":{"idSuffix":"inner"}},"clearTextFirst":true,"interactionType":"ENTER_TEXT"}]}
COMMAND: POST /session/c336b23a39170495adacb30ef5b99798/execute/async - {"script":"<script> [1562 bytes]","args":[{"selector":{"controlType":"sap.m.Input","viewName":"etm.portal.ui.manageyards.view.New","viewId":"application-manageyards-display-component---NewYard","bindingPath":{"path":"","propertyPath":"/PLANT","modelName":"NewYardModel"},"interaction":{"idSuffix":"inner"}},"wdio_ui5_key":"etmportal.ui.manageyards.view.Newsap.m.Input{\"path\":\"\",\"propertyPath\":\"/PLANT\",\"modelName\":\"NewYardModel\"}"}]}
RESULT: {"script":"<script> [1562 bytes]","args":[{"selector":{"controlType":"sap.m.Input","viewName":"etm.portal.ui.manageyards.view.New","viewId":"application-manageyards-display-component---NewYard","bindingPath":{"path":"","propertyPath":"/PLANT","modelName":"NewYardModel"},"interaction":{"idSuffix":"inner"}},"wdio_ui5_key":"etmportal.ui.manageyards.view.Newsap.m.Input{\"path\":\"\",\"propertyPath\":\"/PLANT\",\"modelName\":\"NewYardModel\"}"}]}
RESULT: undefined
COMMAND: POST /session/c336b23a39170495adacb30ef5b99798/execute/async - {"script":"<script> [776 bytes]","args":[{"enterText":"1001","selector":{"controlType":"sap.m.Input","viewName":"etm.portal.ui.manageyards.view.New","viewId":"application-manageyards-display-component---NewYard","bindingPath":{"path":"","propertyPath":"/PLANT","modelName":"NewYardModel"},"interaction":{"idSuffix":"inner"}},"clearTextFirst":true,"interactionType":"ENTER_TEXT"}]}
RESULT: {"script":"<script> [776 bytes]","args":[{"enterText":"1001","selector":{"controlType":"sap.m.Input","viewName":"etm.portal.ui.manageyards.view.New","viewId":"application-manageyards-display-component---NewYard","bindingPath":{"path":"","propertyPath":"/PLANT","modelName":"NewYardModel"},"interaction":{"idSuffix":"inner"}},"clearTextFirst":true,"interactionType":"ENTER_TEXT"}]}
COMMAND: POST /session/c336b23a39170495adacb30ef5b99798/execute/async - {"script":"<script> [1562 bytes]","args":[{"selector":{"controlType":"sap.m.Input","viewName":"etm.portal.ui.manageyards.view.New","viewId":"application-manageyards-display-component---NewYard","bindingPath":{"path":"","propertyPath":"/SALES_AREA_VKORG","modelName":"NewYardModel"},"interaction":{"idSuffix":"inner"}},"wdio_ui5_key":"etmportal.ui.manageyards.view.Newsap.m.Input{\"path\":\"\",\"propertyPath\":\"/SALES_AREA_VKORG\",\"modelName\":\"NewYardModel\"}"}]}
RESULT: {"script":"<script> [1562 bytes]","args":[{"selector":{"controlType":"sap.m.Input","viewName":"etm.portal.ui.manageyards.view.New","viewId":"application-manageyards-display-component---NewYard","bindingPath":{"path":"","propertyPath":"/SALES_AREA_VKORG","modelName":"NewYardModel"},"interaction":{"idSuffix":"inner"}},"wdio_ui5_key":"etmportal.ui.manageyards.view.Newsap.m.Input{\"path\":\"\",\"propertyPath\":\"/SALES_AREA_VKORG\",\"modelName\":\"NewYardModel\"}"}]}
RESULT: undefined
COMMAND: POST /session/c336b23a39170495adacb30ef5b99798/execute/async - {"script":"<script> [776 bytes]","args":[{"enterText":"C002","selector":{"controlType":"sap.m.Input","viewName":"etm.portal.ui.manageyards.view.New","viewId":"application-manageyards-display-component---NewYard","bindingPath":{"path":"","propertyPath":"/SALES_AREA_VKORG","modelName":"NewYardModel"},"interaction":{"idSuffix":"inner"}},"clearTextFirst":true,"interactionType":"ENTER_TEXT"}]}
RESULT: {"script":"<script> [776 bytes]","args":[{"enterText":"C002","selector":{"controlType":"sap.m.Input","viewName":"etm.portal.ui.manageyards.view.New","viewId":"application-manageyards-display-component---NewYard","bindingPath":{"path":"","propertyPath":"/SALES_AREA_VKORG","modelName":"NewYardModel"},"interaction":{"idSuffix":"inner"}},"clearTextFirst":true,"interactionType":"ENTER_TEXT"}]}
COMMAND: POST /session/c336b23a39170495adacb30ef5b99798/execute/async - {"script":"<script> [1562 bytes]","args":[{"selector":{"controlType":"sap.m.Input","viewName":"etm.portal.ui.manageyards.view.New","viewId":"application-manageyards-display-component---NewYard","bindingPath":{"path":"","propertyPath":"/SALES_AREA_VTWEG","modelName":"NewYardModel"},"interaction":{"idSuffix":"inner"}},"wdio_ui5_key":"etmportal.ui.manageyards.view.Newsap.m.Input{\"path\":\"\",\"propertyPath\":\"/SALES_AREA_VTWEG\",\"modelName\":\"NewYardModel\"}"}]}
RESULT: {"script":"<script> [1562 bytes]","args":[{"selector":{"controlType":"sap.m.Input","viewName":"etm.portal.ui.manageyards.view.New","viewId":"application-manageyards-display-component---NewYard","bindingPath":{"path":"","propertyPath":"/SALES_AREA_VTWEG","modelName":"NewYardModel"},"interaction":{"idSuffix":"inner"}},"wdio_ui5_key":"etmportal.ui.manageyards.view.Newsap.m.Input{\"path\":\"\",\"propertyPath\":\"/SALES_AREA_VTWEG\",\"modelName\":\"NewYardModel\"}"}]}
RESULT: undefined
COMMAND: POST /session/c336b23a39170495adacb30ef5b99798/execute/async - {"script":"<script> [776 bytes]","args":[{"enterText":"C2","selector":{"controlType":"sap.m.Input","viewName":"etm.portal.ui.manageyards.view.New","viewId":"application-manageyards-display-component---NewYard","bindingPath":{"path":"","propertyPath":"/SALES_AREA_VTWEG","modelName":"NewYardModel"},"interaction":{"idSuffix":"inner"}},"clearTextFirst":true,"interactionType":"ENTER_TEXT"}]}
RESULT: {"script":"<script> [776 bytes]","args":[{"enterText":"C2","selector":{"controlType":"sap.m.Input","viewName":"etm.portal.ui.manageyards.view.New","viewId":"application-manageyards-display-component---NewYard","bindingPath":{"path":"","propertyPath":"/SALES_AREA_VTWEG","modelName":"NewYardModel"},"interaction":{"idSuffix":"inner"}},"clearTextFirst":true,"interactionType":"ENTER_TEXT"}]}
COMMAND: POST /session/c336b23a39170495adacb30ef5b99798/execute/async - {"script":"<script> [1562 bytes]","args":[{"selector":{"controlType":"sap.m.Input","viewName":"etm.portal.ui.manageyards.view.New","viewId":"application-manageyards-display-component---NewYard","bindingPath":{"path":"","propertyPath":"/SALES_AREA_SPART","modelName":"NewYardModel"},"interaction":{"idSuffix":"inner"}},"wdio_ui5_key":"etmportal.ui.manageyards.view.Newsap.m.Input{\"path\":\"\",\"propertyPath\":\"/SALES_AREA_SPART\",\"modelName\":\"NewYardModel\"}"}]}
RESULT: {"script":"<script> [1562 bytes]","args":[{"selector":{"controlType":"sap.m.Input","viewName":"etm.portal.ui.manageyards.view.New","viewId":"application-manageyards-display-component---NewYard","bindingPath":{"path":"","propertyPath":"/SALES_AREA_SPART","modelName":"NewYardModel"},"interaction":{"idSuffix":"inner"}},"wdio_ui5_key":"etmportal.ui.manageyards.view.Newsap.m.Input{\"path\":\"\",\"propertyPath\":\"/SALES_AREA_SPART\",\"modelName\":\"NewYardModel\"}"}]}
RESULT: undefined
COMMAND: POST /session/c336b23a39170495adacb30ef5b99798/execute/async - {"script":"<script> [776 bytes]","args":[{"enterText":"C2","selector":{"controlType":"sap.m.Input","viewName":"etm.portal.ui.manageyards.view.New","viewId":"application-manageyards-display-component---NewYard","bindingPath":{"path":"","propertyPath":"/SALES_AREA_SPART","modelName":"NewYardModel"},"interaction":{"idSuffix":"inner"}},"clearTextFirst":true,"interactionType":"ENTER_TEXT"}]}
RESULT: {"script":"<script> [776 bytes]","args":[{"enterText":"C2","selector":{"controlType":"sap.m.Input","viewName":"etm.portal.ui.manageyards.view.New","viewId":"application-manageyards-display-component---NewYard","bindingPath":{"path":"","propertyPath":"/SALES_AREA_SPART","modelName":"NewYardModel"},"interaction":{"idSuffix":"inner"}},"clearTextFirst":true,"interactionType":"ENTER_TEXT"}]}
COMMAND: POST /session/c336b23a39170495adacb30ef5b99798/execute/async - {"script":"<script> [1562 bytes]","args":[{"selector":{"controlType":"sap.m.Input","viewName":"etm.portal.ui.manageyards.view.New","viewId":"application-manageyards-display-component---NewYard","bindingPath":{"path":"","propertyPath":"/SHIP_POINT","modelName":"NewYardModel"},"interaction":{"idSuffix":"inner"}},"wdio_ui5_key":"etmportal.ui.manageyards.view.Newsap.m.Input{\"path\":\"\",\"propertyPath\":\"/SHIP_POINT\",\"modelName\":\"NewYardModel\"}"}]}
RESULT: {"script":"<script> [1562 bytes]","args":[{"selector":{"controlType":"sap.m.Input","viewName":"etm.portal.ui.manageyards.view.New","viewId":"application-manageyards-display-component---NewYard","bindingPath":{"path":"","propertyPath":"/SHIP_POINT","modelName":"NewYardModel"},"interaction":{"idSuffix":"inner"}},"wdio_ui5_key":"etmportal.ui.manageyards.view.Newsap.m.Input{\"path\":\"\",\"propertyPath\":\"/SHIP_POINT\",\"modelName\":\"NewYardModel\"}"}]}
RESULT: undefined
COMMAND: POST /session/c336b23a39170495adacb30ef5b99798/execute/async - {"script":"<script> [776 bytes]","args":[{"enterText":"1710","selector":{"controlType":"sap.m.Input","viewName":"etm.portal.ui.manageyards.view.New","viewId":"application-manageyards-display-component---NewYard","bindingPath":{"path":"","propertyPath":"/SHIP_POINT","modelName":"NewYardModel"},"interaction":{"idSuffix":"inner"}},"clearTextFirst":true,"interactionType":"ENTER_TEXT"}]}
RESULT: {"script":"<script> [776 bytes]","args":[{"enterText":"1710","selector":{"controlType":"sap.m.Input","viewName":"etm.portal.ui.manageyards.view.New","viewId":"application-manageyards-display-component---NewYard","bindingPath":{"path":"","propertyPath":"/SHIP_POINT","modelName":"NewYardModel"},"interaction":{"idSuffix":"inner"}},"clearTextFirst":true,"interactionType":"ENTER_TEXT"}]}
COMMAND: POST /session/c336b23a39170495adacb30ef5b99798/execute/async - {"script":"<script> [1562 bytes]","args":[{"selector":{"controlType":"sap.m.Input","viewName":"etm.portal.ui.manageyards.view.New","viewId":"application-manageyards-display-component---NewYard","bindingPath":{"path":"","propertyPath":"/DELIVERY_TYPE","modelName":"NewYardModel"},"interaction":{"idSuffix":"inner"}},"wdio_ui5_key":"etmportal.ui.manageyards.view.Newsap.m.Input{\"path\":\"\",\"propertyPath\":\"/DELIVERY_TYPE\",\"modelName\":\"NewYardModel\"}"}]}
RESULT: {"script":"<script> [1562 bytes]","args":[{"selector":{"controlType":"sap.m.Input","viewName":"etm.portal.ui.manageyards.view.New","viewId":"application-manageyards-display-component---NewYard","bindingPath":{"path":"","propertyPath":"/DELIVERY_TYPE","modelName":"NewYardModel"},"interaction":{"idSuffix":"inner"}},"wdio_ui5_key":"etmportal.ui.manageyards.view.Newsap.m.Input{\"path\":\"\",\"propertyPath\":\"/DELIVERY_TYPE\",\"modelName\":\"NewYardModel\"}"}]}
RESULT: undefined
COMMAND: POST /session/c336b23a39170495adacb30ef5b99798/execute/async - {"script":"<script> [776 bytes]","args":[{"enterText":"ZL01","selector":{"controlType":"sap.m.Input","viewName":"etm.portal.ui.manageyards.view.New","viewId":"application-manageyards-display-component---NewYard","bindingPath":{"path":"","propertyPath":"/DELIVERY_TYPE","modelName":"NewYardModel"},"interaction":{"idSuffix":"inner"}},"clearTextFirst":true,"interactionType":"ENTER_TEXT"}]}
RESULT: {"script":"<script> [776 bytes]","args":[{"enterText":"ZL01","selector":{"controlType":"sap.m.Input","viewName":"etm.portal.ui.manageyards.view.New","viewId":"application-manageyards-display-component---NewYard","bindingPath":{"path":"","propertyPath":"/DELIVERY_TYPE","modelName":"NewYardModel"},"interaction":{"idSuffix":"inner"}},"clearTextFirst":true,"interactionType":"ENTER_TEXT"}]}
COMMAND: POST /session/c336b23a39170495adacb30ef5b99798/execute/async - {"script":"<script> [1562 bytes]","args":[{"selector":{"controlType":"sap.m.Input","viewName":"etm.portal.ui.manageyards.view.New","viewId":"application-manageyards-display-component---NewYard","bindingPath":{"path":"","propertyPath":"/AUART","modelName":"NewYardModel"},"interaction":{"idSuffix":"inner"}},"wdio_ui5_key":"etmportal.ui.manageyards.view.Newsap.m.Input{\"path\":\"\",\"propertyPath\":\"/AUART\",\"modelName\":\"NewYardModel\"}"}]}
RESULT: {"script":"<script> [1562 bytes]","args":[{"selector":{"controlType":"sap.m.Input","viewName":"etm.portal.ui.manageyards.view.New","viewId":"application-manageyards-display-component---NewYard","bindingPath":{"path":"","propertyPath":"/AUART","modelName":"NewYardModel"},"interaction":{"idSuffix":"inner"}},"wdio_ui5_key":"etmportal.ui.manageyards.view.Newsap.m.Input{\"path\":\"\",\"propertyPath\":\"/AUART\",\"modelName\":\"NewYardModel\"}"}]}
RESULT: undefined
COMMAND: POST /session/c336b23a39170495adacb30ef5b99798/execute/async - {"script":"<script> [776 bytes]","args":[{"enterText":"TA","selector":{"controlType":"sap.m.Input","viewName":"etm.portal.ui.manageyards.view.New","viewId":"application-manageyards-display-component---NewYard","bindingPath":{"path":"","propertyPath":"/AUART","modelName":"NewYardModel"},"interaction":{"idSuffix":"inner"}},"clearTextFirst":true,"interactionType":"ENTER_TEXT"}]}
RESULT: {"script":"<script> [776 bytes]","args":[{"enterText":"TA","selector":{"controlType":"sap.m.Input","viewName":"etm.portal.ui.manageyards.view.New","viewId":"application-manageyards-display-component---NewYard","bindingPath":{"path":"","propertyPath":"/AUART","modelName":"NewYardModel"},"interaction":{"idSuffix":"inner"}},"clearTextFirst":true,"interactionType":"ENTER_TEXT"}]}
COMMAND: POST /session/c336b23a39170495adacb30ef5b99798/element - {"using":"xpath","value":"//button[@data-kt=\"newYardSaveButton\"]"}
RESULT: {"using":"xpath","value":"//button[@data-kt=\"newYardSaveButton\"]"}
COMMAND: POST /session/c336b23a39170495adacb30ef5b99798/element/f.3C12D8243027A57254BE39B169A080B9.d.80B05F1022852F87D6B8448E9F1BA3FE.e.724/click - {}
RESULT: {}
COMMAND: GET /session/c336b23a39170495adacb30ef5b99798/screenshot - {}
RESULT: {}
COMMAND: POST /session/c336b23a39170495adacb30ef5b99798/element - {"using":"xpath","value":"//header[contains(@id, 'ObjectPageLayout-headerTitle')]/div[1]/div[2]/div[1]/span[1]"}
RESULT: {"using":"xpath","value":"//header[contains(@id, 'ObjectPageLayout-headerTitle')]/div[1]/div[2]/div[1]/span[1]"}
COMMAND: POST /session/c336b23a39170495adacb30ef5b99798/elements - {"using":"xpath","value":"//header[contains(@id, 'ObjectPageLayout-headerTitle')]/div[1]/div[2]/div[1]/span[1]"}
RESULT: {"using":"xpath","value":"//header[contains(@id, 'ObjectPageLayout-headerTitle')]/div[1]/div[2]/div[1]/span[1]"}
COMMAND: POST /session/c336b23a39170495adacb30ef5b99798/execute/sync - {"script":"<script> [56 bytes]","args":[{"element-6066-11e4-a52e-4f735466cecf":"f.3C12D8243027A57254BE39B169A080B9.d.80B05F1022852F87D6B8448E9F1BA3FE.e.1022","ELEMENT":"f.3C12D8243027A57254BE39B169A080B9.d.80B05F1022852F87D6B8448E9F1BA3FE.e.1022"}]}
RESULT: {"script":"<script> [56 bytes]","args":[{"element-6066-11e4-a52e-4f735466cecf":"f.3C12D8243027A57254BE39B169A080B9.d.80B05F1022852F87D6B8448E9F1BA3FE.e.1022","ELEMENT":"f.3C12D8243027A57254BE39B169A080B9.d.80B05F1022852F87D6B8448E9F1BA3FE.e.1022"}]}
COMMAND: GET /session/c336b23a39170495adacb30ef5b99798/screenshot - {}
RESULT: {}
COMMAND: POST /session/c336b23a39170495adacb30ef5b99798/element - {"using":"css selector","value":"#shell-header-logo"}
RESULT: {"using":"css selector","value":"#shell-header-logo"}
COMMAND: POST /session/c336b23a39170495adacb30ef5b99798/element/f.3C12D8243027A57254BE39B169A080B9.d.80B05F1022852F87D6B8448E9F1BA3FE.e.266/click - {}
RESULT: {}
COMMAND: GET /session/c336b23a39170495adacb30ef5b99798/screenshot - {}
RESULT: {}
COMMAND: POST /session/c336b23a39170495adacb30ef5b99798/execute/sync - {"script":"<script> [299 bytes]","args":[["getModel","getResource"]]}
RESULT: {"script":"<script> [299 bytes]","args":[["getModel","getResource"]]}
COMMAND: GET /session/c336b23a39170495adacb30ef5b99798/screenshot - {}
]]></system-out>
    </testcase>
    <testcase classname="chrome.135_0_7049_96.windows.Partner_specific_tests_US150819_US151080_US151654_US151176_US103444_US151078_US151079_US151109_US151174_US151175_US151189" name="Should create new external partner US150819" time="99.763">
      <system-out><![CDATA[
COMMAND: POST /session/c336b23a39170495adacb30ef5b99798/element - {"using":"xpath","value":"//li[.//span[text()=\"Manage Partners\"]]"}
RESULT: {}
RESULT: {"using":"xpath","value":"//li[.//span[text()=\"Manage Partners\"]]"}
COMMAND: POST /session/c336b23a39170495adacb30ef5b99798/element - {"using":"xpath","value":"//li[.//span[text()=\"Manage Partners\"]]"}
RESULT: {"using":"xpath","value":"//li[.//span[text()=\"Manage Partners\"]]"}
COMMAND: POST /session/c336b23a39170495adacb30ef5b99798/element - {"using":"css selector","value":"#shell-header-logo"}
RESULT: {"using":"css selector","value":"#shell-header-logo"}
COMMAND: POST /session/c336b23a39170495adacb30ef5b99798/element/f.3C12D8243027A57254BE39B169A080B9.d.80B05F1022852F87D6B8448E9F1BA3FE.e.1025/click - {}
COMMAND: POST /session/c336b23a39170495adacb30ef5b99798/execute/sync - {"script":"<script> [8489 bytes]","args":[{"element-6066-11e4-a52e-4f735466cecf":"f.3C12D8243027A57254BE39B169A080B9.d.80B05F1022852F87D6B8448E9F1BA3FE.e.1025","ELEMENT":"f.3C12D8243027A57254BE39B169A080B9.d.80B05F1022852F87D6B8448E9F1BA3FE.e.1025"}]}
RESULT: {}
COMMAND: GET /session/c336b23a39170495adacb30ef5b99798/screenshot - {}
RESULT: {"script":"<script> [8489 bytes]","args":[{"element-6066-11e4-a52e-4f735466cecf":"f.3C12D8243027A57254BE39B169A080B9.d.80B05F1022852F87D6B8448E9F1BA3FE.e.1025","ELEMENT":"f.3C12D8243027A57254BE39B169A080B9.d.80B05F1022852F87D6B8448E9F1BA3FE.e.1025"}]}
COMMAND: POST /session/c336b23a39170495adacb30ef5b99798/execute/sync - {"script":"<script> [5351 bytes]","args":[{"element-6066-11e4-a52e-4f735466cecf":"f.3C12D8243027A57254BE39B169A080B9.d.80B05F1022852F87D6B8448E9F1BA3FE.e.1025","ELEMENT":"f.3C12D8243027A57254BE39B169A080B9.d.80B05F1022852F87D6B8448E9F1BA3FE.e.1025"}]}
COMMAND: GET /session/c336b23a39170495adacb30ef5b99798/screenshot - {}
RESULT: {}
RESULT: {"script":"<script> [5351 bytes]","args":[{"element-6066-11e4-a52e-4f735466cecf":"f.3C12D8243027A57254BE39B169A080B9.d.80B05F1022852F87D6B8448E9F1BA3FE.e.1025","ELEMENT":"f.3C12D8243027A57254BE39B169A080B9.d.80B05F1022852F87D6B8448E9F1BA3FE.e.1025"}]}
COMMAND: GET /session/c336b23a39170495adacb30ef5b99798/screenshot - {}
RESULT: {}
RESULT: {}
COMMAND: POST /session/c336b23a39170495adacb30ef5b99798/window/fullscreen - {}
RESULT: {}
COMMAND: POST /session/c336b23a39170495adacb30ef5b99798/execute/async - {"script":"<script> [1562 bytes]","args":[{"selector":{"controlType":"sap.m.GenericTile","properties":{"header":"Manage Partners"}},"wdio_ui5_key":"sapm.GenericTile{\"header\":\"Manage Partners\"}"}]}
RESULT: {"script":"<script> [1562 bytes]","args":[{"selector":{"controlType":"sap.m.GenericTile","properties":{"header":"Manage Partners"}},"wdio_ui5_key":"sapm.GenericTile{\"header\":\"Manage Partners\"}"}]}
RESULT: undefined
COMMAND: POST /session/c336b23a39170495adacb30ef5b99798/element - {"using":"xpath","value":"//*[@id=\"__tile38\"]"}
RESULT: {"using":"xpath","value":"//*[@id=\"__tile38\"]"}
COMMAND: POST /session/c336b23a39170495adacb30ef5b99798/element/f.3C12D8243027A57254BE39B169A080B9.d.80B05F1022852F87D6B8448E9F1BA3FE.e.154/click - {}
RESULT: {}
COMMAND: POST /session/c336b23a39170495adacb30ef5b99798/element - {"using":"xpath","value":"//button[@data-kt=\"addButton\"]"}
COMMAND: GET /session/c336b23a39170495adacb30ef5b99798/screenshot - {}
RESULT: {"using":"xpath","value":"//button[@data-kt=\"addButton\"]"}
COMMAND: POST /session/c336b23a39170495adacb30ef5b99798/elements - {"using":"xpath","value":"//button[@data-kt=\"addButton\"]"}
RESULT: {}
RESULT: {"using":"xpath","value":"//button[@data-kt=\"addButton\"]"}
COMMAND: POST /session/c336b23a39170495adacb30ef5b99798/elements - {"using":"xpath","value":"//button[@data-kt=\"addButton\"]"}
RESULT: {"using":"xpath","value":"//button[@data-kt=\"addButton\"]"}
COMMAND: POST /session/c336b23a39170495adacb30ef5b99798/elements - {"using":"xpath","value":"//button[@data-kt=\"addButton\"]"}
RESULT: {"using":"xpath","value":"//button[@data-kt=\"addButton\"]"}
COMMAND: POST /session/c336b23a39170495adacb30ef5b99798/elements - {"using":"xpath","value":"//button[@data-kt=\"addButton\"]"}
RESULT: {"using":"xpath","value":"//button[@data-kt=\"addButton\"]"}
COMMAND: POST /session/c336b23a39170495adacb30ef5b99798/elements - {"using":"xpath","value":"//button[@data-kt=\"addButton\"]"}
RESULT: {"using":"xpath","value":"//button[@data-kt=\"addButton\"]"}
COMMAND: POST /session/c336b23a39170495adacb30ef5b99798/elements - {"using":"xpath","value":"//button[@data-kt=\"addButton\"]"}
RESULT: {"using":"xpath","value":"//button[@data-kt=\"addButton\"]"}
COMMAND: POST /session/c336b23a39170495adacb30ef5b99798/elements - {"using":"xpath","value":"//button[@data-kt=\"addButton\"]"}
RESULT: {"using":"xpath","value":"//button[@data-kt=\"addButton\"]"}
COMMAND: POST /session/c336b23a39170495adacb30ef5b99798/elements - {"using":"xpath","value":"//button[@data-kt=\"addButton\"]"}
RESULT: {"using":"xpath","value":"//button[@data-kt=\"addButton\"]"}
COMMAND: POST /session/c336b23a39170495adacb30ef5b99798/elements - {"using":"xpath","value":"//button[@data-kt=\"addButton\"]"}
RESULT: {"using":"xpath","value":"//button[@data-kt=\"addButton\"]"}
COMMAND: POST /session/c336b23a39170495adacb30ef5b99798/elements - {"using":"xpath","value":"//button[@data-kt=\"addButton\"]"}
RESULT: {"using":"xpath","value":"//button[@data-kt=\"addButton\"]"}
COMMAND: POST /session/c336b23a39170495adacb30ef5b99798/elements - {"using":"xpath","value":"//button[@data-kt=\"addButton\"]"}
RESULT: {"using":"xpath","value":"//button[@data-kt=\"addButton\"]"}
COMMAND: POST /session/c336b23a39170495adacb30ef5b99798/elements - {"using":"xpath","value":"//button[@data-kt=\"addButton\"]"}
RESULT: {"using":"xpath","value":"//button[@data-kt=\"addButton\"]"}
COMMAND: POST /session/c336b23a39170495adacb30ef5b99798/elements - {"using":"xpath","value":"//button[@data-kt=\"addButton\"]"}
RESULT: {"using":"xpath","value":"//button[@data-kt=\"addButton\"]"}
COMMAND: POST /session/c336b23a39170495adacb30ef5b99798/elements - {"using":"xpath","value":"//button[@data-kt=\"addButton\"]"}
RESULT: {"using":"xpath","value":"//button[@data-kt=\"addButton\"]"}
COMMAND: POST /session/c336b23a39170495adacb30ef5b99798/elements - {"using":"xpath","value":"//button[@data-kt=\"addButton\"]"}
RESULT: {"using":"xpath","value":"//button[@data-kt=\"addButton\"]"}
COMMAND: POST /session/c336b23a39170495adacb30ef5b99798/elements - {"using":"xpath","value":"//button[@data-kt=\"addButton\"]"}
RESULT: {"using":"xpath","value":"//button[@data-kt=\"addButton\"]"}
COMMAND: POST /session/c336b23a39170495adacb30ef5b99798/elements - {"using":"xpath","value":"//button[@data-kt=\"addButton\"]"}
RESULT: {"using":"xpath","value":"//button[@data-kt=\"addButton\"]"}
COMMAND: POST /session/c336b23a39170495adacb30ef5b99798/elements - {"using":"xpath","value":"//button[@data-kt=\"addButton\"]"}
RESULT: {"using":"xpath","value":"//button[@data-kt=\"addButton\"]"}
COMMAND: POST /session/c336b23a39170495adacb30ef5b99798/elements - {"using":"xpath","value":"//button[@data-kt=\"addButton\"]"}
RESULT: {"using":"xpath","value":"//button[@data-kt=\"addButton\"]"}
COMMAND: POST /session/c336b23a39170495adacb30ef5b99798/elements - {"using":"xpath","value":"//button[@data-kt=\"addButton\"]"}
RESULT: {"using":"xpath","value":"//button[@data-kt=\"addButton\"]"}
COMMAND: POST /session/c336b23a39170495adacb30ef5b99798/elements - {"using":"xpath","value":"//button[@data-kt=\"addButton\"]"}
RESULT: {"using":"xpath","value":"//button[@data-kt=\"addButton\"]"}
COMMAND: POST /session/c336b23a39170495adacb30ef5b99798/elements - {"using":"xpath","value":"//button[@data-kt=\"addButton\"]"}
RESULT: {"using":"xpath","value":"//button[@data-kt=\"addButton\"]"}
COMMAND: POST /session/c336b23a39170495adacb30ef5b99798/element - {"using":"xpath","value":"//button[@data-kt=\"addButton\"]"}
RESULT: {"using":"xpath","value":"//button[@data-kt=\"addButton\"]"}
COMMAND: POST /session/c336b23a39170495adacb30ef5b99798/execute/sync - {"script":"<script> [8489 bytes]","args":[{"element-6066-11e4-a52e-4f735466cecf":"f.3C12D8243027A57254BE39B169A080B9.d.80B05F1022852F87D6B8448E9F1BA3FE.e.1072","ELEMENT":"f.3C12D8243027A57254BE39B169A080B9.d.80B05F1022852F87D6B8448E9F1BA3FE.e.1072"}]}
RESULT: {"script":"<script> [8489 bytes]","args":[{"element-6066-11e4-a52e-4f735466cecf":"f.3C12D8243027A57254BE39B169A080B9.d.80B05F1022852F87D6B8448E9F1BA3FE.e.1072","ELEMENT":"f.3C12D8243027A57254BE39B169A080B9.d.80B05F1022852F87D6B8448E9F1BA3FE.e.1072"}]}
COMMAND: GET /session/c336b23a39170495adacb30ef5b99798/element/f.3C12D8243027A57254BE39B169A080B9.d.80B05F1022852F87D6B8448E9F1BA3FE.e.1072/enabled - {}
COMMAND: GET /session/c336b23a39170495adacb30ef5b99798/screenshot - {}
RESULT: {}
COMMAND: POST /session/c336b23a39170495adacb30ef5b99798/execute/sync - {"script":"<script> [8489 bytes]","args":[{"element-6066-11e4-a52e-4f735466cecf":"f.3C12D8243027A57254BE39B169A080B9.d.80B05F1022852F87D6B8448E9F1BA3FE.e.1072","ELEMENT":"f.3C12D8243027A57254BE39B169A080B9.d.80B05F1022852F87D6B8448E9F1BA3FE.e.1072"}]}
COMMAND: GET /session/c336b23a39170495adacb30ef5b99798/screenshot - {}
RESULT: {}
RESULT: {"script":"<script> [8489 bytes]","args":[{"element-6066-11e4-a52e-4f735466cecf":"f.3C12D8243027A57254BE39B169A080B9.d.80B05F1022852F87D6B8448E9F1BA3FE.e.1072","ELEMENT":"f.3C12D8243027A57254BE39B169A080B9.d.80B05F1022852F87D6B8448E9F1BA3FE.e.1072"}]}
COMMAND: POST /session/c336b23a39170495adacb30ef5b99798/execute/sync - {"script":"<script> [5351 bytes]","args":[{"element-6066-11e4-a52e-4f735466cecf":"f.3C12D8243027A57254BE39B169A080B9.d.80B05F1022852F87D6B8448E9F1BA3FE.e.1072","ELEMENT":"f.3C12D8243027A57254BE39B169A080B9.d.80B05F1022852F87D6B8448E9F1BA3FE.e.1072"}]}
COMMAND: GET /session/c336b23a39170495adacb30ef5b99798/screenshot - {}
RESULT: {}
RESULT: {"script":"<script> [5351 bytes]","args":[{"element-6066-11e4-a52e-4f735466cecf":"f.3C12D8243027A57254BE39B169A080B9.d.80B05F1022852F87D6B8448E9F1BA3FE.e.1072","ELEMENT":"f.3C12D8243027A57254BE39B169A080B9.d.80B05F1022852F87D6B8448E9F1BA3FE.e.1072"}]}
COMMAND: POST /session/c336b23a39170495adacb30ef5b99798/element/f.3C12D8243027A57254BE39B169A080B9.d.80B05F1022852F87D6B8448E9F1BA3FE.e.1072/click - {}
COMMAND: GET /session/c336b23a39170495adacb30ef5b99798/screenshot - {}
RESULT: {}
RESULT: {}
COMMAND: GET /session/c336b23a39170495adacb30ef5b99798/screenshot - {}
COMMAND: POST /session/c336b23a39170495adacb30ef5b99798/execute/async - {"script":"<script> [1562 bytes]","args":[{"selector":{"id":"application-managepartners-display-component---NewPartner--addressDetailDetailsName1","interaction":{"idSuffix":"inner"}},"wdio_ui5_key":"applicationmanagepartners-display-component---NewPartner--addressDetailDetailsName1"}]}
RESULT: {}
RESULT: {}
RESULT: {"script":"<script> [1562 bytes]","args":[{"selector":{"id":"application-managepartners-display-component---NewPartner--addressDetailDetailsName1","interaction":{"idSuffix":"inner"}},"wdio_ui5_key":"applicationmanagepartners-display-component---NewPartner--addressDetailDetailsName1"}]}
RESULT: undefined
COMMAND: POST /session/c336b23a39170495adacb30ef5b99798/execute/async - {"script":"<script> [776 bytes]","args":[{"enterText":"External Partner WDIO","selector":{"id":"application-managepartners-display-component---NewPartner--addressDetailDetailsName1","interaction":{"idSuffix":"inner"}},"clearTextFirst":true,"interactionType":"ENTER_TEXT"}]}
RESULT: {"script":"<script> [776 bytes]","args":[{"enterText":"External Partner WDIO","selector":{"id":"application-managepartners-display-component---NewPartner--addressDetailDetailsName1","interaction":{"idSuffix":"inner"}},"clearTextFirst":true,"interactionType":"ENTER_TEXT"}]}
COMMAND: POST /session/c336b23a39170495adacb30ef5b99798/execute/async - {"script":"<script> [1562 bytes]","args":[{"selector":{"id":"application-managepartners-display-component---NewPartner--addressDetailDetailsLanguage-arrow"},"wdio_ui5_key":"applicationmanagepartners-display-component---NewPartner--addressDetailDetailsLanguage-arrow"}]}
RESULT: {"script":"<script> [1562 bytes]","args":[{"selector":{"id":"application-managepartners-display-component---NewPartner--addressDetailDetailsLanguage-arrow"},"wdio_ui5_key":"applicationmanagepartners-display-component---NewPartner--addressDetailDetailsLanguage-arrow"}]}
RESULT: undefined
COMMAND: POST /session/c336b23a39170495adacb30ef5b99798/element - {"using":"xpath","value":"//*[@id=\"application-managepartners-display-component---NewPartner--addressDetailDetailsLanguage-arrow\"]"}
RESULT: {"using":"xpath","value":"//*[@id=\"application-managepartners-display-component---NewPartner--addressDetailDetailsLanguage-arrow\"]"}
COMMAND: POST /session/c336b23a39170495adacb30ef5b99798/element/f.3C12D8243027A57254BE39B169A080B9.d.80B05F1022852F87D6B8448E9F1BA3FE.e.1515/click - {}
RESULT: {}
COMMAND: POST /session/c336b23a39170495adacb30ef5b99798/element - {"using":"xpath","value":"//span[contains(text(), \"English\")]"}
COMMAND: GET /session/c336b23a39170495adacb30ef5b99798/screenshot - {}
RESULT: {"using":"xpath","value":"//span[contains(text(), \"English\")]"}
COMMAND: POST /session/c336b23a39170495adacb30ef5b99798/element/f.3C12D8243027A57254BE39B169A080B9.d.80B05F1022852F87D6B8448E9F1BA3FE.e.1516/click - {}
RESULT: {}
RESULT: {}
COMMAND: GET /session/c336b23a39170495adacb30ef5b99798/screenshot - {}
RESULT: {}
COMMAND: POST /session/c336b23a39170495adacb30ef5b99798/execute/async - {"script":"<script> [1562 bytes]","args":[{"selector":{"id":"application-managepartners-display-component---NewPartner--addressDetailDetailsCity1","interaction":{"idSuffix":"inner"}},"wdio_ui5_key":"applicationmanagepartners-display-component---NewPartner--addressDetailDetailsCity1"}]}
RESULT: {"script":"<script> [1562 bytes]","args":[{"selector":{"id":"application-managepartners-display-component---NewPartner--addressDetailDetailsCity1","interaction":{"idSuffix":"inner"}},"wdio_ui5_key":"applicationmanagepartners-display-component---NewPartner--addressDetailDetailsCity1"}]}
RESULT: undefined
COMMAND: POST /session/c336b23a39170495adacb30ef5b99798/execute/async - {"script":"<script> [776 bytes]","args":[{"enterText":"Rosario","selector":{"id":"application-managepartners-display-component---NewPartner--addressDetailDetailsCity1","interaction":{"idSuffix":"inner"}},"clearTextFirst":true,"interactionType":"ENTER_TEXT"}]}
RESULT: {"script":"<script> [776 bytes]","args":[{"enterText":"Rosario","selector":{"id":"application-managepartners-display-component---NewPartner--addressDetailDetailsCity1","interaction":{"idSuffix":"inner"}},"clearTextFirst":true,"interactionType":"ENTER_TEXT"}]}
COMMAND: POST /session/c336b23a39170495adacb30ef5b99798/execute/async - {"script":"<script> [1562 bytes]","args":[{"selector":{"id":"application-managepartners-display-component---NewPartner--addressDetailDetailsCountry-arrow"},"wdio_ui5_key":"applicationmanagepartners-display-component---NewPartner--addressDetailDetailsCountry-arrow"}]}
RESULT: {"script":"<script> [1562 bytes]","args":[{"selector":{"id":"application-managepartners-display-component---NewPartner--addressDetailDetailsCountry-arrow"},"wdio_ui5_key":"applicationmanagepartners-display-component---NewPartner--addressDetailDetailsCountry-arrow"}]}
RESULT: undefined
COMMAND: POST /session/c336b23a39170495adacb30ef5b99798/element - {"using":"xpath","value":"//*[@id=\"application-managepartners-display-component---NewPartner--addressDetailDetailsCountry-arrow\"]"}
RESULT: {"using":"xpath","value":"//*[@id=\"application-managepartners-display-component---NewPartner--addressDetailDetailsCountry-arrow\"]"}
COMMAND: POST /session/c336b23a39170495adacb30ef5b99798/element/f.3C12D8243027A57254BE39B169A080B9.d.80B05F1022852F87D6B8448E9F1BA3FE.e.1502/click - {}
RESULT: {}
COMMAND: POST /session/c336b23a39170495adacb30ef5b99798/element - {"using":"xpath","value":"//span[contains(text(), \"Argentina\")]"}
COMMAND: GET /session/c336b23a39170495adacb30ef5b99798/screenshot - {}
RESULT: {"using":"xpath","value":"//span[contains(text(), \"Argentina\")]"}
COMMAND: POST /session/c336b23a39170495adacb30ef5b99798/element/f.3C12D8243027A57254BE39B169A080B9.d.80B05F1022852F87D6B8448E9F1BA3FE.e.1518/click - {}
RESULT: {}
RESULT: {}
COMMAND: GET /session/c336b23a39170495adacb30ef5b99798/screenshot - {}
RESULT: {}
COMMAND: POST /session/c336b23a39170495adacb30ef5b99798/element - {"using":"xpath","value":"//bdi[contains(text(), \"Commercial\")]"}
RESULT: {"using":"xpath","value":"//bdi[contains(text(), \"Commercial\")]"}
COMMAND: POST /session/c336b23a39170495adacb30ef5b99798/element/f.3C12D8243027A57254BE39B169A080B9.d.80B05F1022852F87D6B8448E9F1BA3FE.e.1519/click - {}
RESULT: {}
COMMAND: GET /session/c336b23a39170495adacb30ef5b99798/screenshot - {}
RESULT: {}
COMMAND: POST /session/c336b23a39170495adacb30ef5b99798/execute/async - {"script":"<script> [1562 bytes]","args":[{"selector":{"id":"application-managepartners-display-component---NewPartner--partnerDetailInternal-arrow"},"wdio_ui5_key":"applicationmanagepartners-display-component---NewPartner--partnerDetailInternal-arrow"}]}
RESULT: {"script":"<script> [1562 bytes]","args":[{"selector":{"id":"application-managepartners-display-component---NewPartner--partnerDetailInternal-arrow"},"wdio_ui5_key":"applicationmanagepartners-display-component---NewPartner--partnerDetailInternal-arrow"}]}
RESULT: undefined
COMMAND: POST /session/c336b23a39170495adacb30ef5b99798/element - {"using":"xpath","value":"//*[@id=\"application-managepartners-display-component---NewPartner--partnerDetailInternal-arrow\"]"}
RESULT: {"using":"xpath","value":"//*[@id=\"application-managepartners-display-component---NewPartner--partnerDetailInternal-arrow\"]"}
COMMAND: POST /session/c336b23a39170495adacb30ef5b99798/element/f.3C12D8243027A57254BE39B169A080B9.d.80B05F1022852F87D6B8448E9F1BA3FE.e.1525/click - {}
RESULT: {}
COMMAND: POST /session/c336b23a39170495adacb30ef5b99798/element - {"using":"xpath","value":"//span[contains(text(), \"External partner\")]"}
COMMAND: GET /session/c336b23a39170495adacb30ef5b99798/screenshot - {}
RESULT: {"using":"xpath","value":"//span[contains(text(), \"External partner\")]"}
COMMAND: POST /session/c336b23a39170495adacb30ef5b99798/element/f.3C12D8243027A57254BE39B169A080B9.d.80B05F1022852F87D6B8448E9F1BA3FE.e.1527/click - {}
RESULT: {}
RESULT: {}
COMMAND: POST /session/c336b23a39170495adacb30ef5b99798/execute/async - {"script":"<script> [1562 bytes]","args":[{"selector":{"id":"application-managepartners-display-component---NewPartner--partnerDetailsCurrency-arrow"},"wdio_ui5_key":"applicationmanagepartners-display-component---NewPartner--partnerDetailsCurrency-arrow"}]}
COMMAND: GET /session/c336b23a39170495adacb30ef5b99798/screenshot - {}
RESULT: {"script":"<script> [1562 bytes]","args":[{"selector":{"id":"application-managepartners-display-component---NewPartner--partnerDetailsCurrency-arrow"},"wdio_ui5_key":"applicationmanagepartners-display-component---NewPartner--partnerDetailsCurrency-arrow"}]}
RESULT: undefined
COMMAND: POST /session/c336b23a39170495adacb30ef5b99798/element - {"using":"xpath","value":"//*[@id=\"application-managepartners-display-component---NewPartner--partnerDetailsCurrency-arrow\"]"}
RESULT: {}
RESULT: {"using":"xpath","value":"//*[@id=\"application-managepartners-display-component---NewPartner--partnerDetailsCurrency-arrow\"]"}
COMMAND: POST /session/c336b23a39170495adacb30ef5b99798/element/f.3C12D8243027A57254BE39B169A080B9.d.80B05F1022852F87D6B8448E9F1BA3FE.e.1532/click - {}
RESULT: {}
COMMAND: POST /session/c336b23a39170495adacb30ef5b99798/element - {"using":"xpath","value":"//span[contains(text(), \"US Dollar\")]"}
COMMAND: GET /session/c336b23a39170495adacb30ef5b99798/screenshot - {}
RESULT: {"using":"xpath","value":"//span[contains(text(), \"US Dollar\")]"}
COMMAND: POST /session/c336b23a39170495adacb30ef5b99798/element/f.3C12D8243027A57254BE39B169A080B9.d.80B05F1022852F87D6B8448E9F1BA3FE.e.1533/click - {}
RESULT: {}
RESULT: {}
COMMAND: GET /session/c336b23a39170495adacb30ef5b99798/screenshot - {}
RESULT: {}
COMMAND: POST /session/c336b23a39170495adacb30ef5b99798/element - {"using":"xpath","value":"//input[@id=\"application-managepartners-display-component---NewPartner--companyCodeComboBox-inner\"]"}
RESULT: {"using":"xpath","value":"//input[@id=\"application-managepartners-display-component---NewPartner--companyCodeComboBox-inner\"]"}
COMMAND: POST /session/c336b23a39170495adacb30ef5b99798/element/f.3C12D8243027A57254BE39B169A080B9.d.80B05F1022852F87D6B8448E9F1BA3FE.e.1374/clear - {}
RESULT: {}
COMMAND: POST /session/c336b23a39170495adacb30ef5b99798/element/f.3C12D8243027A57254BE39B169A080B9.d.80B05F1022852F87D6B8448E9F1BA3FE.e.1374/value - {"text":"C002"}
COMMAND: GET /session/c336b23a39170495adacb30ef5b99798/screenshot - {}
RESULT: {"text":"C002"}
COMMAND: GET /session/c336b23a39170495adacb30ef5b99798/screenshot - {}
RESULT: {}
RESULT: {}
COMMAND: POST /session/c336b23a39170495adacb30ef5b99798/element - {"using":"xpath","value":"//span[contains(text(), \"C002\")]"}
RESULT: {"using":"xpath","value":"//span[contains(text(), \"C002\")]"}
COMMAND: POST /session/c336b23a39170495adacb30ef5b99798/element/f.3C12D8243027A57254BE39B169A080B9.d.80B05F1022852F87D6B8448E9F1BA3FE.e.1537/click - {}
RESULT: {}
COMMAND: GET /session/c336b23a39170495adacb30ef5b99798/screenshot - {}
RESULT: {}
COMMAND: POST /session/c336b23a39170495adacb30ef5b99798/execute/async - {"script":"<script> [1562 bytes]","args":[{"selector":{"id":"application-managepartners-display-component---NewPartner--btnAddTableRow-img"},"wdio_ui5_key":"applicationmanagepartners-display-component---NewPartner--btnAddTableRow-img"}]}
RESULT: {"script":"<script> [1562 bytes]","args":[{"selector":{"id":"application-managepartners-display-component---NewPartner--btnAddTableRow-img"},"wdio_ui5_key":"applicationmanagepartners-display-component---NewPartner--btnAddTableRow-img"}]}
RESULT: undefined
COMMAND: POST /session/c336b23a39170495adacb30ef5b99798/element - {"using":"xpath","value":"//*[@id=\"application-managepartners-display-component---NewPartner--btnAddTableRow-img\"]"}
RESULT: {"using":"xpath","value":"//*[@id=\"application-managepartners-display-component---NewPartner--btnAddTableRow-img\"]"}
COMMAND: POST /session/c336b23a39170495adacb30ef5b99798/element/f.3C12D8243027A57254BE39B169A080B9.d.80B05F1022852F87D6B8448E9F1BA3FE.e.1538/click - {}
RESULT: {}
COMMAND: GET /session/c336b23a39170495adacb30ef5b99798/screenshot - {}
RESULT: {}
COMMAND: POST /session/c336b23a39170495adacb30ef5b99798/element - {"using":"xpath","value":"//input[@id=\"application-managepartners-display-component---NewPartner--assignmentYard-application-managepartners-display-component---NewPartner--assignmentsTable-0-inner\"]"}
RESULT: {"using":"xpath","value":"//input[@id=\"application-managepartners-display-component---NewPartner--assignmentYard-application-managepartners-display-component---NewPartner--assignmentsTable-0-inner\"]"}
COMMAND: POST /session/c336b23a39170495adacb30ef5b99798/element/f.3C12D8243027A57254BE39B169A080B9.d.80B05F1022852F87D6B8448E9F1BA3FE.e.1541/clear - {}
RESULT: {}
COMMAND: POST /session/c336b23a39170495adacb30ef5b99798/element/f.3C12D8243027A57254BE39B169A080B9.d.80B05F1022852F87D6B8448E9F1BA3FE.e.1541/value - {"text":"599"}
COMMAND: GET /session/c336b23a39170495adacb30ef5b99798/screenshot - {}
RESULT: {"text":"599"}
COMMAND: GET /session/c336b23a39170495adacb30ef5b99798/screenshot - {}
RESULT: {}
RESULT: {}
COMMAND: POST /session/c336b23a39170495adacb30ef5b99798/element - {"using":"xpath","value":"//li[.//span[text()='599']]"}
RESULT: {"using":"xpath","value":"//li[.//span[text()='599']]"}
COMMAND: POST /session/c336b23a39170495adacb30ef5b99798/element/f.3C12D8243027A57254BE39B169A080B9.d.80B05F1022852F87D6B8448E9F1BA3FE.e.1549/click - {}
RESULT: {}
COMMAND: GET /session/c336b23a39170495adacb30ef5b99798/screenshot - {}
RESULT: {}
COMMAND: POST /session/c336b23a39170495adacb30ef5b99798/actions - {"actions":[{"id":"action2","type":"key","parameters":{},"actions":[{"type":"keyDown","value":"î€‡"},{"type":"pause","duration":10},{"type":"keyUp","value":"î€‡"}]}]}
RESULT: {"actions":[{"id":"action2","type":"key","parameters":{},"actions":[{"type":"keyDown","value":"î€‡"},{"type":"pause","duration":10},{"type":"keyUp","value":"î€‡"}]}]}
COMMAND: POST /session/c336b23a39170495adacb30ef5b99798/element - {"using":"xpath","value":"//td[contains(@id, \"assignmentsTable-0-cell2\")]/div/div"}
COMMAND: GET /session/c336b23a39170495adacb30ef5b99798/screenshot - {}
RESULT: {"using":"xpath","value":"//td[contains(@id, \"assignmentsTable-0-cell2\")]/div/div"}
COMMAND: POST /session/c336b23a39170495adacb30ef5b99798/element/f.3C12D8243027A57254BE39B169A080B9.d.80B05F1022852F87D6B8448E9F1BA3FE.e.1552/click - {}
RESULT: {}
RESULT: {}
COMMAND: GET /session/c336b23a39170495adacb30ef5b99798/screenshot - {}
RESULT: {}
COMMAND: POST /session/c336b23a39170495adacb30ef5b99798/element - {"using":"xpath","value":"//button[@data-kt=\"saveButton\"]"}
RESULT: {"using":"xpath","value":"//button[@data-kt=\"saveButton\"]"}
COMMAND: POST /session/c336b23a39170495adacb30ef5b99798/element/f.3C12D8243027A57254BE39B169A080B9.d.80B05F1022852F87D6B8448E9F1BA3FE.e.1441/click - {}
RESULT: {}
COMMAND: GET /session/c336b23a39170495adacb30ef5b99798/screenshot - {}
RESULT: {}
COMMAND: POST /session/c336b23a39170495adacb30ef5b99798/element - {"using":"xpath","value":"//header[contains(@id, 'ObjectPageLayout-headerTitle')]/div[1]/div[2]/div[2]/span[1]"}
RESULT: {"using":"xpath","value":"//header[contains(@id, 'ObjectPageLayout-headerTitle')]/div[1]/div[2]/div[2]/span[1]"}
COMMAND: POST /session/c336b23a39170495adacb30ef5b99798/elements - {"using":"xpath","value":"//header[contains(@id, 'ObjectPageLayout-headerTitle')]/div[1]/div[2]/div[2]/span[1]"}
RESULT: {"using":"xpath","value":"//header[contains(@id, 'ObjectPageLayout-headerTitle')]/div[1]/div[2]/div[2]/span[1]"}
COMMAND: POST /session/c336b23a39170495adacb30ef5b99798/execute/sync - {"script":"<script> [56 bytes]","args":[{"element-6066-11e4-a52e-4f735466cecf":"f.3C12D8243027A57254BE39B169A080B9.d.80B05F1022852F87D6B8448E9F1BA3FE.e.1714","ELEMENT":"f.3C12D8243027A57254BE39B169A080B9.d.80B05F1022852F87D6B8448E9F1BA3FE.e.1714"}]}
RESULT: {"script":"<script> [56 bytes]","args":[{"element-6066-11e4-a52e-4f735466cecf":"f.3C12D8243027A57254BE39B169A080B9.d.80B05F1022852F87D6B8448E9F1BA3FE.e.1714","ELEMENT":"f.3C12D8243027A57254BE39B169A080B9.d.80B05F1022852F87D6B8448E9F1BA3FE.e.1714"}]}
COMMAND: POST /session/c336b23a39170495adacb30ef5b99798/element - {"using":"css selector","value":"#shell-header-logo"}
COMMAND: GET /session/c336b23a39170495adacb30ef5b99798/screenshot - {}
RESULT: {"using":"css selector","value":"#shell-header-logo"}
COMMAND: POST /session/c336b23a39170495adacb30ef5b99798/element/f.3C12D8243027A57254BE39B169A080B9.d.80B05F1022852F87D6B8448E9F1BA3FE.e.1025/click - {}
RESULT: {}
RESULT: {}
COMMAND: GET /session/c336b23a39170495adacb30ef5b99798/screenshot - {}
RESULT: {}
COMMAND: POST /session/c336b23a39170495adacb30ef5b99798/execute/sync - {"script":"<script> [299 bytes]","args":[["getModel","getResource"]]}
RESULT: {"script":"<script> [299 bytes]","args":[["getModel","getResource"]]}
]]></system-out>
    </testcase>
    <testcase classname="chrome.135_0_7049_96.windows.Partner_specific_tests_US150819_US151080_US151654_US151176_US103444_US151078_US151079_US151109_US151174_US151175_US151189" name="Should filter and search partners US151080" time="92.22">
      <system-out><![CDATA[
COMMAND: POST /session/c336b23a39170495adacb30ef5b99798/element - {"using":"xpath","value":"//li[.//span[text()=\"Manage Partners\"]]"}
COMMAND: GET /session/c336b23a39170495adacb30ef5b99798/screenshot - {}
RESULT: {"using":"xpath","value":"//li[.//span[text()=\"Manage Partners\"]]"}
COMMAND: POST /session/c336b23a39170495adacb30ef5b99798/element - {"using":"xpath","value":"//li[.//span[text()=\"Manage Partners\"]]"}
RESULT: {}
RESULT: {"using":"xpath","value":"//li[.//span[text()=\"Manage Partners\"]]"}
COMMAND: POST /session/c336b23a39170495adacb30ef5b99798/element - {"using":"css selector","value":"#shell-header-logo"}
RESULT: {"using":"css selector","value":"#shell-header-logo"}
COMMAND: POST /session/c336b23a39170495adacb30ef5b99798/element/f.3C12D8243027A57254BE39B169A080B9.d.80B05F1022852F87D6B8448E9F1BA3FE.e.1716/click - {}
COMMAND: POST /session/c336b23a39170495adacb30ef5b99798/execute/sync - {"script":"<script> [8489 bytes]","args":[{"element-6066-11e4-a52e-4f735466cecf":"f.3C12D8243027A57254BE39B169A080B9.d.80B05F1022852F87D6B8448E9F1BA3FE.e.1716","ELEMENT":"f.3C12D8243027A57254BE39B169A080B9.d.80B05F1022852F87D6B8448E9F1BA3FE.e.1716"}]}
RESULT: {}
COMMAND: GET /session/c336b23a39170495adacb30ef5b99798/screenshot - {}
RESULT: {"script":"<script> [8489 bytes]","args":[{"element-6066-11e4-a52e-4f735466cecf":"f.3C12D8243027A57254BE39B169A080B9.d.80B05F1022852F87D6B8448E9F1BA3FE.e.1716","ELEMENT":"f.3C12D8243027A57254BE39B169A080B9.d.80B05F1022852F87D6B8448E9F1BA3FE.e.1716"}]}
COMMAND: POST /session/c336b23a39170495adacb30ef5b99798/execute/sync - {"script":"<script> [5351 bytes]","args":[{"element-6066-11e4-a52e-4f735466cecf":"f.3C12D8243027A57254BE39B169A080B9.d.80B05F1022852F87D6B8448E9F1BA3FE.e.1716","ELEMENT":"f.3C12D8243027A57254BE39B169A080B9.d.80B05F1022852F87D6B8448E9F1BA3FE.e.1716"}]}
COMMAND: GET /session/c336b23a39170495adacb30ef5b99798/screenshot - {}
RESULT: {}
RESULT: {"script":"<script> [5351 bytes]","args":[{"element-6066-11e4-a52e-4f735466cecf":"f.3C12D8243027A57254BE39B169A080B9.d.80B05F1022852F87D6B8448E9F1BA3FE.e.1716","ELEMENT":"f.3C12D8243027A57254BE39B169A080B9.d.80B05F1022852F87D6B8448E9F1BA3FE.e.1716"}]}
COMMAND: GET /session/c336b23a39170495adacb30ef5b99798/screenshot - {}
RESULT: {}
RESULT: {}
RESULT: undefined
COMMAND: POST /session/c336b23a39170495adacb30ef5b99798/element - {"using":"xpath","value":"//*[@id=\"__tile38\"]"}
RESULT: {"using":"xpath","value":"//*[@id=\"__tile38\"]"}
COMMAND: POST /session/c336b23a39170495adacb30ef5b99798/element/f.3C12D8243027A57254BE39B169A080B9.d.80B05F1022852F87D6B8448E9F1BA3FE.e.154/click - {}
RESULT: {}
COMMAND: POST /session/c336b23a39170495adacb30ef5b99798/element - {"using":"xpath","value":"//button[@data-kt=\"addButton\"]"}
COMMAND: GET /session/c336b23a39170495adacb30ef5b99798/screenshot - {}
RESULT: {"using":"xpath","value":"//button[@data-kt=\"addButton\"]"}
COMMAND: POST /session/c336b23a39170495adacb30ef5b99798/elements - {"using":"xpath","value":"//button[@data-kt=\"addButton\"]"}
RESULT: {}
RESULT: {"using":"xpath","value":"//button[@data-kt=\"addButton\"]"}
COMMAND: POST /session/c336b23a39170495adacb30ef5b99798/elements - {"using":"xpath","value":"//button[@data-kt=\"addButton\"]"}
RESULT: {"using":"xpath","value":"//button[@data-kt=\"addButton\"]"}
COMMAND: POST /session/c336b23a39170495adacb30ef5b99798/elements - {"using":"xpath","value":"//button[@data-kt=\"addButton\"]"}
RESULT: {"using":"xpath","value":"//button[@data-kt=\"addButton\"]"}
COMMAND: POST /session/c336b23a39170495adacb30ef5b99798/elements - {"using":"xpath","value":"//button[@data-kt=\"addButton\"]"}
RESULT: {"using":"xpath","value":"//button[@data-kt=\"addButton\"]"}
COMMAND: POST /session/c336b23a39170495adacb30ef5b99798/elements - {"using":"xpath","value":"//button[@data-kt=\"addButton\"]"}
RESULT: {"using":"xpath","value":"//button[@data-kt=\"addButton\"]"}
COMMAND: POST /session/c336b23a39170495adacb30ef5b99798/elements - {"using":"xpath","value":"//button[@data-kt=\"addButton\"]"}
RESULT: {"using":"xpath","value":"//button[@data-kt=\"addButton\"]"}
COMMAND: POST /session/c336b23a39170495adacb30ef5b99798/elements - {"using":"xpath","value":"//button[@data-kt=\"addButton\"]"}
RESULT: {"using":"xpath","value":"//button[@data-kt=\"addButton\"]"}
COMMAND: POST /session/c336b23a39170495adacb30ef5b99798/elements - {"using":"xpath","value":"//button[@data-kt=\"addButton\"]"}
RESULT: {"using":"xpath","value":"//button[@data-kt=\"addButton\"]"}
COMMAND: POST /session/c336b23a39170495adacb30ef5b99798/elements - {"using":"xpath","value":"//button[@data-kt=\"addButton\"]"}
RESULT: {"using":"xpath","value":"//button[@data-kt=\"addButton\"]"}
COMMAND: POST /session/c336b23a39170495adacb30ef5b99798/elements - {"using":"xpath","value":"//button[@data-kt=\"addButton\"]"}
RESULT: {"using":"xpath","value":"//button[@data-kt=\"addButton\"]"}
COMMAND: POST /session/c336b23a39170495adacb30ef5b99798/elements - {"using":"xpath","value":"//button[@data-kt=\"addButton\"]"}
RESULT: {"using":"xpath","value":"//button[@data-kt=\"addButton\"]"}
COMMAND: POST /session/c336b23a39170495adacb30ef5b99798/elements - {"using":"xpath","value":"//button[@data-kt=\"addButton\"]"}
RESULT: {"using":"xpath","value":"//button[@data-kt=\"addButton\"]"}
COMMAND: POST /session/c336b23a39170495adacb30ef5b99798/elements - {"using":"xpath","value":"//button[@data-kt=\"addButton\"]"}
RESULT: {"using":"xpath","value":"//button[@data-kt=\"addButton\"]"}
COMMAND: POST /session/c336b23a39170495adacb30ef5b99798/elements - {"using":"xpath","value":"//button[@data-kt=\"addButton\"]"}
RESULT: {"using":"xpath","value":"//button[@data-kt=\"addButton\"]"}
COMMAND: POST /session/c336b23a39170495adacb30ef5b99798/elements - {"using":"xpath","value":"//button[@data-kt=\"addButton\"]"}
RESULT: {"using":"xpath","value":"//button[@data-kt=\"addButton\"]"}
COMMAND: POST /session/c336b23a39170495adacb30ef5b99798/elements - {"using":"xpath","value":"//button[@data-kt=\"addButton\"]"}
RESULT: {"using":"xpath","value":"//button[@data-kt=\"addButton\"]"}
COMMAND: POST /session/c336b23a39170495adacb30ef5b99798/element - {"using":"xpath","value":"//button[@data-kt=\"addButton\"]"}
RESULT: {"using":"xpath","value":"//button[@data-kt=\"addButton\"]"}
COMMAND: POST /session/c336b23a39170495adacb30ef5b99798/execute/sync - {"script":"<script> [8489 bytes]","args":[{"element-6066-11e4-a52e-4f735466cecf":"f.3C12D8243027A57254BE39B169A080B9.d.80B05F1022852F87D6B8448E9F1BA3FE.e.1761","ELEMENT":"f.3C12D8243027A57254BE39B169A080B9.d.80B05F1022852F87D6B8448E9F1BA3FE.e.1761"}]}
RESULT: {"script":"<script> [8489 bytes]","args":[{"element-6066-11e4-a52e-4f735466cecf":"f.3C12D8243027A57254BE39B169A080B9.d.80B05F1022852F87D6B8448E9F1BA3FE.e.1761","ELEMENT":"f.3C12D8243027A57254BE39B169A080B9.d.80B05F1022852F87D6B8448E9F1BA3FE.e.1761"}]}
COMMAND: GET /session/c336b23a39170495adacb30ef5b99798/element/f.3C12D8243027A57254BE39B169A080B9.d.80B05F1022852F87D6B8448E9F1BA3FE.e.1761/enabled - {}
COMMAND: GET /session/c336b23a39170495adacb30ef5b99798/screenshot - {}
RESULT: {}
COMMAND: POST /session/c336b23a39170495adacb30ef5b99798/execute/sync - {"script":"<script> [8489 bytes]","args":[{"element-6066-11e4-a52e-4f735466cecf":"f.3C12D8243027A57254BE39B169A080B9.d.80B05F1022852F87D6B8448E9F1BA3FE.e.1761","ELEMENT":"f.3C12D8243027A57254BE39B169A080B9.d.80B05F1022852F87D6B8448E9F1BA3FE.e.1761"}]}
COMMAND: GET /session/c336b23a39170495adacb30ef5b99798/screenshot - {}
RESULT: {}
RESULT: {"script":"<script> [8489 bytes]","args":[{"element-6066-11e4-a52e-4f735466cecf":"f.3C12D8243027A57254BE39B169A080B9.d.80B05F1022852F87D6B8448E9F1BA3FE.e.1761","ELEMENT":"f.3C12D8243027A57254BE39B169A080B9.d.80B05F1022852F87D6B8448E9F1BA3FE.e.1761"}]}
COMMAND: POST /session/c336b23a39170495adacb30ef5b99798/execute/sync - {"script":"<script> [5351 bytes]","args":[{"element-6066-11e4-a52e-4f735466cecf":"f.3C12D8243027A57254BE39B169A080B9.d.80B05F1022852F87D6B8448E9F1BA3FE.e.1761","ELEMENT":"f.3C12D8243027A57254BE39B169A080B9.d.80B05F1022852F87D6B8448E9F1BA3FE.e.1761"}]}
COMMAND: GET /session/c336b23a39170495adacb30ef5b99798/screenshot - {}
RESULT: {}
RESULT: {"script":"<script> [5351 bytes]","args":[{"element-6066-11e4-a52e-4f735466cecf":"f.3C12D8243027A57254BE39B169A080B9.d.80B05F1022852F87D6B8448E9F1BA3FE.e.1761","ELEMENT":"f.3C12D8243027A57254BE39B169A080B9.d.80B05F1022852F87D6B8448E9F1BA3FE.e.1761"}]}
COMMAND: GET /session/c336b23a39170495adacb30ef5b99798/screenshot - {}
RESULT: {}
RESULT: {}
COMMAND: POST /session/c336b23a39170495adacb30ef5b99798/execute/async - {"script":"<script> [1562 bytes]","args":[{"selector":{"id":"application-managepartners-display-component---masterPtm--smartTable-btnPersonalisation-img"},"wdio_ui5_key":"applicationmanagepartners-display-component---masterPtm--smartTable-btnPersonalisation-img"}]}
RESULT: {"script":"<script> [1562 bytes]","args":[{"selector":{"id":"application-managepartners-display-component---masterPtm--smartTable-btnPersonalisation-img"},"wdio_ui5_key":"applicationmanagepartners-display-component---masterPtm--smartTable-btnPersonalisation-img"}]}
RESULT: undefined
COMMAND: POST /session/c336b23a39170495adacb30ef5b99798/element - {"using":"xpath","value":"//*[@id=\"application-managepartners-display-component---masterPtm--smartTable-btnPersonalisation-img\"]"}
RESULT: {"using":"xpath","value":"//*[@id=\"application-managepartners-display-component---masterPtm--smartTable-btnPersonalisation-img\"]"}
COMMAND: POST /session/c336b23a39170495adacb30ef5b99798/element/f.3C12D8243027A57254BE39B169A080B9.d.80B05F1022852F87D6B8448E9F1BA3FE.e.1766/click - {}
RESULT: {}
COMMAND: GET /session/c336b23a39170495adacb30ef5b99798/screenshot - {}
RESULT: {}
COMMAND: POST /session/c336b23a39170495adacb30ef5b99798/execute/async - {"script":"<script> [1562 bytes]","args":[{"selector":{"controlType":"sap.m.IconTabFilter","viewName":"etm.portal.ui.managepartners.view.Master","viewId":"application-managepartners-display-component---masterPtm","properties":{"text":"Sort"},"searchOpenDialogs":true,"interaction":{"idSuffix":"text"}},"wdio_ui5_key":"etmportal.ui.managepartners.view.Mastersap.m.IconTabFilter{\"text\":\"Sort\"}"}]}
RESULT: {"script":"<script> [1562 bytes]","args":[{"selector":{"controlType":"sap.m.IconTabFilter","viewName":"etm.portal.ui.managepartners.view.Master","viewId":"application-managepartners-display-component---masterPtm","properties":{"text":"Sort"},"searchOpenDialogs":true,"interaction":{"idSuffix":"text"}},"wdio_ui5_key":"etmportal.ui.managepartners.view.Mastersap.m.IconTabFilter{\"text\":\"Sort\"}"}]}
RESULT: undefined
COMMAND: POST /session/c336b23a39170495adacb30ef5b99798/element - {"using":"xpath","value":"//*[@id=\"__filter1\"]"}
RESULT: {"using":"xpath","value":"//*[@id=\"__filter1\"]"}
COMMAND: POST /session/c336b23a39170495adacb30ef5b99798/element/f.3C12D8243027A57254BE39B169A080B9.d.80B05F1022852F87D6B8448E9F1BA3FE.e.1909/click - {}
RESULT: {}
COMMAND: GET /session/c336b23a39170495adacb30ef5b99798/screenshot - {}
RESULT: {}
COMMAND: POST /session/c336b23a39170495adacb30ef5b99798/element - {"using":"xpath","value":"//input[@placeholder=\"Sort by\"]/following-sibling::div//span"}
RESULT: {"using":"xpath","value":"//input[@placeholder=\"Sort by\"]/following-sibling::div//span"}
COMMAND: POST /session/c336b23a39170495adacb30ef5b99798/element/f.3C12D8243027A57254BE39B169A080B9.d.80B05F1022852F87D6B8448E9F1BA3FE.e.1911/click - {}
RESULT: {}
COMMAND: GET /session/c336b23a39170495adacb30ef5b99798/screenshot - {}
RESULT: {}
COMMAND: POST /session/c336b23a39170495adacb30ef5b99798/element - {"using":"xpath","value":"//li[.//span[text()=\"Language\"]]"}
RESULT: {"using":"xpath","value":"//li[.//span[text()=\"Language\"]]"}
COMMAND: POST /session/c336b23a39170495adacb30ef5b99798/element/f.3C12D8243027A57254BE39B169A080B9.d.80B05F1022852F87D6B8448E9F1BA3FE.e.1912/click - {}
RESULT: {}
COMMAND: GET /session/c336b23a39170495adacb30ef5b99798/screenshot - {}
RESULT: {}
COMMAND: POST /session/c336b23a39170495adacb30ef5b99798/element - {"using":"xpath","value":"//bdi[contains(text(), \"OK\")]"}
RESULT: {"using":"xpath","value":"//bdi[contains(text(), \"OK\")]"}
COMMAND: POST /session/c336b23a39170495adacb30ef5b99798/element/f.3C12D8243027A57254BE39B169A080B9.d.80B05F1022852F87D6B8448E9F1BA3FE.e.1916/click - {}
RESULT: {}
COMMAND: GET /session/c336b23a39170495adacb30ef5b99798/screenshot - {}
RESULT: {}
COMMAND: POST /session/c336b23a39170495adacb30ef5b99798/element - {"using":"xpath","value":"//table[contains(@id, \"customPartnersTable\")]//tbody/tr[1]/td[3]/span"}
RESULT: {"using":"xpath","value":"//table[contains(@id, \"customPartnersTable\")]//tbody/tr[1]/td[3]/span"}
COMMAND: POST /session/c336b23a39170495adacb30ef5b99798/execute/sync - {"script":"<script> [56 bytes]","args":[{"element-6066-11e4-a52e-4f735466cecf":"f.3C12D8243027A57254BE39B169A080B9.d.80B05F1022852F87D6B8448E9F1BA3FE.e.2041","ELEMENT":"f.3C12D8243027A57254BE39B169A080B9.d.80B05F1022852F87D6B8448E9F1BA3FE.e.2041"}]}
RESULT: {"script":"<script> [56 bytes]","args":[{"element-6066-11e4-a52e-4f735466cecf":"f.3C12D8243027A57254BE39B169A080B9.d.80B05F1022852F87D6B8448E9F1BA3FE.e.2041","ELEMENT":"f.3C12D8243027A57254BE39B169A080B9.d.80B05F1022852F87D6B8448E9F1BA3FE.e.2041"}]}
RESULT: undefined
COMMAND: POST /session/c336b23a39170495adacb30ef5b99798/element - {"using":"xpath","value":"//*[@id=\"application-managepartners-display-component---masterPtm--smartTable-btnPersonalisation-img\"]"}
COMMAND: GET /session/c336b23a39170495adacb30ef5b99798/screenshot - {}
RESULT: {"using":"xpath","value":"//*[@id=\"application-managepartners-display-component---masterPtm--smartTable-btnPersonalisation-img\"]"}
COMMAND: POST /session/c336b23a39170495adacb30ef5b99798/element/f.3C12D8243027A57254BE39B169A080B9.d.80B05F1022852F87D6B8448E9F1BA3FE.e.1766/click - {}
RESULT: {}
RESULT: {}
COMMAND: GET /session/c336b23a39170495adacb30ef5b99798/screenshot - {}
RESULT: {}
COMMAND: POST /session/c336b23a39170495adacb30ef5b99798/element - {"using":"xpath","value":"//bdi[contains(text(), \"Reset\")]"}
RESULT: {"using":"xpath","value":"//bdi[contains(text(), \"Reset\")]"}
COMMAND: POST /session/c336b23a39170495adacb30ef5b99798/element/f.3C12D8243027A57254BE39B169A080B9.d.80B05F1022852F87D6B8448E9F1BA3FE.e.2046/click - {}
RESULT: {}
COMMAND: GET /session/c336b23a39170495adacb30ef5b99798/screenshot - {}
RESULT: {}
COMMAND: POST /session/c336b23a39170495adacb30ef5b99798/element - {"using":"xpath","value":"(//bdi[contains(text(), \"OK\")])[2]"}
RESULT: {"using":"xpath","value":"(//bdi[contains(text(), \"OK\")])[2]"}
COMMAND: POST /session/c336b23a39170495adacb30ef5b99798/element/f.3C12D8243027A57254BE39B169A080B9.d.80B05F1022852F87D6B8448E9F1BA3FE.e.2048/click - {}
RESULT: {}
COMMAND: GET /session/c336b23a39170495adacb30ef5b99798/screenshot - {}
RESULT: {}
COMMAND: POST /session/c336b23a39170495adacb30ef5b99798/element - {"using":"xpath","value":"//bdi[contains(text(), \"OK\")]"}
RESULT: {"using":"xpath","value":"//bdi[contains(text(), \"OK\")]"}
COMMAND: POST /session/c336b23a39170495adacb30ef5b99798/element/f.3C12D8243027A57254BE39B169A080B9.d.80B05F1022852F87D6B8448E9F1BA3FE.e.2101/click - {}
RESULT: {}
COMMAND: GET /session/c336b23a39170495adacb30ef5b99798/screenshot - {}
RESULT: {}
COMMAND: POST /session/c336b23a39170495adacb30ef5b99798/element - {"using":"xpath","value":"//table[contains(@id, \"customPartnersTable\")]//tbody/tr[1]/td[3]/span"}
RESULT: {"using":"xpath","value":"//table[contains(@id, \"customPartnersTable\")]//tbody/tr[1]/td[3]/span"}
COMMAND: POST /session/c336b23a39170495adacb30ef5b99798/execute/sync - {"script":"<script> [56 bytes]","args":[{"element-6066-11e4-a52e-4f735466cecf":"f.3C12D8243027A57254BE39B169A080B9.d.80B05F1022852F87D6B8448E9F1BA3FE.e.2103","ELEMENT":"f.3C12D8243027A57254BE39B169A080B9.d.80B05F1022852F87D6B8448E9F1BA3FE.e.2103"}]}
RESULT: {"script":"<script> [56 bytes]","args":[{"element-6066-11e4-a52e-4f735466cecf":"f.3C12D8243027A57254BE39B169A080B9.d.80B05F1022852F87D6B8448E9F1BA3FE.e.2103","ELEMENT":"f.3C12D8243027A57254BE39B169A080B9.d.80B05F1022852F87D6B8448E9F1BA3FE.e.2103"}]}
RESULT: undefined
COMMAND: POST /session/c336b23a39170495adacb30ef5b99798/element - {"using":"xpath","value":"//*[@id=\"application-managepartners-display-component---masterPtm--smartTable-btnPersonalisation-img\"]"}
COMMAND: GET /session/c336b23a39170495adacb30ef5b99798/screenshot - {}
RESULT: {"using":"xpath","value":"//*[@id=\"application-managepartners-display-component---masterPtm--smartTable-btnPersonalisation-img\"]"}
COMMAND: POST /session/c336b23a39170495adacb30ef5b99798/element/f.3C12D8243027A57254BE39B169A080B9.d.80B05F1022852F87D6B8448E9F1BA3FE.e.1766/click - {}
RESULT: {}
RESULT: {}
COMMAND: GET /session/c336b23a39170495adacb30ef5b99798/screenshot - {}
RESULT: {}
COMMAND: POST /session/c336b23a39170495adacb30ef5b99798/execute/async - {"script":"<script> [1562 bytes]","args":[{"selector":{"controlType":"sap.m.IconTabFilter","viewName":"etm.portal.ui.managepartners.view.Master","viewId":"application-managepartners-display-component---masterPtm","properties":{"text":"Filter"},"searchOpenDialogs":true,"interaction":{"idSuffix":"text"}},"wdio_ui5_key":"etmportal.ui.managepartners.view.Mastersap.m.IconTabFilter{\"text\":\"Filter\"}"}]}
RESULT: {"script":"<script> [1562 bytes]","args":[{"selector":{"controlType":"sap.m.IconTabFilter","viewName":"etm.portal.ui.managepartners.view.Master","viewId":"application-managepartners-display-component---masterPtm","properties":{"text":"Filter"},"searchOpenDialogs":true,"interaction":{"idSuffix":"text"}},"wdio_ui5_key":"etmportal.ui.managepartners.view.Mastersap.m.IconTabFilter{\"text\":\"Filter\"}"}]}
RESULT: undefined
COMMAND: POST /session/c336b23a39170495adacb30ef5b99798/element - {"using":"xpath","value":"//*[@id=\"__filter10\"]"}
RESULT: {"using":"xpath","value":"//*[@id=\"__filter10\"]"}
COMMAND: POST /session/c336b23a39170495adacb30ef5b99798/element/f.3C12D8243027A57254BE39B169A080B9.d.80B05F1022852F87D6B8448E9F1BA3FE.e.2108/click - {}
RESULT: {}
COMMAND: GET /session/c336b23a39170495adacb30ef5b99798/screenshot - {}
RESULT: {}
COMMAND: POST /session/c336b23a39170495adacb30ef5b99798/element - {"using":"xpath","value":"//input[@placeholder=\"Filter by\"]/following-sibling::div//span"}
RESULT: {"using":"xpath","value":"//input[@placeholder=\"Filter by\"]/following-sibling::div//span"}
COMMAND: POST /session/c336b23a39170495adacb30ef5b99798/element/f.3C12D8243027A57254BE39B169A080B9.d.80B05F1022852F87D6B8448E9F1BA3FE.e.2110/click - {}
RESULT: {}
COMMAND: GET /session/c336b23a39170495adacb30ef5b99798/screenshot - {}
RESULT: {}
COMMAND: POST /session/c336b23a39170495adacb30ef5b99798/element - {"using":"xpath","value":"//li[.//span[text()=\"Preferred Yard\"]]"}
RESULT: {"using":"xpath","value":"//li[.//span[text()=\"Preferred Yard\"]]"}
COMMAND: POST /session/c336b23a39170495adacb30ef5b99798/element/f.3C12D8243027A57254BE39B169A080B9.d.80B05F1022852F87D6B8448E9F1BA3FE.e.2111/click - {}
RESULT: {}
COMMAND: GET /session/c336b23a39170495adacb30ef5b99798/screenshot - {}
RESULT: {}
COMMAND: POST /session/c336b23a39170495adacb30ef5b99798/execute/async - {"script":"<script> [1562 bytes]","args":[{"selector":{"id":"FilterPanel-filterItemControl_BASIC-application-managepartners-display-component---masterPtm--smartTable-YARDYARD-vhi","searchOpenDialogs":true},"wdio_ui5_key":"FilterPanelfilterItemControl_BASIC-application-managepartners-display-component---masterPtm--smartTable-YARDYARD-vhi"}]}
RESULT: {"script":"<script> [1562 bytes]","args":[{"selector":{"id":"FilterPanel-filterItemControl_BASIC-application-managepartners-display-component---masterPtm--smartTable-YARDYARD-vhi","searchOpenDialogs":true},"wdio_ui5_key":"FilterPanelfilterItemControl_BASIC-application-managepartners-display-component---masterPtm--smartTable-YARDYARD-vhi"}]}
RESULT: undefined
COMMAND: POST /session/c336b23a39170495adacb30ef5b99798/element - {"using":"xpath","value":"//*[@id=\"FilterPanel-filterItemControl_BASIC-application-managepartners-display-component---masterPtm--smartTable-YARDYARD-vhi\"]"}
RESULT: {"using":"xpath","value":"//*[@id=\"FilterPanel-filterItemControl_BASIC-application-managepartners-display-component---masterPtm--smartTable-YARDYARD-vhi\"]"}
COMMAND: POST /session/c336b23a39170495adacb30ef5b99798/element/f.3C12D8243027A57254BE39B169A080B9.d.80B05F1022852F87D6B8448E9F1BA3FE.e.2114/click - {}
RESULT: {}
COMMAND: GET /session/c336b23a39170495adacb30ef5b99798/screenshot - {}
RESULT: {}
COMMAND: POST /session/c336b23a39170495adacb30ef5b99798/execute/async - {"script":"<script> [1562 bytes]","args":[{"selector":{"id":"FilterPanel-filterItemControl_BASIC-application-managepartners-display-component---masterPtm--smartTable-YARDYARD-valueHelpDialog-smartFilterBar-btnBasicSearch","searchOpenDialogs":true,"interaction":{"idSuffix":"I"}},"wdio_ui5_key":"FilterPanelfilterItemControl_BASIC-application-managepartners-display-component---masterPtm--smartTable-YARDYARD-valueHelpDialog-smartFilterBar-btnBasicSearch"}]}
RESULT: {"script":"<script> [1562 bytes]","args":[{"selector":{"id":"FilterPanel-filterItemControl_BASIC-application-managepartners-display-component---masterPtm--smartTable-YARDYARD-valueHelpDialog-smartFilterBar-btnBasicSearch","searchOpenDialogs":true,"interaction":{"idSuffix":"I"}},"wdio_ui5_key":"FilterPanelfilterItemControl_BASIC-application-managepartners-display-component---masterPtm--smartTable-YARDYARD-valueHelpDialog-smartFilterBar-btnBasicSearch"}]}
RESULT: undefined
COMMAND: POST /session/c336b23a39170495adacb30ef5b99798/execute/async - {"script":"<script> [776 bytes]","args":[{"enterText":"599","selector":{"id":"FilterPanel-filterItemControl_BASIC-application-managepartners-display-component---masterPtm--smartTable-YARDYARD-valueHelpDialog-smartFilterBar-btnBasicSearch","searchOpenDialogs":true,"interaction":{"idSuffix":"I"}},"clearTextFirst":true,"interactionType":"ENTER_TEXT"}]}
RESULT: {"script":"<script> [776 bytes]","args":[{"enterText":"599","selector":{"id":"FilterPanel-filterItemControl_BASIC-application-managepartners-display-component---masterPtm--smartTable-YARDYARD-valueHelpDialog-smartFilterBar-btnBasicSearch","searchOpenDialogs":true,"interaction":{"idSuffix":"I"}},"clearTextFirst":true,"interactionType":"ENTER_TEXT"}]}
COMMAND: POST /session/c336b23a39170495adacb30ef5b99798/actions - {"actions":[{"id":"action3","type":"key","parameters":{},"actions":[{"type":"keyDown","value":"î€‡"},{"type":"pause","duration":10},{"type":"keyUp","value":"î€‡"}]}]}
RESULT: {"actions":[{"id":"action3","type":"key","parameters":{},"actions":[{"type":"keyDown","value":"î€‡"},{"type":"pause","duration":10},{"type":"keyUp","value":"î€‡"}]}]}
COMMAND: GET /session/c336b23a39170495adacb30ef5b99798/screenshot - {}
RESULT: {}
COMMAND: POST /session/c336b23a39170495adacb30ef5b99798/elements - {"using":"xpath","value":"//table[contains(@id, \"smartTable-YARDYARD-valueHelpDialog-table-table\")]/tbody/tr"}
RESULT: {"using":"xpath","value":"//table[contains(@id, \"smartTable-YARDYARD-valueHelpDialog-table-table\")]/tbody/tr"}
COMMAND: POST /session/c336b23a39170495adacb30ef5b99798/element - {"using":"xpath","value":"//table[contains(@id, \"smartTable-YARDYARD-valueHelpDialog-table-table\")]/tbody/tr[1]/td[1]/div/span"}
RESULT: {"using":"xpath","value":"//table[contains(@id, \"smartTable-YARDYARD-valueHelpDialog-table-table\")]/tbody/tr[1]/td[1]/div/span"}
COMMAND: POST /session/c336b23a39170495adacb30ef5b99798/elements - {"using":"xpath","value":"//table[contains(@id, \"smartTable-YARDYARD-valueHelpDialog-table-table\")]/tbody/tr[1]/td[1]/div/span"}
RESULT: {"using":"xpath","value":"//table[contains(@id, \"smartTable-YARDYARD-valueHelpDialog-table-table\")]/tbody/tr[1]/td[1]/div/span"}
COMMAND: POST /session/c336b23a39170495adacb30ef5b99798/execute/sync - {"script":"<script> [56 bytes]","args":[{"element-6066-11e4-a52e-4f735466cecf":"f.3C12D8243027A57254BE39B169A080B9.d.80B05F1022852F87D6B8448E9F1BA3FE.e.2133","ELEMENT":"f.3C12D8243027A57254BE39B169A080B9.d.80B05F1022852F87D6B8448E9F1BA3FE.e.2133"}]}
RESULT: {"script":"<script> [56 bytes]","args":[{"element-6066-11e4-a52e-4f735466cecf":"f.3C12D8243027A57254BE39B169A080B9.d.80B05F1022852F87D6B8448E9F1BA3FE.e.2133","ELEMENT":"f.3C12D8243027A57254BE39B169A080B9.d.80B05F1022852F87D6B8448E9F1BA3FE.e.2133"}]}
COMMAND: POST /session/c336b23a39170495adacb30ef5b99798/element - {"using":"xpath","value":"//table[contains(@id, \"smartTable-YARDYARD-valueHelpDialog-table-table\")]/tbody/tr[2]/td[1]/div/span"}
COMMAND: GET /session/c336b23a39170495adacb30ef5b99798/screenshot - {}
RESULT: {"using":"xpath","value":"//table[contains(@id, \"smartTable-YARDYARD-valueHelpDialog-table-table\")]/tbody/tr[2]/td[1]/div/span"}
COMMAND: POST /session/c336b23a39170495adacb30ef5b99798/elements - {"using":"xpath","value":"//table[contains(@id, \"smartTable-YARDYARD-valueHelpDialog-table-table\")]/tbody/tr[2]/td[1]/div/span"}
RESULT: {}
RESULT: {"using":"xpath","value":"//table[contains(@id, \"smartTable-YARDYARD-valueHelpDialog-table-table\")]/tbody/tr[2]/td[1]/div/span"}
COMMAND: POST /session/c336b23a39170495adacb30ef5b99798/execute/sync - {"script":"<script> [56 bytes]","args":[{"element-6066-11e4-a52e-4f735466cecf":"f.3C12D8243027A57254BE39B169A080B9.d.80B05F1022852F87D6B8448E9F1BA3FE.e.2134","ELEMENT":"f.3C12D8243027A57254BE39B169A080B9.d.80B05F1022852F87D6B8448E9F1BA3FE.e.2134"}]}
RESULT: {"script":"<script> [56 bytes]","args":[{"element-6066-11e4-a52e-4f735466cecf":"f.3C12D8243027A57254BE39B169A080B9.d.80B05F1022852F87D6B8448E9F1BA3FE.e.2134","ELEMENT":"f.3C12D8243027A57254BE39B169A080B9.d.80B05F1022852F87D6B8448E9F1BA3FE.e.2134"}]}
COMMAND: POST /session/c336b23a39170495adacb30ef5b99798/element - {"using":"xpath","value":"//div[contains(@id, \"YARDYARD-valueHelpDialog-table-rowsel1\")]"}
COMMAND: GET /session/c336b23a39170495adacb30ef5b99798/screenshot - {}
RESULT: {"using":"xpath","value":"//div[contains(@id, \"YARDYARD-valueHelpDialog-table-rowsel1\")]"}
COMMAND: POST /session/c336b23a39170495adacb30ef5b99798/element/f.3C12D8243027A57254BE39B169A080B9.d.80B05F1022852F87D6B8448E9F1BA3FE.e.2135/click - {}
RESULT: {}
RESULT: {}
COMMAND: GET /session/c336b23a39170495adacb30ef5b99798/screenshot - {}
RESULT: {}
COMMAND: POST /session/c336b23a39170495adacb30ef5b99798/element - {"using":"xpath","value":"(//bdi[contains(text(), \"OK\")])[2]"}
RESULT: {"using":"xpath","value":"(//bdi[contains(text(), \"OK\")])[2]"}
COMMAND: POST /session/c336b23a39170495adacb30ef5b99798/element/f.3C12D8243027A57254BE39B169A080B9.d.80B05F1022852F87D6B8448E9F1BA3FE.e.2137/click - {}
RESULT: {}
COMMAND: GET /session/c336b23a39170495adacb30ef5b99798/screenshot - {}
RESULT: {}
COMMAND: POST /session/c336b23a39170495adacb30ef5b99798/element - {"using":"xpath","value":"//bdi[contains(text(), \"OK\")]"}
RESULT: {"using":"xpath","value":"//bdi[contains(text(), \"OK\")]"}
COMMAND: POST /session/c336b23a39170495adacb30ef5b99798/element/f.3C12D8243027A57254BE39B169A080B9.d.80B05F1022852F87D6B8448E9F1BA3FE.e.2140/click - {}
RESULT: {}
COMMAND: GET /session/c336b23a39170495adacb30ef5b99798/screenshot - {}
RESULT: {}
COMMAND: POST /session/c336b23a39170495adacb30ef5b99798/element - {"using":"xpath","value":"//table[contains(@id, \"customPartnersTable\")]//tbody/tr[1]/td[3]/span"}
RESULT: {"using":"xpath","value":"//table[contains(@id, \"customPartnersTable\")]//tbody/tr[1]/td[3]/span"}
COMMAND: POST /session/c336b23a39170495adacb30ef5b99798/execute/sync - {"script":"<script> [56 bytes]","args":[{"element-6066-11e4-a52e-4f735466cecf":"f.3C12D8243027A57254BE39B169A080B9.d.80B05F1022852F87D6B8448E9F1BA3FE.e.2103","ELEMENT":"f.3C12D8243027A57254BE39B169A080B9.d.80B05F1022852F87D6B8448E9F1BA3FE.e.2103"}]}
RESULT: {"script":"<script> [56 bytes]","args":[{"element-6066-11e4-a52e-4f735466cecf":"f.3C12D8243027A57254BE39B169A080B9.d.80B05F1022852F87D6B8448E9F1BA3FE.e.2103","ELEMENT":"f.3C12D8243027A57254BE39B169A080B9.d.80B05F1022852F87D6B8448E9F1BA3FE.e.2103"}]}
COMMAND: POST /session/c336b23a39170495adacb30ef5b99798/element - {"using":"css selector","value":"#shell-header-logo"}
COMMAND: GET /session/c336b23a39170495adacb30ef5b99798/screenshot - {}
RESULT: {"using":"css selector","value":"#shell-header-logo"}
COMMAND: POST /session/c336b23a39170495adacb30ef5b99798/element/f.3C12D8243027A57254BE39B169A080B9.d.80B05F1022852F87D6B8448E9F1BA3FE.e.1716/click - {}
RESULT: {}
RESULT: {}
COMMAND: GET /session/c336b23a39170495adacb30ef5b99798/screenshot - {}
RESULT: {}
]]></system-out>
    </testcase>
    <testcase classname="chrome.135_0_7049_96.windows.Partner_specific_tests_US150819_US151080_US151654_US151176_US103444_US151078_US151079_US151109_US151174_US151175_US151189" name="Should deactivate the created partner in earlier step US151654" time="54.922">
      <system-out><![CDATA[
COMMAND: POST /session/c336b23a39170495adacb30ef5b99798/element - {"using":"xpath","value":"//li[.//span[text()=\"Manage Partners\"]]"}
RESULT: {"using":"xpath","value":"//li[.//span[text()=\"Manage Partners\"]]"}
COMMAND: POST /session/c336b23a39170495adacb30ef5b99798/element - {"using":"xpath","value":"//li[.//span[text()=\"Manage Partners\"]]"}
RESULT: {"using":"xpath","value":"//li[.//span[text()=\"Manage Partners\"]]"}
COMMAND: POST /session/c336b23a39170495adacb30ef5b99798/element - {"using":"css selector","value":"#shell-header-logo"}
RESULT: {"using":"css selector","value":"#shell-header-logo"}
COMMAND: POST /session/c336b23a39170495adacb30ef5b99798/element/f.3C12D8243027A57254BE39B169A080B9.d.80B05F1022852F87D6B8448E9F1BA3FE.e.2190/click - {}
COMMAND: POST /session/c336b23a39170495adacb30ef5b99798/execute/sync - {"script":"<script> [8489 bytes]","args":[{"element-6066-11e4-a52e-4f735466cecf":"f.3C12D8243027A57254BE39B169A080B9.d.80B05F1022852F87D6B8448E9F1BA3FE.e.2190","ELEMENT":"f.3C12D8243027A57254BE39B169A080B9.d.80B05F1022852F87D6B8448E9F1BA3FE.e.2190"}]}
RESULT: {}
COMMAND: GET /session/c336b23a39170495adacb30ef5b99798/screenshot - {}
RESULT: {"script":"<script> [8489 bytes]","args":[{"element-6066-11e4-a52e-4f735466cecf":"f.3C12D8243027A57254BE39B169A080B9.d.80B05F1022852F87D6B8448E9F1BA3FE.e.2190","ELEMENT":"f.3C12D8243027A57254BE39B169A080B9.d.80B05F1022852F87D6B8448E9F1BA3FE.e.2190"}]}
COMMAND: POST /session/c336b23a39170495adacb30ef5b99798/execute/sync - {"script":"<script> [5351 bytes]","args":[{"element-6066-11e4-a52e-4f735466cecf":"f.3C12D8243027A57254BE39B169A080B9.d.80B05F1022852F87D6B8448E9F1BA3FE.e.2190","ELEMENT":"f.3C12D8243027A57254BE39B169A080B9.d.80B05F1022852F87D6B8448E9F1BA3FE.e.2190"}]}
COMMAND: GET /session/c336b23a39170495adacb30ef5b99798/screenshot - {}
RESULT: {}
RESULT: {"script":"<script> [5351 bytes]","args":[{"element-6066-11e4-a52e-4f735466cecf":"f.3C12D8243027A57254BE39B169A080B9.d.80B05F1022852F87D6B8448E9F1BA3FE.e.2190","ELEMENT":"f.3C12D8243027A57254BE39B169A080B9.d.80B05F1022852F87D6B8448E9F1BA3FE.e.2190"}]}
COMMAND: GET /session/c336b23a39170495adacb30ef5b99798/screenshot - {}
RESULT: {}
RESULT: {}
RESULT: undefined
COMMAND: POST /session/c336b23a39170495adacb30ef5b99798/element - {"using":"xpath","value":"//*[@id=\"__tile38\"]"}
RESULT: {"using":"xpath","value":"//*[@id=\"__tile38\"]"}
COMMAND: POST /session/c336b23a39170495adacb30ef5b99798/element/f.3C12D8243027A57254BE39B169A080B9.d.80B05F1022852F87D6B8448E9F1BA3FE.e.154/click - {}
RESULT: {}
COMMAND: POST /session/c336b23a39170495adacb30ef5b99798/element - {"using":"xpath","value":"//button[@data-kt=\"addButton\"]"}
COMMAND: GET /session/c336b23a39170495adacb30ef5b99798/screenshot - {}
RESULT: {"using":"xpath","value":"//button[@data-kt=\"addButton\"]"}
COMMAND: POST /session/c336b23a39170495adacb30ef5b99798/elements - {"using":"xpath","value":"//button[@data-kt=\"addButton\"]"}
RESULT: {}
RESULT: {"using":"xpath","value":"//button[@data-kt=\"addButton\"]"}
COMMAND: POST /session/c336b23a39170495adacb30ef5b99798/elements - {"using":"xpath","value":"//button[@data-kt=\"addButton\"]"}
RESULT: {"using":"xpath","value":"//button[@data-kt=\"addButton\"]"}
COMMAND: POST /session/c336b23a39170495adacb30ef5b99798/elements - {"using":"xpath","value":"//button[@data-kt=\"addButton\"]"}
RESULT: {"using":"xpath","value":"//button[@data-kt=\"addButton\"]"}
COMMAND: POST /session/c336b23a39170495adacb30ef5b99798/elements - {"using":"xpath","value":"//button[@data-kt=\"addButton\"]"}
RESULT: {"using":"xpath","value":"//button[@data-kt=\"addButton\"]"}
COMMAND: POST /session/c336b23a39170495adacb30ef5b99798/elements - {"using":"xpath","value":"//button[@data-kt=\"addButton\"]"}
RESULT: {"using":"xpath","value":"//button[@data-kt=\"addButton\"]"}
COMMAND: POST /session/c336b23a39170495adacb30ef5b99798/element - {"using":"xpath","value":"//button[@data-kt=\"addButton\"]"}
RESULT: {"using":"xpath","value":"//button[@data-kt=\"addButton\"]"}
COMMAND: POST /session/c336b23a39170495adacb30ef5b99798/execute/sync - {"script":"<script> [8489 bytes]","args":[{"element-6066-11e4-a52e-4f735466cecf":"f.3C12D8243027A57254BE39B169A080B9.d.80B05F1022852F87D6B8448E9F1BA3FE.e.2224","ELEMENT":"f.3C12D8243027A57254BE39B169A080B9.d.80B05F1022852F87D6B8448E9F1BA3FE.e.2224"}]}
RESULT: {"script":"<script> [8489 bytes]","args":[{"element-6066-11e4-a52e-4f735466cecf":"f.3C12D8243027A57254BE39B169A080B9.d.80B05F1022852F87D6B8448E9F1BA3FE.e.2224","ELEMENT":"f.3C12D8243027A57254BE39B169A080B9.d.80B05F1022852F87D6B8448E9F1BA3FE.e.2224"}]}
COMMAND: GET /session/c336b23a39170495adacb30ef5b99798/element/f.3C12D8243027A57254BE39B169A080B9.d.80B05F1022852F87D6B8448E9F1BA3FE.e.2224/enabled - {}
COMMAND: GET /session/c336b23a39170495adacb30ef5b99798/screenshot - {}
RESULT: {}
COMMAND: POST /session/c336b23a39170495adacb30ef5b99798/execute/sync - {"script":"<script> [8489 bytes]","args":[{"element-6066-11e4-a52e-4f735466cecf":"f.3C12D8243027A57254BE39B169A080B9.d.80B05F1022852F87D6B8448E9F1BA3FE.e.2224","ELEMENT":"f.3C12D8243027A57254BE39B169A080B9.d.80B05F1022852F87D6B8448E9F1BA3FE.e.2224"}]}
COMMAND: GET /session/c336b23a39170495adacb30ef5b99798/screenshot - {}
RESULT: {}
RESULT: {"script":"<script> [8489 bytes]","args":[{"element-6066-11e4-a52e-4f735466cecf":"f.3C12D8243027A57254BE39B169A080B9.d.80B05F1022852F87D6B8448E9F1BA3FE.e.2224","ELEMENT":"f.3C12D8243027A57254BE39B169A080B9.d.80B05F1022852F87D6B8448E9F1BA3FE.e.2224"}]}
COMMAND: POST /session/c336b23a39170495adacb30ef5b99798/execute/sync - {"script":"<script> [5351 bytes]","args":[{"element-6066-11e4-a52e-4f735466cecf":"f.3C12D8243027A57254BE39B169A080B9.d.80B05F1022852F87D6B8448E9F1BA3FE.e.2224","ELEMENT":"f.3C12D8243027A57254BE39B169A080B9.d.80B05F1022852F87D6B8448E9F1BA3FE.e.2224"}]}
COMMAND: GET /session/c336b23a39170495adacb30ef5b99798/screenshot - {}
RESULT: {}
RESULT: {"script":"<script> [5351 bytes]","args":[{"element-6066-11e4-a52e-4f735466cecf":"f.3C12D8243027A57254BE39B169A080B9.d.80B05F1022852F87D6B8448E9F1BA3FE.e.2224","ELEMENT":"f.3C12D8243027A57254BE39B169A080B9.d.80B05F1022852F87D6B8448E9F1BA3FE.e.2224"}]}
COMMAND: GET /session/c336b23a39170495adacb30ef5b99798/screenshot - {}
RESULT: {}
RESULT: {}
COMMAND: POST /session/c336b23a39170495adacb30ef5b99798/execute/async - {"script":"<script> [1562 bytes]","args":[{"selector":{"id":"application-managepartners-display-component---masterPtm--smartFilterBar-btnBasicSearch","interaction":{"idSuffix":"I"}},"wdio_ui5_key":"applicationmanagepartners-display-component---masterPtm--smartFilterBar-btnBasicSearch"}]}
RESULT: {"script":"<script> [1562 bytes]","args":[{"selector":{"id":"application-managepartners-display-component---masterPtm--smartFilterBar-btnBasicSearch","interaction":{"idSuffix":"I"}},"wdio_ui5_key":"applicationmanagepartners-display-component---masterPtm--smartFilterBar-btnBasicSearch"}]}
RESULT: undefined
COMMAND: POST /session/c336b23a39170495adacb30ef5b99798/execute/async - {"script":"<script> [776 bytes]","args":[{"enterText":"1472","selector":{"id":"application-managepartners-display-component---masterPtm--smartFilterBar-btnBasicSearch","interaction":{"idSuffix":"I"}},"clearTextFirst":true,"interactionType":"ENTER_TEXT"}]}
RESULT: {"script":"<script> [776 bytes]","args":[{"enterText":"1472","selector":{"id":"application-managepartners-display-component---masterPtm--smartFilterBar-btnBasicSearch","interaction":{"idSuffix":"I"}},"clearTextFirst":true,"interactionType":"ENTER_TEXT"}]}
COMMAND: POST /session/c336b23a39170495adacb30ef5b99798/actions - {"actions":[{"id":"action4","type":"key","parameters":{},"actions":[{"type":"keyDown","value":"î€‡"},{"type":"pause","duration":10},{"type":"keyUp","value":"î€‡"}]}]}
RESULT: {"actions":[{"id":"action4","type":"key","parameters":{},"actions":[{"type":"keyDown","value":"î€‡"},{"type":"pause","duration":10},{"type":"keyUp","value":"î€‡"}]}]}
COMMAND: GET /session/c336b23a39170495adacb30ef5b99798/screenshot - {}
RESULT: {}
COMMAND: POST /session/c336b23a39170495adacb30ef5b99798/elements - {"using":"xpath","value":"//table[contains(@id, \"customPartnersTable-listUl\")]/tbody/tr"}
RESULT: {"using":"xpath","value":"//table[contains(@id, \"customPartnersTable-listUl\")]/tbody/tr"}
COMMAND: POST /session/c336b23a39170495adacb30ef5b99798/element - {"using":"xpath","value":"//table[contains(@id, \"customPartnersTable-listUl\")]/tbody/tr[1]/td[3]/span"}
RESULT: {"using":"xpath","value":"//table[contains(@id, \"customPartnersTable-listUl\")]/tbody/tr[1]/td[3]/span"}
COMMAND: POST /session/c336b23a39170495adacb30ef5b99798/elements - {"using":"xpath","value":"//table[contains(@id, \"customPartnersTable-listUl\")]/tbody/tr[1]/td[3]/span"}
RESULT: {"using":"xpath","value":"//table[contains(@id, \"customPartnersTable-listUl\")]/tbody/tr[1]/td[3]/span"}
COMMAND: POST /session/c336b23a39170495adacb30ef5b99798/execute/sync - {"script":"<script> [56 bytes]","args":[{"element-6066-11e4-a52e-4f735466cecf":"f.3C12D8243027A57254BE39B169A080B9.d.80B05F1022852F87D6B8448E9F1BA3FE.e.2370","ELEMENT":"f.3C12D8243027A57254BE39B169A080B9.d.80B05F1022852F87D6B8448E9F1BA3FE.e.2370"}]}
RESULT: {"script":"<script> [56 bytes]","args":[{"element-6066-11e4-a52e-4f735466cecf":"f.3C12D8243027A57254BE39B169A080B9.d.80B05F1022852F87D6B8448E9F1BA3FE.e.2370","ELEMENT":"f.3C12D8243027A57254BE39B169A080B9.d.80B05F1022852F87D6B8448E9F1BA3FE.e.2370"}]}
COMMAND: POST /session/c336b23a39170495adacb30ef5b99798/element - {"using":"xpath","value":"//table[contains(@id, \"customPartnersTable-listUl\")]/tbody/tr[1]/td[7]/div/span"}
COMMAND: GET /session/c336b23a39170495adacb30ef5b99798/screenshot - {}
RESULT: {"using":"xpath","value":"//table[contains(@id, \"customPartnersTable-listUl\")]/tbody/tr[1]/td[7]/div/span"}
COMMAND: POST /session/c336b23a39170495adacb30ef5b99798/execute/sync - {"script":"<script> [56 bytes]","args":[{"element-6066-11e4-a52e-4f735466cecf":"f.3C12D8243027A57254BE39B169A080B9.d.80B05F1022852F87D6B8448E9F1BA3FE.e.2371","ELEMENT":"f.3C12D8243027A57254BE39B169A080B9.d.80B05F1022852F87D6B8448E9F1BA3FE.e.2371"}]}
RESULT: {}
RESULT: {"script":"<script> [56 bytes]","args":[{"element-6066-11e4-a52e-4f735466cecf":"f.3C12D8243027A57254BE39B169A080B9.d.80B05F1022852F87D6B8448E9F1BA3FE.e.2371","ELEMENT":"f.3C12D8243027A57254BE39B169A080B9.d.80B05F1022852F87D6B8448E9F1BA3FE.e.2371"}]}
COMMAND: POST /session/c336b23a39170495adacb30ef5b99798/element - {"using":"xpath","value":"//table[contains(@id, \"customPartnersTable-listUl\")]/tbody/tr[1]/td[2]/div/div"}
COMMAND: GET /session/c336b23a39170495adacb30ef5b99798/screenshot - {}
RESULT: {"using":"xpath","value":"//table[contains(@id, \"customPartnersTable-listUl\")]/tbody/tr[1]/td[2]/div/div"}
COMMAND: POST /session/c336b23a39170495adacb30ef5b99798/element/f.3C12D8243027A57254BE39B169A080B9.d.80B05F1022852F87D6B8448E9F1BA3FE.e.2372/click - {}
RESULT: {}
RESULT: {}
COMMAND: GET /session/c336b23a39170495adacb30ef5b99798/screenshot - {}
RESULT: {}
COMMAND: POST /session/c336b23a39170495adacb30ef5b99798/element - {"using":"xpath","value":"//bdi[contains(text(), \"Deactivate\")]"}
RESULT: {"using":"xpath","value":"//bdi[contains(text(), \"Deactivate\")]"}
COMMAND: POST /session/c336b23a39170495adacb30ef5b99798/element/f.3C12D8243027A57254BE39B169A080B9.d.80B05F1022852F87D6B8448E9F1BA3FE.e.2373/click - {}
RESULT: {}
COMMAND: GET /session/c336b23a39170495adacb30ef5b99798/screenshot - {}
RESULT: {}
COMMAND: POST /session/c336b23a39170495adacb30ef5b99798/element - {"using":"xpath","value":"//bdi[contains(text(), \"Yes\")]"}
RESULT: {"using":"xpath","value":"//bdi[contains(text(), \"Yes\")]"}
COMMAND: POST /session/c336b23a39170495adacb30ef5b99798/element/f.3C12D8243027A57254BE39B169A080B9.d.80B05F1022852F87D6B8448E9F1BA3FE.e.2375/click - {}
RESULT: {}
COMMAND: GET /session/c336b23a39170495adacb30ef5b99798/screenshot - {}
RESULT: {}
COMMAND: POST /session/c336b23a39170495adacb30ef5b99798/element - {"using":"xpath","value":"//table[contains(@id, \"customPartnersTable-listUl\")]/tbody/tr[1]/td[7]/div/span"}
RESULT: {"using":"xpath","value":"//table[contains(@id, \"customPartnersTable-listUl\")]/tbody/tr[1]/td[7]/div/span"}
COMMAND: POST /session/c336b23a39170495adacb30ef5b99798/execute/sync - {"script":"<script> [56 bytes]","args":[{"element-6066-11e4-a52e-4f735466cecf":"f.3C12D8243027A57254BE39B169A080B9.d.80B05F1022852F87D6B8448E9F1BA3FE.e.2371","ELEMENT":"f.3C12D8243027A57254BE39B169A080B9.d.80B05F1022852F87D6B8448E9F1BA3FE.e.2371"}]}
RESULT: {"script":"<script> [56 bytes]","args":[{"element-6066-11e4-a52e-4f735466cecf":"f.3C12D8243027A57254BE39B169A080B9.d.80B05F1022852F87D6B8448E9F1BA3FE.e.2371","ELEMENT":"f.3C12D8243027A57254BE39B169A080B9.d.80B05F1022852F87D6B8448E9F1BA3FE.e.2371"}]}
COMMAND: GET /session/c336b23a39170495adacb30ef5b99798/screenshot - {}
RESULT: {}
COMMAND: POST /session/c336b23a39170495adacb30ef5b99798/element - {"using":"css selector","value":"#shell-header-logo"}
RESULT: {"using":"css selector","value":"#shell-header-logo"}
COMMAND: POST /session/c336b23a39170495adacb30ef5b99798/element/f.3C12D8243027A57254BE39B169A080B9.d.80B05F1022852F87D6B8448E9F1BA3FE.e.2190/click - {}
RESULT: {}
COMMAND: GET /session/c336b23a39170495adacb30ef5b99798/screenshot - {}
RESULT: {}
]]></system-out>
    </testcase>
    <testcase classname="chrome.135_0_7049_96.windows.Partner_specific_tests_US150819_US151080_US151654_US151176_US103444_US151078_US151079_US151109_US151174_US151175_US151189" name="Should activate the created partner again US151176" time="56.54">
      <system-out><![CDATA[
COMMAND: POST /session/c336b23a39170495adacb30ef5b99798/element - {"using":"xpath","value":"//li[.//span[text()=\"Manage Partners\"]]"}
RESULT: {"using":"xpath","value":"//li[.//span[text()=\"Manage Partners\"]]"}
COMMAND: POST /session/c336b23a39170495adacb30ef5b99798/element - {"using":"xpath","value":"//li[.//span[text()=\"Manage Partners\"]]"}
RESULT: {"using":"xpath","value":"//li[.//span[text()=\"Manage Partners\"]]"}
COMMAND: POST /session/c336b23a39170495adacb30ef5b99798/element - {"using":"css selector","value":"#shell-header-logo"}
RESULT: {"using":"css selector","value":"#shell-header-logo"}
COMMAND: POST /session/c336b23a39170495adacb30ef5b99798/element/f.3C12D8243027A57254BE39B169A080B9.d.80B05F1022852F87D6B8448E9F1BA3FE.e.2379/click - {}
COMMAND: POST /session/c336b23a39170495adacb30ef5b99798/execute/sync - {"script":"<script> [8489 bytes]","args":[{"element-6066-11e4-a52e-4f735466cecf":"f.3C12D8243027A57254BE39B169A080B9.d.80B05F1022852F87D6B8448E9F1BA3FE.e.2379","ELEMENT":"f.3C12D8243027A57254BE39B169A080B9.d.80B05F1022852F87D6B8448E9F1BA3FE.e.2379"}]}
RESULT: {"script":"<script> [8489 bytes]","args":[{"element-6066-11e4-a52e-4f735466cecf":"f.3C12D8243027A57254BE39B169A080B9.d.80B05F1022852F87D6B8448E9F1BA3FE.e.2379","ELEMENT":"f.3C12D8243027A57254BE39B169A080B9.d.80B05F1022852F87D6B8448E9F1BA3FE.e.2379"}]}
COMMAND: POST /session/c336b23a39170495adacb30ef5b99798/execute/sync - {"script":"<script> [5351 bytes]","args":[{"element-6066-11e4-a52e-4f735466cecf":"f.3C12D8243027A57254BE39B169A080B9.d.80B05F1022852F87D6B8448E9F1BA3FE.e.2379","ELEMENT":"f.3C12D8243027A57254BE39B169A080B9.d.80B05F1022852F87D6B8448E9F1BA3FE.e.2379"}]}
COMMAND: GET /session/c336b23a39170495adacb30ef5b99798/screenshot - {}
RESULT: {}
COMMAND: GET /session/c336b23a39170495adacb30ef5b99798/screenshot - {}
RESULT: {"script":"<script> [5351 bytes]","args":[{"element-6066-11e4-a52e-4f735466cecf":"f.3C12D8243027A57254BE39B169A080B9.d.80B05F1022852F87D6B8448E9F1BA3FE.e.2379","ELEMENT":"f.3C12D8243027A57254BE39B169A080B9.d.80B05F1022852F87D6B8448E9F1BA3FE.e.2379"}]}
COMMAND: GET /session/c336b23a39170495adacb30ef5b99798/screenshot - {}
RESULT: {}
RESULT: {}
RESULT: {}
RESULT: undefined
COMMAND: POST /session/c336b23a39170495adacb30ef5b99798/element - {"using":"xpath","value":"//*[@id=\"__tile38\"]"}
RESULT: {"using":"xpath","value":"//*[@id=\"__tile38\"]"}
COMMAND: POST /session/c336b23a39170495adacb30ef5b99798/element/f.3C12D8243027A57254BE39B169A080B9.d.80B05F1022852F87D6B8448E9F1BA3FE.e.154/click - {}
RESULT: {}
COMMAND: POST /session/c336b23a39170495adacb30ef5b99798/element - {"using":"xpath","value":"//button[@data-kt=\"addButton\"]"}
COMMAND: GET /session/c336b23a39170495adacb30ef5b99798/screenshot - {}
RESULT: {"using":"xpath","value":"//button[@data-kt=\"addButton\"]"}
COMMAND: POST /session/c336b23a39170495adacb30ef5b99798/elements - {"using":"xpath","value":"//button[@data-kt=\"addButton\"]"}
RESULT: {}
RESULT: {"using":"xpath","value":"//button[@data-kt=\"addButton\"]"}
COMMAND: POST /session/c336b23a39170495adacb30ef5b99798/elements - {"using":"xpath","value":"//button[@data-kt=\"addButton\"]"}
RESULT: {"using":"xpath","value":"//button[@data-kt=\"addButton\"]"}
COMMAND: POST /session/c336b23a39170495adacb30ef5b99798/elements - {"using":"xpath","value":"//button[@data-kt=\"addButton\"]"}
RESULT: {"using":"xpath","value":"//button[@data-kt=\"addButton\"]"}
COMMAND: POST /session/c336b23a39170495adacb30ef5b99798/elements - {"using":"xpath","value":"//button[@data-kt=\"addButton\"]"}
RESULT: {"using":"xpath","value":"//button[@data-kt=\"addButton\"]"}
COMMAND: POST /session/c336b23a39170495adacb30ef5b99798/elements - {"using":"xpath","value":"//button[@data-kt=\"addButton\"]"}
RESULT: {"using":"xpath","value":"//button[@data-kt=\"addButton\"]"}
COMMAND: POST /session/c336b23a39170495adacb30ef5b99798/element - {"using":"xpath","value":"//button[@data-kt=\"addButton\"]"}
RESULT: {"using":"xpath","value":"//button[@data-kt=\"addButton\"]"}
COMMAND: POST /session/c336b23a39170495adacb30ef5b99798/execute/sync - {"script":"<script> [8489 bytes]","args":[{"element-6066-11e4-a52e-4f735466cecf":"f.3C12D8243027A57254BE39B169A080B9.d.80B05F1022852F87D6B8448E9F1BA3FE.e.2414","ELEMENT":"f.3C12D8243027A57254BE39B169A080B9.d.80B05F1022852F87D6B8448E9F1BA3FE.e.2414"}]}
RESULT: {"script":"<script> [8489 bytes]","args":[{"element-6066-11e4-a52e-4f735466cecf":"f.3C12D8243027A57254BE39B169A080B9.d.80B05F1022852F87D6B8448E9F1BA3FE.e.2414","ELEMENT":"f.3C12D8243027A57254BE39B169A080B9.d.80B05F1022852F87D6B8448E9F1BA3FE.e.2414"}]}
COMMAND: GET /session/c336b23a39170495adacb30ef5b99798/element/f.3C12D8243027A57254BE39B169A080B9.d.80B05F1022852F87D6B8448E9F1BA3FE.e.2414/enabled - {}
COMMAND: GET /session/c336b23a39170495adacb30ef5b99798/screenshot - {}
RESULT: {}
COMMAND: POST /session/c336b23a39170495adacb30ef5b99798/execute/sync - {"script":"<script> [8489 bytes]","args":[{"element-6066-11e4-a52e-4f735466cecf":"f.3C12D8243027A57254BE39B169A080B9.d.80B05F1022852F87D6B8448E9F1BA3FE.e.2414","ELEMENT":"f.3C12D8243027A57254BE39B169A080B9.d.80B05F1022852F87D6B8448E9F1BA3FE.e.2414"}]}
COMMAND: GET /session/c336b23a39170495adacb30ef5b99798/screenshot - {}
RESULT: {}
RESULT: {"script":"<script> [8489 bytes]","args":[{"element-6066-11e4-a52e-4f735466cecf":"f.3C12D8243027A57254BE39B169A080B9.d.80B05F1022852F87D6B8448E9F1BA3FE.e.2414","ELEMENT":"f.3C12D8243027A57254BE39B169A080B9.d.80B05F1022852F87D6B8448E9F1BA3FE.e.2414"}]}
COMMAND: POST /session/c336b23a39170495adacb30ef5b99798/execute/sync - {"script":"<script> [5351 bytes]","args":[{"element-6066-11e4-a52e-4f735466cecf":"f.3C12D8243027A57254BE39B169A080B9.d.80B05F1022852F87D6B8448E9F1BA3FE.e.2414","ELEMENT":"f.3C12D8243027A57254BE39B169A080B9.d.80B05F1022852F87D6B8448E9F1BA3FE.e.2414"}]}
COMMAND: GET /session/c336b23a39170495adacb30ef5b99798/screenshot - {}
RESULT: {}
RESULT: {"script":"<script> [5351 bytes]","args":[{"element-6066-11e4-a52e-4f735466cecf":"f.3C12D8243027A57254BE39B169A080B9.d.80B05F1022852F87D6B8448E9F1BA3FE.e.2414","ELEMENT":"f.3C12D8243027A57254BE39B169A080B9.d.80B05F1022852F87D6B8448E9F1BA3FE.e.2414"}]}
COMMAND: GET /session/c336b23a39170495adacb30ef5b99798/screenshot - {}
RESULT: {}
RESULT: {}
RESULT: undefined
COMMAND: POST /session/c336b23a39170495adacb30ef5b99798/execute/async - {"script":"<script> [776 bytes]","args":[{"enterText":"1472","selector":{"id":"application-managepartners-display-component---masterPtm--smartFilterBar-btnBasicSearch","interaction":{"idSuffix":"I"}},"clearTextFirst":true,"interactionType":"ENTER_TEXT"}]}
RESULT: {"script":"<script> [776 bytes]","args":[{"enterText":"1472","selector":{"id":"application-managepartners-display-component---masterPtm--smartFilterBar-btnBasicSearch","interaction":{"idSuffix":"I"}},"clearTextFirst":true,"interactionType":"ENTER_TEXT"}]}
COMMAND: POST /session/c336b23a39170495adacb30ef5b99798/actions - {"actions":[{"id":"action5","type":"key","parameters":{},"actions":[{"type":"keyDown","value":"î€‡"},{"type":"pause","duration":10},{"type":"keyUp","value":"î€‡"}]}]}
RESULT: {"actions":[{"id":"action5","type":"key","parameters":{},"actions":[{"type":"keyDown","value":"î€‡"},{"type":"pause","duration":10},{"type":"keyUp","value":"î€‡"}]}]}
COMMAND: GET /session/c336b23a39170495adacb30ef5b99798/screenshot - {}
RESULT: {}
COMMAND: POST /session/c336b23a39170495adacb30ef5b99798/elements - {"using":"xpath","value":"//table[contains(@id, \"customPartnersTable-listUl\")]/tbody/tr"}
RESULT: {"using":"xpath","value":"//table[contains(@id, \"customPartnersTable-listUl\")]/tbody/tr"}
COMMAND: POST /session/c336b23a39170495adacb30ef5b99798/element - {"using":"xpath","value":"//table[contains(@id, \"customPartnersTable-listUl\")]/tbody/tr[1]/td[3]/span"}
RESULT: {"using":"xpath","value":"//table[contains(@id, \"customPartnersTable-listUl\")]/tbody/tr[1]/td[3]/span"}
COMMAND: POST /session/c336b23a39170495adacb30ef5b99798/elements - {"using":"xpath","value":"//table[contains(@id, \"customPartnersTable-listUl\")]/tbody/tr[1]/td[3]/span"}
RESULT: {"using":"xpath","value":"//table[contains(@id, \"customPartnersTable-listUl\")]/tbody/tr[1]/td[3]/span"}
COMMAND: POST /session/c336b23a39170495adacb30ef5b99798/execute/sync - {"script":"<script> [56 bytes]","args":[{"element-6066-11e4-a52e-4f735466cecf":"f.3C12D8243027A57254BE39B169A080B9.d.80B05F1022852F87D6B8448E9F1BA3FE.e.2558","ELEMENT":"f.3C12D8243027A57254BE39B169A080B9.d.80B05F1022852F87D6B8448E9F1BA3FE.e.2558"}]}
RESULT: {"script":"<script> [56 bytes]","args":[{"element-6066-11e4-a52e-4f735466cecf":"f.3C12D8243027A57254BE39B169A080B9.d.80B05F1022852F87D6B8448E9F1BA3FE.e.2558","ELEMENT":"f.3C12D8243027A57254BE39B169A080B9.d.80B05F1022852F87D6B8448E9F1BA3FE.e.2558"}]}
COMMAND: POST /session/c336b23a39170495adacb30ef5b99798/element - {"using":"xpath","value":"//table[contains(@id, \"customPartnersTable-listUl\")]/tbody/tr[1]/td[7]/div/span"}
COMMAND: GET /session/c336b23a39170495adacb30ef5b99798/screenshot - {}
RESULT: {"using":"xpath","value":"//table[contains(@id, \"customPartnersTable-listUl\")]/tbody/tr[1]/td[7]/div/span"}
COMMAND: POST /session/c336b23a39170495adacb30ef5b99798/execute/sync - {"script":"<script> [56 bytes]","args":[{"element-6066-11e4-a52e-4f735466cecf":"f.3C12D8243027A57254BE39B169A080B9.d.80B05F1022852F87D6B8448E9F1BA3FE.e.2559","ELEMENT":"f.3C12D8243027A57254BE39B169A080B9.d.80B05F1022852F87D6B8448E9F1BA3FE.e.2559"}]}
RESULT: {}
RESULT: {"script":"<script> [56 bytes]","args":[{"element-6066-11e4-a52e-4f735466cecf":"f.3C12D8243027A57254BE39B169A080B9.d.80B05F1022852F87D6B8448E9F1BA3FE.e.2559","ELEMENT":"f.3C12D8243027A57254BE39B169A080B9.d.80B05F1022852F87D6B8448E9F1BA3FE.e.2559"}]}
COMMAND: POST /session/c336b23a39170495adacb30ef5b99798/element - {"using":"xpath","value":"//table[contains(@id, \"customPartnersTable-listUl\")]/tbody/tr[1]/td[2]/div/div"}
COMMAND: GET /session/c336b23a39170495adacb30ef5b99798/screenshot - {}
RESULT: {"using":"xpath","value":"//table[contains(@id, \"customPartnersTable-listUl\")]/tbody/tr[1]/td[2]/div/div"}
COMMAND: POST /session/c336b23a39170495adacb30ef5b99798/element/f.3C12D8243027A57254BE39B169A080B9.d.80B05F1022852F87D6B8448E9F1BA3FE.e.2560/click - {}
RESULT: {}
RESULT: {}
COMMAND: GET /session/c336b23a39170495adacb30ef5b99798/screenshot - {}
RESULT: {}
COMMAND: POST /session/c336b23a39170495adacb30ef5b99798/element - {"using":"xpath","value":"//bdi[contains(text(), \"Activate\")]"}
RESULT: {"using":"xpath","value":"//bdi[contains(text(), \"Activate\")]"}
COMMAND: POST /session/c336b23a39170495adacb30ef5b99798/element/f.3C12D8243027A57254BE39B169A080B9.d.80B05F1022852F87D6B8448E9F1BA3FE.e.2561/click - {}
RESULT: {}
COMMAND: GET /session/c336b23a39170495adacb30ef5b99798/screenshot - {}
RESULT: {}
COMMAND: POST /session/c336b23a39170495adacb30ef5b99798/element - {"using":"xpath","value":"//bdi[contains(text(), \"Yes\")]"}
RESULT: {"using":"xpath","value":"//bdi[contains(text(), \"Yes\")]"}
COMMAND: POST /session/c336b23a39170495adacb30ef5b99798/element/f.3C12D8243027A57254BE39B169A080B9.d.80B05F1022852F87D6B8448E9F1BA3FE.e.2563/click - {}
RESULT: {}
COMMAND: GET /session/c336b23a39170495adacb30ef5b99798/screenshot - {}
RESULT: {}
COMMAND: POST /session/c336b23a39170495adacb30ef5b99798/element - {"using":"xpath","value":"//table[contains(@id, \"customPartnersTable-listUl\")]/tbody/tr[1]/td[7]/div/span"}
RESULT: {"using":"xpath","value":"//table[contains(@id, \"customPartnersTable-listUl\")]/tbody/tr[1]/td[7]/div/span"}
COMMAND: POST /session/c336b23a39170495adacb30ef5b99798/execute/sync - {"script":"<script> [56 bytes]","args":[{"element-6066-11e4-a52e-4f735466cecf":"f.3C12D8243027A57254BE39B169A080B9.d.80B05F1022852F87D6B8448E9F1BA3FE.e.2559","ELEMENT":"f.3C12D8243027A57254BE39B169A080B9.d.80B05F1022852F87D6B8448E9F1BA3FE.e.2559"}]}
RESULT: {"script":"<script> [56 bytes]","args":[{"element-6066-11e4-a52e-4f735466cecf":"f.3C12D8243027A57254BE39B169A080B9.d.80B05F1022852F87D6B8448E9F1BA3FE.e.2559","ELEMENT":"f.3C12D8243027A57254BE39B169A080B9.d.80B05F1022852F87D6B8448E9F1BA3FE.e.2559"}]}
COMMAND: GET /session/c336b23a39170495adacb30ef5b99798/screenshot - {}
RESULT: {}
COMMAND: POST /session/c336b23a39170495adacb30ef5b99798/element - {"using":"css selector","value":"#shell-header-logo"}
RESULT: {"using":"css selector","value":"#shell-header-logo"}
COMMAND: POST /session/c336b23a39170495adacb30ef5b99798/element/f.3C12D8243027A57254BE39B169A080B9.d.80B05F1022852F87D6B8448E9F1BA3FE.e.2379/click - {}
RESULT: {}
COMMAND: GET /session/c336b23a39170495adacb30ef5b99798/screenshot - {}
RESULT: {}
]]></system-out>
    </testcase>
    <testcase classname="chrome.135_0_7049_96.windows.Partner_specific_tests_US150819_US151080_US151654_US151176_US103444_US151078_US151079_US151109_US151174_US151175_US151189" name="Should edit the created external partner and save it and check its content US103444" time="65.022">
      <system-out><![CDATA[
COMMAND: POST /session/c336b23a39170495adacb30ef5b99798/element - {"using":"xpath","value":"//li[.//span[text()=\"Manage Partners\"]]"}
RESULT: {"using":"xpath","value":"//li[.//span[text()=\"Manage Partners\"]]"}
COMMAND: POST /session/c336b23a39170495adacb30ef5b99798/element - {"using":"xpath","value":"//li[.//span[text()=\"Manage Partners\"]]"}
RESULT: {"using":"xpath","value":"//li[.//span[text()=\"Manage Partners\"]]"}
COMMAND: POST /session/c336b23a39170495adacb30ef5b99798/element - {"using":"css selector","value":"#shell-header-logo"}
RESULT: {"using":"css selector","value":"#shell-header-logo"}
COMMAND: POST /session/c336b23a39170495adacb30ef5b99798/element/f.3C12D8243027A57254BE39B169A080B9.d.80B05F1022852F87D6B8448E9F1BA3FE.e.2567/click - {}
COMMAND: POST /session/c336b23a39170495adacb30ef5b99798/execute/sync - {"script":"<script> [8489 bytes]","args":[{"element-6066-11e4-a52e-4f735466cecf":"f.3C12D8243027A57254BE39B169A080B9.d.80B05F1022852F87D6B8448E9F1BA3FE.e.2567","ELEMENT":"f.3C12D8243027A57254BE39B169A080B9.d.80B05F1022852F87D6B8448E9F1BA3FE.e.2567"}]}
RESULT: {"script":"<script> [8489 bytes]","args":[{"element-6066-11e4-a52e-4f735466cecf":"f.3C12D8243027A57254BE39B169A080B9.d.80B05F1022852F87D6B8448E9F1BA3FE.e.2567","ELEMENT":"f.3C12D8243027A57254BE39B169A080B9.d.80B05F1022852F87D6B8448E9F1BA3FE.e.2567"}]}
COMMAND: POST /session/c336b23a39170495adacb30ef5b99798/execute/sync - {"script":"<script> [5351 bytes]","args":[{"element-6066-11e4-a52e-4f735466cecf":"f.3C12D8243027A57254BE39B169A080B9.d.80B05F1022852F87D6B8448E9F1BA3FE.e.2567","ELEMENT":"f.3C12D8243027A57254BE39B169A080B9.d.80B05F1022852F87D6B8448E9F1BA3FE.e.2567"}]}
COMMAND: GET /session/c336b23a39170495adacb30ef5b99798/screenshot - {}
RESULT: {}
COMMAND: GET /session/c336b23a39170495adacb30ef5b99798/screenshot - {}
RESULT: {"script":"<script> [5351 bytes]","args":[{"element-6066-11e4-a52e-4f735466cecf":"f.3C12D8243027A57254BE39B169A080B9.d.80B05F1022852F87D6B8448E9F1BA3FE.e.2567","ELEMENT":"f.3C12D8243027A57254BE39B169A080B9.d.80B05F1022852F87D6B8448E9F1BA3FE.e.2567"}]}
COMMAND: GET /session/c336b23a39170495adacb30ef5b99798/screenshot - {}
RESULT: {}
RESULT: {}
RESULT: {}
RESULT: undefined
COMMAND: POST /session/c336b23a39170495adacb30ef5b99798/element - {"using":"xpath","value":"//*[@id=\"__tile38\"]"}
RESULT: {"using":"xpath","value":"//*[@id=\"__tile38\"]"}
COMMAND: POST /session/c336b23a39170495adacb30ef5b99798/element/f.3C12D8243027A57254BE39B169A080B9.d.80B05F1022852F87D6B8448E9F1BA3FE.e.154/click - {}
RESULT: {}
COMMAND: POST /session/c336b23a39170495adacb30ef5b99798/element - {"using":"xpath","value":"//button[@data-kt=\"addButton\"]"}
COMMAND: GET /session/c336b23a39170495adacb30ef5b99798/screenshot - {}
RESULT: {"using":"xpath","value":"//button[@data-kt=\"addButton\"]"}
COMMAND: POST /session/c336b23a39170495adacb30ef5b99798/elements - {"using":"xpath","value":"//button[@data-kt=\"addButton\"]"}
RESULT: {}
RESULT: {"using":"xpath","value":"//button[@data-kt=\"addButton\"]"}
COMMAND: POST /session/c336b23a39170495adacb30ef5b99798/elements - {"using":"xpath","value":"//button[@data-kt=\"addButton\"]"}
RESULT: {"using":"xpath","value":"//button[@data-kt=\"addButton\"]"}
COMMAND: POST /session/c336b23a39170495adacb30ef5b99798/elements - {"using":"xpath","value":"//button[@data-kt=\"addButton\"]"}
RESULT: {"using":"xpath","value":"//button[@data-kt=\"addButton\"]"}
COMMAND: POST /session/c336b23a39170495adacb30ef5b99798/elements - {"using":"xpath","value":"//button[@data-kt=\"addButton\"]"}
RESULT: {"using":"xpath","value":"//button[@data-kt=\"addButton\"]"}
COMMAND: POST /session/c336b23a39170495adacb30ef5b99798/elements - {"using":"xpath","value":"//button[@data-kt=\"addButton\"]"}
RESULT: {"using":"xpath","value":"//button[@data-kt=\"addButton\"]"}
COMMAND: POST /session/c336b23a39170495adacb30ef5b99798/elements - {"using":"xpath","value":"//button[@data-kt=\"addButton\"]"}
RESULT: {"using":"xpath","value":"//button[@data-kt=\"addButton\"]"}
COMMAND: POST /session/c336b23a39170495adacb30ef5b99798/elements - {"using":"xpath","value":"//button[@data-kt=\"addButton\"]"}
RESULT: {"using":"xpath","value":"//button[@data-kt=\"addButton\"]"}
COMMAND: POST /session/c336b23a39170495adacb30ef5b99798/elements - {"using":"xpath","value":"//button[@data-kt=\"addButton\"]"}
RESULT: {"using":"xpath","value":"//button[@data-kt=\"addButton\"]"}
COMMAND: POST /session/c336b23a39170495adacb30ef5b99798/elements - {"using":"xpath","value":"//button[@data-kt=\"addButton\"]"}
RESULT: {"using":"xpath","value":"//button[@data-kt=\"addButton\"]"}
COMMAND: POST /session/c336b23a39170495adacb30ef5b99798/elements - {"using":"xpath","value":"//button[@data-kt=\"addButton\"]"}
RESULT: {"using":"xpath","value":"//button[@data-kt=\"addButton\"]"}
COMMAND: POST /session/c336b23a39170495adacb30ef5b99798/elements - {"using":"xpath","value":"//button[@data-kt=\"addButton\"]"}
RESULT: {"using":"xpath","value":"//button[@data-kt=\"addButton\"]"}
COMMAND: POST /session/c336b23a39170495adacb30ef5b99798/elements - {"using":"xpath","value":"//button[@data-kt=\"addButton\"]"}
RESULT: {"using":"xpath","value":"//button[@data-kt=\"addButton\"]"}
COMMAND: POST /session/c336b23a39170495adacb30ef5b99798/elements - {"using":"xpath","value":"//button[@data-kt=\"addButton\"]"}
RESULT: {"using":"xpath","value":"//button[@data-kt=\"addButton\"]"}
COMMAND: POST /session/c336b23a39170495adacb30ef5b99798/elements - {"using":"xpath","value":"//button[@data-kt=\"addButton\"]"}
RESULT: {"using":"xpath","value":"//button[@data-kt=\"addButton\"]"}
COMMAND: POST /session/c336b23a39170495adacb30ef5b99798/elements - {"using":"xpath","value":"//button[@data-kt=\"addButton\"]"}
RESULT: {"using":"xpath","value":"//button[@data-kt=\"addButton\"]"}
COMMAND: POST /session/c336b23a39170495adacb30ef5b99798/elements - {"using":"xpath","value":"//button[@data-kt=\"addButton\"]"}
RESULT: {"using":"xpath","value":"//button[@data-kt=\"addButton\"]"}
COMMAND: POST /session/c336b23a39170495adacb30ef5b99798/elements - {"using":"xpath","value":"//button[@data-kt=\"addButton\"]"}
RESULT: {"using":"xpath","value":"//button[@data-kt=\"addButton\"]"}
COMMAND: POST /session/c336b23a39170495adacb30ef5b99798/elements - {"using":"xpath","value":"//button[@data-kt=\"addButton\"]"}
RESULT: {"using":"xpath","value":"//button[@data-kt=\"addButton\"]"}
COMMAND: POST /session/c336b23a39170495adacb30ef5b99798/elements - {"using":"xpath","value":"//button[@data-kt=\"addButton\"]"}
RESULT: {"using":"xpath","value":"//button[@data-kt=\"addButton\"]"}
COMMAND: POST /session/c336b23a39170495adacb30ef5b99798/elements - {"using":"xpath","value":"//button[@data-kt=\"addButton\"]"}
RESULT: {"using":"xpath","value":"//button[@data-kt=\"addButton\"]"}
COMMAND: POST /session/c336b23a39170495adacb30ef5b99798/elements - {"using":"xpath","value":"//button[@data-kt=\"addButton\"]"}
RESULT: {"using":"xpath","value":"//button[@data-kt=\"addButton\"]"}
COMMAND: POST /session/c336b23a39170495adacb30ef5b99798/elements - {"using":"xpath","value":"//button[@data-kt=\"addButton\"]"}
RESULT: {"using":"xpath","value":"//button[@data-kt=\"addButton\"]"}
COMMAND: POST /session/c336b23a39170495adacb30ef5b99798/elements - {"using":"xpath","value":"//button[@data-kt=\"addButton\"]"}
RESULT: {"using":"xpath","value":"//button[@data-kt=\"addButton\"]"}
COMMAND: POST /session/c336b23a39170495adacb30ef5b99798/elements - {"using":"xpath","value":"//button[@data-kt=\"addButton\"]"}
RESULT: {"using":"xpath","value":"//button[@data-kt=\"addButton\"]"}
COMMAND: POST /session/c336b23a39170495adacb30ef5b99798/elements - {"using":"xpath","value":"//button[@data-kt=\"addButton\"]"}
RESULT: {"using":"xpath","value":"//button[@data-kt=\"addButton\"]"}
COMMAND: POST /session/c336b23a39170495adacb30ef5b99798/elements - {"using":"xpath","value":"//button[@data-kt=\"addButton\"]"}
RESULT: {"using":"xpath","value":"//button[@data-kt=\"addButton\"]"}
COMMAND: POST /session/c336b23a39170495adacb30ef5b99798/elements - {"using":"xpath","value":"//button[@data-kt=\"addButton\"]"}
RESULT: {"using":"xpath","value":"//button[@data-kt=\"addButton\"]"}
COMMAND: POST /session/c336b23a39170495adacb30ef5b99798/elements - {"using":"xpath","value":"//button[@data-kt=\"addButton\"]"}
RESULT: {"using":"xpath","value":"//button[@data-kt=\"addButton\"]"}
COMMAND: POST /session/c336b23a39170495adacb30ef5b99798/elements - {"using":"xpath","value":"//button[@data-kt=\"addButton\"]"}
RESULT: {"using":"xpath","value":"//button[@data-kt=\"addButton\"]"}
COMMAND: POST /session/c336b23a39170495adacb30ef5b99798/elements - {"using":"xpath","value":"//button[@data-kt=\"addButton\"]"}
RESULT: {"using":"xpath","value":"//button[@data-kt=\"addButton\"]"}
COMMAND: POST /session/c336b23a39170495adacb30ef5b99798/elements - {"using":"xpath","value":"//button[@data-kt=\"addButton\"]"}
RESULT: {"using":"xpath","value":"//button[@data-kt=\"addButton\"]"}
COMMAND: POST /session/c336b23a39170495adacb30ef5b99798/element - {"using":"xpath","value":"//button[@data-kt=\"addButton\"]"}
RESULT: {"using":"xpath","value":"//button[@data-kt=\"addButton\"]"}
COMMAND: POST /session/c336b23a39170495adacb30ef5b99798/execute/sync - {"script":"<script> [8489 bytes]","args":[{"element-6066-11e4-a52e-4f735466cecf":"f.3C12D8243027A57254BE39B169A080B9.d.80B05F1022852F87D6B8448E9F1BA3FE.e.2613","ELEMENT":"f.3C12D8243027A57254BE39B169A080B9.d.80B05F1022852F87D6B8448E9F1BA3FE.e.2613"}]}
RESULT: {"script":"<script> [8489 bytes]","args":[{"element-6066-11e4-a52e-4f735466cecf":"f.3C12D8243027A57254BE39B169A080B9.d.80B05F1022852F87D6B8448E9F1BA3FE.e.2613","ELEMENT":"f.3C12D8243027A57254BE39B169A080B9.d.80B05F1022852F87D6B8448E9F1BA3FE.e.2613"}]}
COMMAND: GET /session/c336b23a39170495adacb30ef5b99798/element/f.3C12D8243027A57254BE39B169A080B9.d.80B05F1022852F87D6B8448E9F1BA3FE.e.2613/enabled - {}
COMMAND: GET /session/c336b23a39170495adacb30ef5b99798/screenshot - {}
RESULT: {}
COMMAND: POST /session/c336b23a39170495adacb30ef5b99798/execute/sync - {"script":"<script> [8489 bytes]","args":[{"element-6066-11e4-a52e-4f735466cecf":"f.3C12D8243027A57254BE39B169A080B9.d.80B05F1022852F87D6B8448E9F1BA3FE.e.2613","ELEMENT":"f.3C12D8243027A57254BE39B169A080B9.d.80B05F1022852F87D6B8448E9F1BA3FE.e.2613"}]}
COMMAND: GET /session/c336b23a39170495adacb30ef5b99798/screenshot - {}
RESULT: {}
RESULT: {"script":"<script> [8489 bytes]","args":[{"element-6066-11e4-a52e-4f735466cecf":"f.3C12D8243027A57254BE39B169A080B9.d.80B05F1022852F87D6B8448E9F1BA3FE.e.2613","ELEMENT":"f.3C12D8243027A57254BE39B169A080B9.d.80B05F1022852F87D6B8448E9F1BA3FE.e.2613"}]}
COMMAND: POST /session/c336b23a39170495adacb30ef5b99798/execute/sync - {"script":"<script> [5351 bytes]","args":[{"element-6066-11e4-a52e-4f735466cecf":"f.3C12D8243027A57254BE39B169A080B9.d.80B05F1022852F87D6B8448E9F1BA3FE.e.2613","ELEMENT":"f.3C12D8243027A57254BE39B169A080B9.d.80B05F1022852F87D6B8448E9F1BA3FE.e.2613"}]}
COMMAND: GET /session/c336b23a39170495adacb30ef5b99798/screenshot - {}
RESULT: {}
RESULT: {"script":"<script> [5351 bytes]","args":[{"element-6066-11e4-a52e-4f735466cecf":"f.3C12D8243027A57254BE39B169A080B9.d.80B05F1022852F87D6B8448E9F1BA3FE.e.2613","ELEMENT":"f.3C12D8243027A57254BE39B169A080B9.d.80B05F1022852F87D6B8448E9F1BA3FE.e.2613"}]}
COMMAND: GET /session/c336b23a39170495adacb30ef5b99798/screenshot - {}
RESULT: {}
RESULT: {}
RESULT: undefined
COMMAND: POST /session/c336b23a39170495adacb30ef5b99798/execute/async - {"script":"<script> [776 bytes]","args":[{"enterText":"1472","selector":{"id":"application-managepartners-display-component---masterPtm--smartFilterBar-btnBasicSearch","interaction":{"idSuffix":"I"}},"clearTextFirst":true,"interactionType":"ENTER_TEXT"}]}
RESULT: {"script":"<script> [776 bytes]","args":[{"enterText":"1472","selector":{"id":"application-managepartners-display-component---masterPtm--smartFilterBar-btnBasicSearch","interaction":{"idSuffix":"I"}},"clearTextFirst":true,"interactionType":"ENTER_TEXT"}]}
COMMAND: POST /session/c336b23a39170495adacb30ef5b99798/actions - {"actions":[{"id":"action6","type":"key","parameters":{},"actions":[{"type":"keyDown","value":"î€‡"},{"type":"pause","duration":10},{"type":"keyUp","value":"î€‡"}]}]}
RESULT: {"actions":[{"id":"action6","type":"key","parameters":{},"actions":[{"type":"keyDown","value":"î€‡"},{"type":"pause","duration":10},{"type":"keyUp","value":"î€‡"}]}]}
COMMAND: GET /session/c336b23a39170495adacb30ef5b99798/screenshot - {}
RESULT: {}
COMMAND: POST /session/c336b23a39170495adacb30ef5b99798/elements - {"using":"xpath","value":"//table[contains(@id, \"customPartnersTable-listUl\")]/tbody/tr"}
RESULT: {"using":"xpath","value":"//table[contains(@id, \"customPartnersTable-listUl\")]/tbody/tr"}
COMMAND: POST /session/c336b23a39170495adacb30ef5b99798/element - {"using":"xpath","value":"//table[contains(@id, \"customPartnersTable-listUl\")]/tbody/tr[1]/td[3]/span"}
RESULT: {"using":"xpath","value":"//table[contains(@id, \"customPartnersTable-listUl\")]/tbody/tr[1]/td[3]/span"}
COMMAND: POST /session/c336b23a39170495adacb30ef5b99798/elements - {"using":"xpath","value":"//table[contains(@id, \"customPartnersTable-listUl\")]/tbody/tr[1]/td[3]/span"}
RESULT: {"using":"xpath","value":"//table[contains(@id, \"customPartnersTable-listUl\")]/tbody/tr[1]/td[3]/span"}
COMMAND: POST /session/c336b23a39170495adacb30ef5b99798/execute/sync - {"script":"<script> [56 bytes]","args":[{"element-6066-11e4-a52e-4f735466cecf":"f.3C12D8243027A57254BE39B169A080B9.d.80B05F1022852F87D6B8448E9F1BA3FE.e.2749","ELEMENT":"f.3C12D8243027A57254BE39B169A080B9.d.80B05F1022852F87D6B8448E9F1BA3FE.e.2749"}]}
RESULT: {"script":"<script> [56 bytes]","args":[{"element-6066-11e4-a52e-4f735466cecf":"f.3C12D8243027A57254BE39B169A080B9.d.80B05F1022852F87D6B8448E9F1BA3FE.e.2749","ELEMENT":"f.3C12D8243027A57254BE39B169A080B9.d.80B05F1022852F87D6B8448E9F1BA3FE.e.2749"}]}
COMMAND: POST /session/c336b23a39170495adacb30ef5b99798/element - {"using":"xpath","value":"(//span[contains(@id, \"imgNav\")])[1]"}
COMMAND: GET /session/c336b23a39170495adacb30ef5b99798/screenshot - {}
RESULT: {"using":"xpath","value":"(//span[contains(@id, \"imgNav\")])[1]"}
COMMAND: POST /session/c336b23a39170495adacb30ef5b99798/element/f.3C12D8243027A57254BE39B169A080B9.d.80B05F1022852F87D6B8448E9F1BA3FE.e.2746/click - {}
RESULT: {}
RESULT: {}
COMMAND: GET /session/c336b23a39170495adacb30ef5b99798/screenshot - {}
RESULT: {}
COMMAND: POST /session/c336b23a39170495adacb30ef5b99798/element - {"using":"xpath","value":"//bdi[contains(text(), \"Edit\")]"}
RESULT: {"using":"xpath","value":"//bdi[contains(text(), \"Edit\")]"}
COMMAND: POST /session/c336b23a39170495adacb30ef5b99798/element/f.3C12D8243027A57254BE39B169A080B9.d.80B05F1022852F87D6B8448E9F1BA3FE.e.2891/click - {}
RESULT: {}
COMMAND: GET /session/c336b23a39170495adacb30ef5b99798/screenshot - {}
RESULT: {}
COMMAND: POST /session/c336b23a39170495adacb30ef5b99798/execute/async - {"script":"<script> [1562 bytes]","args":[{"selector":{"controlType":"sap.m.Input","viewName":"etm.portal.ui.managepartners.view.EditDetail","labelFor":{"text":"Name"},"interaction":{"idSuffix":"inner"}},"wdio_ui5_key":"etmportal.ui.managepartners.view.EditDetailsap.m.Input{\"text\":\"Name\"}"}]}
RESULT: {"script":"<script> [1562 bytes]","args":[{"selector":{"controlType":"sap.m.Input","viewName":"etm.portal.ui.managepartners.view.EditDetail","labelFor":{"text":"Name"},"interaction":{"idSuffix":"inner"}},"wdio_ui5_key":"etmportal.ui.managepartners.view.EditDetailsap.m.Input{\"text\":\"Name\"}"}]}
RESULT: undefined
COMMAND: POST /session/c336b23a39170495adacb30ef5b99798/execute/async - {"script":"<script> [776 bytes]","args":[{"enterText":"External EDIT","selector":{"controlType":"sap.m.Input","viewName":"etm.portal.ui.managepartners.view.EditDetail","labelFor":{"text":"Name"},"interaction":{"idSuffix":"inner"}},"clearTextFirst":true,"interactionType":"ENTER_TEXT"}]}
RESULT: {"script":"<script> [776 bytes]","args":[{"enterText":"External EDIT","selector":{"controlType":"sap.m.Input","viewName":"etm.portal.ui.managepartners.view.EditDetail","labelFor":{"text":"Name"},"interaction":{"idSuffix":"inner"}},"clearTextFirst":true,"interactionType":"ENTER_TEXT"}]}
COMMAND: POST /session/c336b23a39170495adacb30ef5b99798/element - {"using":"xpath","value":"(//span[contains(@id,\"addressDetailDetailsLanguage-arrow\")])[1]"}
RESULT: {"using":"xpath","value":"(//span[contains(@id,\"addressDetailDetailsLanguage-arrow\")])[1]"}
COMMAND: POST /session/c336b23a39170495adacb30ef5b99798/element/f.3C12D8243027A57254BE39B169A080B9.d.80B05F1022852F87D6B8448E9F1BA3FE.e.2969/click - {}
RESULT: {}
COMMAND: POST /session/c336b23a39170495adacb30ef5b99798/element - {"using":"xpath","value":"//span[contains(text(), \"Chinese\")]"}
COMMAND: GET /session/c336b23a39170495adacb30ef5b99798/screenshot - {}
RESULT: {"using":"xpath","value":"//span[contains(text(), \"Chinese\")]"}
COMMAND: POST /session/c336b23a39170495adacb30ef5b99798/element/f.3C12D8243027A57254BE39B169A080B9.d.80B05F1022852F87D6B8448E9F1BA3FE.e.2970/click - {}
RESULT: {}
RESULT: {}
COMMAND: GET /session/c336b23a39170495adacb30ef5b99798/screenshot - {}
RESULT: {}
COMMAND: POST /session/c336b23a39170495adacb30ef5b99798/execute/async - {"script":"<script> [1562 bytes]","args":[{"selector":{"controlType":"sap.m.Input","viewName":"etm.portal.ui.managepartners.view.EditDetail","labelFor":{"text":"City"},"interaction":{"idSuffix":"inner"}},"wdio_ui5_key":"etmportal.ui.managepartners.view.EditDetailsap.m.Input{\"text\":\"City\"}"}]}
RESULT: {"script":"<script> [1562 bytes]","args":[{"selector":{"controlType":"sap.m.Input","viewName":"etm.portal.ui.managepartners.view.EditDetail","labelFor":{"text":"City"},"interaction":{"idSuffix":"inner"}},"wdio_ui5_key":"etmportal.ui.managepartners.view.EditDetailsap.m.Input{\"text\":\"City\"}"}]}
RESULT: undefined
COMMAND: POST /session/c336b23a39170495adacb30ef5b99798/execute/async - {"script":"<script> [776 bytes]","args":[{"enterText":"Clooj-Napoca","selector":{"controlType":"sap.m.Input","viewName":"etm.portal.ui.managepartners.view.EditDetail","labelFor":{"text":"City"},"interaction":{"idSuffix":"inner"}},"clearTextFirst":true,"interactionType":"ENTER_TEXT"}]}
RESULT: {"script":"<script> [776 bytes]","args":[{"enterText":"Clooj-Napoca","selector":{"controlType":"sap.m.Input","viewName":"etm.portal.ui.managepartners.view.EditDetail","labelFor":{"text":"City"},"interaction":{"idSuffix":"inner"}},"clearTextFirst":true,"interactionType":"ENTER_TEXT"}]}
COMMAND: POST /session/c336b23a39170495adacb30ef5b99798/element - {"using":"xpath","value":"//button[@data-kt=\"saveButton\"]"}
RESULT: {"using":"xpath","value":"//button[@data-kt=\"saveButton\"]"}
COMMAND: POST /session/c336b23a39170495adacb30ef5b99798/element/f.3C12D8243027A57254BE39B169A080B9.d.80B05F1022852F87D6B8448E9F1BA3FE.e.2954/click - {}
RESULT: {}
COMMAND: GET /session/c336b23a39170495adacb30ef5b99798/screenshot - {}
RESULT: {}
COMMAND: POST /session/c336b23a39170495adacb30ef5b99798/execute/async - {"script":"<script> [1562 bytes]","args":[{"selector":{"id":"application-managepartners-display-component---detailPtm--addressDetailDetailsName1"},"wdio_ui5_key":"applicationmanagepartners-display-component---detailPtm--addressDetailDetailsName1"}]}
RESULT: {"script":"<script> [1562 bytes]","args":[{"selector":{"id":"application-managepartners-display-component---detailPtm--addressDetailDetailsName1"},"wdio_ui5_key":"applicationmanagepartners-display-component---detailPtm--addressDetailDetailsName1"}]}
RESULT: undefined
COMMAND: POST /session/c336b23a39170495adacb30ef5b99798/execute/async - {"script":"<script> [6424 bytes]","args":[{"element-6066-11e4-a52e-4f735466cecf":"f.3C12D8243027A57254BE39B169A080B9.d.80B05F1022852F87D6B8448E9F1BA3FE.e.3001"},"getValue",[]]}
RESULT: {"script":"<script> [6424 bytes]","args":[{"element-6066-11e4-a52e-4f735466cecf":"f.3C12D8243027A57254BE39B169A080B9.d.80B05F1022852F87D6B8448E9F1BA3FE.e.3001"},"getValue",[]]}
COMMAND: POST /session/c336b23a39170495adacb30ef5b99798/element - {"using":"xpath","value":"//input[@id = \"application-managepartners-display-component---detailPtm--addressDetailDetailsLanguage-inner\"]"}
RESULT: {"using":"xpath","value":"//input[@id = \"application-managepartners-display-component---detailPtm--addressDetailDetailsLanguage-inner\"]"}
COMMAND: GET /session/c336b23a39170495adacb30ef5b99798/element/f.3C12D8243027A57254BE39B169A080B9.d.80B05F1022852F87D6B8448E9F1BA3FE.e.3002/property/value - {}
RESULT: {}
COMMAND: POST /session/c336b23a39170495adacb30ef5b99798/execute/async - {"script":"<script> [1562 bytes]","args":[{"selector":{"id":"application-managepartners-display-component---detailPtm--addressDetailDetailsCity1"},"wdio_ui5_key":"applicationmanagepartners-display-component---detailPtm--addressDetailDetailsCity1"}]}
COMMAND: GET /session/c336b23a39170495adacb30ef5b99798/screenshot - {}
RESULT: {"script":"<script> [1562 bytes]","args":[{"selector":{"id":"application-managepartners-display-component---detailPtm--addressDetailDetailsCity1"},"wdio_ui5_key":"applicationmanagepartners-display-component---detailPtm--addressDetailDetailsCity1"}]}
RESULT: undefined
COMMAND: POST /session/c336b23a39170495adacb30ef5b99798/execute/async - {"script":"<script> [6424 bytes]","args":[{"element-6066-11e4-a52e-4f735466cecf":"f.3C12D8243027A57254BE39B169A080B9.d.80B05F1022852F87D6B8448E9F1BA3FE.e.3003"},"getValue",[]]}
RESULT: {}
RESULT: {"script":"<script> [6424 bytes]","args":[{"element-6066-11e4-a52e-4f735466cecf":"f.3C12D8243027A57254BE39B169A080B9.d.80B05F1022852F87D6B8448E9F1BA3FE.e.3003"},"getValue",[]]}
COMMAND: POST /session/c336b23a39170495adacb30ef5b99798/element - {"using":"css selector","value":"#shell-header-logo"}
RESULT: {"using":"css selector","value":"#shell-header-logo"}
COMMAND: POST /session/c336b23a39170495adacb30ef5b99798/element/f.3C12D8243027A57254BE39B169A080B9.d.80B05F1022852F87D6B8448E9F1BA3FE.e.2567/click - {}
RESULT: {}
COMMAND: GET /session/c336b23a39170495adacb30ef5b99798/screenshot - {}
RESULT: {}
]]></system-out>
    </testcase>
    <testcase classname="chrome.135_0_7049_96.windows.Partner_specific_tests_US150819_US151080_US151654_US151176_US103444_US151078_US151079_US151109_US151174_US151175_US151189" name="Should create a new intercompany partner edit some of its fields US151078" time="233.343">
      <system-out><![CDATA[
COMMAND: POST /session/c336b23a39170495adacb30ef5b99798/element - {"using":"xpath","value":"//li[.//span[text()=\"Manage Partners\"]]"}
RESULT: {"using":"xpath","value":"//li[.//span[text()=\"Manage Partners\"]]"}
COMMAND: POST /session/c336b23a39170495adacb30ef5b99798/element - {"using":"xpath","value":"//li[.//span[text()=\"Manage Partners\"]]"}
RESULT: {"using":"xpath","value":"//li[.//span[text()=\"Manage Partners\"]]"}
COMMAND: POST /session/c336b23a39170495adacb30ef5b99798/element - {"using":"css selector","value":"#shell-header-logo"}
RESULT: {"using":"css selector","value":"#shell-header-logo"}
COMMAND: POST /session/c336b23a39170495adacb30ef5b99798/element/f.3C12D8243027A57254BE39B169A080B9.d.80B05F1022852F87D6B8448E9F1BA3FE.e.3033/click - {}
COMMAND: POST /session/c336b23a39170495adacb30ef5b99798/execute/sync - {"script":"<script> [8489 bytes]","args":[{"element-6066-11e4-a52e-4f735466cecf":"f.3C12D8243027A57254BE39B169A080B9.d.80B05F1022852F87D6B8448E9F1BA3FE.e.3033","ELEMENT":"f.3C12D8243027A57254BE39B169A080B9.d.80B05F1022852F87D6B8448E9F1BA3FE.e.3033"}]}
RESULT: {}
COMMAND: GET /session/c336b23a39170495adacb30ef5b99798/screenshot - {}
RESULT: {"script":"<script> [8489 bytes]","args":[{"element-6066-11e4-a52e-4f735466cecf":"f.3C12D8243027A57254BE39B169A080B9.d.80B05F1022852F87D6B8448E9F1BA3FE.e.3033","ELEMENT":"f.3C12D8243027A57254BE39B169A080B9.d.80B05F1022852F87D6B8448E9F1BA3FE.e.3033"}]}
COMMAND: POST /session/c336b23a39170495adacb30ef5b99798/execute/sync - {"script":"<script> [5351 bytes]","args":[{"element-6066-11e4-a52e-4f735466cecf":"f.3C12D8243027A57254BE39B169A080B9.d.80B05F1022852F87D6B8448E9F1BA3FE.e.3033","ELEMENT":"f.3C12D8243027A57254BE39B169A080B9.d.80B05F1022852F87D6B8448E9F1BA3FE.e.3033"}]}
COMMAND: GET /session/c336b23a39170495adacb30ef5b99798/screenshot - {}
RESULT: {}
RESULT: {"script":"<script> [5351 bytes]","args":[{"element-6066-11e4-a52e-4f735466cecf":"f.3C12D8243027A57254BE39B169A080B9.d.80B05F1022852F87D6B8448E9F1BA3FE.e.3033","ELEMENT":"f.3C12D8243027A57254BE39B169A080B9.d.80B05F1022852F87D6B8448E9F1BA3FE.e.3033"}]}
COMMAND: GET /session/c336b23a39170495adacb30ef5b99798/screenshot - {}
RESULT: {}
RESULT: {}
COMMAND: POST /session/c336b23a39170495adacb30ef5b99798/refresh - {}
RESULT: {}
COMMAND: GET /session/c336b23a39170495adacb30ef5b99798/screenshot - {}
RESULT: {}
COMMAND: POST /session/c336b23a39170495adacb30ef5b99798/refresh - {}
RESULT: {}
COMMAND: GET /session/c336b23a39170495adacb30ef5b99798/screenshot - {}
RESULT: {}
COMMAND: POST /session/c336b23a39170495adacb30ef5b99798/window/fullscreen - {}
RESULT: {}
COMMAND: POST /session/c336b23a39170495adacb30ef5b99798/execute/async - {"script":"<script> [189 bytes]","args":[]}
RESULT: {"script":"<script> [189 bytes]","args":[]}
COMMAND: POST /session/c336b23a39170495adacb30ef5b99798/execute/async - {"script":"<script> [123 bytes]","args":[]}
RESULT: {"script":"<script> [123 bytes]","args":[]}
COMMAND: POST /session/c336b23a39170495adacb30ef5b99798/timeouts - {"script":"<number>"}
RESULT: {"script":"<number>"}
COMMAND: GET /session/c336b23a39170495adacb30ef5b99798/timeouts - {}
RESULT: {}
RESULT: undefined
COMMAND: POST /session/c336b23a39170495adacb30ef5b99798/execute/async - {"script":"<script> [2676 bytes]","args":[]}
RESULT: {"script":"<script> [2676 bytes]","args":[]}
COMMAND: POST /session/c336b23a39170495adacb30ef5b99798/execute/async - {"script":"<script> [2342 bytes]","args":[{"protocol":"http","hostname":"0.0.0.0","path":"/","capabilities":{"browserName":"chrome","goog:chromeOptions":{"binary":"C:\\Program Files\\Google\\Chrome\\Application\\chrome.exe","args":["--start-maximized"]}},"logLevel":"warn","connectionRetryTimeout":120000,"connectionRetryCount":3,"logLevels":{},"enableDirectConnect":true,"strictSSL":true,"_":"65 more keys: [\"cacheDir\",\"port\",\"requestedCapabilities\",\"automationProtocol\",\"baseUrl\",\"waitforInterval\",\"waitforTimeout\",\"onReload\",\"beforeCommand\",\"afterCommand\",\"rootDir\",\"specs\",\"suites\",\"exclude\",\"groupLogsByTestSpec\",\"excludeDriverLogs\",\"bail\",\"framework\",\"reporters\",\"services\",\"maxInstances\",\"maxInstancesPerCapability\",\"injectGlobals\",\"filesToWatch\",\"execArgv\",\"runnerEnv\",\"runner\",\"shard\",\"specFileRetries\",\"specFileRetriesDelay\",\"specFileRetriesDeferred\",\"reporterSyncInterval\",\"reporterSyncTimeout\",\"cucumberFeaturesWithLineNumbers\",\"autoCompileOpts\",\"mochaOpts\",\"jasmineOpts\",\"cucumberOpts\",\"onPrepare\",\"onWorkerStart\",\"onWorkerEnd\",\"before\",\"beforeSession\",\"beforeSuite\",\"beforeHook\",\"beforeTest\",\"afterTest\",\"afterHook\",\"afterSuite\",\"afterSession\",\"after\",\"onComplete\",\"beforeAssertion\",\"afterAssertion\",\"beforeFeature\",\"beforeScenario\",\"beforeStep\",\"afterStep\",\"afterScenario\",\"afterFeature\",\"_\",\"suite\",\"$0\",\"ignoredWorkerServices\",\"wdi5\"]"}]}
RESULT: {"script":"<script> [2342 bytes]","args":[{"protocol":"http","hostname":"0.0.0.0","path":"/","capabilities":{"browserName":"chrome","goog:chromeOptions":{"binary":"C:\\Program Files\\Google\\Chrome\\Application\\chrome.exe","args":["--start-maximized"]}},"logLevel":"warn","connectionRetryTimeout":120000,"connectionRetryCount":3,"logLevels":{},"enableDirectConnect":true,"strictSSL":true,"_":"65 more keys: [\"cacheDir\",\"port\",\"requestedCapabilities\",\"automationProtocol\",\"baseUrl\",\"waitforInterval\",\"waitforTimeout\",\"onReload\",\"beforeCommand\",\"afterCommand\",\"rootDir\",\"specs\",\"suites\",\"exclude\",\"groupLogsByTestSpec\",\"excludeDriverLogs\",\"bail\",\"framework\",\"reporters\",\"services\",\"maxInstances\",\"maxInstancesPerCapability\",\"injectGlobals\",\"filesToWatch\",\"execArgv\",\"runnerEnv\",\"runner\",\"shard\",\"specFileRetries\",\"specFileRetriesDelay\",\"specFileRetriesDeferred\",\"reporterSyncInterval\",\"reporterSyncTimeout\",\"cucumberFeaturesWithLineNumbers\",\"autoCompileOpts\",\"mochaOpts\",\"jasmineOpts\",\"cucumberOpts\",\"onPrepare\",\"onWorkerStart\",\"onWorkerEnd\",\"before\",\"beforeSession\",\"beforeSuite\",\"beforeHook\",\"beforeTest\",\"afterTest\",\"afterHook\",\"afterSuite\",\"afterSession\",\"after\",\"onComplete\",\"beforeAssertion\",\"afterAssertion\",\"beforeFeature\",\"beforeScenario\",\"beforeStep\",\"afterStep\",\"afterScenario\",\"afterFeature\",\"_\",\"suite\",\"$0\",\"ignoredWorkerServices\",\"wdi5\"]"}]}
COMMAND: POST /session/c336b23a39170495adacb30ef5b99798/execute/async - {"script":"<script> [21126 bytes]","args":[35000]}
RESULT: {"script":"<script> [21126 bytes]","args":[35000]}
COMMAND: POST /session/c336b23a39170495adacb30ef5b99798/window/fullscreen - {}
RESULT: {}
COMMAND: POST /session/c336b23a39170495adacb30ef5b99798/window/fullscreen - {}
RESULT: {}
COMMAND: POST /session/c336b23a39170495adacb30ef5b99798/execute/async - {"script":"<script> [1562 bytes]","args":[{"selector":{"controlType":"sap.m.GenericTile","properties":{"header":"Manage Partners"}},"wdio_ui5_key":"sapm.GenericTile{\"header\":\"Manage Partners\"}"}]}
RESULT: {"script":"<script> [1562 bytes]","args":[{"selector":{"controlType":"sap.m.GenericTile","properties":{"header":"Manage Partners"}},"wdio_ui5_key":"sapm.GenericTile{\"header\":\"Manage Partners\"}"}]}
RESULT: undefined
COMMAND: POST /session/c336b23a39170495adacb30ef5b99798/element - {"using":"xpath","value":"//*[@id=\"__tile30\"]"}
RESULT: {"using":"xpath","value":"//*[@id=\"__tile30\"]"}
COMMAND: POST /session/c336b23a39170495adacb30ef5b99798/element/f.3C12D8243027A57254BE39B169A080B9.d.C4993473957FDE228A3A287461595B1E.e.3102/click - {}
RESULT: {}
COMMAND: POST /session/c336b23a39170495adacb30ef5b99798/element - {"using":"xpath","value":"//button[@data-kt=\"addButton\"]"}
COMMAND: GET /session/c336b23a39170495adacb30ef5b99798/screenshot - {}
RESULT: {"using":"xpath","value":"//button[@data-kt=\"addButton\"]"}
COMMAND: POST /session/c336b23a39170495adacb30ef5b99798/elements - {"using":"xpath","value":"//button[@data-kt=\"addButton\"]"}
RESULT: {}
RESULT: {"using":"xpath","value":"//button[@data-kt=\"addButton\"]"}
COMMAND: POST /session/c336b23a39170495adacb30ef5b99798/elements - {"using":"xpath","value":"//button[@data-kt=\"addButton\"]"}
RESULT: {"using":"xpath","value":"//button[@data-kt=\"addButton\"]"}
COMMAND: POST /session/c336b23a39170495adacb30ef5b99798/elements - {"using":"xpath","value":"//button[@data-kt=\"addButton\"]"}
RESULT: {"using":"xpath","value":"//button[@data-kt=\"addButton\"]"}
COMMAND: POST /session/c336b23a39170495adacb30ef5b99798/elements - {"using":"xpath","value":"//button[@data-kt=\"addButton\"]"}
RESULT: {"using":"xpath","value":"//button[@data-kt=\"addButton\"]"}
COMMAND: POST /session/c336b23a39170495adacb30ef5b99798/elements - {"using":"xpath","value":"//button[@data-kt=\"addButton\"]"}
RESULT: {"using":"xpath","value":"//button[@data-kt=\"addButton\"]"}
COMMAND: POST /session/c336b23a39170495adacb30ef5b99798/elements - {"using":"xpath","value":"//button[@data-kt=\"addButton\"]"}
RESULT: {"using":"xpath","value":"//button[@data-kt=\"addButton\"]"}
COMMAND: POST /session/c336b23a39170495adacb30ef5b99798/elements - {"using":"xpath","value":"//button[@data-kt=\"addButton\"]"}
RESULT: {"using":"xpath","value":"//button[@data-kt=\"addButton\"]"}
COMMAND: POST /session/c336b23a39170495adacb30ef5b99798/elements - {"using":"xpath","value":"//button[@data-kt=\"addButton\"]"}
RESULT: {"using":"xpath","value":"//button[@data-kt=\"addButton\"]"}
COMMAND: POST /session/c336b23a39170495adacb30ef5b99798/elements - {"using":"xpath","value":"//button[@data-kt=\"addButton\"]"}
RESULT: {"using":"xpath","value":"//button[@data-kt=\"addButton\"]"}
COMMAND: POST /session/c336b23a39170495adacb30ef5b99798/elements - {"using":"xpath","value":"//button[@data-kt=\"addButton\"]"}
RESULT: {"using":"xpath","value":"//button[@data-kt=\"addButton\"]"}
COMMAND: POST /session/c336b23a39170495adacb30ef5b99798/elements - {"using":"xpath","value":"//button[@data-kt=\"addButton\"]"}
RESULT: {"using":"xpath","value":"//button[@data-kt=\"addButton\"]"}
COMMAND: POST /session/c336b23a39170495adacb30ef5b99798/elements - {"using":"xpath","value":"//button[@data-kt=\"addButton\"]"}
RESULT: {"using":"xpath","value":"//button[@data-kt=\"addButton\"]"}
COMMAND: POST /session/c336b23a39170495adacb30ef5b99798/elements - {"using":"xpath","value":"//button[@data-kt=\"addButton\"]"}
RESULT: {"using":"xpath","value":"//button[@data-kt=\"addButton\"]"}
COMMAND: POST /session/c336b23a39170495adacb30ef5b99798/elements - {"using":"xpath","value":"//button[@data-kt=\"addButton\"]"}
RESULT: {"using":"xpath","value":"//button[@data-kt=\"addButton\"]"}
COMMAND: POST /session/c336b23a39170495adacb30ef5b99798/elements - {"using":"xpath","value":"//button[@data-kt=\"addButton\"]"}
RESULT: {"using":"xpath","value":"//button[@data-kt=\"addButton\"]"}
COMMAND: POST /session/c336b23a39170495adacb30ef5b99798/elements - {"using":"xpath","value":"//button[@data-kt=\"addButton\"]"}
RESULT: {"using":"xpath","value":"//button[@data-kt=\"addButton\"]"}
COMMAND: POST /session/c336b23a39170495adacb30ef5b99798/elements - {"using":"xpath","value":"//button[@data-kt=\"addButton\"]"}
RESULT: {"using":"xpath","value":"//button[@data-kt=\"addButton\"]"}
COMMAND: POST /session/c336b23a39170495adacb30ef5b99798/elements - {"using":"xpath","value":"//button[@data-kt=\"addButton\"]"}
RESULT: {"using":"xpath","value":"//button[@data-kt=\"addButton\"]"}
COMMAND: POST /session/c336b23a39170495adacb30ef5b99798/elements - {"using":"xpath","value":"//button[@data-kt=\"addButton\"]"}
RESULT: {"using":"xpath","value":"//button[@data-kt=\"addButton\"]"}
COMMAND: POST /session/c336b23a39170495adacb30ef5b99798/elements - {"using":"xpath","value":"//button[@data-kt=\"addButton\"]"}
RESULT: {"using":"xpath","value":"//button[@data-kt=\"addButton\"]"}
COMMAND: POST /session/c336b23a39170495adacb30ef5b99798/elements - {"using":"xpath","value":"//button[@data-kt=\"addButton\"]"}
RESULT: {"using":"xpath","value":"//button[@data-kt=\"addButton\"]"}
COMMAND: POST /session/c336b23a39170495adacb30ef5b99798/elements - {"using":"xpath","value":"//button[@data-kt=\"addButton\"]"}
RESULT: {"using":"xpath","value":"//button[@data-kt=\"addButton\"]"}
COMMAND: POST /session/c336b23a39170495adacb30ef5b99798/elements - {"using":"xpath","value":"//button[@data-kt=\"addButton\"]"}
RESULT: {"using":"xpath","value":"//button[@data-kt=\"addButton\"]"}
COMMAND: POST /session/c336b23a39170495adacb30ef5b99798/elements - {"using":"xpath","value":"//button[@data-kt=\"addButton\"]"}
RESULT: {"using":"xpath","value":"//button[@data-kt=\"addButton\"]"}
COMMAND: POST /session/c336b23a39170495adacb30ef5b99798/elements - {"using":"xpath","value":"//button[@data-kt=\"addButton\"]"}
RESULT: {"using":"xpath","value":"//button[@data-kt=\"addButton\"]"}
COMMAND: POST /session/c336b23a39170495adacb30ef5b99798/element - {"using":"xpath","value":"//button[@data-kt=\"addButton\"]"}
RESULT: {"using":"xpath","value":"//button[@data-kt=\"addButton\"]"}
COMMAND: POST /session/c336b23a39170495adacb30ef5b99798/execute/sync - {"script":"<script> [8489 bytes]","args":[{"element-6066-11e4-a52e-4f735466cecf":"f.3C12D8243027A57254BE39B169A080B9.d.C4993473957FDE228A3A287461595B1E.e.3218","ELEMENT":"f.3C12D8243027A57254BE39B169A080B9.d.C4993473957FDE228A3A287461595B1E.e.3218"}]}
RESULT: {"script":"<script> [8489 bytes]","args":[{"element-6066-11e4-a52e-4f735466cecf":"f.3C12D8243027A57254BE39B169A080B9.d.C4993473957FDE228A3A287461595B1E.e.3218","ELEMENT":"f.3C12D8243027A57254BE39B169A080B9.d.C4993473957FDE228A3A287461595B1E.e.3218"}]}
COMMAND: GET /session/c336b23a39170495adacb30ef5b99798/element/f.3C12D8243027A57254BE39B169A080B9.d.C4993473957FDE228A3A287461595B1E.e.3218/enabled - {}
COMMAND: GET /session/c336b23a39170495adacb30ef5b99798/screenshot - {}
RESULT: {}
COMMAND: POST /session/c336b23a39170495adacb30ef5b99798/execute/sync - {"script":"<script> [8489 bytes]","args":[{"element-6066-11e4-a52e-4f735466cecf":"f.3C12D8243027A57254BE39B169A080B9.d.C4993473957FDE228A3A287461595B1E.e.3218","ELEMENT":"f.3C12D8243027A57254BE39B169A080B9.d.C4993473957FDE228A3A287461595B1E.e.3218"}]}
COMMAND: GET /session/c336b23a39170495adacb30ef5b99798/screenshot - {}
RESULT: {}
RESULT: {"script":"<script> [8489 bytes]","args":[{"element-6066-11e4-a52e-4f735466cecf":"f.3C12D8243027A57254BE39B169A080B9.d.C4993473957FDE228A3A287461595B1E.e.3218","ELEMENT":"f.3C12D8243027A57254BE39B169A080B9.d.C4993473957FDE228A3A287461595B1E.e.3218"}]}
COMMAND: POST /session/c336b23a39170495adacb30ef5b99798/execute/sync - {"script":"<script> [5351 bytes]","args":[{"element-6066-11e4-a52e-4f735466cecf":"f.3C12D8243027A57254BE39B169A080B9.d.C4993473957FDE228A3A287461595B1E.e.3218","ELEMENT":"f.3C12D8243027A57254BE39B169A080B9.d.C4993473957FDE228A3A287461595B1E.e.3218"}]}
COMMAND: GET /session/c336b23a39170495adacb30ef5b99798/screenshot - {}
RESULT: {}
RESULT: {}
RESULT: {"script":"<script> [5351 bytes]","args":[{"element-6066-11e4-a52e-4f735466cecf":"f.3C12D8243027A57254BE39B169A080B9.d.C4993473957FDE228A3A287461595B1E.e.3218","ELEMENT":"f.3C12D8243027A57254BE39B169A080B9.d.C4993473957FDE228A3A287461595B1E.e.3218"}]}
COMMAND: POST /session/c336b23a39170495adacb30ef5b99798/element/f.3C12D8243027A57254BE39B169A080B9.d.C4993473957FDE228A3A287461595B1E.e.3218/click - {}
COMMAND: GET /session/c336b23a39170495adacb30ef5b99798/screenshot - {}
RESULT: {}
COMMAND: GET /session/c336b23a39170495adacb30ef5b99798/screenshot - {}
COMMAND: POST /session/c336b23a39170495adacb30ef5b99798/execute/async - {"script":"<script> [1562 bytes]","args":[{"selector":{"id":"application-managepartners-display-component---NewPartner--addressDetailDetailsName1","interaction":{"idSuffix":"inner"}},"wdio_ui5_key":"applicationmanagepartners-display-component---NewPartner--addressDetailDetailsName1"}]}
RESULT: {}
RESULT: {}
RESULT: {"script":"<script> [1562 bytes]","args":[{"selector":{"id":"application-managepartners-display-component---NewPartner--addressDetailDetailsName1","interaction":{"idSuffix":"inner"}},"wdio_ui5_key":"applicationmanagepartners-display-component---NewPartner--addressDetailDetailsName1"}]}
RESULT: undefined
COMMAND: POST /session/c336b23a39170495adacb30ef5b99798/execute/async - {"script":"<script> [776 bytes]","args":[{"enterText":"Intercompany Partner WDIO","selector":{"id":"application-managepartners-display-component---NewPartner--addressDetailDetailsName1","interaction":{"idSuffix":"inner"}},"clearTextFirst":true,"interactionType":"ENTER_TEXT"}]}
RESULT: {"script":"<script> [776 bytes]","args":[{"enterText":"Intercompany Partner WDIO","selector":{"id":"application-managepartners-display-component---NewPartner--addressDetailDetailsName1","interaction":{"idSuffix":"inner"}},"clearTextFirst":true,"interactionType":"ENTER_TEXT"}]}
COMMAND: POST /session/c336b23a39170495adacb30ef5b99798/execute/async - {"script":"<script> [1562 bytes]","args":[{"selector":{"id":"application-managepartners-display-component---NewPartner--addressDetailDetailsLanguage-arrow"},"wdio_ui5_key":"applicationmanagepartners-display-component---NewPartner--addressDetailDetailsLanguage-arrow"}]}
RESULT: {"script":"<script> [1562 bytes]","args":[{"selector":{"id":"application-managepartners-display-component---NewPartner--addressDetailDetailsLanguage-arrow"},"wdio_ui5_key":"applicationmanagepartners-display-component---NewPartner--addressDetailDetailsLanguage-arrow"}]}
RESULT: undefined
COMMAND: POST /session/c336b23a39170495adacb30ef5b99798/element - {"using":"xpath","value":"//*[@id=\"application-managepartners-display-component---NewPartner--addressDetailDetailsLanguage-arrow\"]"}
RESULT: {"using":"xpath","value":"//*[@id=\"application-managepartners-display-component---NewPartner--addressDetailDetailsLanguage-arrow\"]"}
COMMAND: POST /session/c336b23a39170495adacb30ef5b99798/element/f.3C12D8243027A57254BE39B169A080B9.d.C4993473957FDE228A3A287461595B1E.e.3676/click - {}
RESULT: {}
COMMAND: POST /session/c336b23a39170495adacb30ef5b99798/element - {"using":"xpath","value":"//span[contains(text(), \"English\")]"}
COMMAND: GET /session/c336b23a39170495adacb30ef5b99798/screenshot - {}
RESULT: {"using":"xpath","value":"//span[contains(text(), \"English\")]"}
COMMAND: POST /session/c336b23a39170495adacb30ef5b99798/element/f.3C12D8243027A57254BE39B169A080B9.d.C4993473957FDE228A3A287461595B1E.e.3677/click - {}
RESULT: {}
RESULT: {}
COMMAND: GET /session/c336b23a39170495adacb30ef5b99798/screenshot - {}
RESULT: {}
COMMAND: POST /session/c336b23a39170495adacb30ef5b99798/execute/async - {"script":"<script> [1562 bytes]","args":[{"selector":{"id":"application-managepartners-display-component---NewPartner--addressDetailDetailsCity1","interaction":{"idSuffix":"inner"}},"wdio_ui5_key":"applicationmanagepartners-display-component---NewPartner--addressDetailDetailsCity1"}]}
RESULT: {"script":"<script> [1562 bytes]","args":[{"selector":{"id":"application-managepartners-display-component---NewPartner--addressDetailDetailsCity1","interaction":{"idSuffix":"inner"}},"wdio_ui5_key":"applicationmanagepartners-display-component---NewPartner--addressDetailDetailsCity1"}]}
RESULT: undefined
COMMAND: POST /session/c336b23a39170495adacb30ef5b99798/execute/async - {"script":"<script> [776 bytes]","args":[{"enterText":"Rosario","selector":{"id":"application-managepartners-display-component---NewPartner--addressDetailDetailsCity1","interaction":{"idSuffix":"inner"}},"clearTextFirst":true,"interactionType":"ENTER_TEXT"}]}
RESULT: {"script":"<script> [776 bytes]","args":[{"enterText":"Rosario","selector":{"id":"application-managepartners-display-component---NewPartner--addressDetailDetailsCity1","interaction":{"idSuffix":"inner"}},"clearTextFirst":true,"interactionType":"ENTER_TEXT"}]}
COMMAND: POST /session/c336b23a39170495adacb30ef5b99798/execute/async - {"script":"<script> [1562 bytes]","args":[{"selector":{"id":"application-managepartners-display-component---NewPartner--addressDetailDetailsCountry-arrow"},"wdio_ui5_key":"applicationmanagepartners-display-component---NewPartner--addressDetailDetailsCountry-arrow"}]}
RESULT: {"script":"<script> [1562 bytes]","args":[{"selector":{"id":"application-managepartners-display-component---NewPartner--addressDetailDetailsCountry-arrow"},"wdio_ui5_key":"applicationmanagepartners-display-component---NewPartner--addressDetailDetailsCountry-arrow"}]}
RESULT: undefined
COMMAND: POST /session/c336b23a39170495adacb30ef5b99798/element - {"using":"xpath","value":"//*[@id=\"application-managepartners-display-component---NewPartner--addressDetailDetailsCountry-arrow\"]"}
RESULT: {"using":"xpath","value":"//*[@id=\"application-managepartners-display-component---NewPartner--addressDetailDetailsCountry-arrow\"]"}
COMMAND: POST /session/c336b23a39170495adacb30ef5b99798/element/f.3C12D8243027A57254BE39B169A080B9.d.C4993473957FDE228A3A287461595B1E.e.3663/click - {}
RESULT: {}
COMMAND: POST /session/c336b23a39170495adacb30ef5b99798/element - {"using":"xpath","value":"//span[contains(text(), \"Argentina\")]"}
COMMAND: GET /session/c336b23a39170495adacb30ef5b99798/screenshot - {}
RESULT: {"using":"xpath","value":"//span[contains(text(), \"Argentina\")]"}
COMMAND: POST /session/c336b23a39170495adacb30ef5b99798/element/f.3C12D8243027A57254BE39B169A080B9.d.C4993473957FDE228A3A287461595B1E.e.3679/click - {}
RESULT: {}
RESULT: {}
COMMAND: GET /session/c336b23a39170495adacb30ef5b99798/screenshot - {}
RESULT: {}
COMMAND: POST /session/c336b23a39170495adacb30ef5b99798/element - {"using":"xpath","value":"//bdi[contains(text(), \"Commercial\")]"}
RESULT: {"using":"xpath","value":"//bdi[contains(text(), \"Commercial\")]"}
COMMAND: POST /session/c336b23a39170495adacb30ef5b99798/element/f.3C12D8243027A57254BE39B169A080B9.d.C4993473957FDE228A3A287461595B1E.e.3680/click - {}
RESULT: {}
COMMAND: GET /session/c336b23a39170495adacb30ef5b99798/screenshot - {}
RESULT: {}
COMMAND: POST /session/c336b23a39170495adacb30ef5b99798/execute/async - {"script":"<script> [1562 bytes]","args":[{"selector":{"id":"application-managepartners-display-component---NewPartner--partnerDetailInternal-arrow"},"wdio_ui5_key":"applicationmanagepartners-display-component---NewPartner--partnerDetailInternal-arrow"}]}
RESULT: {"script":"<script> [1562 bytes]","args":[{"selector":{"id":"application-managepartners-display-component---NewPartner--partnerDetailInternal-arrow"},"wdio_ui5_key":"applicationmanagepartners-display-component---NewPartner--partnerDetailInternal-arrow"}]}
RESULT: undefined
COMMAND: POST /session/c336b23a39170495adacb30ef5b99798/element - {"using":"xpath","value":"//*[@id=\"application-managepartners-display-component---NewPartner--partnerDetailInternal-arrow\"]"}
RESULT: {"using":"xpath","value":"//*[@id=\"application-managepartners-display-component---NewPartner--partnerDetailInternal-arrow\"]"}
COMMAND: POST /session/c336b23a39170495adacb30ef5b99798/element/f.3C12D8243027A57254BE39B169A080B9.d.C4993473957FDE228A3A287461595B1E.e.3686/click - {}
RESULT: {}
COMMAND: POST /session/c336b23a39170495adacb30ef5b99798/element - {"using":"xpath","value":"//span[contains(text(), \"Affiliated company\")]"}
COMMAND: GET /session/c336b23a39170495adacb30ef5b99798/screenshot - {}
RESULT: {"using":"xpath","value":"//span[contains(text(), \"Affiliated company\")]"}
COMMAND: POST /session/c336b23a39170495adacb30ef5b99798/element/f.3C12D8243027A57254BE39B169A080B9.d.C4993473957FDE228A3A287461595B1E.e.3689/click - {}
RESULT: {}
RESULT: {}
COMMAND: POST /session/c336b23a39170495adacb30ef5b99798/execute/async - {"script":"<script> [1562 bytes]","args":[{"selector":{"id":"application-managepartners-display-component---NewPartner--partnerDetailsCurrency-arrow"},"wdio_ui5_key":"applicationmanagepartners-display-component---NewPartner--partnerDetailsCurrency-arrow"}]}
COMMAND: GET /session/c336b23a39170495adacb30ef5b99798/screenshot - {}
RESULT: {"script":"<script> [1562 bytes]","args":[{"selector":{"id":"application-managepartners-display-component---NewPartner--partnerDetailsCurrency-arrow"},"wdio_ui5_key":"applicationmanagepartners-display-component---NewPartner--partnerDetailsCurrency-arrow"}]}
RESULT: undefined
COMMAND: POST /session/c336b23a39170495adacb30ef5b99798/element - {"using":"xpath","value":"//*[@id=\"application-managepartners-display-component---NewPartner--partnerDetailsCurrency-arrow\"]"}
RESULT: {}
RESULT: {"using":"xpath","value":"//*[@id=\"application-managepartners-display-component---NewPartner--partnerDetailsCurrency-arrow\"]"}
COMMAND: POST /session/c336b23a39170495adacb30ef5b99798/element/f.3C12D8243027A57254BE39B169A080B9.d.C4993473957FDE228A3A287461595B1E.e.3696/click - {}
RESULT: {}
COMMAND: POST /session/c336b23a39170495adacb30ef5b99798/element - {"using":"xpath","value":"//span[contains(text(), \"Euro\")]"}
COMMAND: GET /session/c336b23a39170495adacb30ef5b99798/screenshot - {}
RESULT: {"using":"xpath","value":"//span[contains(text(), \"Euro\")]"}
COMMAND: POST /session/c336b23a39170495adacb30ef5b99798/element/f.3C12D8243027A57254BE39B169A080B9.d.C4993473957FDE228A3A287461595B1E.e.3697/click - {}
RESULT: {}
RESULT: {}
COMMAND: POST /session/c336b23a39170495adacb30ef5b99798/execute/async - {"script":"<script> [1562 bytes]","args":[{"selector":{"id":"application-managepartners-display-component---NewPartner--addressEditDetailsCostObjectCstType-arrow"},"wdio_ui5_key":"applicationmanagepartners-display-component---NewPartner--addressEditDetailsCostObjectCstType-arrow"}]}
COMMAND: GET /session/c336b23a39170495adacb30ef5b99798/screenshot - {}
RESULT: {"script":"<script> [1562 bytes]","args":[{"selector":{"id":"application-managepartners-display-component---NewPartner--addressEditDetailsCostObjectCstType-arrow"},"wdio_ui5_key":"applicationmanagepartners-display-component---NewPartner--addressEditDetailsCostObjectCstType-arrow"}]}
RESULT: undefined
COMMAND: POST /session/c336b23a39170495adacb30ef5b99798/element - {"using":"xpath","value":"//*[@id=\"application-managepartners-display-component---NewPartner--addressEditDetailsCostObjectCstType-arrow\"]"}
RESULT: {}
RESULT: {"using":"xpath","value":"//*[@id=\"application-managepartners-display-component---NewPartner--addressEditDetailsCostObjectCstType-arrow\"]"}
COMMAND: POST /session/c336b23a39170495adacb30ef5b99798/element/f.3C12D8243027A57254BE39B169A080B9.d.C4993473957FDE228A3A287461595B1E.e.3698/click - {}
RESULT: {}
COMMAND: POST /session/c336b23a39170495adacb30ef5b99798/element - {"using":"xpath","value":"//span[contains(text(), \"Cost Center\")]"}
COMMAND: GET /session/c336b23a39170495adacb30ef5b99798/screenshot - {}
RESULT: {"using":"xpath","value":"//span[contains(text(), \"Cost Center\")]"}
COMMAND: POST /session/c336b23a39170495adacb30ef5b99798/element/f.3C12D8243027A57254BE39B169A080B9.d.C4993473957FDE228A3A287461595B1E.e.3699/click - {}
RESULT: {}
RESULT: {}
COMMAND: GET /session/c336b23a39170495adacb30ef5b99798/screenshot - {}
RESULT: {}
COMMAND: POST /session/c336b23a39170495adacb30ef5b99798/element - {"using":"xpath","value":"//span[@id=\"application-managepartners-display-component---NewPartner--addressNewCostObjectCstID-vhi\"]"}
RESULT: {"using":"xpath","value":"//span[@id=\"application-managepartners-display-component---NewPartner--addressNewCostObjectCstID-vhi\"]"}
COMMAND: POST /session/c336b23a39170495adacb30ef5b99798/execute/sync - {"script":"<script> [8489 bytes]","args":[{"element-6066-11e4-a52e-4f735466cecf":"f.3C12D8243027A57254BE39B169A080B9.d.C4993473957FDE228A3A287461595B1E.e.3703","ELEMENT":"f.3C12D8243027A57254BE39B169A080B9.d.C4993473957FDE228A3A287461595B1E.e.3703"}]}
RESULT: {"script":"<script> [8489 bytes]","args":[{"element-6066-11e4-a52e-4f735466cecf":"f.3C12D8243027A57254BE39B169A080B9.d.C4993473957FDE228A3A287461595B1E.e.3703","ELEMENT":"f.3C12D8243027A57254BE39B169A080B9.d.C4993473957FDE228A3A287461595B1E.e.3703"}]}
COMMAND: POST /session/c336b23a39170495adacb30ef5b99798/execute/async - {"script":"<script> [1562 bytes]","args":[{"selector":{"id":"application-managepartners-display-component---NewPartner--addressNewCostObjectCstID-vhi"},"wdio_ui5_key":"applicationmanagepartners-display-component---NewPartner--addressNewCostObjectCstID-vhi"}]}
COMMAND: GET /session/c336b23a39170495adacb30ef5b99798/screenshot - {}
RESULT: {"script":"<script> [1562 bytes]","args":[{"selector":{"id":"application-managepartners-display-component---NewPartner--addressNewCostObjectCstID-vhi"},"wdio_ui5_key":"applicationmanagepartners-display-component---NewPartner--addressNewCostObjectCstID-vhi"}]}
RESULT: undefined
COMMAND: POST /session/c336b23a39170495adacb30ef5b99798/element - {"using":"xpath","value":"//*[@id=\"application-managepartners-display-component---NewPartner--addressNewCostObjectCstID-vhi\"]"}
RESULT: {}
RESULT: {"using":"xpath","value":"//*[@id=\"application-managepartners-display-component---NewPartner--addressNewCostObjectCstID-vhi\"]"}
COMMAND: POST /session/c336b23a39170495adacb30ef5b99798/element/f.3C12D8243027A57254BE39B169A080B9.d.C4993473957FDE228A3A287461595B1E.e.3703/click - {}
RESULT: {}
COMMAND: GET /session/c336b23a39170495adacb30ef5b99798/screenshot - {}
RESULT: {}
COMMAND: POST /session/c336b23a39170495adacb30ef5b99798/execute/async - {"script":"<script> [1562 bytes]","args":[{"selector":{"controlType":"sap.m.SearchField","properties":{"placeholder":"Search"},"searchOpenDialogs":true,"interaction":{"idSuffix":"I"}},"wdio_ui5_key":"sapm.SearchField{\"placeholder\":\"Search\"}"}]}
RESULT: {"script":"<script> [1562 bytes]","args":[{"selector":{"controlType":"sap.m.SearchField","properties":{"placeholder":"Search"},"searchOpenDialogs":true,"interaction":{"idSuffix":"I"}},"wdio_ui5_key":"sapm.SearchField{\"placeholder\":\"Search\"}"}]}
RESULT: undefined
COMMAND: POST /session/c336b23a39170495adacb30ef5b99798/execute/async - {"script":"<script> [776 bytes]","args":[{"enterText":"10001013","selector":{"controlType":"sap.m.SearchField","properties":{"placeholder":"Search"},"searchOpenDialogs":true,"interaction":{"idSuffix":"I"}},"clearTextFirst":true,"interactionType":"ENTER_TEXT"}]}
RESULT: {"script":"<script> [776 bytes]","args":[{"enterText":"10001013","selector":{"controlType":"sap.m.SearchField","properties":{"placeholder":"Search"},"searchOpenDialogs":true,"interaction":{"idSuffix":"I"}},"clearTextFirst":true,"interactionType":"ENTER_TEXT"}]}
COMMAND: POST /session/c336b23a39170495adacb30ef5b99798/actions - {"actions":[{"id":"action7","type":"key","parameters":{},"actions":[{"type":"keyDown","value":"î€‡"},{"type":"pause","duration":10},{"type":"keyUp","value":"î€‡"}]}]}
RESULT: {"actions":[{"id":"action7","type":"key","parameters":{},"actions":[{"type":"keyDown","value":"î€‡"},{"type":"pause","duration":10},{"type":"keyUp","value":"î€‡"}]}]}
COMMAND: GET /session/c336b23a39170495adacb30ef5b99798/screenshot - {}
RESULT: {}
COMMAND: POST /session/c336b23a39170495adacb30ef5b99798/element - {"using":"xpath","value":"//span[contains(text(), \"General Management\")]"}
RESULT: {"using":"xpath","value":"//span[contains(text(), \"General Management\")]"}
COMMAND: POST /session/c336b23a39170495adacb30ef5b99798/element/f.3C12D8243027A57254BE39B169A080B9.d.C4993473957FDE228A3A287461595B1E.e.3746/click - {}
RESULT: {}
COMMAND: GET /session/c336b23a39170495adacb30ef5b99798/screenshot - {}
RESULT: {}
COMMAND: POST /session/c336b23a39170495adacb30ef5b99798/element - {"using":"xpath","value":"//bdi[contains(text(), \"OK\")]"}
RESULT: {"using":"xpath","value":"//bdi[contains(text(), \"OK\")]"}
COMMAND: POST /session/c336b23a39170495adacb30ef5b99798/element/f.3C12D8243027A57254BE39B169A080B9.d.C4993473957FDE228A3A287461595B1E.e.3747/click - {}
RESULT: {}
COMMAND: GET /session/c336b23a39170495adacb30ef5b99798/screenshot - {}
RESULT: {}
COMMAND: POST /session/c336b23a39170495adacb30ef5b99798/element - {"using":"xpath","value":"//input[@id=\"application-managepartners-display-component---NewPartner--companyCodeComboBox-inner\"]"}
RESULT: {"using":"xpath","value":"//input[@id=\"application-managepartners-display-component---NewPartner--companyCodeComboBox-inner\"]"}
COMMAND: POST /session/c336b23a39170495adacb30ef5b99798/element/f.3C12D8243027A57254BE39B169A080B9.d.C4993473957FDE228A3A287461595B1E.e.3531/clear - {}
RESULT: {}
COMMAND: POST /session/c336b23a39170495adacb30ef5b99798/element/f.3C12D8243027A57254BE39B169A080B9.d.C4993473957FDE228A3A287461595B1E.e.3531/value - {"text":"C002"}
COMMAND: GET /session/c336b23a39170495adacb30ef5b99798/screenshot - {}
RESULT: {"text":"C002"}
COMMAND: GET /session/c336b23a39170495adacb30ef5b99798/screenshot - {}
RESULT: {}
RESULT: {}
COMMAND: POST /session/c336b23a39170495adacb30ef5b99798/element - {"using":"xpath","value":"//span[contains(text(), \"C002\")]"}
RESULT: {"using":"xpath","value":"//span[contains(text(), \"C002\")]"}
COMMAND: POST /session/c336b23a39170495adacb30ef5b99798/element/f.3C12D8243027A57254BE39B169A080B9.d.C4993473957FDE228A3A287461595B1E.e.3753/click - {}
RESULT: {}
COMMAND: GET /session/c336b23a39170495adacb30ef5b99798/screenshot - {}
RESULT: {}
COMMAND: POST /session/c336b23a39170495adacb30ef5b99798/execute/async - {"script":"<script> [1562 bytes]","args":[{"selector":{"id":"application-managepartners-display-component---NewPartner--btnAddTableRow-img"},"wdio_ui5_key":"applicationmanagepartners-display-component---NewPartner--btnAddTableRow-img"}]}
RESULT: {"script":"<script> [1562 bytes]","args":[{"selector":{"id":"application-managepartners-display-component---NewPartner--btnAddTableRow-img"},"wdio_ui5_key":"applicationmanagepartners-display-component---NewPartner--btnAddTableRow-img"}]}
RESULT: undefined
COMMAND: POST /session/c336b23a39170495adacb30ef5b99798/element - {"using":"xpath","value":"//*[@id=\"application-managepartners-display-component---NewPartner--btnAddTableRow-img\"]"}
RESULT: {"using":"xpath","value":"//*[@id=\"application-managepartners-display-component---NewPartner--btnAddTableRow-img\"]"}
COMMAND: POST /session/c336b23a39170495adacb30ef5b99798/element/f.3C12D8243027A57254BE39B169A080B9.d.C4993473957FDE228A3A287461595B1E.e.3754/click - {}
RESULT: {}
COMMAND: GET /session/c336b23a39170495adacb30ef5b99798/screenshot - {}
RESULT: {}
COMMAND: POST /session/c336b23a39170495adacb30ef5b99798/element - {"using":"xpath","value":"//input[@id=\"application-managepartners-display-component---NewPartner--assignmentYard-application-managepartners-display-component---NewPartner--assignmentsTable-0-inner\"]"}
RESULT: {"using":"xpath","value":"//input[@id=\"application-managepartners-display-component---NewPartner--assignmentYard-application-managepartners-display-component---NewPartner--assignmentsTable-0-inner\"]"}
COMMAND: POST /session/c336b23a39170495adacb30ef5b99798/element/f.3C12D8243027A57254BE39B169A080B9.d.C4993473957FDE228A3A287461595B1E.e.3757/clear - {}
RESULT: {}
COMMAND: POST /session/c336b23a39170495adacb30ef5b99798/element/f.3C12D8243027A57254BE39B169A080B9.d.C4993473957FDE228A3A287461595B1E.e.3757/value - {"text":"599"}
COMMAND: GET /session/c336b23a39170495adacb30ef5b99798/screenshot - {}
RESULT: {"text":"599"}
COMMAND: GET /session/c336b23a39170495adacb30ef5b99798/screenshot - {}
RESULT: {}
RESULT: {}
COMMAND: POST /session/c336b23a39170495adacb30ef5b99798/element - {"using":"xpath","value":"//li[.//span[text()='599']]"}
RESULT: {"using":"xpath","value":"//li[.//span[text()='599']]"}
COMMAND: POST /session/c336b23a39170495adacb30ef5b99798/element/f.3C12D8243027A57254BE39B169A080B9.d.C4993473957FDE228A3A287461595B1E.e.3766/click - {}
RESULT: {}
COMMAND: GET /session/c336b23a39170495adacb30ef5b99798/screenshot - {}
RESULT: {}
COMMAND: POST /session/c336b23a39170495adacb30ef5b99798/actions - {"actions":[{"id":"action8","type":"key","parameters":{},"actions":[{"type":"keyDown","value":"î€‡"},{"type":"pause","duration":10},{"type":"keyUp","value":"î€‡"}]}]}
RESULT: {"actions":[{"id":"action8","type":"key","parameters":{},"actions":[{"type":"keyDown","value":"î€‡"},{"type":"pause","duration":10},{"type":"keyUp","value":"î€‡"}]}]}
COMMAND: POST /session/c336b23a39170495adacb30ef5b99798/execute/async - {"script":"<script> [1562 bytes]","args":[{"selector":{"id":"application-managepartners-display-component---NewPartner--externalCustomerComboBox-application-managepartners-display-component---NewPartner--assignmentsTable-0-vhi"},"wdio_ui5_key":"applicationmanagepartners-display-component---NewPartner--externalCustomerComboBox-application-managepartners-display-component---NewPartner--assignmentsTable-0-vhi"}]}
COMMAND: GET /session/c336b23a39170495adacb30ef5b99798/screenshot - {}
RESULT: {"script":"<script> [1562 bytes]","args":[{"selector":{"id":"application-managepartners-display-component---NewPartner--externalCustomerComboBox-application-managepartners-display-component---NewPartner--assignmentsTable-0-vhi"},"wdio_ui5_key":"applicationmanagepartners-display-component---NewPartner--externalCustomerComboBox-application-managepartners-display-component---NewPartner--assignmentsTable-0-vhi"}]}
RESULT: undefined
COMMAND: POST /session/c336b23a39170495adacb30ef5b99798/element - {"using":"xpath","value":"//*[@id=\"application-managepartners-display-component---NewPartner--externalCustomerComboBox-application-managepartners-display-component---NewPartner--assignmentsTable-0-vhi\"]"}
RESULT: {}
RESULT: {"using":"xpath","value":"//*[@id=\"application-managepartners-display-component---NewPartner--externalCustomerComboBox-application-managepartners-display-component---NewPartner--assignmentsTable-0-vhi\"]"}
COMMAND: POST /session/c336b23a39170495adacb30ef5b99798/element/f.3C12D8243027A57254BE39B169A080B9.d.C4993473957FDE228A3A287461595B1E.e.3770/click - {}
RESULT: {}
RESULT: undefined
COMMAND: POST /session/c336b23a39170495adacb30ef5b99798/execute/async - {"script":"<script> [776 bytes]","args":[{"enterText":"300003","selector":{"controlType":"sap.m.SearchField","properties":{"placeholder":"Search"},"searchOpenDialogs":true,"interaction":{"idSuffix":"I"}},"clearTextFirst":true,"interactionType":"ENTER_TEXT"}]}
COMMAND: GET /session/c336b23a39170495adacb30ef5b99798/screenshot - {}
RESULT: {"script":"<script> [776 bytes]","args":[{"enterText":"300003","selector":{"controlType":"sap.m.SearchField","properties":{"placeholder":"Search"},"searchOpenDialogs":true,"interaction":{"idSuffix":"I"}},"clearTextFirst":true,"interactionType":"ENTER_TEXT"}]}
COMMAND: POST /session/c336b23a39170495adacb30ef5b99798/actions - {"actions":[{"id":"action9","type":"key","parameters":{},"actions":[{"type":"keyDown","value":"î€‡"},{"type":"pause","duration":10},{"type":"keyUp","value":"î€‡"}]}]}
RESULT: {}
RESULT: {"actions":[{"id":"action9","type":"key","parameters":{},"actions":[{"type":"keyDown","value":"î€‡"},{"type":"pause","duration":10},{"type":"keyUp","value":"î€‡"}]}]}
COMMAND: GET /session/c336b23a39170495adacb30ef5b99798/screenshot - {}
RESULT: {}
COMMAND: POST /session/c336b23a39170495adacb30ef5b99798/element - {"using":"xpath","value":"//span[contains(text(), \"300003\")]"}
RESULT: {"using":"xpath","value":"//span[contains(text(), \"300003\")]"}
COMMAND: POST /session/c336b23a39170495adacb30ef5b99798/element/f.3C12D8243027A57254BE39B169A080B9.d.C4993473957FDE228A3A287461595B1E.e.3788/click - {}
RESULT: {}
COMMAND: GET /session/c336b23a39170495adacb30ef5b99798/screenshot - {}
RESULT: {}
COMMAND: POST /session/c336b23a39170495adacb30ef5b99798/element - {"using":"xpath","value":"//bdi[contains(text(), \"OK\")]"}
RESULT: {"using":"xpath","value":"//bdi[contains(text(), \"OK\")]"}
COMMAND: POST /session/c336b23a39170495adacb30ef5b99798/element/f.3C12D8243027A57254BE39B169A080B9.d.C4993473957FDE228A3A287461595B1E.e.3790/click - {}
RESULT: {}
COMMAND: GET /session/c336b23a39170495adacb30ef5b99798/screenshot - {}
RESULT: {}
COMMAND: POST /session/c336b23a39170495adacb30ef5b99798/execute/async - {"script":"<script> [1562 bytes]","args":[{"selector":{"id":"application-managepartners-display-component---NewPartner--intercompVendorComboBox-application-managepartners-display-component---NewPartner--assignmentsTable-0-vhi"},"wdio_ui5_key":"applicationmanagepartners-display-component---NewPartner--intercompVendorComboBox-application-managepartners-display-component---NewPartner--assignmentsTable-0-vhi"}]}
RESULT: {"script":"<script> [1562 bytes]","args":[{"selector":{"id":"application-managepartners-display-component---NewPartner--intercompVendorComboBox-application-managepartners-display-component---NewPartner--assignmentsTable-0-vhi"},"wdio_ui5_key":"applicationmanagepartners-display-component---NewPartner--intercompVendorComboBox-application-managepartners-display-component---NewPartner--assignmentsTable-0-vhi"}]}
RESULT: undefined
COMMAND: POST /session/c336b23a39170495adacb30ef5b99798/element - {"using":"xpath","value":"//*[@id=\"application-managepartners-display-component---NewPartner--intercompVendorComboBox-application-managepartners-display-component---NewPartner--assignmentsTable-0-vhi\"]"}
RESULT: {"using":"xpath","value":"//*[@id=\"application-managepartners-display-component---NewPartner--intercompVendorComboBox-application-managepartners-display-component---NewPartner--assignmentsTable-0-vhi\"]"}
COMMAND: POST /session/c336b23a39170495adacb30ef5b99798/element/f.3C12D8243027A57254BE39B169A080B9.d.C4993473957FDE228A3A287461595B1E.e.3794/click - {}
RESULT: {}
RESULT: undefined
COMMAND: POST /session/c336b23a39170495adacb30ef5b99798/execute/async - {"script":"<script> [776 bytes]","args":[{"enterText":"100005","selector":{"controlType":"sap.m.SearchField","properties":{"placeholder":"Search"},"searchOpenDialogs":true,"interaction":{"idSuffix":"I"}},"clearTextFirst":true,"interactionType":"ENTER_TEXT"}]}
COMMAND: GET /session/c336b23a39170495adacb30ef5b99798/screenshot - {}
RESULT: {"script":"<script> [776 bytes]","args":[{"enterText":"100005","selector":{"controlType":"sap.m.SearchField","properties":{"placeholder":"Search"},"searchOpenDialogs":true,"interaction":{"idSuffix":"I"}},"clearTextFirst":true,"interactionType":"ENTER_TEXT"}]}
COMMAND: POST /session/c336b23a39170495adacb30ef5b99798/actions - {"actions":[{"id":"action10","type":"key","parameters":{},"actions":[{"type":"keyDown","value":"î€‡"},{"type":"pause","duration":10},{"type":"keyUp","value":"î€‡"}]}]}
RESULT: {}
RESULT: {"actions":[{"id":"action10","type":"key","parameters":{},"actions":[{"type":"keyDown","value":"î€‡"},{"type":"pause","duration":10},{"type":"keyUp","value":"î€‡"}]}]}
COMMAND: GET /session/c336b23a39170495adacb30ef5b99798/screenshot - {}
RESULT: {}
COMMAND: POST /session/c336b23a39170495adacb30ef5b99798/element - {"using":"xpath","value":"//span[contains(text(), \"Penguins - Field/12345 Berlin\")]"}
RESULT: {"using":"xpath","value":"//span[contains(text(), \"Penguins - Field/12345 Berlin\")]"}
COMMAND: POST /session/c336b23a39170495adacb30ef5b99798/element/f.3C12D8243027A57254BE39B169A080B9.d.C4993473957FDE228A3A287461595B1E.e.3812/click - {}
RESULT: {}
COMMAND: GET /session/c336b23a39170495adacb30ef5b99798/screenshot - {}
RESULT: {}
COMMAND: POST /session/c336b23a39170495adacb30ef5b99798/element - {"using":"xpath","value":"//bdi[contains(text(), \"OK\")]"}
RESULT: {"using":"xpath","value":"//bdi[contains(text(), \"OK\")]"}
COMMAND: POST /session/c336b23a39170495adacb30ef5b99798/element/f.3C12D8243027A57254BE39B169A080B9.d.C4993473957FDE228A3A287461595B1E.e.3813/click - {}
RESULT: {}
COMMAND: GET /session/c336b23a39170495adacb30ef5b99798/screenshot - {}
RESULT: {}
COMMAND: POST /session/c336b23a39170495adacb30ef5b99798/element - {"using":"xpath","value":"//button[@data-kt=\"saveButton\"]"}
RESULT: {"using":"xpath","value":"//button[@data-kt=\"saveButton\"]"}
COMMAND: POST /session/c336b23a39170495adacb30ef5b99798/element/f.3C12D8243027A57254BE39B169A080B9.d.C4993473957FDE228A3A287461595B1E.e.3613/click - {}
RESULT: {}
COMMAND: GET /session/c336b23a39170495adacb30ef5b99798/screenshot - {}
RESULT: {}
COMMAND: POST /session/c336b23a39170495adacb30ef5b99798/element - {"using":"xpath","value":"//header[contains(@id, 'ObjectPageLayout-headerTitle')]/div[1]/div[2]/div[2]/span[1]"}
RESULT: {"using":"xpath","value":"//header[contains(@id, 'ObjectPageLayout-headerTitle')]/div[1]/div[2]/div[2]/span[1]"}
COMMAND: POST /session/c336b23a39170495adacb30ef5b99798/elements - {"using":"xpath","value":"//header[contains(@id, 'ObjectPageLayout-headerTitle')]/div[1]/div[2]/div[2]/span[1]"}
RESULT: {"using":"xpath","value":"//header[contains(@id, 'ObjectPageLayout-headerTitle')]/div[1]/div[2]/div[2]/span[1]"}
COMMAND: POST /session/c336b23a39170495adacb30ef5b99798/execute/sync - {"script":"<script> [56 bytes]","args":[{"element-6066-11e4-a52e-4f735466cecf":"f.3C12D8243027A57254BE39B169A080B9.d.C4993473957FDE228A3A287461595B1E.e.3981","ELEMENT":"f.3C12D8243027A57254BE39B169A080B9.d.C4993473957FDE228A3A287461595B1E.e.3981"}]}
RESULT: {"script":"<script> [56 bytes]","args":[{"element-6066-11e4-a52e-4f735466cecf":"f.3C12D8243027A57254BE39B169A080B9.d.C4993473957FDE228A3A287461595B1E.e.3981","ELEMENT":"f.3C12D8243027A57254BE39B169A080B9.d.C4993473957FDE228A3A287461595B1E.e.3981"}]}
COMMAND: POST /session/c336b23a39170495adacb30ef5b99798/element - {"using":"css selector","value":"#shell-header-logo"}
COMMAND: GET /session/c336b23a39170495adacb30ef5b99798/screenshot - {}
RESULT: {"using":"css selector","value":"#shell-header-logo"}
COMMAND: POST /session/c336b23a39170495adacb30ef5b99798/element/f.3C12D8243027A57254BE39B169A080B9.d.C4993473957FDE228A3A287461595B1E.e.3183/click - {}
RESULT: {}
RESULT: {}
COMMAND: GET /session/c336b23a39170495adacb30ef5b99798/screenshot - {}
RESULT: {}
COMMAND: POST /session/c336b23a39170495adacb30ef5b99798/execute/sync - {"script":"<script> [299 bytes]","args":[["getModel","getResource"]]}
RESULT: {"script":"<script> [299 bytes]","args":[["getModel","getResource"]]}
RESULT: undefined
COMMAND: POST /session/c336b23a39170495adacb30ef5b99798/element - {"using":"xpath","value":"//*[@id=\"__tile30\"]"}
COMMAND: GET /session/c336b23a39170495adacb30ef5b99798/screenshot - {}
RESULT: {"using":"xpath","value":"//*[@id=\"__tile30\"]"}
COMMAND: POST /session/c336b23a39170495adacb30ef5b99798/element/f.3C12D8243027A57254BE39B169A080B9.d.C4993473957FDE228A3A287461595B1E.e.3102/click - {}
RESULT: {}
RESULT: {}
COMMAND: POST /session/c336b23a39170495adacb30ef5b99798/element - {"using":"xpath","value":"//button[@data-kt=\"addButton\"]"}
COMMAND: GET /session/c336b23a39170495adacb30ef5b99798/screenshot - {}
RESULT: {"using":"xpath","value":"//button[@data-kt=\"addButton\"]"}
COMMAND: POST /session/c336b23a39170495adacb30ef5b99798/elements - {"using":"xpath","value":"//button[@data-kt=\"addButton\"]"}
RESULT: {}
RESULT: {"using":"xpath","value":"//button[@data-kt=\"addButton\"]"}
COMMAND: POST /session/c336b23a39170495adacb30ef5b99798/elements - {"using":"xpath","value":"//button[@data-kt=\"addButton\"]"}
RESULT: {"using":"xpath","value":"//button[@data-kt=\"addButton\"]"}
COMMAND: POST /session/c336b23a39170495adacb30ef5b99798/elements - {"using":"xpath","value":"//button[@data-kt=\"addButton\"]"}
RESULT: {"using":"xpath","value":"//button[@data-kt=\"addButton\"]"}
COMMAND: POST /session/c336b23a39170495adacb30ef5b99798/elements - {"using":"xpath","value":"//button[@data-kt=\"addButton\"]"}
RESULT: {"using":"xpath","value":"//button[@data-kt=\"addButton\"]"}
COMMAND: POST /session/c336b23a39170495adacb30ef5b99798/elements - {"using":"xpath","value":"//button[@data-kt=\"addButton\"]"}
RESULT: {"using":"xpath","value":"//button[@data-kt=\"addButton\"]"}
COMMAND: POST /session/c336b23a39170495adacb30ef5b99798/elements - {"using":"xpath","value":"//button[@data-kt=\"addButton\"]"}
RESULT: {"using":"xpath","value":"//button[@data-kt=\"addButton\"]"}
COMMAND: POST /session/c336b23a39170495adacb30ef5b99798/elements - {"using":"xpath","value":"//button[@data-kt=\"addButton\"]"}
RESULT: {"using":"xpath","value":"//button[@data-kt=\"addButton\"]"}
COMMAND: POST /session/c336b23a39170495adacb30ef5b99798/elements - {"using":"xpath","value":"//button[@data-kt=\"addButton\"]"}
RESULT: {"using":"xpath","value":"//button[@data-kt=\"addButton\"]"}
COMMAND: POST /session/c336b23a39170495adacb30ef5b99798/elements - {"using":"xpath","value":"//button[@data-kt=\"addButton\"]"}
RESULT: {"using":"xpath","value":"//button[@data-kt=\"addButton\"]"}
COMMAND: POST /session/c336b23a39170495adacb30ef5b99798/elements - {"using":"xpath","value":"//button[@data-kt=\"addButton\"]"}
RESULT: {"using":"xpath","value":"//button[@data-kt=\"addButton\"]"}
COMMAND: POST /session/c336b23a39170495adacb30ef5b99798/elements - {"using":"xpath","value":"//button[@data-kt=\"addButton\"]"}
RESULT: {"using":"xpath","value":"//button[@data-kt=\"addButton\"]"}
COMMAND: POST /session/c336b23a39170495adacb30ef5b99798/elements - {"using":"xpath","value":"//button[@data-kt=\"addButton\"]"}
RESULT: {"using":"xpath","value":"//button[@data-kt=\"addButton\"]"}
COMMAND: POST /session/c336b23a39170495adacb30ef5b99798/elements - {"using":"xpath","value":"//button[@data-kt=\"addButton\"]"}
RESULT: {"using":"xpath","value":"//button[@data-kt=\"addButton\"]"}
COMMAND: POST /session/c336b23a39170495adacb30ef5b99798/elements - {"using":"xpath","value":"//button[@data-kt=\"addButton\"]"}
RESULT: {"using":"xpath","value":"//button[@data-kt=\"addButton\"]"}
COMMAND: POST /session/c336b23a39170495adacb30ef5b99798/elements - {"using":"xpath","value":"//button[@data-kt=\"addButton\"]"}
RESULT: {"using":"xpath","value":"//button[@data-kt=\"addButton\"]"}
COMMAND: POST /session/c336b23a39170495adacb30ef5b99798/elements - {"using":"xpath","value":"//button[@data-kt=\"addButton\"]"}
RESULT: {"using":"xpath","value":"//button[@data-kt=\"addButton\"]"}
COMMAND: POST /session/c336b23a39170495adacb30ef5b99798/elements - {"using":"xpath","value":"//button[@data-kt=\"addButton\"]"}
RESULT: {"using":"xpath","value":"//button[@data-kt=\"addButton\"]"}
COMMAND: POST /session/c336b23a39170495adacb30ef5b99798/elements - {"using":"xpath","value":"//button[@data-kt=\"addButton\"]"}
RESULT: {"using":"xpath","value":"//button[@data-kt=\"addButton\"]"}
COMMAND: POST /session/c336b23a39170495adacb30ef5b99798/elements - {"using":"xpath","value":"//button[@data-kt=\"addButton\"]"}
RESULT: {"using":"xpath","value":"//button[@data-kt=\"addButton\"]"}
COMMAND: POST /session/c336b23a39170495adacb30ef5b99798/elements - {"using":"xpath","value":"//button[@data-kt=\"addButton\"]"}
RESULT: {"using":"xpath","value":"//button[@data-kt=\"addButton\"]"}
COMMAND: POST /session/c336b23a39170495adacb30ef5b99798/elements - {"using":"xpath","value":"//button[@data-kt=\"addButton\"]"}
RESULT: {"using":"xpath","value":"//button[@data-kt=\"addButton\"]"}
COMMAND: POST /session/c336b23a39170495adacb30ef5b99798/elements - {"using":"xpath","value":"//button[@data-kt=\"addButton\"]"}
RESULT: {"using":"xpath","value":"//button[@data-kt=\"addButton\"]"}
COMMAND: POST /session/c336b23a39170495adacb30ef5b99798/elements - {"using":"xpath","value":"//button[@data-kt=\"addButton\"]"}
RESULT: {"using":"xpath","value":"//button[@data-kt=\"addButton\"]"}
COMMAND: POST /session/c336b23a39170495adacb30ef5b99798/elements - {"using":"xpath","value":"//button[@data-kt=\"addButton\"]"}
RESULT: {"using":"xpath","value":"//button[@data-kt=\"addButton\"]"}
COMMAND: POST /session/c336b23a39170495adacb30ef5b99798/element - {"using":"xpath","value":"//button[@data-kt=\"addButton\"]"}
RESULT: {"using":"xpath","value":"//button[@data-kt=\"addButton\"]"}
COMMAND: POST /session/c336b23a39170495adacb30ef5b99798/execute/sync - {"script":"<script> [8489 bytes]","args":[{"element-6066-11e4-a52e-4f735466cecf":"f.3C12D8243027A57254BE39B169A080B9.d.C4993473957FDE228A3A287461595B1E.e.4028","ELEMENT":"f.3C12D8243027A57254BE39B169A080B9.d.C4993473957FDE228A3A287461595B1E.e.4028"}]}
RESULT: {"script":"<script> [8489 bytes]","args":[{"element-6066-11e4-a52e-4f735466cecf":"f.3C12D8243027A57254BE39B169A080B9.d.C4993473957FDE228A3A287461595B1E.e.4028","ELEMENT":"f.3C12D8243027A57254BE39B169A080B9.d.C4993473957FDE228A3A287461595B1E.e.4028"}]}
COMMAND: GET /session/c336b23a39170495adacb30ef5b99798/element/f.3C12D8243027A57254BE39B169A080B9.d.C4993473957FDE228A3A287461595B1E.e.4028/enabled - {}
COMMAND: GET /session/c336b23a39170495adacb30ef5b99798/screenshot - {}
RESULT: {}
COMMAND: POST /session/c336b23a39170495adacb30ef5b99798/execute/sync - {"script":"<script> [8489 bytes]","args":[{"element-6066-11e4-a52e-4f735466cecf":"f.3C12D8243027A57254BE39B169A080B9.d.C4993473957FDE228A3A287461595B1E.e.4028","ELEMENT":"f.3C12D8243027A57254BE39B169A080B9.d.C4993473957FDE228A3A287461595B1E.e.4028"}]}
COMMAND: GET /session/c336b23a39170495adacb30ef5b99798/screenshot - {}
RESULT: {}
RESULT: {"script":"<script> [8489 bytes]","args":[{"element-6066-11e4-a52e-4f735466cecf":"f.3C12D8243027A57254BE39B169A080B9.d.C4993473957FDE228A3A287461595B1E.e.4028","ELEMENT":"f.3C12D8243027A57254BE39B169A080B9.d.C4993473957FDE228A3A287461595B1E.e.4028"}]}
COMMAND: POST /session/c336b23a39170495adacb30ef5b99798/execute/sync - {"script":"<script> [5351 bytes]","args":[{"element-6066-11e4-a52e-4f735466cecf":"f.3C12D8243027A57254BE39B169A080B9.d.C4993473957FDE228A3A287461595B1E.e.4028","ELEMENT":"f.3C12D8243027A57254BE39B169A080B9.d.C4993473957FDE228A3A287461595B1E.e.4028"}]}
COMMAND: GET /session/c336b23a39170495adacb30ef5b99798/screenshot - {}
RESULT: {}
RESULT: {"script":"<script> [5351 bytes]","args":[{"element-6066-11e4-a52e-4f735466cecf":"f.3C12D8243027A57254BE39B169A080B9.d.C4993473957FDE228A3A287461595B1E.e.4028","ELEMENT":"f.3C12D8243027A57254BE39B169A080B9.d.C4993473957FDE228A3A287461595B1E.e.4028"}]}
COMMAND: GET /session/c336b23a39170495adacb30ef5b99798/screenshot - {}
RESULT: {}
RESULT: {}
COMMAND: POST /session/c336b23a39170495adacb30ef5b99798/execute/async - {"script":"<script> [1562 bytes]","args":[{"selector":{"id":"application-managepartners-display-component---masterPtm--smartFilterBar-btnBasicSearch","interaction":{"idSuffix":"I"}},"wdio_ui5_key":"applicationmanagepartners-display-component---masterPtm--smartFilterBar-btnBasicSearch"}]}
RESULT: {"script":"<script> [1562 bytes]","args":[{"selector":{"id":"application-managepartners-display-component---masterPtm--smartFilterBar-btnBasicSearch","interaction":{"idSuffix":"I"}},"wdio_ui5_key":"applicationmanagepartners-display-component---masterPtm--smartFilterBar-btnBasicSearch"}]}
RESULT: undefined
COMMAND: POST /session/c336b23a39170495adacb30ef5b99798/execute/async - {"script":"<script> [776 bytes]","args":[{"enterText":"1474","selector":{"id":"application-managepartners-display-component---masterPtm--smartFilterBar-btnBasicSearch","interaction":{"idSuffix":"I"}},"clearTextFirst":true,"interactionType":"ENTER_TEXT"}]}
RESULT: {"script":"<script> [776 bytes]","args":[{"enterText":"1474","selector":{"id":"application-managepartners-display-component---masterPtm--smartFilterBar-btnBasicSearch","interaction":{"idSuffix":"I"}},"clearTextFirst":true,"interactionType":"ENTER_TEXT"}]}
COMMAND: POST /session/c336b23a39170495adacb30ef5b99798/actions - {"actions":[{"id":"action11","type":"key","parameters":{},"actions":[{"type":"keyDown","value":"î€‡"},{"type":"pause","duration":10},{"type":"keyUp","value":"î€‡"}]}]}
RESULT: {"actions":[{"id":"action11","type":"key","parameters":{},"actions":[{"type":"keyDown","value":"î€‡"},{"type":"pause","duration":10},{"type":"keyUp","value":"î€‡"}]}]}
COMMAND: GET /session/c336b23a39170495adacb30ef5b99798/screenshot - {}
RESULT: {}
COMMAND: POST /session/c336b23a39170495adacb30ef5b99798/elements - {"using":"xpath","value":"//table[contains(@id, \"customPartnersTable-listUl\")]/tbody/tr"}
RESULT: {"using":"xpath","value":"//table[contains(@id, \"customPartnersTable-listUl\")]/tbody/tr"}
COMMAND: POST /session/c336b23a39170495adacb30ef5b99798/element - {"using":"xpath","value":"//table[contains(@id, \"customPartnersTable-listUl\")]/tbody/tr[1]/td[3]/span"}
RESULT: {"using":"xpath","value":"//table[contains(@id, \"customPartnersTable-listUl\")]/tbody/tr[1]/td[3]/span"}
COMMAND: POST /session/c336b23a39170495adacb30ef5b99798/elements - {"using":"xpath","value":"//table[contains(@id, \"customPartnersTable-listUl\")]/tbody/tr[1]/td[3]/span"}
RESULT: {"using":"xpath","value":"//table[contains(@id, \"customPartnersTable-listUl\")]/tbody/tr[1]/td[3]/span"}
COMMAND: POST /session/c336b23a39170495adacb30ef5b99798/execute/sync - {"script":"<script> [56 bytes]","args":[{"element-6066-11e4-a52e-4f735466cecf":"f.3C12D8243027A57254BE39B169A080B9.d.C4993473957FDE228A3A287461595B1E.e.4162","ELEMENT":"f.3C12D8243027A57254BE39B169A080B9.d.C4993473957FDE228A3A287461595B1E.e.4162"}]}
RESULT: {"script":"<script> [56 bytes]","args":[{"element-6066-11e4-a52e-4f735466cecf":"f.3C12D8243027A57254BE39B169A080B9.d.C4993473957FDE228A3A287461595B1E.e.4162","ELEMENT":"f.3C12D8243027A57254BE39B169A080B9.d.C4993473957FDE228A3A287461595B1E.e.4162"}]}
COMMAND: POST /session/c336b23a39170495adacb30ef5b99798/element - {"using":"xpath","value":"(//span[contains(@id, \"imgNav\")])[1]"}
COMMAND: GET /session/c336b23a39170495adacb30ef5b99798/screenshot - {}
RESULT: {"using":"xpath","value":"(//span[contains(@id, \"imgNav\")])[1]"}
COMMAND: POST /session/c336b23a39170495adacb30ef5b99798/element/f.3C12D8243027A57254BE39B169A080B9.d.C4993473957FDE228A3A287461595B1E.e.4159/click - {}
RESULT: {}
RESULT: {}
COMMAND: GET /session/c336b23a39170495adacb30ef5b99798/screenshot - {}
RESULT: {}
COMMAND: POST /session/c336b23a39170495adacb30ef5b99798/element - {"using":"xpath","value":"//bdi[contains(text(), \"Edit\")]"}
RESULT: {"using":"xpath","value":"//bdi[contains(text(), \"Edit\")]"}
COMMAND: POST /session/c336b23a39170495adacb30ef5b99798/element/f.3C12D8243027A57254BE39B169A080B9.d.C4993473957FDE228A3A287461595B1E.e.4308/click - {}
RESULT: {}
COMMAND: GET /session/c336b23a39170495adacb30ef5b99798/screenshot - {}
RESULT: {}
COMMAND: POST /session/c336b23a39170495adacb30ef5b99798/execute/async - {"script":"<script> [1562 bytes]","args":[{"selector":{"controlType":"sap.m.Input","viewName":"etm.portal.ui.managepartners.view.EditDetail","labelFor":{"text":"Name"},"interaction":{"idSuffix":"inner"}},"wdio_ui5_key":"etmportal.ui.managepartners.view.EditDetailsap.m.Input{\"text\":\"Name\"}"}]}
RESULT: {"script":"<script> [1562 bytes]","args":[{"selector":{"controlType":"sap.m.Input","viewName":"etm.portal.ui.managepartners.view.EditDetail","labelFor":{"text":"Name"},"interaction":{"idSuffix":"inner"}},"wdio_ui5_key":"etmportal.ui.managepartners.view.EditDetailsap.m.Input{\"text\":\"Name\"}"}]}
RESULT: undefined
COMMAND: POST /session/c336b23a39170495adacb30ef5b99798/execute/async - {"script":"<script> [776 bytes]","args":[{"enterText":"Intercompany EDIT","selector":{"controlType":"sap.m.Input","viewName":"etm.portal.ui.managepartners.view.EditDetail","labelFor":{"text":"Name"},"interaction":{"idSuffix":"inner"}},"clearTextFirst":true,"interactionType":"ENTER_TEXT"}]}
RESULT: {"script":"<script> [776 bytes]","args":[{"enterText":"Intercompany EDIT","selector":{"controlType":"sap.m.Input","viewName":"etm.portal.ui.managepartners.view.EditDetail","labelFor":{"text":"Name"},"interaction":{"idSuffix":"inner"}},"clearTextFirst":true,"interactionType":"ENTER_TEXT"}]}
COMMAND: POST /session/c336b23a39170495adacb30ef5b99798/element - {"using":"xpath","value":"(//span[contains(@id,\"addressDetailDetailsLanguage-arrow\")])[1]"}
RESULT: {"using":"xpath","value":"(//span[contains(@id,\"addressDetailDetailsLanguage-arrow\")])[1]"}
COMMAND: POST /session/c336b23a39170495adacb30ef5b99798/element/f.3C12D8243027A57254BE39B169A080B9.d.C4993473957FDE228A3A287461595B1E.e.4392/click - {}
RESULT: {}
COMMAND: POST /session/c336b23a39170495adacb30ef5b99798/element - {"using":"xpath","value":"//span[contains(text(), \"Chinese\")]"}
COMMAND: GET /session/c336b23a39170495adacb30ef5b99798/screenshot - {}
RESULT: {"using":"xpath","value":"//span[contains(text(), \"Chinese\")]"}
COMMAND: POST /session/c336b23a39170495adacb30ef5b99798/element/f.3C12D8243027A57254BE39B169A080B9.d.C4993473957FDE228A3A287461595B1E.e.4393/click - {}
RESULT: {}
RESULT: {}
COMMAND: GET /session/c336b23a39170495adacb30ef5b99798/screenshot - {}
RESULT: {}
COMMAND: POST /session/c336b23a39170495adacb30ef5b99798/execute/async - {"script":"<script> [1562 bytes]","args":[{"selector":{"controlType":"sap.m.Input","viewName":"etm.portal.ui.managepartners.view.EditDetail","labelFor":{"text":"City"},"interaction":{"idSuffix":"inner"}},"wdio_ui5_key":"etmportal.ui.managepartners.view.EditDetailsap.m.Input{\"text\":\"City\"}"}]}
RESULT: {"script":"<script> [1562 bytes]","args":[{"selector":{"controlType":"sap.m.Input","viewName":"etm.portal.ui.managepartners.view.EditDetail","labelFor":{"text":"City"},"interaction":{"idSuffix":"inner"}},"wdio_ui5_key":"etmportal.ui.managepartners.view.EditDetailsap.m.Input{\"text\":\"City\"}"}]}
RESULT: undefined
COMMAND: POST /session/c336b23a39170495adacb30ef5b99798/execute/async - {"script":"<script> [776 bytes]","args":[{"enterText":"Clooj-Napoca","selector":{"controlType":"sap.m.Input","viewName":"etm.portal.ui.managepartners.view.EditDetail","labelFor":{"text":"City"},"interaction":{"idSuffix":"inner"}},"clearTextFirst":true,"interactionType":"ENTER_TEXT"}]}
RESULT: {"script":"<script> [776 bytes]","args":[{"enterText":"Clooj-Napoca","selector":{"controlType":"sap.m.Input","viewName":"etm.portal.ui.managepartners.view.EditDetail","labelFor":{"text":"City"},"interaction":{"idSuffix":"inner"}},"clearTextFirst":true,"interactionType":"ENTER_TEXT"}]}
COMMAND: POST /session/c336b23a39170495adacb30ef5b99798/element - {"using":"xpath","value":"//button[@data-kt=\"saveButton\"]"}
RESULT: {"using":"xpath","value":"//button[@data-kt=\"saveButton\"]"}
COMMAND: POST /session/c336b23a39170495adacb30ef5b99798/element/f.3C12D8243027A57254BE39B169A080B9.d.C4993473957FDE228A3A287461595B1E.e.4371/click - {}
RESULT: {}
COMMAND: GET /session/c336b23a39170495adacb30ef5b99798/screenshot - {}
RESULT: {}
COMMAND: POST /session/c336b23a39170495adacb30ef5b99798/execute/async - {"script":"<script> [1562 bytes]","args":[{"selector":{"id":"application-managepartners-display-component---detailPtm--addressDetailDetailsName1"},"wdio_ui5_key":"applicationmanagepartners-display-component---detailPtm--addressDetailDetailsName1"}]}
RESULT: {"script":"<script> [1562 bytes]","args":[{"selector":{"id":"application-managepartners-display-component---detailPtm--addressDetailDetailsName1"},"wdio_ui5_key":"applicationmanagepartners-display-component---detailPtm--addressDetailDetailsName1"}]}
RESULT: undefined
COMMAND: POST /session/c336b23a39170495adacb30ef5b99798/execute/async - {"script":"<script> [6424 bytes]","args":[{"element-6066-11e4-a52e-4f735466cecf":"f.3C12D8243027A57254BE39B169A080B9.d.C4993473957FDE228A3A287461595B1E.e.4424"},"getValue",[]]}
RESULT: {"script":"<script> [6424 bytes]","args":[{"element-6066-11e4-a52e-4f735466cecf":"f.3C12D8243027A57254BE39B169A080B9.d.C4993473957FDE228A3A287461595B1E.e.4424"},"getValue",[]]}
COMMAND: POST /session/c336b23a39170495adacb30ef5b99798/element - {"using":"xpath","value":"//input[@id = \"application-managepartners-display-component---detailPtm--addressDetailDetailsLanguage-inner\"]"}
RESULT: {"using":"xpath","value":"//input[@id = \"application-managepartners-display-component---detailPtm--addressDetailDetailsLanguage-inner\"]"}
COMMAND: GET /session/c336b23a39170495adacb30ef5b99798/element/f.3C12D8243027A57254BE39B169A080B9.d.C4993473957FDE228A3A287461595B1E.e.4425/property/value - {}
RESULT: {}
COMMAND: POST /session/c336b23a39170495adacb30ef5b99798/execute/async - {"script":"<script> [1562 bytes]","args":[{"selector":{"id":"application-managepartners-display-component---detailPtm--addressDetailDetailsCity1"},"wdio_ui5_key":"applicationmanagepartners-display-component---detailPtm--addressDetailDetailsCity1"}]}
COMMAND: GET /session/c336b23a39170495adacb30ef5b99798/screenshot - {}
RESULT: {"script":"<script> [1562 bytes]","args":[{"selector":{"id":"application-managepartners-display-component---detailPtm--addressDetailDetailsCity1"},"wdio_ui5_key":"applicationmanagepartners-display-component---detailPtm--addressDetailDetailsCity1"}]}
RESULT: undefined
COMMAND: POST /session/c336b23a39170495adacb30ef5b99798/execute/async - {"script":"<script> [6424 bytes]","args":[{"element-6066-11e4-a52e-4f735466cecf":"f.3C12D8243027A57254BE39B169A080B9.d.C4993473957FDE228A3A287461595B1E.e.4426"},"getValue",[]]}
RESULT: {}
RESULT: {"script":"<script> [6424 bytes]","args":[{"element-6066-11e4-a52e-4f735466cecf":"f.3C12D8243027A57254BE39B169A080B9.d.C4993473957FDE228A3A287461595B1E.e.4426"},"getValue",[]]}
COMMAND: POST /session/c336b23a39170495adacb30ef5b99798/element - {"using":"css selector","value":"#shell-header-logo"}
RESULT: {"using":"css selector","value":"#shell-header-logo"}
COMMAND: POST /session/c336b23a39170495adacb30ef5b99798/element/f.3C12D8243027A57254BE39B169A080B9.d.C4993473957FDE228A3A287461595B1E.e.3984/click - {}
RESULT: {}
COMMAND: GET /session/c336b23a39170495adacb30ef5b99798/screenshot - {}
RESULT: {}
]]></system-out>
    </testcase>
    <testcase classname="chrome.135_0_7049_96.windows.Partner_specific_tests_US150819_US151080_US151654_US151176_US103444_US151078_US151079_US151109_US151174_US151175_US151189" name="Should create a new intracompany partner edit some of its fields US151079" time="234.124">
      <system-out><![CDATA[
COMMAND: POST /session/c336b23a39170495adacb30ef5b99798/element - {"using":"xpath","value":"//li[.//span[text()=\"Manage Partners\"]]"}
RESULT: {"using":"xpath","value":"//li[.//span[text()=\"Manage Partners\"]]"}
COMMAND: POST /session/c336b23a39170495adacb30ef5b99798/element - {"using":"xpath","value":"//li[.//span[text()=\"Manage Partners\"]]"}
RESULT: {"using":"xpath","value":"//li[.//span[text()=\"Manage Partners\"]]"}
COMMAND: POST /session/c336b23a39170495adacb30ef5b99798/element - {"using":"css selector","value":"#shell-header-logo"}
RESULT: {"using":"css selector","value":"#shell-header-logo"}
COMMAND: POST /session/c336b23a39170495adacb30ef5b99798/element/f.3C12D8243027A57254BE39B169A080B9.d.C4993473957FDE228A3A287461595B1E.e.4456/click - {}
COMMAND: POST /session/c336b23a39170495adacb30ef5b99798/execute/sync - {"script":"<script> [8489 bytes]","args":[{"element-6066-11e4-a52e-4f735466cecf":"f.3C12D8243027A57254BE39B169A080B9.d.C4993473957FDE228A3A287461595B1E.e.4456","ELEMENT":"f.3C12D8243027A57254BE39B169A080B9.d.C4993473957FDE228A3A287461595B1E.e.4456"}]}
RESULT: {"script":"<script> [8489 bytes]","args":[{"element-6066-11e4-a52e-4f735466cecf":"f.3C12D8243027A57254BE39B169A080B9.d.C4993473957FDE228A3A287461595B1E.e.4456","ELEMENT":"f.3C12D8243027A57254BE39B169A080B9.d.C4993473957FDE228A3A287461595B1E.e.4456"}]}
COMMAND: POST /session/c336b23a39170495adacb30ef5b99798/execute/sync - {"script":"<script> [5351 bytes]","args":[{"element-6066-11e4-a52e-4f735466cecf":"f.3C12D8243027A57254BE39B169A080B9.d.C4993473957FDE228A3A287461595B1E.e.4456","ELEMENT":"f.3C12D8243027A57254BE39B169A080B9.d.C4993473957FDE228A3A287461595B1E.e.4456"}]}
COMMAND: GET /session/c336b23a39170495adacb30ef5b99798/screenshot - {}
RESULT: {}
COMMAND: GET /session/c336b23a39170495adacb30ef5b99798/screenshot - {}
RESULT: {"script":"<script> [5351 bytes]","args":[{"element-6066-11e4-a52e-4f735466cecf":"f.3C12D8243027A57254BE39B169A080B9.d.C4993473957FDE228A3A287461595B1E.e.4456","ELEMENT":"f.3C12D8243027A57254BE39B169A080B9.d.C4993473957FDE228A3A287461595B1E.e.4456"}]}
COMMAND: GET /session/c336b23a39170495adacb30ef5b99798/screenshot - {}
RESULT: {}
RESULT: {}
RESULT: {}
COMMAND: POST /session/c336b23a39170495adacb30ef5b99798/refresh - {}
RESULT: {}
COMMAND: GET /session/c336b23a39170495adacb30ef5b99798/screenshot - {}
RESULT: {}
COMMAND: POST /session/c336b23a39170495adacb30ef5b99798/refresh - {}
RESULT: {}
COMMAND: GET /session/c336b23a39170495adacb30ef5b99798/screenshot - {}
RESULT: {}
COMMAND: POST /session/c336b23a39170495adacb30ef5b99798/window/fullscreen - {}
RESULT: {}
COMMAND: POST /session/c336b23a39170495adacb30ef5b99798/execute/async - {"script":"<script> [189 bytes]","args":[]}
RESULT: {"script":"<script> [189 bytes]","args":[]}
COMMAND: POST /session/c336b23a39170495adacb30ef5b99798/execute/async - {"script":"<script> [123 bytes]","args":[]}
RESULT: {"script":"<script> [123 bytes]","args":[]}
COMMAND: POST /session/c336b23a39170495adacb30ef5b99798/timeouts - {"script":"<number>"}
RESULT: {"script":"<number>"}
COMMAND: GET /session/c336b23a39170495adacb30ef5b99798/timeouts - {}
RESULT: {}
RESULT: undefined
COMMAND: POST /session/c336b23a39170495adacb30ef5b99798/execute/async - {"script":"<script> [2676 bytes]","args":[]}
RESULT: {"script":"<script> [2676 bytes]","args":[]}
COMMAND: POST /session/c336b23a39170495adacb30ef5b99798/execute/async - {"script":"<script> [2342 bytes]","args":[{"protocol":"http","hostname":"0.0.0.0","path":"/","capabilities":{"browserName":"chrome","goog:chromeOptions":{"binary":"C:\\Program Files\\Google\\Chrome\\Application\\chrome.exe","args":["--start-maximized"]}},"logLevel":"warn","connectionRetryTimeout":120000,"connectionRetryCount":3,"logLevels":{},"enableDirectConnect":true,"strictSSL":true,"_":"65 more keys: [\"cacheDir\",\"port\",\"requestedCapabilities\",\"automationProtocol\",\"baseUrl\",\"waitforInterval\",\"waitforTimeout\",\"onReload\",\"beforeCommand\",\"afterCommand\",\"rootDir\",\"specs\",\"suites\",\"exclude\",\"groupLogsByTestSpec\",\"excludeDriverLogs\",\"bail\",\"framework\",\"reporters\",\"services\",\"maxInstances\",\"maxInstancesPerCapability\",\"injectGlobals\",\"filesToWatch\",\"execArgv\",\"runnerEnv\",\"runner\",\"shard\",\"specFileRetries\",\"specFileRetriesDelay\",\"specFileRetriesDeferred\",\"reporterSyncInterval\",\"reporterSyncTimeout\",\"cucumberFeaturesWithLineNumbers\",\"autoCompileOpts\",\"mochaOpts\",\"jasmineOpts\",\"cucumberOpts\",\"onPrepare\",\"onWorkerStart\",\"onWorkerEnd\",\"before\",\"beforeSession\",\"beforeSuite\",\"beforeHook\",\"beforeTest\",\"afterTest\",\"afterHook\",\"afterSuite\",\"afterSession\",\"after\",\"onComplete\",\"beforeAssertion\",\"afterAssertion\",\"beforeFeature\",\"beforeScenario\",\"beforeStep\",\"afterStep\",\"afterScenario\",\"afterFeature\",\"_\",\"suite\",\"$0\",\"ignoredWorkerServices\",\"wdi5\"]"}]}
RESULT: {"script":"<script> [2342 bytes]","args":[{"protocol":"http","hostname":"0.0.0.0","path":"/","capabilities":{"browserName":"chrome","goog:chromeOptions":{"binary":"C:\\Program Files\\Google\\Chrome\\Application\\chrome.exe","args":["--start-maximized"]}},"logLevel":"warn","connectionRetryTimeout":120000,"connectionRetryCount":3,"logLevels":{},"enableDirectConnect":true,"strictSSL":true,"_":"65 more keys: [\"cacheDir\",\"port\",\"requestedCapabilities\",\"automationProtocol\",\"baseUrl\",\"waitforInterval\",\"waitforTimeout\",\"onReload\",\"beforeCommand\",\"afterCommand\",\"rootDir\",\"specs\",\"suites\",\"exclude\",\"groupLogsByTestSpec\",\"excludeDriverLogs\",\"bail\",\"framework\",\"reporters\",\"services\",\"maxInstances\",\"maxInstancesPerCapability\",\"injectGlobals\",\"filesToWatch\",\"execArgv\",\"runnerEnv\",\"runner\",\"shard\",\"specFileRetries\",\"specFileRetriesDelay\",\"specFileRetriesDeferred\",\"reporterSyncInterval\",\"reporterSyncTimeout\",\"cucumberFeaturesWithLineNumbers\",\"autoCompileOpts\",\"mochaOpts\",\"jasmineOpts\",\"cucumberOpts\",\"onPrepare\",\"onWorkerStart\",\"onWorkerEnd\",\"before\",\"beforeSession\",\"beforeSuite\",\"beforeHook\",\"beforeTest\",\"afterTest\",\"afterHook\",\"afterSuite\",\"afterSession\",\"after\",\"onComplete\",\"beforeAssertion\",\"afterAssertion\",\"beforeFeature\",\"beforeScenario\",\"beforeStep\",\"afterStep\",\"afterScenario\",\"afterFeature\",\"_\",\"suite\",\"$0\",\"ignoredWorkerServices\",\"wdi5\"]"}]}
COMMAND: POST /session/c336b23a39170495adacb30ef5b99798/execute/async - {"script":"<script> [21126 bytes]","args":[35000]}
RESULT: {"script":"<script> [21126 bytes]","args":[35000]}
COMMAND: POST /session/c336b23a39170495adacb30ef5b99798/window/fullscreen - {}
RESULT: {}
COMMAND: POST /session/c336b23a39170495adacb30ef5b99798/window/fullscreen - {}
RESULT: {}
COMMAND: POST /session/c336b23a39170495adacb30ef5b99798/execute/async - {"script":"<script> [1562 bytes]","args":[{"selector":{"controlType":"sap.m.GenericTile","properties":{"header":"Manage Partners"}},"wdio_ui5_key":"sapm.GenericTile{\"header\":\"Manage Partners\"}"}]}
RESULT: {"script":"<script> [1562 bytes]","args":[{"selector":{"controlType":"sap.m.GenericTile","properties":{"header":"Manage Partners"}},"wdio_ui5_key":"sapm.GenericTile{\"header\":\"Manage Partners\"}"}]}
RESULT: undefined
COMMAND: POST /session/c336b23a39170495adacb30ef5b99798/element - {"using":"xpath","value":"//*[@id=\"__tile30\"]"}
RESULT: {"using":"xpath","value":"//*[@id=\"__tile30\"]"}
COMMAND: POST /session/c336b23a39170495adacb30ef5b99798/element/f.3C12D8243027A57254BE39B169A080B9.d.F9227B422987FB54736960AB4517752C.e.4521/click - {}
RESULT: {}
COMMAND: POST /session/c336b23a39170495adacb30ef5b99798/element - {"using":"xpath","value":"//button[@data-kt=\"addButton\"]"}
COMMAND: GET /session/c336b23a39170495adacb30ef5b99798/screenshot - {}
RESULT: {"using":"xpath","value":"//button[@data-kt=\"addButton\"]"}
COMMAND: POST /session/c336b23a39170495adacb30ef5b99798/elements - {"using":"xpath","value":"//button[@data-kt=\"addButton\"]"}
RESULT: {}
RESULT: {"using":"xpath","value":"//button[@data-kt=\"addButton\"]"}
COMMAND: POST /session/c336b23a39170495adacb30ef5b99798/elements - {"using":"xpath","value":"//button[@data-kt=\"addButton\"]"}
RESULT: {"using":"xpath","value":"//button[@data-kt=\"addButton\"]"}
COMMAND: POST /session/c336b23a39170495adacb30ef5b99798/elements - {"using":"xpath","value":"//button[@data-kt=\"addButton\"]"}
RESULT: {"using":"xpath","value":"//button[@data-kt=\"addButton\"]"}
COMMAND: POST /session/c336b23a39170495adacb30ef5b99798/elements - {"using":"xpath","value":"//button[@data-kt=\"addButton\"]"}
RESULT: {"using":"xpath","value":"//button[@data-kt=\"addButton\"]"}
COMMAND: POST /session/c336b23a39170495adacb30ef5b99798/elements - {"using":"xpath","value":"//button[@data-kt=\"addButton\"]"}
RESULT: {"using":"xpath","value":"//button[@data-kt=\"addButton\"]"}
COMMAND: POST /session/c336b23a39170495adacb30ef5b99798/elements - {"using":"xpath","value":"//button[@data-kt=\"addButton\"]"}
RESULT: {"using":"xpath","value":"//button[@data-kt=\"addButton\"]"}
COMMAND: POST /session/c336b23a39170495adacb30ef5b99798/elements - {"using":"xpath","value":"//button[@data-kt=\"addButton\"]"}
RESULT: {"using":"xpath","value":"//button[@data-kt=\"addButton\"]"}
COMMAND: POST /session/c336b23a39170495adacb30ef5b99798/elements - {"using":"xpath","value":"//button[@data-kt=\"addButton\"]"}
RESULT: {"using":"xpath","value":"//button[@data-kt=\"addButton\"]"}
COMMAND: POST /session/c336b23a39170495adacb30ef5b99798/elements - {"using":"xpath","value":"//button[@data-kt=\"addButton\"]"}
RESULT: {"using":"xpath","value":"//button[@data-kt=\"addButton\"]"}
COMMAND: POST /session/c336b23a39170495adacb30ef5b99798/elements - {"using":"xpath","value":"//button[@data-kt=\"addButton\"]"}
RESULT: {"using":"xpath","value":"//button[@data-kt=\"addButton\"]"}
COMMAND: POST /session/c336b23a39170495adacb30ef5b99798/elements - {"using":"xpath","value":"//button[@data-kt=\"addButton\"]"}
RESULT: {"using":"xpath","value":"//button[@data-kt=\"addButton\"]"}
COMMAND: POST /session/c336b23a39170495adacb30ef5b99798/elements - {"using":"xpath","value":"//button[@data-kt=\"addButton\"]"}
RESULT: {"using":"xpath","value":"//button[@data-kt=\"addButton\"]"}
COMMAND: POST /session/c336b23a39170495adacb30ef5b99798/elements - {"using":"xpath","value":"//button[@data-kt=\"addButton\"]"}
RESULT: {"using":"xpath","value":"//button[@data-kt=\"addButton\"]"}
COMMAND: POST /session/c336b23a39170495adacb30ef5b99798/element - {"using":"xpath","value":"//button[@data-kt=\"addButton\"]"}
RESULT: {"using":"xpath","value":"//button[@data-kt=\"addButton\"]"}
COMMAND: POST /session/c336b23a39170495adacb30ef5b99798/execute/sync - {"script":"<script> [8489 bytes]","args":[{"element-6066-11e4-a52e-4f735466cecf":"f.3C12D8243027A57254BE39B169A080B9.d.F9227B422987FB54736960AB4517752C.e.4646","ELEMENT":"f.3C12D8243027A57254BE39B169A080B9.d.F9227B422987FB54736960AB4517752C.e.4646"}]}
RESULT: {"script":"<script> [8489 bytes]","args":[{"element-6066-11e4-a52e-4f735466cecf":"f.3C12D8243027A57254BE39B169A080B9.d.F9227B422987FB54736960AB4517752C.e.4646","ELEMENT":"f.3C12D8243027A57254BE39B169A080B9.d.F9227B422987FB54736960AB4517752C.e.4646"}]}
COMMAND: GET /session/c336b23a39170495adacb30ef5b99798/element/f.3C12D8243027A57254BE39B169A080B9.d.F9227B422987FB54736960AB4517752C.e.4646/enabled - {}
COMMAND: GET /session/c336b23a39170495adacb30ef5b99798/screenshot - {}
RESULT: {}
COMMAND: POST /session/c336b23a39170495adacb30ef5b99798/execute/sync - {"script":"<script> [8489 bytes]","args":[{"element-6066-11e4-a52e-4f735466cecf":"f.3C12D8243027A57254BE39B169A080B9.d.F9227B422987FB54736960AB4517752C.e.4646","ELEMENT":"f.3C12D8243027A57254BE39B169A080B9.d.F9227B422987FB54736960AB4517752C.e.4646"}]}
COMMAND: GET /session/c336b23a39170495adacb30ef5b99798/screenshot - {}
RESULT: {}
RESULT: {"script":"<script> [8489 bytes]","args":[{"element-6066-11e4-a52e-4f735466cecf":"f.3C12D8243027A57254BE39B169A080B9.d.F9227B422987FB54736960AB4517752C.e.4646","ELEMENT":"f.3C12D8243027A57254BE39B169A080B9.d.F9227B422987FB54736960AB4517752C.e.4646"}]}
COMMAND: POST /session/c336b23a39170495adacb30ef5b99798/execute/sync - {"script":"<script> [5351 bytes]","args":[{"element-6066-11e4-a52e-4f735466cecf":"f.3C12D8243027A57254BE39B169A080B9.d.F9227B422987FB54736960AB4517752C.e.4646","ELEMENT":"f.3C12D8243027A57254BE39B169A080B9.d.F9227B422987FB54736960AB4517752C.e.4646"}]}
COMMAND: GET /session/c336b23a39170495adacb30ef5b99798/screenshot - {}
RESULT: {}
RESULT: {}
RESULT: {"script":"<script> [5351 bytes]","args":[{"element-6066-11e4-a52e-4f735466cecf":"f.3C12D8243027A57254BE39B169A080B9.d.F9227B422987FB54736960AB4517752C.e.4646","ELEMENT":"f.3C12D8243027A57254BE39B169A080B9.d.F9227B422987FB54736960AB4517752C.e.4646"}]}
COMMAND: POST /session/c336b23a39170495adacb30ef5b99798/element/f.3C12D8243027A57254BE39B169A080B9.d.F9227B422987FB54736960AB4517752C.e.4646/click - {}
COMMAND: GET /session/c336b23a39170495adacb30ef5b99798/screenshot - {}
RESULT: {}
COMMAND: GET /session/c336b23a39170495adacb30ef5b99798/screenshot - {}
COMMAND: POST /session/c336b23a39170495adacb30ef5b99798/execute/async - {"script":"<script> [1562 bytes]","args":[{"selector":{"id":"application-managepartners-display-component---NewPartner--addressDetailDetailsName1","interaction":{"idSuffix":"inner"}},"wdio_ui5_key":"applicationmanagepartners-display-component---NewPartner--addressDetailDetailsName1"}]}
RESULT: {}
RESULT: {}
RESULT: {"script":"<script> [1562 bytes]","args":[{"selector":{"id":"application-managepartners-display-component---NewPartner--addressDetailDetailsName1","interaction":{"idSuffix":"inner"}},"wdio_ui5_key":"applicationmanagepartners-display-component---NewPartner--addressDetailDetailsName1"}]}
RESULT: undefined
COMMAND: POST /session/c336b23a39170495adacb30ef5b99798/execute/async - {"script":"<script> [776 bytes]","args":[{"enterText":"Intracompany Partner WDIO","selector":{"id":"application-managepartners-display-component---NewPartner--addressDetailDetailsName1","interaction":{"idSuffix":"inner"}},"clearTextFirst":true,"interactionType":"ENTER_TEXT"}]}
RESULT: {"script":"<script> [776 bytes]","args":[{"enterText":"Intracompany Partner WDIO","selector":{"id":"application-managepartners-display-component---NewPartner--addressDetailDetailsName1","interaction":{"idSuffix":"inner"}},"clearTextFirst":true,"interactionType":"ENTER_TEXT"}]}
COMMAND: POST /session/c336b23a39170495adacb30ef5b99798/execute/async - {"script":"<script> [1562 bytes]","args":[{"selector":{"id":"application-managepartners-display-component---NewPartner--addressDetailDetailsLanguage-arrow"},"wdio_ui5_key":"applicationmanagepartners-display-component---NewPartner--addressDetailDetailsLanguage-arrow"}]}
RESULT: {"script":"<script> [1562 bytes]","args":[{"selector":{"id":"application-managepartners-display-component---NewPartner--addressDetailDetailsLanguage-arrow"},"wdio_ui5_key":"applicationmanagepartners-display-component---NewPartner--addressDetailDetailsLanguage-arrow"}]}
RESULT: undefined
COMMAND: POST /session/c336b23a39170495adacb30ef5b99798/element - {"using":"xpath","value":"//*[@id=\"application-managepartners-display-component---NewPartner--addressDetailDetailsLanguage-arrow\"]"}
RESULT: {"using":"xpath","value":"//*[@id=\"application-managepartners-display-component---NewPartner--addressDetailDetailsLanguage-arrow\"]"}
COMMAND: POST /session/c336b23a39170495adacb30ef5b99798/element/f.3C12D8243027A57254BE39B169A080B9.d.F9227B422987FB54736960AB4517752C.e.5091/click - {}
RESULT: {}
COMMAND: POST /session/c336b23a39170495adacb30ef5b99798/element - {"using":"xpath","value":"//span[contains(text(), \"English\")]"}
COMMAND: GET /session/c336b23a39170495adacb30ef5b99798/screenshot - {}
RESULT: {"using":"xpath","value":"//span[contains(text(), \"English\")]"}
COMMAND: POST /session/c336b23a39170495adacb30ef5b99798/element/f.3C12D8243027A57254BE39B169A080B9.d.F9227B422987FB54736960AB4517752C.e.5092/click - {}
RESULT: {}
RESULT: {}
COMMAND: GET /session/c336b23a39170495adacb30ef5b99798/screenshot - {}
RESULT: {}
COMMAND: POST /session/c336b23a39170495adacb30ef5b99798/execute/async - {"script":"<script> [1562 bytes]","args":[{"selector":{"id":"application-managepartners-display-component---NewPartner--addressDetailDetailsCity1","interaction":{"idSuffix":"inner"}},"wdio_ui5_key":"applicationmanagepartners-display-component---NewPartner--addressDetailDetailsCity1"}]}
RESULT: {"script":"<script> [1562 bytes]","args":[{"selector":{"id":"application-managepartners-display-component---NewPartner--addressDetailDetailsCity1","interaction":{"idSuffix":"inner"}},"wdio_ui5_key":"applicationmanagepartners-display-component---NewPartner--addressDetailDetailsCity1"}]}
RESULT: undefined
COMMAND: POST /session/c336b23a39170495adacb30ef5b99798/execute/async - {"script":"<script> [776 bytes]","args":[{"enterText":"Rosario","selector":{"id":"application-managepartners-display-component---NewPartner--addressDetailDetailsCity1","interaction":{"idSuffix":"inner"}},"clearTextFirst":true,"interactionType":"ENTER_TEXT"}]}
RESULT: {"script":"<script> [776 bytes]","args":[{"enterText":"Rosario","selector":{"id":"application-managepartners-display-component---NewPartner--addressDetailDetailsCity1","interaction":{"idSuffix":"inner"}},"clearTextFirst":true,"interactionType":"ENTER_TEXT"}]}
COMMAND: POST /session/c336b23a39170495adacb30ef5b99798/execute/async - {"script":"<script> [1562 bytes]","args":[{"selector":{"id":"application-managepartners-display-component---NewPartner--addressDetailDetailsCountry-arrow"},"wdio_ui5_key":"applicationmanagepartners-display-component---NewPartner--addressDetailDetailsCountry-arrow"}]}
RESULT: {"script":"<script> [1562 bytes]","args":[{"selector":{"id":"application-managepartners-display-component---NewPartner--addressDetailDetailsCountry-arrow"},"wdio_ui5_key":"applicationmanagepartners-display-component---NewPartner--addressDetailDetailsCountry-arrow"}]}
RESULT: undefined
COMMAND: POST /session/c336b23a39170495adacb30ef5b99798/element - {"using":"xpath","value":"//*[@id=\"application-managepartners-display-component---NewPartner--addressDetailDetailsCountry-arrow\"]"}
RESULT: {"using":"xpath","value":"//*[@id=\"application-managepartners-display-component---NewPartner--addressDetailDetailsCountry-arrow\"]"}
COMMAND: POST /session/c336b23a39170495adacb30ef5b99798/element/f.3C12D8243027A57254BE39B169A080B9.d.F9227B422987FB54736960AB4517752C.e.5078/click - {}
RESULT: {}
COMMAND: POST /session/c336b23a39170495adacb30ef5b99798/element - {"using":"xpath","value":"//span[contains(text(), \"Argentina\")]"}
COMMAND: GET /session/c336b23a39170495adacb30ef5b99798/screenshot - {}
RESULT: {"using":"xpath","value":"//span[contains(text(), \"Argentina\")]"}
COMMAND: POST /session/c336b23a39170495adacb30ef5b99798/element/f.3C12D8243027A57254BE39B169A080B9.d.F9227B422987FB54736960AB4517752C.e.5094/click - {}
RESULT: {}
RESULT: {}
COMMAND: GET /session/c336b23a39170495adacb30ef5b99798/screenshot - {}
RESULT: {}
COMMAND: POST /session/c336b23a39170495adacb30ef5b99798/element - {"using":"xpath","value":"//bdi[contains(text(), \"Commercial\")]"}
RESULT: {"using":"xpath","value":"//bdi[contains(text(), \"Commercial\")]"}
COMMAND: POST /session/c336b23a39170495adacb30ef5b99798/element/f.3C12D8243027A57254BE39B169A080B9.d.F9227B422987FB54736960AB4517752C.e.5095/click - {}
RESULT: {}
COMMAND: GET /session/c336b23a39170495adacb30ef5b99798/screenshot - {}
RESULT: {}
COMMAND: POST /session/c336b23a39170495adacb30ef5b99798/execute/async - {"script":"<script> [1562 bytes]","args":[{"selector":{"id":"application-managepartners-display-component---NewPartner--partnerDetailInternal-arrow"},"wdio_ui5_key":"applicationmanagepartners-display-component---NewPartner--partnerDetailInternal-arrow"}]}
RESULT: {"script":"<script> [1562 bytes]","args":[{"selector":{"id":"application-managepartners-display-component---NewPartner--partnerDetailInternal-arrow"},"wdio_ui5_key":"applicationmanagepartners-display-component---NewPartner--partnerDetailInternal-arrow"}]}
RESULT: undefined
COMMAND: POST /session/c336b23a39170495adacb30ef5b99798/element - {"using":"xpath","value":"//*[@id=\"application-managepartners-display-component---NewPartner--partnerDetailInternal-arrow\"]"}
RESULT: {"using":"xpath","value":"//*[@id=\"application-managepartners-display-component---NewPartner--partnerDetailInternal-arrow\"]"}
COMMAND: POST /session/c336b23a39170495adacb30ef5b99798/element/f.3C12D8243027A57254BE39B169A080B9.d.F9227B422987FB54736960AB4517752C.e.5101/click - {}
RESULT: {}
COMMAND: POST /session/c336b23a39170495adacb30ef5b99798/element - {"using":"xpath","value":"//span[contains(text(), \"Affiliated company\")]"}
COMMAND: GET /session/c336b23a39170495adacb30ef5b99798/screenshot - {}
RESULT: {"using":"xpath","value":"//span[contains(text(), \"Affiliated company\")]"}
COMMAND: POST /session/c336b23a39170495adacb30ef5b99798/element/f.3C12D8243027A57254BE39B169A080B9.d.F9227B422987FB54736960AB4517752C.e.5104/click - {}
RESULT: {}
RESULT: {}
COMMAND: POST /session/c336b23a39170495adacb30ef5b99798/execute/async - {"script":"<script> [1562 bytes]","args":[{"selector":{"id":"application-managepartners-display-component---NewPartner--partnerDetailsCurrency-arrow"},"wdio_ui5_key":"applicationmanagepartners-display-component---NewPartner--partnerDetailsCurrency-arrow"}]}
COMMAND: GET /session/c336b23a39170495adacb30ef5b99798/screenshot - {}
RESULT: {"script":"<script> [1562 bytes]","args":[{"selector":{"id":"application-managepartners-display-component---NewPartner--partnerDetailsCurrency-arrow"},"wdio_ui5_key":"applicationmanagepartners-display-component---NewPartner--partnerDetailsCurrency-arrow"}]}
RESULT: undefined
COMMAND: POST /session/c336b23a39170495adacb30ef5b99798/element - {"using":"xpath","value":"//*[@id=\"application-managepartners-display-component---NewPartner--partnerDetailsCurrency-arrow\"]"}
RESULT: {}
RESULT: {"using":"xpath","value":"//*[@id=\"application-managepartners-display-component---NewPartner--partnerDetailsCurrency-arrow\"]"}
COMMAND: POST /session/c336b23a39170495adacb30ef5b99798/element/f.3C12D8243027A57254BE39B169A080B9.d.F9227B422987FB54736960AB4517752C.e.5111/click - {}
RESULT: {}
COMMAND: POST /session/c336b23a39170495adacb30ef5b99798/element - {"using":"xpath","value":"//span[contains(text(), \"Euro\")]"}
COMMAND: GET /session/c336b23a39170495adacb30ef5b99798/screenshot - {}
RESULT: {"using":"xpath","value":"//span[contains(text(), \"Euro\")]"}
COMMAND: POST /session/c336b23a39170495adacb30ef5b99798/element/f.3C12D8243027A57254BE39B169A080B9.d.F9227B422987FB54736960AB4517752C.e.5112/click - {}
RESULT: {}
RESULT: {}
COMMAND: POST /session/c336b23a39170495adacb30ef5b99798/execute/async - {"script":"<script> [1562 bytes]","args":[{"selector":{"id":"application-managepartners-display-component---NewPartner--addressEditDetailsCostObjectCstType-arrow"},"wdio_ui5_key":"applicationmanagepartners-display-component---NewPartner--addressEditDetailsCostObjectCstType-arrow"}]}
COMMAND: GET /session/c336b23a39170495adacb30ef5b99798/screenshot - {}
RESULT: {"script":"<script> [1562 bytes]","args":[{"selector":{"id":"application-managepartners-display-component---NewPartner--addressEditDetailsCostObjectCstType-arrow"},"wdio_ui5_key":"applicationmanagepartners-display-component---NewPartner--addressEditDetailsCostObjectCstType-arrow"}]}
RESULT: undefined
COMMAND: POST /session/c336b23a39170495adacb30ef5b99798/element - {"using":"xpath","value":"//*[@id=\"application-managepartners-display-component---NewPartner--addressEditDetailsCostObjectCstType-arrow\"]"}
RESULT: {}
RESULT: {"using":"xpath","value":"//*[@id=\"application-managepartners-display-component---NewPartner--addressEditDetailsCostObjectCstType-arrow\"]"}
COMMAND: POST /session/c336b23a39170495adacb30ef5b99798/element/f.3C12D8243027A57254BE39B169A080B9.d.F9227B422987FB54736960AB4517752C.e.5113/click - {}
RESULT: {}
COMMAND: POST /session/c336b23a39170495adacb30ef5b99798/element - {"using":"xpath","value":"//span[contains(text(), \"Cost Center\")]"}
COMMAND: GET /session/c336b23a39170495adacb30ef5b99798/screenshot - {}
RESULT: {"using":"xpath","value":"//span[contains(text(), \"Cost Center\")]"}
COMMAND: POST /session/c336b23a39170495adacb30ef5b99798/element/f.3C12D8243027A57254BE39B169A080B9.d.F9227B422987FB54736960AB4517752C.e.5114/click - {}
RESULT: {}
RESULT: {}
COMMAND: GET /session/c336b23a39170495adacb30ef5b99798/screenshot - {}
RESULT: {}
COMMAND: POST /session/c336b23a39170495adacb30ef5b99798/element - {"using":"xpath","value":"//span[@id=\"application-managepartners-display-component---NewPartner--addressNewCostObjectCstID-vhi\"]"}
RESULT: {"using":"xpath","value":"//span[@id=\"application-managepartners-display-component---NewPartner--addressNewCostObjectCstID-vhi\"]"}
COMMAND: POST /session/c336b23a39170495adacb30ef5b99798/element - {"using":"xpath","value":"//span[@id=\"application-managepartners-display-component---NewPartner--addressNewCostObjectCstID-vhi\"]"}
RESULT: {"using":"xpath","value":"//span[@id=\"application-managepartners-display-component---NewPartner--addressNewCostObjectCstID-vhi\"]"}
COMMAND: POST /session/c336b23a39170495adacb30ef5b99798/execute/sync - {"script":"<script> [8489 bytes]","args":[{"element-6066-11e4-a52e-4f735466cecf":"f.3C12D8243027A57254BE39B169A080B9.d.F9227B422987FB54736960AB4517752C.e.5118","ELEMENT":"f.3C12D8243027A57254BE39B169A080B9.d.F9227B422987FB54736960AB4517752C.e.5118"}]}
RESULT: {"script":"<script> [8489 bytes]","args":[{"element-6066-11e4-a52e-4f735466cecf":"f.3C12D8243027A57254BE39B169A080B9.d.F9227B422987FB54736960AB4517752C.e.5118","ELEMENT":"f.3C12D8243027A57254BE39B169A080B9.d.F9227B422987FB54736960AB4517752C.e.5118"}]}
COMMAND: POST /session/c336b23a39170495adacb30ef5b99798/execute/async - {"script":"<script> [1562 bytes]","args":[{"selector":{"id":"application-managepartners-display-component---NewPartner--addressNewCostObjectCstID-vhi"},"wdio_ui5_key":"applicationmanagepartners-display-component---NewPartner--addressNewCostObjectCstID-vhi"}]}
COMMAND: GET /session/c336b23a39170495adacb30ef5b99798/screenshot - {}
RESULT: {"script":"<script> [1562 bytes]","args":[{"selector":{"id":"application-managepartners-display-component---NewPartner--addressNewCostObjectCstID-vhi"},"wdio_ui5_key":"applicationmanagepartners-display-component---NewPartner--addressNewCostObjectCstID-vhi"}]}
RESULT: undefined
COMMAND: POST /session/c336b23a39170495adacb30ef5b99798/element - {"using":"xpath","value":"//*[@id=\"application-managepartners-display-component---NewPartner--addressNewCostObjectCstID-vhi\"]"}
RESULT: {}
RESULT: {"using":"xpath","value":"//*[@id=\"application-managepartners-display-component---NewPartner--addressNewCostObjectCstID-vhi\"]"}
COMMAND: POST /session/c336b23a39170495adacb30ef5b99798/element/f.3C12D8243027A57254BE39B169A080B9.d.F9227B422987FB54736960AB4517752C.e.5118/click - {}
RESULT: {}
COMMAND: GET /session/c336b23a39170495adacb30ef5b99798/screenshot - {}
RESULT: {}
COMMAND: POST /session/c336b23a39170495adacb30ef5b99798/execute/async - {"script":"<script> [1562 bytes]","args":[{"selector":{"controlType":"sap.m.SearchField","properties":{"placeholder":"Search"},"searchOpenDialogs":true,"interaction":{"idSuffix":"I"}},"wdio_ui5_key":"sapm.SearchField{\"placeholder\":\"Search\"}"}]}
RESULT: {"script":"<script> [1562 bytes]","args":[{"selector":{"controlType":"sap.m.SearchField","properties":{"placeholder":"Search"},"searchOpenDialogs":true,"interaction":{"idSuffix":"I"}},"wdio_ui5_key":"sapm.SearchField{\"placeholder\":\"Search\"}"}]}
RESULT: undefined
COMMAND: POST /session/c336b23a39170495adacb30ef5b99798/execute/async - {"script":"<script> [776 bytes]","args":[{"enterText":"10001013","selector":{"controlType":"sap.m.SearchField","properties":{"placeholder":"Search"},"searchOpenDialogs":true,"interaction":{"idSuffix":"I"}},"clearTextFirst":true,"interactionType":"ENTER_TEXT"}]}
RESULT: {"script":"<script> [776 bytes]","args":[{"enterText":"10001013","selector":{"controlType":"sap.m.SearchField","properties":{"placeholder":"Search"},"searchOpenDialogs":true,"interaction":{"idSuffix":"I"}},"clearTextFirst":true,"interactionType":"ENTER_TEXT"}]}
COMMAND: POST /session/c336b23a39170495adacb30ef5b99798/actions - {"actions":[{"id":"action12","type":"key","parameters":{},"actions":[{"type":"keyDown","value":"î€‡"},{"type":"pause","duration":10},{"type":"keyUp","value":"î€‡"}]}]}
RESULT: {"actions":[{"id":"action12","type":"key","parameters":{},"actions":[{"type":"keyDown","value":"î€‡"},{"type":"pause","duration":10},{"type":"keyUp","value":"î€‡"}]}]}
COMMAND: GET /session/c336b23a39170495adacb30ef5b99798/screenshot - {}
RESULT: {}
COMMAND: POST /session/c336b23a39170495adacb30ef5b99798/element - {"using":"xpath","value":"//span[contains(text(), \"General Management\")]"}
RESULT: {"using":"xpath","value":"//span[contains(text(), \"General Management\")]"}
COMMAND: POST /session/c336b23a39170495adacb30ef5b99798/element/f.3C12D8243027A57254BE39B169A080B9.d.F9227B422987FB54736960AB4517752C.e.5160/click - {}
RESULT: {}
COMMAND: GET /session/c336b23a39170495adacb30ef5b99798/screenshot - {}
RESULT: {}
COMMAND: POST /session/c336b23a39170495adacb30ef5b99798/element - {"using":"xpath","value":"//bdi[contains(text(), \"OK\")]"}
RESULT: {"using":"xpath","value":"//bdi[contains(text(), \"OK\")]"}
COMMAND: POST /session/c336b23a39170495adacb30ef5b99798/element/f.3C12D8243027A57254BE39B169A080B9.d.F9227B422987FB54736960AB4517752C.e.5161/click - {}
RESULT: {}
COMMAND: GET /session/c336b23a39170495adacb30ef5b99798/screenshot - {}
RESULT: {}
COMMAND: POST /session/c336b23a39170495adacb30ef5b99798/element - {"using":"xpath","value":"//input[@id=\"application-managepartners-display-component---NewPartner--companyCodeComboBox-inner\"]"}
RESULT: {"using":"xpath","value":"//input[@id=\"application-managepartners-display-component---NewPartner--companyCodeComboBox-inner\"]"}
COMMAND: POST /session/c336b23a39170495adacb30ef5b99798/element/f.3C12D8243027A57254BE39B169A080B9.d.F9227B422987FB54736960AB4517752C.e.4946/clear - {}
RESULT: {}
COMMAND: POST /session/c336b23a39170495adacb30ef5b99798/element/f.3C12D8243027A57254BE39B169A080B9.d.F9227B422987FB54736960AB4517752C.e.4946/value - {"text":"1000"}
COMMAND: GET /session/c336b23a39170495adacb30ef5b99798/screenshot - {}
RESULT: {"text":"1000"}
COMMAND: GET /session/c336b23a39170495adacb30ef5b99798/screenshot - {}
RESULT: {}
RESULT: {}
COMMAND: POST /session/c336b23a39170495adacb30ef5b99798/element - {"using":"xpath","value":"//span[contains(text(), \"1000\")]"}
RESULT: {"using":"xpath","value":"//span[contains(text(), \"1000\")]"}
COMMAND: POST /session/c336b23a39170495adacb30ef5b99798/element/f.3C12D8243027A57254BE39B169A080B9.d.F9227B422987FB54736960AB4517752C.e.5167/click - {}
RESULT: {}
COMMAND: GET /session/c336b23a39170495adacb30ef5b99798/screenshot - {}
RESULT: {}
COMMAND: POST /session/c336b23a39170495adacb30ef5b99798/execute/async - {"script":"<script> [1562 bytes]","args":[{"selector":{"id":"application-managepartners-display-component---NewPartner--btnAddTableRow-img"},"wdio_ui5_key":"applicationmanagepartners-display-component---NewPartner--btnAddTableRow-img"}]}
RESULT: {"script":"<script> [1562 bytes]","args":[{"selector":{"id":"application-managepartners-display-component---NewPartner--btnAddTableRow-img"},"wdio_ui5_key":"applicationmanagepartners-display-component---NewPartner--btnAddTableRow-img"}]}
RESULT: undefined
COMMAND: POST /session/c336b23a39170495adacb30ef5b99798/element - {"using":"xpath","value":"//*[@id=\"application-managepartners-display-component---NewPartner--btnAddTableRow-img\"]"}
RESULT: {"using":"xpath","value":"//*[@id=\"application-managepartners-display-component---NewPartner--btnAddTableRow-img\"]"}
COMMAND: POST /session/c336b23a39170495adacb30ef5b99798/element/f.3C12D8243027A57254BE39B169A080B9.d.F9227B422987FB54736960AB4517752C.e.5168/click - {}
RESULT: {}
COMMAND: GET /session/c336b23a39170495adacb30ef5b99798/screenshot - {}
RESULT: {}
COMMAND: POST /session/c336b23a39170495adacb30ef5b99798/element - {"using":"xpath","value":"//input[@id=\"application-managepartners-display-component---NewPartner--assignmentYard-application-managepartners-display-component---NewPartner--assignmentsTable-0-inner\"]"}
RESULT: {"using":"xpath","value":"//input[@id=\"application-managepartners-display-component---NewPartner--assignmentYard-application-managepartners-display-component---NewPartner--assignmentsTable-0-inner\"]"}
COMMAND: POST /session/c336b23a39170495adacb30ef5b99798/element/f.3C12D8243027A57254BE39B169A080B9.d.F9227B422987FB54736960AB4517752C.e.5171/clear - {}
RESULT: {}
COMMAND: POST /session/c336b23a39170495adacb30ef5b99798/element/f.3C12D8243027A57254BE39B169A080B9.d.F9227B422987FB54736960AB4517752C.e.5171/value - {"text":"599"}
COMMAND: GET /session/c336b23a39170495adacb30ef5b99798/screenshot - {}
RESULT: {"text":"599"}
COMMAND: GET /session/c336b23a39170495adacb30ef5b99798/screenshot - {}
RESULT: {}
RESULT: {}
COMMAND: POST /session/c336b23a39170495adacb30ef5b99798/element - {"using":"xpath","value":"//li[.//span[text()='599']]"}
RESULT: {"using":"xpath","value":"//li[.//span[text()='599']]"}
COMMAND: POST /session/c336b23a39170495adacb30ef5b99798/element/f.3C12D8243027A57254BE39B169A080B9.d.F9227B422987FB54736960AB4517752C.e.5180/click - {}
RESULT: {}
COMMAND: GET /session/c336b23a39170495adacb30ef5b99798/screenshot - {}
RESULT: {}
COMMAND: POST /session/c336b23a39170495adacb30ef5b99798/actions - {"actions":[{"id":"action13","type":"key","parameters":{},"actions":[{"type":"keyDown","value":"î€‡"},{"type":"pause","duration":10},{"type":"keyUp","value":"î€‡"}]}]}
RESULT: {"actions":[{"id":"action13","type":"key","parameters":{},"actions":[{"type":"keyDown","value":"î€‡"},{"type":"pause","duration":10},{"type":"keyUp","value":"î€‡"}]}]}
COMMAND: POST /session/c336b23a39170495adacb30ef5b99798/execute/async - {"script":"<script> [1562 bytes]","args":[{"selector":{"id":"application-managepartners-display-component---NewPartner--externalCustomerComboBox-application-managepartners-display-component---NewPartner--assignmentsTable-0-vhi"},"wdio_ui5_key":"applicationmanagepartners-display-component---NewPartner--externalCustomerComboBox-application-managepartners-display-component---NewPartner--assignmentsTable-0-vhi"}]}
COMMAND: GET /session/c336b23a39170495adacb30ef5b99798/screenshot - {}
RESULT: {"script":"<script> [1562 bytes]","args":[{"selector":{"id":"application-managepartners-display-component---NewPartner--externalCustomerComboBox-application-managepartners-display-component---NewPartner--assignmentsTable-0-vhi"},"wdio_ui5_key":"applicationmanagepartners-display-component---NewPartner--externalCustomerComboBox-application-managepartners-display-component---NewPartner--assignmentsTable-0-vhi"}]}
RESULT: undefined
COMMAND: POST /session/c336b23a39170495adacb30ef5b99798/element - {"using":"xpath","value":"//*[@id=\"application-managepartners-display-component---NewPartner--externalCustomerComboBox-application-managepartners-display-component---NewPartner--assignmentsTable-0-vhi\"]"}
RESULT: {}
RESULT: {"using":"xpath","value":"//*[@id=\"application-managepartners-display-component---NewPartner--externalCustomerComboBox-application-managepartners-display-component---NewPartner--assignmentsTable-0-vhi\"]"}
COMMAND: POST /session/c336b23a39170495adacb30ef5b99798/element/f.3C12D8243027A57254BE39B169A080B9.d.F9227B422987FB54736960AB4517752C.e.5184/click - {}
RESULT: {}
RESULT: undefined
COMMAND: POST /session/c336b23a39170495adacb30ef5b99798/execute/async - {"script":"<script> [776 bytes]","args":[{"enterText":"300003","selector":{"controlType":"sap.m.SearchField","properties":{"placeholder":"Search"},"searchOpenDialogs":true,"interaction":{"idSuffix":"I"}},"clearTextFirst":true,"interactionType":"ENTER_TEXT"}]}
COMMAND: GET /session/c336b23a39170495adacb30ef5b99798/screenshot - {}
RESULT: {"script":"<script> [776 bytes]","args":[{"enterText":"300003","selector":{"controlType":"sap.m.SearchField","properties":{"placeholder":"Search"},"searchOpenDialogs":true,"interaction":{"idSuffix":"I"}},"clearTextFirst":true,"interactionType":"ENTER_TEXT"}]}
COMMAND: POST /session/c336b23a39170495adacb30ef5b99798/actions - {"actions":[{"id":"action14","type":"key","parameters":{},"actions":[{"type":"keyDown","value":"î€‡"},{"type":"pause","duration":10},{"type":"keyUp","value":"î€‡"}]}]}
RESULT: {}
RESULT: {"actions":[{"id":"action14","type":"key","parameters":{},"actions":[{"type":"keyDown","value":"î€‡"},{"type":"pause","duration":10},{"type":"keyUp","value":"î€‡"}]}]}
COMMAND: GET /session/c336b23a39170495adacb30ef5b99798/screenshot - {}
RESULT: {}
COMMAND: POST /session/c336b23a39170495adacb30ef5b99798/element - {"using":"xpath","value":"//span[contains(text(), \"300003\")]"}
RESULT: {"using":"xpath","value":"//span[contains(text(), \"300003\")]"}
COMMAND: POST /session/c336b23a39170495adacb30ef5b99798/element/f.3C12D8243027A57254BE39B169A080B9.d.F9227B422987FB54736960AB4517752C.e.5202/click - {}
RESULT: {}
COMMAND: GET /session/c336b23a39170495adacb30ef5b99798/screenshot - {}
RESULT: {}
COMMAND: POST /session/c336b23a39170495adacb30ef5b99798/element - {"using":"xpath","value":"//bdi[contains(text(), \"OK\")]"}
RESULT: {"using":"xpath","value":"//bdi[contains(text(), \"OK\")]"}
COMMAND: POST /session/c336b23a39170495adacb30ef5b99798/element/f.3C12D8243027A57254BE39B169A080B9.d.F9227B422987FB54736960AB4517752C.e.5204/click - {}
RESULT: {}
COMMAND: GET /session/c336b23a39170495adacb30ef5b99798/screenshot - {}
RESULT: {}
COMMAND: POST /session/c336b23a39170495adacb30ef5b99798/execute/async - {"script":"<script> [1562 bytes]","args":[{"selector":{"id":"application-managepartners-display-component---NewPartner--intercompVendorComboBox-application-managepartners-display-component---NewPartner--assignmentsTable-0-vhi"},"wdio_ui5_key":"applicationmanagepartners-display-component---NewPartner--intercompVendorComboBox-application-managepartners-display-component---NewPartner--assignmentsTable-0-vhi"}]}
RESULT: {"script":"<script> [1562 bytes]","args":[{"selector":{"id":"application-managepartners-display-component---NewPartner--intercompVendorComboBox-application-managepartners-display-component---NewPartner--assignmentsTable-0-vhi"},"wdio_ui5_key":"applicationmanagepartners-display-component---NewPartner--intercompVendorComboBox-application-managepartners-display-component---NewPartner--assignmentsTable-0-vhi"}]}
RESULT: undefined
COMMAND: POST /session/c336b23a39170495adacb30ef5b99798/element - {"using":"xpath","value":"//*[@id=\"application-managepartners-display-component---NewPartner--intercompVendorComboBox-application-managepartners-display-component---NewPartner--assignmentsTable-0-vhi\"]"}
RESULT: {"using":"xpath","value":"//*[@id=\"application-managepartners-display-component---NewPartner--intercompVendorComboBox-application-managepartners-display-component---NewPartner--assignmentsTable-0-vhi\"]"}
COMMAND: POST /session/c336b23a39170495adacb30ef5b99798/element/f.3C12D8243027A57254BE39B169A080B9.d.F9227B422987FB54736960AB4517752C.e.5207/click - {}
RESULT: {}
RESULT: undefined
COMMAND: POST /session/c336b23a39170495adacb30ef5b99798/execute/async - {"script":"<script> [776 bytes]","args":[{"enterText":"100005","selector":{"controlType":"sap.m.SearchField","properties":{"placeholder":"Search"},"searchOpenDialogs":true,"interaction":{"idSuffix":"I"}},"clearTextFirst":true,"interactionType":"ENTER_TEXT"}]}
COMMAND: GET /session/c336b23a39170495adacb30ef5b99798/screenshot - {}
RESULT: {"script":"<script> [776 bytes]","args":[{"enterText":"100005","selector":{"controlType":"sap.m.SearchField","properties":{"placeholder":"Search"},"searchOpenDialogs":true,"interaction":{"idSuffix":"I"}},"clearTextFirst":true,"interactionType":"ENTER_TEXT"}]}
COMMAND: POST /session/c336b23a39170495adacb30ef5b99798/actions - {"actions":[{"id":"action15","type":"key","parameters":{},"actions":[{"type":"keyDown","value":"î€‡"},{"type":"pause","duration":10},{"type":"keyUp","value":"î€‡"}]}]}
RESULT: {}
RESULT: {"actions":[{"id":"action15","type":"key","parameters":{},"actions":[{"type":"keyDown","value":"î€‡"},{"type":"pause","duration":10},{"type":"keyUp","value":"î€‡"}]}]}
COMMAND: GET /session/c336b23a39170495adacb30ef5b99798/screenshot - {}
RESULT: {}
COMMAND: POST /session/c336b23a39170495adacb30ef5b99798/element - {"using":"xpath","value":"//span[contains(text(), \"Penguins - Field/12345 Berlin\")]"}
RESULT: {"using":"xpath","value":"//span[contains(text(), \"Penguins - Field/12345 Berlin\")]"}
COMMAND: POST /session/c336b23a39170495adacb30ef5b99798/element/f.3C12D8243027A57254BE39B169A080B9.d.F9227B422987FB54736960AB4517752C.e.5225/click - {}
RESULT: {}
COMMAND: GET /session/c336b23a39170495adacb30ef5b99798/screenshot - {}
RESULT: {}
COMMAND: POST /session/c336b23a39170495adacb30ef5b99798/element - {"using":"xpath","value":"//bdi[contains(text(), \"OK\")]"}
RESULT: {"using":"xpath","value":"//bdi[contains(text(), \"OK\")]"}
COMMAND: POST /session/c336b23a39170495adacb30ef5b99798/element/f.3C12D8243027A57254BE39B169A080B9.d.F9227B422987FB54736960AB4517752C.e.5226/click - {}
RESULT: {}
COMMAND: GET /session/c336b23a39170495adacb30ef5b99798/screenshot - {}
RESULT: {}
COMMAND: POST /session/c336b23a39170495adacb30ef5b99798/element - {"using":"xpath","value":"//button[@data-kt=\"saveButton\"]"}
RESULT: {"using":"xpath","value":"//button[@data-kt=\"saveButton\"]"}
COMMAND: POST /session/c336b23a39170495adacb30ef5b99798/element/f.3C12D8243027A57254BE39B169A080B9.d.F9227B422987FB54736960AB4517752C.e.5027/click - {}
RESULT: {}
COMMAND: GET /session/c336b23a39170495adacb30ef5b99798/screenshot - {}
RESULT: {}
COMMAND: POST /session/c336b23a39170495adacb30ef5b99798/element - {"using":"xpath","value":"//header[contains(@id, 'ObjectPageLayout-headerTitle')]/div[1]/div[2]/div[2]/span[1]"}
RESULT: {"using":"xpath","value":"//header[contains(@id, 'ObjectPageLayout-headerTitle')]/div[1]/div[2]/div[2]/span[1]"}
COMMAND: POST /session/c336b23a39170495adacb30ef5b99798/elements - {"using":"xpath","value":"//header[contains(@id, 'ObjectPageLayout-headerTitle')]/div[1]/div[2]/div[2]/span[1]"}
RESULT: {"using":"xpath","value":"//header[contains(@id, 'ObjectPageLayout-headerTitle')]/div[1]/div[2]/div[2]/span[1]"}
COMMAND: POST /session/c336b23a39170495adacb30ef5b99798/execute/sync - {"script":"<script> [56 bytes]","args":[{"element-6066-11e4-a52e-4f735466cecf":"f.3C12D8243027A57254BE39B169A080B9.d.F9227B422987FB54736960AB4517752C.e.5391","ELEMENT":"f.3C12D8243027A57254BE39B169A080B9.d.F9227B422987FB54736960AB4517752C.e.5391"}]}
RESULT: {"script":"<script> [56 bytes]","args":[{"element-6066-11e4-a52e-4f735466cecf":"f.3C12D8243027A57254BE39B169A080B9.d.F9227B422987FB54736960AB4517752C.e.5391","ELEMENT":"f.3C12D8243027A57254BE39B169A080B9.d.F9227B422987FB54736960AB4517752C.e.5391"}]}
COMMAND: POST /session/c336b23a39170495adacb30ef5b99798/element - {"using":"css selector","value":"#shell-header-logo"}
COMMAND: GET /session/c336b23a39170495adacb30ef5b99798/screenshot - {}
RESULT: {"using":"css selector","value":"#shell-header-logo"}
COMMAND: POST /session/c336b23a39170495adacb30ef5b99798/element/f.3C12D8243027A57254BE39B169A080B9.d.F9227B422987FB54736960AB4517752C.e.4600/click - {}
RESULT: {}
RESULT: {}
COMMAND: GET /session/c336b23a39170495adacb30ef5b99798/screenshot - {}
RESULT: {}
COMMAND: POST /session/c336b23a39170495adacb30ef5b99798/execute/sync - {"script":"<script> [299 bytes]","args":[["getModel","getResource"]]}
RESULT: {"script":"<script> [299 bytes]","args":[["getModel","getResource"]]}
RESULT: undefined
COMMAND: POST /session/c336b23a39170495adacb30ef5b99798/element - {"using":"xpath","value":"//*[@id=\"__tile30\"]"}
COMMAND: GET /session/c336b23a39170495adacb30ef5b99798/screenshot - {}
RESULT: {"using":"xpath","value":"//*[@id=\"__tile30\"]"}
COMMAND: POST /session/c336b23a39170495adacb30ef5b99798/element/f.3C12D8243027A57254BE39B169A080B9.d.F9227B422987FB54736960AB4517752C.e.4521/click - {}
RESULT: {}
RESULT: {}
COMMAND: POST /session/c336b23a39170495adacb30ef5b99798/element - {"using":"xpath","value":"//button[@data-kt=\"addButton\"]"}
COMMAND: GET /session/c336b23a39170495adacb30ef5b99798/screenshot - {}
RESULT: {"using":"xpath","value":"//button[@data-kt=\"addButton\"]"}
COMMAND: POST /session/c336b23a39170495adacb30ef5b99798/elements - {"using":"xpath","value":"//button[@data-kt=\"addButton\"]"}
RESULT: {}
RESULT: {"using":"xpath","value":"//button[@data-kt=\"addButton\"]"}
COMMAND: POST /session/c336b23a39170495adacb30ef5b99798/elements - {"using":"xpath","value":"//button[@data-kt=\"addButton\"]"}
RESULT: {"using":"xpath","value":"//button[@data-kt=\"addButton\"]"}
COMMAND: POST /session/c336b23a39170495adacb30ef5b99798/element - {"using":"xpath","value":"//button[@data-kt=\"addButton\"]"}
RESULT: {"using":"xpath","value":"//button[@data-kt=\"addButton\"]"}
COMMAND: POST /session/c336b23a39170495adacb30ef5b99798/execute/sync - {"script":"<script> [8489 bytes]","args":[{"element-6066-11e4-a52e-4f735466cecf":"f.3C12D8243027A57254BE39B169A080B9.d.F9227B422987FB54736960AB4517752C.e.5439","ELEMENT":"f.3C12D8243027A57254BE39B169A080B9.d.F9227B422987FB54736960AB4517752C.e.5439"}]}
RESULT: {"script":"<script> [8489 bytes]","args":[{"element-6066-11e4-a52e-4f735466cecf":"f.3C12D8243027A57254BE39B169A080B9.d.F9227B422987FB54736960AB4517752C.e.5439","ELEMENT":"f.3C12D8243027A57254BE39B169A080B9.d.F9227B422987FB54736960AB4517752C.e.5439"}]}
COMMAND: GET /session/c336b23a39170495adacb30ef5b99798/element/f.3C12D8243027A57254BE39B169A080B9.d.F9227B422987FB54736960AB4517752C.e.5439/enabled - {}
COMMAND: GET /session/c336b23a39170495adacb30ef5b99798/screenshot - {}
RESULT: {}
COMMAND: POST /session/c336b23a39170495adacb30ef5b99798/execute/sync - {"script":"<script> [8489 bytes]","args":[{"element-6066-11e4-a52e-4f735466cecf":"f.3C12D8243027A57254BE39B169A080B9.d.F9227B422987FB54736960AB4517752C.e.5439","ELEMENT":"f.3C12D8243027A57254BE39B169A080B9.d.F9227B422987FB54736960AB4517752C.e.5439"}]}
COMMAND: GET /session/c336b23a39170495adacb30ef5b99798/screenshot - {}
RESULT: {}
RESULT: {"script":"<script> [8489 bytes]","args":[{"element-6066-11e4-a52e-4f735466cecf":"f.3C12D8243027A57254BE39B169A080B9.d.F9227B422987FB54736960AB4517752C.e.5439","ELEMENT":"f.3C12D8243027A57254BE39B169A080B9.d.F9227B422987FB54736960AB4517752C.e.5439"}]}
COMMAND: POST /session/c336b23a39170495adacb30ef5b99798/execute/sync - {"script":"<script> [5351 bytes]","args":[{"element-6066-11e4-a52e-4f735466cecf":"f.3C12D8243027A57254BE39B169A080B9.d.F9227B422987FB54736960AB4517752C.e.5439","ELEMENT":"f.3C12D8243027A57254BE39B169A080B9.d.F9227B422987FB54736960AB4517752C.e.5439"}]}
COMMAND: GET /session/c336b23a39170495adacb30ef5b99798/screenshot - {}
RESULT: {}
RESULT: {"script":"<script> [5351 bytes]","args":[{"element-6066-11e4-a52e-4f735466cecf":"f.3C12D8243027A57254BE39B169A080B9.d.F9227B422987FB54736960AB4517752C.e.5439","ELEMENT":"f.3C12D8243027A57254BE39B169A080B9.d.F9227B422987FB54736960AB4517752C.e.5439"}]}
COMMAND: GET /session/c336b23a39170495adacb30ef5b99798/screenshot - {}
RESULT: {}
RESULT: {}
COMMAND: POST /session/c336b23a39170495adacb30ef5b99798/execute/async - {"script":"<script> [1562 bytes]","args":[{"selector":{"id":"application-managepartners-display-component---masterPtm--smartFilterBar-btnBasicSearch","interaction":{"idSuffix":"I"}},"wdio_ui5_key":"applicationmanagepartners-display-component---masterPtm--smartFilterBar-btnBasicSearch"}]}
RESULT: {"script":"<script> [1562 bytes]","args":[{"selector":{"id":"application-managepartners-display-component---masterPtm--smartFilterBar-btnBasicSearch","interaction":{"idSuffix":"I"}},"wdio_ui5_key":"applicationmanagepartners-display-component---masterPtm--smartFilterBar-btnBasicSearch"}]}
RESULT: undefined
COMMAND: POST /session/c336b23a39170495adacb30ef5b99798/execute/async - {"script":"<script> [776 bytes]","args":[{"enterText":"1475","selector":{"id":"application-managepartners-display-component---masterPtm--smartFilterBar-btnBasicSearch","interaction":{"idSuffix":"I"}},"clearTextFirst":true,"interactionType":"ENTER_TEXT"}]}
RESULT: {"script":"<script> [776 bytes]","args":[{"enterText":"1475","selector":{"id":"application-managepartners-display-component---masterPtm--smartFilterBar-btnBasicSearch","interaction":{"idSuffix":"I"}},"clearTextFirst":true,"interactionType":"ENTER_TEXT"}]}
COMMAND: POST /session/c336b23a39170495adacb30ef5b99798/actions - {"actions":[{"id":"action16","type":"key","parameters":{},"actions":[{"type":"keyDown","value":"î€‡"},{"type":"pause","duration":10},{"type":"keyUp","value":"î€‡"}]}]}
RESULT: {"actions":[{"id":"action16","type":"key","parameters":{},"actions":[{"type":"keyDown","value":"î€‡"},{"type":"pause","duration":10},{"type":"keyUp","value":"î€‡"}]}]}
COMMAND: GET /session/c336b23a39170495adacb30ef5b99798/screenshot - {}
RESULT: {}
COMMAND: POST /session/c336b23a39170495adacb30ef5b99798/elements - {"using":"xpath","value":"//table[contains(@id, \"customPartnersTable-listUl\")]/tbody/tr"}
RESULT: {"using":"xpath","value":"//table[contains(@id, \"customPartnersTable-listUl\")]/tbody/tr"}
COMMAND: POST /session/c336b23a39170495adacb30ef5b99798/element - {"using":"xpath","value":"//table[contains(@id, \"customPartnersTable-listUl\")]/tbody/tr[1]/td[3]/span"}
RESULT: {"using":"xpath","value":"//table[contains(@id, \"customPartnersTable-listUl\")]/tbody/tr[1]/td[3]/span"}
COMMAND: POST /session/c336b23a39170495adacb30ef5b99798/elements - {"using":"xpath","value":"//table[contains(@id, \"customPartnersTable-listUl\")]/tbody/tr[1]/td[3]/span"}
RESULT: {"using":"xpath","value":"//table[contains(@id, \"customPartnersTable-listUl\")]/tbody/tr[1]/td[3]/span"}
COMMAND: POST /session/c336b23a39170495adacb30ef5b99798/execute/sync - {"script":"<script> [56 bytes]","args":[{"element-6066-11e4-a52e-4f735466cecf":"f.3C12D8243027A57254BE39B169A080B9.d.F9227B422987FB54736960AB4517752C.e.5575","ELEMENT":"f.3C12D8243027A57254BE39B169A080B9.d.F9227B422987FB54736960AB4517752C.e.5575"}]}
RESULT: {"script":"<script> [56 bytes]","args":[{"element-6066-11e4-a52e-4f735466cecf":"f.3C12D8243027A57254BE39B169A080B9.d.F9227B422987FB54736960AB4517752C.e.5575","ELEMENT":"f.3C12D8243027A57254BE39B169A080B9.d.F9227B422987FB54736960AB4517752C.e.5575"}]}
COMMAND: POST /session/c336b23a39170495adacb30ef5b99798/element - {"using":"xpath","value":"(//span[contains(@id, \"imgNav\")])[1]"}
COMMAND: GET /session/c336b23a39170495adacb30ef5b99798/screenshot - {}
RESULT: {"using":"xpath","value":"(//span[contains(@id, \"imgNav\")])[1]"}
COMMAND: POST /session/c336b23a39170495adacb30ef5b99798/element/f.3C12D8243027A57254BE39B169A080B9.d.F9227B422987FB54736960AB4517752C.e.5573/click - {}
RESULT: {}
RESULT: {}
COMMAND: GET /session/c336b23a39170495adacb30ef5b99798/screenshot - {}
RESULT: {}
COMMAND: POST /session/c336b23a39170495adacb30ef5b99798/element - {"using":"xpath","value":"//bdi[contains(text(), \"Edit\")]"}
RESULT: {"using":"xpath","value":"//bdi[contains(text(), \"Edit\")]"}
COMMAND: POST /session/c336b23a39170495adacb30ef5b99798/element/f.3C12D8243027A57254BE39B169A080B9.d.F9227B422987FB54736960AB4517752C.e.5719/click - {}
RESULT: {}
COMMAND: GET /session/c336b23a39170495adacb30ef5b99798/screenshot - {}
RESULT: {}
COMMAND: POST /session/c336b23a39170495adacb30ef5b99798/execute/async - {"script":"<script> [1562 bytes]","args":[{"selector":{"controlType":"sap.m.Input","viewName":"etm.portal.ui.managepartners.view.EditDetail","labelFor":{"text":"Name"},"interaction":{"idSuffix":"inner"}},"wdio_ui5_key":"etmportal.ui.managepartners.view.EditDetailsap.m.Input{\"text\":\"Name\"}"}]}
RESULT: {"script":"<script> [1562 bytes]","args":[{"selector":{"controlType":"sap.m.Input","viewName":"etm.portal.ui.managepartners.view.EditDetail","labelFor":{"text":"Name"},"interaction":{"idSuffix":"inner"}},"wdio_ui5_key":"etmportal.ui.managepartners.view.EditDetailsap.m.Input{\"text\":\"Name\"}"}]}
RESULT: undefined
COMMAND: POST /session/c336b23a39170495adacb30ef5b99798/execute/async - {"script":"<script> [776 bytes]","args":[{"enterText":"Intracompany EDIT","selector":{"controlType":"sap.m.Input","viewName":"etm.portal.ui.managepartners.view.EditDetail","labelFor":{"text":"Name"},"interaction":{"idSuffix":"inner"}},"clearTextFirst":true,"interactionType":"ENTER_TEXT"}]}
RESULT: {"script":"<script> [776 bytes]","args":[{"enterText":"Intracompany EDIT","selector":{"controlType":"sap.m.Input","viewName":"etm.portal.ui.managepartners.view.EditDetail","labelFor":{"text":"Name"},"interaction":{"idSuffix":"inner"}},"clearTextFirst":true,"interactionType":"ENTER_TEXT"}]}
COMMAND: POST /session/c336b23a39170495adacb30ef5b99798/element - {"using":"xpath","value":"(//span[contains(@id,\"addressDetailDetailsLanguage-arrow\")])[1]"}
RESULT: {"using":"xpath","value":"(//span[contains(@id,\"addressDetailDetailsLanguage-arrow\")])[1]"}
COMMAND: POST /session/c336b23a39170495adacb30ef5b99798/element/f.3C12D8243027A57254BE39B169A080B9.d.F9227B422987FB54736960AB4517752C.e.5804/click - {}
RESULT: {}
COMMAND: POST /session/c336b23a39170495adacb30ef5b99798/element - {"using":"xpath","value":"//span[contains(text(), \"Chinese\")]"}
COMMAND: GET /session/c336b23a39170495adacb30ef5b99798/screenshot - {}
RESULT: {"using":"xpath","value":"//span[contains(text(), \"Chinese\")]"}
COMMAND: POST /session/c336b23a39170495adacb30ef5b99798/element/f.3C12D8243027A57254BE39B169A080B9.d.F9227B422987FB54736960AB4517752C.e.5805/click - {}
RESULT: {}
RESULT: {}
COMMAND: GET /session/c336b23a39170495adacb30ef5b99798/screenshot - {}
RESULT: {}
COMMAND: POST /session/c336b23a39170495adacb30ef5b99798/execute/async - {"script":"<script> [1562 bytes]","args":[{"selector":{"controlType":"sap.m.Input","viewName":"etm.portal.ui.managepartners.view.EditDetail","labelFor":{"text":"City"},"interaction":{"idSuffix":"inner"}},"wdio_ui5_key":"etmportal.ui.managepartners.view.EditDetailsap.m.Input{\"text\":\"City\"}"}]}
RESULT: {"script":"<script> [1562 bytes]","args":[{"selector":{"controlType":"sap.m.Input","viewName":"etm.portal.ui.managepartners.view.EditDetail","labelFor":{"text":"City"},"interaction":{"idSuffix":"inner"}},"wdio_ui5_key":"etmportal.ui.managepartners.view.EditDetailsap.m.Input{\"text\":\"City\"}"}]}
RESULT: undefined
COMMAND: POST /session/c336b23a39170495adacb30ef5b99798/execute/async - {"script":"<script> [776 bytes]","args":[{"enterText":"Clooj-Napoca","selector":{"controlType":"sap.m.Input","viewName":"etm.portal.ui.managepartners.view.EditDetail","labelFor":{"text":"City"},"interaction":{"idSuffix":"inner"}},"clearTextFirst":true,"interactionType":"ENTER_TEXT"}]}
RESULT: {"script":"<script> [776 bytes]","args":[{"enterText":"Clooj-Napoca","selector":{"controlType":"sap.m.Input","viewName":"etm.portal.ui.managepartners.view.EditDetail","labelFor":{"text":"City"},"interaction":{"idSuffix":"inner"}},"clearTextFirst":true,"interactionType":"ENTER_TEXT"}]}
COMMAND: POST /session/c336b23a39170495adacb30ef5b99798/element - {"using":"xpath","value":"//button[@data-kt=\"saveButton\"]"}
RESULT: {"using":"xpath","value":"//button[@data-kt=\"saveButton\"]"}
COMMAND: POST /session/c336b23a39170495adacb30ef5b99798/element/f.3C12D8243027A57254BE39B169A080B9.d.F9227B422987FB54736960AB4517752C.e.5781/click - {}
RESULT: {}
COMMAND: GET /session/c336b23a39170495adacb30ef5b99798/screenshot - {}
RESULT: {}
COMMAND: POST /session/c336b23a39170495adacb30ef5b99798/execute/async - {"script":"<script> [1562 bytes]","args":[{"selector":{"id":"application-managepartners-display-component---detailPtm--addressDetailDetailsName1"},"wdio_ui5_key":"applicationmanagepartners-display-component---detailPtm--addressDetailDetailsName1"}]}
RESULT: {"script":"<script> [1562 bytes]","args":[{"selector":{"id":"application-managepartners-display-component---detailPtm--addressDetailDetailsName1"},"wdio_ui5_key":"applicationmanagepartners-display-component---detailPtm--addressDetailDetailsName1"}]}
RESULT: undefined
COMMAND: POST /session/c336b23a39170495adacb30ef5b99798/execute/async - {"script":"<script> [6424 bytes]","args":[{"element-6066-11e4-a52e-4f735466cecf":"f.3C12D8243027A57254BE39B169A080B9.d.F9227B422987FB54736960AB4517752C.e.5836"},"getValue",[]]}
RESULT: {"script":"<script> [6424 bytes]","args":[{"element-6066-11e4-a52e-4f735466cecf":"f.3C12D8243027A57254BE39B169A080B9.d.F9227B422987FB54736960AB4517752C.e.5836"},"getValue",[]]}
COMMAND: POST /session/c336b23a39170495adacb30ef5b99798/element - {"using":"xpath","value":"//input[@id = \"application-managepartners-display-component---detailPtm--addressDetailDetailsLanguage-inner\"]"}
RESULT: {"using":"xpath","value":"//input[@id = \"application-managepartners-display-component---detailPtm--addressDetailDetailsLanguage-inner\"]"}
COMMAND: GET /session/c336b23a39170495adacb30ef5b99798/element/f.3C12D8243027A57254BE39B169A080B9.d.F9227B422987FB54736960AB4517752C.e.5837/property/value - {}
RESULT: {}
COMMAND: POST /session/c336b23a39170495adacb30ef5b99798/execute/async - {"script":"<script> [1562 bytes]","args":[{"selector":{"id":"application-managepartners-display-component---detailPtm--addressDetailDetailsCity1"},"wdio_ui5_key":"applicationmanagepartners-display-component---detailPtm--addressDetailDetailsCity1"}]}
COMMAND: GET /session/c336b23a39170495adacb30ef5b99798/screenshot - {}
RESULT: {"script":"<script> [1562 bytes]","args":[{"selector":{"id":"application-managepartners-display-component---detailPtm--addressDetailDetailsCity1"},"wdio_ui5_key":"applicationmanagepartners-display-component---detailPtm--addressDetailDetailsCity1"}]}
RESULT: undefined
COMMAND: POST /session/c336b23a39170495adacb30ef5b99798/execute/async - {"script":"<script> [6424 bytes]","args":[{"element-6066-11e4-a52e-4f735466cecf":"f.3C12D8243027A57254BE39B169A080B9.d.F9227B422987FB54736960AB4517752C.e.5838"},"getValue",[]]}
RESULT: {}
RESULT: {"script":"<script> [6424 bytes]","args":[{"element-6066-11e4-a52e-4f735466cecf":"f.3C12D8243027A57254BE39B169A080B9.d.F9227B422987FB54736960AB4517752C.e.5838"},"getValue",[]]}
COMMAND: POST /session/c336b23a39170495adacb30ef5b99798/element - {"using":"css selector","value":"#shell-header-logo"}
RESULT: {"using":"css selector","value":"#shell-header-logo"}
COMMAND: POST /session/c336b23a39170495adacb30ef5b99798/element/f.3C12D8243027A57254BE39B169A080B9.d.F9227B422987FB54736960AB4517752C.e.5394/click - {}
RESULT: {}
COMMAND: GET /session/c336b23a39170495adacb30ef5b99798/screenshot - {}
RESULT: {}
]]></system-out>
    </testcase>
    <testcase classname="chrome.135_0_7049_96.windows.Partner_specific_tests_US150819_US151080_US151654_US151176_US103444_US151078_US151079_US151109_US151174_US151175_US151189" name="Should do filtering and navigation tests US151109" time="156.207">
      <system-out><![CDATA[
COMMAND: POST /session/c336b23a39170495adacb30ef5b99798/element - {"using":"xpath","value":"//li[.//span[text()=\"Manage Partners\"]]"}
RESULT: {"using":"xpath","value":"//li[.//span[text()=\"Manage Partners\"]]"}
COMMAND: POST /session/c336b23a39170495adacb30ef5b99798/element - {"using":"xpath","value":"//li[.//span[text()=\"Manage Partners\"]]"}
RESULT: {"using":"xpath","value":"//li[.//span[text()=\"Manage Partners\"]]"}
COMMAND: POST /session/c336b23a39170495adacb30ef5b99798/element - {"using":"css selector","value":"#shell-header-logo"}
RESULT: {"using":"css selector","value":"#shell-header-logo"}
COMMAND: POST /session/c336b23a39170495adacb30ef5b99798/element/f.3C12D8243027A57254BE39B169A080B9.d.F9227B422987FB54736960AB4517752C.e.5868/click - {}
COMMAND: POST /session/c336b23a39170495adacb30ef5b99798/execute/sync - {"script":"<script> [8489 bytes]","args":[{"element-6066-11e4-a52e-4f735466cecf":"f.3C12D8243027A57254BE39B169A080B9.d.F9227B422987FB54736960AB4517752C.e.5868","ELEMENT":"f.3C12D8243027A57254BE39B169A080B9.d.F9227B422987FB54736960AB4517752C.e.5868"}]}
RESULT: {}
COMMAND: GET /session/c336b23a39170495adacb30ef5b99798/screenshot - {}
RESULT: {"script":"<script> [8489 bytes]","args":[{"element-6066-11e4-a52e-4f735466cecf":"f.3C12D8243027A57254BE39B169A080B9.d.F9227B422987FB54736960AB4517752C.e.5868","ELEMENT":"f.3C12D8243027A57254BE39B169A080B9.d.F9227B422987FB54736960AB4517752C.e.5868"}]}
COMMAND: POST /session/c336b23a39170495adacb30ef5b99798/execute/sync - {"script":"<script> [5351 bytes]","args":[{"element-6066-11e4-a52e-4f735466cecf":"f.3C12D8243027A57254BE39B169A080B9.d.F9227B422987FB54736960AB4517752C.e.5868","ELEMENT":"f.3C12D8243027A57254BE39B169A080B9.d.F9227B422987FB54736960AB4517752C.e.5868"}]}
COMMAND: GET /session/c336b23a39170495adacb30ef5b99798/screenshot - {}
RESULT: {}
RESULT: {"script":"<script> [5351 bytes]","args":[{"element-6066-11e4-a52e-4f735466cecf":"f.3C12D8243027A57254BE39B169A080B9.d.F9227B422987FB54736960AB4517752C.e.5868","ELEMENT":"f.3C12D8243027A57254BE39B169A080B9.d.F9227B422987FB54736960AB4517752C.e.5868"}]}
COMMAND: GET /session/c336b23a39170495adacb30ef5b99798/screenshot - {}
RESULT: {}
RESULT: {}
RESULT: undefined
COMMAND: POST /session/c336b23a39170495adacb30ef5b99798/element - {"using":"xpath","value":"//*[@id=\"__tile30\"]"}
RESULT: {"using":"xpath","value":"//*[@id=\"__tile30\"]"}
COMMAND: POST /session/c336b23a39170495adacb30ef5b99798/element/f.3C12D8243027A57254BE39B169A080B9.d.F9227B422987FB54736960AB4517752C.e.4521/click - {}
RESULT: {}
COMMAND: POST /session/c336b23a39170495adacb30ef5b99798/element - {"using":"xpath","value":"//button[@data-kt=\"addButton\"]"}
COMMAND: GET /session/c336b23a39170495adacb30ef5b99798/screenshot - {}
RESULT: {"using":"xpath","value":"//button[@data-kt=\"addButton\"]"}
COMMAND: POST /session/c336b23a39170495adacb30ef5b99798/elements - {"using":"xpath","value":"//button[@data-kt=\"addButton\"]"}
RESULT: {}
RESULT: {"using":"xpath","value":"//button[@data-kt=\"addButton\"]"}
COMMAND: POST /session/c336b23a39170495adacb30ef5b99798/execute/sync - {"script":"<script> [8489 bytes]","args":[{"element-6066-11e4-a52e-4f735466cecf":"f.3C12D8243027A57254BE39B169A080B9.d.F9227B422987FB54736960AB4517752C.e.5913","ELEMENT":"f.3C12D8243027A57254BE39B169A080B9.d.F9227B422987FB54736960AB4517752C.e.5913"}]}
RESULT: {"script":"<script> [8489 bytes]","args":[{"element-6066-11e4-a52e-4f735466cecf":"f.3C12D8243027A57254BE39B169A080B9.d.F9227B422987FB54736960AB4517752C.e.5913","ELEMENT":"f.3C12D8243027A57254BE39B169A080B9.d.F9227B422987FB54736960AB4517752C.e.5913"}]}
COMMAND: GET /session/c336b23a39170495adacb30ef5b99798/element/f.3C12D8243027A57254BE39B169A080B9.d.F9227B422987FB54736960AB4517752C.e.5913/enabled - {}
COMMAND: GET /session/c336b23a39170495adacb30ef5b99798/screenshot - {}
RESULT: {}
COMMAND: POST /session/c336b23a39170495adacb30ef5b99798/execute/sync - {"script":"<script> [8489 bytes]","args":[{"element-6066-11e4-a52e-4f735466cecf":"f.3C12D8243027A57254BE39B169A080B9.d.F9227B422987FB54736960AB4517752C.e.5913","ELEMENT":"f.3C12D8243027A57254BE39B169A080B9.d.F9227B422987FB54736960AB4517752C.e.5913"}]}
COMMAND: GET /session/c336b23a39170495adacb30ef5b99798/screenshot - {}
RESULT: {}
RESULT: {"script":"<script> [8489 bytes]","args":[{"element-6066-11e4-a52e-4f735466cecf":"f.3C12D8243027A57254BE39B169A080B9.d.F9227B422987FB54736960AB4517752C.e.5913","ELEMENT":"f.3C12D8243027A57254BE39B169A080B9.d.F9227B422987FB54736960AB4517752C.e.5913"}]}
COMMAND: POST /session/c336b23a39170495adacb30ef5b99798/execute/sync - {"script":"<script> [5351 bytes]","args":[{"element-6066-11e4-a52e-4f735466cecf":"f.3C12D8243027A57254BE39B169A080B9.d.F9227B422987FB54736960AB4517752C.e.5913","ELEMENT":"f.3C12D8243027A57254BE39B169A080B9.d.F9227B422987FB54736960AB4517752C.e.5913"}]}
COMMAND: GET /session/c336b23a39170495adacb30ef5b99798/screenshot - {}
RESULT: {}
RESULT: {"script":"<script> [5351 bytes]","args":[{"element-6066-11e4-a52e-4f735466cecf":"f.3C12D8243027A57254BE39B169A080B9.d.F9227B422987FB54736960AB4517752C.e.5913","ELEMENT":"f.3C12D8243027A57254BE39B169A080B9.d.F9227B422987FB54736960AB4517752C.e.5913"}]}
COMMAND: GET /session/c336b23a39170495adacb30ef5b99798/screenshot - {}
RESULT: {}
RESULT: {}
COMMAND: POST /session/c336b23a39170495adacb30ef5b99798/element - {"using":"xpath","value":"//span[@id=\"application-managepartners-display-component---masterPtm--smartTable-header-inner\"]"}
RESULT: {"using":"xpath","value":"//span[@id=\"application-managepartners-display-component---masterPtm--smartTable-header-inner\"]"}
COMMAND: POST /session/c336b23a39170495adacb30ef5b99798/elements - {"using":"xpath","value":"//span[@id=\"application-managepartners-display-component---masterPtm--smartTable-header-inner\"]"}
RESULT: {"using":"xpath","value":"//span[@id=\"application-managepartners-display-component---masterPtm--smartTable-header-inner\"]"}
COMMAND: POST /session/c336b23a39170495adacb30ef5b99798/execute/sync - {"script":"<script> [56 bytes]","args":[{"element-6066-11e4-a52e-4f735466cecf":"f.3C12D8243027A57254BE39B169A080B9.d.F9227B422987FB54736960AB4517752C.e.6038","ELEMENT":"f.3C12D8243027A57254BE39B169A080B9.d.F9227B422987FB54736960AB4517752C.e.6038"}]}
RESULT: {"script":"<script> [56 bytes]","args":[{"element-6066-11e4-a52e-4f735466cecf":"f.3C12D8243027A57254BE39B169A080B9.d.F9227B422987FB54736960AB4517752C.e.6038","ELEMENT":"f.3C12D8243027A57254BE39B169A080B9.d.F9227B422987FB54736960AB4517752C.e.6038"}]}
RESULT: undefined
COMMAND: POST /session/c336b23a39170495adacb30ef5b99798/execute/async - {"script":"<script> [776 bytes]","args":[{"enterText":"External Partner WDIO","selector":{"id":"application-managepartners-display-component---masterPtm--smartFilterBar-btnBasicSearch","interaction":{"idSuffix":"I"}},"clearTextFirst":true,"interactionType":"ENTER_TEXT"}]}
COMMAND: GET /session/c336b23a39170495adacb30ef5b99798/screenshot - {}
RESULT: {"script":"<script> [776 bytes]","args":[{"enterText":"External Partner WDIO","selector":{"id":"application-managepartners-display-component---masterPtm--smartFilterBar-btnBasicSearch","interaction":{"idSuffix":"I"}},"clearTextFirst":true,"interactionType":"ENTER_TEXT"}]}
RESULT: {}
COMMAND: POST /session/c336b23a39170495adacb30ef5b99798/actions - {"actions":[{"id":"action17","type":"key","parameters":{},"actions":[{"type":"keyDown","value":"î€‡"},{"type":"pause","duration":10},{"type":"keyUp","value":"î€‡"}]}]}
RESULT: {"actions":[{"id":"action17","type":"key","parameters":{},"actions":[{"type":"keyDown","value":"î€‡"},{"type":"pause","duration":10},{"type":"keyUp","value":"î€‡"}]}]}
COMMAND: GET /session/c336b23a39170495adacb30ef5b99798/screenshot - {}
RESULT: {}
COMMAND: POST /session/c336b23a39170495adacb30ef5b99798/element - {"using":"xpath","value":"//span[@id=\"application-managepartners-display-component---masterPtm--smartTable-header-inner\"]"}
RESULT: {"using":"xpath","value":"//span[@id=\"application-managepartners-display-component---masterPtm--smartTable-header-inner\"]"}
COMMAND: POST /session/c336b23a39170495adacb30ef5b99798/elements - {"using":"xpath","value":"//span[@id=\"application-managepartners-display-component---masterPtm--smartTable-header-inner\"]"}
RESULT: {"using":"xpath","value":"//span[@id=\"application-managepartners-display-component---masterPtm--smartTable-header-inner\"]"}
COMMAND: POST /session/c336b23a39170495adacb30ef5b99798/execute/sync - {"script":"<script> [56 bytes]","args":[{"element-6066-11e4-a52e-4f735466cecf":"f.3C12D8243027A57254BE39B169A080B9.d.F9227B422987FB54736960AB4517752C.e.6038","ELEMENT":"f.3C12D8243027A57254BE39B169A080B9.d.F9227B422987FB54736960AB4517752C.e.6038"}]}
RESULT: {"script":"<script> [56 bytes]","args":[{"element-6066-11e4-a52e-4f735466cecf":"f.3C12D8243027A57254BE39B169A080B9.d.F9227B422987FB54736960AB4517752C.e.6038","ELEMENT":"f.3C12D8243027A57254BE39B169A080B9.d.F9227B422987FB54736960AB4517752C.e.6038"}]}
COMMAND: POST /session/c336b23a39170495adacb30ef5b99798/element - {"using":"xpath","value":"//div[contains(@id, \"managepartners-display-component---masterPtm--smartFilterBar-btnBasicSearch-reset\")]"}
COMMAND: GET /session/c336b23a39170495adacb30ef5b99798/screenshot - {}
RESULT: {"using":"xpath","value":"//div[contains(@id, \"managepartners-display-component---masterPtm--smartFilterBar-btnBasicSearch-reset\")]"}
COMMAND: POST /session/c336b23a39170495adacb30ef5b99798/element/f.3C12D8243027A57254BE39B169A080B9.d.F9227B422987FB54736960AB4517752C.e.6121/click - {}
RESULT: {}
RESULT: {}
COMMAND: GET /session/c336b23a39170495adacb30ef5b99798/screenshot - {}
RESULT: {}
COMMAND: POST /session/c336b23a39170495adacb30ef5b99798/execute/async - {"script":"<script> [1562 bytes]","args":[{"selector":{"id":"application-managepartners-display-component---masterPtm--smartFilterBar-filterItemControl_BASIC-MAIN_ADDRESS-vhi"},"wdio_ui5_key":"applicationmanagepartners-display-component---masterPtm--smartFilterBar-filterItemControl_BASIC-MAIN_ADDRESS-vhi"}]}
RESULT: {"script":"<script> [1562 bytes]","args":[{"selector":{"id":"application-managepartners-display-component---masterPtm--smartFilterBar-filterItemControl_BASIC-MAIN_ADDRESS-vhi"},"wdio_ui5_key":"applicationmanagepartners-display-component---masterPtm--smartFilterBar-filterItemControl_BASIC-MAIN_ADDRESS-vhi"}]}
RESULT: undefined
COMMAND: POST /session/c336b23a39170495adacb30ef5b99798/element - {"using":"xpath","value":"//*[@id=\"application-managepartners-display-component---masterPtm--smartFilterBar-filterItemControl_BASIC-MAIN_ADDRESS-vhi\"]"}
RESULT: {"using":"xpath","value":"//*[@id=\"application-managepartners-display-component---masterPtm--smartFilterBar-filterItemControl_BASIC-MAIN_ADDRESS-vhi\"]"}
COMMAND: POST /session/c336b23a39170495adacb30ef5b99798/element/f.3C12D8243027A57254BE39B169A080B9.d.F9227B422987FB54736960AB4517752C.e.6203/click - {}
RESULT: {}
COMMAND: GET /session/c336b23a39170495adacb30ef5b99798/screenshot - {}
RESULT: {}
COMMAND: POST /session/c336b23a39170495adacb30ef5b99798/execute/async - {"script":"<script> [1562 bytes]","args":[{"selector":{"id":"application-managepartners-display-component---masterPtm--smartFilterBar-filterItemControl_BASIC-MAIN_ADDRESS-valueHelpDialog-smartFilterBar-btnBasicSearch","searchOpenDialogs":true,"interaction":{"idSuffix":"I"}},"wdio_ui5_key":"applicationmanagepartners-display-component---masterPtm--smartFilterBar-filterItemControl_BASIC-MAIN_ADDRESS-valueHelpDialog-smartFilterBar-btnBasicSearch"}]}
RESULT: {"script":"<script> [1562 bytes]","args":[{"selector":{"id":"application-managepartners-display-component---masterPtm--smartFilterBar-filterItemControl_BASIC-MAIN_ADDRESS-valueHelpDialog-smartFilterBar-btnBasicSearch","searchOpenDialogs":true,"interaction":{"idSuffix":"I"}},"wdio_ui5_key":"applicationmanagepartners-display-component---masterPtm--smartFilterBar-filterItemControl_BASIC-MAIN_ADDRESS-valueHelpDialog-smartFilterBar-btnBasicSearch"}]}
RESULT: undefined
COMMAND: POST /session/c336b23a39170495adacb30ef5b99798/execute/async - {"script":"<script> [776 bytes]","args":[{"enterText":"Romania","selector":{"id":"application-managepartners-display-component---masterPtm--smartFilterBar-filterItemControl_BASIC-MAIN_ADDRESS-valueHelpDialog-smartFilterBar-btnBasicSearch","searchOpenDialogs":true,"interaction":{"idSuffix":"I"}},"clearTextFirst":true,"interactionType":"ENTER_TEXT"}]}
RESULT: {"script":"<script> [776 bytes]","args":[{"enterText":"Romania","selector":{"id":"application-managepartners-display-component---masterPtm--smartFilterBar-filterItemControl_BASIC-MAIN_ADDRESS-valueHelpDialog-smartFilterBar-btnBasicSearch","searchOpenDialogs":true,"interaction":{"idSuffix":"I"}},"clearTextFirst":true,"interactionType":"ENTER_TEXT"}]}
COMMAND: POST /session/c336b23a39170495adacb30ef5b99798/actions - {"actions":[{"id":"action18","type":"key","parameters":{},"actions":[{"type":"keyDown","value":"î€‡"},{"type":"pause","duration":10},{"type":"keyUp","value":"î€‡"}]}]}
RESULT: {"actions":[{"id":"action18","type":"key","parameters":{},"actions":[{"type":"keyDown","value":"î€‡"},{"type":"pause","duration":10},{"type":"keyUp","value":"î€‡"}]}]}
COMMAND: POST /session/c336b23a39170495adacb30ef5b99798/elements - {"using":"xpath","value":"//table[contains(@id, \"smartFilterBar-filterItemControl_BASIC-MAIN_ADDRESS-valueHelpDialog-table-table\")]/tbody/tr"}
COMMAND: GET /session/c336b23a39170495adacb30ef5b99798/screenshot - {}
RESULT: {"using":"xpath","value":"//table[contains(@id, \"smartFilterBar-filterItemControl_BASIC-MAIN_ADDRESS-valueHelpDialog-table-table\")]/tbody/tr"}
COMMAND: POST /session/c336b23a39170495adacb30ef5b99798/element - {"using":"xpath","value":"//table[contains(@id, \"smartFilterBar-filterItemControl_BASIC-MAIN_ADDRESS-valueHelpDialog-table-table\")]/tbody/tr[1]/td[1]/div/span"}
RESULT: {}
RESULT: {"using":"xpath","value":"//table[contains(@id, \"smartFilterBar-filterItemControl_BASIC-MAIN_ADDRESS-valueHelpDialog-table-table\")]/tbody/tr[1]/td[1]/div/span"}
COMMAND: POST /session/c336b23a39170495adacb30ef5b99798/elements - {"using":"xpath","value":"//table[contains(@id, \"smartFilterBar-filterItemControl_BASIC-MAIN_ADDRESS-valueHelpDialog-table-table\")]/tbody/tr[1]/td[1]/div/span"}
RESULT: {"using":"xpath","value":"//table[contains(@id, \"smartFilterBar-filterItemControl_BASIC-MAIN_ADDRESS-valueHelpDialog-table-table\")]/tbody/tr[1]/td[1]/div/span"}
COMMAND: POST /session/c336b23a39170495adacb30ef5b99798/execute/sync - {"script":"<script> [56 bytes]","args":[{"element-6066-11e4-a52e-4f735466cecf":"f.3C12D8243027A57254BE39B169A080B9.d.F9227B422987FB54736960AB4517752C.e.6224","ELEMENT":"f.3C12D8243027A57254BE39B169A080B9.d.F9227B422987FB54736960AB4517752C.e.6224"}]}
RESULT: {"script":"<script> [56 bytes]","args":[{"element-6066-11e4-a52e-4f735466cecf":"f.3C12D8243027A57254BE39B169A080B9.d.F9227B422987FB54736960AB4517752C.e.6224","ELEMENT":"f.3C12D8243027A57254BE39B169A080B9.d.F9227B422987FB54736960AB4517752C.e.6224"}]}
COMMAND: POST /session/c336b23a39170495adacb30ef5b99798/element - {"using":"xpath","value":"//div[contains(@id, \"filterItemControl_BASIC-MAIN_ADDRESS-valueHelpDialog-table-rowsel0\")]"}
COMMAND: GET /session/c336b23a39170495adacb30ef5b99798/screenshot - {}
RESULT: {"using":"xpath","value":"//div[contains(@id, \"filterItemControl_BASIC-MAIN_ADDRESS-valueHelpDialog-table-rowsel0\")]"}
COMMAND: POST /session/c336b23a39170495adacb30ef5b99798/element/f.3C12D8243027A57254BE39B169A080B9.d.F9227B422987FB54736960AB4517752C.e.6225/click - {}
RESULT: {}
RESULT: {}
COMMAND: GET /session/c336b23a39170495adacb30ef5b99798/screenshot - {}
RESULT: {}
COMMAND: POST /session/c336b23a39170495adacb30ef5b99798/element - {"using":"xpath","value":"(//bdi[contains(text(), \"OK\")])[1]"}
RESULT: {"using":"xpath","value":"(//bdi[contains(text(), \"OK\")])[1]"}
COMMAND: POST /session/c336b23a39170495adacb30ef5b99798/element/f.3C12D8243027A57254BE39B169A080B9.d.F9227B422987FB54736960AB4517752C.e.6227/click - {}
RESULT: {}
COMMAND: GET /session/c336b23a39170495adacb30ef5b99798/screenshot - {}
RESULT: {}
COMMAND: POST /session/c336b23a39170495adacb30ef5b99798/element - {"using":"xpath","value":"//span[@id=\"application-managepartners-display-component---masterPtm--smartTable-header-inner\"]"}
RESULT: {"using":"xpath","value":"//span[@id=\"application-managepartners-display-component---masterPtm--smartTable-header-inner\"]"}
COMMAND: POST /session/c336b23a39170495adacb30ef5b99798/elements - {"using":"xpath","value":"//span[@id=\"application-managepartners-display-component---masterPtm--smartTable-header-inner\"]"}
RESULT: {"using":"xpath","value":"//span[@id=\"application-managepartners-display-component---masterPtm--smartTable-header-inner\"]"}
COMMAND: POST /session/c336b23a39170495adacb30ef5b99798/execute/sync - {"script":"<script> [56 bytes]","args":[{"element-6066-11e4-a52e-4f735466cecf":"f.3C12D8243027A57254BE39B169A080B9.d.F9227B422987FB54736960AB4517752C.e.6038","ELEMENT":"f.3C12D8243027A57254BE39B169A080B9.d.F9227B422987FB54736960AB4517752C.e.6038"}]}
RESULT: {"script":"<script> [56 bytes]","args":[{"element-6066-11e4-a52e-4f735466cecf":"f.3C12D8243027A57254BE39B169A080B9.d.F9227B422987FB54736960AB4517752C.e.6038","ELEMENT":"f.3C12D8243027A57254BE39B169A080B9.d.F9227B422987FB54736960AB4517752C.e.6038"}]}
COMMAND: POST /session/c336b23a39170495adacb30ef5b99798/element - {"using":"xpath","value":"//span[contains(@title, \"Remove\")]"}
COMMAND: GET /session/c336b23a39170495adacb30ef5b99798/screenshot - {}
RESULT: {"using":"xpath","value":"//span[contains(@title, \"Remove\")]"}
COMMAND: POST /session/c336b23a39170495adacb30ef5b99798/element/f.3C12D8243027A57254BE39B169A080B9.d.F9227B422987FB54736960AB4517752C.e.6240/click - {}
RESULT: {}
RESULT: {}
COMMAND: GET /session/c336b23a39170495adacb30ef5b99798/screenshot - {}
RESULT: {}
COMMAND: POST /session/c336b23a39170495adacb30ef5b99798/element - {"using":"xpath","value":"//span[@id=\"application-managepartners-display-component---masterPtm--smartTable-header-inner\"]"}
RESULT: {"using":"xpath","value":"//span[@id=\"application-managepartners-display-component---masterPtm--smartTable-header-inner\"]"}
COMMAND: POST /session/c336b23a39170495adacb30ef5b99798/elements - {"using":"xpath","value":"//span[@id=\"application-managepartners-display-component---masterPtm--smartTable-header-inner\"]"}
RESULT: {"using":"xpath","value":"//span[@id=\"application-managepartners-display-component---masterPtm--smartTable-header-inner\"]"}
COMMAND: POST /session/c336b23a39170495adacb30ef5b99798/execute/sync - {"script":"<script> [56 bytes]","args":[{"element-6066-11e4-a52e-4f735466cecf":"f.3C12D8243027A57254BE39B169A080B9.d.F9227B422987FB54736960AB4517752C.e.6038","ELEMENT":"f.3C12D8243027A57254BE39B169A080B9.d.F9227B422987FB54736960AB4517752C.e.6038"}]}
RESULT: {"script":"<script> [56 bytes]","args":[{"element-6066-11e4-a52e-4f735466cecf":"f.3C12D8243027A57254BE39B169A080B9.d.F9227B422987FB54736960AB4517752C.e.6038","ELEMENT":"f.3C12D8243027A57254BE39B169A080B9.d.F9227B422987FB54736960AB4517752C.e.6038"}]}
COMMAND: POST /session/c336b23a39170495adacb30ef5b99798/execute/async - {"script":"<script> [1562 bytes]","args":[{"selector":{"id":"application-managepartners-display-component---masterPtm--smartFilterBar-filterItemControl_BASIC-YARD-vhi"},"wdio_ui5_key":"applicationmanagepartners-display-component---masterPtm--smartFilterBar-filterItemControl_BASIC-YARD-vhi"}]}
COMMAND: GET /session/c336b23a39170495adacb30ef5b99798/screenshot - {}
RESULT: {"script":"<script> [1562 bytes]","args":[{"selector":{"id":"application-managepartners-display-component---masterPtm--smartFilterBar-filterItemControl_BASIC-YARD-vhi"},"wdio_ui5_key":"applicationmanagepartners-display-component---masterPtm--smartFilterBar-filterItemControl_BASIC-YARD-vhi"}]}
RESULT: undefined
COMMAND: POST /session/c336b23a39170495adacb30ef5b99798/element - {"using":"xpath","value":"//*[@id=\"application-managepartners-display-component---masterPtm--smartFilterBar-filterItemControl_BASIC-YARD-vhi\"]"}
RESULT: {}
RESULT: {"using":"xpath","value":"//*[@id=\"application-managepartners-display-component---masterPtm--smartFilterBar-filterItemControl_BASIC-YARD-vhi\"]"}
COMMAND: POST /session/c336b23a39170495adacb30ef5b99798/element/f.3C12D8243027A57254BE39B169A080B9.d.F9227B422987FB54736960AB4517752C.e.6348/click - {}
RESULT: {}
COMMAND: GET /session/c336b23a39170495adacb30ef5b99798/screenshot - {}
RESULT: {}
COMMAND: POST /session/c336b23a39170495adacb30ef5b99798/execute/async - {"script":"<script> [1562 bytes]","args":[{"selector":{"id":"application-managepartners-display-component---masterPtm--smartFilterBar-filterItemControl_BASIC-YARD-valueHelpDialog-smartFilterBar-btnBasicSearch","searchOpenDialogs":true,"interaction":{"idSuffix":"I"}},"wdio_ui5_key":"applicationmanagepartners-display-component---masterPtm--smartFilterBar-filterItemControl_BASIC-YARD-valueHelpDialog-smartFilterBar-btnBasicSearch"}]}
RESULT: {"script":"<script> [1562 bytes]","args":[{"selector":{"id":"application-managepartners-display-component---masterPtm--smartFilterBar-filterItemControl_BASIC-YARD-valueHelpDialog-smartFilterBar-btnBasicSearch","searchOpenDialogs":true,"interaction":{"idSuffix":"I"}},"wdio_ui5_key":"applicationmanagepartners-display-component---masterPtm--smartFilterBar-filterItemControl_BASIC-YARD-valueHelpDialog-smartFilterBar-btnBasicSearch"}]}
RESULT: undefined
COMMAND: POST /session/c336b23a39170495adacb30ef5b99798/execute/async - {"script":"<script> [776 bytes]","args":[{"enterText":"Test","selector":{"id":"application-managepartners-display-component---masterPtm--smartFilterBar-filterItemControl_BASIC-YARD-valueHelpDialog-smartFilterBar-btnBasicSearch","searchOpenDialogs":true,"interaction":{"idSuffix":"I"}},"clearTextFirst":true,"interactionType":"ENTER_TEXT"}]}
RESULT: {"script":"<script> [776 bytes]","args":[{"enterText":"Test","selector":{"id":"application-managepartners-display-component---masterPtm--smartFilterBar-filterItemControl_BASIC-YARD-valueHelpDialog-smartFilterBar-btnBasicSearch","searchOpenDialogs":true,"interaction":{"idSuffix":"I"}},"clearTextFirst":true,"interactionType":"ENTER_TEXT"}]}
COMMAND: POST /session/c336b23a39170495adacb30ef5b99798/actions - {"actions":[{"id":"action19","type":"key","parameters":{},"actions":[{"type":"keyDown","value":"î€‡"},{"type":"pause","duration":10},{"type":"keyUp","value":"î€‡"}]}]}
RESULT: {"actions":[{"id":"action19","type":"key","parameters":{},"actions":[{"type":"keyDown","value":"î€‡"},{"type":"pause","duration":10},{"type":"keyUp","value":"î€‡"}]}]}
COMMAND: POST /session/c336b23a39170495adacb30ef5b99798/elements - {"using":"xpath","value":"//table[contains(@id, \"smartFilterBar-filterItemControl_BASIC-YARD-valueHelpDialog-table-table\")]/tbody/tr"}
COMMAND: GET /session/c336b23a39170495adacb30ef5b99798/screenshot - {}
RESULT: {"using":"xpath","value":"//table[contains(@id, \"smartFilterBar-filterItemControl_BASIC-YARD-valueHelpDialog-table-table\")]/tbody/tr"}
COMMAND: POST /session/c336b23a39170495adacb30ef5b99798/element - {"using":"xpath","value":"//table[contains(@id, \"smartFilterBar-filterItemControl_BASIC-YARD-valueHelpDialog-table-table\")]/tbody/tr[1]/td[1]/div/span"}
RESULT: {}
RESULT: {"using":"xpath","value":"//table[contains(@id, \"smartFilterBar-filterItemControl_BASIC-YARD-valueHelpDialog-table-table\")]/tbody/tr[1]/td[1]/div/span"}
COMMAND: POST /session/c336b23a39170495adacb30ef5b99798/elements - {"using":"xpath","value":"//table[contains(@id, \"smartFilterBar-filterItemControl_BASIC-YARD-valueHelpDialog-table-table\")]/tbody/tr[1]/td[1]/div/span"}
RESULT: {"using":"xpath","value":"//table[contains(@id, \"smartFilterBar-filterItemControl_BASIC-YARD-valueHelpDialog-table-table\")]/tbody/tr[1]/td[1]/div/span"}
COMMAND: POST /session/c336b23a39170495adacb30ef5b99798/execute/sync - {"script":"<script> [56 bytes]","args":[{"element-6066-11e4-a52e-4f735466cecf":"f.3C12D8243027A57254BE39B169A080B9.d.F9227B422987FB54736960AB4517752C.e.6369","ELEMENT":"f.3C12D8243027A57254BE39B169A080B9.d.F9227B422987FB54736960AB4517752C.e.6369"}]}
RESULT: {"script":"<script> [56 bytes]","args":[{"element-6066-11e4-a52e-4f735466cecf":"f.3C12D8243027A57254BE39B169A080B9.d.F9227B422987FB54736960AB4517752C.e.6369","ELEMENT":"f.3C12D8243027A57254BE39B169A080B9.d.F9227B422987FB54736960AB4517752C.e.6369"}]}
COMMAND: POST /session/c336b23a39170495adacb30ef5b99798/element - {"using":"xpath","value":"//table[contains(@id, \"smartFilterBar-filterItemControl_BASIC-YARD-valueHelpDialog-table-table\")]/tbody/tr[2]/td[1]/div/span"}
COMMAND: GET /session/c336b23a39170495adacb30ef5b99798/screenshot - {}
RESULT: {"using":"xpath","value":"//table[contains(@id, \"smartFilterBar-filterItemControl_BASIC-YARD-valueHelpDialog-table-table\")]/tbody/tr[2]/td[1]/div/span"}
COMMAND: POST /session/c336b23a39170495adacb30ef5b99798/elements - {"using":"xpath","value":"//table[contains(@id, \"smartFilterBar-filterItemControl_BASIC-YARD-valueHelpDialog-table-table\")]/tbody/tr[2]/td[1]/div/span"}
RESULT: {}
RESULT: {"using":"xpath","value":"//table[contains(@id, \"smartFilterBar-filterItemControl_BASIC-YARD-valueHelpDialog-table-table\")]/tbody/tr[2]/td[1]/div/span"}
COMMAND: POST /session/c336b23a39170495adacb30ef5b99798/execute/sync - {"script":"<script> [56 bytes]","args":[{"element-6066-11e4-a52e-4f735466cecf":"f.3C12D8243027A57254BE39B169A080B9.d.F9227B422987FB54736960AB4517752C.e.6370","ELEMENT":"f.3C12D8243027A57254BE39B169A080B9.d.F9227B422987FB54736960AB4517752C.e.6370"}]}
RESULT: {"script":"<script> [56 bytes]","args":[{"element-6066-11e4-a52e-4f735466cecf":"f.3C12D8243027A57254BE39B169A080B9.d.F9227B422987FB54736960AB4517752C.e.6370","ELEMENT":"f.3C12D8243027A57254BE39B169A080B9.d.F9227B422987FB54736960AB4517752C.e.6370"}]}
COMMAND: POST /session/c336b23a39170495adacb30ef5b99798/element - {"using":"xpath","value":"//table[contains(@id, \"smartFilterBar-filterItemControl_BASIC-YARD-valueHelpDialog-table-table\")]/tbody/tr[3]/td[1]/div/span"}
COMMAND: GET /session/c336b23a39170495adacb30ef5b99798/screenshot - {}
RESULT: {"using":"xpath","value":"//table[contains(@id, \"smartFilterBar-filterItemControl_BASIC-YARD-valueHelpDialog-table-table\")]/tbody/tr[3]/td[1]/div/span"}
COMMAND: POST /session/c336b23a39170495adacb30ef5b99798/elements - {"using":"xpath","value":"//table[contains(@id, \"smartFilterBar-filterItemControl_BASIC-YARD-valueHelpDialog-table-table\")]/tbody/tr[3]/td[1]/div/span"}
RESULT: {}
RESULT: {"using":"xpath","value":"//table[contains(@id, \"smartFilterBar-filterItemControl_BASIC-YARD-valueHelpDialog-table-table\")]/tbody/tr[3]/td[1]/div/span"}
COMMAND: POST /session/c336b23a39170495adacb30ef5b99798/execute/sync - {"script":"<script> [56 bytes]","args":[{"element-6066-11e4-a52e-4f735466cecf":"f.3C12D8243027A57254BE39B169A080B9.d.F9227B422987FB54736960AB4517752C.e.6371","ELEMENT":"f.3C12D8243027A57254BE39B169A080B9.d.F9227B422987FB54736960AB4517752C.e.6371"}]}
RESULT: {"script":"<script> [56 bytes]","args":[{"element-6066-11e4-a52e-4f735466cecf":"f.3C12D8243027A57254BE39B169A080B9.d.F9227B422987FB54736960AB4517752C.e.6371","ELEMENT":"f.3C12D8243027A57254BE39B169A080B9.d.F9227B422987FB54736960AB4517752C.e.6371"}]}
COMMAND: POST /session/c336b23a39170495adacb30ef5b99798/element - {"using":"xpath","value":"//div[contains(@id, \"filterItemControl_BASIC-YARD-valueHelpDialog-table-rowsel2\")]"}
COMMAND: GET /session/c336b23a39170495adacb30ef5b99798/screenshot - {}
RESULT: {"using":"xpath","value":"//div[contains(@id, \"filterItemControl_BASIC-YARD-valueHelpDialog-table-rowsel2\")]"}
COMMAND: POST /session/c336b23a39170495adacb30ef5b99798/element/f.3C12D8243027A57254BE39B169A080B9.d.F9227B422987FB54736960AB4517752C.e.6372/click - {}
RESULT: {}
RESULT: {}
COMMAND: GET /session/c336b23a39170495adacb30ef5b99798/screenshot - {}
RESULT: {}
COMMAND: POST /session/c336b23a39170495adacb30ef5b99798/element - {"using":"xpath","value":"(//bdi[contains(text(), \"OK\")])[1]"}
RESULT: {"using":"xpath","value":"(//bdi[contains(text(), \"OK\")])[1]"}
COMMAND: POST /session/c336b23a39170495adacb30ef5b99798/element/f.3C12D8243027A57254BE39B169A080B9.d.F9227B422987FB54736960AB4517752C.e.6374/click - {}
RESULT: {}
COMMAND: GET /session/c336b23a39170495adacb30ef5b99798/screenshot - {}
RESULT: {}
COMMAND: POST /session/c336b23a39170495adacb30ef5b99798/element - {"using":"xpath","value":"//span[@id=\"application-managepartners-display-component---masterPtm--smartTable-header-inner\"]"}
RESULT: {"using":"xpath","value":"//span[@id=\"application-managepartners-display-component---masterPtm--smartTable-header-inner\"]"}
COMMAND: POST /session/c336b23a39170495adacb30ef5b99798/elements - {"using":"xpath","value":"//span[@id=\"application-managepartners-display-component---masterPtm--smartTable-header-inner\"]"}
RESULT: {"using":"xpath","value":"//span[@id=\"application-managepartners-display-component---masterPtm--smartTable-header-inner\"]"}
COMMAND: POST /session/c336b23a39170495adacb30ef5b99798/execute/sync - {"script":"<script> [56 bytes]","args":[{"element-6066-11e4-a52e-4f735466cecf":"f.3C12D8243027A57254BE39B169A080B9.d.F9227B422987FB54736960AB4517752C.e.6038","ELEMENT":"f.3C12D8243027A57254BE39B169A080B9.d.F9227B422987FB54736960AB4517752C.e.6038"}]}
RESULT: {"script":"<script> [56 bytes]","args":[{"element-6066-11e4-a52e-4f735466cecf":"f.3C12D8243027A57254BE39B169A080B9.d.F9227B422987FB54736960AB4517752C.e.6038","ELEMENT":"f.3C12D8243027A57254BE39B169A080B9.d.F9227B422987FB54736960AB4517752C.e.6038"}]}
COMMAND: POST /session/c336b23a39170495adacb30ef5b99798/element - {"using":"xpath","value":"//span[contains(@title, \"Remove\")]"}
COMMAND: GET /session/c336b23a39170495adacb30ef5b99798/screenshot - {}
RESULT: {"using":"xpath","value":"//span[contains(@title, \"Remove\")]"}
COMMAND: POST /session/c336b23a39170495adacb30ef5b99798/element/f.3C12D8243027A57254BE39B169A080B9.d.F9227B422987FB54736960AB4517752C.e.6387/click - {}
RESULT: {}
RESULT: {}
COMMAND: GET /session/c336b23a39170495adacb30ef5b99798/screenshot - {}
RESULT: {}
COMMAND: POST /session/c336b23a39170495adacb30ef5b99798/element - {"using":"xpath","value":"//span[@id=\"application-managepartners-display-component---masterPtm--smartTable-header-inner\"]"}
RESULT: {"using":"xpath","value":"//span[@id=\"application-managepartners-display-component---masterPtm--smartTable-header-inner\"]"}
COMMAND: POST /session/c336b23a39170495adacb30ef5b99798/elements - {"using":"xpath","value":"//span[@id=\"application-managepartners-display-component---masterPtm--smartTable-header-inner\"]"}
RESULT: {"using":"xpath","value":"//span[@id=\"application-managepartners-display-component---masterPtm--smartTable-header-inner\"]"}
COMMAND: POST /session/c336b23a39170495adacb30ef5b99798/execute/sync - {"script":"<script> [56 bytes]","args":[{"element-6066-11e4-a52e-4f735466cecf":"f.3C12D8243027A57254BE39B169A080B9.d.F9227B422987FB54736960AB4517752C.e.6038","ELEMENT":"f.3C12D8243027A57254BE39B169A080B9.d.F9227B422987FB54736960AB4517752C.e.6038"}]}
RESULT: {"script":"<script> [56 bytes]","args":[{"element-6066-11e4-a52e-4f735466cecf":"f.3C12D8243027A57254BE39B169A080B9.d.F9227B422987FB54736960AB4517752C.e.6038","ELEMENT":"f.3C12D8243027A57254BE39B169A080B9.d.F9227B422987FB54736960AB4517752C.e.6038"}]}
COMMAND: POST /session/c336b23a39170495adacb30ef5b99798/execute/async - {"script":"<script> [1562 bytes]","args":[{"selector":{"id":"application-managepartners-display-component---masterPtm--smartFilterBar-filterItemControl_BASIC-ALL_TAGS-vhi"},"wdio_ui5_key":"applicationmanagepartners-display-component---masterPtm--smartFilterBar-filterItemControl_BASIC-ALL_TAGS-vhi"}]}
COMMAND: GET /session/c336b23a39170495adacb30ef5b99798/screenshot - {}
RESULT: {"script":"<script> [1562 bytes]","args":[{"selector":{"id":"application-managepartners-display-component---masterPtm--smartFilterBar-filterItemControl_BASIC-ALL_TAGS-vhi"},"wdio_ui5_key":"applicationmanagepartners-display-component---masterPtm--smartFilterBar-filterItemControl_BASIC-ALL_TAGS-vhi"}]}
RESULT: undefined
COMMAND: POST /session/c336b23a39170495adacb30ef5b99798/element - {"using":"xpath","value":"//*[@id=\"application-managepartners-display-component---masterPtm--smartFilterBar-filterItemControl_BASIC-ALL_TAGS-vhi\"]"}
RESULT: {}
RESULT: {"using":"xpath","value":"//*[@id=\"application-managepartners-display-component---masterPtm--smartFilterBar-filterItemControl_BASIC-ALL_TAGS-vhi\"]"}
COMMAND: POST /session/c336b23a39170495adacb30ef5b99798/element/f.3C12D8243027A57254BE39B169A080B9.d.F9227B422987FB54736960AB4517752C.e.6494/click - {}
RESULT: {}
COMMAND: GET /session/c336b23a39170495adacb30ef5b99798/screenshot - {}
RESULT: {}
COMMAND: POST /session/c336b23a39170495adacb30ef5b99798/execute/async - {"script":"<script> [1562 bytes]","args":[{"selector":{"id":"application-managepartners-display-component---masterPtm--smartFilterBar-filterItemControl_BASIC-ALL_TAGS-valueHelpDialog-smartFilterBar-btnBasicSearch","searchOpenDialogs":true,"interaction":{"idSuffix":"I"}},"wdio_ui5_key":"applicationmanagepartners-display-component---masterPtm--smartFilterBar-filterItemControl_BASIC-ALL_TAGS-valueHelpDialog-smartFilterBar-btnBasicSearch"}]}
RESULT: {"script":"<script> [1562 bytes]","args":[{"selector":{"id":"application-managepartners-display-component---masterPtm--smartFilterBar-filterItemControl_BASIC-ALL_TAGS-valueHelpDialog-smartFilterBar-btnBasicSearch","searchOpenDialogs":true,"interaction":{"idSuffix":"I"}},"wdio_ui5_key":"applicationmanagepartners-display-component---masterPtm--smartFilterBar-filterItemControl_BASIC-ALL_TAGS-valueHelpDialog-smartFilterBar-btnBasicSearch"}]}
RESULT: undefined
COMMAND: POST /session/c336b23a39170495adacb30ef5b99798/execute/async - {"script":"<script> [776 bytes]","args":[{"enterText":"test-tag-1","selector":{"id":"application-managepartners-display-component---masterPtm--smartFilterBar-filterItemControl_BASIC-ALL_TAGS-valueHelpDialog-smartFilterBar-btnBasicSearch","searchOpenDialogs":true,"interaction":{"idSuffix":"I"}},"clearTextFirst":true,"interactionType":"ENTER_TEXT"}]}
RESULT: {"script":"<script> [776 bytes]","args":[{"enterText":"test-tag-1","selector":{"id":"application-managepartners-display-component---masterPtm--smartFilterBar-filterItemControl_BASIC-ALL_TAGS-valueHelpDialog-smartFilterBar-btnBasicSearch","searchOpenDialogs":true,"interaction":{"idSuffix":"I"}},"clearTextFirst":true,"interactionType":"ENTER_TEXT"}]}
COMMAND: POST /session/c336b23a39170495adacb30ef5b99798/actions - {"actions":[{"id":"action20","type":"key","parameters":{},"actions":[{"type":"keyDown","value":"î€‡"},{"type":"pause","duration":10},{"type":"keyUp","value":"î€‡"}]}]}
RESULT: {"actions":[{"id":"action20","type":"key","parameters":{},"actions":[{"type":"keyDown","value":"î€‡"},{"type":"pause","duration":10},{"type":"keyUp","value":"î€‡"}]}]}
COMMAND: POST /session/c336b23a39170495adacb30ef5b99798/elements - {"using":"xpath","value":"//table[contains(@id, \"smartFilterBar-filterItemControl_BASIC-ALL_TAGS-valueHelpDialog-table-table\")]/tbody/tr"}
COMMAND: GET /session/c336b23a39170495adacb30ef5b99798/screenshot - {}
RESULT: {"using":"xpath","value":"//table[contains(@id, \"smartFilterBar-filterItemControl_BASIC-ALL_TAGS-valueHelpDialog-table-table\")]/tbody/tr"}
COMMAND: POST /session/c336b23a39170495adacb30ef5b99798/element - {"using":"xpath","value":"//table[contains(@id, \"smartFilterBar-filterItemControl_BASIC-ALL_TAGS-valueHelpDialog-table-table\")]/tbody/tr[1]/td[1]/div/span"}
RESULT: {}
RESULT: {"using":"xpath","value":"//table[contains(@id, \"smartFilterBar-filterItemControl_BASIC-ALL_TAGS-valueHelpDialog-table-table\")]/tbody/tr[1]/td[1]/div/span"}
COMMAND: POST /session/c336b23a39170495adacb30ef5b99798/elements - {"using":"xpath","value":"//table[contains(@id, \"smartFilterBar-filterItemControl_BASIC-ALL_TAGS-valueHelpDialog-table-table\")]/tbody/tr[1]/td[1]/div/span"}
RESULT: {"using":"xpath","value":"//table[contains(@id, \"smartFilterBar-filterItemControl_BASIC-ALL_TAGS-valueHelpDialog-table-table\")]/tbody/tr[1]/td[1]/div/span"}
COMMAND: POST /session/c336b23a39170495adacb30ef5b99798/execute/sync - {"script":"<script> [56 bytes]","args":[{"element-6066-11e4-a52e-4f735466cecf":"f.3C12D8243027A57254BE39B169A080B9.d.F9227B422987FB54736960AB4517752C.e.6514","ELEMENT":"f.3C12D8243027A57254BE39B169A080B9.d.F9227B422987FB54736960AB4517752C.e.6514"}]}
RESULT: {"script":"<script> [56 bytes]","args":[{"element-6066-11e4-a52e-4f735466cecf":"f.3C12D8243027A57254BE39B169A080B9.d.F9227B422987FB54736960AB4517752C.e.6514","ELEMENT":"f.3C12D8243027A57254BE39B169A080B9.d.F9227B422987FB54736960AB4517752C.e.6514"}]}
COMMAND: POST /session/c336b23a39170495adacb30ef5b99798/element - {"using":"xpath","value":"//div[contains(@id, \"filterItemControl_BASIC-ALL_TAGS-valueHelpDialog-table-rowsel0\")]"}
COMMAND: GET /session/c336b23a39170495adacb30ef5b99798/screenshot - {}
RESULT: {"using":"xpath","value":"//div[contains(@id, \"filterItemControl_BASIC-ALL_TAGS-valueHelpDialog-table-rowsel0\")]"}
COMMAND: POST /session/c336b23a39170495adacb30ef5b99798/element/f.3C12D8243027A57254BE39B169A080B9.d.F9227B422987FB54736960AB4517752C.e.6515/click - {}
RESULT: {}
RESULT: {}
COMMAND: GET /session/c336b23a39170495adacb30ef5b99798/screenshot - {}
RESULT: {}
COMMAND: POST /session/c336b23a39170495adacb30ef5b99798/element - {"using":"xpath","value":"(//bdi[contains(text(), \"OK\")])[1]"}
RESULT: {"using":"xpath","value":"(//bdi[contains(text(), \"OK\")])[1]"}
COMMAND: POST /session/c336b23a39170495adacb30ef5b99798/element/f.3C12D8243027A57254BE39B169A080B9.d.F9227B422987FB54736960AB4517752C.e.6517/click - {}
RESULT: {}
COMMAND: GET /session/c336b23a39170495adacb30ef5b99798/screenshot - {}
RESULT: {}
COMMAND: POST /session/c336b23a39170495adacb30ef5b99798/element - {"using":"xpath","value":"//span[@id=\"application-managepartners-display-component---masterPtm--smartTable-header-inner\"]"}
RESULT: {"using":"xpath","value":"//span[@id=\"application-managepartners-display-component---masterPtm--smartTable-header-inner\"]"}
COMMAND: POST /session/c336b23a39170495adacb30ef5b99798/elements - {"using":"xpath","value":"//span[@id=\"application-managepartners-display-component---masterPtm--smartTable-header-inner\"]"}
RESULT: {"using":"xpath","value":"//span[@id=\"application-managepartners-display-component---masterPtm--smartTable-header-inner\"]"}
COMMAND: POST /session/c336b23a39170495adacb30ef5b99798/execute/sync - {"script":"<script> [56 bytes]","args":[{"element-6066-11e4-a52e-4f735466cecf":"f.3C12D8243027A57254BE39B169A080B9.d.F9227B422987FB54736960AB4517752C.e.6038","ELEMENT":"f.3C12D8243027A57254BE39B169A080B9.d.F9227B422987FB54736960AB4517752C.e.6038"}]}
RESULT: {"script":"<script> [56 bytes]","args":[{"element-6066-11e4-a52e-4f735466cecf":"f.3C12D8243027A57254BE39B169A080B9.d.F9227B422987FB54736960AB4517752C.e.6038","ELEMENT":"f.3C12D8243027A57254BE39B169A080B9.d.F9227B422987FB54736960AB4517752C.e.6038"}]}
COMMAND: POST /session/c336b23a39170495adacb30ef5b99798/element - {"using":"xpath","value":"//span[contains(@title, \"Remove\")]"}
COMMAND: GET /session/c336b23a39170495adacb30ef5b99798/screenshot - {}
RESULT: {"using":"xpath","value":"//span[contains(@title, \"Remove\")]"}
COMMAND: POST /session/c336b23a39170495adacb30ef5b99798/element/f.3C12D8243027A57254BE39B169A080B9.d.F9227B422987FB54736960AB4517752C.e.6539/click - {}
RESULT: {}
RESULT: {}
COMMAND: GET /session/c336b23a39170495adacb30ef5b99798/screenshot - {}
RESULT: {}
COMMAND: POST /session/c336b23a39170495adacb30ef5b99798/execute/async - {"script":"<script> [1562 bytes]","args":[{"selector":{"id":"application-managepartners-display-component---masterPtm--partnerTypes-arrow"},"wdio_ui5_key":"applicationmanagepartners-display-component---masterPtm--partnerTypes-arrow"}]}
RESULT: {"script":"<script> [1562 bytes]","args":[{"selector":{"id":"application-managepartners-display-component---masterPtm--partnerTypes-arrow"},"wdio_ui5_key":"applicationmanagepartners-display-component---masterPtm--partnerTypes-arrow"}]}
RESULT: undefined
COMMAND: POST /session/c336b23a39170495adacb30ef5b99798/element - {"using":"xpath","value":"//*[@id=\"application-managepartners-display-component---masterPtm--partnerTypes-arrow\"]"}
RESULT: {"using":"xpath","value":"//*[@id=\"application-managepartners-display-component---masterPtm--partnerTypes-arrow\"]"}
COMMAND: POST /session/c336b23a39170495adacb30ef5b99798/element/f.3C12D8243027A57254BE39B169A080B9.d.F9227B422987FB54736960AB4517752C.e.6645/click - {}
RESULT: {}
COMMAND: GET /session/c336b23a39170495adacb30ef5b99798/screenshot - {}
RESULT: {}
COMMAND: POST /session/c336b23a39170495adacb30ef5b99798/element - {"using":"xpath","value":"//li[.//span[text()=\"External partner\"]]//div[contains(@class,\"sapMCbBg\")]"}
RESULT: {"using":"xpath","value":"//li[.//span[text()=\"External partner\"]]//div[contains(@class,\"sapMCbBg\")]"}
COMMAND: POST /session/c336b23a39170495adacb30ef5b99798/element/f.3C12D8243027A57254BE39B169A080B9.d.F9227B422987FB54736960AB4517752C.e.6648/click - {}
RESULT: {}
COMMAND: GET /session/c336b23a39170495adacb30ef5b99798/screenshot - {}
RESULT: {}
COMMAND: POST /session/c336b23a39170495adacb30ef5b99798/element - {"using":"xpath","value":"//span[@id=\"application-managepartners-display-component---masterPtm--smartTable-header-inner\"]"}
RESULT: {"using":"xpath","value":"//span[@id=\"application-managepartners-display-component---masterPtm--smartTable-header-inner\"]"}
COMMAND: POST /session/c336b23a39170495adacb30ef5b99798/elements - {"using":"xpath","value":"//span[@id=\"application-managepartners-display-component---masterPtm--smartTable-header-inner\"]"}
RESULT: {"using":"xpath","value":"//span[@id=\"application-managepartners-display-component---masterPtm--smartTable-header-inner\"]"}
COMMAND: POST /session/c336b23a39170495adacb30ef5b99798/execute/sync - {"script":"<script> [56 bytes]","args":[{"element-6066-11e4-a52e-4f735466cecf":"f.3C12D8243027A57254BE39B169A080B9.d.F9227B422987FB54736960AB4517752C.e.6038","ELEMENT":"f.3C12D8243027A57254BE39B169A080B9.d.F9227B422987FB54736960AB4517752C.e.6038"}]}
RESULT: {"script":"<script> [56 bytes]","args":[{"element-6066-11e4-a52e-4f735466cecf":"f.3C12D8243027A57254BE39B169A080B9.d.F9227B422987FB54736960AB4517752C.e.6038","ELEMENT":"f.3C12D8243027A57254BE39B169A080B9.d.F9227B422987FB54736960AB4517752C.e.6038"}]}
COMMAND: POST /session/c336b23a39170495adacb30ef5b99798/element - {"using":"xpath","value":"//span[contains(@title, \"Remove\")]"}
COMMAND: GET /session/c336b23a39170495adacb30ef5b99798/screenshot - {}
RESULT: {"using":"xpath","value":"//span[contains(@title, \"Remove\")]"}
COMMAND: POST /session/c336b23a39170495adacb30ef5b99798/element/f.3C12D8243027A57254BE39B169A080B9.d.F9227B422987FB54736960AB4517752C.e.6735/click - {}
RESULT: {}
RESULT: {}
COMMAND: GET /session/c336b23a39170495adacb30ef5b99798/screenshot - {}
RESULT: {}
COMMAND: POST /session/c336b23a39170495adacb30ef5b99798/execute/async - {"script":"<script> [1562 bytes]","args":[{"selector":{"id":"application-managepartners-display-component---masterPtm--smartFilterBar-btnFilters","interaction":{"idSuffix":"BDI-content"}},"wdio_ui5_key":"applicationmanagepartners-display-component---masterPtm--smartFilterBar-btnFilters"}]}
RESULT: {"script":"<script> [1562 bytes]","args":[{"selector":{"id":"application-managepartners-display-component---masterPtm--smartFilterBar-btnFilters","interaction":{"idSuffix":"BDI-content"}},"wdio_ui5_key":"applicationmanagepartners-display-component---masterPtm--smartFilterBar-btnFilters"}]}
RESULT: undefined
COMMAND: POST /session/c336b23a39170495adacb30ef5b99798/element - {"using":"xpath","value":"//*[@id=\"application-managepartners-display-component---masterPtm--smartFilterBar-btnFilters\"]"}
RESULT: {"using":"xpath","value":"//*[@id=\"application-managepartners-display-component---masterPtm--smartFilterBar-btnFilters\"]"}
COMMAND: POST /session/c336b23a39170495adacb30ef5b99798/element/f.3C12D8243027A57254BE39B169A080B9.d.F9227B422987FB54736960AB4517752C.e.5878/click - {}
RESULT: {}
COMMAND: GET /session/c336b23a39170495adacb30ef5b99798/screenshot - {}
RESULT: {}
COMMAND: POST /session/c336b23a39170495adacb30ef5b99798/elements - {"using":"xpath","value":"//table[contains(@id, \"listView-innerSelectionPanelTable-listUl\")]/tbody/tr"}
RESULT: {"using":"xpath","value":"//table[contains(@id, \"listView-innerSelectionPanelTable-listUl\")]/tbody/tr"}
COMMAND: POST /session/c336b23a39170495adacb30ef5b99798/element - {"using":"xpath","value":"//table[contains(@id, \"listView-innerSelectionPanelTable-listUl\")]/tbody/tr[2]/td[2]/div/div"}
RESULT: {"using":"xpath","value":"//table[contains(@id, \"listView-innerSelectionPanelTable-listUl\")]/tbody/tr[2]/td[2]/div/div"}
COMMAND: POST /session/c336b23a39170495adacb30ef5b99798/element - {"using":"xpath","value":"//table[contains(@id, \"listView-innerSelectionPanelTable-listUl\")]/tbody/tr[2]/td[2]/div"}
RESULT: {"using":"xpath","value":"//table[contains(@id, \"listView-innerSelectionPanelTable-listUl\")]/tbody/tr[2]/td[2]/div"}
COMMAND: POST /session/c336b23a39170495adacb30ef5b99798/element - {"using":"xpath","value":"//table[contains(@id, \"listView-innerSelectionPanelTable-listUl\")]/tbody/tr[2]/td[3]/div/div/span/span[1]/bdi"}
RESULT: {"using":"xpath","value":"//table[contains(@id, \"listView-innerSelectionPanelTable-listUl\")]/tbody/tr[2]/td[3]/div/div/span/span[1]/bdi"}
COMMAND: POST /session/c336b23a39170495adacb30ef5b99798/execute/sync - {"script":"<script> [56 bytes]","args":[{"element-6066-11e4-a52e-4f735466cecf":"f.3C12D8243027A57254BE39B169A080B9.d.F9227B422987FB54736960AB4517752C.e.6849","ELEMENT":"f.3C12D8243027A57254BE39B169A080B9.d.F9227B422987FB54736960AB4517752C.e.6849"}]}
RESULT: {"script":"<script> [56 bytes]","args":[{"element-6066-11e4-a52e-4f735466cecf":"f.3C12D8243027A57254BE39B169A080B9.d.F9227B422987FB54736960AB4517752C.e.6849","ELEMENT":"f.3C12D8243027A57254BE39B169A080B9.d.F9227B422987FB54736960AB4517752C.e.6849"}]}
COMMAND: GET /session/c336b23a39170495adacb30ef5b99798/element/f.3C12D8243027A57254BE39B169A080B9.d.F9227B422987FB54736960AB4517752C.e.6848/attribute/aria-checked - {}
COMMAND: GET /session/c336b23a39170495adacb30ef5b99798/screenshot - {}
RESULT: {}
COMMAND: POST /session/c336b23a39170495adacb30ef5b99798/element - {"using":"xpath","value":"//table[contains(@id, \"listView-innerSelectionPanelTable-listUl\")]/tbody/tr[3]/td[2]/div/div"}
RESULT: {}
RESULT: {"using":"xpath","value":"//table[contains(@id, \"listView-innerSelectionPanelTable-listUl\")]/tbody/tr[3]/td[2]/div/div"}
COMMAND: POST /session/c336b23a39170495adacb30ef5b99798/element - {"using":"xpath","value":"//table[contains(@id, \"listView-innerSelectionPanelTable-listUl\")]/tbody/tr[3]/td[2]/div"}
RESULT: {"using":"xpath","value":"//table[contains(@id, \"listView-innerSelectionPanelTable-listUl\")]/tbody/tr[3]/td[2]/div"}
COMMAND: POST /session/c336b23a39170495adacb30ef5b99798/element - {"using":"xpath","value":"//table[contains(@id, \"listView-innerSelectionPanelTable-listUl\")]/tbody/tr[3]/td[3]/div/div/span/span[1]/bdi"}
RESULT: {"using":"xpath","value":"//table[contains(@id, \"listView-innerSelectionPanelTable-listUl\")]/tbody/tr[3]/td[3]/div/div/span/span[1]/bdi"}
COMMAND: POST /session/c336b23a39170495adacb30ef5b99798/execute/sync - {"script":"<script> [56 bytes]","args":[{"element-6066-11e4-a52e-4f735466cecf":"f.3C12D8243027A57254BE39B169A080B9.d.F9227B422987FB54736960AB4517752C.e.6852","ELEMENT":"f.3C12D8243027A57254BE39B169A080B9.d.F9227B422987FB54736960AB4517752C.e.6852"}]}
RESULT: {"script":"<script> [56 bytes]","args":[{"element-6066-11e4-a52e-4f735466cecf":"f.3C12D8243027A57254BE39B169A080B9.d.F9227B422987FB54736960AB4517752C.e.6852","ELEMENT":"f.3C12D8243027A57254BE39B169A080B9.d.F9227B422987FB54736960AB4517752C.e.6852"}]}
COMMAND: GET /session/c336b23a39170495adacb30ef5b99798/element/f.3C12D8243027A57254BE39B169A080B9.d.F9227B422987FB54736960AB4517752C.e.6851/attribute/aria-checked - {}
COMMAND: GET /session/c336b23a39170495adacb30ef5b99798/screenshot - {}
RESULT: {}
COMMAND: POST /session/c336b23a39170495adacb30ef5b99798/element - {"using":"xpath","value":"//table[contains(@id, \"listView-innerSelectionPanelTable-listUl\")]/tbody/tr[4]/td[2]/div/div"}
RESULT: {}
RESULT: {"using":"xpath","value":"//table[contains(@id, \"listView-innerSelectionPanelTable-listUl\")]/tbody/tr[4]/td[2]/div/div"}
COMMAND: POST /session/c336b23a39170495adacb30ef5b99798/element - {"using":"xpath","value":"//table[contains(@id, \"listView-innerSelectionPanelTable-listUl\")]/tbody/tr[4]/td[2]/div"}
RESULT: {"using":"xpath","value":"//table[contains(@id, \"listView-innerSelectionPanelTable-listUl\")]/tbody/tr[4]/td[2]/div"}
COMMAND: POST /session/c336b23a39170495adacb30ef5b99798/element - {"using":"xpath","value":"//table[contains(@id, \"listView-innerSelectionPanelTable-listUl\")]/tbody/tr[4]/td[3]/div/div/span/span[1]/bdi"}
RESULT: {"using":"xpath","value":"//table[contains(@id, \"listView-innerSelectionPanelTable-listUl\")]/tbody/tr[4]/td[3]/div/div/span/span[1]/bdi"}
COMMAND: POST /session/c336b23a39170495adacb30ef5b99798/execute/sync - {"script":"<script> [56 bytes]","args":[{"element-6066-11e4-a52e-4f735466cecf":"f.3C12D8243027A57254BE39B169A080B9.d.F9227B422987FB54736960AB4517752C.e.6855","ELEMENT":"f.3C12D8243027A57254BE39B169A080B9.d.F9227B422987FB54736960AB4517752C.e.6855"}]}
RESULT: {"script":"<script> [56 bytes]","args":[{"element-6066-11e4-a52e-4f735466cecf":"f.3C12D8243027A57254BE39B169A080B9.d.F9227B422987FB54736960AB4517752C.e.6855","ELEMENT":"f.3C12D8243027A57254BE39B169A080B9.d.F9227B422987FB54736960AB4517752C.e.6855"}]}
COMMAND: GET /session/c336b23a39170495adacb30ef5b99798/element/f.3C12D8243027A57254BE39B169A080B9.d.F9227B422987FB54736960AB4517752C.e.6854/attribute/aria-checked - {}
COMMAND: GET /session/c336b23a39170495adacb30ef5b99798/screenshot - {}
RESULT: {}
COMMAND: POST /session/c336b23a39170495adacb30ef5b99798/element - {"using":"xpath","value":"//table[contains(@id, \"listView-innerSelectionPanelTable-listUl\")]/tbody/tr[5]/td[2]/div/div"}
RESULT: {}
RESULT: {"using":"xpath","value":"//table[contains(@id, \"listView-innerSelectionPanelTable-listUl\")]/tbody/tr[5]/td[2]/div/div"}
COMMAND: POST /session/c336b23a39170495adacb30ef5b99798/element - {"using":"xpath","value":"//table[contains(@id, \"listView-innerSelectionPanelTable-listUl\")]/tbody/tr[5]/td[2]/div"}
RESULT: {"using":"xpath","value":"//table[contains(@id, \"listView-innerSelectionPanelTable-listUl\")]/tbody/tr[5]/td[2]/div"}
COMMAND: POST /session/c336b23a39170495adacb30ef5b99798/element - {"using":"xpath","value":"//table[contains(@id, \"listView-innerSelectionPanelTable-listUl\")]/tbody/tr[5]/td[3]/div/div/span/span[1]/bdi"}
RESULT: {"using":"xpath","value":"//table[contains(@id, \"listView-innerSelectionPanelTable-listUl\")]/tbody/tr[5]/td[3]/div/div/span/span[1]/bdi"}
COMMAND: POST /session/c336b23a39170495adacb30ef5b99798/execute/sync - {"script":"<script> [56 bytes]","args":[{"element-6066-11e4-a52e-4f735466cecf":"f.3C12D8243027A57254BE39B169A080B9.d.F9227B422987FB54736960AB4517752C.e.6858","ELEMENT":"f.3C12D8243027A57254BE39B169A080B9.d.F9227B422987FB54736960AB4517752C.e.6858"}]}
RESULT: {"script":"<script> [56 bytes]","args":[{"element-6066-11e4-a52e-4f735466cecf":"f.3C12D8243027A57254BE39B169A080B9.d.F9227B422987FB54736960AB4517752C.e.6858","ELEMENT":"f.3C12D8243027A57254BE39B169A080B9.d.F9227B422987FB54736960AB4517752C.e.6858"}]}
COMMAND: GET /session/c336b23a39170495adacb30ef5b99798/element/f.3C12D8243027A57254BE39B169A080B9.d.F9227B422987FB54736960AB4517752C.e.6857/attribute/aria-checked - {}
COMMAND: GET /session/c336b23a39170495adacb30ef5b99798/screenshot - {}
RESULT: {}
COMMAND: POST /session/c336b23a39170495adacb30ef5b99798/element - {"using":"xpath","value":"//table[contains(@id, \"listView-innerSelectionPanelTable-listUl\")]/tbody/tr[6]/td[2]/div/div"}
RESULT: {}
RESULT: {"using":"xpath","value":"//table[contains(@id, \"listView-innerSelectionPanelTable-listUl\")]/tbody/tr[6]/td[2]/div/div"}
COMMAND: POST /session/c336b23a39170495adacb30ef5b99798/element - {"using":"xpath","value":"//table[contains(@id, \"listView-innerSelectionPanelTable-listUl\")]/tbody/tr[6]/td[2]/div"}
RESULT: {"using":"xpath","value":"//table[contains(@id, \"listView-innerSelectionPanelTable-listUl\")]/tbody/tr[6]/td[2]/div"}
COMMAND: POST /session/c336b23a39170495adacb30ef5b99798/element - {"using":"xpath","value":"//table[contains(@id, \"listView-innerSelectionPanelTable-listUl\")]/tbody/tr[6]/td[3]/div/div/span/span[1]/bdi"}
RESULT: {"using":"xpath","value":"//table[contains(@id, \"listView-innerSelectionPanelTable-listUl\")]/tbody/tr[6]/td[3]/div/div/span/span[1]/bdi"}
COMMAND: POST /session/c336b23a39170495adacb30ef5b99798/execute/sync - {"script":"<script> [56 bytes]","args":[{"element-6066-11e4-a52e-4f735466cecf":"f.3C12D8243027A57254BE39B169A080B9.d.F9227B422987FB54736960AB4517752C.e.6861","ELEMENT":"f.3C12D8243027A57254BE39B169A080B9.d.F9227B422987FB54736960AB4517752C.e.6861"}]}
RESULT: {"script":"<script> [56 bytes]","args":[{"element-6066-11e4-a52e-4f735466cecf":"f.3C12D8243027A57254BE39B169A080B9.d.F9227B422987FB54736960AB4517752C.e.6861","ELEMENT":"f.3C12D8243027A57254BE39B169A080B9.d.F9227B422987FB54736960AB4517752C.e.6861"}]}
COMMAND: GET /session/c336b23a39170495adacb30ef5b99798/element/f.3C12D8243027A57254BE39B169A080B9.d.F9227B422987FB54736960AB4517752C.e.6860/attribute/aria-checked - {}
COMMAND: GET /session/c336b23a39170495adacb30ef5b99798/screenshot - {}
RESULT: {}
COMMAND: POST /session/c336b23a39170495adacb30ef5b99798/element - {"using":"xpath","value":"//table[contains(@id, \"listView-innerSelectionPanelTable-listUl\")]/tbody/tr[7]/td[2]/div/div"}
RESULT: {}
RESULT: {"using":"xpath","value":"//table[contains(@id, \"listView-innerSelectionPanelTable-listUl\")]/tbody/tr[7]/td[2]/div/div"}
COMMAND: POST /session/c336b23a39170495adacb30ef5b99798/element - {"using":"xpath","value":"//table[contains(@id, \"listView-innerSelectionPanelTable-listUl\")]/tbody/tr[7]/td[2]/div"}
RESULT: {"using":"xpath","value":"//table[contains(@id, \"listView-innerSelectionPanelTable-listUl\")]/tbody/tr[7]/td[2]/div"}
COMMAND: POST /session/c336b23a39170495adacb30ef5b99798/element - {"using":"xpath","value":"//table[contains(@id, \"listView-innerSelectionPanelTable-listUl\")]/tbody/tr[7]/td[3]/div/div/span/span[1]/bdi"}
RESULT: {"using":"xpath","value":"//table[contains(@id, \"listView-innerSelectionPanelTable-listUl\")]/tbody/tr[7]/td[3]/div/div/span/span[1]/bdi"}
COMMAND: POST /session/c336b23a39170495adacb30ef5b99798/execute/sync - {"script":"<script> [56 bytes]","args":[{"element-6066-11e4-a52e-4f735466cecf":"f.3C12D8243027A57254BE39B169A080B9.d.F9227B422987FB54736960AB4517752C.e.6864","ELEMENT":"f.3C12D8243027A57254BE39B169A080B9.d.F9227B422987FB54736960AB4517752C.e.6864"}]}
RESULT: {"script":"<script> [56 bytes]","args":[{"element-6066-11e4-a52e-4f735466cecf":"f.3C12D8243027A57254BE39B169A080B9.d.F9227B422987FB54736960AB4517752C.e.6864","ELEMENT":"f.3C12D8243027A57254BE39B169A080B9.d.F9227B422987FB54736960AB4517752C.e.6864"}]}
COMMAND: GET /session/c336b23a39170495adacb30ef5b99798/element/f.3C12D8243027A57254BE39B169A080B9.d.F9227B422987FB54736960AB4517752C.e.6863/attribute/aria-checked - {}
COMMAND: GET /session/c336b23a39170495adacb30ef5b99798/screenshot - {}
RESULT: {}
COMMAND: POST /session/c336b23a39170495adacb30ef5b99798/element - {"using":"xpath","value":"//table[contains(@id, \"listView-innerSelectionPanelTable-listUl\")]/tbody/tr[8]/td[2]/div/div"}
RESULT: {}
RESULT: {"using":"xpath","value":"//table[contains(@id, \"listView-innerSelectionPanelTable-listUl\")]/tbody/tr[8]/td[2]/div/div"}
COMMAND: POST /session/c336b23a39170495adacb30ef5b99798/element - {"using":"xpath","value":"//table[contains(@id, \"listView-innerSelectionPanelTable-listUl\")]/tbody/tr[8]/td[2]/div"}
RESULT: {"using":"xpath","value":"//table[contains(@id, \"listView-innerSelectionPanelTable-listUl\")]/tbody/tr[8]/td[2]/div"}
COMMAND: POST /session/c336b23a39170495adacb30ef5b99798/element - {"using":"xpath","value":"//table[contains(@id, \"listView-innerSelectionPanelTable-listUl\")]/tbody/tr[8]/td[3]/div/div/span/span[1]/bdi"}
RESULT: {"using":"xpath","value":"//table[contains(@id, \"listView-innerSelectionPanelTable-listUl\")]/tbody/tr[8]/td[3]/div/div/span/span[1]/bdi"}
COMMAND: POST /session/c336b23a39170495adacb30ef5b99798/execute/sync - {"script":"<script> [56 bytes]","args":[{"element-6066-11e4-a52e-4f735466cecf":"f.3C12D8243027A57254BE39B169A080B9.d.F9227B422987FB54736960AB4517752C.e.6867","ELEMENT":"f.3C12D8243027A57254BE39B169A080B9.d.F9227B422987FB54736960AB4517752C.e.6867"}]}
RESULT: {"script":"<script> [56 bytes]","args":[{"element-6066-11e4-a52e-4f735466cecf":"f.3C12D8243027A57254BE39B169A080B9.d.F9227B422987FB54736960AB4517752C.e.6867","ELEMENT":"f.3C12D8243027A57254BE39B169A080B9.d.F9227B422987FB54736960AB4517752C.e.6867"}]}
COMMAND: GET /session/c336b23a39170495adacb30ef5b99798/element/f.3C12D8243027A57254BE39B169A080B9.d.F9227B422987FB54736960AB4517752C.e.6866/attribute/aria-checked - {}
COMMAND: GET /session/c336b23a39170495adacb30ef5b99798/screenshot - {}
RESULT: {}
COMMAND: POST /session/c336b23a39170495adacb30ef5b99798/element - {"using":"xpath","value":"//table[contains(@id, \"listView-innerSelectionPanelTable-listUl\")]/tbody/tr[9]/td[2]/div/div"}
RESULT: {}
RESULT: {"using":"xpath","value":"//table[contains(@id, \"listView-innerSelectionPanelTable-listUl\")]/tbody/tr[9]/td[2]/div/div"}
COMMAND: POST /session/c336b23a39170495adacb30ef5b99798/element - {"using":"xpath","value":"//table[contains(@id, \"listView-innerSelectionPanelTable-listUl\")]/tbody/tr[9]/td[2]/div"}
RESULT: {"using":"xpath","value":"//table[contains(@id, \"listView-innerSelectionPanelTable-listUl\")]/tbody/tr[9]/td[2]/div"}
COMMAND: POST /session/c336b23a39170495adacb30ef5b99798/element - {"using":"xpath","value":"//table[contains(@id, \"listView-innerSelectionPanelTable-listUl\")]/tbody/tr[9]/td[3]/div/div/span/span[1]/bdi"}
RESULT: {"using":"xpath","value":"//table[contains(@id, \"listView-innerSelectionPanelTable-listUl\")]/tbody/tr[9]/td[3]/div/div/span/span[1]/bdi"}
COMMAND: POST /session/c336b23a39170495adacb30ef5b99798/execute/sync - {"script":"<script> [56 bytes]","args":[{"element-6066-11e4-a52e-4f735466cecf":"f.3C12D8243027A57254BE39B169A080B9.d.F9227B422987FB54736960AB4517752C.e.6870","ELEMENT":"f.3C12D8243027A57254BE39B169A080B9.d.F9227B422987FB54736960AB4517752C.e.6870"}]}
RESULT: {"script":"<script> [56 bytes]","args":[{"element-6066-11e4-a52e-4f735466cecf":"f.3C12D8243027A57254BE39B169A080B9.d.F9227B422987FB54736960AB4517752C.e.6870","ELEMENT":"f.3C12D8243027A57254BE39B169A080B9.d.F9227B422987FB54736960AB4517752C.e.6870"}]}
COMMAND: GET /session/c336b23a39170495adacb30ef5b99798/element/f.3C12D8243027A57254BE39B169A080B9.d.F9227B422987FB54736960AB4517752C.e.6869/attribute/aria-checked - {}
COMMAND: GET /session/c336b23a39170495adacb30ef5b99798/screenshot - {}
RESULT: {}
COMMAND: POST /session/c336b23a39170495adacb30ef5b99798/element - {"using":"xpath","value":"//table[contains(@id, \"listView-innerSelectionPanelTable-listUl\")]/tbody/tr[10]/td[2]/div/div"}
RESULT: {}
RESULT: {"using":"xpath","value":"//table[contains(@id, \"listView-innerSelectionPanelTable-listUl\")]/tbody/tr[10]/td[2]/div/div"}
COMMAND: POST /session/c336b23a39170495adacb30ef5b99798/element - {"using":"xpath","value":"//table[contains(@id, \"listView-innerSelectionPanelTable-listUl\")]/tbody/tr[10]/td[2]/div"}
RESULT: {"using":"xpath","value":"//table[contains(@id, \"listView-innerSelectionPanelTable-listUl\")]/tbody/tr[10]/td[2]/div"}
COMMAND: POST /session/c336b23a39170495adacb30ef5b99798/element - {"using":"xpath","value":"//table[contains(@id, \"listView-innerSelectionPanelTable-listUl\")]/tbody/tr[10]/td[3]/div/div/span/span[1]/bdi"}
RESULT: {"using":"xpath","value":"//table[contains(@id, \"listView-innerSelectionPanelTable-listUl\")]/tbody/tr[10]/td[3]/div/div/span/span[1]/bdi"}
COMMAND: POST /session/c336b23a39170495adacb30ef5b99798/execute/sync - {"script":"<script> [56 bytes]","args":[{"element-6066-11e4-a52e-4f735466cecf":"f.3C12D8243027A57254BE39B169A080B9.d.F9227B422987FB54736960AB4517752C.e.6873","ELEMENT":"f.3C12D8243027A57254BE39B169A080B9.d.F9227B422987FB54736960AB4517752C.e.6873"}]}
RESULT: {"script":"<script> [56 bytes]","args":[{"element-6066-11e4-a52e-4f735466cecf":"f.3C12D8243027A57254BE39B169A080B9.d.F9227B422987FB54736960AB4517752C.e.6873","ELEMENT":"f.3C12D8243027A57254BE39B169A080B9.d.F9227B422987FB54736960AB4517752C.e.6873"}]}
COMMAND: GET /session/c336b23a39170495adacb30ef5b99798/element/f.3C12D8243027A57254BE39B169A080B9.d.F9227B422987FB54736960AB4517752C.e.6872/attribute/aria-checked - {}
COMMAND: GET /session/c336b23a39170495adacb30ef5b99798/screenshot - {}
RESULT: {}
COMMAND: POST /session/c336b23a39170495adacb30ef5b99798/element - {"using":"xpath","value":"//table[contains(@id, \"listView-innerSelectionPanelTable-listUl\")]/tbody/tr[11]/td[2]/div/div"}
RESULT: {}
RESULT: {"using":"xpath","value":"//table[contains(@id, \"listView-innerSelectionPanelTable-listUl\")]/tbody/tr[11]/td[2]/div/div"}
COMMAND: POST /session/c336b23a39170495adacb30ef5b99798/element - {"using":"xpath","value":"//table[contains(@id, \"listView-innerSelectionPanelTable-listUl\")]/tbody/tr[11]/td[2]/div"}
RESULT: {"using":"xpath","value":"//table[contains(@id, \"listView-innerSelectionPanelTable-listUl\")]/tbody/tr[11]/td[2]/div"}
COMMAND: POST /session/c336b23a39170495adacb30ef5b99798/element - {"using":"xpath","value":"//table[contains(@id, \"listView-innerSelectionPanelTable-listUl\")]/tbody/tr[11]/td[3]/div/div/span/span[1]/bdi"}
RESULT: {"using":"xpath","value":"//table[contains(@id, \"listView-innerSelectionPanelTable-listUl\")]/tbody/tr[11]/td[3]/div/div/span/span[1]/bdi"}
COMMAND: POST /session/c336b23a39170495adacb30ef5b99798/execute/sync - {"script":"<script> [56 bytes]","args":[{"element-6066-11e4-a52e-4f735466cecf":"f.3C12D8243027A57254BE39B169A080B9.d.F9227B422987FB54736960AB4517752C.e.6876","ELEMENT":"f.3C12D8243027A57254BE39B169A080B9.d.F9227B422987FB54736960AB4517752C.e.6876"}]}
RESULT: {"script":"<script> [56 bytes]","args":[{"element-6066-11e4-a52e-4f735466cecf":"f.3C12D8243027A57254BE39B169A080B9.d.F9227B422987FB54736960AB4517752C.e.6876","ELEMENT":"f.3C12D8243027A57254BE39B169A080B9.d.F9227B422987FB54736960AB4517752C.e.6876"}]}
COMMAND: GET /session/c336b23a39170495adacb30ef5b99798/element/f.3C12D8243027A57254BE39B169A080B9.d.F9227B422987FB54736960AB4517752C.e.6875/attribute/aria-checked - {}
COMMAND: GET /session/c336b23a39170495adacb30ef5b99798/screenshot - {}
RESULT: {}
COMMAND: POST /session/c336b23a39170495adacb30ef5b99798/element - {"using":"xpath","value":"//table[contains(@id, \"listView-innerSelectionPanelTable-listUl\")]/tbody/tr[12]/td[2]/div/div"}
RESULT: {}
RESULT: {"using":"xpath","value":"//table[contains(@id, \"listView-innerSelectionPanelTable-listUl\")]/tbody/tr[12]/td[2]/div/div"}
COMMAND: POST /session/c336b23a39170495adacb30ef5b99798/element - {"using":"xpath","value":"//table[contains(@id, \"listView-innerSelectionPanelTable-listUl\")]/tbody/tr[12]/td[2]/div"}
RESULT: {"using":"xpath","value":"//table[contains(@id, \"listView-innerSelectionPanelTable-listUl\")]/tbody/tr[12]/td[2]/div"}
COMMAND: POST /session/c336b23a39170495adacb30ef5b99798/element - {"using":"xpath","value":"//table[contains(@id, \"listView-innerSelectionPanelTable-listUl\")]/tbody/tr[12]/td[3]/div/div/span/span[1]/bdi"}
RESULT: {"using":"xpath","value":"//table[contains(@id, \"listView-innerSelectionPanelTable-listUl\")]/tbody/tr[12]/td[3]/div/div/span/span[1]/bdi"}
COMMAND: POST /session/c336b23a39170495adacb30ef5b99798/execute/sync - {"script":"<script> [56 bytes]","args":[{"element-6066-11e4-a52e-4f735466cecf":"f.3C12D8243027A57254BE39B169A080B9.d.F9227B422987FB54736960AB4517752C.e.6879","ELEMENT":"f.3C12D8243027A57254BE39B169A080B9.d.F9227B422987FB54736960AB4517752C.e.6879"}]}
RESULT: {"script":"<script> [56 bytes]","args":[{"element-6066-11e4-a52e-4f735466cecf":"f.3C12D8243027A57254BE39B169A080B9.d.F9227B422987FB54736960AB4517752C.e.6879","ELEMENT":"f.3C12D8243027A57254BE39B169A080B9.d.F9227B422987FB54736960AB4517752C.e.6879"}]}
COMMAND: GET /session/c336b23a39170495adacb30ef5b99798/element/f.3C12D8243027A57254BE39B169A080B9.d.F9227B422987FB54736960AB4517752C.e.6878/attribute/aria-checked - {}
COMMAND: GET /session/c336b23a39170495adacb30ef5b99798/screenshot - {}
RESULT: {}
COMMAND: POST /session/c336b23a39170495adacb30ef5b99798/element - {"using":"xpath","value":"//table[contains(@id, \"listView-innerSelectionPanelTable-listUl\")]/tbody/tr[13]/td[2]/div/div"}
RESULT: {}
RESULT: {"using":"xpath","value":"//table[contains(@id, \"listView-innerSelectionPanelTable-listUl\")]/tbody/tr[13]/td[2]/div/div"}
COMMAND: POST /session/c336b23a39170495adacb30ef5b99798/element - {"using":"xpath","value":"//table[contains(@id, \"listView-innerSelectionPanelTable-listUl\")]/tbody/tr[13]/td[2]/div"}
RESULT: {"using":"xpath","value":"//table[contains(@id, \"listView-innerSelectionPanelTable-listUl\")]/tbody/tr[13]/td[2]/div"}
COMMAND: POST /session/c336b23a39170495adacb30ef5b99798/element - {"using":"xpath","value":"//table[contains(@id, \"listView-innerSelectionPanelTable-listUl\")]/tbody/tr[13]/td[3]/div/div/span/span[1]/bdi"}
RESULT: {"using":"xpath","value":"//table[contains(@id, \"listView-innerSelectionPanelTable-listUl\")]/tbody/tr[13]/td[3]/div/div/span/span[1]/bdi"}
COMMAND: POST /session/c336b23a39170495adacb30ef5b99798/execute/sync - {"script":"<script> [56 bytes]","args":[{"element-6066-11e4-a52e-4f735466cecf":"f.3C12D8243027A57254BE39B169A080B9.d.F9227B422987FB54736960AB4517752C.e.6882","ELEMENT":"f.3C12D8243027A57254BE39B169A080B9.d.F9227B422987FB54736960AB4517752C.e.6882"}]}
RESULT: {"script":"<script> [56 bytes]","args":[{"element-6066-11e4-a52e-4f735466cecf":"f.3C12D8243027A57254BE39B169A080B9.d.F9227B422987FB54736960AB4517752C.e.6882","ELEMENT":"f.3C12D8243027A57254BE39B169A080B9.d.F9227B422987FB54736960AB4517752C.e.6882"}]}
COMMAND: GET /session/c336b23a39170495adacb30ef5b99798/element/f.3C12D8243027A57254BE39B169A080B9.d.F9227B422987FB54736960AB4517752C.e.6881/attribute/aria-checked - {}
COMMAND: GET /session/c336b23a39170495adacb30ef5b99798/screenshot - {}
RESULT: {}
COMMAND: POST /session/c336b23a39170495adacb30ef5b99798/element - {"using":"xpath","value":"//table[contains(@id, \"listView-innerSelectionPanelTable-listUl\")]/tbody/tr[14]/td[2]/div/div"}
COMMAND: POST /session/c336b23a39170495adacb30ef5b99798/element/f.3C12D8243027A57254BE39B169A080B9.d.F9227B422987FB54736960AB4517752C.e.6880/click - {}
RESULT: {}
RESULT: {"using":"xpath","value":"//table[contains(@id, \"listView-innerSelectionPanelTable-listUl\")]/tbody/tr[14]/td[2]/div/div"}
COMMAND: POST /session/c336b23a39170495adacb30ef5b99798/element - {"using":"xpath","value":"//table[contains(@id, \"listView-innerSelectionPanelTable-listUl\")]/tbody/tr[14]/td[2]/div"}
RESULT: {}
COMMAND: GET /session/c336b23a39170495adacb30ef5b99798/screenshot - {}
RESULT: {"using":"xpath","value":"//table[contains(@id, \"listView-innerSelectionPanelTable-listUl\")]/tbody/tr[14]/td[2]/div"}
COMMAND: POST /session/c336b23a39170495adacb30ef5b99798/element - {"using":"xpath","value":"//table[contains(@id, \"listView-innerSelectionPanelTable-listUl\")]/tbody/tr[14]/td[3]/div/div/span/span[1]/bdi"}
RESULT: {}
RESULT: {"using":"xpath","value":"//table[contains(@id, \"listView-innerSelectionPanelTable-listUl\")]/tbody/tr[14]/td[3]/div/div/span/span[1]/bdi"}
COMMAND: POST /session/c336b23a39170495adacb30ef5b99798/execute/sync - {"script":"<script> [56 bytes]","args":[{"element-6066-11e4-a52e-4f735466cecf":"f.3C12D8243027A57254BE39B169A080B9.d.F9227B422987FB54736960AB4517752C.e.6886","ELEMENT":"f.3C12D8243027A57254BE39B169A080B9.d.F9227B422987FB54736960AB4517752C.e.6886"}]}
RESULT: {"script":"<script> [56 bytes]","args":[{"element-6066-11e4-a52e-4f735466cecf":"f.3C12D8243027A57254BE39B169A080B9.d.F9227B422987FB54736960AB4517752C.e.6886","ELEMENT":"f.3C12D8243027A57254BE39B169A080B9.d.F9227B422987FB54736960AB4517752C.e.6886"}]}
COMMAND: GET /session/c336b23a39170495adacb30ef5b99798/element/f.3C12D8243027A57254BE39B169A080B9.d.F9227B422987FB54736960AB4517752C.e.6885/attribute/aria-checked - {}
COMMAND: GET /session/c336b23a39170495adacb30ef5b99798/screenshot - {}
RESULT: {}
COMMAND: POST /session/c336b23a39170495adacb30ef5b99798/element - {"using":"xpath","value":"//table[contains(@id, \"listView-innerSelectionPanelTable-listUl\")]/tbody/tr[15]/td[2]/div/div"}
RESULT: {}
RESULT: {"using":"xpath","value":"//table[contains(@id, \"listView-innerSelectionPanelTable-listUl\")]/tbody/tr[15]/td[2]/div/div"}
COMMAND: POST /session/c336b23a39170495adacb30ef5b99798/element - {"using":"xpath","value":"//table[contains(@id, \"listView-innerSelectionPanelTable-listUl\")]/tbody/tr[15]/td[2]/div"}
RESULT: {"using":"xpath","value":"//table[contains(@id, \"listView-innerSelectionPanelTable-listUl\")]/tbody/tr[15]/td[2]/div"}
COMMAND: POST /session/c336b23a39170495adacb30ef5b99798/element - {"using":"xpath","value":"//table[contains(@id, \"listView-innerSelectionPanelTable-listUl\")]/tbody/tr[15]/td[3]/div/div/span/span[1]/bdi"}
RESULT: {"using":"xpath","value":"//table[contains(@id, \"listView-innerSelectionPanelTable-listUl\")]/tbody/tr[15]/td[3]/div/div/span/span[1]/bdi"}
COMMAND: POST /session/c336b23a39170495adacb30ef5b99798/execute/sync - {"script":"<script> [56 bytes]","args":[{"element-6066-11e4-a52e-4f735466cecf":"f.3C12D8243027A57254BE39B169A080B9.d.F9227B422987FB54736960AB4517752C.e.6889","ELEMENT":"f.3C12D8243027A57254BE39B169A080B9.d.F9227B422987FB54736960AB4517752C.e.6889"}]}
RESULT: {"script":"<script> [56 bytes]","args":[{"element-6066-11e4-a52e-4f735466cecf":"f.3C12D8243027A57254BE39B169A080B9.d.F9227B422987FB54736960AB4517752C.e.6889","ELEMENT":"f.3C12D8243027A57254BE39B169A080B9.d.F9227B422987FB54736960AB4517752C.e.6889"}]}
COMMAND: GET /session/c336b23a39170495adacb30ef5b99798/element/f.3C12D8243027A57254BE39B169A080B9.d.F9227B422987FB54736960AB4517752C.e.6888/attribute/aria-checked - {}
COMMAND: GET /session/c336b23a39170495adacb30ef5b99798/screenshot - {}
RESULT: {}
COMMAND: POST /session/c336b23a39170495adacb30ef5b99798/element - {"using":"xpath","value":"//table[contains(@id, \"listView-innerSelectionPanelTable-listUl\")]/tbody/tr[16]/td[2]/div/div"}
RESULT: {}
RESULT: {"using":"xpath","value":"//table[contains(@id, \"listView-innerSelectionPanelTable-listUl\")]/tbody/tr[16]/td[2]/div/div"}
COMMAND: POST /session/c336b23a39170495adacb30ef5b99798/element - {"using":"xpath","value":"//table[contains(@id, \"listView-innerSelectionPanelTable-listUl\")]/tbody/tr[16]/td[2]/div"}
RESULT: {"using":"xpath","value":"//table[contains(@id, \"listView-innerSelectionPanelTable-listUl\")]/tbody/tr[16]/td[2]/div"}
COMMAND: POST /session/c336b23a39170495adacb30ef5b99798/element - {"using":"xpath","value":"//table[contains(@id, \"listView-innerSelectionPanelTable-listUl\")]/tbody/tr[16]/td[3]/div/div/span/span[1]/bdi"}
RESULT: {"using":"xpath","value":"//table[contains(@id, \"listView-innerSelectionPanelTable-listUl\")]/tbody/tr[16]/td[3]/div/div/span/span[1]/bdi"}
COMMAND: POST /session/c336b23a39170495adacb30ef5b99798/execute/sync - {"script":"<script> [56 bytes]","args":[{"element-6066-11e4-a52e-4f735466cecf":"f.3C12D8243027A57254BE39B169A080B9.d.F9227B422987FB54736960AB4517752C.e.6892","ELEMENT":"f.3C12D8243027A57254BE39B169A080B9.d.F9227B422987FB54736960AB4517752C.e.6892"}]}
RESULT: {"script":"<script> [56 bytes]","args":[{"element-6066-11e4-a52e-4f735466cecf":"f.3C12D8243027A57254BE39B169A080B9.d.F9227B422987FB54736960AB4517752C.e.6892","ELEMENT":"f.3C12D8243027A57254BE39B169A080B9.d.F9227B422987FB54736960AB4517752C.e.6892"}]}
COMMAND: GET /session/c336b23a39170495adacb30ef5b99798/element/f.3C12D8243027A57254BE39B169A080B9.d.F9227B422987FB54736960AB4517752C.e.6891/attribute/aria-checked - {}
COMMAND: GET /session/c336b23a39170495adacb30ef5b99798/screenshot - {}
RESULT: {}
COMMAND: POST /session/c336b23a39170495adacb30ef5b99798/element - {"using":"xpath","value":"//table[contains(@id, \"listView-innerSelectionPanelTable-listUl\")]/tbody/tr[17]/td[2]/div/div"}
RESULT: {}
RESULT: {"using":"xpath","value":"//table[contains(@id, \"listView-innerSelectionPanelTable-listUl\")]/tbody/tr[17]/td[2]/div/div"}
COMMAND: POST /session/c336b23a39170495adacb30ef5b99798/element - {"using":"xpath","value":"//table[contains(@id, \"listView-innerSelectionPanelTable-listUl\")]/tbody/tr[17]/td[2]/div"}
RESULT: {"using":"xpath","value":"//table[contains(@id, \"listView-innerSelectionPanelTable-listUl\")]/tbody/tr[17]/td[2]/div"}
COMMAND: POST /session/c336b23a39170495adacb30ef5b99798/element - {"using":"xpath","value":"//table[contains(@id, \"listView-innerSelectionPanelTable-listUl\")]/tbody/tr[17]/td[3]/div/div/span/span[1]/bdi"}
RESULT: {"using":"xpath","value":"//table[contains(@id, \"listView-innerSelectionPanelTable-listUl\")]/tbody/tr[17]/td[3]/div/div/span/span[1]/bdi"}
COMMAND: POST /session/c336b23a39170495adacb30ef5b99798/execute/sync - {"script":"<script> [56 bytes]","args":[{"element-6066-11e4-a52e-4f735466cecf":"f.3C12D8243027A57254BE39B169A080B9.d.F9227B422987FB54736960AB4517752C.e.6895","ELEMENT":"f.3C12D8243027A57254BE39B169A080B9.d.F9227B422987FB54736960AB4517752C.e.6895"}]}
RESULT: {"script":"<script> [56 bytes]","args":[{"element-6066-11e4-a52e-4f735466cecf":"f.3C12D8243027A57254BE39B169A080B9.d.F9227B422987FB54736960AB4517752C.e.6895","ELEMENT":"f.3C12D8243027A57254BE39B169A080B9.d.F9227B422987FB54736960AB4517752C.e.6895"}]}
COMMAND: GET /session/c336b23a39170495adacb30ef5b99798/element/f.3C12D8243027A57254BE39B169A080B9.d.F9227B422987FB54736960AB4517752C.e.6894/attribute/aria-checked - {}
COMMAND: GET /session/c336b23a39170495adacb30ef5b99798/screenshot - {}
RESULT: {}
COMMAND: POST /session/c336b23a39170495adacb30ef5b99798/element - {"using":"xpath","value":"//table[contains(@id, \"listView-innerSelectionPanelTable-listUl\")]/tbody/tr[18]/td[2]/div/div"}
RESULT: {}
RESULT: {"using":"xpath","value":"//table[contains(@id, \"listView-innerSelectionPanelTable-listUl\")]/tbody/tr[18]/td[2]/div/div"}
COMMAND: POST /session/c336b23a39170495adacb30ef5b99798/element - {"using":"xpath","value":"//table[contains(@id, \"listView-innerSelectionPanelTable-listUl\")]/tbody/tr[18]/td[2]/div"}
RESULT: {"using":"xpath","value":"//table[contains(@id, \"listView-innerSelectionPanelTable-listUl\")]/tbody/tr[18]/td[2]/div"}
COMMAND: POST /session/c336b23a39170495adacb30ef5b99798/element - {"using":"xpath","value":"//table[contains(@id, \"listView-innerSelectionPanelTable-listUl\")]/tbody/tr[18]/td[3]/div/div/span/span[1]/bdi"}
RESULT: {"using":"xpath","value":"//table[contains(@id, \"listView-innerSelectionPanelTable-listUl\")]/tbody/tr[18]/td[3]/div/div/span/span[1]/bdi"}
COMMAND: POST /session/c336b23a39170495adacb30ef5b99798/execute/sync - {"script":"<script> [56 bytes]","args":[{"element-6066-11e4-a52e-4f735466cecf":"f.3C12D8243027A57254BE39B169A080B9.d.F9227B422987FB54736960AB4517752C.e.6898","ELEMENT":"f.3C12D8243027A57254BE39B169A080B9.d.F9227B422987FB54736960AB4517752C.e.6898"}]}
RESULT: {"script":"<script> [56 bytes]","args":[{"element-6066-11e4-a52e-4f735466cecf":"f.3C12D8243027A57254BE39B169A080B9.d.F9227B422987FB54736960AB4517752C.e.6898","ELEMENT":"f.3C12D8243027A57254BE39B169A080B9.d.F9227B422987FB54736960AB4517752C.e.6898"}]}
COMMAND: GET /session/c336b23a39170495adacb30ef5b99798/element/f.3C12D8243027A57254BE39B169A080B9.d.F9227B422987FB54736960AB4517752C.e.6897/attribute/aria-checked - {}
COMMAND: GET /session/c336b23a39170495adacb30ef5b99798/screenshot - {}
RESULT: {}
COMMAND: POST /session/c336b23a39170495adacb30ef5b99798/element - {"using":"xpath","value":"//table[contains(@id, \"listView-innerSelectionPanelTable-listUl\")]/tbody/tr[19]/td[2]/div/div"}
RESULT: {}
RESULT: {"using":"xpath","value":"//table[contains(@id, \"listView-innerSelectionPanelTable-listUl\")]/tbody/tr[19]/td[2]/div/div"}
COMMAND: POST /session/c336b23a39170495adacb30ef5b99798/element - {"using":"xpath","value":"//table[contains(@id, \"listView-innerSelectionPanelTable-listUl\")]/tbody/tr[19]/td[2]/div"}
RESULT: {"using":"xpath","value":"//table[contains(@id, \"listView-innerSelectionPanelTable-listUl\")]/tbody/tr[19]/td[2]/div"}
COMMAND: POST /session/c336b23a39170495adacb30ef5b99798/element - {"using":"xpath","value":"//table[contains(@id, \"listView-innerSelectionPanelTable-listUl\")]/tbody/tr[19]/td[3]/div/div/span/span[1]/bdi"}
RESULT: {"using":"xpath","value":"//table[contains(@id, \"listView-innerSelectionPanelTable-listUl\")]/tbody/tr[19]/td[3]/div/div/span/span[1]/bdi"}
COMMAND: POST /session/c336b23a39170495adacb30ef5b99798/execute/sync - {"script":"<script> [56 bytes]","args":[{"element-6066-11e4-a52e-4f735466cecf":"f.3C12D8243027A57254BE39B169A080B9.d.F9227B422987FB54736960AB4517752C.e.6901","ELEMENT":"f.3C12D8243027A57254BE39B169A080B9.d.F9227B422987FB54736960AB4517752C.e.6901"}]}
RESULT: {"script":"<script> [56 bytes]","args":[{"element-6066-11e4-a52e-4f735466cecf":"f.3C12D8243027A57254BE39B169A080B9.d.F9227B422987FB54736960AB4517752C.e.6901","ELEMENT":"f.3C12D8243027A57254BE39B169A080B9.d.F9227B422987FB54736960AB4517752C.e.6901"}]}
COMMAND: GET /session/c336b23a39170495adacb30ef5b99798/element/f.3C12D8243027A57254BE39B169A080B9.d.F9227B422987FB54736960AB4517752C.e.6900/attribute/aria-checked - {}
COMMAND: GET /session/c336b23a39170495adacb30ef5b99798/screenshot - {}
RESULT: {}
COMMAND: POST /session/c336b23a39170495adacb30ef5b99798/element - {"using":"xpath","value":"//table[contains(@id, \"listView-innerSelectionPanelTable-listUl\")]/tbody/tr[20]/td[2]/div/div"}
RESULT: {}
RESULT: {"using":"xpath","value":"//table[contains(@id, \"listView-innerSelectionPanelTable-listUl\")]/tbody/tr[20]/td[2]/div/div"}
COMMAND: POST /session/c336b23a39170495adacb30ef5b99798/element - {"using":"xpath","value":"//table[contains(@id, \"listView-innerSelectionPanelTable-listUl\")]/tbody/tr[20]/td[2]/div"}
RESULT: {"using":"xpath","value":"//table[contains(@id, \"listView-innerSelectionPanelTable-listUl\")]/tbody/tr[20]/td[2]/div"}
COMMAND: POST /session/c336b23a39170495adacb30ef5b99798/element - {"using":"xpath","value":"//table[contains(@id, \"listView-innerSelectionPanelTable-listUl\")]/tbody/tr[20]/td[3]/div/div/span/span[1]/bdi"}
RESULT: {"using":"xpath","value":"//table[contains(@id, \"listView-innerSelectionPanelTable-listUl\")]/tbody/tr[20]/td[3]/div/div/span/span[1]/bdi"}
COMMAND: POST /session/c336b23a39170495adacb30ef5b99798/execute/sync - {"script":"<script> [56 bytes]","args":[{"element-6066-11e4-a52e-4f735466cecf":"f.3C12D8243027A57254BE39B169A080B9.d.F9227B422987FB54736960AB4517752C.e.6904","ELEMENT":"f.3C12D8243027A57254BE39B169A080B9.d.F9227B422987FB54736960AB4517752C.e.6904"}]}
RESULT: {"script":"<script> [56 bytes]","args":[{"element-6066-11e4-a52e-4f735466cecf":"f.3C12D8243027A57254BE39B169A080B9.d.F9227B422987FB54736960AB4517752C.e.6904","ELEMENT":"f.3C12D8243027A57254BE39B169A080B9.d.F9227B422987FB54736960AB4517752C.e.6904"}]}
COMMAND: GET /session/c336b23a39170495adacb30ef5b99798/element/f.3C12D8243027A57254BE39B169A080B9.d.F9227B422987FB54736960AB4517752C.e.6903/attribute/aria-checked - {}
COMMAND: GET /session/c336b23a39170495adacb30ef5b99798/screenshot - {}
RESULT: {}
COMMAND: POST /session/c336b23a39170495adacb30ef5b99798/element - {"using":"xpath","value":"//table[contains(@id, \"listView-innerSelectionPanelTable-listUl\")]/tbody/tr[21]/td[2]/div/div"}
RESULT: {}
RESULT: {"using":"xpath","value":"//table[contains(@id, \"listView-innerSelectionPanelTable-listUl\")]/tbody/tr[21]/td[2]/div/div"}
COMMAND: POST /session/c336b23a39170495adacb30ef5b99798/element - {"using":"xpath","value":"//table[contains(@id, \"listView-innerSelectionPanelTable-listUl\")]/tbody/tr[21]/td[2]/div"}
RESULT: {"using":"xpath","value":"//table[contains(@id, \"listView-innerSelectionPanelTable-listUl\")]/tbody/tr[21]/td[2]/div"}
COMMAND: POST /session/c336b23a39170495adacb30ef5b99798/element - {"using":"xpath","value":"//table[contains(@id, \"listView-innerSelectionPanelTable-listUl\")]/tbody/tr[21]/td[3]/div/div/span/span[1]/bdi"}
RESULT: {"using":"xpath","value":"//table[contains(@id, \"listView-innerSelectionPanelTable-listUl\")]/tbody/tr[21]/td[3]/div/div/span/span[1]/bdi"}
COMMAND: POST /session/c336b23a39170495adacb30ef5b99798/execute/sync - {"script":"<script> [56 bytes]","args":[{"element-6066-11e4-a52e-4f735466cecf":"f.3C12D8243027A57254BE39B169A080B9.d.F9227B422987FB54736960AB4517752C.e.6907","ELEMENT":"f.3C12D8243027A57254BE39B169A080B9.d.F9227B422987FB54736960AB4517752C.e.6907"}]}
RESULT: {"script":"<script> [56 bytes]","args":[{"element-6066-11e4-a52e-4f735466cecf":"f.3C12D8243027A57254BE39B169A080B9.d.F9227B422987FB54736960AB4517752C.e.6907","ELEMENT":"f.3C12D8243027A57254BE39B169A080B9.d.F9227B422987FB54736960AB4517752C.e.6907"}]}
COMMAND: GET /session/c336b23a39170495adacb30ef5b99798/element/f.3C12D8243027A57254BE39B169A080B9.d.F9227B422987FB54736960AB4517752C.e.6906/attribute/aria-checked - {}
COMMAND: GET /session/c336b23a39170495adacb30ef5b99798/screenshot - {}
RESULT: {}
COMMAND: POST /session/c336b23a39170495adacb30ef5b99798/element - {"using":"xpath","value":"//table[contains(@id, \"listView-innerSelectionPanelTable-listUl\")]/tbody/tr[22]/td[2]/div/div"}
RESULT: {}
RESULT: {"using":"xpath","value":"//table[contains(@id, \"listView-innerSelectionPanelTable-listUl\")]/tbody/tr[22]/td[2]/div/div"}
COMMAND: POST /session/c336b23a39170495adacb30ef5b99798/element - {"using":"xpath","value":"//table[contains(@id, \"listView-innerSelectionPanelTable-listUl\")]/tbody/tr[22]/td[2]/div"}
RESULT: {"using":"xpath","value":"//table[contains(@id, \"listView-innerSelectionPanelTable-listUl\")]/tbody/tr[22]/td[2]/div"}
COMMAND: POST /session/c336b23a39170495adacb30ef5b99798/element - {"using":"xpath","value":"//table[contains(@id, \"listView-innerSelectionPanelTable-listUl\")]/tbody/tr[22]/td[3]/div/div/span/span[1]/bdi"}
RESULT: {"using":"xpath","value":"//table[contains(@id, \"listView-innerSelectionPanelTable-listUl\")]/tbody/tr[22]/td[3]/div/div/span/span[1]/bdi"}
COMMAND: POST /session/c336b23a39170495adacb30ef5b99798/execute/sync - {"script":"<script> [56 bytes]","args":[{"element-6066-11e4-a52e-4f735466cecf":"f.3C12D8243027A57254BE39B169A080B9.d.F9227B422987FB54736960AB4517752C.e.6910","ELEMENT":"f.3C12D8243027A57254BE39B169A080B9.d.F9227B422987FB54736960AB4517752C.e.6910"}]}
RESULT: {"script":"<script> [56 bytes]","args":[{"element-6066-11e4-a52e-4f735466cecf":"f.3C12D8243027A57254BE39B169A080B9.d.F9227B422987FB54736960AB4517752C.e.6910","ELEMENT":"f.3C12D8243027A57254BE39B169A080B9.d.F9227B422987FB54736960AB4517752C.e.6910"}]}
COMMAND: GET /session/c336b23a39170495adacb30ef5b99798/element/f.3C12D8243027A57254BE39B169A080B9.d.F9227B422987FB54736960AB4517752C.e.6909/attribute/aria-checked - {}
COMMAND: GET /session/c336b23a39170495adacb30ef5b99798/screenshot - {}
RESULT: {}
COMMAND: POST /session/c336b23a39170495adacb30ef5b99798/element - {"using":"xpath","value":"//table[contains(@id, \"listView-innerSelectionPanelTable-listUl\")]/tbody/tr[23]/td[2]/div/div"}
RESULT: {}
RESULT: {"using":"xpath","value":"//table[contains(@id, \"listView-innerSelectionPanelTable-listUl\")]/tbody/tr[23]/td[2]/div/div"}
COMMAND: POST /session/c336b23a39170495adacb30ef5b99798/element - {"using":"xpath","value":"//table[contains(@id, \"listView-innerSelectionPanelTable-listUl\")]/tbody/tr[23]/td[2]/div"}
RESULT: {"using":"xpath","value":"//table[contains(@id, \"listView-innerSelectionPanelTable-listUl\")]/tbody/tr[23]/td[2]/div"}
COMMAND: POST /session/c336b23a39170495adacb30ef5b99798/element - {"using":"xpath","value":"//table[contains(@id, \"listView-innerSelectionPanelTable-listUl\")]/tbody/tr[23]/td[3]/div/div/span/span[1]/bdi"}
RESULT: {"using":"xpath","value":"//table[contains(@id, \"listView-innerSelectionPanelTable-listUl\")]/tbody/tr[23]/td[3]/div/div/span/span[1]/bdi"}
COMMAND: POST /session/c336b23a39170495adacb30ef5b99798/execute/sync - {"script":"<script> [56 bytes]","args":[{"element-6066-11e4-a52e-4f735466cecf":"f.3C12D8243027A57254BE39B169A080B9.d.F9227B422987FB54736960AB4517752C.e.6913","ELEMENT":"f.3C12D8243027A57254BE39B169A080B9.d.F9227B422987FB54736960AB4517752C.e.6913"}]}
RESULT: {"script":"<script> [56 bytes]","args":[{"element-6066-11e4-a52e-4f735466cecf":"f.3C12D8243027A57254BE39B169A080B9.d.F9227B422987FB54736960AB4517752C.e.6913","ELEMENT":"f.3C12D8243027A57254BE39B169A080B9.d.F9227B422987FB54736960AB4517752C.e.6913"}]}
COMMAND: GET /session/c336b23a39170495adacb30ef5b99798/element/f.3C12D8243027A57254BE39B169A080B9.d.F9227B422987FB54736960AB4517752C.e.6912/attribute/aria-checked - {}
COMMAND: GET /session/c336b23a39170495adacb30ef5b99798/screenshot - {}
RESULT: {}
COMMAND: POST /session/c336b23a39170495adacb30ef5b99798/element - {"using":"xpath","value":"//table[contains(@id, \"listView-innerSelectionPanelTable-listUl\")]/tbody/tr[24]/td[2]/div/div"}
RESULT: {}
RESULT: {"using":"xpath","value":"//table[contains(@id, \"listView-innerSelectionPanelTable-listUl\")]/tbody/tr[24]/td[2]/div/div"}
COMMAND: POST /session/c336b23a39170495adacb30ef5b99798/element - {"using":"xpath","value":"//table[contains(@id, \"listView-innerSelectionPanelTable-listUl\")]/tbody/tr[24]/td[2]/div"}
RESULT: {"using":"xpath","value":"//table[contains(@id, \"listView-innerSelectionPanelTable-listUl\")]/tbody/tr[24]/td[2]/div"}
COMMAND: POST /session/c336b23a39170495adacb30ef5b99798/element - {"using":"xpath","value":"//table[contains(@id, \"listView-innerSelectionPanelTable-listUl\")]/tbody/tr[24]/td[3]/div/div/span/span[1]/bdi"}
RESULT: {"using":"xpath","value":"//table[contains(@id, \"listView-innerSelectionPanelTable-listUl\")]/tbody/tr[24]/td[3]/div/div/span/span[1]/bdi"}
COMMAND: POST /session/c336b23a39170495adacb30ef5b99798/execute/sync - {"script":"<script> [56 bytes]","args":[{"element-6066-11e4-a52e-4f735466cecf":"f.3C12D8243027A57254BE39B169A080B9.d.F9227B422987FB54736960AB4517752C.e.6916","ELEMENT":"f.3C12D8243027A57254BE39B169A080B9.d.F9227B422987FB54736960AB4517752C.e.6916"}]}
RESULT: {"script":"<script> [56 bytes]","args":[{"element-6066-11e4-a52e-4f735466cecf":"f.3C12D8243027A57254BE39B169A080B9.d.F9227B422987FB54736960AB4517752C.e.6916","ELEMENT":"f.3C12D8243027A57254BE39B169A080B9.d.F9227B422987FB54736960AB4517752C.e.6916"}]}
COMMAND: GET /session/c336b23a39170495adacb30ef5b99798/element/f.3C12D8243027A57254BE39B169A080B9.d.F9227B422987FB54736960AB4517752C.e.6915/attribute/aria-checked - {}
COMMAND: GET /session/c336b23a39170495adacb30ef5b99798/screenshot - {}
RESULT: {}
COMMAND: POST /session/c336b23a39170495adacb30ef5b99798/element - {"using":"xpath","value":"//table[contains(@id, \"listView-innerSelectionPanelTable-listUl\")]/tbody/tr[25]/td[2]/div/div"}
RESULT: {}
RESULT: {"using":"xpath","value":"//table[contains(@id, \"listView-innerSelectionPanelTable-listUl\")]/tbody/tr[25]/td[2]/div/div"}
COMMAND: POST /session/c336b23a39170495adacb30ef5b99798/element - {"using":"xpath","value":"//table[contains(@id, \"listView-innerSelectionPanelTable-listUl\")]/tbody/tr[25]/td[2]/div"}
RESULT: {"using":"xpath","value":"//table[contains(@id, \"listView-innerSelectionPanelTable-listUl\")]/tbody/tr[25]/td[2]/div"}
COMMAND: POST /session/c336b23a39170495adacb30ef5b99798/element - {"using":"xpath","value":"//table[contains(@id, \"listView-innerSelectionPanelTable-listUl\")]/tbody/tr[25]/td[3]/div/div/span/span[1]/bdi"}
RESULT: {"using":"xpath","value":"//table[contains(@id, \"listView-innerSelectionPanelTable-listUl\")]/tbody/tr[25]/td[3]/div/div/span/span[1]/bdi"}
COMMAND: POST /session/c336b23a39170495adacb30ef5b99798/execute/sync - {"script":"<script> [56 bytes]","args":[{"element-6066-11e4-a52e-4f735466cecf":"f.3C12D8243027A57254BE39B169A080B9.d.F9227B422987FB54736960AB4517752C.e.6919","ELEMENT":"f.3C12D8243027A57254BE39B169A080B9.d.F9227B422987FB54736960AB4517752C.e.6919"}]}
RESULT: {"script":"<script> [56 bytes]","args":[{"element-6066-11e4-a52e-4f735466cecf":"f.3C12D8243027A57254BE39B169A080B9.d.F9227B422987FB54736960AB4517752C.e.6919","ELEMENT":"f.3C12D8243027A57254BE39B169A080B9.d.F9227B422987FB54736960AB4517752C.e.6919"}]}
COMMAND: GET /session/c336b23a39170495adacb30ef5b99798/element/f.3C12D8243027A57254BE39B169A080B9.d.F9227B422987FB54736960AB4517752C.e.6918/attribute/aria-checked - {}
COMMAND: GET /session/c336b23a39170495adacb30ef5b99798/screenshot - {}
RESULT: {}
COMMAND: POST /session/c336b23a39170495adacb30ef5b99798/element - {"using":"xpath","value":"//bdi[contains(text(), \"OK\")]"}
RESULT: {}
RESULT: {"using":"xpath","value":"//bdi[contains(text(), \"OK\")]"}
COMMAND: POST /session/c336b23a39170495adacb30ef5b99798/element/f.3C12D8243027A57254BE39B169A080B9.d.F9227B422987FB54736960AB4517752C.e.6920/click - {}
RESULT: {}
COMMAND: GET /session/c336b23a39170495adacb30ef5b99798/screenshot - {}
RESULT: {}
COMMAND: POST /session/c336b23a39170495adacb30ef5b99798/execute/async - {"script":"<script> [1562 bytes]","args":[{"selector":{"id":"application-managepartners-display-component---masterPtm--smartFilterBar-filterItemControlA_-LINK_TO_ADDRESSES_MAIN.CITY1-vhi"},"wdio_ui5_key":"applicationmanagepartners-display-component---masterPtm--smartFilterBar-filterItemControlA_-LINK_TO_ADDRESSES_MAIN.CITY1-vhi"}]}
RESULT: {"script":"<script> [1562 bytes]","args":[{"selector":{"id":"application-managepartners-display-component---masterPtm--smartFilterBar-filterItemControlA_-LINK_TO_ADDRESSES_MAIN.CITY1-vhi"},"wdio_ui5_key":"applicationmanagepartners-display-component---masterPtm--smartFilterBar-filterItemControlA_-LINK_TO_ADDRESSES_MAIN.CITY1-vhi"}]}
RESULT: undefined
COMMAND: POST /session/c336b23a39170495adacb30ef5b99798/element - {"using":"xpath","value":"//*[@id=\"application-managepartners-display-component---masterPtm--smartFilterBar-filterItemControlA_-LINK_TO_ADDRESSES_MAIN.CITY1-vhi\"]"}
RESULT: {"using":"xpath","value":"//*[@id=\"application-managepartners-display-component---masterPtm--smartFilterBar-filterItemControlA_-LINK_TO_ADDRESSES_MAIN.CITY1-vhi\"]"}
COMMAND: POST /session/c336b23a39170495adacb30ef5b99798/element/f.3C12D8243027A57254BE39B169A080B9.d.F9227B422987FB54736960AB4517752C.e.6934/click - {}
RESULT: {}
COMMAND: GET /session/c336b23a39170495adacb30ef5b99798/screenshot - {}
RESULT: {}
COMMAND: POST /session/c336b23a39170495adacb30ef5b99798/execute/async - {"script":"<script> [1562 bytes]","args":[{"selector":{"controlType":"sap.m.Input","viewName":"etm.portal.ui.managepartners.view.Master","viewId":"application-managepartners-display-component---masterPtm","properties":{"valueState":"None"},"searchOpenDialogs":true,"interaction":{"idSuffix":"inner"}},"wdio_ui5_key":"etmportal.ui.managepartners.view.Mastersap.m.Input{\"valueState\":\"None\"}"}]}
RESULT: {"script":"<script> [1562 bytes]","args":[{"selector":{"controlType":"sap.m.Input","viewName":"etm.portal.ui.managepartners.view.Master","viewId":"application-managepartners-display-component---masterPtm","properties":{"valueState":"None"},"searchOpenDialogs":true,"interaction":{"idSuffix":"inner"}},"wdio_ui5_key":"etmportal.ui.managepartners.view.Mastersap.m.Input{\"valueState\":\"None\"}"}]}
RESULT: undefined
COMMAND: POST /session/c336b23a39170495adacb30ef5b99798/execute/async - {"script":"<script> [776 bytes]","args":[{"enterText":"Bangalore","selector":{"controlType":"sap.m.Input","viewName":"etm.portal.ui.managepartners.view.Master","viewId":"application-managepartners-display-component---masterPtm","properties":{"valueState":"None"},"searchOpenDialogs":true,"interaction":{"idSuffix":"inner"}},"clearTextFirst":true,"interactionType":"ENTER_TEXT"}]}
RESULT: {"script":"<script> [776 bytes]","args":[{"enterText":"Bangalore","selector":{"controlType":"sap.m.Input","viewName":"etm.portal.ui.managepartners.view.Master","viewId":"application-managepartners-display-component---masterPtm","properties":{"valueState":"None"},"searchOpenDialogs":true,"interaction":{"idSuffix":"inner"}},"clearTextFirst":true,"interactionType":"ENTER_TEXT"}]}
COMMAND: POST /session/c336b23a39170495adacb30ef5b99798/actions - {"actions":[{"id":"action21","type":"key","parameters":{},"actions":[{"type":"keyDown","value":"î€‡"},{"type":"pause","duration":10},{"type":"keyUp","value":"î€‡"}]}]}
RESULT: {"actions":[{"id":"action21","type":"key","parameters":{},"actions":[{"type":"keyDown","value":"î€‡"},{"type":"pause","duration":10},{"type":"keyUp","value":"î€‡"}]}]}
COMMAND: GET /session/c336b23a39170495adacb30ef5b99798/screenshot - {}
RESULT: {}
COMMAND: POST /session/c336b23a39170495adacb30ef5b99798/element - {"using":"xpath","value":"(//bdi[contains(text(), \"OK\")])[1]"}
RESULT: {"using":"xpath","value":"(//bdi[contains(text(), \"OK\")])[1]"}
COMMAND: POST /session/c336b23a39170495adacb30ef5b99798/element/f.3C12D8243027A57254BE39B169A080B9.d.F9227B422987FB54736960AB4517752C.e.6940/click - {}
RESULT: {}
COMMAND: GET /session/c336b23a39170495adacb30ef5b99798/screenshot - {}
RESULT: {}
COMMAND: POST /session/c336b23a39170495adacb30ef5b99798/element - {"using":"xpath","value":"//span[@id=\"application-managepartners-display-component---masterPtm--smartTable-header-inner\"]"}
RESULT: {"using":"xpath","value":"//span[@id=\"application-managepartners-display-component---masterPtm--smartTable-header-inner\"]"}
COMMAND: POST /session/c336b23a39170495adacb30ef5b99798/elements - {"using":"xpath","value":"//span[@id=\"application-managepartners-display-component---masterPtm--smartTable-header-inner\"]"}
RESULT: {"using":"xpath","value":"//span[@id=\"application-managepartners-display-component---masterPtm--smartTable-header-inner\"]"}
COMMAND: POST /session/c336b23a39170495adacb30ef5b99798/execute/sync - {"script":"<script> [56 bytes]","args":[{"element-6066-11e4-a52e-4f735466cecf":"f.3C12D8243027A57254BE39B169A080B9.d.F9227B422987FB54736960AB4517752C.e.6038","ELEMENT":"f.3C12D8243027A57254BE39B169A080B9.d.F9227B422987FB54736960AB4517752C.e.6038"}]}
RESULT: {"script":"<script> [56 bytes]","args":[{"element-6066-11e4-a52e-4f735466cecf":"f.3C12D8243027A57254BE39B169A080B9.d.F9227B422987FB54736960AB4517752C.e.6038","ELEMENT":"f.3C12D8243027A57254BE39B169A080B9.d.F9227B422987FB54736960AB4517752C.e.6038"}]}
COMMAND: POST /session/c336b23a39170495adacb30ef5b99798/element - {"using":"xpath","value":"//span[contains(@title, \"Remove\")]"}
COMMAND: GET /session/c336b23a39170495adacb30ef5b99798/screenshot - {}
RESULT: {"using":"xpath","value":"//span[contains(@title, \"Remove\")]"}
COMMAND: POST /session/c336b23a39170495adacb30ef5b99798/element/f.3C12D8243027A57254BE39B169A080B9.d.F9227B422987FB54736960AB4517752C.e.7019/click - {}
RESULT: {}
RESULT: {}
COMMAND: GET /session/c336b23a39170495adacb30ef5b99798/screenshot - {}
RESULT: {}
COMMAND: POST /session/c336b23a39170495adacb30ef5b99798/element - {"using":"xpath","value":"//span[@id=\"application-managepartners-display-component---masterPtm--smartTable-header-inner\"]"}
RESULT: {"using":"xpath","value":"//span[@id=\"application-managepartners-display-component---masterPtm--smartTable-header-inner\"]"}
COMMAND: POST /session/c336b23a39170495adacb30ef5b99798/elements - {"using":"xpath","value":"//span[@id=\"application-managepartners-display-component---masterPtm--smartTable-header-inner\"]"}
RESULT: {"using":"xpath","value":"//span[@id=\"application-managepartners-display-component---masterPtm--smartTable-header-inner\"]"}
COMMAND: POST /session/c336b23a39170495adacb30ef5b99798/execute/sync - {"script":"<script> [56 bytes]","args":[{"element-6066-11e4-a52e-4f735466cecf":"f.3C12D8243027A57254BE39B169A080B9.d.F9227B422987FB54736960AB4517752C.e.6038","ELEMENT":"f.3C12D8243027A57254BE39B169A080B9.d.F9227B422987FB54736960AB4517752C.e.6038"}]}
RESULT: {"script":"<script> [56 bytes]","args":[{"element-6066-11e4-a52e-4f735466cecf":"f.3C12D8243027A57254BE39B169A080B9.d.F9227B422987FB54736960AB4517752C.e.6038","ELEMENT":"f.3C12D8243027A57254BE39B169A080B9.d.F9227B422987FB54736960AB4517752C.e.6038"}]}
COMMAND: POST /session/c336b23a39170495adacb30ef5b99798/element - {"using":"css selector","value":"#shell-header-logo"}
COMMAND: GET /session/c336b23a39170495adacb30ef5b99798/screenshot - {}
RESULT: {"using":"css selector","value":"#shell-header-logo"}
COMMAND: POST /session/c336b23a39170495adacb30ef5b99798/element/f.3C12D8243027A57254BE39B169A080B9.d.F9227B422987FB54736960AB4517752C.e.5868/click - {}
RESULT: {}
RESULT: {}
COMMAND: GET /session/c336b23a39170495adacb30ef5b99798/screenshot - {}
RESULT: {}
]]></system-out>
    </testcase>
    <testcase classname="chrome.135_0_7049_96.windows.Partner_specific_tests_US150819_US151080_US151654_US151176_US103444_US151078_US151079_US151109_US151174_US151175_US151189" name="Should try to save empty partner US151174" time="43.27">
      <system-out><![CDATA[
COMMAND: POST /session/c336b23a39170495adacb30ef5b99798/element - {"using":"xpath","value":"//li[.//span[text()=\"Manage Partners\"]]"}
RESULT: {"using":"xpath","value":"//li[.//span[text()=\"Manage Partners\"]]"}
COMMAND: POST /session/c336b23a39170495adacb30ef5b99798/element - {"using":"xpath","value":"//li[.//span[text()=\"Manage Partners\"]]"}
RESULT: {"using":"xpath","value":"//li[.//span[text()=\"Manage Partners\"]]"}
COMMAND: POST /session/c336b23a39170495adacb30ef5b99798/element - {"using":"css selector","value":"#shell-header-logo"}
RESULT: {"using":"css selector","value":"#shell-header-logo"}
COMMAND: POST /session/c336b23a39170495adacb30ef5b99798/element/f.3C12D8243027A57254BE39B169A080B9.d.F9227B422987FB54736960AB4517752C.e.7114/click - {}
COMMAND: POST /session/c336b23a39170495adacb30ef5b99798/execute/sync - {"script":"<script> [8489 bytes]","args":[{"element-6066-11e4-a52e-4f735466cecf":"f.3C12D8243027A57254BE39B169A080B9.d.F9227B422987FB54736960AB4517752C.e.7114","ELEMENT":"f.3C12D8243027A57254BE39B169A080B9.d.F9227B422987FB54736960AB4517752C.e.7114"}]}
RESULT: {}
COMMAND: GET /session/c336b23a39170495adacb30ef5b99798/screenshot - {}
RESULT: {"script":"<script> [8489 bytes]","args":[{"element-6066-11e4-a52e-4f735466cecf":"f.3C12D8243027A57254BE39B169A080B9.d.F9227B422987FB54736960AB4517752C.e.7114","ELEMENT":"f.3C12D8243027A57254BE39B169A080B9.d.F9227B422987FB54736960AB4517752C.e.7114"}]}
COMMAND: POST /session/c336b23a39170495adacb30ef5b99798/execute/sync - {"script":"<script> [5351 bytes]","args":[{"element-6066-11e4-a52e-4f735466cecf":"f.3C12D8243027A57254BE39B169A080B9.d.F9227B422987FB54736960AB4517752C.e.7114","ELEMENT":"f.3C12D8243027A57254BE39B169A080B9.d.F9227B422987FB54736960AB4517752C.e.7114"}]}
COMMAND: GET /session/c336b23a39170495adacb30ef5b99798/screenshot - {}
RESULT: {}
RESULT: {"script":"<script> [5351 bytes]","args":[{"element-6066-11e4-a52e-4f735466cecf":"f.3C12D8243027A57254BE39B169A080B9.d.F9227B422987FB54736960AB4517752C.e.7114","ELEMENT":"f.3C12D8243027A57254BE39B169A080B9.d.F9227B422987FB54736960AB4517752C.e.7114"}]}
COMMAND: GET /session/c336b23a39170495adacb30ef5b99798/screenshot - {}
RESULT: {}
RESULT: {}
RESULT: undefined
COMMAND: POST /session/c336b23a39170495adacb30ef5b99798/element - {"using":"xpath","value":"//*[@id=\"__tile30\"]"}
RESULT: {"using":"xpath","value":"//*[@id=\"__tile30\"]"}
COMMAND: POST /session/c336b23a39170495adacb30ef5b99798/element/f.3C12D8243027A57254BE39B169A080B9.d.F9227B422987FB54736960AB4517752C.e.4521/click - {}
RESULT: {}
COMMAND: POST /session/c336b23a39170495adacb30ef5b99798/element - {"using":"xpath","value":"//button[@data-kt=\"addButton\"]"}
COMMAND: GET /session/c336b23a39170495adacb30ef5b99798/screenshot - {}
RESULT: {"using":"xpath","value":"//button[@data-kt=\"addButton\"]"}
COMMAND: POST /session/c336b23a39170495adacb30ef5b99798/elements - {"using":"xpath","value":"//button[@data-kt=\"addButton\"]"}
RESULT: {}
RESULT: {"using":"xpath","value":"//button[@data-kt=\"addButton\"]"}
COMMAND: POST /session/c336b23a39170495adacb30ef5b99798/elements - {"using":"xpath","value":"//button[@data-kt=\"addButton\"]"}
RESULT: {"using":"xpath","value":"//button[@data-kt=\"addButton\"]"}
COMMAND: POST /session/c336b23a39170495adacb30ef5b99798/element - {"using":"xpath","value":"//button[@data-kt=\"addButton\"]"}
RESULT: {"using":"xpath","value":"//button[@data-kt=\"addButton\"]"}
COMMAND: POST /session/c336b23a39170495adacb30ef5b99798/execute/sync - {"script":"<script> [8489 bytes]","args":[{"element-6066-11e4-a52e-4f735466cecf":"f.3C12D8243027A57254BE39B169A080B9.d.F9227B422987FB54736960AB4517752C.e.7149","ELEMENT":"f.3C12D8243027A57254BE39B169A080B9.d.F9227B422987FB54736960AB4517752C.e.7149"}]}
RESULT: {"script":"<script> [8489 bytes]","args":[{"element-6066-11e4-a52e-4f735466cecf":"f.3C12D8243027A57254BE39B169A080B9.d.F9227B422987FB54736960AB4517752C.e.7149","ELEMENT":"f.3C12D8243027A57254BE39B169A080B9.d.F9227B422987FB54736960AB4517752C.e.7149"}]}
COMMAND: GET /session/c336b23a39170495adacb30ef5b99798/element/f.3C12D8243027A57254BE39B169A080B9.d.F9227B422987FB54736960AB4517752C.e.7149/enabled - {}
COMMAND: GET /session/c336b23a39170495adacb30ef5b99798/screenshot - {}
RESULT: {}
COMMAND: POST /session/c336b23a39170495adacb30ef5b99798/execute/sync - {"script":"<script> [8489 bytes]","args":[{"element-6066-11e4-a52e-4f735466cecf":"f.3C12D8243027A57254BE39B169A080B9.d.F9227B422987FB54736960AB4517752C.e.7149","ELEMENT":"f.3C12D8243027A57254BE39B169A080B9.d.F9227B422987FB54736960AB4517752C.e.7149"}]}
COMMAND: GET /session/c336b23a39170495adacb30ef5b99798/screenshot - {}
RESULT: {}
RESULT: {"script":"<script> [8489 bytes]","args":[{"element-6066-11e4-a52e-4f735466cecf":"f.3C12D8243027A57254BE39B169A080B9.d.F9227B422987FB54736960AB4517752C.e.7149","ELEMENT":"f.3C12D8243027A57254BE39B169A080B9.d.F9227B422987FB54736960AB4517752C.e.7149"}]}
COMMAND: POST /session/c336b23a39170495adacb30ef5b99798/execute/sync - {"script":"<script> [5351 bytes]","args":[{"element-6066-11e4-a52e-4f735466cecf":"f.3C12D8243027A57254BE39B169A080B9.d.F9227B422987FB54736960AB4517752C.e.7149","ELEMENT":"f.3C12D8243027A57254BE39B169A080B9.d.F9227B422987FB54736960AB4517752C.e.7149"}]}
COMMAND: GET /session/c336b23a39170495adacb30ef5b99798/screenshot - {}
RESULT: {}
RESULT: {"script":"<script> [5351 bytes]","args":[{"element-6066-11e4-a52e-4f735466cecf":"f.3C12D8243027A57254BE39B169A080B9.d.F9227B422987FB54736960AB4517752C.e.7149","ELEMENT":"f.3C12D8243027A57254BE39B169A080B9.d.F9227B422987FB54736960AB4517752C.e.7149"}]}
COMMAND: POST /session/c336b23a39170495adacb30ef5b99798/element/f.3C12D8243027A57254BE39B169A080B9.d.F9227B422987FB54736960AB4517752C.e.7149/click - {}
COMMAND: GET /session/c336b23a39170495adacb30ef5b99798/screenshot - {}
RESULT: {}
RESULT: {}
COMMAND: GET /session/c336b23a39170495adacb30ef5b99798/screenshot - {}
RESULT: {}
COMMAND: POST /session/c336b23a39170495adacb30ef5b99798/element - {"using":"xpath","value":"//button[@data-kt=\"saveButton\"]"}
RESULT: {}
RESULT: {"using":"xpath","value":"//button[@data-kt=\"saveButton\"]"}
COMMAND: POST /session/c336b23a39170495adacb30ef5b99798/element/f.3C12D8243027A57254BE39B169A080B9.d.F9227B422987FB54736960AB4517752C.e.7586/click - {}
RESULT: {}
COMMAND: GET /session/c336b23a39170495adacb30ef5b99798/screenshot - {}
RESULT: {}
COMMAND: POST /session/c336b23a39170495adacb30ef5b99798/element - {"using":"xpath","value":"//span[contains(@class, \"sapMMsgBoxText\")]"}
RESULT: {"using":"xpath","value":"//span[contains(@class, \"sapMMsgBoxText\")]"}
COMMAND: POST /session/c336b23a39170495adacb30ef5b99798/execute/sync - {"script":"<script> [56 bytes]","args":[{"element-6066-11e4-a52e-4f735466cecf":"f.3C12D8243027A57254BE39B169A080B9.d.F9227B422987FB54736960AB4517752C.e.7603","ELEMENT":"f.3C12D8243027A57254BE39B169A080B9.d.F9227B422987FB54736960AB4517752C.e.7603"}]}
RESULT: {"script":"<script> [56 bytes]","args":[{"element-6066-11e4-a52e-4f735466cecf":"f.3C12D8243027A57254BE39B169A080B9.d.F9227B422987FB54736960AB4517752C.e.7603","ELEMENT":"f.3C12D8243027A57254BE39B169A080B9.d.F9227B422987FB54736960AB4517752C.e.7603"}]}
COMMAND: POST /session/c336b23a39170495adacb30ef5b99798/element - {"using":"xpath","value":"(//bdi[contains(text(), \"Close\")])[1]"}
COMMAND: POST /session/c336b23a39170495adacb30ef5b99798/elements - {"using":"xpath","value":"//span[contains(@class, \"sapMMsgBoxText\")]"}
COMMAND: GET /session/c336b23a39170495adacb30ef5b99798/screenshot - {}
RESULT: {"using":"xpath","value":"//span[contains(@class, \"sapMMsgBoxText\")]"}
RESULT: {"using":"xpath","value":"(//bdi[contains(text(), \"Close\")])[1]"}
COMMAND: POST /session/c336b23a39170495adacb30ef5b99798/element/f.3C12D8243027A57254BE39B169A080B9.d.F9227B422987FB54736960AB4517752C.e.7604/click - {}
RESULT: {}
RESULT: {}
COMMAND: GET /session/c336b23a39170495adacb30ef5b99798/screenshot - {}
RESULT: {}
COMMAND: POST /session/c336b23a39170495adacb30ef5b99798/element - {"using":"css selector","value":"#shell-header-logo"}
RESULT: {"using":"css selector","value":"#shell-header-logo"}
COMMAND: POST /session/c336b23a39170495adacb30ef5b99798/element/f.3C12D8243027A57254BE39B169A080B9.d.F9227B422987FB54736960AB4517752C.e.7114/click - {}
RESULT: {}
COMMAND: GET /session/c336b23a39170495adacb30ef5b99798/screenshot - {}
RESULT: {}
]]></system-out>
    </testcase>
    <testcase classname="chrome.135_0_7049_96.windows.Partner_specific_tests_US150819_US151080_US151654_US151176_US103444_US151078_US151079_US151109_US151174_US151175_US151189" name="Should do various searches US151175" time="147.554">
      <system-out><![CDATA[
COMMAND: POST /session/c336b23a39170495adacb30ef5b99798/element - {"using":"xpath","value":"//li[.//span[text()=\"Manage Partners\"]]"}
RESULT: {"using":"xpath","value":"//li[.//span[text()=\"Manage Partners\"]]"}
COMMAND: POST /session/c336b23a39170495adacb30ef5b99798/element - {"using":"xpath","value":"//li[.//span[text()=\"Manage Partners\"]]"}
RESULT: {"using":"xpath","value":"//li[.//span[text()=\"Manage Partners\"]]"}
COMMAND: POST /session/c336b23a39170495adacb30ef5b99798/element - {"using":"css selector","value":"#shell-header-logo"}
RESULT: {"using":"css selector","value":"#shell-header-logo"}
COMMAND: POST /session/c336b23a39170495adacb30ef5b99798/element/f.3C12D8243027A57254BE39B169A080B9.d.F9227B422987FB54736960AB4517752C.e.7606/click - {}
COMMAND: POST /session/c336b23a39170495adacb30ef5b99798/execute/sync - {"script":"<script> [8489 bytes]","args":[{"element-6066-11e4-a52e-4f735466cecf":"f.3C12D8243027A57254BE39B169A080B9.d.F9227B422987FB54736960AB4517752C.e.7606","ELEMENT":"f.3C12D8243027A57254BE39B169A080B9.d.F9227B422987FB54736960AB4517752C.e.7606"}]}
RESULT: {"script":"<script> [8489 bytes]","args":[{"element-6066-11e4-a52e-4f735466cecf":"f.3C12D8243027A57254BE39B169A080B9.d.F9227B422987FB54736960AB4517752C.e.7606","ELEMENT":"f.3C12D8243027A57254BE39B169A080B9.d.F9227B422987FB54736960AB4517752C.e.7606"}]}
COMMAND: POST /session/c336b23a39170495adacb30ef5b99798/execute/sync - {"script":"<script> [5351 bytes]","args":[{"element-6066-11e4-a52e-4f735466cecf":"f.3C12D8243027A57254BE39B169A080B9.d.F9227B422987FB54736960AB4517752C.e.7606","ELEMENT":"f.3C12D8243027A57254BE39B169A080B9.d.F9227B422987FB54736960AB4517752C.e.7606"}]}
COMMAND: GET /session/c336b23a39170495adacb30ef5b99798/screenshot - {}
RESULT: {}
COMMAND: GET /session/c336b23a39170495adacb30ef5b99798/screenshot - {}
RESULT: {"script":"<script> [5351 bytes]","args":[{"element-6066-11e4-a52e-4f735466cecf":"f.3C12D8243027A57254BE39B169A080B9.d.F9227B422987FB54736960AB4517752C.e.7606","ELEMENT":"f.3C12D8243027A57254BE39B169A080B9.d.F9227B422987FB54736960AB4517752C.e.7606"}]}
COMMAND: GET /session/c336b23a39170495adacb30ef5b99798/screenshot - {}
RESULT: {}
RESULT: {}
RESULT: {}
RESULT: undefined
COMMAND: POST /session/c336b23a39170495adacb30ef5b99798/element - {"using":"xpath","value":"//*[@id=\"__tile30\"]"}
RESULT: {"using":"xpath","value":"//*[@id=\"__tile30\"]"}
COMMAND: POST /session/c336b23a39170495adacb30ef5b99798/element/f.3C12D8243027A57254BE39B169A080B9.d.F9227B422987FB54736960AB4517752C.e.4521/click - {}
RESULT: {}
COMMAND: POST /session/c336b23a39170495adacb30ef5b99798/element - {"using":"xpath","value":"//button[@data-kt=\"addButton\"]"}
COMMAND: GET /session/c336b23a39170495adacb30ef5b99798/screenshot - {}
RESULT: {"using":"xpath","value":"//button[@data-kt=\"addButton\"]"}
COMMAND: POST /session/c336b23a39170495adacb30ef5b99798/elements - {"using":"xpath","value":"//button[@data-kt=\"addButton\"]"}
RESULT: {}
RESULT: {"using":"xpath","value":"//button[@data-kt=\"addButton\"]"}
COMMAND: POST /session/c336b23a39170495adacb30ef5b99798/element - {"using":"xpath","value":"//button[@data-kt=\"addButton\"]"}
RESULT: {"using":"xpath","value":"//button[@data-kt=\"addButton\"]"}
COMMAND: POST /session/c336b23a39170495adacb30ef5b99798/execute/sync - {"script":"<script> [8489 bytes]","args":[{"element-6066-11e4-a52e-4f735466cecf":"f.3C12D8243027A57254BE39B169A080B9.d.F9227B422987FB54736960AB4517752C.e.7640","ELEMENT":"f.3C12D8243027A57254BE39B169A080B9.d.F9227B422987FB54736960AB4517752C.e.7640"}]}
RESULT: {"script":"<script> [8489 bytes]","args":[{"element-6066-11e4-a52e-4f735466cecf":"f.3C12D8243027A57254BE39B169A080B9.d.F9227B422987FB54736960AB4517752C.e.7640","ELEMENT":"f.3C12D8243027A57254BE39B169A080B9.d.F9227B422987FB54736960AB4517752C.e.7640"}]}
COMMAND: GET /session/c336b23a39170495adacb30ef5b99798/element/f.3C12D8243027A57254BE39B169A080B9.d.F9227B422987FB54736960AB4517752C.e.7640/enabled - {}
COMMAND: GET /session/c336b23a39170495adacb30ef5b99798/screenshot - {}
RESULT: {}
COMMAND: POST /session/c336b23a39170495adacb30ef5b99798/execute/sync - {"script":"<script> [8489 bytes]","args":[{"element-6066-11e4-a52e-4f735466cecf":"f.3C12D8243027A57254BE39B169A080B9.d.F9227B422987FB54736960AB4517752C.e.7640","ELEMENT":"f.3C12D8243027A57254BE39B169A080B9.d.F9227B422987FB54736960AB4517752C.e.7640"}]}
COMMAND: GET /session/c336b23a39170495adacb30ef5b99798/screenshot - {}
RESULT: {}
RESULT: {"script":"<script> [8489 bytes]","args":[{"element-6066-11e4-a52e-4f735466cecf":"f.3C12D8243027A57254BE39B169A080B9.d.F9227B422987FB54736960AB4517752C.e.7640","ELEMENT":"f.3C12D8243027A57254BE39B169A080B9.d.F9227B422987FB54736960AB4517752C.e.7640"}]}
COMMAND: POST /session/c336b23a39170495adacb30ef5b99798/execute/sync - {"script":"<script> [5351 bytes]","args":[{"element-6066-11e4-a52e-4f735466cecf":"f.3C12D8243027A57254BE39B169A080B9.d.F9227B422987FB54736960AB4517752C.e.7640","ELEMENT":"f.3C12D8243027A57254BE39B169A080B9.d.F9227B422987FB54736960AB4517752C.e.7640"}]}
COMMAND: GET /session/c336b23a39170495adacb30ef5b99798/screenshot - {}
RESULT: {}
RESULT: {"script":"<script> [5351 bytes]","args":[{"element-6066-11e4-a52e-4f735466cecf":"f.3C12D8243027A57254BE39B169A080B9.d.F9227B422987FB54736960AB4517752C.e.7640","ELEMENT":"f.3C12D8243027A57254BE39B169A080B9.d.F9227B422987FB54736960AB4517752C.e.7640"}]}
COMMAND: GET /session/c336b23a39170495adacb30ef5b99798/screenshot - {}
RESULT: {}
RESULT: {}
COMMAND: POST /session/c336b23a39170495adacb30ef5b99798/element - {"using":"xpath","value":"//span[@id=\"application-managepartners-display-component---masterPtm--smartTable-header-inner\"]"}
RESULT: {"using":"xpath","value":"//span[@id=\"application-managepartners-display-component---masterPtm--smartTable-header-inner\"]"}
COMMAND: POST /session/c336b23a39170495adacb30ef5b99798/elements - {"using":"xpath","value":"//span[@id=\"application-managepartners-display-component---masterPtm--smartTable-header-inner\"]"}
RESULT: {"using":"xpath","value":"//span[@id=\"application-managepartners-display-component---masterPtm--smartTable-header-inner\"]"}
COMMAND: POST /session/c336b23a39170495adacb30ef5b99798/execute/sync - {"script":"<script> [56 bytes]","args":[{"element-6066-11e4-a52e-4f735466cecf":"f.3C12D8243027A57254BE39B169A080B9.d.F9227B422987FB54736960AB4517752C.e.7774","ELEMENT":"f.3C12D8243027A57254BE39B169A080B9.d.F9227B422987FB54736960AB4517752C.e.7774"}]}
RESULT: {"script":"<script> [56 bytes]","args":[{"element-6066-11e4-a52e-4f735466cecf":"f.3C12D8243027A57254BE39B169A080B9.d.F9227B422987FB54736960AB4517752C.e.7774","ELEMENT":"f.3C12D8243027A57254BE39B169A080B9.d.F9227B422987FB54736960AB4517752C.e.7774"}]}
RESULT: undefined
COMMAND: POST /session/c336b23a39170495adacb30ef5b99798/element - {"using":"xpath","value":"//*[@id=\"application-managepartners-display-component---masterPtm--smartFilterBar-btnFilters\"]"}
COMMAND: GET /session/c336b23a39170495adacb30ef5b99798/screenshot - {}
RESULT: {"using":"xpath","value":"//*[@id=\"application-managepartners-display-component---masterPtm--smartFilterBar-btnFilters\"]"}
COMMAND: POST /session/c336b23a39170495adacb30ef5b99798/element/f.3C12D8243027A57254BE39B169A080B9.d.F9227B422987FB54736960AB4517752C.e.7628/click - {}
RESULT: {}
RESULT: {}
COMMAND: GET /session/c336b23a39170495adacb30ef5b99798/screenshot - {}
RESULT: {}
COMMAND: POST /session/c336b23a39170495adacb30ef5b99798/elements - {"using":"xpath","value":"//table[contains(@id, \"listView-innerSelectionPanelTable-listUl\")]/tbody/tr"}
RESULT: {"using":"xpath","value":"//table[contains(@id, \"listView-innerSelectionPanelTable-listUl\")]/tbody/tr"}
COMMAND: POST /session/c336b23a39170495adacb30ef5b99798/element - {"using":"xpath","value":"//table[contains(@id, \"listView-innerSelectionPanelTable-listUl\")]/tbody/tr[2]/td[2]/div/div"}
RESULT: {"using":"xpath","value":"//table[contains(@id, \"listView-innerSelectionPanelTable-listUl\")]/tbody/tr[2]/td[2]/div/div"}
COMMAND: POST /session/c336b23a39170495adacb30ef5b99798/element - {"using":"xpath","value":"//table[contains(@id, \"listView-innerSelectionPanelTable-listUl\")]/tbody/tr[2]/td[2]/div"}
RESULT: {"using":"xpath","value":"//table[contains(@id, \"listView-innerSelectionPanelTable-listUl\")]/tbody/tr[2]/td[2]/div"}
COMMAND: POST /session/c336b23a39170495adacb30ef5b99798/element - {"using":"xpath","value":"//table[contains(@id, \"listView-innerSelectionPanelTable-listUl\")]/tbody/tr[2]/td[3]/div/div/span/span[1]/bdi"}
RESULT: {"using":"xpath","value":"//table[contains(@id, \"listView-innerSelectionPanelTable-listUl\")]/tbody/tr[2]/td[3]/div/div/span/span[1]/bdi"}
COMMAND: POST /session/c336b23a39170495adacb30ef5b99798/execute/sync - {"script":"<script> [56 bytes]","args":[{"element-6066-11e4-a52e-4f735466cecf":"f.3C12D8243027A57254BE39B169A080B9.d.F9227B422987FB54736960AB4517752C.e.7842","ELEMENT":"f.3C12D8243027A57254BE39B169A080B9.d.F9227B422987FB54736960AB4517752C.e.7842"}]}
RESULT: {"script":"<script> [56 bytes]","args":[{"element-6066-11e4-a52e-4f735466cecf":"f.3C12D8243027A57254BE39B169A080B9.d.F9227B422987FB54736960AB4517752C.e.7842","ELEMENT":"f.3C12D8243027A57254BE39B169A080B9.d.F9227B422987FB54736960AB4517752C.e.7842"}]}
COMMAND: GET /session/c336b23a39170495adacb30ef5b99798/element/f.3C12D8243027A57254BE39B169A080B9.d.F9227B422987FB54736960AB4517752C.e.7841/attribute/aria-checked - {}
COMMAND: GET /session/c336b23a39170495adacb30ef5b99798/screenshot - {}
RESULT: {}
COMMAND: POST /session/c336b23a39170495adacb30ef5b99798/element - {"using":"xpath","value":"//table[contains(@id, \"listView-innerSelectionPanelTable-listUl\")]/tbody/tr[3]/td[2]/div/div"}
RESULT: {}
RESULT: {"using":"xpath","value":"//table[contains(@id, \"listView-innerSelectionPanelTable-listUl\")]/tbody/tr[3]/td[2]/div/div"}
COMMAND: POST /session/c336b23a39170495adacb30ef5b99798/element - {"using":"xpath","value":"//table[contains(@id, \"listView-innerSelectionPanelTable-listUl\")]/tbody/tr[3]/td[2]/div"}
RESULT: {"using":"xpath","value":"//table[contains(@id, \"listView-innerSelectionPanelTable-listUl\")]/tbody/tr[3]/td[2]/div"}
COMMAND: POST /session/c336b23a39170495adacb30ef5b99798/element - {"using":"xpath","value":"//table[contains(@id, \"listView-innerSelectionPanelTable-listUl\")]/tbody/tr[3]/td[3]/div/div/span/span[1]/bdi"}
RESULT: {"using":"xpath","value":"//table[contains(@id, \"listView-innerSelectionPanelTable-listUl\")]/tbody/tr[3]/td[3]/div/div/span/span[1]/bdi"}
COMMAND: POST /session/c336b23a39170495adacb30ef5b99798/execute/sync - {"script":"<script> [56 bytes]","args":[{"element-6066-11e4-a52e-4f735466cecf":"f.3C12D8243027A57254BE39B169A080B9.d.F9227B422987FB54736960AB4517752C.e.7845","ELEMENT":"f.3C12D8243027A57254BE39B169A080B9.d.F9227B422987FB54736960AB4517752C.e.7845"}]}
RESULT: {"script":"<script> [56 bytes]","args":[{"element-6066-11e4-a52e-4f735466cecf":"f.3C12D8243027A57254BE39B169A080B9.d.F9227B422987FB54736960AB4517752C.e.7845","ELEMENT":"f.3C12D8243027A57254BE39B169A080B9.d.F9227B422987FB54736960AB4517752C.e.7845"}]}
COMMAND: GET /session/c336b23a39170495adacb30ef5b99798/element/f.3C12D8243027A57254BE39B169A080B9.d.F9227B422987FB54736960AB4517752C.e.7844/attribute/aria-checked - {}
COMMAND: GET /session/c336b23a39170495adacb30ef5b99798/screenshot - {}
RESULT: {}
COMMAND: POST /session/c336b23a39170495adacb30ef5b99798/element - {"using":"xpath","value":"//table[contains(@id, \"listView-innerSelectionPanelTable-listUl\")]/tbody/tr[4]/td[2]/div/div"}
RESULT: {}
RESULT: {"using":"xpath","value":"//table[contains(@id, \"listView-innerSelectionPanelTable-listUl\")]/tbody/tr[4]/td[2]/div/div"}
COMMAND: POST /session/c336b23a39170495adacb30ef5b99798/element - {"using":"xpath","value":"//table[contains(@id, \"listView-innerSelectionPanelTable-listUl\")]/tbody/tr[4]/td[2]/div"}
RESULT: {"using":"xpath","value":"//table[contains(@id, \"listView-innerSelectionPanelTable-listUl\")]/tbody/tr[4]/td[2]/div"}
COMMAND: POST /session/c336b23a39170495adacb30ef5b99798/element - {"using":"xpath","value":"//table[contains(@id, \"listView-innerSelectionPanelTable-listUl\")]/tbody/tr[4]/td[3]/div/div/span/span[1]/bdi"}
RESULT: {"using":"xpath","value":"//table[contains(@id, \"listView-innerSelectionPanelTable-listUl\")]/tbody/tr[4]/td[3]/div/div/span/span[1]/bdi"}
COMMAND: POST /session/c336b23a39170495adacb30ef5b99798/execute/sync - {"script":"<script> [56 bytes]","args":[{"element-6066-11e4-a52e-4f735466cecf":"f.3C12D8243027A57254BE39B169A080B9.d.F9227B422987FB54736960AB4517752C.e.7848","ELEMENT":"f.3C12D8243027A57254BE39B169A080B9.d.F9227B422987FB54736960AB4517752C.e.7848"}]}
RESULT: {"script":"<script> [56 bytes]","args":[{"element-6066-11e4-a52e-4f735466cecf":"f.3C12D8243027A57254BE39B169A080B9.d.F9227B422987FB54736960AB4517752C.e.7848","ELEMENT":"f.3C12D8243027A57254BE39B169A080B9.d.F9227B422987FB54736960AB4517752C.e.7848"}]}
COMMAND: GET /session/c336b23a39170495adacb30ef5b99798/element/f.3C12D8243027A57254BE39B169A080B9.d.F9227B422987FB54736960AB4517752C.e.7847/attribute/aria-checked - {}
COMMAND: GET /session/c336b23a39170495adacb30ef5b99798/screenshot - {}
RESULT: {}
COMMAND: POST /session/c336b23a39170495adacb30ef5b99798/element - {"using":"xpath","value":"//table[contains(@id, \"listView-innerSelectionPanelTable-listUl\")]/tbody/tr[5]/td[2]/div/div"}
RESULT: {}
RESULT: {"using":"xpath","value":"//table[contains(@id, \"listView-innerSelectionPanelTable-listUl\")]/tbody/tr[5]/td[2]/div/div"}
COMMAND: POST /session/c336b23a39170495adacb30ef5b99798/element - {"using":"xpath","value":"//table[contains(@id, \"listView-innerSelectionPanelTable-listUl\")]/tbody/tr[5]/td[2]/div"}
RESULT: {"using":"xpath","value":"//table[contains(@id, \"listView-innerSelectionPanelTable-listUl\")]/tbody/tr[5]/td[2]/div"}
COMMAND: POST /session/c336b23a39170495adacb30ef5b99798/element - {"using":"xpath","value":"//table[contains(@id, \"listView-innerSelectionPanelTable-listUl\")]/tbody/tr[5]/td[3]/div/div/span/span[1]/bdi"}
RESULT: {"using":"xpath","value":"//table[contains(@id, \"listView-innerSelectionPanelTable-listUl\")]/tbody/tr[5]/td[3]/div/div/span/span[1]/bdi"}
COMMAND: POST /session/c336b23a39170495adacb30ef5b99798/execute/sync - {"script":"<script> [56 bytes]","args":[{"element-6066-11e4-a52e-4f735466cecf":"f.3C12D8243027A57254BE39B169A080B9.d.F9227B422987FB54736960AB4517752C.e.7851","ELEMENT":"f.3C12D8243027A57254BE39B169A080B9.d.F9227B422987FB54736960AB4517752C.e.7851"}]}
RESULT: {"script":"<script> [56 bytes]","args":[{"element-6066-11e4-a52e-4f735466cecf":"f.3C12D8243027A57254BE39B169A080B9.d.F9227B422987FB54736960AB4517752C.e.7851","ELEMENT":"f.3C12D8243027A57254BE39B169A080B9.d.F9227B422987FB54736960AB4517752C.e.7851"}]}
COMMAND: GET /session/c336b23a39170495adacb30ef5b99798/element/f.3C12D8243027A57254BE39B169A080B9.d.F9227B422987FB54736960AB4517752C.e.7850/attribute/aria-checked - {}
COMMAND: GET /session/c336b23a39170495adacb30ef5b99798/screenshot - {}
RESULT: {}
COMMAND: POST /session/c336b23a39170495adacb30ef5b99798/element - {"using":"xpath","value":"//table[contains(@id, \"listView-innerSelectionPanelTable-listUl\")]/tbody/tr[6]/td[2]/div/div"}
RESULT: {}
RESULT: {"using":"xpath","value":"//table[contains(@id, \"listView-innerSelectionPanelTable-listUl\")]/tbody/tr[6]/td[2]/div/div"}
COMMAND: POST /session/c336b23a39170495adacb30ef5b99798/element - {"using":"xpath","value":"//table[contains(@id, \"listView-innerSelectionPanelTable-listUl\")]/tbody/tr[6]/td[2]/div"}
RESULT: {"using":"xpath","value":"//table[contains(@id, \"listView-innerSelectionPanelTable-listUl\")]/tbody/tr[6]/td[2]/div"}
COMMAND: POST /session/c336b23a39170495adacb30ef5b99798/element - {"using":"xpath","value":"//table[contains(@id, \"listView-innerSelectionPanelTable-listUl\")]/tbody/tr[6]/td[3]/div/div/span/span[1]/bdi"}
RESULT: {"using":"xpath","value":"//table[contains(@id, \"listView-innerSelectionPanelTable-listUl\")]/tbody/tr[6]/td[3]/div/div/span/span[1]/bdi"}
COMMAND: POST /session/c336b23a39170495adacb30ef5b99798/execute/sync - {"script":"<script> [56 bytes]","args":[{"element-6066-11e4-a52e-4f735466cecf":"f.3C12D8243027A57254BE39B169A080B9.d.F9227B422987FB54736960AB4517752C.e.7854","ELEMENT":"f.3C12D8243027A57254BE39B169A080B9.d.F9227B422987FB54736960AB4517752C.e.7854"}]}
RESULT: {"script":"<script> [56 bytes]","args":[{"element-6066-11e4-a52e-4f735466cecf":"f.3C12D8243027A57254BE39B169A080B9.d.F9227B422987FB54736960AB4517752C.e.7854","ELEMENT":"f.3C12D8243027A57254BE39B169A080B9.d.F9227B422987FB54736960AB4517752C.e.7854"}]}
COMMAND: GET /session/c336b23a39170495adacb30ef5b99798/element/f.3C12D8243027A57254BE39B169A080B9.d.F9227B422987FB54736960AB4517752C.e.7853/attribute/aria-checked - {}
COMMAND: GET /session/c336b23a39170495adacb30ef5b99798/screenshot - {}
RESULT: {}
COMMAND: POST /session/c336b23a39170495adacb30ef5b99798/element - {"using":"xpath","value":"//table[contains(@id, \"listView-innerSelectionPanelTable-listUl\")]/tbody/tr[7]/td[2]/div/div"}
RESULT: {}
RESULT: {"using":"xpath","value":"//table[contains(@id, \"listView-innerSelectionPanelTable-listUl\")]/tbody/tr[7]/td[2]/div/div"}
COMMAND: POST /session/c336b23a39170495adacb30ef5b99798/element - {"using":"xpath","value":"//table[contains(@id, \"listView-innerSelectionPanelTable-listUl\")]/tbody/tr[7]/td[2]/div"}
RESULT: {"using":"xpath","value":"//table[contains(@id, \"listView-innerSelectionPanelTable-listUl\")]/tbody/tr[7]/td[2]/div"}
COMMAND: POST /session/c336b23a39170495adacb30ef5b99798/element - {"using":"xpath","value":"//table[contains(@id, \"listView-innerSelectionPanelTable-listUl\")]/tbody/tr[7]/td[3]/div/div/span/span[1]/bdi"}
RESULT: {"using":"xpath","value":"//table[contains(@id, \"listView-innerSelectionPanelTable-listUl\")]/tbody/tr[7]/td[3]/div/div/span/span[1]/bdi"}
COMMAND: POST /session/c336b23a39170495adacb30ef5b99798/execute/sync - {"script":"<script> [56 bytes]","args":[{"element-6066-11e4-a52e-4f735466cecf":"f.3C12D8243027A57254BE39B169A080B9.d.F9227B422987FB54736960AB4517752C.e.7857","ELEMENT":"f.3C12D8243027A57254BE39B169A080B9.d.F9227B422987FB54736960AB4517752C.e.7857"}]}
RESULT: {"script":"<script> [56 bytes]","args":[{"element-6066-11e4-a52e-4f735466cecf":"f.3C12D8243027A57254BE39B169A080B9.d.F9227B422987FB54736960AB4517752C.e.7857","ELEMENT":"f.3C12D8243027A57254BE39B169A080B9.d.F9227B422987FB54736960AB4517752C.e.7857"}]}
COMMAND: GET /session/c336b23a39170495adacb30ef5b99798/element/f.3C12D8243027A57254BE39B169A080B9.d.F9227B422987FB54736960AB4517752C.e.7856/attribute/aria-checked - {}
COMMAND: GET /session/c336b23a39170495adacb30ef5b99798/screenshot - {}
RESULT: {}
COMMAND: POST /session/c336b23a39170495adacb30ef5b99798/element - {"using":"xpath","value":"//table[contains(@id, \"listView-innerSelectionPanelTable-listUl\")]/tbody/tr[8]/td[2]/div/div"}
RESULT: {}
RESULT: {"using":"xpath","value":"//table[contains(@id, \"listView-innerSelectionPanelTable-listUl\")]/tbody/tr[8]/td[2]/div/div"}
COMMAND: POST /session/c336b23a39170495adacb30ef5b99798/element - {"using":"xpath","value":"//table[contains(@id, \"listView-innerSelectionPanelTable-listUl\")]/tbody/tr[8]/td[2]/div"}
RESULT: {"using":"xpath","value":"//table[contains(@id, \"listView-innerSelectionPanelTable-listUl\")]/tbody/tr[8]/td[2]/div"}
COMMAND: POST /session/c336b23a39170495adacb30ef5b99798/element - {"using":"xpath","value":"//table[contains(@id, \"listView-innerSelectionPanelTable-listUl\")]/tbody/tr[8]/td[3]/div/div/span/span[1]/bdi"}
RESULT: {"using":"xpath","value":"//table[contains(@id, \"listView-innerSelectionPanelTable-listUl\")]/tbody/tr[8]/td[3]/div/div/span/span[1]/bdi"}
COMMAND: POST /session/c336b23a39170495adacb30ef5b99798/execute/sync - {"script":"<script> [56 bytes]","args":[{"element-6066-11e4-a52e-4f735466cecf":"f.3C12D8243027A57254BE39B169A080B9.d.F9227B422987FB54736960AB4517752C.e.7860","ELEMENT":"f.3C12D8243027A57254BE39B169A080B9.d.F9227B422987FB54736960AB4517752C.e.7860"}]}
RESULT: {"script":"<script> [56 bytes]","args":[{"element-6066-11e4-a52e-4f735466cecf":"f.3C12D8243027A57254BE39B169A080B9.d.F9227B422987FB54736960AB4517752C.e.7860","ELEMENT":"f.3C12D8243027A57254BE39B169A080B9.d.F9227B422987FB54736960AB4517752C.e.7860"}]}
COMMAND: GET /session/c336b23a39170495adacb30ef5b99798/element/f.3C12D8243027A57254BE39B169A080B9.d.F9227B422987FB54736960AB4517752C.e.7859/attribute/aria-checked - {}
COMMAND: GET /session/c336b23a39170495adacb30ef5b99798/screenshot - {}
RESULT: {}
COMMAND: POST /session/c336b23a39170495adacb30ef5b99798/element - {"using":"xpath","value":"//table[contains(@id, \"listView-innerSelectionPanelTable-listUl\")]/tbody/tr[9]/td[2]/div/div"}
RESULT: {}
RESULT: {"using":"xpath","value":"//table[contains(@id, \"listView-innerSelectionPanelTable-listUl\")]/tbody/tr[9]/td[2]/div/div"}
COMMAND: POST /session/c336b23a39170495adacb30ef5b99798/element - {"using":"xpath","value":"//table[contains(@id, \"listView-innerSelectionPanelTable-listUl\")]/tbody/tr[9]/td[2]/div"}
RESULT: {"using":"xpath","value":"//table[contains(@id, \"listView-innerSelectionPanelTable-listUl\")]/tbody/tr[9]/td[2]/div"}
COMMAND: POST /session/c336b23a39170495adacb30ef5b99798/element - {"using":"xpath","value":"//table[contains(@id, \"listView-innerSelectionPanelTable-listUl\")]/tbody/tr[9]/td[3]/div/div/span/span[1]/bdi"}
RESULT: {"using":"xpath","value":"//table[contains(@id, \"listView-innerSelectionPanelTable-listUl\")]/tbody/tr[9]/td[3]/div/div/span/span[1]/bdi"}
COMMAND: POST /session/c336b23a39170495adacb30ef5b99798/execute/sync - {"script":"<script> [56 bytes]","args":[{"element-6066-11e4-a52e-4f735466cecf":"f.3C12D8243027A57254BE39B169A080B9.d.F9227B422987FB54736960AB4517752C.e.7863","ELEMENT":"f.3C12D8243027A57254BE39B169A080B9.d.F9227B422987FB54736960AB4517752C.e.7863"}]}
RESULT: {"script":"<script> [56 bytes]","args":[{"element-6066-11e4-a52e-4f735466cecf":"f.3C12D8243027A57254BE39B169A080B9.d.F9227B422987FB54736960AB4517752C.e.7863","ELEMENT":"f.3C12D8243027A57254BE39B169A080B9.d.F9227B422987FB54736960AB4517752C.e.7863"}]}
COMMAND: GET /session/c336b23a39170495adacb30ef5b99798/element/f.3C12D8243027A57254BE39B169A080B9.d.F9227B422987FB54736960AB4517752C.e.7862/attribute/aria-checked - {}
COMMAND: GET /session/c336b23a39170495adacb30ef5b99798/screenshot - {}
RESULT: {}
COMMAND: POST /session/c336b23a39170495adacb30ef5b99798/element - {"using":"xpath","value":"//table[contains(@id, \"listView-innerSelectionPanelTable-listUl\")]/tbody/tr[10]/td[2]/div/div"}
RESULT: {}
RESULT: {"using":"xpath","value":"//table[contains(@id, \"listView-innerSelectionPanelTable-listUl\")]/tbody/tr[10]/td[2]/div/div"}
COMMAND: POST /session/c336b23a39170495adacb30ef5b99798/element - {"using":"xpath","value":"//table[contains(@id, \"listView-innerSelectionPanelTable-listUl\")]/tbody/tr[10]/td[2]/div"}
RESULT: {"using":"xpath","value":"//table[contains(@id, \"listView-innerSelectionPanelTable-listUl\")]/tbody/tr[10]/td[2]/div"}
COMMAND: POST /session/c336b23a39170495adacb30ef5b99798/element - {"using":"xpath","value":"//table[contains(@id, \"listView-innerSelectionPanelTable-listUl\")]/tbody/tr[10]/td[3]/div/div/span/span[1]/bdi"}
RESULT: {"using":"xpath","value":"//table[contains(@id, \"listView-innerSelectionPanelTable-listUl\")]/tbody/tr[10]/td[3]/div/div/span/span[1]/bdi"}
COMMAND: POST /session/c336b23a39170495adacb30ef5b99798/execute/sync - {"script":"<script> [56 bytes]","args":[{"element-6066-11e4-a52e-4f735466cecf":"f.3C12D8243027A57254BE39B169A080B9.d.F9227B422987FB54736960AB4517752C.e.7866","ELEMENT":"f.3C12D8243027A57254BE39B169A080B9.d.F9227B422987FB54736960AB4517752C.e.7866"}]}
RESULT: {"script":"<script> [56 bytes]","args":[{"element-6066-11e4-a52e-4f735466cecf":"f.3C12D8243027A57254BE39B169A080B9.d.F9227B422987FB54736960AB4517752C.e.7866","ELEMENT":"f.3C12D8243027A57254BE39B169A080B9.d.F9227B422987FB54736960AB4517752C.e.7866"}]}
COMMAND: GET /session/c336b23a39170495adacb30ef5b99798/element/f.3C12D8243027A57254BE39B169A080B9.d.F9227B422987FB54736960AB4517752C.e.7865/attribute/aria-checked - {}
COMMAND: GET /session/c336b23a39170495adacb30ef5b99798/screenshot - {}
RESULT: {}
COMMAND: POST /session/c336b23a39170495adacb30ef5b99798/element - {"using":"xpath","value":"//table[contains(@id, \"listView-innerSelectionPanelTable-listUl\")]/tbody/tr[11]/td[2]/div/div"}
RESULT: {}
RESULT: {"using":"xpath","value":"//table[contains(@id, \"listView-innerSelectionPanelTable-listUl\")]/tbody/tr[11]/td[2]/div/div"}
COMMAND: POST /session/c336b23a39170495adacb30ef5b99798/element - {"using":"xpath","value":"//table[contains(@id, \"listView-innerSelectionPanelTable-listUl\")]/tbody/tr[11]/td[2]/div"}
RESULT: {"using":"xpath","value":"//table[contains(@id, \"listView-innerSelectionPanelTable-listUl\")]/tbody/tr[11]/td[2]/div"}
COMMAND: POST /session/c336b23a39170495adacb30ef5b99798/element - {"using":"xpath","value":"//table[contains(@id, \"listView-innerSelectionPanelTable-listUl\")]/tbody/tr[11]/td[3]/div/div/span/span[1]/bdi"}
RESULT: {"using":"xpath","value":"//table[contains(@id, \"listView-innerSelectionPanelTable-listUl\")]/tbody/tr[11]/td[3]/div/div/span/span[1]/bdi"}
COMMAND: POST /session/c336b23a39170495adacb30ef5b99798/execute/sync - {"script":"<script> [56 bytes]","args":[{"element-6066-11e4-a52e-4f735466cecf":"f.3C12D8243027A57254BE39B169A080B9.d.F9227B422987FB54736960AB4517752C.e.7869","ELEMENT":"f.3C12D8243027A57254BE39B169A080B9.d.F9227B422987FB54736960AB4517752C.e.7869"}]}
RESULT: {"script":"<script> [56 bytes]","args":[{"element-6066-11e4-a52e-4f735466cecf":"f.3C12D8243027A57254BE39B169A080B9.d.F9227B422987FB54736960AB4517752C.e.7869","ELEMENT":"f.3C12D8243027A57254BE39B169A080B9.d.F9227B422987FB54736960AB4517752C.e.7869"}]}
COMMAND: GET /session/c336b23a39170495adacb30ef5b99798/element/f.3C12D8243027A57254BE39B169A080B9.d.F9227B422987FB54736960AB4517752C.e.7868/attribute/aria-checked - {}
COMMAND: GET /session/c336b23a39170495adacb30ef5b99798/screenshot - {}
RESULT: {}
COMMAND: POST /session/c336b23a39170495adacb30ef5b99798/element - {"using":"xpath","value":"//table[contains(@id, \"listView-innerSelectionPanelTable-listUl\")]/tbody/tr[12]/td[2]/div/div"}
RESULT: {}
RESULT: {"using":"xpath","value":"//table[contains(@id, \"listView-innerSelectionPanelTable-listUl\")]/tbody/tr[12]/td[2]/div/div"}
COMMAND: POST /session/c336b23a39170495adacb30ef5b99798/element - {"using":"xpath","value":"//table[contains(@id, \"listView-innerSelectionPanelTable-listUl\")]/tbody/tr[12]/td[2]/div"}
RESULT: {"using":"xpath","value":"//table[contains(@id, \"listView-innerSelectionPanelTable-listUl\")]/tbody/tr[12]/td[2]/div"}
COMMAND: POST /session/c336b23a39170495adacb30ef5b99798/element - {"using":"xpath","value":"//table[contains(@id, \"listView-innerSelectionPanelTable-listUl\")]/tbody/tr[12]/td[3]/div/div/span/span[1]/bdi"}
RESULT: {"using":"xpath","value":"//table[contains(@id, \"listView-innerSelectionPanelTable-listUl\")]/tbody/tr[12]/td[3]/div/div/span/span[1]/bdi"}
COMMAND: POST /session/c336b23a39170495adacb30ef5b99798/execute/sync - {"script":"<script> [56 bytes]","args":[{"element-6066-11e4-a52e-4f735466cecf":"f.3C12D8243027A57254BE39B169A080B9.d.F9227B422987FB54736960AB4517752C.e.7872","ELEMENT":"f.3C12D8243027A57254BE39B169A080B9.d.F9227B422987FB54736960AB4517752C.e.7872"}]}
RESULT: {"script":"<script> [56 bytes]","args":[{"element-6066-11e4-a52e-4f735466cecf":"f.3C12D8243027A57254BE39B169A080B9.d.F9227B422987FB54736960AB4517752C.e.7872","ELEMENT":"f.3C12D8243027A57254BE39B169A080B9.d.F9227B422987FB54736960AB4517752C.e.7872"}]}
COMMAND: GET /session/c336b23a39170495adacb30ef5b99798/element/f.3C12D8243027A57254BE39B169A080B9.d.F9227B422987FB54736960AB4517752C.e.7871/attribute/aria-checked - {}
COMMAND: GET /session/c336b23a39170495adacb30ef5b99798/screenshot - {}
RESULT: {}
COMMAND: POST /session/c336b23a39170495adacb30ef5b99798/element - {"using":"xpath","value":"//table[contains(@id, \"listView-innerSelectionPanelTable-listUl\")]/tbody/tr[13]/td[2]/div/div"}
RESULT: {}
RESULT: {"using":"xpath","value":"//table[contains(@id, \"listView-innerSelectionPanelTable-listUl\")]/tbody/tr[13]/td[2]/div/div"}
COMMAND: POST /session/c336b23a39170495adacb30ef5b99798/element - {"using":"xpath","value":"//table[contains(@id, \"listView-innerSelectionPanelTable-listUl\")]/tbody/tr[13]/td[2]/div"}
RESULT: {"using":"xpath","value":"//table[contains(@id, \"listView-innerSelectionPanelTable-listUl\")]/tbody/tr[13]/td[2]/div"}
COMMAND: POST /session/c336b23a39170495adacb30ef5b99798/element - {"using":"xpath","value":"//table[contains(@id, \"listView-innerSelectionPanelTable-listUl\")]/tbody/tr[13]/td[3]/div/div/span/span[1]/bdi"}
RESULT: {"using":"xpath","value":"//table[contains(@id, \"listView-innerSelectionPanelTable-listUl\")]/tbody/tr[13]/td[3]/div/div/span/span[1]/bdi"}
COMMAND: POST /session/c336b23a39170495adacb30ef5b99798/execute/sync - {"script":"<script> [56 bytes]","args":[{"element-6066-11e4-a52e-4f735466cecf":"f.3C12D8243027A57254BE39B169A080B9.d.F9227B422987FB54736960AB4517752C.e.7875","ELEMENT":"f.3C12D8243027A57254BE39B169A080B9.d.F9227B422987FB54736960AB4517752C.e.7875"}]}
RESULT: {"script":"<script> [56 bytes]","args":[{"element-6066-11e4-a52e-4f735466cecf":"f.3C12D8243027A57254BE39B169A080B9.d.F9227B422987FB54736960AB4517752C.e.7875","ELEMENT":"f.3C12D8243027A57254BE39B169A080B9.d.F9227B422987FB54736960AB4517752C.e.7875"}]}
COMMAND: GET /session/c336b23a39170495adacb30ef5b99798/element/f.3C12D8243027A57254BE39B169A080B9.d.F9227B422987FB54736960AB4517752C.e.7874/attribute/aria-checked - {}
COMMAND: GET /session/c336b23a39170495adacb30ef5b99798/screenshot - {}
RESULT: {}
COMMAND: POST /session/c336b23a39170495adacb30ef5b99798/element - {"using":"xpath","value":"//table[contains(@id, \"listView-innerSelectionPanelTable-listUl\")]/tbody/tr[14]/td[2]/div/div"}
RESULT: {}
RESULT: {"using":"xpath","value":"//table[contains(@id, \"listView-innerSelectionPanelTable-listUl\")]/tbody/tr[14]/td[2]/div/div"}
COMMAND: POST /session/c336b23a39170495adacb30ef5b99798/element - {"using":"xpath","value":"//table[contains(@id, \"listView-innerSelectionPanelTable-listUl\")]/tbody/tr[14]/td[2]/div"}
RESULT: {"using":"xpath","value":"//table[contains(@id, \"listView-innerSelectionPanelTable-listUl\")]/tbody/tr[14]/td[2]/div"}
COMMAND: POST /session/c336b23a39170495adacb30ef5b99798/element - {"using":"xpath","value":"//table[contains(@id, \"listView-innerSelectionPanelTable-listUl\")]/tbody/tr[14]/td[3]/div/div/span/span[1]/bdi"}
RESULT: {"using":"xpath","value":"//table[contains(@id, \"listView-innerSelectionPanelTable-listUl\")]/tbody/tr[14]/td[3]/div/div/span/span[1]/bdi"}
COMMAND: POST /session/c336b23a39170495adacb30ef5b99798/execute/sync - {"script":"<script> [56 bytes]","args":[{"element-6066-11e4-a52e-4f735466cecf":"f.3C12D8243027A57254BE39B169A080B9.d.F9227B422987FB54736960AB4517752C.e.7878","ELEMENT":"f.3C12D8243027A57254BE39B169A080B9.d.F9227B422987FB54736960AB4517752C.e.7878"}]}
RESULT: {"script":"<script> [56 bytes]","args":[{"element-6066-11e4-a52e-4f735466cecf":"f.3C12D8243027A57254BE39B169A080B9.d.F9227B422987FB54736960AB4517752C.e.7878","ELEMENT":"f.3C12D8243027A57254BE39B169A080B9.d.F9227B422987FB54736960AB4517752C.e.7878"}]}
COMMAND: GET /session/c336b23a39170495adacb30ef5b99798/element/f.3C12D8243027A57254BE39B169A080B9.d.F9227B422987FB54736960AB4517752C.e.7877/attribute/aria-checked - {}
COMMAND: GET /session/c336b23a39170495adacb30ef5b99798/screenshot - {}
RESULT: {}
COMMAND: POST /session/c336b23a39170495adacb30ef5b99798/element - {"using":"xpath","value":"//table[contains(@id, \"listView-innerSelectionPanelTable-listUl\")]/tbody/tr[15]/td[2]/div/div"}
RESULT: {}
RESULT: {"using":"xpath","value":"//table[contains(@id, \"listView-innerSelectionPanelTable-listUl\")]/tbody/tr[15]/td[2]/div/div"}
COMMAND: POST /session/c336b23a39170495adacb30ef5b99798/element - {"using":"xpath","value":"//table[contains(@id, \"listView-innerSelectionPanelTable-listUl\")]/tbody/tr[15]/td[2]/div"}
RESULT: {"using":"xpath","value":"//table[contains(@id, \"listView-innerSelectionPanelTable-listUl\")]/tbody/tr[15]/td[2]/div"}
COMMAND: POST /session/c336b23a39170495adacb30ef5b99798/element - {"using":"xpath","value":"//table[contains(@id, \"listView-innerSelectionPanelTable-listUl\")]/tbody/tr[15]/td[3]/div/div/span/span[1]/bdi"}
RESULT: {"using":"xpath","value":"//table[contains(@id, \"listView-innerSelectionPanelTable-listUl\")]/tbody/tr[15]/td[3]/div/div/span/span[1]/bdi"}
COMMAND: POST /session/c336b23a39170495adacb30ef5b99798/execute/sync - {"script":"<script> [56 bytes]","args":[{"element-6066-11e4-a52e-4f735466cecf":"f.3C12D8243027A57254BE39B169A080B9.d.F9227B422987FB54736960AB4517752C.e.7881","ELEMENT":"f.3C12D8243027A57254BE39B169A080B9.d.F9227B422987FB54736960AB4517752C.e.7881"}]}
RESULT: {"script":"<script> [56 bytes]","args":[{"element-6066-11e4-a52e-4f735466cecf":"f.3C12D8243027A57254BE39B169A080B9.d.F9227B422987FB54736960AB4517752C.e.7881","ELEMENT":"f.3C12D8243027A57254BE39B169A080B9.d.F9227B422987FB54736960AB4517752C.e.7881"}]}
COMMAND: GET /session/c336b23a39170495adacb30ef5b99798/element/f.3C12D8243027A57254BE39B169A080B9.d.F9227B422987FB54736960AB4517752C.e.7880/attribute/aria-checked - {}
COMMAND: GET /session/c336b23a39170495adacb30ef5b99798/screenshot - {}
RESULT: {}
COMMAND: POST /session/c336b23a39170495adacb30ef5b99798/element - {"using":"xpath","value":"//table[contains(@id, \"listView-innerSelectionPanelTable-listUl\")]/tbody/tr[16]/td[2]/div/div"}
RESULT: {}
RESULT: {"using":"xpath","value":"//table[contains(@id, \"listView-innerSelectionPanelTable-listUl\")]/tbody/tr[16]/td[2]/div/div"}
COMMAND: POST /session/c336b23a39170495adacb30ef5b99798/element - {"using":"xpath","value":"//table[contains(@id, \"listView-innerSelectionPanelTable-listUl\")]/tbody/tr[16]/td[2]/div"}
RESULT: {"using":"xpath","value":"//table[contains(@id, \"listView-innerSelectionPanelTable-listUl\")]/tbody/tr[16]/td[2]/div"}
COMMAND: POST /session/c336b23a39170495adacb30ef5b99798/element - {"using":"xpath","value":"//table[contains(@id, \"listView-innerSelectionPanelTable-listUl\")]/tbody/tr[16]/td[3]/div/div/span/span[1]/bdi"}
RESULT: {"using":"xpath","value":"//table[contains(@id, \"listView-innerSelectionPanelTable-listUl\")]/tbody/tr[16]/td[3]/div/div/span/span[1]/bdi"}
COMMAND: POST /session/c336b23a39170495adacb30ef5b99798/execute/sync - {"script":"<script> [56 bytes]","args":[{"element-6066-11e4-a52e-4f735466cecf":"f.3C12D8243027A57254BE39B169A080B9.d.F9227B422987FB54736960AB4517752C.e.7884","ELEMENT":"f.3C12D8243027A57254BE39B169A080B9.d.F9227B422987FB54736960AB4517752C.e.7884"}]}
RESULT: {"script":"<script> [56 bytes]","args":[{"element-6066-11e4-a52e-4f735466cecf":"f.3C12D8243027A57254BE39B169A080B9.d.F9227B422987FB54736960AB4517752C.e.7884","ELEMENT":"f.3C12D8243027A57254BE39B169A080B9.d.F9227B422987FB54736960AB4517752C.e.7884"}]}
COMMAND: GET /session/c336b23a39170495adacb30ef5b99798/element/f.3C12D8243027A57254BE39B169A080B9.d.F9227B422987FB54736960AB4517752C.e.7883/attribute/aria-checked - {}
COMMAND: GET /session/c336b23a39170495adacb30ef5b99798/screenshot - {}
RESULT: {}
COMMAND: POST /session/c336b23a39170495adacb30ef5b99798/element - {"using":"xpath","value":"//table[contains(@id, \"listView-innerSelectionPanelTable-listUl\")]/tbody/tr[17]/td[2]/div/div"}
RESULT: {}
RESULT: {"using":"xpath","value":"//table[contains(@id, \"listView-innerSelectionPanelTable-listUl\")]/tbody/tr[17]/td[2]/div/div"}
COMMAND: POST /session/c336b23a39170495adacb30ef5b99798/element - {"using":"xpath","value":"//table[contains(@id, \"listView-innerSelectionPanelTable-listUl\")]/tbody/tr[17]/td[2]/div"}
RESULT: {"using":"xpath","value":"//table[contains(@id, \"listView-innerSelectionPanelTable-listUl\")]/tbody/tr[17]/td[2]/div"}
COMMAND: POST /session/c336b23a39170495adacb30ef5b99798/element - {"using":"xpath","value":"//table[contains(@id, \"listView-innerSelectionPanelTable-listUl\")]/tbody/tr[17]/td[3]/div/div/span/span[1]/bdi"}
RESULT: {"using":"xpath","value":"//table[contains(@id, \"listView-innerSelectionPanelTable-listUl\")]/tbody/tr[17]/td[3]/div/div/span/span[1]/bdi"}
COMMAND: POST /session/c336b23a39170495adacb30ef5b99798/execute/sync - {"script":"<script> [56 bytes]","args":[{"element-6066-11e4-a52e-4f735466cecf":"f.3C12D8243027A57254BE39B169A080B9.d.F9227B422987FB54736960AB4517752C.e.7887","ELEMENT":"f.3C12D8243027A57254BE39B169A080B9.d.F9227B422987FB54736960AB4517752C.e.7887"}]}
RESULT: {"script":"<script> [56 bytes]","args":[{"element-6066-11e4-a52e-4f735466cecf":"f.3C12D8243027A57254BE39B169A080B9.d.F9227B422987FB54736960AB4517752C.e.7887","ELEMENT":"f.3C12D8243027A57254BE39B169A080B9.d.F9227B422987FB54736960AB4517752C.e.7887"}]}
COMMAND: GET /session/c336b23a39170495adacb30ef5b99798/element/f.3C12D8243027A57254BE39B169A080B9.d.F9227B422987FB54736960AB4517752C.e.7886/attribute/aria-checked - {}
COMMAND: GET /session/c336b23a39170495adacb30ef5b99798/screenshot - {}
RESULT: {}
COMMAND: POST /session/c336b23a39170495adacb30ef5b99798/element - {"using":"xpath","value":"//table[contains(@id, \"listView-innerSelectionPanelTable-listUl\")]/tbody/tr[18]/td[2]/div/div"}
RESULT: {}
RESULT: {"using":"xpath","value":"//table[contains(@id, \"listView-innerSelectionPanelTable-listUl\")]/tbody/tr[18]/td[2]/div/div"}
COMMAND: POST /session/c336b23a39170495adacb30ef5b99798/element - {"using":"xpath","value":"//table[contains(@id, \"listView-innerSelectionPanelTable-listUl\")]/tbody/tr[18]/td[2]/div"}
RESULT: {"using":"xpath","value":"//table[contains(@id, \"listView-innerSelectionPanelTable-listUl\")]/tbody/tr[18]/td[2]/div"}
COMMAND: POST /session/c336b23a39170495adacb30ef5b99798/element - {"using":"xpath","value":"//table[contains(@id, \"listView-innerSelectionPanelTable-listUl\")]/tbody/tr[18]/td[3]/div/div/span/span[1]/bdi"}
RESULT: {"using":"xpath","value":"//table[contains(@id, \"listView-innerSelectionPanelTable-listUl\")]/tbody/tr[18]/td[3]/div/div/span/span[1]/bdi"}
COMMAND: POST /session/c336b23a39170495adacb30ef5b99798/execute/sync - {"script":"<script> [56 bytes]","args":[{"element-6066-11e4-a52e-4f735466cecf":"f.3C12D8243027A57254BE39B169A080B9.d.F9227B422987FB54736960AB4517752C.e.7890","ELEMENT":"f.3C12D8243027A57254BE39B169A080B9.d.F9227B422987FB54736960AB4517752C.e.7890"}]}
RESULT: {"script":"<script> [56 bytes]","args":[{"element-6066-11e4-a52e-4f735466cecf":"f.3C12D8243027A57254BE39B169A080B9.d.F9227B422987FB54736960AB4517752C.e.7890","ELEMENT":"f.3C12D8243027A57254BE39B169A080B9.d.F9227B422987FB54736960AB4517752C.e.7890"}]}
COMMAND: GET /session/c336b23a39170495adacb30ef5b99798/element/f.3C12D8243027A57254BE39B169A080B9.d.F9227B422987FB54736960AB4517752C.e.7889/attribute/aria-checked - {}
COMMAND: GET /session/c336b23a39170495adacb30ef5b99798/screenshot - {}
RESULT: {}
COMMAND: POST /session/c336b23a39170495adacb30ef5b99798/element - {"using":"xpath","value":"//table[contains(@id, \"listView-innerSelectionPanelTable-listUl\")]/tbody/tr[19]/td[2]/div/div"}
RESULT: {}
RESULT: {"using":"xpath","value":"//table[contains(@id, \"listView-innerSelectionPanelTable-listUl\")]/tbody/tr[19]/td[2]/div/div"}
COMMAND: POST /session/c336b23a39170495adacb30ef5b99798/element - {"using":"xpath","value":"//table[contains(@id, \"listView-innerSelectionPanelTable-listUl\")]/tbody/tr[19]/td[2]/div"}
RESULT: {"using":"xpath","value":"//table[contains(@id, \"listView-innerSelectionPanelTable-listUl\")]/tbody/tr[19]/td[2]/div"}
COMMAND: POST /session/c336b23a39170495adacb30ef5b99798/element - {"using":"xpath","value":"//table[contains(@id, \"listView-innerSelectionPanelTable-listUl\")]/tbody/tr[19]/td[3]/div/div/span/span[1]/bdi"}
RESULT: {"using":"xpath","value":"//table[contains(@id, \"listView-innerSelectionPanelTable-listUl\")]/tbody/tr[19]/td[3]/div/div/span/span[1]/bdi"}
COMMAND: POST /session/c336b23a39170495adacb30ef5b99798/execute/sync - {"script":"<script> [56 bytes]","args":[{"element-6066-11e4-a52e-4f735466cecf":"f.3C12D8243027A57254BE39B169A080B9.d.F9227B422987FB54736960AB4517752C.e.7893","ELEMENT":"f.3C12D8243027A57254BE39B169A080B9.d.F9227B422987FB54736960AB4517752C.e.7893"}]}
RESULT: {"script":"<script> [56 bytes]","args":[{"element-6066-11e4-a52e-4f735466cecf":"f.3C12D8243027A57254BE39B169A080B9.d.F9227B422987FB54736960AB4517752C.e.7893","ELEMENT":"f.3C12D8243027A57254BE39B169A080B9.d.F9227B422987FB54736960AB4517752C.e.7893"}]}
COMMAND: GET /session/c336b23a39170495adacb30ef5b99798/element/f.3C12D8243027A57254BE39B169A080B9.d.F9227B422987FB54736960AB4517752C.e.7892/attribute/aria-checked - {}
COMMAND: GET /session/c336b23a39170495adacb30ef5b99798/screenshot - {}
RESULT: {}
COMMAND: POST /session/c336b23a39170495adacb30ef5b99798/element - {"using":"xpath","value":"//table[contains(@id, \"listView-innerSelectionPanelTable-listUl\")]/tbody/tr[20]/td[2]/div/div"}
RESULT: {}
RESULT: {"using":"xpath","value":"//table[contains(@id, \"listView-innerSelectionPanelTable-listUl\")]/tbody/tr[20]/td[2]/div/div"}
COMMAND: POST /session/c336b23a39170495adacb30ef5b99798/element - {"using":"xpath","value":"//table[contains(@id, \"listView-innerSelectionPanelTable-listUl\")]/tbody/tr[20]/td[2]/div"}
RESULT: {"using":"xpath","value":"//table[contains(@id, \"listView-innerSelectionPanelTable-listUl\")]/tbody/tr[20]/td[2]/div"}
COMMAND: POST /session/c336b23a39170495adacb30ef5b99798/element - {"using":"xpath","value":"//table[contains(@id, \"listView-innerSelectionPanelTable-listUl\")]/tbody/tr[20]/td[3]/div/div/span/span[1]/bdi"}
RESULT: {"using":"xpath","value":"//table[contains(@id, \"listView-innerSelectionPanelTable-listUl\")]/tbody/tr[20]/td[3]/div/div/span/span[1]/bdi"}
COMMAND: POST /session/c336b23a39170495adacb30ef5b99798/execute/sync - {"script":"<script> [56 bytes]","args":[{"element-6066-11e4-a52e-4f735466cecf":"f.3C12D8243027A57254BE39B169A080B9.d.F9227B422987FB54736960AB4517752C.e.7896","ELEMENT":"f.3C12D8243027A57254BE39B169A080B9.d.F9227B422987FB54736960AB4517752C.e.7896"}]}
RESULT: {"script":"<script> [56 bytes]","args":[{"element-6066-11e4-a52e-4f735466cecf":"f.3C12D8243027A57254BE39B169A080B9.d.F9227B422987FB54736960AB4517752C.e.7896","ELEMENT":"f.3C12D8243027A57254BE39B169A080B9.d.F9227B422987FB54736960AB4517752C.e.7896"}]}
COMMAND: GET /session/c336b23a39170495adacb30ef5b99798/element/f.3C12D8243027A57254BE39B169A080B9.d.F9227B422987FB54736960AB4517752C.e.7895/attribute/aria-checked - {}
COMMAND: GET /session/c336b23a39170495adacb30ef5b99798/screenshot - {}
RESULT: {}
COMMAND: POST /session/c336b23a39170495adacb30ef5b99798/element - {"using":"xpath","value":"//table[contains(@id, \"listView-innerSelectionPanelTable-listUl\")]/tbody/tr[21]/td[2]/div/div"}
COMMAND: POST /session/c336b23a39170495adacb30ef5b99798/element/f.3C12D8243027A57254BE39B169A080B9.d.F9227B422987FB54736960AB4517752C.e.7894/click - {}
RESULT: {}
RESULT: {}
COMMAND: GET /session/c336b23a39170495adacb30ef5b99798/screenshot - {}
RESULT: {"using":"xpath","value":"//table[contains(@id, \"listView-innerSelectionPanelTable-listUl\")]/tbody/tr[21]/td[2]/div/div"}
COMMAND: POST /session/c336b23a39170495adacb30ef5b99798/element - {"using":"xpath","value":"//table[contains(@id, \"listView-innerSelectionPanelTable-listUl\")]/tbody/tr[21]/td[2]/div"}
RESULT: {}
RESULT: {"using":"xpath","value":"//table[contains(@id, \"listView-innerSelectionPanelTable-listUl\")]/tbody/tr[21]/td[2]/div"}
COMMAND: POST /session/c336b23a39170495adacb30ef5b99798/element - {"using":"xpath","value":"//table[contains(@id, \"listView-innerSelectionPanelTable-listUl\")]/tbody/tr[21]/td[3]/div/div/span/span[1]/bdi"}
RESULT: {"using":"xpath","value":"//table[contains(@id, \"listView-innerSelectionPanelTable-listUl\")]/tbody/tr[21]/td[3]/div/div/span/span[1]/bdi"}
COMMAND: POST /session/c336b23a39170495adacb30ef5b99798/execute/sync - {"script":"<script> [56 bytes]","args":[{"element-6066-11e4-a52e-4f735466cecf":"f.3C12D8243027A57254BE39B169A080B9.d.F9227B422987FB54736960AB4517752C.e.7902","ELEMENT":"f.3C12D8243027A57254BE39B169A080B9.d.F9227B422987FB54736960AB4517752C.e.7902"}]}
RESULT: {"script":"<script> [56 bytes]","args":[{"element-6066-11e4-a52e-4f735466cecf":"f.3C12D8243027A57254BE39B169A080B9.d.F9227B422987FB54736960AB4517752C.e.7902","ELEMENT":"f.3C12D8243027A57254BE39B169A080B9.d.F9227B422987FB54736960AB4517752C.e.7902"}]}
COMMAND: GET /session/c336b23a39170495adacb30ef5b99798/element/f.3C12D8243027A57254BE39B169A080B9.d.F9227B422987FB54736960AB4517752C.e.7901/attribute/aria-checked - {}
COMMAND: GET /session/c336b23a39170495adacb30ef5b99798/screenshot - {}
RESULT: {}
COMMAND: POST /session/c336b23a39170495adacb30ef5b99798/element - {"using":"xpath","value":"//table[contains(@id, \"listView-innerSelectionPanelTable-listUl\")]/tbody/tr[22]/td[2]/div/div"}
COMMAND: POST /session/c336b23a39170495adacb30ef5b99798/element/f.3C12D8243027A57254BE39B169A080B9.d.F9227B422987FB54736960AB4517752C.e.7900/click - {}
RESULT: {}
RESULT: {"using":"xpath","value":"//table[contains(@id, \"listView-innerSelectionPanelTable-listUl\")]/tbody/tr[22]/td[2]/div/div"}
COMMAND: POST /session/c336b23a39170495adacb30ef5b99798/element - {"using":"xpath","value":"//table[contains(@id, \"listView-innerSelectionPanelTable-listUl\")]/tbody/tr[22]/td[2]/div"}
RESULT: {}
COMMAND: GET /session/c336b23a39170495adacb30ef5b99798/screenshot - {}
RESULT: {"using":"xpath","value":"//table[contains(@id, \"listView-innerSelectionPanelTable-listUl\")]/tbody/tr[22]/td[2]/div"}
COMMAND: POST /session/c336b23a39170495adacb30ef5b99798/element - {"using":"xpath","value":"//table[contains(@id, \"listView-innerSelectionPanelTable-listUl\")]/tbody/tr[22]/td[3]/div/div/span/span[1]/bdi"}
RESULT: {}
RESULT: {"using":"xpath","value":"//table[contains(@id, \"listView-innerSelectionPanelTable-listUl\")]/tbody/tr[22]/td[3]/div/div/span/span[1]/bdi"}
COMMAND: POST /session/c336b23a39170495adacb30ef5b99798/execute/sync - {"script":"<script> [56 bytes]","args":[{"element-6066-11e4-a52e-4f735466cecf":"f.3C12D8243027A57254BE39B169A080B9.d.F9227B422987FB54736960AB4517752C.e.7906","ELEMENT":"f.3C12D8243027A57254BE39B169A080B9.d.F9227B422987FB54736960AB4517752C.e.7906"}]}
RESULT: {"script":"<script> [56 bytes]","args":[{"element-6066-11e4-a52e-4f735466cecf":"f.3C12D8243027A57254BE39B169A080B9.d.F9227B422987FB54736960AB4517752C.e.7906","ELEMENT":"f.3C12D8243027A57254BE39B169A080B9.d.F9227B422987FB54736960AB4517752C.e.7906"}]}
COMMAND: GET /session/c336b23a39170495adacb30ef5b99798/element/f.3C12D8243027A57254BE39B169A080B9.d.F9227B422987FB54736960AB4517752C.e.7905/attribute/aria-checked - {}
COMMAND: GET /session/c336b23a39170495adacb30ef5b99798/screenshot - {}
RESULT: {}
COMMAND: POST /session/c336b23a39170495adacb30ef5b99798/element - {"using":"xpath","value":"//table[contains(@id, \"listView-innerSelectionPanelTable-listUl\")]/tbody/tr[23]/td[2]/div/div"}
RESULT: {}
RESULT: {"using":"xpath","value":"//table[contains(@id, \"listView-innerSelectionPanelTable-listUl\")]/tbody/tr[23]/td[2]/div/div"}
COMMAND: POST /session/c336b23a39170495adacb30ef5b99798/element - {"using":"xpath","value":"//table[contains(@id, \"listView-innerSelectionPanelTable-listUl\")]/tbody/tr[23]/td[2]/div"}
RESULT: {"using":"xpath","value":"//table[contains(@id, \"listView-innerSelectionPanelTable-listUl\")]/tbody/tr[23]/td[2]/div"}
COMMAND: POST /session/c336b23a39170495adacb30ef5b99798/element - {"using":"xpath","value":"//table[contains(@id, \"listView-innerSelectionPanelTable-listUl\")]/tbody/tr[23]/td[3]/div/div/span/span[1]/bdi"}
RESULT: {"using":"xpath","value":"//table[contains(@id, \"listView-innerSelectionPanelTable-listUl\")]/tbody/tr[23]/td[3]/div/div/span/span[1]/bdi"}
COMMAND: POST /session/c336b23a39170495adacb30ef5b99798/execute/sync - {"script":"<script> [56 bytes]","args":[{"element-6066-11e4-a52e-4f735466cecf":"f.3C12D8243027A57254BE39B169A080B9.d.F9227B422987FB54736960AB4517752C.e.7909","ELEMENT":"f.3C12D8243027A57254BE39B169A080B9.d.F9227B422987FB54736960AB4517752C.e.7909"}]}
RESULT: {"script":"<script> [56 bytes]","args":[{"element-6066-11e4-a52e-4f735466cecf":"f.3C12D8243027A57254BE39B169A080B9.d.F9227B422987FB54736960AB4517752C.e.7909","ELEMENT":"f.3C12D8243027A57254BE39B169A080B9.d.F9227B422987FB54736960AB4517752C.e.7909"}]}
COMMAND: GET /session/c336b23a39170495adacb30ef5b99798/element/f.3C12D8243027A57254BE39B169A080B9.d.F9227B422987FB54736960AB4517752C.e.7908/attribute/aria-checked - {}
COMMAND: GET /session/c336b23a39170495adacb30ef5b99798/screenshot - {}
RESULT: {}
COMMAND: POST /session/c336b23a39170495adacb30ef5b99798/element - {"using":"xpath","value":"//table[contains(@id, \"listView-innerSelectionPanelTable-listUl\")]/tbody/tr[24]/td[2]/div/div"}
RESULT: {}
RESULT: {"using":"xpath","value":"//table[contains(@id, \"listView-innerSelectionPanelTable-listUl\")]/tbody/tr[24]/td[2]/div/div"}
COMMAND: POST /session/c336b23a39170495adacb30ef5b99798/element - {"using":"xpath","value":"//table[contains(@id, \"listView-innerSelectionPanelTable-listUl\")]/tbody/tr[24]/td[2]/div"}
RESULT: {"using":"xpath","value":"//table[contains(@id, \"listView-innerSelectionPanelTable-listUl\")]/tbody/tr[24]/td[2]/div"}
COMMAND: POST /session/c336b23a39170495adacb30ef5b99798/element - {"using":"xpath","value":"//table[contains(@id, \"listView-innerSelectionPanelTable-listUl\")]/tbody/tr[24]/td[3]/div/div/span/span[1]/bdi"}
RESULT: {"using":"xpath","value":"//table[contains(@id, \"listView-innerSelectionPanelTable-listUl\")]/tbody/tr[24]/td[3]/div/div/span/span[1]/bdi"}
COMMAND: POST /session/c336b23a39170495adacb30ef5b99798/execute/sync - {"script":"<script> [56 bytes]","args":[{"element-6066-11e4-a52e-4f735466cecf":"f.3C12D8243027A57254BE39B169A080B9.d.F9227B422987FB54736960AB4517752C.e.7912","ELEMENT":"f.3C12D8243027A57254BE39B169A080B9.d.F9227B422987FB54736960AB4517752C.e.7912"}]}
RESULT: {"script":"<script> [56 bytes]","args":[{"element-6066-11e4-a52e-4f735466cecf":"f.3C12D8243027A57254BE39B169A080B9.d.F9227B422987FB54736960AB4517752C.e.7912","ELEMENT":"f.3C12D8243027A57254BE39B169A080B9.d.F9227B422987FB54736960AB4517752C.e.7912"}]}
COMMAND: GET /session/c336b23a39170495adacb30ef5b99798/element/f.3C12D8243027A57254BE39B169A080B9.d.F9227B422987FB54736960AB4517752C.e.7911/attribute/aria-checked - {}
COMMAND: GET /session/c336b23a39170495adacb30ef5b99798/screenshot - {}
RESULT: {}
COMMAND: POST /session/c336b23a39170495adacb30ef5b99798/element - {"using":"xpath","value":"//table[contains(@id, \"listView-innerSelectionPanelTable-listUl\")]/tbody/tr[25]/td[2]/div/div"}
RESULT: {}
RESULT: {"using":"xpath","value":"//table[contains(@id, \"listView-innerSelectionPanelTable-listUl\")]/tbody/tr[25]/td[2]/div/div"}
COMMAND: POST /session/c336b23a39170495adacb30ef5b99798/element - {"using":"xpath","value":"//table[contains(@id, \"listView-innerSelectionPanelTable-listUl\")]/tbody/tr[25]/td[2]/div"}
RESULT: {"using":"xpath","value":"//table[contains(@id, \"listView-innerSelectionPanelTable-listUl\")]/tbody/tr[25]/td[2]/div"}
COMMAND: POST /session/c336b23a39170495adacb30ef5b99798/element - {"using":"xpath","value":"//table[contains(@id, \"listView-innerSelectionPanelTable-listUl\")]/tbody/tr[25]/td[3]/div/div/span/span[1]/bdi"}
RESULT: {"using":"xpath","value":"//table[contains(@id, \"listView-innerSelectionPanelTable-listUl\")]/tbody/tr[25]/td[3]/div/div/span/span[1]/bdi"}
COMMAND: POST /session/c336b23a39170495adacb30ef5b99798/execute/sync - {"script":"<script> [56 bytes]","args":[{"element-6066-11e4-a52e-4f735466cecf":"f.3C12D8243027A57254BE39B169A080B9.d.F9227B422987FB54736960AB4517752C.e.7915","ELEMENT":"f.3C12D8243027A57254BE39B169A080B9.d.F9227B422987FB54736960AB4517752C.e.7915"}]}
RESULT: {"script":"<script> [56 bytes]","args":[{"element-6066-11e4-a52e-4f735466cecf":"f.3C12D8243027A57254BE39B169A080B9.d.F9227B422987FB54736960AB4517752C.e.7915","ELEMENT":"f.3C12D8243027A57254BE39B169A080B9.d.F9227B422987FB54736960AB4517752C.e.7915"}]}
COMMAND: GET /session/c336b23a39170495adacb30ef5b99798/element/f.3C12D8243027A57254BE39B169A080B9.d.F9227B422987FB54736960AB4517752C.e.7914/attribute/aria-checked - {}
COMMAND: GET /session/c336b23a39170495adacb30ef5b99798/screenshot - {}
RESULT: {}
COMMAND: POST /session/c336b23a39170495adacb30ef5b99798/element - {"using":"xpath","value":"//bdi[contains(text(), \"OK\")]"}
RESULT: {}
RESULT: {"using":"xpath","value":"//bdi[contains(text(), \"OK\")]"}
COMMAND: POST /session/c336b23a39170495adacb30ef5b99798/element/f.3C12D8243027A57254BE39B169A080B9.d.F9227B422987FB54736960AB4517752C.e.7916/click - {}
RESULT: {}
COMMAND: GET /session/c336b23a39170495adacb30ef5b99798/screenshot - {}
RESULT: {}
COMMAND: POST /session/c336b23a39170495adacb30ef5b99798/execute/async - {"script":"<script> [1562 bytes]","args":[{"selector":{"id":"application-managepartners-display-component---masterPtm--smartFilterBar-filterItemControlA_-LINK_TO_ADDRESSES_MAIN.ID-vhi"},"wdio_ui5_key":"applicationmanagepartners-display-component---masterPtm--smartFilterBar-filterItemControlA_-LINK_TO_ADDRESSES_MAIN.ID-vhi"}]}
RESULT: {"script":"<script> [1562 bytes]","args":[{"selector":{"id":"application-managepartners-display-component---masterPtm--smartFilterBar-filterItemControlA_-LINK_TO_ADDRESSES_MAIN.ID-vhi"},"wdio_ui5_key":"applicationmanagepartners-display-component---masterPtm--smartFilterBar-filterItemControlA_-LINK_TO_ADDRESSES_MAIN.ID-vhi"}]}
RESULT: undefined
COMMAND: POST /session/c336b23a39170495adacb30ef5b99798/element - {"using":"xpath","value":"//*[@id=\"application-managepartners-display-component---masterPtm--smartFilterBar-filterItemControlA_-LINK_TO_ADDRESSES_MAIN.ID-vhi\"]"}
RESULT: {"using":"xpath","value":"//*[@id=\"application-managepartners-display-component---masterPtm--smartFilterBar-filterItemControlA_-LINK_TO_ADDRESSES_MAIN.ID-vhi\"]"}
COMMAND: POST /session/c336b23a39170495adacb30ef5b99798/element/f.3C12D8243027A57254BE39B169A080B9.d.F9227B422987FB54736960AB4517752C.e.7929/click - {}
RESULT: {}
COMMAND: GET /session/c336b23a39170495adacb30ef5b99798/screenshot - {}
RESULT: {}
COMMAND: POST /session/c336b23a39170495adacb30ef5b99798/element - {"using":"xpath","value":"//div[input[@value=\"contains\"]]//span[contains(@id, \"arrow\")]"}
RESULT: {"using":"xpath","value":"//div[input[@value=\"contains\"]]//span[contains(@id, \"arrow\")]"}
COMMAND: POST /session/c336b23a39170495adacb30ef5b99798/element/f.3C12D8243027A57254BE39B169A080B9.d.F9227B422987FB54736960AB4517752C.e.7934/click - {}
RESULT: {}
COMMAND: GET /session/c336b23a39170495adacb30ef5b99798/screenshot - {}
RESULT: {}
COMMAND: POST /session/c336b23a39170495adacb30ef5b99798/element - {"using":"xpath","value":"//li[.//span[text()='equal to']]"}
RESULT: {"using":"xpath","value":"//li[.//span[text()='equal to']]"}
COMMAND: POST /session/c336b23a39170495adacb30ef5b99798/element/f.3C12D8243027A57254BE39B169A080B9.d.F9227B422987FB54736960AB4517752C.e.7935/click - {}
RESULT: {}
COMMAND: GET /session/c336b23a39170495adacb30ef5b99798/screenshot - {}
RESULT: {}
RESULT: undefined
COMMAND: POST /session/c336b23a39170495adacb30ef5b99798/execute/async - {"script":"<script> [776 bytes]","args":[{"enterText":"1006","selector":{"controlType":"sap.m.Input","viewName":"etm.portal.ui.managepartners.view.Master","viewId":"application-managepartners-display-component---masterPtm","properties":{"valueState":"None"},"searchOpenDialogs":true,"interaction":{"idSuffix":"inner"}},"clearTextFirst":true,"interactionType":"ENTER_TEXT"}]}
RESULT: {"script":"<script> [776 bytes]","args":[{"enterText":"1006","selector":{"controlType":"sap.m.Input","viewName":"etm.portal.ui.managepartners.view.Master","viewId":"application-managepartners-display-component---masterPtm","properties":{"valueState":"None"},"searchOpenDialogs":true,"interaction":{"idSuffix":"inner"}},"clearTextFirst":true,"interactionType":"ENTER_TEXT"}]}
COMMAND: POST /session/c336b23a39170495adacb30ef5b99798/actions - {"actions":[{"id":"action22","type":"key","parameters":{},"actions":[{"type":"keyDown","value":"î€‡"},{"type":"pause","duration":10},{"type":"keyUp","value":"î€‡"}]}]}
RESULT: {"actions":[{"id":"action22","type":"key","parameters":{},"actions":[{"type":"keyDown","value":"î€‡"},{"type":"pause","duration":10},{"type":"keyUp","value":"î€‡"}]}]}
COMMAND: GET /session/c336b23a39170495adacb30ef5b99798/screenshot - {}
RESULT: {}
COMMAND: POST /session/c336b23a39170495adacb30ef5b99798/element - {"using":"xpath","value":"(//bdi[contains(text(), \"OK\")])[1]"}
RESULT: {"using":"xpath","value":"(//bdi[contains(text(), \"OK\")])[1]"}
COMMAND: POST /session/c336b23a39170495adacb30ef5b99798/element/f.3C12D8243027A57254BE39B169A080B9.d.F9227B422987FB54736960AB4517752C.e.7936/click - {}
RESULT: {}
COMMAND: GET /session/c336b23a39170495adacb30ef5b99798/screenshot - {}
RESULT: {}
COMMAND: POST /session/c336b23a39170495adacb30ef5b99798/element - {"using":"xpath","value":"//span[@id=\"application-managepartners-display-component---masterPtm--smartTable-header-inner\"]"}
RESULT: {"using":"xpath","value":"//span[@id=\"application-managepartners-display-component---masterPtm--smartTable-header-inner\"]"}
COMMAND: POST /session/c336b23a39170495adacb30ef5b99798/elements - {"using":"xpath","value":"//span[@id=\"application-managepartners-display-component---masterPtm--smartTable-header-inner\"]"}
RESULT: {"using":"xpath","value":"//span[@id=\"application-managepartners-display-component---masterPtm--smartTable-header-inner\"]"}
COMMAND: POST /session/c336b23a39170495adacb30ef5b99798/execute/sync - {"script":"<script> [56 bytes]","args":[{"element-6066-11e4-a52e-4f735466cecf":"f.3C12D8243027A57254BE39B169A080B9.d.F9227B422987FB54736960AB4517752C.e.7774","ELEMENT":"f.3C12D8243027A57254BE39B169A080B9.d.F9227B422987FB54736960AB4517752C.e.7774"}]}
RESULT: {"script":"<script> [56 bytes]","args":[{"element-6066-11e4-a52e-4f735466cecf":"f.3C12D8243027A57254BE39B169A080B9.d.F9227B422987FB54736960AB4517752C.e.7774","ELEMENT":"f.3C12D8243027A57254BE39B169A080B9.d.F9227B422987FB54736960AB4517752C.e.7774"}]}
COMMAND: POST /session/c336b23a39170495adacb30ef5b99798/element - {"using":"xpath","value":"//span[contains(@title, \"Remove\")]"}
COMMAND: GET /session/c336b23a39170495adacb30ef5b99798/screenshot - {}
RESULT: {"using":"xpath","value":"//span[contains(@title, \"Remove\")]"}
COMMAND: POST /session/c336b23a39170495adacb30ef5b99798/element/f.3C12D8243027A57254BE39B169A080B9.d.F9227B422987FB54736960AB4517752C.e.7941/click - {}
RESULT: {}
RESULT: {}
COMMAND: GET /session/c336b23a39170495adacb30ef5b99798/screenshot - {}
RESULT: {}
RESULT: undefined
COMMAND: POST /session/c336b23a39170495adacb30ef5b99798/element - {"using":"xpath","value":"//*[@id=\"application-managepartners-display-component---masterPtm--smartFilterBar-filterItemControl_BASIC-YARD-vhi\"]"}
RESULT: {"using":"xpath","value":"//*[@id=\"application-managepartners-display-component---masterPtm--smartFilterBar-filterItemControl_BASIC-YARD-vhi\"]"}
COMMAND: POST /session/c336b23a39170495adacb30ef5b99798/element/f.3C12D8243027A57254BE39B169A080B9.d.F9227B422987FB54736960AB4517752C.e.8044/click - {}
RESULT: {}
COMMAND: GET /session/c336b23a39170495adacb30ef5b99798/screenshot - {}
RESULT: {}
RESULT: undefined
COMMAND: POST /session/c336b23a39170495adacb30ef5b99798/execute/async - {"script":"<script> [776 bytes]","args":[{"enterText":"Test","selector":{"id":"application-managepartners-display-component---masterPtm--smartFilterBar-filterItemControl_BASIC-YARD-valueHelpDialog-smartFilterBar-btnBasicSearch","searchOpenDialogs":true,"interaction":{"idSuffix":"I"}},"clearTextFirst":true,"interactionType":"ENTER_TEXT"}]}
RESULT: {"script":"<script> [776 bytes]","args":[{"enterText":"Test","selector":{"id":"application-managepartners-display-component---masterPtm--smartFilterBar-filterItemControl_BASIC-YARD-valueHelpDialog-smartFilterBar-btnBasicSearch","searchOpenDialogs":true,"interaction":{"idSuffix":"I"}},"clearTextFirst":true,"interactionType":"ENTER_TEXT"}]}
COMMAND: POST /session/c336b23a39170495adacb30ef5b99798/actions - {"actions":[{"id":"action23","type":"key","parameters":{},"actions":[{"type":"keyDown","value":"î€‡"},{"type":"pause","duration":10},{"type":"keyUp","value":"î€‡"}]}]}
RESULT: {"actions":[{"id":"action23","type":"key","parameters":{},"actions":[{"type":"keyDown","value":"î€‡"},{"type":"pause","duration":10},{"type":"keyUp","value":"î€‡"}]}]}
COMMAND: POST /session/c336b23a39170495adacb30ef5b99798/elements - {"using":"xpath","value":"//table[contains(@id, \"smartFilterBar-filterItemControl_BASIC-YARD-valueHelpDialog-table-table\")]/tbody/tr"}
COMMAND: GET /session/c336b23a39170495adacb30ef5b99798/screenshot - {}
RESULT: {"using":"xpath","value":"//table[contains(@id, \"smartFilterBar-filterItemControl_BASIC-YARD-valueHelpDialog-table-table\")]/tbody/tr"}
COMMAND: POST /session/c336b23a39170495adacb30ef5b99798/element - {"using":"xpath","value":"//table[contains(@id, \"smartFilterBar-filterItemControl_BASIC-YARD-valueHelpDialog-table-table\")]/tbody/tr[1]/td[1]/div/span"}
RESULT: {}
RESULT: {"using":"xpath","value":"//table[contains(@id, \"smartFilterBar-filterItemControl_BASIC-YARD-valueHelpDialog-table-table\")]/tbody/tr[1]/td[1]/div/span"}
COMMAND: POST /session/c336b23a39170495adacb30ef5b99798/elements - {"using":"xpath","value":"//table[contains(@id, \"smartFilterBar-filterItemControl_BASIC-YARD-valueHelpDialog-table-table\")]/tbody/tr[1]/td[1]/div/span"}
RESULT: {"using":"xpath","value":"//table[contains(@id, \"smartFilterBar-filterItemControl_BASIC-YARD-valueHelpDialog-table-table\")]/tbody/tr[1]/td[1]/div/span"}
COMMAND: POST /session/c336b23a39170495adacb30ef5b99798/execute/sync - {"script":"<script> [56 bytes]","args":[{"element-6066-11e4-a52e-4f735466cecf":"f.3C12D8243027A57254BE39B169A080B9.d.F9227B422987FB54736960AB4517752C.e.8062","ELEMENT":"f.3C12D8243027A57254BE39B169A080B9.d.F9227B422987FB54736960AB4517752C.e.8062"}]}
RESULT: {"script":"<script> [56 bytes]","args":[{"element-6066-11e4-a52e-4f735466cecf":"f.3C12D8243027A57254BE39B169A080B9.d.F9227B422987FB54736960AB4517752C.e.8062","ELEMENT":"f.3C12D8243027A57254BE39B169A080B9.d.F9227B422987FB54736960AB4517752C.e.8062"}]}
COMMAND: POST /session/c336b23a39170495adacb30ef5b99798/element - {"using":"xpath","value":"//table[contains(@id, \"smartFilterBar-filterItemControl_BASIC-YARD-valueHelpDialog-table-table\")]/tbody/tr[2]/td[1]/div/span"}
COMMAND: GET /session/c336b23a39170495adacb30ef5b99798/screenshot - {}
RESULT: {"using":"xpath","value":"//table[contains(@id, \"smartFilterBar-filterItemControl_BASIC-YARD-valueHelpDialog-table-table\")]/tbody/tr[2]/td[1]/div/span"}
COMMAND: POST /session/c336b23a39170495adacb30ef5b99798/elements - {"using":"xpath","value":"//table[contains(@id, \"smartFilterBar-filterItemControl_BASIC-YARD-valueHelpDialog-table-table\")]/tbody/tr[2]/td[1]/div/span"}
RESULT: {}
RESULT: {"using":"xpath","value":"//table[contains(@id, \"smartFilterBar-filterItemControl_BASIC-YARD-valueHelpDialog-table-table\")]/tbody/tr[2]/td[1]/div/span"}
COMMAND: POST /session/c336b23a39170495adacb30ef5b99798/execute/sync - {"script":"<script> [56 bytes]","args":[{"element-6066-11e4-a52e-4f735466cecf":"f.3C12D8243027A57254BE39B169A080B9.d.F9227B422987FB54736960AB4517752C.e.8063","ELEMENT":"f.3C12D8243027A57254BE39B169A080B9.d.F9227B422987FB54736960AB4517752C.e.8063"}]}
RESULT: {"script":"<script> [56 bytes]","args":[{"element-6066-11e4-a52e-4f735466cecf":"f.3C12D8243027A57254BE39B169A080B9.d.F9227B422987FB54736960AB4517752C.e.8063","ELEMENT":"f.3C12D8243027A57254BE39B169A080B9.d.F9227B422987FB54736960AB4517752C.e.8063"}]}
COMMAND: POST /session/c336b23a39170495adacb30ef5b99798/element - {"using":"xpath","value":"//table[contains(@id, \"smartFilterBar-filterItemControl_BASIC-YARD-valueHelpDialog-table-table\")]/tbody/tr[3]/td[1]/div/span"}
COMMAND: GET /session/c336b23a39170495adacb30ef5b99798/screenshot - {}
RESULT: {"using":"xpath","value":"//table[contains(@id, \"smartFilterBar-filterItemControl_BASIC-YARD-valueHelpDialog-table-table\")]/tbody/tr[3]/td[1]/div/span"}
COMMAND: POST /session/c336b23a39170495adacb30ef5b99798/elements - {"using":"xpath","value":"//table[contains(@id, \"smartFilterBar-filterItemControl_BASIC-YARD-valueHelpDialog-table-table\")]/tbody/tr[3]/td[1]/div/span"}
RESULT: {}
RESULT: {"using":"xpath","value":"//table[contains(@id, \"smartFilterBar-filterItemControl_BASIC-YARD-valueHelpDialog-table-table\")]/tbody/tr[3]/td[1]/div/span"}
COMMAND: POST /session/c336b23a39170495adacb30ef5b99798/execute/sync - {"script":"<script> [56 bytes]","args":[{"element-6066-11e4-a52e-4f735466cecf":"f.3C12D8243027A57254BE39B169A080B9.d.F9227B422987FB54736960AB4517752C.e.8064","ELEMENT":"f.3C12D8243027A57254BE39B169A080B9.d.F9227B422987FB54736960AB4517752C.e.8064"}]}
RESULT: {"script":"<script> [56 bytes]","args":[{"element-6066-11e4-a52e-4f735466cecf":"f.3C12D8243027A57254BE39B169A080B9.d.F9227B422987FB54736960AB4517752C.e.8064","ELEMENT":"f.3C12D8243027A57254BE39B169A080B9.d.F9227B422987FB54736960AB4517752C.e.8064"}]}
COMMAND: POST /session/c336b23a39170495adacb30ef5b99798/element - {"using":"xpath","value":"//div[contains(@id, \"filterItemControl_BASIC-YARD-valueHelpDialog-table-rowsel2\")]"}
COMMAND: GET /session/c336b23a39170495adacb30ef5b99798/screenshot - {}
RESULT: {"using":"xpath","value":"//div[contains(@id, \"filterItemControl_BASIC-YARD-valueHelpDialog-table-rowsel2\")]"}
COMMAND: POST /session/c336b23a39170495adacb30ef5b99798/element/f.3C12D8243027A57254BE39B169A080B9.d.F9227B422987FB54736960AB4517752C.e.8065/click - {}
RESULT: {}
RESULT: {}
COMMAND: GET /session/c336b23a39170495adacb30ef5b99798/screenshot - {}
RESULT: {}
COMMAND: POST /session/c336b23a39170495adacb30ef5b99798/element - {"using":"xpath","value":"(//bdi[contains(text(), \"OK\")])[1]"}
RESULT: {"using":"xpath","value":"(//bdi[contains(text(), \"OK\")])[1]"}
COMMAND: POST /session/c336b23a39170495adacb30ef5b99798/element/f.3C12D8243027A57254BE39B169A080B9.d.F9227B422987FB54736960AB4517752C.e.8067/click - {}
RESULT: {}
COMMAND: GET /session/c336b23a39170495adacb30ef5b99798/screenshot - {}
RESULT: {}
COMMAND: POST /session/c336b23a39170495adacb30ef5b99798/element - {"using":"xpath","value":"//span[@id=\"application-managepartners-display-component---masterPtm--smartTable-header-inner\"]"}
RESULT: {"using":"xpath","value":"//span[@id=\"application-managepartners-display-component---masterPtm--smartTable-header-inner\"]"}
COMMAND: POST /session/c336b23a39170495adacb30ef5b99798/elements - {"using":"xpath","value":"//span[@id=\"application-managepartners-display-component---masterPtm--smartTable-header-inner\"]"}
RESULT: {"using":"xpath","value":"//span[@id=\"application-managepartners-display-component---masterPtm--smartTable-header-inner\"]"}
COMMAND: POST /session/c336b23a39170495adacb30ef5b99798/execute/sync - {"script":"<script> [56 bytes]","args":[{"element-6066-11e4-a52e-4f735466cecf":"f.3C12D8243027A57254BE39B169A080B9.d.F9227B422987FB54736960AB4517752C.e.7774","ELEMENT":"f.3C12D8243027A57254BE39B169A080B9.d.F9227B422987FB54736960AB4517752C.e.7774"}]}
RESULT: {"script":"<script> [56 bytes]","args":[{"element-6066-11e4-a52e-4f735466cecf":"f.3C12D8243027A57254BE39B169A080B9.d.F9227B422987FB54736960AB4517752C.e.7774","ELEMENT":"f.3C12D8243027A57254BE39B169A080B9.d.F9227B422987FB54736960AB4517752C.e.7774"}]}
COMMAND: POST /session/c336b23a39170495adacb30ef5b99798/element - {"using":"xpath","value":"//span[contains(@title, \"Remove\")]"}
COMMAND: GET /session/c336b23a39170495adacb30ef5b99798/screenshot - {}
RESULT: {"using":"xpath","value":"//span[contains(@title, \"Remove\")]"}
COMMAND: POST /session/c336b23a39170495adacb30ef5b99798/element/f.3C12D8243027A57254BE39B169A080B9.d.F9227B422987FB54736960AB4517752C.e.8080/click - {}
RESULT: {}
RESULT: {}
COMMAND: GET /session/c336b23a39170495adacb30ef5b99798/screenshot - {}
RESULT: {}
RESULT: undefined
COMMAND: POST /session/c336b23a39170495adacb30ef5b99798/element - {"using":"xpath","value":"//*[@id=\"application-managepartners-display-component---masterPtm--smartFilterBar-filterItemControl_BASIC-MAIN_ADDRESS-vhi\"]"}
RESULT: {"using":"xpath","value":"//*[@id=\"application-managepartners-display-component---masterPtm--smartFilterBar-filterItemControl_BASIC-MAIN_ADDRESS-vhi\"]"}
COMMAND: POST /session/c336b23a39170495adacb30ef5b99798/element/f.3C12D8243027A57254BE39B169A080B9.d.F9227B422987FB54736960AB4517752C.e.8183/click - {}
RESULT: {}
COMMAND: GET /session/c336b23a39170495adacb30ef5b99798/screenshot - {}
RESULT: {}
RESULT: undefined
COMMAND: POST /session/c336b23a39170495adacb30ef5b99798/execute/async - {"script":"<script> [776 bytes]","args":[{"enterText":"Romania","selector":{"id":"application-managepartners-display-component---masterPtm--smartFilterBar-filterItemControl_BASIC-MAIN_ADDRESS-valueHelpDialog-smartFilterBar-btnBasicSearch","searchOpenDialogs":true,"interaction":{"idSuffix":"I"}},"clearTextFirst":true,"interactionType":"ENTER_TEXT"}]}
RESULT: {"script":"<script> [776 bytes]","args":[{"enterText":"Romania","selector":{"id":"application-managepartners-display-component---masterPtm--smartFilterBar-filterItemControl_BASIC-MAIN_ADDRESS-valueHelpDialog-smartFilterBar-btnBasicSearch","searchOpenDialogs":true,"interaction":{"idSuffix":"I"}},"clearTextFirst":true,"interactionType":"ENTER_TEXT"}]}
COMMAND: POST /session/c336b23a39170495adacb30ef5b99798/actions - {"actions":[{"id":"action24","type":"key","parameters":{},"actions":[{"type":"keyDown","value":"î€‡"},{"type":"pause","duration":10},{"type":"keyUp","value":"î€‡"}]}]}
RESULT: {"actions":[{"id":"action24","type":"key","parameters":{},"actions":[{"type":"keyDown","value":"î€‡"},{"type":"pause","duration":10},{"type":"keyUp","value":"î€‡"}]}]}
COMMAND: POST /session/c336b23a39170495adacb30ef5b99798/elements - {"using":"xpath","value":"//table[contains(@id, \"smartFilterBar-filterItemControl_BASIC-MAIN_ADDRESS-valueHelpDialog-table-table\")]/tbody/tr"}
COMMAND: GET /session/c336b23a39170495adacb30ef5b99798/screenshot - {}
RESULT: {"using":"xpath","value":"//table[contains(@id, \"smartFilterBar-filterItemControl_BASIC-MAIN_ADDRESS-valueHelpDialog-table-table\")]/tbody/tr"}
COMMAND: POST /session/c336b23a39170495adacb30ef5b99798/element - {"using":"xpath","value":"//table[contains(@id, \"smartFilterBar-filterItemControl_BASIC-MAIN_ADDRESS-valueHelpDialog-table-table\")]/tbody/tr[1]/td[1]/div/span"}
RESULT: {}
RESULT: {"using":"xpath","value":"//table[contains(@id, \"smartFilterBar-filterItemControl_BASIC-MAIN_ADDRESS-valueHelpDialog-table-table\")]/tbody/tr[1]/td[1]/div/span"}
COMMAND: POST /session/c336b23a39170495adacb30ef5b99798/elements - {"using":"xpath","value":"//table[contains(@id, \"smartFilterBar-filterItemControl_BASIC-MAIN_ADDRESS-valueHelpDialog-table-table\")]/tbody/tr[1]/td[1]/div/span"}
RESULT: {"using":"xpath","value":"//table[contains(@id, \"smartFilterBar-filterItemControl_BASIC-MAIN_ADDRESS-valueHelpDialog-table-table\")]/tbody/tr[1]/td[1]/div/span"}
COMMAND: POST /session/c336b23a39170495adacb30ef5b99798/execute/sync - {"script":"<script> [56 bytes]","args":[{"element-6066-11e4-a52e-4f735466cecf":"f.3C12D8243027A57254BE39B169A080B9.d.F9227B422987FB54736960AB4517752C.e.8203","ELEMENT":"f.3C12D8243027A57254BE39B169A080B9.d.F9227B422987FB54736960AB4517752C.e.8203"}]}
RESULT: {"script":"<script> [56 bytes]","args":[{"element-6066-11e4-a52e-4f735466cecf":"f.3C12D8243027A57254BE39B169A080B9.d.F9227B422987FB54736960AB4517752C.e.8203","ELEMENT":"f.3C12D8243027A57254BE39B169A080B9.d.F9227B422987FB54736960AB4517752C.e.8203"}]}
COMMAND: POST /session/c336b23a39170495adacb30ef5b99798/element - {"using":"xpath","value":"//div[contains(@id, \"filterItemControl_BASIC-MAIN_ADDRESS-valueHelpDialog-table-rowsel0\")]"}
COMMAND: GET /session/c336b23a39170495adacb30ef5b99798/screenshot - {}
RESULT: {"using":"xpath","value":"//div[contains(@id, \"filterItemControl_BASIC-MAIN_ADDRESS-valueHelpDialog-table-rowsel0\")]"}
COMMAND: POST /session/c336b23a39170495adacb30ef5b99798/element/f.3C12D8243027A57254BE39B169A080B9.d.F9227B422987FB54736960AB4517752C.e.8204/click - {}
RESULT: {}
RESULT: {}
COMMAND: GET /session/c336b23a39170495adacb30ef5b99798/screenshot - {}
RESULT: {}
COMMAND: POST /session/c336b23a39170495adacb30ef5b99798/element - {"using":"xpath","value":"(//bdi[contains(text(), \"OK\")])[1]"}
RESULT: {"using":"xpath","value":"(//bdi[contains(text(), \"OK\")])[1]"}
COMMAND: POST /session/c336b23a39170495adacb30ef5b99798/element/f.3C12D8243027A57254BE39B169A080B9.d.F9227B422987FB54736960AB4517752C.e.8206/click - {}
RESULT: {}
COMMAND: GET /session/c336b23a39170495adacb30ef5b99798/screenshot - {}
RESULT: {}
COMMAND: POST /session/c336b23a39170495adacb30ef5b99798/element - {"using":"xpath","value":"//span[@id=\"application-managepartners-display-component---masterPtm--smartTable-header-inner\"]"}
RESULT: {"using":"xpath","value":"//span[@id=\"application-managepartners-display-component---masterPtm--smartTable-header-inner\"]"}
COMMAND: POST /session/c336b23a39170495adacb30ef5b99798/elements - {"using":"xpath","value":"//span[@id=\"application-managepartners-display-component---masterPtm--smartTable-header-inner\"]"}
RESULT: {"using":"xpath","value":"//span[@id=\"application-managepartners-display-component---masterPtm--smartTable-header-inner\"]"}
COMMAND: POST /session/c336b23a39170495adacb30ef5b99798/execute/sync - {"script":"<script> [56 bytes]","args":[{"element-6066-11e4-a52e-4f735466cecf":"f.3C12D8243027A57254BE39B169A080B9.d.F9227B422987FB54736960AB4517752C.e.7774","ELEMENT":"f.3C12D8243027A57254BE39B169A080B9.d.F9227B422987FB54736960AB4517752C.e.7774"}]}
RESULT: {"script":"<script> [56 bytes]","args":[{"element-6066-11e4-a52e-4f735466cecf":"f.3C12D8243027A57254BE39B169A080B9.d.F9227B422987FB54736960AB4517752C.e.7774","ELEMENT":"f.3C12D8243027A57254BE39B169A080B9.d.F9227B422987FB54736960AB4517752C.e.7774"}]}
COMMAND: POST /session/c336b23a39170495adacb30ef5b99798/element - {"using":"xpath","value":"//span[contains(@title, \"Remove\")]"}
COMMAND: GET /session/c336b23a39170495adacb30ef5b99798/screenshot - {}
RESULT: {"using":"xpath","value":"//span[contains(@title, \"Remove\")]"}
COMMAND: POST /session/c336b23a39170495adacb30ef5b99798/element/f.3C12D8243027A57254BE39B169A080B9.d.F9227B422987FB54736960AB4517752C.e.8219/click - {}
RESULT: {}
RESULT: {}
COMMAND: GET /session/c336b23a39170495adacb30ef5b99798/screenshot - {}
COMMAND: POST /session/c336b23a39170495adacb30ef5b99798/execute/async - {"script":"<script> [1562 bytes]","args":[{"selector":{"id":"application-managepartners-display-component---masterPtm--catalogs-arrow"},"wdio_ui5_key":"applicationmanagepartners-display-component---masterPtm--catalogs-arrow"}]}
RESULT: {}
RESULT: {"script":"<script> [1562 bytes]","args":[{"selector":{"id":"application-managepartners-display-component---masterPtm--catalogs-arrow"},"wdio_ui5_key":"applicationmanagepartners-display-component---masterPtm--catalogs-arrow"}]}
RESULT: undefined
COMMAND: POST /session/c336b23a39170495adacb30ef5b99798/element - {"using":"xpath","value":"//*[@id=\"application-managepartners-display-component---masterPtm--catalogs-arrow\"]"}
RESULT: {"using":"xpath","value":"//*[@id=\"application-managepartners-display-component---masterPtm--catalogs-arrow\"]"}
COMMAND: POST /session/c336b23a39170495adacb30ef5b99798/element/f.3C12D8243027A57254BE39B169A080B9.d.F9227B422987FB54736960AB4517752C.e.8322/click - {}
RESULT: {}
COMMAND: GET /session/c336b23a39170495adacb30ef5b99798/screenshot - {}
RESULT: {}
COMMAND: POST /session/c336b23a39170495adacb30ef5b99798/element - {"using":"xpath","value":"//li[.//span[text()=\"Webshop Catalog\"]]//div[contains(@class,\"sapMCbBg\")]"}
RESULT: {"using":"xpath","value":"//li[.//span[text()=\"Webshop Catalog\"]]//div[contains(@class,\"sapMCbBg\")]"}
COMMAND: POST /session/c336b23a39170495adacb30ef5b99798/element/f.3C12D8243027A57254BE39B169A080B9.d.F9227B422987FB54736960AB4517752C.e.8336/click - {}
RESULT: {}
COMMAND: GET /session/c336b23a39170495adacb30ef5b99798/screenshot - {}
RESULT: {}
RESULT: undefined
COMMAND: POST /session/c336b23a39170495adacb30ef5b99798/element - {"using":"xpath","value":"//*[@id=\"application-managepartners-display-component---masterPtm--catalogs-arrow\"]"}
RESULT: {"using":"xpath","value":"//*[@id=\"application-managepartners-display-component---masterPtm--catalogs-arrow\"]"}
COMMAND: POST /session/c336b23a39170495adacb30ef5b99798/element/f.3C12D8243027A57254BE39B169A080B9.d.F9227B422987FB54736960AB4517752C.e.8322/click - {}
RESULT: {}
COMMAND: POST /session/c336b23a39170495adacb30ef5b99798/element - {"using":"xpath","value":"//span[@id=\"application-managepartners-display-component---masterPtm--smartTable-header-inner\"]"}
COMMAND: GET /session/c336b23a39170495adacb30ef5b99798/screenshot - {}
RESULT: {"using":"xpath","value":"//span[@id=\"application-managepartners-display-component---masterPtm--smartTable-header-inner\"]"}
COMMAND: POST /session/c336b23a39170495adacb30ef5b99798/elements - {"using":"xpath","value":"//span[@id=\"application-managepartners-display-component---masterPtm--smartTable-header-inner\"]"}
RESULT: {}
RESULT: {"using":"xpath","value":"//span[@id=\"application-managepartners-display-component---masterPtm--smartTable-header-inner\"]"}
COMMAND: POST /session/c336b23a39170495adacb30ef5b99798/execute/sync - {"script":"<script> [56 bytes]","args":[{"element-6066-11e4-a52e-4f735466cecf":"f.3C12D8243027A57254BE39B169A080B9.d.F9227B422987FB54736960AB4517752C.e.7774","ELEMENT":"f.3C12D8243027A57254BE39B169A080B9.d.F9227B422987FB54736960AB4517752C.e.7774"}]}
RESULT: {"script":"<script> [56 bytes]","args":[{"element-6066-11e4-a52e-4f735466cecf":"f.3C12D8243027A57254BE39B169A080B9.d.F9227B422987FB54736960AB4517752C.e.7774","ELEMENT":"f.3C12D8243027A57254BE39B169A080B9.d.F9227B422987FB54736960AB4517752C.e.7774"}]}
COMMAND: POST /session/c336b23a39170495adacb30ef5b99798/element - {"using":"xpath","value":"//span[contains(@title, \"Remove\")]"}
COMMAND: GET /session/c336b23a39170495adacb30ef5b99798/screenshot - {}
RESULT: {"using":"xpath","value":"//span[contains(@title, \"Remove\")]"}
COMMAND: POST /session/c336b23a39170495adacb30ef5b99798/element/f.3C12D8243027A57254BE39B169A080B9.d.F9227B422987FB54736960AB4517752C.e.8351/click - {}
RESULT: {}
RESULT: {}
COMMAND: GET /session/c336b23a39170495adacb30ef5b99798/screenshot - {}
RESULT: {}
COMMAND: POST /session/c336b23a39170495adacb30ef5b99798/execute/async - {"script":"<script> [1562 bytes]","args":[{"selector":{"id":"application-managepartners-display-component---masterPtm--currencies-arrow"},"wdio_ui5_key":"applicationmanagepartners-display-component---masterPtm--currencies-arrow"}]}
RESULT: {"script":"<script> [1562 bytes]","args":[{"selector":{"id":"application-managepartners-display-component---masterPtm--currencies-arrow"},"wdio_ui5_key":"applicationmanagepartners-display-component---masterPtm--currencies-arrow"}]}
RESULT: undefined
COMMAND: POST /session/c336b23a39170495adacb30ef5b99798/element - {"using":"xpath","value":"//*[@id=\"application-managepartners-display-component---masterPtm--currencies-arrow\"]"}
RESULT: {"using":"xpath","value":"//*[@id=\"application-managepartners-display-component---masterPtm--currencies-arrow\"]"}
COMMAND: POST /session/c336b23a39170495adacb30ef5b99798/element/f.3C12D8243027A57254BE39B169A080B9.d.F9227B422987FB54736960AB4517752C.e.8465/click - {}
RESULT: {}
COMMAND: GET /session/c336b23a39170495adacb30ef5b99798/screenshot - {}
RESULT: {}
COMMAND: POST /session/c336b23a39170495adacb30ef5b99798/element - {"using":"xpath","value":"//li[.//span[text()=\"US Dollar\"]]//div[contains(@class,\"sapMCbBg\")]"}
RESULT: {"using":"xpath","value":"//li[.//span[text()=\"US Dollar\"]]//div[contains(@class,\"sapMCbBg\")]"}
COMMAND: POST /session/c336b23a39170495adacb30ef5b99798/element/f.3C12D8243027A57254BE39B169A080B9.d.F9227B422987FB54736960AB4517752C.e.8468/click - {}
RESULT: {}
COMMAND: GET /session/c336b23a39170495adacb30ef5b99798/screenshot - {}
RESULT: {}
RESULT: undefined
COMMAND: POST /session/c336b23a39170495adacb30ef5b99798/element - {"using":"xpath","value":"//*[@id=\"application-managepartners-display-component---masterPtm--currencies-arrow\"]"}
RESULT: {"using":"xpath","value":"//*[@id=\"application-managepartners-display-component---masterPtm--currencies-arrow\"]"}
COMMAND: POST /session/c336b23a39170495adacb30ef5b99798/element/f.3C12D8243027A57254BE39B169A080B9.d.F9227B422987FB54736960AB4517752C.e.8465/click - {}
RESULT: {}
COMMAND: POST /session/c336b23a39170495adacb30ef5b99798/element - {"using":"xpath","value":"//span[@id=\"application-managepartners-display-component---masterPtm--smartTable-header-inner\"]"}
COMMAND: GET /session/c336b23a39170495adacb30ef5b99798/screenshot - {}
RESULT: {"using":"xpath","value":"//span[@id=\"application-managepartners-display-component---masterPtm--smartTable-header-inner\"]"}
COMMAND: POST /session/c336b23a39170495adacb30ef5b99798/elements - {"using":"xpath","value":"//span[@id=\"application-managepartners-display-component---masterPtm--smartTable-header-inner\"]"}
RESULT: {}
RESULT: {"using":"xpath","value":"//span[@id=\"application-managepartners-display-component---masterPtm--smartTable-header-inner\"]"}
COMMAND: POST /session/c336b23a39170495adacb30ef5b99798/execute/sync - {"script":"<script> [56 bytes]","args":[{"element-6066-11e4-a52e-4f735466cecf":"f.3C12D8243027A57254BE39B169A080B9.d.F9227B422987FB54736960AB4517752C.e.7774","ELEMENT":"f.3C12D8243027A57254BE39B169A080B9.d.F9227B422987FB54736960AB4517752C.e.7774"}]}
RESULT: {"script":"<script> [56 bytes]","args":[{"element-6066-11e4-a52e-4f735466cecf":"f.3C12D8243027A57254BE39B169A080B9.d.F9227B422987FB54736960AB4517752C.e.7774","ELEMENT":"f.3C12D8243027A57254BE39B169A080B9.d.F9227B422987FB54736960AB4517752C.e.7774"}]}
COMMAND: POST /session/c336b23a39170495adacb30ef5b99798/element - {"using":"xpath","value":"//span[contains(@title, \"Remove\")]"}
COMMAND: GET /session/c336b23a39170495adacb30ef5b99798/screenshot - {}
RESULT: {"using":"xpath","value":"//span[contains(@title, \"Remove\")]"}
COMMAND: POST /session/c336b23a39170495adacb30ef5b99798/element/f.3C12D8243027A57254BE39B169A080B9.d.F9227B422987FB54736960AB4517752C.e.8586/click - {}
RESULT: {}
RESULT: {}
COMMAND: GET /session/c336b23a39170495adacb30ef5b99798/screenshot - {}
RESULT: {}
COMMAND: POST /session/c336b23a39170495adacb30ef5b99798/execute/async - {"script":"<script> [1562 bytes]","args":[{"selector":{"id":"application-managepartners-display-component---masterPtm--languages-arrow"},"wdio_ui5_key":"applicationmanagepartners-display-component---masterPtm--languages-arrow"}]}
RESULT: {"script":"<script> [1562 bytes]","args":[{"selector":{"id":"application-managepartners-display-component---masterPtm--languages-arrow"},"wdio_ui5_key":"applicationmanagepartners-display-component---masterPtm--languages-arrow"}]}
RESULT: undefined
COMMAND: POST /session/c336b23a39170495adacb30ef5b99798/element - {"using":"xpath","value":"//*[@id=\"application-managepartners-display-component---masterPtm--languages-arrow\"]"}
RESULT: {"using":"xpath","value":"//*[@id=\"application-managepartners-display-component---masterPtm--languages-arrow\"]"}
COMMAND: POST /session/c336b23a39170495adacb30ef5b99798/element/f.3C12D8243027A57254BE39B169A080B9.d.F9227B422987FB54736960AB4517752C.e.8679/click - {}
RESULT: {}
COMMAND: GET /session/c336b23a39170495adacb30ef5b99798/screenshot - {}
RESULT: {}
COMMAND: POST /session/c336b23a39170495adacb30ef5b99798/element - {"using":"xpath","value":"//li[.//span[text()=\"German\"]]//div[contains(@class,\"sapMCbBg\")]"}
RESULT: {"using":"xpath","value":"//li[.//span[text()=\"German\"]]//div[contains(@class,\"sapMCbBg\")]"}
COMMAND: POST /session/c336b23a39170495adacb30ef5b99798/element/f.3C12D8243027A57254BE39B169A080B9.d.F9227B422987FB54736960AB4517752C.e.8723/click - {}
RESULT: {}
COMMAND: GET /session/c336b23a39170495adacb30ef5b99798/screenshot - {}
RESULT: {}
RESULT: undefined
COMMAND: POST /session/c336b23a39170495adacb30ef5b99798/element - {"using":"xpath","value":"//*[@id=\"application-managepartners-display-component---masterPtm--languages-arrow\"]"}
RESULT: {"using":"xpath","value":"//*[@id=\"application-managepartners-display-component---masterPtm--languages-arrow\"]"}
COMMAND: POST /session/c336b23a39170495adacb30ef5b99798/element/f.3C12D8243027A57254BE39B169A080B9.d.F9227B422987FB54736960AB4517752C.e.8679/click - {}
RESULT: {}
COMMAND: POST /session/c336b23a39170495adacb30ef5b99798/element - {"using":"xpath","value":"//span[@id=\"application-managepartners-display-component---masterPtm--smartTable-header-inner\"]"}
COMMAND: GET /session/c336b23a39170495adacb30ef5b99798/screenshot - {}
RESULT: {"using":"xpath","value":"//span[@id=\"application-managepartners-display-component---masterPtm--smartTable-header-inner\"]"}
COMMAND: POST /session/c336b23a39170495adacb30ef5b99798/elements - {"using":"xpath","value":"//span[@id=\"application-managepartners-display-component---masterPtm--smartTable-header-inner\"]"}
RESULT: {}
RESULT: {"using":"xpath","value":"//span[@id=\"application-managepartners-display-component---masterPtm--smartTable-header-inner\"]"}
COMMAND: POST /session/c336b23a39170495adacb30ef5b99798/execute/sync - {"script":"<script> [56 bytes]","args":[{"element-6066-11e4-a52e-4f735466cecf":"f.3C12D8243027A57254BE39B169A080B9.d.F9227B422987FB54736960AB4517752C.e.7774","ELEMENT":"f.3C12D8243027A57254BE39B169A080B9.d.F9227B422987FB54736960AB4517752C.e.7774"}]}
RESULT: {"script":"<script> [56 bytes]","args":[{"element-6066-11e4-a52e-4f735466cecf":"f.3C12D8243027A57254BE39B169A080B9.d.F9227B422987FB54736960AB4517752C.e.7774","ELEMENT":"f.3C12D8243027A57254BE39B169A080B9.d.F9227B422987FB54736960AB4517752C.e.7774"}]}
COMMAND: POST /session/c336b23a39170495adacb30ef5b99798/element - {"using":"css selector","value":"#shell-header-logo"}
COMMAND: GET /session/c336b23a39170495adacb30ef5b99798/screenshot - {}
RESULT: {"using":"css selector","value":"#shell-header-logo"}
COMMAND: POST /session/c336b23a39170495adacb30ef5b99798/element/f.3C12D8243027A57254BE39B169A080B9.d.F9227B422987FB54736960AB4517752C.e.7606/click - {}
RESULT: {}
RESULT: {}
COMMAND: GET /session/c336b23a39170495adacb30ef5b99798/screenshot - {}
RESULT: {}
COMMAND: DELETE /session/c336b23a39170495adacb30ef5b99798 - {}
RESULT: {}
]]></system-out>
    </testcase>
  </testsuite>
</testsuites>