<?xml version="1.0" encoding="UTF-8"?>
<testsuites tests="23" failures="7" errors="7" skipped="0">
  <testsuite timestamp="2025-06-14T17:46:57" time="1142.261" tests="6" failures="0" errors="0" skipped="0">
    <properties>
      <property name="specId" value="0"/>
      <property name="suiteName" value="Standard contract - add contract items by Insert Request US118222"/>
      <property name="capabilities" value="chrome.137_0_7151_69.windows"/>
      <property name="file" value="file:///D:/a/1/s/test/specs/R2C/standard-contract-add-contract-items-by-insert-request.spec.js"/>
    </properties>
    <testcase classname="chrome.137_0_7151_69.windows.Standard_contract_-_add_contract_items_by_Insert_Request_US118222" name="Should create prerequisites yard partner site material and equipment" time="314.116">
      <system-out><![CDATA[
COMMAND: POST /session/cc787b9332752cdee0bcd1748733cdef/execute/async - {"script":"<script> [1562 bytes]","args":[{"selector":{"controlType":"sap.m.GenericTile","properties":{"header":"Manage Yards"}},"wdio_ui5_key":"sapm.GenericTile{\"header\":\"Manage Yards\"}"}]}
RESULT: {"script":"<script> [1562 bytes]","args":[{"selector":{"controlType":"sap.m.GenericTile","properties":{"header":"Manage Yards"}},"wdio_ui5_key":"sapm.GenericTile{\"header\":\"Manage Yards\"}"}]}
RESULT: undefined
COMMAND: POST /session/cc787b9332752cdee0bcd1748733cdef/element - {"using":"xpath","value":"//*[@id=\"__tile42\"]"}
RESULT: {"using":"xpath","value":"//*[@id=\"__tile42\"]"}
COMMAND: POST /session/cc787b9332752cdee0bcd1748733cdef/element/f.40E06083F0E682023BA0E7AA24D478F4.d.CBD79CAA6816C166BEF7E085CA7AA6B7.e.118/click - {}
RESULT: {}
COMMAND: GET /session/cc787b9332752cdee0bcd1748733cdef/screenshot - {}
RESULT: {}
COMMAND: POST /session/cc787b9332752cdee0bcd1748733cdef/elements - {"using":"xpath","value":"//span[text()='Error']"}
RESULT: {"using":"xpath","value":"//span[text()='Error']"}
COMMAND: POST /session/cc787b9332752cdee0bcd1748733cdef/execute/async - {"script":"<script> [1562 bytes]","args":[{"selector":{"controlType":"sap.ui.core.Icon","viewName":"etm.portal.ui.manageyards.view.Master","viewId":"application-manageyards-display-component---masterYard","properties":{"src":{"regex":{"source":"add"}}}},"wdio_ui5_key":"etmportal.ui.manageyards.view.Mastersap.ui.core.Icon{\"src\":{\"regex\":{\"source\":\"add\"}}}"}]}
RESULT: {"script":"<script> [1562 bytes]","args":[{"selector":{"controlType":"sap.ui.core.Icon","viewName":"etm.portal.ui.manageyards.view.Master","viewId":"application-manageyards-display-component---masterYard","properties":{"src":{"regex":{"source":"add"}}}},"wdio_ui5_key":"etmportal.ui.manageyards.view.Mastersap.ui.core.Icon{\"src\":{\"regex\":{\"source\":\"add\"}}}"}]}
RESULT: undefined
COMMAND: POST /session/cc787b9332752cdee0bcd1748733cdef/element - {"using":"xpath","value":"//*[@id=\"__button4-img\"]"}
RESULT: {"using":"xpath","value":"//*[@id=\"__button4-img\"]"}
COMMAND: POST /session/cc787b9332752cdee0bcd1748733cdef/element/f.40E06083F0E682023BA0E7AA24D478F4.d.CBD79CAA6816C166BEF7E085CA7AA6B7.e.165/click - {}
RESULT: {}
COMMAND: GET /session/cc787b9332752cdee0bcd1748733cdef/screenshot - {}
RESULT: {}
COMMAND: POST /session/cc787b9332752cdee0bcd1748733cdef/execute/async - {"script":"<script> [1562 bytes]","args":[{"selector":{"id":"application-manageyards-display-component---NewYard--yardId","interaction":{"idSuffix":"inner"}},"wdio_ui5_key":"applicationmanageyards-display-component---NewYard--yardId"}]}
RESULT: {"script":"<script> [1562 bytes]","args":[{"selector":{"id":"application-manageyards-display-component---NewYard--yardId","interaction":{"idSuffix":"inner"}},"wdio_ui5_key":"applicationmanageyards-display-component---NewYard--yardId"}]}
RESULT: undefined
COMMAND: POST /session/cc787b9332752cdee0bcd1748733cdef/element - {"using":"xpath","value":"//*[@id=\"application-manageyards-display-component---NewYard--addressDetailDetailsName1-inner\"]"}
RESULT: {"using":"xpath","value":"//*[@id=\"application-manageyards-display-component---NewYard--addressDetailDetailsName1-inner\"]"}
COMMAND: POST /session/cc787b9332752cdee0bcd1748733cdef/element/f.40E06083F0E682023BA0E7AA24D478F4.d.CBD79CAA6816C166BEF7E085CA7AA6B7.e.377/clear - {}
RESULT: {}
COMMAND: POST /session/cc787b9332752cdee0bcd1748733cdef/element/f.40E06083F0E682023BA0E7AA24D478F4.d.CBD79CAA6816C166BEF7E085CA7AA6B7.e.377/value - {"text":"WebdriverYardmlvdxg"}
COMMAND: GET /session/cc787b9332752cdee0bcd1748733cdef/screenshot - {}
RESULT: {"text":"WebdriverYardmlvdxg"}
COMMAND: POST /session/cc787b9332752cdee0bcd1748733cdef/element - {"using":"xpath","value":"//*[@id=\"application-manageyards-display-component---NewYard--addressDetailDetailsLanguage-inner\"]"}
COMMAND: GET /session/cc787b9332752cdee0bcd1748733cdef/screenshot - {}
RESULT: {}
RESULT: {"using":"xpath","value":"//*[@id=\"application-manageyards-display-component---NewYard--addressDetailDetailsLanguage-inner\"]"}
COMMAND: POST /session/cc787b9332752cdee0bcd1748733cdef/element/f.40E06083F0E682023BA0E7AA24D478F4.d.CBD79CAA6816C166BEF7E085CA7AA6B7.e.378/clear - {}
RESULT: {}
RESULT: {}
COMMAND: POST /session/cc787b9332752cdee0bcd1748733cdef/element/f.40E06083F0E682023BA0E7AA24D478F4.d.CBD79CAA6816C166BEF7E085CA7AA6B7.e.378/value - {"text":"Romanian"}
COMMAND: GET /session/cc787b9332752cdee0bcd1748733cdef/screenshot - {}
RESULT: {"text":"Romanian"}
COMMAND: POST /session/cc787b9332752cdee0bcd1748733cdef/element - {"using":"xpath","value":"//input[contains(@id ,\"application-manageyards-display-component---NewYard--addressDetailDetailsName1-inner\")]"}
COMMAND: GET /session/cc787b9332752cdee0bcd1748733cdef/screenshot - {}
RESULT: {}
RESULT: {"using":"xpath","value":"//input[contains(@id ,\"application-manageyards-display-component---NewYard--addressDetailDetailsName1-inner\")]"}
COMMAND: GET /session/cc787b9332752cdee0bcd1748733cdef/element/f.40E06083F0E682023BA0E7AA24D478F4.d.CBD79CAA6816C166BEF7E085CA7AA6B7.e.377/property/value - {}
RESULT: {}
RESULT: {}
COMMAND: GET /session/cc787b9332752cdee0bcd1748733cdef/screenshot - {}
RESULT: {}
COMMAND: POST /session/cc787b9332752cdee0bcd1748733cdef/element - {"using":"xpath","value":"//*[@id=\"application-manageyards-display-component---NewYard--addressDetailDetailsCity1-inner\"]"}
RESULT: {"using":"xpath","value":"//*[@id=\"application-manageyards-display-component---NewYard--addressDetailDetailsCity1-inner\"]"}
COMMAND: POST /session/cc787b9332752cdee0bcd1748733cdef/element/f.40E06083F0E682023BA0E7AA24D478F4.d.CBD79CAA6816C166BEF7E085CA7AA6B7.e.380/clear - {}
RESULT: {}
COMMAND: POST /session/cc787b9332752cdee0bcd1748733cdef/element/f.40E06083F0E682023BA0E7AA24D478F4.d.CBD79CAA6816C166BEF7E085CA7AA6B7.e.380/value - {"text":"Bucuresti"}
COMMAND: GET /session/cc787b9332752cdee0bcd1748733cdef/screenshot - {}
RESULT: {"text":"Bucuresti"}
COMMAND: GET /session/cc787b9332752cdee0bcd1748733cdef/screenshot - {}
RESULT: {}
RESULT: {}
COMMAND: POST /session/cc787b9332752cdee0bcd1748733cdef/element - {"using":"xpath","value":"//*[@id=\"application-manageyards-display-component---NewYard--addressDetailDetailsCountry-inner\"]"}
RESULT: {"using":"xpath","value":"//*[@id=\"application-manageyards-display-component---NewYard--addressDetailDetailsCountry-inner\"]"}
COMMAND: POST /session/cc787b9332752cdee0bcd1748733cdef/element/f.40E06083F0E682023BA0E7AA24D478F4.d.CBD79CAA6816C166BEF7E085CA7AA6B7.e.384/clear - {}
RESULT: {}
COMMAND: POST /session/cc787b9332752cdee0bcd1748733cdef/element/f.40E06083F0E682023BA0E7AA24D478F4.d.CBD79CAA6816C166BEF7E085CA7AA6B7.e.384/value - {"text":"Romania"}
COMMAND: GET /session/cc787b9332752cdee0bcd1748733cdef/screenshot - {}
RESULT: {"text":"Romania"}
COMMAND: GET /session/cc787b9332752cdee0bcd1748733cdef/screenshot - {}
RESULT: {}
RESULT: {}
COMMAND: POST /session/cc787b9332752cdee0bcd1748733cdef/element - {"using":"xpath","value":"//div[contains(text(), \"Commercial\")]"}
RESULT: {"using":"xpath","value":"//div[contains(text(), \"Commercial\")]"}
COMMAND: GET /session/cc787b9332752cdee0bcd1748733cdef/element/f.40E06083F0E682023BA0E7AA24D478F4.d.CBD79CAA6816C166BEF7E085CA7AA6B7.e.576/rect - {}
RESULT: {}
COMMAND: GET /session/cc787b9332752cdee0bcd1748733cdef/window/rect - {}
RESULT: {}
COMMAND: POST /session/cc787b9332752cdee0bcd1748733cdef/execute/sync - {"script":"<script> [92 bytes]","args":[]}
RESULT: {"script":"<script> [92 bytes]","args":[]}
COMMAND: POST /session/cc787b9332752cdee0bcd1748733cdef/actions - {"actions":[{"id":"action1","type":"wheel","parameters":{},"actions":[{"type":"scroll","x":-1841,"y":-44,"deltaX":0,"deltaY":0,"duration":0,"origin":{"element-6066-11e4-a52e-4f735466cecf":"f.40E06083F0E682023BA0E7AA24D478F4.d.CBD79CAA6816C166BEF7E085CA7AA6B7.e.576"}}]}]}
COMMAND: GET /session/cc787b9332752cdee0bcd1748733cdef/screenshot - {}
RESULT: {}
COMMAND: POST /session/cc787b9332752cdee0bcd1748733cdef/execute/sync - {"script":"<script> [79 bytes]","args":[{"element-6066-11e4-a52e-4f735466cecf":"f.40E06083F0E682023BA0E7AA24D478F4.d.CBD79CAA6816C166BEF7E085CA7AA6B7.e.576","ELEMENT":"f.40E06083F0E682023BA0E7AA24D478F4.d.CBD79CAA6816C166BEF7E085CA7AA6B7.e.576"},{"block":"start","inline":"nearest"}]}
RESULT: {"script":"<script> [79 bytes]","args":[{"element-6066-11e4-a52e-4f735466cecf":"f.40E06083F0E682023BA0E7AA24D478F4.d.CBD79CAA6816C166BEF7E085CA7AA6B7.e.576","ELEMENT":"f.40E06083F0E682023BA0E7AA24D478F4.d.CBD79CAA6816C166BEF7E085CA7AA6B7.e.576"},{"block":"start","inline":"nearest"}]}
COMMAND: GET /session/cc787b9332752cdee0bcd1748733cdef/screenshot - {}
RESULT: {}
COMMAND: POST /session/cc787b9332752cdee0bcd1748733cdef/execute/async - {"script":"<script> [1562 bytes]","args":[{"selector":{"id":"application-manageyards-display-component---NewYard--addressEditDetailsCostObjectCstType-arrow"},"wdio_ui5_key":"applicationmanageyards-display-component---NewYard--addressEditDetailsCostObjectCstType-arrow"}]}
RESULT: {"script":"<script> [1562 bytes]","args":[{"selector":{"id":"application-manageyards-display-component---NewYard--addressEditDetailsCostObjectCstType-arrow"},"wdio_ui5_key":"applicationmanageyards-display-component---NewYard--addressEditDetailsCostObjectCstType-arrow"}]}
RESULT: undefined
COMMAND: POST /session/cc787b9332752cdee0bcd1748733cdef/element - {"using":"xpath","value":"//*[@id=\"application-manageyards-display-component---NewYard--addressEditDetailsCostObjectCstType-arrow\"]"}
RESULT: {"using":"xpath","value":"//*[@id=\"application-manageyards-display-component---NewYard--addressEditDetailsCostObjectCstType-arrow\"]"}
COMMAND: POST /session/cc787b9332752cdee0bcd1748733cdef/element/f.40E06083F0E682023BA0E7AA24D478F4.d.CBD79CAA6816C166BEF7E085CA7AA6B7.e.584/click - {}
RESULT: {}
COMMAND: POST /session/cc787b9332752cdee0bcd1748733cdef/element - {"using":"xpath","value":"//span[contains(text(), \"Cost Center\")]"}
COMMAND: GET /session/cc787b9332752cdee0bcd1748733cdef/screenshot - {}
RESULT: {"using":"xpath","value":"//span[contains(text(), \"Cost Center\")]"}
COMMAND: POST /session/cc787b9332752cdee0bcd1748733cdef/element/f.40E06083F0E682023BA0E7AA24D478F4.d.CBD79CAA6816C166BEF7E085CA7AA6B7.e.596/click - {}
RESULT: {}
RESULT: {}
COMMAND: GET /session/cc787b9332752cdee0bcd1748733cdef/screenshot - {}
RESULT: {}
COMMAND: POST /session/cc787b9332752cdee0bcd1748733cdef/execute/async - {"script":"<script> [1562 bytes]","args":[{"selector":{"id":"application-manageyards-display-component---NewYard--addressNewCostObjectCstID-vhi"},"wdio_ui5_key":"applicationmanageyards-display-component---NewYard--addressNewCostObjectCstID-vhi"}]}
RESULT: {"script":"<script> [1562 bytes]","args":[{"selector":{"id":"application-manageyards-display-component---NewYard--addressNewCostObjectCstID-vhi"},"wdio_ui5_key":"applicationmanageyards-display-component---NewYard--addressNewCostObjectCstID-vhi"}]}
RESULT: undefined
COMMAND: POST /session/cc787b9332752cdee0bcd1748733cdef/element - {"using":"xpath","value":"//*[@id=\"application-manageyards-display-component---NewYard--addressNewCostObjectCstID-vhi\"]"}
RESULT: {"using":"xpath","value":"//*[@id=\"application-manageyards-display-component---NewYard--addressNewCostObjectCstID-vhi\"]"}
COMMAND: POST /session/cc787b9332752cdee0bcd1748733cdef/element/f.40E06083F0E682023BA0E7AA24D478F4.d.CBD79CAA6816C166BEF7E085CA7AA6B7.e.600/click - {}
RESULT: {}
COMMAND: GET /session/cc787b9332752cdee0bcd1748733cdef/screenshot - {}
RESULT: {}
COMMAND: POST /session/cc787b9332752cdee0bcd1748733cdef/execute/async - {"script":"<script> [1562 bytes]","args":[{"selector":{"controlType":"sap.m.SearchField","properties":{"placeholder":"Search"},"searchOpenDialogs":true,"interaction":{"idSuffix":"I"}},"wdio_ui5_key":"sapm.SearchField{\"placeholder\":\"Search\"}"}]}
RESULT: {"script":"<script> [1562 bytes]","args":[{"selector":{"controlType":"sap.m.SearchField","properties":{"placeholder":"Search"},"searchOpenDialogs":true,"interaction":{"idSuffix":"I"}},"wdio_ui5_key":"sapm.SearchField{\"placeholder\":\"Search\"}"}]}
RESULT: undefined
COMMAND: POST /session/cc787b9332752cdee0bcd1748733cdef/execute/async - {"script":"<script> [776 bytes]","args":[{"enterText":"10001013","selector":{"controlType":"sap.m.SearchField","properties":{"placeholder":"Search"},"searchOpenDialogs":true,"interaction":{"idSuffix":"I"}},"clearTextFirst":true,"interactionType":"ENTER_TEXT"}]}
RESULT: {"script":"<script> [776 bytes]","args":[{"enterText":"10001013","selector":{"controlType":"sap.m.SearchField","properties":{"placeholder":"Search"},"searchOpenDialogs":true,"interaction":{"idSuffix":"I"}},"clearTextFirst":true,"interactionType":"ENTER_TEXT"}]}
COMMAND: POST /session/cc787b9332752cdee0bcd1748733cdef/actions - {"actions":[{"id":"action2","type":"key","parameters":{},"actions":[{"type":"keyDown","value":""},{"type":"pause","duration":10},{"type":"keyUp","value":""}]}]}
RESULT: {"actions":[{"id":"action2","type":"key","parameters":{},"actions":[{"type":"keyDown","value":""},{"type":"pause","duration":10},{"type":"keyUp","value":""}]}]}
COMMAND: GET /session/cc787b9332752cdee0bcd1748733cdef/screenshot - {}
RESULT: {}
COMMAND: POST /session/cc787b9332752cdee0bcd1748733cdef/element - {"using":"xpath","value":"//span[contains(text(), \"General Management\")]"}
RESULT: {"using":"xpath","value":"//span[contains(text(), \"General Management\")]"}
COMMAND: POST /session/cc787b9332752cdee0bcd1748733cdef/element/f.40E06083F0E682023BA0E7AA24D478F4.d.CBD79CAA6816C166BEF7E085CA7AA6B7.e.640/click - {}
RESULT: {}
COMMAND: GET /session/cc787b9332752cdee0bcd1748733cdef/screenshot - {}
RESULT: {}
COMMAND: POST /session/cc787b9332752cdee0bcd1748733cdef/element - {"using":"xpath","value":"//bdi[contains(text(), \"OK\")]"}
RESULT: {"using":"xpath","value":"//bdi[contains(text(), \"OK\")]"}
COMMAND: POST /session/cc787b9332752cdee0bcd1748733cdef/element/f.40E06083F0E682023BA0E7AA24D478F4.d.CBD79CAA6816C166BEF7E085CA7AA6B7.e.641/click - {}
RESULT: {}
COMMAND: GET /session/cc787b9332752cdee0bcd1748733cdef/screenshot - {}
RESULT: {}
COMMAND: POST /session/cc787b9332752cdee0bcd1748733cdef/execute/async - {"script":"<script> [1562 bytes]","args":[{"selector":{"controlType":"sap.m.Button","viewName":"etm.portal.ui.manageyards.view.New","viewId":"application-manageyards-display-component---NewYard","i18NText":{"propertyName":"text","key":"save"},"interaction":{"idSuffix":"inner"}},"wdio_ui5_key":"etmportal.ui.manageyards.view.Newsap.m.Button{\"propertyName\":\"text\",\"key\":\"save\"}"}]}
RESULT: {"script":"<script> [1562 bytes]","args":[{"selector":{"controlType":"sap.m.Button","viewName":"etm.portal.ui.manageyards.view.New","viewId":"application-manageyards-display-component---NewYard","i18NText":{"propertyName":"text","key":"save"},"interaction":{"idSuffix":"inner"}},"wdio_ui5_key":"etmportal.ui.manageyards.view.Newsap.m.Button{\"propertyName\":\"text\",\"key\":\"save\"}"}]}
RESULT: undefined
COMMAND: POST /session/cc787b9332752cdee0bcd1748733cdef/element - {"using":"xpath","value":"//*[@id=\"__button18\"]"}
RESULT: {"using":"xpath","value":"//*[@id=\"__button18\"]"}
COMMAND: POST /session/cc787b9332752cdee0bcd1748733cdef/element/f.40E06083F0E682023BA0E7AA24D478F4.d.CBD79CAA6816C166BEF7E085CA7AA6B7.e.538/click - {}
RESULT: {}
COMMAND: GET /session/cc787b9332752cdee0bcd1748733cdef/screenshot - {}
RESULT: {}
COMMAND: POST /session/cc787b9332752cdee0bcd1748733cdef/element - {"using":"xpath","value":"//header/div/div[2]/div[2]/span"}
RESULT: {"using":"xpath","value":"//header/div/div[2]/div[2]/span"}
COMMAND: GET /session/cc787b9332752cdee0bcd1748733cdef/element/f.40E06083F0E682023BA0E7AA24D478F4.d.CBD79CAA6816C166BEF7E085CA7AA6B7.e.838/text - {}
RESULT: {}
COMMAND: POST /session/cc787b9332752cdee0bcd1748733cdef/execute/async - {"script":"<script> [1562 bytes]","args":[{"selector":{"controlType":"sap.m.OverflowToolbarButton","viewName":"etm.portal.ui.manageyards.view.Detail","viewId":"application-manageyards-display-component---detailYard","i18NText":{"propertyName":"tooltip","key":"closeColumn"},"interaction":{"idSuffix":"inner"}},"wdio_ui5_key":"etmportal.ui.manageyards.view.Detailsap.m.OverflowToolbarButton{\"propertyName\":\"tooltip\",\"key\":\"closeColumn\"}"}]}
RESULT: {"script":"<script> [1562 bytes]","args":[{"selector":{"controlType":"sap.m.OverflowToolbarButton","viewName":"etm.portal.ui.manageyards.view.Detail","viewId":"application-manageyards-display-component---detailYard","i18NText":{"propertyName":"tooltip","key":"closeColumn"},"interaction":{"idSuffix":"inner"}},"wdio_ui5_key":"etmportal.ui.manageyards.view.Detailsap.m.OverflowToolbarButton{\"propertyName\":\"tooltip\",\"key\":\"closeColumn\"}"}]}
RESULT: undefined
COMMAND: POST /session/cc787b9332752cdee0bcd1748733cdef/element - {"using":"xpath","value":"//*[@id=\"__button42\"]"}
RESULT: {"using":"xpath","value":"//*[@id=\"__button42\"]"}
COMMAND: POST /session/cc787b9332752cdee0bcd1748733cdef/element/f.40E06083F0E682023BA0E7AA24D478F4.d.CBD79CAA6816C166BEF7E085CA7AA6B7.e.840/click - {}
RESULT: {}
COMMAND: GET /session/cc787b9332752cdee0bcd1748733cdef/screenshot - {}
RESULT: {}
COMMAND: POST /session/cc787b9332752cdee0bcd1748733cdef/element - {"using":"css selector","value":"#shell-header-logo"}
RESULT: {"using":"css selector","value":"#shell-header-logo"}
COMMAND: POST /session/cc787b9332752cdee0bcd1748733cdef/element/f.40E06083F0E682023BA0E7AA24D478F4.d.CBD79CAA6816C166BEF7E085CA7AA6B7.e.121/click - {}
RESULT: {}
COMMAND: GET /session/cc787b9332752cdee0bcd1748733cdef/screenshot - {}
RESULT: {}
COMMAND: POST /session/cc787b9332752cdee0bcd1748733cdef/refresh - {}
RESULT: {}
COMMAND: GET /session/cc787b9332752cdee0bcd1748733cdef/screenshot - {}
RESULT: {}
COMMAND: POST /session/cc787b9332752cdee0bcd1748733cdef/execute/async - {"script":"<script> [189 bytes]","args":[]}
RESULT: {"script":"<script> [189 bytes]","args":[]}
COMMAND: POST /session/cc787b9332752cdee0bcd1748733cdef/execute/async - {"script":"<script> [123 bytes]","args":[]}
RESULT: {"script":"<script> [123 bytes]","args":[]}
COMMAND: POST /session/cc787b9332752cdee0bcd1748733cdef/timeouts - {"script":"<number>"}
RESULT: {"script":"<number>"}
COMMAND: GET /session/cc787b9332752cdee0bcd1748733cdef/timeouts - {}
RESULT: {}
RESULT: undefined
COMMAND: POST /session/cc787b9332752cdee0bcd1748733cdef/execute/async - {"script":"<script> [2676 bytes]","args":[]}
RESULT: {"script":"<script> [2676 bytes]","args":[]}
COMMAND: POST /session/cc787b9332752cdee0bcd1748733cdef/execute/async - {"script":"<script> [2342 bytes]","args":[{"protocol":"http","hostname":"0.0.0.0","path":"/","capabilities":{"browserName":"chrome","goog:chromeOptions":{"binary":"C:\\Program Files\\Google\\Chrome\\Application\\chrome.exe","args":["--start-maximized"]}},"logLevel":"warn","connectionRetryTimeout":120000,"connectionRetryCount":3,"logLevels":{},"enableDirectConnect":true,"strictSSL":true,"_":"65 more keys: [\"cacheDir\",\"port\",\"requestedCapabilities\",\"automationProtocol\",\"baseUrl\",\"waitforInterval\",\"waitforTimeout\",\"onReload\",\"beforeCommand\",\"afterCommand\",\"rootDir\",\"specs\",\"suites\",\"exclude\",\"groupLogsByTestSpec\",\"excludeDriverLogs\",\"bail\",\"framework\",\"reporters\",\"services\",\"maxInstances\",\"maxInstancesPerCapability\",\"injectGlobals\",\"filesToWatch\",\"execArgv\",\"runnerEnv\",\"runner\",\"shard\",\"specFileRetries\",\"specFileRetriesDelay\",\"specFileRetriesDeferred\",\"reporterSyncInterval\",\"reporterSyncTimeout\",\"cucumberFeaturesWithLineNumbers\",\"autoCompileOpts\",\"mochaOpts\",\"jasmineOpts\",\"cucumberOpts\",\"onPrepare\",\"onWorkerStart\",\"onWorkerEnd\",\"before\",\"beforeSession\",\"beforeSuite\",\"beforeHook\",\"beforeTest\",\"afterTest\",\"afterHook\",\"afterSuite\",\"afterSession\",\"after\",\"onComplete\",\"beforeAssertion\",\"afterAssertion\",\"beforeFeature\",\"beforeScenario\",\"beforeStep\",\"afterStep\",\"afterScenario\",\"afterFeature\",\"_\",\"suite\",\"$0\",\"ignoredWorkerServices\",\"wdi5\"]"}]}
RESULT: {"script":"<script> [2342 bytes]","args":[{"protocol":"http","hostname":"0.0.0.0","path":"/","capabilities":{"browserName":"chrome","goog:chromeOptions":{"binary":"C:\\Program Files\\Google\\Chrome\\Application\\chrome.exe","args":["--start-maximized"]}},"logLevel":"warn","connectionRetryTimeout":120000,"connectionRetryCount":3,"logLevels":{},"enableDirectConnect":true,"strictSSL":true,"_":"65 more keys: [\"cacheDir\",\"port\",\"requestedCapabilities\",\"automationProtocol\",\"baseUrl\",\"waitforInterval\",\"waitforTimeout\",\"onReload\",\"beforeCommand\",\"afterCommand\",\"rootDir\",\"specs\",\"suites\",\"exclude\",\"groupLogsByTestSpec\",\"excludeDriverLogs\",\"bail\",\"framework\",\"reporters\",\"services\",\"maxInstances\",\"maxInstancesPerCapability\",\"injectGlobals\",\"filesToWatch\",\"execArgv\",\"runnerEnv\",\"runner\",\"shard\",\"specFileRetries\",\"specFileRetriesDelay\",\"specFileRetriesDeferred\",\"reporterSyncInterval\",\"reporterSyncTimeout\",\"cucumberFeaturesWithLineNumbers\",\"autoCompileOpts\",\"mochaOpts\",\"jasmineOpts\",\"cucumberOpts\",\"onPrepare\",\"onWorkerStart\",\"onWorkerEnd\",\"before\",\"beforeSession\",\"beforeSuite\",\"beforeHook\",\"beforeTest\",\"afterTest\",\"afterHook\",\"afterSuite\",\"afterSession\",\"after\",\"onComplete\",\"beforeAssertion\",\"afterAssertion\",\"beforeFeature\",\"beforeScenario\",\"beforeStep\",\"afterStep\",\"afterScenario\",\"afterFeature\",\"_\",\"suite\",\"$0\",\"ignoredWorkerServices\",\"wdi5\"]"}]}
COMMAND: POST /session/cc787b9332752cdee0bcd1748733cdef/execute/async - {"script":"<script> [21126 bytes]","args":[35000]}
RESULT: {"script":"<script> [21126 bytes]","args":[35000]}
COMMAND: POST /session/cc787b9332752cdee0bcd1748733cdef/execute/async - {"script":"<script> [1562 bytes]","args":[{"selector":{"controlType":"sap.m.GenericTile","properties":{"header":"Manage Partners"}},"wdio_ui5_key":"sapm.GenericTile{\"header\":\"Manage Partners\"}"}]}
RESULT: {"script":"<script> [1562 bytes]","args":[{"selector":{"controlType":"sap.m.GenericTile","properties":{"header":"Manage Partners"}},"wdio_ui5_key":"sapm.GenericTile{\"header\":\"Manage Partners\"}"}]}
RESULT: undefined
COMMAND: POST /session/cc787b9332752cdee0bcd1748733cdef/element - {"using":"xpath","value":"//*[@id=\"__tile39\"]"}
RESULT: {"using":"xpath","value":"//*[@id=\"__tile39\"]"}
COMMAND: POST /session/cc787b9332752cdee0bcd1748733cdef/element/f.40E06083F0E682023BA0E7AA24D478F4.d.8D6A6B4735F14F28813955F1F0C3B217.e.1195/click - {}
RESULT: {}
COMMAND: GET /session/cc787b9332752cdee0bcd1748733cdef/screenshot - {}
RESULT: {}
COMMAND: POST /session/cc787b9332752cdee0bcd1748733cdef/elements - {"using":"xpath","value":"//span[text()='Error']"}
RESULT: {"using":"xpath","value":"//span[text()='Error']"}
COMMAND: POST /session/cc787b9332752cdee0bcd1748733cdef/execute/async - {"script":"<script> [1562 bytes]","args":[{"selector":{"controlType":"sap.ui.core.Icon","viewName":"etm.portal.ui.managepartners.view.Master","viewId":"application-managepartners-display-component---masterPtm","properties":{"src":{"regex":{"source":"add"}}}},"wdio_ui5_key":"etmportal.ui.managepartners.view.Mastersap.ui.core.Icon{\"src\":{\"regex\":{\"source\":\"add\"}}}"}]}
RESULT: {"script":"<script> [1562 bytes]","args":[{"selector":{"controlType":"sap.ui.core.Icon","viewName":"etm.portal.ui.managepartners.view.Master","viewId":"application-managepartners-display-component---masterPtm","properties":{"src":{"regex":{"source":"add"}}}},"wdio_ui5_key":"etmportal.ui.managepartners.view.Mastersap.ui.core.Icon{\"src\":{\"regex\":{\"source\":\"add\"}}}"}]}
RESULT: undefined
COMMAND: POST /session/cc787b9332752cdee0bcd1748733cdef/element - {"using":"xpath","value":"//*[@id=\"__button4-img\"]"}
RESULT: {"using":"xpath","value":"//*[@id=\"__button4-img\"]"}
COMMAND: POST /session/cc787b9332752cdee0bcd1748733cdef/element/f.40E06083F0E682023BA0E7AA24D478F4.d.8D6A6B4735F14F28813955F1F0C3B217.e.1246/click - {}
RESULT: {}
COMMAND: GET /session/cc787b9332752cdee0bcd1748733cdef/screenshot - {}
RESULT: {}
COMMAND: POST /session/cc787b9332752cdee0bcd1748733cdef/execute/async - {"script":"<script> [1562 bytes]","args":[{"selector":{"id":"application-managepartners-display-component---NewPartner--partnerId","interaction":{"idSuffix":"inner"}},"wdio_ui5_key":"applicationmanagepartners-display-component---NewPartner--partnerId"}]}
RESULT: {"script":"<script> [1562 bytes]","args":[{"selector":{"id":"application-managepartners-display-component---NewPartner--partnerId","interaction":{"idSuffix":"inner"}},"wdio_ui5_key":"applicationmanagepartners-display-component---NewPartner--partnerId"}]}
RESULT: undefined
COMMAND: POST /session/cc787b9332752cdee0bcd1748733cdef/execute/async - {"script":"<script> [1562 bytes]","args":[{"selector":{"id":"application-managepartners-display-component---NewPartner--addressDetailDetailsName1","interaction":{"idSuffix":"inner"}},"wdio_ui5_key":"applicationmanagepartners-display-component---NewPartner--addressDetailDetailsName1"}]}
RESULT: {"script":"<script> [1562 bytes]","args":[{"selector":{"id":"application-managepartners-display-component---NewPartner--addressDetailDetailsName1","interaction":{"idSuffix":"inner"}},"wdio_ui5_key":"applicationmanagepartners-display-component---NewPartner--addressDetailDetailsName1"}]}
RESULT: undefined
COMMAND: POST /session/cc787b9332752cdee0bcd1748733cdef/execute/async - {"script":"<script> [776 bytes]","args":[{"enterText":"WebdriverPartnercvfu3","selector":{"id":"application-managepartners-display-component---NewPartner--addressDetailDetailsName1","interaction":{"idSuffix":"inner"}},"clearTextFirst":true,"interactionType":"ENTER_TEXT"}]}
RESULT: {"script":"<script> [776 bytes]","args":[{"enterText":"WebdriverPartnercvfu3","selector":{"id":"application-managepartners-display-component---NewPartner--addressDetailDetailsName1","interaction":{"idSuffix":"inner"}},"clearTextFirst":true,"interactionType":"ENTER_TEXT"}]}
COMMAND: POST /session/cc787b9332752cdee0bcd1748733cdef/execute/async - {"script":"<script> [1562 bytes]","args":[{"selector":{"id":"application-managepartners-display-component---NewPartner--addressDetailDetailsLanguage","interaction":{"idSuffix":"inner"}},"wdio_ui5_key":"applicationmanagepartners-display-component---NewPartner--addressDetailDetailsLanguage"}]}
RESULT: {"script":"<script> [1562 bytes]","args":[{"selector":{"id":"application-managepartners-display-component---NewPartner--addressDetailDetailsLanguage","interaction":{"idSuffix":"inner"}},"wdio_ui5_key":"applicationmanagepartners-display-component---NewPartner--addressDetailDetailsLanguage"}]}
RESULT: undefined
COMMAND: POST /session/cc787b9332752cdee0bcd1748733cdef/execute/async - {"script":"<script> [776 bytes]","args":[{"enterText":"Romanian","selector":{"id":"application-managepartners-display-component---NewPartner--addressDetailDetailsLanguage","interaction":{"idSuffix":"inner"}},"clearTextFirst":true,"interactionType":"ENTER_TEXT"}]}
RESULT: {"script":"<script> [776 bytes]","args":[{"enterText":"Romanian","selector":{"id":"application-managepartners-display-component---NewPartner--addressDetailDetailsLanguage","interaction":{"idSuffix":"inner"}},"clearTextFirst":true,"interactionType":"ENTER_TEXT"}]}
COMMAND: POST /session/cc787b9332752cdee0bcd1748733cdef/element - {"using":"xpath","value":"//input[contains(@id ,\"application-managepartners-display-component---NewPartner--addressDetailDetailsName1-inner\")]"}
RESULT: {"using":"xpath","value":"//input[contains(@id ,\"application-managepartners-display-component---NewPartner--addressDetailDetailsName1-inner\")]"}
COMMAND: GET /session/cc787b9332752cdee0bcd1748733cdef/element/f.40E06083F0E682023BA0E7AA24D478F4.d.8D6A6B4735F14F28813955F1F0C3B217.e.1423/property/value - {}
RESULT: {}
COMMAND: POST /session/cc787b9332752cdee0bcd1748733cdef/execute/async - {"script":"<script> [1562 bytes]","args":[{"selector":{"id":"application-managepartners-display-component---NewPartner--addressDetailDetailsCity1","interaction":{"idSuffix":"inner"}},"wdio_ui5_key":"applicationmanagepartners-display-component---NewPartner--addressDetailDetailsCity1"}]}
COMMAND: GET /session/cc787b9332752cdee0bcd1748733cdef/screenshot - {}
RESULT: {"script":"<script> [1562 bytes]","args":[{"selector":{"id":"application-managepartners-display-component---NewPartner--addressDetailDetailsCity1","interaction":{"idSuffix":"inner"}},"wdio_ui5_key":"applicationmanagepartners-display-component---NewPartner--addressDetailDetailsCity1"}]}
RESULT: undefined
COMMAND: POST /session/cc787b9332752cdee0bcd1748733cdef/execute/async - {"script":"<script> [776 bytes]","args":[{"enterText":"Bucharest","selector":{"id":"application-managepartners-display-component---NewPartner--addressDetailDetailsCity1","interaction":{"idSuffix":"inner"}},"clearTextFirst":true,"interactionType":"ENTER_TEXT"}]}
RESULT: {}
RESULT: {"script":"<script> [776 bytes]","args":[{"enterText":"Bucharest","selector":{"id":"application-managepartners-display-component---NewPartner--addressDetailDetailsCity1","interaction":{"idSuffix":"inner"}},"clearTextFirst":true,"interactionType":"ENTER_TEXT"}]}
COMMAND: POST /session/cc787b9332752cdee0bcd1748733cdef/execute/async - {"script":"<script> [1562 bytes]","args":[{"selector":{"id":"application-managepartners-display-component---NewPartner--addressDetailDetailsCountry","interaction":{"idSuffix":"inner"}},"wdio_ui5_key":"applicationmanagepartners-display-component---NewPartner--addressDetailDetailsCountry"}]}
RESULT: {"script":"<script> [1562 bytes]","args":[{"selector":{"id":"application-managepartners-display-component---NewPartner--addressDetailDetailsCountry","interaction":{"idSuffix":"inner"}},"wdio_ui5_key":"applicationmanagepartners-display-component---NewPartner--addressDetailDetailsCountry"}]}
RESULT: undefined
COMMAND: POST /session/cc787b9332752cdee0bcd1748733cdef/execute/async - {"script":"<script> [6424 bytes]","args":[{"element-6066-11e4-a52e-4f735466cecf":"f.40E06083F0E682023BA0E7AA24D478F4.d.8D6A6B4735F14F28813955F1F0C3B217.e.1430"},"setValue",["Romania"]]}
RESULT: {"script":"<script> [6424 bytes]","args":[{"element-6066-11e4-a52e-4f735466cecf":"f.40E06083F0E682023BA0E7AA24D478F4.d.8D6A6B4735F14F28813955F1F0C3B217.e.1430"},"setValue",["Romania"]]}
COMMAND: POST /session/cc787b9332752cdee0bcd1748733cdef/execute/async - {"script":"<script> [1562 bytes]","args":[{"selector":{"id":"application-managepartners-display-component---NewPartner--partnerDetailInternal","interaction":{"idSuffix":"inner"}},"wdio_ui5_key":"applicationmanagepartners-display-component---NewPartner--partnerDetailInternal"}]}
RESULT: {"script":"<script> [1562 bytes]","args":[{"selector":{"id":"application-managepartners-display-component---NewPartner--partnerDetailInternal","interaction":{"idSuffix":"inner"}},"wdio_ui5_key":"applicationmanagepartners-display-component---NewPartner--partnerDetailInternal"}]}
RESULT: undefined
COMMAND: POST /session/cc787b9332752cdee0bcd1748733cdef/execute/async - {"script":"<script> [776 bytes]","args":[{"enterText":"External partner","selector":{"id":"application-managepartners-display-component---NewPartner--partnerDetailInternal","interaction":{"idSuffix":"inner"}},"clearTextFirst":true,"interactionType":"ENTER_TEXT"}]}
RESULT: {"script":"<script> [776 bytes]","args":[{"enterText":"External partner","selector":{"id":"application-managepartners-display-component---NewPartner--partnerDetailInternal","interaction":{"idSuffix":"inner"}},"clearTextFirst":true,"interactionType":"ENTER_TEXT"}]}
COMMAND: POST /session/cc787b9332752cdee0bcd1748733cdef/execute/async - {"script":"<script> [1562 bytes]","args":[{"selector":{"id":"application-managepartners-display-component---NewPartner--partnerDetailsCurrency","interaction":{"idSuffix":"inner"}},"wdio_ui5_key":"applicationmanagepartners-display-component---NewPartner--partnerDetailsCurrency"}]}
RESULT: {"script":"<script> [1562 bytes]","args":[{"selector":{"id":"application-managepartners-display-component---NewPartner--partnerDetailsCurrency","interaction":{"idSuffix":"inner"}},"wdio_ui5_key":"applicationmanagepartners-display-component---NewPartner--partnerDetailsCurrency"}]}
RESULT: undefined
COMMAND: POST /session/cc787b9332752cdee0bcd1748733cdef/execute/async - {"script":"<script> [776 bytes]","args":[{"enterText":"Euro","selector":{"id":"application-managepartners-display-component---NewPartner--partnerDetailsCurrency","interaction":{"idSuffix":"inner"}},"clearTextFirst":true,"interactionType":"ENTER_TEXT"}]}
RESULT: {"script":"<script> [776 bytes]","args":[{"enterText":"Euro","selector":{"id":"application-managepartners-display-component---NewPartner--partnerDetailsCurrency","interaction":{"idSuffix":"inner"}},"clearTextFirst":true,"interactionType":"ENTER_TEXT"}]}
COMMAND: POST /session/cc787b9332752cdee0bcd1748733cdef/execute/async - {"script":"<script> [1562 bytes]","args":[{"selector":{"controlType":"sap.m.Button","viewName":"etm.portal.ui.managepartners.view.NewPartner","viewId":"application-managepartners-display-component---NewPartner","properties":{"text":"Commercial"},"interaction":{"idSuffix":"BDI-content"}},"wdio_ui5_key":"etmportal.ui.managepartners.view.NewPartnersap.m.Button{\"text\":\"Commercial\"}"}]}
RESULT: {"script":"<script> [1562 bytes]","args":[{"selector":{"controlType":"sap.m.Button","viewName":"etm.portal.ui.managepartners.view.NewPartner","viewId":"application-managepartners-display-component---NewPartner","properties":{"text":"Commercial"},"interaction":{"idSuffix":"BDI-content"}},"wdio_ui5_key":"etmportal.ui.managepartners.view.NewPartnersap.m.Button{\"text\":\"Commercial\"}"}]}
RESULT: undefined
COMMAND: POST /session/cc787b9332752cdee0bcd1748733cdef/element - {"using":"xpath","value":"//*[@id=\"application-managepartners-display-component---NewPartner--ObjectPageLayout-anchBar-__section5-anchor\"]"}
RESULT: {"using":"xpath","value":"//*[@id=\"application-managepartners-display-component---NewPartner--ObjectPageLayout-anchBar-__section5-anchor\"]"}
COMMAND: POST /session/cc787b9332752cdee0bcd1748733cdef/element/f.40E06083F0E682023BA0E7AA24D478F4.d.8D6A6B4735F14F28813955F1F0C3B217.e.1675/click - {}
RESULT: {}
COMMAND: GET /session/cc787b9332752cdee0bcd1748733cdef/screenshot - {}
RESULT: {}
COMMAND: POST /session/cc787b9332752cdee0bcd1748733cdef/execute/async - {"script":"<script> [1562 bytes]","args":[{"selector":{"id":"application-managepartners-display-component---NewPartner--btnAddTableRow-img"},"wdio_ui5_key":"applicationmanagepartners-display-component---NewPartner--btnAddTableRow-img"}]}
RESULT: {"script":"<script> [1562 bytes]","args":[{"selector":{"id":"application-managepartners-display-component---NewPartner--btnAddTableRow-img"},"wdio_ui5_key":"applicationmanagepartners-display-component---NewPartner--btnAddTableRow-img"}]}
RESULT: undefined
COMMAND: POST /session/cc787b9332752cdee0bcd1748733cdef/element - {"using":"xpath","value":"//*[@id=\"application-managepartners-display-component---NewPartner--btnAddTableRow-img\"]"}
RESULT: {"using":"xpath","value":"//*[@id=\"application-managepartners-display-component---NewPartner--btnAddTableRow-img\"]"}
COMMAND: POST /session/cc787b9332752cdee0bcd1748733cdef/element/f.40E06083F0E682023BA0E7AA24D478F4.d.8D6A6B4735F14F28813955F1F0C3B217.e.1683/click - {}
RESULT: {}
COMMAND: POST /session/cc787b9332752cdee0bcd1748733cdef/element - {"using":"xpath","value":"//input[contains(@id ,\"application-managepartners-display-component---NewPartner--assignmentYard-application-managepartners-display-component---NewPartner\")]"}
COMMAND: GET /session/cc787b9332752cdee0bcd1748733cdef/screenshot - {}
RESULT: {"using":"xpath","value":"//input[contains(@id ,\"application-managepartners-display-component---NewPartner--assignmentYard-application-managepartners-display-component---NewPartner\")]"}
COMMAND: POST /session/cc787b9332752cdee0bcd1748733cdef/element/f.40E06083F0E682023BA0E7AA24D478F4.d.8D6A6B4735F14F28813955F1F0C3B217.e.1686/clear - {}
RESULT: {}
RESULT: {}
COMMAND: POST /session/cc787b9332752cdee0bcd1748733cdef/element/f.40E06083F0E682023BA0E7AA24D478F4.d.8D6A6B4735F14F28813955F1F0C3B217.e.1686/value - {"text":"WebdriverYardmlvdxg"}
COMMAND: GET /session/cc787b9332752cdee0bcd1748733cdef/screenshot - {}
RESULT: {"text":"WebdriverYardmlvdxg"}
COMMAND: GET /session/cc787b9332752cdee0bcd1748733cdef/screenshot - {}
RESULT: {}
RESULT: {}
COMMAND: POST /session/cc787b9332752cdee0bcd1748733cdef/execute/async - {"script":"<script> [1562 bytes]","args":[{"selector":{"controlType":"sap.m.Button","viewName":"etm.portal.ui.managepartners.view.NewPartner","viewId":"application-managepartners-display-component---NewPartner","i18NText":{"propertyName":"text","key":"save"},"interaction":{"idSuffix":"BDI-content"}},"wdio_ui5_key":"etmportal.ui.managepartners.view.NewPartnersap.m.Button{\"propertyName\":\"text\",\"key\":\"save\"}"}]}
RESULT: {"script":"<script> [1562 bytes]","args":[{"selector":{"controlType":"sap.m.Button","viewName":"etm.portal.ui.managepartners.view.NewPartner","viewId":"application-managepartners-display-component---NewPartner","i18NText":{"propertyName":"text","key":"save"},"interaction":{"idSuffix":"BDI-content"}},"wdio_ui5_key":"etmportal.ui.managepartners.view.NewPartnersap.m.Button{\"propertyName\":\"text\",\"key\":\"save\"}"}]}
RESULT: undefined
COMMAND: POST /session/cc787b9332752cdee0bcd1748733cdef/element - {"using":"xpath","value":"//*[@id=\"__button12\"]"}
RESULT: {"using":"xpath","value":"//*[@id=\"__button12\"]"}
COMMAND: POST /session/cc787b9332752cdee0bcd1748733cdef/element/f.40E06083F0E682023BA0E7AA24D478F4.d.8D6A6B4735F14F28813955F1F0C3B217.e.1653/click - {}
RESULT: {}
COMMAND: GET /session/cc787b9332752cdee0bcd1748733cdef/screenshot - {}
RESULT: {}
COMMAND: POST /session/cc787b9332752cdee0bcd1748733cdef/element - {"using":"xpath","value":"//header/div/div[2]/div[2]/span"}
RESULT: {"using":"xpath","value":"//header/div/div[2]/div[2]/span"}
COMMAND: GET /session/cc787b9332752cdee0bcd1748733cdef/element/f.40E06083F0E682023BA0E7AA24D478F4.d.8D6A6B4735F14F28813955F1F0C3B217.e.1855/text - {}
RESULT: {}
COMMAND: POST /session/cc787b9332752cdee0bcd1748733cdef/element - {"using":"xpath","value":"//header/div/div/div/div/div/div[2]/div/span"}
RESULT: {"using":"xpath","value":"//header/div/div/div/div/div/div[2]/div/span"}
COMMAND: GET /session/cc787b9332752cdee0bcd1748733cdef/element/f.40E06083F0E682023BA0E7AA24D478F4.d.8D6A6B4735F14F28813955F1F0C3B217.e.1856/text - {}
RESULT: {}
COMMAND: POST /session/cc787b9332752cdee0bcd1748733cdef/execute/async - {"script":"<script> [1562 bytes]","args":[{"selector":{"id":"application-managepartners-display-component---detailPtm--partnerType"},"wdio_ui5_key":"applicationmanagepartners-display-component---detailPtm--partnerType"}]}
RESULT: {"script":"<script> [1562 bytes]","args":[{"selector":{"id":"application-managepartners-display-component---detailPtm--partnerType"},"wdio_ui5_key":"applicationmanagepartners-display-component---detailPtm--partnerType"}]}
RESULT: undefined
COMMAND: POST /session/cc787b9332752cdee0bcd1748733cdef/execute/async - {"script":"<script> [6424 bytes]","args":[{"element-6066-11e4-a52e-4f735466cecf":"f.40E06083F0E682023BA0E7AA24D478F4.d.8D6A6B4735F14F28813955F1F0C3B217.e.1857"},"getText",[]]}
RESULT: {"script":"<script> [6424 bytes]","args":[{"element-6066-11e4-a52e-4f735466cecf":"f.40E06083F0E682023BA0E7AA24D478F4.d.8D6A6B4735F14F28813955F1F0C3B217.e.1857"},"getText",[]]}
COMMAND: POST /session/cc787b9332752cdee0bcd1748733cdef/element - {"using":"css selector","value":"#shell-header-logo"}
RESULT: {"using":"css selector","value":"#shell-header-logo"}
COMMAND: POST /session/cc787b9332752cdee0bcd1748733cdef/element/f.40E06083F0E682023BA0E7AA24D478F4.d.8D6A6B4735F14F28813955F1F0C3B217.e.1198/click - {}
RESULT: {}
COMMAND: GET /session/cc787b9332752cdee0bcd1748733cdef/screenshot - {}
RESULT: {}
COMMAND: POST /session/cc787b9332752cdee0bcd1748733cdef/execute/async - {"script":"<script> [1562 bytes]","args":[{"selector":{"controlType":"sap.m.GenericTile","properties":{"header":"Manage Sites"}},"wdio_ui5_key":"sapm.GenericTile{\"header\":\"Manage Sites\"}"}]}
RESULT: {"script":"<script> [1562 bytes]","args":[{"selector":{"controlType":"sap.m.GenericTile","properties":{"header":"Manage Sites"}},"wdio_ui5_key":"sapm.GenericTile{\"header\":\"Manage Sites\"}"}]}
RESULT: undefined
COMMAND: POST /session/cc787b9332752cdee0bcd1748733cdef/element - {"using":"xpath","value":"//*[@id=\"__tile41\"]"}
RESULT: {"using":"xpath","value":"//*[@id=\"__tile41\"]"}
COMMAND: POST /session/cc787b9332752cdee0bcd1748733cdef/element/f.40E06083F0E682023BA0E7AA24D478F4.d.8D6A6B4735F14F28813955F1F0C3B217.e.1859/click - {}
RESULT: {}
COMMAND: GET /session/cc787b9332752cdee0bcd1748733cdef/screenshot - {}
RESULT: {}
COMMAND: POST /session/cc787b9332752cdee0bcd1748733cdef/elements - {"using":"xpath","value":"//span[text()='Error']"}
RESULT: {"using":"xpath","value":"//span[text()='Error']"}
COMMAND: POST /session/cc787b9332752cdee0bcd1748733cdef/execute/async - {"script":"<script> [1562 bytes]","args":[{"selector":{"controlType":"sap.ui.core.Icon","viewName":"etm.portal.ui.managesites.view.Master","viewId":"application-managesites-display-component---masterSite","properties":{"src":{"regex":{"source":"add"}}}},"wdio_ui5_key":"etmportal.ui.managesites.view.Mastersap.ui.core.Icon{\"src\":{\"regex\":{\"source\":\"add\"}}}"}]}
RESULT: {"script":"<script> [1562 bytes]","args":[{"selector":{"controlType":"sap.ui.core.Icon","viewName":"etm.portal.ui.managesites.view.Master","viewId":"application-managesites-display-component---masterSite","properties":{"src":{"regex":{"source":"add"}}}},"wdio_ui5_key":"etmportal.ui.managesites.view.Mastersap.ui.core.Icon{\"src\":{\"regex\":{\"source\":\"add\"}}}"}]}
RESULT: undefined
COMMAND: POST /session/cc787b9332752cdee0bcd1748733cdef/element - {"using":"xpath","value":"//*[@id=\"__button52-img\"]"}
RESULT: {"using":"xpath","value":"//*[@id=\"__button52-img\"]"}
COMMAND: POST /session/cc787b9332752cdee0bcd1748733cdef/element/f.40E06083F0E682023BA0E7AA24D478F4.d.8D6A6B4735F14F28813955F1F0C3B217.e.1909/click - {}
RESULT: {}
COMMAND: POST /session/cc787b9332752cdee0bcd1748733cdef/execute/async - {"script":"<script> [1562 bytes]","args":[{"selector":{"id":"application-managesites-display-component---NewSite--siteId","interaction":{"idSuffix":"inner"}},"wdio_ui5_key":"applicationmanagesites-display-component---NewSite--siteId"}]}
COMMAND: GET /session/cc787b9332752cdee0bcd1748733cdef/screenshot - {}
RESULT: {"script":"<script> [1562 bytes]","args":[{"selector":{"id":"application-managesites-display-component---NewSite--siteId","interaction":{"idSuffix":"inner"}},"wdio_ui5_key":"applicationmanagesites-display-component---NewSite--siteId"}]}
RESULT: undefined
COMMAND: POST /session/cc787b9332752cdee0bcd1748733cdef/execute/async - {"script":"<script> [1562 bytes]","args":[{"selector":{"id":"application-managesites-display-component---NewSite--addressDetailDetailsName1","interaction":{"idSuffix":"inner"}},"wdio_ui5_key":"applicationmanagesites-display-component---NewSite--addressDetailDetailsName1"}]}
RESULT: {}
RESULT: {"script":"<script> [1562 bytes]","args":[{"selector":{"id":"application-managesites-display-component---NewSite--addressDetailDetailsName1","interaction":{"idSuffix":"inner"}},"wdio_ui5_key":"applicationmanagesites-display-component---NewSite--addressDetailDetailsName1"}]}
RESULT: undefined
COMMAND: POST /session/cc787b9332752cdee0bcd1748733cdef/execute/async - {"script":"<script> [776 bytes]","args":[{"enterText":"WebdriverSitenfybj","selector":{"id":"application-managesites-display-component---NewSite--addressDetailDetailsName1","interaction":{"idSuffix":"inner"}},"clearTextFirst":true,"interactionType":"ENTER_TEXT"}]}
RESULT: {"script":"<script> [776 bytes]","args":[{"enterText":"WebdriverSitenfybj","selector":{"id":"application-managesites-display-component---NewSite--addressDetailDetailsName1","interaction":{"idSuffix":"inner"}},"clearTextFirst":true,"interactionType":"ENTER_TEXT"}]}
COMMAND: POST /session/cc787b9332752cdee0bcd1748733cdef/execute/async - {"script":"<script> [1562 bytes]","args":[{"selector":{"id":"application-managesites-display-component---NewSite--addressDetailDetailsLanguage","interaction":{"idSuffix":"inner"}},"wdio_ui5_key":"applicationmanagesites-display-component---NewSite--addressDetailDetailsLanguage"}]}
RESULT: {"script":"<script> [1562 bytes]","args":[{"selector":{"id":"application-managesites-display-component---NewSite--addressDetailDetailsLanguage","interaction":{"idSuffix":"inner"}},"wdio_ui5_key":"applicationmanagesites-display-component---NewSite--addressDetailDetailsLanguage"}]}
RESULT: undefined
COMMAND: POST /session/cc787b9332752cdee0bcd1748733cdef/execute/async - {"script":"<script> [776 bytes]","args":[{"enterText":"Romanian","selector":{"id":"application-managesites-display-component---NewSite--addressDetailDetailsLanguage","interaction":{"idSuffix":"inner"}},"clearTextFirst":true,"interactionType":"ENTER_TEXT"}]}
RESULT: {"script":"<script> [776 bytes]","args":[{"enterText":"Romanian","selector":{"id":"application-managesites-display-component---NewSite--addressDetailDetailsLanguage","interaction":{"idSuffix":"inner"}},"clearTextFirst":true,"interactionType":"ENTER_TEXT"}]}
COMMAND: POST /session/cc787b9332752cdee0bcd1748733cdef/execute/async - {"script":"<script> [1562 bytes]","args":[{"selector":{"id":"application-managesites-display-component---NewSite--addressDetailDetailsCity1","interaction":{"idSuffix":"inner"}},"wdio_ui5_key":"applicationmanagesites-display-component---NewSite--addressDetailDetailsCity1"}]}
RESULT: {"script":"<script> [1562 bytes]","args":[{"selector":{"id":"application-managesites-display-component---NewSite--addressDetailDetailsCity1","interaction":{"idSuffix":"inner"}},"wdio_ui5_key":"applicationmanagesites-display-component---NewSite--addressDetailDetailsCity1"}]}
RESULT: undefined
COMMAND: POST /session/cc787b9332752cdee0bcd1748733cdef/execute/async - {"script":"<script> [776 bytes]","args":[{"enterText":"Bucharest","selector":{"id":"application-managesites-display-component---NewSite--addressDetailDetailsCity1","interaction":{"idSuffix":"inner"}},"clearTextFirst":true,"interactionType":"ENTER_TEXT"}]}
RESULT: {"script":"<script> [776 bytes]","args":[{"enterText":"Bucharest","selector":{"id":"application-managesites-display-component---NewSite--addressDetailDetailsCity1","interaction":{"idSuffix":"inner"}},"clearTextFirst":true,"interactionType":"ENTER_TEXT"}]}
COMMAND: POST /session/cc787b9332752cdee0bcd1748733cdef/execute/async - {"script":"<script> [1562 bytes]","args":[{"selector":{"id":"application-managesites-display-component---NewSite--addressDetailDetailsCountry","interaction":{"idSuffix":"inner"}},"wdio_ui5_key":"applicationmanagesites-display-component---NewSite--addressDetailDetailsCountry"}]}
RESULT: {"script":"<script> [1562 bytes]","args":[{"selector":{"id":"application-managesites-display-component---NewSite--addressDetailDetailsCountry","interaction":{"idSuffix":"inner"}},"wdio_ui5_key":"applicationmanagesites-display-component---NewSite--addressDetailDetailsCountry"}]}
RESULT: undefined
COMMAND: POST /session/cc787b9332752cdee0bcd1748733cdef/execute/async - {"script":"<script> [776 bytes]","args":[{"enterText":"Romania","selector":{"id":"application-managesites-display-component---NewSite--addressDetailDetailsCountry","interaction":{"idSuffix":"inner"}},"clearTextFirst":true,"interactionType":"ENTER_TEXT"}]}
RESULT: {"script":"<script> [776 bytes]","args":[{"enterText":"Romania","selector":{"id":"application-managesites-display-component---NewSite--addressDetailDetailsCountry","interaction":{"idSuffix":"inner"}},"clearTextFirst":true,"interactionType":"ENTER_TEXT"}]}
COMMAND: POST /session/cc787b9332752cdee0bcd1748733cdef/element - {"using":"css selector","value":"#application-managesites-display-component---NewSite--addressDetailDetailsCalendar-inner"}
RESULT: {"using":"css selector","value":"#application-managesites-display-component---NewSite--addressDetailDetailsCalendar-inner"}
COMMAND: POST /session/cc787b9332752cdee0bcd1748733cdef/element/f.40E06083F0E682023BA0E7AA24D478F4.d.8D6A6B4735F14F28813955F1F0C3B217.e.2104/clear - {}
RESULT: {}
COMMAND: POST /session/cc787b9332752cdee0bcd1748733cdef/element/f.40E06083F0E682023BA0E7AA24D478F4.d.8D6A6B4735F14F28813955F1F0C3B217.e.2104/value - {"text":"Germany"}
COMMAND: GET /session/cc787b9332752cdee0bcd1748733cdef/screenshot - {}
RESULT: {"text":"Germany"}
COMMAND: POST /session/cc787b9332752cdee0bcd1748733cdef/execute/async - {"script":"<script> [1562 bytes]","args":[{"selector":{"id":"application-managesites-display-component---NewSite--addressEditDetailsCostObjectCstType-arrow"},"wdio_ui5_key":"applicationmanagesites-display-component---NewSite--addressEditDetailsCostObjectCstType-arrow"}]}
COMMAND: GET /session/cc787b9332752cdee0bcd1748733cdef/screenshot - {}
RESULT: {}
RESULT: {"script":"<script> [1562 bytes]","args":[{"selector":{"id":"application-managesites-display-component---NewSite--addressEditDetailsCostObjectCstType-arrow"},"wdio_ui5_key":"applicationmanagesites-display-component---NewSite--addressEditDetailsCostObjectCstType-arrow"}]}
RESULT: undefined
COMMAND: POST /session/cc787b9332752cdee0bcd1748733cdef/element - {"using":"xpath","value":"//*[@id=\"application-managesites-display-component---NewSite--addressEditDetailsCostObjectCstType-arrow\"]"}
RESULT: {}
RESULT: {"using":"xpath","value":"//*[@id=\"application-managesites-display-component---NewSite--addressEditDetailsCostObjectCstType-arrow\"]"}
COMMAND: POST /session/cc787b9332752cdee0bcd1748733cdef/element/f.40E06083F0E682023BA0E7AA24D478F4.d.8D6A6B4735F14F28813955F1F0C3B217.e.2307/click - {}
RESULT: {}
COMMAND: POST /session/cc787b9332752cdee0bcd1748733cdef/element - {"using":"xpath","value":"//span[contains(text(), \"Work Breakdown Structure\")]"}
COMMAND: GET /session/cc787b9332752cdee0bcd1748733cdef/screenshot - {}
RESULT: {"using":"xpath","value":"//span[contains(text(), \"Work Breakdown Structure\")]"}
COMMAND: POST /session/cc787b9332752cdee0bcd1748733cdef/element/f.40E06083F0E682023BA0E7AA24D478F4.d.8D6A6B4735F14F28813955F1F0C3B217.e.2308/click - {}
RESULT: {}
RESULT: {}
COMMAND: GET /session/cc787b9332752cdee0bcd1748733cdef/screenshot - {}
RESULT: {}
RESULT: undefined
COMMAND: POST /session/cc787b9332752cdee0bcd1748733cdef/execute/async - {"script":"<script> [1562 bytes]","args":[{"selector":{"id":"application-managesites-display-component---NewSite--addressNewCostObjectCstID-vhi"},"wdio_ui5_key":"applicationmanagesites-display-component---NewSite--addressNewCostObjectCstID-vhi"}]}
RESULT: {"script":"<script> [1562 bytes]","args":[{"selector":{"id":"application-managesites-display-component---NewSite--addressNewCostObjectCstID-vhi"},"wdio_ui5_key":"applicationmanagesites-display-component---NewSite--addressNewCostObjectCstID-vhi"}]}
RESULT: undefined
COMMAND: POST /session/cc787b9332752cdee0bcd1748733cdef/element - {"using":"xpath","value":"//*[@id=\"application-managesites-display-component---NewSite--addressNewCostObjectCstID-vhi\"]"}
RESULT: {"using":"xpath","value":"//*[@id=\"application-managesites-display-component---NewSite--addressNewCostObjectCstID-vhi\"]"}
COMMAND: POST /session/cc787b9332752cdee0bcd1748733cdef/element/f.40E06083F0E682023BA0E7AA24D478F4.d.8D6A6B4735F14F28813955F1F0C3B217.e.2312/click - {}
RESULT: {}
COMMAND: GET /session/cc787b9332752cdee0bcd1748733cdef/screenshot - {}
RESULT: {}
COMMAND: POST /session/cc787b9332752cdee0bcd1748733cdef/execute/async - {"script":"<script> [1562 bytes]","args":[{"selector":{"controlType":"sap.m.SearchField","properties":{"placeholder":"Search"},"searchOpenDialogs":true,"interaction":{"idSuffix":"I"}},"wdio_ui5_key":"sapm.SearchField{\"placeholder\":\"Search\"}"}]}
RESULT: {"script":"<script> [1562 bytes]","args":[{"selector":{"controlType":"sap.m.SearchField","properties":{"placeholder":"Search"},"searchOpenDialogs":true,"interaction":{"idSuffix":"I"}},"wdio_ui5_key":"sapm.SearchField{\"placeholder\":\"Search\"}"}]}
RESULT: undefined
COMMAND: POST /session/cc787b9332752cdee0bcd1748733cdef/execute/async - {"script":"<script> [776 bytes]","args":[{"enterText":"A1-000100-01","selector":{"controlType":"sap.m.SearchField","properties":{"placeholder":"Search"},"searchOpenDialogs":true,"interaction":{"idSuffix":"I"}},"clearTextFirst":true,"interactionType":"ENTER_TEXT"}]}
RESULT: {"script":"<script> [776 bytes]","args":[{"enterText":"A1-000100-01","selector":{"controlType":"sap.m.SearchField","properties":{"placeholder":"Search"},"searchOpenDialogs":true,"interaction":{"idSuffix":"I"}},"clearTextFirst":true,"interactionType":"ENTER_TEXT"}]}
COMMAND: POST /session/cc787b9332752cdee0bcd1748733cdef/actions - {"actions":[{"id":"action3","type":"key","parameters":{},"actions":[{"type":"keyDown","value":""},{"type":"pause","duration":10},{"type":"keyUp","value":""}]}]}
RESULT: {"actions":[{"id":"action3","type":"key","parameters":{},"actions":[{"type":"keyDown","value":""},{"type":"pause","duration":10},{"type":"keyUp","value":""}]}]}
COMMAND: GET /session/cc787b9332752cdee0bcd1748733cdef/screenshot - {}
RESULT: {}
COMMAND: POST /session/cc787b9332752cdee0bcd1748733cdef/element - {"using":"xpath","value":"//span[contains(text(), \"Template for ETO-Process\")]"}
RESULT: {"using":"xpath","value":"//span[contains(text(), \"Template for ETO-Process\")]"}
COMMAND: POST /session/cc787b9332752cdee0bcd1748733cdef/element/f.40E06083F0E682023BA0E7AA24D478F4.d.8D6A6B4735F14F28813955F1F0C3B217.e.2332/click - {}
RESULT: {}
COMMAND: GET /session/cc787b9332752cdee0bcd1748733cdef/screenshot - {}
RESULT: {}
COMMAND: POST /session/cc787b9332752cdee0bcd1748733cdef/element - {"using":"xpath","value":"//bdi[contains(text(), \"OK\")]"}
RESULT: {"using":"xpath","value":"//bdi[contains(text(), \"OK\")]"}
COMMAND: POST /session/cc787b9332752cdee0bcd1748733cdef/element/f.40E06083F0E682023BA0E7AA24D478F4.d.8D6A6B4735F14F28813955F1F0C3B217.e.2333/click - {}
RESULT: {}
COMMAND: GET /session/cc787b9332752cdee0bcd1748733cdef/screenshot - {}
RESULT: {}
COMMAND: POST /session/cc787b9332752cdee0bcd1748733cdef/element - {"using":"xpath","value":"//input[@id=\"application-managesites-display-component---NewSite--addressDetailDetailsYard-inner\"]"}
RESULT: {"using":"xpath","value":"//input[@id=\"application-managesites-display-component---NewSite--addressDetailDetailsYard-inner\"]"}
COMMAND: POST /session/cc787b9332752cdee0bcd1748733cdef/element/f.40E06083F0E682023BA0E7AA24D478F4.d.8D6A6B4735F14F28813955F1F0C3B217.e.2105/value - {"text":"WebdriverYardmlvdxg"}
RESULT: {"text":"WebdriverYardmlvdxg"}
COMMAND: GET /session/cc787b9332752cdee0bcd1748733cdef/screenshot - {}
RESULT: {}
COMMAND: POST /session/cc787b9332752cdee0bcd1748733cdef/actions - {"actions":[{"id":"action4","type":"key","parameters":{},"actions":[{"type":"keyDown","value":""},{"type":"pause","duration":10},{"type":"keyUp","value":""}]}]}
RESULT: {"actions":[{"id":"action4","type":"key","parameters":{},"actions":[{"type":"keyDown","value":""},{"type":"pause","duration":10},{"type":"keyUp","value":""}]}]}
COMMAND: GET /session/cc787b9332752cdee0bcd1748733cdef/screenshot - {}
RESULT: {}
COMMAND: POST /session/cc787b9332752cdee0bcd1748733cdef/element - {"using":"xpath","value":"//input[@id=\"application-managesites-display-component---NewSite--addressDetailDetailsPartner-inner\"]"}
RESULT: {"using":"xpath","value":"//input[@id=\"application-managesites-display-component---NewSite--addressDetailDetailsPartner-inner\"]"}
COMMAND: POST /session/cc787b9332752cdee0bcd1748733cdef/elements - {"using":"xpath","value":"//input[@id=\"application-managesites-display-component---NewSite--addressDetailDetailsPartner-inner\"]"}
RESULT: {"using":"xpath","value":"//input[@id=\"application-managesites-display-component---NewSite--addressDetailDetailsPartner-inner\"]"}
COMMAND: POST /session/cc787b9332752cdee0bcd1748733cdef/execute/async - {"script":"<script> [1562 bytes]","args":[{"selector":{"controlType":"sap.m.Button","viewName":"etm.portal.ui.managesites.view.NewSmartSite","viewId":"application-managesites-display-component---NewSite","properties":{"text":"Commercial"},"interaction":{"idSuffix":"BDI-content"}},"wdio_ui5_key":"etmportal.ui.managesites.view.NewSmartSitesap.m.Button{\"text\":\"Commercial\"}"}]}
RESULT: {"script":"<script> [1562 bytes]","args":[{"selector":{"controlType":"sap.m.Button","viewName":"etm.portal.ui.managesites.view.NewSmartSite","viewId":"application-managesites-display-component---NewSite","properties":{"text":"Commercial"},"interaction":{"idSuffix":"BDI-content"}},"wdio_ui5_key":"etmportal.ui.managesites.view.NewSmartSitesap.m.Button{\"text\":\"Commercial\"}"}]}
RESULT: undefined
COMMAND: POST /session/cc787b9332752cdee0bcd1748733cdef/element - {"using":"xpath","value":"//*[@id=\"application-managesites-display-component---NewSite--ObjectPageLayout-anchBar-__section31-anchor\"]"}
RESULT: {"using":"xpath","value":"//*[@id=\"application-managesites-display-component---NewSite--ObjectPageLayout-anchBar-__section31-anchor\"]"}
COMMAND: POST /session/cc787b9332752cdee0bcd1748733cdef/element/f.40E06083F0E682023BA0E7AA24D478F4.d.8D6A6B4735F14F28813955F1F0C3B217.e.2340/click - {}
RESULT: {}
COMMAND: POST /session/cc787b9332752cdee0bcd1748733cdef/execute/async - {"script":"<script> [1562 bytes]","args":[{"selector":{"controlType":"sap.m.Button","viewName":"etm.portal.ui.managesites.view.NewSmartSite","viewId":"application-managesites-display-component---NewSite","i18NText":{"propertyName":"text","key":"save"},"interaction":{"idSuffix":"BDI-content"}},"wdio_ui5_key":"etmportal.ui.managesites.view.NewSmartSitesap.m.Button{\"propertyName\":\"text\",\"key\":\"save\"}"}]}
COMMAND: GET /session/cc787b9332752cdee0bcd1748733cdef/screenshot - {}
RESULT: {"script":"<script> [1562 bytes]","args":[{"selector":{"controlType":"sap.m.Button","viewName":"etm.portal.ui.managesites.view.NewSmartSite","viewId":"application-managesites-display-component---NewSite","i18NText":{"propertyName":"text","key":"save"},"interaction":{"idSuffix":"BDI-content"}},"wdio_ui5_key":"etmportal.ui.managesites.view.NewSmartSitesap.m.Button{\"propertyName\":\"text\",\"key\":\"save\"}"}]}
RESULT: undefined
COMMAND: POST /session/cc787b9332752cdee0bcd1748733cdef/element - {"using":"xpath","value":"//*[@id=\"__button64\"]"}
RESULT: {}
RESULT: {"using":"xpath","value":"//*[@id=\"__button64\"]"}
COMMAND: POST /session/cc787b9332752cdee0bcd1748733cdef/element/f.40E06083F0E682023BA0E7AA24D478F4.d.8D6A6B4735F14F28813955F1F0C3B217.e.2281/click - {}
RESULT: {}
COMMAND: GET /session/cc787b9332752cdee0bcd1748733cdef/screenshot - {}
RESULT: {}
COMMAND: POST /session/cc787b9332752cdee0bcd1748733cdef/execute/async - {"script":"<script> [1562 bytes]","args":[{"selector":{"id":"application-managesites-display-component---detailSite--addressDetailDetailsYardText"},"wdio_ui5_key":"applicationmanagesites-display-component---detailSite--addressDetailDetailsYardText"}]}
RESULT: {"script":"<script> [1562 bytes]","args":[{"selector":{"id":"application-managesites-display-component---detailSite--addressDetailDetailsYardText"},"wdio_ui5_key":"applicationmanagesites-display-component---detailSite--addressDetailDetailsYardText"}]}
RESULT: undefined
COMMAND: POST /session/cc787b9332752cdee0bcd1748733cdef/element - {"using":"xpath","value":"//header/div/div[2]/div[2]/span"}
RESULT: {"using":"xpath","value":"//header/div/div[2]/div[2]/span"}
COMMAND: GET /session/cc787b9332752cdee0bcd1748733cdef/element/f.40E06083F0E682023BA0E7AA24D478F4.d.8D6A6B4735F14F28813955F1F0C3B217.e.2546/text - {}
RESULT: {}
COMMAND: POST /session/cc787b9332752cdee0bcd1748733cdef/element - {"using":"xpath","value":"//header/div/div/div/div/div/div[2]/div/span"}
RESULT: {"using":"xpath","value":"//header/div/div/div/div/div/div[2]/div/span"}
COMMAND: GET /session/cc787b9332752cdee0bcd1748733cdef/element/f.40E06083F0E682023BA0E7AA24D478F4.d.8D6A6B4735F14F28813955F1F0C3B217.e.2547/text - {}
RESULT: {}
COMMAND: POST /session/cc787b9332752cdee0bcd1748733cdef/element - {"using":"css selector","value":"#shell-header-logo"}
RESULT: {"using":"css selector","value":"#shell-header-logo"}
COMMAND: POST /session/cc787b9332752cdee0bcd1748733cdef/element/f.40E06083F0E682023BA0E7AA24D478F4.d.8D6A6B4735F14F28813955F1F0C3B217.e.1864/click - {}
RESULT: {}
COMMAND: GET /session/cc787b9332752cdee0bcd1748733cdef/screenshot - {}
RESULT: {}
]]></system-out>
    </testcase>
    <testcase classname="chrome.137_0_7151_69.windows.Standard_contract_-_add_contract_items_by_Insert_Request_US118222" name="Should create 2 new resources and a catalog item" time="408.467">
      <system-out><![CDATA[
COMMAND: POST /session/cc787b9332752cdee0bcd1748733cdef/execute/async - {"script":"<script> [1562 bytes]","args":[{"selector":{"controlType":"sap.m.GenericTile","properties":{"header":"Manage Resources"}},"wdio_ui5_key":"sapm.GenericTile{\"header\":\"Manage Resources\"}"}]}
RESULT: {"script":"<script> [1562 bytes]","args":[{"selector":{"controlType":"sap.m.GenericTile","properties":{"header":"Manage Resources"}},"wdio_ui5_key":"sapm.GenericTile{\"header\":\"Manage Resources\"}"}]}
RESULT: undefined
COMMAND: POST /session/cc787b9332752cdee0bcd1748733cdef/element - {"using":"xpath","value":"//*[@id=\"__tile40\"]"}
RESULT: {"using":"xpath","value":"//*[@id=\"__tile40\"]"}
COMMAND: POST /session/cc787b9332752cdee0bcd1748733cdef/element/f.40E06083F0E682023BA0E7AA24D478F4.d.8D6A6B4735F14F28813955F1F0C3B217.e.2549/click - {}
RESULT: {}
COMMAND: GET /session/cc787b9332752cdee0bcd1748733cdef/screenshot - {}
RESULT: {}
COMMAND: POST /session/cc787b9332752cdee0bcd1748733cdef/elements - {"using":"xpath","value":"//span[text()='Error']"}
RESULT: {"using":"xpath","value":"//span[text()='Error']"}
COMMAND: POST /session/cc787b9332752cdee0bcd1748733cdef/element - {"using":"xpath","value":"//button[@data-kt=\"addNewRUOverflowToolbarButton\"]"}
RESULT: {"using":"xpath","value":"//button[@data-kt=\"addNewRUOverflowToolbarButton\"]"}
COMMAND: POST /session/cc787b9332752cdee0bcd1748733cdef/execute/sync - {"script":"<script> [8489 bytes]","args":[{"element-6066-11e4-a52e-4f735466cecf":"f.40E06083F0E682023BA0E7AA24D478F4.d.8D6A6B4735F14F28813955F1F0C3B217.e.2591","ELEMENT":"f.40E06083F0E682023BA0E7AA24D478F4.d.8D6A6B4735F14F28813955F1F0C3B217.e.2591"}]}
RESULT: {"script":"<script> [8489 bytes]","args":[{"element-6066-11e4-a52e-4f735466cecf":"f.40E06083F0E682023BA0E7AA24D478F4.d.8D6A6B4735F14F28813955F1F0C3B217.e.2591","ELEMENT":"f.40E06083F0E682023BA0E7AA24D478F4.d.8D6A6B4735F14F28813955F1F0C3B217.e.2591"}]}
COMMAND: POST /session/cc787b9332752cdee0bcd1748733cdef/element/f.40E06083F0E682023BA0E7AA24D478F4.d.8D6A6B4735F14F28813955F1F0C3B217.e.2591/click - {}
COMMAND: GET /session/cc787b9332752cdee0bcd1748733cdef/screenshot - {}
RESULT: {}
COMMAND: POST /session/cc787b9332752cdee0bcd1748733cdef/execute/async - {"script":"<script> [1562 bytes]","args":[{"selector":{"id":"application-manageresources-display-component---newResourceUnit--TYPE-arrow"},"wdio_ui5_key":"applicationmanageresources-display-component---newResourceUnit--TYPE-arrow"}]}
COMMAND: GET /session/cc787b9332752cdee0bcd1748733cdef/screenshot - {}
RESULT: {}
RESULT: {"script":"<script> [1562 bytes]","args":[{"selector":{"id":"application-manageresources-display-component---newResourceUnit--TYPE-arrow"},"wdio_ui5_key":"applicationmanageresources-display-component---newResourceUnit--TYPE-arrow"}]}
RESULT: undefined
COMMAND: POST /session/cc787b9332752cdee0bcd1748733cdef/element - {"using":"xpath","value":"//*[@id=\"application-manageresources-display-component---newResourceUnit--TYPE-arrow\"]"}
RESULT: {}
RESULT: {"using":"xpath","value":"//*[@id=\"application-manageresources-display-component---newResourceUnit--TYPE-arrow\"]"}
COMMAND: POST /session/cc787b9332752cdee0bcd1748733cdef/element/f.40E06083F0E682023BA0E7AA24D478F4.d.8D6A6B4735F14F28813955F1F0C3B217.e.2904/click - {}
RESULT: {}
COMMAND: POST /session/cc787b9332752cdee0bcd1748733cdef/execute/async - {"script":"<script> [1562 bytes]","args":[{"selector":{"controlType":"sap.m.StandardListItem","viewName":"reusables.view.manageresources.NewResourceUnit","viewId":"application-manageresources-display-component---newResourceUnit","properties":{"title":"Material"},"searchOpenDialogs":true,"interaction":{"idSuffix":"titleText"}},"wdio_ui5_key":"reusablesview.manageresources.NewResourceUnitsap.m.StandardListItem{\"title\":\"Material\"}"}]}
COMMAND: GET /session/cc787b9332752cdee0bcd1748733cdef/screenshot - {}
RESULT: {"script":"<script> [1562 bytes]","args":[{"selector":{"controlType":"sap.m.StandardListItem","viewName":"reusables.view.manageresources.NewResourceUnit","viewId":"application-manageresources-display-component---newResourceUnit","properties":{"title":"Material"},"searchOpenDialogs":true,"interaction":{"idSuffix":"titleText"}},"wdio_ui5_key":"reusablesview.manageresources.NewResourceUnitsap.m.StandardListItem{\"title\":\"Material\"}"}]}
RESULT: undefined
COMMAND: POST /session/cc787b9332752cdee0bcd1748733cdef/element - {"using":"xpath","value":"//*[@id=\"__item871\"]"}
RESULT: {}
RESULT: {"using":"xpath","value":"//*[@id=\"__item871\"]"}
COMMAND: POST /session/cc787b9332752cdee0bcd1748733cdef/element/f.40E06083F0E682023BA0E7AA24D478F4.d.8D6A6B4735F14F28813955F1F0C3B217.e.2907/click - {}
RESULT: {}
COMMAND: POST /session/cc787b9332752cdee0bcd1748733cdef/execute/async - {"script":"<script> [1562 bytes]","args":[{"selector":{"id":"application-manageresources-display-component---newResourceUnit--SHORT_TEXT","interaction":{"idSuffix":"inner"}},"wdio_ui5_key":"applicationmanageresources-display-component---newResourceUnit--SHORT_TEXT"}]}
COMMAND: GET /session/cc787b9332752cdee0bcd1748733cdef/screenshot - {}
RESULT: undefined
RESULT: {"script":"<script> [1562 bytes]","args":[{"selector":{"id":"application-manageresources-display-component---newResourceUnit--SHORT_TEXT","interaction":{"idSuffix":"inner"}},"wdio_ui5_key":"applicationmanageresources-display-component---newResourceUnit--SHORT_TEXT"}]}
RESULT: undefined
COMMAND: POST /session/cc787b9332752cdee0bcd1748733cdef/execute/async - {"script":"<script> [776 bytes]","args":[{"enterText":"WebdriverMatTestj4r0lk","selector":{"id":"application-manageresources-display-component---newResourceUnit--SHORT_TEXT","interaction":{"idSuffix":"inner"}},"clearTextFirst":true,"interactionType":"ENTER_TEXT"}]}
RESULT: {}
RESULT: {"script":"<script> [776 bytes]","args":[{"enterText":"WebdriverMatTestj4r0lk","selector":{"id":"application-manageresources-display-component---newResourceUnit--SHORT_TEXT","interaction":{"idSuffix":"inner"}},"clearTextFirst":true,"interactionType":"ENTER_TEXT"}]}
COMMAND: POST /session/cc787b9332752cdee0bcd1748733cdef/execute/async - {"script":"<script> [1562 bytes]","args":[{"selector":{"id":"application-manageresources-display-component---newResourceUnit--BASE_UNIT_OF_MEASURE-arrow"},"wdio_ui5_key":"applicationmanageresources-display-component---newResourceUnit--BASE_UNIT_OF_MEASURE-arrow"}]}
RESULT: {"script":"<script> [1562 bytes]","args":[{"selector":{"id":"application-manageresources-display-component---newResourceUnit--BASE_UNIT_OF_MEASURE-arrow"},"wdio_ui5_key":"applicationmanageresources-display-component---newResourceUnit--BASE_UNIT_OF_MEASURE-arrow"}]}
RESULT: undefined
COMMAND: POST /session/cc787b9332752cdee0bcd1748733cdef/element - {"using":"xpath","value":"//*[@id=\"application-manageresources-display-component---newResourceUnit--BASE_UNIT_OF_MEASURE-arrow\"]"}
RESULT: {"using":"xpath","value":"//*[@id=\"application-manageresources-display-component---newResourceUnit--BASE_UNIT_OF_MEASURE-arrow\"]"}
COMMAND: POST /session/cc787b9332752cdee0bcd1748733cdef/element/f.40E06083F0E682023BA0E7AA24D478F4.d.8D6A6B4735F14F28813955F1F0C3B217.e.3029/click - {}
RESULT: {}
COMMAND: POST /session/cc787b9332752cdee0bcd1748733cdef/execute/async - {"script":"<script> [1562 bytes]","args":[{"selector":{"controlType":"sap.m.StandardListItem","viewName":"reusables.view.manageresources.NewResourceUnit","viewId":"application-manageresources-display-component---newResourceUnit","properties":{"title":"Piece"},"searchOpenDialogs":true,"interaction":{"idSuffix":"titleText"}},"wdio_ui5_key":"reusablesview.manageresources.NewResourceUnitsap.m.StandardListItem{\"title\":\"Piece\"}"}]}
COMMAND: GET /session/cc787b9332752cdee0bcd1748733cdef/screenshot - {}
RESULT: {"script":"<script> [1562 bytes]","args":[{"selector":{"controlType":"sap.m.StandardListItem","viewName":"reusables.view.manageresources.NewResourceUnit","viewId":"application-manageresources-display-component---newResourceUnit","properties":{"title":"Piece"},"searchOpenDialogs":true,"interaction":{"idSuffix":"titleText"}},"wdio_ui5_key":"reusablesview.manageresources.NewResourceUnitsap.m.StandardListItem{\"title\":\"Piece\"}"}]}
RESULT: undefined
COMMAND: POST /session/cc787b9332752cdee0bcd1748733cdef/element - {"using":"xpath","value":"//*[@id=\"__item924\"]"}
RESULT: {}
RESULT: {"using":"xpath","value":"//*[@id=\"__item924\"]"}
COMMAND: POST /session/cc787b9332752cdee0bcd1748733cdef/element/f.40E06083F0E682023BA0E7AA24D478F4.d.8D6A6B4735F14F28813955F1F0C3B217.e.3031/click - {}
RESULT: {}
COMMAND: POST /session/cc787b9332752cdee0bcd1748733cdef/element - {"using":"xpath","value":"//input[contains(@id ,\"application-manageresources-display-component---newResourceUnit--SHORT_TEXT-inner\")]"}
COMMAND: GET /session/cc787b9332752cdee0bcd1748733cdef/screenshot - {}
RESULT: {"using":"xpath","value":"//input[contains(@id ,\"application-manageresources-display-component---newResourceUnit--SHORT_TEXT-inner\")]"}
COMMAND: GET /session/cc787b9332752cdee0bcd1748733cdef/element/f.40E06083F0E682023BA0E7AA24D478F4.d.8D6A6B4735F14F28813955F1F0C3B217.e.2924/property/value - {}
RESULT: {}
RESULT: {}
COMMAND: POST /session/cc787b9332752cdee0bcd1748733cdef/execute/async - {"script":"<script> [1562 bytes]","args":[{"selector":{"id":"application-manageresources-display-component---newResourceUnit--WEIGHT_UNIT-arrow"},"wdio_ui5_key":"applicationmanageresources-display-component---newResourceUnit--WEIGHT_UNIT-arrow"}]}
COMMAND: GET /session/cc787b9332752cdee0bcd1748733cdef/screenshot - {}
RESULT: {"script":"<script> [1562 bytes]","args":[{"selector":{"id":"application-manageresources-display-component---newResourceUnit--WEIGHT_UNIT-arrow"},"wdio_ui5_key":"applicationmanageresources-display-component---newResourceUnit--WEIGHT_UNIT-arrow"}]}
RESULT: undefined
COMMAND: POST /session/cc787b9332752cdee0bcd1748733cdef/element - {"using":"xpath","value":"//*[@id=\"application-manageresources-display-component---newResourceUnit--WEIGHT_UNIT-arrow\"]"}
RESULT: {}
RESULT: {"using":"xpath","value":"//*[@id=\"application-manageresources-display-component---newResourceUnit--WEIGHT_UNIT-arrow\"]"}
COMMAND: POST /session/cc787b9332752cdee0bcd1748733cdef/element/f.40E06083F0E682023BA0E7AA24D478F4.d.8D6A6B4735F14F28813955F1F0C3B217.e.3032/click - {}
RESULT: {}
COMMAND: POST /session/cc787b9332752cdee0bcd1748733cdef/execute/async - {"script":"<script> [1562 bytes]","args":[{"selector":{"controlType":"sap.m.StandardListItem","viewName":"reusables.view.manageresources.NewResourceUnit","viewId":"application-manageresources-display-component---newResourceUnit","properties":{"title":"Gram"},"searchOpenDialogs":true,"interaction":{"idSuffix":"content"}},"wdio_ui5_key":"reusablesview.manageresources.NewResourceUnitsap.m.StandardListItem{\"title\":\"Gram\"}"}]}
COMMAND: GET /session/cc787b9332752cdee0bcd1748733cdef/screenshot - {}
RESULT: {"script":"<script> [1562 bytes]","args":[{"selector":{"controlType":"sap.m.StandardListItem","viewName":"reusables.view.manageresources.NewResourceUnit","viewId":"application-manageresources-display-component---newResourceUnit","properties":{"title":"Gram"},"searchOpenDialogs":true,"interaction":{"idSuffix":"content"}},"wdio_ui5_key":"reusablesview.manageresources.NewResourceUnitsap.m.StandardListItem{\"title\":\"Gram\"}"}]}
RESULT: undefined
COMMAND: POST /session/cc787b9332752cdee0bcd1748733cdef/element - {"using":"xpath","value":"//*[@id=\"__item989\"]"}
RESULT: {}
RESULT: {"using":"xpath","value":"//*[@id=\"__item989\"]"}
COMMAND: POST /session/cc787b9332752cdee0bcd1748733cdef/element/f.40E06083F0E682023BA0E7AA24D478F4.d.8D6A6B4735F14F28813955F1F0C3B217.e.3034/click - {}
RESULT: {}
COMMAND: POST /session/cc787b9332752cdee0bcd1748733cdef/execute/async - {"script":"<script> [1562 bytes]","args":[{"selector":{"id":"application-manageresources-display-component---newResourceUnit--newRRUPage-OPHeaderContent-collapseBtn-img"},"wdio_ui5_key":"applicationmanageresources-display-component---newResourceUnit--newRRUPage-OPHeaderContent-collapseBtn-img"}]}
COMMAND: GET /session/cc787b9332752cdee0bcd1748733cdef/screenshot - {}
RESULT: {"script":"<script> [1562 bytes]","args":[{"selector":{"id":"application-manageresources-display-component---newResourceUnit--newRRUPage-OPHeaderContent-collapseBtn-img"},"wdio_ui5_key":"applicationmanageresources-display-component---newResourceUnit--newRRUPage-OPHeaderContent-collapseBtn-img"}]}
RESULT: undefined
COMMAND: POST /session/cc787b9332752cdee0bcd1748733cdef/element - {"using":"xpath","value":"//*[@id=\"application-manageresources-display-component---newResourceUnit--newRRUPage-OPHeaderContent-collapseBtn-img\"]"}
RESULT: {}
RESULT: {"using":"xpath","value":"//*[@id=\"application-manageresources-display-component---newResourceUnit--newRRUPage-OPHeaderContent-collapseBtn-img\"]"}
COMMAND: POST /session/cc787b9332752cdee0bcd1748733cdef/element/f.40E06083F0E682023BA0E7AA24D478F4.d.8D6A6B4735F14F28813955F1F0C3B217.e.2914/click - {}
RESULT: {}
COMMAND: GET /session/cc787b9332752cdee0bcd1748733cdef/screenshot - {}
RESULT: {}
COMMAND: POST /session/cc787b9332752cdee0bcd1748733cdef/element - {"using":"xpath","value":"(//span[contains(@id ,\"application-manageresources-display-component---newResourceUnit--DIMENSION_UNIT-arrow\")])[1]"}
RESULT: {"using":"xpath","value":"(//span[contains(@id ,\"application-manageresources-display-component---newResourceUnit--DIMENSION_UNIT-arrow\")])[1]"}
COMMAND: POST /session/cc787b9332752cdee0bcd1748733cdef/element/f.40E06083F0E682023BA0E7AA24D478F4.d.8D6A6B4735F14F28813955F1F0C3B217.e.3040/click - {}
RESULT: {}
COMMAND: GET /session/cc787b9332752cdee0bcd1748733cdef/screenshot - {}
RESULT: {}
COMMAND: POST /session/cc787b9332752cdee0bcd1748733cdef/execute/async - {"script":"<script> [1562 bytes]","args":[{"selector":{"controlType":"sap.m.StandardListItem","viewName":"reusables.view.manageresources.NewResourceUnit","viewId":"application-manageresources-display-component---newResourceUnit","properties":{"title":"Centimeter"},"searchOpenDialogs":true,"interaction":{"idSuffix":"titleText"}},"wdio_ui5_key":"reusablesview.manageresources.NewResourceUnitsap.m.StandardListItem{\"title\":\"Centimeter\"}"}]}
RESULT: {"script":"<script> [1562 bytes]","args":[{"selector":{"controlType":"sap.m.StandardListItem","viewName":"reusables.view.manageresources.NewResourceUnit","viewId":"application-manageresources-display-component---newResourceUnit","properties":{"title":"Centimeter"},"searchOpenDialogs":true,"interaction":{"idSuffix":"titleText"}},"wdio_ui5_key":"reusablesview.manageresources.NewResourceUnitsap.m.StandardListItem{\"title\":\"Centimeter\"}"}]}
RESULT: undefined
COMMAND: POST /session/cc787b9332752cdee0bcd1748733cdef/element - {"using":"xpath","value":"//*[@id=\"__item992\"]"}
RESULT: {"using":"xpath","value":"//*[@id=\"__item992\"]"}
COMMAND: POST /session/cc787b9332752cdee0bcd1748733cdef/element/f.40E06083F0E682023BA0E7AA24D478F4.d.8D6A6B4735F14F28813955F1F0C3B217.e.3042/click - {}
RESULT: {}
COMMAND: POST /session/cc787b9332752cdee0bcd1748733cdef/execute/async - {"script":"<script> [1562 bytes]","args":[{"selector":{"id":"application-manageresources-display-component---newResourceUnit--newRRUPage-anchBar-application-manageresources-display-component---newResourceUnit--reference-anchor","interaction":{"idSuffix":"BDI-content"}},"wdio_ui5_key":"applicationmanageresources-display-component---newResourceUnit--newRRUPage-anchBar-application-manageresources-display-component---newResourceUnit--reference-anchor"}]}
COMMAND: GET /session/cc787b9332752cdee0bcd1748733cdef/screenshot - {}
RESULT: {"script":"<script> [1562 bytes]","args":[{"selector":{"id":"application-manageresources-display-component---newResourceUnit--newRRUPage-anchBar-application-manageresources-display-component---newResourceUnit--reference-anchor","interaction":{"idSuffix":"BDI-content"}},"wdio_ui5_key":"applicationmanageresources-display-component---newResourceUnit--newRRUPage-anchBar-application-manageresources-display-component---newResourceUnit--reference-anchor"}]}
RESULT: undefined
COMMAND: POST /session/cc787b9332752cdee0bcd1748733cdef/element - {"using":"xpath","value":"//*[@id=\"application-manageresources-display-component---newResourceUnit--newRRUPage-anchBar-application-manageresources-display-component---newResourceUnit--reference-anchor\"]"}
RESULT: {}
RESULT: {"using":"xpath","value":"//*[@id=\"application-manageresources-display-component---newResourceUnit--newRRUPage-anchBar-application-manageresources-display-component---newResourceUnit--reference-anchor\"]"}
COMMAND: POST /session/cc787b9332752cdee0bcd1748733cdef/element/f.40E06083F0E682023BA0E7AA24D478F4.d.8D6A6B4735F14F28813955F1F0C3B217.e.3044/click - {}
RESULT: {}
COMMAND: POST /session/cc787b9332752cdee0bcd1748733cdef/execute/async - {"script":"<script> [1562 bytes]","args":[{"selector":{"id":"application-manageresources-display-component---newResourceUnit--PLANNING_GROUP-arrow"},"wdio_ui5_key":"applicationmanageresources-display-component---newResourceUnit--PLANNING_GROUP-arrow"}]}
COMMAND: GET /session/cc787b9332752cdee0bcd1748733cdef/screenshot - {}
RESULT: {"script":"<script> [1562 bytes]","args":[{"selector":{"id":"application-manageresources-display-component---newResourceUnit--PLANNING_GROUP-arrow"},"wdio_ui5_key":"applicationmanageresources-display-component---newResourceUnit--PLANNING_GROUP-arrow"}]}
RESULT: undefined
COMMAND: POST /session/cc787b9332752cdee0bcd1748733cdef/element - {"using":"xpath","value":"//*[@id=\"application-manageresources-display-component---newResourceUnit--PLANNING_GROUP-arrow\"]"}
RESULT: {}
RESULT: {"using":"xpath","value":"//*[@id=\"application-manageresources-display-component---newResourceUnit--PLANNING_GROUP-arrow\"]"}
COMMAND: POST /session/cc787b9332752cdee0bcd1748733cdef/element/f.40E06083F0E682023BA0E7AA24D478F4.d.8D6A6B4735F14F28813955F1F0C3B217.e.3048/click - {}
RESULT: {}
COMMAND: POST /session/cc787b9332752cdee0bcd1748733cdef/execute/async - {"script":"<script> [1562 bytes]","args":[{"selector":{"controlType":"sap.m.StandardListItem","viewName":"reusables.view.manageresources.NewResourceUnit","viewId":"application-manageresources-display-component---newResourceUnit","properties":{"title":"Heavy Equi"},"searchOpenDialogs":true,"interaction":{"idSuffix":"content"}},"wdio_ui5_key":"reusablesview.manageresources.NewResourceUnitsap.m.StandardListItem{\"title\":\"Heavy Equi\"}"}]}
COMMAND: GET /session/cc787b9332752cdee0bcd1748733cdef/screenshot - {}
RESULT: {"script":"<script> [1562 bytes]","args":[{"selector":{"controlType":"sap.m.StandardListItem","viewName":"reusables.view.manageresources.NewResourceUnit","viewId":"application-manageresources-display-component---newResourceUnit","properties":{"title":"Heavy Equi"},"searchOpenDialogs":true,"interaction":{"idSuffix":"content"}},"wdio_ui5_key":"reusablesview.manageresources.NewResourceUnitsap.m.StandardListItem{\"title\":\"Heavy Equi\"}"}]}
RESULT: undefined
COMMAND: POST /session/cc787b9332752cdee0bcd1748733cdef/element - {"using":"xpath","value":"//*[@id=\"__item1000\"]"}
RESULT: {}
RESULT: {"using":"xpath","value":"//*[@id=\"__item1000\"]"}
COMMAND: POST /session/cc787b9332752cdee0bcd1748733cdef/element/f.40E06083F0E682023BA0E7AA24D478F4.d.8D6A6B4735F14F28813955F1F0C3B217.e.3050/click - {}
RESULT: {}
COMMAND: GET /session/cc787b9332752cdee0bcd1748733cdef/screenshot - {}
RESULT: {}
COMMAND: POST /session/cc787b9332752cdee0bcd1748733cdef/execute/async - {"script":"<script> [1562 bytes]","args":[{"selector":{"id":"application-manageresources-display-component---newResourceUnit--PLANNING_INDICATOR-arrow"},"wdio_ui5_key":"applicationmanageresources-display-component---newResourceUnit--PLANNING_INDICATOR-arrow"}]}
RESULT: {"script":"<script> [1562 bytes]","args":[{"selector":{"id":"application-manageresources-display-component---newResourceUnit--PLANNING_INDICATOR-arrow"},"wdio_ui5_key":"applicationmanageresources-display-component---newResourceUnit--PLANNING_INDICATOR-arrow"}]}
RESULT: undefined
COMMAND: POST /session/cc787b9332752cdee0bcd1748733cdef/element - {"using":"xpath","value":"//*[@id=\"application-manageresources-display-component---newResourceUnit--PLANNING_INDICATOR-arrow\"]"}
RESULT: {"using":"xpath","value":"//*[@id=\"application-manageresources-display-component---newResourceUnit--PLANNING_INDICATOR-arrow\"]"}
COMMAND: POST /session/cc787b9332752cdee0bcd1748733cdef/element/f.40E06083F0E682023BA0E7AA24D478F4.d.8D6A6B4735F14F28813955F1F0C3B217.e.3051/click - {}
RESULT: {}
COMMAND: POST /session/cc787b9332752cdee0bcd1748733cdef/execute/async - {"script":"<script> [1562 bytes]","args":[{"selector":{"controlType":"sap.m.StandardListItem","viewName":"reusables.view.manageresources.NewResourceUnit","viewId":"application-manageresources-display-component---newResourceUnit","properties":{"title":"10 - infinite"},"searchOpenDialogs":true,"interaction":{"idSuffix":"content"}},"wdio_ui5_key":"reusablesview.manageresources.NewResourceUnitsap.m.StandardListItem{\"title\":\"10 - infinite\"}"}]}
COMMAND: GET /session/cc787b9332752cdee0bcd1748733cdef/screenshot - {}
RESULT: {"script":"<script> [1562 bytes]","args":[{"selector":{"controlType":"sap.m.StandardListItem","viewName":"reusables.view.manageresources.NewResourceUnit","viewId":"application-manageresources-display-component---newResourceUnit","properties":{"title":"10 - infinite"},"searchOpenDialogs":true,"interaction":{"idSuffix":"content"}},"wdio_ui5_key":"reusablesview.manageresources.NewResourceUnitsap.m.StandardListItem{\"title\":\"10 - infinite\"}"}]}
RESULT: undefined
COMMAND: POST /session/cc787b9332752cdee0bcd1748733cdef/element - {"using":"xpath","value":"//*[@id=\"__item1010\"]"}
RESULT: {}
RESULT: {"using":"xpath","value":"//*[@id=\"__item1010\"]"}
COMMAND: POST /session/cc787b9332752cdee0bcd1748733cdef/element/f.40E06083F0E682023BA0E7AA24D478F4.d.8D6A6B4735F14F28813955F1F0C3B217.e.3053/click - {}
RESULT: {}
COMMAND: GET /session/cc787b9332752cdee0bcd1748733cdef/screenshot - {}
RESULT: {}
COMMAND: POST /session/cc787b9332752cdee0bcd1748733cdef/element - {"using":"xpath","value":"//bdi[contains(text(), \"Time Segment\")]"}
RESULT: {"using":"xpath","value":"//bdi[contains(text(), \"Time Segment\")]"}
COMMAND: GET /session/cc787b9332752cdee0bcd1748733cdef/element/f.40E06083F0E682023BA0E7AA24D478F4.d.8D6A6B4735F14F28813955F1F0C3B217.e.3054/rect - {}
RESULT: {}
COMMAND: GET /session/cc787b9332752cdee0bcd1748733cdef/window/rect - {}
RESULT: {}
COMMAND: POST /session/cc787b9332752cdee0bcd1748733cdef/execute/sync - {"script":"<script> [92 bytes]","args":[]}
RESULT: {"script":"<script> [92 bytes]","args":[]}
COMMAND: POST /session/cc787b9332752cdee0bcd1748733cdef/actions - {"actions":[{"id":"action5","type":"wheel","parameters":{},"actions":[{"type":"scroll","x":-1820,"y":-21,"deltaX":0,"deltaY":0,"duration":0,"origin":{"element-6066-11e4-a52e-4f735466cecf":"f.40E06083F0E682023BA0E7AA24D478F4.d.8D6A6B4735F14F28813955F1F0C3B217.e.3054"}}]}]}
COMMAND: GET /session/cc787b9332752cdee0bcd1748733cdef/screenshot - {}
RESULT: {}
COMMAND: POST /session/cc787b9332752cdee0bcd1748733cdef/execute/sync - {"script":"<script> [79 bytes]","args":[{"element-6066-11e4-a52e-4f735466cecf":"f.40E06083F0E682023BA0E7AA24D478F4.d.8D6A6B4735F14F28813955F1F0C3B217.e.3054","ELEMENT":"f.40E06083F0E682023BA0E7AA24D478F4.d.8D6A6B4735F14F28813955F1F0C3B217.e.3054"},{"block":"start","inline":"nearest"}]}
RESULT: {"script":"<script> [79 bytes]","args":[{"element-6066-11e4-a52e-4f735466cecf":"f.40E06083F0E682023BA0E7AA24D478F4.d.8D6A6B4735F14F28813955F1F0C3B217.e.3054","ELEMENT":"f.40E06083F0E682023BA0E7AA24D478F4.d.8D6A6B4735F14F28813955F1F0C3B217.e.3054"},{"block":"start","inline":"nearest"}]}
COMMAND: GET /session/cc787b9332752cdee0bcd1748733cdef/screenshot - {}
RESULT: {}
COMMAND: POST /session/cc787b9332752cdee0bcd1748733cdef/element - {"using":"xpath","value":"//span[@id=\"application-manageresources-display-component---newResourceUnit--btnAddTimeSegment-img\"]"}
RESULT: {"using":"xpath","value":"//span[@id=\"application-manageresources-display-component---newResourceUnit--btnAddTimeSegment-img\"]"}
COMMAND: POST /session/cc787b9332752cdee0bcd1748733cdef/execute/sync - {"script":"<script> [8489 bytes]","args":[{"element-6066-11e4-a52e-4f735466cecf":"f.40E06083F0E682023BA0E7AA24D478F4.d.8D6A6B4735F14F28813955F1F0C3B217.e.3057","ELEMENT":"f.40E06083F0E682023BA0E7AA24D478F4.d.8D6A6B4735F14F28813955F1F0C3B217.e.3057"}]}
RESULT: {"script":"<script> [8489 bytes]","args":[{"element-6066-11e4-a52e-4f735466cecf":"f.40E06083F0E682023BA0E7AA24D478F4.d.8D6A6B4735F14F28813955F1F0C3B217.e.3057","ELEMENT":"f.40E06083F0E682023BA0E7AA24D478F4.d.8D6A6B4735F14F28813955F1F0C3B217.e.3057"}]}
COMMAND: POST /session/cc787b9332752cdee0bcd1748733cdef/element/f.40E06083F0E682023BA0E7AA24D478F4.d.8D6A6B4735F14F28813955F1F0C3B217.e.3057/click - {}
COMMAND: GET /session/cc787b9332752cdee0bcd1748733cdef/screenshot - {}
RESULT: {}
COMMAND: GET /session/cc787b9332752cdee0bcd1748733cdef/screenshot - {}
COMMAND: POST /session/cc787b9332752cdee0bcd1748733cdef/element - {"using":"xpath","value":"//input[@id=\"application-manageresources-display-component---newResourceUnit--idRuTSAdmin-application-manageresources-display-component---newResourceUnit--RUTimeSegment-0-inner\"]"}
RESULT: {}
RESULT: {}
RESULT: {"using":"xpath","value":"//input[@id=\"application-manageresources-display-component---newResourceUnit--idRuTSAdmin-application-manageresources-display-component---newResourceUnit--RUTimeSegment-0-inner\"]"}
COMMAND: POST /session/cc787b9332752cdee0bcd1748733cdef/element/f.40E06083F0E682023BA0E7AA24D478F4.d.8D6A6B4735F14F28813955F1F0C3B217.e.3060/clear - {}
RESULT: {}
COMMAND: POST /session/cc787b9332752cdee0bcd1748733cdef/element/f.40E06083F0E682023BA0E7AA24D478F4.d.8D6A6B4735F14F28813955F1F0C3B217.e.3060/value - {"text":"WebdriverYardmlvdxg"}
COMMAND: GET /session/cc787b9332752cdee0bcd1748733cdef/screenshot - {}
RESULT: {"text":"WebdriverYardmlvdxg"}
COMMAND: GET /session/cc787b9332752cdee0bcd1748733cdef/screenshot - {}
RESULT: {}
RESULT: {}
COMMAND: POST /session/cc787b9332752cdee0bcd1748733cdef/actions - {"actions":[{"id":"action6","type":"key","parameters":{},"actions":[{"type":"keyDown","value":""},{"type":"pause","duration":10},{"type":"keyUp","value":""}]}]}
RESULT: {"actions":[{"id":"action6","type":"key","parameters":{},"actions":[{"type":"keyDown","value":""},{"type":"pause","duration":10},{"type":"keyUp","value":""}]}]}
COMMAND: GET /session/cc787b9332752cdee0bcd1748733cdef/screenshot - {}
RESULT: {}
COMMAND: POST /session/cc787b9332752cdee0bcd1748733cdef/execute/async - {"script":"<script> [1562 bytes]","args":[{"selector":{"controlType":"sap.m.Button","viewName":"reusables.view.manageresources.NewResourceUnit","viewId":"application-manageresources-display-component---newResourceUnit","i18NText":{"propertyName":"tooltip","key":"save"},"interaction":{"idSuffix":"BDI-content"}},"wdio_ui5_key":"reusablesview.manageresources.NewResourceUnitsap.m.Button{\"propertyName\":\"tooltip\",\"key\":\"save\"}"}]}
RESULT: {"script":"<script> [1562 bytes]","args":[{"selector":{"controlType":"sap.m.Button","viewName":"reusables.view.manageresources.NewResourceUnit","viewId":"application-manageresources-display-component---newResourceUnit","i18NText":{"propertyName":"tooltip","key":"save"},"interaction":{"idSuffix":"BDI-content"}},"wdio_ui5_key":"reusablesview.manageresources.NewResourceUnitsap.m.Button{\"propertyName\":\"tooltip\",\"key\":\"save\"}"}]}
RESULT: undefined
COMMAND: POST /session/cc787b9332752cdee0bcd1748733cdef/element - {"using":"xpath","value":"//*[@id=\"application-manageresources-display-component---newResourceUnit--createRuButton\"]"}
RESULT: {"using":"xpath","value":"//*[@id=\"application-manageresources-display-component---newResourceUnit--createRuButton\"]"}
COMMAND: POST /session/cc787b9332752cdee0bcd1748733cdef/element/f.40E06083F0E682023BA0E7AA24D478F4.d.8D6A6B4735F14F28813955F1F0C3B217.e.2920/click - {}
RESULT: {}
COMMAND: GET /session/cc787b9332752cdee0bcd1748733cdef/screenshot - {}
RESULT: {}
COMMAND: POST /session/cc787b9332752cdee0bcd1748733cdef/execute/async - {"script":"<script> [1562 bytes]","args":[{"selector":{"controlType":"sap.m.Title","properties":{"text":"Success"},"searchOpenDialogs":true},"wdio_ui5_key":"sapm.Title{\"text\":\"Success\"}"}]}
RESULT: {"script":"<script> [1562 bytes]","args":[{"selector":{"controlType":"sap.m.Title","properties":{"text":"Success"},"searchOpenDialogs":true},"wdio_ui5_key":"sapm.Title{\"text\":\"Success\"}"}]}
RESULT: undefined
COMMAND: POST /session/cc787b9332752cdee0bcd1748733cdef/execute/async - {"script":"<script> [6424 bytes]","args":[{"element-6066-11e4-a52e-4f735466cecf":"f.40E06083F0E682023BA0E7AA24D478F4.d.8D6A6B4735F14F28813955F1F0C3B217.e.3074"},"getText",[]]}
RESULT: {"script":"<script> [6424 bytes]","args":[{"element-6066-11e4-a52e-4f735466cecf":"f.40E06083F0E682023BA0E7AA24D478F4.d.8D6A6B4735F14F28813955F1F0C3B217.e.3074"},"getText",[]]}
COMMAND: POST /session/cc787b9332752cdee0bcd1748733cdef/element - {"using":"xpath","value":"//*[contains(@id, '__text') and (contains(text(), 'successfully created') or contains(., 'successfully created'))]"}
RESULT: {"using":"xpath","value":"//*[contains(@id, '__text') and (contains(text(), 'successfully created') or contains(., 'successfully created'))]"}
COMMAND: GET /session/cc787b9332752cdee0bcd1748733cdef/element/f.40E06083F0E682023BA0E7AA24D478F4.d.8D6A6B4735F14F28813955F1F0C3B217.e.3073/text - {}
RESULT: {}
COMMAND: POST /session/cc787b9332752cdee0bcd1748733cdef/execute/async - {"script":"<script> [1562 bytes]","args":[{"selector":{"controlType":"sap.m.Button","properties":{"text":"Close"},"searchOpenDialogs":true,"interaction":{"idSuffix":"BDI-content"}},"wdio_ui5_key":"sapm.Button{\"text\":\"Close\"}"}]}
RESULT: {"script":"<script> [1562 bytes]","args":[{"selector":{"controlType":"sap.m.Button","properties":{"text":"Close"},"searchOpenDialogs":true,"interaction":{"idSuffix":"BDI-content"}},"wdio_ui5_key":"sapm.Button{\"text\":\"Close\"}"}]}
RESULT: undefined
COMMAND: POST /session/cc787b9332752cdee0bcd1748733cdef/element - {"using":"xpath","value":"//*[@id=\"__mbox-btn-0\"]"}
RESULT: {"using":"xpath","value":"//*[@id=\"__mbox-btn-0\"]"}
COMMAND: POST /session/cc787b9332752cdee0bcd1748733cdef/element/f.40E06083F0E682023BA0E7AA24D478F4.d.8D6A6B4735F14F28813955F1F0C3B217.e.3071/click - {}
RESULT: {}
COMMAND: GET /session/cc787b9332752cdee0bcd1748733cdef/screenshot - {}
RESULT: {}
COMMAND: POST /session/cc787b9332752cdee0bcd1748733cdef/execute/async - {"script":"<script> [1562 bytes]","args":[{"selector":{"controlType":"sap.ui.core.Icon","viewName":"etm.portal.ui.manageresources.view.Detail","viewId":"application-manageresources-display-component---detailRU","properties":{"src":{"regex":{"source":"overflow"}}}},"wdio_ui5_key":"etmportal.ui.manageresources.view.Detailsap.ui.core.Icon{\"src\":{\"regex\":{\"source\":\"overflow\"}}}"}]}
RESULT: {"script":"<script> [1562 bytes]","args":[{"selector":{"controlType":"sap.ui.core.Icon","viewName":"etm.portal.ui.manageresources.view.Detail","viewId":"application-manageresources-display-component---detailRU","properties":{"src":{"regex":{"source":"overflow"}}}},"wdio_ui5_key":"etmportal.ui.manageresources.view.Detailsap.ui.core.Icon{\"src\":{\"regex\":{\"source\":\"overflow\"}}}"}]}
RESULT: undefined
COMMAND: POST /session/cc787b9332752cdee0bcd1748733cdef/element - {"using":"xpath","value":"//*[@id=\"__title36-_actionsToolbar-overflowButton-img\"]"}
RESULT: {"using":"xpath","value":"//*[@id=\"__title36-_actionsToolbar-overflowButton-img\"]"}
COMMAND: POST /session/cc787b9332752cdee0bcd1748733cdef/element/f.40E06083F0E682023BA0E7AA24D478F4.d.8D6A6B4735F14F28813955F1F0C3B217.e.3106/click - {}
RESULT: {}
COMMAND: POST /session/cc787b9332752cdee0bcd1748733cdef/execute/async - {"script":"<script> [1562 bytes]","args":[{"selector":{"controlType":"sap.m.Button","viewName":"etm.portal.ui.manageresources.view.Detail","viewId":"application-manageresources-display-component---detailRU","i18NText":{"propertyName":"tooltip","key":"closeColumn"},"searchOpenDialogs":true,"interaction":{"idSuffix":"inner"}},"wdio_ui5_key":"etmportal.ui.manageresources.view.Detailsap.m.Button{\"propertyName\":\"tooltip\",\"key\":\"closeColumn\"}"}]}
COMMAND: GET /session/cc787b9332752cdee0bcd1748733cdef/screenshot - {}
RESULT: {"script":"<script> [1562 bytes]","args":[{"selector":{"controlType":"sap.m.Button","viewName":"etm.portal.ui.manageresources.view.Detail","viewId":"application-manageresources-display-component---detailRU","i18NText":{"propertyName":"tooltip","key":"closeColumn"},"searchOpenDialogs":true,"interaction":{"idSuffix":"inner"}},"wdio_ui5_key":"etmportal.ui.manageresources.view.Detailsap.m.Button{\"propertyName\":\"tooltip\",\"key\":\"closeColumn\"}"}]}
RESULT: undefined
COMMAND: POST /session/cc787b9332752cdee0bcd1748733cdef/element - {"using":"xpath","value":"//*[@id=\"__button151\"]"}
RESULT: {}
RESULT: {"using":"xpath","value":"//*[@id=\"__button151\"]"}
COMMAND: POST /session/cc787b9332752cdee0bcd1748733cdef/element/f.40E06083F0E682023BA0E7AA24D478F4.d.8D6A6B4735F14F28813955F1F0C3B217.e.3108/click - {}
RESULT: {}
COMMAND: GET /session/cc787b9332752cdee0bcd1748733cdef/screenshot - {}
RESULT: {}
COMMAND: POST /session/cc787b9332752cdee0bcd1748733cdef/refresh - {}
RESULT: {}
COMMAND: GET /session/cc787b9332752cdee0bcd1748733cdef/screenshot - {}
RESULT: {}
COMMAND: POST /session/cc787b9332752cdee0bcd1748733cdef/execute/async - {"script":"<script> [189 bytes]","args":[]}
RESULT: {"script":"<script> [189 bytes]","args":[]}
COMMAND: POST /session/cc787b9332752cdee0bcd1748733cdef/execute/async - {"script":"<script> [123 bytes]","args":[]}
RESULT: {"script":"<script> [123 bytes]","args":[]}
COMMAND: POST /session/cc787b9332752cdee0bcd1748733cdef/timeouts - {"script":"<number>"}
RESULT: {"script":"<number>"}
COMMAND: GET /session/cc787b9332752cdee0bcd1748733cdef/timeouts - {}
RESULT: {}
RESULT: undefined
COMMAND: POST /session/cc787b9332752cdee0bcd1748733cdef/execute/async - {"script":"<script> [2676 bytes]","args":[]}
RESULT: {"script":"<script> [2676 bytes]","args":[]}
COMMAND: POST /session/cc787b9332752cdee0bcd1748733cdef/execute/async - {"script":"<script> [2342 bytes]","args":[{"protocol":"http","hostname":"0.0.0.0","path":"/","capabilities":{"browserName":"chrome","goog:chromeOptions":{"binary":"C:\\Program Files\\Google\\Chrome\\Application\\chrome.exe","args":["--start-maximized"]}},"logLevel":"warn","connectionRetryTimeout":120000,"connectionRetryCount":3,"logLevels":{},"enableDirectConnect":true,"strictSSL":true,"_":"65 more keys: [\"cacheDir\",\"port\",\"requestedCapabilities\",\"automationProtocol\",\"baseUrl\",\"waitforInterval\",\"waitforTimeout\",\"onReload\",\"beforeCommand\",\"afterCommand\",\"rootDir\",\"specs\",\"suites\",\"exclude\",\"groupLogsByTestSpec\",\"excludeDriverLogs\",\"bail\",\"framework\",\"reporters\",\"services\",\"maxInstances\",\"maxInstancesPerCapability\",\"injectGlobals\",\"filesToWatch\",\"execArgv\",\"runnerEnv\",\"runner\",\"shard\",\"specFileRetries\",\"specFileRetriesDelay\",\"specFileRetriesDeferred\",\"reporterSyncInterval\",\"reporterSyncTimeout\",\"cucumberFeaturesWithLineNumbers\",\"autoCompileOpts\",\"mochaOpts\",\"jasmineOpts\",\"cucumberOpts\",\"onPrepare\",\"onWorkerStart\",\"onWorkerEnd\",\"before\",\"beforeSession\",\"beforeSuite\",\"beforeHook\",\"beforeTest\",\"afterTest\",\"afterHook\",\"afterSuite\",\"afterSession\",\"after\",\"onComplete\",\"beforeAssertion\",\"afterAssertion\",\"beforeFeature\",\"beforeScenario\",\"beforeStep\",\"afterStep\",\"afterScenario\",\"afterFeature\",\"_\",\"suite\",\"$0\",\"ignoredWorkerServices\",\"wdi5\"]"}]}
RESULT: {"script":"<script> [2342 bytes]","args":[{"protocol":"http","hostname":"0.0.0.0","path":"/","capabilities":{"browserName":"chrome","goog:chromeOptions":{"binary":"C:\\Program Files\\Google\\Chrome\\Application\\chrome.exe","args":["--start-maximized"]}},"logLevel":"warn","connectionRetryTimeout":120000,"connectionRetryCount":3,"logLevels":{},"enableDirectConnect":true,"strictSSL":true,"_":"65 more keys: [\"cacheDir\",\"port\",\"requestedCapabilities\",\"automationProtocol\",\"baseUrl\",\"waitforInterval\",\"waitforTimeout\",\"onReload\",\"beforeCommand\",\"afterCommand\",\"rootDir\",\"specs\",\"suites\",\"exclude\",\"groupLogsByTestSpec\",\"excludeDriverLogs\",\"bail\",\"framework\",\"reporters\",\"services\",\"maxInstances\",\"maxInstancesPerCapability\",\"injectGlobals\",\"filesToWatch\",\"execArgv\",\"runnerEnv\",\"runner\",\"shard\",\"specFileRetries\",\"specFileRetriesDelay\",\"specFileRetriesDeferred\",\"reporterSyncInterval\",\"reporterSyncTimeout\",\"cucumberFeaturesWithLineNumbers\",\"autoCompileOpts\",\"mochaOpts\",\"jasmineOpts\",\"cucumberOpts\",\"onPrepare\",\"onWorkerStart\",\"onWorkerEnd\",\"before\",\"beforeSession\",\"beforeSuite\",\"beforeHook\",\"beforeTest\",\"afterTest\",\"afterHook\",\"afterSuite\",\"afterSession\",\"after\",\"onComplete\",\"beforeAssertion\",\"afterAssertion\",\"beforeFeature\",\"beforeScenario\",\"beforeStep\",\"afterStep\",\"afterScenario\",\"afterFeature\",\"_\",\"suite\",\"$0\",\"ignoredWorkerServices\",\"wdi5\"]"}]}
COMMAND: POST /session/cc787b9332752cdee0bcd1748733cdef/execute/async - {"script":"<script> [21126 bytes]","args":[35000]}
RESULT: {"script":"<script> [21126 bytes]","args":[35000]}
COMMAND: POST /session/cc787b9332752cdee0bcd1748733cdef/element - {"using":"css selector","value":"#shell-header-logo"}
RESULT: {"using":"css selector","value":"#shell-header-logo"}
COMMAND: POST /session/cc787b9332752cdee0bcd1748733cdef/element/f.40E06083F0E682023BA0E7AA24D478F4.d.BF4EF689B44584C87CF97295FD2689AB.e.3194/click - {}
RESULT: {}
COMMAND: GET /session/cc787b9332752cdee0bcd1748733cdef/screenshot - {}
RESULT: {}
COMMAND: POST /session/cc787b9332752cdee0bcd1748733cdef/execute/async - {"script":"<script> [1562 bytes]","args":[{"selector":{"controlType":"sap.m.GenericTile","properties":{"header":"Manage Resources"}},"wdio_ui5_key":"sapm.GenericTile{\"header\":\"Manage Resources\"}"}]}
RESULT: {"script":"<script> [1562 bytes]","args":[{"selector":{"controlType":"sap.m.GenericTile","properties":{"header":"Manage Resources"}},"wdio_ui5_key":"sapm.GenericTile{\"header\":\"Manage Resources\"}"}]}
RESULT: undefined
COMMAND: POST /session/cc787b9332752cdee0bcd1748733cdef/element - {"using":"xpath","value":"//*[@id=\"__tile40\"]"}
RESULT: {"using":"xpath","value":"//*[@id=\"__tile40\"]"}
COMMAND: POST /session/cc787b9332752cdee0bcd1748733cdef/element/f.40E06083F0E682023BA0E7AA24D478F4.d.BF4EF689B44584C87CF97295FD2689AB.e.3380/click - {}
RESULT: {}
COMMAND: GET /session/cc787b9332752cdee0bcd1748733cdef/screenshot - {}
COMMAND: POST /session/cc787b9332752cdee0bcd1748733cdef/elements - {"using":"xpath","value":"//span[text()='Error']"}
RESULT: {}
RESULT: {"using":"xpath","value":"//span[text()='Error']"}
COMMAND: POST /session/cc787b9332752cdee0bcd1748733cdef/element - {"using":"xpath","value":"//button[@data-kt=\"addNewRUOverflowToolbarButton\"]"}
RESULT: {"using":"xpath","value":"//button[@data-kt=\"addNewRUOverflowToolbarButton\"]"}
COMMAND: POST /session/cc787b9332752cdee0bcd1748733cdef/execute/sync - {"script":"<script> [8489 bytes]","args":[{"element-6066-11e4-a52e-4f735466cecf":"f.40E06083F0E682023BA0E7AA24D478F4.d.BF4EF689B44584C87CF97295FD2689AB.e.3421","ELEMENT":"f.40E06083F0E682023BA0E7AA24D478F4.d.BF4EF689B44584C87CF97295FD2689AB.e.3421"}]}
RESULT: {"script":"<script> [8489 bytes]","args":[{"element-6066-11e4-a52e-4f735466cecf":"f.40E06083F0E682023BA0E7AA24D478F4.d.BF4EF689B44584C87CF97295FD2689AB.e.3421","ELEMENT":"f.40E06083F0E682023BA0E7AA24D478F4.d.BF4EF689B44584C87CF97295FD2689AB.e.3421"}]}
COMMAND: POST /session/cc787b9332752cdee0bcd1748733cdef/element/f.40E06083F0E682023BA0E7AA24D478F4.d.BF4EF689B44584C87CF97295FD2689AB.e.3421/click - {}
COMMAND: GET /session/cc787b9332752cdee0bcd1748733cdef/screenshot - {}
RESULT: {}
COMMAND: GET /session/cc787b9332752cdee0bcd1748733cdef/screenshot - {}
RESULT: {}
RESULT: {}
COMMAND: POST /session/cc787b9332752cdee0bcd1748733cdef/execute/async - {"script":"<script> [1562 bytes]","args":[{"selector":{"id":"application-manageresources-display-component---newResourceUnit--TYPE-arrow"},"wdio_ui5_key":"applicationmanageresources-display-component---newResourceUnit--TYPE-arrow"}]}
RESULT: {"script":"<script> [1562 bytes]","args":[{"selector":{"id":"application-manageresources-display-component---newResourceUnit--TYPE-arrow"},"wdio_ui5_key":"applicationmanageresources-display-component---newResourceUnit--TYPE-arrow"}]}
RESULT: undefined
COMMAND: POST /session/cc787b9332752cdee0bcd1748733cdef/element - {"using":"xpath","value":"//*[@id=\"application-manageresources-display-component---newResourceUnit--TYPE-arrow\"]"}
RESULT: {"using":"xpath","value":"//*[@id=\"application-manageresources-display-component---newResourceUnit--TYPE-arrow\"]"}
COMMAND: POST /session/cc787b9332752cdee0bcd1748733cdef/element/f.40E06083F0E682023BA0E7AA24D478F4.d.BF4EF689B44584C87CF97295FD2689AB.e.3740/click - {}
RESULT: {}
COMMAND: POST /session/cc787b9332752cdee0bcd1748733cdef/execute/async - {"script":"<script> [1562 bytes]","args":[{"selector":{"controlType":"sap.m.StandardListItem","viewName":"reusables.view.manageresources.NewResourceUnit","viewId":"application-manageresources-display-component---newResourceUnit","properties":{"title":"Equipment"},"searchOpenDialogs":true,"interaction":{"idSuffix":"content"}},"wdio_ui5_key":"reusablesview.manageresources.NewResourceUnitsap.m.StandardListItem{\"title\":\"Equipment\"}"}]}
COMMAND: GET /session/cc787b9332752cdee0bcd1748733cdef/screenshot - {}
RESULT: {"script":"<script> [1562 bytes]","args":[{"selector":{"controlType":"sap.m.StandardListItem","viewName":"reusables.view.manageresources.NewResourceUnit","viewId":"application-manageresources-display-component---newResourceUnit","properties":{"title":"Equipment"},"searchOpenDialogs":true,"interaction":{"idSuffix":"content"}},"wdio_ui5_key":"reusablesview.manageresources.NewResourceUnitsap.m.StandardListItem{\"title\":\"Equipment\"}"}]}
RESULT: undefined
COMMAND: POST /session/cc787b9332752cdee0bcd1748733cdef/element - {"using":"xpath","value":"//*[@id=\"__item185\"]"}
RESULT: {}
RESULT: {"using":"xpath","value":"//*[@id=\"__item185\"]"}
COMMAND: POST /session/cc787b9332752cdee0bcd1748733cdef/element/f.40E06083F0E682023BA0E7AA24D478F4.d.BF4EF689B44584C87CF97295FD2689AB.e.3743/click - {}
RESULT: {}
COMMAND: POST /session/cc787b9332752cdee0bcd1748733cdef/execute/async - {"script":"<script> [1562 bytes]","args":[{"selector":{"id":"application-manageresources-display-component---newResourceUnit--resourceId","interaction":{"idSuffix":"inner"}},"wdio_ui5_key":"applicationmanageresources-display-component---newResourceUnit--resourceId"}]}
COMMAND: GET /session/cc787b9332752cdee0bcd1748733cdef/screenshot - {}
RESULT: {"script":"<script> [1562 bytes]","args":[{"selector":{"id":"application-manageresources-display-component---newResourceUnit--resourceId","interaction":{"idSuffix":"inner"}},"wdio_ui5_key":"applicationmanageresources-display-component---newResourceUnit--resourceId"}]}
RESULT: undefined
COMMAND: POST /session/cc787b9332752cdee0bcd1748733cdef/execute/async - {"script":"<script> [776 bytes]","args":[{"enterText":"WdIOTestEquipvnt7h","selector":{"id":"application-manageresources-display-component---newResourceUnit--resourceId","interaction":{"idSuffix":"inner"}},"clearTextFirst":true,"interactionType":"ENTER_TEXT"}]}
RESULT: {}
RESULT: {"script":"<script> [776 bytes]","args":[{"enterText":"WdIOTestEquipvnt7h","selector":{"id":"application-manageresources-display-component---newResourceUnit--resourceId","interaction":{"idSuffix":"inner"}},"clearTextFirst":true,"interactionType":"ENTER_TEXT"}]}
COMMAND: POST /session/cc787b9332752cdee0bcd1748733cdef/execute/async - {"script":"<script> [1562 bytes]","args":[{"selector":{"id":"application-manageresources-display-component---newResourceUnit--SHORT_TEXT","interaction":{"idSuffix":"inner"}},"wdio_ui5_key":"applicationmanageresources-display-component---newResourceUnit--SHORT_TEXT"}]}
RESULT: {"script":"<script> [1562 bytes]","args":[{"selector":{"id":"application-manageresources-display-component---newResourceUnit--SHORT_TEXT","interaction":{"idSuffix":"inner"}},"wdio_ui5_key":"applicationmanageresources-display-component---newResourceUnit--SHORT_TEXT"}]}
RESULT: undefined
COMMAND: POST /session/cc787b9332752cdee0bcd1748733cdef/execute/async - {"script":"<script> [776 bytes]","args":[{"enterText":"WdIOTestEquipvnt7h","selector":{"id":"application-manageresources-display-component---newResourceUnit--SHORT_TEXT","interaction":{"idSuffix":"inner"}},"clearTextFirst":true,"interactionType":"ENTER_TEXT"}]}
RESULT: {"script":"<script> [776 bytes]","args":[{"enterText":"WdIOTestEquipvnt7h","selector":{"id":"application-manageresources-display-component---newResourceUnit--SHORT_TEXT","interaction":{"idSuffix":"inner"}},"clearTextFirst":true,"interactionType":"ENTER_TEXT"}]}
COMMAND: POST /session/cc787b9332752cdee0bcd1748733cdef/execute/async - {"script":"<script> [1562 bytes]","args":[{"selector":{"id":"application-manageresources-display-component---newResourceUnit--BASE_UNIT_OF_MEASURE","interaction":{"idSuffix":"inner"}},"wdio_ui5_key":"applicationmanageresources-display-component---newResourceUnit--BASE_UNIT_OF_MEASURE"}]}
RESULT: {"script":"<script> [1562 bytes]","args":[{"selector":{"id":"application-manageresources-display-component---newResourceUnit--BASE_UNIT_OF_MEASURE","interaction":{"idSuffix":"inner"}},"wdio_ui5_key":"applicationmanageresources-display-component---newResourceUnit--BASE_UNIT_OF_MEASURE"}]}
RESULT: undefined
COMMAND: POST /session/cc787b9332752cdee0bcd1748733cdef/execute/async - {"script":"<script> [776 bytes]","args":[{"enterText":"Piece","selector":{"id":"application-manageresources-display-component---newResourceUnit--BASE_UNIT_OF_MEASURE","interaction":{"idSuffix":"inner"}},"clearTextFirst":true,"interactionType":"ENTER_TEXT"}]}
RESULT: {"script":"<script> [776 bytes]","args":[{"enterText":"Piece","selector":{"id":"application-manageresources-display-component---newResourceUnit--BASE_UNIT_OF_MEASURE","interaction":{"idSuffix":"inner"}},"clearTextFirst":true,"interactionType":"ENTER_TEXT"}]}
COMMAND: POST /session/cc787b9332752cdee0bcd1748733cdef/execute/async - {"script":"<script> [1562 bytes]","args":[{"selector":{"id":"application-manageresources-display-component---newResourceUnit--WEIGHT_UNIT","interaction":{"idSuffix":"inner"}},"wdio_ui5_key":"applicationmanageresources-display-component---newResourceUnit--WEIGHT_UNIT"}]}
RESULT: {"script":"<script> [1562 bytes]","args":[{"selector":{"id":"application-manageresources-display-component---newResourceUnit--WEIGHT_UNIT","interaction":{"idSuffix":"inner"}},"wdio_ui5_key":"applicationmanageresources-display-component---newResourceUnit--WEIGHT_UNIT"}]}
RESULT: undefined
COMMAND: POST /session/cc787b9332752cdee0bcd1748733cdef/execute/async - {"script":"<script> [776 bytes]","args":[{"enterText":"Gram","selector":{"id":"application-manageresources-display-component---newResourceUnit--WEIGHT_UNIT","interaction":{"idSuffix":"inner"}},"clearTextFirst":true,"interactionType":"ENTER_TEXT"}]}
RESULT: {"script":"<script> [776 bytes]","args":[{"enterText":"Gram","selector":{"id":"application-manageresources-display-component---newResourceUnit--WEIGHT_UNIT","interaction":{"idSuffix":"inner"}},"clearTextFirst":true,"interactionType":"ENTER_TEXT"}]}
COMMAND: POST /session/cc787b9332752cdee0bcd1748733cdef/execute/async - {"script":"<script> [1562 bytes]","args":[{"selector":{"id":"application-manageresources-display-component---newResourceUnit--newRRUPage-OPHeaderContent-collapseBtn-img"},"wdio_ui5_key":"applicationmanageresources-display-component---newResourceUnit--newRRUPage-OPHeaderContent-collapseBtn-img"}]}
RESULT: {"script":"<script> [1562 bytes]","args":[{"selector":{"id":"application-manageresources-display-component---newResourceUnit--newRRUPage-OPHeaderContent-collapseBtn-img"},"wdio_ui5_key":"applicationmanageresources-display-component---newResourceUnit--newRRUPage-OPHeaderContent-collapseBtn-img"}]}
RESULT: undefined
COMMAND: POST /session/cc787b9332752cdee0bcd1748733cdef/element - {"using":"xpath","value":"//*[@id=\"application-manageresources-display-component---newResourceUnit--newRRUPage-OPHeaderContent-collapseBtn-img\"]"}
RESULT: {"using":"xpath","value":"//*[@id=\"application-manageresources-display-component---newResourceUnit--newRRUPage-OPHeaderContent-collapseBtn-img\"]"}
COMMAND: POST /session/cc787b9332752cdee0bcd1748733cdef/element/f.40E06083F0E682023BA0E7AA24D478F4.d.BF4EF689B44584C87CF97295FD2689AB.e.3752/click - {}
RESULT: {}
COMMAND: GET /session/cc787b9332752cdee0bcd1748733cdef/screenshot - {}
RESULT: {}
COMMAND: POST /session/cc787b9332752cdee0bcd1748733cdef/element - {"using":"xpath","value":"(//span[contains(@id ,\"application-manageresources-display-component---newResourceUnit--DIMENSION_UNIT-arrow\")])[1]"}
RESULT: {"using":"xpath","value":"(//span[contains(@id ,\"application-manageresources-display-component---newResourceUnit--DIMENSION_UNIT-arrow\")])[1]"}
COMMAND: POST /session/cc787b9332752cdee0bcd1748733cdef/element/f.40E06083F0E682023BA0E7AA24D478F4.d.BF4EF689B44584C87CF97295FD2689AB.e.3898/click - {}
RESULT: {}
COMMAND: GET /session/cc787b9332752cdee0bcd1748733cdef/screenshot - {}
RESULT: {}
COMMAND: POST /session/cc787b9332752cdee0bcd1748733cdef/execute/async - {"script":"<script> [1562 bytes]","args":[{"selector":{"controlType":"sap.m.StandardListItem","viewName":"reusables.view.manageresources.NewResourceUnit","viewId":"application-manageresources-display-component---newResourceUnit","properties":{"title":"Centimeter"},"searchOpenDialogs":true,"interaction":{"idSuffix":"titleText"}},"wdio_ui5_key":"reusablesview.manageresources.NewResourceUnitsap.m.StandardListItem{\"title\":\"Centimeter\"}"}]}
RESULT: {"script":"<script> [1562 bytes]","args":[{"selector":{"controlType":"sap.m.StandardListItem","viewName":"reusables.view.manageresources.NewResourceUnit","viewId":"application-manageresources-display-component---newResourceUnit","properties":{"title":"Centimeter"},"searchOpenDialogs":true,"interaction":{"idSuffix":"titleText"}},"wdio_ui5_key":"reusablesview.manageresources.NewResourceUnitsap.m.StandardListItem{\"title\":\"Centimeter\"}"}]}
RESULT: undefined
COMMAND: POST /session/cc787b9332752cdee0bcd1748733cdef/element - {"using":"xpath","value":"//*[@id=\"__item243\"]"}
RESULT: {"using":"xpath","value":"//*[@id=\"__item243\"]"}
COMMAND: POST /session/cc787b9332752cdee0bcd1748733cdef/element/f.40E06083F0E682023BA0E7AA24D478F4.d.BF4EF689B44584C87CF97295FD2689AB.e.3902/click - {}
RESULT: {}
COMMAND: GET /session/cc787b9332752cdee0bcd1748733cdef/screenshot - {}
RESULT: {}
COMMAND: POST /session/cc787b9332752cdee0bcd1748733cdef/execute/async - {"script":"<script> [1562 bytes]","args":[{"selector":{"id":"application-manageresources-display-component---newResourceUnit--newRRUPage-anchBar-application-manageresources-display-component---newResourceUnit--control-anchor","interaction":{"idSuffix":"BDI-content"}},"wdio_ui5_key":"applicationmanageresources-display-component---newResourceUnit--newRRUPage-anchBar-application-manageresources-display-component---newResourceUnit--control-anchor"}]}
RESULT: {"script":"<script> [1562 bytes]","args":[{"selector":{"id":"application-manageresources-display-component---newResourceUnit--newRRUPage-anchBar-application-manageresources-display-component---newResourceUnit--control-anchor","interaction":{"idSuffix":"BDI-content"}},"wdio_ui5_key":"applicationmanageresources-display-component---newResourceUnit--newRRUPage-anchBar-application-manageresources-display-component---newResourceUnit--control-anchor"}]}
RESULT: undefined
COMMAND: POST /session/cc787b9332752cdee0bcd1748733cdef/element - {"using":"xpath","value":"//*[@id=\"application-manageresources-display-component---newResourceUnit--newRRUPage-anchBar-application-manageresources-display-component---newResourceUnit--control-anchor\"]"}
RESULT: {"using":"xpath","value":"//*[@id=\"application-manageresources-display-component---newResourceUnit--newRRUPage-anchBar-application-manageresources-display-component---newResourceUnit--control-anchor\"]"}
COMMAND: POST /session/cc787b9332752cdee0bcd1748733cdef/element/f.40E06083F0E682023BA0E7AA24D478F4.d.BF4EF689B44584C87CF97295FD2689AB.e.3904/click - {}
RESULT: {}
COMMAND: POST /session/cc787b9332752cdee0bcd1748733cdef/execute/async - {"script":"<script> [1562 bytes]","args":[{"selector":{"id":"application-manageresources-display-component---newResourceUnit--PLANNING_GROUP","interaction":{"idSuffix":"inner"}},"wdio_ui5_key":"applicationmanageresources-display-component---newResourceUnit--PLANNING_GROUP"}]}
COMMAND: GET /session/cc787b9332752cdee0bcd1748733cdef/screenshot - {}
RESULT: {"script":"<script> [1562 bytes]","args":[{"selector":{"id":"application-manageresources-display-component---newResourceUnit--PLANNING_GROUP","interaction":{"idSuffix":"inner"}},"wdio_ui5_key":"applicationmanageresources-display-component---newResourceUnit--PLANNING_GROUP"}]}
RESULT: undefined
COMMAND: POST /session/cc787b9332752cdee0bcd1748733cdef/execute/async - {"script":"<script> [776 bytes]","args":[{"enterText":"Heavy Equi","selector":{"id":"application-manageresources-display-component---newResourceUnit--PLANNING_GROUP","interaction":{"idSuffix":"inner"}},"clearTextFirst":true,"interactionType":"ENTER_TEXT"}]}
RESULT: {}
RESULT: {"script":"<script> [776 bytes]","args":[{"enterText":"Heavy Equi","selector":{"id":"application-manageresources-display-component---newResourceUnit--PLANNING_GROUP","interaction":{"idSuffix":"inner"}},"clearTextFirst":true,"interactionType":"ENTER_TEXT"}]}
COMMAND: POST /session/cc787b9332752cdee0bcd1748733cdef/execute/async - {"script":"<script> [1562 bytes]","args":[{"selector":{"id":"application-manageresources-display-component---newResourceUnit--ITEM_TYPE-arrow"},"wdio_ui5_key":"applicationmanageresources-display-component---newResourceUnit--ITEM_TYPE-arrow"}]}
RESULT: {"script":"<script> [1562 bytes]","args":[{"selector":{"id":"application-manageresources-display-component---newResourceUnit--ITEM_TYPE-arrow"},"wdio_ui5_key":"applicationmanageresources-display-component---newResourceUnit--ITEM_TYPE-arrow"}]}
RESULT: undefined
COMMAND: POST /session/cc787b9332752cdee0bcd1748733cdef/element - {"using":"xpath","value":"//*[@id=\"application-manageresources-display-component---newResourceUnit--ITEM_TYPE-arrow\"]"}
RESULT: {"using":"xpath","value":"//*[@id=\"application-manageresources-display-component---newResourceUnit--ITEM_TYPE-arrow\"]"}
COMMAND: POST /session/cc787b9332752cdee0bcd1748733cdef/element/f.40E06083F0E682023BA0E7AA24D478F4.d.BF4EF689B44584C87CF97295FD2689AB.e.3911/click - {}
RESULT: {}
COMMAND: POST /session/cc787b9332752cdee0bcd1748733cdef/execute/async - {"script":"<script> [1562 bytes]","args":[{"selector":{"controlType":"sap.m.StandardListItem","viewName":"reusables.view.manageresources.NewResourceUnit","viewId":"application-manageresources-display-component---newResourceUnit","properties":{"title":"Resource Unit"},"searchOpenDialogs":true,"interaction":{"idSuffix":"titleText"}},"wdio_ui5_key":"reusablesview.manageresources.NewResourceUnitsap.m.StandardListItem{\"title\":\"Resource Unit\"}"}]}
COMMAND: GET /session/cc787b9332752cdee0bcd1748733cdef/screenshot - {}
RESULT: {}
RESULT: {"script":"<script> [1562 bytes]","args":[{"selector":{"controlType":"sap.m.StandardListItem","viewName":"reusables.view.manageresources.NewResourceUnit","viewId":"application-manageresources-display-component---newResourceUnit","properties":{"title":"Resource Unit"},"searchOpenDialogs":true,"interaction":{"idSuffix":"titleText"}},"wdio_ui5_key":"reusablesview.manageresources.NewResourceUnitsap.m.StandardListItem{\"title\":\"Resource Unit\"}"}]}
RESULT: undefined
COMMAND: POST /session/cc787b9332752cdee0bcd1748733cdef/element - {"using":"xpath","value":"//*[@id=\"__item265\"]"}
RESULT: {"using":"xpath","value":"//*[@id=\"__item265\"]"}
COMMAND: POST /session/cc787b9332752cdee0bcd1748733cdef/element/f.40E06083F0E682023BA0E7AA24D478F4.d.BF4EF689B44584C87CF97295FD2689AB.e.3913/click - {}
RESULT: {}
COMMAND: POST /session/cc787b9332752cdee0bcd1748733cdef/element - {"using":"xpath","value":"//bdi[contains(text(), \"Time Segment\")]"}
COMMAND: GET /session/cc787b9332752cdee0bcd1748733cdef/screenshot - {}
RESULT: {"using":"xpath","value":"//bdi[contains(text(), \"Time Segment\")]"}
COMMAND: GET /session/cc787b9332752cdee0bcd1748733cdef/element/f.40E06083F0E682023BA0E7AA24D478F4.d.BF4EF689B44584C87CF97295FD2689AB.e.3921/rect - {}
RESULT: {}
RESULT: {}
COMMAND: GET /session/cc787b9332752cdee0bcd1748733cdef/window/rect - {}
RESULT: {}
COMMAND: POST /session/cc787b9332752cdee0bcd1748733cdef/execute/sync - {"script":"<script> [92 bytes]","args":[]}
RESULT: {"script":"<script> [92 bytes]","args":[]}
COMMAND: POST /session/cc787b9332752cdee0bcd1748733cdef/actions - {"actions":[{"id":"action7","type":"wheel","parameters":{},"actions":[{"type":"scroll","x":-1820,"y":-21,"deltaX":0,"deltaY":0,"duration":0,"origin":{"element-6066-11e4-a52e-4f735466cecf":"f.40E06083F0E682023BA0E7AA24D478F4.d.BF4EF689B44584C87CF97295FD2689AB.e.3921"}}]}]}
COMMAND: GET /session/cc787b9332752cdee0bcd1748733cdef/screenshot - {}
RESULT: {}
COMMAND: POST /session/cc787b9332752cdee0bcd1748733cdef/execute/sync - {"script":"<script> [79 bytes]","args":[{"element-6066-11e4-a52e-4f735466cecf":"f.40E06083F0E682023BA0E7AA24D478F4.d.BF4EF689B44584C87CF97295FD2689AB.e.3921","ELEMENT":"f.40E06083F0E682023BA0E7AA24D478F4.d.BF4EF689B44584C87CF97295FD2689AB.e.3921"},{"block":"start","inline":"nearest"}]}
RESULT: {"script":"<script> [79 bytes]","args":[{"element-6066-11e4-a52e-4f735466cecf":"f.40E06083F0E682023BA0E7AA24D478F4.d.BF4EF689B44584C87CF97295FD2689AB.e.3921","ELEMENT":"f.40E06083F0E682023BA0E7AA24D478F4.d.BF4EF689B44584C87CF97295FD2689AB.e.3921"},{"block":"start","inline":"nearest"}]}
COMMAND: POST /session/cc787b9332752cdee0bcd1748733cdef/execute/async - {"script":"<script> [1562 bytes]","args":[{"selector":{"id":"application-manageresources-display-component---newResourceUnit--btnAddTimeSegment-img"},"wdio_ui5_key":"applicationmanageresources-display-component---newResourceUnit--btnAddTimeSegment-img"}]}
COMMAND: GET /session/cc787b9332752cdee0bcd1748733cdef/screenshot - {}
RESULT: {"script":"<script> [1562 bytes]","args":[{"selector":{"id":"application-manageresources-display-component---newResourceUnit--btnAddTimeSegment-img"},"wdio_ui5_key":"applicationmanageresources-display-component---newResourceUnit--btnAddTimeSegment-img"}]}
RESULT: undefined
COMMAND: POST /session/cc787b9332752cdee0bcd1748733cdef/element - {"using":"xpath","value":"//*[@id=\"application-manageresources-display-component---newResourceUnit--btnAddTimeSegment-img\"]"}
RESULT: {}
RESULT: {"using":"xpath","value":"//*[@id=\"application-manageresources-display-component---newResourceUnit--btnAddTimeSegment-img\"]"}
COMMAND: POST /session/cc787b9332752cdee0bcd1748733cdef/element/f.40E06083F0E682023BA0E7AA24D478F4.d.BF4EF689B44584C87CF97295FD2689AB.e.3922/click - {}
RESULT: {}
COMMAND: GET /session/cc787b9332752cdee0bcd1748733cdef/screenshot - {}
RESULT: {}
COMMAND: POST /session/cc787b9332752cdee0bcd1748733cdef/element - {"using":"xpath","value":"//input[@id=\"application-manageresources-display-component---newResourceUnit--idRuTSAdmin-application-manageresources-display-component---newResourceUnit--RUTimeSegment-0-inner\"]"}
RESULT: {"using":"xpath","value":"//input[@id=\"application-manageresources-display-component---newResourceUnit--idRuTSAdmin-application-manageresources-display-component---newResourceUnit--RUTimeSegment-0-inner\"]"}
COMMAND: POST /session/cc787b9332752cdee0bcd1748733cdef/element/f.40E06083F0E682023BA0E7AA24D478F4.d.BF4EF689B44584C87CF97295FD2689AB.e.3928/clear - {}
RESULT: {}
COMMAND: POST /session/cc787b9332752cdee0bcd1748733cdef/element/f.40E06083F0E682023BA0E7AA24D478F4.d.BF4EF689B44584C87CF97295FD2689AB.e.3928/value - {"text":"WebdriverYardmlvdxg"}
COMMAND: GET /session/cc787b9332752cdee0bcd1748733cdef/screenshot - {}
RESULT: {"text":"WebdriverYardmlvdxg"}
COMMAND: GET /session/cc787b9332752cdee0bcd1748733cdef/screenshot - {}
RESULT: {}
RESULT: {}
COMMAND: POST /session/cc787b9332752cdee0bcd1748733cdef/actions - {"actions":[{"id":"action8","type":"key","parameters":{},"actions":[{"type":"keyDown","value":""},{"type":"pause","duration":10},{"type":"keyUp","value":""}]}]}
RESULT: {"actions":[{"id":"action8","type":"key","parameters":{},"actions":[{"type":"keyDown","value":""},{"type":"pause","duration":10},{"type":"keyUp","value":""}]}]}
COMMAND: POST /session/cc787b9332752cdee0bcd1748733cdef/execute/async - {"script":"<script> [1562 bytes]","args":[{"selector":{"controlType":"sap.ui.core.Icon","viewName":"reusables.view.manageresources.NewResourceUnit","viewId":"application-manageresources-display-component---newResourceUnit","properties":{"src":{"regex":{"source":"slim\\-arrow\\-down"}}},"ancestor":{"controlType":"sap.m.ComboBox","viewName":"reusables.view.manageresources.NewResourceUnit","viewId":"application-manageresources-display-component---newResourceUnit","bindingPath":{"path":"/RESOURCE_UNIT_TIME_SEQUENCES/0","propertyPath":"COST_OBJECT_ADMIN_CST_TYPE","modelName":"oNewRruModel"}}},"wdio_ui5_key":"reusablesview.manageresources.NewResourceUnitsap.ui.core.Icon{\"src\":{\"regex\":{\"source\":\"slim\\\\-arrow\\\\-down\"}}}{\"controlType\":\"sap.m.ComboBox\",\"viewName\":\"reusables.view.manageresources.NewResourceUnit\",\"viewId\":\"application-manageresources-display-component---newResourceUnit\",\"bindingPath\":{\"path\":\"/RESOURCE_UNIT_TIME_SEQUENCES/0\",\"propertyPath\":\"COST_OBJECT_ADMIN_CST_TYPE\",\"modelName\":\"oNewRruModel\"}}"}]}
COMMAND: GET /session/cc787b9332752cdee0bcd1748733cdef/screenshot - {}
RESULT: {"script":"<script> [1562 bytes]","args":[{"selector":{"controlType":"sap.ui.core.Icon","viewName":"reusables.view.manageresources.NewResourceUnit","viewId":"application-manageresources-display-component---newResourceUnit","properties":{"src":{"regex":{"source":"slim\\-arrow\\-down"}}},"ancestor":{"controlType":"sap.m.ComboBox","viewName":"reusables.view.manageresources.NewResourceUnit","viewId":"application-manageresources-display-component---newResourceUnit","bindingPath":{"path":"/RESOURCE_UNIT_TIME_SEQUENCES/0","propertyPath":"COST_OBJECT_ADMIN_CST_TYPE","modelName":"oNewRruModel"}}},"wdio_ui5_key":"reusablesview.manageresources.NewResourceUnitsap.ui.core.Icon{\"src\":{\"regex\":{\"source\":\"slim\\\\-arrow\\\\-down\"}}}{\"controlType\":\"sap.m.ComboBox\",\"viewName\":\"reusables.view.manageresources.NewResourceUnit\",\"viewId\":\"application-manageresources-display-component---newResourceUnit\",\"bindingPath\":{\"path\":\"/RESOURCE_UNIT_TIME_SEQUENCES/0\",\"propertyPath\":\"COST_OBJECT_ADMIN_CST_TYPE\",\"modelName\":\"oNewRruModel\"}}"}]}
RESULT: undefined
COMMAND: POST /session/cc787b9332752cdee0bcd1748733cdef/element - {"using":"xpath","value":"//*[@id=\"__box7-application-manageresources-display-component---newResourceUnit--RUTimeSegment-0-arrow\"]"}
RESULT: {}
RESULT: {"using":"xpath","value":"//*[@id=\"__box7-application-manageresources-display-component---newResourceUnit--RUTimeSegment-0-arrow\"]"}
COMMAND: POST /session/cc787b9332752cdee0bcd1748733cdef/element/f.40E06083F0E682023BA0E7AA24D478F4.d.BF4EF689B44584C87CF97295FD2689AB.e.3940/click - {}
RESULT: {}
COMMAND: POST /session/cc787b9332752cdee0bcd1748733cdef/execute/async - {"script":"<script> [1562 bytes]","args":[{"selector":{"controlType":"sap.m.StandardListItem","viewName":"reusables.view.manageresources.NewResourceUnit","viewId":"application-manageresources-display-component---newResourceUnit","properties":{"title":"PM Order"},"searchOpenDialogs":true,"interaction":{"idSuffix":"titleText"}},"wdio_ui5_key":"reusablesview.manageresources.NewResourceUnitsap.m.StandardListItem{\"title\":\"PM Order\"}"}]}
COMMAND: GET /session/cc787b9332752cdee0bcd1748733cdef/screenshot - {}
RESULT: {"script":"<script> [1562 bytes]","args":[{"selector":{"controlType":"sap.m.StandardListItem","viewName":"reusables.view.manageresources.NewResourceUnit","viewId":"application-manageresources-display-component---newResourceUnit","properties":{"title":"PM Order"},"searchOpenDialogs":true,"interaction":{"idSuffix":"titleText"}},"wdio_ui5_key":"reusablesview.manageresources.NewResourceUnitsap.m.StandardListItem{\"title\":\"PM Order\"}"}]}
RESULT: undefined
COMMAND: POST /session/cc787b9332752cdee0bcd1748733cdef/element - {"using":"xpath","value":"//*[@id=\"__item450\"]"}
RESULT: {}
RESULT: {"using":"xpath","value":"//*[@id=\"__item450\"]"}
COMMAND: POST /session/cc787b9332752cdee0bcd1748733cdef/element/f.40E06083F0E682023BA0E7AA24D478F4.d.BF4EF689B44584C87CF97295FD2689AB.e.3944/click - {}
RESULT: {}
COMMAND: GET /session/cc787b9332752cdee0bcd1748733cdef/screenshot - {}
RESULT: {}
COMMAND: POST /session/cc787b9332752cdee0bcd1748733cdef/element - {"using":"xpath","value":"(//input[contains(@id ,\"-application-manageresources-display-component---newResourceUnit--RUTimeSegment-0-inner\")])[8]"}
RESULT: {"using":"xpath","value":"(//input[contains(@id ,\"-application-manageresources-display-component---newResourceUnit--RUTimeSegment-0-inner\")])[8]"}
COMMAND: POST /session/cc787b9332752cdee0bcd1748733cdef/element/f.40E06083F0E682023BA0E7AA24D478F4.d.BF4EF689B44584C87CF97295FD2689AB.e.3947/clear - {}
RESULT: {}
COMMAND: POST /session/cc787b9332752cdee0bcd1748733cdef/element/f.40E06083F0E682023BA0E7AA24D478F4.d.BF4EF689B44584C87CF97295FD2689AB.e.3947/value - {"text":"4000360"}
COMMAND: GET /session/cc787b9332752cdee0bcd1748733cdef/screenshot - {}
RESULT: {"text":"4000360"}
COMMAND: GET /session/cc787b9332752cdee0bcd1748733cdef/screenshot - {}
RESULT: {}
RESULT: {}
COMMAND: POST /session/cc787b9332752cdee0bcd1748733cdef/actions - {"actions":[{"id":"action9","type":"key","parameters":{},"actions":[{"type":"keyDown","value":""},{"type":"pause","duration":10},{"type":"keyUp","value":""}]}]}
RESULT: {"actions":[{"id":"action9","type":"key","parameters":{},"actions":[{"type":"keyDown","value":""},{"type":"pause","duration":10},{"type":"keyUp","value":""}]}]}
COMMAND: GET /session/cc787b9332752cdee0bcd1748733cdef/screenshot - {}
RESULT: {}
COMMAND: POST /session/cc787b9332752cdee0bcd1748733cdef/element - {"using":"xpath","value":"//input[contains(@id ,\"application-manageresources-display-component---newResourceUnit--newTimeSegmentFromDatePicker-application-manageresources-display-component---newResourceUnit--RUTimeSegment-0-inner\")]"}
RESULT: {"using":"xpath","value":"//input[contains(@id ,\"application-manageresources-display-component---newResourceUnit--newTimeSegmentFromDatePicker-application-manageresources-display-component---newResourceUnit--RUTimeSegment-0-inner\")]"}
COMMAND: POST /session/cc787b9332752cdee0bcd1748733cdef/element/f.40E06083F0E682023BA0E7AA24D478F4.d.BF4EF689B44584C87CF97295FD2689AB.e.3935/clear - {}
RESULT: {}
COMMAND: POST /session/cc787b9332752cdee0bcd1748733cdef/element/f.40E06083F0E682023BA0E7AA24D478F4.d.BF4EF689B44584C87CF97295FD2689AB.e.3935/clear - {}
COMMAND: GET /session/cc787b9332752cdee0bcd1748733cdef/screenshot - {}
RESULT: {}
COMMAND: POST /session/cc787b9332752cdee0bcd1748733cdef/element/f.40E06083F0E682023BA0E7AA24D478F4.d.BF4EF689B44584C87CF97295FD2689AB.e.3935/value - {"text":"7/14/24"}
COMMAND: GET /session/cc787b9332752cdee0bcd1748733cdef/screenshot - {}
RESULT: {}
RESULT: {"text":"7/14/24"}
COMMAND: POST /session/cc787b9332752cdee0bcd1748733cdef/execute/async - {"script":"<script> [1562 bytes]","args":[{"selector":{"id":"application-manageresources-display-component---newResourceUnit--newRRUPage-anchBar-application-manageresources-display-component---newResourceUnit--resource-anchor","interaction":{"idSuffix":"BDI-content"}},"wdio_ui5_key":"applicationmanageresources-display-component---newResourceUnit--newRRUPage-anchBar-application-manageresources-display-component---newResourceUnit--resource-anchor"}]}
COMMAND: GET /session/cc787b9332752cdee0bcd1748733cdef/screenshot - {}
RESULT: {}
RESULT: {"script":"<script> [1562 bytes]","args":[{"selector":{"id":"application-manageresources-display-component---newResourceUnit--newRRUPage-anchBar-application-manageresources-display-component---newResourceUnit--resource-anchor","interaction":{"idSuffix":"BDI-content"}},"wdio_ui5_key":"applicationmanageresources-display-component---newResourceUnit--newRRUPage-anchBar-application-manageresources-display-component---newResourceUnit--resource-anchor"}]}
RESULT: undefined
COMMAND: POST /session/cc787b9332752cdee0bcd1748733cdef/element - {"using":"xpath","value":"//*[@id=\"application-manageresources-display-component---newResourceUnit--newRRUPage-anchBar-application-manageresources-display-component---newResourceUnit--resource-anchor\"]"}
RESULT: {}
RESULT: {"using":"xpath","value":"//*[@id=\"application-manageresources-display-component---newResourceUnit--newRRUPage-anchBar-application-manageresources-display-component---newResourceUnit--resource-anchor\"]"}
COMMAND: POST /session/cc787b9332752cdee0bcd1748733cdef/element/f.40E06083F0E682023BA0E7AA24D478F4.d.BF4EF689B44584C87CF97295FD2689AB.e.3969/click - {}
RESULT: {}
COMMAND: POST /session/cc787b9332752cdee0bcd1748733cdef/execute/async - {"script":"<script> [1562 bytes]","args":[{"selector":{"id":"application-manageresources-display-component---newResourceUnit--PLANNED_DELIVERY_DATE","interaction":{"idSuffix":"inner"}},"wdio_ui5_key":"applicationmanageresources-display-component---newResourceUnit--PLANNED_DELIVERY_DATE"}]}
COMMAND: GET /session/cc787b9332752cdee0bcd1748733cdef/screenshot - {}
RESULT: {"script":"<script> [1562 bytes]","args":[{"selector":{"id":"application-manageresources-display-component---newResourceUnit--PLANNED_DELIVERY_DATE","interaction":{"idSuffix":"inner"}},"wdio_ui5_key":"applicationmanageresources-display-component---newResourceUnit--PLANNED_DELIVERY_DATE"}]}
RESULT: undefined
COMMAND: POST /session/cc787b9332752cdee0bcd1748733cdef/execute/async - {"script":"<script> [6424 bytes]","args":[{"element-6066-11e4-a52e-4f735466cecf":"f.40E06083F0E682023BA0E7AA24D478F4.d.BF4EF689B44584C87CF97295FD2689AB.e.3798"},"setValue",["7/14/24"]]}
RESULT: {}
RESULT: {"script":"<script> [6424 bytes]","args":[{"element-6066-11e4-a52e-4f735466cecf":"f.40E06083F0E682023BA0E7AA24D478F4.d.BF4EF689B44584C87CF97295FD2689AB.e.3798"},"setValue",["7/14/24"]]}
COMMAND: POST /session/cc787b9332752cdee0bcd1748733cdef/execute/async - {"script":"<script> [1562 bytes]","args":[{"selector":{"id":"application-manageresources-display-component---newResourceUnit--RETIRE_PLANNED_DATE","interaction":{"idSuffix":"inner"}},"wdio_ui5_key":"applicationmanageresources-display-component---newResourceUnit--RETIRE_PLANNED_DATE"}]}
RESULT: {"script":"<script> [1562 bytes]","args":[{"selector":{"id":"application-manageresources-display-component---newResourceUnit--RETIRE_PLANNED_DATE","interaction":{"idSuffix":"inner"}},"wdio_ui5_key":"applicationmanageresources-display-component---newResourceUnit--RETIRE_PLANNED_DATE"}]}
RESULT: undefined
COMMAND: POST /session/cc787b9332752cdee0bcd1748733cdef/execute/async - {"script":"<script> [776 bytes]","args":[{"enterText":"3/14/29","selector":{"id":"application-manageresources-display-component---newResourceUnit--RETIRE_PLANNED_DATE","interaction":{"idSuffix":"inner"}},"clearTextFirst":true,"interactionType":"ENTER_TEXT"}]}
RESULT: {"script":"<script> [776 bytes]","args":[{"enterText":"3/14/29","selector":{"id":"application-manageresources-display-component---newResourceUnit--RETIRE_PLANNED_DATE","interaction":{"idSuffix":"inner"}},"clearTextFirst":true,"interactionType":"ENTER_TEXT"}]}
COMMAND: POST /session/cc787b9332752cdee0bcd1748733cdef/execute/async - {"script":"<script> [1562 bytes]","args":[{"selector":{"controlType":"sap.m.Button","viewName":"reusables.view.manageresources.NewResourceUnit","viewId":"application-manageresources-display-component---newResourceUnit","i18NText":{"propertyName":"tooltip","key":"save"},"interaction":{"idSuffix":"BDI-content"}},"wdio_ui5_key":"reusablesview.manageresources.NewResourceUnitsap.m.Button{\"propertyName\":\"tooltip\",\"key\":\"save\"}"}]}
RESULT: {"script":"<script> [1562 bytes]","args":[{"selector":{"controlType":"sap.m.Button","viewName":"reusables.view.manageresources.NewResourceUnit","viewId":"application-manageresources-display-component---newResourceUnit","i18NText":{"propertyName":"tooltip","key":"save"},"interaction":{"idSuffix":"BDI-content"}},"wdio_ui5_key":"reusablesview.manageresources.NewResourceUnitsap.m.Button{\"propertyName\":\"tooltip\",\"key\":\"save\"}"}]}
RESULT: undefined
COMMAND: POST /session/cc787b9332752cdee0bcd1748733cdef/element - {"using":"xpath","value":"//*[@id=\"application-manageresources-display-component---newResourceUnit--createRuButton\"]"}
RESULT: {"using":"xpath","value":"//*[@id=\"application-manageresources-display-component---newResourceUnit--createRuButton\"]"}
COMMAND: POST /session/cc787b9332752cdee0bcd1748733cdef/element/f.40E06083F0E682023BA0E7AA24D478F4.d.BF4EF689B44584C87CF97295FD2689AB.e.3758/click - {}
RESULT: {}
COMMAND: GET /session/cc787b9332752cdee0bcd1748733cdef/screenshot - {}
RESULT: {}
COMMAND: POST /session/cc787b9332752cdee0bcd1748733cdef/execute/async - {"script":"<script> [1562 bytes]","args":[{"selector":{"controlType":"sap.m.Button","properties":{"text":"Close"},"searchOpenDialogs":true,"interaction":{"idSuffix":"inner"}},"wdio_ui5_key":"sapm.Button{\"text\":\"Close\"}"}]}
RESULT: {"script":"<script> [1562 bytes]","args":[{"selector":{"controlType":"sap.m.Button","properties":{"text":"Close"},"searchOpenDialogs":true,"interaction":{"idSuffix":"inner"}},"wdio_ui5_key":"sapm.Button{\"text\":\"Close\"}"}]}
RESULT: undefined
COMMAND: POST /session/cc787b9332752cdee0bcd1748733cdef/element - {"using":"xpath","value":"//*[@id=\"__mbox-btn-0\"]"}
RESULT: {"using":"xpath","value":"//*[@id=\"__mbox-btn-0\"]"}
COMMAND: POST /session/cc787b9332752cdee0bcd1748733cdef/element/f.40E06083F0E682023BA0E7AA24D478F4.d.BF4EF689B44584C87CF97295FD2689AB.e.3977/click - {}
RESULT: {}
COMMAND: GET /session/cc787b9332752cdee0bcd1748733cdef/screenshot - {}
COMMAND: POST /session/cc787b9332752cdee0bcd1748733cdef/execute/async - {"script":"<script> [1562 bytes]","args":[{"selector":{"controlType":"sap.m.Text","viewName":"etm.portal.ui.manageresources.view.Detail","viewId":"application-manageresources-display-component---detailRU","bindingPath":{"propertyPath":"ID","modelName":"catalogModel"}},"wdio_ui5_key":"etmportal.ui.manageresources.view.Detailsap.m.Text{\"propertyPath\":\"ID\",\"modelName\":\"catalogModel\"}"}]}
RESULT: {}
RESULT: {"script":"<script> [1562 bytes]","args":[{"selector":{"controlType":"sap.m.Text","viewName":"etm.portal.ui.manageresources.view.Detail","viewId":"application-manageresources-display-component---detailRU","bindingPath":{"propertyPath":"ID","modelName":"catalogModel"}},"wdio_ui5_key":"etmportal.ui.manageresources.view.Detailsap.m.Text{\"propertyPath\":\"ID\",\"modelName\":\"catalogModel\"}"}]}
RESULT: undefined
COMMAND: POST /session/cc787b9332752cdee0bcd1748733cdef/execute/async - {"script":"<script> [6424 bytes]","args":[{"element-6066-11e4-a52e-4f735466cecf":"f.40E06083F0E682023BA0E7AA24D478F4.d.BF4EF689B44584C87CF97295FD2689AB.e.4012"},"getText",[]]}
RESULT: {"script":"<script> [6424 bytes]","args":[{"element-6066-11e4-a52e-4f735466cecf":"f.40E06083F0E682023BA0E7AA24D478F4.d.BF4EF689B44584C87CF97295FD2689AB.e.4012"},"getText",[]]}
COMMAND: POST /session/cc787b9332752cdee0bcd1748733cdef/element - {"using":"css selector","value":"#shell-header-logo"}
RESULT: {"using":"css selector","value":"#shell-header-logo"}
COMMAND: POST /session/cc787b9332752cdee0bcd1748733cdef/element/f.40E06083F0E682023BA0E7AA24D478F4.d.BF4EF689B44584C87CF97295FD2689AB.e.3382/click - {}
RESULT: {}
COMMAND: GET /session/cc787b9332752cdee0bcd1748733cdef/screenshot - {}
RESULT: {}
COMMAND: POST /session/cc787b9332752cdee0bcd1748733cdef/execute/async - {"script":"<script> [1562 bytes]","args":[{"selector":{"controlType":"sap.m.GenericTile","properties":{"header":"Manage Catalogs"}},"wdio_ui5_key":"sapm.GenericTile{\"header\":\"Manage Catalogs\"}"}]}
RESULT: {"script":"<script> [1562 bytes]","args":[{"selector":{"controlType":"sap.m.GenericTile","properties":{"header":"Manage Catalogs"}},"wdio_ui5_key":"sapm.GenericTile{\"header\":\"Manage Catalogs\"}"}]}
RESULT: undefined
COMMAND: POST /session/cc787b9332752cdee0bcd1748733cdef/element - {"using":"xpath","value":"//*[@id=\"__tile38\"]"}
RESULT: {"using":"xpath","value":"//*[@id=\"__tile38\"]"}
COMMAND: POST /session/cc787b9332752cdee0bcd1748733cdef/element/f.40E06083F0E682023BA0E7AA24D478F4.d.BF4EF689B44584C87CF97295FD2689AB.e.4014/click - {}
RESULT: {}
COMMAND: GET /session/cc787b9332752cdee0bcd1748733cdef/screenshot - {}
RESULT: {}
COMMAND: POST /session/cc787b9332752cdee0bcd1748733cdef/elements - {"using":"xpath","value":"//span[text()='Error']"}
RESULT: {"using":"xpath","value":"//span[text()='Error']"}
COMMAND: POST /session/cc787b9332752cdee0bcd1748733cdef/execute/async - {"script":"<script> [1562 bytes]","args":[{"selector":{"controlType":"sap.m.Text","viewName":"etm.portal.ui.managecatalogs.view.MasterCatalogs","viewId":"application-managecatalogs-display-component---masterCatalogs","bindingPath":{"path":"/Catalogs('0D7502D073D53A0F1700BE067B89AFF9')","propertyPath":"DESCRIPTION","modelName":"catalogModel"}},"wdio_ui5_key":"etmportal.ui.managecatalogs.view.MasterCatalogssap.m.Text{\"path\":\"/Catalogs('0D7502D073D53A0F1700BE067B89AFF9')\",\"propertyPath\":\"DESCRIPTION\",\"modelName\":\"catalogModel\"}"}]}
RESULT: {"script":"<script> [1562 bytes]","args":[{"selector":{"controlType":"sap.m.Text","viewName":"etm.portal.ui.managecatalogs.view.MasterCatalogs","viewId":"application-managecatalogs-display-component---masterCatalogs","bindingPath":{"path":"/Catalogs('0D7502D073D53A0F1700BE067B89AFF9')","propertyPath":"DESCRIPTION","modelName":"catalogModel"}},"wdio_ui5_key":"etmportal.ui.managecatalogs.view.MasterCatalogssap.m.Text{\"path\":\"/Catalogs('0D7502D073D53A0F1700BE067B89AFF9')\",\"propertyPath\":\"DESCRIPTION\",\"modelName\":\"catalogModel\"}"}]}
RESULT: undefined
COMMAND: POST /session/cc787b9332752cdee0bcd1748733cdef/element - {"using":"xpath","value":"//*[@id=\"__text1058-application-managecatalogs-display-component---masterCatalogs--CatalogsTable-11\"]"}
RESULT: {"using":"xpath","value":"//*[@id=\"__text1058-application-managecatalogs-display-component---masterCatalogs--CatalogsTable-11\"]"}
COMMAND: POST /session/cc787b9332752cdee0bcd1748733cdef/element/f.40E06083F0E682023BA0E7AA24D478F4.d.BF4EF689B44584C87CF97295FD2689AB.e.4084/click - {}
RESULT: {}
COMMAND: POST /session/cc787b9332752cdee0bcd1748733cdef/execute/async - {"script":"<script> [1562 bytes]","args":[{"selector":{"controlType":"sap.ui.layout.HorizontalLayout","viewName":"etm.portal.ui.managecatalogs.view.MasterItems","viewId":"application-managecatalogs-display-component---masterCatalogItems","ancestor":{"id":"application-managecatalogs-display-component---masterCatalogItems--idCatalogItemsTree-rows-row0"}},"wdio_ui5_key":"etmportal.ui.managecatalogs.view.MasterItemssap.ui.layout.HorizontalLayout{\"id\":\"application-managecatalogs-display-component---masterCatalogItems--idCatalogItemsTree-rows-row0\"}"}]}
COMMAND: GET /session/cc787b9332752cdee0bcd1748733cdef/screenshot - {}
RESULT: {"script":"<script> [1562 bytes]","args":[{"selector":{"controlType":"sap.ui.layout.HorizontalLayout","viewName":"etm.portal.ui.managecatalogs.view.MasterItems","viewId":"application-managecatalogs-display-component---masterCatalogItems","ancestor":{"id":"application-managecatalogs-display-component---masterCatalogItems--idCatalogItemsTree-rows-row0"}},"wdio_ui5_key":"etmportal.ui.managecatalogs.view.MasterItemssap.ui.layout.HorizontalLayout{\"id\":\"application-managecatalogs-display-component---masterCatalogItems--idCatalogItemsTree-rows-row0\"}"}]}
RESULT: undefined
COMMAND: POST /session/cc787b9332752cdee0bcd1748733cdef/element - {"using":"xpath","value":"//*[@id=\"__layout304-__clone1326\"]"}
RESULT: {}
RESULT: {"using":"xpath","value":"//*[@id=\"__layout304-__clone1326\"]"}
COMMAND: POST /session/cc787b9332752cdee0bcd1748733cdef/element/f.40E06083F0E682023BA0E7AA24D478F4.d.BF4EF689B44584C87CF97295FD2689AB.e.4095/click - {}
RESULT: {}
COMMAND: GET /session/cc787b9332752cdee0bcd1748733cdef/screenshot - {}
COMMAND: POST /session/cc787b9332752cdee0bcd1748733cdef/execute/async - {"script":"<script> [1562 bytes]","args":[{"selector":{"controlType":"sap.m.Button","viewName":"etm.portal.ui.managecatalogs.view.Detail","viewId":"application-managecatalogs-display-component---detailCatalog","i18NText":{"propertyName":"text","key":"edit"},"interaction":{"idSuffix":"BDI-content"}},"wdio_ui5_key":"etmportal.ui.managecatalogs.view.Detailsap.m.Button{\"propertyName\":\"text\",\"key\":\"edit\"}"}]}
RESULT: {}
RESULT: {"script":"<script> [1562 bytes]","args":[{"selector":{"controlType":"sap.m.Button","viewName":"etm.portal.ui.managecatalogs.view.Detail","viewId":"application-managecatalogs-display-component---detailCatalog","i18NText":{"propertyName":"text","key":"edit"},"interaction":{"idSuffix":"BDI-content"}},"wdio_ui5_key":"etmportal.ui.managecatalogs.view.Detailsap.m.Button{\"propertyName\":\"text\",\"key\":\"edit\"}"}]}
RESULT: undefined
COMMAND: POST /session/cc787b9332752cdee0bcd1748733cdef/element - {"using":"xpath","value":"//*[@id=\"__button134\"]"}
RESULT: {"using":"xpath","value":"//*[@id=\"__button134\"]"}
COMMAND: POST /session/cc787b9332752cdee0bcd1748733cdef/element/f.40E06083F0E682023BA0E7AA24D478F4.d.BF4EF689B44584C87CF97295FD2689AB.e.4210/click - {}
RESULT: {}
COMMAND: GET /session/cc787b9332752cdee0bcd1748733cdef/screenshot - {}
RESULT: {}
RESULT: undefined
COMMAND: POST /session/cc787b9332752cdee0bcd1748733cdef/element - {"using":"xpath","value":"//bdi[contains(text(), \"Unlock\")]"}
RESULT: {"using":"xpath","value":"//bdi[contains(text(), \"Unlock\")]"}
COMMAND: POST /session/cc787b9332752cdee0bcd1748733cdef/elements - {"using":"xpath","value":"//bdi[contains(text(), \"Unlock\")]"}
RESULT: {"using":"xpath","value":"//bdi[contains(text(), \"Unlock\")]"}
COMMAND: POST /session/cc787b9332752cdee0bcd1748733cdef/execute/async - {"script":"<script> [1562 bytes]","args":[{"selector":{"controlType":"sap.ui.core.Icon","viewName":"etm.portal.ui.managecatalogs.view.Detail","viewId":"application-managecatalogs-display-component---detailCatalog","properties":{"src":{"regex":{"source":"add\\-folder"}}}},"wdio_ui5_key":"etmportal.ui.managecatalogs.view.Detailsap.ui.core.Icon{\"src\":{\"regex\":{\"source\":\"add\\\\-folder\"}}}"}]}
RESULT: {"script":"<script> [1562 bytes]","args":[{"selector":{"controlType":"sap.ui.core.Icon","viewName":"etm.portal.ui.managecatalogs.view.Detail","viewId":"application-managecatalogs-display-component---detailCatalog","properties":{"src":{"regex":{"source":"add\\-folder"}}}},"wdio_ui5_key":"etmportal.ui.managecatalogs.view.Detailsap.ui.core.Icon{\"src\":{\"regex\":{\"source\":\"add\\\\-folder\"}}}"}]}
RESULT: undefined
COMMAND: POST /session/cc787b9332752cdee0bcd1748733cdef/element - {"using":"xpath","value":"//*[@id=\"__button142-img\"]"}
RESULT: {"using":"xpath","value":"//*[@id=\"__button142-img\"]"}
COMMAND: POST /session/cc787b9332752cdee0bcd1748733cdef/element/f.40E06083F0E682023BA0E7AA24D478F4.d.BF4EF689B44584C87CF97295FD2689AB.e.4218/click - {}
RESULT: {}
COMMAND: GET /session/cc787b9332752cdee0bcd1748733cdef/screenshot - {}
RESULT: {}
COMMAND: POST /session/cc787b9332752cdee0bcd1748733cdef/execute/async - {"script":"<script> [1562 bytes]","args":[{"selector":{"id":"application-managecatalogs-display-component---detailCatalog--numberInput","searchOpenDialogs":true,"interaction":{"idSuffix":"inner"}},"wdio_ui5_key":"applicationmanagecatalogs-display-component---detailCatalog--numberInput"}]}
RESULT: {"script":"<script> [1562 bytes]","args":[{"selector":{"id":"application-managecatalogs-display-component---detailCatalog--numberInput","searchOpenDialogs":true,"interaction":{"idSuffix":"inner"}},"wdio_ui5_key":"applicationmanagecatalogs-display-component---detailCatalog--numberInput"}]}
RESULT: undefined
COMMAND: POST /session/cc787b9332752cdee0bcd1748733cdef/execute/async - {"script":"<script> [776 bytes]","args":[{"enterText":"Sectioncvcja","selector":{"id":"application-managecatalogs-display-component---detailCatalog--numberInput","searchOpenDialogs":true,"interaction":{"idSuffix":"inner"}},"clearTextFirst":true,"interactionType":"ENTER_TEXT"}]}
RESULT: {"script":"<script> [776 bytes]","args":[{"enterText":"Sectioncvcja","selector":{"id":"application-managecatalogs-display-component---detailCatalog--numberInput","searchOpenDialogs":true,"interaction":{"idSuffix":"inner"}},"clearTextFirst":true,"interactionType":"ENTER_TEXT"}]}
COMMAND: POST /session/cc787b9332752cdee0bcd1748733cdef/element - {"using":"css selector","value":"#application-managecatalogs-display-component---detailCatalog--nameInput-inner"}
RESULT: {"using":"css selector","value":"#application-managecatalogs-display-component---detailCatalog--nameInput-inner"}
COMMAND: POST /session/cc787b9332752cdee0bcd1748733cdef/elements - {"using":"css selector","value":"#application-managecatalogs-display-component---detailCatalog--nameInput-inner"}
RESULT: {"using":"css selector","value":"#application-managecatalogs-display-component---detailCatalog--nameInput-inner"}
COMMAND: POST /session/cc787b9332752cdee0bcd1748733cdef/element/f.40E06083F0E682023BA0E7AA24D478F4.d.BF4EF689B44584C87CF97295FD2689AB.e.4221/clear - {}
RESULT: {}
COMMAND: POST /session/cc787b9332752cdee0bcd1748733cdef/element/f.40E06083F0E682023BA0E7AA24D478F4.d.BF4EF689B44584C87CF97295FD2689AB.e.4221/value - {"text":"Webdriver5vxxk"}
COMMAND: GET /session/cc787b9332752cdee0bcd1748733cdef/screenshot - {}
RESULT: {"text":"Webdriver5vxxk"}
COMMAND: POST /session/cc787b9332752cdee0bcd1748733cdef/execute/async - {"script":"<script> [1562 bytes]","args":[{"selector":{"controlType":"sap.m.Button","viewName":"etm.portal.ui.managecatalogs.view.Detail","viewId":"application-managecatalogs-display-component---detailCatalog","i18NText":{"propertyName":"text","key":"create"},"searchOpenDialogs":true,"interaction":{"idSuffix":"BDI-content"}},"wdio_ui5_key":"etmportal.ui.managecatalogs.view.Detailsap.m.Button{\"propertyName\":\"text\",\"key\":\"create\"}"}]}
COMMAND: GET /session/cc787b9332752cdee0bcd1748733cdef/screenshot - {}
RESULT: {}
RESULT: {"script":"<script> [1562 bytes]","args":[{"selector":{"controlType":"sap.m.Button","viewName":"etm.portal.ui.managecatalogs.view.Detail","viewId":"application-managecatalogs-display-component---detailCatalog","i18NText":{"propertyName":"text","key":"create"},"searchOpenDialogs":true,"interaction":{"idSuffix":"BDI-content"}},"wdio_ui5_key":"etmportal.ui.managecatalogs.view.Detailsap.m.Button{\"propertyName\":\"text\",\"key\":\"create\"}"}]}
RESULT: undefined
COMMAND: POST /session/cc787b9332752cdee0bcd1748733cdef/element - {"using":"xpath","value":"//*[@id=\"__button112\"]"}
RESULT: {}
RESULT: {"using":"xpath","value":"//*[@id=\"__button112\"]"}
COMMAND: POST /session/cc787b9332752cdee0bcd1748733cdef/element/f.40E06083F0E682023BA0E7AA24D478F4.d.BF4EF689B44584C87CF97295FD2689AB.e.4226/click - {}
RESULT: {}
COMMAND: GET /session/cc787b9332752cdee0bcd1748733cdef/screenshot - {}
RESULT: {}
COMMAND: POST /session/cc787b9332752cdee0bcd1748733cdef/element - {"using":"xpath","value":"//button[@title=\"Save\"]"}
RESULT: {"using":"xpath","value":"//button[@title=\"Save\"]"}
COMMAND: POST /session/cc787b9332752cdee0bcd1748733cdef/element/f.40E06083F0E682023BA0E7AA24D478F4.d.BF4EF689B44584C87CF97295FD2689AB.e.4227/click - {}
RESULT: {}
COMMAND: POST /session/cc787b9332752cdee0bcd1748733cdef/execute/async - {"script":"<script> [1562 bytes]","args":[{"selector":{"controlType":"sap.ui.core.Icon","viewName":"etm.portal.ui.managecatalogs.view.Detail","viewId":"application-managecatalogs-display-component---detailCatalog","properties":{"src":{"regex":{"source":"decline"}}}},"wdio_ui5_key":"etmportal.ui.managecatalogs.view.Detailsap.ui.core.Icon{\"src\":{\"regex\":{\"source\":\"decline\"}}}"}]}
COMMAND: GET /session/cc787b9332752cdee0bcd1748733cdef/screenshot - {}
RESULT: {"script":"<script> [1562 bytes]","args":[{"selector":{"controlType":"sap.ui.core.Icon","viewName":"etm.portal.ui.managecatalogs.view.Detail","viewId":"application-managecatalogs-display-component---detailCatalog","properties":{"src":{"regex":{"source":"decline"}}}},"wdio_ui5_key":"etmportal.ui.managecatalogs.view.Detailsap.ui.core.Icon{\"src\":{\"regex\":{\"source\":\"decline\"}}}"}]}
RESULT: undefined
COMMAND: POST /session/cc787b9332752cdee0bcd1748733cdef/element - {"using":"xpath","value":"//*[@id=\"__button137-img\"]"}
RESULT: {}
RESULT: {"using":"xpath","value":"//*[@id=\"__button137-img\"]"}
COMMAND: POST /session/cc787b9332752cdee0bcd1748733cdef/element/f.40E06083F0E682023BA0E7AA24D478F4.d.BF4EF689B44584C87CF97295FD2689AB.e.4233/click - {}
RESULT: {}
COMMAND: GET /session/cc787b9332752cdee0bcd1748733cdef/screenshot - {}
RESULT: {}
COMMAND: POST /session/cc787b9332752cdee0bcd1748733cdef/execute/async - {"script":"<script> [1562 bytes]","args":[{"selector":{"controlType":"sap.ui.core.Icon","viewName":"etm.portal.ui.managecatalogs.view.MasterItems","viewId":"application-managecatalogs-display-component---masterCatalogItems","properties":{"src":{"regex":{"source":"refresh"}}}},"wdio_ui5_key":"etmportal.ui.managecatalogs.view.MasterItemssap.ui.core.Icon{\"src\":{\"regex\":{\"source\":\"refresh\"}}}"}]}
RESULT: {"script":"<script> [1562 bytes]","args":[{"selector":{"controlType":"sap.ui.core.Icon","viewName":"etm.portal.ui.managecatalogs.view.MasterItems","viewId":"application-managecatalogs-display-component---masterCatalogItems","properties":{"src":{"regex":{"source":"refresh"}}}},"wdio_ui5_key":"etmportal.ui.managecatalogs.view.MasterItemssap.ui.core.Icon{\"src\":{\"regex\":{\"source\":\"refresh\"}}}"}]}
RESULT: undefined
COMMAND: POST /session/cc787b9332752cdee0bcd1748733cdef/element - {"using":"xpath","value":"//*[@id=\"__button110-img\"]"}
RESULT: {"using":"xpath","value":"//*[@id=\"__button110-img\"]"}
COMMAND: POST /session/cc787b9332752cdee0bcd1748733cdef/element/f.40E06083F0E682023BA0E7AA24D478F4.d.BF4EF689B44584C87CF97295FD2689AB.e.4267/click - {}
RESULT: {}
COMMAND: POST /session/cc787b9332752cdee0bcd1748733cdef/execute/async - {"script":"<script> [1562 bytes]","args":[{"selector":{"id":"application-managecatalogs-display-component---masterCatalogItems--searchItemsField","interaction":{"idSuffix":"I"}},"wdio_ui5_key":"applicationmanagecatalogs-display-component---masterCatalogItems--searchItemsField"}]}
COMMAND: GET /session/cc787b9332752cdee0bcd1748733cdef/screenshot - {}
RESULT: {"script":"<script> [1562 bytes]","args":[{"selector":{"id":"application-managecatalogs-display-component---masterCatalogItems--searchItemsField","interaction":{"idSuffix":"I"}},"wdio_ui5_key":"applicationmanagecatalogs-display-component---masterCatalogItems--searchItemsField"}]}
RESULT: undefined
COMMAND: POST /session/cc787b9332752cdee0bcd1748733cdef/execute/async - {"script":"<script> [776 bytes]","args":[{"enterText":"Webdriver5vxxk","selector":{"id":"application-managecatalogs-display-component---masterCatalogItems--searchItemsField","interaction":{"idSuffix":"I"}},"clearTextFirst":true,"interactionType":"ENTER_TEXT"}]}
RESULT: {}
RESULT: {"script":"<script> [776 bytes]","args":[{"enterText":"Webdriver5vxxk","selector":{"id":"application-managecatalogs-display-component---masterCatalogItems--searchItemsField","interaction":{"idSuffix":"I"}},"clearTextFirst":true,"interactionType":"ENTER_TEXT"}]}
COMMAND: POST /session/cc787b9332752cdee0bcd1748733cdef/actions - {"actions":[{"id":"action10","type":"key","parameters":{},"actions":[{"type":"keyDown","value":""},{"type":"pause","duration":10},{"type":"keyUp","value":""}]}]}
RESULT: {"actions":[{"id":"action10","type":"key","parameters":{},"actions":[{"type":"keyDown","value":""},{"type":"pause","duration":10},{"type":"keyUp","value":""}]}]}
COMMAND: POST /session/cc787b9332752cdee0bcd1748733cdef/element - {"using":"xpath","value":"(//span[contains(text(), \"Webdriver5vxxk\")])[1]"}
COMMAND: GET /session/cc787b9332752cdee0bcd1748733cdef/screenshot - {}
RESULT: {"using":"xpath","value":"(//span[contains(text(), \"Webdriver5vxxk\")])[1]"}
COMMAND: POST /session/cc787b9332752cdee0bcd1748733cdef/element/f.40E06083F0E682023BA0E7AA24D478F4.d.BF4EF689B44584C87CF97295FD2689AB.e.4270/click - {}
RESULT: {}
RESULT: {}
COMMAND: GET /session/cc787b9332752cdee0bcd1748733cdef/screenshot - {}
RESULT: {}
RESULT: undefined
COMMAND: POST /session/cc787b9332752cdee0bcd1748733cdef/element - {"using":"xpath","value":"//*[@id=\"__button134\"]"}
RESULT: {"using":"xpath","value":"//*[@id=\"__button134\"]"}
COMMAND: POST /session/cc787b9332752cdee0bcd1748733cdef/element/f.40E06083F0E682023BA0E7AA24D478F4.d.BF4EF689B44584C87CF97295FD2689AB.e.4307/click - {}
RESULT: {}
COMMAND: GET /session/cc787b9332752cdee0bcd1748733cdef/screenshot - {}
RESULT: {}
RESULT: undefined
COMMAND: POST /session/cc787b9332752cdee0bcd1748733cdef/element - {"using":"xpath","value":"//*[@id=\"__button142-img\"]"}
RESULT: {"using":"xpath","value":"//*[@id=\"__button142-img\"]"}
COMMAND: POST /session/cc787b9332752cdee0bcd1748733cdef/element/f.40E06083F0E682023BA0E7AA24D478F4.d.BF4EF689B44584C87CF97295FD2689AB.e.4358/click - {}
RESULT: {}
COMMAND: GET /session/cc787b9332752cdee0bcd1748733cdef/screenshot - {}
RESULT: {}
RESULT: undefined
COMMAND: POST /session/cc787b9332752cdee0bcd1748733cdef/execute/async - {"script":"<script> [776 bytes]","args":[{"enterText":"SecondSectionhk5md","selector":{"id":"application-managecatalogs-display-component---detailCatalog--numberInput","searchOpenDialogs":true,"interaction":{"idSuffix":"inner"}},"clearTextFirst":true,"interactionType":"ENTER_TEXT"}]}
RESULT: {"script":"<script> [776 bytes]","args":[{"enterText":"SecondSectionhk5md","selector":{"id":"application-managecatalogs-display-component---detailCatalog--numberInput","searchOpenDialogs":true,"interaction":{"idSuffix":"inner"}},"clearTextFirst":true,"interactionType":"ENTER_TEXT"}]}
COMMAND: POST /session/cc787b9332752cdee0bcd1748733cdef/element - {"using":"xpath","value":"//input[contains(@id ,\"application-managecatalogs-display-component---detailCatalog--nameInput-inner\")]"}
RESULT: {"using":"xpath","value":"//input[contains(@id ,\"application-managecatalogs-display-component---detailCatalog--nameInput-inner\")]"}
COMMAND: POST /session/cc787b9332752cdee0bcd1748733cdef/elements - {"using":"xpath","value":"//input[contains(@id ,\"application-managecatalogs-display-component---detailCatalog--nameInput-inner\")]"}
RESULT: {"using":"xpath","value":"//input[contains(@id ,\"application-managecatalogs-display-component---detailCatalog--nameInput-inner\")]"}
COMMAND: POST /session/cc787b9332752cdee0bcd1748733cdef/element/f.40E06083F0E682023BA0E7AA24D478F4.d.BF4EF689B44584C87CF97295FD2689AB.e.4362/clear - {}
RESULT: {}
COMMAND: POST /session/cc787b9332752cdee0bcd1748733cdef/element/f.40E06083F0E682023BA0E7AA24D478F4.d.BF4EF689B44584C87CF97295FD2689AB.e.4362/value - {"text":"webdriversecond6mf6r"}
COMMAND: GET /session/cc787b9332752cdee0bcd1748733cdef/screenshot - {}
RESULT: {"text":"webdriversecond6mf6r"}
RESULT: undefined
COMMAND: POST /session/cc787b9332752cdee0bcd1748733cdef/element - {"using":"xpath","value":"//*[@id=\"__button112\"]"}
COMMAND: GET /session/cc787b9332752cdee0bcd1748733cdef/screenshot - {}
RESULT: {}
RESULT: {"using":"xpath","value":"//*[@id=\"__button112\"]"}
COMMAND: POST /session/cc787b9332752cdee0bcd1748733cdef/element/f.40E06083F0E682023BA0E7AA24D478F4.d.BF4EF689B44584C87CF97295FD2689AB.e.4366/click - {}
RESULT: {}
RESULT: {}
COMMAND: GET /session/cc787b9332752cdee0bcd1748733cdef/screenshot - {}
RESULT: {}
COMMAND: POST /session/cc787b9332752cdee0bcd1748733cdef/element - {"using":"xpath","value":"//button[@title=\"Save\"]"}
RESULT: {"using":"xpath","value":"//button[@title=\"Save\"]"}
COMMAND: POST /session/cc787b9332752cdee0bcd1748733cdef/element/f.40E06083F0E682023BA0E7AA24D478F4.d.BF4EF689B44584C87CF97295FD2689AB.e.4343/click - {}
RESULT: {}
COMMAND: GET /session/cc787b9332752cdee0bcd1748733cdef/screenshot - {}
RESULT: {}
RESULT: undefined
COMMAND: POST /session/cc787b9332752cdee0bcd1748733cdef/element - {"using":"xpath","value":"//*[@id=\"__button137-img\"]"}
RESULT: {"using":"xpath","value":"//*[@id=\"__button137-img\"]"}
COMMAND: POST /session/cc787b9332752cdee0bcd1748733cdef/element/f.40E06083F0E682023BA0E7AA24D478F4.d.BF4EF689B44584C87CF97295FD2689AB.e.4314/click - {}
RESULT: {}
COMMAND: GET /session/cc787b9332752cdee0bcd1748733cdef/screenshot - {}
RESULT: {}
RESULT: undefined
COMMAND: POST /session/cc787b9332752cdee0bcd1748733cdef/element - {"using":"xpath","value":"//*[@id=\"__button110-img\"]"}
RESULT: {"using":"xpath","value":"//*[@id=\"__button110-img\"]"}
COMMAND: POST /session/cc787b9332752cdee0bcd1748733cdef/element/f.40E06083F0E682023BA0E7AA24D478F4.d.BF4EF689B44584C87CF97295FD2689AB.e.4403/click - {}
RESULT: {}
COMMAND: GET /session/cc787b9332752cdee0bcd1748733cdef/screenshot - {}
RESULT: {}
RESULT: undefined
COMMAND: POST /session/cc787b9332752cdee0bcd1748733cdef/execute/async - {"script":"<script> [776 bytes]","args":[{"enterText":"SecondSectionhk5md","selector":{"id":"application-managecatalogs-display-component---masterCatalogItems--searchItemsField","interaction":{"idSuffix":"I"}},"clearTextFirst":true,"interactionType":"ENTER_TEXT"}]}
RESULT: {"script":"<script> [776 bytes]","args":[{"enterText":"SecondSectionhk5md","selector":{"id":"application-managecatalogs-display-component---masterCatalogItems--searchItemsField","interaction":{"idSuffix":"I"}},"clearTextFirst":true,"interactionType":"ENTER_TEXT"}]}
COMMAND: POST /session/cc787b9332752cdee0bcd1748733cdef/actions - {"actions":[{"id":"action11","type":"key","parameters":{},"actions":[{"type":"keyDown","value":""},{"type":"pause","duration":10},{"type":"keyUp","value":""}]}]}
RESULT: {"actions":[{"id":"action11","type":"key","parameters":{},"actions":[{"type":"keyDown","value":""},{"type":"pause","duration":10},{"type":"keyUp","value":""}]}]}
COMMAND: POST /session/cc787b9332752cdee0bcd1748733cdef/element - {"using":"xpath","value":"(//span[contains(text(), \"SecondSectionhk5md\")])[1]"}
COMMAND: GET /session/cc787b9332752cdee0bcd1748733cdef/screenshot - {}
RESULT: {"using":"xpath","value":"(//span[contains(text(), \"SecondSectionhk5md\")])[1]"}
COMMAND: POST /session/cc787b9332752cdee0bcd1748733cdef/element/f.40E06083F0E682023BA0E7AA24D478F4.d.BF4EF689B44584C87CF97295FD2689AB.e.4406/click - {}
RESULT: {}
RESULT: {}
COMMAND: POST /session/cc787b9332752cdee0bcd1748733cdef/element - {"using":"xpath","value":"(//span[contains(text(), \"SecondSectionhk5md\")])[1]"}
COMMAND: GET /session/cc787b9332752cdee0bcd1748733cdef/screenshot - {}
RESULT: {"using":"xpath","value":"(//span[contains(text(), \"SecondSectionhk5md\")])[1]"}
COMMAND: GET /session/cc787b9332752cdee0bcd1748733cdef/element/f.40E06083F0E682023BA0E7AA24D478F4.d.BF4EF689B44584C87CF97295FD2689AB.e.4406/text - {}
RESULT: {}
COMMAND: POST /session/cc787b9332752cdee0bcd1748733cdef/element - {"using":"xpath","value":"(//span[contains(text(), \"SecondSectionhk5md\")])[1]"}
RESULT: {"using":"xpath","value":"(//span[contains(text(), \"SecondSectionhk5md\")])[1]"}
COMMAND: GET /session/cc787b9332752cdee0bcd1748733cdef/element/f.40E06083F0E682023BA0E7AA24D478F4.d.BF4EF689B44584C87CF97295FD2689AB.e.4406/text - {}
COMMAND: POST /session/cc787b9332752cdee0bcd1748733cdef/element - {"using":"xpath","value":"(//span[contains(text(), \"SecondSectionhk5md\")])[1]"}
RESULT: {"using":"xpath","value":"(//span[contains(text(), \"SecondSectionhk5md\")])[1]"}
COMMAND: GET /session/cc787b9332752cdee0bcd1748733cdef/element/f.40E06083F0E682023BA0E7AA24D478F4.d.BF4EF689B44584C87CF97295FD2689AB.e.4458/text - {}
RESULT: {}
COMMAND: POST /session/cc787b9332752cdee0bcd1748733cdef/refresh - {}
RESULT: {}
COMMAND: GET /session/cc787b9332752cdee0bcd1748733cdef/screenshot - {}
RESULT: {}
COMMAND: POST /session/cc787b9332752cdee0bcd1748733cdef/execute/async - {"script":"<script> [189 bytes]","args":[]}
RESULT: {"script":"<script> [189 bytes]","args":[]}
COMMAND: POST /session/cc787b9332752cdee0bcd1748733cdef/execute/async - {"script":"<script> [123 bytes]","args":[]}
RESULT: {"script":"<script> [123 bytes]","args":[]}
COMMAND: POST /session/cc787b9332752cdee0bcd1748733cdef/timeouts - {"script":"<number>"}
RESULT: {"script":"<number>"}
COMMAND: GET /session/cc787b9332752cdee0bcd1748733cdef/timeouts - {}
RESULT: {}
RESULT: undefined
COMMAND: POST /session/cc787b9332752cdee0bcd1748733cdef/execute/async - {"script":"<script> [2676 bytes]","args":[]}
RESULT: {"script":"<script> [2676 bytes]","args":[]}
COMMAND: POST /session/cc787b9332752cdee0bcd1748733cdef/execute/async - {"script":"<script> [2342 bytes]","args":[{"protocol":"http","hostname":"0.0.0.0","path":"/","capabilities":{"browserName":"chrome","goog:chromeOptions":{"binary":"C:\\Program Files\\Google\\Chrome\\Application\\chrome.exe","args":["--start-maximized"]}},"logLevel":"warn","connectionRetryTimeout":120000,"connectionRetryCount":3,"logLevels":{},"enableDirectConnect":true,"strictSSL":true,"_":"65 more keys: [\"cacheDir\",\"port\",\"requestedCapabilities\",\"automationProtocol\",\"baseUrl\",\"waitforInterval\",\"waitforTimeout\",\"onReload\",\"beforeCommand\",\"afterCommand\",\"rootDir\",\"specs\",\"suites\",\"exclude\",\"groupLogsByTestSpec\",\"excludeDriverLogs\",\"bail\",\"framework\",\"reporters\",\"services\",\"maxInstances\",\"maxInstancesPerCapability\",\"injectGlobals\",\"filesToWatch\",\"execArgv\",\"runnerEnv\",\"runner\",\"shard\",\"specFileRetries\",\"specFileRetriesDelay\",\"specFileRetriesDeferred\",\"reporterSyncInterval\",\"reporterSyncTimeout\",\"cucumberFeaturesWithLineNumbers\",\"autoCompileOpts\",\"mochaOpts\",\"jasmineOpts\",\"cucumberOpts\",\"onPrepare\",\"onWorkerStart\",\"onWorkerEnd\",\"before\",\"beforeSession\",\"beforeSuite\",\"beforeHook\",\"beforeTest\",\"afterTest\",\"afterHook\",\"afterSuite\",\"afterSession\",\"after\",\"onComplete\",\"beforeAssertion\",\"afterAssertion\",\"beforeFeature\",\"beforeScenario\",\"beforeStep\",\"afterStep\",\"afterScenario\",\"afterFeature\",\"_\",\"suite\",\"$0\",\"ignoredWorkerServices\",\"wdi5\"]"}]}
RESULT: {"script":"<script> [2342 bytes]","args":[{"protocol":"http","hostname":"0.0.0.0","path":"/","capabilities":{"browserName":"chrome","goog:chromeOptions":{"binary":"C:\\Program Files\\Google\\Chrome\\Application\\chrome.exe","args":["--start-maximized"]}},"logLevel":"warn","connectionRetryTimeout":120000,"connectionRetryCount":3,"logLevels":{},"enableDirectConnect":true,"strictSSL":true,"_":"65 more keys: [\"cacheDir\",\"port\",\"requestedCapabilities\",\"automationProtocol\",\"baseUrl\",\"waitforInterval\",\"waitforTimeout\",\"onReload\",\"beforeCommand\",\"afterCommand\",\"rootDir\",\"specs\",\"suites\",\"exclude\",\"groupLogsByTestSpec\",\"excludeDriverLogs\",\"bail\",\"framework\",\"reporters\",\"services\",\"maxInstances\",\"maxInstancesPerCapability\",\"injectGlobals\",\"filesToWatch\",\"execArgv\",\"runnerEnv\",\"runner\",\"shard\",\"specFileRetries\",\"specFileRetriesDelay\",\"specFileRetriesDeferred\",\"reporterSyncInterval\",\"reporterSyncTimeout\",\"cucumberFeaturesWithLineNumbers\",\"autoCompileOpts\",\"mochaOpts\",\"jasmineOpts\",\"cucumberOpts\",\"onPrepare\",\"onWorkerStart\",\"onWorkerEnd\",\"before\",\"beforeSession\",\"beforeSuite\",\"beforeHook\",\"beforeTest\",\"afterTest\",\"afterHook\",\"afterSuite\",\"afterSession\",\"after\",\"onComplete\",\"beforeAssertion\",\"afterAssertion\",\"beforeFeature\",\"beforeScenario\",\"beforeStep\",\"afterStep\",\"afterScenario\",\"afterFeature\",\"_\",\"suite\",\"$0\",\"ignoredWorkerServices\",\"wdi5\"]"}]}
COMMAND: POST /session/cc787b9332752cdee0bcd1748733cdef/execute/async - {"script":"<script> [21126 bytes]","args":[35000]}
RESULT: {"script":"<script> [21126 bytes]","args":[35000]}
COMMAND: POST /session/cc787b9332752cdee0bcd1748733cdef/execute/async - {"script":"<script> [1562 bytes]","args":[{"selector":{"controlType":"sap.m.Button","viewName":"etm.portal.ui.managecatalogs.view.Detail","viewId":"application-managecatalogs-display-component---detailCatalog","i18NText":{"propertyName":"text","key":"edit"},"interaction":{"idSuffix":"BDI-content"}},"wdio_ui5_key":"etmportal.ui.managecatalogs.view.Detailsap.m.Button{\"propertyName\":\"text\",\"key\":\"edit\"}"}]}
RESULT: {"script":"<script> [1562 bytes]","args":[{"selector":{"controlType":"sap.m.Button","viewName":"etm.portal.ui.managecatalogs.view.Detail","viewId":"application-managecatalogs-display-component---detailCatalog","i18NText":{"propertyName":"text","key":"edit"},"interaction":{"idSuffix":"BDI-content"}},"wdio_ui5_key":"etmportal.ui.managecatalogs.view.Detailsap.m.Button{\"propertyName\":\"text\",\"key\":\"edit\"}"}]}
RESULT: undefined
COMMAND: POST /session/cc787b9332752cdee0bcd1748733cdef/element - {"using":"xpath","value":"//*[@id=\"__button25\"]"}
RESULT: {"using":"xpath","value":"//*[@id=\"__button25\"]"}
COMMAND: POST /session/cc787b9332752cdee0bcd1748733cdef/element/f.40E06083F0E682023BA0E7AA24D478F4.d.025CF5F01DB39DA9B90F455FE673569B.e.4516/click - {}
RESULT: {}
COMMAND: GET /session/cc787b9332752cdee0bcd1748733cdef/screenshot - {}
RESULT: {}
RESULT: undefined
RESULT: undefined
COMMAND: POST /session/cc787b9332752cdee0bcd1748733cdef/element - {"using":"xpath","value":"//button[contains(@title ,\"Create Catalog Item\")]"}
RESULT: {"using":"xpath","value":"//button[contains(@title ,\"Create Catalog Item\")]"}
COMMAND: POST /session/cc787b9332752cdee0bcd1748733cdef/element/f.40E06083F0E682023BA0E7AA24D478F4.d.025CF5F01DB39DA9B90F455FE673569B.e.4522/click - {}
RESULT: {}
COMMAND: POST /session/cc787b9332752cdee0bcd1748733cdef/execute/async - {"script":"<script> [1562 bytes]","args":[{"selector":{"id":"application-managecatalogs-display-component---detailCatalog--newItemNumberInput","searchOpenDialogs":true,"interaction":{"idSuffix":"inner"}},"wdio_ui5_key":"applicationmanagecatalogs-display-component---detailCatalog--newItemNumberInput"}]}
COMMAND: GET /session/cc787b9332752cdee0bcd1748733cdef/screenshot - {}
RESULT: {"script":"<script> [1562 bytes]","args":[{"selector":{"id":"application-managecatalogs-display-component---detailCatalog--newItemNumberInput","searchOpenDialogs":true,"interaction":{"idSuffix":"inner"}},"wdio_ui5_key":"applicationmanagecatalogs-display-component---detailCatalog--newItemNumberInput"}]}
RESULT: undefined
COMMAND: POST /session/cc787b9332752cdee0bcd1748733cdef/execute/async - {"script":"<script> [776 bytes]","args":[{"enterText":"catalogItem6xxzz","selector":{"id":"application-managecatalogs-display-component---detailCatalog--newItemNumberInput","searchOpenDialogs":true,"interaction":{"idSuffix":"inner"}},"clearTextFirst":true,"interactionType":"ENTER_TEXT"}]}
RESULT: {}
RESULT: {"script":"<script> [776 bytes]","args":[{"enterText":"catalogItem6xxzz","selector":{"id":"application-managecatalogs-display-component---detailCatalog--newItemNumberInput","searchOpenDialogs":true,"interaction":{"idSuffix":"inner"}},"clearTextFirst":true,"interactionType":"ENTER_TEXT"}]}
COMMAND: POST /session/cc787b9332752cdee0bcd1748733cdef/execute/async - {"script":"<script> [1562 bytes]","args":[{"selector":{"controlType":"sap.m.Input","viewName":"etm.portal.ui.managecatalogs.view.Detail","viewId":"application-managecatalogs-display-component---detailCatalog","bindingPath":{"path":"","propertyPath":"/DESCRIPTION"},"searchOpenDialogs":true,"interaction":{"idSuffix":"inner"}},"wdio_ui5_key":"etmportal.ui.managecatalogs.view.Detailsap.m.Input{\"path\":\"\",\"propertyPath\":\"/DESCRIPTION\"}"}]}
RESULT: {"script":"<script> [1562 bytes]","args":[{"selector":{"controlType":"sap.m.Input","viewName":"etm.portal.ui.managecatalogs.view.Detail","viewId":"application-managecatalogs-display-component---detailCatalog","bindingPath":{"path":"","propertyPath":"/DESCRIPTION"},"searchOpenDialogs":true,"interaction":{"idSuffix":"inner"}},"wdio_ui5_key":"etmportal.ui.managecatalogs.view.Detailsap.m.Input{\"path\":\"\",\"propertyPath\":\"/DESCRIPTION\"}"}]}
RESULT: undefined
COMMAND: POST /session/cc787b9332752cdee0bcd1748733cdef/execute/async - {"script":"<script> [776 bytes]","args":[{"enterText":"catalogItemName5oddz","selector":{"controlType":"sap.m.Input","viewName":"etm.portal.ui.managecatalogs.view.Detail","viewId":"application-managecatalogs-display-component---detailCatalog","bindingPath":{"path":"","propertyPath":"/DESCRIPTION"},"searchOpenDialogs":true,"interaction":{"idSuffix":"inner"}},"clearTextFirst":true,"interactionType":"ENTER_TEXT"}]}
RESULT: {"script":"<script> [776 bytes]","args":[{"enterText":"catalogItemName5oddz","selector":{"controlType":"sap.m.Input","viewName":"etm.portal.ui.managecatalogs.view.Detail","viewId":"application-managecatalogs-display-component---detailCatalog","bindingPath":{"path":"","propertyPath":"/DESCRIPTION"},"searchOpenDialogs":true,"interaction":{"idSuffix":"inner"}},"clearTextFirst":true,"interactionType":"ENTER_TEXT"}]}
COMMAND: POST /session/cc787b9332752cdee0bcd1748733cdef/actions - {"actions":[{"id":"action12","type":"key","parameters":{},"actions":[{"type":"keyDown","value":""},{"type":"pause","duration":10},{"type":"keyUp","value":""}]}]}
RESULT: {"actions":[{"id":"action12","type":"key","parameters":{},"actions":[{"type":"keyDown","value":""},{"type":"pause","duration":10},{"type":"keyUp","value":""}]}]}
COMMAND: GET /session/cc787b9332752cdee0bcd1748733cdef/screenshot - {}
RESULT: {}
COMMAND: POST /session/cc787b9332752cdee0bcd1748733cdef/actions - {"actions":[{"id":"action13","type":"key","parameters":{},"actions":[{"type":"keyDown","value":""},{"type":"pause","duration":10},{"type":"keyUp","value":""}]}]}
RESULT: {"actions":[{"id":"action13","type":"key","parameters":{},"actions":[{"type":"keyDown","value":""},{"type":"pause","duration":10},{"type":"keyUp","value":""}]}]}
COMMAND: GET /session/cc787b9332752cdee0bcd1748733cdef/screenshot - {}
RESULT: {}
COMMAND: POST /session/cc787b9332752cdee0bcd1748733cdef/element - {"using":"xpath","value":"//button[@title=\"Save\"]"}
RESULT: {"using":"xpath","value":"//button[@title=\"Save\"]"}
COMMAND: POST /session/cc787b9332752cdee0bcd1748733cdef/element/f.40E06083F0E682023BA0E7AA24D478F4.d.025CF5F01DB39DA9B90F455FE673569B.e.4531/click - {}
RESULT: {}
COMMAND: GET /session/cc787b9332752cdee0bcd1748733cdef/screenshot - {}
RESULT: {}
COMMAND: POST /session/cc787b9332752cdee0bcd1748733cdef/execute/async - {"script":"<script> [1562 bytes]","args":[{"selector":{"controlType":"sap.ui.core.Icon","viewName":"etm.portal.ui.managecatalogs.view.Detail","viewId":"application-managecatalogs-display-component---detailCatalog","properties":{"src":{"regex":{"source":"decline"}}}},"wdio_ui5_key":"etmportal.ui.managecatalogs.view.Detailsap.ui.core.Icon{\"src\":{\"regex\":{\"source\":\"decline\"}}}"}]}
RESULT: {"script":"<script> [1562 bytes]","args":[{"selector":{"controlType":"sap.ui.core.Icon","viewName":"etm.portal.ui.managecatalogs.view.Detail","viewId":"application-managecatalogs-display-component---detailCatalog","properties":{"src":{"regex":{"source":"decline"}}}},"wdio_ui5_key":"etmportal.ui.managecatalogs.view.Detailsap.ui.core.Icon{\"src\":{\"regex\":{\"source\":\"decline\"}}}"}]}
RESULT: undefined
COMMAND: POST /session/cc787b9332752cdee0bcd1748733cdef/element - {"using":"xpath","value":"//*[@id=\"__button28-img\"]"}
RESULT: {"using":"xpath","value":"//*[@id=\"__button28-img\"]"}
COMMAND: POST /session/cc787b9332752cdee0bcd1748733cdef/element/f.40E06083F0E682023BA0E7AA24D478F4.d.025CF5F01DB39DA9B90F455FE673569B.e.4536/click - {}
RESULT: {}
COMMAND: GET /session/cc787b9332752cdee0bcd1748733cdef/screenshot - {}
RESULT: {}
COMMAND: POST /session/cc787b9332752cdee0bcd1748733cdef/execute/async - {"script":"<script> [1562 bytes]","args":[{"selector":{"controlType":"sap.ui.core.Icon","viewName":"etm.portal.ui.managecatalogs.view.MasterItems","viewId":"application-managecatalogs-display-component---masterCatalogItems","properties":{"src":{"regex":{"source":"refresh"}}}},"wdio_ui5_key":"etmportal.ui.managecatalogs.view.MasterItemssap.ui.core.Icon{\"src\":{\"regex\":{\"source\":\"refresh\"}}}"}]}
RESULT: {"script":"<script> [1562 bytes]","args":[{"selector":{"controlType":"sap.ui.core.Icon","viewName":"etm.portal.ui.managecatalogs.view.MasterItems","viewId":"application-managecatalogs-display-component---masterCatalogItems","properties":{"src":{"regex":{"source":"refresh"}}}},"wdio_ui5_key":"etmportal.ui.managecatalogs.view.MasterItemssap.ui.core.Icon{\"src\":{\"regex\":{\"source\":\"refresh\"}}}"}]}
RESULT: undefined
COMMAND: POST /session/cc787b9332752cdee0bcd1748733cdef/element - {"using":"xpath","value":"//*[@id=\"__button1-img\"]"}
RESULT: {"using":"xpath","value":"//*[@id=\"__button1-img\"]"}
COMMAND: POST /session/cc787b9332752cdee0bcd1748733cdef/element/f.40E06083F0E682023BA0E7AA24D478F4.d.025CF5F01DB39DA9B90F455FE673569B.e.4545/click - {}
RESULT: {}
COMMAND: GET /session/cc787b9332752cdee0bcd1748733cdef/screenshot - {}
RESULT: {}
COMMAND: POST /session/cc787b9332752cdee0bcd1748733cdef/execute/async - {"script":"<script> [1562 bytes]","args":[{"selector":{"id":"application-managecatalogs-display-component---masterCatalogItems--searchItemsField","interaction":{"idSuffix":"I"}},"wdio_ui5_key":"applicationmanagecatalogs-display-component---masterCatalogItems--searchItemsField"}]}
RESULT: {"script":"<script> [1562 bytes]","args":[{"selector":{"id":"application-managecatalogs-display-component---masterCatalogItems--searchItemsField","interaction":{"idSuffix":"I"}},"wdio_ui5_key":"applicationmanagecatalogs-display-component---masterCatalogItems--searchItemsField"}]}
RESULT: undefined
COMMAND: POST /session/cc787b9332752cdee0bcd1748733cdef/execute/async - {"script":"<script> [776 bytes]","args":[{"enterText":"catalogItemName5oddz","selector":{"id":"application-managecatalogs-display-component---masterCatalogItems--searchItemsField","interaction":{"idSuffix":"I"}},"clearTextFirst":true,"interactionType":"ENTER_TEXT"}]}
RESULT: {"script":"<script> [776 bytes]","args":[{"enterText":"catalogItemName5oddz","selector":{"id":"application-managecatalogs-display-component---masterCatalogItems--searchItemsField","interaction":{"idSuffix":"I"}},"clearTextFirst":true,"interactionType":"ENTER_TEXT"}]}
COMMAND: POST /session/cc787b9332752cdee0bcd1748733cdef/actions - {"actions":[{"id":"action14","type":"key","parameters":{},"actions":[{"type":"keyDown","value":""},{"type":"pause","duration":10},{"type":"keyUp","value":""}]}]}
RESULT: {"actions":[{"id":"action14","type":"key","parameters":{},"actions":[{"type":"keyDown","value":""},{"type":"pause","duration":10},{"type":"keyUp","value":""}]}]}
COMMAND: POST /session/cc787b9332752cdee0bcd1748733cdef/element - {"using":"xpath","value":"(//span[contains(text(), \"catalogItemName5oddz\")])[1]"}
COMMAND: GET /session/cc787b9332752cdee0bcd1748733cdef/screenshot - {}
RESULT: {"using":"xpath","value":"(//span[contains(text(), \"catalogItemName5oddz\")])[1]"}
COMMAND: POST /session/cc787b9332752cdee0bcd1748733cdef/element/f.40E06083F0E682023BA0E7AA24D478F4.d.025CF5F01DB39DA9B90F455FE673569B.e.4580/click - {}
RESULT: {}
RESULT: {}
COMMAND: GET /session/cc787b9332752cdee0bcd1748733cdef/screenshot - {}
RESULT: {}
COMMAND: POST /session/cc787b9332752cdee0bcd1748733cdef/element - {"using":"xpath","value":"//span[contains(text(), \"catalogItem6xxzz\")]"}
RESULT: {"using":"xpath","value":"//span[contains(text(), \"catalogItem6xxzz\")]"}
COMMAND: GET /session/cc787b9332752cdee0bcd1748733cdef/element/f.40E06083F0E682023BA0E7AA24D478F4.d.025CF5F01DB39DA9B90F455FE673569B.e.4641/text - {}
RESULT: {}
]]></system-out>
    </testcase>
    <testcase classname="chrome.137_0_7151_69.windows.Standard_contract_-_add_contract_items_by_Insert_Request_US118222" name="Should assign resources to the catalog item" time="56.359">
      <system-out><![CDATA[
RESULT: undefined
COMMAND: POST /session/cc787b9332752cdee0bcd1748733cdef/element - {"using":"xpath","value":"//*[@id=\"__button25\"]"}
RESULT: {"using":"xpath","value":"//*[@id=\"__button25\"]"}
COMMAND: POST /session/cc787b9332752cdee0bcd1748733cdef/element/f.40E06083F0E682023BA0E7AA24D478F4.d.025CF5F01DB39DA9B90F455FE673569B.e.4642/click - {}
RESULT: {}
COMMAND: GET /session/cc787b9332752cdee0bcd1748733cdef/screenshot - {}
RESULT: {}
COMMAND: POST /session/cc787b9332752cdee0bcd1748733cdef/execute/async - {"script":"<script> [1562 bytes]","args":[{"selector":{"id":"application-managecatalogs-display-component---detailCatalog--BASE_UNIT_OF_MEASURE-arrow"},"wdio_ui5_key":"applicationmanagecatalogs-display-component---detailCatalog--BASE_UNIT_OF_MEASURE-arrow"}]}
RESULT: {"script":"<script> [1562 bytes]","args":[{"selector":{"id":"application-managecatalogs-display-component---detailCatalog--BASE_UNIT_OF_MEASURE-arrow"},"wdio_ui5_key":"applicationmanagecatalogs-display-component---detailCatalog--BASE_UNIT_OF_MEASURE-arrow"}]}
RESULT: undefined
COMMAND: POST /session/cc787b9332752cdee0bcd1748733cdef/element - {"using":"xpath","value":"//*[@id=\"application-managecatalogs-display-component---detailCatalog--BASE_UNIT_OF_MEASURE-arrow\"]"}
RESULT: {"using":"xpath","value":"//*[@id=\"application-managecatalogs-display-component---detailCatalog--BASE_UNIT_OF_MEASURE-arrow\"]"}
COMMAND: POST /session/cc787b9332752cdee0bcd1748733cdef/element/f.40E06083F0E682023BA0E7AA24D478F4.d.025CF5F01DB39DA9B90F455FE673569B.e.4674/click - {}
RESULT: {}
COMMAND: POST /session/cc787b9332752cdee0bcd1748733cdef/execute/async - {"script":"<script> [1562 bytes]","args":[{"selector":{"controlType":"sap.m.StandardListItem","viewName":"etm.portal.ui.managecatalogs.view.Detail","viewId":"application-managecatalogs-display-component---detailCatalog","properties":{"title":"Piece"},"searchOpenDialogs":true,"interaction":{"idSuffix":"titleText"}},"wdio_ui5_key":"etmportal.ui.managecatalogs.view.Detailsap.m.StandardListItem{\"title\":\"Piece\"}"}]}
COMMAND: GET /session/cc787b9332752cdee0bcd1748733cdef/screenshot - {}
RESULT: {"script":"<script> [1562 bytes]","args":[{"selector":{"controlType":"sap.m.StandardListItem","viewName":"etm.portal.ui.managecatalogs.view.Detail","viewId":"application-managecatalogs-display-component---detailCatalog","properties":{"title":"Piece"},"searchOpenDialogs":true,"interaction":{"idSuffix":"titleText"}},"wdio_ui5_key":"etmportal.ui.managecatalogs.view.Detailsap.m.StandardListItem{\"title\":\"Piece\"}"}]}
RESULT: undefined
COMMAND: POST /session/cc787b9332752cdee0bcd1748733cdef/element - {"using":"xpath","value":"//*[@id=\"__item234\"]"}
RESULT: {}
RESULT: {"using":"xpath","value":"//*[@id=\"__item234\"]"}
COMMAND: POST /session/cc787b9332752cdee0bcd1748733cdef/element/f.40E06083F0E682023BA0E7AA24D478F4.d.025CF5F01DB39DA9B90F455FE673569B.e.4676/click - {}
RESULT: {}
COMMAND: POST /session/cc787b9332752cdee0bcd1748733cdef/execute/async - {"script":"<script> [1562 bytes]","args":[{"selector":{"id":"application-managecatalogs-display-component---detailCatalog--ObjectPageLayout-anchBar-application-managecatalogs-display-component---detailCatalog--sectionRUs-anchor","interaction":{"idSuffix":"BDI-content"}},"wdio_ui5_key":"applicationmanagecatalogs-display-component---detailCatalog--ObjectPageLayout-anchBar-application-managecatalogs-display-component---detailCatalog--sectionRUs-anchor"}]}
COMMAND: GET /session/cc787b9332752cdee0bcd1748733cdef/screenshot - {}
RESULT: {"script":"<script> [1562 bytes]","args":[{"selector":{"id":"application-managecatalogs-display-component---detailCatalog--ObjectPageLayout-anchBar-application-managecatalogs-display-component---detailCatalog--sectionRUs-anchor","interaction":{"idSuffix":"BDI-content"}},"wdio_ui5_key":"applicationmanagecatalogs-display-component---detailCatalog--ObjectPageLayout-anchBar-application-managecatalogs-display-component---detailCatalog--sectionRUs-anchor"}]}
RESULT: undefined
COMMAND: POST /session/cc787b9332752cdee0bcd1748733cdef/element - {"using":"xpath","value":"//*[@id=\"application-managecatalogs-display-component---detailCatalog--ObjectPageLayout-anchBar-application-managecatalogs-display-component---detailCatalog--sectionRUs-anchor\"]"}
RESULT: {}
RESULT: {"using":"xpath","value":"//*[@id=\"application-managecatalogs-display-component---detailCatalog--ObjectPageLayout-anchBar-application-managecatalogs-display-component---detailCatalog--sectionRUs-anchor\"]"}
COMMAND: POST /session/cc787b9332752cdee0bcd1748733cdef/element/f.40E06083F0E682023BA0E7AA24D478F4.d.025CF5F01DB39DA9B90F455FE673569B.e.4678/click - {}
RESULT: {}
COMMAND: POST /session/cc787b9332752cdee0bcd1748733cdef/element - {"using":"xpath","value":"//button[contains(@data-kt ,\"catalogItemAssignRuButton\")]"}
COMMAND: GET /session/cc787b9332752cdee0bcd1748733cdef/screenshot - {}
RESULT: {"using":"xpath","value":"//button[contains(@data-kt ,\"catalogItemAssignRuButton\")]"}
COMMAND: POST /session/cc787b9332752cdee0bcd1748733cdef/element/f.40E06083F0E682023BA0E7AA24D478F4.d.025CF5F01DB39DA9B90F455FE673569B.e.4682/click - {}
RESULT: {}
RESULT: {}
COMMAND: GET /session/cc787b9332752cdee0bcd1748733cdef/screenshot - {}
RESULT: {}
COMMAND: POST /session/cc787b9332752cdee0bcd1748733cdef/actions - {"actions":[{"id":"action15","type":"key","parameters":{},"actions":[{"type":"keyDown","value":""},{"type":"pause","duration":10},{"type":"keyUp","value":""}]}]}
RESULT: {"actions":[{"id":"action15","type":"key","parameters":{},"actions":[{"type":"keyDown","value":""},{"type":"pause","duration":10},{"type":"keyUp","value":""}]}]}
COMMAND: POST /session/cc787b9332752cdee0bcd1748733cdef/execute/async - {"script":"<script> [1562 bytes]","args":[{"selector":{"id":"application-managecatalogs-display-component---detailCatalog--assignRUSearchField-vhi","searchOpenDialogs":true},"wdio_ui5_key":"applicationmanagecatalogs-display-component---detailCatalog--assignRUSearchField-vhi"}]}
COMMAND: GET /session/cc787b9332752cdee0bcd1748733cdef/screenshot - {}
RESULT: {"script":"<script> [1562 bytes]","args":[{"selector":{"id":"application-managecatalogs-display-component---detailCatalog--assignRUSearchField-vhi","searchOpenDialogs":true},"wdio_ui5_key":"applicationmanagecatalogs-display-component---detailCatalog--assignRUSearchField-vhi"}]}
RESULT: undefined
COMMAND: POST /session/cc787b9332752cdee0bcd1748733cdef/element - {"using":"xpath","value":"//*[@id=\"application-managecatalogs-display-component---detailCatalog--assignRUSearchField-vhi\"]"}
RESULT: {}
RESULT: {"using":"xpath","value":"//*[@id=\"application-managecatalogs-display-component---detailCatalog--assignRUSearchField-vhi\"]"}
COMMAND: POST /session/cc787b9332752cdee0bcd1748733cdef/element/f.40E06083F0E682023BA0E7AA24D478F4.d.025CF5F01DB39DA9B90F455FE673569B.e.4705/click - {}
RESULT: {}
COMMAND: GET /session/cc787b9332752cdee0bcd1748733cdef/screenshot - {}
RESULT: {}
COMMAND: POST /session/cc787b9332752cdee0bcd1748733cdef/element - {"using":"xpath","value":"//input[contains(@id ,\"searchField-I\")]"}
RESULT: {"using":"xpath","value":"//input[contains(@id ,\"searchField-I\")]"}
COMMAND: POST /session/cc787b9332752cdee0bcd1748733cdef/element/f.40E06083F0E682023BA0E7AA24D478F4.d.025CF5F01DB39DA9B90F455FE673569B.e.4708/clear - {}
RESULT: {}
COMMAND: POST /session/cc787b9332752cdee0bcd1748733cdef/element/f.40E06083F0E682023BA0E7AA24D478F4.d.025CF5F01DB39DA9B90F455FE673569B.e.4708/value - {"text":"WdIOTestEquipvnt7h"}
COMMAND: GET /session/cc787b9332752cdee0bcd1748733cdef/screenshot - {}
RESULT: {"text":"WdIOTestEquipvnt7h"}
COMMAND: GET /session/cc787b9332752cdee0bcd1748733cdef/screenshot - {}
RESULT: {}
RESULT: {}
COMMAND: POST /session/cc787b9332752cdee0bcd1748733cdef/actions - {"actions":[{"id":"action16","type":"key","parameters":{},"actions":[{"type":"keyDown","value":""},{"type":"pause","duration":10},{"type":"keyUp","value":""}]}]}
RESULT: {"actions":[{"id":"action16","type":"key","parameters":{},"actions":[{"type":"keyDown","value":""},{"type":"pause","duration":10},{"type":"keyUp","value":""}]}]}
COMMAND: GET /session/cc787b9332752cdee0bcd1748733cdef/screenshot - {}
RESULT: {}
COMMAND: POST /session/cc787b9332752cdee0bcd1748733cdef/actions - {"actions":[{"id":"action17","type":"key","parameters":{},"actions":[{"type":"keyDown","value":""},{"type":"pause","duration":10},{"type":"keyUp","value":""}]}]}
RESULT: {"actions":[{"id":"action17","type":"key","parameters":{},"actions":[{"type":"keyDown","value":""},{"type":"pause","duration":10},{"type":"keyUp","value":""}]}]}
COMMAND: GET /session/cc787b9332752cdee0bcd1748733cdef/screenshot - {}
RESULT: {}
COMMAND: POST /session/cc787b9332752cdee0bcd1748733cdef/actions - {"actions":[{"id":"action18","type":"key","parameters":{},"actions":[{"type":"keyDown","value":""},{"type":"pause","duration":10},{"type":"keyUp","value":""}]}]}
RESULT: {"actions":[{"id":"action18","type":"key","parameters":{},"actions":[{"type":"keyDown","value":""},{"type":"pause","duration":10},{"type":"keyUp","value":""}]}]}
COMMAND: GET /session/cc787b9332752cdee0bcd1748733cdef/screenshot - {}
RESULT: {}
COMMAND: POST /session/cc787b9332752cdee0bcd1748733cdef/element - {"using":"xpath","value":"//bdi[contains(@id ,\"application-managecatalogs-display-component---detailCatalog--RUAssignmentSaveButton-BDI-content\")]"}
RESULT: {"using":"xpath","value":"//bdi[contains(@id ,\"application-managecatalogs-display-component---detailCatalog--RUAssignmentSaveButton-BDI-content\")]"}
COMMAND: POST /session/cc787b9332752cdee0bcd1748733cdef/element/f.40E06083F0E682023BA0E7AA24D478F4.d.025CF5F01DB39DA9B90F455FE673569B.e.4727/click - {}
RESULT: {}
COMMAND: GET /session/cc787b9332752cdee0bcd1748733cdef/screenshot - {}
RESULT: {}
COMMAND: POST /session/cc787b9332752cdee0bcd1748733cdef/element - {"using":"xpath","value":"//bdi[contains(@id ,\"application-managecatalogs-display-component---detailCatalog--ObjectPageLayout-anchBar-application-managecatalogs-display-component---detailCatalog--sectionRUs-anchor-BDI-content\")]"}
RESULT: {"using":"xpath","value":"//bdi[contains(@id ,\"application-managecatalogs-display-component---detailCatalog--ObjectPageLayout-anchBar-application-managecatalogs-display-component---detailCatalog--sectionRUs-anchor-BDI-content\")]"}
COMMAND: POST /session/cc787b9332752cdee0bcd1748733cdef/element/f.40E06083F0E682023BA0E7AA24D478F4.d.025CF5F01DB39DA9B90F455FE673569B.e.4749/click - {}
RESULT: {}
COMMAND: GET /session/cc787b9332752cdee0bcd1748733cdef/screenshot - {}
RESULT: {}
COMMAND: POST /session/cc787b9332752cdee0bcd1748733cdef/element - {"using":"xpath","value":"//button[contains(@data-kt ,\"catalogItemAssignRuButton\")]"}
RESULT: {"using":"xpath","value":"//button[contains(@data-kt ,\"catalogItemAssignRuButton\")]"}
COMMAND: POST /session/cc787b9332752cdee0bcd1748733cdef/element/f.40E06083F0E682023BA0E7AA24D478F4.d.025CF5F01DB39DA9B90F455FE673569B.e.4682/click - {}
RESULT: {}
COMMAND: GET /session/cc787b9332752cdee0bcd1748733cdef/screenshot - {}
RESULT: {}
COMMAND: POST /session/cc787b9332752cdee0bcd1748733cdef/actions - {"actions":[{"id":"action19","type":"key","parameters":{},"actions":[{"type":"keyDown","value":""},{"type":"pause","duration":10},{"type":"keyUp","value":""}]}]}
RESULT: {"actions":[{"id":"action19","type":"key","parameters":{},"actions":[{"type":"keyDown","value":""},{"type":"pause","duration":10},{"type":"keyUp","value":""}]}]}
RESULT: undefined
COMMAND: POST /session/cc787b9332752cdee0bcd1748733cdef/element - {"using":"xpath","value":"//*[@id=\"application-managecatalogs-display-component---detailCatalog--assignRUSearchField-vhi\"]"}
COMMAND: GET /session/cc787b9332752cdee0bcd1748733cdef/screenshot - {}
RESULT: {"using":"xpath","value":"//*[@id=\"application-managecatalogs-display-component---detailCatalog--assignRUSearchField-vhi\"]"}
COMMAND: POST /session/cc787b9332752cdee0bcd1748733cdef/elements - {"using":"xpath","value":"//*[@id=\"application-managecatalogs-display-component---detailCatalog--assignRUSearchField-vhi\"]"}
RESULT: {}
RESULT: {"using":"xpath","value":"//*[@id=\"application-managecatalogs-display-component---detailCatalog--assignRUSearchField-vhi\"]"}
COMMAND: POST /session/cc787b9332752cdee0bcd1748733cdef/element - {"using":"xpath","value":"//*[@id=\"application-managecatalogs-display-component---detailCatalog--assignRUSearchField-vhi\"]"}
RESULT: {"using":"xpath","value":"//*[@id=\"application-managecatalogs-display-component---detailCatalog--assignRUSearchField-vhi\"]"}
COMMAND: POST /session/cc787b9332752cdee0bcd1748733cdef/element/f.40E06083F0E682023BA0E7AA24D478F4.d.025CF5F01DB39DA9B90F455FE673569B.e.4770/click - {}
RESULT: {}
COMMAND: POST /session/cc787b9332752cdee0bcd1748733cdef/execute/async - {"script":"<script> [1562 bytes]","args":[{"selector":{"controlType":"sap.m.SearchField","viewName":"etm.portal.ui.managecatalogs.view.Detail","viewId":"application-managecatalogs-display-component---detailCatalog","searchOpenDialogs":true,"interaction":{"idSuffix":"I"}},"wdio_ui5_key":"etmportal.ui.managecatalogs.view.Detailsap.m.SearchField"}]}
COMMAND: GET /session/cc787b9332752cdee0bcd1748733cdef/screenshot - {}
RESULT: {"script":"<script> [1562 bytes]","args":[{"selector":{"controlType":"sap.m.SearchField","viewName":"etm.portal.ui.managecatalogs.view.Detail","viewId":"application-managecatalogs-display-component---detailCatalog","searchOpenDialogs":true,"interaction":{"idSuffix":"I"}},"wdio_ui5_key":"etmportal.ui.managecatalogs.view.Detailsap.m.SearchField"}]}
RESULT: undefined
COMMAND: POST /session/cc787b9332752cdee0bcd1748733cdef/execute/async - {"script":"<script> [776 bytes]","args":[{"enterText":"WebdriverMatTestj4r0lk","selector":{"controlType":"sap.m.SearchField","viewName":"etm.portal.ui.managecatalogs.view.Detail","viewId":"application-managecatalogs-display-component---detailCatalog","searchOpenDialogs":true,"interaction":{"idSuffix":"I"}},"clearTextFirst":true,"interactionType":"ENTER_TEXT"}]}
RESULT: {}
RESULT: {"script":"<script> [776 bytes]","args":[{"enterText":"WebdriverMatTestj4r0lk","selector":{"controlType":"sap.m.SearchField","viewName":"etm.portal.ui.managecatalogs.view.Detail","viewId":"application-managecatalogs-display-component---detailCatalog","searchOpenDialogs":true,"interaction":{"idSuffix":"I"}},"clearTextFirst":true,"interactionType":"ENTER_TEXT"}]}
COMMAND: POST /session/cc787b9332752cdee0bcd1748733cdef/actions - {"actions":[{"id":"action20","type":"key","parameters":{},"actions":[{"type":"keyDown","value":""},{"type":"pause","duration":10},{"type":"keyUp","value":""}]}]}
RESULT: {"actions":[{"id":"action20","type":"key","parameters":{},"actions":[{"type":"keyDown","value":""},{"type":"pause","duration":10},{"type":"keyUp","value":""}]}]}
COMMAND: GET /session/cc787b9332752cdee0bcd1748733cdef/screenshot - {}
RESULT: {}
COMMAND: POST /session/cc787b9332752cdee0bcd1748733cdef/element - {"using":"xpath","value":"(//span[contains(text(), \"WebdriverMatTestj4r0lk\")])[1]"}
RESULT: {"using":"xpath","value":"(//span[contains(text(), \"WebdriverMatTestj4r0lk\")])[1]"}
COMMAND: POST /session/cc787b9332752cdee0bcd1748733cdef/element/f.40E06083F0E682023BA0E7AA24D478F4.d.025CF5F01DB39DA9B90F455FE673569B.e.4800/click - {}
RESULT: {}
COMMAND: POST /session/cc787b9332752cdee0bcd1748733cdef/execute/async - {"script":"<script> [1562 bytes]","args":[{"selector":{"id":"application-managecatalogs-display-component---detailCatalog--RUAssignmentSaveButton","searchOpenDialogs":true,"interaction":{"idSuffix":"BDI-content"}},"wdio_ui5_key":"applicationmanagecatalogs-display-component---detailCatalog--RUAssignmentSaveButton"}]}
COMMAND: GET /session/cc787b9332752cdee0bcd1748733cdef/screenshot - {}
RESULT: {"script":"<script> [1562 bytes]","args":[{"selector":{"id":"application-managecatalogs-display-component---detailCatalog--RUAssignmentSaveButton","searchOpenDialogs":true,"interaction":{"idSuffix":"BDI-content"}},"wdio_ui5_key":"applicationmanagecatalogs-display-component---detailCatalog--RUAssignmentSaveButton"}]}
RESULT: undefined
COMMAND: POST /session/cc787b9332752cdee0bcd1748733cdef/element - {"using":"xpath","value":"//*[@id=\"application-managecatalogs-display-component---detailCatalog--RUAssignmentSaveButton\"]"}
RESULT: {}
RESULT: {"using":"xpath","value":"//*[@id=\"application-managecatalogs-display-component---detailCatalog--RUAssignmentSaveButton\"]"}
COMMAND: POST /session/cc787b9332752cdee0bcd1748733cdef/element/f.40E06083F0E682023BA0E7AA24D478F4.d.025CF5F01DB39DA9B90F455FE673569B.e.4803/click - {}
RESULT: {}
COMMAND: GET /session/cc787b9332752cdee0bcd1748733cdef/screenshot - {}
RESULT: {}
COMMAND: POST /session/cc787b9332752cdee0bcd1748733cdef/element - {"using":"xpath","value":"//bdi[contains(text(), \"Save\")]"}
RESULT: {"using":"xpath","value":"//bdi[contains(text(), \"Save\")]"}
COMMAND: POST /session/cc787b9332752cdee0bcd1748733cdef/element/f.40E06083F0E682023BA0E7AA24D478F4.d.025CF5F01DB39DA9B90F455FE673569B.e.4815/click - {}
RESULT: {}
COMMAND: GET /session/cc787b9332752cdee0bcd1748733cdef/screenshot - {}
RESULT: {}
COMMAND: POST /session/cc787b9332752cdee0bcd1748733cdef/element - {"using":"css selector","value":"#shell-header-logo"}
RESULT: {"using":"css selector","value":"#shell-header-logo"}
COMMAND: POST /session/cc787b9332752cdee0bcd1748733cdef/element/f.40E06083F0E682023BA0E7AA24D478F4.d.025CF5F01DB39DA9B90F455FE673569B.e.4481/click - {}
RESULT: {}
COMMAND: GET /session/cc787b9332752cdee0bcd1748733cdef/screenshot - {}
RESULT: {}
]]></system-out>
    </testcase>
    <testcase classname="chrome.137_0_7151_69.windows.Standard_contract_-_add_contract_items_by_Insert_Request_US118222" name="Should create a new contract" time="93.785">
      <system-out><![CDATA[
COMMAND: POST /session/cc787b9332752cdee0bcd1748733cdef/execute/async - {"script":"<script> [1562 bytes]","args":[{"selector":{"controlType":"sap.m.GenericTile","properties":{"header":"Manage Contracts"}},"wdio_ui5_key":"sapm.GenericTile{\"header\":\"Manage Contracts\"}"}]}
RESULT: {"script":"<script> [1562 bytes]","args":[{"selector":{"controlType":"sap.m.GenericTile","properties":{"header":"Manage Contracts"}},"wdio_ui5_key":"sapm.GenericTile{\"header\":\"Manage Contracts\"}"}]}
RESULT: undefined
COMMAND: POST /session/cc787b9332752cdee0bcd1748733cdef/element - {"using":"xpath","value":"//*[@id=\"__tile132\"]"}
RESULT: {"using":"xpath","value":"//*[@id=\"__tile132\"]"}
COMMAND: POST /session/cc787b9332752cdee0bcd1748733cdef/element/f.40E06083F0E682023BA0E7AA24D478F4.d.025CF5F01DB39DA9B90F455FE673569B.e.4847/click - {}
RESULT: {}
COMMAND: GET /session/cc787b9332752cdee0bcd1748733cdef/screenshot - {}
RESULT: {}
COMMAND: POST /session/cc787b9332752cdee0bcd1748733cdef/elements - {"using":"xpath","value":"//span[text()='Error']"}
RESULT: {"using":"xpath","value":"//span[text()='Error']"}
COMMAND: POST /session/cc787b9332752cdee0bcd1748733cdef/element - {"using":"xpath","value":"//button[@data-kt=\"addButton\"]"}
RESULT: {"using":"xpath","value":"//button[@data-kt=\"addButton\"]"}
COMMAND: POST /session/cc787b9332752cdee0bcd1748733cdef/element/f.40E06083F0E682023BA0E7AA24D478F4.d.025CF5F01DB39DA9B90F455FE673569B.e.4898/click - {}
RESULT: {}
COMMAND: GET /session/cc787b9332752cdee0bcd1748733cdef/screenshot - {}
RESULT: {}
COMMAND: POST /session/cc787b9332752cdee0bcd1748733cdef/execute/async - {"script":"<script> [1562 bytes]","args":[{"selector":{"id":"application-managecontracts-display-component---AddNewContract--projectDescription","interaction":{"idSuffix":"inner"}},"wdio_ui5_key":"applicationmanagecontracts-display-component---AddNewContract--projectDescription"}]}
RESULT: {"script":"<script> [1562 bytes]","args":[{"selector":{"id":"application-managecontracts-display-component---AddNewContract--projectDescription","interaction":{"idSuffix":"inner"}},"wdio_ui5_key":"applicationmanagecontracts-display-component---AddNewContract--projectDescription"}]}
RESULT: undefined
COMMAND: POST /session/cc787b9332752cdee0bcd1748733cdef/execute/async - {"script":"<script> [776 bytes]","args":[{"enterText":"WdIOTest8g0n1","selector":{"id":"application-managecontracts-display-component---AddNewContract--projectDescription","interaction":{"idSuffix":"inner"}},"clearTextFirst":true,"interactionType":"ENTER_TEXT"}]}
RESULT: {"script":"<script> [776 bytes]","args":[{"enterText":"WdIOTest8g0n1","selector":{"id":"application-managecontracts-display-component---AddNewContract--projectDescription","interaction":{"idSuffix":"inner"}},"clearTextFirst":true,"interactionType":"ENTER_TEXT"}]}
COMMAND: POST /session/cc787b9332752cdee0bcd1748733cdef/element - {"using":"xpath","value":"//input[@id=\"application-managecontracts-display-component---AddNewContract--yardId-inner\"]"}
RESULT: {"using":"xpath","value":"//input[@id=\"application-managecontracts-display-component---AddNewContract--yardId-inner\"]"}
COMMAND: POST /session/cc787b9332752cdee0bcd1748733cdef/element/f.40E06083F0E682023BA0E7AA24D478F4.d.025CF5F01DB39DA9B90F455FE673569B.e.5159/clear - {}
RESULT: {}
COMMAND: POST /session/cc787b9332752cdee0bcd1748733cdef/element/f.40E06083F0E682023BA0E7AA24D478F4.d.025CF5F01DB39DA9B90F455FE673569B.e.5159/value - {"text":"WebdriverYardmlvdxg"}
COMMAND: GET /session/cc787b9332752cdee0bcd1748733cdef/screenshot - {}
RESULT: {"text":"WebdriverYardmlvdxg"}
COMMAND: GET /session/cc787b9332752cdee0bcd1748733cdef/screenshot - {}
RESULT: {}
RESULT: {}
COMMAND: POST /session/cc787b9332752cdee0bcd1748733cdef/actions - {"actions":[{"id":"action21","type":"key","parameters":{},"actions":[{"type":"keyDown","value":""},{"type":"pause","duration":10},{"type":"keyUp","value":""}]}]}
RESULT: {"actions":[{"id":"action21","type":"key","parameters":{},"actions":[{"type":"keyDown","value":""},{"type":"pause","duration":10},{"type":"keyUp","value":""}]}]}
COMMAND: GET /session/cc787b9332752cdee0bcd1748733cdef/screenshot - {}
RESULT: {}
COMMAND: POST /session/cc787b9332752cdee0bcd1748733cdef/element - {"using":"xpath","value":"//input[@id=\"application-managecontracts-display-component---AddNewContract--customerSelect-inner\"]"}
RESULT: {"using":"xpath","value":"//input[@id=\"application-managecontracts-display-component---AddNewContract--customerSelect-inner\"]"}
COMMAND: POST /session/cc787b9332752cdee0bcd1748733cdef/element/f.40E06083F0E682023BA0E7AA24D478F4.d.025CF5F01DB39DA9B90F455FE673569B.e.5157/clear - {}
RESULT: {}
COMMAND: POST /session/cc787b9332752cdee0bcd1748733cdef/element/f.40E06083F0E682023BA0E7AA24D478F4.d.025CF5F01DB39DA9B90F455FE673569B.e.5157/value - {"text":"WebdriverPartnercvfu3"}
COMMAND: GET /session/cc787b9332752cdee0bcd1748733cdef/screenshot - {}
RESULT: {"text":"WebdriverPartnercvfu3"}
COMMAND: GET /session/cc787b9332752cdee0bcd1748733cdef/screenshot - {}
RESULT: {}
RESULT: {}
COMMAND: POST /session/cc787b9332752cdee0bcd1748733cdef/actions - {"actions":[{"id":"action22","type":"key","parameters":{},"actions":[{"type":"keyDown","value":""},{"type":"pause","duration":10},{"type":"keyUp","value":""}]}]}
RESULT: {"actions":[{"id":"action22","type":"key","parameters":{},"actions":[{"type":"keyDown","value":""},{"type":"pause","duration":10},{"type":"keyUp","value":""}]}]}
COMMAND: GET /session/cc787b9332752cdee0bcd1748733cdef/screenshot - {}
RESULT: {}
COMMAND: POST /session/cc787b9332752cdee0bcd1748733cdef/element - {"using":"xpath","value":"//input[@id=\"application-managecontracts-display-component---AddNewContract--site-inner\"]"}
RESULT: {"using":"xpath","value":"//input[@id=\"application-managecontracts-display-component---AddNewContract--site-inner\"]"}
COMMAND: POST /session/cc787b9332752cdee0bcd1748733cdef/element/f.40E06083F0E682023BA0E7AA24D478F4.d.025CF5F01DB39DA9B90F455FE673569B.e.5158/clear - {}
RESULT: {}
COMMAND: POST /session/cc787b9332752cdee0bcd1748733cdef/element/f.40E06083F0E682023BA0E7AA24D478F4.d.025CF5F01DB39DA9B90F455FE673569B.e.5158/value - {"text":"WebdriverSitenfybj"}
COMMAND: GET /session/cc787b9332752cdee0bcd1748733cdef/screenshot - {}
RESULT: {"text":"WebdriverSitenfybj"}
COMMAND: GET /session/cc787b9332752cdee0bcd1748733cdef/screenshot - {}
RESULT: {}
RESULT: {}
COMMAND: POST /session/cc787b9332752cdee0bcd1748733cdef/actions - {"actions":[{"id":"action23","type":"key","parameters":{},"actions":[{"type":"keyDown","value":""},{"type":"pause","duration":10},{"type":"keyUp","value":""}]}]}
RESULT: {"actions":[{"id":"action23","type":"key","parameters":{},"actions":[{"type":"keyDown","value":""},{"type":"pause","duration":10},{"type":"keyUp","value":""}]}]}
COMMAND: GET /session/cc787b9332752cdee0bcd1748733cdef/screenshot - {}
RESULT: {}
COMMAND: POST /session/cc787b9332752cdee0bcd1748733cdef/element - {"using":"xpath","value":"//button[@data-kt=\"saveButton\"]"}
RESULT: {"using":"xpath","value":"//button[@data-kt=\"saveButton\"]"}
COMMAND: POST /session/cc787b9332752cdee0bcd1748733cdef/element/f.40E06083F0E682023BA0E7AA24D478F4.d.025CF5F01DB39DA9B90F455FE673569B.e.5235/click - {}
RESULT: {}
COMMAND: GET /session/cc787b9332752cdee0bcd1748733cdef/screenshot - {}
RESULT: {}
COMMAND: POST /session/cc787b9332752cdee0bcd1748733cdef/execute/async - {"script":"<script> [1562 bytes]","args":[{"selector":{"id":"contractDetailTitleNoExpanded","viewName":"etm.portal.ui.managecontracts.view.Detail"},"wdio_ui5_key":"contractDetailTitleNoExpandedetmportal.ui.managecontracts.view.Detail"}]}
RESULT: {"script":"<script> [1562 bytes]","args":[{"selector":{"id":"contractDetailTitleNoExpanded","viewName":"etm.portal.ui.managecontracts.view.Detail"},"wdio_ui5_key":"contractDetailTitleNoExpandedetmportal.ui.managecontracts.view.Detail"}]}
RESULT: undefined
COMMAND: POST /session/cc787b9332752cdee0bcd1748733cdef/execute/async - {"script":"<script> [6424 bytes]","args":[{"element-6066-11e4-a52e-4f735466cecf":"f.40E06083F0E682023BA0E7AA24D478F4.d.025CF5F01DB39DA9B90F455FE673569B.e.5315"},"getText",[]]}
RESULT: {"script":"<script> [6424 bytes]","args":[{"element-6066-11e4-a52e-4f735466cecf":"f.40E06083F0E682023BA0E7AA24D478F4.d.025CF5F01DB39DA9B90F455FE673569B.e.5315"},"getText",[]]}
]]></system-out>
    </testcase>
    <testcase classname="chrome.137_0_7151_69.windows.Standard_contract_-_add_contract_items_by_Insert_Request_US118222" name="Should create a new request and plan it" time="168.208">
      <system-out><![CDATA[
COMMAND: POST /session/cc787b9332752cdee0bcd1748733cdef/element - {"using":"css selector","value":"#shell-header-logo"}
RESULT: {"using":"css selector","value":"#shell-header-logo"}
COMMAND: POST /session/cc787b9332752cdee0bcd1748733cdef/element/f.40E06083F0E682023BA0E7AA24D478F4.d.025CF5F01DB39DA9B90F455FE673569B.e.4849/click - {}
RESULT: {}
COMMAND: GET /session/cc787b9332752cdee0bcd1748733cdef/screenshot - {}
RESULT: {}
COMMAND: POST /session/cc787b9332752cdee0bcd1748733cdef/execute/async - {"script":"<script> [1562 bytes]","args":[{"selector":{"controlType":"sap.m.GenericTile","properties":{"header":"Manage Requests"}},"wdio_ui5_key":"sapm.GenericTile{\"header\":\"Manage Requests\"}"}]}
RESULT: {"script":"<script> [1562 bytes]","args":[{"selector":{"controlType":"sap.m.GenericTile","properties":{"header":"Manage Requests"}},"wdio_ui5_key":"sapm.GenericTile{\"header\":\"Manage Requests\"}"}]}
RESULT: undefined
COMMAND: POST /session/cc787b9332752cdee0bcd1748733cdef/element - {"using":"xpath","value":"//*[@id=\"__tile48\"]"}
RESULT: {"using":"xpath","value":"//*[@id=\"__tile48\"]"}
COMMAND: POST /session/cc787b9332752cdee0bcd1748733cdef/element/f.40E06083F0E682023BA0E7AA24D478F4.d.025CF5F01DB39DA9B90F455FE673569B.e.5318/click - {}
RESULT: {}
COMMAND: GET /session/cc787b9332752cdee0bcd1748733cdef/screenshot - {}
RESULT: {}
COMMAND: POST /session/cc787b9332752cdee0bcd1748733cdef/elements - {"using":"xpath","value":"//span[text()='Error']"}
RESULT: {"using":"xpath","value":"//span[text()='Error']"}
COMMAND: POST /session/cc787b9332752cdee0bcd1748733cdef/element - {"using":"xpath","value":"//button[contains(@data-kt ,\"btnCreateNewOverflowToolbarButton\")]"}
COMMAND: POST /session/cc787b9332752cdee0bcd1748733cdef/element - {"using":"xpath","value":"(//span[contains(@class ,\"sapMObjStatusText\")])[1]"}
RESULT: {"using":"xpath","value":"//button[contains(@data-kt ,\"btnCreateNewOverflowToolbarButton\")]"}
COMMAND: POST /session/cc787b9332752cdee0bcd1748733cdef/element/f.40E06083F0E682023BA0E7AA24D478F4.d.025CF5F01DB39DA9B90F455FE673569B.e.5356/click - {}
RESULT: {"using":"xpath","value":"(//span[contains(@class ,\"sapMObjStatusText\")])[1]"}
COMMAND: POST /session/cc787b9332752cdee0bcd1748733cdef/execute/sync - {"script":"<script> [8489 bytes]","args":[{"element-6066-11e4-a52e-4f735466cecf":"f.40E06083F0E682023BA0E7AA24D478F4.d.025CF5F01DB39DA9B90F455FE673569B.e.5419","ELEMENT":"f.40E06083F0E682023BA0E7AA24D478F4.d.025CF5F01DB39DA9B90F455FE673569B.e.5419"}]}
RESULT: {}
COMMAND: GET /session/cc787b9332752cdee0bcd1748733cdef/screenshot - {}
RESULT: {"script":"<script> [8489 bytes]","args":[{"element-6066-11e4-a52e-4f735466cecf":"f.40E06083F0E682023BA0E7AA24D478F4.d.025CF5F01DB39DA9B90F455FE673569B.e.5419","ELEMENT":"f.40E06083F0E682023BA0E7AA24D478F4.d.025CF5F01DB39DA9B90F455FE673569B.e.5419"}]}
COMMAND: GET /session/cc787b9332752cdee0bcd1748733cdef/screenshot - {}
RESULT: {}
RESULT: {}
COMMAND: POST /session/cc787b9332752cdee0bcd1748733cdef/element - {"using":"xpath","value":"//input[contains(@id ,\"yardId-inner\")]"}
RESULT: {"using":"xpath","value":"//input[contains(@id ,\"yardId-inner\")]"}
COMMAND: POST /session/cc787b9332752cdee0bcd1748733cdef/execute/sync - {"script":"<script> [8489 bytes]","args":[{"element-6066-11e4-a52e-4f735466cecf":"f.40E06083F0E682023BA0E7AA24D478F4.d.025CF5F01DB39DA9B90F455FE673569B.e.5511","ELEMENT":"f.40E06083F0E682023BA0E7AA24D478F4.d.025CF5F01DB39DA9B90F455FE673569B.e.5511"}]}
RESULT: {"script":"<script> [8489 bytes]","args":[{"element-6066-11e4-a52e-4f735466cecf":"f.40E06083F0E682023BA0E7AA24D478F4.d.025CF5F01DB39DA9B90F455FE673569B.e.5511","ELEMENT":"f.40E06083F0E682023BA0E7AA24D478F4.d.025CF5F01DB39DA9B90F455FE673569B.e.5511"}]}
COMMAND: POST /session/cc787b9332752cdee0bcd1748733cdef/element - {"using":"xpath","value":"//input[contains(@id ,\"requestContractNo-inner\")]"}
COMMAND: POST /session/cc787b9332752cdee0bcd1748733cdef/element - {"using":"xpath","value":"//input[contains(@id ,\"requestContractNo-inner\")]"}
COMMAND: GET /session/cc787b9332752cdee0bcd1748733cdef/screenshot - {}
RESULT: {"using":"xpath","value":"//input[contains(@id ,\"requestContractNo-inner\")]"}
COMMAND: POST /session/cc787b9332752cdee0bcd1748733cdef/element/f.40E06083F0E682023BA0E7AA24D478F4.d.025CF5F01DB39DA9B90F455FE673569B.e.5506/value - {"text":"10203"}
RESULT: {"using":"xpath","value":"//input[contains(@id ,\"requestContractNo-inner\")]"}
COMMAND: GET /session/cc787b9332752cdee0bcd1748733cdef/element/f.40E06083F0E682023BA0E7AA24D478F4.d.025CF5F01DB39DA9B90F455FE673569B.e.5506/enabled - {}
RESULT: {}
RESULT: {"text":"10203"}
COMMAND: GET /session/cc787b9332752cdee0bcd1748733cdef/screenshot - {}
RESULT: {}
COMMAND: GET /session/cc787b9332752cdee0bcd1748733cdef/screenshot - {}
RESULT: {}
RESULT: {}
COMMAND: POST /session/cc787b9332752cdee0bcd1748733cdef/actions - {"actions":[{"id":"action24","type":"key","parameters":{},"actions":[{"type":"keyDown","value":""},{"type":"pause","duration":10},{"type":"keyUp","value":""}]}]}
RESULT: {"actions":[{"id":"action24","type":"key","parameters":{},"actions":[{"type":"keyDown","value":""},{"type":"pause","duration":10},{"type":"keyUp","value":""}]}]}
COMMAND: GET /session/cc787b9332752cdee0bcd1748733cdef/screenshot - {}
RESULT: {}
COMMAND: POST /session/cc787b9332752cdee0bcd1748733cdef/execute/async - {"script":"<script> [1562 bytes]","args":[{"selector":{"controlType":"sap.ui.core.Icon","viewName":"etm.portal.ui.managerequests.view.NewRequest","properties":{"src":{"regex":{"source":"add"}}}},"wdio_ui5_key":"etmportal.ui.managerequests.view.NewRequestsap.ui.core.Icon{\"src\":{\"regex\":{\"source\":\"add\"}}}"}]}
RESULT: {"script":"<script> [1562 bytes]","args":[{"selector":{"controlType":"sap.ui.core.Icon","viewName":"etm.portal.ui.managerequests.view.NewRequest","properties":{"src":{"regex":{"source":"add"}}}},"wdio_ui5_key":"etmportal.ui.managerequests.view.NewRequestsap.ui.core.Icon{\"src\":{\"regex\":{\"source\":\"add\"}}}"}]}
RESULT: undefined
COMMAND: POST /session/cc787b9332752cdee0bcd1748733cdef/element - {"using":"xpath","value":"//*[@id=\"__xmlview62--btnAddTableRow-img\"]"}
RESULT: {"using":"xpath","value":"//*[@id=\"__xmlview62--btnAddTableRow-img\"]"}
COMMAND: POST /session/cc787b9332752cdee0bcd1748733cdef/element/f.40E06083F0E682023BA0E7AA24D478F4.d.025CF5F01DB39DA9B90F455FE673569B.e.5670/click - {}
RESULT: {}
COMMAND: GET /session/cc787b9332752cdee0bcd1748733cdef/screenshot - {}
RESULT: {}
COMMAND: POST /session/cc787b9332752cdee0bcd1748733cdef/execute/async - {"script":"<script> [1562 bytes]","args":[{"selector":{"controlType":"sap.ui.unified.MenuItem","viewName":"etm.portal.ui.managerequests.view.NewRequest","i18NText":{"propertyName":"text","key":"standardEntry"},"searchOpenDialogs":true,"interaction":{"idSuffix":"txt"}},"wdio_ui5_key":"etmportal.ui.managerequests.view.NewRequestsap.ui.unified.MenuItem{\"propertyName\":\"text\",\"key\":\"standardEntry\"}"}]}
RESULT: {"script":"<script> [1562 bytes]","args":[{"selector":{"controlType":"sap.ui.unified.MenuItem","viewName":"etm.portal.ui.managerequests.view.NewRequest","i18NText":{"propertyName":"text","key":"standardEntry"},"searchOpenDialogs":true,"interaction":{"idSuffix":"txt"}},"wdio_ui5_key":"etmportal.ui.managerequests.view.NewRequestsap.ui.unified.MenuItem{\"propertyName\":\"text\",\"key\":\"standardEntry\"}"}]}
RESULT: undefined
COMMAND: POST /session/cc787b9332752cdee0bcd1748733cdef/element - {"using":"xpath","value":"//*[@id=\"__item1141\"]"}
RESULT: {"using":"xpath","value":"//*[@id=\"__item1141\"]"}
COMMAND: POST /session/cc787b9332752cdee0bcd1748733cdef/element/f.40E06083F0E682023BA0E7AA24D478F4.d.025CF5F01DB39DA9B90F455FE673569B.e.5674/click - {}
RESULT: {}
COMMAND: GET /session/cc787b9332752cdee0bcd1748733cdef/screenshot - {}
RESULT: {}
RESULT: undefined
COMMAND: POST /session/cc787b9332752cdee0bcd1748733cdef/element - {"using":"xpath","value":"//*[@id=\"__xmlview62--btnAddTableRow-img\"]"}
RESULT: {"using":"xpath","value":"//*[@id=\"__xmlview62--btnAddTableRow-img\"]"}
COMMAND: POST /session/cc787b9332752cdee0bcd1748733cdef/element/f.40E06083F0E682023BA0E7AA24D478F4.d.025CF5F01DB39DA9B90F455FE673569B.e.5670/click - {}
RESULT: {}
COMMAND: GET /session/cc787b9332752cdee0bcd1748733cdef/screenshot - {}
RESULT: {}
RESULT: undefined
COMMAND: POST /session/cc787b9332752cdee0bcd1748733cdef/element - {"using":"xpath","value":"//*[@id=\"__item1141\"]"}
RESULT: {"using":"xpath","value":"//*[@id=\"__item1141\"]"}
COMMAND: POST /session/cc787b9332752cdee0bcd1748733cdef/element/f.40E06083F0E682023BA0E7AA24D478F4.d.025CF5F01DB39DA9B90F455FE673569B.e.5686/click - {}
RESULT: {}
COMMAND: GET /session/cc787b9332752cdee0bcd1748733cdef/screenshot - {}
RESULT: {}
COMMAND: POST /session/cc787b9332752cdee0bcd1748733cdef/element - {"using":"xpath","value":"(//input[contains(@id ,\"requestItemsTable-0-inner\")])[1]"}
RESULT: {"using":"xpath","value":"(//input[contains(@id ,\"requestItemsTable-0-inner\")])[1]"}
COMMAND: POST /session/cc787b9332752cdee0bcd1748733cdef/element/f.40E06083F0E682023BA0E7AA24D478F4.d.025CF5F01DB39DA9B90F455FE673569B.e.5676/clear - {}
RESULT: {}
COMMAND: POST /session/cc787b9332752cdee0bcd1748733cdef/element/f.40E06083F0E682023BA0E7AA24D478F4.d.025CF5F01DB39DA9B90F455FE673569B.e.5676/value - {"text":"catalogItem6xxzz"}
COMMAND: GET /session/cc787b9332752cdee0bcd1748733cdef/screenshot - {}
RESULT: {"text":"catalogItem6xxzz"}
COMMAND: GET /session/cc787b9332752cdee0bcd1748733cdef/screenshot - {}
RESULT: {}
RESULT: {}
COMMAND: POST /session/cc787b9332752cdee0bcd1748733cdef/actions - {"actions":[{"id":"action25","type":"key","parameters":{},"actions":[{"type":"keyDown","value":""},{"type":"pause","duration":10},{"type":"keyUp","value":""}]}]}
RESULT: {"actions":[{"id":"action25","type":"key","parameters":{},"actions":[{"type":"keyDown","value":""},{"type":"pause","duration":10},{"type":"keyUp","value":""}]}]}
COMMAND: POST /session/cc787b9332752cdee0bcd1748733cdef/element - {"using":"xpath","value":"(//input[contains(@id ,\"requestItemsTable-1-inner\")])[1]"}
COMMAND: GET /session/cc787b9332752cdee0bcd1748733cdef/screenshot - {}
RESULT: {"using":"xpath","value":"(//input[contains(@id ,\"requestItemsTable-1-inner\")])[1]"}
COMMAND: POST /session/cc787b9332752cdee0bcd1748733cdef/element/f.40E06083F0E682023BA0E7AA24D478F4.d.025CF5F01DB39DA9B90F455FE673569B.e.5688/clear - {}
RESULT: {}
RESULT: {}
COMMAND: POST /session/cc787b9332752cdee0bcd1748733cdef/element/f.40E06083F0E682023BA0E7AA24D478F4.d.025CF5F01DB39DA9B90F455FE673569B.e.5688/value - {"text":"catalogItem6xxzz"}
COMMAND: GET /session/cc787b9332752cdee0bcd1748733cdef/screenshot - {}
RESULT: {"text":"catalogItem6xxzz"}
COMMAND: GET /session/cc787b9332752cdee0bcd1748733cdef/screenshot - {}
RESULT: {}
RESULT: {}
COMMAND: POST /session/cc787b9332752cdee0bcd1748733cdef/actions - {"actions":[{"id":"action26","type":"key","parameters":{},"actions":[{"type":"keyDown","value":""},{"type":"pause","duration":10},{"type":"keyUp","value":""}]}]}
RESULT: {"actions":[{"id":"action26","type":"key","parameters":{},"actions":[{"type":"keyDown","value":""},{"type":"pause","duration":10},{"type":"keyUp","value":""}]}]}
COMMAND: GET /session/cc787b9332752cdee0bcd1748733cdef/screenshot - {}
RESULT: {}
COMMAND: POST /session/cc787b9332752cdee0bcd1748733cdef/execute/async - {"script":"<script> [1562 bytes]","args":[{"selector":{"controlType":"sap.ui.core.Icon","viewName":"etm.portal.ui.managerequests.view.NewRequest","properties":{"src":{"regex":{"source":"slim\\-arrow\\-down"}}},"ancestor":{"controlType":"sap.m.Button","viewName":"etm.portal.ui.managerequests.view.NewRequest","properties":{"icon":"sap-icon://slim-arrow-down"}}},"wdio_ui5_key":"etmportal.ui.managerequests.view.NewRequestsap.ui.core.Icon{\"src\":{\"regex\":{\"source\":\"slim\\\\-arrow\\\\-down\"}}}{\"controlType\":\"sap.m.Button\",\"viewName\":\"etm.portal.ui.managerequests.view.NewRequest\",\"properties\":{\"icon\":\"sap-icon://slim-arrow-down\"}}"}]}
RESULT: {"script":"<script> [1562 bytes]","args":[{"selector":{"controlType":"sap.ui.core.Icon","viewName":"etm.portal.ui.managerequests.view.NewRequest","properties":{"src":{"regex":{"source":"slim\\-arrow\\-down"}}},"ancestor":{"controlType":"sap.m.Button","viewName":"etm.portal.ui.managerequests.view.NewRequest","properties":{"icon":"sap-icon://slim-arrow-down"}}},"wdio_ui5_key":"etmportal.ui.managerequests.view.NewRequestsap.ui.core.Icon{\"src\":{\"regex\":{\"source\":\"slim\\\\-arrow\\\\-down\"}}}{\"controlType\":\"sap.m.Button\",\"viewName\":\"etm.portal.ui.managerequests.view.NewRequest\",\"properties\":{\"icon\":\"sap-icon://slim-arrow-down\"}}"}]}
RESULT: undefined
COMMAND: POST /session/cc787b9332752cdee0bcd1748733cdef/element - {"using":"xpath","value":"//*[@id=\"__title47-expandBtn-img\"]"}
RESULT: {"using":"xpath","value":"//*[@id=\"__title47-expandBtn-img\"]"}
COMMAND: POST /session/cc787b9332752cdee0bcd1748733cdef/element/f.40E06083F0E682023BA0E7AA24D478F4.d.025CF5F01DB39DA9B90F455FE673569B.e.5708/click - {}
RESULT: {}
COMMAND: POST /session/cc787b9332752cdee0bcd1748733cdef/element - {"using":"xpath","value":"//div[contains(@data-kt ,\"splitAllocationObjectStatus\")]"}
COMMAND: GET /session/cc787b9332752cdee0bcd1748733cdef/screenshot - {}
RESULT: {"using":"xpath","value":"//div[contains(@data-kt ,\"splitAllocationObjectStatus\")]"}
COMMAND: POST /session/cc787b9332752cdee0bcd1748733cdef/elements - {"using":"xpath","value":"//div[contains(@data-kt ,\"splitAllocationObjectStatus\")]"}
RESULT: {}
RESULT: {"using":"xpath","value":"//div[contains(@data-kt ,\"splitAllocationObjectStatus\")]"}
COMMAND: POST /session/cc787b9332752cdee0bcd1748733cdef/execute/async - {"script":"<script> [1562 bytes]","args":[{"selector":{"controlType":"sap.ui.core.Icon","viewName":"etm.portal.ui.managerequests.view.NewRequest","properties":{"src":{"regex":{"source":"message\\-error"}}},"ancestor":{"controlType":"sap.m.ColumnListItem","viewName":"etm.portal.ui.managerequests.view.NewRequest","bindingPath":{"modelName":"newRequestItems","path":"/RequestItems/0"},"ancestor":{"id":"requestItemsTable","viewName":"etm.portal.ui.managerequests.view.NewRequest"}}},"wdio_ui5_key":"etmportal.ui.managerequests.view.NewRequestsap.ui.core.Icon{\"src\":{\"regex\":{\"source\":\"message\\\\-error\"}}}{\"controlType\":\"sap.m.ColumnListItem\",\"viewName\":\"etm.portal.ui.managerequests.view.NewRequest\",\"bindingPath\":{\"modelName\":\"newRequestItems\",\"path\":\"/RequestItems/0\"},\"ancestor\":{\"id\":\"requestItemsTable\",\"viewName\":\"etm.portal.ui.managerequests.view.NewRequest\"}}"}]}
RESULT: {"script":"<script> [1562 bytes]","args":[{"selector":{"controlType":"sap.ui.core.Icon","viewName":"etm.portal.ui.managerequests.view.NewRequest","properties":{"src":{"regex":{"source":"message\\-error"}}},"ancestor":{"controlType":"sap.m.ColumnListItem","viewName":"etm.portal.ui.managerequests.view.NewRequest","bindingPath":{"modelName":"newRequestItems","path":"/RequestItems/0"},"ancestor":{"id":"requestItemsTable","viewName":"etm.portal.ui.managerequests.view.NewRequest"}}},"wdio_ui5_key":"etmportal.ui.managerequests.view.NewRequestsap.ui.core.Icon{\"src\":{\"regex\":{\"source\":\"message\\\\-error\"}}}{\"controlType\":\"sap.m.ColumnListItem\",\"viewName\":\"etm.portal.ui.managerequests.view.NewRequest\",\"bindingPath\":{\"modelName\":\"newRequestItems\",\"path\":\"/RequestItems/0\"},\"ancestor\":{\"id\":\"requestItemsTable\",\"viewName\":\"etm.portal.ui.managerequests.view.NewRequest\"}}"}]}
RESULT: undefined
COMMAND: POST /session/cc787b9332752cdee0bcd1748733cdef/element - {"using":"xpath","value":"//*[@id=\"__status15-__xmlview62--requestItemsTable-0-icon\"]"}
RESULT: {"using":"xpath","value":"//*[@id=\"__status15-__xmlview62--requestItemsTable-0-icon\"]"}
COMMAND: POST /session/cc787b9332752cdee0bcd1748733cdef/element/f.40E06083F0E682023BA0E7AA24D478F4.d.025CF5F01DB39DA9B90F455FE673569B.e.5715/click - {}
RESULT: {}
COMMAND: GET /session/cc787b9332752cdee0bcd1748733cdef/screenshot - {}
RESULT: {}
COMMAND: POST /session/cc787b9332752cdee0bcd1748733cdef/execute/async - {"script":"<script> [1562 bytes]","args":[{"selector":{"id":"costObjectAdminTypeComboBox","viewName":"etm.portal.ui.managerequests.view.NewRequest","searchOpenDialogs":true,"interaction":{"idSuffix":"inner"}},"wdio_ui5_key":"costObjectAdminTypeComboBoxetmportal.ui.managerequests.view.NewRequest"}]}
RESULT: {"script":"<script> [1562 bytes]","args":[{"selector":{"id":"costObjectAdminTypeComboBox","viewName":"etm.portal.ui.managerequests.view.NewRequest","searchOpenDialogs":true,"interaction":{"idSuffix":"inner"}},"wdio_ui5_key":"costObjectAdminTypeComboBoxetmportal.ui.managerequests.view.NewRequest"}]}
RESULT: undefined
COMMAND: POST /session/cc787b9332752cdee0bcd1748733cdef/execute/async - {"script":"<script> [776 bytes]","args":[{"enterText":"Cost Center","selector":{"id":"costObjectAdminTypeComboBox","viewName":"etm.portal.ui.managerequests.view.NewRequest","searchOpenDialogs":true,"interaction":{"idSuffix":"inner"}},"clearTextFirst":true,"interactionType":"ENTER_TEXT"}]}
RESULT: {"script":"<script> [776 bytes]","args":[{"enterText":"Cost Center","selector":{"id":"costObjectAdminTypeComboBox","viewName":"etm.portal.ui.managerequests.view.NewRequest","searchOpenDialogs":true,"interaction":{"idSuffix":"inner"}},"clearTextFirst":true,"interactionType":"ENTER_TEXT"}]}
COMMAND: POST /session/cc787b9332752cdee0bcd1748733cdef/actions - {"actions":[{"id":"action27","type":"key","parameters":{},"actions":[{"type":"keyDown","value":""},{"type":"pause","duration":10},{"type":"keyUp","value":""}]}]}
RESULT: {"actions":[{"id":"action27","type":"key","parameters":{},"actions":[{"type":"keyDown","value":""},{"type":"pause","duration":10},{"type":"keyUp","value":""}]}]}
COMMAND: GET /session/cc787b9332752cdee0bcd1748733cdef/screenshot - {}
RESULT: {}
COMMAND: POST /session/cc787b9332752cdee0bcd1748733cdef/execute/async - {"script":"<script> [1562 bytes]","args":[{"selector":{"controlType":"sap.ui.core.Icon","viewName":"etm.portal.ui.managerequests.view.NewRequest","properties":{"src":{"regex":{"source":"value\\-help"}}},"searchOpenDialogs":true},"wdio_ui5_key":"etmportal.ui.managerequests.view.NewRequestsap.ui.core.Icon{\"src\":{\"regex\":{\"source\":\"value\\\\-help\"}}}"}]}
RESULT: {"script":"<script> [1562 bytes]","args":[{"selector":{"controlType":"sap.ui.core.Icon","viewName":"etm.portal.ui.managerequests.view.NewRequest","properties":{"src":{"regex":{"source":"value\\-help"}}},"searchOpenDialogs":true},"wdio_ui5_key":"etmportal.ui.managerequests.view.NewRequestsap.ui.core.Icon{\"src\":{\"regex\":{\"source\":\"value\\\\-help\"}}}"}]}
RESULT: undefined
COMMAND: POST /session/cc787b9332752cdee0bcd1748733cdef/element - {"using":"xpath","value":"//*[@id=\"__xmlview62--costObjectIdComboBox-vhi\"]"}
RESULT: {"using":"xpath","value":"//*[@id=\"__xmlview62--costObjectIdComboBox-vhi\"]"}
COMMAND: POST /session/cc787b9332752cdee0bcd1748733cdef/element/f.40E06083F0E682023BA0E7AA24D478F4.d.025CF5F01DB39DA9B90F455FE673569B.e.5727/click - {}
RESULT: {}
COMMAND: POST /session/cc787b9332752cdee0bcd1748733cdef/execute/async - {"script":"<script> [1562 bytes]","args":[{"selector":{"controlType":"sap.m.SearchField","properties":{"placeholder":"Search"},"searchOpenDialogs":true,"interaction":{"idSuffix":"I"}},"wdio_ui5_key":"sapm.SearchField{\"placeholder\":\"Search\"}"}]}
COMMAND: GET /session/cc787b9332752cdee0bcd1748733cdef/screenshot - {}
RESULT: {"script":"<script> [1562 bytes]","args":[{"selector":{"controlType":"sap.m.SearchField","properties":{"placeholder":"Search"},"searchOpenDialogs":true,"interaction":{"idSuffix":"I"}},"wdio_ui5_key":"sapm.SearchField{\"placeholder\":\"Search\"}"}]}
RESULT: undefined
COMMAND: POST /session/cc787b9332752cdee0bcd1748733cdef/execute/async - {"script":"<script> [776 bytes]","args":[{"enterText":"10001013","selector":{"controlType":"sap.m.SearchField","properties":{"placeholder":"Search"},"searchOpenDialogs":true,"interaction":{"idSuffix":"I"}},"clearTextFirst":true,"interactionType":"ENTER_TEXT"}]}
RESULT: {}
RESULT: {"script":"<script> [776 bytes]","args":[{"enterText":"10001013","selector":{"controlType":"sap.m.SearchField","properties":{"placeholder":"Search"},"searchOpenDialogs":true,"interaction":{"idSuffix":"I"}},"clearTextFirst":true,"interactionType":"ENTER_TEXT"}]}
COMMAND: POST /session/cc787b9332752cdee0bcd1748733cdef/actions - {"actions":[{"id":"action28","type":"key","parameters":{},"actions":[{"type":"keyDown","value":""},{"type":"pause","duration":10},{"type":"keyUp","value":""}]}]}
RESULT: {"actions":[{"id":"action28","type":"key","parameters":{},"actions":[{"type":"keyDown","value":""},{"type":"pause","duration":10},{"type":"keyUp","value":""}]}]}
COMMAND: GET /session/cc787b9332752cdee0bcd1748733cdef/screenshot - {}
RESULT: {}
COMMAND: POST /session/cc787b9332752cdee0bcd1748733cdef/element - {"using":"xpath","value":"//span[contains(text(), \"General Management\")]"}
RESULT: {"using":"xpath","value":"//span[contains(text(), \"General Management\")]"}
COMMAND: POST /session/cc787b9332752cdee0bcd1748733cdef/element/f.40E06083F0E682023BA0E7AA24D478F4.d.025CF5F01DB39DA9B90F455FE673569B.e.5767/click - {}
RESULT: {}
COMMAND: GET /session/cc787b9332752cdee0bcd1748733cdef/screenshot - {}
RESULT: {}
COMMAND: POST /session/cc787b9332752cdee0bcd1748733cdef/element - {"using":"xpath","value":"//bdi[contains(text(), \"OK\")]"}
RESULT: {"using":"xpath","value":"//bdi[contains(text(), \"OK\")]"}
COMMAND: POST /session/cc787b9332752cdee0bcd1748733cdef/element/f.40E06083F0E682023BA0E7AA24D478F4.d.025CF5F01DB39DA9B90F455FE673569B.e.5768/click - {}
RESULT: {}
COMMAND: GET /session/cc787b9332752cdee0bcd1748733cdef/screenshot - {}
RESULT: {}
COMMAND: POST /session/cc787b9332752cdee0bcd1748733cdef/element - {"using":"xpath","value":"(//bdi[contains(@id ,\"BDI-content\")][contains(text(), \"Save\")])[1]"}
RESULT: {"using":"xpath","value":"(//bdi[contains(@id ,\"BDI-content\")][contains(text(), \"Save\")])[1]"}
COMMAND: POST /session/cc787b9332752cdee0bcd1748733cdef/element/f.40E06083F0E682023BA0E7AA24D478F4.d.025CF5F01DB39DA9B90F455FE673569B.e.5772/click - {}
RESULT: {}
COMMAND: GET /session/cc787b9332752cdee0bcd1748733cdef/screenshot - {}
RESULT: {}
COMMAND: POST /session/cc787b9332752cdee0bcd1748733cdef/execute/async - {"script":"<script> [1562 bytes]","args":[{"selector":{"controlType":"sap.ui.core.Icon","viewName":"etm.portal.ui.managerequests.view.NewRequest","properties":{"src":{"regex":{"source":"message\\-error"}}},"ancestor":{"controlType":"sap.m.ColumnListItem","viewName":"etm.portal.ui.managerequests.view.NewRequest","bindingPath":{"modelName":"newRequestItems","path":"/RequestItems/1"},"ancestor":{"id":"requestItemsTable","viewName":"etm.portal.ui.managerequests.view.NewRequest"}}},"wdio_ui5_key":"etmportal.ui.managerequests.view.NewRequestsap.ui.core.Icon{\"src\":{\"regex\":{\"source\":\"message\\\\-error\"}}}{\"controlType\":\"sap.m.ColumnListItem\",\"viewName\":\"etm.portal.ui.managerequests.view.NewRequest\",\"bindingPath\":{\"modelName\":\"newRequestItems\",\"path\":\"/RequestItems/1\"},\"ancestor\":{\"id\":\"requestItemsTable\",\"viewName\":\"etm.portal.ui.managerequests.view.NewRequest\"}}"}]}
RESULT: {"script":"<script> [1562 bytes]","args":[{"selector":{"controlType":"sap.ui.core.Icon","viewName":"etm.portal.ui.managerequests.view.NewRequest","properties":{"src":{"regex":{"source":"message\\-error"}}},"ancestor":{"controlType":"sap.m.ColumnListItem","viewName":"etm.portal.ui.managerequests.view.NewRequest","bindingPath":{"modelName":"newRequestItems","path":"/RequestItems/1"},"ancestor":{"id":"requestItemsTable","viewName":"etm.portal.ui.managerequests.view.NewRequest"}}},"wdio_ui5_key":"etmportal.ui.managerequests.view.NewRequestsap.ui.core.Icon{\"src\":{\"regex\":{\"source\":\"message\\\\-error\"}}}{\"controlType\":\"sap.m.ColumnListItem\",\"viewName\":\"etm.portal.ui.managerequests.view.NewRequest\",\"bindingPath\":{\"modelName\":\"newRequestItems\",\"path\":\"/RequestItems/1\"},\"ancestor\":{\"id\":\"requestItemsTable\",\"viewName\":\"etm.portal.ui.managerequests.view.NewRequest\"}}"}]}
RESULT: undefined
COMMAND: POST /session/cc787b9332752cdee0bcd1748733cdef/element - {"using":"xpath","value":"//*[@id=\"__status15-__xmlview62--requestItemsTable-1-icon\"]"}
RESULT: {"using":"xpath","value":"//*[@id=\"__status15-__xmlview62--requestItemsTable-1-icon\"]"}
COMMAND: POST /session/cc787b9332752cdee0bcd1748733cdef/element/f.40E06083F0E682023BA0E7AA24D478F4.d.025CF5F01DB39DA9B90F455FE673569B.e.5775/click - {}
RESULT: {}
COMMAND: GET /session/cc787b9332752cdee0bcd1748733cdef/screenshot - {}
RESULT: {}
RESULT: undefined
COMMAND: POST /session/cc787b9332752cdee0bcd1748733cdef/execute/async - {"script":"<script> [776 bytes]","args":[{"enterText":"Cost Center","selector":{"id":"costObjectAdminTypeComboBox","viewName":"etm.portal.ui.managerequests.view.NewRequest","searchOpenDialogs":true,"interaction":{"idSuffix":"inner"}},"clearTextFirst":true,"interactionType":"ENTER_TEXT"}]}
RESULT: {"script":"<script> [776 bytes]","args":[{"enterText":"Cost Center","selector":{"id":"costObjectAdminTypeComboBox","viewName":"etm.portal.ui.managerequests.view.NewRequest","searchOpenDialogs":true,"interaction":{"idSuffix":"inner"}},"clearTextFirst":true,"interactionType":"ENTER_TEXT"}]}
COMMAND: POST /session/cc787b9332752cdee0bcd1748733cdef/actions - {"actions":[{"id":"action29","type":"key","parameters":{},"actions":[{"type":"keyDown","value":""},{"type":"pause","duration":10},{"type":"keyUp","value":""}]}]}
RESULT: {"actions":[{"id":"action29","type":"key","parameters":{},"actions":[{"type":"keyDown","value":""},{"type":"pause","duration":10},{"type":"keyUp","value":""}]}]}
COMMAND: GET /session/cc787b9332752cdee0bcd1748733cdef/screenshot - {}
RESULT: {}
RESULT: undefined
COMMAND: POST /session/cc787b9332752cdee0bcd1748733cdef/element - {"using":"xpath","value":"//*[@id=\"__xmlview62--costObjectIdComboBox-vhi\"]"}
RESULT: {"using":"xpath","value":"//*[@id=\"__xmlview62--costObjectIdComboBox-vhi\"]"}
COMMAND: POST /session/cc787b9332752cdee0bcd1748733cdef/element/f.40E06083F0E682023BA0E7AA24D478F4.d.025CF5F01DB39DA9B90F455FE673569B.e.5785/click - {}
RESULT: {}
RESULT: undefined
COMMAND: POST /session/cc787b9332752cdee0bcd1748733cdef/execute/async - {"script":"<script> [776 bytes]","args":[{"enterText":"10001013","selector":{"controlType":"sap.m.SearchField","properties":{"placeholder":"Search"},"searchOpenDialogs":true,"interaction":{"idSuffix":"I"}},"clearTextFirst":true,"interactionType":"ENTER_TEXT"}]}
COMMAND: GET /session/cc787b9332752cdee0bcd1748733cdef/screenshot - {}
RESULT: {"script":"<script> [776 bytes]","args":[{"enterText":"10001013","selector":{"controlType":"sap.m.SearchField","properties":{"placeholder":"Search"},"searchOpenDialogs":true,"interaction":{"idSuffix":"I"}},"clearTextFirst":true,"interactionType":"ENTER_TEXT"}]}
COMMAND: POST /session/cc787b9332752cdee0bcd1748733cdef/actions - {"actions":[{"id":"action30","type":"key","parameters":{},"actions":[{"type":"keyDown","value":""},{"type":"pause","duration":10},{"type":"keyUp","value":""}]}]}
RESULT: {}
RESULT: {"actions":[{"id":"action30","type":"key","parameters":{},"actions":[{"type":"keyDown","value":""},{"type":"pause","duration":10},{"type":"keyUp","value":""}]}]}
COMMAND: GET /session/cc787b9332752cdee0bcd1748733cdef/screenshot - {}
RESULT: {}
COMMAND: POST /session/cc787b9332752cdee0bcd1748733cdef/element - {"using":"xpath","value":"//span[contains(text(), \"General Management\")]"}
RESULT: {"using":"xpath","value":"//span[contains(text(), \"General Management\")]"}
COMMAND: POST /session/cc787b9332752cdee0bcd1748733cdef/element/f.40E06083F0E682023BA0E7AA24D478F4.d.025CF5F01DB39DA9B90F455FE673569B.e.5823/click - {}
RESULT: {}
COMMAND: GET /session/cc787b9332752cdee0bcd1748733cdef/screenshot - {}
RESULT: {}
COMMAND: POST /session/cc787b9332752cdee0bcd1748733cdef/element - {"using":"xpath","value":"//bdi[contains(text(), \"OK\")]"}
RESULT: {"using":"xpath","value":"//bdi[contains(text(), \"OK\")]"}
COMMAND: POST /session/cc787b9332752cdee0bcd1748733cdef/element/f.40E06083F0E682023BA0E7AA24D478F4.d.025CF5F01DB39DA9B90F455FE673569B.e.5824/click - {}
RESULT: {}
COMMAND: GET /session/cc787b9332752cdee0bcd1748733cdef/screenshot - {}
RESULT: {}
COMMAND: POST /session/cc787b9332752cdee0bcd1748733cdef/element - {"using":"xpath","value":"(//bdi[contains(@id ,\"BDI-content\")][contains(text(), \"Save\")])[1]"}
RESULT: {"using":"xpath","value":"(//bdi[contains(@id ,\"BDI-content\")][contains(text(), \"Save\")])[1]"}
COMMAND: POST /session/cc787b9332752cdee0bcd1748733cdef/element/f.40E06083F0E682023BA0E7AA24D478F4.d.025CF5F01DB39DA9B90F455FE673569B.e.5828/click - {}
RESULT: {}
COMMAND: GET /session/cc787b9332752cdee0bcd1748733cdef/screenshot - {}
RESULT: {}
COMMAND: POST /session/cc787b9332752cdee0bcd1748733cdef/execute/async - {"script":"<script> [1562 bytes]","args":[{"selector":{"controlType":"sap.m.Button","viewName":"etm.portal.ui.managerequests.view.NewRequest","i18NText":{"propertyName":"tooltip","key":"save"},"interaction":{"idSuffix":"content"}},"wdio_ui5_key":"etmportal.ui.managerequests.view.NewRequestsap.m.Button{\"propertyName\":\"tooltip\",\"key\":\"save\"}"}]}
RESULT: {"script":"<script> [1562 bytes]","args":[{"selector":{"controlType":"sap.m.Button","viewName":"etm.portal.ui.managerequests.view.NewRequest","i18NText":{"propertyName":"tooltip","key":"save"},"interaction":{"idSuffix":"content"}},"wdio_ui5_key":"etmportal.ui.managerequests.view.NewRequestsap.m.Button{\"propertyName\":\"tooltip\",\"key\":\"save\"}"}]}
RESULT: undefined
COMMAND: POST /session/cc787b9332752cdee0bcd1748733cdef/element - {"using":"xpath","value":"//*[@id=\"__button107\"]"}
RESULT: {"using":"xpath","value":"//*[@id=\"__button107\"]"}
COMMAND: POST /session/cc787b9332752cdee0bcd1748733cdef/element/f.40E06083F0E682023BA0E7AA24D478F4.d.025CF5F01DB39DA9B90F455FE673569B.e.5647/click - {}
RESULT: {}
COMMAND: GET /session/cc787b9332752cdee0bcd1748733cdef/screenshot - {}
RESULT: {}
COMMAND: POST /session/cc787b9332752cdee0bcd1748733cdef/execute/async - {"script":"<script> [1562 bytes]","args":[{"selector":{"controlType":"sap.m.Title","properties":{"text":"Success"},"searchOpenDialogs":true},"wdio_ui5_key":"sapm.Title{\"text\":\"Success\"}"}]}
RESULT: {"script":"<script> [1562 bytes]","args":[{"selector":{"controlType":"sap.m.Title","properties":{"text":"Success"},"searchOpenDialogs":true},"wdio_ui5_key":"sapm.Title{\"text\":\"Success\"}"}]}
RESULT: undefined
COMMAND: POST /session/cc787b9332752cdee0bcd1748733cdef/execute/async - {"script":"<script> [6424 bytes]","args":[{"element-6066-11e4-a52e-4f735466cecf":"f.40E06083F0E682023BA0E7AA24D478F4.d.025CF5F01DB39DA9B90F455FE673569B.e.5834"},"getText",[]]}
RESULT: {"script":"<script> [6424 bytes]","args":[{"element-6066-11e4-a52e-4f735466cecf":"f.40E06083F0E682023BA0E7AA24D478F4.d.025CF5F01DB39DA9B90F455FE673569B.e.5834"},"getText",[]]}
COMMAND: POST /session/cc787b9332752cdee0bcd1748733cdef/execute/async - {"script":"<script> [1562 bytes]","args":[{"selector":{"controlType":"sap.m.Button","properties":{"text":"Close"},"searchOpenDialogs":true,"interaction":{"idSuffix":"BDI-content"}},"wdio_ui5_key":"sapm.Button{\"text\":\"Close\"}"}]}
RESULT: {"script":"<script> [1562 bytes]","args":[{"selector":{"controlType":"sap.m.Button","properties":{"text":"Close"},"searchOpenDialogs":true,"interaction":{"idSuffix":"BDI-content"}},"wdio_ui5_key":"sapm.Button{\"text\":\"Close\"}"}]}
RESULT: undefined
COMMAND: POST /session/cc787b9332752cdee0bcd1748733cdef/element - {"using":"xpath","value":"//*[@id=\"__mbox-btn-4\"]"}
RESULT: {"using":"xpath","value":"//*[@id=\"__mbox-btn-4\"]"}
COMMAND: POST /session/cc787b9332752cdee0bcd1748733cdef/element/f.40E06083F0E682023BA0E7AA24D478F4.d.025CF5F01DB39DA9B90F455FE673569B.e.5833/click - {}
RESULT: {}
COMMAND: GET /session/cc787b9332752cdee0bcd1748733cdef/screenshot - {}
RESULT: {}
COMMAND: POST /session/cc787b9332752cdee0bcd1748733cdef/execute/async - {"script":"<script> [1562 bytes]","args":[{"selector":{"controlType":"sap.m.Text","viewName":"etm.portal.ui.managerequests.view.Detail","bindingPath":{"propertyPath":"NO","modelName":"catalogModel"}},"wdio_ui5_key":"etmportal.ui.managerequests.view.Detailsap.m.Text{\"propertyPath\":\"NO\",\"modelName\":\"catalogModel\"}"}]}
RESULT: {"script":"<script> [1562 bytes]","args":[{"selector":{"controlType":"sap.m.Text","viewName":"etm.portal.ui.managerequests.view.Detail","bindingPath":{"propertyPath":"NO","modelName":"catalogModel"}},"wdio_ui5_key":"etmportal.ui.managerequests.view.Detailsap.m.Text{\"propertyPath\":\"NO\",\"modelName\":\"catalogModel\"}"}]}
RESULT: undefined
COMMAND: POST /session/cc787b9332752cdee0bcd1748733cdef/execute/async - {"script":"<script> [6424 bytes]","args":[{"element-6066-11e4-a52e-4f735466cecf":"f.40E06083F0E682023BA0E7AA24D478F4.d.025CF5F01DB39DA9B90F455FE673569B.e.5959"},"getText",[]]}
RESULT: {"script":"<script> [6424 bytes]","args":[{"element-6066-11e4-a52e-4f735466cecf":"f.40E06083F0E682023BA0E7AA24D478F4.d.025CF5F01DB39DA9B90F455FE673569B.e.5959"},"getText",[]]}
COMMAND: POST /session/cc787b9332752cdee0bcd1748733cdef/execute/async - {"script":"<script> [1562 bytes]","args":[{"selector":{"controlType":"sap.ui.core.Icon","viewName":"etm.portal.ui.managerequests.view.Detail","properties":{"src":{"regex":{"source":"date\\-time"}}},"ancestor":{"controlType":"sap.m.ColumnListItem","viewName":"etm.portal.ui.managerequests.view.Detail","bindingPath":{"path":"/SmartRequestItemsPlanningBoard(ITEM=10m,REQUEST='20096')"},"ancestor":{"id":"requestItemsTable","viewName":"etm.portal.ui.managerequests.view.Detail"}}},"wdio_ui5_key":"etmportal.ui.managerequests.view.Detailsap.ui.core.Icon{\"src\":{\"regex\":{\"source\":\"date\\\\-time\"}}}{\"controlType\":\"sap.m.ColumnListItem\",\"viewName\":\"etm.portal.ui.managerequests.view.Detail\",\"bindingPath\":{\"path\":\"/SmartRequestItemsPlanningBoard(ITEM=10m,REQUEST='20096')\"},\"ancestor\":{\"id\":\"requestItemsTable\",\"viewName\":\"etm.portal.ui.managerequests.view.Detail\"}}"}]}
RESULT: {"script":"<script> [1562 bytes]","args":[{"selector":{"controlType":"sap.ui.core.Icon","viewName":"etm.portal.ui.managerequests.view.Detail","properties":{"src":{"regex":{"source":"date\\-time"}}},"ancestor":{"controlType":"sap.m.ColumnListItem","viewName":"etm.portal.ui.managerequests.view.Detail","bindingPath":{"path":"/SmartRequestItemsPlanningBoard(ITEM=10m,REQUEST='20096')"},"ancestor":{"id":"requestItemsTable","viewName":"etm.portal.ui.managerequests.view.Detail"}}},"wdio_ui5_key":"etmportal.ui.managerequests.view.Detailsap.ui.core.Icon{\"src\":{\"regex\":{\"source\":\"date\\\\-time\"}}}{\"controlType\":\"sap.m.ColumnListItem\",\"viewName\":\"etm.portal.ui.managerequests.view.Detail\",\"bindingPath\":{\"path\":\"/SmartRequestItemsPlanningBoard(ITEM=10m,REQUEST='20096')\"},\"ancestor\":{\"id\":\"requestItemsTable\",\"viewName\":\"etm.portal.ui.managerequests.view.Detail\"}}"}]}
RESULT: undefined
COMMAND: POST /session/cc787b9332752cdee0bcd1748733cdef/element - {"using":"xpath","value":"//*[@id=\"__button135-__clone4854-img\"]"}
RESULT: {"using":"xpath","value":"//*[@id=\"__button135-__clone4854-img\"]"}
COMMAND: POST /session/cc787b9332752cdee0bcd1748733cdef/element/f.40E06083F0E682023BA0E7AA24D478F4.d.025CF5F01DB39DA9B90F455FE673569B.e.5960/click - {}
RESULT: {}
COMMAND: POST /session/cc787b9332752cdee0bcd1748733cdef/execute/async - {"script":"<script> [1562 bytes]","args":[{"selector":{"controlType":"sap.m.Button","viewName":"etm.portal.ui.managerequests.view.Detail","properties":{"text":"Close"},"searchOpenDialogs":true,"interaction":{"idSuffix":"BDI-content"}},"wdio_ui5_key":"etmportal.ui.managerequests.view.Detailsap.m.Button{\"text\":\"Close\"}"}]}
COMMAND: GET /session/cc787b9332752cdee0bcd1748733cdef/screenshot - {}
RESULT: {"script":"<script> [1562 bytes]","args":[{"selector":{"controlType":"sap.m.Button","viewName":"etm.portal.ui.managerequests.view.Detail","properties":{"text":"Close"},"searchOpenDialogs":true,"interaction":{"idSuffix":"BDI-content"}},"wdio_ui5_key":"etmportal.ui.managerequests.view.Detailsap.m.Button{\"text\":\"Close\"}"}]}
RESULT: undefined
COMMAND: POST /session/cc787b9332752cdee0bcd1748733cdef/element - {"using":"xpath","value":"//*[@id=\"__button145\"]"}
RESULT: {}
RESULT: {"using":"xpath","value":"//*[@id=\"__button145\"]"}
COMMAND: POST /session/cc787b9332752cdee0bcd1748733cdef/element/f.40E06083F0E682023BA0E7AA24D478F4.d.025CF5F01DB39DA9B90F455FE673569B.e.5963/click - {}
RESULT: {}
COMMAND: POST /session/cc787b9332752cdee0bcd1748733cdef/execute/async - {"script":"<script> [1562 bytes]","args":[{"selector":{"controlType":"sap.ui.core.Icon","viewName":"etm.portal.ui.managerequests.view.Detail","properties":{"src":{"regex":{"source":"date\\-time"}}},"ancestor":{"controlType":"sap.m.ColumnListItem","viewName":"etm.portal.ui.managerequests.view.Detail","bindingPath":{"path":"/SmartRequestItemsPlanningBoard(ITEM=20m,REQUEST='20096')"},"ancestor":{"id":"requestItemsTable","viewName":"etm.portal.ui.managerequests.view.Detail"}}},"wdio_ui5_key":"etmportal.ui.managerequests.view.Detailsap.ui.core.Icon{\"src\":{\"regex\":{\"source\":\"date\\\\-time\"}}}{\"controlType\":\"sap.m.ColumnListItem\",\"viewName\":\"etm.portal.ui.managerequests.view.Detail\",\"bindingPath\":{\"path\":\"/SmartRequestItemsPlanningBoard(ITEM=20m,REQUEST='20096')\"},\"ancestor\":{\"id\":\"requestItemsTable\",\"viewName\":\"etm.portal.ui.managerequests.view.Detail\"}}"}]}
COMMAND: GET /session/cc787b9332752cdee0bcd1748733cdef/screenshot - {}
RESULT: {"script":"<script> [1562 bytes]","args":[{"selector":{"controlType":"sap.ui.core.Icon","viewName":"etm.portal.ui.managerequests.view.Detail","properties":{"src":{"regex":{"source":"date\\-time"}}},"ancestor":{"controlType":"sap.m.ColumnListItem","viewName":"etm.portal.ui.managerequests.view.Detail","bindingPath":{"path":"/SmartRequestItemsPlanningBoard(ITEM=20m,REQUEST='20096')"},"ancestor":{"id":"requestItemsTable","viewName":"etm.portal.ui.managerequests.view.Detail"}}},"wdio_ui5_key":"etmportal.ui.managerequests.view.Detailsap.ui.core.Icon{\"src\":{\"regex\":{\"source\":\"date\\\\-time\"}}}{\"controlType\":\"sap.m.ColumnListItem\",\"viewName\":\"etm.portal.ui.managerequests.view.Detail\",\"bindingPath\":{\"path\":\"/SmartRequestItemsPlanningBoard(ITEM=20m,REQUEST='20096')\"},\"ancestor\":{\"id\":\"requestItemsTable\",\"viewName\":\"etm.portal.ui.managerequests.view.Detail\"}}"}]}
RESULT: undefined
COMMAND: POST /session/cc787b9332752cdee0bcd1748733cdef/element - {"using":"xpath","value":"//*[@id=\"__button135-__clone4855-img\"]"}
RESULT: {}
RESULT: {"using":"xpath","value":"//*[@id=\"__button135-__clone4855-img\"]"}
COMMAND: POST /session/cc787b9332752cdee0bcd1748733cdef/element/f.40E06083F0E682023BA0E7AA24D478F4.d.025CF5F01DB39DA9B90F455FE673569B.e.5974/click - {}
RESULT: {}
RESULT: undefined
COMMAND: POST /session/cc787b9332752cdee0bcd1748733cdef/element - {"using":"xpath","value":"//*[@id=\"__button145\"]"}
COMMAND: GET /session/cc787b9332752cdee0bcd1748733cdef/screenshot - {}
RESULT: {"using":"xpath","value":"//*[@id=\"__button145\"]"}
COMMAND: POST /session/cc787b9332752cdee0bcd1748733cdef/elements - {"using":"xpath","value":"//*[@id=\"__button145\"]"}
RESULT: {}
RESULT: {"using":"xpath","value":"//*[@id=\"__button145\"]"}
COMMAND: POST /session/cc787b9332752cdee0bcd1748733cdef/element - {"using":"xpath","value":"//*[@id=\"__button145\"]"}
RESULT: {"using":"xpath","value":"//*[@id=\"__button145\"]"}
COMMAND: POST /session/cc787b9332752cdee0bcd1748733cdef/element/f.40E06083F0E682023BA0E7AA24D478F4.d.025CF5F01DB39DA9B90F455FE673569B.e.5980/click - {}
RESULT: {}
COMMAND: POST /session/cc787b9332752cdee0bcd1748733cdef/element - {"using":"css selector","value":"#shell-header-logo"}
COMMAND: GET /session/cc787b9332752cdee0bcd1748733cdef/screenshot - {}
RESULT: {"using":"css selector","value":"#shell-header-logo"}
COMMAND: POST /session/cc787b9332752cdee0bcd1748733cdef/element/f.40E06083F0E682023BA0E7AA24D478F4.d.025CF5F01DB39DA9B90F455FE673569B.e.5322/click - {}
RESULT: {}
RESULT: {}
COMMAND: GET /session/cc787b9332752cdee0bcd1748733cdef/screenshot - {}
RESULT: {}
]]></system-out>
    </testcase>
    <testcase classname="chrome.137_0_7151_69.windows.Standard_contract_-_add_contract_items_by_Insert_Request_US118222" name="Should insert the request into the contract" time="66.34">
      <system-out><![CDATA[
RESULT: undefined
COMMAND: POST /session/cc787b9332752cdee0bcd1748733cdef/element - {"using":"xpath","value":"//*[@id=\"__tile132\"]"}
RESULT: {"using":"xpath","value":"//*[@id=\"__tile132\"]"}
COMMAND: POST /session/cc787b9332752cdee0bcd1748733cdef/element/f.40E06083F0E682023BA0E7AA24D478F4.d.025CF5F01DB39DA9B90F455FE673569B.e.4847/click - {}
RESULT: {}
COMMAND: GET /session/cc787b9332752cdee0bcd1748733cdef/screenshot - {}
RESULT: {}
COMMAND: POST /session/cc787b9332752cdee0bcd1748733cdef/elements - {"using":"xpath","value":"//span[text()='Error']"}
RESULT: {"using":"xpath","value":"//span[text()='Error']"}
COMMAND: POST /session/cc787b9332752cdee0bcd1748733cdef/execute/async - {"script":"<script> [1562 bytes]","args":[{"selector":{"controlType":"sap.m.SearchField","viewName":"etm.portal.ui.managecontracts.view.Master","bindingPath":{"path":"","propertyPath":"/_BASIC_SEARCH_FIELD","modelName":"fi1t3rM0d31"},"interaction":{"idSuffix":"I"}},"wdio_ui5_key":"etmportal.ui.managecontracts.view.Mastersap.m.SearchField{\"path\":\"\",\"propertyPath\":\"/_BASIC_SEARCH_FIELD\",\"modelName\":\"fi1t3rM0d31\"}"}]}
RESULT: {"script":"<script> [1562 bytes]","args":[{"selector":{"controlType":"sap.m.SearchField","viewName":"etm.portal.ui.managecontracts.view.Master","bindingPath":{"path":"","propertyPath":"/_BASIC_SEARCH_FIELD","modelName":"fi1t3rM0d31"},"interaction":{"idSuffix":"I"}},"wdio_ui5_key":"etmportal.ui.managecontracts.view.Mastersap.m.SearchField{\"path\":\"\",\"propertyPath\":\"/_BASIC_SEARCH_FIELD\",\"modelName\":\"fi1t3rM0d31\"}"}]}
RESULT: undefined
COMMAND: POST /session/cc787b9332752cdee0bcd1748733cdef/execute/async - {"script":"<script> [776 bytes]","args":[{"enterText":"10203","selector":{"controlType":"sap.m.SearchField","viewName":"etm.portal.ui.managecontracts.view.Master","bindingPath":{"path":"","propertyPath":"/_BASIC_SEARCH_FIELD","modelName":"fi1t3rM0d31"},"interaction":{"idSuffix":"I"}},"clearTextFirst":true,"interactionType":"ENTER_TEXT"}]}
RESULT: {"script":"<script> [776 bytes]","args":[{"enterText":"10203","selector":{"controlType":"sap.m.SearchField","viewName":"etm.portal.ui.managecontracts.view.Master","bindingPath":{"path":"","propertyPath":"/_BASIC_SEARCH_FIELD","modelName":"fi1t3rM0d31"},"interaction":{"idSuffix":"I"}},"clearTextFirst":true,"interactionType":"ENTER_TEXT"}]}
COMMAND: POST /session/cc787b9332752cdee0bcd1748733cdef/actions - {"actions":[{"id":"action31","type":"key","parameters":{},"actions":[{"type":"keyDown","value":""},{"type":"pause","duration":10},{"type":"keyUp","value":""}]}]}
RESULT: {"actions":[{"id":"action31","type":"key","parameters":{},"actions":[{"type":"keyDown","value":""},{"type":"pause","duration":10},{"type":"keyUp","value":""}]}]}
COMMAND: GET /session/cc787b9332752cdee0bcd1748733cdef/screenshot - {}
RESULT: {}
COMMAND: POST /session/cc787b9332752cdee0bcd1748733cdef/execute/async - {"script":"<script> [1562 bytes]","args":[{"selector":{"controlType":"sap.ui.core.Icon","viewName":"etm.portal.ui.managecontracts.view.Master","properties":{"src":{"regex":{"source":"slim\\-arrow\\-right"}}}},"wdio_ui5_key":"etmportal.ui.managecontracts.view.Mastersap.ui.core.Icon{\"src\":{\"regex\":{\"source\":\"slim\\\\-arrow\\\\-right\"}}}"}]}
RESULT: {"script":"<script> [1562 bytes]","args":[{"selector":{"controlType":"sap.ui.core.Icon","viewName":"etm.portal.ui.managecontracts.view.Master","properties":{"src":{"regex":{"source":"slim\\-arrow\\-right"}}}},"wdio_ui5_key":"etmportal.ui.managecontracts.view.Mastersap.ui.core.Icon{\"src\":{\"regex\":{\"source\":\"slim\\\\-arrow\\\\-right\"}}}"}]}
RESULT: undefined
COMMAND: POST /session/cc787b9332752cdee0bcd1748733cdef/element - {"using":"xpath","value":"//*[@id=\"__item1429-__clone4967-imgNav\"]"}
RESULT: {"using":"xpath","value":"//*[@id=\"__item1429-__clone4967-imgNav\"]"}
COMMAND: POST /session/cc787b9332752cdee0bcd1748733cdef/element/f.40E06083F0E682023BA0E7AA24D478F4.d.025CF5F01DB39DA9B90F455FE673569B.e.6101/click - {}
RESULT: {}
COMMAND: POST /session/cc787b9332752cdee0bcd1748733cdef/execute/async - {"script":"<script> [1562 bytes]","args":[{"selector":{"id":"addRequestItemBtn","viewName":"etm.portal.ui.managecontracts.view.Detail","interaction":{"idSuffix":"BDI-content"}},"wdio_ui5_key":"addRequestItemBtnetmportal.ui.managecontracts.view.Detail"}]}
COMMAND: GET /session/cc787b9332752cdee0bcd1748733cdef/screenshot - {}
RESULT: {"script":"<script> [1562 bytes]","args":[{"selector":{"id":"addRequestItemBtn","viewName":"etm.portal.ui.managecontracts.view.Detail","interaction":{"idSuffix":"BDI-content"}},"wdio_ui5_key":"addRequestItemBtnetmportal.ui.managecontracts.view.Detail"}]}
RESULT: undefined
COMMAND: POST /session/cc787b9332752cdee0bcd1748733cdef/element - {"using":"xpath","value":"//*[@id=\"__xmlview65--addRequestItemBtn\"]"}
RESULT: {}
RESULT: {"using":"xpath","value":"//*[@id=\"__xmlview65--addRequestItemBtn\"]"}
COMMAND: POST /session/cc787b9332752cdee0bcd1748733cdef/element/f.40E06083F0E682023BA0E7AA24D478F4.d.025CF5F01DB39DA9B90F455FE673569B.e.6172/click - {}
RESULT: {}
COMMAND: GET /session/cc787b9332752cdee0bcd1748733cdef/screenshot - {}
RESULT: {}
COMMAND: POST /session/cc787b9332752cdee0bcd1748733cdef/element - {"using":"xpath","value":"//div[contains(@id ,\"popupRequestTable-sa-CbBg\")]"}
RESULT: {"using":"xpath","value":"//div[contains(@id ,\"popupRequestTable-sa-CbBg\")]"}
COMMAND: POST /session/cc787b9332752cdee0bcd1748733cdef/element/f.40E06083F0E682023BA0E7AA24D478F4.d.025CF5F01DB39DA9B90F455FE673569B.e.6287/click - {}
RESULT: {}
COMMAND: GET /session/cc787b9332752cdee0bcd1748733cdef/screenshot - {}
RESULT: {}
COMMAND: POST /session/cc787b9332752cdee0bcd1748733cdef/execute/async - {"script":"<script> [1562 bytes]","args":[{"selector":{"controlType":"sap.m.Button","viewName":"etm.portal.ui.managecontracts.view.Detail","i18NText":{"propertyName":"text","key":"selectionDone"},"searchOpenDialogs":true,"interaction":{"idSuffix":"BDI-content"}},"wdio_ui5_key":"etmportal.ui.managecontracts.view.Detailsap.m.Button{\"propertyName\":\"text\",\"key\":\"selectionDone\"}"}]}
RESULT: {"script":"<script> [1562 bytes]","args":[{"selector":{"controlType":"sap.m.Button","viewName":"etm.portal.ui.managecontracts.view.Detail","i18NText":{"propertyName":"text","key":"selectionDone"},"searchOpenDialogs":true,"interaction":{"idSuffix":"BDI-content"}},"wdio_ui5_key":"etmportal.ui.managecontracts.view.Detailsap.m.Button{\"propertyName\":\"text\",\"key\":\"selectionDone\"}"}]}
RESULT: undefined
COMMAND: POST /session/cc787b9332752cdee0bcd1748733cdef/element - {"using":"xpath","value":"//*[@id=\"__button156\"]"}
RESULT: {"using":"xpath","value":"//*[@id=\"__button156\"]"}
COMMAND: POST /session/cc787b9332752cdee0bcd1748733cdef/element/f.40E06083F0E682023BA0E7AA24D478F4.d.025CF5F01DB39DA9B90F455FE673569B.e.6290/click - {}
RESULT: {}
COMMAND: POST /session/cc787b9332752cdee0bcd1748733cdef/execute/async - {"script":"<script> [1562 bytes]","args":[{"selector":{"controlType":"sap.m.Text","properties":{"text":"Started processing request items into the contract."},"searchOpenDialogs":true},"wdio_ui5_key":"sapm.Text{\"text\":\"Started processing request items into the contract.\"}"}]}
COMMAND: GET /session/cc787b9332752cdee0bcd1748733cdef/screenshot - {}
RESULT: {"script":"<script> [1562 bytes]","args":[{"selector":{"controlType":"sap.m.Text","properties":{"text":"Started processing request items into the contract."},"searchOpenDialogs":true},"wdio_ui5_key":"sapm.Text{\"text\":\"Started processing request items into the contract.\"}"}]}
RESULT: undefined
COMMAND: POST /session/cc787b9332752cdee0bcd1748733cdef/execute/async - {"script":"<script> [6424 bytes]","args":[{"element-6066-11e4-a52e-4f735466cecf":"f.40E06083F0E682023BA0E7AA24D478F4.d.025CF5F01DB39DA9B90F455FE673569B.e.6292"},"getText",[]]}
RESULT: {}
RESULT: {"script":"<script> [6424 bytes]","args":[{"element-6066-11e4-a52e-4f735466cecf":"f.40E06083F0E682023BA0E7AA24D478F4.d.025CF5F01DB39DA9B90F455FE673569B.e.6292"},"getText",[]]}
COMMAND: POST /session/cc787b9332752cdee0bcd1748733cdef/execute/async - {"script":"<script> [1562 bytes]","args":[{"selector":{"controlType":"sap.m.Button","properties":{"text":"OK"},"searchOpenDialogs":true,"interaction":{"idSuffix":"inner"}},"wdio_ui5_key":"sapm.Button{\"text\":\"OK\"}"}]}
RESULT: {"script":"<script> [1562 bytes]","args":[{"selector":{"controlType":"sap.m.Button","properties":{"text":"OK"},"searchOpenDialogs":true,"interaction":{"idSuffix":"inner"}},"wdio_ui5_key":"sapm.Button{\"text\":\"OK\"}"}]}
RESULT: undefined
COMMAND: POST /session/cc787b9332752cdee0bcd1748733cdef/element - {"using":"xpath","value":"//*[@id=\"__mbox-btn-5\"]"}
RESULT: {"using":"xpath","value":"//*[@id=\"__mbox-btn-5\"]"}
COMMAND: POST /session/cc787b9332752cdee0bcd1748733cdef/element/f.40E06083F0E682023BA0E7AA24D478F4.d.025CF5F01DB39DA9B90F455FE673569B.e.6291/click - {}
RESULT: {}
COMMAND: POST /session/cc787b9332752cdee0bcd1748733cdef/execute/async - {"script":"<script> [1562 bytes]","args":[{"selector":{"id":"headerBillingItemsTabFilter","viewName":"etm.portal.ui.managecontracts.view.Detail","interaction":{"idSuffix":"text"}},"wdio_ui5_key":"headerBillingItemsTabFilteretmportal.ui.managecontracts.view.Detail"}]}
COMMAND: GET /session/cc787b9332752cdee0bcd1748733cdef/screenshot - {}
RESULT: {"script":"<script> [1562 bytes]","args":[{"selector":{"id":"headerBillingItemsTabFilter","viewName":"etm.portal.ui.managecontracts.view.Detail","interaction":{"idSuffix":"text"}},"wdio_ui5_key":"headerBillingItemsTabFilteretmportal.ui.managecontracts.view.Detail"}]}
RESULT: undefined
COMMAND: POST /session/cc787b9332752cdee0bcd1748733cdef/element - {"using":"xpath","value":"//*[@id=\"__xmlview65--headerBillingItemsTabFilter\"]"}
RESULT: {}
RESULT: {"using":"xpath","value":"//*[@id=\"__xmlview65--headerBillingItemsTabFilter\"]"}
COMMAND: POST /session/cc787b9332752cdee0bcd1748733cdef/element/f.40E06083F0E682023BA0E7AA24D478F4.d.025CF5F01DB39DA9B90F455FE673569B.e.6302/click - {}
RESULT: {}
COMMAND: GET /session/cc787b9332752cdee0bcd1748733cdef/screenshot - {}
RESULT: {}
COMMAND: POST /session/cc787b9332752cdee0bcd1748733cdef/execute/async - {"script":"<script> [1562 bytes]","args":[{"selector":{"controlType":"sap.ui.core.Icon","viewName":"etm.portal.ui.managecontracts.view.Detail","properties":{"src":{"regex":{"source":"synchronize"}}}},"wdio_ui5_key":"etmportal.ui.managecontracts.view.Detailsap.ui.core.Icon{\"src\":{\"regex\":{\"source\":\"synchronize\"}}}"}]}
RESULT: {"script":"<script> [1562 bytes]","args":[{"selector":{"controlType":"sap.ui.core.Icon","viewName":"etm.portal.ui.managecontracts.view.Detail","properties":{"src":{"regex":{"source":"synchronize"}}}},"wdio_ui5_key":"etmportal.ui.managecontracts.view.Detailsap.ui.core.Icon{\"src\":{\"regex\":{\"source\":\"synchronize\"}}}"}]}
RESULT: undefined
COMMAND: POST /session/cc787b9332752cdee0bcd1748733cdef/element - {"using":"xpath","value":"//*[@id=\"__xmlview65--btnToggleUpdate-img\"]"}
RESULT: {"using":"xpath","value":"//*[@id=\"__xmlview65--btnToggleUpdate-img\"]"}
COMMAND: POST /session/cc787b9332752cdee0bcd1748733cdef/element/f.40E06083F0E682023BA0E7AA24D478F4.d.025CF5F01DB39DA9B90F455FE673569B.e.6171/click - {}
RESULT: {}
COMMAND: GET /session/cc787b9332752cdee0bcd1748733cdef/screenshot - {}
RESULT: {}
RESULT: undefined
COMMAND: POST /session/cc787b9332752cdee0bcd1748733cdef/element - {"using":"xpath","value":"//*[@id=\"__xmlview65--headerBillingItemsTabFilter\"]"}
RESULT: {"using":"xpath","value":"//*[@id=\"__xmlview65--headerBillingItemsTabFilter\"]"}
COMMAND: POST /session/cc787b9332752cdee0bcd1748733cdef/element/f.40E06083F0E682023BA0E7AA24D478F4.d.025CF5F01DB39DA9B90F455FE673569B.e.6302/click - {}
RESULT: {}
COMMAND: POST /session/cc787b9332752cdee0bcd1748733cdef/execute/async - {"script":"<script> [1562 bytes]","args":[{"selector":{"controlType":"sap.m.Title","viewName":"etm.portal.ui.managecontracts.view.Detail","properties":{"text":"Contract Items (2)"}},"wdio_ui5_key":"etmportal.ui.managecontracts.view.Detailsap.m.Title{\"text\":\"Contract Items (2)\"}"}]}
COMMAND: GET /session/cc787b9332752cdee0bcd1748733cdef/screenshot - {}
RESULT: {"script":"<script> [1562 bytes]","args":[{"selector":{"controlType":"sap.m.Title","viewName":"etm.portal.ui.managecontracts.view.Detail","properties":{"text":"Contract Items (2)"}},"wdio_ui5_key":"etmportal.ui.managecontracts.view.Detailsap.m.Title{\"text\":\"Contract Items (2)\"}"}]}
RESULT: undefined
COMMAND: POST /session/cc787b9332752cdee0bcd1748733cdef/execute/async - {"script":"<script> [6424 bytes]","args":[{"element-6066-11e4-a52e-4f735466cecf":"f.40E06083F0E682023BA0E7AA24D478F4.d.025CF5F01DB39DA9B90F455FE673569B.e.6310"},"getText",[]]}
RESULT: {}
RESULT: {"script":"<script> [6424 bytes]","args":[{"element-6066-11e4-a52e-4f735466cecf":"f.40E06083F0E682023BA0E7AA24D478F4.d.025CF5F01DB39DA9B90F455FE673569B.e.6310"},"getText",[]]}
COMMAND: POST /session/cc787b9332752cdee0bcd1748733cdef/execute/async - {"script":"<script> [1562 bytes]","args":[{"selector":{"controlType":"sap.m.ObjectStatus","viewName":"etm.portal.ui.managecontracts.view.Detail","bindingPath":{"path":"/SmartContractItems(CONTRACT='10203',ITEM=10m,SUB_ITEM=0m)","propertyPath":"STATUS"}},"wdio_ui5_key":"etmportal.ui.managecontracts.view.Detailsap.m.ObjectStatus{\"path\":\"/SmartContractItems(CONTRACT='10203',ITEM=10m,SUB_ITEM=0m)\",\"propertyPath\":\"STATUS\"}"}]}
RESULT: {"script":"<script> [1562 bytes]","args":[{"selector":{"controlType":"sap.m.ObjectStatus","viewName":"etm.portal.ui.managecontracts.view.Detail","bindingPath":{"path":"/SmartContractItems(CONTRACT='10203',ITEM=10m,SUB_ITEM=0m)","propertyPath":"STATUS"}},"wdio_ui5_key":"etmportal.ui.managecontracts.view.Detailsap.m.ObjectStatus{\"path\":\"/SmartContractItems(CONTRACT='10203',ITEM=10m,SUB_ITEM=0m)\",\"propertyPath\":\"STATUS\"}"}]}
RESULT: undefined
COMMAND: POST /session/cc787b9332752cdee0bcd1748733cdef/execute/async - {"script":"<script> [6424 bytes]","args":[{"element-6066-11e4-a52e-4f735466cecf":"f.40E06083F0E682023BA0E7AA24D478F4.d.025CF5F01DB39DA9B90F455FE673569B.e.6312"},"getText",[]]}
RESULT: {"script":"<script> [6424 bytes]","args":[{"element-6066-11e4-a52e-4f735466cecf":"f.40E06083F0E682023BA0E7AA24D478F4.d.025CF5F01DB39DA9B90F455FE673569B.e.6312"},"getText",[]]}
COMMAND: POST /session/cc787b9332752cdee0bcd1748733cdef/execute/async - {"script":"<script> [1562 bytes]","args":[{"selector":{"controlType":"sap.m.ObjectStatus","viewName":"etm.portal.ui.managecontracts.view.Detail","bindingPath":{"path":"/SmartContractItems(CONTRACT='10203',ITEM=20m,SUB_ITEM=0m)","propertyPath":"STATUS"}},"wdio_ui5_key":"etmportal.ui.managecontracts.view.Detailsap.m.ObjectStatus{\"path\":\"/SmartContractItems(CONTRACT='10203',ITEM=20m,SUB_ITEM=0m)\",\"propertyPath\":\"STATUS\"}"}]}
RESULT: {"script":"<script> [1562 bytes]","args":[{"selector":{"controlType":"sap.m.ObjectStatus","viewName":"etm.portal.ui.managecontracts.view.Detail","bindingPath":{"path":"/SmartContractItems(CONTRACT='10203',ITEM=20m,SUB_ITEM=0m)","propertyPath":"STATUS"}},"wdio_ui5_key":"etmportal.ui.managecontracts.view.Detailsap.m.ObjectStatus{\"path\":\"/SmartContractItems(CONTRACT='10203',ITEM=20m,SUB_ITEM=0m)\",\"propertyPath\":\"STATUS\"}"}]}
RESULT: undefined
COMMAND: POST /session/cc787b9332752cdee0bcd1748733cdef/execute/async - {"script":"<script> [6424 bytes]","args":[{"element-6066-11e4-a52e-4f735466cecf":"f.40E06083F0E682023BA0E7AA24D478F4.d.025CF5F01DB39DA9B90F455FE673569B.e.6313"},"getText",[]]}
RESULT: {"script":"<script> [6424 bytes]","args":[{"element-6066-11e4-a52e-4f735466cecf":"f.40E06083F0E682023BA0E7AA24D478F4.d.025CF5F01DB39DA9B90F455FE673569B.e.6313"},"getText",[]]}
]]></system-out>
    </testcase>
  </testsuite>
  <testsuite timestamp="2025-06-14T18:05:59" time="101.793" tests="1" failures="0" errors="0" skipped="0">
    <properties>
      <property name="specId" value="0"/>
      <property name="suiteName" value="Manage contracts - revert request US152962"/>
      <property name="capabilities" value="chrome.137_0_7151_69.windows"/>
      <property name="file" value="file:///D:/a/1/s/test/specs/R2C/manage-contracts-revert-request.spec.js"/>
    </properties>
    <testcase classname="chrome.137_0_7151_69.windows.Manage_contracts_-_revert_request_US152962" name="Should revert the request" time="101.791">
      <system-out><![CDATA[
COMMAND: POST /session/cc787b9332752cdee0bcd1748733cdef/execute/async - {"script":"<script> [1562 bytes]","args":[{"selector":{"id":"revertPlanningBtn","viewName":"etm.portal.ui.managecontracts.view.Detail","interaction":{"idSuffix":"BDI-content"}},"wdio_ui5_key":"revertPlanningBtnetmportal.ui.managecontracts.view.Detail"}]}
RESULT: {"script":"<script> [1562 bytes]","args":[{"selector":{"id":"revertPlanningBtn","viewName":"etm.portal.ui.managecontracts.view.Detail","interaction":{"idSuffix":"BDI-content"}},"wdio_ui5_key":"revertPlanningBtnetmportal.ui.managecontracts.view.Detail"}]}
RESULT: undefined
COMMAND: POST /session/cc787b9332752cdee0bcd1748733cdef/element - {"using":"xpath","value":"//*[@id=\"__xmlview65--revertPlanningBtn\"]"}
RESULT: {"using":"xpath","value":"//*[@id=\"__xmlview65--revertPlanningBtn\"]"}
COMMAND: POST /session/cc787b9332752cdee0bcd1748733cdef/element/f.40E06083F0E682023BA0E7AA24D478F4.d.025CF5F01DB39DA9B90F455FE673569B.e.6175/click - {}
RESULT: {}
COMMAND: POST /session/cc787b9332752cdee0bcd1748733cdef/element - {"using":"xpath","value":"(//div[contains(@id ,\"selectMulti-CbBg\")])[2]"}
COMMAND: GET /session/cc787b9332752cdee0bcd1748733cdef/screenshot - {}
RESULT: {"using":"xpath","value":"(//div[contains(@id ,\"selectMulti-CbBg\")])[2]"}
COMMAND: POST /session/cc787b9332752cdee0bcd1748733cdef/element/f.40E06083F0E682023BA0E7AA24D478F4.d.025CF5F01DB39DA9B90F455FE673569B.e.6359/click - {}
RESULT: {}
RESULT: {}
COMMAND: GET /session/cc787b9332752cdee0bcd1748733cdef/screenshot - {}
RESULT: {}
COMMAND: POST /session/cc787b9332752cdee0bcd1748733cdef/element - {"using":"xpath","value":"//span[contains(@id ,\"executeRevertPlanningBtn-content\")]"}
RESULT: {"using":"xpath","value":"//span[contains(@id ,\"executeRevertPlanningBtn-content\")]"}
COMMAND: POST /session/cc787b9332752cdee0bcd1748733cdef/element/f.40E06083F0E682023BA0E7AA24D478F4.d.025CF5F01DB39DA9B90F455FE673569B.e.6361/click - {}
RESULT: {}
COMMAND: GET /session/cc787b9332752cdee0bcd1748733cdef/screenshot - {}
RESULT: {}
COMMAND: POST /session/cc787b9332752cdee0bcd1748733cdef/actions - {"actions":[{"id":"action32","type":"key","parameters":{},"actions":[{"type":"keyDown","value":""},{"type":"pause","duration":10},{"type":"keyUp","value":""}]}]}
RESULT: {"actions":[{"id":"action32","type":"key","parameters":{},"actions":[{"type":"keyDown","value":""},{"type":"pause","duration":10},{"type":"keyUp","value":""}]}]}
COMMAND: GET /session/cc787b9332752cdee0bcd1748733cdef/screenshot - {}
RESULT: {}
COMMAND: POST /session/cc787b9332752cdee0bcd1748733cdef/refresh - {}
RESULT: {}
COMMAND: GET /session/cc787b9332752cdee0bcd1748733cdef/screenshot - {}
RESULT: {}
COMMAND: POST /session/cc787b9332752cdee0bcd1748733cdef/execute/async - {"script":"<script> [189 bytes]","args":[]}
RESULT: {"script":"<script> [189 bytes]","args":[]}
COMMAND: POST /session/cc787b9332752cdee0bcd1748733cdef/execute/async - {"script":"<script> [123 bytes]","args":[]}
RESULT: {"script":"<script> [123 bytes]","args":[]}
COMMAND: POST /session/cc787b9332752cdee0bcd1748733cdef/timeouts - {"script":"<number>"}
RESULT: {"script":"<number>"}
COMMAND: GET /session/cc787b9332752cdee0bcd1748733cdef/timeouts - {}
RESULT: {}
RESULT: undefined
COMMAND: POST /session/cc787b9332752cdee0bcd1748733cdef/execute/async - {"script":"<script> [2676 bytes]","args":[]}
RESULT: {"script":"<script> [2676 bytes]","args":[]}
COMMAND: POST /session/cc787b9332752cdee0bcd1748733cdef/execute/async - {"script":"<script> [2342 bytes]","args":[{"protocol":"http","hostname":"0.0.0.0","path":"/","capabilities":{"browserName":"chrome","goog:chromeOptions":{"binary":"C:\\Program Files\\Google\\Chrome\\Application\\chrome.exe","args":["--start-maximized"]}},"logLevel":"warn","connectionRetryTimeout":120000,"connectionRetryCount":3,"logLevels":{},"enableDirectConnect":true,"strictSSL":true,"_":"65 more keys: [\"cacheDir\",\"port\",\"requestedCapabilities\",\"automationProtocol\",\"baseUrl\",\"waitforInterval\",\"waitforTimeout\",\"onReload\",\"beforeCommand\",\"afterCommand\",\"rootDir\",\"specs\",\"suites\",\"exclude\",\"groupLogsByTestSpec\",\"excludeDriverLogs\",\"bail\",\"framework\",\"reporters\",\"services\",\"maxInstances\",\"maxInstancesPerCapability\",\"injectGlobals\",\"filesToWatch\",\"execArgv\",\"runnerEnv\",\"runner\",\"shard\",\"specFileRetries\",\"specFileRetriesDelay\",\"specFileRetriesDeferred\",\"reporterSyncInterval\",\"reporterSyncTimeout\",\"cucumberFeaturesWithLineNumbers\",\"autoCompileOpts\",\"mochaOpts\",\"jasmineOpts\",\"cucumberOpts\",\"onPrepare\",\"onWorkerStart\",\"onWorkerEnd\",\"before\",\"beforeSession\",\"beforeSuite\",\"beforeHook\",\"beforeTest\",\"afterTest\",\"afterHook\",\"afterSuite\",\"afterSession\",\"after\",\"onComplete\",\"beforeAssertion\",\"afterAssertion\",\"beforeFeature\",\"beforeScenario\",\"beforeStep\",\"afterStep\",\"afterScenario\",\"afterFeature\",\"_\",\"suite\",\"$0\",\"ignoredWorkerServices\",\"wdi5\"]"}]}
RESULT: {"script":"<script> [2342 bytes]","args":[{"protocol":"http","hostname":"0.0.0.0","path":"/","capabilities":{"browserName":"chrome","goog:chromeOptions":{"binary":"C:\\Program Files\\Google\\Chrome\\Application\\chrome.exe","args":["--start-maximized"]}},"logLevel":"warn","connectionRetryTimeout":120000,"connectionRetryCount":3,"logLevels":{},"enableDirectConnect":true,"strictSSL":true,"_":"65 more keys: [\"cacheDir\",\"port\",\"requestedCapabilities\",\"automationProtocol\",\"baseUrl\",\"waitforInterval\",\"waitforTimeout\",\"onReload\",\"beforeCommand\",\"afterCommand\",\"rootDir\",\"specs\",\"suites\",\"exclude\",\"groupLogsByTestSpec\",\"excludeDriverLogs\",\"bail\",\"framework\",\"reporters\",\"services\",\"maxInstances\",\"maxInstancesPerCapability\",\"injectGlobals\",\"filesToWatch\",\"execArgv\",\"runnerEnv\",\"runner\",\"shard\",\"specFileRetries\",\"specFileRetriesDelay\",\"specFileRetriesDeferred\",\"reporterSyncInterval\",\"reporterSyncTimeout\",\"cucumberFeaturesWithLineNumbers\",\"autoCompileOpts\",\"mochaOpts\",\"jasmineOpts\",\"cucumberOpts\",\"onPrepare\",\"onWorkerStart\",\"onWorkerEnd\",\"before\",\"beforeSession\",\"beforeSuite\",\"beforeHook\",\"beforeTest\",\"afterTest\",\"afterHook\",\"afterSuite\",\"afterSession\",\"after\",\"onComplete\",\"beforeAssertion\",\"afterAssertion\",\"beforeFeature\",\"beforeScenario\",\"beforeStep\",\"afterStep\",\"afterScenario\",\"afterFeature\",\"_\",\"suite\",\"$0\",\"ignoredWorkerServices\",\"wdi5\"]"}]}
COMMAND: POST /session/cc787b9332752cdee0bcd1748733cdef/execute/async - {"script":"<script> [21126 bytes]","args":[35000]}
RESULT: {"script":"<script> [21126 bytes]","args":[35000]}
COMMAND: POST /session/cc787b9332752cdee0bcd1748733cdef/execute/async - {"script":"<script> [1562 bytes]","args":[{"selector":{"controlType":"sap.m.Title","viewName":"etm.portal.ui.managecontracts.view.Detail","properties":{"text":"Contract Items (1)"}},"wdio_ui5_key":"etmportal.ui.managecontracts.view.Detailsap.m.Title{\"text\":\"Contract Items (1)\"}"}]}
RESULT: {"script":"<script> [1562 bytes]","args":[{"selector":{"controlType":"sap.m.Title","viewName":"etm.portal.ui.managecontracts.view.Detail","properties":{"text":"Contract Items (1)"}},"wdio_ui5_key":"etmportal.ui.managecontracts.view.Detailsap.m.Title{\"text\":\"Contract Items (1)\"}"}]}
RESULT: undefined
COMMAND: POST /session/cc787b9332752cdee0bcd1748733cdef/execute/async - {"script":"<script> [6424 bytes]","args":[{"element-6066-11e4-a52e-4f735466cecf":"f.40E06083F0E682023BA0E7AA24D478F4.d.8F1295105C442FA3BFA6C77C798C5F78.e.6614"},"getText",[]]}
RESULT: {"script":"<script> [6424 bytes]","args":[{"element-6066-11e4-a52e-4f735466cecf":"f.40E06083F0E682023BA0E7AA24D478F4.d.8F1295105C442FA3BFA6C77C798C5F78.e.6614"},"getText",[]]}
COMMAND: POST /session/cc787b9332752cdee0bcd1748733cdef/execute/async - {"script":"<script> [1562 bytes]","args":[{"selector":{"id":"contractDetailEditBtn","viewName":"etm.portal.ui.managecontracts.view.Detail","interaction":{"idSuffix":"inner"}},"wdio_ui5_key":"contractDetailEditBtnetmportal.ui.managecontracts.view.Detail"}]}
RESULT: {"script":"<script> [1562 bytes]","args":[{"selector":{"id":"contractDetailEditBtn","viewName":"etm.portal.ui.managecontracts.view.Detail","interaction":{"idSuffix":"inner"}},"wdio_ui5_key":"contractDetailEditBtnetmportal.ui.managecontracts.view.Detail"}]}
RESULT: undefined
COMMAND: POST /session/cc787b9332752cdee0bcd1748733cdef/element - {"using":"xpath","value":"//*[@id=\"__xmlview1--contractDetailEditBtn\"]"}
RESULT: {"using":"xpath","value":"//*[@id=\"__xmlview1--contractDetailEditBtn\"]"}
COMMAND: POST /session/cc787b9332752cdee0bcd1748733cdef/element/f.40E06083F0E682023BA0E7AA24D478F4.d.8F1295105C442FA3BFA6C77C798C5F78.e.6432/click - {}
RESULT: {}
COMMAND: GET /session/cc787b9332752cdee0bcd1748733cdef/screenshot - {}
RESULT: {}
COMMAND: POST /session/cc787b9332752cdee0bcd1748733cdef/element - {"using":"xpath","value":"(//span[contains(text(), \"Header Billing Items\")])[2]"}
RESULT: {"using":"xpath","value":"(//span[contains(text(), \"Header Billing Items\")])[2]"}
COMMAND: POST /session/cc787b9332752cdee0bcd1748733cdef/element/f.40E06083F0E682023BA0E7AA24D478F4.d.8F1295105C442FA3BFA6C77C798C5F78.e.6678/click - {}
RESULT: {}
COMMAND: GET /session/cc787b9332752cdee0bcd1748733cdef/screenshot - {}
RESULT: {}
COMMAND: POST /session/cc787b9332752cdee0bcd1748733cdef/element - {"using":"xpath","value":"//div[contains(@id ,\"ProductsTable-sa-CbBg\")]"}
RESULT: {"using":"xpath","value":"//div[contains(@id ,\"ProductsTable-sa-CbBg\")]"}
COMMAND: POST /session/cc787b9332752cdee0bcd1748733cdef/element/f.40E06083F0E682023BA0E7AA24D478F4.d.8F1295105C442FA3BFA6C77C798C5F78.e.6681/click - {}
RESULT: {}
COMMAND: GET /session/cc787b9332752cdee0bcd1748733cdef/screenshot - {}
RESULT: {}
COMMAND: POST /session/cc787b9332752cdee0bcd1748733cdef/execute/async - {"script":"<script> [1562 bytes]","args":[{"selector":{"id":"deleteBtn","viewName":"etm.portal.ui.managecontracts.view.EditContract","interaction":{"idSuffix":"BDI-content"}},"wdio_ui5_key":"deleteBtnetmportal.ui.managecontracts.view.EditContract"}]}
RESULT: {"script":"<script> [1562 bytes]","args":[{"selector":{"id":"deleteBtn","viewName":"etm.portal.ui.managecontracts.view.EditContract","interaction":{"idSuffix":"BDI-content"}},"wdio_ui5_key":"deleteBtnetmportal.ui.managecontracts.view.EditContract"}]}
RESULT: undefined
COMMAND: POST /session/cc787b9332752cdee0bcd1748733cdef/element - {"using":"xpath","value":"//*[@id=\"__xmlview2--deleteBtn\"]"}
RESULT: {"using":"xpath","value":"//*[@id=\"__xmlview2--deleteBtn\"]"}
COMMAND: POST /session/cc787b9332752cdee0bcd1748733cdef/element/f.40E06083F0E682023BA0E7AA24D478F4.d.8F1295105C442FA3BFA6C77C798C5F78.e.6684/click - {}
RESULT: {}
COMMAND: POST /session/cc787b9332752cdee0bcd1748733cdef/element - {"using":"xpath","value":"//bdi[contains(@id ,\"BDI-content\")][contains(text(), \"OK\")]"}
COMMAND: GET /session/cc787b9332752cdee0bcd1748733cdef/screenshot - {}
RESULT: {"using":"xpath","value":"//bdi[contains(@id ,\"BDI-content\")][contains(text(), \"OK\")]"}
COMMAND: POST /session/cc787b9332752cdee0bcd1748733cdef/element/f.40E06083F0E682023BA0E7AA24D478F4.d.8F1295105C442FA3BFA6C77C798C5F78.e.6686/click - {}
RESULT: {}
RESULT: {}
COMMAND: GET /session/cc787b9332752cdee0bcd1748733cdef/screenshot - {}
RESULT: {}
COMMAND: POST /session/cc787b9332752cdee0bcd1748733cdef/element - {"using":"xpath","value":"//bdi[contains(@id ,\"BDI-content\")][contains(text(), \"Save\")]"}
RESULT: {"using":"xpath","value":"//bdi[contains(@id ,\"BDI-content\")][contains(text(), \"Save\")]"}
COMMAND: POST /session/cc787b9332752cdee0bcd1748733cdef/element/f.40E06083F0E682023BA0E7AA24D478F4.d.8F1295105C442FA3BFA6C77C798C5F78.e.6687/click - {}
RESULT: {}
COMMAND: GET /session/cc787b9332752cdee0bcd1748733cdef/screenshot - {}
RESULT: {}
COMMAND: POST /session/cc787b9332752cdee0bcd1748733cdef/element - {"using":"xpath","value":"(//span[contains(text(), \"Header Billing Items\")])[1]"}
RESULT: {"using":"xpath","value":"(//span[contains(text(), \"Header Billing Items\")])[1]"}
COMMAND: POST /session/cc787b9332752cdee0bcd1748733cdef/element/f.40E06083F0E682023BA0E7AA24D478F4.d.8F1295105C442FA3BFA6C77C798C5F78.e.6690/click - {}
RESULT: {}
COMMAND: GET /session/cc787b9332752cdee0bcd1748733cdef/screenshot - {}
RESULT: {}
COMMAND: POST /session/cc787b9332752cdee0bcd1748733cdef/execute/async - {"script":"<script> [1562 bytes]","args":[{"selector":{"controlType":"sap.m.ObjectStatus","viewName":"etm.portal.ui.managecontracts.view.Detail","bindingPath":{"path":"/SmartContractItems(CONTRACT='10203',ITEM=10m,SUB_ITEM=0m)","propertyPath":"STATUS"}},"wdio_ui5_key":"etmportal.ui.managecontracts.view.Detailsap.m.ObjectStatus{\"path\":\"/SmartContractItems(CONTRACT='10203',ITEM=10m,SUB_ITEM=0m)\",\"propertyPath\":\"STATUS\"}"}]}
RESULT: {"script":"<script> [1562 bytes]","args":[{"selector":{"controlType":"sap.m.ObjectStatus","viewName":"etm.portal.ui.managecontracts.view.Detail","bindingPath":{"path":"/SmartContractItems(CONTRACT='10203',ITEM=10m,SUB_ITEM=0m)","propertyPath":"STATUS"}},"wdio_ui5_key":"etmportal.ui.managecontracts.view.Detailsap.m.ObjectStatus{\"path\":\"/SmartContractItems(CONTRACT='10203',ITEM=10m,SUB_ITEM=0m)\",\"propertyPath\":\"STATUS\"}"}]}
RESULT: undefined
COMMAND: POST /session/cc787b9332752cdee0bcd1748733cdef/execute/async - {"script":"<script> [6424 bytes]","args":[{"element-6066-11e4-a52e-4f735466cecf":"f.40E06083F0E682023BA0E7AA24D478F4.d.8F1295105C442FA3BFA6C77C798C5F78.e.6694"},"getText",[]]}
RESULT: {"script":"<script> [6424 bytes]","args":[{"element-6066-11e4-a52e-4f735466cecf":"f.40E06083F0E682023BA0E7AA24D478F4.d.8F1295105C442FA3BFA6C77C798C5F78.e.6694"},"getText",[]]}
COMMAND: POST /session/cc787b9332752cdee0bcd1748733cdef/element - {"using":"css selector","value":"#shell-header-logo"}
RESULT: {"using":"css selector","value":"#shell-header-logo"}
COMMAND: POST /session/cc787b9332752cdee0bcd1748733cdef/element/f.40E06083F0E682023BA0E7AA24D478F4.d.8F1295105C442FA3BFA6C77C798C5F78.e.6374/click - {}
RESULT: {}
COMMAND: GET /session/cc787b9332752cdee0bcd1748733cdef/screenshot - {}
RESULT: undefined
RESULT: {}
COMMAND: POST /session/cc787b9332752cdee0bcd1748733cdef/execute/async - {"script":"<script> [1562 bytes]","args":[{"selector":{"controlType":"sap.m.GenericTile","properties":{"header":"Manage Requests"}},"wdio_ui5_key":"sapm.GenericTile{\"header\":\"Manage Requests\"}"}]}
RESULT: {"script":"<script> [1562 bytes]","args":[{"selector":{"controlType":"sap.m.GenericTile","properties":{"header":"Manage Requests"}},"wdio_ui5_key":"sapm.GenericTile{\"header\":\"Manage Requests\"}"}]}
RESULT: undefined
COMMAND: POST /session/cc787b9332752cdee0bcd1748733cdef/element - {"using":"xpath","value":"//*[@id=\"__tile48\"]"}
RESULT: {"using":"xpath","value":"//*[@id=\"__tile48\"]"}
COMMAND: POST /session/cc787b9332752cdee0bcd1748733cdef/element/f.40E06083F0E682023BA0E7AA24D478F4.d.8F1295105C442FA3BFA6C77C798C5F78.e.6709/click - {}
RESULT: {}
COMMAND: GET /session/cc787b9332752cdee0bcd1748733cdef/screenshot - {}
RESULT: {}
COMMAND: POST /session/cc787b9332752cdee0bcd1748733cdef/execute/async - {"script":"<script> [1562 bytes]","args":[{"selector":{"controlType":"sap.m.SearchField","viewName":"etm.portal.ui.managerequests.view.Master","bindingPath":{"path":"","propertyPath":"/_BASIC_SEARCH_FIELD","modelName":"fi1t3rM0d31"},"interaction":{"idSuffix":"I"}},"wdio_ui5_key":"etmportal.ui.managerequests.view.Mastersap.m.SearchField{\"path\":\"\",\"propertyPath\":\"/_BASIC_SEARCH_FIELD\",\"modelName\":\"fi1t3rM0d31\"}"}]}
COMMAND: POST /session/cc787b9332752cdee0bcd1748733cdef/elements - {"using":"xpath","value":"//span[text()='Error']"}
RESULT: {"script":"<script> [1562 bytes]","args":[{"selector":{"controlType":"sap.m.SearchField","viewName":"etm.portal.ui.managerequests.view.Master","bindingPath":{"path":"","propertyPath":"/_BASIC_SEARCH_FIELD","modelName":"fi1t3rM0d31"},"interaction":{"idSuffix":"I"}},"wdio_ui5_key":"etmportal.ui.managerequests.view.Mastersap.m.SearchField{\"path\":\"\",\"propertyPath\":\"/_BASIC_SEARCH_FIELD\",\"modelName\":\"fi1t3rM0d31\"}"}]}
RESULT: undefined
COMMAND: POST /session/cc787b9332752cdee0bcd1748733cdef/execute/async - {"script":"<script> [776 bytes]","args":[{"enterText":"20096","selector":{"controlType":"sap.m.SearchField","viewName":"etm.portal.ui.managerequests.view.Master","bindingPath":{"path":"","propertyPath":"/_BASIC_SEARCH_FIELD","modelName":"fi1t3rM0d31"},"interaction":{"idSuffix":"I"}},"clearTextFirst":true,"interactionType":"ENTER_TEXT"}]}
RESULT: {"using":"xpath","value":"//span[text()='Error']"}
RESULT: {"script":"<script> [776 bytes]","args":[{"enterText":"20096","selector":{"controlType":"sap.m.SearchField","viewName":"etm.portal.ui.managerequests.view.Master","bindingPath":{"path":"","propertyPath":"/_BASIC_SEARCH_FIELD","modelName":"fi1t3rM0d31"},"interaction":{"idSuffix":"I"}},"clearTextFirst":true,"interactionType":"ENTER_TEXT"}]}
COMMAND: POST /session/cc787b9332752cdee0bcd1748733cdef/actions - {"actions":[{"id":"action33","type":"key","parameters":{},"actions":[{"type":"keyDown","value":""},{"type":"pause","duration":10},{"type":"keyUp","value":""}]}]}
RESULT: {"actions":[{"id":"action33","type":"key","parameters":{},"actions":[{"type":"keyDown","value":""},{"type":"pause","duration":10},{"type":"keyUp","value":""}]}]}
COMMAND: GET /session/cc787b9332752cdee0bcd1748733cdef/screenshot - {}
RESULT: {}
COMMAND: POST /session/cc787b9332752cdee0bcd1748733cdef/execute/async - {"script":"<script> [1562 bytes]","args":[{"selector":{"controlType":"sap.m.Text","viewName":"etm.portal.ui.managerequests.view.Master","bindingPath":{"path":"/SmartManageRequests('20096')","propertyPath":"NO"}},"wdio_ui5_key":"etmportal.ui.managerequests.view.Mastersap.m.Text{\"path\":\"/SmartManageRequests('20096')\",\"propertyPath\":\"NO\"}"}]}
RESULT: {"script":"<script> [1562 bytes]","args":[{"selector":{"controlType":"sap.m.Text","viewName":"etm.portal.ui.managerequests.view.Master","bindingPath":{"path":"/SmartManageRequests('20096')","propertyPath":"NO"}},"wdio_ui5_key":"etmportal.ui.managerequests.view.Mastersap.m.Text{\"path\":\"/SmartManageRequests('20096')\",\"propertyPath\":\"NO\"}"}]}
RESULT: undefined
COMMAND: POST /session/cc787b9332752cdee0bcd1748733cdef/element - {"using":"xpath","value":"//*[@id=\"__text463-__clone242\"]"}
RESULT: {"using":"xpath","value":"//*[@id=\"__text463-__clone242\"]"}
COMMAND: POST /session/cc787b9332752cdee0bcd1748733cdef/element/f.40E06083F0E682023BA0E7AA24D478F4.d.8F1295105C442FA3BFA6C77C798C5F78.e.7085/click - {}
RESULT: {}
COMMAND: GET /session/cc787b9332752cdee0bcd1748733cdef/screenshot - {}
RESULT: {}
COMMAND: POST /session/cc787b9332752cdee0bcd1748733cdef/execute/async - {"script":"<script> [1562 bytes]","args":[{"selector":{"controlType":"sap.ui.core.Icon","viewName":"etm.portal.ui.managerequests.view.Detail","properties":{"src":{"regex":{"source":"slim\\-arrow\\-up"}}}},"wdio_ui5_key":"etmportal.ui.managerequests.view.Detailsap.ui.core.Icon{\"src\":{\"regex\":{\"source\":\"slim\\\\-arrow\\\\-up\"}}}"}]}
RESULT: {"script":"<script> [1562 bytes]","args":[{"selector":{"controlType":"sap.ui.core.Icon","viewName":"etm.portal.ui.managerequests.view.Detail","properties":{"src":{"regex":{"source":"slim\\-arrow\\-up"}}}},"wdio_ui5_key":"etmportal.ui.managerequests.view.Detailsap.ui.core.Icon{\"src\":{\"regex\":{\"source\":\"slim\\\\-arrow\\\\-up\"}}}"}]}
RESULT: undefined
COMMAND: POST /session/cc787b9332752cdee0bcd1748733cdef/element - {"using":"xpath","value":"//*[@id=\"__xmlview63--detailRequestPage-OPHeaderContent-collapseBtn-img\"]"}
RESULT: {"using":"xpath","value":"//*[@id=\"__xmlview63--detailRequestPage-OPHeaderContent-collapseBtn-img\"]"}
COMMAND: POST /session/cc787b9332752cdee0bcd1748733cdef/element/f.40E06083F0E682023BA0E7AA24D478F4.d.8F1295105C442FA3BFA6C77C798C5F78.e.7228/click - {}
RESULT: {}
COMMAND: GET /session/cc787b9332752cdee0bcd1748733cdef/screenshot - {}
RESULT: {}
COMMAND: POST /session/cc787b9332752cdee0bcd1748733cdef/execute/async - {"script":"<script> [1562 bytes]","args":[{"selector":{"controlType":"sap.m.Text","viewName":"etm.portal.ui.managerequests.view.Detail","bindingPath":{"path":"/SmartRequestItemsPlanningBoard(ITEM=20m,REQUEST='20096')","propertyPath":"STATUS_DESC"}},"wdio_ui5_key":"etmportal.ui.managerequests.view.Detailsap.m.Text{\"path\":\"/SmartRequestItemsPlanningBoard(ITEM=20m,REQUEST='20096')\",\"propertyPath\":\"STATUS_DESC\"}"}]}
RESULT: {"script":"<script> [1562 bytes]","args":[{"selector":{"controlType":"sap.m.Text","viewName":"etm.portal.ui.managerequests.view.Detail","bindingPath":{"path":"/SmartRequestItemsPlanningBoard(ITEM=20m,REQUEST='20096')","propertyPath":"STATUS_DESC"}},"wdio_ui5_key":"etmportal.ui.managerequests.view.Detailsap.m.Text{\"path\":\"/SmartRequestItemsPlanningBoard(ITEM=20m,REQUEST='20096')\",\"propertyPath\":\"STATUS_DESC\"}"}]}
RESULT: undefined
COMMAND: POST /session/cc787b9332752cdee0bcd1748733cdef/execute/async - {"script":"<script> [6424 bytes]","args":[{"element-6066-11e4-a52e-4f735466cecf":"f.40E06083F0E682023BA0E7AA24D478F4.d.8F1295105C442FA3BFA6C77C798C5F78.e.7288"},"getText",[]]}
RESULT: {"script":"<script> [6424 bytes]","args":[{"element-6066-11e4-a52e-4f735466cecf":"f.40E06083F0E682023BA0E7AA24D478F4.d.8F1295105C442FA3BFA6C77C798C5F78.e.7288"},"getText",[]]}
COMMAND: POST /session/cc787b9332752cdee0bcd1748733cdef/element - {"using":"css selector","value":"#shell-header-logo"}
RESULT: {"using":"css selector","value":"#shell-header-logo"}
COMMAND: POST /session/cc787b9332752cdee0bcd1748733cdef/element/f.40E06083F0E682023BA0E7AA24D478F4.d.8F1295105C442FA3BFA6C77C798C5F78.e.6727/click - {}
RESULT: {}
COMMAND: GET /session/cc787b9332752cdee0bcd1748733cdef/screenshot - {}
RESULT: {}
]]></system-out>
    </testcase>
  </testsuite>
  <testsuite timestamp="2025-06-14T18:07:41" time="174.436" tests="4" failures="3" errors="3" skipped="0">
    <properties>
      <property name="specId" value="0"/>
      <property name="suiteName" value="Standard contract close-reopen US111278"/>
      <property name="capabilities" value="chrome.137_0_7151_69.windows"/>
      <property name="file" value="file:///D:/a/1/s/test/specs/R2C/standard-contract-close-reopen.spec.js"/>
    </properties>
    <testcase classname="chrome.137_0_7151_69.windows.Standard_contract_close-reopen_US111278" name="Should create a new contract and add an item" time="143.769">
      <system-out><![CDATA[
COMMAND: POST /session/cc787b9332752cdee0bcd1748733cdef/execute/async - {"script":"<script> [1562 bytes]","args":[{"selector":{"controlType":"sap.m.GenericTile","properties":{"header":"Manage Contracts"}},"wdio_ui5_key":"sapm.GenericTile{\"header\":\"Manage Contracts\"}"}]}
RESULT: {"script":"<script> [1562 bytes]","args":[{"selector":{"controlType":"sap.m.GenericTile","properties":{"header":"Manage Contracts"}},"wdio_ui5_key":"sapm.GenericTile{\"header\":\"Manage Contracts\"}"}]}
RESULT: undefined
COMMAND: POST /session/cc787b9332752cdee0bcd1748733cdef/element - {"using":"xpath","value":"//*[@id=\"__tile132\"]"}
RESULT: {"using":"xpath","value":"//*[@id=\"__tile132\"]"}
COMMAND: POST /session/cc787b9332752cdee0bcd1748733cdef/element/f.40E06083F0E682023BA0E7AA24D478F4.d.8F1295105C442FA3BFA6C77C798C5F78.e.7291/click - {}
RESULT: {}
COMMAND: GET /session/cc787b9332752cdee0bcd1748733cdef/screenshot - {}
RESULT: {}
COMMAND: POST /session/cc787b9332752cdee0bcd1748733cdef/elements - {"using":"xpath","value":"//span[text()='Error']"}
RESULT: {"using":"xpath","value":"//span[text()='Error']"}
COMMAND: POST /session/cc787b9332752cdee0bcd1748733cdef/element - {"using":"xpath","value":"//button[@data-kt=\"addButton\"]"}
RESULT: {"using":"xpath","value":"//button[@data-kt=\"addButton\"]"}
COMMAND: POST /session/cc787b9332752cdee0bcd1748733cdef/element/f.40E06083F0E682023BA0E7AA24D478F4.d.8F1295105C442FA3BFA6C77C798C5F78.e.7341/click - {}
RESULT: {}
COMMAND: GET /session/cc787b9332752cdee0bcd1748733cdef/screenshot - {}
RESULT: {}
COMMAND: POST /session/cc787b9332752cdee0bcd1748733cdef/execute/async - {"script":"<script> [1562 bytes]","args":[{"selector":{"id":"application-managecontracts-display-component---AddNewContract--projectDescription","interaction":{"idSuffix":"inner"}},"wdio_ui5_key":"applicationmanagecontracts-display-component---AddNewContract--projectDescription"}]}
RESULT: {"script":"<script> [1562 bytes]","args":[{"selector":{"id":"application-managecontracts-display-component---AddNewContract--projectDescription","interaction":{"idSuffix":"inner"}},"wdio_ui5_key":"applicationmanagecontracts-display-component---AddNewContract--projectDescription"}]}
RESULT: undefined
COMMAND: POST /session/cc787b9332752cdee0bcd1748733cdef/execute/async - {"script":"<script> [776 bytes]","args":[{"enterText":"WdIOTests4ijg","selector":{"id":"application-managecontracts-display-component---AddNewContract--projectDescription","interaction":{"idSuffix":"inner"}},"clearTextFirst":true,"interactionType":"ENTER_TEXT"}]}
RESULT: {"script":"<script> [776 bytes]","args":[{"enterText":"WdIOTests4ijg","selector":{"id":"application-managecontracts-display-component---AddNewContract--projectDescription","interaction":{"idSuffix":"inner"}},"clearTextFirst":true,"interactionType":"ENTER_TEXT"}]}
COMMAND: POST /session/cc787b9332752cdee0bcd1748733cdef/element - {"using":"xpath","value":"//input[@id=\"application-managecontracts-display-component---AddNewContract--yardId-inner\"]"}
RESULT: {"using":"xpath","value":"//input[@id=\"application-managecontracts-display-component---AddNewContract--yardId-inner\"]"}
COMMAND: POST /session/cc787b9332752cdee0bcd1748733cdef/element/f.40E06083F0E682023BA0E7AA24D478F4.d.8F1295105C442FA3BFA6C77C798C5F78.e.7607/clear - {}
RESULT: {}
COMMAND: POST /session/cc787b9332752cdee0bcd1748733cdef/element/f.40E06083F0E682023BA0E7AA24D478F4.d.8F1295105C442FA3BFA6C77C798C5F78.e.7607/value - {"text":"WebdriverYardmlvdxg"}
COMMAND: GET /session/cc787b9332752cdee0bcd1748733cdef/screenshot - {}
RESULT: {"text":"WebdriverYardmlvdxg"}
COMMAND: GET /session/cc787b9332752cdee0bcd1748733cdef/screenshot - {}
RESULT: {}
RESULT: {}
COMMAND: POST /session/cc787b9332752cdee0bcd1748733cdef/actions - {"actions":[{"id":"action34","type":"key","parameters":{},"actions":[{"type":"keyDown","value":""},{"type":"pause","duration":10},{"type":"keyUp","value":""}]}]}
RESULT: {"actions":[{"id":"action34","type":"key","parameters":{},"actions":[{"type":"keyDown","value":""},{"type":"pause","duration":10},{"type":"keyUp","value":""}]}]}
COMMAND: GET /session/cc787b9332752cdee0bcd1748733cdef/screenshot - {}
RESULT: {}
COMMAND: POST /session/cc787b9332752cdee0bcd1748733cdef/element - {"using":"xpath","value":"//input[@id=\"application-managecontracts-display-component---AddNewContract--customerSelect-inner\"]"}
RESULT: {"using":"xpath","value":"//input[@id=\"application-managecontracts-display-component---AddNewContract--customerSelect-inner\"]"}
COMMAND: POST /session/cc787b9332752cdee0bcd1748733cdef/element/f.40E06083F0E682023BA0E7AA24D478F4.d.8F1295105C442FA3BFA6C77C798C5F78.e.7605/clear - {}
RESULT: {}
COMMAND: POST /session/cc787b9332752cdee0bcd1748733cdef/element/f.40E06083F0E682023BA0E7AA24D478F4.d.8F1295105C442FA3BFA6C77C798C5F78.e.7605/value - {"text":"WebdriverPartnercvfu3"}
COMMAND: GET /session/cc787b9332752cdee0bcd1748733cdef/screenshot - {}
RESULT: {"text":"WebdriverPartnercvfu3"}
COMMAND: GET /session/cc787b9332752cdee0bcd1748733cdef/screenshot - {}
RESULT: {}
RESULT: {}
COMMAND: POST /session/cc787b9332752cdee0bcd1748733cdef/actions - {"actions":[{"id":"action35","type":"key","parameters":{},"actions":[{"type":"keyDown","value":""},{"type":"pause","duration":10},{"type":"keyUp","value":""}]}]}
RESULT: {"actions":[{"id":"action35","type":"key","parameters":{},"actions":[{"type":"keyDown","value":""},{"type":"pause","duration":10},{"type":"keyUp","value":""}]}]}
COMMAND: GET /session/cc787b9332752cdee0bcd1748733cdef/screenshot - {}
RESULT: {}
COMMAND: POST /session/cc787b9332752cdee0bcd1748733cdef/element - {"using":"xpath","value":"//input[@id=\"application-managecontracts-display-component---AddNewContract--site-inner\"]"}
RESULT: {"using":"xpath","value":"//input[@id=\"application-managecontracts-display-component---AddNewContract--site-inner\"]"}
COMMAND: POST /session/cc787b9332752cdee0bcd1748733cdef/element/f.40E06083F0E682023BA0E7AA24D478F4.d.8F1295105C442FA3BFA6C77C798C5F78.e.7606/clear - {}
RESULT: {}
COMMAND: POST /session/cc787b9332752cdee0bcd1748733cdef/element/f.40E06083F0E682023BA0E7AA24D478F4.d.8F1295105C442FA3BFA6C77C798C5F78.e.7606/value - {"text":"WebdriverSitenfybj"}
COMMAND: GET /session/cc787b9332752cdee0bcd1748733cdef/screenshot - {}
RESULT: {"text":"WebdriverSitenfybj"}
COMMAND: GET /session/cc787b9332752cdee0bcd1748733cdef/screenshot - {}
RESULT: {}
RESULT: {}
COMMAND: POST /session/cc787b9332752cdee0bcd1748733cdef/actions - {"actions":[{"id":"action36","type":"key","parameters":{},"actions":[{"type":"keyDown","value":""},{"type":"pause","duration":10},{"type":"keyUp","value":""}]}]}
RESULT: {"actions":[{"id":"action36","type":"key","parameters":{},"actions":[{"type":"keyDown","value":""},{"type":"pause","duration":10},{"type":"keyUp","value":""}]}]}
COMMAND: GET /session/cc787b9332752cdee0bcd1748733cdef/screenshot - {}
RESULT: {}
COMMAND: POST /session/cc787b9332752cdee0bcd1748733cdef/element - {"using":"xpath","value":"//button[@data-kt=\"saveButton\"]"}
RESULT: {"using":"xpath","value":"//button[@data-kt=\"saveButton\"]"}
COMMAND: POST /session/cc787b9332752cdee0bcd1748733cdef/element/f.40E06083F0E682023BA0E7AA24D478F4.d.8F1295105C442FA3BFA6C77C798C5F78.e.7681/click - {}
RESULT: {}
COMMAND: GET /session/cc787b9332752cdee0bcd1748733cdef/screenshot - {}
RESULT: {}
COMMAND: POST /session/cc787b9332752cdee0bcd1748733cdef/execute/async - {"script":"<script> [1562 bytes]","args":[{"selector":{"id":"contractDetailTitleNoExpanded","viewName":"etm.portal.ui.managecontracts.view.Detail"},"wdio_ui5_key":"contractDetailTitleNoExpandedetmportal.ui.managecontracts.view.Detail"}]}
RESULT: {"script":"<script> [1562 bytes]","args":[{"selector":{"id":"contractDetailTitleNoExpanded","viewName":"etm.portal.ui.managecontracts.view.Detail"},"wdio_ui5_key":"contractDetailTitleNoExpandedetmportal.ui.managecontracts.view.Detail"}]}
RESULT: undefined
COMMAND: POST /session/cc787b9332752cdee0bcd1748733cdef/execute/async - {"script":"<script> [6424 bytes]","args":[{"element-6066-11e4-a52e-4f735466cecf":"f.40E06083F0E682023BA0E7AA24D478F4.d.8F1295105C442FA3BFA6C77C798C5F78.e.7761"},"getText",[]]}
RESULT: {"script":"<script> [6424 bytes]","args":[{"element-6066-11e4-a52e-4f735466cecf":"f.40E06083F0E682023BA0E7AA24D478F4.d.8F1295105C442FA3BFA6C77C798C5F78.e.7761"},"getText",[]]}
COMMAND: POST /session/cc787b9332752cdee0bcd1748733cdef/execute/async - {"script":"<script> [1562 bytes]","args":[{"selector":{"id":"closeContractBtn","viewName":"etm.portal.ui.managecontracts.view.Detail"},"wdio_ui5_key":"closeContractBtnetmportal.ui.managecontracts.view.Detail"}]}
RESULT: {"script":"<script> [1562 bytes]","args":[{"selector":{"id":"closeContractBtn","viewName":"etm.portal.ui.managecontracts.view.Detail"},"wdio_ui5_key":"closeContractBtnetmportal.ui.managecontracts.view.Detail"}]}
RESULT: undefined
COMMAND: POST /session/cc787b9332752cdee0bcd1748733cdef/execute/async - {"script":"<script> [6424 bytes]","args":[{"element-6066-11e4-a52e-4f735466cecf":"f.40E06083F0E682023BA0E7AA24D478F4.d.8F1295105C442FA3BFA6C77C798C5F78.e.7762"},"getEnabled",[]]}
RESULT: {"script":"<script> [6424 bytes]","args":[{"element-6066-11e4-a52e-4f735466cecf":"f.40E06083F0E682023BA0E7AA24D478F4.d.8F1295105C442FA3BFA6C77C798C5F78.e.7762"},"getEnabled",[]]}
COMMAND: POST /session/cc787b9332752cdee0bcd1748733cdef/element - {"using":"xpath","value":"//button[@data-kt=\"contractDetailEditBtnButton\"]"}
RESULT: {"using":"xpath","value":"//button[@data-kt=\"contractDetailEditBtnButton\"]"}
COMMAND: POST /session/cc787b9332752cdee0bcd1748733cdef/element/f.40E06083F0E682023BA0E7AA24D478F4.d.8F1295105C442FA3BFA6C77C798C5F78.e.7763/click - {}
RESULT: {}
COMMAND: GET /session/cc787b9332752cdee0bcd1748733cdef/screenshot - {}
RESULT: {}
COMMAND: POST /session/cc787b9332752cdee0bcd1748733cdef/element - {"using":"xpath","value":"(//span[contains(text(), \"Additional Addresses\")])[2]"}
RESULT: {"using":"xpath","value":"(//span[contains(text(), \"Additional Addresses\")])[2]"}
COMMAND: POST /session/cc787b9332752cdee0bcd1748733cdef/element/f.40E06083F0E682023BA0E7AA24D478F4.d.8F1295105C442FA3BFA6C77C798C5F78.e.7818/click - {}
RESULT: {}
COMMAND: GET /session/cc787b9332752cdee0bcd1748733cdef/screenshot - {}
RESULT: {}
COMMAND: POST /session/cc787b9332752cdee0bcd1748733cdef/element - {"using":"xpath","value":"//button[@data-kt=\"btnAddTableRowOverflowToolbarButton\"]"}
RESULT: {"using":"xpath","value":"//button[@data-kt=\"btnAddTableRowOverflowToolbarButton\"]"}
COMMAND: POST /session/cc787b9332752cdee0bcd1748733cdef/element/f.40E06083F0E682023BA0E7AA24D478F4.d.8F1295105C442FA3BFA6C77C798C5F78.e.7822/click - {}
RESULT: {}
COMMAND: GET /session/cc787b9332752cdee0bcd1748733cdef/screenshot - {}
RESULT: {}
COMMAND: POST /session/cc787b9332752cdee0bcd1748733cdef/element - {"using":"xpath","value":"//div[(text() = 'Standard Entry' or . = 'Standard Entry')]"}
RESULT: {"using":"xpath","value":"//div[(text() = 'Standard Entry' or . = 'Standard Entry')]"}
COMMAND: POST /session/cc787b9332752cdee0bcd1748733cdef/element/f.40E06083F0E682023BA0E7AA24D478F4.d.8F1295105C442FA3BFA6C77C798C5F78.e.7824/click - {}
RESULT: {}
COMMAND: POST /session/cc787b9332752cdee0bcd1748733cdef/element - {"using":"xpath","value":"//td[6]/div/div/input[1]"}
COMMAND: GET /session/cc787b9332752cdee0bcd1748733cdef/screenshot - {}
RESULT: {"using":"xpath","value":"//td[6]/div/div/input[1]"}
COMMAND: POST /session/cc787b9332752cdee0bcd1748733cdef/element/f.40E06083F0E682023BA0E7AA24D478F4.d.8F1295105C442FA3BFA6C77C798C5F78.e.7826/click - {}
RESULT: {}
RESULT: {}
COMMAND: POST /session/cc787b9332752cdee0bcd1748733cdef/actions - {"actions":[{"id":"action37","type":"key","parameters":{},"actions":[{"type":"keyDown","value":""},{"type":"pause","duration":10},{"type":"keyUp","value":""}]}]}
COMMAND: GET /session/cc787b9332752cdee0bcd1748733cdef/screenshot - {}
RESULT: {"actions":[{"id":"action37","type":"key","parameters":{},"actions":[{"type":"keyDown","value":""},{"type":"pause","duration":10},{"type":"keyUp","value":""}]}]}
COMMAND: POST /session/cc787b9332752cdee0bcd1748733cdef/element - {"using":"xpath","value":"//td[6]/div/div/input[1]"}
COMMAND: GET /session/cc787b9332752cdee0bcd1748733cdef/screenshot - {}
RESULT: {}
RESULT: {"using":"xpath","value":"//td[6]/div/div/input[1]"}
COMMAND: POST /session/cc787b9332752cdee0bcd1748733cdef/element/f.40E06083F0E682023BA0E7AA24D478F4.d.8F1295105C442FA3BFA6C77C798C5F78.e.7826/clear - {}
RESULT: {}
RESULT: {}
COMMAND: POST /session/cc787b9332752cdee0bcd1748733cdef/element/f.40E06083F0E682023BA0E7AA24D478F4.d.8F1295105C442FA3BFA6C77C798C5F78.e.7826/value - {"text":"Material"}
COMMAND: GET /session/cc787b9332752cdee0bcd1748733cdef/screenshot - {}
RESULT: {"text":"Material"}
COMMAND: GET /session/cc787b9332752cdee0bcd1748733cdef/screenshot - {}
RESULT: {}
RESULT: {}
COMMAND: POST /session/cc787b9332752cdee0bcd1748733cdef/actions - {"actions":[{"id":"action38","type":"key","parameters":{},"actions":[{"type":"keyDown","value":""},{"type":"pause","duration":10},{"type":"keyUp","value":""}]}]}
RESULT: {"actions":[{"id":"action38","type":"key","parameters":{},"actions":[{"type":"keyDown","value":""},{"type":"pause","duration":10},{"type":"keyUp","value":""}]}]}
COMMAND: GET /session/cc787b9332752cdee0bcd1748733cdef/screenshot - {}
RESULT: {}
COMMAND: POST /session/cc787b9332752cdee0bcd1748733cdef/actions - {"actions":[{"id":"action39","type":"key","parameters":{},"actions":[{"type":"keyDown","value":""},{"type":"pause","duration":10},{"type":"keyUp","value":""}]}]}
RESULT: {"actions":[{"id":"action39","type":"key","parameters":{},"actions":[{"type":"keyDown","value":""},{"type":"pause","duration":10},{"type":"keyUp","value":""}]}]}
COMMAND: POST /session/cc787b9332752cdee0bcd1748733cdef/element - {"using":"xpath","value":"//td[7]/div/div/input"}
COMMAND: GET /session/cc787b9332752cdee0bcd1748733cdef/screenshot - {}
RESULT: {"using":"xpath","value":"//td[7]/div/div/input"}
COMMAND: POST /session/cc787b9332752cdee0bcd1748733cdef/element/f.40E06083F0E682023BA0E7AA24D478F4.d.8F1295105C442FA3BFA6C77C798C5F78.e.7839/clear - {}
RESULT: {}
RESULT: {}
COMMAND: POST /session/cc787b9332752cdee0bcd1748733cdef/element/f.40E06083F0E682023BA0E7AA24D478F4.d.8F1295105C442FA3BFA6C77C798C5F78.e.7839/value - {"text":"WebdriverMatTestj4r0lk"}
COMMAND: GET /session/cc787b9332752cdee0bcd1748733cdef/screenshot - {}
RESULT: {"text":"WebdriverMatTestj4r0lk"}
COMMAND: GET /session/cc787b9332752cdee0bcd1748733cdef/screenshot - {}
RESULT: {}
RESULT: {}
COMMAND: POST /session/cc787b9332752cdee0bcd1748733cdef/actions - {"actions":[{"id":"action40","type":"key","parameters":{},"actions":[{"type":"keyDown","value":""},{"type":"pause","duration":10},{"type":"keyUp","value":""}]}]}
RESULT: {"actions":[{"id":"action40","type":"key","parameters":{},"actions":[{"type":"keyDown","value":""},{"type":"pause","duration":10},{"type":"keyUp","value":""}]}]}
COMMAND: GET /session/cc787b9332752cdee0bcd1748733cdef/screenshot - {}
RESULT: {}
COMMAND: POST /session/cc787b9332752cdee0bcd1748733cdef/actions - {"actions":[{"id":"action41","type":"key","parameters":{},"actions":[{"type":"keyDown","value":""},{"type":"pause","duration":10},{"type":"keyUp","value":""}]}]}
RESULT: {"actions":[{"id":"action41","type":"key","parameters":{},"actions":[{"type":"keyDown","value":""},{"type":"pause","duration":10},{"type":"keyUp","value":""}]}]}
COMMAND: GET /session/cc787b9332752cdee0bcd1748733cdef/screenshot - {}
RESULT: {}
COMMAND: POST /session/cc787b9332752cdee0bcd1748733cdef/element - {"using":"xpath","value":"(//button[@data-kt=\"saveButton\"])[2]"}
RESULT: {"using":"xpath","value":"(//button[@data-kt=\"saveButton\"])[2]"}
COMMAND: POST /session/cc787b9332752cdee0bcd1748733cdef/element/f.40E06083F0E682023BA0E7AA24D478F4.d.8F1295105C442FA3BFA6C77C798C5F78.e.7865/click - {}
RESULT: {}
COMMAND: GET /session/cc787b9332752cdee0bcd1748733cdef/screenshot - {}
RESULT: {}
]]></system-out>
    </testcase>
    <testcase classname="chrome.137_0_7151_69.windows.Standard_contract_close-reopen_US111278" name="It should close the contract" time="21.225">
      <failure/>
      <error message="expect(received).toEqual(expected) // deep equality&#xA;&#xA;Expected: &quot;closed&quot;&#xA;Received: undefined"/>
      <system-out><![CDATA[
RESULT: undefined
COMMAND: POST /session/cc787b9332752cdee0bcd1748733cdef/element - {"using":"xpath","value":"//*[@id=\"__xmlview65--closeContractBtn\"]"}
RESULT: {"using":"xpath","value":"//*[@id=\"__xmlview65--closeContractBtn\"]"}
COMMAND: POST /session/cc787b9332752cdee0bcd1748733cdef/element/f.40E06083F0E682023BA0E7AA24D478F4.d.8F1295105C442FA3BFA6C77C798C5F78.e.7762/click - {}
RESULT: {}
COMMAND: GET /session/cc787b9332752cdee0bcd1748733cdef/screenshot - {}
RESULT: {}
COMMAND: POST /session/cc787b9332752cdee0bcd1748733cdef/element - {"using":"xpath","value":"//span[contains(text(), \"Do you want to close the whole contract?\")]"}
RESULT: {"using":"xpath","value":"//span[contains(text(), \"Do you want to close the whole contract?\")]"}
COMMAND: POST /session/cc787b9332752cdee0bcd1748733cdef/execute/sync - {"script":"<script> [8489 bytes]","args":[{"element-6066-11e4-a52e-4f735466cecf":"f.40E06083F0E682023BA0E7AA24D478F4.d.8F1295105C442FA3BFA6C77C798C5F78.e.7869","ELEMENT":"f.40E06083F0E682023BA0E7AA24D478F4.d.8F1295105C442FA3BFA6C77C798C5F78.e.7869"}]}
RESULT: {"script":"<script> [8489 bytes]","args":[{"element-6066-11e4-a52e-4f735466cecf":"f.40E06083F0E682023BA0E7AA24D478F4.d.8F1295105C442FA3BFA6C77C798C5F78.e.7869","ELEMENT":"f.40E06083F0E682023BA0E7AA24D478F4.d.8F1295105C442FA3BFA6C77C798C5F78.e.7869"}]}
COMMAND: POST /session/cc787b9332752cdee0bcd1748733cdef/element - {"using":"xpath","value":"//bdi[contains(text(), \"OK\")]"}
COMMAND: GET /session/cc787b9332752cdee0bcd1748733cdef/screenshot - {}
RESULT: {"using":"xpath","value":"//bdi[contains(text(), \"OK\")]"}
COMMAND: POST /session/cc787b9332752cdee0bcd1748733cdef/element/f.40E06083F0E682023BA0E7AA24D478F4.d.8F1295105C442FA3BFA6C77C798C5F78.e.7870/click - {}
RESULT: {}
RESULT: {}
COMMAND: GET /session/cc787b9332752cdee0bcd1748733cdef/screenshot - {}
RESULT: {}
COMMAND: POST /session/cc787b9332752cdee0bcd1748733cdef/element - {"using":"xpath","value":"//input[contains(@id ,\"smartContractFilterBar-btnBasicSearch-I\")]"}
RESULT: {"using":"xpath","value":"//input[contains(@id ,\"smartContractFilterBar-btnBasicSearch-I\")]"}
COMMAND: POST /session/cc787b9332752cdee0bcd1748733cdef/element/f.40E06083F0E682023BA0E7AA24D478F4.d.8F1295105C442FA3BFA6C77C798C5F78.e.7297/clear - {}
RESULT: {}
COMMAND: POST /session/cc787b9332752cdee0bcd1748733cdef/element/f.40E06083F0E682023BA0E7AA24D478F4.d.8F1295105C442FA3BFA6C77C798C5F78.e.7297/value - {"text":"10205"}
COMMAND: GET /session/cc787b9332752cdee0bcd1748733cdef/screenshot - {}
RESULT: {}
RESULT: {"text":"10205"}
COMMAND: POST /session/cc787b9332752cdee0bcd1748733cdef/actions - {"actions":[{"id":"action42","type":"key","parameters":{},"actions":[{"type":"keyDown","value":""},{"type":"pause","duration":10},{"type":"keyUp","value":""}]}]}
COMMAND: GET /session/cc787b9332752cdee0bcd1748733cdef/screenshot - {}
RESULT: {"actions":[{"id":"action42","type":"key","parameters":{},"actions":[{"type":"keyDown","value":""},{"type":"pause","duration":10},{"type":"keyUp","value":""}]}]}
COMMAND: GET /session/cc787b9332752cdee0bcd1748733cdef/screenshot - {}
RESULT: {}
RESULT: {}
COMMAND: POST /session/cc787b9332752cdee0bcd1748733cdef/execute/async - {"script":"<script> [1562 bytes]","args":[{"selector":{"controlType":"sap.ui.core.Icon","viewName":"etm.portal.ui.managecontracts.view.Master","properties":{"src":{"regex":{"source":"slim\\-arrow\\-right"}}}},"wdio_ui5_key":"etmportal.ui.managecontracts.view.Mastersap.ui.core.Icon{\"src\":{\"regex\":{\"source\":\"slim\\\\-arrow\\\\-right\"}}}"}]}
RESULT: {"script":"<script> [1562 bytes]","args":[{"selector":{"controlType":"sap.ui.core.Icon","viewName":"etm.portal.ui.managecontracts.view.Master","properties":{"src":{"regex":{"source":"slim\\-arrow\\-right"}}}},"wdio_ui5_key":"etmportal.ui.managecontracts.view.Mastersap.ui.core.Icon{\"src\":{\"regex\":{\"source\":\"slim\\\\-arrow\\\\-right\"}}}"}]}
RESULT: undefined
COMMAND: POST /session/cc787b9332752cdee0bcd1748733cdef/element - {"using":"xpath","value":"//*[@id=\"__item129-__clone300-imgNav\"]"}
RESULT: {"using":"xpath","value":"//*[@id=\"__item129-__clone300-imgNav\"]"}
COMMAND: POST /session/cc787b9332752cdee0bcd1748733cdef/element/f.40E06083F0E682023BA0E7AA24D478F4.d.8F1295105C442FA3BFA6C77C798C5F78.e.7354/click - {}
RESULT: {}
COMMAND: POST /session/cc787b9332752cdee0bcd1748733cdef/execute/async - {"script":"<script> [1562 bytes]","args":[{"selector":{"controlType":"sap.m.ObjectStatus","viewName":"etm.portal.ui.managecontracts.view.Detail","bindingPath":{"propertyPath":"LINK_TO_LOGISTICAL_STATUS/DESCRIPTION","modelName":"catalogModel"}},"wdio_ui5_key":"etmportal.ui.managecontracts.view.Detailsap.m.ObjectStatus{\"propertyPath\":\"LINK_TO_LOGISTICAL_STATUS/DESCRIPTION\",\"modelName\":\"catalogModel\"}"}]}
COMMAND: GET /session/cc787b9332752cdee0bcd1748733cdef/screenshot - {}
RESULT: {"script":"<script> [1562 bytes]","args":[{"selector":{"controlType":"sap.m.ObjectStatus","viewName":"etm.portal.ui.managecontracts.view.Detail","bindingPath":{"propertyPath":"LINK_TO_LOGISTICAL_STATUS/DESCRIPTION","modelName":"catalogModel"}},"wdio_ui5_key":"etmportal.ui.managecontracts.view.Detailsap.m.ObjectStatus{\"propertyPath\":\"LINK_TO_LOGISTICAL_STATUS/DESCRIPTION\",\"modelName\":\"catalogModel\"}"}]}
RESULT: undefined
COMMAND: GET /session/cc787b9332752cdee0bcd1748733cdef/screenshot - {}
RESULT: {}
RESULT: {}
]]></system-out>
      <system-err><![CDATA[
Error: expect(received).toEqual(expected) // deep equality

Expected: "closed"
Received: undefined
    at Context.<anonymous> (D:\a\1\s\test\specs\R2C\standard-contract-close-reopen.spec.js:101:30)
]]></system-err>
    </testcase>
    <testcase classname="chrome.137_0_7151_69.windows.Standard_contract_close-reopen_US111278" name="Should reopen the contract" time="1.084">
      <failure/>
      <error message="expect(received).toBeTruthy()&#xA;&#xA;Received: undefined"/>
      <system-out><![CDATA[
COMMAND: POST /session/cc787b9332752cdee0bcd1748733cdef/execute/async - {"script":"<script> [1562 bytes]","args":[{"selector":{"id":"openContractBtn","viewName":"etm.portal.ui.managecontracts.view.Detail"},"wdio_ui5_key":"openContractBtnetmportal.ui.managecontracts.view.Detail"}]}
COMMAND: GET /session/cc787b9332752cdee0bcd1748733cdef/screenshot - {}
RESULT: {"script":"<script> [1562 bytes]","args":[{"selector":{"id":"openContractBtn","viewName":"etm.portal.ui.managecontracts.view.Detail"},"wdio_ui5_key":"openContractBtnetmportal.ui.managecontracts.view.Detail"}]}
RESULT: undefined
COMMAND: GET /session/cc787b9332752cdee0bcd1748733cdef/screenshot - {}
RESULT: {}
RESULT: {}
]]></system-out>
      <system-err><![CDATA[
Error: expect(received).toBeTruthy()

Received: undefined
    at Context.<anonymous> (D:\a\1\s\test\specs\R2C\standard-contract-close-reopen.spec.js:115:29)
]]></system-err>
    </testcase>
    <testcase classname="chrome.137_0_7151_69.windows.Standard_contract_close-reopen_US111278" name="Should verify for multiple statuses that open button is not visible" time="4.515">
      <failure/>
      <error message="element not interactable&#xA;  (Session info: chrome=137.0.7151.69)"/>
      <system-out><![CDATA[
COMMAND: POST /session/cc787b9332752cdee0bcd1748733cdef/execute/async - {"script":"<script> [1562 bytes]","args":[{"selector":{"controlType":"sap.ui.core.Icon","viewName":"etm.portal.ui.managecontracts.view.Detail","properties":{"src":{"regex":{"source":"decline"}}}},"wdio_ui5_key":"etmportal.ui.managecontracts.view.Detailsap.ui.core.Icon{\"src\":{\"regex\":{\"source\":\"decline\"}}}"}]}
COMMAND: GET /session/cc787b9332752cdee0bcd1748733cdef/screenshot - {}
RESULT: {"script":"<script> [1562 bytes]","args":[{"selector":{"controlType":"sap.ui.core.Icon","viewName":"etm.portal.ui.managecontracts.view.Detail","properties":{"src":{"regex":{"source":"decline"}}}},"wdio_ui5_key":"etmportal.ui.managecontracts.view.Detailsap.ui.core.Icon{\"src\":{\"regex\":{\"source\":\"decline\"}}}"}]}
RESULT: undefined
COMMAND: POST /session/cc787b9332752cdee0bcd1748733cdef/element - {"using":"xpath","value":"//*[@id=\"__xmlview65--closeColumnBtn-img\"]"}
RESULT: {}
RESULT: {"using":"xpath","value":"//*[@id=\"__xmlview65--closeColumnBtn-img\"]"}
COMMAND: POST /session/cc787b9332752cdee0bcd1748733cdef/element/f.40E06083F0E682023BA0E7AA24D478F4.d.8F1295105C442FA3BFA6C77C798C5F78.e.7885/click - {}
RESULT: {}
COMMAND: GET /session/cc787b9332752cdee0bcd1748733cdef/screenshot - {}
COMMAND: POST /session/cc787b9332752cdee0bcd1748733cdef/element - {"using":"xpath","value":"//div[contains(@id ,\"smartContractFilterBar-btnBasicSearch-reset\")]"}
RESULT: {}
RESULT: {"using":"xpath","value":"//div[contains(@id ,\"smartContractFilterBar-btnBasicSearch-reset\")]"}
COMMAND: POST /session/cc787b9332752cdee0bcd1748733cdef/element/f.40E06083F0E682023BA0E7AA24D478F4.d.8F1295105C442FA3BFA6C77C798C5F78.e.8017/click - {}
COMMAND: GET /session/cc787b9332752cdee0bcd1748733cdef/screenshot - {}
RESULT: {}
COMMAND: POST /session/cc787b9332752cdee0bcd1748733cdef/element - {"using":"css selector","value":"#shell-header-logo"}
COMMAND: GET /session/cc787b9332752cdee0bcd1748733cdef/screenshot - {}
COMMAND: GET /session/cc787b9332752cdee0bcd1748733cdef/screenshot - {}
RESULT: {"using":"css selector","value":"#shell-header-logo"}
COMMAND: POST /session/cc787b9332752cdee0bcd1748733cdef/element/f.40E06083F0E682023BA0E7AA24D478F4.d.8F1295105C442FA3BFA6C77C798C5F78.e.7293/click - {}
RESULT: {}
RESULT: {}
RESULT: {}
COMMAND: GET /session/cc787b9332752cdee0bcd1748733cdef/screenshot - {}
RESULT: {}
]]></system-out>
      <system-err><![CDATA[
element not interactable: element not interactable
  (Session info: chrome=137.0.7151.69)
    at async Context.<anonymous> (D:\a\1\s\test\specs\R2C\standard-contract-close-reopen.spec.js:177:9)
]]></system-err>
    </testcase>
  </testsuite>
  <testsuite timestamp="2025-06-14T18:10:36" time="92.998" tests="1" failures="1" errors="1" skipped="0">
    <properties>
      <property name="specId" value="0"/>
      <property name="suiteName" value="Standard contract decline US151279"/>
      <property name="capabilities" value="chrome.137_0_7151_69.windows"/>
      <property name="file" value="file:///D:/a/1/s/test/specs/R2C/standard-contract-decline.spec.js"/>
    </properties>
    <testcase classname="chrome.137_0_7151_69.windows.Standard_contract_decline_US151279" name="Should decline a contract" time="87.004">
      <failure/>
      <error message="expect(received).toEqual(expected) // deep equality&#xA;&#xA;Expected: &quot;Do you want to cancel the whole contract?&quot;&#xA;Received: undefined"/>
      <system-out><![CDATA[
RESULT: undefined
COMMAND: POST /session/cc787b9332752cdee0bcd1748733cdef/element - {"using":"xpath","value":"//*[@id=\"__tile132\"]"}
RESULT: {"using":"xpath","value":"//*[@id=\"__tile132\"]"}
COMMAND: POST /session/cc787b9332752cdee0bcd1748733cdef/element/f.40E06083F0E682023BA0E7AA24D478F4.d.8F1295105C442FA3BFA6C77C798C5F78.e.7291/click - {}
RESULT: {}
COMMAND: GET /session/cc787b9332752cdee0bcd1748733cdef/screenshot - {}
RESULT: {}
COMMAND: POST /session/cc787b9332752cdee0bcd1748733cdef/element - {"using":"xpath","value":"//input[contains(@id ,\"smartContractFilterBar-btnBasicSearch-I\")]"}
RESULT: {"using":"xpath","value":"//input[contains(@id ,\"smartContractFilterBar-btnBasicSearch-I\")]"}
COMMAND: POST /session/cc787b9332752cdee0bcd1748733cdef/element/f.40E06083F0E682023BA0E7AA24D478F4.d.8F1295105C442FA3BFA6C77C798C5F78.e.8024/clear - {}
RESULT: {}
COMMAND: POST /session/cc787b9332752cdee0bcd1748733cdef/element/f.40E06083F0E682023BA0E7AA24D478F4.d.8F1295105C442FA3BFA6C77C798C5F78.e.8024/value - {"text":"10205"}
COMMAND: GET /session/cc787b9332752cdee0bcd1748733cdef/screenshot - {}
RESULT: {"text":"10205"}
COMMAND: POST /session/cc787b9332752cdee0bcd1748733cdef/actions - {"actions":[{"id":"action43","type":"key","parameters":{},"actions":[{"type":"keyDown","value":""},{"type":"pause","duration":10},{"type":"keyUp","value":""}]}]}
COMMAND: GET /session/cc787b9332752cdee0bcd1748733cdef/screenshot - {}
RESULT: {}
RESULT: {"actions":[{"id":"action43","type":"key","parameters":{},"actions":[{"type":"keyDown","value":""},{"type":"pause","duration":10},{"type":"keyUp","value":""}]}]}
COMMAND: GET /session/cc787b9332752cdee0bcd1748733cdef/screenshot - {}
RESULT: {}
RESULT: {}
COMMAND: POST /session/cc787b9332752cdee0bcd1748733cdef/elements - {"using":"xpath","value":"//span[text()='Error']"}
RESULT: {"using":"xpath","value":"//span[text()='Error']"}
RESULT: undefined
COMMAND: POST /session/cc787b9332752cdee0bcd1748733cdef/element - {"using":"xpath","value":"//*[@id=\"__item129-__clone300-imgNav\"]"}
RESULT: {"using":"xpath","value":"//*[@id=\"__item129-__clone300-imgNav\"]"}
COMMAND: POST /session/cc787b9332752cdee0bcd1748733cdef/elements - {"using":"xpath","value":"//*[@id=\"__item129-__clone300-imgNav\"]"}
RESULT: {"using":"xpath","value":"//*[@id=\"__item129-__clone300-imgNav\"]"}
COMMAND: POST /session/cc787b9332752cdee0bcd1748733cdef/elements - {"using":"xpath","value":"//*[@id=\"__item129-__clone300-imgNav\"]"}
RESULT: {"using":"xpath","value":"//*[@id=\"__item129-__clone300-imgNav\"]"}
COMMAND: POST /session/cc787b9332752cdee0bcd1748733cdef/elements - {"using":"xpath","value":"//*[@id=\"__item129-__clone300-imgNav\"]"}
RESULT: {"using":"xpath","value":"//*[@id=\"__item129-__clone300-imgNav\"]"}
COMMAND: POST /session/cc787b9332752cdee0bcd1748733cdef/elements - {"using":"xpath","value":"//*[@id=\"__item129-__clone300-imgNav\"]"}
RESULT: {"using":"xpath","value":"//*[@id=\"__item129-__clone300-imgNav\"]"}
COMMAND: POST /session/cc787b9332752cdee0bcd1748733cdef/elements - {"using":"xpath","value":"//*[@id=\"__item129-__clone300-imgNav\"]"}
RESULT: {"using":"xpath","value":"//*[@id=\"__item129-__clone300-imgNav\"]"}
COMMAND: POST /session/cc787b9332752cdee0bcd1748733cdef/elements - {"using":"xpath","value":"//*[@id=\"__item129-__clone300-imgNav\"]"}
RESULT: {"using":"xpath","value":"//*[@id=\"__item129-__clone300-imgNav\"]"}
COMMAND: POST /session/cc787b9332752cdee0bcd1748733cdef/elements - {"using":"xpath","value":"//*[@id=\"__item129-__clone300-imgNav\"]"}
RESULT: {"using":"xpath","value":"//*[@id=\"__item129-__clone300-imgNav\"]"}
COMMAND: POST /session/cc787b9332752cdee0bcd1748733cdef/elements - {"using":"xpath","value":"//*[@id=\"__item129-__clone300-imgNav\"]"}
RESULT: {"using":"xpath","value":"//*[@id=\"__item129-__clone300-imgNav\"]"}
COMMAND: POST /session/cc787b9332752cdee0bcd1748733cdef/elements - {"using":"xpath","value":"//*[@id=\"__item129-__clone300-imgNav\"]"}
RESULT: {"using":"xpath","value":"//*[@id=\"__item129-__clone300-imgNav\"]"}
COMMAND: POST /session/cc787b9332752cdee0bcd1748733cdef/elements - {"using":"xpath","value":"//*[@id=\"__item129-__clone300-imgNav\"]"}
RESULT: {"using":"xpath","value":"//*[@id=\"__item129-__clone300-imgNav\"]"}
COMMAND: POST /session/cc787b9332752cdee0bcd1748733cdef/elements - {"using":"xpath","value":"//*[@id=\"__item129-__clone300-imgNav\"]"}
RESULT: {"using":"xpath","value":"//*[@id=\"__item129-__clone300-imgNav\"]"}
COMMAND: POST /session/cc787b9332752cdee0bcd1748733cdef/elements - {"using":"xpath","value":"//*[@id=\"__item129-__clone300-imgNav\"]"}
RESULT: {"using":"xpath","value":"//*[@id=\"__item129-__clone300-imgNav\"]"}
COMMAND: POST /session/cc787b9332752cdee0bcd1748733cdef/elements - {"using":"xpath","value":"//*[@id=\"__item129-__clone300-imgNav\"]"}
RESULT: {"using":"xpath","value":"//*[@id=\"__item129-__clone300-imgNav\"]"}
COMMAND: POST /session/cc787b9332752cdee0bcd1748733cdef/elements - {"using":"xpath","value":"//*[@id=\"__item129-__clone300-imgNav\"]"}
RESULT: {"using":"xpath","value":"//*[@id=\"__item129-__clone300-imgNav\"]"}
COMMAND: POST /session/cc787b9332752cdee0bcd1748733cdef/elements - {"using":"xpath","value":"//*[@id=\"__item129-__clone300-imgNav\"]"}
RESULT: {"using":"xpath","value":"//*[@id=\"__item129-__clone300-imgNav\"]"}
COMMAND: POST /session/cc787b9332752cdee0bcd1748733cdef/elements - {"using":"xpath","value":"//*[@id=\"__item129-__clone300-imgNav\"]"}
RESULT: {"using":"xpath","value":"//*[@id=\"__item129-__clone300-imgNav\"]"}
COMMAND: POST /session/cc787b9332752cdee0bcd1748733cdef/elements - {"using":"xpath","value":"//*[@id=\"__item129-__clone300-imgNav\"]"}
RESULT: {"using":"xpath","value":"//*[@id=\"__item129-__clone300-imgNav\"]"}
COMMAND: POST /session/cc787b9332752cdee0bcd1748733cdef/elements - {"using":"xpath","value":"//*[@id=\"__item129-__clone300-imgNav\"]"}
RESULT: {"using":"xpath","value":"//*[@id=\"__item129-__clone300-imgNav\"]"}
COMMAND: POST /session/cc787b9332752cdee0bcd1748733cdef/elements - {"using":"xpath","value":"//*[@id=\"__item129-__clone300-imgNav\"]"}
RESULT: {"using":"xpath","value":"//*[@id=\"__item129-__clone300-imgNav\"]"}
COMMAND: POST /session/cc787b9332752cdee0bcd1748733cdef/elements - {"using":"xpath","value":"//*[@id=\"__item129-__clone300-imgNav\"]"}
RESULT: {"using":"xpath","value":"//*[@id=\"__item129-__clone300-imgNav\"]"}
COMMAND: POST /session/cc787b9332752cdee0bcd1748733cdef/elements - {"using":"xpath","value":"//*[@id=\"__item129-__clone300-imgNav\"]"}
RESULT: {"using":"xpath","value":"//*[@id=\"__item129-__clone300-imgNav\"]"}
COMMAND: POST /session/cc787b9332752cdee0bcd1748733cdef/elements - {"using":"xpath","value":"//*[@id=\"__item129-__clone300-imgNav\"]"}
RESULT: {"using":"xpath","value":"//*[@id=\"__item129-__clone300-imgNav\"]"}
COMMAND: POST /session/cc787b9332752cdee0bcd1748733cdef/elements - {"using":"xpath","value":"//*[@id=\"__item129-__clone300-imgNav\"]"}
RESULT: {"using":"xpath","value":"//*[@id=\"__item129-__clone300-imgNav\"]"}
COMMAND: POST /session/cc787b9332752cdee0bcd1748733cdef/elements - {"using":"xpath","value":"//*[@id=\"__item129-__clone300-imgNav\"]"}
RESULT: {"using":"xpath","value":"//*[@id=\"__item129-__clone300-imgNav\"]"}
COMMAND: POST /session/cc787b9332752cdee0bcd1748733cdef/elements - {"using":"xpath","value":"//*[@id=\"__item129-__clone300-imgNav\"]"}
RESULT: {"using":"xpath","value":"//*[@id=\"__item129-__clone300-imgNav\"]"}
COMMAND: POST /session/cc787b9332752cdee0bcd1748733cdef/elements - {"using":"xpath","value":"//*[@id=\"__item129-__clone300-imgNav\"]"}
RESULT: {"using":"xpath","value":"//*[@id=\"__item129-__clone300-imgNav\"]"}
COMMAND: POST /session/cc787b9332752cdee0bcd1748733cdef/elements - {"using":"xpath","value":"//*[@id=\"__item129-__clone300-imgNav\"]"}
RESULT: {"using":"xpath","value":"//*[@id=\"__item129-__clone300-imgNav\"]"}
COMMAND: POST /session/cc787b9332752cdee0bcd1748733cdef/elements - {"using":"xpath","value":"//*[@id=\"__item129-__clone300-imgNav\"]"}
RESULT: {"using":"xpath","value":"//*[@id=\"__item129-__clone300-imgNav\"]"}
COMMAND: POST /session/cc787b9332752cdee0bcd1748733cdef/elements - {"using":"xpath","value":"//*[@id=\"__item129-__clone300-imgNav\"]"}
RESULT: {"using":"xpath","value":"//*[@id=\"__item129-__clone300-imgNav\"]"}
COMMAND: POST /session/cc787b9332752cdee0bcd1748733cdef/elements - {"using":"xpath","value":"//*[@id=\"__item129-__clone300-imgNav\"]"}
RESULT: {"using":"xpath","value":"//*[@id=\"__item129-__clone300-imgNav\"]"}
COMMAND: POST /session/cc787b9332752cdee0bcd1748733cdef/elements - {"using":"xpath","value":"//*[@id=\"__item129-__clone300-imgNav\"]"}
RESULT: {"using":"xpath","value":"//*[@id=\"__item129-__clone300-imgNav\"]"}
COMMAND: POST /session/cc787b9332752cdee0bcd1748733cdef/elements - {"using":"xpath","value":"//*[@id=\"__item129-__clone300-imgNav\"]"}
RESULT: {"using":"xpath","value":"//*[@id=\"__item129-__clone300-imgNav\"]"}
COMMAND: POST /session/cc787b9332752cdee0bcd1748733cdef/elements - {"using":"xpath","value":"//*[@id=\"__item129-__clone300-imgNav\"]"}
RESULT: {"using":"xpath","value":"//*[@id=\"__item129-__clone300-imgNav\"]"}
COMMAND: POST /session/cc787b9332752cdee0bcd1748733cdef/elements - {"using":"xpath","value":"//*[@id=\"__item129-__clone300-imgNav\"]"}
RESULT: {"using":"xpath","value":"//*[@id=\"__item129-__clone300-imgNav\"]"}
COMMAND: POST /session/cc787b9332752cdee0bcd1748733cdef/elements - {"using":"xpath","value":"//*[@id=\"__item129-__clone300-imgNav\"]"}
RESULT: {"using":"xpath","value":"//*[@id=\"__item129-__clone300-imgNav\"]"}
COMMAND: POST /session/cc787b9332752cdee0bcd1748733cdef/elements - {"using":"xpath","value":"//*[@id=\"__item129-__clone300-imgNav\"]"}
RESULT: {"using":"xpath","value":"//*[@id=\"__item129-__clone300-imgNav\"]"}
COMMAND: POST /session/cc787b9332752cdee0bcd1748733cdef/elements - {"using":"xpath","value":"//*[@id=\"__item129-__clone300-imgNav\"]"}
RESULT: {"using":"xpath","value":"//*[@id=\"__item129-__clone300-imgNav\"]"}
COMMAND: POST /session/cc787b9332752cdee0bcd1748733cdef/elements - {"using":"xpath","value":"//*[@id=\"__item129-__clone300-imgNav\"]"}
RESULT: {"using":"xpath","value":"//*[@id=\"__item129-__clone300-imgNav\"]"}
COMMAND: POST /session/cc787b9332752cdee0bcd1748733cdef/elements - {"using":"xpath","value":"//*[@id=\"__item129-__clone300-imgNav\"]"}
RESULT: {"using":"xpath","value":"//*[@id=\"__item129-__clone300-imgNav\"]"}
COMMAND: POST /session/cc787b9332752cdee0bcd1748733cdef/elements - {"using":"xpath","value":"//*[@id=\"__item129-__clone300-imgNav\"]"}
RESULT: {"using":"xpath","value":"//*[@id=\"__item129-__clone300-imgNav\"]"}
COMMAND: POST /session/cc787b9332752cdee0bcd1748733cdef/elements - {"using":"xpath","value":"//*[@id=\"__item129-__clone300-imgNav\"]"}
RESULT: {"using":"xpath","value":"//*[@id=\"__item129-__clone300-imgNav\"]"}
COMMAND: POST /session/cc787b9332752cdee0bcd1748733cdef/elements - {"using":"xpath","value":"//*[@id=\"__item129-__clone300-imgNav\"]"}
RESULT: {"using":"xpath","value":"//*[@id=\"__item129-__clone300-imgNav\"]"}
COMMAND: POST /session/cc787b9332752cdee0bcd1748733cdef/elements - {"using":"xpath","value":"//*[@id=\"__item129-__clone300-imgNav\"]"}
RESULT: {"using":"xpath","value":"//*[@id=\"__item129-__clone300-imgNav\"]"}
COMMAND: POST /session/cc787b9332752cdee0bcd1748733cdef/elements - {"using":"xpath","value":"//*[@id=\"__item129-__clone300-imgNav\"]"}
RESULT: {"using":"xpath","value":"//*[@id=\"__item129-__clone300-imgNav\"]"}
COMMAND: POST /session/cc787b9332752cdee0bcd1748733cdef/elements - {"using":"xpath","value":"//*[@id=\"__item129-__clone300-imgNav\"]"}
RESULT: {"using":"xpath","value":"//*[@id=\"__item129-__clone300-imgNav\"]"}
COMMAND: POST /session/cc787b9332752cdee0bcd1748733cdef/elements - {"using":"xpath","value":"//*[@id=\"__item129-__clone300-imgNav\"]"}
RESULT: {"using":"xpath","value":"//*[@id=\"__item129-__clone300-imgNav\"]"}
COMMAND: POST /session/cc787b9332752cdee0bcd1748733cdef/elements - {"using":"xpath","value":"//*[@id=\"__item129-__clone300-imgNav\"]"}
RESULT: {"using":"xpath","value":"//*[@id=\"__item129-__clone300-imgNav\"]"}
COMMAND: POST /session/cc787b9332752cdee0bcd1748733cdef/elements - {"using":"xpath","value":"//*[@id=\"__item129-__clone300-imgNav\"]"}
RESULT: {"using":"xpath","value":"//*[@id=\"__item129-__clone300-imgNav\"]"}
COMMAND: POST /session/cc787b9332752cdee0bcd1748733cdef/elements - {"using":"xpath","value":"//*[@id=\"__item129-__clone300-imgNav\"]"}
RESULT: {"using":"xpath","value":"//*[@id=\"__item129-__clone300-imgNav\"]"}
COMMAND: POST /session/cc787b9332752cdee0bcd1748733cdef/elements - {"using":"xpath","value":"//*[@id=\"__item129-__clone300-imgNav\"]"}
RESULT: {"using":"xpath","value":"//*[@id=\"__item129-__clone300-imgNav\"]"}
COMMAND: POST /session/cc787b9332752cdee0bcd1748733cdef/elements - {"using":"xpath","value":"//*[@id=\"__item129-__clone300-imgNav\"]"}
RESULT: {"using":"xpath","value":"//*[@id=\"__item129-__clone300-imgNav\"]"}
COMMAND: POST /session/cc787b9332752cdee0bcd1748733cdef/elements - {"using":"xpath","value":"//*[@id=\"__item129-__clone300-imgNav\"]"}
RESULT: {"using":"xpath","value":"//*[@id=\"__item129-__clone300-imgNav\"]"}
COMMAND: POST /session/cc787b9332752cdee0bcd1748733cdef/elements - {"using":"xpath","value":"//*[@id=\"__item129-__clone300-imgNav\"]"}
RESULT: {"using":"xpath","value":"//*[@id=\"__item129-__clone300-imgNav\"]"}
COMMAND: POST /session/cc787b9332752cdee0bcd1748733cdef/elements - {"using":"xpath","value":"//*[@id=\"__item129-__clone300-imgNav\"]"}
RESULT: {"using":"xpath","value":"//*[@id=\"__item129-__clone300-imgNav\"]"}
COMMAND: POST /session/cc787b9332752cdee0bcd1748733cdef/elements - {"using":"xpath","value":"//*[@id=\"__item129-__clone300-imgNav\"]"}
RESULT: {"using":"xpath","value":"//*[@id=\"__item129-__clone300-imgNav\"]"}
COMMAND: POST /session/cc787b9332752cdee0bcd1748733cdef/elements - {"using":"xpath","value":"//*[@id=\"__item129-__clone300-imgNav\"]"}
RESULT: {"using":"xpath","value":"//*[@id=\"__item129-__clone300-imgNav\"]"}
COMMAND: POST /session/cc787b9332752cdee0bcd1748733cdef/elements - {"using":"xpath","value":"//*[@id=\"__item129-__clone300-imgNav\"]"}
RESULT: {"using":"xpath","value":"//*[@id=\"__item129-__clone300-imgNav\"]"}
COMMAND: POST /session/cc787b9332752cdee0bcd1748733cdef/elements - {"using":"xpath","value":"//*[@id=\"__item129-__clone300-imgNav\"]"}
RESULT: {"using":"xpath","value":"//*[@id=\"__item129-__clone300-imgNav\"]"}
COMMAND: POST /session/cc787b9332752cdee0bcd1748733cdef/elements - {"using":"xpath","value":"//*[@id=\"__item129-__clone300-imgNav\"]"}
RESULT: {"using":"xpath","value":"//*[@id=\"__item129-__clone300-imgNav\"]"}
COMMAND: POST /session/cc787b9332752cdee0bcd1748733cdef/elements - {"using":"xpath","value":"//*[@id=\"__item129-__clone300-imgNav\"]"}
RESULT: {"using":"xpath","value":"//*[@id=\"__item129-__clone300-imgNav\"]"}
COMMAND: POST /session/cc787b9332752cdee0bcd1748733cdef/elements - {"using":"xpath","value":"//*[@id=\"__item129-__clone300-imgNav\"]"}
RESULT: {"using":"xpath","value":"//*[@id=\"__item129-__clone300-imgNav\"]"}
COMMAND: POST /session/cc787b9332752cdee0bcd1748733cdef/elements - {"using":"xpath","value":"//*[@id=\"__item129-__clone300-imgNav\"]"}
RESULT: {"using":"xpath","value":"//*[@id=\"__item129-__clone300-imgNav\"]"}
COMMAND: POST /session/cc787b9332752cdee0bcd1748733cdef/elements - {"using":"xpath","value":"//*[@id=\"__item129-__clone300-imgNav\"]"}
RESULT: {"using":"xpath","value":"//*[@id=\"__item129-__clone300-imgNav\"]"}
COMMAND: POST /session/cc787b9332752cdee0bcd1748733cdef/elements - {"using":"xpath","value":"//*[@id=\"__item129-__clone300-imgNav\"]"}
RESULT: {"using":"xpath","value":"//*[@id=\"__item129-__clone300-imgNav\"]"}
COMMAND: POST /session/cc787b9332752cdee0bcd1748733cdef/elements - {"using":"xpath","value":"//*[@id=\"__item129-__clone300-imgNav\"]"}
RESULT: {"using":"xpath","value":"//*[@id=\"__item129-__clone300-imgNav\"]"}
COMMAND: POST /session/cc787b9332752cdee0bcd1748733cdef/elements - {"using":"xpath","value":"//*[@id=\"__item129-__clone300-imgNav\"]"}
RESULT: {"using":"xpath","value":"//*[@id=\"__item129-__clone300-imgNav\"]"}
COMMAND: POST /session/cc787b9332752cdee0bcd1748733cdef/elements - {"using":"xpath","value":"//*[@id=\"__item129-__clone300-imgNav\"]"}
RESULT: {"using":"xpath","value":"//*[@id=\"__item129-__clone300-imgNav\"]"}
COMMAND: POST /session/cc787b9332752cdee0bcd1748733cdef/elements - {"using":"xpath","value":"//*[@id=\"__item129-__clone300-imgNav\"]"}
RESULT: {"using":"xpath","value":"//*[@id=\"__item129-__clone300-imgNav\"]"}
COMMAND: POST /session/cc787b9332752cdee0bcd1748733cdef/elements - {"using":"xpath","value":"//*[@id=\"__item129-__clone300-imgNav\"]"}
RESULT: {"using":"xpath","value":"//*[@id=\"__item129-__clone300-imgNav\"]"}
COMMAND: POST /session/cc787b9332752cdee0bcd1748733cdef/elements - {"using":"xpath","value":"//*[@id=\"__item129-__clone300-imgNav\"]"}
RESULT: {"using":"xpath","value":"//*[@id=\"__item129-__clone300-imgNav\"]"}
COMMAND: POST /session/cc787b9332752cdee0bcd1748733cdef/elements - {"using":"xpath","value":"//*[@id=\"__item129-__clone300-imgNav\"]"}
RESULT: {"using":"xpath","value":"//*[@id=\"__item129-__clone300-imgNav\"]"}
COMMAND: POST /session/cc787b9332752cdee0bcd1748733cdef/elements - {"using":"xpath","value":"//*[@id=\"__item129-__clone300-imgNav\"]"}
RESULT: {"using":"xpath","value":"//*[@id=\"__item129-__clone300-imgNav\"]"}
COMMAND: POST /session/cc787b9332752cdee0bcd1748733cdef/elements - {"using":"xpath","value":"//*[@id=\"__item129-__clone300-imgNav\"]"}
RESULT: {"using":"xpath","value":"//*[@id=\"__item129-__clone300-imgNav\"]"}
COMMAND: POST /session/cc787b9332752cdee0bcd1748733cdef/elements - {"using":"xpath","value":"//*[@id=\"__item129-__clone300-imgNav\"]"}
RESULT: {"using":"xpath","value":"//*[@id=\"__item129-__clone300-imgNav\"]"}
COMMAND: POST /session/cc787b9332752cdee0bcd1748733cdef/elements - {"using":"xpath","value":"//*[@id=\"__item129-__clone300-imgNav\"]"}
RESULT: {"using":"xpath","value":"//*[@id=\"__item129-__clone300-imgNav\"]"}
COMMAND: POST /session/cc787b9332752cdee0bcd1748733cdef/elements - {"using":"xpath","value":"//*[@id=\"__item129-__clone300-imgNav\"]"}
RESULT: {"using":"xpath","value":"//*[@id=\"__item129-__clone300-imgNav\"]"}
COMMAND: POST /session/cc787b9332752cdee0bcd1748733cdef/elements - {"using":"xpath","value":"//*[@id=\"__item129-__clone300-imgNav\"]"}
RESULT: {"using":"xpath","value":"//*[@id=\"__item129-__clone300-imgNav\"]"}
COMMAND: POST /session/cc787b9332752cdee0bcd1748733cdef/elements - {"using":"xpath","value":"//*[@id=\"__item129-__clone300-imgNav\"]"}
RESULT: {"using":"xpath","value":"//*[@id=\"__item129-__clone300-imgNav\"]"}
COMMAND: POST /session/cc787b9332752cdee0bcd1748733cdef/elements - {"using":"xpath","value":"//*[@id=\"__item129-__clone300-imgNav\"]"}
RESULT: {"using":"xpath","value":"//*[@id=\"__item129-__clone300-imgNav\"]"}
COMMAND: POST /session/cc787b9332752cdee0bcd1748733cdef/elements - {"using":"xpath","value":"//*[@id=\"__item129-__clone300-imgNav\"]"}
RESULT: {"using":"xpath","value":"//*[@id=\"__item129-__clone300-imgNav\"]"}
COMMAND: POST /session/cc787b9332752cdee0bcd1748733cdef/elements - {"using":"xpath","value":"//*[@id=\"__item129-__clone300-imgNav\"]"}
RESULT: {"using":"xpath","value":"//*[@id=\"__item129-__clone300-imgNav\"]"}
COMMAND: POST /session/cc787b9332752cdee0bcd1748733cdef/elements - {"using":"xpath","value":"//*[@id=\"__item129-__clone300-imgNav\"]"}
RESULT: {"using":"xpath","value":"//*[@id=\"__item129-__clone300-imgNav\"]"}
COMMAND: POST /session/cc787b9332752cdee0bcd1748733cdef/elements - {"using":"xpath","value":"//*[@id=\"__item129-__clone300-imgNav\"]"}
RESULT: {"using":"xpath","value":"//*[@id=\"__item129-__clone300-imgNav\"]"}
COMMAND: POST /session/cc787b9332752cdee0bcd1748733cdef/elements - {"using":"xpath","value":"//*[@id=\"__item129-__clone300-imgNav\"]"}
RESULT: {"using":"xpath","value":"//*[@id=\"__item129-__clone300-imgNav\"]"}
COMMAND: POST /session/cc787b9332752cdee0bcd1748733cdef/elements - {"using":"xpath","value":"//*[@id=\"__item129-__clone300-imgNav\"]"}
RESULT: {"using":"xpath","value":"//*[@id=\"__item129-__clone300-imgNav\"]"}
COMMAND: POST /session/cc787b9332752cdee0bcd1748733cdef/elements - {"using":"xpath","value":"//*[@id=\"__item129-__clone300-imgNav\"]"}
RESULT: {"using":"xpath","value":"//*[@id=\"__item129-__clone300-imgNav\"]"}
COMMAND: POST /session/cc787b9332752cdee0bcd1748733cdef/elements - {"using":"xpath","value":"//*[@id=\"__item129-__clone300-imgNav\"]"}
RESULT: {"using":"xpath","value":"//*[@id=\"__item129-__clone300-imgNav\"]"}
COMMAND: POST /session/cc787b9332752cdee0bcd1748733cdef/elements - {"using":"xpath","value":"//*[@id=\"__item129-__clone300-imgNav\"]"}
RESULT: {"using":"xpath","value":"//*[@id=\"__item129-__clone300-imgNav\"]"}
COMMAND: POST /session/cc787b9332752cdee0bcd1748733cdef/elements - {"using":"xpath","value":"//*[@id=\"__item129-__clone300-imgNav\"]"}
RESULT: {"using":"xpath","value":"//*[@id=\"__item129-__clone300-imgNav\"]"}
COMMAND: POST /session/cc787b9332752cdee0bcd1748733cdef/elements - {"using":"xpath","value":"//*[@id=\"__item129-__clone300-imgNav\"]"}
RESULT: {"using":"xpath","value":"//*[@id=\"__item129-__clone300-imgNav\"]"}
COMMAND: POST /session/cc787b9332752cdee0bcd1748733cdef/elements - {"using":"xpath","value":"//*[@id=\"__item129-__clone300-imgNav\"]"}
RESULT: {"using":"xpath","value":"//*[@id=\"__item129-__clone300-imgNav\"]"}
COMMAND: POST /session/cc787b9332752cdee0bcd1748733cdef/elements - {"using":"xpath","value":"//*[@id=\"__item129-__clone300-imgNav\"]"}
RESULT: {"using":"xpath","value":"//*[@id=\"__item129-__clone300-imgNav\"]"}
COMMAND: POST /session/cc787b9332752cdee0bcd1748733cdef/elements - {"using":"xpath","value":"//*[@id=\"__item129-__clone300-imgNav\"]"}
RESULT: {"using":"xpath","value":"//*[@id=\"__item129-__clone300-imgNav\"]"}
COMMAND: POST /session/cc787b9332752cdee0bcd1748733cdef/elements - {"using":"xpath","value":"//*[@id=\"__item129-__clone300-imgNav\"]"}
RESULT: {"using":"xpath","value":"//*[@id=\"__item129-__clone300-imgNav\"]"}
COMMAND: POST /session/cc787b9332752cdee0bcd1748733cdef/elements - {"using":"xpath","value":"//*[@id=\"__item129-__clone300-imgNav\"]"}
RESULT: {"using":"xpath","value":"//*[@id=\"__item129-__clone300-imgNav\"]"}
COMMAND: POST /session/cc787b9332752cdee0bcd1748733cdef/elements - {"using":"xpath","value":"//*[@id=\"__item129-__clone300-imgNav\"]"}
RESULT: {"using":"xpath","value":"//*[@id=\"__item129-__clone300-imgNav\"]"}
COMMAND: POST /session/cc787b9332752cdee0bcd1748733cdef/elements - {"using":"xpath","value":"//*[@id=\"__item129-__clone300-imgNav\"]"}
RESULT: {"using":"xpath","value":"//*[@id=\"__item129-__clone300-imgNav\"]"}
COMMAND: POST /session/cc787b9332752cdee0bcd1748733cdef/elements - {"using":"xpath","value":"//*[@id=\"__item129-__clone300-imgNav\"]"}
RESULT: {"using":"xpath","value":"//*[@id=\"__item129-__clone300-imgNav\"]"}
COMMAND: POST /session/cc787b9332752cdee0bcd1748733cdef/elements - {"using":"xpath","value":"//*[@id=\"__item129-__clone300-imgNav\"]"}
RESULT: {"using":"xpath","value":"//*[@id=\"__item129-__clone300-imgNav\"]"}
COMMAND: POST /session/cc787b9332752cdee0bcd1748733cdef/elements - {"using":"xpath","value":"//*[@id=\"__item129-__clone300-imgNav\"]"}
RESULT: {"using":"xpath","value":"//*[@id=\"__item129-__clone300-imgNav\"]"}
COMMAND: POST /session/cc787b9332752cdee0bcd1748733cdef/elements - {"using":"xpath","value":"//*[@id=\"__item129-__clone300-imgNav\"]"}
RESULT: {"using":"xpath","value":"//*[@id=\"__item129-__clone300-imgNav\"]"}
COMMAND: POST /session/cc787b9332752cdee0bcd1748733cdef/elements - {"using":"xpath","value":"//*[@id=\"__item129-__clone300-imgNav\"]"}
RESULT: {"using":"xpath","value":"//*[@id=\"__item129-__clone300-imgNav\"]"}
COMMAND: POST /session/cc787b9332752cdee0bcd1748733cdef/elements - {"using":"xpath","value":"//*[@id=\"__item129-__clone300-imgNav\"]"}
RESULT: {"using":"xpath","value":"//*[@id=\"__item129-__clone300-imgNav\"]"}
COMMAND: POST /session/cc787b9332752cdee0bcd1748733cdef/elements - {"using":"xpath","value":"//*[@id=\"__item129-__clone300-imgNav\"]"}
RESULT: {"using":"xpath","value":"//*[@id=\"__item129-__clone300-imgNav\"]"}
COMMAND: POST /session/cc787b9332752cdee0bcd1748733cdef/elements - {"using":"xpath","value":"//*[@id=\"__item129-__clone300-imgNav\"]"}
RESULT: {"using":"xpath","value":"//*[@id=\"__item129-__clone300-imgNav\"]"}
COMMAND: POST /session/cc787b9332752cdee0bcd1748733cdef/elements - {"using":"xpath","value":"//*[@id=\"__item129-__clone300-imgNav\"]"}
RESULT: {"using":"xpath","value":"//*[@id=\"__item129-__clone300-imgNav\"]"}
COMMAND: POST /session/cc787b9332752cdee0bcd1748733cdef/elements - {"using":"xpath","value":"//*[@id=\"__item129-__clone300-imgNav\"]"}
RESULT: {"using":"xpath","value":"//*[@id=\"__item129-__clone300-imgNav\"]"}
COMMAND: POST /session/cc787b9332752cdee0bcd1748733cdef/elements - {"using":"xpath","value":"//*[@id=\"__item129-__clone300-imgNav\"]"}
RESULT: {"using":"xpath","value":"//*[@id=\"__item129-__clone300-imgNav\"]"}
COMMAND: POST /session/cc787b9332752cdee0bcd1748733cdef/elements - {"using":"xpath","value":"//*[@id=\"__item129-__clone300-imgNav\"]"}
RESULT: {"using":"xpath","value":"//*[@id=\"__item129-__clone300-imgNav\"]"}
COMMAND: POST /session/cc787b9332752cdee0bcd1748733cdef/elements - {"using":"xpath","value":"//*[@id=\"__item129-__clone300-imgNav\"]"}
RESULT: {"using":"xpath","value":"//*[@id=\"__item129-__clone300-imgNav\"]"}
COMMAND: POST /session/cc787b9332752cdee0bcd1748733cdef/elements - {"using":"xpath","value":"//*[@id=\"__item129-__clone300-imgNav\"]"}
RESULT: {"using":"xpath","value":"//*[@id=\"__item129-__clone300-imgNav\"]"}
COMMAND: POST /session/cc787b9332752cdee0bcd1748733cdef/elements - {"using":"xpath","value":"//*[@id=\"__item129-__clone300-imgNav\"]"}
RESULT: {"using":"xpath","value":"//*[@id=\"__item129-__clone300-imgNav\"]"}
COMMAND: POST /session/cc787b9332752cdee0bcd1748733cdef/elements - {"using":"xpath","value":"//*[@id=\"__item129-__clone300-imgNav\"]"}
RESULT: {"using":"xpath","value":"//*[@id=\"__item129-__clone300-imgNav\"]"}
COMMAND: POST /session/cc787b9332752cdee0bcd1748733cdef/elements - {"using":"xpath","value":"//*[@id=\"__item129-__clone300-imgNav\"]"}
RESULT: {"using":"xpath","value":"//*[@id=\"__item129-__clone300-imgNav\"]"}
COMMAND: POST /session/cc787b9332752cdee0bcd1748733cdef/elements - {"using":"xpath","value":"//*[@id=\"__item129-__clone300-imgNav\"]"}
RESULT: {"using":"xpath","value":"//*[@id=\"__item129-__clone300-imgNav\"]"}
COMMAND: POST /session/cc787b9332752cdee0bcd1748733cdef/elements - {"using":"xpath","value":"//*[@id=\"__item129-__clone300-imgNav\"]"}
RESULT: {"using":"xpath","value":"//*[@id=\"__item129-__clone300-imgNav\"]"}
COMMAND: POST /session/cc787b9332752cdee0bcd1748733cdef/elements - {"using":"xpath","value":"//*[@id=\"__item129-__clone300-imgNav\"]"}
RESULT: {"using":"xpath","value":"//*[@id=\"__item129-__clone300-imgNav\"]"}
COMMAND: POST /session/cc787b9332752cdee0bcd1748733cdef/elements - {"using":"xpath","value":"//*[@id=\"__item129-__clone300-imgNav\"]"}
RESULT: {"using":"xpath","value":"//*[@id=\"__item129-__clone300-imgNav\"]"}
COMMAND: POST /session/cc787b9332752cdee0bcd1748733cdef/elements - {"using":"xpath","value":"//*[@id=\"__item129-__clone300-imgNav\"]"}
RESULT: {"using":"xpath","value":"//*[@id=\"__item129-__clone300-imgNav\"]"}
COMMAND: POST /session/cc787b9332752cdee0bcd1748733cdef/elements - {"using":"xpath","value":"//*[@id=\"__item129-__clone300-imgNav\"]"}
RESULT: {"using":"xpath","value":"//*[@id=\"__item129-__clone300-imgNav\"]"}
COMMAND: POST /session/cc787b9332752cdee0bcd1748733cdef/elements - {"using":"xpath","value":"//*[@id=\"__item129-__clone300-imgNav\"]"}
RESULT: {"using":"xpath","value":"//*[@id=\"__item129-__clone300-imgNav\"]"}
COMMAND: POST /session/cc787b9332752cdee0bcd1748733cdef/execute/async - {"script":"<script> [1562 bytes]","args":[{"selector":{"id":"cancelContractBtn","viewName":"etm.portal.ui.managecontracts.view.Detail","interaction":{"idSuffix":"BDI-content"}},"wdio_ui5_key":"cancelContractBtnetmportal.ui.managecontracts.view.Detail"}]}
RESULT: {"script":"<script> [1562 bytes]","args":[{"selector":{"id":"cancelContractBtn","viewName":"etm.portal.ui.managecontracts.view.Detail","interaction":{"idSuffix":"BDI-content"}},"wdio_ui5_key":"cancelContractBtnetmportal.ui.managecontracts.view.Detail"}]}
RESULT: undefined
COMMAND: POST /session/cc787b9332752cdee0bcd1748733cdef/execute/async - {"script":"<script> [1562 bytes]","args":[{"selector":{"controlType":"sap.m.Text","properties":{"text":"Do you want to cancel the whole contract?"},"searchOpenDialogs":true},"wdio_ui5_key":"sapm.Text{\"text\":\"Do you want to cancel the whole contract?\"}"}]}
RESULT: {"script":"<script> [1562 bytes]","args":[{"selector":{"controlType":"sap.m.Text","properties":{"text":"Do you want to cancel the whole contract?"},"searchOpenDialogs":true},"wdio_ui5_key":"sapm.Text{\"text\":\"Do you want to cancel the whole contract?\"}"}]}
RESULT: undefined
COMMAND: GET /session/cc787b9332752cdee0bcd1748733cdef/screenshot - {}
RESULT: {}
COMMAND: POST /session/cc787b9332752cdee0bcd1748733cdef/element - {"using":"css selector","value":"#shell-header-logo"}
COMMAND: GET /session/cc787b9332752cdee0bcd1748733cdef/screenshot - {}
COMMAND: GET /session/cc787b9332752cdee0bcd1748733cdef/screenshot - {}
RESULT: {"using":"css selector","value":"#shell-header-logo"}
COMMAND: POST /session/cc787b9332752cdee0bcd1748733cdef/element/f.40E06083F0E682023BA0E7AA24D478F4.d.8F1295105C442FA3BFA6C77C798C5F78.e.8020/click - {}
RESULT: {}
RESULT: {}
RESULT: {}
COMMAND: GET /session/cc787b9332752cdee0bcd1748733cdef/screenshot - {}
RESULT: {}
]]></system-out>
      <system-err><![CDATA[
Error: expect(received).toEqual(expected) // deep equality

Expected: "Do you want to cancel the whole contract?"
Received: undefined
    at Context.<anonymous> (D:\a\1\s\test\specs\R2C\standard-contract-decline.spec.js:78:37)
]]></system-err>
    </testcase>
  </testsuite>
  <testsuite timestamp="2025-06-14T18:12:09" time="178.503" tests="2" failures="0" errors="0" skipped="0">
    <properties>
      <property name="specId" value="0"/>
      <property name="suiteName" value="Insert service into a contract US152956"/>
      <property name="capabilities" value="chrome.137_0_7151_69.windows"/>
      <property name="file" value="file:///D:/a/1/s/test/specs/R2C/insert-service-into-a-contract.spec.js"/>
    </properties>
    <testcase classname="chrome.137_0_7151_69.windows.Insert_service_into_a_contract_US152956" name="Should create a new contract" time="95.142">
      <system-out><![CDATA[
RESULT: undefined
COMMAND: POST /session/cc787b9332752cdee0bcd1748733cdef/element - {"using":"xpath","value":"//*[@id=\"__tile132\"]"}
RESULT: {"using":"xpath","value":"//*[@id=\"__tile132\"]"}
COMMAND: POST /session/cc787b9332752cdee0bcd1748733cdef/element/f.40E06083F0E682023BA0E7AA24D478F4.d.8F1295105C442FA3BFA6C77C798C5F78.e.7291/click - {}
RESULT: {}
COMMAND: GET /session/cc787b9332752cdee0bcd1748733cdef/screenshot - {}
RESULT: {}
COMMAND: POST /session/cc787b9332752cdee0bcd1748733cdef/elements - {"using":"xpath","value":"//span[text()='Error']"}
RESULT: {"using":"xpath","value":"//span[text()='Error']"}
COMMAND: POST /session/cc787b9332752cdee0bcd1748733cdef/element - {"using":"xpath","value":"//button[@data-kt=\"addButton\"]"}
RESULT: {"using":"xpath","value":"//button[@data-kt=\"addButton\"]"}
COMMAND: POST /session/cc787b9332752cdee0bcd1748733cdef/element/f.40E06083F0E682023BA0E7AA24D478F4.d.8F1295105C442FA3BFA6C77C798C5F78.e.8181/click - {}
RESULT: {}
COMMAND: GET /session/cc787b9332752cdee0bcd1748733cdef/screenshot - {}
RESULT: {}
RESULT: undefined
COMMAND: POST /session/cc787b9332752cdee0bcd1748733cdef/execute/async - {"script":"<script> [776 bytes]","args":[{"enterText":"WdIOTestv14lc","selector":{"id":"application-managecontracts-display-component---AddNewContract--projectDescription","interaction":{"idSuffix":"inner"}},"clearTextFirst":true,"interactionType":"ENTER_TEXT"}]}
RESULT: {"script":"<script> [776 bytes]","args":[{"enterText":"WdIOTestv14lc","selector":{"id":"application-managecontracts-display-component---AddNewContract--projectDescription","interaction":{"idSuffix":"inner"}},"clearTextFirst":true,"interactionType":"ENTER_TEXT"}]}
COMMAND: POST /session/cc787b9332752cdee0bcd1748733cdef/element - {"using":"xpath","value":"//input[@id=\"application-managecontracts-display-component---AddNewContract--yardId-inner\"]"}
RESULT: {"using":"xpath","value":"//input[@id=\"application-managecontracts-display-component---AddNewContract--yardId-inner\"]"}
COMMAND: POST /session/cc787b9332752cdee0bcd1748733cdef/element/f.40E06083F0E682023BA0E7AA24D478F4.d.8F1295105C442FA3BFA6C77C798C5F78.e.8450/clear - {}
RESULT: {}
COMMAND: POST /session/cc787b9332752cdee0bcd1748733cdef/element/f.40E06083F0E682023BA0E7AA24D478F4.d.8F1295105C442FA3BFA6C77C798C5F78.e.8450/value - {"text":"WebdriverYardmlvdxg"}
COMMAND: GET /session/cc787b9332752cdee0bcd1748733cdef/screenshot - {}
RESULT: {"text":"WebdriverYardmlvdxg"}
COMMAND: GET /session/cc787b9332752cdee0bcd1748733cdef/screenshot - {}
RESULT: {}
RESULT: {}
COMMAND: POST /session/cc787b9332752cdee0bcd1748733cdef/actions - {"actions":[{"id":"action44","type":"key","parameters":{},"actions":[{"type":"keyDown","value":""},{"type":"pause","duration":10},{"type":"keyUp","value":""}]}]}
RESULT: {"actions":[{"id":"action44","type":"key","parameters":{},"actions":[{"type":"keyDown","value":""},{"type":"pause","duration":10},{"type":"keyUp","value":""}]}]}
COMMAND: GET /session/cc787b9332752cdee0bcd1748733cdef/screenshot - {}
RESULT: {}
COMMAND: POST /session/cc787b9332752cdee0bcd1748733cdef/element - {"using":"xpath","value":"//input[@id=\"application-managecontracts-display-component---AddNewContract--customerSelect-inner\"]"}
RESULT: {"using":"xpath","value":"//input[@id=\"application-managecontracts-display-component---AddNewContract--customerSelect-inner\"]"}
COMMAND: POST /session/cc787b9332752cdee0bcd1748733cdef/element/f.40E06083F0E682023BA0E7AA24D478F4.d.8F1295105C442FA3BFA6C77C798C5F78.e.8448/clear - {}
RESULT: {}
COMMAND: POST /session/cc787b9332752cdee0bcd1748733cdef/element/f.40E06083F0E682023BA0E7AA24D478F4.d.8F1295105C442FA3BFA6C77C798C5F78.e.8448/value - {"text":"WebdriverPartnercvfu3"}
COMMAND: GET /session/cc787b9332752cdee0bcd1748733cdef/screenshot - {}
RESULT: {"text":"WebdriverPartnercvfu3"}
COMMAND: GET /session/cc787b9332752cdee0bcd1748733cdef/screenshot - {}
RESULT: {}
RESULT: {}
COMMAND: POST /session/cc787b9332752cdee0bcd1748733cdef/actions - {"actions":[{"id":"action45","type":"key","parameters":{},"actions":[{"type":"keyDown","value":""},{"type":"pause","duration":10},{"type":"keyUp","value":""}]}]}
RESULT: {"actions":[{"id":"action45","type":"key","parameters":{},"actions":[{"type":"keyDown","value":""},{"type":"pause","duration":10},{"type":"keyUp","value":""}]}]}
COMMAND: GET /session/cc787b9332752cdee0bcd1748733cdef/screenshot - {}
RESULT: {}
COMMAND: POST /session/cc787b9332752cdee0bcd1748733cdef/element - {"using":"xpath","value":"//input[@id=\"application-managecontracts-display-component---AddNewContract--site-inner\"]"}
RESULT: {"using":"xpath","value":"//input[@id=\"application-managecontracts-display-component---AddNewContract--site-inner\"]"}
COMMAND: POST /session/cc787b9332752cdee0bcd1748733cdef/element/f.40E06083F0E682023BA0E7AA24D478F4.d.8F1295105C442FA3BFA6C77C798C5F78.e.8449/clear - {}
RESULT: {}
COMMAND: POST /session/cc787b9332752cdee0bcd1748733cdef/element/f.40E06083F0E682023BA0E7AA24D478F4.d.8F1295105C442FA3BFA6C77C798C5F78.e.8449/value - {"text":"WebdriverSitenfybj"}
COMMAND: GET /session/cc787b9332752cdee0bcd1748733cdef/screenshot - {}
RESULT: {"text":"WebdriverSitenfybj"}
COMMAND: GET /session/cc787b9332752cdee0bcd1748733cdef/screenshot - {}
RESULT: {}
RESULT: {}
COMMAND: POST /session/cc787b9332752cdee0bcd1748733cdef/actions - {"actions":[{"id":"action46","type":"key","parameters":{},"actions":[{"type":"keyDown","value":""},{"type":"pause","duration":10},{"type":"keyUp","value":""}]}]}
RESULT: {"actions":[{"id":"action46","type":"key","parameters":{},"actions":[{"type":"keyDown","value":""},{"type":"pause","duration":10},{"type":"keyUp","value":""}]}]}
COMMAND: GET /session/cc787b9332752cdee0bcd1748733cdef/screenshot - {}
RESULT: {}
COMMAND: POST /session/cc787b9332752cdee0bcd1748733cdef/element - {"using":"xpath","value":"//button[@data-kt=\"saveButton\"]"}
RESULT: {"using":"xpath","value":"//button[@data-kt=\"saveButton\"]"}
COMMAND: POST /session/cc787b9332752cdee0bcd1748733cdef/element/f.40E06083F0E682023BA0E7AA24D478F4.d.8F1295105C442FA3BFA6C77C798C5F78.e.8524/click - {}
RESULT: {}
COMMAND: GET /session/cc787b9332752cdee0bcd1748733cdef/screenshot - {}
RESULT: {}
RESULT: undefined
COMMAND: POST /session/cc787b9332752cdee0bcd1748733cdef/execute/async - {"script":"<script> [6424 bytes]","args":[{"element-6066-11e4-a52e-4f735466cecf":"f.40E06083F0E682023BA0E7AA24D478F4.d.8F1295105C442FA3BFA6C77C798C5F78.e.7761"},"getText",[]]}
COMMAND: POST /session/cc787b9332752cdee0bcd1748733cdef/execute/async - {"script":"<script> [1562 bytes]","args":[{"selector":{"id":"contractDetailTitleNoExpanded","viewName":"etm.portal.ui.managecontracts.view.Detail"},"wdio_ui5_key":"contractDetailTitleNoExpandedetmportal.ui.managecontracts.view.Detail"}]}
RESULT: {"script":"<script> [1562 bytes]","args":[{"selector":{"id":"contractDetailTitleNoExpanded","viewName":"etm.portal.ui.managecontracts.view.Detail"},"wdio_ui5_key":"contractDetailTitleNoExpandedetmportal.ui.managecontracts.view.Detail"}]}
COMMAND: POST /session/cc787b9332752cdee0bcd1748733cdef/execute/async - {"script":"<script> [6424 bytes]","args":[{"element-6066-11e4-a52e-4f735466cecf":"f.40E06083F0E682023BA0E7AA24D478F4.d.8F1295105C442FA3BFA6C77C798C5F78.e.8604"},"getText",[]]}
RESULT: {"script":"<script> [6424 bytes]","args":[{"element-6066-11e4-a52e-4f735466cecf":"f.40E06083F0E682023BA0E7AA24D478F4.d.8F1295105C442FA3BFA6C77C798C5F78.e.8604"},"getText",[]]}
]]></system-out>
    </testcase>
    <testcase classname="chrome.137_0_7151_69.windows.Insert_service_into_a_contract_US152956" name="Should add a service unit and a service group to the contract" time="78.617">
      <system-out><![CDATA[
COMMAND: POST /session/cc787b9332752cdee0bcd1748733cdef/element - {"using":"xpath","value":"//button[@data-kt=\"contractDetailEditBtnButton\"]"}
RESULT: {"using":"xpath","value":"//button[@data-kt=\"contractDetailEditBtnButton\"]"}
COMMAND: POST /session/cc787b9332752cdee0bcd1748733cdef/execute/sync - {"script":"<script> [8489 bytes]","args":[{"element-6066-11e4-a52e-4f735466cecf":"f.40E06083F0E682023BA0E7AA24D478F4.d.8F1295105C442FA3BFA6C77C798C5F78.e.8605","ELEMENT":"f.40E06083F0E682023BA0E7AA24D478F4.d.8F1295105C442FA3BFA6C77C798C5F78.e.8605"}]}
RESULT: {"script":"<script> [8489 bytes]","args":[{"element-6066-11e4-a52e-4f735466cecf":"f.40E06083F0E682023BA0E7AA24D478F4.d.8F1295105C442FA3BFA6C77C798C5F78.e.8605","ELEMENT":"f.40E06083F0E682023BA0E7AA24D478F4.d.8F1295105C442FA3BFA6C77C798C5F78.e.8605"}]}
COMMAND: POST /session/cc787b9332752cdee0bcd1748733cdef/execute/sync - {"script":"<script> [8489 bytes]","args":[{"element-6066-11e4-a52e-4f735466cecf":"f.40E06083F0E682023BA0E7AA24D478F4.d.8F1295105C442FA3BFA6C77C798C5F78.e.8605","ELEMENT":"f.40E06083F0E682023BA0E7AA24D478F4.d.8F1295105C442FA3BFA6C77C798C5F78.e.8605"}]}
COMMAND: GET /session/cc787b9332752cdee0bcd1748733cdef/screenshot - {}
RESULT: {"script":"<script> [8489 bytes]","args":[{"element-6066-11e4-a52e-4f735466cecf":"f.40E06083F0E682023BA0E7AA24D478F4.d.8F1295105C442FA3BFA6C77C798C5F78.e.8605","ELEMENT":"f.40E06083F0E682023BA0E7AA24D478F4.d.8F1295105C442FA3BFA6C77C798C5F78.e.8605"}]}
COMMAND: POST /session/cc787b9332752cdee0bcd1748733cdef/execute/sync - {"script":"<script> [5351 bytes]","args":[{"element-6066-11e4-a52e-4f735466cecf":"f.40E06083F0E682023BA0E7AA24D478F4.d.8F1295105C442FA3BFA6C77C798C5F78.e.8605","ELEMENT":"f.40E06083F0E682023BA0E7AA24D478F4.d.8F1295105C442FA3BFA6C77C798C5F78.e.8605"}]}
COMMAND: GET /session/cc787b9332752cdee0bcd1748733cdef/screenshot - {}
RESULT: {}
RESULT: {"script":"<script> [5351 bytes]","args":[{"element-6066-11e4-a52e-4f735466cecf":"f.40E06083F0E682023BA0E7AA24D478F4.d.8F1295105C442FA3BFA6C77C798C5F78.e.8605","ELEMENT":"f.40E06083F0E682023BA0E7AA24D478F4.d.8F1295105C442FA3BFA6C77C798C5F78.e.8605"}]}
COMMAND: POST /session/cc787b9332752cdee0bcd1748733cdef/element/f.40E06083F0E682023BA0E7AA24D478F4.d.8F1295105C442FA3BFA6C77C798C5F78.e.8605/click - {}
COMMAND: GET /session/cc787b9332752cdee0bcd1748733cdef/screenshot - {}
RESULT: {}
RESULT: {}
COMMAND: GET /session/cc787b9332752cdee0bcd1748733cdef/screenshot - {}
RESULT: {}
RESULT: {}
COMMAND: POST /session/cc787b9332752cdee0bcd1748733cdef/element - {"using":"xpath","value":"(//span[contains(text(), \"Additional Addresses\")])[2]"}
RESULT: {"using":"xpath","value":"(//span[contains(text(), \"Additional Addresses\")])[2]"}
COMMAND: POST /session/cc787b9332752cdee0bcd1748733cdef/element/f.40E06083F0E682023BA0E7AA24D478F4.d.8F1295105C442FA3BFA6C77C798C5F78.e.8663/click - {}
RESULT: {}
COMMAND: GET /session/cc787b9332752cdee0bcd1748733cdef/screenshot - {}
RESULT: {}
COMMAND: POST /session/cc787b9332752cdee0bcd1748733cdef/element - {"using":"xpath","value":"//button[@data-kt=\"btnAddTableRowOverflowToolbarButton\"]"}
RESULT: {"using":"xpath","value":"//button[@data-kt=\"btnAddTableRowOverflowToolbarButton\"]"}
COMMAND: POST /session/cc787b9332752cdee0bcd1748733cdef/element/f.40E06083F0E682023BA0E7AA24D478F4.d.8F1295105C442FA3BFA6C77C798C5F78.e.8665/click - {}
RESULT: {}
COMMAND: GET /session/cc787b9332752cdee0bcd1748733cdef/screenshot - {}
RESULT: {}
COMMAND: POST /session/cc787b9332752cdee0bcd1748733cdef/element - {"using":"xpath","value":"//div[(text() = 'Standard Entry' or . = 'Standard Entry')]"}
RESULT: {"using":"xpath","value":"//div[(text() = 'Standard Entry' or . = 'Standard Entry')]"}
COMMAND: POST /session/cc787b9332752cdee0bcd1748733cdef/element/f.40E06083F0E682023BA0E7AA24D478F4.d.8F1295105C442FA3BFA6C77C798C5F78.e.8667/click - {}
RESULT: {}
COMMAND: POST /session/cc787b9332752cdee0bcd1748733cdef/element - {"using":"xpath","value":"//button[@data-kt=\"btnAddTableRowOverflowToolbarButton\"]"}
COMMAND: GET /session/cc787b9332752cdee0bcd1748733cdef/screenshot - {}
RESULT: {"using":"xpath","value":"//button[@data-kt=\"btnAddTableRowOverflowToolbarButton\"]"}
COMMAND: POST /session/cc787b9332752cdee0bcd1748733cdef/element/f.40E06083F0E682023BA0E7AA24D478F4.d.8F1295105C442FA3BFA6C77C798C5F78.e.8665/click - {}
RESULT: {}
RESULT: {}
COMMAND: GET /session/cc787b9332752cdee0bcd1748733cdef/screenshot - {}
RESULT: {}
COMMAND: POST /session/cc787b9332752cdee0bcd1748733cdef/element - {"using":"xpath","value":"//div[(text() = 'Standard Entry' or . = 'Standard Entry')]"}
RESULT: {"using":"xpath","value":"//div[(text() = 'Standard Entry' or . = 'Standard Entry')]"}
COMMAND: POST /session/cc787b9332752cdee0bcd1748733cdef/element/f.40E06083F0E682023BA0E7AA24D478F4.d.8F1295105C442FA3BFA6C77C798C5F78.e.8679/click - {}
RESULT: {}
COMMAND: POST /session/cc787b9332752cdee0bcd1748733cdef/element - {"using":"xpath","value":"(//td[6]/div/div/input)[1]"}
COMMAND: GET /session/cc787b9332752cdee0bcd1748733cdef/screenshot - {}
RESULT: {"using":"xpath","value":"(//td[6]/div/div/input)[1]"}
COMMAND: POST /session/cc787b9332752cdee0bcd1748733cdef/element/f.40E06083F0E682023BA0E7AA24D478F4.d.8F1295105C442FA3BFA6C77C798C5F78.e.8681/click - {}
RESULT: {}
RESULT: {}
COMMAND: POST /session/cc787b9332752cdee0bcd1748733cdef/actions - {"actions":[{"id":"action47","type":"key","parameters":{},"actions":[{"type":"keyDown","value":""},{"type":"pause","duration":10},{"type":"keyUp","value":""}]}]}
COMMAND: GET /session/cc787b9332752cdee0bcd1748733cdef/screenshot - {}
RESULT: {"actions":[{"id":"action47","type":"key","parameters":{},"actions":[{"type":"keyDown","value":""},{"type":"pause","duration":10},{"type":"keyUp","value":""}]}]}
COMMAND: POST /session/cc787b9332752cdee0bcd1748733cdef/element - {"using":"xpath","value":"(//td[6]/div/div/input)[1]"}
COMMAND: GET /session/cc787b9332752cdee0bcd1748733cdef/screenshot - {}
RESULT: {}
RESULT: {"using":"xpath","value":"(//td[6]/div/div/input)[1]"}
COMMAND: POST /session/cc787b9332752cdee0bcd1748733cdef/element/f.40E06083F0E682023BA0E7AA24D478F4.d.8F1295105C442FA3BFA6C77C798C5F78.e.8681/clear - {}
RESULT: {}
RESULT: {}
COMMAND: POST /session/cc787b9332752cdee0bcd1748733cdef/element/f.40E06083F0E682023BA0E7AA24D478F4.d.8F1295105C442FA3BFA6C77C798C5F78.e.8681/value - {"text":"Service Unit"}
COMMAND: GET /session/cc787b9332752cdee0bcd1748733cdef/screenshot - {}
RESULT: {"text":"Service Unit"}
COMMAND: GET /session/cc787b9332752cdee0bcd1748733cdef/screenshot - {}
RESULT: {}
RESULT: {}
COMMAND: POST /session/cc787b9332752cdee0bcd1748733cdef/actions - {"actions":[{"id":"action48","type":"key","parameters":{},"actions":[{"type":"keyDown","value":""},{"type":"pause","duration":10},{"type":"keyUp","value":""}]}]}
RESULT: {"actions":[{"id":"action48","type":"key","parameters":{},"actions":[{"type":"keyDown","value":""},{"type":"pause","duration":10},{"type":"keyUp","value":""}]}]}
COMMAND: GET /session/cc787b9332752cdee0bcd1748733cdef/screenshot - {}
RESULT: {}
COMMAND: POST /session/cc787b9332752cdee0bcd1748733cdef/actions - {"actions":[{"id":"action49","type":"key","parameters":{},"actions":[{"type":"keyDown","value":""},{"type":"pause","duration":10},{"type":"keyUp","value":""}]}]}
RESULT: {"actions":[{"id":"action49","type":"key","parameters":{},"actions":[{"type":"keyDown","value":""},{"type":"pause","duration":10},{"type":"keyUp","value":""}]}]}
COMMAND: POST /session/cc787b9332752cdee0bcd1748733cdef/element - {"using":"xpath","value":"(//td[7]/div/div/input)[1]"}
COMMAND: GET /session/cc787b9332752cdee0bcd1748733cdef/screenshot - {}
RESULT: {"using":"xpath","value":"(//td[7]/div/div/input)[1]"}
COMMAND: POST /session/cc787b9332752cdee0bcd1748733cdef/element/f.40E06083F0E682023BA0E7AA24D478F4.d.8F1295105C442FA3BFA6C77C798C5F78.e.8697/clear - {}
RESULT: {}
RESULT: {}
COMMAND: POST /session/cc787b9332752cdee0bcd1748733cdef/element/f.40E06083F0E682023BA0E7AA24D478F4.d.8F1295105C442FA3BFA6C77C798C5F78.e.8697/value - {"text":"1000001"}
COMMAND: GET /session/cc787b9332752cdee0bcd1748733cdef/screenshot - {}
RESULT: {"text":"1000001"}
COMMAND: GET /session/cc787b9332752cdee0bcd1748733cdef/screenshot - {}
RESULT: {}
RESULT: {}
COMMAND: POST /session/cc787b9332752cdee0bcd1748733cdef/actions - {"actions":[{"id":"action50","type":"key","parameters":{},"actions":[{"type":"keyDown","value":""},{"type":"pause","duration":10},{"type":"keyUp","value":""}]}]}
RESULT: {"actions":[{"id":"action50","type":"key","parameters":{},"actions":[{"type":"keyDown","value":""},{"type":"pause","duration":10},{"type":"keyUp","value":""}]}]}
COMMAND: GET /session/cc787b9332752cdee0bcd1748733cdef/screenshot - {}
RESULT: {}
COMMAND: POST /session/cc787b9332752cdee0bcd1748733cdef/actions - {"actions":[{"id":"action51","type":"key","parameters":{},"actions":[{"type":"keyDown","value":""},{"type":"pause","duration":10},{"type":"keyUp","value":""}]}]}
RESULT: {"actions":[{"id":"action51","type":"key","parameters":{},"actions":[{"type":"keyDown","value":""},{"type":"pause","duration":10},{"type":"keyUp","value":""}]}]}
COMMAND: GET /session/cc787b9332752cdee0bcd1748733cdef/screenshot - {}
RESULT: {}
COMMAND: POST /session/cc787b9332752cdee0bcd1748733cdef/element - {"using":"xpath","value":"(//td[6]/div/div/input)[2]"}
RESULT: {"using":"xpath","value":"(//td[6]/div/div/input)[2]"}
COMMAND: POST /session/cc787b9332752cdee0bcd1748733cdef/element/f.40E06083F0E682023BA0E7AA24D478F4.d.8F1295105C442FA3BFA6C77C798C5F78.e.8669/click - {}
RESULT: {}
COMMAND: POST /session/cc787b9332752cdee0bcd1748733cdef/actions - {"actions":[{"id":"action52","type":"key","parameters":{},"actions":[{"type":"keyDown","value":""},{"type":"pause","duration":10},{"type":"keyUp","value":""}]}]}
COMMAND: GET /session/cc787b9332752cdee0bcd1748733cdef/screenshot - {}
RESULT: {"actions":[{"id":"action52","type":"key","parameters":{},"actions":[{"type":"keyDown","value":""},{"type":"pause","duration":10},{"type":"keyUp","value":""}]}]}
COMMAND: POST /session/cc787b9332752cdee0bcd1748733cdef/element - {"using":"xpath","value":"(//td[6]/div/div/input)[2]"}
COMMAND: GET /session/cc787b9332752cdee0bcd1748733cdef/screenshot - {}
RESULT: {}
RESULT: {}
RESULT: {"using":"xpath","value":"(//td[6]/div/div/input)[2]"}
COMMAND: POST /session/cc787b9332752cdee0bcd1748733cdef/element/f.40E06083F0E682023BA0E7AA24D478F4.d.8F1295105C442FA3BFA6C77C798C5F78.e.8669/clear - {}
RESULT: {}
COMMAND: POST /session/cc787b9332752cdee0bcd1748733cdef/element/f.40E06083F0E682023BA0E7AA24D478F4.d.8F1295105C442FA3BFA6C77C798C5F78.e.8669/value - {"text":"Service Unit Group"}
COMMAND: GET /session/cc787b9332752cdee0bcd1748733cdef/screenshot - {}
RESULT: {"text":"Service Unit Group"}
COMMAND: GET /session/cc787b9332752cdee0bcd1748733cdef/screenshot - {}
RESULT: {}
RESULT: {}
COMMAND: POST /session/cc787b9332752cdee0bcd1748733cdef/actions - {"actions":[{"id":"action53","type":"key","parameters":{},"actions":[{"type":"keyDown","value":""},{"type":"pause","duration":10},{"type":"keyUp","value":""}]}]}
RESULT: {"actions":[{"id":"action53","type":"key","parameters":{},"actions":[{"type":"keyDown","value":""},{"type":"pause","duration":10},{"type":"keyUp","value":""}]}]}
COMMAND: GET /session/cc787b9332752cdee0bcd1748733cdef/screenshot - {}
RESULT: {}
COMMAND: POST /session/cc787b9332752cdee0bcd1748733cdef/actions - {"actions":[{"id":"action54","type":"key","parameters":{},"actions":[{"type":"keyDown","value":""},{"type":"pause","duration":10},{"type":"keyUp","value":""}]}]}
RESULT: {"actions":[{"id":"action54","type":"key","parameters":{},"actions":[{"type":"keyDown","value":""},{"type":"pause","duration":10},{"type":"keyUp","value":""}]}]}
COMMAND: POST /session/cc787b9332752cdee0bcd1748733cdef/element - {"using":"xpath","value":"(//td[7]/div/div/input)[2]"}
COMMAND: GET /session/cc787b9332752cdee0bcd1748733cdef/screenshot - {}
RESULT: {"using":"xpath","value":"(//td[7]/div/div/input)[2]"}
COMMAND: POST /session/cc787b9332752cdee0bcd1748733cdef/element/f.40E06083F0E682023BA0E7AA24D478F4.d.8F1295105C442FA3BFA6C77C798C5F78.e.8726/clear - {}
RESULT: {}
RESULT: {}
COMMAND: POST /session/cc787b9332752cdee0bcd1748733cdef/element/f.40E06083F0E682023BA0E7AA24D478F4.d.8F1295105C442FA3BFA6C77C798C5F78.e.8726/value - {"text":"1100001"}
COMMAND: GET /session/cc787b9332752cdee0bcd1748733cdef/screenshot - {}
RESULT: {"text":"1100001"}
COMMAND: GET /session/cc787b9332752cdee0bcd1748733cdef/screenshot - {}
RESULT: {}
RESULT: {}
COMMAND: POST /session/cc787b9332752cdee0bcd1748733cdef/actions - {"actions":[{"id":"action55","type":"key","parameters":{},"actions":[{"type":"keyDown","value":""},{"type":"pause","duration":10},{"type":"keyUp","value":""}]}]}
RESULT: {"actions":[{"id":"action55","type":"key","parameters":{},"actions":[{"type":"keyDown","value":""},{"type":"pause","duration":10},{"type":"keyUp","value":""}]}]}
COMMAND: GET /session/cc787b9332752cdee0bcd1748733cdef/screenshot - {}
RESULT: {}
COMMAND: POST /session/cc787b9332752cdee0bcd1748733cdef/actions - {"actions":[{"id":"action56","type":"key","parameters":{},"actions":[{"type":"keyDown","value":""},{"type":"pause","duration":10},{"type":"keyUp","value":""}]}]}
RESULT: {"actions":[{"id":"action56","type":"key","parameters":{},"actions":[{"type":"keyDown","value":""},{"type":"pause","duration":10},{"type":"keyUp","value":""}]}]}
COMMAND: GET /session/cc787b9332752cdee0bcd1748733cdef/screenshot - {}
RESULT: {}
COMMAND: POST /session/cc787b9332752cdee0bcd1748733cdef/element - {"using":"xpath","value":"(//button[@data-kt=\"saveButton\"])[2]"}
RESULT: {"using":"xpath","value":"(//button[@data-kt=\"saveButton\"])[2]"}
COMMAND: POST /session/cc787b9332752cdee0bcd1748733cdef/element/f.40E06083F0E682023BA0E7AA24D478F4.d.8F1295105C442FA3BFA6C77C798C5F78.e.8750/click - {}
RESULT: {}
COMMAND: GET /session/cc787b9332752cdee0bcd1748733cdef/screenshot - {}
RESULT: {}
COMMAND: POST /session/cc787b9332752cdee0bcd1748733cdef/element - {"using":"xpath","value":"(//span[contains(text(), \"Additional Addresses\")])[1]"}
RESULT: {"using":"xpath","value":"(//span[contains(text(), \"Additional Addresses\")])[1]"}
COMMAND: POST /session/cc787b9332752cdee0bcd1748733cdef/element/f.40E06083F0E682023BA0E7AA24D478F4.d.8F1295105C442FA3BFA6C77C798C5F78.e.8753/click - {}
RESULT: {}
COMMAND: GET /session/cc787b9332752cdee0bcd1748733cdef/screenshot - {}
RESULT: {}
COMMAND: POST /session/cc787b9332752cdee0bcd1748733cdef/execute/async - {"script":"<script> [1562 bytes]","args":[{"selector":{"controlType":"sap.m.Title","viewName":"etm.portal.ui.managecontracts.view.Detail","properties":{"text":"Contract Items (2)"}},"wdio_ui5_key":"etmportal.ui.managecontracts.view.Detailsap.m.Title{\"text\":\"Contract Items (2)\"}"}]}
RESULT: {"script":"<script> [1562 bytes]","args":[{"selector":{"controlType":"sap.m.Title","viewName":"etm.portal.ui.managecontracts.view.Detail","properties":{"text":"Contract Items (2)"}},"wdio_ui5_key":"etmportal.ui.managecontracts.view.Detailsap.m.Title{\"text\":\"Contract Items (2)\"}"}]}
RESULT: undefined
COMMAND: POST /session/cc787b9332752cdee0bcd1748733cdef/execute/async - {"script":"<script> [6424 bytes]","args":[{"element-6066-11e4-a52e-4f735466cecf":"f.40E06083F0E682023BA0E7AA24D478F4.d.8F1295105C442FA3BFA6C77C798C5F78.e.8755"},"getText",[]]}
RESULT: {"script":"<script> [6424 bytes]","args":[{"element-6066-11e4-a52e-4f735466cecf":"f.40E06083F0E682023BA0E7AA24D478F4.d.8F1295105C442FA3BFA6C77C798C5F78.e.8755"},"getText",[]]}
COMMAND: POST /session/cc787b9332752cdee0bcd1748733cdef/element - {"using":"xpath","value":"(//span[contains(@class ,\"sapMObjStatusText\")])[1]"}
RESULT: {"using":"xpath","value":"(//span[contains(@class ,\"sapMObjStatusText\")])[1]"}
COMMAND: GET /session/cc787b9332752cdee0bcd1748733cdef/element/f.40E06083F0E682023BA0E7AA24D478F4.d.8F1295105C442FA3BFA6C77C798C5F78.e.8756/text - {}
RESULT: {}
COMMAND: POST /session/cc787b9332752cdee0bcd1748733cdef/element - {"using":"xpath","value":"(//span[contains(@class ,\"sapMObjStatusText\")])[4]"}
RESULT: {"using":"xpath","value":"(//span[contains(@class ,\"sapMObjStatusText\")])[4]"}
COMMAND: GET /session/cc787b9332752cdee0bcd1748733cdef/element/f.40E06083F0E682023BA0E7AA24D478F4.d.8F1295105C442FA3BFA6C77C798C5F78.e.8757/text - {}
RESULT: {}
COMMAND: POST /session/cc787b9332752cdee0bcd1748733cdef/element - {"using":"css selector","value":"#shell-header-logo"}
RESULT: {"using":"css selector","value":"#shell-header-logo"}
COMMAND: POST /session/cc787b9332752cdee0bcd1748733cdef/element/f.40E06083F0E682023BA0E7AA24D478F4.d.8F1295105C442FA3BFA6C77C798C5F78.e.8138/click - {}
RESULT: {}
COMMAND: GET /session/cc787b9332752cdee0bcd1748733cdef/screenshot - {}
RESULT: {}
]]></system-out>
    </testcase>
  </testsuite>
  <testsuite timestamp="2025-06-14T18:15:07" time="199.646" tests="2" failures="1" errors="1" skipped="0">
    <properties>
      <property name="specId" value="0"/>
      <property name="suiteName" value="Reduced contract US151275"/>
      <property name="capabilities" value="chrome.137_0_7151_69.windows"/>
      <property name="file" value="file:///D:/a/1/s/test/specs/R2C/reduced-contract-creation.spec.js"/>
    </properties>
    <testcase classname="chrome.137_0_7151_69.windows.Reduced_contract_US151275" name="Should create a new reduced contract" time="126.683">
      <system-out><![CDATA[
RESULT: undefined
COMMAND: POST /session/cc787b9332752cdee0bcd1748733cdef/element - {"using":"xpath","value":"//*[@id=\"__tile132\"]"}
RESULT: {"using":"xpath","value":"//*[@id=\"__tile132\"]"}
COMMAND: POST /session/cc787b9332752cdee0bcd1748733cdef/element/f.40E06083F0E682023BA0E7AA24D478F4.d.8F1295105C442FA3BFA6C77C798C5F78.e.7291/click - {}
RESULT: {}
COMMAND: GET /session/cc787b9332752cdee0bcd1748733cdef/screenshot - {}
RESULT: {}
COMMAND: POST /session/cc787b9332752cdee0bcd1748733cdef/element - {"using":"xpath","value":"//button[@data-kt=\"addButton\"]"}
RESULT: {"using":"xpath","value":"//button[@data-kt=\"addButton\"]"}
COMMAND: POST /session/cc787b9332752cdee0bcd1748733cdef/element/f.40E06083F0E682023BA0E7AA24D478F4.d.8F1295105C442FA3BFA6C77C798C5F78.e.8810/click - {}
RESULT: {}
COMMAND: GET /session/cc787b9332752cdee0bcd1748733cdef/screenshot - {}
RESULT: {}
COMMAND: POST /session/cc787b9332752cdee0bcd1748733cdef/elements - {"using":"xpath","value":"//span[text()='Error']"}
RESULT: {"using":"xpath","value":"//span[text()='Error']"}
COMMAND: POST /session/cc787b9332752cdee0bcd1748733cdef/refresh - {}
RESULT: {}
COMMAND: GET /session/cc787b9332752cdee0bcd1748733cdef/screenshot - {}
RESULT: {}
COMMAND: POST /session/cc787b9332752cdee0bcd1748733cdef/execute/async - {"script":"<script> [189 bytes]","args":[]}
RESULT: {"script":"<script> [189 bytes]","args":[]}
COMMAND: POST /session/cc787b9332752cdee0bcd1748733cdef/execute/async - {"script":"<script> [123 bytes]","args":[]}
RESULT: {"script":"<script> [123 bytes]","args":[]}
COMMAND: POST /session/cc787b9332752cdee0bcd1748733cdef/timeouts - {"script":"<number>"}
RESULT: {"script":"<number>"}
COMMAND: GET /session/cc787b9332752cdee0bcd1748733cdef/timeouts - {}
RESULT: {}
RESULT: undefined
COMMAND: POST /session/cc787b9332752cdee0bcd1748733cdef/execute/async - {"script":"<script> [2676 bytes]","args":[]}
RESULT: {"script":"<script> [2676 bytes]","args":[]}
COMMAND: POST /session/cc787b9332752cdee0bcd1748733cdef/execute/async - {"script":"<script> [2342 bytes]","args":[{"protocol":"http","hostname":"0.0.0.0","path":"/","capabilities":{"browserName":"chrome","goog:chromeOptions":{"binary":"C:\\Program Files\\Google\\Chrome\\Application\\chrome.exe","args":["--start-maximized"]}},"logLevel":"warn","connectionRetryTimeout":120000,"connectionRetryCount":3,"logLevels":{},"enableDirectConnect":true,"strictSSL":true,"_":"65 more keys: [\"cacheDir\",\"port\",\"requestedCapabilities\",\"automationProtocol\",\"baseUrl\",\"waitforInterval\",\"waitforTimeout\",\"onReload\",\"beforeCommand\",\"afterCommand\",\"rootDir\",\"specs\",\"suites\",\"exclude\",\"groupLogsByTestSpec\",\"excludeDriverLogs\",\"bail\",\"framework\",\"reporters\",\"services\",\"maxInstances\",\"maxInstancesPerCapability\",\"injectGlobals\",\"filesToWatch\",\"execArgv\",\"runnerEnv\",\"runner\",\"shard\",\"specFileRetries\",\"specFileRetriesDelay\",\"specFileRetriesDeferred\",\"reporterSyncInterval\",\"reporterSyncTimeout\",\"cucumberFeaturesWithLineNumbers\",\"autoCompileOpts\",\"mochaOpts\",\"jasmineOpts\",\"cucumberOpts\",\"onPrepare\",\"onWorkerStart\",\"onWorkerEnd\",\"before\",\"beforeSession\",\"beforeSuite\",\"beforeHook\",\"beforeTest\",\"afterTest\",\"afterHook\",\"afterSuite\",\"afterSession\",\"after\",\"onComplete\",\"beforeAssertion\",\"afterAssertion\",\"beforeFeature\",\"beforeScenario\",\"beforeStep\",\"afterStep\",\"afterScenario\",\"afterFeature\",\"_\",\"suite\",\"$0\",\"ignoredWorkerServices\",\"wdi5\"]"}]}
RESULT: {"script":"<script> [2342 bytes]","args":[{"protocol":"http","hostname":"0.0.0.0","path":"/","capabilities":{"browserName":"chrome","goog:chromeOptions":{"binary":"C:\\Program Files\\Google\\Chrome\\Application\\chrome.exe","args":["--start-maximized"]}},"logLevel":"warn","connectionRetryTimeout":120000,"connectionRetryCount":3,"logLevels":{},"enableDirectConnect":true,"strictSSL":true,"_":"65 more keys: [\"cacheDir\",\"port\",\"requestedCapabilities\",\"automationProtocol\",\"baseUrl\",\"waitforInterval\",\"waitforTimeout\",\"onReload\",\"beforeCommand\",\"afterCommand\",\"rootDir\",\"specs\",\"suites\",\"exclude\",\"groupLogsByTestSpec\",\"excludeDriverLogs\",\"bail\",\"framework\",\"reporters\",\"services\",\"maxInstances\",\"maxInstancesPerCapability\",\"injectGlobals\",\"filesToWatch\",\"execArgv\",\"runnerEnv\",\"runner\",\"shard\",\"specFileRetries\",\"specFileRetriesDelay\",\"specFileRetriesDeferred\",\"reporterSyncInterval\",\"reporterSyncTimeout\",\"cucumberFeaturesWithLineNumbers\",\"autoCompileOpts\",\"mochaOpts\",\"jasmineOpts\",\"cucumberOpts\",\"onPrepare\",\"onWorkerStart\",\"onWorkerEnd\",\"before\",\"beforeSession\",\"beforeSuite\",\"beforeHook\",\"beforeTest\",\"afterTest\",\"afterHook\",\"afterSuite\",\"afterSession\",\"after\",\"onComplete\",\"beforeAssertion\",\"afterAssertion\",\"beforeFeature\",\"beforeScenario\",\"beforeStep\",\"afterStep\",\"afterScenario\",\"afterFeature\",\"_\",\"suite\",\"$0\",\"ignoredWorkerServices\",\"wdi5\"]"}]}
COMMAND: POST /session/cc787b9332752cdee0bcd1748733cdef/execute/async - {"script":"<script> [21126 bytes]","args":[35000]}
RESULT: {"script":"<script> [21126 bytes]","args":[35000]}
COMMAND: POST /session/cc787b9332752cdee0bcd1748733cdef/execute/async - {"script":"<script> [1562 bytes]","args":[{"selector":{"id":"application-managecontracts-display-component---AddNewContract--contractType","interaction":{"idSuffix":"arrow"}},"wdio_ui5_key":"applicationmanagecontracts-display-component---AddNewContract--contractType"}]}
RESULT: {"script":"<script> [1562 bytes]","args":[{"selector":{"id":"application-managecontracts-display-component---AddNewContract--contractType","interaction":{"idSuffix":"arrow"}},"wdio_ui5_key":"applicationmanagecontracts-display-component---AddNewContract--contractType"}]}
RESULT: undefined
COMMAND: POST /session/cc787b9332752cdee0bcd1748733cdef/element - {"using":"xpath","value":"//*[@id=\"application-managecontracts-display-component---AddNewContract--contractType\"]"}
RESULT: {"using":"xpath","value":"//*[@id=\"application-managecontracts-display-component---AddNewContract--contractType\"]"}
COMMAND: POST /session/cc787b9332752cdee0bcd1748733cdef/element/f.40E06083F0E682023BA0E7AA24D478F4.d.B060D88AE7755E578F992A005905C232.e.9389/click - {}
RESULT: {}
COMMAND: GET /session/cc787b9332752cdee0bcd1748733cdef/screenshot - {}
RESULT: {}
COMMAND: POST /session/cc787b9332752cdee0bcd1748733cdef/execute/async - {"script":"<script> [1562 bytes]","args":[{"selector":{"controlType":"sap.ui.core.Item","viewName":"etm.portal.ui.managecontracts.view.AddNewContract","viewId":"application-managecontracts-display-component---AddNewContract","bindingPath":{"path":"/ContractTypes('02')","propertyPath":"ID","modelName":"catalogModel"},"searchOpenDialogs":true},"wdio_ui5_key":"etmportal.ui.managecontracts.view.AddNewContractsap.ui.core.Item{\"path\":\"/ContractTypes('02')\",\"propertyPath\":\"ID\",\"modelName\":\"catalogModel\"}"}]}
RESULT: {"script":"<script> [1562 bytes]","args":[{"selector":{"controlType":"sap.ui.core.Item","viewName":"etm.portal.ui.managecontracts.view.AddNewContract","viewId":"application-managecontracts-display-component---AddNewContract","bindingPath":{"path":"/ContractTypes('02')","propertyPath":"ID","modelName":"catalogModel"},"searchOpenDialogs":true},"wdio_ui5_key":"etmportal.ui.managecontracts.view.AddNewContractsap.ui.core.Item{\"path\":\"/ContractTypes('02')\",\"propertyPath\":\"ID\",\"modelName\":\"catalogModel\"}"}]}
RESULT: undefined
COMMAND: POST /session/cc787b9332752cdee0bcd1748733cdef/element - {"using":"xpath","value":"//*[@id=\"__item44-application-managecontracts-display-component---AddNewContract--contractType-1\"]"}
RESULT: {"using":"xpath","value":"//*[@id=\"__item44-application-managecontracts-display-component---AddNewContract--contractType-1\"]"}
COMMAND: POST /session/cc787b9332752cdee0bcd1748733cdef/element/f.40E06083F0E682023BA0E7AA24D478F4.d.B060D88AE7755E578F992A005905C232.e.9390/click - {}
RESULT: {}
COMMAND: GET /session/cc787b9332752cdee0bcd1748733cdef/screenshot - {}
RESULT: {}
COMMAND: POST /session/cc787b9332752cdee0bcd1748733cdef/execute/async - {"script":"<script> [1562 bytes]","args":[{"selector":{"id":"application-managecontracts-display-component---AddNewContract--projectDescription","interaction":{"idSuffix":"inner"}},"wdio_ui5_key":"applicationmanagecontracts-display-component---AddNewContract--projectDescription"}]}
RESULT: {"script":"<script> [1562 bytes]","args":[{"selector":{"id":"application-managecontracts-display-component---AddNewContract--projectDescription","interaction":{"idSuffix":"inner"}},"wdio_ui5_key":"applicationmanagecontracts-display-component---AddNewContract--projectDescription"}]}
RESULT: undefined
COMMAND: POST /session/cc787b9332752cdee0bcd1748733cdef/execute/async - {"script":"<script> [776 bytes]","args":[{"enterText":"WdIOReducedo8a4z","selector":{"id":"application-managecontracts-display-component---AddNewContract--projectDescription","interaction":{"idSuffix":"inner"}},"clearTextFirst":true,"interactionType":"ENTER_TEXT"}]}
RESULT: {"script":"<script> [776 bytes]","args":[{"enterText":"WdIOReducedo8a4z","selector":{"id":"application-managecontracts-display-component---AddNewContract--projectDescription","interaction":{"idSuffix":"inner"}},"clearTextFirst":true,"interactionType":"ENTER_TEXT"}]}
COMMAND: POST /session/cc787b9332752cdee0bcd1748733cdef/element - {"using":"xpath","value":"//input[@id=\"application-managecontracts-display-component---AddNewContract--yardId-inner\"]"}
RESULT: {"using":"xpath","value":"//input[@id=\"application-managecontracts-display-component---AddNewContract--yardId-inner\"]"}
COMMAND: POST /session/cc787b9332752cdee0bcd1748733cdef/element/f.40E06083F0E682023BA0E7AA24D478F4.d.B060D88AE7755E578F992A005905C232.e.9244/clear - {}
RESULT: {}
COMMAND: POST /session/cc787b9332752cdee0bcd1748733cdef/element/f.40E06083F0E682023BA0E7AA24D478F4.d.B060D88AE7755E578F992A005905C232.e.9244/value - {"text":"WebdriverYardmlvdxg"}
COMMAND: GET /session/cc787b9332752cdee0bcd1748733cdef/screenshot - {}
RESULT: {"text":"WebdriverYardmlvdxg"}
COMMAND: GET /session/cc787b9332752cdee0bcd1748733cdef/screenshot - {}
RESULT: {}
RESULT: {}
COMMAND: POST /session/cc787b9332752cdee0bcd1748733cdef/actions - {"actions":[{"id":"action57","type":"key","parameters":{},"actions":[{"type":"keyDown","value":""},{"type":"pause","duration":10},{"type":"keyUp","value":""}]}]}
RESULT: {"actions":[{"id":"action57","type":"key","parameters":{},"actions":[{"type":"keyDown","value":""},{"type":"pause","duration":10},{"type":"keyUp","value":""}]}]}
COMMAND: GET /session/cc787b9332752cdee0bcd1748733cdef/screenshot - {}
RESULT: {}
COMMAND: POST /session/cc787b9332752cdee0bcd1748733cdef/element - {"using":"xpath","value":"//input[@id=\"application-managecontracts-display-component---AddNewContract--customerSelect-inner\"]"}
RESULT: {"using":"xpath","value":"//input[@id=\"application-managecontracts-display-component---AddNewContract--customerSelect-inner\"]"}
COMMAND: POST /session/cc787b9332752cdee0bcd1748733cdef/element/f.40E06083F0E682023BA0E7AA24D478F4.d.B060D88AE7755E578F992A005905C232.e.9242/clear - {}
RESULT: {}
COMMAND: POST /session/cc787b9332752cdee0bcd1748733cdef/element/f.40E06083F0E682023BA0E7AA24D478F4.d.B060D88AE7755E578F992A005905C232.e.9242/value - {"text":"WebdriverPartnercvfu3"}
COMMAND: GET /session/cc787b9332752cdee0bcd1748733cdef/screenshot - {}
RESULT: {"text":"WebdriverPartnercvfu3"}
COMMAND: GET /session/cc787b9332752cdee0bcd1748733cdef/screenshot - {}
RESULT: {}
RESULT: {}
COMMAND: POST /session/cc787b9332752cdee0bcd1748733cdef/actions - {"actions":[{"id":"action58","type":"key","parameters":{},"actions":[{"type":"keyDown","value":""},{"type":"pause","duration":10},{"type":"keyUp","value":""}]}]}
RESULT: {"actions":[{"id":"action58","type":"key","parameters":{},"actions":[{"type":"keyDown","value":""},{"type":"pause","duration":10},{"type":"keyUp","value":""}]}]}
COMMAND: GET /session/cc787b9332752cdee0bcd1748733cdef/screenshot - {}
RESULT: {}
COMMAND: POST /session/cc787b9332752cdee0bcd1748733cdef/execute/async - {"script":"<script> [1562 bytes]","args":[{"selector":{"id":"application-managecontracts-display-component---AddNewContract--calendarInput-arrow"},"wdio_ui5_key":"applicationmanagecontracts-display-component---AddNewContract--calendarInput-arrow"}]}
RESULT: {"script":"<script> [1562 bytes]","args":[{"selector":{"id":"application-managecontracts-display-component---AddNewContract--calendarInput-arrow"},"wdio_ui5_key":"applicationmanagecontracts-display-component---AddNewContract--calendarInput-arrow"}]}
RESULT: undefined
COMMAND: POST /session/cc787b9332752cdee0bcd1748733cdef/element - {"using":"xpath","value":"//*[@id=\"application-managecontracts-display-component---AddNewContract--calendarInput-arrow\"]"}
RESULT: {"using":"xpath","value":"//*[@id=\"application-managecontracts-display-component---AddNewContract--calendarInput-arrow\"]"}
COMMAND: POST /session/cc787b9332752cdee0bcd1748733cdef/element/f.40E06083F0E682023BA0E7AA24D478F4.d.B060D88AE7755E578F992A005905C232.e.9394/click - {}
RESULT: {}
COMMAND: GET /session/cc787b9332752cdee0bcd1748733cdef/screenshot - {}
RESULT: {}
COMMAND: POST /session/cc787b9332752cdee0bcd1748733cdef/execute/async - {"script":"<script> [1562 bytes]","args":[{"selector":{"controlType":"sap.m.StandardListItem","viewName":"etm.portal.ui.managecontracts.view.AddNewContract","viewId":"application-managecontracts-display-component---AddNewContract","properties":{"title":"1 - Calendar unit test patch"},"searchOpenDialogs":true,"interaction":{"idSuffix":"titleText"}},"wdio_ui5_key":"etmportal.ui.managecontracts.view.AddNewContractsap.m.StandardListItem{\"title\":\"1 - Calendar unit test patch\"}"}]}
RESULT: {"script":"<script> [1562 bytes]","args":[{"selector":{"controlType":"sap.m.StandardListItem","viewName":"etm.portal.ui.managecontracts.view.AddNewContract","viewId":"application-managecontracts-display-component---AddNewContract","properties":{"title":"1 - Calendar unit test patch"},"searchOpenDialogs":true,"interaction":{"idSuffix":"titleText"}},"wdio_ui5_key":"etmportal.ui.managecontracts.view.AddNewContractsap.m.StandardListItem{\"title\":\"1 - Calendar unit test patch\"}"}]}
RESULT: undefined
COMMAND: POST /session/cc787b9332752cdee0bcd1748733cdef/element - {"using":"xpath","value":"//*[@id=\"__item506\"]"}
RESULT: {"using":"xpath","value":"//*[@id=\"__item506\"]"}
COMMAND: POST /session/cc787b9332752cdee0bcd1748733cdef/element/f.40E06083F0E682023BA0E7AA24D478F4.d.B060D88AE7755E578F992A005905C232.e.9396/click - {}
RESULT: {}
COMMAND: GET /session/cc787b9332752cdee0bcd1748733cdef/screenshot - {}
RESULT: {}
COMMAND: POST /session/cc787b9332752cdee0bcd1748733cdef/execute/async - {"script":"<script> [1562 bytes]","args":[{"selector":{"id":"application-managecontracts-display-component---AddNewContract--streetInput","interaction":{"idSuffix":"inner"}},"wdio_ui5_key":"applicationmanagecontracts-display-component---AddNewContract--streetInput"}]}
RESULT: {"script":"<script> [1562 bytes]","args":[{"selector":{"id":"application-managecontracts-display-component---AddNewContract--streetInput","interaction":{"idSuffix":"inner"}},"wdio_ui5_key":"applicationmanagecontracts-display-component---AddNewContract--streetInput"}]}
RESULT: undefined
COMMAND: POST /session/cc787b9332752cdee0bcd1748733cdef/execute/async - {"script":"<script> [776 bytes]","args":[{"enterText":"StreetWdIO","selector":{"id":"application-managecontracts-display-component---AddNewContract--streetInput","interaction":{"idSuffix":"inner"}},"clearTextFirst":true,"interactionType":"ENTER_TEXT"}]}
RESULT: {"script":"<script> [776 bytes]","args":[{"enterText":"StreetWdIO","selector":{"id":"application-managecontracts-display-component---AddNewContract--streetInput","interaction":{"idSuffix":"inner"}},"clearTextFirst":true,"interactionType":"ENTER_TEXT"}]}
COMMAND: POST /session/cc787b9332752cdee0bcd1748733cdef/execute/async - {"script":"<script> [1562 bytes]","args":[{"selector":{"id":"application-managecontracts-display-component---AddNewContract--numberInput","interaction":{"idSuffix":"inner"}},"wdio_ui5_key":"applicationmanagecontracts-display-component---AddNewContract--numberInput"}]}
RESULT: {"script":"<script> [1562 bytes]","args":[{"selector":{"id":"application-managecontracts-display-component---AddNewContract--numberInput","interaction":{"idSuffix":"inner"}},"wdio_ui5_key":"applicationmanagecontracts-display-component---AddNewContract--numberInput"}]}
RESULT: undefined
COMMAND: POST /session/cc787b9332752cdee0bcd1748733cdef/execute/async - {"script":"<script> [776 bytes]","args":[{"enterText":"3","selector":{"id":"application-managecontracts-display-component---AddNewContract--numberInput","interaction":{"idSuffix":"inner"}},"clearTextFirst":true,"interactionType":"ENTER_TEXT"}]}
RESULT: {"script":"<script> [776 bytes]","args":[{"enterText":"3","selector":{"id":"application-managecontracts-display-component---AddNewContract--numberInput","interaction":{"idSuffix":"inner"}},"clearTextFirst":true,"interactionType":"ENTER_TEXT"}]}
COMMAND: POST /session/cc787b9332752cdee0bcd1748733cdef/execute/async - {"script":"<script> [1562 bytes]","args":[{"selector":{"id":"application-managecontracts-display-component---AddNewContract--cityInput","interaction":{"idSuffix":"inner"}},"wdio_ui5_key":"applicationmanagecontracts-display-component---AddNewContract--cityInput"}]}
RESULT: {"script":"<script> [1562 bytes]","args":[{"selector":{"id":"application-managecontracts-display-component---AddNewContract--cityInput","interaction":{"idSuffix":"inner"}},"wdio_ui5_key":"applicationmanagecontracts-display-component---AddNewContract--cityInput"}]}
RESULT: undefined
COMMAND: POST /session/cc787b9332752cdee0bcd1748733cdef/execute/async - {"script":"<script> [776 bytes]","args":[{"enterText":"Bucharest","selector":{"id":"application-managecontracts-display-component---AddNewContract--cityInput","interaction":{"idSuffix":"inner"}},"clearTextFirst":true,"interactionType":"ENTER_TEXT"}]}
RESULT: {"script":"<script> [776 bytes]","args":[{"enterText":"Bucharest","selector":{"id":"application-managecontracts-display-component---AddNewContract--cityInput","interaction":{"idSuffix":"inner"}},"clearTextFirst":true,"interactionType":"ENTER_TEXT"}]}
COMMAND: POST /session/cc787b9332752cdee0bcd1748733cdef/execute/async - {"script":"<script> [1562 bytes]","args":[{"selector":{"id":"application-managecontracts-display-component---AddNewContract--zipInput","interaction":{"idSuffix":"inner"}},"wdio_ui5_key":"applicationmanagecontracts-display-component---AddNewContract--zipInput"}]}
RESULT: {"script":"<script> [1562 bytes]","args":[{"selector":{"id":"application-managecontracts-display-component---AddNewContract--zipInput","interaction":{"idSuffix":"inner"}},"wdio_ui5_key":"applicationmanagecontracts-display-component---AddNewContract--zipInput"}]}
RESULT: undefined
COMMAND: POST /session/cc787b9332752cdee0bcd1748733cdef/execute/async - {"script":"<script> [776 bytes]","args":[{"enterText":"021210","selector":{"id":"application-managecontracts-display-component---AddNewContract--zipInput","interaction":{"idSuffix":"inner"}},"clearTextFirst":true,"interactionType":"ENTER_TEXT"}]}
RESULT: {"script":"<script> [776 bytes]","args":[{"enterText":"021210","selector":{"id":"application-managecontracts-display-component---AddNewContract--zipInput","interaction":{"idSuffix":"inner"}},"clearTextFirst":true,"interactionType":"ENTER_TEXT"}]}
COMMAND: POST /session/cc787b9332752cdee0bcd1748733cdef/element - {"using":"xpath","value":"//bdi[contains(@id ,\"application-managecontracts-display-component---AddNewContract--saveBtn-BDI-content\")]"}
RESULT: {"using":"xpath","value":"//bdi[contains(@id ,\"application-managecontracts-display-component---AddNewContract--saveBtn-BDI-content\")]"}
COMMAND: POST /session/cc787b9332752cdee0bcd1748733cdef/element/f.40E06083F0E682023BA0E7AA24D478F4.d.B060D88AE7755E578F992A005905C232.e.9401/click - {}
RESULT: {}
COMMAND: GET /session/cc787b9332752cdee0bcd1748733cdef/screenshot - {}
RESULT: {}
COMMAND: POST /session/cc787b9332752cdee0bcd1748733cdef/element - {"using":"xpath","value":"//button[contains(@data-kt ,\"contractDetailEditBtnButton\")]"}
RESULT: {"using":"xpath","value":"//button[contains(@data-kt ,\"contractDetailEditBtnButton\")]"}
COMMAND: POST /session/cc787b9332752cdee0bcd1748733cdef/execute/sync - {"script":"<script> [8489 bytes]","args":[{"element-6066-11e4-a52e-4f735466cecf":"f.40E06083F0E682023BA0E7AA24D478F4.d.B060D88AE7755E578F992A005905C232.e.9457","ELEMENT":"f.40E06083F0E682023BA0E7AA24D478F4.d.B060D88AE7755E578F992A005905C232.e.9457"}]}
RESULT: {"script":"<script> [8489 bytes]","args":[{"element-6066-11e4-a52e-4f735466cecf":"f.40E06083F0E682023BA0E7AA24D478F4.d.B060D88AE7755E578F992A005905C232.e.9457","ELEMENT":"f.40E06083F0E682023BA0E7AA24D478F4.d.B060D88AE7755E578F992A005905C232.e.9457"}]}
COMMAND: POST /session/cc787b9332752cdee0bcd1748733cdef/execute/sync - {"script":"<script> [8489 bytes]","args":[{"element-6066-11e4-a52e-4f735466cecf":"f.40E06083F0E682023BA0E7AA24D478F4.d.B060D88AE7755E578F992A005905C232.e.9457","ELEMENT":"f.40E06083F0E682023BA0E7AA24D478F4.d.B060D88AE7755E578F992A005905C232.e.9457"}]}
COMMAND: GET /session/cc787b9332752cdee0bcd1748733cdef/screenshot - {}
RESULT: {"script":"<script> [8489 bytes]","args":[{"element-6066-11e4-a52e-4f735466cecf":"f.40E06083F0E682023BA0E7AA24D478F4.d.B060D88AE7755E578F992A005905C232.e.9457","ELEMENT":"f.40E06083F0E682023BA0E7AA24D478F4.d.B060D88AE7755E578F992A005905C232.e.9457"}]}
COMMAND: POST /session/cc787b9332752cdee0bcd1748733cdef/execute/sync - {"script":"<script> [5351 bytes]","args":[{"element-6066-11e4-a52e-4f735466cecf":"f.40E06083F0E682023BA0E7AA24D478F4.d.B060D88AE7755E578F992A005905C232.e.9457","ELEMENT":"f.40E06083F0E682023BA0E7AA24D478F4.d.B060D88AE7755E578F992A005905C232.e.9457"}]}
COMMAND: GET /session/cc787b9332752cdee0bcd1748733cdef/screenshot - {}
RESULT: {}
RESULT: {"script":"<script> [5351 bytes]","args":[{"element-6066-11e4-a52e-4f735466cecf":"f.40E06083F0E682023BA0E7AA24D478F4.d.B060D88AE7755E578F992A005905C232.e.9457","ELEMENT":"f.40E06083F0E682023BA0E7AA24D478F4.d.B060D88AE7755E578F992A005905C232.e.9457"}]}
COMMAND: POST /session/cc787b9332752cdee0bcd1748733cdef/execute/async - {"script":"<script> [1562 bytes]","args":[{"selector":{"controlType":"sap.m.Text","viewName":"etm.portal.ui.managecontracts.view.Detail","bindingPath":{"propertyPath":"LINK_TO_C_CONTRACT_TYPES/DESCRIPTION","modelName":"catalogModel"}},"wdio_ui5_key":"etmportal.ui.managecontracts.view.Detailsap.m.Text{\"propertyPath\":\"LINK_TO_C_CONTRACT_TYPES/DESCRIPTION\",\"modelName\":\"catalogModel\"}"}]}
COMMAND: GET /session/cc787b9332752cdee0bcd1748733cdef/screenshot - {}
RESULT: {}
RESULT: {"script":"<script> [1562 bytes]","args":[{"selector":{"controlType":"sap.m.Text","viewName":"etm.portal.ui.managecontracts.view.Detail","bindingPath":{"propertyPath":"LINK_TO_C_CONTRACT_TYPES/DESCRIPTION","modelName":"catalogModel"}},"wdio_ui5_key":"etmportal.ui.managecontracts.view.Detailsap.m.Text{\"propertyPath\":\"LINK_TO_C_CONTRACT_TYPES/DESCRIPTION\",\"modelName\":\"catalogModel\"}"}]}
RESULT: undefined
COMMAND: POST /session/cc787b9332752cdee0bcd1748733cdef/execute/async - {"script":"<script> [6424 bytes]","args":[{"element-6066-11e4-a52e-4f735466cecf":"f.40E06083F0E682023BA0E7AA24D478F4.d.B060D88AE7755E578F992A005905C232.e.9460"},"getText",[]]}
RESULT: {}
RESULT: {"script":"<script> [6424 bytes]","args":[{"element-6066-11e4-a52e-4f735466cecf":"f.40E06083F0E682023BA0E7AA24D478F4.d.B060D88AE7755E578F992A005905C232.e.9460"},"getText",[]]}
COMMAND: POST /session/cc787b9332752cdee0bcd1748733cdef/element/f.40E06083F0E682023BA0E7AA24D478F4.d.B060D88AE7755E578F992A005905C232.e.9457/click - {}
RESULT: {}
COMMAND: GET /session/cc787b9332752cdee0bcd1748733cdef/screenshot - {}
RESULT: {}
]]></system-out>
    </testcase>
    <testcase classname="chrome.137_0_7151_69.windows.Reduced_contract_US151275" name="Should add a RU to the contract" time="67.765">
      <failure/>
      <error message="element (&quot;//button[contains(@data-kt ,&quot;contractDetailEditBtnButton&quot;)]&quot;) still not displayed after 30000ms"/>
      <system-out><![CDATA[
COMMAND: POST /session/cc787b9332752cdee0bcd1748733cdef/element - {"using":"xpath","value":"(//span[contains(text(), \"Header Billing Items\")])[2]"}
RESULT: {"using":"xpath","value":"(//span[contains(text(), \"Header Billing Items\")])[2]"}
COMMAND: POST /session/cc787b9332752cdee0bcd1748733cdef/element/f.40E06083F0E682023BA0E7AA24D478F4.d.B060D88AE7755E578F992A005905C232.e.9504/click - {}
RESULT: {}
COMMAND: GET /session/cc787b9332752cdee0bcd1748733cdef/screenshot - {}
RESULT: {}
COMMAND: POST /session/cc787b9332752cdee0bcd1748733cdef/element - {"using":"xpath","value":"//button[@data-kt=\"btnAddTableRowOverflowToolbarButton\"]"}
RESULT: {"using":"xpath","value":"//button[@data-kt=\"btnAddTableRowOverflowToolbarButton\"]"}
COMMAND: POST /session/cc787b9332752cdee0bcd1748733cdef/element/f.40E06083F0E682023BA0E7AA24D478F4.d.B060D88AE7755E578F992A005905C232.e.9507/click - {}
RESULT: {}
COMMAND: GET /session/cc787b9332752cdee0bcd1748733cdef/screenshot - {}
RESULT: {}
COMMAND: POST /session/cc787b9332752cdee0bcd1748733cdef/element - {"using":"xpath","value":"//div[(text() = 'Standard Entry' or . = 'Standard Entry')]"}
RESULT: {"using":"xpath","value":"//div[(text() = 'Standard Entry' or . = 'Standard Entry')]"}
COMMAND: POST /session/cc787b9332752cdee0bcd1748733cdef/element/f.40E06083F0E682023BA0E7AA24D478F4.d.B060D88AE7755E578F992A005905C232.e.9509/click - {}
RESULT: {}
COMMAND: POST /session/cc787b9332752cdee0bcd1748733cdef/element - {"using":"xpath","value":"//td[6]/div/div/input[1]"}
COMMAND: GET /session/cc787b9332752cdee0bcd1748733cdef/screenshot - {}
RESULT: {"using":"xpath","value":"//td[6]/div/div/input[1]"}
COMMAND: POST /session/cc787b9332752cdee0bcd1748733cdef/element/f.40E06083F0E682023BA0E7AA24D478F4.d.B060D88AE7755E578F992A005905C232.e.9511/click - {}
RESULT: {}
RESULT: {}
COMMAND: POST /session/cc787b9332752cdee0bcd1748733cdef/actions - {"actions":[{"id":"action59","type":"key","parameters":{},"actions":[{"type":"keyDown","value":""},{"type":"pause","duration":10},{"type":"keyUp","value":""}]}]}
COMMAND: GET /session/cc787b9332752cdee0bcd1748733cdef/screenshot - {}
RESULT: {"actions":[{"id":"action59","type":"key","parameters":{},"actions":[{"type":"keyDown","value":""},{"type":"pause","duration":10},{"type":"keyUp","value":""}]}]}
COMMAND: POST /session/cc787b9332752cdee0bcd1748733cdef/element - {"using":"xpath","value":"//td[6]/div/div/input[1]"}
COMMAND: GET /session/cc787b9332752cdee0bcd1748733cdef/screenshot - {}
RESULT: {}
RESULT: {"using":"xpath","value":"//td[6]/div/div/input[1]"}
COMMAND: POST /session/cc787b9332752cdee0bcd1748733cdef/element/f.40E06083F0E682023BA0E7AA24D478F4.d.B060D88AE7755E578F992A005905C232.e.9511/clear - {}
RESULT: {}
RESULT: {}
COMMAND: POST /session/cc787b9332752cdee0bcd1748733cdef/element/f.40E06083F0E682023BA0E7AA24D478F4.d.B060D88AE7755E578F992A005905C232.e.9511/value - {"text":"Material"}
COMMAND: GET /session/cc787b9332752cdee0bcd1748733cdef/screenshot - {}
RESULT: {"text":"Material"}
COMMAND: GET /session/cc787b9332752cdee0bcd1748733cdef/screenshot - {}
RESULT: {}
RESULT: {}
COMMAND: POST /session/cc787b9332752cdee0bcd1748733cdef/actions - {"actions":[{"id":"action60","type":"key","parameters":{},"actions":[{"type":"keyDown","value":""},{"type":"pause","duration":10},{"type":"keyUp","value":""}]}]}
RESULT: {"actions":[{"id":"action60","type":"key","parameters":{},"actions":[{"type":"keyDown","value":""},{"type":"pause","duration":10},{"type":"keyUp","value":""}]}]}
COMMAND: GET /session/cc787b9332752cdee0bcd1748733cdef/screenshot - {}
RESULT: {}
COMMAND: POST /session/cc787b9332752cdee0bcd1748733cdef/actions - {"actions":[{"id":"action61","type":"key","parameters":{},"actions":[{"type":"keyDown","value":""},{"type":"pause","duration":10},{"type":"keyUp","value":""}]}]}
RESULT: {"actions":[{"id":"action61","type":"key","parameters":{},"actions":[{"type":"keyDown","value":""},{"type":"pause","duration":10},{"type":"keyUp","value":""}]}]}
COMMAND: POST /session/cc787b9332752cdee0bcd1748733cdef/element - {"using":"xpath","value":"//td[7]/div/div/input"}
COMMAND: GET /session/cc787b9332752cdee0bcd1748733cdef/screenshot - {}
RESULT: {"using":"xpath","value":"//td[7]/div/div/input"}
COMMAND: POST /session/cc787b9332752cdee0bcd1748733cdef/element/f.40E06083F0E682023BA0E7AA24D478F4.d.B060D88AE7755E578F992A005905C232.e.9524/clear - {}
RESULT: {}
RESULT: {}
COMMAND: POST /session/cc787b9332752cdee0bcd1748733cdef/element/f.40E06083F0E682023BA0E7AA24D478F4.d.B060D88AE7755E578F992A005905C232.e.9524/value - {"text":"WebdriverRUR2C"}
COMMAND: GET /session/cc787b9332752cdee0bcd1748733cdef/screenshot - {}
RESULT: {"text":"WebdriverRUR2C"}
COMMAND: GET /session/cc787b9332752cdee0bcd1748733cdef/screenshot - {}
RESULT: {}
RESULT: {}
COMMAND: POST /session/cc787b9332752cdee0bcd1748733cdef/actions - {"actions":[{"id":"action62","type":"key","parameters":{},"actions":[{"type":"keyDown","value":""},{"type":"pause","duration":10},{"type":"keyUp","value":""}]}]}
RESULT: {"actions":[{"id":"action62","type":"key","parameters":{},"actions":[{"type":"keyDown","value":""},{"type":"pause","duration":10},{"type":"keyUp","value":""}]}]}
COMMAND: GET /session/cc787b9332752cdee0bcd1748733cdef/screenshot - {}
RESULT: {}
COMMAND: POST /session/cc787b9332752cdee0bcd1748733cdef/actions - {"actions":[{"id":"action63","type":"key","parameters":{},"actions":[{"type":"keyDown","value":""},{"type":"pause","duration":10},{"type":"keyUp","value":""}]}]}
RESULT: {"actions":[{"id":"action63","type":"key","parameters":{},"actions":[{"type":"keyDown","value":""},{"type":"pause","duration":10},{"type":"keyUp","value":""}]}]}
COMMAND: GET /session/cc787b9332752cdee0bcd1748733cdef/screenshot - {}
RESULT: {}
COMMAND: POST /session/cc787b9332752cdee0bcd1748733cdef/element - {"using":"xpath","value":"(//button[@data-kt=\"saveButton\"])[2]"}
RESULT: {"using":"xpath","value":"(//button[@data-kt=\"saveButton\"])[2]"}
COMMAND: POST /session/cc787b9332752cdee0bcd1748733cdef/element/f.40E06083F0E682023BA0E7AA24D478F4.d.B060D88AE7755E578F992A005905C232.e.9536/click - {}
RESULT: {}
COMMAND: GET /session/cc787b9332752cdee0bcd1748733cdef/screenshot - {}
RESULT: {}
COMMAND: POST /session/cc787b9332752cdee0bcd1748733cdef/element - {"using":"xpath","value":"//button[contains(@data-kt ,\"contractDetailEditBtnButton\")]"}
RESULT: {"using":"xpath","value":"//button[contains(@data-kt ,\"contractDetailEditBtnButton\")]"}
COMMAND: POST /session/cc787b9332752cdee0bcd1748733cdef/execute/sync - {"script":"<script> [8489 bytes]","args":[{"element-6066-11e4-a52e-4f735466cecf":"f.40E06083F0E682023BA0E7AA24D478F4.d.B060D88AE7755E578F992A005905C232.e.9457","ELEMENT":"f.40E06083F0E682023BA0E7AA24D478F4.d.B060D88AE7755E578F992A005905C232.e.9457"}]}
RESULT: {"script":"<script> [8489 bytes]","args":[{"element-6066-11e4-a52e-4f735466cecf":"f.40E06083F0E682023BA0E7AA24D478F4.d.B060D88AE7755E578F992A005905C232.e.9457","ELEMENT":"f.40E06083F0E682023BA0E7AA24D478F4.d.B060D88AE7755E578F992A005905C232.e.9457"}]}
COMMAND: GET /session/cc787b9332752cdee0bcd1748733cdef/screenshot - {}
RESULT: {}
COMMAND: POST /session/cc787b9332752cdee0bcd1748733cdef/execute/sync - {"script":"<script> [8489 bytes]","args":[{"element-6066-11e4-a52e-4f735466cecf":"f.40E06083F0E682023BA0E7AA24D478F4.d.B060D88AE7755E578F992A005905C232.e.9457","ELEMENT":"f.40E06083F0E682023BA0E7AA24D478F4.d.B060D88AE7755E578F992A005905C232.e.9457"}]}
RESULT: {"script":"<script> [8489 bytes]","args":[{"element-6066-11e4-a52e-4f735466cecf":"f.40E06083F0E682023BA0E7AA24D478F4.d.B060D88AE7755E578F992A005905C232.e.9457","ELEMENT":"f.40E06083F0E682023BA0E7AA24D478F4.d.B060D88AE7755E578F992A005905C232.e.9457"}]}
COMMAND: GET /session/cc787b9332752cdee0bcd1748733cdef/screenshot - {}
RESULT: {}
COMMAND: POST /session/cc787b9332752cdee0bcd1748733cdef/execute/sync - {"script":"<script> [8489 bytes]","args":[{"element-6066-11e4-a52e-4f735466cecf":"f.40E06083F0E682023BA0E7AA24D478F4.d.B060D88AE7755E578F992A005905C232.e.9457","ELEMENT":"f.40E06083F0E682023BA0E7AA24D478F4.d.B060D88AE7755E578F992A005905C232.e.9457"}]}
RESULT: {"script":"<script> [8489 bytes]","args":[{"element-6066-11e4-a52e-4f735466cecf":"f.40E06083F0E682023BA0E7AA24D478F4.d.B060D88AE7755E578F992A005905C232.e.9457","ELEMENT":"f.40E06083F0E682023BA0E7AA24D478F4.d.B060D88AE7755E578F992A005905C232.e.9457"}]}
COMMAND: GET /session/cc787b9332752cdee0bcd1748733cdef/screenshot - {}
RESULT: {}
COMMAND: POST /session/cc787b9332752cdee0bcd1748733cdef/execute/sync - {"script":"<script> [8489 bytes]","args":[{"element-6066-11e4-a52e-4f735466cecf":"f.40E06083F0E682023BA0E7AA24D478F4.d.B060D88AE7755E578F992A005905C232.e.9457","ELEMENT":"f.40E06083F0E682023BA0E7AA24D478F4.d.B060D88AE7755E578F992A005905C232.e.9457"}]}
RESULT: {"script":"<script> [8489 bytes]","args":[{"element-6066-11e4-a52e-4f735466cecf":"f.40E06083F0E682023BA0E7AA24D478F4.d.B060D88AE7755E578F992A005905C232.e.9457","ELEMENT":"f.40E06083F0E682023BA0E7AA24D478F4.d.B060D88AE7755E578F992A005905C232.e.9457"}]}
COMMAND: GET /session/cc787b9332752cdee0bcd1748733cdef/screenshot - {}
RESULT: {}
COMMAND: POST /session/cc787b9332752cdee0bcd1748733cdef/execute/sync - {"script":"<script> [8489 bytes]","args":[{"element-6066-11e4-a52e-4f735466cecf":"f.40E06083F0E682023BA0E7AA24D478F4.d.B060D88AE7755E578F992A005905C232.e.9457","ELEMENT":"f.40E06083F0E682023BA0E7AA24D478F4.d.B060D88AE7755E578F992A005905C232.e.9457"}]}
RESULT: {"script":"<script> [8489 bytes]","args":[{"element-6066-11e4-a52e-4f735466cecf":"f.40E06083F0E682023BA0E7AA24D478F4.d.B060D88AE7755E578F992A005905C232.e.9457","ELEMENT":"f.40E06083F0E682023BA0E7AA24D478F4.d.B060D88AE7755E578F992A005905C232.e.9457"}]}
COMMAND: GET /session/cc787b9332752cdee0bcd1748733cdef/screenshot - {}
RESULT: {}
COMMAND: POST /session/cc787b9332752cdee0bcd1748733cdef/execute/sync - {"script":"<script> [8489 bytes]","args":[{"element-6066-11e4-a52e-4f735466cecf":"f.40E06083F0E682023BA0E7AA24D478F4.d.B060D88AE7755E578F992A005905C232.e.9457","ELEMENT":"f.40E06083F0E682023BA0E7AA24D478F4.d.B060D88AE7755E578F992A005905C232.e.9457"}]}
RESULT: {"script":"<script> [8489 bytes]","args":[{"element-6066-11e4-a52e-4f735466cecf":"f.40E06083F0E682023BA0E7AA24D478F4.d.B060D88AE7755E578F992A005905C232.e.9457","ELEMENT":"f.40E06083F0E682023BA0E7AA24D478F4.d.B060D88AE7755E578F992A005905C232.e.9457"}]}
COMMAND: GET /session/cc787b9332752cdee0bcd1748733cdef/screenshot - {}
RESULT: {}
COMMAND: POST /session/cc787b9332752cdee0bcd1748733cdef/execute/sync - {"script":"<script> [8489 bytes]","args":[{"element-6066-11e4-a52e-4f735466cecf":"f.40E06083F0E682023BA0E7AA24D478F4.d.B060D88AE7755E578F992A005905C232.e.9457","ELEMENT":"f.40E06083F0E682023BA0E7AA24D478F4.d.B060D88AE7755E578F992A005905C232.e.9457"}]}
RESULT: {"script":"<script> [8489 bytes]","args":[{"element-6066-11e4-a52e-4f735466cecf":"f.40E06083F0E682023BA0E7AA24D478F4.d.B060D88AE7755E578F992A005905C232.e.9457","ELEMENT":"f.40E06083F0E682023BA0E7AA24D478F4.d.B060D88AE7755E578F992A005905C232.e.9457"}]}
COMMAND: GET /session/cc787b9332752cdee0bcd1748733cdef/screenshot - {}
RESULT: {}
COMMAND: POST /session/cc787b9332752cdee0bcd1748733cdef/execute/sync - {"script":"<script> [8489 bytes]","args":[{"element-6066-11e4-a52e-4f735466cecf":"f.40E06083F0E682023BA0E7AA24D478F4.d.B060D88AE7755E578F992A005905C232.e.9457","ELEMENT":"f.40E06083F0E682023BA0E7AA24D478F4.d.B060D88AE7755E578F992A005905C232.e.9457"}]}
RESULT: {"script":"<script> [8489 bytes]","args":[{"element-6066-11e4-a52e-4f735466cecf":"f.40E06083F0E682023BA0E7AA24D478F4.d.B060D88AE7755E578F992A005905C232.e.9457","ELEMENT":"f.40E06083F0E682023BA0E7AA24D478F4.d.B060D88AE7755E578F992A005905C232.e.9457"}]}
COMMAND: GET /session/cc787b9332752cdee0bcd1748733cdef/screenshot - {}
RESULT: {}
COMMAND: POST /session/cc787b9332752cdee0bcd1748733cdef/execute/sync - {"script":"<script> [8489 bytes]","args":[{"element-6066-11e4-a52e-4f735466cecf":"f.40E06083F0E682023BA0E7AA24D478F4.d.B060D88AE7755E578F992A005905C232.e.9457","ELEMENT":"f.40E06083F0E682023BA0E7AA24D478F4.d.B060D88AE7755E578F992A005905C232.e.9457"}]}
RESULT: {"script":"<script> [8489 bytes]","args":[{"element-6066-11e4-a52e-4f735466cecf":"f.40E06083F0E682023BA0E7AA24D478F4.d.B060D88AE7755E578F992A005905C232.e.9457","ELEMENT":"f.40E06083F0E682023BA0E7AA24D478F4.d.B060D88AE7755E578F992A005905C232.e.9457"}]}
COMMAND: GET /session/cc787b9332752cdee0bcd1748733cdef/screenshot - {}
RESULT: {}
COMMAND: POST /session/cc787b9332752cdee0bcd1748733cdef/execute/sync - {"script":"<script> [8489 bytes]","args":[{"element-6066-11e4-a52e-4f735466cecf":"f.40E06083F0E682023BA0E7AA24D478F4.d.B060D88AE7755E578F992A005905C232.e.9457","ELEMENT":"f.40E06083F0E682023BA0E7AA24D478F4.d.B060D88AE7755E578F992A005905C232.e.9457"}]}
RESULT: {"script":"<script> [8489 bytes]","args":[{"element-6066-11e4-a52e-4f735466cecf":"f.40E06083F0E682023BA0E7AA24D478F4.d.B060D88AE7755E578F992A005905C232.e.9457","ELEMENT":"f.40E06083F0E682023BA0E7AA24D478F4.d.B060D88AE7755E578F992A005905C232.e.9457"}]}
COMMAND: GET /session/cc787b9332752cdee0bcd1748733cdef/screenshot - {}
RESULT: {}
COMMAND: POST /session/cc787b9332752cdee0bcd1748733cdef/execute/sync - {"script":"<script> [8489 bytes]","args":[{"element-6066-11e4-a52e-4f735466cecf":"f.40E06083F0E682023BA0E7AA24D478F4.d.B060D88AE7755E578F992A005905C232.e.9457","ELEMENT":"f.40E06083F0E682023BA0E7AA24D478F4.d.B060D88AE7755E578F992A005905C232.e.9457"}]}
RESULT: {"script":"<script> [8489 bytes]","args":[{"element-6066-11e4-a52e-4f735466cecf":"f.40E06083F0E682023BA0E7AA24D478F4.d.B060D88AE7755E578F992A005905C232.e.9457","ELEMENT":"f.40E06083F0E682023BA0E7AA24D478F4.d.B060D88AE7755E578F992A005905C232.e.9457"}]}
COMMAND: GET /session/cc787b9332752cdee0bcd1748733cdef/screenshot - {}
RESULT: {}
COMMAND: POST /session/cc787b9332752cdee0bcd1748733cdef/execute/sync - {"script":"<script> [8489 bytes]","args":[{"element-6066-11e4-a52e-4f735466cecf":"f.40E06083F0E682023BA0E7AA24D478F4.d.B060D88AE7755E578F992A005905C232.e.9457","ELEMENT":"f.40E06083F0E682023BA0E7AA24D478F4.d.B060D88AE7755E578F992A005905C232.e.9457"}]}
RESULT: {"script":"<script> [8489 bytes]","args":[{"element-6066-11e4-a52e-4f735466cecf":"f.40E06083F0E682023BA0E7AA24D478F4.d.B060D88AE7755E578F992A005905C232.e.9457","ELEMENT":"f.40E06083F0E682023BA0E7AA24D478F4.d.B060D88AE7755E578F992A005905C232.e.9457"}]}
COMMAND: GET /session/cc787b9332752cdee0bcd1748733cdef/screenshot - {}
RESULT: {}
COMMAND: POST /session/cc787b9332752cdee0bcd1748733cdef/execute/sync - {"script":"<script> [8489 bytes]","args":[{"element-6066-11e4-a52e-4f735466cecf":"f.40E06083F0E682023BA0E7AA24D478F4.d.B060D88AE7755E578F992A005905C232.e.9457","ELEMENT":"f.40E06083F0E682023BA0E7AA24D478F4.d.B060D88AE7755E578F992A005905C232.e.9457"}]}
RESULT: {"script":"<script> [8489 bytes]","args":[{"element-6066-11e4-a52e-4f735466cecf":"f.40E06083F0E682023BA0E7AA24D478F4.d.B060D88AE7755E578F992A005905C232.e.9457","ELEMENT":"f.40E06083F0E682023BA0E7AA24D478F4.d.B060D88AE7755E578F992A005905C232.e.9457"}]}
COMMAND: GET /session/cc787b9332752cdee0bcd1748733cdef/screenshot - {}
RESULT: {}
COMMAND: POST /session/cc787b9332752cdee0bcd1748733cdef/execute/sync - {"script":"<script> [8489 bytes]","args":[{"element-6066-11e4-a52e-4f735466cecf":"f.40E06083F0E682023BA0E7AA24D478F4.d.B060D88AE7755E578F992A005905C232.e.9457","ELEMENT":"f.40E06083F0E682023BA0E7AA24D478F4.d.B060D88AE7755E578F992A005905C232.e.9457"}]}
RESULT: {"script":"<script> [8489 bytes]","args":[{"element-6066-11e4-a52e-4f735466cecf":"f.40E06083F0E682023BA0E7AA24D478F4.d.B060D88AE7755E578F992A005905C232.e.9457","ELEMENT":"f.40E06083F0E682023BA0E7AA24D478F4.d.B060D88AE7755E578F992A005905C232.e.9457"}]}
COMMAND: GET /session/cc787b9332752cdee0bcd1748733cdef/screenshot - {}
RESULT: {}
COMMAND: POST /session/cc787b9332752cdee0bcd1748733cdef/execute/sync - {"script":"<script> [8489 bytes]","args":[{"element-6066-11e4-a52e-4f735466cecf":"f.40E06083F0E682023BA0E7AA24D478F4.d.B060D88AE7755E578F992A005905C232.e.9457","ELEMENT":"f.40E06083F0E682023BA0E7AA24D478F4.d.B060D88AE7755E578F992A005905C232.e.9457"}]}
RESULT: {"script":"<script> [8489 bytes]","args":[{"element-6066-11e4-a52e-4f735466cecf":"f.40E06083F0E682023BA0E7AA24D478F4.d.B060D88AE7755E578F992A005905C232.e.9457","ELEMENT":"f.40E06083F0E682023BA0E7AA24D478F4.d.B060D88AE7755E578F992A005905C232.e.9457"}]}
COMMAND: GET /session/cc787b9332752cdee0bcd1748733cdef/screenshot - {}
RESULT: {}
COMMAND: POST /session/cc787b9332752cdee0bcd1748733cdef/execute/sync - {"script":"<script> [8489 bytes]","args":[{"element-6066-11e4-a52e-4f735466cecf":"f.40E06083F0E682023BA0E7AA24D478F4.d.B060D88AE7755E578F992A005905C232.e.9457","ELEMENT":"f.40E06083F0E682023BA0E7AA24D478F4.d.B060D88AE7755E578F992A005905C232.e.9457"}]}
RESULT: {"script":"<script> [8489 bytes]","args":[{"element-6066-11e4-a52e-4f735466cecf":"f.40E06083F0E682023BA0E7AA24D478F4.d.B060D88AE7755E578F992A005905C232.e.9457","ELEMENT":"f.40E06083F0E682023BA0E7AA24D478F4.d.B060D88AE7755E578F992A005905C232.e.9457"}]}
COMMAND: GET /session/cc787b9332752cdee0bcd1748733cdef/screenshot - {}
RESULT: {}
COMMAND: POST /session/cc787b9332752cdee0bcd1748733cdef/execute/sync - {"script":"<script> [8489 bytes]","args":[{"element-6066-11e4-a52e-4f735466cecf":"f.40E06083F0E682023BA0E7AA24D478F4.d.B060D88AE7755E578F992A005905C232.e.9457","ELEMENT":"f.40E06083F0E682023BA0E7AA24D478F4.d.B060D88AE7755E578F992A005905C232.e.9457"}]}
RESULT: {"script":"<script> [8489 bytes]","args":[{"element-6066-11e4-a52e-4f735466cecf":"f.40E06083F0E682023BA0E7AA24D478F4.d.B060D88AE7755E578F992A005905C232.e.9457","ELEMENT":"f.40E06083F0E682023BA0E7AA24D478F4.d.B060D88AE7755E578F992A005905C232.e.9457"}]}
COMMAND: GET /session/cc787b9332752cdee0bcd1748733cdef/screenshot - {}
RESULT: {}
COMMAND: POST /session/cc787b9332752cdee0bcd1748733cdef/execute/sync - {"script":"<script> [8489 bytes]","args":[{"element-6066-11e4-a52e-4f735466cecf":"f.40E06083F0E682023BA0E7AA24D478F4.d.B060D88AE7755E578F992A005905C232.e.9457","ELEMENT":"f.40E06083F0E682023BA0E7AA24D478F4.d.B060D88AE7755E578F992A005905C232.e.9457"}]}
RESULT: {"script":"<script> [8489 bytes]","args":[{"element-6066-11e4-a52e-4f735466cecf":"f.40E06083F0E682023BA0E7AA24D478F4.d.B060D88AE7755E578F992A005905C232.e.9457","ELEMENT":"f.40E06083F0E682023BA0E7AA24D478F4.d.B060D88AE7755E578F992A005905C232.e.9457"}]}
COMMAND: GET /session/cc787b9332752cdee0bcd1748733cdef/screenshot - {}
RESULT: {}
COMMAND: POST /session/cc787b9332752cdee0bcd1748733cdef/execute/sync - {"script":"<script> [8489 bytes]","args":[{"element-6066-11e4-a52e-4f735466cecf":"f.40E06083F0E682023BA0E7AA24D478F4.d.B060D88AE7755E578F992A005905C232.e.9457","ELEMENT":"f.40E06083F0E682023BA0E7AA24D478F4.d.B060D88AE7755E578F992A005905C232.e.9457"}]}
RESULT: {"script":"<script> [8489 bytes]","args":[{"element-6066-11e4-a52e-4f735466cecf":"f.40E06083F0E682023BA0E7AA24D478F4.d.B060D88AE7755E578F992A005905C232.e.9457","ELEMENT":"f.40E06083F0E682023BA0E7AA24D478F4.d.B060D88AE7755E578F992A005905C232.e.9457"}]}
COMMAND: GET /session/cc787b9332752cdee0bcd1748733cdef/screenshot - {}
RESULT: {}
COMMAND: POST /session/cc787b9332752cdee0bcd1748733cdef/execute/sync - {"script":"<script> [8489 bytes]","args":[{"element-6066-11e4-a52e-4f735466cecf":"f.40E06083F0E682023BA0E7AA24D478F4.d.B060D88AE7755E578F992A005905C232.e.9457","ELEMENT":"f.40E06083F0E682023BA0E7AA24D478F4.d.B060D88AE7755E578F992A005905C232.e.9457"}]}
RESULT: {"script":"<script> [8489 bytes]","args":[{"element-6066-11e4-a52e-4f735466cecf":"f.40E06083F0E682023BA0E7AA24D478F4.d.B060D88AE7755E578F992A005905C232.e.9457","ELEMENT":"f.40E06083F0E682023BA0E7AA24D478F4.d.B060D88AE7755E578F992A005905C232.e.9457"}]}
COMMAND: GET /session/cc787b9332752cdee0bcd1748733cdef/screenshot - {}
RESULT: {}
COMMAND: POST /session/cc787b9332752cdee0bcd1748733cdef/execute/sync - {"script":"<script> [8489 bytes]","args":[{"element-6066-11e4-a52e-4f735466cecf":"f.40E06083F0E682023BA0E7AA24D478F4.d.B060D88AE7755E578F992A005905C232.e.9457","ELEMENT":"f.40E06083F0E682023BA0E7AA24D478F4.d.B060D88AE7755E578F992A005905C232.e.9457"}]}
RESULT: {"script":"<script> [8489 bytes]","args":[{"element-6066-11e4-a52e-4f735466cecf":"f.40E06083F0E682023BA0E7AA24D478F4.d.B060D88AE7755E578F992A005905C232.e.9457","ELEMENT":"f.40E06083F0E682023BA0E7AA24D478F4.d.B060D88AE7755E578F992A005905C232.e.9457"}]}
COMMAND: GET /session/cc787b9332752cdee0bcd1748733cdef/screenshot - {}
RESULT: {}
COMMAND: POST /session/cc787b9332752cdee0bcd1748733cdef/execute/sync - {"script":"<script> [8489 bytes]","args":[{"element-6066-11e4-a52e-4f735466cecf":"f.40E06083F0E682023BA0E7AA24D478F4.d.B060D88AE7755E578F992A005905C232.e.9457","ELEMENT":"f.40E06083F0E682023BA0E7AA24D478F4.d.B060D88AE7755E578F992A005905C232.e.9457"}]}
RESULT: {"script":"<script> [8489 bytes]","args":[{"element-6066-11e4-a52e-4f735466cecf":"f.40E06083F0E682023BA0E7AA24D478F4.d.B060D88AE7755E578F992A005905C232.e.9457","ELEMENT":"f.40E06083F0E682023BA0E7AA24D478F4.d.B060D88AE7755E578F992A005905C232.e.9457"}]}
COMMAND: GET /session/cc787b9332752cdee0bcd1748733cdef/screenshot - {}
RESULT: {}
COMMAND: POST /session/cc787b9332752cdee0bcd1748733cdef/execute/sync - {"script":"<script> [8489 bytes]","args":[{"element-6066-11e4-a52e-4f735466cecf":"f.40E06083F0E682023BA0E7AA24D478F4.d.B060D88AE7755E578F992A005905C232.e.9457","ELEMENT":"f.40E06083F0E682023BA0E7AA24D478F4.d.B060D88AE7755E578F992A005905C232.e.9457"}]}
RESULT: {"script":"<script> [8489 bytes]","args":[{"element-6066-11e4-a52e-4f735466cecf":"f.40E06083F0E682023BA0E7AA24D478F4.d.B060D88AE7755E578F992A005905C232.e.9457","ELEMENT":"f.40E06083F0E682023BA0E7AA24D478F4.d.B060D88AE7755E578F992A005905C232.e.9457"}]}
COMMAND: GET /session/cc787b9332752cdee0bcd1748733cdef/screenshot - {}
RESULT: {}
COMMAND: POST /session/cc787b9332752cdee0bcd1748733cdef/execute/sync - {"script":"<script> [8489 bytes]","args":[{"element-6066-11e4-a52e-4f735466cecf":"f.40E06083F0E682023BA0E7AA24D478F4.d.B060D88AE7755E578F992A005905C232.e.9457","ELEMENT":"f.40E06083F0E682023BA0E7AA24D478F4.d.B060D88AE7755E578F992A005905C232.e.9457"}]}
RESULT: {"script":"<script> [8489 bytes]","args":[{"element-6066-11e4-a52e-4f735466cecf":"f.40E06083F0E682023BA0E7AA24D478F4.d.B060D88AE7755E578F992A005905C232.e.9457","ELEMENT":"f.40E06083F0E682023BA0E7AA24D478F4.d.B060D88AE7755E578F992A005905C232.e.9457"}]}
COMMAND: GET /session/cc787b9332752cdee0bcd1748733cdef/screenshot - {}
RESULT: {}
COMMAND: POST /session/cc787b9332752cdee0bcd1748733cdef/execute/sync - {"script":"<script> [8489 bytes]","args":[{"element-6066-11e4-a52e-4f735466cecf":"f.40E06083F0E682023BA0E7AA24D478F4.d.B060D88AE7755E578F992A005905C232.e.9457","ELEMENT":"f.40E06083F0E682023BA0E7AA24D478F4.d.B060D88AE7755E578F992A005905C232.e.9457"}]}
RESULT: {"script":"<script> [8489 bytes]","args":[{"element-6066-11e4-a52e-4f735466cecf":"f.40E06083F0E682023BA0E7AA24D478F4.d.B060D88AE7755E578F992A005905C232.e.9457","ELEMENT":"f.40E06083F0E682023BA0E7AA24D478F4.d.B060D88AE7755E578F992A005905C232.e.9457"}]}
COMMAND: GET /session/cc787b9332752cdee0bcd1748733cdef/screenshot - {}
RESULT: {}
COMMAND: POST /session/cc787b9332752cdee0bcd1748733cdef/execute/sync - {"script":"<script> [8489 bytes]","args":[{"element-6066-11e4-a52e-4f735466cecf":"f.40E06083F0E682023BA0E7AA24D478F4.d.B060D88AE7755E578F992A005905C232.e.9457","ELEMENT":"f.40E06083F0E682023BA0E7AA24D478F4.d.B060D88AE7755E578F992A005905C232.e.9457"}]}
RESULT: {"script":"<script> [8489 bytes]","args":[{"element-6066-11e4-a52e-4f735466cecf":"f.40E06083F0E682023BA0E7AA24D478F4.d.B060D88AE7755E578F992A005905C232.e.9457","ELEMENT":"f.40E06083F0E682023BA0E7AA24D478F4.d.B060D88AE7755E578F992A005905C232.e.9457"}]}
COMMAND: GET /session/cc787b9332752cdee0bcd1748733cdef/screenshot - {}
RESULT: {}
COMMAND: POST /session/cc787b9332752cdee0bcd1748733cdef/execute/sync - {"script":"<script> [8489 bytes]","args":[{"element-6066-11e4-a52e-4f735466cecf":"f.40E06083F0E682023BA0E7AA24D478F4.d.B060D88AE7755E578F992A005905C232.e.9457","ELEMENT":"f.40E06083F0E682023BA0E7AA24D478F4.d.B060D88AE7755E578F992A005905C232.e.9457"}]}
RESULT: {"script":"<script> [8489 bytes]","args":[{"element-6066-11e4-a52e-4f735466cecf":"f.40E06083F0E682023BA0E7AA24D478F4.d.B060D88AE7755E578F992A005905C232.e.9457","ELEMENT":"f.40E06083F0E682023BA0E7AA24D478F4.d.B060D88AE7755E578F992A005905C232.e.9457"}]}
COMMAND: GET /session/cc787b9332752cdee0bcd1748733cdef/screenshot - {}
RESULT: {}
COMMAND: POST /session/cc787b9332752cdee0bcd1748733cdef/execute/sync - {"script":"<script> [8489 bytes]","args":[{"element-6066-11e4-a52e-4f735466cecf":"f.40E06083F0E682023BA0E7AA24D478F4.d.B060D88AE7755E578F992A005905C232.e.9457","ELEMENT":"f.40E06083F0E682023BA0E7AA24D478F4.d.B060D88AE7755E578F992A005905C232.e.9457"}]}
RESULT: {"script":"<script> [8489 bytes]","args":[{"element-6066-11e4-a52e-4f735466cecf":"f.40E06083F0E682023BA0E7AA24D478F4.d.B060D88AE7755E578F992A005905C232.e.9457","ELEMENT":"f.40E06083F0E682023BA0E7AA24D478F4.d.B060D88AE7755E578F992A005905C232.e.9457"}]}
COMMAND: GET /session/cc787b9332752cdee0bcd1748733cdef/screenshot - {}
RESULT: {}
COMMAND: POST /session/cc787b9332752cdee0bcd1748733cdef/execute/sync - {"script":"<script> [8489 bytes]","args":[{"element-6066-11e4-a52e-4f735466cecf":"f.40E06083F0E682023BA0E7AA24D478F4.d.B060D88AE7755E578F992A005905C232.e.9457","ELEMENT":"f.40E06083F0E682023BA0E7AA24D478F4.d.B060D88AE7755E578F992A005905C232.e.9457"}]}
RESULT: {"script":"<script> [8489 bytes]","args":[{"element-6066-11e4-a52e-4f735466cecf":"f.40E06083F0E682023BA0E7AA24D478F4.d.B060D88AE7755E578F992A005905C232.e.9457","ELEMENT":"f.40E06083F0E682023BA0E7AA24D478F4.d.B060D88AE7755E578F992A005905C232.e.9457"}]}
COMMAND: GET /session/cc787b9332752cdee0bcd1748733cdef/screenshot - {}
RESULT: {}
COMMAND: POST /session/cc787b9332752cdee0bcd1748733cdef/execute/sync - {"script":"<script> [8489 bytes]","args":[{"element-6066-11e4-a52e-4f735466cecf":"f.40E06083F0E682023BA0E7AA24D478F4.d.B060D88AE7755E578F992A005905C232.e.9457","ELEMENT":"f.40E06083F0E682023BA0E7AA24D478F4.d.B060D88AE7755E578F992A005905C232.e.9457"}]}
RESULT: {"script":"<script> [8489 bytes]","args":[{"element-6066-11e4-a52e-4f735466cecf":"f.40E06083F0E682023BA0E7AA24D478F4.d.B060D88AE7755E578F992A005905C232.e.9457","ELEMENT":"f.40E06083F0E682023BA0E7AA24D478F4.d.B060D88AE7755E578F992A005905C232.e.9457"}]}
COMMAND: GET /session/cc787b9332752cdee0bcd1748733cdef/screenshot - {}
RESULT: {}
COMMAND: POST /session/cc787b9332752cdee0bcd1748733cdef/execute/sync - {"script":"<script> [8489 bytes]","args":[{"element-6066-11e4-a52e-4f735466cecf":"f.40E06083F0E682023BA0E7AA24D478F4.d.B060D88AE7755E578F992A005905C232.e.9457","ELEMENT":"f.40E06083F0E682023BA0E7AA24D478F4.d.B060D88AE7755E578F992A005905C232.e.9457"}]}
RESULT: {"script":"<script> [8489 bytes]","args":[{"element-6066-11e4-a52e-4f735466cecf":"f.40E06083F0E682023BA0E7AA24D478F4.d.B060D88AE7755E578F992A005905C232.e.9457","ELEMENT":"f.40E06083F0E682023BA0E7AA24D478F4.d.B060D88AE7755E578F992A005905C232.e.9457"}]}
COMMAND: GET /session/cc787b9332752cdee0bcd1748733cdef/screenshot - {}
RESULT: {}
COMMAND: POST /session/cc787b9332752cdee0bcd1748733cdef/execute/sync - {"script":"<script> [8489 bytes]","args":[{"element-6066-11e4-a52e-4f735466cecf":"f.40E06083F0E682023BA0E7AA24D478F4.d.B060D88AE7755E578F992A005905C232.e.9457","ELEMENT":"f.40E06083F0E682023BA0E7AA24D478F4.d.B060D88AE7755E578F992A005905C232.e.9457"}]}
RESULT: {"script":"<script> [8489 bytes]","args":[{"element-6066-11e4-a52e-4f735466cecf":"f.40E06083F0E682023BA0E7AA24D478F4.d.B060D88AE7755E578F992A005905C232.e.9457","ELEMENT":"f.40E06083F0E682023BA0E7AA24D478F4.d.B060D88AE7755E578F992A005905C232.e.9457"}]}
COMMAND: GET /session/cc787b9332752cdee0bcd1748733cdef/screenshot - {}
COMMAND: POST /session/cc787b9332752cdee0bcd1748733cdef/execute/sync - {"script":"<script> [8489 bytes]","args":[{"element-6066-11e4-a52e-4f735466cecf":"f.40E06083F0E682023BA0E7AA24D478F4.d.B060D88AE7755E578F992A005905C232.e.9457","ELEMENT":"f.40E06083F0E682023BA0E7AA24D478F4.d.B060D88AE7755E578F992A005905C232.e.9457"}]}
RESULT: {}
RESULT: {"script":"<script> [8489 bytes]","args":[{"element-6066-11e4-a52e-4f735466cecf":"f.40E06083F0E682023BA0E7AA24D478F4.d.B060D88AE7755E578F992A005905C232.e.9457","ELEMENT":"f.40E06083F0E682023BA0E7AA24D478F4.d.B060D88AE7755E578F992A005905C232.e.9457"}]}
COMMAND: GET /session/cc787b9332752cdee0bcd1748733cdef/screenshot - {}
RESULT: {}
COMMAND: POST /session/cc787b9332752cdee0bcd1748733cdef/execute/sync - {"script":"<script> [8489 bytes]","args":[{"element-6066-11e4-a52e-4f735466cecf":"f.40E06083F0E682023BA0E7AA24D478F4.d.B060D88AE7755E578F992A005905C232.e.9457","ELEMENT":"f.40E06083F0E682023BA0E7AA24D478F4.d.B060D88AE7755E578F992A005905C232.e.9457"}]}
RESULT: {"script":"<script> [8489 bytes]","args":[{"element-6066-11e4-a52e-4f735466cecf":"f.40E06083F0E682023BA0E7AA24D478F4.d.B060D88AE7755E578F992A005905C232.e.9457","ELEMENT":"f.40E06083F0E682023BA0E7AA24D478F4.d.B060D88AE7755E578F992A005905C232.e.9457"}]}
COMMAND: GET /session/cc787b9332752cdee0bcd1748733cdef/screenshot - {}
RESULT: {}
COMMAND: POST /session/cc787b9332752cdee0bcd1748733cdef/execute/sync - {"script":"<script> [8489 bytes]","args":[{"element-6066-11e4-a52e-4f735466cecf":"f.40E06083F0E682023BA0E7AA24D478F4.d.B060D88AE7755E578F992A005905C232.e.9457","ELEMENT":"f.40E06083F0E682023BA0E7AA24D478F4.d.B060D88AE7755E578F992A005905C232.e.9457"}]}
RESULT: {"script":"<script> [8489 bytes]","args":[{"element-6066-11e4-a52e-4f735466cecf":"f.40E06083F0E682023BA0E7AA24D478F4.d.B060D88AE7755E578F992A005905C232.e.9457","ELEMENT":"f.40E06083F0E682023BA0E7AA24D478F4.d.B060D88AE7755E578F992A005905C232.e.9457"}]}
COMMAND: GET /session/cc787b9332752cdee0bcd1748733cdef/screenshot - {}
RESULT: {}
COMMAND: POST /session/cc787b9332752cdee0bcd1748733cdef/execute/sync - {"script":"<script> [8489 bytes]","args":[{"element-6066-11e4-a52e-4f735466cecf":"f.40E06083F0E682023BA0E7AA24D478F4.d.B060D88AE7755E578F992A005905C232.e.9457","ELEMENT":"f.40E06083F0E682023BA0E7AA24D478F4.d.B060D88AE7755E578F992A005905C232.e.9457"}]}
RESULT: {"script":"<script> [8489 bytes]","args":[{"element-6066-11e4-a52e-4f735466cecf":"f.40E06083F0E682023BA0E7AA24D478F4.d.B060D88AE7755E578F992A005905C232.e.9457","ELEMENT":"f.40E06083F0E682023BA0E7AA24D478F4.d.B060D88AE7755E578F992A005905C232.e.9457"}]}
COMMAND: GET /session/cc787b9332752cdee0bcd1748733cdef/screenshot - {}
RESULT: {}
COMMAND: POST /session/cc787b9332752cdee0bcd1748733cdef/execute/sync - {"script":"<script> [8489 bytes]","args":[{"element-6066-11e4-a52e-4f735466cecf":"f.40E06083F0E682023BA0E7AA24D478F4.d.B060D88AE7755E578F992A005905C232.e.9457","ELEMENT":"f.40E06083F0E682023BA0E7AA24D478F4.d.B060D88AE7755E578F992A005905C232.e.9457"}]}
RESULT: {"script":"<script> [8489 bytes]","args":[{"element-6066-11e4-a52e-4f735466cecf":"f.40E06083F0E682023BA0E7AA24D478F4.d.B060D88AE7755E578F992A005905C232.e.9457","ELEMENT":"f.40E06083F0E682023BA0E7AA24D478F4.d.B060D88AE7755E578F992A005905C232.e.9457"}]}
COMMAND: GET /session/cc787b9332752cdee0bcd1748733cdef/screenshot - {}
RESULT: {}
COMMAND: POST /session/cc787b9332752cdee0bcd1748733cdef/execute/sync - {"script":"<script> [8489 bytes]","args":[{"element-6066-11e4-a52e-4f735466cecf":"f.40E06083F0E682023BA0E7AA24D478F4.d.B060D88AE7755E578F992A005905C232.e.9457","ELEMENT":"f.40E06083F0E682023BA0E7AA24D478F4.d.B060D88AE7755E578F992A005905C232.e.9457"}]}
RESULT: {"script":"<script> [8489 bytes]","args":[{"element-6066-11e4-a52e-4f735466cecf":"f.40E06083F0E682023BA0E7AA24D478F4.d.B060D88AE7755E578F992A005905C232.e.9457","ELEMENT":"f.40E06083F0E682023BA0E7AA24D478F4.d.B060D88AE7755E578F992A005905C232.e.9457"}]}
COMMAND: GET /session/cc787b9332752cdee0bcd1748733cdef/screenshot - {}
RESULT: {}
COMMAND: POST /session/cc787b9332752cdee0bcd1748733cdef/execute/sync - {"script":"<script> [8489 bytes]","args":[{"element-6066-11e4-a52e-4f735466cecf":"f.40E06083F0E682023BA0E7AA24D478F4.d.B060D88AE7755E578F992A005905C232.e.9457","ELEMENT":"f.40E06083F0E682023BA0E7AA24D478F4.d.B060D88AE7755E578F992A005905C232.e.9457"}]}
RESULT: {"script":"<script> [8489 bytes]","args":[{"element-6066-11e4-a52e-4f735466cecf":"f.40E06083F0E682023BA0E7AA24D478F4.d.B060D88AE7755E578F992A005905C232.e.9457","ELEMENT":"f.40E06083F0E682023BA0E7AA24D478F4.d.B060D88AE7755E578F992A005905C232.e.9457"}]}
COMMAND: GET /session/cc787b9332752cdee0bcd1748733cdef/screenshot - {}
RESULT: {}
COMMAND: POST /session/cc787b9332752cdee0bcd1748733cdef/execute/sync - {"script":"<script> [8489 bytes]","args":[{"element-6066-11e4-a52e-4f735466cecf":"f.40E06083F0E682023BA0E7AA24D478F4.d.B060D88AE7755E578F992A005905C232.e.9457","ELEMENT":"f.40E06083F0E682023BA0E7AA24D478F4.d.B060D88AE7755E578F992A005905C232.e.9457"}]}
RESULT: {"script":"<script> [8489 bytes]","args":[{"element-6066-11e4-a52e-4f735466cecf":"f.40E06083F0E682023BA0E7AA24D478F4.d.B060D88AE7755E578F992A005905C232.e.9457","ELEMENT":"f.40E06083F0E682023BA0E7AA24D478F4.d.B060D88AE7755E578F992A005905C232.e.9457"}]}
COMMAND: GET /session/cc787b9332752cdee0bcd1748733cdef/screenshot - {}
RESULT: {}
COMMAND: POST /session/cc787b9332752cdee0bcd1748733cdef/execute/sync - {"script":"<script> [8489 bytes]","args":[{"element-6066-11e4-a52e-4f735466cecf":"f.40E06083F0E682023BA0E7AA24D478F4.d.B060D88AE7755E578F992A005905C232.e.9457","ELEMENT":"f.40E06083F0E682023BA0E7AA24D478F4.d.B060D88AE7755E578F992A005905C232.e.9457"}]}
RESULT: {"script":"<script> [8489 bytes]","args":[{"element-6066-11e4-a52e-4f735466cecf":"f.40E06083F0E682023BA0E7AA24D478F4.d.B060D88AE7755E578F992A005905C232.e.9457","ELEMENT":"f.40E06083F0E682023BA0E7AA24D478F4.d.B060D88AE7755E578F992A005905C232.e.9457"}]}
COMMAND: GET /session/cc787b9332752cdee0bcd1748733cdef/screenshot - {}
RESULT: {}
COMMAND: POST /session/cc787b9332752cdee0bcd1748733cdef/execute/sync - {"script":"<script> [8489 bytes]","args":[{"element-6066-11e4-a52e-4f735466cecf":"f.40E06083F0E682023BA0E7AA24D478F4.d.B060D88AE7755E578F992A005905C232.e.9457","ELEMENT":"f.40E06083F0E682023BA0E7AA24D478F4.d.B060D88AE7755E578F992A005905C232.e.9457"}]}
RESULT: {"script":"<script> [8489 bytes]","args":[{"element-6066-11e4-a52e-4f735466cecf":"f.40E06083F0E682023BA0E7AA24D478F4.d.B060D88AE7755E578F992A005905C232.e.9457","ELEMENT":"f.40E06083F0E682023BA0E7AA24D478F4.d.B060D88AE7755E578F992A005905C232.e.9457"}]}
COMMAND: GET /session/cc787b9332752cdee0bcd1748733cdef/screenshot - {}
RESULT: {}
COMMAND: POST /session/cc787b9332752cdee0bcd1748733cdef/execute/sync - {"script":"<script> [8489 bytes]","args":[{"element-6066-11e4-a52e-4f735466cecf":"f.40E06083F0E682023BA0E7AA24D478F4.d.B060D88AE7755E578F992A005905C232.e.9457","ELEMENT":"f.40E06083F0E682023BA0E7AA24D478F4.d.B060D88AE7755E578F992A005905C232.e.9457"}]}
RESULT: {"script":"<script> [8489 bytes]","args":[{"element-6066-11e4-a52e-4f735466cecf":"f.40E06083F0E682023BA0E7AA24D478F4.d.B060D88AE7755E578F992A005905C232.e.9457","ELEMENT":"f.40E06083F0E682023BA0E7AA24D478F4.d.B060D88AE7755E578F992A005905C232.e.9457"}]}
COMMAND: GET /session/cc787b9332752cdee0bcd1748733cdef/screenshot - {}
RESULT: {}
COMMAND: POST /session/cc787b9332752cdee0bcd1748733cdef/execute/sync - {"script":"<script> [8489 bytes]","args":[{"element-6066-11e4-a52e-4f735466cecf":"f.40E06083F0E682023BA0E7AA24D478F4.d.B060D88AE7755E578F992A005905C232.e.9457","ELEMENT":"f.40E06083F0E682023BA0E7AA24D478F4.d.B060D88AE7755E578F992A005905C232.e.9457"}]}
RESULT: {"script":"<script> [8489 bytes]","args":[{"element-6066-11e4-a52e-4f735466cecf":"f.40E06083F0E682023BA0E7AA24D478F4.d.B060D88AE7755E578F992A005905C232.e.9457","ELEMENT":"f.40E06083F0E682023BA0E7AA24D478F4.d.B060D88AE7755E578F992A005905C232.e.9457"}]}
COMMAND: GET /session/cc787b9332752cdee0bcd1748733cdef/screenshot - {}
RESULT: {}
COMMAND: POST /session/cc787b9332752cdee0bcd1748733cdef/execute/sync - {"script":"<script> [8489 bytes]","args":[{"element-6066-11e4-a52e-4f735466cecf":"f.40E06083F0E682023BA0E7AA24D478F4.d.B060D88AE7755E578F992A005905C232.e.9457","ELEMENT":"f.40E06083F0E682023BA0E7AA24D478F4.d.B060D88AE7755E578F992A005905C232.e.9457"}]}
RESULT: {"script":"<script> [8489 bytes]","args":[{"element-6066-11e4-a52e-4f735466cecf":"f.40E06083F0E682023BA0E7AA24D478F4.d.B060D88AE7755E578F992A005905C232.e.9457","ELEMENT":"f.40E06083F0E682023BA0E7AA24D478F4.d.B060D88AE7755E578F992A005905C232.e.9457"}]}
COMMAND: GET /session/cc787b9332752cdee0bcd1748733cdef/screenshot - {}
RESULT: {}
COMMAND: POST /session/cc787b9332752cdee0bcd1748733cdef/execute/sync - {"script":"<script> [8489 bytes]","args":[{"element-6066-11e4-a52e-4f735466cecf":"f.40E06083F0E682023BA0E7AA24D478F4.d.B060D88AE7755E578F992A005905C232.e.9457","ELEMENT":"f.40E06083F0E682023BA0E7AA24D478F4.d.B060D88AE7755E578F992A005905C232.e.9457"}]}
RESULT: {"script":"<script> [8489 bytes]","args":[{"element-6066-11e4-a52e-4f735466cecf":"f.40E06083F0E682023BA0E7AA24D478F4.d.B060D88AE7755E578F992A005905C232.e.9457","ELEMENT":"f.40E06083F0E682023BA0E7AA24D478F4.d.B060D88AE7755E578F992A005905C232.e.9457"}]}
COMMAND: GET /session/cc787b9332752cdee0bcd1748733cdef/screenshot - {}
RESULT: {}
COMMAND: POST /session/cc787b9332752cdee0bcd1748733cdef/execute/sync - {"script":"<script> [8489 bytes]","args":[{"element-6066-11e4-a52e-4f735466cecf":"f.40E06083F0E682023BA0E7AA24D478F4.d.B060D88AE7755E578F992A005905C232.e.9457","ELEMENT":"f.40E06083F0E682023BA0E7AA24D478F4.d.B060D88AE7755E578F992A005905C232.e.9457"}]}
RESULT: {"script":"<script> [8489 bytes]","args":[{"element-6066-11e4-a52e-4f735466cecf":"f.40E06083F0E682023BA0E7AA24D478F4.d.B060D88AE7755E578F992A005905C232.e.9457","ELEMENT":"f.40E06083F0E682023BA0E7AA24D478F4.d.B060D88AE7755E578F992A005905C232.e.9457"}]}
COMMAND: GET /session/cc787b9332752cdee0bcd1748733cdef/screenshot - {}
RESULT: {}
COMMAND: POST /session/cc787b9332752cdee0bcd1748733cdef/execute/sync - {"script":"<script> [8489 bytes]","args":[{"element-6066-11e4-a52e-4f735466cecf":"f.40E06083F0E682023BA0E7AA24D478F4.d.B060D88AE7755E578F992A005905C232.e.9457","ELEMENT":"f.40E06083F0E682023BA0E7AA24D478F4.d.B060D88AE7755E578F992A005905C232.e.9457"}]}
RESULT: {"script":"<script> [8489 bytes]","args":[{"element-6066-11e4-a52e-4f735466cecf":"f.40E06083F0E682023BA0E7AA24D478F4.d.B060D88AE7755E578F992A005905C232.e.9457","ELEMENT":"f.40E06083F0E682023BA0E7AA24D478F4.d.B060D88AE7755E578F992A005905C232.e.9457"}]}
COMMAND: GET /session/cc787b9332752cdee0bcd1748733cdef/screenshot - {}
RESULT: {}
COMMAND: POST /session/cc787b9332752cdee0bcd1748733cdef/execute/sync - {"script":"<script> [8489 bytes]","args":[{"element-6066-11e4-a52e-4f735466cecf":"f.40E06083F0E682023BA0E7AA24D478F4.d.B060D88AE7755E578F992A005905C232.e.9457","ELEMENT":"f.40E06083F0E682023BA0E7AA24D478F4.d.B060D88AE7755E578F992A005905C232.e.9457"}]}
RESULT: {"script":"<script> [8489 bytes]","args":[{"element-6066-11e4-a52e-4f735466cecf":"f.40E06083F0E682023BA0E7AA24D478F4.d.B060D88AE7755E578F992A005905C232.e.9457","ELEMENT":"f.40E06083F0E682023BA0E7AA24D478F4.d.B060D88AE7755E578F992A005905C232.e.9457"}]}
COMMAND: GET /session/cc787b9332752cdee0bcd1748733cdef/screenshot - {}
RESULT: {}
COMMAND: POST /session/cc787b9332752cdee0bcd1748733cdef/execute/sync - {"script":"<script> [8489 bytes]","args":[{"element-6066-11e4-a52e-4f735466cecf":"f.40E06083F0E682023BA0E7AA24D478F4.d.B060D88AE7755E578F992A005905C232.e.9457","ELEMENT":"f.40E06083F0E682023BA0E7AA24D478F4.d.B060D88AE7755E578F992A005905C232.e.9457"}]}
RESULT: {"script":"<script> [8489 bytes]","args":[{"element-6066-11e4-a52e-4f735466cecf":"f.40E06083F0E682023BA0E7AA24D478F4.d.B060D88AE7755E578F992A005905C232.e.9457","ELEMENT":"f.40E06083F0E682023BA0E7AA24D478F4.d.B060D88AE7755E578F992A005905C232.e.9457"}]}
COMMAND: GET /session/cc787b9332752cdee0bcd1748733cdef/screenshot - {}
RESULT: {}
COMMAND: POST /session/cc787b9332752cdee0bcd1748733cdef/execute/sync - {"script":"<script> [8489 bytes]","args":[{"element-6066-11e4-a52e-4f735466cecf":"f.40E06083F0E682023BA0E7AA24D478F4.d.B060D88AE7755E578F992A005905C232.e.9457","ELEMENT":"f.40E06083F0E682023BA0E7AA24D478F4.d.B060D88AE7755E578F992A005905C232.e.9457"}]}
RESULT: {"script":"<script> [8489 bytes]","args":[{"element-6066-11e4-a52e-4f735466cecf":"f.40E06083F0E682023BA0E7AA24D478F4.d.B060D88AE7755E578F992A005905C232.e.9457","ELEMENT":"f.40E06083F0E682023BA0E7AA24D478F4.d.B060D88AE7755E578F992A005905C232.e.9457"}]}
COMMAND: GET /session/cc787b9332752cdee0bcd1748733cdef/screenshot - {}
RESULT: {}
COMMAND: POST /session/cc787b9332752cdee0bcd1748733cdef/execute/sync - {"script":"<script> [8489 bytes]","args":[{"element-6066-11e4-a52e-4f735466cecf":"f.40E06083F0E682023BA0E7AA24D478F4.d.B060D88AE7755E578F992A005905C232.e.9457","ELEMENT":"f.40E06083F0E682023BA0E7AA24D478F4.d.B060D88AE7755E578F992A005905C232.e.9457"}]}
RESULT: {"script":"<script> [8489 bytes]","args":[{"element-6066-11e4-a52e-4f735466cecf":"f.40E06083F0E682023BA0E7AA24D478F4.d.B060D88AE7755E578F992A005905C232.e.9457","ELEMENT":"f.40E06083F0E682023BA0E7AA24D478F4.d.B060D88AE7755E578F992A005905C232.e.9457"}]}
COMMAND: GET /session/cc787b9332752cdee0bcd1748733cdef/screenshot - {}
RESULT: {}
COMMAND: POST /session/cc787b9332752cdee0bcd1748733cdef/execute/sync - {"script":"<script> [8489 bytes]","args":[{"element-6066-11e4-a52e-4f735466cecf":"f.40E06083F0E682023BA0E7AA24D478F4.d.B060D88AE7755E578F992A005905C232.e.9457","ELEMENT":"f.40E06083F0E682023BA0E7AA24D478F4.d.B060D88AE7755E578F992A005905C232.e.9457"}]}
RESULT: {"script":"<script> [8489 bytes]","args":[{"element-6066-11e4-a52e-4f735466cecf":"f.40E06083F0E682023BA0E7AA24D478F4.d.B060D88AE7755E578F992A005905C232.e.9457","ELEMENT":"f.40E06083F0E682023BA0E7AA24D478F4.d.B060D88AE7755E578F992A005905C232.e.9457"}]}
COMMAND: GET /session/cc787b9332752cdee0bcd1748733cdef/screenshot - {}
RESULT: {}
COMMAND: POST /session/cc787b9332752cdee0bcd1748733cdef/execute/sync - {"script":"<script> [8489 bytes]","args":[{"element-6066-11e4-a52e-4f735466cecf":"f.40E06083F0E682023BA0E7AA24D478F4.d.B060D88AE7755E578F992A005905C232.e.9457","ELEMENT":"f.40E06083F0E682023BA0E7AA24D478F4.d.B060D88AE7755E578F992A005905C232.e.9457"}]}
RESULT: {"script":"<script> [8489 bytes]","args":[{"element-6066-11e4-a52e-4f735466cecf":"f.40E06083F0E682023BA0E7AA24D478F4.d.B060D88AE7755E578F992A005905C232.e.9457","ELEMENT":"f.40E06083F0E682023BA0E7AA24D478F4.d.B060D88AE7755E578F992A005905C232.e.9457"}]}
COMMAND: GET /session/cc787b9332752cdee0bcd1748733cdef/screenshot - {}
RESULT: {}
COMMAND: POST /session/cc787b9332752cdee0bcd1748733cdef/execute/sync - {"script":"<script> [8489 bytes]","args":[{"element-6066-11e4-a52e-4f735466cecf":"f.40E06083F0E682023BA0E7AA24D478F4.d.B060D88AE7755E578F992A005905C232.e.9457","ELEMENT":"f.40E06083F0E682023BA0E7AA24D478F4.d.B060D88AE7755E578F992A005905C232.e.9457"}]}
RESULT: {"script":"<script> [8489 bytes]","args":[{"element-6066-11e4-a52e-4f735466cecf":"f.40E06083F0E682023BA0E7AA24D478F4.d.B060D88AE7755E578F992A005905C232.e.9457","ELEMENT":"f.40E06083F0E682023BA0E7AA24D478F4.d.B060D88AE7755E578F992A005905C232.e.9457"}]}
COMMAND: GET /session/cc787b9332752cdee0bcd1748733cdef/screenshot - {}
RESULT: {}
COMMAND: POST /session/cc787b9332752cdee0bcd1748733cdef/execute/sync - {"script":"<script> [8489 bytes]","args":[{"element-6066-11e4-a52e-4f735466cecf":"f.40E06083F0E682023BA0E7AA24D478F4.d.B060D88AE7755E578F992A005905C232.e.9457","ELEMENT":"f.40E06083F0E682023BA0E7AA24D478F4.d.B060D88AE7755E578F992A005905C232.e.9457"}]}
RESULT: {"script":"<script> [8489 bytes]","args":[{"element-6066-11e4-a52e-4f735466cecf":"f.40E06083F0E682023BA0E7AA24D478F4.d.B060D88AE7755E578F992A005905C232.e.9457","ELEMENT":"f.40E06083F0E682023BA0E7AA24D478F4.d.B060D88AE7755E578F992A005905C232.e.9457"}]}
COMMAND: GET /session/cc787b9332752cdee0bcd1748733cdef/screenshot - {}
RESULT: {}
COMMAND: POST /session/cc787b9332752cdee0bcd1748733cdef/execute/sync - {"script":"<script> [8489 bytes]","args":[{"element-6066-11e4-a52e-4f735466cecf":"f.40E06083F0E682023BA0E7AA24D478F4.d.B060D88AE7755E578F992A005905C232.e.9457","ELEMENT":"f.40E06083F0E682023BA0E7AA24D478F4.d.B060D88AE7755E578F992A005905C232.e.9457"}]}
RESULT: {"script":"<script> [8489 bytes]","args":[{"element-6066-11e4-a52e-4f735466cecf":"f.40E06083F0E682023BA0E7AA24D478F4.d.B060D88AE7755E578F992A005905C232.e.9457","ELEMENT":"f.40E06083F0E682023BA0E7AA24D478F4.d.B060D88AE7755E578F992A005905C232.e.9457"}]}
COMMAND: GET /session/cc787b9332752cdee0bcd1748733cdef/screenshot - {}
RESULT: {}
COMMAND: POST /session/cc787b9332752cdee0bcd1748733cdef/execute/sync - {"script":"<script> [8489 bytes]","args":[{"element-6066-11e4-a52e-4f735466cecf":"f.40E06083F0E682023BA0E7AA24D478F4.d.B060D88AE7755E578F992A005905C232.e.9457","ELEMENT":"f.40E06083F0E682023BA0E7AA24D478F4.d.B060D88AE7755E578F992A005905C232.e.9457"}]}
RESULT: {"script":"<script> [8489 bytes]","args":[{"element-6066-11e4-a52e-4f735466cecf":"f.40E06083F0E682023BA0E7AA24D478F4.d.B060D88AE7755E578F992A005905C232.e.9457","ELEMENT":"f.40E06083F0E682023BA0E7AA24D478F4.d.B060D88AE7755E578F992A005905C232.e.9457"}]}
COMMAND: GET /session/cc787b9332752cdee0bcd1748733cdef/screenshot - {}
RESULT: {}
COMMAND: POST /session/cc787b9332752cdee0bcd1748733cdef/execute/sync - {"script":"<script> [8489 bytes]","args":[{"element-6066-11e4-a52e-4f735466cecf":"f.40E06083F0E682023BA0E7AA24D478F4.d.B060D88AE7755E578F992A005905C232.e.9457","ELEMENT":"f.40E06083F0E682023BA0E7AA24D478F4.d.B060D88AE7755E578F992A005905C232.e.9457"}]}
RESULT: {"script":"<script> [8489 bytes]","args":[{"element-6066-11e4-a52e-4f735466cecf":"f.40E06083F0E682023BA0E7AA24D478F4.d.B060D88AE7755E578F992A005905C232.e.9457","ELEMENT":"f.40E06083F0E682023BA0E7AA24D478F4.d.B060D88AE7755E578F992A005905C232.e.9457"}]}
COMMAND: GET /session/cc787b9332752cdee0bcd1748733cdef/screenshot - {}
RESULT: {}
COMMAND: POST /session/cc787b9332752cdee0bcd1748733cdef/execute/sync - {"script":"<script> [8489 bytes]","args":[{"element-6066-11e4-a52e-4f735466cecf":"f.40E06083F0E682023BA0E7AA24D478F4.d.B060D88AE7755E578F992A005905C232.e.9457","ELEMENT":"f.40E06083F0E682023BA0E7AA24D478F4.d.B060D88AE7755E578F992A005905C232.e.9457"}]}
RESULT: {"script":"<script> [8489 bytes]","args":[{"element-6066-11e4-a52e-4f735466cecf":"f.40E06083F0E682023BA0E7AA24D478F4.d.B060D88AE7755E578F992A005905C232.e.9457","ELEMENT":"f.40E06083F0E682023BA0E7AA24D478F4.d.B060D88AE7755E578F992A005905C232.e.9457"}]}
COMMAND: GET /session/cc787b9332752cdee0bcd1748733cdef/screenshot - {}
RESULT: {}
COMMAND: GET /session/cc787b9332752cdee0bcd1748733cdef/screenshot - {}
RESULT: {}
COMMAND: POST /session/cc787b9332752cdee0bcd1748733cdef/refresh - {}
COMMAND: GET /session/cc787b9332752cdee0bcd1748733cdef/screenshot - {}
COMMAND: GET /session/cc787b9332752cdee0bcd1748733cdef/screenshot - {}
RESULT: {}
COMMAND: GET /session/cc787b9332752cdee0bcd1748733cdef/screenshot - {}
RESULT: {}
RESULT: {}
RESULT: {}
COMMAND: POST /session/cc787b9332752cdee0bcd1748733cdef/execute/async - {"script":"<script> [189 bytes]","args":[]}
RESULT: {"script":"<script> [189 bytes]","args":[]}
COMMAND: POST /session/cc787b9332752cdee0bcd1748733cdef/execute/async - {"script":"<script> [123 bytes]","args":[]}
RESULT: {"script":"<script> [123 bytes]","args":[]}
COMMAND: POST /session/cc787b9332752cdee0bcd1748733cdef/timeouts - {"script":"<number>"}
RESULT: {"script":"<number>"}
COMMAND: GET /session/cc787b9332752cdee0bcd1748733cdef/timeouts - {}
RESULT: {}
RESULT: undefined
COMMAND: POST /session/cc787b9332752cdee0bcd1748733cdef/execute/async - {"script":"<script> [2676 bytes]","args":[]}
RESULT: {"script":"<script> [2676 bytes]","args":[]}
COMMAND: POST /session/cc787b9332752cdee0bcd1748733cdef/execute/async - {"script":"<script> [2342 bytes]","args":[{"protocol":"http","hostname":"0.0.0.0","path":"/","capabilities":{"browserName":"chrome","goog:chromeOptions":{"binary":"C:\\Program Files\\Google\\Chrome\\Application\\chrome.exe","args":["--start-maximized"]}},"logLevel":"warn","connectionRetryTimeout":120000,"connectionRetryCount":3,"logLevels":{},"enableDirectConnect":true,"strictSSL":true,"_":"65 more keys: [\"cacheDir\",\"port\",\"requestedCapabilities\",\"automationProtocol\",\"baseUrl\",\"waitforInterval\",\"waitforTimeout\",\"onReload\",\"beforeCommand\",\"afterCommand\",\"rootDir\",\"specs\",\"suites\",\"exclude\",\"groupLogsByTestSpec\",\"excludeDriverLogs\",\"bail\",\"framework\",\"reporters\",\"services\",\"maxInstances\",\"maxInstancesPerCapability\",\"injectGlobals\",\"filesToWatch\",\"execArgv\",\"runnerEnv\",\"runner\",\"shard\",\"specFileRetries\",\"specFileRetriesDelay\",\"specFileRetriesDeferred\",\"reporterSyncInterval\",\"reporterSyncTimeout\",\"cucumberFeaturesWithLineNumbers\",\"autoCompileOpts\",\"mochaOpts\",\"jasmineOpts\",\"cucumberOpts\",\"onPrepare\",\"onWorkerStart\",\"onWorkerEnd\",\"before\",\"beforeSession\",\"beforeSuite\",\"beforeHook\",\"beforeTest\",\"afterTest\",\"afterHook\",\"afterSuite\",\"afterSession\",\"after\",\"onComplete\",\"beforeAssertion\",\"afterAssertion\",\"beforeFeature\",\"beforeScenario\",\"beforeStep\",\"afterStep\",\"afterScenario\",\"afterFeature\",\"_\",\"suite\",\"$0\",\"ignoredWorkerServices\",\"wdi5\"]"}]}
RESULT: {"script":"<script> [2342 bytes]","args":[{"protocol":"http","hostname":"0.0.0.0","path":"/","capabilities":{"browserName":"chrome","goog:chromeOptions":{"binary":"C:\\Program Files\\Google\\Chrome\\Application\\chrome.exe","args":["--start-maximized"]}},"logLevel":"warn","connectionRetryTimeout":120000,"connectionRetryCount":3,"logLevels":{},"enableDirectConnect":true,"strictSSL":true,"_":"65 more keys: [\"cacheDir\",\"port\",\"requestedCapabilities\",\"automationProtocol\",\"baseUrl\",\"waitforInterval\",\"waitforTimeout\",\"onReload\",\"beforeCommand\",\"afterCommand\",\"rootDir\",\"specs\",\"suites\",\"exclude\",\"groupLogsByTestSpec\",\"excludeDriverLogs\",\"bail\",\"framework\",\"reporters\",\"services\",\"maxInstances\",\"maxInstancesPerCapability\",\"injectGlobals\",\"filesToWatch\",\"execArgv\",\"runnerEnv\",\"runner\",\"shard\",\"specFileRetries\",\"specFileRetriesDelay\",\"specFileRetriesDeferred\",\"reporterSyncInterval\",\"reporterSyncTimeout\",\"cucumberFeaturesWithLineNumbers\",\"autoCompileOpts\",\"mochaOpts\",\"jasmineOpts\",\"cucumberOpts\",\"onPrepare\",\"onWorkerStart\",\"onWorkerEnd\",\"before\",\"beforeSession\",\"beforeSuite\",\"beforeHook\",\"beforeTest\",\"afterTest\",\"afterHook\",\"afterSuite\",\"afterSession\",\"after\",\"onComplete\",\"beforeAssertion\",\"afterAssertion\",\"beforeFeature\",\"beforeScenario\",\"beforeStep\",\"afterStep\",\"afterScenario\",\"afterFeature\",\"_\",\"suite\",\"$0\",\"ignoredWorkerServices\",\"wdi5\"]"}]}
COMMAND: POST /session/cc787b9332752cdee0bcd1748733cdef/execute/async - {"script":"<script> [21126 bytes]","args":[35000]}
RESULT: {"script":"<script> [21126 bytes]","args":[35000]}
COMMAND: POST /session/cc787b9332752cdee0bcd1748733cdef/element - {"using":"css selector","value":"#shell-header-logo"}
RESULT: {"using":"css selector","value":"#shell-header-logo"}
COMMAND: POST /session/cc787b9332752cdee0bcd1748733cdef/element/f.40E06083F0E682023BA0E7AA24D478F4.d.C6E44B046B57EB68B476FC58AABCE459.e.9662/click - {}
RESULT: {}
COMMAND: GET /session/cc787b9332752cdee0bcd1748733cdef/screenshot - {}
RESULT: {}
]]></system-out>
      <system-err><![CDATA[
Error: element ("//button[contains(@data-kt ,"contractDetailEditBtnButton")]") still not displayed after 30000ms
    at async Context.<anonymous> (D:\a\1\s\test\specs\R2C\reduced-contract-creation.spec.js:227:9)
]]></system-err>
    </testcase>
  </testsuite>
  <testsuite timestamp="2025-06-14T18:18:27" time="1030.93" tests="7" failures="2" errors="2" skipped="0">
    <properties>
      <property name="specId" value="0"/>
      <property name="suiteName" value="E2E - Logistical and commercial statuses"/>
      <property name="capabilities" value="chrome.137_0_7151_69.windows"/>
      <property name="file" value="file:///D:/a/1/s/test/specs/R2C/E2E-Logistical-and-commercial-status.spec.js"/>
    </properties>
    <testcase classname="chrome.137_0_7151_69.windows.E2E_-_Logistical_and_commercial_statuses" name="Should create prerequisites yard partner and site" time="310.839">
      <system-out><![CDATA[
COMMAND: POST /session/cc787b9332752cdee0bcd1748733cdef/execute/async - {"script":"<script> [1562 bytes]","args":[{"selector":{"controlType":"sap.m.GenericTile","properties":{"header":"Manage Yards"}},"wdio_ui5_key":"sapm.GenericTile{\"header\":\"Manage Yards\"}"}]}
RESULT: {"script":"<script> [1562 bytes]","args":[{"selector":{"controlType":"sap.m.GenericTile","properties":{"header":"Manage Yards"}},"wdio_ui5_key":"sapm.GenericTile{\"header\":\"Manage Yards\"}"}]}
RESULT: undefined
COMMAND: POST /session/cc787b9332752cdee0bcd1748733cdef/element - {"using":"xpath","value":"//*[@id=\"__tile42\"]"}
RESULT: {"using":"xpath","value":"//*[@id=\"__tile42\"]"}
COMMAND: POST /session/cc787b9332752cdee0bcd1748733cdef/element/f.40E06083F0E682023BA0E7AA24D478F4.d.C6E44B046B57EB68B476FC58AABCE459.e.9731/click - {}
RESULT: {}
COMMAND: GET /session/cc787b9332752cdee0bcd1748733cdef/screenshot - {}
RESULT: {}
COMMAND: POST /session/cc787b9332752cdee0bcd1748733cdef/elements - {"using":"xpath","value":"//span[text()='Error']"}
RESULT: {"using":"xpath","value":"//span[text()='Error']"}
COMMAND: POST /session/cc787b9332752cdee0bcd1748733cdef/execute/async - {"script":"<script> [1562 bytes]","args":[{"selector":{"controlType":"sap.ui.core.Icon","viewName":"etm.portal.ui.manageyards.view.Master","viewId":"application-manageyards-display-component---masterYard","properties":{"src":{"regex":{"source":"add"}}}},"wdio_ui5_key":"etmportal.ui.manageyards.view.Mastersap.ui.core.Icon{\"src\":{\"regex\":{\"source\":\"add\"}}}"}]}
RESULT: {"script":"<script> [1562 bytes]","args":[{"selector":{"controlType":"sap.ui.core.Icon","viewName":"etm.portal.ui.manageyards.view.Master","viewId":"application-manageyards-display-component---masterYard","properties":{"src":{"regex":{"source":"add"}}}},"wdio_ui5_key":"etmportal.ui.manageyards.view.Mastersap.ui.core.Icon{\"src\":{\"regex\":{\"source\":\"add\"}}}"}]}
RESULT: undefined
COMMAND: POST /session/cc787b9332752cdee0bcd1748733cdef/element - {"using":"xpath","value":"//*[@id=\"__button16-img\"]"}
RESULT: {"using":"xpath","value":"//*[@id=\"__button16-img\"]"}
COMMAND: POST /session/cc787b9332752cdee0bcd1748733cdef/element/f.40E06083F0E682023BA0E7AA24D478F4.d.C6E44B046B57EB68B476FC58AABCE459.e.9775/click - {}
RESULT: {}
COMMAND: GET /session/cc787b9332752cdee0bcd1748733cdef/screenshot - {}
RESULT: {}
COMMAND: POST /session/cc787b9332752cdee0bcd1748733cdef/execute/async - {"script":"<script> [1562 bytes]","args":[{"selector":{"id":"application-manageyards-display-component---NewYard--yardId","interaction":{"idSuffix":"inner"}},"wdio_ui5_key":"applicationmanageyards-display-component---NewYard--yardId"}]}
RESULT: {"script":"<script> [1562 bytes]","args":[{"selector":{"id":"application-manageyards-display-component---NewYard--yardId","interaction":{"idSuffix":"inner"}},"wdio_ui5_key":"applicationmanageyards-display-component---NewYard--yardId"}]}
RESULT: undefined
COMMAND: POST /session/cc787b9332752cdee0bcd1748733cdef/element - {"using":"xpath","value":"//*[@id=\"application-manageyards-display-component---NewYard--addressDetailDetailsName1-inner\"]"}
RESULT: {"using":"xpath","value":"//*[@id=\"application-manageyards-display-component---NewYard--addressDetailDetailsName1-inner\"]"}
COMMAND: POST /session/cc787b9332752cdee0bcd1748733cdef/element/f.40E06083F0E682023BA0E7AA24D478F4.d.C6E44B046B57EB68B476FC58AABCE459.e.10006/clear - {}
RESULT: {}
COMMAND: POST /session/cc787b9332752cdee0bcd1748733cdef/element/f.40E06083F0E682023BA0E7AA24D478F4.d.C6E44B046B57EB68B476FC58AABCE459.e.10006/value - {"text":"WebdriverYardvzywf"}
COMMAND: GET /session/cc787b9332752cdee0bcd1748733cdef/screenshot - {}
RESULT: {"text":"WebdriverYardvzywf"}
COMMAND: POST /session/cc787b9332752cdee0bcd1748733cdef/element - {"using":"xpath","value":"//*[@id=\"application-manageyards-display-component---NewYard--addressDetailDetailsLanguage-inner\"]"}
COMMAND: GET /session/cc787b9332752cdee0bcd1748733cdef/screenshot - {}
RESULT: {}
RESULT: {"using":"xpath","value":"//*[@id=\"application-manageyards-display-component---NewYard--addressDetailDetailsLanguage-inner\"]"}
COMMAND: POST /session/cc787b9332752cdee0bcd1748733cdef/element/f.40E06083F0E682023BA0E7AA24D478F4.d.C6E44B046B57EB68B476FC58AABCE459.e.10007/clear - {}
RESULT: {}
RESULT: {}
COMMAND: POST /session/cc787b9332752cdee0bcd1748733cdef/element/f.40E06083F0E682023BA0E7AA24D478F4.d.C6E44B046B57EB68B476FC58AABCE459.e.10007/value - {"text":"Romanian"}
COMMAND: GET /session/cc787b9332752cdee0bcd1748733cdef/screenshot - {}
RESULT: {"text":"Romanian"}
COMMAND: POST /session/cc787b9332752cdee0bcd1748733cdef/element - {"using":"xpath","value":"//input[contains(@id ,\"application-manageyards-display-component---NewYard--addressDetailDetailsName1-inner\")]"}
COMMAND: GET /session/cc787b9332752cdee0bcd1748733cdef/screenshot - {}
RESULT: {}
RESULT: {"using":"xpath","value":"//input[contains(@id ,\"application-manageyards-display-component---NewYard--addressDetailDetailsName1-inner\")]"}
COMMAND: GET /session/cc787b9332752cdee0bcd1748733cdef/element/f.40E06083F0E682023BA0E7AA24D478F4.d.C6E44B046B57EB68B476FC58AABCE459.e.10006/property/value - {}
RESULT: {}
RESULT: {}
COMMAND: GET /session/cc787b9332752cdee0bcd1748733cdef/screenshot - {}
RESULT: {}
COMMAND: POST /session/cc787b9332752cdee0bcd1748733cdef/element - {"using":"xpath","value":"//*[@id=\"application-manageyards-display-component---NewYard--addressDetailDetailsCity1-inner\"]"}
RESULT: {"using":"xpath","value":"//*[@id=\"application-manageyards-display-component---NewYard--addressDetailDetailsCity1-inner\"]"}
COMMAND: POST /session/cc787b9332752cdee0bcd1748733cdef/element/f.40E06083F0E682023BA0E7AA24D478F4.d.C6E44B046B57EB68B476FC58AABCE459.e.10009/clear - {}
RESULT: {}
COMMAND: POST /session/cc787b9332752cdee0bcd1748733cdef/element/f.40E06083F0E682023BA0E7AA24D478F4.d.C6E44B046B57EB68B476FC58AABCE459.e.10009/value - {"text":"Bucuresti"}
COMMAND: GET /session/cc787b9332752cdee0bcd1748733cdef/screenshot - {}
RESULT: {"text":"Bucuresti"}
COMMAND: GET /session/cc787b9332752cdee0bcd1748733cdef/screenshot - {}
RESULT: {}
RESULT: {}
COMMAND: POST /session/cc787b9332752cdee0bcd1748733cdef/element - {"using":"xpath","value":"//*[@id=\"application-manageyards-display-component---NewYard--addressDetailDetailsCountry-inner\"]"}
RESULT: {"using":"xpath","value":"//*[@id=\"application-manageyards-display-component---NewYard--addressDetailDetailsCountry-inner\"]"}
COMMAND: POST /session/cc787b9332752cdee0bcd1748733cdef/element/f.40E06083F0E682023BA0E7AA24D478F4.d.C6E44B046B57EB68B476FC58AABCE459.e.10013/clear - {}
RESULT: {}
COMMAND: POST /session/cc787b9332752cdee0bcd1748733cdef/element/f.40E06083F0E682023BA0E7AA24D478F4.d.C6E44B046B57EB68B476FC58AABCE459.e.10013/value - {"text":"Romania"}
COMMAND: GET /session/cc787b9332752cdee0bcd1748733cdef/screenshot - {}
RESULT: {"text":"Romania"}
COMMAND: GET /session/cc787b9332752cdee0bcd1748733cdef/screenshot - {}
RESULT: {}
RESULT: {}
COMMAND: POST /session/cc787b9332752cdee0bcd1748733cdef/element - {"using":"xpath","value":"//div[contains(text(), \"Commercial\")]"}
RESULT: {"using":"xpath","value":"//div[contains(text(), \"Commercial\")]"}
COMMAND: GET /session/cc787b9332752cdee0bcd1748733cdef/element/f.40E06083F0E682023BA0E7AA24D478F4.d.C6E44B046B57EB68B476FC58AABCE459.e.10202/rect - {}
RESULT: {}
COMMAND: GET /session/cc787b9332752cdee0bcd1748733cdef/window/rect - {}
RESULT: {}
COMMAND: POST /session/cc787b9332752cdee0bcd1748733cdef/execute/sync - {"script":"<script> [92 bytes]","args":[]}
RESULT: {"script":"<script> [92 bytes]","args":[]}
COMMAND: POST /session/cc787b9332752cdee0bcd1748733cdef/actions - {"actions":[{"id":"action64","type":"wheel","parameters":{},"actions":[{"type":"scroll","x":-1841,"y":-44,"deltaX":0,"deltaY":0,"duration":0,"origin":{"element-6066-11e4-a52e-4f735466cecf":"f.40E06083F0E682023BA0E7AA24D478F4.d.C6E44B046B57EB68B476FC58AABCE459.e.10202"}}]}]}
COMMAND: GET /session/cc787b9332752cdee0bcd1748733cdef/screenshot - {}
RESULT: {}
COMMAND: POST /session/cc787b9332752cdee0bcd1748733cdef/execute/sync - {"script":"<script> [79 bytes]","args":[{"element-6066-11e4-a52e-4f735466cecf":"f.40E06083F0E682023BA0E7AA24D478F4.d.C6E44B046B57EB68B476FC58AABCE459.e.10202","ELEMENT":"f.40E06083F0E682023BA0E7AA24D478F4.d.C6E44B046B57EB68B476FC58AABCE459.e.10202"},{"block":"start","inline":"nearest"}]}
RESULT: {"script":"<script> [79 bytes]","args":[{"element-6066-11e4-a52e-4f735466cecf":"f.40E06083F0E682023BA0E7AA24D478F4.d.C6E44B046B57EB68B476FC58AABCE459.e.10202","ELEMENT":"f.40E06083F0E682023BA0E7AA24D478F4.d.C6E44B046B57EB68B476FC58AABCE459.e.10202"},{"block":"start","inline":"nearest"}]}
COMMAND: GET /session/cc787b9332752cdee0bcd1748733cdef/screenshot - {}
RESULT: {}
COMMAND: POST /session/cc787b9332752cdee0bcd1748733cdef/execute/async - {"script":"<script> [1562 bytes]","args":[{"selector":{"id":"application-manageyards-display-component---NewYard--addressEditDetailsCostObjectCstType-arrow"},"wdio_ui5_key":"applicationmanageyards-display-component---NewYard--addressEditDetailsCostObjectCstType-arrow"}]}
RESULT: {"script":"<script> [1562 bytes]","args":[{"selector":{"id":"application-manageyards-display-component---NewYard--addressEditDetailsCostObjectCstType-arrow"},"wdio_ui5_key":"applicationmanageyards-display-component---NewYard--addressEditDetailsCostObjectCstType-arrow"}]}
RESULT: undefined
COMMAND: POST /session/cc787b9332752cdee0bcd1748733cdef/element - {"using":"xpath","value":"//*[@id=\"application-manageyards-display-component---NewYard--addressEditDetailsCostObjectCstType-arrow\"]"}
RESULT: {"using":"xpath","value":"//*[@id=\"application-manageyards-display-component---NewYard--addressEditDetailsCostObjectCstType-arrow\"]"}
COMMAND: POST /session/cc787b9332752cdee0bcd1748733cdef/element/f.40E06083F0E682023BA0E7AA24D478F4.d.C6E44B046B57EB68B476FC58AABCE459.e.10210/click - {}
RESULT: {}
COMMAND: POST /session/cc787b9332752cdee0bcd1748733cdef/element - {"using":"xpath","value":"//span[contains(text(), \"Cost Center\")]"}
COMMAND: GET /session/cc787b9332752cdee0bcd1748733cdef/screenshot - {}
RESULT: {"using":"xpath","value":"//span[contains(text(), \"Cost Center\")]"}
COMMAND: POST /session/cc787b9332752cdee0bcd1748733cdef/element/f.40E06083F0E682023BA0E7AA24D478F4.d.C6E44B046B57EB68B476FC58AABCE459.e.10211/click - {}
RESULT: {}
RESULT: {}
COMMAND: GET /session/cc787b9332752cdee0bcd1748733cdef/screenshot - {}
RESULT: {}
COMMAND: POST /session/cc787b9332752cdee0bcd1748733cdef/execute/async - {"script":"<script> [1562 bytes]","args":[{"selector":{"id":"application-manageyards-display-component---NewYard--addressNewCostObjectCstID-vhi"},"wdio_ui5_key":"applicationmanageyards-display-component---NewYard--addressNewCostObjectCstID-vhi"}]}
RESULT: {"script":"<script> [1562 bytes]","args":[{"selector":{"id":"application-manageyards-display-component---NewYard--addressNewCostObjectCstID-vhi"},"wdio_ui5_key":"applicationmanageyards-display-component---NewYard--addressNewCostObjectCstID-vhi"}]}
RESULT: undefined
COMMAND: POST /session/cc787b9332752cdee0bcd1748733cdef/element - {"using":"xpath","value":"//*[@id=\"application-manageyards-display-component---NewYard--addressNewCostObjectCstID-vhi\"]"}
RESULT: {"using":"xpath","value":"//*[@id=\"application-manageyards-display-component---NewYard--addressNewCostObjectCstID-vhi\"]"}
COMMAND: POST /session/cc787b9332752cdee0bcd1748733cdef/element/f.40E06083F0E682023BA0E7AA24D478F4.d.C6E44B046B57EB68B476FC58AABCE459.e.10215/click - {}
RESULT: {}
COMMAND: GET /session/cc787b9332752cdee0bcd1748733cdef/screenshot - {}
RESULT: {}
COMMAND: POST /session/cc787b9332752cdee0bcd1748733cdef/execute/async - {"script":"<script> [1562 bytes]","args":[{"selector":{"controlType":"sap.m.SearchField","properties":{"placeholder":"Search"},"searchOpenDialogs":true,"interaction":{"idSuffix":"I"}},"wdio_ui5_key":"sapm.SearchField{\"placeholder\":\"Search\"}"}]}
RESULT: {"script":"<script> [1562 bytes]","args":[{"selector":{"controlType":"sap.m.SearchField","properties":{"placeholder":"Search"},"searchOpenDialogs":true,"interaction":{"idSuffix":"I"}},"wdio_ui5_key":"sapm.SearchField{\"placeholder\":\"Search\"}"}]}
RESULT: undefined
COMMAND: POST /session/cc787b9332752cdee0bcd1748733cdef/execute/async - {"script":"<script> [776 bytes]","args":[{"enterText":"10001013","selector":{"controlType":"sap.m.SearchField","properties":{"placeholder":"Search"},"searchOpenDialogs":true,"interaction":{"idSuffix":"I"}},"clearTextFirst":true,"interactionType":"ENTER_TEXT"}]}
RESULT: {"script":"<script> [776 bytes]","args":[{"enterText":"10001013","selector":{"controlType":"sap.m.SearchField","properties":{"placeholder":"Search"},"searchOpenDialogs":true,"interaction":{"idSuffix":"I"}},"clearTextFirst":true,"interactionType":"ENTER_TEXT"}]}
COMMAND: POST /session/cc787b9332752cdee0bcd1748733cdef/actions - {"actions":[{"id":"action65","type":"key","parameters":{},"actions":[{"type":"keyDown","value":""},{"type":"pause","duration":10},{"type":"keyUp","value":""}]}]}
RESULT: {"actions":[{"id":"action65","type":"key","parameters":{},"actions":[{"type":"keyDown","value":""},{"type":"pause","duration":10},{"type":"keyUp","value":""}]}]}
COMMAND: GET /session/cc787b9332752cdee0bcd1748733cdef/screenshot - {}
RESULT: {}
COMMAND: POST /session/cc787b9332752cdee0bcd1748733cdef/element - {"using":"xpath","value":"//span[contains(text(), \"General Management\")]"}
RESULT: {"using":"xpath","value":"//span[contains(text(), \"General Management\")]"}
COMMAND: POST /session/cc787b9332752cdee0bcd1748733cdef/element/f.40E06083F0E682023BA0E7AA24D478F4.d.C6E44B046B57EB68B476FC58AABCE459.e.10256/click - {}
RESULT: {}
COMMAND: GET /session/cc787b9332752cdee0bcd1748733cdef/screenshot - {}
RESULT: {}
COMMAND: POST /session/cc787b9332752cdee0bcd1748733cdef/element - {"using":"xpath","value":"//bdi[contains(text(), \"OK\")]"}
RESULT: {"using":"xpath","value":"//bdi[contains(text(), \"OK\")]"}
COMMAND: POST /session/cc787b9332752cdee0bcd1748733cdef/element/f.40E06083F0E682023BA0E7AA24D478F4.d.C6E44B046B57EB68B476FC58AABCE459.e.10257/click - {}
RESULT: {}
COMMAND: GET /session/cc787b9332752cdee0bcd1748733cdef/screenshot - {}
RESULT: {}
COMMAND: POST /session/cc787b9332752cdee0bcd1748733cdef/execute/async - {"script":"<script> [1562 bytes]","args":[{"selector":{"controlType":"sap.m.Button","viewName":"etm.portal.ui.manageyards.view.New","viewId":"application-manageyards-display-component---NewYard","i18NText":{"propertyName":"text","key":"save"},"interaction":{"idSuffix":"inner"}},"wdio_ui5_key":"etmportal.ui.manageyards.view.Newsap.m.Button{\"propertyName\":\"text\",\"key\":\"save\"}"}]}
RESULT: {"script":"<script> [1562 bytes]","args":[{"selector":{"controlType":"sap.m.Button","viewName":"etm.portal.ui.manageyards.view.New","viewId":"application-manageyards-display-component---NewYard","i18NText":{"propertyName":"text","key":"save"},"interaction":{"idSuffix":"inner"}},"wdio_ui5_key":"etmportal.ui.manageyards.view.Newsap.m.Button{\"propertyName\":\"text\",\"key\":\"save\"}"}]}
RESULT: undefined
COMMAND: POST /session/cc787b9332752cdee0bcd1748733cdef/element - {"using":"xpath","value":"//*[@id=\"__button30\"]"}
RESULT: {"using":"xpath","value":"//*[@id=\"__button30\"]"}
COMMAND: POST /session/cc787b9332752cdee0bcd1748733cdef/element/f.40E06083F0E682023BA0E7AA24D478F4.d.C6E44B046B57EB68B476FC58AABCE459.e.10182/click - {}
RESULT: {}
COMMAND: GET /session/cc787b9332752cdee0bcd1748733cdef/screenshot - {}
RESULT: {}
COMMAND: POST /session/cc787b9332752cdee0bcd1748733cdef/element - {"using":"xpath","value":"//header/div/div[2]/div[2]/span"}
RESULT: {"using":"xpath","value":"//header/div/div[2]/div[2]/span"}
COMMAND: GET /session/cc787b9332752cdee0bcd1748733cdef/element/f.40E06083F0E682023BA0E7AA24D478F4.d.C6E44B046B57EB68B476FC58AABCE459.e.10456/text - {}
RESULT: {}
COMMAND: POST /session/cc787b9332752cdee0bcd1748733cdef/execute/async - {"script":"<script> [1562 bytes]","args":[{"selector":{"controlType":"sap.m.OverflowToolbarButton","viewName":"etm.portal.ui.manageyards.view.Detail","viewId":"application-manageyards-display-component---detailYard","i18NText":{"propertyName":"tooltip","key":"closeColumn"},"interaction":{"idSuffix":"inner"}},"wdio_ui5_key":"etmportal.ui.manageyards.view.Detailsap.m.OverflowToolbarButton{\"propertyName\":\"tooltip\",\"key\":\"closeColumn\"}"}]}
RESULT: {"script":"<script> [1562 bytes]","args":[{"selector":{"controlType":"sap.m.OverflowToolbarButton","viewName":"etm.portal.ui.manageyards.view.Detail","viewId":"application-manageyards-display-component---detailYard","i18NText":{"propertyName":"tooltip","key":"closeColumn"},"interaction":{"idSuffix":"inner"}},"wdio_ui5_key":"etmportal.ui.manageyards.view.Detailsap.m.OverflowToolbarButton{\"propertyName\":\"tooltip\",\"key\":\"closeColumn\"}"}]}
RESULT: undefined
COMMAND: POST /session/cc787b9332752cdee0bcd1748733cdef/element - {"using":"xpath","value":"//*[@id=\"__button54\"]"}
RESULT: {"using":"xpath","value":"//*[@id=\"__button54\"]"}
COMMAND: POST /session/cc787b9332752cdee0bcd1748733cdef/element/f.40E06083F0E682023BA0E7AA24D478F4.d.C6E44B046B57EB68B476FC58AABCE459.e.10458/click - {}
RESULT: {}
COMMAND: GET /session/cc787b9332752cdee0bcd1748733cdef/screenshot - {}
RESULT: {}
COMMAND: POST /session/cc787b9332752cdee0bcd1748733cdef/element - {"using":"css selector","value":"#shell-header-logo"}
RESULT: {"using":"css selector","value":"#shell-header-logo"}
COMMAND: POST /session/cc787b9332752cdee0bcd1748733cdef/element/f.40E06083F0E682023BA0E7AA24D478F4.d.C6E44B046B57EB68B476FC58AABCE459.e.9734/click - {}
RESULT: {}
COMMAND: GET /session/cc787b9332752cdee0bcd1748733cdef/screenshot - {}
RESULT: {}
COMMAND: POST /session/cc787b9332752cdee0bcd1748733cdef/refresh - {}
RESULT: undefined
RESULT: {}
COMMAND: GET /session/cc787b9332752cdee0bcd1748733cdef/screenshot - {}
RESULT: {}
COMMAND: POST /session/cc787b9332752cdee0bcd1748733cdef/execute/async - {"script":"<script> [189 bytes]","args":[]}
RESULT: {"script":"<script> [189 bytes]","args":[]}
COMMAND: POST /session/cc787b9332752cdee0bcd1748733cdef/execute/async - {"script":"<script> [123 bytes]","args":[]}
RESULT: {"script":"<script> [123 bytes]","args":[]}
COMMAND: POST /session/cc787b9332752cdee0bcd1748733cdef/timeouts - {"script":"<number>"}
RESULT: {"script":"<number>"}
COMMAND: GET /session/cc787b9332752cdee0bcd1748733cdef/timeouts - {}
RESULT: {}
RESULT: undefined
COMMAND: POST /session/cc787b9332752cdee0bcd1748733cdef/execute/async - {"script":"<script> [2676 bytes]","args":[]}
RESULT: {"script":"<script> [2676 bytes]","args":[]}
COMMAND: POST /session/cc787b9332752cdee0bcd1748733cdef/execute/async - {"script":"<script> [2342 bytes]","args":[{"protocol":"http","hostname":"0.0.0.0","path":"/","capabilities":{"browserName":"chrome","goog:chromeOptions":{"binary":"C:\\Program Files\\Google\\Chrome\\Application\\chrome.exe","args":["--start-maximized"]}},"logLevel":"warn","connectionRetryTimeout":120000,"connectionRetryCount":3,"logLevels":{},"enableDirectConnect":true,"strictSSL":true,"_":"65 more keys: [\"cacheDir\",\"port\",\"requestedCapabilities\",\"automationProtocol\",\"baseUrl\",\"waitforInterval\",\"waitforTimeout\",\"onReload\",\"beforeCommand\",\"afterCommand\",\"rootDir\",\"specs\",\"suites\",\"exclude\",\"groupLogsByTestSpec\",\"excludeDriverLogs\",\"bail\",\"framework\",\"reporters\",\"services\",\"maxInstances\",\"maxInstancesPerCapability\",\"injectGlobals\",\"filesToWatch\",\"execArgv\",\"runnerEnv\",\"runner\",\"shard\",\"specFileRetries\",\"specFileRetriesDelay\",\"specFileRetriesDeferred\",\"reporterSyncInterval\",\"reporterSyncTimeout\",\"cucumberFeaturesWithLineNumbers\",\"autoCompileOpts\",\"mochaOpts\",\"jasmineOpts\",\"cucumberOpts\",\"onPrepare\",\"onWorkerStart\",\"onWorkerEnd\",\"before\",\"beforeSession\",\"beforeSuite\",\"beforeHook\",\"beforeTest\",\"afterTest\",\"afterHook\",\"afterSuite\",\"afterSession\",\"after\",\"onComplete\",\"beforeAssertion\",\"afterAssertion\",\"beforeFeature\",\"beforeScenario\",\"beforeStep\",\"afterStep\",\"afterScenario\",\"afterFeature\",\"_\",\"suite\",\"$0\",\"ignoredWorkerServices\",\"wdi5\"]"}]}
RESULT: {"script":"<script> [2342 bytes]","args":[{"protocol":"http","hostname":"0.0.0.0","path":"/","capabilities":{"browserName":"chrome","goog:chromeOptions":{"binary":"C:\\Program Files\\Google\\Chrome\\Application\\chrome.exe","args":["--start-maximized"]}},"logLevel":"warn","connectionRetryTimeout":120000,"connectionRetryCount":3,"logLevels":{},"enableDirectConnect":true,"strictSSL":true,"_":"65 more keys: [\"cacheDir\",\"port\",\"requestedCapabilities\",\"automationProtocol\",\"baseUrl\",\"waitforInterval\",\"waitforTimeout\",\"onReload\",\"beforeCommand\",\"afterCommand\",\"rootDir\",\"specs\",\"suites\",\"exclude\",\"groupLogsByTestSpec\",\"excludeDriverLogs\",\"bail\",\"framework\",\"reporters\",\"services\",\"maxInstances\",\"maxInstancesPerCapability\",\"injectGlobals\",\"filesToWatch\",\"execArgv\",\"runnerEnv\",\"runner\",\"shard\",\"specFileRetries\",\"specFileRetriesDelay\",\"specFileRetriesDeferred\",\"reporterSyncInterval\",\"reporterSyncTimeout\",\"cucumberFeaturesWithLineNumbers\",\"autoCompileOpts\",\"mochaOpts\",\"jasmineOpts\",\"cucumberOpts\",\"onPrepare\",\"onWorkerStart\",\"onWorkerEnd\",\"before\",\"beforeSession\",\"beforeSuite\",\"beforeHook\",\"beforeTest\",\"afterTest\",\"afterHook\",\"afterSuite\",\"afterSession\",\"after\",\"onComplete\",\"beforeAssertion\",\"afterAssertion\",\"beforeFeature\",\"beforeScenario\",\"beforeStep\",\"afterStep\",\"afterScenario\",\"afterFeature\",\"_\",\"suite\",\"$0\",\"ignoredWorkerServices\",\"wdi5\"]"}]}
COMMAND: POST /session/cc787b9332752cdee0bcd1748733cdef/execute/async - {"script":"<script> [21126 bytes]","args":[35000]}
RESULT: {"script":"<script> [21126 bytes]","args":[35000]}
COMMAND: POST /session/cc787b9332752cdee0bcd1748733cdef/execute/async - {"script":"<script> [1562 bytes]","args":[{"selector":{"controlType":"sap.m.GenericTile","properties":{"header":"Manage Partners"}},"wdio_ui5_key":"sapm.GenericTile{\"header\":\"Manage Partners\"}"}]}
RESULT: {"script":"<script> [1562 bytes]","args":[{"selector":{"controlType":"sap.m.GenericTile","properties":{"header":"Manage Partners"}},"wdio_ui5_key":"sapm.GenericTile{\"header\":\"Manage Partners\"}"}]}
RESULT: undefined
COMMAND: POST /session/cc787b9332752cdee0bcd1748733cdef/element - {"using":"xpath","value":"//*[@id=\"__tile39\"]"}
RESULT: {"using":"xpath","value":"//*[@id=\"__tile39\"]"}
COMMAND: POST /session/cc787b9332752cdee0bcd1748733cdef/element/f.40E06083F0E682023BA0E7AA24D478F4.d.AF1EF6F9A7811B2A15C22A87A3D6E295.e.10815/click - {}
RESULT: {}
COMMAND: GET /session/cc787b9332752cdee0bcd1748733cdef/screenshot - {}
RESULT: {}
COMMAND: POST /session/cc787b9332752cdee0bcd1748733cdef/elements - {"using":"xpath","value":"//span[text()='Error']"}
RESULT: {"using":"xpath","value":"//span[text()='Error']"}
COMMAND: POST /session/cc787b9332752cdee0bcd1748733cdef/execute/async - {"script":"<script> [1562 bytes]","args":[{"selector":{"controlType":"sap.ui.core.Icon","viewName":"etm.portal.ui.managepartners.view.Master","viewId":"application-managepartners-display-component---masterPtm","properties":{"src":{"regex":{"source":"add"}}}},"wdio_ui5_key":"etmportal.ui.managepartners.view.Mastersap.ui.core.Icon{\"src\":{\"regex\":{\"source\":\"add\"}}}"}]}
RESULT: {"script":"<script> [1562 bytes]","args":[{"selector":{"controlType":"sap.ui.core.Icon","viewName":"etm.portal.ui.managepartners.view.Master","viewId":"application-managepartners-display-component---masterPtm","properties":{"src":{"regex":{"source":"add"}}}},"wdio_ui5_key":"etmportal.ui.managepartners.view.Mastersap.ui.core.Icon{\"src\":{\"regex\":{\"source\":\"add\"}}}"}]}
RESULT: undefined
COMMAND: POST /session/cc787b9332752cdee0bcd1748733cdef/element - {"using":"xpath","value":"//*[@id=\"__button4-img\"]"}
RESULT: {"using":"xpath","value":"//*[@id=\"__button4-img\"]"}
COMMAND: POST /session/cc787b9332752cdee0bcd1748733cdef/element/f.40E06083F0E682023BA0E7AA24D478F4.d.AF1EF6F9A7811B2A15C22A87A3D6E295.e.10864/click - {}
RESULT: {}
COMMAND: GET /session/cc787b9332752cdee0bcd1748733cdef/screenshot - {}
RESULT: {}
COMMAND: POST /session/cc787b9332752cdee0bcd1748733cdef/execute/async - {"script":"<script> [1562 bytes]","args":[{"selector":{"id":"application-managepartners-display-component---NewPartner--partnerId","interaction":{"idSuffix":"inner"}},"wdio_ui5_key":"applicationmanagepartners-display-component---NewPartner--partnerId"}]}
RESULT: {"script":"<script> [1562 bytes]","args":[{"selector":{"id":"application-managepartners-display-component---NewPartner--partnerId","interaction":{"idSuffix":"inner"}},"wdio_ui5_key":"applicationmanagepartners-display-component---NewPartner--partnerId"}]}
RESULT: undefined
COMMAND: POST /session/cc787b9332752cdee0bcd1748733cdef/execute/async - {"script":"<script> [1562 bytes]","args":[{"selector":{"id":"application-managepartners-display-component---NewPartner--addressDetailDetailsName1","interaction":{"idSuffix":"inner"}},"wdio_ui5_key":"applicationmanagepartners-display-component---NewPartner--addressDetailDetailsName1"}]}
RESULT: {"script":"<script> [1562 bytes]","args":[{"selector":{"id":"application-managepartners-display-component---NewPartner--addressDetailDetailsName1","interaction":{"idSuffix":"inner"}},"wdio_ui5_key":"applicationmanagepartners-display-component---NewPartner--addressDetailDetailsName1"}]}
RESULT: undefined
COMMAND: POST /session/cc787b9332752cdee0bcd1748733cdef/execute/async - {"script":"<script> [776 bytes]","args":[{"enterText":"WebdriverPartnercywkw","selector":{"id":"application-managepartners-display-component---NewPartner--addressDetailDetailsName1","interaction":{"idSuffix":"inner"}},"clearTextFirst":true,"interactionType":"ENTER_TEXT"}]}
RESULT: {"script":"<script> [776 bytes]","args":[{"enterText":"WebdriverPartnercywkw","selector":{"id":"application-managepartners-display-component---NewPartner--addressDetailDetailsName1","interaction":{"idSuffix":"inner"}},"clearTextFirst":true,"interactionType":"ENTER_TEXT"}]}
COMMAND: POST /session/cc787b9332752cdee0bcd1748733cdef/execute/async - {"script":"<script> [1562 bytes]","args":[{"selector":{"id":"application-managepartners-display-component---NewPartner--addressDetailDetailsLanguage","interaction":{"idSuffix":"inner"}},"wdio_ui5_key":"applicationmanagepartners-display-component---NewPartner--addressDetailDetailsLanguage"}]}
RESULT: {"script":"<script> [1562 bytes]","args":[{"selector":{"id":"application-managepartners-display-component---NewPartner--addressDetailDetailsLanguage","interaction":{"idSuffix":"inner"}},"wdio_ui5_key":"applicationmanagepartners-display-component---NewPartner--addressDetailDetailsLanguage"}]}
RESULT: undefined
COMMAND: POST /session/cc787b9332752cdee0bcd1748733cdef/execute/async - {"script":"<script> [776 bytes]","args":[{"enterText":"Romanian","selector":{"id":"application-managepartners-display-component---NewPartner--addressDetailDetailsLanguage","interaction":{"idSuffix":"inner"}},"clearTextFirst":true,"interactionType":"ENTER_TEXT"}]}
RESULT: {"script":"<script> [776 bytes]","args":[{"enterText":"Romanian","selector":{"id":"application-managepartners-display-component---NewPartner--addressDetailDetailsLanguage","interaction":{"idSuffix":"inner"}},"clearTextFirst":true,"interactionType":"ENTER_TEXT"}]}
COMMAND: POST /session/cc787b9332752cdee0bcd1748733cdef/element - {"using":"xpath","value":"//input[contains(@id ,\"application-managepartners-display-component---NewPartner--addressDetailDetailsName1-inner\")]"}
RESULT: {"using":"xpath","value":"//input[contains(@id ,\"application-managepartners-display-component---NewPartner--addressDetailDetailsName1-inner\")]"}
COMMAND: GET /session/cc787b9332752cdee0bcd1748733cdef/element/f.40E06083F0E682023BA0E7AA24D478F4.d.AF1EF6F9A7811B2A15C22A87A3D6E295.e.11038/property/value - {}
RESULT: {}
COMMAND: POST /session/cc787b9332752cdee0bcd1748733cdef/execute/async - {"script":"<script> [1562 bytes]","args":[{"selector":{"id":"application-managepartners-display-component---NewPartner--addressDetailDetailsCity1","interaction":{"idSuffix":"inner"}},"wdio_ui5_key":"applicationmanagepartners-display-component---NewPartner--addressDetailDetailsCity1"}]}
COMMAND: GET /session/cc787b9332752cdee0bcd1748733cdef/screenshot - {}
RESULT: {"script":"<script> [1562 bytes]","args":[{"selector":{"id":"application-managepartners-display-component---NewPartner--addressDetailDetailsCity1","interaction":{"idSuffix":"inner"}},"wdio_ui5_key":"applicationmanagepartners-display-component---NewPartner--addressDetailDetailsCity1"}]}
RESULT: undefined
COMMAND: POST /session/cc787b9332752cdee0bcd1748733cdef/execute/async - {"script":"<script> [776 bytes]","args":[{"enterText":"Bucharest","selector":{"id":"application-managepartners-display-component---NewPartner--addressDetailDetailsCity1","interaction":{"idSuffix":"inner"}},"clearTextFirst":true,"interactionType":"ENTER_TEXT"}]}
RESULT: {}
RESULT: {"script":"<script> [776 bytes]","args":[{"enterText":"Bucharest","selector":{"id":"application-managepartners-display-component---NewPartner--addressDetailDetailsCity1","interaction":{"idSuffix":"inner"}},"clearTextFirst":true,"interactionType":"ENTER_TEXT"}]}
COMMAND: POST /session/cc787b9332752cdee0bcd1748733cdef/execute/async - {"script":"<script> [1562 bytes]","args":[{"selector":{"id":"application-managepartners-display-component---NewPartner--addressDetailDetailsCountry","interaction":{"idSuffix":"inner"}},"wdio_ui5_key":"applicationmanagepartners-display-component---NewPartner--addressDetailDetailsCountry"}]}
RESULT: {"script":"<script> [1562 bytes]","args":[{"selector":{"id":"application-managepartners-display-component---NewPartner--addressDetailDetailsCountry","interaction":{"idSuffix":"inner"}},"wdio_ui5_key":"applicationmanagepartners-display-component---NewPartner--addressDetailDetailsCountry"}]}
RESULT: undefined
COMMAND: POST /session/cc787b9332752cdee0bcd1748733cdef/execute/async - {"script":"<script> [6424 bytes]","args":[{"element-6066-11e4-a52e-4f735466cecf":"f.40E06083F0E682023BA0E7AA24D478F4.d.AF1EF6F9A7811B2A15C22A87A3D6E295.e.11045"},"setValue",["Romania"]]}
RESULT: {"script":"<script> [6424 bytes]","args":[{"element-6066-11e4-a52e-4f735466cecf":"f.40E06083F0E682023BA0E7AA24D478F4.d.AF1EF6F9A7811B2A15C22A87A3D6E295.e.11045"},"setValue",["Romania"]]}
COMMAND: POST /session/cc787b9332752cdee0bcd1748733cdef/execute/async - {"script":"<script> [1562 bytes]","args":[{"selector":{"id":"application-managepartners-display-component---NewPartner--partnerDetailInternal","interaction":{"idSuffix":"inner"}},"wdio_ui5_key":"applicationmanagepartners-display-component---NewPartner--partnerDetailInternal"}]}
RESULT: {"script":"<script> [1562 bytes]","args":[{"selector":{"id":"application-managepartners-display-component---NewPartner--partnerDetailInternal","interaction":{"idSuffix":"inner"}},"wdio_ui5_key":"applicationmanagepartners-display-component---NewPartner--partnerDetailInternal"}]}
RESULT: undefined
COMMAND: POST /session/cc787b9332752cdee0bcd1748733cdef/execute/async - {"script":"<script> [776 bytes]","args":[{"enterText":"External partner","selector":{"id":"application-managepartners-display-component---NewPartner--partnerDetailInternal","interaction":{"idSuffix":"inner"}},"clearTextFirst":true,"interactionType":"ENTER_TEXT"}]}
RESULT: {"script":"<script> [776 bytes]","args":[{"enterText":"External partner","selector":{"id":"application-managepartners-display-component---NewPartner--partnerDetailInternal","interaction":{"idSuffix":"inner"}},"clearTextFirst":true,"interactionType":"ENTER_TEXT"}]}
COMMAND: POST /session/cc787b9332752cdee0bcd1748733cdef/execute/async - {"script":"<script> [1562 bytes]","args":[{"selector":{"id":"application-managepartners-display-component---NewPartner--partnerDetailsCurrency","interaction":{"idSuffix":"inner"}},"wdio_ui5_key":"applicationmanagepartners-display-component---NewPartner--partnerDetailsCurrency"}]}
RESULT: {"script":"<script> [1562 bytes]","args":[{"selector":{"id":"application-managepartners-display-component---NewPartner--partnerDetailsCurrency","interaction":{"idSuffix":"inner"}},"wdio_ui5_key":"applicationmanagepartners-display-component---NewPartner--partnerDetailsCurrency"}]}
RESULT: undefined
COMMAND: POST /session/cc787b9332752cdee0bcd1748733cdef/execute/async - {"script":"<script> [776 bytes]","args":[{"enterText":"Euro","selector":{"id":"application-managepartners-display-component---NewPartner--partnerDetailsCurrency","interaction":{"idSuffix":"inner"}},"clearTextFirst":true,"interactionType":"ENTER_TEXT"}]}
RESULT: {"script":"<script> [776 bytes]","args":[{"enterText":"Euro","selector":{"id":"application-managepartners-display-component---NewPartner--partnerDetailsCurrency","interaction":{"idSuffix":"inner"}},"clearTextFirst":true,"interactionType":"ENTER_TEXT"}]}
COMMAND: POST /session/cc787b9332752cdee0bcd1748733cdef/execute/async - {"script":"<script> [1562 bytes]","args":[{"selector":{"controlType":"sap.m.Button","viewName":"etm.portal.ui.managepartners.view.NewPartner","viewId":"application-managepartners-display-component---NewPartner","properties":{"text":"Commercial"},"interaction":{"idSuffix":"BDI-content"}},"wdio_ui5_key":"etmportal.ui.managepartners.view.NewPartnersap.m.Button{\"text\":\"Commercial\"}"}]}
RESULT: {"script":"<script> [1562 bytes]","args":[{"selector":{"controlType":"sap.m.Button","viewName":"etm.portal.ui.managepartners.view.NewPartner","viewId":"application-managepartners-display-component---NewPartner","properties":{"text":"Commercial"},"interaction":{"idSuffix":"BDI-content"}},"wdio_ui5_key":"etmportal.ui.managepartners.view.NewPartnersap.m.Button{\"text\":\"Commercial\"}"}]}
RESULT: undefined
COMMAND: POST /session/cc787b9332752cdee0bcd1748733cdef/element - {"using":"xpath","value":"//*[@id=\"application-managepartners-display-component---NewPartner--ObjectPageLayout-anchBar-__section5-anchor\"]"}
RESULT: {"using":"xpath","value":"//*[@id=\"application-managepartners-display-component---NewPartner--ObjectPageLayout-anchBar-__section5-anchor\"]"}
COMMAND: POST /session/cc787b9332752cdee0bcd1748733cdef/element/f.40E06083F0E682023BA0E7AA24D478F4.d.AF1EF6F9A7811B2A15C22A87A3D6E295.e.11280/click - {}
RESULT: {}
COMMAND: GET /session/cc787b9332752cdee0bcd1748733cdef/screenshot - {}
RESULT: {}
COMMAND: POST /session/cc787b9332752cdee0bcd1748733cdef/execute/async - {"script":"<script> [1562 bytes]","args":[{"selector":{"id":"application-managepartners-display-component---NewPartner--btnAddTableRow-img"},"wdio_ui5_key":"applicationmanagepartners-display-component---NewPartner--btnAddTableRow-img"}]}
RESULT: {"script":"<script> [1562 bytes]","args":[{"selector":{"id":"application-managepartners-display-component---NewPartner--btnAddTableRow-img"},"wdio_ui5_key":"applicationmanagepartners-display-component---NewPartner--btnAddTableRow-img"}]}
RESULT: undefined
COMMAND: POST /session/cc787b9332752cdee0bcd1748733cdef/element - {"using":"xpath","value":"//*[@id=\"application-managepartners-display-component---NewPartner--btnAddTableRow-img\"]"}
RESULT: {"using":"xpath","value":"//*[@id=\"application-managepartners-display-component---NewPartner--btnAddTableRow-img\"]"}
COMMAND: POST /session/cc787b9332752cdee0bcd1748733cdef/element/f.40E06083F0E682023BA0E7AA24D478F4.d.AF1EF6F9A7811B2A15C22A87A3D6E295.e.11286/click - {}
RESULT: {}
COMMAND: POST /session/cc787b9332752cdee0bcd1748733cdef/element - {"using":"xpath","value":"//input[contains(@id ,\"application-managepartners-display-component---NewPartner--assignmentYard-application-managepartners-display-component---NewPartner\")]"}
COMMAND: GET /session/cc787b9332752cdee0bcd1748733cdef/screenshot - {}
RESULT: {"using":"xpath","value":"//input[contains(@id ,\"application-managepartners-display-component---NewPartner--assignmentYard-application-managepartners-display-component---NewPartner\")]"}
COMMAND: POST /session/cc787b9332752cdee0bcd1748733cdef/element/f.40E06083F0E682023BA0E7AA24D478F4.d.AF1EF6F9A7811B2A15C22A87A3D6E295.e.11289/clear - {}
RESULT: {}
RESULT: {}
COMMAND: POST /session/cc787b9332752cdee0bcd1748733cdef/element/f.40E06083F0E682023BA0E7AA24D478F4.d.AF1EF6F9A7811B2A15C22A87A3D6E295.e.11289/value - {"text":"WebdriverYardvzywf"}
COMMAND: GET /session/cc787b9332752cdee0bcd1748733cdef/screenshot - {}
RESULT: {"text":"WebdriverYardvzywf"}
COMMAND: GET /session/cc787b9332752cdee0bcd1748733cdef/screenshot - {}
RESULT: {}
RESULT: {}
COMMAND: POST /session/cc787b9332752cdee0bcd1748733cdef/execute/async - {"script":"<script> [1562 bytes]","args":[{"selector":{"controlType":"sap.m.Button","viewName":"etm.portal.ui.managepartners.view.NewPartner","viewId":"application-managepartners-display-component---NewPartner","i18NText":{"propertyName":"text","key":"save"},"interaction":{"idSuffix":"BDI-content"}},"wdio_ui5_key":"etmportal.ui.managepartners.view.NewPartnersap.m.Button{\"propertyName\":\"text\",\"key\":\"save\"}"}]}
RESULT: {"script":"<script> [1562 bytes]","args":[{"selector":{"controlType":"sap.m.Button","viewName":"etm.portal.ui.managepartners.view.NewPartner","viewId":"application-managepartners-display-component---NewPartner","i18NText":{"propertyName":"text","key":"save"},"interaction":{"idSuffix":"BDI-content"}},"wdio_ui5_key":"etmportal.ui.managepartners.view.NewPartnersap.m.Button{\"propertyName\":\"text\",\"key\":\"save\"}"}]}
RESULT: undefined
COMMAND: POST /session/cc787b9332752cdee0bcd1748733cdef/element - {"using":"xpath","value":"//*[@id=\"__button12\"]"}
RESULT: {"using":"xpath","value":"//*[@id=\"__button12\"]"}
COMMAND: POST /session/cc787b9332752cdee0bcd1748733cdef/element/f.40E06083F0E682023BA0E7AA24D478F4.d.AF1EF6F9A7811B2A15C22A87A3D6E295.e.11254/click - {}
RESULT: {}
COMMAND: GET /session/cc787b9332752cdee0bcd1748733cdef/screenshot - {}
RESULT: {}
COMMAND: POST /session/cc787b9332752cdee0bcd1748733cdef/element - {"using":"xpath","value":"//header/div/div[2]/div[2]/span"}
RESULT: {"using":"xpath","value":"//header/div/div[2]/div[2]/span"}
COMMAND: GET /session/cc787b9332752cdee0bcd1748733cdef/element/f.40E06083F0E682023BA0E7AA24D478F4.d.AF1EF6F9A7811B2A15C22A87A3D6E295.e.11459/text - {}
RESULT: {}
COMMAND: POST /session/cc787b9332752cdee0bcd1748733cdef/element - {"using":"xpath","value":"//header/div/div/div/div/div/div[2]/div/span"}
RESULT: {"using":"xpath","value":"//header/div/div/div/div/div/div[2]/div/span"}
COMMAND: GET /session/cc787b9332752cdee0bcd1748733cdef/element/f.40E06083F0E682023BA0E7AA24D478F4.d.AF1EF6F9A7811B2A15C22A87A3D6E295.e.11460/text - {}
RESULT: {}
COMMAND: POST /session/cc787b9332752cdee0bcd1748733cdef/execute/async - {"script":"<script> [1562 bytes]","args":[{"selector":{"id":"application-managepartners-display-component---detailPtm--partnerType"},"wdio_ui5_key":"applicationmanagepartners-display-component---detailPtm--partnerType"}]}
RESULT: {"script":"<script> [1562 bytes]","args":[{"selector":{"id":"application-managepartners-display-component---detailPtm--partnerType"},"wdio_ui5_key":"applicationmanagepartners-display-component---detailPtm--partnerType"}]}
RESULT: undefined
COMMAND: POST /session/cc787b9332752cdee0bcd1748733cdef/execute/async - {"script":"<script> [6424 bytes]","args":[{"element-6066-11e4-a52e-4f735466cecf":"f.40E06083F0E682023BA0E7AA24D478F4.d.AF1EF6F9A7811B2A15C22A87A3D6E295.e.11461"},"getText",[]]}
RESULT: {"script":"<script> [6424 bytes]","args":[{"element-6066-11e4-a52e-4f735466cecf":"f.40E06083F0E682023BA0E7AA24D478F4.d.AF1EF6F9A7811B2A15C22A87A3D6E295.e.11461"},"getText",[]]}
COMMAND: POST /session/cc787b9332752cdee0bcd1748733cdef/element - {"using":"css selector","value":"#shell-header-logo"}
RESULT: {"using":"css selector","value":"#shell-header-logo"}
COMMAND: POST /session/cc787b9332752cdee0bcd1748733cdef/element/f.40E06083F0E682023BA0E7AA24D478F4.d.AF1EF6F9A7811B2A15C22A87A3D6E295.e.10816/click - {}
RESULT: {}
COMMAND: GET /session/cc787b9332752cdee0bcd1748733cdef/screenshot - {}
RESULT: {}
COMMAND: POST /session/cc787b9332752cdee0bcd1748733cdef/execute/async - {"script":"<script> [1562 bytes]","args":[{"selector":{"controlType":"sap.m.GenericTile","properties":{"header":"Manage Sites"}},"wdio_ui5_key":"sapm.GenericTile{\"header\":\"Manage Sites\"}"}]}
RESULT: {"script":"<script> [1562 bytes]","args":[{"selector":{"controlType":"sap.m.GenericTile","properties":{"header":"Manage Sites"}},"wdio_ui5_key":"sapm.GenericTile{\"header\":\"Manage Sites\"}"}]}
RESULT: undefined
COMMAND: POST /session/cc787b9332752cdee0bcd1748733cdef/element - {"using":"xpath","value":"//*[@id=\"__tile41\"]"}
RESULT: {"using":"xpath","value":"//*[@id=\"__tile41\"]"}
COMMAND: POST /session/cc787b9332752cdee0bcd1748733cdef/element/f.40E06083F0E682023BA0E7AA24D478F4.d.AF1EF6F9A7811B2A15C22A87A3D6E295.e.11463/click - {}
RESULT: {}
COMMAND: GET /session/cc787b9332752cdee0bcd1748733cdef/screenshot - {}
RESULT: {}
COMMAND: POST /session/cc787b9332752cdee0bcd1748733cdef/elements - {"using":"xpath","value":"//span[text()='Error']"}
RESULT: {"using":"xpath","value":"//span[text()='Error']"}
COMMAND: POST /session/cc787b9332752cdee0bcd1748733cdef/execute/async - {"script":"<script> [1562 bytes]","args":[{"selector":{"controlType":"sap.ui.core.Icon","viewName":"etm.portal.ui.managesites.view.Master","viewId":"application-managesites-display-component---masterSite","properties":{"src":{"regex":{"source":"add"}}}},"wdio_ui5_key":"etmportal.ui.managesites.view.Mastersap.ui.core.Icon{\"src\":{\"regex\":{\"source\":\"add\"}}}"}]}
RESULT: {"script":"<script> [1562 bytes]","args":[{"selector":{"controlType":"sap.ui.core.Icon","viewName":"etm.portal.ui.managesites.view.Master","viewId":"application-managesites-display-component---masterSite","properties":{"src":{"regex":{"source":"add"}}}},"wdio_ui5_key":"etmportal.ui.managesites.view.Mastersap.ui.core.Icon{\"src\":{\"regex\":{\"source\":\"add\"}}}"}]}
RESULT: undefined
COMMAND: POST /session/cc787b9332752cdee0bcd1748733cdef/element - {"using":"xpath","value":"//*[@id=\"__button52-img\"]"}
RESULT: {"using":"xpath","value":"//*[@id=\"__button52-img\"]"}
COMMAND: POST /session/cc787b9332752cdee0bcd1748733cdef/element/f.40E06083F0E682023BA0E7AA24D478F4.d.AF1EF6F9A7811B2A15C22A87A3D6E295.e.11510/click - {}
RESULT: {}
COMMAND: POST /session/cc787b9332752cdee0bcd1748733cdef/execute/async - {"script":"<script> [1562 bytes]","args":[{"selector":{"id":"application-managesites-display-component---NewSite--siteId","interaction":{"idSuffix":"inner"}},"wdio_ui5_key":"applicationmanagesites-display-component---NewSite--siteId"}]}
COMMAND: GET /session/cc787b9332752cdee0bcd1748733cdef/screenshot - {}
RESULT: {"script":"<script> [1562 bytes]","args":[{"selector":{"id":"application-managesites-display-component---NewSite--siteId","interaction":{"idSuffix":"inner"}},"wdio_ui5_key":"applicationmanagesites-display-component---NewSite--siteId"}]}
RESULT: undefined
COMMAND: POST /session/cc787b9332752cdee0bcd1748733cdef/execute/async - {"script":"<script> [1562 bytes]","args":[{"selector":{"id":"application-managesites-display-component---NewSite--addressDetailDetailsName1","interaction":{"idSuffix":"inner"}},"wdio_ui5_key":"applicationmanagesites-display-component---NewSite--addressDetailDetailsName1"}]}
RESULT: {}
RESULT: {"script":"<script> [1562 bytes]","args":[{"selector":{"id":"application-managesites-display-component---NewSite--addressDetailDetailsName1","interaction":{"idSuffix":"inner"}},"wdio_ui5_key":"applicationmanagesites-display-component---NewSite--addressDetailDetailsName1"}]}
RESULT: undefined
COMMAND: POST /session/cc787b9332752cdee0bcd1748733cdef/execute/async - {"script":"<script> [776 bytes]","args":[{"enterText":"WebdriverSitezrozq","selector":{"id":"application-managesites-display-component---NewSite--addressDetailDetailsName1","interaction":{"idSuffix":"inner"}},"clearTextFirst":true,"interactionType":"ENTER_TEXT"}]}
RESULT: {"script":"<script> [776 bytes]","args":[{"enterText":"WebdriverSitezrozq","selector":{"id":"application-managesites-display-component---NewSite--addressDetailDetailsName1","interaction":{"idSuffix":"inner"}},"clearTextFirst":true,"interactionType":"ENTER_TEXT"}]}
COMMAND: POST /session/cc787b9332752cdee0bcd1748733cdef/execute/async - {"script":"<script> [1562 bytes]","args":[{"selector":{"id":"application-managesites-display-component---NewSite--addressDetailDetailsLanguage","interaction":{"idSuffix":"inner"}},"wdio_ui5_key":"applicationmanagesites-display-component---NewSite--addressDetailDetailsLanguage"}]}
RESULT: {"script":"<script> [1562 bytes]","args":[{"selector":{"id":"application-managesites-display-component---NewSite--addressDetailDetailsLanguage","interaction":{"idSuffix":"inner"}},"wdio_ui5_key":"applicationmanagesites-display-component---NewSite--addressDetailDetailsLanguage"}]}
RESULT: undefined
COMMAND: POST /session/cc787b9332752cdee0bcd1748733cdef/execute/async - {"script":"<script> [776 bytes]","args":[{"enterText":"Romanian","selector":{"id":"application-managesites-display-component---NewSite--addressDetailDetailsLanguage","interaction":{"idSuffix":"inner"}},"clearTextFirst":true,"interactionType":"ENTER_TEXT"}]}
RESULT: {"script":"<script> [776 bytes]","args":[{"enterText":"Romanian","selector":{"id":"application-managesites-display-component---NewSite--addressDetailDetailsLanguage","interaction":{"idSuffix":"inner"}},"clearTextFirst":true,"interactionType":"ENTER_TEXT"}]}
COMMAND: POST /session/cc787b9332752cdee0bcd1748733cdef/execute/async - {"script":"<script> [1562 bytes]","args":[{"selector":{"id":"application-managesites-display-component---NewSite--addressDetailDetailsCity1","interaction":{"idSuffix":"inner"}},"wdio_ui5_key":"applicationmanagesites-display-component---NewSite--addressDetailDetailsCity1"}]}
RESULT: {"script":"<script> [1562 bytes]","args":[{"selector":{"id":"application-managesites-display-component---NewSite--addressDetailDetailsCity1","interaction":{"idSuffix":"inner"}},"wdio_ui5_key":"applicationmanagesites-display-component---NewSite--addressDetailDetailsCity1"}]}
RESULT: undefined
COMMAND: POST /session/cc787b9332752cdee0bcd1748733cdef/execute/async - {"script":"<script> [776 bytes]","args":[{"enterText":"Bucharest","selector":{"id":"application-managesites-display-component---NewSite--addressDetailDetailsCity1","interaction":{"idSuffix":"inner"}},"clearTextFirst":true,"interactionType":"ENTER_TEXT"}]}
RESULT: {"script":"<script> [776 bytes]","args":[{"enterText":"Bucharest","selector":{"id":"application-managesites-display-component---NewSite--addressDetailDetailsCity1","interaction":{"idSuffix":"inner"}},"clearTextFirst":true,"interactionType":"ENTER_TEXT"}]}
COMMAND: POST /session/cc787b9332752cdee0bcd1748733cdef/execute/async - {"script":"<script> [1562 bytes]","args":[{"selector":{"id":"application-managesites-display-component---NewSite--addressDetailDetailsCountry","interaction":{"idSuffix":"inner"}},"wdio_ui5_key":"applicationmanagesites-display-component---NewSite--addressDetailDetailsCountry"}]}
RESULT: {"script":"<script> [1562 bytes]","args":[{"selector":{"id":"application-managesites-display-component---NewSite--addressDetailDetailsCountry","interaction":{"idSuffix":"inner"}},"wdio_ui5_key":"applicationmanagesites-display-component---NewSite--addressDetailDetailsCountry"}]}
RESULT: undefined
COMMAND: POST /session/cc787b9332752cdee0bcd1748733cdef/execute/async - {"script":"<script> [776 bytes]","args":[{"enterText":"Romania","selector":{"id":"application-managesites-display-component---NewSite--addressDetailDetailsCountry","interaction":{"idSuffix":"inner"}},"clearTextFirst":true,"interactionType":"ENTER_TEXT"}]}
RESULT: {"script":"<script> [776 bytes]","args":[{"enterText":"Romania","selector":{"id":"application-managesites-display-component---NewSite--addressDetailDetailsCountry","interaction":{"idSuffix":"inner"}},"clearTextFirst":true,"interactionType":"ENTER_TEXT"}]}
COMMAND: POST /session/cc787b9332752cdee0bcd1748733cdef/element - {"using":"css selector","value":"#application-managesites-display-component---NewSite--addressDetailDetailsCalendar-inner"}
RESULT: {"using":"css selector","value":"#application-managesites-display-component---NewSite--addressDetailDetailsCalendar-inner"}
COMMAND: POST /session/cc787b9332752cdee0bcd1748733cdef/element/f.40E06083F0E682023BA0E7AA24D478F4.d.AF1EF6F9A7811B2A15C22A87A3D6E295.e.11705/clear - {}
RESULT: {}
COMMAND: POST /session/cc787b9332752cdee0bcd1748733cdef/element/f.40E06083F0E682023BA0E7AA24D478F4.d.AF1EF6F9A7811B2A15C22A87A3D6E295.e.11705/value - {"text":"Germany"}
COMMAND: GET /session/cc787b9332752cdee0bcd1748733cdef/screenshot - {}
RESULT: {"text":"Germany"}
COMMAND: POST /session/cc787b9332752cdee0bcd1748733cdef/execute/async - {"script":"<script> [1562 bytes]","args":[{"selector":{"id":"application-managesites-display-component---NewSite--addressEditDetailsCostObjectCstType-arrow"},"wdio_ui5_key":"applicationmanagesites-display-component---NewSite--addressEditDetailsCostObjectCstType-arrow"}]}
COMMAND: GET /session/cc787b9332752cdee0bcd1748733cdef/screenshot - {}
RESULT: {}
RESULT: {"script":"<script> [1562 bytes]","args":[{"selector":{"id":"application-managesites-display-component---NewSite--addressEditDetailsCostObjectCstType-arrow"},"wdio_ui5_key":"applicationmanagesites-display-component---NewSite--addressEditDetailsCostObjectCstType-arrow"}]}
RESULT: undefined
COMMAND: POST /session/cc787b9332752cdee0bcd1748733cdef/element - {"using":"xpath","value":"//*[@id=\"application-managesites-display-component---NewSite--addressEditDetailsCostObjectCstType-arrow\"]"}
RESULT: {}
RESULT: {"using":"xpath","value":"//*[@id=\"application-managesites-display-component---NewSite--addressEditDetailsCostObjectCstType-arrow\"]"}
COMMAND: POST /session/cc787b9332752cdee0bcd1748733cdef/element/f.40E06083F0E682023BA0E7AA24D478F4.d.AF1EF6F9A7811B2A15C22A87A3D6E295.e.11910/click - {}
RESULT: {}
COMMAND: POST /session/cc787b9332752cdee0bcd1748733cdef/element - {"using":"xpath","value":"//span[contains(text(), \"Work Breakdown Structure\")]"}
COMMAND: GET /session/cc787b9332752cdee0bcd1748733cdef/screenshot - {}
RESULT: {"using":"xpath","value":"//span[contains(text(), \"Work Breakdown Structure\")]"}
COMMAND: POST /session/cc787b9332752cdee0bcd1748733cdef/element/f.40E06083F0E682023BA0E7AA24D478F4.d.AF1EF6F9A7811B2A15C22A87A3D6E295.e.11911/click - {}
RESULT: {}
RESULT: {}
COMMAND: GET /session/cc787b9332752cdee0bcd1748733cdef/screenshot - {}
RESULT: {}
RESULT: undefined
COMMAND: POST /session/cc787b9332752cdee0bcd1748733cdef/execute/async - {"script":"<script> [1562 bytes]","args":[{"selector":{"id":"application-managesites-display-component---NewSite--addressNewCostObjectCstID-vhi"},"wdio_ui5_key":"applicationmanagesites-display-component---NewSite--addressNewCostObjectCstID-vhi"}]}
RESULT: {"script":"<script> [1562 bytes]","args":[{"selector":{"id":"application-managesites-display-component---NewSite--addressNewCostObjectCstID-vhi"},"wdio_ui5_key":"applicationmanagesites-display-component---NewSite--addressNewCostObjectCstID-vhi"}]}
RESULT: undefined
COMMAND: POST /session/cc787b9332752cdee0bcd1748733cdef/element - {"using":"xpath","value":"//*[@id=\"application-managesites-display-component---NewSite--addressNewCostObjectCstID-vhi\"]"}
RESULT: {"using":"xpath","value":"//*[@id=\"application-managesites-display-component---NewSite--addressNewCostObjectCstID-vhi\"]"}
COMMAND: POST /session/cc787b9332752cdee0bcd1748733cdef/element/f.40E06083F0E682023BA0E7AA24D478F4.d.AF1EF6F9A7811B2A15C22A87A3D6E295.e.11915/click - {}
RESULT: {}
COMMAND: GET /session/cc787b9332752cdee0bcd1748733cdef/screenshot - {}
RESULT: {}
COMMAND: POST /session/cc787b9332752cdee0bcd1748733cdef/execute/async - {"script":"<script> [1562 bytes]","args":[{"selector":{"controlType":"sap.m.SearchField","properties":{"placeholder":"Search"},"searchOpenDialogs":true,"interaction":{"idSuffix":"I"}},"wdio_ui5_key":"sapm.SearchField{\"placeholder\":\"Search\"}"}]}
RESULT: {"script":"<script> [1562 bytes]","args":[{"selector":{"controlType":"sap.m.SearchField","properties":{"placeholder":"Search"},"searchOpenDialogs":true,"interaction":{"idSuffix":"I"}},"wdio_ui5_key":"sapm.SearchField{\"placeholder\":\"Search\"}"}]}
RESULT: undefined
COMMAND: POST /session/cc787b9332752cdee0bcd1748733cdef/execute/async - {"script":"<script> [776 bytes]","args":[{"enterText":"A1-000100-01","selector":{"controlType":"sap.m.SearchField","properties":{"placeholder":"Search"},"searchOpenDialogs":true,"interaction":{"idSuffix":"I"}},"clearTextFirst":true,"interactionType":"ENTER_TEXT"}]}
RESULT: {"script":"<script> [776 bytes]","args":[{"enterText":"A1-000100-01","selector":{"controlType":"sap.m.SearchField","properties":{"placeholder":"Search"},"searchOpenDialogs":true,"interaction":{"idSuffix":"I"}},"clearTextFirst":true,"interactionType":"ENTER_TEXT"}]}
COMMAND: POST /session/cc787b9332752cdee0bcd1748733cdef/actions - {"actions":[{"id":"action66","type":"key","parameters":{},"actions":[{"type":"keyDown","value":""},{"type":"pause","duration":10},{"type":"keyUp","value":""}]}]}
RESULT: {"actions":[{"id":"action66","type":"key","parameters":{},"actions":[{"type":"keyDown","value":""},{"type":"pause","duration":10},{"type":"keyUp","value":""}]}]}
COMMAND: GET /session/cc787b9332752cdee0bcd1748733cdef/screenshot - {}
RESULT: {}
COMMAND: POST /session/cc787b9332752cdee0bcd1748733cdef/element - {"using":"xpath","value":"//span[contains(text(), \"Template for ETO-Process\")]"}
RESULT: {"using":"xpath","value":"//span[contains(text(), \"Template for ETO-Process\")]"}
COMMAND: POST /session/cc787b9332752cdee0bcd1748733cdef/element/f.40E06083F0E682023BA0E7AA24D478F4.d.AF1EF6F9A7811B2A15C22A87A3D6E295.e.11935/click - {}
RESULT: {}
COMMAND: GET /session/cc787b9332752cdee0bcd1748733cdef/screenshot - {}
RESULT: {}
COMMAND: POST /session/cc787b9332752cdee0bcd1748733cdef/element - {"using":"xpath","value":"//bdi[contains(text(), \"OK\")]"}
RESULT: {"using":"xpath","value":"//bdi[contains(text(), \"OK\")]"}
COMMAND: POST /session/cc787b9332752cdee0bcd1748733cdef/element/f.40E06083F0E682023BA0E7AA24D478F4.d.AF1EF6F9A7811B2A15C22A87A3D6E295.e.11936/click - {}
RESULT: {}
COMMAND: GET /session/cc787b9332752cdee0bcd1748733cdef/screenshot - {}
RESULT: {}
COMMAND: POST /session/cc787b9332752cdee0bcd1748733cdef/element - {"using":"xpath","value":"//input[@id=\"application-managesites-display-component---NewSite--addressDetailDetailsYard-inner\"]"}
RESULT: {"using":"xpath","value":"//input[@id=\"application-managesites-display-component---NewSite--addressDetailDetailsYard-inner\"]"}
COMMAND: POST /session/cc787b9332752cdee0bcd1748733cdef/element/f.40E06083F0E682023BA0E7AA24D478F4.d.AF1EF6F9A7811B2A15C22A87A3D6E295.e.11706/value - {"text":"WebdriverYardvzywf"}
RESULT: {"text":"WebdriverYardvzywf"}
COMMAND: GET /session/cc787b9332752cdee0bcd1748733cdef/screenshot - {}
RESULT: {}
COMMAND: POST /session/cc787b9332752cdee0bcd1748733cdef/actions - {"actions":[{"id":"action67","type":"key","parameters":{},"actions":[{"type":"keyDown","value":""},{"type":"pause","duration":10},{"type":"keyUp","value":""}]}]}
RESULT: {"actions":[{"id":"action67","type":"key","parameters":{},"actions":[{"type":"keyDown","value":""},{"type":"pause","duration":10},{"type":"keyUp","value":""}]}]}
COMMAND: GET /session/cc787b9332752cdee0bcd1748733cdef/screenshot - {}
RESULT: {}
COMMAND: POST /session/cc787b9332752cdee0bcd1748733cdef/element - {"using":"xpath","value":"//input[@id=\"application-managesites-display-component---NewSite--addressDetailDetailsPartner-inner\"]"}
RESULT: {"using":"xpath","value":"//input[@id=\"application-managesites-display-component---NewSite--addressDetailDetailsPartner-inner\"]"}
COMMAND: POST /session/cc787b9332752cdee0bcd1748733cdef/elements - {"using":"xpath","value":"//input[@id=\"application-managesites-display-component---NewSite--addressDetailDetailsPartner-inner\"]"}
RESULT: {"using":"xpath","value":"//input[@id=\"application-managesites-display-component---NewSite--addressDetailDetailsPartner-inner\"]"}
COMMAND: POST /session/cc787b9332752cdee0bcd1748733cdef/execute/async - {"script":"<script> [1562 bytes]","args":[{"selector":{"controlType":"sap.m.Button","viewName":"etm.portal.ui.managesites.view.NewSmartSite","viewId":"application-managesites-display-component---NewSite","properties":{"text":"Commercial"},"interaction":{"idSuffix":"BDI-content"}},"wdio_ui5_key":"etmportal.ui.managesites.view.NewSmartSitesap.m.Button{\"text\":\"Commercial\"}"}]}
RESULT: {"script":"<script> [1562 bytes]","args":[{"selector":{"controlType":"sap.m.Button","viewName":"etm.portal.ui.managesites.view.NewSmartSite","viewId":"application-managesites-display-component---NewSite","properties":{"text":"Commercial"},"interaction":{"idSuffix":"BDI-content"}},"wdio_ui5_key":"etmportal.ui.managesites.view.NewSmartSitesap.m.Button{\"text\":\"Commercial\"}"}]}
RESULT: undefined
COMMAND: POST /session/cc787b9332752cdee0bcd1748733cdef/element - {"using":"xpath","value":"//*[@id=\"application-managesites-display-component---NewSite--ObjectPageLayout-anchBar-__section31-anchor\"]"}
RESULT: {"using":"xpath","value":"//*[@id=\"application-managesites-display-component---NewSite--ObjectPageLayout-anchBar-__section31-anchor\"]"}
COMMAND: POST /session/cc787b9332752cdee0bcd1748733cdef/element/f.40E06083F0E682023BA0E7AA24D478F4.d.AF1EF6F9A7811B2A15C22A87A3D6E295.e.11943/click - {}
RESULT: {}
COMMAND: POST /session/cc787b9332752cdee0bcd1748733cdef/execute/async - {"script":"<script> [1562 bytes]","args":[{"selector":{"controlType":"sap.m.Button","viewName":"etm.portal.ui.managesites.view.NewSmartSite","viewId":"application-managesites-display-component---NewSite","i18NText":{"propertyName":"text","key":"save"},"interaction":{"idSuffix":"BDI-content"}},"wdio_ui5_key":"etmportal.ui.managesites.view.NewSmartSitesap.m.Button{\"propertyName\":\"text\",\"key\":\"save\"}"}]}
COMMAND: GET /session/cc787b9332752cdee0bcd1748733cdef/screenshot - {}
RESULT: {"script":"<script> [1562 bytes]","args":[{"selector":{"controlType":"sap.m.Button","viewName":"etm.portal.ui.managesites.view.NewSmartSite","viewId":"application-managesites-display-component---NewSite","i18NText":{"propertyName":"text","key":"save"},"interaction":{"idSuffix":"BDI-content"}},"wdio_ui5_key":"etmportal.ui.managesites.view.NewSmartSitesap.m.Button{\"propertyName\":\"text\",\"key\":\"save\"}"}]}
RESULT: undefined
COMMAND: POST /session/cc787b9332752cdee0bcd1748733cdef/element - {"using":"xpath","value":"//*[@id=\"__button64\"]"}
RESULT: {}
RESULT: {"using":"xpath","value":"//*[@id=\"__button64\"]"}
COMMAND: POST /session/cc787b9332752cdee0bcd1748733cdef/element/f.40E06083F0E682023BA0E7AA24D478F4.d.AF1EF6F9A7811B2A15C22A87A3D6E295.e.11887/click - {}
RESULT: {}
COMMAND: GET /session/cc787b9332752cdee0bcd1748733cdef/screenshot - {}
RESULT: {}
COMMAND: POST /session/cc787b9332752cdee0bcd1748733cdef/execute/async - {"script":"<script> [1562 bytes]","args":[{"selector":{"id":"application-managesites-display-component---detailSite--addressDetailDetailsYardText"},"wdio_ui5_key":"applicationmanagesites-display-component---detailSite--addressDetailDetailsYardText"}]}
RESULT: {"script":"<script> [1562 bytes]","args":[{"selector":{"id":"application-managesites-display-component---detailSite--addressDetailDetailsYardText"},"wdio_ui5_key":"applicationmanagesites-display-component---detailSite--addressDetailDetailsYardText"}]}
RESULT: undefined
COMMAND: POST /session/cc787b9332752cdee0bcd1748733cdef/element - {"using":"xpath","value":"//header/div/div[2]/div[2]/span"}
RESULT: {"using":"xpath","value":"//header/div/div[2]/div[2]/span"}
COMMAND: GET /session/cc787b9332752cdee0bcd1748733cdef/element/f.40E06083F0E682023BA0E7AA24D478F4.d.AF1EF6F9A7811B2A15C22A87A3D6E295.e.12147/text - {}
RESULT: {}
COMMAND: POST /session/cc787b9332752cdee0bcd1748733cdef/element - {"using":"xpath","value":"//header/div/div/div/div/div/div[2]/div/span"}
RESULT: {"using":"xpath","value":"//header/div/div/div/div/div/div[2]/div/span"}
COMMAND: GET /session/cc787b9332752cdee0bcd1748733cdef/element/f.40E06083F0E682023BA0E7AA24D478F4.d.AF1EF6F9A7811B2A15C22A87A3D6E295.e.12148/text - {}
RESULT: {}
COMMAND: POST /session/cc787b9332752cdee0bcd1748733cdef/element - {"using":"css selector","value":"#shell-header-logo"}
RESULT: {"using":"css selector","value":"#shell-header-logo"}
COMMAND: POST /session/cc787b9332752cdee0bcd1748733cdef/element/f.40E06083F0E682023BA0E7AA24D478F4.d.AF1EF6F9A7811B2A15C22A87A3D6E295.e.11466/click - {}
RESULT: {}
COMMAND: GET /session/cc787b9332752cdee0bcd1748733cdef/screenshot - {}
RESULT: {}
]]></system-out>
    </testcase>
    <testcase classname="chrome.137_0_7151_69.windows.E2E_-_Logistical_and_commercial_statuses" name="It should stock increase the resource" time="218.723">
      <system-out><![CDATA[
COMMAND: POST /session/cc787b9332752cdee0bcd1748733cdef/execute/async - {"script":"<script> [1562 bytes]","args":[{"selector":{"controlType":"sap.m.GenericTile","properties":{"header":"Manage Resources"}},"wdio_ui5_key":"sapm.GenericTile{\"header\":\"Manage Resources\"}"}]}
RESULT: {"script":"<script> [1562 bytes]","args":[{"selector":{"controlType":"sap.m.GenericTile","properties":{"header":"Manage Resources"}},"wdio_ui5_key":"sapm.GenericTile{\"header\":\"Manage Resources\"}"}]}
RESULT: undefined
COMMAND: POST /session/cc787b9332752cdee0bcd1748733cdef/element - {"using":"xpath","value":"//*[@id=\"__tile40\"]"}
RESULT: {"using":"xpath","value":"//*[@id=\"__tile40\"]"}
COMMAND: POST /session/cc787b9332752cdee0bcd1748733cdef/element/f.40E06083F0E682023BA0E7AA24D478F4.d.AF1EF6F9A7811B2A15C22A87A3D6E295.e.12150/click - {}
RESULT: {}
COMMAND: GET /session/cc787b9332752cdee0bcd1748733cdef/screenshot - {}
COMMAND: POST /session/cc787b9332752cdee0bcd1748733cdef/elements - {"using":"xpath","value":"//span[text()='Error']"}
RESULT: {}
RESULT: {"using":"xpath","value":"//span[text()='Error']"}
COMMAND: POST /session/cc787b9332752cdee0bcd1748733cdef/element - {"using":"xpath","value":"//button[@data-kt=\"addNewRUOverflowToolbarButton\"]"}
RESULT: {"using":"xpath","value":"//button[@data-kt=\"addNewRUOverflowToolbarButton\"]"}
COMMAND: POST /session/cc787b9332752cdee0bcd1748733cdef/execute/sync - {"script":"<script> [8489 bytes]","args":[{"element-6066-11e4-a52e-4f735466cecf":"f.40E06083F0E682023BA0E7AA24D478F4.d.AF1EF6F9A7811B2A15C22A87A3D6E295.e.12191","ELEMENT":"f.40E06083F0E682023BA0E7AA24D478F4.d.AF1EF6F9A7811B2A15C22A87A3D6E295.e.12191"}]}
RESULT: {"script":"<script> [8489 bytes]","args":[{"element-6066-11e4-a52e-4f735466cecf":"f.40E06083F0E682023BA0E7AA24D478F4.d.AF1EF6F9A7811B2A15C22A87A3D6E295.e.12191","ELEMENT":"f.40E06083F0E682023BA0E7AA24D478F4.d.AF1EF6F9A7811B2A15C22A87A3D6E295.e.12191"}]}
COMMAND: POST /session/cc787b9332752cdee0bcd1748733cdef/element/f.40E06083F0E682023BA0E7AA24D478F4.d.AF1EF6F9A7811B2A15C22A87A3D6E295.e.12191/click - {}
COMMAND: GET /session/cc787b9332752cdee0bcd1748733cdef/screenshot - {}
RESULT: {}
COMMAND: POST /session/cc787b9332752cdee0bcd1748733cdef/execute/async - {"script":"<script> [1562 bytes]","args":[{"selector":{"id":"application-manageresources-display-component---newResourceUnit--TYPE-arrow"},"wdio_ui5_key":"applicationmanageresources-display-component---newResourceUnit--TYPE-arrow"}]}
COMMAND: GET /session/cc787b9332752cdee0bcd1748733cdef/screenshot - {}
RESULT: {}
RESULT: {"script":"<script> [1562 bytes]","args":[{"selector":{"id":"application-manageresources-display-component---newResourceUnit--TYPE-arrow"},"wdio_ui5_key":"applicationmanageresources-display-component---newResourceUnit--TYPE-arrow"}]}
RESULT: undefined
COMMAND: POST /session/cc787b9332752cdee0bcd1748733cdef/element - {"using":"xpath","value":"//*[@id=\"application-manageresources-display-component---newResourceUnit--TYPE-arrow\"]"}
RESULT: {}
RESULT: {"using":"xpath","value":"//*[@id=\"application-manageresources-display-component---newResourceUnit--TYPE-arrow\"]"}
COMMAND: POST /session/cc787b9332752cdee0bcd1748733cdef/element/f.40E06083F0E682023BA0E7AA24D478F4.d.AF1EF6F9A7811B2A15C22A87A3D6E295.e.12509/click - {}
RESULT: {}
COMMAND: POST /session/cc787b9332752cdee0bcd1748733cdef/execute/async - {"script":"<script> [1562 bytes]","args":[{"selector":{"controlType":"sap.m.StandardListItem","viewName":"reusables.view.manageresources.NewResourceUnit","viewId":"application-manageresources-display-component---newResourceUnit","properties":{"title":"Material"},"searchOpenDialogs":true,"interaction":{"idSuffix":"titleText"}},"wdio_ui5_key":"reusablesview.manageresources.NewResourceUnitsap.m.StandardListItem{\"title\":\"Material\"}"}]}
COMMAND: GET /session/cc787b9332752cdee0bcd1748733cdef/screenshot - {}
RESULT: {"script":"<script> [1562 bytes]","args":[{"selector":{"controlType":"sap.m.StandardListItem","viewName":"reusables.view.manageresources.NewResourceUnit","viewId":"application-manageresources-display-component---newResourceUnit","properties":{"title":"Material"},"searchOpenDialogs":true,"interaction":{"idSuffix":"titleText"}},"wdio_ui5_key":"reusablesview.manageresources.NewResourceUnitsap.m.StandardListItem{\"title\":\"Material\"}"}]}
RESULT: undefined
COMMAND: POST /session/cc787b9332752cdee0bcd1748733cdef/element - {"using":"xpath","value":"//*[@id=\"__item877\"]"}
RESULT: {}
RESULT: {"using":"xpath","value":"//*[@id=\"__item877\"]"}
COMMAND: POST /session/cc787b9332752cdee0bcd1748733cdef/element/f.40E06083F0E682023BA0E7AA24D478F4.d.AF1EF6F9A7811B2A15C22A87A3D6E295.e.12512/click - {}
RESULT: {}
COMMAND: POST /session/cc787b9332752cdee0bcd1748733cdef/execute/async - {"script":"<script> [1562 bytes]","args":[{"selector":{"id":"application-manageresources-display-component---newResourceUnit--SHORT_TEXT","interaction":{"idSuffix":"inner"}},"wdio_ui5_key":"applicationmanageresources-display-component---newResourceUnit--SHORT_TEXT"}]}
COMMAND: GET /session/cc787b9332752cdee0bcd1748733cdef/screenshot - {}
RESULT: undefined
RESULT: undefined
RESULT: {"script":"<script> [1562 bytes]","args":[{"selector":{"id":"application-manageresources-display-component---newResourceUnit--SHORT_TEXT","interaction":{"idSuffix":"inner"}},"wdio_ui5_key":"applicationmanageresources-display-component---newResourceUnit--SHORT_TEXT"}]}
RESULT: undefined
COMMAND: POST /session/cc787b9332752cdee0bcd1748733cdef/execute/async - {"script":"<script> [776 bytes]","args":[{"enterText":"WebdriverMatTestbf0rvl","selector":{"id":"application-manageresources-display-component---newResourceUnit--SHORT_TEXT","interaction":{"idSuffix":"inner"}},"clearTextFirst":true,"interactionType":"ENTER_TEXT"}]}
RESULT: {}
RESULT: {"script":"<script> [776 bytes]","args":[{"enterText":"WebdriverMatTestbf0rvl","selector":{"id":"application-manageresources-display-component---newResourceUnit--SHORT_TEXT","interaction":{"idSuffix":"inner"}},"clearTextFirst":true,"interactionType":"ENTER_TEXT"}]}
COMMAND: POST /session/cc787b9332752cdee0bcd1748733cdef/execute/async - {"script":"<script> [1562 bytes]","args":[{"selector":{"id":"application-manageresources-display-component---newResourceUnit--BASE_UNIT_OF_MEASURE-arrow"},"wdio_ui5_key":"applicationmanageresources-display-component---newResourceUnit--BASE_UNIT_OF_MEASURE-arrow"}]}
RESULT: {"script":"<script> [1562 bytes]","args":[{"selector":{"id":"application-manageresources-display-component---newResourceUnit--BASE_UNIT_OF_MEASURE-arrow"},"wdio_ui5_key":"applicationmanageresources-display-component---newResourceUnit--BASE_UNIT_OF_MEASURE-arrow"}]}
RESULT: undefined
COMMAND: POST /session/cc787b9332752cdee0bcd1748733cdef/element - {"using":"xpath","value":"//*[@id=\"application-manageresources-display-component---newResourceUnit--BASE_UNIT_OF_MEASURE-arrow\"]"}
RESULT: {"using":"xpath","value":"//*[@id=\"application-manageresources-display-component---newResourceUnit--BASE_UNIT_OF_MEASURE-arrow\"]"}
COMMAND: POST /session/cc787b9332752cdee0bcd1748733cdef/element/f.40E06083F0E682023BA0E7AA24D478F4.d.AF1EF6F9A7811B2A15C22A87A3D6E295.e.12634/click - {}
RESULT: {}
COMMAND: POST /session/cc787b9332752cdee0bcd1748733cdef/execute/async - {"script":"<script> [1562 bytes]","args":[{"selector":{"controlType":"sap.m.StandardListItem","viewName":"reusables.view.manageresources.NewResourceUnit","viewId":"application-manageresources-display-component---newResourceUnit","properties":{"title":"Piece"},"searchOpenDialogs":true,"interaction":{"idSuffix":"titleText"}},"wdio_ui5_key":"reusablesview.manageresources.NewResourceUnitsap.m.StandardListItem{\"title\":\"Piece\"}"}]}
COMMAND: GET /session/cc787b9332752cdee0bcd1748733cdef/screenshot - {}
RESULT: {"script":"<script> [1562 bytes]","args":[{"selector":{"controlType":"sap.m.StandardListItem","viewName":"reusables.view.manageresources.NewResourceUnit","viewId":"application-manageresources-display-component---newResourceUnit","properties":{"title":"Piece"},"searchOpenDialogs":true,"interaction":{"idSuffix":"titleText"}},"wdio_ui5_key":"reusablesview.manageresources.NewResourceUnitsap.m.StandardListItem{\"title\":\"Piece\"}"}]}
RESULT: undefined
COMMAND: POST /session/cc787b9332752cdee0bcd1748733cdef/element - {"using":"xpath","value":"//*[@id=\"__item930\"]"}
RESULT: {}
RESULT: {"using":"xpath","value":"//*[@id=\"__item930\"]"}
COMMAND: POST /session/cc787b9332752cdee0bcd1748733cdef/element/f.40E06083F0E682023BA0E7AA24D478F4.d.AF1EF6F9A7811B2A15C22A87A3D6E295.e.12636/click - {}
RESULT: {}
COMMAND: POST /session/cc787b9332752cdee0bcd1748733cdef/element - {"using":"xpath","value":"//input[contains(@id ,\"application-manageresources-display-component---newResourceUnit--SHORT_TEXT-inner\")]"}
COMMAND: GET /session/cc787b9332752cdee0bcd1748733cdef/screenshot - {}
RESULT: {"using":"xpath","value":"//input[contains(@id ,\"application-manageresources-display-component---newResourceUnit--SHORT_TEXT-inner\")]"}
COMMAND: GET /session/cc787b9332752cdee0bcd1748733cdef/element/f.40E06083F0E682023BA0E7AA24D478F4.d.AF1EF6F9A7811B2A15C22A87A3D6E295.e.12529/property/value - {}
RESULT: {}
RESULT: {}
COMMAND: POST /session/cc787b9332752cdee0bcd1748733cdef/execute/async - {"script":"<script> [1562 bytes]","args":[{"selector":{"id":"application-manageresources-display-component---newResourceUnit--WEIGHT_UNIT-arrow"},"wdio_ui5_key":"applicationmanageresources-display-component---newResourceUnit--WEIGHT_UNIT-arrow"}]}
COMMAND: GET /session/cc787b9332752cdee0bcd1748733cdef/screenshot - {}
RESULT: {"script":"<script> [1562 bytes]","args":[{"selector":{"id":"application-manageresources-display-component---newResourceUnit--WEIGHT_UNIT-arrow"},"wdio_ui5_key":"applicationmanageresources-display-component---newResourceUnit--WEIGHT_UNIT-arrow"}]}
RESULT: undefined
COMMAND: POST /session/cc787b9332752cdee0bcd1748733cdef/element - {"using":"xpath","value":"//*[@id=\"application-manageresources-display-component---newResourceUnit--WEIGHT_UNIT-arrow\"]"}
RESULT: {}
RESULT: {"using":"xpath","value":"//*[@id=\"application-manageresources-display-component---newResourceUnit--WEIGHT_UNIT-arrow\"]"}
COMMAND: POST /session/cc787b9332752cdee0bcd1748733cdef/element/f.40E06083F0E682023BA0E7AA24D478F4.d.AF1EF6F9A7811B2A15C22A87A3D6E295.e.12637/click - {}
RESULT: {}
COMMAND: POST /session/cc787b9332752cdee0bcd1748733cdef/execute/async - {"script":"<script> [1562 bytes]","args":[{"selector":{"controlType":"sap.m.StandardListItem","viewName":"reusables.view.manageresources.NewResourceUnit","viewId":"application-manageresources-display-component---newResourceUnit","properties":{"title":"Gram"},"searchOpenDialogs":true,"interaction":{"idSuffix":"content"}},"wdio_ui5_key":"reusablesview.manageresources.NewResourceUnitsap.m.StandardListItem{\"title\":\"Gram\"}"}]}
COMMAND: GET /session/cc787b9332752cdee0bcd1748733cdef/screenshot - {}
RESULT: {"script":"<script> [1562 bytes]","args":[{"selector":{"controlType":"sap.m.StandardListItem","viewName":"reusables.view.manageresources.NewResourceUnit","viewId":"application-manageresources-display-component---newResourceUnit","properties":{"title":"Gram"},"searchOpenDialogs":true,"interaction":{"idSuffix":"content"}},"wdio_ui5_key":"reusablesview.manageresources.NewResourceUnitsap.m.StandardListItem{\"title\":\"Gram\"}"}]}
RESULT: undefined
COMMAND: POST /session/cc787b9332752cdee0bcd1748733cdef/element - {"using":"xpath","value":"//*[@id=\"__item995\"]"}
RESULT: {}
RESULT: {"using":"xpath","value":"//*[@id=\"__item995\"]"}
COMMAND: POST /session/cc787b9332752cdee0bcd1748733cdef/element/f.40E06083F0E682023BA0E7AA24D478F4.d.AF1EF6F9A7811B2A15C22A87A3D6E295.e.12639/click - {}
RESULT: {}
COMMAND: POST /session/cc787b9332752cdee0bcd1748733cdef/execute/async - {"script":"<script> [1562 bytes]","args":[{"selector":{"id":"application-manageresources-display-component---newResourceUnit--newRRUPage-OPHeaderContent-collapseBtn-img"},"wdio_ui5_key":"applicationmanageresources-display-component---newResourceUnit--newRRUPage-OPHeaderContent-collapseBtn-img"}]}
COMMAND: GET /session/cc787b9332752cdee0bcd1748733cdef/screenshot - {}
RESULT: {"script":"<script> [1562 bytes]","args":[{"selector":{"id":"application-manageresources-display-component---newResourceUnit--newRRUPage-OPHeaderContent-collapseBtn-img"},"wdio_ui5_key":"applicationmanageresources-display-component---newResourceUnit--newRRUPage-OPHeaderContent-collapseBtn-img"}]}
RESULT: undefined
COMMAND: POST /session/cc787b9332752cdee0bcd1748733cdef/element - {"using":"xpath","value":"//*[@id=\"application-manageresources-display-component---newResourceUnit--newRRUPage-OPHeaderContent-collapseBtn-img\"]"}
RESULT: {}
RESULT: {"using":"xpath","value":"//*[@id=\"application-manageresources-display-component---newResourceUnit--newRRUPage-OPHeaderContent-collapseBtn-img\"]"}
COMMAND: POST /session/cc787b9332752cdee0bcd1748733cdef/element/f.40E06083F0E682023BA0E7AA24D478F4.d.AF1EF6F9A7811B2A15C22A87A3D6E295.e.12519/click - {}
RESULT: {}
COMMAND: GET /session/cc787b9332752cdee0bcd1748733cdef/screenshot - {}
RESULT: {}
COMMAND: POST /session/cc787b9332752cdee0bcd1748733cdef/element - {"using":"xpath","value":"(//span[contains(@id ,\"application-manageresources-display-component---newResourceUnit--DIMENSION_UNIT-arrow\")])[1]"}
RESULT: {"using":"xpath","value":"(//span[contains(@id ,\"application-manageresources-display-component---newResourceUnit--DIMENSION_UNIT-arrow\")])[1]"}
COMMAND: POST /session/cc787b9332752cdee0bcd1748733cdef/element/f.40E06083F0E682023BA0E7AA24D478F4.d.AF1EF6F9A7811B2A15C22A87A3D6E295.e.12645/click - {}
RESULT: {}
COMMAND: GET /session/cc787b9332752cdee0bcd1748733cdef/screenshot - {}
RESULT: {}
COMMAND: POST /session/cc787b9332752cdee0bcd1748733cdef/execute/async - {"script":"<script> [1562 bytes]","args":[{"selector":{"controlType":"sap.m.StandardListItem","viewName":"reusables.view.manageresources.NewResourceUnit","viewId":"application-manageresources-display-component---newResourceUnit","properties":{"title":"Centimeter"},"searchOpenDialogs":true,"interaction":{"idSuffix":"titleText"}},"wdio_ui5_key":"reusablesview.manageresources.NewResourceUnitsap.m.StandardListItem{\"title\":\"Centimeter\"}"}]}
RESULT: {"script":"<script> [1562 bytes]","args":[{"selector":{"controlType":"sap.m.StandardListItem","viewName":"reusables.view.manageresources.NewResourceUnit","viewId":"application-manageresources-display-component---newResourceUnit","properties":{"title":"Centimeter"},"searchOpenDialogs":true,"interaction":{"idSuffix":"titleText"}},"wdio_ui5_key":"reusablesview.manageresources.NewResourceUnitsap.m.StandardListItem{\"title\":\"Centimeter\"}"}]}
RESULT: undefined
COMMAND: POST /session/cc787b9332752cdee0bcd1748733cdef/element - {"using":"xpath","value":"//*[@id=\"__item998\"]"}
RESULT: {"using":"xpath","value":"//*[@id=\"__item998\"]"}
COMMAND: POST /session/cc787b9332752cdee0bcd1748733cdef/element/f.40E06083F0E682023BA0E7AA24D478F4.d.AF1EF6F9A7811B2A15C22A87A3D6E295.e.12647/click - {}
RESULT: {}
COMMAND: POST /session/cc787b9332752cdee0bcd1748733cdef/execute/async - {"script":"<script> [1562 bytes]","args":[{"selector":{"id":"application-manageresources-display-component---newResourceUnit--newRRUPage-anchBar-application-manageresources-display-component---newResourceUnit--reference-anchor","interaction":{"idSuffix":"BDI-content"}},"wdio_ui5_key":"applicationmanageresources-display-component---newResourceUnit--newRRUPage-anchBar-application-manageresources-display-component---newResourceUnit--reference-anchor"}]}
COMMAND: GET /session/cc787b9332752cdee0bcd1748733cdef/screenshot - {}
RESULT: {"script":"<script> [1562 bytes]","args":[{"selector":{"id":"application-manageresources-display-component---newResourceUnit--newRRUPage-anchBar-application-manageresources-display-component---newResourceUnit--reference-anchor","interaction":{"idSuffix":"BDI-content"}},"wdio_ui5_key":"applicationmanageresources-display-component---newResourceUnit--newRRUPage-anchBar-application-manageresources-display-component---newResourceUnit--reference-anchor"}]}
RESULT: undefined
COMMAND: POST /session/cc787b9332752cdee0bcd1748733cdef/element - {"using":"xpath","value":"//*[@id=\"application-manageresources-display-component---newResourceUnit--newRRUPage-anchBar-application-manageresources-display-component---newResourceUnit--reference-anchor\"]"}
RESULT: {}
RESULT: {"using":"xpath","value":"//*[@id=\"application-manageresources-display-component---newResourceUnit--newRRUPage-anchBar-application-manageresources-display-component---newResourceUnit--reference-anchor\"]"}
COMMAND: POST /session/cc787b9332752cdee0bcd1748733cdef/element/f.40E06083F0E682023BA0E7AA24D478F4.d.AF1EF6F9A7811B2A15C22A87A3D6E295.e.12649/click - {}
RESULT: {}
COMMAND: POST /session/cc787b9332752cdee0bcd1748733cdef/execute/async - {"script":"<script> [1562 bytes]","args":[{"selector":{"id":"application-manageresources-display-component---newResourceUnit--PLANNING_GROUP-arrow"},"wdio_ui5_key":"applicationmanageresources-display-component---newResourceUnit--PLANNING_GROUP-arrow"}]}
COMMAND: GET /session/cc787b9332752cdee0bcd1748733cdef/screenshot - {}
RESULT: {"script":"<script> [1562 bytes]","args":[{"selector":{"id":"application-manageresources-display-component---newResourceUnit--PLANNING_GROUP-arrow"},"wdio_ui5_key":"applicationmanageresources-display-component---newResourceUnit--PLANNING_GROUP-arrow"}]}
RESULT: undefined
COMMAND: POST /session/cc787b9332752cdee0bcd1748733cdef/element - {"using":"xpath","value":"//*[@id=\"application-manageresources-display-component---newResourceUnit--PLANNING_GROUP-arrow\"]"}
RESULT: {}
RESULT: {"using":"xpath","value":"//*[@id=\"application-manageresources-display-component---newResourceUnit--PLANNING_GROUP-arrow\"]"}
COMMAND: POST /session/cc787b9332752cdee0bcd1748733cdef/element/f.40E06083F0E682023BA0E7AA24D478F4.d.AF1EF6F9A7811B2A15C22A87A3D6E295.e.12653/click - {}
RESULT: {}
COMMAND: POST /session/cc787b9332752cdee0bcd1748733cdef/execute/async - {"script":"<script> [1562 bytes]","args":[{"selector":{"controlType":"sap.m.StandardListItem","viewName":"reusables.view.manageresources.NewResourceUnit","viewId":"application-manageresources-display-component---newResourceUnit","properties":{"title":"Heavy Equi"},"searchOpenDialogs":true,"interaction":{"idSuffix":"content"}},"wdio_ui5_key":"reusablesview.manageresources.NewResourceUnitsap.m.StandardListItem{\"title\":\"Heavy Equi\"}"}]}
COMMAND: GET /session/cc787b9332752cdee0bcd1748733cdef/screenshot - {}
RESULT: {"script":"<script> [1562 bytes]","args":[{"selector":{"controlType":"sap.m.StandardListItem","viewName":"reusables.view.manageresources.NewResourceUnit","viewId":"application-manageresources-display-component---newResourceUnit","properties":{"title":"Heavy Equi"},"searchOpenDialogs":true,"interaction":{"idSuffix":"content"}},"wdio_ui5_key":"reusablesview.manageresources.NewResourceUnitsap.m.StandardListItem{\"title\":\"Heavy Equi\"}"}]}
RESULT: undefined
COMMAND: POST /session/cc787b9332752cdee0bcd1748733cdef/element - {"using":"xpath","value":"//*[@id=\"__item1006\"]"}
RESULT: {}
RESULT: {"using":"xpath","value":"//*[@id=\"__item1006\"]"}
COMMAND: POST /session/cc787b9332752cdee0bcd1748733cdef/element/f.40E06083F0E682023BA0E7AA24D478F4.d.AF1EF6F9A7811B2A15C22A87A3D6E295.e.12655/click - {}
RESULT: {}
COMMAND: GET /session/cc787b9332752cdee0bcd1748733cdef/screenshot - {}
RESULT: {}
COMMAND: POST /session/cc787b9332752cdee0bcd1748733cdef/execute/async - {"script":"<script> [1562 bytes]","args":[{"selector":{"id":"application-manageresources-display-component---newResourceUnit--PLANNING_INDICATOR-arrow"},"wdio_ui5_key":"applicationmanageresources-display-component---newResourceUnit--PLANNING_INDICATOR-arrow"}]}
RESULT: {"script":"<script> [1562 bytes]","args":[{"selector":{"id":"application-manageresources-display-component---newResourceUnit--PLANNING_INDICATOR-arrow"},"wdio_ui5_key":"applicationmanageresources-display-component---newResourceUnit--PLANNING_INDICATOR-arrow"}]}
RESULT: undefined
COMMAND: POST /session/cc787b9332752cdee0bcd1748733cdef/element - {"using":"xpath","value":"//*[@id=\"application-manageresources-display-component---newResourceUnit--PLANNING_INDICATOR-arrow\"]"}
RESULT: {"using":"xpath","value":"//*[@id=\"application-manageresources-display-component---newResourceUnit--PLANNING_INDICATOR-arrow\"]"}
COMMAND: POST /session/cc787b9332752cdee0bcd1748733cdef/element/f.40E06083F0E682023BA0E7AA24D478F4.d.AF1EF6F9A7811B2A15C22A87A3D6E295.e.12656/click - {}
RESULT: {}
COMMAND: POST /session/cc787b9332752cdee0bcd1748733cdef/execute/async - {"script":"<script> [1562 bytes]","args":[{"selector":{"controlType":"sap.m.StandardListItem","viewName":"reusables.view.manageresources.NewResourceUnit","viewId":"application-manageresources-display-component---newResourceUnit","properties":{"title":"10 - infinite"},"searchOpenDialogs":true,"interaction":{"idSuffix":"content"}},"wdio_ui5_key":"reusablesview.manageresources.NewResourceUnitsap.m.StandardListItem{\"title\":\"10 - infinite\"}"}]}
COMMAND: GET /session/cc787b9332752cdee0bcd1748733cdef/screenshot - {}
RESULT: {"script":"<script> [1562 bytes]","args":[{"selector":{"controlType":"sap.m.StandardListItem","viewName":"reusables.view.manageresources.NewResourceUnit","viewId":"application-manageresources-display-component---newResourceUnit","properties":{"title":"10 - infinite"},"searchOpenDialogs":true,"interaction":{"idSuffix":"content"}},"wdio_ui5_key":"reusablesview.manageresources.NewResourceUnitsap.m.StandardListItem{\"title\":\"10 - infinite\"}"}]}
RESULT: undefined
COMMAND: POST /session/cc787b9332752cdee0bcd1748733cdef/element - {"using":"xpath","value":"//*[@id=\"__item1016\"]"}
RESULT: {}
RESULT: {"using":"xpath","value":"//*[@id=\"__item1016\"]"}
COMMAND: POST /session/cc787b9332752cdee0bcd1748733cdef/element/f.40E06083F0E682023BA0E7AA24D478F4.d.AF1EF6F9A7811B2A15C22A87A3D6E295.e.12658/click - {}
RESULT: {}
COMMAND: GET /session/cc787b9332752cdee0bcd1748733cdef/screenshot - {}
RESULT: {}
COMMAND: POST /session/cc787b9332752cdee0bcd1748733cdef/element - {"using":"xpath","value":"//bdi[contains(text(), \"Time Segment\")]"}
RESULT: {"using":"xpath","value":"//bdi[contains(text(), \"Time Segment\")]"}
COMMAND: GET /session/cc787b9332752cdee0bcd1748733cdef/element/f.40E06083F0E682023BA0E7AA24D478F4.d.AF1EF6F9A7811B2A15C22A87A3D6E295.e.12659/rect - {}
RESULT: {}
COMMAND: GET /session/cc787b9332752cdee0bcd1748733cdef/window/rect - {}
RESULT: {}
COMMAND: POST /session/cc787b9332752cdee0bcd1748733cdef/execute/sync - {"script":"<script> [92 bytes]","args":[]}
RESULT: {"script":"<script> [92 bytes]","args":[]}
COMMAND: POST /session/cc787b9332752cdee0bcd1748733cdef/actions - {"actions":[{"id":"action68","type":"wheel","parameters":{},"actions":[{"type":"scroll","x":-1820,"y":-21,"deltaX":0,"deltaY":0,"duration":0,"origin":{"element-6066-11e4-a52e-4f735466cecf":"f.40E06083F0E682023BA0E7AA24D478F4.d.AF1EF6F9A7811B2A15C22A87A3D6E295.e.12659"}}]}]}
COMMAND: GET /session/cc787b9332752cdee0bcd1748733cdef/screenshot - {}
RESULT: {}
COMMAND: POST /session/cc787b9332752cdee0bcd1748733cdef/execute/sync - {"script":"<script> [79 bytes]","args":[{"element-6066-11e4-a52e-4f735466cecf":"f.40E06083F0E682023BA0E7AA24D478F4.d.AF1EF6F9A7811B2A15C22A87A3D6E295.e.12659","ELEMENT":"f.40E06083F0E682023BA0E7AA24D478F4.d.AF1EF6F9A7811B2A15C22A87A3D6E295.e.12659"},{"block":"start","inline":"nearest"}]}
RESULT: {"script":"<script> [79 bytes]","args":[{"element-6066-11e4-a52e-4f735466cecf":"f.40E06083F0E682023BA0E7AA24D478F4.d.AF1EF6F9A7811B2A15C22A87A3D6E295.e.12659","ELEMENT":"f.40E06083F0E682023BA0E7AA24D478F4.d.AF1EF6F9A7811B2A15C22A87A3D6E295.e.12659"},{"block":"start","inline":"nearest"}]}
COMMAND: GET /session/cc787b9332752cdee0bcd1748733cdef/screenshot - {}
RESULT: {}
COMMAND: POST /session/cc787b9332752cdee0bcd1748733cdef/element - {"using":"xpath","value":"//span[@id=\"application-manageresources-display-component---newResourceUnit--btnAddTimeSegment-img\"]"}
RESULT: {"using":"xpath","value":"//span[@id=\"application-manageresources-display-component---newResourceUnit--btnAddTimeSegment-img\"]"}
COMMAND: POST /session/cc787b9332752cdee0bcd1748733cdef/execute/sync - {"script":"<script> [8489 bytes]","args":[{"element-6066-11e4-a52e-4f735466cecf":"f.40E06083F0E682023BA0E7AA24D478F4.d.AF1EF6F9A7811B2A15C22A87A3D6E295.e.12662","ELEMENT":"f.40E06083F0E682023BA0E7AA24D478F4.d.AF1EF6F9A7811B2A15C22A87A3D6E295.e.12662"}]}
RESULT: {"script":"<script> [8489 bytes]","args":[{"element-6066-11e4-a52e-4f735466cecf":"f.40E06083F0E682023BA0E7AA24D478F4.d.AF1EF6F9A7811B2A15C22A87A3D6E295.e.12662","ELEMENT":"f.40E06083F0E682023BA0E7AA24D478F4.d.AF1EF6F9A7811B2A15C22A87A3D6E295.e.12662"}]}
COMMAND: POST /session/cc787b9332752cdee0bcd1748733cdef/element/f.40E06083F0E682023BA0E7AA24D478F4.d.AF1EF6F9A7811B2A15C22A87A3D6E295.e.12662/click - {}
COMMAND: GET /session/cc787b9332752cdee0bcd1748733cdef/screenshot - {}
RESULT: {}
COMMAND: GET /session/cc787b9332752cdee0bcd1748733cdef/screenshot - {}
COMMAND: POST /session/cc787b9332752cdee0bcd1748733cdef/element - {"using":"xpath","value":"//input[@id=\"application-manageresources-display-component---newResourceUnit--idRuTSAdmin-application-manageresources-display-component---newResourceUnit--RUTimeSegment-0-inner\"]"}
RESULT: {}
RESULT: {}
RESULT: {"using":"xpath","value":"//input[@id=\"application-manageresources-display-component---newResourceUnit--idRuTSAdmin-application-manageresources-display-component---newResourceUnit--RUTimeSegment-0-inner\"]"}
COMMAND: POST /session/cc787b9332752cdee0bcd1748733cdef/element/f.40E06083F0E682023BA0E7AA24D478F4.d.AF1EF6F9A7811B2A15C22A87A3D6E295.e.12665/clear - {}
RESULT: {}
COMMAND: POST /session/cc787b9332752cdee0bcd1748733cdef/element/f.40E06083F0E682023BA0E7AA24D478F4.d.AF1EF6F9A7811B2A15C22A87A3D6E295.e.12665/value - {"text":"WebdriverYardvzywf"}
COMMAND: GET /session/cc787b9332752cdee0bcd1748733cdef/screenshot - {}
RESULT: {"text":"WebdriverYardvzywf"}
COMMAND: GET /session/cc787b9332752cdee0bcd1748733cdef/screenshot - {}
RESULT: {}
RESULT: {}
COMMAND: POST /session/cc787b9332752cdee0bcd1748733cdef/actions - {"actions":[{"id":"action69","type":"key","parameters":{},"actions":[{"type":"keyDown","value":""},{"type":"pause","duration":10},{"type":"keyUp","value":""}]}]}
RESULT: {"actions":[{"id":"action69","type":"key","parameters":{},"actions":[{"type":"keyDown","value":""},{"type":"pause","duration":10},{"type":"keyUp","value":""}]}]}
COMMAND: GET /session/cc787b9332752cdee0bcd1748733cdef/screenshot - {}
RESULT: {}
COMMAND: POST /session/cc787b9332752cdee0bcd1748733cdef/execute/async - {"script":"<script> [1562 bytes]","args":[{"selector":{"controlType":"sap.m.Button","viewName":"reusables.view.manageresources.NewResourceUnit","viewId":"application-manageresources-display-component---newResourceUnit","i18NText":{"propertyName":"tooltip","key":"save"},"interaction":{"idSuffix":"BDI-content"}},"wdio_ui5_key":"reusablesview.manageresources.NewResourceUnitsap.m.Button{\"propertyName\":\"tooltip\",\"key\":\"save\"}"}]}
RESULT: {"script":"<script> [1562 bytes]","args":[{"selector":{"controlType":"sap.m.Button","viewName":"reusables.view.manageresources.NewResourceUnit","viewId":"application-manageresources-display-component---newResourceUnit","i18NText":{"propertyName":"tooltip","key":"save"},"interaction":{"idSuffix":"BDI-content"}},"wdio_ui5_key":"reusablesview.manageresources.NewResourceUnitsap.m.Button{\"propertyName\":\"tooltip\",\"key\":\"save\"}"}]}
RESULT: undefined
COMMAND: POST /session/cc787b9332752cdee0bcd1748733cdef/element - {"using":"xpath","value":"//*[@id=\"application-manageresources-display-component---newResourceUnit--createRuButton\"]"}
RESULT: {"using":"xpath","value":"//*[@id=\"application-manageresources-display-component---newResourceUnit--createRuButton\"]"}
COMMAND: POST /session/cc787b9332752cdee0bcd1748733cdef/element/f.40E06083F0E682023BA0E7AA24D478F4.d.AF1EF6F9A7811B2A15C22A87A3D6E295.e.12525/click - {}
RESULT: {}
COMMAND: GET /session/cc787b9332752cdee0bcd1748733cdef/screenshot - {}
RESULT: {}
COMMAND: POST /session/cc787b9332752cdee0bcd1748733cdef/execute/async - {"script":"<script> [1562 bytes]","args":[{"selector":{"controlType":"sap.m.Title","properties":{"text":"Success"},"searchOpenDialogs":true},"wdio_ui5_key":"sapm.Title{\"text\":\"Success\"}"}]}
RESULT: {"script":"<script> [1562 bytes]","args":[{"selector":{"controlType":"sap.m.Title","properties":{"text":"Success"},"searchOpenDialogs":true},"wdio_ui5_key":"sapm.Title{\"text\":\"Success\"}"}]}
RESULT: undefined
COMMAND: POST /session/cc787b9332752cdee0bcd1748733cdef/execute/async - {"script":"<script> [6424 bytes]","args":[{"element-6066-11e4-a52e-4f735466cecf":"f.40E06083F0E682023BA0E7AA24D478F4.d.AF1EF6F9A7811B2A15C22A87A3D6E295.e.12678"},"getText",[]]}
RESULT: {"script":"<script> [6424 bytes]","args":[{"element-6066-11e4-a52e-4f735466cecf":"f.40E06083F0E682023BA0E7AA24D478F4.d.AF1EF6F9A7811B2A15C22A87A3D6E295.e.12678"},"getText",[]]}
COMMAND: POST /session/cc787b9332752cdee0bcd1748733cdef/element - {"using":"xpath","value":"//*[contains(@id, '__text') and (contains(text(), 'successfully created') or contains(., 'successfully created'))]"}
RESULT: {"using":"xpath","value":"//*[contains(@id, '__text') and (contains(text(), 'successfully created') or contains(., 'successfully created'))]"}
COMMAND: GET /session/cc787b9332752cdee0bcd1748733cdef/element/f.40E06083F0E682023BA0E7AA24D478F4.d.AF1EF6F9A7811B2A15C22A87A3D6E295.e.12676/text - {}
RESULT: {}
COMMAND: POST /session/cc787b9332752cdee0bcd1748733cdef/execute/async - {"script":"<script> [1562 bytes]","args":[{"selector":{"controlType":"sap.m.Button","properties":{"text":"Close"},"searchOpenDialogs":true,"interaction":{"idSuffix":"BDI-content"}},"wdio_ui5_key":"sapm.Button{\"text\":\"Close\"}"}]}
RESULT: {"script":"<script> [1562 bytes]","args":[{"selector":{"controlType":"sap.m.Button","properties":{"text":"Close"},"searchOpenDialogs":true,"interaction":{"idSuffix":"BDI-content"}},"wdio_ui5_key":"sapm.Button{\"text\":\"Close\"}"}]}
RESULT: undefined
COMMAND: POST /session/cc787b9332752cdee0bcd1748733cdef/element - {"using":"xpath","value":"//*[@id=\"__mbox-btn-0\"]"}
RESULT: {"using":"xpath","value":"//*[@id=\"__mbox-btn-0\"]"}
COMMAND: POST /session/cc787b9332752cdee0bcd1748733cdef/element/f.40E06083F0E682023BA0E7AA24D478F4.d.AF1EF6F9A7811B2A15C22A87A3D6E295.e.12675/click - {}
RESULT: {}
COMMAND: GET /session/cc787b9332752cdee0bcd1748733cdef/screenshot - {}
RESULT: {}
COMMAND: POST /session/cc787b9332752cdee0bcd1748733cdef/execute/async - {"script":"<script> [1562 bytes]","args":[{"selector":{"controlType":"sap.ui.core.Icon","viewName":"etm.portal.ui.manageresources.view.Detail","viewId":"application-manageresources-display-component---detailRU","properties":{"src":{"regex":{"source":"overflow"}}}},"wdio_ui5_key":"etmportal.ui.manageresources.view.Detailsap.ui.core.Icon{\"src\":{\"regex\":{\"source\":\"overflow\"}}}"}]}
RESULT: {"script":"<script> [1562 bytes]","args":[{"selector":{"controlType":"sap.ui.core.Icon","viewName":"etm.portal.ui.manageresources.view.Detail","viewId":"application-manageresources-display-component---detailRU","properties":{"src":{"regex":{"source":"overflow"}}}},"wdio_ui5_key":"etmportal.ui.manageresources.view.Detailsap.ui.core.Icon{\"src\":{\"regex\":{\"source\":\"overflow\"}}}"}]}
RESULT: undefined
COMMAND: POST /session/cc787b9332752cdee0bcd1748733cdef/element - {"using":"xpath","value":"//*[@id=\"__title36-_actionsToolbar-overflowButton-img\"]"}
RESULT: {"using":"xpath","value":"//*[@id=\"__title36-_actionsToolbar-overflowButton-img\"]"}
COMMAND: POST /session/cc787b9332752cdee0bcd1748733cdef/element/f.40E06083F0E682023BA0E7AA24D478F4.d.AF1EF6F9A7811B2A15C22A87A3D6E295.e.12708/click - {}
RESULT: {}
COMMAND: POST /session/cc787b9332752cdee0bcd1748733cdef/execute/async - {"script":"<script> [1562 bytes]","args":[{"selector":{"controlType":"sap.m.Button","viewName":"etm.portal.ui.manageresources.view.Detail","viewId":"application-manageresources-display-component---detailRU","i18NText":{"propertyName":"tooltip","key":"closeColumn"},"searchOpenDialogs":true,"interaction":{"idSuffix":"inner"}},"wdio_ui5_key":"etmportal.ui.manageresources.view.Detailsap.m.Button{\"propertyName\":\"tooltip\",\"key\":\"closeColumn\"}"}]}
COMMAND: GET /session/cc787b9332752cdee0bcd1748733cdef/screenshot - {}
RESULT: {"script":"<script> [1562 bytes]","args":[{"selector":{"controlType":"sap.m.Button","viewName":"etm.portal.ui.manageresources.view.Detail","viewId":"application-manageresources-display-component---detailRU","i18NText":{"propertyName":"tooltip","key":"closeColumn"},"searchOpenDialogs":true,"interaction":{"idSuffix":"inner"}},"wdio_ui5_key":"etmportal.ui.manageresources.view.Detailsap.m.Button{\"propertyName\":\"tooltip\",\"key\":\"closeColumn\"}"}]}
RESULT: undefined
COMMAND: POST /session/cc787b9332752cdee0bcd1748733cdef/element - {"using":"xpath","value":"//*[@id=\"__button151\"]"}
RESULT: {}
RESULT: {"using":"xpath","value":"//*[@id=\"__button151\"]"}
COMMAND: POST /session/cc787b9332752cdee0bcd1748733cdef/element/f.40E06083F0E682023BA0E7AA24D478F4.d.AF1EF6F9A7811B2A15C22A87A3D6E295.e.12710/click - {}
RESULT: {}
COMMAND: GET /session/cc787b9332752cdee0bcd1748733cdef/screenshot - {}
RESULT: {}
COMMAND: POST /session/cc787b9332752cdee0bcd1748733cdef/refresh - {}
RESULT: {}
COMMAND: GET /session/cc787b9332752cdee0bcd1748733cdef/screenshot - {}
RESULT: {}
COMMAND: POST /session/cc787b9332752cdee0bcd1748733cdef/execute/async - {"script":"<script> [189 bytes]","args":[]}
RESULT: {"script":"<script> [189 bytes]","args":[]}
COMMAND: POST /session/cc787b9332752cdee0bcd1748733cdef/execute/async - {"script":"<script> [123 bytes]","args":[]}
RESULT: {"script":"<script> [123 bytes]","args":[]}
COMMAND: POST /session/cc787b9332752cdee0bcd1748733cdef/timeouts - {"script":"<number>"}
RESULT: {"script":"<number>"}
COMMAND: GET /session/cc787b9332752cdee0bcd1748733cdef/timeouts - {}
RESULT: {}
RESULT: undefined
COMMAND: POST /session/cc787b9332752cdee0bcd1748733cdef/execute/async - {"script":"<script> [2676 bytes]","args":[]}
RESULT: {"script":"<script> [2676 bytes]","args":[]}
COMMAND: POST /session/cc787b9332752cdee0bcd1748733cdef/execute/async - {"script":"<script> [2342 bytes]","args":[{"protocol":"http","hostname":"0.0.0.0","path":"/","capabilities":{"browserName":"chrome","goog:chromeOptions":{"binary":"C:\\Program Files\\Google\\Chrome\\Application\\chrome.exe","args":["--start-maximized"]}},"logLevel":"warn","connectionRetryTimeout":120000,"connectionRetryCount":3,"logLevels":{},"enableDirectConnect":true,"strictSSL":true,"_":"65 more keys: [\"cacheDir\",\"port\",\"requestedCapabilities\",\"automationProtocol\",\"baseUrl\",\"waitforInterval\",\"waitforTimeout\",\"onReload\",\"beforeCommand\",\"afterCommand\",\"rootDir\",\"specs\",\"suites\",\"exclude\",\"groupLogsByTestSpec\",\"excludeDriverLogs\",\"bail\",\"framework\",\"reporters\",\"services\",\"maxInstances\",\"maxInstancesPerCapability\",\"injectGlobals\",\"filesToWatch\",\"execArgv\",\"runnerEnv\",\"runner\",\"shard\",\"specFileRetries\",\"specFileRetriesDelay\",\"specFileRetriesDeferred\",\"reporterSyncInterval\",\"reporterSyncTimeout\",\"cucumberFeaturesWithLineNumbers\",\"autoCompileOpts\",\"mochaOpts\",\"jasmineOpts\",\"cucumberOpts\",\"onPrepare\",\"onWorkerStart\",\"onWorkerEnd\",\"before\",\"beforeSession\",\"beforeSuite\",\"beforeHook\",\"beforeTest\",\"afterTest\",\"afterHook\",\"afterSuite\",\"afterSession\",\"after\",\"onComplete\",\"beforeAssertion\",\"afterAssertion\",\"beforeFeature\",\"beforeScenario\",\"beforeStep\",\"afterStep\",\"afterScenario\",\"afterFeature\",\"_\",\"suite\",\"$0\",\"ignoredWorkerServices\",\"wdi5\"]"}]}
RESULT: {"script":"<script> [2342 bytes]","args":[{"protocol":"http","hostname":"0.0.0.0","path":"/","capabilities":{"browserName":"chrome","goog:chromeOptions":{"binary":"C:\\Program Files\\Google\\Chrome\\Application\\chrome.exe","args":["--start-maximized"]}},"logLevel":"warn","connectionRetryTimeout":120000,"connectionRetryCount":3,"logLevels":{},"enableDirectConnect":true,"strictSSL":true,"_":"65 more keys: [\"cacheDir\",\"port\",\"requestedCapabilities\",\"automationProtocol\",\"baseUrl\",\"waitforInterval\",\"waitforTimeout\",\"onReload\",\"beforeCommand\",\"afterCommand\",\"rootDir\",\"specs\",\"suites\",\"exclude\",\"groupLogsByTestSpec\",\"excludeDriverLogs\",\"bail\",\"framework\",\"reporters\",\"services\",\"maxInstances\",\"maxInstancesPerCapability\",\"injectGlobals\",\"filesToWatch\",\"execArgv\",\"runnerEnv\",\"runner\",\"shard\",\"specFileRetries\",\"specFileRetriesDelay\",\"specFileRetriesDeferred\",\"reporterSyncInterval\",\"reporterSyncTimeout\",\"cucumberFeaturesWithLineNumbers\",\"autoCompileOpts\",\"mochaOpts\",\"jasmineOpts\",\"cucumberOpts\",\"onPrepare\",\"onWorkerStart\",\"onWorkerEnd\",\"before\",\"beforeSession\",\"beforeSuite\",\"beforeHook\",\"beforeTest\",\"afterTest\",\"afterHook\",\"afterSuite\",\"afterSession\",\"after\",\"onComplete\",\"beforeAssertion\",\"afterAssertion\",\"beforeFeature\",\"beforeScenario\",\"beforeStep\",\"afterStep\",\"afterScenario\",\"afterFeature\",\"_\",\"suite\",\"$0\",\"ignoredWorkerServices\",\"wdi5\"]"}]}
COMMAND: POST /session/cc787b9332752cdee0bcd1748733cdef/execute/async - {"script":"<script> [21126 bytes]","args":[35000]}
RESULT: {"script":"<script> [21126 bytes]","args":[35000]}
COMMAND: POST /session/cc787b9332752cdee0bcd1748733cdef/element - {"using":"css selector","value":"#shell-header-logo"}
RESULT: {"using":"css selector","value":"#shell-header-logo"}
COMMAND: POST /session/cc787b9332752cdee0bcd1748733cdef/element/f.40E06083F0E682023BA0E7AA24D478F4.d.BA742EF3FD8C3C646C1DA6580BB722BD.e.12766/click - {}
RESULT: {}
COMMAND: GET /session/cc787b9332752cdee0bcd1748733cdef/screenshot - {}
RESULT: {}
COMMAND: POST /session/cc787b9332752cdee0bcd1748733cdef/execute/async - {"script":"<script> [1562 bytes]","args":[{"selector":{"controlType":"sap.m.GenericTile","properties":{"header":"Manage Handovers"}},"wdio_ui5_key":"sapm.GenericTile{\"header\":\"Manage Handovers\"}"}]}
RESULT: {"script":"<script> [1562 bytes]","args":[{"selector":{"controlType":"sap.m.GenericTile","properties":{"header":"Manage Handovers"}},"wdio_ui5_key":"sapm.GenericTile{\"header\":\"Manage Handovers\"}"}]}
RESULT: undefined
COMMAND: POST /session/cc787b9332752cdee0bcd1748733cdef/element - {"using":"xpath","value":"//*[@id=\"__tile134\"]"}
RESULT: {"using":"xpath","value":"//*[@id=\"__tile134\"]"}
COMMAND: POST /session/cc787b9332752cdee0bcd1748733cdef/element/f.40E06083F0E682023BA0E7AA24D478F4.d.BA742EF3FD8C3C646C1DA6580BB722BD.e.12952/click - {}
RESULT: {}
COMMAND: GET /session/cc787b9332752cdee0bcd1748733cdef/screenshot - {}
RESULT: {}
COMMAND: POST /session/cc787b9332752cdee0bcd1748733cdef/elements - {"using":"xpath","value":"//span[text()='Error']"}
RESULT: {"using":"xpath","value":"//span[text()='Error']"}
COMMAND: POST /session/cc787b9332752cdee0bcd1748733cdef/element - {"using":"xpath","value":"//button[@data-kt=\"masterHOAddButton\"]"}
RESULT: {"using":"xpath","value":"//button[@data-kt=\"masterHOAddButton\"]"}
COMMAND: POST /session/cc787b9332752cdee0bcd1748733cdef/execute/sync - {"script":"<script> [8489 bytes]","args":[{"element-6066-11e4-a52e-4f735466cecf":"f.40E06083F0E682023BA0E7AA24D478F4.d.BA742EF3FD8C3C646C1DA6580BB722BD.e.12996","ELEMENT":"f.40E06083F0E682023BA0E7AA24D478F4.d.BA742EF3FD8C3C646C1DA6580BB722BD.e.12996"}]}
RESULT: {"script":"<script> [8489 bytes]","args":[{"element-6066-11e4-a52e-4f735466cecf":"f.40E06083F0E682023BA0E7AA24D478F4.d.BA742EF3FD8C3C646C1DA6580BB722BD.e.12996","ELEMENT":"f.40E06083F0E682023BA0E7AA24D478F4.d.BA742EF3FD8C3C646C1DA6580BB722BD.e.12996"}]}
COMMAND: POST /session/cc787b9332752cdee0bcd1748733cdef/element/f.40E06083F0E682023BA0E7AA24D478F4.d.BA742EF3FD8C3C646C1DA6580BB722BD.e.12996/click - {}
COMMAND: GET /session/cc787b9332752cdee0bcd1748733cdef/screenshot - {}
RESULT: {}
COMMAND: GET /session/cc787b9332752cdee0bcd1748733cdef/screenshot - {}
RESULT: {}
RESULT: {}
COMMAND: POST /session/cc787b9332752cdee0bcd1748733cdef/element - {"using":"xpath","value":"//span[contains(@id ,\"AddNewHO--typeSelect-arrow\")]"}
RESULT: {"using":"xpath","value":"//span[contains(@id ,\"AddNewHO--typeSelect-arrow\")]"}
COMMAND: POST /session/cc787b9332752cdee0bcd1748733cdef/element/f.40E06083F0E682023BA0E7AA24D478F4.d.BA742EF3FD8C3C646C1DA6580BB722BD.e.13296/click - {}
RESULT: {}
COMMAND: GET /session/cc787b9332752cdee0bcd1748733cdef/screenshot - {}
RESULT: {}
COMMAND: POST /session/cc787b9332752cdee0bcd1748733cdef/element - {"using":"xpath","value":"(//li[contains(text(), \"stock increase yard\")])[1]"}
RESULT: {"using":"xpath","value":"(//li[contains(text(), \"stock increase yard\")])[1]"}
COMMAND: POST /session/cc787b9332752cdee0bcd1748733cdef/element/f.40E06083F0E682023BA0E7AA24D478F4.d.BA742EF3FD8C3C646C1DA6580BB722BD.e.13297/click - {}
RESULT: {}
COMMAND: GET /session/cc787b9332752cdee0bcd1748733cdef/screenshot - {}
RESULT: {}
COMMAND: POST /session/cc787b9332752cdee0bcd1748733cdef/execute/async - {"script":"<script> [1562 bytes]","args":[{"selector":{"id":"application-managehandovers-display-component---AddNewHO--dueDate","interaction":{"idSuffix":"inner"}},"wdio_ui5_key":"applicationmanagehandovers-display-component---AddNewHO--dueDate"}]}
RESULT: {"script":"<script> [1562 bytes]","args":[{"selector":{"id":"application-managehandovers-display-component---AddNewHO--dueDate","interaction":{"idSuffix":"inner"}},"wdio_ui5_key":"applicationmanagehandovers-display-component---AddNewHO--dueDate"}]}
RESULT: undefined
COMMAND: POST /session/cc787b9332752cdee0bcd1748733cdef/execute/async - {"script":"<script> [6424 bytes]","args":[{"element-6066-11e4-a52e-4f735466cecf":"f.40E06083F0E682023BA0E7AA24D478F4.d.BA742EF3FD8C3C646C1DA6580BB722BD.e.13300"},"setValue",["6/14/25"]]}
RESULT: {"script":"<script> [6424 bytes]","args":[{"element-6066-11e4-a52e-4f735466cecf":"f.40E06083F0E682023BA0E7AA24D478F4.d.BA742EF3FD8C3C646C1DA6580BB722BD.e.13300"},"setValue",["6/14/25"]]}
COMMAND: POST /session/cc787b9332752cdee0bcd1748733cdef/element - {"using":"xpath","value":"//input[@id=\"generalSectionFrg--receiveYard-inner\"]"}
RESULT: {"using":"xpath","value":"//input[@id=\"generalSectionFrg--receiveYard-inner\"]"}
COMMAND: POST /session/cc787b9332752cdee0bcd1748733cdef/element/f.40E06083F0E682023BA0E7AA24D478F4.d.BA742EF3FD8C3C646C1DA6580BB722BD.e.13306/clear - {}
RESULT: {}
COMMAND: POST /session/cc787b9332752cdee0bcd1748733cdef/element/f.40E06083F0E682023BA0E7AA24D478F4.d.BA742EF3FD8C3C646C1DA6580BB722BD.e.13306/value - {"text":"WebdriverYardvzywf"}
COMMAND: GET /session/cc787b9332752cdee0bcd1748733cdef/screenshot - {}
RESULT: {}
RESULT: {"text":"WebdriverYardvzywf"}
COMMAND: GET /session/cc787b9332752cdee0bcd1748733cdef/screenshot - {}
RESULT: {}
COMMAND: POST /session/cc787b9332752cdee0bcd1748733cdef/execute/async - {"script":"<script> [1562 bytes]","args":[{"selector":{"id":"application-managehandovers-display-component---AddNewHO--ObjectPageLayout-anchBar-application-managehandovers-display-component---AddNewHO--section4-anchor","interaction":{"idSuffix":"BDI-content"}},"wdio_ui5_key":"applicationmanagehandovers-display-component---AddNewHO--ObjectPageLayout-anchBar-application-managehandovers-display-component---AddNewHO--section4-anchor"}]}
RESULT: {"script":"<script> [1562 bytes]","args":[{"selector":{"id":"application-managehandovers-display-component---AddNewHO--ObjectPageLayout-anchBar-application-managehandovers-display-component---AddNewHO--section4-anchor","interaction":{"idSuffix":"BDI-content"}},"wdio_ui5_key":"applicationmanagehandovers-display-component---AddNewHO--ObjectPageLayout-anchBar-application-managehandovers-display-component---AddNewHO--section4-anchor"}]}
RESULT: undefined
COMMAND: POST /session/cc787b9332752cdee0bcd1748733cdef/element - {"using":"xpath","value":"//*[@id=\"application-managehandovers-display-component---AddNewHO--ObjectPageLayout-anchBar-application-managehandovers-display-component---AddNewHO--section4-anchor\"]"}
RESULT: {"using":"xpath","value":"//*[@id=\"application-managehandovers-display-component---AddNewHO--ObjectPageLayout-anchBar-application-managehandovers-display-component---AddNewHO--section4-anchor\"]"}
COMMAND: POST /session/cc787b9332752cdee0bcd1748733cdef/element/f.40E06083F0E682023BA0E7AA24D478F4.d.BA742EF3FD8C3C646C1DA6580BB722BD.e.13326/click - {}
RESULT: {}
COMMAND: GET /session/cc787b9332752cdee0bcd1748733cdef/screenshot - {}
RESULT: {}
COMMAND: POST /session/cc787b9332752cdee0bcd1748733cdef/element - {"using":"xpath","value":"//button[@aria-label=\"Add\"]"}
RESULT: {"using":"xpath","value":"//button[@aria-label=\"Add\"]"}
COMMAND: POST /session/cc787b9332752cdee0bcd1748733cdef/element/f.40E06083F0E682023BA0E7AA24D478F4.d.BA742EF3FD8C3C646C1DA6580BB722BD.e.13330/click - {}
RESULT: {}
COMMAND: GET /session/cc787b9332752cdee0bcd1748733cdef/screenshot - {}
RESULT: {}
COMMAND: POST /session/cc787b9332752cdee0bcd1748733cdef/execute/async - {"script":"<script> [1562 bytes]","args":[{"selector":{"id":"application-managehandovers-display-component---AddNewHO--smartFilterBar-btnBasicSearch","searchOpenDialogs":true,"interaction":{"idSuffix":"I"}},"wdio_ui5_key":"applicationmanagehandovers-display-component---AddNewHO--smartFilterBar-btnBasicSearch"}]}
RESULT: {"script":"<script> [1562 bytes]","args":[{"selector":{"id":"application-managehandovers-display-component---AddNewHO--smartFilterBar-btnBasicSearch","searchOpenDialogs":true,"interaction":{"idSuffix":"I"}},"wdio_ui5_key":"applicationmanagehandovers-display-component---AddNewHO--smartFilterBar-btnBasicSearch"}]}
RESULT: undefined
COMMAND: POST /session/cc787b9332752cdee0bcd1748733cdef/execute/async - {"script":"<script> [776 bytes]","args":[{"enterText":"WebdriverMatTestbf0rvl","selector":{"id":"application-managehandovers-display-component---AddNewHO--smartFilterBar-btnBasicSearch","searchOpenDialogs":true,"interaction":{"idSuffix":"I"}},"clearTextFirst":true,"interactionType":"ENTER_TEXT"}]}
RESULT: {"script":"<script> [776 bytes]","args":[{"enterText":"WebdriverMatTestbf0rvl","selector":{"id":"application-managehandovers-display-component---AddNewHO--smartFilterBar-btnBasicSearch","searchOpenDialogs":true,"interaction":{"idSuffix":"I"}},"clearTextFirst":true,"interactionType":"ENTER_TEXT"}]}
COMMAND: POST /session/cc787b9332752cdee0bcd1748733cdef/actions - {"actions":[{"id":"action70","type":"key","parameters":{},"actions":[{"type":"keyDown","value":""},{"type":"pause","duration":10},{"type":"keyUp","value":""}]}]}
RESULT: {"actions":[{"id":"action70","type":"key","parameters":{},"actions":[{"type":"keyDown","value":""},{"type":"pause","duration":10},{"type":"keyUp","value":""}]}]}
COMMAND: POST /session/cc787b9332752cdee0bcd1748733cdef/execute/async - {"script":"<script> [1562 bytes]","args":[{"selector":{"id":"application-managehandovers-display-component---AddNewHO--popup-sa","searchOpenDialogs":true,"interaction":{"idSuffix":"CbBg"}},"wdio_ui5_key":"applicationmanagehandovers-display-component---AddNewHO--popup-sa"}]}
COMMAND: GET /session/cc787b9332752cdee0bcd1748733cdef/screenshot - {}
RESULT: {"script":"<script> [1562 bytes]","args":[{"selector":{"id":"application-managehandovers-display-component---AddNewHO--popup-sa","searchOpenDialogs":true,"interaction":{"idSuffix":"CbBg"}},"wdio_ui5_key":"applicationmanagehandovers-display-component---AddNewHO--popup-sa"}]}
RESULT: undefined
COMMAND: POST /session/cc787b9332752cdee0bcd1748733cdef/element - {"using":"xpath","value":"//*[@id=\"application-managehandovers-display-component---AddNewHO--popup-sa\"]"}
RESULT: {}
RESULT: {"using":"xpath","value":"//*[@id=\"application-managehandovers-display-component---AddNewHO--popup-sa\"]"}
COMMAND: POST /session/cc787b9332752cdee0bcd1748733cdef/element/f.40E06083F0E682023BA0E7AA24D478F4.d.BA742EF3FD8C3C646C1DA6580BB722BD.e.13415/click - {}
RESULT: {}
COMMAND: GET /session/cc787b9332752cdee0bcd1748733cdef/screenshot - {}
RESULT: {}
COMMAND: POST /session/cc787b9332752cdee0bcd1748733cdef/element - {"using":"xpath","value":"//bdi[contains(text(), \"Select\")]"}
RESULT: {"using":"xpath","value":"//bdi[contains(text(), \"Select\")]"}
COMMAND: POST /session/cc787b9332752cdee0bcd1748733cdef/element/f.40E06083F0E682023BA0E7AA24D478F4.d.BA742EF3FD8C3C646C1DA6580BB722BD.e.13416/click - {}
RESULT: {}
COMMAND: GET /session/cc787b9332752cdee0bcd1748733cdef/screenshot - {}
RESULT: {}
COMMAND: POST /session/cc787b9332752cdee0bcd1748733cdef/execute/async - {"script":"<script> [1562 bytes]","args":[{"selector":{"controlType":"sap.m.Input","viewName":"etm.portal.ui.managehandovers.view.AddNewHO","viewId":"application-managehandovers-display-component---AddNewHO","bindingPath":{"path":"/items/0","propertyPath":"TYPE","modelName":"hoItemsModel"},"interaction":{"idSuffix":"inner"}},"wdio_ui5_key":"etmportal.ui.managehandovers.view.AddNewHOsap.m.Input{\"path\":\"/items/0\",\"propertyPath\":\"TYPE\",\"modelName\":\"hoItemsModel\"}"}]}
RESULT: {"script":"<script> [1562 bytes]","args":[{"selector":{"controlType":"sap.m.Input","viewName":"etm.portal.ui.managehandovers.view.AddNewHO","viewId":"application-managehandovers-display-component---AddNewHO","bindingPath":{"path":"/items/0","propertyPath":"TYPE","modelName":"hoItemsModel"},"interaction":{"idSuffix":"inner"}},"wdio_ui5_key":"etmportal.ui.managehandovers.view.AddNewHOsap.m.Input{\"path\":\"/items/0\",\"propertyPath\":\"TYPE\",\"modelName\":\"hoItemsModel\"}"}]}
RESULT: undefined
COMMAND: POST /session/cc787b9332752cdee0bcd1748733cdef/execute/async - {"script":"<script> [776 bytes]","args":[{"enterText":"100","selector":{"controlType":"sap.m.Input","viewName":"etm.portal.ui.managehandovers.view.AddNewHO","viewId":"application-managehandovers-display-component---AddNewHO","bindingPath":{"path":"/items/0","propertyPath":"TYPE","modelName":"hoItemsModel"},"interaction":{"idSuffix":"inner"}},"clearTextFirst":true,"interactionType":"ENTER_TEXT"}]}
RESULT: {"script":"<script> [776 bytes]","args":[{"enterText":"100","selector":{"controlType":"sap.m.Input","viewName":"etm.portal.ui.managehandovers.view.AddNewHO","viewId":"application-managehandovers-display-component---AddNewHO","bindingPath":{"path":"/items/0","propertyPath":"TYPE","modelName":"hoItemsModel"},"interaction":{"idSuffix":"inner"}},"clearTextFirst":true,"interactionType":"ENTER_TEXT"}]}
COMMAND: POST /session/cc787b9332752cdee0bcd1748733cdef/element - {"using":"xpath","value":"//button[@data-kt=\"AddNewHOSaveButton\"]"}
RESULT: {"using":"xpath","value":"//button[@data-kt=\"AddNewHOSaveButton\"]"}
COMMAND: POST /session/cc787b9332752cdee0bcd1748733cdef/element/f.40E06083F0E682023BA0E7AA24D478F4.d.BA742EF3FD8C3C646C1DA6580BB722BD.e.13421/click - {}
RESULT: {}
COMMAND: GET /session/cc787b9332752cdee0bcd1748733cdef/screenshot - {}
RESULT: {}
COMMAND: POST /session/cc787b9332752cdee0bcd1748733cdef/execute/async - {"script":"<script> [1562 bytes]","args":[{"selector":{"id":"receiptDatePicker","viewName":"etm.portal.ui.managehandovers.view.DetailExecuteHO","interaction":{"idSuffix":"inner"}},"wdio_ui5_key":"receiptDatePickeretmportal.ui.managehandovers.view.DetailExecuteHO"}]}
RESULT: {"script":"<script> [1562 bytes]","args":[{"selector":{"id":"receiptDatePicker","viewName":"etm.portal.ui.managehandovers.view.DetailExecuteHO","interaction":{"idSuffix":"inner"}},"wdio_ui5_key":"receiptDatePickeretmportal.ui.managehandovers.view.DetailExecuteHO"}]}
RESULT: undefined
COMMAND: POST /session/cc787b9332752cdee0bcd1748733cdef/execute/async - {"script":"<script> [6424 bytes]","args":[{"element-6066-11e4-a52e-4f735466cecf":"f.40E06083F0E682023BA0E7AA24D478F4.d.BA742EF3FD8C3C646C1DA6580BB722BD.e.13451"},"setValue",["6/14/25"]]}
RESULT: {"script":"<script> [6424 bytes]","args":[{"element-6066-11e4-a52e-4f735466cecf":"f.40E06083F0E682023BA0E7AA24D478F4.d.BA742EF3FD8C3C646C1DA6580BB722BD.e.13451"},"setValue",["6/14/25"]]}
COMMAND: POST /session/cc787b9332752cdee0bcd1748733cdef/actions - {"actions":[{"id":"action71","type":"key","parameters":{},"actions":[{"type":"keyDown","value":""},{"type":"pause","duration":10},{"type":"keyUp","value":""}]}]}
RESULT: {"actions":[{"id":"action71","type":"key","parameters":{},"actions":[{"type":"keyDown","value":""},{"type":"pause","duration":10},{"type":"keyUp","value":""}]}]}
COMMAND: POST /session/cc787b9332752cdee0bcd1748733cdef/actions - {"actions":[{"id":"action72","type":"key","parameters":{},"actions":[{"type":"keyDown","value":""},{"type":"pause","duration":10},{"type":"keyUp","value":""}]}]}
COMMAND: GET /session/cc787b9332752cdee0bcd1748733cdef/screenshot - {}
RESULT: {"actions":[{"id":"action72","type":"key","parameters":{},"actions":[{"type":"keyDown","value":""},{"type":"pause","duration":10},{"type":"keyUp","value":""}]}]}
COMMAND: POST /session/cc787b9332752cdee0bcd1748733cdef/element - {"using":"xpath","value":"//button[@data-kt=\"ReceivingTableConfirmAllButton\"]"}
COMMAND: GET /session/cc787b9332752cdee0bcd1748733cdef/screenshot - {}
RESULT: {}
RESULT: {"using":"xpath","value":"//button[@data-kt=\"ReceivingTableConfirmAllButton\"]"}
COMMAND: POST /session/cc787b9332752cdee0bcd1748733cdef/element/f.40E06083F0E682023BA0E7AA24D478F4.d.BA742EF3FD8C3C646C1DA6580BB722BD.e.13465/click - {}
RESULT: {}
RESULT: {}
COMMAND: GET /session/cc787b9332752cdee0bcd1748733cdef/screenshot - {}
RESULT: {}
COMMAND: POST /session/cc787b9332752cdee0bcd1748733cdef/element - {"using":"xpath","value":"//bdi[contains(text(), \"OK\")]"}
RESULT: {"using":"xpath","value":"//bdi[contains(text(), \"OK\")]"}
COMMAND: POST /session/cc787b9332752cdee0bcd1748733cdef/element/f.40E06083F0E682023BA0E7AA24D478F4.d.BA742EF3FD8C3C646C1DA6580BB722BD.e.13467/click - {}
RESULT: {}
COMMAND: GET /session/cc787b9332752cdee0bcd1748733cdef/screenshot - {}
RESULT: {}
COMMAND: POST /session/cc787b9332752cdee0bcd1748733cdef/element - {"using":"xpath","value":"(//bdi[contains(text(), \"Receive\")])[2]"}
RESULT: {"using":"xpath","value":"(//bdi[contains(text(), \"Receive\")])[2]"}
COMMAND: POST /session/cc787b9332752cdee0bcd1748733cdef/element/f.40E06083F0E682023BA0E7AA24D478F4.d.BA742EF3FD8C3C646C1DA6580BB722BD.e.13469/click - {}
RESULT: {}
COMMAND: GET /session/cc787b9332752cdee0bcd1748733cdef/screenshot - {}
RESULT: {}
COMMAND: POST /session/cc787b9332752cdee0bcd1748733cdef/element - {"using":"css selector","value":"#shell-header-logo"}
RESULT: {"using":"css selector","value":"#shell-header-logo"}
COMMAND: POST /session/cc787b9332752cdee0bcd1748733cdef/element/f.40E06083F0E682023BA0E7AA24D478F4.d.BA742EF3FD8C3C646C1DA6580BB722BD.e.12956/click - {}
RESULT: {}
]]></system-out>
    </testcase>
    <testcase classname="chrome.137_0_7151_69.windows.E2E_-_Logistical_and_commercial_statuses" name="Should add a pricing rule and a condition to the RU" time="103.066">
      <system-out><![CDATA[
COMMAND: GET /session/cc787b9332752cdee0bcd1748733cdef/screenshot - {}
COMMAND: POST /session/cc787b9332752cdee0bcd1748733cdef/execute/async - {"script":"<script> [1562 bytes]","args":[{"selector":{"controlType":"sap.m.GenericTile","properties":{"header":"Manage Pricing Rules"}},"wdio_ui5_key":"sapm.GenericTile{\"header\":\"Manage Pricing Rules\"}"}]}
RESULT: {"script":"<script> [1562 bytes]","args":[{"selector":{"controlType":"sap.m.GenericTile","properties":{"header":"Manage Pricing Rules"}},"wdio_ui5_key":"sapm.GenericTile{\"header\":\"Manage Pricing Rules\"}"}]}
RESULT: undefined
COMMAND: POST /session/cc787b9332752cdee0bcd1748733cdef/element - {"using":"xpath","value":"//*[@id=\"__tile57\"]"}
RESULT: {}
RESULT: {"using":"xpath","value":"//*[@id=\"__tile57\"]"}
COMMAND: POST /session/cc787b9332752cdee0bcd1748733cdef/element/f.40E06083F0E682023BA0E7AA24D478F4.d.BA742EF3FD8C3C646C1DA6580BB722BD.e.13615/click - {}
RESULT: {}
COMMAND: GET /session/cc787b9332752cdee0bcd1748733cdef/screenshot - {}
RESULT: {}
COMMAND: POST /session/cc787b9332752cdee0bcd1748733cdef/elements - {"using":"xpath","value":"//span[text()='Error']"}
RESULT: {"using":"xpath","value":"//span[text()='Error']"}
COMMAND: POST /session/cc787b9332752cdee0bcd1748733cdef/execute/async - {"script":"<script> [1562 bytes]","args":[{"selector":{"controlType":"sap.ui.core.Icon","viewName":"etm.portal.ui.managepricingrules.view.MasterHeader","viewId":"application-managepricingrules-display-component---priceInfoHeader","properties":{"src":{"regex":{"source":"activity\\-items"}}}},"wdio_ui5_key":"etmportal.ui.managepricingrules.view.MasterHeadersap.ui.core.Icon{\"src\":{\"regex\":{\"source\":\"activity\\\\-items\"}}}"}]}
RESULT: {"script":"<script> [1562 bytes]","args":[{"selector":{"controlType":"sap.ui.core.Icon","viewName":"etm.portal.ui.managepricingrules.view.MasterHeader","viewId":"application-managepricingrules-display-component---priceInfoHeader","properties":{"src":{"regex":{"source":"activity\\-items"}}}},"wdio_ui5_key":"etmportal.ui.managepricingrules.view.MasterHeadersap.ui.core.Icon{\"src\":{\"regex\":{\"source\":\"activity\\\\-items\"}}}"}]}
RESULT: undefined
COMMAND: POST /session/cc787b9332752cdee0bcd1748733cdef/element - {"using":"xpath","value":"//*[@id=\"__filter22-icon\"]"}
RESULT: {"using":"xpath","value":"//*[@id=\"__filter22-icon\"]"}
COMMAND: POST /session/cc787b9332752cdee0bcd1748733cdef/element/f.40E06083F0E682023BA0E7AA24D478F4.d.BA742EF3FD8C3C646C1DA6580BB722BD.e.13668/click - {}
RESULT: {}
COMMAND: GET /session/cc787b9332752cdee0bcd1748733cdef/screenshot - {}
RESULT: {}
COMMAND: POST /session/cc787b9332752cdee0bcd1748733cdef/execute/async - {"script":"<script> [1562 bytes]","args":[{"selector":{"controlType":"sap.ui.core.Icon","viewName":"etm.portal.ui.managepricingrules.view.MasterItem","viewId":"application-managepricingrules-display-component---priceInfoItem","properties":{"src":{"regex":{"source":"add"}}}},"wdio_ui5_key":"etmportal.ui.managepricingrules.view.MasterItemsap.ui.core.Icon{\"src\":{\"regex\":{\"source\":\"add\"}}}"}]}
RESULT: {"script":"<script> [1562 bytes]","args":[{"selector":{"controlType":"sap.ui.core.Icon","viewName":"etm.portal.ui.managepricingrules.view.MasterItem","viewId":"application-managepricingrules-display-component---priceInfoItem","properties":{"src":{"regex":{"source":"add"}}}},"wdio_ui5_key":"etmportal.ui.managepricingrules.view.MasterItemsap.ui.core.Icon{\"src\":{\"regex\":{\"source\":\"add\"}}}"}]}
RESULT: undefined
COMMAND: POST /session/cc787b9332752cdee0bcd1748733cdef/element - {"using":"xpath","value":"//*[@id=\"__button80-img\"]"}
RESULT: {"using":"xpath","value":"//*[@id=\"__button80-img\"]"}
COMMAND: POST /session/cc787b9332752cdee0bcd1748733cdef/element/f.40E06083F0E682023BA0E7AA24D478F4.d.BA742EF3FD8C3C646C1DA6580BB722BD.e.13717/click - {}
RESULT: {}
COMMAND: GET /session/cc787b9332752cdee0bcd1748733cdef/screenshot - {}
RESULT: {}
COMMAND: POST /session/cc787b9332752cdee0bcd1748733cdef/element - {"using":"xpath","value":"//input[@id=\"application-managepricingrules-display-component---newInfoPriceItem--condRU-inner\"]"}
RESULT: {"using":"xpath","value":"//input[@id=\"application-managepricingrules-display-component---newInfoPriceItem--condRU-inner\"]"}
COMMAND: POST /session/cc787b9332752cdee0bcd1748733cdef/element/f.40E06083F0E682023BA0E7AA24D478F4.d.BA742EF3FD8C3C646C1DA6580BB722BD.e.13959/clear - {}
RESULT: {}
COMMAND: POST /session/cc787b9332752cdee0bcd1748733cdef/element/f.40E06083F0E682023BA0E7AA24D478F4.d.BA742EF3FD8C3C646C1DA6580BB722BD.e.13959/value - {"text":"WebdriverMatTestbf0rvl"}
COMMAND: GET /session/cc787b9332752cdee0bcd1748733cdef/screenshot - {}
RESULT: {"text":"WebdriverMatTestbf0rvl"}
COMMAND: POST /session/cc787b9332752cdee0bcd1748733cdef/execute/async - {"script":"<script> [1562 bytes]","args":[{"selector":{"id":"application-managepricingrules-display-component---newInfoPriceItem--condValidTo","interaction":{"idSuffix":"inner"}},"wdio_ui5_key":"applicationmanagepricingrules-display-component---newInfoPriceItem--condValidTo"}]}
COMMAND: GET /session/cc787b9332752cdee0bcd1748733cdef/screenshot - {}
RESULT: {}
RESULT: {"script":"<script> [1562 bytes]","args":[{"selector":{"id":"application-managepricingrules-display-component---newInfoPriceItem--condValidTo","interaction":{"idSuffix":"inner"}},"wdio_ui5_key":"applicationmanagepricingrules-display-component---newInfoPriceItem--condValidTo"}]}
RESULT: undefined
COMMAND: POST /session/cc787b9332752cdee0bcd1748733cdef/execute/async - {"script":"<script> [776 bytes]","args":[{"enterText":"5/18/33","selector":{"id":"application-managepricingrules-display-component---newInfoPriceItem--condValidTo","interaction":{"idSuffix":"inner"}},"clearTextFirst":true,"interactionType":"ENTER_TEXT"}]}
RESULT: {}
RESULT: {"script":"<script> [776 bytes]","args":[{"enterText":"5/18/33","selector":{"id":"application-managepricingrules-display-component---newInfoPriceItem--condValidTo","interaction":{"idSuffix":"inner"}},"clearTextFirst":true,"interactionType":"ENTER_TEXT"}]}
COMMAND: POST /session/cc787b9332752cdee0bcd1748733cdef/execute/async - {"script":"<script> [1562 bytes]","args":[{"selector":{"id":"application-managepricingrules-display-component---newInfoPriceItem--billType-arrow"},"wdio_ui5_key":"applicationmanagepricingrules-display-component---newInfoPriceItem--billType-arrow"}]}
RESULT: {"script":"<script> [1562 bytes]","args":[{"selector":{"id":"application-managepricingrules-display-component---newInfoPriceItem--billType-arrow"},"wdio_ui5_key":"applicationmanagepricingrules-display-component---newInfoPriceItem--billType-arrow"}]}
RESULT: undefined
COMMAND: POST /session/cc787b9332752cdee0bcd1748733cdef/element - {"using":"xpath","value":"//*[@id=\"application-managepricingrules-display-component---newInfoPriceItem--billType-arrow\"]"}
RESULT: {"using":"xpath","value":"//*[@id=\"application-managepricingrules-display-component---newInfoPriceItem--billType-arrow\"]"}
COMMAND: POST /session/cc787b9332752cdee0bcd1748733cdef/element/f.40E06083F0E682023BA0E7AA24D478F4.d.BA742EF3FD8C3C646C1DA6580BB722BD.e.14019/click - {}
RESULT: {}
COMMAND: POST /session/cc787b9332752cdee0bcd1748733cdef/element - {"using":"xpath","value":"//span[contains(text(), \"TB - Time based\")]"}
COMMAND: GET /session/cc787b9332752cdee0bcd1748733cdef/screenshot - {}
RESULT: {"using":"xpath","value":"//span[contains(text(), \"TB - Time based\")]"}
COMMAND: POST /session/cc787b9332752cdee0bcd1748733cdef/element/f.40E06083F0E682023BA0E7AA24D478F4.d.BA742EF3FD8C3C646C1DA6580BB722BD.e.14020/click - {}
RESULT: {}
RESULT: {}
COMMAND: POST /session/cc787b9332752cdee0bcd1748733cdef/execute/async - {"script":"<script> [1562 bytes]","args":[{"selector":{"id":"application-managepricingrules-display-component---newInfoPriceItem--priceProc-arrow"},"wdio_ui5_key":"applicationmanagepricingrules-display-component---newInfoPriceItem--priceProc-arrow"}]}
COMMAND: GET /session/cc787b9332752cdee0bcd1748733cdef/screenshot - {}
RESULT: {"script":"<script> [1562 bytes]","args":[{"selector":{"id":"application-managepricingrules-display-component---newInfoPriceItem--priceProc-arrow"},"wdio_ui5_key":"applicationmanagepricingrules-display-component---newInfoPriceItem--priceProc-arrow"}]}
RESULT: undefined
COMMAND: POST /session/cc787b9332752cdee0bcd1748733cdef/element - {"using":"xpath","value":"//*[@id=\"application-managepricingrules-display-component---newInfoPriceItem--priceProc-arrow\"]"}
RESULT: {}
RESULT: {"using":"xpath","value":"//*[@id=\"application-managepricingrules-display-component---newInfoPriceItem--priceProc-arrow\"]"}
COMMAND: POST /session/cc787b9332752cdee0bcd1748733cdef/element/f.40E06083F0E682023BA0E7AA24D478F4.d.BA742EF3FD8C3C646C1DA6580BB722BD.e.14021/click - {}
RESULT: {}
COMMAND: POST /session/cc787b9332752cdee0bcd1748733cdef/element - {"using":"xpath","value":"//span[contains(text(), \"TBS - Time based standard\")]"}
COMMAND: GET /session/cc787b9332752cdee0bcd1748733cdef/screenshot - {}
RESULT: {"using":"xpath","value":"//span[contains(text(), \"TBS - Time based standard\")]"}
COMMAND: POST /session/cc787b9332752cdee0bcd1748733cdef/element/f.40E06083F0E682023BA0E7AA24D478F4.d.BA742EF3FD8C3C646C1DA6580BB722BD.e.14022/click - {}
RESULT: {}
RESULT: {}
COMMAND: POST /session/cc787b9332752cdee0bcd1748733cdef/execute/async - {"script":"<script> [1562 bytes]","args":[{"selector":{"id":"application-managepricingrules-display-component---newInfoPriceItem--calcBase-arrow"},"wdio_ui5_key":"applicationmanagepricingrules-display-component---newInfoPriceItem--calcBase-arrow"}]}
COMMAND: GET /session/cc787b9332752cdee0bcd1748733cdef/screenshot - {}
RESULT: {"script":"<script> [1562 bytes]","args":[{"selector":{"id":"application-managepricingrules-display-component---newInfoPriceItem--calcBase-arrow"},"wdio_ui5_key":"applicationmanagepricingrules-display-component---newInfoPriceItem--calcBase-arrow"}]}
RESULT: undefined
COMMAND: POST /session/cc787b9332752cdee0bcd1748733cdef/element - {"using":"xpath","value":"//*[@id=\"application-managepricingrules-display-component---newInfoPriceItem--calcBase-arrow\"]"}
RESULT: {}
RESULT: {"using":"xpath","value":"//*[@id=\"application-managepricingrules-display-component---newInfoPriceItem--calcBase-arrow\"]"}
COMMAND: POST /session/cc787b9332752cdee0bcd1748733cdef/element/f.40E06083F0E682023BA0E7AA24D478F4.d.BA742EF3FD8C3C646C1DA6580BB722BD.e.14023/click - {}
RESULT: {}
COMMAND: GET /session/cc787b9332752cdee0bcd1748733cdef/screenshot - {}
RESULT: {}
COMMAND: POST /session/cc787b9332752cdee0bcd1748733cdef/element - {"using":"xpath","value":"//span[contains(text(), \"0006 - TB(calendar days)\")]"}
RESULT: {"using":"xpath","value":"//span[contains(text(), \"0006 - TB(calendar days)\")]"}
COMMAND: POST /session/cc787b9332752cdee0bcd1748733cdef/element/f.40E06083F0E682023BA0E7AA24D478F4.d.BA742EF3FD8C3C646C1DA6580BB722BD.e.14024/click - {}
RESULT: {}
COMMAND: POST /session/cc787b9332752cdee0bcd1748733cdef/execute/async - {"script":"<script> [1562 bytes]","args":[{"selector":{"id":"application-managepricingrules-display-component---newInfoPriceItem--daysMonth","interaction":{"idSuffix":"inner"}},"wdio_ui5_key":"applicationmanagepricingrules-display-component---newInfoPriceItem--daysMonth"}]}
COMMAND: GET /session/cc787b9332752cdee0bcd1748733cdef/screenshot - {}
RESULT: {"script":"<script> [1562 bytes]","args":[{"selector":{"id":"application-managepricingrules-display-component---newInfoPriceItem--daysMonth","interaction":{"idSuffix":"inner"}},"wdio_ui5_key":"applicationmanagepricingrules-display-component---newInfoPriceItem--daysMonth"}]}
RESULT: undefined
COMMAND: POST /session/cc787b9332752cdee0bcd1748733cdef/execute/async - {"script":"<script> [776 bytes]","args":[{"enterText":"30","selector":{"id":"application-managepricingrules-display-component---newInfoPriceItem--daysMonth","interaction":{"idSuffix":"inner"}},"clearTextFirst":true,"interactionType":"ENTER_TEXT"}]}
RESULT: {}
RESULT: {"script":"<script> [776 bytes]","args":[{"enterText":"30","selector":{"id":"application-managepricingrules-display-component---newInfoPriceItem--daysMonth","interaction":{"idSuffix":"inner"}},"clearTextFirst":true,"interactionType":"ENTER_TEXT"}]}
COMMAND: POST /session/cc787b9332752cdee0bcd1748733cdef/element - {"using":"xpath","value":"//button[@data-kt=\"saveNewRuleButton\"]"}
RESULT: {"using":"xpath","value":"//button[@data-kt=\"saveNewRuleButton\"]"}
COMMAND: POST /session/cc787b9332752cdee0bcd1748733cdef/element/f.40E06083F0E682023BA0E7AA24D478F4.d.BA742EF3FD8C3C646C1DA6580BB722BD.e.14003/click - {}
RESULT: {}
COMMAND: GET /session/cc787b9332752cdee0bcd1748733cdef/screenshot - {}
RESULT: {}
COMMAND: POST /session/cc787b9332752cdee0bcd1748733cdef/element - {"using":"css selector","value":"#shell-header-logo"}
RESULT: {"using":"css selector","value":"#shell-header-logo"}
COMMAND: POST /session/cc787b9332752cdee0bcd1748733cdef/element/f.40E06083F0E682023BA0E7AA24D478F4.d.BA742EF3FD8C3C646C1DA6580BB722BD.e.13619/click - {}
RESULT: {}
COMMAND: GET /session/cc787b9332752cdee0bcd1748733cdef/screenshot - {}
RESULT: {}
COMMAND: POST /session/cc787b9332752cdee0bcd1748733cdef/execute/async - {"script":"<script> [1562 bytes]","args":[{"selector":{"controlType":"sap.m.Text","properties":{"text":"Manage Conditions & Prices"},"interaction":{"idSuffix":"inner"}},"wdio_ui5_key":"sapm.Text{\"text\":\"Manage Conditions & Prices\"}"}]}
RESULT: {"script":"<script> [1562 bytes]","args":[{"selector":{"controlType":"sap.m.Text","properties":{"text":"Manage Conditions & Prices"},"interaction":{"idSuffix":"inner"}},"wdio_ui5_key":"sapm.Text{\"text\":\"Manage Conditions & Prices\"}"}]}
RESULT: undefined
COMMAND: POST /session/cc787b9332752cdee0bcd1748733cdef/element - {"using":"xpath","value":"//*[@id=\"__tile55-title\"]"}
RESULT: {"using":"xpath","value":"//*[@id=\"__tile55-title\"]"}
COMMAND: POST /session/cc787b9332752cdee0bcd1748733cdef/element/f.40E06083F0E682023BA0E7AA24D478F4.d.BA742EF3FD8C3C646C1DA6580BB722BD.e.14043/click - {}
RESULT: {}
COMMAND: GET /session/cc787b9332752cdee0bcd1748733cdef/screenshot - {}
RESULT: {}
COMMAND: POST /session/cc787b9332752cdee0bcd1748733cdef/element - {"using":"xpath","value":"//button[@aria-label=\"Create\"]"}
RESULT: {"using":"xpath","value":"//button[@aria-label=\"Create\"]"}
COMMAND: POST /session/cc787b9332752cdee0bcd1748733cdef/elements - {"using":"xpath","value":"//button[@aria-label=\"Create\"]"}
RESULT: {"using":"xpath","value":"//button[@aria-label=\"Create\"]"}
COMMAND: POST /session/cc787b9332752cdee0bcd1748733cdef/elements - {"using":"xpath","value":"//button[@aria-label=\"Create\"]"}
RESULT: {"using":"xpath","value":"//button[@aria-label=\"Create\"]"}
COMMAND: POST /session/cc787b9332752cdee0bcd1748733cdef/element - {"using":"xpath","value":"//button[@aria-label=\"Create\"]"}
RESULT: {"using":"xpath","value":"//button[@aria-label=\"Create\"]"}
COMMAND: POST /session/cc787b9332752cdee0bcd1748733cdef/element/f.40E06083F0E682023BA0E7AA24D478F4.d.BA742EF3FD8C3C646C1DA6580BB722BD.e.14073/click - {}
RESULT: {}
COMMAND: POST /session/cc787b9332752cdee0bcd1748733cdef/actions - {"actions":[{"id":"action73","type":"key","parameters":{},"actions":[{"type":"keyDown","value":""},{"type":"pause","duration":10},{"type":"keyUp","value":""}]}]}
COMMAND: GET /session/cc787b9332752cdee0bcd1748733cdef/screenshot - {}
RESULT: {"actions":[{"id":"action73","type":"key","parameters":{},"actions":[{"type":"keyDown","value":""},{"type":"pause","duration":10},{"type":"keyUp","value":""}]}]}
COMMAND: GET /session/cc787b9332752cdee0bcd1748733cdef/screenshot - {}
COMMAND: POST /session/cc787b9332752cdee0bcd1748733cdef/execute/async - {"script":"<script> [1562 bytes]","args":[{"selector":{"id":"application-manageconditionprice-display-component---newCondition--condBillCond-arrow"},"wdio_ui5_key":"applicationmanageconditionprice-display-component---newCondition--condBillCond-arrow"}]}
RESULT: {}
RESULT: {}
RESULT: {"script":"<script> [1562 bytes]","args":[{"selector":{"id":"application-manageconditionprice-display-component---newCondition--condBillCond-arrow"},"wdio_ui5_key":"applicationmanageconditionprice-display-component---newCondition--condBillCond-arrow"}]}
RESULT: undefined
COMMAND: POST /session/cc787b9332752cdee0bcd1748733cdef/element - {"using":"xpath","value":"//*[@id=\"application-manageconditionprice-display-component---newCondition--condBillCond-arrow\"]"}
RESULT: {"using":"xpath","value":"//*[@id=\"application-manageconditionprice-display-component---newCondition--condBillCond-arrow\"]"}
COMMAND: POST /session/cc787b9332752cdee0bcd1748733cdef/element/f.40E06083F0E682023BA0E7AA24D478F4.d.BA742EF3FD8C3C646C1DA6580BB722BD.e.14474/click - {}
RESULT: {}
COMMAND: POST /session/cc787b9332752cdee0bcd1748733cdef/element - {"using":"xpath","value":"//span[contains(text(), \"DISP - D&I special price\")]"}
COMMAND: GET /session/cc787b9332752cdee0bcd1748733cdef/screenshot - {}
RESULT: {"using":"xpath","value":"//span[contains(text(), \"DISP - D&I special price\")]"}
COMMAND: POST /session/cc787b9332752cdee0bcd1748733cdef/element/f.40E06083F0E682023BA0E7AA24D478F4.d.BA742EF3FD8C3C646C1DA6580BB722BD.e.14475/click - {}
RESULT: {}
RESULT: {}
COMMAND: POST /session/cc787b9332752cdee0bcd1748733cdef/execute/async - {"script":"<script> [1562 bytes]","args":[{"selector":{"id":"application-manageconditionprice-display-component---newCondition--condValidTo","interaction":{"idSuffix":"inner"}},"wdio_ui5_key":"applicationmanageconditionprice-display-component---newCondition--condValidTo"}]}
COMMAND: GET /session/cc787b9332752cdee0bcd1748733cdef/screenshot - {}
RESULT: {"script":"<script> [1562 bytes]","args":[{"selector":{"id":"application-manageconditionprice-display-component---newCondition--condValidTo","interaction":{"idSuffix":"inner"}},"wdio_ui5_key":"applicationmanageconditionprice-display-component---newCondition--condValidTo"}]}
RESULT: undefined
COMMAND: POST /session/cc787b9332752cdee0bcd1748733cdef/execute/async - {"script":"<script> [776 bytes]","args":[{"enterText":"5/11/33","selector":{"id":"application-manageconditionprice-display-component---newCondition--condValidTo","interaction":{"idSuffix":"inner"}},"clearTextFirst":true,"interactionType":"ENTER_TEXT"}]}
RESULT: {}
RESULT: {"script":"<script> [776 bytes]","args":[{"enterText":"5/11/33","selector":{"id":"application-manageconditionprice-display-component---newCondition--condValidTo","interaction":{"idSuffix":"inner"}},"clearTextFirst":true,"interactionType":"ENTER_TEXT"}]}
COMMAND: POST /session/cc787b9332752cdee0bcd1748733cdef/element - {"using":"xpath","value":"//input[@id=\"application-manageconditionprice-display-component---newCondition--condRU-inner\"]"}
RESULT: {"using":"xpath","value":"//input[@id=\"application-manageconditionprice-display-component---newCondition--condRU-inner\"]"}
COMMAND: POST /session/cc787b9332752cdee0bcd1748733cdef/element/f.40E06083F0E682023BA0E7AA24D478F4.d.BA742EF3FD8C3C646C1DA6580BB722BD.e.14234/clear - {}
RESULT: {}
COMMAND: POST /session/cc787b9332752cdee0bcd1748733cdef/element/f.40E06083F0E682023BA0E7AA24D478F4.d.BA742EF3FD8C3C646C1DA6580BB722BD.e.14234/value - {"text":"WebdriverMatTestbf0rvl"}
COMMAND: GET /session/cc787b9332752cdee0bcd1748733cdef/screenshot - {}
RESULT: {"text":"WebdriverMatTestbf0rvl"}
COMMAND: GET /session/cc787b9332752cdee0bcd1748733cdef/screenshot - {}
RESULT: {}
RESULT: {}
COMMAND: POST /session/cc787b9332752cdee0bcd1748733cdef/actions - {"actions":[{"id":"action74","type":"key","parameters":{},"actions":[{"type":"keyDown","value":""},{"type":"pause","duration":10},{"type":"keyUp","value":""}]}]}
RESULT: {"actions":[{"id":"action74","type":"key","parameters":{},"actions":[{"type":"keyDown","value":""},{"type":"pause","duration":10},{"type":"keyUp","value":""}]}]}
COMMAND: POST /session/cc787b9332752cdee0bcd1748733cdef/execute/async - {"script":"<script> [1562 bytes]","args":[{"selector":{"id":"application-manageconditionprice-display-component---newCondition--condBaseQty","interaction":{"idSuffix":"inner"}},"wdio_ui5_key":"applicationmanageconditionprice-display-component---newCondition--condBaseQty"}]}
COMMAND: GET /session/cc787b9332752cdee0bcd1748733cdef/screenshot - {}
RESULT: {"script":"<script> [1562 bytes]","args":[{"selector":{"id":"application-manageconditionprice-display-component---newCondition--condBaseQty","interaction":{"idSuffix":"inner"}},"wdio_ui5_key":"applicationmanageconditionprice-display-component---newCondition--condBaseQty"}]}
RESULT: undefined
COMMAND: POST /session/cc787b9332752cdee0bcd1748733cdef/execute/async - {"script":"<script> [776 bytes]","args":[{"enterText":"1","selector":{"id":"application-manageconditionprice-display-component---newCondition--condBaseQty","interaction":{"idSuffix":"inner"}},"clearTextFirst":true,"interactionType":"ENTER_TEXT"}]}
RESULT: {}
RESULT: {"script":"<script> [776 bytes]","args":[{"enterText":"1","selector":{"id":"application-manageconditionprice-display-component---newCondition--condBaseQty","interaction":{"idSuffix":"inner"}},"clearTextFirst":true,"interactionType":"ENTER_TEXT"}]}
COMMAND: POST /session/cc787b9332752cdee0bcd1748733cdef/execute/async - {"script":"<script> [1562 bytes]","args":[{"selector":{"id":"application-manageconditionprice-display-component---newCondition--condValue","interaction":{"idSuffix":"inner"}},"wdio_ui5_key":"applicationmanageconditionprice-display-component---newCondition--condValue"}]}
RESULT: {"script":"<script> [1562 bytes]","args":[{"selector":{"id":"application-manageconditionprice-display-component---newCondition--condValue","interaction":{"idSuffix":"inner"}},"wdio_ui5_key":"applicationmanageconditionprice-display-component---newCondition--condValue"}]}
RESULT: undefined
COMMAND: POST /session/cc787b9332752cdee0bcd1748733cdef/execute/async - {"script":"<script> [776 bytes]","args":[{"enterText":"100","selector":{"id":"application-manageconditionprice-display-component---newCondition--condValue","interaction":{"idSuffix":"inner"}},"clearTextFirst":true,"interactionType":"ENTER_TEXT"}]}
RESULT: {"script":"<script> [776 bytes]","args":[{"enterText":"100","selector":{"id":"application-manageconditionprice-display-component---newCondition--condValue","interaction":{"idSuffix":"inner"}},"clearTextFirst":true,"interactionType":"ENTER_TEXT"}]}
COMMAND: POST /session/cc787b9332752cdee0bcd1748733cdef/execute/async - {"script":"<script> [1562 bytes]","args":[{"selector":{"id":"application-manageconditionprice-display-component---newCondition--condCurr-arrow"},"wdio_ui5_key":"applicationmanageconditionprice-display-component---newCondition--condCurr-arrow"}]}
RESULT: {"script":"<script> [1562 bytes]","args":[{"selector":{"id":"application-manageconditionprice-display-component---newCondition--condCurr-arrow"},"wdio_ui5_key":"applicationmanageconditionprice-display-component---newCondition--condCurr-arrow"}]}
RESULT: undefined
COMMAND: POST /session/cc787b9332752cdee0bcd1748733cdef/element - {"using":"xpath","value":"//*[@id=\"application-manageconditionprice-display-component---newCondition--condCurr-arrow\"]"}
RESULT: {"using":"xpath","value":"//*[@id=\"application-manageconditionprice-display-component---newCondition--condCurr-arrow\"]"}
COMMAND: POST /session/cc787b9332752cdee0bcd1748733cdef/element/f.40E06083F0E682023BA0E7AA24D478F4.d.BA742EF3FD8C3C646C1DA6580BB722BD.e.14403/click - {}
RESULT: {}
COMMAND: POST /session/cc787b9332752cdee0bcd1748733cdef/element - {"using":"xpath","value":"//span[contains(text(), \"Euro\")]"}
COMMAND: GET /session/cc787b9332752cdee0bcd1748733cdef/screenshot - {}
RESULT: {"using":"xpath","value":"//span[contains(text(), \"Euro\")]"}
COMMAND: POST /session/cc787b9332752cdee0bcd1748733cdef/element/f.40E06083F0E682023BA0E7AA24D478F4.d.BA742EF3FD8C3C646C1DA6580BB722BD.e.14513/click - {}
RESULT: {}
RESULT: {}
COMMAND: POST /session/cc787b9332752cdee0bcd1748733cdef/element - {"using":"xpath","value":"//button[@data-kt=\"saveButton\"]"}
COMMAND: GET /session/cc787b9332752cdee0bcd1748733cdef/screenshot - {}
RESULT: {"using":"xpath","value":"//button[@data-kt=\"saveButton\"]"}
COMMAND: POST /session/cc787b9332752cdee0bcd1748733cdef/element/f.40E06083F0E682023BA0E7AA24D478F4.d.BA742EF3FD8C3C646C1DA6580BB722BD.e.14404/click - {}
RESULT: {}
RESULT: {}
COMMAND: GET /session/cc787b9332752cdee0bcd1748733cdef/screenshot - {}
RESULT: {}
COMMAND: POST /session/cc787b9332752cdee0bcd1748733cdef/element - {"using":"css selector","value":"#shell-header-logo"}
RESULT: {"using":"css selector","value":"#shell-header-logo"}
COMMAND: POST /session/cc787b9332752cdee0bcd1748733cdef/element/f.40E06083F0E682023BA0E7AA24D478F4.d.BA742EF3FD8C3C646C1DA6580BB722BD.e.14045/click - {}
RESULT: {}
COMMAND: GET /session/cc787b9332752cdee0bcd1748733cdef/screenshot - {}
RESULT: {}
]]></system-out>
    </testcase>
    <testcase classname="chrome.137_0_7151_69.windows.E2E_-_Logistical_and_commercial_statuses" name="Should create a new contract" time="63.038">
      <system-out><![CDATA[
COMMAND: POST /session/cc787b9332752cdee0bcd1748733cdef/execute/async - {"script":"<script> [1562 bytes]","args":[{"selector":{"controlType":"sap.m.GenericTile","properties":{"header":"Manage Contracts"}},"wdio_ui5_key":"sapm.GenericTile{\"header\":\"Manage Contracts\"}"}]}
RESULT: {"script":"<script> [1562 bytes]","args":[{"selector":{"controlType":"sap.m.GenericTile","properties":{"header":"Manage Contracts"}},"wdio_ui5_key":"sapm.GenericTile{\"header\":\"Manage Contracts\"}"}]}
RESULT: undefined
COMMAND: POST /session/cc787b9332752cdee0bcd1748733cdef/element - {"using":"xpath","value":"//*[@id=\"__tile132\"]"}
RESULT: {"using":"xpath","value":"//*[@id=\"__tile132\"]"}
COMMAND: POST /session/cc787b9332752cdee0bcd1748733cdef/element/f.40E06083F0E682023BA0E7AA24D478F4.d.BA742EF3FD8C3C646C1DA6580BB722BD.e.14517/click - {}
RESULT: {}
COMMAND: GET /session/cc787b9332752cdee0bcd1748733cdef/screenshot - {}
RESULT: {}
COMMAND: POST /session/cc787b9332752cdee0bcd1748733cdef/elements - {"using":"xpath","value":"//span[text()='Error']"}
RESULT: {"using":"xpath","value":"//span[text()='Error']"}
COMMAND: POST /session/cc787b9332752cdee0bcd1748733cdef/element - {"using":"xpath","value":"//button[@data-kt=\"addButton\"]"}
RESULT: {"using":"xpath","value":"//button[@data-kt=\"addButton\"]"}
COMMAND: POST /session/cc787b9332752cdee0bcd1748733cdef/element/f.40E06083F0E682023BA0E7AA24D478F4.d.BA742EF3FD8C3C646C1DA6580BB722BD.e.14569/click - {}
RESULT: {}
COMMAND: GET /session/cc787b9332752cdee0bcd1748733cdef/screenshot - {}
COMMAND: POST /session/cc787b9332752cdee0bcd1748733cdef/execute/async - {"script":"<script> [1562 bytes]","args":[{"selector":{"id":"application-managecontracts-display-component---AddNewContract--projectDescription","interaction":{"idSuffix":"inner"}},"wdio_ui5_key":"applicationmanagecontracts-display-component---AddNewContract--projectDescription"}]}
RESULT: {}
RESULT: {"script":"<script> [1562 bytes]","args":[{"selector":{"id":"application-managecontracts-display-component---AddNewContract--projectDescription","interaction":{"idSuffix":"inner"}},"wdio_ui5_key":"applicationmanagecontracts-display-component---AddNewContract--projectDescription"}]}
RESULT: undefined
COMMAND: POST /session/cc787b9332752cdee0bcd1748733cdef/execute/async - {"script":"<script> [776 bytes]","args":[{"enterText":"WdIOR2cy0ser","selector":{"id":"application-managecontracts-display-component---AddNewContract--projectDescription","interaction":{"idSuffix":"inner"}},"clearTextFirst":true,"interactionType":"ENTER_TEXT"}]}
RESULT: {"script":"<script> [776 bytes]","args":[{"enterText":"WdIOR2cy0ser","selector":{"id":"application-managecontracts-display-component---AddNewContract--projectDescription","interaction":{"idSuffix":"inner"}},"clearTextFirst":true,"interactionType":"ENTER_TEXT"}]}
COMMAND: POST /session/cc787b9332752cdee0bcd1748733cdef/element - {"using":"xpath","value":"//input[@id=\"application-managecontracts-display-component---AddNewContract--yardId-inner\"]"}
RESULT: {"using":"xpath","value":"//input[@id=\"application-managecontracts-display-component---AddNewContract--yardId-inner\"]"}
COMMAND: POST /session/cc787b9332752cdee0bcd1748733cdef/element/f.40E06083F0E682023BA0E7AA24D478F4.d.BA742EF3FD8C3C646C1DA6580BB722BD.e.14830/clear - {}
RESULT: {}
COMMAND: POST /session/cc787b9332752cdee0bcd1748733cdef/element/f.40E06083F0E682023BA0E7AA24D478F4.d.BA742EF3FD8C3C646C1DA6580BB722BD.e.14830/value - {"text":"WebdriverYardvzywf"}
COMMAND: GET /session/cc787b9332752cdee0bcd1748733cdef/screenshot - {}
RESULT: {"text":"WebdriverYardvzywf"}
COMMAND: GET /session/cc787b9332752cdee0bcd1748733cdef/screenshot - {}
RESULT: {}
RESULT: {}
COMMAND: POST /session/cc787b9332752cdee0bcd1748733cdef/actions - {"actions":[{"id":"action75","type":"key","parameters":{},"actions":[{"type":"keyDown","value":""},{"type":"pause","duration":10},{"type":"keyUp","value":""}]}]}
RESULT: {"actions":[{"id":"action75","type":"key","parameters":{},"actions":[{"type":"keyDown","value":""},{"type":"pause","duration":10},{"type":"keyUp","value":""}]}]}
COMMAND: GET /session/cc787b9332752cdee0bcd1748733cdef/screenshot - {}
RESULT: {}
COMMAND: POST /session/cc787b9332752cdee0bcd1748733cdef/element - {"using":"xpath","value":"//input[@id=\"application-managecontracts-display-component---AddNewContract--customerSelect-inner\"]"}
RESULT: {"using":"xpath","value":"//input[@id=\"application-managecontracts-display-component---AddNewContract--customerSelect-inner\"]"}
COMMAND: POST /session/cc787b9332752cdee0bcd1748733cdef/element/f.40E06083F0E682023BA0E7AA24D478F4.d.BA742EF3FD8C3C646C1DA6580BB722BD.e.14828/clear - {}
RESULT: {}
COMMAND: POST /session/cc787b9332752cdee0bcd1748733cdef/element/f.40E06083F0E682023BA0E7AA24D478F4.d.BA742EF3FD8C3C646C1DA6580BB722BD.e.14828/value - {"text":"WebdriverPartnercywkw"}
COMMAND: GET /session/cc787b9332752cdee0bcd1748733cdef/screenshot - {}
RESULT: {"text":"WebdriverPartnercywkw"}
COMMAND: GET /session/cc787b9332752cdee0bcd1748733cdef/screenshot - {}
RESULT: {}
RESULT: {}
COMMAND: POST /session/cc787b9332752cdee0bcd1748733cdef/actions - {"actions":[{"id":"action76","type":"key","parameters":{},"actions":[{"type":"keyDown","value":""},{"type":"pause","duration":10},{"type":"keyUp","value":""}]}]}
RESULT: {"actions":[{"id":"action76","type":"key","parameters":{},"actions":[{"type":"keyDown","value":""},{"type":"pause","duration":10},{"type":"keyUp","value":""}]}]}
COMMAND: GET /session/cc787b9332752cdee0bcd1748733cdef/screenshot - {}
RESULT: {}
COMMAND: POST /session/cc787b9332752cdee0bcd1748733cdef/element - {"using":"xpath","value":"//input[@id=\"application-managecontracts-display-component---AddNewContract--site-inner\"]"}
RESULT: {"using":"xpath","value":"//input[@id=\"application-managecontracts-display-component---AddNewContract--site-inner\"]"}
COMMAND: POST /session/cc787b9332752cdee0bcd1748733cdef/element/f.40E06083F0E682023BA0E7AA24D478F4.d.BA742EF3FD8C3C646C1DA6580BB722BD.e.14829/clear - {}
RESULT: {}
COMMAND: POST /session/cc787b9332752cdee0bcd1748733cdef/element/f.40E06083F0E682023BA0E7AA24D478F4.d.BA742EF3FD8C3C646C1DA6580BB722BD.e.14829/value - {"text":"WebdriverSitezrozq"}
COMMAND: GET /session/cc787b9332752cdee0bcd1748733cdef/screenshot - {}
RESULT: {"text":"WebdriverSitezrozq"}
COMMAND: GET /session/cc787b9332752cdee0bcd1748733cdef/screenshot - {}
RESULT: {}
RESULT: {}
COMMAND: POST /session/cc787b9332752cdee0bcd1748733cdef/actions - {"actions":[{"id":"action77","type":"key","parameters":{},"actions":[{"type":"keyDown","value":""},{"type":"pause","duration":10},{"type":"keyUp","value":""}]}]}
RESULT: {"actions":[{"id":"action77","type":"key","parameters":{},"actions":[{"type":"keyDown","value":""},{"type":"pause","duration":10},{"type":"keyUp","value":""}]}]}
COMMAND: POST /session/cc787b9332752cdee0bcd1748733cdef/element - {"using":"xpath","value":"//button[@data-kt=\"saveButton\"]"}
COMMAND: GET /session/cc787b9332752cdee0bcd1748733cdef/screenshot - {}
RESULT: {"using":"xpath","value":"//button[@data-kt=\"saveButton\"]"}
COMMAND: POST /session/cc787b9332752cdee0bcd1748733cdef/element/f.40E06083F0E682023BA0E7AA24D478F4.d.BA742EF3FD8C3C646C1DA6580BB722BD.e.14906/click - {}
RESULT: {}
RESULT: {}
COMMAND: GET /session/cc787b9332752cdee0bcd1748733cdef/screenshot - {}
RESULT: {}
COMMAND: POST /session/cc787b9332752cdee0bcd1748733cdef/execute/async - {"script":"<script> [1562 bytes]","args":[{"selector":{"id":"contractDetailTitleNoExpanded","viewName":"etm.portal.ui.managecontracts.view.Detail"},"wdio_ui5_key":"contractDetailTitleNoExpandedetmportal.ui.managecontracts.view.Detail"}]}
RESULT: {"script":"<script> [1562 bytes]","args":[{"selector":{"id":"contractDetailTitleNoExpanded","viewName":"etm.portal.ui.managecontracts.view.Detail"},"wdio_ui5_key":"contractDetailTitleNoExpandedetmportal.ui.managecontracts.view.Detail"}]}
RESULT: undefined
COMMAND: POST /session/cc787b9332752cdee0bcd1748733cdef/execute/async - {"script":"<script> [6424 bytes]","args":[{"element-6066-11e4-a52e-4f735466cecf":"f.40E06083F0E682023BA0E7AA24D478F4.d.BA742EF3FD8C3C646C1DA6580BB722BD.e.14984"},"getText",[]]}
RESULT: {"script":"<script> [6424 bytes]","args":[{"element-6066-11e4-a52e-4f735466cecf":"f.40E06083F0E682023BA0E7AA24D478F4.d.BA742EF3FD8C3C646C1DA6580BB722BD.e.14984"},"getText",[]]}
]]></system-out>
    </testcase>
    <testcase classname="chrome.137_0_7151_69.windows.E2E_-_Logistical_and_commercial_statuses" name="Should add materialID to the contract" time="41.427">
      <system-out><![CDATA[
COMMAND: POST /session/cc787b9332752cdee0bcd1748733cdef/element - {"using":"xpath","value":"//button[@data-kt=\"contractDetailEditBtnButton\"]"}
RESULT: {"using":"xpath","value":"//button[@data-kt=\"contractDetailEditBtnButton\"]"}
COMMAND: POST /session/cc787b9332752cdee0bcd1748733cdef/element/f.40E06083F0E682023BA0E7AA24D478F4.d.BA742EF3FD8C3C646C1DA6580BB722BD.e.14985/click - {}
RESULT: {}
COMMAND: GET /session/cc787b9332752cdee0bcd1748733cdef/screenshot - {}
RESULT: {}
COMMAND: POST /session/cc787b9332752cdee0bcd1748733cdef/element - {"using":"xpath","value":"(//span[contains(text(), \"Additional Addresses\")])[2]"}
RESULT: {"using":"xpath","value":"(//span[contains(text(), \"Additional Addresses\")])[2]"}
COMMAND: POST /session/cc787b9332752cdee0bcd1748733cdef/element/f.40E06083F0E682023BA0E7AA24D478F4.d.BA742EF3FD8C3C646C1DA6580BB722BD.e.15044/click - {}
RESULT: {}
COMMAND: GET /session/cc787b9332752cdee0bcd1748733cdef/screenshot - {}
RESULT: {}
COMMAND: POST /session/cc787b9332752cdee0bcd1748733cdef/element - {"using":"xpath","value":"//button[@data-kt=\"btnAddTableRowOverflowToolbarButton\"]"}
RESULT: {"using":"xpath","value":"//button[@data-kt=\"btnAddTableRowOverflowToolbarButton\"]"}
COMMAND: POST /session/cc787b9332752cdee0bcd1748733cdef/element/f.40E06083F0E682023BA0E7AA24D478F4.d.BA742EF3FD8C3C646C1DA6580BB722BD.e.15046/click - {}
RESULT: {}
COMMAND: GET /session/cc787b9332752cdee0bcd1748733cdef/screenshot - {}
RESULT: {}
COMMAND: POST /session/cc787b9332752cdee0bcd1748733cdef/element - {"using":"xpath","value":"//div[(text() = 'Standard Entry' or . = 'Standard Entry')]"}
RESULT: {"using":"xpath","value":"//div[(text() = 'Standard Entry' or . = 'Standard Entry')]"}
COMMAND: POST /session/cc787b9332752cdee0bcd1748733cdef/element/f.40E06083F0E682023BA0E7AA24D478F4.d.BA742EF3FD8C3C646C1DA6580BB722BD.e.15048/click - {}
RESULT: {}
COMMAND: POST /session/cc787b9332752cdee0bcd1748733cdef/element - {"using":"xpath","value":"//td[6]/div/div/input[1]"}
COMMAND: GET /session/cc787b9332752cdee0bcd1748733cdef/screenshot - {}
RESULT: {"using":"xpath","value":"//td[6]/div/div/input[1]"}
COMMAND: POST /session/cc787b9332752cdee0bcd1748733cdef/element/f.40E06083F0E682023BA0E7AA24D478F4.d.BA742EF3FD8C3C646C1DA6580BB722BD.e.15050/click - {}
RESULT: {}
RESULT: {}
COMMAND: POST /session/cc787b9332752cdee0bcd1748733cdef/actions - {"actions":[{"id":"action78","type":"key","parameters":{},"actions":[{"type":"keyDown","value":""},{"type":"pause","duration":10},{"type":"keyUp","value":""}]}]}
COMMAND: GET /session/cc787b9332752cdee0bcd1748733cdef/screenshot - {}
RESULT: {"actions":[{"id":"action78","type":"key","parameters":{},"actions":[{"type":"keyDown","value":""},{"type":"pause","duration":10},{"type":"keyUp","value":""}]}]}
COMMAND: POST /session/cc787b9332752cdee0bcd1748733cdef/element - {"using":"xpath","value":"//td[6]/div/div/input[1]"}
COMMAND: GET /session/cc787b9332752cdee0bcd1748733cdef/screenshot - {}
RESULT: {}
RESULT: {"using":"xpath","value":"//td[6]/div/div/input[1]"}
COMMAND: POST /session/cc787b9332752cdee0bcd1748733cdef/element/f.40E06083F0E682023BA0E7AA24D478F4.d.BA742EF3FD8C3C646C1DA6580BB722BD.e.15050/clear - {}
RESULT: {}
RESULT: {}
COMMAND: POST /session/cc787b9332752cdee0bcd1748733cdef/element/f.40E06083F0E682023BA0E7AA24D478F4.d.BA742EF3FD8C3C646C1DA6580BB722BD.e.15050/value - {"text":"Material"}
COMMAND: GET /session/cc787b9332752cdee0bcd1748733cdef/screenshot - {}
RESULT: {"text":"Material"}
COMMAND: GET /session/cc787b9332752cdee0bcd1748733cdef/screenshot - {}
RESULT: {}
RESULT: {}
COMMAND: POST /session/cc787b9332752cdee0bcd1748733cdef/actions - {"actions":[{"id":"action79","type":"key","parameters":{},"actions":[{"type":"keyDown","value":""},{"type":"pause","duration":10},{"type":"keyUp","value":""}]}]}
RESULT: {"actions":[{"id":"action79","type":"key","parameters":{},"actions":[{"type":"keyDown","value":""},{"type":"pause","duration":10},{"type":"keyUp","value":""}]}]}
COMMAND: GET /session/cc787b9332752cdee0bcd1748733cdef/screenshot - {}
COMMAND: POST /session/cc787b9332752cdee0bcd1748733cdef/actions - {"actions":[{"id":"action80","type":"key","parameters":{},"actions":[{"type":"keyDown","value":""},{"type":"pause","duration":10},{"type":"keyUp","value":""}]}]}
RESULT: {}
RESULT: {"actions":[{"id":"action80","type":"key","parameters":{},"actions":[{"type":"keyDown","value":""},{"type":"pause","duration":10},{"type":"keyUp","value":""}]}]}
COMMAND: POST /session/cc787b9332752cdee0bcd1748733cdef/element - {"using":"xpath","value":"//td[7]/div/div/input"}
COMMAND: GET /session/cc787b9332752cdee0bcd1748733cdef/screenshot - {}
RESULT: {"using":"xpath","value":"//td[7]/div/div/input"}
COMMAND: POST /session/cc787b9332752cdee0bcd1748733cdef/element/f.40E06083F0E682023BA0E7AA24D478F4.d.BA742EF3FD8C3C646C1DA6580BB722BD.e.15063/clear - {}
RESULT: {}
RESULT: {}
COMMAND: POST /session/cc787b9332752cdee0bcd1748733cdef/element/f.40E06083F0E682023BA0E7AA24D478F4.d.BA742EF3FD8C3C646C1DA6580BB722BD.e.15063/value - {"text":"WebdriverMatTestbf0rvl"}
COMMAND: GET /session/cc787b9332752cdee0bcd1748733cdef/screenshot - {}
RESULT: {"text":"WebdriverMatTestbf0rvl"}
COMMAND: GET /session/cc787b9332752cdee0bcd1748733cdef/screenshot - {}
RESULT: {}
RESULT: {}
COMMAND: POST /session/cc787b9332752cdee0bcd1748733cdef/actions - {"actions":[{"id":"action81","type":"key","parameters":{},"actions":[{"type":"keyDown","value":""},{"type":"pause","duration":10},{"type":"keyUp","value":""}]}]}
RESULT: {"actions":[{"id":"action81","type":"key","parameters":{},"actions":[{"type":"keyDown","value":""},{"type":"pause","duration":10},{"type":"keyUp","value":""}]}]}
COMMAND: GET /session/cc787b9332752cdee0bcd1748733cdef/screenshot - {}
RESULT: {}
COMMAND: POST /session/cc787b9332752cdee0bcd1748733cdef/actions - {"actions":[{"id":"action82","type":"key","parameters":{},"actions":[{"type":"keyDown","value":""},{"type":"pause","duration":10},{"type":"keyUp","value":""}]}]}
RESULT: {"actions":[{"id":"action82","type":"key","parameters":{},"actions":[{"type":"keyDown","value":""},{"type":"pause","duration":10},{"type":"keyUp","value":""}]}]}
COMMAND: GET /session/cc787b9332752cdee0bcd1748733cdef/screenshot - {}
RESULT: {}
COMMAND: POST /session/cc787b9332752cdee0bcd1748733cdef/element - {"using":"xpath","value":"(//button[@data-kt=\"saveButton\"])[2]"}
RESULT: {"using":"xpath","value":"(//button[@data-kt=\"saveButton\"])[2]"}
COMMAND: POST /session/cc787b9332752cdee0bcd1748733cdef/element/f.40E06083F0E682023BA0E7AA24D478F4.d.BA742EF3FD8C3C646C1DA6580BB722BD.e.15086/click - {}
RESULT: {}
COMMAND: GET /session/cc787b9332752cdee0bcd1748733cdef/screenshot - {}
RESULT: {}
]]></system-out>
    </testcase>
    <testcase classname="chrome.137_0_7151_69.windows.E2E_-_Logistical_and_commercial_statuses" name="It should follow the handover steps to the status fully provided" time="196.899">
      <failure/>
      <error message="expect(received).toEqual(expected) // deep equality&#xA;&#xA;Expected: &quot;partial provided&quot;&#xA;Received: &quot;provide (prepared)&quot;"/>
      <system-out><![CDATA[
COMMAND: POST /session/cc787b9332752cdee0bcd1748733cdef/execute/async - {"script":"<script> [1562 bytes]","args":[{"selector":{"id":"contractDetailProvideButton","viewName":"etm.portal.ui.managecontracts.view.Detail","interaction":{"idSuffix":"BDI-content"}},"wdio_ui5_key":"contractDetailProvideButtonetmportal.ui.managecontracts.view.Detail"}]}
RESULT: {"script":"<script> [1562 bytes]","args":[{"selector":{"id":"contractDetailProvideButton","viewName":"etm.portal.ui.managecontracts.view.Detail","interaction":{"idSuffix":"BDI-content"}},"wdio_ui5_key":"contractDetailProvideButtonetmportal.ui.managecontracts.view.Detail"}]}
RESULT: undefined
COMMAND: POST /session/cc787b9332752cdee0bcd1748733cdef/element - {"using":"xpath","value":"//*[@id=\"__xmlview62--contractDetailProvideButton\"]"}
RESULT: {"using":"xpath","value":"//*[@id=\"__xmlview62--contractDetailProvideButton\"]"}
COMMAND: POST /session/cc787b9332752cdee0bcd1748733cdef/element/f.40E06083F0E682023BA0E7AA24D478F4.d.BA742EF3FD8C3C646C1DA6580BB722BD.e.15090/click - {}
RESULT: {}
COMMAND: GET /session/cc787b9332752cdee0bcd1748733cdef/screenshot - {}
RESULT: {}
COMMAND: POST /session/cc787b9332752cdee0bcd1748733cdef/execute/async - {"script":"<script> [1562 bytes]","args":[{"selector":{"id":"application-managehandovers-display-component---AddNewHO--oneStep","interaction":{"idSuffix":"CbBg"}},"wdio_ui5_key":"applicationmanagehandovers-display-component---AddNewHO--oneStep"}]}
RESULT: {"script":"<script> [1562 bytes]","args":[{"selector":{"id":"application-managehandovers-display-component---AddNewHO--oneStep","interaction":{"idSuffix":"CbBg"}},"wdio_ui5_key":"applicationmanagehandovers-display-component---AddNewHO--oneStep"}]}
RESULT: undefined
COMMAND: POST /session/cc787b9332752cdee0bcd1748733cdef/element - {"using":"xpath","value":"//*[@id=\"application-managehandovers-display-component---AddNewHO--oneStep\"]"}
RESULT: {"using":"xpath","value":"//*[@id=\"application-managehandovers-display-component---AddNewHO--oneStep\"]"}
COMMAND: POST /session/cc787b9332752cdee0bcd1748733cdef/element/f.40E06083F0E682023BA0E7AA24D478F4.d.BA742EF3FD8C3C646C1DA6580BB722BD.e.15260/click - {}
RESULT: {}
RESULT: undefined
COMMAND: POST /session/cc787b9332752cdee0bcd1748733cdef/execute/async - {"script":"<script> [776 bytes]","args":[{"enterText":"06/14/25","selector":{"id":"application-managehandovers-display-component---AddNewHO--dueDate","interaction":{"idSuffix":"inner"}},"clearTextFirst":true,"interactionType":"ENTER_TEXT"}]}
COMMAND: GET /session/cc787b9332752cdee0bcd1748733cdef/screenshot - {}
RESULT: {"script":"<script> [776 bytes]","args":[{"enterText":"06/14/25","selector":{"id":"application-managehandovers-display-component---AddNewHO--dueDate","interaction":{"idSuffix":"inner"}},"clearTextFirst":true,"interactionType":"ENTER_TEXT"}]}
RESULT: undefined
COMMAND: POST /session/cc787b9332752cdee0bcd1748733cdef/element - {"using":"xpath","value":"//*[@id=\"application-managehandovers-display-component---AddNewHO--ObjectPageLayout-anchBar-application-managehandovers-display-component---AddNewHO--section4-anchor\"]"}
RESULT: {}
RESULT: {"using":"xpath","value":"//*[@id=\"application-managehandovers-display-component---AddNewHO--ObjectPageLayout-anchBar-application-managehandovers-display-component---AddNewHO--section4-anchor\"]"}
COMMAND: POST /session/cc787b9332752cdee0bcd1748733cdef/element/f.40E06083F0E682023BA0E7AA24D478F4.d.BA742EF3FD8C3C646C1DA6580BB722BD.e.15263/click - {}
RESULT: {}
COMMAND: POST /session/cc787b9332752cdee0bcd1748733cdef/execute/async - {"script":"<script> [1562 bytes]","args":[{"selector":{"controlType":"sap.ui.core.Icon","viewName":"etm.portal.ui.managehandovers.view.AddNewHO","viewId":"application-managehandovers-display-component---AddNewHO","properties":{"src":{"regex":{"source":"add"}}}},"wdio_ui5_key":"etmportal.ui.managehandovers.view.AddNewHOsap.ui.core.Icon{\"src\":{\"regex\":{\"source\":\"add\"}}}"}]}
COMMAND: GET /session/cc787b9332752cdee0bcd1748733cdef/screenshot - {}
RESULT: {"script":"<script> [1562 bytes]","args":[{"selector":{"controlType":"sap.ui.core.Icon","viewName":"etm.portal.ui.managehandovers.view.AddNewHO","viewId":"application-managehandovers-display-component---AddNewHO","properties":{"src":{"regex":{"source":"add"}}}},"wdio_ui5_key":"etmportal.ui.managehandovers.view.AddNewHOsap.ui.core.Icon{\"src\":{\"regex\":{\"source\":\"add\"}}}"}]}
RESULT: undefined
COMMAND: POST /session/cc787b9332752cdee0bcd1748733cdef/element - {"using":"xpath","value":"//*[@id=\"__button167-img\"]"}
RESULT: {}
RESULT: {"using":"xpath","value":"//*[@id=\"__button167-img\"]"}
COMMAND: POST /session/cc787b9332752cdee0bcd1748733cdef/element/f.40E06083F0E682023BA0E7AA24D478F4.d.BA742EF3FD8C3C646C1DA6580BB722BD.e.15267/click - {}
RESULT: {}
COMMAND: GET /session/cc787b9332752cdee0bcd1748733cdef/screenshot - {}
RESULT: {}
RESULT: undefined
COMMAND: POST /session/cc787b9332752cdee0bcd1748733cdef/element - {"using":"xpath","value":"//*[@id=\"application-managehandovers-display-component---AddNewHO--popup-sa\"]"}
RESULT: {"using":"xpath","value":"//*[@id=\"application-managehandovers-display-component---AddNewHO--popup-sa\"]"}
COMMAND: POST /session/cc787b9332752cdee0bcd1748733cdef/element/f.40E06083F0E682023BA0E7AA24D478F4.d.BA742EF3FD8C3C646C1DA6580BB722BD.e.15283/click - {}
RESULT: {}
COMMAND: POST /session/cc787b9332752cdee0bcd1748733cdef/execute/async - {"script":"<script> [1562 bytes]","args":[{"selector":{"controlType":"sap.m.Button","viewName":"etm.portal.ui.managehandovers.view.AddNewHO","viewId":"application-managehandovers-display-component---AddNewHO","i18NText":{"propertyName":"text","key":"select"},"searchOpenDialogs":true,"interaction":{"idSuffix":"inner"}},"wdio_ui5_key":"etmportal.ui.managehandovers.view.AddNewHOsap.m.Button{\"propertyName\":\"text\",\"key\":\"select\"}"}]}
COMMAND: GET /session/cc787b9332752cdee0bcd1748733cdef/screenshot - {}
RESULT: {"script":"<script> [1562 bytes]","args":[{"selector":{"controlType":"sap.m.Button","viewName":"etm.portal.ui.managehandovers.view.AddNewHO","viewId":"application-managehandovers-display-component---AddNewHO","i18NText":{"propertyName":"text","key":"select"},"searchOpenDialogs":true,"interaction":{"idSuffix":"inner"}},"wdio_ui5_key":"etmportal.ui.managehandovers.view.AddNewHOsap.m.Button{\"propertyName\":\"text\",\"key\":\"select\"}"}]}
RESULT: undefined
COMMAND: POST /session/cc787b9332752cdee0bcd1748733cdef/element - {"using":"xpath","value":"//*[@id=\"__button171\"]"}
RESULT: {}
RESULT: {"using":"xpath","value":"//*[@id=\"__button171\"]"}
COMMAND: POST /session/cc787b9332752cdee0bcd1748733cdef/element/f.40E06083F0E682023BA0E7AA24D478F4.d.BA742EF3FD8C3C646C1DA6580BB722BD.e.15286/click - {}
RESULT: {}
COMMAND: POST /session/cc787b9332752cdee0bcd1748733cdef/execute/async - {"script":"<script> [1562 bytes]","args":[{"selector":{"id":"application-managehandovers-display-component---AddNewHO--confirmCreationButton","interaction":{"idSuffix":"BDI-content"}},"wdio_ui5_key":"applicationmanagehandovers-display-component---AddNewHO--confirmCreationButton"}]}
COMMAND: GET /session/cc787b9332752cdee0bcd1748733cdef/screenshot - {}
RESULT: {"script":"<script> [1562 bytes]","args":[{"selector":{"id":"application-managehandovers-display-component---AddNewHO--confirmCreationButton","interaction":{"idSuffix":"BDI-content"}},"wdio_ui5_key":"applicationmanagehandovers-display-component---AddNewHO--confirmCreationButton"}]}
RESULT: undefined
COMMAND: POST /session/cc787b9332752cdee0bcd1748733cdef/element - {"using":"xpath","value":"//*[@id=\"application-managehandovers-display-component---AddNewHO--confirmCreationButton\"]"}
RESULT: {}
RESULT: {"using":"xpath","value":"//*[@id=\"application-managehandovers-display-component---AddNewHO--confirmCreationButton\"]"}
COMMAND: POST /session/cc787b9332752cdee0bcd1748733cdef/element/f.40E06083F0E682023BA0E7AA24D478F4.d.BA742EF3FD8C3C646C1DA6580BB722BD.e.15226/click - {}
RESULT: {}
COMMAND: GET /session/cc787b9332752cdee0bcd1748733cdef/screenshot - {}
RESULT: {}
COMMAND: POST /session/cc787b9332752cdee0bcd1748733cdef/element - {"using":"xpath","value":"//a[contains(@data-kt ,\"GeneralSectionReceiveContracttLink\")]"}
RESULT: {"using":"xpath","value":"//a[contains(@data-kt ,\"GeneralSectionReceiveContracttLink\")]"}
COMMAND: POST /session/cc787b9332752cdee0bcd1748733cdef/element/f.40E06083F0E682023BA0E7AA24D478F4.d.BA742EF3FD8C3C646C1DA6580BB722BD.e.15339/click - {}
RESULT: {}
COMMAND: GET /session/cc787b9332752cdee0bcd1748733cdef/screenshot - {}
RESULT: {}
COMMAND: POST /session/cc787b9332752cdee0bcd1748733cdef/element - {"using":"xpath","value":"//a[contains(@data-kt ,\"ContextMenuId2Link\")]"}
RESULT: {"using":"xpath","value":"//a[contains(@data-kt ,\"ContextMenuId2Link\")]"}
COMMAND: POST /session/cc787b9332752cdee0bcd1748733cdef/element/f.40E06083F0E682023BA0E7AA24D478F4.d.BA742EF3FD8C3C646C1DA6580BB722BD.e.15341/click - {}
RESULT: {}
COMMAND: GET /session/cc787b9332752cdee0bcd1748733cdef/screenshot - {}
RESULT: {}
COMMAND: POST /session/cc787b9332752cdee0bcd1748733cdef/execute/async - {"script":"<script> [1562 bytes]","args":[{"selector":{"controlType":"sap.m.ObjectStatus","viewName":"etm.portal.ui.managecontracts.view.Detail","bindingPath":{"propertyPath":"LINK_TO_LOGISTICAL_STATUS/DESCRIPTION","modelName":"catalogModel"}},"wdio_ui5_key":"etmportal.ui.managecontracts.view.Detailsap.m.ObjectStatus{\"propertyPath\":\"LINK_TO_LOGISTICAL_STATUS/DESCRIPTION\",\"modelName\":\"catalogModel\"}"}]}
RESULT: {"script":"<script> [1562 bytes]","args":[{"selector":{"controlType":"sap.m.ObjectStatus","viewName":"etm.portal.ui.managecontracts.view.Detail","bindingPath":{"propertyPath":"LINK_TO_LOGISTICAL_STATUS/DESCRIPTION","modelName":"catalogModel"}},"wdio_ui5_key":"etmportal.ui.managecontracts.view.Detailsap.m.ObjectStatus{\"propertyPath\":\"LINK_TO_LOGISTICAL_STATUS/DESCRIPTION\",\"modelName\":\"catalogModel\"}"}]}
RESULT: undefined
COMMAND: POST /session/cc787b9332752cdee0bcd1748733cdef/execute/async - {"script":"<script> [6424 bytes]","args":[{"element-6066-11e4-a52e-4f735466cecf":"f.40E06083F0E682023BA0E7AA24D478F4.d.BA742EF3FD8C3C646C1DA6580BB722BD.e.15478"},"getText",[]]}
RESULT: {"script":"<script> [6424 bytes]","args":[{"element-6066-11e4-a52e-4f735466cecf":"f.40E06083F0E682023BA0E7AA24D478F4.d.BA742EF3FD8C3C646C1DA6580BB722BD.e.15478"},"getText",[]]}
COMMAND: POST /session/cc787b9332752cdee0bcd1748733cdef/execute/async - {"script":"<script> [1562 bytes]","args":[{"selector":{"controlType":"sap.m.ObjectStatus","viewName":"etm.portal.ui.managecontracts.view.Detail","bindingPath":{"propertyPath":"LINK_TO_COMMERCIAL_STATUS/DESCRIPTION","modelName":"catalogModel"}},"wdio_ui5_key":"etmportal.ui.managecontracts.view.Detailsap.m.ObjectStatus{\"propertyPath\":\"LINK_TO_COMMERCIAL_STATUS/DESCRIPTION\",\"modelName\":\"catalogModel\"}"}]}
RESULT: {"script":"<script> [1562 bytes]","args":[{"selector":{"controlType":"sap.m.ObjectStatus","viewName":"etm.portal.ui.managecontracts.view.Detail","bindingPath":{"propertyPath":"LINK_TO_COMMERCIAL_STATUS/DESCRIPTION","modelName":"catalogModel"}},"wdio_ui5_key":"etmportal.ui.managecontracts.view.Detailsap.m.ObjectStatus{\"propertyPath\":\"LINK_TO_COMMERCIAL_STATUS/DESCRIPTION\",\"modelName\":\"catalogModel\"}"}]}
RESULT: undefined
COMMAND: POST /session/cc787b9332752cdee0bcd1748733cdef/execute/async - {"script":"<script> [6424 bytes]","args":[{"element-6066-11e4-a52e-4f735466cecf":"f.40E06083F0E682023BA0E7AA24D478F4.d.BA742EF3FD8C3C646C1DA6580BB722BD.e.15479"},"getText",[]]}
RESULT: {"script":"<script> [6424 bytes]","args":[{"element-6066-11e4-a52e-4f735466cecf":"f.40E06083F0E682023BA0E7AA24D478F4.d.BA742EF3FD8C3C646C1DA6580BB722BD.e.15479"},"getText",[]]}
COMMAND: POST /session/cc787b9332752cdee0bcd1748733cdef/execute/async - {"script":"<script> [1562 bytes]","args":[{"selector":{"id":"backBtn"},"wdio_ui5_key":"backBtn"}]}
RESULT: {"script":"<script> [1562 bytes]","args":[{"selector":{"id":"backBtn"},"wdio_ui5_key":"backBtn"}]}
RESULT: undefined
COMMAND: POST /session/cc787b9332752cdee0bcd1748733cdef/element - {"using":"xpath","value":"//*[@id=\"backBtn\"]"}
RESULT: {"using":"xpath","value":"//*[@id=\"backBtn\"]"}
COMMAND: POST /session/cc787b9332752cdee0bcd1748733cdef/element/f.40E06083F0E682023BA0E7AA24D478F4.d.BA742EF3FD8C3C646C1DA6580BB722BD.e.15480/click - {}
RESULT: {}
COMMAND: GET /session/cc787b9332752cdee0bcd1748733cdef/screenshot - {}
COMMAND: POST /session/cc787b9332752cdee0bcd1748733cdef/execute/async - {"script":"<script> [1562 bytes]","args":[{"selector":{"controlType":"sap.m.Text","viewName":"etm.portal.ui.managehandovers.view.DetailExecuteHO","bindingPath":{"propertyPath":"NO","modelName":"catalogModel"}},"wdio_ui5_key":"etmportal.ui.managehandovers.view.DetailExecuteHOsap.m.Text{\"propertyPath\":\"NO\",\"modelName\":\"catalogModel\"}"}]}
RESULT: {}
RESULT: {"script":"<script> [1562 bytes]","args":[{"selector":{"controlType":"sap.m.Text","viewName":"etm.portal.ui.managehandovers.view.DetailExecuteHO","bindingPath":{"propertyPath":"NO","modelName":"catalogModel"}},"wdio_ui5_key":"etmportal.ui.managehandovers.view.DetailExecuteHOsap.m.Text{\"propertyPath\":\"NO\",\"modelName\":\"catalogModel\"}"}]}
RESULT: undefined
COMMAND: POST /session/cc787b9332752cdee0bcd1748733cdef/execute/async - {"script":"<script> [6424 bytes]","args":[{"element-6066-11e4-a52e-4f735466cecf":"f.40E06083F0E682023BA0E7AA24D478F4.d.BA742EF3FD8C3C646C1DA6580BB722BD.e.15636"},"getText",[]]}
RESULT: {"script":"<script> [6424 bytes]","args":[{"element-6066-11e4-a52e-4f735466cecf":"f.40E06083F0E682023BA0E7AA24D478F4.d.BA742EF3FD8C3C646C1DA6580BB722BD.e.15636"},"getText",[]]}
COMMAND: POST /session/cc787b9332752cdee0bcd1748733cdef/element - {"using":"xpath","value":"//input[contains(@id ,\"issueDatePicker-inner\")]"}
RESULT: {"using":"xpath","value":"//input[contains(@id ,\"issueDatePicker-inner\")]"}
COMMAND: GET /session/cc787b9332752cdee0bcd1748733cdef/element/f.40E06083F0E682023BA0E7AA24D478F4.d.BA742EF3FD8C3C646C1DA6580BB722BD.e.15610/property/value - {}
RESULT: {}
COMMAND: POST /session/cc787b9332752cdee0bcd1748733cdef/element/f.40E06083F0E682023BA0E7AA24D478F4.d.BA742EF3FD8C3C646C1DA6580BB722BD.e.15610/clear - {}
COMMAND: GET /session/cc787b9332752cdee0bcd1748733cdef/screenshot - {}
RESULT: {}
COMMAND: POST /session/cc787b9332752cdee0bcd1748733cdef/element/f.40E06083F0E682023BA0E7AA24D478F4.d.BA742EF3FD8C3C646C1DA6580BB722BD.e.15610/value - {"text":"06/14/25"}
COMMAND: GET /session/cc787b9332752cdee0bcd1748733cdef/screenshot - {}
RESULT: {}
RESULT: {"text":"06/14/25"}
COMMAND: GET /session/cc787b9332752cdee0bcd1748733cdef/screenshot - {}
RESULT: {}
RESULT: {}
COMMAND: POST /session/cc787b9332752cdee0bcd1748733cdef/execute/async - {"script":"<script> [1562 bytes]","args":[{"selector":{"controlType":"sap.m.Button","viewName":"etm.portal.ui.managehandovers.view.DetailExecuteHO","i18NText":{"propertyName":"text","key":"confirmAll"},"interaction":{"idSuffix":"inner"}},"wdio_ui5_key":"etmportal.ui.managehandovers.view.DetailExecuteHOsap.m.Button{\"propertyName\":\"text\",\"key\":\"confirmAll\"}"}]}
RESULT: {"script":"<script> [1562 bytes]","args":[{"selector":{"controlType":"sap.m.Button","viewName":"etm.portal.ui.managehandovers.view.DetailExecuteHO","i18NText":{"propertyName":"text","key":"confirmAll"},"interaction":{"idSuffix":"inner"}},"wdio_ui5_key":"etmportal.ui.managehandovers.view.DetailExecuteHOsap.m.Button{\"propertyName\":\"text\",\"key\":\"confirmAll\"}"}]}
RESULT: undefined
COMMAND: POST /session/cc787b9332752cdee0bcd1748733cdef/element - {"using":"xpath","value":"//*[@id=\"__button255\"]"}
RESULT: {"using":"xpath","value":"//*[@id=\"__button255\"]"}
COMMAND: POST /session/cc787b9332752cdee0bcd1748733cdef/element/f.40E06083F0E682023BA0E7AA24D478F4.d.BA742EF3FD8C3C646C1DA6580BB722BD.e.15643/click - {}
COMMAND: POST /session/cc787b9332752cdee0bcd1748733cdef/actions - {"actions":[{"id":"action83","type":"key","parameters":{},"actions":[{"type":"keyDown","value":""},{"type":"pause","duration":10},{"type":"keyUp","value":""}]}]}
RESULT: {"actions":[{"id":"action83","type":"key","parameters":{},"actions":[{"type":"keyDown","value":""},{"type":"pause","duration":10},{"type":"keyUp","value":""}]}]}
COMMAND: GET /session/cc787b9332752cdee0bcd1748733cdef/screenshot - {}
RESULT: {}
RESULT: undefined
COMMAND: POST /session/cc787b9332752cdee0bcd1748733cdef/element - {"using":"xpath","value":"//*[@id=\"__button255\"]"}
RESULT: {"using":"xpath","value":"//*[@id=\"__button255\"]"}
COMMAND: POST /session/cc787b9332752cdee0bcd1748733cdef/element/f.40E06083F0E682023BA0E7AA24D478F4.d.BA742EF3FD8C3C646C1DA6580BB722BD.e.15643/click - {}
RESULT: {}
COMMAND: GET /session/cc787b9332752cdee0bcd1748733cdef/screenshot - {}
RESULT: {}
COMMAND: POST /session/cc787b9332752cdee0bcd1748733cdef/execute/async - {"script":"<script> [1562 bytes]","args":[{"selector":{"controlType":"sap.m.Button","properties":{"text":"OK"},"searchOpenDialogs":true,"interaction":{"idSuffix":"content"}},"wdio_ui5_key":"sapm.Button{\"text\":\"OK\"}"}]}
RESULT: {"script":"<script> [1562 bytes]","args":[{"selector":{"controlType":"sap.m.Button","properties":{"text":"OK"},"searchOpenDialogs":true,"interaction":{"idSuffix":"content"}},"wdio_ui5_key":"sapm.Button{\"text\":\"OK\"}"}]}
RESULT: undefined
COMMAND: POST /session/cc787b9332752cdee0bcd1748733cdef/element - {"using":"xpath","value":"//*[@id=\"__mbox-btn-3\"]"}
RESULT: {"using":"xpath","value":"//*[@id=\"__mbox-btn-3\"]"}
COMMAND: POST /session/cc787b9332752cdee0bcd1748733cdef/element/f.40E06083F0E682023BA0E7AA24D478F4.d.BA742EF3FD8C3C646C1DA6580BB722BD.e.15644/click - {}
RESULT: {}
COMMAND: GET /session/cc787b9332752cdee0bcd1748733cdef/screenshot - {}
RESULT: {}
COMMAND: POST /session/cc787b9332752cdee0bcd1748733cdef/element - {"using":"xpath","value":"//button[contains(@data-kt ,\"execHoPickFooterButton\")]"}
RESULT: {"using":"xpath","value":"//button[contains(@data-kt ,\"execHoPickFooterButton\")]"}
COMMAND: POST /session/cc787b9332752cdee0bcd1748733cdef/element/f.40E06083F0E682023BA0E7AA24D478F4.d.BA742EF3FD8C3C646C1DA6580BB722BD.e.15648/click - {}
RESULT: {}
COMMAND: GET /session/cc787b9332752cdee0bcd1748733cdef/screenshot - {}
RESULT: {}
COMMAND: POST /session/cc787b9332752cdee0bcd1748733cdef/refresh - {}
RESULT: {}
COMMAND: GET /session/cc787b9332752cdee0bcd1748733cdef/screenshot - {}
RESULT: {}
COMMAND: POST /session/cc787b9332752cdee0bcd1748733cdef/refresh - {}
RESULT: {}
COMMAND: GET /session/cc787b9332752cdee0bcd1748733cdef/screenshot - {}
RESULT: {}
COMMAND: POST /session/cc787b9332752cdee0bcd1748733cdef/window/fullscreen - {}
RESULT: {}
COMMAND: POST /session/cc787b9332752cdee0bcd1748733cdef/execute/async - {"script":"<script> [189 bytes]","args":[]}
RESULT: {"script":"<script> [189 bytes]","args":[]}
COMMAND: POST /session/cc787b9332752cdee0bcd1748733cdef/execute/async - {"script":"<script> [123 bytes]","args":[]}
RESULT: {"script":"<script> [123 bytes]","args":[]}
COMMAND: POST /session/cc787b9332752cdee0bcd1748733cdef/timeouts - {"script":"<number>"}
RESULT: {"script":"<number>"}
COMMAND: GET /session/cc787b9332752cdee0bcd1748733cdef/timeouts - {}
RESULT: {}
RESULT: undefined
COMMAND: POST /session/cc787b9332752cdee0bcd1748733cdef/execute/async - {"script":"<script> [2676 bytes]","args":[]}
RESULT: {"script":"<script> [2676 bytes]","args":[]}
COMMAND: POST /session/cc787b9332752cdee0bcd1748733cdef/execute/async - {"script":"<script> [2342 bytes]","args":[{"protocol":"http","hostname":"0.0.0.0","path":"/","capabilities":{"browserName":"chrome","goog:chromeOptions":{"binary":"C:\\Program Files\\Google\\Chrome\\Application\\chrome.exe","args":["--start-maximized"]}},"logLevel":"warn","connectionRetryTimeout":120000,"connectionRetryCount":3,"logLevels":{},"enableDirectConnect":true,"strictSSL":true,"_":"65 more keys: [\"cacheDir\",\"port\",\"requestedCapabilities\",\"automationProtocol\",\"baseUrl\",\"waitforInterval\",\"waitforTimeout\",\"onReload\",\"beforeCommand\",\"afterCommand\",\"rootDir\",\"specs\",\"suites\",\"exclude\",\"groupLogsByTestSpec\",\"excludeDriverLogs\",\"bail\",\"framework\",\"reporters\",\"services\",\"maxInstances\",\"maxInstancesPerCapability\",\"injectGlobals\",\"filesToWatch\",\"execArgv\",\"runnerEnv\",\"runner\",\"shard\",\"specFileRetries\",\"specFileRetriesDelay\",\"specFileRetriesDeferred\",\"reporterSyncInterval\",\"reporterSyncTimeout\",\"cucumberFeaturesWithLineNumbers\",\"autoCompileOpts\",\"mochaOpts\",\"jasmineOpts\",\"cucumberOpts\",\"onPrepare\",\"onWorkerStart\",\"onWorkerEnd\",\"before\",\"beforeSession\",\"beforeSuite\",\"beforeHook\",\"beforeTest\",\"afterTest\",\"afterHook\",\"afterSuite\",\"afterSession\",\"after\",\"onComplete\",\"beforeAssertion\",\"afterAssertion\",\"beforeFeature\",\"beforeScenario\",\"beforeStep\",\"afterStep\",\"afterScenario\",\"afterFeature\",\"_\",\"suite\",\"$0\",\"ignoredWorkerServices\",\"wdi5\"]"}]}
RESULT: {"script":"<script> [2342 bytes]","args":[{"protocol":"http","hostname":"0.0.0.0","path":"/","capabilities":{"browserName":"chrome","goog:chromeOptions":{"binary":"C:\\Program Files\\Google\\Chrome\\Application\\chrome.exe","args":["--start-maximized"]}},"logLevel":"warn","connectionRetryTimeout":120000,"connectionRetryCount":3,"logLevels":{},"enableDirectConnect":true,"strictSSL":true,"_":"65 more keys: [\"cacheDir\",\"port\",\"requestedCapabilities\",\"automationProtocol\",\"baseUrl\",\"waitforInterval\",\"waitforTimeout\",\"onReload\",\"beforeCommand\",\"afterCommand\",\"rootDir\",\"specs\",\"suites\",\"exclude\",\"groupLogsByTestSpec\",\"excludeDriverLogs\",\"bail\",\"framework\",\"reporters\",\"services\",\"maxInstances\",\"maxInstancesPerCapability\",\"injectGlobals\",\"filesToWatch\",\"execArgv\",\"runnerEnv\",\"runner\",\"shard\",\"specFileRetries\",\"specFileRetriesDelay\",\"specFileRetriesDeferred\",\"reporterSyncInterval\",\"reporterSyncTimeout\",\"cucumberFeaturesWithLineNumbers\",\"autoCompileOpts\",\"mochaOpts\",\"jasmineOpts\",\"cucumberOpts\",\"onPrepare\",\"onWorkerStart\",\"onWorkerEnd\",\"before\",\"beforeSession\",\"beforeSuite\",\"beforeHook\",\"beforeTest\",\"afterTest\",\"afterHook\",\"afterSuite\",\"afterSession\",\"after\",\"onComplete\",\"beforeAssertion\",\"afterAssertion\",\"beforeFeature\",\"beforeScenario\",\"beforeStep\",\"afterStep\",\"afterScenario\",\"afterFeature\",\"_\",\"suite\",\"$0\",\"ignoredWorkerServices\",\"wdi5\"]"}]}
COMMAND: POST /session/cc787b9332752cdee0bcd1748733cdef/execute/async - {"script":"<script> [21126 bytes]","args":[35000]}
RESULT: {"script":"<script> [21126 bytes]","args":[35000]}
COMMAND: POST /session/cc787b9332752cdee0bcd1748733cdef/execute/async - {"script":"<script> [1562 bytes]","args":[{"selector":{"controlType":"sap.m.SearchField","viewName":"etm.portal.ui.managehandovers.view.MasterHO","bindingPath":{"path":"","propertyPath":"/_BASIC_SEARCH_FIELD","modelName":"fi1t3rM0d31"},"interaction":{"idSuffix":"I"}},"wdio_ui5_key":"etmportal.ui.managehandovers.view.MasterHOsap.m.SearchField{\"path\":\"\",\"propertyPath\":\"/_BASIC_SEARCH_FIELD\",\"modelName\":\"fi1t3rM0d31\"}"}]}
RESULT: {"script":"<script> [1562 bytes]","args":[{"selector":{"controlType":"sap.m.SearchField","viewName":"etm.portal.ui.managehandovers.view.MasterHO","bindingPath":{"path":"","propertyPath":"/_BASIC_SEARCH_FIELD","modelName":"fi1t3rM0d31"},"interaction":{"idSuffix":"I"}},"wdio_ui5_key":"etmportal.ui.managehandovers.view.MasterHOsap.m.SearchField{\"path\":\"\",\"propertyPath\":\"/_BASIC_SEARCH_FIELD\",\"modelName\":\"fi1t3rM0d31\"}"}]}
RESULT: undefined
COMMAND: POST /session/cc787b9332752cdee0bcd1748733cdef/execute/async - {"script":"<script> [776 bytes]","args":[{"enterText":"30455","selector":{"controlType":"sap.m.SearchField","viewName":"etm.portal.ui.managehandovers.view.MasterHO","bindingPath":{"path":"","propertyPath":"/_BASIC_SEARCH_FIELD","modelName":"fi1t3rM0d31"},"interaction":{"idSuffix":"I"}},"clearTextFirst":true,"interactionType":"ENTER_TEXT"}]}
RESULT: {"script":"<script> [776 bytes]","args":[{"enterText":"30455","selector":{"controlType":"sap.m.SearchField","viewName":"etm.portal.ui.managehandovers.view.MasterHO","bindingPath":{"path":"","propertyPath":"/_BASIC_SEARCH_FIELD","modelName":"fi1t3rM0d31"},"interaction":{"idSuffix":"I"}},"clearTextFirst":true,"interactionType":"ENTER_TEXT"}]}
COMMAND: POST /session/cc787b9332752cdee0bcd1748733cdef/actions - {"actions":[{"id":"action84","type":"key","parameters":{},"actions":[{"type":"keyDown","value":""},{"type":"pause","duration":10},{"type":"keyUp","value":""}]}]}
RESULT: {"actions":[{"id":"action84","type":"key","parameters":{},"actions":[{"type":"keyDown","value":""},{"type":"pause","duration":10},{"type":"keyUp","value":""}]}]}
COMMAND: GET /session/cc787b9332752cdee0bcd1748733cdef/screenshot - {}
RESULT: {}
COMMAND: POST /session/cc787b9332752cdee0bcd1748733cdef/execute/async - {"script":"<script> [1562 bytes]","args":[{"selector":{"controlType":"sap.m.Title","viewName":"etm.portal.ui.managehandovers.view.MasterHO","properties":{"text":"Records (1)"}},"wdio_ui5_key":"etmportal.ui.managehandovers.view.MasterHOsap.m.Title{\"text\":\"Records (1)\"}"}]}
RESULT: {"script":"<script> [1562 bytes]","args":[{"selector":{"controlType":"sap.m.Title","viewName":"etm.portal.ui.managehandovers.view.MasterHO","properties":{"text":"Records (1)"}},"wdio_ui5_key":"etmportal.ui.managehandovers.view.MasterHOsap.m.Title{\"text\":\"Records (1)\"}"}]}
RESULT: undefined
COMMAND: POST /session/cc787b9332752cdee0bcd1748733cdef/execute/async - {"script":"<script> [6424 bytes]","args":[{"element-6066-11e4-a52e-4f735466cecf":"f.40E06083F0E682023BA0E7AA24D478F4.d.96809488B14ADE1182C704D5791856A8.e.15981"},"getText",[]]}
RESULT: {"script":"<script> [6424 bytes]","args":[{"element-6066-11e4-a52e-4f735466cecf":"f.40E06083F0E682023BA0E7AA24D478F4.d.96809488B14ADE1182C704D5791856A8.e.15981"},"getText",[]]}
COMMAND: POST /session/cc787b9332752cdee0bcd1748733cdef/execute/async - {"script":"<script> [1562 bytes]","args":[{"selector":{"controlType":"sap.ui.core.Icon","viewName":"etm.portal.ui.managehandovers.view.MasterHO","properties":{"src":{"regex":{"source":"slim\\-arrow\\-right"}}}},"wdio_ui5_key":"etmportal.ui.managehandovers.view.MasterHOsap.ui.core.Icon{\"src\":{\"regex\":{\"source\":\"slim\\\\-arrow\\\\-right\"}}}"}]}
RESULT: {"script":"<script> [1562 bytes]","args":[{"selector":{"controlType":"sap.ui.core.Icon","viewName":"etm.portal.ui.managehandovers.view.MasterHO","properties":{"src":{"regex":{"source":"slim\\-arrow\\-right"}}}},"wdio_ui5_key":"etmportal.ui.managehandovers.view.MasterHOsap.ui.core.Icon{\"src\":{\"regex\":{\"source\":\"slim\\\\-arrow\\\\-right\"}}}"}]}
RESULT: undefined
COMMAND: POST /session/cc787b9332752cdee0bcd1748733cdef/element - {"using":"xpath","value":"//*[@id=\"__item17-__clone17-imgNav\"]"}
RESULT: {"using":"xpath","value":"//*[@id=\"__item17-__clone17-imgNav\"]"}
COMMAND: POST /session/cc787b9332752cdee0bcd1748733cdef/element/f.40E06083F0E682023BA0E7AA24D478F4.d.96809488B14ADE1182C704D5791856A8.e.15911/click - {}
RESULT: {}
COMMAND: GET /session/cc787b9332752cdee0bcd1748733cdef/screenshot - {}
RESULT: {}
COMMAND: POST /session/cc787b9332752cdee0bcd1748733cdef/element - {"using":"xpath","value":"//a[contains(@data-kt ,\"GeneralSectionReceiveContracttLink\")]"}
RESULT: {"using":"xpath","value":"//a[contains(@data-kt ,\"GeneralSectionReceiveContracttLink\")]"}
COMMAND: POST /session/cc787b9332752cdee0bcd1748733cdef/element/f.40E06083F0E682023BA0E7AA24D478F4.d.96809488B14ADE1182C704D5791856A8.e.15982/click - {}
RESULT: {}
COMMAND: GET /session/cc787b9332752cdee0bcd1748733cdef/screenshot - {}
RESULT: {}
COMMAND: POST /session/cc787b9332752cdee0bcd1748733cdef/element - {"using":"xpath","value":"//a[contains(@data-kt ,\"ContextMenuId2Link\")]"}
RESULT: {"using":"xpath","value":"//a[contains(@data-kt ,\"ContextMenuId2Link\")]"}
COMMAND: POST /session/cc787b9332752cdee0bcd1748733cdef/element/f.40E06083F0E682023BA0E7AA24D478F4.d.96809488B14ADE1182C704D5791856A8.e.15984/click - {}
RESULT: {}
COMMAND: GET /session/cc787b9332752cdee0bcd1748733cdef/screenshot - {}
RESULT: {}
COMMAND: POST /session/cc787b9332752cdee0bcd1748733cdef/execute/async - {"script":"<script> [1562 bytes]","args":[{"selector":{"controlType":"sap.m.ObjectStatus","viewName":"etm.portal.ui.managecontracts.view.Detail","bindingPath":{"propertyPath":"LINK_TO_LOGISTICAL_STATUS/DESCRIPTION","modelName":"catalogModel"}},"wdio_ui5_key":"etmportal.ui.managecontracts.view.Detailsap.m.ObjectStatus{\"propertyPath\":\"LINK_TO_LOGISTICAL_STATUS/DESCRIPTION\",\"modelName\":\"catalogModel\"}"}]}
RESULT: {"script":"<script> [1562 bytes]","args":[{"selector":{"controlType":"sap.m.ObjectStatus","viewName":"etm.portal.ui.managecontracts.view.Detail","bindingPath":{"propertyPath":"LINK_TO_LOGISTICAL_STATUS/DESCRIPTION","modelName":"catalogModel"}},"wdio_ui5_key":"etmportal.ui.managecontracts.view.Detailsap.m.ObjectStatus{\"propertyPath\":\"LINK_TO_LOGISTICAL_STATUS/DESCRIPTION\",\"modelName\":\"catalogModel\"}"}]}
RESULT: undefined
COMMAND: POST /session/cc787b9332752cdee0bcd1748733cdef/execute/async - {"script":"<script> [6424 bytes]","args":[{"element-6066-11e4-a52e-4f735466cecf":"f.40E06083F0E682023BA0E7AA24D478F4.d.96809488B14ADE1182C704D5791856A8.e.16196"},"getText",[]]}
RESULT: {"script":"<script> [6424 bytes]","args":[{"element-6066-11e4-a52e-4f735466cecf":"f.40E06083F0E682023BA0E7AA24D478F4.d.96809488B14ADE1182C704D5791856A8.e.16196"},"getText",[]]}
COMMAND: GET /session/cc787b9332752cdee0bcd1748733cdef/screenshot - {}
RESULT: {}
]]></system-out>
      <system-err><![CDATA[
Error: expect(received).toEqual(expected) // deep equality

Expected: "partial provided"
Received: "provide (prepared)"
    at Context.<anonymous> (D:\a\1\s\test\specs\R2C\E2E-Logistical-and-commercial-status.spec.js:667:38)
]]></system-err>
    </testcase>
    <testcase classname="chrome.137_0_7151_69.windows.E2E_-_Logistical_and_commercial_statuses" name="It should follow the handover steps to the status fully returned" time="66.554">
      <failure/>
      <error message="Can't call click on element with selector &quot;//bdi[contains(@id ,&quot;application-managehandovers-display-component---AddNewHO--ObjectPageLayout-anchBar-application-managehandovers-display-component---AddNewHO--section4-anchor-BDI-content&quot;)]&quot; because element wasn't found"/>
      <system-out><![CDATA[
COMMAND: GET /session/cc787b9332752cdee0bcd1748733cdef/screenshot - {}
RESULT: {}
COMMAND: POST /session/cc787b9332752cdee0bcd1748733cdef/execute/async - {"script":"<script> [1562 bytes]","args":[{"selector":{"id":"contractDetailReturnButton","viewName":"etm.portal.ui.managecontracts.view.Detail","interaction":{"idSuffix":"BDI-content"}},"wdio_ui5_key":"contractDetailReturnButtonetmportal.ui.managecontracts.view.Detail"}]}
RESULT: {"script":"<script> [1562 bytes]","args":[{"selector":{"id":"contractDetailReturnButton","viewName":"etm.portal.ui.managecontracts.view.Detail","interaction":{"idSuffix":"BDI-content"}},"wdio_ui5_key":"contractDetailReturnButtonetmportal.ui.managecontracts.view.Detail"}]}
RESULT: undefined
COMMAND: POST /session/cc787b9332752cdee0bcd1748733cdef/element - {"using":"xpath","value":"//*[@id=\"__xmlview3--contractDetailReturnButton\"]"}
RESULT: {"using":"xpath","value":"//*[@id=\"__xmlview3--contractDetailReturnButton\"]"}
COMMAND: POST /session/cc787b9332752cdee0bcd1748733cdef/element/f.40E06083F0E682023BA0E7AA24D478F4.d.96809488B14ADE1182C704D5791856A8.e.16104/click - {}
RESULT: {}
COMMAND: POST /session/cc787b9332752cdee0bcd1748733cdef/execute/async - {"script":"<script> [1562 bytes]","args":[{"selector":{"id":"application-managehandovers-display-component---AddNewHO--dueDate","interaction":{"idSuffix":"inner"}},"wdio_ui5_key":"applicationmanagehandovers-display-component---AddNewHO--dueDate"}]}
COMMAND: GET /session/cc787b9332752cdee0bcd1748733cdef/screenshot - {}
RESULT: {"script":"<script> [1562 bytes]","args":[{"selector":{"id":"application-managehandovers-display-component---AddNewHO--dueDate","interaction":{"idSuffix":"inner"}},"wdio_ui5_key":"applicationmanagehandovers-display-component---AddNewHO--dueDate"}]}
RESULT: undefined
COMMAND: POST /session/cc787b9332752cdee0bcd1748733cdef/element - {"using":"xpath","value":"//bdi[contains(@id ,\"application-managehandovers-display-component---AddNewHO--ObjectPageLayout-anchBar-application-managehandovers-display-component---AddNewHO--section4-anchor-BDI-content\")]"}
RESULT: {}
RESULT: {"using":"xpath","value":"//bdi[contains(@id ,\"application-managehandovers-display-component---AddNewHO--ObjectPageLayout-anchBar-application-managehandovers-display-component---AddNewHO--section4-anchor-BDI-content\")]"}
COMMAND: POST /session/cc787b9332752cdee0bcd1748733cdef/elements - {"using":"xpath","value":"//bdi[contains(@id ,\"application-managehandovers-display-component---AddNewHO--ObjectPageLayout-anchBar-application-managehandovers-display-component---AddNewHO--section4-anchor-BDI-content\")]"}
RESULT: {"using":"xpath","value":"//bdi[contains(@id ,\"application-managehandovers-display-component---AddNewHO--ObjectPageLayout-anchBar-application-managehandovers-display-component---AddNewHO--section4-anchor-BDI-content\")]"}
COMMAND: POST /session/cc787b9332752cdee0bcd1748733cdef/elements - {"using":"xpath","value":"//bdi[contains(@id ,\"application-managehandovers-display-component---AddNewHO--ObjectPageLayout-anchBar-application-managehandovers-display-component---AddNewHO--section4-anchor-BDI-content\")]"}
RESULT: {"using":"xpath","value":"//bdi[contains(@id ,\"application-managehandovers-display-component---AddNewHO--ObjectPageLayout-anchBar-application-managehandovers-display-component---AddNewHO--section4-anchor-BDI-content\")]"}
COMMAND: POST /session/cc787b9332752cdee0bcd1748733cdef/elements - {"using":"xpath","value":"//bdi[contains(@id ,\"application-managehandovers-display-component---AddNewHO--ObjectPageLayout-anchBar-application-managehandovers-display-component---AddNewHO--section4-anchor-BDI-content\")]"}
RESULT: {"using":"xpath","value":"//bdi[contains(@id ,\"application-managehandovers-display-component---AddNewHO--ObjectPageLayout-anchBar-application-managehandovers-display-component---AddNewHO--section4-anchor-BDI-content\")]"}
COMMAND: POST /session/cc787b9332752cdee0bcd1748733cdef/elements - {"using":"xpath","value":"//bdi[contains(@id ,\"application-managehandovers-display-component---AddNewHO--ObjectPageLayout-anchBar-application-managehandovers-display-component---AddNewHO--section4-anchor-BDI-content\")]"}
RESULT: {"using":"xpath","value":"//bdi[contains(@id ,\"application-managehandovers-display-component---AddNewHO--ObjectPageLayout-anchBar-application-managehandovers-display-component---AddNewHO--section4-anchor-BDI-content\")]"}
COMMAND: POST /session/cc787b9332752cdee0bcd1748733cdef/elements - {"using":"xpath","value":"//bdi[contains(@id ,\"application-managehandovers-display-component---AddNewHO--ObjectPageLayout-anchBar-application-managehandovers-display-component---AddNewHO--section4-anchor-BDI-content\")]"}
RESULT: {"using":"xpath","value":"//bdi[contains(@id ,\"application-managehandovers-display-component---AddNewHO--ObjectPageLayout-anchBar-application-managehandovers-display-component---AddNewHO--section4-anchor-BDI-content\")]"}
COMMAND: POST /session/cc787b9332752cdee0bcd1748733cdef/elements - {"using":"xpath","value":"//bdi[contains(@id ,\"application-managehandovers-display-component---AddNewHO--ObjectPageLayout-anchBar-application-managehandovers-display-component---AddNewHO--section4-anchor-BDI-content\")]"}
RESULT: {"using":"xpath","value":"//bdi[contains(@id ,\"application-managehandovers-display-component---AddNewHO--ObjectPageLayout-anchBar-application-managehandovers-display-component---AddNewHO--section4-anchor-BDI-content\")]"}
COMMAND: POST /session/cc787b9332752cdee0bcd1748733cdef/elements - {"using":"xpath","value":"//bdi[contains(@id ,\"application-managehandovers-display-component---AddNewHO--ObjectPageLayout-anchBar-application-managehandovers-display-component---AddNewHO--section4-anchor-BDI-content\")]"}
RESULT: {"using":"xpath","value":"//bdi[contains(@id ,\"application-managehandovers-display-component---AddNewHO--ObjectPageLayout-anchBar-application-managehandovers-display-component---AddNewHO--section4-anchor-BDI-content\")]"}
COMMAND: POST /session/cc787b9332752cdee0bcd1748733cdef/elements - {"using":"xpath","value":"//bdi[contains(@id ,\"application-managehandovers-display-component---AddNewHO--ObjectPageLayout-anchBar-application-managehandovers-display-component---AddNewHO--section4-anchor-BDI-content\")]"}
RESULT: {"using":"xpath","value":"//bdi[contains(@id ,\"application-managehandovers-display-component---AddNewHO--ObjectPageLayout-anchBar-application-managehandovers-display-component---AddNewHO--section4-anchor-BDI-content\")]"}
COMMAND: POST /session/cc787b9332752cdee0bcd1748733cdef/elements - {"using":"xpath","value":"//bdi[contains(@id ,\"application-managehandovers-display-component---AddNewHO--ObjectPageLayout-anchBar-application-managehandovers-display-component---AddNewHO--section4-anchor-BDI-content\")]"}
RESULT: {"using":"xpath","value":"//bdi[contains(@id ,\"application-managehandovers-display-component---AddNewHO--ObjectPageLayout-anchBar-application-managehandovers-display-component---AddNewHO--section4-anchor-BDI-content\")]"}
COMMAND: POST /session/cc787b9332752cdee0bcd1748733cdef/elements - {"using":"xpath","value":"//bdi[contains(@id ,\"application-managehandovers-display-component---AddNewHO--ObjectPageLayout-anchBar-application-managehandovers-display-component---AddNewHO--section4-anchor-BDI-content\")]"}
RESULT: {"using":"xpath","value":"//bdi[contains(@id ,\"application-managehandovers-display-component---AddNewHO--ObjectPageLayout-anchBar-application-managehandovers-display-component---AddNewHO--section4-anchor-BDI-content\")]"}
COMMAND: POST /session/cc787b9332752cdee0bcd1748733cdef/elements - {"using":"xpath","value":"//bdi[contains(@id ,\"application-managehandovers-display-component---AddNewHO--ObjectPageLayout-anchBar-application-managehandovers-display-component---AddNewHO--section4-anchor-BDI-content\")]"}
RESULT: {"using":"xpath","value":"//bdi[contains(@id ,\"application-managehandovers-display-component---AddNewHO--ObjectPageLayout-anchBar-application-managehandovers-display-component---AddNewHO--section4-anchor-BDI-content\")]"}
COMMAND: POST /session/cc787b9332752cdee0bcd1748733cdef/elements - {"using":"xpath","value":"//bdi[contains(@id ,\"application-managehandovers-display-component---AddNewHO--ObjectPageLayout-anchBar-application-managehandovers-display-component---AddNewHO--section4-anchor-BDI-content\")]"}
RESULT: {"using":"xpath","value":"//bdi[contains(@id ,\"application-managehandovers-display-component---AddNewHO--ObjectPageLayout-anchBar-application-managehandovers-display-component---AddNewHO--section4-anchor-BDI-content\")]"}
COMMAND: POST /session/cc787b9332752cdee0bcd1748733cdef/elements - {"using":"xpath","value":"//bdi[contains(@id ,\"application-managehandovers-display-component---AddNewHO--ObjectPageLayout-anchBar-application-managehandovers-display-component---AddNewHO--section4-anchor-BDI-content\")]"}
RESULT: {"using":"xpath","value":"//bdi[contains(@id ,\"application-managehandovers-display-component---AddNewHO--ObjectPageLayout-anchBar-application-managehandovers-display-component---AddNewHO--section4-anchor-BDI-content\")]"}
COMMAND: POST /session/cc787b9332752cdee0bcd1748733cdef/elements - {"using":"xpath","value":"//bdi[contains(@id ,\"application-managehandovers-display-component---AddNewHO--ObjectPageLayout-anchBar-application-managehandovers-display-component---AddNewHO--section4-anchor-BDI-content\")]"}
RESULT: {"using":"xpath","value":"//bdi[contains(@id ,\"application-managehandovers-display-component---AddNewHO--ObjectPageLayout-anchBar-application-managehandovers-display-component---AddNewHO--section4-anchor-BDI-content\")]"}
COMMAND: POST /session/cc787b9332752cdee0bcd1748733cdef/elements - {"using":"xpath","value":"//bdi[contains(@id ,\"application-managehandovers-display-component---AddNewHO--ObjectPageLayout-anchBar-application-managehandovers-display-component---AddNewHO--section4-anchor-BDI-content\")]"}
RESULT: {"using":"xpath","value":"//bdi[contains(@id ,\"application-managehandovers-display-component---AddNewHO--ObjectPageLayout-anchBar-application-managehandovers-display-component---AddNewHO--section4-anchor-BDI-content\")]"}
COMMAND: POST /session/cc787b9332752cdee0bcd1748733cdef/elements - {"using":"xpath","value":"//bdi[contains(@id ,\"application-managehandovers-display-component---AddNewHO--ObjectPageLayout-anchBar-application-managehandovers-display-component---AddNewHO--section4-anchor-BDI-content\")]"}
RESULT: {"using":"xpath","value":"//bdi[contains(@id ,\"application-managehandovers-display-component---AddNewHO--ObjectPageLayout-anchBar-application-managehandovers-display-component---AddNewHO--section4-anchor-BDI-content\")]"}
COMMAND: POST /session/cc787b9332752cdee0bcd1748733cdef/elements - {"using":"xpath","value":"//bdi[contains(@id ,\"application-managehandovers-display-component---AddNewHO--ObjectPageLayout-anchBar-application-managehandovers-display-component---AddNewHO--section4-anchor-BDI-content\")]"}
RESULT: {"using":"xpath","value":"//bdi[contains(@id ,\"application-managehandovers-display-component---AddNewHO--ObjectPageLayout-anchBar-application-managehandovers-display-component---AddNewHO--section4-anchor-BDI-content\")]"}
COMMAND: POST /session/cc787b9332752cdee0bcd1748733cdef/elements - {"using":"xpath","value":"//bdi[contains(@id ,\"application-managehandovers-display-component---AddNewHO--ObjectPageLayout-anchBar-application-managehandovers-display-component---AddNewHO--section4-anchor-BDI-content\")]"}
RESULT: {"using":"xpath","value":"//bdi[contains(@id ,\"application-managehandovers-display-component---AddNewHO--ObjectPageLayout-anchBar-application-managehandovers-display-component---AddNewHO--section4-anchor-BDI-content\")]"}
COMMAND: POST /session/cc787b9332752cdee0bcd1748733cdef/elements - {"using":"xpath","value":"//bdi[contains(@id ,\"application-managehandovers-display-component---AddNewHO--ObjectPageLayout-anchBar-application-managehandovers-display-component---AddNewHO--section4-anchor-BDI-content\")]"}
RESULT: {"using":"xpath","value":"//bdi[contains(@id ,\"application-managehandovers-display-component---AddNewHO--ObjectPageLayout-anchBar-application-managehandovers-display-component---AddNewHO--section4-anchor-BDI-content\")]"}
COMMAND: POST /session/cc787b9332752cdee0bcd1748733cdef/elements - {"using":"xpath","value":"//bdi[contains(@id ,\"application-managehandovers-display-component---AddNewHO--ObjectPageLayout-anchBar-application-managehandovers-display-component---AddNewHO--section4-anchor-BDI-content\")]"}
RESULT: {"using":"xpath","value":"//bdi[contains(@id ,\"application-managehandovers-display-component---AddNewHO--ObjectPageLayout-anchBar-application-managehandovers-display-component---AddNewHO--section4-anchor-BDI-content\")]"}
COMMAND: POST /session/cc787b9332752cdee0bcd1748733cdef/elements - {"using":"xpath","value":"//bdi[contains(@id ,\"application-managehandovers-display-component---AddNewHO--ObjectPageLayout-anchBar-application-managehandovers-display-component---AddNewHO--section4-anchor-BDI-content\")]"}
RESULT: {"using":"xpath","value":"//bdi[contains(@id ,\"application-managehandovers-display-component---AddNewHO--ObjectPageLayout-anchBar-application-managehandovers-display-component---AddNewHO--section4-anchor-BDI-content\")]"}
COMMAND: POST /session/cc787b9332752cdee0bcd1748733cdef/elements - {"using":"xpath","value":"//bdi[contains(@id ,\"application-managehandovers-display-component---AddNewHO--ObjectPageLayout-anchBar-application-managehandovers-display-component---AddNewHO--section4-anchor-BDI-content\")]"}
RESULT: {"using":"xpath","value":"//bdi[contains(@id ,\"application-managehandovers-display-component---AddNewHO--ObjectPageLayout-anchBar-application-managehandovers-display-component---AddNewHO--section4-anchor-BDI-content\")]"}
COMMAND: POST /session/cc787b9332752cdee0bcd1748733cdef/elements - {"using":"xpath","value":"//bdi[contains(@id ,\"application-managehandovers-display-component---AddNewHO--ObjectPageLayout-anchBar-application-managehandovers-display-component---AddNewHO--section4-anchor-BDI-content\")]"}
RESULT: {"using":"xpath","value":"//bdi[contains(@id ,\"application-managehandovers-display-component---AddNewHO--ObjectPageLayout-anchBar-application-managehandovers-display-component---AddNewHO--section4-anchor-BDI-content\")]"}
COMMAND: POST /session/cc787b9332752cdee0bcd1748733cdef/elements - {"using":"xpath","value":"//bdi[contains(@id ,\"application-managehandovers-display-component---AddNewHO--ObjectPageLayout-anchBar-application-managehandovers-display-component---AddNewHO--section4-anchor-BDI-content\")]"}
RESULT: {"using":"xpath","value":"//bdi[contains(@id ,\"application-managehandovers-display-component---AddNewHO--ObjectPageLayout-anchBar-application-managehandovers-display-component---AddNewHO--section4-anchor-BDI-content\")]"}
COMMAND: POST /session/cc787b9332752cdee0bcd1748733cdef/elements - {"using":"xpath","value":"//bdi[contains(@id ,\"application-managehandovers-display-component---AddNewHO--ObjectPageLayout-anchBar-application-managehandovers-display-component---AddNewHO--section4-anchor-BDI-content\")]"}
RESULT: {"using":"xpath","value":"//bdi[contains(@id ,\"application-managehandovers-display-component---AddNewHO--ObjectPageLayout-anchBar-application-managehandovers-display-component---AddNewHO--section4-anchor-BDI-content\")]"}
COMMAND: POST /session/cc787b9332752cdee0bcd1748733cdef/elements - {"using":"xpath","value":"//bdi[contains(@id ,\"application-managehandovers-display-component---AddNewHO--ObjectPageLayout-anchBar-application-managehandovers-display-component---AddNewHO--section4-anchor-BDI-content\")]"}
RESULT: {"using":"xpath","value":"//bdi[contains(@id ,\"application-managehandovers-display-component---AddNewHO--ObjectPageLayout-anchBar-application-managehandovers-display-component---AddNewHO--section4-anchor-BDI-content\")]"}
COMMAND: POST /session/cc787b9332752cdee0bcd1748733cdef/elements - {"using":"xpath","value":"//bdi[contains(@id ,\"application-managehandovers-display-component---AddNewHO--ObjectPageLayout-anchBar-application-managehandovers-display-component---AddNewHO--section4-anchor-BDI-content\")]"}
RESULT: {"using":"xpath","value":"//bdi[contains(@id ,\"application-managehandovers-display-component---AddNewHO--ObjectPageLayout-anchBar-application-managehandovers-display-component---AddNewHO--section4-anchor-BDI-content\")]"}
COMMAND: POST /session/cc787b9332752cdee0bcd1748733cdef/elements - {"using":"xpath","value":"//bdi[contains(@id ,\"application-managehandovers-display-component---AddNewHO--ObjectPageLayout-anchBar-application-managehandovers-display-component---AddNewHO--section4-anchor-BDI-content\")]"}
RESULT: {"using":"xpath","value":"//bdi[contains(@id ,\"application-managehandovers-display-component---AddNewHO--ObjectPageLayout-anchBar-application-managehandovers-display-component---AddNewHO--section4-anchor-BDI-content\")]"}
COMMAND: POST /session/cc787b9332752cdee0bcd1748733cdef/elements - {"using":"xpath","value":"//bdi[contains(@id ,\"application-managehandovers-display-component---AddNewHO--ObjectPageLayout-anchBar-application-managehandovers-display-component---AddNewHO--section4-anchor-BDI-content\")]"}
RESULT: {"using":"xpath","value":"//bdi[contains(@id ,\"application-managehandovers-display-component---AddNewHO--ObjectPageLayout-anchBar-application-managehandovers-display-component---AddNewHO--section4-anchor-BDI-content\")]"}
COMMAND: POST /session/cc787b9332752cdee0bcd1748733cdef/elements - {"using":"xpath","value":"//bdi[contains(@id ,\"application-managehandovers-display-component---AddNewHO--ObjectPageLayout-anchBar-application-managehandovers-display-component---AddNewHO--section4-anchor-BDI-content\")]"}
RESULT: {"using":"xpath","value":"//bdi[contains(@id ,\"application-managehandovers-display-component---AddNewHO--ObjectPageLayout-anchBar-application-managehandovers-display-component---AddNewHO--section4-anchor-BDI-content\")]"}
COMMAND: POST /session/cc787b9332752cdee0bcd1748733cdef/elements - {"using":"xpath","value":"//bdi[contains(@id ,\"application-managehandovers-display-component---AddNewHO--ObjectPageLayout-anchBar-application-managehandovers-display-component---AddNewHO--section4-anchor-BDI-content\")]"}
RESULT: {"using":"xpath","value":"//bdi[contains(@id ,\"application-managehandovers-display-component---AddNewHO--ObjectPageLayout-anchBar-application-managehandovers-display-component---AddNewHO--section4-anchor-BDI-content\")]"}
COMMAND: POST /session/cc787b9332752cdee0bcd1748733cdef/elements - {"using":"xpath","value":"//bdi[contains(@id ,\"application-managehandovers-display-component---AddNewHO--ObjectPageLayout-anchBar-application-managehandovers-display-component---AddNewHO--section4-anchor-BDI-content\")]"}
RESULT: {"using":"xpath","value":"//bdi[contains(@id ,\"application-managehandovers-display-component---AddNewHO--ObjectPageLayout-anchBar-application-managehandovers-display-component---AddNewHO--section4-anchor-BDI-content\")]"}
COMMAND: POST /session/cc787b9332752cdee0bcd1748733cdef/elements - {"using":"xpath","value":"//bdi[contains(@id ,\"application-managehandovers-display-component---AddNewHO--ObjectPageLayout-anchBar-application-managehandovers-display-component---AddNewHO--section4-anchor-BDI-content\")]"}
RESULT: {"using":"xpath","value":"//bdi[contains(@id ,\"application-managehandovers-display-component---AddNewHO--ObjectPageLayout-anchBar-application-managehandovers-display-component---AddNewHO--section4-anchor-BDI-content\")]"}
COMMAND: POST /session/cc787b9332752cdee0bcd1748733cdef/elements - {"using":"xpath","value":"//bdi[contains(@id ,\"application-managehandovers-display-component---AddNewHO--ObjectPageLayout-anchBar-application-managehandovers-display-component---AddNewHO--section4-anchor-BDI-content\")]"}
RESULT: {"using":"xpath","value":"//bdi[contains(@id ,\"application-managehandovers-display-component---AddNewHO--ObjectPageLayout-anchBar-application-managehandovers-display-component---AddNewHO--section4-anchor-BDI-content\")]"}
COMMAND: POST /session/cc787b9332752cdee0bcd1748733cdef/elements - {"using":"xpath","value":"//bdi[contains(@id ,\"application-managehandovers-display-component---AddNewHO--ObjectPageLayout-anchBar-application-managehandovers-display-component---AddNewHO--section4-anchor-BDI-content\")]"}
RESULT: {"using":"xpath","value":"//bdi[contains(@id ,\"application-managehandovers-display-component---AddNewHO--ObjectPageLayout-anchBar-application-managehandovers-display-component---AddNewHO--section4-anchor-BDI-content\")]"}
COMMAND: POST /session/cc787b9332752cdee0bcd1748733cdef/elements - {"using":"xpath","value":"//bdi[contains(@id ,\"application-managehandovers-display-component---AddNewHO--ObjectPageLayout-anchBar-application-managehandovers-display-component---AddNewHO--section4-anchor-BDI-content\")]"}
RESULT: {"using":"xpath","value":"//bdi[contains(@id ,\"application-managehandovers-display-component---AddNewHO--ObjectPageLayout-anchBar-application-managehandovers-display-component---AddNewHO--section4-anchor-BDI-content\")]"}
COMMAND: POST /session/cc787b9332752cdee0bcd1748733cdef/elements - {"using":"xpath","value":"//bdi[contains(@id ,\"application-managehandovers-display-component---AddNewHO--ObjectPageLayout-anchBar-application-managehandovers-display-component---AddNewHO--section4-anchor-BDI-content\")]"}
RESULT: {"using":"xpath","value":"//bdi[contains(@id ,\"application-managehandovers-display-component---AddNewHO--ObjectPageLayout-anchBar-application-managehandovers-display-component---AddNewHO--section4-anchor-BDI-content\")]"}
COMMAND: POST /session/cc787b9332752cdee0bcd1748733cdef/elements - {"using":"xpath","value":"//bdi[contains(@id ,\"application-managehandovers-display-component---AddNewHO--ObjectPageLayout-anchBar-application-managehandovers-display-component---AddNewHO--section4-anchor-BDI-content\")]"}
RESULT: {"using":"xpath","value":"//bdi[contains(@id ,\"application-managehandovers-display-component---AddNewHO--ObjectPageLayout-anchBar-application-managehandovers-display-component---AddNewHO--section4-anchor-BDI-content\")]"}
COMMAND: POST /session/cc787b9332752cdee0bcd1748733cdef/elements - {"using":"xpath","value":"//bdi[contains(@id ,\"application-managehandovers-display-component---AddNewHO--ObjectPageLayout-anchBar-application-managehandovers-display-component---AddNewHO--section4-anchor-BDI-content\")]"}
RESULT: {"using":"xpath","value":"//bdi[contains(@id ,\"application-managehandovers-display-component---AddNewHO--ObjectPageLayout-anchBar-application-managehandovers-display-component---AddNewHO--section4-anchor-BDI-content\")]"}
COMMAND: POST /session/cc787b9332752cdee0bcd1748733cdef/elements - {"using":"xpath","value":"//bdi[contains(@id ,\"application-managehandovers-display-component---AddNewHO--ObjectPageLayout-anchBar-application-managehandovers-display-component---AddNewHO--section4-anchor-BDI-content\")]"}
RESULT: {"using":"xpath","value":"//bdi[contains(@id ,\"application-managehandovers-display-component---AddNewHO--ObjectPageLayout-anchBar-application-managehandovers-display-component---AddNewHO--section4-anchor-BDI-content\")]"}
COMMAND: POST /session/cc787b9332752cdee0bcd1748733cdef/elements - {"using":"xpath","value":"//bdi[contains(@id ,\"application-managehandovers-display-component---AddNewHO--ObjectPageLayout-anchBar-application-managehandovers-display-component---AddNewHO--section4-anchor-BDI-content\")]"}
RESULT: {"using":"xpath","value":"//bdi[contains(@id ,\"application-managehandovers-display-component---AddNewHO--ObjectPageLayout-anchBar-application-managehandovers-display-component---AddNewHO--section4-anchor-BDI-content\")]"}
COMMAND: POST /session/cc787b9332752cdee0bcd1748733cdef/elements - {"using":"xpath","value":"//bdi[contains(@id ,\"application-managehandovers-display-component---AddNewHO--ObjectPageLayout-anchBar-application-managehandovers-display-component---AddNewHO--section4-anchor-BDI-content\")]"}
RESULT: {"using":"xpath","value":"//bdi[contains(@id ,\"application-managehandovers-display-component---AddNewHO--ObjectPageLayout-anchBar-application-managehandovers-display-component---AddNewHO--section4-anchor-BDI-content\")]"}
COMMAND: POST /session/cc787b9332752cdee0bcd1748733cdef/elements - {"using":"xpath","value":"//bdi[contains(@id ,\"application-managehandovers-display-component---AddNewHO--ObjectPageLayout-anchBar-application-managehandovers-display-component---AddNewHO--section4-anchor-BDI-content\")]"}
RESULT: {"using":"xpath","value":"//bdi[contains(@id ,\"application-managehandovers-display-component---AddNewHO--ObjectPageLayout-anchBar-application-managehandovers-display-component---AddNewHO--section4-anchor-BDI-content\")]"}
COMMAND: POST /session/cc787b9332752cdee0bcd1748733cdef/elements - {"using":"xpath","value":"//bdi[contains(@id ,\"application-managehandovers-display-component---AddNewHO--ObjectPageLayout-anchBar-application-managehandovers-display-component---AddNewHO--section4-anchor-BDI-content\")]"}
RESULT: {"using":"xpath","value":"//bdi[contains(@id ,\"application-managehandovers-display-component---AddNewHO--ObjectPageLayout-anchBar-application-managehandovers-display-component---AddNewHO--section4-anchor-BDI-content\")]"}
COMMAND: POST /session/cc787b9332752cdee0bcd1748733cdef/elements - {"using":"xpath","value":"//bdi[contains(@id ,\"application-managehandovers-display-component---AddNewHO--ObjectPageLayout-anchBar-application-managehandovers-display-component---AddNewHO--section4-anchor-BDI-content\")]"}
RESULT: {"using":"xpath","value":"//bdi[contains(@id ,\"application-managehandovers-display-component---AddNewHO--ObjectPageLayout-anchBar-application-managehandovers-display-component---AddNewHO--section4-anchor-BDI-content\")]"}
COMMAND: POST /session/cc787b9332752cdee0bcd1748733cdef/elements - {"using":"xpath","value":"//bdi[contains(@id ,\"application-managehandovers-display-component---AddNewHO--ObjectPageLayout-anchBar-application-managehandovers-display-component---AddNewHO--section4-anchor-BDI-content\")]"}
RESULT: {"using":"xpath","value":"//bdi[contains(@id ,\"application-managehandovers-display-component---AddNewHO--ObjectPageLayout-anchBar-application-managehandovers-display-component---AddNewHO--section4-anchor-BDI-content\")]"}
COMMAND: POST /session/cc787b9332752cdee0bcd1748733cdef/elements - {"using":"xpath","value":"//bdi[contains(@id ,\"application-managehandovers-display-component---AddNewHO--ObjectPageLayout-anchBar-application-managehandovers-display-component---AddNewHO--section4-anchor-BDI-content\")]"}
RESULT: {"using":"xpath","value":"//bdi[contains(@id ,\"application-managehandovers-display-component---AddNewHO--ObjectPageLayout-anchBar-application-managehandovers-display-component---AddNewHO--section4-anchor-BDI-content\")]"}
COMMAND: POST /session/cc787b9332752cdee0bcd1748733cdef/elements - {"using":"xpath","value":"//bdi[contains(@id ,\"application-managehandovers-display-component---AddNewHO--ObjectPageLayout-anchBar-application-managehandovers-display-component---AddNewHO--section4-anchor-BDI-content\")]"}
RESULT: {"using":"xpath","value":"//bdi[contains(@id ,\"application-managehandovers-display-component---AddNewHO--ObjectPageLayout-anchBar-application-managehandovers-display-component---AddNewHO--section4-anchor-BDI-content\")]"}
COMMAND: POST /session/cc787b9332752cdee0bcd1748733cdef/elements - {"using":"xpath","value":"//bdi[contains(@id ,\"application-managehandovers-display-component---AddNewHO--ObjectPageLayout-anchBar-application-managehandovers-display-component---AddNewHO--section4-anchor-BDI-content\")]"}
RESULT: {"using":"xpath","value":"//bdi[contains(@id ,\"application-managehandovers-display-component---AddNewHO--ObjectPageLayout-anchBar-application-managehandovers-display-component---AddNewHO--section4-anchor-BDI-content\")]"}
COMMAND: POST /session/cc787b9332752cdee0bcd1748733cdef/elements - {"using":"xpath","value":"//bdi[contains(@id ,\"application-managehandovers-display-component---AddNewHO--ObjectPageLayout-anchBar-application-managehandovers-display-component---AddNewHO--section4-anchor-BDI-content\")]"}
RESULT: {"using":"xpath","value":"//bdi[contains(@id ,\"application-managehandovers-display-component---AddNewHO--ObjectPageLayout-anchBar-application-managehandovers-display-component---AddNewHO--section4-anchor-BDI-content\")]"}
COMMAND: POST /session/cc787b9332752cdee0bcd1748733cdef/elements - {"using":"xpath","value":"//bdi[contains(@id ,\"application-managehandovers-display-component---AddNewHO--ObjectPageLayout-anchBar-application-managehandovers-display-component---AddNewHO--section4-anchor-BDI-content\")]"}
RESULT: {"using":"xpath","value":"//bdi[contains(@id ,\"application-managehandovers-display-component---AddNewHO--ObjectPageLayout-anchBar-application-managehandovers-display-component---AddNewHO--section4-anchor-BDI-content\")]"}
COMMAND: POST /session/cc787b9332752cdee0bcd1748733cdef/elements - {"using":"xpath","value":"//bdi[contains(@id ,\"application-managehandovers-display-component---AddNewHO--ObjectPageLayout-anchBar-application-managehandovers-display-component---AddNewHO--section4-anchor-BDI-content\")]"}
RESULT: {"using":"xpath","value":"//bdi[contains(@id ,\"application-managehandovers-display-component---AddNewHO--ObjectPageLayout-anchBar-application-managehandovers-display-component---AddNewHO--section4-anchor-BDI-content\")]"}
COMMAND: POST /session/cc787b9332752cdee0bcd1748733cdef/elements - {"using":"xpath","value":"//bdi[contains(@id ,\"application-managehandovers-display-component---AddNewHO--ObjectPageLayout-anchBar-application-managehandovers-display-component---AddNewHO--section4-anchor-BDI-content\")]"}
RESULT: {"using":"xpath","value":"//bdi[contains(@id ,\"application-managehandovers-display-component---AddNewHO--ObjectPageLayout-anchBar-application-managehandovers-display-component---AddNewHO--section4-anchor-BDI-content\")]"}
COMMAND: POST /session/cc787b9332752cdee0bcd1748733cdef/elements - {"using":"xpath","value":"//bdi[contains(@id ,\"application-managehandovers-display-component---AddNewHO--ObjectPageLayout-anchBar-application-managehandovers-display-component---AddNewHO--section4-anchor-BDI-content\")]"}
RESULT: {"using":"xpath","value":"//bdi[contains(@id ,\"application-managehandovers-display-component---AddNewHO--ObjectPageLayout-anchBar-application-managehandovers-display-component---AddNewHO--section4-anchor-BDI-content\")]"}
COMMAND: POST /session/cc787b9332752cdee0bcd1748733cdef/elements - {"using":"xpath","value":"//bdi[contains(@id ,\"application-managehandovers-display-component---AddNewHO--ObjectPageLayout-anchBar-application-managehandovers-display-component---AddNewHO--section4-anchor-BDI-content\")]"}
RESULT: {"using":"xpath","value":"//bdi[contains(@id ,\"application-managehandovers-display-component---AddNewHO--ObjectPageLayout-anchBar-application-managehandovers-display-component---AddNewHO--section4-anchor-BDI-content\")]"}
COMMAND: POST /session/cc787b9332752cdee0bcd1748733cdef/elements - {"using":"xpath","value":"//bdi[contains(@id ,\"application-managehandovers-display-component---AddNewHO--ObjectPageLayout-anchBar-application-managehandovers-display-component---AddNewHO--section4-anchor-BDI-content\")]"}
RESULT: {"using":"xpath","value":"//bdi[contains(@id ,\"application-managehandovers-display-component---AddNewHO--ObjectPageLayout-anchBar-application-managehandovers-display-component---AddNewHO--section4-anchor-BDI-content\")]"}
COMMAND: POST /session/cc787b9332752cdee0bcd1748733cdef/elements - {"using":"xpath","value":"//bdi[contains(@id ,\"application-managehandovers-display-component---AddNewHO--ObjectPageLayout-anchBar-application-managehandovers-display-component---AddNewHO--section4-anchor-BDI-content\")]"}
RESULT: {"using":"xpath","value":"//bdi[contains(@id ,\"application-managehandovers-display-component---AddNewHO--ObjectPageLayout-anchBar-application-managehandovers-display-component---AddNewHO--section4-anchor-BDI-content\")]"}
COMMAND: POST /session/cc787b9332752cdee0bcd1748733cdef/elements - {"using":"xpath","value":"//bdi[contains(@id ,\"application-managehandovers-display-component---AddNewHO--ObjectPageLayout-anchBar-application-managehandovers-display-component---AddNewHO--section4-anchor-BDI-content\")]"}
RESULT: {"using":"xpath","value":"//bdi[contains(@id ,\"application-managehandovers-display-component---AddNewHO--ObjectPageLayout-anchBar-application-managehandovers-display-component---AddNewHO--section4-anchor-BDI-content\")]"}
COMMAND: POST /session/cc787b9332752cdee0bcd1748733cdef/elements - {"using":"xpath","value":"//bdi[contains(@id ,\"application-managehandovers-display-component---AddNewHO--ObjectPageLayout-anchBar-application-managehandovers-display-component---AddNewHO--section4-anchor-BDI-content\")]"}
RESULT: {"using":"xpath","value":"//bdi[contains(@id ,\"application-managehandovers-display-component---AddNewHO--ObjectPageLayout-anchBar-application-managehandovers-display-component---AddNewHO--section4-anchor-BDI-content\")]"}
COMMAND: POST /session/cc787b9332752cdee0bcd1748733cdef/elements - {"using":"xpath","value":"//bdi[contains(@id ,\"application-managehandovers-display-component---AddNewHO--ObjectPageLayout-anchBar-application-managehandovers-display-component---AddNewHO--section4-anchor-BDI-content\")]"}
RESULT: {"using":"xpath","value":"//bdi[contains(@id ,\"application-managehandovers-display-component---AddNewHO--ObjectPageLayout-anchBar-application-managehandovers-display-component---AddNewHO--section4-anchor-BDI-content\")]"}
COMMAND: POST /session/cc787b9332752cdee0bcd1748733cdef/elements - {"using":"xpath","value":"//bdi[contains(@id ,\"application-managehandovers-display-component---AddNewHO--ObjectPageLayout-anchBar-application-managehandovers-display-component---AddNewHO--section4-anchor-BDI-content\")]"}
RESULT: {"using":"xpath","value":"//bdi[contains(@id ,\"application-managehandovers-display-component---AddNewHO--ObjectPageLayout-anchBar-application-managehandovers-display-component---AddNewHO--section4-anchor-BDI-content\")]"}
COMMAND: POST /session/cc787b9332752cdee0bcd1748733cdef/elements - {"using":"xpath","value":"//bdi[contains(@id ,\"application-managehandovers-display-component---AddNewHO--ObjectPageLayout-anchBar-application-managehandovers-display-component---AddNewHO--section4-anchor-BDI-content\")]"}
RESULT: {"using":"xpath","value":"//bdi[contains(@id ,\"application-managehandovers-display-component---AddNewHO--ObjectPageLayout-anchBar-application-managehandovers-display-component---AddNewHO--section4-anchor-BDI-content\")]"}
COMMAND: POST /session/cc787b9332752cdee0bcd1748733cdef/elements - {"using":"xpath","value":"//bdi[contains(@id ,\"application-managehandovers-display-component---AddNewHO--ObjectPageLayout-anchBar-application-managehandovers-display-component---AddNewHO--section4-anchor-BDI-content\")]"}
RESULT: {"using":"xpath","value":"//bdi[contains(@id ,\"application-managehandovers-display-component---AddNewHO--ObjectPageLayout-anchBar-application-managehandovers-display-component---AddNewHO--section4-anchor-BDI-content\")]"}
COMMAND: POST /session/cc787b9332752cdee0bcd1748733cdef/elements - {"using":"xpath","value":"//bdi[contains(@id ,\"application-managehandovers-display-component---AddNewHO--ObjectPageLayout-anchBar-application-managehandovers-display-component---AddNewHO--section4-anchor-BDI-content\")]"}
RESULT: {"using":"xpath","value":"//bdi[contains(@id ,\"application-managehandovers-display-component---AddNewHO--ObjectPageLayout-anchBar-application-managehandovers-display-component---AddNewHO--section4-anchor-BDI-content\")]"}
COMMAND: POST /session/cc787b9332752cdee0bcd1748733cdef/elements - {"using":"xpath","value":"//bdi[contains(@id ,\"application-managehandovers-display-component---AddNewHO--ObjectPageLayout-anchBar-application-managehandovers-display-component---AddNewHO--section4-anchor-BDI-content\")]"}
RESULT: {"using":"xpath","value":"//bdi[contains(@id ,\"application-managehandovers-display-component---AddNewHO--ObjectPageLayout-anchBar-application-managehandovers-display-component---AddNewHO--section4-anchor-BDI-content\")]"}
COMMAND: POST /session/cc787b9332752cdee0bcd1748733cdef/elements - {"using":"xpath","value":"//bdi[contains(@id ,\"application-managehandovers-display-component---AddNewHO--ObjectPageLayout-anchBar-application-managehandovers-display-component---AddNewHO--section4-anchor-BDI-content\")]"}
RESULT: {"using":"xpath","value":"//bdi[contains(@id ,\"application-managehandovers-display-component---AddNewHO--ObjectPageLayout-anchBar-application-managehandovers-display-component---AddNewHO--section4-anchor-BDI-content\")]"}
COMMAND: POST /session/cc787b9332752cdee0bcd1748733cdef/elements - {"using":"xpath","value":"//bdi[contains(@id ,\"application-managehandovers-display-component---AddNewHO--ObjectPageLayout-anchBar-application-managehandovers-display-component---AddNewHO--section4-anchor-BDI-content\")]"}
RESULT: {"using":"xpath","value":"//bdi[contains(@id ,\"application-managehandovers-display-component---AddNewHO--ObjectPageLayout-anchBar-application-managehandovers-display-component---AddNewHO--section4-anchor-BDI-content\")]"}
COMMAND: POST /session/cc787b9332752cdee0bcd1748733cdef/elements - {"using":"xpath","value":"//bdi[contains(@id ,\"application-managehandovers-display-component---AddNewHO--ObjectPageLayout-anchBar-application-managehandovers-display-component---AddNewHO--section4-anchor-BDI-content\")]"}
RESULT: {"using":"xpath","value":"//bdi[contains(@id ,\"application-managehandovers-display-component---AddNewHO--ObjectPageLayout-anchBar-application-managehandovers-display-component---AddNewHO--section4-anchor-BDI-content\")]"}
COMMAND: POST /session/cc787b9332752cdee0bcd1748733cdef/elements - {"using":"xpath","value":"//bdi[contains(@id ,\"application-managehandovers-display-component---AddNewHO--ObjectPageLayout-anchBar-application-managehandovers-display-component---AddNewHO--section4-anchor-BDI-content\")]"}
RESULT: {"using":"xpath","value":"//bdi[contains(@id ,\"application-managehandovers-display-component---AddNewHO--ObjectPageLayout-anchBar-application-managehandovers-display-component---AddNewHO--section4-anchor-BDI-content\")]"}
COMMAND: POST /session/cc787b9332752cdee0bcd1748733cdef/elements - {"using":"xpath","value":"//bdi[contains(@id ,\"application-managehandovers-display-component---AddNewHO--ObjectPageLayout-anchBar-application-managehandovers-display-component---AddNewHO--section4-anchor-BDI-content\")]"}
RESULT: {"using":"xpath","value":"//bdi[contains(@id ,\"application-managehandovers-display-component---AddNewHO--ObjectPageLayout-anchBar-application-managehandovers-display-component---AddNewHO--section4-anchor-BDI-content\")]"}
COMMAND: POST /session/cc787b9332752cdee0bcd1748733cdef/elements - {"using":"xpath","value":"//bdi[contains(@id ,\"application-managehandovers-display-component---AddNewHO--ObjectPageLayout-anchBar-application-managehandovers-display-component---AddNewHO--section4-anchor-BDI-content\")]"}
RESULT: {"using":"xpath","value":"//bdi[contains(@id ,\"application-managehandovers-display-component---AddNewHO--ObjectPageLayout-anchBar-application-managehandovers-display-component---AddNewHO--section4-anchor-BDI-content\")]"}
COMMAND: POST /session/cc787b9332752cdee0bcd1748733cdef/elements - {"using":"xpath","value":"//bdi[contains(@id ,\"application-managehandovers-display-component---AddNewHO--ObjectPageLayout-anchBar-application-managehandovers-display-component---AddNewHO--section4-anchor-BDI-content\")]"}
RESULT: {"using":"xpath","value":"//bdi[contains(@id ,\"application-managehandovers-display-component---AddNewHO--ObjectPageLayout-anchBar-application-managehandovers-display-component---AddNewHO--section4-anchor-BDI-content\")]"}
COMMAND: POST /session/cc787b9332752cdee0bcd1748733cdef/elements - {"using":"xpath","value":"//bdi[contains(@id ,\"application-managehandovers-display-component---AddNewHO--ObjectPageLayout-anchBar-application-managehandovers-display-component---AddNewHO--section4-anchor-BDI-content\")]"}
RESULT: {"using":"xpath","value":"//bdi[contains(@id ,\"application-managehandovers-display-component---AddNewHO--ObjectPageLayout-anchBar-application-managehandovers-display-component---AddNewHO--section4-anchor-BDI-content\")]"}
COMMAND: POST /session/cc787b9332752cdee0bcd1748733cdef/elements - {"using":"xpath","value":"//bdi[contains(@id ,\"application-managehandovers-display-component---AddNewHO--ObjectPageLayout-anchBar-application-managehandovers-display-component---AddNewHO--section4-anchor-BDI-content\")]"}
RESULT: {"using":"xpath","value":"//bdi[contains(@id ,\"application-managehandovers-display-component---AddNewHO--ObjectPageLayout-anchBar-application-managehandovers-display-component---AddNewHO--section4-anchor-BDI-content\")]"}
COMMAND: POST /session/cc787b9332752cdee0bcd1748733cdef/elements - {"using":"xpath","value":"//bdi[contains(@id ,\"application-managehandovers-display-component---AddNewHO--ObjectPageLayout-anchBar-application-managehandovers-display-component---AddNewHO--section4-anchor-BDI-content\")]"}
RESULT: {"using":"xpath","value":"//bdi[contains(@id ,\"application-managehandovers-display-component---AddNewHO--ObjectPageLayout-anchBar-application-managehandovers-display-component---AddNewHO--section4-anchor-BDI-content\")]"}
COMMAND: POST /session/cc787b9332752cdee0bcd1748733cdef/elements - {"using":"xpath","value":"//bdi[contains(@id ,\"application-managehandovers-display-component---AddNewHO--ObjectPageLayout-anchBar-application-managehandovers-display-component---AddNewHO--section4-anchor-BDI-content\")]"}
RESULT: {"using":"xpath","value":"//bdi[contains(@id ,\"application-managehandovers-display-component---AddNewHO--ObjectPageLayout-anchBar-application-managehandovers-display-component---AddNewHO--section4-anchor-BDI-content\")]"}
COMMAND: POST /session/cc787b9332752cdee0bcd1748733cdef/elements - {"using":"xpath","value":"//bdi[contains(@id ,\"application-managehandovers-display-component---AddNewHO--ObjectPageLayout-anchBar-application-managehandovers-display-component---AddNewHO--section4-anchor-BDI-content\")]"}
RESULT: {"using":"xpath","value":"//bdi[contains(@id ,\"application-managehandovers-display-component---AddNewHO--ObjectPageLayout-anchBar-application-managehandovers-display-component---AddNewHO--section4-anchor-BDI-content\")]"}
COMMAND: POST /session/cc787b9332752cdee0bcd1748733cdef/elements - {"using":"xpath","value":"//bdi[contains(@id ,\"application-managehandovers-display-component---AddNewHO--ObjectPageLayout-anchBar-application-managehandovers-display-component---AddNewHO--section4-anchor-BDI-content\")]"}
RESULT: {"using":"xpath","value":"//bdi[contains(@id ,\"application-managehandovers-display-component---AddNewHO--ObjectPageLayout-anchBar-application-managehandovers-display-component---AddNewHO--section4-anchor-BDI-content\")]"}
COMMAND: POST /session/cc787b9332752cdee0bcd1748733cdef/elements - {"using":"xpath","value":"//bdi[contains(@id ,\"application-managehandovers-display-component---AddNewHO--ObjectPageLayout-anchBar-application-managehandovers-display-component---AddNewHO--section4-anchor-BDI-content\")]"}
RESULT: {"using":"xpath","value":"//bdi[contains(@id ,\"application-managehandovers-display-component---AddNewHO--ObjectPageLayout-anchBar-application-managehandovers-display-component---AddNewHO--section4-anchor-BDI-content\")]"}
COMMAND: POST /session/cc787b9332752cdee0bcd1748733cdef/elements - {"using":"xpath","value":"//bdi[contains(@id ,\"application-managehandovers-display-component---AddNewHO--ObjectPageLayout-anchBar-application-managehandovers-display-component---AddNewHO--section4-anchor-BDI-content\")]"}
RESULT: {"using":"xpath","value":"//bdi[contains(@id ,\"application-managehandovers-display-component---AddNewHO--ObjectPageLayout-anchBar-application-managehandovers-display-component---AddNewHO--section4-anchor-BDI-content\")]"}
COMMAND: POST /session/cc787b9332752cdee0bcd1748733cdef/elements - {"using":"xpath","value":"//bdi[contains(@id ,\"application-managehandovers-display-component---AddNewHO--ObjectPageLayout-anchBar-application-managehandovers-display-component---AddNewHO--section4-anchor-BDI-content\")]"}
RESULT: {"using":"xpath","value":"//bdi[contains(@id ,\"application-managehandovers-display-component---AddNewHO--ObjectPageLayout-anchBar-application-managehandovers-display-component---AddNewHO--section4-anchor-BDI-content\")]"}
COMMAND: POST /session/cc787b9332752cdee0bcd1748733cdef/elements - {"using":"xpath","value":"//bdi[contains(@id ,\"application-managehandovers-display-component---AddNewHO--ObjectPageLayout-anchBar-application-managehandovers-display-component---AddNewHO--section4-anchor-BDI-content\")]"}
RESULT: {"using":"xpath","value":"//bdi[contains(@id ,\"application-managehandovers-display-component---AddNewHO--ObjectPageLayout-anchBar-application-managehandovers-display-component---AddNewHO--section4-anchor-BDI-content\")]"}
COMMAND: POST /session/cc787b9332752cdee0bcd1748733cdef/elements - {"using":"xpath","value":"//bdi[contains(@id ,\"application-managehandovers-display-component---AddNewHO--ObjectPageLayout-anchBar-application-managehandovers-display-component---AddNewHO--section4-anchor-BDI-content\")]"}
RESULT: {"using":"xpath","value":"//bdi[contains(@id ,\"application-managehandovers-display-component---AddNewHO--ObjectPageLayout-anchBar-application-managehandovers-display-component---AddNewHO--section4-anchor-BDI-content\")]"}
COMMAND: POST /session/cc787b9332752cdee0bcd1748733cdef/elements - {"using":"xpath","value":"//bdi[contains(@id ,\"application-managehandovers-display-component---AddNewHO--ObjectPageLayout-anchBar-application-managehandovers-display-component---AddNewHO--section4-anchor-BDI-content\")]"}
RESULT: {"using":"xpath","value":"//bdi[contains(@id ,\"application-managehandovers-display-component---AddNewHO--ObjectPageLayout-anchBar-application-managehandovers-display-component---AddNewHO--section4-anchor-BDI-content\")]"}
COMMAND: POST /session/cc787b9332752cdee0bcd1748733cdef/elements - {"using":"xpath","value":"//bdi[contains(@id ,\"application-managehandovers-display-component---AddNewHO--ObjectPageLayout-anchBar-application-managehandovers-display-component---AddNewHO--section4-anchor-BDI-content\")]"}
RESULT: {"using":"xpath","value":"//bdi[contains(@id ,\"application-managehandovers-display-component---AddNewHO--ObjectPageLayout-anchBar-application-managehandovers-display-component---AddNewHO--section4-anchor-BDI-content\")]"}
COMMAND: POST /session/cc787b9332752cdee0bcd1748733cdef/elements - {"using":"xpath","value":"//bdi[contains(@id ,\"application-managehandovers-display-component---AddNewHO--ObjectPageLayout-anchBar-application-managehandovers-display-component---AddNewHO--section4-anchor-BDI-content\")]"}
RESULT: {"using":"xpath","value":"//bdi[contains(@id ,\"application-managehandovers-display-component---AddNewHO--ObjectPageLayout-anchBar-application-managehandovers-display-component---AddNewHO--section4-anchor-BDI-content\")]"}
COMMAND: POST /session/cc787b9332752cdee0bcd1748733cdef/elements - {"using":"xpath","value":"//bdi[contains(@id ,\"application-managehandovers-display-component---AddNewHO--ObjectPageLayout-anchBar-application-managehandovers-display-component---AddNewHO--section4-anchor-BDI-content\")]"}
RESULT: {"using":"xpath","value":"//bdi[contains(@id ,\"application-managehandovers-display-component---AddNewHO--ObjectPageLayout-anchBar-application-managehandovers-display-component---AddNewHO--section4-anchor-BDI-content\")]"}
COMMAND: POST /session/cc787b9332752cdee0bcd1748733cdef/elements - {"using":"xpath","value":"//bdi[contains(@id ,\"application-managehandovers-display-component---AddNewHO--ObjectPageLayout-anchBar-application-managehandovers-display-component---AddNewHO--section4-anchor-BDI-content\")]"}
RESULT: {"using":"xpath","value":"//bdi[contains(@id ,\"application-managehandovers-display-component---AddNewHO--ObjectPageLayout-anchBar-application-managehandovers-display-component---AddNewHO--section4-anchor-BDI-content\")]"}
COMMAND: POST /session/cc787b9332752cdee0bcd1748733cdef/elements - {"using":"xpath","value":"//bdi[contains(@id ,\"application-managehandovers-display-component---AddNewHO--ObjectPageLayout-anchBar-application-managehandovers-display-component---AddNewHO--section4-anchor-BDI-content\")]"}
RESULT: {"using":"xpath","value":"//bdi[contains(@id ,\"application-managehandovers-display-component---AddNewHO--ObjectPageLayout-anchBar-application-managehandovers-display-component---AddNewHO--section4-anchor-BDI-content\")]"}
COMMAND: POST /session/cc787b9332752cdee0bcd1748733cdef/elements - {"using":"xpath","value":"//bdi[contains(@id ,\"application-managehandovers-display-component---AddNewHO--ObjectPageLayout-anchBar-application-managehandovers-display-component---AddNewHO--section4-anchor-BDI-content\")]"}
RESULT: {"using":"xpath","value":"//bdi[contains(@id ,\"application-managehandovers-display-component---AddNewHO--ObjectPageLayout-anchBar-application-managehandovers-display-component---AddNewHO--section4-anchor-BDI-content\")]"}
COMMAND: POST /session/cc787b9332752cdee0bcd1748733cdef/elements - {"using":"xpath","value":"//bdi[contains(@id ,\"application-managehandovers-display-component---AddNewHO--ObjectPageLayout-anchBar-application-managehandovers-display-component---AddNewHO--section4-anchor-BDI-content\")]"}
RESULT: {"using":"xpath","value":"//bdi[contains(@id ,\"application-managehandovers-display-component---AddNewHO--ObjectPageLayout-anchBar-application-managehandovers-display-component---AddNewHO--section4-anchor-BDI-content\")]"}
COMMAND: POST /session/cc787b9332752cdee0bcd1748733cdef/elements - {"using":"xpath","value":"//bdi[contains(@id ,\"application-managehandovers-display-component---AddNewHO--ObjectPageLayout-anchBar-application-managehandovers-display-component---AddNewHO--section4-anchor-BDI-content\")]"}
RESULT: {"using":"xpath","value":"//bdi[contains(@id ,\"application-managehandovers-display-component---AddNewHO--ObjectPageLayout-anchBar-application-managehandovers-display-component---AddNewHO--section4-anchor-BDI-content\")]"}
COMMAND: POST /session/cc787b9332752cdee0bcd1748733cdef/elements - {"using":"xpath","value":"//bdi[contains(@id ,\"application-managehandovers-display-component---AddNewHO--ObjectPageLayout-anchBar-application-managehandovers-display-component---AddNewHO--section4-anchor-BDI-content\")]"}
RESULT: {"using":"xpath","value":"//bdi[contains(@id ,\"application-managehandovers-display-component---AddNewHO--ObjectPageLayout-anchBar-application-managehandovers-display-component---AddNewHO--section4-anchor-BDI-content\")]"}
COMMAND: POST /session/cc787b9332752cdee0bcd1748733cdef/elements - {"using":"xpath","value":"//bdi[contains(@id ,\"application-managehandovers-display-component---AddNewHO--ObjectPageLayout-anchBar-application-managehandovers-display-component---AddNewHO--section4-anchor-BDI-content\")]"}
RESULT: {"using":"xpath","value":"//bdi[contains(@id ,\"application-managehandovers-display-component---AddNewHO--ObjectPageLayout-anchBar-application-managehandovers-display-component---AddNewHO--section4-anchor-BDI-content\")]"}
COMMAND: POST /session/cc787b9332752cdee0bcd1748733cdef/elements - {"using":"xpath","value":"//bdi[contains(@id ,\"application-managehandovers-display-component---AddNewHO--ObjectPageLayout-anchBar-application-managehandovers-display-component---AddNewHO--section4-anchor-BDI-content\")]"}
RESULT: {"using":"xpath","value":"//bdi[contains(@id ,\"application-managehandovers-display-component---AddNewHO--ObjectPageLayout-anchBar-application-managehandovers-display-component---AddNewHO--section4-anchor-BDI-content\")]"}
COMMAND: POST /session/cc787b9332752cdee0bcd1748733cdef/elements - {"using":"xpath","value":"//bdi[contains(@id ,\"application-managehandovers-display-component---AddNewHO--ObjectPageLayout-anchBar-application-managehandovers-display-component---AddNewHO--section4-anchor-BDI-content\")]"}
RESULT: {"using":"xpath","value":"//bdi[contains(@id ,\"application-managehandovers-display-component---AddNewHO--ObjectPageLayout-anchBar-application-managehandovers-display-component---AddNewHO--section4-anchor-BDI-content\")]"}
COMMAND: POST /session/cc787b9332752cdee0bcd1748733cdef/elements - {"using":"xpath","value":"//bdi[contains(@id ,\"application-managehandovers-display-component---AddNewHO--ObjectPageLayout-anchBar-application-managehandovers-display-component---AddNewHO--section4-anchor-BDI-content\")]"}
RESULT: {"using":"xpath","value":"//bdi[contains(@id ,\"application-managehandovers-display-component---AddNewHO--ObjectPageLayout-anchBar-application-managehandovers-display-component---AddNewHO--section4-anchor-BDI-content\")]"}
COMMAND: POST /session/cc787b9332752cdee0bcd1748733cdef/elements - {"using":"xpath","value":"//bdi[contains(@id ,\"application-managehandovers-display-component---AddNewHO--ObjectPageLayout-anchBar-application-managehandovers-display-component---AddNewHO--section4-anchor-BDI-content\")]"}
RESULT: {"using":"xpath","value":"//bdi[contains(@id ,\"application-managehandovers-display-component---AddNewHO--ObjectPageLayout-anchBar-application-managehandovers-display-component---AddNewHO--section4-anchor-BDI-content\")]"}
COMMAND: POST /session/cc787b9332752cdee0bcd1748733cdef/elements - {"using":"xpath","value":"//bdi[contains(@id ,\"application-managehandovers-display-component---AddNewHO--ObjectPageLayout-anchBar-application-managehandovers-display-component---AddNewHO--section4-anchor-BDI-content\")]"}
RESULT: {"using":"xpath","value":"//bdi[contains(@id ,\"application-managehandovers-display-component---AddNewHO--ObjectPageLayout-anchBar-application-managehandovers-display-component---AddNewHO--section4-anchor-BDI-content\")]"}
COMMAND: POST /session/cc787b9332752cdee0bcd1748733cdef/elements - {"using":"xpath","value":"//bdi[contains(@id ,\"application-managehandovers-display-component---AddNewHO--ObjectPageLayout-anchBar-application-managehandovers-display-component---AddNewHO--section4-anchor-BDI-content\")]"}
RESULT: {"using":"xpath","value":"//bdi[contains(@id ,\"application-managehandovers-display-component---AddNewHO--ObjectPageLayout-anchBar-application-managehandovers-display-component---AddNewHO--section4-anchor-BDI-content\")]"}
COMMAND: POST /session/cc787b9332752cdee0bcd1748733cdef/elements - {"using":"xpath","value":"//bdi[contains(@id ,\"application-managehandovers-display-component---AddNewHO--ObjectPageLayout-anchBar-application-managehandovers-display-component---AddNewHO--section4-anchor-BDI-content\")]"}
RESULT: {"using":"xpath","value":"//bdi[contains(@id ,\"application-managehandovers-display-component---AddNewHO--ObjectPageLayout-anchBar-application-managehandovers-display-component---AddNewHO--section4-anchor-BDI-content\")]"}
COMMAND: POST /session/cc787b9332752cdee0bcd1748733cdef/elements - {"using":"xpath","value":"//bdi[contains(@id ,\"application-managehandovers-display-component---AddNewHO--ObjectPageLayout-anchBar-application-managehandovers-display-component---AddNewHO--section4-anchor-BDI-content\")]"}
RESULT: {"using":"xpath","value":"//bdi[contains(@id ,\"application-managehandovers-display-component---AddNewHO--ObjectPageLayout-anchBar-application-managehandovers-display-component---AddNewHO--section4-anchor-BDI-content\")]"}
COMMAND: POST /session/cc787b9332752cdee0bcd1748733cdef/elements - {"using":"xpath","value":"//bdi[contains(@id ,\"application-managehandovers-display-component---AddNewHO--ObjectPageLayout-anchBar-application-managehandovers-display-component---AddNewHO--section4-anchor-BDI-content\")]"}
RESULT: {"using":"xpath","value":"//bdi[contains(@id ,\"application-managehandovers-display-component---AddNewHO--ObjectPageLayout-anchBar-application-managehandovers-display-component---AddNewHO--section4-anchor-BDI-content\")]"}
COMMAND: POST /session/cc787b9332752cdee0bcd1748733cdef/elements - {"using":"xpath","value":"//bdi[contains(@id ,\"application-managehandovers-display-component---AddNewHO--ObjectPageLayout-anchBar-application-managehandovers-display-component---AddNewHO--section4-anchor-BDI-content\")]"}
RESULT: {"using":"xpath","value":"//bdi[contains(@id ,\"application-managehandovers-display-component---AddNewHO--ObjectPageLayout-anchBar-application-managehandovers-display-component---AddNewHO--section4-anchor-BDI-content\")]"}
COMMAND: POST /session/cc787b9332752cdee0bcd1748733cdef/elements - {"using":"xpath","value":"//bdi[contains(@id ,\"application-managehandovers-display-component---AddNewHO--ObjectPageLayout-anchBar-application-managehandovers-display-component---AddNewHO--section4-anchor-BDI-content\")]"}
RESULT: {"using":"xpath","value":"//bdi[contains(@id ,\"application-managehandovers-display-component---AddNewHO--ObjectPageLayout-anchBar-application-managehandovers-display-component---AddNewHO--section4-anchor-BDI-content\")]"}
COMMAND: POST /session/cc787b9332752cdee0bcd1748733cdef/elements - {"using":"xpath","value":"//bdi[contains(@id ,\"application-managehandovers-display-component---AddNewHO--ObjectPageLayout-anchBar-application-managehandovers-display-component---AddNewHO--section4-anchor-BDI-content\")]"}
RESULT: {"using":"xpath","value":"//bdi[contains(@id ,\"application-managehandovers-display-component---AddNewHO--ObjectPageLayout-anchBar-application-managehandovers-display-component---AddNewHO--section4-anchor-BDI-content\")]"}
COMMAND: POST /session/cc787b9332752cdee0bcd1748733cdef/elements - {"using":"xpath","value":"//bdi[contains(@id ,\"application-managehandovers-display-component---AddNewHO--ObjectPageLayout-anchBar-application-managehandovers-display-component---AddNewHO--section4-anchor-BDI-content\")]"}
RESULT: {"using":"xpath","value":"//bdi[contains(@id ,\"application-managehandovers-display-component---AddNewHO--ObjectPageLayout-anchBar-application-managehandovers-display-component---AddNewHO--section4-anchor-BDI-content\")]"}
COMMAND: POST /session/cc787b9332752cdee0bcd1748733cdef/elements - {"using":"xpath","value":"//bdi[contains(@id ,\"application-managehandovers-display-component---AddNewHO--ObjectPageLayout-anchBar-application-managehandovers-display-component---AddNewHO--section4-anchor-BDI-content\")]"}
RESULT: {"using":"xpath","value":"//bdi[contains(@id ,\"application-managehandovers-display-component---AddNewHO--ObjectPageLayout-anchBar-application-managehandovers-display-component---AddNewHO--section4-anchor-BDI-content\")]"}
COMMAND: POST /session/cc787b9332752cdee0bcd1748733cdef/elements - {"using":"xpath","value":"//bdi[contains(@id ,\"application-managehandovers-display-component---AddNewHO--ObjectPageLayout-anchBar-application-managehandovers-display-component---AddNewHO--section4-anchor-BDI-content\")]"}
RESULT: {"using":"xpath","value":"//bdi[contains(@id ,\"application-managehandovers-display-component---AddNewHO--ObjectPageLayout-anchBar-application-managehandovers-display-component---AddNewHO--section4-anchor-BDI-content\")]"}
COMMAND: POST /session/cc787b9332752cdee0bcd1748733cdef/elements - {"using":"xpath","value":"//bdi[contains(@id ,\"application-managehandovers-display-component---AddNewHO--ObjectPageLayout-anchBar-application-managehandovers-display-component---AddNewHO--section4-anchor-BDI-content\")]"}
RESULT: {"using":"xpath","value":"//bdi[contains(@id ,\"application-managehandovers-display-component---AddNewHO--ObjectPageLayout-anchBar-application-managehandovers-display-component---AddNewHO--section4-anchor-BDI-content\")]"}
COMMAND: POST /session/cc787b9332752cdee0bcd1748733cdef/elements - {"using":"xpath","value":"//bdi[contains(@id ,\"application-managehandovers-display-component---AddNewHO--ObjectPageLayout-anchBar-application-managehandovers-display-component---AddNewHO--section4-anchor-BDI-content\")]"}
RESULT: {"using":"xpath","value":"//bdi[contains(@id ,\"application-managehandovers-display-component---AddNewHO--ObjectPageLayout-anchBar-application-managehandovers-display-component---AddNewHO--section4-anchor-BDI-content\")]"}
COMMAND: POST /session/cc787b9332752cdee0bcd1748733cdef/elements - {"using":"xpath","value":"//bdi[contains(@id ,\"application-managehandovers-display-component---AddNewHO--ObjectPageLayout-anchBar-application-managehandovers-display-component---AddNewHO--section4-anchor-BDI-content\")]"}
RESULT: {"using":"xpath","value":"//bdi[contains(@id ,\"application-managehandovers-display-component---AddNewHO--ObjectPageLayout-anchBar-application-managehandovers-display-component---AddNewHO--section4-anchor-BDI-content\")]"}
COMMAND: POST /session/cc787b9332752cdee0bcd1748733cdef/elements - {"using":"xpath","value":"//bdi[contains(@id ,\"application-managehandovers-display-component---AddNewHO--ObjectPageLayout-anchBar-application-managehandovers-display-component---AddNewHO--section4-anchor-BDI-content\")]"}
RESULT: {"using":"xpath","value":"//bdi[contains(@id ,\"application-managehandovers-display-component---AddNewHO--ObjectPageLayout-anchBar-application-managehandovers-display-component---AddNewHO--section4-anchor-BDI-content\")]"}
COMMAND: POST /session/cc787b9332752cdee0bcd1748733cdef/elements - {"using":"xpath","value":"//bdi[contains(@id ,\"application-managehandovers-display-component---AddNewHO--ObjectPageLayout-anchBar-application-managehandovers-display-component---AddNewHO--section4-anchor-BDI-content\")]"}
RESULT: {"using":"xpath","value":"//bdi[contains(@id ,\"application-managehandovers-display-component---AddNewHO--ObjectPageLayout-anchBar-application-managehandovers-display-component---AddNewHO--section4-anchor-BDI-content\")]"}
COMMAND: POST /session/cc787b9332752cdee0bcd1748733cdef/elements - {"using":"xpath","value":"//bdi[contains(@id ,\"application-managehandovers-display-component---AddNewHO--ObjectPageLayout-anchBar-application-managehandovers-display-component---AddNewHO--section4-anchor-BDI-content\")]"}
RESULT: {"using":"xpath","value":"//bdi[contains(@id ,\"application-managehandovers-display-component---AddNewHO--ObjectPageLayout-anchBar-application-managehandovers-display-component---AddNewHO--section4-anchor-BDI-content\")]"}
COMMAND: POST /session/cc787b9332752cdee0bcd1748733cdef/elements - {"using":"xpath","value":"//bdi[contains(@id ,\"application-managehandovers-display-component---AddNewHO--ObjectPageLayout-anchBar-application-managehandovers-display-component---AddNewHO--section4-anchor-BDI-content\")]"}
RESULT: {"using":"xpath","value":"//bdi[contains(@id ,\"application-managehandovers-display-component---AddNewHO--ObjectPageLayout-anchBar-application-managehandovers-display-component---AddNewHO--section4-anchor-BDI-content\")]"}
COMMAND: POST /session/cc787b9332752cdee0bcd1748733cdef/elements - {"using":"xpath","value":"//bdi[contains(@id ,\"application-managehandovers-display-component---AddNewHO--ObjectPageLayout-anchBar-application-managehandovers-display-component---AddNewHO--section4-anchor-BDI-content\")]"}
RESULT: {"using":"xpath","value":"//bdi[contains(@id ,\"application-managehandovers-display-component---AddNewHO--ObjectPageLayout-anchBar-application-managehandovers-display-component---AddNewHO--section4-anchor-BDI-content\")]"}
COMMAND: POST /session/cc787b9332752cdee0bcd1748733cdef/elements - {"using":"xpath","value":"//bdi[contains(@id ,\"application-managehandovers-display-component---AddNewHO--ObjectPageLayout-anchBar-application-managehandovers-display-component---AddNewHO--section4-anchor-BDI-content\")]"}
RESULT: {"using":"xpath","value":"//bdi[contains(@id ,\"application-managehandovers-display-component---AddNewHO--ObjectPageLayout-anchBar-application-managehandovers-display-component---AddNewHO--section4-anchor-BDI-content\")]"}
COMMAND: POST /session/cc787b9332752cdee0bcd1748733cdef/elements - {"using":"xpath","value":"//bdi[contains(@id ,\"application-managehandovers-display-component---AddNewHO--ObjectPageLayout-anchBar-application-managehandovers-display-component---AddNewHO--section4-anchor-BDI-content\")]"}
RESULT: {"using":"xpath","value":"//bdi[contains(@id ,\"application-managehandovers-display-component---AddNewHO--ObjectPageLayout-anchBar-application-managehandovers-display-component---AddNewHO--section4-anchor-BDI-content\")]"}
COMMAND: POST /session/cc787b9332752cdee0bcd1748733cdef/elements - {"using":"xpath","value":"//bdi[contains(@id ,\"application-managehandovers-display-component---AddNewHO--ObjectPageLayout-anchBar-application-managehandovers-display-component---AddNewHO--section4-anchor-BDI-content\")]"}
RESULT: {"using":"xpath","value":"//bdi[contains(@id ,\"application-managehandovers-display-component---AddNewHO--ObjectPageLayout-anchBar-application-managehandovers-display-component---AddNewHO--section4-anchor-BDI-content\")]"}
COMMAND: POST /session/cc787b9332752cdee0bcd1748733cdef/elements - {"using":"xpath","value":"//bdi[contains(@id ,\"application-managehandovers-display-component---AddNewHO--ObjectPageLayout-anchBar-application-managehandovers-display-component---AddNewHO--section4-anchor-BDI-content\")]"}
COMMAND: GET /session/cc787b9332752cdee0bcd1748733cdef/screenshot - {}
RESULT: {"using":"xpath","value":"//bdi[contains(@id ,\"application-managehandovers-display-component---AddNewHO--ObjectPageLayout-anchBar-application-managehandovers-display-component---AddNewHO--section4-anchor-BDI-content\")]"}
RESULT: {}
COMMAND: GET /session/cc787b9332752cdee0bcd1748733cdef/screenshot - {}
COMMAND: GET /session/cc787b9332752cdee0bcd1748733cdef/screenshot - {}
RESULT: {}
RESULT: {}
COMMAND: DELETE /session/cc787b9332752cdee0bcd1748733cdef - {}
RESULT: {}
]]></system-out>
      <system-err><![CDATA[
Error: Can't call click on element with selector "//bdi[contains(@id ,"application-managehandovers-display-component---AddNewHO--ObjectPageLayout-anchBar-application-managehandovers-display-component---AddNewHO--section4-anchor-BDI-content")]" because element wasn't found
    at async Context.<anonymous> (D:\a\1\s\test\specs\R2C\E2E-Logistical-and-commercial-status.spec.js:945:9)
]]></system-err>
    </testcase>
  </testsuite>
</testsuites>