<?xml version="1.0" encoding="UTF-8"?>
<testsuites tests="58" failures="0" errors="0" skipped="0">
  <testsuite timestamp="2025-05-29T17:12:30" time="1017.165" tests="11" failures="0" errors="0" skipped="0">
    <properties>
      <property name="specId" value="0"/>
      <property name="suiteName" value="Billing confirm US117289"/>
      <property name="capabilities" value="chrome.136_0_7103_93.windows"/>
      <property name="file" value="file:///D:/a/1/s/test/specs/BTS/billing-confirm.spec.js"/>
    </properties>
    <testcase classname="chrome.136_0_7103_93.windows.Billing_confirm_US117289" name="Should create a new yard" time="121.235">
      <system-out><![CDATA[
COMMAND: POST /session/329de238260d7602ed1af1352086bef4/window/fullscreen - {}
RESULT: {}
COMMAND: POST /session/329de238260d7602ed1af1352086bef4/execute/async - {"script":"<script> [1562 bytes]","args":[{"selector":{"controlType":"sap.m.GenericTile","properties":{"header":"Manage Yards"}},"wdio_ui5_key":"sapm.GenericTile{\"header\":\"Manage Yards\"}"}]}
RESULT: {"script":"<script> [1562 bytes]","args":[{"selector":{"controlType":"sap.m.GenericTile","properties":{"header":"Manage Yards"}},"wdio_ui5_key":"sapm.GenericTile{\"header\":\"Manage Yards\"}"}]}
RESULT: undefined
COMMAND: POST /session/329de238260d7602ed1af1352086bef4/element - {"using":"xpath","value":"//*[@id=\"__tile41\"]"}
RESULT: {"using":"xpath","value":"//*[@id=\"__tile41\"]"}
COMMAND: POST /session/329de238260d7602ed1af1352086bef4/element/f.ABBA5987F2E82E58D78C902D9EA41D2B.d.E9A069D8F2F0427A0AA854DC28FFE93D.e.160/click - {}
RESULT: {}
COMMAND: GET /session/329de238260d7602ed1af1352086bef4/screenshot - {}
RESULT: {}
COMMAND: POST /session/329de238260d7602ed1af1352086bef4/elements - {"using":"xpath","value":"//span[text()='Error']"}
RESULT: {"using":"xpath","value":"//span[text()='Error']"}
COMMAND: POST /session/329de238260d7602ed1af1352086bef4/element - {"using":"xpath","value":"//button[@data-kt=\"addNewYardOverflowToolbarButton\"]"}
RESULT: {"using":"xpath","value":"//button[@data-kt=\"addNewYardOverflowToolbarButton\"]"}
COMMAND: POST /session/329de238260d7602ed1af1352086bef4/elements - {"using":"xpath","value":"//button[@data-kt=\"addNewYardOverflowToolbarButton\"]"}
RESULT: {"using":"xpath","value":"//button[@data-kt=\"addNewYardOverflowToolbarButton\"]"}
COMMAND: POST /session/329de238260d7602ed1af1352086bef4/execute/sync - {"script":"<script> [8489 bytes]","args":[{"element-6066-11e4-a52e-4f735466cecf":"f.ABBA5987F2E82E58D78C902D9EA41D2B.d.E9A069D8F2F0427A0AA854DC28FFE93D.e.289","ELEMENT":"f.ABBA5987F2E82E58D78C902D9EA41D2B.d.E9A069D8F2F0427A0AA854DC28FFE93D.e.289"}]}
RESULT: {"script":"<script> [8489 bytes]","args":[{"element-6066-11e4-a52e-4f735466cecf":"f.ABBA5987F2E82E58D78C902D9EA41D2B.d.E9A069D8F2F0427A0AA854DC28FFE93D.e.289","ELEMENT":"f.ABBA5987F2E82E58D78C902D9EA41D2B.d.E9A069D8F2F0427A0AA854DC28FFE93D.e.289"}]}
COMMAND: GET /session/329de238260d7602ed1af1352086bef4/element/f.ABBA5987F2E82E58D78C902D9EA41D2B.d.E9A069D8F2F0427A0AA854DC28FFE93D.e.289/enabled - {}
COMMAND: GET /session/329de238260d7602ed1af1352086bef4/screenshot - {}
RESULT: {}
COMMAND: POST /session/329de238260d7602ed1af1352086bef4/execute/sync - {"script":"<script> [8489 bytes]","args":[{"element-6066-11e4-a52e-4f735466cecf":"f.ABBA5987F2E82E58D78C902D9EA41D2B.d.E9A069D8F2F0427A0AA854DC28FFE93D.e.289","ELEMENT":"f.ABBA5987F2E82E58D78C902D9EA41D2B.d.E9A069D8F2F0427A0AA854DC28FFE93D.e.289"}]}
COMMAND: GET /session/329de238260d7602ed1af1352086bef4/screenshot - {}
RESULT: {}
RESULT: {"script":"<script> [8489 bytes]","args":[{"element-6066-11e4-a52e-4f735466cecf":"f.ABBA5987F2E82E58D78C902D9EA41D2B.d.E9A069D8F2F0427A0AA854DC28FFE93D.e.289","ELEMENT":"f.ABBA5987F2E82E58D78C902D9EA41D2B.d.E9A069D8F2F0427A0AA854DC28FFE93D.e.289"}]}
COMMAND: POST /session/329de238260d7602ed1af1352086bef4/execute/sync - {"script":"<script> [5351 bytes]","args":[{"element-6066-11e4-a52e-4f735466cecf":"f.ABBA5987F2E82E58D78C902D9EA41D2B.d.E9A069D8F2F0427A0AA854DC28FFE93D.e.289","ELEMENT":"f.ABBA5987F2E82E58D78C902D9EA41D2B.d.E9A069D8F2F0427A0AA854DC28FFE93D.e.289"}]}
COMMAND: GET /session/329de238260d7602ed1af1352086bef4/screenshot - {}
RESULT: {}
RESULT: {"script":"<script> [5351 bytes]","args":[{"element-6066-11e4-a52e-4f735466cecf":"f.ABBA5987F2E82E58D78C902D9EA41D2B.d.E9A069D8F2F0427A0AA854DC28FFE93D.e.289","ELEMENT":"f.ABBA5987F2E82E58D78C902D9EA41D2B.d.E9A069D8F2F0427A0AA854DC28FFE93D.e.289"}]}
COMMAND: POST /session/329de238260d7602ed1af1352086bef4/element/f.ABBA5987F2E82E58D78C902D9EA41D2B.d.E9A069D8F2F0427A0AA854DC28FFE93D.e.289/click - {}
COMMAND: GET /session/329de238260d7602ed1af1352086bef4/screenshot - {}
RESULT: {}
RESULT: {}
COMMAND: GET /session/329de238260d7602ed1af1352086bef4/screenshot - {}
RESULT: {}
RESULT: {}
COMMAND: POST /session/329de238260d7602ed1af1352086bef4/element - {"using":"xpath","value":"//input[@id=\"application-manageyards-display-component---NewYard--yardId-inner\"]"}
RESULT: {"using":"xpath","value":"//input[@id=\"application-manageyards-display-component---NewYard--yardId-inner\"]"}
COMMAND: POST /session/329de238260d7602ed1af1352086bef4/element - {"using":"xpath","value":"//input[@id=\"application-manageyards-display-component---NewYard--yardId-inner\"]"}
RESULT: {"using":"xpath","value":"//input[@id=\"application-manageyards-display-component---NewYard--yardId-inner\"]"}
COMMAND: POST /session/329de238260d7602ed1af1352086bef4/execute/async - {"script":"<script> [1562 bytes]","args":[{"selector":{"id":"application-manageyards-display-component---NewYard--addressDetailDetailsName1","interaction":{"idSuffix":"inner"}},"wdio_ui5_key":"applicationmanageyards-display-component---NewYard--addressDetailDetailsName1"}]}
RESULT: {"script":"<script> [1562 bytes]","args":[{"selector":{"id":"application-manageyards-display-component---NewYard--addressDetailDetailsName1","interaction":{"idSuffix":"inner"}},"wdio_ui5_key":"applicationmanageyards-display-component---NewYard--addressDetailDetailsName1"}]}
RESULT: undefined
COMMAND: POST /session/329de238260d7602ed1af1352086bef4/execute/async - {"script":"<script> [776 bytes]","args":[{"enterText":"Intracompany Yard wdIO","selector":{"id":"application-manageyards-display-component---NewYard--addressDetailDetailsName1","interaction":{"idSuffix":"inner"}},"clearTextFirst":true,"interactionType":"ENTER_TEXT"}]}
RESULT: {"script":"<script> [776 bytes]","args":[{"enterText":"Intracompany Yard wdIO","selector":{"id":"application-manageyards-display-component---NewYard--addressDetailDetailsName1","interaction":{"idSuffix":"inner"}},"clearTextFirst":true,"interactionType":"ENTER_TEXT"}]}
COMMAND: POST /session/329de238260d7602ed1af1352086bef4/execute/async - {"script":"<script> [1562 bytes]","args":[{"selector":{"id":"application-manageyards-display-component---NewYard--addressDetailDetailsLanguage-arrow"},"wdio_ui5_key":"applicationmanageyards-display-component---NewYard--addressDetailDetailsLanguage-arrow"}]}
RESULT: {"script":"<script> [1562 bytes]","args":[{"selector":{"id":"application-manageyards-display-component---NewYard--addressDetailDetailsLanguage-arrow"},"wdio_ui5_key":"applicationmanageyards-display-component---NewYard--addressDetailDetailsLanguage-arrow"}]}
RESULT: undefined
COMMAND: POST /session/329de238260d7602ed1af1352086bef4/element - {"using":"xpath","value":"//*[@id=\"application-manageyards-display-component---NewYard--addressDetailDetailsLanguage-arrow\"]"}
RESULT: {"using":"xpath","value":"//*[@id=\"application-manageyards-display-component---NewYard--addressDetailDetailsLanguage-arrow\"]"}
COMMAND: POST /session/329de238260d7602ed1af1352086bef4/element/f.ABBA5987F2E82E58D78C902D9EA41D2B.d.E9A069D8F2F0427A0AA854DC28FFE93D.e.718/click - {}
RESULT: {}
COMMAND: POST /session/329de238260d7602ed1af1352086bef4/element - {"using":"xpath","value":"//span[contains(text(), \"English\")]"}
COMMAND: GET /session/329de238260d7602ed1af1352086bef4/screenshot - {}
RESULT: {"using":"xpath","value":"//span[contains(text(), \"English\")]"}
COMMAND: POST /session/329de238260d7602ed1af1352086bef4/element/f.ABBA5987F2E82E58D78C902D9EA41D2B.d.E9A069D8F2F0427A0AA854DC28FFE93D.e.719/click - {}
RESULT: {}
RESULT: {}
COMMAND: POST /session/329de238260d7602ed1af1352086bef4/execute/async - {"script":"<script> [1562 bytes]","args":[{"selector":{"id":"application-manageyards-display-component---NewYard--addressDetailDetailsCity1","interaction":{"idSuffix":"inner"}},"wdio_ui5_key":"applicationmanageyards-display-component---NewYard--addressDetailDetailsCity1"}]}
COMMAND: GET /session/329de238260d7602ed1af1352086bef4/screenshot - {}
RESULT: {"script":"<script> [1562 bytes]","args":[{"selector":{"id":"application-manageyards-display-component---NewYard--addressDetailDetailsCity1","interaction":{"idSuffix":"inner"}},"wdio_ui5_key":"applicationmanageyards-display-component---NewYard--addressDetailDetailsCity1"}]}
RESULT: undefined
COMMAND: POST /session/329de238260d7602ed1af1352086bef4/execute/async - {"script":"<script> [776 bytes]","args":[{"enterText":"Rosario","selector":{"id":"application-manageyards-display-component---NewYard--addressDetailDetailsCity1","interaction":{"idSuffix":"inner"}},"clearTextFirst":true,"interactionType":"ENTER_TEXT"}]}
RESULT: {}
RESULT: {"script":"<script> [776 bytes]","args":[{"enterText":"Rosario","selector":{"id":"application-manageyards-display-component---NewYard--addressDetailDetailsCity1","interaction":{"idSuffix":"inner"}},"clearTextFirst":true,"interactionType":"ENTER_TEXT"}]}
COMMAND: POST /session/329de238260d7602ed1af1352086bef4/execute/async - {"script":"<script> [1562 bytes]","args":[{"selector":{"id":"application-manageyards-display-component---NewYard--addressDetailDetailsCountry-arrow"},"wdio_ui5_key":"applicationmanageyards-display-component---NewYard--addressDetailDetailsCountry-arrow"}]}
RESULT: {"script":"<script> [1562 bytes]","args":[{"selector":{"id":"application-manageyards-display-component---NewYard--addressDetailDetailsCountry-arrow"},"wdio_ui5_key":"applicationmanageyards-display-component---NewYard--addressDetailDetailsCountry-arrow"}]}
RESULT: undefined
COMMAND: POST /session/329de238260d7602ed1af1352086bef4/element - {"using":"xpath","value":"//*[@id=\"application-manageyards-display-component---NewYard--addressDetailDetailsCountry-arrow\"]"}
RESULT: {"using":"xpath","value":"//*[@id=\"application-manageyards-display-component---NewYard--addressDetailDetailsCountry-arrow\"]"}
COMMAND: POST /session/329de238260d7602ed1af1352086bef4/element/f.ABBA5987F2E82E58D78C902D9EA41D2B.d.E9A069D8F2F0427A0AA854DC28FFE93D.e.721/click - {}
RESULT: {}
COMMAND: POST /session/329de238260d7602ed1af1352086bef4/element - {"using":"xpath","value":"//span[contains(text(), \"Argentina\")]"}
COMMAND: GET /session/329de238260d7602ed1af1352086bef4/screenshot - {}
RESULT: {"using":"xpath","value":"//span[contains(text(), \"Argentina\")]"}
COMMAND: POST /session/329de238260d7602ed1af1352086bef4/element/f.ABBA5987F2E82E58D78C902D9EA41D2B.d.E9A069D8F2F0427A0AA854DC28FFE93D.e.722/click - {}
RESULT: {}
RESULT: {}
COMMAND: POST /session/329de238260d7602ed1af1352086bef4/execute/async - {"script":"<script> [1562 bytes]","args":[{"selector":{"id":"application-manageyards-display-component---NewYard--addressEditDetailsCostObjectCstType-arrow"},"wdio_ui5_key":"applicationmanageyards-display-component---NewYard--addressEditDetailsCostObjectCstType-arrow"}]}
COMMAND: GET /session/329de238260d7602ed1af1352086bef4/screenshot - {}
RESULT: {"script":"<script> [1562 bytes]","args":[{"selector":{"id":"application-manageyards-display-component---NewYard--addressEditDetailsCostObjectCstType-arrow"},"wdio_ui5_key":"applicationmanageyards-display-component---NewYard--addressEditDetailsCostObjectCstType-arrow"}]}
RESULT: undefined
COMMAND: POST /session/329de238260d7602ed1af1352086bef4/element - {"using":"xpath","value":"//*[@id=\"application-manageyards-display-component---NewYard--addressEditDetailsCostObjectCstType-arrow\"]"}
RESULT: {}
RESULT: {"using":"xpath","value":"//*[@id=\"application-manageyards-display-component---NewYard--addressEditDetailsCostObjectCstType-arrow\"]"}
COMMAND: POST /session/329de238260d7602ed1af1352086bef4/element/f.ABBA5987F2E82E58D78C902D9EA41D2B.d.E9A069D8F2F0427A0AA854DC28FFE93D.e.724/click - {}
RESULT: {}
COMMAND: POST /session/329de238260d7602ed1af1352086bef4/element - {"using":"xpath","value":"//span[contains(text(), \"Cost Center\")]"}
COMMAND: GET /session/329de238260d7602ed1af1352086bef4/screenshot - {}
RESULT: {"using":"xpath","value":"//span[contains(text(), \"Cost Center\")]"}
COMMAND: POST /session/329de238260d7602ed1af1352086bef4/element/f.ABBA5987F2E82E58D78C902D9EA41D2B.d.E9A069D8F2F0427A0AA854DC28FFE93D.e.725/click - {}
RESULT: {}
RESULT: {}
COMMAND: GET /session/329de238260d7602ed1af1352086bef4/screenshot - {}
RESULT: {}
COMMAND: POST /session/329de238260d7602ed1af1352086bef4/element - {"using":"xpath","value":"//span[@id=\"application-manageyards-display-component---NewYard--addressNewCostObjectCstID-vhi\"]"}
RESULT: {"using":"xpath","value":"//span[@id=\"application-manageyards-display-component---NewYard--addressNewCostObjectCstID-vhi\"]"}
COMMAND: POST /session/329de238260d7602ed1af1352086bef4/execute/sync - {"script":"<script> [8489 bytes]","args":[{"element-6066-11e4-a52e-4f735466cecf":"f.ABBA5987F2E82E58D78C902D9EA41D2B.d.E9A069D8F2F0427A0AA854DC28FFE93D.e.729","ELEMENT":"f.ABBA5987F2E82E58D78C902D9EA41D2B.d.E9A069D8F2F0427A0AA854DC28FFE93D.e.729"}]}
RESULT: {"script":"<script> [8489 bytes]","args":[{"element-6066-11e4-a52e-4f735466cecf":"f.ABBA5987F2E82E58D78C902D9EA41D2B.d.E9A069D8F2F0427A0AA854DC28FFE93D.e.729","ELEMENT":"f.ABBA5987F2E82E58D78C902D9EA41D2B.d.E9A069D8F2F0427A0AA854DC28FFE93D.e.729"}]}
COMMAND: POST /session/329de238260d7602ed1af1352086bef4/execute/async - {"script":"<script> [1562 bytes]","args":[{"selector":{"id":"application-manageyards-display-component---NewYard--addressNewCostObjectCstID-vhi"},"wdio_ui5_key":"applicationmanageyards-display-component---NewYard--addressNewCostObjectCstID-vhi"}]}
COMMAND: GET /session/329de238260d7602ed1af1352086bef4/screenshot - {}
RESULT: {"script":"<script> [1562 bytes]","args":[{"selector":{"id":"application-manageyards-display-component---NewYard--addressNewCostObjectCstID-vhi"},"wdio_ui5_key":"applicationmanageyards-display-component---NewYard--addressNewCostObjectCstID-vhi"}]}
RESULT: undefined
COMMAND: POST /session/329de238260d7602ed1af1352086bef4/element - {"using":"xpath","value":"//*[@id=\"application-manageyards-display-component---NewYard--addressNewCostObjectCstID-vhi\"]"}
RESULT: {}
RESULT: {"using":"xpath","value":"//*[@id=\"application-manageyards-display-component---NewYard--addressNewCostObjectCstID-vhi\"]"}
COMMAND: POST /session/329de238260d7602ed1af1352086bef4/element/f.ABBA5987F2E82E58D78C902D9EA41D2B.d.E9A069D8F2F0427A0AA854DC28FFE93D.e.729/click - {}
RESULT: {}
COMMAND: GET /session/329de238260d7602ed1af1352086bef4/screenshot - {}
RESULT: {}
COMMAND: POST /session/329de238260d7602ed1af1352086bef4/execute/async - {"script":"<script> [1562 bytes]","args":[{"selector":{"controlType":"sap.m.SearchField","properties":{"placeholder":"Search"},"searchOpenDialogs":true,"interaction":{"idSuffix":"I"}},"wdio_ui5_key":"sapm.SearchField{\"placeholder\":\"Search\"}"}]}
RESULT: {"script":"<script> [1562 bytes]","args":[{"selector":{"controlType":"sap.m.SearchField","properties":{"placeholder":"Search"},"searchOpenDialogs":true,"interaction":{"idSuffix":"I"}},"wdio_ui5_key":"sapm.SearchField{\"placeholder\":\"Search\"}"}]}
RESULT: undefined
COMMAND: POST /session/329de238260d7602ed1af1352086bef4/execute/async - {"script":"<script> [776 bytes]","args":[{"enterText":"bauh_b","selector":{"controlType":"sap.m.SearchField","properties":{"placeholder":"Search"},"searchOpenDialogs":true,"interaction":{"idSuffix":"I"}},"clearTextFirst":true,"interactionType":"ENTER_TEXT"}]}
RESULT: {"script":"<script> [776 bytes]","args":[{"enterText":"bauh_b","selector":{"controlType":"sap.m.SearchField","properties":{"placeholder":"Search"},"searchOpenDialogs":true,"interaction":{"idSuffix":"I"}},"clearTextFirst":true,"interactionType":"ENTER_TEXT"}]}
COMMAND: POST /session/329de238260d7602ed1af1352086bef4/actions - {"actions":[{"id":"action1","type":"key","parameters":{},"actions":[{"type":"keyDown","value":""},{"type":"pause","duration":10},{"type":"keyUp","value":""}]}]}
RESULT: {"actions":[{"id":"action1","type":"key","parameters":{},"actions":[{"type":"keyDown","value":""},{"type":"pause","duration":10},{"type":"keyUp","value":""}]}]}
COMMAND: GET /session/329de238260d7602ed1af1352086bef4/screenshot - {}
RESULT: {}
COMMAND: POST /session/329de238260d7602ed1af1352086bef4/element - {"using":"xpath","value":"//span[contains(text(), \"Demo Yard\")]"}
RESULT: {"using":"xpath","value":"//span[contains(text(), \"Demo Yard\")]"}
COMMAND: POST /session/329de238260d7602ed1af1352086bef4/element/f.ABBA5987F2E82E58D78C902D9EA41D2B.d.E9A069D8F2F0427A0AA854DC28FFE93D.e.771/click - {}
RESULT: {}
COMMAND: GET /session/329de238260d7602ed1af1352086bef4/screenshot - {}
RESULT: {}
COMMAND: POST /session/329de238260d7602ed1af1352086bef4/element - {"using":"xpath","value":"//bdi[contains(text(), \"OK\")]"}
RESULT: {"using":"xpath","value":"//bdi[contains(text(), \"OK\")]"}
COMMAND: POST /session/329de238260d7602ed1af1352086bef4/element/f.ABBA5987F2E82E58D78C902D9EA41D2B.d.E9A069D8F2F0427A0AA854DC28FFE93D.e.772/click - {}
RESULT: {}
COMMAND: GET /session/329de238260d7602ed1af1352086bef4/screenshot - {}
RESULT: {}
COMMAND: POST /session/329de238260d7602ed1af1352086bef4/execute/async - {"script":"<script> [1562 bytes]","args":[{"selector":{"id":"application-manageyards-display-component---NewYard--addressEditDetailsCurrency-arrow"},"wdio_ui5_key":"applicationmanageyards-display-component---NewYard--addressEditDetailsCurrency-arrow"}]}
RESULT: {"script":"<script> [1562 bytes]","args":[{"selector":{"id":"application-manageyards-display-component---NewYard--addressEditDetailsCurrency-arrow"},"wdio_ui5_key":"applicationmanageyards-display-component---NewYard--addressEditDetailsCurrency-arrow"}]}
RESULT: undefined
COMMAND: POST /session/329de238260d7602ed1af1352086bef4/element - {"using":"xpath","value":"//*[@id=\"application-manageyards-display-component---NewYard--addressEditDetailsCurrency-arrow\"]"}
RESULT: {"using":"xpath","value":"//*[@id=\"application-manageyards-display-component---NewYard--addressEditDetailsCurrency-arrow\"]"}
COMMAND: POST /session/329de238260d7602ed1af1352086bef4/element/f.ABBA5987F2E82E58D78C902D9EA41D2B.d.E9A069D8F2F0427A0AA854DC28FFE93D.e.775/click - {}
RESULT: {}
COMMAND: POST /session/329de238260d7602ed1af1352086bef4/element - {"using":"xpath","value":"//span[contains(text(), \"Euro\")]"}
COMMAND: GET /session/329de238260d7602ed1af1352086bef4/screenshot - {}
RESULT: {"using":"xpath","value":"//span[contains(text(), \"Euro\")]"}
COMMAND: POST /session/329de238260d7602ed1af1352086bef4/element/f.ABBA5987F2E82E58D78C902D9EA41D2B.d.E9A069D8F2F0427A0AA854DC28FFE93D.e.776/click - {}
RESULT: {}
RESULT: {}
COMMAND: POST /session/329de238260d7602ed1af1352086bef4/execute/async - {"script":"<script> [1562 bytes]","args":[{"selector":{"controlType":"sap.m.Input","viewName":"etm.portal.ui.manageyards.view.New","viewId":"application-manageyards-display-component---NewYard","bindingPath":{"path":"","propertyPath":"/CONTROLLING_AREA","modelName":"NewYardModel"},"interaction":{"idSuffix":"inner"}},"wdio_ui5_key":"etmportal.ui.manageyards.view.Newsap.m.Input{\"path\":\"\",\"propertyPath\":\"/CONTROLLING_AREA\",\"modelName\":\"NewYardModel\"}"}]}
COMMAND: GET /session/329de238260d7602ed1af1352086bef4/screenshot - {}
RESULT: {"script":"<script> [1562 bytes]","args":[{"selector":{"controlType":"sap.m.Input","viewName":"etm.portal.ui.manageyards.view.New","viewId":"application-manageyards-display-component---NewYard","bindingPath":{"path":"","propertyPath":"/CONTROLLING_AREA","modelName":"NewYardModel"},"interaction":{"idSuffix":"inner"}},"wdio_ui5_key":"etmportal.ui.manageyards.view.Newsap.m.Input{\"path\":\"\",\"propertyPath\":\"/CONTROLLING_AREA\",\"modelName\":\"NewYardModel\"}"}]}
RESULT: undefined
COMMAND: POST /session/329de238260d7602ed1af1352086bef4/execute/async - {"script":"<script> [776 bytes]","args":[{"enterText":"Z001","selector":{"controlType":"sap.m.Input","viewName":"etm.portal.ui.manageyards.view.New","viewId":"application-manageyards-display-component---NewYard","bindingPath":{"path":"","propertyPath":"/CONTROLLING_AREA","modelName":"NewYardModel"},"interaction":{"idSuffix":"inner"}},"clearTextFirst":true,"interactionType":"ENTER_TEXT"}]}
RESULT: {}
RESULT: {"script":"<script> [776 bytes]","args":[{"enterText":"Z001","selector":{"controlType":"sap.m.Input","viewName":"etm.portal.ui.manageyards.view.New","viewId":"application-manageyards-display-component---NewYard","bindingPath":{"path":"","propertyPath":"/CONTROLLING_AREA","modelName":"NewYardModel"},"interaction":{"idSuffix":"inner"}},"clearTextFirst":true,"interactionType":"ENTER_TEXT"}]}
COMMAND: POST /session/329de238260d7602ed1af1352086bef4/execute/async - {"script":"<script> [1562 bytes]","args":[{"selector":{"id":"application-manageyards-display-component---NewYard--companyCodeComboBox","interaction":{"idSuffix":"inner"}},"wdio_ui5_key":"applicationmanageyards-display-component---NewYard--companyCodeComboBox"}]}
RESULT: {"script":"<script> [1562 bytes]","args":[{"selector":{"id":"application-manageyards-display-component---NewYard--companyCodeComboBox","interaction":{"idSuffix":"inner"}},"wdio_ui5_key":"applicationmanageyards-display-component---NewYard--companyCodeComboBox"}]}
RESULT: undefined
COMMAND: POST /session/329de238260d7602ed1af1352086bef4/execute/async - {"script":"<script> [776 bytes]","args":[{"enterText":"1000","selector":{"id":"application-manageyards-display-component---NewYard--companyCodeComboBox","interaction":{"idSuffix":"inner"}},"clearTextFirst":true,"interactionType":"ENTER_TEXT"}]}
RESULT: {"script":"<script> [776 bytes]","args":[{"enterText":"1000","selector":{"id":"application-manageyards-display-component---NewYard--companyCodeComboBox","interaction":{"idSuffix":"inner"}},"clearTextFirst":true,"interactionType":"ENTER_TEXT"}]}
COMMAND: POST /session/329de238260d7602ed1af1352086bef4/execute/async - {"script":"<script> [1562 bytes]","args":[{"selector":{"controlType":"sap.m.Input","viewName":"etm.portal.ui.manageyards.view.New","viewId":"application-manageyards-display-component---NewYard","bindingPath":{"path":"","propertyPath":"/PLANT","modelName":"NewYardModel"},"interaction":{"idSuffix":"inner"}},"wdio_ui5_key":"etmportal.ui.manageyards.view.Newsap.m.Input{\"path\":\"\",\"propertyPath\":\"/PLANT\",\"modelName\":\"NewYardModel\"}"}]}
RESULT: {"script":"<script> [1562 bytes]","args":[{"selector":{"controlType":"sap.m.Input","viewName":"etm.portal.ui.manageyards.view.New","viewId":"application-manageyards-display-component---NewYard","bindingPath":{"path":"","propertyPath":"/PLANT","modelName":"NewYardModel"},"interaction":{"idSuffix":"inner"}},"wdio_ui5_key":"etmportal.ui.manageyards.view.Newsap.m.Input{\"path\":\"\",\"propertyPath\":\"/PLANT\",\"modelName\":\"NewYardModel\"}"}]}
RESULT: undefined
COMMAND: POST /session/329de238260d7602ed1af1352086bef4/execute/async - {"script":"<script> [776 bytes]","args":[{"enterText":"1001","selector":{"controlType":"sap.m.Input","viewName":"etm.portal.ui.manageyards.view.New","viewId":"application-manageyards-display-component---NewYard","bindingPath":{"path":"","propertyPath":"/PLANT","modelName":"NewYardModel"},"interaction":{"idSuffix":"inner"}},"clearTextFirst":true,"interactionType":"ENTER_TEXT"}]}
RESULT: {"script":"<script> [776 bytes]","args":[{"enterText":"1001","selector":{"controlType":"sap.m.Input","viewName":"etm.portal.ui.manageyards.view.New","viewId":"application-manageyards-display-component---NewYard","bindingPath":{"path":"","propertyPath":"/PLANT","modelName":"NewYardModel"},"interaction":{"idSuffix":"inner"}},"clearTextFirst":true,"interactionType":"ENTER_TEXT"}]}
COMMAND: POST /session/329de238260d7602ed1af1352086bef4/execute/async - {"script":"<script> [1562 bytes]","args":[{"selector":{"controlType":"sap.m.Input","viewName":"etm.portal.ui.manageyards.view.New","viewId":"application-manageyards-display-component---NewYard","bindingPath":{"path":"","propertyPath":"/SALES_AREA_VKORG","modelName":"NewYardModel"},"interaction":{"idSuffix":"inner"}},"wdio_ui5_key":"etmportal.ui.manageyards.view.Newsap.m.Input{\"path\":\"\",\"propertyPath\":\"/SALES_AREA_VKORG\",\"modelName\":\"NewYardModel\"}"}]}
RESULT: {"script":"<script> [1562 bytes]","args":[{"selector":{"controlType":"sap.m.Input","viewName":"etm.portal.ui.manageyards.view.New","viewId":"application-manageyards-display-component---NewYard","bindingPath":{"path":"","propertyPath":"/SALES_AREA_VKORG","modelName":"NewYardModel"},"interaction":{"idSuffix":"inner"}},"wdio_ui5_key":"etmportal.ui.manageyards.view.Newsap.m.Input{\"path\":\"\",\"propertyPath\":\"/SALES_AREA_VKORG\",\"modelName\":\"NewYardModel\"}"}]}
RESULT: undefined
COMMAND: POST /session/329de238260d7602ed1af1352086bef4/execute/async - {"script":"<script> [776 bytes]","args":[{"enterText":"C002","selector":{"controlType":"sap.m.Input","viewName":"etm.portal.ui.manageyards.view.New","viewId":"application-manageyards-display-component---NewYard","bindingPath":{"path":"","propertyPath":"/SALES_AREA_VKORG","modelName":"NewYardModel"},"interaction":{"idSuffix":"inner"}},"clearTextFirst":true,"interactionType":"ENTER_TEXT"}]}
RESULT: {"script":"<script> [776 bytes]","args":[{"enterText":"C002","selector":{"controlType":"sap.m.Input","viewName":"etm.portal.ui.manageyards.view.New","viewId":"application-manageyards-display-component---NewYard","bindingPath":{"path":"","propertyPath":"/SALES_AREA_VKORG","modelName":"NewYardModel"},"interaction":{"idSuffix":"inner"}},"clearTextFirst":true,"interactionType":"ENTER_TEXT"}]}
COMMAND: POST /session/329de238260d7602ed1af1352086bef4/execute/async - {"script":"<script> [1562 bytes]","args":[{"selector":{"controlType":"sap.m.Input","viewName":"etm.portal.ui.manageyards.view.New","viewId":"application-manageyards-display-component---NewYard","bindingPath":{"path":"","propertyPath":"/SALES_AREA_VTWEG","modelName":"NewYardModel"},"interaction":{"idSuffix":"inner"}},"wdio_ui5_key":"etmportal.ui.manageyards.view.Newsap.m.Input{\"path\":\"\",\"propertyPath\":\"/SALES_AREA_VTWEG\",\"modelName\":\"NewYardModel\"}"}]}
RESULT: {"script":"<script> [1562 bytes]","args":[{"selector":{"controlType":"sap.m.Input","viewName":"etm.portal.ui.manageyards.view.New","viewId":"application-manageyards-display-component---NewYard","bindingPath":{"path":"","propertyPath":"/SALES_AREA_VTWEG","modelName":"NewYardModel"},"interaction":{"idSuffix":"inner"}},"wdio_ui5_key":"etmportal.ui.manageyards.view.Newsap.m.Input{\"path\":\"\",\"propertyPath\":\"/SALES_AREA_VTWEG\",\"modelName\":\"NewYardModel\"}"}]}
RESULT: undefined
COMMAND: POST /session/329de238260d7602ed1af1352086bef4/execute/async - {"script":"<script> [776 bytes]","args":[{"enterText":"C2","selector":{"controlType":"sap.m.Input","viewName":"etm.portal.ui.manageyards.view.New","viewId":"application-manageyards-display-component---NewYard","bindingPath":{"path":"","propertyPath":"/SALES_AREA_VTWEG","modelName":"NewYardModel"},"interaction":{"idSuffix":"inner"}},"clearTextFirst":true,"interactionType":"ENTER_TEXT"}]}
RESULT: {"script":"<script> [776 bytes]","args":[{"enterText":"C2","selector":{"controlType":"sap.m.Input","viewName":"etm.portal.ui.manageyards.view.New","viewId":"application-manageyards-display-component---NewYard","bindingPath":{"path":"","propertyPath":"/SALES_AREA_VTWEG","modelName":"NewYardModel"},"interaction":{"idSuffix":"inner"}},"clearTextFirst":true,"interactionType":"ENTER_TEXT"}]}
COMMAND: POST /session/329de238260d7602ed1af1352086bef4/execute/async - {"script":"<script> [1562 bytes]","args":[{"selector":{"controlType":"sap.m.Input","viewName":"etm.portal.ui.manageyards.view.New","viewId":"application-manageyards-display-component---NewYard","bindingPath":{"path":"","propertyPath":"/SALES_AREA_SPART","modelName":"NewYardModel"},"interaction":{"idSuffix":"inner"}},"wdio_ui5_key":"etmportal.ui.manageyards.view.Newsap.m.Input{\"path\":\"\",\"propertyPath\":\"/SALES_AREA_SPART\",\"modelName\":\"NewYardModel\"}"}]}
RESULT: {"script":"<script> [1562 bytes]","args":[{"selector":{"controlType":"sap.m.Input","viewName":"etm.portal.ui.manageyards.view.New","viewId":"application-manageyards-display-component---NewYard","bindingPath":{"path":"","propertyPath":"/SALES_AREA_SPART","modelName":"NewYardModel"},"interaction":{"idSuffix":"inner"}},"wdio_ui5_key":"etmportal.ui.manageyards.view.Newsap.m.Input{\"path\":\"\",\"propertyPath\":\"/SALES_AREA_SPART\",\"modelName\":\"NewYardModel\"}"}]}
RESULT: undefined
COMMAND: POST /session/329de238260d7602ed1af1352086bef4/execute/async - {"script":"<script> [776 bytes]","args":[{"enterText":"C2","selector":{"controlType":"sap.m.Input","viewName":"etm.portal.ui.manageyards.view.New","viewId":"application-manageyards-display-component---NewYard","bindingPath":{"path":"","propertyPath":"/SALES_AREA_SPART","modelName":"NewYardModel"},"interaction":{"idSuffix":"inner"}},"clearTextFirst":true,"interactionType":"ENTER_TEXT"}]}
RESULT: {"script":"<script> [776 bytes]","args":[{"enterText":"C2","selector":{"controlType":"sap.m.Input","viewName":"etm.portal.ui.manageyards.view.New","viewId":"application-manageyards-display-component---NewYard","bindingPath":{"path":"","propertyPath":"/SALES_AREA_SPART","modelName":"NewYardModel"},"interaction":{"idSuffix":"inner"}},"clearTextFirst":true,"interactionType":"ENTER_TEXT"}]}
COMMAND: POST /session/329de238260d7602ed1af1352086bef4/execute/async - {"script":"<script> [1562 bytes]","args":[{"selector":{"controlType":"sap.m.Input","viewName":"etm.portal.ui.manageyards.view.New","viewId":"application-manageyards-display-component---NewYard","bindingPath":{"path":"","propertyPath":"/SHIP_POINT","modelName":"NewYardModel"},"interaction":{"idSuffix":"inner"}},"wdio_ui5_key":"etmportal.ui.manageyards.view.Newsap.m.Input{\"path\":\"\",\"propertyPath\":\"/SHIP_POINT\",\"modelName\":\"NewYardModel\"}"}]}
RESULT: {"script":"<script> [1562 bytes]","args":[{"selector":{"controlType":"sap.m.Input","viewName":"etm.portal.ui.manageyards.view.New","viewId":"application-manageyards-display-component---NewYard","bindingPath":{"path":"","propertyPath":"/SHIP_POINT","modelName":"NewYardModel"},"interaction":{"idSuffix":"inner"}},"wdio_ui5_key":"etmportal.ui.manageyards.view.Newsap.m.Input{\"path\":\"\",\"propertyPath\":\"/SHIP_POINT\",\"modelName\":\"NewYardModel\"}"}]}
RESULT: undefined
COMMAND: POST /session/329de238260d7602ed1af1352086bef4/execute/async - {"script":"<script> [776 bytes]","args":[{"enterText":"1710","selector":{"controlType":"sap.m.Input","viewName":"etm.portal.ui.manageyards.view.New","viewId":"application-manageyards-display-component---NewYard","bindingPath":{"path":"","propertyPath":"/SHIP_POINT","modelName":"NewYardModel"},"interaction":{"idSuffix":"inner"}},"clearTextFirst":true,"interactionType":"ENTER_TEXT"}]}
RESULT: {"script":"<script> [776 bytes]","args":[{"enterText":"1710","selector":{"controlType":"sap.m.Input","viewName":"etm.portal.ui.manageyards.view.New","viewId":"application-manageyards-display-component---NewYard","bindingPath":{"path":"","propertyPath":"/SHIP_POINT","modelName":"NewYardModel"},"interaction":{"idSuffix":"inner"}},"clearTextFirst":true,"interactionType":"ENTER_TEXT"}]}
COMMAND: POST /session/329de238260d7602ed1af1352086bef4/execute/async - {"script":"<script> [1562 bytes]","args":[{"selector":{"controlType":"sap.m.Input","viewName":"etm.portal.ui.manageyards.view.New","viewId":"application-manageyards-display-component---NewYard","bindingPath":{"path":"","propertyPath":"/DELIVERY_TYPE","modelName":"NewYardModel"},"interaction":{"idSuffix":"inner"}},"wdio_ui5_key":"etmportal.ui.manageyards.view.Newsap.m.Input{\"path\":\"\",\"propertyPath\":\"/DELIVERY_TYPE\",\"modelName\":\"NewYardModel\"}"}]}
RESULT: {"script":"<script> [1562 bytes]","args":[{"selector":{"controlType":"sap.m.Input","viewName":"etm.portal.ui.manageyards.view.New","viewId":"application-manageyards-display-component---NewYard","bindingPath":{"path":"","propertyPath":"/DELIVERY_TYPE","modelName":"NewYardModel"},"interaction":{"idSuffix":"inner"}},"wdio_ui5_key":"etmportal.ui.manageyards.view.Newsap.m.Input{\"path\":\"\",\"propertyPath\":\"/DELIVERY_TYPE\",\"modelName\":\"NewYardModel\"}"}]}
RESULT: undefined
COMMAND: POST /session/329de238260d7602ed1af1352086bef4/execute/async - {"script":"<script> [776 bytes]","args":[{"enterText":"ZL01","selector":{"controlType":"sap.m.Input","viewName":"etm.portal.ui.manageyards.view.New","viewId":"application-manageyards-display-component---NewYard","bindingPath":{"path":"","propertyPath":"/DELIVERY_TYPE","modelName":"NewYardModel"},"interaction":{"idSuffix":"inner"}},"clearTextFirst":true,"interactionType":"ENTER_TEXT"}]}
RESULT: {"script":"<script> [776 bytes]","args":[{"enterText":"ZL01","selector":{"controlType":"sap.m.Input","viewName":"etm.portal.ui.manageyards.view.New","viewId":"application-manageyards-display-component---NewYard","bindingPath":{"path":"","propertyPath":"/DELIVERY_TYPE","modelName":"NewYardModel"},"interaction":{"idSuffix":"inner"}},"clearTextFirst":true,"interactionType":"ENTER_TEXT"}]}
COMMAND: POST /session/329de238260d7602ed1af1352086bef4/execute/async - {"script":"<script> [1562 bytes]","args":[{"selector":{"controlType":"sap.m.Input","viewName":"etm.portal.ui.manageyards.view.New","viewId":"application-manageyards-display-component---NewYard","bindingPath":{"path":"","propertyPath":"/AUART","modelName":"NewYardModel"},"interaction":{"idSuffix":"inner"}},"wdio_ui5_key":"etmportal.ui.manageyards.view.Newsap.m.Input{\"path\":\"\",\"propertyPath\":\"/AUART\",\"modelName\":\"NewYardModel\"}"}]}
RESULT: {"script":"<script> [1562 bytes]","args":[{"selector":{"controlType":"sap.m.Input","viewName":"etm.portal.ui.manageyards.view.New","viewId":"application-manageyards-display-component---NewYard","bindingPath":{"path":"","propertyPath":"/AUART","modelName":"NewYardModel"},"interaction":{"idSuffix":"inner"}},"wdio_ui5_key":"etmportal.ui.manageyards.view.Newsap.m.Input{\"path\":\"\",\"propertyPath\":\"/AUART\",\"modelName\":\"NewYardModel\"}"}]}
RESULT: undefined
COMMAND: POST /session/329de238260d7602ed1af1352086bef4/execute/async - {"script":"<script> [776 bytes]","args":[{"enterText":"TA","selector":{"controlType":"sap.m.Input","viewName":"etm.portal.ui.manageyards.view.New","viewId":"application-manageyards-display-component---NewYard","bindingPath":{"path":"","propertyPath":"/AUART","modelName":"NewYardModel"},"interaction":{"idSuffix":"inner"}},"clearTextFirst":true,"interactionType":"ENTER_TEXT"}]}
RESULT: {"script":"<script> [776 bytes]","args":[{"enterText":"TA","selector":{"controlType":"sap.m.Input","viewName":"etm.portal.ui.manageyards.view.New","viewId":"application-manageyards-display-component---NewYard","bindingPath":{"path":"","propertyPath":"/AUART","modelName":"NewYardModel"},"interaction":{"idSuffix":"inner"}},"clearTextFirst":true,"interactionType":"ENTER_TEXT"}]}
COMMAND: POST /session/329de238260d7602ed1af1352086bef4/element - {"using":"xpath","value":"//button[@data-kt=\"newYardSaveButton\"]"}
RESULT: {"using":"xpath","value":"//button[@data-kt=\"newYardSaveButton\"]"}
COMMAND: POST /session/329de238260d7602ed1af1352086bef4/element/f.ABBA5987F2E82E58D78C902D9EA41D2B.d.E9A069D8F2F0427A0AA854DC28FFE93D.e.704/click - {}
RESULT: {}
COMMAND: GET /session/329de238260d7602ed1af1352086bef4/screenshot - {}
RESULT: {}
COMMAND: POST /session/329de238260d7602ed1af1352086bef4/element - {"using":"xpath","value":"//header[contains(@id, 'ObjectPageLayout-headerTitle')]/div[1]/div[2]/div[1]/span[1]"}
RESULT: {"using":"xpath","value":"//header[contains(@id, 'ObjectPageLayout-headerTitle')]/div[1]/div[2]/div[1]/span[1]"}
COMMAND: POST /session/329de238260d7602ed1af1352086bef4/elements - {"using":"xpath","value":"//header[contains(@id, 'ObjectPageLayout-headerTitle')]/div[1]/div[2]/div[1]/span[1]"}
RESULT: {"using":"xpath","value":"//header[contains(@id, 'ObjectPageLayout-headerTitle')]/div[1]/div[2]/div[1]/span[1]"}
COMMAND: POST /session/329de238260d7602ed1af1352086bef4/execute/sync - {"script":"<script> [56 bytes]","args":[{"element-6066-11e4-a52e-4f735466cecf":"f.ABBA5987F2E82E58D78C902D9EA41D2B.d.E9A069D8F2F0427A0AA854DC28FFE93D.e.992","ELEMENT":"f.ABBA5987F2E82E58D78C902D9EA41D2B.d.E9A069D8F2F0427A0AA854DC28FFE93D.e.992"}]}
RESULT: {"script":"<script> [56 bytes]","args":[{"element-6066-11e4-a52e-4f735466cecf":"f.ABBA5987F2E82E58D78C902D9EA41D2B.d.E9A069D8F2F0427A0AA854DC28FFE93D.e.992","ELEMENT":"f.ABBA5987F2E82E58D78C902D9EA41D2B.d.E9A069D8F2F0427A0AA854DC28FFE93D.e.992"}]}
COMMAND: GET /session/329de238260d7602ed1af1352086bef4/screenshot - {}
RESULT: {}
COMMAND: POST /session/329de238260d7602ed1af1352086bef4/element - {"using":"css selector","value":"#shell-header-logo"}
RESULT: {"using":"css selector","value":"#shell-header-logo"}
COMMAND: POST /session/329de238260d7602ed1af1352086bef4/element/f.ABBA5987F2E82E58D78C902D9EA41D2B.d.E9A069D8F2F0427A0AA854DC28FFE93D.e.257/click - {}
RESULT: {}
COMMAND: GET /session/329de238260d7602ed1af1352086bef4/screenshot - {}
RESULT: {}
COMMAND: POST /session/329de238260d7602ed1af1352086bef4/execute/sync - {"script":"<script> [299 bytes]","args":[["getModel","getResource"]]}
RESULT: {"script":"<script> [299 bytes]","args":[["getModel","getResource"]]}
COMMAND: GET /session/329de238260d7602ed1af1352086bef4/screenshot - {}
]]></system-out>
    </testcase>
    <testcase classname="chrome.136_0_7103_93.windows.Billing_confirm_US117289" name="Should create a new partner" time="130.264">
      <system-out><![CDATA[
COMMAND: POST /session/329de238260d7602ed1af1352086bef4/window/fullscreen - {}
RESULT: {}
RESULT: {}
COMMAND: POST /session/329de238260d7602ed1af1352086bef4/execute/async - {"script":"<script> [1562 bytes]","args":[{"selector":{"controlType":"sap.m.GenericTile","properties":{"header":"Manage Partners"}},"wdio_ui5_key":"sapm.GenericTile{\"header\":\"Manage Partners\"}"}]}
RESULT: {"script":"<script> [1562 bytes]","args":[{"selector":{"controlType":"sap.m.GenericTile","properties":{"header":"Manage Partners"}},"wdio_ui5_key":"sapm.GenericTile{\"header\":\"Manage Partners\"}"}]}
RESULT: undefined
COMMAND: POST /session/329de238260d7602ed1af1352086bef4/element - {"using":"xpath","value":"//*[@id=\"__tile38\"]"}
RESULT: {"using":"xpath","value":"//*[@id=\"__tile38\"]"}
COMMAND: POST /session/329de238260d7602ed1af1352086bef4/element/f.ABBA5987F2E82E58D78C902D9EA41D2B.d.E9A069D8F2F0427A0AA854DC28FFE93D.e.151/click - {}
RESULT: {}
COMMAND: GET /session/329de238260d7602ed1af1352086bef4/screenshot - {}
RESULT: {}
COMMAND: POST /session/329de238260d7602ed1af1352086bef4/elements - {"using":"xpath","value":"//span[text()='Error']"}
RESULT: {"using":"xpath","value":"//span[text()='Error']"}
COMMAND: POST /session/329de238260d7602ed1af1352086bef4/element - {"using":"xpath","value":"//button[@data-kt=\"addButton\"]"}
RESULT: {"using":"xpath","value":"//button[@data-kt=\"addButton\"]"}
COMMAND: POST /session/329de238260d7602ed1af1352086bef4/elements - {"using":"xpath","value":"//button[@data-kt=\"addButton\"]"}
RESULT: {"using":"xpath","value":"//button[@data-kt=\"addButton\"]"}
COMMAND: POST /session/329de238260d7602ed1af1352086bef4/execute/sync - {"script":"<script> [8489 bytes]","args":[{"element-6066-11e4-a52e-4f735466cecf":"f.ABBA5987F2E82E58D78C902D9EA41D2B.d.E9A069D8F2F0427A0AA854DC28FFE93D.e.1042","ELEMENT":"f.ABBA5987F2E82E58D78C902D9EA41D2B.d.E9A069D8F2F0427A0AA854DC28FFE93D.e.1042"}]}
RESULT: {"script":"<script> [8489 bytes]","args":[{"element-6066-11e4-a52e-4f735466cecf":"f.ABBA5987F2E82E58D78C902D9EA41D2B.d.E9A069D8F2F0427A0AA854DC28FFE93D.e.1042","ELEMENT":"f.ABBA5987F2E82E58D78C902D9EA41D2B.d.E9A069D8F2F0427A0AA854DC28FFE93D.e.1042"}]}
COMMAND: GET /session/329de238260d7602ed1af1352086bef4/element/f.ABBA5987F2E82E58D78C902D9EA41D2B.d.E9A069D8F2F0427A0AA854DC28FFE93D.e.1042/enabled - {}
COMMAND: GET /session/329de238260d7602ed1af1352086bef4/screenshot - {}
RESULT: {}
COMMAND: POST /session/329de238260d7602ed1af1352086bef4/execute/sync - {"script":"<script> [8489 bytes]","args":[{"element-6066-11e4-a52e-4f735466cecf":"f.ABBA5987F2E82E58D78C902D9EA41D2B.d.E9A069D8F2F0427A0AA854DC28FFE93D.e.1042","ELEMENT":"f.ABBA5987F2E82E58D78C902D9EA41D2B.d.E9A069D8F2F0427A0AA854DC28FFE93D.e.1042"}]}
COMMAND: GET /session/329de238260d7602ed1af1352086bef4/screenshot - {}
RESULT: {}
RESULT: {"script":"<script> [8489 bytes]","args":[{"element-6066-11e4-a52e-4f735466cecf":"f.ABBA5987F2E82E58D78C902D9EA41D2B.d.E9A069D8F2F0427A0AA854DC28FFE93D.e.1042","ELEMENT":"f.ABBA5987F2E82E58D78C902D9EA41D2B.d.E9A069D8F2F0427A0AA854DC28FFE93D.e.1042"}]}
COMMAND: POST /session/329de238260d7602ed1af1352086bef4/execute/sync - {"script":"<script> [5351 bytes]","args":[{"element-6066-11e4-a52e-4f735466cecf":"f.ABBA5987F2E82E58D78C902D9EA41D2B.d.E9A069D8F2F0427A0AA854DC28FFE93D.e.1042","ELEMENT":"f.ABBA5987F2E82E58D78C902D9EA41D2B.d.E9A069D8F2F0427A0AA854DC28FFE93D.e.1042"}]}
COMMAND: GET /session/329de238260d7602ed1af1352086bef4/screenshot - {}
RESULT: {}
RESULT: {"script":"<script> [5351 bytes]","args":[{"element-6066-11e4-a52e-4f735466cecf":"f.ABBA5987F2E82E58D78C902D9EA41D2B.d.E9A069D8F2F0427A0AA854DC28FFE93D.e.1042","ELEMENT":"f.ABBA5987F2E82E58D78C902D9EA41D2B.d.E9A069D8F2F0427A0AA854DC28FFE93D.e.1042"}]}
COMMAND: POST /session/329de238260d7602ed1af1352086bef4/element/f.ABBA5987F2E82E58D78C902D9EA41D2B.d.E9A069D8F2F0427A0AA854DC28FFE93D.e.1042/click - {}
COMMAND: GET /session/329de238260d7602ed1af1352086bef4/screenshot - {}
RESULT: {}
RESULT: {}
RESULT: {}
COMMAND: GET /session/329de238260d7602ed1af1352086bef4/screenshot - {}
COMMAND: POST /session/329de238260d7602ed1af1352086bef4/execute/async - {"script":"<script> [1562 bytes]","args":[{"selector":{"id":"application-managepartners-display-component---NewPartner--addressDetailDetailsName1","interaction":{"idSuffix":"inner"}},"wdio_ui5_key":"applicationmanagepartners-display-component---NewPartner--addressDetailDetailsName1"}]}
RESULT: {}
RESULT: {"script":"<script> [1562 bytes]","args":[{"selector":{"id":"application-managepartners-display-component---NewPartner--addressDetailDetailsName1","interaction":{"idSuffix":"inner"}},"wdio_ui5_key":"applicationmanagepartners-display-component---NewPartner--addressDetailDetailsName1"}]}
RESULT: undefined
COMMAND: POST /session/329de238260d7602ed1af1352086bef4/execute/async - {"script":"<script> [776 bytes]","args":[{"enterText":"Intracompany Partner WDIO","selector":{"id":"application-managepartners-display-component---NewPartner--addressDetailDetailsName1","interaction":{"idSuffix":"inner"}},"clearTextFirst":true,"interactionType":"ENTER_TEXT"}]}
RESULT: {"script":"<script> [776 bytes]","args":[{"enterText":"Intracompany Partner WDIO","selector":{"id":"application-managepartners-display-component---NewPartner--addressDetailDetailsName1","interaction":{"idSuffix":"inner"}},"clearTextFirst":true,"interactionType":"ENTER_TEXT"}]}
COMMAND: POST /session/329de238260d7602ed1af1352086bef4/execute/async - {"script":"<script> [1562 bytes]","args":[{"selector":{"id":"application-managepartners-display-component---NewPartner--addressDetailDetailsLanguage-arrow"},"wdio_ui5_key":"applicationmanagepartners-display-component---NewPartner--addressDetailDetailsLanguage-arrow"}]}
RESULT: {"script":"<script> [1562 bytes]","args":[{"selector":{"id":"application-managepartners-display-component---NewPartner--addressDetailDetailsLanguage-arrow"},"wdio_ui5_key":"applicationmanagepartners-display-component---NewPartner--addressDetailDetailsLanguage-arrow"}]}
RESULT: undefined
COMMAND: POST /session/329de238260d7602ed1af1352086bef4/element - {"using":"xpath","value":"//*[@id=\"application-managepartners-display-component---NewPartner--addressDetailDetailsLanguage-arrow\"]"}
RESULT: {"using":"xpath","value":"//*[@id=\"application-managepartners-display-component---NewPartner--addressDetailDetailsLanguage-arrow\"]"}
COMMAND: POST /session/329de238260d7602ed1af1352086bef4/element/f.ABBA5987F2E82E58D78C902D9EA41D2B.d.E9A069D8F2F0427A0AA854DC28FFE93D.e.1480/click - {}
RESULT: {}
COMMAND: POST /session/329de238260d7602ed1af1352086bef4/element - {"using":"xpath","value":"//span[contains(text(), \"English\")]"}
COMMAND: GET /session/329de238260d7602ed1af1352086bef4/screenshot - {}
RESULT: {"using":"xpath","value":"//span[contains(text(), \"English\")]"}
COMMAND: POST /session/329de238260d7602ed1af1352086bef4/element/f.ABBA5987F2E82E58D78C902D9EA41D2B.d.E9A069D8F2F0427A0AA854DC28FFE93D.e.1481/click - {}
RESULT: {}
RESULT: {}
COMMAND: GET /session/329de238260d7602ed1af1352086bef4/screenshot - {}
RESULT: {}
COMMAND: POST /session/329de238260d7602ed1af1352086bef4/execute/async - {"script":"<script> [1562 bytes]","args":[{"selector":{"id":"application-managepartners-display-component---NewPartner--addressDetailDetailsCity1","interaction":{"idSuffix":"inner"}},"wdio_ui5_key":"applicationmanagepartners-display-component---NewPartner--addressDetailDetailsCity1"}]}
RESULT: {"script":"<script> [1562 bytes]","args":[{"selector":{"id":"application-managepartners-display-component---NewPartner--addressDetailDetailsCity1","interaction":{"idSuffix":"inner"}},"wdio_ui5_key":"applicationmanagepartners-display-component---NewPartner--addressDetailDetailsCity1"}]}
RESULT: undefined
COMMAND: POST /session/329de238260d7602ed1af1352086bef4/execute/async - {"script":"<script> [776 bytes]","args":[{"enterText":"Rosario","selector":{"id":"application-managepartners-display-component---NewPartner--addressDetailDetailsCity1","interaction":{"idSuffix":"inner"}},"clearTextFirst":true,"interactionType":"ENTER_TEXT"}]}
RESULT: {"script":"<script> [776 bytes]","args":[{"enterText":"Rosario","selector":{"id":"application-managepartners-display-component---NewPartner--addressDetailDetailsCity1","interaction":{"idSuffix":"inner"}},"clearTextFirst":true,"interactionType":"ENTER_TEXT"}]}
COMMAND: POST /session/329de238260d7602ed1af1352086bef4/execute/async - {"script":"<script> [1562 bytes]","args":[{"selector":{"id":"application-managepartners-display-component---NewPartner--addressDetailDetailsCountry-arrow"},"wdio_ui5_key":"applicationmanagepartners-display-component---NewPartner--addressDetailDetailsCountry-arrow"}]}
RESULT: {"script":"<script> [1562 bytes]","args":[{"selector":{"id":"application-managepartners-display-component---NewPartner--addressDetailDetailsCountry-arrow"},"wdio_ui5_key":"applicationmanagepartners-display-component---NewPartner--addressDetailDetailsCountry-arrow"}]}
RESULT: undefined
COMMAND: POST /session/329de238260d7602ed1af1352086bef4/element - {"using":"xpath","value":"//*[@id=\"application-managepartners-display-component---NewPartner--addressDetailDetailsCountry-arrow\"]"}
RESULT: {"using":"xpath","value":"//*[@id=\"application-managepartners-display-component---NewPartner--addressDetailDetailsCountry-arrow\"]"}
COMMAND: POST /session/329de238260d7602ed1af1352086bef4/element/f.ABBA5987F2E82E58D78C902D9EA41D2B.d.E9A069D8F2F0427A0AA854DC28FFE93D.e.1444/click - {}
RESULT: {}
COMMAND: POST /session/329de238260d7602ed1af1352086bef4/element - {"using":"xpath","value":"//span[contains(text(), \"Argentina\")]"}
COMMAND: GET /session/329de238260d7602ed1af1352086bef4/screenshot - {}
RESULT: {"using":"xpath","value":"//span[contains(text(), \"Argentina\")]"}
COMMAND: POST /session/329de238260d7602ed1af1352086bef4/element/f.ABBA5987F2E82E58D78C902D9EA41D2B.d.E9A069D8F2F0427A0AA854DC28FFE93D.e.1483/click - {}
RESULT: {}
RESULT: {}
COMMAND: GET /session/329de238260d7602ed1af1352086bef4/screenshot - {}
RESULT: {}
COMMAND: POST /session/329de238260d7602ed1af1352086bef4/element - {"using":"xpath","value":"//bdi[contains(text(), \"Commercial\")]"}
RESULT: {"using":"xpath","value":"//bdi[contains(text(), \"Commercial\")]"}
COMMAND: POST /session/329de238260d7602ed1af1352086bef4/element/f.ABBA5987F2E82E58D78C902D9EA41D2B.d.E9A069D8F2F0427A0AA854DC28FFE93D.e.1484/click - {}
RESULT: {}
COMMAND: GET /session/329de238260d7602ed1af1352086bef4/screenshot - {}
RESULT: {}
COMMAND: POST /session/329de238260d7602ed1af1352086bef4/execute/async - {"script":"<script> [1562 bytes]","args":[{"selector":{"id":"application-managepartners-display-component---NewPartner--partnerDetailInternal-arrow"},"wdio_ui5_key":"applicationmanagepartners-display-component---NewPartner--partnerDetailInternal-arrow"}]}
RESULT: {"script":"<script> [1562 bytes]","args":[{"selector":{"id":"application-managepartners-display-component---NewPartner--partnerDetailInternal-arrow"},"wdio_ui5_key":"applicationmanagepartners-display-component---NewPartner--partnerDetailInternal-arrow"}]}
RESULT: undefined
COMMAND: POST /session/329de238260d7602ed1af1352086bef4/element - {"using":"xpath","value":"//*[@id=\"application-managepartners-display-component---NewPartner--partnerDetailInternal-arrow\"]"}
RESULT: {"using":"xpath","value":"//*[@id=\"application-managepartners-display-component---NewPartner--partnerDetailInternal-arrow\"]"}
COMMAND: POST /session/329de238260d7602ed1af1352086bef4/element/f.ABBA5987F2E82E58D78C902D9EA41D2B.d.E9A069D8F2F0427A0AA854DC28FFE93D.e.1490/click - {}
RESULT: {}
COMMAND: POST /session/329de238260d7602ed1af1352086bef4/element - {"using":"xpath","value":"//span[contains(text(), \"Affiliated company\")]"}
COMMAND: GET /session/329de238260d7602ed1af1352086bef4/screenshot - {}
RESULT: {"using":"xpath","value":"//span[contains(text(), \"Affiliated company\")]"}
COMMAND: POST /session/329de238260d7602ed1af1352086bef4/element/f.ABBA5987F2E82E58D78C902D9EA41D2B.d.E9A069D8F2F0427A0AA854DC28FFE93D.e.1493/click - {}
RESULT: {}
RESULT: {}
COMMAND: POST /session/329de238260d7602ed1af1352086bef4/execute/async - {"script":"<script> [1562 bytes]","args":[{"selector":{"id":"application-managepartners-display-component---NewPartner--partnerDetailsCurrency-arrow"},"wdio_ui5_key":"applicationmanagepartners-display-component---NewPartner--partnerDetailsCurrency-arrow"}]}
COMMAND: GET /session/329de238260d7602ed1af1352086bef4/screenshot - {}
RESULT: {"script":"<script> [1562 bytes]","args":[{"selector":{"id":"application-managepartners-display-component---NewPartner--partnerDetailsCurrency-arrow"},"wdio_ui5_key":"applicationmanagepartners-display-component---NewPartner--partnerDetailsCurrency-arrow"}]}
RESULT: undefined
COMMAND: POST /session/329de238260d7602ed1af1352086bef4/element - {"using":"xpath","value":"//*[@id=\"application-managepartners-display-component---NewPartner--partnerDetailsCurrency-arrow\"]"}
RESULT: {}
RESULT: {"using":"xpath","value":"//*[@id=\"application-managepartners-display-component---NewPartner--partnerDetailsCurrency-arrow\"]"}
COMMAND: POST /session/329de238260d7602ed1af1352086bef4/element/f.ABBA5987F2E82E58D78C902D9EA41D2B.d.E9A069D8F2F0427A0AA854DC28FFE93D.e.1500/click - {}
RESULT: {}
COMMAND: POST /session/329de238260d7602ed1af1352086bef4/element - {"using":"xpath","value":"//span[contains(text(), \"Euro\")]"}
COMMAND: GET /session/329de238260d7602ed1af1352086bef4/screenshot - {}
RESULT: {"using":"xpath","value":"//span[contains(text(), \"Euro\")]"}
COMMAND: POST /session/329de238260d7602ed1af1352086bef4/element/f.ABBA5987F2E82E58D78C902D9EA41D2B.d.E9A069D8F2F0427A0AA854DC28FFE93D.e.1501/click - {}
RESULT: {}
RESULT: {}
COMMAND: POST /session/329de238260d7602ed1af1352086bef4/execute/async - {"script":"<script> [1562 bytes]","args":[{"selector":{"id":"application-managepartners-display-component---NewPartner--addressEditDetailsCostObjectCstType-arrow"},"wdio_ui5_key":"applicationmanagepartners-display-component---NewPartner--addressEditDetailsCostObjectCstType-arrow"}]}
COMMAND: GET /session/329de238260d7602ed1af1352086bef4/screenshot - {}
RESULT: {"script":"<script> [1562 bytes]","args":[{"selector":{"id":"application-managepartners-display-component---NewPartner--addressEditDetailsCostObjectCstType-arrow"},"wdio_ui5_key":"applicationmanagepartners-display-component---NewPartner--addressEditDetailsCostObjectCstType-arrow"}]}
RESULT: undefined
COMMAND: POST /session/329de238260d7602ed1af1352086bef4/element - {"using":"xpath","value":"//*[@id=\"application-managepartners-display-component---NewPartner--addressEditDetailsCostObjectCstType-arrow\"]"}
RESULT: {}
RESULT: {"using":"xpath","value":"//*[@id=\"application-managepartners-display-component---NewPartner--addressEditDetailsCostObjectCstType-arrow\"]"}
COMMAND: POST /session/329de238260d7602ed1af1352086bef4/element/f.ABBA5987F2E82E58D78C902D9EA41D2B.d.E9A069D8F2F0427A0AA854DC28FFE93D.e.1502/click - {}
RESULT: {}
COMMAND: POST /session/329de238260d7602ed1af1352086bef4/element - {"using":"xpath","value":"//span[contains(text(), \"Cost Center\")]"}
COMMAND: GET /session/329de238260d7602ed1af1352086bef4/screenshot - {}
RESULT: {"using":"xpath","value":"//span[contains(text(), \"Cost Center\")]"}
COMMAND: POST /session/329de238260d7602ed1af1352086bef4/element/f.ABBA5987F2E82E58D78C902D9EA41D2B.d.E9A069D8F2F0427A0AA854DC28FFE93D.e.1503/click - {}
RESULT: {}
RESULT: {}
COMMAND: GET /session/329de238260d7602ed1af1352086bef4/screenshot - {}
RESULT: {}
COMMAND: POST /session/329de238260d7602ed1af1352086bef4/element - {"using":"xpath","value":"//span[@id=\"application-managepartners-display-component---NewPartner--addressNewCostObjectCstID-vhi\"]"}
RESULT: {"using":"xpath","value":"//span[@id=\"application-managepartners-display-component---NewPartner--addressNewCostObjectCstID-vhi\"]"}
COMMAND: POST /session/329de238260d7602ed1af1352086bef4/execute/sync - {"script":"<script> [8489 bytes]","args":[{"element-6066-11e4-a52e-4f735466cecf":"f.ABBA5987F2E82E58D78C902D9EA41D2B.d.E9A069D8F2F0427A0AA854DC28FFE93D.e.1507","ELEMENT":"f.ABBA5987F2E82E58D78C902D9EA41D2B.d.E9A069D8F2F0427A0AA854DC28FFE93D.e.1507"}]}
RESULT: {"script":"<script> [8489 bytes]","args":[{"element-6066-11e4-a52e-4f735466cecf":"f.ABBA5987F2E82E58D78C902D9EA41D2B.d.E9A069D8F2F0427A0AA854DC28FFE93D.e.1507","ELEMENT":"f.ABBA5987F2E82E58D78C902D9EA41D2B.d.E9A069D8F2F0427A0AA854DC28FFE93D.e.1507"}]}
COMMAND: POST /session/329de238260d7602ed1af1352086bef4/execute/async - {"script":"<script> [1562 bytes]","args":[{"selector":{"id":"application-managepartners-display-component---NewPartner--addressNewCostObjectCstID-vhi"},"wdio_ui5_key":"applicationmanagepartners-display-component---NewPartner--addressNewCostObjectCstID-vhi"}]}
COMMAND: GET /session/329de238260d7602ed1af1352086bef4/screenshot - {}
RESULT: {"script":"<script> [1562 bytes]","args":[{"selector":{"id":"application-managepartners-display-component---NewPartner--addressNewCostObjectCstID-vhi"},"wdio_ui5_key":"applicationmanagepartners-display-component---NewPartner--addressNewCostObjectCstID-vhi"}]}
RESULT: undefined
COMMAND: POST /session/329de238260d7602ed1af1352086bef4/element - {"using":"xpath","value":"//*[@id=\"application-managepartners-display-component---NewPartner--addressNewCostObjectCstID-vhi\"]"}
RESULT: {}
RESULT: {"using":"xpath","value":"//*[@id=\"application-managepartners-display-component---NewPartner--addressNewCostObjectCstID-vhi\"]"}
COMMAND: POST /session/329de238260d7602ed1af1352086bef4/element/f.ABBA5987F2E82E58D78C902D9EA41D2B.d.E9A069D8F2F0427A0AA854DC28FFE93D.e.1507/click - {}
RESULT: {}
COMMAND: GET /session/329de238260d7602ed1af1352086bef4/screenshot - {}
RESULT: {}
RESULT: undefined
COMMAND: POST /session/329de238260d7602ed1af1352086bef4/execute/async - {"script":"<script> [776 bytes]","args":[{"enterText":"10001013","selector":{"controlType":"sap.m.SearchField","properties":{"placeholder":"Search"},"searchOpenDialogs":true,"interaction":{"idSuffix":"I"}},"clearTextFirst":true,"interactionType":"ENTER_TEXT"}]}
RESULT: {"script":"<script> [776 bytes]","args":[{"enterText":"10001013","selector":{"controlType":"sap.m.SearchField","properties":{"placeholder":"Search"},"searchOpenDialogs":true,"interaction":{"idSuffix":"I"}},"clearTextFirst":true,"interactionType":"ENTER_TEXT"}]}
COMMAND: POST /session/329de238260d7602ed1af1352086bef4/actions - {"actions":[{"id":"action2","type":"key","parameters":{},"actions":[{"type":"keyDown","value":""},{"type":"pause","duration":10},{"type":"keyUp","value":""}]}]}
RESULT: {"actions":[{"id":"action2","type":"key","parameters":{},"actions":[{"type":"keyDown","value":""},{"type":"pause","duration":10},{"type":"keyUp","value":""}]}]}
COMMAND: GET /session/329de238260d7602ed1af1352086bef4/screenshot - {}
RESULT: {}
COMMAND: POST /session/329de238260d7602ed1af1352086bef4/element - {"using":"xpath","value":"//span[contains(text(), \"General Management\")]"}
RESULT: {"using":"xpath","value":"//span[contains(text(), \"General Management\")]"}
COMMAND: POST /session/329de238260d7602ed1af1352086bef4/element/f.ABBA5987F2E82E58D78C902D9EA41D2B.d.E9A069D8F2F0427A0AA854DC28FFE93D.e.1546/click - {}
RESULT: {}
COMMAND: GET /session/329de238260d7602ed1af1352086bef4/screenshot - {}
RESULT: {}
COMMAND: POST /session/329de238260d7602ed1af1352086bef4/element - {"using":"xpath","value":"//bdi[contains(text(), \"OK\")]"}
RESULT: {"using":"xpath","value":"//bdi[contains(text(), \"OK\")]"}
COMMAND: POST /session/329de238260d7602ed1af1352086bef4/element/f.ABBA5987F2E82E58D78C902D9EA41D2B.d.E9A069D8F2F0427A0AA854DC28FFE93D.e.1547/click - {}
RESULT: {}
COMMAND: GET /session/329de238260d7602ed1af1352086bef4/screenshot - {}
RESULT: {}
COMMAND: POST /session/329de238260d7602ed1af1352086bef4/element - {"using":"xpath","value":"//input[@id=\"application-managepartners-display-component---NewPartner--companyCodeComboBox-inner\"]"}
RESULT: {"using":"xpath","value":"//input[@id=\"application-managepartners-display-component---NewPartner--companyCodeComboBox-inner\"]"}
COMMAND: POST /session/329de238260d7602ed1af1352086bef4/element/f.ABBA5987F2E82E58D78C902D9EA41D2B.d.E9A069D8F2F0427A0AA854DC28FFE93D.e.1346/clear - {}
RESULT: {}
COMMAND: POST /session/329de238260d7602ed1af1352086bef4/element/f.ABBA5987F2E82E58D78C902D9EA41D2B.d.E9A069D8F2F0427A0AA854DC28FFE93D.e.1346/value - {"text":"1000"}
COMMAND: GET /session/329de238260d7602ed1af1352086bef4/screenshot - {}
RESULT: {"text":"1000"}
COMMAND: GET /session/329de238260d7602ed1af1352086bef4/screenshot - {}
RESULT: {}
RESULT: {}
COMMAND: POST /session/329de238260d7602ed1af1352086bef4/element - {"using":"xpath","value":"//li[.//span[text()= \"1000\"]]"}
RESULT: {"using":"xpath","value":"//li[.//span[text()= \"1000\"]]"}
COMMAND: POST /session/329de238260d7602ed1af1352086bef4/element/f.ABBA5987F2E82E58D78C902D9EA41D2B.d.E9A069D8F2F0427A0AA854DC28FFE93D.e.1553/click - {}
RESULT: {}
COMMAND: GET /session/329de238260d7602ed1af1352086bef4/screenshot - {}
RESULT: {}
COMMAND: POST /session/329de238260d7602ed1af1352086bef4/execute/async - {"script":"<script> [1562 bytes]","args":[{"selector":{"id":"application-managepartners-display-component---NewPartner--btnAddTableRow-img"},"wdio_ui5_key":"applicationmanagepartners-display-component---NewPartner--btnAddTableRow-img"}]}
RESULT: {"script":"<script> [1562 bytes]","args":[{"selector":{"id":"application-managepartners-display-component---NewPartner--btnAddTableRow-img"},"wdio_ui5_key":"applicationmanagepartners-display-component---NewPartner--btnAddTableRow-img"}]}
RESULT: undefined
COMMAND: POST /session/329de238260d7602ed1af1352086bef4/element - {"using":"xpath","value":"//*[@id=\"application-managepartners-display-component---NewPartner--btnAddTableRow-img\"]"}
RESULT: {"using":"xpath","value":"//*[@id=\"application-managepartners-display-component---NewPartner--btnAddTableRow-img\"]"}
COMMAND: POST /session/329de238260d7602ed1af1352086bef4/element/f.ABBA5987F2E82E58D78C902D9EA41D2B.d.E9A069D8F2F0427A0AA854DC28FFE93D.e.1554/click - {}
RESULT: {}
COMMAND: GET /session/329de238260d7602ed1af1352086bef4/screenshot - {}
RESULT: {}
COMMAND: POST /session/329de238260d7602ed1af1352086bef4/element - {"using":"xpath","value":"//input[@id=\"application-managepartners-display-component---NewPartner--assignmentYard-application-managepartners-display-component---NewPartner--assignmentsTable-0-inner\"]"}
RESULT: {"using":"xpath","value":"//input[@id=\"application-managepartners-display-component---NewPartner--assignmentYard-application-managepartners-display-component---NewPartner--assignmentsTable-0-inner\"]"}
COMMAND: POST /session/329de238260d7602ed1af1352086bef4/element/f.ABBA5987F2E82E58D78C902D9EA41D2B.d.E9A069D8F2F0427A0AA854DC28FFE93D.e.1557/clear - {}
RESULT: {}
COMMAND: POST /session/329de238260d7602ed1af1352086bef4/element/f.ABBA5987F2E82E58D78C902D9EA41D2B.d.E9A069D8F2F0427A0AA854DC28FFE93D.e.1557/value - {"text":"469"}
COMMAND: GET /session/329de238260d7602ed1af1352086bef4/screenshot - {}
RESULT: {"text":"469"}
COMMAND: GET /session/329de238260d7602ed1af1352086bef4/screenshot - {}
RESULT: {}
RESULT: {}
COMMAND: POST /session/329de238260d7602ed1af1352086bef4/element - {"using":"xpath","value":"//li[.//span[text()='469']]"}
RESULT: {"using":"xpath","value":"//li[.//span[text()='469']]"}
COMMAND: POST /session/329de238260d7602ed1af1352086bef4/element/f.ABBA5987F2E82E58D78C902D9EA41D2B.d.E9A069D8F2F0427A0AA854DC28FFE93D.e.1566/click - {}
RESULT: {}
COMMAND: GET /session/329de238260d7602ed1af1352086bef4/screenshot - {}
RESULT: {}
COMMAND: POST /session/329de238260d7602ed1af1352086bef4/actions - {"actions":[{"id":"action3","type":"key","parameters":{},"actions":[{"type":"keyDown","value":""},{"type":"pause","duration":10},{"type":"keyUp","value":""}]}]}
RESULT: {"actions":[{"id":"action3","type":"key","parameters":{},"actions":[{"type":"keyDown","value":""},{"type":"pause","duration":10},{"type":"keyUp","value":""}]}]}
COMMAND: POST /session/329de238260d7602ed1af1352086bef4/execute/async - {"script":"<script> [1562 bytes]","args":[{"selector":{"id":"application-managepartners-display-component---NewPartner--externalCustomerComboBox-application-managepartners-display-component---NewPartner--assignmentsTable-0-vhi"},"wdio_ui5_key":"applicationmanagepartners-display-component---NewPartner--externalCustomerComboBox-application-managepartners-display-component---NewPartner--assignmentsTable-0-vhi"}]}
COMMAND: GET /session/329de238260d7602ed1af1352086bef4/screenshot - {}
RESULT: {"script":"<script> [1562 bytes]","args":[{"selector":{"id":"application-managepartners-display-component---NewPartner--externalCustomerComboBox-application-managepartners-display-component---NewPartner--assignmentsTable-0-vhi"},"wdio_ui5_key":"applicationmanagepartners-display-component---NewPartner--externalCustomerComboBox-application-managepartners-display-component---NewPartner--assignmentsTable-0-vhi"}]}
RESULT: undefined
COMMAND: POST /session/329de238260d7602ed1af1352086bef4/element - {"using":"xpath","value":"//*[@id=\"application-managepartners-display-component---NewPartner--externalCustomerComboBox-application-managepartners-display-component---NewPartner--assignmentsTable-0-vhi\"]"}
RESULT: {}
RESULT: {"using":"xpath","value":"//*[@id=\"application-managepartners-display-component---NewPartner--externalCustomerComboBox-application-managepartners-display-component---NewPartner--assignmentsTable-0-vhi\"]"}
COMMAND: POST /session/329de238260d7602ed1af1352086bef4/element/f.ABBA5987F2E82E58D78C902D9EA41D2B.d.E9A069D8F2F0427A0AA854DC28FFE93D.e.1570/click - {}
RESULT: {}
RESULT: undefined
COMMAND: POST /session/329de238260d7602ed1af1352086bef4/execute/async - {"script":"<script> [776 bytes]","args":[{"enterText":"300003","selector":{"controlType":"sap.m.SearchField","properties":{"placeholder":"Search"},"searchOpenDialogs":true,"interaction":{"idSuffix":"I"}},"clearTextFirst":true,"interactionType":"ENTER_TEXT"}]}
COMMAND: GET /session/329de238260d7602ed1af1352086bef4/screenshot - {}
RESULT: {"script":"<script> [776 bytes]","args":[{"enterText":"300003","selector":{"controlType":"sap.m.SearchField","properties":{"placeholder":"Search"},"searchOpenDialogs":true,"interaction":{"idSuffix":"I"}},"clearTextFirst":true,"interactionType":"ENTER_TEXT"}]}
COMMAND: POST /session/329de238260d7602ed1af1352086bef4/actions - {"actions":[{"id":"action4","type":"key","parameters":{},"actions":[{"type":"keyDown","value":""},{"type":"pause","duration":10},{"type":"keyUp","value":""}]}]}
RESULT: {}
RESULT: {"actions":[{"id":"action4","type":"key","parameters":{},"actions":[{"type":"keyDown","value":""},{"type":"pause","duration":10},{"type":"keyUp","value":""}]}]}
COMMAND: GET /session/329de238260d7602ed1af1352086bef4/screenshot - {}
RESULT: {}
COMMAND: POST /session/329de238260d7602ed1af1352086bef4/element - {"using":"xpath","value":"//span[contains(text(), \"300003\")]"}
RESULT: {"using":"xpath","value":"//span[contains(text(), \"300003\")]"}
COMMAND: POST /session/329de238260d7602ed1af1352086bef4/element/f.ABBA5987F2E82E58D78C902D9EA41D2B.d.E9A069D8F2F0427A0AA854DC28FFE93D.e.1588/click - {}
RESULT: {}
COMMAND: GET /session/329de238260d7602ed1af1352086bef4/screenshot - {}
RESULT: {}
COMMAND: POST /session/329de238260d7602ed1af1352086bef4/element - {"using":"xpath","value":"//bdi[contains(text(), \"OK\")]"}
RESULT: {"using":"xpath","value":"//bdi[contains(text(), \"OK\")]"}
COMMAND: POST /session/329de238260d7602ed1af1352086bef4/element/f.ABBA5987F2E82E58D78C902D9EA41D2B.d.E9A069D8F2F0427A0AA854DC28FFE93D.e.1590/click - {}
RESULT: {}
COMMAND: GET /session/329de238260d7602ed1af1352086bef4/screenshot - {}
RESULT: {}
COMMAND: POST /session/329de238260d7602ed1af1352086bef4/execute/async - {"script":"<script> [1562 bytes]","args":[{"selector":{"id":"application-managepartners-display-component---NewPartner--intercompVendorComboBox-application-managepartners-display-component---NewPartner--assignmentsTable-0-vhi"},"wdio_ui5_key":"applicationmanagepartners-display-component---NewPartner--intercompVendorComboBox-application-managepartners-display-component---NewPartner--assignmentsTable-0-vhi"}]}
RESULT: {"script":"<script> [1562 bytes]","args":[{"selector":{"id":"application-managepartners-display-component---NewPartner--intercompVendorComboBox-application-managepartners-display-component---NewPartner--assignmentsTable-0-vhi"},"wdio_ui5_key":"applicationmanagepartners-display-component---NewPartner--intercompVendorComboBox-application-managepartners-display-component---NewPartner--assignmentsTable-0-vhi"}]}
RESULT: undefined
COMMAND: POST /session/329de238260d7602ed1af1352086bef4/element - {"using":"xpath","value":"//*[@id=\"application-managepartners-display-component---NewPartner--intercompVendorComboBox-application-managepartners-display-component---NewPartner--assignmentsTable-0-vhi\"]"}
RESULT: {"using":"xpath","value":"//*[@id=\"application-managepartners-display-component---NewPartner--intercompVendorComboBox-application-managepartners-display-component---NewPartner--assignmentsTable-0-vhi\"]"}
COMMAND: POST /session/329de238260d7602ed1af1352086bef4/element/f.ABBA5987F2E82E58D78C902D9EA41D2B.d.E9A069D8F2F0427A0AA854DC28FFE93D.e.1593/click - {}
RESULT: {}
RESULT: undefined
COMMAND: POST /session/329de238260d7602ed1af1352086bef4/execute/async - {"script":"<script> [776 bytes]","args":[{"enterText":"100005","selector":{"controlType":"sap.m.SearchField","properties":{"placeholder":"Search"},"searchOpenDialogs":true,"interaction":{"idSuffix":"I"}},"clearTextFirst":true,"interactionType":"ENTER_TEXT"}]}
COMMAND: GET /session/329de238260d7602ed1af1352086bef4/screenshot - {}
RESULT: {"script":"<script> [776 bytes]","args":[{"enterText":"100005","selector":{"controlType":"sap.m.SearchField","properties":{"placeholder":"Search"},"searchOpenDialogs":true,"interaction":{"idSuffix":"I"}},"clearTextFirst":true,"interactionType":"ENTER_TEXT"}]}
COMMAND: POST /session/329de238260d7602ed1af1352086bef4/actions - {"actions":[{"id":"action5","type":"key","parameters":{},"actions":[{"type":"keyDown","value":""},{"type":"pause","duration":10},{"type":"keyUp","value":""}]}]}
RESULT: {}
RESULT: {"actions":[{"id":"action5","type":"key","parameters":{},"actions":[{"type":"keyDown","value":""},{"type":"pause","duration":10},{"type":"keyUp","value":""}]}]}
COMMAND: GET /session/329de238260d7602ed1af1352086bef4/screenshot - {}
RESULT: {}
COMMAND: POST /session/329de238260d7602ed1af1352086bef4/element - {"using":"xpath","value":"//span[contains(text(), \"Penguins - Field/12345 Berlin\")]"}
RESULT: {"using":"xpath","value":"//span[contains(text(), \"Penguins - Field/12345 Berlin\")]"}
COMMAND: POST /session/329de238260d7602ed1af1352086bef4/element/f.ABBA5987F2E82E58D78C902D9EA41D2B.d.E9A069D8F2F0427A0AA854DC28FFE93D.e.1609/click - {}
RESULT: {}
COMMAND: GET /session/329de238260d7602ed1af1352086bef4/screenshot - {}
RESULT: {}
COMMAND: POST /session/329de238260d7602ed1af1352086bef4/element - {"using":"xpath","value":"//bdi[contains(text(), \"OK\")]"}
RESULT: {"using":"xpath","value":"//bdi[contains(text(), \"OK\")]"}
COMMAND: POST /session/329de238260d7602ed1af1352086bef4/element/f.ABBA5987F2E82E58D78C902D9EA41D2B.d.E9A069D8F2F0427A0AA854DC28FFE93D.e.1610/click - {}
RESULT: {}
COMMAND: GET /session/329de238260d7602ed1af1352086bef4/screenshot - {}
RESULT: {}
COMMAND: POST /session/329de238260d7602ed1af1352086bef4/element - {"using":"xpath","value":"//button[@data-kt=\"saveButton\"]"}
RESULT: {"using":"xpath","value":"//button[@data-kt=\"saveButton\"]"}
COMMAND: POST /session/329de238260d7602ed1af1352086bef4/element/f.ABBA5987F2E82E58D78C902D9EA41D2B.d.E9A069D8F2F0427A0AA854DC28FFE93D.e.1464/click - {}
RESULT: {}
COMMAND: GET /session/329de238260d7602ed1af1352086bef4/screenshot - {}
RESULT: {}
COMMAND: POST /session/329de238260d7602ed1af1352086bef4/element - {"using":"xpath","value":"//header[contains(@id, 'ObjectPageLayout-headerTitle')]/div[1]/div[2]/div[2]/span[1]"}
RESULT: {"using":"xpath","value":"//header[contains(@id, 'ObjectPageLayout-headerTitle')]/div[1]/div[2]/div[2]/span[1]"}
COMMAND: POST /session/329de238260d7602ed1af1352086bef4/elements - {"using":"xpath","value":"//header[contains(@id, 'ObjectPageLayout-headerTitle')]/div[1]/div[2]/div[2]/span[1]"}
RESULT: {"using":"xpath","value":"//header[contains(@id, 'ObjectPageLayout-headerTitle')]/div[1]/div[2]/div[2]/span[1]"}
COMMAND: POST /session/329de238260d7602ed1af1352086bef4/execute/sync - {"script":"<script> [56 bytes]","args":[{"element-6066-11e4-a52e-4f735466cecf":"f.ABBA5987F2E82E58D78C902D9EA41D2B.d.E9A069D8F2F0427A0AA854DC28FFE93D.e.1775","ELEMENT":"f.ABBA5987F2E82E58D78C902D9EA41D2B.d.E9A069D8F2F0427A0AA854DC28FFE93D.e.1775"}]}
RESULT: {"script":"<script> [56 bytes]","args":[{"element-6066-11e4-a52e-4f735466cecf":"f.ABBA5987F2E82E58D78C902D9EA41D2B.d.E9A069D8F2F0427A0AA854DC28FFE93D.e.1775","ELEMENT":"f.ABBA5987F2E82E58D78C902D9EA41D2B.d.E9A069D8F2F0427A0AA854DC28FFE93D.e.1775"}]}
COMMAND: POST /session/329de238260d7602ed1af1352086bef4/element - {"using":"css selector","value":"#shell-header-logo"}
COMMAND: GET /session/329de238260d7602ed1af1352086bef4/screenshot - {}
RESULT: {"using":"css selector","value":"#shell-header-logo"}
COMMAND: POST /session/329de238260d7602ed1af1352086bef4/element/f.ABBA5987F2E82E58D78C902D9EA41D2B.d.E9A069D8F2F0427A0AA854DC28FFE93D.e.998/click - {}
RESULT: {}
RESULT: {}
COMMAND: GET /session/329de238260d7602ed1af1352086bef4/screenshot - {}
RESULT: {}
COMMAND: POST /session/329de238260d7602ed1af1352086bef4/execute/sync - {"script":"<script> [299 bytes]","args":[["getModel","getResource"]]}
RESULT: {"script":"<script> [299 bytes]","args":[["getModel","getResource"]]}
COMMAND: GET /session/329de238260d7602ed1af1352086bef4/screenshot - {}
]]></system-out>
    </testcase>
    <testcase classname="chrome.136_0_7103_93.windows.Billing_confirm_US117289" name="Should create a new site" time="144.032">
      <system-out><![CDATA[
COMMAND: POST /session/329de238260d7602ed1af1352086bef4/execute/async - {"script":"<script> [1562 bytes]","args":[{"selector":{"controlType":"sap.m.GenericTile","properties":{"header":"Manage Sites"}},"wdio_ui5_key":"sapm.GenericTile{\"header\":\"Manage Sites\"}"}]}
RESULT: {}
RESULT: {"script":"<script> [1562 bytes]","args":[{"selector":{"controlType":"sap.m.GenericTile","properties":{"header":"Manage Sites"}},"wdio_ui5_key":"sapm.GenericTile{\"header\":\"Manage Sites\"}"}]}
RESULT: undefined
COMMAND: POST /session/329de238260d7602ed1af1352086bef4/element - {"using":"xpath","value":"//*[@id=\"__tile40\"]"}
RESULT: {"using":"xpath","value":"//*[@id=\"__tile40\"]"}
COMMAND: POST /session/329de238260d7602ed1af1352086bef4/element/f.ABBA5987F2E82E58D78C902D9EA41D2B.d.E9A069D8F2F0427A0AA854DC28FFE93D.e.157/click - {}
RESULT: {}
COMMAND: GET /session/329de238260d7602ed1af1352086bef4/screenshot - {}
RESULT: {}
COMMAND: POST /session/329de238260d7602ed1af1352086bef4/elements - {"using":"xpath","value":"//span[text()='Error']"}
RESULT: {"using":"xpath","value":"//span[text()='Error']"}
COMMAND: POST /session/329de238260d7602ed1af1352086bef4/element - {"using":"xpath","value":"//button[@data-kt=\"addOverflowToolbarButton\"]"}
RESULT: {"using":"xpath","value":"//button[@data-kt=\"addOverflowToolbarButton\"]"}
COMMAND: POST /session/329de238260d7602ed1af1352086bef4/elements - {"using":"xpath","value":"//button[@data-kt=\"addOverflowToolbarButton\"]"}
RESULT: {"using":"xpath","value":"//button[@data-kt=\"addOverflowToolbarButton\"]"}
COMMAND: POST /session/329de238260d7602ed1af1352086bef4/execute/sync - {"script":"<script> [8489 bytes]","args":[{"element-6066-11e4-a52e-4f735466cecf":"f.ABBA5987F2E82E58D78C902D9EA41D2B.d.E9A069D8F2F0427A0AA854DC28FFE93D.e.1823","ELEMENT":"f.ABBA5987F2E82E58D78C902D9EA41D2B.d.E9A069D8F2F0427A0AA854DC28FFE93D.e.1823"}]}
RESULT: {"script":"<script> [8489 bytes]","args":[{"element-6066-11e4-a52e-4f735466cecf":"f.ABBA5987F2E82E58D78C902D9EA41D2B.d.E9A069D8F2F0427A0AA854DC28FFE93D.e.1823","ELEMENT":"f.ABBA5987F2E82E58D78C902D9EA41D2B.d.E9A069D8F2F0427A0AA854DC28FFE93D.e.1823"}]}
COMMAND: GET /session/329de238260d7602ed1af1352086bef4/element/f.ABBA5987F2E82E58D78C902D9EA41D2B.d.E9A069D8F2F0427A0AA854DC28FFE93D.e.1823/enabled - {}
COMMAND: GET /session/329de238260d7602ed1af1352086bef4/screenshot - {}
RESULT: {}
COMMAND: POST /session/329de238260d7602ed1af1352086bef4/execute/sync - {"script":"<script> [8489 bytes]","args":[{"element-6066-11e4-a52e-4f735466cecf":"f.ABBA5987F2E82E58D78C902D9EA41D2B.d.E9A069D8F2F0427A0AA854DC28FFE93D.e.1823","ELEMENT":"f.ABBA5987F2E82E58D78C902D9EA41D2B.d.E9A069D8F2F0427A0AA854DC28FFE93D.e.1823"}]}
COMMAND: GET /session/329de238260d7602ed1af1352086bef4/screenshot - {}
RESULT: {}
RESULT: {"script":"<script> [8489 bytes]","args":[{"element-6066-11e4-a52e-4f735466cecf":"f.ABBA5987F2E82E58D78C902D9EA41D2B.d.E9A069D8F2F0427A0AA854DC28FFE93D.e.1823","ELEMENT":"f.ABBA5987F2E82E58D78C902D9EA41D2B.d.E9A069D8F2F0427A0AA854DC28FFE93D.e.1823"}]}
COMMAND: POST /session/329de238260d7602ed1af1352086bef4/execute/sync - {"script":"<script> [5351 bytes]","args":[{"element-6066-11e4-a52e-4f735466cecf":"f.ABBA5987F2E82E58D78C902D9EA41D2B.d.E9A069D8F2F0427A0AA854DC28FFE93D.e.1823","ELEMENT":"f.ABBA5987F2E82E58D78C902D9EA41D2B.d.E9A069D8F2F0427A0AA854DC28FFE93D.e.1823"}]}
COMMAND: GET /session/329de238260d7602ed1af1352086bef4/screenshot - {}
RESULT: {}
RESULT: {"script":"<script> [5351 bytes]","args":[{"element-6066-11e4-a52e-4f735466cecf":"f.ABBA5987F2E82E58D78C902D9EA41D2B.d.E9A069D8F2F0427A0AA854DC28FFE93D.e.1823","ELEMENT":"f.ABBA5987F2E82E58D78C902D9EA41D2B.d.E9A069D8F2F0427A0AA854DC28FFE93D.e.1823"}]}
COMMAND: POST /session/329de238260d7602ed1af1352086bef4/element/f.ABBA5987F2E82E58D78C902D9EA41D2B.d.E9A069D8F2F0427A0AA854DC28FFE93D.e.1823/click - {}
COMMAND: GET /session/329de238260d7602ed1af1352086bef4/screenshot - {}
RESULT: {}
RESULT: {}
COMMAND: GET /session/329de238260d7602ed1af1352086bef4/screenshot - {}
RESULT: {}
COMMAND: POST /session/329de238260d7602ed1af1352086bef4/element - {"using":"xpath","value":"//input[@id=\"application-managesites-display-component---NewSite--siteId-inner\"]"}
RESULT: {}
RESULT: {"using":"xpath","value":"//input[@id=\"application-managesites-display-component---NewSite--siteId-inner\"]"}
COMMAND: POST /session/329de238260d7602ed1af1352086bef4/element - {"using":"xpath","value":"//input[@id=\"application-managesites-display-component---NewSite--siteId-inner\"]"}
RESULT: {"using":"xpath","value":"//input[@id=\"application-managesites-display-component---NewSite--siteId-inner\"]"}
COMMAND: POST /session/329de238260d7602ed1af1352086bef4/execute/async - {"script":"<script> [1562 bytes]","args":[{"selector":{"id":"application-managesites-display-component---NewSite--addressDetailDetailsName1","interaction":{"idSuffix":"inner"}},"wdio_ui5_key":"applicationmanagesites-display-component---NewSite--addressDetailDetailsName1"}]}
RESULT: {"script":"<script> [1562 bytes]","args":[{"selector":{"id":"application-managesites-display-component---NewSite--addressDetailDetailsName1","interaction":{"idSuffix":"inner"}},"wdio_ui5_key":"applicationmanagesites-display-component---NewSite--addressDetailDetailsName1"}]}
RESULT: undefined
COMMAND: POST /session/329de238260d7602ed1af1352086bef4/execute/async - {"script":"<script> [776 bytes]","args":[{"enterText":"Intracompany Site wdIO","selector":{"id":"application-managesites-display-component---NewSite--addressDetailDetailsName1","interaction":{"idSuffix":"inner"}},"clearTextFirst":true,"interactionType":"ENTER_TEXT"}]}
RESULT: {"script":"<script> [776 bytes]","args":[{"enterText":"Intracompany Site wdIO","selector":{"id":"application-managesites-display-component---NewSite--addressDetailDetailsName1","interaction":{"idSuffix":"inner"}},"clearTextFirst":true,"interactionType":"ENTER_TEXT"}]}
COMMAND: POST /session/329de238260d7602ed1af1352086bef4/execute/async - {"script":"<script> [1562 bytes]","args":[{"selector":{"id":"application-managesites-display-component---NewSite--addressDetailDetailsLanguage-arrow"},"wdio_ui5_key":"applicationmanagesites-display-component---NewSite--addressDetailDetailsLanguage-arrow"}]}
RESULT: {"script":"<script> [1562 bytes]","args":[{"selector":{"id":"application-managesites-display-component---NewSite--addressDetailDetailsLanguage-arrow"},"wdio_ui5_key":"applicationmanagesites-display-component---NewSite--addressDetailDetailsLanguage-arrow"}]}
RESULT: undefined
COMMAND: POST /session/329de238260d7602ed1af1352086bef4/element - {"using":"xpath","value":"//*[@id=\"application-managesites-display-component---NewSite--addressDetailDetailsLanguage-arrow\"]"}
RESULT: {"using":"xpath","value":"//*[@id=\"application-managesites-display-component---NewSite--addressDetailDetailsLanguage-arrow\"]"}
COMMAND: POST /session/329de238260d7602ed1af1352086bef4/element/f.ABBA5987F2E82E58D78C902D9EA41D2B.d.E9A069D8F2F0427A0AA854DC28FFE93D.e.2466/click - {}
RESULT: {}
COMMAND: POST /session/329de238260d7602ed1af1352086bef4/element - {"using":"xpath","value":"//span[contains(text(), \"English\")]"}
COMMAND: GET /session/329de238260d7602ed1af1352086bef4/screenshot - {}
RESULT: {"using":"xpath","value":"//span[contains(text(), \"English\")]"}
COMMAND: POST /session/329de238260d7602ed1af1352086bef4/element/f.ABBA5987F2E82E58D78C902D9EA41D2B.d.E9A069D8F2F0427A0AA854DC28FFE93D.e.2467/click - {}
RESULT: {}
RESULT: {}
COMMAND: POST /session/329de238260d7602ed1af1352086bef4/execute/async - {"script":"<script> [1562 bytes]","args":[{"selector":{"id":"application-managesites-display-component---NewSite--addressDetailDetailsCity1","interaction":{"idSuffix":"inner"}},"wdio_ui5_key":"applicationmanagesites-display-component---NewSite--addressDetailDetailsCity1"}]}
COMMAND: GET /session/329de238260d7602ed1af1352086bef4/screenshot - {}
RESULT: {"script":"<script> [1562 bytes]","args":[{"selector":{"id":"application-managesites-display-component---NewSite--addressDetailDetailsCity1","interaction":{"idSuffix":"inner"}},"wdio_ui5_key":"applicationmanagesites-display-component---NewSite--addressDetailDetailsCity1"}]}
RESULT: undefined
COMMAND: POST /session/329de238260d7602ed1af1352086bef4/execute/async - {"script":"<script> [776 bytes]","args":[{"enterText":"Rosario","selector":{"id":"application-managesites-display-component---NewSite--addressDetailDetailsCity1","interaction":{"idSuffix":"inner"}},"clearTextFirst":true,"interactionType":"ENTER_TEXT"}]}
RESULT: {}
RESULT: {"script":"<script> [776 bytes]","args":[{"enterText":"Rosario","selector":{"id":"application-managesites-display-component---NewSite--addressDetailDetailsCity1","interaction":{"idSuffix":"inner"}},"clearTextFirst":true,"interactionType":"ENTER_TEXT"}]}
COMMAND: POST /session/329de238260d7602ed1af1352086bef4/execute/async - {"script":"<script> [1562 bytes]","args":[{"selector":{"id":"application-managesites-display-component---NewSite--addressDetailDetailsCountry-arrow"},"wdio_ui5_key":"applicationmanagesites-display-component---NewSite--addressDetailDetailsCountry-arrow"}]}
RESULT: {"script":"<script> [1562 bytes]","args":[{"selector":{"id":"application-managesites-display-component---NewSite--addressDetailDetailsCountry-arrow"},"wdio_ui5_key":"applicationmanagesites-display-component---NewSite--addressDetailDetailsCountry-arrow"}]}
RESULT: undefined
COMMAND: POST /session/329de238260d7602ed1af1352086bef4/element - {"using":"xpath","value":"//*[@id=\"application-managesites-display-component---NewSite--addressDetailDetailsCountry-arrow\"]"}
RESULT: {"using":"xpath","value":"//*[@id=\"application-managesites-display-component---NewSite--addressDetailDetailsCountry-arrow\"]"}
COMMAND: POST /session/329de238260d7602ed1af1352086bef4/element/f.ABBA5987F2E82E58D78C902D9EA41D2B.d.E9A069D8F2F0427A0AA854DC28FFE93D.e.2469/click - {}
RESULT: {}
COMMAND: POST /session/329de238260d7602ed1af1352086bef4/element - {"using":"xpath","value":"//span[contains(text(), \"Argentina\")]"}
COMMAND: GET /session/329de238260d7602ed1af1352086bef4/screenshot - {}
RESULT: {"using":"xpath","value":"//span[contains(text(), \"Argentina\")]"}
COMMAND: POST /session/329de238260d7602ed1af1352086bef4/element/f.ABBA5987F2E82E58D78C902D9EA41D2B.d.E9A069D8F2F0427A0AA854DC28FFE93D.e.2470/click - {}
RESULT: {}
RESULT: {}
COMMAND: GET /session/329de238260d7602ed1af1352086bef4/screenshot - {}
RESULT: {}
COMMAND: POST /session/329de238260d7602ed1af1352086bef4/execute/async - {"script":"<script> [1562 bytes]","args":[{"selector":{"id":"application-managesites-display-component---NewSite--addressEditDetailsCostObjectCstType-arrow"},"wdio_ui5_key":"applicationmanagesites-display-component---NewSite--addressEditDetailsCostObjectCstType-arrow"}]}
RESULT: {"script":"<script> [1562 bytes]","args":[{"selector":{"id":"application-managesites-display-component---NewSite--addressEditDetailsCostObjectCstType-arrow"},"wdio_ui5_key":"applicationmanagesites-display-component---NewSite--addressEditDetailsCostObjectCstType-arrow"}]}
RESULT: undefined
COMMAND: POST /session/329de238260d7602ed1af1352086bef4/element - {"using":"xpath","value":"//*[@id=\"application-managesites-display-component---NewSite--addressEditDetailsCostObjectCstType-arrow\"]"}
RESULT: {"using":"xpath","value":"//*[@id=\"application-managesites-display-component---NewSite--addressEditDetailsCostObjectCstType-arrow\"]"}
COMMAND: POST /session/329de238260d7602ed1af1352086bef4/element/f.ABBA5987F2E82E58D78C902D9EA41D2B.d.E9A069D8F2F0427A0AA854DC28FFE93D.e.2472/click - {}
RESULT: {}
COMMAND: POST /session/329de238260d7602ed1af1352086bef4/element - {"using":"xpath","value":"//span[contains(text(), \"Cost Center\")]"}
COMMAND: GET /session/329de238260d7602ed1af1352086bef4/screenshot - {}
RESULT: {"using":"xpath","value":"//span[contains(text(), \"Cost Center\")]"}
COMMAND: POST /session/329de238260d7602ed1af1352086bef4/element/f.ABBA5987F2E82E58D78C902D9EA41D2B.d.E9A069D8F2F0427A0AA854DC28FFE93D.e.2473/click - {}
RESULT: {}
RESULT: {}
COMMAND: GET /session/329de238260d7602ed1af1352086bef4/screenshot - {}
RESULT: {}
COMMAND: POST /session/329de238260d7602ed1af1352086bef4/element - {"using":"xpath","value":"//span[@id=\"application-managesites-display-component---NewSite--addressNewCostObjectCstID-vhi\"]"}
RESULT: {"using":"xpath","value":"//span[@id=\"application-managesites-display-component---NewSite--addressNewCostObjectCstID-vhi\"]"}
COMMAND: POST /session/329de238260d7602ed1af1352086bef4/execute/sync - {"script":"<script> [8489 bytes]","args":[{"element-6066-11e4-a52e-4f735466cecf":"f.ABBA5987F2E82E58D78C902D9EA41D2B.d.E9A069D8F2F0427A0AA854DC28FFE93D.e.2478","ELEMENT":"f.ABBA5987F2E82E58D78C902D9EA41D2B.d.E9A069D8F2F0427A0AA854DC28FFE93D.e.2478"}]}
RESULT: {"script":"<script> [8489 bytes]","args":[{"element-6066-11e4-a52e-4f735466cecf":"f.ABBA5987F2E82E58D78C902D9EA41D2B.d.E9A069D8F2F0427A0AA854DC28FFE93D.e.2478","ELEMENT":"f.ABBA5987F2E82E58D78C902D9EA41D2B.d.E9A069D8F2F0427A0AA854DC28FFE93D.e.2478"}]}
COMMAND: POST /session/329de238260d7602ed1af1352086bef4/execute/async - {"script":"<script> [1562 bytes]","args":[{"selector":{"id":"application-managesites-display-component---NewSite--addressNewCostObjectCstID-vhi"},"wdio_ui5_key":"applicationmanagesites-display-component---NewSite--addressNewCostObjectCstID-vhi"}]}
COMMAND: GET /session/329de238260d7602ed1af1352086bef4/screenshot - {}
RESULT: {"script":"<script> [1562 bytes]","args":[{"selector":{"id":"application-managesites-display-component---NewSite--addressNewCostObjectCstID-vhi"},"wdio_ui5_key":"applicationmanagesites-display-component---NewSite--addressNewCostObjectCstID-vhi"}]}
RESULT: undefined
COMMAND: POST /session/329de238260d7602ed1af1352086bef4/element - {"using":"xpath","value":"//*[@id=\"application-managesites-display-component---NewSite--addressNewCostObjectCstID-vhi\"]"}
RESULT: {}
RESULT: {"using":"xpath","value":"//*[@id=\"application-managesites-display-component---NewSite--addressNewCostObjectCstID-vhi\"]"}
COMMAND: POST /session/329de238260d7602ed1af1352086bef4/element/f.ABBA5987F2E82E58D78C902D9EA41D2B.d.E9A069D8F2F0427A0AA854DC28FFE93D.e.2478/click - {}
RESULT: {}
COMMAND: GET /session/329de238260d7602ed1af1352086bef4/screenshot - {}
RESULT: {}
RESULT: undefined
COMMAND: POST /session/329de238260d7602ed1af1352086bef4/execute/async - {"script":"<script> [776 bytes]","args":[{"enterText":"10001013","selector":{"controlType":"sap.m.SearchField","properties":{"placeholder":"Search"},"searchOpenDialogs":true,"interaction":{"idSuffix":"I"}},"clearTextFirst":true,"interactionType":"ENTER_TEXT"}]}
RESULT: {"script":"<script> [776 bytes]","args":[{"enterText":"10001013","selector":{"controlType":"sap.m.SearchField","properties":{"placeholder":"Search"},"searchOpenDialogs":true,"interaction":{"idSuffix":"I"}},"clearTextFirst":true,"interactionType":"ENTER_TEXT"}]}
COMMAND: POST /session/329de238260d7602ed1af1352086bef4/actions - {"actions":[{"id":"action6","type":"key","parameters":{},"actions":[{"type":"keyDown","value":""},{"type":"pause","duration":10},{"type":"keyUp","value":""}]}]}
RESULT: {"actions":[{"id":"action6","type":"key","parameters":{},"actions":[{"type":"keyDown","value":""},{"type":"pause","duration":10},{"type":"keyUp","value":""}]}]}
COMMAND: GET /session/329de238260d7602ed1af1352086bef4/screenshot - {}
RESULT: {}
COMMAND: POST /session/329de238260d7602ed1af1352086bef4/element - {"using":"xpath","value":"//span[contains(text(), \"General Management\")]"}
RESULT: {"using":"xpath","value":"//span[contains(text(), \"General Management\")]"}
COMMAND: POST /session/329de238260d7602ed1af1352086bef4/element/f.ABBA5987F2E82E58D78C902D9EA41D2B.d.E9A069D8F2F0427A0AA854DC28FFE93D.e.2518/click - {}
RESULT: {}
COMMAND: GET /session/329de238260d7602ed1af1352086bef4/screenshot - {}
RESULT: {}
COMMAND: POST /session/329de238260d7602ed1af1352086bef4/element - {"using":"xpath","value":"//bdi[contains(text(), \"OK\")]"}
RESULT: {"using":"xpath","value":"//bdi[contains(text(), \"OK\")]"}
COMMAND: POST /session/329de238260d7602ed1af1352086bef4/element/f.ABBA5987F2E82E58D78C902D9EA41D2B.d.E9A069D8F2F0427A0AA854DC28FFE93D.e.2519/click - {}
RESULT: {}
COMMAND: GET /session/329de238260d7602ed1af1352086bef4/screenshot - {}
RESULT: {}
COMMAND: POST /session/329de238260d7602ed1af1352086bef4/element - {"using":"xpath","value":"//input[@id=\"application-managesites-display-component---NewSite--addressDetailDetailsCalendar-inner\"]"}
RESULT: {"using":"xpath","value":"//input[@id=\"application-managesites-display-component---NewSite--addressDetailDetailsCalendar-inner\"]"}
COMMAND: POST /session/329de238260d7602ed1af1352086bef4/element/f.ABBA5987F2E82E58D78C902D9EA41D2B.d.E9A069D8F2F0427A0AA854DC28FFE93D.e.2253/clear - {}
RESULT: {}
COMMAND: POST /session/329de238260d7602ed1af1352086bef4/element/f.ABBA5987F2E82E58D78C902D9EA41D2B.d.E9A069D8F2F0427A0AA854DC28FFE93D.e.2253/value - {"text":"Unit"}
COMMAND: GET /session/329de238260d7602ed1af1352086bef4/screenshot - {}
RESULT: {"text":"Unit"}
COMMAND: GET /session/329de238260d7602ed1af1352086bef4/screenshot - {}
RESULT: {}
RESULT: {}
COMMAND: POST /session/329de238260d7602ed1af1352086bef4/actions - {"actions":[{"id":"action7","type":"key","parameters":{},"actions":[{"type":"keyDown","value":""},{"type":"pause","duration":10},{"type":"keyUp","value":""}]}]}
RESULT: {"actions":[{"id":"action7","type":"key","parameters":{},"actions":[{"type":"keyDown","value":""},{"type":"pause","duration":10},{"type":"keyUp","value":""}]}]}
COMMAND: POST /session/329de238260d7602ed1af1352086bef4/element - {"using":"xpath","value":"//input[@id=\"application-managesites-display-component---NewSite--addressDetailDetailsYard-inner\"]"}
COMMAND: GET /session/329de238260d7602ed1af1352086bef4/screenshot - {}
RESULT: {"using":"xpath","value":"//input[@id=\"application-managesites-display-component---NewSite--addressDetailDetailsYard-inner\"]"}
COMMAND: POST /session/329de238260d7602ed1af1352086bef4/element/f.ABBA5987F2E82E58D78C902D9EA41D2B.d.E9A069D8F2F0427A0AA854DC28FFE93D.e.2254/clear - {}
RESULT: {}
RESULT: {}
COMMAND: POST /session/329de238260d7602ed1af1352086bef4/element/f.ABBA5987F2E82E58D78C902D9EA41D2B.d.E9A069D8F2F0427A0AA854DC28FFE93D.e.2254/value - {"text":"469"}
COMMAND: GET /session/329de238260d7602ed1af1352086bef4/screenshot - {}
RESULT: {"text":"469"}
COMMAND: GET /session/329de238260d7602ed1af1352086bef4/screenshot - {}
RESULT: {}
RESULT: {}
COMMAND: POST /session/329de238260d7602ed1af1352086bef4/element - {"using":"xpath","value":"//li[.//span[text()='469']]"}
RESULT: {"using":"xpath","value":"//li[.//span[text()='469']]"}
COMMAND: POST /session/329de238260d7602ed1af1352086bef4/element/f.ABBA5987F2E82E58D78C902D9EA41D2B.d.E9A069D8F2F0427A0AA854DC28FFE93D.e.2527/click - {}
RESULT: {}
COMMAND: GET /session/329de238260d7602ed1af1352086bef4/screenshot - {}
RESULT: {}
COMMAND: POST /session/329de238260d7602ed1af1352086bef4/element - {"using":"xpath","value":"//input[@id=\"application-managesites-display-component---NewSite--addressDetailDetailsPartner-inner\"]"}
RESULT: {"using":"xpath","value":"//input[@id=\"application-managesites-display-component---NewSite--addressDetailDetailsPartner-inner\"]"}
COMMAND: POST /session/329de238260d7602ed1af1352086bef4/element - {"using":"xpath","value":"//input[@id=\"application-managesites-display-component---NewSite--addressDetailDetailsPartner-inner\"]"}
RESULT: {"using":"xpath","value":"//input[@id=\"application-managesites-display-component---NewSite--addressDetailDetailsPartner-inner\"]"}
COMMAND: POST /session/329de238260d7602ed1af1352086bef4/element - {"using":"xpath","value":"//button[@data-kt=\"saveButton\"]"}
RESULT: {"using":"xpath","value":"//button[@data-kt=\"saveButton\"]"}
COMMAND: POST /session/329de238260d7602ed1af1352086bef4/element/f.ABBA5987F2E82E58D78C902D9EA41D2B.d.E9A069D8F2F0427A0AA854DC28FFE93D.e.2448/click - {}
RESULT: {}
COMMAND: GET /session/329de238260d7602ed1af1352086bef4/screenshot - {}
RESULT: {}
COMMAND: POST /session/329de238260d7602ed1af1352086bef4/element - {"using":"xpath","value":"//header[contains(@id, 'ObjectPageLayout-headerTitle')]/div[1]/div[2]/div[2]/span[1]"}
RESULT: {"using":"xpath","value":"//header[contains(@id, 'ObjectPageLayout-headerTitle')]/div[1]/div[2]/div[2]/span[1]"}
COMMAND: POST /session/329de238260d7602ed1af1352086bef4/elements - {"using":"xpath","value":"//header[contains(@id, 'ObjectPageLayout-headerTitle')]/div[1]/div[2]/div[2]/span[1]"}
RESULT: {"using":"xpath","value":"//header[contains(@id, 'ObjectPageLayout-headerTitle')]/div[1]/div[2]/div[2]/span[1]"}
COMMAND: POST /session/329de238260d7602ed1af1352086bef4/execute/sync - {"script":"<script> [56 bytes]","args":[{"element-6066-11e4-a52e-4f735466cecf":"f.ABBA5987F2E82E58D78C902D9EA41D2B.d.E9A069D8F2F0427A0AA854DC28FFE93D.e.2730","ELEMENT":"f.ABBA5987F2E82E58D78C902D9EA41D2B.d.E9A069D8F2F0427A0AA854DC28FFE93D.e.2730"}]}
RESULT: {"script":"<script> [56 bytes]","args":[{"element-6066-11e4-a52e-4f735466cecf":"f.ABBA5987F2E82E58D78C902D9EA41D2B.d.E9A069D8F2F0427A0AA854DC28FFE93D.e.2730","ELEMENT":"f.ABBA5987F2E82E58D78C902D9EA41D2B.d.E9A069D8F2F0427A0AA854DC28FFE93D.e.2730"}]}
COMMAND: POST /session/329de238260d7602ed1af1352086bef4/element - {"using":"css selector","value":"#shell-header-logo"}
COMMAND: GET /session/329de238260d7602ed1af1352086bef4/screenshot - {}
RESULT: {"using":"css selector","value":"#shell-header-logo"}
COMMAND: POST /session/329de238260d7602ed1af1352086bef4/element/f.ABBA5987F2E82E58D78C902D9EA41D2B.d.E9A069D8F2F0427A0AA854DC28FFE93D.e.1780/click - {}
RESULT: {}
RESULT: {}
COMMAND: GET /session/329de238260d7602ed1af1352086bef4/screenshot - {}
RESULT: {}
COMMAND: POST /session/329de238260d7602ed1af1352086bef4/execute/sync - {"script":"<script> [299 bytes]","args":[["getModel","getResource"]]}
RESULT: {"script":"<script> [299 bytes]","args":[["getModel","getResource"]]}
COMMAND: POST /session/329de238260d7602ed1af1352086bef4/actions - {"actions":[{"id":"action8","type":"key","parameters":{},"actions":[{"type":"keyDown","value":""},{"type":"pause","duration":10},{"type":"keyUp","value":""}]}]}
COMMAND: GET /session/329de238260d7602ed1af1352086bef4/screenshot - {}
RESULT: {"actions":[{"id":"action8","type":"key","parameters":{},"actions":[{"type":"keyDown","value":""},{"type":"pause","duration":10},{"type":"keyUp","value":""}]}]}
COMMAND: GET /session/329de238260d7602ed1af1352086bef4/screenshot - {}
RESULT: {}
RESULT: {}
COMMAND: POST /session/329de238260d7602ed1af1352086bef4/refresh - {}
RESULT: {}
COMMAND: GET /session/329de238260d7602ed1af1352086bef4/screenshot - {}
RESULT: {}
COMMAND: POST /session/329de238260d7602ed1af1352086bef4/refresh - {}
RESULT: {}
COMMAND: GET /session/329de238260d7602ed1af1352086bef4/screenshot - {}
RESULT: {}
COMMAND: POST /session/329de238260d7602ed1af1352086bef4/window/fullscreen - {}
RESULT: {}
COMMAND: POST /session/329de238260d7602ed1af1352086bef4/execute/async - {"script":"<script> [189 bytes]","args":[]}
RESULT: {"script":"<script> [189 bytes]","args":[]}
COMMAND: POST /session/329de238260d7602ed1af1352086bef4/execute/async - {"script":"<script> [123 bytes]","args":[]}
RESULT: {"script":"<script> [123 bytes]","args":[]}
COMMAND: POST /session/329de238260d7602ed1af1352086bef4/timeouts - {"script":"<number>"}
RESULT: {"script":"<number>"}
COMMAND: GET /session/329de238260d7602ed1af1352086bef4/timeouts - {}
RESULT: {}
RESULT: undefined
COMMAND: POST /session/329de238260d7602ed1af1352086bef4/execute/async - {"script":"<script> [2676 bytes]","args":[]}
RESULT: {"script":"<script> [2676 bytes]","args":[]}
COMMAND: POST /session/329de238260d7602ed1af1352086bef4/execute/async - {"script":"<script> [2342 bytes]","args":[{"protocol":"http","hostname":"0.0.0.0","path":"/","capabilities":{"browserName":"chrome","goog:chromeOptions":{"binary":"C:\\Program Files\\Google\\Chrome\\Application\\chrome.exe","args":["--start-maximized"]}},"logLevel":"warn","connectionRetryTimeout":120000,"connectionRetryCount":3,"logLevels":{},"enableDirectConnect":true,"strictSSL":true,"_":"65 more keys: [\"cacheDir\",\"port\",\"requestedCapabilities\",\"automationProtocol\",\"baseUrl\",\"waitforInterval\",\"waitforTimeout\",\"onReload\",\"beforeCommand\",\"afterCommand\",\"rootDir\",\"specs\",\"suites\",\"exclude\",\"groupLogsByTestSpec\",\"excludeDriverLogs\",\"bail\",\"framework\",\"reporters\",\"services\",\"maxInstances\",\"maxInstancesPerCapability\",\"injectGlobals\",\"filesToWatch\",\"execArgv\",\"runnerEnv\",\"runner\",\"shard\",\"specFileRetries\",\"specFileRetriesDelay\",\"specFileRetriesDeferred\",\"reporterSyncInterval\",\"reporterSyncTimeout\",\"cucumberFeaturesWithLineNumbers\",\"autoCompileOpts\",\"mochaOpts\",\"jasmineOpts\",\"cucumberOpts\",\"onPrepare\",\"onWorkerStart\",\"onWorkerEnd\",\"before\",\"beforeSession\",\"beforeSuite\",\"beforeHook\",\"beforeTest\",\"afterTest\",\"afterHook\",\"afterSuite\",\"afterSession\",\"after\",\"onComplete\",\"beforeAssertion\",\"afterAssertion\",\"beforeFeature\",\"beforeScenario\",\"beforeStep\",\"afterStep\",\"afterScenario\",\"afterFeature\",\"_\",\"suite\",\"$0\",\"ignoredWorkerServices\",\"wdi5\"]"}]}
RESULT: {"script":"<script> [2342 bytes]","args":[{"protocol":"http","hostname":"0.0.0.0","path":"/","capabilities":{"browserName":"chrome","goog:chromeOptions":{"binary":"C:\\Program Files\\Google\\Chrome\\Application\\chrome.exe","args":["--start-maximized"]}},"logLevel":"warn","connectionRetryTimeout":120000,"connectionRetryCount":3,"logLevels":{},"enableDirectConnect":true,"strictSSL":true,"_":"65 more keys: [\"cacheDir\",\"port\",\"requestedCapabilities\",\"automationProtocol\",\"baseUrl\",\"waitforInterval\",\"waitforTimeout\",\"onReload\",\"beforeCommand\",\"afterCommand\",\"rootDir\",\"specs\",\"suites\",\"exclude\",\"groupLogsByTestSpec\",\"excludeDriverLogs\",\"bail\",\"framework\",\"reporters\",\"services\",\"maxInstances\",\"maxInstancesPerCapability\",\"injectGlobals\",\"filesToWatch\",\"execArgv\",\"runnerEnv\",\"runner\",\"shard\",\"specFileRetries\",\"specFileRetriesDelay\",\"specFileRetriesDeferred\",\"reporterSyncInterval\",\"reporterSyncTimeout\",\"cucumberFeaturesWithLineNumbers\",\"autoCompileOpts\",\"mochaOpts\",\"jasmineOpts\",\"cucumberOpts\",\"onPrepare\",\"onWorkerStart\",\"onWorkerEnd\",\"before\",\"beforeSession\",\"beforeSuite\",\"beforeHook\",\"beforeTest\",\"afterTest\",\"afterHook\",\"afterSuite\",\"afterSession\",\"after\",\"onComplete\",\"beforeAssertion\",\"afterAssertion\",\"beforeFeature\",\"beforeScenario\",\"beforeStep\",\"afterStep\",\"afterScenario\",\"afterFeature\",\"_\",\"suite\",\"$0\",\"ignoredWorkerServices\",\"wdi5\"]"}]}
COMMAND: POST /session/329de238260d7602ed1af1352086bef4/execute/async - {"script":"<script> [21126 bytes]","args":[35000]}
RESULT: {"script":"<script> [21126 bytes]","args":[35000]}
COMMAND: POST /session/329de238260d7602ed1af1352086bef4/window/fullscreen - {}
RESULT: {}
]]></system-out>
    </testcase>
    <testcase classname="chrome.136_0_7103_93.windows.Billing_confirm_US117289" name="Should create a new equipment" time="131.511">
      <system-out><![CDATA[
COMMAND: POST /session/329de238260d7602ed1af1352086bef4/execute/async - {"script":"<script> [1562 bytes]","args":[{"selector":{"controlType":"sap.m.GenericTile","properties":{"header":"Manage Resources"}},"wdio_ui5_key":"sapm.GenericTile{\"header\":\"Manage Resources\"}"}]}
RESULT: {"script":"<script> [1562 bytes]","args":[{"selector":{"controlType":"sap.m.GenericTile","properties":{"header":"Manage Resources"}},"wdio_ui5_key":"sapm.GenericTile{\"header\":\"Manage Resources\"}"}]}
RESULT: undefined
COMMAND: POST /session/329de238260d7602ed1af1352086bef4/element - {"using":"xpath","value":"//*[@id=\"__tile31\"]"}
RESULT: {"using":"xpath","value":"//*[@id=\"__tile31\"]"}
COMMAND: POST /session/329de238260d7602ed1af1352086bef4/element/f.ABBA5987F2E82E58D78C902D9EA41D2B.d.8454B3055E8E58C97BA4C084F23E6C82.e.2802/click - {}
RESULT: {}
COMMAND: GET /session/329de238260d7602ed1af1352086bef4/screenshot - {}
RESULT: {}
COMMAND: POST /session/329de238260d7602ed1af1352086bef4/elements - {"using":"xpath","value":"//span[text()='Error']"}
RESULT: {"using":"xpath","value":"//span[text()='Error']"}
COMMAND: POST /session/329de238260d7602ed1af1352086bef4/element - {"using":"xpath","value":"//button[@data-kt=\"addNewRUOverflowToolbarButton\"]"}
RESULT: {"using":"xpath","value":"//button[@data-kt=\"addNewRUOverflowToolbarButton\"]"}
COMMAND: POST /session/329de238260d7602ed1af1352086bef4/elements - {"using":"xpath","value":"//button[@data-kt=\"addNewRUOverflowToolbarButton\"]"}
RESULT: {"using":"xpath","value":"//button[@data-kt=\"addNewRUOverflowToolbarButton\"]"}
COMMAND: POST /session/329de238260d7602ed1af1352086bef4/execute/sync - {"script":"<script> [8489 bytes]","args":[{"element-6066-11e4-a52e-4f735466cecf":"f.ABBA5987F2E82E58D78C902D9EA41D2B.d.8454B3055E8E58C97BA4C084F23E6C82.e.2911","ELEMENT":"f.ABBA5987F2E82E58D78C902D9EA41D2B.d.8454B3055E8E58C97BA4C084F23E6C82.e.2911"}]}
RESULT: {"script":"<script> [8489 bytes]","args":[{"element-6066-11e4-a52e-4f735466cecf":"f.ABBA5987F2E82E58D78C902D9EA41D2B.d.8454B3055E8E58C97BA4C084F23E6C82.e.2911","ELEMENT":"f.ABBA5987F2E82E58D78C902D9EA41D2B.d.8454B3055E8E58C97BA4C084F23E6C82.e.2911"}]}
COMMAND: GET /session/329de238260d7602ed1af1352086bef4/element/f.ABBA5987F2E82E58D78C902D9EA41D2B.d.8454B3055E8E58C97BA4C084F23E6C82.e.2911/enabled - {}
COMMAND: GET /session/329de238260d7602ed1af1352086bef4/screenshot - {}
RESULT: {}
COMMAND: POST /session/329de238260d7602ed1af1352086bef4/execute/sync - {"script":"<script> [8489 bytes]","args":[{"element-6066-11e4-a52e-4f735466cecf":"f.ABBA5987F2E82E58D78C902D9EA41D2B.d.8454B3055E8E58C97BA4C084F23E6C82.e.2911","ELEMENT":"f.ABBA5987F2E82E58D78C902D9EA41D2B.d.8454B3055E8E58C97BA4C084F23E6C82.e.2911"}]}
COMMAND: GET /session/329de238260d7602ed1af1352086bef4/screenshot - {}
RESULT: {}
RESULT: {"script":"<script> [8489 bytes]","args":[{"element-6066-11e4-a52e-4f735466cecf":"f.ABBA5987F2E82E58D78C902D9EA41D2B.d.8454B3055E8E58C97BA4C084F23E6C82.e.2911","ELEMENT":"f.ABBA5987F2E82E58D78C902D9EA41D2B.d.8454B3055E8E58C97BA4C084F23E6C82.e.2911"}]}
COMMAND: POST /session/329de238260d7602ed1af1352086bef4/execute/sync - {"script":"<script> [5351 bytes]","args":[{"element-6066-11e4-a52e-4f735466cecf":"f.ABBA5987F2E82E58D78C902D9EA41D2B.d.8454B3055E8E58C97BA4C084F23E6C82.e.2911","ELEMENT":"f.ABBA5987F2E82E58D78C902D9EA41D2B.d.8454B3055E8E58C97BA4C084F23E6C82.e.2911"}]}
COMMAND: GET /session/329de238260d7602ed1af1352086bef4/screenshot - {}
RESULT: {}
RESULT: {"script":"<script> [5351 bytes]","args":[{"element-6066-11e4-a52e-4f735466cecf":"f.ABBA5987F2E82E58D78C902D9EA41D2B.d.8454B3055E8E58C97BA4C084F23E6C82.e.2911","ELEMENT":"f.ABBA5987F2E82E58D78C902D9EA41D2B.d.8454B3055E8E58C97BA4C084F23E6C82.e.2911"}]}
COMMAND: POST /session/329de238260d7602ed1af1352086bef4/element/f.ABBA5987F2E82E58D78C902D9EA41D2B.d.8454B3055E8E58C97BA4C084F23E6C82.e.2911/click - {}
COMMAND: GET /session/329de238260d7602ed1af1352086bef4/screenshot - {}
RESULT: {}
RESULT: {}
COMMAND: GET /session/329de238260d7602ed1af1352086bef4/screenshot - {}
RESULT: {}
RESULT: {}
COMMAND: POST /session/329de238260d7602ed1af1352086bef4/execute/async - {"script":"<script> [1562 bytes]","args":[{"selector":{"id":"application-manageresources-display-component---newResourceUnit--TYPE-arrow"},"wdio_ui5_key":"applicationmanageresources-display-component---newResourceUnit--TYPE-arrow"}]}
RESULT: {"script":"<script> [1562 bytes]","args":[{"selector":{"id":"application-manageresources-display-component---newResourceUnit--TYPE-arrow"},"wdio_ui5_key":"applicationmanageresources-display-component---newResourceUnit--TYPE-arrow"}]}
RESULT: undefined
COMMAND: POST /session/329de238260d7602ed1af1352086bef4/element - {"using":"xpath","value":"//*[@id=\"application-manageresources-display-component---newResourceUnit--TYPE-arrow\"]"}
RESULT: {"using":"xpath","value":"//*[@id=\"application-manageresources-display-component---newResourceUnit--TYPE-arrow\"]"}
COMMAND: POST /session/329de238260d7602ed1af1352086bef4/element/f.ABBA5987F2E82E58D78C902D9EA41D2B.d.8454B3055E8E58C97BA4C084F23E6C82.e.3280/click - {}
RESULT: {}
COMMAND: POST /session/329de238260d7602ed1af1352086bef4/element - {"using":"xpath","value":"//input[@id=\"application-manageresources-display-component---newResourceUnit--TYPE-inner\"]"}
COMMAND: GET /session/329de238260d7602ed1af1352086bef4/screenshot - {}
RESULT: {"using":"xpath","value":"//input[@id=\"application-manageresources-display-component---newResourceUnit--TYPE-inner\"]"}
COMMAND: POST /session/329de238260d7602ed1af1352086bef4/element/f.ABBA5987F2E82E58D78C902D9EA41D2B.d.8454B3055E8E58C97BA4C084F23E6C82.e.3262/clear - {}
RESULT: {}
RESULT: {}
COMMAND: POST /session/329de238260d7602ed1af1352086bef4/element/f.ABBA5987F2E82E58D78C902D9EA41D2B.d.8454B3055E8E58C97BA4C084F23E6C82.e.3262/value - {"text":"Equipment"}
COMMAND: GET /session/329de238260d7602ed1af1352086bef4/screenshot - {}
RESULT: {"text":"Equipment"}
COMMAND: GET /session/329de238260d7602ed1af1352086bef4/screenshot - {}
RESULT: {}
RESULT: {}
COMMAND: POST /session/329de238260d7602ed1af1352086bef4/actions - {"actions":[{"id":"action9","type":"key","parameters":{},"actions":[{"type":"keyDown","value":""},{"type":"pause","duration":10},{"type":"keyUp","value":""}]}]}
RESULT: {"actions":[{"id":"action9","type":"key","parameters":{},"actions":[{"type":"keyDown","value":""},{"type":"pause","duration":10},{"type":"keyUp","value":""}]}]}
COMMAND: POST /session/329de238260d7602ed1af1352086bef4/execute/async - {"script":"<script> [1562 bytes]","args":[{"selector":{"id":"application-manageresources-display-component---newResourceUnit--resourceId","interaction":{"idSuffix":"inner"}},"wdio_ui5_key":"applicationmanageresources-display-component---newResourceUnit--resourceId"}]}
COMMAND: GET /session/329de238260d7602ed1af1352086bef4/screenshot - {}
RESULT: {"script":"<script> [1562 bytes]","args":[{"selector":{"id":"application-manageresources-display-component---newResourceUnit--resourceId","interaction":{"idSuffix":"inner"}},"wdio_ui5_key":"applicationmanageresources-display-component---newResourceUnit--resourceId"}]}
RESULT: undefined
COMMAND: POST /session/329de238260d7602ed1af1352086bef4/execute/async - {"script":"<script> [776 bytes]","args":[{"enterText":"joVBfPH7dP","selector":{"id":"application-manageresources-display-component---newResourceUnit--resourceId","interaction":{"idSuffix":"inner"}},"clearTextFirst":true,"interactionType":"ENTER_TEXT"}]}
RESULT: {}
RESULT: {"script":"<script> [776 bytes]","args":[{"enterText":"joVBfPH7dP","selector":{"id":"application-manageresources-display-component---newResourceUnit--resourceId","interaction":{"idSuffix":"inner"}},"clearTextFirst":true,"interactionType":"ENTER_TEXT"}]}
COMMAND: POST /session/329de238260d7602ed1af1352086bef4/execute/async - {"script":"<script> [1562 bytes]","args":[{"selector":{"id":"application-manageresources-display-component---newResourceUnit--SHORT_TEXT","interaction":{"idSuffix":"inner"}},"wdio_ui5_key":"applicationmanageresources-display-component---newResourceUnit--SHORT_TEXT"}]}
RESULT: {"script":"<script> [1562 bytes]","args":[{"selector":{"id":"application-manageresources-display-component---newResourceUnit--SHORT_TEXT","interaction":{"idSuffix":"inner"}},"wdio_ui5_key":"applicationmanageresources-display-component---newResourceUnit--SHORT_TEXT"}]}
RESULT: undefined
COMMAND: POST /session/329de238260d7602ed1af1352086bef4/execute/async - {"script":"<script> [776 bytes]","args":[{"enterText":"Intercompany Equipment WDIO","selector":{"id":"application-manageresources-display-component---newResourceUnit--SHORT_TEXT","interaction":{"idSuffix":"inner"}},"clearTextFirst":true,"interactionType":"ENTER_TEXT"}]}
RESULT: {"script":"<script> [776 bytes]","args":[{"enterText":"Intercompany Equipment WDIO","selector":{"id":"application-manageresources-display-component---newResourceUnit--SHORT_TEXT","interaction":{"idSuffix":"inner"}},"clearTextFirst":true,"interactionType":"ENTER_TEXT"}]}
COMMAND: POST /session/329de238260d7602ed1af1352086bef4/execute/async - {"script":"<script> [1562 bytes]","args":[{"selector":{"id":"application-manageresources-display-component---newResourceUnit--BASE_UNIT_OF_MEASURE","interaction":{"idSuffix":"inner"}},"wdio_ui5_key":"applicationmanageresources-display-component---newResourceUnit--BASE_UNIT_OF_MEASURE"}]}
RESULT: {"script":"<script> [1562 bytes]","args":[{"selector":{"id":"application-manageresources-display-component---newResourceUnit--BASE_UNIT_OF_MEASURE","interaction":{"idSuffix":"inner"}},"wdio_ui5_key":"applicationmanageresources-display-component---newResourceUnit--BASE_UNIT_OF_MEASURE"}]}
RESULT: undefined
COMMAND: POST /session/329de238260d7602ed1af1352086bef4/execute/async - {"script":"<script> [776 bytes]","args":[{"enterText":"Piece","selector":{"id":"application-manageresources-display-component---newResourceUnit--BASE_UNIT_OF_MEASURE","interaction":{"idSuffix":"inner"}},"clearTextFirst":true,"interactionType":"ENTER_TEXT"}]}
RESULT: {"script":"<script> [776 bytes]","args":[{"enterText":"Piece","selector":{"id":"application-manageresources-display-component---newResourceUnit--BASE_UNIT_OF_MEASURE","interaction":{"idSuffix":"inner"}},"clearTextFirst":true,"interactionType":"ENTER_TEXT"}]}
COMMAND: POST /session/329de238260d7602ed1af1352086bef4/execute/async - {"script":"<script> [1562 bytes]","args":[{"selector":{"id":"application-manageresources-display-component---newResourceUnit--WEIGHT_UNIT","interaction":{"idSuffix":"inner"}},"wdio_ui5_key":"applicationmanageresources-display-component---newResourceUnit--WEIGHT_UNIT"}]}
RESULT: {"script":"<script> [1562 bytes]","args":[{"selector":{"id":"application-manageresources-display-component---newResourceUnit--WEIGHT_UNIT","interaction":{"idSuffix":"inner"}},"wdio_ui5_key":"applicationmanageresources-display-component---newResourceUnit--WEIGHT_UNIT"}]}
RESULT: undefined
COMMAND: POST /session/329de238260d7602ed1af1352086bef4/execute/async - {"script":"<script> [776 bytes]","args":[{"enterText":"Gram","selector":{"id":"application-manageresources-display-component---newResourceUnit--WEIGHT_UNIT","interaction":{"idSuffix":"inner"}},"clearTextFirst":true,"interactionType":"ENTER_TEXT"}]}
RESULT: {"script":"<script> [776 bytes]","args":[{"enterText":"Gram","selector":{"id":"application-manageresources-display-component---newResourceUnit--WEIGHT_UNIT","interaction":{"idSuffix":"inner"}},"clearTextFirst":true,"interactionType":"ENTER_TEXT"}]}
COMMAND: POST /session/329de238260d7602ed1af1352086bef4/execute/async - {"script":"<script> [1562 bytes]","args":[{"selector":{"id":"application-manageresources-display-component---newResourceUnit--DIMENSION_UNIT","interaction":{"idSuffix":"inner"}},"wdio_ui5_key":"applicationmanageresources-display-component---newResourceUnit--DIMENSION_UNIT"}]}
RESULT: {"script":"<script> [1562 bytes]","args":[{"selector":{"id":"application-manageresources-display-component---newResourceUnit--DIMENSION_UNIT","interaction":{"idSuffix":"inner"}},"wdio_ui5_key":"applicationmanageresources-display-component---newResourceUnit--DIMENSION_UNIT"}]}
RESULT: undefined
COMMAND: POST /session/329de238260d7602ed1af1352086bef4/execute/async - {"script":"<script> [776 bytes]","args":[{"enterText":"Meter","selector":{"id":"application-manageresources-display-component---newResourceUnit--DIMENSION_UNIT","interaction":{"idSuffix":"inner"}},"clearTextFirst":true,"interactionType":"ENTER_TEXT"}]}
RESULT: {"script":"<script> [776 bytes]","args":[{"enterText":"Meter","selector":{"id":"application-manageresources-display-component---newResourceUnit--DIMENSION_UNIT","interaction":{"idSuffix":"inner"}},"clearTextFirst":true,"interactionType":"ENTER_TEXT"}]}
COMMAND: POST /session/329de238260d7602ed1af1352086bef4/execute/async - {"script":"<script> [1562 bytes]","args":[{"selector":{"id":"application-manageresources-display-component---newResourceUnit--newRRUPage-anchBar-application-manageresources-display-component---newResourceUnit--control-anchor","interaction":{"idSuffix":"BDI-content"}},"wdio_ui5_key":"applicationmanageresources-display-component---newResourceUnit--newRRUPage-anchBar-application-manageresources-display-component---newResourceUnit--control-anchor"}]}
RESULT: {"script":"<script> [1562 bytes]","args":[{"selector":{"id":"application-manageresources-display-component---newResourceUnit--newRRUPage-anchBar-application-manageresources-display-component---newResourceUnit--control-anchor","interaction":{"idSuffix":"BDI-content"}},"wdio_ui5_key":"applicationmanageresources-display-component---newResourceUnit--newRRUPage-anchBar-application-manageresources-display-component---newResourceUnit--control-anchor"}]}
RESULT: undefined
COMMAND: POST /session/329de238260d7602ed1af1352086bef4/element - {"using":"xpath","value":"//*[@id=\"application-manageresources-display-component---newResourceUnit--newRRUPage-anchBar-application-manageresources-display-component---newResourceUnit--control-anchor\"]"}
RESULT: {"using":"xpath","value":"//*[@id=\"application-manageresources-display-component---newResourceUnit--newRRUPage-anchBar-application-manageresources-display-component---newResourceUnit--control-anchor\"]"}
COMMAND: POST /session/329de238260d7602ed1af1352086bef4/element/f.ABBA5987F2E82E58D78C902D9EA41D2B.d.8454B3055E8E58C97BA4C084F23E6C82.e.3441/click - {}
RESULT: {}
COMMAND: POST /session/329de238260d7602ed1af1352086bef4/execute/async - {"script":"<script> [1562 bytes]","args":[{"selector":{"id":"application-manageresources-display-component---newResourceUnit--PLANNING_GROUP","interaction":{"idSuffix":"inner"}},"wdio_ui5_key":"applicationmanageresources-display-component---newResourceUnit--PLANNING_GROUP"}]}
COMMAND: GET /session/329de238260d7602ed1af1352086bef4/screenshot - {}
RESULT: {"script":"<script> [1562 bytes]","args":[{"selector":{"id":"application-manageresources-display-component---newResourceUnit--PLANNING_GROUP","interaction":{"idSuffix":"inner"}},"wdio_ui5_key":"applicationmanageresources-display-component---newResourceUnit--PLANNING_GROUP"}]}
RESULT: undefined
COMMAND: POST /session/329de238260d7602ed1af1352086bef4/execute/async - {"script":"<script> [776 bytes]","args":[{"enterText":"Heavy Equi","selector":{"id":"application-manageresources-display-component---newResourceUnit--PLANNING_GROUP","interaction":{"idSuffix":"inner"}},"clearTextFirst":true,"interactionType":"ENTER_TEXT"}]}
RESULT: {}
RESULT: {"script":"<script> [776 bytes]","args":[{"enterText":"Heavy Equi","selector":{"id":"application-manageresources-display-component---newResourceUnit--PLANNING_GROUP","interaction":{"idSuffix":"inner"}},"clearTextFirst":true,"interactionType":"ENTER_TEXT"}]}
COMMAND: POST /session/329de238260d7602ed1af1352086bef4/execute/async - {"script":"<script> [1562 bytes]","args":[{"selector":{"id":"application-manageresources-display-component---newResourceUnit--ITEM_TYPE-arrow"},"wdio_ui5_key":"applicationmanageresources-display-component---newResourceUnit--ITEM_TYPE-arrow"}]}
RESULT: {"script":"<script> [1562 bytes]","args":[{"selector":{"id":"application-manageresources-display-component---newResourceUnit--ITEM_TYPE-arrow"},"wdio_ui5_key":"applicationmanageresources-display-component---newResourceUnit--ITEM_TYPE-arrow"}]}
RESULT: undefined
COMMAND: POST /session/329de238260d7602ed1af1352086bef4/element - {"using":"xpath","value":"//*[@id=\"application-manageresources-display-component---newResourceUnit--ITEM_TYPE-arrow\"]"}
RESULT: {"using":"xpath","value":"//*[@id=\"application-manageresources-display-component---newResourceUnit--ITEM_TYPE-arrow\"]"}
COMMAND: POST /session/329de238260d7602ed1af1352086bef4/element/f.ABBA5987F2E82E58D78C902D9EA41D2B.d.8454B3055E8E58C97BA4C084F23E6C82.e.3450/click - {}
RESULT: {}
COMMAND: POST /session/329de238260d7602ed1af1352086bef4/element - {"using":"xpath","value":"//ul[contains(@id,\"ITEM_TYPE-popup-list-listUl\")]//li[.//span[contains(text(),\"Resource Unit\")]]"}
COMMAND: GET /session/329de238260d7602ed1af1352086bef4/screenshot - {}
RESULT: {"using":"xpath","value":"//ul[contains(@id,\"ITEM_TYPE-popup-list-listUl\")]//li[.//span[contains(text(),\"Resource Unit\")]]"}
COMMAND: POST /session/329de238260d7602ed1af1352086bef4/element/f.ABBA5987F2E82E58D78C902D9EA41D2B.d.8454B3055E8E58C97BA4C084F23E6C82.e.3451/click - {}
RESULT: {}
RESULT: {}
COMMAND: GET /session/329de238260d7602ed1af1352086bef4/screenshot - {}
RESULT: {}
COMMAND: POST /session/329de238260d7602ed1af1352086bef4/element - {"using":"css selector","value":"#application-manageresources-display-component---newResourceUnit--btnAddTimeSegment"}
RESULT: {"using":"css selector","value":"#application-manageresources-display-component---newResourceUnit--btnAddTimeSegment"}
COMMAND: GET /session/329de238260d7602ed1af1352086bef4/element/f.ABBA5987F2E82E58D78C902D9EA41D2B.d.8454B3055E8E58C97BA4C084F23E6C82.e.3459/rect - {}
RESULT: {}
COMMAND: GET /session/329de238260d7602ed1af1352086bef4/window/rect - {}
RESULT: {}
COMMAND: POST /session/329de238260d7602ed1af1352086bef4/execute/sync - {"script":"<script> [92 bytes]","args":[]}
RESULT: {"script":"<script> [92 bytes]","args":[]}
COMMAND: POST /session/329de238260d7602ed1af1352086bef4/actions - {"actions":[{"id":"action10","type":"wheel","parameters":{},"actions":[{"type":"scroll","x":-1888,"y":-32,"deltaX":0,"deltaY":0,"duration":0,"origin":{"element-6066-11e4-a52e-4f735466cecf":"f.ABBA5987F2E82E58D78C902D9EA41D2B.d.8454B3055E8E58C97BA4C084F23E6C82.e.3459"}}]}]}
COMMAND: GET /session/329de238260d7602ed1af1352086bef4/screenshot - {}
RESULT: {}
COMMAND: POST /session/329de238260d7602ed1af1352086bef4/execute/sync - {"script":"<script> [79 bytes]","args":[{"element-6066-11e4-a52e-4f735466cecf":"f.ABBA5987F2E82E58D78C902D9EA41D2B.d.8454B3055E8E58C97BA4C084F23E6C82.e.3459","ELEMENT":"f.ABBA5987F2E82E58D78C902D9EA41D2B.d.8454B3055E8E58C97BA4C084F23E6C82.e.3459"},{"block":"start","inline":"nearest"}]}
RESULT: {"script":"<script> [79 bytes]","args":[{"element-6066-11e4-a52e-4f735466cecf":"f.ABBA5987F2E82E58D78C902D9EA41D2B.d.8454B3055E8E58C97BA4C084F23E6C82.e.3459","ELEMENT":"f.ABBA5987F2E82E58D78C902D9EA41D2B.d.8454B3055E8E58C97BA4C084F23E6C82.e.3459"},{"block":"start","inline":"nearest"}]}
COMMAND: POST /session/329de238260d7602ed1af1352086bef4/execute/async - {"script":"<script> [1562 bytes]","args":[{"selector":{"id":"application-manageresources-display-component---newResourceUnit--btnAddTimeSegment","interaction":{"idSuffix":"inner"}},"wdio_ui5_key":"applicationmanageresources-display-component---newResourceUnit--btnAddTimeSegment"}]}
COMMAND: GET /session/329de238260d7602ed1af1352086bef4/screenshot - {}
RESULT: {"script":"<script> [1562 bytes]","args":[{"selector":{"id":"application-manageresources-display-component---newResourceUnit--btnAddTimeSegment","interaction":{"idSuffix":"inner"}},"wdio_ui5_key":"applicationmanageresources-display-component---newResourceUnit--btnAddTimeSegment"}]}
RESULT: undefined
COMMAND: POST /session/329de238260d7602ed1af1352086bef4/element - {"using":"xpath","value":"//*[@id=\"application-manageresources-display-component---newResourceUnit--btnAddTimeSegment\"]"}
RESULT: {}
RESULT: {"using":"xpath","value":"//*[@id=\"application-manageresources-display-component---newResourceUnit--btnAddTimeSegment\"]"}
COMMAND: POST /session/329de238260d7602ed1af1352086bef4/element/f.ABBA5987F2E82E58D78C902D9EA41D2B.d.8454B3055E8E58C97BA4C084F23E6C82.e.3459/click - {}
RESULT: {}
COMMAND: GET /session/329de238260d7602ed1af1352086bef4/screenshot - {}
RESULT: {}
COMMAND: POST /session/329de238260d7602ed1af1352086bef4/element - {"using":"xpath","value":"//input[@id=\"application-manageresources-display-component---newResourceUnit--idRuTSAdmin-application-manageresources-display-component---newResourceUnit--RUTimeSegment-0-inner\"]"}
RESULT: {"using":"xpath","value":"//input[@id=\"application-manageresources-display-component---newResourceUnit--idRuTSAdmin-application-manageresources-display-component---newResourceUnit--RUTimeSegment-0-inner\"]"}
COMMAND: POST /session/329de238260d7602ed1af1352086bef4/element/f.ABBA5987F2E82E58D78C902D9EA41D2B.d.8454B3055E8E58C97BA4C084F23E6C82.e.3465/clear - {}
RESULT: {}
COMMAND: POST /session/329de238260d7602ed1af1352086bef4/element/f.ABBA5987F2E82E58D78C902D9EA41D2B.d.8454B3055E8E58C97BA4C084F23E6C82.e.3465/value - {"text":"469"}
COMMAND: GET /session/329de238260d7602ed1af1352086bef4/screenshot - {}
RESULT: {"text":"469"}
COMMAND: GET /session/329de238260d7602ed1af1352086bef4/screenshot - {}
RESULT: {}
RESULT: {}
COMMAND: POST /session/329de238260d7602ed1af1352086bef4/element - {"using":"xpath","value":"//li[.//span[text()='469']]"}
RESULT: {"using":"xpath","value":"//li[.//span[text()='469']]"}
COMMAND: POST /session/329de238260d7602ed1af1352086bef4/element/f.ABBA5987F2E82E58D78C902D9EA41D2B.d.8454B3055E8E58C97BA4C084F23E6C82.e.3477/click - {}
RESULT: {}
COMMAND: GET /session/329de238260d7602ed1af1352086bef4/screenshot - {}
RESULT: {}
COMMAND: POST /session/329de238260d7602ed1af1352086bef4/element - {"using":"xpath","value":"(//span[contains(@id, \"-application-manageresources-display-component---newResourceUnit--RUTimeSegment-0-arrow\")])[6]"}
RESULT: {"using":"xpath","value":"(//span[contains(@id, \"-application-manageresources-display-component---newResourceUnit--RUTimeSegment-0-arrow\")])[6]"}
COMMAND: POST /session/329de238260d7602ed1af1352086bef4/element/f.ABBA5987F2E82E58D78C902D9EA41D2B.d.8454B3055E8E58C97BA4C084F23E6C82.e.3478/click - {}
RESULT: {}
COMMAND: GET /session/329de238260d7602ed1af1352086bef4/screenshot - {}
RESULT: {}
COMMAND: POST /session/329de238260d7602ed1af1352086bef4/element - {"using":"xpath","value":"//span[contains(text(), \"PM Order\")]"}
RESULT: {"using":"xpath","value":"//span[contains(text(), \"PM Order\")]"}
COMMAND: POST /session/329de238260d7602ed1af1352086bef4/element/f.ABBA5987F2E82E58D78C902D9EA41D2B.d.8454B3055E8E58C97BA4C084F23E6C82.e.3481/click - {}
RESULT: {}
COMMAND: GET /session/329de238260d7602ed1af1352086bef4/screenshot - {}
RESULT: {}
COMMAND: POST /session/329de238260d7602ed1af1352086bef4/element - {"using":"xpath","value":"(//span[contains(@id ,\"manageresources-display-component---newResourceUnit--RUTimeSegment-0-vhi\")])[1]"}
RESULT: {"using":"xpath","value":"(//span[contains(@id ,\"manageresources-display-component---newResourceUnit--RUTimeSegment-0-vhi\")])[1]"}
COMMAND: GET /session/329de238260d7602ed1af1352086bef4/element/f.ABBA5987F2E82E58D78C902D9EA41D2B.d.8454B3055E8E58C97BA4C084F23E6C82.e.3485/rect - {}
RESULT: {}
COMMAND: GET /session/329de238260d7602ed1af1352086bef4/window/rect - {}
RESULT: {}
COMMAND: POST /session/329de238260d7602ed1af1352086bef4/execute/sync - {"script":"<script> [92 bytes]","args":[]}
RESULT: {"script":"<script> [92 bytes]","args":[]}
COMMAND: POST /session/329de238260d7602ed1af1352086bef4/actions - {"actions":[{"id":"action11","type":"wheel","parameters":{},"actions":[{"type":"scroll","x":-869,"y":-24,"deltaX":0,"deltaY":0,"duration":0,"origin":{"element-6066-11e4-a52e-4f735466cecf":"f.ABBA5987F2E82E58D78C902D9EA41D2B.d.8454B3055E8E58C97BA4C084F23E6C82.e.3485"}}]}]}
COMMAND: GET /session/329de238260d7602ed1af1352086bef4/screenshot - {}
RESULT: {"actions":[{"id":"action11","type":"wheel","parameters":{},"actions":[{"type":"scroll","x":-869,"y":-24,"deltaX":0,"deltaY":0,"duration":0,"origin":{"element-6066-11e4-a52e-4f735466cecf":"f.ABBA5987F2E82E58D78C902D9EA41D2B.d.8454B3055E8E58C97BA4C084F23E6C82.e.3485"}}]}]}
COMMAND: DELETE /session/329de238260d7602ed1af1352086bef4/actions - {}
COMMAND: GET /session/329de238260d7602ed1af1352086bef4/screenshot - {}
RESULT: {}
RESULT: {}
COMMAND: GET /session/329de238260d7602ed1af1352086bef4/screenshot - {}
RESULT: {}
RESULT: {}
COMMAND: POST /session/329de238260d7602ed1af1352086bef4/element/f.ABBA5987F2E82E58D78C902D9EA41D2B.d.8454B3055E8E58C97BA4C084F23E6C82.e.3485/click - {}
RESULT: {}
COMMAND: GET /session/329de238260d7602ed1af1352086bef4/screenshot - {}
RESULT: {}
COMMAND: POST /session/329de238260d7602ed1af1352086bef4/execute/async - {"script":"<script> [1562 bytes]","args":[{"selector":{"controlType":"sap.m.SearchField","properties":{"placeholder":"Search"},"searchOpenDialogs":true,"interaction":{"idSuffix":"I"}},"wdio_ui5_key":"sapm.SearchField{\"placeholder\":\"Search\"}"}]}
RESULT: {"script":"<script> [1562 bytes]","args":[{"selector":{"controlType":"sap.m.SearchField","properties":{"placeholder":"Search"},"searchOpenDialogs":true,"interaction":{"idSuffix":"I"}},"wdio_ui5_key":"sapm.SearchField{\"placeholder\":\"Search\"}"}]}
RESULT: undefined
COMMAND: POST /session/329de238260d7602ed1af1352086bef4/execute/async - {"script":"<script> [776 bytes]","args":[{"enterText":"4000360","selector":{"controlType":"sap.m.SearchField","properties":{"placeholder":"Search"},"searchOpenDialogs":true,"interaction":{"idSuffix":"I"}},"clearTextFirst":true,"interactionType":"ENTER_TEXT"}]}
RESULT: {"script":"<script> [776 bytes]","args":[{"enterText":"4000360","selector":{"controlType":"sap.m.SearchField","properties":{"placeholder":"Search"},"searchOpenDialogs":true,"interaction":{"idSuffix":"I"}},"clearTextFirst":true,"interactionType":"ENTER_TEXT"}]}
COMMAND: POST /session/329de238260d7602ed1af1352086bef4/actions - {"actions":[{"id":"action12","type":"key","parameters":{},"actions":[{"type":"keyDown","value":""},{"type":"pause","duration":10},{"type":"keyUp","value":""}]}]}
RESULT: {"actions":[{"id":"action12","type":"key","parameters":{},"actions":[{"type":"keyDown","value":""},{"type":"pause","duration":10},{"type":"keyUp","value":""}]}]}
COMMAND: GET /session/329de238260d7602ed1af1352086bef4/screenshot - {}
RESULT: {}
COMMAND: POST /session/329de238260d7602ed1af1352086bef4/element - {"using":"xpath","value":"//td/div/span[contains(text(), \"BGL Vehicles\")]"}
RESULT: {"using":"xpath","value":"//td/div/span[contains(text(), \"BGL Vehicles\")]"}
COMMAND: POST /session/329de238260d7602ed1af1352086bef4/element/f.ABBA5987F2E82E58D78C902D9EA41D2B.d.8454B3055E8E58C97BA4C084F23E6C82.e.3507/click - {}
RESULT: {}
COMMAND: GET /session/329de238260d7602ed1af1352086bef4/screenshot - {}
RESULT: {}
COMMAND: POST /session/329de238260d7602ed1af1352086bef4/element - {"using":"xpath","value":"//bdi[contains(text(), \"OK\")]"}
RESULT: {"using":"xpath","value":"//bdi[contains(text(), \"OK\")]"}
COMMAND: POST /session/329de238260d7602ed1af1352086bef4/element/f.ABBA5987F2E82E58D78C902D9EA41D2B.d.8454B3055E8E58C97BA4C084F23E6C82.e.3508/click - {}
RESULT: {}
COMMAND: GET /session/329de238260d7602ed1af1352086bef4/screenshot - {}
RESULT: {}
COMMAND: POST /session/329de238260d7602ed1af1352086bef4/execute/async - {"script":"<script> [1562 bytes]","args":[{"selector":{"id":"application-manageresources-display-component---newResourceUnit--newRRUPage-anchBar-application-manageresources-display-component---newResourceUnit--resource-anchor","interaction":{"idSuffix":"BDI-content"}},"wdio_ui5_key":"applicationmanageresources-display-component---newResourceUnit--newRRUPage-anchBar-application-manageresources-display-component---newResourceUnit--resource-anchor"}]}
RESULT: {"script":"<script> [1562 bytes]","args":[{"selector":{"id":"application-manageresources-display-component---newResourceUnit--newRRUPage-anchBar-application-manageresources-display-component---newResourceUnit--resource-anchor","interaction":{"idSuffix":"BDI-content"}},"wdio_ui5_key":"applicationmanageresources-display-component---newResourceUnit--newRRUPage-anchBar-application-manageresources-display-component---newResourceUnit--resource-anchor"}]}
RESULT: undefined
COMMAND: POST /session/329de238260d7602ed1af1352086bef4/element - {"using":"xpath","value":"//*[@id=\"application-manageresources-display-component---newResourceUnit--newRRUPage-anchBar-application-manageresources-display-component---newResourceUnit--resource-anchor\"]"}
RESULT: {"using":"xpath","value":"//*[@id=\"application-manageresources-display-component---newResourceUnit--newRRUPage-anchBar-application-manageresources-display-component---newResourceUnit--resource-anchor\"]"}
COMMAND: POST /session/329de238260d7602ed1af1352086bef4/element/f.ABBA5987F2E82E58D78C902D9EA41D2B.d.8454B3055E8E58C97BA4C084F23E6C82.e.3512/click - {}
RESULT: {}
COMMAND: POST /session/329de238260d7602ed1af1352086bef4/execute/async - {"script":"<script> [1562 bytes]","args":[{"selector":{"id":"application-manageresources-display-component---newResourceUnit--PLANNED_DELIVERY_DATE","interaction":{"idSuffix":"inner"}},"wdio_ui5_key":"applicationmanageresources-display-component---newResourceUnit--PLANNED_DELIVERY_DATE"}]}
COMMAND: GET /session/329de238260d7602ed1af1352086bef4/screenshot - {}
RESULT: {"script":"<script> [1562 bytes]","args":[{"selector":{"id":"application-manageresources-display-component---newResourceUnit--PLANNED_DELIVERY_DATE","interaction":{"idSuffix":"inner"}},"wdio_ui5_key":"applicationmanageresources-display-component---newResourceUnit--PLANNED_DELIVERY_DATE"}]}
RESULT: undefined
COMMAND: POST /session/329de238260d7602ed1af1352086bef4/execute/async - {"script":"<script> [6424 bytes]","args":[{"element-6066-11e4-a52e-4f735466cecf":"f.ABBA5987F2E82E58D78C902D9EA41D2B.d.8454B3055E8E58C97BA4C084F23E6C82.e.3338"},"setValue",["5/29/25"]]}
RESULT: {}
RESULT: {"script":"<script> [6424 bytes]","args":[{"element-6066-11e4-a52e-4f735466cecf":"f.ABBA5987F2E82E58D78C902D9EA41D2B.d.8454B3055E8E58C97BA4C084F23E6C82.e.3338"},"setValue",["5/29/25"]]}
COMMAND: POST /session/329de238260d7602ed1af1352086bef4/element - {"using":"xpath","value":"//label[contains(@class, 'sapMLabelRequired') and .//bdi[contains(text(), 'Planned Retirement')]]"}
RESULT: {"using":"xpath","value":"//label[contains(@class, 'sapMLabelRequired') and .//bdi[contains(text(), 'Planned Retirement')]]"}
COMMAND: POST /session/329de238260d7602ed1af1352086bef4/elements - {"using":"xpath","value":"//label[contains(@class, 'sapMLabelRequired') and .//bdi[contains(text(), 'Planned Retirement')]]"}
RESULT: {"using":"xpath","value":"//label[contains(@class, 'sapMLabelRequired') and .//bdi[contains(text(), 'Planned Retirement')]]"}
COMMAND: POST /session/329de238260d7602ed1af1352086bef4/element - {"using":"xpath","value":"//button[@data-kt=\"resourceUnitSaveButton\"]"}
RESULT: {"using":"xpath","value":"//button[@data-kt=\"resourceUnitSaveButton\"]"}
COMMAND: POST /session/329de238260d7602ed1af1352086bef4/element/f.ABBA5987F2E82E58D78C902D9EA41D2B.d.8454B3055E8E58C97BA4C084F23E6C82.e.3298/click - {}
RESULT: {}
COMMAND: GET /session/329de238260d7602ed1af1352086bef4/screenshot - {}
RESULT: {}
COMMAND: POST /session/329de238260d7602ed1af1352086bef4/element - {"using":"xpath","value":"//bdi[contains(text(), \"Close\")]"}
RESULT: {"using":"xpath","value":"//bdi[contains(text(), \"Close\")]"}
COMMAND: POST /session/329de238260d7602ed1af1352086bef4/element/f.ABBA5987F2E82E58D78C902D9EA41D2B.d.8454B3055E8E58C97BA4C084F23E6C82.e.3522/click - {}
RESULT: {}
COMMAND: GET /session/329de238260d7602ed1af1352086bef4/screenshot - {}
RESULT: {}
COMMAND: POST /session/329de238260d7602ed1af1352086bef4/element - {"using":"xpath","value":"(//button[contains(@id ,\"actionsToolbar-overflowButton\")])[1]"}
RESULT: {"using":"xpath","value":"(//button[contains(@id ,\"actionsToolbar-overflowButton\")])[1]"}
COMMAND: POST /session/329de238260d7602ed1af1352086bef4/element/f.ABBA5987F2E82E58D78C902D9EA41D2B.d.8454B3055E8E58C97BA4C084F23E6C82.e.3554/click - {}
RESULT: {}
COMMAND: GET /session/329de238260d7602ed1af1352086bef4/screenshot - {}
RESULT: {}
COMMAND: POST /session/329de238260d7602ed1af1352086bef4/element - {"using":"xpath","value":"//button[@data-kt=\"priceInfoButton\"]"}
RESULT: {"using":"xpath","value":"//button[@data-kt=\"priceInfoButton\"]"}
COMMAND: POST /session/329de238260d7602ed1af1352086bef4/element/f.ABBA5987F2E82E58D78C902D9EA41D2B.d.8454B3055E8E58C97BA4C084F23E6C82.e.3556/click - {}
RESULT: {}
COMMAND: GET /session/329de238260d7602ed1af1352086bef4/screenshot - {}
RESULT: {}
]]></system-out>
    </testcase>
    <testcase classname="chrome.136_0_7103_93.windows.Billing_confirm_US117289" name="Should create new pricing rule" time="51.701">
      <system-out><![CDATA[
COMMAND: POST /session/329de238260d7602ed1af1352086bef4/element - {"using":"xpath","value":"//button[@data-kt=\"addButton\"]"}
RESULT: {"using":"xpath","value":"//button[@data-kt=\"addButton\"]"}
COMMAND: POST /session/329de238260d7602ed1af1352086bef4/elements - {"using":"xpath","value":"//button[@data-kt=\"addButton\"]"}
RESULT: {"using":"xpath","value":"//button[@data-kt=\"addButton\"]"}
COMMAND: POST /session/329de238260d7602ed1af1352086bef4/elements - {"using":"xpath","value":"//button[@data-kt=\"addButton\"]"}
RESULT: {"using":"xpath","value":"//button[@data-kt=\"addButton\"]"}
COMMAND: POST /session/329de238260d7602ed1af1352086bef4/element - {"using":"xpath","value":"//button[@data-kt=\"addButton\"]"}
RESULT: {"using":"xpath","value":"//button[@data-kt=\"addButton\"]"}
COMMAND: POST /session/329de238260d7602ed1af1352086bef4/execute/sync - {"script":"<script> [8489 bytes]","args":[{"element-6066-11e4-a52e-4f735466cecf":"f.ABBA5987F2E82E58D78C902D9EA41D2B.d.8454B3055E8E58C97BA4C084F23E6C82.e.3593","ELEMENT":"f.ABBA5987F2E82E58D78C902D9EA41D2B.d.8454B3055E8E58C97BA4C084F23E6C82.e.3593"}]}
RESULT: {"script":"<script> [8489 bytes]","args":[{"element-6066-11e4-a52e-4f735466cecf":"f.ABBA5987F2E82E58D78C902D9EA41D2B.d.8454B3055E8E58C97BA4C084F23E6C82.e.3593","ELEMENT":"f.ABBA5987F2E82E58D78C902D9EA41D2B.d.8454B3055E8E58C97BA4C084F23E6C82.e.3593"}]}
COMMAND: GET /session/329de238260d7602ed1af1352086bef4/element/f.ABBA5987F2E82E58D78C902D9EA41D2B.d.8454B3055E8E58C97BA4C084F23E6C82.e.3593/enabled - {}
COMMAND: GET /session/329de238260d7602ed1af1352086bef4/screenshot - {}
RESULT: {}
COMMAND: POST /session/329de238260d7602ed1af1352086bef4/execute/sync - {"script":"<script> [8489 bytes]","args":[{"element-6066-11e4-a52e-4f735466cecf":"f.ABBA5987F2E82E58D78C902D9EA41D2B.d.8454B3055E8E58C97BA4C084F23E6C82.e.3593","ELEMENT":"f.ABBA5987F2E82E58D78C902D9EA41D2B.d.8454B3055E8E58C97BA4C084F23E6C82.e.3593"}]}
COMMAND: GET /session/329de238260d7602ed1af1352086bef4/screenshot - {}
RESULT: {}
RESULT: {"script":"<script> [8489 bytes]","args":[{"element-6066-11e4-a52e-4f735466cecf":"f.ABBA5987F2E82E58D78C902D9EA41D2B.d.8454B3055E8E58C97BA4C084F23E6C82.e.3593","ELEMENT":"f.ABBA5987F2E82E58D78C902D9EA41D2B.d.8454B3055E8E58C97BA4C084F23E6C82.e.3593"}]}
COMMAND: POST /session/329de238260d7602ed1af1352086bef4/execute/sync - {"script":"<script> [5351 bytes]","args":[{"element-6066-11e4-a52e-4f735466cecf":"f.ABBA5987F2E82E58D78C902D9EA41D2B.d.8454B3055E8E58C97BA4C084F23E6C82.e.3593","ELEMENT":"f.ABBA5987F2E82E58D78C902D9EA41D2B.d.8454B3055E8E58C97BA4C084F23E6C82.e.3593"}]}
COMMAND: GET /session/329de238260d7602ed1af1352086bef4/screenshot - {}
RESULT: {}
RESULT: {"script":"<script> [5351 bytes]","args":[{"element-6066-11e4-a52e-4f735466cecf":"f.ABBA5987F2E82E58D78C902D9EA41D2B.d.8454B3055E8E58C97BA4C084F23E6C82.e.3593","ELEMENT":"f.ABBA5987F2E82E58D78C902D9EA41D2B.d.8454B3055E8E58C97BA4C084F23E6C82.e.3593"}]}
COMMAND: POST /session/329de238260d7602ed1af1352086bef4/element/f.ABBA5987F2E82E58D78C902D9EA41D2B.d.8454B3055E8E58C97BA4C084F23E6C82.e.3593/click - {}
COMMAND: GET /session/329de238260d7602ed1af1352086bef4/screenshot - {}
RESULT: {}
RESULT: {}
COMMAND: GET /session/329de238260d7602ed1af1352086bef4/screenshot - {}
RESULT: {}
RESULT: {}
COMMAND: POST /session/329de238260d7602ed1af1352086bef4/execute/async - {"script":"<script> [1562 bytes]","args":[{"selector":{"controlType":"sap.m.Title","viewName":"etm.portal.ui.managepricingrules.view.NewItem","viewId":"application-managepricingrules-display-component---newInfoPriceItem","properties":{"text":"New Pricing Rules - Item Level"}},"wdio_ui5_key":"etmportal.ui.managepricingrules.view.NewItemsap.m.Title{\"text\":\"New Pricing Rules - Item Level\"}"}]}
RESULT: {"script":"<script> [1562 bytes]","args":[{"selector":{"controlType":"sap.m.Title","viewName":"etm.portal.ui.managepricingrules.view.NewItem","viewId":"application-managepricingrules-display-component---newInfoPriceItem","properties":{"text":"New Pricing Rules - Item Level"}},"wdio_ui5_key":"etmportal.ui.managepricingrules.view.NewItemsap.m.Title{\"text\":\"New Pricing Rules - Item Level\"}"}]}
RESULT: undefined
COMMAND: POST /session/329de238260d7602ed1af1352086bef4/execute/async - {"script":"<script> [6424 bytes]","args":[{"element-6066-11e4-a52e-4f735466cecf":"f.ABBA5987F2E82E58D78C902D9EA41D2B.d.8454B3055E8E58C97BA4C084F23E6C82.e.3768"},"getText",[]]}
RESULT: {"script":"<script> [6424 bytes]","args":[{"element-6066-11e4-a52e-4f735466cecf":"f.ABBA5987F2E82E58D78C902D9EA41D2B.d.8454B3055E8E58C97BA4C084F23E6C82.e.3768"},"getText",[]]}
COMMAND: POST /session/329de238260d7602ed1af1352086bef4/execute/async - {"script":"<script> [1562 bytes]","args":[{"selector":{"id":"application-managepricingrules-display-component---newInfoPriceItem--condValidTo","interaction":{"idSuffix":"inner"}},"wdio_ui5_key":"applicationmanagepricingrules-display-component---newInfoPriceItem--condValidTo"}]}
RESULT: {"script":"<script> [1562 bytes]","args":[{"selector":{"id":"application-managepricingrules-display-component---newInfoPriceItem--condValidTo","interaction":{"idSuffix":"inner"}},"wdio_ui5_key":"applicationmanagepricingrules-display-component---newInfoPriceItem--condValidTo"}]}
RESULT: undefined
COMMAND: POST /session/329de238260d7602ed1af1352086bef4/execute/async - {"script":"<script> [776 bytes]","args":[{"enterText":"1/29/26","selector":{"id":"application-managepricingrules-display-component---newInfoPriceItem--condValidTo","interaction":{"idSuffix":"inner"}},"clearTextFirst":true,"interactionType":"ENTER_TEXT"}]}
RESULT: {"script":"<script> [776 bytes]","args":[{"enterText":"1/29/26","selector":{"id":"application-managepricingrules-display-component---newInfoPriceItem--condValidTo","interaction":{"idSuffix":"inner"}},"clearTextFirst":true,"interactionType":"ENTER_TEXT"}]}
COMMAND: POST /session/329de238260d7602ed1af1352086bef4/execute/async - {"script":"<script> [1562 bytes]","args":[{"selector":{"id":"application-managepricingrules-display-component---newInfoPriceItem--billType-arrow"},"wdio_ui5_key":"applicationmanagepricingrules-display-component---newInfoPriceItem--billType-arrow"}]}
RESULT: {"script":"<script> [1562 bytes]","args":[{"selector":{"id":"application-managepricingrules-display-component---newInfoPriceItem--billType-arrow"},"wdio_ui5_key":"applicationmanagepricingrules-display-component---newInfoPriceItem--billType-arrow"}]}
RESULT: undefined
COMMAND: POST /session/329de238260d7602ed1af1352086bef4/element - {"using":"xpath","value":"//*[@id=\"application-managepricingrules-display-component---newInfoPriceItem--billType-arrow\"]"}
RESULT: {"using":"xpath","value":"//*[@id=\"application-managepricingrules-display-component---newInfoPriceItem--billType-arrow\"]"}
COMMAND: POST /session/329de238260d7602ed1af1352086bef4/element/f.ABBA5987F2E82E58D78C902D9EA41D2B.d.8454B3055E8E58C97BA4C084F23E6C82.e.3728/click - {}
RESULT: {}
COMMAND: POST /session/329de238260d7602ed1af1352086bef4/element - {"using":"xpath","value":"//span[contains(text(), \"TB - Time based\")]"}
COMMAND: GET /session/329de238260d7602ed1af1352086bef4/screenshot - {}
RESULT: {"using":"xpath","value":"//span[contains(text(), \"TB - Time based\")]"}
COMMAND: POST /session/329de238260d7602ed1af1352086bef4/element/f.ABBA5987F2E82E58D78C902D9EA41D2B.d.8454B3055E8E58C97BA4C084F23E6C82.e.3770/click - {}
RESULT: {}
RESULT: {}
COMMAND: POST /session/329de238260d7602ed1af1352086bef4/execute/async - {"script":"<script> [1562 bytes]","args":[{"selector":{"id":"application-managepricingrules-display-component---newInfoPriceItem--priceProc-arrow"},"wdio_ui5_key":"applicationmanagepricingrules-display-component---newInfoPriceItem--priceProc-arrow"}]}
COMMAND: GET /session/329de238260d7602ed1af1352086bef4/screenshot - {}
RESULT: {"script":"<script> [1562 bytes]","args":[{"selector":{"id":"application-managepricingrules-display-component---newInfoPriceItem--priceProc-arrow"},"wdio_ui5_key":"applicationmanagepricingrules-display-component---newInfoPriceItem--priceProc-arrow"}]}
RESULT: undefined
COMMAND: POST /session/329de238260d7602ed1af1352086bef4/element - {"using":"xpath","value":"//*[@id=\"application-managepricingrules-display-component---newInfoPriceItem--priceProc-arrow\"]"}
RESULT: {}
RESULT: {"using":"xpath","value":"//*[@id=\"application-managepricingrules-display-component---newInfoPriceItem--priceProc-arrow\"]"}
COMMAND: POST /session/329de238260d7602ed1af1352086bef4/element/f.ABBA5987F2E82E58D78C902D9EA41D2B.d.8454B3055E8E58C97BA4C084F23E6C82.e.3735/click - {}
RESULT: {}
COMMAND: POST /session/329de238260d7602ed1af1352086bef4/element - {"using":"xpath","value":"//span[contains(text(), \"TBS - Time based standard\")]"}
COMMAND: GET /session/329de238260d7602ed1af1352086bef4/screenshot - {}
RESULT: {"using":"xpath","value":"//span[contains(text(), \"TBS - Time based standard\")]"}
COMMAND: POST /session/329de238260d7602ed1af1352086bef4/element/f.ABBA5987F2E82E58D78C902D9EA41D2B.d.8454B3055E8E58C97BA4C084F23E6C82.e.3771/click - {}
RESULT: {}
RESULT: {}
COMMAND: POST /session/329de238260d7602ed1af1352086bef4/execute/async - {"script":"<script> [1562 bytes]","args":[{"selector":{"id":"application-managepricingrules-display-component---newInfoPriceItem--calcBase-arrow"},"wdio_ui5_key":"applicationmanagepricingrules-display-component---newInfoPriceItem--calcBase-arrow"}]}
COMMAND: GET /session/329de238260d7602ed1af1352086bef4/screenshot - {}
RESULT: {"script":"<script> [1562 bytes]","args":[{"selector":{"id":"application-managepricingrules-display-component---newInfoPriceItem--calcBase-arrow"},"wdio_ui5_key":"applicationmanagepricingrules-display-component---newInfoPriceItem--calcBase-arrow"}]}
RESULT: undefined
COMMAND: POST /session/329de238260d7602ed1af1352086bef4/element - {"using":"xpath","value":"//*[@id=\"application-managepricingrules-display-component---newInfoPriceItem--calcBase-arrow\"]"}
RESULT: {}
RESULT: {"using":"xpath","value":"//*[@id=\"application-managepricingrules-display-component---newInfoPriceItem--calcBase-arrow\"]"}
COMMAND: POST /session/329de238260d7602ed1af1352086bef4/element/f.ABBA5987F2E82E58D78C902D9EA41D2B.d.8454B3055E8E58C97BA4C084F23E6C82.e.3742/click - {}
RESULT: {}
COMMAND: GET /session/329de238260d7602ed1af1352086bef4/screenshot - {}
RESULT: {}
COMMAND: POST /session/329de238260d7602ed1af1352086bef4/element - {"using":"xpath","value":"//span[contains(text(), \"0006 - TB(calendar days)\")]"}
RESULT: {"using":"xpath","value":"//span[contains(text(), \"0006 - TB(calendar days)\")]"}
COMMAND: POST /session/329de238260d7602ed1af1352086bef4/element/f.ABBA5987F2E82E58D78C902D9EA41D2B.d.8454B3055E8E58C97BA4C084F23E6C82.e.3772/click - {}
RESULT: {}
COMMAND: GET /session/329de238260d7602ed1af1352086bef4/screenshot - {}
RESULT: {}
COMMAND: POST /session/329de238260d7602ed1af1352086bef4/execute/async - {"script":"<script> [1562 bytes]","args":[{"selector":{"id":"application-managepricingrules-display-component---newInfoPriceItem--daysMonth","interaction":{"idSuffix":"inner"}},"wdio_ui5_key":"applicationmanagepricingrules-display-component---newInfoPriceItem--daysMonth"}]}
RESULT: {"script":"<script> [1562 bytes]","args":[{"selector":{"id":"application-managepricingrules-display-component---newInfoPriceItem--daysMonth","interaction":{"idSuffix":"inner"}},"wdio_ui5_key":"applicationmanagepricingrules-display-component---newInfoPriceItem--daysMonth"}]}
RESULT: undefined
COMMAND: POST /session/329de238260d7602ed1af1352086bef4/execute/async - {"script":"<script> [776 bytes]","args":[{"enterText":"30","selector":{"id":"application-managepricingrules-display-component---newInfoPriceItem--daysMonth","interaction":{"idSuffix":"inner"}},"clearTextFirst":true,"interactionType":"ENTER_TEXT"}]}
RESULT: {"script":"<script> [776 bytes]","args":[{"enterText":"30","selector":{"id":"application-managepricingrules-display-component---newInfoPriceItem--daysMonth","interaction":{"idSuffix":"inner"}},"clearTextFirst":true,"interactionType":"ENTER_TEXT"}]}
COMMAND: POST /session/329de238260d7602ed1af1352086bef4/element - {"using":"xpath","value":"//button[@data-kt=\"saveNewRuleButton\"]"}
RESULT: {"using":"xpath","value":"//button[@data-kt=\"saveNewRuleButton\"]"}
COMMAND: POST /session/329de238260d7602ed1af1352086bef4/element/f.ABBA5987F2E82E58D78C902D9EA41D2B.d.8454B3055E8E58C97BA4C084F23E6C82.e.3762/click - {}
RESULT: {}
COMMAND: GET /session/329de238260d7602ed1af1352086bef4/screenshot - {}
RESULT: {}
COMMAND: POST /session/329de238260d7602ed1af1352086bef4/execute/async - {"script":"<script> [1562 bytes]","args":[{"selector":{"id":"application-managepricingrules-display-component---priceInfoItem--smartFilterBar-btnBasicSearch","interaction":{"idSuffix":"I"}},"wdio_ui5_key":"applicationmanagepricingrules-display-component---priceInfoItem--smartFilterBar-btnBasicSearch"}]}
RESULT: {"script":"<script> [1562 bytes]","args":[{"selector":{"id":"application-managepricingrules-display-component---priceInfoItem--smartFilterBar-btnBasicSearch","interaction":{"idSuffix":"I"}},"wdio_ui5_key":"applicationmanagepricingrules-display-component---priceInfoItem--smartFilterBar-btnBasicSearch"}]}
RESULT: undefined
COMMAND: POST /session/329de238260d7602ed1af1352086bef4/execute/async - {"script":"<script> [776 bytes]","args":[{"enterText":"joVBfPH7dP","selector":{"id":"application-managepricingrules-display-component---priceInfoItem--smartFilterBar-btnBasicSearch","interaction":{"idSuffix":"I"}},"clearTextFirst":true,"interactionType":"ENTER_TEXT"}]}
RESULT: {"script":"<script> [776 bytes]","args":[{"enterText":"joVBfPH7dP","selector":{"id":"application-managepricingrules-display-component---priceInfoItem--smartFilterBar-btnBasicSearch","interaction":{"idSuffix":"I"}},"clearTextFirst":true,"interactionType":"ENTER_TEXT"}]}
COMMAND: POST /session/329de238260d7602ed1af1352086bef4/actions - {"actions":[{"id":"action13","type":"key","parameters":{},"actions":[{"type":"keyDown","value":""},{"type":"pause","duration":10},{"type":"keyUp","value":""}]}]}
RESULT: {"actions":[{"id":"action13","type":"key","parameters":{},"actions":[{"type":"keyDown","value":""},{"type":"pause","duration":10},{"type":"keyUp","value":""}]}]}
COMMAND: GET /session/329de238260d7602ed1af1352086bef4/screenshot - {}
RESULT: {}
COMMAND: POST /session/329de238260d7602ed1af1352086bef4/element - {"using":"xpath","value":"//span[@id=\"application-managepricingrules-display-component---priceInfoItem--smartTable-header-inner\"]"}
RESULT: {"using":"xpath","value":"//span[@id=\"application-managepricingrules-display-component---priceInfoItem--smartTable-header-inner\"]"}
COMMAND: POST /session/329de238260d7602ed1af1352086bef4/elements - {"using":"xpath","value":"//span[@id=\"application-managepricingrules-display-component---priceInfoItem--smartTable-header-inner\"]"}
RESULT: {"using":"xpath","value":"//span[@id=\"application-managepricingrules-display-component---priceInfoItem--smartTable-header-inner\"]"}
COMMAND: POST /session/329de238260d7602ed1af1352086bef4/execute/sync - {"script":"<script> [56 bytes]","args":[{"element-6066-11e4-a52e-4f735466cecf":"f.ABBA5987F2E82E58D78C902D9EA41D2B.d.8454B3055E8E58C97BA4C084F23E6C82.e.3786","ELEMENT":"f.ABBA5987F2E82E58D78C902D9EA41D2B.d.8454B3055E8E58C97BA4C084F23E6C82.e.3786"}]}
RESULT: {"script":"<script> [56 bytes]","args":[{"element-6066-11e4-a52e-4f735466cecf":"f.ABBA5987F2E82E58D78C902D9EA41D2B.d.8454B3055E8E58C97BA4C084F23E6C82.e.3786","ELEMENT":"f.ABBA5987F2E82E58D78C902D9EA41D2B.d.8454B3055E8E58C97BA4C084F23E6C82.e.3786"}]}
COMMAND: POST /session/329de238260d7602ed1af1352086bef4/element - {"using":"css selector","value":"#shell-header-logo"}
COMMAND: GET /session/329de238260d7602ed1af1352086bef4/screenshot - {}
RESULT: {"using":"css selector","value":"#shell-header-logo"}
COMMAND: POST /session/329de238260d7602ed1af1352086bef4/element/f.ABBA5987F2E82E58D78C902D9EA41D2B.d.8454B3055E8E58C97BA4C084F23E6C82.e.2881/click - {}
RESULT: {}
RESULT: {}
COMMAND: GET /session/329de238260d7602ed1af1352086bef4/screenshot - {}
RESULT: {}
]]></system-out>
    </testcase>
    <testcase classname="chrome.136_0_7103_93.windows.Billing_confirm_US117289" name="Should create new condition for equipment" time="64.715">
      <system-out><![CDATA[
COMMAND: POST /session/329de238260d7602ed1af1352086bef4/execute/async - {"script":"<script> [1562 bytes]","args":[{"selector":{"controlType":"sap.m.GenericTile","properties":{"header":"Manage Conditions & Prices"}},"wdio_ui5_key":"sapm.GenericTile{\"header\":\"Manage Conditions & Prices\"}"}]}
RESULT: {"script":"<script> [1562 bytes]","args":[{"selector":{"controlType":"sap.m.GenericTile","properties":{"header":"Manage Conditions & Prices"}},"wdio_ui5_key":"sapm.GenericTile{\"header\":\"Manage Conditions & Prices\"}"}]}
RESULT: undefined
COMMAND: POST /session/329de238260d7602ed1af1352086bef4/element - {"using":"xpath","value":"//*[@id=\"__tile93\"]"}
RESULT: {"using":"xpath","value":"//*[@id=\"__tile93\"]"}
COMMAND: POST /session/329de238260d7602ed1af1352086bef4/element/f.ABBA5987F2E82E58D78C902D9EA41D2B.d.8454B3055E8E58C97BA4C084F23E6C82.e.2865/click - {}
RESULT: {}
COMMAND: GET /session/329de238260d7602ed1af1352086bef4/screenshot - {}
RESULT: {}
COMMAND: POST /session/329de238260d7602ed1af1352086bef4/elements - {"using":"xpath","value":"//span[text()='Error']"}
RESULT: {"using":"xpath","value":"//span[text()='Error']"}
COMMAND: POST /session/329de238260d7602ed1af1352086bef4/element - {"using":"xpath","value":"//button[@aria-label=\"Create\"]"}
RESULT: {"using":"xpath","value":"//button[@aria-label=\"Create\"]"}
COMMAND: POST /session/329de238260d7602ed1af1352086bef4/elements - {"using":"xpath","value":"//button[@aria-label=\"Create\"]"}
RESULT: {"using":"xpath","value":"//button[@aria-label=\"Create\"]"}
COMMAND: POST /session/329de238260d7602ed1af1352086bef4/execute/sync - {"script":"<script> [8489 bytes]","args":[{"element-6066-11e4-a52e-4f735466cecf":"f.ABBA5987F2E82E58D78C902D9EA41D2B.d.8454B3055E8E58C97BA4C084F23E6C82.e.3822","ELEMENT":"f.ABBA5987F2E82E58D78C902D9EA41D2B.d.8454B3055E8E58C97BA4C084F23E6C82.e.3822"}]}
RESULT: {"script":"<script> [8489 bytes]","args":[{"element-6066-11e4-a52e-4f735466cecf":"f.ABBA5987F2E82E58D78C902D9EA41D2B.d.8454B3055E8E58C97BA4C084F23E6C82.e.3822","ELEMENT":"f.ABBA5987F2E82E58D78C902D9EA41D2B.d.8454B3055E8E58C97BA4C084F23E6C82.e.3822"}]}
COMMAND: GET /session/329de238260d7602ed1af1352086bef4/element/f.ABBA5987F2E82E58D78C902D9EA41D2B.d.8454B3055E8E58C97BA4C084F23E6C82.e.3822/enabled - {}
COMMAND: GET /session/329de238260d7602ed1af1352086bef4/screenshot - {}
RESULT: {}
COMMAND: POST /session/329de238260d7602ed1af1352086bef4/execute/sync - {"script":"<script> [8489 bytes]","args":[{"element-6066-11e4-a52e-4f735466cecf":"f.ABBA5987F2E82E58D78C902D9EA41D2B.d.8454B3055E8E58C97BA4C084F23E6C82.e.3822","ELEMENT":"f.ABBA5987F2E82E58D78C902D9EA41D2B.d.8454B3055E8E58C97BA4C084F23E6C82.e.3822"}]}
COMMAND: GET /session/329de238260d7602ed1af1352086bef4/screenshot - {}
RESULT: {}
RESULT: {"script":"<script> [8489 bytes]","args":[{"element-6066-11e4-a52e-4f735466cecf":"f.ABBA5987F2E82E58D78C902D9EA41D2B.d.8454B3055E8E58C97BA4C084F23E6C82.e.3822","ELEMENT":"f.ABBA5987F2E82E58D78C902D9EA41D2B.d.8454B3055E8E58C97BA4C084F23E6C82.e.3822"}]}
COMMAND: POST /session/329de238260d7602ed1af1352086bef4/execute/sync - {"script":"<script> [5351 bytes]","args":[{"element-6066-11e4-a52e-4f735466cecf":"f.ABBA5987F2E82E58D78C902D9EA41D2B.d.8454B3055E8E58C97BA4C084F23E6C82.e.3822","ELEMENT":"f.ABBA5987F2E82E58D78C902D9EA41D2B.d.8454B3055E8E58C97BA4C084F23E6C82.e.3822"}]}
COMMAND: GET /session/329de238260d7602ed1af1352086bef4/screenshot - {}
RESULT: {}
RESULT: {"script":"<script> [5351 bytes]","args":[{"element-6066-11e4-a52e-4f735466cecf":"f.ABBA5987F2E82E58D78C902D9EA41D2B.d.8454B3055E8E58C97BA4C084F23E6C82.e.3822","ELEMENT":"f.ABBA5987F2E82E58D78C902D9EA41D2B.d.8454B3055E8E58C97BA4C084F23E6C82.e.3822"}]}
COMMAND: POST /session/329de238260d7602ed1af1352086bef4/element/f.ABBA5987F2E82E58D78C902D9EA41D2B.d.8454B3055E8E58C97BA4C084F23E6C82.e.3822/click - {}
COMMAND: GET /session/329de238260d7602ed1af1352086bef4/screenshot - {}
RESULT: {}
RESULT: {}
COMMAND: GET /session/329de238260d7602ed1af1352086bef4/screenshot - {}
RESULT: {}
RESULT: {}
COMMAND: POST /session/329de238260d7602ed1af1352086bef4/actions - {"actions":[{"id":"action14","type":"key","parameters":{},"actions":[{"type":"keyDown","value":""},{"type":"pause","duration":10},{"type":"keyUp","value":""}]}]}
RESULT: {"actions":[{"id":"action14","type":"key","parameters":{},"actions":[{"type":"keyDown","value":""},{"type":"pause","duration":10},{"type":"keyUp","value":""}]}]}
COMMAND: GET /session/329de238260d7602ed1af1352086bef4/screenshot - {}
RESULT: {}
COMMAND: POST /session/329de238260d7602ed1af1352086bef4/execute/async - {"script":"<script> [1562 bytes]","args":[{"selector":{"id":"application-manageconditionprice-display-component---newCondition--condBillCond-arrow"},"wdio_ui5_key":"applicationmanageconditionprice-display-component---newCondition--condBillCond-arrow"}]}
RESULT: {"script":"<script> [1562 bytes]","args":[{"selector":{"id":"application-manageconditionprice-display-component---newCondition--condBillCond-arrow"},"wdio_ui5_key":"applicationmanageconditionprice-display-component---newCondition--condBillCond-arrow"}]}
RESULT: undefined
COMMAND: POST /session/329de238260d7602ed1af1352086bef4/element - {"using":"xpath","value":"//*[@id=\"application-manageconditionprice-display-component---newCondition--condBillCond-arrow\"]"}
RESULT: {"using":"xpath","value":"//*[@id=\"application-manageconditionprice-display-component---newCondition--condBillCond-arrow\"]"}
COMMAND: POST /session/329de238260d7602ed1af1352086bef4/element/f.ABBA5987F2E82E58D78C902D9EA41D2B.d.8454B3055E8E58C97BA4C084F23E6C82.e.4000/click - {}
RESULT: {}
COMMAND: GET /session/329de238260d7602ed1af1352086bef4/screenshot - {}
RESULT: {}
COMMAND: POST /session/329de238260d7602ed1af1352086bef4/element - {"using":"xpath","value":"//li[.//span[contains(text(), \"DISP - D&I special price\")]]"}
RESULT: {"using":"xpath","value":"//li[.//span[contains(text(), \"DISP - D&I special price\")]]"}
COMMAND: POST /session/329de238260d7602ed1af1352086bef4/element/f.ABBA5987F2E82E58D78C902D9EA41D2B.d.8454B3055E8E58C97BA4C084F23E6C82.e.4004/click - {}
RESULT: {}
COMMAND: GET /session/329de238260d7602ed1af1352086bef4/screenshot - {}
RESULT: {}
COMMAND: POST /session/329de238260d7602ed1af1352086bef4/execute/async - {"script":"<script> [1562 bytes]","args":[{"selector":{"id":"application-manageconditionprice-display-component---newCondition--condValidTo","interaction":{"idSuffix":"inner"}},"wdio_ui5_key":"applicationmanageconditionprice-display-component---newCondition--condValidTo"}]}
RESULT: {"script":"<script> [1562 bytes]","args":[{"selector":{"id":"application-manageconditionprice-display-component---newCondition--condValidTo","interaction":{"idSuffix":"inner"}},"wdio_ui5_key":"applicationmanageconditionprice-display-component---newCondition--condValidTo"}]}
RESULT: undefined
COMMAND: POST /session/329de238260d7602ed1af1352086bef4/execute/async - {"script":"<script> [776 bytes]","args":[{"enterText":"1/29/26","selector":{"id":"application-manageconditionprice-display-component---newCondition--condValidTo","interaction":{"idSuffix":"inner"}},"clearTextFirst":true,"interactionType":"ENTER_TEXT"}]}
RESULT: {"script":"<script> [776 bytes]","args":[{"enterText":"1/29/26","selector":{"id":"application-manageconditionprice-display-component---newCondition--condValidTo","interaction":{"idSuffix":"inner"}},"clearTextFirst":true,"interactionType":"ENTER_TEXT"}]}
COMMAND: POST /session/329de238260d7602ed1af1352086bef4/element - {"using":"xpath","value":"//input[@id=\"application-manageconditionprice-display-component---newCondition--condRU-inner\"]"}
RESULT: {"using":"xpath","value":"//input[@id=\"application-manageconditionprice-display-component---newCondition--condRU-inner\"]"}
COMMAND: POST /session/329de238260d7602ed1af1352086bef4/element/f.ABBA5987F2E82E58D78C902D9EA41D2B.d.8454B3055E8E58C97BA4C084F23E6C82.e.3838/clear - {}
RESULT: {}
COMMAND: POST /session/329de238260d7602ed1af1352086bef4/element/f.ABBA5987F2E82E58D78C902D9EA41D2B.d.8454B3055E8E58C97BA4C084F23E6C82.e.3838/value - {"text":"joVBfPH7dP"}
COMMAND: GET /session/329de238260d7602ed1af1352086bef4/screenshot - {}
RESULT: {"text":"joVBfPH7dP"}
COMMAND: GET /session/329de238260d7602ed1af1352086bef4/screenshot - {}
RESULT: {}
RESULT: {}
COMMAND: POST /session/329de238260d7602ed1af1352086bef4/actions - {"actions":[{"id":"action15","type":"key","parameters":{},"actions":[{"type":"keyDown","value":""},{"type":"pause","duration":10},{"type":"keyUp","value":""}]}]}
RESULT: {"actions":[{"id":"action15","type":"key","parameters":{},"actions":[{"type":"keyDown","value":""},{"type":"pause","duration":10},{"type":"keyUp","value":""}]}]}
COMMAND: POST /session/329de238260d7602ed1af1352086bef4/execute/async - {"script":"<script> [1562 bytes]","args":[{"selector":{"id":"application-manageconditionprice-display-component---newCondition--condBaseQty","interaction":{"idSuffix":"inner"}},"wdio_ui5_key":"applicationmanageconditionprice-display-component---newCondition--condBaseQty"}]}
COMMAND: GET /session/329de238260d7602ed1af1352086bef4/screenshot - {}
RESULT: {"script":"<script> [1562 bytes]","args":[{"selector":{"id":"application-manageconditionprice-display-component---newCondition--condBaseQty","interaction":{"idSuffix":"inner"}},"wdio_ui5_key":"applicationmanageconditionprice-display-component---newCondition--condBaseQty"}]}
RESULT: undefined
COMMAND: POST /session/329de238260d7602ed1af1352086bef4/execute/async - {"script":"<script> [776 bytes]","args":[{"enterText":"1","selector":{"id":"application-manageconditionprice-display-component---newCondition--condBaseQty","interaction":{"idSuffix":"inner"}},"clearTextFirst":true,"interactionType":"ENTER_TEXT"}]}
RESULT: {}
RESULT: {"script":"<script> [776 bytes]","args":[{"enterText":"1","selector":{"id":"application-manageconditionprice-display-component---newCondition--condBaseQty","interaction":{"idSuffix":"inner"}},"clearTextFirst":true,"interactionType":"ENTER_TEXT"}]}
COMMAND: POST /session/329de238260d7602ed1af1352086bef4/execute/async - {"script":"<script> [1562 bytes]","args":[{"selector":{"id":"application-manageconditionprice-display-component---newCondition--condValue","interaction":{"idSuffix":"inner"}},"wdio_ui5_key":"applicationmanageconditionprice-display-component---newCondition--condValue"}]}
RESULT: {"script":"<script> [1562 bytes]","args":[{"selector":{"id":"application-manageconditionprice-display-component---newCondition--condValue","interaction":{"idSuffix":"inner"}},"wdio_ui5_key":"applicationmanageconditionprice-display-component---newCondition--condValue"}]}
RESULT: undefined
COMMAND: POST /session/329de238260d7602ed1af1352086bef4/execute/async - {"script":"<script> [776 bytes]","args":[{"enterText":"100","selector":{"id":"application-manageconditionprice-display-component---newCondition--condValue","interaction":{"idSuffix":"inner"}},"clearTextFirst":true,"interactionType":"ENTER_TEXT"}]}
RESULT: {"script":"<script> [776 bytes]","args":[{"enterText":"100","selector":{"id":"application-manageconditionprice-display-component---newCondition--condValue","interaction":{"idSuffix":"inner"}},"clearTextFirst":true,"interactionType":"ENTER_TEXT"}]}
COMMAND: POST /session/329de238260d7602ed1af1352086bef4/execute/async - {"script":"<script> [1562 bytes]","args":[{"selector":{"id":"application-manageconditionprice-display-component---newCondition--condCurr-arrow"},"wdio_ui5_key":"applicationmanageconditionprice-display-component---newCondition--condCurr-arrow"}]}
RESULT: {"script":"<script> [1562 bytes]","args":[{"selector":{"id":"application-manageconditionprice-display-component---newCondition--condCurr-arrow"},"wdio_ui5_key":"applicationmanageconditionprice-display-component---newCondition--condCurr-arrow"}]}
RESULT: undefined
COMMAND: POST /session/329de238260d7602ed1af1352086bef4/element - {"using":"xpath","value":"//*[@id=\"application-manageconditionprice-display-component---newCondition--condCurr-arrow\"]"}
RESULT: {"using":"xpath","value":"//*[@id=\"application-manageconditionprice-display-component---newCondition--condCurr-arrow\"]"}
COMMAND: POST /session/329de238260d7602ed1af1352086bef4/element/f.ABBA5987F2E82E58D78C902D9EA41D2B.d.8454B3055E8E58C97BA4C084F23E6C82.e.3987/click - {}
RESULT: {}
COMMAND: POST /session/329de238260d7602ed1af1352086bef4/element - {"using":"xpath","value":"//span[contains(text(), \"Euro\")]"}
COMMAND: GET /session/329de238260d7602ed1af1352086bef4/screenshot - {}
RESULT: {"using":"xpath","value":"//span[contains(text(), \"Euro\")]"}
COMMAND: POST /session/329de238260d7602ed1af1352086bef4/element/f.ABBA5987F2E82E58D78C902D9EA41D2B.d.8454B3055E8E58C97BA4C084F23E6C82.e.4041/click - {}
RESULT: {}
RESULT: {}
COMMAND: POST /session/329de238260d7602ed1af1352086bef4/element - {"using":"xpath","value":"//button[@data-kt=\"saveButton\"]"}
COMMAND: GET /session/329de238260d7602ed1af1352086bef4/screenshot - {}
RESULT: {"using":"xpath","value":"//button[@data-kt=\"saveButton\"]"}
COMMAND: POST /session/329de238260d7602ed1af1352086bef4/element/f.ABBA5987F2E82E58D78C902D9EA41D2B.d.8454B3055E8E58C97BA4C084F23E6C82.e.3988/click - {}
RESULT: {}
RESULT: {}
COMMAND: GET /session/329de238260d7602ed1af1352086bef4/screenshot - {}
RESULT: {}
COMMAND: POST /session/329de238260d7602ed1af1352086bef4/execute/async - {"script":"<script> [1562 bytes]","args":[{"selector":{"id":"application-manageconditionprice-display-component---conditions--smartFilterBar-btnBasicSearch","interaction":{"idSuffix":"I"}},"wdio_ui5_key":"applicationmanageconditionprice-display-component---conditions--smartFilterBar-btnBasicSearch"}]}
RESULT: {"script":"<script> [1562 bytes]","args":[{"selector":{"id":"application-manageconditionprice-display-component---conditions--smartFilterBar-btnBasicSearch","interaction":{"idSuffix":"I"}},"wdio_ui5_key":"applicationmanageconditionprice-display-component---conditions--smartFilterBar-btnBasicSearch"}]}
RESULT: undefined
COMMAND: POST /session/329de238260d7602ed1af1352086bef4/execute/async - {"script":"<script> [776 bytes]","args":[{"enterText":"joVBfPH7dP","selector":{"id":"application-manageconditionprice-display-component---conditions--smartFilterBar-btnBasicSearch","interaction":{"idSuffix":"I"}},"clearTextFirst":true,"interactionType":"ENTER_TEXT"}]}
RESULT: {"script":"<script> [776 bytes]","args":[{"enterText":"joVBfPH7dP","selector":{"id":"application-manageconditionprice-display-component---conditions--smartFilterBar-btnBasicSearch","interaction":{"idSuffix":"I"}},"clearTextFirst":true,"interactionType":"ENTER_TEXT"}]}
COMMAND: POST /session/329de238260d7602ed1af1352086bef4/actions - {"actions":[{"id":"action16","type":"key","parameters":{},"actions":[{"type":"keyDown","value":""},{"type":"pause","duration":10},{"type":"keyUp","value":""}]}]}
RESULT: {"actions":[{"id":"action16","type":"key","parameters":{},"actions":[{"type":"keyDown","value":""},{"type":"pause","duration":10},{"type":"keyUp","value":""}]}]}
COMMAND: GET /session/329de238260d7602ed1af1352086bef4/screenshot - {}
RESULT: {}
COMMAND: POST /session/329de238260d7602ed1af1352086bef4/execute/async - {"script":"<script> [1562 bytes]","args":[{"selector":{"id":"application-manageconditionprice-display-component---conditions--smartFilterBar-filterItemControl_BASIC-BILL_TYPES-vhi"},"wdio_ui5_key":"applicationmanageconditionprice-display-component---conditions--smartFilterBar-filterItemControl_BASIC-BILL_TYPES-vhi"}]}
RESULT: {"script":"<script> [1562 bytes]","args":[{"selector":{"id":"application-manageconditionprice-display-component---conditions--smartFilterBar-filterItemControl_BASIC-BILL_TYPES-vhi"},"wdio_ui5_key":"applicationmanageconditionprice-display-component---conditions--smartFilterBar-filterItemControl_BASIC-BILL_TYPES-vhi"}]}
RESULT: undefined
COMMAND: POST /session/329de238260d7602ed1af1352086bef4/element - {"using":"xpath","value":"//*[@id=\"application-manageconditionprice-display-component---conditions--smartFilterBar-filterItemControl_BASIC-BILL_TYPES-vhi\"]"}
RESULT: {"using":"xpath","value":"//*[@id=\"application-manageconditionprice-display-component---conditions--smartFilterBar-filterItemControl_BASIC-BILL_TYPES-vhi\"]"}
COMMAND: POST /session/329de238260d7602ed1af1352086bef4/element/f.ABBA5987F2E82E58D78C902D9EA41D2B.d.8454B3055E8E58C97BA4C084F23E6C82.e.4058/click - {}
RESULT: {}
COMMAND: POST /session/329de238260d7602ed1af1352086bef4/execute/async - {"script":"<script> [1562 bytes]","args":[{"selector":{"id":"application-manageconditionprice-display-component---conditions--smartFilterBar-filterItemControl_BASIC-BILL_TYPES-valueHelpDialog-smartFilterBar-btnBasicSearch","searchOpenDialogs":true,"interaction":{"idSuffix":"I"}},"wdio_ui5_key":"applicationmanageconditionprice-display-component---conditions--smartFilterBar-filterItemControl_BASIC-BILL_TYPES-valueHelpDialog-smartFilterBar-btnBasicSearch"}]}
COMMAND: GET /session/329de238260d7602ed1af1352086bef4/screenshot - {}
RESULT: {"script":"<script> [1562 bytes]","args":[{"selector":{"id":"application-manageconditionprice-display-component---conditions--smartFilterBar-filterItemControl_BASIC-BILL_TYPES-valueHelpDialog-smartFilterBar-btnBasicSearch","searchOpenDialogs":true,"interaction":{"idSuffix":"I"}},"wdio_ui5_key":"applicationmanageconditionprice-display-component---conditions--smartFilterBar-filterItemControl_BASIC-BILL_TYPES-valueHelpDialog-smartFilterBar-btnBasicSearch"}]}
RESULT: undefined
COMMAND: POST /session/329de238260d7602ed1af1352086bef4/execute/async - {"script":"<script> [776 bytes]","args":[{"enterText":"TB","selector":{"id":"application-manageconditionprice-display-component---conditions--smartFilterBar-filterItemControl_BASIC-BILL_TYPES-valueHelpDialog-smartFilterBar-btnBasicSearch","searchOpenDialogs":true,"interaction":{"idSuffix":"I"}},"clearTextFirst":true,"interactionType":"ENTER_TEXT"}]}
RESULT: {}
RESULT: {"script":"<script> [776 bytes]","args":[{"enterText":"TB","selector":{"id":"application-manageconditionprice-display-component---conditions--smartFilterBar-filterItemControl_BASIC-BILL_TYPES-valueHelpDialog-smartFilterBar-btnBasicSearch","searchOpenDialogs":true,"interaction":{"idSuffix":"I"}},"clearTextFirst":true,"interactionType":"ENTER_TEXT"}]}
COMMAND: POST /session/329de238260d7602ed1af1352086bef4/actions - {"actions":[{"id":"action17","type":"key","parameters":{},"actions":[{"type":"keyDown","value":""},{"type":"pause","duration":10},{"type":"keyUp","value":""}]}]}
RESULT: {"actions":[{"id":"action17","type":"key","parameters":{},"actions":[{"type":"keyDown","value":""},{"type":"pause","duration":10},{"type":"keyUp","value":""}]}]}
COMMAND: GET /session/329de238260d7602ed1af1352086bef4/screenshot - {}
RESULT: {}
COMMAND: POST /session/329de238260d7602ed1af1352086bef4/element - {"using":"xpath","value":"//div[contains(@id, 'application-manageconditionprice-display-component---conditions--smartFilterBar-filterItemControl_BASIC-BILL_TYPES-valueHelpDialog-table-rowsel0')]"}
RESULT: {"using":"xpath","value":"//div[contains(@id, 'application-manageconditionprice-display-component---conditions--smartFilterBar-filterItemControl_BASIC-BILL_TYPES-valueHelpDialog-table-rowsel0')]"}
COMMAND: POST /session/329de238260d7602ed1af1352086bef4/element/f.ABBA5987F2E82E58D78C902D9EA41D2B.d.8454B3055E8E58C97BA4C084F23E6C82.e.4066/click - {}
RESULT: {}
COMMAND: GET /session/329de238260d7602ed1af1352086bef4/screenshot - {}
RESULT: {}
COMMAND: POST /session/329de238260d7602ed1af1352086bef4/element - {"using":"xpath","value":"//bdi[contains(text(), \"OK\")]"}
RESULT: {"using":"xpath","value":"//bdi[contains(text(), \"OK\")]"}
COMMAND: POST /session/329de238260d7602ed1af1352086bef4/element/f.ABBA5987F2E82E58D78C902D9EA41D2B.d.8454B3055E8E58C97BA4C084F23E6C82.e.4068/click - {}
RESULT: {}
COMMAND: GET /session/329de238260d7602ed1af1352086bef4/screenshot - {}
RESULT: {}
COMMAND: POST /session/329de238260d7602ed1af1352086bef4/element - {"using":"xpath","value":"//span[@id=\"application-manageconditionprice-display-component---conditions--smartTable-header-inner\"]"}
RESULT: {"using":"xpath","value":"//span[@id=\"application-manageconditionprice-display-component---conditions--smartTable-header-inner\"]"}
COMMAND: POST /session/329de238260d7602ed1af1352086bef4/elements - {"using":"xpath","value":"//span[@id=\"application-manageconditionprice-display-component---conditions--smartTable-header-inner\"]"}
RESULT: {"using":"xpath","value":"//span[@id=\"application-manageconditionprice-display-component---conditions--smartTable-header-inner\"]"}
COMMAND: POST /session/329de238260d7602ed1af1352086bef4/execute/sync - {"script":"<script> [56 bytes]","args":[{"element-6066-11e4-a52e-4f735466cecf":"f.ABBA5987F2E82E58D78C902D9EA41D2B.d.8454B3055E8E58C97BA4C084F23E6C82.e.4071","ELEMENT":"f.ABBA5987F2E82E58D78C902D9EA41D2B.d.8454B3055E8E58C97BA4C084F23E6C82.e.4071"}]}
RESULT: {"script":"<script> [56 bytes]","args":[{"element-6066-11e4-a52e-4f735466cecf":"f.ABBA5987F2E82E58D78C902D9EA41D2B.d.8454B3055E8E58C97BA4C084F23E6C82.e.4071","ELEMENT":"f.ABBA5987F2E82E58D78C902D9EA41D2B.d.8454B3055E8E58C97BA4C084F23E6C82.e.4071"}]}
COMMAND: POST /session/329de238260d7602ed1af1352086bef4/element - {"using":"css selector","value":"#shell-header-logo"}
COMMAND: GET /session/329de238260d7602ed1af1352086bef4/screenshot - {}
RESULT: {"using":"css selector","value":"#shell-header-logo"}
COMMAND: POST /session/329de238260d7602ed1af1352086bef4/element/f.ABBA5987F2E82E58D78C902D9EA41D2B.d.8454B3055E8E58C97BA4C084F23E6C82.e.3790/click - {}
RESULT: {}
RESULT: {}
COMMAND: GET /session/329de238260d7602ed1af1352086bef4/screenshot - {}
RESULT: {}
]]></system-out>
    </testcase>
    <testcase classname="chrome.136_0_7103_93.windows.Billing_confirm_US117289" name="Should do a stock increase" time="86.253">
      <system-out><![CDATA[
COMMAND: POST /session/329de238260d7602ed1af1352086bef4/execute/async - {"script":"<script> [1562 bytes]","args":[{"selector":{"controlType":"sap.m.GenericTile","properties":{"header":"Manage Handovers"}},"wdio_ui5_key":"sapm.GenericTile{\"header\":\"Manage Handovers\"}"}]}
RESULT: {"script":"<script> [1562 bytes]","args":[{"selector":{"controlType":"sap.m.GenericTile","properties":{"header":"Manage Handovers"}},"wdio_ui5_key":"sapm.GenericTile{\"header\":\"Manage Handovers\"}"}]}
RESULT: undefined
COMMAND: POST /session/329de238260d7602ed1af1352086bef4/element - {"using":"xpath","value":"//*[@id=\"__tile131\"]"}
RESULT: {"using":"xpath","value":"//*[@id=\"__tile131\"]"}
COMMAND: POST /session/329de238260d7602ed1af1352086bef4/element/f.ABBA5987F2E82E58D78C902D9EA41D2B.d.8454B3055E8E58C97BA4C084F23E6C82.e.2829/click - {}
RESULT: {}
COMMAND: GET /session/329de238260d7602ed1af1352086bef4/screenshot - {}
RESULT: {}
COMMAND: POST /session/329de238260d7602ed1af1352086bef4/elements - {"using":"xpath","value":"//span[text()='Error']"}
RESULT: {"using":"xpath","value":"//span[text()='Error']"}
COMMAND: POST /session/329de238260d7602ed1af1352086bef4/element - {"using":"xpath","value":"//button[@data-kt=\"masterHOAddButton\"]"}
RESULT: {"using":"xpath","value":"//button[@data-kt=\"masterHOAddButton\"]"}
COMMAND: POST /session/329de238260d7602ed1af1352086bef4/elements - {"using":"xpath","value":"//button[@data-kt=\"masterHOAddButton\"]"}
RESULT: {"using":"xpath","value":"//button[@data-kt=\"masterHOAddButton\"]"}
COMMAND: POST /session/329de238260d7602ed1af1352086bef4/elements - {"using":"xpath","value":"//button[@data-kt=\"masterHOAddButton\"]"}
RESULT: {"using":"xpath","value":"//button[@data-kt=\"masterHOAddButton\"]"}
COMMAND: POST /session/329de238260d7602ed1af1352086bef4/element - {"using":"xpath","value":"//button[@data-kt=\"masterHOAddButton\"]"}
RESULT: {"using":"xpath","value":"//button[@data-kt=\"masterHOAddButton\"]"}
COMMAND: POST /session/329de238260d7602ed1af1352086bef4/execute/sync - {"script":"<script> [8489 bytes]","args":[{"element-6066-11e4-a52e-4f735466cecf":"f.ABBA5987F2E82E58D78C902D9EA41D2B.d.8454B3055E8E58C97BA4C084F23E6C82.e.4102","ELEMENT":"f.ABBA5987F2E82E58D78C902D9EA41D2B.d.8454B3055E8E58C97BA4C084F23E6C82.e.4102"}]}
RESULT: {"script":"<script> [8489 bytes]","args":[{"element-6066-11e4-a52e-4f735466cecf":"f.ABBA5987F2E82E58D78C902D9EA41D2B.d.8454B3055E8E58C97BA4C084F23E6C82.e.4102","ELEMENT":"f.ABBA5987F2E82E58D78C902D9EA41D2B.d.8454B3055E8E58C97BA4C084F23E6C82.e.4102"}]}
COMMAND: GET /session/329de238260d7602ed1af1352086bef4/element/f.ABBA5987F2E82E58D78C902D9EA41D2B.d.8454B3055E8E58C97BA4C084F23E6C82.e.4102/enabled - {}
COMMAND: GET /session/329de238260d7602ed1af1352086bef4/screenshot - {}
RESULT: {}
COMMAND: POST /session/329de238260d7602ed1af1352086bef4/execute/sync - {"script":"<script> [8489 bytes]","args":[{"element-6066-11e4-a52e-4f735466cecf":"f.ABBA5987F2E82E58D78C902D9EA41D2B.d.8454B3055E8E58C97BA4C084F23E6C82.e.4102","ELEMENT":"f.ABBA5987F2E82E58D78C902D9EA41D2B.d.8454B3055E8E58C97BA4C084F23E6C82.e.4102"}]}
COMMAND: GET /session/329de238260d7602ed1af1352086bef4/screenshot - {}
RESULT: {}
RESULT: {"script":"<script> [8489 bytes]","args":[{"element-6066-11e4-a52e-4f735466cecf":"f.ABBA5987F2E82E58D78C902D9EA41D2B.d.8454B3055E8E58C97BA4C084F23E6C82.e.4102","ELEMENT":"f.ABBA5987F2E82E58D78C902D9EA41D2B.d.8454B3055E8E58C97BA4C084F23E6C82.e.4102"}]}
COMMAND: POST /session/329de238260d7602ed1af1352086bef4/execute/sync - {"script":"<script> [5351 bytes]","args":[{"element-6066-11e4-a52e-4f735466cecf":"f.ABBA5987F2E82E58D78C902D9EA41D2B.d.8454B3055E8E58C97BA4C084F23E6C82.e.4102","ELEMENT":"f.ABBA5987F2E82E58D78C902D9EA41D2B.d.8454B3055E8E58C97BA4C084F23E6C82.e.4102"}]}
COMMAND: GET /session/329de238260d7602ed1af1352086bef4/screenshot - {}
RESULT: {}
RESULT: {"script":"<script> [5351 bytes]","args":[{"element-6066-11e4-a52e-4f735466cecf":"f.ABBA5987F2E82E58D78C902D9EA41D2B.d.8454B3055E8E58C97BA4C084F23E6C82.e.4102","ELEMENT":"f.ABBA5987F2E82E58D78C902D9EA41D2B.d.8454B3055E8E58C97BA4C084F23E6C82.e.4102"}]}
COMMAND: POST /session/329de238260d7602ed1af1352086bef4/element/f.ABBA5987F2E82E58D78C902D9EA41D2B.d.8454B3055E8E58C97BA4C084F23E6C82.e.4102/click - {}
COMMAND: GET /session/329de238260d7602ed1af1352086bef4/screenshot - {}
RESULT: {}
RESULT: {}
COMMAND: GET /session/329de238260d7602ed1af1352086bef4/screenshot - {}
RESULT: {}
RESULT: {}
COMMAND: POST /session/329de238260d7602ed1af1352086bef4/element - {"using":"xpath","value":"//span[contains(@id ,\"AddNewHO--typeSelect-arrow\")]"}
RESULT: {"using":"xpath","value":"//span[contains(@id ,\"AddNewHO--typeSelect-arrow\")]"}
COMMAND: POST /session/329de238260d7602ed1af1352086bef4/element/f.ABBA5987F2E82E58D78C902D9EA41D2B.d.8454B3055E8E58C97BA4C084F23E6C82.e.4475/click - {}
RESULT: {}
COMMAND: GET /session/329de238260d7602ed1af1352086bef4/screenshot - {}
RESULT: {}
COMMAND: POST /session/329de238260d7602ed1af1352086bef4/element - {"using":"xpath","value":"(//li[contains(text(), \"stock increase yard\")])[1]"}
RESULT: {"using":"xpath","value":"(//li[contains(text(), \"stock increase yard\")])[1]"}
COMMAND: POST /session/329de238260d7602ed1af1352086bef4/element/f.ABBA5987F2E82E58D78C902D9EA41D2B.d.8454B3055E8E58C97BA4C084F23E6C82.e.4476/click - {}
RESULT: {}
COMMAND: GET /session/329de238260d7602ed1af1352086bef4/screenshot - {}
RESULT: {}
COMMAND: POST /session/329de238260d7602ed1af1352086bef4/execute/async - {"script":"<script> [1562 bytes]","args":[{"selector":{"id":"application-managehandovers-display-component---AddNewHO--dueDate","interaction":{"idSuffix":"inner"}},"wdio_ui5_key":"applicationmanagehandovers-display-component---AddNewHO--dueDate"}]}
RESULT: {"script":"<script> [1562 bytes]","args":[{"selector":{"id":"application-managehandovers-display-component---AddNewHO--dueDate","interaction":{"idSuffix":"inner"}},"wdio_ui5_key":"applicationmanagehandovers-display-component---AddNewHO--dueDate"}]}
RESULT: undefined
COMMAND: POST /session/329de238260d7602ed1af1352086bef4/execute/async - {"script":"<script> [6424 bytes]","args":[{"element-6066-11e4-a52e-4f735466cecf":"f.ABBA5987F2E82E58D78C902D9EA41D2B.d.8454B3055E8E58C97BA4C084F23E6C82.e.4478"},"setValue",["5/29/25"]]}
RESULT: {"script":"<script> [6424 bytes]","args":[{"element-6066-11e4-a52e-4f735466cecf":"f.ABBA5987F2E82E58D78C902D9EA41D2B.d.8454B3055E8E58C97BA4C084F23E6C82.e.4478"},"setValue",["5/29/25"]]}
COMMAND: POST /session/329de238260d7602ed1af1352086bef4/element - {"using":"xpath","value":"//input[@id=\"generalSectionFrg--receiveYard-inner\"]"}
RESULT: {"using":"xpath","value":"//input[@id=\"generalSectionFrg--receiveYard-inner\"]"}
COMMAND: POST /session/329de238260d7602ed1af1352086bef4/element/f.ABBA5987F2E82E58D78C902D9EA41D2B.d.8454B3055E8E58C97BA4C084F23E6C82.e.4484/clear - {}
RESULT: {}
COMMAND: POST /session/329de238260d7602ed1af1352086bef4/element/f.ABBA5987F2E82E58D78C902D9EA41D2B.d.8454B3055E8E58C97BA4C084F23E6C82.e.4484/value - {"text":"469"}
COMMAND: GET /session/329de238260d7602ed1af1352086bef4/screenshot - {}
RESULT: {"text":"469"}
COMMAND: GET /session/329de238260d7602ed1af1352086bef4/screenshot - {}
RESULT: {}
RESULT: {}
COMMAND: POST /session/329de238260d7602ed1af1352086bef4/element - {"using":"xpath","value":"//li[.//span[contains(text(),'469')]]"}
RESULT: {"using":"xpath","value":"//li[.//span[contains(text(),'469')]]"}
COMMAND: POST /session/329de238260d7602ed1af1352086bef4/element/f.ABBA5987F2E82E58D78C902D9EA41D2B.d.8454B3055E8E58C97BA4C084F23E6C82.e.4502/click - {}
RESULT: {}
COMMAND: GET /session/329de238260d7602ed1af1352086bef4/screenshot - {}
RESULT: {}
COMMAND: POST /session/329de238260d7602ed1af1352086bef4/execute/async - {"script":"<script> [1562 bytes]","args":[{"selector":{"id":"application-managehandovers-display-component---AddNewHO--ObjectPageLayout-anchBar-application-managehandovers-display-component---AddNewHO--section4-anchor","interaction":{"idSuffix":"BDI-content"}},"wdio_ui5_key":"applicationmanagehandovers-display-component---AddNewHO--ObjectPageLayout-anchBar-application-managehandovers-display-component---AddNewHO--section4-anchor"}]}
RESULT: {"script":"<script> [1562 bytes]","args":[{"selector":{"id":"application-managehandovers-display-component---AddNewHO--ObjectPageLayout-anchBar-application-managehandovers-display-component---AddNewHO--section4-anchor","interaction":{"idSuffix":"BDI-content"}},"wdio_ui5_key":"applicationmanagehandovers-display-component---AddNewHO--ObjectPageLayout-anchBar-application-managehandovers-display-component---AddNewHO--section4-anchor"}]}
RESULT: undefined
COMMAND: POST /session/329de238260d7602ed1af1352086bef4/element - {"using":"xpath","value":"//*[@id=\"application-managehandovers-display-component---AddNewHO--ObjectPageLayout-anchBar-application-managehandovers-display-component---AddNewHO--section4-anchor\"]"}
RESULT: {"using":"xpath","value":"//*[@id=\"application-managehandovers-display-component---AddNewHO--ObjectPageLayout-anchBar-application-managehandovers-display-component---AddNewHO--section4-anchor\"]"}
COMMAND: POST /session/329de238260d7602ed1af1352086bef4/element/f.ABBA5987F2E82E58D78C902D9EA41D2B.d.8454B3055E8E58C97BA4C084F23E6C82.e.4504/click - {}
RESULT: {}
COMMAND: POST /session/329de238260d7602ed1af1352086bef4/element - {"using":"xpath","value":"//button[@aria-label=\"Add\"]"}
COMMAND: GET /session/329de238260d7602ed1af1352086bef4/screenshot - {}
RESULT: {"using":"xpath","value":"//button[@aria-label=\"Add\"]"}
COMMAND: POST /session/329de238260d7602ed1af1352086bef4/element/f.ABBA5987F2E82E58D78C902D9EA41D2B.d.8454B3055E8E58C97BA4C084F23E6C82.e.4506/click - {}
RESULT: {}
RESULT: {}
COMMAND: GET /session/329de238260d7602ed1af1352086bef4/screenshot - {}
RESULT: {}
COMMAND: POST /session/329de238260d7602ed1af1352086bef4/execute/async - {"script":"<script> [1562 bytes]","args":[{"selector":{"id":"application-managehandovers-display-component---AddNewHO--smartFilterBar-btnBasicSearch","searchOpenDialogs":true,"interaction":{"idSuffix":"I"}},"wdio_ui5_key":"applicationmanagehandovers-display-component---AddNewHO--smartFilterBar-btnBasicSearch"}]}
RESULT: {"script":"<script> [1562 bytes]","args":[{"selector":{"id":"application-managehandovers-display-component---AddNewHO--smartFilterBar-btnBasicSearch","searchOpenDialogs":true,"interaction":{"idSuffix":"I"}},"wdio_ui5_key":"applicationmanagehandovers-display-component---AddNewHO--smartFilterBar-btnBasicSearch"}]}
RESULT: undefined
COMMAND: POST /session/329de238260d7602ed1af1352086bef4/execute/async - {"script":"<script> [776 bytes]","args":[{"enterText":"joVBfPH7dP","selector":{"id":"application-managehandovers-display-component---AddNewHO--smartFilterBar-btnBasicSearch","searchOpenDialogs":true,"interaction":{"idSuffix":"I"}},"clearTextFirst":true,"interactionType":"ENTER_TEXT"}]}
RESULT: {"script":"<script> [776 bytes]","args":[{"enterText":"joVBfPH7dP","selector":{"id":"application-managehandovers-display-component---AddNewHO--smartFilterBar-btnBasicSearch","searchOpenDialogs":true,"interaction":{"idSuffix":"I"}},"clearTextFirst":true,"interactionType":"ENTER_TEXT"}]}
COMMAND: POST /session/329de238260d7602ed1af1352086bef4/actions - {"actions":[{"id":"action18","type":"key","parameters":{},"actions":[{"type":"keyDown","value":""},{"type":"pause","duration":10},{"type":"keyUp","value":""}]}]}
RESULT: {"actions":[{"id":"action18","type":"key","parameters":{},"actions":[{"type":"keyDown","value":""},{"type":"pause","duration":10},{"type":"keyUp","value":""}]}]}
COMMAND: GET /session/329de238260d7602ed1af1352086bef4/screenshot - {}
RESULT: {}
COMMAND: POST /session/329de238260d7602ed1af1352086bef4/execute/async - {"script":"<script> [1562 bytes]","args":[{"selector":{"id":"application-managehandovers-display-component---AddNewHO--popup-sa","searchOpenDialogs":true,"interaction":{"idSuffix":"CbBg"}},"wdio_ui5_key":"applicationmanagehandovers-display-component---AddNewHO--popup-sa"}]}
RESULT: {"script":"<script> [1562 bytes]","args":[{"selector":{"id":"application-managehandovers-display-component---AddNewHO--popup-sa","searchOpenDialogs":true,"interaction":{"idSuffix":"CbBg"}},"wdio_ui5_key":"applicationmanagehandovers-display-component---AddNewHO--popup-sa"}]}
RESULT: undefined
COMMAND: POST /session/329de238260d7602ed1af1352086bef4/element - {"using":"xpath","value":"//*[@id=\"application-managehandovers-display-component---AddNewHO--popup-sa\"]"}
RESULT: {"using":"xpath","value":"//*[@id=\"application-managehandovers-display-component---AddNewHO--popup-sa\"]"}
COMMAND: POST /session/329de238260d7602ed1af1352086bef4/element/f.ABBA5987F2E82E58D78C902D9EA41D2B.d.8454B3055E8E58C97BA4C084F23E6C82.e.4658/click - {}
RESULT: {}
COMMAND: GET /session/329de238260d7602ed1af1352086bef4/screenshot - {}
RESULT: {}
COMMAND: POST /session/329de238260d7602ed1af1352086bef4/element - {"using":"xpath","value":"//bdi[contains(text(), \"Select\")]"}
RESULT: {"using":"xpath","value":"//bdi[contains(text(), \"Select\")]"}
COMMAND: POST /session/329de238260d7602ed1af1352086bef4/element/f.ABBA5987F2E82E58D78C902D9EA41D2B.d.8454B3055E8E58C97BA4C084F23E6C82.e.4659/click - {}
RESULT: {}
COMMAND: GET /session/329de238260d7602ed1af1352086bef4/screenshot - {}
RESULT: {}
COMMAND: POST /session/329de238260d7602ed1af1352086bef4/element - {"using":"xpath","value":"//button[@data-kt=\"AddNewHOSaveButton\"]"}
RESULT: {"using":"xpath","value":"//button[@data-kt=\"AddNewHOSaveButton\"]"}
COMMAND: POST /session/329de238260d7602ed1af1352086bef4/element/f.ABBA5987F2E82E58D78C902D9EA41D2B.d.8454B3055E8E58C97BA4C084F23E6C82.e.4663/click - {}
RESULT: {}
COMMAND: GET /session/329de238260d7602ed1af1352086bef4/screenshot - {}
RESULT: {}
COMMAND: POST /session/329de238260d7602ed1af1352086bef4/execute/async - {"script":"<script> [1562 bytes]","args":[{"selector":{"id":"receiptDatePicker","viewName":"etm.portal.ui.managehandovers.view.DetailExecuteHO","interaction":{"idSuffix":"inner"}},"wdio_ui5_key":"receiptDatePickeretmportal.ui.managehandovers.view.DetailExecuteHO"}]}
RESULT: {"script":"<script> [1562 bytes]","args":[{"selector":{"id":"receiptDatePicker","viewName":"etm.portal.ui.managehandovers.view.DetailExecuteHO","interaction":{"idSuffix":"inner"}},"wdio_ui5_key":"receiptDatePickeretmportal.ui.managehandovers.view.DetailExecuteHO"}]}
RESULT: undefined
COMMAND: POST /session/329de238260d7602ed1af1352086bef4/execute/async - {"script":"<script> [6424 bytes]","args":[{"element-6066-11e4-a52e-4f735466cecf":"f.ABBA5987F2E82E58D78C902D9EA41D2B.d.8454B3055E8E58C97BA4C084F23E6C82.e.4691"},"setValue",["5/29/25"]]}
RESULT: {"script":"<script> [6424 bytes]","args":[{"element-6066-11e4-a52e-4f735466cecf":"f.ABBA5987F2E82E58D78C902D9EA41D2B.d.8454B3055E8E58C97BA4C084F23E6C82.e.4691"},"setValue",["5/29/25"]]}
COMMAND: POST /session/329de238260d7602ed1af1352086bef4/element - {"using":"xpath","value":"//button[@data-kt=\"ReceivingTableConfirmAllButton\"]"}
RESULT: {"using":"xpath","value":"//button[@data-kt=\"ReceivingTableConfirmAllButton\"]"}
COMMAND: POST /session/329de238260d7602ed1af1352086bef4/element/f.ABBA5987F2E82E58D78C902D9EA41D2B.d.8454B3055E8E58C97BA4C084F23E6C82.e.4706/click - {}
RESULT: {}
COMMAND: GET /session/329de238260d7602ed1af1352086bef4/screenshot - {}
RESULT: {}
COMMAND: POST /session/329de238260d7602ed1af1352086bef4/element - {"using":"xpath","value":"//bdi[contains(text(), \"OK\")]"}
RESULT: {"using":"xpath","value":"//bdi[contains(text(), \"OK\")]"}
COMMAND: POST /session/329de238260d7602ed1af1352086bef4/element/f.ABBA5987F2E82E58D78C902D9EA41D2B.d.8454B3055E8E58C97BA4C084F23E6C82.e.4708/click - {}
RESULT: {}
COMMAND: GET /session/329de238260d7602ed1af1352086bef4/screenshot - {}
RESULT: {}
COMMAND: POST /session/329de238260d7602ed1af1352086bef4/element - {"using":"xpath","value":"(//bdi[contains(text(), \"Receive\")])[2]"}
RESULT: {"using":"xpath","value":"(//bdi[contains(text(), \"Receive\")])[2]"}
COMMAND: POST /session/329de238260d7602ed1af1352086bef4/element/f.ABBA5987F2E82E58D78C902D9EA41D2B.d.8454B3055E8E58C97BA4C084F23E6C82.e.4710/click - {}
RESULT: {}
COMMAND: GET /session/329de238260d7602ed1af1352086bef4/screenshot - {}
RESULT: {}
COMMAND: POST /session/329de238260d7602ed1af1352086bef4/element - {"using":"css selector","value":"#shell-header-logo"}
RESULT: {"using":"css selector","value":"#shell-header-logo"}
COMMAND: POST /session/329de238260d7602ed1af1352086bef4/element/f.ABBA5987F2E82E58D78C902D9EA41D2B.d.8454B3055E8E58C97BA4C084F23E6C82.e.4078/click - {}
RESULT: {}
COMMAND: GET /session/329de238260d7602ed1af1352086bef4/screenshot - {}
RESULT: {}
]]></system-out>
    </testcase>
    <testcase classname="chrome.136_0_7103_93.windows.Billing_confirm_US117289" name="Should create a new contract" time="61.183">
      <system-out><![CDATA[
COMMAND: POST /session/329de238260d7602ed1af1352086bef4/execute/async - {"script":"<script> [1562 bytes]","args":[{"selector":{"controlType":"sap.m.GenericTile","properties":{"header":"Manage Contracts"}},"wdio_ui5_key":"sapm.GenericTile{\"header\":\"Manage Contracts\"}"}]}
RESULT: {"script":"<script> [1562 bytes]","args":[{"selector":{"controlType":"sap.m.GenericTile","properties":{"header":"Manage Contracts"}},"wdio_ui5_key":"sapm.GenericTile{\"header\":\"Manage Contracts\"}"}]}
RESULT: undefined
COMMAND: POST /session/329de238260d7602ed1af1352086bef4/element - {"using":"xpath","value":"//*[@id=\"__tile130\"]"}
RESULT: {"using":"xpath","value":"//*[@id=\"__tile130\"]"}
COMMAND: POST /session/329de238260d7602ed1af1352086bef4/element/f.ABBA5987F2E82E58D78C902D9EA41D2B.d.8454B3055E8E58C97BA4C084F23E6C82.e.2818/click - {}
RESULT: {}
COMMAND: GET /session/329de238260d7602ed1af1352086bef4/screenshot - {}
RESULT: {}
COMMAND: POST /session/329de238260d7602ed1af1352086bef4/elements - {"using":"xpath","value":"//span[text()='Error']"}
RESULT: {"using":"xpath","value":"//span[text()='Error']"}
COMMAND: POST /session/329de238260d7602ed1af1352086bef4/element - {"using":"xpath","value":"//button[@data-kt=\"addButton\"]"}
RESULT: {"using":"xpath","value":"//button[@data-kt=\"addButton\"]"}
COMMAND: POST /session/329de238260d7602ed1af1352086bef4/elements - {"using":"xpath","value":"//button[@data-kt=\"addButton\"]"}
RESULT: {"using":"xpath","value":"//button[@data-kt=\"addButton\"]"}
COMMAND: POST /session/329de238260d7602ed1af1352086bef4/execute/sync - {"script":"<script> [8489 bytes]","args":[{"element-6066-11e4-a52e-4f735466cecf":"f.ABBA5987F2E82E58D78C902D9EA41D2B.d.8454B3055E8E58C97BA4C084F23E6C82.e.4928","ELEMENT":"f.ABBA5987F2E82E58D78C902D9EA41D2B.d.8454B3055E8E58C97BA4C084F23E6C82.e.4928"}]}
RESULT: {"script":"<script> [8489 bytes]","args":[{"element-6066-11e4-a52e-4f735466cecf":"f.ABBA5987F2E82E58D78C902D9EA41D2B.d.8454B3055E8E58C97BA4C084F23E6C82.e.4928","ELEMENT":"f.ABBA5987F2E82E58D78C902D9EA41D2B.d.8454B3055E8E58C97BA4C084F23E6C82.e.4928"}]}
COMMAND: GET /session/329de238260d7602ed1af1352086bef4/element/f.ABBA5987F2E82E58D78C902D9EA41D2B.d.8454B3055E8E58C97BA4C084F23E6C82.e.4928/enabled - {}
COMMAND: GET /session/329de238260d7602ed1af1352086bef4/screenshot - {}
RESULT: {}
COMMAND: POST /session/329de238260d7602ed1af1352086bef4/execute/sync - {"script":"<script> [8489 bytes]","args":[{"element-6066-11e4-a52e-4f735466cecf":"f.ABBA5987F2E82E58D78C902D9EA41D2B.d.8454B3055E8E58C97BA4C084F23E6C82.e.4928","ELEMENT":"f.ABBA5987F2E82E58D78C902D9EA41D2B.d.8454B3055E8E58C97BA4C084F23E6C82.e.4928"}]}
COMMAND: GET /session/329de238260d7602ed1af1352086bef4/screenshot - {}
RESULT: {}
RESULT: {"script":"<script> [8489 bytes]","args":[{"element-6066-11e4-a52e-4f735466cecf":"f.ABBA5987F2E82E58D78C902D9EA41D2B.d.8454B3055E8E58C97BA4C084F23E6C82.e.4928","ELEMENT":"f.ABBA5987F2E82E58D78C902D9EA41D2B.d.8454B3055E8E58C97BA4C084F23E6C82.e.4928"}]}
COMMAND: POST /session/329de238260d7602ed1af1352086bef4/execute/sync - {"script":"<script> [5351 bytes]","args":[{"element-6066-11e4-a52e-4f735466cecf":"f.ABBA5987F2E82E58D78C902D9EA41D2B.d.8454B3055E8E58C97BA4C084F23E6C82.e.4928","ELEMENT":"f.ABBA5987F2E82E58D78C902D9EA41D2B.d.8454B3055E8E58C97BA4C084F23E6C82.e.4928"}]}
COMMAND: GET /session/329de238260d7602ed1af1352086bef4/screenshot - {}
RESULT: {}
RESULT: {"script":"<script> [5351 bytes]","args":[{"element-6066-11e4-a52e-4f735466cecf":"f.ABBA5987F2E82E58D78C902D9EA41D2B.d.8454B3055E8E58C97BA4C084F23E6C82.e.4928","ELEMENT":"f.ABBA5987F2E82E58D78C902D9EA41D2B.d.8454B3055E8E58C97BA4C084F23E6C82.e.4928"}]}
COMMAND: GET /session/329de238260d7602ed1af1352086bef4/screenshot - {}
RESULT: {}
RESULT: {}
COMMAND: POST /session/329de238260d7602ed1af1352086bef4/element/f.ABBA5987F2E82E58D78C902D9EA41D2B.d.8454B3055E8E58C97BA4C084F23E6C82.e.4928/click - {}
RESULT: {}
COMMAND: GET /session/329de238260d7602ed1af1352086bef4/screenshot - {}
RESULT: {}
COMMAND: POST /session/329de238260d7602ed1af1352086bef4/execute/async - {"script":"<script> [1562 bytes]","args":[{"selector":{"id":"application-managecontracts-display-component---AddNewContract--projectDescription","interaction":{"idSuffix":"inner"}},"wdio_ui5_key":"applicationmanagecontracts-display-component---AddNewContract--projectDescription"}]}
RESULT: {"script":"<script> [1562 bytes]","args":[{"selector":{"id":"application-managecontracts-display-component---AddNewContract--projectDescription","interaction":{"idSuffix":"inner"}},"wdio_ui5_key":"applicationmanagecontracts-display-component---AddNewContract--projectDescription"}]}
RESULT: undefined
COMMAND: POST /session/329de238260d7602ed1af1352086bef4/execute/async - {"script":"<script> [776 bytes]","args":[{"enterText":"Contract WDIO","selector":{"id":"application-managecontracts-display-component---AddNewContract--projectDescription","interaction":{"idSuffix":"inner"}},"clearTextFirst":true,"interactionType":"ENTER_TEXT"}]}
RESULT: {"script":"<script> [776 bytes]","args":[{"enterText":"Contract WDIO","selector":{"id":"application-managecontracts-display-component---AddNewContract--projectDescription","interaction":{"idSuffix":"inner"}},"clearTextFirst":true,"interactionType":"ENTER_TEXT"}]}
COMMAND: POST /session/329de238260d7602ed1af1352086bef4/element - {"using":"xpath","value":"//input[@id=\"application-managecontracts-display-component---AddNewContract--site-inner\"]"}
RESULT: {"using":"xpath","value":"//input[@id=\"application-managecontracts-display-component---AddNewContract--site-inner\"]"}
COMMAND: POST /session/329de238260d7602ed1af1352086bef4/element/f.ABBA5987F2E82E58D78C902D9EA41D2B.d.8454B3055E8E58C97BA4C084F23E6C82.e.5242/clear - {}
RESULT: {}
COMMAND: POST /session/329de238260d7602ed1af1352086bef4/element/f.ABBA5987F2E82E58D78C902D9EA41D2B.d.8454B3055E8E58C97BA4C084F23E6C82.e.5242/value - {"text":"2241"}
COMMAND: GET /session/329de238260d7602ed1af1352086bef4/screenshot - {}
RESULT: {"text":"2241"}
COMMAND: GET /session/329de238260d7602ed1af1352086bef4/screenshot - {}
RESULT: {}
RESULT: {}
COMMAND: POST /session/329de238260d7602ed1af1352086bef4/element - {"using":"xpath","value":"//li[.//span[text()='2241']]"}
RESULT: {"using":"xpath","value":"//li[.//span[text()='2241']]"}
COMMAND: POST /session/329de238260d7602ed1af1352086bef4/element/f.ABBA5987F2E82E58D78C902D9EA41D2B.d.8454B3055E8E58C97BA4C084F23E6C82.e.5335/click - {}
RESULT: {}
COMMAND: GET /session/329de238260d7602ed1af1352086bef4/screenshot - {}
RESULT: {}
COMMAND: POST /session/329de238260d7602ed1af1352086bef4/element - {"using":"xpath","value":"//input[@id=\"application-managecontracts-display-component---AddNewContract--yardId-inner\"]"}
RESULT: {"using":"xpath","value":"//input[@id=\"application-managecontracts-display-component---AddNewContract--yardId-inner\"]"}
COMMAND: GET /session/329de238260d7602ed1af1352086bef4/element/f.ABBA5987F2E82E58D78C902D9EA41D2B.d.8454B3055E8E58C97BA4C084F23E6C82.e.5243/property/value - {}
RESULT: {}
COMMAND: POST /session/329de238260d7602ed1af1352086bef4/element - {"using":"xpath","value":"//input[@id=\"application-managecontracts-display-component---AddNewContract--customerSelect-inner\"]"}
COMMAND: GET /session/329de238260d7602ed1af1352086bef4/screenshot - {}
RESULT: {"using":"xpath","value":"//input[@id=\"application-managecontracts-display-component---AddNewContract--customerSelect-inner\"]"}
COMMAND: POST /session/329de238260d7602ed1af1352086bef4/element/f.ABBA5987F2E82E58D78C902D9EA41D2B.d.8454B3055E8E58C97BA4C084F23E6C82.e.5241/clear - {}
RESULT: {}
RESULT: {}
COMMAND: POST /session/329de238260d7602ed1af1352086bef4/element/f.ABBA5987F2E82E58D78C902D9EA41D2B.d.8454B3055E8E58C97BA4C084F23E6C82.e.5241/value - {"text":"1275"}
COMMAND: GET /session/329de238260d7602ed1af1352086bef4/screenshot - {}
RESULT: {"text":"1275"}
COMMAND: GET /session/329de238260d7602ed1af1352086bef4/screenshot - {}
RESULT: {}
RESULT: {}
COMMAND: POST /session/329de238260d7602ed1af1352086bef4/element - {"using":"xpath","value":"//li[.//span[text()='1275']]"}
RESULT: {"using":"xpath","value":"//li[.//span[text()='1275']]"}
COMMAND: POST /session/329de238260d7602ed1af1352086bef4/element/f.ABBA5987F2E82E58D78C902D9EA41D2B.d.8454B3055E8E58C97BA4C084F23E6C82.e.5338/click - {}
RESULT: {}
COMMAND: GET /session/329de238260d7602ed1af1352086bef4/screenshot - {}
RESULT: {}
COMMAND: POST /session/329de238260d7602ed1af1352086bef4/element - {"using":"xpath","value":"//button[@data-kt=\"saveButton\"]"}
RESULT: {"using":"xpath","value":"//button[@data-kt=\"saveButton\"]"}
COMMAND: POST /session/329de238260d7602ed1af1352086bef4/element/f.ABBA5987F2E82E58D78C902D9EA41D2B.d.8454B3055E8E58C97BA4C084F23E6C82.e.5326/click - {}
RESULT: {}
COMMAND: GET /session/329de238260d7602ed1af1352086bef4/screenshot - {}
RESULT: {}
COMMAND: POST /session/329de238260d7602ed1af1352086bef4/element - {"using":"xpath","value":"//span[contains(@id ,\"contractDetailTitleNoExpanded\")]"}
RESULT: {"using":"xpath","value":"//span[contains(@id ,\"contractDetailTitleNoExpanded\")]"}
COMMAND: POST /session/329de238260d7602ed1af1352086bef4/elements - {"using":"xpath","value":"//span[contains(@id ,\"contractDetailTitleNoExpanded\")]"}
RESULT: {"using":"xpath","value":"//span[contains(@id ,\"contractDetailTitleNoExpanded\")]"}
COMMAND: POST /session/329de238260d7602ed1af1352086bef4/execute/sync - {"script":"<script> [56 bytes]","args":[{"element-6066-11e4-a52e-4f735466cecf":"f.ABBA5987F2E82E58D78C902D9EA41D2B.d.8454B3055E8E58C97BA4C084F23E6C82.e.5411","ELEMENT":"f.ABBA5987F2E82E58D78C902D9EA41D2B.d.8454B3055E8E58C97BA4C084F23E6C82.e.5411"}]}
RESULT: {"script":"<script> [56 bytes]","args":[{"element-6066-11e4-a52e-4f735466cecf":"f.ABBA5987F2E82E58D78C902D9EA41D2B.d.8454B3055E8E58C97BA4C084F23E6C82.e.5411","ELEMENT":"f.ABBA5987F2E82E58D78C902D9EA41D2B.d.8454B3055E8E58C97BA4C084F23E6C82.e.5411"}]}
COMMAND: GET /session/329de238260d7602ed1af1352086bef4/screenshot - {}
RESULT: {}
]]></system-out>
    </testcase>
    <testcase classname="chrome.136_0_7103_93.windows.Billing_confirm_US117289" name="Should add created equipment to contract" time="46.723">
      <system-out><![CDATA[
COMMAND: POST /session/329de238260d7602ed1af1352086bef4/element - {"using":"xpath","value":"//button[@data-kt=\"contractDetailEditBtnButton\"]"}
RESULT: {"using":"xpath","value":"//button[@data-kt=\"contractDetailEditBtnButton\"]"}
COMMAND: POST /session/329de238260d7602ed1af1352086bef4/element/f.ABBA5987F2E82E58D78C902D9EA41D2B.d.8454B3055E8E58C97BA4C084F23E6C82.e.5413/click - {}
RESULT: {}
COMMAND: GET /session/329de238260d7602ed1af1352086bef4/screenshot - {}
RESULT: {}
COMMAND: POST /session/329de238260d7602ed1af1352086bef4/element - {"using":"xpath","value":"(//span[contains(text(), \"Additional Addresses\")])[2]"}
RESULT: {"using":"xpath","value":"(//span[contains(text(), \"Additional Addresses\")])[2]"}
COMMAND: POST /session/329de238260d7602ed1af1352086bef4/element/f.ABBA5987F2E82E58D78C902D9EA41D2B.d.8454B3055E8E58C97BA4C084F23E6C82.e.5468/click - {}
RESULT: {}
COMMAND: GET /session/329de238260d7602ed1af1352086bef4/screenshot - {}
RESULT: {}
COMMAND: POST /session/329de238260d7602ed1af1352086bef4/element - {"using":"xpath","value":"//button[@data-kt=\"btnAddTableRowOverflowToolbarButton\"]"}
RESULT: {"using":"xpath","value":"//button[@data-kt=\"btnAddTableRowOverflowToolbarButton\"]"}
COMMAND: POST /session/329de238260d7602ed1af1352086bef4/element/f.ABBA5987F2E82E58D78C902D9EA41D2B.d.8454B3055E8E58C97BA4C084F23E6C82.e.5471/click - {}
RESULT: {}
COMMAND: GET /session/329de238260d7602ed1af1352086bef4/screenshot - {}
RESULT: {}
COMMAND: POST /session/329de238260d7602ed1af1352086bef4/element - {"using":"xpath","value":"//div[(text() = 'Standard Entry' or . = 'Standard Entry')]"}
RESULT: {"using":"xpath","value":"//div[(text() = 'Standard Entry' or . = 'Standard Entry')]"}
COMMAND: POST /session/329de238260d7602ed1af1352086bef4/element/f.ABBA5987F2E82E58D78C902D9EA41D2B.d.8454B3055E8E58C97BA4C084F23E6C82.e.5473/click - {}
RESULT: {}
COMMAND: GET /session/329de238260d7602ed1af1352086bef4/screenshot - {}
RESULT: {}
COMMAND: POST /session/329de238260d7602ed1af1352086bef4/element - {"using":"xpath","value":"//td[7]/div/div/input"}
RESULT: {"using":"xpath","value":"//td[7]/div/div/input"}
COMMAND: POST /session/329de238260d7602ed1af1352086bef4/element/f.ABBA5987F2E82E58D78C902D9EA41D2B.d.8454B3055E8E58C97BA4C084F23E6C82.e.5482/clear - {}
RESULT: {}
COMMAND: POST /session/329de238260d7602ed1af1352086bef4/element/f.ABBA5987F2E82E58D78C902D9EA41D2B.d.8454B3055E8E58C97BA4C084F23E6C82.e.5482/value - {"text":"joVBfPH7dP"}
COMMAND: GET /session/329de238260d7602ed1af1352086bef4/screenshot - {}
RESULT: {"text":"joVBfPH7dP"}
COMMAND: GET /session/329de238260d7602ed1af1352086bef4/screenshot - {}
RESULT: {}
RESULT: {}
COMMAND: POST /session/329de238260d7602ed1af1352086bef4/actions - {"actions":[{"id":"action19","type":"key","parameters":{},"actions":[{"type":"keyDown","value":""},{"type":"pause","duration":10},{"type":"keyUp","value":""}]}]}
RESULT: {"actions":[{"id":"action19","type":"key","parameters":{},"actions":[{"type":"keyDown","value":""},{"type":"pause","duration":10},{"type":"keyUp","value":""}]}]}
COMMAND: GET /session/329de238260d7602ed1af1352086bef4/screenshot - {}
RESULT: {}
COMMAND: POST /session/329de238260d7602ed1af1352086bef4/execute/sync - {"script":"<script> [276 bytes]","args":["No pricing information was found"]}
RESULT: {"script":"<script> [276 bytes]","args":["No pricing information was found"]}
COMMAND: POST /session/329de238260d7602ed1af1352086bef4/element - {"using":"xpath","value":"(//button[@data-kt=\"saveButton\"])[2]"}
COMMAND: GET /session/329de238260d7602ed1af1352086bef4/screenshot - {}
RESULT: {"using":"xpath","value":"(//button[@data-kt=\"saveButton\"])[2]"}
COMMAND: POST /session/329de238260d7602ed1af1352086bef4/element/f.ABBA5987F2E82E58D78C902D9EA41D2B.d.8454B3055E8E58C97BA4C084F23E6C82.e.5497/click - {}
RESULT: {}
RESULT: {}
COMMAND: GET /session/329de238260d7602ed1af1352086bef4/screenshot - {}
RESULT: {}
COMMAND: POST /session/329de238260d7602ed1af1352086bef4/execute/sync - {"script":"<script> [276 bytes]","args":["Some contract items are having rental validity exceeding header rental validity"]}
RESULT: {"script":"<script> [276 bytes]","args":["Some contract items are having rental validity exceeding header rental validity"]}
COMMAND: GET /session/329de238260d7602ed1af1352086bef4/screenshot - {}
RESULT: {}
COMMAND: POST /session/329de238260d7602ed1af1352086bef4/element - {"using":"xpath","value":"//span[contains(@id ,\"contractItemsSmartTable-header-inner\")]"}
RESULT: {"using":"xpath","value":"//span[contains(@id ,\"contractItemsSmartTable-header-inner\")]"}
COMMAND: POST /session/329de238260d7602ed1af1352086bef4/elements - {"using":"xpath","value":"//span[contains(@id ,\"contractItemsSmartTable-header-inner\")]"}
RESULT: {"using":"xpath","value":"//span[contains(@id ,\"contractItemsSmartTable-header-inner\")]"}
COMMAND: POST /session/329de238260d7602ed1af1352086bef4/execute/sync - {"script":"<script> [56 bytes]","args":[{"element-6066-11e4-a52e-4f735466cecf":"f.ABBA5987F2E82E58D78C902D9EA41D2B.d.8454B3055E8E58C97BA4C084F23E6C82.e.5504","ELEMENT":"f.ABBA5987F2E82E58D78C902D9EA41D2B.d.8454B3055E8E58C97BA4C084F23E6C82.e.5504"}]}
RESULT: {"script":"<script> [56 bytes]","args":[{"element-6066-11e4-a52e-4f735466cecf":"f.ABBA5987F2E82E58D78C902D9EA41D2B.d.8454B3055E8E58C97BA4C084F23E6C82.e.5504","ELEMENT":"f.ABBA5987F2E82E58D78C902D9EA41D2B.d.8454B3055E8E58C97BA4C084F23E6C82.e.5504"}]}
]]></system-out>
    </testcase>
    <testcase classname="chrome.136_0_7103_93.windows.Billing_confirm_US117289" name="Should do a provide to site handover" time="54.313">
      <system-out><![CDATA[
COMMAND: GET /session/329de238260d7602ed1af1352086bef4/screenshot - {}
COMMAND: POST /session/329de238260d7602ed1af1352086bef4/element - {"using":"xpath","value":"//button[@data-kt=\"provideButton\"]"}
RESULT: {}
RESULT: {"using":"xpath","value":"//button[@data-kt=\"provideButton\"]"}
COMMAND: POST /session/329de238260d7602ed1af1352086bef4/element/f.ABBA5987F2E82E58D78C902D9EA41D2B.d.8454B3055E8E58C97BA4C084F23E6C82.e.5505/click - {}
RESULT: {}
COMMAND: GET /session/329de238260d7602ed1af1352086bef4/screenshot - {}
RESULT: undefined
COMMAND: POST /session/329de238260d7602ed1af1352086bef4/execute/async - {"script":"<script> [6424 bytes]","args":[{"element-6066-11e4-a52e-4f735466cecf":"f.ABBA5987F2E82E58D78C902D9EA41D2B.d.8454B3055E8E58C97BA4C084F23E6C82.e.4478"},"setValue",["5/29/25"]]}
RESULT: {}
COMMAND: POST /session/329de238260d7602ed1af1352086bef4/execute/async - {"script":"<script> [1562 bytes]","args":[{"selector":{"id":"application-managehandovers-display-component---AddNewHO--dueDate","interaction":{"idSuffix":"inner"}},"wdio_ui5_key":"applicationmanagehandovers-display-component---AddNewHO--dueDate"}]}
RESULT: {"script":"<script> [1562 bytes]","args":[{"selector":{"id":"application-managehandovers-display-component---AddNewHO--dueDate","interaction":{"idSuffix":"inner"}},"wdio_ui5_key":"applicationmanagehandovers-display-component---AddNewHO--dueDate"}]}
COMMAND: POST /session/329de238260d7602ed1af1352086bef4/execute/async - {"script":"<script> [6424 bytes]","args":[{"element-6066-11e4-a52e-4f735466cecf":"f.ABBA5987F2E82E58D78C902D9EA41D2B.d.8454B3055E8E58C97BA4C084F23E6C82.e.5562"},"setValue",["5/29/25"]]}
RESULT: {"script":"<script> [6424 bytes]","args":[{"element-6066-11e4-a52e-4f735466cecf":"f.ABBA5987F2E82E58D78C902D9EA41D2B.d.8454B3055E8E58C97BA4C084F23E6C82.e.5562"},"setValue",["5/29/25"]]}
COMMAND: POST /session/329de238260d7602ed1af1352086bef4/element - {"using":"xpath","value":"//bdi[contains(text(), \"Instructions\")]"}
RESULT: {"using":"xpath","value":"//bdi[contains(text(), \"Instructions\")]"}
COMMAND: POST /session/329de238260d7602ed1af1352086bef4/element/f.ABBA5987F2E82E58D78C902D9EA41D2B.d.8454B3055E8E58C97BA4C084F23E6C82.e.5814/click - {}
RESULT: {}
COMMAND: GET /session/329de238260d7602ed1af1352086bef4/screenshot - {}
RESULT: {}
COMMAND: POST /session/329de238260d7602ed1af1352086bef4/element - {"using":"xpath","value":"//button[@data-kt=\"AddNewHOProvideAddItemsButton\"]"}
RESULT: {"using":"xpath","value":"//button[@data-kt=\"AddNewHOProvideAddItemsButton\"]"}
COMMAND: POST /session/329de238260d7602ed1af1352086bef4/element/f.ABBA5987F2E82E58D78C902D9EA41D2B.d.8454B3055E8E58C97BA4C084F23E6C82.e.5818/click - {}
RESULT: {}
COMMAND: GET /session/329de238260d7602ed1af1352086bef4/screenshot - {}
RESULT: {}
RESULT: undefined
COMMAND: POST /session/329de238260d7602ed1af1352086bef4/element - {"using":"xpath","value":"//*[@id=\"application-managehandovers-display-component---AddNewHO--popup-sa\"]"}
RESULT: {"using":"xpath","value":"//*[@id=\"application-managehandovers-display-component---AddNewHO--popup-sa\"]"}
COMMAND: POST /session/329de238260d7602ed1af1352086bef4/element/f.ABBA5987F2E82E58D78C902D9EA41D2B.d.8454B3055E8E58C97BA4C084F23E6C82.e.5827/click - {}
RESULT: {}
COMMAND: GET /session/329de238260d7602ed1af1352086bef4/screenshot - {}
RESULT: {}
COMMAND: POST /session/329de238260d7602ed1af1352086bef4/element - {"using":"xpath","value":"//*[contains(@id ,\"BDI-content\")][contains(text(), \"Select\")]"}
RESULT: {"using":"xpath","value":"//*[contains(@id ,\"BDI-content\")][contains(text(), \"Select\")]"}
COMMAND: POST /session/329de238260d7602ed1af1352086bef4/element/f.ABBA5987F2E82E58D78C902D9EA41D2B.d.8454B3055E8E58C97BA4C084F23E6C82.e.5829/click - {}
RESULT: {}
COMMAND: GET /session/329de238260d7602ed1af1352086bef4/screenshot - {}
RESULT: {}
COMMAND: POST /session/329de238260d7602ed1af1352086bef4/execute/async - {"script":"<script> [1562 bytes]","args":[{"selector":{"id":"application-managehandovers-display-component---AddNewHO--confirmCreationButton","interaction":{"idSuffix":"BDI-content"}},"wdio_ui5_key":"applicationmanagehandovers-display-component---AddNewHO--confirmCreationButton"}]}
RESULT: {"script":"<script> [1562 bytes]","args":[{"selector":{"id":"application-managehandovers-display-component---AddNewHO--confirmCreationButton","interaction":{"idSuffix":"BDI-content"}},"wdio_ui5_key":"applicationmanagehandovers-display-component---AddNewHO--confirmCreationButton"}]}
RESULT: undefined
COMMAND: POST /session/329de238260d7602ed1af1352086bef4/element - {"using":"xpath","value":"//*[@id=\"application-managehandovers-display-component---AddNewHO--confirmCreationButton\"]"}
RESULT: {"using":"xpath","value":"//*[@id=\"application-managehandovers-display-component---AddNewHO--confirmCreationButton\"]"}
COMMAND: POST /session/329de238260d7602ed1af1352086bef4/element/f.ABBA5987F2E82E58D78C902D9EA41D2B.d.8454B3055E8E58C97BA4C084F23E6C82.e.5629/click - {}
RESULT: {}
COMMAND: GET /session/329de238260d7602ed1af1352086bef4/screenshot - {}
RESULT: {}
COMMAND: POST /session/329de238260d7602ed1af1352086bef4/execute/async - {"script":"<script> [1562 bytes]","args":[{"selector":{"id":"issueDatePicker","viewName":"etm.portal.ui.managehandovers.view.DetailExecuteHO","interaction":{"idSuffix":"inner"}},"wdio_ui5_key":"issueDatePickeretmportal.ui.managehandovers.view.DetailExecuteHO"}]}
RESULT: {"script":"<script> [1562 bytes]","args":[{"selector":{"id":"issueDatePicker","viewName":"etm.portal.ui.managehandovers.view.DetailExecuteHO","interaction":{"idSuffix":"inner"}},"wdio_ui5_key":"issueDatePickeretmportal.ui.managehandovers.view.DetailExecuteHO"}]}
RESULT: undefined
COMMAND: POST /session/329de238260d7602ed1af1352086bef4/execute/async - {"script":"<script> [776 bytes]","args":[{"enterText":"5/29/25","selector":{"id":"issueDatePicker","viewName":"etm.portal.ui.managehandovers.view.DetailExecuteHO","interaction":{"idSuffix":"inner"}},"clearTextFirst":true,"interactionType":"ENTER_TEXT"}]}
RESULT: {"script":"<script> [776 bytes]","args":[{"enterText":"5/29/25","selector":{"id":"issueDatePicker","viewName":"etm.portal.ui.managehandovers.view.DetailExecuteHO","interaction":{"idSuffix":"inner"}},"clearTextFirst":true,"interactionType":"ENTER_TEXT"}]}
COMMAND: POST /session/329de238260d7602ed1af1352086bef4/element - {"using":"xpath","value":"//button[@data-kt=\"PickingTableConfirmAllButton\"]"}
RESULT: {"using":"xpath","value":"//button[@data-kt=\"PickingTableConfirmAllButton\"]"}
COMMAND: POST /session/329de238260d7602ed1af1352086bef4/element/f.ABBA5987F2E82E58D78C902D9EA41D2B.d.8454B3055E8E58C97BA4C084F23E6C82.e.5891/click - {}
RESULT: {}
COMMAND: GET /session/329de238260d7602ed1af1352086bef4/screenshot - {}
RESULT: {}
COMMAND: POST /session/329de238260d7602ed1af1352086bef4/element - {"using":"xpath","value":"//bdi[contains(text(), \"OK\")]"}
RESULT: {"using":"xpath","value":"//bdi[contains(text(), \"OK\")]"}
COMMAND: POST /session/329de238260d7602ed1af1352086bef4/element/f.ABBA5987F2E82E58D78C902D9EA41D2B.d.8454B3055E8E58C97BA4C084F23E6C82.e.5894/click - {}
RESULT: {}
COMMAND: GET /session/329de238260d7602ed1af1352086bef4/screenshot - {}
RESULT: {}
COMMAND: POST /session/329de238260d7602ed1af1352086bef4/element - {"using":"xpath","value":"//bdi[contains(text(), \"Issue\")]"}
RESULT: {"using":"xpath","value":"//bdi[contains(text(), \"Issue\")]"}
COMMAND: POST /session/329de238260d7602ed1af1352086bef4/element/f.ABBA5987F2E82E58D78C902D9EA41D2B.d.8454B3055E8E58C97BA4C084F23E6C82.e.5896/click - {}
RESULT: {}
COMMAND: GET /session/329de238260d7602ed1af1352086bef4/screenshot - {}
RESULT: {}
COMMAND: POST /session/329de238260d7602ed1af1352086bef4/element - {"using":"css selector","value":"#shell-header-logo"}
RESULT: {"using":"css selector","value":"#shell-header-logo"}
COMMAND: POST /session/329de238260d7602ed1af1352086bef4/element/f.ABBA5987F2E82E58D78C902D9EA41D2B.d.8454B3055E8E58C97BA4C084F23E6C82.e.4881/click - {}
RESULT: {}
COMMAND: GET /session/329de238260d7602ed1af1352086bef4/screenshot - {}
RESULT: {}
]]></system-out>
    </testcase>
    <testcase classname="chrome.136_0_7103_93.windows.Billing_confirm_US117289" name="Should trigger calculation" time="75.246">
      <system-out><![CDATA[
COMMAND: POST /session/329de238260d7602ed1af1352086bef4/execute/async - {"script":"<script> [1562 bytes]","args":[{"selector":{"controlType":"sap.m.GenericTile","properties":{"header":"Manage Billings"}},"wdio_ui5_key":"sapm.GenericTile{\"header\":\"Manage Billings\"}"}]}
RESULT: {"script":"<script> [1562 bytes]","args":[{"selector":{"controlType":"sap.m.GenericTile","properties":{"header":"Manage Billings"}},"wdio_ui5_key":"sapm.GenericTile{\"header\":\"Manage Billings\"}"}]}
RESULT: undefined
COMMAND: POST /session/329de238260d7602ed1af1352086bef4/element - {"using":"xpath","value":"//*[@id=\"__tile91\"]"}
RESULT: {"using":"xpath","value":"//*[@id=\"__tile91\"]"}
COMMAND: POST /session/329de238260d7602ed1af1352086bef4/element/f.ABBA5987F2E82E58D78C902D9EA41D2B.d.8454B3055E8E58C97BA4C084F23E6C82.e.2859/click - {}
RESULT: {}
COMMAND: GET /session/329de238260d7602ed1af1352086bef4/screenshot - {}
RESULT: {}
COMMAND: POST /session/329de238260d7602ed1af1352086bef4/elements - {"using":"xpath","value":"//span[text()='Error']"}
RESULT: {"using":"xpath","value":"//span[text()='Error']"}
COMMAND: POST /session/329de238260d7602ed1af1352086bef4/execute/async - {"script":"<script> [1562 bytes]","args":[{"selector":{"id":"application-managebillings-display-component---billRunCalcResult--smartFilterBar-btnBasicSearch","interaction":{"idSuffix":"I"}},"wdio_ui5_key":"applicationmanagebillings-display-component---billRunCalcResult--smartFilterBar-btnBasicSearch"}]}
RESULT: {"script":"<script> [1562 bytes]","args":[{"selector":{"id":"application-managebillings-display-component---billRunCalcResult--smartFilterBar-btnBasicSearch","interaction":{"idSuffix":"I"}},"wdio_ui5_key":"applicationmanagebillings-display-component---billRunCalcResult--smartFilterBar-btnBasicSearch"}]}
RESULT: undefined
COMMAND: POST /session/329de238260d7602ed1af1352086bef4/execute/async - {"script":"<script> [776 bytes]","args":[{"enterText":"10381","selector":{"id":"application-managebillings-display-component---billRunCalcResult--smartFilterBar-btnBasicSearch","interaction":{"idSuffix":"I"}},"clearTextFirst":true,"interactionType":"ENTER_TEXT"}]}
RESULT: {"script":"<script> [776 bytes]","args":[{"enterText":"10381","selector":{"id":"application-managebillings-display-component---billRunCalcResult--smartFilterBar-btnBasicSearch","interaction":{"idSuffix":"I"}},"clearTextFirst":true,"interactionType":"ENTER_TEXT"}]}
COMMAND: POST /session/329de238260d7602ed1af1352086bef4/actions - {"actions":[{"id":"action20","type":"key","parameters":{},"actions":[{"type":"keyDown","value":""},{"type":"pause","duration":10},{"type":"keyUp","value":""}]}]}
RESULT: {"actions":[{"id":"action20","type":"key","parameters":{},"actions":[{"type":"keyDown","value":""},{"type":"pause","duration":10},{"type":"keyUp","value":""}]}]}
COMMAND: GET /session/329de238260d7602ed1af1352086bef4/screenshot - {}
RESULT: {}
COMMAND: POST /session/329de238260d7602ed1af1352086bef4/element - {"using":"xpath","value":"//td[@aria-colindex=\"1\"]/div/div[contains(@class, \"sapMCbBg\")]"}
RESULT: {"using":"xpath","value":"//td[@aria-colindex=\"1\"]/div/div[contains(@class, \"sapMCbBg\")]"}
COMMAND: POST /session/329de238260d7602ed1af1352086bef4/element/f.ABBA5987F2E82E58D78C902D9EA41D2B.d.8454B3055E8E58C97BA4C084F23E6C82.e.6402/click - {}
RESULT: {}
COMMAND: GET /session/329de238260d7602ed1af1352086bef4/screenshot - {}
RESULT: {}
COMMAND: POST /session/329de238260d7602ed1af1352086bef4/execute/async - {"script":"<script> [1562 bytes]","args":[{"selector":{"id":"application-managebillings-display-component---billRunCalcResult--contractBillRunDate","interaction":{"idSuffix":"inner"}},"wdio_ui5_key":"applicationmanagebillings-display-component---billRunCalcResult--contractBillRunDate"}]}
RESULT: {"script":"<script> [1562 bytes]","args":[{"selector":{"id":"application-managebillings-display-component---billRunCalcResult--contractBillRunDate","interaction":{"idSuffix":"inner"}},"wdio_ui5_key":"applicationmanagebillings-display-component---billRunCalcResult--contractBillRunDate"}]}
RESULT: undefined
COMMAND: POST /session/329de238260d7602ed1af1352086bef4/execute/async - {"script":"<script> [776 bytes]","args":[{"enterText":"6/29/25","selector":{"id":"application-managebillings-display-component---billRunCalcResult--contractBillRunDate","interaction":{"idSuffix":"inner"}},"clearTextFirst":true,"interactionType":"ENTER_TEXT"}]}
RESULT: {"script":"<script> [776 bytes]","args":[{"enterText":"6/29/25","selector":{"id":"application-managebillings-display-component---billRunCalcResult--contractBillRunDate","interaction":{"idSuffix":"inner"}},"clearTextFirst":true,"interactionType":"ENTER_TEXT"}]}
COMMAND: POST /session/329de238260d7602ed1af1352086bef4/element - {"using":"xpath","value":"//bdi[contains(text(), \"Trigger Calculation\")]"}
RESULT: {"using":"xpath","value":"//bdi[contains(text(), \"Trigger Calculation\")]"}
COMMAND: POST /session/329de238260d7602ed1af1352086bef4/element/f.ABBA5987F2E82E58D78C902D9EA41D2B.d.8454B3055E8E58C97BA4C084F23E6C82.e.6430/click - {}
RESULT: {}
COMMAND: GET /session/329de238260d7602ed1af1352086bef4/screenshot - {}
RESULT: {}
COMMAND: POST /session/329de238260d7602ed1af1352086bef4/element - {"using":"xpath","value":"(//span[contains(@id, \"imgNav\")])[1]"}
RESULT: {"using":"xpath","value":"(//span[contains(@id, \"imgNav\")])[1]"}
COMMAND: POST /session/329de238260d7602ed1af1352086bef4/element/f.ABBA5987F2E82E58D78C902D9EA41D2B.d.8454B3055E8E58C97BA4C084F23E6C82.e.6415/click - {}
RESULT: {}
COMMAND: GET /session/329de238260d7602ed1af1352086bef4/screenshot - {}
RESULT: {}
COMMAND: POST /session/329de238260d7602ed1af1352086bef4/element - {"using":"xpath","value":"//tr/td[6]/div[1]/span[1]/span[1]"}
RESULT: {"using":"xpath","value":"//tr/td[6]/div[1]/span[1]/span[1]"}
COMMAND: GET /session/329de238260d7602ed1af1352086bef4/element/f.ABBA5987F2E82E58D78C902D9EA41D2B.d.8454B3055E8E58C97BA4C084F23E6C82.e.6435/text - {}
RESULT: {}
COMMAND: POST /session/329de238260d7602ed1af1352086bef4/element - {"using":"xpath","value":"(//span[contains(@id, \"imgNav\")])[2]"}
RESULT: {"using":"xpath","value":"(//span[contains(@id, \"imgNav\")])[2]"}
COMMAND: POST /session/329de238260d7602ed1af1352086bef4/element/f.ABBA5987F2E82E58D78C902D9EA41D2B.d.8454B3055E8E58C97BA4C084F23E6C82.e.6436/click - {}
RESULT: {}
COMMAND: GET /session/329de238260d7602ed1af1352086bef4/screenshot - {}
RESULT: {}
COMMAND: POST /session/329de238260d7602ed1af1352086bef4/element - {"using":"xpath","value":"//bdi[contains(text(), \"Business Confirm\")]"}
RESULT: {"using":"xpath","value":"//bdi[contains(text(), \"Business Confirm\")]"}
COMMAND: POST /session/329de238260d7602ed1af1352086bef4/element/f.ABBA5987F2E82E58D78C902D9EA41D2B.d.8454B3055E8E58C97BA4C084F23E6C82.e.6512/click - {}
RESULT: {}
COMMAND: GET /session/329de238260d7602ed1af1352086bef4/screenshot - {}
RESULT: {}
COMMAND: POST /session/329de238260d7602ed1af1352086bef4/element - {"using":"xpath","value":"//bdi[contains(text(), \"Business Confirmed\")]"}
RESULT: {"using":"xpath","value":"//bdi[contains(text(), \"Business Confirmed\")]"}
COMMAND: POST /session/329de238260d7602ed1af1352086bef4/execute/sync - {"script":"<script> [56 bytes]","args":[{"element-6066-11e4-a52e-4f735466cecf":"f.ABBA5987F2E82E58D78C902D9EA41D2B.d.8454B3055E8E58C97BA4C084F23E6C82.e.6512","ELEMENT":"f.ABBA5987F2E82E58D78C902D9EA41D2B.d.8454B3055E8E58C97BA4C084F23E6C82.e.6512"}]}
RESULT: {"script":"<script> [56 bytes]","args":[{"element-6066-11e4-a52e-4f735466cecf":"f.ABBA5987F2E82E58D78C902D9EA41D2B.d.8454B3055E8E58C97BA4C084F23E6C82.e.6512","ELEMENT":"f.ABBA5987F2E82E58D78C902D9EA41D2B.d.8454B3055E8E58C97BA4C084F23E6C82.e.6512"}]}
COMMAND: POST /session/329de238260d7602ed1af1352086bef4/element - {"using":"css selector","value":"#shell-header-logo"}
COMMAND: GET /session/329de238260d7602ed1af1352086bef4/screenshot - {}
RESULT: {"using":"css selector","value":"#shell-header-logo"}
COMMAND: POST /session/329de238260d7602ed1af1352086bef4/element/f.ABBA5987F2E82E58D78C902D9EA41D2B.d.8454B3055E8E58C97BA4C084F23E6C82.e.6189/click - {}
RESULT: {}
RESULT: {}
COMMAND: GET /session/329de238260d7602ed1af1352086bef4/screenshot - {}
RESULT: {}
COMMAND: POST /session/329de238260d7602ed1af1352086bef4/element - {"using":"css selector","value":"#j_username"}
COMMAND: POST /session/329de238260d7602ed1af1352086bef4/url - {"url":"https://qa-testing-00-live-etm-ui.cfapps.eu10-004.hana.ondemand.com/"}
RESULT: {"using":"css selector","value":"#j_username"}
COMMAND: POST /session/329de238260d7602ed1af1352086bef4/element - {"using":"css selector","value":"#j_username"}
RESULT: {"url":"https://qa-testing-00-live-etm-ui.cfapps.eu10-004.hana.ondemand.com/"}
RESULT: undefined
COMMAND: GET /session/329de238260d7602ed1af1352086bef4/screenshot - {}
RESULT: {"using":"css selector","value":"#j_username"}
COMMAND: POST /session/329de238260d7602ed1af1352086bef4/element - {"using":"css selector","value":"#shell-header-logo"}
RESULT: {}
RESULT: {"using":"css selector","value":"#shell-header-logo"}
COMMAND: POST /session/329de238260d7602ed1af1352086bef4/execute/sync - {"script":"<script> [8489 bytes]","args":[{"element-6066-11e4-a52e-4f735466cecf":"f.ABBA5987F2E82E58D78C902D9EA41D2B.d.4CF0CB144AEA37D62EFC7AA43AB311DF.e.6526","ELEMENT":"f.ABBA5987F2E82E58D78C902D9EA41D2B.d.4CF0CB144AEA37D62EFC7AA43AB311DF.e.6526"}]}
RESULT: {"script":"<script> [8489 bytes]","args":[{"element-6066-11e4-a52e-4f735466cecf":"f.ABBA5987F2E82E58D78C902D9EA41D2B.d.4CF0CB144AEA37D62EFC7AA43AB311DF.e.6526","ELEMENT":"f.ABBA5987F2E82E58D78C902D9EA41D2B.d.4CF0CB144AEA37D62EFC7AA43AB311DF.e.6526"}]}
COMMAND: POST /session/329de238260d7602ed1af1352086bef4/element - {"using":"css selector","value":"#shell-header-logo"}
COMMAND: GET /session/329de238260d7602ed1af1352086bef4/screenshot - {}
RESULT: {"using":"css selector","value":"#shell-header-logo"}
COMMAND: POST /session/329de238260d7602ed1af1352086bef4/execute/sync - {"script":"<script> [8489 bytes]","args":[{"element-6066-11e4-a52e-4f735466cecf":"f.ABBA5987F2E82E58D78C902D9EA41D2B.d.4CF0CB144AEA37D62EFC7AA43AB311DF.e.6526","ELEMENT":"f.ABBA5987F2E82E58D78C902D9EA41D2B.d.4CF0CB144AEA37D62EFC7AA43AB311DF.e.6526"}]}
RESULT: {}
RESULT: {"script":"<script> [8489 bytes]","args":[{"element-6066-11e4-a52e-4f735466cecf":"f.ABBA5987F2E82E58D78C902D9EA41D2B.d.4CF0CB144AEA37D62EFC7AA43AB311DF.e.6526","ELEMENT":"f.ABBA5987F2E82E58D78C902D9EA41D2B.d.4CF0CB144AEA37D62EFC7AA43AB311DF.e.6526"}]}
COMMAND: POST /session/329de238260d7602ed1af1352086bef4/execute/sync - {"script":"<script> [5351 bytes]","args":[{"element-6066-11e4-a52e-4f735466cecf":"f.ABBA5987F2E82E58D78C902D9EA41D2B.d.4CF0CB144AEA37D62EFC7AA43AB311DF.e.6526","ELEMENT":"f.ABBA5987F2E82E58D78C902D9EA41D2B.d.4CF0CB144AEA37D62EFC7AA43AB311DF.e.6526"}]}
COMMAND: GET /session/329de238260d7602ed1af1352086bef4/screenshot - {}
RESULT: {"script":"<script> [5351 bytes]","args":[{"element-6066-11e4-a52e-4f735466cecf":"f.ABBA5987F2E82E58D78C902D9EA41D2B.d.4CF0CB144AEA37D62EFC7AA43AB311DF.e.6526","ELEMENT":"f.ABBA5987F2E82E58D78C902D9EA41D2B.d.4CF0CB144AEA37D62EFC7AA43AB311DF.e.6526"}]}
COMMAND: POST /session/329de238260d7602ed1af1352086bef4/element - {"using":"css selector","value":"#shell-header-logo"}
COMMAND: GET /session/329de238260d7602ed1af1352086bef4/screenshot - {}
RESULT: {}
RESULT: {"using":"css selector","value":"#shell-header-logo"}
COMMAND: POST /session/329de238260d7602ed1af1352086bef4/element/f.ABBA5987F2E82E58D78C902D9EA41D2B.d.4CF0CB144AEA37D62EFC7AA43AB311DF.e.6526/click - {}
RESULT: {}
RESULT: {}
COMMAND: GET /session/329de238260d7602ed1af1352086bef4/screenshot - {}
RESULT: {}
COMMAND: POST /session/329de238260d7602ed1af1352086bef4/execute/async - {"script":"<script> [189 bytes]","args":[]}
RESULT: {"script":"<script> [189 bytes]","args":[]}
COMMAND: POST /session/329de238260d7602ed1af1352086bef4/execute/async - {"script":"<script> [123 bytes]","args":[]}
RESULT: {"script":"<script> [123 bytes]","args":[]}
COMMAND: POST /session/329de238260d7602ed1af1352086bef4/timeouts - {"script":"<number>"}
RESULT: {"script":"<number>"}
COMMAND: GET /session/329de238260d7602ed1af1352086bef4/timeouts - {}
RESULT: {}
RESULT: undefined
COMMAND: POST /session/329de238260d7602ed1af1352086bef4/execute/async - {"script":"<script> [2676 bytes]","args":[]}
RESULT: {"script":"<script> [2676 bytes]","args":[]}
COMMAND: POST /session/329de238260d7602ed1af1352086bef4/execute/async - {"script":"<script> [2342 bytes]","args":[{"protocol":"http","hostname":"0.0.0.0","path":"/","capabilities":{"browserName":"chrome","goog:chromeOptions":{"binary":"C:\\Program Files\\Google\\Chrome\\Application\\chrome.exe","args":["--start-maximized"]}},"logLevel":"warn","connectionRetryTimeout":120000,"connectionRetryCount":3,"logLevels":{},"enableDirectConnect":true,"strictSSL":true,"_":"65 more keys: [\"cacheDir\",\"port\",\"requestedCapabilities\",\"automationProtocol\",\"baseUrl\",\"waitforInterval\",\"waitforTimeout\",\"onReload\",\"beforeCommand\",\"afterCommand\",\"rootDir\",\"specs\",\"suites\",\"exclude\",\"groupLogsByTestSpec\",\"excludeDriverLogs\",\"bail\",\"framework\",\"reporters\",\"services\",\"maxInstances\",\"maxInstancesPerCapability\",\"injectGlobals\",\"filesToWatch\",\"execArgv\",\"runnerEnv\",\"runner\",\"shard\",\"specFileRetries\",\"specFileRetriesDelay\",\"specFileRetriesDeferred\",\"reporterSyncInterval\",\"reporterSyncTimeout\",\"cucumberFeaturesWithLineNumbers\",\"autoCompileOpts\",\"mochaOpts\",\"jasmineOpts\",\"cucumberOpts\",\"onPrepare\",\"onWorkerStart\",\"onWorkerEnd\",\"before\",\"beforeSession\",\"beforeSuite\",\"beforeHook\",\"beforeTest\",\"afterTest\",\"afterHook\",\"afterSuite\",\"afterSession\",\"after\",\"onComplete\",\"beforeAssertion\",\"afterAssertion\",\"beforeFeature\",\"beforeScenario\",\"beforeStep\",\"afterStep\",\"afterScenario\",\"afterFeature\",\"_\",\"suite\",\"$0\",\"ignoredWorkerServices\",\"wdi5\"]"}]}
RESULT: {"script":"<script> [2342 bytes]","args":[{"protocol":"http","hostname":"0.0.0.0","path":"/","capabilities":{"browserName":"chrome","goog:chromeOptions":{"binary":"C:\\Program Files\\Google\\Chrome\\Application\\chrome.exe","args":["--start-maximized"]}},"logLevel":"warn","connectionRetryTimeout":120000,"connectionRetryCount":3,"logLevels":{},"enableDirectConnect":true,"strictSSL":true,"_":"65 more keys: [\"cacheDir\",\"port\",\"requestedCapabilities\",\"automationProtocol\",\"baseUrl\",\"waitforInterval\",\"waitforTimeout\",\"onReload\",\"beforeCommand\",\"afterCommand\",\"rootDir\",\"specs\",\"suites\",\"exclude\",\"groupLogsByTestSpec\",\"excludeDriverLogs\",\"bail\",\"framework\",\"reporters\",\"services\",\"maxInstances\",\"maxInstancesPerCapability\",\"injectGlobals\",\"filesToWatch\",\"execArgv\",\"runnerEnv\",\"runner\",\"shard\",\"specFileRetries\",\"specFileRetriesDelay\",\"specFileRetriesDeferred\",\"reporterSyncInterval\",\"reporterSyncTimeout\",\"cucumberFeaturesWithLineNumbers\",\"autoCompileOpts\",\"mochaOpts\",\"jasmineOpts\",\"cucumberOpts\",\"onPrepare\",\"onWorkerStart\",\"onWorkerEnd\",\"before\",\"beforeSession\",\"beforeSuite\",\"beforeHook\",\"beforeTest\",\"afterTest\",\"afterHook\",\"afterSuite\",\"afterSession\",\"after\",\"onComplete\",\"beforeAssertion\",\"afterAssertion\",\"beforeFeature\",\"beforeScenario\",\"beforeStep\",\"afterStep\",\"afterScenario\",\"afterFeature\",\"_\",\"suite\",\"$0\",\"ignoredWorkerServices\",\"wdi5\"]"}]}
COMMAND: POST /session/329de238260d7602ed1af1352086bef4/execute/async - {"script":"<script> [21126 bytes]","args":[35000]}
RESULT: {"script":"<script> [21126 bytes]","args":[35000]}
COMMAND: POST /session/329de238260d7602ed1af1352086bef4/window/maximize - {}
RESULT: {}
COMMAND: POST /session/329de238260d7602ed1af1352086bef4/execute/async - {"script":"<script> [1562 bytes]","args":[{"selector":{"id":"shell-header","interaction":{"idSuffix":"icon"}},"wdio_ui5_key":"shellheader"}]}
COMMAND: GET /session/329de238260d7602ed1af1352086bef4/screenshot - {}
RESULT: {"script":"<script> [1562 bytes]","args":[{"selector":{"id":"shell-header","interaction":{"idSuffix":"icon"}},"wdio_ui5_key":"shellheader"}]}
RESULT: undefined
COMMAND: POST /session/329de238260d7602ed1af1352086bef4/refresh - {}
RESULT: {}
RESULT: {}
COMMAND: GET /session/329de238260d7602ed1af1352086bef4/screenshot - {}
RESULT: {}
COMMAND: POST /session/329de238260d7602ed1af1352086bef4/refresh - {}
RESULT: {}
COMMAND: GET /session/329de238260d7602ed1af1352086bef4/screenshot - {}
RESULT: {}
COMMAND: POST /session/329de238260d7602ed1af1352086bef4/window/fullscreen - {}
RESULT: {}
COMMAND: POST /session/329de238260d7602ed1af1352086bef4/execute/async - {"script":"<script> [189 bytes]","args":[]}
RESULT: {"script":"<script> [189 bytes]","args":[]}
COMMAND: POST /session/329de238260d7602ed1af1352086bef4/execute/async - {"script":"<script> [123 bytes]","args":[]}
RESULT: {"script":"<script> [123 bytes]","args":[]}
COMMAND: POST /session/329de238260d7602ed1af1352086bef4/timeouts - {"script":"<number>"}
RESULT: {"script":"<number>"}
COMMAND: GET /session/329de238260d7602ed1af1352086bef4/timeouts - {}
RESULT: {}
RESULT: undefined
COMMAND: POST /session/329de238260d7602ed1af1352086bef4/execute/async - {"script":"<script> [2676 bytes]","args":[]}
RESULT: {"script":"<script> [2676 bytes]","args":[]}
COMMAND: POST /session/329de238260d7602ed1af1352086bef4/execute/async - {"script":"<script> [2342 bytes]","args":[{"protocol":"http","hostname":"0.0.0.0","path":"/","capabilities":{"browserName":"chrome","goog:chromeOptions":{"binary":"C:\\Program Files\\Google\\Chrome\\Application\\chrome.exe","args":["--start-maximized"]}},"logLevel":"warn","connectionRetryTimeout":120000,"connectionRetryCount":3,"logLevels":{},"enableDirectConnect":true,"strictSSL":true,"_":"65 more keys: [\"cacheDir\",\"port\",\"requestedCapabilities\",\"automationProtocol\",\"baseUrl\",\"waitforInterval\",\"waitforTimeout\",\"onReload\",\"beforeCommand\",\"afterCommand\",\"rootDir\",\"specs\",\"suites\",\"exclude\",\"groupLogsByTestSpec\",\"excludeDriverLogs\",\"bail\",\"framework\",\"reporters\",\"services\",\"maxInstances\",\"maxInstancesPerCapability\",\"injectGlobals\",\"filesToWatch\",\"execArgv\",\"runnerEnv\",\"runner\",\"shard\",\"specFileRetries\",\"specFileRetriesDelay\",\"specFileRetriesDeferred\",\"reporterSyncInterval\",\"reporterSyncTimeout\",\"cucumberFeaturesWithLineNumbers\",\"autoCompileOpts\",\"mochaOpts\",\"jasmineOpts\",\"cucumberOpts\",\"onPrepare\",\"onWorkerStart\",\"onWorkerEnd\",\"before\",\"beforeSession\",\"beforeSuite\",\"beforeHook\",\"beforeTest\",\"afterTest\",\"afterHook\",\"afterSuite\",\"afterSession\",\"after\",\"onComplete\",\"beforeAssertion\",\"afterAssertion\",\"beforeFeature\",\"beforeScenario\",\"beforeStep\",\"afterStep\",\"afterScenario\",\"afterFeature\",\"_\",\"suite\",\"$0\",\"ignoredWorkerServices\",\"wdi5\"]"}]}
RESULT: {"script":"<script> [2342 bytes]","args":[{"protocol":"http","hostname":"0.0.0.0","path":"/","capabilities":{"browserName":"chrome","goog:chromeOptions":{"binary":"C:\\Program Files\\Google\\Chrome\\Application\\chrome.exe","args":["--start-maximized"]}},"logLevel":"warn","connectionRetryTimeout":120000,"connectionRetryCount":3,"logLevels":{},"enableDirectConnect":true,"strictSSL":true,"_":"65 more keys: [\"cacheDir\",\"port\",\"requestedCapabilities\",\"automationProtocol\",\"baseUrl\",\"waitforInterval\",\"waitforTimeout\",\"onReload\",\"beforeCommand\",\"afterCommand\",\"rootDir\",\"specs\",\"suites\",\"exclude\",\"groupLogsByTestSpec\",\"excludeDriverLogs\",\"bail\",\"framework\",\"reporters\",\"services\",\"maxInstances\",\"maxInstancesPerCapability\",\"injectGlobals\",\"filesToWatch\",\"execArgv\",\"runnerEnv\",\"runner\",\"shard\",\"specFileRetries\",\"specFileRetriesDelay\",\"specFileRetriesDeferred\",\"reporterSyncInterval\",\"reporterSyncTimeout\",\"cucumberFeaturesWithLineNumbers\",\"autoCompileOpts\",\"mochaOpts\",\"jasmineOpts\",\"cucumberOpts\",\"onPrepare\",\"onWorkerStart\",\"onWorkerEnd\",\"before\",\"beforeSession\",\"beforeSuite\",\"beforeHook\",\"beforeTest\",\"afterTest\",\"afterHook\",\"afterSuite\",\"afterSession\",\"after\",\"onComplete\",\"beforeAssertion\",\"afterAssertion\",\"beforeFeature\",\"beforeScenario\",\"beforeStep\",\"afterStep\",\"afterScenario\",\"afterFeature\",\"_\",\"suite\",\"$0\",\"ignoredWorkerServices\",\"wdi5\"]"}]}
COMMAND: POST /session/329de238260d7602ed1af1352086bef4/execute/async - {"script":"<script> [21126 bytes]","args":[35000]}
RESULT: {"script":"<script> [21126 bytes]","args":[35000]}
]]></system-out>
    </testcase>
  </testsuite>
  <testsuite timestamp="2025-05-29T17:29:27" time="1306.289" tests="14" failures="0" errors="0" skipped="0">
    <properties>
      <property name="specId" value="0"/>
      <property name="suiteName" value="Create master data for mixed billing &amp; do billing calculation US151661"/>
      <property name="capabilities" value="chrome.136_0_7103_93.windows"/>
      <property name="file" value="file:///D:/a/1/s/test/specs/BTS/billing-calculation-mixed.spec.js"/>
    </properties>
    <testcase classname="chrome.136_0_7103_93.windows.Create_master_data_for_mixed_billing_&amp;_do_billing_calculation_US151661" name="Should create a new yard" time="120.55">
      <system-out><![CDATA[
COMMAND: POST /session/329de238260d7602ed1af1352086bef4/window/fullscreen - {}
RESULT: {}
COMMAND: POST /session/329de238260d7602ed1af1352086bef4/execute/async - {"script":"<script> [1562 bytes]","args":[{"selector":{"controlType":"sap.m.GenericTile","properties":{"header":"Manage Yards"}},"wdio_ui5_key":"sapm.GenericTile{\"header\":\"Manage Yards\"}"}]}
RESULT: {"script":"<script> [1562 bytes]","args":[{"selector":{"controlType":"sap.m.GenericTile","properties":{"header":"Manage Yards"}},"wdio_ui5_key":"sapm.GenericTile{\"header\":\"Manage Yards\"}"}]}
RESULT: undefined
COMMAND: POST /session/329de238260d7602ed1af1352086bef4/element - {"using":"xpath","value":"//*[@id=\"__tile41\"]"}
RESULT: {"using":"xpath","value":"//*[@id=\"__tile41\"]"}
COMMAND: POST /session/329de238260d7602ed1af1352086bef4/element/f.ABBA5987F2E82E58D78C902D9EA41D2B.d.ED8FEE96EDE255BC0220E9F26CCAC5A4.e.6688/click - {}
RESULT: {}
COMMAND: GET /session/329de238260d7602ed1af1352086bef4/screenshot - {}
RESULT: {}
COMMAND: POST /session/329de238260d7602ed1af1352086bef4/elements - {"using":"xpath","value":"//span[text()='Error']"}
RESULT: {"using":"xpath","value":"//span[text()='Error']"}
COMMAND: POST /session/329de238260d7602ed1af1352086bef4/element - {"using":"xpath","value":"//button[@data-kt=\"addNewYardOverflowToolbarButton\"]"}
RESULT: {"using":"xpath","value":"//button[@data-kt=\"addNewYardOverflowToolbarButton\"]"}
COMMAND: POST /session/329de238260d7602ed1af1352086bef4/elements - {"using":"xpath","value":"//button[@data-kt=\"addNewYardOverflowToolbarButton\"]"}
RESULT: {"using":"xpath","value":"//button[@data-kt=\"addNewYardOverflowToolbarButton\"]"}
COMMAND: POST /session/329de238260d7602ed1af1352086bef4/elements - {"using":"xpath","value":"//button[@data-kt=\"addNewYardOverflowToolbarButton\"]"}
RESULT: {"using":"xpath","value":"//button[@data-kt=\"addNewYardOverflowToolbarButton\"]"}
COMMAND: POST /session/329de238260d7602ed1af1352086bef4/elements - {"using":"xpath","value":"//button[@data-kt=\"addNewYardOverflowToolbarButton\"]"}
RESULT: {"using":"xpath","value":"//button[@data-kt=\"addNewYardOverflowToolbarButton\"]"}
COMMAND: POST /session/329de238260d7602ed1af1352086bef4/elements - {"using":"xpath","value":"//button[@data-kt=\"addNewYardOverflowToolbarButton\"]"}
RESULT: {"using":"xpath","value":"//button[@data-kt=\"addNewYardOverflowToolbarButton\"]"}
COMMAND: POST /session/329de238260d7602ed1af1352086bef4/element - {"using":"xpath","value":"//button[@data-kt=\"addNewYardOverflowToolbarButton\"]"}
RESULT: {"using":"xpath","value":"//button[@data-kt=\"addNewYardOverflowToolbarButton\"]"}
COMMAND: POST /session/329de238260d7602ed1af1352086bef4/execute/sync - {"script":"<script> [8489 bytes]","args":[{"element-6066-11e4-a52e-4f735466cecf":"f.ABBA5987F2E82E58D78C902D9EA41D2B.d.ED8FEE96EDE255BC0220E9F26CCAC5A4.e.6822","ELEMENT":"f.ABBA5987F2E82E58D78C902D9EA41D2B.d.ED8FEE96EDE255BC0220E9F26CCAC5A4.e.6822"}]}
RESULT: {"script":"<script> [8489 bytes]","args":[{"element-6066-11e4-a52e-4f735466cecf":"f.ABBA5987F2E82E58D78C902D9EA41D2B.d.ED8FEE96EDE255BC0220E9F26CCAC5A4.e.6822","ELEMENT":"f.ABBA5987F2E82E58D78C902D9EA41D2B.d.ED8FEE96EDE255BC0220E9F26CCAC5A4.e.6822"}]}
COMMAND: GET /session/329de238260d7602ed1af1352086bef4/element/f.ABBA5987F2E82E58D78C902D9EA41D2B.d.ED8FEE96EDE255BC0220E9F26CCAC5A4.e.6822/enabled - {}
COMMAND: GET /session/329de238260d7602ed1af1352086bef4/screenshot - {}
RESULT: {}
COMMAND: POST /session/329de238260d7602ed1af1352086bef4/execute/sync - {"script":"<script> [8489 bytes]","args":[{"element-6066-11e4-a52e-4f735466cecf":"f.ABBA5987F2E82E58D78C902D9EA41D2B.d.ED8FEE96EDE255BC0220E9F26CCAC5A4.e.6822","ELEMENT":"f.ABBA5987F2E82E58D78C902D9EA41D2B.d.ED8FEE96EDE255BC0220E9F26CCAC5A4.e.6822"}]}
COMMAND: GET /session/329de238260d7602ed1af1352086bef4/screenshot - {}
RESULT: {}
RESULT: {"script":"<script> [8489 bytes]","args":[{"element-6066-11e4-a52e-4f735466cecf":"f.ABBA5987F2E82E58D78C902D9EA41D2B.d.ED8FEE96EDE255BC0220E9F26CCAC5A4.e.6822","ELEMENT":"f.ABBA5987F2E82E58D78C902D9EA41D2B.d.ED8FEE96EDE255BC0220E9F26CCAC5A4.e.6822"}]}
COMMAND: POST /session/329de238260d7602ed1af1352086bef4/execute/sync - {"script":"<script> [5351 bytes]","args":[{"element-6066-11e4-a52e-4f735466cecf":"f.ABBA5987F2E82E58D78C902D9EA41D2B.d.ED8FEE96EDE255BC0220E9F26CCAC5A4.e.6822","ELEMENT":"f.ABBA5987F2E82E58D78C902D9EA41D2B.d.ED8FEE96EDE255BC0220E9F26CCAC5A4.e.6822"}]}
COMMAND: GET /session/329de238260d7602ed1af1352086bef4/screenshot - {}
RESULT: {}
RESULT: {"script":"<script> [5351 bytes]","args":[{"element-6066-11e4-a52e-4f735466cecf":"f.ABBA5987F2E82E58D78C902D9EA41D2B.d.ED8FEE96EDE255BC0220E9F26CCAC5A4.e.6822","ELEMENT":"f.ABBA5987F2E82E58D78C902D9EA41D2B.d.ED8FEE96EDE255BC0220E9F26CCAC5A4.e.6822"}]}
COMMAND: POST /session/329de238260d7602ed1af1352086bef4/element/f.ABBA5987F2E82E58D78C902D9EA41D2B.d.ED8FEE96EDE255BC0220E9F26CCAC5A4.e.6822/click - {}
COMMAND: GET /session/329de238260d7602ed1af1352086bef4/screenshot - {}
RESULT: {}
RESULT: {}
COMMAND: GET /session/329de238260d7602ed1af1352086bef4/screenshot - {}
RESULT: {}
RESULT: {}
COMMAND: POST /session/329de238260d7602ed1af1352086bef4/element - {"using":"xpath","value":"//input[@id=\"application-manageyards-display-component---NewYard--yardId-inner\"]"}
RESULT: {"using":"xpath","value":"//input[@id=\"application-manageyards-display-component---NewYard--yardId-inner\"]"}
COMMAND: POST /session/329de238260d7602ed1af1352086bef4/element - {"using":"xpath","value":"//input[@id=\"application-manageyards-display-component---NewYard--yardId-inner\"]"}
RESULT: {"using":"xpath","value":"//input[@id=\"application-manageyards-display-component---NewYard--yardId-inner\"]"}
COMMAND: POST /session/329de238260d7602ed1af1352086bef4/execute/async - {"script":"<script> [1562 bytes]","args":[{"selector":{"id":"application-manageyards-display-component---NewYard--addressDetailDetailsName1","interaction":{"idSuffix":"inner"}},"wdio_ui5_key":"applicationmanageyards-display-component---NewYard--addressDetailDetailsName1"}]}
RESULT: {"script":"<script> [1562 bytes]","args":[{"selector":{"id":"application-manageyards-display-component---NewYard--addressDetailDetailsName1","interaction":{"idSuffix":"inner"}},"wdio_ui5_key":"applicationmanageyards-display-component---NewYard--addressDetailDetailsName1"}]}
RESULT: undefined
COMMAND: POST /session/329de238260d7602ed1af1352086bef4/execute/async - {"script":"<script> [776 bytes]","args":[{"enterText":"Intercompany Yard wdIO","selector":{"id":"application-manageyards-display-component---NewYard--addressDetailDetailsName1","interaction":{"idSuffix":"inner"}},"clearTextFirst":true,"interactionType":"ENTER_TEXT"}]}
RESULT: {"script":"<script> [776 bytes]","args":[{"enterText":"Intercompany Yard wdIO","selector":{"id":"application-manageyards-display-component---NewYard--addressDetailDetailsName1","interaction":{"idSuffix":"inner"}},"clearTextFirst":true,"interactionType":"ENTER_TEXT"}]}
COMMAND: POST /session/329de238260d7602ed1af1352086bef4/execute/async - {"script":"<script> [1562 bytes]","args":[{"selector":{"id":"application-manageyards-display-component---NewYard--addressDetailDetailsLanguage-arrow"},"wdio_ui5_key":"applicationmanageyards-display-component---NewYard--addressDetailDetailsLanguage-arrow"}]}
RESULT: {"script":"<script> [1562 bytes]","args":[{"selector":{"id":"application-manageyards-display-component---NewYard--addressDetailDetailsLanguage-arrow"},"wdio_ui5_key":"applicationmanageyards-display-component---NewYard--addressDetailDetailsLanguage-arrow"}]}
RESULT: undefined
COMMAND: POST /session/329de238260d7602ed1af1352086bef4/element - {"using":"xpath","value":"//*[@id=\"application-manageyards-display-component---NewYard--addressDetailDetailsLanguage-arrow\"]"}
RESULT: {"using":"xpath","value":"//*[@id=\"application-manageyards-display-component---NewYard--addressDetailDetailsLanguage-arrow\"]"}
COMMAND: POST /session/329de238260d7602ed1af1352086bef4/element/f.ABBA5987F2E82E58D78C902D9EA41D2B.d.ED8FEE96EDE255BC0220E9F26CCAC5A4.e.7252/click - {}
RESULT: {}
COMMAND: POST /session/329de238260d7602ed1af1352086bef4/element - {"using":"xpath","value":"//span[contains(text(), \"English\")]"}
COMMAND: GET /session/329de238260d7602ed1af1352086bef4/screenshot - {}
RESULT: {"using":"xpath","value":"//span[contains(text(), \"English\")]"}
COMMAND: POST /session/329de238260d7602ed1af1352086bef4/element/f.ABBA5987F2E82E58D78C902D9EA41D2B.d.ED8FEE96EDE255BC0220E9F26CCAC5A4.e.7253/click - {}
RESULT: {}
RESULT: {}
COMMAND: POST /session/329de238260d7602ed1af1352086bef4/execute/async - {"script":"<script> [1562 bytes]","args":[{"selector":{"id":"application-manageyards-display-component---NewYard--addressDetailDetailsCity1","interaction":{"idSuffix":"inner"}},"wdio_ui5_key":"applicationmanageyards-display-component---NewYard--addressDetailDetailsCity1"}]}
COMMAND: GET /session/329de238260d7602ed1af1352086bef4/screenshot - {}
RESULT: {"script":"<script> [1562 bytes]","args":[{"selector":{"id":"application-manageyards-display-component---NewYard--addressDetailDetailsCity1","interaction":{"idSuffix":"inner"}},"wdio_ui5_key":"applicationmanageyards-display-component---NewYard--addressDetailDetailsCity1"}]}
RESULT: undefined
COMMAND: POST /session/329de238260d7602ed1af1352086bef4/execute/async - {"script":"<script> [776 bytes]","args":[{"enterText":"Rosario","selector":{"id":"application-manageyards-display-component---NewYard--addressDetailDetailsCity1","interaction":{"idSuffix":"inner"}},"clearTextFirst":true,"interactionType":"ENTER_TEXT"}]}
RESULT: {}
RESULT: {"script":"<script> [776 bytes]","args":[{"enterText":"Rosario","selector":{"id":"application-manageyards-display-component---NewYard--addressDetailDetailsCity1","interaction":{"idSuffix":"inner"}},"clearTextFirst":true,"interactionType":"ENTER_TEXT"}]}
COMMAND: POST /session/329de238260d7602ed1af1352086bef4/execute/async - {"script":"<script> [1562 bytes]","args":[{"selector":{"id":"application-manageyards-display-component---NewYard--addressDetailDetailsCountry-arrow"},"wdio_ui5_key":"applicationmanageyards-display-component---NewYard--addressDetailDetailsCountry-arrow"}]}
RESULT: {"script":"<script> [1562 bytes]","args":[{"selector":{"id":"application-manageyards-display-component---NewYard--addressDetailDetailsCountry-arrow"},"wdio_ui5_key":"applicationmanageyards-display-component---NewYard--addressDetailDetailsCountry-arrow"}]}
RESULT: undefined
COMMAND: POST /session/329de238260d7602ed1af1352086bef4/element - {"using":"xpath","value":"//*[@id=\"application-manageyards-display-component---NewYard--addressDetailDetailsCountry-arrow\"]"}
RESULT: {"using":"xpath","value":"//*[@id=\"application-manageyards-display-component---NewYard--addressDetailDetailsCountry-arrow\"]"}
COMMAND: POST /session/329de238260d7602ed1af1352086bef4/element/f.ABBA5987F2E82E58D78C902D9EA41D2B.d.ED8FEE96EDE255BC0220E9F26CCAC5A4.e.7255/click - {}
RESULT: {}
COMMAND: POST /session/329de238260d7602ed1af1352086bef4/element - {"using":"xpath","value":"//span[contains(text(), \"Argentina\")]"}
COMMAND: GET /session/329de238260d7602ed1af1352086bef4/screenshot - {}
RESULT: {"using":"xpath","value":"//span[contains(text(), \"Argentina\")]"}
COMMAND: POST /session/329de238260d7602ed1af1352086bef4/element/f.ABBA5987F2E82E58D78C902D9EA41D2B.d.ED8FEE96EDE255BC0220E9F26CCAC5A4.e.7256/click - {}
RESULT: {}
RESULT: {}
COMMAND: POST /session/329de238260d7602ed1af1352086bef4/execute/async - {"script":"<script> [1562 bytes]","args":[{"selector":{"id":"application-manageyards-display-component---NewYard--addressEditDetailsCostObjectCstType-arrow"},"wdio_ui5_key":"applicationmanageyards-display-component---NewYard--addressEditDetailsCostObjectCstType-arrow"}]}
COMMAND: GET /session/329de238260d7602ed1af1352086bef4/screenshot - {}
RESULT: {"script":"<script> [1562 bytes]","args":[{"selector":{"id":"application-manageyards-display-component---NewYard--addressEditDetailsCostObjectCstType-arrow"},"wdio_ui5_key":"applicationmanageyards-display-component---NewYard--addressEditDetailsCostObjectCstType-arrow"}]}
RESULT: undefined
COMMAND: POST /session/329de238260d7602ed1af1352086bef4/element - {"using":"xpath","value":"//*[@id=\"application-manageyards-display-component---NewYard--addressEditDetailsCostObjectCstType-arrow\"]"}
RESULT: {}
RESULT: {"using":"xpath","value":"//*[@id=\"application-manageyards-display-component---NewYard--addressEditDetailsCostObjectCstType-arrow\"]"}
COMMAND: POST /session/329de238260d7602ed1af1352086bef4/element/f.ABBA5987F2E82E58D78C902D9EA41D2B.d.ED8FEE96EDE255BC0220E9F26CCAC5A4.e.7258/click - {}
RESULT: {}
COMMAND: POST /session/329de238260d7602ed1af1352086bef4/element - {"using":"xpath","value":"//span[contains(text(), \"Cost Center\")]"}
COMMAND: GET /session/329de238260d7602ed1af1352086bef4/screenshot - {}
RESULT: {"using":"xpath","value":"//span[contains(text(), \"Cost Center\")]"}
COMMAND: POST /session/329de238260d7602ed1af1352086bef4/element/f.ABBA5987F2E82E58D78C902D9EA41D2B.d.ED8FEE96EDE255BC0220E9F26CCAC5A4.e.7259/click - {}
RESULT: {}
RESULT: {}
COMMAND: GET /session/329de238260d7602ed1af1352086bef4/screenshot - {}
RESULT: {}
COMMAND: POST /session/329de238260d7602ed1af1352086bef4/element - {"using":"xpath","value":"//span[@id=\"application-manageyards-display-component---NewYard--addressNewCostObjectCstID-vhi\"]"}
RESULT: {"using":"xpath","value":"//span[@id=\"application-manageyards-display-component---NewYard--addressNewCostObjectCstID-vhi\"]"}
COMMAND: POST /session/329de238260d7602ed1af1352086bef4/execute/sync - {"script":"<script> [8489 bytes]","args":[{"element-6066-11e4-a52e-4f735466cecf":"f.ABBA5987F2E82E58D78C902D9EA41D2B.d.ED8FEE96EDE255BC0220E9F26CCAC5A4.e.7263","ELEMENT":"f.ABBA5987F2E82E58D78C902D9EA41D2B.d.ED8FEE96EDE255BC0220E9F26CCAC5A4.e.7263"}]}
RESULT: {"script":"<script> [8489 bytes]","args":[{"element-6066-11e4-a52e-4f735466cecf":"f.ABBA5987F2E82E58D78C902D9EA41D2B.d.ED8FEE96EDE255BC0220E9F26CCAC5A4.e.7263","ELEMENT":"f.ABBA5987F2E82E58D78C902D9EA41D2B.d.ED8FEE96EDE255BC0220E9F26CCAC5A4.e.7263"}]}
COMMAND: POST /session/329de238260d7602ed1af1352086bef4/execute/async - {"script":"<script> [1562 bytes]","args":[{"selector":{"id":"application-manageyards-display-component---NewYard--addressNewCostObjectCstID-vhi"},"wdio_ui5_key":"applicationmanageyards-display-component---NewYard--addressNewCostObjectCstID-vhi"}]}
COMMAND: GET /session/329de238260d7602ed1af1352086bef4/screenshot - {}
RESULT: {"script":"<script> [1562 bytes]","args":[{"selector":{"id":"application-manageyards-display-component---NewYard--addressNewCostObjectCstID-vhi"},"wdio_ui5_key":"applicationmanageyards-display-component---NewYard--addressNewCostObjectCstID-vhi"}]}
RESULT: undefined
COMMAND: POST /session/329de238260d7602ed1af1352086bef4/element - {"using":"xpath","value":"//*[@id=\"application-manageyards-display-component---NewYard--addressNewCostObjectCstID-vhi\"]"}
RESULT: {}
RESULT: {"using":"xpath","value":"//*[@id=\"application-manageyards-display-component---NewYard--addressNewCostObjectCstID-vhi\"]"}
COMMAND: POST /session/329de238260d7602ed1af1352086bef4/element/f.ABBA5987F2E82E58D78C902D9EA41D2B.d.ED8FEE96EDE255BC0220E9F26CCAC5A4.e.7263/click - {}
RESULT: {}
COMMAND: GET /session/329de238260d7602ed1af1352086bef4/screenshot - {}
RESULT: {}
COMMAND: POST /session/329de238260d7602ed1af1352086bef4/execute/async - {"script":"<script> [1562 bytes]","args":[{"selector":{"controlType":"sap.m.SearchField","properties":{"placeholder":"Search"},"searchOpenDialogs":true,"interaction":{"idSuffix":"I"}},"wdio_ui5_key":"sapm.SearchField{\"placeholder\":\"Search\"}"}]}
RESULT: {"script":"<script> [1562 bytes]","args":[{"selector":{"controlType":"sap.m.SearchField","properties":{"placeholder":"Search"},"searchOpenDialogs":true,"interaction":{"idSuffix":"I"}},"wdio_ui5_key":"sapm.SearchField{\"placeholder\":\"Search\"}"}]}
RESULT: undefined
COMMAND: POST /session/329de238260d7602ed1af1352086bef4/execute/async - {"script":"<script> [776 bytes]","args":[{"enterText":"bauh_b","selector":{"controlType":"sap.m.SearchField","properties":{"placeholder":"Search"},"searchOpenDialogs":true,"interaction":{"idSuffix":"I"}},"clearTextFirst":true,"interactionType":"ENTER_TEXT"}]}
RESULT: {"script":"<script> [776 bytes]","args":[{"enterText":"bauh_b","selector":{"controlType":"sap.m.SearchField","properties":{"placeholder":"Search"},"searchOpenDialogs":true,"interaction":{"idSuffix":"I"}},"clearTextFirst":true,"interactionType":"ENTER_TEXT"}]}
COMMAND: POST /session/329de238260d7602ed1af1352086bef4/actions - {"actions":[{"id":"action21","type":"key","parameters":{},"actions":[{"type":"keyDown","value":""},{"type":"pause","duration":10},{"type":"keyUp","value":""}]}]}
RESULT: {"actions":[{"id":"action21","type":"key","parameters":{},"actions":[{"type":"keyDown","value":""},{"type":"pause","duration":10},{"type":"keyUp","value":""}]}]}
COMMAND: GET /session/329de238260d7602ed1af1352086bef4/screenshot - {}
RESULT: {}
COMMAND: POST /session/329de238260d7602ed1af1352086bef4/element - {"using":"xpath","value":"//span[contains(text(), \"Demo Yard\")]"}
RESULT: {"using":"xpath","value":"//span[contains(text(), \"Demo Yard\")]"}
COMMAND: POST /session/329de238260d7602ed1af1352086bef4/element/f.ABBA5987F2E82E58D78C902D9EA41D2B.d.ED8FEE96EDE255BC0220E9F26CCAC5A4.e.7305/click - {}
RESULT: {}
COMMAND: GET /session/329de238260d7602ed1af1352086bef4/screenshot - {}
RESULT: {}
COMMAND: POST /session/329de238260d7602ed1af1352086bef4/element - {"using":"xpath","value":"//bdi[contains(text(), \"OK\")]"}
RESULT: {"using":"xpath","value":"//bdi[contains(text(), \"OK\")]"}
COMMAND: POST /session/329de238260d7602ed1af1352086bef4/element/f.ABBA5987F2E82E58D78C902D9EA41D2B.d.ED8FEE96EDE255BC0220E9F26CCAC5A4.e.7306/click - {}
RESULT: {}
COMMAND: GET /session/329de238260d7602ed1af1352086bef4/screenshot - {}
RESULT: {}
COMMAND: POST /session/329de238260d7602ed1af1352086bef4/execute/async - {"script":"<script> [1562 bytes]","args":[{"selector":{"id":"application-manageyards-display-component---NewYard--addressEditDetailsCurrency-arrow"},"wdio_ui5_key":"applicationmanageyards-display-component---NewYard--addressEditDetailsCurrency-arrow"}]}
RESULT: {"script":"<script> [1562 bytes]","args":[{"selector":{"id":"application-manageyards-display-component---NewYard--addressEditDetailsCurrency-arrow"},"wdio_ui5_key":"applicationmanageyards-display-component---NewYard--addressEditDetailsCurrency-arrow"}]}
RESULT: undefined
COMMAND: POST /session/329de238260d7602ed1af1352086bef4/element - {"using":"xpath","value":"//*[@id=\"application-manageyards-display-component---NewYard--addressEditDetailsCurrency-arrow\"]"}
RESULT: {"using":"xpath","value":"//*[@id=\"application-manageyards-display-component---NewYard--addressEditDetailsCurrency-arrow\"]"}
COMMAND: POST /session/329de238260d7602ed1af1352086bef4/element/f.ABBA5987F2E82E58D78C902D9EA41D2B.d.ED8FEE96EDE255BC0220E9F26CCAC5A4.e.7309/click - {}
RESULT: {}
COMMAND: POST /session/329de238260d7602ed1af1352086bef4/element - {"using":"xpath","value":"//span[contains(text(), \"Euro\")]"}
COMMAND: GET /session/329de238260d7602ed1af1352086bef4/screenshot - {}
RESULT: {"using":"xpath","value":"//span[contains(text(), \"Euro\")]"}
COMMAND: POST /session/329de238260d7602ed1af1352086bef4/element/f.ABBA5987F2E82E58D78C902D9EA41D2B.d.ED8FEE96EDE255BC0220E9F26CCAC5A4.e.7310/click - {}
RESULT: {}
RESULT: {}
COMMAND: POST /session/329de238260d7602ed1af1352086bef4/execute/async - {"script":"<script> [1562 bytes]","args":[{"selector":{"controlType":"sap.m.Input","viewName":"etm.portal.ui.manageyards.view.New","viewId":"application-manageyards-display-component---NewYard","bindingPath":{"path":"","propertyPath":"/CONTROLLING_AREA","modelName":"NewYardModel"},"interaction":{"idSuffix":"inner"}},"wdio_ui5_key":"etmportal.ui.manageyards.view.Newsap.m.Input{\"path\":\"\",\"propertyPath\":\"/CONTROLLING_AREA\",\"modelName\":\"NewYardModel\"}"}]}
COMMAND: GET /session/329de238260d7602ed1af1352086bef4/screenshot - {}
RESULT: {"script":"<script> [1562 bytes]","args":[{"selector":{"controlType":"sap.m.Input","viewName":"etm.portal.ui.manageyards.view.New","viewId":"application-manageyards-display-component---NewYard","bindingPath":{"path":"","propertyPath":"/CONTROLLING_AREA","modelName":"NewYardModel"},"interaction":{"idSuffix":"inner"}},"wdio_ui5_key":"etmportal.ui.manageyards.view.Newsap.m.Input{\"path\":\"\",\"propertyPath\":\"/CONTROLLING_AREA\",\"modelName\":\"NewYardModel\"}"}]}
RESULT: undefined
COMMAND: POST /session/329de238260d7602ed1af1352086bef4/execute/async - {"script":"<script> [776 bytes]","args":[{"enterText":"Z001","selector":{"controlType":"sap.m.Input","viewName":"etm.portal.ui.manageyards.view.New","viewId":"application-manageyards-display-component---NewYard","bindingPath":{"path":"","propertyPath":"/CONTROLLING_AREA","modelName":"NewYardModel"},"interaction":{"idSuffix":"inner"}},"clearTextFirst":true,"interactionType":"ENTER_TEXT"}]}
RESULT: {}
RESULT: {"script":"<script> [776 bytes]","args":[{"enterText":"Z001","selector":{"controlType":"sap.m.Input","viewName":"etm.portal.ui.manageyards.view.New","viewId":"application-manageyards-display-component---NewYard","bindingPath":{"path":"","propertyPath":"/CONTROLLING_AREA","modelName":"NewYardModel"},"interaction":{"idSuffix":"inner"}},"clearTextFirst":true,"interactionType":"ENTER_TEXT"}]}
COMMAND: POST /session/329de238260d7602ed1af1352086bef4/execute/async - {"script":"<script> [1562 bytes]","args":[{"selector":{"id":"application-manageyards-display-component---NewYard--companyCodeComboBox","interaction":{"idSuffix":"inner"}},"wdio_ui5_key":"applicationmanageyards-display-component---NewYard--companyCodeComboBox"}]}
RESULT: {"script":"<script> [1562 bytes]","args":[{"selector":{"id":"application-manageyards-display-component---NewYard--companyCodeComboBox","interaction":{"idSuffix":"inner"}},"wdio_ui5_key":"applicationmanageyards-display-component---NewYard--companyCodeComboBox"}]}
RESULT: undefined
COMMAND: POST /session/329de238260d7602ed1af1352086bef4/execute/async - {"script":"<script> [776 bytes]","args":[{"enterText":"1000","selector":{"id":"application-manageyards-display-component---NewYard--companyCodeComboBox","interaction":{"idSuffix":"inner"}},"clearTextFirst":true,"interactionType":"ENTER_TEXT"}]}
RESULT: {"script":"<script> [776 bytes]","args":[{"enterText":"1000","selector":{"id":"application-manageyards-display-component---NewYard--companyCodeComboBox","interaction":{"idSuffix":"inner"}},"clearTextFirst":true,"interactionType":"ENTER_TEXT"}]}
COMMAND: POST /session/329de238260d7602ed1af1352086bef4/execute/async - {"script":"<script> [1562 bytes]","args":[{"selector":{"controlType":"sap.m.Input","viewName":"etm.portal.ui.manageyards.view.New","viewId":"application-manageyards-display-component---NewYard","bindingPath":{"path":"","propertyPath":"/PLANT","modelName":"NewYardModel"},"interaction":{"idSuffix":"inner"}},"wdio_ui5_key":"etmportal.ui.manageyards.view.Newsap.m.Input{\"path\":\"\",\"propertyPath\":\"/PLANT\",\"modelName\":\"NewYardModel\"}"}]}
RESULT: {"script":"<script> [1562 bytes]","args":[{"selector":{"controlType":"sap.m.Input","viewName":"etm.portal.ui.manageyards.view.New","viewId":"application-manageyards-display-component---NewYard","bindingPath":{"path":"","propertyPath":"/PLANT","modelName":"NewYardModel"},"interaction":{"idSuffix":"inner"}},"wdio_ui5_key":"etmportal.ui.manageyards.view.Newsap.m.Input{\"path\":\"\",\"propertyPath\":\"/PLANT\",\"modelName\":\"NewYardModel\"}"}]}
RESULT: undefined
COMMAND: POST /session/329de238260d7602ed1af1352086bef4/execute/async - {"script":"<script> [776 bytes]","args":[{"enterText":"1001","selector":{"controlType":"sap.m.Input","viewName":"etm.portal.ui.manageyards.view.New","viewId":"application-manageyards-display-component---NewYard","bindingPath":{"path":"","propertyPath":"/PLANT","modelName":"NewYardModel"},"interaction":{"idSuffix":"inner"}},"clearTextFirst":true,"interactionType":"ENTER_TEXT"}]}
RESULT: {"script":"<script> [776 bytes]","args":[{"enterText":"1001","selector":{"controlType":"sap.m.Input","viewName":"etm.portal.ui.manageyards.view.New","viewId":"application-manageyards-display-component---NewYard","bindingPath":{"path":"","propertyPath":"/PLANT","modelName":"NewYardModel"},"interaction":{"idSuffix":"inner"}},"clearTextFirst":true,"interactionType":"ENTER_TEXT"}]}
COMMAND: POST /session/329de238260d7602ed1af1352086bef4/execute/async - {"script":"<script> [1562 bytes]","args":[{"selector":{"controlType":"sap.m.Input","viewName":"etm.portal.ui.manageyards.view.New","viewId":"application-manageyards-display-component---NewYard","bindingPath":{"path":"","propertyPath":"/SALES_AREA_VKORG","modelName":"NewYardModel"},"interaction":{"idSuffix":"inner"}},"wdio_ui5_key":"etmportal.ui.manageyards.view.Newsap.m.Input{\"path\":\"\",\"propertyPath\":\"/SALES_AREA_VKORG\",\"modelName\":\"NewYardModel\"}"}]}
RESULT: {"script":"<script> [1562 bytes]","args":[{"selector":{"controlType":"sap.m.Input","viewName":"etm.portal.ui.manageyards.view.New","viewId":"application-manageyards-display-component---NewYard","bindingPath":{"path":"","propertyPath":"/SALES_AREA_VKORG","modelName":"NewYardModel"},"interaction":{"idSuffix":"inner"}},"wdio_ui5_key":"etmportal.ui.manageyards.view.Newsap.m.Input{\"path\":\"\",\"propertyPath\":\"/SALES_AREA_VKORG\",\"modelName\":\"NewYardModel\"}"}]}
RESULT: undefined
COMMAND: POST /session/329de238260d7602ed1af1352086bef4/execute/async - {"script":"<script> [776 bytes]","args":[{"enterText":"C002","selector":{"controlType":"sap.m.Input","viewName":"etm.portal.ui.manageyards.view.New","viewId":"application-manageyards-display-component---NewYard","bindingPath":{"path":"","propertyPath":"/SALES_AREA_VKORG","modelName":"NewYardModel"},"interaction":{"idSuffix":"inner"}},"clearTextFirst":true,"interactionType":"ENTER_TEXT"}]}
RESULT: {"script":"<script> [776 bytes]","args":[{"enterText":"C002","selector":{"controlType":"sap.m.Input","viewName":"etm.portal.ui.manageyards.view.New","viewId":"application-manageyards-display-component---NewYard","bindingPath":{"path":"","propertyPath":"/SALES_AREA_VKORG","modelName":"NewYardModel"},"interaction":{"idSuffix":"inner"}},"clearTextFirst":true,"interactionType":"ENTER_TEXT"}]}
COMMAND: POST /session/329de238260d7602ed1af1352086bef4/execute/async - {"script":"<script> [1562 bytes]","args":[{"selector":{"controlType":"sap.m.Input","viewName":"etm.portal.ui.manageyards.view.New","viewId":"application-manageyards-display-component---NewYard","bindingPath":{"path":"","propertyPath":"/SALES_AREA_VTWEG","modelName":"NewYardModel"},"interaction":{"idSuffix":"inner"}},"wdio_ui5_key":"etmportal.ui.manageyards.view.Newsap.m.Input{\"path\":\"\",\"propertyPath\":\"/SALES_AREA_VTWEG\",\"modelName\":\"NewYardModel\"}"}]}
RESULT: {"script":"<script> [1562 bytes]","args":[{"selector":{"controlType":"sap.m.Input","viewName":"etm.portal.ui.manageyards.view.New","viewId":"application-manageyards-display-component---NewYard","bindingPath":{"path":"","propertyPath":"/SALES_AREA_VTWEG","modelName":"NewYardModel"},"interaction":{"idSuffix":"inner"}},"wdio_ui5_key":"etmportal.ui.manageyards.view.Newsap.m.Input{\"path\":\"\",\"propertyPath\":\"/SALES_AREA_VTWEG\",\"modelName\":\"NewYardModel\"}"}]}
RESULT: undefined
COMMAND: POST /session/329de238260d7602ed1af1352086bef4/execute/async - {"script":"<script> [776 bytes]","args":[{"enterText":"C2","selector":{"controlType":"sap.m.Input","viewName":"etm.portal.ui.manageyards.view.New","viewId":"application-manageyards-display-component---NewYard","bindingPath":{"path":"","propertyPath":"/SALES_AREA_VTWEG","modelName":"NewYardModel"},"interaction":{"idSuffix":"inner"}},"clearTextFirst":true,"interactionType":"ENTER_TEXT"}]}
RESULT: {"script":"<script> [776 bytes]","args":[{"enterText":"C2","selector":{"controlType":"sap.m.Input","viewName":"etm.portal.ui.manageyards.view.New","viewId":"application-manageyards-display-component---NewYard","bindingPath":{"path":"","propertyPath":"/SALES_AREA_VTWEG","modelName":"NewYardModel"},"interaction":{"idSuffix":"inner"}},"clearTextFirst":true,"interactionType":"ENTER_TEXT"}]}
COMMAND: POST /session/329de238260d7602ed1af1352086bef4/execute/async - {"script":"<script> [1562 bytes]","args":[{"selector":{"controlType":"sap.m.Input","viewName":"etm.portal.ui.manageyards.view.New","viewId":"application-manageyards-display-component---NewYard","bindingPath":{"path":"","propertyPath":"/SALES_AREA_SPART","modelName":"NewYardModel"},"interaction":{"idSuffix":"inner"}},"wdio_ui5_key":"etmportal.ui.manageyards.view.Newsap.m.Input{\"path\":\"\",\"propertyPath\":\"/SALES_AREA_SPART\",\"modelName\":\"NewYardModel\"}"}]}
RESULT: {"script":"<script> [1562 bytes]","args":[{"selector":{"controlType":"sap.m.Input","viewName":"etm.portal.ui.manageyards.view.New","viewId":"application-manageyards-display-component---NewYard","bindingPath":{"path":"","propertyPath":"/SALES_AREA_SPART","modelName":"NewYardModel"},"interaction":{"idSuffix":"inner"}},"wdio_ui5_key":"etmportal.ui.manageyards.view.Newsap.m.Input{\"path\":\"\",\"propertyPath\":\"/SALES_AREA_SPART\",\"modelName\":\"NewYardModel\"}"}]}
RESULT: undefined
COMMAND: POST /session/329de238260d7602ed1af1352086bef4/execute/async - {"script":"<script> [776 bytes]","args":[{"enterText":"C2","selector":{"controlType":"sap.m.Input","viewName":"etm.portal.ui.manageyards.view.New","viewId":"application-manageyards-display-component---NewYard","bindingPath":{"path":"","propertyPath":"/SALES_AREA_SPART","modelName":"NewYardModel"},"interaction":{"idSuffix":"inner"}},"clearTextFirst":true,"interactionType":"ENTER_TEXT"}]}
RESULT: {"script":"<script> [776 bytes]","args":[{"enterText":"C2","selector":{"controlType":"sap.m.Input","viewName":"etm.portal.ui.manageyards.view.New","viewId":"application-manageyards-display-component---NewYard","bindingPath":{"path":"","propertyPath":"/SALES_AREA_SPART","modelName":"NewYardModel"},"interaction":{"idSuffix":"inner"}},"clearTextFirst":true,"interactionType":"ENTER_TEXT"}]}
COMMAND: POST /session/329de238260d7602ed1af1352086bef4/execute/async - {"script":"<script> [1562 bytes]","args":[{"selector":{"controlType":"sap.m.Input","viewName":"etm.portal.ui.manageyards.view.New","viewId":"application-manageyards-display-component---NewYard","bindingPath":{"path":"","propertyPath":"/SHIP_POINT","modelName":"NewYardModel"},"interaction":{"idSuffix":"inner"}},"wdio_ui5_key":"etmportal.ui.manageyards.view.Newsap.m.Input{\"path\":\"\",\"propertyPath\":\"/SHIP_POINT\",\"modelName\":\"NewYardModel\"}"}]}
RESULT: {"script":"<script> [1562 bytes]","args":[{"selector":{"controlType":"sap.m.Input","viewName":"etm.portal.ui.manageyards.view.New","viewId":"application-manageyards-display-component---NewYard","bindingPath":{"path":"","propertyPath":"/SHIP_POINT","modelName":"NewYardModel"},"interaction":{"idSuffix":"inner"}},"wdio_ui5_key":"etmportal.ui.manageyards.view.Newsap.m.Input{\"path\":\"\",\"propertyPath\":\"/SHIP_POINT\",\"modelName\":\"NewYardModel\"}"}]}
RESULT: undefined
COMMAND: POST /session/329de238260d7602ed1af1352086bef4/execute/async - {"script":"<script> [776 bytes]","args":[{"enterText":"1710","selector":{"controlType":"sap.m.Input","viewName":"etm.portal.ui.manageyards.view.New","viewId":"application-manageyards-display-component---NewYard","bindingPath":{"path":"","propertyPath":"/SHIP_POINT","modelName":"NewYardModel"},"interaction":{"idSuffix":"inner"}},"clearTextFirst":true,"interactionType":"ENTER_TEXT"}]}
RESULT: {"script":"<script> [776 bytes]","args":[{"enterText":"1710","selector":{"controlType":"sap.m.Input","viewName":"etm.portal.ui.manageyards.view.New","viewId":"application-manageyards-display-component---NewYard","bindingPath":{"path":"","propertyPath":"/SHIP_POINT","modelName":"NewYardModel"},"interaction":{"idSuffix":"inner"}},"clearTextFirst":true,"interactionType":"ENTER_TEXT"}]}
COMMAND: POST /session/329de238260d7602ed1af1352086bef4/execute/async - {"script":"<script> [1562 bytes]","args":[{"selector":{"controlType":"sap.m.Input","viewName":"etm.portal.ui.manageyards.view.New","viewId":"application-manageyards-display-component---NewYard","bindingPath":{"path":"","propertyPath":"/DELIVERY_TYPE","modelName":"NewYardModel"},"interaction":{"idSuffix":"inner"}},"wdio_ui5_key":"etmportal.ui.manageyards.view.Newsap.m.Input{\"path\":\"\",\"propertyPath\":\"/DELIVERY_TYPE\",\"modelName\":\"NewYardModel\"}"}]}
RESULT: {"script":"<script> [1562 bytes]","args":[{"selector":{"controlType":"sap.m.Input","viewName":"etm.portal.ui.manageyards.view.New","viewId":"application-manageyards-display-component---NewYard","bindingPath":{"path":"","propertyPath":"/DELIVERY_TYPE","modelName":"NewYardModel"},"interaction":{"idSuffix":"inner"}},"wdio_ui5_key":"etmportal.ui.manageyards.view.Newsap.m.Input{\"path\":\"\",\"propertyPath\":\"/DELIVERY_TYPE\",\"modelName\":\"NewYardModel\"}"}]}
RESULT: undefined
COMMAND: POST /session/329de238260d7602ed1af1352086bef4/execute/async - {"script":"<script> [776 bytes]","args":[{"enterText":"ZL01","selector":{"controlType":"sap.m.Input","viewName":"etm.portal.ui.manageyards.view.New","viewId":"application-manageyards-display-component---NewYard","bindingPath":{"path":"","propertyPath":"/DELIVERY_TYPE","modelName":"NewYardModel"},"interaction":{"idSuffix":"inner"}},"clearTextFirst":true,"interactionType":"ENTER_TEXT"}]}
RESULT: {"script":"<script> [776 bytes]","args":[{"enterText":"ZL01","selector":{"controlType":"sap.m.Input","viewName":"etm.portal.ui.manageyards.view.New","viewId":"application-manageyards-display-component---NewYard","bindingPath":{"path":"","propertyPath":"/DELIVERY_TYPE","modelName":"NewYardModel"},"interaction":{"idSuffix":"inner"}},"clearTextFirst":true,"interactionType":"ENTER_TEXT"}]}
COMMAND: POST /session/329de238260d7602ed1af1352086bef4/execute/async - {"script":"<script> [1562 bytes]","args":[{"selector":{"controlType":"sap.m.Input","viewName":"etm.portal.ui.manageyards.view.New","viewId":"application-manageyards-display-component---NewYard","bindingPath":{"path":"","propertyPath":"/AUART","modelName":"NewYardModel"},"interaction":{"idSuffix":"inner"}},"wdio_ui5_key":"etmportal.ui.manageyards.view.Newsap.m.Input{\"path\":\"\",\"propertyPath\":\"/AUART\",\"modelName\":\"NewYardModel\"}"}]}
RESULT: {"script":"<script> [1562 bytes]","args":[{"selector":{"controlType":"sap.m.Input","viewName":"etm.portal.ui.manageyards.view.New","viewId":"application-manageyards-display-component---NewYard","bindingPath":{"path":"","propertyPath":"/AUART","modelName":"NewYardModel"},"interaction":{"idSuffix":"inner"}},"wdio_ui5_key":"etmportal.ui.manageyards.view.Newsap.m.Input{\"path\":\"\",\"propertyPath\":\"/AUART\",\"modelName\":\"NewYardModel\"}"}]}
RESULT: undefined
COMMAND: POST /session/329de238260d7602ed1af1352086bef4/execute/async - {"script":"<script> [776 bytes]","args":[{"enterText":"TA","selector":{"controlType":"sap.m.Input","viewName":"etm.portal.ui.manageyards.view.New","viewId":"application-manageyards-display-component---NewYard","bindingPath":{"path":"","propertyPath":"/AUART","modelName":"NewYardModel"},"interaction":{"idSuffix":"inner"}},"clearTextFirst":true,"interactionType":"ENTER_TEXT"}]}
RESULT: {"script":"<script> [776 bytes]","args":[{"enterText":"TA","selector":{"controlType":"sap.m.Input","viewName":"etm.portal.ui.manageyards.view.New","viewId":"application-manageyards-display-component---NewYard","bindingPath":{"path":"","propertyPath":"/AUART","modelName":"NewYardModel"},"interaction":{"idSuffix":"inner"}},"clearTextFirst":true,"interactionType":"ENTER_TEXT"}]}
COMMAND: POST /session/329de238260d7602ed1af1352086bef4/element - {"using":"xpath","value":"//button[@data-kt=\"newYardSaveButton\"]"}
RESULT: {"using":"xpath","value":"//button[@data-kt=\"newYardSaveButton\"]"}
COMMAND: POST /session/329de238260d7602ed1af1352086bef4/element/f.ABBA5987F2E82E58D78C902D9EA41D2B.d.ED8FEE96EDE255BC0220E9F26CCAC5A4.e.7233/click - {}
RESULT: {}
COMMAND: GET /session/329de238260d7602ed1af1352086bef4/screenshot - {}
RESULT: {}
COMMAND: POST /session/329de238260d7602ed1af1352086bef4/element - {"using":"xpath","value":"//header[contains(@id, 'ObjectPageLayout-headerTitle')]/div[1]/div[2]/div[1]/span[1]"}
RESULT: {"using":"xpath","value":"//header[contains(@id, 'ObjectPageLayout-headerTitle')]/div[1]/div[2]/div[1]/span[1]"}
COMMAND: POST /session/329de238260d7602ed1af1352086bef4/elements - {"using":"xpath","value":"//header[contains(@id, 'ObjectPageLayout-headerTitle')]/div[1]/div[2]/div[1]/span[1]"}
RESULT: {"using":"xpath","value":"//header[contains(@id, 'ObjectPageLayout-headerTitle')]/div[1]/div[2]/div[1]/span[1]"}
COMMAND: POST /session/329de238260d7602ed1af1352086bef4/execute/sync - {"script":"<script> [56 bytes]","args":[{"element-6066-11e4-a52e-4f735466cecf":"f.ABBA5987F2E82E58D78C902D9EA41D2B.d.ED8FEE96EDE255BC0220E9F26CCAC5A4.e.7528","ELEMENT":"f.ABBA5987F2E82E58D78C902D9EA41D2B.d.ED8FEE96EDE255BC0220E9F26CCAC5A4.e.7528"}]}
RESULT: {"script":"<script> [56 bytes]","args":[{"element-6066-11e4-a52e-4f735466cecf":"f.ABBA5987F2E82E58D78C902D9EA41D2B.d.ED8FEE96EDE255BC0220E9F26CCAC5A4.e.7528","ELEMENT":"f.ABBA5987F2E82E58D78C902D9EA41D2B.d.ED8FEE96EDE255BC0220E9F26CCAC5A4.e.7528"}]}
COMMAND: GET /session/329de238260d7602ed1af1352086bef4/screenshot - {}
RESULT: {}
COMMAND: POST /session/329de238260d7602ed1af1352086bef4/element - {"using":"css selector","value":"#shell-header-logo"}
RESULT: {"using":"css selector","value":"#shell-header-logo"}
COMMAND: POST /session/329de238260d7602ed1af1352086bef4/element/f.ABBA5987F2E82E58D78C902D9EA41D2B.d.ED8FEE96EDE255BC0220E9F26CCAC5A4.e.6791/click - {}
RESULT: {}
COMMAND: GET /session/329de238260d7602ed1af1352086bef4/screenshot - {}
RESULT: {}
COMMAND: POST /session/329de238260d7602ed1af1352086bef4/execute/sync - {"script":"<script> [299 bytes]","args":[["getModel","getResource"]]}
RESULT: {"script":"<script> [299 bytes]","args":[["getModel","getResource"]]}
COMMAND: GET /session/329de238260d7602ed1af1352086bef4/screenshot - {}
]]></system-out>
    </testcase>
    <testcase classname="chrome.136_0_7103_93.windows.Create_master_data_for_mixed_billing_&amp;_do_billing_calculation_US151661" name="Should create a new partner" time="129.977">
      <system-out><![CDATA[
COMMAND: POST /session/329de238260d7602ed1af1352086bef4/window/fullscreen - {}
RESULT: {}
RESULT: {}
COMMAND: POST /session/329de238260d7602ed1af1352086bef4/execute/async - {"script":"<script> [1562 bytes]","args":[{"selector":{"controlType":"sap.m.GenericTile","properties":{"header":"Manage Partners"}},"wdio_ui5_key":"sapm.GenericTile{\"header\":\"Manage Partners\"}"}]}
RESULT: {"script":"<script> [1562 bytes]","args":[{"selector":{"controlType":"sap.m.GenericTile","properties":{"header":"Manage Partners"}},"wdio_ui5_key":"sapm.GenericTile{\"header\":\"Manage Partners\"}"}]}
RESULT: undefined
COMMAND: POST /session/329de238260d7602ed1af1352086bef4/element - {"using":"xpath","value":"//*[@id=\"__tile38\"]"}
RESULT: {"using":"xpath","value":"//*[@id=\"__tile38\"]"}
COMMAND: POST /session/329de238260d7602ed1af1352086bef4/element/f.ABBA5987F2E82E58D78C902D9EA41D2B.d.ED8FEE96EDE255BC0220E9F26CCAC5A4.e.6679/click - {}
RESULT: {}
COMMAND: GET /session/329de238260d7602ed1af1352086bef4/screenshot - {}
COMMAND: POST /session/329de238260d7602ed1af1352086bef4/elements - {"using":"xpath","value":"//span[text()='Error']"}
RESULT: {}
RESULT: {"using":"xpath","value":"//span[text()='Error']"}
COMMAND: POST /session/329de238260d7602ed1af1352086bef4/element - {"using":"xpath","value":"//button[@data-kt=\"addButton\"]"}
RESULT: {"using":"xpath","value":"//button[@data-kt=\"addButton\"]"}
COMMAND: POST /session/329de238260d7602ed1af1352086bef4/elements - {"using":"xpath","value":"//button[@data-kt=\"addButton\"]"}
RESULT: {"using":"xpath","value":"//button[@data-kt=\"addButton\"]"}
COMMAND: POST /session/329de238260d7602ed1af1352086bef4/execute/sync - {"script":"<script> [8489 bytes]","args":[{"element-6066-11e4-a52e-4f735466cecf":"f.ABBA5987F2E82E58D78C902D9EA41D2B.d.ED8FEE96EDE255BC0220E9F26CCAC5A4.e.7697","ELEMENT":"f.ABBA5987F2E82E58D78C902D9EA41D2B.d.ED8FEE96EDE255BC0220E9F26CCAC5A4.e.7697"}]}
RESULT: {"script":"<script> [8489 bytes]","args":[{"element-6066-11e4-a52e-4f735466cecf":"f.ABBA5987F2E82E58D78C902D9EA41D2B.d.ED8FEE96EDE255BC0220E9F26CCAC5A4.e.7697","ELEMENT":"f.ABBA5987F2E82E58D78C902D9EA41D2B.d.ED8FEE96EDE255BC0220E9F26CCAC5A4.e.7697"}]}
COMMAND: GET /session/329de238260d7602ed1af1352086bef4/element/f.ABBA5987F2E82E58D78C902D9EA41D2B.d.ED8FEE96EDE255BC0220E9F26CCAC5A4.e.7697/enabled - {}
COMMAND: GET /session/329de238260d7602ed1af1352086bef4/screenshot - {}
RESULT: {}
COMMAND: POST /session/329de238260d7602ed1af1352086bef4/execute/sync - {"script":"<script> [8489 bytes]","args":[{"element-6066-11e4-a52e-4f735466cecf":"f.ABBA5987F2E82E58D78C902D9EA41D2B.d.ED8FEE96EDE255BC0220E9F26CCAC5A4.e.7697","ELEMENT":"f.ABBA5987F2E82E58D78C902D9EA41D2B.d.ED8FEE96EDE255BC0220E9F26CCAC5A4.e.7697"}]}
COMMAND: GET /session/329de238260d7602ed1af1352086bef4/screenshot - {}
RESULT: {}
RESULT: {"script":"<script> [8489 bytes]","args":[{"element-6066-11e4-a52e-4f735466cecf":"f.ABBA5987F2E82E58D78C902D9EA41D2B.d.ED8FEE96EDE255BC0220E9F26CCAC5A4.e.7697","ELEMENT":"f.ABBA5987F2E82E58D78C902D9EA41D2B.d.ED8FEE96EDE255BC0220E9F26CCAC5A4.e.7697"}]}
COMMAND: POST /session/329de238260d7602ed1af1352086bef4/execute/sync - {"script":"<script> [5351 bytes]","args":[{"element-6066-11e4-a52e-4f735466cecf":"f.ABBA5987F2E82E58D78C902D9EA41D2B.d.ED8FEE96EDE255BC0220E9F26CCAC5A4.e.7697","ELEMENT":"f.ABBA5987F2E82E58D78C902D9EA41D2B.d.ED8FEE96EDE255BC0220E9F26CCAC5A4.e.7697"}]}
COMMAND: GET /session/329de238260d7602ed1af1352086bef4/screenshot - {}
RESULT: {}
RESULT: {"script":"<script> [5351 bytes]","args":[{"element-6066-11e4-a52e-4f735466cecf":"f.ABBA5987F2E82E58D78C902D9EA41D2B.d.ED8FEE96EDE255BC0220E9F26CCAC5A4.e.7697","ELEMENT":"f.ABBA5987F2E82E58D78C902D9EA41D2B.d.ED8FEE96EDE255BC0220E9F26CCAC5A4.e.7697"}]}
COMMAND: POST /session/329de238260d7602ed1af1352086bef4/element/f.ABBA5987F2E82E58D78C902D9EA41D2B.d.ED8FEE96EDE255BC0220E9F26CCAC5A4.e.7697/click - {}
COMMAND: GET /session/329de238260d7602ed1af1352086bef4/screenshot - {}
RESULT: {}
RESULT: {}
COMMAND: GET /session/329de238260d7602ed1af1352086bef4/screenshot - {}
RESULT: {}
RESULT: {}
COMMAND: POST /session/329de238260d7602ed1af1352086bef4/execute/async - {"script":"<script> [1562 bytes]","args":[{"selector":{"id":"application-managepartners-display-component---NewPartner--addressDetailDetailsName1","interaction":{"idSuffix":"inner"}},"wdio_ui5_key":"applicationmanagepartners-display-component---NewPartner--addressDetailDetailsName1"}]}
RESULT: {"script":"<script> [1562 bytes]","args":[{"selector":{"id":"application-managepartners-display-component---NewPartner--addressDetailDetailsName1","interaction":{"idSuffix":"inner"}},"wdio_ui5_key":"applicationmanagepartners-display-component---NewPartner--addressDetailDetailsName1"}]}
RESULT: undefined
COMMAND: POST /session/329de238260d7602ed1af1352086bef4/execute/async - {"script":"<script> [776 bytes]","args":[{"enterText":"Intercompany Partner WDIO","selector":{"id":"application-managepartners-display-component---NewPartner--addressDetailDetailsName1","interaction":{"idSuffix":"inner"}},"clearTextFirst":true,"interactionType":"ENTER_TEXT"}]}
RESULT: {"script":"<script> [776 bytes]","args":[{"enterText":"Intercompany Partner WDIO","selector":{"id":"application-managepartners-display-component---NewPartner--addressDetailDetailsName1","interaction":{"idSuffix":"inner"}},"clearTextFirst":true,"interactionType":"ENTER_TEXT"}]}
COMMAND: POST /session/329de238260d7602ed1af1352086bef4/execute/async - {"script":"<script> [1562 bytes]","args":[{"selector":{"id":"application-managepartners-display-component---NewPartner--addressDetailDetailsLanguage-arrow"},"wdio_ui5_key":"applicationmanagepartners-display-component---NewPartner--addressDetailDetailsLanguage-arrow"}]}
RESULT: {"script":"<script> [1562 bytes]","args":[{"selector":{"id":"application-managepartners-display-component---NewPartner--addressDetailDetailsLanguage-arrow"},"wdio_ui5_key":"applicationmanagepartners-display-component---NewPartner--addressDetailDetailsLanguage-arrow"}]}
RESULT: undefined
COMMAND: POST /session/329de238260d7602ed1af1352086bef4/element - {"using":"xpath","value":"//*[@id=\"application-managepartners-display-component---NewPartner--addressDetailDetailsLanguage-arrow\"]"}
RESULT: {"using":"xpath","value":"//*[@id=\"application-managepartners-display-component---NewPartner--addressDetailDetailsLanguage-arrow\"]"}
COMMAND: POST /session/329de238260d7602ed1af1352086bef4/element/f.ABBA5987F2E82E58D78C902D9EA41D2B.d.ED8FEE96EDE255BC0220E9F26CCAC5A4.e.8017/click - {}
RESULT: {}
COMMAND: POST /session/329de238260d7602ed1af1352086bef4/element - {"using":"xpath","value":"//span[contains(text(), \"English\")]"}
COMMAND: GET /session/329de238260d7602ed1af1352086bef4/screenshot - {}
RESULT: {"using":"xpath","value":"//span[contains(text(), \"English\")]"}
COMMAND: POST /session/329de238260d7602ed1af1352086bef4/element/f.ABBA5987F2E82E58D78C902D9EA41D2B.d.ED8FEE96EDE255BC0220E9F26CCAC5A4.e.8018/click - {}
RESULT: {}
RESULT: {}
COMMAND: GET /session/329de238260d7602ed1af1352086bef4/screenshot - {}
RESULT: {}
COMMAND: POST /session/329de238260d7602ed1af1352086bef4/execute/async - {"script":"<script> [1562 bytes]","args":[{"selector":{"id":"application-managepartners-display-component---NewPartner--addressDetailDetailsCity1","interaction":{"idSuffix":"inner"}},"wdio_ui5_key":"applicationmanagepartners-display-component---NewPartner--addressDetailDetailsCity1"}]}
RESULT: {"script":"<script> [1562 bytes]","args":[{"selector":{"id":"application-managepartners-display-component---NewPartner--addressDetailDetailsCity1","interaction":{"idSuffix":"inner"}},"wdio_ui5_key":"applicationmanagepartners-display-component---NewPartner--addressDetailDetailsCity1"}]}
RESULT: undefined
COMMAND: POST /session/329de238260d7602ed1af1352086bef4/execute/async - {"script":"<script> [776 bytes]","args":[{"enterText":"Rosario","selector":{"id":"application-managepartners-display-component---NewPartner--addressDetailDetailsCity1","interaction":{"idSuffix":"inner"}},"clearTextFirst":true,"interactionType":"ENTER_TEXT"}]}
RESULT: {"script":"<script> [776 bytes]","args":[{"enterText":"Rosario","selector":{"id":"application-managepartners-display-component---NewPartner--addressDetailDetailsCity1","interaction":{"idSuffix":"inner"}},"clearTextFirst":true,"interactionType":"ENTER_TEXT"}]}
COMMAND: POST /session/329de238260d7602ed1af1352086bef4/execute/async - {"script":"<script> [1562 bytes]","args":[{"selector":{"id":"application-managepartners-display-component---NewPartner--addressDetailDetailsCountry-arrow"},"wdio_ui5_key":"applicationmanagepartners-display-component---NewPartner--addressDetailDetailsCountry-arrow"}]}
RESULT: {"script":"<script> [1562 bytes]","args":[{"selector":{"id":"application-managepartners-display-component---NewPartner--addressDetailDetailsCountry-arrow"},"wdio_ui5_key":"applicationmanagepartners-display-component---NewPartner--addressDetailDetailsCountry-arrow"}]}
RESULT: undefined
COMMAND: POST /session/329de238260d7602ed1af1352086bef4/element - {"using":"xpath","value":"//*[@id=\"application-managepartners-display-component---NewPartner--addressDetailDetailsCountry-arrow\"]"}
RESULT: {"using":"xpath","value":"//*[@id=\"application-managepartners-display-component---NewPartner--addressDetailDetailsCountry-arrow\"]"}
COMMAND: POST /session/329de238260d7602ed1af1352086bef4/element/f.ABBA5987F2E82E58D78C902D9EA41D2B.d.ED8FEE96EDE255BC0220E9F26CCAC5A4.e.8004/click - {}
RESULT: {}
COMMAND: POST /session/329de238260d7602ed1af1352086bef4/element - {"using":"xpath","value":"//span[contains(text(), \"Argentina\")]"}
COMMAND: GET /session/329de238260d7602ed1af1352086bef4/screenshot - {}
RESULT: {"using":"xpath","value":"//span[contains(text(), \"Argentina\")]"}
COMMAND: POST /session/329de238260d7602ed1af1352086bef4/element/f.ABBA5987F2E82E58D78C902D9EA41D2B.d.ED8FEE96EDE255BC0220E9F26CCAC5A4.e.8020/click - {}
RESULT: {}
RESULT: {}
COMMAND: GET /session/329de238260d7602ed1af1352086bef4/screenshot - {}
RESULT: {}
COMMAND: POST /session/329de238260d7602ed1af1352086bef4/element - {"using":"xpath","value":"//bdi[contains(text(), \"Commercial\")]"}
RESULT: {"using":"xpath","value":"//bdi[contains(text(), \"Commercial\")]"}
COMMAND: POST /session/329de238260d7602ed1af1352086bef4/element/f.ABBA5987F2E82E58D78C902D9EA41D2B.d.ED8FEE96EDE255BC0220E9F26CCAC5A4.e.8021/click - {}
RESULT: {}
COMMAND: GET /session/329de238260d7602ed1af1352086bef4/screenshot - {}
RESULT: {}
COMMAND: POST /session/329de238260d7602ed1af1352086bef4/execute/async - {"script":"<script> [1562 bytes]","args":[{"selector":{"id":"application-managepartners-display-component---NewPartner--partnerDetailInternal-arrow"},"wdio_ui5_key":"applicationmanagepartners-display-component---NewPartner--partnerDetailInternal-arrow"}]}
RESULT: {"script":"<script> [1562 bytes]","args":[{"selector":{"id":"application-managepartners-display-component---NewPartner--partnerDetailInternal-arrow"},"wdio_ui5_key":"applicationmanagepartners-display-component---NewPartner--partnerDetailInternal-arrow"}]}
RESULT: undefined
COMMAND: POST /session/329de238260d7602ed1af1352086bef4/element - {"using":"xpath","value":"//*[@id=\"application-managepartners-display-component---NewPartner--partnerDetailInternal-arrow\"]"}
RESULT: {"using":"xpath","value":"//*[@id=\"application-managepartners-display-component---NewPartner--partnerDetailInternal-arrow\"]"}
COMMAND: POST /session/329de238260d7602ed1af1352086bef4/element/f.ABBA5987F2E82E58D78C902D9EA41D2B.d.ED8FEE96EDE255BC0220E9F26CCAC5A4.e.8027/click - {}
RESULT: {}
COMMAND: POST /session/329de238260d7602ed1af1352086bef4/element - {"using":"xpath","value":"//span[contains(text(), \"Affiliated company\")]"}
COMMAND: GET /session/329de238260d7602ed1af1352086bef4/screenshot - {}
RESULT: {"using":"xpath","value":"//span[contains(text(), \"Affiliated company\")]"}
COMMAND: POST /session/329de238260d7602ed1af1352086bef4/element/f.ABBA5987F2E82E58D78C902D9EA41D2B.d.ED8FEE96EDE255BC0220E9F26CCAC5A4.e.8030/click - {}
RESULT: {}
RESULT: {}
COMMAND: POST /session/329de238260d7602ed1af1352086bef4/execute/async - {"script":"<script> [1562 bytes]","args":[{"selector":{"id":"application-managepartners-display-component---NewPartner--partnerDetailsCurrency-arrow"},"wdio_ui5_key":"applicationmanagepartners-display-component---NewPartner--partnerDetailsCurrency-arrow"}]}
COMMAND: GET /session/329de238260d7602ed1af1352086bef4/screenshot - {}
RESULT: {"script":"<script> [1562 bytes]","args":[{"selector":{"id":"application-managepartners-display-component---NewPartner--partnerDetailsCurrency-arrow"},"wdio_ui5_key":"applicationmanagepartners-display-component---NewPartner--partnerDetailsCurrency-arrow"}]}
RESULT: undefined
COMMAND: POST /session/329de238260d7602ed1af1352086bef4/element - {"using":"xpath","value":"//*[@id=\"application-managepartners-display-component---NewPartner--partnerDetailsCurrency-arrow\"]"}
RESULT: {}
RESULT: {"using":"xpath","value":"//*[@id=\"application-managepartners-display-component---NewPartner--partnerDetailsCurrency-arrow\"]"}
COMMAND: POST /session/329de238260d7602ed1af1352086bef4/element/f.ABBA5987F2E82E58D78C902D9EA41D2B.d.ED8FEE96EDE255BC0220E9F26CCAC5A4.e.8037/click - {}
RESULT: {}
COMMAND: POST /session/329de238260d7602ed1af1352086bef4/element - {"using":"xpath","value":"//span[contains(text(), \"Euro\")]"}
COMMAND: GET /session/329de238260d7602ed1af1352086bef4/screenshot - {}
RESULT: {"using":"xpath","value":"//span[contains(text(), \"Euro\")]"}
COMMAND: POST /session/329de238260d7602ed1af1352086bef4/element/f.ABBA5987F2E82E58D78C902D9EA41D2B.d.ED8FEE96EDE255BC0220E9F26CCAC5A4.e.8038/click - {}
RESULT: {}
RESULT: {}
COMMAND: POST /session/329de238260d7602ed1af1352086bef4/execute/async - {"script":"<script> [1562 bytes]","args":[{"selector":{"id":"application-managepartners-display-component---NewPartner--addressEditDetailsCostObjectCstType-arrow"},"wdio_ui5_key":"applicationmanagepartners-display-component---NewPartner--addressEditDetailsCostObjectCstType-arrow"}]}
COMMAND: GET /session/329de238260d7602ed1af1352086bef4/screenshot - {}
RESULT: {"script":"<script> [1562 bytes]","args":[{"selector":{"id":"application-managepartners-display-component---NewPartner--addressEditDetailsCostObjectCstType-arrow"},"wdio_ui5_key":"applicationmanagepartners-display-component---NewPartner--addressEditDetailsCostObjectCstType-arrow"}]}
RESULT: undefined
COMMAND: POST /session/329de238260d7602ed1af1352086bef4/element - {"using":"xpath","value":"//*[@id=\"application-managepartners-display-component---NewPartner--addressEditDetailsCostObjectCstType-arrow\"]"}
RESULT: {}
RESULT: {"using":"xpath","value":"//*[@id=\"application-managepartners-display-component---NewPartner--addressEditDetailsCostObjectCstType-arrow\"]"}
COMMAND: POST /session/329de238260d7602ed1af1352086bef4/element/f.ABBA5987F2E82E58D78C902D9EA41D2B.d.ED8FEE96EDE255BC0220E9F26CCAC5A4.e.8039/click - {}
RESULT: {}
COMMAND: POST /session/329de238260d7602ed1af1352086bef4/element - {"using":"xpath","value":"//span[contains(text(), \"Cost Center\")]"}
COMMAND: GET /session/329de238260d7602ed1af1352086bef4/screenshot - {}
RESULT: {"using":"xpath","value":"//span[contains(text(), \"Cost Center\")]"}
COMMAND: POST /session/329de238260d7602ed1af1352086bef4/element/f.ABBA5987F2E82E58D78C902D9EA41D2B.d.ED8FEE96EDE255BC0220E9F26CCAC5A4.e.8040/click - {}
RESULT: {}
RESULT: {}
COMMAND: GET /session/329de238260d7602ed1af1352086bef4/screenshot - {}
RESULT: {}
COMMAND: POST /session/329de238260d7602ed1af1352086bef4/element - {"using":"xpath","value":"//span[@id=\"application-managepartners-display-component---NewPartner--addressNewCostObjectCstID-vhi\"]"}
RESULT: {"using":"xpath","value":"//span[@id=\"application-managepartners-display-component---NewPartner--addressNewCostObjectCstID-vhi\"]"}
COMMAND: POST /session/329de238260d7602ed1af1352086bef4/execute/sync - {"script":"<script> [8489 bytes]","args":[{"element-6066-11e4-a52e-4f735466cecf":"f.ABBA5987F2E82E58D78C902D9EA41D2B.d.ED8FEE96EDE255BC0220E9F26CCAC5A4.e.8044","ELEMENT":"f.ABBA5987F2E82E58D78C902D9EA41D2B.d.ED8FEE96EDE255BC0220E9F26CCAC5A4.e.8044"}]}
RESULT: {"script":"<script> [8489 bytes]","args":[{"element-6066-11e4-a52e-4f735466cecf":"f.ABBA5987F2E82E58D78C902D9EA41D2B.d.ED8FEE96EDE255BC0220E9F26CCAC5A4.e.8044","ELEMENT":"f.ABBA5987F2E82E58D78C902D9EA41D2B.d.ED8FEE96EDE255BC0220E9F26CCAC5A4.e.8044"}]}
COMMAND: POST /session/329de238260d7602ed1af1352086bef4/execute/async - {"script":"<script> [1562 bytes]","args":[{"selector":{"id":"application-managepartners-display-component---NewPartner--addressNewCostObjectCstID-vhi"},"wdio_ui5_key":"applicationmanagepartners-display-component---NewPartner--addressNewCostObjectCstID-vhi"}]}
COMMAND: GET /session/329de238260d7602ed1af1352086bef4/screenshot - {}
RESULT: {"script":"<script> [1562 bytes]","args":[{"selector":{"id":"application-managepartners-display-component---NewPartner--addressNewCostObjectCstID-vhi"},"wdio_ui5_key":"applicationmanagepartners-display-component---NewPartner--addressNewCostObjectCstID-vhi"}]}
RESULT: undefined
COMMAND: POST /session/329de238260d7602ed1af1352086bef4/element - {"using":"xpath","value":"//*[@id=\"application-managepartners-display-component---NewPartner--addressNewCostObjectCstID-vhi\"]"}
RESULT: {}
RESULT: {"using":"xpath","value":"//*[@id=\"application-managepartners-display-component---NewPartner--addressNewCostObjectCstID-vhi\"]"}
COMMAND: POST /session/329de238260d7602ed1af1352086bef4/element/f.ABBA5987F2E82E58D78C902D9EA41D2B.d.ED8FEE96EDE255BC0220E9F26CCAC5A4.e.8044/click - {}
RESULT: {}
COMMAND: GET /session/329de238260d7602ed1af1352086bef4/screenshot - {}
RESULT: {}
RESULT: undefined
COMMAND: POST /session/329de238260d7602ed1af1352086bef4/execute/async - {"script":"<script> [776 bytes]","args":[{"enterText":"10001013","selector":{"controlType":"sap.m.SearchField","properties":{"placeholder":"Search"},"searchOpenDialogs":true,"interaction":{"idSuffix":"I"}},"clearTextFirst":true,"interactionType":"ENTER_TEXT"}]}
RESULT: {"script":"<script> [776 bytes]","args":[{"enterText":"10001013","selector":{"controlType":"sap.m.SearchField","properties":{"placeholder":"Search"},"searchOpenDialogs":true,"interaction":{"idSuffix":"I"}},"clearTextFirst":true,"interactionType":"ENTER_TEXT"}]}
COMMAND: POST /session/329de238260d7602ed1af1352086bef4/actions - {"actions":[{"id":"action22","type":"key","parameters":{},"actions":[{"type":"keyDown","value":""},{"type":"pause","duration":10},{"type":"keyUp","value":""}]}]}
RESULT: {"actions":[{"id":"action22","type":"key","parameters":{},"actions":[{"type":"keyDown","value":""},{"type":"pause","duration":10},{"type":"keyUp","value":""}]}]}
COMMAND: GET /session/329de238260d7602ed1af1352086bef4/screenshot - {}
RESULT: {}
COMMAND: POST /session/329de238260d7602ed1af1352086bef4/element - {"using":"xpath","value":"//span[contains(text(), \"General Management\")]"}
RESULT: {"using":"xpath","value":"//span[contains(text(), \"General Management\")]"}
COMMAND: POST /session/329de238260d7602ed1af1352086bef4/element/f.ABBA5987F2E82E58D78C902D9EA41D2B.d.ED8FEE96EDE255BC0220E9F26CCAC5A4.e.8082/click - {}
RESULT: {}
COMMAND: GET /session/329de238260d7602ed1af1352086bef4/screenshot - {}
RESULT: {}
COMMAND: POST /session/329de238260d7602ed1af1352086bef4/element - {"using":"xpath","value":"//bdi[contains(text(), \"OK\")]"}
RESULT: {"using":"xpath","value":"//bdi[contains(text(), \"OK\")]"}
COMMAND: POST /session/329de238260d7602ed1af1352086bef4/element/f.ABBA5987F2E82E58D78C902D9EA41D2B.d.ED8FEE96EDE255BC0220E9F26CCAC5A4.e.8083/click - {}
RESULT: {}
COMMAND: GET /session/329de238260d7602ed1af1352086bef4/screenshot - {}
RESULT: {}
COMMAND: POST /session/329de238260d7602ed1af1352086bef4/element - {"using":"xpath","value":"//input[@id=\"application-managepartners-display-component---NewPartner--companyCodeComboBox-inner\"]"}
RESULT: {"using":"xpath","value":"//input[@id=\"application-managepartners-display-component---NewPartner--companyCodeComboBox-inner\"]"}
COMMAND: POST /session/329de238260d7602ed1af1352086bef4/element/f.ABBA5987F2E82E58D78C902D9EA41D2B.d.ED8FEE96EDE255BC0220E9F26CCAC5A4.e.7875/clear - {}
RESULT: {}
COMMAND: POST /session/329de238260d7602ed1af1352086bef4/element/f.ABBA5987F2E82E58D78C902D9EA41D2B.d.ED8FEE96EDE255BC0220E9F26CCAC5A4.e.7875/value - {"text":"C002"}
COMMAND: GET /session/329de238260d7602ed1af1352086bef4/screenshot - {}
RESULT: {"text":"C002"}
COMMAND: GET /session/329de238260d7602ed1af1352086bef4/screenshot - {}
RESULT: {}
RESULT: {}
COMMAND: POST /session/329de238260d7602ed1af1352086bef4/element - {"using":"xpath","value":"//li[.//span[text()= \"C002\"]]"}
RESULT: {"using":"xpath","value":"//li[.//span[text()= \"C002\"]]"}
COMMAND: POST /session/329de238260d7602ed1af1352086bef4/element/f.ABBA5987F2E82E58D78C902D9EA41D2B.d.ED8FEE96EDE255BC0220E9F26CCAC5A4.e.8089/click - {}
RESULT: {}
COMMAND: GET /session/329de238260d7602ed1af1352086bef4/screenshot - {}
RESULT: {}
COMMAND: POST /session/329de238260d7602ed1af1352086bef4/execute/async - {"script":"<script> [1562 bytes]","args":[{"selector":{"id":"application-managepartners-display-component---NewPartner--btnAddTableRow-img"},"wdio_ui5_key":"applicationmanagepartners-display-component---NewPartner--btnAddTableRow-img"}]}
RESULT: {"script":"<script> [1562 bytes]","args":[{"selector":{"id":"application-managepartners-display-component---NewPartner--btnAddTableRow-img"},"wdio_ui5_key":"applicationmanagepartners-display-component---NewPartner--btnAddTableRow-img"}]}
RESULT: undefined
COMMAND: POST /session/329de238260d7602ed1af1352086bef4/element - {"using":"xpath","value":"//*[@id=\"application-managepartners-display-component---NewPartner--btnAddTableRow-img\"]"}
RESULT: {"using":"xpath","value":"//*[@id=\"application-managepartners-display-component---NewPartner--btnAddTableRow-img\"]"}
COMMAND: POST /session/329de238260d7602ed1af1352086bef4/element/f.ABBA5987F2E82E58D78C902D9EA41D2B.d.ED8FEE96EDE255BC0220E9F26CCAC5A4.e.8090/click - {}
RESULT: {}
COMMAND: GET /session/329de238260d7602ed1af1352086bef4/screenshot - {}
RESULT: {}
COMMAND: POST /session/329de238260d7602ed1af1352086bef4/element - {"using":"xpath","value":"//input[@id=\"application-managepartners-display-component---NewPartner--assignmentYard-application-managepartners-display-component---NewPartner--assignmentsTable-0-inner\"]"}
RESULT: {"using":"xpath","value":"//input[@id=\"application-managepartners-display-component---NewPartner--assignmentYard-application-managepartners-display-component---NewPartner--assignmentsTable-0-inner\"]"}
COMMAND: POST /session/329de238260d7602ed1af1352086bef4/element/f.ABBA5987F2E82E58D78C902D9EA41D2B.d.ED8FEE96EDE255BC0220E9F26CCAC5A4.e.8093/clear - {}
RESULT: {}
COMMAND: POST /session/329de238260d7602ed1af1352086bef4/element/f.ABBA5987F2E82E58D78C902D9EA41D2B.d.ED8FEE96EDE255BC0220E9F26CCAC5A4.e.8093/value - {"text":"472"}
COMMAND: GET /session/329de238260d7602ed1af1352086bef4/screenshot - {}
RESULT: {"text":"472"}
COMMAND: GET /session/329de238260d7602ed1af1352086bef4/screenshot - {}
RESULT: {}
RESULT: {}
COMMAND: POST /session/329de238260d7602ed1af1352086bef4/element - {"using":"xpath","value":"//li[.//span[text()='472']]"}
RESULT: {"using":"xpath","value":"//li[.//span[text()='472']]"}
COMMAND: POST /session/329de238260d7602ed1af1352086bef4/element/f.ABBA5987F2E82E58D78C902D9EA41D2B.d.ED8FEE96EDE255BC0220E9F26CCAC5A4.e.8102/click - {}
RESULT: {}
COMMAND: GET /session/329de238260d7602ed1af1352086bef4/screenshot - {}
RESULT: {}
COMMAND: POST /session/329de238260d7602ed1af1352086bef4/actions - {"actions":[{"id":"action23","type":"key","parameters":{},"actions":[{"type":"keyDown","value":""},{"type":"pause","duration":10},{"type":"keyUp","value":""}]}]}
RESULT: {"actions":[{"id":"action23","type":"key","parameters":{},"actions":[{"type":"keyDown","value":""},{"type":"pause","duration":10},{"type":"keyUp","value":""}]}]}
COMMAND: POST /session/329de238260d7602ed1af1352086bef4/execute/async - {"script":"<script> [1562 bytes]","args":[{"selector":{"id":"application-managepartners-display-component---NewPartner--externalCustomerComboBox-application-managepartners-display-component---NewPartner--assignmentsTable-0-vhi"},"wdio_ui5_key":"applicationmanagepartners-display-component---NewPartner--externalCustomerComboBox-application-managepartners-display-component---NewPartner--assignmentsTable-0-vhi"}]}
COMMAND: GET /session/329de238260d7602ed1af1352086bef4/screenshot - {}
RESULT: {"script":"<script> [1562 bytes]","args":[{"selector":{"id":"application-managepartners-display-component---NewPartner--externalCustomerComboBox-application-managepartners-display-component---NewPartner--assignmentsTable-0-vhi"},"wdio_ui5_key":"applicationmanagepartners-display-component---NewPartner--externalCustomerComboBox-application-managepartners-display-component---NewPartner--assignmentsTable-0-vhi"}]}
RESULT: undefined
COMMAND: POST /session/329de238260d7602ed1af1352086bef4/element - {"using":"xpath","value":"//*[@id=\"application-managepartners-display-component---NewPartner--externalCustomerComboBox-application-managepartners-display-component---NewPartner--assignmentsTable-0-vhi\"]"}
RESULT: {}
RESULT: {"using":"xpath","value":"//*[@id=\"application-managepartners-display-component---NewPartner--externalCustomerComboBox-application-managepartners-display-component---NewPartner--assignmentsTable-0-vhi\"]"}
COMMAND: POST /session/329de238260d7602ed1af1352086bef4/element/f.ABBA5987F2E82E58D78C902D9EA41D2B.d.ED8FEE96EDE255BC0220E9F26CCAC5A4.e.8106/click - {}
RESULT: {}
RESULT: undefined
COMMAND: POST /session/329de238260d7602ed1af1352086bef4/execute/async - {"script":"<script> [776 bytes]","args":[{"enterText":"300003","selector":{"controlType":"sap.m.SearchField","properties":{"placeholder":"Search"},"searchOpenDialogs":true,"interaction":{"idSuffix":"I"}},"clearTextFirst":true,"interactionType":"ENTER_TEXT"}]}
COMMAND: GET /session/329de238260d7602ed1af1352086bef4/screenshot - {}
RESULT: {"script":"<script> [776 bytes]","args":[{"enterText":"300003","selector":{"controlType":"sap.m.SearchField","properties":{"placeholder":"Search"},"searchOpenDialogs":true,"interaction":{"idSuffix":"I"}},"clearTextFirst":true,"interactionType":"ENTER_TEXT"}]}
COMMAND: POST /session/329de238260d7602ed1af1352086bef4/actions - {"actions":[{"id":"action24","type":"key","parameters":{},"actions":[{"type":"keyDown","value":""},{"type":"pause","duration":10},{"type":"keyUp","value":""}]}]}
RESULT: {}
RESULT: {"actions":[{"id":"action24","type":"key","parameters":{},"actions":[{"type":"keyDown","value":""},{"type":"pause","duration":10},{"type":"keyUp","value":""}]}]}
COMMAND: GET /session/329de238260d7602ed1af1352086bef4/screenshot - {}
RESULT: {}
COMMAND: POST /session/329de238260d7602ed1af1352086bef4/element - {"using":"xpath","value":"//span[contains(text(), \"300003\")]"}
RESULT: {"using":"xpath","value":"//span[contains(text(), \"300003\")]"}
COMMAND: POST /session/329de238260d7602ed1af1352086bef4/element/f.ABBA5987F2E82E58D78C902D9EA41D2B.d.ED8FEE96EDE255BC0220E9F26CCAC5A4.e.8123/click - {}
RESULT: {}
COMMAND: GET /session/329de238260d7602ed1af1352086bef4/screenshot - {}
RESULT: {}
COMMAND: POST /session/329de238260d7602ed1af1352086bef4/element - {"using":"xpath","value":"//bdi[contains(text(), \"OK\")]"}
RESULT: {"using":"xpath","value":"//bdi[contains(text(), \"OK\")]"}
COMMAND: POST /session/329de238260d7602ed1af1352086bef4/element/f.ABBA5987F2E82E58D78C902D9EA41D2B.d.ED8FEE96EDE255BC0220E9F26CCAC5A4.e.8125/click - {}
RESULT: {}
COMMAND: GET /session/329de238260d7602ed1af1352086bef4/screenshot - {}
RESULT: {}
COMMAND: POST /session/329de238260d7602ed1af1352086bef4/execute/async - {"script":"<script> [1562 bytes]","args":[{"selector":{"id":"application-managepartners-display-component---NewPartner--intercompVendorComboBox-application-managepartners-display-component---NewPartner--assignmentsTable-0-vhi"},"wdio_ui5_key":"applicationmanagepartners-display-component---NewPartner--intercompVendorComboBox-application-managepartners-display-component---NewPartner--assignmentsTable-0-vhi"}]}
RESULT: {"script":"<script> [1562 bytes]","args":[{"selector":{"id":"application-managepartners-display-component---NewPartner--intercompVendorComboBox-application-managepartners-display-component---NewPartner--assignmentsTable-0-vhi"},"wdio_ui5_key":"applicationmanagepartners-display-component---NewPartner--intercompVendorComboBox-application-managepartners-display-component---NewPartner--assignmentsTable-0-vhi"}]}
RESULT: undefined
COMMAND: POST /session/329de238260d7602ed1af1352086bef4/element - {"using":"xpath","value":"//*[@id=\"application-managepartners-display-component---NewPartner--intercompVendorComboBox-application-managepartners-display-component---NewPartner--assignmentsTable-0-vhi\"]"}
RESULT: {"using":"xpath","value":"//*[@id=\"application-managepartners-display-component---NewPartner--intercompVendorComboBox-application-managepartners-display-component---NewPartner--assignmentsTable-0-vhi\"]"}
COMMAND: POST /session/329de238260d7602ed1af1352086bef4/element/f.ABBA5987F2E82E58D78C902D9EA41D2B.d.ED8FEE96EDE255BC0220E9F26CCAC5A4.e.8129/click - {}
RESULT: {}
RESULT: undefined
COMMAND: POST /session/329de238260d7602ed1af1352086bef4/execute/async - {"script":"<script> [776 bytes]","args":[{"enterText":"100005","selector":{"controlType":"sap.m.SearchField","properties":{"placeholder":"Search"},"searchOpenDialogs":true,"interaction":{"idSuffix":"I"}},"clearTextFirst":true,"interactionType":"ENTER_TEXT"}]}
COMMAND: GET /session/329de238260d7602ed1af1352086bef4/screenshot - {}
RESULT: {"script":"<script> [776 bytes]","args":[{"enterText":"100005","selector":{"controlType":"sap.m.SearchField","properties":{"placeholder":"Search"},"searchOpenDialogs":true,"interaction":{"idSuffix":"I"}},"clearTextFirst":true,"interactionType":"ENTER_TEXT"}]}
COMMAND: POST /session/329de238260d7602ed1af1352086bef4/actions - {"actions":[{"id":"action25","type":"key","parameters":{},"actions":[{"type":"keyDown","value":""},{"type":"pause","duration":10},{"type":"keyUp","value":""}]}]}
RESULT: {}
RESULT: {"actions":[{"id":"action25","type":"key","parameters":{},"actions":[{"type":"keyDown","value":""},{"type":"pause","duration":10},{"type":"keyUp","value":""}]}]}
COMMAND: GET /session/329de238260d7602ed1af1352086bef4/screenshot - {}
RESULT: {}
COMMAND: POST /session/329de238260d7602ed1af1352086bef4/element - {"using":"xpath","value":"//span[contains(text(), \"Penguins - Field/12345 Berlin\")]"}
RESULT: {"using":"xpath","value":"//span[contains(text(), \"Penguins - Field/12345 Berlin\")]"}
COMMAND: POST /session/329de238260d7602ed1af1352086bef4/element/f.ABBA5987F2E82E58D78C902D9EA41D2B.d.ED8FEE96EDE255BC0220E9F26CCAC5A4.e.8147/click - {}
RESULT: {}
COMMAND: GET /session/329de238260d7602ed1af1352086bef4/screenshot - {}
RESULT: {}
COMMAND: POST /session/329de238260d7602ed1af1352086bef4/element - {"using":"xpath","value":"//bdi[contains(text(), \"OK\")]"}
RESULT: {"using":"xpath","value":"//bdi[contains(text(), \"OK\")]"}
COMMAND: POST /session/329de238260d7602ed1af1352086bef4/element/f.ABBA5987F2E82E58D78C902D9EA41D2B.d.ED8FEE96EDE255BC0220E9F26CCAC5A4.e.8148/click - {}
RESULT: {}
COMMAND: GET /session/329de238260d7602ed1af1352086bef4/screenshot - {}
RESULT: {}
COMMAND: POST /session/329de238260d7602ed1af1352086bef4/element - {"using":"xpath","value":"//button[@data-kt=\"saveButton\"]"}
RESULT: {"using":"xpath","value":"//button[@data-kt=\"saveButton\"]"}
COMMAND: POST /session/329de238260d7602ed1af1352086bef4/element/f.ABBA5987F2E82E58D78C902D9EA41D2B.d.ED8FEE96EDE255BC0220E9F26CCAC5A4.e.7954/click - {}
RESULT: {}
COMMAND: GET /session/329de238260d7602ed1af1352086bef4/screenshot - {}
RESULT: {}
COMMAND: POST /session/329de238260d7602ed1af1352086bef4/element - {"using":"xpath","value":"//header[contains(@id, 'ObjectPageLayout-headerTitle')]/div[1]/div[2]/div[2]/span[1]"}
RESULT: {"using":"xpath","value":"//header[contains(@id, 'ObjectPageLayout-headerTitle')]/div[1]/div[2]/div[2]/span[1]"}
COMMAND: POST /session/329de238260d7602ed1af1352086bef4/elements - {"using":"xpath","value":"//header[contains(@id, 'ObjectPageLayout-headerTitle')]/div[1]/div[2]/div[2]/span[1]"}
RESULT: {"using":"xpath","value":"//header[contains(@id, 'ObjectPageLayout-headerTitle')]/div[1]/div[2]/div[2]/span[1]"}
COMMAND: POST /session/329de238260d7602ed1af1352086bef4/execute/sync - {"script":"<script> [56 bytes]","args":[{"element-6066-11e4-a52e-4f735466cecf":"f.ABBA5987F2E82E58D78C902D9EA41D2B.d.ED8FEE96EDE255BC0220E9F26CCAC5A4.e.8312","ELEMENT":"f.ABBA5987F2E82E58D78C902D9EA41D2B.d.ED8FEE96EDE255BC0220E9F26CCAC5A4.e.8312"}]}
RESULT: {"script":"<script> [56 bytes]","args":[{"element-6066-11e4-a52e-4f735466cecf":"f.ABBA5987F2E82E58D78C902D9EA41D2B.d.ED8FEE96EDE255BC0220E9F26CCAC5A4.e.8312","ELEMENT":"f.ABBA5987F2E82E58D78C902D9EA41D2B.d.ED8FEE96EDE255BC0220E9F26CCAC5A4.e.8312"}]}
COMMAND: POST /session/329de238260d7602ed1af1352086bef4/element - {"using":"css selector","value":"#shell-header-logo"}
COMMAND: GET /session/329de238260d7602ed1af1352086bef4/screenshot - {}
RESULT: {"using":"css selector","value":"#shell-header-logo"}
COMMAND: POST /session/329de238260d7602ed1af1352086bef4/element/f.ABBA5987F2E82E58D78C902D9EA41D2B.d.ED8FEE96EDE255BC0220E9F26CCAC5A4.e.7546/click - {}
RESULT: {}
RESULT: {}
COMMAND: GET /session/329de238260d7602ed1af1352086bef4/screenshot - {}
RESULT: {}
COMMAND: POST /session/329de238260d7602ed1af1352086bef4/execute/sync - {"script":"<script> [299 bytes]","args":[["getModel","getResource"]]}
RESULT: {"script":"<script> [299 bytes]","args":[["getModel","getResource"]]}
COMMAND: GET /session/329de238260d7602ed1af1352086bef4/screenshot - {}
]]></system-out>
    </testcase>
    <testcase classname="chrome.136_0_7103_93.windows.Create_master_data_for_mixed_billing_&amp;_do_billing_calculation_US151661" name="Should create a new site" time="152.527">
      <system-out><![CDATA[
COMMAND: POST /session/329de238260d7602ed1af1352086bef4/execute/async - {"script":"<script> [1562 bytes]","args":[{"selector":{"controlType":"sap.m.GenericTile","properties":{"header":"Manage Sites"}},"wdio_ui5_key":"sapm.GenericTile{\"header\":\"Manage Sites\"}"}]}
RESULT: {}
RESULT: {"script":"<script> [1562 bytes]","args":[{"selector":{"controlType":"sap.m.GenericTile","properties":{"header":"Manage Sites"}},"wdio_ui5_key":"sapm.GenericTile{\"header\":\"Manage Sites\"}"}]}
RESULT: undefined
COMMAND: POST /session/329de238260d7602ed1af1352086bef4/element - {"using":"xpath","value":"//*[@id=\"__tile40\"]"}
RESULT: {"using":"xpath","value":"//*[@id=\"__tile40\"]"}
COMMAND: POST /session/329de238260d7602ed1af1352086bef4/element/f.ABBA5987F2E82E58D78C902D9EA41D2B.d.ED8FEE96EDE255BC0220E9F26CCAC5A4.e.6685/click - {}
RESULT: {}
COMMAND: GET /session/329de238260d7602ed1af1352086bef4/screenshot - {}
RESULT: {}
COMMAND: POST /session/329de238260d7602ed1af1352086bef4/elements - {"using":"xpath","value":"//span[text()='Error']"}
RESULT: {"using":"xpath","value":"//span[text()='Error']"}
COMMAND: POST /session/329de238260d7602ed1af1352086bef4/element - {"using":"xpath","value":"//button[@data-kt=\"addOverflowToolbarButton\"]"}
RESULT: {"using":"xpath","value":"//button[@data-kt=\"addOverflowToolbarButton\"]"}
COMMAND: POST /session/329de238260d7602ed1af1352086bef4/elements - {"using":"xpath","value":"//button[@data-kt=\"addOverflowToolbarButton\"]"}
RESULT: {"using":"xpath","value":"//button[@data-kt=\"addOverflowToolbarButton\"]"}
COMMAND: POST /session/329de238260d7602ed1af1352086bef4/execute/sync - {"script":"<script> [8489 bytes]","args":[{"element-6066-11e4-a52e-4f735466cecf":"f.ABBA5987F2E82E58D78C902D9EA41D2B.d.ED8FEE96EDE255BC0220E9F26CCAC5A4.e.8350","ELEMENT":"f.ABBA5987F2E82E58D78C902D9EA41D2B.d.ED8FEE96EDE255BC0220E9F26CCAC5A4.e.8350"}]}
RESULT: {"script":"<script> [8489 bytes]","args":[{"element-6066-11e4-a52e-4f735466cecf":"f.ABBA5987F2E82E58D78C902D9EA41D2B.d.ED8FEE96EDE255BC0220E9F26CCAC5A4.e.8350","ELEMENT":"f.ABBA5987F2E82E58D78C902D9EA41D2B.d.ED8FEE96EDE255BC0220E9F26CCAC5A4.e.8350"}]}
COMMAND: GET /session/329de238260d7602ed1af1352086bef4/element/f.ABBA5987F2E82E58D78C902D9EA41D2B.d.ED8FEE96EDE255BC0220E9F26CCAC5A4.e.8350/enabled - {}
COMMAND: GET /session/329de238260d7602ed1af1352086bef4/screenshot - {}
RESULT: {}
COMMAND: POST /session/329de238260d7602ed1af1352086bef4/execute/sync - {"script":"<script> [8489 bytes]","args":[{"element-6066-11e4-a52e-4f735466cecf":"f.ABBA5987F2E82E58D78C902D9EA41D2B.d.ED8FEE96EDE255BC0220E9F26CCAC5A4.e.8350","ELEMENT":"f.ABBA5987F2E82E58D78C902D9EA41D2B.d.ED8FEE96EDE255BC0220E9F26CCAC5A4.e.8350"}]}
COMMAND: GET /session/329de238260d7602ed1af1352086bef4/screenshot - {}
RESULT: {}
RESULT: {"script":"<script> [8489 bytes]","args":[{"element-6066-11e4-a52e-4f735466cecf":"f.ABBA5987F2E82E58D78C902D9EA41D2B.d.ED8FEE96EDE255BC0220E9F26CCAC5A4.e.8350","ELEMENT":"f.ABBA5987F2E82E58D78C902D9EA41D2B.d.ED8FEE96EDE255BC0220E9F26CCAC5A4.e.8350"}]}
COMMAND: POST /session/329de238260d7602ed1af1352086bef4/execute/sync - {"script":"<script> [5351 bytes]","args":[{"element-6066-11e4-a52e-4f735466cecf":"f.ABBA5987F2E82E58D78C902D9EA41D2B.d.ED8FEE96EDE255BC0220E9F26CCAC5A4.e.8350","ELEMENT":"f.ABBA5987F2E82E58D78C902D9EA41D2B.d.ED8FEE96EDE255BC0220E9F26CCAC5A4.e.8350"}]}
COMMAND: GET /session/329de238260d7602ed1af1352086bef4/screenshot - {}
RESULT: {}
RESULT: {"script":"<script> [5351 bytes]","args":[{"element-6066-11e4-a52e-4f735466cecf":"f.ABBA5987F2E82E58D78C902D9EA41D2B.d.ED8FEE96EDE255BC0220E9F26CCAC5A4.e.8350","ELEMENT":"f.ABBA5987F2E82E58D78C902D9EA41D2B.d.ED8FEE96EDE255BC0220E9F26CCAC5A4.e.8350"}]}
COMMAND: POST /session/329de238260d7602ed1af1352086bef4/element/f.ABBA5987F2E82E58D78C902D9EA41D2B.d.ED8FEE96EDE255BC0220E9F26CCAC5A4.e.8350/click - {}
COMMAND: GET /session/329de238260d7602ed1af1352086bef4/screenshot - {}
RESULT: {}
RESULT: {}
COMMAND: GET /session/329de238260d7602ed1af1352086bef4/screenshot - {}
COMMAND: POST /session/329de238260d7602ed1af1352086bef4/element - {"using":"xpath","value":"//input[@id=\"application-managesites-display-component---NewSite--siteId-inner\"]"}
RESULT: {}
RESULT: {}
RESULT: {"using":"xpath","value":"//input[@id=\"application-managesites-display-component---NewSite--siteId-inner\"]"}
COMMAND: POST /session/329de238260d7602ed1af1352086bef4/element - {"using":"xpath","value":"//input[@id=\"application-managesites-display-component---NewSite--siteId-inner\"]"}
RESULT: {"using":"xpath","value":"//input[@id=\"application-managesites-display-component---NewSite--siteId-inner\"]"}
COMMAND: POST /session/329de238260d7602ed1af1352086bef4/execute/async - {"script":"<script> [1562 bytes]","args":[{"selector":{"id":"application-managesites-display-component---NewSite--addressDetailDetailsName1","interaction":{"idSuffix":"inner"}},"wdio_ui5_key":"applicationmanagesites-display-component---NewSite--addressDetailDetailsName1"}]}
RESULT: {"script":"<script> [1562 bytes]","args":[{"selector":{"id":"application-managesites-display-component---NewSite--addressDetailDetailsName1","interaction":{"idSuffix":"inner"}},"wdio_ui5_key":"applicationmanagesites-display-component---NewSite--addressDetailDetailsName1"}]}
RESULT: undefined
COMMAND: POST /session/329de238260d7602ed1af1352086bef4/execute/async - {"script":"<script> [776 bytes]","args":[{"enterText":"Intercompany Site wdIO","selector":{"id":"application-managesites-display-component---NewSite--addressDetailDetailsName1","interaction":{"idSuffix":"inner"}},"clearTextFirst":true,"interactionType":"ENTER_TEXT"}]}
RESULT: {"script":"<script> [776 bytes]","args":[{"enterText":"Intercompany Site wdIO","selector":{"id":"application-managesites-display-component---NewSite--addressDetailDetailsName1","interaction":{"idSuffix":"inner"}},"clearTextFirst":true,"interactionType":"ENTER_TEXT"}]}
COMMAND: POST /session/329de238260d7602ed1af1352086bef4/execute/async - {"script":"<script> [1562 bytes]","args":[{"selector":{"id":"application-managesites-display-component---NewSite--addressDetailDetailsLanguage-arrow"},"wdio_ui5_key":"applicationmanagesites-display-component---NewSite--addressDetailDetailsLanguage-arrow"}]}
RESULT: {"script":"<script> [1562 bytes]","args":[{"selector":{"id":"application-managesites-display-component---NewSite--addressDetailDetailsLanguage-arrow"},"wdio_ui5_key":"applicationmanagesites-display-component---NewSite--addressDetailDetailsLanguage-arrow"}]}
RESULT: undefined
COMMAND: POST /session/329de238260d7602ed1af1352086bef4/element - {"using":"xpath","value":"//*[@id=\"application-managesites-display-component---NewSite--addressDetailDetailsLanguage-arrow\"]"}
RESULT: {"using":"xpath","value":"//*[@id=\"application-managesites-display-component---NewSite--addressDetailDetailsLanguage-arrow\"]"}
COMMAND: POST /session/329de238260d7602ed1af1352086bef4/element/f.ABBA5987F2E82E58D78C902D9EA41D2B.d.ED8FEE96EDE255BC0220E9F26CCAC5A4.e.8758/click - {}
RESULT: {}
COMMAND: POST /session/329de238260d7602ed1af1352086bef4/element - {"using":"xpath","value":"//span[contains(text(), \"English\")]"}
COMMAND: GET /session/329de238260d7602ed1af1352086bef4/screenshot - {}
RESULT: {"using":"xpath","value":"//span[contains(text(), \"English\")]"}
COMMAND: POST /session/329de238260d7602ed1af1352086bef4/element/f.ABBA5987F2E82E58D78C902D9EA41D2B.d.ED8FEE96EDE255BC0220E9F26CCAC5A4.e.8759/click - {}
RESULT: {}
RESULT: {}
COMMAND: POST /session/329de238260d7602ed1af1352086bef4/execute/async - {"script":"<script> [1562 bytes]","args":[{"selector":{"id":"application-managesites-display-component---NewSite--addressDetailDetailsCity1","interaction":{"idSuffix":"inner"}},"wdio_ui5_key":"applicationmanagesites-display-component---NewSite--addressDetailDetailsCity1"}]}
COMMAND: GET /session/329de238260d7602ed1af1352086bef4/screenshot - {}
RESULT: {"script":"<script> [1562 bytes]","args":[{"selector":{"id":"application-managesites-display-component---NewSite--addressDetailDetailsCity1","interaction":{"idSuffix":"inner"}},"wdio_ui5_key":"applicationmanagesites-display-component---NewSite--addressDetailDetailsCity1"}]}
RESULT: undefined
COMMAND: POST /session/329de238260d7602ed1af1352086bef4/execute/async - {"script":"<script> [776 bytes]","args":[{"enterText":"Rosario","selector":{"id":"application-managesites-display-component---NewSite--addressDetailDetailsCity1","interaction":{"idSuffix":"inner"}},"clearTextFirst":true,"interactionType":"ENTER_TEXT"}]}
RESULT: {}
RESULT: {"script":"<script> [776 bytes]","args":[{"enterText":"Rosario","selector":{"id":"application-managesites-display-component---NewSite--addressDetailDetailsCity1","interaction":{"idSuffix":"inner"}},"clearTextFirst":true,"interactionType":"ENTER_TEXT"}]}
COMMAND: POST /session/329de238260d7602ed1af1352086bef4/execute/async - {"script":"<script> [1562 bytes]","args":[{"selector":{"id":"application-managesites-display-component---NewSite--addressDetailDetailsCountry-arrow"},"wdio_ui5_key":"applicationmanagesites-display-component---NewSite--addressDetailDetailsCountry-arrow"}]}
RESULT: {"script":"<script> [1562 bytes]","args":[{"selector":{"id":"application-managesites-display-component---NewSite--addressDetailDetailsCountry-arrow"},"wdio_ui5_key":"applicationmanagesites-display-component---NewSite--addressDetailDetailsCountry-arrow"}]}
RESULT: undefined
COMMAND: POST /session/329de238260d7602ed1af1352086bef4/element - {"using":"xpath","value":"//*[@id=\"application-managesites-display-component---NewSite--addressDetailDetailsCountry-arrow\"]"}
RESULT: {"using":"xpath","value":"//*[@id=\"application-managesites-display-component---NewSite--addressDetailDetailsCountry-arrow\"]"}
COMMAND: POST /session/329de238260d7602ed1af1352086bef4/element/f.ABBA5987F2E82E58D78C902D9EA41D2B.d.ED8FEE96EDE255BC0220E9F26CCAC5A4.e.8761/click - {}
RESULT: {}
COMMAND: POST /session/329de238260d7602ed1af1352086bef4/element - {"using":"xpath","value":"//span[contains(text(), \"Argentina\")]"}
COMMAND: GET /session/329de238260d7602ed1af1352086bef4/screenshot - {}
RESULT: {"using":"xpath","value":"//span[contains(text(), \"Argentina\")]"}
COMMAND: POST /session/329de238260d7602ed1af1352086bef4/element/f.ABBA5987F2E82E58D78C902D9EA41D2B.d.ED8FEE96EDE255BC0220E9F26CCAC5A4.e.8762/click - {}
RESULT: {}
RESULT: {}
COMMAND: GET /session/329de238260d7602ed1af1352086bef4/screenshot - {}
RESULT: {}
COMMAND: POST /session/329de238260d7602ed1af1352086bef4/execute/async - {"script":"<script> [1562 bytes]","args":[{"selector":{"id":"application-managesites-display-component---NewSite--addressEditDetailsCostObjectCstType-arrow"},"wdio_ui5_key":"applicationmanagesites-display-component---NewSite--addressEditDetailsCostObjectCstType-arrow"}]}
RESULT: {"script":"<script> [1562 bytes]","args":[{"selector":{"id":"application-managesites-display-component---NewSite--addressEditDetailsCostObjectCstType-arrow"},"wdio_ui5_key":"applicationmanagesites-display-component---NewSite--addressEditDetailsCostObjectCstType-arrow"}]}
RESULT: undefined
COMMAND: POST /session/329de238260d7602ed1af1352086bef4/element - {"using":"xpath","value":"//*[@id=\"application-managesites-display-component---NewSite--addressEditDetailsCostObjectCstType-arrow\"]"}
RESULT: {"using":"xpath","value":"//*[@id=\"application-managesites-display-component---NewSite--addressEditDetailsCostObjectCstType-arrow\"]"}
COMMAND: POST /session/329de238260d7602ed1af1352086bef4/element/f.ABBA5987F2E82E58D78C902D9EA41D2B.d.ED8FEE96EDE255BC0220E9F26CCAC5A4.e.8764/click - {}
RESULT: {}
COMMAND: POST /session/329de238260d7602ed1af1352086bef4/element - {"using":"xpath","value":"//span[contains(text(), \"Cost Center\")]"}
COMMAND: GET /session/329de238260d7602ed1af1352086bef4/screenshot - {}
RESULT: {"using":"xpath","value":"//span[contains(text(), \"Cost Center\")]"}
COMMAND: POST /session/329de238260d7602ed1af1352086bef4/element/f.ABBA5987F2E82E58D78C902D9EA41D2B.d.ED8FEE96EDE255BC0220E9F26CCAC5A4.e.8765/click - {}
RESULT: {}
RESULT: {}
COMMAND: GET /session/329de238260d7602ed1af1352086bef4/screenshot - {}
RESULT: {}
COMMAND: POST /session/329de238260d7602ed1af1352086bef4/element - {"using":"xpath","value":"//span[@id=\"application-managesites-display-component---NewSite--addressNewCostObjectCstID-vhi\"]"}
RESULT: {"using":"xpath","value":"//span[@id=\"application-managesites-display-component---NewSite--addressNewCostObjectCstID-vhi\"]"}
COMMAND: POST /session/329de238260d7602ed1af1352086bef4/execute/sync - {"script":"<script> [8489 bytes]","args":[{"element-6066-11e4-a52e-4f735466cecf":"f.ABBA5987F2E82E58D78C902D9EA41D2B.d.ED8FEE96EDE255BC0220E9F26CCAC5A4.e.8769","ELEMENT":"f.ABBA5987F2E82E58D78C902D9EA41D2B.d.ED8FEE96EDE255BC0220E9F26CCAC5A4.e.8769"}]}
RESULT: {"script":"<script> [8489 bytes]","args":[{"element-6066-11e4-a52e-4f735466cecf":"f.ABBA5987F2E82E58D78C902D9EA41D2B.d.ED8FEE96EDE255BC0220E9F26CCAC5A4.e.8769","ELEMENT":"f.ABBA5987F2E82E58D78C902D9EA41D2B.d.ED8FEE96EDE255BC0220E9F26CCAC5A4.e.8769"}]}
COMMAND: POST /session/329de238260d7602ed1af1352086bef4/execute/async - {"script":"<script> [1562 bytes]","args":[{"selector":{"id":"application-managesites-display-component---NewSite--addressNewCostObjectCstID-vhi"},"wdio_ui5_key":"applicationmanagesites-display-component---NewSite--addressNewCostObjectCstID-vhi"}]}
COMMAND: GET /session/329de238260d7602ed1af1352086bef4/screenshot - {}
RESULT: {"script":"<script> [1562 bytes]","args":[{"selector":{"id":"application-managesites-display-component---NewSite--addressNewCostObjectCstID-vhi"},"wdio_ui5_key":"applicationmanagesites-display-component---NewSite--addressNewCostObjectCstID-vhi"}]}
RESULT: undefined
COMMAND: POST /session/329de238260d7602ed1af1352086bef4/element - {"using":"xpath","value":"//*[@id=\"application-managesites-display-component---NewSite--addressNewCostObjectCstID-vhi\"]"}
RESULT: {}
RESULT: {"using":"xpath","value":"//*[@id=\"application-managesites-display-component---NewSite--addressNewCostObjectCstID-vhi\"]"}
COMMAND: POST /session/329de238260d7602ed1af1352086bef4/element/f.ABBA5987F2E82E58D78C902D9EA41D2B.d.ED8FEE96EDE255BC0220E9F26CCAC5A4.e.8769/click - {}
RESULT: {}
COMMAND: GET /session/329de238260d7602ed1af1352086bef4/screenshot - {}
RESULT: {}
RESULT: undefined
COMMAND: POST /session/329de238260d7602ed1af1352086bef4/execute/async - {"script":"<script> [776 bytes]","args":[{"enterText":"10001013","selector":{"controlType":"sap.m.SearchField","properties":{"placeholder":"Search"},"searchOpenDialogs":true,"interaction":{"idSuffix":"I"}},"clearTextFirst":true,"interactionType":"ENTER_TEXT"}]}
RESULT: {"script":"<script> [776 bytes]","args":[{"enterText":"10001013","selector":{"controlType":"sap.m.SearchField","properties":{"placeholder":"Search"},"searchOpenDialogs":true,"interaction":{"idSuffix":"I"}},"clearTextFirst":true,"interactionType":"ENTER_TEXT"}]}
COMMAND: POST /session/329de238260d7602ed1af1352086bef4/actions - {"actions":[{"id":"action26","type":"key","parameters":{},"actions":[{"type":"keyDown","value":""},{"type":"pause","duration":10},{"type":"keyUp","value":""}]}]}
RESULT: {"actions":[{"id":"action26","type":"key","parameters":{},"actions":[{"type":"keyDown","value":""},{"type":"pause","duration":10},{"type":"keyUp","value":""}]}]}
COMMAND: GET /session/329de238260d7602ed1af1352086bef4/screenshot - {}
RESULT: {}
COMMAND: POST /session/329de238260d7602ed1af1352086bef4/element - {"using":"xpath","value":"//span[contains(text(), \"General Management\")]"}
RESULT: {"using":"xpath","value":"//span[contains(text(), \"General Management\")]"}
COMMAND: POST /session/329de238260d7602ed1af1352086bef4/element/f.ABBA5987F2E82E58D78C902D9EA41D2B.d.ED8FEE96EDE255BC0220E9F26CCAC5A4.e.8807/click - {}
RESULT: {}
COMMAND: GET /session/329de238260d7602ed1af1352086bef4/screenshot - {}
RESULT: {}
COMMAND: POST /session/329de238260d7602ed1af1352086bef4/element - {"using":"xpath","value":"//bdi[contains(text(), \"OK\")]"}
RESULT: {"using":"xpath","value":"//bdi[contains(text(), \"OK\")]"}
COMMAND: POST /session/329de238260d7602ed1af1352086bef4/element/f.ABBA5987F2E82E58D78C902D9EA41D2B.d.ED8FEE96EDE255BC0220E9F26CCAC5A4.e.8808/click - {}
RESULT: {}
COMMAND: GET /session/329de238260d7602ed1af1352086bef4/screenshot - {}
RESULT: {}
COMMAND: POST /session/329de238260d7602ed1af1352086bef4/element - {"using":"xpath","value":"//input[@id=\"application-managesites-display-component---NewSite--addressDetailDetailsCalendar-inner\"]"}
RESULT: {"using":"xpath","value":"//input[@id=\"application-managesites-display-component---NewSite--addressDetailDetailsCalendar-inner\"]"}
COMMAND: POST /session/329de238260d7602ed1af1352086bef4/element/f.ABBA5987F2E82E58D78C902D9EA41D2B.d.ED8FEE96EDE255BC0220E9F26CCAC5A4.e.8551/clear - {}
RESULT: {}
COMMAND: POST /session/329de238260d7602ed1af1352086bef4/element/f.ABBA5987F2E82E58D78C902D9EA41D2B.d.ED8FEE96EDE255BC0220E9F26CCAC5A4.e.8551/value - {"text":"Unit"}
COMMAND: GET /session/329de238260d7602ed1af1352086bef4/screenshot - {}
RESULT: {"text":"Unit"}
COMMAND: GET /session/329de238260d7602ed1af1352086bef4/screenshot - {}
RESULT: {}
RESULT: {}
COMMAND: POST /session/329de238260d7602ed1af1352086bef4/actions - {"actions":[{"id":"action27","type":"key","parameters":{},"actions":[{"type":"keyDown","value":""},{"type":"pause","duration":10},{"type":"keyUp","value":""}]}]}
RESULT: {"actions":[{"id":"action27","type":"key","parameters":{},"actions":[{"type":"keyDown","value":""},{"type":"pause","duration":10},{"type":"keyUp","value":""}]}]}
COMMAND: POST /session/329de238260d7602ed1af1352086bef4/element - {"using":"xpath","value":"//input[@id=\"application-managesites-display-component---NewSite--addressDetailDetailsYard-inner\"]"}
COMMAND: GET /session/329de238260d7602ed1af1352086bef4/screenshot - {}
RESULT: {"using":"xpath","value":"//input[@id=\"application-managesites-display-component---NewSite--addressDetailDetailsYard-inner\"]"}
COMMAND: POST /session/329de238260d7602ed1af1352086bef4/element/f.ABBA5987F2E82E58D78C902D9EA41D2B.d.ED8FEE96EDE255BC0220E9F26CCAC5A4.e.8552/clear - {}
RESULT: {}
RESULT: {}
COMMAND: POST /session/329de238260d7602ed1af1352086bef4/element/f.ABBA5987F2E82E58D78C902D9EA41D2B.d.ED8FEE96EDE255BC0220E9F26CCAC5A4.e.8552/value - {"text":"472"}
COMMAND: GET /session/329de238260d7602ed1af1352086bef4/screenshot - {}
RESULT: {"text":"472"}
COMMAND: GET /session/329de238260d7602ed1af1352086bef4/screenshot - {}
RESULT: {}
RESULT: {}
COMMAND: POST /session/329de238260d7602ed1af1352086bef4/element - {"using":"xpath","value":"//li[.//span[text()='472']]"}
RESULT: {"using":"xpath","value":"//li[.//span[text()='472']]"}
COMMAND: POST /session/329de238260d7602ed1af1352086bef4/element/f.ABBA5987F2E82E58D78C902D9EA41D2B.d.ED8FEE96EDE255BC0220E9F26CCAC5A4.e.8816/click - {}
RESULT: {}
COMMAND: GET /session/329de238260d7602ed1af1352086bef4/screenshot - {}
RESULT: {}
COMMAND: POST /session/329de238260d7602ed1af1352086bef4/element - {"using":"xpath","value":"//input[@id=\"application-managesites-display-component---NewSite--addressDetailDetailsPartner-inner\"]"}
RESULT: {"using":"xpath","value":"//input[@id=\"application-managesites-display-component---NewSite--addressDetailDetailsPartner-inner\"]"}
COMMAND: POST /session/329de238260d7602ed1af1352086bef4/element - {"using":"xpath","value":"//input[@id=\"application-managesites-display-component---NewSite--addressDetailDetailsPartner-inner\"]"}
RESULT: {"using":"xpath","value":"//input[@id=\"application-managesites-display-component---NewSite--addressDetailDetailsPartner-inner\"]"}
COMMAND: POST /session/329de238260d7602ed1af1352086bef4/element - {"using":"xpath","value":"//button[@data-kt=\"saveButton\"]"}
RESULT: {"using":"xpath","value":"//button[@data-kt=\"saveButton\"]"}
COMMAND: POST /session/329de238260d7602ed1af1352086bef4/element/f.ABBA5987F2E82E58D78C902D9EA41D2B.d.ED8FEE96EDE255BC0220E9F26CCAC5A4.e.8752/click - {}
RESULT: {}
COMMAND: GET /session/329de238260d7602ed1af1352086bef4/screenshot - {}
RESULT: {}
COMMAND: POST /session/329de238260d7602ed1af1352086bef4/element - {"using":"xpath","value":"//header[contains(@id, 'ObjectPageLayout-headerTitle')]/div[1]/div[2]/div[2]/span[1]"}
RESULT: {"using":"xpath","value":"//header[contains(@id, 'ObjectPageLayout-headerTitle')]/div[1]/div[2]/div[2]/span[1]"}
COMMAND: POST /session/329de238260d7602ed1af1352086bef4/elements - {"using":"xpath","value":"//header[contains(@id, 'ObjectPageLayout-headerTitle')]/div[1]/div[2]/div[2]/span[1]"}
RESULT: {"using":"xpath","value":"//header[contains(@id, 'ObjectPageLayout-headerTitle')]/div[1]/div[2]/div[2]/span[1]"}
COMMAND: POST /session/329de238260d7602ed1af1352086bef4/execute/sync - {"script":"<script> [56 bytes]","args":[{"element-6066-11e4-a52e-4f735466cecf":"f.ABBA5987F2E82E58D78C902D9EA41D2B.d.ED8FEE96EDE255BC0220E9F26CCAC5A4.e.9017","ELEMENT":"f.ABBA5987F2E82E58D78C902D9EA41D2B.d.ED8FEE96EDE255BC0220E9F26CCAC5A4.e.9017"}]}
RESULT: {"script":"<script> [56 bytes]","args":[{"element-6066-11e4-a52e-4f735466cecf":"f.ABBA5987F2E82E58D78C902D9EA41D2B.d.ED8FEE96EDE255BC0220E9F26CCAC5A4.e.9017","ELEMENT":"f.ABBA5987F2E82E58D78C902D9EA41D2B.d.ED8FEE96EDE255BC0220E9F26CCAC5A4.e.9017"}]}
COMMAND: POST /session/329de238260d7602ed1af1352086bef4/element - {"using":"css selector","value":"#shell-header-logo"}
COMMAND: GET /session/329de238260d7602ed1af1352086bef4/screenshot - {}
RESULT: {"using":"css selector","value":"#shell-header-logo"}
COMMAND: POST /session/329de238260d7602ed1af1352086bef4/element/f.ABBA5987F2E82E58D78C902D9EA41D2B.d.ED8FEE96EDE255BC0220E9F26CCAC5A4.e.8316/click - {}
RESULT: {}
RESULT: {}
COMMAND: GET /session/329de238260d7602ed1af1352086bef4/screenshot - {}
RESULT: {}
COMMAND: POST /session/329de238260d7602ed1af1352086bef4/execute/sync - {"script":"<script> [299 bytes]","args":[["getModel","getResource"]]}
RESULT: {"script":"<script> [299 bytes]","args":[["getModel","getResource"]]}
COMMAND: POST /session/329de238260d7602ed1af1352086bef4/actions - {"actions":[{"id":"action28","type":"key","parameters":{},"actions":[{"type":"keyDown","value":""},{"type":"pause","duration":10},{"type":"keyUp","value":""}]}]}
COMMAND: GET /session/329de238260d7602ed1af1352086bef4/screenshot - {}
RESULT: {"actions":[{"id":"action28","type":"key","parameters":{},"actions":[{"type":"keyDown","value":""},{"type":"pause","duration":10},{"type":"keyUp","value":""}]}]}
COMMAND: GET /session/329de238260d7602ed1af1352086bef4/screenshot - {}
RESULT: {}
RESULT: {}
COMMAND: POST /session/329de238260d7602ed1af1352086bef4/refresh - {}
RESULT: {}
COMMAND: GET /session/329de238260d7602ed1af1352086bef4/screenshot - {}
RESULT: {}
COMMAND: POST /session/329de238260d7602ed1af1352086bef4/refresh - {}
RESULT: {}
COMMAND: GET /session/329de238260d7602ed1af1352086bef4/screenshot - {}
RESULT: {}
COMMAND: POST /session/329de238260d7602ed1af1352086bef4/window/fullscreen - {}
RESULT: {}
COMMAND: POST /session/329de238260d7602ed1af1352086bef4/execute/async - {"script":"<script> [189 bytes]","args":[]}
RESULT: {"script":"<script> [189 bytes]","args":[]}
COMMAND: POST /session/329de238260d7602ed1af1352086bef4/execute/async - {"script":"<script> [123 bytes]","args":[]}
RESULT: {"script":"<script> [123 bytes]","args":[]}
COMMAND: POST /session/329de238260d7602ed1af1352086bef4/timeouts - {"script":"<number>"}
RESULT: {"script":"<number>"}
COMMAND: GET /session/329de238260d7602ed1af1352086bef4/timeouts - {}
RESULT: {}
RESULT: undefined
COMMAND: POST /session/329de238260d7602ed1af1352086bef4/execute/async - {"script":"<script> [2676 bytes]","args":[]}
RESULT: {"script":"<script> [2676 bytes]","args":[]}
COMMAND: POST /session/329de238260d7602ed1af1352086bef4/execute/async - {"script":"<script> [2342 bytes]","args":[{"protocol":"http","hostname":"0.0.0.0","path":"/","capabilities":{"browserName":"chrome","goog:chromeOptions":{"binary":"C:\\Program Files\\Google\\Chrome\\Application\\chrome.exe","args":["--start-maximized"]}},"logLevel":"warn","connectionRetryTimeout":120000,"connectionRetryCount":3,"logLevels":{},"enableDirectConnect":true,"strictSSL":true,"_":"65 more keys: [\"cacheDir\",\"port\",\"requestedCapabilities\",\"automationProtocol\",\"baseUrl\",\"waitforInterval\",\"waitforTimeout\",\"onReload\",\"beforeCommand\",\"afterCommand\",\"rootDir\",\"specs\",\"suites\",\"exclude\",\"groupLogsByTestSpec\",\"excludeDriverLogs\",\"bail\",\"framework\",\"reporters\",\"services\",\"maxInstances\",\"maxInstancesPerCapability\",\"injectGlobals\",\"filesToWatch\",\"execArgv\",\"runnerEnv\",\"runner\",\"shard\",\"specFileRetries\",\"specFileRetriesDelay\",\"specFileRetriesDeferred\",\"reporterSyncInterval\",\"reporterSyncTimeout\",\"cucumberFeaturesWithLineNumbers\",\"autoCompileOpts\",\"mochaOpts\",\"jasmineOpts\",\"cucumberOpts\",\"onPrepare\",\"onWorkerStart\",\"onWorkerEnd\",\"before\",\"beforeSession\",\"beforeSuite\",\"beforeHook\",\"beforeTest\",\"afterTest\",\"afterHook\",\"afterSuite\",\"afterSession\",\"after\",\"onComplete\",\"beforeAssertion\",\"afterAssertion\",\"beforeFeature\",\"beforeScenario\",\"beforeStep\",\"afterStep\",\"afterScenario\",\"afterFeature\",\"_\",\"suite\",\"$0\",\"ignoredWorkerServices\",\"wdi5\"]"}]}
RESULT: {"script":"<script> [2342 bytes]","args":[{"protocol":"http","hostname":"0.0.0.0","path":"/","capabilities":{"browserName":"chrome","goog:chromeOptions":{"binary":"C:\\Program Files\\Google\\Chrome\\Application\\chrome.exe","args":["--start-maximized"]}},"logLevel":"warn","connectionRetryTimeout":120000,"connectionRetryCount":3,"logLevels":{},"enableDirectConnect":true,"strictSSL":true,"_":"65 more keys: [\"cacheDir\",\"port\",\"requestedCapabilities\",\"automationProtocol\",\"baseUrl\",\"waitforInterval\",\"waitforTimeout\",\"onReload\",\"beforeCommand\",\"afterCommand\",\"rootDir\",\"specs\",\"suites\",\"exclude\",\"groupLogsByTestSpec\",\"excludeDriverLogs\",\"bail\",\"framework\",\"reporters\",\"services\",\"maxInstances\",\"maxInstancesPerCapability\",\"injectGlobals\",\"filesToWatch\",\"execArgv\",\"runnerEnv\",\"runner\",\"shard\",\"specFileRetries\",\"specFileRetriesDelay\",\"specFileRetriesDeferred\",\"reporterSyncInterval\",\"reporterSyncTimeout\",\"cucumberFeaturesWithLineNumbers\",\"autoCompileOpts\",\"mochaOpts\",\"jasmineOpts\",\"cucumberOpts\",\"onPrepare\",\"onWorkerStart\",\"onWorkerEnd\",\"before\",\"beforeSession\",\"beforeSuite\",\"beforeHook\",\"beforeTest\",\"afterTest\",\"afterHook\",\"afterSuite\",\"afterSession\",\"after\",\"onComplete\",\"beforeAssertion\",\"afterAssertion\",\"beforeFeature\",\"beforeScenario\",\"beforeStep\",\"afterStep\",\"afterScenario\",\"afterFeature\",\"_\",\"suite\",\"$0\",\"ignoredWorkerServices\",\"wdi5\"]"}]}
COMMAND: POST /session/329de238260d7602ed1af1352086bef4/execute/async - {"script":"<script> [21126 bytes]","args":[35000]}
RESULT: {"script":"<script> [21126 bytes]","args":[35000]}
COMMAND: POST /session/329de238260d7602ed1af1352086bef4/window/fullscreen - {}
RESULT: {}
]]></system-out>
    </testcase>
    <testcase classname="chrome.136_0_7103_93.windows.Create_master_data_for_mixed_billing_&amp;_do_billing_calculation_US151661" name="Should create a new equipment and add a counter to it" time="168.994">
      <system-out><![CDATA[
COMMAND: POST /session/329de238260d7602ed1af1352086bef4/execute/async - {"script":"<script> [1562 bytes]","args":[{"selector":{"controlType":"sap.m.GenericTile","properties":{"header":"Manage Resources"}},"wdio_ui5_key":"sapm.GenericTile{\"header\":\"Manage Resources\"}"}]}
RESULT: {"script":"<script> [1562 bytes]","args":[{"selector":{"controlType":"sap.m.GenericTile","properties":{"header":"Manage Resources"}},"wdio_ui5_key":"sapm.GenericTile{\"header\":\"Manage Resources\"}"}]}
RESULT: undefined
COMMAND: POST /session/329de238260d7602ed1af1352086bef4/element - {"using":"xpath","value":"//*[@id=\"__tile31\"]"}
RESULT: {"using":"xpath","value":"//*[@id=\"__tile31\"]"}
COMMAND: POST /session/329de238260d7602ed1af1352086bef4/element/f.ABBA5987F2E82E58D78C902D9EA41D2B.d.53342B2724B649B7FBA09FF0F74E69E7.e.9088/click - {}
RESULT: {}
COMMAND: GET /session/329de238260d7602ed1af1352086bef4/screenshot - {}
RESULT: {}
COMMAND: POST /session/329de238260d7602ed1af1352086bef4/elements - {"using":"xpath","value":"//span[text()='Error']"}
RESULT: {"using":"xpath","value":"//span[text()='Error']"}
COMMAND: POST /session/329de238260d7602ed1af1352086bef4/element - {"using":"xpath","value":"//button[@data-kt=\"addNewRUOverflowToolbarButton\"]"}
RESULT: {"using":"xpath","value":"//button[@data-kt=\"addNewRUOverflowToolbarButton\"]"}
COMMAND: POST /session/329de238260d7602ed1af1352086bef4/elements - {"using":"xpath","value":"//button[@data-kt=\"addNewRUOverflowToolbarButton\"]"}
RESULT: {"using":"xpath","value":"//button[@data-kt=\"addNewRUOverflowToolbarButton\"]"}
COMMAND: POST /session/329de238260d7602ed1af1352086bef4/execute/sync - {"script":"<script> [8489 bytes]","args":[{"element-6066-11e4-a52e-4f735466cecf":"f.ABBA5987F2E82E58D78C902D9EA41D2B.d.53342B2724B649B7FBA09FF0F74E69E7.e.9207","ELEMENT":"f.ABBA5987F2E82E58D78C902D9EA41D2B.d.53342B2724B649B7FBA09FF0F74E69E7.e.9207"}]}
RESULT: {"script":"<script> [8489 bytes]","args":[{"element-6066-11e4-a52e-4f735466cecf":"f.ABBA5987F2E82E58D78C902D9EA41D2B.d.53342B2724B649B7FBA09FF0F74E69E7.e.9207","ELEMENT":"f.ABBA5987F2E82E58D78C902D9EA41D2B.d.53342B2724B649B7FBA09FF0F74E69E7.e.9207"}]}
COMMAND: GET /session/329de238260d7602ed1af1352086bef4/element/f.ABBA5987F2E82E58D78C902D9EA41D2B.d.53342B2724B649B7FBA09FF0F74E69E7.e.9207/enabled - {}
COMMAND: GET /session/329de238260d7602ed1af1352086bef4/screenshot - {}
RESULT: {}
COMMAND: POST /session/329de238260d7602ed1af1352086bef4/execute/sync - {"script":"<script> [8489 bytes]","args":[{"element-6066-11e4-a52e-4f735466cecf":"f.ABBA5987F2E82E58D78C902D9EA41D2B.d.53342B2724B649B7FBA09FF0F74E69E7.e.9207","ELEMENT":"f.ABBA5987F2E82E58D78C902D9EA41D2B.d.53342B2724B649B7FBA09FF0F74E69E7.e.9207"}]}
COMMAND: GET /session/329de238260d7602ed1af1352086bef4/screenshot - {}
RESULT: {}
RESULT: {"script":"<script> [8489 bytes]","args":[{"element-6066-11e4-a52e-4f735466cecf":"f.ABBA5987F2E82E58D78C902D9EA41D2B.d.53342B2724B649B7FBA09FF0F74E69E7.e.9207","ELEMENT":"f.ABBA5987F2E82E58D78C902D9EA41D2B.d.53342B2724B649B7FBA09FF0F74E69E7.e.9207"}]}
COMMAND: POST /session/329de238260d7602ed1af1352086bef4/execute/sync - {"script":"<script> [5351 bytes]","args":[{"element-6066-11e4-a52e-4f735466cecf":"f.ABBA5987F2E82E58D78C902D9EA41D2B.d.53342B2724B649B7FBA09FF0F74E69E7.e.9207","ELEMENT":"f.ABBA5987F2E82E58D78C902D9EA41D2B.d.53342B2724B649B7FBA09FF0F74E69E7.e.9207"}]}
COMMAND: GET /session/329de238260d7602ed1af1352086bef4/screenshot - {}
RESULT: {}
RESULT: {"script":"<script> [5351 bytes]","args":[{"element-6066-11e4-a52e-4f735466cecf":"f.ABBA5987F2E82E58D78C902D9EA41D2B.d.53342B2724B649B7FBA09FF0F74E69E7.e.9207","ELEMENT":"f.ABBA5987F2E82E58D78C902D9EA41D2B.d.53342B2724B649B7FBA09FF0F74E69E7.e.9207"}]}
COMMAND: POST /session/329de238260d7602ed1af1352086bef4/element/f.ABBA5987F2E82E58D78C902D9EA41D2B.d.53342B2724B649B7FBA09FF0F74E69E7.e.9207/click - {}
COMMAND: GET /session/329de238260d7602ed1af1352086bef4/screenshot - {}
RESULT: {}
RESULT: {}
COMMAND: GET /session/329de238260d7602ed1af1352086bef4/screenshot - {}
COMMAND: POST /session/329de238260d7602ed1af1352086bef4/execute/async - {"script":"<script> [1562 bytes]","args":[{"selector":{"id":"application-manageresources-display-component---newResourceUnit--TYPE-arrow"},"wdio_ui5_key":"applicationmanageresources-display-component---newResourceUnit--TYPE-arrow"}]}
RESULT: {}
RESULT: {}
RESULT: {"script":"<script> [1562 bytes]","args":[{"selector":{"id":"application-manageresources-display-component---newResourceUnit--TYPE-arrow"},"wdio_ui5_key":"applicationmanageresources-display-component---newResourceUnit--TYPE-arrow"}]}
RESULT: undefined
COMMAND: POST /session/329de238260d7602ed1af1352086bef4/element - {"using":"xpath","value":"//*[@id=\"application-manageresources-display-component---newResourceUnit--TYPE-arrow\"]"}
RESULT: {"using":"xpath","value":"//*[@id=\"application-manageresources-display-component---newResourceUnit--TYPE-arrow\"]"}
COMMAND: POST /session/329de238260d7602ed1af1352086bef4/element/f.ABBA5987F2E82E58D78C902D9EA41D2B.d.53342B2724B649B7FBA09FF0F74E69E7.e.9566/click - {}
RESULT: {}
COMMAND: POST /session/329de238260d7602ed1af1352086bef4/element - {"using":"xpath","value":"//input[@id=\"application-manageresources-display-component---newResourceUnit--TYPE-inner\"]"}
COMMAND: GET /session/329de238260d7602ed1af1352086bef4/screenshot - {}
RESULT: {"using":"xpath","value":"//input[@id=\"application-manageresources-display-component---newResourceUnit--TYPE-inner\"]"}
COMMAND: POST /session/329de238260d7602ed1af1352086bef4/element/f.ABBA5987F2E82E58D78C902D9EA41D2B.d.53342B2724B649B7FBA09FF0F74E69E7.e.9547/clear - {}
RESULT: {}
RESULT: {}
COMMAND: POST /session/329de238260d7602ed1af1352086bef4/element/f.ABBA5987F2E82E58D78C902D9EA41D2B.d.53342B2724B649B7FBA09FF0F74E69E7.e.9547/value - {"text":"Equipment"}
COMMAND: GET /session/329de238260d7602ed1af1352086bef4/screenshot - {}
RESULT: {"text":"Equipment"}
COMMAND: GET /session/329de238260d7602ed1af1352086bef4/screenshot - {}
RESULT: {}
RESULT: {}
COMMAND: POST /session/329de238260d7602ed1af1352086bef4/actions - {"actions":[{"id":"action29","type":"key","parameters":{},"actions":[{"type":"keyDown","value":""},{"type":"pause","duration":10},{"type":"keyUp","value":""}]}]}
RESULT: {"actions":[{"id":"action29","type":"key","parameters":{},"actions":[{"type":"keyDown","value":""},{"type":"pause","duration":10},{"type":"keyUp","value":""}]}]}
COMMAND: POST /session/329de238260d7602ed1af1352086bef4/execute/async - {"script":"<script> [1562 bytes]","args":[{"selector":{"id":"application-manageresources-display-component---newResourceUnit--resourceId","interaction":{"idSuffix":"inner"}},"wdio_ui5_key":"applicationmanageresources-display-component---newResourceUnit--resourceId"}]}
COMMAND: GET /session/329de238260d7602ed1af1352086bef4/screenshot - {}
RESULT: {"script":"<script> [1562 bytes]","args":[{"selector":{"id":"application-manageresources-display-component---newResourceUnit--resourceId","interaction":{"idSuffix":"inner"}},"wdio_ui5_key":"applicationmanageresources-display-component---newResourceUnit--resourceId"}]}
RESULT: undefined
COMMAND: POST /session/329de238260d7602ed1af1352086bef4/execute/async - {"script":"<script> [776 bytes]","args":[{"enterText":"0Y2XnGsSNb","selector":{"id":"application-manageresources-display-component---newResourceUnit--resourceId","interaction":{"idSuffix":"inner"}},"clearTextFirst":true,"interactionType":"ENTER_TEXT"}]}
RESULT: {}
RESULT: {"script":"<script> [776 bytes]","args":[{"enterText":"0Y2XnGsSNb","selector":{"id":"application-manageresources-display-component---newResourceUnit--resourceId","interaction":{"idSuffix":"inner"}},"clearTextFirst":true,"interactionType":"ENTER_TEXT"}]}
COMMAND: POST /session/329de238260d7602ed1af1352086bef4/execute/async - {"script":"<script> [1562 bytes]","args":[{"selector":{"id":"application-manageresources-display-component---newResourceUnit--SHORT_TEXT","interaction":{"idSuffix":"inner"}},"wdio_ui5_key":"applicationmanageresources-display-component---newResourceUnit--SHORT_TEXT"}]}
RESULT: {"script":"<script> [1562 bytes]","args":[{"selector":{"id":"application-manageresources-display-component---newResourceUnit--SHORT_TEXT","interaction":{"idSuffix":"inner"}},"wdio_ui5_key":"applicationmanageresources-display-component---newResourceUnit--SHORT_TEXT"}]}
RESULT: undefined
COMMAND: POST /session/329de238260d7602ed1af1352086bef4/execute/async - {"script":"<script> [776 bytes]","args":[{"enterText":"Intercompany Equipment WDIO","selector":{"id":"application-manageresources-display-component---newResourceUnit--SHORT_TEXT","interaction":{"idSuffix":"inner"}},"clearTextFirst":true,"interactionType":"ENTER_TEXT"}]}
RESULT: {"script":"<script> [776 bytes]","args":[{"enterText":"Intercompany Equipment WDIO","selector":{"id":"application-manageresources-display-component---newResourceUnit--SHORT_TEXT","interaction":{"idSuffix":"inner"}},"clearTextFirst":true,"interactionType":"ENTER_TEXT"}]}
COMMAND: POST /session/329de238260d7602ed1af1352086bef4/execute/async - {"script":"<script> [1562 bytes]","args":[{"selector":{"id":"application-manageresources-display-component---newResourceUnit--BASE_UNIT_OF_MEASURE","interaction":{"idSuffix":"inner"}},"wdio_ui5_key":"applicationmanageresources-display-component---newResourceUnit--BASE_UNIT_OF_MEASURE"}]}
RESULT: {"script":"<script> [1562 bytes]","args":[{"selector":{"id":"application-manageresources-display-component---newResourceUnit--BASE_UNIT_OF_MEASURE","interaction":{"idSuffix":"inner"}},"wdio_ui5_key":"applicationmanageresources-display-component---newResourceUnit--BASE_UNIT_OF_MEASURE"}]}
RESULT: undefined
COMMAND: POST /session/329de238260d7602ed1af1352086bef4/execute/async - {"script":"<script> [776 bytes]","args":[{"enterText":"Piece","selector":{"id":"application-manageresources-display-component---newResourceUnit--BASE_UNIT_OF_MEASURE","interaction":{"idSuffix":"inner"}},"clearTextFirst":true,"interactionType":"ENTER_TEXT"}]}
RESULT: {"script":"<script> [776 bytes]","args":[{"enterText":"Piece","selector":{"id":"application-manageresources-display-component---newResourceUnit--BASE_UNIT_OF_MEASURE","interaction":{"idSuffix":"inner"}},"clearTextFirst":true,"interactionType":"ENTER_TEXT"}]}
COMMAND: POST /session/329de238260d7602ed1af1352086bef4/execute/async - {"script":"<script> [1562 bytes]","args":[{"selector":{"id":"application-manageresources-display-component---newResourceUnit--WEIGHT_UNIT","interaction":{"idSuffix":"inner"}},"wdio_ui5_key":"applicationmanageresources-display-component---newResourceUnit--WEIGHT_UNIT"}]}
RESULT: {"script":"<script> [1562 bytes]","args":[{"selector":{"id":"application-manageresources-display-component---newResourceUnit--WEIGHT_UNIT","interaction":{"idSuffix":"inner"}},"wdio_ui5_key":"applicationmanageresources-display-component---newResourceUnit--WEIGHT_UNIT"}]}
RESULT: undefined
COMMAND: POST /session/329de238260d7602ed1af1352086bef4/execute/async - {"script":"<script> [776 bytes]","args":[{"enterText":"Gram","selector":{"id":"application-manageresources-display-component---newResourceUnit--WEIGHT_UNIT","interaction":{"idSuffix":"inner"}},"clearTextFirst":true,"interactionType":"ENTER_TEXT"}]}
RESULT: {"script":"<script> [776 bytes]","args":[{"enterText":"Gram","selector":{"id":"application-manageresources-display-component---newResourceUnit--WEIGHT_UNIT","interaction":{"idSuffix":"inner"}},"clearTextFirst":true,"interactionType":"ENTER_TEXT"}]}
COMMAND: POST /session/329de238260d7602ed1af1352086bef4/execute/async - {"script":"<script> [1562 bytes]","args":[{"selector":{"id":"application-manageresources-display-component---newResourceUnit--DIMENSION_UNIT","interaction":{"idSuffix":"inner"}},"wdio_ui5_key":"applicationmanageresources-display-component---newResourceUnit--DIMENSION_UNIT"}]}
RESULT: {"script":"<script> [1562 bytes]","args":[{"selector":{"id":"application-manageresources-display-component---newResourceUnit--DIMENSION_UNIT","interaction":{"idSuffix":"inner"}},"wdio_ui5_key":"applicationmanageresources-display-component---newResourceUnit--DIMENSION_UNIT"}]}
RESULT: undefined
COMMAND: POST /session/329de238260d7602ed1af1352086bef4/execute/async - {"script":"<script> [776 bytes]","args":[{"enterText":"Meter","selector":{"id":"application-manageresources-display-component---newResourceUnit--DIMENSION_UNIT","interaction":{"idSuffix":"inner"}},"clearTextFirst":true,"interactionType":"ENTER_TEXT"}]}
RESULT: {"script":"<script> [776 bytes]","args":[{"enterText":"Meter","selector":{"id":"application-manageresources-display-component---newResourceUnit--DIMENSION_UNIT","interaction":{"idSuffix":"inner"}},"clearTextFirst":true,"interactionType":"ENTER_TEXT"}]}
COMMAND: POST /session/329de238260d7602ed1af1352086bef4/execute/async - {"script":"<script> [1562 bytes]","args":[{"selector":{"id":"application-manageresources-display-component---newResourceUnit--newRRUPage-anchBar-application-manageresources-display-component---newResourceUnit--control-anchor","interaction":{"idSuffix":"BDI-content"}},"wdio_ui5_key":"applicationmanageresources-display-component---newResourceUnit--newRRUPage-anchBar-application-manageresources-display-component---newResourceUnit--control-anchor"}]}
RESULT: {"script":"<script> [1562 bytes]","args":[{"selector":{"id":"application-manageresources-display-component---newResourceUnit--newRRUPage-anchBar-application-manageresources-display-component---newResourceUnit--control-anchor","interaction":{"idSuffix":"BDI-content"}},"wdio_ui5_key":"applicationmanageresources-display-component---newResourceUnit--newRRUPage-anchBar-application-manageresources-display-component---newResourceUnit--control-anchor"}]}
RESULT: undefined
COMMAND: POST /session/329de238260d7602ed1af1352086bef4/element - {"using":"xpath","value":"//*[@id=\"application-manageresources-display-component---newResourceUnit--newRRUPage-anchBar-application-manageresources-display-component---newResourceUnit--control-anchor\"]"}
RESULT: {"using":"xpath","value":"//*[@id=\"application-manageresources-display-component---newResourceUnit--newRRUPage-anchBar-application-manageresources-display-component---newResourceUnit--control-anchor\"]"}
COMMAND: POST /session/329de238260d7602ed1af1352086bef4/element/f.ABBA5987F2E82E58D78C902D9EA41D2B.d.53342B2724B649B7FBA09FF0F74E69E7.e.9726/click - {}
RESULT: {}
COMMAND: POST /session/329de238260d7602ed1af1352086bef4/execute/async - {"script":"<script> [1562 bytes]","args":[{"selector":{"id":"application-manageresources-display-component---newResourceUnit--PLANNING_GROUP","interaction":{"idSuffix":"inner"}},"wdio_ui5_key":"applicationmanageresources-display-component---newResourceUnit--PLANNING_GROUP"}]}
COMMAND: GET /session/329de238260d7602ed1af1352086bef4/screenshot - {}
RESULT: {"script":"<script> [1562 bytes]","args":[{"selector":{"id":"application-manageresources-display-component---newResourceUnit--PLANNING_GROUP","interaction":{"idSuffix":"inner"}},"wdio_ui5_key":"applicationmanageresources-display-component---newResourceUnit--PLANNING_GROUP"}]}
RESULT: undefined
COMMAND: POST /session/329de238260d7602ed1af1352086bef4/execute/async - {"script":"<script> [776 bytes]","args":[{"enterText":"Heavy Equi","selector":{"id":"application-manageresources-display-component---newResourceUnit--PLANNING_GROUP","interaction":{"idSuffix":"inner"}},"clearTextFirst":true,"interactionType":"ENTER_TEXT"}]}
RESULT: {}
RESULT: {"script":"<script> [776 bytes]","args":[{"enterText":"Heavy Equi","selector":{"id":"application-manageresources-display-component---newResourceUnit--PLANNING_GROUP","interaction":{"idSuffix":"inner"}},"clearTextFirst":true,"interactionType":"ENTER_TEXT"}]}
COMMAND: POST /session/329de238260d7602ed1af1352086bef4/execute/async - {"script":"<script> [1562 bytes]","args":[{"selector":{"id":"application-manageresources-display-component---newResourceUnit--ITEM_TYPE-arrow"},"wdio_ui5_key":"applicationmanageresources-display-component---newResourceUnit--ITEM_TYPE-arrow"}]}
RESULT: {"script":"<script> [1562 bytes]","args":[{"selector":{"id":"application-manageresources-display-component---newResourceUnit--ITEM_TYPE-arrow"},"wdio_ui5_key":"applicationmanageresources-display-component---newResourceUnit--ITEM_TYPE-arrow"}]}
RESULT: undefined
COMMAND: POST /session/329de238260d7602ed1af1352086bef4/element - {"using":"xpath","value":"//*[@id=\"application-manageresources-display-component---newResourceUnit--ITEM_TYPE-arrow\"]"}
RESULT: {"using":"xpath","value":"//*[@id=\"application-manageresources-display-component---newResourceUnit--ITEM_TYPE-arrow\"]"}
COMMAND: POST /session/329de238260d7602ed1af1352086bef4/element/f.ABBA5987F2E82E58D78C902D9EA41D2B.d.53342B2724B649B7FBA09FF0F74E69E7.e.9735/click - {}
RESULT: {}
COMMAND: POST /session/329de238260d7602ed1af1352086bef4/element - {"using":"xpath","value":"//ul[contains(@id,\"ITEM_TYPE-popup-list-listUl\")]//li[.//span[contains(text(),\"Resource Unit\")]]"}
COMMAND: GET /session/329de238260d7602ed1af1352086bef4/screenshot - {}
RESULT: {"using":"xpath","value":"//ul[contains(@id,\"ITEM_TYPE-popup-list-listUl\")]//li[.//span[contains(text(),\"Resource Unit\")]]"}
COMMAND: POST /session/329de238260d7602ed1af1352086bef4/element/f.ABBA5987F2E82E58D78C902D9EA41D2B.d.53342B2724B649B7FBA09FF0F74E69E7.e.9736/click - {}
RESULT: {}
RESULT: {}
COMMAND: GET /session/329de238260d7602ed1af1352086bef4/screenshot - {}
RESULT: {}
COMMAND: POST /session/329de238260d7602ed1af1352086bef4/element - {"using":"css selector","value":"#application-manageresources-display-component---newResourceUnit--btnAddTimeSegment"}
RESULT: {"using":"css selector","value":"#application-manageresources-display-component---newResourceUnit--btnAddTimeSegment"}
COMMAND: GET /session/329de238260d7602ed1af1352086bef4/element/f.ABBA5987F2E82E58D78C902D9EA41D2B.d.53342B2724B649B7FBA09FF0F74E69E7.e.9744/rect - {}
RESULT: {}
COMMAND: GET /session/329de238260d7602ed1af1352086bef4/window/rect - {}
RESULT: {}
COMMAND: POST /session/329de238260d7602ed1af1352086bef4/execute/sync - {"script":"<script> [92 bytes]","args":[]}
RESULT: {"script":"<script> [92 bytes]","args":[]}
COMMAND: POST /session/329de238260d7602ed1af1352086bef4/actions - {"actions":[{"id":"action30","type":"wheel","parameters":{},"actions":[{"type":"scroll","x":-1888,"y":-32,"deltaX":0,"deltaY":0,"duration":0,"origin":{"element-6066-11e4-a52e-4f735466cecf":"f.ABBA5987F2E82E58D78C902D9EA41D2B.d.53342B2724B649B7FBA09FF0F74E69E7.e.9744"}}]}]}
COMMAND: GET /session/329de238260d7602ed1af1352086bef4/screenshot - {}
RESULT: {}
COMMAND: POST /session/329de238260d7602ed1af1352086bef4/execute/sync - {"script":"<script> [79 bytes]","args":[{"element-6066-11e4-a52e-4f735466cecf":"f.ABBA5987F2E82E58D78C902D9EA41D2B.d.53342B2724B649B7FBA09FF0F74E69E7.e.9744","ELEMENT":"f.ABBA5987F2E82E58D78C902D9EA41D2B.d.53342B2724B649B7FBA09FF0F74E69E7.e.9744"},{"block":"start","inline":"nearest"}]}
RESULT: {"script":"<script> [79 bytes]","args":[{"element-6066-11e4-a52e-4f735466cecf":"f.ABBA5987F2E82E58D78C902D9EA41D2B.d.53342B2724B649B7FBA09FF0F74E69E7.e.9744","ELEMENT":"f.ABBA5987F2E82E58D78C902D9EA41D2B.d.53342B2724B649B7FBA09FF0F74E69E7.e.9744"},{"block":"start","inline":"nearest"}]}
COMMAND: POST /session/329de238260d7602ed1af1352086bef4/execute/async - {"script":"<script> [1562 bytes]","args":[{"selector":{"id":"application-manageresources-display-component---newResourceUnit--btnAddTimeSegment","interaction":{"idSuffix":"inner"}},"wdio_ui5_key":"applicationmanageresources-display-component---newResourceUnit--btnAddTimeSegment"}]}
COMMAND: GET /session/329de238260d7602ed1af1352086bef4/screenshot - {}
RESULT: {}
RESULT: {"script":"<script> [1562 bytes]","args":[{"selector":{"id":"application-manageresources-display-component---newResourceUnit--btnAddTimeSegment","interaction":{"idSuffix":"inner"}},"wdio_ui5_key":"applicationmanageresources-display-component---newResourceUnit--btnAddTimeSegment"}]}
RESULT: undefined
COMMAND: POST /session/329de238260d7602ed1af1352086bef4/element - {"using":"xpath","value":"//*[@id=\"application-manageresources-display-component---newResourceUnit--btnAddTimeSegment\"]"}
RESULT: {"using":"xpath","value":"//*[@id=\"application-manageresources-display-component---newResourceUnit--btnAddTimeSegment\"]"}
COMMAND: POST /session/329de238260d7602ed1af1352086bef4/element/f.ABBA5987F2E82E58D78C902D9EA41D2B.d.53342B2724B649B7FBA09FF0F74E69E7.e.9744/click - {}
RESULT: {}
COMMAND: GET /session/329de238260d7602ed1af1352086bef4/screenshot - {}
RESULT: {}
COMMAND: POST /session/329de238260d7602ed1af1352086bef4/element - {"using":"xpath","value":"//input[@id=\"application-manageresources-display-component---newResourceUnit--idRuTSAdmin-application-manageresources-display-component---newResourceUnit--RUTimeSegment-0-inner\"]"}
RESULT: {"using":"xpath","value":"//input[@id=\"application-manageresources-display-component---newResourceUnit--idRuTSAdmin-application-manageresources-display-component---newResourceUnit--RUTimeSegment-0-inner\"]"}
COMMAND: POST /session/329de238260d7602ed1af1352086bef4/element/f.ABBA5987F2E82E58D78C902D9EA41D2B.d.53342B2724B649B7FBA09FF0F74E69E7.e.9750/clear - {}
RESULT: {}
COMMAND: POST /session/329de238260d7602ed1af1352086bef4/element/f.ABBA5987F2E82E58D78C902D9EA41D2B.d.53342B2724B649B7FBA09FF0F74E69E7.e.9750/value - {"text":"472"}
COMMAND: GET /session/329de238260d7602ed1af1352086bef4/screenshot - {}
RESULT: {"text":"472"}
COMMAND: GET /session/329de238260d7602ed1af1352086bef4/screenshot - {}
RESULT: {}
RESULT: {}
COMMAND: POST /session/329de238260d7602ed1af1352086bef4/element - {"using":"xpath","value":"//li[.//span[text()='472']]"}
RESULT: {"using":"xpath","value":"//li[.//span[text()='472']]"}
COMMAND: POST /session/329de238260d7602ed1af1352086bef4/element/f.ABBA5987F2E82E58D78C902D9EA41D2B.d.53342B2724B649B7FBA09FF0F74E69E7.e.9762/click - {}
RESULT: {}
COMMAND: GET /session/329de238260d7602ed1af1352086bef4/screenshot - {}
RESULT: {}
COMMAND: POST /session/329de238260d7602ed1af1352086bef4/element - {"using":"xpath","value":"(//span[contains(@id, \"-application-manageresources-display-component---newResourceUnit--RUTimeSegment-0-arrow\")])[6]"}
RESULT: {"using":"xpath","value":"(//span[contains(@id, \"-application-manageresources-display-component---newResourceUnit--RUTimeSegment-0-arrow\")])[6]"}
COMMAND: POST /session/329de238260d7602ed1af1352086bef4/element/f.ABBA5987F2E82E58D78C902D9EA41D2B.d.53342B2724B649B7FBA09FF0F74E69E7.e.9763/click - {}
RESULT: {}
COMMAND: GET /session/329de238260d7602ed1af1352086bef4/screenshot - {}
RESULT: {}
COMMAND: POST /session/329de238260d7602ed1af1352086bef4/element - {"using":"xpath","value":"//span[contains(text(), \"PM Order\")]"}
RESULT: {"using":"xpath","value":"//span[contains(text(), \"PM Order\")]"}
COMMAND: POST /session/329de238260d7602ed1af1352086bef4/element/f.ABBA5987F2E82E58D78C902D9EA41D2B.d.53342B2724B649B7FBA09FF0F74E69E7.e.9766/click - {}
RESULT: {}
COMMAND: GET /session/329de238260d7602ed1af1352086bef4/screenshot - {}
RESULT: {}
COMMAND: POST /session/329de238260d7602ed1af1352086bef4/element - {"using":"xpath","value":"(//span[contains(@id ,\"manageresources-display-component---newResourceUnit--RUTimeSegment-0-vhi\")])[1]"}
RESULT: {"using":"xpath","value":"(//span[contains(@id ,\"manageresources-display-component---newResourceUnit--RUTimeSegment-0-vhi\")])[1]"}
COMMAND: GET /session/329de238260d7602ed1af1352086bef4/element/f.ABBA5987F2E82E58D78C902D9EA41D2B.d.53342B2724B649B7FBA09FF0F74E69E7.e.9770/rect - {}
RESULT: {}
COMMAND: GET /session/329de238260d7602ed1af1352086bef4/window/rect - {}
RESULT: {}
COMMAND: POST /session/329de238260d7602ed1af1352086bef4/execute/sync - {"script":"<script> [92 bytes]","args":[]}
RESULT: {"script":"<script> [92 bytes]","args":[]}
COMMAND: POST /session/329de238260d7602ed1af1352086bef4/actions - {"actions":[{"id":"action31","type":"wheel","parameters":{},"actions":[{"type":"scroll","x":-869,"y":-24,"deltaX":0,"deltaY":0,"duration":0,"origin":{"element-6066-11e4-a52e-4f735466cecf":"f.ABBA5987F2E82E58D78C902D9EA41D2B.d.53342B2724B649B7FBA09FF0F74E69E7.e.9770"}}]}]}
COMMAND: GET /session/329de238260d7602ed1af1352086bef4/screenshot - {}
RESULT: {"actions":[{"id":"action31","type":"wheel","parameters":{},"actions":[{"type":"scroll","x":-869,"y":-24,"deltaX":0,"deltaY":0,"duration":0,"origin":{"element-6066-11e4-a52e-4f735466cecf":"f.ABBA5987F2E82E58D78C902D9EA41D2B.d.53342B2724B649B7FBA09FF0F74E69E7.e.9770"}}]}]}
COMMAND: DELETE /session/329de238260d7602ed1af1352086bef4/actions - {}
COMMAND: GET /session/329de238260d7602ed1af1352086bef4/screenshot - {}
RESULT: {}
RESULT: {}
COMMAND: GET /session/329de238260d7602ed1af1352086bef4/screenshot - {}
RESULT: {}
RESULT: {}
COMMAND: POST /session/329de238260d7602ed1af1352086bef4/element/f.ABBA5987F2E82E58D78C902D9EA41D2B.d.53342B2724B649B7FBA09FF0F74E69E7.e.9770/click - {}
RESULT: {}
COMMAND: GET /session/329de238260d7602ed1af1352086bef4/screenshot - {}
RESULT: {}
COMMAND: POST /session/329de238260d7602ed1af1352086bef4/execute/async - {"script":"<script> [1562 bytes]","args":[{"selector":{"controlType":"sap.m.SearchField","properties":{"placeholder":"Search"},"searchOpenDialogs":true,"interaction":{"idSuffix":"I"}},"wdio_ui5_key":"sapm.SearchField{\"placeholder\":\"Search\"}"}]}
RESULT: {"script":"<script> [1562 bytes]","args":[{"selector":{"controlType":"sap.m.SearchField","properties":{"placeholder":"Search"},"searchOpenDialogs":true,"interaction":{"idSuffix":"I"}},"wdio_ui5_key":"sapm.SearchField{\"placeholder\":\"Search\"}"}]}
RESULT: undefined
COMMAND: POST /session/329de238260d7602ed1af1352086bef4/execute/async - {"script":"<script> [776 bytes]","args":[{"enterText":"4000360","selector":{"controlType":"sap.m.SearchField","properties":{"placeholder":"Search"},"searchOpenDialogs":true,"interaction":{"idSuffix":"I"}},"clearTextFirst":true,"interactionType":"ENTER_TEXT"}]}
RESULT: {"script":"<script> [776 bytes]","args":[{"enterText":"4000360","selector":{"controlType":"sap.m.SearchField","properties":{"placeholder":"Search"},"searchOpenDialogs":true,"interaction":{"idSuffix":"I"}},"clearTextFirst":true,"interactionType":"ENTER_TEXT"}]}
COMMAND: POST /session/329de238260d7602ed1af1352086bef4/actions - {"actions":[{"id":"action32","type":"key","parameters":{},"actions":[{"type":"keyDown","value":""},{"type":"pause","duration":10},{"type":"keyUp","value":""}]}]}
RESULT: {"actions":[{"id":"action32","type":"key","parameters":{},"actions":[{"type":"keyDown","value":""},{"type":"pause","duration":10},{"type":"keyUp","value":""}]}]}
COMMAND: GET /session/329de238260d7602ed1af1352086bef4/screenshot - {}
RESULT: {}
COMMAND: POST /session/329de238260d7602ed1af1352086bef4/element - {"using":"xpath","value":"//td/div/span[contains(text(), \"BGL Vehicles\")]"}
RESULT: {"using":"xpath","value":"//td/div/span[contains(text(), \"BGL Vehicles\")]"}
COMMAND: POST /session/329de238260d7602ed1af1352086bef4/element/f.ABBA5987F2E82E58D78C902D9EA41D2B.d.53342B2724B649B7FBA09FF0F74E69E7.e.9792/click - {}
RESULT: {}
COMMAND: GET /session/329de238260d7602ed1af1352086bef4/screenshot - {}
RESULT: {}
COMMAND: POST /session/329de238260d7602ed1af1352086bef4/element - {"using":"xpath","value":"//bdi[contains(text(), \"OK\")]"}
RESULT: {"using":"xpath","value":"//bdi[contains(text(), \"OK\")]"}
COMMAND: POST /session/329de238260d7602ed1af1352086bef4/element/f.ABBA5987F2E82E58D78C902D9EA41D2B.d.53342B2724B649B7FBA09FF0F74E69E7.e.9793/click - {}
RESULT: {}
COMMAND: GET /session/329de238260d7602ed1af1352086bef4/screenshot - {}
RESULT: {}
COMMAND: POST /session/329de238260d7602ed1af1352086bef4/execute/async - {"script":"<script> [1562 bytes]","args":[{"selector":{"id":"application-manageresources-display-component---newResourceUnit--newRRUPage-anchBar-application-manageresources-display-component---newResourceUnit--resource-anchor","interaction":{"idSuffix":"BDI-content"}},"wdio_ui5_key":"applicationmanageresources-display-component---newResourceUnit--newRRUPage-anchBar-application-manageresources-display-component---newResourceUnit--resource-anchor"}]}
RESULT: {"script":"<script> [1562 bytes]","args":[{"selector":{"id":"application-manageresources-display-component---newResourceUnit--newRRUPage-anchBar-application-manageresources-display-component---newResourceUnit--resource-anchor","interaction":{"idSuffix":"BDI-content"}},"wdio_ui5_key":"applicationmanageresources-display-component---newResourceUnit--newRRUPage-anchBar-application-manageresources-display-component---newResourceUnit--resource-anchor"}]}
RESULT: undefined
COMMAND: POST /session/329de238260d7602ed1af1352086bef4/element - {"using":"xpath","value":"//*[@id=\"application-manageresources-display-component---newResourceUnit--newRRUPage-anchBar-application-manageresources-display-component---newResourceUnit--resource-anchor\"]"}
RESULT: {"using":"xpath","value":"//*[@id=\"application-manageresources-display-component---newResourceUnit--newRRUPage-anchBar-application-manageresources-display-component---newResourceUnit--resource-anchor\"]"}
COMMAND: POST /session/329de238260d7602ed1af1352086bef4/element/f.ABBA5987F2E82E58D78C902D9EA41D2B.d.53342B2724B649B7FBA09FF0F74E69E7.e.9797/click - {}
RESULT: {}
COMMAND: POST /session/329de238260d7602ed1af1352086bef4/execute/async - {"script":"<script> [1562 bytes]","args":[{"selector":{"id":"application-manageresources-display-component---newResourceUnit--PLANNED_DELIVERY_DATE","interaction":{"idSuffix":"inner"}},"wdio_ui5_key":"applicationmanageresources-display-component---newResourceUnit--PLANNED_DELIVERY_DATE"}]}
COMMAND: GET /session/329de238260d7602ed1af1352086bef4/screenshot - {}
RESULT: {"script":"<script> [1562 bytes]","args":[{"selector":{"id":"application-manageresources-display-component---newResourceUnit--PLANNED_DELIVERY_DATE","interaction":{"idSuffix":"inner"}},"wdio_ui5_key":"applicationmanageresources-display-component---newResourceUnit--PLANNED_DELIVERY_DATE"}]}
RESULT: undefined
COMMAND: POST /session/329de238260d7602ed1af1352086bef4/execute/async - {"script":"<script> [6424 bytes]","args":[{"element-6066-11e4-a52e-4f735466cecf":"f.ABBA5987F2E82E58D78C902D9EA41D2B.d.53342B2724B649B7FBA09FF0F74E69E7.e.9624"},"setValue",["5/29/25"]]}
RESULT: {}
RESULT: {"script":"<script> [6424 bytes]","args":[{"element-6066-11e4-a52e-4f735466cecf":"f.ABBA5987F2E82E58D78C902D9EA41D2B.d.53342B2724B649B7FBA09FF0F74E69E7.e.9624"},"setValue",["5/29/25"]]}
COMMAND: POST /session/329de238260d7602ed1af1352086bef4/element - {"using":"xpath","value":"//label[contains(@class, 'sapMLabelRequired') and .//bdi[contains(text(), 'Planned Retirement')]]"}
RESULT: {"using":"xpath","value":"//label[contains(@class, 'sapMLabelRequired') and .//bdi[contains(text(), 'Planned Retirement')]]"}
COMMAND: POST /session/329de238260d7602ed1af1352086bef4/elements - {"using":"xpath","value":"//label[contains(@class, 'sapMLabelRequired') and .//bdi[contains(text(), 'Planned Retirement')]]"}
RESULT: {"using":"xpath","value":"//label[contains(@class, 'sapMLabelRequired') and .//bdi[contains(text(), 'Planned Retirement')]]"}
COMMAND: POST /session/329de238260d7602ed1af1352086bef4/element - {"using":"xpath","value":"//button[@data-kt=\"resourceUnitSaveButton\"]"}
RESULT: {"using":"xpath","value":"//button[@data-kt=\"resourceUnitSaveButton\"]"}
COMMAND: POST /session/329de238260d7602ed1af1352086bef4/element/f.ABBA5987F2E82E58D78C902D9EA41D2B.d.53342B2724B649B7FBA09FF0F74E69E7.e.9583/click - {}
RESULT: {}
COMMAND: GET /session/329de238260d7602ed1af1352086bef4/screenshot - {}
RESULT: {}
COMMAND: POST /session/329de238260d7602ed1af1352086bef4/element - {"using":"xpath","value":"//bdi[contains(text(), \"Close\")]"}
RESULT: {"using":"xpath","value":"//bdi[contains(text(), \"Close\")]"}
COMMAND: POST /session/329de238260d7602ed1af1352086bef4/element/f.ABBA5987F2E82E58D78C902D9EA41D2B.d.53342B2724B649B7FBA09FF0F74E69E7.e.9805/click - {}
RESULT: {}
COMMAND: GET /session/329de238260d7602ed1af1352086bef4/screenshot - {}
RESULT: {}
COMMAND: POST /session/329de238260d7602ed1af1352086bef4/element - {"using":"xpath","value":"//bdi[contains(text(), \"Edit\")]"}
RESULT: {"using":"xpath","value":"//bdi[contains(text(), \"Edit\")]"}
COMMAND: POST /session/329de238260d7602ed1af1352086bef4/execute/sync - {"script":"<script> [8489 bytes]","args":[{"element-6066-11e4-a52e-4f735466cecf":"f.ABBA5987F2E82E58D78C902D9EA41D2B.d.53342B2724B649B7FBA09FF0F74E69E7.e.9862","ELEMENT":"f.ABBA5987F2E82E58D78C902D9EA41D2B.d.53342B2724B649B7FBA09FF0F74E69E7.e.9862"}]}
RESULT: {"script":"<script> [8489 bytes]","args":[{"element-6066-11e4-a52e-4f735466cecf":"f.ABBA5987F2E82E58D78C902D9EA41D2B.d.53342B2724B649B7FBA09FF0F74E69E7.e.9862","ELEMENT":"f.ABBA5987F2E82E58D78C902D9EA41D2B.d.53342B2724B649B7FBA09FF0F74E69E7.e.9862"}]}
COMMAND: POST /session/329de238260d7602ed1af1352086bef4/element/f.ABBA5987F2E82E58D78C902D9EA41D2B.d.53342B2724B649B7FBA09FF0F74E69E7.e.9862/click - {}
COMMAND: GET /session/329de238260d7602ed1af1352086bef4/screenshot - {}
RESULT: {}
COMMAND: GET /session/329de238260d7602ed1af1352086bef4/screenshot - {}
RESULT: {}
RESULT: {}
COMMAND: POST /session/329de238260d7602ed1af1352086bef4/execute/async - {"script":"<script> [1562 bytes]","args":[{"selector":{"id":"application-manageresources-display-component---editResource--editRruPage-anchBar-application-manageresources-display-component---editResource--counters-anchor","interaction":{"idSuffix":"BDI-content"}},"wdio_ui5_key":"applicationmanageresources-display-component---editResource--editRruPage-anchBar-application-manageresources-display-component---editResource--counters-anchor"}]}
RESULT: {"script":"<script> [1562 bytes]","args":[{"selector":{"id":"application-manageresources-display-component---editResource--editRruPage-anchBar-application-manageresources-display-component---editResource--counters-anchor","interaction":{"idSuffix":"BDI-content"}},"wdio_ui5_key":"applicationmanageresources-display-component---editResource--editRruPage-anchBar-application-manageresources-display-component---editResource--counters-anchor"}]}
RESULT: undefined
COMMAND: POST /session/329de238260d7602ed1af1352086bef4/element - {"using":"xpath","value":"//*[@id=\"application-manageresources-display-component---editResource--editRruPage-anchBar-application-manageresources-display-component---editResource--counters-anchor\"]"}
RESULT: {"using":"xpath","value":"//*[@id=\"application-manageresources-display-component---editResource--editRruPage-anchBar-application-manageresources-display-component---editResource--counters-anchor\"]"}
COMMAND: POST /session/329de238260d7602ed1af1352086bef4/element/f.ABBA5987F2E82E58D78C902D9EA41D2B.d.53342B2724B649B7FBA09FF0F74E69E7.e.10013/click - {}
RESULT: {}
COMMAND: GET /session/329de238260d7602ed1af1352086bef4/screenshot - {}
RESULT: {}
COMMAND: POST /session/329de238260d7602ed1af1352086bef4/execute/async - {"script":"<script> [1562 bytes]","args":[{"selector":{"id":"application-manageresources-display-component---editResource--btnAddCounter-img"},"wdio_ui5_key":"applicationmanageresources-display-component---editResource--btnAddCounter-img"}]}
RESULT: {"script":"<script> [1562 bytes]","args":[{"selector":{"id":"application-manageresources-display-component---editResource--btnAddCounter-img"},"wdio_ui5_key":"applicationmanageresources-display-component---editResource--btnAddCounter-img"}]}
RESULT: undefined
COMMAND: POST /session/329de238260d7602ed1af1352086bef4/element - {"using":"xpath","value":"//*[@id=\"application-manageresources-display-component---editResource--btnAddCounter-img\"]"}
RESULT: {"using":"xpath","value":"//*[@id=\"application-manageresources-display-component---editResource--btnAddCounter-img\"]"}
COMMAND: POST /session/329de238260d7602ed1af1352086bef4/element/f.ABBA5987F2E82E58D78C902D9EA41D2B.d.53342B2724B649B7FBA09FF0F74E69E7.e.10018/click - {}
RESULT: {}
COMMAND: POST /session/329de238260d7602ed1af1352086bef4/execute/async - {"script":"<script> [1562 bytes]","args":[{"selector":{"id":"application-manageresources-display-component---editResource--COUNTER_ID-application-manageresources-display-component---editResource--RUCounters-0-arrow"},"wdio_ui5_key":"applicationmanageresources-display-component---editResource--COUNTER_ID-application-manageresources-display-component---editResource--RUCounters-0-arrow"}]}
COMMAND: GET /session/329de238260d7602ed1af1352086bef4/screenshot - {}
RESULT: {"script":"<script> [1562 bytes]","args":[{"selector":{"id":"application-manageresources-display-component---editResource--COUNTER_ID-application-manageresources-display-component---editResource--RUCounters-0-arrow"},"wdio_ui5_key":"applicationmanageresources-display-component---editResource--COUNTER_ID-application-manageresources-display-component---editResource--RUCounters-0-arrow"}]}
RESULT: undefined
COMMAND: POST /session/329de238260d7602ed1af1352086bef4/element - {"using":"xpath","value":"//*[@id=\"application-manageresources-display-component---editResource--COUNTER_ID-application-manageresources-display-component---editResource--RUCounters-0-arrow\"]"}
RESULT: {}
RESULT: {"using":"xpath","value":"//*[@id=\"application-manageresources-display-component---editResource--COUNTER_ID-application-manageresources-display-component---editResource--RUCounters-0-arrow\"]"}
COMMAND: POST /session/329de238260d7602ed1af1352086bef4/element/f.ABBA5987F2E82E58D78C902D9EA41D2B.d.53342B2724B649B7FBA09FF0F74E69E7.e.10025/click - {}
RESULT: {}
COMMAND: POST /session/329de238260d7602ed1af1352086bef4/execute/async - {"script":"<script> [1562 bytes]","args":[{"selector":{"controlType":"sap.m.StandardListItem","viewName":"etm.portal.ui.manageresources.view.EditResource","viewId":"application-manageresources-display-component---editResource","properties":{"title":"fuel"},"searchOpenDialogs":true,"interaction":{"idSuffix":"content"}},"wdio_ui5_key":"etmportal.ui.manageresources.view.EditResourcesap.m.StandardListItem{\"title\":\"fuel\"}"}]}
COMMAND: GET /session/329de238260d7602ed1af1352086bef4/screenshot - {}
RESULT: {"script":"<script> [1562 bytes]","args":[{"selector":{"controlType":"sap.m.StandardListItem","viewName":"etm.portal.ui.manageresources.view.EditResource","viewId":"application-manageresources-display-component---editResource","properties":{"title":"fuel"},"searchOpenDialogs":true,"interaction":{"idSuffix":"content"}},"wdio_ui5_key":"etmportal.ui.manageresources.view.EditResourcesap.m.StandardListItem{\"title\":\"fuel\"}"}]}
RESULT: undefined
COMMAND: POST /session/329de238260d7602ed1af1352086bef4/element - {"using":"xpath","value":"//*[@id=\"__item1045\"]"}
RESULT: {}
RESULT: {"using":"xpath","value":"//*[@id=\"__item1045\"]"}
COMMAND: POST /session/329de238260d7602ed1af1352086bef4/element/f.ABBA5987F2E82E58D78C902D9EA41D2B.d.53342B2724B649B7FBA09FF0F74E69E7.e.10027/click - {}
RESULT: {}
COMMAND: GET /session/329de238260d7602ed1af1352086bef4/screenshot - {}
RESULT: {}
COMMAND: POST /session/329de238260d7602ed1af1352086bef4/element - {"using":"xpath","value":"//button[@data-kt=\"saveButton\"]"}
RESULT: {"using":"xpath","value":"//button[@data-kt=\"saveButton\"]"}
COMMAND: POST /session/329de238260d7602ed1af1352086bef4/element/f.ABBA5987F2E82E58D78C902D9EA41D2B.d.53342B2724B649B7FBA09FF0F74E69E7.e.10028/click - {}
RESULT: {}
COMMAND: GET /session/329de238260d7602ed1af1352086bef4/screenshot - {}
RESULT: {}
COMMAND: POST /session/329de238260d7602ed1af1352086bef4/element - {"using":"xpath","value":"(//button[contains(@id ,\"actionsToolbar-overflowButton\")])[1]"}
RESULT: {"using":"xpath","value":"(//button[contains(@id ,\"actionsToolbar-overflowButton\")])[1]"}
COMMAND: POST /session/329de238260d7602ed1af1352086bef4/element/f.ABBA5987F2E82E58D78C902D9EA41D2B.d.53342B2724B649B7FBA09FF0F74E69E7.e.10041/click - {}
RESULT: {}
COMMAND: GET /session/329de238260d7602ed1af1352086bef4/screenshot - {}
RESULT: {}
COMMAND: POST /session/329de238260d7602ed1af1352086bef4/element - {"using":"xpath","value":"//button[@data-kt=\"priceInfoButton\"]"}
RESULT: {"using":"xpath","value":"//button[@data-kt=\"priceInfoButton\"]"}
COMMAND: POST /session/329de238260d7602ed1af1352086bef4/element/f.ABBA5987F2E82E58D78C902D9EA41D2B.d.53342B2724B649B7FBA09FF0F74E69E7.e.10043/click - {}
RESULT: {}
COMMAND: GET /session/329de238260d7602ed1af1352086bef4/screenshot - {}
RESULT: {}
]]></system-out>
    </testcase>
    <testcase classname="chrome.136_0_7103_93.windows.Create_master_data_for_mixed_billing_&amp;_do_billing_calculation_US151661" name="Should create a TB pricing procedure" time="53.499">
      <system-out><![CDATA[
COMMAND: POST /session/329de238260d7602ed1af1352086bef4/element - {"using":"xpath","value":"//button[@data-kt=\"addButton\"]"}
RESULT: {"using":"xpath","value":"//button[@data-kt=\"addButton\"]"}
COMMAND: POST /session/329de238260d7602ed1af1352086bef4/elements - {"using":"xpath","value":"//button[@data-kt=\"addButton\"]"}
RESULT: {"using":"xpath","value":"//button[@data-kt=\"addButton\"]"}
COMMAND: POST /session/329de238260d7602ed1af1352086bef4/element - {"using":"xpath","value":"//button[@data-kt=\"addButton\"]"}
RESULT: {"using":"xpath","value":"//button[@data-kt=\"addButton\"]"}
COMMAND: POST /session/329de238260d7602ed1af1352086bef4/execute/sync - {"script":"<script> [8489 bytes]","args":[{"element-6066-11e4-a52e-4f735466cecf":"f.ABBA5987F2E82E58D78C902D9EA41D2B.d.53342B2724B649B7FBA09FF0F74E69E7.e.10079","ELEMENT":"f.ABBA5987F2E82E58D78C902D9EA41D2B.d.53342B2724B649B7FBA09FF0F74E69E7.e.10079"}]}
RESULT: {"script":"<script> [8489 bytes]","args":[{"element-6066-11e4-a52e-4f735466cecf":"f.ABBA5987F2E82E58D78C902D9EA41D2B.d.53342B2724B649B7FBA09FF0F74E69E7.e.10079","ELEMENT":"f.ABBA5987F2E82E58D78C902D9EA41D2B.d.53342B2724B649B7FBA09FF0F74E69E7.e.10079"}]}
COMMAND: GET /session/329de238260d7602ed1af1352086bef4/element/f.ABBA5987F2E82E58D78C902D9EA41D2B.d.53342B2724B649B7FBA09FF0F74E69E7.e.10079/enabled - {}
COMMAND: GET /session/329de238260d7602ed1af1352086bef4/screenshot - {}
RESULT: {}
COMMAND: POST /session/329de238260d7602ed1af1352086bef4/execute/sync - {"script":"<script> [8489 bytes]","args":[{"element-6066-11e4-a52e-4f735466cecf":"f.ABBA5987F2E82E58D78C902D9EA41D2B.d.53342B2724B649B7FBA09FF0F74E69E7.e.10079","ELEMENT":"f.ABBA5987F2E82E58D78C902D9EA41D2B.d.53342B2724B649B7FBA09FF0F74E69E7.e.10079"}]}
COMMAND: GET /session/329de238260d7602ed1af1352086bef4/screenshot - {}
RESULT: {}
RESULT: {"script":"<script> [8489 bytes]","args":[{"element-6066-11e4-a52e-4f735466cecf":"f.ABBA5987F2E82E58D78C902D9EA41D2B.d.53342B2724B649B7FBA09FF0F74E69E7.e.10079","ELEMENT":"f.ABBA5987F2E82E58D78C902D9EA41D2B.d.53342B2724B649B7FBA09FF0F74E69E7.e.10079"}]}
COMMAND: POST /session/329de238260d7602ed1af1352086bef4/execute/sync - {"script":"<script> [5351 bytes]","args":[{"element-6066-11e4-a52e-4f735466cecf":"f.ABBA5987F2E82E58D78C902D9EA41D2B.d.53342B2724B649B7FBA09FF0F74E69E7.e.10079","ELEMENT":"f.ABBA5987F2E82E58D78C902D9EA41D2B.d.53342B2724B649B7FBA09FF0F74E69E7.e.10079"}]}
COMMAND: GET /session/329de238260d7602ed1af1352086bef4/screenshot - {}
RESULT: {}
RESULT: {"script":"<script> [5351 bytes]","args":[{"element-6066-11e4-a52e-4f735466cecf":"f.ABBA5987F2E82E58D78C902D9EA41D2B.d.53342B2724B649B7FBA09FF0F74E69E7.e.10079","ELEMENT":"f.ABBA5987F2E82E58D78C902D9EA41D2B.d.53342B2724B649B7FBA09FF0F74E69E7.e.10079"}]}
COMMAND: POST /session/329de238260d7602ed1af1352086bef4/element/f.ABBA5987F2E82E58D78C902D9EA41D2B.d.53342B2724B649B7FBA09FF0F74E69E7.e.10079/click - {}
COMMAND: GET /session/329de238260d7602ed1af1352086bef4/screenshot - {}
RESULT: {}
RESULT: {}
COMMAND: GET /session/329de238260d7602ed1af1352086bef4/screenshot - {}
RESULT: {}
RESULT: {}
COMMAND: POST /session/329de238260d7602ed1af1352086bef4/execute/async - {"script":"<script> [1562 bytes]","args":[{"selector":{"controlType":"sap.m.Title","viewName":"etm.portal.ui.managepricingrules.view.NewItem","viewId":"application-managepricingrules-display-component---newInfoPriceItem","properties":{"text":"New Pricing Rules - Item Level"}},"wdio_ui5_key":"etmportal.ui.managepricingrules.view.NewItemsap.m.Title{\"text\":\"New Pricing Rules - Item Level\"}"}]}
RESULT: {"script":"<script> [1562 bytes]","args":[{"selector":{"controlType":"sap.m.Title","viewName":"etm.portal.ui.managepricingrules.view.NewItem","viewId":"application-managepricingrules-display-component---newInfoPriceItem","properties":{"text":"New Pricing Rules - Item Level"}},"wdio_ui5_key":"etmportal.ui.managepricingrules.view.NewItemsap.m.Title{\"text\":\"New Pricing Rules - Item Level\"}"}]}
RESULT: undefined
COMMAND: POST /session/329de238260d7602ed1af1352086bef4/execute/async - {"script":"<script> [6424 bytes]","args":[{"element-6066-11e4-a52e-4f735466cecf":"f.ABBA5987F2E82E58D78C902D9EA41D2B.d.53342B2724B649B7FBA09FF0F74E69E7.e.10250"},"getText",[]]}
RESULT: {"script":"<script> [6424 bytes]","args":[{"element-6066-11e4-a52e-4f735466cecf":"f.ABBA5987F2E82E58D78C902D9EA41D2B.d.53342B2724B649B7FBA09FF0F74E69E7.e.10250"},"getText",[]]}
COMMAND: POST /session/329de238260d7602ed1af1352086bef4/execute/async - {"script":"<script> [1562 bytes]","args":[{"selector":{"id":"application-managepricingrules-display-component---newInfoPriceItem--condValidTo","interaction":{"idSuffix":"inner"}},"wdio_ui5_key":"applicationmanagepricingrules-display-component---newInfoPriceItem--condValidTo"}]}
RESULT: {"script":"<script> [1562 bytes]","args":[{"selector":{"id":"application-managepricingrules-display-component---newInfoPriceItem--condValidTo","interaction":{"idSuffix":"inner"}},"wdio_ui5_key":"applicationmanagepricingrules-display-component---newInfoPriceItem--condValidTo"}]}
RESULT: undefined
COMMAND: POST /session/329de238260d7602ed1af1352086bef4/execute/async - {"script":"<script> [776 bytes]","args":[{"enterText":"1/29/26","selector":{"id":"application-managepricingrules-display-component---newInfoPriceItem--condValidTo","interaction":{"idSuffix":"inner"}},"clearTextFirst":true,"interactionType":"ENTER_TEXT"}]}
RESULT: {"script":"<script> [776 bytes]","args":[{"enterText":"1/29/26","selector":{"id":"application-managepricingrules-display-component---newInfoPriceItem--condValidTo","interaction":{"idSuffix":"inner"}},"clearTextFirst":true,"interactionType":"ENTER_TEXT"}]}
COMMAND: POST /session/329de238260d7602ed1af1352086bef4/execute/async - {"script":"<script> [1562 bytes]","args":[{"selector":{"id":"application-managepricingrules-display-component---newInfoPriceItem--billType-arrow"},"wdio_ui5_key":"applicationmanagepricingrules-display-component---newInfoPriceItem--billType-arrow"}]}
RESULT: {"script":"<script> [1562 bytes]","args":[{"selector":{"id":"application-managepricingrules-display-component---newInfoPriceItem--billType-arrow"},"wdio_ui5_key":"applicationmanagepricingrules-display-component---newInfoPriceItem--billType-arrow"}]}
RESULT: undefined
COMMAND: POST /session/329de238260d7602ed1af1352086bef4/element - {"using":"xpath","value":"//*[@id=\"application-managepricingrules-display-component---newInfoPriceItem--billType-arrow\"]"}
RESULT: {"using":"xpath","value":"//*[@id=\"application-managepricingrules-display-component---newInfoPriceItem--billType-arrow\"]"}
COMMAND: POST /session/329de238260d7602ed1af1352086bef4/element/f.ABBA5987F2E82E58D78C902D9EA41D2B.d.53342B2724B649B7FBA09FF0F74E69E7.e.10210/click - {}
RESULT: {}
COMMAND: POST /session/329de238260d7602ed1af1352086bef4/element - {"using":"xpath","value":"//span[contains(text(), \"TB - Time based\")]"}
COMMAND: GET /session/329de238260d7602ed1af1352086bef4/screenshot - {}
RESULT: {"using":"xpath","value":"//span[contains(text(), \"TB - Time based\")]"}
COMMAND: POST /session/329de238260d7602ed1af1352086bef4/element/f.ABBA5987F2E82E58D78C902D9EA41D2B.d.53342B2724B649B7FBA09FF0F74E69E7.e.10252/click - {}
RESULT: {}
RESULT: {}
COMMAND: POST /session/329de238260d7602ed1af1352086bef4/execute/async - {"script":"<script> [1562 bytes]","args":[{"selector":{"id":"application-managepricingrules-display-component---newInfoPriceItem--priceProc-arrow"},"wdio_ui5_key":"applicationmanagepricingrules-display-component---newInfoPriceItem--priceProc-arrow"}]}
COMMAND: GET /session/329de238260d7602ed1af1352086bef4/screenshot - {}
RESULT: {"script":"<script> [1562 bytes]","args":[{"selector":{"id":"application-managepricingrules-display-component---newInfoPriceItem--priceProc-arrow"},"wdio_ui5_key":"applicationmanagepricingrules-display-component---newInfoPriceItem--priceProc-arrow"}]}
RESULT: undefined
COMMAND: POST /session/329de238260d7602ed1af1352086bef4/element - {"using":"xpath","value":"//*[@id=\"application-managepricingrules-display-component---newInfoPriceItem--priceProc-arrow\"]"}
RESULT: {}
RESULT: {"using":"xpath","value":"//*[@id=\"application-managepricingrules-display-component---newInfoPriceItem--priceProc-arrow\"]"}
COMMAND: POST /session/329de238260d7602ed1af1352086bef4/element/f.ABBA5987F2E82E58D78C902D9EA41D2B.d.53342B2724B649B7FBA09FF0F74E69E7.e.10217/click - {}
RESULT: {}
COMMAND: POST /session/329de238260d7602ed1af1352086bef4/element - {"using":"xpath","value":"//span[contains(text(), \"TB - Time based BGL\")]"}
COMMAND: GET /session/329de238260d7602ed1af1352086bef4/screenshot - {}
RESULT: {"using":"xpath","value":"//span[contains(text(), \"TB - Time based BGL\")]"}
COMMAND: POST /session/329de238260d7602ed1af1352086bef4/element/f.ABBA5987F2E82E58D78C902D9EA41D2B.d.53342B2724B649B7FBA09FF0F74E69E7.e.10253/click - {}
RESULT: {}
RESULT: {}
COMMAND: POST /session/329de238260d7602ed1af1352086bef4/execute/async - {"script":"<script> [1562 bytes]","args":[{"selector":{"id":"application-managepricingrules-display-component---newInfoPriceItem--calcBase-arrow"},"wdio_ui5_key":"applicationmanagepricingrules-display-component---newInfoPriceItem--calcBase-arrow"}]}
COMMAND: GET /session/329de238260d7602ed1af1352086bef4/screenshot - {}
RESULT: {"script":"<script> [1562 bytes]","args":[{"selector":{"id":"application-managepricingrules-display-component---newInfoPriceItem--calcBase-arrow"},"wdio_ui5_key":"applicationmanagepricingrules-display-component---newInfoPriceItem--calcBase-arrow"}]}
RESULT: undefined
COMMAND: POST /session/329de238260d7602ed1af1352086bef4/element - {"using":"xpath","value":"//*[@id=\"application-managepricingrules-display-component---newInfoPriceItem--calcBase-arrow\"]"}
RESULT: {}
RESULT: {"using":"xpath","value":"//*[@id=\"application-managepricingrules-display-component---newInfoPriceItem--calcBase-arrow\"]"}
COMMAND: POST /session/329de238260d7602ed1af1352086bef4/element/f.ABBA5987F2E82E58D78C902D9EA41D2B.d.53342B2724B649B7FBA09FF0F74E69E7.e.10224/click - {}
RESULT: {}
COMMAND: GET /session/329de238260d7602ed1af1352086bef4/screenshot - {}
RESULT: {}
COMMAND: POST /session/329de238260d7602ed1af1352086bef4/element - {"using":"xpath","value":"//span[contains(text(), \"0006 - TB(calendar days)\")]"}
RESULT: {"using":"xpath","value":"//span[contains(text(), \"0006 - TB(calendar days)\")]"}
COMMAND: POST /session/329de238260d7602ed1af1352086bef4/element/f.ABBA5987F2E82E58D78C902D9EA41D2B.d.53342B2724B649B7FBA09FF0F74E69E7.e.10254/click - {}
RESULT: {}
COMMAND: GET /session/329de238260d7602ed1af1352086bef4/screenshot - {}
RESULT: {}
COMMAND: POST /session/329de238260d7602ed1af1352086bef4/execute/async - {"script":"<script> [1562 bytes]","args":[{"selector":{"id":"application-managepricingrules-display-component---newInfoPriceItem--hoursMonth","interaction":{"idSuffix":"inner"}},"wdio_ui5_key":"applicationmanagepricingrules-display-component---newInfoPriceItem--hoursMonth"}]}
RESULT: {"script":"<script> [1562 bytes]","args":[{"selector":{"id":"application-managepricingrules-display-component---newInfoPriceItem--hoursMonth","interaction":{"idSuffix":"inner"}},"wdio_ui5_key":"applicationmanagepricingrules-display-component---newInfoPriceItem--hoursMonth"}]}
RESULT: undefined
COMMAND: POST /session/329de238260d7602ed1af1352086bef4/execute/async - {"script":"<script> [776 bytes]","args":[{"enterText":"160","selector":{"id":"application-managepricingrules-display-component---newInfoPriceItem--hoursMonth","interaction":{"idSuffix":"inner"}},"clearTextFirst":true,"interactionType":"ENTER_TEXT"}]}
RESULT: {"script":"<script> [776 bytes]","args":[{"enterText":"160","selector":{"id":"application-managepricingrules-display-component---newInfoPriceItem--hoursMonth","interaction":{"idSuffix":"inner"}},"clearTextFirst":true,"interactionType":"ENTER_TEXT"}]}
COMMAND: POST /session/329de238260d7602ed1af1352086bef4/execute/async - {"script":"<script> [1562 bytes]","args":[{"selector":{"id":"application-managepricingrules-display-component---newInfoPriceItem--daysMonth","interaction":{"idSuffix":"inner"}},"wdio_ui5_key":"applicationmanagepricingrules-display-component---newInfoPriceItem--daysMonth"}]}
RESULT: {"script":"<script> [1562 bytes]","args":[{"selector":{"id":"application-managepricingrules-display-component---newInfoPriceItem--daysMonth","interaction":{"idSuffix":"inner"}},"wdio_ui5_key":"applicationmanagepricingrules-display-component---newInfoPriceItem--daysMonth"}]}
RESULT: undefined
COMMAND: POST /session/329de238260d7602ed1af1352086bef4/execute/async - {"script":"<script> [776 bytes]","args":[{"enterText":"30","selector":{"id":"application-managepricingrules-display-component---newInfoPriceItem--daysMonth","interaction":{"idSuffix":"inner"}},"clearTextFirst":true,"interactionType":"ENTER_TEXT"}]}
RESULT: {"script":"<script> [776 bytes]","args":[{"enterText":"30","selector":{"id":"application-managepricingrules-display-component---newInfoPriceItem--daysMonth","interaction":{"idSuffix":"inner"}},"clearTextFirst":true,"interactionType":"ENTER_TEXT"}]}
COMMAND: POST /session/329de238260d7602ed1af1352086bef4/element - {"using":"xpath","value":"//button[@data-kt=\"saveNewRuleButton\"]"}
RESULT: {"using":"xpath","value":"//button[@data-kt=\"saveNewRuleButton\"]"}
COMMAND: POST /session/329de238260d7602ed1af1352086bef4/element/f.ABBA5987F2E82E58D78C902D9EA41D2B.d.53342B2724B649B7FBA09FF0F74E69E7.e.10244/click - {}
RESULT: {}
COMMAND: GET /session/329de238260d7602ed1af1352086bef4/screenshot - {}
RESULT: {}
COMMAND: POST /session/329de238260d7602ed1af1352086bef4/execute/async - {"script":"<script> [1562 bytes]","args":[{"selector":{"id":"application-managepricingrules-display-component---priceInfoItem--smartFilterBar-btnBasicSearch","interaction":{"idSuffix":"I"}},"wdio_ui5_key":"applicationmanagepricingrules-display-component---priceInfoItem--smartFilterBar-btnBasicSearch"}]}
RESULT: {"script":"<script> [1562 bytes]","args":[{"selector":{"id":"application-managepricingrules-display-component---priceInfoItem--smartFilterBar-btnBasicSearch","interaction":{"idSuffix":"I"}},"wdio_ui5_key":"applicationmanagepricingrules-display-component---priceInfoItem--smartFilterBar-btnBasicSearch"}]}
RESULT: undefined
COMMAND: POST /session/329de238260d7602ed1af1352086bef4/execute/async - {"script":"<script> [776 bytes]","args":[{"enterText":"0Y2XnGsSNb","selector":{"id":"application-managepricingrules-display-component---priceInfoItem--smartFilterBar-btnBasicSearch","interaction":{"idSuffix":"I"}},"clearTextFirst":true,"interactionType":"ENTER_TEXT"}]}
RESULT: {"script":"<script> [776 bytes]","args":[{"enterText":"0Y2XnGsSNb","selector":{"id":"application-managepricingrules-display-component---priceInfoItem--smartFilterBar-btnBasicSearch","interaction":{"idSuffix":"I"}},"clearTextFirst":true,"interactionType":"ENTER_TEXT"}]}
COMMAND: POST /session/329de238260d7602ed1af1352086bef4/actions - {"actions":[{"id":"action33","type":"key","parameters":{},"actions":[{"type":"keyDown","value":""},{"type":"pause","duration":10},{"type":"keyUp","value":""}]}]}
RESULT: {"actions":[{"id":"action33","type":"key","parameters":{},"actions":[{"type":"keyDown","value":""},{"type":"pause","duration":10},{"type":"keyUp","value":""}]}]}
COMMAND: GET /session/329de238260d7602ed1af1352086bef4/screenshot - {}
RESULT: {}
COMMAND: POST /session/329de238260d7602ed1af1352086bef4/element - {"using":"xpath","value":"//span[@id=\"application-managepricingrules-display-component---priceInfoItem--smartTable-header-inner\"]"}
RESULT: {"using":"xpath","value":"//span[@id=\"application-managepricingrules-display-component---priceInfoItem--smartTable-header-inner\"]"}
COMMAND: POST /session/329de238260d7602ed1af1352086bef4/elements - {"using":"xpath","value":"//span[@id=\"application-managepricingrules-display-component---priceInfoItem--smartTable-header-inner\"]"}
RESULT: {"using":"xpath","value":"//span[@id=\"application-managepricingrules-display-component---priceInfoItem--smartTable-header-inner\"]"}
COMMAND: POST /session/329de238260d7602ed1af1352086bef4/execute/sync - {"script":"<script> [56 bytes]","args":[{"element-6066-11e4-a52e-4f735466cecf":"f.ABBA5987F2E82E58D78C902D9EA41D2B.d.53342B2724B649B7FBA09FF0F74E69E7.e.10280","ELEMENT":"f.ABBA5987F2E82E58D78C902D9EA41D2B.d.53342B2724B649B7FBA09FF0F74E69E7.e.10280"}]}
RESULT: {"script":"<script> [56 bytes]","args":[{"element-6066-11e4-a52e-4f735466cecf":"f.ABBA5987F2E82E58D78C902D9EA41D2B.d.53342B2724B649B7FBA09FF0F74E69E7.e.10280","ELEMENT":"f.ABBA5987F2E82E58D78C902D9EA41D2B.d.53342B2724B649B7FBA09FF0F74E69E7.e.10280"}]}
COMMAND: POST /session/329de238260d7602ed1af1352086bef4/element - {"using":"css selector","value":"#shell-header-logo"}
COMMAND: GET /session/329de238260d7602ed1af1352086bef4/screenshot - {}
RESULT: {"using":"css selector","value":"#shell-header-logo"}
COMMAND: POST /session/329de238260d7602ed1af1352086bef4/element/f.ABBA5987F2E82E58D78C902D9EA41D2B.d.53342B2724B649B7FBA09FF0F74E69E7.e.9165/click - {}
RESULT: {}
RESULT: {}
COMMAND: GET /session/329de238260d7602ed1af1352086bef4/screenshot - {}
RESULT: {}
]]></system-out>
    </testcase>
    <testcase classname="chrome.136_0_7103_93.windows.Create_master_data_for_mixed_billing_&amp;_do_billing_calculation_US151661" name="Should add one time condition" time="68.652">
      <system-out><![CDATA[
COMMAND: POST /session/329de238260d7602ed1af1352086bef4/execute/async - {"script":"<script> [1562 bytes]","args":[{"selector":{"controlType":"sap.m.GenericTile","properties":{"header":"Manage Conditions & Prices"}},"wdio_ui5_key":"sapm.GenericTile{\"header\":\"Manage Conditions & Prices\"}"}]}
RESULT: {"script":"<script> [1562 bytes]","args":[{"selector":{"controlType":"sap.m.GenericTile","properties":{"header":"Manage Conditions & Prices"}},"wdio_ui5_key":"sapm.GenericTile{\"header\":\"Manage Conditions & Prices\"}"}]}
RESULT: undefined
COMMAND: POST /session/329de238260d7602ed1af1352086bef4/element - {"using":"xpath","value":"//*[@id=\"__tile93\"]"}
RESULT: {"using":"xpath","value":"//*[@id=\"__tile93\"]"}
COMMAND: POST /session/329de238260d7602ed1af1352086bef4/element/f.ABBA5987F2E82E58D78C902D9EA41D2B.d.53342B2724B649B7FBA09FF0F74E69E7.e.9151/click - {}
RESULT: {}
COMMAND: GET /session/329de238260d7602ed1af1352086bef4/screenshot - {}
RESULT: {}
COMMAND: POST /session/329de238260d7602ed1af1352086bef4/elements - {"using":"xpath","value":"//span[text()='Error']"}
RESULT: {"using":"xpath","value":"//span[text()='Error']"}
COMMAND: POST /session/329de238260d7602ed1af1352086bef4/element - {"using":"xpath","value":"//button[@aria-label=\"Create\"]"}
RESULT: {"using":"xpath","value":"//button[@aria-label=\"Create\"]"}
COMMAND: POST /session/329de238260d7602ed1af1352086bef4/elements - {"using":"xpath","value":"//button[@aria-label=\"Create\"]"}
RESULT: {"using":"xpath","value":"//button[@aria-label=\"Create\"]"}
COMMAND: POST /session/329de238260d7602ed1af1352086bef4/execute/sync - {"script":"<script> [8489 bytes]","args":[{"element-6066-11e4-a52e-4f735466cecf":"f.ABBA5987F2E82E58D78C902D9EA41D2B.d.53342B2724B649B7FBA09FF0F74E69E7.e.10315","ELEMENT":"f.ABBA5987F2E82E58D78C902D9EA41D2B.d.53342B2724B649B7FBA09FF0F74E69E7.e.10315"}]}
RESULT: {"script":"<script> [8489 bytes]","args":[{"element-6066-11e4-a52e-4f735466cecf":"f.ABBA5987F2E82E58D78C902D9EA41D2B.d.53342B2724B649B7FBA09FF0F74E69E7.e.10315","ELEMENT":"f.ABBA5987F2E82E58D78C902D9EA41D2B.d.53342B2724B649B7FBA09FF0F74E69E7.e.10315"}]}
COMMAND: GET /session/329de238260d7602ed1af1352086bef4/element/f.ABBA5987F2E82E58D78C902D9EA41D2B.d.53342B2724B649B7FBA09FF0F74E69E7.e.10315/enabled - {}
COMMAND: GET /session/329de238260d7602ed1af1352086bef4/screenshot - {}
RESULT: {}
COMMAND: POST /session/329de238260d7602ed1af1352086bef4/execute/sync - {"script":"<script> [8489 bytes]","args":[{"element-6066-11e4-a52e-4f735466cecf":"f.ABBA5987F2E82E58D78C902D9EA41D2B.d.53342B2724B649B7FBA09FF0F74E69E7.e.10315","ELEMENT":"f.ABBA5987F2E82E58D78C902D9EA41D2B.d.53342B2724B649B7FBA09FF0F74E69E7.e.10315"}]}
COMMAND: GET /session/329de238260d7602ed1af1352086bef4/screenshot - {}
RESULT: {}
RESULT: {"script":"<script> [8489 bytes]","args":[{"element-6066-11e4-a52e-4f735466cecf":"f.ABBA5987F2E82E58D78C902D9EA41D2B.d.53342B2724B649B7FBA09FF0F74E69E7.e.10315","ELEMENT":"f.ABBA5987F2E82E58D78C902D9EA41D2B.d.53342B2724B649B7FBA09FF0F74E69E7.e.10315"}]}
COMMAND: POST /session/329de238260d7602ed1af1352086bef4/execute/sync - {"script":"<script> [5351 bytes]","args":[{"element-6066-11e4-a52e-4f735466cecf":"f.ABBA5987F2E82E58D78C902D9EA41D2B.d.53342B2724B649B7FBA09FF0F74E69E7.e.10315","ELEMENT":"f.ABBA5987F2E82E58D78C902D9EA41D2B.d.53342B2724B649B7FBA09FF0F74E69E7.e.10315"}]}
COMMAND: GET /session/329de238260d7602ed1af1352086bef4/screenshot - {}
RESULT: {}
RESULT: {"script":"<script> [5351 bytes]","args":[{"element-6066-11e4-a52e-4f735466cecf":"f.ABBA5987F2E82E58D78C902D9EA41D2B.d.53342B2724B649B7FBA09FF0F74E69E7.e.10315","ELEMENT":"f.ABBA5987F2E82E58D78C902D9EA41D2B.d.53342B2724B649B7FBA09FF0F74E69E7.e.10315"}]}
COMMAND: POST /session/329de238260d7602ed1af1352086bef4/element/f.ABBA5987F2E82E58D78C902D9EA41D2B.d.53342B2724B649B7FBA09FF0F74E69E7.e.10315/click - {}
COMMAND: GET /session/329de238260d7602ed1af1352086bef4/screenshot - {}
RESULT: {}
RESULT: {}
COMMAND: GET /session/329de238260d7602ed1af1352086bef4/screenshot - {}
RESULT: {}
RESULT: {}
COMMAND: POST /session/329de238260d7602ed1af1352086bef4/actions - {"actions":[{"id":"action34","type":"key","parameters":{},"actions":[{"type":"keyDown","value":""},{"type":"pause","duration":10},{"type":"keyUp","value":""}]}]}
RESULT: {"actions":[{"id":"action34","type":"key","parameters":{},"actions":[{"type":"keyDown","value":""},{"type":"pause","duration":10},{"type":"keyUp","value":""}]}]}
COMMAND: GET /session/329de238260d7602ed1af1352086bef4/screenshot - {}
RESULT: {}
COMMAND: POST /session/329de238260d7602ed1af1352086bef4/execute/async - {"script":"<script> [1562 bytes]","args":[{"selector":{"id":"application-manageconditionprice-display-component---newCondition--condBillCond-arrow"},"wdio_ui5_key":"applicationmanageconditionprice-display-component---newCondition--condBillCond-arrow"}]}
RESULT: {"script":"<script> [1562 bytes]","args":[{"selector":{"id":"application-manageconditionprice-display-component---newCondition--condBillCond-arrow"},"wdio_ui5_key":"applicationmanageconditionprice-display-component---newCondition--condBillCond-arrow"}]}
RESULT: undefined
COMMAND: POST /session/329de238260d7602ed1af1352086bef4/element - {"using":"xpath","value":"//*[@id=\"application-manageconditionprice-display-component---newCondition--condBillCond-arrow\"]"}
RESULT: {"using":"xpath","value":"//*[@id=\"application-manageconditionprice-display-component---newCondition--condBillCond-arrow\"]"}
COMMAND: POST /session/329de238260d7602ed1af1352086bef4/element/f.ABBA5987F2E82E58D78C902D9EA41D2B.d.53342B2724B649B7FBA09FF0F74E69E7.e.10492/click - {}
RESULT: {}
COMMAND: GET /session/329de238260d7602ed1af1352086bef4/screenshot - {}
RESULT: {}
COMMAND: POST /session/329de238260d7602ed1af1352086bef4/element - {"using":"xpath","value":"//li[.//span[contains(text(), \"SAPR - Sales price\")]]"}
RESULT: {"using":"xpath","value":"//li[.//span[contains(text(), \"SAPR - Sales price\")]]"}
COMMAND: POST /session/329de238260d7602ed1af1352086bef4/element/f.ABBA5987F2E82E58D78C902D9EA41D2B.d.53342B2724B649B7FBA09FF0F74E69E7.e.10495/click - {}
RESULT: {}
COMMAND: GET /session/329de238260d7602ed1af1352086bef4/screenshot - {}
RESULT: {}
COMMAND: POST /session/329de238260d7602ed1af1352086bef4/execute/async - {"script":"<script> [1562 bytes]","args":[{"selector":{"id":"application-manageconditionprice-display-component---newCondition--condValidTo","interaction":{"idSuffix":"inner"}},"wdio_ui5_key":"applicationmanageconditionprice-display-component---newCondition--condValidTo"}]}
RESULT: {"script":"<script> [1562 bytes]","args":[{"selector":{"id":"application-manageconditionprice-display-component---newCondition--condValidTo","interaction":{"idSuffix":"inner"}},"wdio_ui5_key":"applicationmanageconditionprice-display-component---newCondition--condValidTo"}]}
RESULT: undefined
COMMAND: POST /session/329de238260d7602ed1af1352086bef4/execute/async - {"script":"<script> [776 bytes]","args":[{"enterText":"1/29/26","selector":{"id":"application-manageconditionprice-display-component---newCondition--condValidTo","interaction":{"idSuffix":"inner"}},"clearTextFirst":true,"interactionType":"ENTER_TEXT"}]}
RESULT: {"script":"<script> [776 bytes]","args":[{"enterText":"1/29/26","selector":{"id":"application-manageconditionprice-display-component---newCondition--condValidTo","interaction":{"idSuffix":"inner"}},"clearTextFirst":true,"interactionType":"ENTER_TEXT"}]}
COMMAND: POST /session/329de238260d7602ed1af1352086bef4/element - {"using":"xpath","value":"//input[@id=\"application-manageconditionprice-display-component---newCondition--condRU-inner\"]"}
RESULT: {"using":"xpath","value":"//input[@id=\"application-manageconditionprice-display-component---newCondition--condRU-inner\"]"}
COMMAND: POST /session/329de238260d7602ed1af1352086bef4/element/f.ABBA5987F2E82E58D78C902D9EA41D2B.d.53342B2724B649B7FBA09FF0F74E69E7.e.10357/clear - {}
RESULT: {}
COMMAND: POST /session/329de238260d7602ed1af1352086bef4/element/f.ABBA5987F2E82E58D78C902D9EA41D2B.d.53342B2724B649B7FBA09FF0F74E69E7.e.10357/value - {"text":"0Y2XnGsSNb"}
COMMAND: GET /session/329de238260d7602ed1af1352086bef4/screenshot - {}
RESULT: {"text":"0Y2XnGsSNb"}
COMMAND: GET /session/329de238260d7602ed1af1352086bef4/screenshot - {}
RESULT: {}
RESULT: {}
COMMAND: POST /session/329de238260d7602ed1af1352086bef4/actions - {"actions":[{"id":"action35","type":"key","parameters":{},"actions":[{"type":"keyDown","value":""},{"type":"pause","duration":10},{"type":"keyUp","value":""}]}]}
RESULT: {"actions":[{"id":"action35","type":"key","parameters":{},"actions":[{"type":"keyDown","value":""},{"type":"pause","duration":10},{"type":"keyUp","value":""}]}]}
COMMAND: POST /session/329de238260d7602ed1af1352086bef4/execute/async - {"script":"<script> [1562 bytes]","args":[{"selector":{"id":"application-manageconditionprice-display-component---newCondition--condBaseQty","interaction":{"idSuffix":"inner"}},"wdio_ui5_key":"applicationmanageconditionprice-display-component---newCondition--condBaseQty"}]}
COMMAND: GET /session/329de238260d7602ed1af1352086bef4/screenshot - {}
RESULT: {"script":"<script> [1562 bytes]","args":[{"selector":{"id":"application-manageconditionprice-display-component---newCondition--condBaseQty","interaction":{"idSuffix":"inner"}},"wdio_ui5_key":"applicationmanageconditionprice-display-component---newCondition--condBaseQty"}]}
RESULT: undefined
COMMAND: POST /session/329de238260d7602ed1af1352086bef4/execute/async - {"script":"<script> [776 bytes]","args":[{"enterText":"1","selector":{"id":"application-manageconditionprice-display-component---newCondition--condBaseQty","interaction":{"idSuffix":"inner"}},"clearTextFirst":true,"interactionType":"ENTER_TEXT"}]}
RESULT: {}
RESULT: {"script":"<script> [776 bytes]","args":[{"enterText":"1","selector":{"id":"application-manageconditionprice-display-component---newCondition--condBaseQty","interaction":{"idSuffix":"inner"}},"clearTextFirst":true,"interactionType":"ENTER_TEXT"}]}
COMMAND: POST /session/329de238260d7602ed1af1352086bef4/execute/async - {"script":"<script> [1562 bytes]","args":[{"selector":{"id":"application-manageconditionprice-display-component---newCondition--condValue","interaction":{"idSuffix":"inner"}},"wdio_ui5_key":"applicationmanageconditionprice-display-component---newCondition--condValue"}]}
RESULT: {"script":"<script> [1562 bytes]","args":[{"selector":{"id":"application-manageconditionprice-display-component---newCondition--condValue","interaction":{"idSuffix":"inner"}},"wdio_ui5_key":"applicationmanageconditionprice-display-component---newCondition--condValue"}]}
RESULT: undefined
COMMAND: POST /session/329de238260d7602ed1af1352086bef4/execute/async - {"script":"<script> [776 bytes]","args":[{"enterText":"200","selector":{"id":"application-manageconditionprice-display-component---newCondition--condValue","interaction":{"idSuffix":"inner"}},"clearTextFirst":true,"interactionType":"ENTER_TEXT"}]}
RESULT: {"script":"<script> [776 bytes]","args":[{"enterText":"200","selector":{"id":"application-manageconditionprice-display-component---newCondition--condValue","interaction":{"idSuffix":"inner"}},"clearTextFirst":true,"interactionType":"ENTER_TEXT"}]}
COMMAND: POST /session/329de238260d7602ed1af1352086bef4/execute/async - {"script":"<script> [1562 bytes]","args":[{"selector":{"id":"application-manageconditionprice-display-component---newCondition--condCurr-arrow"},"wdio_ui5_key":"applicationmanageconditionprice-display-component---newCondition--condCurr-arrow"}]}
RESULT: {"script":"<script> [1562 bytes]","args":[{"selector":{"id":"application-manageconditionprice-display-component---newCondition--condCurr-arrow"},"wdio_ui5_key":"applicationmanageconditionprice-display-component---newCondition--condCurr-arrow"}]}
RESULT: undefined
COMMAND: POST /session/329de238260d7602ed1af1352086bef4/element - {"using":"xpath","value":"//*[@id=\"application-manageconditionprice-display-component---newCondition--condCurr-arrow\"]"}
RESULT: {"using":"xpath","value":"//*[@id=\"application-manageconditionprice-display-component---newCondition--condCurr-arrow\"]"}
COMMAND: POST /session/329de238260d7602ed1af1352086bef4/element/f.ABBA5987F2E82E58D78C902D9EA41D2B.d.53342B2724B649B7FBA09FF0F74E69E7.e.10470/click - {}
RESULT: {}
COMMAND: POST /session/329de238260d7602ed1af1352086bef4/element - {"using":"xpath","value":"//span[contains(text(), \"Euro\")]"}
COMMAND: GET /session/329de238260d7602ed1af1352086bef4/screenshot - {}
RESULT: {"using":"xpath","value":"//span[contains(text(), \"Euro\")]"}
COMMAND: POST /session/329de238260d7602ed1af1352086bef4/element/f.ABBA5987F2E82E58D78C902D9EA41D2B.d.53342B2724B649B7FBA09FF0F74E69E7.e.10531/click - {}
RESULT: {}
RESULT: {}
COMMAND: POST /session/329de238260d7602ed1af1352086bef4/element - {"using":"xpath","value":"//button[@data-kt=\"saveButton\"]"}
RESULT: {"using":"xpath","value":"//button[@data-kt=\"saveButton\"]"}
COMMAND: POST /session/329de238260d7602ed1af1352086bef4/element/f.ABBA5987F2E82E58D78C902D9EA41D2B.d.53342B2724B649B7FBA09FF0F74E69E7.e.10471/click - {}
COMMAND: GET /session/329de238260d7602ed1af1352086bef4/screenshot - {}
RESULT: {}
COMMAND: GET /session/329de238260d7602ed1af1352086bef4/screenshot - {}
RESULT: {}
RESULT: {}
COMMAND: POST /session/329de238260d7602ed1af1352086bef4/execute/async - {"script":"<script> [1562 bytes]","args":[{"selector":{"id":"application-manageconditionprice-display-component---conditions--smartFilterBar-btnBasicSearch","interaction":{"idSuffix":"I"}},"wdio_ui5_key":"applicationmanageconditionprice-display-component---conditions--smartFilterBar-btnBasicSearch"}]}
RESULT: {"script":"<script> [1562 bytes]","args":[{"selector":{"id":"application-manageconditionprice-display-component---conditions--smartFilterBar-btnBasicSearch","interaction":{"idSuffix":"I"}},"wdio_ui5_key":"applicationmanageconditionprice-display-component---conditions--smartFilterBar-btnBasicSearch"}]}
RESULT: undefined
COMMAND: POST /session/329de238260d7602ed1af1352086bef4/execute/async - {"script":"<script> [776 bytes]","args":[{"enterText":"0Y2XnGsSNb","selector":{"id":"application-manageconditionprice-display-component---conditions--smartFilterBar-btnBasicSearch","interaction":{"idSuffix":"I"}},"clearTextFirst":true,"interactionType":"ENTER_TEXT"}]}
RESULT: {"script":"<script> [776 bytes]","args":[{"enterText":"0Y2XnGsSNb","selector":{"id":"application-manageconditionprice-display-component---conditions--smartFilterBar-btnBasicSearch","interaction":{"idSuffix":"I"}},"clearTextFirst":true,"interactionType":"ENTER_TEXT"}]}
COMMAND: POST /session/329de238260d7602ed1af1352086bef4/actions - {"actions":[{"id":"action36","type":"key","parameters":{},"actions":[{"type":"keyDown","value":""},{"type":"pause","duration":10},{"type":"keyUp","value":""}]}]}
RESULT: {"actions":[{"id":"action36","type":"key","parameters":{},"actions":[{"type":"keyDown","value":""},{"type":"pause","duration":10},{"type":"keyUp","value":""}]}]}
COMMAND: GET /session/329de238260d7602ed1af1352086bef4/screenshot - {}
RESULT: {}
COMMAND: POST /session/329de238260d7602ed1af1352086bef4/execute/async - {"script":"<script> [1562 bytes]","args":[{"selector":{"id":"application-manageconditionprice-display-component---conditions--smartFilterBar-filterItemControl_BASIC-BILL_TYPES-vhi"},"wdio_ui5_key":"applicationmanageconditionprice-display-component---conditions--smartFilterBar-filterItemControl_BASIC-BILL_TYPES-vhi"}]}
RESULT: {"script":"<script> [1562 bytes]","args":[{"selector":{"id":"application-manageconditionprice-display-component---conditions--smartFilterBar-filterItemControl_BASIC-BILL_TYPES-vhi"},"wdio_ui5_key":"applicationmanageconditionprice-display-component---conditions--smartFilterBar-filterItemControl_BASIC-BILL_TYPES-vhi"}]}
RESULT: undefined
COMMAND: POST /session/329de238260d7602ed1af1352086bef4/element - {"using":"xpath","value":"//*[@id=\"application-manageconditionprice-display-component---conditions--smartFilterBar-filterItemControl_BASIC-BILL_TYPES-vhi\"]"}
RESULT: {"using":"xpath","value":"//*[@id=\"application-manageconditionprice-display-component---conditions--smartFilterBar-filterItemControl_BASIC-BILL_TYPES-vhi\"]"}
COMMAND: POST /session/329de238260d7602ed1af1352086bef4/element/f.ABBA5987F2E82E58D78C902D9EA41D2B.d.53342B2724B649B7FBA09FF0F74E69E7.e.10637/click - {}
RESULT: {}
COMMAND: POST /session/329de238260d7602ed1af1352086bef4/execute/async - {"script":"<script> [1562 bytes]","args":[{"selector":{"id":"application-manageconditionprice-display-component---conditions--smartFilterBar-filterItemControl_BASIC-BILL_TYPES-valueHelpDialog-smartFilterBar-btnBasicSearch","searchOpenDialogs":true,"interaction":{"idSuffix":"I"}},"wdio_ui5_key":"applicationmanageconditionprice-display-component---conditions--smartFilterBar-filterItemControl_BASIC-BILL_TYPES-valueHelpDialog-smartFilterBar-btnBasicSearch"}]}
COMMAND: GET /session/329de238260d7602ed1af1352086bef4/screenshot - {}
RESULT: {"script":"<script> [1562 bytes]","args":[{"selector":{"id":"application-manageconditionprice-display-component---conditions--smartFilterBar-filterItemControl_BASIC-BILL_TYPES-valueHelpDialog-smartFilterBar-btnBasicSearch","searchOpenDialogs":true,"interaction":{"idSuffix":"I"}},"wdio_ui5_key":"applicationmanageconditionprice-display-component---conditions--smartFilterBar-filterItemControl_BASIC-BILL_TYPES-valueHelpDialog-smartFilterBar-btnBasicSearch"}]}
RESULT: undefined
COMMAND: POST /session/329de238260d7602ed1af1352086bef4/execute/async - {"script":"<script> [776 bytes]","args":[{"enterText":"one","selector":{"id":"application-manageconditionprice-display-component---conditions--smartFilterBar-filterItemControl_BASIC-BILL_TYPES-valueHelpDialog-smartFilterBar-btnBasicSearch","searchOpenDialogs":true,"interaction":{"idSuffix":"I"}},"clearTextFirst":true,"interactionType":"ENTER_TEXT"}]}
RESULT: {}
RESULT: {"script":"<script> [776 bytes]","args":[{"enterText":"one","selector":{"id":"application-manageconditionprice-display-component---conditions--smartFilterBar-filterItemControl_BASIC-BILL_TYPES-valueHelpDialog-smartFilterBar-btnBasicSearch","searchOpenDialogs":true,"interaction":{"idSuffix":"I"}},"clearTextFirst":true,"interactionType":"ENTER_TEXT"}]}
COMMAND: POST /session/329de238260d7602ed1af1352086bef4/actions - {"actions":[{"id":"action37","type":"key","parameters":{},"actions":[{"type":"keyDown","value":""},{"type":"pause","duration":10},{"type":"keyUp","value":""}]}]}
RESULT: {"actions":[{"id":"action37","type":"key","parameters":{},"actions":[{"type":"keyDown","value":""},{"type":"pause","duration":10},{"type":"keyUp","value":""}]}]}
COMMAND: GET /session/329de238260d7602ed1af1352086bef4/screenshot - {}
RESULT: {}
COMMAND: POST /session/329de238260d7602ed1af1352086bef4/element - {"using":"xpath","value":"//div[contains(@id, 'application-manageconditionprice-display-component---conditions--smartFilterBar-filterItemControl_BASIC-BILL_TYPES-valueHelpDialog-table-rowsel0')]"}
RESULT: {"using":"xpath","value":"//div[contains(@id, 'application-manageconditionprice-display-component---conditions--smartFilterBar-filterItemControl_BASIC-BILL_TYPES-valueHelpDialog-table-rowsel0')]"}
COMMAND: POST /session/329de238260d7602ed1af1352086bef4/element/f.ABBA5987F2E82E58D78C902D9EA41D2B.d.53342B2724B649B7FBA09FF0F74E69E7.e.10646/click - {}
RESULT: {}
COMMAND: GET /session/329de238260d7602ed1af1352086bef4/screenshot - {}
RESULT: {}
COMMAND: POST /session/329de238260d7602ed1af1352086bef4/element - {"using":"xpath","value":"//bdi[contains(text(), \"OK\")]"}
RESULT: {"using":"xpath","value":"//bdi[contains(text(), \"OK\")]"}
COMMAND: POST /session/329de238260d7602ed1af1352086bef4/element/f.ABBA5987F2E82E58D78C902D9EA41D2B.d.53342B2724B649B7FBA09FF0F74E69E7.e.10648/click - {}
RESULT: {}
COMMAND: GET /session/329de238260d7602ed1af1352086bef4/screenshot - {}
RESULT: {}
COMMAND: POST /session/329de238260d7602ed1af1352086bef4/element - {"using":"xpath","value":"//span[@id=\"application-manageconditionprice-display-component---conditions--smartTable-header-inner\"]"}
RESULT: {"using":"xpath","value":"//span[@id=\"application-manageconditionprice-display-component---conditions--smartTable-header-inner\"]"}
COMMAND: POST /session/329de238260d7602ed1af1352086bef4/elements - {"using":"xpath","value":"//span[@id=\"application-manageconditionprice-display-component---conditions--smartTable-header-inner\"]"}
RESULT: {"using":"xpath","value":"//span[@id=\"application-manageconditionprice-display-component---conditions--smartTable-header-inner\"]"}
COMMAND: POST /session/329de238260d7602ed1af1352086bef4/execute/sync - {"script":"<script> [56 bytes]","args":[{"element-6066-11e4-a52e-4f735466cecf":"f.ABBA5987F2E82E58D78C902D9EA41D2B.d.53342B2724B649B7FBA09FF0F74E69E7.e.10651","ELEMENT":"f.ABBA5987F2E82E58D78C902D9EA41D2B.d.53342B2724B649B7FBA09FF0F74E69E7.e.10651"}]}
RESULT: {"script":"<script> [56 bytes]","args":[{"element-6066-11e4-a52e-4f735466cecf":"f.ABBA5987F2E82E58D78C902D9EA41D2B.d.53342B2724B649B7FBA09FF0F74E69E7.e.10651","ELEMENT":"f.ABBA5987F2E82E58D78C902D9EA41D2B.d.53342B2724B649B7FBA09FF0F74E69E7.e.10651"}]}
COMMAND: POST /session/329de238260d7602ed1af1352086bef4/element - {"using":"css selector","value":"#shell-header-logo"}
COMMAND: GET /session/329de238260d7602ed1af1352086bef4/screenshot - {}
RESULT: {"using":"css selector","value":"#shell-header-logo"}
COMMAND: POST /session/329de238260d7602ed1af1352086bef4/element/f.ABBA5987F2E82E58D78C902D9EA41D2B.d.53342B2724B649B7FBA09FF0F74E69E7.e.10283/click - {}
RESULT: {}
RESULT: {}
COMMAND: GET /session/329de238260d7602ed1af1352086bef4/screenshot - {}
RESULT: {}
]]></system-out>
    </testcase>
    <testcase classname="chrome.136_0_7103_93.windows.Create_master_data_for_mixed_billing_&amp;_do_billing_calculation_US151661" name="Should add performance based condition" time="77.637">
      <system-out><![CDATA[
RESULT: undefined
COMMAND: POST /session/329de238260d7602ed1af1352086bef4/element - {"using":"xpath","value":"//*[@id=\"__tile93\"]"}
RESULT: {"using":"xpath","value":"//*[@id=\"__tile93\"]"}
COMMAND: POST /session/329de238260d7602ed1af1352086bef4/element/f.ABBA5987F2E82E58D78C902D9EA41D2B.d.53342B2724B649B7FBA09FF0F74E69E7.e.9151/click - {}
RESULT: {}
COMMAND: GET /session/329de238260d7602ed1af1352086bef4/screenshot - {}
RESULT: {}
COMMAND: POST /session/329de238260d7602ed1af1352086bef4/elements - {"using":"xpath","value":"//span[text()='Error']"}
RESULT: {"using":"xpath","value":"//span[text()='Error']"}
COMMAND: POST /session/329de238260d7602ed1af1352086bef4/element - {"using":"xpath","value":"//button[@aria-label=\"Create\"]"}
RESULT: {"using":"xpath","value":"//button[@aria-label=\"Create\"]"}
COMMAND: POST /session/329de238260d7602ed1af1352086bef4/elements - {"using":"xpath","value":"//button[@aria-label=\"Create\"]"}
RESULT: {"using":"xpath","value":"//button[@aria-label=\"Create\"]"}
COMMAND: POST /session/329de238260d7602ed1af1352086bef4/execute/sync - {"script":"<script> [8489 bytes]","args":[{"element-6066-11e4-a52e-4f735466cecf":"f.ABBA5987F2E82E58D78C902D9EA41D2B.d.53342B2724B649B7FBA09FF0F74E69E7.e.10695","ELEMENT":"f.ABBA5987F2E82E58D78C902D9EA41D2B.d.53342B2724B649B7FBA09FF0F74E69E7.e.10695"}]}
RESULT: {"script":"<script> [8489 bytes]","args":[{"element-6066-11e4-a52e-4f735466cecf":"f.ABBA5987F2E82E58D78C902D9EA41D2B.d.53342B2724B649B7FBA09FF0F74E69E7.e.10695","ELEMENT":"f.ABBA5987F2E82E58D78C902D9EA41D2B.d.53342B2724B649B7FBA09FF0F74E69E7.e.10695"}]}
COMMAND: GET /session/329de238260d7602ed1af1352086bef4/element/f.ABBA5987F2E82E58D78C902D9EA41D2B.d.53342B2724B649B7FBA09FF0F74E69E7.e.10695/enabled - {}
COMMAND: GET /session/329de238260d7602ed1af1352086bef4/screenshot - {}
RESULT: {}
COMMAND: POST /session/329de238260d7602ed1af1352086bef4/execute/sync - {"script":"<script> [8489 bytes]","args":[{"element-6066-11e4-a52e-4f735466cecf":"f.ABBA5987F2E82E58D78C902D9EA41D2B.d.53342B2724B649B7FBA09FF0F74E69E7.e.10695","ELEMENT":"f.ABBA5987F2E82E58D78C902D9EA41D2B.d.53342B2724B649B7FBA09FF0F74E69E7.e.10695"}]}
COMMAND: GET /session/329de238260d7602ed1af1352086bef4/screenshot - {}
RESULT: {}
RESULT: {"script":"<script> [8489 bytes]","args":[{"element-6066-11e4-a52e-4f735466cecf":"f.ABBA5987F2E82E58D78C902D9EA41D2B.d.53342B2724B649B7FBA09FF0F74E69E7.e.10695","ELEMENT":"f.ABBA5987F2E82E58D78C902D9EA41D2B.d.53342B2724B649B7FBA09FF0F74E69E7.e.10695"}]}
COMMAND: POST /session/329de238260d7602ed1af1352086bef4/execute/sync - {"script":"<script> [5351 bytes]","args":[{"element-6066-11e4-a52e-4f735466cecf":"f.ABBA5987F2E82E58D78C902D9EA41D2B.d.53342B2724B649B7FBA09FF0F74E69E7.e.10695","ELEMENT":"f.ABBA5987F2E82E58D78C902D9EA41D2B.d.53342B2724B649B7FBA09FF0F74E69E7.e.10695"}]}
COMMAND: GET /session/329de238260d7602ed1af1352086bef4/screenshot - {}
RESULT: {}
RESULT: {"script":"<script> [5351 bytes]","args":[{"element-6066-11e4-a52e-4f735466cecf":"f.ABBA5987F2E82E58D78C902D9EA41D2B.d.53342B2724B649B7FBA09FF0F74E69E7.e.10695","ELEMENT":"f.ABBA5987F2E82E58D78C902D9EA41D2B.d.53342B2724B649B7FBA09FF0F74E69E7.e.10695"}]}
COMMAND: POST /session/329de238260d7602ed1af1352086bef4/element/f.ABBA5987F2E82E58D78C902D9EA41D2B.d.53342B2724B649B7FBA09FF0F74E69E7.e.10695/click - {}
COMMAND: GET /session/329de238260d7602ed1af1352086bef4/screenshot - {}
RESULT: {}
RESULT: {}
COMMAND: GET /session/329de238260d7602ed1af1352086bef4/screenshot - {}
RESULT: {}
RESULT: {}
COMMAND: POST /session/329de238260d7602ed1af1352086bef4/actions - {"actions":[{"id":"action38","type":"key","parameters":{},"actions":[{"type":"keyDown","value":""},{"type":"pause","duration":10},{"type":"keyUp","value":""}]}]}
RESULT: {"actions":[{"id":"action38","type":"key","parameters":{},"actions":[{"type":"keyDown","value":""},{"type":"pause","duration":10},{"type":"keyUp","value":""}]}]}
COMMAND: GET /session/329de238260d7602ed1af1352086bef4/screenshot - {}
RESULT: undefined
COMMAND: POST /session/329de238260d7602ed1af1352086bef4/element - {"using":"xpath","value":"//*[@id=\"application-manageconditionprice-display-component---newCondition--condBillCond-arrow\"]"}
RESULT: {}
RESULT: {"using":"xpath","value":"//*[@id=\"application-manageconditionprice-display-component---newCondition--condBillCond-arrow\"]"}
COMMAND: POST /session/329de238260d7602ed1af1352086bef4/element/f.ABBA5987F2E82E58D78C902D9EA41D2B.d.53342B2724B649B7FBA09FF0F74E69E7.e.11172/click - {}
RESULT: {}
COMMAND: GET /session/329de238260d7602ed1af1352086bef4/screenshot - {}
RESULT: {}
COMMAND: POST /session/329de238260d7602ed1af1352086bef4/element - {"using":"xpath","value":"//li[.//span[contains(text(), \"PC06 - Performance Price - fuel\")]]"}
RESULT: {"using":"xpath","value":"//li[.//span[contains(text(), \"PC06 - Performance Price - fuel\")]]"}
COMMAND: POST /session/329de238260d7602ed1af1352086bef4/element/f.ABBA5987F2E82E58D78C902D9EA41D2B.d.53342B2724B649B7FBA09FF0F74E69E7.e.11175/click - {}
RESULT: {}
COMMAND: GET /session/329de238260d7602ed1af1352086bef4/screenshot - {}
RESULT: {}
RESULT: undefined
COMMAND: POST /session/329de238260d7602ed1af1352086bef4/execute/async - {"script":"<script> [776 bytes]","args":[{"enterText":"1/29/26","selector":{"id":"application-manageconditionprice-display-component---newCondition--condValidTo","interaction":{"idSuffix":"inner"}},"clearTextFirst":true,"interactionType":"ENTER_TEXT"}]}
RESULT: {"script":"<script> [776 bytes]","args":[{"enterText":"1/29/26","selector":{"id":"application-manageconditionprice-display-component---newCondition--condValidTo","interaction":{"idSuffix":"inner"}},"clearTextFirst":true,"interactionType":"ENTER_TEXT"}]}
COMMAND: POST /session/329de238260d7602ed1af1352086bef4/element - {"using":"xpath","value":"//input[@id=\"application-manageconditionprice-display-component---newCondition--condRU-inner\"]"}
RESULT: {"using":"xpath","value":"//input[@id=\"application-manageconditionprice-display-component---newCondition--condRU-inner\"]"}
COMMAND: POST /session/329de238260d7602ed1af1352086bef4/element/f.ABBA5987F2E82E58D78C902D9EA41D2B.d.53342B2724B649B7FBA09FF0F74E69E7.e.10894/clear - {}
RESULT: {}
COMMAND: POST /session/329de238260d7602ed1af1352086bef4/element/f.ABBA5987F2E82E58D78C902D9EA41D2B.d.53342B2724B649B7FBA09FF0F74E69E7.e.10894/value - {"text":"0Y2XnGsSNb"}
COMMAND: GET /session/329de238260d7602ed1af1352086bef4/screenshot - {}
RESULT: {"text":"0Y2XnGsSNb"}
COMMAND: GET /session/329de238260d7602ed1af1352086bef4/screenshot - {}
RESULT: {}
RESULT: {}
COMMAND: POST /session/329de238260d7602ed1af1352086bef4/actions - {"actions":[{"id":"action39","type":"key","parameters":{},"actions":[{"type":"keyDown","value":""},{"type":"pause","duration":10},{"type":"keyUp","value":""}]}]}
RESULT: {"actions":[{"id":"action39","type":"key","parameters":{},"actions":[{"type":"keyDown","value":""},{"type":"pause","duration":10},{"type":"keyUp","value":""}]}]}
RESULT: undefined
COMMAND: POST /session/329de238260d7602ed1af1352086bef4/execute/async - {"script":"<script> [776 bytes]","args":[{"enterText":"1","selector":{"id":"application-manageconditionprice-display-component---newCondition--condBaseQty","interaction":{"idSuffix":"inner"}},"clearTextFirst":true,"interactionType":"ENTER_TEXT"}]}
COMMAND: GET /session/329de238260d7602ed1af1352086bef4/screenshot - {}
RESULT: {"script":"<script> [776 bytes]","args":[{"enterText":"1","selector":{"id":"application-manageconditionprice-display-component---newCondition--condBaseQty","interaction":{"idSuffix":"inner"}},"clearTextFirst":true,"interactionType":"ENTER_TEXT"}]}
RESULT: undefined
COMMAND: POST /session/329de238260d7602ed1af1352086bef4/execute/async - {"script":"<script> [776 bytes]","args":[{"enterText":"10","selector":{"id":"application-manageconditionprice-display-component---newCondition--condValue","interaction":{"idSuffix":"inner"}},"clearTextFirst":true,"interactionType":"ENTER_TEXT"}]}
RESULT: {}
RESULT: {"script":"<script> [776 bytes]","args":[{"enterText":"10","selector":{"id":"application-manageconditionprice-display-component---newCondition--condValue","interaction":{"idSuffix":"inner"}},"clearTextFirst":true,"interactionType":"ENTER_TEXT"}]}
RESULT: undefined
COMMAND: POST /session/329de238260d7602ed1af1352086bef4/element - {"using":"xpath","value":"//*[@id=\"application-manageconditionprice-display-component---newCondition--condCurr-arrow\"]"}
RESULT: {"using":"xpath","value":"//*[@id=\"application-manageconditionprice-display-component---newCondition--condCurr-arrow\"]"}
COMMAND: POST /session/329de238260d7602ed1af1352086bef4/element/f.ABBA5987F2E82E58D78C902D9EA41D2B.d.53342B2724B649B7FBA09FF0F74E69E7.e.11129/click - {}
RESULT: {}
COMMAND: POST /session/329de238260d7602ed1af1352086bef4/element - {"using":"xpath","value":"//span[contains(text(), \"Euro\")]"}
COMMAND: GET /session/329de238260d7602ed1af1352086bef4/screenshot - {}
RESULT: {"using":"xpath","value":"//span[contains(text(), \"Euro\")]"}
COMMAND: POST /session/329de238260d7602ed1af1352086bef4/element/f.ABBA5987F2E82E58D78C902D9EA41D2B.d.53342B2724B649B7FBA09FF0F74E69E7.e.11210/click - {}
RESULT: {}
RESULT: {}
COMMAND: POST /session/329de238260d7602ed1af1352086bef4/element - {"using":"xpath","value":"//button[@data-kt=\"saveButton\"]"}
COMMAND: GET /session/329de238260d7602ed1af1352086bef4/screenshot - {}
RESULT: {"using":"xpath","value":"//button[@data-kt=\"saveButton\"]"}
COMMAND: POST /session/329de238260d7602ed1af1352086bef4/element/f.ABBA5987F2E82E58D78C902D9EA41D2B.d.53342B2724B649B7FBA09FF0F74E69E7.e.11130/click - {}
RESULT: {}
RESULT: {}
COMMAND: GET /session/329de238260d7602ed1af1352086bef4/screenshot - {}
RESULT: {}
RESULT: undefined
COMMAND: POST /session/329de238260d7602ed1af1352086bef4/execute/async - {"script":"<script> [776 bytes]","args":[{"enterText":"0Y2XnGsSNb","selector":{"id":"application-manageconditionprice-display-component---conditions--smartFilterBar-btnBasicSearch","interaction":{"idSuffix":"I"}},"clearTextFirst":true,"interactionType":"ENTER_TEXT"}]}
RESULT: {"script":"<script> [776 bytes]","args":[{"enterText":"0Y2XnGsSNb","selector":{"id":"application-manageconditionprice-display-component---conditions--smartFilterBar-btnBasicSearch","interaction":{"idSuffix":"I"}},"clearTextFirst":true,"interactionType":"ENTER_TEXT"}]}
COMMAND: POST /session/329de238260d7602ed1af1352086bef4/actions - {"actions":[{"id":"action40","type":"key","parameters":{},"actions":[{"type":"keyDown","value":""},{"type":"pause","duration":10},{"type":"keyUp","value":""}]}]}
RESULT: {"actions":[{"id":"action40","type":"key","parameters":{},"actions":[{"type":"keyDown","value":""},{"type":"pause","duration":10},{"type":"keyUp","value":""}]}]}
COMMAND: GET /session/329de238260d7602ed1af1352086bef4/screenshot - {}
RESULT: {}
RESULT: undefined
COMMAND: POST /session/329de238260d7602ed1af1352086bef4/element - {"using":"xpath","value":"//*[@id=\"application-manageconditionprice-display-component---conditions--smartFilterBar-filterItemControl_BASIC-BILL_TYPES-vhi\"]"}
RESULT: {"using":"xpath","value":"//*[@id=\"application-manageconditionprice-display-component---conditions--smartFilterBar-filterItemControl_BASIC-BILL_TYPES-vhi\"]"}
COMMAND: POST /session/329de238260d7602ed1af1352086bef4/element/f.ABBA5987F2E82E58D78C902D9EA41D2B.d.53342B2724B649B7FBA09FF0F74E69E7.e.11458/click - {}
RESULT: {}
RESULT: undefined
COMMAND: POST /session/329de238260d7602ed1af1352086bef4/execute/async - {"script":"<script> [776 bytes]","args":[{"enterText":"PB","selector":{"id":"application-manageconditionprice-display-component---conditions--smartFilterBar-filterItemControl_BASIC-BILL_TYPES-valueHelpDialog-smartFilterBar-btnBasicSearch","searchOpenDialogs":true,"interaction":{"idSuffix":"I"}},"clearTextFirst":true,"interactionType":"ENTER_TEXT"}]}
COMMAND: GET /session/329de238260d7602ed1af1352086bef4/screenshot - {}
RESULT: {"script":"<script> [776 bytes]","args":[{"enterText":"PB","selector":{"id":"application-manageconditionprice-display-component---conditions--smartFilterBar-filterItemControl_BASIC-BILL_TYPES-valueHelpDialog-smartFilterBar-btnBasicSearch","searchOpenDialogs":true,"interaction":{"idSuffix":"I"}},"clearTextFirst":true,"interactionType":"ENTER_TEXT"}]}
COMMAND: POST /session/329de238260d7602ed1af1352086bef4/actions - {"actions":[{"id":"action41","type":"key","parameters":{},"actions":[{"type":"keyDown","value":""},{"type":"pause","duration":10},{"type":"keyUp","value":""}]}]}
RESULT: {}
RESULT: {"actions":[{"id":"action41","type":"key","parameters":{},"actions":[{"type":"keyDown","value":""},{"type":"pause","duration":10},{"type":"keyUp","value":""}]}]}
COMMAND: GET /session/329de238260d7602ed1af1352086bef4/screenshot - {}
RESULT: {}
COMMAND: POST /session/329de238260d7602ed1af1352086bef4/element - {"using":"xpath","value":"//div[contains(@id, 'application-manageconditionprice-display-component---conditions--smartFilterBar-filterItemControl_BASIC-BILL_TYPES-valueHelpDialog-table-rowsel0')]"}
RESULT: {"using":"xpath","value":"//div[contains(@id, 'application-manageconditionprice-display-component---conditions--smartFilterBar-filterItemControl_BASIC-BILL_TYPES-valueHelpDialog-table-rowsel0')]"}
COMMAND: POST /session/329de238260d7602ed1af1352086bef4/element/f.ABBA5987F2E82E58D78C902D9EA41D2B.d.53342B2724B649B7FBA09FF0F74E69E7.e.11466/click - {}
RESULT: {}
COMMAND: GET /session/329de238260d7602ed1af1352086bef4/screenshot - {}
RESULT: {}
COMMAND: POST /session/329de238260d7602ed1af1352086bef4/element - {"using":"xpath","value":"//bdi[contains(text(), \"OK\")]"}
RESULT: {"using":"xpath","value":"//bdi[contains(text(), \"OK\")]"}
COMMAND: POST /session/329de238260d7602ed1af1352086bef4/element/f.ABBA5987F2E82E58D78C902D9EA41D2B.d.53342B2724B649B7FBA09FF0F74E69E7.e.11468/click - {}
RESULT: {}
COMMAND: GET /session/329de238260d7602ed1af1352086bef4/screenshot - {}
RESULT: {}
COMMAND: POST /session/329de238260d7602ed1af1352086bef4/element - {"using":"xpath","value":"//span[@id=\"application-manageconditionprice-display-component---conditions--smartTable-header-inner\"]"}
RESULT: {"using":"xpath","value":"//span[@id=\"application-manageconditionprice-display-component---conditions--smartTable-header-inner\"]"}
COMMAND: POST /session/329de238260d7602ed1af1352086bef4/elements - {"using":"xpath","value":"//span[@id=\"application-manageconditionprice-display-component---conditions--smartTable-header-inner\"]"}
RESULT: {"using":"xpath","value":"//span[@id=\"application-manageconditionprice-display-component---conditions--smartTable-header-inner\"]"}
COMMAND: POST /session/329de238260d7602ed1af1352086bef4/execute/sync - {"script":"<script> [56 bytes]","args":[{"element-6066-11e4-a52e-4f735466cecf":"f.ABBA5987F2E82E58D78C902D9EA41D2B.d.53342B2724B649B7FBA09FF0F74E69E7.e.11471","ELEMENT":"f.ABBA5987F2E82E58D78C902D9EA41D2B.d.53342B2724B649B7FBA09FF0F74E69E7.e.11471"}]}
RESULT: {"script":"<script> [56 bytes]","args":[{"element-6066-11e4-a52e-4f735466cecf":"f.ABBA5987F2E82E58D78C902D9EA41D2B.d.53342B2724B649B7FBA09FF0F74E69E7.e.11471","ELEMENT":"f.ABBA5987F2E82E58D78C902D9EA41D2B.d.53342B2724B649B7FBA09FF0F74E69E7.e.11471"}]}
COMMAND: POST /session/329de238260d7602ed1af1352086bef4/element - {"using":"css selector","value":"#shell-header-logo"}
COMMAND: GET /session/329de238260d7602ed1af1352086bef4/screenshot - {}
RESULT: {"using":"css selector","value":"#shell-header-logo"}
COMMAND: POST /session/329de238260d7602ed1af1352086bef4/element/f.ABBA5987F2E82E58D78C902D9EA41D2B.d.53342B2724B649B7FBA09FF0F74E69E7.e.10660/click - {}
RESULT: {}
RESULT: {}
COMMAND: GET /session/329de238260d7602ed1af1352086bef4/screenshot - {}
RESULT: {}
]]></system-out>
    </testcase>
    <testcase classname="chrome.136_0_7103_93.windows.Create_master_data_for_mixed_billing_&amp;_do_billing_calculation_US151661" name="Should add time based condition" time="64.896">
      <system-out><![CDATA[
RESULT: undefined
COMMAND: POST /session/329de238260d7602ed1af1352086bef4/element - {"using":"xpath","value":"//*[@id=\"__tile93\"]"}
RESULT: {"using":"xpath","value":"//*[@id=\"__tile93\"]"}
COMMAND: POST /session/329de238260d7602ed1af1352086bef4/element/f.ABBA5987F2E82E58D78C902D9EA41D2B.d.53342B2724B649B7FBA09FF0F74E69E7.e.9151/click - {}
RESULT: {}
COMMAND: GET /session/329de238260d7602ed1af1352086bef4/screenshot - {}
RESULT: {}
COMMAND: POST /session/329de238260d7602ed1af1352086bef4/elements - {"using":"xpath","value":"//span[text()='Error']"}
RESULT: {"using":"xpath","value":"//span[text()='Error']"}
COMMAND: POST /session/329de238260d7602ed1af1352086bef4/element - {"using":"xpath","value":"//button[@aria-label=\"Create\"]"}
RESULT: {"using":"xpath","value":"//button[@aria-label=\"Create\"]"}
COMMAND: POST /session/329de238260d7602ed1af1352086bef4/elements - {"using":"xpath","value":"//button[@aria-label=\"Create\"]"}
RESULT: {"using":"xpath","value":"//button[@aria-label=\"Create\"]"}
COMMAND: POST /session/329de238260d7602ed1af1352086bef4/execute/sync - {"script":"<script> [8489 bytes]","args":[{"element-6066-11e4-a52e-4f735466cecf":"f.ABBA5987F2E82E58D78C902D9EA41D2B.d.53342B2724B649B7FBA09FF0F74E69E7.e.11533","ELEMENT":"f.ABBA5987F2E82E58D78C902D9EA41D2B.d.53342B2724B649B7FBA09FF0F74E69E7.e.11533"}]}
RESULT: {"script":"<script> [8489 bytes]","args":[{"element-6066-11e4-a52e-4f735466cecf":"f.ABBA5987F2E82E58D78C902D9EA41D2B.d.53342B2724B649B7FBA09FF0F74E69E7.e.11533","ELEMENT":"f.ABBA5987F2E82E58D78C902D9EA41D2B.d.53342B2724B649B7FBA09FF0F74E69E7.e.11533"}]}
COMMAND: GET /session/329de238260d7602ed1af1352086bef4/element/f.ABBA5987F2E82E58D78C902D9EA41D2B.d.53342B2724B649B7FBA09FF0F74E69E7.e.11533/enabled - {}
COMMAND: GET /session/329de238260d7602ed1af1352086bef4/screenshot - {}
RESULT: {}
COMMAND: POST /session/329de238260d7602ed1af1352086bef4/execute/sync - {"script":"<script> [8489 bytes]","args":[{"element-6066-11e4-a52e-4f735466cecf":"f.ABBA5987F2E82E58D78C902D9EA41D2B.d.53342B2724B649B7FBA09FF0F74E69E7.e.11533","ELEMENT":"f.ABBA5987F2E82E58D78C902D9EA41D2B.d.53342B2724B649B7FBA09FF0F74E69E7.e.11533"}]}
COMMAND: GET /session/329de238260d7602ed1af1352086bef4/screenshot - {}
RESULT: {}
RESULT: {"script":"<script> [8489 bytes]","args":[{"element-6066-11e4-a52e-4f735466cecf":"f.ABBA5987F2E82E58D78C902D9EA41D2B.d.53342B2724B649B7FBA09FF0F74E69E7.e.11533","ELEMENT":"f.ABBA5987F2E82E58D78C902D9EA41D2B.d.53342B2724B649B7FBA09FF0F74E69E7.e.11533"}]}
COMMAND: POST /session/329de238260d7602ed1af1352086bef4/execute/sync - {"script":"<script> [5351 bytes]","args":[{"element-6066-11e4-a52e-4f735466cecf":"f.ABBA5987F2E82E58D78C902D9EA41D2B.d.53342B2724B649B7FBA09FF0F74E69E7.e.11533","ELEMENT":"f.ABBA5987F2E82E58D78C902D9EA41D2B.d.53342B2724B649B7FBA09FF0F74E69E7.e.11533"}]}
COMMAND: GET /session/329de238260d7602ed1af1352086bef4/screenshot - {}
RESULT: {}
RESULT: {"script":"<script> [5351 bytes]","args":[{"element-6066-11e4-a52e-4f735466cecf":"f.ABBA5987F2E82E58D78C902D9EA41D2B.d.53342B2724B649B7FBA09FF0F74E69E7.e.11533","ELEMENT":"f.ABBA5987F2E82E58D78C902D9EA41D2B.d.53342B2724B649B7FBA09FF0F74E69E7.e.11533"}]}
COMMAND: POST /session/329de238260d7602ed1af1352086bef4/element/f.ABBA5987F2E82E58D78C902D9EA41D2B.d.53342B2724B649B7FBA09FF0F74E69E7.e.11533/click - {}
COMMAND: GET /session/329de238260d7602ed1af1352086bef4/screenshot - {}
RESULT: {}
RESULT: {}
COMMAND: GET /session/329de238260d7602ed1af1352086bef4/screenshot - {}
RESULT: {}
RESULT: {}
COMMAND: POST /session/329de238260d7602ed1af1352086bef4/actions - {"actions":[{"id":"action42","type":"key","parameters":{},"actions":[{"type":"keyDown","value":""},{"type":"pause","duration":10},{"type":"keyUp","value":""}]}]}
RESULT: {"actions":[{"id":"action42","type":"key","parameters":{},"actions":[{"type":"keyDown","value":""},{"type":"pause","duration":10},{"type":"keyUp","value":""}]}]}
COMMAND: GET /session/329de238260d7602ed1af1352086bef4/screenshot - {}
RESULT: undefined
COMMAND: POST /session/329de238260d7602ed1af1352086bef4/element - {"using":"xpath","value":"//*[@id=\"application-manageconditionprice-display-component---newCondition--condBillCond-arrow\"]"}
RESULT: {}
RESULT: {"using":"xpath","value":"//*[@id=\"application-manageconditionprice-display-component---newCondition--condBillCond-arrow\"]"}
COMMAND: POST /session/329de238260d7602ed1af1352086bef4/element/f.ABBA5987F2E82E58D78C902D9EA41D2B.d.53342B2724B649B7FBA09FF0F74E69E7.e.12333/click - {}
RESULT: {}
COMMAND: GET /session/329de238260d7602ed1af1352086bef4/screenshot - {}
RESULT: {}
COMMAND: POST /session/329de238260d7602ed1af1352086bef4/element - {"using":"xpath","value":"//li[.//span[contains(text(), \"DISP - D&I special price\")]]"}
RESULT: {"using":"xpath","value":"//li[.//span[contains(text(), \"DISP - D&I special price\")]]"}
COMMAND: POST /session/329de238260d7602ed1af1352086bef4/element/f.ABBA5987F2E82E58D78C902D9EA41D2B.d.53342B2724B649B7FBA09FF0F74E69E7.e.12341/click - {}
RESULT: {}
COMMAND: GET /session/329de238260d7602ed1af1352086bef4/screenshot - {}
RESULT: {}
RESULT: undefined
COMMAND: POST /session/329de238260d7602ed1af1352086bef4/execute/async - {"script":"<script> [776 bytes]","args":[{"enterText":"1/29/26","selector":{"id":"application-manageconditionprice-display-component---newCondition--condValidTo","interaction":{"idSuffix":"inner"}},"clearTextFirst":true,"interactionType":"ENTER_TEXT"}]}
RESULT: {"script":"<script> [776 bytes]","args":[{"enterText":"1/29/26","selector":{"id":"application-manageconditionprice-display-component---newCondition--condValidTo","interaction":{"idSuffix":"inner"}},"clearTextFirst":true,"interactionType":"ENTER_TEXT"}]}
COMMAND: POST /session/329de238260d7602ed1af1352086bef4/element - {"using":"xpath","value":"//input[@id=\"application-manageconditionprice-display-component---newCondition--condRU-inner\"]"}
RESULT: {"using":"xpath","value":"//input[@id=\"application-manageconditionprice-display-component---newCondition--condRU-inner\"]"}
COMMAND: POST /session/329de238260d7602ed1af1352086bef4/element/f.ABBA5987F2E82E58D78C902D9EA41D2B.d.53342B2724B649B7FBA09FF0F74E69E7.e.12063/clear - {}
RESULT: {}
COMMAND: POST /session/329de238260d7602ed1af1352086bef4/element/f.ABBA5987F2E82E58D78C902D9EA41D2B.d.53342B2724B649B7FBA09FF0F74E69E7.e.12063/value - {"text":"0Y2XnGsSNb"}
COMMAND: GET /session/329de238260d7602ed1af1352086bef4/screenshot - {}
RESULT: {"text":"0Y2XnGsSNb"}
COMMAND: GET /session/329de238260d7602ed1af1352086bef4/screenshot - {}
RESULT: {}
RESULT: {}
COMMAND: POST /session/329de238260d7602ed1af1352086bef4/actions - {"actions":[{"id":"action43","type":"key","parameters":{},"actions":[{"type":"keyDown","value":""},{"type":"pause","duration":10},{"type":"keyUp","value":""}]}]}
RESULT: {"actions":[{"id":"action43","type":"key","parameters":{},"actions":[{"type":"keyDown","value":""},{"type":"pause","duration":10},{"type":"keyUp","value":""}]}]}
RESULT: undefined
COMMAND: POST /session/329de238260d7602ed1af1352086bef4/execute/async - {"script":"<script> [776 bytes]","args":[{"enterText":"1","selector":{"id":"application-manageconditionprice-display-component---newCondition--condBaseQty","interaction":{"idSuffix":"inner"}},"clearTextFirst":true,"interactionType":"ENTER_TEXT"}]}
COMMAND: GET /session/329de238260d7602ed1af1352086bef4/screenshot - {}
RESULT: {"script":"<script> [776 bytes]","args":[{"enterText":"1","selector":{"id":"application-manageconditionprice-display-component---newCondition--condBaseQty","interaction":{"idSuffix":"inner"}},"clearTextFirst":true,"interactionType":"ENTER_TEXT"}]}
RESULT: undefined
COMMAND: POST /session/329de238260d7602ed1af1352086bef4/execute/async - {"script":"<script> [776 bytes]","args":[{"enterText":"100","selector":{"id":"application-manageconditionprice-display-component---newCondition--condValue","interaction":{"idSuffix":"inner"}},"clearTextFirst":true,"interactionType":"ENTER_TEXT"}]}
RESULT: {}
RESULT: {"script":"<script> [776 bytes]","args":[{"enterText":"100","selector":{"id":"application-manageconditionprice-display-component---newCondition--condValue","interaction":{"idSuffix":"inner"}},"clearTextFirst":true,"interactionType":"ENTER_TEXT"}]}
RESULT: undefined
COMMAND: POST /session/329de238260d7602ed1af1352086bef4/element - {"using":"xpath","value":"//*[@id=\"application-manageconditionprice-display-component---newCondition--condCurr-arrow\"]"}
RESULT: {"using":"xpath","value":"//*[@id=\"application-manageconditionprice-display-component---newCondition--condCurr-arrow\"]"}
COMMAND: POST /session/329de238260d7602ed1af1352086bef4/element/f.ABBA5987F2E82E58D78C902D9EA41D2B.d.53342B2724B649B7FBA09FF0F74E69E7.e.12293/click - {}
RESULT: {}
COMMAND: POST /session/329de238260d7602ed1af1352086bef4/element - {"using":"xpath","value":"//span[contains(text(), \"Euro\")]"}
COMMAND: GET /session/329de238260d7602ed1af1352086bef4/screenshot - {}
RESULT: {"using":"xpath","value":"//span[contains(text(), \"Euro\")]"}
COMMAND: POST /session/329de238260d7602ed1af1352086bef4/element/f.ABBA5987F2E82E58D78C902D9EA41D2B.d.53342B2724B649B7FBA09FF0F74E69E7.e.12376/click - {}
RESULT: {}
RESULT: {}
COMMAND: POST /session/329de238260d7602ed1af1352086bef4/element - {"using":"xpath","value":"//button[@data-kt=\"saveButton\"]"}
COMMAND: GET /session/329de238260d7602ed1af1352086bef4/screenshot - {}
RESULT: {"using":"xpath","value":"//button[@data-kt=\"saveButton\"]"}
COMMAND: POST /session/329de238260d7602ed1af1352086bef4/element/f.ABBA5987F2E82E58D78C902D9EA41D2B.d.53342B2724B649B7FBA09FF0F74E69E7.e.12294/click - {}
RESULT: {}
RESULT: {}
COMMAND: GET /session/329de238260d7602ed1af1352086bef4/screenshot - {}
RESULT: {}
RESULT: undefined
COMMAND: POST /session/329de238260d7602ed1af1352086bef4/execute/async - {"script":"<script> [776 bytes]","args":[{"enterText":"0Y2XnGsSNb","selector":{"id":"application-manageconditionprice-display-component---conditions--smartFilterBar-btnBasicSearch","interaction":{"idSuffix":"I"}},"clearTextFirst":true,"interactionType":"ENTER_TEXT"}]}
RESULT: {"script":"<script> [776 bytes]","args":[{"enterText":"0Y2XnGsSNb","selector":{"id":"application-manageconditionprice-display-component---conditions--smartFilterBar-btnBasicSearch","interaction":{"idSuffix":"I"}},"clearTextFirst":true,"interactionType":"ENTER_TEXT"}]}
COMMAND: POST /session/329de238260d7602ed1af1352086bef4/actions - {"actions":[{"id":"action44","type":"key","parameters":{},"actions":[{"type":"keyDown","value":""},{"type":"pause","duration":10},{"type":"keyUp","value":""}]}]}
RESULT: {"actions":[{"id":"action44","type":"key","parameters":{},"actions":[{"type":"keyDown","value":""},{"type":"pause","duration":10},{"type":"keyUp","value":""}]}]}
COMMAND: GET /session/329de238260d7602ed1af1352086bef4/screenshot - {}
RESULT: {}
RESULT: undefined
COMMAND: POST /session/329de238260d7602ed1af1352086bef4/element - {"using":"xpath","value":"//*[@id=\"application-manageconditionprice-display-component---conditions--smartFilterBar-filterItemControl_BASIC-BILL_TYPES-vhi\"]"}
RESULT: {"using":"xpath","value":"//*[@id=\"application-manageconditionprice-display-component---conditions--smartFilterBar-filterItemControl_BASIC-BILL_TYPES-vhi\"]"}
COMMAND: POST /session/329de238260d7602ed1af1352086bef4/element/f.ABBA5987F2E82E58D78C902D9EA41D2B.d.53342B2724B649B7FBA09FF0F74E69E7.e.12606/click - {}
RESULT: {}
RESULT: undefined
COMMAND: POST /session/329de238260d7602ed1af1352086bef4/execute/async - {"script":"<script> [776 bytes]","args":[{"enterText":"TB","selector":{"id":"application-manageconditionprice-display-component---conditions--smartFilterBar-filterItemControl_BASIC-BILL_TYPES-valueHelpDialog-smartFilterBar-btnBasicSearch","searchOpenDialogs":true,"interaction":{"idSuffix":"I"}},"clearTextFirst":true,"interactionType":"ENTER_TEXT"}]}
COMMAND: GET /session/329de238260d7602ed1af1352086bef4/screenshot - {}
RESULT: {"script":"<script> [776 bytes]","args":[{"enterText":"TB","selector":{"id":"application-manageconditionprice-display-component---conditions--smartFilterBar-filterItemControl_BASIC-BILL_TYPES-valueHelpDialog-smartFilterBar-btnBasicSearch","searchOpenDialogs":true,"interaction":{"idSuffix":"I"}},"clearTextFirst":true,"interactionType":"ENTER_TEXT"}]}
COMMAND: POST /session/329de238260d7602ed1af1352086bef4/actions - {"actions":[{"id":"action45","type":"key","parameters":{},"actions":[{"type":"keyDown","value":""},{"type":"pause","duration":10},{"type":"keyUp","value":""}]}]}
RESULT: {}
RESULT: {"actions":[{"id":"action45","type":"key","parameters":{},"actions":[{"type":"keyDown","value":""},{"type":"pause","duration":10},{"type":"keyUp","value":""}]}]}
COMMAND: GET /session/329de238260d7602ed1af1352086bef4/screenshot - {}
RESULT: {}
COMMAND: POST /session/329de238260d7602ed1af1352086bef4/element - {"using":"xpath","value":"//div[contains(@id, 'application-manageconditionprice-display-component---conditions--smartFilterBar-filterItemControl_BASIC-BILL_TYPES-valueHelpDialog-table-rowsel0')]"}
RESULT: {"using":"xpath","value":"//div[contains(@id, 'application-manageconditionprice-display-component---conditions--smartFilterBar-filterItemControl_BASIC-BILL_TYPES-valueHelpDialog-table-rowsel0')]"}
COMMAND: POST /session/329de238260d7602ed1af1352086bef4/element/f.ABBA5987F2E82E58D78C902D9EA41D2B.d.53342B2724B649B7FBA09FF0F74E69E7.e.12613/click - {}
RESULT: {}
COMMAND: GET /session/329de238260d7602ed1af1352086bef4/screenshot - {}
RESULT: {}
COMMAND: POST /session/329de238260d7602ed1af1352086bef4/element - {"using":"xpath","value":"//bdi[contains(text(), \"OK\")]"}
RESULT: {"using":"xpath","value":"//bdi[contains(text(), \"OK\")]"}
COMMAND: POST /session/329de238260d7602ed1af1352086bef4/element/f.ABBA5987F2E82E58D78C902D9EA41D2B.d.53342B2724B649B7FBA09FF0F74E69E7.e.12615/click - {}
RESULT: {}
COMMAND: GET /session/329de238260d7602ed1af1352086bef4/screenshot - {}
RESULT: {}
COMMAND: POST /session/329de238260d7602ed1af1352086bef4/element - {"using":"xpath","value":"//span[@id=\"application-manageconditionprice-display-component---conditions--smartTable-header-inner\"]"}
RESULT: {"using":"xpath","value":"//span[@id=\"application-manageconditionprice-display-component---conditions--smartTable-header-inner\"]"}
COMMAND: POST /session/329de238260d7602ed1af1352086bef4/elements - {"using":"xpath","value":"//span[@id=\"application-manageconditionprice-display-component---conditions--smartTable-header-inner\"]"}
RESULT: {"using":"xpath","value":"//span[@id=\"application-manageconditionprice-display-component---conditions--smartTable-header-inner\"]"}
COMMAND: POST /session/329de238260d7602ed1af1352086bef4/execute/sync - {"script":"<script> [56 bytes]","args":[{"element-6066-11e4-a52e-4f735466cecf":"f.ABBA5987F2E82E58D78C902D9EA41D2B.d.53342B2724B649B7FBA09FF0F74E69E7.e.12651","ELEMENT":"f.ABBA5987F2E82E58D78C902D9EA41D2B.d.53342B2724B649B7FBA09FF0F74E69E7.e.12651"}]}
RESULT: {"script":"<script> [56 bytes]","args":[{"element-6066-11e4-a52e-4f735466cecf":"f.ABBA5987F2E82E58D78C902D9EA41D2B.d.53342B2724B649B7FBA09FF0F74E69E7.e.12651","ELEMENT":"f.ABBA5987F2E82E58D78C902D9EA41D2B.d.53342B2724B649B7FBA09FF0F74E69E7.e.12651"}]}
COMMAND: POST /session/329de238260d7602ed1af1352086bef4/element - {"using":"css selector","value":"#shell-header-logo"}
COMMAND: GET /session/329de238260d7602ed1af1352086bef4/screenshot - {}
RESULT: {"using":"css selector","value":"#shell-header-logo"}
COMMAND: POST /session/329de238260d7602ed1af1352086bef4/element/f.ABBA5987F2E82E58D78C902D9EA41D2B.d.53342B2724B649B7FBA09FF0F74E69E7.e.11477/click - {}
RESULT: {}
RESULT: {}
COMMAND: GET /session/329de238260d7602ed1af1352086bef4/screenshot - {}
RESULT: {}
]]></system-out>
    </testcase>
    <testcase classname="chrome.136_0_7103_93.windows.Create_master_data_for_mixed_billing_&amp;_do_billing_calculation_US151661" name="Should do a stock increase handover" time="92.126">
      <system-out><![CDATA[
COMMAND: POST /session/329de238260d7602ed1af1352086bef4/execute/async - {"script":"<script> [1562 bytes]","args":[{"selector":{"controlType":"sap.m.GenericTile","properties":{"header":"Manage Handovers"}},"wdio_ui5_key":"sapm.GenericTile{\"header\":\"Manage Handovers\"}"}]}
RESULT: {"script":"<script> [1562 bytes]","args":[{"selector":{"controlType":"sap.m.GenericTile","properties":{"header":"Manage Handovers"}},"wdio_ui5_key":"sapm.GenericTile{\"header\":\"Manage Handovers\"}"}]}
RESULT: undefined
COMMAND: POST /session/329de238260d7602ed1af1352086bef4/element - {"using":"xpath","value":"//*[@id=\"__tile133\"]"}
RESULT: {"using":"xpath","value":"//*[@id=\"__tile133\"]"}
COMMAND: POST /session/329de238260d7602ed1af1352086bef4/element/f.ABBA5987F2E82E58D78C902D9EA41D2B.d.53342B2724B649B7FBA09FF0F74E69E7.e.9115/click - {}
RESULT: {}
COMMAND: GET /session/329de238260d7602ed1af1352086bef4/screenshot - {}
RESULT: {}
COMMAND: POST /session/329de238260d7602ed1af1352086bef4/elements - {"using":"xpath","value":"//span[text()='Error']"}
RESULT: {"using":"xpath","value":"//span[text()='Error']"}
COMMAND: POST /session/329de238260d7602ed1af1352086bef4/element - {"using":"xpath","value":"//button[@data-kt=\"masterHOAddButton\"]"}
RESULT: {"using":"xpath","value":"//button[@data-kt=\"masterHOAddButton\"]"}
COMMAND: POST /session/329de238260d7602ed1af1352086bef4/elements - {"using":"xpath","value":"//button[@data-kt=\"masterHOAddButton\"]"}
RESULT: {"using":"xpath","value":"//button[@data-kt=\"masterHOAddButton\"]"}
COMMAND: POST /session/329de238260d7602ed1af1352086bef4/execute/sync - {"script":"<script> [8489 bytes]","args":[{"element-6066-11e4-a52e-4f735466cecf":"f.ABBA5987F2E82E58D78C902D9EA41D2B.d.53342B2724B649B7FBA09FF0F74E69E7.e.12688","ELEMENT":"f.ABBA5987F2E82E58D78C902D9EA41D2B.d.53342B2724B649B7FBA09FF0F74E69E7.e.12688"}]}
RESULT: {"script":"<script> [8489 bytes]","args":[{"element-6066-11e4-a52e-4f735466cecf":"f.ABBA5987F2E82E58D78C902D9EA41D2B.d.53342B2724B649B7FBA09FF0F74E69E7.e.12688","ELEMENT":"f.ABBA5987F2E82E58D78C902D9EA41D2B.d.53342B2724B649B7FBA09FF0F74E69E7.e.12688"}]}
COMMAND: GET /session/329de238260d7602ed1af1352086bef4/element/f.ABBA5987F2E82E58D78C902D9EA41D2B.d.53342B2724B649B7FBA09FF0F74E69E7.e.12688/enabled - {}
COMMAND: GET /session/329de238260d7602ed1af1352086bef4/screenshot - {}
RESULT: {}
COMMAND: POST /session/329de238260d7602ed1af1352086bef4/execute/sync - {"script":"<script> [8489 bytes]","args":[{"element-6066-11e4-a52e-4f735466cecf":"f.ABBA5987F2E82E58D78C902D9EA41D2B.d.53342B2724B649B7FBA09FF0F74E69E7.e.12688","ELEMENT":"f.ABBA5987F2E82E58D78C902D9EA41D2B.d.53342B2724B649B7FBA09FF0F74E69E7.e.12688"}]}
COMMAND: GET /session/329de238260d7602ed1af1352086bef4/screenshot - {}
RESULT: {}
RESULT: {"script":"<script> [8489 bytes]","args":[{"element-6066-11e4-a52e-4f735466cecf":"f.ABBA5987F2E82E58D78C902D9EA41D2B.d.53342B2724B649B7FBA09FF0F74E69E7.e.12688","ELEMENT":"f.ABBA5987F2E82E58D78C902D9EA41D2B.d.53342B2724B649B7FBA09FF0F74E69E7.e.12688"}]}
COMMAND: POST /session/329de238260d7602ed1af1352086bef4/execute/sync - {"script":"<script> [5351 bytes]","args":[{"element-6066-11e4-a52e-4f735466cecf":"f.ABBA5987F2E82E58D78C902D9EA41D2B.d.53342B2724B649B7FBA09FF0F74E69E7.e.12688","ELEMENT":"f.ABBA5987F2E82E58D78C902D9EA41D2B.d.53342B2724B649B7FBA09FF0F74E69E7.e.12688"}]}
COMMAND: GET /session/329de238260d7602ed1af1352086bef4/screenshot - {}
RESULT: {}
RESULT: {"script":"<script> [5351 bytes]","args":[{"element-6066-11e4-a52e-4f735466cecf":"f.ABBA5987F2E82E58D78C902D9EA41D2B.d.53342B2724B649B7FBA09FF0F74E69E7.e.12688","ELEMENT":"f.ABBA5987F2E82E58D78C902D9EA41D2B.d.53342B2724B649B7FBA09FF0F74E69E7.e.12688"}]}
COMMAND: POST /session/329de238260d7602ed1af1352086bef4/element/f.ABBA5987F2E82E58D78C902D9EA41D2B.d.53342B2724B649B7FBA09FF0F74E69E7.e.12688/click - {}
COMMAND: GET /session/329de238260d7602ed1af1352086bef4/screenshot - {}
RESULT: {}
RESULT: {}
COMMAND: GET /session/329de238260d7602ed1af1352086bef4/screenshot - {}
COMMAND: POST /session/329de238260d7602ed1af1352086bef4/element - {"using":"xpath","value":"//span[contains(@id ,\"AddNewHO--typeSelect-arrow\")]"}
RESULT: {}
RESULT: {}
RESULT: {"using":"xpath","value":"//span[contains(@id ,\"AddNewHO--typeSelect-arrow\")]"}
COMMAND: POST /session/329de238260d7602ed1af1352086bef4/element/f.ABBA5987F2E82E58D78C902D9EA41D2B.d.53342B2724B649B7FBA09FF0F74E69E7.e.13051/click - {}
RESULT: {}
COMMAND: GET /session/329de238260d7602ed1af1352086bef4/screenshot - {}
RESULT: {}
COMMAND: POST /session/329de238260d7602ed1af1352086bef4/element - {"using":"xpath","value":"(//li[contains(text(), \"stock increase yard\")])[1]"}
RESULT: {"using":"xpath","value":"(//li[contains(text(), \"stock increase yard\")])[1]"}
COMMAND: POST /session/329de238260d7602ed1af1352086bef4/element/f.ABBA5987F2E82E58D78C902D9EA41D2B.d.53342B2724B649B7FBA09FF0F74E69E7.e.13052/click - {}
RESULT: {}
COMMAND: GET /session/329de238260d7602ed1af1352086bef4/screenshot - {}
RESULT: {}
COMMAND: POST /session/329de238260d7602ed1af1352086bef4/execute/async - {"script":"<script> [1562 bytes]","args":[{"selector":{"id":"application-managehandovers-display-component---AddNewHO--dueDate","interaction":{"idSuffix":"inner"}},"wdio_ui5_key":"applicationmanagehandovers-display-component---AddNewHO--dueDate"}]}
RESULT: {"script":"<script> [1562 bytes]","args":[{"selector":{"id":"application-managehandovers-display-component---AddNewHO--dueDate","interaction":{"idSuffix":"inner"}},"wdio_ui5_key":"applicationmanagehandovers-display-component---AddNewHO--dueDate"}]}
RESULT: undefined
COMMAND: POST /session/329de238260d7602ed1af1352086bef4/execute/async - {"script":"<script> [6424 bytes]","args":[{"element-6066-11e4-a52e-4f735466cecf":"f.ABBA5987F2E82E58D78C902D9EA41D2B.d.53342B2724B649B7FBA09FF0F74E69E7.e.13054"},"setValue",["5/29/25"]]}
RESULT: {"script":"<script> [6424 bytes]","args":[{"element-6066-11e4-a52e-4f735466cecf":"f.ABBA5987F2E82E58D78C902D9EA41D2B.d.53342B2724B649B7FBA09FF0F74E69E7.e.13054"},"setValue",["5/29/25"]]}
COMMAND: POST /session/329de238260d7602ed1af1352086bef4/element - {"using":"xpath","value":"//input[@id=\"generalSectionFrg--receiveYard-inner\"]"}
RESULT: {"using":"xpath","value":"//input[@id=\"generalSectionFrg--receiveYard-inner\"]"}
COMMAND: POST /session/329de238260d7602ed1af1352086bef4/element/f.ABBA5987F2E82E58D78C902D9EA41D2B.d.53342B2724B649B7FBA09FF0F74E69E7.e.13060/clear - {}
RESULT: {}
COMMAND: POST /session/329de238260d7602ed1af1352086bef4/element/f.ABBA5987F2E82E58D78C902D9EA41D2B.d.53342B2724B649B7FBA09FF0F74E69E7.e.13060/value - {"text":"472"}
COMMAND: GET /session/329de238260d7602ed1af1352086bef4/screenshot - {}
RESULT: {"text":"472"}
COMMAND: GET /session/329de238260d7602ed1af1352086bef4/screenshot - {}
RESULT: {}
RESULT: {}
COMMAND: POST /session/329de238260d7602ed1af1352086bef4/element - {"using":"xpath","value":"//li[.//span[contains(text(),'472')]]"}
RESULT: {"using":"xpath","value":"//li[.//span[contains(text(),'472')]]"}
COMMAND: POST /session/329de238260d7602ed1af1352086bef4/element/f.ABBA5987F2E82E58D78C902D9EA41D2B.d.53342B2724B649B7FBA09FF0F74E69E7.e.13076/click - {}
RESULT: {}
COMMAND: GET /session/329de238260d7602ed1af1352086bef4/screenshot - {}
RESULT: {}
COMMAND: POST /session/329de238260d7602ed1af1352086bef4/execute/async - {"script":"<script> [1562 bytes]","args":[{"selector":{"id":"application-managehandovers-display-component---AddNewHO--ObjectPageLayout-anchBar-application-managehandovers-display-component---AddNewHO--section4-anchor","interaction":{"idSuffix":"BDI-content"}},"wdio_ui5_key":"applicationmanagehandovers-display-component---AddNewHO--ObjectPageLayout-anchBar-application-managehandovers-display-component---AddNewHO--section4-anchor"}]}
RESULT: {"script":"<script> [1562 bytes]","args":[{"selector":{"id":"application-managehandovers-display-component---AddNewHO--ObjectPageLayout-anchBar-application-managehandovers-display-component---AddNewHO--section4-anchor","interaction":{"idSuffix":"BDI-content"}},"wdio_ui5_key":"applicationmanagehandovers-display-component---AddNewHO--ObjectPageLayout-anchBar-application-managehandovers-display-component---AddNewHO--section4-anchor"}]}
RESULT: undefined
COMMAND: POST /session/329de238260d7602ed1af1352086bef4/element - {"using":"xpath","value":"//*[@id=\"application-managehandovers-display-component---AddNewHO--ObjectPageLayout-anchBar-application-managehandovers-display-component---AddNewHO--section4-anchor\"]"}
RESULT: {"using":"xpath","value":"//*[@id=\"application-managehandovers-display-component---AddNewHO--ObjectPageLayout-anchBar-application-managehandovers-display-component---AddNewHO--section4-anchor\"]"}
COMMAND: POST /session/329de238260d7602ed1af1352086bef4/element/f.ABBA5987F2E82E58D78C902D9EA41D2B.d.53342B2724B649B7FBA09FF0F74E69E7.e.13078/click - {}
RESULT: {}
COMMAND: POST /session/329de238260d7602ed1af1352086bef4/element - {"using":"xpath","value":"//button[@aria-label=\"Add\"]"}
COMMAND: GET /session/329de238260d7602ed1af1352086bef4/screenshot - {}
RESULT: {"using":"xpath","value":"//button[@aria-label=\"Add\"]"}
COMMAND: POST /session/329de238260d7602ed1af1352086bef4/element/f.ABBA5987F2E82E58D78C902D9EA41D2B.d.53342B2724B649B7FBA09FF0F74E69E7.e.13080/click - {}
RESULT: {}
RESULT: {}
COMMAND: GET /session/329de238260d7602ed1af1352086bef4/screenshot - {}
RESULT: {}
COMMAND: POST /session/329de238260d7602ed1af1352086bef4/execute/async - {"script":"<script> [1562 bytes]","args":[{"selector":{"id":"application-managehandovers-display-component---AddNewHO--smartFilterBar-btnBasicSearch","searchOpenDialogs":true,"interaction":{"idSuffix":"I"}},"wdio_ui5_key":"applicationmanagehandovers-display-component---AddNewHO--smartFilterBar-btnBasicSearch"}]}
RESULT: {"script":"<script> [1562 bytes]","args":[{"selector":{"id":"application-managehandovers-display-component---AddNewHO--smartFilterBar-btnBasicSearch","searchOpenDialogs":true,"interaction":{"idSuffix":"I"}},"wdio_ui5_key":"applicationmanagehandovers-display-component---AddNewHO--smartFilterBar-btnBasicSearch"}]}
RESULT: undefined
COMMAND: POST /session/329de238260d7602ed1af1352086bef4/execute/async - {"script":"<script> [776 bytes]","args":[{"enterText":"0Y2XnGsSNb","selector":{"id":"application-managehandovers-display-component---AddNewHO--smartFilterBar-btnBasicSearch","searchOpenDialogs":true,"interaction":{"idSuffix":"I"}},"clearTextFirst":true,"interactionType":"ENTER_TEXT"}]}
RESULT: {"script":"<script> [776 bytes]","args":[{"enterText":"0Y2XnGsSNb","selector":{"id":"application-managehandovers-display-component---AddNewHO--smartFilterBar-btnBasicSearch","searchOpenDialogs":true,"interaction":{"idSuffix":"I"}},"clearTextFirst":true,"interactionType":"ENTER_TEXT"}]}
COMMAND: POST /session/329de238260d7602ed1af1352086bef4/actions - {"actions":[{"id":"action46","type":"key","parameters":{},"actions":[{"type":"keyDown","value":""},{"type":"pause","duration":10},{"type":"keyUp","value":""}]}]}
RESULT: {"actions":[{"id":"action46","type":"key","parameters":{},"actions":[{"type":"keyDown","value":""},{"type":"pause","duration":10},{"type":"keyUp","value":""}]}]}
COMMAND: GET /session/329de238260d7602ed1af1352086bef4/screenshot - {}
RESULT: {}
COMMAND: POST /session/329de238260d7602ed1af1352086bef4/execute/async - {"script":"<script> [1562 bytes]","args":[{"selector":{"id":"application-managehandovers-display-component---AddNewHO--popup-sa","searchOpenDialogs":true,"interaction":{"idSuffix":"CbBg"}},"wdio_ui5_key":"applicationmanagehandovers-display-component---AddNewHO--popup-sa"}]}
RESULT: {"script":"<script> [1562 bytes]","args":[{"selector":{"id":"application-managehandovers-display-component---AddNewHO--popup-sa","searchOpenDialogs":true,"interaction":{"idSuffix":"CbBg"}},"wdio_ui5_key":"applicationmanagehandovers-display-component---AddNewHO--popup-sa"}]}
RESULT: undefined
COMMAND: POST /session/329de238260d7602ed1af1352086bef4/element - {"using":"xpath","value":"//*[@id=\"application-managehandovers-display-component---AddNewHO--popup-sa\"]"}
RESULT: {"using":"xpath","value":"//*[@id=\"application-managehandovers-display-component---AddNewHO--popup-sa\"]"}
COMMAND: POST /session/329de238260d7602ed1af1352086bef4/element/f.ABBA5987F2E82E58D78C902D9EA41D2B.d.53342B2724B649B7FBA09FF0F74E69E7.e.13235/click - {}
RESULT: {}
COMMAND: GET /session/329de238260d7602ed1af1352086bef4/screenshot - {}
RESULT: {}
COMMAND: POST /session/329de238260d7602ed1af1352086bef4/element - {"using":"xpath","value":"//bdi[contains(text(), \"Select\")]"}
RESULT: {"using":"xpath","value":"//bdi[contains(text(), \"Select\")]"}
COMMAND: POST /session/329de238260d7602ed1af1352086bef4/element/f.ABBA5987F2E82E58D78C902D9EA41D2B.d.53342B2724B649B7FBA09FF0F74E69E7.e.13236/click - {}
RESULT: {}
COMMAND: GET /session/329de238260d7602ed1af1352086bef4/screenshot - {}
RESULT: {}
COMMAND: POST /session/329de238260d7602ed1af1352086bef4/element - {"using":"xpath","value":"//button[@data-kt=\"AddNewHOSaveButton\"]"}
RESULT: {"using":"xpath","value":"//button[@data-kt=\"AddNewHOSaveButton\"]"}
COMMAND: POST /session/329de238260d7602ed1af1352086bef4/element/f.ABBA5987F2E82E58D78C902D9EA41D2B.d.53342B2724B649B7FBA09FF0F74E69E7.e.13240/click - {}
RESULT: {}
COMMAND: GET /session/329de238260d7602ed1af1352086bef4/screenshot - {}
RESULT: {}
COMMAND: POST /session/329de238260d7602ed1af1352086bef4/execute/async - {"script":"<script> [1562 bytes]","args":[{"selector":{"id":"receiptDatePicker","viewName":"etm.portal.ui.managehandovers.view.DetailExecuteHO","interaction":{"idSuffix":"inner"}},"wdio_ui5_key":"receiptDatePickeretmportal.ui.managehandovers.view.DetailExecuteHO"}]}
RESULT: {"script":"<script> [1562 bytes]","args":[{"selector":{"id":"receiptDatePicker","viewName":"etm.portal.ui.managehandovers.view.DetailExecuteHO","interaction":{"idSuffix":"inner"}},"wdio_ui5_key":"receiptDatePickeretmportal.ui.managehandovers.view.DetailExecuteHO"}]}
RESULT: undefined
COMMAND: POST /session/329de238260d7602ed1af1352086bef4/execute/async - {"script":"<script> [6424 bytes]","args":[{"element-6066-11e4-a52e-4f735466cecf":"f.ABBA5987F2E82E58D78C902D9EA41D2B.d.53342B2724B649B7FBA09FF0F74E69E7.e.13271"},"setValue",["5/29/25"]]}
RESULT: {"script":"<script> [6424 bytes]","args":[{"element-6066-11e4-a52e-4f735466cecf":"f.ABBA5987F2E82E58D78C902D9EA41D2B.d.53342B2724B649B7FBA09FF0F74E69E7.e.13271"},"setValue",["5/29/25"]]}
COMMAND: POST /session/329de238260d7602ed1af1352086bef4/element - {"using":"xpath","value":"//button[@data-kt=\"ReceivingTableConfirmAllButton\"]"}
RESULT: {"using":"xpath","value":"//button[@data-kt=\"ReceivingTableConfirmAllButton\"]"}
COMMAND: POST /session/329de238260d7602ed1af1352086bef4/element/f.ABBA5987F2E82E58D78C902D9EA41D2B.d.53342B2724B649B7FBA09FF0F74E69E7.e.13286/click - {}
RESULT: {}
COMMAND: GET /session/329de238260d7602ed1af1352086bef4/screenshot - {}
RESULT: {}
COMMAND: POST /session/329de238260d7602ed1af1352086bef4/element - {"using":"xpath","value":"//bdi[contains(text(), \"OK\")]"}
RESULT: {"using":"xpath","value":"//bdi[contains(text(), \"OK\")]"}
COMMAND: POST /session/329de238260d7602ed1af1352086bef4/element/f.ABBA5987F2E82E58D78C902D9EA41D2B.d.53342B2724B649B7FBA09FF0F74E69E7.e.13288/click - {}
RESULT: {}
COMMAND: GET /session/329de238260d7602ed1af1352086bef4/screenshot - {}
RESULT: {}
COMMAND: POST /session/329de238260d7602ed1af1352086bef4/element - {"using":"xpath","value":"(//bdi[contains(text(), \"Receive\")])[2]"}
RESULT: {"using":"xpath","value":"(//bdi[contains(text(), \"Receive\")])[2]"}
COMMAND: POST /session/329de238260d7602ed1af1352086bef4/element/f.ABBA5987F2E82E58D78C902D9EA41D2B.d.53342B2724B649B7FBA09FF0F74E69E7.e.13290/click - {}
RESULT: {}
COMMAND: GET /session/329de238260d7602ed1af1352086bef4/screenshot - {}
RESULT: {}
COMMAND: POST /session/329de238260d7602ed1af1352086bef4/element - {"using":"css selector","value":"#shell-header-logo"}
RESULT: {"using":"css selector","value":"#shell-header-logo"}
COMMAND: POST /session/329de238260d7602ed1af1352086bef4/element/f.ABBA5987F2E82E58D78C902D9EA41D2B.d.53342B2724B649B7FBA09FF0F74E69E7.e.12655/click - {}
RESULT: {}
COMMAND: GET /session/329de238260d7602ed1af1352086bef4/screenshot - {}
RESULT: {}
]]></system-out>
    </testcase>
    <testcase classname="chrome.136_0_7103_93.windows.Create_master_data_for_mixed_billing_&amp;_do_billing_calculation_US151661" name="Should create a new contract" time="59.371">
      <system-out><![CDATA[
COMMAND: POST /session/329de238260d7602ed1af1352086bef4/execute/async - {"script":"<script> [1562 bytes]","args":[{"selector":{"controlType":"sap.m.GenericTile","properties":{"header":"Manage Contracts"}},"wdio_ui5_key":"sapm.GenericTile{\"header\":\"Manage Contracts\"}"}]}
RESULT: {"script":"<script> [1562 bytes]","args":[{"selector":{"controlType":"sap.m.GenericTile","properties":{"header":"Manage Contracts"}},"wdio_ui5_key":"sapm.GenericTile{\"header\":\"Manage Contracts\"}"}]}
RESULT: undefined
COMMAND: POST /session/329de238260d7602ed1af1352086bef4/element - {"using":"xpath","value":"//*[@id=\"__tile130\"]"}
RESULT: {"using":"xpath","value":"//*[@id=\"__tile130\"]"}
COMMAND: POST /session/329de238260d7602ed1af1352086bef4/element/f.ABBA5987F2E82E58D78C902D9EA41D2B.d.53342B2724B649B7FBA09FF0F74E69E7.e.9104/click - {}
RESULT: {}
COMMAND: GET /session/329de238260d7602ed1af1352086bef4/screenshot - {}
RESULT: {}
COMMAND: POST /session/329de238260d7602ed1af1352086bef4/elements - {"using":"xpath","value":"//span[text()='Error']"}
RESULT: {"using":"xpath","value":"//span[text()='Error']"}
COMMAND: POST /session/329de238260d7602ed1af1352086bef4/element - {"using":"xpath","value":"//button[@data-kt=\"addButton\"]"}
RESULT: {"using":"xpath","value":"//button[@data-kt=\"addButton\"]"}
COMMAND: POST /session/329de238260d7602ed1af1352086bef4/elements - {"using":"xpath","value":"//button[@data-kt=\"addButton\"]"}
RESULT: {"using":"xpath","value":"//button[@data-kt=\"addButton\"]"}
COMMAND: POST /session/329de238260d7602ed1af1352086bef4/execute/sync - {"script":"<script> [8489 bytes]","args":[{"element-6066-11e4-a52e-4f735466cecf":"f.ABBA5987F2E82E58D78C902D9EA41D2B.d.53342B2724B649B7FBA09FF0F74E69E7.e.13506","ELEMENT":"f.ABBA5987F2E82E58D78C902D9EA41D2B.d.53342B2724B649B7FBA09FF0F74E69E7.e.13506"}]}
RESULT: {"script":"<script> [8489 bytes]","args":[{"element-6066-11e4-a52e-4f735466cecf":"f.ABBA5987F2E82E58D78C902D9EA41D2B.d.53342B2724B649B7FBA09FF0F74E69E7.e.13506","ELEMENT":"f.ABBA5987F2E82E58D78C902D9EA41D2B.d.53342B2724B649B7FBA09FF0F74E69E7.e.13506"}]}
COMMAND: GET /session/329de238260d7602ed1af1352086bef4/element/f.ABBA5987F2E82E58D78C902D9EA41D2B.d.53342B2724B649B7FBA09FF0F74E69E7.e.13506/enabled - {}
COMMAND: GET /session/329de238260d7602ed1af1352086bef4/screenshot - {}
RESULT: {}
COMMAND: POST /session/329de238260d7602ed1af1352086bef4/execute/sync - {"script":"<script> [8489 bytes]","args":[{"element-6066-11e4-a52e-4f735466cecf":"f.ABBA5987F2E82E58D78C902D9EA41D2B.d.53342B2724B649B7FBA09FF0F74E69E7.e.13506","ELEMENT":"f.ABBA5987F2E82E58D78C902D9EA41D2B.d.53342B2724B649B7FBA09FF0F74E69E7.e.13506"}]}
COMMAND: GET /session/329de238260d7602ed1af1352086bef4/screenshot - {}
RESULT: {}
RESULT: {"script":"<script> [8489 bytes]","args":[{"element-6066-11e4-a52e-4f735466cecf":"f.ABBA5987F2E82E58D78C902D9EA41D2B.d.53342B2724B649B7FBA09FF0F74E69E7.e.13506","ELEMENT":"f.ABBA5987F2E82E58D78C902D9EA41D2B.d.53342B2724B649B7FBA09FF0F74E69E7.e.13506"}]}
COMMAND: POST /session/329de238260d7602ed1af1352086bef4/execute/sync - {"script":"<script> [5351 bytes]","args":[{"element-6066-11e4-a52e-4f735466cecf":"f.ABBA5987F2E82E58D78C902D9EA41D2B.d.53342B2724B649B7FBA09FF0F74E69E7.e.13506","ELEMENT":"f.ABBA5987F2E82E58D78C902D9EA41D2B.d.53342B2724B649B7FBA09FF0F74E69E7.e.13506"}]}
COMMAND: GET /session/329de238260d7602ed1af1352086bef4/screenshot - {}
RESULT: {}
RESULT: {"script":"<script> [5351 bytes]","args":[{"element-6066-11e4-a52e-4f735466cecf":"f.ABBA5987F2E82E58D78C902D9EA41D2B.d.53342B2724B649B7FBA09FF0F74E69E7.e.13506","ELEMENT":"f.ABBA5987F2E82E58D78C902D9EA41D2B.d.53342B2724B649B7FBA09FF0F74E69E7.e.13506"}]}
COMMAND: GET /session/329de238260d7602ed1af1352086bef4/screenshot - {}
RESULT: {}
RESULT: {}
COMMAND: POST /session/329de238260d7602ed1af1352086bef4/element/f.ABBA5987F2E82E58D78C902D9EA41D2B.d.53342B2724B649B7FBA09FF0F74E69E7.e.13506/click - {}
RESULT: {}
COMMAND: GET /session/329de238260d7602ed1af1352086bef4/screenshot - {}
RESULT: {}
COMMAND: POST /session/329de238260d7602ed1af1352086bef4/execute/async - {"script":"<script> [1562 bytes]","args":[{"selector":{"id":"application-managecontracts-display-component---AddNewContract--projectDescription","interaction":{"idSuffix":"inner"}},"wdio_ui5_key":"applicationmanagecontracts-display-component---AddNewContract--projectDescription"}]}
RESULT: {"script":"<script> [1562 bytes]","args":[{"selector":{"id":"application-managecontracts-display-component---AddNewContract--projectDescription","interaction":{"idSuffix":"inner"}},"wdio_ui5_key":"applicationmanagecontracts-display-component---AddNewContract--projectDescription"}]}
RESULT: undefined
COMMAND: POST /session/329de238260d7602ed1af1352086bef4/execute/async - {"script":"<script> [776 bytes]","args":[{"enterText":"Mixed Contract WDIO","selector":{"id":"application-managecontracts-display-component---AddNewContract--projectDescription","interaction":{"idSuffix":"inner"}},"clearTextFirst":true,"interactionType":"ENTER_TEXT"}]}
RESULT: {"script":"<script> [776 bytes]","args":[{"enterText":"Mixed Contract WDIO","selector":{"id":"application-managecontracts-display-component---AddNewContract--projectDescription","interaction":{"idSuffix":"inner"}},"clearTextFirst":true,"interactionType":"ENTER_TEXT"}]}
COMMAND: POST /session/329de238260d7602ed1af1352086bef4/element - {"using":"xpath","value":"//input[@id=\"application-managecontracts-display-component---AddNewContract--site-inner\"]"}
RESULT: {"using":"xpath","value":"//input[@id=\"application-managecontracts-display-component---AddNewContract--site-inner\"]"}
COMMAND: POST /session/329de238260d7602ed1af1352086bef4/element/f.ABBA5987F2E82E58D78C902D9EA41D2B.d.53342B2724B649B7FBA09FF0F74E69E7.e.13829/clear - {}
RESULT: {}
COMMAND: POST /session/329de238260d7602ed1af1352086bef4/element/f.ABBA5987F2E82E58D78C902D9EA41D2B.d.53342B2724B649B7FBA09FF0F74E69E7.e.13829/value - {"text":"2243"}
COMMAND: GET /session/329de238260d7602ed1af1352086bef4/screenshot - {}
RESULT: {"text":"2243"}
COMMAND: GET /session/329de238260d7602ed1af1352086bef4/screenshot - {}
RESULT: {}
RESULT: {}
COMMAND: POST /session/329de238260d7602ed1af1352086bef4/element - {"using":"xpath","value":"//li[.//span[text()='2243']]"}
RESULT: {"using":"xpath","value":"//li[.//span[text()='2243']]"}
COMMAND: POST /session/329de238260d7602ed1af1352086bef4/element/f.ABBA5987F2E82E58D78C902D9EA41D2B.d.53342B2724B649B7FBA09FF0F74E69E7.e.13922/click - {}
RESULT: {}
COMMAND: GET /session/329de238260d7602ed1af1352086bef4/screenshot - {}
RESULT: {}
COMMAND: POST /session/329de238260d7602ed1af1352086bef4/element - {"using":"xpath","value":"//input[@id=\"application-managecontracts-display-component---AddNewContract--yardId-inner\"]"}
RESULT: {"using":"xpath","value":"//input[@id=\"application-managecontracts-display-component---AddNewContract--yardId-inner\"]"}
COMMAND: GET /session/329de238260d7602ed1af1352086bef4/element/f.ABBA5987F2E82E58D78C902D9EA41D2B.d.53342B2724B649B7FBA09FF0F74E69E7.e.13830/property/value - {}
RESULT: {}
COMMAND: POST /session/329de238260d7602ed1af1352086bef4/element - {"using":"xpath","value":"//input[@id=\"application-managecontracts-display-component---AddNewContract--customerSelect-inner\"]"}
COMMAND: GET /session/329de238260d7602ed1af1352086bef4/screenshot - {}
RESULT: {"using":"xpath","value":"//input[@id=\"application-managecontracts-display-component---AddNewContract--customerSelect-inner\"]"}
COMMAND: POST /session/329de238260d7602ed1af1352086bef4/element/f.ABBA5987F2E82E58D78C902D9EA41D2B.d.53342B2724B649B7FBA09FF0F74E69E7.e.13828/clear - {}
RESULT: {}
RESULT: {}
COMMAND: POST /session/329de238260d7602ed1af1352086bef4/element/f.ABBA5987F2E82E58D78C902D9EA41D2B.d.53342B2724B649B7FBA09FF0F74E69E7.e.13828/value - {"text":"1278"}
COMMAND: GET /session/329de238260d7602ed1af1352086bef4/screenshot - {}
RESULT: {"text":"1278"}
COMMAND: GET /session/329de238260d7602ed1af1352086bef4/screenshot - {}
RESULT: {}
RESULT: {}
COMMAND: POST /session/329de238260d7602ed1af1352086bef4/element - {"using":"xpath","value":"//li[.//span[text()='1278']]"}
RESULT: {"using":"xpath","value":"//li[.//span[text()='1278']]"}
COMMAND: POST /session/329de238260d7602ed1af1352086bef4/element/f.ABBA5987F2E82E58D78C902D9EA41D2B.d.53342B2724B649B7FBA09FF0F74E69E7.e.13925/click - {}
RESULT: {}
COMMAND: GET /session/329de238260d7602ed1af1352086bef4/screenshot - {}
RESULT: {}
COMMAND: POST /session/329de238260d7602ed1af1352086bef4/element - {"using":"xpath","value":"//button[@data-kt=\"saveButton\"]"}
RESULT: {"using":"xpath","value":"//button[@data-kt=\"saveButton\"]"}
COMMAND: POST /session/329de238260d7602ed1af1352086bef4/element/f.ABBA5987F2E82E58D78C902D9EA41D2B.d.53342B2724B649B7FBA09FF0F74E69E7.e.13913/click - {}
RESULT: {}
COMMAND: GET /session/329de238260d7602ed1af1352086bef4/screenshot - {}
RESULT: {}
COMMAND: POST /session/329de238260d7602ed1af1352086bef4/element - {"using":"xpath","value":"//span[contains(@id ,\"contractDetailTitleNoExpanded\")]"}
RESULT: {"using":"xpath","value":"//span[contains(@id ,\"contractDetailTitleNoExpanded\")]"}
COMMAND: POST /session/329de238260d7602ed1af1352086bef4/elements - {"using":"xpath","value":"//span[contains(@id ,\"contractDetailTitleNoExpanded\")]"}
RESULT: {"using":"xpath","value":"//span[contains(@id ,\"contractDetailTitleNoExpanded\")]"}
COMMAND: POST /session/329de238260d7602ed1af1352086bef4/execute/sync - {"script":"<script> [56 bytes]","args":[{"element-6066-11e4-a52e-4f735466cecf":"f.ABBA5987F2E82E58D78C902D9EA41D2B.d.53342B2724B649B7FBA09FF0F74E69E7.e.13996","ELEMENT":"f.ABBA5987F2E82E58D78C902D9EA41D2B.d.53342B2724B649B7FBA09FF0F74E69E7.e.13996"}]}
RESULT: {"script":"<script> [56 bytes]","args":[{"element-6066-11e4-a52e-4f735466cecf":"f.ABBA5987F2E82E58D78C902D9EA41D2B.d.53342B2724B649B7FBA09FF0F74E69E7.e.13996","ELEMENT":"f.ABBA5987F2E82E58D78C902D9EA41D2B.d.53342B2724B649B7FBA09FF0F74E69E7.e.13996"}]}
COMMAND: GET /session/329de238260d7602ed1af1352086bef4/screenshot - {}
RESULT: {}
]]></system-out>
    </testcase>
    <testcase classname="chrome.136_0_7103_93.windows.Create_master_data_for_mixed_billing_&amp;_do_billing_calculation_US151661" name="Should add equipment to the contract" time="58.481">
      <system-out><![CDATA[
COMMAND: POST /session/329de238260d7602ed1af1352086bef4/element - {"using":"xpath","value":"//button[@data-kt=\"contractDetailEditBtnButton\"]"}
RESULT: {"using":"xpath","value":"//button[@data-kt=\"contractDetailEditBtnButton\"]"}
COMMAND: POST /session/329de238260d7602ed1af1352086bef4/element/f.ABBA5987F2E82E58D78C902D9EA41D2B.d.53342B2724B649B7FBA09FF0F74E69E7.e.13997/click - {}
RESULT: {}
COMMAND: GET /session/329de238260d7602ed1af1352086bef4/screenshot - {}
RESULT: {}
COMMAND: POST /session/329de238260d7602ed1af1352086bef4/element - {"using":"xpath","value":"(//span[contains(text(), \"Additional Addresses\")])[2]"}
RESULT: {"using":"xpath","value":"(//span[contains(text(), \"Additional Addresses\")])[2]"}
COMMAND: POST /session/329de238260d7602ed1af1352086bef4/element/f.ABBA5987F2E82E58D78C902D9EA41D2B.d.53342B2724B649B7FBA09FF0F74E69E7.e.14051/click - {}
RESULT: {}
COMMAND: GET /session/329de238260d7602ed1af1352086bef4/screenshot - {}
RESULT: {}
COMMAND: POST /session/329de238260d7602ed1af1352086bef4/element - {"using":"xpath","value":"//button[@data-kt=\"btnAddTableRowOverflowToolbarButton\"]"}
RESULT: {"using":"xpath","value":"//button[@data-kt=\"btnAddTableRowOverflowToolbarButton\"]"}
COMMAND: POST /session/329de238260d7602ed1af1352086bef4/element/f.ABBA5987F2E82E58D78C902D9EA41D2B.d.53342B2724B649B7FBA09FF0F74E69E7.e.14055/click - {}
RESULT: {}
COMMAND: GET /session/329de238260d7602ed1af1352086bef4/screenshot - {}
RESULT: {}
COMMAND: POST /session/329de238260d7602ed1af1352086bef4/element - {"using":"xpath","value":"//div[(text() = 'Standard Entry' or . = 'Standard Entry')]"}
RESULT: {"using":"xpath","value":"//div[(text() = 'Standard Entry' or . = 'Standard Entry')]"}
COMMAND: POST /session/329de238260d7602ed1af1352086bef4/element/f.ABBA5987F2E82E58D78C902D9EA41D2B.d.53342B2724B649B7FBA09FF0F74E69E7.e.14057/click - {}
RESULT: {}
COMMAND: GET /session/329de238260d7602ed1af1352086bef4/screenshot - {}
RESULT: {}
COMMAND: POST /session/329de238260d7602ed1af1352086bef4/element - {"using":"xpath","value":"//td[7]/div/div/input"}
RESULT: {"using":"xpath","value":"//td[7]/div/div/input"}
COMMAND: POST /session/329de238260d7602ed1af1352086bef4/element/f.ABBA5987F2E82E58D78C902D9EA41D2B.d.53342B2724B649B7FBA09FF0F74E69E7.e.14066/clear - {}
RESULT: {}
COMMAND: POST /session/329de238260d7602ed1af1352086bef4/element/f.ABBA5987F2E82E58D78C902D9EA41D2B.d.53342B2724B649B7FBA09FF0F74E69E7.e.14066/value - {"text":"0Y2XnGsSNb"}
COMMAND: GET /session/329de238260d7602ed1af1352086bef4/screenshot - {}
RESULT: {"text":"0Y2XnGsSNb"}
COMMAND: GET /session/329de238260d7602ed1af1352086bef4/screenshot - {}
RESULT: {}
RESULT: {}
COMMAND: POST /session/329de238260d7602ed1af1352086bef4/actions - {"actions":[{"id":"action47","type":"key","parameters":{},"actions":[{"type":"keyDown","value":""},{"type":"pause","duration":10},{"type":"keyUp","value":""}]}]}
RESULT: {"actions":[{"id":"action47","type":"key","parameters":{},"actions":[{"type":"keyDown","value":""},{"type":"pause","duration":10},{"type":"keyUp","value":""}]}]}
COMMAND: GET /session/329de238260d7602ed1af1352086bef4/screenshot - {}
RESULT: {}
COMMAND: POST /session/329de238260d7602ed1af1352086bef4/execute/sync - {"script":"<script> [276 bytes]","args":["No pricing information was found"]}
RESULT: {"script":"<script> [276 bytes]","args":["No pricing information was found"]}
COMMAND: POST /session/329de238260d7602ed1af1352086bef4/element - {"using":"xpath","value":"(//button[@data-kt=\"saveButton\"])[2]"}
COMMAND: GET /session/329de238260d7602ed1af1352086bef4/screenshot - {}
RESULT: {"using":"xpath","value":"(//button[@data-kt=\"saveButton\"])[2]"}
COMMAND: POST /session/329de238260d7602ed1af1352086bef4/element/f.ABBA5987F2E82E58D78C902D9EA41D2B.d.53342B2724B649B7FBA09FF0F74E69E7.e.14081/click - {}
RESULT: {}
RESULT: {}
COMMAND: GET /session/329de238260d7602ed1af1352086bef4/screenshot - {}
RESULT: {}
COMMAND: POST /session/329de238260d7602ed1af1352086bef4/execute/sync - {"script":"<script> [276 bytes]","args":["Some contract items are having rental validity exceeding header rental validity"]}
RESULT: {"script":"<script> [276 bytes]","args":["Some contract items are having rental validity exceeding header rental validity"]}
COMMAND: GET /session/329de238260d7602ed1af1352086bef4/screenshot - {}
RESULT: {}
COMMAND: POST /session/329de238260d7602ed1af1352086bef4/element - {"using":"xpath","value":"//span[contains(@id ,\"contractItemsSmartTable-header-inner\")]"}
RESULT: {"using":"xpath","value":"//span[contains(@id ,\"contractItemsSmartTable-header-inner\")]"}
COMMAND: POST /session/329de238260d7602ed1af1352086bef4/elements - {"using":"xpath","value":"//span[contains(@id ,\"contractItemsSmartTable-header-inner\")]"}
RESULT: {"using":"xpath","value":"//span[contains(@id ,\"contractItemsSmartTable-header-inner\")]"}
COMMAND: POST /session/329de238260d7602ed1af1352086bef4/execute/sync - {"script":"<script> [56 bytes]","args":[{"element-6066-11e4-a52e-4f735466cecf":"f.ABBA5987F2E82E58D78C902D9EA41D2B.d.53342B2724B649B7FBA09FF0F74E69E7.e.14083","ELEMENT":"f.ABBA5987F2E82E58D78C902D9EA41D2B.d.53342B2724B649B7FBA09FF0F74E69E7.e.14083"}]}
RESULT: {"script":"<script> [56 bytes]","args":[{"element-6066-11e4-a52e-4f735466cecf":"f.ABBA5987F2E82E58D78C902D9EA41D2B.d.53342B2724B649B7FBA09FF0F74E69E7.e.14083","ELEMENT":"f.ABBA5987F2E82E58D78C902D9EA41D2B.d.53342B2724B649B7FBA09FF0F74E69E7.e.14083"}]}
COMMAND: GET /session/329de238260d7602ed1af1352086bef4/screenshot - {}
RESULT: {}
COMMAND: POST /session/329de238260d7602ed1af1352086bef4/execute/sync - {"script":"<script> [56 bytes]","args":[{"element-6066-11e4-a52e-4f735466cecf":"f.ABBA5987F2E82E58D78C902D9EA41D2B.d.53342B2724B649B7FBA09FF0F74E69E7.e.14083","ELEMENT":"f.ABBA5987F2E82E58D78C902D9EA41D2B.d.53342B2724B649B7FBA09FF0F74E69E7.e.14083"}]}
RESULT: {"script":"<script> [56 bytes]","args":[{"element-6066-11e4-a52e-4f735466cecf":"f.ABBA5987F2E82E58D78C902D9EA41D2B.d.53342B2724B649B7FBA09FF0F74E69E7.e.14083","ELEMENT":"f.ABBA5987F2E82E58D78C902D9EA41D2B.d.53342B2724B649B7FBA09FF0F74E69E7.e.14083"}]}
COMMAND: GET /session/329de238260d7602ed1af1352086bef4/screenshot - {}
RESULT: {}
COMMAND: POST /session/329de238260d7602ed1af1352086bef4/execute/sync - {"script":"<script> [56 bytes]","args":[{"element-6066-11e4-a52e-4f735466cecf":"f.ABBA5987F2E82E58D78C902D9EA41D2B.d.53342B2724B649B7FBA09FF0F74E69E7.e.14083","ELEMENT":"f.ABBA5987F2E82E58D78C902D9EA41D2B.d.53342B2724B649B7FBA09FF0F74E69E7.e.14083"}]}
RESULT: {"script":"<script> [56 bytes]","args":[{"element-6066-11e4-a52e-4f735466cecf":"f.ABBA5987F2E82E58D78C902D9EA41D2B.d.53342B2724B649B7FBA09FF0F74E69E7.e.14083","ELEMENT":"f.ABBA5987F2E82E58D78C902D9EA41D2B.d.53342B2724B649B7FBA09FF0F74E69E7.e.14083"}]}
COMMAND: GET /session/329de238260d7602ed1af1352086bef4/screenshot - {}
RESULT: {}
COMMAND: POST /session/329de238260d7602ed1af1352086bef4/execute/sync - {"script":"<script> [56 bytes]","args":[{"element-6066-11e4-a52e-4f735466cecf":"f.ABBA5987F2E82E58D78C902D9EA41D2B.d.53342B2724B649B7FBA09FF0F74E69E7.e.14083","ELEMENT":"f.ABBA5987F2E82E58D78C902D9EA41D2B.d.53342B2724B649B7FBA09FF0F74E69E7.e.14083"}]}
RESULT: {"script":"<script> [56 bytes]","args":[{"element-6066-11e4-a52e-4f735466cecf":"f.ABBA5987F2E82E58D78C902D9EA41D2B.d.53342B2724B649B7FBA09FF0F74E69E7.e.14083","ELEMENT":"f.ABBA5987F2E82E58D78C902D9EA41D2B.d.53342B2724B649B7FBA09FF0F74E69E7.e.14083"}]}
COMMAND: GET /session/329de238260d7602ed1af1352086bef4/screenshot - {}
RESULT: {}
COMMAND: POST /session/329de238260d7602ed1af1352086bef4/execute/sync - {"script":"<script> [56 bytes]","args":[{"element-6066-11e4-a52e-4f735466cecf":"f.ABBA5987F2E82E58D78C902D9EA41D2B.d.53342B2724B649B7FBA09FF0F74E69E7.e.14083","ELEMENT":"f.ABBA5987F2E82E58D78C902D9EA41D2B.d.53342B2724B649B7FBA09FF0F74E69E7.e.14083"}]}
RESULT: {"script":"<script> [56 bytes]","args":[{"element-6066-11e4-a52e-4f735466cecf":"f.ABBA5987F2E82E58D78C902D9EA41D2B.d.53342B2724B649B7FBA09FF0F74E69E7.e.14083","ELEMENT":"f.ABBA5987F2E82E58D78C902D9EA41D2B.d.53342B2724B649B7FBA09FF0F74E69E7.e.14083"}]}
COMMAND: GET /session/329de238260d7602ed1af1352086bef4/screenshot - {}
RESULT: {}
COMMAND: POST /session/329de238260d7602ed1af1352086bef4/execute/sync - {"script":"<script> [56 bytes]","args":[{"element-6066-11e4-a52e-4f735466cecf":"f.ABBA5987F2E82E58D78C902D9EA41D2B.d.53342B2724B649B7FBA09FF0F74E69E7.e.14083","ELEMENT":"f.ABBA5987F2E82E58D78C902D9EA41D2B.d.53342B2724B649B7FBA09FF0F74E69E7.e.14083"}]}
RESULT: {"script":"<script> [56 bytes]","args":[{"element-6066-11e4-a52e-4f735466cecf":"f.ABBA5987F2E82E58D78C902D9EA41D2B.d.53342B2724B649B7FBA09FF0F74E69E7.e.14083","ELEMENT":"f.ABBA5987F2E82E58D78C902D9EA41D2B.d.53342B2724B649B7FBA09FF0F74E69E7.e.14083"}]}
COMMAND: GET /session/329de238260d7602ed1af1352086bef4/screenshot - {}
RESULT: {}
COMMAND: POST /session/329de238260d7602ed1af1352086bef4/execute/sync - {"script":"<script> [56 bytes]","args":[{"element-6066-11e4-a52e-4f735466cecf":"f.ABBA5987F2E82E58D78C902D9EA41D2B.d.53342B2724B649B7FBA09FF0F74E69E7.e.14083","ELEMENT":"f.ABBA5987F2E82E58D78C902D9EA41D2B.d.53342B2724B649B7FBA09FF0F74E69E7.e.14083"}]}
RESULT: {"script":"<script> [56 bytes]","args":[{"element-6066-11e4-a52e-4f735466cecf":"f.ABBA5987F2E82E58D78C902D9EA41D2B.d.53342B2724B649B7FBA09FF0F74E69E7.e.14083","ELEMENT":"f.ABBA5987F2E82E58D78C902D9EA41D2B.d.53342B2724B649B7FBA09FF0F74E69E7.e.14083"}]}
COMMAND: GET /session/329de238260d7602ed1af1352086bef4/screenshot - {}
RESULT: {}
COMMAND: POST /session/329de238260d7602ed1af1352086bef4/execute/sync - {"script":"<script> [56 bytes]","args":[{"element-6066-11e4-a52e-4f735466cecf":"f.ABBA5987F2E82E58D78C902D9EA41D2B.d.53342B2724B649B7FBA09FF0F74E69E7.e.14083","ELEMENT":"f.ABBA5987F2E82E58D78C902D9EA41D2B.d.53342B2724B649B7FBA09FF0F74E69E7.e.14083"}]}
RESULT: {"script":"<script> [56 bytes]","args":[{"element-6066-11e4-a52e-4f735466cecf":"f.ABBA5987F2E82E58D78C902D9EA41D2B.d.53342B2724B649B7FBA09FF0F74E69E7.e.14083","ELEMENT":"f.ABBA5987F2E82E58D78C902D9EA41D2B.d.53342B2724B649B7FBA09FF0F74E69E7.e.14083"}]}
COMMAND: GET /session/329de238260d7602ed1af1352086bef4/screenshot - {}
RESULT: {}
COMMAND: POST /session/329de238260d7602ed1af1352086bef4/execute/sync - {"script":"<script> [56 bytes]","args":[{"element-6066-11e4-a52e-4f735466cecf":"f.ABBA5987F2E82E58D78C902D9EA41D2B.d.53342B2724B649B7FBA09FF0F74E69E7.e.14083","ELEMENT":"f.ABBA5987F2E82E58D78C902D9EA41D2B.d.53342B2724B649B7FBA09FF0F74E69E7.e.14083"}]}
RESULT: {"script":"<script> [56 bytes]","args":[{"element-6066-11e4-a52e-4f735466cecf":"f.ABBA5987F2E82E58D78C902D9EA41D2B.d.53342B2724B649B7FBA09FF0F74E69E7.e.14083","ELEMENT":"f.ABBA5987F2E82E58D78C902D9EA41D2B.d.53342B2724B649B7FBA09FF0F74E69E7.e.14083"}]}
COMMAND: GET /session/329de238260d7602ed1af1352086bef4/screenshot - {}
RESULT: {}
COMMAND: POST /session/329de238260d7602ed1af1352086bef4/execute/sync - {"script":"<script> [56 bytes]","args":[{"element-6066-11e4-a52e-4f735466cecf":"f.ABBA5987F2E82E58D78C902D9EA41D2B.d.53342B2724B649B7FBA09FF0F74E69E7.e.14083","ELEMENT":"f.ABBA5987F2E82E58D78C902D9EA41D2B.d.53342B2724B649B7FBA09FF0F74E69E7.e.14083"}]}
RESULT: {"script":"<script> [56 bytes]","args":[{"element-6066-11e4-a52e-4f735466cecf":"f.ABBA5987F2E82E58D78C902D9EA41D2B.d.53342B2724B649B7FBA09FF0F74E69E7.e.14083","ELEMENT":"f.ABBA5987F2E82E58D78C902D9EA41D2B.d.53342B2724B649B7FBA09FF0F74E69E7.e.14083"}]}
COMMAND: GET /session/329de238260d7602ed1af1352086bef4/screenshot - {}
RESULT: {}
COMMAND: POST /session/329de238260d7602ed1af1352086bef4/execute/sync - {"script":"<script> [56 bytes]","args":[{"element-6066-11e4-a52e-4f735466cecf":"f.ABBA5987F2E82E58D78C902D9EA41D2B.d.53342B2724B649B7FBA09FF0F74E69E7.e.14083","ELEMENT":"f.ABBA5987F2E82E58D78C902D9EA41D2B.d.53342B2724B649B7FBA09FF0F74E69E7.e.14083"}]}
RESULT: {"script":"<script> [56 bytes]","args":[{"element-6066-11e4-a52e-4f735466cecf":"f.ABBA5987F2E82E58D78C902D9EA41D2B.d.53342B2724B649B7FBA09FF0F74E69E7.e.14083","ELEMENT":"f.ABBA5987F2E82E58D78C902D9EA41D2B.d.53342B2724B649B7FBA09FF0F74E69E7.e.14083"}]}
COMMAND: POST /session/329de238260d7602ed1af1352086bef4/execute/sync - {"script":"<script> [56 bytes]","args":[{"element-6066-11e4-a52e-4f735466cecf":"f.ABBA5987F2E82E58D78C902D9EA41D2B.d.53342B2724B649B7FBA09FF0F74E69E7.e.14083","ELEMENT":"f.ABBA5987F2E82E58D78C902D9EA41D2B.d.53342B2724B649B7FBA09FF0F74E69E7.e.14083"}]}
COMMAND: GET /session/329de238260d7602ed1af1352086bef4/screenshot - {}
RESULT: {"script":"<script> [56 bytes]","args":[{"element-6066-11e4-a52e-4f735466cecf":"f.ABBA5987F2E82E58D78C902D9EA41D2B.d.53342B2724B649B7FBA09FF0F74E69E7.e.14083","ELEMENT":"f.ABBA5987F2E82E58D78C902D9EA41D2B.d.53342B2724B649B7FBA09FF0F74E69E7.e.14083"}]}
COMMAND: GET /session/329de238260d7602ed1af1352086bef4/screenshot - {}
COMMAND: POST /session/329de238260d7602ed1af1352086bef4/execute/sync - {"script":"<script> [56 bytes]","args":[{"element-6066-11e4-a52e-4f735466cecf":"f.ABBA5987F2E82E58D78C902D9EA41D2B.d.53342B2724B649B7FBA09FF0F74E69E7.e.14083","ELEMENT":"f.ABBA5987F2E82E58D78C902D9EA41D2B.d.53342B2724B649B7FBA09FF0F74E69E7.e.14083"}]}
RESULT: {}
RESULT: {}
RESULT: {"script":"<script> [56 bytes]","args":[{"element-6066-11e4-a52e-4f735466cecf":"f.ABBA5987F2E82E58D78C902D9EA41D2B.d.53342B2724B649B7FBA09FF0F74E69E7.e.14083","ELEMENT":"f.ABBA5987F2E82E58D78C902D9EA41D2B.d.53342B2724B649B7FBA09FF0F74E69E7.e.14083"}]}
COMMAND: GET /session/329de238260d7602ed1af1352086bef4/screenshot - {}
COMMAND: POST /session/329de238260d7602ed1af1352086bef4/execute/sync - {"script":"<script> [56 bytes]","args":[{"element-6066-11e4-a52e-4f735466cecf":"f.ABBA5987F2E82E58D78C902D9EA41D2B.d.53342B2724B649B7FBA09FF0F74E69E7.e.14083","ELEMENT":"f.ABBA5987F2E82E58D78C902D9EA41D2B.d.53342B2724B649B7FBA09FF0F74E69E7.e.14083"}]}
RESULT: {}
RESULT: {"script":"<script> [56 bytes]","args":[{"element-6066-11e4-a52e-4f735466cecf":"f.ABBA5987F2E82E58D78C902D9EA41D2B.d.53342B2724B649B7FBA09FF0F74E69E7.e.14083","ELEMENT":"f.ABBA5987F2E82E58D78C902D9EA41D2B.d.53342B2724B649B7FBA09FF0F74E69E7.e.14083"}]}
COMMAND: GET /session/329de238260d7602ed1af1352086bef4/screenshot - {}
COMMAND: POST /session/329de238260d7602ed1af1352086bef4/execute/sync - {"script":"<script> [56 bytes]","args":[{"element-6066-11e4-a52e-4f735466cecf":"f.ABBA5987F2E82E58D78C902D9EA41D2B.d.53342B2724B649B7FBA09FF0F74E69E7.e.14083","ELEMENT":"f.ABBA5987F2E82E58D78C902D9EA41D2B.d.53342B2724B649B7FBA09FF0F74E69E7.e.14083"}]}
RESULT: {}
RESULT: {"script":"<script> [56 bytes]","args":[{"element-6066-11e4-a52e-4f735466cecf":"f.ABBA5987F2E82E58D78C902D9EA41D2B.d.53342B2724B649B7FBA09FF0F74E69E7.e.14083","ELEMENT":"f.ABBA5987F2E82E58D78C902D9EA41D2B.d.53342B2724B649B7FBA09FF0F74E69E7.e.14083"}]}
COMMAND: GET /session/329de238260d7602ed1af1352086bef4/screenshot - {}
COMMAND: POST /session/329de238260d7602ed1af1352086bef4/execute/sync - {"script":"<script> [56 bytes]","args":[{"element-6066-11e4-a52e-4f735466cecf":"f.ABBA5987F2E82E58D78C902D9EA41D2B.d.53342B2724B649B7FBA09FF0F74E69E7.e.14083","ELEMENT":"f.ABBA5987F2E82E58D78C902D9EA41D2B.d.53342B2724B649B7FBA09FF0F74E69E7.e.14083"}]}
RESULT: {}
RESULT: {"script":"<script> [56 bytes]","args":[{"element-6066-11e4-a52e-4f735466cecf":"f.ABBA5987F2E82E58D78C902D9EA41D2B.d.53342B2724B649B7FBA09FF0F74E69E7.e.14083","ELEMENT":"f.ABBA5987F2E82E58D78C902D9EA41D2B.d.53342B2724B649B7FBA09FF0F74E69E7.e.14083"}]}
COMMAND: GET /session/329de238260d7602ed1af1352086bef4/screenshot - {}
COMMAND: POST /session/329de238260d7602ed1af1352086bef4/execute/sync - {"script":"<script> [56 bytes]","args":[{"element-6066-11e4-a52e-4f735466cecf":"f.ABBA5987F2E82E58D78C902D9EA41D2B.d.53342B2724B649B7FBA09FF0F74E69E7.e.14083","ELEMENT":"f.ABBA5987F2E82E58D78C902D9EA41D2B.d.53342B2724B649B7FBA09FF0F74E69E7.e.14083"}]}
RESULT: {}
RESULT: {"script":"<script> [56 bytes]","args":[{"element-6066-11e4-a52e-4f735466cecf":"f.ABBA5987F2E82E58D78C902D9EA41D2B.d.53342B2724B649B7FBA09FF0F74E69E7.e.14083","ELEMENT":"f.ABBA5987F2E82E58D78C902D9EA41D2B.d.53342B2724B649B7FBA09FF0F74E69E7.e.14083"}]}
COMMAND: GET /session/329de238260d7602ed1af1352086bef4/screenshot - {}
COMMAND: POST /session/329de238260d7602ed1af1352086bef4/execute/sync - {"script":"<script> [56 bytes]","args":[{"element-6066-11e4-a52e-4f735466cecf":"f.ABBA5987F2E82E58D78C902D9EA41D2B.d.53342B2724B649B7FBA09FF0F74E69E7.e.14083","ELEMENT":"f.ABBA5987F2E82E58D78C902D9EA41D2B.d.53342B2724B649B7FBA09FF0F74E69E7.e.14083"}]}
RESULT: {}
RESULT: {"script":"<script> [56 bytes]","args":[{"element-6066-11e4-a52e-4f735466cecf":"f.ABBA5987F2E82E58D78C902D9EA41D2B.d.53342B2724B649B7FBA09FF0F74E69E7.e.14083","ELEMENT":"f.ABBA5987F2E82E58D78C902D9EA41D2B.d.53342B2724B649B7FBA09FF0F74E69E7.e.14083"}]}
COMMAND: POST /session/329de238260d7602ed1af1352086bef4/execute/sync - {"script":"<script> [56 bytes]","args":[{"element-6066-11e4-a52e-4f735466cecf":"f.ABBA5987F2E82E58D78C902D9EA41D2B.d.53342B2724B649B7FBA09FF0F74E69E7.e.14083","ELEMENT":"f.ABBA5987F2E82E58D78C902D9EA41D2B.d.53342B2724B649B7FBA09FF0F74E69E7.e.14083"}]}
COMMAND: GET /session/329de238260d7602ed1af1352086bef4/screenshot - {}
RESULT: {"script":"<script> [56 bytes]","args":[{"element-6066-11e4-a52e-4f735466cecf":"f.ABBA5987F2E82E58D78C902D9EA41D2B.d.53342B2724B649B7FBA09FF0F74E69E7.e.14083","ELEMENT":"f.ABBA5987F2E82E58D78C902D9EA41D2B.d.53342B2724B649B7FBA09FF0F74E69E7.e.14083"}]}
COMMAND: GET /session/329de238260d7602ed1af1352086bef4/screenshot - {}
RESULT: {}
COMMAND: POST /session/329de238260d7602ed1af1352086bef4/execute/sync - {"script":"<script> [56 bytes]","args":[{"element-6066-11e4-a52e-4f735466cecf":"f.ABBA5987F2E82E58D78C902D9EA41D2B.d.53342B2724B649B7FBA09FF0F74E69E7.e.14083","ELEMENT":"f.ABBA5987F2E82E58D78C902D9EA41D2B.d.53342B2724B649B7FBA09FF0F74E69E7.e.14083"}]}
RESULT: {}
RESULT: {"script":"<script> [56 bytes]","args":[{"element-6066-11e4-a52e-4f735466cecf":"f.ABBA5987F2E82E58D78C902D9EA41D2B.d.53342B2724B649B7FBA09FF0F74E69E7.e.14083","ELEMENT":"f.ABBA5987F2E82E58D78C902D9EA41D2B.d.53342B2724B649B7FBA09FF0F74E69E7.e.14083"}]}
COMMAND: GET /session/329de238260d7602ed1af1352086bef4/screenshot - {}
COMMAND: POST /session/329de238260d7602ed1af1352086bef4/execute/sync - {"script":"<script> [56 bytes]","args":[{"element-6066-11e4-a52e-4f735466cecf":"f.ABBA5987F2E82E58D78C902D9EA41D2B.d.53342B2724B649B7FBA09FF0F74E69E7.e.14083","ELEMENT":"f.ABBA5987F2E82E58D78C902D9EA41D2B.d.53342B2724B649B7FBA09FF0F74E69E7.e.14083"}]}
RESULT: {}
RESULT: {"script":"<script> [56 bytes]","args":[{"element-6066-11e4-a52e-4f735466cecf":"f.ABBA5987F2E82E58D78C902D9EA41D2B.d.53342B2724B649B7FBA09FF0F74E69E7.e.14083","ELEMENT":"f.ABBA5987F2E82E58D78C902D9EA41D2B.d.53342B2724B649B7FBA09FF0F74E69E7.e.14083"}]}
COMMAND: GET /session/329de238260d7602ed1af1352086bef4/screenshot - {}
COMMAND: POST /session/329de238260d7602ed1af1352086bef4/execute/sync - {"script":"<script> [56 bytes]","args":[{"element-6066-11e4-a52e-4f735466cecf":"f.ABBA5987F2E82E58D78C902D9EA41D2B.d.53342B2724B649B7FBA09FF0F74E69E7.e.14083","ELEMENT":"f.ABBA5987F2E82E58D78C902D9EA41D2B.d.53342B2724B649B7FBA09FF0F74E69E7.e.14083"}]}
RESULT: {}
RESULT: {"script":"<script> [56 bytes]","args":[{"element-6066-11e4-a52e-4f735466cecf":"f.ABBA5987F2E82E58D78C902D9EA41D2B.d.53342B2724B649B7FBA09FF0F74E69E7.e.14083","ELEMENT":"f.ABBA5987F2E82E58D78C902D9EA41D2B.d.53342B2724B649B7FBA09FF0F74E69E7.e.14083"}]}
COMMAND: GET /session/329de238260d7602ed1af1352086bef4/screenshot - {}
]]></system-out>
    </testcase>
    <testcase classname="chrome.136_0_7103_93.windows.Create_master_data_for_mixed_billing_&amp;_do_billing_calculation_US151661" name="Should do a provide to site handover" time="55.275">
      <system-out><![CDATA[
COMMAND: POST /session/329de238260d7602ed1af1352086bef4/element - {"using":"xpath","value":"//button[@data-kt=\"provideButton\"]"}
RESULT: {}
RESULT: {"using":"xpath","value":"//button[@data-kt=\"provideButton\"]"}
COMMAND: POST /session/329de238260d7602ed1af1352086bef4/element/f.ABBA5987F2E82E58D78C902D9EA41D2B.d.53342B2724B649B7FBA09FF0F74E69E7.e.14089/click - {}
RESULT: {}
COMMAND: GET /session/329de238260d7602ed1af1352086bef4/screenshot - {}
RESULT: undefined
COMMAND: POST /session/329de238260d7602ed1af1352086bef4/execute/async - {"script":"<script> [6424 bytes]","args":[{"element-6066-11e4-a52e-4f735466cecf":"f.ABBA5987F2E82E58D78C902D9EA41D2B.d.53342B2724B649B7FBA09FF0F74E69E7.e.13054"},"setValue",["5/29/25"]]}
RESULT: {}
COMMAND: POST /session/329de238260d7602ed1af1352086bef4/execute/async - {"script":"<script> [1562 bytes]","args":[{"selector":{"id":"application-managehandovers-display-component---AddNewHO--dueDate","interaction":{"idSuffix":"inner"}},"wdio_ui5_key":"applicationmanagehandovers-display-component---AddNewHO--dueDate"}]}
RESULT: {"script":"<script> [1562 bytes]","args":[{"selector":{"id":"application-managehandovers-display-component---AddNewHO--dueDate","interaction":{"idSuffix":"inner"}},"wdio_ui5_key":"applicationmanagehandovers-display-component---AddNewHO--dueDate"}]}
COMMAND: POST /session/329de238260d7602ed1af1352086bef4/execute/async - {"script":"<script> [6424 bytes]","args":[{"element-6066-11e4-a52e-4f735466cecf":"f.ABBA5987F2E82E58D78C902D9EA41D2B.d.53342B2724B649B7FBA09FF0F74E69E7.e.14146"},"setValue",["5/29/25"]]}
RESULT: {"script":"<script> [6424 bytes]","args":[{"element-6066-11e4-a52e-4f735466cecf":"f.ABBA5987F2E82E58D78C902D9EA41D2B.d.53342B2724B649B7FBA09FF0F74E69E7.e.14146"},"setValue",["5/29/25"]]}
COMMAND: POST /session/329de238260d7602ed1af1352086bef4/element - {"using":"xpath","value":"//bdi[contains(text(), \"Instructions\")]"}
RESULT: {"using":"xpath","value":"//bdi[contains(text(), \"Instructions\")]"}
COMMAND: POST /session/329de238260d7602ed1af1352086bef4/element/f.ABBA5987F2E82E58D78C902D9EA41D2B.d.53342B2724B649B7FBA09FF0F74E69E7.e.14396/click - {}
RESULT: {}
COMMAND: GET /session/329de238260d7602ed1af1352086bef4/screenshot - {}
RESULT: {}
COMMAND: POST /session/329de238260d7602ed1af1352086bef4/element - {"using":"xpath","value":"//button[@data-kt=\"AddNewHOProvideAddItemsButton\"]"}
RESULT: {"using":"xpath","value":"//button[@data-kt=\"AddNewHOProvideAddItemsButton\"]"}
COMMAND: POST /session/329de238260d7602ed1af1352086bef4/element/f.ABBA5987F2E82E58D78C902D9EA41D2B.d.53342B2724B649B7FBA09FF0F74E69E7.e.14400/click - {}
RESULT: {}
COMMAND: GET /session/329de238260d7602ed1af1352086bef4/screenshot - {}
RESULT: {}
RESULT: undefined
COMMAND: POST /session/329de238260d7602ed1af1352086bef4/element - {"using":"xpath","value":"//*[@id=\"application-managehandovers-display-component---AddNewHO--popup-sa\"]"}
RESULT: {"using":"xpath","value":"//*[@id=\"application-managehandovers-display-component---AddNewHO--popup-sa\"]"}
COMMAND: POST /session/329de238260d7602ed1af1352086bef4/element/f.ABBA5987F2E82E58D78C902D9EA41D2B.d.53342B2724B649B7FBA09FF0F74E69E7.e.14410/click - {}
RESULT: {}
COMMAND: GET /session/329de238260d7602ed1af1352086bef4/screenshot - {}
RESULT: {}
COMMAND: POST /session/329de238260d7602ed1af1352086bef4/element - {"using":"xpath","value":"//*[contains(@id ,\"BDI-content\")][contains(text(), \"Select\")]"}
RESULT: {"using":"xpath","value":"//*[contains(@id ,\"BDI-content\")][contains(text(), \"Select\")]"}
COMMAND: POST /session/329de238260d7602ed1af1352086bef4/element/f.ABBA5987F2E82E58D78C902D9EA41D2B.d.53342B2724B649B7FBA09FF0F74E69E7.e.14411/click - {}
RESULT: {}
COMMAND: GET /session/329de238260d7602ed1af1352086bef4/screenshot - {}
RESULT: {}
COMMAND: POST /session/329de238260d7602ed1af1352086bef4/execute/async - {"script":"<script> [1562 bytes]","args":[{"selector":{"id":"application-managehandovers-display-component---AddNewHO--confirmCreationButton","interaction":{"idSuffix":"BDI-content"}},"wdio_ui5_key":"applicationmanagehandovers-display-component---AddNewHO--confirmCreationButton"}]}
RESULT: {"script":"<script> [1562 bytes]","args":[{"selector":{"id":"application-managehandovers-display-component---AddNewHO--confirmCreationButton","interaction":{"idSuffix":"BDI-content"}},"wdio_ui5_key":"applicationmanagehandovers-display-component---AddNewHO--confirmCreationButton"}]}
RESULT: undefined
COMMAND: POST /session/329de238260d7602ed1af1352086bef4/element - {"using":"xpath","value":"//*[@id=\"application-managehandovers-display-component---AddNewHO--confirmCreationButton\"]"}
RESULT: {"using":"xpath","value":"//*[@id=\"application-managehandovers-display-component---AddNewHO--confirmCreationButton\"]"}
COMMAND: POST /session/329de238260d7602ed1af1352086bef4/element/f.ABBA5987F2E82E58D78C902D9EA41D2B.d.53342B2724B649B7FBA09FF0F74E69E7.e.14226/click - {}
RESULT: {}
COMMAND: GET /session/329de238260d7602ed1af1352086bef4/screenshot - {}
RESULT: {}
COMMAND: POST /session/329de238260d7602ed1af1352086bef4/execute/async - {"script":"<script> [1562 bytes]","args":[{"selector":{"id":"issueDatePicker","viewName":"etm.portal.ui.managehandovers.view.DetailExecuteHO","interaction":{"idSuffix":"inner"}},"wdio_ui5_key":"issueDatePickeretmportal.ui.managehandovers.view.DetailExecuteHO"}]}
RESULT: {"script":"<script> [1562 bytes]","args":[{"selector":{"id":"issueDatePicker","viewName":"etm.portal.ui.managehandovers.view.DetailExecuteHO","interaction":{"idSuffix":"inner"}},"wdio_ui5_key":"issueDatePickeretmportal.ui.managehandovers.view.DetailExecuteHO"}]}
RESULT: undefined
COMMAND: POST /session/329de238260d7602ed1af1352086bef4/execute/async - {"script":"<script> [776 bytes]","args":[{"enterText":"5/29/25","selector":{"id":"issueDatePicker","viewName":"etm.portal.ui.managehandovers.view.DetailExecuteHO","interaction":{"idSuffix":"inner"}},"clearTextFirst":true,"interactionType":"ENTER_TEXT"}]}
RESULT: {"script":"<script> [776 bytes]","args":[{"enterText":"5/29/25","selector":{"id":"issueDatePicker","viewName":"etm.portal.ui.managehandovers.view.DetailExecuteHO","interaction":{"idSuffix":"inner"}},"clearTextFirst":true,"interactionType":"ENTER_TEXT"}]}
COMMAND: POST /session/329de238260d7602ed1af1352086bef4/element - {"using":"xpath","value":"//button[@data-kt=\"PickingTableConfirmAllButton\"]"}
RESULT: {"using":"xpath","value":"//button[@data-kt=\"PickingTableConfirmAllButton\"]"}
COMMAND: POST /session/329de238260d7602ed1af1352086bef4/element/f.ABBA5987F2E82E58D78C902D9EA41D2B.d.53342B2724B649B7FBA09FF0F74E69E7.e.14471/click - {}
RESULT: {}
COMMAND: GET /session/329de238260d7602ed1af1352086bef4/screenshot - {}
RESULT: {}
COMMAND: POST /session/329de238260d7602ed1af1352086bef4/element - {"using":"xpath","value":"//bdi[contains(text(), \"OK\")]"}
RESULT: {"using":"xpath","value":"//bdi[contains(text(), \"OK\")]"}
COMMAND: POST /session/329de238260d7602ed1af1352086bef4/element/f.ABBA5987F2E82E58D78C902D9EA41D2B.d.53342B2724B649B7FBA09FF0F74E69E7.e.14475/click - {}
RESULT: {}
COMMAND: GET /session/329de238260d7602ed1af1352086bef4/screenshot - {}
RESULT: {}
COMMAND: POST /session/329de238260d7602ed1af1352086bef4/element - {"using":"xpath","value":"//bdi[contains(text(), \"Issue\")]"}
RESULT: {"using":"xpath","value":"//bdi[contains(text(), \"Issue\")]"}
COMMAND: POST /session/329de238260d7602ed1af1352086bef4/element/f.ABBA5987F2E82E58D78C902D9EA41D2B.d.53342B2724B649B7FBA09FF0F74E69E7.e.14476/click - {}
RESULT: {}
COMMAND: GET /session/329de238260d7602ed1af1352086bef4/screenshot - {}
RESULT: {}
COMMAND: POST /session/329de238260d7602ed1af1352086bef4/element - {"using":"css selector","value":"#shell-header-logo"}
RESULT: {"using":"css selector","value":"#shell-header-logo"}
COMMAND: POST /session/329de238260d7602ed1af1352086bef4/element/f.ABBA5987F2E82E58D78C902D9EA41D2B.d.53342B2724B649B7FBA09FF0F74E69E7.e.13465/click - {}
RESULT: {}
COMMAND: GET /session/329de238260d7602ed1af1352086bef4/screenshot - {}
RESULT: {}
]]></system-out>
    </testcase>
    <testcase classname="chrome.136_0_7103_93.windows.Create_master_data_for_mixed_billing_&amp;_do_billing_calculation_US151661" name="Should create a few performance documents" time="97.01">
      <system-out><![CDATA[
COMMAND: POST /session/329de238260d7602ed1af1352086bef4/execute/async - {"script":"<script> [1562 bytes]","args":[{"selector":{"controlType":"sap.m.GenericTile","properties":{"header":"Manage States & Performance"}},"wdio_ui5_key":"sapm.GenericTile{\"header\":\"Manage States & Performance\"}"}]}
RESULT: {"script":"<script> [1562 bytes]","args":[{"selector":{"controlType":"sap.m.GenericTile","properties":{"header":"Manage States & Performance"}},"wdio_ui5_key":"sapm.GenericTile{\"header\":\"Manage States & Performance\"}"}]}
RESULT: undefined
COMMAND: POST /session/329de238260d7602ed1af1352086bef4/element - {"using":"xpath","value":"//*[@id=\"__tile96\"]"}
RESULT: {"using":"xpath","value":"//*[@id=\"__tile96\"]"}
COMMAND: POST /session/329de238260d7602ed1af1352086bef4/element/f.ABBA5987F2E82E58D78C902D9EA41D2B.d.53342B2724B649B7FBA09FF0F74E69E7.e.9160/click - {}
RESULT: {}
COMMAND: GET /session/329de238260d7602ed1af1352086bef4/screenshot - {}
RESULT: {}
COMMAND: POST /session/329de238260d7602ed1af1352086bef4/elements - {"using":"xpath","value":"//span[text()='Error']"}
RESULT: {"using":"xpath","value":"//span[text()='Error']"}
COMMAND: POST /session/329de238260d7602ed1af1352086bef4/execute/async - {"script":"<script> [1562 bytes]","args":[{"selector":{"id":"application-managestatesandperformance-display-component---stateAndPerform--smartFilterBarResources-btnBasicSearch","interaction":{"idSuffix":"I"}},"wdio_ui5_key":"applicationmanagestatesandperformance-display-component---stateAndPerform--smartFilterBarResources-btnBasicSearch"}]}
RESULT: {"script":"<script> [1562 bytes]","args":[{"selector":{"id":"application-managestatesandperformance-display-component---stateAndPerform--smartFilterBarResources-btnBasicSearch","interaction":{"idSuffix":"I"}},"wdio_ui5_key":"applicationmanagestatesandperformance-display-component---stateAndPerform--smartFilterBarResources-btnBasicSearch"}]}
RESULT: undefined
COMMAND: POST /session/329de238260d7602ed1af1352086bef4/execute/async - {"script":"<script> [776 bytes]","args":[{"enterText":"0Y2XnGsSNb","selector":{"id":"application-managestatesandperformance-display-component---stateAndPerform--smartFilterBarResources-btnBasicSearch","interaction":{"idSuffix":"I"}},"clearTextFirst":true,"interactionType":"ENTER_TEXT"}]}
RESULT: {"script":"<script> [776 bytes]","args":[{"enterText":"0Y2XnGsSNb","selector":{"id":"application-managestatesandperformance-display-component---stateAndPerform--smartFilterBarResources-btnBasicSearch","interaction":{"idSuffix":"I"}},"clearTextFirst":true,"interactionType":"ENTER_TEXT"}]}
COMMAND: POST /session/329de238260d7602ed1af1352086bef4/actions - {"actions":[{"id":"action48","type":"key","parameters":{},"actions":[{"type":"keyDown","value":""},{"type":"pause","duration":10},{"type":"keyUp","value":""}]}]}
RESULT: {"actions":[{"id":"action48","type":"key","parameters":{},"actions":[{"type":"keyDown","value":""},{"type":"pause","duration":10},{"type":"keyUp","value":""}]}]}
COMMAND: GET /session/329de238260d7602ed1af1352086bef4/screenshot - {}
RESULT: {}
COMMAND: POST /session/329de238260d7602ed1af1352086bef4/execute/async - {"script":"<script> [1562 bytes]","args":[{"selector":{"id":"application-managestatesandperformance-display-component---stateAndPerform--stateAndPerformResourcesSmartTable-header"},"wdio_ui5_key":"applicationmanagestatesandperformance-display-component---stateAndPerform--stateAndPerformResourcesSmartTable-header"}]}
RESULT: {"script":"<script> [1562 bytes]","args":[{"selector":{"id":"application-managestatesandperformance-display-component---stateAndPerform--stateAndPerformResourcesSmartTable-header"},"wdio_ui5_key":"applicationmanagestatesandperformance-display-component---stateAndPerform--stateAndPerformResourcesSmartTable-header"}]}
RESULT: undefined
COMMAND: POST /session/329de238260d7602ed1af1352086bef4/execute/async - {"script":"<script> [6424 bytes]","args":[{"element-6066-11e4-a52e-4f735466cecf":"f.ABBA5987F2E82E58D78C902D9EA41D2B.d.53342B2724B649B7FBA09FF0F74E69E7.e.14757"},"getText",[]]}
RESULT: {"script":"<script> [6424 bytes]","args":[{"element-6066-11e4-a52e-4f735466cecf":"f.ABBA5987F2E82E58D78C902D9EA41D2B.d.53342B2724B649B7FBA09FF0F74E69E7.e.14757"},"getText",[]]}
COMMAND: POST /session/329de238260d7602ed1af1352086bef4/execute/async - {"script":"<script> [1562 bytes]","args":[{"selector":{"controlType":"sap.ui.core.Icon","viewName":"etm.portal.ui.managestatesandperformance.view.Master","viewId":"application-managestatesandperformance-display-component---stateAndPerform","properties":{"src":{"regex":{"source":"slim\\-arrow\\-right"}}}},"wdio_ui5_key":"etmportal.ui.managestatesandperformance.view.Mastersap.ui.core.Icon{\"src\":{\"regex\":{\"source\":\"slim\\\\-arrow\\\\-right\"}}}"}]}
RESULT: {"script":"<script> [1562 bytes]","args":[{"selector":{"controlType":"sap.ui.core.Icon","viewName":"etm.portal.ui.managestatesandperformance.view.Master","viewId":"application-managestatesandperformance-display-component---stateAndPerform","properties":{"src":{"regex":{"source":"slim\\-arrow\\-right"}}}},"wdio_ui5_key":"etmportal.ui.managestatesandperformance.view.Mastersap.ui.core.Icon{\"src\":{\"regex\":{\"source\":\"slim\\\\-arrow\\\\-right\"}}}"}]}
RESULT: undefined
COMMAND: POST /session/329de238260d7602ed1af1352086bef4/element - {"using":"xpath","value":"//*[@id=\"__item2732-__clone11572-imgNav\"]"}
RESULT: {"using":"xpath","value":"//*[@id=\"__item2732-__clone11572-imgNav\"]"}
COMMAND: POST /session/329de238260d7602ed1af1352086bef4/element/f.ABBA5987F2E82E58D78C902D9EA41D2B.d.53342B2724B649B7FBA09FF0F74E69E7.e.14756/click - {}
RESULT: {}
COMMAND: GET /session/329de238260d7602ed1af1352086bef4/screenshot - {}
RESULT: {}
COMMAND: POST /session/329de238260d7602ed1af1352086bef4/execute/async - {"script":"<script> [1562 bytes]","args":[{"selector":{"controlType":"sap.m.Button","viewName":"etm.portal.ui.managestatesandperformance.view.Detail","viewId":"application-managestatesandperformance-display-component---detailStateAndPerform","properties":{"text":"Performance Documents"}},"wdio_ui5_key":"etmportal.ui.managestatesandperformance.view.Detailsap.m.Button{\"text\":\"Performance Documents\"}"}]}
RESULT: {"script":"<script> [1562 bytes]","args":[{"selector":{"controlType":"sap.m.Button","viewName":"etm.portal.ui.managestatesandperformance.view.Detail","viewId":"application-managestatesandperformance-display-component---detailStateAndPerform","properties":{"text":"Performance Documents"}},"wdio_ui5_key":"etmportal.ui.managestatesandperformance.view.Detailsap.m.Button{\"text\":\"Performance Documents\"}"}]}
RESULT: undefined
COMMAND: POST /session/329de238260d7602ed1af1352086bef4/element - {"using":"xpath","value":"//*[@id=\"__item2755-button\"]"}
RESULT: {"using":"xpath","value":"//*[@id=\"__item2755-button\"]"}
COMMAND: POST /session/329de238260d7602ed1af1352086bef4/element/f.ABBA5987F2E82E58D78C902D9EA41D2B.d.53342B2724B649B7FBA09FF0F74E69E7.e.14801/click - {}
RESULT: {}
COMMAND: POST /session/329de238260d7602ed1af1352086bef4/execute/async - {"script":"<script> [1562 bytes]","args":[{"selector":{"controlType":"sap.m.Button","viewName":"etm.portal.ui.managestatesandperformance.view.Detail","viewId":"application-managestatesandperformance-display-component---detailStateAndPerform","i18NText":{"propertyName":"text","key":"createPerformanceDoc"},"interaction":{"idSuffix":"BDI-content"}},"wdio_ui5_key":"etmportal.ui.managestatesandperformance.view.Detailsap.m.Button{\"propertyName\":\"text\",\"key\":\"createPerformanceDoc\"}"}]}
COMMAND: GET /session/329de238260d7602ed1af1352086bef4/screenshot - {}
RESULT: {"script":"<script> [1562 bytes]","args":[{"selector":{"controlType":"sap.m.Button","viewName":"etm.portal.ui.managestatesandperformance.view.Detail","viewId":"application-managestatesandperformance-display-component---detailStateAndPerform","i18NText":{"propertyName":"text","key":"createPerformanceDoc"},"interaction":{"idSuffix":"BDI-content"}},"wdio_ui5_key":"etmportal.ui.managestatesandperformance.view.Detailsap.m.Button{\"propertyName\":\"text\",\"key\":\"createPerformanceDoc\"}"}]}
RESULT: undefined
COMMAND: POST /session/329de238260d7602ed1af1352086bef4/element - {"using":"xpath","value":"//*[@id=\"__button412\"]"}
RESULT: {}
RESULT: {"using":"xpath","value":"//*[@id=\"__button412\"]"}
COMMAND: POST /session/329de238260d7602ed1af1352086bef4/element/f.ABBA5987F2E82E58D78C902D9EA41D2B.d.53342B2724B649B7FBA09FF0F74E69E7.e.14804/click - {}
RESULT: {}
COMMAND: POST /session/329de238260d7602ed1af1352086bef4/execute/async - {"script":"<script> [1562 bytes]","args":[{"selector":{"id":"application-managestatesandperformance-display-component---detailStateAndPerform--perfDocDatePicker","searchOpenDialogs":true,"interaction":{"idSuffix":"inner"}},"wdio_ui5_key":"applicationmanagestatesandperformance-display-component---detailStateAndPerform--perfDocDatePicker"}]}
COMMAND: GET /session/329de238260d7602ed1af1352086bef4/screenshot - {}
RESULT: {"script":"<script> [1562 bytes]","args":[{"selector":{"id":"application-managestatesandperformance-display-component---detailStateAndPerform--perfDocDatePicker","searchOpenDialogs":true,"interaction":{"idSuffix":"inner"}},"wdio_ui5_key":"applicationmanagestatesandperformance-display-component---detailStateAndPerform--perfDocDatePicker"}]}
RESULT: undefined
COMMAND: POST /session/329de238260d7602ed1af1352086bef4/execute/async - {"script":"<script> [776 bytes]","args":[{"enterText":"5/31/25","selector":{"id":"application-managestatesandperformance-display-component---detailStateAndPerform--perfDocDatePicker","searchOpenDialogs":true,"interaction":{"idSuffix":"inner"}},"clearTextFirst":true,"interactionType":"ENTER_TEXT"}]}
RESULT: {}
RESULT: {"script":"<script> [776 bytes]","args":[{"enterText":"5/31/25","selector":{"id":"application-managestatesandperformance-display-component---detailStateAndPerform--perfDocDatePicker","searchOpenDialogs":true,"interaction":{"idSuffix":"inner"}},"clearTextFirst":true,"interactionType":"ENTER_TEXT"}]}
COMMAND: POST /session/329de238260d7602ed1af1352086bef4/execute/async - {"script":"<script> [1562 bytes]","args":[{"selector":{"id":"application-managestatesandperformance-display-component---detailStateAndPerform--counterValue-input","searchOpenDialogs":true,"interaction":{"idSuffix":"inner"}},"wdio_ui5_key":"applicationmanagestatesandperformance-display-component---detailStateAndPerform--counterValue-input"}]}
RESULT: {"script":"<script> [1562 bytes]","args":[{"selector":{"id":"application-managestatesandperformance-display-component---detailStateAndPerform--counterValue-input","searchOpenDialogs":true,"interaction":{"idSuffix":"inner"}},"wdio_ui5_key":"applicationmanagestatesandperformance-display-component---detailStateAndPerform--counterValue-input"}]}
RESULT: undefined
COMMAND: POST /session/329de238260d7602ed1af1352086bef4/execute/async - {"script":"<script> [776 bytes]","args":[{"enterText":"15.00","selector":{"id":"application-managestatesandperformance-display-component---detailStateAndPerform--counterValue-input","searchOpenDialogs":true,"interaction":{"idSuffix":"inner"}},"clearTextFirst":true,"interactionType":"ENTER_TEXT"}]}
RESULT: {"script":"<script> [776 bytes]","args":[{"enterText":"15.00","selector":{"id":"application-managestatesandperformance-display-component---detailStateAndPerform--counterValue-input","searchOpenDialogs":true,"interaction":{"idSuffix":"inner"}},"clearTextFirst":true,"interactionType":"ENTER_TEXT"}]}
COMMAND: POST /session/329de238260d7602ed1af1352086bef4/execute/async - {"script":"<script> [1562 bytes]","args":[{"selector":{"controlType":"sap.m.Button","viewName":"etm.portal.ui.managestatesandperformance.view.Detail","viewId":"application-managestatesandperformance-display-component---detailStateAndPerform","bindingPath":{"path":"","propertyPath":"/allowAddEdit","modelName":"oScreenModel"},"searchOpenDialogs":true,"interaction":{"idSuffix":"BDI-content"}},"wdio_ui5_key":"etmportal.ui.managestatesandperformance.view.Detailsap.m.Button{\"path\":\"\",\"propertyPath\":\"/allowAddEdit\",\"modelName\":\"oScreenModel\"}"}]}
RESULT: {"script":"<script> [1562 bytes]","args":[{"selector":{"controlType":"sap.m.Button","viewName":"etm.portal.ui.managestatesandperformance.view.Detail","viewId":"application-managestatesandperformance-display-component---detailStateAndPerform","bindingPath":{"path":"","propertyPath":"/allowAddEdit","modelName":"oScreenModel"},"searchOpenDialogs":true,"interaction":{"idSuffix":"BDI-content"}},"wdio_ui5_key":"etmportal.ui.managestatesandperformance.view.Detailsap.m.Button{\"path\":\"\",\"propertyPath\":\"/allowAddEdit\",\"modelName\":\"oScreenModel\"}"}]}
RESULT: undefined
COMMAND: POST /session/329de238260d7602ed1af1352086bef4/element - {"using":"xpath","value":"//*[@id=\"__button419\"]"}
RESULT: {"using":"xpath","value":"//*[@id=\"__button419\"]"}
COMMAND: POST /session/329de238260d7602ed1af1352086bef4/element/f.ABBA5987F2E82E58D78C902D9EA41D2B.d.53342B2724B649B7FBA09FF0F74E69E7.e.14817/click - {}
RESULT: {}
RESULT: undefined
COMMAND: POST /session/329de238260d7602ed1af1352086bef4/element - {"using":"xpath","value":"//*[@id=\"__button412\"]"}
COMMAND: GET /session/329de238260d7602ed1af1352086bef4/screenshot - {}
RESULT: {"using":"xpath","value":"//*[@id=\"__button412\"]"}
COMMAND: POST /session/329de238260d7602ed1af1352086bef4/element/f.ABBA5987F2E82E58D78C902D9EA41D2B.d.53342B2724B649B7FBA09FF0F74E69E7.e.14804/click - {}
RESULT: {}
RESULT: {}
RESULT: undefined
COMMAND: POST /session/329de238260d7602ed1af1352086bef4/execute/async - {"script":"<script> [776 bytes]","args":[{"enterText":"6/4/25","selector":{"id":"application-managestatesandperformance-display-component---detailStateAndPerform--perfDocDatePicker","searchOpenDialogs":true,"interaction":{"idSuffix":"inner"}},"clearTextFirst":true,"interactionType":"ENTER_TEXT"}]}
COMMAND: GET /session/329de238260d7602ed1af1352086bef4/screenshot - {}
RESULT: {"script":"<script> [776 bytes]","args":[{"enterText":"6/4/25","selector":{"id":"application-managestatesandperformance-display-component---detailStateAndPerform--perfDocDatePicker","searchOpenDialogs":true,"interaction":{"idSuffix":"inner"}},"clearTextFirst":true,"interactionType":"ENTER_TEXT"}]}
RESULT: undefined
COMMAND: POST /session/329de238260d7602ed1af1352086bef4/execute/async - {"script":"<script> [776 bytes]","args":[{"enterText":"20.00","selector":{"id":"application-managestatesandperformance-display-component---detailStateAndPerform--counterValue-input","searchOpenDialogs":true,"interaction":{"idSuffix":"inner"}},"clearTextFirst":true,"interactionType":"ENTER_TEXT"}]}
RESULT: {}
RESULT: {"script":"<script> [776 bytes]","args":[{"enterText":"20.00","selector":{"id":"application-managestatesandperformance-display-component---detailStateAndPerform--counterValue-input","searchOpenDialogs":true,"interaction":{"idSuffix":"inner"}},"clearTextFirst":true,"interactionType":"ENTER_TEXT"}]}
COMMAND: POST /session/329de238260d7602ed1af1352086bef4/actions - {"actions":[{"id":"action49","type":"key","parameters":{},"actions":[{"type":"keyDown","value":""},{"type":"keyDown","value":""},{"type":"pause","duration":10},{"type":"keyUp","value":""},{"type":"keyUp","value":""}]}]}
RESULT: {"actions":[{"id":"action49","type":"key","parameters":{},"actions":[{"type":"keyDown","value":""},{"type":"keyDown","value":""},{"type":"pause","duration":10},{"type":"keyUp","value":""},{"type":"keyUp","value":""}]}]}
COMMAND: POST /session/329de238260d7602ed1af1352086bef4/actions - {"actions":[{"id":"action50","type":"key","parameters":{},"actions":[{"type":"keyDown","value":""},{"type":"pause","duration":10},{"type":"keyUp","value":""}]}]}
COMMAND: GET /session/329de238260d7602ed1af1352086bef4/screenshot - {}
RESULT: {"actions":[{"id":"action50","type":"key","parameters":{},"actions":[{"type":"keyDown","value":""},{"type":"pause","duration":10},{"type":"keyUp","value":""}]}]}
RESULT: undefined
COMMAND: POST /session/329de238260d7602ed1af1352086bef4/element - {"using":"xpath","value":"//*[@id=\"__button419\"]"}
COMMAND: GET /session/329de238260d7602ed1af1352086bef4/screenshot - {}
RESULT: {}
RESULT: {"using":"xpath","value":"//*[@id=\"__button419\"]"}
COMMAND: POST /session/329de238260d7602ed1af1352086bef4/elements - {"using":"xpath","value":"//*[@id=\"__button419\"]"}
RESULT: {}
RESULT: {"using":"xpath","value":"//*[@id=\"__button419\"]"}
COMMAND: POST /session/329de238260d7602ed1af1352086bef4/elements - {"using":"xpath","value":"//*[@id=\"__button419\"]"}
RESULT: {"using":"xpath","value":"//*[@id=\"__button419\"]"}
COMMAND: POST /session/329de238260d7602ed1af1352086bef4/elements - {"using":"xpath","value":"//*[@id=\"__button419\"]"}
RESULT: {"using":"xpath","value":"//*[@id=\"__button419\"]"}
COMMAND: POST /session/329de238260d7602ed1af1352086bef4/elements - {"using":"xpath","value":"//*[@id=\"__button419\"]"}
RESULT: {"using":"xpath","value":"//*[@id=\"__button419\"]"}
COMMAND: POST /session/329de238260d7602ed1af1352086bef4/elements - {"using":"xpath","value":"//*[@id=\"__button419\"]"}
RESULT: {"using":"xpath","value":"//*[@id=\"__button419\"]"}
COMMAND: POST /session/329de238260d7602ed1af1352086bef4/elements - {"using":"xpath","value":"//*[@id=\"__button419\"]"}
RESULT: {"using":"xpath","value":"//*[@id=\"__button419\"]"}
COMMAND: POST /session/329de238260d7602ed1af1352086bef4/elements - {"using":"xpath","value":"//*[@id=\"__button419\"]"}
RESULT: {"using":"xpath","value":"//*[@id=\"__button419\"]"}
COMMAND: POST /session/329de238260d7602ed1af1352086bef4/elements - {"using":"xpath","value":"//*[@id=\"__button419\"]"}
RESULT: {"using":"xpath","value":"//*[@id=\"__button419\"]"}
COMMAND: POST /session/329de238260d7602ed1af1352086bef4/elements - {"using":"xpath","value":"//*[@id=\"__button419\"]"}
RESULT: {"using":"xpath","value":"//*[@id=\"__button419\"]"}
COMMAND: POST /session/329de238260d7602ed1af1352086bef4/elements - {"using":"xpath","value":"//*[@id=\"__button419\"]"}
RESULT: {"using":"xpath","value":"//*[@id=\"__button419\"]"}
COMMAND: POST /session/329de238260d7602ed1af1352086bef4/elements - {"using":"xpath","value":"//*[@id=\"__button419\"]"}
RESULT: {"using":"xpath","value":"//*[@id=\"__button419\"]"}
COMMAND: POST /session/329de238260d7602ed1af1352086bef4/elements - {"using":"xpath","value":"//*[@id=\"__button419\"]"}
RESULT: {"using":"xpath","value":"//*[@id=\"__button419\"]"}
COMMAND: POST /session/329de238260d7602ed1af1352086bef4/elements - {"using":"xpath","value":"//*[@id=\"__button419\"]"}
RESULT: {"using":"xpath","value":"//*[@id=\"__button419\"]"}
COMMAND: POST /session/329de238260d7602ed1af1352086bef4/elements - {"using":"xpath","value":"//*[@id=\"__button419\"]"}
RESULT: {"using":"xpath","value":"//*[@id=\"__button419\"]"}
COMMAND: POST /session/329de238260d7602ed1af1352086bef4/elements - {"using":"xpath","value":"//*[@id=\"__button419\"]"}
RESULT: {"using":"xpath","value":"//*[@id=\"__button419\"]"}
COMMAND: POST /session/329de238260d7602ed1af1352086bef4/elements - {"using":"xpath","value":"//*[@id=\"__button419\"]"}
RESULT: {"using":"xpath","value":"//*[@id=\"__button419\"]"}
COMMAND: POST /session/329de238260d7602ed1af1352086bef4/elements - {"using":"xpath","value":"//*[@id=\"__button419\"]"}
RESULT: {"using":"xpath","value":"//*[@id=\"__button419\"]"}
COMMAND: POST /session/329de238260d7602ed1af1352086bef4/elements - {"using":"xpath","value":"//*[@id=\"__button419\"]"}
RESULT: {"using":"xpath","value":"//*[@id=\"__button419\"]"}
COMMAND: POST /session/329de238260d7602ed1af1352086bef4/elements - {"using":"xpath","value":"//*[@id=\"__button419\"]"}
RESULT: {"using":"xpath","value":"//*[@id=\"__button419\"]"}
COMMAND: POST /session/329de238260d7602ed1af1352086bef4/elements - {"using":"xpath","value":"//*[@id=\"__button419\"]"}
RESULT: {"using":"xpath","value":"//*[@id=\"__button419\"]"}
COMMAND: POST /session/329de238260d7602ed1af1352086bef4/elements - {"using":"xpath","value":"//*[@id=\"__button419\"]"}
RESULT: {"using":"xpath","value":"//*[@id=\"__button419\"]"}
COMMAND: POST /session/329de238260d7602ed1af1352086bef4/elements - {"using":"xpath","value":"//*[@id=\"__button419\"]"}
RESULT: {"using":"xpath","value":"//*[@id=\"__button419\"]"}
COMMAND: POST /session/329de238260d7602ed1af1352086bef4/elements - {"using":"xpath","value":"//*[@id=\"__button419\"]"}
RESULT: {"using":"xpath","value":"//*[@id=\"__button419\"]"}
COMMAND: POST /session/329de238260d7602ed1af1352086bef4/elements - {"using":"xpath","value":"//*[@id=\"__button419\"]"}
RESULT: {"using":"xpath","value":"//*[@id=\"__button419\"]"}
COMMAND: POST /session/329de238260d7602ed1af1352086bef4/elements - {"using":"xpath","value":"//*[@id=\"__button419\"]"}
RESULT: {"using":"xpath","value":"//*[@id=\"__button419\"]"}
COMMAND: POST /session/329de238260d7602ed1af1352086bef4/elements - {"using":"xpath","value":"//*[@id=\"__button419\"]"}
RESULT: {"using":"xpath","value":"//*[@id=\"__button419\"]"}
COMMAND: POST /session/329de238260d7602ed1af1352086bef4/elements - {"using":"xpath","value":"//*[@id=\"__button419\"]"}
RESULT: {"using":"xpath","value":"//*[@id=\"__button419\"]"}
COMMAND: POST /session/329de238260d7602ed1af1352086bef4/elements - {"using":"xpath","value":"//*[@id=\"__button419\"]"}
RESULT: {"using":"xpath","value":"//*[@id=\"__button419\"]"}
COMMAND: POST /session/329de238260d7602ed1af1352086bef4/elements - {"using":"xpath","value":"//*[@id=\"__button419\"]"}
RESULT: {"using":"xpath","value":"//*[@id=\"__button419\"]"}
COMMAND: POST /session/329de238260d7602ed1af1352086bef4/elements - {"using":"xpath","value":"//*[@id=\"__button419\"]"}
RESULT: {"using":"xpath","value":"//*[@id=\"__button419\"]"}
COMMAND: POST /session/329de238260d7602ed1af1352086bef4/elements - {"using":"xpath","value":"//*[@id=\"__button419\"]"}
RESULT: {"using":"xpath","value":"//*[@id=\"__button419\"]"}
COMMAND: POST /session/329de238260d7602ed1af1352086bef4/elements - {"using":"xpath","value":"//*[@id=\"__button419\"]"}
RESULT: {"using":"xpath","value":"//*[@id=\"__button419\"]"}
COMMAND: POST /session/329de238260d7602ed1af1352086bef4/elements - {"using":"xpath","value":"//*[@id=\"__button419\"]"}
RESULT: {"using":"xpath","value":"//*[@id=\"__button419\"]"}
COMMAND: POST /session/329de238260d7602ed1af1352086bef4/elements - {"using":"xpath","value":"//*[@id=\"__button419\"]"}
RESULT: {"using":"xpath","value":"//*[@id=\"__button419\"]"}
COMMAND: POST /session/329de238260d7602ed1af1352086bef4/elements - {"using":"xpath","value":"//*[@id=\"__button419\"]"}
RESULT: {"using":"xpath","value":"//*[@id=\"__button419\"]"}
COMMAND: POST /session/329de238260d7602ed1af1352086bef4/elements - {"using":"xpath","value":"//*[@id=\"__button419\"]"}
RESULT: {"using":"xpath","value":"//*[@id=\"__button419\"]"}
COMMAND: POST /session/329de238260d7602ed1af1352086bef4/elements - {"using":"xpath","value":"//*[@id=\"__button419\"]"}
RESULT: {"using":"xpath","value":"//*[@id=\"__button419\"]"}
COMMAND: POST /session/329de238260d7602ed1af1352086bef4/elements - {"using":"xpath","value":"//*[@id=\"__button419\"]"}
RESULT: {"using":"xpath","value":"//*[@id=\"__button419\"]"}
COMMAND: POST /session/329de238260d7602ed1af1352086bef4/elements - {"using":"xpath","value":"//*[@id=\"__button419\"]"}
RESULT: {"using":"xpath","value":"//*[@id=\"__button419\"]"}
COMMAND: POST /session/329de238260d7602ed1af1352086bef4/elements - {"using":"xpath","value":"//*[@id=\"__button419\"]"}
RESULT: {"using":"xpath","value":"//*[@id=\"__button419\"]"}
COMMAND: POST /session/329de238260d7602ed1af1352086bef4/elements - {"using":"xpath","value":"//*[@id=\"__button419\"]"}
RESULT: {"using":"xpath","value":"//*[@id=\"__button419\"]"}
COMMAND: POST /session/329de238260d7602ed1af1352086bef4/elements - {"using":"xpath","value":"//*[@id=\"__button419\"]"}
RESULT: {"using":"xpath","value":"//*[@id=\"__button419\"]"}
COMMAND: POST /session/329de238260d7602ed1af1352086bef4/elements - {"using":"xpath","value":"//*[@id=\"__button419\"]"}
RESULT: {"using":"xpath","value":"//*[@id=\"__button419\"]"}
COMMAND: POST /session/329de238260d7602ed1af1352086bef4/elements - {"using":"xpath","value":"//*[@id=\"__button419\"]"}
RESULT: {"using":"xpath","value":"//*[@id=\"__button419\"]"}
COMMAND: POST /session/329de238260d7602ed1af1352086bef4/elements - {"using":"xpath","value":"//*[@id=\"__button419\"]"}
RESULT: {"using":"xpath","value":"//*[@id=\"__button419\"]"}
COMMAND: POST /session/329de238260d7602ed1af1352086bef4/elements - {"using":"xpath","value":"//*[@id=\"__button419\"]"}
RESULT: {"using":"xpath","value":"//*[@id=\"__button419\"]"}
COMMAND: POST /session/329de238260d7602ed1af1352086bef4/elements - {"using":"xpath","value":"//*[@id=\"__button419\"]"}
RESULT: {"using":"xpath","value":"//*[@id=\"__button419\"]"}
COMMAND: POST /session/329de238260d7602ed1af1352086bef4/elements - {"using":"xpath","value":"//*[@id=\"__button419\"]"}
RESULT: {"using":"xpath","value":"//*[@id=\"__button419\"]"}
COMMAND: POST /session/329de238260d7602ed1af1352086bef4/elements - {"using":"xpath","value":"//*[@id=\"__button419\"]"}
RESULT: {"using":"xpath","value":"//*[@id=\"__button419\"]"}
COMMAND: POST /session/329de238260d7602ed1af1352086bef4/elements - {"using":"xpath","value":"//*[@id=\"__button419\"]"}
RESULT: {"using":"xpath","value":"//*[@id=\"__button419\"]"}
COMMAND: POST /session/329de238260d7602ed1af1352086bef4/elements - {"using":"xpath","value":"//*[@id=\"__button419\"]"}
RESULT: {"using":"xpath","value":"//*[@id=\"__button419\"]"}
COMMAND: POST /session/329de238260d7602ed1af1352086bef4/elements - {"using":"xpath","value":"//*[@id=\"__button419\"]"}
RESULT: {"using":"xpath","value":"//*[@id=\"__button419\"]"}
COMMAND: POST /session/329de238260d7602ed1af1352086bef4/elements - {"using":"xpath","value":"//*[@id=\"__button419\"]"}
RESULT: {"using":"xpath","value":"//*[@id=\"__button419\"]"}
COMMAND: POST /session/329de238260d7602ed1af1352086bef4/elements - {"using":"xpath","value":"//*[@id=\"__button419\"]"}
RESULT: {"using":"xpath","value":"//*[@id=\"__button419\"]"}
COMMAND: POST /session/329de238260d7602ed1af1352086bef4/elements - {"using":"xpath","value":"//*[@id=\"__button419\"]"}
RESULT: {"using":"xpath","value":"//*[@id=\"__button419\"]"}
COMMAND: POST /session/329de238260d7602ed1af1352086bef4/elements - {"using":"xpath","value":"//*[@id=\"__button419\"]"}
RESULT: {"using":"xpath","value":"//*[@id=\"__button419\"]"}
COMMAND: POST /session/329de238260d7602ed1af1352086bef4/elements - {"using":"xpath","value":"//*[@id=\"__button419\"]"}
RESULT: {"using":"xpath","value":"//*[@id=\"__button419\"]"}
COMMAND: POST /session/329de238260d7602ed1af1352086bef4/elements - {"using":"xpath","value":"//*[@id=\"__button419\"]"}
RESULT: {"using":"xpath","value":"//*[@id=\"__button419\"]"}
COMMAND: POST /session/329de238260d7602ed1af1352086bef4/elements - {"using":"xpath","value":"//*[@id=\"__button419\"]"}
RESULT: {"using":"xpath","value":"//*[@id=\"__button419\"]"}
COMMAND: POST /session/329de238260d7602ed1af1352086bef4/elements - {"using":"xpath","value":"//*[@id=\"__button419\"]"}
RESULT: {"using":"xpath","value":"//*[@id=\"__button419\"]"}
COMMAND: POST /session/329de238260d7602ed1af1352086bef4/elements - {"using":"xpath","value":"//*[@id=\"__button419\"]"}
RESULT: {"using":"xpath","value":"//*[@id=\"__button419\"]"}
COMMAND: POST /session/329de238260d7602ed1af1352086bef4/elements - {"using":"xpath","value":"//*[@id=\"__button419\"]"}
RESULT: {"using":"xpath","value":"//*[@id=\"__button419\"]"}
COMMAND: POST /session/329de238260d7602ed1af1352086bef4/elements - {"using":"xpath","value":"//*[@id=\"__button419\"]"}
RESULT: {"using":"xpath","value":"//*[@id=\"__button419\"]"}
COMMAND: POST /session/329de238260d7602ed1af1352086bef4/elements - {"using":"xpath","value":"//*[@id=\"__button419\"]"}
RESULT: {"using":"xpath","value":"//*[@id=\"__button419\"]"}
COMMAND: POST /session/329de238260d7602ed1af1352086bef4/elements - {"using":"xpath","value":"//*[@id=\"__button419\"]"}
RESULT: {"using":"xpath","value":"//*[@id=\"__button419\"]"}
COMMAND: POST /session/329de238260d7602ed1af1352086bef4/elements - {"using":"xpath","value":"//*[@id=\"__button419\"]"}
RESULT: {"using":"xpath","value":"//*[@id=\"__button419\"]"}
COMMAND: POST /session/329de238260d7602ed1af1352086bef4/elements - {"using":"xpath","value":"//*[@id=\"__button419\"]"}
RESULT: {"using":"xpath","value":"//*[@id=\"__button419\"]"}
COMMAND: POST /session/329de238260d7602ed1af1352086bef4/elements - {"using":"xpath","value":"//*[@id=\"__button419\"]"}
RESULT: {"using":"xpath","value":"//*[@id=\"__button419\"]"}
COMMAND: POST /session/329de238260d7602ed1af1352086bef4/elements - {"using":"xpath","value":"//*[@id=\"__button419\"]"}
RESULT: {"using":"xpath","value":"//*[@id=\"__button419\"]"}
COMMAND: POST /session/329de238260d7602ed1af1352086bef4/elements - {"using":"xpath","value":"//*[@id=\"__button419\"]"}
RESULT: {"using":"xpath","value":"//*[@id=\"__button419\"]"}
COMMAND: POST /session/329de238260d7602ed1af1352086bef4/elements - {"using":"xpath","value":"//*[@id=\"__button419\"]"}
RESULT: {"using":"xpath","value":"//*[@id=\"__button419\"]"}
COMMAND: POST /session/329de238260d7602ed1af1352086bef4/elements - {"using":"xpath","value":"//*[@id=\"__button419\"]"}
RESULT: {"using":"xpath","value":"//*[@id=\"__button419\"]"}
COMMAND: POST /session/329de238260d7602ed1af1352086bef4/elements - {"using":"xpath","value":"//*[@id=\"__button419\"]"}
RESULT: {"using":"xpath","value":"//*[@id=\"__button419\"]"}
COMMAND: POST /session/329de238260d7602ed1af1352086bef4/elements - {"using":"xpath","value":"//*[@id=\"__button419\"]"}
RESULT: {"using":"xpath","value":"//*[@id=\"__button419\"]"}
COMMAND: POST /session/329de238260d7602ed1af1352086bef4/elements - {"using":"xpath","value":"//*[@id=\"__button419\"]"}
RESULT: {"using":"xpath","value":"//*[@id=\"__button419\"]"}
COMMAND: POST /session/329de238260d7602ed1af1352086bef4/elements - {"using":"xpath","value":"//*[@id=\"__button419\"]"}
RESULT: {"using":"xpath","value":"//*[@id=\"__button419\"]"}
COMMAND: POST /session/329de238260d7602ed1af1352086bef4/elements - {"using":"xpath","value":"//*[@id=\"__button419\"]"}
RESULT: {"using":"xpath","value":"//*[@id=\"__button419\"]"}
COMMAND: POST /session/329de238260d7602ed1af1352086bef4/elements - {"using":"xpath","value":"//*[@id=\"__button419\"]"}
RESULT: {"using":"xpath","value":"//*[@id=\"__button419\"]"}
COMMAND: POST /session/329de238260d7602ed1af1352086bef4/elements - {"using":"xpath","value":"//*[@id=\"__button419\"]"}
RESULT: {"using":"xpath","value":"//*[@id=\"__button419\"]"}
COMMAND: POST /session/329de238260d7602ed1af1352086bef4/elements - {"using":"xpath","value":"//*[@id=\"__button419\"]"}
RESULT: {"using":"xpath","value":"//*[@id=\"__button419\"]"}
COMMAND: POST /session/329de238260d7602ed1af1352086bef4/elements - {"using":"xpath","value":"//*[@id=\"__button419\"]"}
RESULT: {"using":"xpath","value":"//*[@id=\"__button419\"]"}
COMMAND: POST /session/329de238260d7602ed1af1352086bef4/elements - {"using":"xpath","value":"//*[@id=\"__button419\"]"}
RESULT: {"using":"xpath","value":"//*[@id=\"__button419\"]"}
COMMAND: POST /session/329de238260d7602ed1af1352086bef4/elements - {"using":"xpath","value":"//*[@id=\"__button419\"]"}
RESULT: {"using":"xpath","value":"//*[@id=\"__button419\"]"}
COMMAND: POST /session/329de238260d7602ed1af1352086bef4/elements - {"using":"xpath","value":"//*[@id=\"__button419\"]"}
RESULT: {"using":"xpath","value":"//*[@id=\"__button419\"]"}
COMMAND: POST /session/329de238260d7602ed1af1352086bef4/elements - {"using":"xpath","value":"//*[@id=\"__button419\"]"}
RESULT: {"using":"xpath","value":"//*[@id=\"__button419\"]"}
COMMAND: POST /session/329de238260d7602ed1af1352086bef4/elements - {"using":"xpath","value":"//*[@id=\"__button419\"]"}
RESULT: {"using":"xpath","value":"//*[@id=\"__button419\"]"}
COMMAND: POST /session/329de238260d7602ed1af1352086bef4/elements - {"using":"xpath","value":"//*[@id=\"__button419\"]"}
RESULT: {"using":"xpath","value":"//*[@id=\"__button419\"]"}
COMMAND: POST /session/329de238260d7602ed1af1352086bef4/elements - {"using":"xpath","value":"//*[@id=\"__button419\"]"}
RESULT: {"using":"xpath","value":"//*[@id=\"__button419\"]"}
COMMAND: POST /session/329de238260d7602ed1af1352086bef4/elements - {"using":"xpath","value":"//*[@id=\"__button419\"]"}
RESULT: {"using":"xpath","value":"//*[@id=\"__button419\"]"}
COMMAND: POST /session/329de238260d7602ed1af1352086bef4/elements - {"using":"xpath","value":"//*[@id=\"__button419\"]"}
RESULT: {"using":"xpath","value":"//*[@id=\"__button419\"]"}
COMMAND: POST /session/329de238260d7602ed1af1352086bef4/elements - {"using":"xpath","value":"//*[@id=\"__button419\"]"}
RESULT: {"using":"xpath","value":"//*[@id=\"__button419\"]"}
COMMAND: POST /session/329de238260d7602ed1af1352086bef4/elements - {"using":"xpath","value":"//*[@id=\"__button419\"]"}
RESULT: {"using":"xpath","value":"//*[@id=\"__button419\"]"}
COMMAND: POST /session/329de238260d7602ed1af1352086bef4/elements - {"using":"xpath","value":"//*[@id=\"__button419\"]"}
RESULT: {"using":"xpath","value":"//*[@id=\"__button419\"]"}
COMMAND: POST /session/329de238260d7602ed1af1352086bef4/elements - {"using":"xpath","value":"//*[@id=\"__button419\"]"}
RESULT: {"using":"xpath","value":"//*[@id=\"__button419\"]"}
COMMAND: POST /session/329de238260d7602ed1af1352086bef4/elements - {"using":"xpath","value":"//*[@id=\"__button419\"]"}
RESULT: {"using":"xpath","value":"//*[@id=\"__button419\"]"}
COMMAND: POST /session/329de238260d7602ed1af1352086bef4/elements - {"using":"xpath","value":"//*[@id=\"__button419\"]"}
RESULT: {"using":"xpath","value":"//*[@id=\"__button419\"]"}
COMMAND: POST /session/329de238260d7602ed1af1352086bef4/elements - {"using":"xpath","value":"//*[@id=\"__button419\"]"}
RESULT: {"using":"xpath","value":"//*[@id=\"__button419\"]"}
COMMAND: POST /session/329de238260d7602ed1af1352086bef4/elements - {"using":"xpath","value":"//*[@id=\"__button419\"]"}
RESULT: {"using":"xpath","value":"//*[@id=\"__button419\"]"}
COMMAND: POST /session/329de238260d7602ed1af1352086bef4/elements - {"using":"xpath","value":"//*[@id=\"__button419\"]"}
RESULT: {"using":"xpath","value":"//*[@id=\"__button419\"]"}
COMMAND: POST /session/329de238260d7602ed1af1352086bef4/elements - {"using":"xpath","value":"//*[@id=\"__button419\"]"}
RESULT: {"using":"xpath","value":"//*[@id=\"__button419\"]"}
COMMAND: POST /session/329de238260d7602ed1af1352086bef4/elements - {"using":"xpath","value":"//*[@id=\"__button419\"]"}
RESULT: {"using":"xpath","value":"//*[@id=\"__button419\"]"}
COMMAND: POST /session/329de238260d7602ed1af1352086bef4/elements - {"using":"xpath","value":"//*[@id=\"__button419\"]"}
RESULT: {"using":"xpath","value":"//*[@id=\"__button419\"]"}
COMMAND: POST /session/329de238260d7602ed1af1352086bef4/elements - {"using":"xpath","value":"//*[@id=\"__button419\"]"}
RESULT: {"using":"xpath","value":"//*[@id=\"__button419\"]"}
COMMAND: POST /session/329de238260d7602ed1af1352086bef4/elements - {"using":"xpath","value":"//*[@id=\"__button419\"]"}
RESULT: {"using":"xpath","value":"//*[@id=\"__button419\"]"}
COMMAND: POST /session/329de238260d7602ed1af1352086bef4/elements - {"using":"xpath","value":"//*[@id=\"__button419\"]"}
RESULT: {"using":"xpath","value":"//*[@id=\"__button419\"]"}
COMMAND: POST /session/329de238260d7602ed1af1352086bef4/elements - {"using":"xpath","value":"//*[@id=\"__button419\"]"}
RESULT: {"using":"xpath","value":"//*[@id=\"__button419\"]"}
COMMAND: POST /session/329de238260d7602ed1af1352086bef4/elements - {"using":"xpath","value":"//*[@id=\"__button419\"]"}
RESULT: {"using":"xpath","value":"//*[@id=\"__button419\"]"}
COMMAND: POST /session/329de238260d7602ed1af1352086bef4/elements - {"using":"xpath","value":"//*[@id=\"__button419\"]"}
RESULT: {"using":"xpath","value":"//*[@id=\"__button419\"]"}
COMMAND: POST /session/329de238260d7602ed1af1352086bef4/elements - {"using":"xpath","value":"//*[@id=\"__button419\"]"}
RESULT: {"using":"xpath","value":"//*[@id=\"__button419\"]"}
COMMAND: POST /session/329de238260d7602ed1af1352086bef4/elements - {"using":"xpath","value":"//*[@id=\"__button419\"]"}
RESULT: {"using":"xpath","value":"//*[@id=\"__button419\"]"}
COMMAND: POST /session/329de238260d7602ed1af1352086bef4/elements - {"using":"xpath","value":"//*[@id=\"__button419\"]"}
RESULT: {"using":"xpath","value":"//*[@id=\"__button419\"]"}
COMMAND: POST /session/329de238260d7602ed1af1352086bef4/elements - {"using":"xpath","value":"//*[@id=\"__button419\"]"}
RESULT: {"using":"xpath","value":"//*[@id=\"__button419\"]"}
COMMAND: POST /session/329de238260d7602ed1af1352086bef4/elements - {"using":"xpath","value":"//*[@id=\"__button419\"]"}
RESULT: {"using":"xpath","value":"//*[@id=\"__button419\"]"}
COMMAND: POST /session/329de238260d7602ed1af1352086bef4/elements - {"using":"xpath","value":"//*[@id=\"__button419\"]"}
RESULT: {"using":"xpath","value":"//*[@id=\"__button419\"]"}
COMMAND: POST /session/329de238260d7602ed1af1352086bef4/elements - {"using":"xpath","value":"//*[@id=\"__button419\"]"}
RESULT: {"using":"xpath","value":"//*[@id=\"__button419\"]"}
COMMAND: POST /session/329de238260d7602ed1af1352086bef4/elements - {"using":"xpath","value":"//*[@id=\"__button419\"]"}
RESULT: {"using":"xpath","value":"//*[@id=\"__button419\"]"}
COMMAND: POST /session/329de238260d7602ed1af1352086bef4/elements - {"using":"xpath","value":"//*[@id=\"__button419\"]"}
RESULT: {"using":"xpath","value":"//*[@id=\"__button419\"]"}
COMMAND: POST /session/329de238260d7602ed1af1352086bef4/elements - {"using":"xpath","value":"//*[@id=\"__button419\"]"}
RESULT: {"using":"xpath","value":"//*[@id=\"__button419\"]"}
COMMAND: POST /session/329de238260d7602ed1af1352086bef4/elements - {"using":"xpath","value":"//*[@id=\"__button419\"]"}
RESULT: {"using":"xpath","value":"//*[@id=\"__button419\"]"}
COMMAND: POST /session/329de238260d7602ed1af1352086bef4/elements - {"using":"xpath","value":"//*[@id=\"__button419\"]"}
RESULT: {"using":"xpath","value":"//*[@id=\"__button419\"]"}
COMMAND: POST /session/329de238260d7602ed1af1352086bef4/elements - {"using":"xpath","value":"//*[@id=\"__button419\"]"}
COMMAND: POST /session/329de238260d7602ed1af1352086bef4/element - {"using":"css selector","value":"#shell-header-logo"}
RESULT: {"using":"xpath","value":"//*[@id=\"__button419\"]"}
RESULT: {"using":"css selector","value":"#shell-header-logo"}
COMMAND: POST /session/329de238260d7602ed1af1352086bef4/execute/sync - {"script":"<script> [8489 bytes]","args":[{"element-6066-11e4-a52e-4f735466cecf":"f.ABBA5987F2E82E58D78C902D9EA41D2B.d.53342B2724B649B7FBA09FF0F74E69E7.e.14655","ELEMENT":"f.ABBA5987F2E82E58D78C902D9EA41D2B.d.53342B2724B649B7FBA09FF0F74E69E7.e.14655"}]}
RESULT: {"script":"<script> [8489 bytes]","args":[{"element-6066-11e4-a52e-4f735466cecf":"f.ABBA5987F2E82E58D78C902D9EA41D2B.d.53342B2724B649B7FBA09FF0F74E69E7.e.14655","ELEMENT":"f.ABBA5987F2E82E58D78C902D9EA41D2B.d.53342B2724B649B7FBA09FF0F74E69E7.e.14655"}]}
COMMAND: POST /session/329de238260d7602ed1af1352086bef4/execute/sync - {"script":"<script> [5351 bytes]","args":[{"element-6066-11e4-a52e-4f735466cecf":"f.ABBA5987F2E82E58D78C902D9EA41D2B.d.53342B2724B649B7FBA09FF0F74E69E7.e.14655","ELEMENT":"f.ABBA5987F2E82E58D78C902D9EA41D2B.d.53342B2724B649B7FBA09FF0F74E69E7.e.14655"}]}
COMMAND: GET /session/329de238260d7602ed1af1352086bef4/screenshot - {}
RESULT: {"script":"<script> [5351 bytes]","args":[{"element-6066-11e4-a52e-4f735466cecf":"f.ABBA5987F2E82E58D78C902D9EA41D2B.d.53342B2724B649B7FBA09FF0F74E69E7.e.14655","ELEMENT":"f.ABBA5987F2E82E58D78C902D9EA41D2B.d.53342B2724B649B7FBA09FF0F74E69E7.e.14655"}]}
COMMAND: POST /session/329de238260d7602ed1af1352086bef4/element/f.ABBA5987F2E82E58D78C902D9EA41D2B.d.53342B2724B649B7FBA09FF0F74E69E7.e.14655/click - {}
COMMAND: GET /session/329de238260d7602ed1af1352086bef4/screenshot - {}
RESULT: {}
RESULT: {}
]]></system-out>
    </testcase>
    <testcase classname="chrome.136_0_7103_93.windows.Create_master_data_for_mixed_billing_&amp;_do_billing_calculation_US151661" name="Should go to Manage Billings and trigger calculation check the conditions applied" time="61.07">
      <system-out><![CDATA[
COMMAND: GET /session/329de238260d7602ed1af1352086bef4/screenshot - {}
COMMAND: POST /session/329de238260d7602ed1af1352086bef4/execute/async - {"script":"<script> [1562 bytes]","args":[{"selector":{"controlType":"sap.m.GenericTile","properties":{"header":"Manage Billings"}},"wdio_ui5_key":"sapm.GenericTile{\"header\":\"Manage Billings\"}"}]}
RESULT: {}
RESULT: {"script":"<script> [1562 bytes]","args":[{"selector":{"controlType":"sap.m.GenericTile","properties":{"header":"Manage Billings"}},"wdio_ui5_key":"sapm.GenericTile{\"header\":\"Manage Billings\"}"}]}
RESULT: undefined
COMMAND: POST /session/329de238260d7602ed1af1352086bef4/element - {"using":"xpath","value":"//*[@id=\"__tile91\"]"}
RESULT: {}
RESULT: {"using":"xpath","value":"//*[@id=\"__tile91\"]"}
COMMAND: POST /session/329de238260d7602ed1af1352086bef4/element/f.ABBA5987F2E82E58D78C902D9EA41D2B.d.53342B2724B649B7FBA09FF0F74E69E7.e.9145/click - {}
RESULT: {}
COMMAND: GET /session/329de238260d7602ed1af1352086bef4/screenshot - {}
RESULT: {}
COMMAND: POST /session/329de238260d7602ed1af1352086bef4/elements - {"using":"xpath","value":"//span[text()='Error']"}
RESULT: {"using":"xpath","value":"//span[text()='Error']"}
COMMAND: POST /session/329de238260d7602ed1af1352086bef4/execute/async - {"script":"<script> [1562 bytes]","args":[{"selector":{"id":"application-managebillings-display-component---billRunCalcResult--smartFilterBar-btnBasicSearch","interaction":{"idSuffix":"I"}},"wdio_ui5_key":"applicationmanagebillings-display-component---billRunCalcResult--smartFilterBar-btnBasicSearch"}]}
RESULT: {"script":"<script> [1562 bytes]","args":[{"selector":{"id":"application-managebillings-display-component---billRunCalcResult--smartFilterBar-btnBasicSearch","interaction":{"idSuffix":"I"}},"wdio_ui5_key":"applicationmanagebillings-display-component---billRunCalcResult--smartFilterBar-btnBasicSearch"}]}
RESULT: undefined
COMMAND: POST /session/329de238260d7602ed1af1352086bef4/execute/async - {"script":"<script> [776 bytes]","args":[{"enterText":"10383","selector":{"id":"application-managebillings-display-component---billRunCalcResult--smartFilterBar-btnBasicSearch","interaction":{"idSuffix":"I"}},"clearTextFirst":true,"interactionType":"ENTER_TEXT"}]}
RESULT: {"script":"<script> [776 bytes]","args":[{"enterText":"10383","selector":{"id":"application-managebillings-display-component---billRunCalcResult--smartFilterBar-btnBasicSearch","interaction":{"idSuffix":"I"}},"clearTextFirst":true,"interactionType":"ENTER_TEXT"}]}
COMMAND: POST /session/329de238260d7602ed1af1352086bef4/actions - {"actions":[{"id":"action51","type":"key","parameters":{},"actions":[{"type":"keyDown","value":""},{"type":"pause","duration":10},{"type":"keyUp","value":""}]}]}
RESULT: {"actions":[{"id":"action51","type":"key","parameters":{},"actions":[{"type":"keyDown","value":""},{"type":"pause","duration":10},{"type":"keyUp","value":""}]}]}
COMMAND: GET /session/329de238260d7602ed1af1352086bef4/screenshot - {}
RESULT: {}
COMMAND: POST /session/329de238260d7602ed1af1352086bef4/element - {"using":"xpath","value":"//td[@aria-colindex=\"1\"]/div/div[contains(@class, \"sapMCbBg\")]"}
RESULT: {"using":"xpath","value":"//td[@aria-colindex=\"1\"]/div/div[contains(@class, \"sapMCbBg\")]"}
COMMAND: POST /session/329de238260d7602ed1af1352086bef4/element/f.ABBA5987F2E82E58D78C902D9EA41D2B.d.53342B2724B649B7FBA09FF0F74E69E7.e.15051/click - {}
RESULT: {}
COMMAND: GET /session/329de238260d7602ed1af1352086bef4/screenshot - {}
RESULT: {}
COMMAND: POST /session/329de238260d7602ed1af1352086bef4/execute/async - {"script":"<script> [1562 bytes]","args":[{"selector":{"id":"application-managebillings-display-component---billRunCalcResult--contractBillRunDate","interaction":{"idSuffix":"inner"}},"wdio_ui5_key":"applicationmanagebillings-display-component---billRunCalcResult--contractBillRunDate"}]}
RESULT: {"script":"<script> [1562 bytes]","args":[{"selector":{"id":"application-managebillings-display-component---billRunCalcResult--contractBillRunDate","interaction":{"idSuffix":"inner"}},"wdio_ui5_key":"applicationmanagebillings-display-component---billRunCalcResult--contractBillRunDate"}]}
RESULT: undefined
COMMAND: POST /session/329de238260d7602ed1af1352086bef4/execute/async - {"script":"<script> [776 bytes]","args":[{"enterText":"6/29/25","selector":{"id":"application-managebillings-display-component---billRunCalcResult--contractBillRunDate","interaction":{"idSuffix":"inner"}},"clearTextFirst":true,"interactionType":"ENTER_TEXT"}]}
RESULT: {"script":"<script> [776 bytes]","args":[{"enterText":"6/29/25","selector":{"id":"application-managebillings-display-component---billRunCalcResult--contractBillRunDate","interaction":{"idSuffix":"inner"}},"clearTextFirst":true,"interactionType":"ENTER_TEXT"}]}
COMMAND: POST /session/329de238260d7602ed1af1352086bef4/element - {"using":"xpath","value":"//bdi[contains(text(), \"Trigger Calculation\")]"}
RESULT: {"using":"xpath","value":"//bdi[contains(text(), \"Trigger Calculation\")]"}
COMMAND: POST /session/329de238260d7602ed1af1352086bef4/element/f.ABBA5987F2E82E58D78C902D9EA41D2B.d.53342B2724B649B7FBA09FF0F74E69E7.e.15176/click - {}
RESULT: {}
COMMAND: GET /session/329de238260d7602ed1af1352086bef4/screenshot - {}
RESULT: {}
COMMAND: POST /session/329de238260d7602ed1af1352086bef4/element - {"using":"xpath","value":"(//span[contains(@id, \"imgNav\")])[1]"}
RESULT: {"using":"xpath","value":"(//span[contains(@id, \"imgNav\")])[1]"}
COMMAND: POST /session/329de238260d7602ed1af1352086bef4/element/f.ABBA5987F2E82E58D78C902D9EA41D2B.d.53342B2724B649B7FBA09FF0F74E69E7.e.15079/click - {}
RESULT: {}
COMMAND: GET /session/329de238260d7602ed1af1352086bef4/screenshot - {}
RESULT: {}
COMMAND: POST /session/329de238260d7602ed1af1352086bef4/element - {"using":"xpath","value":"//tr/td[6]/div[1]/span[1]/span[1]"}
RESULT: {"using":"xpath","value":"//tr/td[6]/div[1]/span[1]/span[1]"}
COMMAND: GET /session/329de238260d7602ed1af1352086bef4/element/f.ABBA5987F2E82E58D78C902D9EA41D2B.d.53342B2724B649B7FBA09FF0F74E69E7.e.15180/text - {}
RESULT: {}
COMMAND: POST /session/329de238260d7602ed1af1352086bef4/element - {"using":"xpath","value":"(//span[contains(@id, \"imgNav\")])[2]"}
RESULT: {"using":"xpath","value":"(//span[contains(@id, \"imgNav\")])[2]"}
COMMAND: POST /session/329de238260d7602ed1af1352086bef4/element/f.ABBA5987F2E82E58D78C902D9EA41D2B.d.53342B2724B649B7FBA09FF0F74E69E7.e.15181/click - {}
RESULT: {}
COMMAND: POST /session/329de238260d7602ed1af1352086bef4/element - {"using":"xpath","value":"//bdi[contains(text(), \"Business Confirm\")]"}
COMMAND: GET /session/329de238260d7602ed1af1352086bef4/screenshot - {}
RESULT: {"using":"xpath","value":"//bdi[contains(text(), \"Business Confirm\")]"}
COMMAND: POST /session/329de238260d7602ed1af1352086bef4/elements - {"using":"xpath","value":"//bdi[contains(text(), \"Business Confirm\")]"}
RESULT: {}
RESULT: {"using":"xpath","value":"//bdi[contains(text(), \"Business Confirm\")]"}
COMMAND: POST /session/329de238260d7602ed1af1352086bef4/element - {"using":"xpath","value":"//bdi[contains(text(), \"Business Confirm\")]"}
RESULT: {"using":"xpath","value":"//bdi[contains(text(), \"Business Confirm\")]"}
COMMAND: POST /session/329de238260d7602ed1af1352086bef4/element/f.ABBA5987F2E82E58D78C902D9EA41D2B.d.53342B2724B649B7FBA09FF0F74E69E7.e.15222/click - {}
RESULT: {}
COMMAND: POST /session/329de238260d7602ed1af1352086bef4/element - {"using":"css selector","value":"#shell-header-logo"}
COMMAND: GET /session/329de238260d7602ed1af1352086bef4/screenshot - {}
RESULT: {"using":"css selector","value":"#shell-header-logo"}
COMMAND: POST /session/329de238260d7602ed1af1352086bef4/element/f.ABBA5987F2E82E58D78C902D9EA41D2B.d.53342B2724B649B7FBA09FF0F74E69E7.e.14836/click - {}
RESULT: {}
RESULT: {}
COMMAND: GET /session/329de238260d7602ed1af1352086bef4/screenshot - {}
RESULT: {}
COMMAND: POST /session/329de238260d7602ed1af1352086bef4/element - {"using":"css selector","value":"#j_username"}
COMMAND: POST /session/329de238260d7602ed1af1352086bef4/url - {"url":"https://qa-testing-00-live-etm-ui.cfapps.eu10-004.hana.ondemand.com/"}
RESULT: {"using":"css selector","value":"#j_username"}
COMMAND: POST /session/329de238260d7602ed1af1352086bef4/element - {"using":"css selector","value":"#j_username"}
RESULT: {"url":"https://qa-testing-00-live-etm-ui.cfapps.eu10-004.hana.ondemand.com/"}
RESULT: undefined
COMMAND: GET /session/329de238260d7602ed1af1352086bef4/screenshot - {}
RESULT: {"using":"css selector","value":"#j_username"}
COMMAND: POST /session/329de238260d7602ed1af1352086bef4/element - {"using":"css selector","value":"#shell-header-logo"}
RESULT: {}
RESULT: {"using":"css selector","value":"#shell-header-logo"}
COMMAND: POST /session/329de238260d7602ed1af1352086bef4/execute/sync - {"script":"<script> [8489 bytes]","args":[{"element-6066-11e4-a52e-4f735466cecf":"f.ABBA5987F2E82E58D78C902D9EA41D2B.d.B3C2AA3F94DC5C70463B0DC2B4E9F802.e.15260","ELEMENT":"f.ABBA5987F2E82E58D78C902D9EA41D2B.d.B3C2AA3F94DC5C70463B0DC2B4E9F802.e.15260"}]}
RESULT: {"script":"<script> [8489 bytes]","args":[{"element-6066-11e4-a52e-4f735466cecf":"f.ABBA5987F2E82E58D78C902D9EA41D2B.d.B3C2AA3F94DC5C70463B0DC2B4E9F802.e.15260","ELEMENT":"f.ABBA5987F2E82E58D78C902D9EA41D2B.d.B3C2AA3F94DC5C70463B0DC2B4E9F802.e.15260"}]}
COMMAND: POST /session/329de238260d7602ed1af1352086bef4/element - {"using":"css selector","value":"#shell-header-logo"}
COMMAND: GET /session/329de238260d7602ed1af1352086bef4/screenshot - {}
RESULT: {"using":"css selector","value":"#shell-header-logo"}
COMMAND: POST /session/329de238260d7602ed1af1352086bef4/execute/sync - {"script":"<script> [8489 bytes]","args":[{"element-6066-11e4-a52e-4f735466cecf":"f.ABBA5987F2E82E58D78C902D9EA41D2B.d.B3C2AA3F94DC5C70463B0DC2B4E9F802.e.15260","ELEMENT":"f.ABBA5987F2E82E58D78C902D9EA41D2B.d.B3C2AA3F94DC5C70463B0DC2B4E9F802.e.15260"}]}
RESULT: {}
RESULT: {"script":"<script> [8489 bytes]","args":[{"element-6066-11e4-a52e-4f735466cecf":"f.ABBA5987F2E82E58D78C902D9EA41D2B.d.B3C2AA3F94DC5C70463B0DC2B4E9F802.e.15260","ELEMENT":"f.ABBA5987F2E82E58D78C902D9EA41D2B.d.B3C2AA3F94DC5C70463B0DC2B4E9F802.e.15260"}]}
COMMAND: POST /session/329de238260d7602ed1af1352086bef4/execute/sync - {"script":"<script> [5351 bytes]","args":[{"element-6066-11e4-a52e-4f735466cecf":"f.ABBA5987F2E82E58D78C902D9EA41D2B.d.B3C2AA3F94DC5C70463B0DC2B4E9F802.e.15260","ELEMENT":"f.ABBA5987F2E82E58D78C902D9EA41D2B.d.B3C2AA3F94DC5C70463B0DC2B4E9F802.e.15260"}]}
COMMAND: GET /session/329de238260d7602ed1af1352086bef4/screenshot - {}
RESULT: {"script":"<script> [5351 bytes]","args":[{"element-6066-11e4-a52e-4f735466cecf":"f.ABBA5987F2E82E58D78C902D9EA41D2B.d.B3C2AA3F94DC5C70463B0DC2B4E9F802.e.15260","ELEMENT":"f.ABBA5987F2E82E58D78C902D9EA41D2B.d.B3C2AA3F94DC5C70463B0DC2B4E9F802.e.15260"}]}
COMMAND: POST /session/329de238260d7602ed1af1352086bef4/element - {"using":"css selector","value":"#shell-header-logo"}
COMMAND: GET /session/329de238260d7602ed1af1352086bef4/screenshot - {}
RESULT: {}
RESULT: {"using":"css selector","value":"#shell-header-logo"}
COMMAND: POST /session/329de238260d7602ed1af1352086bef4/element/f.ABBA5987F2E82E58D78C902D9EA41D2B.d.B3C2AA3F94DC5C70463B0DC2B4E9F802.e.15260/click - {}
RESULT: {}
RESULT: {}
COMMAND: GET /session/329de238260d7602ed1af1352086bef4/screenshot - {}
RESULT: {}
COMMAND: POST /session/329de238260d7602ed1af1352086bef4/execute/async - {"script":"<script> [189 bytes]","args":[]}
RESULT: {"script":"<script> [189 bytes]","args":[]}
COMMAND: POST /session/329de238260d7602ed1af1352086bef4/execute/async - {"script":"<script> [123 bytes]","args":[]}
RESULT: {"script":"<script> [123 bytes]","args":[]}
COMMAND: POST /session/329de238260d7602ed1af1352086bef4/timeouts - {"script":"<number>"}
RESULT: {"script":"<number>"}
COMMAND: GET /session/329de238260d7602ed1af1352086bef4/timeouts - {}
RESULT: {}
RESULT: undefined
COMMAND: POST /session/329de238260d7602ed1af1352086bef4/execute/async - {"script":"<script> [2676 bytes]","args":[]}
RESULT: {"script":"<script> [2676 bytes]","args":[]}
COMMAND: POST /session/329de238260d7602ed1af1352086bef4/execute/async - {"script":"<script> [2342 bytes]","args":[{"protocol":"http","hostname":"0.0.0.0","path":"/","capabilities":{"browserName":"chrome","goog:chromeOptions":{"binary":"C:\\Program Files\\Google\\Chrome\\Application\\chrome.exe","args":["--start-maximized"]}},"logLevel":"warn","connectionRetryTimeout":120000,"connectionRetryCount":3,"logLevels":{},"enableDirectConnect":true,"strictSSL":true,"_":"65 more keys: [\"cacheDir\",\"port\",\"requestedCapabilities\",\"automationProtocol\",\"baseUrl\",\"waitforInterval\",\"waitforTimeout\",\"onReload\",\"beforeCommand\",\"afterCommand\",\"rootDir\",\"specs\",\"suites\",\"exclude\",\"groupLogsByTestSpec\",\"excludeDriverLogs\",\"bail\",\"framework\",\"reporters\",\"services\",\"maxInstances\",\"maxInstancesPerCapability\",\"injectGlobals\",\"filesToWatch\",\"execArgv\",\"runnerEnv\",\"runner\",\"shard\",\"specFileRetries\",\"specFileRetriesDelay\",\"specFileRetriesDeferred\",\"reporterSyncInterval\",\"reporterSyncTimeout\",\"cucumberFeaturesWithLineNumbers\",\"autoCompileOpts\",\"mochaOpts\",\"jasmineOpts\",\"cucumberOpts\",\"onPrepare\",\"onWorkerStart\",\"onWorkerEnd\",\"before\",\"beforeSession\",\"beforeSuite\",\"beforeHook\",\"beforeTest\",\"afterTest\",\"afterHook\",\"afterSuite\",\"afterSession\",\"after\",\"onComplete\",\"beforeAssertion\",\"afterAssertion\",\"beforeFeature\",\"beforeScenario\",\"beforeStep\",\"afterStep\",\"afterScenario\",\"afterFeature\",\"_\",\"suite\",\"$0\",\"ignoredWorkerServices\",\"wdi5\"]"}]}
RESULT: {"script":"<script> [2342 bytes]","args":[{"protocol":"http","hostname":"0.0.0.0","path":"/","capabilities":{"browserName":"chrome","goog:chromeOptions":{"binary":"C:\\Program Files\\Google\\Chrome\\Application\\chrome.exe","args":["--start-maximized"]}},"logLevel":"warn","connectionRetryTimeout":120000,"connectionRetryCount":3,"logLevels":{},"enableDirectConnect":true,"strictSSL":true,"_":"65 more keys: [\"cacheDir\",\"port\",\"requestedCapabilities\",\"automationProtocol\",\"baseUrl\",\"waitforInterval\",\"waitforTimeout\",\"onReload\",\"beforeCommand\",\"afterCommand\",\"rootDir\",\"specs\",\"suites\",\"exclude\",\"groupLogsByTestSpec\",\"excludeDriverLogs\",\"bail\",\"framework\",\"reporters\",\"services\",\"maxInstances\",\"maxInstancesPerCapability\",\"injectGlobals\",\"filesToWatch\",\"execArgv\",\"runnerEnv\",\"runner\",\"shard\",\"specFileRetries\",\"specFileRetriesDelay\",\"specFileRetriesDeferred\",\"reporterSyncInterval\",\"reporterSyncTimeout\",\"cucumberFeaturesWithLineNumbers\",\"autoCompileOpts\",\"mochaOpts\",\"jasmineOpts\",\"cucumberOpts\",\"onPrepare\",\"onWorkerStart\",\"onWorkerEnd\",\"before\",\"beforeSession\",\"beforeSuite\",\"beforeHook\",\"beforeTest\",\"afterTest\",\"afterHook\",\"afterSuite\",\"afterSession\",\"after\",\"onComplete\",\"beforeAssertion\",\"afterAssertion\",\"beforeFeature\",\"beforeScenario\",\"beforeStep\",\"afterStep\",\"afterScenario\",\"afterFeature\",\"_\",\"suite\",\"$0\",\"ignoredWorkerServices\",\"wdi5\"]"}]}
COMMAND: POST /session/329de238260d7602ed1af1352086bef4/execute/async - {"script":"<script> [21126 bytes]","args":[35000]}
RESULT: {"script":"<script> [21126 bytes]","args":[35000]}
COMMAND: POST /session/329de238260d7602ed1af1352086bef4/window/maximize - {}
RESULT: {}
COMMAND: POST /session/329de238260d7602ed1af1352086bef4/execute/async - {"script":"<script> [1562 bytes]","args":[{"selector":{"id":"shell-header","interaction":{"idSuffix":"icon"}},"wdio_ui5_key":"shellheader"}]}
COMMAND: GET /session/329de238260d7602ed1af1352086bef4/screenshot - {}
RESULT: {"script":"<script> [1562 bytes]","args":[{"selector":{"id":"shell-header","interaction":{"idSuffix":"icon"}},"wdio_ui5_key":"shellheader"}]}
RESULT: undefined
COMMAND: POST /session/329de238260d7602ed1af1352086bef4/refresh - {}
RESULT: {}
RESULT: {}
COMMAND: GET /session/329de238260d7602ed1af1352086bef4/screenshot - {}
RESULT: {}
COMMAND: POST /session/329de238260d7602ed1af1352086bef4/refresh - {}
RESULT: {}
COMMAND: GET /session/329de238260d7602ed1af1352086bef4/screenshot - {}
RESULT: {}
COMMAND: POST /session/329de238260d7602ed1af1352086bef4/window/fullscreen - {}
RESULT: {}
COMMAND: POST /session/329de238260d7602ed1af1352086bef4/execute/async - {"script":"<script> [189 bytes]","args":[]}
RESULT: {"script":"<script> [189 bytes]","args":[]}
COMMAND: POST /session/329de238260d7602ed1af1352086bef4/execute/async - {"script":"<script> [123 bytes]","args":[]}
RESULT: {"script":"<script> [123 bytes]","args":[]}
COMMAND: POST /session/329de238260d7602ed1af1352086bef4/timeouts - {"script":"<number>"}
RESULT: {"script":"<number>"}
COMMAND: GET /session/329de238260d7602ed1af1352086bef4/timeouts - {}
RESULT: {}
RESULT: undefined
COMMAND: POST /session/329de238260d7602ed1af1352086bef4/execute/async - {"script":"<script> [2676 bytes]","args":[]}
RESULT: {"script":"<script> [2676 bytes]","args":[]}
COMMAND: POST /session/329de238260d7602ed1af1352086bef4/execute/async - {"script":"<script> [2342 bytes]","args":[{"protocol":"http","hostname":"0.0.0.0","path":"/","capabilities":{"browserName":"chrome","goog:chromeOptions":{"binary":"C:\\Program Files\\Google\\Chrome\\Application\\chrome.exe","args":["--start-maximized"]}},"logLevel":"warn","connectionRetryTimeout":120000,"connectionRetryCount":3,"logLevels":{},"enableDirectConnect":true,"strictSSL":true,"_":"65 more keys: [\"cacheDir\",\"port\",\"requestedCapabilities\",\"automationProtocol\",\"baseUrl\",\"waitforInterval\",\"waitforTimeout\",\"onReload\",\"beforeCommand\",\"afterCommand\",\"rootDir\",\"specs\",\"suites\",\"exclude\",\"groupLogsByTestSpec\",\"excludeDriverLogs\",\"bail\",\"framework\",\"reporters\",\"services\",\"maxInstances\",\"maxInstancesPerCapability\",\"injectGlobals\",\"filesToWatch\",\"execArgv\",\"runnerEnv\",\"runner\",\"shard\",\"specFileRetries\",\"specFileRetriesDelay\",\"specFileRetriesDeferred\",\"reporterSyncInterval\",\"reporterSyncTimeout\",\"cucumberFeaturesWithLineNumbers\",\"autoCompileOpts\",\"mochaOpts\",\"jasmineOpts\",\"cucumberOpts\",\"onPrepare\",\"onWorkerStart\",\"onWorkerEnd\",\"before\",\"beforeSession\",\"beforeSuite\",\"beforeHook\",\"beforeTest\",\"afterTest\",\"afterHook\",\"afterSuite\",\"afterSession\",\"after\",\"onComplete\",\"beforeAssertion\",\"afterAssertion\",\"beforeFeature\",\"beforeScenario\",\"beforeStep\",\"afterStep\",\"afterScenario\",\"afterFeature\",\"_\",\"suite\",\"$0\",\"ignoredWorkerServices\",\"wdi5\"]"}]}
RESULT: {"script":"<script> [2342 bytes]","args":[{"protocol":"http","hostname":"0.0.0.0","path":"/","capabilities":{"browserName":"chrome","goog:chromeOptions":{"binary":"C:\\Program Files\\Google\\Chrome\\Application\\chrome.exe","args":["--start-maximized"]}},"logLevel":"warn","connectionRetryTimeout":120000,"connectionRetryCount":3,"logLevels":{},"enableDirectConnect":true,"strictSSL":true,"_":"65 more keys: [\"cacheDir\",\"port\",\"requestedCapabilities\",\"automationProtocol\",\"baseUrl\",\"waitforInterval\",\"waitforTimeout\",\"onReload\",\"beforeCommand\",\"afterCommand\",\"rootDir\",\"specs\",\"suites\",\"exclude\",\"groupLogsByTestSpec\",\"excludeDriverLogs\",\"bail\",\"framework\",\"reporters\",\"services\",\"maxInstances\",\"maxInstancesPerCapability\",\"injectGlobals\",\"filesToWatch\",\"execArgv\",\"runnerEnv\",\"runner\",\"shard\",\"specFileRetries\",\"specFileRetriesDelay\",\"specFileRetriesDeferred\",\"reporterSyncInterval\",\"reporterSyncTimeout\",\"cucumberFeaturesWithLineNumbers\",\"autoCompileOpts\",\"mochaOpts\",\"jasmineOpts\",\"cucumberOpts\",\"onPrepare\",\"onWorkerStart\",\"onWorkerEnd\",\"before\",\"beforeSession\",\"beforeSuite\",\"beforeHook\",\"beforeTest\",\"afterTest\",\"afterHook\",\"afterSuite\",\"afterSession\",\"after\",\"onComplete\",\"beforeAssertion\",\"afterAssertion\",\"beforeFeature\",\"beforeScenario\",\"beforeStep\",\"afterStep\",\"afterScenario\",\"afterFeature\",\"_\",\"suite\",\"$0\",\"ignoredWorkerServices\",\"wdi5\"]"}]}
COMMAND: POST /session/329de238260d7602ed1af1352086bef4/execute/async - {"script":"<script> [21126 bytes]","args":[35000]}
RESULT: {"script":"<script> [21126 bytes]","args":[35000]}
]]></system-out>
    </testcase>
  </testsuite>
  <testsuite timestamp="2025-05-29T17:51:13" time="760.49" tests="13" failures="0" errors="0" skipped="0">
    <properties>
      <property name="specId" value="0"/>
      <property name="suiteName" value="Performance based billing (work days) US139742"/>
      <property name="capabilities" value="chrome.136_0_7103_93.windows"/>
      <property name="file" value="file:///D:/a/1/s/test/specs/BTS/billing-performance-workdays.spec.js"/>
    </properties>
    <testcase classname="chrome.136_0_7103_93.windows.Performance_based_billing_(work_days)_US139742" name="Should create a new yard" time="0.019">
      <system-out><![CDATA[
COMMAND: POST /session/329de238260d7602ed1af1352086bef4/window/fullscreen - {}
RESULT: {}
]]></system-out>
    </testcase>
    <testcase classname="chrome.136_0_7103_93.windows.Performance_based_billing_(work_days)_US139742" name="Should create a new partner" time="0.004"/>
    <testcase classname="chrome.136_0_7103_93.windows.Performance_based_billing_(work_days)_US139742" name="Should create a new site" time="0.004"/>
    <testcase classname="chrome.136_0_7103_93.windows.Performance_based_billing_(work_days)_US139742" name="Should do prerequisite steps add equipment" time="131.956">
      <system-out><![CDATA[
COMMAND: POST /session/329de238260d7602ed1af1352086bef4/execute/async - {"script":"<script> [1562 bytes]","args":[{"selector":{"controlType":"sap.m.GenericTile","properties":{"header":"Manage Resources"}},"wdio_ui5_key":"sapm.GenericTile{\"header\":\"Manage Resources\"}"}]}
RESULT: {"script":"<script> [1562 bytes]","args":[{"selector":{"controlType":"sap.m.GenericTile","properties":{"header":"Manage Resources"}},"wdio_ui5_key":"sapm.GenericTile{\"header\":\"Manage Resources\"}"}]}
RESULT: undefined
COMMAND: POST /session/329de238260d7602ed1af1352086bef4/element - {"using":"xpath","value":"//*[@id=\"__tile39\"]"}
RESULT: {"using":"xpath","value":"//*[@id=\"__tile39\"]"}
COMMAND: POST /session/329de238260d7602ed1af1352086bef4/element/f.ABBA5987F2E82E58D78C902D9EA41D2B.d.EC78B6CBA047BC29A5F261033E11AFA0.e.15412/click - {}
RESULT: {}
COMMAND: GET /session/329de238260d7602ed1af1352086bef4/screenshot - {}
RESULT: {}
COMMAND: POST /session/329de238260d7602ed1af1352086bef4/elements - {"using":"xpath","value":"//span[text()='Error']"}
RESULT: {"using":"xpath","value":"//span[text()='Error']"}
COMMAND: POST /session/329de238260d7602ed1af1352086bef4/element - {"using":"xpath","value":"//button[@data-kt=\"addNewRUOverflowToolbarButton\"]"}
RESULT: {"using":"xpath","value":"//button[@data-kt=\"addNewRUOverflowToolbarButton\"]"}
COMMAND: POST /session/329de238260d7602ed1af1352086bef4/elements - {"using":"xpath","value":"//button[@data-kt=\"addNewRUOverflowToolbarButton\"]"}
RESULT: {"using":"xpath","value":"//button[@data-kt=\"addNewRUOverflowToolbarButton\"]"}
COMMAND: POST /session/329de238260d7602ed1af1352086bef4/elements - {"using":"xpath","value":"//button[@data-kt=\"addNewRUOverflowToolbarButton\"]"}
RESULT: {"using":"xpath","value":"//button[@data-kt=\"addNewRUOverflowToolbarButton\"]"}
COMMAND: POST /session/329de238260d7602ed1af1352086bef4/elements - {"using":"xpath","value":"//button[@data-kt=\"addNewRUOverflowToolbarButton\"]"}
RESULT: {"using":"xpath","value":"//button[@data-kt=\"addNewRUOverflowToolbarButton\"]"}
COMMAND: POST /session/329de238260d7602ed1af1352086bef4/elements - {"using":"xpath","value":"//button[@data-kt=\"addNewRUOverflowToolbarButton\"]"}
RESULT: {"using":"xpath","value":"//button[@data-kt=\"addNewRUOverflowToolbarButton\"]"}
COMMAND: POST /session/329de238260d7602ed1af1352086bef4/elements - {"using":"xpath","value":"//button[@data-kt=\"addNewRUOverflowToolbarButton\"]"}
RESULT: {"using":"xpath","value":"//button[@data-kt=\"addNewRUOverflowToolbarButton\"]"}
COMMAND: POST /session/329de238260d7602ed1af1352086bef4/elements - {"using":"xpath","value":"//button[@data-kt=\"addNewRUOverflowToolbarButton\"]"}
RESULT: {"using":"xpath","value":"//button[@data-kt=\"addNewRUOverflowToolbarButton\"]"}
COMMAND: POST /session/329de238260d7602ed1af1352086bef4/elements - {"using":"xpath","value":"//button[@data-kt=\"addNewRUOverflowToolbarButton\"]"}
RESULT: {"using":"xpath","value":"//button[@data-kt=\"addNewRUOverflowToolbarButton\"]"}
COMMAND: POST /session/329de238260d7602ed1af1352086bef4/elements - {"using":"xpath","value":"//button[@data-kt=\"addNewRUOverflowToolbarButton\"]"}
RESULT: {"using":"xpath","value":"//button[@data-kt=\"addNewRUOverflowToolbarButton\"]"}
COMMAND: POST /session/329de238260d7602ed1af1352086bef4/element - {"using":"xpath","value":"//button[@data-kt=\"addNewRUOverflowToolbarButton\"]"}
RESULT: {"using":"xpath","value":"//button[@data-kt=\"addNewRUOverflowToolbarButton\"]"}
COMMAND: POST /session/329de238260d7602ed1af1352086bef4/execute/sync - {"script":"<script> [8489 bytes]","args":[{"element-6066-11e4-a52e-4f735466cecf":"f.ABBA5987F2E82E58D78C902D9EA41D2B.d.EC78B6CBA047BC29A5F261033E11AFA0.e.15534","ELEMENT":"f.ABBA5987F2E82E58D78C902D9EA41D2B.d.EC78B6CBA047BC29A5F261033E11AFA0.e.15534"}]}
RESULT: {"script":"<script> [8489 bytes]","args":[{"element-6066-11e4-a52e-4f735466cecf":"f.ABBA5987F2E82E58D78C902D9EA41D2B.d.EC78B6CBA047BC29A5F261033E11AFA0.e.15534","ELEMENT":"f.ABBA5987F2E82E58D78C902D9EA41D2B.d.EC78B6CBA047BC29A5F261033E11AFA0.e.15534"}]}
COMMAND: GET /session/329de238260d7602ed1af1352086bef4/element/f.ABBA5987F2E82E58D78C902D9EA41D2B.d.EC78B6CBA047BC29A5F261033E11AFA0.e.15534/enabled - {}
COMMAND: GET /session/329de238260d7602ed1af1352086bef4/screenshot - {}
RESULT: {}
COMMAND: POST /session/329de238260d7602ed1af1352086bef4/execute/sync - {"script":"<script> [8489 bytes]","args":[{"element-6066-11e4-a52e-4f735466cecf":"f.ABBA5987F2E82E58D78C902D9EA41D2B.d.EC78B6CBA047BC29A5F261033E11AFA0.e.15534","ELEMENT":"f.ABBA5987F2E82E58D78C902D9EA41D2B.d.EC78B6CBA047BC29A5F261033E11AFA0.e.15534"}]}
COMMAND: GET /session/329de238260d7602ed1af1352086bef4/screenshot - {}
RESULT: {}
RESULT: {"script":"<script> [8489 bytes]","args":[{"element-6066-11e4-a52e-4f735466cecf":"f.ABBA5987F2E82E58D78C902D9EA41D2B.d.EC78B6CBA047BC29A5F261033E11AFA0.e.15534","ELEMENT":"f.ABBA5987F2E82E58D78C902D9EA41D2B.d.EC78B6CBA047BC29A5F261033E11AFA0.e.15534"}]}
COMMAND: POST /session/329de238260d7602ed1af1352086bef4/execute/sync - {"script":"<script> [5351 bytes]","args":[{"element-6066-11e4-a52e-4f735466cecf":"f.ABBA5987F2E82E58D78C902D9EA41D2B.d.EC78B6CBA047BC29A5F261033E11AFA0.e.15534","ELEMENT":"f.ABBA5987F2E82E58D78C902D9EA41D2B.d.EC78B6CBA047BC29A5F261033E11AFA0.e.15534"}]}
COMMAND: GET /session/329de238260d7602ed1af1352086bef4/screenshot - {}
RESULT: {}
RESULT: {"script":"<script> [5351 bytes]","args":[{"element-6066-11e4-a52e-4f735466cecf":"f.ABBA5987F2E82E58D78C902D9EA41D2B.d.EC78B6CBA047BC29A5F261033E11AFA0.e.15534","ELEMENT":"f.ABBA5987F2E82E58D78C902D9EA41D2B.d.EC78B6CBA047BC29A5F261033E11AFA0.e.15534"}]}
COMMAND: POST /session/329de238260d7602ed1af1352086bef4/element/f.ABBA5987F2E82E58D78C902D9EA41D2B.d.EC78B6CBA047BC29A5F261033E11AFA0.e.15534/click - {}
COMMAND: GET /session/329de238260d7602ed1af1352086bef4/screenshot - {}
RESULT: {}
RESULT: {}
COMMAND: GET /session/329de238260d7602ed1af1352086bef4/screenshot - {}
COMMAND: POST /session/329de238260d7602ed1af1352086bef4/execute/async - {"script":"<script> [1562 bytes]","args":[{"selector":{"id":"application-manageresources-display-component---newResourceUnit--TYPE-arrow"},"wdio_ui5_key":"applicationmanageresources-display-component---newResourceUnit--TYPE-arrow"}]}
RESULT: {}
RESULT: {}
RESULT: {"script":"<script> [1562 bytes]","args":[{"selector":{"id":"application-manageresources-display-component---newResourceUnit--TYPE-arrow"},"wdio_ui5_key":"applicationmanageresources-display-component---newResourceUnit--TYPE-arrow"}]}
RESULT: undefined
COMMAND: POST /session/329de238260d7602ed1af1352086bef4/element - {"using":"xpath","value":"//*[@id=\"application-manageresources-display-component---newResourceUnit--TYPE-arrow\"]"}
RESULT: {"using":"xpath","value":"//*[@id=\"application-manageresources-display-component---newResourceUnit--TYPE-arrow\"]"}
COMMAND: POST /session/329de238260d7602ed1af1352086bef4/element/f.ABBA5987F2E82E58D78C902D9EA41D2B.d.EC78B6CBA047BC29A5F261033E11AFA0.e.15909/click - {}
RESULT: {}
COMMAND: POST /session/329de238260d7602ed1af1352086bef4/element - {"using":"xpath","value":"//input[@id=\"application-manageresources-display-component---newResourceUnit--TYPE-inner\"]"}
COMMAND: GET /session/329de238260d7602ed1af1352086bef4/screenshot - {}
RESULT: {"using":"xpath","value":"//input[@id=\"application-manageresources-display-component---newResourceUnit--TYPE-inner\"]"}
COMMAND: POST /session/329de238260d7602ed1af1352086bef4/element/f.ABBA5987F2E82E58D78C902D9EA41D2B.d.EC78B6CBA047BC29A5F261033E11AFA0.e.15885/clear - {}
RESULT: {}
RESULT: {}
COMMAND: POST /session/329de238260d7602ed1af1352086bef4/element/f.ABBA5987F2E82E58D78C902D9EA41D2B.d.EC78B6CBA047BC29A5F261033E11AFA0.e.15885/value - {"text":"Equipment"}
COMMAND: GET /session/329de238260d7602ed1af1352086bef4/screenshot - {}
RESULT: {"text":"Equipment"}
COMMAND: GET /session/329de238260d7602ed1af1352086bef4/screenshot - {}
RESULT: {}
RESULT: {}
COMMAND: POST /session/329de238260d7602ed1af1352086bef4/actions - {"actions":[{"id":"action52","type":"key","parameters":{},"actions":[{"type":"keyDown","value":""},{"type":"pause","duration":10},{"type":"keyUp","value":""}]}]}
RESULT: {"actions":[{"id":"action52","type":"key","parameters":{},"actions":[{"type":"keyDown","value":""},{"type":"pause","duration":10},{"type":"keyUp","value":""}]}]}
COMMAND: POST /session/329de238260d7602ed1af1352086bef4/execute/async - {"script":"<script> [1562 bytes]","args":[{"selector":{"id":"application-manageresources-display-component---newResourceUnit--resourceId","interaction":{"idSuffix":"inner"}},"wdio_ui5_key":"applicationmanageresources-display-component---newResourceUnit--resourceId"}]}
COMMAND: GET /session/329de238260d7602ed1af1352086bef4/screenshot - {}
RESULT: {"script":"<script> [1562 bytes]","args":[{"selector":{"id":"application-manageresources-display-component---newResourceUnit--resourceId","interaction":{"idSuffix":"inner"}},"wdio_ui5_key":"applicationmanageresources-display-component---newResourceUnit--resourceId"}]}
RESULT: undefined
COMMAND: POST /session/329de238260d7602ed1af1352086bef4/execute/async - {"script":"<script> [776 bytes]","args":[{"enterText":"9GJloXryAe","selector":{"id":"application-manageresources-display-component---newResourceUnit--resourceId","interaction":{"idSuffix":"inner"}},"clearTextFirst":true,"interactionType":"ENTER_TEXT"}]}
RESULT: {}
RESULT: {"script":"<script> [776 bytes]","args":[{"enterText":"9GJloXryAe","selector":{"id":"application-manageresources-display-component---newResourceUnit--resourceId","interaction":{"idSuffix":"inner"}},"clearTextFirst":true,"interactionType":"ENTER_TEXT"}]}
COMMAND: POST /session/329de238260d7602ed1af1352086bef4/execute/async - {"script":"<script> [1562 bytes]","args":[{"selector":{"id":"application-manageresources-display-component---newResourceUnit--SHORT_TEXT","interaction":{"idSuffix":"inner"}},"wdio_ui5_key":"applicationmanageresources-display-component---newResourceUnit--SHORT_TEXT"}]}
RESULT: {"script":"<script> [1562 bytes]","args":[{"selector":{"id":"application-manageresources-display-component---newResourceUnit--SHORT_TEXT","interaction":{"idSuffix":"inner"}},"wdio_ui5_key":"applicationmanageresources-display-component---newResourceUnit--SHORT_TEXT"}]}
RESULT: undefined
COMMAND: POST /session/329de238260d7602ed1af1352086bef4/execute/async - {"script":"<script> [776 bytes]","args":[{"enterText":"Intercompany Equipment WDIO","selector":{"id":"application-manageresources-display-component---newResourceUnit--SHORT_TEXT","interaction":{"idSuffix":"inner"}},"clearTextFirst":true,"interactionType":"ENTER_TEXT"}]}
RESULT: {"script":"<script> [776 bytes]","args":[{"enterText":"Intercompany Equipment WDIO","selector":{"id":"application-manageresources-display-component---newResourceUnit--SHORT_TEXT","interaction":{"idSuffix":"inner"}},"clearTextFirst":true,"interactionType":"ENTER_TEXT"}]}
COMMAND: POST /session/329de238260d7602ed1af1352086bef4/execute/async - {"script":"<script> [1562 bytes]","args":[{"selector":{"id":"application-manageresources-display-component---newResourceUnit--BASE_UNIT_OF_MEASURE","interaction":{"idSuffix":"inner"}},"wdio_ui5_key":"applicationmanageresources-display-component---newResourceUnit--BASE_UNIT_OF_MEASURE"}]}
RESULT: {"script":"<script> [1562 bytes]","args":[{"selector":{"id":"application-manageresources-display-component---newResourceUnit--BASE_UNIT_OF_MEASURE","interaction":{"idSuffix":"inner"}},"wdio_ui5_key":"applicationmanageresources-display-component---newResourceUnit--BASE_UNIT_OF_MEASURE"}]}
RESULT: undefined
COMMAND: POST /session/329de238260d7602ed1af1352086bef4/execute/async - {"script":"<script> [776 bytes]","args":[{"enterText":"Piece","selector":{"id":"application-manageresources-display-component---newResourceUnit--BASE_UNIT_OF_MEASURE","interaction":{"idSuffix":"inner"}},"clearTextFirst":true,"interactionType":"ENTER_TEXT"}]}
RESULT: {"script":"<script> [776 bytes]","args":[{"enterText":"Piece","selector":{"id":"application-manageresources-display-component---newResourceUnit--BASE_UNIT_OF_MEASURE","interaction":{"idSuffix":"inner"}},"clearTextFirst":true,"interactionType":"ENTER_TEXT"}]}
COMMAND: POST /session/329de238260d7602ed1af1352086bef4/execute/async - {"script":"<script> [1562 bytes]","args":[{"selector":{"id":"application-manageresources-display-component---newResourceUnit--WEIGHT_UNIT","interaction":{"idSuffix":"inner"}},"wdio_ui5_key":"applicationmanageresources-display-component---newResourceUnit--WEIGHT_UNIT"}]}
RESULT: {"script":"<script> [1562 bytes]","args":[{"selector":{"id":"application-manageresources-display-component---newResourceUnit--WEIGHT_UNIT","interaction":{"idSuffix":"inner"}},"wdio_ui5_key":"applicationmanageresources-display-component---newResourceUnit--WEIGHT_UNIT"}]}
RESULT: undefined
COMMAND: POST /session/329de238260d7602ed1af1352086bef4/execute/async - {"script":"<script> [776 bytes]","args":[{"enterText":"Gram","selector":{"id":"application-manageresources-display-component---newResourceUnit--WEIGHT_UNIT","interaction":{"idSuffix":"inner"}},"clearTextFirst":true,"interactionType":"ENTER_TEXT"}]}
RESULT: {"script":"<script> [776 bytes]","args":[{"enterText":"Gram","selector":{"id":"application-manageresources-display-component---newResourceUnit--WEIGHT_UNIT","interaction":{"idSuffix":"inner"}},"clearTextFirst":true,"interactionType":"ENTER_TEXT"}]}
COMMAND: POST /session/329de238260d7602ed1af1352086bef4/execute/async - {"script":"<script> [1562 bytes]","args":[{"selector":{"id":"application-manageresources-display-component---newResourceUnit--DIMENSION_UNIT","interaction":{"idSuffix":"inner"}},"wdio_ui5_key":"applicationmanageresources-display-component---newResourceUnit--DIMENSION_UNIT"}]}
RESULT: {"script":"<script> [1562 bytes]","args":[{"selector":{"id":"application-manageresources-display-component---newResourceUnit--DIMENSION_UNIT","interaction":{"idSuffix":"inner"}},"wdio_ui5_key":"applicationmanageresources-display-component---newResourceUnit--DIMENSION_UNIT"}]}
RESULT: undefined
COMMAND: POST /session/329de238260d7602ed1af1352086bef4/execute/async - {"script":"<script> [776 bytes]","args":[{"enterText":"Meter","selector":{"id":"application-manageresources-display-component---newResourceUnit--DIMENSION_UNIT","interaction":{"idSuffix":"inner"}},"clearTextFirst":true,"interactionType":"ENTER_TEXT"}]}
RESULT: {"script":"<script> [776 bytes]","args":[{"enterText":"Meter","selector":{"id":"application-manageresources-display-component---newResourceUnit--DIMENSION_UNIT","interaction":{"idSuffix":"inner"}},"clearTextFirst":true,"interactionType":"ENTER_TEXT"}]}
COMMAND: POST /session/329de238260d7602ed1af1352086bef4/execute/async - {"script":"<script> [1562 bytes]","args":[{"selector":{"id":"application-manageresources-display-component---newResourceUnit--newRRUPage-anchBar-application-manageresources-display-component---newResourceUnit--control-anchor","interaction":{"idSuffix":"BDI-content"}},"wdio_ui5_key":"applicationmanageresources-display-component---newResourceUnit--newRRUPage-anchBar-application-manageresources-display-component---newResourceUnit--control-anchor"}]}
RESULT: {"script":"<script> [1562 bytes]","args":[{"selector":{"id":"application-manageresources-display-component---newResourceUnit--newRRUPage-anchBar-application-manageresources-display-component---newResourceUnit--control-anchor","interaction":{"idSuffix":"BDI-content"}},"wdio_ui5_key":"applicationmanageresources-display-component---newResourceUnit--newRRUPage-anchBar-application-manageresources-display-component---newResourceUnit--control-anchor"}]}
RESULT: undefined
COMMAND: POST /session/329de238260d7602ed1af1352086bef4/element - {"using":"xpath","value":"//*[@id=\"application-manageresources-display-component---newResourceUnit--newRRUPage-anchBar-application-manageresources-display-component---newResourceUnit--control-anchor\"]"}
RESULT: {"using":"xpath","value":"//*[@id=\"application-manageresources-display-component---newResourceUnit--newRRUPage-anchBar-application-manageresources-display-component---newResourceUnit--control-anchor\"]"}
COMMAND: POST /session/329de238260d7602ed1af1352086bef4/element/f.ABBA5987F2E82E58D78C902D9EA41D2B.d.EC78B6CBA047BC29A5F261033E11AFA0.e.16068/click - {}
RESULT: {}
COMMAND: POST /session/329de238260d7602ed1af1352086bef4/execute/async - {"script":"<script> [1562 bytes]","args":[{"selector":{"id":"application-manageresources-display-component---newResourceUnit--PLANNING_GROUP","interaction":{"idSuffix":"inner"}},"wdio_ui5_key":"applicationmanageresources-display-component---newResourceUnit--PLANNING_GROUP"}]}
COMMAND: GET /session/329de238260d7602ed1af1352086bef4/screenshot - {}
RESULT: {"script":"<script> [1562 bytes]","args":[{"selector":{"id":"application-manageresources-display-component---newResourceUnit--PLANNING_GROUP","interaction":{"idSuffix":"inner"}},"wdio_ui5_key":"applicationmanageresources-display-component---newResourceUnit--PLANNING_GROUP"}]}
RESULT: undefined
COMMAND: POST /session/329de238260d7602ed1af1352086bef4/execute/async - {"script":"<script> [776 bytes]","args":[{"enterText":"Heavy Equi","selector":{"id":"application-manageresources-display-component---newResourceUnit--PLANNING_GROUP","interaction":{"idSuffix":"inner"}},"clearTextFirst":true,"interactionType":"ENTER_TEXT"}]}
RESULT: {}
RESULT: {"script":"<script> [776 bytes]","args":[{"enterText":"Heavy Equi","selector":{"id":"application-manageresources-display-component---newResourceUnit--PLANNING_GROUP","interaction":{"idSuffix":"inner"}},"clearTextFirst":true,"interactionType":"ENTER_TEXT"}]}
COMMAND: POST /session/329de238260d7602ed1af1352086bef4/execute/async - {"script":"<script> [1562 bytes]","args":[{"selector":{"id":"application-manageresources-display-component---newResourceUnit--ITEM_TYPE-arrow"},"wdio_ui5_key":"applicationmanageresources-display-component---newResourceUnit--ITEM_TYPE-arrow"}]}
RESULT: {"script":"<script> [1562 bytes]","args":[{"selector":{"id":"application-manageresources-display-component---newResourceUnit--ITEM_TYPE-arrow"},"wdio_ui5_key":"applicationmanageresources-display-component---newResourceUnit--ITEM_TYPE-arrow"}]}
RESULT: undefined
COMMAND: POST /session/329de238260d7602ed1af1352086bef4/element - {"using":"xpath","value":"//*[@id=\"application-manageresources-display-component---newResourceUnit--ITEM_TYPE-arrow\"]"}
RESULT: {"using":"xpath","value":"//*[@id=\"application-manageresources-display-component---newResourceUnit--ITEM_TYPE-arrow\"]"}
COMMAND: POST /session/329de238260d7602ed1af1352086bef4/element/f.ABBA5987F2E82E58D78C902D9EA41D2B.d.EC78B6CBA047BC29A5F261033E11AFA0.e.16075/click - {}
RESULT: {}
COMMAND: POST /session/329de238260d7602ed1af1352086bef4/element - {"using":"xpath","value":"//ul[contains(@id,\"ITEM_TYPE-popup-list-listUl\")]//li[.//span[contains(text(),\"Resource Unit\")]]"}
COMMAND: GET /session/329de238260d7602ed1af1352086bef4/screenshot - {}
RESULT: {"using":"xpath","value":"//ul[contains(@id,\"ITEM_TYPE-popup-list-listUl\")]//li[.//span[contains(text(),\"Resource Unit\")]]"}
COMMAND: POST /session/329de238260d7602ed1af1352086bef4/element/f.ABBA5987F2E82E58D78C902D9EA41D2B.d.EC78B6CBA047BC29A5F261033E11AFA0.e.16076/click - {}
RESULT: {}
RESULT: {}
COMMAND: GET /session/329de238260d7602ed1af1352086bef4/screenshot - {}
RESULT: {}
COMMAND: POST /session/329de238260d7602ed1af1352086bef4/element - {"using":"css selector","value":"#application-manageresources-display-component---newResourceUnit--btnAddTimeSegment"}
RESULT: {"using":"css selector","value":"#application-manageresources-display-component---newResourceUnit--btnAddTimeSegment"}
COMMAND: GET /session/329de238260d7602ed1af1352086bef4/element/f.ABBA5987F2E82E58D78C902D9EA41D2B.d.EC78B6CBA047BC29A5F261033E11AFA0.e.16083/rect - {}
RESULT: {}
COMMAND: GET /session/329de238260d7602ed1af1352086bef4/window/rect - {}
RESULT: {}
COMMAND: POST /session/329de238260d7602ed1af1352086bef4/execute/sync - {"script":"<script> [92 bytes]","args":[]}
RESULT: {"script":"<script> [92 bytes]","args":[]}
COMMAND: POST /session/329de238260d7602ed1af1352086bef4/actions - {"actions":[{"id":"action53","type":"wheel","parameters":{},"actions":[{"type":"scroll","x":-1888,"y":-32,"deltaX":0,"deltaY":0,"duration":0,"origin":{"element-6066-11e4-a52e-4f735466cecf":"f.ABBA5987F2E82E58D78C902D9EA41D2B.d.EC78B6CBA047BC29A5F261033E11AFA0.e.16083"}}]}]}
COMMAND: GET /session/329de238260d7602ed1af1352086bef4/screenshot - {}
RESULT: {}
COMMAND: POST /session/329de238260d7602ed1af1352086bef4/execute/sync - {"script":"<script> [79 bytes]","args":[{"element-6066-11e4-a52e-4f735466cecf":"f.ABBA5987F2E82E58D78C902D9EA41D2B.d.EC78B6CBA047BC29A5F261033E11AFA0.e.16083","ELEMENT":"f.ABBA5987F2E82E58D78C902D9EA41D2B.d.EC78B6CBA047BC29A5F261033E11AFA0.e.16083"},{"block":"start","inline":"nearest"}]}
RESULT: {"script":"<script> [79 bytes]","args":[{"element-6066-11e4-a52e-4f735466cecf":"f.ABBA5987F2E82E58D78C902D9EA41D2B.d.EC78B6CBA047BC29A5F261033E11AFA0.e.16083","ELEMENT":"f.ABBA5987F2E82E58D78C902D9EA41D2B.d.EC78B6CBA047BC29A5F261033E11AFA0.e.16083"},{"block":"start","inline":"nearest"}]}
COMMAND: POST /session/329de238260d7602ed1af1352086bef4/execute/async - {"script":"<script> [1562 bytes]","args":[{"selector":{"id":"application-manageresources-display-component---newResourceUnit--btnAddTimeSegment","interaction":{"idSuffix":"inner"}},"wdio_ui5_key":"applicationmanageresources-display-component---newResourceUnit--btnAddTimeSegment"}]}
COMMAND: GET /session/329de238260d7602ed1af1352086bef4/screenshot - {}
RESULT: {"script":"<script> [1562 bytes]","args":[{"selector":{"id":"application-manageresources-display-component---newResourceUnit--btnAddTimeSegment","interaction":{"idSuffix":"inner"}},"wdio_ui5_key":"applicationmanageresources-display-component---newResourceUnit--btnAddTimeSegment"}]}
RESULT: undefined
COMMAND: POST /session/329de238260d7602ed1af1352086bef4/element - {"using":"xpath","value":"//*[@id=\"application-manageresources-display-component---newResourceUnit--btnAddTimeSegment\"]"}
RESULT: {}
RESULT: {"using":"xpath","value":"//*[@id=\"application-manageresources-display-component---newResourceUnit--btnAddTimeSegment\"]"}
COMMAND: POST /session/329de238260d7602ed1af1352086bef4/element/f.ABBA5987F2E82E58D78C902D9EA41D2B.d.EC78B6CBA047BC29A5F261033E11AFA0.e.16083/click - {}
RESULT: {}
COMMAND: GET /session/329de238260d7602ed1af1352086bef4/screenshot - {}
RESULT: {}
COMMAND: POST /session/329de238260d7602ed1af1352086bef4/element - {"using":"xpath","value":"//input[@id=\"application-manageresources-display-component---newResourceUnit--idRuTSAdmin-application-manageresources-display-component---newResourceUnit--RUTimeSegment-0-inner\"]"}
RESULT: {"using":"xpath","value":"//input[@id=\"application-manageresources-display-component---newResourceUnit--idRuTSAdmin-application-manageresources-display-component---newResourceUnit--RUTimeSegment-0-inner\"]"}
COMMAND: POST /session/329de238260d7602ed1af1352086bef4/element/f.ABBA5987F2E82E58D78C902D9EA41D2B.d.EC78B6CBA047BC29A5F261033E11AFA0.e.16089/clear - {}
RESULT: {}
COMMAND: POST /session/329de238260d7602ed1af1352086bef4/element/f.ABBA5987F2E82E58D78C902D9EA41D2B.d.EC78B6CBA047BC29A5F261033E11AFA0.e.16089/value - {"text":"472"}
COMMAND: GET /session/329de238260d7602ed1af1352086bef4/screenshot - {}
RESULT: {"text":"472"}
COMMAND: GET /session/329de238260d7602ed1af1352086bef4/screenshot - {}
RESULT: {}
RESULT: {}
COMMAND: POST /session/329de238260d7602ed1af1352086bef4/element - {"using":"xpath","value":"//li[.//span[text()='472']]"}
RESULT: {"using":"xpath","value":"//li[.//span[text()='472']]"}
COMMAND: POST /session/329de238260d7602ed1af1352086bef4/element/f.ABBA5987F2E82E58D78C902D9EA41D2B.d.EC78B6CBA047BC29A5F261033E11AFA0.e.16101/click - {}
RESULT: {}
COMMAND: GET /session/329de238260d7602ed1af1352086bef4/screenshot - {}
RESULT: {}
COMMAND: POST /session/329de238260d7602ed1af1352086bef4/element - {"using":"xpath","value":"(//span[contains(@id, \"-application-manageresources-display-component---newResourceUnit--RUTimeSegment-0-arrow\")])[6]"}
RESULT: {"using":"xpath","value":"(//span[contains(@id, \"-application-manageresources-display-component---newResourceUnit--RUTimeSegment-0-arrow\")])[6]"}
COMMAND: POST /session/329de238260d7602ed1af1352086bef4/element/f.ABBA5987F2E82E58D78C902D9EA41D2B.d.EC78B6CBA047BC29A5F261033E11AFA0.e.16102/click - {}
RESULT: {}
COMMAND: GET /session/329de238260d7602ed1af1352086bef4/screenshot - {}
RESULT: {}
COMMAND: POST /session/329de238260d7602ed1af1352086bef4/element - {"using":"xpath","value":"//span[contains(text(), \"PM Order\")]"}
RESULT: {"using":"xpath","value":"//span[contains(text(), \"PM Order\")]"}
COMMAND: POST /session/329de238260d7602ed1af1352086bef4/element/f.ABBA5987F2E82E58D78C902D9EA41D2B.d.EC78B6CBA047BC29A5F261033E11AFA0.e.16105/click - {}
RESULT: {}
COMMAND: GET /session/329de238260d7602ed1af1352086bef4/screenshot - {}
RESULT: {}
COMMAND: POST /session/329de238260d7602ed1af1352086bef4/element - {"using":"xpath","value":"(//span[contains(@id ,\"manageresources-display-component---newResourceUnit--RUTimeSegment-0-vhi\")])[1]"}
RESULT: {"using":"xpath","value":"(//span[contains(@id ,\"manageresources-display-component---newResourceUnit--RUTimeSegment-0-vhi\")])[1]"}
COMMAND: GET /session/329de238260d7602ed1af1352086bef4/element/f.ABBA5987F2E82E58D78C902D9EA41D2B.d.EC78B6CBA047BC29A5F261033E11AFA0.e.16109/rect - {}
RESULT: {}
COMMAND: GET /session/329de238260d7602ed1af1352086bef4/window/rect - {}
RESULT: {}
COMMAND: POST /session/329de238260d7602ed1af1352086bef4/execute/sync - {"script":"<script> [92 bytes]","args":[]}
RESULT: {"script":"<script> [92 bytes]","args":[]}
COMMAND: POST /session/329de238260d7602ed1af1352086bef4/actions - {"actions":[{"id":"action54","type":"wheel","parameters":{},"actions":[{"type":"scroll","x":-869,"y":-24,"deltaX":0,"deltaY":0,"duration":0,"origin":{"element-6066-11e4-a52e-4f735466cecf":"f.ABBA5987F2E82E58D78C902D9EA41D2B.d.EC78B6CBA047BC29A5F261033E11AFA0.e.16109"}}]}]}
COMMAND: GET /session/329de238260d7602ed1af1352086bef4/screenshot - {}
RESULT: {"actions":[{"id":"action54","type":"wheel","parameters":{},"actions":[{"type":"scroll","x":-869,"y":-24,"deltaX":0,"deltaY":0,"duration":0,"origin":{"element-6066-11e4-a52e-4f735466cecf":"f.ABBA5987F2E82E58D78C902D9EA41D2B.d.EC78B6CBA047BC29A5F261033E11AFA0.e.16109"}}]}]}
COMMAND: DELETE /session/329de238260d7602ed1af1352086bef4/actions - {}
COMMAND: GET /session/329de238260d7602ed1af1352086bef4/screenshot - {}
RESULT: {}
RESULT: {}
COMMAND: GET /session/329de238260d7602ed1af1352086bef4/screenshot - {}
RESULT: {}
RESULT: {}
COMMAND: POST /session/329de238260d7602ed1af1352086bef4/element/f.ABBA5987F2E82E58D78C902D9EA41D2B.d.EC78B6CBA047BC29A5F261033E11AFA0.e.16109/click - {}
RESULT: {}
COMMAND: GET /session/329de238260d7602ed1af1352086bef4/screenshot - {}
RESULT: {}
COMMAND: POST /session/329de238260d7602ed1af1352086bef4/execute/async - {"script":"<script> [1562 bytes]","args":[{"selector":{"controlType":"sap.m.SearchField","properties":{"placeholder":"Search"},"searchOpenDialogs":true,"interaction":{"idSuffix":"I"}},"wdio_ui5_key":"sapm.SearchField{\"placeholder\":\"Search\"}"}]}
RESULT: {"script":"<script> [1562 bytes]","args":[{"selector":{"controlType":"sap.m.SearchField","properties":{"placeholder":"Search"},"searchOpenDialogs":true,"interaction":{"idSuffix":"I"}},"wdio_ui5_key":"sapm.SearchField{\"placeholder\":\"Search\"}"}]}
RESULT: undefined
COMMAND: POST /session/329de238260d7602ed1af1352086bef4/execute/async - {"script":"<script> [776 bytes]","args":[{"enterText":"4000360","selector":{"controlType":"sap.m.SearchField","properties":{"placeholder":"Search"},"searchOpenDialogs":true,"interaction":{"idSuffix":"I"}},"clearTextFirst":true,"interactionType":"ENTER_TEXT"}]}
RESULT: {"script":"<script> [776 bytes]","args":[{"enterText":"4000360","selector":{"controlType":"sap.m.SearchField","properties":{"placeholder":"Search"},"searchOpenDialogs":true,"interaction":{"idSuffix":"I"}},"clearTextFirst":true,"interactionType":"ENTER_TEXT"}]}
COMMAND: POST /session/329de238260d7602ed1af1352086bef4/actions - {"actions":[{"id":"action55","type":"key","parameters":{},"actions":[{"type":"keyDown","value":""},{"type":"pause","duration":10},{"type":"keyUp","value":""}]}]}
RESULT: {"actions":[{"id":"action55","type":"key","parameters":{},"actions":[{"type":"keyDown","value":""},{"type":"pause","duration":10},{"type":"keyUp","value":""}]}]}
COMMAND: GET /session/329de238260d7602ed1af1352086bef4/screenshot - {}
RESULT: {}
COMMAND: POST /session/329de238260d7602ed1af1352086bef4/element - {"using":"xpath","value":"//td/div/span[contains(text(), \"BGL Vehicles\")]"}
RESULT: {"using":"xpath","value":"//td/div/span[contains(text(), \"BGL Vehicles\")]"}
COMMAND: POST /session/329de238260d7602ed1af1352086bef4/element/f.ABBA5987F2E82E58D78C902D9EA41D2B.d.EC78B6CBA047BC29A5F261033E11AFA0.e.16131/click - {}
RESULT: {}
COMMAND: GET /session/329de238260d7602ed1af1352086bef4/screenshot - {}
RESULT: {}
COMMAND: POST /session/329de238260d7602ed1af1352086bef4/element - {"using":"xpath","value":"//bdi[contains(text(), \"OK\")]"}
RESULT: {"using":"xpath","value":"//bdi[contains(text(), \"OK\")]"}
COMMAND: POST /session/329de238260d7602ed1af1352086bef4/element/f.ABBA5987F2E82E58D78C902D9EA41D2B.d.EC78B6CBA047BC29A5F261033E11AFA0.e.16132/click - {}
RESULT: {}
COMMAND: GET /session/329de238260d7602ed1af1352086bef4/screenshot - {}
RESULT: {}
COMMAND: POST /session/329de238260d7602ed1af1352086bef4/execute/async - {"script":"<script> [1562 bytes]","args":[{"selector":{"id":"application-manageresources-display-component---newResourceUnit--newRRUPage-anchBar-application-manageresources-display-component---newResourceUnit--resource-anchor","interaction":{"idSuffix":"BDI-content"}},"wdio_ui5_key":"applicationmanageresources-display-component---newResourceUnit--newRRUPage-anchBar-application-manageresources-display-component---newResourceUnit--resource-anchor"}]}
RESULT: {"script":"<script> [1562 bytes]","args":[{"selector":{"id":"application-manageresources-display-component---newResourceUnit--newRRUPage-anchBar-application-manageresources-display-component---newResourceUnit--resource-anchor","interaction":{"idSuffix":"BDI-content"}},"wdio_ui5_key":"applicationmanageresources-display-component---newResourceUnit--newRRUPage-anchBar-application-manageresources-display-component---newResourceUnit--resource-anchor"}]}
RESULT: undefined
COMMAND: POST /session/329de238260d7602ed1af1352086bef4/element - {"using":"xpath","value":"//*[@id=\"application-manageresources-display-component---newResourceUnit--newRRUPage-anchBar-application-manageresources-display-component---newResourceUnit--resource-anchor\"]"}
RESULT: {"using":"xpath","value":"//*[@id=\"application-manageresources-display-component---newResourceUnit--newRRUPage-anchBar-application-manageresources-display-component---newResourceUnit--resource-anchor\"]"}
COMMAND: POST /session/329de238260d7602ed1af1352086bef4/element/f.ABBA5987F2E82E58D78C902D9EA41D2B.d.EC78B6CBA047BC29A5F261033E11AFA0.e.16136/click - {}
RESULT: {}
COMMAND: POST /session/329de238260d7602ed1af1352086bef4/execute/async - {"script":"<script> [1562 bytes]","args":[{"selector":{"id":"application-manageresources-display-component---newResourceUnit--PLANNED_DELIVERY_DATE","interaction":{"idSuffix":"inner"}},"wdio_ui5_key":"applicationmanageresources-display-component---newResourceUnit--PLANNED_DELIVERY_DATE"}]}
COMMAND: GET /session/329de238260d7602ed1af1352086bef4/screenshot - {}
RESULT: {"script":"<script> [1562 bytes]","args":[{"selector":{"id":"application-manageresources-display-component---newResourceUnit--PLANNED_DELIVERY_DATE","interaction":{"idSuffix":"inner"}},"wdio_ui5_key":"applicationmanageresources-display-component---newResourceUnit--PLANNED_DELIVERY_DATE"}]}
RESULT: undefined
COMMAND: POST /session/329de238260d7602ed1af1352086bef4/execute/async - {"script":"<script> [6424 bytes]","args":[{"element-6066-11e4-a52e-4f735466cecf":"f.ABBA5987F2E82E58D78C902D9EA41D2B.d.EC78B6CBA047BC29A5F261033E11AFA0.e.15967"},"setValue",["5/29/25"]]}
RESULT: {}
RESULT: {"script":"<script> [6424 bytes]","args":[{"element-6066-11e4-a52e-4f735466cecf":"f.ABBA5987F2E82E58D78C902D9EA41D2B.d.EC78B6CBA047BC29A5F261033E11AFA0.e.15967"},"setValue",["5/29/25"]]}
COMMAND: POST /session/329de238260d7602ed1af1352086bef4/element - {"using":"xpath","value":"//label[contains(@class, 'sapMLabelRequired') and .//bdi[contains(text(), 'Planned Retirement')]]"}
RESULT: {"using":"xpath","value":"//label[contains(@class, 'sapMLabelRequired') and .//bdi[contains(text(), 'Planned Retirement')]]"}
COMMAND: POST /session/329de238260d7602ed1af1352086bef4/elements - {"using":"xpath","value":"//label[contains(@class, 'sapMLabelRequired') and .//bdi[contains(text(), 'Planned Retirement')]]"}
RESULT: {"using":"xpath","value":"//label[contains(@class, 'sapMLabelRequired') and .//bdi[contains(text(), 'Planned Retirement')]]"}
COMMAND: POST /session/329de238260d7602ed1af1352086bef4/element - {"using":"xpath","value":"//button[@data-kt=\"resourceUnitSaveButton\"]"}
RESULT: {"using":"xpath","value":"//button[@data-kt=\"resourceUnitSaveButton\"]"}
COMMAND: POST /session/329de238260d7602ed1af1352086bef4/element/f.ABBA5987F2E82E58D78C902D9EA41D2B.d.EC78B6CBA047BC29A5F261033E11AFA0.e.15927/click - {}
RESULT: {}
COMMAND: GET /session/329de238260d7602ed1af1352086bef4/screenshot - {}
RESULT: {}
COMMAND: POST /session/329de238260d7602ed1af1352086bef4/element - {"using":"xpath","value":"//bdi[contains(text(), \"Close\")]"}
RESULT: {"using":"xpath","value":"//bdi[contains(text(), \"Close\")]"}
COMMAND: POST /session/329de238260d7602ed1af1352086bef4/element/f.ABBA5987F2E82E58D78C902D9EA41D2B.d.EC78B6CBA047BC29A5F261033E11AFA0.e.16146/click - {}
RESULT: {}
COMMAND: GET /session/329de238260d7602ed1af1352086bef4/screenshot - {}
RESULT: {}
COMMAND: POST /session/329de238260d7602ed1af1352086bef4/element - {"using":"xpath","value":"(//button[contains(@id ,\"actionsToolbar-overflowButton\")])[1]"}
RESULT: {"using":"xpath","value":"(//button[contains(@id ,\"actionsToolbar-overflowButton\")])[1]"}
COMMAND: POST /session/329de238260d7602ed1af1352086bef4/element/f.ABBA5987F2E82E58D78C902D9EA41D2B.d.EC78B6CBA047BC29A5F261033E11AFA0.e.16200/click - {}
RESULT: {}
COMMAND: GET /session/329de238260d7602ed1af1352086bef4/screenshot - {}
RESULT: {}
COMMAND: POST /session/329de238260d7602ed1af1352086bef4/element - {"using":"xpath","value":"//button[@data-kt=\"priceInfoButton\"]"}
RESULT: {"using":"xpath","value":"//button[@data-kt=\"priceInfoButton\"]"}
COMMAND: POST /session/329de238260d7602ed1af1352086bef4/element/f.ABBA5987F2E82E58D78C902D9EA41D2B.d.EC78B6CBA047BC29A5F261033E11AFA0.e.16202/click - {}
RESULT: {}
COMMAND: GET /session/329de238260d7602ed1af1352086bef4/screenshot - {}
]]></system-out>
    </testcase>
    <testcase classname="chrome.136_0_7103_93.windows.Performance_based_billing_(work_days)_US139742" name="Should create a pricing rule perf based on the equipment" time="47.989">
      <system-out><![CDATA[
COMMAND: POST /session/329de238260d7602ed1af1352086bef4/element - {"using":"xpath","value":"//button[@data-kt=\"addButton\"]"}
RESULT: {}
RESULT: {"using":"xpath","value":"//button[@data-kt=\"addButton\"]"}
COMMAND: POST /session/329de238260d7602ed1af1352086bef4/elements - {"using":"xpath","value":"//button[@data-kt=\"addButton\"]"}
RESULT: {"using":"xpath","value":"//button[@data-kt=\"addButton\"]"}
COMMAND: POST /session/329de238260d7602ed1af1352086bef4/execute/sync - {"script":"<script> [8489 bytes]","args":[{"element-6066-11e4-a52e-4f735466cecf":"f.ABBA5987F2E82E58D78C902D9EA41D2B.d.EC78B6CBA047BC29A5F261033E11AFA0.e.16239","ELEMENT":"f.ABBA5987F2E82E58D78C902D9EA41D2B.d.EC78B6CBA047BC29A5F261033E11AFA0.e.16239"}]}
RESULT: {"script":"<script> [8489 bytes]","args":[{"element-6066-11e4-a52e-4f735466cecf":"f.ABBA5987F2E82E58D78C902D9EA41D2B.d.EC78B6CBA047BC29A5F261033E11AFA0.e.16239","ELEMENT":"f.ABBA5987F2E82E58D78C902D9EA41D2B.d.EC78B6CBA047BC29A5F261033E11AFA0.e.16239"}]}
COMMAND: GET /session/329de238260d7602ed1af1352086bef4/element/f.ABBA5987F2E82E58D78C902D9EA41D2B.d.EC78B6CBA047BC29A5F261033E11AFA0.e.16239/enabled - {}
COMMAND: GET /session/329de238260d7602ed1af1352086bef4/screenshot - {}
RESULT: {}
COMMAND: POST /session/329de238260d7602ed1af1352086bef4/execute/sync - {"script":"<script> [8489 bytes]","args":[{"element-6066-11e4-a52e-4f735466cecf":"f.ABBA5987F2E82E58D78C902D9EA41D2B.d.EC78B6CBA047BC29A5F261033E11AFA0.e.16239","ELEMENT":"f.ABBA5987F2E82E58D78C902D9EA41D2B.d.EC78B6CBA047BC29A5F261033E11AFA0.e.16239"}]}
COMMAND: GET /session/329de238260d7602ed1af1352086bef4/screenshot - {}
RESULT: {}
RESULT: {"script":"<script> [8489 bytes]","args":[{"element-6066-11e4-a52e-4f735466cecf":"f.ABBA5987F2E82E58D78C902D9EA41D2B.d.EC78B6CBA047BC29A5F261033E11AFA0.e.16239","ELEMENT":"f.ABBA5987F2E82E58D78C902D9EA41D2B.d.EC78B6CBA047BC29A5F261033E11AFA0.e.16239"}]}
COMMAND: POST /session/329de238260d7602ed1af1352086bef4/execute/sync - {"script":"<script> [5351 bytes]","args":[{"element-6066-11e4-a52e-4f735466cecf":"f.ABBA5987F2E82E58D78C902D9EA41D2B.d.EC78B6CBA047BC29A5F261033E11AFA0.e.16239","ELEMENT":"f.ABBA5987F2E82E58D78C902D9EA41D2B.d.EC78B6CBA047BC29A5F261033E11AFA0.e.16239"}]}
COMMAND: GET /session/329de238260d7602ed1af1352086bef4/screenshot - {}
RESULT: {}
RESULT: {"script":"<script> [5351 bytes]","args":[{"element-6066-11e4-a52e-4f735466cecf":"f.ABBA5987F2E82E58D78C902D9EA41D2B.d.EC78B6CBA047BC29A5F261033E11AFA0.e.16239","ELEMENT":"f.ABBA5987F2E82E58D78C902D9EA41D2B.d.EC78B6CBA047BC29A5F261033E11AFA0.e.16239"}]}
COMMAND: POST /session/329de238260d7602ed1af1352086bef4/element/f.ABBA5987F2E82E58D78C902D9EA41D2B.d.EC78B6CBA047BC29A5F261033E11AFA0.e.16239/click - {}
COMMAND: GET /session/329de238260d7602ed1af1352086bef4/screenshot - {}
RESULT: {}
RESULT: {}
COMMAND: GET /session/329de238260d7602ed1af1352086bef4/screenshot - {}
RESULT: {}
RESULT: {}
COMMAND: POST /session/329de238260d7602ed1af1352086bef4/execute/async - {"script":"<script> [1562 bytes]","args":[{"selector":{"controlType":"sap.m.Title","viewName":"etm.portal.ui.managepricingrules.view.NewItem","viewId":"application-managepricingrules-display-component---newInfoPriceItem","properties":{"text":"New Pricing Rules - Item Level"}},"wdio_ui5_key":"etmportal.ui.managepricingrules.view.NewItemsap.m.Title{\"text\":\"New Pricing Rules - Item Level\"}"}]}
RESULT: {"script":"<script> [1562 bytes]","args":[{"selector":{"controlType":"sap.m.Title","viewName":"etm.portal.ui.managepricingrules.view.NewItem","viewId":"application-managepricingrules-display-component---newInfoPriceItem","properties":{"text":"New Pricing Rules - Item Level"}},"wdio_ui5_key":"etmportal.ui.managepricingrules.view.NewItemsap.m.Title{\"text\":\"New Pricing Rules - Item Level\"}"}]}
RESULT: undefined
COMMAND: POST /session/329de238260d7602ed1af1352086bef4/execute/async - {"script":"<script> [6424 bytes]","args":[{"element-6066-11e4-a52e-4f735466cecf":"f.ABBA5987F2E82E58D78C902D9EA41D2B.d.EC78B6CBA047BC29A5F261033E11AFA0.e.16398"},"getText",[]]}
RESULT: {"script":"<script> [6424 bytes]","args":[{"element-6066-11e4-a52e-4f735466cecf":"f.ABBA5987F2E82E58D78C902D9EA41D2B.d.EC78B6CBA047BC29A5F261033E11AFA0.e.16398"},"getText",[]]}
COMMAND: POST /session/329de238260d7602ed1af1352086bef4/execute/async - {"script":"<script> [1562 bytes]","args":[{"selector":{"id":"application-managepricingrules-display-component---newInfoPriceItem--condValidTo","interaction":{"idSuffix":"inner"}},"wdio_ui5_key":"applicationmanagepricingrules-display-component---newInfoPriceItem--condValidTo"}]}
RESULT: {"script":"<script> [1562 bytes]","args":[{"selector":{"id":"application-managepricingrules-display-component---newInfoPriceItem--condValidTo","interaction":{"idSuffix":"inner"}},"wdio_ui5_key":"applicationmanagepricingrules-display-component---newInfoPriceItem--condValidTo"}]}
RESULT: undefined
COMMAND: POST /session/329de238260d7602ed1af1352086bef4/execute/async - {"script":"<script> [776 bytes]","args":[{"enterText":"1/29/26","selector":{"id":"application-managepricingrules-display-component---newInfoPriceItem--condValidTo","interaction":{"idSuffix":"inner"}},"clearTextFirst":true,"interactionType":"ENTER_TEXT"}]}
RESULT: {"script":"<script> [776 bytes]","args":[{"enterText":"1/29/26","selector":{"id":"application-managepricingrules-display-component---newInfoPriceItem--condValidTo","interaction":{"idSuffix":"inner"}},"clearTextFirst":true,"interactionType":"ENTER_TEXT"}]}
COMMAND: POST /session/329de238260d7602ed1af1352086bef4/execute/async - {"script":"<script> [1562 bytes]","args":[{"selector":{"id":"application-managepricingrules-display-component---newInfoPriceItem--billType-arrow"},"wdio_ui5_key":"applicationmanagepricingrules-display-component---newInfoPriceItem--billType-arrow"}]}
RESULT: {"script":"<script> [1562 bytes]","args":[{"selector":{"id":"application-managepricingrules-display-component---newInfoPriceItem--billType-arrow"},"wdio_ui5_key":"applicationmanagepricingrules-display-component---newInfoPriceItem--billType-arrow"}]}
RESULT: undefined
COMMAND: POST /session/329de238260d7602ed1af1352086bef4/element - {"using":"xpath","value":"//*[@id=\"application-managepricingrules-display-component---newInfoPriceItem--billType-arrow\"]"}
RESULT: {"using":"xpath","value":"//*[@id=\"application-managepricingrules-display-component---newInfoPriceItem--billType-arrow\"]"}
COMMAND: POST /session/329de238260d7602ed1af1352086bef4/element/f.ABBA5987F2E82E58D78C902D9EA41D2B.d.EC78B6CBA047BC29A5F261033E11AFA0.e.16400/click - {}
RESULT: {}
COMMAND: POST /session/329de238260d7602ed1af1352086bef4/element - {"using":"xpath","value":"//span[contains(text(), \"PB - Performance based\")]"}
COMMAND: GET /session/329de238260d7602ed1af1352086bef4/screenshot - {}
RESULT: {"using":"xpath","value":"//span[contains(text(), \"PB - Performance based\")]"}
COMMAND: POST /session/329de238260d7602ed1af1352086bef4/element/f.ABBA5987F2E82E58D78C902D9EA41D2B.d.EC78B6CBA047BC29A5F261033E11AFA0.e.16401/click - {}
RESULT: {}
RESULT: {}
COMMAND: POST /session/329de238260d7602ed1af1352086bef4/execute/async - {"script":"<script> [1562 bytes]","args":[{"selector":{"id":"application-managepricingrules-display-component---newInfoPriceItem--priceProc-arrow"},"wdio_ui5_key":"applicationmanagepricingrules-display-component---newInfoPriceItem--priceProc-arrow"}]}
COMMAND: GET /session/329de238260d7602ed1af1352086bef4/screenshot - {}
RESULT: {"script":"<script> [1562 bytes]","args":[{"selector":{"id":"application-managepricingrules-display-component---newInfoPriceItem--priceProc-arrow"},"wdio_ui5_key":"applicationmanagepricingrules-display-component---newInfoPriceItem--priceProc-arrow"}]}
RESULT: undefined
COMMAND: POST /session/329de238260d7602ed1af1352086bef4/element - {"using":"xpath","value":"//*[@id=\"application-managepricingrules-display-component---newInfoPriceItem--priceProc-arrow\"]"}
RESULT: {}
RESULT: {"using":"xpath","value":"//*[@id=\"application-managepricingrules-display-component---newInfoPriceItem--priceProc-arrow\"]"}
COMMAND: POST /session/329de238260d7602ed1af1352086bef4/element/f.ABBA5987F2E82E58D78C902D9EA41D2B.d.EC78B6CBA047BC29A5F261033E11AFA0.e.16366/click - {}
RESULT: {}
COMMAND: POST /session/329de238260d7602ed1af1352086bef4/element - {"using":"xpath","value":"//span[contains(text(), \"PRF - Performance based\")]"}
COMMAND: GET /session/329de238260d7602ed1af1352086bef4/screenshot - {}
RESULT: {"using":"xpath","value":"//span[contains(text(), \"PRF - Performance based\")]"}
COMMAND: POST /session/329de238260d7602ed1af1352086bef4/element/f.ABBA5987F2E82E58D78C902D9EA41D2B.d.EC78B6CBA047BC29A5F261033E11AFA0.e.16402/click - {}
RESULT: {}
RESULT: {}
COMMAND: POST /session/329de238260d7602ed1af1352086bef4/execute/async - {"script":"<script> [1562 bytes]","args":[{"selector":{"id":"application-managepricingrules-display-component---newInfoPriceItem--calcBase-arrow"},"wdio_ui5_key":"applicationmanagepricingrules-display-component---newInfoPriceItem--calcBase-arrow"}]}
COMMAND: GET /session/329de238260d7602ed1af1352086bef4/screenshot - {}
RESULT: {"script":"<script> [1562 bytes]","args":[{"selector":{"id":"application-managepricingrules-display-component---newInfoPriceItem--calcBase-arrow"},"wdio_ui5_key":"applicationmanagepricingrules-display-component---newInfoPriceItem--calcBase-arrow"}]}
RESULT: undefined
COMMAND: POST /session/329de238260d7602ed1af1352086bef4/element - {"using":"xpath","value":"//*[@id=\"application-managepricingrules-display-component---newInfoPriceItem--calcBase-arrow\"]"}
RESULT: {}
RESULT: {"using":"xpath","value":"//*[@id=\"application-managepricingrules-display-component---newInfoPriceItem--calcBase-arrow\"]"}
COMMAND: POST /session/329de238260d7602ed1af1352086bef4/element/f.ABBA5987F2E82E58D78C902D9EA41D2B.d.EC78B6CBA047BC29A5F261033E11AFA0.e.16373/click - {}
RESULT: {}
COMMAND: GET /session/329de238260d7602ed1af1352086bef4/screenshot - {}
RESULT: {}
COMMAND: POST /session/329de238260d7602ed1af1352086bef4/element - {"using":"xpath","value":"//span[contains(text(), \"0007 - PB(work days)\")]"}
RESULT: {"using":"xpath","value":"//span[contains(text(), \"0007 - PB(work days)\")]"}
COMMAND: POST /session/329de238260d7602ed1af1352086bef4/element/f.ABBA5987F2E82E58D78C902D9EA41D2B.d.EC78B6CBA047BC29A5F261033E11AFA0.e.16403/click - {}
RESULT: {}
COMMAND: GET /session/329de238260d7602ed1af1352086bef4/screenshot - {}
RESULT: {}
COMMAND: POST /session/329de238260d7602ed1af1352086bef4/execute/async - {"script":"<script> [1562 bytes]","args":[{"selector":{"id":"application-managepricingrules-display-component---newInfoPriceItem--hoursMonth","interaction":{"idSuffix":"inner"}},"wdio_ui5_key":"applicationmanagepricingrules-display-component---newInfoPriceItem--hoursMonth"}]}
RESULT: {"script":"<script> [1562 bytes]","args":[{"selector":{"id":"application-managepricingrules-display-component---newInfoPriceItem--hoursMonth","interaction":{"idSuffix":"inner"}},"wdio_ui5_key":"applicationmanagepricingrules-display-component---newInfoPriceItem--hoursMonth"}]}
RESULT: undefined
COMMAND: POST /session/329de238260d7602ed1af1352086bef4/execute/async - {"script":"<script> [776 bytes]","args":[{"enterText":"160","selector":{"id":"application-managepricingrules-display-component---newInfoPriceItem--hoursMonth","interaction":{"idSuffix":"inner"}},"clearTextFirst":true,"interactionType":"ENTER_TEXT"}]}
RESULT: {"script":"<script> [776 bytes]","args":[{"enterText":"160","selector":{"id":"application-managepricingrules-display-component---newInfoPriceItem--hoursMonth","interaction":{"idSuffix":"inner"}},"clearTextFirst":true,"interactionType":"ENTER_TEXT"}]}
COMMAND: POST /session/329de238260d7602ed1af1352086bef4/element - {"using":"xpath","value":"//button[@data-kt=\"saveNewRuleButton\"]"}
RESULT: {"using":"xpath","value":"//button[@data-kt=\"saveNewRuleButton\"]"}
COMMAND: POST /session/329de238260d7602ed1af1352086bef4/element/f.ABBA5987F2E82E58D78C902D9EA41D2B.d.EC78B6CBA047BC29A5F261033E11AFA0.e.16389/click - {}
RESULT: {}
COMMAND: GET /session/329de238260d7602ed1af1352086bef4/screenshot - {}
RESULT: {}
COMMAND: POST /session/329de238260d7602ed1af1352086bef4/execute/async - {"script":"<script> [1562 bytes]","args":[{"selector":{"id":"application-managepricingrules-display-component---priceInfoItem--smartFilterBar-btnBasicSearch","interaction":{"idSuffix":"I"}},"wdio_ui5_key":"applicationmanagepricingrules-display-component---priceInfoItem--smartFilterBar-btnBasicSearch"}]}
RESULT: {"script":"<script> [1562 bytes]","args":[{"selector":{"id":"application-managepricingrules-display-component---priceInfoItem--smartFilterBar-btnBasicSearch","interaction":{"idSuffix":"I"}},"wdio_ui5_key":"applicationmanagepricingrules-display-component---priceInfoItem--smartFilterBar-btnBasicSearch"}]}
RESULT: undefined
COMMAND: POST /session/329de238260d7602ed1af1352086bef4/execute/async - {"script":"<script> [776 bytes]","args":[{"enterText":"9GJloXryAe","selector":{"id":"application-managepricingrules-display-component---priceInfoItem--smartFilterBar-btnBasicSearch","interaction":{"idSuffix":"I"}},"clearTextFirst":true,"interactionType":"ENTER_TEXT"}]}
RESULT: {"script":"<script> [776 bytes]","args":[{"enterText":"9GJloXryAe","selector":{"id":"application-managepricingrules-display-component---priceInfoItem--smartFilterBar-btnBasicSearch","interaction":{"idSuffix":"I"}},"clearTextFirst":true,"interactionType":"ENTER_TEXT"}]}
COMMAND: POST /session/329de238260d7602ed1af1352086bef4/actions - {"actions":[{"id":"action56","type":"key","parameters":{},"actions":[{"type":"keyDown","value":""},{"type":"pause","duration":10},{"type":"keyUp","value":""}]}]}
RESULT: {"actions":[{"id":"action56","type":"key","parameters":{},"actions":[{"type":"keyDown","value":""},{"type":"pause","duration":10},{"type":"keyUp","value":""}]}]}
COMMAND: GET /session/329de238260d7602ed1af1352086bef4/screenshot - {}
RESULT: {}
COMMAND: POST /session/329de238260d7602ed1af1352086bef4/element - {"using":"xpath","value":"//span[@id=\"application-managepricingrules-display-component---priceInfoItem--smartTable-header-inner\"]"}
RESULT: {"using":"xpath","value":"//span[@id=\"application-managepricingrules-display-component---priceInfoItem--smartTable-header-inner\"]"}
COMMAND: POST /session/329de238260d7602ed1af1352086bef4/elements - {"using":"xpath","value":"//span[@id=\"application-managepricingrules-display-component---priceInfoItem--smartTable-header-inner\"]"}
RESULT: {"using":"xpath","value":"//span[@id=\"application-managepricingrules-display-component---priceInfoItem--smartTable-header-inner\"]"}
COMMAND: POST /session/329de238260d7602ed1af1352086bef4/execute/sync - {"script":"<script> [56 bytes]","args":[{"element-6066-11e4-a52e-4f735466cecf":"f.ABBA5987F2E82E58D78C902D9EA41D2B.d.EC78B6CBA047BC29A5F261033E11AFA0.e.16416","ELEMENT":"f.ABBA5987F2E82E58D78C902D9EA41D2B.d.EC78B6CBA047BC29A5F261033E11AFA0.e.16416"}]}
RESULT: {"script":"<script> [56 bytes]","args":[{"element-6066-11e4-a52e-4f735466cecf":"f.ABBA5987F2E82E58D78C902D9EA41D2B.d.EC78B6CBA047BC29A5F261033E11AFA0.e.16416","ELEMENT":"f.ABBA5987F2E82E58D78C902D9EA41D2B.d.EC78B6CBA047BC29A5F261033E11AFA0.e.16416"}]}
COMMAND: POST /session/329de238260d7602ed1af1352086bef4/element - {"using":"css selector","value":"#shell-header-logo"}
COMMAND: GET /session/329de238260d7602ed1af1352086bef4/screenshot - {}
RESULT: {"using":"css selector","value":"#shell-header-logo"}
COMMAND: POST /session/329de238260d7602ed1af1352086bef4/element/f.ABBA5987F2E82E58D78C902D9EA41D2B.d.EC78B6CBA047BC29A5F261033E11AFA0.e.15504/click - {}
RESULT: {}
RESULT: {}
COMMAND: GET /session/329de238260d7602ed1af1352086bef4/screenshot - {}
RESULT: {}
]]></system-out>
    </testcase>
    <testcase classname="chrome.136_0_7103_93.windows.Performance_based_billing_(work_days)_US139742" name="Should create a performance based billing condition on the equipment" time="67.757">
      <system-out><![CDATA[
COMMAND: POST /session/329de238260d7602ed1af1352086bef4/execute/async - {"script":"<script> [1562 bytes]","args":[{"selector":{"controlType":"sap.m.GenericTile","properties":{"header":"Manage Conditions & Prices"}},"wdio_ui5_key":"sapm.GenericTile{\"header\":\"Manage Conditions & Prices\"}"}]}
RESULT: {"script":"<script> [1562 bytes]","args":[{"selector":{"controlType":"sap.m.GenericTile","properties":{"header":"Manage Conditions & Prices"}},"wdio_ui5_key":"sapm.GenericTile{\"header\":\"Manage Conditions & Prices\"}"}]}
RESULT: undefined
COMMAND: POST /session/329de238260d7602ed1af1352086bef4/element - {"using":"xpath","value":"//*[@id=\"__tile53\"]"}
RESULT: {"using":"xpath","value":"//*[@id=\"__tile53\"]"}
COMMAND: POST /session/329de238260d7602ed1af1352086bef4/element/f.ABBA5987F2E82E58D78C902D9EA41D2B.d.EC78B6CBA047BC29A5F261033E11AFA0.e.15450/click - {}
RESULT: {}
COMMAND: GET /session/329de238260d7602ed1af1352086bef4/screenshot - {}
COMMAND: POST /session/329de238260d7602ed1af1352086bef4/elements - {"using":"xpath","value":"//span[text()='Error']"}
RESULT: {}
RESULT: {"using":"xpath","value":"//span[text()='Error']"}
COMMAND: POST /session/329de238260d7602ed1af1352086bef4/element - {"using":"xpath","value":"//button[@aria-label=\"Create\"]"}
RESULT: {"using":"xpath","value":"//button[@aria-label=\"Create\"]"}
COMMAND: POST /session/329de238260d7602ed1af1352086bef4/elements - {"using":"xpath","value":"//button[@aria-label=\"Create\"]"}
RESULT: {"using":"xpath","value":"//button[@aria-label=\"Create\"]"}
COMMAND: POST /session/329de238260d7602ed1af1352086bef4/execute/sync - {"script":"<script> [8489 bytes]","args":[{"element-6066-11e4-a52e-4f735466cecf":"f.ABBA5987F2E82E58D78C902D9EA41D2B.d.EC78B6CBA047BC29A5F261033E11AFA0.e.16452","ELEMENT":"f.ABBA5987F2E82E58D78C902D9EA41D2B.d.EC78B6CBA047BC29A5F261033E11AFA0.e.16452"}]}
RESULT: {"script":"<script> [8489 bytes]","args":[{"element-6066-11e4-a52e-4f735466cecf":"f.ABBA5987F2E82E58D78C902D9EA41D2B.d.EC78B6CBA047BC29A5F261033E11AFA0.e.16452","ELEMENT":"f.ABBA5987F2E82E58D78C902D9EA41D2B.d.EC78B6CBA047BC29A5F261033E11AFA0.e.16452"}]}
COMMAND: GET /session/329de238260d7602ed1af1352086bef4/element/f.ABBA5987F2E82E58D78C902D9EA41D2B.d.EC78B6CBA047BC29A5F261033E11AFA0.e.16452/enabled - {}
COMMAND: GET /session/329de238260d7602ed1af1352086bef4/screenshot - {}
RESULT: {}
COMMAND: POST /session/329de238260d7602ed1af1352086bef4/execute/sync - {"script":"<script> [8489 bytes]","args":[{"element-6066-11e4-a52e-4f735466cecf":"f.ABBA5987F2E82E58D78C902D9EA41D2B.d.EC78B6CBA047BC29A5F261033E11AFA0.e.16452","ELEMENT":"f.ABBA5987F2E82E58D78C902D9EA41D2B.d.EC78B6CBA047BC29A5F261033E11AFA0.e.16452"}]}
COMMAND: GET /session/329de238260d7602ed1af1352086bef4/screenshot - {}
RESULT: {}
RESULT: {"script":"<script> [8489 bytes]","args":[{"element-6066-11e4-a52e-4f735466cecf":"f.ABBA5987F2E82E58D78C902D9EA41D2B.d.EC78B6CBA047BC29A5F261033E11AFA0.e.16452","ELEMENT":"f.ABBA5987F2E82E58D78C902D9EA41D2B.d.EC78B6CBA047BC29A5F261033E11AFA0.e.16452"}]}
COMMAND: POST /session/329de238260d7602ed1af1352086bef4/execute/sync - {"script":"<script> [5351 bytes]","args":[{"element-6066-11e4-a52e-4f735466cecf":"f.ABBA5987F2E82E58D78C902D9EA41D2B.d.EC78B6CBA047BC29A5F261033E11AFA0.e.16452","ELEMENT":"f.ABBA5987F2E82E58D78C902D9EA41D2B.d.EC78B6CBA047BC29A5F261033E11AFA0.e.16452"}]}
COMMAND: GET /session/329de238260d7602ed1af1352086bef4/screenshot - {}
RESULT: {}
RESULT: {"script":"<script> [5351 bytes]","args":[{"element-6066-11e4-a52e-4f735466cecf":"f.ABBA5987F2E82E58D78C902D9EA41D2B.d.EC78B6CBA047BC29A5F261033E11AFA0.e.16452","ELEMENT":"f.ABBA5987F2E82E58D78C902D9EA41D2B.d.EC78B6CBA047BC29A5F261033E11AFA0.e.16452"}]}
COMMAND: POST /session/329de238260d7602ed1af1352086bef4/element/f.ABBA5987F2E82E58D78C902D9EA41D2B.d.EC78B6CBA047BC29A5F261033E11AFA0.e.16452/click - {}
COMMAND: GET /session/329de238260d7602ed1af1352086bef4/screenshot - {}
RESULT: {}
RESULT: {}
COMMAND: GET /session/329de238260d7602ed1af1352086bef4/screenshot - {}
RESULT: {}
RESULT: {}
COMMAND: POST /session/329de238260d7602ed1af1352086bef4/actions - {"actions":[{"id":"action57","type":"key","parameters":{},"actions":[{"type":"keyDown","value":""},{"type":"pause","duration":10},{"type":"keyUp","value":""}]}]}
RESULT: {"actions":[{"id":"action57","type":"key","parameters":{},"actions":[{"type":"keyDown","value":""},{"type":"pause","duration":10},{"type":"keyUp","value":""}]}]}
COMMAND: GET /session/329de238260d7602ed1af1352086bef4/screenshot - {}
RESULT: {}
COMMAND: POST /session/329de238260d7602ed1af1352086bef4/execute/async - {"script":"<script> [1562 bytes]","args":[{"selector":{"id":"application-manageconditionprice-display-component---newCondition--condBillCond-arrow"},"wdio_ui5_key":"applicationmanageconditionprice-display-component---newCondition--condBillCond-arrow"}]}
RESULT: {"script":"<script> [1562 bytes]","args":[{"selector":{"id":"application-manageconditionprice-display-component---newCondition--condBillCond-arrow"},"wdio_ui5_key":"applicationmanageconditionprice-display-component---newCondition--condBillCond-arrow"}]}
RESULT: undefined
COMMAND: POST /session/329de238260d7602ed1af1352086bef4/element - {"using":"xpath","value":"//*[@id=\"application-manageconditionprice-display-component---newCondition--condBillCond-arrow\"]"}
RESULT: {"using":"xpath","value":"//*[@id=\"application-manageconditionprice-display-component---newCondition--condBillCond-arrow\"]"}
COMMAND: POST /session/329de238260d7602ed1af1352086bef4/element/f.ABBA5987F2E82E58D78C902D9EA41D2B.d.EC78B6CBA047BC29A5F261033E11AFA0.e.16632/click - {}
RESULT: {}
COMMAND: GET /session/329de238260d7602ed1af1352086bef4/screenshot - {}
RESULT: {}
COMMAND: POST /session/329de238260d7602ed1af1352086bef4/element - {"using":"xpath","value":"//li[.//span[contains(text(), \"PC06 - Performance Price - fuel\")]]"}
RESULT: {"using":"xpath","value":"//li[.//span[contains(text(), \"PC06 - Performance Price - fuel\")]]"}
COMMAND: POST /session/329de238260d7602ed1af1352086bef4/element/f.ABBA5987F2E82E58D78C902D9EA41D2B.d.EC78B6CBA047BC29A5F261033E11AFA0.e.16635/click - {}
RESULT: {}
COMMAND: GET /session/329de238260d7602ed1af1352086bef4/screenshot - {}
RESULT: {}
COMMAND: POST /session/329de238260d7602ed1af1352086bef4/execute/async - {"script":"<script> [1562 bytes]","args":[{"selector":{"id":"application-manageconditionprice-display-component---newCondition--condValidTo","interaction":{"idSuffix":"inner"}},"wdio_ui5_key":"applicationmanageconditionprice-display-component---newCondition--condValidTo"}]}
RESULT: {"script":"<script> [1562 bytes]","args":[{"selector":{"id":"application-manageconditionprice-display-component---newCondition--condValidTo","interaction":{"idSuffix":"inner"}},"wdio_ui5_key":"applicationmanageconditionprice-display-component---newCondition--condValidTo"}]}
RESULT: undefined
COMMAND: POST /session/329de238260d7602ed1af1352086bef4/execute/async - {"script":"<script> [776 bytes]","args":[{"enterText":"1/29/26","selector":{"id":"application-manageconditionprice-display-component---newCondition--condValidTo","interaction":{"idSuffix":"inner"}},"clearTextFirst":true,"interactionType":"ENTER_TEXT"}]}
RESULT: {"script":"<script> [776 bytes]","args":[{"enterText":"1/29/26","selector":{"id":"application-manageconditionprice-display-component---newCondition--condValidTo","interaction":{"idSuffix":"inner"}},"clearTextFirst":true,"interactionType":"ENTER_TEXT"}]}
COMMAND: POST /session/329de238260d7602ed1af1352086bef4/element - {"using":"xpath","value":"//input[@id=\"application-manageconditionprice-display-component---newCondition--condRU-inner\"]"}
RESULT: {"using":"xpath","value":"//input[@id=\"application-manageconditionprice-display-component---newCondition--condRU-inner\"]"}
COMMAND: POST /session/329de238260d7602ed1af1352086bef4/element/f.ABBA5987F2E82E58D78C902D9EA41D2B.d.EC78B6CBA047BC29A5F261033E11AFA0.e.16498/clear - {}
RESULT: {}
COMMAND: POST /session/329de238260d7602ed1af1352086bef4/element/f.ABBA5987F2E82E58D78C902D9EA41D2B.d.EC78B6CBA047BC29A5F261033E11AFA0.e.16498/value - {"text":"9GJloXryAe"}
COMMAND: GET /session/329de238260d7602ed1af1352086bef4/screenshot - {}
RESULT: {"text":"9GJloXryAe"}
COMMAND: GET /session/329de238260d7602ed1af1352086bef4/screenshot - {}
RESULT: {}
RESULT: {}
COMMAND: POST /session/329de238260d7602ed1af1352086bef4/actions - {"actions":[{"id":"action58","type":"key","parameters":{},"actions":[{"type":"keyDown","value":""},{"type":"pause","duration":10},{"type":"keyUp","value":""}]}]}
RESULT: {"actions":[{"id":"action58","type":"key","parameters":{},"actions":[{"type":"keyDown","value":""},{"type":"pause","duration":10},{"type":"keyUp","value":""}]}]}
COMMAND: POST /session/329de238260d7602ed1af1352086bef4/execute/async - {"script":"<script> [1562 bytes]","args":[{"selector":{"id":"application-manageconditionprice-display-component---newCondition--condBaseQty","interaction":{"idSuffix":"inner"}},"wdio_ui5_key":"applicationmanageconditionprice-display-component---newCondition--condBaseQty"}]}
COMMAND: GET /session/329de238260d7602ed1af1352086bef4/screenshot - {}
RESULT: {"script":"<script> [1562 bytes]","args":[{"selector":{"id":"application-manageconditionprice-display-component---newCondition--condBaseQty","interaction":{"idSuffix":"inner"}},"wdio_ui5_key":"applicationmanageconditionprice-display-component---newCondition--condBaseQty"}]}
RESULT: undefined
COMMAND: POST /session/329de238260d7602ed1af1352086bef4/execute/async - {"script":"<script> [776 bytes]","args":[{"enterText":"1","selector":{"id":"application-manageconditionprice-display-component---newCondition--condBaseQty","interaction":{"idSuffix":"inner"}},"clearTextFirst":true,"interactionType":"ENTER_TEXT"}]}
RESULT: {}
RESULT: {"script":"<script> [776 bytes]","args":[{"enterText":"1","selector":{"id":"application-manageconditionprice-display-component---newCondition--condBaseQty","interaction":{"idSuffix":"inner"}},"clearTextFirst":true,"interactionType":"ENTER_TEXT"}]}
COMMAND: POST /session/329de238260d7602ed1af1352086bef4/execute/async - {"script":"<script> [1562 bytes]","args":[{"selector":{"id":"application-manageconditionprice-display-component---newCondition--condValue","interaction":{"idSuffix":"inner"}},"wdio_ui5_key":"applicationmanageconditionprice-display-component---newCondition--condValue"}]}
RESULT: {"script":"<script> [1562 bytes]","args":[{"selector":{"id":"application-manageconditionprice-display-component---newCondition--condValue","interaction":{"idSuffix":"inner"}},"wdio_ui5_key":"applicationmanageconditionprice-display-component---newCondition--condValue"}]}
RESULT: undefined
COMMAND: POST /session/329de238260d7602ed1af1352086bef4/execute/async - {"script":"<script> [776 bytes]","args":[{"enterText":"10","selector":{"id":"application-manageconditionprice-display-component---newCondition--condValue","interaction":{"idSuffix":"inner"}},"clearTextFirst":true,"interactionType":"ENTER_TEXT"}]}
RESULT: {"script":"<script> [776 bytes]","args":[{"enterText":"10","selector":{"id":"application-manageconditionprice-display-component---newCondition--condValue","interaction":{"idSuffix":"inner"}},"clearTextFirst":true,"interactionType":"ENTER_TEXT"}]}
COMMAND: POST /session/329de238260d7602ed1af1352086bef4/execute/async - {"script":"<script> [1562 bytes]","args":[{"selector":{"id":"application-manageconditionprice-display-component---newCondition--condCurr-arrow"},"wdio_ui5_key":"applicationmanageconditionprice-display-component---newCondition--condCurr-arrow"}]}
RESULT: {"script":"<script> [1562 bytes]","args":[{"selector":{"id":"application-manageconditionprice-display-component---newCondition--condCurr-arrow"},"wdio_ui5_key":"applicationmanageconditionprice-display-component---newCondition--condCurr-arrow"}]}
RESULT: undefined
COMMAND: POST /session/329de238260d7602ed1af1352086bef4/element - {"using":"xpath","value":"//*[@id=\"application-manageconditionprice-display-component---newCondition--condCurr-arrow\"]"}
RESULT: {"using":"xpath","value":"//*[@id=\"application-manageconditionprice-display-component---newCondition--condCurr-arrow\"]"}
COMMAND: POST /session/329de238260d7602ed1af1352086bef4/element/f.ABBA5987F2E82E58D78C902D9EA41D2B.d.EC78B6CBA047BC29A5F261033E11AFA0.e.16600/click - {}
RESULT: {}
COMMAND: POST /session/329de238260d7602ed1af1352086bef4/element - {"using":"xpath","value":"//span[contains(text(), \"Euro\")]"}
COMMAND: GET /session/329de238260d7602ed1af1352086bef4/screenshot - {}
RESULT: {"using":"xpath","value":"//span[contains(text(), \"Euro\")]"}
COMMAND: POST /session/329de238260d7602ed1af1352086bef4/element/f.ABBA5987F2E82E58D78C902D9EA41D2B.d.EC78B6CBA047BC29A5F261033E11AFA0.e.16670/click - {}
RESULT: {}
RESULT: {}
COMMAND: POST /session/329de238260d7602ed1af1352086bef4/element - {"using":"xpath","value":"//button[@data-kt=\"saveButton\"]"}
COMMAND: GET /session/329de238260d7602ed1af1352086bef4/screenshot - {}
RESULT: {"using":"xpath","value":"//button[@data-kt=\"saveButton\"]"}
COMMAND: POST /session/329de238260d7602ed1af1352086bef4/element/f.ABBA5987F2E82E58D78C902D9EA41D2B.d.EC78B6CBA047BC29A5F261033E11AFA0.e.16601/click - {}
RESULT: {}
RESULT: {}
COMMAND: GET /session/329de238260d7602ed1af1352086bef4/screenshot - {}
RESULT: {}
COMMAND: POST /session/329de238260d7602ed1af1352086bef4/execute/async - {"script":"<script> [1562 bytes]","args":[{"selector":{"id":"application-manageconditionprice-display-component---conditions--smartFilterBar-btnBasicSearch","interaction":{"idSuffix":"I"}},"wdio_ui5_key":"applicationmanageconditionprice-display-component---conditions--smartFilterBar-btnBasicSearch"}]}
RESULT: {"script":"<script> [1562 bytes]","args":[{"selector":{"id":"application-manageconditionprice-display-component---conditions--smartFilterBar-btnBasicSearch","interaction":{"idSuffix":"I"}},"wdio_ui5_key":"applicationmanageconditionprice-display-component---conditions--smartFilterBar-btnBasicSearch"}]}
RESULT: undefined
COMMAND: POST /session/329de238260d7602ed1af1352086bef4/execute/async - {"script":"<script> [776 bytes]","args":[{"enterText":"9GJloXryAe","selector":{"id":"application-manageconditionprice-display-component---conditions--smartFilterBar-btnBasicSearch","interaction":{"idSuffix":"I"}},"clearTextFirst":true,"interactionType":"ENTER_TEXT"}]}
RESULT: {"script":"<script> [776 bytes]","args":[{"enterText":"9GJloXryAe","selector":{"id":"application-manageconditionprice-display-component---conditions--smartFilterBar-btnBasicSearch","interaction":{"idSuffix":"I"}},"clearTextFirst":true,"interactionType":"ENTER_TEXT"}]}
COMMAND: POST /session/329de238260d7602ed1af1352086bef4/actions - {"actions":[{"id":"action59","type":"key","parameters":{},"actions":[{"type":"keyDown","value":""},{"type":"pause","duration":10},{"type":"keyUp","value":""}]}]}
RESULT: {"actions":[{"id":"action59","type":"key","parameters":{},"actions":[{"type":"keyDown","value":""},{"type":"pause","duration":10},{"type":"keyUp","value":""}]}]}
COMMAND: GET /session/329de238260d7602ed1af1352086bef4/screenshot - {}
RESULT: {}
COMMAND: POST /session/329de238260d7602ed1af1352086bef4/execute/async - {"script":"<script> [1562 bytes]","args":[{"selector":{"id":"application-manageconditionprice-display-component---conditions--smartFilterBar-filterItemControl_BASIC-BILL_TYPES-vhi"},"wdio_ui5_key":"applicationmanageconditionprice-display-component---conditions--smartFilterBar-filterItemControl_BASIC-BILL_TYPES-vhi"}]}
RESULT: {"script":"<script> [1562 bytes]","args":[{"selector":{"id":"application-manageconditionprice-display-component---conditions--smartFilterBar-filterItemControl_BASIC-BILL_TYPES-vhi"},"wdio_ui5_key":"applicationmanageconditionprice-display-component---conditions--smartFilterBar-filterItemControl_BASIC-BILL_TYPES-vhi"}]}
RESULT: undefined
COMMAND: POST /session/329de238260d7602ed1af1352086bef4/element - {"using":"xpath","value":"//*[@id=\"application-manageconditionprice-display-component---conditions--smartFilterBar-filterItemControl_BASIC-BILL_TYPES-vhi\"]"}
RESULT: {"using":"xpath","value":"//*[@id=\"application-manageconditionprice-display-component---conditions--smartFilterBar-filterItemControl_BASIC-BILL_TYPES-vhi\"]"}
COMMAND: POST /session/329de238260d7602ed1af1352086bef4/element/f.ABBA5987F2E82E58D78C902D9EA41D2B.d.EC78B6CBA047BC29A5F261033E11AFA0.e.16766/click - {}
RESULT: {}
COMMAND: POST /session/329de238260d7602ed1af1352086bef4/execute/async - {"script":"<script> [1562 bytes]","args":[{"selector":{"id":"application-manageconditionprice-display-component---conditions--smartFilterBar-filterItemControl_BASIC-BILL_TYPES-valueHelpDialog-smartFilterBar-btnBasicSearch","searchOpenDialogs":true,"interaction":{"idSuffix":"I"}},"wdio_ui5_key":"applicationmanageconditionprice-display-component---conditions--smartFilterBar-filterItemControl_BASIC-BILL_TYPES-valueHelpDialog-smartFilterBar-btnBasicSearch"}]}
COMMAND: GET /session/329de238260d7602ed1af1352086bef4/screenshot - {}
RESULT: {"script":"<script> [1562 bytes]","args":[{"selector":{"id":"application-manageconditionprice-display-component---conditions--smartFilterBar-filterItemControl_BASIC-BILL_TYPES-valueHelpDialog-smartFilterBar-btnBasicSearch","searchOpenDialogs":true,"interaction":{"idSuffix":"I"}},"wdio_ui5_key":"applicationmanageconditionprice-display-component---conditions--smartFilterBar-filterItemControl_BASIC-BILL_TYPES-valueHelpDialog-smartFilterBar-btnBasicSearch"}]}
RESULT: undefined
COMMAND: POST /session/329de238260d7602ed1af1352086bef4/execute/async - {"script":"<script> [776 bytes]","args":[{"enterText":"PB","selector":{"id":"application-manageconditionprice-display-component---conditions--smartFilterBar-filterItemControl_BASIC-BILL_TYPES-valueHelpDialog-smartFilterBar-btnBasicSearch","searchOpenDialogs":true,"interaction":{"idSuffix":"I"}},"clearTextFirst":true,"interactionType":"ENTER_TEXT"}]}
RESULT: {}
RESULT: {"script":"<script> [776 bytes]","args":[{"enterText":"PB","selector":{"id":"application-manageconditionprice-display-component---conditions--smartFilterBar-filterItemControl_BASIC-BILL_TYPES-valueHelpDialog-smartFilterBar-btnBasicSearch","searchOpenDialogs":true,"interaction":{"idSuffix":"I"}},"clearTextFirst":true,"interactionType":"ENTER_TEXT"}]}
COMMAND: POST /session/329de238260d7602ed1af1352086bef4/actions - {"actions":[{"id":"action60","type":"key","parameters":{},"actions":[{"type":"keyDown","value":""},{"type":"pause","duration":10},{"type":"keyUp","value":""}]}]}
RESULT: {"actions":[{"id":"action60","type":"key","parameters":{},"actions":[{"type":"keyDown","value":""},{"type":"pause","duration":10},{"type":"keyUp","value":""}]}]}
COMMAND: GET /session/329de238260d7602ed1af1352086bef4/screenshot - {}
RESULT: {}
COMMAND: POST /session/329de238260d7602ed1af1352086bef4/element - {"using":"xpath","value":"//div[contains(@id, 'application-manageconditionprice-display-component---conditions--smartFilterBar-filterItemControl_BASIC-BILL_TYPES-valueHelpDialog-table-rowsel0')]"}
RESULT: {"using":"xpath","value":"//div[contains(@id, 'application-manageconditionprice-display-component---conditions--smartFilterBar-filterItemControl_BASIC-BILL_TYPES-valueHelpDialog-table-rowsel0')]"}
COMMAND: POST /session/329de238260d7602ed1af1352086bef4/element/f.ABBA5987F2E82E58D78C902D9EA41D2B.d.EC78B6CBA047BC29A5F261033E11AFA0.e.16775/click - {}
RESULT: {}
COMMAND: GET /session/329de238260d7602ed1af1352086bef4/screenshot - {}
RESULT: {}
COMMAND: POST /session/329de238260d7602ed1af1352086bef4/element - {"using":"xpath","value":"//bdi[contains(text(), \"OK\")]"}
RESULT: {"using":"xpath","value":"//bdi[contains(text(), \"OK\")]"}
COMMAND: POST /session/329de238260d7602ed1af1352086bef4/element/f.ABBA5987F2E82E58D78C902D9EA41D2B.d.EC78B6CBA047BC29A5F261033E11AFA0.e.16777/click - {}
RESULT: {}
COMMAND: GET /session/329de238260d7602ed1af1352086bef4/screenshot - {}
RESULT: {}
COMMAND: POST /session/329de238260d7602ed1af1352086bef4/element - {"using":"xpath","value":"//span[@id=\"application-manageconditionprice-display-component---conditions--smartTable-header-inner\"]"}
RESULT: {"using":"xpath","value":"//span[@id=\"application-manageconditionprice-display-component---conditions--smartTable-header-inner\"]"}
COMMAND: POST /session/329de238260d7602ed1af1352086bef4/elements - {"using":"xpath","value":"//span[@id=\"application-manageconditionprice-display-component---conditions--smartTable-header-inner\"]"}
RESULT: {"using":"xpath","value":"//span[@id=\"application-manageconditionprice-display-component---conditions--smartTable-header-inner\"]"}
COMMAND: POST /session/329de238260d7602ed1af1352086bef4/execute/sync - {"script":"<script> [56 bytes]","args":[{"element-6066-11e4-a52e-4f735466cecf":"f.ABBA5987F2E82E58D78C902D9EA41D2B.d.EC78B6CBA047BC29A5F261033E11AFA0.e.16780","ELEMENT":"f.ABBA5987F2E82E58D78C902D9EA41D2B.d.EC78B6CBA047BC29A5F261033E11AFA0.e.16780"}]}
RESULT: {"script":"<script> [56 bytes]","args":[{"element-6066-11e4-a52e-4f735466cecf":"f.ABBA5987F2E82E58D78C902D9EA41D2B.d.EC78B6CBA047BC29A5F261033E11AFA0.e.16780","ELEMENT":"f.ABBA5987F2E82E58D78C902D9EA41D2B.d.EC78B6CBA047BC29A5F261033E11AFA0.e.16780"}]}
COMMAND: POST /session/329de238260d7602ed1af1352086bef4/element - {"using":"css selector","value":"#shell-header-logo"}
COMMAND: GET /session/329de238260d7602ed1af1352086bef4/screenshot - {}
RESULT: {"using":"css selector","value":"#shell-header-logo"}
COMMAND: POST /session/329de238260d7602ed1af1352086bef4/element/f.ABBA5987F2E82E58D78C902D9EA41D2B.d.EC78B6CBA047BC29A5F261033E11AFA0.e.16419/click - {}
RESULT: {}
RESULT: {}
COMMAND: GET /session/329de238260d7602ed1af1352086bef4/screenshot - {}
RESULT: {}
]]></system-out>
    </testcase>
    <testcase classname="chrome.136_0_7103_93.windows.Performance_based_billing_(work_days)_US139742" name="Should add a counter to the equipment" time="54.537">
      <system-out><![CDATA[
RESULT: undefined
COMMAND: POST /session/329de238260d7602ed1af1352086bef4/element - {"using":"xpath","value":"//*[@id=\"__tile39\"]"}
RESULT: {"using":"xpath","value":"//*[@id=\"__tile39\"]"}
COMMAND: POST /session/329de238260d7602ed1af1352086bef4/element/f.ABBA5987F2E82E58D78C902D9EA41D2B.d.EC78B6CBA047BC29A5F261033E11AFA0.e.15412/click - {}
RESULT: {}
COMMAND: GET /session/329de238260d7602ed1af1352086bef4/screenshot - {}
RESULT: {}
COMMAND: POST /session/329de238260d7602ed1af1352086bef4/elements - {"using":"xpath","value":"//span[text()='Error']"}
RESULT: {"using":"xpath","value":"//span[text()='Error']"}
COMMAND: POST /session/329de238260d7602ed1af1352086bef4/execute/async - {"script":"<script> [1562 bytes]","args":[{"selector":{"id":"application-manageresources-display-component---masterRU--smartFilterBar-btnBasicSearch","interaction":{"idSuffix":"I"}},"wdio_ui5_key":"applicationmanageresources-display-component---masterRU--smartFilterBar-btnBasicSearch"}]}
RESULT: {"script":"<script> [1562 bytes]","args":[{"selector":{"id":"application-manageresources-display-component---masterRU--smartFilterBar-btnBasicSearch","interaction":{"idSuffix":"I"}},"wdio_ui5_key":"applicationmanageresources-display-component---masterRU--smartFilterBar-btnBasicSearch"}]}
RESULT: undefined
COMMAND: POST /session/329de238260d7602ed1af1352086bef4/execute/async - {"script":"<script> [776 bytes]","args":[{"enterText":"9GJloXryAe","selector":{"id":"application-manageresources-display-component---masterRU--smartFilterBar-btnBasicSearch","interaction":{"idSuffix":"I"}},"clearTextFirst":true,"interactionType":"ENTER_TEXT"}]}
RESULT: {"script":"<script> [776 bytes]","args":[{"enterText":"9GJloXryAe","selector":{"id":"application-manageresources-display-component---masterRU--smartFilterBar-btnBasicSearch","interaction":{"idSuffix":"I"}},"clearTextFirst":true,"interactionType":"ENTER_TEXT"}]}
COMMAND: POST /session/329de238260d7602ed1af1352086bef4/actions - {"actions":[{"id":"action61","type":"key","parameters":{},"actions":[{"type":"keyDown","value":""},{"type":"pause","duration":10},{"type":"keyUp","value":""}]}]}
RESULT: {"actions":[{"id":"action61","type":"key","parameters":{},"actions":[{"type":"keyDown","value":""},{"type":"pause","duration":10},{"type":"keyUp","value":""}]}]}
COMMAND: GET /session/329de238260d7602ed1af1352086bef4/screenshot - {}
RESULT: {}
COMMAND: POST /session/329de238260d7602ed1af1352086bef4/execute/async - {"script":"<script> [1562 bytes]","args":[{"selector":{"id":"application-manageresources-display-component---masterRU--smartTable-header"},"wdio_ui5_key":"applicationmanageresources-display-component---masterRU--smartTable-header"}]}
RESULT: {"script":"<script> [1562 bytes]","args":[{"selector":{"id":"application-manageresources-display-component---masterRU--smartTable-header"},"wdio_ui5_key":"applicationmanageresources-display-component---masterRU--smartTable-header"}]}
RESULT: undefined
COMMAND: POST /session/329de238260d7602ed1af1352086bef4/execute/async - {"script":"<script> [6424 bytes]","args":[{"element-6066-11e4-a52e-4f735466cecf":"f.ABBA5987F2E82E58D78C902D9EA41D2B.d.EC78B6CBA047BC29A5F261033E11AFA0.e.16969"},"getText",[]]}
RESULT: {"script":"<script> [6424 bytes]","args":[{"element-6066-11e4-a52e-4f735466cecf":"f.ABBA5987F2E82E58D78C902D9EA41D2B.d.EC78B6CBA047BC29A5F261033E11AFA0.e.16969"},"getText",[]]}
COMMAND: POST /session/329de238260d7602ed1af1352086bef4/execute/async - {"script":"<script> [1562 bytes]","args":[{"selector":{"controlType":"sap.ui.core.Icon","viewName":"etm.portal.ui.manageresources.view.Master","viewId":"application-manageresources-display-component---masterRU","properties":{"src":{"regex":{"source":"slim\\-arrow\\-right"}}}},"wdio_ui5_key":"etmportal.ui.manageresources.view.Mastersap.ui.core.Icon{\"src\":{\"regex\":{\"source\":\"slim\\\\-arrow\\\\-right\"}}}"}]}
RESULT: {"script":"<script> [1562 bytes]","args":[{"selector":{"controlType":"sap.ui.core.Icon","viewName":"etm.portal.ui.manageresources.view.Master","viewId":"application-manageresources-display-component---masterRU","properties":{"src":{"regex":{"source":"slim\\-arrow\\-right"}}}},"wdio_ui5_key":"etmportal.ui.manageresources.view.Mastersap.ui.core.Icon{\"src\":{\"regex\":{\"source\":\"slim\\\\-arrow\\\\-right\"}}}"}]}
RESULT: undefined
COMMAND: POST /session/329de238260d7602ed1af1352086bef4/element - {"using":"xpath","value":"//*[@id=\"__item1059-__clone2663-imgNav\"]"}
RESULT: {"using":"xpath","value":"//*[@id=\"__item1059-__clone2663-imgNav\"]"}
COMMAND: POST /session/329de238260d7602ed1af1352086bef4/element/f.ABBA5987F2E82E58D78C902D9EA41D2B.d.EC78B6CBA047BC29A5F261033E11AFA0.e.16968/click - {}
RESULT: {}
COMMAND: GET /session/329de238260d7602ed1af1352086bef4/screenshot - {}
COMMAND: POST /session/329de238260d7602ed1af1352086bef4/element - {"using":"xpath","value":"//bdi[contains(text(), \"Edit\")]"}
RESULT: {}
RESULT: {"using":"xpath","value":"//bdi[contains(text(), \"Edit\")]"}
COMMAND: POST /session/329de238260d7602ed1af1352086bef4/execute/sync - {"script":"<script> [8489 bytes]","args":[{"element-6066-11e4-a52e-4f735466cecf":"f.ABBA5987F2E82E58D78C902D9EA41D2B.d.EC78B6CBA047BC29A5F261033E11AFA0.e.17128","ELEMENT":"f.ABBA5987F2E82E58D78C902D9EA41D2B.d.EC78B6CBA047BC29A5F261033E11AFA0.e.17128"}]}
RESULT: {"script":"<script> [8489 bytes]","args":[{"element-6066-11e4-a52e-4f735466cecf":"f.ABBA5987F2E82E58D78C902D9EA41D2B.d.EC78B6CBA047BC29A5F261033E11AFA0.e.17128","ELEMENT":"f.ABBA5987F2E82E58D78C902D9EA41D2B.d.EC78B6CBA047BC29A5F261033E11AFA0.e.17128"}]}
COMMAND: POST /session/329de238260d7602ed1af1352086bef4/element/f.ABBA5987F2E82E58D78C902D9EA41D2B.d.EC78B6CBA047BC29A5F261033E11AFA0.e.17128/click - {}
COMMAND: GET /session/329de238260d7602ed1af1352086bef4/screenshot - {}
RESULT: {}
COMMAND: GET /session/329de238260d7602ed1af1352086bef4/screenshot - {}
COMMAND: POST /session/329de238260d7602ed1af1352086bef4/execute/async - {"script":"<script> [1562 bytes]","args":[{"selector":{"id":"application-manageresources-display-component---editResource--editRruPage-anchBar-application-manageresources-display-component---editResource--counters-anchor","interaction":{"idSuffix":"BDI-content"}},"wdio_ui5_key":"applicationmanageresources-display-component---editResource--editRruPage-anchBar-application-manageresources-display-component---editResource--counters-anchor"}]}
RESULT: {}
RESULT: {}
RESULT: {"script":"<script> [1562 bytes]","args":[{"selector":{"id":"application-manageresources-display-component---editResource--editRruPage-anchBar-application-manageresources-display-component---editResource--counters-anchor","interaction":{"idSuffix":"BDI-content"}},"wdio_ui5_key":"applicationmanageresources-display-component---editResource--editRruPage-anchBar-application-manageresources-display-component---editResource--counters-anchor"}]}
RESULT: undefined
COMMAND: POST /session/329de238260d7602ed1af1352086bef4/element - {"using":"xpath","value":"//*[@id=\"application-manageresources-display-component---editResource--editRruPage-anchBar-application-manageresources-display-component---editResource--counters-anchor\"]"}
RESULT: {"using":"xpath","value":"//*[@id=\"application-manageresources-display-component---editResource--editRruPage-anchBar-application-manageresources-display-component---editResource--counters-anchor\"]"}
COMMAND: POST /session/329de238260d7602ed1af1352086bef4/element/f.ABBA5987F2E82E58D78C902D9EA41D2B.d.EC78B6CBA047BC29A5F261033E11AFA0.e.17322/click - {}
RESULT: {}
COMMAND: GET /session/329de238260d7602ed1af1352086bef4/screenshot - {}
RESULT: {}
COMMAND: POST /session/329de238260d7602ed1af1352086bef4/execute/async - {"script":"<script> [1562 bytes]","args":[{"selector":{"id":"application-manageresources-display-component---editResource--btnAddCounter-img"},"wdio_ui5_key":"applicationmanageresources-display-component---editResource--btnAddCounter-img"}]}
RESULT: {"script":"<script> [1562 bytes]","args":[{"selector":{"id":"application-manageresources-display-component---editResource--btnAddCounter-img"},"wdio_ui5_key":"applicationmanageresources-display-component---editResource--btnAddCounter-img"}]}
RESULT: undefined
COMMAND: POST /session/329de238260d7602ed1af1352086bef4/element - {"using":"xpath","value":"//*[@id=\"application-manageresources-display-component---editResource--btnAddCounter-img\"]"}
RESULT: {"using":"xpath","value":"//*[@id=\"application-manageresources-display-component---editResource--btnAddCounter-img\"]"}
COMMAND: POST /session/329de238260d7602ed1af1352086bef4/element/f.ABBA5987F2E82E58D78C902D9EA41D2B.d.EC78B6CBA047BC29A5F261033E11AFA0.e.17327/click - {}
RESULT: {}
COMMAND: POST /session/329de238260d7602ed1af1352086bef4/execute/async - {"script":"<script> [1562 bytes]","args":[{"selector":{"id":"application-manageresources-display-component---editResource--COUNTER_ID-application-manageresources-display-component---editResource--RUCounters-0-arrow"},"wdio_ui5_key":"applicationmanageresources-display-component---editResource--COUNTER_ID-application-manageresources-display-component---editResource--RUCounters-0-arrow"}]}
COMMAND: GET /session/329de238260d7602ed1af1352086bef4/screenshot - {}
RESULT: {"script":"<script> [1562 bytes]","args":[{"selector":{"id":"application-manageresources-display-component---editResource--COUNTER_ID-application-manageresources-display-component---editResource--RUCounters-0-arrow"},"wdio_ui5_key":"applicationmanageresources-display-component---editResource--COUNTER_ID-application-manageresources-display-component---editResource--RUCounters-0-arrow"}]}
RESULT: undefined
COMMAND: POST /session/329de238260d7602ed1af1352086bef4/element - {"using":"xpath","value":"//*[@id=\"application-manageresources-display-component---editResource--COUNTER_ID-application-manageresources-display-component---editResource--RUCounters-0-arrow\"]"}
RESULT: {}
RESULT: {"using":"xpath","value":"//*[@id=\"application-manageresources-display-component---editResource--COUNTER_ID-application-manageresources-display-component---editResource--RUCounters-0-arrow\"]"}
COMMAND: POST /session/329de238260d7602ed1af1352086bef4/element/f.ABBA5987F2E82E58D78C902D9EA41D2B.d.EC78B6CBA047BC29A5F261033E11AFA0.e.17341/click - {}
RESULT: {}
COMMAND: POST /session/329de238260d7602ed1af1352086bef4/execute/async - {"script":"<script> [1562 bytes]","args":[{"selector":{"controlType":"sap.m.StandardListItem","viewName":"etm.portal.ui.manageresources.view.EditResource","viewId":"application-manageresources-display-component---editResource","properties":{"title":"fuel"},"searchOpenDialogs":true,"interaction":{"idSuffix":"content"}},"wdio_ui5_key":"etmportal.ui.manageresources.view.EditResourcesap.m.StandardListItem{\"title\":\"fuel\"}"}]}
COMMAND: GET /session/329de238260d7602ed1af1352086bef4/screenshot - {}
RESULT: {"script":"<script> [1562 bytes]","args":[{"selector":{"controlType":"sap.m.StandardListItem","viewName":"etm.portal.ui.manageresources.view.EditResource","viewId":"application-manageresources-display-component---editResource","properties":{"title":"fuel"},"searchOpenDialogs":true,"interaction":{"idSuffix":"content"}},"wdio_ui5_key":"etmportal.ui.manageresources.view.EditResourcesap.m.StandardListItem{\"title\":\"fuel\"}"}]}
RESULT: undefined
COMMAND: POST /session/329de238260d7602ed1af1352086bef4/element - {"using":"xpath","value":"//*[@id=\"__item1384\"]"}
RESULT: {}
RESULT: {"using":"xpath","value":"//*[@id=\"__item1384\"]"}
COMMAND: POST /session/329de238260d7602ed1af1352086bef4/element/f.ABBA5987F2E82E58D78C902D9EA41D2B.d.EC78B6CBA047BC29A5F261033E11AFA0.e.17343/click - {}
RESULT: {}
COMMAND: POST /session/329de238260d7602ed1af1352086bef4/execute/async - {"script":"<script> [1562 bytes]","args":[{"selector":{"controlType":"sap.m.Button","viewName":"etm.portal.ui.manageresources.view.EditResource","viewId":"application-manageresources-display-component---editResource","i18NText":{"propertyName":"text","key":"save"},"interaction":{"idSuffix":"BDI-content"}},"wdio_ui5_key":"etmportal.ui.manageresources.view.EditResourcesap.m.Button{\"propertyName\":\"text\",\"key\":\"save\"}"}]}
COMMAND: GET /session/329de238260d7602ed1af1352086bef4/screenshot - {}
RESULT: {"script":"<script> [1562 bytes]","args":[{"selector":{"controlType":"sap.m.Button","viewName":"etm.portal.ui.manageresources.view.EditResource","viewId":"application-manageresources-display-component---editResource","i18NText":{"propertyName":"text","key":"save"},"interaction":{"idSuffix":"BDI-content"}},"wdio_ui5_key":"etmportal.ui.manageresources.view.EditResourcesap.m.Button{\"propertyName\":\"text\",\"key\":\"save\"}"}]}
RESULT: undefined
COMMAND: POST /session/329de238260d7602ed1af1352086bef4/element - {"using":"xpath","value":"//*[@id=\"__button200\"]"}
RESULT: {}
RESULT: {"using":"xpath","value":"//*[@id=\"__button200\"]"}
COMMAND: POST /session/329de238260d7602ed1af1352086bef4/element/f.ABBA5987F2E82E58D78C902D9EA41D2B.d.EC78B6CBA047BC29A5F261033E11AFA0.e.17345/click - {}
RESULT: {}
COMMAND: GET /session/329de238260d7602ed1af1352086bef4/screenshot - {}
RESULT: {}
COMMAND: POST /session/329de238260d7602ed1af1352086bef4/element - {"using":"css selector","value":"#shell-header-logo"}
RESULT: {"using":"css selector","value":"#shell-header-logo"}
COMMAND: POST /session/329de238260d7602ed1af1352086bef4/element/f.ABBA5987F2E82E58D78C902D9EA41D2B.d.EC78B6CBA047BC29A5F261033E11AFA0.e.16785/click - {}
RESULT: {}
COMMAND: GET /session/329de238260d7602ed1af1352086bef4/screenshot - {}
RESULT: {}
]]></system-out>
    </testcase>
    <testcase classname="chrome.136_0_7103_93.windows.Performance_based_billing_(work_days)_US139742" name="Should do a stock increase on the yard for the equipment" time="86.684">
      <system-out><![CDATA[
COMMAND: POST /session/329de238260d7602ed1af1352086bef4/execute/async - {"script":"<script> [1562 bytes]","args":[{"selector":{"controlType":"sap.m.GenericTile","properties":{"header":"Manage Handovers"}},"wdio_ui5_key":"sapm.GenericTile{\"header\":\"Manage Handovers\"}"}]}
RESULT: {"script":"<script> [1562 bytes]","args":[{"selector":{"controlType":"sap.m.GenericTile","properties":{"header":"Manage Handovers"}},"wdio_ui5_key":"sapm.GenericTile{\"header\":\"Manage Handovers\"}"}]}
RESULT: undefined
COMMAND: POST /session/329de238260d7602ed1af1352086bef4/element - {"using":"xpath","value":"//*[@id=\"__tile133\"]"}
RESULT: {"using":"xpath","value":"//*[@id=\"__tile133\"]"}
COMMAND: POST /session/329de238260d7602ed1af1352086bef4/element/f.ABBA5987F2E82E58D78C902D9EA41D2B.d.EC78B6CBA047BC29A5F261033E11AFA0.e.17352/click - {}
RESULT: {}
COMMAND: GET /session/329de238260d7602ed1af1352086bef4/screenshot - {}
RESULT: {}
COMMAND: POST /session/329de238260d7602ed1af1352086bef4/elements - {"using":"xpath","value":"//span[text()='Error']"}
RESULT: {"using":"xpath","value":"//span[text()='Error']"}
COMMAND: POST /session/329de238260d7602ed1af1352086bef4/element - {"using":"xpath","value":"//button[@data-kt=\"masterHOAddButton\"]"}
RESULT: {"using":"xpath","value":"//button[@data-kt=\"masterHOAddButton\"]"}
COMMAND: POST /session/329de238260d7602ed1af1352086bef4/elements - {"using":"xpath","value":"//button[@data-kt=\"masterHOAddButton\"]"}
RESULT: {"using":"xpath","value":"//button[@data-kt=\"masterHOAddButton\"]"}
COMMAND: POST /session/329de238260d7602ed1af1352086bef4/execute/sync - {"script":"<script> [8489 bytes]","args":[{"element-6066-11e4-a52e-4f735466cecf":"f.ABBA5987F2E82E58D78C902D9EA41D2B.d.EC78B6CBA047BC29A5F261033E11AFA0.e.17385","ELEMENT":"f.ABBA5987F2E82E58D78C902D9EA41D2B.d.EC78B6CBA047BC29A5F261033E11AFA0.e.17385"}]}
RESULT: {"script":"<script> [8489 bytes]","args":[{"element-6066-11e4-a52e-4f735466cecf":"f.ABBA5987F2E82E58D78C902D9EA41D2B.d.EC78B6CBA047BC29A5F261033E11AFA0.e.17385","ELEMENT":"f.ABBA5987F2E82E58D78C902D9EA41D2B.d.EC78B6CBA047BC29A5F261033E11AFA0.e.17385"}]}
COMMAND: GET /session/329de238260d7602ed1af1352086bef4/element/f.ABBA5987F2E82E58D78C902D9EA41D2B.d.EC78B6CBA047BC29A5F261033E11AFA0.e.17385/enabled - {}
COMMAND: GET /session/329de238260d7602ed1af1352086bef4/screenshot - {}
RESULT: {}
COMMAND: POST /session/329de238260d7602ed1af1352086bef4/execute/sync - {"script":"<script> [8489 bytes]","args":[{"element-6066-11e4-a52e-4f735466cecf":"f.ABBA5987F2E82E58D78C902D9EA41D2B.d.EC78B6CBA047BC29A5F261033E11AFA0.e.17385","ELEMENT":"f.ABBA5987F2E82E58D78C902D9EA41D2B.d.EC78B6CBA047BC29A5F261033E11AFA0.e.17385"}]}
COMMAND: GET /session/329de238260d7602ed1af1352086bef4/screenshot - {}
RESULT: {}
RESULT: {"script":"<script> [8489 bytes]","args":[{"element-6066-11e4-a52e-4f735466cecf":"f.ABBA5987F2E82E58D78C902D9EA41D2B.d.EC78B6CBA047BC29A5F261033E11AFA0.e.17385","ELEMENT":"f.ABBA5987F2E82E58D78C902D9EA41D2B.d.EC78B6CBA047BC29A5F261033E11AFA0.e.17385"}]}
COMMAND: POST /session/329de238260d7602ed1af1352086bef4/execute/sync - {"script":"<script> [5351 bytes]","args":[{"element-6066-11e4-a52e-4f735466cecf":"f.ABBA5987F2E82E58D78C902D9EA41D2B.d.EC78B6CBA047BC29A5F261033E11AFA0.e.17385","ELEMENT":"f.ABBA5987F2E82E58D78C902D9EA41D2B.d.EC78B6CBA047BC29A5F261033E11AFA0.e.17385"}]}
COMMAND: GET /session/329de238260d7602ed1af1352086bef4/screenshot - {}
RESULT: {}
RESULT: {"script":"<script> [5351 bytes]","args":[{"element-6066-11e4-a52e-4f735466cecf":"f.ABBA5987F2E82E58D78C902D9EA41D2B.d.EC78B6CBA047BC29A5F261033E11AFA0.e.17385","ELEMENT":"f.ABBA5987F2E82E58D78C902D9EA41D2B.d.EC78B6CBA047BC29A5F261033E11AFA0.e.17385"}]}
COMMAND: POST /session/329de238260d7602ed1af1352086bef4/element/f.ABBA5987F2E82E58D78C902D9EA41D2B.d.EC78B6CBA047BC29A5F261033E11AFA0.e.17385/click - {}
COMMAND: GET /session/329de238260d7602ed1af1352086bef4/screenshot - {}
RESULT: {}
RESULT: {}
COMMAND: GET /session/329de238260d7602ed1af1352086bef4/screenshot - {}
RESULT: {}
RESULT: {}
COMMAND: POST /session/329de238260d7602ed1af1352086bef4/element - {"using":"xpath","value":"//span[contains(@id ,\"AddNewHO--typeSelect-arrow\")]"}
RESULT: {"using":"xpath","value":"//span[contains(@id ,\"AddNewHO--typeSelect-arrow\")]"}
COMMAND: POST /session/329de238260d7602ed1af1352086bef4/element/f.ABBA5987F2E82E58D78C902D9EA41D2B.d.EC78B6CBA047BC29A5F261033E11AFA0.e.17746/click - {}
RESULT: {}
COMMAND: GET /session/329de238260d7602ed1af1352086bef4/screenshot - {}
RESULT: {}
COMMAND: POST /session/329de238260d7602ed1af1352086bef4/element - {"using":"xpath","value":"(//li[contains(text(), \"stock increase yard\")])[1]"}
RESULT: {"using":"xpath","value":"(//li[contains(text(), \"stock increase yard\")])[1]"}
COMMAND: POST /session/329de238260d7602ed1af1352086bef4/element/f.ABBA5987F2E82E58D78C902D9EA41D2B.d.EC78B6CBA047BC29A5F261033E11AFA0.e.17747/click - {}
RESULT: {}
COMMAND: GET /session/329de238260d7602ed1af1352086bef4/screenshot - {}
RESULT: {}
COMMAND: POST /session/329de238260d7602ed1af1352086bef4/execute/async - {"script":"<script> [1562 bytes]","args":[{"selector":{"id":"application-managehandovers-display-component---AddNewHO--dueDate","interaction":{"idSuffix":"inner"}},"wdio_ui5_key":"applicationmanagehandovers-display-component---AddNewHO--dueDate"}]}
RESULT: {"script":"<script> [1562 bytes]","args":[{"selector":{"id":"application-managehandovers-display-component---AddNewHO--dueDate","interaction":{"idSuffix":"inner"}},"wdio_ui5_key":"applicationmanagehandovers-display-component---AddNewHO--dueDate"}]}
RESULT: undefined
COMMAND: POST /session/329de238260d7602ed1af1352086bef4/execute/async - {"script":"<script> [6424 bytes]","args":[{"element-6066-11e4-a52e-4f735466cecf":"f.ABBA5987F2E82E58D78C902D9EA41D2B.d.EC78B6CBA047BC29A5F261033E11AFA0.e.17749"},"setValue",["5/29/25"]]}
RESULT: {"script":"<script> [6424 bytes]","args":[{"element-6066-11e4-a52e-4f735466cecf":"f.ABBA5987F2E82E58D78C902D9EA41D2B.d.EC78B6CBA047BC29A5F261033E11AFA0.e.17749"},"setValue",["5/29/25"]]}
COMMAND: POST /session/329de238260d7602ed1af1352086bef4/element - {"using":"xpath","value":"//input[@id=\"generalSectionFrg--receiveYard-inner\"]"}
RESULT: {"using":"xpath","value":"//input[@id=\"generalSectionFrg--receiveYard-inner\"]"}
COMMAND: POST /session/329de238260d7602ed1af1352086bef4/element/f.ABBA5987F2E82E58D78C902D9EA41D2B.d.EC78B6CBA047BC29A5F261033E11AFA0.e.17755/clear - {}
RESULT: {}
COMMAND: POST /session/329de238260d7602ed1af1352086bef4/element/f.ABBA5987F2E82E58D78C902D9EA41D2B.d.EC78B6CBA047BC29A5F261033E11AFA0.e.17755/value - {"text":"472"}
COMMAND: GET /session/329de238260d7602ed1af1352086bef4/screenshot - {}
RESULT: {"text":"472"}
COMMAND: GET /session/329de238260d7602ed1af1352086bef4/screenshot - {}
RESULT: {}
RESULT: {}
COMMAND: POST /session/329de238260d7602ed1af1352086bef4/element - {"using":"xpath","value":"//li[.//span[contains(text(),'472')]]"}
RESULT: {"using":"xpath","value":"//li[.//span[contains(text(),'472')]]"}
COMMAND: POST /session/329de238260d7602ed1af1352086bef4/element/f.ABBA5987F2E82E58D78C902D9EA41D2B.d.EC78B6CBA047BC29A5F261033E11AFA0.e.17773/click - {}
RESULT: {}
COMMAND: GET /session/329de238260d7602ed1af1352086bef4/screenshot - {}
RESULT: {}
COMMAND: POST /session/329de238260d7602ed1af1352086bef4/execute/async - {"script":"<script> [1562 bytes]","args":[{"selector":{"id":"application-managehandovers-display-component---AddNewHO--ObjectPageLayout-anchBar-application-managehandovers-display-component---AddNewHO--section4-anchor","interaction":{"idSuffix":"BDI-content"}},"wdio_ui5_key":"applicationmanagehandovers-display-component---AddNewHO--ObjectPageLayout-anchBar-application-managehandovers-display-component---AddNewHO--section4-anchor"}]}
RESULT: {"script":"<script> [1562 bytes]","args":[{"selector":{"id":"application-managehandovers-display-component---AddNewHO--ObjectPageLayout-anchBar-application-managehandovers-display-component---AddNewHO--section4-anchor","interaction":{"idSuffix":"BDI-content"}},"wdio_ui5_key":"applicationmanagehandovers-display-component---AddNewHO--ObjectPageLayout-anchBar-application-managehandovers-display-component---AddNewHO--section4-anchor"}]}
RESULT: undefined
COMMAND: POST /session/329de238260d7602ed1af1352086bef4/element - {"using":"xpath","value":"//*[@id=\"application-managehandovers-display-component---AddNewHO--ObjectPageLayout-anchBar-application-managehandovers-display-component---AddNewHO--section4-anchor\"]"}
RESULT: {"using":"xpath","value":"//*[@id=\"application-managehandovers-display-component---AddNewHO--ObjectPageLayout-anchBar-application-managehandovers-display-component---AddNewHO--section4-anchor\"]"}
COMMAND: POST /session/329de238260d7602ed1af1352086bef4/element/f.ABBA5987F2E82E58D78C902D9EA41D2B.d.EC78B6CBA047BC29A5F261033E11AFA0.e.17775/click - {}
RESULT: {}
COMMAND: POST /session/329de238260d7602ed1af1352086bef4/element - {"using":"xpath","value":"//button[@aria-label=\"Add\"]"}
COMMAND: GET /session/329de238260d7602ed1af1352086bef4/screenshot - {}
RESULT: {"using":"xpath","value":"//button[@aria-label=\"Add\"]"}
COMMAND: POST /session/329de238260d7602ed1af1352086bef4/element/f.ABBA5987F2E82E58D78C902D9EA41D2B.d.EC78B6CBA047BC29A5F261033E11AFA0.e.17777/click - {}
RESULT: {}
RESULT: {}
COMMAND: GET /session/329de238260d7602ed1af1352086bef4/screenshot - {}
RESULT: {}
COMMAND: POST /session/329de238260d7602ed1af1352086bef4/execute/async - {"script":"<script> [1562 bytes]","args":[{"selector":{"id":"application-managehandovers-display-component---AddNewHO--smartFilterBar-btnBasicSearch","searchOpenDialogs":true,"interaction":{"idSuffix":"I"}},"wdio_ui5_key":"applicationmanagehandovers-display-component---AddNewHO--smartFilterBar-btnBasicSearch"}]}
RESULT: {"script":"<script> [1562 bytes]","args":[{"selector":{"id":"application-managehandovers-display-component---AddNewHO--smartFilterBar-btnBasicSearch","searchOpenDialogs":true,"interaction":{"idSuffix":"I"}},"wdio_ui5_key":"applicationmanagehandovers-display-component---AddNewHO--smartFilterBar-btnBasicSearch"}]}
RESULT: undefined
COMMAND: POST /session/329de238260d7602ed1af1352086bef4/execute/async - {"script":"<script> [776 bytes]","args":[{"enterText":"9GJloXryAe","selector":{"id":"application-managehandovers-display-component---AddNewHO--smartFilterBar-btnBasicSearch","searchOpenDialogs":true,"interaction":{"idSuffix":"I"}},"clearTextFirst":true,"interactionType":"ENTER_TEXT"}]}
RESULT: {"script":"<script> [776 bytes]","args":[{"enterText":"9GJloXryAe","selector":{"id":"application-managehandovers-display-component---AddNewHO--smartFilterBar-btnBasicSearch","searchOpenDialogs":true,"interaction":{"idSuffix":"I"}},"clearTextFirst":true,"interactionType":"ENTER_TEXT"}]}
COMMAND: POST /session/329de238260d7602ed1af1352086bef4/actions - {"actions":[{"id":"action62","type":"key","parameters":{},"actions":[{"type":"keyDown","value":""},{"type":"pause","duration":10},{"type":"keyUp","value":""}]}]}
RESULT: {"actions":[{"id":"action62","type":"key","parameters":{},"actions":[{"type":"keyDown","value":""},{"type":"pause","duration":10},{"type":"keyUp","value":""}]}]}
COMMAND: GET /session/329de238260d7602ed1af1352086bef4/screenshot - {}
RESULT: {}
COMMAND: POST /session/329de238260d7602ed1af1352086bef4/execute/async - {"script":"<script> [1562 bytes]","args":[{"selector":{"id":"application-managehandovers-display-component---AddNewHO--popup-sa","searchOpenDialogs":true,"interaction":{"idSuffix":"CbBg"}},"wdio_ui5_key":"applicationmanagehandovers-display-component---AddNewHO--popup-sa"}]}
RESULT: {"script":"<script> [1562 bytes]","args":[{"selector":{"id":"application-managehandovers-display-component---AddNewHO--popup-sa","searchOpenDialogs":true,"interaction":{"idSuffix":"CbBg"}},"wdio_ui5_key":"applicationmanagehandovers-display-component---AddNewHO--popup-sa"}]}
RESULT: undefined
COMMAND: POST /session/329de238260d7602ed1af1352086bef4/element - {"using":"xpath","value":"//*[@id=\"application-managehandovers-display-component---AddNewHO--popup-sa\"]"}
RESULT: {"using":"xpath","value":"//*[@id=\"application-managehandovers-display-component---AddNewHO--popup-sa\"]"}
COMMAND: POST /session/329de238260d7602ed1af1352086bef4/element/f.ABBA5987F2E82E58D78C902D9EA41D2B.d.EC78B6CBA047BC29A5F261033E11AFA0.e.17930/click - {}
RESULT: {}
COMMAND: GET /session/329de238260d7602ed1af1352086bef4/screenshot - {}
RESULT: {}
COMMAND: POST /session/329de238260d7602ed1af1352086bef4/element - {"using":"xpath","value":"//bdi[contains(text(), \"Select\")]"}
RESULT: {"using":"xpath","value":"//bdi[contains(text(), \"Select\")]"}
COMMAND: POST /session/329de238260d7602ed1af1352086bef4/element/f.ABBA5987F2E82E58D78C902D9EA41D2B.d.EC78B6CBA047BC29A5F261033E11AFA0.e.17931/click - {}
RESULT: {}
COMMAND: GET /session/329de238260d7602ed1af1352086bef4/screenshot - {}
RESULT: {}
COMMAND: POST /session/329de238260d7602ed1af1352086bef4/element - {"using":"xpath","value":"//button[@data-kt=\"AddNewHOSaveButton\"]"}
RESULT: {"using":"xpath","value":"//button[@data-kt=\"AddNewHOSaveButton\"]"}
COMMAND: POST /session/329de238260d7602ed1af1352086bef4/element/f.ABBA5987F2E82E58D78C902D9EA41D2B.d.EC78B6CBA047BC29A5F261033E11AFA0.e.17935/click - {}
RESULT: {}
COMMAND: GET /session/329de238260d7602ed1af1352086bef4/screenshot - {}
RESULT: {}
COMMAND: POST /session/329de238260d7602ed1af1352086bef4/execute/async - {"script":"<script> [1562 bytes]","args":[{"selector":{"id":"receiptDatePicker","viewName":"etm.portal.ui.managehandovers.view.DetailExecuteHO","interaction":{"idSuffix":"inner"}},"wdio_ui5_key":"receiptDatePickeretmportal.ui.managehandovers.view.DetailExecuteHO"}]}
RESULT: {"script":"<script> [1562 bytes]","args":[{"selector":{"id":"receiptDatePicker","viewName":"etm.portal.ui.managehandovers.view.DetailExecuteHO","interaction":{"idSuffix":"inner"}},"wdio_ui5_key":"receiptDatePickeretmportal.ui.managehandovers.view.DetailExecuteHO"}]}
RESULT: undefined
COMMAND: POST /session/329de238260d7602ed1af1352086bef4/execute/async - {"script":"<script> [6424 bytes]","args":[{"element-6066-11e4-a52e-4f735466cecf":"f.ABBA5987F2E82E58D78C902D9EA41D2B.d.EC78B6CBA047BC29A5F261033E11AFA0.e.17968"},"setValue",["5/29/25"]]}
RESULT: {"script":"<script> [6424 bytes]","args":[{"element-6066-11e4-a52e-4f735466cecf":"f.ABBA5987F2E82E58D78C902D9EA41D2B.d.EC78B6CBA047BC29A5F261033E11AFA0.e.17968"},"setValue",["5/29/25"]]}
COMMAND: POST /session/329de238260d7602ed1af1352086bef4/element - {"using":"xpath","value":"//button[@data-kt=\"ReceivingTableConfirmAllButton\"]"}
RESULT: {"using":"xpath","value":"//button[@data-kt=\"ReceivingTableConfirmAllButton\"]"}
COMMAND: POST /session/329de238260d7602ed1af1352086bef4/element/f.ABBA5987F2E82E58D78C902D9EA41D2B.d.EC78B6CBA047BC29A5F261033E11AFA0.e.17983/click - {}
RESULT: {}
COMMAND: GET /session/329de238260d7602ed1af1352086bef4/screenshot - {}
RESULT: {}
COMMAND: POST /session/329de238260d7602ed1af1352086bef4/element - {"using":"xpath","value":"//bdi[contains(text(), \"OK\")]"}
RESULT: {"using":"xpath","value":"//bdi[contains(text(), \"OK\")]"}
COMMAND: POST /session/329de238260d7602ed1af1352086bef4/element/f.ABBA5987F2E82E58D78C902D9EA41D2B.d.EC78B6CBA047BC29A5F261033E11AFA0.e.17985/click - {}
RESULT: {}
COMMAND: GET /session/329de238260d7602ed1af1352086bef4/screenshot - {}
RESULT: {}
COMMAND: POST /session/329de238260d7602ed1af1352086bef4/element - {"using":"xpath","value":"(//bdi[contains(text(), \"Receive\")])[2]"}
RESULT: {"using":"xpath","value":"(//bdi[contains(text(), \"Receive\")])[2]"}
COMMAND: POST /session/329de238260d7602ed1af1352086bef4/element/f.ABBA5987F2E82E58D78C902D9EA41D2B.d.EC78B6CBA047BC29A5F261033E11AFA0.e.17987/click - {}
RESULT: {}
COMMAND: GET /session/329de238260d7602ed1af1352086bef4/screenshot - {}
RESULT: {}
COMMAND: POST /session/329de238260d7602ed1af1352086bef4/element - {"using":"css selector","value":"#shell-header-logo"}
RESULT: {"using":"css selector","value":"#shell-header-logo"}
COMMAND: POST /session/329de238260d7602ed1af1352086bef4/element/f.ABBA5987F2E82E58D78C902D9EA41D2B.d.EC78B6CBA047BC29A5F261033E11AFA0.e.17354/click - {}
RESULT: {}
COMMAND: GET /session/329de238260d7602ed1af1352086bef4/screenshot - {}
RESULT: {}
]]></system-out>
    </testcase>
    <testcase classname="chrome.136_0_7103_93.windows.Performance_based_billing_(work_days)_US139742" name="Should create a new contract" time="59.629">
      <system-out><![CDATA[
COMMAND: POST /session/329de238260d7602ed1af1352086bef4/execute/async - {"script":"<script> [1562 bytes]","args":[{"selector":{"controlType":"sap.m.GenericTile","properties":{"header":"Manage Contracts"}},"wdio_ui5_key":"sapm.GenericTile{\"header\":\"Manage Contracts\"}"}]}
RESULT: {"script":"<script> [1562 bytes]","args":[{"selector":{"controlType":"sap.m.GenericTile","properties":{"header":"Manage Contracts"}},"wdio_ui5_key":"sapm.GenericTile{\"header\":\"Manage Contracts\"}"}]}
RESULT: undefined
COMMAND: POST /session/329de238260d7602ed1af1352086bef4/element - {"using":"xpath","value":"//*[@id=\"__tile130\"]"}
RESULT: {"using":"xpath","value":"//*[@id=\"__tile130\"]"}
COMMAND: POST /session/329de238260d7602ed1af1352086bef4/element/f.ABBA5987F2E82E58D78C902D9EA41D2B.d.EC78B6CBA047BC29A5F261033E11AFA0.e.18160/click - {}
RESULT: {}
COMMAND: GET /session/329de238260d7602ed1af1352086bef4/screenshot - {}
RESULT: {}
COMMAND: POST /session/329de238260d7602ed1af1352086bef4/elements - {"using":"xpath","value":"//span[text()='Error']"}
RESULT: {"using":"xpath","value":"//span[text()='Error']"}
COMMAND: POST /session/329de238260d7602ed1af1352086bef4/element - {"using":"xpath","value":"//button[@data-kt=\"addButton\"]"}
RESULT: {"using":"xpath","value":"//button[@data-kt=\"addButton\"]"}
COMMAND: POST /session/329de238260d7602ed1af1352086bef4/elements - {"using":"xpath","value":"//button[@data-kt=\"addButton\"]"}
RESULT: {"using":"xpath","value":"//button[@data-kt=\"addButton\"]"}
COMMAND: POST /session/329de238260d7602ed1af1352086bef4/execute/sync - {"script":"<script> [8489 bytes]","args":[{"element-6066-11e4-a52e-4f735466cecf":"f.ABBA5987F2E82E58D78C902D9EA41D2B.d.EC78B6CBA047BC29A5F261033E11AFA0.e.18205","ELEMENT":"f.ABBA5987F2E82E58D78C902D9EA41D2B.d.EC78B6CBA047BC29A5F261033E11AFA0.e.18205"}]}
RESULT: {"script":"<script> [8489 bytes]","args":[{"element-6066-11e4-a52e-4f735466cecf":"f.ABBA5987F2E82E58D78C902D9EA41D2B.d.EC78B6CBA047BC29A5F261033E11AFA0.e.18205","ELEMENT":"f.ABBA5987F2E82E58D78C902D9EA41D2B.d.EC78B6CBA047BC29A5F261033E11AFA0.e.18205"}]}
COMMAND: GET /session/329de238260d7602ed1af1352086bef4/element/f.ABBA5987F2E82E58D78C902D9EA41D2B.d.EC78B6CBA047BC29A5F261033E11AFA0.e.18205/enabled - {}
COMMAND: GET /session/329de238260d7602ed1af1352086bef4/screenshot - {}
RESULT: {}
COMMAND: POST /session/329de238260d7602ed1af1352086bef4/execute/sync - {"script":"<script> [8489 bytes]","args":[{"element-6066-11e4-a52e-4f735466cecf":"f.ABBA5987F2E82E58D78C902D9EA41D2B.d.EC78B6CBA047BC29A5F261033E11AFA0.e.18205","ELEMENT":"f.ABBA5987F2E82E58D78C902D9EA41D2B.d.EC78B6CBA047BC29A5F261033E11AFA0.e.18205"}]}
COMMAND: GET /session/329de238260d7602ed1af1352086bef4/screenshot - {}
RESULT: {}
RESULT: {"script":"<script> [8489 bytes]","args":[{"element-6066-11e4-a52e-4f735466cecf":"f.ABBA5987F2E82E58D78C902D9EA41D2B.d.EC78B6CBA047BC29A5F261033E11AFA0.e.18205","ELEMENT":"f.ABBA5987F2E82E58D78C902D9EA41D2B.d.EC78B6CBA047BC29A5F261033E11AFA0.e.18205"}]}
COMMAND: POST /session/329de238260d7602ed1af1352086bef4/execute/sync - {"script":"<script> [5351 bytes]","args":[{"element-6066-11e4-a52e-4f735466cecf":"f.ABBA5987F2E82E58D78C902D9EA41D2B.d.EC78B6CBA047BC29A5F261033E11AFA0.e.18205","ELEMENT":"f.ABBA5987F2E82E58D78C902D9EA41D2B.d.EC78B6CBA047BC29A5F261033E11AFA0.e.18205"}]}
COMMAND: GET /session/329de238260d7602ed1af1352086bef4/screenshot - {}
RESULT: {}
RESULT: {"script":"<script> [5351 bytes]","args":[{"element-6066-11e4-a52e-4f735466cecf":"f.ABBA5987F2E82E58D78C902D9EA41D2B.d.EC78B6CBA047BC29A5F261033E11AFA0.e.18205","ELEMENT":"f.ABBA5987F2E82E58D78C902D9EA41D2B.d.EC78B6CBA047BC29A5F261033E11AFA0.e.18205"}]}
COMMAND: GET /session/329de238260d7602ed1af1352086bef4/screenshot - {}
RESULT: {}
RESULT: {}
COMMAND: POST /session/329de238260d7602ed1af1352086bef4/element/f.ABBA5987F2E82E58D78C902D9EA41D2B.d.EC78B6CBA047BC29A5F261033E11AFA0.e.18205/click - {}
RESULT: {}
COMMAND: GET /session/329de238260d7602ed1af1352086bef4/screenshot - {}
COMMAND: POST /session/329de238260d7602ed1af1352086bef4/execute/async - {"script":"<script> [1562 bytes]","args":[{"selector":{"id":"application-managecontracts-display-component---AddNewContract--projectDescription","interaction":{"idSuffix":"inner"}},"wdio_ui5_key":"applicationmanagecontracts-display-component---AddNewContract--projectDescription"}]}
RESULT: {}
RESULT: {"script":"<script> [1562 bytes]","args":[{"selector":{"id":"application-managecontracts-display-component---AddNewContract--projectDescription","interaction":{"idSuffix":"inner"}},"wdio_ui5_key":"applicationmanagecontracts-display-component---AddNewContract--projectDescription"}]}
RESULT: undefined
COMMAND: POST /session/329de238260d7602ed1af1352086bef4/execute/async - {"script":"<script> [776 bytes]","args":[{"enterText":"Performance Contract WDIO","selector":{"id":"application-managecontracts-display-component---AddNewContract--projectDescription","interaction":{"idSuffix":"inner"}},"clearTextFirst":true,"interactionType":"ENTER_TEXT"}]}
RESULT: {"script":"<script> [776 bytes]","args":[{"enterText":"Performance Contract WDIO","selector":{"id":"application-managecontracts-display-component---AddNewContract--projectDescription","interaction":{"idSuffix":"inner"}},"clearTextFirst":true,"interactionType":"ENTER_TEXT"}]}
COMMAND: POST /session/329de238260d7602ed1af1352086bef4/element - {"using":"xpath","value":"//input[@id=\"application-managecontracts-display-component---AddNewContract--site-inner\"]"}
RESULT: {"using":"xpath","value":"//input[@id=\"application-managecontracts-display-component---AddNewContract--site-inner\"]"}
COMMAND: POST /session/329de238260d7602ed1af1352086bef4/element/f.ABBA5987F2E82E58D78C902D9EA41D2B.d.EC78B6CBA047BC29A5F261033E11AFA0.e.18527/clear - {}
RESULT: {}
COMMAND: POST /session/329de238260d7602ed1af1352086bef4/element/f.ABBA5987F2E82E58D78C902D9EA41D2B.d.EC78B6CBA047BC29A5F261033E11AFA0.e.18527/value - {"text":"2243"}
COMMAND: GET /session/329de238260d7602ed1af1352086bef4/screenshot - {}
RESULT: {"text":"2243"}
COMMAND: GET /session/329de238260d7602ed1af1352086bef4/screenshot - {}
RESULT: {}
RESULT: {}
COMMAND: POST /session/329de238260d7602ed1af1352086bef4/element - {"using":"xpath","value":"//li[.//span[text()='2243']]"}
RESULT: {"using":"xpath","value":"//li[.//span[text()='2243']]"}
COMMAND: POST /session/329de238260d7602ed1af1352086bef4/element/f.ABBA5987F2E82E58D78C902D9EA41D2B.d.EC78B6CBA047BC29A5F261033E11AFA0.e.18609/click - {}
RESULT: {}
COMMAND: GET /session/329de238260d7602ed1af1352086bef4/screenshot - {}
RESULT: {}
COMMAND: POST /session/329de238260d7602ed1af1352086bef4/element - {"using":"xpath","value":"//input[@id=\"application-managecontracts-display-component---AddNewContract--yardId-inner\"]"}
RESULT: {"using":"xpath","value":"//input[@id=\"application-managecontracts-display-component---AddNewContract--yardId-inner\"]"}
COMMAND: GET /session/329de238260d7602ed1af1352086bef4/element/f.ABBA5987F2E82E58D78C902D9EA41D2B.d.EC78B6CBA047BC29A5F261033E11AFA0.e.18528/property/value - {}
RESULT: {}
COMMAND: POST /session/329de238260d7602ed1af1352086bef4/element - {"using":"xpath","value":"//input[@id=\"application-managecontracts-display-component---AddNewContract--customerSelect-inner\"]"}
COMMAND: GET /session/329de238260d7602ed1af1352086bef4/screenshot - {}
RESULT: {"using":"xpath","value":"//input[@id=\"application-managecontracts-display-component---AddNewContract--customerSelect-inner\"]"}
COMMAND: POST /session/329de238260d7602ed1af1352086bef4/element/f.ABBA5987F2E82E58D78C902D9EA41D2B.d.EC78B6CBA047BC29A5F261033E11AFA0.e.18526/clear - {}
RESULT: {}
RESULT: {}
COMMAND: POST /session/329de238260d7602ed1af1352086bef4/element/f.ABBA5987F2E82E58D78C902D9EA41D2B.d.EC78B6CBA047BC29A5F261033E11AFA0.e.18526/value - {"text":"1278"}
COMMAND: GET /session/329de238260d7602ed1af1352086bef4/screenshot - {}
RESULT: {"text":"1278"}
COMMAND: GET /session/329de238260d7602ed1af1352086bef4/screenshot - {}
RESULT: {}
RESULT: {}
COMMAND: POST /session/329de238260d7602ed1af1352086bef4/element - {"using":"xpath","value":"//li[.//span[text()='1278']]"}
RESULT: {"using":"xpath","value":"//li[.//span[text()='1278']]"}
COMMAND: POST /session/329de238260d7602ed1af1352086bef4/element/f.ABBA5987F2E82E58D78C902D9EA41D2B.d.EC78B6CBA047BC29A5F261033E11AFA0.e.18612/click - {}
RESULT: {}
COMMAND: GET /session/329de238260d7602ed1af1352086bef4/screenshot - {}
RESULT: {}
COMMAND: POST /session/329de238260d7602ed1af1352086bef4/element - {"using":"xpath","value":"//button[@data-kt=\"saveButton\"]"}
RESULT: {"using":"xpath","value":"//button[@data-kt=\"saveButton\"]"}
COMMAND: POST /session/329de238260d7602ed1af1352086bef4/element/f.ABBA5987F2E82E58D78C902D9EA41D2B.d.EC78B6CBA047BC29A5F261033E11AFA0.e.18602/click - {}
RESULT: {}
COMMAND: GET /session/329de238260d7602ed1af1352086bef4/screenshot - {}
RESULT: {}
COMMAND: POST /session/329de238260d7602ed1af1352086bef4/element - {"using":"xpath","value":"//span[contains(@id ,\"contractDetailTitleNoExpanded\")]"}
RESULT: {"using":"xpath","value":"//span[contains(@id ,\"contractDetailTitleNoExpanded\")]"}
COMMAND: POST /session/329de238260d7602ed1af1352086bef4/elements - {"using":"xpath","value":"//span[contains(@id ,\"contractDetailTitleNoExpanded\")]"}
RESULT: {"using":"xpath","value":"//span[contains(@id ,\"contractDetailTitleNoExpanded\")]"}
COMMAND: POST /session/329de238260d7602ed1af1352086bef4/execute/sync - {"script":"<script> [56 bytes]","args":[{"element-6066-11e4-a52e-4f735466cecf":"f.ABBA5987F2E82E58D78C902D9EA41D2B.d.EC78B6CBA047BC29A5F261033E11AFA0.e.18684","ELEMENT":"f.ABBA5987F2E82E58D78C902D9EA41D2B.d.EC78B6CBA047BC29A5F261033E11AFA0.e.18684"}]}
RESULT: {"script":"<script> [56 bytes]","args":[{"element-6066-11e4-a52e-4f735466cecf":"f.ABBA5987F2E82E58D78C902D9EA41D2B.d.EC78B6CBA047BC29A5F261033E11AFA0.e.18684","ELEMENT":"f.ABBA5987F2E82E58D78C902D9EA41D2B.d.EC78B6CBA047BC29A5F261033E11AFA0.e.18684"}]}
COMMAND: GET /session/329de238260d7602ed1af1352086bef4/screenshot - {}
RESULT: {}
]]></system-out>
    </testcase>
    <testcase classname="chrome.136_0_7103_93.windows.Performance_based_billing_(work_days)_US139742" name="Should add equipment to the contract" time="46.151">
      <system-out><![CDATA[
COMMAND: POST /session/329de238260d7602ed1af1352086bef4/element - {"using":"xpath","value":"//button[@data-kt=\"contractDetailEditBtnButton\"]"}
RESULT: {"using":"xpath","value":"//button[@data-kt=\"contractDetailEditBtnButton\"]"}
COMMAND: POST /session/329de238260d7602ed1af1352086bef4/element/f.ABBA5987F2E82E58D78C902D9EA41D2B.d.EC78B6CBA047BC29A5F261033E11AFA0.e.18685/click - {}
RESULT: {}
COMMAND: GET /session/329de238260d7602ed1af1352086bef4/screenshot - {}
RESULT: {}
COMMAND: POST /session/329de238260d7602ed1af1352086bef4/element - {"using":"xpath","value":"(//span[contains(text(), \"Additional Addresses\")])[2]"}
RESULT: {"using":"xpath","value":"(//span[contains(text(), \"Additional Addresses\")])[2]"}
COMMAND: POST /session/329de238260d7602ed1af1352086bef4/element/f.ABBA5987F2E82E58D78C902D9EA41D2B.d.EC78B6CBA047BC29A5F261033E11AFA0.e.18739/click - {}
RESULT: {}
COMMAND: GET /session/329de238260d7602ed1af1352086bef4/screenshot - {}
RESULT: {}
COMMAND: POST /session/329de238260d7602ed1af1352086bef4/element - {"using":"xpath","value":"//button[@data-kt=\"btnAddTableRowOverflowToolbarButton\"]"}
RESULT: {"using":"xpath","value":"//button[@data-kt=\"btnAddTableRowOverflowToolbarButton\"]"}
COMMAND: POST /session/329de238260d7602ed1af1352086bef4/element/f.ABBA5987F2E82E58D78C902D9EA41D2B.d.EC78B6CBA047BC29A5F261033E11AFA0.e.18743/click - {}
RESULT: {}
COMMAND: GET /session/329de238260d7602ed1af1352086bef4/screenshot - {}
RESULT: {}
COMMAND: POST /session/329de238260d7602ed1af1352086bef4/element - {"using":"xpath","value":"//div[(text() = 'Standard Entry' or . = 'Standard Entry')]"}
RESULT: {"using":"xpath","value":"//div[(text() = 'Standard Entry' or . = 'Standard Entry')]"}
COMMAND: POST /session/329de238260d7602ed1af1352086bef4/element/f.ABBA5987F2E82E58D78C902D9EA41D2B.d.EC78B6CBA047BC29A5F261033E11AFA0.e.18745/click - {}
RESULT: {}
COMMAND: GET /session/329de238260d7602ed1af1352086bef4/screenshot - {}
RESULT: {}
COMMAND: POST /session/329de238260d7602ed1af1352086bef4/element - {"using":"xpath","value":"//td[7]/div/div/input"}
RESULT: {"using":"xpath","value":"//td[7]/div/div/input"}
COMMAND: POST /session/329de238260d7602ed1af1352086bef4/element/f.ABBA5987F2E82E58D78C902D9EA41D2B.d.EC78B6CBA047BC29A5F261033E11AFA0.e.18754/clear - {}
RESULT: {}
COMMAND: POST /session/329de238260d7602ed1af1352086bef4/element/f.ABBA5987F2E82E58D78C902D9EA41D2B.d.EC78B6CBA047BC29A5F261033E11AFA0.e.18754/value - {"text":"9GJloXryAe"}
COMMAND: GET /session/329de238260d7602ed1af1352086bef4/screenshot - {}
RESULT: {"text":"9GJloXryAe"}
COMMAND: GET /session/329de238260d7602ed1af1352086bef4/screenshot - {}
RESULT: {}
RESULT: {}
COMMAND: POST /session/329de238260d7602ed1af1352086bef4/actions - {"actions":[{"id":"action63","type":"key","parameters":{},"actions":[{"type":"keyDown","value":""},{"type":"pause","duration":10},{"type":"keyUp","value":""}]}]}
RESULT: {"actions":[{"id":"action63","type":"key","parameters":{},"actions":[{"type":"keyDown","value":""},{"type":"pause","duration":10},{"type":"keyUp","value":""}]}]}
COMMAND: GET /session/329de238260d7602ed1af1352086bef4/screenshot - {}
RESULT: {}
COMMAND: POST /session/329de238260d7602ed1af1352086bef4/execute/sync - {"script":"<script> [276 bytes]","args":["No pricing information was found"]}
RESULT: {"script":"<script> [276 bytes]","args":["No pricing information was found"]}
COMMAND: POST /session/329de238260d7602ed1af1352086bef4/element - {"using":"xpath","value":"(//button[@data-kt=\"saveButton\"])[2]"}
COMMAND: GET /session/329de238260d7602ed1af1352086bef4/screenshot - {}
RESULT: {"using":"xpath","value":"(//button[@data-kt=\"saveButton\"])[2]"}
COMMAND: POST /session/329de238260d7602ed1af1352086bef4/element/f.ABBA5987F2E82E58D78C902D9EA41D2B.d.EC78B6CBA047BC29A5F261033E11AFA0.e.18769/click - {}
RESULT: {}
RESULT: {}
COMMAND: GET /session/329de238260d7602ed1af1352086bef4/screenshot - {}
RESULT: {}
COMMAND: POST /session/329de238260d7602ed1af1352086bef4/execute/sync - {"script":"<script> [276 bytes]","args":["Some contract items are having rental validity exceeding header rental validity"]}
RESULT: {"script":"<script> [276 bytes]","args":["Some contract items are having rental validity exceeding header rental validity"]}
COMMAND: GET /session/329de238260d7602ed1af1352086bef4/screenshot - {}
RESULT: {}
COMMAND: POST /session/329de238260d7602ed1af1352086bef4/element - {"using":"xpath","value":"//span[contains(@id ,\"contractItemsSmartTable-header-inner\")]"}
RESULT: {"using":"xpath","value":"//span[contains(@id ,\"contractItemsSmartTable-header-inner\")]"}
COMMAND: POST /session/329de238260d7602ed1af1352086bef4/elements - {"using":"xpath","value":"//span[contains(@id ,\"contractItemsSmartTable-header-inner\")]"}
RESULT: {"using":"xpath","value":"//span[contains(@id ,\"contractItemsSmartTable-header-inner\")]"}
COMMAND: POST /session/329de238260d7602ed1af1352086bef4/execute/sync - {"script":"<script> [56 bytes]","args":[{"element-6066-11e4-a52e-4f735466cecf":"f.ABBA5987F2E82E58D78C902D9EA41D2B.d.EC78B6CBA047BC29A5F261033E11AFA0.e.18776","ELEMENT":"f.ABBA5987F2E82E58D78C902D9EA41D2B.d.EC78B6CBA047BC29A5F261033E11AFA0.e.18776"}]}
RESULT: {"script":"<script> [56 bytes]","args":[{"element-6066-11e4-a52e-4f735466cecf":"f.ABBA5987F2E82E58D78C902D9EA41D2B.d.EC78B6CBA047BC29A5F261033E11AFA0.e.18776","ELEMENT":"f.ABBA5987F2E82E58D78C902D9EA41D2B.d.EC78B6CBA047BC29A5F261033E11AFA0.e.18776"}]}
]]></system-out>
    </testcase>
    <testcase classname="chrome.136_0_7103_93.windows.Performance_based_billing_(work_days)_US139742" name="Should do a provide to site handover" time="59.218">
      <system-out><![CDATA[
COMMAND: POST /session/329de238260d7602ed1af1352086bef4/element - {"using":"xpath","value":"//button[@data-kt=\"provideButton\"]"}
COMMAND: GET /session/329de238260d7602ed1af1352086bef4/screenshot - {}
RESULT: {"using":"xpath","value":"//button[@data-kt=\"provideButton\"]"}
COMMAND: POST /session/329de238260d7602ed1af1352086bef4/element/f.ABBA5987F2E82E58D78C902D9EA41D2B.d.EC78B6CBA047BC29A5F261033E11AFA0.e.18777/click - {}
RESULT: {}
RESULT: {}
COMMAND: GET /session/329de238260d7602ed1af1352086bef4/screenshot - {}
RESULT: {}
RESULT: undefined
COMMAND: POST /session/329de238260d7602ed1af1352086bef4/execute/async - {"script":"<script> [6424 bytes]","args":[{"element-6066-11e4-a52e-4f735466cecf":"f.ABBA5987F2E82E58D78C902D9EA41D2B.d.EC78B6CBA047BC29A5F261033E11AFA0.e.17749"},"setValue",["5/29/25"]]}
COMMAND: POST /session/329de238260d7602ed1af1352086bef4/execute/async - {"script":"<script> [1562 bytes]","args":[{"selector":{"id":"application-managehandovers-display-component---AddNewHO--dueDate","interaction":{"idSuffix":"inner"}},"wdio_ui5_key":"applicationmanagehandovers-display-component---AddNewHO--dueDate"}]}
RESULT: {"script":"<script> [1562 bytes]","args":[{"selector":{"id":"application-managehandovers-display-component---AddNewHO--dueDate","interaction":{"idSuffix":"inner"}},"wdio_ui5_key":"applicationmanagehandovers-display-component---AddNewHO--dueDate"}]}
COMMAND: POST /session/329de238260d7602ed1af1352086bef4/execute/async - {"script":"<script> [6424 bytes]","args":[{"element-6066-11e4-a52e-4f735466cecf":"f.ABBA5987F2E82E58D78C902D9EA41D2B.d.EC78B6CBA047BC29A5F261033E11AFA0.e.18834"},"setValue",["5/29/25"]]}
RESULT: {"script":"<script> [6424 bytes]","args":[{"element-6066-11e4-a52e-4f735466cecf":"f.ABBA5987F2E82E58D78C902D9EA41D2B.d.EC78B6CBA047BC29A5F261033E11AFA0.e.18834"},"setValue",["5/29/25"]]}
COMMAND: POST /session/329de238260d7602ed1af1352086bef4/element - {"using":"xpath","value":"//bdi[contains(text(), \"Instructions\")]"}
RESULT: {"using":"xpath","value":"//bdi[contains(text(), \"Instructions\")]"}
COMMAND: POST /session/329de238260d7602ed1af1352086bef4/element/f.ABBA5987F2E82E58D78C902D9EA41D2B.d.EC78B6CBA047BC29A5F261033E11AFA0.e.19084/click - {}
RESULT: {}
COMMAND: GET /session/329de238260d7602ed1af1352086bef4/screenshot - {}
RESULT: {}
COMMAND: POST /session/329de238260d7602ed1af1352086bef4/element - {"using":"xpath","value":"//button[@data-kt=\"AddNewHOProvideAddItemsButton\"]"}
RESULT: {"using":"xpath","value":"//button[@data-kt=\"AddNewHOProvideAddItemsButton\"]"}
COMMAND: POST /session/329de238260d7602ed1af1352086bef4/element/f.ABBA5987F2E82E58D78C902D9EA41D2B.d.EC78B6CBA047BC29A5F261033E11AFA0.e.19088/click - {}
RESULT: {}
COMMAND: GET /session/329de238260d7602ed1af1352086bef4/screenshot - {}
RESULT: {}
RESULT: undefined
COMMAND: POST /session/329de238260d7602ed1af1352086bef4/element - {"using":"xpath","value":"//*[@id=\"application-managehandovers-display-component---AddNewHO--popup-sa\"]"}
RESULT: {"using":"xpath","value":"//*[@id=\"application-managehandovers-display-component---AddNewHO--popup-sa\"]"}
COMMAND: POST /session/329de238260d7602ed1af1352086bef4/element/f.ABBA5987F2E82E58D78C902D9EA41D2B.d.EC78B6CBA047BC29A5F261033E11AFA0.e.19097/click - {}
RESULT: {}
COMMAND: GET /session/329de238260d7602ed1af1352086bef4/screenshot - {}
RESULT: {}
COMMAND: POST /session/329de238260d7602ed1af1352086bef4/element - {"using":"xpath","value":"//*[contains(@id ,\"BDI-content\")][contains(text(), \"Select\")]"}
RESULT: {"using":"xpath","value":"//*[contains(@id ,\"BDI-content\")][contains(text(), \"Select\")]"}
COMMAND: POST /session/329de238260d7602ed1af1352086bef4/element/f.ABBA5987F2E82E58D78C902D9EA41D2B.d.EC78B6CBA047BC29A5F261033E11AFA0.e.19099/click - {}
RESULT: {}
COMMAND: GET /session/329de238260d7602ed1af1352086bef4/screenshot - {}
RESULT: {}
COMMAND: POST /session/329de238260d7602ed1af1352086bef4/execute/async - {"script":"<script> [1562 bytes]","args":[{"selector":{"id":"application-managehandovers-display-component---AddNewHO--confirmCreationButton","interaction":{"idSuffix":"BDI-content"}},"wdio_ui5_key":"applicationmanagehandovers-display-component---AddNewHO--confirmCreationButton"}]}
RESULT: {"script":"<script> [1562 bytes]","args":[{"selector":{"id":"application-managehandovers-display-component---AddNewHO--confirmCreationButton","interaction":{"idSuffix":"BDI-content"}},"wdio_ui5_key":"applicationmanagehandovers-display-component---AddNewHO--confirmCreationButton"}]}
RESULT: undefined
COMMAND: POST /session/329de238260d7602ed1af1352086bef4/element - {"using":"xpath","value":"//*[@id=\"application-managehandovers-display-component---AddNewHO--confirmCreationButton\"]"}
RESULT: {"using":"xpath","value":"//*[@id=\"application-managehandovers-display-component---AddNewHO--confirmCreationButton\"]"}
COMMAND: POST /session/329de238260d7602ed1af1352086bef4/element/f.ABBA5987F2E82E58D78C902D9EA41D2B.d.EC78B6CBA047BC29A5F261033E11AFA0.e.18914/click - {}
RESULT: {}
COMMAND: GET /session/329de238260d7602ed1af1352086bef4/screenshot - {}
RESULT: {}
COMMAND: POST /session/329de238260d7602ed1af1352086bef4/execute/async - {"script":"<script> [1562 bytes]","args":[{"selector":{"id":"issueDatePicker","viewName":"etm.portal.ui.managehandovers.view.DetailExecuteHO","interaction":{"idSuffix":"inner"}},"wdio_ui5_key":"issueDatePickeretmportal.ui.managehandovers.view.DetailExecuteHO"}]}
RESULT: {"script":"<script> [1562 bytes]","args":[{"selector":{"id":"issueDatePicker","viewName":"etm.portal.ui.managehandovers.view.DetailExecuteHO","interaction":{"idSuffix":"inner"}},"wdio_ui5_key":"issueDatePickeretmportal.ui.managehandovers.view.DetailExecuteHO"}]}
RESULT: undefined
COMMAND: POST /session/329de238260d7602ed1af1352086bef4/execute/async - {"script":"<script> [776 bytes]","args":[{"enterText":"5/29/25","selector":{"id":"issueDatePicker","viewName":"etm.portal.ui.managehandovers.view.DetailExecuteHO","interaction":{"idSuffix":"inner"}},"clearTextFirst":true,"interactionType":"ENTER_TEXT"}]}
RESULT: {"script":"<script> [776 bytes]","args":[{"enterText":"5/29/25","selector":{"id":"issueDatePicker","viewName":"etm.portal.ui.managehandovers.view.DetailExecuteHO","interaction":{"idSuffix":"inner"}},"clearTextFirst":true,"interactionType":"ENTER_TEXT"}]}
COMMAND: POST /session/329de238260d7602ed1af1352086bef4/element - {"using":"xpath","value":"//button[@data-kt=\"PickingTableConfirmAllButton\"]"}
RESULT: {"using":"xpath","value":"//button[@data-kt=\"PickingTableConfirmAllButton\"]"}
COMMAND: POST /session/329de238260d7602ed1af1352086bef4/element/f.ABBA5987F2E82E58D78C902D9EA41D2B.d.EC78B6CBA047BC29A5F261033E11AFA0.e.19161/click - {}
RESULT: {}
COMMAND: GET /session/329de238260d7602ed1af1352086bef4/screenshot - {}
RESULT: {}
COMMAND: POST /session/329de238260d7602ed1af1352086bef4/element - {"using":"xpath","value":"//bdi[contains(text(), \"OK\")]"}
RESULT: {"using":"xpath","value":"//bdi[contains(text(), \"OK\")]"}
COMMAND: POST /session/329de238260d7602ed1af1352086bef4/element/f.ABBA5987F2E82E58D78C902D9EA41D2B.d.EC78B6CBA047BC29A5F261033E11AFA0.e.19165/click - {}
RESULT: {}
COMMAND: GET /session/329de238260d7602ed1af1352086bef4/screenshot - {}
RESULT: {}
COMMAND: POST /session/329de238260d7602ed1af1352086bef4/element - {"using":"xpath","value":"//bdi[contains(text(), \"Issue\")]"}
RESULT: {"using":"xpath","value":"//bdi[contains(text(), \"Issue\")]"}
COMMAND: POST /session/329de238260d7602ed1af1352086bef4/element/f.ABBA5987F2E82E58D78C902D9EA41D2B.d.EC78B6CBA047BC29A5F261033E11AFA0.e.19166/click - {}
RESULT: {}
COMMAND: GET /session/329de238260d7602ed1af1352086bef4/screenshot - {}
RESULT: {}
COMMAND: POST /session/329de238260d7602ed1af1352086bef4/element - {"using":"css selector","value":"#shell-header-logo"}
RESULT: {"using":"css selector","value":"#shell-header-logo"}
COMMAND: POST /session/329de238260d7602ed1af1352086bef4/element/f.ABBA5987F2E82E58D78C902D9EA41D2B.d.EC78B6CBA047BC29A5F261033E11AFA0.e.18162/click - {}
RESULT: {}
COMMAND: GET /session/329de238260d7602ed1af1352086bef4/screenshot - {}
RESULT: {}
]]></system-out>
    </testcase>
    <testcase classname="chrome.136_0_7103_93.windows.Performance_based_billing_(work_days)_US139742" name="Should create a few performance documents" time="96.778">
      <system-out><![CDATA[
COMMAND: POST /session/329de238260d7602ed1af1352086bef4/execute/async - {"script":"<script> [1562 bytes]","args":[{"selector":{"controlType":"sap.m.GenericTile","properties":{"header":"Manage States & Performance"}},"wdio_ui5_key":"sapm.GenericTile{\"header\":\"Manage States & Performance\"}"}]}
RESULT: {"script":"<script> [1562 bytes]","args":[{"selector":{"controlType":"sap.m.GenericTile","properties":{"header":"Manage States & Performance"}},"wdio_ui5_key":"sapm.GenericTile{\"header\":\"Manage States & Performance\"}"}]}
RESULT: undefined
COMMAND: POST /session/329de238260d7602ed1af1352086bef4/element - {"using":"xpath","value":"//*[@id=\"__tile56\"]"}
RESULT: {"using":"xpath","value":"//*[@id=\"__tile56\"]"}
COMMAND: POST /session/329de238260d7602ed1af1352086bef4/element/f.ABBA5987F2E82E58D78C902D9EA41D2B.d.EC78B6CBA047BC29A5F261033E11AFA0.e.15494/click - {}
RESULT: {}
COMMAND: GET /session/329de238260d7602ed1af1352086bef4/screenshot - {}
RESULT: {}
COMMAND: POST /session/329de238260d7602ed1af1352086bef4/elements - {"using":"xpath","value":"//span[text()='Error']"}
RESULT: {"using":"xpath","value":"//span[text()='Error']"}
COMMAND: POST /session/329de238260d7602ed1af1352086bef4/element - {"using":"xpath","value":"//div[@id=\"application-managestatesandperformance-display-component---stateAndPerform--smartFilterBarResources-btnBasicSearch\"]"}
RESULT: {"using":"xpath","value":"//div[@id=\"application-managestatesandperformance-display-component---stateAndPerform--smartFilterBarResources-btnBasicSearch\"]"}
COMMAND: POST /session/329de238260d7602ed1af1352086bef4/elements - {"using":"xpath","value":"//div[@id=\"application-managestatesandperformance-display-component---stateAndPerform--smartFilterBarResources-btnBasicSearch\"]"}
RESULT: {"using":"xpath","value":"//div[@id=\"application-managestatesandperformance-display-component---stateAndPerform--smartFilterBarResources-btnBasicSearch\"]"}
COMMAND: POST /session/329de238260d7602ed1af1352086bef4/execute/sync - {"script":"<script> [8489 bytes]","args":[{"element-6066-11e4-a52e-4f735466cecf":"f.ABBA5987F2E82E58D78C902D9EA41D2B.d.EC78B6CBA047BC29A5F261033E11AFA0.e.19411","ELEMENT":"f.ABBA5987F2E82E58D78C902D9EA41D2B.d.EC78B6CBA047BC29A5F261033E11AFA0.e.19411"}]}
RESULT: {"script":"<script> [8489 bytes]","args":[{"element-6066-11e4-a52e-4f735466cecf":"f.ABBA5987F2E82E58D78C902D9EA41D2B.d.EC78B6CBA047BC29A5F261033E11AFA0.e.19411","ELEMENT":"f.ABBA5987F2E82E58D78C902D9EA41D2B.d.EC78B6CBA047BC29A5F261033E11AFA0.e.19411"}]}
COMMAND: GET /session/329de238260d7602ed1af1352086bef4/element/f.ABBA5987F2E82E58D78C902D9EA41D2B.d.EC78B6CBA047BC29A5F261033E11AFA0.e.19411/enabled - {}
COMMAND: GET /session/329de238260d7602ed1af1352086bef4/screenshot - {}
RESULT: {}
COMMAND: POST /session/329de238260d7602ed1af1352086bef4/execute/sync - {"script":"<script> [8489 bytes]","args":[{"element-6066-11e4-a52e-4f735466cecf":"f.ABBA5987F2E82E58D78C902D9EA41D2B.d.EC78B6CBA047BC29A5F261033E11AFA0.e.19411","ELEMENT":"f.ABBA5987F2E82E58D78C902D9EA41D2B.d.EC78B6CBA047BC29A5F261033E11AFA0.e.19411"}]}
COMMAND: GET /session/329de238260d7602ed1af1352086bef4/screenshot - {}
RESULT: {}
RESULT: {"script":"<script> [8489 bytes]","args":[{"element-6066-11e4-a52e-4f735466cecf":"f.ABBA5987F2E82E58D78C902D9EA41D2B.d.EC78B6CBA047BC29A5F261033E11AFA0.e.19411","ELEMENT":"f.ABBA5987F2E82E58D78C902D9EA41D2B.d.EC78B6CBA047BC29A5F261033E11AFA0.e.19411"}]}
COMMAND: POST /session/329de238260d7602ed1af1352086bef4/execute/sync - {"script":"<script> [5351 bytes]","args":[{"element-6066-11e4-a52e-4f735466cecf":"f.ABBA5987F2E82E58D78C902D9EA41D2B.d.EC78B6CBA047BC29A5F261033E11AFA0.e.19411","ELEMENT":"f.ABBA5987F2E82E58D78C902D9EA41D2B.d.EC78B6CBA047BC29A5F261033E11AFA0.e.19411"}]}
COMMAND: GET /session/329de238260d7602ed1af1352086bef4/screenshot - {}
RESULT: {}
RESULT: {"script":"<script> [5351 bytes]","args":[{"element-6066-11e4-a52e-4f735466cecf":"f.ABBA5987F2E82E58D78C902D9EA41D2B.d.EC78B6CBA047BC29A5F261033E11AFA0.e.19411","ELEMENT":"f.ABBA5987F2E82E58D78C902D9EA41D2B.d.EC78B6CBA047BC29A5F261033E11AFA0.e.19411"}]}
COMMAND: POST /session/329de238260d7602ed1af1352086bef4/execute/async - {"script":"<script> [1562 bytes]","args":[{"selector":{"id":"application-managestatesandperformance-display-component---stateAndPerform--smartFilterBarResources-btnBasicSearch","interaction":{"idSuffix":"I"}},"wdio_ui5_key":"applicationmanagestatesandperformance-display-component---stateAndPerform--smartFilterBarResources-btnBasicSearch"}]}
COMMAND: GET /session/329de238260d7602ed1af1352086bef4/screenshot - {}
RESULT: {}
RESULT: {"script":"<script> [1562 bytes]","args":[{"selector":{"id":"application-managestatesandperformance-display-component---stateAndPerform--smartFilterBarResources-btnBasicSearch","interaction":{"idSuffix":"I"}},"wdio_ui5_key":"applicationmanagestatesandperformance-display-component---stateAndPerform--smartFilterBarResources-btnBasicSearch"}]}
RESULT: undefined
COMMAND: POST /session/329de238260d7602ed1af1352086bef4/execute/async - {"script":"<script> [776 bytes]","args":[{"enterText":"9GJloXryAe","selector":{"id":"application-managestatesandperformance-display-component---stateAndPerform--smartFilterBarResources-btnBasicSearch","interaction":{"idSuffix":"I"}},"clearTextFirst":true,"interactionType":"ENTER_TEXT"}]}
RESULT: {}
RESULT: {"script":"<script> [776 bytes]","args":[{"enterText":"9GJloXryAe","selector":{"id":"application-managestatesandperformance-display-component---stateAndPerform--smartFilterBarResources-btnBasicSearch","interaction":{"idSuffix":"I"}},"clearTextFirst":true,"interactionType":"ENTER_TEXT"}]}
COMMAND: POST /session/329de238260d7602ed1af1352086bef4/actions - {"actions":[{"id":"action64","type":"key","parameters":{},"actions":[{"type":"keyDown","value":""},{"type":"pause","duration":10},{"type":"keyUp","value":""}]}]}
RESULT: {"actions":[{"id":"action64","type":"key","parameters":{},"actions":[{"type":"keyDown","value":""},{"type":"pause","duration":10},{"type":"keyUp","value":""}]}]}
COMMAND: GET /session/329de238260d7602ed1af1352086bef4/screenshot - {}
RESULT: {}
COMMAND: POST /session/329de238260d7602ed1af1352086bef4/execute/async - {"script":"<script> [1562 bytes]","args":[{"selector":{"id":"application-managestatesandperformance-display-component---stateAndPerform--stateAndPerformResourcesSmartTable-header"},"wdio_ui5_key":"applicationmanagestatesandperformance-display-component---stateAndPerform--stateAndPerformResourcesSmartTable-header"}]}
RESULT: {"script":"<script> [1562 bytes]","args":[{"selector":{"id":"application-managestatesandperformance-display-component---stateAndPerform--stateAndPerformResourcesSmartTable-header"},"wdio_ui5_key":"applicationmanagestatesandperformance-display-component---stateAndPerform--stateAndPerformResourcesSmartTable-header"}]}
RESULT: undefined
COMMAND: POST /session/329de238260d7602ed1af1352086bef4/execute/async - {"script":"<script> [6424 bytes]","args":[{"element-6066-11e4-a52e-4f735466cecf":"f.ABBA5987F2E82E58D78C902D9EA41D2B.d.EC78B6CBA047BC29A5F261033E11AFA0.e.19446"},"getText",[]]}
RESULT: {"script":"<script> [6424 bytes]","args":[{"element-6066-11e4-a52e-4f735466cecf":"f.ABBA5987F2E82E58D78C902D9EA41D2B.d.EC78B6CBA047BC29A5F261033E11AFA0.e.19446"},"getText",[]]}
COMMAND: POST /session/329de238260d7602ed1af1352086bef4/execute/async - {"script":"<script> [1562 bytes]","args":[{"selector":{"controlType":"sap.ui.core.Icon","viewName":"etm.portal.ui.managestatesandperformance.view.Master","viewId":"application-managestatesandperformance-display-component---stateAndPerform","properties":{"src":{"regex":{"source":"slim\\-arrow\\-right"}}}},"wdio_ui5_key":"etmportal.ui.managestatesandperformance.view.Mastersap.ui.core.Icon{\"src\":{\"regex\":{\"source\":\"slim\\\\-arrow\\\\-right\"}}}"}]}
RESULT: {"script":"<script> [1562 bytes]","args":[{"selector":{"controlType":"sap.ui.core.Icon","viewName":"etm.portal.ui.managestatesandperformance.view.Master","viewId":"application-managestatesandperformance-display-component---stateAndPerform","properties":{"src":{"regex":{"source":"slim\\-arrow\\-right"}}}},"wdio_ui5_key":"etmportal.ui.managestatesandperformance.view.Mastersap.ui.core.Icon{\"src\":{\"regex\":{\"source\":\"slim\\\\-arrow\\\\-right\"}}}"}]}
RESULT: undefined
COMMAND: POST /session/329de238260d7602ed1af1352086bef4/element - {"using":"xpath","value":"//*[@id=\"__item2329-__clone4391-imgNav\"]"}
RESULT: {"using":"xpath","value":"//*[@id=\"__item2329-__clone4391-imgNav\"]"}
COMMAND: POST /session/329de238260d7602ed1af1352086bef4/element/f.ABBA5987F2E82E58D78C902D9EA41D2B.d.EC78B6CBA047BC29A5F261033E11AFA0.e.19445/click - {}
RESULT: {}
COMMAND: GET /session/329de238260d7602ed1af1352086bef4/screenshot - {}
RESULT: {}
COMMAND: POST /session/329de238260d7602ed1af1352086bef4/execute/async - {"script":"<script> [1562 bytes]","args":[{"selector":{"controlType":"sap.m.Button","viewName":"etm.portal.ui.managestatesandperformance.view.Detail","viewId":"application-managestatesandperformance-display-component---detailStateAndPerform","properties":{"text":"Performance Documents"}},"wdio_ui5_key":"etmportal.ui.managestatesandperformance.view.Detailsap.m.Button{\"text\":\"Performance Documents\"}"}]}
RESULT: {"script":"<script> [1562 bytes]","args":[{"selector":{"controlType":"sap.m.Button","viewName":"etm.portal.ui.managestatesandperformance.view.Detail","viewId":"application-managestatesandperformance-display-component---detailStateAndPerform","properties":{"text":"Performance Documents"}},"wdio_ui5_key":"etmportal.ui.managestatesandperformance.view.Detailsap.m.Button{\"text\":\"Performance Documents\"}"}]}
RESULT: undefined
COMMAND: POST /session/329de238260d7602ed1af1352086bef4/element - {"using":"xpath","value":"//*[@id=\"__item2352-button\"]"}
RESULT: {"using":"xpath","value":"//*[@id=\"__item2352-button\"]"}
COMMAND: POST /session/329de238260d7602ed1af1352086bef4/element/f.ABBA5987F2E82E58D78C902D9EA41D2B.d.EC78B6CBA047BC29A5F261033E11AFA0.e.19490/click - {}
RESULT: {}
COMMAND: POST /session/329de238260d7602ed1af1352086bef4/execute/async - {"script":"<script> [1562 bytes]","args":[{"selector":{"controlType":"sap.m.Button","viewName":"etm.portal.ui.managestatesandperformance.view.Detail","viewId":"application-managestatesandperformance-display-component---detailStateAndPerform","i18NText":{"propertyName":"text","key":"createPerformanceDoc"},"interaction":{"idSuffix":"BDI-content"}},"wdio_ui5_key":"etmportal.ui.managestatesandperformance.view.Detailsap.m.Button{\"propertyName\":\"text\",\"key\":\"createPerformanceDoc\"}"}]}
COMMAND: GET /session/329de238260d7602ed1af1352086bef4/screenshot - {}
RESULT: {"script":"<script> [1562 bytes]","args":[{"selector":{"controlType":"sap.m.Button","viewName":"etm.portal.ui.managestatesandperformance.view.Detail","viewId":"application-managestatesandperformance-display-component---detailStateAndPerform","i18NText":{"propertyName":"text","key":"createPerformanceDoc"},"interaction":{"idSuffix":"BDI-content"}},"wdio_ui5_key":"etmportal.ui.managestatesandperformance.view.Detailsap.m.Button{\"propertyName\":\"text\",\"key\":\"createPerformanceDoc\"}"}]}
RESULT: undefined
COMMAND: POST /session/329de238260d7602ed1af1352086bef4/element - {"using":"xpath","value":"//*[@id=\"__button406\"]"}
RESULT: {}
RESULT: {"using":"xpath","value":"//*[@id=\"__button406\"]"}
COMMAND: POST /session/329de238260d7602ed1af1352086bef4/element/f.ABBA5987F2E82E58D78C902D9EA41D2B.d.EC78B6CBA047BC29A5F261033E11AFA0.e.19493/click - {}
RESULT: {}
COMMAND: POST /session/329de238260d7602ed1af1352086bef4/execute/async - {"script":"<script> [1562 bytes]","args":[{"selector":{"id":"application-managestatesandperformance-display-component---detailStateAndPerform--perfDocDatePicker","searchOpenDialogs":true,"interaction":{"idSuffix":"inner"}},"wdio_ui5_key":"applicationmanagestatesandperformance-display-component---detailStateAndPerform--perfDocDatePicker"}]}
COMMAND: GET /session/329de238260d7602ed1af1352086bef4/screenshot - {}
RESULT: {"script":"<script> [1562 bytes]","args":[{"selector":{"id":"application-managestatesandperformance-display-component---detailStateAndPerform--perfDocDatePicker","searchOpenDialogs":true,"interaction":{"idSuffix":"inner"}},"wdio_ui5_key":"applicationmanagestatesandperformance-display-component---detailStateAndPerform--perfDocDatePicker"}]}
RESULT: undefined
COMMAND: POST /session/329de238260d7602ed1af1352086bef4/execute/async - {"script":"<script> [776 bytes]","args":[{"enterText":"5/31/25","selector":{"id":"application-managestatesandperformance-display-component---detailStateAndPerform--perfDocDatePicker","searchOpenDialogs":true,"interaction":{"idSuffix":"inner"}},"clearTextFirst":true,"interactionType":"ENTER_TEXT"}]}
RESULT: {}
RESULT: {"script":"<script> [776 bytes]","args":[{"enterText":"5/31/25","selector":{"id":"application-managestatesandperformance-display-component---detailStateAndPerform--perfDocDatePicker","searchOpenDialogs":true,"interaction":{"idSuffix":"inner"}},"clearTextFirst":true,"interactionType":"ENTER_TEXT"}]}
COMMAND: POST /session/329de238260d7602ed1af1352086bef4/execute/async - {"script":"<script> [1562 bytes]","args":[{"selector":{"id":"application-managestatesandperformance-display-component---detailStateAndPerform--counterValue-input","searchOpenDialogs":true,"interaction":{"idSuffix":"inner"}},"wdio_ui5_key":"applicationmanagestatesandperformance-display-component---detailStateAndPerform--counterValue-input"}]}
RESULT: {"script":"<script> [1562 bytes]","args":[{"selector":{"id":"application-managestatesandperformance-display-component---detailStateAndPerform--counterValue-input","searchOpenDialogs":true,"interaction":{"idSuffix":"inner"}},"wdio_ui5_key":"applicationmanagestatesandperformance-display-component---detailStateAndPerform--counterValue-input"}]}
RESULT: undefined
COMMAND: POST /session/329de238260d7602ed1af1352086bef4/execute/async - {"script":"<script> [776 bytes]","args":[{"enterText":"15.00","selector":{"id":"application-managestatesandperformance-display-component---detailStateAndPerform--counterValue-input","searchOpenDialogs":true,"interaction":{"idSuffix":"inner"}},"clearTextFirst":true,"interactionType":"ENTER_TEXT"}]}
RESULT: {"script":"<script> [776 bytes]","args":[{"enterText":"15.00","selector":{"id":"application-managestatesandperformance-display-component---detailStateAndPerform--counterValue-input","searchOpenDialogs":true,"interaction":{"idSuffix":"inner"}},"clearTextFirst":true,"interactionType":"ENTER_TEXT"}]}
COMMAND: POST /session/329de238260d7602ed1af1352086bef4/execute/async - {"script":"<script> [1562 bytes]","args":[{"selector":{"controlType":"sap.m.Button","viewName":"etm.portal.ui.managestatesandperformance.view.Detail","viewId":"application-managestatesandperformance-display-component---detailStateAndPerform","bindingPath":{"path":"","propertyPath":"/allowAddEdit","modelName":"oScreenModel"},"searchOpenDialogs":true,"interaction":{"idSuffix":"BDI-content"}},"wdio_ui5_key":"etmportal.ui.managestatesandperformance.view.Detailsap.m.Button{\"path\":\"\",\"propertyPath\":\"/allowAddEdit\",\"modelName\":\"oScreenModel\"}"}]}
RESULT: {"script":"<script> [1562 bytes]","args":[{"selector":{"controlType":"sap.m.Button","viewName":"etm.portal.ui.managestatesandperformance.view.Detail","viewId":"application-managestatesandperformance-display-component---detailStateAndPerform","bindingPath":{"path":"","propertyPath":"/allowAddEdit","modelName":"oScreenModel"},"searchOpenDialogs":true,"interaction":{"idSuffix":"BDI-content"}},"wdio_ui5_key":"etmportal.ui.managestatesandperformance.view.Detailsap.m.Button{\"path\":\"\",\"propertyPath\":\"/allowAddEdit\",\"modelName\":\"oScreenModel\"}"}]}
RESULT: undefined
COMMAND: POST /session/329de238260d7602ed1af1352086bef4/element - {"using":"xpath","value":"//*[@id=\"__button413\"]"}
RESULT: {"using":"xpath","value":"//*[@id=\"__button413\"]"}
COMMAND: POST /session/329de238260d7602ed1af1352086bef4/element/f.ABBA5987F2E82E58D78C902D9EA41D2B.d.EC78B6CBA047BC29A5F261033E11AFA0.e.19514/click - {}
RESULT: {}
RESULT: undefined
COMMAND: POST /session/329de238260d7602ed1af1352086bef4/element - {"using":"xpath","value":"//*[@id=\"__button406\"]"}
COMMAND: GET /session/329de238260d7602ed1af1352086bef4/screenshot - {}
RESULT: {"using":"xpath","value":"//*[@id=\"__button406\"]"}
COMMAND: POST /session/329de238260d7602ed1af1352086bef4/element/f.ABBA5987F2E82E58D78C902D9EA41D2B.d.EC78B6CBA047BC29A5F261033E11AFA0.e.19493/click - {}
RESULT: {}
RESULT: {}
RESULT: undefined
COMMAND: POST /session/329de238260d7602ed1af1352086bef4/execute/async - {"script":"<script> [776 bytes]","args":[{"enterText":"6/4/25","selector":{"id":"application-managestatesandperformance-display-component---detailStateAndPerform--perfDocDatePicker","searchOpenDialogs":true,"interaction":{"idSuffix":"inner"}},"clearTextFirst":true,"interactionType":"ENTER_TEXT"}]}
COMMAND: GET /session/329de238260d7602ed1af1352086bef4/screenshot - {}
RESULT: {"script":"<script> [776 bytes]","args":[{"enterText":"6/4/25","selector":{"id":"application-managestatesandperformance-display-component---detailStateAndPerform--perfDocDatePicker","searchOpenDialogs":true,"interaction":{"idSuffix":"inner"}},"clearTextFirst":true,"interactionType":"ENTER_TEXT"}]}
RESULT: undefined
COMMAND: POST /session/329de238260d7602ed1af1352086bef4/execute/async - {"script":"<script> [776 bytes]","args":[{"enterText":"20.00","selector":{"id":"application-managestatesandperformance-display-component---detailStateAndPerform--counterValue-input","searchOpenDialogs":true,"interaction":{"idSuffix":"inner"}},"clearTextFirst":true,"interactionType":"ENTER_TEXT"}]}
RESULT: {}
RESULT: {"script":"<script> [776 bytes]","args":[{"enterText":"20.00","selector":{"id":"application-managestatesandperformance-display-component---detailStateAndPerform--counterValue-input","searchOpenDialogs":true,"interaction":{"idSuffix":"inner"}},"clearTextFirst":true,"interactionType":"ENTER_TEXT"}]}
COMMAND: POST /session/329de238260d7602ed1af1352086bef4/actions - {"actions":[{"id":"action65","type":"key","parameters":{},"actions":[{"type":"keyDown","value":""},{"type":"keyDown","value":""},{"type":"pause","duration":10},{"type":"keyUp","value":""},{"type":"keyUp","value":""}]}]}
RESULT: {"actions":[{"id":"action65","type":"key","parameters":{},"actions":[{"type":"keyDown","value":""},{"type":"keyDown","value":""},{"type":"pause","duration":10},{"type":"keyUp","value":""},{"type":"keyUp","value":""}]}]}
COMMAND: POST /session/329de238260d7602ed1af1352086bef4/actions - {"actions":[{"id":"action66","type":"key","parameters":{},"actions":[{"type":"keyDown","value":""},{"type":"pause","duration":10},{"type":"keyUp","value":""}]}]}
COMMAND: GET /session/329de238260d7602ed1af1352086bef4/screenshot - {}
RESULT: {"actions":[{"id":"action66","type":"key","parameters":{},"actions":[{"type":"keyDown","value":""},{"type":"pause","duration":10},{"type":"keyUp","value":""}]}]}
RESULT: undefined
COMMAND: POST /session/329de238260d7602ed1af1352086bef4/element - {"using":"xpath","value":"//*[@id=\"__button413\"]"}
COMMAND: GET /session/329de238260d7602ed1af1352086bef4/screenshot - {}
RESULT: {}
RESULT: {"using":"xpath","value":"//*[@id=\"__button413\"]"}
COMMAND: POST /session/329de238260d7602ed1af1352086bef4/elements - {"using":"xpath","value":"//*[@id=\"__button413\"]"}
RESULT: {}
RESULT: {"using":"xpath","value":"//*[@id=\"__button413\"]"}
COMMAND: POST /session/329de238260d7602ed1af1352086bef4/elements - {"using":"xpath","value":"//*[@id=\"__button413\"]"}
RESULT: {"using":"xpath","value":"//*[@id=\"__button413\"]"}
COMMAND: POST /session/329de238260d7602ed1af1352086bef4/elements - {"using":"xpath","value":"//*[@id=\"__button413\"]"}
RESULT: {"using":"xpath","value":"//*[@id=\"__button413\"]"}
COMMAND: POST /session/329de238260d7602ed1af1352086bef4/elements - {"using":"xpath","value":"//*[@id=\"__button413\"]"}
RESULT: {"using":"xpath","value":"//*[@id=\"__button413\"]"}
COMMAND: POST /session/329de238260d7602ed1af1352086bef4/elements - {"using":"xpath","value":"//*[@id=\"__button413\"]"}
RESULT: {"using":"xpath","value":"//*[@id=\"__button413\"]"}
COMMAND: POST /session/329de238260d7602ed1af1352086bef4/elements - {"using":"xpath","value":"//*[@id=\"__button413\"]"}
RESULT: {"using":"xpath","value":"//*[@id=\"__button413\"]"}
COMMAND: POST /session/329de238260d7602ed1af1352086bef4/elements - {"using":"xpath","value":"//*[@id=\"__button413\"]"}
RESULT: {"using":"xpath","value":"//*[@id=\"__button413\"]"}
COMMAND: POST /session/329de238260d7602ed1af1352086bef4/elements - {"using":"xpath","value":"//*[@id=\"__button413\"]"}
RESULT: {"using":"xpath","value":"//*[@id=\"__button413\"]"}
COMMAND: POST /session/329de238260d7602ed1af1352086bef4/elements - {"using":"xpath","value":"//*[@id=\"__button413\"]"}
RESULT: {"using":"xpath","value":"//*[@id=\"__button413\"]"}
COMMAND: POST /session/329de238260d7602ed1af1352086bef4/elements - {"using":"xpath","value":"//*[@id=\"__button413\"]"}
RESULT: {"using":"xpath","value":"//*[@id=\"__button413\"]"}
COMMAND: POST /session/329de238260d7602ed1af1352086bef4/elements - {"using":"xpath","value":"//*[@id=\"__button413\"]"}
RESULT: {"using":"xpath","value":"//*[@id=\"__button413\"]"}
COMMAND: POST /session/329de238260d7602ed1af1352086bef4/elements - {"using":"xpath","value":"//*[@id=\"__button413\"]"}
RESULT: {"using":"xpath","value":"//*[@id=\"__button413\"]"}
COMMAND: POST /session/329de238260d7602ed1af1352086bef4/elements - {"using":"xpath","value":"//*[@id=\"__button413\"]"}
RESULT: {"using":"xpath","value":"//*[@id=\"__button413\"]"}
COMMAND: POST /session/329de238260d7602ed1af1352086bef4/elements - {"using":"xpath","value":"//*[@id=\"__button413\"]"}
RESULT: {"using":"xpath","value":"//*[@id=\"__button413\"]"}
COMMAND: POST /session/329de238260d7602ed1af1352086bef4/elements - {"using":"xpath","value":"//*[@id=\"__button413\"]"}
RESULT: {"using":"xpath","value":"//*[@id=\"__button413\"]"}
COMMAND: POST /session/329de238260d7602ed1af1352086bef4/elements - {"using":"xpath","value":"//*[@id=\"__button413\"]"}
RESULT: {"using":"xpath","value":"//*[@id=\"__button413\"]"}
COMMAND: POST /session/329de238260d7602ed1af1352086bef4/elements - {"using":"xpath","value":"//*[@id=\"__button413\"]"}
RESULT: {"using":"xpath","value":"//*[@id=\"__button413\"]"}
COMMAND: POST /session/329de238260d7602ed1af1352086bef4/elements - {"using":"xpath","value":"//*[@id=\"__button413\"]"}
RESULT: {"using":"xpath","value":"//*[@id=\"__button413\"]"}
COMMAND: POST /session/329de238260d7602ed1af1352086bef4/elements - {"using":"xpath","value":"//*[@id=\"__button413\"]"}
RESULT: {"using":"xpath","value":"//*[@id=\"__button413\"]"}
COMMAND: POST /session/329de238260d7602ed1af1352086bef4/elements - {"using":"xpath","value":"//*[@id=\"__button413\"]"}
RESULT: {"using":"xpath","value":"//*[@id=\"__button413\"]"}
COMMAND: POST /session/329de238260d7602ed1af1352086bef4/elements - {"using":"xpath","value":"//*[@id=\"__button413\"]"}
RESULT: {"using":"xpath","value":"//*[@id=\"__button413\"]"}
COMMAND: POST /session/329de238260d7602ed1af1352086bef4/elements - {"using":"xpath","value":"//*[@id=\"__button413\"]"}
RESULT: {"using":"xpath","value":"//*[@id=\"__button413\"]"}
COMMAND: POST /session/329de238260d7602ed1af1352086bef4/elements - {"using":"xpath","value":"//*[@id=\"__button413\"]"}
RESULT: {"using":"xpath","value":"//*[@id=\"__button413\"]"}
COMMAND: POST /session/329de238260d7602ed1af1352086bef4/elements - {"using":"xpath","value":"//*[@id=\"__button413\"]"}
RESULT: {"using":"xpath","value":"//*[@id=\"__button413\"]"}
COMMAND: POST /session/329de238260d7602ed1af1352086bef4/elements - {"using":"xpath","value":"//*[@id=\"__button413\"]"}
RESULT: {"using":"xpath","value":"//*[@id=\"__button413\"]"}
COMMAND: POST /session/329de238260d7602ed1af1352086bef4/elements - {"using":"xpath","value":"//*[@id=\"__button413\"]"}
RESULT: {"using":"xpath","value":"//*[@id=\"__button413\"]"}
COMMAND: POST /session/329de238260d7602ed1af1352086bef4/elements - {"using":"xpath","value":"//*[@id=\"__button413\"]"}
RESULT: {"using":"xpath","value":"//*[@id=\"__button413\"]"}
COMMAND: POST /session/329de238260d7602ed1af1352086bef4/elements - {"using":"xpath","value":"//*[@id=\"__button413\"]"}
RESULT: {"using":"xpath","value":"//*[@id=\"__button413\"]"}
COMMAND: POST /session/329de238260d7602ed1af1352086bef4/elements - {"using":"xpath","value":"//*[@id=\"__button413\"]"}
RESULT: {"using":"xpath","value":"//*[@id=\"__button413\"]"}
COMMAND: POST /session/329de238260d7602ed1af1352086bef4/elements - {"using":"xpath","value":"//*[@id=\"__button413\"]"}
RESULT: {"using":"xpath","value":"//*[@id=\"__button413\"]"}
COMMAND: POST /session/329de238260d7602ed1af1352086bef4/elements - {"using":"xpath","value":"//*[@id=\"__button413\"]"}
RESULT: {"using":"xpath","value":"//*[@id=\"__button413\"]"}
COMMAND: POST /session/329de238260d7602ed1af1352086bef4/elements - {"using":"xpath","value":"//*[@id=\"__button413\"]"}
RESULT: {"using":"xpath","value":"//*[@id=\"__button413\"]"}
COMMAND: POST /session/329de238260d7602ed1af1352086bef4/elements - {"using":"xpath","value":"//*[@id=\"__button413\"]"}
RESULT: {"using":"xpath","value":"//*[@id=\"__button413\"]"}
COMMAND: POST /session/329de238260d7602ed1af1352086bef4/elements - {"using":"xpath","value":"//*[@id=\"__button413\"]"}
RESULT: {"using":"xpath","value":"//*[@id=\"__button413\"]"}
COMMAND: POST /session/329de238260d7602ed1af1352086bef4/elements - {"using":"xpath","value":"//*[@id=\"__button413\"]"}
RESULT: {"using":"xpath","value":"//*[@id=\"__button413\"]"}
COMMAND: POST /session/329de238260d7602ed1af1352086bef4/elements - {"using":"xpath","value":"//*[@id=\"__button413\"]"}
RESULT: {"using":"xpath","value":"//*[@id=\"__button413\"]"}
COMMAND: POST /session/329de238260d7602ed1af1352086bef4/elements - {"using":"xpath","value":"//*[@id=\"__button413\"]"}
RESULT: {"using":"xpath","value":"//*[@id=\"__button413\"]"}
COMMAND: POST /session/329de238260d7602ed1af1352086bef4/elements - {"using":"xpath","value":"//*[@id=\"__button413\"]"}
RESULT: {"using":"xpath","value":"//*[@id=\"__button413\"]"}
COMMAND: POST /session/329de238260d7602ed1af1352086bef4/elements - {"using":"xpath","value":"//*[@id=\"__button413\"]"}
RESULT: {"using":"xpath","value":"//*[@id=\"__button413\"]"}
COMMAND: POST /session/329de238260d7602ed1af1352086bef4/elements - {"using":"xpath","value":"//*[@id=\"__button413\"]"}
RESULT: {"using":"xpath","value":"//*[@id=\"__button413\"]"}
COMMAND: POST /session/329de238260d7602ed1af1352086bef4/elements - {"using":"xpath","value":"//*[@id=\"__button413\"]"}
RESULT: {"using":"xpath","value":"//*[@id=\"__button413\"]"}
COMMAND: POST /session/329de238260d7602ed1af1352086bef4/elements - {"using":"xpath","value":"//*[@id=\"__button413\"]"}
RESULT: {"using":"xpath","value":"//*[@id=\"__button413\"]"}
COMMAND: POST /session/329de238260d7602ed1af1352086bef4/elements - {"using":"xpath","value":"//*[@id=\"__button413\"]"}
RESULT: {"using":"xpath","value":"//*[@id=\"__button413\"]"}
COMMAND: POST /session/329de238260d7602ed1af1352086bef4/elements - {"using":"xpath","value":"//*[@id=\"__button413\"]"}
RESULT: {"using":"xpath","value":"//*[@id=\"__button413\"]"}
COMMAND: POST /session/329de238260d7602ed1af1352086bef4/elements - {"using":"xpath","value":"//*[@id=\"__button413\"]"}
RESULT: {"using":"xpath","value":"//*[@id=\"__button413\"]"}
COMMAND: POST /session/329de238260d7602ed1af1352086bef4/elements - {"using":"xpath","value":"//*[@id=\"__button413\"]"}
RESULT: {"using":"xpath","value":"//*[@id=\"__button413\"]"}
COMMAND: POST /session/329de238260d7602ed1af1352086bef4/elements - {"using":"xpath","value":"//*[@id=\"__button413\"]"}
RESULT: {"using":"xpath","value":"//*[@id=\"__button413\"]"}
COMMAND: POST /session/329de238260d7602ed1af1352086bef4/elements - {"using":"xpath","value":"//*[@id=\"__button413\"]"}
RESULT: {"using":"xpath","value":"//*[@id=\"__button413\"]"}
COMMAND: POST /session/329de238260d7602ed1af1352086bef4/elements - {"using":"xpath","value":"//*[@id=\"__button413\"]"}
RESULT: {"using":"xpath","value":"//*[@id=\"__button413\"]"}
COMMAND: POST /session/329de238260d7602ed1af1352086bef4/elements - {"using":"xpath","value":"//*[@id=\"__button413\"]"}
RESULT: {"using":"xpath","value":"//*[@id=\"__button413\"]"}
COMMAND: POST /session/329de238260d7602ed1af1352086bef4/elements - {"using":"xpath","value":"//*[@id=\"__button413\"]"}
RESULT: {"using":"xpath","value":"//*[@id=\"__button413\"]"}
COMMAND: POST /session/329de238260d7602ed1af1352086bef4/elements - {"using":"xpath","value":"//*[@id=\"__button413\"]"}
RESULT: {"using":"xpath","value":"//*[@id=\"__button413\"]"}
COMMAND: POST /session/329de238260d7602ed1af1352086bef4/elements - {"using":"xpath","value":"//*[@id=\"__button413\"]"}
RESULT: {"using":"xpath","value":"//*[@id=\"__button413\"]"}
COMMAND: POST /session/329de238260d7602ed1af1352086bef4/elements - {"using":"xpath","value":"//*[@id=\"__button413\"]"}
RESULT: {"using":"xpath","value":"//*[@id=\"__button413\"]"}
COMMAND: POST /session/329de238260d7602ed1af1352086bef4/elements - {"using":"xpath","value":"//*[@id=\"__button413\"]"}
RESULT: {"using":"xpath","value":"//*[@id=\"__button413\"]"}
COMMAND: POST /session/329de238260d7602ed1af1352086bef4/elements - {"using":"xpath","value":"//*[@id=\"__button413\"]"}
RESULT: {"using":"xpath","value":"//*[@id=\"__button413\"]"}
COMMAND: POST /session/329de238260d7602ed1af1352086bef4/elements - {"using":"xpath","value":"//*[@id=\"__button413\"]"}
RESULT: {"using":"xpath","value":"//*[@id=\"__button413\"]"}
COMMAND: POST /session/329de238260d7602ed1af1352086bef4/elements - {"using":"xpath","value":"//*[@id=\"__button413\"]"}
RESULT: {"using":"xpath","value":"//*[@id=\"__button413\"]"}
COMMAND: POST /session/329de238260d7602ed1af1352086bef4/elements - {"using":"xpath","value":"//*[@id=\"__button413\"]"}
RESULT: {"using":"xpath","value":"//*[@id=\"__button413\"]"}
COMMAND: POST /session/329de238260d7602ed1af1352086bef4/elements - {"using":"xpath","value":"//*[@id=\"__button413\"]"}
RESULT: {"using":"xpath","value":"//*[@id=\"__button413\"]"}
COMMAND: POST /session/329de238260d7602ed1af1352086bef4/elements - {"using":"xpath","value":"//*[@id=\"__button413\"]"}
RESULT: {"using":"xpath","value":"//*[@id=\"__button413\"]"}
COMMAND: POST /session/329de238260d7602ed1af1352086bef4/elements - {"using":"xpath","value":"//*[@id=\"__button413\"]"}
RESULT: {"using":"xpath","value":"//*[@id=\"__button413\"]"}
COMMAND: POST /session/329de238260d7602ed1af1352086bef4/elements - {"using":"xpath","value":"//*[@id=\"__button413\"]"}
RESULT: {"using":"xpath","value":"//*[@id=\"__button413\"]"}
COMMAND: POST /session/329de238260d7602ed1af1352086bef4/elements - {"using":"xpath","value":"//*[@id=\"__button413\"]"}
RESULT: {"using":"xpath","value":"//*[@id=\"__button413\"]"}
COMMAND: POST /session/329de238260d7602ed1af1352086bef4/elements - {"using":"xpath","value":"//*[@id=\"__button413\"]"}
RESULT: {"using":"xpath","value":"//*[@id=\"__button413\"]"}
COMMAND: POST /session/329de238260d7602ed1af1352086bef4/elements - {"using":"xpath","value":"//*[@id=\"__button413\"]"}
RESULT: {"using":"xpath","value":"//*[@id=\"__button413\"]"}
COMMAND: POST /session/329de238260d7602ed1af1352086bef4/elements - {"using":"xpath","value":"//*[@id=\"__button413\"]"}
RESULT: {"using":"xpath","value":"//*[@id=\"__button413\"]"}
COMMAND: POST /session/329de238260d7602ed1af1352086bef4/elements - {"using":"xpath","value":"//*[@id=\"__button413\"]"}
RESULT: {"using":"xpath","value":"//*[@id=\"__button413\"]"}
COMMAND: POST /session/329de238260d7602ed1af1352086bef4/elements - {"using":"xpath","value":"//*[@id=\"__button413\"]"}
RESULT: {"using":"xpath","value":"//*[@id=\"__button413\"]"}
COMMAND: POST /session/329de238260d7602ed1af1352086bef4/elements - {"using":"xpath","value":"//*[@id=\"__button413\"]"}
RESULT: {"using":"xpath","value":"//*[@id=\"__button413\"]"}
COMMAND: POST /session/329de238260d7602ed1af1352086bef4/elements - {"using":"xpath","value":"//*[@id=\"__button413\"]"}
RESULT: {"using":"xpath","value":"//*[@id=\"__button413\"]"}
COMMAND: POST /session/329de238260d7602ed1af1352086bef4/elements - {"using":"xpath","value":"//*[@id=\"__button413\"]"}
RESULT: {"using":"xpath","value":"//*[@id=\"__button413\"]"}
COMMAND: POST /session/329de238260d7602ed1af1352086bef4/elements - {"using":"xpath","value":"//*[@id=\"__button413\"]"}
RESULT: {"using":"xpath","value":"//*[@id=\"__button413\"]"}
COMMAND: POST /session/329de238260d7602ed1af1352086bef4/elements - {"using":"xpath","value":"//*[@id=\"__button413\"]"}
RESULT: {"using":"xpath","value":"//*[@id=\"__button413\"]"}
COMMAND: POST /session/329de238260d7602ed1af1352086bef4/elements - {"using":"xpath","value":"//*[@id=\"__button413\"]"}
RESULT: {"using":"xpath","value":"//*[@id=\"__button413\"]"}
COMMAND: POST /session/329de238260d7602ed1af1352086bef4/elements - {"using":"xpath","value":"//*[@id=\"__button413\"]"}
RESULT: {"using":"xpath","value":"//*[@id=\"__button413\"]"}
COMMAND: POST /session/329de238260d7602ed1af1352086bef4/elements - {"using":"xpath","value":"//*[@id=\"__button413\"]"}
RESULT: {"using":"xpath","value":"//*[@id=\"__button413\"]"}
COMMAND: POST /session/329de238260d7602ed1af1352086bef4/elements - {"using":"xpath","value":"//*[@id=\"__button413\"]"}
RESULT: {"using":"xpath","value":"//*[@id=\"__button413\"]"}
COMMAND: POST /session/329de238260d7602ed1af1352086bef4/elements - {"using":"xpath","value":"//*[@id=\"__button413\"]"}
RESULT: {"using":"xpath","value":"//*[@id=\"__button413\"]"}
COMMAND: POST /session/329de238260d7602ed1af1352086bef4/elements - {"using":"xpath","value":"//*[@id=\"__button413\"]"}
RESULT: {"using":"xpath","value":"//*[@id=\"__button413\"]"}
COMMAND: POST /session/329de238260d7602ed1af1352086bef4/elements - {"using":"xpath","value":"//*[@id=\"__button413\"]"}
RESULT: {"using":"xpath","value":"//*[@id=\"__button413\"]"}
COMMAND: POST /session/329de238260d7602ed1af1352086bef4/elements - {"using":"xpath","value":"//*[@id=\"__button413\"]"}
RESULT: {"using":"xpath","value":"//*[@id=\"__button413\"]"}
COMMAND: POST /session/329de238260d7602ed1af1352086bef4/elements - {"using":"xpath","value":"//*[@id=\"__button413\"]"}
RESULT: {"using":"xpath","value":"//*[@id=\"__button413\"]"}
COMMAND: POST /session/329de238260d7602ed1af1352086bef4/elements - {"using":"xpath","value":"//*[@id=\"__button413\"]"}
RESULT: {"using":"xpath","value":"//*[@id=\"__button413\"]"}
COMMAND: POST /session/329de238260d7602ed1af1352086bef4/elements - {"using":"xpath","value":"//*[@id=\"__button413\"]"}
RESULT: {"using":"xpath","value":"//*[@id=\"__button413\"]"}
COMMAND: POST /session/329de238260d7602ed1af1352086bef4/elements - {"using":"xpath","value":"//*[@id=\"__button413\"]"}
RESULT: {"using":"xpath","value":"//*[@id=\"__button413\"]"}
COMMAND: POST /session/329de238260d7602ed1af1352086bef4/elements - {"using":"xpath","value":"//*[@id=\"__button413\"]"}
RESULT: {"using":"xpath","value":"//*[@id=\"__button413\"]"}
COMMAND: POST /session/329de238260d7602ed1af1352086bef4/elements - {"using":"xpath","value":"//*[@id=\"__button413\"]"}
RESULT: {"using":"xpath","value":"//*[@id=\"__button413\"]"}
COMMAND: POST /session/329de238260d7602ed1af1352086bef4/elements - {"using":"xpath","value":"//*[@id=\"__button413\"]"}
RESULT: {"using":"xpath","value":"//*[@id=\"__button413\"]"}
COMMAND: POST /session/329de238260d7602ed1af1352086bef4/elements - {"using":"xpath","value":"//*[@id=\"__button413\"]"}
RESULT: {"using":"xpath","value":"//*[@id=\"__button413\"]"}
COMMAND: POST /session/329de238260d7602ed1af1352086bef4/elements - {"using":"xpath","value":"//*[@id=\"__button413\"]"}
RESULT: {"using":"xpath","value":"//*[@id=\"__button413\"]"}
COMMAND: POST /session/329de238260d7602ed1af1352086bef4/elements - {"using":"xpath","value":"//*[@id=\"__button413\"]"}
RESULT: {"using":"xpath","value":"//*[@id=\"__button413\"]"}
COMMAND: POST /session/329de238260d7602ed1af1352086bef4/elements - {"using":"xpath","value":"//*[@id=\"__button413\"]"}
RESULT: {"using":"xpath","value":"//*[@id=\"__button413\"]"}
COMMAND: POST /session/329de238260d7602ed1af1352086bef4/elements - {"using":"xpath","value":"//*[@id=\"__button413\"]"}
RESULT: {"using":"xpath","value":"//*[@id=\"__button413\"]"}
COMMAND: POST /session/329de238260d7602ed1af1352086bef4/elements - {"using":"xpath","value":"//*[@id=\"__button413\"]"}
RESULT: {"using":"xpath","value":"//*[@id=\"__button413\"]"}
COMMAND: POST /session/329de238260d7602ed1af1352086bef4/elements - {"using":"xpath","value":"//*[@id=\"__button413\"]"}
RESULT: {"using":"xpath","value":"//*[@id=\"__button413\"]"}
COMMAND: POST /session/329de238260d7602ed1af1352086bef4/elements - {"using":"xpath","value":"//*[@id=\"__button413\"]"}
RESULT: {"using":"xpath","value":"//*[@id=\"__button413\"]"}
COMMAND: POST /session/329de238260d7602ed1af1352086bef4/elements - {"using":"xpath","value":"//*[@id=\"__button413\"]"}
RESULT: {"using":"xpath","value":"//*[@id=\"__button413\"]"}
COMMAND: POST /session/329de238260d7602ed1af1352086bef4/elements - {"using":"xpath","value":"//*[@id=\"__button413\"]"}
RESULT: {"using":"xpath","value":"//*[@id=\"__button413\"]"}
COMMAND: POST /session/329de238260d7602ed1af1352086bef4/elements - {"using":"xpath","value":"//*[@id=\"__button413\"]"}
RESULT: {"using":"xpath","value":"//*[@id=\"__button413\"]"}
COMMAND: POST /session/329de238260d7602ed1af1352086bef4/elements - {"using":"xpath","value":"//*[@id=\"__button413\"]"}
RESULT: {"using":"xpath","value":"//*[@id=\"__button413\"]"}
COMMAND: POST /session/329de238260d7602ed1af1352086bef4/elements - {"using":"xpath","value":"//*[@id=\"__button413\"]"}
RESULT: {"using":"xpath","value":"//*[@id=\"__button413\"]"}
COMMAND: POST /session/329de238260d7602ed1af1352086bef4/elements - {"using":"xpath","value":"//*[@id=\"__button413\"]"}
RESULT: {"using":"xpath","value":"//*[@id=\"__button413\"]"}
COMMAND: POST /session/329de238260d7602ed1af1352086bef4/elements - {"using":"xpath","value":"//*[@id=\"__button413\"]"}
RESULT: {"using":"xpath","value":"//*[@id=\"__button413\"]"}
COMMAND: POST /session/329de238260d7602ed1af1352086bef4/elements - {"using":"xpath","value":"//*[@id=\"__button413\"]"}
RESULT: {"using":"xpath","value":"//*[@id=\"__button413\"]"}
COMMAND: POST /session/329de238260d7602ed1af1352086bef4/elements - {"using":"xpath","value":"//*[@id=\"__button413\"]"}
RESULT: {"using":"xpath","value":"//*[@id=\"__button413\"]"}
COMMAND: POST /session/329de238260d7602ed1af1352086bef4/elements - {"using":"xpath","value":"//*[@id=\"__button413\"]"}
RESULT: {"using":"xpath","value":"//*[@id=\"__button413\"]"}
COMMAND: POST /session/329de238260d7602ed1af1352086bef4/elements - {"using":"xpath","value":"//*[@id=\"__button413\"]"}
RESULT: {"using":"xpath","value":"//*[@id=\"__button413\"]"}
COMMAND: POST /session/329de238260d7602ed1af1352086bef4/elements - {"using":"xpath","value":"//*[@id=\"__button413\"]"}
RESULT: {"using":"xpath","value":"//*[@id=\"__button413\"]"}
COMMAND: POST /session/329de238260d7602ed1af1352086bef4/elements - {"using":"xpath","value":"//*[@id=\"__button413\"]"}
RESULT: {"using":"xpath","value":"//*[@id=\"__button413\"]"}
COMMAND: POST /session/329de238260d7602ed1af1352086bef4/elements - {"using":"xpath","value":"//*[@id=\"__button413\"]"}
RESULT: {"using":"xpath","value":"//*[@id=\"__button413\"]"}
COMMAND: POST /session/329de238260d7602ed1af1352086bef4/elements - {"using":"xpath","value":"//*[@id=\"__button413\"]"}
RESULT: {"using":"xpath","value":"//*[@id=\"__button413\"]"}
COMMAND: POST /session/329de238260d7602ed1af1352086bef4/elements - {"using":"xpath","value":"//*[@id=\"__button413\"]"}
RESULT: {"using":"xpath","value":"//*[@id=\"__button413\"]"}
COMMAND: POST /session/329de238260d7602ed1af1352086bef4/elements - {"using":"xpath","value":"//*[@id=\"__button413\"]"}
RESULT: {"using":"xpath","value":"//*[@id=\"__button413\"]"}
COMMAND: POST /session/329de238260d7602ed1af1352086bef4/elements - {"using":"xpath","value":"//*[@id=\"__button413\"]"}
RESULT: {"using":"xpath","value":"//*[@id=\"__button413\"]"}
COMMAND: POST /session/329de238260d7602ed1af1352086bef4/elements - {"using":"xpath","value":"//*[@id=\"__button413\"]"}
RESULT: {"using":"xpath","value":"//*[@id=\"__button413\"]"}
COMMAND: POST /session/329de238260d7602ed1af1352086bef4/elements - {"using":"xpath","value":"//*[@id=\"__button413\"]"}
RESULT: {"using":"xpath","value":"//*[@id=\"__button413\"]"}
COMMAND: POST /session/329de238260d7602ed1af1352086bef4/elements - {"using":"xpath","value":"//*[@id=\"__button413\"]"}
RESULT: {"using":"xpath","value":"//*[@id=\"__button413\"]"}
COMMAND: POST /session/329de238260d7602ed1af1352086bef4/elements - {"using":"xpath","value":"//*[@id=\"__button413\"]"}
RESULT: {"using":"xpath","value":"//*[@id=\"__button413\"]"}
COMMAND: POST /session/329de238260d7602ed1af1352086bef4/elements - {"using":"xpath","value":"//*[@id=\"__button413\"]"}
RESULT: {"using":"xpath","value":"//*[@id=\"__button413\"]"}
COMMAND: POST /session/329de238260d7602ed1af1352086bef4/elements - {"using":"xpath","value":"//*[@id=\"__button413\"]"}
COMMAND: POST /session/329de238260d7602ed1af1352086bef4/element - {"using":"css selector","value":"#shell-header-logo"}
RESULT: {"using":"xpath","value":"//*[@id=\"__button413\"]"}
RESULT: {"using":"css selector","value":"#shell-header-logo"}
COMMAND: POST /session/329de238260d7602ed1af1352086bef4/execute/sync - {"script":"<script> [8489 bytes]","args":[{"element-6066-11e4-a52e-4f735466cecf":"f.ABBA5987F2E82E58D78C902D9EA41D2B.d.EC78B6CBA047BC29A5F261033E11AFA0.e.19344","ELEMENT":"f.ABBA5987F2E82E58D78C902D9EA41D2B.d.EC78B6CBA047BC29A5F261033E11AFA0.e.19344"}]}
RESULT: {"script":"<script> [8489 bytes]","args":[{"element-6066-11e4-a52e-4f735466cecf":"f.ABBA5987F2E82E58D78C902D9EA41D2B.d.EC78B6CBA047BC29A5F261033E11AFA0.e.19344","ELEMENT":"f.ABBA5987F2E82E58D78C902D9EA41D2B.d.EC78B6CBA047BC29A5F261033E11AFA0.e.19344"}]}
COMMAND: POST /session/329de238260d7602ed1af1352086bef4/execute/sync - {"script":"<script> [5351 bytes]","args":[{"element-6066-11e4-a52e-4f735466cecf":"f.ABBA5987F2E82E58D78C902D9EA41D2B.d.EC78B6CBA047BC29A5F261033E11AFA0.e.19344","ELEMENT":"f.ABBA5987F2E82E58D78C902D9EA41D2B.d.EC78B6CBA047BC29A5F261033E11AFA0.e.19344"}]}
COMMAND: GET /session/329de238260d7602ed1af1352086bef4/screenshot - {}
RESULT: {"script":"<script> [5351 bytes]","args":[{"element-6066-11e4-a52e-4f735466cecf":"f.ABBA5987F2E82E58D78C902D9EA41D2B.d.EC78B6CBA047BC29A5F261033E11AFA0.e.19344","ELEMENT":"f.ABBA5987F2E82E58D78C902D9EA41D2B.d.EC78B6CBA047BC29A5F261033E11AFA0.e.19344"}]}
COMMAND: POST /session/329de238260d7602ed1af1352086bef4/element/f.ABBA5987F2E82E58D78C902D9EA41D2B.d.EC78B6CBA047BC29A5F261033E11AFA0.e.19344/click - {}
COMMAND: GET /session/329de238260d7602ed1af1352086bef4/screenshot - {}
RESULT: {}
RESULT: {}
]]></system-out>
    </testcase>
    <testcase classname="chrome.136_0_7103_93.windows.Performance_based_billing_(work_days)_US139742" name="Should go to Manage Billings and trigger calculation check the conditions applied" time="63.294">
      <system-out><![CDATA[
COMMAND: POST /session/329de238260d7602ed1af1352086bef4/execute/async - {"script":"<script> [1562 bytes]","args":[{"selector":{"controlType":"sap.m.GenericTile","properties":{"header":"Manage Billings"}},"wdio_ui5_key":"sapm.GenericTile{\"header\":\"Manage Billings\"}"}]}
COMMAND: GET /session/329de238260d7602ed1af1352086bef4/screenshot - {}
RESULT: {}
RESULT: {"script":"<script> [1562 bytes]","args":[{"selector":{"controlType":"sap.m.GenericTile","properties":{"header":"Manage Billings"}},"wdio_ui5_key":"sapm.GenericTile{\"header\":\"Manage Billings\"}"}]}
RESULT: undefined
COMMAND: POST /session/329de238260d7602ed1af1352086bef4/element - {"using":"xpath","value":"//*[@id=\"__tile51\"]"}
RESULT: {}
RESULT: {"using":"xpath","value":"//*[@id=\"__tile51\"]"}
COMMAND: POST /session/329de238260d7602ed1af1352086bef4/element/f.ABBA5987F2E82E58D78C902D9EA41D2B.d.EC78B6CBA047BC29A5F261033E11AFA0.e.15446/click - {}
RESULT: {}
COMMAND: GET /session/329de238260d7602ed1af1352086bef4/screenshot - {}
RESULT: {}
COMMAND: POST /session/329de238260d7602ed1af1352086bef4/elements - {"using":"xpath","value":"//span[text()='Error']"}
RESULT: {"using":"xpath","value":"//span[text()='Error']"}
COMMAND: POST /session/329de238260d7602ed1af1352086bef4/execute/async - {"script":"<script> [1562 bytes]","args":[{"selector":{"id":"application-managebillings-display-component---billRunCalcResult--smartFilterBar-btnBasicSearch","interaction":{"idSuffix":"I"}},"wdio_ui5_key":"applicationmanagebillings-display-component---billRunCalcResult--smartFilterBar-btnBasicSearch"}]}
RESULT: {"script":"<script> [1562 bytes]","args":[{"selector":{"id":"application-managebillings-display-component---billRunCalcResult--smartFilterBar-btnBasicSearch","interaction":{"idSuffix":"I"}},"wdio_ui5_key":"applicationmanagebillings-display-component---billRunCalcResult--smartFilterBar-btnBasicSearch"}]}
RESULT: undefined
COMMAND: POST /session/329de238260d7602ed1af1352086bef4/execute/async - {"script":"<script> [776 bytes]","args":[{"enterText":"10385","selector":{"id":"application-managebillings-display-component---billRunCalcResult--smartFilterBar-btnBasicSearch","interaction":{"idSuffix":"I"}},"clearTextFirst":true,"interactionType":"ENTER_TEXT"}]}
RESULT: {"script":"<script> [776 bytes]","args":[{"enterText":"10385","selector":{"id":"application-managebillings-display-component---billRunCalcResult--smartFilterBar-btnBasicSearch","interaction":{"idSuffix":"I"}},"clearTextFirst":true,"interactionType":"ENTER_TEXT"}]}
COMMAND: POST /session/329de238260d7602ed1af1352086bef4/actions - {"actions":[{"id":"action67","type":"key","parameters":{},"actions":[{"type":"keyDown","value":""},{"type":"pause","duration":10},{"type":"keyUp","value":""}]}]}
RESULT: {"actions":[{"id":"action67","type":"key","parameters":{},"actions":[{"type":"keyDown","value":""},{"type":"pause","duration":10},{"type":"keyUp","value":""}]}]}
COMMAND: GET /session/329de238260d7602ed1af1352086bef4/screenshot - {}
RESULT: {}
COMMAND: POST /session/329de238260d7602ed1af1352086bef4/element - {"using":"xpath","value":"//td[@aria-colindex=\"1\"]/div/div[contains(@class, \"sapMCbBg\")]"}
RESULT: {"using":"xpath","value":"//td[@aria-colindex=\"1\"]/div/div[contains(@class, \"sapMCbBg\")]"}
COMMAND: POST /session/329de238260d7602ed1af1352086bef4/element/f.ABBA5987F2E82E58D78C902D9EA41D2B.d.EC78B6CBA047BC29A5F261033E11AFA0.e.19743/click - {}
RESULT: {}
COMMAND: GET /session/329de238260d7602ed1af1352086bef4/screenshot - {}
RESULT: {}
COMMAND: POST /session/329de238260d7602ed1af1352086bef4/execute/async - {"script":"<script> [1562 bytes]","args":[{"selector":{"id":"application-managebillings-display-component---billRunCalcResult--contractBillRunDate","interaction":{"idSuffix":"inner"}},"wdio_ui5_key":"applicationmanagebillings-display-component---billRunCalcResult--contractBillRunDate"}]}
RESULT: {"script":"<script> [1562 bytes]","args":[{"selector":{"id":"application-managebillings-display-component---billRunCalcResult--contractBillRunDate","interaction":{"idSuffix":"inner"}},"wdio_ui5_key":"applicationmanagebillings-display-component---billRunCalcResult--contractBillRunDate"}]}
RESULT: undefined
COMMAND: POST /session/329de238260d7602ed1af1352086bef4/execute/async - {"script":"<script> [776 bytes]","args":[{"enterText":"6/29/25","selector":{"id":"application-managebillings-display-component---billRunCalcResult--contractBillRunDate","interaction":{"idSuffix":"inner"}},"clearTextFirst":true,"interactionType":"ENTER_TEXT"}]}
RESULT: {"script":"<script> [776 bytes]","args":[{"enterText":"6/29/25","selector":{"id":"application-managebillings-display-component---billRunCalcResult--contractBillRunDate","interaction":{"idSuffix":"inner"}},"clearTextFirst":true,"interactionType":"ENTER_TEXT"}]}
COMMAND: POST /session/329de238260d7602ed1af1352086bef4/element - {"using":"xpath","value":"//bdi[contains(text(), \"Trigger Calculation\")]"}
RESULT: {"using":"xpath","value":"//bdi[contains(text(), \"Trigger Calculation\")]"}
COMMAND: POST /session/329de238260d7602ed1af1352086bef4/element/f.ABBA5987F2E82E58D78C902D9EA41D2B.d.EC78B6CBA047BC29A5F261033E11AFA0.e.19791/click - {}
RESULT: {}
COMMAND: GET /session/329de238260d7602ed1af1352086bef4/screenshot - {}
RESULT: {}
COMMAND: POST /session/329de238260d7602ed1af1352086bef4/element - {"using":"xpath","value":"(//span[contains(@id, \"imgNav\")])[1]"}
RESULT: {"using":"xpath","value":"(//span[contains(@id, \"imgNav\")])[1]"}
COMMAND: POST /session/329de238260d7602ed1af1352086bef4/element/f.ABBA5987F2E82E58D78C902D9EA41D2B.d.EC78B6CBA047BC29A5F261033E11AFA0.e.19744/click - {}
RESULT: {}
COMMAND: GET /session/329de238260d7602ed1af1352086bef4/screenshot - {}
RESULT: {}
COMMAND: POST /session/329de238260d7602ed1af1352086bef4/element - {"using":"xpath","value":"//tr/td[6]/div[1]/span[1]/span[1]"}
RESULT: {"using":"xpath","value":"//tr/td[6]/div[1]/span[1]/span[1]"}
COMMAND: GET /session/329de238260d7602ed1af1352086bef4/element/f.ABBA5987F2E82E58D78C902D9EA41D2B.d.EC78B6CBA047BC29A5F261033E11AFA0.e.19795/text - {}
RESULT: {}
COMMAND: POST /session/329de238260d7602ed1af1352086bef4/element - {"using":"xpath","value":"(//span[contains(@id, \"imgNav\")])[2]"}
RESULT: {"using":"xpath","value":"(//span[contains(@id, \"imgNav\")])[2]"}
COMMAND: POST /session/329de238260d7602ed1af1352086bef4/element/f.ABBA5987F2E82E58D78C902D9EA41D2B.d.EC78B6CBA047BC29A5F261033E11AFA0.e.19796/click - {}
RESULT: {}
COMMAND: POST /session/329de238260d7602ed1af1352086bef4/element - {"using":"xpath","value":"//bdi[contains(text(), \"Business Confirm\")]"}
COMMAND: GET /session/329de238260d7602ed1af1352086bef4/screenshot - {}
RESULT: {"using":"xpath","value":"//bdi[contains(text(), \"Business Confirm\")]"}
COMMAND: POST /session/329de238260d7602ed1af1352086bef4/elements - {"using":"xpath","value":"//bdi[contains(text(), \"Business Confirm\")]"}
RESULT: {}
RESULT: {"using":"xpath","value":"//bdi[contains(text(), \"Business Confirm\")]"}
COMMAND: POST /session/329de238260d7602ed1af1352086bef4/element - {"using":"xpath","value":"//bdi[contains(text(), \"Business Confirm\")]"}
RESULT: {"using":"xpath","value":"//bdi[contains(text(), \"Business Confirm\")]"}
COMMAND: POST /session/329de238260d7602ed1af1352086bef4/element/f.ABBA5987F2E82E58D78C902D9EA41D2B.d.EC78B6CBA047BC29A5F261033E11AFA0.e.19864/click - {}
RESULT: {}
COMMAND: POST /session/329de238260d7602ed1af1352086bef4/element - {"using":"css selector","value":"#shell-header-logo"}
COMMAND: GET /session/329de238260d7602ed1af1352086bef4/screenshot - {}
RESULT: {"using":"css selector","value":"#shell-header-logo"}
COMMAND: POST /session/329de238260d7602ed1af1352086bef4/element/f.ABBA5987F2E82E58D78C902D9EA41D2B.d.EC78B6CBA047BC29A5F261033E11AFA0.e.19533/click - {}
RESULT: {}
RESULT: {}
COMMAND: GET /session/329de238260d7602ed1af1352086bef4/screenshot - {}
RESULT: {}
COMMAND: POST /session/329de238260d7602ed1af1352086bef4/element - {"using":"css selector","value":"#j_username"}
COMMAND: POST /session/329de238260d7602ed1af1352086bef4/url - {"url":"https://qa-testing-00-live-etm-ui.cfapps.eu10-004.hana.ondemand.com/"}
RESULT: {"using":"css selector","value":"#j_username"}
COMMAND: POST /session/329de238260d7602ed1af1352086bef4/element - {"using":"css selector","value":"#j_username"}
RESULT: {"url":"https://qa-testing-00-live-etm-ui.cfapps.eu10-004.hana.ondemand.com/"}
RESULT: undefined
COMMAND: GET /session/329de238260d7602ed1af1352086bef4/screenshot - {}
RESULT: {"using":"css selector","value":"#j_username"}
COMMAND: POST /session/329de238260d7602ed1af1352086bef4/element - {"using":"css selector","value":"#shell-header-logo"}
RESULT: {}
RESULT: {"using":"css selector","value":"#shell-header-logo"}
COMMAND: POST /session/329de238260d7602ed1af1352086bef4/execute/sync - {"script":"<script> [8489 bytes]","args":[{"element-6066-11e4-a52e-4f735466cecf":"f.ABBA5987F2E82E58D78C902D9EA41D2B.d.1071F0CBB4800F3F312EBEFC718555A5.e.19885","ELEMENT":"f.ABBA5987F2E82E58D78C902D9EA41D2B.d.1071F0CBB4800F3F312EBEFC718555A5.e.19885"}]}
RESULT: {"script":"<script> [8489 bytes]","args":[{"element-6066-11e4-a52e-4f735466cecf":"f.ABBA5987F2E82E58D78C902D9EA41D2B.d.1071F0CBB4800F3F312EBEFC718555A5.e.19885","ELEMENT":"f.ABBA5987F2E82E58D78C902D9EA41D2B.d.1071F0CBB4800F3F312EBEFC718555A5.e.19885"}]}
COMMAND: POST /session/329de238260d7602ed1af1352086bef4/element - {"using":"css selector","value":"#shell-header-logo"}
COMMAND: GET /session/329de238260d7602ed1af1352086bef4/screenshot - {}
RESULT: {"using":"css selector","value":"#shell-header-logo"}
COMMAND: POST /session/329de238260d7602ed1af1352086bef4/execute/sync - {"script":"<script> [8489 bytes]","args":[{"element-6066-11e4-a52e-4f735466cecf":"f.ABBA5987F2E82E58D78C902D9EA41D2B.d.1071F0CBB4800F3F312EBEFC718555A5.e.19885","ELEMENT":"f.ABBA5987F2E82E58D78C902D9EA41D2B.d.1071F0CBB4800F3F312EBEFC718555A5.e.19885"}]}
RESULT: {}
RESULT: {"script":"<script> [8489 bytes]","args":[{"element-6066-11e4-a52e-4f735466cecf":"f.ABBA5987F2E82E58D78C902D9EA41D2B.d.1071F0CBB4800F3F312EBEFC718555A5.e.19885","ELEMENT":"f.ABBA5987F2E82E58D78C902D9EA41D2B.d.1071F0CBB4800F3F312EBEFC718555A5.e.19885"}]}
COMMAND: POST /session/329de238260d7602ed1af1352086bef4/execute/sync - {"script":"<script> [5351 bytes]","args":[{"element-6066-11e4-a52e-4f735466cecf":"f.ABBA5987F2E82E58D78C902D9EA41D2B.d.1071F0CBB4800F3F312EBEFC718555A5.e.19885","ELEMENT":"f.ABBA5987F2E82E58D78C902D9EA41D2B.d.1071F0CBB4800F3F312EBEFC718555A5.e.19885"}]}
COMMAND: GET /session/329de238260d7602ed1af1352086bef4/screenshot - {}
RESULT: {"script":"<script> [5351 bytes]","args":[{"element-6066-11e4-a52e-4f735466cecf":"f.ABBA5987F2E82E58D78C902D9EA41D2B.d.1071F0CBB4800F3F312EBEFC718555A5.e.19885","ELEMENT":"f.ABBA5987F2E82E58D78C902D9EA41D2B.d.1071F0CBB4800F3F312EBEFC718555A5.e.19885"}]}
COMMAND: POST /session/329de238260d7602ed1af1352086bef4/element - {"using":"css selector","value":"#shell-header-logo"}
COMMAND: GET /session/329de238260d7602ed1af1352086bef4/screenshot - {}
RESULT: {}
RESULT: {"using":"css selector","value":"#shell-header-logo"}
COMMAND: POST /session/329de238260d7602ed1af1352086bef4/element/f.ABBA5987F2E82E58D78C902D9EA41D2B.d.1071F0CBB4800F3F312EBEFC718555A5.e.19885/click - {}
RESULT: {}
RESULT: {}
COMMAND: GET /session/329de238260d7602ed1af1352086bef4/screenshot - {}
RESULT: {}
COMMAND: POST /session/329de238260d7602ed1af1352086bef4/execute/async - {"script":"<script> [189 bytes]","args":[]}
RESULT: {"script":"<script> [189 bytes]","args":[]}
COMMAND: POST /session/329de238260d7602ed1af1352086bef4/execute/async - {"script":"<script> [123 bytes]","args":[]}
RESULT: {"script":"<script> [123 bytes]","args":[]}
COMMAND: POST /session/329de238260d7602ed1af1352086bef4/timeouts - {"script":"<number>"}
RESULT: {"script":"<number>"}
COMMAND: GET /session/329de238260d7602ed1af1352086bef4/timeouts - {}
RESULT: {}
RESULT: undefined
COMMAND: POST /session/329de238260d7602ed1af1352086bef4/execute/async - {"script":"<script> [2676 bytes]","args":[]}
RESULT: {"script":"<script> [2676 bytes]","args":[]}
COMMAND: POST /session/329de238260d7602ed1af1352086bef4/execute/async - {"script":"<script> [2342 bytes]","args":[{"protocol":"http","hostname":"0.0.0.0","path":"/","capabilities":{"browserName":"chrome","goog:chromeOptions":{"binary":"C:\\Program Files\\Google\\Chrome\\Application\\chrome.exe","args":["--start-maximized"]}},"logLevel":"warn","connectionRetryTimeout":120000,"connectionRetryCount":3,"logLevels":{},"enableDirectConnect":true,"strictSSL":true,"_":"65 more keys: [\"cacheDir\",\"port\",\"requestedCapabilities\",\"automationProtocol\",\"baseUrl\",\"waitforInterval\",\"waitforTimeout\",\"onReload\",\"beforeCommand\",\"afterCommand\",\"rootDir\",\"specs\",\"suites\",\"exclude\",\"groupLogsByTestSpec\",\"excludeDriverLogs\",\"bail\",\"framework\",\"reporters\",\"services\",\"maxInstances\",\"maxInstancesPerCapability\",\"injectGlobals\",\"filesToWatch\",\"execArgv\",\"runnerEnv\",\"runner\",\"shard\",\"specFileRetries\",\"specFileRetriesDelay\",\"specFileRetriesDeferred\",\"reporterSyncInterval\",\"reporterSyncTimeout\",\"cucumberFeaturesWithLineNumbers\",\"autoCompileOpts\",\"mochaOpts\",\"jasmineOpts\",\"cucumberOpts\",\"onPrepare\",\"onWorkerStart\",\"onWorkerEnd\",\"before\",\"beforeSession\",\"beforeSuite\",\"beforeHook\",\"beforeTest\",\"afterTest\",\"afterHook\",\"afterSuite\",\"afterSession\",\"after\",\"onComplete\",\"beforeAssertion\",\"afterAssertion\",\"beforeFeature\",\"beforeScenario\",\"beforeStep\",\"afterStep\",\"afterScenario\",\"afterFeature\",\"_\",\"suite\",\"$0\",\"ignoredWorkerServices\",\"wdi5\"]"}]}
RESULT: {"script":"<script> [2342 bytes]","args":[{"protocol":"http","hostname":"0.0.0.0","path":"/","capabilities":{"browserName":"chrome","goog:chromeOptions":{"binary":"C:\\Program Files\\Google\\Chrome\\Application\\chrome.exe","args":["--start-maximized"]}},"logLevel":"warn","connectionRetryTimeout":120000,"connectionRetryCount":3,"logLevels":{},"enableDirectConnect":true,"strictSSL":true,"_":"65 more keys: [\"cacheDir\",\"port\",\"requestedCapabilities\",\"automationProtocol\",\"baseUrl\",\"waitforInterval\",\"waitforTimeout\",\"onReload\",\"beforeCommand\",\"afterCommand\",\"rootDir\",\"specs\",\"suites\",\"exclude\",\"groupLogsByTestSpec\",\"excludeDriverLogs\",\"bail\",\"framework\",\"reporters\",\"services\",\"maxInstances\",\"maxInstancesPerCapability\",\"injectGlobals\",\"filesToWatch\",\"execArgv\",\"runnerEnv\",\"runner\",\"shard\",\"specFileRetries\",\"specFileRetriesDelay\",\"specFileRetriesDeferred\",\"reporterSyncInterval\",\"reporterSyncTimeout\",\"cucumberFeaturesWithLineNumbers\",\"autoCompileOpts\",\"mochaOpts\",\"jasmineOpts\",\"cucumberOpts\",\"onPrepare\",\"onWorkerStart\",\"onWorkerEnd\",\"before\",\"beforeSession\",\"beforeSuite\",\"beforeHook\",\"beforeTest\",\"afterTest\",\"afterHook\",\"afterSuite\",\"afterSession\",\"after\",\"onComplete\",\"beforeAssertion\",\"afterAssertion\",\"beforeFeature\",\"beforeScenario\",\"beforeStep\",\"afterStep\",\"afterScenario\",\"afterFeature\",\"_\",\"suite\",\"$0\",\"ignoredWorkerServices\",\"wdi5\"]"}]}
COMMAND: POST /session/329de238260d7602ed1af1352086bef4/execute/async - {"script":"<script> [21126 bytes]","args":[35000]}
RESULT: {"script":"<script> [21126 bytes]","args":[35000]}
COMMAND: POST /session/329de238260d7602ed1af1352086bef4/window/maximize - {}
RESULT: {}
COMMAND: POST /session/329de238260d7602ed1af1352086bef4/execute/async - {"script":"<script> [1562 bytes]","args":[{"selector":{"id":"shell-header","interaction":{"idSuffix":"icon"}},"wdio_ui5_key":"shellheader"}]}
COMMAND: GET /session/329de238260d7602ed1af1352086bef4/screenshot - {}
RESULT: {"script":"<script> [1562 bytes]","args":[{"selector":{"id":"shell-header","interaction":{"idSuffix":"icon"}},"wdio_ui5_key":"shellheader"}]}
RESULT: undefined
COMMAND: POST /session/329de238260d7602ed1af1352086bef4/refresh - {}
RESULT: {}
RESULT: {}
COMMAND: GET /session/329de238260d7602ed1af1352086bef4/screenshot - {}
RESULT: {}
COMMAND: POST /session/329de238260d7602ed1af1352086bef4/refresh - {}
RESULT: {}
COMMAND: GET /session/329de238260d7602ed1af1352086bef4/screenshot - {}
RESULT: {}
COMMAND: POST /session/329de238260d7602ed1af1352086bef4/window/fullscreen - {}
RESULT: {}
COMMAND: POST /session/329de238260d7602ed1af1352086bef4/execute/async - {"script":"<script> [189 bytes]","args":[]}
RESULT: {"script":"<script> [189 bytes]","args":[]}
COMMAND: POST /session/329de238260d7602ed1af1352086bef4/execute/async - {"script":"<script> [123 bytes]","args":[]}
RESULT: {"script":"<script> [123 bytes]","args":[]}
COMMAND: POST /session/329de238260d7602ed1af1352086bef4/timeouts - {"script":"<number>"}
RESULT: {"script":"<number>"}
COMMAND: GET /session/329de238260d7602ed1af1352086bef4/timeouts - {}
RESULT: {}
RESULT: undefined
COMMAND: POST /session/329de238260d7602ed1af1352086bef4/execute/async - {"script":"<script> [2676 bytes]","args":[]}
RESULT: {"script":"<script> [2676 bytes]","args":[]}
COMMAND: POST /session/329de238260d7602ed1af1352086bef4/execute/async - {"script":"<script> [2342 bytes]","args":[{"protocol":"http","hostname":"0.0.0.0","path":"/","capabilities":{"browserName":"chrome","goog:chromeOptions":{"binary":"C:\\Program Files\\Google\\Chrome\\Application\\chrome.exe","args":["--start-maximized"]}},"logLevel":"warn","connectionRetryTimeout":120000,"connectionRetryCount":3,"logLevels":{},"enableDirectConnect":true,"strictSSL":true,"_":"65 more keys: [\"cacheDir\",\"port\",\"requestedCapabilities\",\"automationProtocol\",\"baseUrl\",\"waitforInterval\",\"waitforTimeout\",\"onReload\",\"beforeCommand\",\"afterCommand\",\"rootDir\",\"specs\",\"suites\",\"exclude\",\"groupLogsByTestSpec\",\"excludeDriverLogs\",\"bail\",\"framework\",\"reporters\",\"services\",\"maxInstances\",\"maxInstancesPerCapability\",\"injectGlobals\",\"filesToWatch\",\"execArgv\",\"runnerEnv\",\"runner\",\"shard\",\"specFileRetries\",\"specFileRetriesDelay\",\"specFileRetriesDeferred\",\"reporterSyncInterval\",\"reporterSyncTimeout\",\"cucumberFeaturesWithLineNumbers\",\"autoCompileOpts\",\"mochaOpts\",\"jasmineOpts\",\"cucumberOpts\",\"onPrepare\",\"onWorkerStart\",\"onWorkerEnd\",\"before\",\"beforeSession\",\"beforeSuite\",\"beforeHook\",\"beforeTest\",\"afterTest\",\"afterHook\",\"afterSuite\",\"afterSession\",\"after\",\"onComplete\",\"beforeAssertion\",\"afterAssertion\",\"beforeFeature\",\"beforeScenario\",\"beforeStep\",\"afterStep\",\"afterScenario\",\"afterFeature\",\"_\",\"suite\",\"$0\",\"ignoredWorkerServices\",\"wdi5\"]"}]}
RESULT: {"script":"<script> [2342 bytes]","args":[{"protocol":"http","hostname":"0.0.0.0","path":"/","capabilities":{"browserName":"chrome","goog:chromeOptions":{"binary":"C:\\Program Files\\Google\\Chrome\\Application\\chrome.exe","args":["--start-maximized"]}},"logLevel":"warn","connectionRetryTimeout":120000,"connectionRetryCount":3,"logLevels":{},"enableDirectConnect":true,"strictSSL":true,"_":"65 more keys: [\"cacheDir\",\"port\",\"requestedCapabilities\",\"automationProtocol\",\"baseUrl\",\"waitforInterval\",\"waitforTimeout\",\"onReload\",\"beforeCommand\",\"afterCommand\",\"rootDir\",\"specs\",\"suites\",\"exclude\",\"groupLogsByTestSpec\",\"excludeDriverLogs\",\"bail\",\"framework\",\"reporters\",\"services\",\"maxInstances\",\"maxInstancesPerCapability\",\"injectGlobals\",\"filesToWatch\",\"execArgv\",\"runnerEnv\",\"runner\",\"shard\",\"specFileRetries\",\"specFileRetriesDelay\",\"specFileRetriesDeferred\",\"reporterSyncInterval\",\"reporterSyncTimeout\",\"cucumberFeaturesWithLineNumbers\",\"autoCompileOpts\",\"mochaOpts\",\"jasmineOpts\",\"cucumberOpts\",\"onPrepare\",\"onWorkerStart\",\"onWorkerEnd\",\"before\",\"beforeSession\",\"beforeSuite\",\"beforeHook\",\"beforeTest\",\"afterTest\",\"afterHook\",\"afterSuite\",\"afterSession\",\"after\",\"onComplete\",\"beforeAssertion\",\"afterAssertion\",\"beforeFeature\",\"beforeScenario\",\"beforeStep\",\"afterStep\",\"afterScenario\",\"afterFeature\",\"_\",\"suite\",\"$0\",\"ignoredWorkerServices\",\"wdi5\"]"}]}
COMMAND: POST /session/329de238260d7602ed1af1352086bef4/execute/async - {"script":"<script> [21126 bytes]","args":[35000]}
RESULT: {"script":"<script> [21126 bytes]","args":[35000]}
]]></system-out>
    </testcase>
  </testsuite>
  <testsuite timestamp="2025-05-29T18:03:54" time="1341.731" tests="20" failures="0" errors="0" skipped="0">
    <properties>
      <property name="specId" value="0"/>
      <property name="suiteName" value="Billing Calculation - Time based (considering transport times) US139738"/>
      <property name="capabilities" value="chrome.136_0_7103_93.windows"/>
      <property name="file" value="file:///D:/a/1/s/test/specs/BTS/billing-calculation-transp-times.spec.js"/>
    </properties>
    <testcase classname="chrome.136_0_7103_93.windows.Billing_Calculation_-_Time_based_(considering_transport_times)_US139738" name="Should create a new yard" time="0.009">
      <system-out><![CDATA[
COMMAND: POST /session/329de238260d7602ed1af1352086bef4/window/fullscreen - {}
RESULT: {}
]]></system-out>
    </testcase>
    <testcase classname="chrome.136_0_7103_93.windows.Billing_Calculation_-_Time_based_(considering_transport_times)_US139738" name="Should create a new partner" time="0.003"/>
    <testcase classname="chrome.136_0_7103_93.windows.Billing_Calculation_-_Time_based_(considering_transport_times)_US139738" name="Should create a new site" time="0.003"/>
    <testcase classname="chrome.136_0_7103_93.windows.Billing_Calculation_-_Time_based_(considering_transport_times)_US139738" name="Should create the equipment" time="130.19">
      <system-out><![CDATA[
COMMAND: POST /session/329de238260d7602ed1af1352086bef4/execute/async - {"script":"<script> [1562 bytes]","args":[{"selector":{"controlType":"sap.m.GenericTile","properties":{"header":"Manage Resources"}},"wdio_ui5_key":"sapm.GenericTile{\"header\":\"Manage Resources\"}"}]}
RESULT: {"script":"<script> [1562 bytes]","args":[{"selector":{"controlType":"sap.m.GenericTile","properties":{"header":"Manage Resources"}},"wdio_ui5_key":"sapm.GenericTile{\"header\":\"Manage Resources\"}"}]}
RESULT: undefined
COMMAND: POST /session/329de238260d7602ed1af1352086bef4/element - {"using":"xpath","value":"//*[@id=\"__tile39\"]"}
RESULT: {"using":"xpath","value":"//*[@id=\"__tile39\"]"}
COMMAND: POST /session/329de238260d7602ed1af1352086bef4/element/f.ABBA5987F2E82E58D78C902D9EA41D2B.d.BFC82B1BA6BABAC5B2AC7695359C18B3.e.20046/click - {}
RESULT: {}
COMMAND: GET /session/329de238260d7602ed1af1352086bef4/screenshot - {}
RESULT: {}
COMMAND: POST /session/329de238260d7602ed1af1352086bef4/elements - {"using":"xpath","value":"//span[text()='Error']"}
RESULT: {"using":"xpath","value":"//span[text()='Error']"}
COMMAND: POST /session/329de238260d7602ed1af1352086bef4/element - {"using":"xpath","value":"//button[@data-kt=\"addNewRUOverflowToolbarButton\"]"}
RESULT: {"using":"xpath","value":"//button[@data-kt=\"addNewRUOverflowToolbarButton\"]"}
COMMAND: POST /session/329de238260d7602ed1af1352086bef4/elements - {"using":"xpath","value":"//button[@data-kt=\"addNewRUOverflowToolbarButton\"]"}
RESULT: {"using":"xpath","value":"//button[@data-kt=\"addNewRUOverflowToolbarButton\"]"}
COMMAND: POST /session/329de238260d7602ed1af1352086bef4/execute/sync - {"script":"<script> [8489 bytes]","args":[{"element-6066-11e4-a52e-4f735466cecf":"f.ABBA5987F2E82E58D78C902D9EA41D2B.d.BFC82B1BA6BABAC5B2AC7695359C18B3.e.20185","ELEMENT":"f.ABBA5987F2E82E58D78C902D9EA41D2B.d.BFC82B1BA6BABAC5B2AC7695359C18B3.e.20185"}]}
RESULT: {"script":"<script> [8489 bytes]","args":[{"element-6066-11e4-a52e-4f735466cecf":"f.ABBA5987F2E82E58D78C902D9EA41D2B.d.BFC82B1BA6BABAC5B2AC7695359C18B3.e.20185","ELEMENT":"f.ABBA5987F2E82E58D78C902D9EA41D2B.d.BFC82B1BA6BABAC5B2AC7695359C18B3.e.20185"}]}
COMMAND: GET /session/329de238260d7602ed1af1352086bef4/element/f.ABBA5987F2E82E58D78C902D9EA41D2B.d.BFC82B1BA6BABAC5B2AC7695359C18B3.e.20185/enabled - {}
COMMAND: GET /session/329de238260d7602ed1af1352086bef4/screenshot - {}
RESULT: {}
COMMAND: POST /session/329de238260d7602ed1af1352086bef4/execute/sync - {"script":"<script> [8489 bytes]","args":[{"element-6066-11e4-a52e-4f735466cecf":"f.ABBA5987F2E82E58D78C902D9EA41D2B.d.BFC82B1BA6BABAC5B2AC7695359C18B3.e.20185","ELEMENT":"f.ABBA5987F2E82E58D78C902D9EA41D2B.d.BFC82B1BA6BABAC5B2AC7695359C18B3.e.20185"}]}
COMMAND: GET /session/329de238260d7602ed1af1352086bef4/screenshot - {}
RESULT: {}
RESULT: {"script":"<script> [8489 bytes]","args":[{"element-6066-11e4-a52e-4f735466cecf":"f.ABBA5987F2E82E58D78C902D9EA41D2B.d.BFC82B1BA6BABAC5B2AC7695359C18B3.e.20185","ELEMENT":"f.ABBA5987F2E82E58D78C902D9EA41D2B.d.BFC82B1BA6BABAC5B2AC7695359C18B3.e.20185"}]}
COMMAND: POST /session/329de238260d7602ed1af1352086bef4/execute/sync - {"script":"<script> [5351 bytes]","args":[{"element-6066-11e4-a52e-4f735466cecf":"f.ABBA5987F2E82E58D78C902D9EA41D2B.d.BFC82B1BA6BABAC5B2AC7695359C18B3.e.20185","ELEMENT":"f.ABBA5987F2E82E58D78C902D9EA41D2B.d.BFC82B1BA6BABAC5B2AC7695359C18B3.e.20185"}]}
COMMAND: GET /session/329de238260d7602ed1af1352086bef4/screenshot - {}
RESULT: {}
RESULT: {"script":"<script> [5351 bytes]","args":[{"element-6066-11e4-a52e-4f735466cecf":"f.ABBA5987F2E82E58D78C902D9EA41D2B.d.BFC82B1BA6BABAC5B2AC7695359C18B3.e.20185","ELEMENT":"f.ABBA5987F2E82E58D78C902D9EA41D2B.d.BFC82B1BA6BABAC5B2AC7695359C18B3.e.20185"}]}
COMMAND: POST /session/329de238260d7602ed1af1352086bef4/element/f.ABBA5987F2E82E58D78C902D9EA41D2B.d.BFC82B1BA6BABAC5B2AC7695359C18B3.e.20185/click - {}
COMMAND: GET /session/329de238260d7602ed1af1352086bef4/screenshot - {}
RESULT: {}
RESULT: {}
COMMAND: GET /session/329de238260d7602ed1af1352086bef4/screenshot - {}
RESULT: {}
RESULT: {}
COMMAND: POST /session/329de238260d7602ed1af1352086bef4/execute/async - {"script":"<script> [1562 bytes]","args":[{"selector":{"id":"application-manageresources-display-component---newResourceUnit--TYPE-arrow"},"wdio_ui5_key":"applicationmanageresources-display-component---newResourceUnit--TYPE-arrow"}]}
RESULT: {"script":"<script> [1562 bytes]","args":[{"selector":{"id":"application-manageresources-display-component---newResourceUnit--TYPE-arrow"},"wdio_ui5_key":"applicationmanageresources-display-component---newResourceUnit--TYPE-arrow"}]}
RESULT: undefined
COMMAND: POST /session/329de238260d7602ed1af1352086bef4/element - {"using":"xpath","value":"//*[@id=\"application-manageresources-display-component---newResourceUnit--TYPE-arrow\"]"}
RESULT: {"using":"xpath","value":"//*[@id=\"application-manageresources-display-component---newResourceUnit--TYPE-arrow\"]"}
COMMAND: POST /session/329de238260d7602ed1af1352086bef4/element/f.ABBA5987F2E82E58D78C902D9EA41D2B.d.BFC82B1BA6BABAC5B2AC7695359C18B3.e.20556/click - {}
RESULT: {}
COMMAND: POST /session/329de238260d7602ed1af1352086bef4/element - {"using":"xpath","value":"//input[@id=\"application-manageresources-display-component---newResourceUnit--TYPE-inner\"]"}
COMMAND: GET /session/329de238260d7602ed1af1352086bef4/screenshot - {}
RESULT: {"using":"xpath","value":"//input[@id=\"application-manageresources-display-component---newResourceUnit--TYPE-inner\"]"}
COMMAND: POST /session/329de238260d7602ed1af1352086bef4/element/f.ABBA5987F2E82E58D78C902D9EA41D2B.d.BFC82B1BA6BABAC5B2AC7695359C18B3.e.20539/clear - {}
RESULT: {}
RESULT: {}
COMMAND: POST /session/329de238260d7602ed1af1352086bef4/element/f.ABBA5987F2E82E58D78C902D9EA41D2B.d.BFC82B1BA6BABAC5B2AC7695359C18B3.e.20539/value - {"text":"Equipment"}
COMMAND: GET /session/329de238260d7602ed1af1352086bef4/screenshot - {}
RESULT: {"text":"Equipment"}
COMMAND: GET /session/329de238260d7602ed1af1352086bef4/screenshot - {}
RESULT: {}
RESULT: {}
COMMAND: POST /session/329de238260d7602ed1af1352086bef4/actions - {"actions":[{"id":"action68","type":"key","parameters":{},"actions":[{"type":"keyDown","value":""},{"type":"pause","duration":10},{"type":"keyUp","value":""}]}]}
RESULT: {"actions":[{"id":"action68","type":"key","parameters":{},"actions":[{"type":"keyDown","value":""},{"type":"pause","duration":10},{"type":"keyUp","value":""}]}]}
COMMAND: POST /session/329de238260d7602ed1af1352086bef4/execute/async - {"script":"<script> [1562 bytes]","args":[{"selector":{"id":"application-manageresources-display-component---newResourceUnit--resourceId","interaction":{"idSuffix":"inner"}},"wdio_ui5_key":"applicationmanageresources-display-component---newResourceUnit--resourceId"}]}
COMMAND: GET /session/329de238260d7602ed1af1352086bef4/screenshot - {}
RESULT: {"script":"<script> [1562 bytes]","args":[{"selector":{"id":"application-manageresources-display-component---newResourceUnit--resourceId","interaction":{"idSuffix":"inner"}},"wdio_ui5_key":"applicationmanageresources-display-component---newResourceUnit--resourceId"}]}
RESULT: undefined
COMMAND: POST /session/329de238260d7602ed1af1352086bef4/execute/async - {"script":"<script> [776 bytes]","args":[{"enterText":"Pmf7dxkOkp","selector":{"id":"application-manageresources-display-component---newResourceUnit--resourceId","interaction":{"idSuffix":"inner"}},"clearTextFirst":true,"interactionType":"ENTER_TEXT"}]}
RESULT: {}
RESULT: {"script":"<script> [776 bytes]","args":[{"enterText":"Pmf7dxkOkp","selector":{"id":"application-manageresources-display-component---newResourceUnit--resourceId","interaction":{"idSuffix":"inner"}},"clearTextFirst":true,"interactionType":"ENTER_TEXT"}]}
COMMAND: POST /session/329de238260d7602ed1af1352086bef4/execute/async - {"script":"<script> [1562 bytes]","args":[{"selector":{"id":"application-manageresources-display-component---newResourceUnit--SHORT_TEXT","interaction":{"idSuffix":"inner"}},"wdio_ui5_key":"applicationmanageresources-display-component---newResourceUnit--SHORT_TEXT"}]}
RESULT: {"script":"<script> [1562 bytes]","args":[{"selector":{"id":"application-manageresources-display-component---newResourceUnit--SHORT_TEXT","interaction":{"idSuffix":"inner"}},"wdio_ui5_key":"applicationmanageresources-display-component---newResourceUnit--SHORT_TEXT"}]}
RESULT: undefined
COMMAND: POST /session/329de238260d7602ed1af1352086bef4/execute/async - {"script":"<script> [776 bytes]","args":[{"enterText":"Intercompany Equipment WDIO","selector":{"id":"application-manageresources-display-component---newResourceUnit--SHORT_TEXT","interaction":{"idSuffix":"inner"}},"clearTextFirst":true,"interactionType":"ENTER_TEXT"}]}
RESULT: {"script":"<script> [776 bytes]","args":[{"enterText":"Intercompany Equipment WDIO","selector":{"id":"application-manageresources-display-component---newResourceUnit--SHORT_TEXT","interaction":{"idSuffix":"inner"}},"clearTextFirst":true,"interactionType":"ENTER_TEXT"}]}
COMMAND: POST /session/329de238260d7602ed1af1352086bef4/execute/async - {"script":"<script> [1562 bytes]","args":[{"selector":{"id":"application-manageresources-display-component---newResourceUnit--BASE_UNIT_OF_MEASURE","interaction":{"idSuffix":"inner"}},"wdio_ui5_key":"applicationmanageresources-display-component---newResourceUnit--BASE_UNIT_OF_MEASURE"}]}
RESULT: {"script":"<script> [1562 bytes]","args":[{"selector":{"id":"application-manageresources-display-component---newResourceUnit--BASE_UNIT_OF_MEASURE","interaction":{"idSuffix":"inner"}},"wdio_ui5_key":"applicationmanageresources-display-component---newResourceUnit--BASE_UNIT_OF_MEASURE"}]}
RESULT: undefined
COMMAND: POST /session/329de238260d7602ed1af1352086bef4/execute/async - {"script":"<script> [776 bytes]","args":[{"enterText":"Piece","selector":{"id":"application-manageresources-display-component---newResourceUnit--BASE_UNIT_OF_MEASURE","interaction":{"idSuffix":"inner"}},"clearTextFirst":true,"interactionType":"ENTER_TEXT"}]}
RESULT: {"script":"<script> [776 bytes]","args":[{"enterText":"Piece","selector":{"id":"application-manageresources-display-component---newResourceUnit--BASE_UNIT_OF_MEASURE","interaction":{"idSuffix":"inner"}},"clearTextFirst":true,"interactionType":"ENTER_TEXT"}]}
COMMAND: POST /session/329de238260d7602ed1af1352086bef4/execute/async - {"script":"<script> [1562 bytes]","args":[{"selector":{"id":"application-manageresources-display-component---newResourceUnit--WEIGHT_UNIT","interaction":{"idSuffix":"inner"}},"wdio_ui5_key":"applicationmanageresources-display-component---newResourceUnit--WEIGHT_UNIT"}]}
RESULT: {"script":"<script> [1562 bytes]","args":[{"selector":{"id":"application-manageresources-display-component---newResourceUnit--WEIGHT_UNIT","interaction":{"idSuffix":"inner"}},"wdio_ui5_key":"applicationmanageresources-display-component---newResourceUnit--WEIGHT_UNIT"}]}
RESULT: undefined
COMMAND: POST /session/329de238260d7602ed1af1352086bef4/execute/async - {"script":"<script> [776 bytes]","args":[{"enterText":"Gram","selector":{"id":"application-manageresources-display-component---newResourceUnit--WEIGHT_UNIT","interaction":{"idSuffix":"inner"}},"clearTextFirst":true,"interactionType":"ENTER_TEXT"}]}
RESULT: {"script":"<script> [776 bytes]","args":[{"enterText":"Gram","selector":{"id":"application-manageresources-display-component---newResourceUnit--WEIGHT_UNIT","interaction":{"idSuffix":"inner"}},"clearTextFirst":true,"interactionType":"ENTER_TEXT"}]}
COMMAND: POST /session/329de238260d7602ed1af1352086bef4/execute/async - {"script":"<script> [1562 bytes]","args":[{"selector":{"id":"application-manageresources-display-component---newResourceUnit--DIMENSION_UNIT","interaction":{"idSuffix":"inner"}},"wdio_ui5_key":"applicationmanageresources-display-component---newResourceUnit--DIMENSION_UNIT"}]}
RESULT: {"script":"<script> [1562 bytes]","args":[{"selector":{"id":"application-manageresources-display-component---newResourceUnit--DIMENSION_UNIT","interaction":{"idSuffix":"inner"}},"wdio_ui5_key":"applicationmanageresources-display-component---newResourceUnit--DIMENSION_UNIT"}]}
RESULT: undefined
COMMAND: POST /session/329de238260d7602ed1af1352086bef4/execute/async - {"script":"<script> [776 bytes]","args":[{"enterText":"Meter","selector":{"id":"application-manageresources-display-component---newResourceUnit--DIMENSION_UNIT","interaction":{"idSuffix":"inner"}},"clearTextFirst":true,"interactionType":"ENTER_TEXT"}]}
RESULT: {"script":"<script> [776 bytes]","args":[{"enterText":"Meter","selector":{"id":"application-manageresources-display-component---newResourceUnit--DIMENSION_UNIT","interaction":{"idSuffix":"inner"}},"clearTextFirst":true,"interactionType":"ENTER_TEXT"}]}
COMMAND: POST /session/329de238260d7602ed1af1352086bef4/execute/async - {"script":"<script> [1562 bytes]","args":[{"selector":{"id":"application-manageresources-display-component---newResourceUnit--newRRUPage-anchBar-application-manageresources-display-component---newResourceUnit--control-anchor","interaction":{"idSuffix":"BDI-content"}},"wdio_ui5_key":"applicationmanageresources-display-component---newResourceUnit--newRRUPage-anchBar-application-manageresources-display-component---newResourceUnit--control-anchor"}]}
RESULT: {"script":"<script> [1562 bytes]","args":[{"selector":{"id":"application-manageresources-display-component---newResourceUnit--newRRUPage-anchBar-application-manageresources-display-component---newResourceUnit--control-anchor","interaction":{"idSuffix":"BDI-content"}},"wdio_ui5_key":"applicationmanageresources-display-component---newResourceUnit--newRRUPage-anchBar-application-manageresources-display-component---newResourceUnit--control-anchor"}]}
RESULT: undefined
COMMAND: POST /session/329de238260d7602ed1af1352086bef4/element - {"using":"xpath","value":"//*[@id=\"application-manageresources-display-component---newResourceUnit--newRRUPage-anchBar-application-manageresources-display-component---newResourceUnit--control-anchor\"]"}
RESULT: {"using":"xpath","value":"//*[@id=\"application-manageresources-display-component---newResourceUnit--newRRUPage-anchBar-application-manageresources-display-component---newResourceUnit--control-anchor\"]"}
COMMAND: POST /session/329de238260d7602ed1af1352086bef4/element/f.ABBA5987F2E82E58D78C902D9EA41D2B.d.BFC82B1BA6BABAC5B2AC7695359C18B3.e.20715/click - {}
RESULT: {}
COMMAND: POST /session/329de238260d7602ed1af1352086bef4/execute/async - {"script":"<script> [1562 bytes]","args":[{"selector":{"id":"application-manageresources-display-component---newResourceUnit--PLANNING_GROUP","interaction":{"idSuffix":"inner"}},"wdio_ui5_key":"applicationmanageresources-display-component---newResourceUnit--PLANNING_GROUP"}]}
COMMAND: GET /session/329de238260d7602ed1af1352086bef4/screenshot - {}
RESULT: {"script":"<script> [1562 bytes]","args":[{"selector":{"id":"application-manageresources-display-component---newResourceUnit--PLANNING_GROUP","interaction":{"idSuffix":"inner"}},"wdio_ui5_key":"applicationmanageresources-display-component---newResourceUnit--PLANNING_GROUP"}]}
RESULT: undefined
COMMAND: POST /session/329de238260d7602ed1af1352086bef4/execute/async - {"script":"<script> [776 bytes]","args":[{"enterText":"Heavy Equi","selector":{"id":"application-manageresources-display-component---newResourceUnit--PLANNING_GROUP","interaction":{"idSuffix":"inner"}},"clearTextFirst":true,"interactionType":"ENTER_TEXT"}]}
RESULT: {}
RESULT: {"script":"<script> [776 bytes]","args":[{"enterText":"Heavy Equi","selector":{"id":"application-manageresources-display-component---newResourceUnit--PLANNING_GROUP","interaction":{"idSuffix":"inner"}},"clearTextFirst":true,"interactionType":"ENTER_TEXT"}]}
COMMAND: POST /session/329de238260d7602ed1af1352086bef4/execute/async - {"script":"<script> [1562 bytes]","args":[{"selector":{"id":"application-manageresources-display-component---newResourceUnit--ITEM_TYPE-arrow"},"wdio_ui5_key":"applicationmanageresources-display-component---newResourceUnit--ITEM_TYPE-arrow"}]}
RESULT: {"script":"<script> [1562 bytes]","args":[{"selector":{"id":"application-manageresources-display-component---newResourceUnit--ITEM_TYPE-arrow"},"wdio_ui5_key":"applicationmanageresources-display-component---newResourceUnit--ITEM_TYPE-arrow"}]}
RESULT: undefined
COMMAND: POST /session/329de238260d7602ed1af1352086bef4/element - {"using":"xpath","value":"//*[@id=\"application-manageresources-display-component---newResourceUnit--ITEM_TYPE-arrow\"]"}
RESULT: {"using":"xpath","value":"//*[@id=\"application-manageresources-display-component---newResourceUnit--ITEM_TYPE-arrow\"]"}
COMMAND: POST /session/329de238260d7602ed1af1352086bef4/element/f.ABBA5987F2E82E58D78C902D9EA41D2B.d.BFC82B1BA6BABAC5B2AC7695359C18B3.e.20724/click - {}
RESULT: {}
COMMAND: POST /session/329de238260d7602ed1af1352086bef4/element - {"using":"xpath","value":"//ul[contains(@id,\"ITEM_TYPE-popup-list-listUl\")]//li[.//span[contains(text(),\"Resource Unit\")]]"}
COMMAND: GET /session/329de238260d7602ed1af1352086bef4/screenshot - {}
RESULT: {"using":"xpath","value":"//ul[contains(@id,\"ITEM_TYPE-popup-list-listUl\")]//li[.//span[contains(text(),\"Resource Unit\")]]"}
COMMAND: POST /session/329de238260d7602ed1af1352086bef4/element/f.ABBA5987F2E82E58D78C902D9EA41D2B.d.BFC82B1BA6BABAC5B2AC7695359C18B3.e.20725/click - {}
RESULT: {}
RESULT: {}
COMMAND: GET /session/329de238260d7602ed1af1352086bef4/screenshot - {}
RESULT: {}
COMMAND: POST /session/329de238260d7602ed1af1352086bef4/element - {"using":"css selector","value":"#application-manageresources-display-component---newResourceUnit--btnAddTimeSegment"}
RESULT: {"using":"css selector","value":"#application-manageresources-display-component---newResourceUnit--btnAddTimeSegment"}
COMMAND: GET /session/329de238260d7602ed1af1352086bef4/element/f.ABBA5987F2E82E58D78C902D9EA41D2B.d.BFC82B1BA6BABAC5B2AC7695359C18B3.e.20732/rect - {}
RESULT: {}
COMMAND: GET /session/329de238260d7602ed1af1352086bef4/window/rect - {}
RESULT: {}
COMMAND: POST /session/329de238260d7602ed1af1352086bef4/execute/sync - {"script":"<script> [92 bytes]","args":[]}
RESULT: {"script":"<script> [92 bytes]","args":[]}
COMMAND: POST /session/329de238260d7602ed1af1352086bef4/actions - {"actions":[{"id":"action69","type":"wheel","parameters":{},"actions":[{"type":"scroll","x":-1888,"y":-32,"deltaX":0,"deltaY":0,"duration":0,"origin":{"element-6066-11e4-a52e-4f735466cecf":"f.ABBA5987F2E82E58D78C902D9EA41D2B.d.BFC82B1BA6BABAC5B2AC7695359C18B3.e.20732"}}]}]}
COMMAND: GET /session/329de238260d7602ed1af1352086bef4/screenshot - {}
RESULT: {}
COMMAND: POST /session/329de238260d7602ed1af1352086bef4/execute/sync - {"script":"<script> [79 bytes]","args":[{"element-6066-11e4-a52e-4f735466cecf":"f.ABBA5987F2E82E58D78C902D9EA41D2B.d.BFC82B1BA6BABAC5B2AC7695359C18B3.e.20732","ELEMENT":"f.ABBA5987F2E82E58D78C902D9EA41D2B.d.BFC82B1BA6BABAC5B2AC7695359C18B3.e.20732"},{"block":"start","inline":"nearest"}]}
RESULT: {"script":"<script> [79 bytes]","args":[{"element-6066-11e4-a52e-4f735466cecf":"f.ABBA5987F2E82E58D78C902D9EA41D2B.d.BFC82B1BA6BABAC5B2AC7695359C18B3.e.20732","ELEMENT":"f.ABBA5987F2E82E58D78C902D9EA41D2B.d.BFC82B1BA6BABAC5B2AC7695359C18B3.e.20732"},{"block":"start","inline":"nearest"}]}
COMMAND: POST /session/329de238260d7602ed1af1352086bef4/execute/async - {"script":"<script> [1562 bytes]","args":[{"selector":{"id":"application-manageresources-display-component---newResourceUnit--btnAddTimeSegment","interaction":{"idSuffix":"inner"}},"wdio_ui5_key":"applicationmanageresources-display-component---newResourceUnit--btnAddTimeSegment"}]}
COMMAND: GET /session/329de238260d7602ed1af1352086bef4/screenshot - {}
RESULT: {"script":"<script> [1562 bytes]","args":[{"selector":{"id":"application-manageresources-display-component---newResourceUnit--btnAddTimeSegment","interaction":{"idSuffix":"inner"}},"wdio_ui5_key":"applicationmanageresources-display-component---newResourceUnit--btnAddTimeSegment"}]}
RESULT: undefined
COMMAND: POST /session/329de238260d7602ed1af1352086bef4/element - {"using":"xpath","value":"//*[@id=\"application-manageresources-display-component---newResourceUnit--btnAddTimeSegment\"]"}
RESULT: {}
RESULT: {"using":"xpath","value":"//*[@id=\"application-manageresources-display-component---newResourceUnit--btnAddTimeSegment\"]"}
COMMAND: POST /session/329de238260d7602ed1af1352086bef4/element/f.ABBA5987F2E82E58D78C902D9EA41D2B.d.BFC82B1BA6BABAC5B2AC7695359C18B3.e.20732/click - {}
RESULT: {}
COMMAND: GET /session/329de238260d7602ed1af1352086bef4/screenshot - {}
RESULT: {}
COMMAND: POST /session/329de238260d7602ed1af1352086bef4/element - {"using":"xpath","value":"//input[@id=\"application-manageresources-display-component---newResourceUnit--idRuTSAdmin-application-manageresources-display-component---newResourceUnit--RUTimeSegment-0-inner\"]"}
RESULT: {"using":"xpath","value":"//input[@id=\"application-manageresources-display-component---newResourceUnit--idRuTSAdmin-application-manageresources-display-component---newResourceUnit--RUTimeSegment-0-inner\"]"}
COMMAND: POST /session/329de238260d7602ed1af1352086bef4/element/f.ABBA5987F2E82E58D78C902D9EA41D2B.d.BFC82B1BA6BABAC5B2AC7695359C18B3.e.20738/clear - {}
RESULT: {}
COMMAND: POST /session/329de238260d7602ed1af1352086bef4/element/f.ABBA5987F2E82E58D78C902D9EA41D2B.d.BFC82B1BA6BABAC5B2AC7695359C18B3.e.20738/value - {"text":"469"}
COMMAND: GET /session/329de238260d7602ed1af1352086bef4/screenshot - {}
RESULT: {"text":"469"}
COMMAND: GET /session/329de238260d7602ed1af1352086bef4/screenshot - {}
RESULT: {}
RESULT: {}
COMMAND: POST /session/329de238260d7602ed1af1352086bef4/element - {"using":"xpath","value":"//li[.//span[text()='469']]"}
RESULT: {"using":"xpath","value":"//li[.//span[text()='469']]"}
COMMAND: POST /session/329de238260d7602ed1af1352086bef4/element/f.ABBA5987F2E82E58D78C902D9EA41D2B.d.BFC82B1BA6BABAC5B2AC7695359C18B3.e.20750/click - {}
RESULT: {}
COMMAND: GET /session/329de238260d7602ed1af1352086bef4/screenshot - {}
RESULT: {}
COMMAND: POST /session/329de238260d7602ed1af1352086bef4/element - {"using":"xpath","value":"(//span[contains(@id, \"-application-manageresources-display-component---newResourceUnit--RUTimeSegment-0-arrow\")])[6]"}
RESULT: {"using":"xpath","value":"(//span[contains(@id, \"-application-manageresources-display-component---newResourceUnit--RUTimeSegment-0-arrow\")])[6]"}
COMMAND: POST /session/329de238260d7602ed1af1352086bef4/element/f.ABBA5987F2E82E58D78C902D9EA41D2B.d.BFC82B1BA6BABAC5B2AC7695359C18B3.e.20751/click - {}
RESULT: {}
COMMAND: GET /session/329de238260d7602ed1af1352086bef4/screenshot - {}
RESULT: {}
COMMAND: POST /session/329de238260d7602ed1af1352086bef4/element - {"using":"xpath","value":"//span[contains(text(), \"PM Order\")]"}
RESULT: {"using":"xpath","value":"//span[contains(text(), \"PM Order\")]"}
COMMAND: POST /session/329de238260d7602ed1af1352086bef4/element/f.ABBA5987F2E82E58D78C902D9EA41D2B.d.BFC82B1BA6BABAC5B2AC7695359C18B3.e.20754/click - {}
RESULT: {}
COMMAND: GET /session/329de238260d7602ed1af1352086bef4/screenshot - {}
RESULT: {}
COMMAND: POST /session/329de238260d7602ed1af1352086bef4/element - {"using":"xpath","value":"(//span[contains(@id ,\"manageresources-display-component---newResourceUnit--RUTimeSegment-0-vhi\")])[1]"}
RESULT: {"using":"xpath","value":"(//span[contains(@id ,\"manageresources-display-component---newResourceUnit--RUTimeSegment-0-vhi\")])[1]"}
COMMAND: GET /session/329de238260d7602ed1af1352086bef4/element/f.ABBA5987F2E82E58D78C902D9EA41D2B.d.BFC82B1BA6BABAC5B2AC7695359C18B3.e.20758/rect - {}
RESULT: {}
COMMAND: GET /session/329de238260d7602ed1af1352086bef4/window/rect - {}
RESULT: {}
COMMAND: POST /session/329de238260d7602ed1af1352086bef4/execute/sync - {"script":"<script> [92 bytes]","args":[]}
RESULT: {"script":"<script> [92 bytes]","args":[]}
COMMAND: POST /session/329de238260d7602ed1af1352086bef4/actions - {"actions":[{"id":"action70","type":"wheel","parameters":{},"actions":[{"type":"scroll","x":-869,"y":-24,"deltaX":0,"deltaY":0,"duration":0,"origin":{"element-6066-11e4-a52e-4f735466cecf":"f.ABBA5987F2E82E58D78C902D9EA41D2B.d.BFC82B1BA6BABAC5B2AC7695359C18B3.e.20758"}}]}]}
COMMAND: GET /session/329de238260d7602ed1af1352086bef4/screenshot - {}
RESULT: {"actions":[{"id":"action70","type":"wheel","parameters":{},"actions":[{"type":"scroll","x":-869,"y":-24,"deltaX":0,"deltaY":0,"duration":0,"origin":{"element-6066-11e4-a52e-4f735466cecf":"f.ABBA5987F2E82E58D78C902D9EA41D2B.d.BFC82B1BA6BABAC5B2AC7695359C18B3.e.20758"}}]}]}
COMMAND: DELETE /session/329de238260d7602ed1af1352086bef4/actions - {}
COMMAND: GET /session/329de238260d7602ed1af1352086bef4/screenshot - {}
RESULT: {}
RESULT: {}
COMMAND: GET /session/329de238260d7602ed1af1352086bef4/screenshot - {}
RESULT: {}
RESULT: {}
COMMAND: POST /session/329de238260d7602ed1af1352086bef4/element/f.ABBA5987F2E82E58D78C902D9EA41D2B.d.BFC82B1BA6BABAC5B2AC7695359C18B3.e.20758/click - {}
RESULT: {}
COMMAND: GET /session/329de238260d7602ed1af1352086bef4/screenshot - {}
RESULT: {}
COMMAND: POST /session/329de238260d7602ed1af1352086bef4/execute/async - {"script":"<script> [1562 bytes]","args":[{"selector":{"controlType":"sap.m.SearchField","properties":{"placeholder":"Search"},"searchOpenDialogs":true,"interaction":{"idSuffix":"I"}},"wdio_ui5_key":"sapm.SearchField{\"placeholder\":\"Search\"}"}]}
RESULT: {"script":"<script> [1562 bytes]","args":[{"selector":{"controlType":"sap.m.SearchField","properties":{"placeholder":"Search"},"searchOpenDialogs":true,"interaction":{"idSuffix":"I"}},"wdio_ui5_key":"sapm.SearchField{\"placeholder\":\"Search\"}"}]}
RESULT: undefined
COMMAND: POST /session/329de238260d7602ed1af1352086bef4/execute/async - {"script":"<script> [776 bytes]","args":[{"enterText":"4000360","selector":{"controlType":"sap.m.SearchField","properties":{"placeholder":"Search"},"searchOpenDialogs":true,"interaction":{"idSuffix":"I"}},"clearTextFirst":true,"interactionType":"ENTER_TEXT"}]}
RESULT: {"script":"<script> [776 bytes]","args":[{"enterText":"4000360","selector":{"controlType":"sap.m.SearchField","properties":{"placeholder":"Search"},"searchOpenDialogs":true,"interaction":{"idSuffix":"I"}},"clearTextFirst":true,"interactionType":"ENTER_TEXT"}]}
COMMAND: POST /session/329de238260d7602ed1af1352086bef4/actions - {"actions":[{"id":"action71","type":"key","parameters":{},"actions":[{"type":"keyDown","value":""},{"type":"pause","duration":10},{"type":"keyUp","value":""}]}]}
RESULT: {"actions":[{"id":"action71","type":"key","parameters":{},"actions":[{"type":"keyDown","value":""},{"type":"pause","duration":10},{"type":"keyUp","value":""}]}]}
COMMAND: GET /session/329de238260d7602ed1af1352086bef4/screenshot - {}
RESULT: {}
COMMAND: POST /session/329de238260d7602ed1af1352086bef4/element - {"using":"xpath","value":"//td/div/span[contains(text(), \"BGL Vehicles\")]"}
RESULT: {"using":"xpath","value":"//td/div/span[contains(text(), \"BGL Vehicles\")]"}
COMMAND: POST /session/329de238260d7602ed1af1352086bef4/element/f.ABBA5987F2E82E58D78C902D9EA41D2B.d.BFC82B1BA6BABAC5B2AC7695359C18B3.e.20779/click - {}
RESULT: {}
COMMAND: GET /session/329de238260d7602ed1af1352086bef4/screenshot - {}
RESULT: {}
COMMAND: POST /session/329de238260d7602ed1af1352086bef4/element - {"using":"xpath","value":"//bdi[contains(text(), \"OK\")]"}
RESULT: {"using":"xpath","value":"//bdi[contains(text(), \"OK\")]"}
COMMAND: POST /session/329de238260d7602ed1af1352086bef4/element/f.ABBA5987F2E82E58D78C902D9EA41D2B.d.BFC82B1BA6BABAC5B2AC7695359C18B3.e.20780/click - {}
RESULT: {}
COMMAND: GET /session/329de238260d7602ed1af1352086bef4/screenshot - {}
RESULT: {}
COMMAND: POST /session/329de238260d7602ed1af1352086bef4/execute/async - {"script":"<script> [1562 bytes]","args":[{"selector":{"id":"application-manageresources-display-component---newResourceUnit--newRRUPage-anchBar-application-manageresources-display-component---newResourceUnit--resource-anchor","interaction":{"idSuffix":"BDI-content"}},"wdio_ui5_key":"applicationmanageresources-display-component---newResourceUnit--newRRUPage-anchBar-application-manageresources-display-component---newResourceUnit--resource-anchor"}]}
RESULT: {"script":"<script> [1562 bytes]","args":[{"selector":{"id":"application-manageresources-display-component---newResourceUnit--newRRUPage-anchBar-application-manageresources-display-component---newResourceUnit--resource-anchor","interaction":{"idSuffix":"BDI-content"}},"wdio_ui5_key":"applicationmanageresources-display-component---newResourceUnit--newRRUPage-anchBar-application-manageresources-display-component---newResourceUnit--resource-anchor"}]}
RESULT: undefined
COMMAND: POST /session/329de238260d7602ed1af1352086bef4/element - {"using":"xpath","value":"//*[@id=\"application-manageresources-display-component---newResourceUnit--newRRUPage-anchBar-application-manageresources-display-component---newResourceUnit--resource-anchor\"]"}
RESULT: {"using":"xpath","value":"//*[@id=\"application-manageresources-display-component---newResourceUnit--newRRUPage-anchBar-application-manageresources-display-component---newResourceUnit--resource-anchor\"]"}
COMMAND: POST /session/329de238260d7602ed1af1352086bef4/element/f.ABBA5987F2E82E58D78C902D9EA41D2B.d.BFC82B1BA6BABAC5B2AC7695359C18B3.e.20784/click - {}
RESULT: {}
COMMAND: POST /session/329de238260d7602ed1af1352086bef4/execute/async - {"script":"<script> [1562 bytes]","args":[{"selector":{"id":"application-manageresources-display-component---newResourceUnit--PLANNED_DELIVERY_DATE","interaction":{"idSuffix":"inner"}},"wdio_ui5_key":"applicationmanageresources-display-component---newResourceUnit--PLANNED_DELIVERY_DATE"}]}
COMMAND: GET /session/329de238260d7602ed1af1352086bef4/screenshot - {}
RESULT: {"script":"<script> [1562 bytes]","args":[{"selector":{"id":"application-manageresources-display-component---newResourceUnit--PLANNED_DELIVERY_DATE","interaction":{"idSuffix":"inner"}},"wdio_ui5_key":"applicationmanageresources-display-component---newResourceUnit--PLANNED_DELIVERY_DATE"}]}
RESULT: undefined
COMMAND: POST /session/329de238260d7602ed1af1352086bef4/execute/async - {"script":"<script> [6424 bytes]","args":[{"element-6066-11e4-a52e-4f735466cecf":"f.ABBA5987F2E82E58D78C902D9EA41D2B.d.BFC82B1BA6BABAC5B2AC7695359C18B3.e.20614"},"setValue",["5/29/25"]]}
RESULT: {}
RESULT: {"script":"<script> [6424 bytes]","args":[{"element-6066-11e4-a52e-4f735466cecf":"f.ABBA5987F2E82E58D78C902D9EA41D2B.d.BFC82B1BA6BABAC5B2AC7695359C18B3.e.20614"},"setValue",["5/29/25"]]}
COMMAND: POST /session/329de238260d7602ed1af1352086bef4/element - {"using":"xpath","value":"//label[contains(@class, 'sapMLabelRequired') and .//bdi[contains(text(), 'Planned Retirement')]]"}
RESULT: {"using":"xpath","value":"//label[contains(@class, 'sapMLabelRequired') and .//bdi[contains(text(), 'Planned Retirement')]]"}
COMMAND: POST /session/329de238260d7602ed1af1352086bef4/elements - {"using":"xpath","value":"//label[contains(@class, 'sapMLabelRequired') and .//bdi[contains(text(), 'Planned Retirement')]]"}
RESULT: {"using":"xpath","value":"//label[contains(@class, 'sapMLabelRequired') and .//bdi[contains(text(), 'Planned Retirement')]]"}
COMMAND: POST /session/329de238260d7602ed1af1352086bef4/element - {"using":"xpath","value":"//button[@data-kt=\"resourceUnitSaveButton\"]"}
RESULT: {"using":"xpath","value":"//button[@data-kt=\"resourceUnitSaveButton\"]"}
COMMAND: POST /session/329de238260d7602ed1af1352086bef4/element/f.ABBA5987F2E82E58D78C902D9EA41D2B.d.BFC82B1BA6BABAC5B2AC7695359C18B3.e.20573/click - {}
RESULT: {}
COMMAND: GET /session/329de238260d7602ed1af1352086bef4/screenshot - {}
RESULT: {}
COMMAND: POST /session/329de238260d7602ed1af1352086bef4/element - {"using":"xpath","value":"//bdi[contains(text(), \"Close\")]"}
RESULT: {"using":"xpath","value":"//bdi[contains(text(), \"Close\")]"}
COMMAND: POST /session/329de238260d7602ed1af1352086bef4/element/f.ABBA5987F2E82E58D78C902D9EA41D2B.d.BFC82B1BA6BABAC5B2AC7695359C18B3.e.20792/click - {}
RESULT: {}
COMMAND: GET /session/329de238260d7602ed1af1352086bef4/screenshot - {}
RESULT: {}
COMMAND: POST /session/329de238260d7602ed1af1352086bef4/element - {"using":"xpath","value":"(//button[contains(@id ,\"actionsToolbar-overflowButton\")])[1]"}
RESULT: {"using":"xpath","value":"(//button[contains(@id ,\"actionsToolbar-overflowButton\")])[1]"}
COMMAND: POST /session/329de238260d7602ed1af1352086bef4/element/f.ABBA5987F2E82E58D78C902D9EA41D2B.d.BFC82B1BA6BABAC5B2AC7695359C18B3.e.20851/click - {}
RESULT: {}
COMMAND: GET /session/329de238260d7602ed1af1352086bef4/screenshot - {}
RESULT: {}
COMMAND: POST /session/329de238260d7602ed1af1352086bef4/element - {"using":"xpath","value":"//button[@data-kt=\"priceInfoButton\"]"}
RESULT: {"using":"xpath","value":"//button[@data-kt=\"priceInfoButton\"]"}
COMMAND: POST /session/329de238260d7602ed1af1352086bef4/element/f.ABBA5987F2E82E58D78C902D9EA41D2B.d.BFC82B1BA6BABAC5B2AC7695359C18B3.e.20853/click - {}
RESULT: {}
COMMAND: GET /session/329de238260d7602ed1af1352086bef4/screenshot - {}
RESULT: {}
]]></system-out>
    </testcase>
    <testcase classname="chrome.136_0_7103_93.windows.Billing_Calculation_-_Time_based_(considering_transport_times)_US139738" name="Should create new pricing rule for the equipment" time="49.289">
      <system-out><![CDATA[
COMMAND: POST /session/329de238260d7602ed1af1352086bef4/element - {"using":"xpath","value":"//button[@data-kt=\"addButton\"]"}
RESULT: {"using":"xpath","value":"//button[@data-kt=\"addButton\"]"}
COMMAND: POST /session/329de238260d7602ed1af1352086bef4/elements - {"using":"xpath","value":"//button[@data-kt=\"addButton\"]"}
RESULT: {"using":"xpath","value":"//button[@data-kt=\"addButton\"]"}
COMMAND: POST /session/329de238260d7602ed1af1352086bef4/execute/sync - {"script":"<script> [8489 bytes]","args":[{"element-6066-11e4-a52e-4f735466cecf":"f.ABBA5987F2E82E58D78C902D9EA41D2B.d.BFC82B1BA6BABAC5B2AC7695359C18B3.e.20889","ELEMENT":"f.ABBA5987F2E82E58D78C902D9EA41D2B.d.BFC82B1BA6BABAC5B2AC7695359C18B3.e.20889"}]}
RESULT: {"script":"<script> [8489 bytes]","args":[{"element-6066-11e4-a52e-4f735466cecf":"f.ABBA5987F2E82E58D78C902D9EA41D2B.d.BFC82B1BA6BABAC5B2AC7695359C18B3.e.20889","ELEMENT":"f.ABBA5987F2E82E58D78C902D9EA41D2B.d.BFC82B1BA6BABAC5B2AC7695359C18B3.e.20889"}]}
COMMAND: GET /session/329de238260d7602ed1af1352086bef4/element/f.ABBA5987F2E82E58D78C902D9EA41D2B.d.BFC82B1BA6BABAC5B2AC7695359C18B3.e.20889/enabled - {}
COMMAND: GET /session/329de238260d7602ed1af1352086bef4/screenshot - {}
RESULT: {}
COMMAND: POST /session/329de238260d7602ed1af1352086bef4/execute/sync - {"script":"<script> [8489 bytes]","args":[{"element-6066-11e4-a52e-4f735466cecf":"f.ABBA5987F2E82E58D78C902D9EA41D2B.d.BFC82B1BA6BABAC5B2AC7695359C18B3.e.20889","ELEMENT":"f.ABBA5987F2E82E58D78C902D9EA41D2B.d.BFC82B1BA6BABAC5B2AC7695359C18B3.e.20889"}]}
COMMAND: GET /session/329de238260d7602ed1af1352086bef4/screenshot - {}
RESULT: {}
RESULT: {"script":"<script> [8489 bytes]","args":[{"element-6066-11e4-a52e-4f735466cecf":"f.ABBA5987F2E82E58D78C902D9EA41D2B.d.BFC82B1BA6BABAC5B2AC7695359C18B3.e.20889","ELEMENT":"f.ABBA5987F2E82E58D78C902D9EA41D2B.d.BFC82B1BA6BABAC5B2AC7695359C18B3.e.20889"}]}
COMMAND: POST /session/329de238260d7602ed1af1352086bef4/execute/sync - {"script":"<script> [5351 bytes]","args":[{"element-6066-11e4-a52e-4f735466cecf":"f.ABBA5987F2E82E58D78C902D9EA41D2B.d.BFC82B1BA6BABAC5B2AC7695359C18B3.e.20889","ELEMENT":"f.ABBA5987F2E82E58D78C902D9EA41D2B.d.BFC82B1BA6BABAC5B2AC7695359C18B3.e.20889"}]}
COMMAND: GET /session/329de238260d7602ed1af1352086bef4/screenshot - {}
RESULT: {}
RESULT: {"script":"<script> [5351 bytes]","args":[{"element-6066-11e4-a52e-4f735466cecf":"f.ABBA5987F2E82E58D78C902D9EA41D2B.d.BFC82B1BA6BABAC5B2AC7695359C18B3.e.20889","ELEMENT":"f.ABBA5987F2E82E58D78C902D9EA41D2B.d.BFC82B1BA6BABAC5B2AC7695359C18B3.e.20889"}]}
COMMAND: POST /session/329de238260d7602ed1af1352086bef4/element/f.ABBA5987F2E82E58D78C902D9EA41D2B.d.BFC82B1BA6BABAC5B2AC7695359C18B3.e.20889/click - {}
COMMAND: GET /session/329de238260d7602ed1af1352086bef4/screenshot - {}
RESULT: {}
RESULT: {}
COMMAND: GET /session/329de238260d7602ed1af1352086bef4/screenshot - {}
RESULT: {}
RESULT: {}
COMMAND: POST /session/329de238260d7602ed1af1352086bef4/execute/async - {"script":"<script> [1562 bytes]","args":[{"selector":{"controlType":"sap.m.Title","viewName":"etm.portal.ui.managepricingrules.view.NewItem","viewId":"application-managepricingrules-display-component---newInfoPriceItem","properties":{"text":"New Pricing Rules - Item Level"}},"wdio_ui5_key":"etmportal.ui.managepricingrules.view.NewItemsap.m.Title{\"text\":\"New Pricing Rules - Item Level\"}"}]}
RESULT: {"script":"<script> [1562 bytes]","args":[{"selector":{"controlType":"sap.m.Title","viewName":"etm.portal.ui.managepricingrules.view.NewItem","viewId":"application-managepricingrules-display-component---newInfoPriceItem","properties":{"text":"New Pricing Rules - Item Level"}},"wdio_ui5_key":"etmportal.ui.managepricingrules.view.NewItemsap.m.Title{\"text\":\"New Pricing Rules - Item Level\"}"}]}
RESULT: undefined
COMMAND: POST /session/329de238260d7602ed1af1352086bef4/execute/async - {"script":"<script> [6424 bytes]","args":[{"element-6066-11e4-a52e-4f735466cecf":"f.ABBA5987F2E82E58D78C902D9EA41D2B.d.BFC82B1BA6BABAC5B2AC7695359C18B3.e.21049"},"getText",[]]}
RESULT: {"script":"<script> [6424 bytes]","args":[{"element-6066-11e4-a52e-4f735466cecf":"f.ABBA5987F2E82E58D78C902D9EA41D2B.d.BFC82B1BA6BABAC5B2AC7695359C18B3.e.21049"},"getText",[]]}
COMMAND: POST /session/329de238260d7602ed1af1352086bef4/execute/async - {"script":"<script> [1562 bytes]","args":[{"selector":{"id":"application-managepricingrules-display-component---newInfoPriceItem--condValidTo","interaction":{"idSuffix":"inner"}},"wdio_ui5_key":"applicationmanagepricingrules-display-component---newInfoPriceItem--condValidTo"}]}
RESULT: {"script":"<script> [1562 bytes]","args":[{"selector":{"id":"application-managepricingrules-display-component---newInfoPriceItem--condValidTo","interaction":{"idSuffix":"inner"}},"wdio_ui5_key":"applicationmanagepricingrules-display-component---newInfoPriceItem--condValidTo"}]}
RESULT: undefined
COMMAND: POST /session/329de238260d7602ed1af1352086bef4/execute/async - {"script":"<script> [776 bytes]","args":[{"enterText":"1/29/26","selector":{"id":"application-managepricingrules-display-component---newInfoPriceItem--condValidTo","interaction":{"idSuffix":"inner"}},"clearTextFirst":true,"interactionType":"ENTER_TEXT"}]}
RESULT: {"script":"<script> [776 bytes]","args":[{"enterText":"1/29/26","selector":{"id":"application-managepricingrules-display-component---newInfoPriceItem--condValidTo","interaction":{"idSuffix":"inner"}},"clearTextFirst":true,"interactionType":"ENTER_TEXT"}]}
COMMAND: POST /session/329de238260d7602ed1af1352086bef4/execute/async - {"script":"<script> [1562 bytes]","args":[{"selector":{"id":"application-managepricingrules-display-component---newInfoPriceItem--billType-arrow"},"wdio_ui5_key":"applicationmanagepricingrules-display-component---newInfoPriceItem--billType-arrow"}]}
RESULT: {"script":"<script> [1562 bytes]","args":[{"selector":{"id":"application-managepricingrules-display-component---newInfoPriceItem--billType-arrow"},"wdio_ui5_key":"applicationmanagepricingrules-display-component---newInfoPriceItem--billType-arrow"}]}
RESULT: undefined
COMMAND: POST /session/329de238260d7602ed1af1352086bef4/element - {"using":"xpath","value":"//*[@id=\"application-managepricingrules-display-component---newInfoPriceItem--billType-arrow\"]"}
RESULT: {"using":"xpath","value":"//*[@id=\"application-managepricingrules-display-component---newInfoPriceItem--billType-arrow\"]"}
COMMAND: POST /session/329de238260d7602ed1af1352086bef4/element/f.ABBA5987F2E82E58D78C902D9EA41D2B.d.BFC82B1BA6BABAC5B2AC7695359C18B3.e.21051/click - {}
RESULT: {}
COMMAND: POST /session/329de238260d7602ed1af1352086bef4/element - {"using":"xpath","value":"//span[contains(text(), \"TB - Time based\")]"}
COMMAND: GET /session/329de238260d7602ed1af1352086bef4/screenshot - {}
RESULT: {"using":"xpath","value":"//span[contains(text(), \"TB - Time based\")]"}
COMMAND: POST /session/329de238260d7602ed1af1352086bef4/element/f.ABBA5987F2E82E58D78C902D9EA41D2B.d.BFC82B1BA6BABAC5B2AC7695359C18B3.e.21052/click - {}
RESULT: {}
RESULT: {}
COMMAND: POST /session/329de238260d7602ed1af1352086bef4/execute/async - {"script":"<script> [1562 bytes]","args":[{"selector":{"id":"application-managepricingrules-display-component---newInfoPriceItem--priceProc-arrow"},"wdio_ui5_key":"applicationmanagepricingrules-display-component---newInfoPriceItem--priceProc-arrow"}]}
COMMAND: GET /session/329de238260d7602ed1af1352086bef4/screenshot - {}
RESULT: {"script":"<script> [1562 bytes]","args":[{"selector":{"id":"application-managepricingrules-display-component---newInfoPriceItem--priceProc-arrow"},"wdio_ui5_key":"applicationmanagepricingrules-display-component---newInfoPriceItem--priceProc-arrow"}]}
RESULT: undefined
COMMAND: POST /session/329de238260d7602ed1af1352086bef4/element - {"using":"xpath","value":"//*[@id=\"application-managepricingrules-display-component---newInfoPriceItem--priceProc-arrow\"]"}
RESULT: {}
RESULT: {"using":"xpath","value":"//*[@id=\"application-managepricingrules-display-component---newInfoPriceItem--priceProc-arrow\"]"}
COMMAND: POST /session/329de238260d7602ed1af1352086bef4/element/f.ABBA5987F2E82E58D78C902D9EA41D2B.d.BFC82B1BA6BABAC5B2AC7695359C18B3.e.21015/click - {}
RESULT: {}
COMMAND: POST /session/329de238260d7602ed1af1352086bef4/element - {"using":"xpath","value":"//span[contains(text(), \"TBS - Time based standard\")]"}
COMMAND: GET /session/329de238260d7602ed1af1352086bef4/screenshot - {}
RESULT: {"using":"xpath","value":"//span[contains(text(), \"TBS - Time based standard\")]"}
COMMAND: POST /session/329de238260d7602ed1af1352086bef4/element/f.ABBA5987F2E82E58D78C902D9EA41D2B.d.BFC82B1BA6BABAC5B2AC7695359C18B3.e.21053/click - {}
RESULT: {}
RESULT: {}
COMMAND: POST /session/329de238260d7602ed1af1352086bef4/execute/async - {"script":"<script> [1562 bytes]","args":[{"selector":{"id":"application-managepricingrules-display-component---newInfoPriceItem--calcBase-arrow"},"wdio_ui5_key":"applicationmanagepricingrules-display-component---newInfoPriceItem--calcBase-arrow"}]}
COMMAND: GET /session/329de238260d7602ed1af1352086bef4/screenshot - {}
RESULT: {"script":"<script> [1562 bytes]","args":[{"selector":{"id":"application-managepricingrules-display-component---newInfoPriceItem--calcBase-arrow"},"wdio_ui5_key":"applicationmanagepricingrules-display-component---newInfoPriceItem--calcBase-arrow"}]}
RESULT: undefined
COMMAND: POST /session/329de238260d7602ed1af1352086bef4/element - {"using":"xpath","value":"//*[@id=\"application-managepricingrules-display-component---newInfoPriceItem--calcBase-arrow\"]"}
RESULT: {}
RESULT: {"using":"xpath","value":"//*[@id=\"application-managepricingrules-display-component---newInfoPriceItem--calcBase-arrow\"]"}
COMMAND: POST /session/329de238260d7602ed1af1352086bef4/element/f.ABBA5987F2E82E58D78C902D9EA41D2B.d.BFC82B1BA6BABAC5B2AC7695359C18B3.e.21022/click - {}
RESULT: {}
COMMAND: GET /session/329de238260d7602ed1af1352086bef4/screenshot - {}
RESULT: {}
COMMAND: POST /session/329de238260d7602ed1af1352086bef4/element - {"using":"xpath","value":"//span[contains(text(), \"0006 - TB(calendar days)\")]"}
RESULT: {"using":"xpath","value":"//span[contains(text(), \"0006 - TB(calendar days)\")]"}
COMMAND: POST /session/329de238260d7602ed1af1352086bef4/element/f.ABBA5987F2E82E58D78C902D9EA41D2B.d.BFC82B1BA6BABAC5B2AC7695359C18B3.e.21054/click - {}
RESULT: {}
COMMAND: GET /session/329de238260d7602ed1af1352086bef4/screenshot - {}
RESULT: {}
COMMAND: POST /session/329de238260d7602ed1af1352086bef4/execute/async - {"script":"<script> [1562 bytes]","args":[{"selector":{"id":"application-managepricingrules-display-component---newInfoPriceItem--daysMonth","interaction":{"idSuffix":"inner"}},"wdio_ui5_key":"applicationmanagepricingrules-display-component---newInfoPriceItem--daysMonth"}]}
RESULT: {"script":"<script> [1562 bytes]","args":[{"selector":{"id":"application-managepricingrules-display-component---newInfoPriceItem--daysMonth","interaction":{"idSuffix":"inner"}},"wdio_ui5_key":"applicationmanagepricingrules-display-component---newInfoPriceItem--daysMonth"}]}
RESULT: undefined
COMMAND: POST /session/329de238260d7602ed1af1352086bef4/execute/async - {"script":"<script> [776 bytes]","args":[{"enterText":"30","selector":{"id":"application-managepricingrules-display-component---newInfoPriceItem--daysMonth","interaction":{"idSuffix":"inner"}},"clearTextFirst":true,"interactionType":"ENTER_TEXT"}]}
RESULT: {"script":"<script> [776 bytes]","args":[{"enterText":"30","selector":{"id":"application-managepricingrules-display-component---newInfoPriceItem--daysMonth","interaction":{"idSuffix":"inner"}},"clearTextFirst":true,"interactionType":"ENTER_TEXT"}]}
COMMAND: POST /session/329de238260d7602ed1af1352086bef4/element - {"using":"xpath","value":"//button[@data-kt=\"saveNewRuleButton\"]"}
RESULT: {"using":"xpath","value":"//button[@data-kt=\"saveNewRuleButton\"]"}
COMMAND: POST /session/329de238260d7602ed1af1352086bef4/element/f.ABBA5987F2E82E58D78C902D9EA41D2B.d.BFC82B1BA6BABAC5B2AC7695359C18B3.e.21039/click - {}
RESULT: {}
COMMAND: GET /session/329de238260d7602ed1af1352086bef4/screenshot - {}
RESULT: {}
COMMAND: POST /session/329de238260d7602ed1af1352086bef4/execute/async - {"script":"<script> [1562 bytes]","args":[{"selector":{"id":"application-managepricingrules-display-component---priceInfoItem--smartFilterBar-btnBasicSearch","interaction":{"idSuffix":"I"}},"wdio_ui5_key":"applicationmanagepricingrules-display-component---priceInfoItem--smartFilterBar-btnBasicSearch"}]}
RESULT: {"script":"<script> [1562 bytes]","args":[{"selector":{"id":"application-managepricingrules-display-component---priceInfoItem--smartFilterBar-btnBasicSearch","interaction":{"idSuffix":"I"}},"wdio_ui5_key":"applicationmanagepricingrules-display-component---priceInfoItem--smartFilterBar-btnBasicSearch"}]}
RESULT: undefined
COMMAND: POST /session/329de238260d7602ed1af1352086bef4/execute/async - {"script":"<script> [776 bytes]","args":[{"enterText":"Pmf7dxkOkp","selector":{"id":"application-managepricingrules-display-component---priceInfoItem--smartFilterBar-btnBasicSearch","interaction":{"idSuffix":"I"}},"clearTextFirst":true,"interactionType":"ENTER_TEXT"}]}
RESULT: {"script":"<script> [776 bytes]","args":[{"enterText":"Pmf7dxkOkp","selector":{"id":"application-managepricingrules-display-component---priceInfoItem--smartFilterBar-btnBasicSearch","interaction":{"idSuffix":"I"}},"clearTextFirst":true,"interactionType":"ENTER_TEXT"}]}
COMMAND: POST /session/329de238260d7602ed1af1352086bef4/actions - {"actions":[{"id":"action72","type":"key","parameters":{},"actions":[{"type":"keyDown","value":""},{"type":"pause","duration":10},{"type":"keyUp","value":""}]}]}
RESULT: {"actions":[{"id":"action72","type":"key","parameters":{},"actions":[{"type":"keyDown","value":""},{"type":"pause","duration":10},{"type":"keyUp","value":""}]}]}
COMMAND: GET /session/329de238260d7602ed1af1352086bef4/screenshot - {}
RESULT: {}
COMMAND: POST /session/329de238260d7602ed1af1352086bef4/element - {"using":"xpath","value":"//span[@id=\"application-managepricingrules-display-component---priceInfoItem--smartTable-header-inner\"]"}
RESULT: {"using":"xpath","value":"//span[@id=\"application-managepricingrules-display-component---priceInfoItem--smartTable-header-inner\"]"}
COMMAND: POST /session/329de238260d7602ed1af1352086bef4/elements - {"using":"xpath","value":"//span[@id=\"application-managepricingrules-display-component---priceInfoItem--smartTable-header-inner\"]"}
RESULT: {"using":"xpath","value":"//span[@id=\"application-managepricingrules-display-component---priceInfoItem--smartTable-header-inner\"]"}
COMMAND: POST /session/329de238260d7602ed1af1352086bef4/execute/sync - {"script":"<script> [56 bytes]","args":[{"element-6066-11e4-a52e-4f735466cecf":"f.ABBA5987F2E82E58D78C902D9EA41D2B.d.BFC82B1BA6BABAC5B2AC7695359C18B3.e.21068","ELEMENT":"f.ABBA5987F2E82E58D78C902D9EA41D2B.d.BFC82B1BA6BABAC5B2AC7695359C18B3.e.21068"}]}
RESULT: {"script":"<script> [56 bytes]","args":[{"element-6066-11e4-a52e-4f735466cecf":"f.ABBA5987F2E82E58D78C902D9EA41D2B.d.BFC82B1BA6BABAC5B2AC7695359C18B3.e.21068","ELEMENT":"f.ABBA5987F2E82E58D78C902D9EA41D2B.d.BFC82B1BA6BABAC5B2AC7695359C18B3.e.21068"}]}
COMMAND: POST /session/329de238260d7602ed1af1352086bef4/element - {"using":"css selector","value":"#shell-header-logo"}
COMMAND: GET /session/329de238260d7602ed1af1352086bef4/screenshot - {}
RESULT: {"using":"css selector","value":"#shell-header-logo"}
COMMAND: POST /session/329de238260d7602ed1af1352086bef4/element/f.ABBA5987F2E82E58D78C902D9EA41D2B.d.BFC82B1BA6BABAC5B2AC7695359C18B3.e.20156/click - {}
RESULT: {}
RESULT: {}
COMMAND: GET /session/329de238260d7602ed1af1352086bef4/screenshot - {}
RESULT: {}
]]></system-out>
    </testcase>
    <testcase classname="chrome.136_0_7103_93.windows.Billing_Calculation_-_Time_based_(considering_transport_times)_US139738" name="Should create new pricing condition for the equipment" time="65.066">
      <system-out><![CDATA[
COMMAND: POST /session/329de238260d7602ed1af1352086bef4/execute/async - {"script":"<script> [1562 bytes]","args":[{"selector":{"controlType":"sap.m.GenericTile","properties":{"header":"Manage Conditions & Prices"}},"wdio_ui5_key":"sapm.GenericTile{\"header\":\"Manage Conditions & Prices\"}"}]}
RESULT: {"script":"<script> [1562 bytes]","args":[{"selector":{"controlType":"sap.m.GenericTile","properties":{"header":"Manage Conditions & Prices"}},"wdio_ui5_key":"sapm.GenericTile{\"header\":\"Manage Conditions & Prices\"}"}]}
RESULT: undefined
COMMAND: POST /session/329de238260d7602ed1af1352086bef4/element - {"using":"xpath","value":"//*[@id=\"__tile53\"]"}
RESULT: {"using":"xpath","value":"//*[@id=\"__tile53\"]"}
COMMAND: POST /session/329de238260d7602ed1af1352086bef4/element/f.ABBA5987F2E82E58D78C902D9EA41D2B.d.BFC82B1BA6BABAC5B2AC7695359C18B3.e.20092/click - {}
RESULT: {}
COMMAND: GET /session/329de238260d7602ed1af1352086bef4/screenshot - {}
RESULT: {}
COMMAND: POST /session/329de238260d7602ed1af1352086bef4/elements - {"using":"xpath","value":"//span[text()='Error']"}
RESULT: {"using":"xpath","value":"//span[text()='Error']"}
COMMAND: POST /session/329de238260d7602ed1af1352086bef4/element - {"using":"xpath","value":"//button[@aria-label=\"Create\"]"}
RESULT: {"using":"xpath","value":"//button[@aria-label=\"Create\"]"}
COMMAND: POST /session/329de238260d7602ed1af1352086bef4/elements - {"using":"xpath","value":"//button[@aria-label=\"Create\"]"}
RESULT: {"using":"xpath","value":"//button[@aria-label=\"Create\"]"}
COMMAND: POST /session/329de238260d7602ed1af1352086bef4/execute/sync - {"script":"<script> [8489 bytes]","args":[{"element-6066-11e4-a52e-4f735466cecf":"f.ABBA5987F2E82E58D78C902D9EA41D2B.d.BFC82B1BA6BABAC5B2AC7695359C18B3.e.21103","ELEMENT":"f.ABBA5987F2E82E58D78C902D9EA41D2B.d.BFC82B1BA6BABAC5B2AC7695359C18B3.e.21103"}]}
RESULT: {"script":"<script> [8489 bytes]","args":[{"element-6066-11e4-a52e-4f735466cecf":"f.ABBA5987F2E82E58D78C902D9EA41D2B.d.BFC82B1BA6BABAC5B2AC7695359C18B3.e.21103","ELEMENT":"f.ABBA5987F2E82E58D78C902D9EA41D2B.d.BFC82B1BA6BABAC5B2AC7695359C18B3.e.21103"}]}
COMMAND: GET /session/329de238260d7602ed1af1352086bef4/element/f.ABBA5987F2E82E58D78C902D9EA41D2B.d.BFC82B1BA6BABAC5B2AC7695359C18B3.e.21103/enabled - {}
COMMAND: GET /session/329de238260d7602ed1af1352086bef4/screenshot - {}
RESULT: {}
COMMAND: POST /session/329de238260d7602ed1af1352086bef4/execute/sync - {"script":"<script> [8489 bytes]","args":[{"element-6066-11e4-a52e-4f735466cecf":"f.ABBA5987F2E82E58D78C902D9EA41D2B.d.BFC82B1BA6BABAC5B2AC7695359C18B3.e.21103","ELEMENT":"f.ABBA5987F2E82E58D78C902D9EA41D2B.d.BFC82B1BA6BABAC5B2AC7695359C18B3.e.21103"}]}
COMMAND: GET /session/329de238260d7602ed1af1352086bef4/screenshot - {}
RESULT: {}
RESULT: {"script":"<script> [8489 bytes]","args":[{"element-6066-11e4-a52e-4f735466cecf":"f.ABBA5987F2E82E58D78C902D9EA41D2B.d.BFC82B1BA6BABAC5B2AC7695359C18B3.e.21103","ELEMENT":"f.ABBA5987F2E82E58D78C902D9EA41D2B.d.BFC82B1BA6BABAC5B2AC7695359C18B3.e.21103"}]}
COMMAND: POST /session/329de238260d7602ed1af1352086bef4/execute/sync - {"script":"<script> [5351 bytes]","args":[{"element-6066-11e4-a52e-4f735466cecf":"f.ABBA5987F2E82E58D78C902D9EA41D2B.d.BFC82B1BA6BABAC5B2AC7695359C18B3.e.21103","ELEMENT":"f.ABBA5987F2E82E58D78C902D9EA41D2B.d.BFC82B1BA6BABAC5B2AC7695359C18B3.e.21103"}]}
COMMAND: GET /session/329de238260d7602ed1af1352086bef4/screenshot - {}
RESULT: {}
RESULT: {"script":"<script> [5351 bytes]","args":[{"element-6066-11e4-a52e-4f735466cecf":"f.ABBA5987F2E82E58D78C902D9EA41D2B.d.BFC82B1BA6BABAC5B2AC7695359C18B3.e.21103","ELEMENT":"f.ABBA5987F2E82E58D78C902D9EA41D2B.d.BFC82B1BA6BABAC5B2AC7695359C18B3.e.21103"}]}
COMMAND: POST /session/329de238260d7602ed1af1352086bef4/element/f.ABBA5987F2E82E58D78C902D9EA41D2B.d.BFC82B1BA6BABAC5B2AC7695359C18B3.e.21103/click - {}
COMMAND: GET /session/329de238260d7602ed1af1352086bef4/screenshot - {}
RESULT: {}
RESULT: {}
COMMAND: GET /session/329de238260d7602ed1af1352086bef4/screenshot - {}
RESULT: {}
RESULT: {}
COMMAND: POST /session/329de238260d7602ed1af1352086bef4/actions - {"actions":[{"id":"action73","type":"key","parameters":{},"actions":[{"type":"keyDown","value":""},{"type":"pause","duration":10},{"type":"keyUp","value":""}]}]}
RESULT: {"actions":[{"id":"action73","type":"key","parameters":{},"actions":[{"type":"keyDown","value":""},{"type":"pause","duration":10},{"type":"keyUp","value":""}]}]}
COMMAND: GET /session/329de238260d7602ed1af1352086bef4/screenshot - {}
RESULT: {}
COMMAND: POST /session/329de238260d7602ed1af1352086bef4/execute/async - {"script":"<script> [1562 bytes]","args":[{"selector":{"id":"application-manageconditionprice-display-component---newCondition--condBillCond-arrow"},"wdio_ui5_key":"applicationmanageconditionprice-display-component---newCondition--condBillCond-arrow"}]}
RESULT: {"script":"<script> [1562 bytes]","args":[{"selector":{"id":"application-manageconditionprice-display-component---newCondition--condBillCond-arrow"},"wdio_ui5_key":"applicationmanageconditionprice-display-component---newCondition--condBillCond-arrow"}]}
RESULT: undefined
COMMAND: POST /session/329de238260d7602ed1af1352086bef4/element - {"using":"xpath","value":"//*[@id=\"application-manageconditionprice-display-component---newCondition--condBillCond-arrow\"]"}
RESULT: {"using":"xpath","value":"//*[@id=\"application-manageconditionprice-display-component---newCondition--condBillCond-arrow\"]"}
COMMAND: POST /session/329de238260d7602ed1af1352086bef4/element/f.ABBA5987F2E82E58D78C902D9EA41D2B.d.BFC82B1BA6BABAC5B2AC7695359C18B3.e.21280/click - {}
RESULT: {}
COMMAND: GET /session/329de238260d7602ed1af1352086bef4/screenshot - {}
RESULT: {}
COMMAND: POST /session/329de238260d7602ed1af1352086bef4/element - {"using":"xpath","value":"//li[.//span[contains(text(), \"DISP - D&I special price\")]]"}
RESULT: {"using":"xpath","value":"//li[.//span[contains(text(), \"DISP - D&I special price\")]]"}
COMMAND: POST /session/329de238260d7602ed1af1352086bef4/element/f.ABBA5987F2E82E58D78C902D9EA41D2B.d.BFC82B1BA6BABAC5B2AC7695359C18B3.e.21283/click - {}
RESULT: {}
COMMAND: GET /session/329de238260d7602ed1af1352086bef4/screenshot - {}
RESULT: {}
COMMAND: POST /session/329de238260d7602ed1af1352086bef4/execute/async - {"script":"<script> [1562 bytes]","args":[{"selector":{"id":"application-manageconditionprice-display-component---newCondition--condValidTo","interaction":{"idSuffix":"inner"}},"wdio_ui5_key":"applicationmanageconditionprice-display-component---newCondition--condValidTo"}]}
RESULT: {"script":"<script> [1562 bytes]","args":[{"selector":{"id":"application-manageconditionprice-display-component---newCondition--condValidTo","interaction":{"idSuffix":"inner"}},"wdio_ui5_key":"applicationmanageconditionprice-display-component---newCondition--condValidTo"}]}
RESULT: undefined
COMMAND: POST /session/329de238260d7602ed1af1352086bef4/execute/async - {"script":"<script> [776 bytes]","args":[{"enterText":"1/29/26","selector":{"id":"application-manageconditionprice-display-component---newCondition--condValidTo","interaction":{"idSuffix":"inner"}},"clearTextFirst":true,"interactionType":"ENTER_TEXT"}]}
RESULT: {"script":"<script> [776 bytes]","args":[{"enterText":"1/29/26","selector":{"id":"application-manageconditionprice-display-component---newCondition--condValidTo","interaction":{"idSuffix":"inner"}},"clearTextFirst":true,"interactionType":"ENTER_TEXT"}]}
COMMAND: POST /session/329de238260d7602ed1af1352086bef4/element - {"using":"xpath","value":"//input[@id=\"application-manageconditionprice-display-component---newCondition--condRU-inner\"]"}
RESULT: {"using":"xpath","value":"//input[@id=\"application-manageconditionprice-display-component---newCondition--condRU-inner\"]"}
COMMAND: POST /session/329de238260d7602ed1af1352086bef4/element/f.ABBA5987F2E82E58D78C902D9EA41D2B.d.BFC82B1BA6BABAC5B2AC7695359C18B3.e.21145/clear - {}
RESULT: {}
COMMAND: POST /session/329de238260d7602ed1af1352086bef4/element/f.ABBA5987F2E82E58D78C902D9EA41D2B.d.BFC82B1BA6BABAC5B2AC7695359C18B3.e.21145/value - {"text":"Pmf7dxkOkp"}
COMMAND: GET /session/329de238260d7602ed1af1352086bef4/screenshot - {}
RESULT: {"text":"Pmf7dxkOkp"}
COMMAND: GET /session/329de238260d7602ed1af1352086bef4/screenshot - {}
RESULT: {}
RESULT: {}
COMMAND: POST /session/329de238260d7602ed1af1352086bef4/actions - {"actions":[{"id":"action74","type":"key","parameters":{},"actions":[{"type":"keyDown","value":""},{"type":"pause","duration":10},{"type":"keyUp","value":""}]}]}
RESULT: {"actions":[{"id":"action74","type":"key","parameters":{},"actions":[{"type":"keyDown","value":""},{"type":"pause","duration":10},{"type":"keyUp","value":""}]}]}
COMMAND: POST /session/329de238260d7602ed1af1352086bef4/execute/async - {"script":"<script> [1562 bytes]","args":[{"selector":{"id":"application-manageconditionprice-display-component---newCondition--condBaseQty","interaction":{"idSuffix":"inner"}},"wdio_ui5_key":"applicationmanageconditionprice-display-component---newCondition--condBaseQty"}]}
COMMAND: GET /session/329de238260d7602ed1af1352086bef4/screenshot - {}
RESULT: {"script":"<script> [1562 bytes]","args":[{"selector":{"id":"application-manageconditionprice-display-component---newCondition--condBaseQty","interaction":{"idSuffix":"inner"}},"wdio_ui5_key":"applicationmanageconditionprice-display-component---newCondition--condBaseQty"}]}
RESULT: undefined
COMMAND: POST /session/329de238260d7602ed1af1352086bef4/execute/async - {"script":"<script> [776 bytes]","args":[{"enterText":"1","selector":{"id":"application-manageconditionprice-display-component---newCondition--condBaseQty","interaction":{"idSuffix":"inner"}},"clearTextFirst":true,"interactionType":"ENTER_TEXT"}]}
RESULT: {}
RESULT: {"script":"<script> [776 bytes]","args":[{"enterText":"1","selector":{"id":"application-manageconditionprice-display-component---newCondition--condBaseQty","interaction":{"idSuffix":"inner"}},"clearTextFirst":true,"interactionType":"ENTER_TEXT"}]}
COMMAND: POST /session/329de238260d7602ed1af1352086bef4/execute/async - {"script":"<script> [1562 bytes]","args":[{"selector":{"id":"application-manageconditionprice-display-component---newCondition--condValue","interaction":{"idSuffix":"inner"}},"wdio_ui5_key":"applicationmanageconditionprice-display-component---newCondition--condValue"}]}
RESULT: {"script":"<script> [1562 bytes]","args":[{"selector":{"id":"application-manageconditionprice-display-component---newCondition--condValue","interaction":{"idSuffix":"inner"}},"wdio_ui5_key":"applicationmanageconditionprice-display-component---newCondition--condValue"}]}
RESULT: undefined
COMMAND: POST /session/329de238260d7602ed1af1352086bef4/execute/async - {"script":"<script> [776 bytes]","args":[{"enterText":"100","selector":{"id":"application-manageconditionprice-display-component---newCondition--condValue","interaction":{"idSuffix":"inner"}},"clearTextFirst":true,"interactionType":"ENTER_TEXT"}]}
RESULT: {"script":"<script> [776 bytes]","args":[{"enterText":"100","selector":{"id":"application-manageconditionprice-display-component---newCondition--condValue","interaction":{"idSuffix":"inner"}},"clearTextFirst":true,"interactionType":"ENTER_TEXT"}]}
COMMAND: POST /session/329de238260d7602ed1af1352086bef4/execute/async - {"script":"<script> [1562 bytes]","args":[{"selector":{"id":"application-manageconditionprice-display-component---newCondition--condCurr-arrow"},"wdio_ui5_key":"applicationmanageconditionprice-display-component---newCondition--condCurr-arrow"}]}
RESULT: {"script":"<script> [1562 bytes]","args":[{"selector":{"id":"application-manageconditionprice-display-component---newCondition--condCurr-arrow"},"wdio_ui5_key":"applicationmanageconditionprice-display-component---newCondition--condCurr-arrow"}]}
RESULT: undefined
COMMAND: POST /session/329de238260d7602ed1af1352086bef4/element - {"using":"xpath","value":"//*[@id=\"application-manageconditionprice-display-component---newCondition--condCurr-arrow\"]"}
RESULT: {"using":"xpath","value":"//*[@id=\"application-manageconditionprice-display-component---newCondition--condCurr-arrow\"]"}
COMMAND: POST /session/329de238260d7602ed1af1352086bef4/element/f.ABBA5987F2E82E58D78C902D9EA41D2B.d.BFC82B1BA6BABAC5B2AC7695359C18B3.e.21262/click - {}
RESULT: {}
COMMAND: POST /session/329de238260d7602ed1af1352086bef4/element - {"using":"xpath","value":"//span[contains(text(), \"Euro\")]"}
COMMAND: GET /session/329de238260d7602ed1af1352086bef4/screenshot - {}
RESULT: {"using":"xpath","value":"//span[contains(text(), \"Euro\")]"}
COMMAND: POST /session/329de238260d7602ed1af1352086bef4/element/f.ABBA5987F2E82E58D78C902D9EA41D2B.d.BFC82B1BA6BABAC5B2AC7695359C18B3.e.21320/click - {}
RESULT: {}
RESULT: {}
COMMAND: POST /session/329de238260d7602ed1af1352086bef4/element - {"using":"xpath","value":"//button[@data-kt=\"saveButton\"]"}
COMMAND: GET /session/329de238260d7602ed1af1352086bef4/screenshot - {}
RESULT: {"using":"xpath","value":"//button[@data-kt=\"saveButton\"]"}
COMMAND: POST /session/329de238260d7602ed1af1352086bef4/element/f.ABBA5987F2E82E58D78C902D9EA41D2B.d.BFC82B1BA6BABAC5B2AC7695359C18B3.e.21263/click - {}
RESULT: {}
RESULT: {}
COMMAND: GET /session/329de238260d7602ed1af1352086bef4/screenshot - {}
RESULT: {}
COMMAND: POST /session/329de238260d7602ed1af1352086bef4/execute/async - {"script":"<script> [1562 bytes]","args":[{"selector":{"id":"application-manageconditionprice-display-component---conditions--smartFilterBar-btnBasicSearch","interaction":{"idSuffix":"I"}},"wdio_ui5_key":"applicationmanageconditionprice-display-component---conditions--smartFilterBar-btnBasicSearch"}]}
RESULT: {"script":"<script> [1562 bytes]","args":[{"selector":{"id":"application-manageconditionprice-display-component---conditions--smartFilterBar-btnBasicSearch","interaction":{"idSuffix":"I"}},"wdio_ui5_key":"applicationmanageconditionprice-display-component---conditions--smartFilterBar-btnBasicSearch"}]}
RESULT: undefined
COMMAND: POST /session/329de238260d7602ed1af1352086bef4/execute/async - {"script":"<script> [776 bytes]","args":[{"enterText":"Pmf7dxkOkp","selector":{"id":"application-manageconditionprice-display-component---conditions--smartFilterBar-btnBasicSearch","interaction":{"idSuffix":"I"}},"clearTextFirst":true,"interactionType":"ENTER_TEXT"}]}
RESULT: {"script":"<script> [776 bytes]","args":[{"enterText":"Pmf7dxkOkp","selector":{"id":"application-manageconditionprice-display-component---conditions--smartFilterBar-btnBasicSearch","interaction":{"idSuffix":"I"}},"clearTextFirst":true,"interactionType":"ENTER_TEXT"}]}
COMMAND: POST /session/329de238260d7602ed1af1352086bef4/actions - {"actions":[{"id":"action75","type":"key","parameters":{},"actions":[{"type":"keyDown","value":""},{"type":"pause","duration":10},{"type":"keyUp","value":""}]}]}
RESULT: {"actions":[{"id":"action75","type":"key","parameters":{},"actions":[{"type":"keyDown","value":""},{"type":"pause","duration":10},{"type":"keyUp","value":""}]}]}
COMMAND: GET /session/329de238260d7602ed1af1352086bef4/screenshot - {}
RESULT: {}
COMMAND: POST /session/329de238260d7602ed1af1352086bef4/execute/async - {"script":"<script> [1562 bytes]","args":[{"selector":{"id":"application-manageconditionprice-display-component---conditions--smartFilterBar-filterItemControl_BASIC-BILL_TYPES-vhi"},"wdio_ui5_key":"applicationmanageconditionprice-display-component---conditions--smartFilterBar-filterItemControl_BASIC-BILL_TYPES-vhi"}]}
RESULT: {"script":"<script> [1562 bytes]","args":[{"selector":{"id":"application-manageconditionprice-display-component---conditions--smartFilterBar-filterItemControl_BASIC-BILL_TYPES-vhi"},"wdio_ui5_key":"applicationmanageconditionprice-display-component---conditions--smartFilterBar-filterItemControl_BASIC-BILL_TYPES-vhi"}]}
RESULT: undefined
COMMAND: POST /session/329de238260d7602ed1af1352086bef4/element - {"using":"xpath","value":"//*[@id=\"application-manageconditionprice-display-component---conditions--smartFilterBar-filterItemControl_BASIC-BILL_TYPES-vhi\"]"}
RESULT: {"using":"xpath","value":"//*[@id=\"application-manageconditionprice-display-component---conditions--smartFilterBar-filterItemControl_BASIC-BILL_TYPES-vhi\"]"}
COMMAND: POST /session/329de238260d7602ed1af1352086bef4/element/f.ABBA5987F2E82E58D78C902D9EA41D2B.d.BFC82B1BA6BABAC5B2AC7695359C18B3.e.21336/click - {}
RESULT: {}
COMMAND: POST /session/329de238260d7602ed1af1352086bef4/execute/async - {"script":"<script> [1562 bytes]","args":[{"selector":{"id":"application-manageconditionprice-display-component---conditions--smartFilterBar-filterItemControl_BASIC-BILL_TYPES-valueHelpDialog-smartFilterBar-btnBasicSearch","searchOpenDialogs":true,"interaction":{"idSuffix":"I"}},"wdio_ui5_key":"applicationmanageconditionprice-display-component---conditions--smartFilterBar-filterItemControl_BASIC-BILL_TYPES-valueHelpDialog-smartFilterBar-btnBasicSearch"}]}
COMMAND: GET /session/329de238260d7602ed1af1352086bef4/screenshot - {}
RESULT: {"script":"<script> [1562 bytes]","args":[{"selector":{"id":"application-manageconditionprice-display-component---conditions--smartFilterBar-filterItemControl_BASIC-BILL_TYPES-valueHelpDialog-smartFilterBar-btnBasicSearch","searchOpenDialogs":true,"interaction":{"idSuffix":"I"}},"wdio_ui5_key":"applicationmanageconditionprice-display-component---conditions--smartFilterBar-filterItemControl_BASIC-BILL_TYPES-valueHelpDialog-smartFilterBar-btnBasicSearch"}]}
RESULT: undefined
COMMAND: POST /session/329de238260d7602ed1af1352086bef4/execute/async - {"script":"<script> [776 bytes]","args":[{"enterText":"TB","selector":{"id":"application-manageconditionprice-display-component---conditions--smartFilterBar-filterItemControl_BASIC-BILL_TYPES-valueHelpDialog-smartFilterBar-btnBasicSearch","searchOpenDialogs":true,"interaction":{"idSuffix":"I"}},"clearTextFirst":true,"interactionType":"ENTER_TEXT"}]}
RESULT: {}
RESULT: {"script":"<script> [776 bytes]","args":[{"enterText":"TB","selector":{"id":"application-manageconditionprice-display-component---conditions--smartFilterBar-filterItemControl_BASIC-BILL_TYPES-valueHelpDialog-smartFilterBar-btnBasicSearch","searchOpenDialogs":true,"interaction":{"idSuffix":"I"}},"clearTextFirst":true,"interactionType":"ENTER_TEXT"}]}
COMMAND: POST /session/329de238260d7602ed1af1352086bef4/actions - {"actions":[{"id":"action76","type":"key","parameters":{},"actions":[{"type":"keyDown","value":""},{"type":"pause","duration":10},{"type":"keyUp","value":""}]}]}
RESULT: {"actions":[{"id":"action76","type":"key","parameters":{},"actions":[{"type":"keyDown","value":""},{"type":"pause","duration":10},{"type":"keyUp","value":""}]}]}
COMMAND: GET /session/329de238260d7602ed1af1352086bef4/screenshot - {}
RESULT: {}
COMMAND: POST /session/329de238260d7602ed1af1352086bef4/element - {"using":"xpath","value":"//div[contains(@id, 'application-manageconditionprice-display-component---conditions--smartFilterBar-filterItemControl_BASIC-BILL_TYPES-valueHelpDialog-table-rowsel0')]"}
RESULT: {"using":"xpath","value":"//div[contains(@id, 'application-manageconditionprice-display-component---conditions--smartFilterBar-filterItemControl_BASIC-BILL_TYPES-valueHelpDialog-table-rowsel0')]"}
COMMAND: POST /session/329de238260d7602ed1af1352086bef4/element/f.ABBA5987F2E82E58D78C902D9EA41D2B.d.BFC82B1BA6BABAC5B2AC7695359C18B3.e.21345/click - {}
RESULT: {}
COMMAND: GET /session/329de238260d7602ed1af1352086bef4/screenshot - {}
RESULT: {}
COMMAND: POST /session/329de238260d7602ed1af1352086bef4/element - {"using":"xpath","value":"//bdi[contains(text(), \"OK\")]"}
RESULT: {"using":"xpath","value":"//bdi[contains(text(), \"OK\")]"}
COMMAND: POST /session/329de238260d7602ed1af1352086bef4/element/f.ABBA5987F2E82E58D78C902D9EA41D2B.d.BFC82B1BA6BABAC5B2AC7695359C18B3.e.21347/click - {}
RESULT: {}
COMMAND: GET /session/329de238260d7602ed1af1352086bef4/screenshot - {}
RESULT: {}
COMMAND: POST /session/329de238260d7602ed1af1352086bef4/element - {"using":"xpath","value":"//span[@id=\"application-manageconditionprice-display-component---conditions--smartTable-header-inner\"]"}
RESULT: {"using":"xpath","value":"//span[@id=\"application-manageconditionprice-display-component---conditions--smartTable-header-inner\"]"}
COMMAND: POST /session/329de238260d7602ed1af1352086bef4/elements - {"using":"xpath","value":"//span[@id=\"application-manageconditionprice-display-component---conditions--smartTable-header-inner\"]"}
RESULT: {"using":"xpath","value":"//span[@id=\"application-manageconditionprice-display-component---conditions--smartTable-header-inner\"]"}
COMMAND: POST /session/329de238260d7602ed1af1352086bef4/execute/sync - {"script":"<script> [56 bytes]","args":[{"element-6066-11e4-a52e-4f735466cecf":"f.ABBA5987F2E82E58D78C902D9EA41D2B.d.BFC82B1BA6BABAC5B2AC7695359C18B3.e.21350","ELEMENT":"f.ABBA5987F2E82E58D78C902D9EA41D2B.d.BFC82B1BA6BABAC5B2AC7695359C18B3.e.21350"}]}
RESULT: {"script":"<script> [56 bytes]","args":[{"element-6066-11e4-a52e-4f735466cecf":"f.ABBA5987F2E82E58D78C902D9EA41D2B.d.BFC82B1BA6BABAC5B2AC7695359C18B3.e.21350","ELEMENT":"f.ABBA5987F2E82E58D78C902D9EA41D2B.d.BFC82B1BA6BABAC5B2AC7695359C18B3.e.21350"}]}
COMMAND: POST /session/329de238260d7602ed1af1352086bef4/element - {"using":"css selector","value":"#shell-header-logo"}
COMMAND: GET /session/329de238260d7602ed1af1352086bef4/screenshot - {}
RESULT: {"using":"css selector","value":"#shell-header-logo"}
COMMAND: POST /session/329de238260d7602ed1af1352086bef4/element/f.ABBA5987F2E82E58D78C902D9EA41D2B.d.BFC82B1BA6BABAC5B2AC7695359C18B3.e.21071/click - {}
RESULT: {}
RESULT: {}
COMMAND: GET /session/329de238260d7602ed1af1352086bef4/screenshot - {}
RESULT: {}
]]></system-out>
    </testcase>
    <testcase classname="chrome.136_0_7103_93.windows.Billing_Calculation_-_Time_based_(considering_transport_times)_US139738" name="Should do a stock increase for the equipment" time="84.442">
      <system-out><![CDATA[
COMMAND: POST /session/329de238260d7602ed1af1352086bef4/execute/async - {"script":"<script> [1562 bytes]","args":[{"selector":{"controlType":"sap.m.GenericTile","properties":{"header":"Manage Handovers"}},"wdio_ui5_key":"sapm.GenericTile{\"header\":\"Manage Handovers\"}"}]}
RESULT: {"script":"<script> [1562 bytes]","args":[{"selector":{"controlType":"sap.m.GenericTile","properties":{"header":"Manage Handovers"}},"wdio_ui5_key":"sapm.GenericTile{\"header\":\"Manage Handovers\"}"}]}
RESULT: undefined
COMMAND: POST /session/329de238260d7602ed1af1352086bef4/element - {"using":"xpath","value":"//*[@id=\"__tile132\"]"}
RESULT: {"using":"xpath","value":"//*[@id=\"__tile132\"]"}
COMMAND: POST /session/329de238260d7602ed1af1352086bef4/element/f.ABBA5987F2E82E58D78C902D9EA41D2B.d.BFC82B1BA6BABAC5B2AC7695359C18B3.e.20132/click - {}
RESULT: {}
COMMAND: GET /session/329de238260d7602ed1af1352086bef4/screenshot - {}
RESULT: {}
COMMAND: POST /session/329de238260d7602ed1af1352086bef4/elements - {"using":"xpath","value":"//span[text()='Error']"}
RESULT: {"using":"xpath","value":"//span[text()='Error']"}
COMMAND: POST /session/329de238260d7602ed1af1352086bef4/element - {"using":"xpath","value":"//button[@data-kt=\"masterHOAddButton\"]"}
RESULT: {"using":"xpath","value":"//button[@data-kt=\"masterHOAddButton\"]"}
COMMAND: POST /session/329de238260d7602ed1af1352086bef4/elements - {"using":"xpath","value":"//button[@data-kt=\"masterHOAddButton\"]"}
RESULT: {"using":"xpath","value":"//button[@data-kt=\"masterHOAddButton\"]"}
COMMAND: POST /session/329de238260d7602ed1af1352086bef4/execute/sync - {"script":"<script> [8489 bytes]","args":[{"element-6066-11e4-a52e-4f735466cecf":"f.ABBA5987F2E82E58D78C902D9EA41D2B.d.BFC82B1BA6BABAC5B2AC7695359C18B3.e.21391","ELEMENT":"f.ABBA5987F2E82E58D78C902D9EA41D2B.d.BFC82B1BA6BABAC5B2AC7695359C18B3.e.21391"}]}
RESULT: {"script":"<script> [8489 bytes]","args":[{"element-6066-11e4-a52e-4f735466cecf":"f.ABBA5987F2E82E58D78C902D9EA41D2B.d.BFC82B1BA6BABAC5B2AC7695359C18B3.e.21391","ELEMENT":"f.ABBA5987F2E82E58D78C902D9EA41D2B.d.BFC82B1BA6BABAC5B2AC7695359C18B3.e.21391"}]}
COMMAND: GET /session/329de238260d7602ed1af1352086bef4/element/f.ABBA5987F2E82E58D78C902D9EA41D2B.d.BFC82B1BA6BABAC5B2AC7695359C18B3.e.21391/enabled - {}
COMMAND: GET /session/329de238260d7602ed1af1352086bef4/screenshot - {}
RESULT: {}
COMMAND: POST /session/329de238260d7602ed1af1352086bef4/execute/sync - {"script":"<script> [8489 bytes]","args":[{"element-6066-11e4-a52e-4f735466cecf":"f.ABBA5987F2E82E58D78C902D9EA41D2B.d.BFC82B1BA6BABAC5B2AC7695359C18B3.e.21391","ELEMENT":"f.ABBA5987F2E82E58D78C902D9EA41D2B.d.BFC82B1BA6BABAC5B2AC7695359C18B3.e.21391"}]}
COMMAND: GET /session/329de238260d7602ed1af1352086bef4/screenshot - {}
RESULT: {}
RESULT: {"script":"<script> [8489 bytes]","args":[{"element-6066-11e4-a52e-4f735466cecf":"f.ABBA5987F2E82E58D78C902D9EA41D2B.d.BFC82B1BA6BABAC5B2AC7695359C18B3.e.21391","ELEMENT":"f.ABBA5987F2E82E58D78C902D9EA41D2B.d.BFC82B1BA6BABAC5B2AC7695359C18B3.e.21391"}]}
COMMAND: POST /session/329de238260d7602ed1af1352086bef4/execute/sync - {"script":"<script> [5351 bytes]","args":[{"element-6066-11e4-a52e-4f735466cecf":"f.ABBA5987F2E82E58D78C902D9EA41D2B.d.BFC82B1BA6BABAC5B2AC7695359C18B3.e.21391","ELEMENT":"f.ABBA5987F2E82E58D78C902D9EA41D2B.d.BFC82B1BA6BABAC5B2AC7695359C18B3.e.21391"}]}
COMMAND: GET /session/329de238260d7602ed1af1352086bef4/screenshot - {}
RESULT: {}
RESULT: {"script":"<script> [5351 bytes]","args":[{"element-6066-11e4-a52e-4f735466cecf":"f.ABBA5987F2E82E58D78C902D9EA41D2B.d.BFC82B1BA6BABAC5B2AC7695359C18B3.e.21391","ELEMENT":"f.ABBA5987F2E82E58D78C902D9EA41D2B.d.BFC82B1BA6BABAC5B2AC7695359C18B3.e.21391"}]}
COMMAND: POST /session/329de238260d7602ed1af1352086bef4/element/f.ABBA5987F2E82E58D78C902D9EA41D2B.d.BFC82B1BA6BABAC5B2AC7695359C18B3.e.21391/click - {}
COMMAND: GET /session/329de238260d7602ed1af1352086bef4/screenshot - {}
RESULT: {}
RESULT: {}
COMMAND: GET /session/329de238260d7602ed1af1352086bef4/screenshot - {}
RESULT: {}
RESULT: {}
COMMAND: POST /session/329de238260d7602ed1af1352086bef4/element - {"using":"xpath","value":"//span[contains(@id ,\"AddNewHO--typeSelect-arrow\")]"}
RESULT: {"using":"xpath","value":"//span[contains(@id ,\"AddNewHO--typeSelect-arrow\")]"}
COMMAND: POST /session/329de238260d7602ed1af1352086bef4/element/f.ABBA5987F2E82E58D78C902D9EA41D2B.d.BFC82B1BA6BABAC5B2AC7695359C18B3.e.21732/click - {}
RESULT: {}
COMMAND: GET /session/329de238260d7602ed1af1352086bef4/screenshot - {}
RESULT: {}
COMMAND: POST /session/329de238260d7602ed1af1352086bef4/element - {"using":"xpath","value":"(//li[contains(text(), \"stock increase yard\")])[1]"}
RESULT: {"using":"xpath","value":"(//li[contains(text(), \"stock increase yard\")])[1]"}
COMMAND: POST /session/329de238260d7602ed1af1352086bef4/element/f.ABBA5987F2E82E58D78C902D9EA41D2B.d.BFC82B1BA6BABAC5B2AC7695359C18B3.e.21733/click - {}
RESULT: {}
COMMAND: GET /session/329de238260d7602ed1af1352086bef4/screenshot - {}
RESULT: {}
COMMAND: POST /session/329de238260d7602ed1af1352086bef4/execute/async - {"script":"<script> [1562 bytes]","args":[{"selector":{"id":"application-managehandovers-display-component---AddNewHO--dueDate","interaction":{"idSuffix":"inner"}},"wdio_ui5_key":"applicationmanagehandovers-display-component---AddNewHO--dueDate"}]}
RESULT: {"script":"<script> [1562 bytes]","args":[{"selector":{"id":"application-managehandovers-display-component---AddNewHO--dueDate","interaction":{"idSuffix":"inner"}},"wdio_ui5_key":"applicationmanagehandovers-display-component---AddNewHO--dueDate"}]}
RESULT: undefined
COMMAND: POST /session/329de238260d7602ed1af1352086bef4/execute/async - {"script":"<script> [6424 bytes]","args":[{"element-6066-11e4-a52e-4f735466cecf":"f.ABBA5987F2E82E58D78C902D9EA41D2B.d.BFC82B1BA6BABAC5B2AC7695359C18B3.e.21735"},"setValue",["5/29/25"]]}
RESULT: {"script":"<script> [6424 bytes]","args":[{"element-6066-11e4-a52e-4f735466cecf":"f.ABBA5987F2E82E58D78C902D9EA41D2B.d.BFC82B1BA6BABAC5B2AC7695359C18B3.e.21735"},"setValue",["5/29/25"]]}
COMMAND: POST /session/329de238260d7602ed1af1352086bef4/element - {"using":"xpath","value":"//input[@id=\"generalSectionFrg--receiveYard-inner\"]"}
RESULT: {"using":"xpath","value":"//input[@id=\"generalSectionFrg--receiveYard-inner\"]"}
COMMAND: POST /session/329de238260d7602ed1af1352086bef4/element/f.ABBA5987F2E82E58D78C902D9EA41D2B.d.BFC82B1BA6BABAC5B2AC7695359C18B3.e.21741/clear - {}
RESULT: {}
COMMAND: POST /session/329de238260d7602ed1af1352086bef4/element/f.ABBA5987F2E82E58D78C902D9EA41D2B.d.BFC82B1BA6BABAC5B2AC7695359C18B3.e.21741/value - {"text":"469"}
COMMAND: GET /session/329de238260d7602ed1af1352086bef4/screenshot - {}
RESULT: {"text":"469"}
COMMAND: GET /session/329de238260d7602ed1af1352086bef4/screenshot - {}
RESULT: {}
RESULT: {}
COMMAND: POST /session/329de238260d7602ed1af1352086bef4/element - {"using":"xpath","value":"//li[.//span[contains(text(),'469')]]"}
RESULT: {"using":"xpath","value":"//li[.//span[contains(text(),'469')]]"}
COMMAND: POST /session/329de238260d7602ed1af1352086bef4/element/f.ABBA5987F2E82E58D78C902D9EA41D2B.d.BFC82B1BA6BABAC5B2AC7695359C18B3.e.21759/click - {}
RESULT: {}
COMMAND: GET /session/329de238260d7602ed1af1352086bef4/screenshot - {}
RESULT: {}
COMMAND: POST /session/329de238260d7602ed1af1352086bef4/execute/async - {"script":"<script> [1562 bytes]","args":[{"selector":{"id":"application-managehandovers-display-component---AddNewHO--ObjectPageLayout-anchBar-application-managehandovers-display-component---AddNewHO--section4-anchor","interaction":{"idSuffix":"BDI-content"}},"wdio_ui5_key":"applicationmanagehandovers-display-component---AddNewHO--ObjectPageLayout-anchBar-application-managehandovers-display-component---AddNewHO--section4-anchor"}]}
RESULT: {"script":"<script> [1562 bytes]","args":[{"selector":{"id":"application-managehandovers-display-component---AddNewHO--ObjectPageLayout-anchBar-application-managehandovers-display-component---AddNewHO--section4-anchor","interaction":{"idSuffix":"BDI-content"}},"wdio_ui5_key":"applicationmanagehandovers-display-component---AddNewHO--ObjectPageLayout-anchBar-application-managehandovers-display-component---AddNewHO--section4-anchor"}]}
RESULT: undefined
COMMAND: POST /session/329de238260d7602ed1af1352086bef4/element - {"using":"xpath","value":"//*[@id=\"application-managehandovers-display-component---AddNewHO--ObjectPageLayout-anchBar-application-managehandovers-display-component---AddNewHO--section4-anchor\"]"}
RESULT: {"using":"xpath","value":"//*[@id=\"application-managehandovers-display-component---AddNewHO--ObjectPageLayout-anchBar-application-managehandovers-display-component---AddNewHO--section4-anchor\"]"}
COMMAND: POST /session/329de238260d7602ed1af1352086bef4/element/f.ABBA5987F2E82E58D78C902D9EA41D2B.d.BFC82B1BA6BABAC5B2AC7695359C18B3.e.21761/click - {}
RESULT: {}
COMMAND: POST /session/329de238260d7602ed1af1352086bef4/element - {"using":"xpath","value":"//button[@aria-label=\"Add\"]"}
COMMAND: GET /session/329de238260d7602ed1af1352086bef4/screenshot - {}
RESULT: {"using":"xpath","value":"//button[@aria-label=\"Add\"]"}
COMMAND: POST /session/329de238260d7602ed1af1352086bef4/element/f.ABBA5987F2E82E58D78C902D9EA41D2B.d.BFC82B1BA6BABAC5B2AC7695359C18B3.e.21763/click - {}
RESULT: {}
RESULT: {}
COMMAND: GET /session/329de238260d7602ed1af1352086bef4/screenshot - {}
RESULT: {}
COMMAND: POST /session/329de238260d7602ed1af1352086bef4/execute/async - {"script":"<script> [1562 bytes]","args":[{"selector":{"id":"application-managehandovers-display-component---AddNewHO--smartFilterBar-btnBasicSearch","searchOpenDialogs":true,"interaction":{"idSuffix":"I"}},"wdio_ui5_key":"applicationmanagehandovers-display-component---AddNewHO--smartFilterBar-btnBasicSearch"}]}
RESULT: {"script":"<script> [1562 bytes]","args":[{"selector":{"id":"application-managehandovers-display-component---AddNewHO--smartFilterBar-btnBasicSearch","searchOpenDialogs":true,"interaction":{"idSuffix":"I"}},"wdio_ui5_key":"applicationmanagehandovers-display-component---AddNewHO--smartFilterBar-btnBasicSearch"}]}
RESULT: undefined
COMMAND: POST /session/329de238260d7602ed1af1352086bef4/execute/async - {"script":"<script> [776 bytes]","args":[{"enterText":"Pmf7dxkOkp","selector":{"id":"application-managehandovers-display-component---AddNewHO--smartFilterBar-btnBasicSearch","searchOpenDialogs":true,"interaction":{"idSuffix":"I"}},"clearTextFirst":true,"interactionType":"ENTER_TEXT"}]}
RESULT: {"script":"<script> [776 bytes]","args":[{"enterText":"Pmf7dxkOkp","selector":{"id":"application-managehandovers-display-component---AddNewHO--smartFilterBar-btnBasicSearch","searchOpenDialogs":true,"interaction":{"idSuffix":"I"}},"clearTextFirst":true,"interactionType":"ENTER_TEXT"}]}
COMMAND: POST /session/329de238260d7602ed1af1352086bef4/actions - {"actions":[{"id":"action77","type":"key","parameters":{},"actions":[{"type":"keyDown","value":""},{"type":"pause","duration":10},{"type":"keyUp","value":""}]}]}
RESULT: {"actions":[{"id":"action77","type":"key","parameters":{},"actions":[{"type":"keyDown","value":""},{"type":"pause","duration":10},{"type":"keyUp","value":""}]}]}
COMMAND: GET /session/329de238260d7602ed1af1352086bef4/screenshot - {}
RESULT: {}
COMMAND: POST /session/329de238260d7602ed1af1352086bef4/execute/async - {"script":"<script> [1562 bytes]","args":[{"selector":{"id":"application-managehandovers-display-component---AddNewHO--popup-sa","searchOpenDialogs":true,"interaction":{"idSuffix":"CbBg"}},"wdio_ui5_key":"applicationmanagehandovers-display-component---AddNewHO--popup-sa"}]}
RESULT: {"script":"<script> [1562 bytes]","args":[{"selector":{"id":"application-managehandovers-display-component---AddNewHO--popup-sa","searchOpenDialogs":true,"interaction":{"idSuffix":"CbBg"}},"wdio_ui5_key":"applicationmanagehandovers-display-component---AddNewHO--popup-sa"}]}
RESULT: undefined
COMMAND: POST /session/329de238260d7602ed1af1352086bef4/element - {"using":"xpath","value":"//*[@id=\"application-managehandovers-display-component---AddNewHO--popup-sa\"]"}
RESULT: {"using":"xpath","value":"//*[@id=\"application-managehandovers-display-component---AddNewHO--popup-sa\"]"}
COMMAND: POST /session/329de238260d7602ed1af1352086bef4/element/f.ABBA5987F2E82E58D78C902D9EA41D2B.d.BFC82B1BA6BABAC5B2AC7695359C18B3.e.21917/click - {}
RESULT: {}
COMMAND: GET /session/329de238260d7602ed1af1352086bef4/screenshot - {}
RESULT: {}
COMMAND: POST /session/329de238260d7602ed1af1352086bef4/element - {"using":"xpath","value":"//bdi[contains(text(), \"Select\")]"}
RESULT: {"using":"xpath","value":"//bdi[contains(text(), \"Select\")]"}
COMMAND: POST /session/329de238260d7602ed1af1352086bef4/element/f.ABBA5987F2E82E58D78C902D9EA41D2B.d.BFC82B1BA6BABAC5B2AC7695359C18B3.e.21918/click - {}
RESULT: {}
COMMAND: GET /session/329de238260d7602ed1af1352086bef4/screenshot - {}
RESULT: {}
COMMAND: POST /session/329de238260d7602ed1af1352086bef4/element - {"using":"xpath","value":"//button[@data-kt=\"AddNewHOSaveButton\"]"}
RESULT: {"using":"xpath","value":"//button[@data-kt=\"AddNewHOSaveButton\"]"}
COMMAND: POST /session/329de238260d7602ed1af1352086bef4/element/f.ABBA5987F2E82E58D78C902D9EA41D2B.d.BFC82B1BA6BABAC5B2AC7695359C18B3.e.21922/click - {}
RESULT: {}
COMMAND: GET /session/329de238260d7602ed1af1352086bef4/screenshot - {}
RESULT: {}
COMMAND: POST /session/329de238260d7602ed1af1352086bef4/execute/async - {"script":"<script> [1562 bytes]","args":[{"selector":{"id":"receiptDatePicker","viewName":"etm.portal.ui.managehandovers.view.DetailExecuteHO","interaction":{"idSuffix":"inner"}},"wdio_ui5_key":"receiptDatePickeretmportal.ui.managehandovers.view.DetailExecuteHO"}]}
RESULT: {"script":"<script> [1562 bytes]","args":[{"selector":{"id":"receiptDatePicker","viewName":"etm.portal.ui.managehandovers.view.DetailExecuteHO","interaction":{"idSuffix":"inner"}},"wdio_ui5_key":"receiptDatePickeretmportal.ui.managehandovers.view.DetailExecuteHO"}]}
RESULT: undefined
COMMAND: POST /session/329de238260d7602ed1af1352086bef4/execute/async - {"script":"<script> [6424 bytes]","args":[{"element-6066-11e4-a52e-4f735466cecf":"f.ABBA5987F2E82E58D78C902D9EA41D2B.d.BFC82B1BA6BABAC5B2AC7695359C18B3.e.21951"},"setValue",["5/29/25"]]}
RESULT: {"script":"<script> [6424 bytes]","args":[{"element-6066-11e4-a52e-4f735466cecf":"f.ABBA5987F2E82E58D78C902D9EA41D2B.d.BFC82B1BA6BABAC5B2AC7695359C18B3.e.21951"},"setValue",["5/29/25"]]}
COMMAND: POST /session/329de238260d7602ed1af1352086bef4/element - {"using":"xpath","value":"//button[@data-kt=\"ReceivingTableConfirmAllButton\"]"}
RESULT: {"using":"xpath","value":"//button[@data-kt=\"ReceivingTableConfirmAllButton\"]"}
COMMAND: POST /session/329de238260d7602ed1af1352086bef4/element/f.ABBA5987F2E82E58D78C902D9EA41D2B.d.BFC82B1BA6BABAC5B2AC7695359C18B3.e.21966/click - {}
RESULT: {}
COMMAND: GET /session/329de238260d7602ed1af1352086bef4/screenshot - {}
RESULT: {}
COMMAND: POST /session/329de238260d7602ed1af1352086bef4/element - {"using":"xpath","value":"//bdi[contains(text(), \"OK\")]"}
RESULT: {"using":"xpath","value":"//bdi[contains(text(), \"OK\")]"}
COMMAND: POST /session/329de238260d7602ed1af1352086bef4/element/f.ABBA5987F2E82E58D78C902D9EA41D2B.d.BFC82B1BA6BABAC5B2AC7695359C18B3.e.21968/click - {}
RESULT: {}
COMMAND: GET /session/329de238260d7602ed1af1352086bef4/screenshot - {}
RESULT: {}
COMMAND: POST /session/329de238260d7602ed1af1352086bef4/element - {"using":"xpath","value":"(//bdi[contains(text(), \"Receive\")])[2]"}
RESULT: {"using":"xpath","value":"(//bdi[contains(text(), \"Receive\")])[2]"}
COMMAND: POST /session/329de238260d7602ed1af1352086bef4/element/f.ABBA5987F2E82E58D78C902D9EA41D2B.d.BFC82B1BA6BABAC5B2AC7695359C18B3.e.21970/click - {}
RESULT: {}
COMMAND: GET /session/329de238260d7602ed1af1352086bef4/screenshot - {}
RESULT: {}
COMMAND: POST /session/329de238260d7602ed1af1352086bef4/element - {"using":"css selector","value":"#shell-header-logo"}
RESULT: {"using":"css selector","value":"#shell-header-logo"}
COMMAND: POST /session/329de238260d7602ed1af1352086bef4/element/f.ABBA5987F2E82E58D78C902D9EA41D2B.d.BFC82B1BA6BABAC5B2AC7695359C18B3.e.21356/click - {}
RESULT: {}
COMMAND: GET /session/329de238260d7602ed1af1352086bef4/screenshot - {}
RESULT: {}
]]></system-out>
    </testcase>
    <testcase classname="chrome.136_0_7103_93.windows.Billing_Calculation_-_Time_based_(considering_transport_times)_US139738" name="Should create a new contract" time="60.878">
      <system-out><![CDATA[
COMMAND: POST /session/329de238260d7602ed1af1352086bef4/execute/async - {"script":"<script> [1562 bytes]","args":[{"selector":{"controlType":"sap.m.GenericTile","properties":{"header":"Manage Contracts"}},"wdio_ui5_key":"sapm.GenericTile{\"header\":\"Manage Contracts\"}"}]}
RESULT: {"script":"<script> [1562 bytes]","args":[{"selector":{"controlType":"sap.m.GenericTile","properties":{"header":"Manage Contracts"}},"wdio_ui5_key":"sapm.GenericTile{\"header\":\"Manage Contracts\"}"}]}
RESULT: undefined
COMMAND: POST /session/329de238260d7602ed1af1352086bef4/element - {"using":"xpath","value":"//*[@id=\"__tile131\"]"}
RESULT: {"using":"xpath","value":"//*[@id=\"__tile131\"]"}
COMMAND: POST /session/329de238260d7602ed1af1352086bef4/element/f.ABBA5987F2E82E58D78C902D9EA41D2B.d.BFC82B1BA6BABAC5B2AC7695359C18B3.e.20062/click - {}
RESULT: {}
COMMAND: GET /session/329de238260d7602ed1af1352086bef4/screenshot - {}
RESULT: {}
COMMAND: POST /session/329de238260d7602ed1af1352086bef4/elements - {"using":"xpath","value":"//span[text()='Error']"}
RESULT: {"using":"xpath","value":"//span[text()='Error']"}
COMMAND: POST /session/329de238260d7602ed1af1352086bef4/element - {"using":"xpath","value":"//button[@data-kt=\"addButton\"]"}
RESULT: {"using":"xpath","value":"//button[@data-kt=\"addButton\"]"}
COMMAND: POST /session/329de238260d7602ed1af1352086bef4/elements - {"using":"xpath","value":"//button[@data-kt=\"addButton\"]"}
RESULT: {"using":"xpath","value":"//button[@data-kt=\"addButton\"]"}
COMMAND: POST /session/329de238260d7602ed1af1352086bef4/execute/sync - {"script":"<script> [8489 bytes]","args":[{"element-6066-11e4-a52e-4f735466cecf":"f.ABBA5987F2E82E58D78C902D9EA41D2B.d.BFC82B1BA6BABAC5B2AC7695359C18B3.e.22190","ELEMENT":"f.ABBA5987F2E82E58D78C902D9EA41D2B.d.BFC82B1BA6BABAC5B2AC7695359C18B3.e.22190"}]}
RESULT: {"script":"<script> [8489 bytes]","args":[{"element-6066-11e4-a52e-4f735466cecf":"f.ABBA5987F2E82E58D78C902D9EA41D2B.d.BFC82B1BA6BABAC5B2AC7695359C18B3.e.22190","ELEMENT":"f.ABBA5987F2E82E58D78C902D9EA41D2B.d.BFC82B1BA6BABAC5B2AC7695359C18B3.e.22190"}]}
COMMAND: GET /session/329de238260d7602ed1af1352086bef4/element/f.ABBA5987F2E82E58D78C902D9EA41D2B.d.BFC82B1BA6BABAC5B2AC7695359C18B3.e.22190/enabled - {}
COMMAND: GET /session/329de238260d7602ed1af1352086bef4/screenshot - {}
RESULT: {}
COMMAND: POST /session/329de238260d7602ed1af1352086bef4/execute/sync - {"script":"<script> [8489 bytes]","args":[{"element-6066-11e4-a52e-4f735466cecf":"f.ABBA5987F2E82E58D78C902D9EA41D2B.d.BFC82B1BA6BABAC5B2AC7695359C18B3.e.22190","ELEMENT":"f.ABBA5987F2E82E58D78C902D9EA41D2B.d.BFC82B1BA6BABAC5B2AC7695359C18B3.e.22190"}]}
COMMAND: GET /session/329de238260d7602ed1af1352086bef4/screenshot - {}
RESULT: {}
RESULT: {"script":"<script> [8489 bytes]","args":[{"element-6066-11e4-a52e-4f735466cecf":"f.ABBA5987F2E82E58D78C902D9EA41D2B.d.BFC82B1BA6BABAC5B2AC7695359C18B3.e.22190","ELEMENT":"f.ABBA5987F2E82E58D78C902D9EA41D2B.d.BFC82B1BA6BABAC5B2AC7695359C18B3.e.22190"}]}
COMMAND: POST /session/329de238260d7602ed1af1352086bef4/execute/sync - {"script":"<script> [5351 bytes]","args":[{"element-6066-11e4-a52e-4f735466cecf":"f.ABBA5987F2E82E58D78C902D9EA41D2B.d.BFC82B1BA6BABAC5B2AC7695359C18B3.e.22190","ELEMENT":"f.ABBA5987F2E82E58D78C902D9EA41D2B.d.BFC82B1BA6BABAC5B2AC7695359C18B3.e.22190"}]}
COMMAND: GET /session/329de238260d7602ed1af1352086bef4/screenshot - {}
RESULT: {}
RESULT: {"script":"<script> [5351 bytes]","args":[{"element-6066-11e4-a52e-4f735466cecf":"f.ABBA5987F2E82E58D78C902D9EA41D2B.d.BFC82B1BA6BABAC5B2AC7695359C18B3.e.22190","ELEMENT":"f.ABBA5987F2E82E58D78C902D9EA41D2B.d.BFC82B1BA6BABAC5B2AC7695359C18B3.e.22190"}]}
COMMAND: GET /session/329de238260d7602ed1af1352086bef4/screenshot - {}
RESULT: {}
RESULT: {}
COMMAND: POST /session/329de238260d7602ed1af1352086bef4/element/f.ABBA5987F2E82E58D78C902D9EA41D2B.d.BFC82B1BA6BABAC5B2AC7695359C18B3.e.22190/click - {}
RESULT: {}
COMMAND: GET /session/329de238260d7602ed1af1352086bef4/screenshot - {}
RESULT: {}
COMMAND: POST /session/329de238260d7602ed1af1352086bef4/execute/async - {"script":"<script> [1562 bytes]","args":[{"selector":{"id":"application-managecontracts-display-component---AddNewContract--projectDescription","interaction":{"idSuffix":"inner"}},"wdio_ui5_key":"applicationmanagecontracts-display-component---AddNewContract--projectDescription"}]}
RESULT: {"script":"<script> [1562 bytes]","args":[{"selector":{"id":"application-managecontracts-display-component---AddNewContract--projectDescription","interaction":{"idSuffix":"inner"}},"wdio_ui5_key":"applicationmanagecontracts-display-component---AddNewContract--projectDescription"}]}
RESULT: undefined
COMMAND: POST /session/329de238260d7602ed1af1352086bef4/execute/async - {"script":"<script> [776 bytes]","args":[{"enterText":"Contract WDIO","selector":{"id":"application-managecontracts-display-component---AddNewContract--projectDescription","interaction":{"idSuffix":"inner"}},"clearTextFirst":true,"interactionType":"ENTER_TEXT"}]}
RESULT: {"script":"<script> [776 bytes]","args":[{"enterText":"Contract WDIO","selector":{"id":"application-managecontracts-display-component---AddNewContract--projectDescription","interaction":{"idSuffix":"inner"}},"clearTextFirst":true,"interactionType":"ENTER_TEXT"}]}
COMMAND: POST /session/329de238260d7602ed1af1352086bef4/element - {"using":"xpath","value":"//input[@id=\"application-managecontracts-display-component---AddNewContract--site-inner\"]"}
RESULT: {"using":"xpath","value":"//input[@id=\"application-managecontracts-display-component---AddNewContract--site-inner\"]"}
COMMAND: POST /session/329de238260d7602ed1af1352086bef4/element/f.ABBA5987F2E82E58D78C902D9EA41D2B.d.BFC82B1BA6BABAC5B2AC7695359C18B3.e.22504/clear - {}
RESULT: {}
COMMAND: POST /session/329de238260d7602ed1af1352086bef4/element/f.ABBA5987F2E82E58D78C902D9EA41D2B.d.BFC82B1BA6BABAC5B2AC7695359C18B3.e.22504/value - {"text":"2241"}
COMMAND: GET /session/329de238260d7602ed1af1352086bef4/screenshot - {}
RESULT: {"text":"2241"}
COMMAND: GET /session/329de238260d7602ed1af1352086bef4/screenshot - {}
RESULT: {}
RESULT: {}
COMMAND: POST /session/329de238260d7602ed1af1352086bef4/element - {"using":"xpath","value":"//li[.//span[text()='2241']]"}
RESULT: {"using":"xpath","value":"//li[.//span[text()='2241']]"}
COMMAND: POST /session/329de238260d7602ed1af1352086bef4/element/f.ABBA5987F2E82E58D78C902D9EA41D2B.d.BFC82B1BA6BABAC5B2AC7695359C18B3.e.22594/click - {}
RESULT: {}
COMMAND: GET /session/329de238260d7602ed1af1352086bef4/screenshot - {}
RESULT: {}
COMMAND: POST /session/329de238260d7602ed1af1352086bef4/element - {"using":"xpath","value":"//input[@id=\"application-managecontracts-display-component---AddNewContract--yardId-inner\"]"}
RESULT: {"using":"xpath","value":"//input[@id=\"application-managecontracts-display-component---AddNewContract--yardId-inner\"]"}
COMMAND: GET /session/329de238260d7602ed1af1352086bef4/element/f.ABBA5987F2E82E58D78C902D9EA41D2B.d.BFC82B1BA6BABAC5B2AC7695359C18B3.e.22505/property/value - {}
RESULT: {}
COMMAND: POST /session/329de238260d7602ed1af1352086bef4/element - {"using":"xpath","value":"//input[@id=\"application-managecontracts-display-component---AddNewContract--customerSelect-inner\"]"}
COMMAND: GET /session/329de238260d7602ed1af1352086bef4/screenshot - {}
RESULT: {"using":"xpath","value":"//input[@id=\"application-managecontracts-display-component---AddNewContract--customerSelect-inner\"]"}
COMMAND: POST /session/329de238260d7602ed1af1352086bef4/element/f.ABBA5987F2E82E58D78C902D9EA41D2B.d.BFC82B1BA6BABAC5B2AC7695359C18B3.e.22503/clear - {}
RESULT: {}
RESULT: {}
COMMAND: POST /session/329de238260d7602ed1af1352086bef4/element/f.ABBA5987F2E82E58D78C902D9EA41D2B.d.BFC82B1BA6BABAC5B2AC7695359C18B3.e.22503/value - {"text":"1275"}
COMMAND: GET /session/329de238260d7602ed1af1352086bef4/screenshot - {}
RESULT: {"text":"1275"}
COMMAND: GET /session/329de238260d7602ed1af1352086bef4/screenshot - {}
RESULT: {}
RESULT: {}
COMMAND: POST /session/329de238260d7602ed1af1352086bef4/element - {"using":"xpath","value":"//li[.//span[text()='1275']]"}
RESULT: {"using":"xpath","value":"//li[.//span[text()='1275']]"}
COMMAND: POST /session/329de238260d7602ed1af1352086bef4/element/f.ABBA5987F2E82E58D78C902D9EA41D2B.d.BFC82B1BA6BABAC5B2AC7695359C18B3.e.22597/click - {}
RESULT: {}
COMMAND: GET /session/329de238260d7602ed1af1352086bef4/screenshot - {}
RESULT: {}
COMMAND: POST /session/329de238260d7602ed1af1352086bef4/element - {"using":"xpath","value":"//button[@data-kt=\"saveButton\"]"}
RESULT: {"using":"xpath","value":"//button[@data-kt=\"saveButton\"]"}
COMMAND: POST /session/329de238260d7602ed1af1352086bef4/element/f.ABBA5987F2E82E58D78C902D9EA41D2B.d.BFC82B1BA6BABAC5B2AC7695359C18B3.e.22585/click - {}
RESULT: {}
COMMAND: GET /session/329de238260d7602ed1af1352086bef4/screenshot - {}
RESULT: {}
COMMAND: POST /session/329de238260d7602ed1af1352086bef4/element - {"using":"xpath","value":"//span[contains(@id ,\"contractDetailTitleNoExpanded\")]"}
RESULT: {"using":"xpath","value":"//span[contains(@id ,\"contractDetailTitleNoExpanded\")]"}
COMMAND: POST /session/329de238260d7602ed1af1352086bef4/elements - {"using":"xpath","value":"//span[contains(@id ,\"contractDetailTitleNoExpanded\")]"}
RESULT: {"using":"xpath","value":"//span[contains(@id ,\"contractDetailTitleNoExpanded\")]"}
COMMAND: POST /session/329de238260d7602ed1af1352086bef4/execute/sync - {"script":"<script> [56 bytes]","args":[{"element-6066-11e4-a52e-4f735466cecf":"f.ABBA5987F2E82E58D78C902D9EA41D2B.d.BFC82B1BA6BABAC5B2AC7695359C18B3.e.22612","ELEMENT":"f.ABBA5987F2E82E58D78C902D9EA41D2B.d.BFC82B1BA6BABAC5B2AC7695359C18B3.e.22612"}]}
RESULT: {"script":"<script> [56 bytes]","args":[{"element-6066-11e4-a52e-4f735466cecf":"f.ABBA5987F2E82E58D78C902D9EA41D2B.d.BFC82B1BA6BABAC5B2AC7695359C18B3.e.22612","ELEMENT":"f.ABBA5987F2E82E58D78C902D9EA41D2B.d.BFC82B1BA6BABAC5B2AC7695359C18B3.e.22612"}]}
COMMAND: GET /session/329de238260d7602ed1af1352086bef4/screenshot - {}
RESULT: {}
]]></system-out>
    </testcase>
    <testcase classname="chrome.136_0_7103_93.windows.Billing_Calculation_-_Time_based_(considering_transport_times)_US139738" name="Should add transport time checkbox on contract details" time="16.071">
      <system-out><![CDATA[
COMMAND: POST /session/329de238260d7602ed1af1352086bef4/element - {"using":"xpath","value":"//button[@data-kt=\"contractDetailEditBtnButton\"]"}
RESULT: {"using":"xpath","value":"//button[@data-kt=\"contractDetailEditBtnButton\"]"}
COMMAND: POST /session/329de238260d7602ed1af1352086bef4/element/f.ABBA5987F2E82E58D78C902D9EA41D2B.d.BFC82B1BA6BABAC5B2AC7695359C18B3.e.22615/click - {}
RESULT: {}
COMMAND: GET /session/329de238260d7602ed1af1352086bef4/screenshot - {}
RESULT: {}
COMMAND: POST /session/329de238260d7602ed1af1352086bef4/element - {"using":"xpath","value":"(//span[contains(text(), \"Contract Billing\")])[2]"}
RESULT: {"using":"xpath","value":"(//span[contains(text(), \"Contract Billing\")])[2]"}
COMMAND: POST /session/329de238260d7602ed1af1352086bef4/element/f.ABBA5987F2E82E58D78C902D9EA41D2B.d.BFC82B1BA6BABAC5B2AC7695359C18B3.e.22670/click - {}
RESULT: {}
COMMAND: GET /session/329de238260d7602ed1af1352086bef4/screenshot - {}
RESULT: {}
COMMAND: POST /session/329de238260d7602ed1af1352086bef4/element - {"using":"xpath","value":"(//div[contains(@id, \"transportTimesBilled-CbBg\")])"}
RESULT: {"using":"xpath","value":"(//div[contains(@id, \"transportTimesBilled-CbBg\")])"}
COMMAND: POST /session/329de238260d7602ed1af1352086bef4/element/f.ABBA5987F2E82E58D78C902D9EA41D2B.d.BFC82B1BA6BABAC5B2AC7695359C18B3.e.22701/click - {}
RESULT: {}
COMMAND: GET /session/329de238260d7602ed1af1352086bef4/screenshot - {}
RESULT: {}
COMMAND: POST /session/329de238260d7602ed1af1352086bef4/element - {"using":"xpath","value":"(//button[@data-kt=\"saveButton\"])[2]"}
RESULT: {"using":"xpath","value":"(//button[@data-kt=\"saveButton\"])[2]"}
COMMAND: POST /session/329de238260d7602ed1af1352086bef4/element/f.ABBA5987F2E82E58D78C902D9EA41D2B.d.BFC82B1BA6BABAC5B2AC7695359C18B3.e.22702/click - {}
RESULT: {}
COMMAND: GET /session/329de238260d7602ed1af1352086bef4/screenshot - {}
RESULT: {}
]]></system-out>
    </testcase>
    <testcase classname="chrome.136_0_7103_93.windows.Billing_Calculation_-_Time_based_(considering_transport_times)_US139738" name="Should add created equipment to contract" time="47.151">
      <system-out><![CDATA[
COMMAND: POST /session/329de238260d7602ed1af1352086bef4/element - {"using":"xpath","value":"//button[@data-kt=\"contractDetailEditBtnButton\"]"}
RESULT: {"using":"xpath","value":"//button[@data-kt=\"contractDetailEditBtnButton\"]"}
COMMAND: POST /session/329de238260d7602ed1af1352086bef4/element/f.ABBA5987F2E82E58D78C902D9EA41D2B.d.BFC82B1BA6BABAC5B2AC7695359C18B3.e.22615/click - {}
RESULT: {}
COMMAND: GET /session/329de238260d7602ed1af1352086bef4/screenshot - {}
RESULT: {}
COMMAND: POST /session/329de238260d7602ed1af1352086bef4/element - {"using":"xpath","value":"(//span[contains(text(), \"Additional Addresses\")])[2]"}
RESULT: {"using":"xpath","value":"(//span[contains(text(), \"Additional Addresses\")])[2]"}
COMMAND: POST /session/329de238260d7602ed1af1352086bef4/element/f.ABBA5987F2E82E58D78C902D9EA41D2B.d.BFC82B1BA6BABAC5B2AC7695359C18B3.e.22718/click - {}
RESULT: {}
COMMAND: GET /session/329de238260d7602ed1af1352086bef4/screenshot - {}
RESULT: {}
COMMAND: POST /session/329de238260d7602ed1af1352086bef4/element - {"using":"xpath","value":"//button[@data-kt=\"btnAddTableRowOverflowToolbarButton\"]"}
RESULT: {"using":"xpath","value":"//button[@data-kt=\"btnAddTableRowOverflowToolbarButton\"]"}
COMMAND: POST /session/329de238260d7602ed1af1352086bef4/element/f.ABBA5987F2E82E58D78C902D9EA41D2B.d.BFC82B1BA6BABAC5B2AC7695359C18B3.e.22721/click - {}
RESULT: {}
COMMAND: GET /session/329de238260d7602ed1af1352086bef4/screenshot - {}
RESULT: {}
COMMAND: POST /session/329de238260d7602ed1af1352086bef4/element - {"using":"xpath","value":"//div[(text() = 'Standard Entry' or . = 'Standard Entry')]"}
RESULT: {"using":"xpath","value":"//div[(text() = 'Standard Entry' or . = 'Standard Entry')]"}
COMMAND: POST /session/329de238260d7602ed1af1352086bef4/element/f.ABBA5987F2E82E58D78C902D9EA41D2B.d.BFC82B1BA6BABAC5B2AC7695359C18B3.e.22723/click - {}
RESULT: {}
COMMAND: GET /session/329de238260d7602ed1af1352086bef4/screenshot - {}
RESULT: {}
COMMAND: POST /session/329de238260d7602ed1af1352086bef4/element - {"using":"xpath","value":"//td[7]/div/div/input"}
RESULT: {"using":"xpath","value":"//td[7]/div/div/input"}
COMMAND: POST /session/329de238260d7602ed1af1352086bef4/element/f.ABBA5987F2E82E58D78C902D9EA41D2B.d.BFC82B1BA6BABAC5B2AC7695359C18B3.e.22732/clear - {}
RESULT: {}
COMMAND: POST /session/329de238260d7602ed1af1352086bef4/element/f.ABBA5987F2E82E58D78C902D9EA41D2B.d.BFC82B1BA6BABAC5B2AC7695359C18B3.e.22732/value - {"text":"Pmf7dxkOkp"}
COMMAND: GET /session/329de238260d7602ed1af1352086bef4/screenshot - {}
RESULT: {"text":"Pmf7dxkOkp"}
COMMAND: GET /session/329de238260d7602ed1af1352086bef4/screenshot - {}
RESULT: {}
RESULT: {}
COMMAND: POST /session/329de238260d7602ed1af1352086bef4/actions - {"actions":[{"id":"action78","type":"key","parameters":{},"actions":[{"type":"keyDown","value":""},{"type":"pause","duration":10},{"type":"keyUp","value":""}]}]}
RESULT: {"actions":[{"id":"action78","type":"key","parameters":{},"actions":[{"type":"keyDown","value":""},{"type":"pause","duration":10},{"type":"keyUp","value":""}]}]}
COMMAND: GET /session/329de238260d7602ed1af1352086bef4/screenshot - {}
RESULT: {}
COMMAND: POST /session/329de238260d7602ed1af1352086bef4/execute/sync - {"script":"<script> [276 bytes]","args":["No pricing information was found"]}
RESULT: {"script":"<script> [276 bytes]","args":["No pricing information was found"]}
COMMAND: POST /session/329de238260d7602ed1af1352086bef4/element - {"using":"xpath","value":"(//button[@data-kt=\"saveButton\"])[2]"}
COMMAND: GET /session/329de238260d7602ed1af1352086bef4/screenshot - {}
RESULT: {"using":"xpath","value":"(//button[@data-kt=\"saveButton\"])[2]"}
COMMAND: POST /session/329de238260d7602ed1af1352086bef4/element/f.ABBA5987F2E82E58D78C902D9EA41D2B.d.BFC82B1BA6BABAC5B2AC7695359C18B3.e.22702/click - {}
RESULT: {}
RESULT: {}
COMMAND: GET /session/329de238260d7602ed1af1352086bef4/screenshot - {}
RESULT: {}
COMMAND: POST /session/329de238260d7602ed1af1352086bef4/execute/sync - {"script":"<script> [276 bytes]","args":["Some contract items are having rental validity exceeding header rental validity"]}
RESULT: {"script":"<script> [276 bytes]","args":["Some contract items are having rental validity exceeding header rental validity"]}
COMMAND: GET /session/329de238260d7602ed1af1352086bef4/screenshot - {}
RESULT: {}
COMMAND: POST /session/329de238260d7602ed1af1352086bef4/element - {"using":"xpath","value":"//span[contains(@id ,\"contractItemsSmartTable-header-inner\")]"}
RESULT: {"using":"xpath","value":"//span[contains(@id ,\"contractItemsSmartTable-header-inner\")]"}
COMMAND: POST /session/329de238260d7602ed1af1352086bef4/elements - {"using":"xpath","value":"//span[contains(@id ,\"contractItemsSmartTable-header-inner\")]"}
RESULT: {"using":"xpath","value":"//span[contains(@id ,\"contractItemsSmartTable-header-inner\")]"}
COMMAND: POST /session/329de238260d7602ed1af1352086bef4/execute/sync - {"script":"<script> [56 bytes]","args":[{"element-6066-11e4-a52e-4f735466cecf":"f.ABBA5987F2E82E58D78C902D9EA41D2B.d.BFC82B1BA6BABAC5B2AC7695359C18B3.e.22752","ELEMENT":"f.ABBA5987F2E82E58D78C902D9EA41D2B.d.BFC82B1BA6BABAC5B2AC7695359C18B3.e.22752"}]}
RESULT: {"script":"<script> [56 bytes]","args":[{"element-6066-11e4-a52e-4f735466cecf":"f.ABBA5987F2E82E58D78C902D9EA41D2B.d.BFC82B1BA6BABAC5B2AC7695359C18B3.e.22752","ELEMENT":"f.ABBA5987F2E82E58D78C902D9EA41D2B.d.BFC82B1BA6BABAC5B2AC7695359C18B3.e.22752"}]}
]]></system-out>
    </testcase>
    <testcase classname="chrome.136_0_7103_93.windows.Billing_Calculation_-_Time_based_(considering_transport_times)_US139738" name="Should do a provide to site 2 step" time="140.317">
      <system-out><![CDATA[
COMMAND: POST /session/329de238260d7602ed1af1352086bef4/element - {"using":"xpath","value":"//button[@data-kt=\"provideButton\"]"}
COMMAND: GET /session/329de238260d7602ed1af1352086bef4/screenshot - {}
RESULT: {"using":"xpath","value":"//button[@data-kt=\"provideButton\"]"}
COMMAND: POST /session/329de238260d7602ed1af1352086bef4/element/f.ABBA5987F2E82E58D78C902D9EA41D2B.d.BFC82B1BA6BABAC5B2AC7695359C18B3.e.22753/click - {}
RESULT: {}
RESULT: {}
COMMAND: GET /session/329de238260d7602ed1af1352086bef4/screenshot - {}
RESULT: {}
COMMAND: POST /session/329de238260d7602ed1af1352086bef4/element - {"using":"xpath","value":"(//div[contains(@id, \"application-managehandovers-display-component---AddNewHO--oneStep-CbBg\")])"}
RESULT: {"using":"xpath","value":"(//div[contains(@id, \"application-managehandovers-display-component---AddNewHO--oneStep-CbBg\")])"}
COMMAND: POST /session/329de238260d7602ed1af1352086bef4/element - {"using":"xpath","value":"(//div[contains(@id, \"application-managehandovers-display-component---AddNewHO--oneStep-CbBg\")])/input"}
RESULT: {"using":"xpath","value":"(//div[contains(@id, \"application-managehandovers-display-component---AddNewHO--oneStep-CbBg\")])/input"}
COMMAND: GET /session/329de238260d7602ed1af1352086bef4/element/f.ABBA5987F2E82E58D78C902D9EA41D2B.d.BFC82B1BA6BABAC5B2AC7695359C18B3.e.22814/attribute/checked - {}
RESULT: {}
RESULT: undefined
COMMAND: POST /session/329de238260d7602ed1af1352086bef4/execute/async - {"script":"<script> [6424 bytes]","args":[{"element-6066-11e4-a52e-4f735466cecf":"f.ABBA5987F2E82E58D78C902D9EA41D2B.d.BFC82B1BA6BABAC5B2AC7695359C18B3.e.21735"},"setValue",["5/29/25"]]}
COMMAND: POST /session/329de238260d7602ed1af1352086bef4/element/f.ABBA5987F2E82E58D78C902D9EA41D2B.d.BFC82B1BA6BABAC5B2AC7695359C18B3.e.23069/click - {}
COMMAND: POST /session/329de238260d7602ed1af1352086bef4/execute/async - {"script":"<script> [1562 bytes]","args":[{"selector":{"id":"application-managehandovers-display-component---AddNewHO--dueDate","interaction":{"idSuffix":"inner"}},"wdio_ui5_key":"applicationmanagehandovers-display-component---AddNewHO--dueDate"}]}
RESULT: {}
COMMAND: GET /session/329de238260d7602ed1af1352086bef4/screenshot - {}
RESULT: {"script":"<script> [1562 bytes]","args":[{"selector":{"id":"application-managehandovers-display-component---AddNewHO--dueDate","interaction":{"idSuffix":"inner"}},"wdio_ui5_key":"applicationmanagehandovers-display-component---AddNewHO--dueDate"}]}
COMMAND: POST /session/329de238260d7602ed1af1352086bef4/execute/async - {"script":"<script> [6424 bytes]","args":[{"element-6066-11e4-a52e-4f735466cecf":"f.ABBA5987F2E82E58D78C902D9EA41D2B.d.BFC82B1BA6BABAC5B2AC7695359C18B3.e.22810"},"setValue",["5/29/25"]]}
RESULT: {}
RESULT: {"script":"<script> [6424 bytes]","args":[{"element-6066-11e4-a52e-4f735466cecf":"f.ABBA5987F2E82E58D78C902D9EA41D2B.d.BFC82B1BA6BABAC5B2AC7695359C18B3.e.22810"},"setValue",["5/29/25"]]}
COMMAND: POST /session/329de238260d7602ed1af1352086bef4/element - {"using":"xpath","value":"//bdi[contains(text(), \"Instructions\")]"}
RESULT: {"using":"xpath","value":"//bdi[contains(text(), \"Instructions\")]"}
COMMAND: POST /session/329de238260d7602ed1af1352086bef4/element/f.ABBA5987F2E82E58D78C902D9EA41D2B.d.BFC82B1BA6BABAC5B2AC7695359C18B3.e.23073/click - {}
RESULT: {}
COMMAND: GET /session/329de238260d7602ed1af1352086bef4/screenshot - {}
RESULT: {}
COMMAND: POST /session/329de238260d7602ed1af1352086bef4/element - {"using":"xpath","value":"//button[@data-kt=\"AddNewHOProvideAddItemsButton\"]"}
RESULT: {"using":"xpath","value":"//button[@data-kt=\"AddNewHOProvideAddItemsButton\"]"}
COMMAND: POST /session/329de238260d7602ed1af1352086bef4/element/f.ABBA5987F2E82E58D78C902D9EA41D2B.d.BFC82B1BA6BABAC5B2AC7695359C18B3.e.23078/click - {}
RESULT: {}
COMMAND: GET /session/329de238260d7602ed1af1352086bef4/screenshot - {}
RESULT: {}
RESULT: undefined
COMMAND: POST /session/329de238260d7602ed1af1352086bef4/element - {"using":"xpath","value":"//*[@id=\"application-managehandovers-display-component---AddNewHO--popup-sa\"]"}
RESULT: {"using":"xpath","value":"//*[@id=\"application-managehandovers-display-component---AddNewHO--popup-sa\"]"}
COMMAND: POST /session/329de238260d7602ed1af1352086bef4/element/f.ABBA5987F2E82E58D78C902D9EA41D2B.d.BFC82B1BA6BABAC5B2AC7695359C18B3.e.23093/click - {}
RESULT: {}
COMMAND: GET /session/329de238260d7602ed1af1352086bef4/screenshot - {}
RESULT: {}
COMMAND: POST /session/329de238260d7602ed1af1352086bef4/element - {"using":"xpath","value":"//*[contains(@id ,\"BDI-content\")][contains(text(), \"Select\")]"}
RESULT: {"using":"xpath","value":"//*[contains(@id ,\"BDI-content\")][contains(text(), \"Select\")]"}
COMMAND: POST /session/329de238260d7602ed1af1352086bef4/element/f.ABBA5987F2E82E58D78C902D9EA41D2B.d.BFC82B1BA6BABAC5B2AC7695359C18B3.e.23095/click - {}
RESULT: {}
COMMAND: GET /session/329de238260d7602ed1af1352086bef4/screenshot - {}
RESULT: {}
COMMAND: POST /session/329de238260d7602ed1af1352086bef4/execute/async - {"script":"<script> [1562 bytes]","args":[{"selector":{"id":"application-managehandovers-display-component---AddNewHO--confirmCreationButton","interaction":{"idSuffix":"BDI-content"}},"wdio_ui5_key":"applicationmanagehandovers-display-component---AddNewHO--confirmCreationButton"}]}
RESULT: {"script":"<script> [1562 bytes]","args":[{"selector":{"id":"application-managehandovers-display-component---AddNewHO--confirmCreationButton","interaction":{"idSuffix":"BDI-content"}},"wdio_ui5_key":"applicationmanagehandovers-display-component---AddNewHO--confirmCreationButton"}]}
RESULT: undefined
COMMAND: POST /session/329de238260d7602ed1af1352086bef4/element - {"using":"xpath","value":"//*[@id=\"application-managehandovers-display-component---AddNewHO--confirmCreationButton\"]"}
RESULT: {"using":"xpath","value":"//*[@id=\"application-managehandovers-display-component---AddNewHO--confirmCreationButton\"]"}
COMMAND: POST /session/329de238260d7602ed1af1352086bef4/element/f.ABBA5987F2E82E58D78C902D9EA41D2B.d.BFC82B1BA6BABAC5B2AC7695359C18B3.e.22882/click - {}
RESULT: {}
COMMAND: GET /session/329de238260d7602ed1af1352086bef4/screenshot - {}
RESULT: {}
COMMAND: POST /session/329de238260d7602ed1af1352086bef4/execute/async - {"script":"<script> [1562 bytes]","args":[{"selector":{"id":"issueDatePicker","viewName":"etm.portal.ui.managehandovers.view.DetailExecuteHO","interaction":{"idSuffix":"inner"}},"wdio_ui5_key":"issueDatePickeretmportal.ui.managehandovers.view.DetailExecuteHO"}]}
RESULT: {"script":"<script> [1562 bytes]","args":[{"selector":{"id":"issueDatePicker","viewName":"etm.portal.ui.managehandovers.view.DetailExecuteHO","interaction":{"idSuffix":"inner"}},"wdio_ui5_key":"issueDatePickeretmportal.ui.managehandovers.view.DetailExecuteHO"}]}
RESULT: undefined
COMMAND: POST /session/329de238260d7602ed1af1352086bef4/execute/async - {"script":"<script> [776 bytes]","args":[{"enterText":"5/29/25","selector":{"id":"issueDatePicker","viewName":"etm.portal.ui.managehandovers.view.DetailExecuteHO","interaction":{"idSuffix":"inner"}},"clearTextFirst":true,"interactionType":"ENTER_TEXT"}]}
RESULT: {"script":"<script> [776 bytes]","args":[{"enterText":"5/29/25","selector":{"id":"issueDatePicker","viewName":"etm.portal.ui.managehandovers.view.DetailExecuteHO","interaction":{"idSuffix":"inner"}},"clearTextFirst":true,"interactionType":"ENTER_TEXT"}]}
COMMAND: POST /session/329de238260d7602ed1af1352086bef4/element - {"using":"xpath","value":"//button[@data-kt=\"PickingTableConfirmAllButton\"]"}
RESULT: {"using":"xpath","value":"//button[@data-kt=\"PickingTableConfirmAllButton\"]"}
COMMAND: POST /session/329de238260d7602ed1af1352086bef4/element/f.ABBA5987F2E82E58D78C902D9EA41D2B.d.BFC82B1BA6BABAC5B2AC7695359C18B3.e.23153/click - {}
RESULT: {}
COMMAND: GET /session/329de238260d7602ed1af1352086bef4/screenshot - {}
RESULT: {}
COMMAND: POST /session/329de238260d7602ed1af1352086bef4/element - {"using":"xpath","value":"//bdi[contains(text(), \"OK\")]"}
RESULT: {"using":"xpath","value":"//bdi[contains(text(), \"OK\")]"}
COMMAND: POST /session/329de238260d7602ed1af1352086bef4/element/f.ABBA5987F2E82E58D78C902D9EA41D2B.d.BFC82B1BA6BABAC5B2AC7695359C18B3.e.23156/click - {}
RESULT: {}
COMMAND: GET /session/329de238260d7602ed1af1352086bef4/screenshot - {}
RESULT: {}
COMMAND: POST /session/329de238260d7602ed1af1352086bef4/element - {"using":"xpath","value":"//button[@data-kt=\"execHoPickButton\"]"}
RESULT: {"using":"xpath","value":"//button[@data-kt=\"execHoPickButton\"]"}
COMMAND: POST /session/329de238260d7602ed1af1352086bef4/element/f.ABBA5987F2E82E58D78C902D9EA41D2B.d.BFC82B1BA6BABAC5B2AC7695359C18B3.e.23158/click - {}
RESULT: {}
COMMAND: GET /session/329de238260d7602ed1af1352086bef4/screenshot - {}
RESULT: {}
COMMAND: POST /session/329de238260d7602ed1af1352086bef4/element - {"using":"xpath","value":"//span[contains(@id ,\"filterItemControl_BASIC-RECEIVE_CONTRACT-vhi\")]"}
RESULT: {"using":"xpath","value":"//span[contains(@id ,\"filterItemControl_BASIC-RECEIVE_CONTRACT-vhi\")]"}
COMMAND: POST /session/329de238260d7602ed1af1352086bef4/element/f.ABBA5987F2E82E58D78C902D9EA41D2B.d.BFC82B1BA6BABAC5B2AC7695359C18B3.e.23443/click - {}
RESULT: {}
COMMAND: GET /session/329de238260d7602ed1af1352086bef4/screenshot - {}
RESULT: {}
COMMAND: POST /session/329de238260d7602ed1af1352086bef4/execute/async - {"script":"<script> [1562 bytes]","args":[{"selector":{"controlType":"sap.m.SearchField","viewName":"etm.portal.ui.managehandovers.view.MasterHO","bindingPath":{"path":"","propertyPath":"/_BASIC_SEARCH_FIELD","modelName":"fi1t3rM0d31"},"searchOpenDialogs":true,"interaction":{"idSuffix":"I"}},"wdio_ui5_key":"etmportal.ui.managehandovers.view.MasterHOsap.m.SearchField{\"path\":\"\",\"propertyPath\":\"/_BASIC_SEARCH_FIELD\",\"modelName\":\"fi1t3rM0d31\"}"}]}
RESULT: {"script":"<script> [1562 bytes]","args":[{"selector":{"controlType":"sap.m.SearchField","viewName":"etm.portal.ui.managehandovers.view.MasterHO","bindingPath":{"path":"","propertyPath":"/_BASIC_SEARCH_FIELD","modelName":"fi1t3rM0d31"},"searchOpenDialogs":true,"interaction":{"idSuffix":"I"}},"wdio_ui5_key":"etmportal.ui.managehandovers.view.MasterHOsap.m.SearchField{\"path\":\"\",\"propertyPath\":\"/_BASIC_SEARCH_FIELD\",\"modelName\":\"fi1t3rM0d31\"}"}]}
RESULT: undefined
COMMAND: POST /session/329de238260d7602ed1af1352086bef4/execute/async - {"script":"<script> [776 bytes]","args":[{"enterText":"10388","selector":{"controlType":"sap.m.SearchField","viewName":"etm.portal.ui.managehandovers.view.MasterHO","bindingPath":{"path":"","propertyPath":"/_BASIC_SEARCH_FIELD","modelName":"fi1t3rM0d31"},"searchOpenDialogs":true,"interaction":{"idSuffix":"I"}},"clearTextFirst":true,"interactionType":"ENTER_TEXT"}]}
RESULT: {"script":"<script> [776 bytes]","args":[{"enterText":"10388","selector":{"controlType":"sap.m.SearchField","viewName":"etm.portal.ui.managehandovers.view.MasterHO","bindingPath":{"path":"","propertyPath":"/_BASIC_SEARCH_FIELD","modelName":"fi1t3rM0d31"},"searchOpenDialogs":true,"interaction":{"idSuffix":"I"}},"clearTextFirst":true,"interactionType":"ENTER_TEXT"}]}
COMMAND: POST /session/329de238260d7602ed1af1352086bef4/actions - {"actions":[{"id":"action79","type":"key","parameters":{},"actions":[{"type":"keyDown","value":""},{"type":"pause","duration":10},{"type":"keyUp","value":""}]}]}
RESULT: {"actions":[{"id":"action79","type":"key","parameters":{},"actions":[{"type":"keyDown","value":""},{"type":"pause","duration":10},{"type":"keyUp","value":""}]}]}
COMMAND: GET /session/329de238260d7602ed1af1352086bef4/screenshot - {}
RESULT: {}
COMMAND: POST /session/329de238260d7602ed1af1352086bef4/element - {"using":"xpath","value":"//div[contains(@id, 'filterItemControl_BASIC-RECEIVE_CONTRACT-valueHelpDialog-table-rowsel0')]"}
RESULT: {"using":"xpath","value":"//div[contains(@id, 'filterItemControl_BASIC-RECEIVE_CONTRACT-valueHelpDialog-table-rowsel0')]"}
COMMAND: POST /session/329de238260d7602ed1af1352086bef4/element/f.ABBA5987F2E82E58D78C902D9EA41D2B.d.BFC82B1BA6BABAC5B2AC7695359C18B3.e.23452/click - {}
RESULT: {}
COMMAND: GET /session/329de238260d7602ed1af1352086bef4/screenshot - {}
RESULT: {}
COMMAND: POST /session/329de238260d7602ed1af1352086bef4/element - {"using":"xpath","value":"//bdi[contains(text(), \"OK\")]"}
RESULT: {"using":"xpath","value":"//bdi[contains(text(), \"OK\")]"}
COMMAND: POST /session/329de238260d7602ed1af1352086bef4/element/f.ABBA5987F2E82E58D78C902D9EA41D2B.d.BFC82B1BA6BABAC5B2AC7695359C18B3.e.23454/click - {}
RESULT: {}
COMMAND: GET /session/329de238260d7602ed1af1352086bef4/screenshot - {}
RESULT: {}
COMMAND: POST /session/329de238260d7602ed1af1352086bef4/element - {"using":"xpath","value":"//span[contains(@id, \"smartTable-header-inner\")]"}
RESULT: {"using":"xpath","value":"//span[contains(@id, \"smartTable-header-inner\")]"}
COMMAND: POST /session/329de238260d7602ed1af1352086bef4/elements - {"using":"xpath","value":"//span[contains(@id, \"smartTable-header-inner\")]"}
RESULT: {"using":"xpath","value":"//span[contains(@id, \"smartTable-header-inner\")]"}
COMMAND: POST /session/329de238260d7602ed1af1352086bef4/execute/sync - {"script":"<script> [56 bytes]","args":[{"element-6066-11e4-a52e-4f735466cecf":"f.ABBA5987F2E82E58D78C902D9EA41D2B.d.BFC82B1BA6BABAC5B2AC7695359C18B3.e.23481","ELEMENT":"f.ABBA5987F2E82E58D78C902D9EA41D2B.d.BFC82B1BA6BABAC5B2AC7695359C18B3.e.23481"}]}
RESULT: {"script":"<script> [56 bytes]","args":[{"element-6066-11e4-a52e-4f735466cecf":"f.ABBA5987F2E82E58D78C902D9EA41D2B.d.BFC82B1BA6BABAC5B2AC7695359C18B3.e.23481","ELEMENT":"f.ABBA5987F2E82E58D78C902D9EA41D2B.d.BFC82B1BA6BABAC5B2AC7695359C18B3.e.23481"}]}
COMMAND: POST /session/329de238260d7602ed1af1352086bef4/element - {"using":"xpath","value":"//table[contains(@id, \"customHandovers\")]//tbody/tr[1]/td[2]/span"}
COMMAND: GET /session/329de238260d7602ed1af1352086bef4/screenshot - {}
RESULT: {"using":"xpath","value":"//table[contains(@id, \"customHandovers\")]//tbody/tr[1]/td[2]/span"}
COMMAND: POST /session/329de238260d7602ed1af1352086bef4/execute/sync - {"script":"<script> [56 bytes]","args":[{"element-6066-11e4-a52e-4f735466cecf":"f.ABBA5987F2E82E58D78C902D9EA41D2B.d.BFC82B1BA6BABAC5B2AC7695359C18B3.e.23482","ELEMENT":"f.ABBA5987F2E82E58D78C902D9EA41D2B.d.BFC82B1BA6BABAC5B2AC7695359C18B3.e.23482"}]}
RESULT: {}
RESULT: {"script":"<script> [56 bytes]","args":[{"element-6066-11e4-a52e-4f735466cecf":"f.ABBA5987F2E82E58D78C902D9EA41D2B.d.BFC82B1BA6BABAC5B2AC7695359C18B3.e.23482","ELEMENT":"f.ABBA5987F2E82E58D78C902D9EA41D2B.d.BFC82B1BA6BABAC5B2AC7695359C18B3.e.23482"}]}
COMMAND: POST /session/329de238260d7602ed1af1352086bef4/element - {"using":"xpath","value":"(//span[contains(@id, \"imgNav\")])[1]"}
COMMAND: GET /session/329de238260d7602ed1af1352086bef4/screenshot - {}
RESULT: {"using":"xpath","value":"(//span[contains(@id, \"imgNav\")])[1]"}
COMMAND: POST /session/329de238260d7602ed1af1352086bef4/element/f.ABBA5987F2E82E58D78C902D9EA41D2B.d.BFC82B1BA6BABAC5B2AC7695359C18B3.e.23479/click - {}
RESULT: {}
RESULT: {}
COMMAND: GET /session/329de238260d7602ed1af1352086bef4/screenshot - {}
RESULT: {}
RESULT: undefined
COMMAND: POST /session/329de238260d7602ed1af1352086bef4/execute/async - {"script":"<script> [776 bytes]","args":[{"enterText":"5/29/25","selector":{"id":"issueDatePicker","viewName":"etm.portal.ui.managehandovers.view.DetailExecuteHO","interaction":{"idSuffix":"inner"}},"clearTextFirst":true,"interactionType":"ENTER_TEXT"}]}
RESULT: {"script":"<script> [776 bytes]","args":[{"enterText":"5/29/25","selector":{"id":"issueDatePicker","viewName":"etm.portal.ui.managehandovers.view.DetailExecuteHO","interaction":{"idSuffix":"inner"}},"clearTextFirst":true,"interactionType":"ENTER_TEXT"}]}
COMMAND: POST /session/329de238260d7602ed1af1352086bef4/element - {"using":"xpath","value":"//button[@data-kt=\"IssuingTableConfirmAllButton\"]"}
RESULT: {"using":"xpath","value":"//button[@data-kt=\"IssuingTableConfirmAllButton\"]"}
COMMAND: POST /session/329de238260d7602ed1af1352086bef4/element/f.ABBA5987F2E82E58D78C902D9EA41D2B.d.BFC82B1BA6BABAC5B2AC7695359C18B3.e.23501/click - {}
RESULT: {}
COMMAND: GET /session/329de238260d7602ed1af1352086bef4/screenshot - {}
RESULT: {}
COMMAND: POST /session/329de238260d7602ed1af1352086bef4/element - {"using":"xpath","value":"//bdi[contains(text(), \"OK\")]"}
RESULT: {"using":"xpath","value":"//bdi[contains(text(), \"OK\")]"}
COMMAND: POST /session/329de238260d7602ed1af1352086bef4/element/f.ABBA5987F2E82E58D78C902D9EA41D2B.d.BFC82B1BA6BABAC5B2AC7695359C18B3.e.23535/click - {}
RESULT: {}
COMMAND: GET /session/329de238260d7602ed1af1352086bef4/screenshot - {}
RESULT: {}
COMMAND: POST /session/329de238260d7602ed1af1352086bef4/element - {"using":"xpath","value":"//button[@data-kt=\"execHoIssueButton\"]"}
RESULT: {"using":"xpath","value":"//button[@data-kt=\"execHoIssueButton\"]"}
COMMAND: POST /session/329de238260d7602ed1af1352086bef4/element/f.ABBA5987F2E82E58D78C902D9EA41D2B.d.BFC82B1BA6BABAC5B2AC7695359C18B3.e.23536/click - {}
RESULT: {}
COMMAND: GET /session/329de238260d7602ed1af1352086bef4/screenshot - {}
RESULT: {}
COMMAND: POST /session/329de238260d7602ed1af1352086bef4/element - {"using":"xpath","value":"//input[contains(@id ,\"smartFilterBar-btnBasicSearch-I\")]"}
RESULT: {"using":"xpath","value":"//input[contains(@id ,\"smartFilterBar-btnBasicSearch-I\")]"}
COMMAND: POST /session/329de238260d7602ed1af1352086bef4/elements - {"using":"xpath","value":"//input[contains(@id ,\"smartFilterBar-btnBasicSearch-I\")]"}
RESULT: {"using":"xpath","value":"//input[contains(@id ,\"smartFilterBar-btnBasicSearch-I\")]"}
COMMAND: POST /session/329de238260d7602ed1af1352086bef4/execute/sync - {"script":"<script> [8489 bytes]","args":[{"element-6066-11e4-a52e-4f735466cecf":"f.ABBA5987F2E82E58D78C902D9EA41D2B.d.BFC82B1BA6BABAC5B2AC7695359C18B3.e.22809","ELEMENT":"f.ABBA5987F2E82E58D78C902D9EA41D2B.d.BFC82B1BA6BABAC5B2AC7695359C18B3.e.22809"}]}
RESULT: {"script":"<script> [8489 bytes]","args":[{"element-6066-11e4-a52e-4f735466cecf":"f.ABBA5987F2E82E58D78C902D9EA41D2B.d.BFC82B1BA6BABAC5B2AC7695359C18B3.e.22809","ELEMENT":"f.ABBA5987F2E82E58D78C902D9EA41D2B.d.BFC82B1BA6BABAC5B2AC7695359C18B3.e.22809"}]}
COMMAND: GET /session/329de238260d7602ed1af1352086bef4/element/f.ABBA5987F2E82E58D78C902D9EA41D2B.d.BFC82B1BA6BABAC5B2AC7695359C18B3.e.22809/enabled - {}
COMMAND: GET /session/329de238260d7602ed1af1352086bef4/screenshot - {}
RESULT: {}
COMMAND: POST /session/329de238260d7602ed1af1352086bef4/element/f.ABBA5987F2E82E58D78C902D9EA41D2B.d.BFC82B1BA6BABAC5B2AC7695359C18B3.e.22809/clear - {}
COMMAND: GET /session/329de238260d7602ed1af1352086bef4/screenshot - {}
RESULT: {}
RESULT: {}
COMMAND: POST /session/329de238260d7602ed1af1352086bef4/element/f.ABBA5987F2E82E58D78C902D9EA41D2B.d.BFC82B1BA6BABAC5B2AC7695359C18B3.e.22809/value - {"text":"30845"}
COMMAND: GET /session/329de238260d7602ed1af1352086bef4/screenshot - {}
RESULT: {}
RESULT: {"text":"30845"}
COMMAND: GET /session/329de238260d7602ed1af1352086bef4/screenshot - {}
RESULT: {}
RESULT: {}
COMMAND: POST /session/329de238260d7602ed1af1352086bef4/actions - {"actions":[{"id":"action80","type":"key","parameters":{},"actions":[{"type":"keyDown","value":""},{"type":"pause","duration":10},{"type":"keyUp","value":""}]}]}
RESULT: {"actions":[{"id":"action80","type":"key","parameters":{},"actions":[{"type":"keyDown","value":""},{"type":"pause","duration":10},{"type":"keyUp","value":""}]}]}
COMMAND: GET /session/329de238260d7602ed1af1352086bef4/screenshot - {}
RESULT: {}
COMMAND: POST /session/329de238260d7602ed1af1352086bef4/element - {"using":"xpath","value":"//span[contains(@id, \"smartTable-header-inner\")]"}
RESULT: {"using":"xpath","value":"//span[contains(@id, \"smartTable-header-inner\")]"}
COMMAND: POST /session/329de238260d7602ed1af1352086bef4/elements - {"using":"xpath","value":"//span[contains(@id, \"smartTable-header-inner\")]"}
RESULT: {"using":"xpath","value":"//span[contains(@id, \"smartTable-header-inner\")]"}
COMMAND: POST /session/329de238260d7602ed1af1352086bef4/execute/sync - {"script":"<script> [56 bytes]","args":[{"element-6066-11e4-a52e-4f735466cecf":"f.ABBA5987F2E82E58D78C902D9EA41D2B.d.BFC82B1BA6BABAC5B2AC7695359C18B3.e.23481","ELEMENT":"f.ABBA5987F2E82E58D78C902D9EA41D2B.d.BFC82B1BA6BABAC5B2AC7695359C18B3.e.23481"}]}
RESULT: {"script":"<script> [56 bytes]","args":[{"element-6066-11e4-a52e-4f735466cecf":"f.ABBA5987F2E82E58D78C902D9EA41D2B.d.BFC82B1BA6BABAC5B2AC7695359C18B3.e.23481","ELEMENT":"f.ABBA5987F2E82E58D78C902D9EA41D2B.d.BFC82B1BA6BABAC5B2AC7695359C18B3.e.23481"}]}
COMMAND: POST /session/329de238260d7602ed1af1352086bef4/elements - {"using":"xpath","value":"//thead[contains(@class, \"sapMTableTH\")]/tr/th"}
COMMAND: GET /session/329de238260d7602ed1af1352086bef4/screenshot - {}
RESULT: {"using":"xpath","value":"//thead[contains(@class, \"sapMTableTH\")]/tr/th"}
COMMAND: GET /session/329de238260d7602ed1af1352086bef4/element/f.ABBA5987F2E82E58D78C902D9EA41D2B.d.BFC82B1BA6BABAC5B2AC7695359C18B3.e.23574/text - {}
RESULT: {}
RESULT: {}
COMMAND: GET /session/329de238260d7602ed1af1352086bef4/element/f.ABBA5987F2E82E58D78C902D9EA41D2B.d.BFC82B1BA6BABAC5B2AC7695359C18B3.e.23575/text - {}
RESULT: {}
COMMAND: GET /session/329de238260d7602ed1af1352086bef4/element/f.ABBA5987F2E82E58D78C902D9EA41D2B.d.BFC82B1BA6BABAC5B2AC7695359C18B3.e.22842/text - {}
RESULT: {}
COMMAND: GET /session/329de238260d7602ed1af1352086bef4/element/f.ABBA5987F2E82E58D78C902D9EA41D2B.d.BFC82B1BA6BABAC5B2AC7695359C18B3.e.22844/text - {}
RESULT: {}
COMMAND: GET /session/329de238260d7602ed1af1352086bef4/element/f.ABBA5987F2E82E58D78C902D9EA41D2B.d.BFC82B1BA6BABAC5B2AC7695359C18B3.e.23540/text - {}
RESULT: {}
COMMAND: GET /session/329de238260d7602ed1af1352086bef4/element/f.ABBA5987F2E82E58D78C902D9EA41D2B.d.BFC82B1BA6BABAC5B2AC7695359C18B3.e.23541/text - {}
RESULT: {}
COMMAND: GET /session/329de238260d7602ed1af1352086bef4/element/f.ABBA5987F2E82E58D78C902D9EA41D2B.d.BFC82B1BA6BABAC5B2AC7695359C18B3.e.23542/text - {}
RESULT: {}
COMMAND: GET /session/329de238260d7602ed1af1352086bef4/element/f.ABBA5987F2E82E58D78C902D9EA41D2B.d.BFC82B1BA6BABAC5B2AC7695359C18B3.e.23543/text - {}
RESULT: {}
COMMAND: GET /session/329de238260d7602ed1af1352086bef4/element/f.ABBA5987F2E82E58D78C902D9EA41D2B.d.BFC82B1BA6BABAC5B2AC7695359C18B3.e.23544/text - {}
RESULT: {}
COMMAND: GET /session/329de238260d7602ed1af1352086bef4/element/f.ABBA5987F2E82E58D78C902D9EA41D2B.d.BFC82B1BA6BABAC5B2AC7695359C18B3.e.23545/text - {}
RESULT: {}
COMMAND: GET /session/329de238260d7602ed1af1352086bef4/element/f.ABBA5987F2E82E58D78C902D9EA41D2B.d.BFC82B1BA6BABAC5B2AC7695359C18B3.e.23546/text - {}
RESULT: {}
COMMAND: GET /session/329de238260d7602ed1af1352086bef4/element/f.ABBA5987F2E82E58D78C902D9EA41D2B.d.BFC82B1BA6BABAC5B2AC7695359C18B3.e.23547/text - {}
RESULT: {}
COMMAND: GET /session/329de238260d7602ed1af1352086bef4/element/f.ABBA5987F2E82E58D78C902D9EA41D2B.d.BFC82B1BA6BABAC5B2AC7695359C18B3.e.23548/text - {}
RESULT: {}
COMMAND: GET /session/329de238260d7602ed1af1352086bef4/element/f.ABBA5987F2E82E58D78C902D9EA41D2B.d.BFC82B1BA6BABAC5B2AC7695359C18B3.e.22845/text - {}
RESULT: {}
COMMAND: POST /session/329de238260d7602ed1af1352086bef4/element - {"using":"xpath","value":"//tbody[contains(@id, \"customHandoversTable-tblBody\")]/tr[1]/td[14]/div/span"}
RESULT: {"using":"xpath","value":"//tbody[contains(@id, \"customHandoversTable-tblBody\")]/tr[1]/td[14]/div/span"}
COMMAND: POST /session/329de238260d7602ed1af1352086bef4/execute/sync - {"script":"<script> [56 bytes]","args":[{"element-6066-11e4-a52e-4f735466cecf":"f.ABBA5987F2E82E58D78C902D9EA41D2B.d.BFC82B1BA6BABAC5B2AC7695359C18B3.e.23624","ELEMENT":"f.ABBA5987F2E82E58D78C902D9EA41D2B.d.BFC82B1BA6BABAC5B2AC7695359C18B3.e.23624"}]}
RESULT: {"script":"<script> [56 bytes]","args":[{"element-6066-11e4-a52e-4f735466cecf":"f.ABBA5987F2E82E58D78C902D9EA41D2B.d.BFC82B1BA6BABAC5B2AC7695359C18B3.e.23624","ELEMENT":"f.ABBA5987F2E82E58D78C902D9EA41D2B.d.BFC82B1BA6BABAC5B2AC7695359C18B3.e.23624"}]}
COMMAND: POST /session/329de238260d7602ed1af1352086bef4/element - {"using":"xpath","value":"(//span[contains(@id, \"imgNav\")])[1]"}
COMMAND: GET /session/329de238260d7602ed1af1352086bef4/screenshot - {}
RESULT: {"using":"xpath","value":"(//span[contains(@id, \"imgNav\")])[1]"}
COMMAND: POST /session/329de238260d7602ed1af1352086bef4/element/f.ABBA5987F2E82E58D78C902D9EA41D2B.d.BFC82B1BA6BABAC5B2AC7695359C18B3.e.23625/click - {}
RESULT: {}
RESULT: {}
COMMAND: GET /session/329de238260d7602ed1af1352086bef4/screenshot - {}
RESULT: {}
RESULT: undefined
COMMAND: POST /session/329de238260d7602ed1af1352086bef4/execute/async - {"script":"<script> [776 bytes]","args":[{"enterText":"6/5/25","selector":{"id":"receiptDatePicker","viewName":"etm.portal.ui.managehandovers.view.DetailExecuteHO","interaction":{"idSuffix":"inner"}},"clearTextFirst":true,"interactionType":"ENTER_TEXT"}]}
RESULT: {"script":"<script> [776 bytes]","args":[{"enterText":"6/5/25","selector":{"id":"receiptDatePicker","viewName":"etm.portal.ui.managehandovers.view.DetailExecuteHO","interaction":{"idSuffix":"inner"}},"clearTextFirst":true,"interactionType":"ENTER_TEXT"}]}
COMMAND: POST /session/329de238260d7602ed1af1352086bef4/element - {"using":"xpath","value":"//bdi[contains(text(), \"OK\")]"}
RESULT: {"using":"xpath","value":"//bdi[contains(text(), \"OK\")]"}
COMMAND: POST /session/329de238260d7602ed1af1352086bef4/element/f.ABBA5987F2E82E58D78C902D9EA41D2B.d.BFC82B1BA6BABAC5B2AC7695359C18B3.e.23664/click - {}
RESULT: {}
COMMAND: GET /session/329de238260d7602ed1af1352086bef4/screenshot - {}
RESULT: {}
COMMAND: POST /session/329de238260d7602ed1af1352086bef4/element - {"using":"xpath","value":"//button[@data-kt=\"ReceivingTableConfirmAllButton\"]"}
RESULT: {"using":"xpath","value":"//button[@data-kt=\"ReceivingTableConfirmAllButton\"]"}
COMMAND: POST /session/329de238260d7602ed1af1352086bef4/element/f.ABBA5987F2E82E58D78C902D9EA41D2B.d.BFC82B1BA6BABAC5B2AC7695359C18B3.e.23645/click - {}
RESULT: {}
COMMAND: GET /session/329de238260d7602ed1af1352086bef4/screenshot - {}
RESULT: {}
COMMAND: POST /session/329de238260d7602ed1af1352086bef4/element - {"using":"xpath","value":"//bdi[contains(text(), \"OK\")]"}
RESULT: {"using":"xpath","value":"//bdi[contains(text(), \"OK\")]"}
COMMAND: POST /session/329de238260d7602ed1af1352086bef4/element/f.ABBA5987F2E82E58D78C902D9EA41D2B.d.BFC82B1BA6BABAC5B2AC7695359C18B3.e.23678/click - {}
RESULT: {}
COMMAND: GET /session/329de238260d7602ed1af1352086bef4/screenshot - {}
RESULT: {}
COMMAND: POST /session/329de238260d7602ed1af1352086bef4/element - {"using":"xpath","value":"//button[@data-kt= \"execHoReceiveButton\"]"}
RESULT: {"using":"xpath","value":"//button[@data-kt= \"execHoReceiveButton\"]"}
COMMAND: POST /session/329de238260d7602ed1af1352086bef4/element/f.ABBA5987F2E82E58D78C902D9EA41D2B.d.BFC82B1BA6BABAC5B2AC7695359C18B3.e.23679/click - {}
RESULT: {}
COMMAND: GET /session/329de238260d7602ed1af1352086bef4/screenshot - {}
RESULT: {}
COMMAND: POST /session/329de238260d7602ed1af1352086bef4/element - {"using":"xpath","value":"//input[contains(@id ,\"smartFilterBar-btnBasicSearch-I\")]"}
RESULT: {"using":"xpath","value":"//input[contains(@id ,\"smartFilterBar-btnBasicSearch-I\")]"}
COMMAND: POST /session/329de238260d7602ed1af1352086bef4/elements - {"using":"xpath","value":"//input[contains(@id ,\"smartFilterBar-btnBasicSearch-I\")]"}
RESULT: {"using":"xpath","value":"//input[contains(@id ,\"smartFilterBar-btnBasicSearch-I\")]"}
COMMAND: POST /session/329de238260d7602ed1af1352086bef4/execute/sync - {"script":"<script> [8489 bytes]","args":[{"element-6066-11e4-a52e-4f735466cecf":"f.ABBA5987F2E82E58D78C902D9EA41D2B.d.BFC82B1BA6BABAC5B2AC7695359C18B3.e.22809","ELEMENT":"f.ABBA5987F2E82E58D78C902D9EA41D2B.d.BFC82B1BA6BABAC5B2AC7695359C18B3.e.22809"}]}
RESULT: {"script":"<script> [8489 bytes]","args":[{"element-6066-11e4-a52e-4f735466cecf":"f.ABBA5987F2E82E58D78C902D9EA41D2B.d.BFC82B1BA6BABAC5B2AC7695359C18B3.e.22809","ELEMENT":"f.ABBA5987F2E82E58D78C902D9EA41D2B.d.BFC82B1BA6BABAC5B2AC7695359C18B3.e.22809"}]}
COMMAND: GET /session/329de238260d7602ed1af1352086bef4/element/f.ABBA5987F2E82E58D78C902D9EA41D2B.d.BFC82B1BA6BABAC5B2AC7695359C18B3.e.22809/enabled - {}
COMMAND: GET /session/329de238260d7602ed1af1352086bef4/screenshot - {}
RESULT: {}
COMMAND: POST /session/329de238260d7602ed1af1352086bef4/element/f.ABBA5987F2E82E58D78C902D9EA41D2B.d.BFC82B1BA6BABAC5B2AC7695359C18B3.e.22809/clear - {}
COMMAND: GET /session/329de238260d7602ed1af1352086bef4/screenshot - {}
RESULT: {}
RESULT: {}
COMMAND: POST /session/329de238260d7602ed1af1352086bef4/element/f.ABBA5987F2E82E58D78C902D9EA41D2B.d.BFC82B1BA6BABAC5B2AC7695359C18B3.e.22809/value - {"text":"30845"}
COMMAND: GET /session/329de238260d7602ed1af1352086bef4/screenshot - {}
RESULT: {}
RESULT: {"text":"30845"}
COMMAND: GET /session/329de238260d7602ed1af1352086bef4/screenshot - {}
RESULT: {}
RESULT: {}
COMMAND: POST /session/329de238260d7602ed1af1352086bef4/actions - {"actions":[{"id":"action81","type":"key","parameters":{},"actions":[{"type":"keyDown","value":""},{"type":"pause","duration":10},{"type":"keyUp","value":""}]}]}
RESULT: {"actions":[{"id":"action81","type":"key","parameters":{},"actions":[{"type":"keyDown","value":""},{"type":"pause","duration":10},{"type":"keyUp","value":""}]}]}
COMMAND: GET /session/329de238260d7602ed1af1352086bef4/screenshot - {}
RESULT: {}
COMMAND: POST /session/329de238260d7602ed1af1352086bef4/element - {"using":"xpath","value":"//span[contains(@id, \"smartTable-header-inner\")]"}
RESULT: {"using":"xpath","value":"//span[contains(@id, \"smartTable-header-inner\")]"}
COMMAND: POST /session/329de238260d7602ed1af1352086bef4/elements - {"using":"xpath","value":"//span[contains(@id, \"smartTable-header-inner\")]"}
RESULT: {"using":"xpath","value":"//span[contains(@id, \"smartTable-header-inner\")]"}
COMMAND: POST /session/329de238260d7602ed1af1352086bef4/execute/sync - {"script":"<script> [56 bytes]","args":[{"element-6066-11e4-a52e-4f735466cecf":"f.ABBA5987F2E82E58D78C902D9EA41D2B.d.BFC82B1BA6BABAC5B2AC7695359C18B3.e.23481","ELEMENT":"f.ABBA5987F2E82E58D78C902D9EA41D2B.d.BFC82B1BA6BABAC5B2AC7695359C18B3.e.23481"}]}
RESULT: {"script":"<script> [56 bytes]","args":[{"element-6066-11e4-a52e-4f735466cecf":"f.ABBA5987F2E82E58D78C902D9EA41D2B.d.BFC82B1BA6BABAC5B2AC7695359C18B3.e.23481","ELEMENT":"f.ABBA5987F2E82E58D78C902D9EA41D2B.d.BFC82B1BA6BABAC5B2AC7695359C18B3.e.23481"}]}
COMMAND: POST /session/329de238260d7602ed1af1352086bef4/elements - {"using":"xpath","value":"//thead[contains(@class, \"sapMTableTH\")]/tr/th"}
COMMAND: GET /session/329de238260d7602ed1af1352086bef4/screenshot - {}
RESULT: {"using":"xpath","value":"//thead[contains(@class, \"sapMTableTH\")]/tr/th"}
COMMAND: GET /session/329de238260d7602ed1af1352086bef4/element/f.ABBA5987F2E82E58D78C902D9EA41D2B.d.BFC82B1BA6BABAC5B2AC7695359C18B3.e.23574/text - {}
RESULT: {}
RESULT: {}
COMMAND: GET /session/329de238260d7602ed1af1352086bef4/element/f.ABBA5987F2E82E58D78C902D9EA41D2B.d.BFC82B1BA6BABAC5B2AC7695359C18B3.e.23575/text - {}
RESULT: {}
COMMAND: GET /session/329de238260d7602ed1af1352086bef4/element/f.ABBA5987F2E82E58D78C902D9EA41D2B.d.BFC82B1BA6BABAC5B2AC7695359C18B3.e.22842/text - {}
RESULT: {}
COMMAND: GET /session/329de238260d7602ed1af1352086bef4/element/f.ABBA5987F2E82E58D78C902D9EA41D2B.d.BFC82B1BA6BABAC5B2AC7695359C18B3.e.22844/text - {}
RESULT: {}
COMMAND: GET /session/329de238260d7602ed1af1352086bef4/element/f.ABBA5987F2E82E58D78C902D9EA41D2B.d.BFC82B1BA6BABAC5B2AC7695359C18B3.e.23685/text - {}
RESULT: {}
COMMAND: GET /session/329de238260d7602ed1af1352086bef4/element/f.ABBA5987F2E82E58D78C902D9EA41D2B.d.BFC82B1BA6BABAC5B2AC7695359C18B3.e.23686/text - {}
RESULT: {}
COMMAND: GET /session/329de238260d7602ed1af1352086bef4/element/f.ABBA5987F2E82E58D78C902D9EA41D2B.d.BFC82B1BA6BABAC5B2AC7695359C18B3.e.23687/text - {}
RESULT: {}
COMMAND: GET /session/329de238260d7602ed1af1352086bef4/element/f.ABBA5987F2E82E58D78C902D9EA41D2B.d.BFC82B1BA6BABAC5B2AC7695359C18B3.e.23688/text - {}
RESULT: {}
COMMAND: GET /session/329de238260d7602ed1af1352086bef4/element/f.ABBA5987F2E82E58D78C902D9EA41D2B.d.BFC82B1BA6BABAC5B2AC7695359C18B3.e.23689/text - {}
RESULT: {}
COMMAND: GET /session/329de238260d7602ed1af1352086bef4/element/f.ABBA5987F2E82E58D78C902D9EA41D2B.d.BFC82B1BA6BABAC5B2AC7695359C18B3.e.23690/text - {}
RESULT: {}
COMMAND: GET /session/329de238260d7602ed1af1352086bef4/element/f.ABBA5987F2E82E58D78C902D9EA41D2B.d.BFC82B1BA6BABAC5B2AC7695359C18B3.e.23691/text - {}
RESULT: {}
COMMAND: GET /session/329de238260d7602ed1af1352086bef4/element/f.ABBA5987F2E82E58D78C902D9EA41D2B.d.BFC82B1BA6BABAC5B2AC7695359C18B3.e.23692/text - {}
RESULT: {}
COMMAND: GET /session/329de238260d7602ed1af1352086bef4/element/f.ABBA5987F2E82E58D78C902D9EA41D2B.d.BFC82B1BA6BABAC5B2AC7695359C18B3.e.23693/text - {}
RESULT: {}
COMMAND: GET /session/329de238260d7602ed1af1352086bef4/element/f.ABBA5987F2E82E58D78C902D9EA41D2B.d.BFC82B1BA6BABAC5B2AC7695359C18B3.e.22845/text - {}
RESULT: {}
COMMAND: POST /session/329de238260d7602ed1af1352086bef4/element - {"using":"xpath","value":"//tbody[contains(@id, \"customHandoversTable-tblBody\")]/tr[1]/td[14]/div/span"}
RESULT: {"using":"xpath","value":"//tbody[contains(@id, \"customHandoversTable-tblBody\")]/tr[1]/td[14]/div/span"}
COMMAND: POST /session/329de238260d7602ed1af1352086bef4/execute/sync - {"script":"<script> [56 bytes]","args":[{"element-6066-11e4-a52e-4f735466cecf":"f.ABBA5987F2E82E58D78C902D9EA41D2B.d.BFC82B1BA6BABAC5B2AC7695359C18B3.e.23748","ELEMENT":"f.ABBA5987F2E82E58D78C902D9EA41D2B.d.BFC82B1BA6BABAC5B2AC7695359C18B3.e.23748"}]}
RESULT: {"script":"<script> [56 bytes]","args":[{"element-6066-11e4-a52e-4f735466cecf":"f.ABBA5987F2E82E58D78C902D9EA41D2B.d.BFC82B1BA6BABAC5B2AC7695359C18B3.e.23748","ELEMENT":"f.ABBA5987F2E82E58D78C902D9EA41D2B.d.BFC82B1BA6BABAC5B2AC7695359C18B3.e.23748"}]}
COMMAND: POST /session/329de238260d7602ed1af1352086bef4/element - {"using":"css selector","value":"#shell-header-logo"}
COMMAND: GET /session/329de238260d7602ed1af1352086bef4/screenshot - {}
RESULT: {"using":"css selector","value":"#shell-header-logo"}
COMMAND: POST /session/329de238260d7602ed1af1352086bef4/element/f.ABBA5987F2E82E58D78C902D9EA41D2B.d.BFC82B1BA6BABAC5B2AC7695359C18B3.e.22142/click - {}
RESULT: {}
RESULT: {}
COMMAND: GET /session/329de238260d7602ed1af1352086bef4/screenshot - {}
RESULT: {}
]]></system-out>
    </testcase>
    <testcase classname="chrome.136_0_7103_93.windows.Billing_Calculation_-_Time_based_(considering_transport_times)_US139738" name="Should navigate to Manage Billings and trigger contract calculation business confirm it" time="57.874">
      <system-out><![CDATA[
COMMAND: POST /session/329de238260d7602ed1af1352086bef4/execute/async - {"script":"<script> [1562 bytes]","args":[{"selector":{"controlType":"sap.m.GenericTile","properties":{"header":"Manage Billings"}},"wdio_ui5_key":"sapm.GenericTile{\"header\":\"Manage Billings\"}"}]}
RESULT: {"script":"<script> [1562 bytes]","args":[{"selector":{"controlType":"sap.m.GenericTile","properties":{"header":"Manage Billings"}},"wdio_ui5_key":"sapm.GenericTile{\"header\":\"Manage Billings\"}"}]}
RESULT: undefined
COMMAND: POST /session/329de238260d7602ed1af1352086bef4/element - {"using":"xpath","value":"//*[@id=\"__tile51\"]"}
RESULT: {"using":"xpath","value":"//*[@id=\"__tile51\"]"}
COMMAND: POST /session/329de238260d7602ed1af1352086bef4/element/f.ABBA5987F2E82E58D78C902D9EA41D2B.d.BFC82B1BA6BABAC5B2AC7695359C18B3.e.20088/click - {}
RESULT: {}
COMMAND: GET /session/329de238260d7602ed1af1352086bef4/screenshot - {}
RESULT: {}
COMMAND: POST /session/329de238260d7602ed1af1352086bef4/elements - {"using":"xpath","value":"//span[text()='Error']"}
RESULT: {"using":"xpath","value":"//span[text()='Error']"}
COMMAND: POST /session/329de238260d7602ed1af1352086bef4/execute/async - {"script":"<script> [1562 bytes]","args":[{"selector":{"id":"application-managebillings-display-component---billRunCalcResult--smartFilterBar-btnBasicSearch","interaction":{"idSuffix":"I"}},"wdio_ui5_key":"applicationmanagebillings-display-component---billRunCalcResult--smartFilterBar-btnBasicSearch"}]}
RESULT: {"script":"<script> [1562 bytes]","args":[{"selector":{"id":"application-managebillings-display-component---billRunCalcResult--smartFilterBar-btnBasicSearch","interaction":{"idSuffix":"I"}},"wdio_ui5_key":"applicationmanagebillings-display-component---billRunCalcResult--smartFilterBar-btnBasicSearch"}]}
RESULT: undefined
COMMAND: POST /session/329de238260d7602ed1af1352086bef4/execute/async - {"script":"<script> [776 bytes]","args":[{"enterText":"10388","selector":{"id":"application-managebillings-display-component---billRunCalcResult--smartFilterBar-btnBasicSearch","interaction":{"idSuffix":"I"}},"clearTextFirst":true,"interactionType":"ENTER_TEXT"}]}
RESULT: {"script":"<script> [776 bytes]","args":[{"enterText":"10388","selector":{"id":"application-managebillings-display-component---billRunCalcResult--smartFilterBar-btnBasicSearch","interaction":{"idSuffix":"I"}},"clearTextFirst":true,"interactionType":"ENTER_TEXT"}]}
COMMAND: POST /session/329de238260d7602ed1af1352086bef4/actions - {"actions":[{"id":"action82","type":"key","parameters":{},"actions":[{"type":"keyDown","value":""},{"type":"pause","duration":10},{"type":"keyUp","value":""}]}]}
RESULT: {"actions":[{"id":"action82","type":"key","parameters":{},"actions":[{"type":"keyDown","value":""},{"type":"pause","duration":10},{"type":"keyUp","value":""}]}]}
COMMAND: GET /session/329de238260d7602ed1af1352086bef4/screenshot - {}
RESULT: {}
COMMAND: POST /session/329de238260d7602ed1af1352086bef4/element - {"using":"xpath","value":"//td[@aria-colindex=\"1\"]/div/div[contains(@class, \"sapMCbBg\")]"}
RESULT: {"using":"xpath","value":"//td[@aria-colindex=\"1\"]/div/div[contains(@class, \"sapMCbBg\")]"}
COMMAND: POST /session/329de238260d7602ed1af1352086bef4/element/f.ABBA5987F2E82E58D78C902D9EA41D2B.d.BFC82B1BA6BABAC5B2AC7695359C18B3.e.23960/click - {}
RESULT: {}
COMMAND: GET /session/329de238260d7602ed1af1352086bef4/screenshot - {}
RESULT: {}
COMMAND: POST /session/329de238260d7602ed1af1352086bef4/execute/async - {"script":"<script> [1562 bytes]","args":[{"selector":{"id":"application-managebillings-display-component---billRunCalcResult--contractBillRunDate","interaction":{"idSuffix":"inner"}},"wdio_ui5_key":"applicationmanagebillings-display-component---billRunCalcResult--contractBillRunDate"}]}
RESULT: {"script":"<script> [1562 bytes]","args":[{"selector":{"id":"application-managebillings-display-component---billRunCalcResult--contractBillRunDate","interaction":{"idSuffix":"inner"}},"wdio_ui5_key":"applicationmanagebillings-display-component---billRunCalcResult--contractBillRunDate"}]}
RESULT: undefined
COMMAND: POST /session/329de238260d7602ed1af1352086bef4/execute/async - {"script":"<script> [776 bytes]","args":[{"enterText":"5/29/25","selector":{"id":"application-managebillings-display-component---billRunCalcResult--contractBillRunDate","interaction":{"idSuffix":"inner"}},"clearTextFirst":true,"interactionType":"ENTER_TEXT"}]}
RESULT: {"script":"<script> [776 bytes]","args":[{"enterText":"5/29/25","selector":{"id":"application-managebillings-display-component---billRunCalcResult--contractBillRunDate","interaction":{"idSuffix":"inner"}},"clearTextFirst":true,"interactionType":"ENTER_TEXT"}]}
COMMAND: POST /session/329de238260d7602ed1af1352086bef4/element - {"using":"xpath","value":"//bdi[contains(text(), \"Trigger Calculation\")]"}
RESULT: {"using":"xpath","value":"//bdi[contains(text(), \"Trigger Calculation\")]"}
COMMAND: POST /session/329de238260d7602ed1af1352086bef4/element/f.ABBA5987F2E82E58D78C902D9EA41D2B.d.BFC82B1BA6BABAC5B2AC7695359C18B3.e.24011/click - {}
RESULT: {}
COMMAND: GET /session/329de238260d7602ed1af1352086bef4/screenshot - {}
RESULT: {}
COMMAND: POST /session/329de238260d7602ed1af1352086bef4/element - {"using":"xpath","value":"(//span[contains(@id, \"imgNav\")])[1]"}
RESULT: {"using":"xpath","value":"(//span[contains(@id, \"imgNav\")])[1]"}
COMMAND: POST /session/329de238260d7602ed1af1352086bef4/element/f.ABBA5987F2E82E58D78C902D9EA41D2B.d.BFC82B1BA6BABAC5B2AC7695359C18B3.e.23961/click - {}
RESULT: {}
COMMAND: GET /session/329de238260d7602ed1af1352086bef4/screenshot - {}
RESULT: {}
COMMAND: POST /session/329de238260d7602ed1af1352086bef4/element - {"using":"xpath","value":"//tr/td[6]/div[1]/span[1]/span[1]"}
RESULT: {"using":"xpath","value":"//tr/td[6]/div[1]/span[1]/span[1]"}
COMMAND: GET /session/329de238260d7602ed1af1352086bef4/element/f.ABBA5987F2E82E58D78C902D9EA41D2B.d.BFC82B1BA6BABAC5B2AC7695359C18B3.e.24015/text - {}
RESULT: {}
COMMAND: POST /session/329de238260d7602ed1af1352086bef4/element - {"using":"xpath","value":"(//span[contains(@id, \"imgNav\")])[2]"}
RESULT: {"using":"xpath","value":"(//span[contains(@id, \"imgNav\")])[2]"}
COMMAND: POST /session/329de238260d7602ed1af1352086bef4/element/f.ABBA5987F2E82E58D78C902D9EA41D2B.d.BFC82B1BA6BABAC5B2AC7695359C18B3.e.24016/click - {}
RESULT: {}
COMMAND: POST /session/329de238260d7602ed1af1352086bef4/element - {"using":"xpath","value":"//bdi[contains(text(), \"Business Confirm\")]"}
COMMAND: GET /session/329de238260d7602ed1af1352086bef4/screenshot - {}
RESULT: {"using":"xpath","value":"//bdi[contains(text(), \"Business Confirm\")]"}
COMMAND: POST /session/329de238260d7602ed1af1352086bef4/elements - {"using":"xpath","value":"//bdi[contains(text(), \"Business Confirm\")]"}
RESULT: {}
RESULT: {"using":"xpath","value":"//bdi[contains(text(), \"Business Confirm\")]"}
COMMAND: POST /session/329de238260d7602ed1af1352086bef4/element - {"using":"xpath","value":"//bdi[contains(text(), \"Business Confirm\")]"}
RESULT: {"using":"xpath","value":"//bdi[contains(text(), \"Business Confirm\")]"}
COMMAND: POST /session/329de238260d7602ed1af1352086bef4/element/f.ABBA5987F2E82E58D78C902D9EA41D2B.d.BFC82B1BA6BABAC5B2AC7695359C18B3.e.24019/click - {}
RESULT: {}
COMMAND: POST /session/329de238260d7602ed1af1352086bef4/element - {"using":"css selector","value":"#shell-header-logo"}
COMMAND: GET /session/329de238260d7602ed1af1352086bef4/screenshot - {}
RESULT: {"using":"css selector","value":"#shell-header-logo"}
COMMAND: POST /session/329de238260d7602ed1af1352086bef4/element/f.ABBA5987F2E82E58D78C902D9EA41D2B.d.BFC82B1BA6BABAC5B2AC7695359C18B3.e.23752/click - {}
RESULT: {}
RESULT: {}
COMMAND: GET /session/329de238260d7602ed1af1352086bef4/screenshot - {}
RESULT: {}
]]></system-out>
    </testcase>
    <testcase classname="chrome.136_0_7103_93.windows.Billing_Calculation_-_Time_based_(considering_transport_times)_US139738" name="Should transfer the billing all the way to completion" time="79.639">
      <system-out><![CDATA[
COMMAND: POST /session/329de238260d7602ed1af1352086bef4/execute/async - {"script":"<script> [1562 bytes]","args":[{"selector":{"controlType":"sap.m.GenericTile","properties":{"header":"Billing Transfer"}},"wdio_ui5_key":"sapm.GenericTile{\"header\":\"Billing Transfer\"}"}]}
RESULT: {"script":"<script> [1562 bytes]","args":[{"selector":{"controlType":"sap.m.GenericTile","properties":{"header":"Billing Transfer"}},"wdio_ui5_key":"sapm.GenericTile{\"header\":\"Billing Transfer\"}"}]}
RESULT: undefined
COMMAND: POST /session/329de238260d7602ed1af1352086bef4/element - {"using":"xpath","value":"//*[@id=\"__tile50\"]"}
RESULT: {"using":"xpath","value":"//*[@id=\"__tile50\"]"}
COMMAND: POST /session/329de238260d7602ed1af1352086bef4/element/f.ABBA5987F2E82E58D78C902D9EA41D2B.d.BFC82B1BA6BABAC5B2AC7695359C18B3.e.20086/click - {}
RESULT: {}
COMMAND: GET /session/329de238260d7602ed1af1352086bef4/screenshot - {}
RESULT: {}
COMMAND: POST /session/329de238260d7602ed1af1352086bef4/elements - {"using":"xpath","value":"//span[text()='Error']"}
RESULT: {"using":"xpath","value":"//span[text()='Error']"}
COMMAND: POST /session/329de238260d7602ed1af1352086bef4/element - {"using":"xpath","value":"//input[contains(@id ,\"application-billingtransfer-display-component---billingWorkbench--smartFilterBar-btnBasicSearch\")]"}
RESULT: {"using":"xpath","value":"//input[contains(@id ,\"application-billingtransfer-display-component---billingWorkbench--smartFilterBar-btnBasicSearch\")]"}
COMMAND: POST /session/329de238260d7602ed1af1352086bef4/elements - {"using":"xpath","value":"//input[contains(@id ,\"application-billingtransfer-display-component---billingWorkbench--smartFilterBar-btnBasicSearch\")]"}
RESULT: {"using":"xpath","value":"//input[contains(@id ,\"application-billingtransfer-display-component---billingWorkbench--smartFilterBar-btnBasicSearch\")]"}
COMMAND: POST /session/329de238260d7602ed1af1352086bef4/execute/sync - {"script":"<script> [8489 bytes]","args":[{"element-6066-11e4-a52e-4f735466cecf":"f.ABBA5987F2E82E58D78C902D9EA41D2B.d.BFC82B1BA6BABAC5B2AC7695359C18B3.e.24100","ELEMENT":"f.ABBA5987F2E82E58D78C902D9EA41D2B.d.BFC82B1BA6BABAC5B2AC7695359C18B3.e.24100"}]}
RESULT: {"script":"<script> [8489 bytes]","args":[{"element-6066-11e4-a52e-4f735466cecf":"f.ABBA5987F2E82E58D78C902D9EA41D2B.d.BFC82B1BA6BABAC5B2AC7695359C18B3.e.24100","ELEMENT":"f.ABBA5987F2E82E58D78C902D9EA41D2B.d.BFC82B1BA6BABAC5B2AC7695359C18B3.e.24100"}]}
COMMAND: GET /session/329de238260d7602ed1af1352086bef4/element/f.ABBA5987F2E82E58D78C902D9EA41D2B.d.BFC82B1BA6BABAC5B2AC7695359C18B3.e.24100/enabled - {}
COMMAND: GET /session/329de238260d7602ed1af1352086bef4/screenshot - {}
RESULT: {}
COMMAND: POST /session/329de238260d7602ed1af1352086bef4/element/f.ABBA5987F2E82E58D78C902D9EA41D2B.d.BFC82B1BA6BABAC5B2AC7695359C18B3.e.24100/click - {}
COMMAND: GET /session/329de238260d7602ed1af1352086bef4/screenshot - {}
RESULT: {}
RESULT: {}
COMMAND: GET /session/329de238260d7602ed1af1352086bef4/screenshot - {}
RESULT: {}
RESULT: {}
COMMAND: POST /session/329de238260d7602ed1af1352086bef4/element/f.ABBA5987F2E82E58D78C902D9EA41D2B.d.BFC82B1BA6BABAC5B2AC7695359C18B3.e.24100/clear - {}
RESULT: {}
COMMAND: POST /session/329de238260d7602ed1af1352086bef4/element/f.ABBA5987F2E82E58D78C902D9EA41D2B.d.BFC82B1BA6BABAC5B2AC7695359C18B3.e.24100/value - {"text":"10388"}
COMMAND: GET /session/329de238260d7602ed1af1352086bef4/screenshot - {}
RESULT: {"text":"10388"}
COMMAND: POST /session/329de238260d7602ed1af1352086bef4/actions - {"actions":[{"id":"action83","type":"key","parameters":{},"actions":[{"type":"keyDown","value":""},{"type":"pause","duration":10},{"type":"keyUp","value":""}]}]}
COMMAND: GET /session/329de238260d7602ed1af1352086bef4/screenshot - {}
RESULT: {}
RESULT: {"actions":[{"id":"action83","type":"key","parameters":{},"actions":[{"type":"keyDown","value":""},{"type":"pause","duration":10},{"type":"keyUp","value":""}]}]}
COMMAND: GET /session/329de238260d7602ed1af1352086bef4/screenshot - {}
RESULT: {}
RESULT: {}
COMMAND: POST /session/329de238260d7602ed1af1352086bef4/element - {"using":"xpath","value":"//span[contains(@id ,\"application-billingtransfer-display-component---billingWorkbench--smartTableBillingRuns-header-inner\")]"}
RESULT: {"using":"xpath","value":"//span[contains(@id ,\"application-billingtransfer-display-component---billingWorkbench--smartTableBillingRuns-header-inner\")]"}
COMMAND: POST /session/329de238260d7602ed1af1352086bef4/elements - {"using":"xpath","value":"//span[contains(@id ,\"application-billingtransfer-display-component---billingWorkbench--smartTableBillingRuns-header-inner\")]"}
RESULT: {"using":"xpath","value":"//span[contains(@id ,\"application-billingtransfer-display-component---billingWorkbench--smartTableBillingRuns-header-inner\")]"}
COMMAND: POST /session/329de238260d7602ed1af1352086bef4/execute/sync - {"script":"<script> [56 bytes]","args":[{"element-6066-11e4-a52e-4f735466cecf":"f.ABBA5987F2E82E58D78C902D9EA41D2B.d.BFC82B1BA6BABAC5B2AC7695359C18B3.e.24479","ELEMENT":"f.ABBA5987F2E82E58D78C902D9EA41D2B.d.BFC82B1BA6BABAC5B2AC7695359C18B3.e.24479"}]}
RESULT: {"script":"<script> [56 bytes]","args":[{"element-6066-11e4-a52e-4f735466cecf":"f.ABBA5987F2E82E58D78C902D9EA41D2B.d.BFC82B1BA6BABAC5B2AC7695359C18B3.e.24479","ELEMENT":"f.ABBA5987F2E82E58D78C902D9EA41D2B.d.BFC82B1BA6BABAC5B2AC7695359C18B3.e.24479"}]}
COMMAND: POST /session/329de238260d7602ed1af1352086bef4/element - {"using":"xpath","value":"//td[@aria-colindex=\"1\"]/div/div[contains(@class, \"sapMCbBg\")]"}
COMMAND: GET /session/329de238260d7602ed1af1352086bef4/screenshot - {}
RESULT: {"using":"xpath","value":"//td[@aria-colindex=\"1\"]/div/div[contains(@class, \"sapMCbBg\")]"}
COMMAND: POST /session/329de238260d7602ed1af1352086bef4/element/f.ABBA5987F2E82E58D78C902D9EA41D2B.d.BFC82B1BA6BABAC5B2AC7695359C18B3.e.24473/click - {}
RESULT: {}
RESULT: {}
COMMAND: GET /session/329de238260d7602ed1af1352086bef4/screenshot - {}
RESULT: {}
COMMAND: POST /session/329de238260d7602ed1af1352086bef4/element - {"using":"xpath","value":"//bdi[contains(text(), \"Check\")]"}
RESULT: {"using":"xpath","value":"//bdi[contains(text(), \"Check\")]"}
COMMAND: POST /session/329de238260d7602ed1af1352086bef4/element/f.ABBA5987F2E82E58D78C902D9EA41D2B.d.BFC82B1BA6BABAC5B2AC7695359C18B3.e.24480/click - {}
RESULT: {}
COMMAND: GET /session/329de238260d7602ed1af1352086bef4/screenshot - {}
RESULT: {}
COMMAND: POST /session/329de238260d7602ed1af1352086bef4/element - {"using":"xpath","value":"//bdi[contains(text(), \"OK\")]"}
RESULT: {"using":"xpath","value":"//bdi[contains(text(), \"OK\")]"}
COMMAND: POST /session/329de238260d7602ed1af1352086bef4/element/f.ABBA5987F2E82E58D78C902D9EA41D2B.d.BFC82B1BA6BABAC5B2AC7695359C18B3.e.24483/click - {}
RESULT: {}
COMMAND: GET /session/329de238260d7602ed1af1352086bef4/screenshot - {}
RESULT: {}
COMMAND: POST /session/329de238260d7602ed1af1352086bef4/element - {"using":"xpath","value":"(//span[contains(text(), \"CO/SD checked\")]/parent::div/preceding-sibling::div/span)[1]"}
RESULT: {"using":"xpath","value":"(//span[contains(text(), \"CO/SD checked\")]/parent::div/preceding-sibling::div/span)[1]"}
COMMAND: POST /session/329de238260d7602ed1af1352086bef4/element/f.ABBA5987F2E82E58D78C902D9EA41D2B.d.BFC82B1BA6BABAC5B2AC7695359C18B3.e.24492/click - {}
RESULT: {}
COMMAND: GET /session/329de238260d7602ed1af1352086bef4/screenshot - {}
RESULT: {}
COMMAND: POST /session/329de238260d7602ed1af1352086bef4/element - {"using":"xpath","value":"//input[contains(@id ,\"application-billingtransfer-display-component---billingWorkbench--smartFilterBar-btnBasicSearch\")]"}
RESULT: {"using":"xpath","value":"//input[contains(@id ,\"application-billingtransfer-display-component---billingWorkbench--smartFilterBar-btnBasicSearch\")]"}
COMMAND: POST /session/329de238260d7602ed1af1352086bef4/elements - {"using":"xpath","value":"//input[contains(@id ,\"application-billingtransfer-display-component---billingWorkbench--smartFilterBar-btnBasicSearch\")]"}
RESULT: {"using":"xpath","value":"//input[contains(@id ,\"application-billingtransfer-display-component---billingWorkbench--smartFilterBar-btnBasicSearch\")]"}
COMMAND: POST /session/329de238260d7602ed1af1352086bef4/execute/sync - {"script":"<script> [8489 bytes]","args":[{"element-6066-11e4-a52e-4f735466cecf":"f.ABBA5987F2E82E58D78C902D9EA41D2B.d.BFC82B1BA6BABAC5B2AC7695359C18B3.e.24100","ELEMENT":"f.ABBA5987F2E82E58D78C902D9EA41D2B.d.BFC82B1BA6BABAC5B2AC7695359C18B3.e.24100"}]}
RESULT: {"script":"<script> [8489 bytes]","args":[{"element-6066-11e4-a52e-4f735466cecf":"f.ABBA5987F2E82E58D78C902D9EA41D2B.d.BFC82B1BA6BABAC5B2AC7695359C18B3.e.24100","ELEMENT":"f.ABBA5987F2E82E58D78C902D9EA41D2B.d.BFC82B1BA6BABAC5B2AC7695359C18B3.e.24100"}]}
COMMAND: GET /session/329de238260d7602ed1af1352086bef4/element/f.ABBA5987F2E82E58D78C902D9EA41D2B.d.BFC82B1BA6BABAC5B2AC7695359C18B3.e.24100/enabled - {}
COMMAND: GET /session/329de238260d7602ed1af1352086bef4/screenshot - {}
RESULT: {}
COMMAND: POST /session/329de238260d7602ed1af1352086bef4/element/f.ABBA5987F2E82E58D78C902D9EA41D2B.d.BFC82B1BA6BABAC5B2AC7695359C18B3.e.24100/click - {}
COMMAND: GET /session/329de238260d7602ed1af1352086bef4/screenshot - {}
RESULT: {}
RESULT: {}
COMMAND: GET /session/329de238260d7602ed1af1352086bef4/screenshot - {}
RESULT: {}
RESULT: {}
COMMAND: POST /session/329de238260d7602ed1af1352086bef4/element/f.ABBA5987F2E82E58D78C902D9EA41D2B.d.BFC82B1BA6BABAC5B2AC7695359C18B3.e.24100/clear - {}
RESULT: {}
COMMAND: POST /session/329de238260d7602ed1af1352086bef4/element/f.ABBA5987F2E82E58D78C902D9EA41D2B.d.BFC82B1BA6BABAC5B2AC7695359C18B3.e.24100/value - {"text":"10388"}
COMMAND: GET /session/329de238260d7602ed1af1352086bef4/screenshot - {}
RESULT: {"text":"10388"}
COMMAND: POST /session/329de238260d7602ed1af1352086bef4/actions - {"actions":[{"id":"action84","type":"key","parameters":{},"actions":[{"type":"keyDown","value":""},{"type":"pause","duration":10},{"type":"keyUp","value":""}]}]}
COMMAND: GET /session/329de238260d7602ed1af1352086bef4/screenshot - {}
RESULT: {}
RESULT: {"actions":[{"id":"action84","type":"key","parameters":{},"actions":[{"type":"keyDown","value":""},{"type":"pause","duration":10},{"type":"keyUp","value":""}]}]}
COMMAND: GET /session/329de238260d7602ed1af1352086bef4/screenshot - {}
RESULT: {}
RESULT: {}
COMMAND: POST /session/329de238260d7602ed1af1352086bef4/element - {"using":"xpath","value":"//span[contains(@id ,\"application-billingtransfer-display-component---billingWorkbench--smartTableBillingRuns-header-inner\")]"}
RESULT: {"using":"xpath","value":"//span[contains(@id ,\"application-billingtransfer-display-component---billingWorkbench--smartTableBillingRuns-header-inner\")]"}
COMMAND: POST /session/329de238260d7602ed1af1352086bef4/elements - {"using":"xpath","value":"//span[contains(@id ,\"application-billingtransfer-display-component---billingWorkbench--smartTableBillingRuns-header-inner\")]"}
RESULT: {"using":"xpath","value":"//span[contains(@id ,\"application-billingtransfer-display-component---billingWorkbench--smartTableBillingRuns-header-inner\")]"}
COMMAND: POST /session/329de238260d7602ed1af1352086bef4/execute/sync - {"script":"<script> [56 bytes]","args":[{"element-6066-11e4-a52e-4f735466cecf":"f.ABBA5987F2E82E58D78C902D9EA41D2B.d.BFC82B1BA6BABAC5B2AC7695359C18B3.e.24479","ELEMENT":"f.ABBA5987F2E82E58D78C902D9EA41D2B.d.BFC82B1BA6BABAC5B2AC7695359C18B3.e.24479"}]}
RESULT: {"script":"<script> [56 bytes]","args":[{"element-6066-11e4-a52e-4f735466cecf":"f.ABBA5987F2E82E58D78C902D9EA41D2B.d.BFC82B1BA6BABAC5B2AC7695359C18B3.e.24479","ELEMENT":"f.ABBA5987F2E82E58D78C902D9EA41D2B.d.BFC82B1BA6BABAC5B2AC7695359C18B3.e.24479"}]}
COMMAND: POST /session/329de238260d7602ed1af1352086bef4/element - {"using":"xpath","value":"//td[@aria-colindex=\"1\"]/div/div[contains(@class, \"sapMCbBg\")]"}
COMMAND: GET /session/329de238260d7602ed1af1352086bef4/screenshot - {}
RESULT: {"using":"xpath","value":"//td[@aria-colindex=\"1\"]/div/div[contains(@class, \"sapMCbBg\")]"}
COMMAND: POST /session/329de238260d7602ed1af1352086bef4/element/f.ABBA5987F2E82E58D78C902D9EA41D2B.d.BFC82B1BA6BABAC5B2AC7695359C18B3.e.24495/click - {}
RESULT: {}
RESULT: {}
COMMAND: GET /session/329de238260d7602ed1af1352086bef4/screenshot - {}
RESULT: {}
COMMAND: POST /session/329de238260d7602ed1af1352086bef4/element - {"using":"xpath","value":"//bdi[text()=\"Transfer\"]"}
RESULT: {"using":"xpath","value":"//bdi[text()=\"Transfer\"]"}
COMMAND: POST /session/329de238260d7602ed1af1352086bef4/element/f.ABBA5987F2E82E58D78C902D9EA41D2B.d.BFC82B1BA6BABAC5B2AC7695359C18B3.e.24496/click - {}
RESULT: {}
COMMAND: GET /session/329de238260d7602ed1af1352086bef4/screenshot - {}
RESULT: {}
COMMAND: POST /session/329de238260d7602ed1af1352086bef4/element - {"using":"xpath","value":"//bdi[contains(text(), \"OK\")]"}
RESULT: {"using":"xpath","value":"//bdi[contains(text(), \"OK\")]"}
COMMAND: POST /session/329de238260d7602ed1af1352086bef4/element/f.ABBA5987F2E82E58D78C902D9EA41D2B.d.BFC82B1BA6BABAC5B2AC7695359C18B3.e.24499/click - {}
RESULT: {}
COMMAND: GET /session/329de238260d7602ed1af1352086bef4/screenshot - {}
RESULT: {}
COMMAND: POST /session/329de238260d7602ed1af1352086bef4/element - {"using":"xpath","value":"(//span[contains(text(), \"Completed\")]/parent::div/preceding-sibling::div/span)[1]"}
RESULT: {"using":"xpath","value":"(//span[contains(text(), \"Completed\")]/parent::div/preceding-sibling::div/span)[1]"}
COMMAND: POST /session/329de238260d7602ed1af1352086bef4/element/f.ABBA5987F2E82E58D78C902D9EA41D2B.d.BFC82B1BA6BABAC5B2AC7695359C18B3.e.24507/click - {}
RESULT: {}
COMMAND: POST /session/329de238260d7602ed1af1352086bef4/element - {"using":"xpath","value":"//input[contains(@id ,\"application-billingtransfer-display-component---billingWorkbench--smartFilterBar-btnBasicSearch\")]"}
COMMAND: GET /session/329de238260d7602ed1af1352086bef4/screenshot - {}
RESULT: {"using":"xpath","value":"//input[contains(@id ,\"application-billingtransfer-display-component---billingWorkbench--smartFilterBar-btnBasicSearch\")]"}
COMMAND: POST /session/329de238260d7602ed1af1352086bef4/elements - {"using":"xpath","value":"//input[contains(@id ,\"application-billingtransfer-display-component---billingWorkbench--smartFilterBar-btnBasicSearch\")]"}
RESULT: {}
RESULT: {"using":"xpath","value":"//input[contains(@id ,\"application-billingtransfer-display-component---billingWorkbench--smartFilterBar-btnBasicSearch\")]"}
COMMAND: POST /session/329de238260d7602ed1af1352086bef4/execute/sync - {"script":"<script> [8489 bytes]","args":[{"element-6066-11e4-a52e-4f735466cecf":"f.ABBA5987F2E82E58D78C902D9EA41D2B.d.BFC82B1BA6BABAC5B2AC7695359C18B3.e.24100","ELEMENT":"f.ABBA5987F2E82E58D78C902D9EA41D2B.d.BFC82B1BA6BABAC5B2AC7695359C18B3.e.24100"}]}
RESULT: {"script":"<script> [8489 bytes]","args":[{"element-6066-11e4-a52e-4f735466cecf":"f.ABBA5987F2E82E58D78C902D9EA41D2B.d.BFC82B1BA6BABAC5B2AC7695359C18B3.e.24100","ELEMENT":"f.ABBA5987F2E82E58D78C902D9EA41D2B.d.BFC82B1BA6BABAC5B2AC7695359C18B3.e.24100"}]}
COMMAND: GET /session/329de238260d7602ed1af1352086bef4/element/f.ABBA5987F2E82E58D78C902D9EA41D2B.d.BFC82B1BA6BABAC5B2AC7695359C18B3.e.24100/enabled - {}
COMMAND: GET /session/329de238260d7602ed1af1352086bef4/screenshot - {}
RESULT: {}
COMMAND: POST /session/329de238260d7602ed1af1352086bef4/element/f.ABBA5987F2E82E58D78C902D9EA41D2B.d.BFC82B1BA6BABAC5B2AC7695359C18B3.e.24100/click - {}
COMMAND: GET /session/329de238260d7602ed1af1352086bef4/screenshot - {}
RESULT: {}
RESULT: {}
COMMAND: GET /session/329de238260d7602ed1af1352086bef4/screenshot - {}
RESULT: {}
RESULT: {}
COMMAND: POST /session/329de238260d7602ed1af1352086bef4/element/f.ABBA5987F2E82E58D78C902D9EA41D2B.d.BFC82B1BA6BABAC5B2AC7695359C18B3.e.24100/clear - {}
RESULT: {}
COMMAND: POST /session/329de238260d7602ed1af1352086bef4/element/f.ABBA5987F2E82E58D78C902D9EA41D2B.d.BFC82B1BA6BABAC5B2AC7695359C18B3.e.24100/value - {"text":"10388"}
COMMAND: GET /session/329de238260d7602ed1af1352086bef4/screenshot - {}
RESULT: {"text":"10388"}
COMMAND: POST /session/329de238260d7602ed1af1352086bef4/actions - {"actions":[{"id":"action85","type":"key","parameters":{},"actions":[{"type":"keyDown","value":""},{"type":"pause","duration":10},{"type":"keyUp","value":""}]}]}
COMMAND: GET /session/329de238260d7602ed1af1352086bef4/screenshot - {}
RESULT: {}
RESULT: {"actions":[{"id":"action85","type":"key","parameters":{},"actions":[{"type":"keyDown","value":""},{"type":"pause","duration":10},{"type":"keyUp","value":""}]}]}
COMMAND: GET /session/329de238260d7602ed1af1352086bef4/screenshot - {}
RESULT: {}
RESULT: {}
COMMAND: POST /session/329de238260d7602ed1af1352086bef4/element - {"using":"xpath","value":"//span[contains(@id ,\"application-billingtransfer-display-component---billingWorkbench--smartTableBillingRuns-header-inner\")]"}
RESULT: {"using":"xpath","value":"//span[contains(@id ,\"application-billingtransfer-display-component---billingWorkbench--smartTableBillingRuns-header-inner\")]"}
COMMAND: POST /session/329de238260d7602ed1af1352086bef4/elements - {"using":"xpath","value":"//span[contains(@id ,\"application-billingtransfer-display-component---billingWorkbench--smartTableBillingRuns-header-inner\")]"}
RESULT: {"using":"xpath","value":"//span[contains(@id ,\"application-billingtransfer-display-component---billingWorkbench--smartTableBillingRuns-header-inner\")]"}
COMMAND: POST /session/329de238260d7602ed1af1352086bef4/execute/sync - {"script":"<script> [56 bytes]","args":[{"element-6066-11e4-a52e-4f735466cecf":"f.ABBA5987F2E82E58D78C902D9EA41D2B.d.BFC82B1BA6BABAC5B2AC7695359C18B3.e.24479","ELEMENT":"f.ABBA5987F2E82E58D78C902D9EA41D2B.d.BFC82B1BA6BABAC5B2AC7695359C18B3.e.24479"}]}
RESULT: {"script":"<script> [56 bytes]","args":[{"element-6066-11e4-a52e-4f735466cecf":"f.ABBA5987F2E82E58D78C902D9EA41D2B.d.BFC82B1BA6BABAC5B2AC7695359C18B3.e.24479","ELEMENT":"f.ABBA5987F2E82E58D78C902D9EA41D2B.d.BFC82B1BA6BABAC5B2AC7695359C18B3.e.24479"}]}
COMMAND: GET /session/329de238260d7602ed1af1352086bef4/screenshot - {}
RESULT: {}
COMMAND: POST /session/329de238260d7602ed1af1352086bef4/execute/sync - {"script":"<script> [56 bytes]","args":[{"element-6066-11e4-a52e-4f735466cecf":"f.ABBA5987F2E82E58D78C902D9EA41D2B.d.BFC82B1BA6BABAC5B2AC7695359C18B3.e.24479","ELEMENT":"f.ABBA5987F2E82E58D78C902D9EA41D2B.d.BFC82B1BA6BABAC5B2AC7695359C18B3.e.24479"}]}
RESULT: {"script":"<script> [56 bytes]","args":[{"element-6066-11e4-a52e-4f735466cecf":"f.ABBA5987F2E82E58D78C902D9EA41D2B.d.BFC82B1BA6BABAC5B2AC7695359C18B3.e.24479","ELEMENT":"f.ABBA5987F2E82E58D78C902D9EA41D2B.d.BFC82B1BA6BABAC5B2AC7695359C18B3.e.24479"}]}
COMMAND: GET /session/329de238260d7602ed1af1352086bef4/screenshot - {}
RESULT: {}
COMMAND: POST /session/329de238260d7602ed1af1352086bef4/execute/sync - {"script":"<script> [56 bytes]","args":[{"element-6066-11e4-a52e-4f735466cecf":"f.ABBA5987F2E82E58D78C902D9EA41D2B.d.BFC82B1BA6BABAC5B2AC7695359C18B3.e.24479","ELEMENT":"f.ABBA5987F2E82E58D78C902D9EA41D2B.d.BFC82B1BA6BABAC5B2AC7695359C18B3.e.24479"}]}
RESULT: {"script":"<script> [56 bytes]","args":[{"element-6066-11e4-a52e-4f735466cecf":"f.ABBA5987F2E82E58D78C902D9EA41D2B.d.BFC82B1BA6BABAC5B2AC7695359C18B3.e.24479","ELEMENT":"f.ABBA5987F2E82E58D78C902D9EA41D2B.d.BFC82B1BA6BABAC5B2AC7695359C18B3.e.24479"}]}
COMMAND: GET /session/329de238260d7602ed1af1352086bef4/screenshot - {}
RESULT: {}
COMMAND: POST /session/329de238260d7602ed1af1352086bef4/execute/sync - {"script":"<script> [56 bytes]","args":[{"element-6066-11e4-a52e-4f735466cecf":"f.ABBA5987F2E82E58D78C902D9EA41D2B.d.BFC82B1BA6BABAC5B2AC7695359C18B3.e.24479","ELEMENT":"f.ABBA5987F2E82E58D78C902D9EA41D2B.d.BFC82B1BA6BABAC5B2AC7695359C18B3.e.24479"}]}
RESULT: {"script":"<script> [56 bytes]","args":[{"element-6066-11e4-a52e-4f735466cecf":"f.ABBA5987F2E82E58D78C902D9EA41D2B.d.BFC82B1BA6BABAC5B2AC7695359C18B3.e.24479","ELEMENT":"f.ABBA5987F2E82E58D78C902D9EA41D2B.d.BFC82B1BA6BABAC5B2AC7695359C18B3.e.24479"}]}
COMMAND: GET /session/329de238260d7602ed1af1352086bef4/screenshot - {}
RESULT: {}
COMMAND: POST /session/329de238260d7602ed1af1352086bef4/execute/sync - {"script":"<script> [56 bytes]","args":[{"element-6066-11e4-a52e-4f735466cecf":"f.ABBA5987F2E82E58D78C902D9EA41D2B.d.BFC82B1BA6BABAC5B2AC7695359C18B3.e.24479","ELEMENT":"f.ABBA5987F2E82E58D78C902D9EA41D2B.d.BFC82B1BA6BABAC5B2AC7695359C18B3.e.24479"}]}
RESULT: {"script":"<script> [56 bytes]","args":[{"element-6066-11e4-a52e-4f735466cecf":"f.ABBA5987F2E82E58D78C902D9EA41D2B.d.BFC82B1BA6BABAC5B2AC7695359C18B3.e.24479","ELEMENT":"f.ABBA5987F2E82E58D78C902D9EA41D2B.d.BFC82B1BA6BABAC5B2AC7695359C18B3.e.24479"}]}
COMMAND: GET /session/329de238260d7602ed1af1352086bef4/screenshot - {}
RESULT: {}
COMMAND: POST /session/329de238260d7602ed1af1352086bef4/execute/sync - {"script":"<script> [56 bytes]","args":[{"element-6066-11e4-a52e-4f735466cecf":"f.ABBA5987F2E82E58D78C902D9EA41D2B.d.BFC82B1BA6BABAC5B2AC7695359C18B3.e.24479","ELEMENT":"f.ABBA5987F2E82E58D78C902D9EA41D2B.d.BFC82B1BA6BABAC5B2AC7695359C18B3.e.24479"}]}
RESULT: {"script":"<script> [56 bytes]","args":[{"element-6066-11e4-a52e-4f735466cecf":"f.ABBA5987F2E82E58D78C902D9EA41D2B.d.BFC82B1BA6BABAC5B2AC7695359C18B3.e.24479","ELEMENT":"f.ABBA5987F2E82E58D78C902D9EA41D2B.d.BFC82B1BA6BABAC5B2AC7695359C18B3.e.24479"}]}
COMMAND: GET /session/329de238260d7602ed1af1352086bef4/screenshot - {}
RESULT: {}
COMMAND: POST /session/329de238260d7602ed1af1352086bef4/execute/sync - {"script":"<script> [56 bytes]","args":[{"element-6066-11e4-a52e-4f735466cecf":"f.ABBA5987F2E82E58D78C902D9EA41D2B.d.BFC82B1BA6BABAC5B2AC7695359C18B3.e.24479","ELEMENT":"f.ABBA5987F2E82E58D78C902D9EA41D2B.d.BFC82B1BA6BABAC5B2AC7695359C18B3.e.24479"}]}
RESULT: {"script":"<script> [56 bytes]","args":[{"element-6066-11e4-a52e-4f735466cecf":"f.ABBA5987F2E82E58D78C902D9EA41D2B.d.BFC82B1BA6BABAC5B2AC7695359C18B3.e.24479","ELEMENT":"f.ABBA5987F2E82E58D78C902D9EA41D2B.d.BFC82B1BA6BABAC5B2AC7695359C18B3.e.24479"}]}
COMMAND: GET /session/329de238260d7602ed1af1352086bef4/screenshot - {}
RESULT: {}
COMMAND: POST /session/329de238260d7602ed1af1352086bef4/execute/sync - {"script":"<script> [56 bytes]","args":[{"element-6066-11e4-a52e-4f735466cecf":"f.ABBA5987F2E82E58D78C902D9EA41D2B.d.BFC82B1BA6BABAC5B2AC7695359C18B3.e.24479","ELEMENT":"f.ABBA5987F2E82E58D78C902D9EA41D2B.d.BFC82B1BA6BABAC5B2AC7695359C18B3.e.24479"}]}
RESULT: {"script":"<script> [56 bytes]","args":[{"element-6066-11e4-a52e-4f735466cecf":"f.ABBA5987F2E82E58D78C902D9EA41D2B.d.BFC82B1BA6BABAC5B2AC7695359C18B3.e.24479","ELEMENT":"f.ABBA5987F2E82E58D78C902D9EA41D2B.d.BFC82B1BA6BABAC5B2AC7695359C18B3.e.24479"}]}
COMMAND: GET /session/329de238260d7602ed1af1352086bef4/screenshot - {}
RESULT: {}
COMMAND: POST /session/329de238260d7602ed1af1352086bef4/execute/sync - {"script":"<script> [56 bytes]","args":[{"element-6066-11e4-a52e-4f735466cecf":"f.ABBA5987F2E82E58D78C902D9EA41D2B.d.BFC82B1BA6BABAC5B2AC7695359C18B3.e.24479","ELEMENT":"f.ABBA5987F2E82E58D78C902D9EA41D2B.d.BFC82B1BA6BABAC5B2AC7695359C18B3.e.24479"}]}
RESULT: {"script":"<script> [56 bytes]","args":[{"element-6066-11e4-a52e-4f735466cecf":"f.ABBA5987F2E82E58D78C902D9EA41D2B.d.BFC82B1BA6BABAC5B2AC7695359C18B3.e.24479","ELEMENT":"f.ABBA5987F2E82E58D78C902D9EA41D2B.d.BFC82B1BA6BABAC5B2AC7695359C18B3.e.24479"}]}
COMMAND: GET /session/329de238260d7602ed1af1352086bef4/screenshot - {}
RESULT: {}
COMMAND: POST /session/329de238260d7602ed1af1352086bef4/execute/sync - {"script":"<script> [56 bytes]","args":[{"element-6066-11e4-a52e-4f735466cecf":"f.ABBA5987F2E82E58D78C902D9EA41D2B.d.BFC82B1BA6BABAC5B2AC7695359C18B3.e.24479","ELEMENT":"f.ABBA5987F2E82E58D78C902D9EA41D2B.d.BFC82B1BA6BABAC5B2AC7695359C18B3.e.24479"}]}
RESULT: {"script":"<script> [56 bytes]","args":[{"element-6066-11e4-a52e-4f735466cecf":"f.ABBA5987F2E82E58D78C902D9EA41D2B.d.BFC82B1BA6BABAC5B2AC7695359C18B3.e.24479","ELEMENT":"f.ABBA5987F2E82E58D78C902D9EA41D2B.d.BFC82B1BA6BABAC5B2AC7695359C18B3.e.24479"}]}
COMMAND: GET /session/329de238260d7602ed1af1352086bef4/screenshot - {}
RESULT: {}
COMMAND: POST /session/329de238260d7602ed1af1352086bef4/execute/sync - {"script":"<script> [56 bytes]","args":[{"element-6066-11e4-a52e-4f735466cecf":"f.ABBA5987F2E82E58D78C902D9EA41D2B.d.BFC82B1BA6BABAC5B2AC7695359C18B3.e.24479","ELEMENT":"f.ABBA5987F2E82E58D78C902D9EA41D2B.d.BFC82B1BA6BABAC5B2AC7695359C18B3.e.24479"}]}
RESULT: {"script":"<script> [56 bytes]","args":[{"element-6066-11e4-a52e-4f735466cecf":"f.ABBA5987F2E82E58D78C902D9EA41D2B.d.BFC82B1BA6BABAC5B2AC7695359C18B3.e.24479","ELEMENT":"f.ABBA5987F2E82E58D78C902D9EA41D2B.d.BFC82B1BA6BABAC5B2AC7695359C18B3.e.24479"}]}
COMMAND: GET /session/329de238260d7602ed1af1352086bef4/screenshot - {}
RESULT: {}
COMMAND: POST /session/329de238260d7602ed1af1352086bef4/execute/sync - {"script":"<script> [56 bytes]","args":[{"element-6066-11e4-a52e-4f735466cecf":"f.ABBA5987F2E82E58D78C902D9EA41D2B.d.BFC82B1BA6BABAC5B2AC7695359C18B3.e.24479","ELEMENT":"f.ABBA5987F2E82E58D78C902D9EA41D2B.d.BFC82B1BA6BABAC5B2AC7695359C18B3.e.24479"}]}
RESULT: {"script":"<script> [56 bytes]","args":[{"element-6066-11e4-a52e-4f735466cecf":"f.ABBA5987F2E82E58D78C902D9EA41D2B.d.BFC82B1BA6BABAC5B2AC7695359C18B3.e.24479","ELEMENT":"f.ABBA5987F2E82E58D78C902D9EA41D2B.d.BFC82B1BA6BABAC5B2AC7695359C18B3.e.24479"}]}
COMMAND: GET /session/329de238260d7602ed1af1352086bef4/screenshot - {}
RESULT: {}
COMMAND: POST /session/329de238260d7602ed1af1352086bef4/execute/sync - {"script":"<script> [56 bytes]","args":[{"element-6066-11e4-a52e-4f735466cecf":"f.ABBA5987F2E82E58D78C902D9EA41D2B.d.BFC82B1BA6BABAC5B2AC7695359C18B3.e.24479","ELEMENT":"f.ABBA5987F2E82E58D78C902D9EA41D2B.d.BFC82B1BA6BABAC5B2AC7695359C18B3.e.24479"}]}
RESULT: {"script":"<script> [56 bytes]","args":[{"element-6066-11e4-a52e-4f735466cecf":"f.ABBA5987F2E82E58D78C902D9EA41D2B.d.BFC82B1BA6BABAC5B2AC7695359C18B3.e.24479","ELEMENT":"f.ABBA5987F2E82E58D78C902D9EA41D2B.d.BFC82B1BA6BABAC5B2AC7695359C18B3.e.24479"}]}
COMMAND: GET /session/329de238260d7602ed1af1352086bef4/screenshot - {}
RESULT: {}
COMMAND: POST /session/329de238260d7602ed1af1352086bef4/execute/sync - {"script":"<script> [56 bytes]","args":[{"element-6066-11e4-a52e-4f735466cecf":"f.ABBA5987F2E82E58D78C902D9EA41D2B.d.BFC82B1BA6BABAC5B2AC7695359C18B3.e.24479","ELEMENT":"f.ABBA5987F2E82E58D78C902D9EA41D2B.d.BFC82B1BA6BABAC5B2AC7695359C18B3.e.24479"}]}
RESULT: {"script":"<script> [56 bytes]","args":[{"element-6066-11e4-a52e-4f735466cecf":"f.ABBA5987F2E82E58D78C902D9EA41D2B.d.BFC82B1BA6BABAC5B2AC7695359C18B3.e.24479","ELEMENT":"f.ABBA5987F2E82E58D78C902D9EA41D2B.d.BFC82B1BA6BABAC5B2AC7695359C18B3.e.24479"}]}
COMMAND: GET /session/329de238260d7602ed1af1352086bef4/screenshot - {}
RESULT: {}
COMMAND: POST /session/329de238260d7602ed1af1352086bef4/execute/sync - {"script":"<script> [56 bytes]","args":[{"element-6066-11e4-a52e-4f735466cecf":"f.ABBA5987F2E82E58D78C902D9EA41D2B.d.BFC82B1BA6BABAC5B2AC7695359C18B3.e.24479","ELEMENT":"f.ABBA5987F2E82E58D78C902D9EA41D2B.d.BFC82B1BA6BABAC5B2AC7695359C18B3.e.24479"}]}
RESULT: {"script":"<script> [56 bytes]","args":[{"element-6066-11e4-a52e-4f735466cecf":"f.ABBA5987F2E82E58D78C902D9EA41D2B.d.BFC82B1BA6BABAC5B2AC7695359C18B3.e.24479","ELEMENT":"f.ABBA5987F2E82E58D78C902D9EA41D2B.d.BFC82B1BA6BABAC5B2AC7695359C18B3.e.24479"}]}
COMMAND: GET /session/329de238260d7602ed1af1352086bef4/screenshot - {}
RESULT: {}
COMMAND: POST /session/329de238260d7602ed1af1352086bef4/execute/sync - {"script":"<script> [56 bytes]","args":[{"element-6066-11e4-a52e-4f735466cecf":"f.ABBA5987F2E82E58D78C902D9EA41D2B.d.BFC82B1BA6BABAC5B2AC7695359C18B3.e.24479","ELEMENT":"f.ABBA5987F2E82E58D78C902D9EA41D2B.d.BFC82B1BA6BABAC5B2AC7695359C18B3.e.24479"}]}
RESULT: {"script":"<script> [56 bytes]","args":[{"element-6066-11e4-a52e-4f735466cecf":"f.ABBA5987F2E82E58D78C902D9EA41D2B.d.BFC82B1BA6BABAC5B2AC7695359C18B3.e.24479","ELEMENT":"f.ABBA5987F2E82E58D78C902D9EA41D2B.d.BFC82B1BA6BABAC5B2AC7695359C18B3.e.24479"}]}
COMMAND: GET /session/329de238260d7602ed1af1352086bef4/screenshot - {}
RESULT: {}
COMMAND: POST /session/329de238260d7602ed1af1352086bef4/execute/sync - {"script":"<script> [56 bytes]","args":[{"element-6066-11e4-a52e-4f735466cecf":"f.ABBA5987F2E82E58D78C902D9EA41D2B.d.BFC82B1BA6BABAC5B2AC7695359C18B3.e.24479","ELEMENT":"f.ABBA5987F2E82E58D78C902D9EA41D2B.d.BFC82B1BA6BABAC5B2AC7695359C18B3.e.24479"}]}
RESULT: {"script":"<script> [56 bytes]","args":[{"element-6066-11e4-a52e-4f735466cecf":"f.ABBA5987F2E82E58D78C902D9EA41D2B.d.BFC82B1BA6BABAC5B2AC7695359C18B3.e.24479","ELEMENT":"f.ABBA5987F2E82E58D78C902D9EA41D2B.d.BFC82B1BA6BABAC5B2AC7695359C18B3.e.24479"}]}
COMMAND: GET /session/329de238260d7602ed1af1352086bef4/screenshot - {}
RESULT: {}
COMMAND: POST /session/329de238260d7602ed1af1352086bef4/execute/sync - {"script":"<script> [56 bytes]","args":[{"element-6066-11e4-a52e-4f735466cecf":"f.ABBA5987F2E82E58D78C902D9EA41D2B.d.BFC82B1BA6BABAC5B2AC7695359C18B3.e.24479","ELEMENT":"f.ABBA5987F2E82E58D78C902D9EA41D2B.d.BFC82B1BA6BABAC5B2AC7695359C18B3.e.24479"}]}
RESULT: {"script":"<script> [56 bytes]","args":[{"element-6066-11e4-a52e-4f735466cecf":"f.ABBA5987F2E82E58D78C902D9EA41D2B.d.BFC82B1BA6BABAC5B2AC7695359C18B3.e.24479","ELEMENT":"f.ABBA5987F2E82E58D78C902D9EA41D2B.d.BFC82B1BA6BABAC5B2AC7695359C18B3.e.24479"}]}
COMMAND: GET /session/329de238260d7602ed1af1352086bef4/screenshot - {}
RESULT: {}
COMMAND: POST /session/329de238260d7602ed1af1352086bef4/execute/sync - {"script":"<script> [56 bytes]","args":[{"element-6066-11e4-a52e-4f735466cecf":"f.ABBA5987F2E82E58D78C902D9EA41D2B.d.BFC82B1BA6BABAC5B2AC7695359C18B3.e.24479","ELEMENT":"f.ABBA5987F2E82E58D78C902D9EA41D2B.d.BFC82B1BA6BABAC5B2AC7695359C18B3.e.24479"}]}
RESULT: {"script":"<script> [56 bytes]","args":[{"element-6066-11e4-a52e-4f735466cecf":"f.ABBA5987F2E82E58D78C902D9EA41D2B.d.BFC82B1BA6BABAC5B2AC7695359C18B3.e.24479","ELEMENT":"f.ABBA5987F2E82E58D78C902D9EA41D2B.d.BFC82B1BA6BABAC5B2AC7695359C18B3.e.24479"}]}
COMMAND: GET /session/329de238260d7602ed1af1352086bef4/screenshot - {}
RESULT: {}
COMMAND: POST /session/329de238260d7602ed1af1352086bef4/execute/sync - {"script":"<script> [56 bytes]","args":[{"element-6066-11e4-a52e-4f735466cecf":"f.ABBA5987F2E82E58D78C902D9EA41D2B.d.BFC82B1BA6BABAC5B2AC7695359C18B3.e.24479","ELEMENT":"f.ABBA5987F2E82E58D78C902D9EA41D2B.d.BFC82B1BA6BABAC5B2AC7695359C18B3.e.24479"}]}
RESULT: {"script":"<script> [56 bytes]","args":[{"element-6066-11e4-a52e-4f735466cecf":"f.ABBA5987F2E82E58D78C902D9EA41D2B.d.BFC82B1BA6BABAC5B2AC7695359C18B3.e.24479","ELEMENT":"f.ABBA5987F2E82E58D78C902D9EA41D2B.d.BFC82B1BA6BABAC5B2AC7695359C18B3.e.24479"}]}
COMMAND: GET /session/329de238260d7602ed1af1352086bef4/screenshot - {}
RESULT: {}
COMMAND: POST /session/329de238260d7602ed1af1352086bef4/execute/sync - {"script":"<script> [56 bytes]","args":[{"element-6066-11e4-a52e-4f735466cecf":"f.ABBA5987F2E82E58D78C902D9EA41D2B.d.BFC82B1BA6BABAC5B2AC7695359C18B3.e.24479","ELEMENT":"f.ABBA5987F2E82E58D78C902D9EA41D2B.d.BFC82B1BA6BABAC5B2AC7695359C18B3.e.24479"}]}
RESULT: {"script":"<script> [56 bytes]","args":[{"element-6066-11e4-a52e-4f735466cecf":"f.ABBA5987F2E82E58D78C902D9EA41D2B.d.BFC82B1BA6BABAC5B2AC7695359C18B3.e.24479","ELEMENT":"f.ABBA5987F2E82E58D78C902D9EA41D2B.d.BFC82B1BA6BABAC5B2AC7695359C18B3.e.24479"}]}
COMMAND: GET /session/329de238260d7602ed1af1352086bef4/screenshot - {}
RESULT: {}
COMMAND: POST /session/329de238260d7602ed1af1352086bef4/execute/sync - {"script":"<script> [56 bytes]","args":[{"element-6066-11e4-a52e-4f735466cecf":"f.ABBA5987F2E82E58D78C902D9EA41D2B.d.BFC82B1BA6BABAC5B2AC7695359C18B3.e.24479","ELEMENT":"f.ABBA5987F2E82E58D78C902D9EA41D2B.d.BFC82B1BA6BABAC5B2AC7695359C18B3.e.24479"}]}
RESULT: {"script":"<script> [56 bytes]","args":[{"element-6066-11e4-a52e-4f735466cecf":"f.ABBA5987F2E82E58D78C902D9EA41D2B.d.BFC82B1BA6BABAC5B2AC7695359C18B3.e.24479","ELEMENT":"f.ABBA5987F2E82E58D78C902D9EA41D2B.d.BFC82B1BA6BABAC5B2AC7695359C18B3.e.24479"}]}
COMMAND: POST /session/329de238260d7602ed1af1352086bef4/element - {"using":"css selector","value":"#shell-header-logo"}
COMMAND: GET /session/329de238260d7602ed1af1352086bef4/screenshot - {}
RESULT: {"using":"css selector","value":"#shell-header-logo"}
COMMAND: POST /session/329de238260d7602ed1af1352086bef4/element/f.ABBA5987F2E82E58D78C902D9EA41D2B.d.BFC82B1BA6BABAC5B2AC7695359C18B3.e.24098/click - {}
RESULT: {}
RESULT: {}
COMMAND: GET /session/329de238260d7602ed1af1352086bef4/screenshot - {}
RESULT: {}
]]></system-out>
    </testcase>
    <testcase classname="chrome.136_0_7103_93.windows.Billing_Calculation_-_Time_based_(considering_transport_times)_US139738" name="Should navigate to the contract item check the billed until field value" time="41.507">
      <system-out><![CDATA[
RESULT: undefined
COMMAND: POST /session/329de238260d7602ed1af1352086bef4/element - {"using":"xpath","value":"//*[@id=\"__tile131\"]"}
RESULT: {"using":"xpath","value":"//*[@id=\"__tile131\"]"}
COMMAND: POST /session/329de238260d7602ed1af1352086bef4/element/f.ABBA5987F2E82E58D78C902D9EA41D2B.d.BFC82B1BA6BABAC5B2AC7695359C18B3.e.20062/click - {}
RESULT: {}
COMMAND: GET /session/329de238260d7602ed1af1352086bef4/screenshot - {}
RESULT: {}
COMMAND: POST /session/329de238260d7602ed1af1352086bef4/elements - {"using":"xpath","value":"//span[text()='Error']"}
RESULT: {"using":"xpath","value":"//span[text()='Error']"}
COMMAND: POST /session/329de238260d7602ed1af1352086bef4/element - {"using":"xpath","value":"//button[@data-kt=\"addButton\"]"}
RESULT: {"using":"xpath","value":"//button[@data-kt=\"addButton\"]"}
COMMAND: POST /session/329de238260d7602ed1af1352086bef4/elements - {"using":"xpath","value":"//button[@data-kt=\"addButton\"]"}
RESULT: {"using":"xpath","value":"//button[@data-kt=\"addButton\"]"}
COMMAND: POST /session/329de238260d7602ed1af1352086bef4/execute/sync - {"script":"<script> [8489 bytes]","args":[{"element-6066-11e4-a52e-4f735466cecf":"f.ABBA5987F2E82E58D78C902D9EA41D2B.d.BFC82B1BA6BABAC5B2AC7695359C18B3.e.24558","ELEMENT":"f.ABBA5987F2E82E58D78C902D9EA41D2B.d.BFC82B1BA6BABAC5B2AC7695359C18B3.e.24558"}]}
RESULT: {"script":"<script> [8489 bytes]","args":[{"element-6066-11e4-a52e-4f735466cecf":"f.ABBA5987F2E82E58D78C902D9EA41D2B.d.BFC82B1BA6BABAC5B2AC7695359C18B3.e.24558","ELEMENT":"f.ABBA5987F2E82E58D78C902D9EA41D2B.d.BFC82B1BA6BABAC5B2AC7695359C18B3.e.24558"}]}
COMMAND: GET /session/329de238260d7602ed1af1352086bef4/element/f.ABBA5987F2E82E58D78C902D9EA41D2B.d.BFC82B1BA6BABAC5B2AC7695359C18B3.e.24558/enabled - {}
COMMAND: GET /session/329de238260d7602ed1af1352086bef4/screenshot - {}
RESULT: {}
COMMAND: POST /session/329de238260d7602ed1af1352086bef4/execute/sync - {"script":"<script> [8489 bytes]","args":[{"element-6066-11e4-a52e-4f735466cecf":"f.ABBA5987F2E82E58D78C902D9EA41D2B.d.BFC82B1BA6BABAC5B2AC7695359C18B3.e.24558","ELEMENT":"f.ABBA5987F2E82E58D78C902D9EA41D2B.d.BFC82B1BA6BABAC5B2AC7695359C18B3.e.24558"}]}
COMMAND: GET /session/329de238260d7602ed1af1352086bef4/screenshot - {}
RESULT: {}
RESULT: {"script":"<script> [8489 bytes]","args":[{"element-6066-11e4-a52e-4f735466cecf":"f.ABBA5987F2E82E58D78C902D9EA41D2B.d.BFC82B1BA6BABAC5B2AC7695359C18B3.e.24558","ELEMENT":"f.ABBA5987F2E82E58D78C902D9EA41D2B.d.BFC82B1BA6BABAC5B2AC7695359C18B3.e.24558"}]}
COMMAND: POST /session/329de238260d7602ed1af1352086bef4/execute/sync - {"script":"<script> [5351 bytes]","args":[{"element-6066-11e4-a52e-4f735466cecf":"f.ABBA5987F2E82E58D78C902D9EA41D2B.d.BFC82B1BA6BABAC5B2AC7695359C18B3.e.24558","ELEMENT":"f.ABBA5987F2E82E58D78C902D9EA41D2B.d.BFC82B1BA6BABAC5B2AC7695359C18B3.e.24558"}]}
COMMAND: GET /session/329de238260d7602ed1af1352086bef4/screenshot - {}
RESULT: {}
RESULT: {"script":"<script> [5351 bytes]","args":[{"element-6066-11e4-a52e-4f735466cecf":"f.ABBA5987F2E82E58D78C902D9EA41D2B.d.BFC82B1BA6BABAC5B2AC7695359C18B3.e.24558","ELEMENT":"f.ABBA5987F2E82E58D78C902D9EA41D2B.d.BFC82B1BA6BABAC5B2AC7695359C18B3.e.24558"}]}
COMMAND: POST /session/329de238260d7602ed1af1352086bef4/element - {"using":"xpath","value":"//input[contains(@id ,\"smartContractFilterBar-btnBasicSearch-I\")]"}
COMMAND: GET /session/329de238260d7602ed1af1352086bef4/screenshot - {}
RESULT: {}
RESULT: {"using":"xpath","value":"//input[contains(@id ,\"smartContractFilterBar-btnBasicSearch-I\")]"}
COMMAND: POST /session/329de238260d7602ed1af1352086bef4/elements - {"using":"xpath","value":"//input[contains(@id ,\"smartContractFilterBar-btnBasicSearch-I\")]"}
RESULT: {}
RESULT: {"using":"xpath","value":"//input[contains(@id ,\"smartContractFilterBar-btnBasicSearch-I\")]"}
COMMAND: POST /session/329de238260d7602ed1af1352086bef4/execute/sync - {"script":"<script> [8489 bytes]","args":[{"element-6066-11e4-a52e-4f735466cecf":"f.ABBA5987F2E82E58D78C902D9EA41D2B.d.BFC82B1BA6BABAC5B2AC7695359C18B3.e.24520","ELEMENT":"f.ABBA5987F2E82E58D78C902D9EA41D2B.d.BFC82B1BA6BABAC5B2AC7695359C18B3.e.24520"}]}
RESULT: {"script":"<script> [8489 bytes]","args":[{"element-6066-11e4-a52e-4f735466cecf":"f.ABBA5987F2E82E58D78C902D9EA41D2B.d.BFC82B1BA6BABAC5B2AC7695359C18B3.e.24520","ELEMENT":"f.ABBA5987F2E82E58D78C902D9EA41D2B.d.BFC82B1BA6BABAC5B2AC7695359C18B3.e.24520"}]}
COMMAND: GET /session/329de238260d7602ed1af1352086bef4/element/f.ABBA5987F2E82E58D78C902D9EA41D2B.d.BFC82B1BA6BABAC5B2AC7695359C18B3.e.24520/enabled - {}
COMMAND: GET /session/329de238260d7602ed1af1352086bef4/screenshot - {}
RESULT: {}
COMMAND: POST /session/329de238260d7602ed1af1352086bef4/element/f.ABBA5987F2E82E58D78C902D9EA41D2B.d.BFC82B1BA6BABAC5B2AC7695359C18B3.e.24520/clear - {}
COMMAND: GET /session/329de238260d7602ed1af1352086bef4/screenshot - {}
RESULT: {}
RESULT: {}
COMMAND: POST /session/329de238260d7602ed1af1352086bef4/element/f.ABBA5987F2E82E58D78C902D9EA41D2B.d.BFC82B1BA6BABAC5B2AC7695359C18B3.e.24520/value - {"text":"10388"}
COMMAND: GET /session/329de238260d7602ed1af1352086bef4/screenshot - {}
RESULT: {}
RESULT: {"text":"10388"}
COMMAND: GET /session/329de238260d7602ed1af1352086bef4/screenshot - {}
RESULT: {}
RESULT: {}
COMMAND: POST /session/329de238260d7602ed1af1352086bef4/actions - {"actions":[{"id":"action86","type":"key","parameters":{},"actions":[{"type":"keyDown","value":""},{"type":"pause","duration":10},{"type":"keyUp","value":""}]}]}
RESULT: {"actions":[{"id":"action86","type":"key","parameters":{},"actions":[{"type":"keyDown","value":""},{"type":"pause","duration":10},{"type":"keyUp","value":""}]}]}
COMMAND: GET /session/329de238260d7602ed1af1352086bef4/screenshot - {}
RESULT: {}
COMMAND: POST /session/329de238260d7602ed1af1352086bef4/element - {"using":"xpath","value":"//span[contains(@id, \"masterListContractsSmartTable-header-inner\")]"}
RESULT: {"using":"xpath","value":"//span[contains(@id, \"masterListContractsSmartTable-header-inner\")]"}
COMMAND: POST /session/329de238260d7602ed1af1352086bef4/elements - {"using":"xpath","value":"//span[contains(@id, \"masterListContractsSmartTable-header-inner\")]"}
RESULT: {"using":"xpath","value":"//span[contains(@id, \"masterListContractsSmartTable-header-inner\")]"}
COMMAND: POST /session/329de238260d7602ed1af1352086bef4/execute/sync - {"script":"<script> [56 bytes]","args":[{"element-6066-11e4-a52e-4f735466cecf":"f.ABBA5987F2E82E58D78C902D9EA41D2B.d.BFC82B1BA6BABAC5B2AC7695359C18B3.e.24624","ELEMENT":"f.ABBA5987F2E82E58D78C902D9EA41D2B.d.BFC82B1BA6BABAC5B2AC7695359C18B3.e.24624"}]}
RESULT: {"script":"<script> [56 bytes]","args":[{"element-6066-11e4-a52e-4f735466cecf":"f.ABBA5987F2E82E58D78C902D9EA41D2B.d.BFC82B1BA6BABAC5B2AC7695359C18B3.e.24624","ELEMENT":"f.ABBA5987F2E82E58D78C902D9EA41D2B.d.BFC82B1BA6BABAC5B2AC7695359C18B3.e.24624"}]}
COMMAND: POST /session/329de238260d7602ed1af1352086bef4/element - {"using":"xpath","value":"(//span[contains(@id, \"imgNav\")])[1]"}
COMMAND: GET /session/329de238260d7602ed1af1352086bef4/screenshot - {}
RESULT: {"using":"xpath","value":"(//span[contains(@id, \"imgNav\")])[1]"}
COMMAND: POST /session/329de238260d7602ed1af1352086bef4/element/f.ABBA5987F2E82E58D78C902D9EA41D2B.d.BFC82B1BA6BABAC5B2AC7695359C18B3.e.24622/click - {}
RESULT: {}
RESULT: {}
COMMAND: GET /session/329de238260d7602ed1af1352086bef4/screenshot - {}
RESULT: {}
COMMAND: POST /session/329de238260d7602ed1af1352086bef4/element - {"using":"xpath","value":"//tr[@data-kt=\"productsColumnListItem\"]//td//span[contains(@id, \"imgNav\")][1]"}
RESULT: {"using":"xpath","value":"//tr[@data-kt=\"productsColumnListItem\"]//td//span[contains(@id, \"imgNav\")][1]"}
COMMAND: POST /session/329de238260d7602ed1af1352086bef4/element/f.ABBA5987F2E82E58D78C902D9EA41D2B.d.BFC82B1BA6BABAC5B2AC7695359C18B3.e.24760/click - {}
RESULT: {}
COMMAND: GET /session/329de238260d7602ed1af1352086bef4/screenshot - {}
RESULT: {}
COMMAND: POST /session/329de238260d7602ed1af1352086bef4/element - {"using":"xpath","value":"//section[contains(@id, \"application-managecontracts-display-component---BillingItem--ObjectPageLayout-OPHeaderContent\")]/div/div/div/div/div[2]/div/div[2]/span"}
RESULT: {"using":"xpath","value":"//section[contains(@id, \"application-managecontracts-display-component---BillingItem--ObjectPageLayout-OPHeaderContent\")]/div/div/div/div/div[2]/div/div[2]/span"}
COMMAND: POST /session/329de238260d7602ed1af1352086bef4/execute/sync - {"script":"<script> [56 bytes]","args":[{"element-6066-11e4-a52e-4f735466cecf":"f.ABBA5987F2E82E58D78C902D9EA41D2B.d.BFC82B1BA6BABAC5B2AC7695359C18B3.e.24895","ELEMENT":"f.ABBA5987F2E82E58D78C902D9EA41D2B.d.BFC82B1BA6BABAC5B2AC7695359C18B3.e.24895"}]}
RESULT: {"script":"<script> [56 bytes]","args":[{"element-6066-11e4-a52e-4f735466cecf":"f.ABBA5987F2E82E58D78C902D9EA41D2B.d.BFC82B1BA6BABAC5B2AC7695359C18B3.e.24895","ELEMENT":"f.ABBA5987F2E82E58D78C902D9EA41D2B.d.BFC82B1BA6BABAC5B2AC7695359C18B3.e.24895"}]}
COMMAND: POST /session/329de238260d7602ed1af1352086bef4/element - {"using":"xpath","value":"//table[contains(@id, \"application-managecontracts-display-component---BillingItem--billingList-listUl\")]//td//*[contains(text(), \"partial billed\")]"}
COMMAND: GET /session/329de238260d7602ed1af1352086bef4/screenshot - {}
RESULT: {"using":"xpath","value":"//table[contains(@id, \"application-managecontracts-display-component---BillingItem--billingList-listUl\")]//td//*[contains(text(), \"partial billed\")]"}
COMMAND: POST /session/329de238260d7602ed1af1352086bef4/execute/sync - {"script":"<script> [56 bytes]","args":[{"element-6066-11e4-a52e-4f735466cecf":"f.ABBA5987F2E82E58D78C902D9EA41D2B.d.BFC82B1BA6BABAC5B2AC7695359C18B3.e.24896","ELEMENT":"f.ABBA5987F2E82E58D78C902D9EA41D2B.d.BFC82B1BA6BABAC5B2AC7695359C18B3.e.24896"}]}
RESULT: {}
RESULT: {"script":"<script> [56 bytes]","args":[{"element-6066-11e4-a52e-4f735466cecf":"f.ABBA5987F2E82E58D78C902D9EA41D2B.d.BFC82B1BA6BABAC5B2AC7695359C18B3.e.24896","ELEMENT":"f.ABBA5987F2E82E58D78C902D9EA41D2B.d.BFC82B1BA6BABAC5B2AC7695359C18B3.e.24896"}]}
COMMAND: POST /session/329de238260d7602ed1af1352086bef4/element - {"using":"css selector","value":"#shell-header-logo"}
COMMAND: GET /session/329de238260d7602ed1af1352086bef4/screenshot - {}
RESULT: {"using":"css selector","value":"#shell-header-logo"}
COMMAND: POST /session/329de238260d7602ed1af1352086bef4/element/f.ABBA5987F2E82E58D78C902D9EA41D2B.d.BFC82B1BA6BABAC5B2AC7695359C18B3.e.24511/click - {}
RESULT: {}
RESULT: {}
COMMAND: GET /session/329de238260d7602ed1af1352086bef4/screenshot - {}
RESULT: {}
]]></system-out>
    </testcase>
    <testcase classname="chrome.136_0_7103_93.windows.Billing_Calculation_-_Time_based_(considering_transport_times)_US139738" name="Should do a handover return 2 step 7 days after provide or 14 days from today receive it in 21 days" time="155.393">
      <system-out><![CDATA[
RESULT: undefined
COMMAND: POST /session/329de238260d7602ed1af1352086bef4/element - {"using":"xpath","value":"//*[@id=\"__tile131\"]"}
RESULT: {"using":"xpath","value":"//*[@id=\"__tile131\"]"}
COMMAND: POST /session/329de238260d7602ed1af1352086bef4/element/f.ABBA5987F2E82E58D78C902D9EA41D2B.d.BFC82B1BA6BABAC5B2AC7695359C18B3.e.20062/click - {}
RESULT: {}
COMMAND: GET /session/329de238260d7602ed1af1352086bef4/screenshot - {}
RESULT: {}
COMMAND: POST /session/329de238260d7602ed1af1352086bef4/elements - {"using":"xpath","value":"//span[text()='Error']"}
RESULT: {"using":"xpath","value":"//span[text()='Error']"}
COMMAND: POST /session/329de238260d7602ed1af1352086bef4/element - {"using":"xpath","value":"//button[@data-kt=\"addButton\"]"}
RESULT: {"using":"xpath","value":"//button[@data-kt=\"addButton\"]"}
COMMAND: POST /session/329de238260d7602ed1af1352086bef4/elements - {"using":"xpath","value":"//button[@data-kt=\"addButton\"]"}
RESULT: {"using":"xpath","value":"//button[@data-kt=\"addButton\"]"}
COMMAND: POST /session/329de238260d7602ed1af1352086bef4/execute/sync - {"script":"<script> [8489 bytes]","args":[{"element-6066-11e4-a52e-4f735466cecf":"f.ABBA5987F2E82E58D78C902D9EA41D2B.d.BFC82B1BA6BABAC5B2AC7695359C18B3.e.24947","ELEMENT":"f.ABBA5987F2E82E58D78C902D9EA41D2B.d.BFC82B1BA6BABAC5B2AC7695359C18B3.e.24947"}]}
RESULT: {"script":"<script> [8489 bytes]","args":[{"element-6066-11e4-a52e-4f735466cecf":"f.ABBA5987F2E82E58D78C902D9EA41D2B.d.BFC82B1BA6BABAC5B2AC7695359C18B3.e.24947","ELEMENT":"f.ABBA5987F2E82E58D78C902D9EA41D2B.d.BFC82B1BA6BABAC5B2AC7695359C18B3.e.24947"}]}
COMMAND: GET /session/329de238260d7602ed1af1352086bef4/element/f.ABBA5987F2E82E58D78C902D9EA41D2B.d.BFC82B1BA6BABAC5B2AC7695359C18B3.e.24947/enabled - {}
COMMAND: GET /session/329de238260d7602ed1af1352086bef4/screenshot - {}
RESULT: {}
COMMAND: POST /session/329de238260d7602ed1af1352086bef4/execute/sync - {"script":"<script> [8489 bytes]","args":[{"element-6066-11e4-a52e-4f735466cecf":"f.ABBA5987F2E82E58D78C902D9EA41D2B.d.BFC82B1BA6BABAC5B2AC7695359C18B3.e.24947","ELEMENT":"f.ABBA5987F2E82E58D78C902D9EA41D2B.d.BFC82B1BA6BABAC5B2AC7695359C18B3.e.24947"}]}
COMMAND: GET /session/329de238260d7602ed1af1352086bef4/screenshot - {}
RESULT: {}
RESULT: {"script":"<script> [8489 bytes]","args":[{"element-6066-11e4-a52e-4f735466cecf":"f.ABBA5987F2E82E58D78C902D9EA41D2B.d.BFC82B1BA6BABAC5B2AC7695359C18B3.e.24947","ELEMENT":"f.ABBA5987F2E82E58D78C902D9EA41D2B.d.BFC82B1BA6BABAC5B2AC7695359C18B3.e.24947"}]}
COMMAND: POST /session/329de238260d7602ed1af1352086bef4/execute/sync - {"script":"<script> [5351 bytes]","args":[{"element-6066-11e4-a52e-4f735466cecf":"f.ABBA5987F2E82E58D78C902D9EA41D2B.d.BFC82B1BA6BABAC5B2AC7695359C18B3.e.24947","ELEMENT":"f.ABBA5987F2E82E58D78C902D9EA41D2B.d.BFC82B1BA6BABAC5B2AC7695359C18B3.e.24947"}]}
COMMAND: GET /session/329de238260d7602ed1af1352086bef4/screenshot - {}
RESULT: {}
RESULT: {"script":"<script> [5351 bytes]","args":[{"element-6066-11e4-a52e-4f735466cecf":"f.ABBA5987F2E82E58D78C902D9EA41D2B.d.BFC82B1BA6BABAC5B2AC7695359C18B3.e.24947","ELEMENT":"f.ABBA5987F2E82E58D78C902D9EA41D2B.d.BFC82B1BA6BABAC5B2AC7695359C18B3.e.24947"}]}
COMMAND: GET /session/329de238260d7602ed1af1352086bef4/screenshot - {}
RESULT: {}
RESULT: {}
COMMAND: POST /session/329de238260d7602ed1af1352086bef4/element - {"using":"xpath","value":"//input[contains(@id ,\"smartContractFilterBar-btnBasicSearch-I\")]"}
RESULT: {"using":"xpath","value":"//input[contains(@id ,\"smartContractFilterBar-btnBasicSearch-I\")]"}
COMMAND: POST /session/329de238260d7602ed1af1352086bef4/elements - {"using":"xpath","value":"//input[contains(@id ,\"smartContractFilterBar-btnBasicSearch-I\")]"}
RESULT: {"using":"xpath","value":"//input[contains(@id ,\"smartContractFilterBar-btnBasicSearch-I\")]"}
COMMAND: POST /session/329de238260d7602ed1af1352086bef4/execute/sync - {"script":"<script> [8489 bytes]","args":[{"element-6066-11e4-a52e-4f735466cecf":"f.ABBA5987F2E82E58D78C902D9EA41D2B.d.BFC82B1BA6BABAC5B2AC7695359C18B3.e.24909","ELEMENT":"f.ABBA5987F2E82E58D78C902D9EA41D2B.d.BFC82B1BA6BABAC5B2AC7695359C18B3.e.24909"}]}
RESULT: {"script":"<script> [8489 bytes]","args":[{"element-6066-11e4-a52e-4f735466cecf":"f.ABBA5987F2E82E58D78C902D9EA41D2B.d.BFC82B1BA6BABAC5B2AC7695359C18B3.e.24909","ELEMENT":"f.ABBA5987F2E82E58D78C902D9EA41D2B.d.BFC82B1BA6BABAC5B2AC7695359C18B3.e.24909"}]}
COMMAND: GET /session/329de238260d7602ed1af1352086bef4/element/f.ABBA5987F2E82E58D78C902D9EA41D2B.d.BFC82B1BA6BABAC5B2AC7695359C18B3.e.24909/enabled - {}
COMMAND: GET /session/329de238260d7602ed1af1352086bef4/screenshot - {}
RESULT: {}
COMMAND: POST /session/329de238260d7602ed1af1352086bef4/element/f.ABBA5987F2E82E58D78C902D9EA41D2B.d.BFC82B1BA6BABAC5B2AC7695359C18B3.e.24909/clear - {}
COMMAND: GET /session/329de238260d7602ed1af1352086bef4/screenshot - {}
RESULT: {}
RESULT: {}
COMMAND: POST /session/329de238260d7602ed1af1352086bef4/element/f.ABBA5987F2E82E58D78C902D9EA41D2B.d.BFC82B1BA6BABAC5B2AC7695359C18B3.e.24909/value - {"text":"10388"}
COMMAND: GET /session/329de238260d7602ed1af1352086bef4/screenshot - {}
RESULT: {}
RESULT: {"text":"10388"}
COMMAND: GET /session/329de238260d7602ed1af1352086bef4/screenshot - {}
RESULT: {}
RESULT: {}
COMMAND: POST /session/329de238260d7602ed1af1352086bef4/actions - {"actions":[{"id":"action87","type":"key","parameters":{},"actions":[{"type":"keyDown","value":""},{"type":"pause","duration":10},{"type":"keyUp","value":""}]}]}
RESULT: {"actions":[{"id":"action87","type":"key","parameters":{},"actions":[{"type":"keyDown","value":""},{"type":"pause","duration":10},{"type":"keyUp","value":""}]}]}
COMMAND: GET /session/329de238260d7602ed1af1352086bef4/screenshot - {}
RESULT: {}
COMMAND: POST /session/329de238260d7602ed1af1352086bef4/element - {"using":"xpath","value":"//span[contains(@id, \"masterListContractsSmartTable-header-inner\")]"}
RESULT: {"using":"xpath","value":"//span[contains(@id, \"masterListContractsSmartTable-header-inner\")]"}
COMMAND: POST /session/329de238260d7602ed1af1352086bef4/elements - {"using":"xpath","value":"//span[contains(@id, \"masterListContractsSmartTable-header-inner\")]"}
RESULT: {"using":"xpath","value":"//span[contains(@id, \"masterListContractsSmartTable-header-inner\")]"}
COMMAND: POST /session/329de238260d7602ed1af1352086bef4/execute/sync - {"script":"<script> [56 bytes]","args":[{"element-6066-11e4-a52e-4f735466cecf":"f.ABBA5987F2E82E58D78C902D9EA41D2B.d.BFC82B1BA6BABAC5B2AC7695359C18B3.e.25015","ELEMENT":"f.ABBA5987F2E82E58D78C902D9EA41D2B.d.BFC82B1BA6BABAC5B2AC7695359C18B3.e.25015"}]}
RESULT: {"script":"<script> [56 bytes]","args":[{"element-6066-11e4-a52e-4f735466cecf":"f.ABBA5987F2E82E58D78C902D9EA41D2B.d.BFC82B1BA6BABAC5B2AC7695359C18B3.e.25015","ELEMENT":"f.ABBA5987F2E82E58D78C902D9EA41D2B.d.BFC82B1BA6BABAC5B2AC7695359C18B3.e.25015"}]}
COMMAND: POST /session/329de238260d7602ed1af1352086bef4/element - {"using":"xpath","value":"(//span[contains(@id, \"imgNav\")])[1]"}
COMMAND: GET /session/329de238260d7602ed1af1352086bef4/screenshot - {}
RESULT: {"using":"xpath","value":"(//span[contains(@id, \"imgNav\")])[1]"}
COMMAND: POST /session/329de238260d7602ed1af1352086bef4/element/f.ABBA5987F2E82E58D78C902D9EA41D2B.d.BFC82B1BA6BABAC5B2AC7695359C18B3.e.25014/click - {}
RESULT: {}
RESULT: {}
COMMAND: GET /session/329de238260d7602ed1af1352086bef4/screenshot - {}
RESULT: {}
COMMAND: POST /session/329de238260d7602ed1af1352086bef4/element - {"using":"xpath","value":"//button[contains(@id, \"contractDetailReturnButton\")]"}
RESULT: {"using":"xpath","value":"//button[contains(@id, \"contractDetailReturnButton\")]"}
COMMAND: POST /session/329de238260d7602ed1af1352086bef4/element/f.ABBA5987F2E82E58D78C902D9EA41D2B.d.BFC82B1BA6BABAC5B2AC7695359C18B3.e.25104/click - {}
RESULT: {}
COMMAND: GET /session/329de238260d7602ed1af1352086bef4/screenshot - {}
RESULT: undefined
COMMAND: POST /session/329de238260d7602ed1af1352086bef4/execute/async - {"script":"<script> [776 bytes]","args":[{"enterText":"6/12/25","selector":{"id":"application-managehandovers-display-component---AddNewHO--dueDate","interaction":{"idSuffix":"inner"}},"clearTextFirst":true,"interactionType":"ENTER_TEXT"}]}
RESULT: {}
RESULT: {"script":"<script> [776 bytes]","args":[{"enterText":"6/12/25","selector":{"id":"application-managehandovers-display-component---AddNewHO--dueDate","interaction":{"idSuffix":"inner"}},"clearTextFirst":true,"interactionType":"ENTER_TEXT"}]}
COMMAND: POST /session/329de238260d7602ed1af1352086bef4/element - {"using":"xpath","value":"//bdi[contains(text(), \"Instructions\")]"}
RESULT: {"using":"xpath","value":"//bdi[contains(text(), \"Instructions\")]"}
COMMAND: POST /session/329de238260d7602ed1af1352086bef4/element/f.ABBA5987F2E82E58D78C902D9EA41D2B.d.BFC82B1BA6BABAC5B2AC7695359C18B3.e.25366/click - {}
RESULT: {}
COMMAND: GET /session/329de238260d7602ed1af1352086bef4/screenshot - {}
RESULT: {}
COMMAND: POST /session/329de238260d7602ed1af1352086bef4/element - {"using":"xpath","value":"//button[@data-kt=\"AddNewHOProvideAddItemsButton\"]"}
RESULT: {"using":"xpath","value":"//button[@data-kt=\"AddNewHOProvideAddItemsButton\"]"}
COMMAND: POST /session/329de238260d7602ed1af1352086bef4/element/f.ABBA5987F2E82E58D78C902D9EA41D2B.d.BFC82B1BA6BABAC5B2AC7695359C18B3.e.25370/click - {}
RESULT: {}
COMMAND: GET /session/329de238260d7602ed1af1352086bef4/screenshot - {}
RESULT: {}
RESULT: undefined
COMMAND: POST /session/329de238260d7602ed1af1352086bef4/element - {"using":"xpath","value":"//*[@id=\"application-managehandovers-display-component---AddNewHO--popup-sa\"]"}
RESULT: {"using":"xpath","value":"//*[@id=\"application-managehandovers-display-component---AddNewHO--popup-sa\"]"}
COMMAND: POST /session/329de238260d7602ed1af1352086bef4/element/f.ABBA5987F2E82E58D78C902D9EA41D2B.d.BFC82B1BA6BABAC5B2AC7695359C18B3.e.25385/click - {}
RESULT: {}
COMMAND: GET /session/329de238260d7602ed1af1352086bef4/screenshot - {}
RESULT: {}
COMMAND: POST /session/329de238260d7602ed1af1352086bef4/element - {"using":"xpath","value":"//*[contains(@id ,\"BDI-content\")][contains(text(), \"Select\")]"}
RESULT: {"using":"xpath","value":"//*[contains(@id ,\"BDI-content\")][contains(text(), \"Select\")]"}
COMMAND: POST /session/329de238260d7602ed1af1352086bef4/element/f.ABBA5987F2E82E58D78C902D9EA41D2B.d.BFC82B1BA6BABAC5B2AC7695359C18B3.e.25386/click - {}
RESULT: {}
COMMAND: GET /session/329de238260d7602ed1af1352086bef4/screenshot - {}
RESULT: {}
COMMAND: POST /session/329de238260d7602ed1af1352086bef4/element - {"using":"xpath","value":"(//div[contains(@id, \"application-managehandovers-display-component---AddNewHO--oneStep-CbBg\")])"}
RESULT: {"using":"xpath","value":"(//div[contains(@id, \"application-managehandovers-display-component---AddNewHO--oneStep-CbBg\")])"}
COMMAND: POST /session/329de238260d7602ed1af1352086bef4/element/f.ABBA5987F2E82E58D78C902D9EA41D2B.d.BFC82B1BA6BABAC5B2AC7695359C18B3.e.25394/click - {}
RESULT: {}
RESULT: undefined
COMMAND: POST /session/329de238260d7602ed1af1352086bef4/element - {"using":"xpath","value":"//*[@id=\"application-managehandovers-display-component---AddNewHO--confirmCreationButton\"]"}
COMMAND: GET /session/329de238260d7602ed1af1352086bef4/screenshot - {}
RESULT: {"using":"xpath","value":"//*[@id=\"application-managehandovers-display-component---AddNewHO--confirmCreationButton\"]"}
COMMAND: POST /session/329de238260d7602ed1af1352086bef4/element/f.ABBA5987F2E82E58D78C902D9EA41D2B.d.BFC82B1BA6BABAC5B2AC7695359C18B3.e.25328/click - {}
RESULT: {}
RESULT: {}
COMMAND: GET /session/329de238260d7602ed1af1352086bef4/screenshot - {}
RESULT: {}
RESULT: undefined
COMMAND: POST /session/329de238260d7602ed1af1352086bef4/execute/async - {"script":"<script> [776 bytes]","args":[{"enterText":"6/12/25","selector":{"id":"issueDatePicker","viewName":"etm.portal.ui.managehandovers.view.DetailExecuteHO","interaction":{"idSuffix":"inner"}},"clearTextFirst":true,"interactionType":"ENTER_TEXT"}]}
RESULT: {"script":"<script> [776 bytes]","args":[{"enterText":"6/12/25","selector":{"id":"issueDatePicker","viewName":"etm.portal.ui.managehandovers.view.DetailExecuteHO","interaction":{"idSuffix":"inner"}},"clearTextFirst":true,"interactionType":"ENTER_TEXT"}]}
COMMAND: POST /session/329de238260d7602ed1af1352086bef4/element - {"using":"xpath","value":"//button[@data-kt=\"PickingTableConfirmAllButton\"]"}
RESULT: {"using":"xpath","value":"//button[@data-kt=\"PickingTableConfirmAllButton\"]"}
COMMAND: POST /session/329de238260d7602ed1af1352086bef4/element/f.ABBA5987F2E82E58D78C902D9EA41D2B.d.BFC82B1BA6BABAC5B2AC7695359C18B3.e.25446/click - {}
RESULT: {}
COMMAND: GET /session/329de238260d7602ed1af1352086bef4/screenshot - {}
RESULT: {}
COMMAND: POST /session/329de238260d7602ed1af1352086bef4/element - {"using":"xpath","value":"//bdi[contains(text(), \"OK\")]"}
RESULT: {"using":"xpath","value":"//bdi[contains(text(), \"OK\")]"}
COMMAND: POST /session/329de238260d7602ed1af1352086bef4/element/f.ABBA5987F2E82E58D78C902D9EA41D2B.d.BFC82B1BA6BABAC5B2AC7695359C18B3.e.25449/click - {}
RESULT: {}
COMMAND: GET /session/329de238260d7602ed1af1352086bef4/screenshot - {}
RESULT: {}
COMMAND: POST /session/329de238260d7602ed1af1352086bef4/element - {"using":"xpath","value":"//button[@data-kt=\"execHoPickButton\"]"}
RESULT: {"using":"xpath","value":"//button[@data-kt=\"execHoPickButton\"]"}
COMMAND: POST /session/329de238260d7602ed1af1352086bef4/element/f.ABBA5987F2E82E58D78C902D9EA41D2B.d.BFC82B1BA6BABAC5B2AC7695359C18B3.e.25451/click - {}
RESULT: {}
COMMAND: GET /session/329de238260d7602ed1af1352086bef4/screenshot - {}
RESULT: {}
COMMAND: POST /session/329de238260d7602ed1af1352086bef4/element - {"using":"xpath","value":"//span[contains(@id ,\"filterItemControl_BASIC-SEND_CONTRACT-vhi\")]"}
RESULT: {"using":"xpath","value":"//span[contains(@id ,\"filterItemControl_BASIC-SEND_CONTRACT-vhi\")]"}
COMMAND: POST /session/329de238260d7602ed1af1352086bef4/element/f.ABBA5987F2E82E58D78C902D9EA41D2B.d.BFC82B1BA6BABAC5B2AC7695359C18B3.e.25738/click - {}
RESULT: {}
COMMAND: GET /session/329de238260d7602ed1af1352086bef4/screenshot - {}
RESULT: {}
RESULT: undefined
COMMAND: POST /session/329de238260d7602ed1af1352086bef4/execute/async - {"script":"<script> [776 bytes]","args":[{"enterText":"10388","selector":{"controlType":"sap.m.SearchField","viewName":"etm.portal.ui.managehandovers.view.MasterHO","bindingPath":{"path":"","propertyPath":"/_BASIC_SEARCH_FIELD","modelName":"fi1t3rM0d31"},"searchOpenDialogs":true,"interaction":{"idSuffix":"I"}},"clearTextFirst":true,"interactionType":"ENTER_TEXT"}]}
RESULT: {"script":"<script> [776 bytes]","args":[{"enterText":"10388","selector":{"controlType":"sap.m.SearchField","viewName":"etm.portal.ui.managehandovers.view.MasterHO","bindingPath":{"path":"","propertyPath":"/_BASIC_SEARCH_FIELD","modelName":"fi1t3rM0d31"},"searchOpenDialogs":true,"interaction":{"idSuffix":"I"}},"clearTextFirst":true,"interactionType":"ENTER_TEXT"}]}
COMMAND: POST /session/329de238260d7602ed1af1352086bef4/actions - {"actions":[{"id":"action88","type":"key","parameters":{},"actions":[{"type":"keyDown","value":""},{"type":"pause","duration":10},{"type":"keyUp","value":""}]}]}
RESULT: {"actions":[{"id":"action88","type":"key","parameters":{},"actions":[{"type":"keyDown","value":""},{"type":"pause","duration":10},{"type":"keyUp","value":""}]}]}
COMMAND: GET /session/329de238260d7602ed1af1352086bef4/screenshot - {}
RESULT: {}
COMMAND: POST /session/329de238260d7602ed1af1352086bef4/element - {"using":"xpath","value":"//div[contains(@id, 'filterItemControl_BASIC-SEND_CONTRACT-valueHelpDialog-table-rowsel0')]"}
RESULT: {"using":"xpath","value":"//div[contains(@id, 'filterItemControl_BASIC-SEND_CONTRACT-valueHelpDialog-table-rowsel0')]"}
COMMAND: POST /session/329de238260d7602ed1af1352086bef4/element/f.ABBA5987F2E82E58D78C902D9EA41D2B.d.BFC82B1BA6BABAC5B2AC7695359C18B3.e.25747/click - {}
RESULT: {}
COMMAND: GET /session/329de238260d7602ed1af1352086bef4/screenshot - {}
RESULT: {}
COMMAND: POST /session/329de238260d7602ed1af1352086bef4/element - {"using":"xpath","value":"//bdi[contains(text(), \"OK\")]"}
RESULT: {"using":"xpath","value":"//bdi[contains(text(), \"OK\")]"}
COMMAND: POST /session/329de238260d7602ed1af1352086bef4/element/f.ABBA5987F2E82E58D78C902D9EA41D2B.d.BFC82B1BA6BABAC5B2AC7695359C18B3.e.25749/click - {}
RESULT: {}
COMMAND: GET /session/329de238260d7602ed1af1352086bef4/screenshot - {}
RESULT: {}
COMMAND: POST /session/329de238260d7602ed1af1352086bef4/element - {"using":"xpath","value":"//span[contains(@id, \"smartTable-header-inner\")]"}
RESULT: {"using":"xpath","value":"//span[contains(@id, \"smartTable-header-inner\")]"}
COMMAND: POST /session/329de238260d7602ed1af1352086bef4/elements - {"using":"xpath","value":"//span[contains(@id, \"smartTable-header-inner\")]"}
RESULT: {"using":"xpath","value":"//span[contains(@id, \"smartTable-header-inner\")]"}
COMMAND: POST /session/329de238260d7602ed1af1352086bef4/execute/sync - {"script":"<script> [56 bytes]","args":[{"element-6066-11e4-a52e-4f735466cecf":"f.ABBA5987F2E82E58D78C902D9EA41D2B.d.BFC82B1BA6BABAC5B2AC7695359C18B3.e.25777","ELEMENT":"f.ABBA5987F2E82E58D78C902D9EA41D2B.d.BFC82B1BA6BABAC5B2AC7695359C18B3.e.25777"}]}
RESULT: {"script":"<script> [56 bytes]","args":[{"element-6066-11e4-a52e-4f735466cecf":"f.ABBA5987F2E82E58D78C902D9EA41D2B.d.BFC82B1BA6BABAC5B2AC7695359C18B3.e.25777","ELEMENT":"f.ABBA5987F2E82E58D78C902D9EA41D2B.d.BFC82B1BA6BABAC5B2AC7695359C18B3.e.25777"}]}
COMMAND: POST /session/329de238260d7602ed1af1352086bef4/element - {"using":"xpath","value":"//table[contains(@id, \"customHandovers\")]//tbody/tr[1]/td[2]/span"}
COMMAND: GET /session/329de238260d7602ed1af1352086bef4/screenshot - {}
RESULT: {"using":"xpath","value":"//table[contains(@id, \"customHandovers\")]//tbody/tr[1]/td[2]/span"}
COMMAND: POST /session/329de238260d7602ed1af1352086bef4/execute/sync - {"script":"<script> [56 bytes]","args":[{"element-6066-11e4-a52e-4f735466cecf":"f.ABBA5987F2E82E58D78C902D9EA41D2B.d.BFC82B1BA6BABAC5B2AC7695359C18B3.e.25778","ELEMENT":"f.ABBA5987F2E82E58D78C902D9EA41D2B.d.BFC82B1BA6BABAC5B2AC7695359C18B3.e.25778"}]}
RESULT: {}
RESULT: {"script":"<script> [56 bytes]","args":[{"element-6066-11e4-a52e-4f735466cecf":"f.ABBA5987F2E82E58D78C902D9EA41D2B.d.BFC82B1BA6BABAC5B2AC7695359C18B3.e.25778","ELEMENT":"f.ABBA5987F2E82E58D78C902D9EA41D2B.d.BFC82B1BA6BABAC5B2AC7695359C18B3.e.25778"}]}
COMMAND: POST /session/329de238260d7602ed1af1352086bef4/element - {"using":"xpath","value":"(//span[contains(@id, \"imgNav\")])[1]"}
COMMAND: GET /session/329de238260d7602ed1af1352086bef4/screenshot - {}
RESULT: {"using":"xpath","value":"(//span[contains(@id, \"imgNav\")])[1]"}
COMMAND: POST /session/329de238260d7602ed1af1352086bef4/element/f.ABBA5987F2E82E58D78C902D9EA41D2B.d.BFC82B1BA6BABAC5B2AC7695359C18B3.e.25775/click - {}
RESULT: {}
RESULT: {}
COMMAND: GET /session/329de238260d7602ed1af1352086bef4/screenshot - {}
RESULT: {}
RESULT: undefined
COMMAND: POST /session/329de238260d7602ed1af1352086bef4/execute/async - {"script":"<script> [776 bytes]","args":[{"enterText":"6/12/25","selector":{"id":"issueDatePicker","viewName":"etm.portal.ui.managehandovers.view.DetailExecuteHO","interaction":{"idSuffix":"inner"}},"clearTextFirst":true,"interactionType":"ENTER_TEXT"}]}
RESULT: {"script":"<script> [776 bytes]","args":[{"enterText":"6/12/25","selector":{"id":"issueDatePicker","viewName":"etm.portal.ui.managehandovers.view.DetailExecuteHO","interaction":{"idSuffix":"inner"}},"clearTextFirst":true,"interactionType":"ENTER_TEXT"}]}
COMMAND: POST /session/329de238260d7602ed1af1352086bef4/element - {"using":"xpath","value":"//button[@data-kt=\"IssuingTableConfirmAllButton\"]"}
RESULT: {"using":"xpath","value":"//button[@data-kt=\"IssuingTableConfirmAllButton\"]"}
COMMAND: POST /session/329de238260d7602ed1af1352086bef4/element/f.ABBA5987F2E82E58D78C902D9EA41D2B.d.BFC82B1BA6BABAC5B2AC7695359C18B3.e.25796/click - {}
RESULT: {}
COMMAND: GET /session/329de238260d7602ed1af1352086bef4/screenshot - {}
RESULT: {}
COMMAND: POST /session/329de238260d7602ed1af1352086bef4/element - {"using":"xpath","value":"//bdi[contains(text(), \"OK\")]"}
RESULT: {"using":"xpath","value":"//bdi[contains(text(), \"OK\")]"}
COMMAND: POST /session/329de238260d7602ed1af1352086bef4/element/f.ABBA5987F2E82E58D78C902D9EA41D2B.d.BFC82B1BA6BABAC5B2AC7695359C18B3.e.25832/click - {}
RESULT: {}
COMMAND: GET /session/329de238260d7602ed1af1352086bef4/screenshot - {}
RESULT: {}
COMMAND: POST /session/329de238260d7602ed1af1352086bef4/element - {"using":"xpath","value":"//button[@data-kt=\"execHoIssueButton\"]"}
RESULT: {"using":"xpath","value":"//button[@data-kt=\"execHoIssueButton\"]"}
COMMAND: POST /session/329de238260d7602ed1af1352086bef4/element/f.ABBA5987F2E82E58D78C902D9EA41D2B.d.BFC82B1BA6BABAC5B2AC7695359C18B3.e.25833/click - {}
RESULT: {}
COMMAND: GET /session/329de238260d7602ed1af1352086bef4/screenshot - {}
RESULT: {}
COMMAND: POST /session/329de238260d7602ed1af1352086bef4/element - {"using":"xpath","value":"//input[contains(@id ,\"smartFilterBar-btnBasicSearch-I\")]"}
RESULT: {"using":"xpath","value":"//input[contains(@id ,\"smartFilterBar-btnBasicSearch-I\")]"}
COMMAND: POST /session/329de238260d7602ed1af1352086bef4/elements - {"using":"xpath","value":"//input[contains(@id ,\"smartFilterBar-btnBasicSearch-I\")]"}
RESULT: {"using":"xpath","value":"//input[contains(@id ,\"smartFilterBar-btnBasicSearch-I\")]"}
COMMAND: POST /session/329de238260d7602ed1af1352086bef4/execute/sync - {"script":"<script> [8489 bytes]","args":[{"element-6066-11e4-a52e-4f735466cecf":"f.ABBA5987F2E82E58D78C902D9EA41D2B.d.BFC82B1BA6BABAC5B2AC7695359C18B3.e.25246","ELEMENT":"f.ABBA5987F2E82E58D78C902D9EA41D2B.d.BFC82B1BA6BABAC5B2AC7695359C18B3.e.25246"}]}
RESULT: {"script":"<script> [8489 bytes]","args":[{"element-6066-11e4-a52e-4f735466cecf":"f.ABBA5987F2E82E58D78C902D9EA41D2B.d.BFC82B1BA6BABAC5B2AC7695359C18B3.e.25246","ELEMENT":"f.ABBA5987F2E82E58D78C902D9EA41D2B.d.BFC82B1BA6BABAC5B2AC7695359C18B3.e.25246"}]}
COMMAND: GET /session/329de238260d7602ed1af1352086bef4/element/f.ABBA5987F2E82E58D78C902D9EA41D2B.d.BFC82B1BA6BABAC5B2AC7695359C18B3.e.25246/enabled - {}
COMMAND: GET /session/329de238260d7602ed1af1352086bef4/screenshot - {}
RESULT: {}
COMMAND: POST /session/329de238260d7602ed1af1352086bef4/element/f.ABBA5987F2E82E58D78C902D9EA41D2B.d.BFC82B1BA6BABAC5B2AC7695359C18B3.e.25246/clear - {}
COMMAND: GET /session/329de238260d7602ed1af1352086bef4/screenshot - {}
RESULT: {}
RESULT: {}
COMMAND: POST /session/329de238260d7602ed1af1352086bef4/element/f.ABBA5987F2E82E58D78C902D9EA41D2B.d.BFC82B1BA6BABAC5B2AC7695359C18B3.e.25246/value - {"text":"30847"}
COMMAND: GET /session/329de238260d7602ed1af1352086bef4/screenshot - {}
RESULT: {}
RESULT: {"text":"30847"}
COMMAND: GET /session/329de238260d7602ed1af1352086bef4/screenshot - {}
RESULT: {}
RESULT: {}
COMMAND: POST /session/329de238260d7602ed1af1352086bef4/actions - {"actions":[{"id":"action89","type":"key","parameters":{},"actions":[{"type":"keyDown","value":""},{"type":"pause","duration":10},{"type":"keyUp","value":""}]}]}
RESULT: {"actions":[{"id":"action89","type":"key","parameters":{},"actions":[{"type":"keyDown","value":""},{"type":"pause","duration":10},{"type":"keyUp","value":""}]}]}
COMMAND: GET /session/329de238260d7602ed1af1352086bef4/screenshot - {}
RESULT: {}
COMMAND: POST /session/329de238260d7602ed1af1352086bef4/element - {"using":"xpath","value":"//span[contains(@id, \"smartTable-header-inner\")]"}
RESULT: {"using":"xpath","value":"//span[contains(@id, \"smartTable-header-inner\")]"}
COMMAND: POST /session/329de238260d7602ed1af1352086bef4/elements - {"using":"xpath","value":"//span[contains(@id, \"smartTable-header-inner\")]"}
RESULT: {"using":"xpath","value":"//span[contains(@id, \"smartTable-header-inner\")]"}
COMMAND: POST /session/329de238260d7602ed1af1352086bef4/execute/sync - {"script":"<script> [56 bytes]","args":[{"element-6066-11e4-a52e-4f735466cecf":"f.ABBA5987F2E82E58D78C902D9EA41D2B.d.BFC82B1BA6BABAC5B2AC7695359C18B3.e.25777","ELEMENT":"f.ABBA5987F2E82E58D78C902D9EA41D2B.d.BFC82B1BA6BABAC5B2AC7695359C18B3.e.25777"}]}
RESULT: {"script":"<script> [56 bytes]","args":[{"element-6066-11e4-a52e-4f735466cecf":"f.ABBA5987F2E82E58D78C902D9EA41D2B.d.BFC82B1BA6BABAC5B2AC7695359C18B3.e.25777","ELEMENT":"f.ABBA5987F2E82E58D78C902D9EA41D2B.d.BFC82B1BA6BABAC5B2AC7695359C18B3.e.25777"}]}
COMMAND: POST /session/329de238260d7602ed1af1352086bef4/elements - {"using":"xpath","value":"//thead[contains(@class, \"sapMTableTH\")]/tr/th"}
COMMAND: GET /session/329de238260d7602ed1af1352086bef4/screenshot - {}
RESULT: {"using":"xpath","value":"//thead[contains(@class, \"sapMTableTH\")]/tr/th"}
COMMAND: GET /session/329de238260d7602ed1af1352086bef4/element/f.ABBA5987F2E82E58D78C902D9EA41D2B.d.BFC82B1BA6BABAC5B2AC7695359C18B3.e.25872/text - {}
RESULT: {}
RESULT: {}
COMMAND: GET /session/329de238260d7602ed1af1352086bef4/element/f.ABBA5987F2E82E58D78C902D9EA41D2B.d.BFC82B1BA6BABAC5B2AC7695359C18B3.e.25873/text - {}
RESULT: {}
COMMAND: GET /session/329de238260d7602ed1af1352086bef4/element/f.ABBA5987F2E82E58D78C902D9EA41D2B.d.BFC82B1BA6BABAC5B2AC7695359C18B3.e.25291/text - {}
RESULT: {}
COMMAND: GET /session/329de238260d7602ed1af1352086bef4/element/f.ABBA5987F2E82E58D78C902D9EA41D2B.d.BFC82B1BA6BABAC5B2AC7695359C18B3.e.25293/text - {}
RESULT: {}
COMMAND: GET /session/329de238260d7602ed1af1352086bef4/element/f.ABBA5987F2E82E58D78C902D9EA41D2B.d.BFC82B1BA6BABAC5B2AC7695359C18B3.e.25837/text - {}
RESULT: {}
COMMAND: GET /session/329de238260d7602ed1af1352086bef4/element/f.ABBA5987F2E82E58D78C902D9EA41D2B.d.BFC82B1BA6BABAC5B2AC7695359C18B3.e.25838/text - {}
RESULT: {}
COMMAND: GET /session/329de238260d7602ed1af1352086bef4/element/f.ABBA5987F2E82E58D78C902D9EA41D2B.d.BFC82B1BA6BABAC5B2AC7695359C18B3.e.25839/text - {}
RESULT: {}
COMMAND: GET /session/329de238260d7602ed1af1352086bef4/element/f.ABBA5987F2E82E58D78C902D9EA41D2B.d.BFC82B1BA6BABAC5B2AC7695359C18B3.e.25840/text - {}
RESULT: {}
COMMAND: GET /session/329de238260d7602ed1af1352086bef4/element/f.ABBA5987F2E82E58D78C902D9EA41D2B.d.BFC82B1BA6BABAC5B2AC7695359C18B3.e.25841/text - {}
RESULT: {}
COMMAND: GET /session/329de238260d7602ed1af1352086bef4/element/f.ABBA5987F2E82E58D78C902D9EA41D2B.d.BFC82B1BA6BABAC5B2AC7695359C18B3.e.25842/text - {}
RESULT: {}
COMMAND: GET /session/329de238260d7602ed1af1352086bef4/element/f.ABBA5987F2E82E58D78C902D9EA41D2B.d.BFC82B1BA6BABAC5B2AC7695359C18B3.e.25843/text - {}
RESULT: {}
COMMAND: GET /session/329de238260d7602ed1af1352086bef4/element/f.ABBA5987F2E82E58D78C902D9EA41D2B.d.BFC82B1BA6BABAC5B2AC7695359C18B3.e.25844/text - {}
RESULT: {}
COMMAND: GET /session/329de238260d7602ed1af1352086bef4/element/f.ABBA5987F2E82E58D78C902D9EA41D2B.d.BFC82B1BA6BABAC5B2AC7695359C18B3.e.25845/text - {}
RESULT: {}
COMMAND: GET /session/329de238260d7602ed1af1352086bef4/element/f.ABBA5987F2E82E58D78C902D9EA41D2B.d.BFC82B1BA6BABAC5B2AC7695359C18B3.e.25294/text - {}
RESULT: {}
COMMAND: POST /session/329de238260d7602ed1af1352086bef4/element - {"using":"xpath","value":"//tbody[contains(@id, \"customHandoversTable-tblBody\")]/tr[1]/td[14]/div/span"}
RESULT: {"using":"xpath","value":"//tbody[contains(@id, \"customHandoversTable-tblBody\")]/tr[1]/td[14]/div/span"}
COMMAND: POST /session/329de238260d7602ed1af1352086bef4/execute/sync - {"script":"<script> [56 bytes]","args":[{"element-6066-11e4-a52e-4f735466cecf":"f.ABBA5987F2E82E58D78C902D9EA41D2B.d.BFC82B1BA6BABAC5B2AC7695359C18B3.e.25922","ELEMENT":"f.ABBA5987F2E82E58D78C902D9EA41D2B.d.BFC82B1BA6BABAC5B2AC7695359C18B3.e.25922"}]}
RESULT: {"script":"<script> [56 bytes]","args":[{"element-6066-11e4-a52e-4f735466cecf":"f.ABBA5987F2E82E58D78C902D9EA41D2B.d.BFC82B1BA6BABAC5B2AC7695359C18B3.e.25922","ELEMENT":"f.ABBA5987F2E82E58D78C902D9EA41D2B.d.BFC82B1BA6BABAC5B2AC7695359C18B3.e.25922"}]}
COMMAND: POST /session/329de238260d7602ed1af1352086bef4/element - {"using":"xpath","value":"(//span[contains(@id, \"imgNav\")])[1]"}
COMMAND: GET /session/329de238260d7602ed1af1352086bef4/screenshot - {}
RESULT: {"using":"xpath","value":"(//span[contains(@id, \"imgNav\")])[1]"}
COMMAND: POST /session/329de238260d7602ed1af1352086bef4/element/f.ABBA5987F2E82E58D78C902D9EA41D2B.d.BFC82B1BA6BABAC5B2AC7695359C18B3.e.25923/click - {}
RESULT: {}
RESULT: {}
COMMAND: GET /session/329de238260d7602ed1af1352086bef4/screenshot - {}
RESULT: {}
RESULT: undefined
COMMAND: POST /session/329de238260d7602ed1af1352086bef4/execute/async - {"script":"<script> [776 bytes]","args":[{"enterText":"6/19/25","selector":{"id":"receiptDatePicker","viewName":"etm.portal.ui.managehandovers.view.DetailExecuteHO","interaction":{"idSuffix":"inner"}},"clearTextFirst":true,"interactionType":"ENTER_TEXT"}]}
RESULT: {"script":"<script> [776 bytes]","args":[{"enterText":"6/19/25","selector":{"id":"receiptDatePicker","viewName":"etm.portal.ui.managehandovers.view.DetailExecuteHO","interaction":{"idSuffix":"inner"}},"clearTextFirst":true,"interactionType":"ENTER_TEXT"}]}
COMMAND: POST /session/329de238260d7602ed1af1352086bef4/element - {"using":"xpath","value":"//bdi[contains(text(), \"OK\")]"}
RESULT: {"using":"xpath","value":"//bdi[contains(text(), \"OK\")]"}
COMMAND: POST /session/329de238260d7602ed1af1352086bef4/element/f.ABBA5987F2E82E58D78C902D9EA41D2B.d.BFC82B1BA6BABAC5B2AC7695359C18B3.e.25963/click - {}
RESULT: {}
COMMAND: GET /session/329de238260d7602ed1af1352086bef4/screenshot - {}
RESULT: {}
COMMAND: POST /session/329de238260d7602ed1af1352086bef4/element - {"using":"xpath","value":"//button[@data-kt=\"ReceivingTableConfirmAllButton\"]"}
RESULT: {"using":"xpath","value":"//button[@data-kt=\"ReceivingTableConfirmAllButton\"]"}
COMMAND: POST /session/329de238260d7602ed1af1352086bef4/element/f.ABBA5987F2E82E58D78C902D9EA41D2B.d.BFC82B1BA6BABAC5B2AC7695359C18B3.e.25943/click - {}
RESULT: {}
COMMAND: GET /session/329de238260d7602ed1af1352086bef4/screenshot - {}
RESULT: {}
COMMAND: POST /session/329de238260d7602ed1af1352086bef4/element - {"using":"xpath","value":"//bdi[contains(text(), \"OK\")]"}
RESULT: {"using":"xpath","value":"//bdi[contains(text(), \"OK\")]"}
COMMAND: POST /session/329de238260d7602ed1af1352086bef4/element/f.ABBA5987F2E82E58D78C902D9EA41D2B.d.BFC82B1BA6BABAC5B2AC7695359C18B3.e.25977/click - {}
RESULT: {}
COMMAND: GET /session/329de238260d7602ed1af1352086bef4/screenshot - {}
RESULT: {}
COMMAND: POST /session/329de238260d7602ed1af1352086bef4/element - {"using":"xpath","value":"//button[@data-kt= \"execHoReceiveButton\"]"}
RESULT: {"using":"xpath","value":"//button[@data-kt= \"execHoReceiveButton\"]"}
COMMAND: POST /session/329de238260d7602ed1af1352086bef4/element/f.ABBA5987F2E82E58D78C902D9EA41D2B.d.BFC82B1BA6BABAC5B2AC7695359C18B3.e.25978/click - {}
RESULT: {}
COMMAND: GET /session/329de238260d7602ed1af1352086bef4/screenshot - {}
RESULT: {}
COMMAND: POST /session/329de238260d7602ed1af1352086bef4/element - {"using":"xpath","value":"//input[contains(@id ,\"smartFilterBar-btnBasicSearch-I\")]"}
RESULT: {"using":"xpath","value":"//input[contains(@id ,\"smartFilterBar-btnBasicSearch-I\")]"}
COMMAND: POST /session/329de238260d7602ed1af1352086bef4/elements - {"using":"xpath","value":"//input[contains(@id ,\"smartFilterBar-btnBasicSearch-I\")]"}
RESULT: {"using":"xpath","value":"//input[contains(@id ,\"smartFilterBar-btnBasicSearch-I\")]"}
COMMAND: POST /session/329de238260d7602ed1af1352086bef4/execute/sync - {"script":"<script> [8489 bytes]","args":[{"element-6066-11e4-a52e-4f735466cecf":"f.ABBA5987F2E82E58D78C902D9EA41D2B.d.BFC82B1BA6BABAC5B2AC7695359C18B3.e.25246","ELEMENT":"f.ABBA5987F2E82E58D78C902D9EA41D2B.d.BFC82B1BA6BABAC5B2AC7695359C18B3.e.25246"}]}
RESULT: {"script":"<script> [8489 bytes]","args":[{"element-6066-11e4-a52e-4f735466cecf":"f.ABBA5987F2E82E58D78C902D9EA41D2B.d.BFC82B1BA6BABAC5B2AC7695359C18B3.e.25246","ELEMENT":"f.ABBA5987F2E82E58D78C902D9EA41D2B.d.BFC82B1BA6BABAC5B2AC7695359C18B3.e.25246"}]}
COMMAND: GET /session/329de238260d7602ed1af1352086bef4/element/f.ABBA5987F2E82E58D78C902D9EA41D2B.d.BFC82B1BA6BABAC5B2AC7695359C18B3.e.25246/enabled - {}
COMMAND: GET /session/329de238260d7602ed1af1352086bef4/screenshot - {}
RESULT: {}
COMMAND: POST /session/329de238260d7602ed1af1352086bef4/element/f.ABBA5987F2E82E58D78C902D9EA41D2B.d.BFC82B1BA6BABAC5B2AC7695359C18B3.e.25246/clear - {}
COMMAND: GET /session/329de238260d7602ed1af1352086bef4/screenshot - {}
RESULT: {}
RESULT: {}
COMMAND: POST /session/329de238260d7602ed1af1352086bef4/element/f.ABBA5987F2E82E58D78C902D9EA41D2B.d.BFC82B1BA6BABAC5B2AC7695359C18B3.e.25246/value - {"text":"30847"}
COMMAND: GET /session/329de238260d7602ed1af1352086bef4/screenshot - {}
RESULT: {}
RESULT: {"text":"30847"}
COMMAND: GET /session/329de238260d7602ed1af1352086bef4/screenshot - {}
RESULT: {}
RESULT: {}
COMMAND: POST /session/329de238260d7602ed1af1352086bef4/actions - {"actions":[{"id":"action90","type":"key","parameters":{},"actions":[{"type":"keyDown","value":""},{"type":"pause","duration":10},{"type":"keyUp","value":""}]}]}
RESULT: {"actions":[{"id":"action90","type":"key","parameters":{},"actions":[{"type":"keyDown","value":""},{"type":"pause","duration":10},{"type":"keyUp","value":""}]}]}
COMMAND: GET /session/329de238260d7602ed1af1352086bef4/screenshot - {}
RESULT: {}
COMMAND: POST /session/329de238260d7602ed1af1352086bef4/element - {"using":"xpath","value":"//span[contains(@id, \"smartTable-header-inner\")]"}
RESULT: {"using":"xpath","value":"//span[contains(@id, \"smartTable-header-inner\")]"}
COMMAND: POST /session/329de238260d7602ed1af1352086bef4/elements - {"using":"xpath","value":"//span[contains(@id, \"smartTable-header-inner\")]"}
RESULT: {"using":"xpath","value":"//span[contains(@id, \"smartTable-header-inner\")]"}
COMMAND: POST /session/329de238260d7602ed1af1352086bef4/execute/sync - {"script":"<script> [56 bytes]","args":[{"element-6066-11e4-a52e-4f735466cecf":"f.ABBA5987F2E82E58D78C902D9EA41D2B.d.BFC82B1BA6BABAC5B2AC7695359C18B3.e.25777","ELEMENT":"f.ABBA5987F2E82E58D78C902D9EA41D2B.d.BFC82B1BA6BABAC5B2AC7695359C18B3.e.25777"}]}
RESULT: {"script":"<script> [56 bytes]","args":[{"element-6066-11e4-a52e-4f735466cecf":"f.ABBA5987F2E82E58D78C902D9EA41D2B.d.BFC82B1BA6BABAC5B2AC7695359C18B3.e.25777","ELEMENT":"f.ABBA5987F2E82E58D78C902D9EA41D2B.d.BFC82B1BA6BABAC5B2AC7695359C18B3.e.25777"}]}
COMMAND: POST /session/329de238260d7602ed1af1352086bef4/elements - {"using":"xpath","value":"//thead[contains(@class, \"sapMTableTH\")]/tr/th"}
COMMAND: GET /session/329de238260d7602ed1af1352086bef4/screenshot - {}
RESULT: {"using":"xpath","value":"//thead[contains(@class, \"sapMTableTH\")]/tr/th"}
COMMAND: GET /session/329de238260d7602ed1af1352086bef4/element/f.ABBA5987F2E82E58D78C902D9EA41D2B.d.BFC82B1BA6BABAC5B2AC7695359C18B3.e.25872/text - {}
RESULT: {}
RESULT: {}
COMMAND: GET /session/329de238260d7602ed1af1352086bef4/element/f.ABBA5987F2E82E58D78C902D9EA41D2B.d.BFC82B1BA6BABAC5B2AC7695359C18B3.e.25873/text - {}
RESULT: {}
COMMAND: GET /session/329de238260d7602ed1af1352086bef4/element/f.ABBA5987F2E82E58D78C902D9EA41D2B.d.BFC82B1BA6BABAC5B2AC7695359C18B3.e.25291/text - {}
RESULT: {}
COMMAND: GET /session/329de238260d7602ed1af1352086bef4/element/f.ABBA5987F2E82E58D78C902D9EA41D2B.d.BFC82B1BA6BABAC5B2AC7695359C18B3.e.25293/text - {}
RESULT: {}
COMMAND: GET /session/329de238260d7602ed1af1352086bef4/element/f.ABBA5987F2E82E58D78C902D9EA41D2B.d.BFC82B1BA6BABAC5B2AC7695359C18B3.e.25982/text - {}
RESULT: {}
COMMAND: GET /session/329de238260d7602ed1af1352086bef4/element/f.ABBA5987F2E82E58D78C902D9EA41D2B.d.BFC82B1BA6BABAC5B2AC7695359C18B3.e.25983/text - {}
RESULT: {}
COMMAND: GET /session/329de238260d7602ed1af1352086bef4/element/f.ABBA5987F2E82E58D78C902D9EA41D2B.d.BFC82B1BA6BABAC5B2AC7695359C18B3.e.25984/text - {}
RESULT: {}
COMMAND: GET /session/329de238260d7602ed1af1352086bef4/element/f.ABBA5987F2E82E58D78C902D9EA41D2B.d.BFC82B1BA6BABAC5B2AC7695359C18B3.e.25985/text - {}
RESULT: {}
COMMAND: GET /session/329de238260d7602ed1af1352086bef4/element/f.ABBA5987F2E82E58D78C902D9EA41D2B.d.BFC82B1BA6BABAC5B2AC7695359C18B3.e.25986/text - {}
RESULT: {}
COMMAND: GET /session/329de238260d7602ed1af1352086bef4/element/f.ABBA5987F2E82E58D78C902D9EA41D2B.d.BFC82B1BA6BABAC5B2AC7695359C18B3.e.25987/text - {}
RESULT: {}
COMMAND: GET /session/329de238260d7602ed1af1352086bef4/element/f.ABBA5987F2E82E58D78C902D9EA41D2B.d.BFC82B1BA6BABAC5B2AC7695359C18B3.e.25988/text - {}
RESULT: {}
COMMAND: GET /session/329de238260d7602ed1af1352086bef4/element/f.ABBA5987F2E82E58D78C902D9EA41D2B.d.BFC82B1BA6BABAC5B2AC7695359C18B3.e.25989/text - {}
RESULT: {}
COMMAND: GET /session/329de238260d7602ed1af1352086bef4/element/f.ABBA5987F2E82E58D78C902D9EA41D2B.d.BFC82B1BA6BABAC5B2AC7695359C18B3.e.25990/text - {}
RESULT: {}
COMMAND: GET /session/329de238260d7602ed1af1352086bef4/element/f.ABBA5987F2E82E58D78C902D9EA41D2B.d.BFC82B1BA6BABAC5B2AC7695359C18B3.e.25294/text - {}
RESULT: {}
COMMAND: POST /session/329de238260d7602ed1af1352086bef4/element - {"using":"xpath","value":"//tbody[contains(@id, \"customHandoversTable-tblBody\")]/tr[1]/td[14]/div/span"}
RESULT: {"using":"xpath","value":"//tbody[contains(@id, \"customHandoversTable-tblBody\")]/tr[1]/td[14]/div/span"}
COMMAND: POST /session/329de238260d7602ed1af1352086bef4/execute/sync - {"script":"<script> [56 bytes]","args":[{"element-6066-11e4-a52e-4f735466cecf":"f.ABBA5987F2E82E58D78C902D9EA41D2B.d.BFC82B1BA6BABAC5B2AC7695359C18B3.e.26035","ELEMENT":"f.ABBA5987F2E82E58D78C902D9EA41D2B.d.BFC82B1BA6BABAC5B2AC7695359C18B3.e.26035"}]}
RESULT: {"script":"<script> [56 bytes]","args":[{"element-6066-11e4-a52e-4f735466cecf":"f.ABBA5987F2E82E58D78C902D9EA41D2B.d.BFC82B1BA6BABAC5B2AC7695359C18B3.e.26035","ELEMENT":"f.ABBA5987F2E82E58D78C902D9EA41D2B.d.BFC82B1BA6BABAC5B2AC7695359C18B3.e.26035"}]}
COMMAND: POST /session/329de238260d7602ed1af1352086bef4/element - {"using":"css selector","value":"#shell-header-logo"}
COMMAND: GET /session/329de238260d7602ed1af1352086bef4/screenshot - {}
RESULT: {"using":"css selector","value":"#shell-header-logo"}
COMMAND: POST /session/329de238260d7602ed1af1352086bef4/element/f.ABBA5987F2E82E58D78C902D9EA41D2B.d.BFC82B1BA6BABAC5B2AC7695359C18B3.e.24900/click - {}
RESULT: {}
RESULT: {}
COMMAND: GET /session/329de238260d7602ed1af1352086bef4/screenshot - {}
RESULT: {}
]]></system-out>
    </testcase>
    <testcase classname="chrome.136_0_7103_93.windows.Billing_Calculation_-_Time_based_(considering_transport_times)_US139738" name="Should do another billing run but in around 17 days from today" time="66.725">
      <system-out><![CDATA[
RESULT: undefined
COMMAND: POST /session/329de238260d7602ed1af1352086bef4/element - {"using":"xpath","value":"//*[@id=\"__tile51\"]"}
RESULT: {"using":"xpath","value":"//*[@id=\"__tile51\"]"}
COMMAND: POST /session/329de238260d7602ed1af1352086bef4/element/f.ABBA5987F2E82E58D78C902D9EA41D2B.d.BFC82B1BA6BABAC5B2AC7695359C18B3.e.20088/click - {}
RESULT: {}
COMMAND: GET /session/329de238260d7602ed1af1352086bef4/screenshot - {}
RESULT: {}
COMMAND: POST /session/329de238260d7602ed1af1352086bef4/elements - {"using":"xpath","value":"//span[text()='Error']"}
RESULT: {"using":"xpath","value":"//span[text()='Error']"}
RESULT: undefined
COMMAND: POST /session/329de238260d7602ed1af1352086bef4/execute/async - {"script":"<script> [776 bytes]","args":[{"enterText":"10388","selector":{"id":"application-managebillings-display-component---billRunCalcResult--smartFilterBar-btnBasicSearch","interaction":{"idSuffix":"I"}},"clearTextFirst":true,"interactionType":"ENTER_TEXT"}]}
RESULT: {"script":"<script> [776 bytes]","args":[{"enterText":"10388","selector":{"id":"application-managebillings-display-component---billRunCalcResult--smartFilterBar-btnBasicSearch","interaction":{"idSuffix":"I"}},"clearTextFirst":true,"interactionType":"ENTER_TEXT"}]}
COMMAND: POST /session/329de238260d7602ed1af1352086bef4/actions - {"actions":[{"id":"action91","type":"key","parameters":{},"actions":[{"type":"keyDown","value":""},{"type":"pause","duration":10},{"type":"keyUp","value":""}]}]}
RESULT: {"actions":[{"id":"action91","type":"key","parameters":{},"actions":[{"type":"keyDown","value":""},{"type":"pause","duration":10},{"type":"keyUp","value":""}]}]}
COMMAND: GET /session/329de238260d7602ed1af1352086bef4/screenshot - {}
RESULT: {}
COMMAND: POST /session/329de238260d7602ed1af1352086bef4/element - {"using":"xpath","value":"//td[@aria-colindex=\"1\"]/div/div[contains(@class, \"sapMCbBg\")]"}
RESULT: {"using":"xpath","value":"//td[@aria-colindex=\"1\"]/div/div[contains(@class, \"sapMCbBg\")]"}
COMMAND: POST /session/329de238260d7602ed1af1352086bef4/element/f.ABBA5987F2E82E58D78C902D9EA41D2B.d.BFC82B1BA6BABAC5B2AC7695359C18B3.e.26248/click - {}
RESULT: {}
COMMAND: GET /session/329de238260d7602ed1af1352086bef4/screenshot - {}
RESULT: {}
RESULT: undefined
COMMAND: POST /session/329de238260d7602ed1af1352086bef4/execute/async - {"script":"<script> [776 bytes]","args":[{"enterText":"6/15/25","selector":{"id":"application-managebillings-display-component---billRunCalcResult--contractBillRunDate","interaction":{"idSuffix":"inner"}},"clearTextFirst":true,"interactionType":"ENTER_TEXT"}]}
RESULT: {"script":"<script> [776 bytes]","args":[{"enterText":"6/15/25","selector":{"id":"application-managebillings-display-component---billRunCalcResult--contractBillRunDate","interaction":{"idSuffix":"inner"}},"clearTextFirst":true,"interactionType":"ENTER_TEXT"}]}
COMMAND: POST /session/329de238260d7602ed1af1352086bef4/element - {"using":"xpath","value":"//bdi[contains(text(), \"Trigger Calculation\")]"}
RESULT: {"using":"xpath","value":"//bdi[contains(text(), \"Trigger Calculation\")]"}
COMMAND: POST /session/329de238260d7602ed1af1352086bef4/element/f.ABBA5987F2E82E58D78C902D9EA41D2B.d.BFC82B1BA6BABAC5B2AC7695359C18B3.e.26298/click - {}
RESULT: {}
COMMAND: GET /session/329de238260d7602ed1af1352086bef4/screenshot - {}
RESULT: {}
COMMAND: POST /session/329de238260d7602ed1af1352086bef4/element - {"using":"xpath","value":"(//span[contains(@id, \"imgNav\")])[1]"}
RESULT: {"using":"xpath","value":"(//span[contains(@id, \"imgNav\")])[1]"}
COMMAND: POST /session/329de238260d7602ed1af1352086bef4/element/f.ABBA5987F2E82E58D78C902D9EA41D2B.d.BFC82B1BA6BABAC5B2AC7695359C18B3.e.26249/click - {}
RESULT: {}
COMMAND: GET /session/329de238260d7602ed1af1352086bef4/screenshot - {}
RESULT: {}
COMMAND: POST /session/329de238260d7602ed1af1352086bef4/element - {"using":"xpath","value":"//tr/td[6]/div[1]/span[1]/span[1]"}
RESULT: {"using":"xpath","value":"//tr/td[6]/div[1]/span[1]/span[1]"}
COMMAND: GET /session/329de238260d7602ed1af1352086bef4/element/f.ABBA5987F2E82E58D78C902D9EA41D2B.d.BFC82B1BA6BABAC5B2AC7695359C18B3.e.26303/text - {}
RESULT: {}
COMMAND: POST /session/329de238260d7602ed1af1352086bef4/element - {"using":"xpath","value":"(//span[contains(@id, \"imgNav\")])[2]"}
RESULT: {"using":"xpath","value":"(//span[contains(@id, \"imgNav\")])[2]"}
COMMAND: POST /session/329de238260d7602ed1af1352086bef4/element/f.ABBA5987F2E82E58D78C902D9EA41D2B.d.BFC82B1BA6BABAC5B2AC7695359C18B3.e.26304/click - {}
RESULT: {}
COMMAND: POST /session/329de238260d7602ed1af1352086bef4/element - {"using":"xpath","value":"//bdi[contains(text(), \"Business Confirm\")]"}
COMMAND: GET /session/329de238260d7602ed1af1352086bef4/screenshot - {}
RESULT: {"using":"xpath","value":"//bdi[contains(text(), \"Business Confirm\")]"}
COMMAND: POST /session/329de238260d7602ed1af1352086bef4/elements - {"using":"xpath","value":"//bdi[contains(text(), \"Business Confirm\")]"}
RESULT: {}
RESULT: {"using":"xpath","value":"//bdi[contains(text(), \"Business Confirm\")]"}
COMMAND: POST /session/329de238260d7602ed1af1352086bef4/element - {"using":"xpath","value":"//bdi[contains(text(), \"Business Confirm\")]"}
RESULT: {"using":"xpath","value":"//bdi[contains(text(), \"Business Confirm\")]"}
COMMAND: POST /session/329de238260d7602ed1af1352086bef4/element/f.ABBA5987F2E82E58D78C902D9EA41D2B.d.BFC82B1BA6BABAC5B2AC7695359C18B3.e.26356/click - {}
RESULT: {}
COMMAND: POST /session/329de238260d7602ed1af1352086bef4/element - {"using":"css selector","value":"#shell-header-logo"}
COMMAND: GET /session/329de238260d7602ed1af1352086bef4/screenshot - {}
RESULT: {"using":"css selector","value":"#shell-header-logo"}
COMMAND: POST /session/329de238260d7602ed1af1352086bef4/element/f.ABBA5987F2E82E58D78C902D9EA41D2B.d.BFC82B1BA6BABAC5B2AC7695359C18B3.e.26039/click - {}
RESULT: {}
RESULT: {}
COMMAND: GET /session/329de238260d7602ed1af1352086bef4/screenshot - {}
RESULT: {}
]]></system-out>
    </testcase>
    <testcase classname="chrome.136_0_7103_93.windows.Billing_Calculation_-_Time_based_(considering_transport_times)_US139738" name="Should transfer the billing all the way to completion" time="98.236">
      <system-out><![CDATA[
RESULT: undefined
COMMAND: POST /session/329de238260d7602ed1af1352086bef4/element - {"using":"xpath","value":"//*[@id=\"__tile50\"]"}
RESULT: {"using":"xpath","value":"//*[@id=\"__tile50\"]"}
COMMAND: POST /session/329de238260d7602ed1af1352086bef4/element/f.ABBA5987F2E82E58D78C902D9EA41D2B.d.BFC82B1BA6BABAC5B2AC7695359C18B3.e.20086/click - {}
RESULT: {}
COMMAND: GET /session/329de238260d7602ed1af1352086bef4/screenshot - {}
RESULT: {}
COMMAND: POST /session/329de238260d7602ed1af1352086bef4/elements - {"using":"xpath","value":"//span[text()='Error']"}
RESULT: {"using":"xpath","value":"//span[text()='Error']"}
COMMAND: POST /session/329de238260d7602ed1af1352086bef4/element - {"using":"xpath","value":"//input[contains(@id ,\"application-billingtransfer-display-component---billingWorkbench--smartFilterBar-btnBasicSearch\")]"}
RESULT: {"using":"xpath","value":"//input[contains(@id ,\"application-billingtransfer-display-component---billingWorkbench--smartFilterBar-btnBasicSearch\")]"}
COMMAND: POST /session/329de238260d7602ed1af1352086bef4/elements - {"using":"xpath","value":"//input[contains(@id ,\"application-billingtransfer-display-component---billingWorkbench--smartFilterBar-btnBasicSearch\")]"}
RESULT: {"using":"xpath","value":"//input[contains(@id ,\"application-billingtransfer-display-component---billingWorkbench--smartFilterBar-btnBasicSearch\")]"}
COMMAND: POST /session/329de238260d7602ed1af1352086bef4/execute/sync - {"script":"<script> [8489 bytes]","args":[{"element-6066-11e4-a52e-4f735466cecf":"f.ABBA5987F2E82E58D78C902D9EA41D2B.d.BFC82B1BA6BABAC5B2AC7695359C18B3.e.26383","ELEMENT":"f.ABBA5987F2E82E58D78C902D9EA41D2B.d.BFC82B1BA6BABAC5B2AC7695359C18B3.e.26383"}]}
RESULT: {"script":"<script> [8489 bytes]","args":[{"element-6066-11e4-a52e-4f735466cecf":"f.ABBA5987F2E82E58D78C902D9EA41D2B.d.BFC82B1BA6BABAC5B2AC7695359C18B3.e.26383","ELEMENT":"f.ABBA5987F2E82E58D78C902D9EA41D2B.d.BFC82B1BA6BABAC5B2AC7695359C18B3.e.26383"}]}
COMMAND: GET /session/329de238260d7602ed1af1352086bef4/element/f.ABBA5987F2E82E58D78C902D9EA41D2B.d.BFC82B1BA6BABAC5B2AC7695359C18B3.e.26383/enabled - {}
COMMAND: GET /session/329de238260d7602ed1af1352086bef4/screenshot - {}
RESULT: {}
COMMAND: POST /session/329de238260d7602ed1af1352086bef4/element/f.ABBA5987F2E82E58D78C902D9EA41D2B.d.BFC82B1BA6BABAC5B2AC7695359C18B3.e.26383/click - {}
COMMAND: GET /session/329de238260d7602ed1af1352086bef4/screenshot - {}
RESULT: {}
RESULT: {}
COMMAND: GET /session/329de238260d7602ed1af1352086bef4/screenshot - {}
RESULT: {}
RESULT: {}
COMMAND: POST /session/329de238260d7602ed1af1352086bef4/element/f.ABBA5987F2E82E58D78C902D9EA41D2B.d.BFC82B1BA6BABAC5B2AC7695359C18B3.e.26383/clear - {}
RESULT: {}
COMMAND: POST /session/329de238260d7602ed1af1352086bef4/element/f.ABBA5987F2E82E58D78C902D9EA41D2B.d.BFC82B1BA6BABAC5B2AC7695359C18B3.e.26383/value - {"text":"10388"}
COMMAND: GET /session/329de238260d7602ed1af1352086bef4/screenshot - {}
RESULT: {"text":"10388"}
COMMAND: POST /session/329de238260d7602ed1af1352086bef4/actions - {"actions":[{"id":"action92","type":"key","parameters":{},"actions":[{"type":"keyDown","value":""},{"type":"pause","duration":10},{"type":"keyUp","value":""}]}]}
COMMAND: GET /session/329de238260d7602ed1af1352086bef4/screenshot - {}
RESULT: {}
RESULT: {"actions":[{"id":"action92","type":"key","parameters":{},"actions":[{"type":"keyDown","value":""},{"type":"pause","duration":10},{"type":"keyUp","value":""}]}]}
COMMAND: GET /session/329de238260d7602ed1af1352086bef4/screenshot - {}
RESULT: {}
RESULT: {}
COMMAND: POST /session/329de238260d7602ed1af1352086bef4/element - {"using":"xpath","value":"//span[contains(@id ,\"application-billingtransfer-display-component---billingWorkbench--smartTableBillingRuns-header-inner\")]"}
RESULT: {"using":"xpath","value":"//span[contains(@id ,\"application-billingtransfer-display-component---billingWorkbench--smartTableBillingRuns-header-inner\")]"}
COMMAND: POST /session/329de238260d7602ed1af1352086bef4/elements - {"using":"xpath","value":"//span[contains(@id ,\"application-billingtransfer-display-component---billingWorkbench--smartTableBillingRuns-header-inner\")]"}
RESULT: {"using":"xpath","value":"//span[contains(@id ,\"application-billingtransfer-display-component---billingWorkbench--smartTableBillingRuns-header-inner\")]"}
COMMAND: POST /session/329de238260d7602ed1af1352086bef4/execute/sync - {"script":"<script> [56 bytes]","args":[{"element-6066-11e4-a52e-4f735466cecf":"f.ABBA5987F2E82E58D78C902D9EA41D2B.d.BFC82B1BA6BABAC5B2AC7695359C18B3.e.26540","ELEMENT":"f.ABBA5987F2E82E58D78C902D9EA41D2B.d.BFC82B1BA6BABAC5B2AC7695359C18B3.e.26540"}]}
RESULT: {"script":"<script> [56 bytes]","args":[{"element-6066-11e4-a52e-4f735466cecf":"f.ABBA5987F2E82E58D78C902D9EA41D2B.d.BFC82B1BA6BABAC5B2AC7695359C18B3.e.26540","ELEMENT":"f.ABBA5987F2E82E58D78C902D9EA41D2B.d.BFC82B1BA6BABAC5B2AC7695359C18B3.e.26540"}]}
COMMAND: POST /session/329de238260d7602ed1af1352086bef4/element - {"using":"xpath","value":"//td[@aria-colindex=\"1\"]/div/div[contains(@class, \"sapMCbBg\")]"}
COMMAND: GET /session/329de238260d7602ed1af1352086bef4/screenshot - {}
RESULT: {"using":"xpath","value":"//td[@aria-colindex=\"1\"]/div/div[contains(@class, \"sapMCbBg\")]"}
COMMAND: POST /session/329de238260d7602ed1af1352086bef4/element/f.ABBA5987F2E82E58D78C902D9EA41D2B.d.BFC82B1BA6BABAC5B2AC7695359C18B3.e.26503/click - {}
RESULT: {}
RESULT: {}
COMMAND: GET /session/329de238260d7602ed1af1352086bef4/screenshot - {}
RESULT: {}
COMMAND: POST /session/329de238260d7602ed1af1352086bef4/element - {"using":"xpath","value":"//bdi[contains(text(), \"Check\")]"}
RESULT: {"using":"xpath","value":"//bdi[contains(text(), \"Check\")]"}
COMMAND: POST /session/329de238260d7602ed1af1352086bef4/element/f.ABBA5987F2E82E58D78C902D9EA41D2B.d.BFC82B1BA6BABAC5B2AC7695359C18B3.e.26541/click - {}
RESULT: {}
COMMAND: GET /session/329de238260d7602ed1af1352086bef4/screenshot - {}
RESULT: {}
COMMAND: POST /session/329de238260d7602ed1af1352086bef4/element - {"using":"xpath","value":"//bdi[contains(text(), \"OK\")]"}
RESULT: {"using":"xpath","value":"//bdi[contains(text(), \"OK\")]"}
COMMAND: POST /session/329de238260d7602ed1af1352086bef4/element/f.ABBA5987F2E82E58D78C902D9EA41D2B.d.BFC82B1BA6BABAC5B2AC7695359C18B3.e.26544/click - {}
RESULT: {}
COMMAND: GET /session/329de238260d7602ed1af1352086bef4/screenshot - {}
RESULT: {}
COMMAND: POST /session/329de238260d7602ed1af1352086bef4/element - {"using":"xpath","value":"(//span[contains(text(), \"CO/SD checked\")]/parent::div/preceding-sibling::div/span)[1]"}
RESULT: {"using":"xpath","value":"(//span[contains(text(), \"CO/SD checked\")]/parent::div/preceding-sibling::div/span)[1]"}
COMMAND: POST /session/329de238260d7602ed1af1352086bef4/element/f.ABBA5987F2E82E58D78C902D9EA41D2B.d.BFC82B1BA6BABAC5B2AC7695359C18B3.e.26553/click - {}
RESULT: {}
COMMAND: GET /session/329de238260d7602ed1af1352086bef4/screenshot - {}
RESULT: {}
COMMAND: POST /session/329de238260d7602ed1af1352086bef4/element - {"using":"xpath","value":"//input[contains(@id ,\"application-billingtransfer-display-component---billingWorkbench--smartFilterBar-btnBasicSearch\")]"}
RESULT: {"using":"xpath","value":"//input[contains(@id ,\"application-billingtransfer-display-component---billingWorkbench--smartFilterBar-btnBasicSearch\")]"}
COMMAND: POST /session/329de238260d7602ed1af1352086bef4/elements - {"using":"xpath","value":"//input[contains(@id ,\"application-billingtransfer-display-component---billingWorkbench--smartFilterBar-btnBasicSearch\")]"}
RESULT: {"using":"xpath","value":"//input[contains(@id ,\"application-billingtransfer-display-component---billingWorkbench--smartFilterBar-btnBasicSearch\")]"}
COMMAND: POST /session/329de238260d7602ed1af1352086bef4/execute/sync - {"script":"<script> [8489 bytes]","args":[{"element-6066-11e4-a52e-4f735466cecf":"f.ABBA5987F2E82E58D78C902D9EA41D2B.d.BFC82B1BA6BABAC5B2AC7695359C18B3.e.26383","ELEMENT":"f.ABBA5987F2E82E58D78C902D9EA41D2B.d.BFC82B1BA6BABAC5B2AC7695359C18B3.e.26383"}]}
RESULT: {"script":"<script> [8489 bytes]","args":[{"element-6066-11e4-a52e-4f735466cecf":"f.ABBA5987F2E82E58D78C902D9EA41D2B.d.BFC82B1BA6BABAC5B2AC7695359C18B3.e.26383","ELEMENT":"f.ABBA5987F2E82E58D78C902D9EA41D2B.d.BFC82B1BA6BABAC5B2AC7695359C18B3.e.26383"}]}
COMMAND: GET /session/329de238260d7602ed1af1352086bef4/element/f.ABBA5987F2E82E58D78C902D9EA41D2B.d.BFC82B1BA6BABAC5B2AC7695359C18B3.e.26383/enabled - {}
COMMAND: GET /session/329de238260d7602ed1af1352086bef4/screenshot - {}
RESULT: {}
COMMAND: POST /session/329de238260d7602ed1af1352086bef4/element/f.ABBA5987F2E82E58D78C902D9EA41D2B.d.BFC82B1BA6BABAC5B2AC7695359C18B3.e.26383/click - {}
COMMAND: GET /session/329de238260d7602ed1af1352086bef4/screenshot - {}
RESULT: {}
RESULT: {}
COMMAND: GET /session/329de238260d7602ed1af1352086bef4/screenshot - {}
RESULT: {}
RESULT: {}
COMMAND: POST /session/329de238260d7602ed1af1352086bef4/element/f.ABBA5987F2E82E58D78C902D9EA41D2B.d.BFC82B1BA6BABAC5B2AC7695359C18B3.e.26383/clear - {}
RESULT: {}
COMMAND: POST /session/329de238260d7602ed1af1352086bef4/element/f.ABBA5987F2E82E58D78C902D9EA41D2B.d.BFC82B1BA6BABAC5B2AC7695359C18B3.e.26383/value - {"text":"10388"}
COMMAND: GET /session/329de238260d7602ed1af1352086bef4/screenshot - {}
RESULT: {"text":"10388"}
COMMAND: POST /session/329de238260d7602ed1af1352086bef4/actions - {"actions":[{"id":"action93","type":"key","parameters":{},"actions":[{"type":"keyDown","value":""},{"type":"pause","duration":10},{"type":"keyUp","value":""}]}]}
COMMAND: GET /session/329de238260d7602ed1af1352086bef4/screenshot - {}
RESULT: {}
RESULT: {"actions":[{"id":"action93","type":"key","parameters":{},"actions":[{"type":"keyDown","value":""},{"type":"pause","duration":10},{"type":"keyUp","value":""}]}]}
COMMAND: GET /session/329de238260d7602ed1af1352086bef4/screenshot - {}
RESULT: {}
RESULT: {}
COMMAND: POST /session/329de238260d7602ed1af1352086bef4/element - {"using":"xpath","value":"//span[contains(@id ,\"application-billingtransfer-display-component---billingWorkbench--smartTableBillingRuns-header-inner\")]"}
RESULT: {"using":"xpath","value":"//span[contains(@id ,\"application-billingtransfer-display-component---billingWorkbench--smartTableBillingRuns-header-inner\")]"}
COMMAND: POST /session/329de238260d7602ed1af1352086bef4/elements - {"using":"xpath","value":"//span[contains(@id ,\"application-billingtransfer-display-component---billingWorkbench--smartTableBillingRuns-header-inner\")]"}
RESULT: {"using":"xpath","value":"//span[contains(@id ,\"application-billingtransfer-display-component---billingWorkbench--smartTableBillingRuns-header-inner\")]"}
COMMAND: POST /session/329de238260d7602ed1af1352086bef4/execute/sync - {"script":"<script> [56 bytes]","args":[{"element-6066-11e4-a52e-4f735466cecf":"f.ABBA5987F2E82E58D78C902D9EA41D2B.d.BFC82B1BA6BABAC5B2AC7695359C18B3.e.26540","ELEMENT":"f.ABBA5987F2E82E58D78C902D9EA41D2B.d.BFC82B1BA6BABAC5B2AC7695359C18B3.e.26540"}]}
RESULT: {"script":"<script> [56 bytes]","args":[{"element-6066-11e4-a52e-4f735466cecf":"f.ABBA5987F2E82E58D78C902D9EA41D2B.d.BFC82B1BA6BABAC5B2AC7695359C18B3.e.26540","ELEMENT":"f.ABBA5987F2E82E58D78C902D9EA41D2B.d.BFC82B1BA6BABAC5B2AC7695359C18B3.e.26540"}]}
COMMAND: GET /session/329de238260d7602ed1af1352086bef4/screenshot - {}
RESULT: {}
COMMAND: POST /session/329de238260d7602ed1af1352086bef4/execute/sync - {"script":"<script> [56 bytes]","args":[{"element-6066-11e4-a52e-4f735466cecf":"f.ABBA5987F2E82E58D78C902D9EA41D2B.d.BFC82B1BA6BABAC5B2AC7695359C18B3.e.26540","ELEMENT":"f.ABBA5987F2E82E58D78C902D9EA41D2B.d.BFC82B1BA6BABAC5B2AC7695359C18B3.e.26540"}]}
RESULT: {"script":"<script> [56 bytes]","args":[{"element-6066-11e4-a52e-4f735466cecf":"f.ABBA5987F2E82E58D78C902D9EA41D2B.d.BFC82B1BA6BABAC5B2AC7695359C18B3.e.26540","ELEMENT":"f.ABBA5987F2E82E58D78C902D9EA41D2B.d.BFC82B1BA6BABAC5B2AC7695359C18B3.e.26540"}]}
COMMAND: GET /session/329de238260d7602ed1af1352086bef4/screenshot - {}
RESULT: {}
COMMAND: POST /session/329de238260d7602ed1af1352086bef4/execute/sync - {"script":"<script> [56 bytes]","args":[{"element-6066-11e4-a52e-4f735466cecf":"f.ABBA5987F2E82E58D78C902D9EA41D2B.d.BFC82B1BA6BABAC5B2AC7695359C18B3.e.26540","ELEMENT":"f.ABBA5987F2E82E58D78C902D9EA41D2B.d.BFC82B1BA6BABAC5B2AC7695359C18B3.e.26540"}]}
RESULT: {"script":"<script> [56 bytes]","args":[{"element-6066-11e4-a52e-4f735466cecf":"f.ABBA5987F2E82E58D78C902D9EA41D2B.d.BFC82B1BA6BABAC5B2AC7695359C18B3.e.26540","ELEMENT":"f.ABBA5987F2E82E58D78C902D9EA41D2B.d.BFC82B1BA6BABAC5B2AC7695359C18B3.e.26540"}]}
COMMAND: GET /session/329de238260d7602ed1af1352086bef4/screenshot - {}
RESULT: {}
COMMAND: POST /session/329de238260d7602ed1af1352086bef4/execute/sync - {"script":"<script> [56 bytes]","args":[{"element-6066-11e4-a52e-4f735466cecf":"f.ABBA5987F2E82E58D78C902D9EA41D2B.d.BFC82B1BA6BABAC5B2AC7695359C18B3.e.26540","ELEMENT":"f.ABBA5987F2E82E58D78C902D9EA41D2B.d.BFC82B1BA6BABAC5B2AC7695359C18B3.e.26540"}]}
RESULT: {"script":"<script> [56 bytes]","args":[{"element-6066-11e4-a52e-4f735466cecf":"f.ABBA5987F2E82E58D78C902D9EA41D2B.d.BFC82B1BA6BABAC5B2AC7695359C18B3.e.26540","ELEMENT":"f.ABBA5987F2E82E58D78C902D9EA41D2B.d.BFC82B1BA6BABAC5B2AC7695359C18B3.e.26540"}]}
COMMAND: GET /session/329de238260d7602ed1af1352086bef4/screenshot - {}
RESULT: {}
COMMAND: POST /session/329de238260d7602ed1af1352086bef4/execute/sync - {"script":"<script> [56 bytes]","args":[{"element-6066-11e4-a52e-4f735466cecf":"f.ABBA5987F2E82E58D78C902D9EA41D2B.d.BFC82B1BA6BABAC5B2AC7695359C18B3.e.26540","ELEMENT":"f.ABBA5987F2E82E58D78C902D9EA41D2B.d.BFC82B1BA6BABAC5B2AC7695359C18B3.e.26540"}]}
RESULT: {"script":"<script> [56 bytes]","args":[{"element-6066-11e4-a52e-4f735466cecf":"f.ABBA5987F2E82E58D78C902D9EA41D2B.d.BFC82B1BA6BABAC5B2AC7695359C18B3.e.26540","ELEMENT":"f.ABBA5987F2E82E58D78C902D9EA41D2B.d.BFC82B1BA6BABAC5B2AC7695359C18B3.e.26540"}]}
COMMAND: GET /session/329de238260d7602ed1af1352086bef4/screenshot - {}
RESULT: {}
COMMAND: POST /session/329de238260d7602ed1af1352086bef4/execute/sync - {"script":"<script> [56 bytes]","args":[{"element-6066-11e4-a52e-4f735466cecf":"f.ABBA5987F2E82E58D78C902D9EA41D2B.d.BFC82B1BA6BABAC5B2AC7695359C18B3.e.26540","ELEMENT":"f.ABBA5987F2E82E58D78C902D9EA41D2B.d.BFC82B1BA6BABAC5B2AC7695359C18B3.e.26540"}]}
RESULT: {"script":"<script> [56 bytes]","args":[{"element-6066-11e4-a52e-4f735466cecf":"f.ABBA5987F2E82E58D78C902D9EA41D2B.d.BFC82B1BA6BABAC5B2AC7695359C18B3.e.26540","ELEMENT":"f.ABBA5987F2E82E58D78C902D9EA41D2B.d.BFC82B1BA6BABAC5B2AC7695359C18B3.e.26540"}]}
COMMAND: GET /session/329de238260d7602ed1af1352086bef4/screenshot - {}
RESULT: {}
COMMAND: POST /session/329de238260d7602ed1af1352086bef4/execute/sync - {"script":"<script> [56 bytes]","args":[{"element-6066-11e4-a52e-4f735466cecf":"f.ABBA5987F2E82E58D78C902D9EA41D2B.d.BFC82B1BA6BABAC5B2AC7695359C18B3.e.26540","ELEMENT":"f.ABBA5987F2E82E58D78C902D9EA41D2B.d.BFC82B1BA6BABAC5B2AC7695359C18B3.e.26540"}]}
RESULT: {"script":"<script> [56 bytes]","args":[{"element-6066-11e4-a52e-4f735466cecf":"f.ABBA5987F2E82E58D78C902D9EA41D2B.d.BFC82B1BA6BABAC5B2AC7695359C18B3.e.26540","ELEMENT":"f.ABBA5987F2E82E58D78C902D9EA41D2B.d.BFC82B1BA6BABAC5B2AC7695359C18B3.e.26540"}]}
COMMAND: GET /session/329de238260d7602ed1af1352086bef4/screenshot - {}
RESULT: {}
COMMAND: POST /session/329de238260d7602ed1af1352086bef4/execute/sync - {"script":"<script> [56 bytes]","args":[{"element-6066-11e4-a52e-4f735466cecf":"f.ABBA5987F2E82E58D78C902D9EA41D2B.d.BFC82B1BA6BABAC5B2AC7695359C18B3.e.26540","ELEMENT":"f.ABBA5987F2E82E58D78C902D9EA41D2B.d.BFC82B1BA6BABAC5B2AC7695359C18B3.e.26540"}]}
RESULT: {"script":"<script> [56 bytes]","args":[{"element-6066-11e4-a52e-4f735466cecf":"f.ABBA5987F2E82E58D78C902D9EA41D2B.d.BFC82B1BA6BABAC5B2AC7695359C18B3.e.26540","ELEMENT":"f.ABBA5987F2E82E58D78C902D9EA41D2B.d.BFC82B1BA6BABAC5B2AC7695359C18B3.e.26540"}]}
COMMAND: GET /session/329de238260d7602ed1af1352086bef4/screenshot - {}
RESULT: {}
COMMAND: POST /session/329de238260d7602ed1af1352086bef4/execute/sync - {"script":"<script> [56 bytes]","args":[{"element-6066-11e4-a52e-4f735466cecf":"f.ABBA5987F2E82E58D78C902D9EA41D2B.d.BFC82B1BA6BABAC5B2AC7695359C18B3.e.26540","ELEMENT":"f.ABBA5987F2E82E58D78C902D9EA41D2B.d.BFC82B1BA6BABAC5B2AC7695359C18B3.e.26540"}]}
RESULT: {"script":"<script> [56 bytes]","args":[{"element-6066-11e4-a52e-4f735466cecf":"f.ABBA5987F2E82E58D78C902D9EA41D2B.d.BFC82B1BA6BABAC5B2AC7695359C18B3.e.26540","ELEMENT":"f.ABBA5987F2E82E58D78C902D9EA41D2B.d.BFC82B1BA6BABAC5B2AC7695359C18B3.e.26540"}]}
COMMAND: GET /session/329de238260d7602ed1af1352086bef4/screenshot - {}
RESULT: {}
COMMAND: POST /session/329de238260d7602ed1af1352086bef4/execute/sync - {"script":"<script> [56 bytes]","args":[{"element-6066-11e4-a52e-4f735466cecf":"f.ABBA5987F2E82E58D78C902D9EA41D2B.d.BFC82B1BA6BABAC5B2AC7695359C18B3.e.26540","ELEMENT":"f.ABBA5987F2E82E58D78C902D9EA41D2B.d.BFC82B1BA6BABAC5B2AC7695359C18B3.e.26540"}]}
RESULT: {"script":"<script> [56 bytes]","args":[{"element-6066-11e4-a52e-4f735466cecf":"f.ABBA5987F2E82E58D78C902D9EA41D2B.d.BFC82B1BA6BABAC5B2AC7695359C18B3.e.26540","ELEMENT":"f.ABBA5987F2E82E58D78C902D9EA41D2B.d.BFC82B1BA6BABAC5B2AC7695359C18B3.e.26540"}]}
COMMAND: GET /session/329de238260d7602ed1af1352086bef4/screenshot - {}
RESULT: {}
COMMAND: POST /session/329de238260d7602ed1af1352086bef4/execute/sync - {"script":"<script> [56 bytes]","args":[{"element-6066-11e4-a52e-4f735466cecf":"f.ABBA5987F2E82E58D78C902D9EA41D2B.d.BFC82B1BA6BABAC5B2AC7695359C18B3.e.26540","ELEMENT":"f.ABBA5987F2E82E58D78C902D9EA41D2B.d.BFC82B1BA6BABAC5B2AC7695359C18B3.e.26540"}]}
RESULT: {"script":"<script> [56 bytes]","args":[{"element-6066-11e4-a52e-4f735466cecf":"f.ABBA5987F2E82E58D78C902D9EA41D2B.d.BFC82B1BA6BABAC5B2AC7695359C18B3.e.26540","ELEMENT":"f.ABBA5987F2E82E58D78C902D9EA41D2B.d.BFC82B1BA6BABAC5B2AC7695359C18B3.e.26540"}]}
COMMAND: GET /session/329de238260d7602ed1af1352086bef4/screenshot - {}
RESULT: {}
COMMAND: POST /session/329de238260d7602ed1af1352086bef4/execute/sync - {"script":"<script> [56 bytes]","args":[{"element-6066-11e4-a52e-4f735466cecf":"f.ABBA5987F2E82E58D78C902D9EA41D2B.d.BFC82B1BA6BABAC5B2AC7695359C18B3.e.26540","ELEMENT":"f.ABBA5987F2E82E58D78C902D9EA41D2B.d.BFC82B1BA6BABAC5B2AC7695359C18B3.e.26540"}]}
RESULT: {"script":"<script> [56 bytes]","args":[{"element-6066-11e4-a52e-4f735466cecf":"f.ABBA5987F2E82E58D78C902D9EA41D2B.d.BFC82B1BA6BABAC5B2AC7695359C18B3.e.26540","ELEMENT":"f.ABBA5987F2E82E58D78C902D9EA41D2B.d.BFC82B1BA6BABAC5B2AC7695359C18B3.e.26540"}]}
COMMAND: GET /session/329de238260d7602ed1af1352086bef4/screenshot - {}
RESULT: {}
COMMAND: POST /session/329de238260d7602ed1af1352086bef4/execute/sync - {"script":"<script> [56 bytes]","args":[{"element-6066-11e4-a52e-4f735466cecf":"f.ABBA5987F2E82E58D78C902D9EA41D2B.d.BFC82B1BA6BABAC5B2AC7695359C18B3.e.26540","ELEMENT":"f.ABBA5987F2E82E58D78C902D9EA41D2B.d.BFC82B1BA6BABAC5B2AC7695359C18B3.e.26540"}]}
RESULT: {"script":"<script> [56 bytes]","args":[{"element-6066-11e4-a52e-4f735466cecf":"f.ABBA5987F2E82E58D78C902D9EA41D2B.d.BFC82B1BA6BABAC5B2AC7695359C18B3.e.26540","ELEMENT":"f.ABBA5987F2E82E58D78C902D9EA41D2B.d.BFC82B1BA6BABAC5B2AC7695359C18B3.e.26540"}]}
COMMAND: GET /session/329de238260d7602ed1af1352086bef4/screenshot - {}
RESULT: {}
COMMAND: POST /session/329de238260d7602ed1af1352086bef4/execute/sync - {"script":"<script> [56 bytes]","args":[{"element-6066-11e4-a52e-4f735466cecf":"f.ABBA5987F2E82E58D78C902D9EA41D2B.d.BFC82B1BA6BABAC5B2AC7695359C18B3.e.26540","ELEMENT":"f.ABBA5987F2E82E58D78C902D9EA41D2B.d.BFC82B1BA6BABAC5B2AC7695359C18B3.e.26540"}]}
RESULT: {"script":"<script> [56 bytes]","args":[{"element-6066-11e4-a52e-4f735466cecf":"f.ABBA5987F2E82E58D78C902D9EA41D2B.d.BFC82B1BA6BABAC5B2AC7695359C18B3.e.26540","ELEMENT":"f.ABBA5987F2E82E58D78C902D9EA41D2B.d.BFC82B1BA6BABAC5B2AC7695359C18B3.e.26540"}]}
COMMAND: GET /session/329de238260d7602ed1af1352086bef4/screenshot - {}
RESULT: {}
COMMAND: POST /session/329de238260d7602ed1af1352086bef4/execute/sync - {"script":"<script> [56 bytes]","args":[{"element-6066-11e4-a52e-4f735466cecf":"f.ABBA5987F2E82E58D78C902D9EA41D2B.d.BFC82B1BA6BABAC5B2AC7695359C18B3.e.26540","ELEMENT":"f.ABBA5987F2E82E58D78C902D9EA41D2B.d.BFC82B1BA6BABAC5B2AC7695359C18B3.e.26540"}]}
RESULT: {"script":"<script> [56 bytes]","args":[{"element-6066-11e4-a52e-4f735466cecf":"f.ABBA5987F2E82E58D78C902D9EA41D2B.d.BFC82B1BA6BABAC5B2AC7695359C18B3.e.26540","ELEMENT":"f.ABBA5987F2E82E58D78C902D9EA41D2B.d.BFC82B1BA6BABAC5B2AC7695359C18B3.e.26540"}]}
COMMAND: GET /session/329de238260d7602ed1af1352086bef4/screenshot - {}
RESULT: {}
COMMAND: POST /session/329de238260d7602ed1af1352086bef4/execute/sync - {"script":"<script> [56 bytes]","args":[{"element-6066-11e4-a52e-4f735466cecf":"f.ABBA5987F2E82E58D78C902D9EA41D2B.d.BFC82B1BA6BABAC5B2AC7695359C18B3.e.26540","ELEMENT":"f.ABBA5987F2E82E58D78C902D9EA41D2B.d.BFC82B1BA6BABAC5B2AC7695359C18B3.e.26540"}]}
RESULT: {"script":"<script> [56 bytes]","args":[{"element-6066-11e4-a52e-4f735466cecf":"f.ABBA5987F2E82E58D78C902D9EA41D2B.d.BFC82B1BA6BABAC5B2AC7695359C18B3.e.26540","ELEMENT":"f.ABBA5987F2E82E58D78C902D9EA41D2B.d.BFC82B1BA6BABAC5B2AC7695359C18B3.e.26540"}]}
COMMAND: GET /session/329de238260d7602ed1af1352086bef4/screenshot - {}
RESULT: {}
COMMAND: POST /session/329de238260d7602ed1af1352086bef4/execute/sync - {"script":"<script> [56 bytes]","args":[{"element-6066-11e4-a52e-4f735466cecf":"f.ABBA5987F2E82E58D78C902D9EA41D2B.d.BFC82B1BA6BABAC5B2AC7695359C18B3.e.26540","ELEMENT":"f.ABBA5987F2E82E58D78C902D9EA41D2B.d.BFC82B1BA6BABAC5B2AC7695359C18B3.e.26540"}]}
RESULT: {"script":"<script> [56 bytes]","args":[{"element-6066-11e4-a52e-4f735466cecf":"f.ABBA5987F2E82E58D78C902D9EA41D2B.d.BFC82B1BA6BABAC5B2AC7695359C18B3.e.26540","ELEMENT":"f.ABBA5987F2E82E58D78C902D9EA41D2B.d.BFC82B1BA6BABAC5B2AC7695359C18B3.e.26540"}]}
COMMAND: GET /session/329de238260d7602ed1af1352086bef4/screenshot - {}
RESULT: {}
COMMAND: POST /session/329de238260d7602ed1af1352086bef4/execute/sync - {"script":"<script> [56 bytes]","args":[{"element-6066-11e4-a52e-4f735466cecf":"f.ABBA5987F2E82E58D78C902D9EA41D2B.d.BFC82B1BA6BABAC5B2AC7695359C18B3.e.26540","ELEMENT":"f.ABBA5987F2E82E58D78C902D9EA41D2B.d.BFC82B1BA6BABAC5B2AC7695359C18B3.e.26540"}]}
RESULT: {"script":"<script> [56 bytes]","args":[{"element-6066-11e4-a52e-4f735466cecf":"f.ABBA5987F2E82E58D78C902D9EA41D2B.d.BFC82B1BA6BABAC5B2AC7695359C18B3.e.26540","ELEMENT":"f.ABBA5987F2E82E58D78C902D9EA41D2B.d.BFC82B1BA6BABAC5B2AC7695359C18B3.e.26540"}]}
COMMAND: GET /session/329de238260d7602ed1af1352086bef4/screenshot - {}
RESULT: {}
COMMAND: POST /session/329de238260d7602ed1af1352086bef4/execute/sync - {"script":"<script> [56 bytes]","args":[{"element-6066-11e4-a52e-4f735466cecf":"f.ABBA5987F2E82E58D78C902D9EA41D2B.d.BFC82B1BA6BABAC5B2AC7695359C18B3.e.26540","ELEMENT":"f.ABBA5987F2E82E58D78C902D9EA41D2B.d.BFC82B1BA6BABAC5B2AC7695359C18B3.e.26540"}]}
RESULT: {"script":"<script> [56 bytes]","args":[{"element-6066-11e4-a52e-4f735466cecf":"f.ABBA5987F2E82E58D78C902D9EA41D2B.d.BFC82B1BA6BABAC5B2AC7695359C18B3.e.26540","ELEMENT":"f.ABBA5987F2E82E58D78C902D9EA41D2B.d.BFC82B1BA6BABAC5B2AC7695359C18B3.e.26540"}]}
COMMAND: GET /session/329de238260d7602ed1af1352086bef4/screenshot - {}
RESULT: {}
COMMAND: POST /session/329de238260d7602ed1af1352086bef4/execute/sync - {"script":"<script> [56 bytes]","args":[{"element-6066-11e4-a52e-4f735466cecf":"f.ABBA5987F2E82E58D78C902D9EA41D2B.d.BFC82B1BA6BABAC5B2AC7695359C18B3.e.26540","ELEMENT":"f.ABBA5987F2E82E58D78C902D9EA41D2B.d.BFC82B1BA6BABAC5B2AC7695359C18B3.e.26540"}]}
RESULT: {"script":"<script> [56 bytes]","args":[{"element-6066-11e4-a52e-4f735466cecf":"f.ABBA5987F2E82E58D78C902D9EA41D2B.d.BFC82B1BA6BABAC5B2AC7695359C18B3.e.26540","ELEMENT":"f.ABBA5987F2E82E58D78C902D9EA41D2B.d.BFC82B1BA6BABAC5B2AC7695359C18B3.e.26540"}]}
COMMAND: GET /session/329de238260d7602ed1af1352086bef4/screenshot - {}
RESULT: {}
COMMAND: POST /session/329de238260d7602ed1af1352086bef4/execute/sync - {"script":"<script> [56 bytes]","args":[{"element-6066-11e4-a52e-4f735466cecf":"f.ABBA5987F2E82E58D78C902D9EA41D2B.d.BFC82B1BA6BABAC5B2AC7695359C18B3.e.26540","ELEMENT":"f.ABBA5987F2E82E58D78C902D9EA41D2B.d.BFC82B1BA6BABAC5B2AC7695359C18B3.e.26540"}]}
RESULT: {"script":"<script> [56 bytes]","args":[{"element-6066-11e4-a52e-4f735466cecf":"f.ABBA5987F2E82E58D78C902D9EA41D2B.d.BFC82B1BA6BABAC5B2AC7695359C18B3.e.26540","ELEMENT":"f.ABBA5987F2E82E58D78C902D9EA41D2B.d.BFC82B1BA6BABAC5B2AC7695359C18B3.e.26540"}]}
COMMAND: GET /session/329de238260d7602ed1af1352086bef4/screenshot - {}
RESULT: {}
COMMAND: POST /session/329de238260d7602ed1af1352086bef4/execute/sync - {"script":"<script> [56 bytes]","args":[{"element-6066-11e4-a52e-4f735466cecf":"f.ABBA5987F2E82E58D78C902D9EA41D2B.d.BFC82B1BA6BABAC5B2AC7695359C18B3.e.26540","ELEMENT":"f.ABBA5987F2E82E58D78C902D9EA41D2B.d.BFC82B1BA6BABAC5B2AC7695359C18B3.e.26540"}]}
RESULT: {"script":"<script> [56 bytes]","args":[{"element-6066-11e4-a52e-4f735466cecf":"f.ABBA5987F2E82E58D78C902D9EA41D2B.d.BFC82B1BA6BABAC5B2AC7695359C18B3.e.26540","ELEMENT":"f.ABBA5987F2E82E58D78C902D9EA41D2B.d.BFC82B1BA6BABAC5B2AC7695359C18B3.e.26540"}]}
COMMAND: GET /session/329de238260d7602ed1af1352086bef4/screenshot - {}
RESULT: {}
COMMAND: POST /session/329de238260d7602ed1af1352086bef4/execute/sync - {"script":"<script> [56 bytes]","args":[{"element-6066-11e4-a52e-4f735466cecf":"f.ABBA5987F2E82E58D78C902D9EA41D2B.d.BFC82B1BA6BABAC5B2AC7695359C18B3.e.26540","ELEMENT":"f.ABBA5987F2E82E58D78C902D9EA41D2B.d.BFC82B1BA6BABAC5B2AC7695359C18B3.e.26540"}]}
RESULT: {"script":"<script> [56 bytes]","args":[{"element-6066-11e4-a52e-4f735466cecf":"f.ABBA5987F2E82E58D78C902D9EA41D2B.d.BFC82B1BA6BABAC5B2AC7695359C18B3.e.26540","ELEMENT":"f.ABBA5987F2E82E58D78C902D9EA41D2B.d.BFC82B1BA6BABAC5B2AC7695359C18B3.e.26540"}]}
COMMAND: GET /session/329de238260d7602ed1af1352086bef4/screenshot - {}
RESULT: {}
COMMAND: POST /session/329de238260d7602ed1af1352086bef4/execute/sync - {"script":"<script> [56 bytes]","args":[{"element-6066-11e4-a52e-4f735466cecf":"f.ABBA5987F2E82E58D78C902D9EA41D2B.d.BFC82B1BA6BABAC5B2AC7695359C18B3.e.26540","ELEMENT":"f.ABBA5987F2E82E58D78C902D9EA41D2B.d.BFC82B1BA6BABAC5B2AC7695359C18B3.e.26540"}]}
RESULT: {"script":"<script> [56 bytes]","args":[{"element-6066-11e4-a52e-4f735466cecf":"f.ABBA5987F2E82E58D78C902D9EA41D2B.d.BFC82B1BA6BABAC5B2AC7695359C18B3.e.26540","ELEMENT":"f.ABBA5987F2E82E58D78C902D9EA41D2B.d.BFC82B1BA6BABAC5B2AC7695359C18B3.e.26540"}]}
COMMAND: GET /session/329de238260d7602ed1af1352086bef4/screenshot - {}
RESULT: {}
COMMAND: POST /session/329de238260d7602ed1af1352086bef4/execute/sync - {"script":"<script> [56 bytes]","args":[{"element-6066-11e4-a52e-4f735466cecf":"f.ABBA5987F2E82E58D78C902D9EA41D2B.d.BFC82B1BA6BABAC5B2AC7695359C18B3.e.26540","ELEMENT":"f.ABBA5987F2E82E58D78C902D9EA41D2B.d.BFC82B1BA6BABAC5B2AC7695359C18B3.e.26540"}]}
RESULT: {"script":"<script> [56 bytes]","args":[{"element-6066-11e4-a52e-4f735466cecf":"f.ABBA5987F2E82E58D78C902D9EA41D2B.d.BFC82B1BA6BABAC5B2AC7695359C18B3.e.26540","ELEMENT":"f.ABBA5987F2E82E58D78C902D9EA41D2B.d.BFC82B1BA6BABAC5B2AC7695359C18B3.e.26540"}]}
COMMAND: GET /session/329de238260d7602ed1af1352086bef4/screenshot - {}
RESULT: {}
COMMAND: POST /session/329de238260d7602ed1af1352086bef4/execute/sync - {"script":"<script> [56 bytes]","args":[{"element-6066-11e4-a52e-4f735466cecf":"f.ABBA5987F2E82E58D78C902D9EA41D2B.d.BFC82B1BA6BABAC5B2AC7695359C18B3.e.26540","ELEMENT":"f.ABBA5987F2E82E58D78C902D9EA41D2B.d.BFC82B1BA6BABAC5B2AC7695359C18B3.e.26540"}]}
RESULT: {"script":"<script> [56 bytes]","args":[{"element-6066-11e4-a52e-4f735466cecf":"f.ABBA5987F2E82E58D78C902D9EA41D2B.d.BFC82B1BA6BABAC5B2AC7695359C18B3.e.26540","ELEMENT":"f.ABBA5987F2E82E58D78C902D9EA41D2B.d.BFC82B1BA6BABAC5B2AC7695359C18B3.e.26540"}]}
COMMAND: GET /session/329de238260d7602ed1af1352086bef4/screenshot - {}
RESULT: {}
COMMAND: POST /session/329de238260d7602ed1af1352086bef4/execute/sync - {"script":"<script> [56 bytes]","args":[{"element-6066-11e4-a52e-4f735466cecf":"f.ABBA5987F2E82E58D78C902D9EA41D2B.d.BFC82B1BA6BABAC5B2AC7695359C18B3.e.26540","ELEMENT":"f.ABBA5987F2E82E58D78C902D9EA41D2B.d.BFC82B1BA6BABAC5B2AC7695359C18B3.e.26540"}]}
RESULT: {"script":"<script> [56 bytes]","args":[{"element-6066-11e4-a52e-4f735466cecf":"f.ABBA5987F2E82E58D78C902D9EA41D2B.d.BFC82B1BA6BABAC5B2AC7695359C18B3.e.26540","ELEMENT":"f.ABBA5987F2E82E58D78C902D9EA41D2B.d.BFC82B1BA6BABAC5B2AC7695359C18B3.e.26540"}]}
COMMAND: GET /session/329de238260d7602ed1af1352086bef4/screenshot - {}
RESULT: {}
COMMAND: POST /session/329de238260d7602ed1af1352086bef4/execute/sync - {"script":"<script> [56 bytes]","args":[{"element-6066-11e4-a52e-4f735466cecf":"f.ABBA5987F2E82E58D78C902D9EA41D2B.d.BFC82B1BA6BABAC5B2AC7695359C18B3.e.26540","ELEMENT":"f.ABBA5987F2E82E58D78C902D9EA41D2B.d.BFC82B1BA6BABAC5B2AC7695359C18B3.e.26540"}]}
RESULT: {"script":"<script> [56 bytes]","args":[{"element-6066-11e4-a52e-4f735466cecf":"f.ABBA5987F2E82E58D78C902D9EA41D2B.d.BFC82B1BA6BABAC5B2AC7695359C18B3.e.26540","ELEMENT":"f.ABBA5987F2E82E58D78C902D9EA41D2B.d.BFC82B1BA6BABAC5B2AC7695359C18B3.e.26540"}]}
COMMAND: GET /session/329de238260d7602ed1af1352086bef4/screenshot - {}
RESULT: {}
COMMAND: POST /session/329de238260d7602ed1af1352086bef4/execute/sync - {"script":"<script> [56 bytes]","args":[{"element-6066-11e4-a52e-4f735466cecf":"f.ABBA5987F2E82E58D78C902D9EA41D2B.d.BFC82B1BA6BABAC5B2AC7695359C18B3.e.26540","ELEMENT":"f.ABBA5987F2E82E58D78C902D9EA41D2B.d.BFC82B1BA6BABAC5B2AC7695359C18B3.e.26540"}]}
RESULT: {"script":"<script> [56 bytes]","args":[{"element-6066-11e4-a52e-4f735466cecf":"f.ABBA5987F2E82E58D78C902D9EA41D2B.d.BFC82B1BA6BABAC5B2AC7695359C18B3.e.26540","ELEMENT":"f.ABBA5987F2E82E58D78C902D9EA41D2B.d.BFC82B1BA6BABAC5B2AC7695359C18B3.e.26540"}]}
COMMAND: POST /session/329de238260d7602ed1af1352086bef4/element - {"using":"xpath","value":"//td[@aria-colindex=\"1\"]/div/div[contains(@class, \"sapMCbBg\")]"}
COMMAND: GET /session/329de238260d7602ed1af1352086bef4/screenshot - {}
RESULT: {"using":"xpath","value":"//td[@aria-colindex=\"1\"]/div/div[contains(@class, \"sapMCbBg\")]"}
COMMAND: POST /session/329de238260d7602ed1af1352086bef4/element/f.ABBA5987F2E82E58D78C902D9EA41D2B.d.BFC82B1BA6BABAC5B2AC7695359C18B3.e.26556/click - {}
RESULT: {}
RESULT: {}
COMMAND: GET /session/329de238260d7602ed1af1352086bef4/screenshot - {}
RESULT: {}
COMMAND: POST /session/329de238260d7602ed1af1352086bef4/element - {"using":"xpath","value":"//bdi[text()=\"Transfer\"]"}
RESULT: {"using":"xpath","value":"//bdi[text()=\"Transfer\"]"}
COMMAND: POST /session/329de238260d7602ed1af1352086bef4/element/f.ABBA5987F2E82E58D78C902D9EA41D2B.d.BFC82B1BA6BABAC5B2AC7695359C18B3.e.26557/click - {}
RESULT: {}
COMMAND: GET /session/329de238260d7602ed1af1352086bef4/screenshot - {}
RESULT: {}
COMMAND: POST /session/329de238260d7602ed1af1352086bef4/element - {"using":"xpath","value":"//bdi[contains(text(), \"OK\")]"}
RESULT: {"using":"xpath","value":"//bdi[contains(text(), \"OK\")]"}
COMMAND: POST /session/329de238260d7602ed1af1352086bef4/element/f.ABBA5987F2E82E58D78C902D9EA41D2B.d.BFC82B1BA6BABAC5B2AC7695359C18B3.e.26560/click - {}
RESULT: {}
COMMAND: GET /session/329de238260d7602ed1af1352086bef4/screenshot - {}
RESULT: {}
COMMAND: POST /session/329de238260d7602ed1af1352086bef4/element - {"using":"xpath","value":"(//span[contains(text(), \"Completed\")]/parent::div/preceding-sibling::div/span)[1]"}
RESULT: {"using":"xpath","value":"(//span[contains(text(), \"Completed\")]/parent::div/preceding-sibling::div/span)[1]"}
COMMAND: POST /session/329de238260d7602ed1af1352086bef4/element/f.ABBA5987F2E82E58D78C902D9EA41D2B.d.BFC82B1BA6BABAC5B2AC7695359C18B3.e.26568/click - {}
RESULT: {}
COMMAND: POST /session/329de238260d7602ed1af1352086bef4/element - {"using":"xpath","value":"//input[contains(@id ,\"application-billingtransfer-display-component---billingWorkbench--smartFilterBar-btnBasicSearch\")]"}
COMMAND: GET /session/329de238260d7602ed1af1352086bef4/screenshot - {}
RESULT: {"using":"xpath","value":"//input[contains(@id ,\"application-billingtransfer-display-component---billingWorkbench--smartFilterBar-btnBasicSearch\")]"}
COMMAND: POST /session/329de238260d7602ed1af1352086bef4/elements - {"using":"xpath","value":"//input[contains(@id ,\"application-billingtransfer-display-component---billingWorkbench--smartFilterBar-btnBasicSearch\")]"}
RESULT: {}
RESULT: {"using":"xpath","value":"//input[contains(@id ,\"application-billingtransfer-display-component---billingWorkbench--smartFilterBar-btnBasicSearch\")]"}
COMMAND: POST /session/329de238260d7602ed1af1352086bef4/execute/sync - {"script":"<script> [8489 bytes]","args":[{"element-6066-11e4-a52e-4f735466cecf":"f.ABBA5987F2E82E58D78C902D9EA41D2B.d.BFC82B1BA6BABAC5B2AC7695359C18B3.e.26383","ELEMENT":"f.ABBA5987F2E82E58D78C902D9EA41D2B.d.BFC82B1BA6BABAC5B2AC7695359C18B3.e.26383"}]}
RESULT: {"script":"<script> [8489 bytes]","args":[{"element-6066-11e4-a52e-4f735466cecf":"f.ABBA5987F2E82E58D78C902D9EA41D2B.d.BFC82B1BA6BABAC5B2AC7695359C18B3.e.26383","ELEMENT":"f.ABBA5987F2E82E58D78C902D9EA41D2B.d.BFC82B1BA6BABAC5B2AC7695359C18B3.e.26383"}]}
COMMAND: GET /session/329de238260d7602ed1af1352086bef4/element/f.ABBA5987F2E82E58D78C902D9EA41D2B.d.BFC82B1BA6BABAC5B2AC7695359C18B3.e.26383/enabled - {}
COMMAND: GET /session/329de238260d7602ed1af1352086bef4/screenshot - {}
RESULT: {}
COMMAND: POST /session/329de238260d7602ed1af1352086bef4/element/f.ABBA5987F2E82E58D78C902D9EA41D2B.d.BFC82B1BA6BABAC5B2AC7695359C18B3.e.26383/click - {}
COMMAND: GET /session/329de238260d7602ed1af1352086bef4/screenshot - {}
RESULT: {}
RESULT: {}
COMMAND: GET /session/329de238260d7602ed1af1352086bef4/screenshot - {}
RESULT: {}
RESULT: {}
COMMAND: POST /session/329de238260d7602ed1af1352086bef4/element/f.ABBA5987F2E82E58D78C902D9EA41D2B.d.BFC82B1BA6BABAC5B2AC7695359C18B3.e.26383/clear - {}
RESULT: {}
COMMAND: POST /session/329de238260d7602ed1af1352086bef4/element/f.ABBA5987F2E82E58D78C902D9EA41D2B.d.BFC82B1BA6BABAC5B2AC7695359C18B3.e.26383/value - {"text":"10388"}
COMMAND: GET /session/329de238260d7602ed1af1352086bef4/screenshot - {}
RESULT: {"text":"10388"}
COMMAND: POST /session/329de238260d7602ed1af1352086bef4/actions - {"actions":[{"id":"action94","type":"key","parameters":{},"actions":[{"type":"keyDown","value":""},{"type":"pause","duration":10},{"type":"keyUp","value":""}]}]}
COMMAND: GET /session/329de238260d7602ed1af1352086bef4/screenshot - {}
RESULT: {}
RESULT: {"actions":[{"id":"action94","type":"key","parameters":{},"actions":[{"type":"keyDown","value":""},{"type":"pause","duration":10},{"type":"keyUp","value":""}]}]}
COMMAND: GET /session/329de238260d7602ed1af1352086bef4/screenshot - {}
RESULT: {}
RESULT: {}
COMMAND: POST /session/329de238260d7602ed1af1352086bef4/element - {"using":"xpath","value":"//span[contains(@id ,\"application-billingtransfer-display-component---billingWorkbench--smartTableBillingRuns-header-inner\")]"}
RESULT: {"using":"xpath","value":"//span[contains(@id ,\"application-billingtransfer-display-component---billingWorkbench--smartTableBillingRuns-header-inner\")]"}
COMMAND: POST /session/329de238260d7602ed1af1352086bef4/elements - {"using":"xpath","value":"//span[contains(@id ,\"application-billingtransfer-display-component---billingWorkbench--smartTableBillingRuns-header-inner\")]"}
RESULT: {"using":"xpath","value":"//span[contains(@id ,\"application-billingtransfer-display-component---billingWorkbench--smartTableBillingRuns-header-inner\")]"}
COMMAND: POST /session/329de238260d7602ed1af1352086bef4/execute/sync - {"script":"<script> [56 bytes]","args":[{"element-6066-11e4-a52e-4f735466cecf":"f.ABBA5987F2E82E58D78C902D9EA41D2B.d.BFC82B1BA6BABAC5B2AC7695359C18B3.e.26540","ELEMENT":"f.ABBA5987F2E82E58D78C902D9EA41D2B.d.BFC82B1BA6BABAC5B2AC7695359C18B3.e.26540"}]}
RESULT: {"script":"<script> [56 bytes]","args":[{"element-6066-11e4-a52e-4f735466cecf":"f.ABBA5987F2E82E58D78C902D9EA41D2B.d.BFC82B1BA6BABAC5B2AC7695359C18B3.e.26540","ELEMENT":"f.ABBA5987F2E82E58D78C902D9EA41D2B.d.BFC82B1BA6BABAC5B2AC7695359C18B3.e.26540"}]}
COMMAND: GET /session/329de238260d7602ed1af1352086bef4/screenshot - {}
RESULT: {}
COMMAND: POST /session/329de238260d7602ed1af1352086bef4/execute/sync - {"script":"<script> [56 bytes]","args":[{"element-6066-11e4-a52e-4f735466cecf":"f.ABBA5987F2E82E58D78C902D9EA41D2B.d.BFC82B1BA6BABAC5B2AC7695359C18B3.e.26540","ELEMENT":"f.ABBA5987F2E82E58D78C902D9EA41D2B.d.BFC82B1BA6BABAC5B2AC7695359C18B3.e.26540"}]}
RESULT: {"script":"<script> [56 bytes]","args":[{"element-6066-11e4-a52e-4f735466cecf":"f.ABBA5987F2E82E58D78C902D9EA41D2B.d.BFC82B1BA6BABAC5B2AC7695359C18B3.e.26540","ELEMENT":"f.ABBA5987F2E82E58D78C902D9EA41D2B.d.BFC82B1BA6BABAC5B2AC7695359C18B3.e.26540"}]}
COMMAND: GET /session/329de238260d7602ed1af1352086bef4/screenshot - {}
RESULT: {}
COMMAND: POST /session/329de238260d7602ed1af1352086bef4/execute/sync - {"script":"<script> [56 bytes]","args":[{"element-6066-11e4-a52e-4f735466cecf":"f.ABBA5987F2E82E58D78C902D9EA41D2B.d.BFC82B1BA6BABAC5B2AC7695359C18B3.e.26540","ELEMENT":"f.ABBA5987F2E82E58D78C902D9EA41D2B.d.BFC82B1BA6BABAC5B2AC7695359C18B3.e.26540"}]}
RESULT: {"script":"<script> [56 bytes]","args":[{"element-6066-11e4-a52e-4f735466cecf":"f.ABBA5987F2E82E58D78C902D9EA41D2B.d.BFC82B1BA6BABAC5B2AC7695359C18B3.e.26540","ELEMENT":"f.ABBA5987F2E82E58D78C902D9EA41D2B.d.BFC82B1BA6BABAC5B2AC7695359C18B3.e.26540"}]}
COMMAND: GET /session/329de238260d7602ed1af1352086bef4/screenshot - {}
RESULT: {}
COMMAND: POST /session/329de238260d7602ed1af1352086bef4/execute/sync - {"script":"<script> [56 bytes]","args":[{"element-6066-11e4-a52e-4f735466cecf":"f.ABBA5987F2E82E58D78C902D9EA41D2B.d.BFC82B1BA6BABAC5B2AC7695359C18B3.e.26540","ELEMENT":"f.ABBA5987F2E82E58D78C902D9EA41D2B.d.BFC82B1BA6BABAC5B2AC7695359C18B3.e.26540"}]}
RESULT: {"script":"<script> [56 bytes]","args":[{"element-6066-11e4-a52e-4f735466cecf":"f.ABBA5987F2E82E58D78C902D9EA41D2B.d.BFC82B1BA6BABAC5B2AC7695359C18B3.e.26540","ELEMENT":"f.ABBA5987F2E82E58D78C902D9EA41D2B.d.BFC82B1BA6BABAC5B2AC7695359C18B3.e.26540"}]}
COMMAND: GET /session/329de238260d7602ed1af1352086bef4/screenshot - {}
RESULT: {}
COMMAND: POST /session/329de238260d7602ed1af1352086bef4/execute/sync - {"script":"<script> [56 bytes]","args":[{"element-6066-11e4-a52e-4f735466cecf":"f.ABBA5987F2E82E58D78C902D9EA41D2B.d.BFC82B1BA6BABAC5B2AC7695359C18B3.e.26540","ELEMENT":"f.ABBA5987F2E82E58D78C902D9EA41D2B.d.BFC82B1BA6BABAC5B2AC7695359C18B3.e.26540"}]}
RESULT: {"script":"<script> [56 bytes]","args":[{"element-6066-11e4-a52e-4f735466cecf":"f.ABBA5987F2E82E58D78C902D9EA41D2B.d.BFC82B1BA6BABAC5B2AC7695359C18B3.e.26540","ELEMENT":"f.ABBA5987F2E82E58D78C902D9EA41D2B.d.BFC82B1BA6BABAC5B2AC7695359C18B3.e.26540"}]}
COMMAND: GET /session/329de238260d7602ed1af1352086bef4/screenshot - {}
RESULT: {}
COMMAND: POST /session/329de238260d7602ed1af1352086bef4/execute/sync - {"script":"<script> [56 bytes]","args":[{"element-6066-11e4-a52e-4f735466cecf":"f.ABBA5987F2E82E58D78C902D9EA41D2B.d.BFC82B1BA6BABAC5B2AC7695359C18B3.e.26540","ELEMENT":"f.ABBA5987F2E82E58D78C902D9EA41D2B.d.BFC82B1BA6BABAC5B2AC7695359C18B3.e.26540"}]}
RESULT: {"script":"<script> [56 bytes]","args":[{"element-6066-11e4-a52e-4f735466cecf":"f.ABBA5987F2E82E58D78C902D9EA41D2B.d.BFC82B1BA6BABAC5B2AC7695359C18B3.e.26540","ELEMENT":"f.ABBA5987F2E82E58D78C902D9EA41D2B.d.BFC82B1BA6BABAC5B2AC7695359C18B3.e.26540"}]}
COMMAND: POST /session/329de238260d7602ed1af1352086bef4/execute/sync - {"script":"<script> [56 bytes]","args":[{"element-6066-11e4-a52e-4f735466cecf":"f.ABBA5987F2E82E58D78C902D9EA41D2B.d.BFC82B1BA6BABAC5B2AC7695359C18B3.e.26540","ELEMENT":"f.ABBA5987F2E82E58D78C902D9EA41D2B.d.BFC82B1BA6BABAC5B2AC7695359C18B3.e.26540"}]}
COMMAND: GET /session/329de238260d7602ed1af1352086bef4/screenshot - {}
RESULT: {"script":"<script> [56 bytes]","args":[{"element-6066-11e4-a52e-4f735466cecf":"f.ABBA5987F2E82E58D78C902D9EA41D2B.d.BFC82B1BA6BABAC5B2AC7695359C18B3.e.26540","ELEMENT":"f.ABBA5987F2E82E58D78C902D9EA41D2B.d.BFC82B1BA6BABAC5B2AC7695359C18B3.e.26540"}]}
COMMAND: GET /session/329de238260d7602ed1af1352086bef4/screenshot - {}
COMMAND: POST /session/329de238260d7602ed1af1352086bef4/execute/sync - {"script":"<script> [56 bytes]","args":[{"element-6066-11e4-a52e-4f735466cecf":"f.ABBA5987F2E82E58D78C902D9EA41D2B.d.BFC82B1BA6BABAC5B2AC7695359C18B3.e.26540","ELEMENT":"f.ABBA5987F2E82E58D78C902D9EA41D2B.d.BFC82B1BA6BABAC5B2AC7695359C18B3.e.26540"}]}
RESULT: {}
RESULT: {}
RESULT: {"script":"<script> [56 bytes]","args":[{"element-6066-11e4-a52e-4f735466cecf":"f.ABBA5987F2E82E58D78C902D9EA41D2B.d.BFC82B1BA6BABAC5B2AC7695359C18B3.e.26540","ELEMENT":"f.ABBA5987F2E82E58D78C902D9EA41D2B.d.BFC82B1BA6BABAC5B2AC7695359C18B3.e.26540"}]}
COMMAND: GET /session/329de238260d7602ed1af1352086bef4/screenshot - {}
COMMAND: POST /session/329de238260d7602ed1af1352086bef4/execute/sync - {"script":"<script> [56 bytes]","args":[{"element-6066-11e4-a52e-4f735466cecf":"f.ABBA5987F2E82E58D78C902D9EA41D2B.d.BFC82B1BA6BABAC5B2AC7695359C18B3.e.26540","ELEMENT":"f.ABBA5987F2E82E58D78C902D9EA41D2B.d.BFC82B1BA6BABAC5B2AC7695359C18B3.e.26540"}]}
RESULT: {}
RESULT: {"script":"<script> [56 bytes]","args":[{"element-6066-11e4-a52e-4f735466cecf":"f.ABBA5987F2E82E58D78C902D9EA41D2B.d.BFC82B1BA6BABAC5B2AC7695359C18B3.e.26540","ELEMENT":"f.ABBA5987F2E82E58D78C902D9EA41D2B.d.BFC82B1BA6BABAC5B2AC7695359C18B3.e.26540"}]}
COMMAND: GET /session/329de238260d7602ed1af1352086bef4/screenshot - {}
RESULT: {}
COMMAND: POST /session/329de238260d7602ed1af1352086bef4/execute/sync - {"script":"<script> [56 bytes]","args":[{"element-6066-11e4-a52e-4f735466cecf":"f.ABBA5987F2E82E58D78C902D9EA41D2B.d.BFC82B1BA6BABAC5B2AC7695359C18B3.e.26540","ELEMENT":"f.ABBA5987F2E82E58D78C902D9EA41D2B.d.BFC82B1BA6BABAC5B2AC7695359C18B3.e.26540"}]}
RESULT: {"script":"<script> [56 bytes]","args":[{"element-6066-11e4-a52e-4f735466cecf":"f.ABBA5987F2E82E58D78C902D9EA41D2B.d.BFC82B1BA6BABAC5B2AC7695359C18B3.e.26540","ELEMENT":"f.ABBA5987F2E82E58D78C902D9EA41D2B.d.BFC82B1BA6BABAC5B2AC7695359C18B3.e.26540"}]}
COMMAND: GET /session/329de238260d7602ed1af1352086bef4/screenshot - {}
RESULT: {}
COMMAND: POST /session/329de238260d7602ed1af1352086bef4/execute/sync - {"script":"<script> [56 bytes]","args":[{"element-6066-11e4-a52e-4f735466cecf":"f.ABBA5987F2E82E58D78C902D9EA41D2B.d.BFC82B1BA6BABAC5B2AC7695359C18B3.e.26540","ELEMENT":"f.ABBA5987F2E82E58D78C902D9EA41D2B.d.BFC82B1BA6BABAC5B2AC7695359C18B3.e.26540"}]}
RESULT: {"script":"<script> [56 bytes]","args":[{"element-6066-11e4-a52e-4f735466cecf":"f.ABBA5987F2E82E58D78C902D9EA41D2B.d.BFC82B1BA6BABAC5B2AC7695359C18B3.e.26540","ELEMENT":"f.ABBA5987F2E82E58D78C902D9EA41D2B.d.BFC82B1BA6BABAC5B2AC7695359C18B3.e.26540"}]}
COMMAND: GET /session/329de238260d7602ed1af1352086bef4/screenshot - {}
RESULT: {}
COMMAND: POST /session/329de238260d7602ed1af1352086bef4/execute/sync - {"script":"<script> [56 bytes]","args":[{"element-6066-11e4-a52e-4f735466cecf":"f.ABBA5987F2E82E58D78C902D9EA41D2B.d.BFC82B1BA6BABAC5B2AC7695359C18B3.e.26540","ELEMENT":"f.ABBA5987F2E82E58D78C902D9EA41D2B.d.BFC82B1BA6BABAC5B2AC7695359C18B3.e.26540"}]}
RESULT: {"script":"<script> [56 bytes]","args":[{"element-6066-11e4-a52e-4f735466cecf":"f.ABBA5987F2E82E58D78C902D9EA41D2B.d.BFC82B1BA6BABAC5B2AC7695359C18B3.e.26540","ELEMENT":"f.ABBA5987F2E82E58D78C902D9EA41D2B.d.BFC82B1BA6BABAC5B2AC7695359C18B3.e.26540"}]}
COMMAND: GET /session/329de238260d7602ed1af1352086bef4/screenshot - {}
RESULT: {}
COMMAND: POST /session/329de238260d7602ed1af1352086bef4/execute/sync - {"script":"<script> [56 bytes]","args":[{"element-6066-11e4-a52e-4f735466cecf":"f.ABBA5987F2E82E58D78C902D9EA41D2B.d.BFC82B1BA6BABAC5B2AC7695359C18B3.e.26540","ELEMENT":"f.ABBA5987F2E82E58D78C902D9EA41D2B.d.BFC82B1BA6BABAC5B2AC7695359C18B3.e.26540"}]}
RESULT: {"script":"<script> [56 bytes]","args":[{"element-6066-11e4-a52e-4f735466cecf":"f.ABBA5987F2E82E58D78C902D9EA41D2B.d.BFC82B1BA6BABAC5B2AC7695359C18B3.e.26540","ELEMENT":"f.ABBA5987F2E82E58D78C902D9EA41D2B.d.BFC82B1BA6BABAC5B2AC7695359C18B3.e.26540"}]}
COMMAND: GET /session/329de238260d7602ed1af1352086bef4/screenshot - {}
RESULT: {}
COMMAND: POST /session/329de238260d7602ed1af1352086bef4/execute/sync - {"script":"<script> [56 bytes]","args":[{"element-6066-11e4-a52e-4f735466cecf":"f.ABBA5987F2E82E58D78C902D9EA41D2B.d.BFC82B1BA6BABAC5B2AC7695359C18B3.e.26540","ELEMENT":"f.ABBA5987F2E82E58D78C902D9EA41D2B.d.BFC82B1BA6BABAC5B2AC7695359C18B3.e.26540"}]}
RESULT: {"script":"<script> [56 bytes]","args":[{"element-6066-11e4-a52e-4f735466cecf":"f.ABBA5987F2E82E58D78C902D9EA41D2B.d.BFC82B1BA6BABAC5B2AC7695359C18B3.e.26540","ELEMENT":"f.ABBA5987F2E82E58D78C902D9EA41D2B.d.BFC82B1BA6BABAC5B2AC7695359C18B3.e.26540"}]}
COMMAND: GET /session/329de238260d7602ed1af1352086bef4/screenshot - {}
RESULT: {}
COMMAND: POST /session/329de238260d7602ed1af1352086bef4/execute/sync - {"script":"<script> [56 bytes]","args":[{"element-6066-11e4-a52e-4f735466cecf":"f.ABBA5987F2E82E58D78C902D9EA41D2B.d.BFC82B1BA6BABAC5B2AC7695359C18B3.e.26540","ELEMENT":"f.ABBA5987F2E82E58D78C902D9EA41D2B.d.BFC82B1BA6BABAC5B2AC7695359C18B3.e.26540"}]}
RESULT: {"script":"<script> [56 bytes]","args":[{"element-6066-11e4-a52e-4f735466cecf":"f.ABBA5987F2E82E58D78C902D9EA41D2B.d.BFC82B1BA6BABAC5B2AC7695359C18B3.e.26540","ELEMENT":"f.ABBA5987F2E82E58D78C902D9EA41D2B.d.BFC82B1BA6BABAC5B2AC7695359C18B3.e.26540"}]}
COMMAND: GET /session/329de238260d7602ed1af1352086bef4/screenshot - {}
RESULT: {}
COMMAND: POST /session/329de238260d7602ed1af1352086bef4/execute/sync - {"script":"<script> [56 bytes]","args":[{"element-6066-11e4-a52e-4f735466cecf":"f.ABBA5987F2E82E58D78C902D9EA41D2B.d.BFC82B1BA6BABAC5B2AC7695359C18B3.e.26540","ELEMENT":"f.ABBA5987F2E82E58D78C902D9EA41D2B.d.BFC82B1BA6BABAC5B2AC7695359C18B3.e.26540"}]}
RESULT: {"script":"<script> [56 bytes]","args":[{"element-6066-11e4-a52e-4f735466cecf":"f.ABBA5987F2E82E58D78C902D9EA41D2B.d.BFC82B1BA6BABAC5B2AC7695359C18B3.e.26540","ELEMENT":"f.ABBA5987F2E82E58D78C902D9EA41D2B.d.BFC82B1BA6BABAC5B2AC7695359C18B3.e.26540"}]}
COMMAND: GET /session/329de238260d7602ed1af1352086bef4/screenshot - {}
RESULT: {}
COMMAND: POST /session/329de238260d7602ed1af1352086bef4/execute/sync - {"script":"<script> [56 bytes]","args":[{"element-6066-11e4-a52e-4f735466cecf":"f.ABBA5987F2E82E58D78C902D9EA41D2B.d.BFC82B1BA6BABAC5B2AC7695359C18B3.e.26540","ELEMENT":"f.ABBA5987F2E82E58D78C902D9EA41D2B.d.BFC82B1BA6BABAC5B2AC7695359C18B3.e.26540"}]}
RESULT: {"script":"<script> [56 bytes]","args":[{"element-6066-11e4-a52e-4f735466cecf":"f.ABBA5987F2E82E58D78C902D9EA41D2B.d.BFC82B1BA6BABAC5B2AC7695359C18B3.e.26540","ELEMENT":"f.ABBA5987F2E82E58D78C902D9EA41D2B.d.BFC82B1BA6BABAC5B2AC7695359C18B3.e.26540"}]}
COMMAND: GET /session/329de238260d7602ed1af1352086bef4/screenshot - {}
RESULT: {}
COMMAND: POST /session/329de238260d7602ed1af1352086bef4/execute/sync - {"script":"<script> [56 bytes]","args":[{"element-6066-11e4-a52e-4f735466cecf":"f.ABBA5987F2E82E58D78C902D9EA41D2B.d.BFC82B1BA6BABAC5B2AC7695359C18B3.e.26540","ELEMENT":"f.ABBA5987F2E82E58D78C902D9EA41D2B.d.BFC82B1BA6BABAC5B2AC7695359C18B3.e.26540"}]}
RESULT: {"script":"<script> [56 bytes]","args":[{"element-6066-11e4-a52e-4f735466cecf":"f.ABBA5987F2E82E58D78C902D9EA41D2B.d.BFC82B1BA6BABAC5B2AC7695359C18B3.e.26540","ELEMENT":"f.ABBA5987F2E82E58D78C902D9EA41D2B.d.BFC82B1BA6BABAC5B2AC7695359C18B3.e.26540"}]}
COMMAND: GET /session/329de238260d7602ed1af1352086bef4/screenshot - {}
RESULT: {}
COMMAND: POST /session/329de238260d7602ed1af1352086bef4/execute/sync - {"script":"<script> [56 bytes]","args":[{"element-6066-11e4-a52e-4f735466cecf":"f.ABBA5987F2E82E58D78C902D9EA41D2B.d.BFC82B1BA6BABAC5B2AC7695359C18B3.e.26540","ELEMENT":"f.ABBA5987F2E82E58D78C902D9EA41D2B.d.BFC82B1BA6BABAC5B2AC7695359C18B3.e.26540"}]}
RESULT: {"script":"<script> [56 bytes]","args":[{"element-6066-11e4-a52e-4f735466cecf":"f.ABBA5987F2E82E58D78C902D9EA41D2B.d.BFC82B1BA6BABAC5B2AC7695359C18B3.e.26540","ELEMENT":"f.ABBA5987F2E82E58D78C902D9EA41D2B.d.BFC82B1BA6BABAC5B2AC7695359C18B3.e.26540"}]}
COMMAND: GET /session/329de238260d7602ed1af1352086bef4/screenshot - {}
RESULT: {}
COMMAND: POST /session/329de238260d7602ed1af1352086bef4/execute/sync - {"script":"<script> [56 bytes]","args":[{"element-6066-11e4-a52e-4f735466cecf":"f.ABBA5987F2E82E58D78C902D9EA41D2B.d.BFC82B1BA6BABAC5B2AC7695359C18B3.e.26540","ELEMENT":"f.ABBA5987F2E82E58D78C902D9EA41D2B.d.BFC82B1BA6BABAC5B2AC7695359C18B3.e.26540"}]}
RESULT: {"script":"<script> [56 bytes]","args":[{"element-6066-11e4-a52e-4f735466cecf":"f.ABBA5987F2E82E58D78C902D9EA41D2B.d.BFC82B1BA6BABAC5B2AC7695359C18B3.e.26540","ELEMENT":"f.ABBA5987F2E82E58D78C902D9EA41D2B.d.BFC82B1BA6BABAC5B2AC7695359C18B3.e.26540"}]}
COMMAND: GET /session/329de238260d7602ed1af1352086bef4/screenshot - {}
RESULT: {}
COMMAND: POST /session/329de238260d7602ed1af1352086bef4/execute/sync - {"script":"<script> [56 bytes]","args":[{"element-6066-11e4-a52e-4f735466cecf":"f.ABBA5987F2E82E58D78C902D9EA41D2B.d.BFC82B1BA6BABAC5B2AC7695359C18B3.e.26540","ELEMENT":"f.ABBA5987F2E82E58D78C902D9EA41D2B.d.BFC82B1BA6BABAC5B2AC7695359C18B3.e.26540"}]}
RESULT: {"script":"<script> [56 bytes]","args":[{"element-6066-11e4-a52e-4f735466cecf":"f.ABBA5987F2E82E58D78C902D9EA41D2B.d.BFC82B1BA6BABAC5B2AC7695359C18B3.e.26540","ELEMENT":"f.ABBA5987F2E82E58D78C902D9EA41D2B.d.BFC82B1BA6BABAC5B2AC7695359C18B3.e.26540"}]}
COMMAND: POST /session/329de238260d7602ed1af1352086bef4/element - {"using":"css selector","value":"#shell-header-logo"}
COMMAND: GET /session/329de238260d7602ed1af1352086bef4/screenshot - {}
RESULT: {"using":"css selector","value":"#shell-header-logo"}
COMMAND: POST /session/329de238260d7602ed1af1352086bef4/element/f.ABBA5987F2E82E58D78C902D9EA41D2B.d.BFC82B1BA6BABAC5B2AC7695359C18B3.e.26381/click - {}
RESULT: {}
RESULT: {}
COMMAND: GET /session/329de238260d7602ed1af1352086bef4/screenshot - {}
RESULT: {}
]]></system-out>
    </testcase>
    <testcase classname="chrome.136_0_7103_93.windows.Billing_Calculation_-_Time_based_(considering_transport_times)_US139738" name="Should do another billing run but in around 25 days from today" time="64.022">
      <system-out><![CDATA[
RESULT: undefined
COMMAND: POST /session/329de238260d7602ed1af1352086bef4/element - {"using":"xpath","value":"//*[@id=\"__tile51\"]"}
RESULT: {"using":"xpath","value":"//*[@id=\"__tile51\"]"}
COMMAND: POST /session/329de238260d7602ed1af1352086bef4/element/f.ABBA5987F2E82E58D78C902D9EA41D2B.d.BFC82B1BA6BABAC5B2AC7695359C18B3.e.20088/click - {}
RESULT: {}
COMMAND: GET /session/329de238260d7602ed1af1352086bef4/screenshot - {}
RESULT: {}
COMMAND: POST /session/329de238260d7602ed1af1352086bef4/elements - {"using":"xpath","value":"//span[text()='Error']"}
RESULT: {"using":"xpath","value":"//span[text()='Error']"}
RESULT: undefined
COMMAND: POST /session/329de238260d7602ed1af1352086bef4/execute/async - {"script":"<script> [776 bytes]","args":[{"enterText":"10388","selector":{"id":"application-managebillings-display-component---billRunCalcResult--smartFilterBar-btnBasicSearch","interaction":{"idSuffix":"I"}},"clearTextFirst":true,"interactionType":"ENTER_TEXT"}]}
RESULT: {"script":"<script> [776 bytes]","args":[{"enterText":"10388","selector":{"id":"application-managebillings-display-component---billRunCalcResult--smartFilterBar-btnBasicSearch","interaction":{"idSuffix":"I"}},"clearTextFirst":true,"interactionType":"ENTER_TEXT"}]}
COMMAND: POST /session/329de238260d7602ed1af1352086bef4/actions - {"actions":[{"id":"action95","type":"key","parameters":{},"actions":[{"type":"keyDown","value":""},{"type":"pause","duration":10},{"type":"keyUp","value":""}]}]}
RESULT: {"actions":[{"id":"action95","type":"key","parameters":{},"actions":[{"type":"keyDown","value":""},{"type":"pause","duration":10},{"type":"keyUp","value":""}]}]}
COMMAND: GET /session/329de238260d7602ed1af1352086bef4/screenshot - {}
RESULT: {}
COMMAND: POST /session/329de238260d7602ed1af1352086bef4/element - {"using":"xpath","value":"//td[@aria-colindex=\"1\"]/div/div[contains(@class, \"sapMCbBg\")]"}
RESULT: {"using":"xpath","value":"//td[@aria-colindex=\"1\"]/div/div[contains(@class, \"sapMCbBg\")]"}
COMMAND: POST /session/329de238260d7602ed1af1352086bef4/element/f.ABBA5987F2E82E58D78C902D9EA41D2B.d.BFC82B1BA6BABAC5B2AC7695359C18B3.e.26785/click - {}
RESULT: {}
COMMAND: GET /session/329de238260d7602ed1af1352086bef4/screenshot - {}
RESULT: {}
RESULT: undefined
COMMAND: POST /session/329de238260d7602ed1af1352086bef4/execute/async - {"script":"<script> [776 bytes]","args":[{"enterText":"6/23/25","selector":{"id":"application-managebillings-display-component---billRunCalcResult--contractBillRunDate","interaction":{"idSuffix":"inner"}},"clearTextFirst":true,"interactionType":"ENTER_TEXT"}]}
RESULT: {"script":"<script> [776 bytes]","args":[{"enterText":"6/23/25","selector":{"id":"application-managebillings-display-component---billRunCalcResult--contractBillRunDate","interaction":{"idSuffix":"inner"}},"clearTextFirst":true,"interactionType":"ENTER_TEXT"}]}
COMMAND: POST /session/329de238260d7602ed1af1352086bef4/element - {"using":"xpath","value":"//bdi[contains(text(), \"Trigger Calculation\")]"}
RESULT: {"using":"xpath","value":"//bdi[contains(text(), \"Trigger Calculation\")]"}
COMMAND: POST /session/329de238260d7602ed1af1352086bef4/element/f.ABBA5987F2E82E58D78C902D9EA41D2B.d.BFC82B1BA6BABAC5B2AC7695359C18B3.e.26842/click - {}
RESULT: {}
COMMAND: GET /session/329de238260d7602ed1af1352086bef4/screenshot - {}
RESULT: {}
COMMAND: POST /session/329de238260d7602ed1af1352086bef4/element - {"using":"xpath","value":"(//span[contains(@id, \"imgNav\")])[1]"}
RESULT: {"using":"xpath","value":"(//span[contains(@id, \"imgNav\")])[1]"}
COMMAND: POST /session/329de238260d7602ed1af1352086bef4/element/f.ABBA5987F2E82E58D78C902D9EA41D2B.d.BFC82B1BA6BABAC5B2AC7695359C18B3.e.26786/click - {}
RESULT: {}
COMMAND: GET /session/329de238260d7602ed1af1352086bef4/screenshot - {}
RESULT: {}
COMMAND: POST /session/329de238260d7602ed1af1352086bef4/element - {"using":"xpath","value":"//tr/td[6]/div[1]/span[1]/span[1]"}
RESULT: {"using":"xpath","value":"//tr/td[6]/div[1]/span[1]/span[1]"}
COMMAND: GET /session/329de238260d7602ed1af1352086bef4/element/f.ABBA5987F2E82E58D78C902D9EA41D2B.d.BFC82B1BA6BABAC5B2AC7695359C18B3.e.26847/text - {}
RESULT: {}
COMMAND: POST /session/329de238260d7602ed1af1352086bef4/element - {"using":"xpath","value":"(//span[contains(@id, \"imgNav\")])[2]"}
RESULT: {"using":"xpath","value":"(//span[contains(@id, \"imgNav\")])[2]"}
COMMAND: POST /session/329de238260d7602ed1af1352086bef4/element/f.ABBA5987F2E82E58D78C902D9EA41D2B.d.BFC82B1BA6BABAC5B2AC7695359C18B3.e.26848/click - {}
RESULT: {}
COMMAND: POST /session/329de238260d7602ed1af1352086bef4/element - {"using":"xpath","value":"//bdi[contains(text(), \"Business Confirm\")]"}
COMMAND: GET /session/329de238260d7602ed1af1352086bef4/screenshot - {}
RESULT: {"using":"xpath","value":"//bdi[contains(text(), \"Business Confirm\")]"}
COMMAND: POST /session/329de238260d7602ed1af1352086bef4/elements - {"using":"xpath","value":"//bdi[contains(text(), \"Business Confirm\")]"}
RESULT: {}
RESULT: {"using":"xpath","value":"//bdi[contains(text(), \"Business Confirm\")]"}
COMMAND: POST /session/329de238260d7602ed1af1352086bef4/element - {"using":"xpath","value":"//bdi[contains(text(), \"Business Confirm\")]"}
RESULT: {"using":"xpath","value":"//bdi[contains(text(), \"Business Confirm\")]"}
COMMAND: POST /session/329de238260d7602ed1af1352086bef4/element/f.ABBA5987F2E82E58D78C902D9EA41D2B.d.BFC82B1BA6BABAC5B2AC7695359C18B3.e.26910/click - {}
RESULT: {}
COMMAND: POST /session/329de238260d7602ed1af1352086bef4/element - {"using":"css selector","value":"#shell-header-logo"}
COMMAND: GET /session/329de238260d7602ed1af1352086bef4/screenshot - {}
RESULT: {"using":"css selector","value":"#shell-header-logo"}
COMMAND: POST /session/329de238260d7602ed1af1352086bef4/element/f.ABBA5987F2E82E58D78C902D9EA41D2B.d.BFC82B1BA6BABAC5B2AC7695359C18B3.e.26577/click - {}
RESULT: {}
RESULT: {}
COMMAND: GET /session/329de238260d7602ed1af1352086bef4/screenshot - {}
RESULT: {}
]]></system-out>
    </testcase>
    <testcase classname="chrome.136_0_7103_93.windows.Billing_Calculation_-_Time_based_(considering_transport_times)_US139738" name="Should transfer the billing all the way to completion" time="83.634">
      <system-out><![CDATA[
RESULT: undefined
COMMAND: POST /session/329de238260d7602ed1af1352086bef4/element - {"using":"xpath","value":"//*[@id=\"__tile50\"]"}
RESULT: {"using":"xpath","value":"//*[@id=\"__tile50\"]"}
COMMAND: POST /session/329de238260d7602ed1af1352086bef4/element/f.ABBA5987F2E82E58D78C902D9EA41D2B.d.BFC82B1BA6BABAC5B2AC7695359C18B3.e.20086/click - {}
RESULT: {}
COMMAND: GET /session/329de238260d7602ed1af1352086bef4/screenshot - {}
RESULT: {}
COMMAND: POST /session/329de238260d7602ed1af1352086bef4/elements - {"using":"xpath","value":"//span[text()='Error']"}
RESULT: {"using":"xpath","value":"//span[text()='Error']"}
COMMAND: POST /session/329de238260d7602ed1af1352086bef4/element - {"using":"xpath","value":"//input[contains(@id ,\"application-billingtransfer-display-component---billingWorkbench--smartFilterBar-btnBasicSearch\")]"}
RESULT: {"using":"xpath","value":"//input[contains(@id ,\"application-billingtransfer-display-component---billingWorkbench--smartFilterBar-btnBasicSearch\")]"}
COMMAND: POST /session/329de238260d7602ed1af1352086bef4/elements - {"using":"xpath","value":"//input[contains(@id ,\"application-billingtransfer-display-component---billingWorkbench--smartFilterBar-btnBasicSearch\")]"}
RESULT: {"using":"xpath","value":"//input[contains(@id ,\"application-billingtransfer-display-component---billingWorkbench--smartFilterBar-btnBasicSearch\")]"}
COMMAND: POST /session/329de238260d7602ed1af1352086bef4/execute/sync - {"script":"<script> [8489 bytes]","args":[{"element-6066-11e4-a52e-4f735466cecf":"f.ABBA5987F2E82E58D78C902D9EA41D2B.d.BFC82B1BA6BABAC5B2AC7695359C18B3.e.26922","ELEMENT":"f.ABBA5987F2E82E58D78C902D9EA41D2B.d.BFC82B1BA6BABAC5B2AC7695359C18B3.e.26922"}]}
RESULT: {"script":"<script> [8489 bytes]","args":[{"element-6066-11e4-a52e-4f735466cecf":"f.ABBA5987F2E82E58D78C902D9EA41D2B.d.BFC82B1BA6BABAC5B2AC7695359C18B3.e.26922","ELEMENT":"f.ABBA5987F2E82E58D78C902D9EA41D2B.d.BFC82B1BA6BABAC5B2AC7695359C18B3.e.26922"}]}
COMMAND: GET /session/329de238260d7602ed1af1352086bef4/element/f.ABBA5987F2E82E58D78C902D9EA41D2B.d.BFC82B1BA6BABAC5B2AC7695359C18B3.e.26922/enabled - {}
COMMAND: GET /session/329de238260d7602ed1af1352086bef4/screenshot - {}
RESULT: {}
COMMAND: POST /session/329de238260d7602ed1af1352086bef4/element/f.ABBA5987F2E82E58D78C902D9EA41D2B.d.BFC82B1BA6BABAC5B2AC7695359C18B3.e.26922/click - {}
COMMAND: GET /session/329de238260d7602ed1af1352086bef4/screenshot - {}
RESULT: {}
RESULT: {}
COMMAND: GET /session/329de238260d7602ed1af1352086bef4/screenshot - {}
RESULT: {}
RESULT: {}
COMMAND: POST /session/329de238260d7602ed1af1352086bef4/element/f.ABBA5987F2E82E58D78C902D9EA41D2B.d.BFC82B1BA6BABAC5B2AC7695359C18B3.e.26922/clear - {}
RESULT: {}
COMMAND: POST /session/329de238260d7602ed1af1352086bef4/element/f.ABBA5987F2E82E58D78C902D9EA41D2B.d.BFC82B1BA6BABAC5B2AC7695359C18B3.e.26922/value - {"text":"10388"}
COMMAND: GET /session/329de238260d7602ed1af1352086bef4/screenshot - {}
RESULT: {"text":"10388"}
COMMAND: POST /session/329de238260d7602ed1af1352086bef4/actions - {"actions":[{"id":"action96","type":"key","parameters":{},"actions":[{"type":"keyDown","value":""},{"type":"pause","duration":10},{"type":"keyUp","value":""}]}]}
COMMAND: GET /session/329de238260d7602ed1af1352086bef4/screenshot - {}
RESULT: {}
RESULT: {"actions":[{"id":"action96","type":"key","parameters":{},"actions":[{"type":"keyDown","value":""},{"type":"pause","duration":10},{"type":"keyUp","value":""}]}]}
COMMAND: GET /session/329de238260d7602ed1af1352086bef4/screenshot - {}
RESULT: {}
RESULT: {}
COMMAND: POST /session/329de238260d7602ed1af1352086bef4/element - {"using":"xpath","value":"//span[contains(@id ,\"application-billingtransfer-display-component---billingWorkbench--smartTableBillingRuns-header-inner\")]"}
RESULT: {"using":"xpath","value":"//span[contains(@id ,\"application-billingtransfer-display-component---billingWorkbench--smartTableBillingRuns-header-inner\")]"}
COMMAND: POST /session/329de238260d7602ed1af1352086bef4/elements - {"using":"xpath","value":"//span[contains(@id ,\"application-billingtransfer-display-component---billingWorkbench--smartTableBillingRuns-header-inner\")]"}
RESULT: {"using":"xpath","value":"//span[contains(@id ,\"application-billingtransfer-display-component---billingWorkbench--smartTableBillingRuns-header-inner\")]"}
COMMAND: POST /session/329de238260d7602ed1af1352086bef4/execute/sync - {"script":"<script> [56 bytes]","args":[{"element-6066-11e4-a52e-4f735466cecf":"f.ABBA5987F2E82E58D78C902D9EA41D2B.d.BFC82B1BA6BABAC5B2AC7695359C18B3.e.27073","ELEMENT":"f.ABBA5987F2E82E58D78C902D9EA41D2B.d.BFC82B1BA6BABAC5B2AC7695359C18B3.e.27073"}]}
RESULT: {"script":"<script> [56 bytes]","args":[{"element-6066-11e4-a52e-4f735466cecf":"f.ABBA5987F2E82E58D78C902D9EA41D2B.d.BFC82B1BA6BABAC5B2AC7695359C18B3.e.27073","ELEMENT":"f.ABBA5987F2E82E58D78C902D9EA41D2B.d.BFC82B1BA6BABAC5B2AC7695359C18B3.e.27073"}]}
COMMAND: POST /session/329de238260d7602ed1af1352086bef4/element - {"using":"xpath","value":"//td[@aria-colindex=\"1\"]/div/div[contains(@class, \"sapMCbBg\")]"}
COMMAND: GET /session/329de238260d7602ed1af1352086bef4/screenshot - {}
RESULT: {"using":"xpath","value":"//td[@aria-colindex=\"1\"]/div/div[contains(@class, \"sapMCbBg\")]"}
COMMAND: POST /session/329de238260d7602ed1af1352086bef4/element/f.ABBA5987F2E82E58D78C902D9EA41D2B.d.BFC82B1BA6BABAC5B2AC7695359C18B3.e.27032/click - {}
RESULT: {}
RESULT: {}
COMMAND: GET /session/329de238260d7602ed1af1352086bef4/screenshot - {}
RESULT: {}
COMMAND: POST /session/329de238260d7602ed1af1352086bef4/element - {"using":"xpath","value":"//bdi[contains(text(), \"Check\")]"}
RESULT: {"using":"xpath","value":"//bdi[contains(text(), \"Check\")]"}
COMMAND: POST /session/329de238260d7602ed1af1352086bef4/element/f.ABBA5987F2E82E58D78C902D9EA41D2B.d.BFC82B1BA6BABAC5B2AC7695359C18B3.e.27074/click - {}
RESULT: {}
COMMAND: GET /session/329de238260d7602ed1af1352086bef4/screenshot - {}
RESULT: {}
COMMAND: POST /session/329de238260d7602ed1af1352086bef4/element - {"using":"xpath","value":"//bdi[contains(text(), \"OK\")]"}
RESULT: {"using":"xpath","value":"//bdi[contains(text(), \"OK\")]"}
COMMAND: POST /session/329de238260d7602ed1af1352086bef4/element/f.ABBA5987F2E82E58D78C902D9EA41D2B.d.BFC82B1BA6BABAC5B2AC7695359C18B3.e.27077/click - {}
RESULT: {}
COMMAND: GET /session/329de238260d7602ed1af1352086bef4/screenshot - {}
RESULT: {}
COMMAND: POST /session/329de238260d7602ed1af1352086bef4/element - {"using":"xpath","value":"(//span[contains(text(), \"CO/SD checked\")]/parent::div/preceding-sibling::div/span)[1]"}
RESULT: {"using":"xpath","value":"(//span[contains(text(), \"CO/SD checked\")]/parent::div/preceding-sibling::div/span)[1]"}
COMMAND: POST /session/329de238260d7602ed1af1352086bef4/element/f.ABBA5987F2E82E58D78C902D9EA41D2B.d.BFC82B1BA6BABAC5B2AC7695359C18B3.e.27086/click - {}
RESULT: {}
COMMAND: GET /session/329de238260d7602ed1af1352086bef4/screenshot - {}
RESULT: {}
COMMAND: POST /session/329de238260d7602ed1af1352086bef4/element - {"using":"xpath","value":"//input[contains(@id ,\"application-billingtransfer-display-component---billingWorkbench--smartFilterBar-btnBasicSearch\")]"}
RESULT: {"using":"xpath","value":"//input[contains(@id ,\"application-billingtransfer-display-component---billingWorkbench--smartFilterBar-btnBasicSearch\")]"}
COMMAND: POST /session/329de238260d7602ed1af1352086bef4/elements - {"using":"xpath","value":"//input[contains(@id ,\"application-billingtransfer-display-component---billingWorkbench--smartFilterBar-btnBasicSearch\")]"}
RESULT: {"using":"xpath","value":"//input[contains(@id ,\"application-billingtransfer-display-component---billingWorkbench--smartFilterBar-btnBasicSearch\")]"}
COMMAND: POST /session/329de238260d7602ed1af1352086bef4/execute/sync - {"script":"<script> [8489 bytes]","args":[{"element-6066-11e4-a52e-4f735466cecf":"f.ABBA5987F2E82E58D78C902D9EA41D2B.d.BFC82B1BA6BABAC5B2AC7695359C18B3.e.26922","ELEMENT":"f.ABBA5987F2E82E58D78C902D9EA41D2B.d.BFC82B1BA6BABAC5B2AC7695359C18B3.e.26922"}]}
RESULT: {"script":"<script> [8489 bytes]","args":[{"element-6066-11e4-a52e-4f735466cecf":"f.ABBA5987F2E82E58D78C902D9EA41D2B.d.BFC82B1BA6BABAC5B2AC7695359C18B3.e.26922","ELEMENT":"f.ABBA5987F2E82E58D78C902D9EA41D2B.d.BFC82B1BA6BABAC5B2AC7695359C18B3.e.26922"}]}
COMMAND: GET /session/329de238260d7602ed1af1352086bef4/element/f.ABBA5987F2E82E58D78C902D9EA41D2B.d.BFC82B1BA6BABAC5B2AC7695359C18B3.e.26922/enabled - {}
COMMAND: GET /session/329de238260d7602ed1af1352086bef4/screenshot - {}
RESULT: {}
COMMAND: POST /session/329de238260d7602ed1af1352086bef4/element/f.ABBA5987F2E82E58D78C902D9EA41D2B.d.BFC82B1BA6BABAC5B2AC7695359C18B3.e.26922/click - {}
COMMAND: GET /session/329de238260d7602ed1af1352086bef4/screenshot - {}
RESULT: {}
RESULT: {}
COMMAND: GET /session/329de238260d7602ed1af1352086bef4/screenshot - {}
RESULT: {}
RESULT: {}
COMMAND: POST /session/329de238260d7602ed1af1352086bef4/element/f.ABBA5987F2E82E58D78C902D9EA41D2B.d.BFC82B1BA6BABAC5B2AC7695359C18B3.e.26922/clear - {}
RESULT: {}
COMMAND: POST /session/329de238260d7602ed1af1352086bef4/element/f.ABBA5987F2E82E58D78C902D9EA41D2B.d.BFC82B1BA6BABAC5B2AC7695359C18B3.e.26922/value - {"text":"10388"}
COMMAND: GET /session/329de238260d7602ed1af1352086bef4/screenshot - {}
RESULT: {"text":"10388"}
COMMAND: POST /session/329de238260d7602ed1af1352086bef4/actions - {"actions":[{"id":"action97","type":"key","parameters":{},"actions":[{"type":"keyDown","value":""},{"type":"pause","duration":10},{"type":"keyUp","value":""}]}]}
COMMAND: GET /session/329de238260d7602ed1af1352086bef4/screenshot - {}
RESULT: {}
RESULT: {"actions":[{"id":"action97","type":"key","parameters":{},"actions":[{"type":"keyDown","value":""},{"type":"pause","duration":10},{"type":"keyUp","value":""}]}]}
COMMAND: GET /session/329de238260d7602ed1af1352086bef4/screenshot - {}
RESULT: {}
RESULT: {}
COMMAND: POST /session/329de238260d7602ed1af1352086bef4/element - {"using":"xpath","value":"//span[contains(@id ,\"application-billingtransfer-display-component---billingWorkbench--smartTableBillingRuns-header-inner\")]"}
RESULT: {"using":"xpath","value":"//span[contains(@id ,\"application-billingtransfer-display-component---billingWorkbench--smartTableBillingRuns-header-inner\")]"}
COMMAND: POST /session/329de238260d7602ed1af1352086bef4/elements - {"using":"xpath","value":"//span[contains(@id ,\"application-billingtransfer-display-component---billingWorkbench--smartTableBillingRuns-header-inner\")]"}
RESULT: {"using":"xpath","value":"//span[contains(@id ,\"application-billingtransfer-display-component---billingWorkbench--smartTableBillingRuns-header-inner\")]"}
COMMAND: POST /session/329de238260d7602ed1af1352086bef4/execute/sync - {"script":"<script> [56 bytes]","args":[{"element-6066-11e4-a52e-4f735466cecf":"f.ABBA5987F2E82E58D78C902D9EA41D2B.d.BFC82B1BA6BABAC5B2AC7695359C18B3.e.27073","ELEMENT":"f.ABBA5987F2E82E58D78C902D9EA41D2B.d.BFC82B1BA6BABAC5B2AC7695359C18B3.e.27073"}]}
RESULT: {"script":"<script> [56 bytes]","args":[{"element-6066-11e4-a52e-4f735466cecf":"f.ABBA5987F2E82E58D78C902D9EA41D2B.d.BFC82B1BA6BABAC5B2AC7695359C18B3.e.27073","ELEMENT":"f.ABBA5987F2E82E58D78C902D9EA41D2B.d.BFC82B1BA6BABAC5B2AC7695359C18B3.e.27073"}]}
COMMAND: POST /session/329de238260d7602ed1af1352086bef4/element - {"using":"xpath","value":"//td[@aria-colindex=\"1\"]/div/div[contains(@class, \"sapMCbBg\")]"}
COMMAND: GET /session/329de238260d7602ed1af1352086bef4/screenshot - {}
RESULT: {"using":"xpath","value":"//td[@aria-colindex=\"1\"]/div/div[contains(@class, \"sapMCbBg\")]"}
COMMAND: POST /session/329de238260d7602ed1af1352086bef4/element/f.ABBA5987F2E82E58D78C902D9EA41D2B.d.BFC82B1BA6BABAC5B2AC7695359C18B3.e.27089/click - {}
RESULT: {}
RESULT: {}
COMMAND: GET /session/329de238260d7602ed1af1352086bef4/screenshot - {}
RESULT: {}
COMMAND: POST /session/329de238260d7602ed1af1352086bef4/element - {"using":"xpath","value":"//bdi[text()=\"Transfer\"]"}
RESULT: {"using":"xpath","value":"//bdi[text()=\"Transfer\"]"}
COMMAND: POST /session/329de238260d7602ed1af1352086bef4/element/f.ABBA5987F2E82E58D78C902D9EA41D2B.d.BFC82B1BA6BABAC5B2AC7695359C18B3.e.27090/click - {}
RESULT: {}
COMMAND: GET /session/329de238260d7602ed1af1352086bef4/screenshot - {}
RESULT: {}
COMMAND: POST /session/329de238260d7602ed1af1352086bef4/element - {"using":"xpath","value":"//bdi[contains(text(), \"OK\")]"}
RESULT: {"using":"xpath","value":"//bdi[contains(text(), \"OK\")]"}
COMMAND: POST /session/329de238260d7602ed1af1352086bef4/element/f.ABBA5987F2E82E58D78C902D9EA41D2B.d.BFC82B1BA6BABAC5B2AC7695359C18B3.e.27093/click - {}
RESULT: {}
COMMAND: GET /session/329de238260d7602ed1af1352086bef4/screenshot - {}
RESULT: {}
COMMAND: POST /session/329de238260d7602ed1af1352086bef4/element - {"using":"xpath","value":"(//span[contains(text(), \"Completed\")]/parent::div/preceding-sibling::div/span)[1]"}
RESULT: {"using":"xpath","value":"(//span[contains(text(), \"Completed\")]/parent::div/preceding-sibling::div/span)[1]"}
COMMAND: POST /session/329de238260d7602ed1af1352086bef4/element/f.ABBA5987F2E82E58D78C902D9EA41D2B.d.BFC82B1BA6BABAC5B2AC7695359C18B3.e.27101/click - {}
RESULT: {}
COMMAND: POST /session/329de238260d7602ed1af1352086bef4/element - {"using":"xpath","value":"//input[contains(@id ,\"application-billingtransfer-display-component---billingWorkbench--smartFilterBar-btnBasicSearch\")]"}
COMMAND: GET /session/329de238260d7602ed1af1352086bef4/screenshot - {}
RESULT: {"using":"xpath","value":"//input[contains(@id ,\"application-billingtransfer-display-component---billingWorkbench--smartFilterBar-btnBasicSearch\")]"}
COMMAND: POST /session/329de238260d7602ed1af1352086bef4/elements - {"using":"xpath","value":"//input[contains(@id ,\"application-billingtransfer-display-component---billingWorkbench--smartFilterBar-btnBasicSearch\")]"}
RESULT: {}
RESULT: {"using":"xpath","value":"//input[contains(@id ,\"application-billingtransfer-display-component---billingWorkbench--smartFilterBar-btnBasicSearch\")]"}
COMMAND: POST /session/329de238260d7602ed1af1352086bef4/execute/sync - {"script":"<script> [8489 bytes]","args":[{"element-6066-11e4-a52e-4f735466cecf":"f.ABBA5987F2E82E58D78C902D9EA41D2B.d.BFC82B1BA6BABAC5B2AC7695359C18B3.e.26922","ELEMENT":"f.ABBA5987F2E82E58D78C902D9EA41D2B.d.BFC82B1BA6BABAC5B2AC7695359C18B3.e.26922"}]}
RESULT: {"script":"<script> [8489 bytes]","args":[{"element-6066-11e4-a52e-4f735466cecf":"f.ABBA5987F2E82E58D78C902D9EA41D2B.d.BFC82B1BA6BABAC5B2AC7695359C18B3.e.26922","ELEMENT":"f.ABBA5987F2E82E58D78C902D9EA41D2B.d.BFC82B1BA6BABAC5B2AC7695359C18B3.e.26922"}]}
COMMAND: GET /session/329de238260d7602ed1af1352086bef4/element/f.ABBA5987F2E82E58D78C902D9EA41D2B.d.BFC82B1BA6BABAC5B2AC7695359C18B3.e.26922/enabled - {}
COMMAND: GET /session/329de238260d7602ed1af1352086bef4/screenshot - {}
RESULT: {}
RESULT: {}
COMMAND: POST /session/329de238260d7602ed1af1352086bef4/element/f.ABBA5987F2E82E58D78C902D9EA41D2B.d.BFC82B1BA6BABAC5B2AC7695359C18B3.e.26922/click - {}
COMMAND: GET /session/329de238260d7602ed1af1352086bef4/screenshot - {}
RESULT: {}
COMMAND: GET /session/329de238260d7602ed1af1352086bef4/screenshot - {}
RESULT: {}
RESULT: {}
COMMAND: POST /session/329de238260d7602ed1af1352086bef4/element/f.ABBA5987F2E82E58D78C902D9EA41D2B.d.BFC82B1BA6BABAC5B2AC7695359C18B3.e.26922/clear - {}
RESULT: {}
COMMAND: POST /session/329de238260d7602ed1af1352086bef4/element/f.ABBA5987F2E82E58D78C902D9EA41D2B.d.BFC82B1BA6BABAC5B2AC7695359C18B3.e.26922/value - {"text":"10388"}
COMMAND: GET /session/329de238260d7602ed1af1352086bef4/screenshot - {}
RESULT: {"text":"10388"}
COMMAND: POST /session/329de238260d7602ed1af1352086bef4/actions - {"actions":[{"id":"action98","type":"key","parameters":{},"actions":[{"type":"keyDown","value":""},{"type":"pause","duration":10},{"type":"keyUp","value":""}]}]}
COMMAND: GET /session/329de238260d7602ed1af1352086bef4/screenshot - {}
RESULT: {}
RESULT: {"actions":[{"id":"action98","type":"key","parameters":{},"actions":[{"type":"keyDown","value":""},{"type":"pause","duration":10},{"type":"keyUp","value":""}]}]}
COMMAND: GET /session/329de238260d7602ed1af1352086bef4/screenshot - {}
RESULT: {}
RESULT: {}
COMMAND: POST /session/329de238260d7602ed1af1352086bef4/element - {"using":"xpath","value":"//span[contains(@id ,\"application-billingtransfer-display-component---billingWorkbench--smartTableBillingRuns-header-inner\")]"}
RESULT: {"using":"xpath","value":"//span[contains(@id ,\"application-billingtransfer-display-component---billingWorkbench--smartTableBillingRuns-header-inner\")]"}
COMMAND: POST /session/329de238260d7602ed1af1352086bef4/elements - {"using":"xpath","value":"//span[contains(@id ,\"application-billingtransfer-display-component---billingWorkbench--smartTableBillingRuns-header-inner\")]"}
RESULT: {"using":"xpath","value":"//span[contains(@id ,\"application-billingtransfer-display-component---billingWorkbench--smartTableBillingRuns-header-inner\")]"}
COMMAND: POST /session/329de238260d7602ed1af1352086bef4/execute/sync - {"script":"<script> [56 bytes]","args":[{"element-6066-11e4-a52e-4f735466cecf":"f.ABBA5987F2E82E58D78C902D9EA41D2B.d.BFC82B1BA6BABAC5B2AC7695359C18B3.e.27073","ELEMENT":"f.ABBA5987F2E82E58D78C902D9EA41D2B.d.BFC82B1BA6BABAC5B2AC7695359C18B3.e.27073"}]}
RESULT: {"script":"<script> [56 bytes]","args":[{"element-6066-11e4-a52e-4f735466cecf":"f.ABBA5987F2E82E58D78C902D9EA41D2B.d.BFC82B1BA6BABAC5B2AC7695359C18B3.e.27073","ELEMENT":"f.ABBA5987F2E82E58D78C902D9EA41D2B.d.BFC82B1BA6BABAC5B2AC7695359C18B3.e.27073"}]}
COMMAND: GET /session/329de238260d7602ed1af1352086bef4/screenshot - {}
RESULT: {}
COMMAND: POST /session/329de238260d7602ed1af1352086bef4/execute/sync - {"script":"<script> [56 bytes]","args":[{"element-6066-11e4-a52e-4f735466cecf":"f.ABBA5987F2E82E58D78C902D9EA41D2B.d.BFC82B1BA6BABAC5B2AC7695359C18B3.e.27073","ELEMENT":"f.ABBA5987F2E82E58D78C902D9EA41D2B.d.BFC82B1BA6BABAC5B2AC7695359C18B3.e.27073"}]}
RESULT: {"script":"<script> [56 bytes]","args":[{"element-6066-11e4-a52e-4f735466cecf":"f.ABBA5987F2E82E58D78C902D9EA41D2B.d.BFC82B1BA6BABAC5B2AC7695359C18B3.e.27073","ELEMENT":"f.ABBA5987F2E82E58D78C902D9EA41D2B.d.BFC82B1BA6BABAC5B2AC7695359C18B3.e.27073"}]}
COMMAND: GET /session/329de238260d7602ed1af1352086bef4/screenshot - {}
RESULT: {}
COMMAND: POST /session/329de238260d7602ed1af1352086bef4/execute/sync - {"script":"<script> [56 bytes]","args":[{"element-6066-11e4-a52e-4f735466cecf":"f.ABBA5987F2E82E58D78C902D9EA41D2B.d.BFC82B1BA6BABAC5B2AC7695359C18B3.e.27073","ELEMENT":"f.ABBA5987F2E82E58D78C902D9EA41D2B.d.BFC82B1BA6BABAC5B2AC7695359C18B3.e.27073"}]}
RESULT: {"script":"<script> [56 bytes]","args":[{"element-6066-11e4-a52e-4f735466cecf":"f.ABBA5987F2E82E58D78C902D9EA41D2B.d.BFC82B1BA6BABAC5B2AC7695359C18B3.e.27073","ELEMENT":"f.ABBA5987F2E82E58D78C902D9EA41D2B.d.BFC82B1BA6BABAC5B2AC7695359C18B3.e.27073"}]}
COMMAND: GET /session/329de238260d7602ed1af1352086bef4/screenshot - {}
RESULT: {}
COMMAND: POST /session/329de238260d7602ed1af1352086bef4/execute/sync - {"script":"<script> [56 bytes]","args":[{"element-6066-11e4-a52e-4f735466cecf":"f.ABBA5987F2E82E58D78C902D9EA41D2B.d.BFC82B1BA6BABAC5B2AC7695359C18B3.e.27073","ELEMENT":"f.ABBA5987F2E82E58D78C902D9EA41D2B.d.BFC82B1BA6BABAC5B2AC7695359C18B3.e.27073"}]}
RESULT: {"script":"<script> [56 bytes]","args":[{"element-6066-11e4-a52e-4f735466cecf":"f.ABBA5987F2E82E58D78C902D9EA41D2B.d.BFC82B1BA6BABAC5B2AC7695359C18B3.e.27073","ELEMENT":"f.ABBA5987F2E82E58D78C902D9EA41D2B.d.BFC82B1BA6BABAC5B2AC7695359C18B3.e.27073"}]}
COMMAND: GET /session/329de238260d7602ed1af1352086bef4/screenshot - {}
RESULT: {}
COMMAND: POST /session/329de238260d7602ed1af1352086bef4/execute/sync - {"script":"<script> [56 bytes]","args":[{"element-6066-11e4-a52e-4f735466cecf":"f.ABBA5987F2E82E58D78C902D9EA41D2B.d.BFC82B1BA6BABAC5B2AC7695359C18B3.e.27073","ELEMENT":"f.ABBA5987F2E82E58D78C902D9EA41D2B.d.BFC82B1BA6BABAC5B2AC7695359C18B3.e.27073"}]}
RESULT: {"script":"<script> [56 bytes]","args":[{"element-6066-11e4-a52e-4f735466cecf":"f.ABBA5987F2E82E58D78C902D9EA41D2B.d.BFC82B1BA6BABAC5B2AC7695359C18B3.e.27073","ELEMENT":"f.ABBA5987F2E82E58D78C902D9EA41D2B.d.BFC82B1BA6BABAC5B2AC7695359C18B3.e.27073"}]}
COMMAND: GET /session/329de238260d7602ed1af1352086bef4/screenshot - {}
RESULT: {}
COMMAND: POST /session/329de238260d7602ed1af1352086bef4/execute/sync - {"script":"<script> [56 bytes]","args":[{"element-6066-11e4-a52e-4f735466cecf":"f.ABBA5987F2E82E58D78C902D9EA41D2B.d.BFC82B1BA6BABAC5B2AC7695359C18B3.e.27073","ELEMENT":"f.ABBA5987F2E82E58D78C902D9EA41D2B.d.BFC82B1BA6BABAC5B2AC7695359C18B3.e.27073"}]}
RESULT: {"script":"<script> [56 bytes]","args":[{"element-6066-11e4-a52e-4f735466cecf":"f.ABBA5987F2E82E58D78C902D9EA41D2B.d.BFC82B1BA6BABAC5B2AC7695359C18B3.e.27073","ELEMENT":"f.ABBA5987F2E82E58D78C902D9EA41D2B.d.BFC82B1BA6BABAC5B2AC7695359C18B3.e.27073"}]}
COMMAND: GET /session/329de238260d7602ed1af1352086bef4/screenshot - {}
RESULT: {}
COMMAND: POST /session/329de238260d7602ed1af1352086bef4/execute/sync - {"script":"<script> [56 bytes]","args":[{"element-6066-11e4-a52e-4f735466cecf":"f.ABBA5987F2E82E58D78C902D9EA41D2B.d.BFC82B1BA6BABAC5B2AC7695359C18B3.e.27073","ELEMENT":"f.ABBA5987F2E82E58D78C902D9EA41D2B.d.BFC82B1BA6BABAC5B2AC7695359C18B3.e.27073"}]}
RESULT: {"script":"<script> [56 bytes]","args":[{"element-6066-11e4-a52e-4f735466cecf":"f.ABBA5987F2E82E58D78C902D9EA41D2B.d.BFC82B1BA6BABAC5B2AC7695359C18B3.e.27073","ELEMENT":"f.ABBA5987F2E82E58D78C902D9EA41D2B.d.BFC82B1BA6BABAC5B2AC7695359C18B3.e.27073"}]}
COMMAND: GET /session/329de238260d7602ed1af1352086bef4/screenshot - {}
RESULT: {}
COMMAND: POST /session/329de238260d7602ed1af1352086bef4/execute/sync - {"script":"<script> [56 bytes]","args":[{"element-6066-11e4-a52e-4f735466cecf":"f.ABBA5987F2E82E58D78C902D9EA41D2B.d.BFC82B1BA6BABAC5B2AC7695359C18B3.e.27073","ELEMENT":"f.ABBA5987F2E82E58D78C902D9EA41D2B.d.BFC82B1BA6BABAC5B2AC7695359C18B3.e.27073"}]}
RESULT: {"script":"<script> [56 bytes]","args":[{"element-6066-11e4-a52e-4f735466cecf":"f.ABBA5987F2E82E58D78C902D9EA41D2B.d.BFC82B1BA6BABAC5B2AC7695359C18B3.e.27073","ELEMENT":"f.ABBA5987F2E82E58D78C902D9EA41D2B.d.BFC82B1BA6BABAC5B2AC7695359C18B3.e.27073"}]}
COMMAND: GET /session/329de238260d7602ed1af1352086bef4/screenshot - {}
RESULT: {}
COMMAND: POST /session/329de238260d7602ed1af1352086bef4/execute/sync - {"script":"<script> [56 bytes]","args":[{"element-6066-11e4-a52e-4f735466cecf":"f.ABBA5987F2E82E58D78C902D9EA41D2B.d.BFC82B1BA6BABAC5B2AC7695359C18B3.e.27073","ELEMENT":"f.ABBA5987F2E82E58D78C902D9EA41D2B.d.BFC82B1BA6BABAC5B2AC7695359C18B3.e.27073"}]}
RESULT: {"script":"<script> [56 bytes]","args":[{"element-6066-11e4-a52e-4f735466cecf":"f.ABBA5987F2E82E58D78C902D9EA41D2B.d.BFC82B1BA6BABAC5B2AC7695359C18B3.e.27073","ELEMENT":"f.ABBA5987F2E82E58D78C902D9EA41D2B.d.BFC82B1BA6BABAC5B2AC7695359C18B3.e.27073"}]}
COMMAND: GET /session/329de238260d7602ed1af1352086bef4/screenshot - {}
RESULT: {}
COMMAND: POST /session/329de238260d7602ed1af1352086bef4/execute/sync - {"script":"<script> [56 bytes]","args":[{"element-6066-11e4-a52e-4f735466cecf":"f.ABBA5987F2E82E58D78C902D9EA41D2B.d.BFC82B1BA6BABAC5B2AC7695359C18B3.e.27073","ELEMENT":"f.ABBA5987F2E82E58D78C902D9EA41D2B.d.BFC82B1BA6BABAC5B2AC7695359C18B3.e.27073"}]}
RESULT: {"script":"<script> [56 bytes]","args":[{"element-6066-11e4-a52e-4f735466cecf":"f.ABBA5987F2E82E58D78C902D9EA41D2B.d.BFC82B1BA6BABAC5B2AC7695359C18B3.e.27073","ELEMENT":"f.ABBA5987F2E82E58D78C902D9EA41D2B.d.BFC82B1BA6BABAC5B2AC7695359C18B3.e.27073"}]}
COMMAND: GET /session/329de238260d7602ed1af1352086bef4/screenshot - {}
RESULT: {}
COMMAND: POST /session/329de238260d7602ed1af1352086bef4/execute/sync - {"script":"<script> [56 bytes]","args":[{"element-6066-11e4-a52e-4f735466cecf":"f.ABBA5987F2E82E58D78C902D9EA41D2B.d.BFC82B1BA6BABAC5B2AC7695359C18B3.e.27073","ELEMENT":"f.ABBA5987F2E82E58D78C902D9EA41D2B.d.BFC82B1BA6BABAC5B2AC7695359C18B3.e.27073"}]}
RESULT: {"script":"<script> [56 bytes]","args":[{"element-6066-11e4-a52e-4f735466cecf":"f.ABBA5987F2E82E58D78C902D9EA41D2B.d.BFC82B1BA6BABAC5B2AC7695359C18B3.e.27073","ELEMENT":"f.ABBA5987F2E82E58D78C902D9EA41D2B.d.BFC82B1BA6BABAC5B2AC7695359C18B3.e.27073"}]}
COMMAND: GET /session/329de238260d7602ed1af1352086bef4/screenshot - {}
RESULT: {}
COMMAND: POST /session/329de238260d7602ed1af1352086bef4/execute/sync - {"script":"<script> [56 bytes]","args":[{"element-6066-11e4-a52e-4f735466cecf":"f.ABBA5987F2E82E58D78C902D9EA41D2B.d.BFC82B1BA6BABAC5B2AC7695359C18B3.e.27073","ELEMENT":"f.ABBA5987F2E82E58D78C902D9EA41D2B.d.BFC82B1BA6BABAC5B2AC7695359C18B3.e.27073"}]}
RESULT: {"script":"<script> [56 bytes]","args":[{"element-6066-11e4-a52e-4f735466cecf":"f.ABBA5987F2E82E58D78C902D9EA41D2B.d.BFC82B1BA6BABAC5B2AC7695359C18B3.e.27073","ELEMENT":"f.ABBA5987F2E82E58D78C902D9EA41D2B.d.BFC82B1BA6BABAC5B2AC7695359C18B3.e.27073"}]}
COMMAND: GET /session/329de238260d7602ed1af1352086bef4/screenshot - {}
RESULT: {}
COMMAND: POST /session/329de238260d7602ed1af1352086bef4/execute/sync - {"script":"<script> [56 bytes]","args":[{"element-6066-11e4-a52e-4f735466cecf":"f.ABBA5987F2E82E58D78C902D9EA41D2B.d.BFC82B1BA6BABAC5B2AC7695359C18B3.e.27073","ELEMENT":"f.ABBA5987F2E82E58D78C902D9EA41D2B.d.BFC82B1BA6BABAC5B2AC7695359C18B3.e.27073"}]}
RESULT: {"script":"<script> [56 bytes]","args":[{"element-6066-11e4-a52e-4f735466cecf":"f.ABBA5987F2E82E58D78C902D9EA41D2B.d.BFC82B1BA6BABAC5B2AC7695359C18B3.e.27073","ELEMENT":"f.ABBA5987F2E82E58D78C902D9EA41D2B.d.BFC82B1BA6BABAC5B2AC7695359C18B3.e.27073"}]}
COMMAND: GET /session/329de238260d7602ed1af1352086bef4/screenshot - {}
RESULT: {}
COMMAND: POST /session/329de238260d7602ed1af1352086bef4/execute/sync - {"script":"<script> [56 bytes]","args":[{"element-6066-11e4-a52e-4f735466cecf":"f.ABBA5987F2E82E58D78C902D9EA41D2B.d.BFC82B1BA6BABAC5B2AC7695359C18B3.e.27073","ELEMENT":"f.ABBA5987F2E82E58D78C902D9EA41D2B.d.BFC82B1BA6BABAC5B2AC7695359C18B3.e.27073"}]}
RESULT: {"script":"<script> [56 bytes]","args":[{"element-6066-11e4-a52e-4f735466cecf":"f.ABBA5987F2E82E58D78C902D9EA41D2B.d.BFC82B1BA6BABAC5B2AC7695359C18B3.e.27073","ELEMENT":"f.ABBA5987F2E82E58D78C902D9EA41D2B.d.BFC82B1BA6BABAC5B2AC7695359C18B3.e.27073"}]}
COMMAND: GET /session/329de238260d7602ed1af1352086bef4/screenshot - {}
RESULT: {}
COMMAND: POST /session/329de238260d7602ed1af1352086bef4/execute/sync - {"script":"<script> [56 bytes]","args":[{"element-6066-11e4-a52e-4f735466cecf":"f.ABBA5987F2E82E58D78C902D9EA41D2B.d.BFC82B1BA6BABAC5B2AC7695359C18B3.e.27073","ELEMENT":"f.ABBA5987F2E82E58D78C902D9EA41D2B.d.BFC82B1BA6BABAC5B2AC7695359C18B3.e.27073"}]}
RESULT: {"script":"<script> [56 bytes]","args":[{"element-6066-11e4-a52e-4f735466cecf":"f.ABBA5987F2E82E58D78C902D9EA41D2B.d.BFC82B1BA6BABAC5B2AC7695359C18B3.e.27073","ELEMENT":"f.ABBA5987F2E82E58D78C902D9EA41D2B.d.BFC82B1BA6BABAC5B2AC7695359C18B3.e.27073"}]}
COMMAND: GET /session/329de238260d7602ed1af1352086bef4/screenshot - {}
RESULT: {}
COMMAND: POST /session/329de238260d7602ed1af1352086bef4/execute/sync - {"script":"<script> [56 bytes]","args":[{"element-6066-11e4-a52e-4f735466cecf":"f.ABBA5987F2E82E58D78C902D9EA41D2B.d.BFC82B1BA6BABAC5B2AC7695359C18B3.e.27073","ELEMENT":"f.ABBA5987F2E82E58D78C902D9EA41D2B.d.BFC82B1BA6BABAC5B2AC7695359C18B3.e.27073"}]}
RESULT: {"script":"<script> [56 bytes]","args":[{"element-6066-11e4-a52e-4f735466cecf":"f.ABBA5987F2E82E58D78C902D9EA41D2B.d.BFC82B1BA6BABAC5B2AC7695359C18B3.e.27073","ELEMENT":"f.ABBA5987F2E82E58D78C902D9EA41D2B.d.BFC82B1BA6BABAC5B2AC7695359C18B3.e.27073"}]}
COMMAND: GET /session/329de238260d7602ed1af1352086bef4/screenshot - {}
RESULT: {}
COMMAND: POST /session/329de238260d7602ed1af1352086bef4/execute/sync - {"script":"<script> [56 bytes]","args":[{"element-6066-11e4-a52e-4f735466cecf":"f.ABBA5987F2E82E58D78C902D9EA41D2B.d.BFC82B1BA6BABAC5B2AC7695359C18B3.e.27073","ELEMENT":"f.ABBA5987F2E82E58D78C902D9EA41D2B.d.BFC82B1BA6BABAC5B2AC7695359C18B3.e.27073"}]}
RESULT: {"script":"<script> [56 bytes]","args":[{"element-6066-11e4-a52e-4f735466cecf":"f.ABBA5987F2E82E58D78C902D9EA41D2B.d.BFC82B1BA6BABAC5B2AC7695359C18B3.e.27073","ELEMENT":"f.ABBA5987F2E82E58D78C902D9EA41D2B.d.BFC82B1BA6BABAC5B2AC7695359C18B3.e.27073"}]}
COMMAND: GET /session/329de238260d7602ed1af1352086bef4/screenshot - {}
RESULT: {}
COMMAND: POST /session/329de238260d7602ed1af1352086bef4/execute/sync - {"script":"<script> [56 bytes]","args":[{"element-6066-11e4-a52e-4f735466cecf":"f.ABBA5987F2E82E58D78C902D9EA41D2B.d.BFC82B1BA6BABAC5B2AC7695359C18B3.e.27073","ELEMENT":"f.ABBA5987F2E82E58D78C902D9EA41D2B.d.BFC82B1BA6BABAC5B2AC7695359C18B3.e.27073"}]}
RESULT: {"script":"<script> [56 bytes]","args":[{"element-6066-11e4-a52e-4f735466cecf":"f.ABBA5987F2E82E58D78C902D9EA41D2B.d.BFC82B1BA6BABAC5B2AC7695359C18B3.e.27073","ELEMENT":"f.ABBA5987F2E82E58D78C902D9EA41D2B.d.BFC82B1BA6BABAC5B2AC7695359C18B3.e.27073"}]}
COMMAND: GET /session/329de238260d7602ed1af1352086bef4/screenshot - {}
RESULT: {}
COMMAND: POST /session/329de238260d7602ed1af1352086bef4/execute/sync - {"script":"<script> [56 bytes]","args":[{"element-6066-11e4-a52e-4f735466cecf":"f.ABBA5987F2E82E58D78C902D9EA41D2B.d.BFC82B1BA6BABAC5B2AC7695359C18B3.e.27073","ELEMENT":"f.ABBA5987F2E82E58D78C902D9EA41D2B.d.BFC82B1BA6BABAC5B2AC7695359C18B3.e.27073"}]}
RESULT: {"script":"<script> [56 bytes]","args":[{"element-6066-11e4-a52e-4f735466cecf":"f.ABBA5987F2E82E58D78C902D9EA41D2B.d.BFC82B1BA6BABAC5B2AC7695359C18B3.e.27073","ELEMENT":"f.ABBA5987F2E82E58D78C902D9EA41D2B.d.BFC82B1BA6BABAC5B2AC7695359C18B3.e.27073"}]}
COMMAND: GET /session/329de238260d7602ed1af1352086bef4/screenshot - {}
RESULT: {}
COMMAND: POST /session/329de238260d7602ed1af1352086bef4/execute/sync - {"script":"<script> [56 bytes]","args":[{"element-6066-11e4-a52e-4f735466cecf":"f.ABBA5987F2E82E58D78C902D9EA41D2B.d.BFC82B1BA6BABAC5B2AC7695359C18B3.e.27073","ELEMENT":"f.ABBA5987F2E82E58D78C902D9EA41D2B.d.BFC82B1BA6BABAC5B2AC7695359C18B3.e.27073"}]}
RESULT: {"script":"<script> [56 bytes]","args":[{"element-6066-11e4-a52e-4f735466cecf":"f.ABBA5987F2E82E58D78C902D9EA41D2B.d.BFC82B1BA6BABAC5B2AC7695359C18B3.e.27073","ELEMENT":"f.ABBA5987F2E82E58D78C902D9EA41D2B.d.BFC82B1BA6BABAC5B2AC7695359C18B3.e.27073"}]}
COMMAND: GET /session/329de238260d7602ed1af1352086bef4/screenshot - {}
RESULT: {}
COMMAND: POST /session/329de238260d7602ed1af1352086bef4/execute/sync - {"script":"<script> [56 bytes]","args":[{"element-6066-11e4-a52e-4f735466cecf":"f.ABBA5987F2E82E58D78C902D9EA41D2B.d.BFC82B1BA6BABAC5B2AC7695359C18B3.e.27073","ELEMENT":"f.ABBA5987F2E82E58D78C902D9EA41D2B.d.BFC82B1BA6BABAC5B2AC7695359C18B3.e.27073"}]}
RESULT: {"script":"<script> [56 bytes]","args":[{"element-6066-11e4-a52e-4f735466cecf":"f.ABBA5987F2E82E58D78C902D9EA41D2B.d.BFC82B1BA6BABAC5B2AC7695359C18B3.e.27073","ELEMENT":"f.ABBA5987F2E82E58D78C902D9EA41D2B.d.BFC82B1BA6BABAC5B2AC7695359C18B3.e.27073"}]}
COMMAND: POST /session/329de238260d7602ed1af1352086bef4/element - {"using":"css selector","value":"#shell-header-logo"}
COMMAND: GET /session/329de238260d7602ed1af1352086bef4/screenshot - {}
RESULT: {"using":"css selector","value":"#shell-header-logo"}
COMMAND: POST /session/329de238260d7602ed1af1352086bef4/element/f.ABBA5987F2E82E58D78C902D9EA41D2B.d.BFC82B1BA6BABAC5B2AC7695359C18B3.e.26920/click - {}
RESULT: {}
RESULT: {}
COMMAND: GET /session/329de238260d7602ed1af1352086bef4/screenshot - {}
RESULT: {}
]]></system-out>
    </testcase>
    <testcase classname="chrome.136_0_7103_93.windows.Billing_Calculation_-_Time_based_(considering_transport_times)_US139738" name="Should navigate to the contract item check the billed until field value" time="50.133">
      <system-out><![CDATA[
RESULT: undefined
COMMAND: POST /session/329de238260d7602ed1af1352086bef4/element - {"using":"xpath","value":"//*[@id=\"__tile131\"]"}
RESULT: {"using":"xpath","value":"//*[@id=\"__tile131\"]"}
COMMAND: POST /session/329de238260d7602ed1af1352086bef4/element/f.ABBA5987F2E82E58D78C902D9EA41D2B.d.BFC82B1BA6BABAC5B2AC7695359C18B3.e.20062/click - {}
RESULT: {}
COMMAND: GET /session/329de238260d7602ed1af1352086bef4/screenshot - {}
RESULT: {}
COMMAND: POST /session/329de238260d7602ed1af1352086bef4/elements - {"using":"xpath","value":"//span[text()='Error']"}
RESULT: {"using":"xpath","value":"//span[text()='Error']"}
COMMAND: POST /session/329de238260d7602ed1af1352086bef4/element - {"using":"xpath","value":"//button[@data-kt=\"addButton\"]"}
RESULT: {"using":"xpath","value":"//button[@data-kt=\"addButton\"]"}
COMMAND: POST /session/329de238260d7602ed1af1352086bef4/elements - {"using":"xpath","value":"//button[@data-kt=\"addButton\"]"}
RESULT: {"using":"xpath","value":"//button[@data-kt=\"addButton\"]"}
COMMAND: POST /session/329de238260d7602ed1af1352086bef4/execute/sync - {"script":"<script> [8489 bytes]","args":[{"element-6066-11e4-a52e-4f735466cecf":"f.ABBA5987F2E82E58D78C902D9EA41D2B.d.BFC82B1BA6BABAC5B2AC7695359C18B3.e.27145","ELEMENT":"f.ABBA5987F2E82E58D78C902D9EA41D2B.d.BFC82B1BA6BABAC5B2AC7695359C18B3.e.27145"}]}
RESULT: {"script":"<script> [8489 bytes]","args":[{"element-6066-11e4-a52e-4f735466cecf":"f.ABBA5987F2E82E58D78C902D9EA41D2B.d.BFC82B1BA6BABAC5B2AC7695359C18B3.e.27145","ELEMENT":"f.ABBA5987F2E82E58D78C902D9EA41D2B.d.BFC82B1BA6BABAC5B2AC7695359C18B3.e.27145"}]}
COMMAND: GET /session/329de238260d7602ed1af1352086bef4/element/f.ABBA5987F2E82E58D78C902D9EA41D2B.d.BFC82B1BA6BABAC5B2AC7695359C18B3.e.27145/enabled - {}
COMMAND: GET /session/329de238260d7602ed1af1352086bef4/screenshot - {}
RESULT: {}
COMMAND: POST /session/329de238260d7602ed1af1352086bef4/execute/sync - {"script":"<script> [8489 bytes]","args":[{"element-6066-11e4-a52e-4f735466cecf":"f.ABBA5987F2E82E58D78C902D9EA41D2B.d.BFC82B1BA6BABAC5B2AC7695359C18B3.e.27145","ELEMENT":"f.ABBA5987F2E82E58D78C902D9EA41D2B.d.BFC82B1BA6BABAC5B2AC7695359C18B3.e.27145"}]}
COMMAND: GET /session/329de238260d7602ed1af1352086bef4/screenshot - {}
RESULT: {}
RESULT: {"script":"<script> [8489 bytes]","args":[{"element-6066-11e4-a52e-4f735466cecf":"f.ABBA5987F2E82E58D78C902D9EA41D2B.d.BFC82B1BA6BABAC5B2AC7695359C18B3.e.27145","ELEMENT":"f.ABBA5987F2E82E58D78C902D9EA41D2B.d.BFC82B1BA6BABAC5B2AC7695359C18B3.e.27145"}]}
COMMAND: POST /session/329de238260d7602ed1af1352086bef4/execute/sync - {"script":"<script> [5351 bytes]","args":[{"element-6066-11e4-a52e-4f735466cecf":"f.ABBA5987F2E82E58D78C902D9EA41D2B.d.BFC82B1BA6BABAC5B2AC7695359C18B3.e.27145","ELEMENT":"f.ABBA5987F2E82E58D78C902D9EA41D2B.d.BFC82B1BA6BABAC5B2AC7695359C18B3.e.27145"}]}
COMMAND: GET /session/329de238260d7602ed1af1352086bef4/screenshot - {}
RESULT: {}
RESULT: {"script":"<script> [5351 bytes]","args":[{"element-6066-11e4-a52e-4f735466cecf":"f.ABBA5987F2E82E58D78C902D9EA41D2B.d.BFC82B1BA6BABAC5B2AC7695359C18B3.e.27145","ELEMENT":"f.ABBA5987F2E82E58D78C902D9EA41D2B.d.BFC82B1BA6BABAC5B2AC7695359C18B3.e.27145"}]}
COMMAND: POST /session/329de238260d7602ed1af1352086bef4/element - {"using":"xpath","value":"//input[contains(@id ,\"smartContractFilterBar-btnBasicSearch-I\")]"}
COMMAND: GET /session/329de238260d7602ed1af1352086bef4/screenshot - {}
RESULT: {}
RESULT: {"using":"xpath","value":"//input[contains(@id ,\"smartContractFilterBar-btnBasicSearch-I\")]"}
COMMAND: POST /session/329de238260d7602ed1af1352086bef4/elements - {"using":"xpath","value":"//input[contains(@id ,\"smartContractFilterBar-btnBasicSearch-I\")]"}
RESULT: {}
RESULT: {"using":"xpath","value":"//input[contains(@id ,\"smartContractFilterBar-btnBasicSearch-I\")]"}
COMMAND: POST /session/329de238260d7602ed1af1352086bef4/execute/sync - {"script":"<script> [8489 bytes]","args":[{"element-6066-11e4-a52e-4f735466cecf":"f.ABBA5987F2E82E58D78C902D9EA41D2B.d.BFC82B1BA6BABAC5B2AC7695359C18B3.e.27118","ELEMENT":"f.ABBA5987F2E82E58D78C902D9EA41D2B.d.BFC82B1BA6BABAC5B2AC7695359C18B3.e.27118"}]}
RESULT: {"script":"<script> [8489 bytes]","args":[{"element-6066-11e4-a52e-4f735466cecf":"f.ABBA5987F2E82E58D78C902D9EA41D2B.d.BFC82B1BA6BABAC5B2AC7695359C18B3.e.27118","ELEMENT":"f.ABBA5987F2E82E58D78C902D9EA41D2B.d.BFC82B1BA6BABAC5B2AC7695359C18B3.e.27118"}]}
COMMAND: GET /session/329de238260d7602ed1af1352086bef4/element/f.ABBA5987F2E82E58D78C902D9EA41D2B.d.BFC82B1BA6BABAC5B2AC7695359C18B3.e.27118/enabled - {}
COMMAND: GET /session/329de238260d7602ed1af1352086bef4/screenshot - {}
RESULT: {}
COMMAND: POST /session/329de238260d7602ed1af1352086bef4/element/f.ABBA5987F2E82E58D78C902D9EA41D2B.d.BFC82B1BA6BABAC5B2AC7695359C18B3.e.27118/clear - {}
COMMAND: GET /session/329de238260d7602ed1af1352086bef4/screenshot - {}
RESULT: {}
RESULT: {}
COMMAND: POST /session/329de238260d7602ed1af1352086bef4/element/f.ABBA5987F2E82E58D78C902D9EA41D2B.d.BFC82B1BA6BABAC5B2AC7695359C18B3.e.27118/value - {"text":"10388"}
COMMAND: GET /session/329de238260d7602ed1af1352086bef4/screenshot - {}
RESULT: {}
RESULT: {"text":"10388"}
COMMAND: GET /session/329de238260d7602ed1af1352086bef4/screenshot - {}
RESULT: {}
RESULT: {}
COMMAND: POST /session/329de238260d7602ed1af1352086bef4/actions - {"actions":[{"id":"action99","type":"key","parameters":{},"actions":[{"type":"keyDown","value":""},{"type":"pause","duration":10},{"type":"keyUp","value":""}]}]}
RESULT: {"actions":[{"id":"action99","type":"key","parameters":{},"actions":[{"type":"keyDown","value":""},{"type":"pause","duration":10},{"type":"keyUp","value":""}]}]}
COMMAND: GET /session/329de238260d7602ed1af1352086bef4/screenshot - {}
RESULT: {}
COMMAND: POST /session/329de238260d7602ed1af1352086bef4/element - {"using":"xpath","value":"//span[contains(@id, \"masterListContractsSmartTable-header-inner\")]"}
RESULT: {"using":"xpath","value":"//span[contains(@id, \"masterListContractsSmartTable-header-inner\")]"}
COMMAND: POST /session/329de238260d7602ed1af1352086bef4/elements - {"using":"xpath","value":"//span[contains(@id, \"masterListContractsSmartTable-header-inner\")]"}
RESULT: {"using":"xpath","value":"//span[contains(@id, \"masterListContractsSmartTable-header-inner\")]"}
COMMAND: POST /session/329de238260d7602ed1af1352086bef4/execute/sync - {"script":"<script> [56 bytes]","args":[{"element-6066-11e4-a52e-4f735466cecf":"f.ABBA5987F2E82E58D78C902D9EA41D2B.d.BFC82B1BA6BABAC5B2AC7695359C18B3.e.27227","ELEMENT":"f.ABBA5987F2E82E58D78C902D9EA41D2B.d.BFC82B1BA6BABAC5B2AC7695359C18B3.e.27227"}]}
RESULT: {"script":"<script> [56 bytes]","args":[{"element-6066-11e4-a52e-4f735466cecf":"f.ABBA5987F2E82E58D78C902D9EA41D2B.d.BFC82B1BA6BABAC5B2AC7695359C18B3.e.27227","ELEMENT":"f.ABBA5987F2E82E58D78C902D9EA41D2B.d.BFC82B1BA6BABAC5B2AC7695359C18B3.e.27227"}]}
COMMAND: POST /session/329de238260d7602ed1af1352086bef4/element - {"using":"xpath","value":"(//span[contains(@id, \"imgNav\")])[1]"}
COMMAND: GET /session/329de238260d7602ed1af1352086bef4/screenshot - {}
RESULT: {"using":"xpath","value":"(//span[contains(@id, \"imgNav\")])[1]"}
COMMAND: POST /session/329de238260d7602ed1af1352086bef4/element/f.ABBA5987F2E82E58D78C902D9EA41D2B.d.BFC82B1BA6BABAC5B2AC7695359C18B3.e.27225/click - {}
RESULT: {}
RESULT: {}
COMMAND: GET /session/329de238260d7602ed1af1352086bef4/screenshot - {}
RESULT: {}
COMMAND: POST /session/329de238260d7602ed1af1352086bef4/element - {"using":"xpath","value":"//tr[@data-kt=\"productsColumnListItem\"]//td//span[contains(@id, \"imgNav\")][1]"}
RESULT: {"using":"xpath","value":"//tr[@data-kt=\"productsColumnListItem\"]//td//span[contains(@id, \"imgNav\")][1]"}
COMMAND: POST /session/329de238260d7602ed1af1352086bef4/element/f.ABBA5987F2E82E58D78C902D9EA41D2B.d.BFC82B1BA6BABAC5B2AC7695359C18B3.e.27398/click - {}
RESULT: {}
COMMAND: GET /session/329de238260d7602ed1af1352086bef4/screenshot - {}
RESULT: {}
COMMAND: POST /session/329de238260d7602ed1af1352086bef4/element - {"using":"xpath","value":"//section[contains(@id, \"application-managecontracts-display-component---BillingItem--ObjectPageLayout-OPHeaderContent\")]/div/div/div/div/div[2]/div/div[2]/span"}
RESULT: {"using":"xpath","value":"//section[contains(@id, \"application-managecontracts-display-component---BillingItem--ObjectPageLayout-OPHeaderContent\")]/div/div/div/div/div[2]/div/div[2]/span"}
COMMAND: POST /session/329de238260d7602ed1af1352086bef4/execute/sync - {"script":"<script> [56 bytes]","args":[{"element-6066-11e4-a52e-4f735466cecf":"f.ABBA5987F2E82E58D78C902D9EA41D2B.d.BFC82B1BA6BABAC5B2AC7695359C18B3.e.27527","ELEMENT":"f.ABBA5987F2E82E58D78C902D9EA41D2B.d.BFC82B1BA6BABAC5B2AC7695359C18B3.e.27527"}]}
RESULT: {"script":"<script> [56 bytes]","args":[{"element-6066-11e4-a52e-4f735466cecf":"f.ABBA5987F2E82E58D78C902D9EA41D2B.d.BFC82B1BA6BABAC5B2AC7695359C18B3.e.27527","ELEMENT":"f.ABBA5987F2E82E58D78C902D9EA41D2B.d.BFC82B1BA6BABAC5B2AC7695359C18B3.e.27527"}]}
COMMAND: POST /session/329de238260d7602ed1af1352086bef4/element - {"using":"xpath","value":"//table[contains(@id, \"application-managecontracts-display-component---BillingItem--billingList-listUl\")]//td//*[contains(text(), \"final billed\")]"}
COMMAND: GET /session/329de238260d7602ed1af1352086bef4/screenshot - {}
RESULT: {"using":"xpath","value":"//table[contains(@id, \"application-managecontracts-display-component---BillingItem--billingList-listUl\")]//td//*[contains(text(), \"final billed\")]"}
COMMAND: POST /session/329de238260d7602ed1af1352086bef4/execute/sync - {"script":"<script> [56 bytes]","args":[{"element-6066-11e4-a52e-4f735466cecf":"f.ABBA5987F2E82E58D78C902D9EA41D2B.d.BFC82B1BA6BABAC5B2AC7695359C18B3.e.27528","ELEMENT":"f.ABBA5987F2E82E58D78C902D9EA41D2B.d.BFC82B1BA6BABAC5B2AC7695359C18B3.e.27528"}]}
RESULT: {}
RESULT: {"script":"<script> [56 bytes]","args":[{"element-6066-11e4-a52e-4f735466cecf":"f.ABBA5987F2E82E58D78C902D9EA41D2B.d.BFC82B1BA6BABAC5B2AC7695359C18B3.e.27528","ELEMENT":"f.ABBA5987F2E82E58D78C902D9EA41D2B.d.BFC82B1BA6BABAC5B2AC7695359C18B3.e.27528"}]}
COMMAND: POST /session/329de238260d7602ed1af1352086bef4/element - {"using":"css selector","value":"#shell-header-logo"}
COMMAND: GET /session/329de238260d7602ed1af1352086bef4/screenshot - {}
RESULT: {"using":"css selector","value":"#shell-header-logo"}
COMMAND: POST /session/329de238260d7602ed1af1352086bef4/element/f.ABBA5987F2E82E58D78C902D9EA41D2B.d.BFC82B1BA6BABAC5B2AC7695359C18B3.e.27114/click - {}
RESULT: {}
RESULT: {}
COMMAND: GET /session/329de238260d7602ed1af1352086bef4/screenshot - {}
RESULT: {}
COMMAND: DELETE /session/329de238260d7602ed1af1352086bef4 - {}
RESULT: {}
]]></system-out>
    </testcase>
  </testsuite>
</testsuites>