<?xml version="1.0" encoding="UTF-8"?>
<testsuites tests="23" failures="0" errors="0" skipped="0">
  <testsuite timestamp="2025-05-03T17:47:55" time="1066.344" tests="6" failures="0" errors="0" skipped="0">
    <properties>
      <property name="specId" value="0" />
      <property name="suiteName" value="Standard contract - add contract items by Insert Request US118222" />
      <property name="capabilities" value="chrome.135_0_7049_96.windows" />
      <property name="file" value="file:///D:/a/1/s/test/specs/R2C/standard-contract-add-contract-items-by-insert-request.spec.js" />
    </properties>
    <testcase classname="chrome.135_0_7049_96.windows.Standard_contract_-_add_contract_items_by_Insert_Request_US118222" name="Should create prerequisites yard partner site material and equipment" time="299.097">
      <system-out><![CDATA[
COMMAND: POST /session/04234d49f989df1d8cc66cbbd9ee498b/execute/async - {"script":"<script> [1562 bytes]","args":[{"selector":{"controlType":"sap.m.GenericTile","properties":{"header":"Manage Yards"}},"wdio_ui5_key":"sapm.GenericTile{\"header\":\"Manage Yards\"}"}]}
RESULT: {"script":"<script> [1562 bytes]","args":[{"selector":{"controlType":"sap.m.GenericTile","properties":{"header":"Manage Yards"}},"wdio_ui5_key":"sapm.GenericTile{\"header\":\"Manage Yards\"}"}]}
RESULT: undefined
COMMAND: POST /session/04234d49f989df1d8cc66cbbd9ee498b/element - {"using":"xpath","value":"//*[@id=\"__tile41\"]"}
RESULT: {"using":"xpath","value":"//*[@id=\"__tile41\"]"}
COMMAND: POST /session/04234d49f989df1d8cc66cbbd9ee498b/element/f.9E73453283219C642BED86114F2A427E.d.5804C8B99C907F5FC224ECD4C797010D.e.118/click - {}
RESULT: {}
COMMAND: GET /session/04234d49f989df1d8cc66cbbd9ee498b/screenshot - {}
RESULT: {}
COMMAND: POST /session/04234d49f989df1d8cc66cbbd9ee498b/execute/async - {"script":"<script> [1562 bytes]","args":[{"selector":{"controlType":"sap.ui.core.Icon","viewName":"etm.portal.ui.manageyards.view.Master","viewId":"application-manageyards-display-component---masterYard","properties":{"src":{"regex":{"source":"add"}}}},"wdio_ui5_key":"etmportal.ui.manageyards.view.Mastersap.ui.core.Icon{\"src\":{\"regex\":{\"source\":\"add\"}}}"}]}
RESULT: {"script":"<script> [1562 bytes]","args":[{"selector":{"controlType":"sap.ui.core.Icon","viewName":"etm.portal.ui.manageyards.view.Master","viewId":"application-manageyards-display-component---masterYard","properties":{"src":{"regex":{"source":"add"}}}},"wdio_ui5_key":"etmportal.ui.manageyards.view.Mastersap.ui.core.Icon{\"src\":{\"regex\":{\"source\":\"add\"}}}"}]}
RESULT: undefined
COMMAND: POST /session/04234d49f989df1d8cc66cbbd9ee498b/element - {"using":"xpath","value":"//*[@id=\"__button4-img\"]"}
RESULT: {"using":"xpath","value":"//*[@id=\"__button4-img\"]"}
COMMAND: POST /session/04234d49f989df1d8cc66cbbd9ee498b/element/f.9E73453283219C642BED86114F2A427E.d.5804C8B99C907F5FC224ECD4C797010D.e.165/click - {}
RESULT: {}
COMMAND: GET /session/04234d49f989df1d8cc66cbbd9ee498b/screenshot - {}
RESULT: {}
COMMAND: POST /session/04234d49f989df1d8cc66cbbd9ee498b/execute/async - {"script":"<script> [1562 bytes]","args":[{"selector":{"id":"application-manageyards-display-component---NewYard--yardId","interaction":{"idSuffix":"inner"}},"wdio_ui5_key":"applicationmanageyards-display-component---NewYard--yardId"}]}
RESULT: {"script":"<script> [1562 bytes]","args":[{"selector":{"id":"application-manageyards-display-component---NewYard--yardId","interaction":{"idSuffix":"inner"}},"wdio_ui5_key":"applicationmanageyards-display-component---NewYard--yardId"}]}
RESULT: undefined
COMMAND: POST /session/04234d49f989df1d8cc66cbbd9ee498b/element - {"using":"xpath","value":"//*[@id=\"application-manageyards-display-component---NewYard--addressDetailDetailsName1-inner\"]"}
RESULT: {"using":"xpath","value":"//*[@id=\"application-manageyards-display-component---NewYard--addressDetailDetailsName1-inner\"]"}
COMMAND: POST /session/04234d49f989df1d8cc66cbbd9ee498b/element/f.9E73453283219C642BED86114F2A427E.d.5804C8B99C907F5FC224ECD4C797010D.e.377/clear - {}
RESULT: {}
COMMAND: POST /session/04234d49f989df1d8cc66cbbd9ee498b/element/f.9E73453283219C642BED86114F2A427E.d.5804C8B99C907F5FC224ECD4C797010D.e.377/value - {"text":"WebdriverYardcihmr"}
COMMAND: GET /session/04234d49f989df1d8cc66cbbd9ee498b/screenshot - {}
RESULT: {"text":"WebdriverYardcihmr"}
COMMAND: POST /session/04234d49f989df1d8cc66cbbd9ee498b/element - {"using":"xpath","value":"//*[@id=\"application-manageyards-display-component---NewYard--addressDetailDetailsLanguage-inner\"]"}
COMMAND: GET /session/04234d49f989df1d8cc66cbbd9ee498b/screenshot - {}
RESULT: {}
RESULT: {"using":"xpath","value":"//*[@id=\"application-manageyards-display-component---NewYard--addressDetailDetailsLanguage-inner\"]"}
COMMAND: POST /session/04234d49f989df1d8cc66cbbd9ee498b/element/f.9E73453283219C642BED86114F2A427E.d.5804C8B99C907F5FC224ECD4C797010D.e.378/clear - {}
RESULT: {}
RESULT: {}
COMMAND: POST /session/04234d49f989df1d8cc66cbbd9ee498b/element/f.9E73453283219C642BED86114F2A427E.d.5804C8B99C907F5FC224ECD4C797010D.e.378/value - {"text":"Romanian"}
COMMAND: GET /session/04234d49f989df1d8cc66cbbd9ee498b/screenshot - {}
RESULT: {"text":"Romanian"}
COMMAND: POST /session/04234d49f989df1d8cc66cbbd9ee498b/element - {"using":"xpath","value":"//input[contains(@id ,\"application-manageyards-display-component---NewYard--addressDetailDetailsName1-inner\")]"}
COMMAND: GET /session/04234d49f989df1d8cc66cbbd9ee498b/screenshot - {}
RESULT: {}
RESULT: {"using":"xpath","value":"//input[contains(@id ,\"application-manageyards-display-component---NewYard--addressDetailDetailsName1-inner\")]"}
COMMAND: GET /session/04234d49f989df1d8cc66cbbd9ee498b/element/f.9E73453283219C642BED86114F2A427E.d.5804C8B99C907F5FC224ECD4C797010D.e.377/property/value - {}
RESULT: {}
RESULT: {}
COMMAND: GET /session/04234d49f989df1d8cc66cbbd9ee498b/screenshot - {}
RESULT: {}
COMMAND: POST /session/04234d49f989df1d8cc66cbbd9ee498b/element - {"using":"xpath","value":"//*[@id=\"application-manageyards-display-component---NewYard--addressDetailDetailsCity1-inner\"]"}
RESULT: {"using":"xpath","value":"//*[@id=\"application-manageyards-display-component---NewYard--addressDetailDetailsCity1-inner\"]"}
COMMAND: POST /session/04234d49f989df1d8cc66cbbd9ee498b/element/f.9E73453283219C642BED86114F2A427E.d.5804C8B99C907F5FC224ECD4C797010D.e.380/clear - {}
RESULT: {}
COMMAND: POST /session/04234d49f989df1d8cc66cbbd9ee498b/element/f.9E73453283219C642BED86114F2A427E.d.5804C8B99C907F5FC224ECD4C797010D.e.380/value - {"text":"Bucuresti"}
COMMAND: GET /session/04234d49f989df1d8cc66cbbd9ee498b/screenshot - {}
RESULT: {"text":"Bucuresti"}
COMMAND: GET /session/04234d49f989df1d8cc66cbbd9ee498b/screenshot - {}
RESULT: {}
RESULT: {}
COMMAND: POST /session/04234d49f989df1d8cc66cbbd9ee498b/element - {"using":"xpath","value":"//*[@id=\"application-manageyards-display-component---NewYard--addressDetailDetailsCountry-inner\"]"}
RESULT: {"using":"xpath","value":"//*[@id=\"application-manageyards-display-component---NewYard--addressDetailDetailsCountry-inner\"]"}
COMMAND: POST /session/04234d49f989df1d8cc66cbbd9ee498b/element/f.9E73453283219C642BED86114F2A427E.d.5804C8B99C907F5FC224ECD4C797010D.e.384/clear - {}
RESULT: {}
COMMAND: POST /session/04234d49f989df1d8cc66cbbd9ee498b/element/f.9E73453283219C642BED86114F2A427E.d.5804C8B99C907F5FC224ECD4C797010D.e.384/value - {"text":"Romania"}
COMMAND: GET /session/04234d49f989df1d8cc66cbbd9ee498b/screenshot - {}
RESULT: {"text":"Romania"}
COMMAND: GET /session/04234d49f989df1d8cc66cbbd9ee498b/screenshot - {}
RESULT: {}
RESULT: {}
COMMAND: POST /session/04234d49f989df1d8cc66cbbd9ee498b/element - {"using":"xpath","value":"//div[contains(text(), \"Commercial\")]"}
RESULT: {"using":"xpath","value":"//div[contains(text(), \"Commercial\")]"}
COMMAND: GET /session/04234d49f989df1d8cc66cbbd9ee498b/element/f.9E73453283219C642BED86114F2A427E.d.5804C8B99C907F5FC224ECD4C797010D.e.579/rect - {}
RESULT: {}
COMMAND: GET /session/04234d49f989df1d8cc66cbbd9ee498b/window/rect - {}
RESULT: {}
COMMAND: POST /session/04234d49f989df1d8cc66cbbd9ee498b/execute/sync - {"script":"<script> [92 bytes]","args":[]}
RESULT: {"script":"<script> [92 bytes]","args":[]}
COMMAND: POST /session/04234d49f989df1d8cc66cbbd9ee498b/actions - {"actions":[{"id":"action1","type":"wheel","parameters":{},"actions":[{"type":"scroll","x":-1841,"y":-44,"deltaX":0,"deltaY":0,"duration":0,"origin":{"element-6066-11e4-a52e-4f735466cecf":"f.9E73453283219C642BED86114F2A427E.d.5804C8B99C907F5FC224ECD4C797010D.e.579"}}]}]}
COMMAND: GET /session/04234d49f989df1d8cc66cbbd9ee498b/screenshot - {}
RESULT: {}
COMMAND: POST /session/04234d49f989df1d8cc66cbbd9ee498b/execute/sync - {"script":"<script> [79 bytes]","args":[{"element-6066-11e4-a52e-4f735466cecf":"f.9E73453283219C642BED86114F2A427E.d.5804C8B99C907F5FC224ECD4C797010D.e.579","ELEMENT":"f.9E73453283219C642BED86114F2A427E.d.5804C8B99C907F5FC224ECD4C797010D.e.579"},{"block":"start","inline":"nearest"}]}
RESULT: {"script":"<script> [79 bytes]","args":[{"element-6066-11e4-a52e-4f735466cecf":"f.9E73453283219C642BED86114F2A427E.d.5804C8B99C907F5FC224ECD4C797010D.e.579","ELEMENT":"f.9E73453283219C642BED86114F2A427E.d.5804C8B99C907F5FC224ECD4C797010D.e.579"},{"block":"start","inline":"nearest"}]}
COMMAND: GET /session/04234d49f989df1d8cc66cbbd9ee498b/screenshot - {}
RESULT: {}
COMMAND: POST /session/04234d49f989df1d8cc66cbbd9ee498b/execute/async - {"script":"<script> [1562 bytes]","args":[{"selector":{"id":"application-manageyards-display-component---NewYard--addressEditDetailsCostObjectCstType-arrow"},"wdio_ui5_key":"applicationmanageyards-display-component---NewYard--addressEditDetailsCostObjectCstType-arrow"}]}
RESULT: {"script":"<script> [1562 bytes]","args":[{"selector":{"id":"application-manageyards-display-component---NewYard--addressEditDetailsCostObjectCstType-arrow"},"wdio_ui5_key":"applicationmanageyards-display-component---NewYard--addressEditDetailsCostObjectCstType-arrow"}]}
RESULT: undefined
COMMAND: POST /session/04234d49f989df1d8cc66cbbd9ee498b/element - {"using":"xpath","value":"//*[@id=\"application-manageyards-display-component---NewYard--addressEditDetailsCostObjectCstType-arrow\"]"}
RESULT: {"using":"xpath","value":"//*[@id=\"application-manageyards-display-component---NewYard--addressEditDetailsCostObjectCstType-arrow\"]"}
COMMAND: POST /session/04234d49f989df1d8cc66cbbd9ee498b/element/f.9E73453283219C642BED86114F2A427E.d.5804C8B99C907F5FC224ECD4C797010D.e.587/click - {}
RESULT: {}
COMMAND: POST /session/04234d49f989df1d8cc66cbbd9ee498b/element - {"using":"xpath","value":"//span[contains(text(), \"Cost Center\")]"}
COMMAND: GET /session/04234d49f989df1d8cc66cbbd9ee498b/screenshot - {}
RESULT: {"using":"xpath","value":"//span[contains(text(), \"Cost Center\")]"}
COMMAND: POST /session/04234d49f989df1d8cc66cbbd9ee498b/element/f.9E73453283219C642BED86114F2A427E.d.5804C8B99C907F5FC224ECD4C797010D.e.588/click - {}
RESULT: {}
RESULT: {}
COMMAND: GET /session/04234d49f989df1d8cc66cbbd9ee498b/screenshot - {}
RESULT: {}
COMMAND: POST /session/04234d49f989df1d8cc66cbbd9ee498b/execute/async - {"script":"<script> [1562 bytes]","args":[{"selector":{"id":"application-manageyards-display-component---NewYard--addressNewCostObjectCstID-vhi"},"wdio_ui5_key":"applicationmanageyards-display-component---NewYard--addressNewCostObjectCstID-vhi"}]}
RESULT: {"script":"<script> [1562 bytes]","args":[{"selector":{"id":"application-manageyards-display-component---NewYard--addressNewCostObjectCstID-vhi"},"wdio_ui5_key":"applicationmanageyards-display-component---NewYard--addressNewCostObjectCstID-vhi"}]}
RESULT: undefined
COMMAND: POST /session/04234d49f989df1d8cc66cbbd9ee498b/element - {"using":"xpath","value":"//*[@id=\"application-manageyards-display-component---NewYard--addressNewCostObjectCstID-vhi\"]"}
RESULT: {"using":"xpath","value":"//*[@id=\"application-manageyards-display-component---NewYard--addressNewCostObjectCstID-vhi\"]"}
COMMAND: POST /session/04234d49f989df1d8cc66cbbd9ee498b/element/f.9E73453283219C642BED86114F2A427E.d.5804C8B99C907F5FC224ECD4C797010D.e.603/click - {}
RESULT: {}
COMMAND: GET /session/04234d49f989df1d8cc66cbbd9ee498b/screenshot - {}
RESULT: {}
COMMAND: POST /session/04234d49f989df1d8cc66cbbd9ee498b/execute/async - {"script":"<script> [1562 bytes]","args":[{"selector":{"controlType":"sap.m.SearchField","properties":{"placeholder":"Search"},"searchOpenDialogs":true,"interaction":{"idSuffix":"I"}},"wdio_ui5_key":"sapm.SearchField{\"placeholder\":\"Search\"}"}]}
RESULT: {"script":"<script> [1562 bytes]","args":[{"selector":{"controlType":"sap.m.SearchField","properties":{"placeholder":"Search"},"searchOpenDialogs":true,"interaction":{"idSuffix":"I"}},"wdio_ui5_key":"sapm.SearchField{\"placeholder\":\"Search\"}"}]}
RESULT: undefined
COMMAND: POST /session/04234d49f989df1d8cc66cbbd9ee498b/execute/async - {"script":"<script> [776 bytes]","args":[{"enterText":"10001013","selector":{"controlType":"sap.m.SearchField","properties":{"placeholder":"Search"},"searchOpenDialogs":true,"interaction":{"idSuffix":"I"}},"clearTextFirst":true,"interactionType":"ENTER_TEXT"}]}
RESULT: {"script":"<script> [776 bytes]","args":[{"enterText":"10001013","selector":{"controlType":"sap.m.SearchField","properties":{"placeholder":"Search"},"searchOpenDialogs":true,"interaction":{"idSuffix":"I"}},"clearTextFirst":true,"interactionType":"ENTER_TEXT"}]}
COMMAND: POST /session/04234d49f989df1d8cc66cbbd9ee498b/actions - {"actions":[{"id":"action2","type":"key","parameters":{},"actions":[{"type":"keyDown","value":"î€‡"},{"type":"pause","duration":10},{"type":"keyUp","value":"î€‡"}]}]}
RESULT: {"actions":[{"id":"action2","type":"key","parameters":{},"actions":[{"type":"keyDown","value":"î€‡"},{"type":"pause","duration":10},{"type":"keyUp","value":"î€‡"}]}]}
COMMAND: GET /session/04234d49f989df1d8cc66cbbd9ee498b/screenshot - {}
RESULT: {}
COMMAND: POST /session/04234d49f989df1d8cc66cbbd9ee498b/element - {"using":"xpath","value":"//span[contains(text(), \"General Management\")]"}
RESULT: {"using":"xpath","value":"//span[contains(text(), \"General Management\")]"}
COMMAND: POST /session/04234d49f989df1d8cc66cbbd9ee498b/element/f.9E73453283219C642BED86114F2A427E.d.5804C8B99C907F5FC224ECD4C797010D.e.644/click - {}
RESULT: {}
COMMAND: GET /session/04234d49f989df1d8cc66cbbd9ee498b/screenshot - {}
RESULT: {}
COMMAND: POST /session/04234d49f989df1d8cc66cbbd9ee498b/element - {"using":"xpath","value":"//bdi[contains(text(), \"OK\")]"}
RESULT: {"using":"xpath","value":"//bdi[contains(text(), \"OK\")]"}
COMMAND: POST /session/04234d49f989df1d8cc66cbbd9ee498b/element/f.9E73453283219C642BED86114F2A427E.d.5804C8B99C907F5FC224ECD4C797010D.e.645/click - {}
RESULT: {}
COMMAND: GET /session/04234d49f989df1d8cc66cbbd9ee498b/screenshot - {}
RESULT: {}
COMMAND: POST /session/04234d49f989df1d8cc66cbbd9ee498b/execute/async - {"script":"<script> [1562 bytes]","args":[{"selector":{"controlType":"sap.m.Button","viewName":"etm.portal.ui.manageyards.view.New","viewId":"application-manageyards-display-component---NewYard","i18NText":{"propertyName":"text","key":"save"},"interaction":{"idSuffix":"inner"}},"wdio_ui5_key":"etmportal.ui.manageyards.view.Newsap.m.Button{\"propertyName\":\"text\",\"key\":\"save\"}"}]}
RESULT: {"script":"<script> [1562 bytes]","args":[{"selector":{"controlType":"sap.m.Button","viewName":"etm.portal.ui.manageyards.view.New","viewId":"application-manageyards-display-component---NewYard","i18NText":{"propertyName":"text","key":"save"},"interaction":{"idSuffix":"inner"}},"wdio_ui5_key":"etmportal.ui.manageyards.view.Newsap.m.Button{\"propertyName\":\"text\",\"key\":\"save\"}"}]}
RESULT: undefined
COMMAND: POST /session/04234d49f989df1d8cc66cbbd9ee498b/element - {"using":"xpath","value":"//*[@id=\"__button18\"]"}
RESULT: {"using":"xpath","value":"//*[@id=\"__button18\"]"}
COMMAND: POST /session/04234d49f989df1d8cc66cbbd9ee498b/element/f.9E73453283219C642BED86114F2A427E.d.5804C8B99C907F5FC224ECD4C797010D.e.557/click - {}
RESULT: {}
COMMAND: GET /session/04234d49f989df1d8cc66cbbd9ee498b/screenshot - {}
RESULT: {}
COMMAND: POST /session/04234d49f989df1d8cc66cbbd9ee498b/element - {"using":"xpath","value":"//header/div/div[2]/div[2]/span"}
RESULT: {"using":"xpath","value":"//header/div/div[2]/div[2]/span"}
COMMAND: GET /session/04234d49f989df1d8cc66cbbd9ee498b/element/f.9E73453283219C642BED86114F2A427E.d.5804C8B99C907F5FC224ECD4C797010D.e.843/text - {}
RESULT: {}
COMMAND: POST /session/04234d49f989df1d8cc66cbbd9ee498b/execute/async - {"script":"<script> [1562 bytes]","args":[{"selector":{"controlType":"sap.m.OverflowToolbarButton","viewName":"etm.portal.ui.manageyards.view.Detail","viewId":"application-manageyards-display-component---detailYard","i18NText":{"propertyName":"tooltip","key":"closeColumn"},"interaction":{"idSuffix":"inner"}},"wdio_ui5_key":"etmportal.ui.manageyards.view.Detailsap.m.OverflowToolbarButton{\"propertyName\":\"tooltip\",\"key\":\"closeColumn\"}"}]}
RESULT: {"script":"<script> [1562 bytes]","args":[{"selector":{"controlType":"sap.m.OverflowToolbarButton","viewName":"etm.portal.ui.manageyards.view.Detail","viewId":"application-manageyards-display-component---detailYard","i18NText":{"propertyName":"tooltip","key":"closeColumn"},"interaction":{"idSuffix":"inner"}},"wdio_ui5_key":"etmportal.ui.manageyards.view.Detailsap.m.OverflowToolbarButton{\"propertyName\":\"tooltip\",\"key\":\"closeColumn\"}"}]}
RESULT: undefined
COMMAND: POST /session/04234d49f989df1d8cc66cbbd9ee498b/element - {"using":"xpath","value":"//*[@id=\"__button42\"]"}
RESULT: {"using":"xpath","value":"//*[@id=\"__button42\"]"}
COMMAND: POST /session/04234d49f989df1d8cc66cbbd9ee498b/element/f.9E73453283219C642BED86114F2A427E.d.5804C8B99C907F5FC224ECD4C797010D.e.845/click - {}
RESULT: {}
COMMAND: GET /session/04234d49f989df1d8cc66cbbd9ee498b/screenshot - {}
RESULT: {}
COMMAND: POST /session/04234d49f989df1d8cc66cbbd9ee498b/element - {"using":"css selector","value":"#shell-header-logo"}
RESULT: {"using":"css selector","value":"#shell-header-logo"}
COMMAND: POST /session/04234d49f989df1d8cc66cbbd9ee498b/element/f.9E73453283219C642BED86114F2A427E.d.5804C8B99C907F5FC224ECD4C797010D.e.120/click - {}
RESULT: {}
COMMAND: GET /session/04234d49f989df1d8cc66cbbd9ee498b/screenshot - {}
RESULT: {}
COMMAND: POST /session/04234d49f989df1d8cc66cbbd9ee498b/refresh - {}
RESULT: {}
COMMAND: GET /session/04234d49f989df1d8cc66cbbd9ee498b/screenshot - {}
RESULT: {}
COMMAND: POST /session/04234d49f989df1d8cc66cbbd9ee498b/execute/async - {"script":"<script> [189 bytes]","args":[]}
RESULT: {"script":"<script> [189 bytes]","args":[]}
COMMAND: POST /session/04234d49f989df1d8cc66cbbd9ee498b/execute/async - {"script":"<script> [123 bytes]","args":[]}
RESULT: {"script":"<script> [123 bytes]","args":[]}
COMMAND: POST /session/04234d49f989df1d8cc66cbbd9ee498b/timeouts - {"script":"<number>"}
RESULT: {"script":"<number>"}
COMMAND: GET /session/04234d49f989df1d8cc66cbbd9ee498b/timeouts - {}
RESULT: {}
RESULT: undefined
COMMAND: POST /session/04234d49f989df1d8cc66cbbd9ee498b/execute/async - {"script":"<script> [2676 bytes]","args":[]}
RESULT: {"script":"<script> [2676 bytes]","args":[]}
COMMAND: POST /session/04234d49f989df1d8cc66cbbd9ee498b/execute/async - {"script":"<script> [2342 bytes]","args":[{"protocol":"http","hostname":"0.0.0.0","path":"/","capabilities":{"browserName":"chrome","goog:chromeOptions":{"binary":"C:\\Program Files\\Google\\Chrome\\Application\\chrome.exe","args":["--start-maximized"]}},"logLevel":"warn","connectionRetryTimeout":120000,"connectionRetryCount":3,"logLevels":{},"enableDirectConnect":true,"strictSSL":true,"_":"65 more keys: [\"cacheDir\",\"port\",\"requestedCapabilities\",\"automationProtocol\",\"baseUrl\",\"waitforInterval\",\"waitforTimeout\",\"onReload\",\"beforeCommand\",\"afterCommand\",\"rootDir\",\"specs\",\"suites\",\"exclude\",\"groupLogsByTestSpec\",\"excludeDriverLogs\",\"bail\",\"framework\",\"reporters\",\"services\",\"maxInstances\",\"maxInstancesPerCapability\",\"injectGlobals\",\"filesToWatch\",\"execArgv\",\"runnerEnv\",\"runner\",\"shard\",\"specFileRetries\",\"specFileRetriesDelay\",\"specFileRetriesDeferred\",\"reporterSyncInterval\",\"reporterSyncTimeout\",\"cucumberFeaturesWithLineNumbers\",\"autoCompileOpts\",\"mochaOpts\",\"jasmineOpts\",\"cucumberOpts\",\"onPrepare\",\"onWorkerStart\",\"onWorkerEnd\",\"before\",\"beforeSession\",\"beforeSuite\",\"beforeHook\",\"beforeTest\",\"afterTest\",\"afterHook\",\"afterSuite\",\"afterSession\",\"after\",\"onComplete\",\"beforeAssertion\",\"afterAssertion\",\"beforeFeature\",\"beforeScenario\",\"beforeStep\",\"afterStep\",\"afterScenario\",\"afterFeature\",\"_\",\"suite\",\"$0\",\"ignoredWorkerServices\",\"wdi5\"]"}]}
RESULT: {"script":"<script> [2342 bytes]","args":[{"protocol":"http","hostname":"0.0.0.0","path":"/","capabilities":{"browserName":"chrome","goog:chromeOptions":{"binary":"C:\\Program Files\\Google\\Chrome\\Application\\chrome.exe","args":["--start-maximized"]}},"logLevel":"warn","connectionRetryTimeout":120000,"connectionRetryCount":3,"logLevels":{},"enableDirectConnect":true,"strictSSL":true,"_":"65 more keys: [\"cacheDir\",\"port\",\"requestedCapabilities\",\"automationProtocol\",\"baseUrl\",\"waitforInterval\",\"waitforTimeout\",\"onReload\",\"beforeCommand\",\"afterCommand\",\"rootDir\",\"specs\",\"suites\",\"exclude\",\"groupLogsByTestSpec\",\"excludeDriverLogs\",\"bail\",\"framework\",\"reporters\",\"services\",\"maxInstances\",\"maxInstancesPerCapability\",\"injectGlobals\",\"filesToWatch\",\"execArgv\",\"runnerEnv\",\"runner\",\"shard\",\"specFileRetries\",\"specFileRetriesDelay\",\"specFileRetriesDeferred\",\"reporterSyncInterval\",\"reporterSyncTimeout\",\"cucumberFeaturesWithLineNumbers\",\"autoCompileOpts\",\"mochaOpts\",\"jasmineOpts\",\"cucumberOpts\",\"onPrepare\",\"onWorkerStart\",\"onWorkerEnd\",\"before\",\"beforeSession\",\"beforeSuite\",\"beforeHook\",\"beforeTest\",\"afterTest\",\"afterHook\",\"afterSuite\",\"afterSession\",\"after\",\"onComplete\",\"beforeAssertion\",\"afterAssertion\",\"beforeFeature\",\"beforeScenario\",\"beforeStep\",\"afterStep\",\"afterScenario\",\"afterFeature\",\"_\",\"suite\",\"$0\",\"ignoredWorkerServices\",\"wdi5\"]"}]}
COMMAND: POST /session/04234d49f989df1d8cc66cbbd9ee498b/execute/async - {"script":"<script> [21126 bytes]","args":[35000]}
RESULT: {"script":"<script> [21126 bytes]","args":[35000]}
COMMAND: POST /session/04234d49f989df1d8cc66cbbd9ee498b/execute/async - {"script":"<script> [1562 bytes]","args":[{"selector":{"controlType":"sap.m.GenericTile","properties":{"header":"Manage Partners"}},"wdio_ui5_key":"sapm.GenericTile{\"header\":\"Manage Partners\"}"}]}
RESULT: {"script":"<script> [1562 bytes]","args":[{"selector":{"controlType":"sap.m.GenericTile","properties":{"header":"Manage Partners"}},"wdio_ui5_key":"sapm.GenericTile{\"header\":\"Manage Partners\"}"}]}
RESULT: undefined
COMMAND: POST /session/04234d49f989df1d8cc66cbbd9ee498b/element - {"using":"xpath","value":"//*[@id=\"__tile38\"]"}
RESULT: {"using":"xpath","value":"//*[@id=\"__tile38\"]"}
COMMAND: POST /session/04234d49f989df1d8cc66cbbd9ee498b/element/f.9E73453283219C642BED86114F2A427E.d.5867BD02EC88430D44B419E925A162C7.e.1199/click - {}
RESULT: {}
COMMAND: GET /session/04234d49f989df1d8cc66cbbd9ee498b/screenshot - {}
RESULT: {}
COMMAND: POST /session/04234d49f989df1d8cc66cbbd9ee498b/execute/async - {"script":"<script> [1562 bytes]","args":[{"selector":{"controlType":"sap.ui.core.Icon","viewName":"etm.portal.ui.managepartners.view.Master","viewId":"application-managepartners-display-component---masterPtm","properties":{"src":{"regex":{"source":"add"}}}},"wdio_ui5_key":"etmportal.ui.managepartners.view.Mastersap.ui.core.Icon{\"src\":{\"regex\":{\"source\":\"add\"}}}"}]}
RESULT: {"script":"<script> [1562 bytes]","args":[{"selector":{"controlType":"sap.ui.core.Icon","viewName":"etm.portal.ui.managepartners.view.Master","viewId":"application-managepartners-display-component---masterPtm","properties":{"src":{"regex":{"source":"add"}}}},"wdio_ui5_key":"etmportal.ui.managepartners.view.Mastersap.ui.core.Icon{\"src\":{\"regex\":{\"source\":\"add\"}}}"}]}
RESULT: undefined
COMMAND: POST /session/04234d49f989df1d8cc66cbbd9ee498b/element - {"using":"xpath","value":"//*[@id=\"__button4-img\"]"}
RESULT: {"using":"xpath","value":"//*[@id=\"__button4-img\"]"}
COMMAND: POST /session/04234d49f989df1d8cc66cbbd9ee498b/element/f.9E73453283219C642BED86114F2A427E.d.5867BD02EC88430D44B419E925A162C7.e.1249/click - {}
RESULT: {}
COMMAND: GET /session/04234d49f989df1d8cc66cbbd9ee498b/screenshot - {}
RESULT: {}
COMMAND: POST /session/04234d49f989df1d8cc66cbbd9ee498b/execute/async - {"script":"<script> [1562 bytes]","args":[{"selector":{"id":"application-managepartners-display-component---NewPartner--partnerId","interaction":{"idSuffix":"inner"}},"wdio_ui5_key":"applicationmanagepartners-display-component---NewPartner--partnerId"}]}
RESULT: {"script":"<script> [1562 bytes]","args":[{"selector":{"id":"application-managepartners-display-component---NewPartner--partnerId","interaction":{"idSuffix":"inner"}},"wdio_ui5_key":"applicationmanagepartners-display-component---NewPartner--partnerId"}]}
RESULT: undefined
COMMAND: POST /session/04234d49f989df1d8cc66cbbd9ee498b/execute/async - {"script":"<script> [1562 bytes]","args":[{"selector":{"id":"application-managepartners-display-component---NewPartner--addressDetailDetailsName1","interaction":{"idSuffix":"inner"}},"wdio_ui5_key":"applicationmanagepartners-display-component---NewPartner--addressDetailDetailsName1"}]}
RESULT: {"script":"<script> [1562 bytes]","args":[{"selector":{"id":"application-managepartners-display-component---NewPartner--addressDetailDetailsName1","interaction":{"idSuffix":"inner"}},"wdio_ui5_key":"applicationmanagepartners-display-component---NewPartner--addressDetailDetailsName1"}]}
RESULT: undefined
COMMAND: POST /session/04234d49f989df1d8cc66cbbd9ee498b/execute/async - {"script":"<script> [776 bytes]","args":[{"enterText":"WebdriverPartnerh8ln8","selector":{"id":"application-managepartners-display-component---NewPartner--addressDetailDetailsName1","interaction":{"idSuffix":"inner"}},"clearTextFirst":true,"interactionType":"ENTER_TEXT"}]}
RESULT: {"script":"<script> [776 bytes]","args":[{"enterText":"WebdriverPartnerh8ln8","selector":{"id":"application-managepartners-display-component---NewPartner--addressDetailDetailsName1","interaction":{"idSuffix":"inner"}},"clearTextFirst":true,"interactionType":"ENTER_TEXT"}]}
COMMAND: POST /session/04234d49f989df1d8cc66cbbd9ee498b/execute/async - {"script":"<script> [1562 bytes]","args":[{"selector":{"id":"application-managepartners-display-component---NewPartner--addressDetailDetailsLanguage","interaction":{"idSuffix":"inner"}},"wdio_ui5_key":"applicationmanagepartners-display-component---NewPartner--addressDetailDetailsLanguage"}]}
RESULT: {"script":"<script> [1562 bytes]","args":[{"selector":{"id":"application-managepartners-display-component---NewPartner--addressDetailDetailsLanguage","interaction":{"idSuffix":"inner"}},"wdio_ui5_key":"applicationmanagepartners-display-component---NewPartner--addressDetailDetailsLanguage"}]}
RESULT: undefined
COMMAND: POST /session/04234d49f989df1d8cc66cbbd9ee498b/execute/async - {"script":"<script> [776 bytes]","args":[{"enterText":"Romanian","selector":{"id":"application-managepartners-display-component---NewPartner--addressDetailDetailsLanguage","interaction":{"idSuffix":"inner"}},"clearTextFirst":true,"interactionType":"ENTER_TEXT"}]}
RESULT: {"script":"<script> [776 bytes]","args":[{"enterText":"Romanian","selector":{"id":"application-managepartners-display-component---NewPartner--addressDetailDetailsLanguage","interaction":{"idSuffix":"inner"}},"clearTextFirst":true,"interactionType":"ENTER_TEXT"}]}
COMMAND: POST /session/04234d49f989df1d8cc66cbbd9ee498b/element - {"using":"xpath","value":"//input[contains(@id ,\"application-managepartners-display-component---NewPartner--addressDetailDetailsName1-inner\")]"}
RESULT: {"using":"xpath","value":"//input[contains(@id ,\"application-managepartners-display-component---NewPartner--addressDetailDetailsName1-inner\")]"}
COMMAND: GET /session/04234d49f989df1d8cc66cbbd9ee498b/element/f.9E73453283219C642BED86114F2A427E.d.5867BD02EC88430D44B419E925A162C7.e.1422/property/value - {}
RESULT: {}
COMMAND: POST /session/04234d49f989df1d8cc66cbbd9ee498b/execute/async - {"script":"<script> [1562 bytes]","args":[{"selector":{"id":"application-managepartners-display-component---NewPartner--addressDetailDetailsCity1","interaction":{"idSuffix":"inner"}},"wdio_ui5_key":"applicationmanagepartners-display-component---NewPartner--addressDetailDetailsCity1"}]}
COMMAND: GET /session/04234d49f989df1d8cc66cbbd9ee498b/screenshot - {}
RESULT: {"script":"<script> [1562 bytes]","args":[{"selector":{"id":"application-managepartners-display-component---NewPartner--addressDetailDetailsCity1","interaction":{"idSuffix":"inner"}},"wdio_ui5_key":"applicationmanagepartners-display-component---NewPartner--addressDetailDetailsCity1"}]}
RESULT: undefined
COMMAND: POST /session/04234d49f989df1d8cc66cbbd9ee498b/execute/async - {"script":"<script> [776 bytes]","args":[{"enterText":"Bucharest","selector":{"id":"application-managepartners-display-component---NewPartner--addressDetailDetailsCity1","interaction":{"idSuffix":"inner"}},"clearTextFirst":true,"interactionType":"ENTER_TEXT"}]}
RESULT: {}
RESULT: {"script":"<script> [776 bytes]","args":[{"enterText":"Bucharest","selector":{"id":"application-managepartners-display-component---NewPartner--addressDetailDetailsCity1","interaction":{"idSuffix":"inner"}},"clearTextFirst":true,"interactionType":"ENTER_TEXT"}]}
COMMAND: POST /session/04234d49f989df1d8cc66cbbd9ee498b/execute/async - {"script":"<script> [1562 bytes]","args":[{"selector":{"id":"application-managepartners-display-component---NewPartner--addressDetailDetailsCountry","interaction":{"idSuffix":"inner"}},"wdio_ui5_key":"applicationmanagepartners-display-component---NewPartner--addressDetailDetailsCountry"}]}
RESULT: {"script":"<script> [1562 bytes]","args":[{"selector":{"id":"application-managepartners-display-component---NewPartner--addressDetailDetailsCountry","interaction":{"idSuffix":"inner"}},"wdio_ui5_key":"applicationmanagepartners-display-component---NewPartner--addressDetailDetailsCountry"}]}
RESULT: undefined
COMMAND: POST /session/04234d49f989df1d8cc66cbbd9ee498b/execute/async - {"script":"<script> [6424 bytes]","args":[{"element-6066-11e4-a52e-4f735466cecf":"f.9E73453283219C642BED86114F2A427E.d.5867BD02EC88430D44B419E925A162C7.e.1429"},"setValue",["Romania"]]}
RESULT: {"script":"<script> [6424 bytes]","args":[{"element-6066-11e4-a52e-4f735466cecf":"f.9E73453283219C642BED86114F2A427E.d.5867BD02EC88430D44B419E925A162C7.e.1429"},"setValue",["Romania"]]}
COMMAND: POST /session/04234d49f989df1d8cc66cbbd9ee498b/execute/async - {"script":"<script> [1562 bytes]","args":[{"selector":{"id":"application-managepartners-display-component---NewPartner--partnerDetailInternal","interaction":{"idSuffix":"inner"}},"wdio_ui5_key":"applicationmanagepartners-display-component---NewPartner--partnerDetailInternal"}]}
RESULT: {"script":"<script> [1562 bytes]","args":[{"selector":{"id":"application-managepartners-display-component---NewPartner--partnerDetailInternal","interaction":{"idSuffix":"inner"}},"wdio_ui5_key":"applicationmanagepartners-display-component---NewPartner--partnerDetailInternal"}]}
RESULT: undefined
COMMAND: POST /session/04234d49f989df1d8cc66cbbd9ee498b/execute/async - {"script":"<script> [776 bytes]","args":[{"enterText":"External partner","selector":{"id":"application-managepartners-display-component---NewPartner--partnerDetailInternal","interaction":{"idSuffix":"inner"}},"clearTextFirst":true,"interactionType":"ENTER_TEXT"}]}
RESULT: {"script":"<script> [776 bytes]","args":[{"enterText":"External partner","selector":{"id":"application-managepartners-display-component---NewPartner--partnerDetailInternal","interaction":{"idSuffix":"inner"}},"clearTextFirst":true,"interactionType":"ENTER_TEXT"}]}
COMMAND: POST /session/04234d49f989df1d8cc66cbbd9ee498b/execute/async - {"script":"<script> [1562 bytes]","args":[{"selector":{"id":"application-managepartners-display-component---NewPartner--partnerDetailsCurrency","interaction":{"idSuffix":"inner"}},"wdio_ui5_key":"applicationmanagepartners-display-component---NewPartner--partnerDetailsCurrency"}]}
RESULT: {"script":"<script> [1562 bytes]","args":[{"selector":{"id":"application-managepartners-display-component---NewPartner--partnerDetailsCurrency","interaction":{"idSuffix":"inner"}},"wdio_ui5_key":"applicationmanagepartners-display-component---NewPartner--partnerDetailsCurrency"}]}
RESULT: undefined
COMMAND: POST /session/04234d49f989df1d8cc66cbbd9ee498b/execute/async - {"script":"<script> [776 bytes]","args":[{"enterText":"Euro","selector":{"id":"application-managepartners-display-component---NewPartner--partnerDetailsCurrency","interaction":{"idSuffix":"inner"}},"clearTextFirst":true,"interactionType":"ENTER_TEXT"}]}
RESULT: {"script":"<script> [776 bytes]","args":[{"enterText":"Euro","selector":{"id":"application-managepartners-display-component---NewPartner--partnerDetailsCurrency","interaction":{"idSuffix":"inner"}},"clearTextFirst":true,"interactionType":"ENTER_TEXT"}]}
COMMAND: POST /session/04234d49f989df1d8cc66cbbd9ee498b/execute/async - {"script":"<script> [1562 bytes]","args":[{"selector":{"controlType":"sap.m.Button","viewName":"etm.portal.ui.managepartners.view.NewPartner","viewId":"application-managepartners-display-component---NewPartner","properties":{"text":"Commercial"},"interaction":{"idSuffix":"BDI-content"}},"wdio_ui5_key":"etmportal.ui.managepartners.view.NewPartnersap.m.Button{\"text\":\"Commercial\"}"}]}
RESULT: {"script":"<script> [1562 bytes]","args":[{"selector":{"controlType":"sap.m.Button","viewName":"etm.portal.ui.managepartners.view.NewPartner","viewId":"application-managepartners-display-component---NewPartner","properties":{"text":"Commercial"},"interaction":{"idSuffix":"BDI-content"}},"wdio_ui5_key":"etmportal.ui.managepartners.view.NewPartnersap.m.Button{\"text\":\"Commercial\"}"}]}
RESULT: undefined
COMMAND: POST /session/04234d49f989df1d8cc66cbbd9ee498b/element - {"using":"xpath","value":"//*[@id=\"application-managepartners-display-component---NewPartner--ObjectPageLayout-anchBar-__section5-anchor\"]"}
RESULT: {"using":"xpath","value":"//*[@id=\"application-managepartners-display-component---NewPartner--ObjectPageLayout-anchBar-__section5-anchor\"]"}
COMMAND: POST /session/04234d49f989df1d8cc66cbbd9ee498b/element/f.9E73453283219C642BED86114F2A427E.d.5867BD02EC88430D44B419E925A162C7.e.1669/click - {}
RESULT: {}
COMMAND: GET /session/04234d49f989df1d8cc66cbbd9ee498b/screenshot - {}
RESULT: {}
COMMAND: POST /session/04234d49f989df1d8cc66cbbd9ee498b/execute/async - {"script":"<script> [1562 bytes]","args":[{"selector":{"id":"application-managepartners-display-component---NewPartner--btnAddTableRow-img"},"wdio_ui5_key":"applicationmanagepartners-display-component---NewPartner--btnAddTableRow-img"}]}
RESULT: {"script":"<script> [1562 bytes]","args":[{"selector":{"id":"application-managepartners-display-component---NewPartner--btnAddTableRow-img"},"wdio_ui5_key":"applicationmanagepartners-display-component---NewPartner--btnAddTableRow-img"}]}
RESULT: undefined
COMMAND: POST /session/04234d49f989df1d8cc66cbbd9ee498b/element - {"using":"xpath","value":"//*[@id=\"application-managepartners-display-component---NewPartner--btnAddTableRow-img\"]"}
RESULT: {"using":"xpath","value":"//*[@id=\"application-managepartners-display-component---NewPartner--btnAddTableRow-img\"]"}
COMMAND: POST /session/04234d49f989df1d8cc66cbbd9ee498b/element/f.9E73453283219C642BED86114F2A427E.d.5867BD02EC88430D44B419E925A162C7.e.1675/click - {}
RESULT: {}
COMMAND: POST /session/04234d49f989df1d8cc66cbbd9ee498b/element - {"using":"xpath","value":"//input[contains(@id ,\"application-managepartners-display-component---NewPartner--assignmentYard-application-managepartners-display-component---NewPartner\")]"}
COMMAND: GET /session/04234d49f989df1d8cc66cbbd9ee498b/screenshot - {}
RESULT: {"using":"xpath","value":"//input[contains(@id ,\"application-managepartners-display-component---NewPartner--assignmentYard-application-managepartners-display-component---NewPartner\")]"}
COMMAND: POST /session/04234d49f989df1d8cc66cbbd9ee498b/element/f.9E73453283219C642BED86114F2A427E.d.5867BD02EC88430D44B419E925A162C7.e.1678/clear - {}
RESULT: {}
RESULT: {}
COMMAND: POST /session/04234d49f989df1d8cc66cbbd9ee498b/element/f.9E73453283219C642BED86114F2A427E.d.5867BD02EC88430D44B419E925A162C7.e.1678/value - {"text":"534"}
COMMAND: GET /session/04234d49f989df1d8cc66cbbd9ee498b/screenshot - {}
RESULT: {"text":"534"}
COMMAND: GET /session/04234d49f989df1d8cc66cbbd9ee498b/screenshot - {}
RESULT: {}
RESULT: {}
COMMAND: POST /session/04234d49f989df1d8cc66cbbd9ee498b/execute/async - {"script":"<script> [1562 bytes]","args":[{"selector":{"controlType":"sap.m.Button","viewName":"etm.portal.ui.managepartners.view.NewPartner","viewId":"application-managepartners-display-component---NewPartner","i18NText":{"propertyName":"text","key":"save"},"interaction":{"idSuffix":"BDI-content"}},"wdio_ui5_key":"etmportal.ui.managepartners.view.NewPartnersap.m.Button{\"propertyName\":\"text\",\"key\":\"save\"}"}]}
RESULT: {"script":"<script> [1562 bytes]","args":[{"selector":{"controlType":"sap.m.Button","viewName":"etm.portal.ui.managepartners.view.NewPartner","viewId":"application-managepartners-display-component---NewPartner","i18NText":{"propertyName":"text","key":"save"},"interaction":{"idSuffix":"BDI-content"}},"wdio_ui5_key":"etmportal.ui.managepartners.view.NewPartnersap.m.Button{\"propertyName\":\"text\",\"key\":\"save\"}"}]}
RESULT: undefined
COMMAND: POST /session/04234d49f989df1d8cc66cbbd9ee498b/element - {"using":"xpath","value":"//*[@id=\"__button12\"]"}
RESULT: {"using":"xpath","value":"//*[@id=\"__button12\"]"}
COMMAND: POST /session/04234d49f989df1d8cc66cbbd9ee498b/element/f.9E73453283219C642BED86114F2A427E.d.5867BD02EC88430D44B419E925A162C7.e.1647/click - {}
RESULT: {}
COMMAND: GET /session/04234d49f989df1d8cc66cbbd9ee498b/screenshot - {}
RESULT: {}
COMMAND: POST /session/04234d49f989df1d8cc66cbbd9ee498b/element - {"using":"xpath","value":"//header/div/div[2]/div[2]/span"}
RESULT: {"using":"xpath","value":"//header/div/div[2]/div[2]/span"}
COMMAND: GET /session/04234d49f989df1d8cc66cbbd9ee498b/element/f.9E73453283219C642BED86114F2A427E.d.5867BD02EC88430D44B419E925A162C7.e.1849/text - {}
RESULT: {}
COMMAND: POST /session/04234d49f989df1d8cc66cbbd9ee498b/element - {"using":"xpath","value":"//header/div/div/div/div/div/div[2]/div/span"}
RESULT: {"using":"xpath","value":"//header/div/div/div/div/div/div[2]/div/span"}
COMMAND: GET /session/04234d49f989df1d8cc66cbbd9ee498b/element/f.9E73453283219C642BED86114F2A427E.d.5867BD02EC88430D44B419E925A162C7.e.1850/text - {}
RESULT: {}
COMMAND: POST /session/04234d49f989df1d8cc66cbbd9ee498b/execute/async - {"script":"<script> [1562 bytes]","args":[{"selector":{"id":"application-managepartners-display-component---detailPtm--partnerType"},"wdio_ui5_key":"applicationmanagepartners-display-component---detailPtm--partnerType"}]}
RESULT: {"script":"<script> [1562 bytes]","args":[{"selector":{"id":"application-managepartners-display-component---detailPtm--partnerType"},"wdio_ui5_key":"applicationmanagepartners-display-component---detailPtm--partnerType"}]}
RESULT: undefined
COMMAND: POST /session/04234d49f989df1d8cc66cbbd9ee498b/execute/async - {"script":"<script> [6424 bytes]","args":[{"element-6066-11e4-a52e-4f735466cecf":"f.9E73453283219C642BED86114F2A427E.d.5867BD02EC88430D44B419E925A162C7.e.1851"},"getText",[]]}
RESULT: {"script":"<script> [6424 bytes]","args":[{"element-6066-11e4-a52e-4f735466cecf":"f.9E73453283219C642BED86114F2A427E.d.5867BD02EC88430D44B419E925A162C7.e.1851"},"getText",[]]}
COMMAND: POST /session/04234d49f989df1d8cc66cbbd9ee498b/element - {"using":"css selector","value":"#shell-header-logo"}
RESULT: {"using":"css selector","value":"#shell-header-logo"}
COMMAND: POST /session/04234d49f989df1d8cc66cbbd9ee498b/element/f.9E73453283219C642BED86114F2A427E.d.5867BD02EC88430D44B419E925A162C7.e.1201/click - {}
RESULT: {}
COMMAND: GET /session/04234d49f989df1d8cc66cbbd9ee498b/screenshot - {}
RESULT: {}
COMMAND: POST /session/04234d49f989df1d8cc66cbbd9ee498b/execute/async - {"script":"<script> [1562 bytes]","args":[{"selector":{"controlType":"sap.m.GenericTile","properties":{"header":"Manage Sites"}},"wdio_ui5_key":"sapm.GenericTile{\"header\":\"Manage Sites\"}"}]}
RESULT: {"script":"<script> [1562 bytes]","args":[{"selector":{"controlType":"sap.m.GenericTile","properties":{"header":"Manage Sites"}},"wdio_ui5_key":"sapm.GenericTile{\"header\":\"Manage Sites\"}"}]}
RESULT: undefined
COMMAND: POST /session/04234d49f989df1d8cc66cbbd9ee498b/element - {"using":"xpath","value":"//*[@id=\"__tile40\"]"}
RESULT: {"using":"xpath","value":"//*[@id=\"__tile40\"]"}
COMMAND: POST /session/04234d49f989df1d8cc66cbbd9ee498b/element/f.9E73453283219C642BED86114F2A427E.d.5867BD02EC88430D44B419E925A162C7.e.1853/click - {}
RESULT: {}
COMMAND: GET /session/04234d49f989df1d8cc66cbbd9ee498b/screenshot - {}
RESULT: {}
COMMAND: POST /session/04234d49f989df1d8cc66cbbd9ee498b/execute/async - {"script":"<script> [1562 bytes]","args":[{"selector":{"controlType":"sap.ui.core.Icon","viewName":"etm.portal.ui.managesites.view.Master","viewId":"application-managesites-display-component---masterSite","properties":{"src":{"regex":{"source":"add"}}}},"wdio_ui5_key":"etmportal.ui.managesites.view.Mastersap.ui.core.Icon{\"src\":{\"regex\":{\"source\":\"add\"}}}"}]}
RESULT: {"script":"<script> [1562 bytes]","args":[{"selector":{"controlType":"sap.ui.core.Icon","viewName":"etm.portal.ui.managesites.view.Master","viewId":"application-managesites-display-component---masterSite","properties":{"src":{"regex":{"source":"add"}}}},"wdio_ui5_key":"etmportal.ui.managesites.view.Mastersap.ui.core.Icon{\"src\":{\"regex\":{\"source\":\"add\"}}}"}]}
RESULT: undefined
COMMAND: POST /session/04234d49f989df1d8cc66cbbd9ee498b/element - {"using":"xpath","value":"//*[@id=\"__button52-img\"]"}
RESULT: {"using":"xpath","value":"//*[@id=\"__button52-img\"]"}
COMMAND: POST /session/04234d49f989df1d8cc66cbbd9ee498b/element/f.9E73453283219C642BED86114F2A427E.d.5867BD02EC88430D44B419E925A162C7.e.1902/click - {}
RESULT: {}
COMMAND: POST /session/04234d49f989df1d8cc66cbbd9ee498b/execute/async - {"script":"<script> [1562 bytes]","args":[{"selector":{"id":"application-managesites-display-component---NewSite--siteId","interaction":{"idSuffix":"inner"}},"wdio_ui5_key":"applicationmanagesites-display-component---NewSite--siteId"}]}
COMMAND: GET /session/04234d49f989df1d8cc66cbbd9ee498b/screenshot - {}
RESULT: {"script":"<script> [1562 bytes]","args":[{"selector":{"id":"application-managesites-display-component---NewSite--siteId","interaction":{"idSuffix":"inner"}},"wdio_ui5_key":"applicationmanagesites-display-component---NewSite--siteId"}]}
RESULT: undefined
COMMAND: POST /session/04234d49f989df1d8cc66cbbd9ee498b/execute/async - {"script":"<script> [1562 bytes]","args":[{"selector":{"id":"application-managesites-display-component---NewSite--addressDetailDetailsName1","interaction":{"idSuffix":"inner"}},"wdio_ui5_key":"applicationmanagesites-display-component---NewSite--addressDetailDetailsName1"}]}
RESULT: {}
RESULT: {"script":"<script> [1562 bytes]","args":[{"selector":{"id":"application-managesites-display-component---NewSite--addressDetailDetailsName1","interaction":{"idSuffix":"inner"}},"wdio_ui5_key":"applicationmanagesites-display-component---NewSite--addressDetailDetailsName1"}]}
RESULT: undefined
COMMAND: POST /session/04234d49f989df1d8cc66cbbd9ee498b/execute/async - {"script":"<script> [776 bytes]","args":[{"enterText":"WebdriverSitewixt7","selector":{"id":"application-managesites-display-component---NewSite--addressDetailDetailsName1","interaction":{"idSuffix":"inner"}},"clearTextFirst":true,"interactionType":"ENTER_TEXT"}]}
RESULT: {"script":"<script> [776 bytes]","args":[{"enterText":"WebdriverSitewixt7","selector":{"id":"application-managesites-display-component---NewSite--addressDetailDetailsName1","interaction":{"idSuffix":"inner"}},"clearTextFirst":true,"interactionType":"ENTER_TEXT"}]}
COMMAND: POST /session/04234d49f989df1d8cc66cbbd9ee498b/execute/async - {"script":"<script> [1562 bytes]","args":[{"selector":{"id":"application-managesites-display-component---NewSite--addressDetailDetailsLanguage","interaction":{"idSuffix":"inner"}},"wdio_ui5_key":"applicationmanagesites-display-component---NewSite--addressDetailDetailsLanguage"}]}
RESULT: {"script":"<script> [1562 bytes]","args":[{"selector":{"id":"application-managesites-display-component---NewSite--addressDetailDetailsLanguage","interaction":{"idSuffix":"inner"}},"wdio_ui5_key":"applicationmanagesites-display-component---NewSite--addressDetailDetailsLanguage"}]}
RESULT: undefined
COMMAND: POST /session/04234d49f989df1d8cc66cbbd9ee498b/execute/async - {"script":"<script> [776 bytes]","args":[{"enterText":"Romanian","selector":{"id":"application-managesites-display-component---NewSite--addressDetailDetailsLanguage","interaction":{"idSuffix":"inner"}},"clearTextFirst":true,"interactionType":"ENTER_TEXT"}]}
RESULT: {"script":"<script> [776 bytes]","args":[{"enterText":"Romanian","selector":{"id":"application-managesites-display-component---NewSite--addressDetailDetailsLanguage","interaction":{"idSuffix":"inner"}},"clearTextFirst":true,"interactionType":"ENTER_TEXT"}]}
COMMAND: POST /session/04234d49f989df1d8cc66cbbd9ee498b/execute/async - {"script":"<script> [1562 bytes]","args":[{"selector":{"id":"application-managesites-display-component---NewSite--addressDetailDetailsCity1","interaction":{"idSuffix":"inner"}},"wdio_ui5_key":"applicationmanagesites-display-component---NewSite--addressDetailDetailsCity1"}]}
RESULT: {"script":"<script> [1562 bytes]","args":[{"selector":{"id":"application-managesites-display-component---NewSite--addressDetailDetailsCity1","interaction":{"idSuffix":"inner"}},"wdio_ui5_key":"applicationmanagesites-display-component---NewSite--addressDetailDetailsCity1"}]}
RESULT: undefined
COMMAND: POST /session/04234d49f989df1d8cc66cbbd9ee498b/execute/async - {"script":"<script> [776 bytes]","args":[{"enterText":"Bucharest","selector":{"id":"application-managesites-display-component---NewSite--addressDetailDetailsCity1","interaction":{"idSuffix":"inner"}},"clearTextFirst":true,"interactionType":"ENTER_TEXT"}]}
RESULT: {"script":"<script> [776 bytes]","args":[{"enterText":"Bucharest","selector":{"id":"application-managesites-display-component---NewSite--addressDetailDetailsCity1","interaction":{"idSuffix":"inner"}},"clearTextFirst":true,"interactionType":"ENTER_TEXT"}]}
COMMAND: POST /session/04234d49f989df1d8cc66cbbd9ee498b/execute/async - {"script":"<script> [1562 bytes]","args":[{"selector":{"id":"application-managesites-display-component---NewSite--addressDetailDetailsCountry","interaction":{"idSuffix":"inner"}},"wdio_ui5_key":"applicationmanagesites-display-component---NewSite--addressDetailDetailsCountry"}]}
RESULT: {"script":"<script> [1562 bytes]","args":[{"selector":{"id":"application-managesites-display-component---NewSite--addressDetailDetailsCountry","interaction":{"idSuffix":"inner"}},"wdio_ui5_key":"applicationmanagesites-display-component---NewSite--addressDetailDetailsCountry"}]}
RESULT: undefined
COMMAND: POST /session/04234d49f989df1d8cc66cbbd9ee498b/execute/async - {"script":"<script> [776 bytes]","args":[{"enterText":"Romania","selector":{"id":"application-managesites-display-component---NewSite--addressDetailDetailsCountry","interaction":{"idSuffix":"inner"}},"clearTextFirst":true,"interactionType":"ENTER_TEXT"}]}
RESULT: {"script":"<script> [776 bytes]","args":[{"enterText":"Romania","selector":{"id":"application-managesites-display-component---NewSite--addressDetailDetailsCountry","interaction":{"idSuffix":"inner"}},"clearTextFirst":true,"interactionType":"ENTER_TEXT"}]}
COMMAND: POST /session/04234d49f989df1d8cc66cbbd9ee498b/element - {"using":"css selector","value":"#application-managesites-display-component---NewSite--addressDetailDetailsCalendar-inner"}
RESULT: {"using":"css selector","value":"#application-managesites-display-component---NewSite--addressDetailDetailsCalendar-inner"}
COMMAND: POST /session/04234d49f989df1d8cc66cbbd9ee498b/element/f.9E73453283219C642BED86114F2A427E.d.5867BD02EC88430D44B419E925A162C7.e.2115/clear - {}
RESULT: {}
COMMAND: POST /session/04234d49f989df1d8cc66cbbd9ee498b/element/f.9E73453283219C642BED86114F2A427E.d.5867BD02EC88430D44B419E925A162C7.e.2115/value - {"text":"Germany"}
COMMAND: GET /session/04234d49f989df1d8cc66cbbd9ee498b/screenshot - {}
RESULT: {"text":"Germany"}
COMMAND: POST /session/04234d49f989df1d8cc66cbbd9ee498b/execute/async - {"script":"<script> [1562 bytes]","args":[{"selector":{"id":"application-managesites-display-component---NewSite--addressEditDetailsCostObjectCstType-arrow"},"wdio_ui5_key":"applicationmanagesites-display-component---NewSite--addressEditDetailsCostObjectCstType-arrow"}]}
COMMAND: GET /session/04234d49f989df1d8cc66cbbd9ee498b/screenshot - {}
RESULT: {}
RESULT: {"script":"<script> [1562 bytes]","args":[{"selector":{"id":"application-managesites-display-component---NewSite--addressEditDetailsCostObjectCstType-arrow"},"wdio_ui5_key":"applicationmanagesites-display-component---NewSite--addressEditDetailsCostObjectCstType-arrow"}]}
RESULT: undefined
COMMAND: POST /session/04234d49f989df1d8cc66cbbd9ee498b/element - {"using":"xpath","value":"//*[@id=\"application-managesites-display-component---NewSite--addressEditDetailsCostObjectCstType-arrow\"]"}
RESULT: {}
RESULT: {"using":"xpath","value":"//*[@id=\"application-managesites-display-component---NewSite--addressEditDetailsCostObjectCstType-arrow\"]"}
COMMAND: POST /session/04234d49f989df1d8cc66cbbd9ee498b/element/f.9E73453283219C642BED86114F2A427E.d.5867BD02EC88430D44B419E925A162C7.e.2273/click - {}
RESULT: {}
COMMAND: POST /session/04234d49f989df1d8cc66cbbd9ee498b/element - {"using":"xpath","value":"//span[contains(text(), \"Work Breakdown Structure\")]"}
COMMAND: GET /session/04234d49f989df1d8cc66cbbd9ee498b/screenshot - {}
RESULT: {"using":"xpath","value":"//span[contains(text(), \"Work Breakdown Structure\")]"}
COMMAND: POST /session/04234d49f989df1d8cc66cbbd9ee498b/element/f.9E73453283219C642BED86114F2A427E.d.5867BD02EC88430D44B419E925A162C7.e.2275/click - {}
RESULT: {}
RESULT: {}
COMMAND: GET /session/04234d49f989df1d8cc66cbbd9ee498b/screenshot - {}
RESULT: {}
COMMAND: POST /session/04234d49f989df1d8cc66cbbd9ee498b/execute/async - {"script":"<script> [1562 bytes]","args":[{"selector":{"id":"application-managesites-display-component---NewSite--addressNewCostObjectCstID-vhi"},"wdio_ui5_key":"applicationmanagesites-display-component---NewSite--addressNewCostObjectCstID-vhi"}]}
RESULT: {"script":"<script> [1562 bytes]","args":[{"selector":{"id":"application-managesites-display-component---NewSite--addressNewCostObjectCstID-vhi"},"wdio_ui5_key":"applicationmanagesites-display-component---NewSite--addressNewCostObjectCstID-vhi"}]}
RESULT: undefined
COMMAND: POST /session/04234d49f989df1d8cc66cbbd9ee498b/element - {"using":"xpath","value":"//*[@id=\"application-managesites-display-component---NewSite--addressNewCostObjectCstID-vhi\"]"}
RESULT: {"using":"xpath","value":"//*[@id=\"application-managesites-display-component---NewSite--addressNewCostObjectCstID-vhi\"]"}
COMMAND: POST /session/04234d49f989df1d8cc66cbbd9ee498b/element/f.9E73453283219C642BED86114F2A427E.d.5867BD02EC88430D44B419E925A162C7.e.2280/click - {}
RESULT: {}
COMMAND: GET /session/04234d49f989df1d8cc66cbbd9ee498b/screenshot - {}
RESULT: {}
COMMAND: POST /session/04234d49f989df1d8cc66cbbd9ee498b/execute/async - {"script":"<script> [1562 bytes]","args":[{"selector":{"controlType":"sap.m.SearchField","properties":{"placeholder":"Search"},"searchOpenDialogs":true,"interaction":{"idSuffix":"I"}},"wdio_ui5_key":"sapm.SearchField{\"placeholder\":\"Search\"}"}]}
RESULT: {"script":"<script> [1562 bytes]","args":[{"selector":{"controlType":"sap.m.SearchField","properties":{"placeholder":"Search"},"searchOpenDialogs":true,"interaction":{"idSuffix":"I"}},"wdio_ui5_key":"sapm.SearchField{\"placeholder\":\"Search\"}"}]}
RESULT: undefined
COMMAND: POST /session/04234d49f989df1d8cc66cbbd9ee498b/execute/async - {"script":"<script> [776 bytes]","args":[{"enterText":"A1-000100-01","selector":{"controlType":"sap.m.SearchField","properties":{"placeholder":"Search"},"searchOpenDialogs":true,"interaction":{"idSuffix":"I"}},"clearTextFirst":true,"interactionType":"ENTER_TEXT"}]}
RESULT: {"script":"<script> [776 bytes]","args":[{"enterText":"A1-000100-01","selector":{"controlType":"sap.m.SearchField","properties":{"placeholder":"Search"},"searchOpenDialogs":true,"interaction":{"idSuffix":"I"}},"clearTextFirst":true,"interactionType":"ENTER_TEXT"}]}
COMMAND: POST /session/04234d49f989df1d8cc66cbbd9ee498b/actions - {"actions":[{"id":"action3","type":"key","parameters":{},"actions":[{"type":"keyDown","value":"î€‡"},{"type":"pause","duration":10},{"type":"keyUp","value":"î€‡"}]}]}
RESULT: {"actions":[{"id":"action3","type":"key","parameters":{},"actions":[{"type":"keyDown","value":"î€‡"},{"type":"pause","duration":10},{"type":"keyUp","value":"î€‡"}]}]}
COMMAND: GET /session/04234d49f989df1d8cc66cbbd9ee498b/screenshot - {}
RESULT: {}
COMMAND: POST /session/04234d49f989df1d8cc66cbbd9ee498b/element - {"using":"xpath","value":"//span[contains(text(), \"Template for ETO-Process\")]"}
RESULT: {"using":"xpath","value":"//span[contains(text(), \"Template for ETO-Process\")]"}
COMMAND: POST /session/04234d49f989df1d8cc66cbbd9ee498b/element/f.9E73453283219C642BED86114F2A427E.d.5867BD02EC88430D44B419E925A162C7.e.2300/click - {}
RESULT: {}
COMMAND: GET /session/04234d49f989df1d8cc66cbbd9ee498b/screenshot - {}
RESULT: {}
COMMAND: POST /session/04234d49f989df1d8cc66cbbd9ee498b/element - {"using":"xpath","value":"//bdi[contains(text(), \"OK\")]"}
RESULT: {"using":"xpath","value":"//bdi[contains(text(), \"OK\")]"}
COMMAND: POST /session/04234d49f989df1d8cc66cbbd9ee498b/element/f.9E73453283219C642BED86114F2A427E.d.5867BD02EC88430D44B419E925A162C7.e.2301/click - {}
RESULT: {}
COMMAND: GET /session/04234d49f989df1d8cc66cbbd9ee498b/screenshot - {}
RESULT: {}
COMMAND: POST /session/04234d49f989df1d8cc66cbbd9ee498b/element - {"using":"xpath","value":"//input[@id=\"application-managesites-display-component---NewSite--addressDetailDetailsYard-inner\"]"}
RESULT: {"using":"xpath","value":"//input[@id=\"application-managesites-display-component---NewSite--addressDetailDetailsYard-inner\"]"}
COMMAND: POST /session/04234d49f989df1d8cc66cbbd9ee498b/element/f.9E73453283219C642BED86114F2A427E.d.5867BD02EC88430D44B419E925A162C7.e.2116/value - {"text":"534"}
RESULT: {"text":"534"}
COMMAND: GET /session/04234d49f989df1d8cc66cbbd9ee498b/screenshot - {}
RESULT: {}
COMMAND: POST /session/04234d49f989df1d8cc66cbbd9ee498b/actions - {"actions":[{"id":"action4","type":"key","parameters":{},"actions":[{"type":"keyDown","value":"î€‡"},{"type":"pause","duration":10},{"type":"keyUp","value":"î€‡"}]}]}
RESULT: {"actions":[{"id":"action4","type":"key","parameters":{},"actions":[{"type":"keyDown","value":"î€‡"},{"type":"pause","duration":10},{"type":"keyUp","value":"î€‡"}]}]}
COMMAND: GET /session/04234d49f989df1d8cc66cbbd9ee498b/screenshot - {}
RESULT: {}
COMMAND: POST /session/04234d49f989df1d8cc66cbbd9ee498b/element - {"using":"xpath","value":"//input[@id=\"application-managesites-display-component---NewSite--addressDetailDetailsPartner-inner\"]"}
RESULT: {"using":"xpath","value":"//input[@id=\"application-managesites-display-component---NewSite--addressDetailDetailsPartner-inner\"]"}
COMMAND: POST /session/04234d49f989df1d8cc66cbbd9ee498b/elements - {"using":"xpath","value":"//input[@id=\"application-managesites-display-component---NewSite--addressDetailDetailsPartner-inner\"]"}
RESULT: {"using":"xpath","value":"//input[@id=\"application-managesites-display-component---NewSite--addressDetailDetailsPartner-inner\"]"}
COMMAND: POST /session/04234d49f989df1d8cc66cbbd9ee498b/execute/async - {"script":"<script> [1562 bytes]","args":[{"selector":{"controlType":"sap.m.Button","viewName":"etm.portal.ui.managesites.view.NewSmartSite","viewId":"application-managesites-display-component---NewSite","properties":{"text":"Commercial"},"interaction":{"idSuffix":"BDI-content"}},"wdio_ui5_key":"etmportal.ui.managesites.view.NewSmartSitesap.m.Button{\"text\":\"Commercial\"}"}]}
RESULT: {"script":"<script> [1562 bytes]","args":[{"selector":{"controlType":"sap.m.Button","viewName":"etm.portal.ui.managesites.view.NewSmartSite","viewId":"application-managesites-display-component---NewSite","properties":{"text":"Commercial"},"interaction":{"idSuffix":"BDI-content"}},"wdio_ui5_key":"etmportal.ui.managesites.view.NewSmartSitesap.m.Button{\"text\":\"Commercial\"}"}]}
RESULT: undefined
COMMAND: POST /session/04234d49f989df1d8cc66cbbd9ee498b/element - {"using":"xpath","value":"//*[@id=\"application-managesites-display-component---NewSite--ObjectPageLayout-anchBar-__section31-anchor\"]"}
RESULT: {"using":"xpath","value":"//*[@id=\"application-managesites-display-component---NewSite--ObjectPageLayout-anchBar-__section31-anchor\"]"}
COMMAND: POST /session/04234d49f989df1d8cc66cbbd9ee498b/element/f.9E73453283219C642BED86114F2A427E.d.5867BD02EC88430D44B419E925A162C7.e.2308/click - {}
RESULT: {}
COMMAND: POST /session/04234d49f989df1d8cc66cbbd9ee498b/execute/async - {"script":"<script> [1562 bytes]","args":[{"selector":{"controlType":"sap.m.Button","viewName":"etm.portal.ui.managesites.view.NewSmartSite","viewId":"application-managesites-display-component---NewSite","i18NText":{"propertyName":"text","key":"save"},"interaction":{"idSuffix":"BDI-content"}},"wdio_ui5_key":"etmportal.ui.managesites.view.NewSmartSitesap.m.Button{\"propertyName\":\"text\",\"key\":\"save\"}"}]}
COMMAND: GET /session/04234d49f989df1d8cc66cbbd9ee498b/screenshot - {}
RESULT: {"script":"<script> [1562 bytes]","args":[{"selector":{"controlType":"sap.m.Button","viewName":"etm.portal.ui.managesites.view.NewSmartSite","viewId":"application-managesites-display-component---NewSite","i18NText":{"propertyName":"text","key":"save"},"interaction":{"idSuffix":"BDI-content"}},"wdio_ui5_key":"etmportal.ui.managesites.view.NewSmartSitesap.m.Button{\"propertyName\":\"text\",\"key\":\"save\"}"}]}
RESULT: undefined
COMMAND: POST /session/04234d49f989df1d8cc66cbbd9ee498b/element - {"using":"xpath","value":"//*[@id=\"__button64\"]"}
RESULT: {}
RESULT: {"using":"xpath","value":"//*[@id=\"__button64\"]"}
COMMAND: POST /session/04234d49f989df1d8cc66cbbd9ee498b/element/f.9E73453283219C642BED86114F2A427E.d.5867BD02EC88430D44B419E925A162C7.e.2251/click - {}
RESULT: {}
COMMAND: GET /session/04234d49f989df1d8cc66cbbd9ee498b/screenshot - {}
RESULT: {}
COMMAND: POST /session/04234d49f989df1d8cc66cbbd9ee498b/execute/async - {"script":"<script> [1562 bytes]","args":[{"selector":{"id":"application-managesites-display-component---detailSite--addressDetailDetailsYardText"},"wdio_ui5_key":"applicationmanagesites-display-component---detailSite--addressDetailDetailsYardText"}]}
RESULT: {"script":"<script> [1562 bytes]","args":[{"selector":{"id":"application-managesites-display-component---detailSite--addressDetailDetailsYardText"},"wdio_ui5_key":"applicationmanagesites-display-component---detailSite--addressDetailDetailsYardText"}]}
RESULT: undefined
COMMAND: POST /session/04234d49f989df1d8cc66cbbd9ee498b/element - {"using":"xpath","value":"//header/div/div[2]/div[2]/span"}
RESULT: {"using":"xpath","value":"//header/div/div[2]/div[2]/span"}
COMMAND: GET /session/04234d49f989df1d8cc66cbbd9ee498b/element/f.9E73453283219C642BED86114F2A427E.d.5867BD02EC88430D44B419E925A162C7.e.2515/text - {}
RESULT: {}
COMMAND: POST /session/04234d49f989df1d8cc66cbbd9ee498b/element - {"using":"xpath","value":"//header/div/div/div/div/div/div[2]/div/span"}
RESULT: {"using":"xpath","value":"//header/div/div/div/div/div/div[2]/div/span"}
COMMAND: GET /session/04234d49f989df1d8cc66cbbd9ee498b/element/f.9E73453283219C642BED86114F2A427E.d.5867BD02EC88430D44B419E925A162C7.e.2516/text - {}
RESULT: {}
COMMAND: POST /session/04234d49f989df1d8cc66cbbd9ee498b/element - {"using":"css selector","value":"#shell-header-logo"}
RESULT: {"using":"css selector","value":"#shell-header-logo"}
COMMAND: POST /session/04234d49f989df1d8cc66cbbd9ee498b/element/f.9E73453283219C642BED86114F2A427E.d.5867BD02EC88430D44B419E925A162C7.e.1858/click - {}
RESULT: {}
COMMAND: GET /session/04234d49f989df1d8cc66cbbd9ee498b/screenshot - {}
RESULT: {}
]]></system-out>
    </testcase>
    <testcase classname="chrome.135_0_7049_96.windows.Standard_contract_-_add_contract_items_by_Insert_Request_US118222" name="Should create 2 new resources and a catalog item" time="367.575">
      <system-out><![CDATA[
COMMAND: POST /session/04234d49f989df1d8cc66cbbd9ee498b/execute/async - {"script":"<script> [1562 bytes]","args":[{"selector":{"controlType":"sap.m.GenericTile","properties":{"header":"Manage Resources"}},"wdio_ui5_key":"sapm.GenericTile{\"header\":\"Manage Resources\"}"}]}
RESULT: {"script":"<script> [1562 bytes]","args":[{"selector":{"controlType":"sap.m.GenericTile","properties":{"header":"Manage Resources"}},"wdio_ui5_key":"sapm.GenericTile{\"header\":\"Manage Resources\"}"}]}
RESULT: undefined
COMMAND: POST /session/04234d49f989df1d8cc66cbbd9ee498b/element - {"using":"xpath","value":"//*[@id=\"__tile39\"]"}
RESULT: {"using":"xpath","value":"//*[@id=\"__tile39\"]"}
COMMAND: POST /session/04234d49f989df1d8cc66cbbd9ee498b/element/f.9E73453283219C642BED86114F2A427E.d.5867BD02EC88430D44B419E925A162C7.e.2518/click - {}
RESULT: {}
COMMAND: GET /session/04234d49f989df1d8cc66cbbd9ee498b/screenshot - {}
RESULT: {}
COMMAND: POST /session/04234d49f989df1d8cc66cbbd9ee498b/element - {"using":"xpath","value":"//button[@data-kt=\"addNewRUOverflowToolbarButton\"]"}
RESULT: {"using":"xpath","value":"//button[@data-kt=\"addNewRUOverflowToolbarButton\"]"}
COMMAND: POST /session/04234d49f989df1d8cc66cbbd9ee498b/element - {"using":"xpath","value":"//button[@data-kt=\"addNewRUOverflowToolbarButton\"]"}
RESULT: {"using":"xpath","value":"//button[@data-kt=\"addNewRUOverflowToolbarButton\"]"}
COMMAND: POST /session/04234d49f989df1d8cc66cbbd9ee498b/execute/sync - {"script":"<script> [8489 bytes]","args":[{"element-6066-11e4-a52e-4f735466cecf":"f.9E73453283219C642BED86114F2A427E.d.5867BD02EC88430D44B419E925A162C7.e.2559","ELEMENT":"f.9E73453283219C642BED86114F2A427E.d.5867BD02EC88430D44B419E925A162C7.e.2559"}]}
RESULT: {"script":"<script> [8489 bytes]","args":[{"element-6066-11e4-a52e-4f735466cecf":"f.9E73453283219C642BED86114F2A427E.d.5867BD02EC88430D44B419E925A162C7.e.2559","ELEMENT":"f.9E73453283219C642BED86114F2A427E.d.5867BD02EC88430D44B419E925A162C7.e.2559"}]}
COMMAND: POST /session/04234d49f989df1d8cc66cbbd9ee498b/element/f.9E73453283219C642BED86114F2A427E.d.5867BD02EC88430D44B419E925A162C7.e.2559/click - {}
COMMAND: GET /session/04234d49f989df1d8cc66cbbd9ee498b/screenshot - {}
RESULT: {}
COMMAND: POST /session/04234d49f989df1d8cc66cbbd9ee498b/execute/async - {"script":"<script> [1562 bytes]","args":[{"selector":{"id":"application-manageresources-display-component---newResourceUnit--TYPE-arrow"},"wdio_ui5_key":"applicationmanageresources-display-component---newResourceUnit--TYPE-arrow"}]}
COMMAND: GET /session/04234d49f989df1d8cc66cbbd9ee498b/screenshot - {}
RESULT: {}
RESULT: {"script":"<script> [1562 bytes]","args":[{"selector":{"id":"application-manageresources-display-component---newResourceUnit--TYPE-arrow"},"wdio_ui5_key":"applicationmanageresources-display-component---newResourceUnit--TYPE-arrow"}]}
RESULT: undefined
COMMAND: POST /session/04234d49f989df1d8cc66cbbd9ee498b/element - {"using":"xpath","value":"//*[@id=\"application-manageresources-display-component---newResourceUnit--TYPE-arrow\"]"}
RESULT: {}
RESULT: {"using":"xpath","value":"//*[@id=\"application-manageresources-display-component---newResourceUnit--TYPE-arrow\"]"}
COMMAND: POST /session/04234d49f989df1d8cc66cbbd9ee498b/element/f.9E73453283219C642BED86114F2A427E.d.5867BD02EC88430D44B419E925A162C7.e.2884/click - {}
RESULT: {}
COMMAND: POST /session/04234d49f989df1d8cc66cbbd9ee498b/execute/async - {"script":"<script> [1562 bytes]","args":[{"selector":{"controlType":"sap.m.StandardListItem","viewName":"reusables.view.manageresources.NewResourceUnit","viewId":"application-manageresources-display-component---newResourceUnit","properties":{"title":"Material"},"searchOpenDialogs":true,"interaction":{"idSuffix":"titleText"}},"wdio_ui5_key":"reusablesview.manageresources.NewResourceUnitsap.m.StandardListItem{\"title\":\"Material\"}"}]}
COMMAND: GET /session/04234d49f989df1d8cc66cbbd9ee498b/screenshot - {}
RESULT: {"script":"<script> [1562 bytes]","args":[{"selector":{"controlType":"sap.m.StandardListItem","viewName":"reusables.view.manageresources.NewResourceUnit","viewId":"application-manageresources-display-component---newResourceUnit","properties":{"title":"Material"},"searchOpenDialogs":true,"interaction":{"idSuffix":"titleText"}},"wdio_ui5_key":"reusablesview.manageresources.NewResourceUnitsap.m.StandardListItem{\"title\":\"Material\"}"}]}
RESULT: undefined
COMMAND: POST /session/04234d49f989df1d8cc66cbbd9ee498b/element - {"using":"xpath","value":"//*[@id=\"__item1126\"]"}
RESULT: {}
RESULT: {"using":"xpath","value":"//*[@id=\"__item1126\"]"}
COMMAND: POST /session/04234d49f989df1d8cc66cbbd9ee498b/element/f.9E73453283219C642BED86114F2A427E.d.5867BD02EC88430D44B419E925A162C7.e.2887/click - {}
RESULT: {}
COMMAND: POST /session/04234d49f989df1d8cc66cbbd9ee498b/execute/async - {"script":"<script> [1562 bytes]","args":[{"selector":{"id":"application-manageresources-display-component---newResourceUnit--SHORT_TEXT","interaction":{"idSuffix":"inner"}},"wdio_ui5_key":"applicationmanageresources-display-component---newResourceUnit--SHORT_TEXT"}]}
COMMAND: GET /session/04234d49f989df1d8cc66cbbd9ee498b/screenshot - {}
RESULT: {"script":"<script> [1562 bytes]","args":[{"selector":{"id":"application-manageresources-display-component---newResourceUnit--SHORT_TEXT","interaction":{"idSuffix":"inner"}},"wdio_ui5_key":"applicationmanageresources-display-component---newResourceUnit--SHORT_TEXT"}]}
RESULT: undefined
COMMAND: POST /session/04234d49f989df1d8cc66cbbd9ee498b/execute/async - {"script":"<script> [776 bytes]","args":[{"enterText":"WebdriverRUR2Cl01kf","selector":{"id":"application-manageresources-display-component---newResourceUnit--SHORT_TEXT","interaction":{"idSuffix":"inner"}},"clearTextFirst":true,"interactionType":"ENTER_TEXT"}]}
RESULT: {}
RESULT: {"script":"<script> [776 bytes]","args":[{"enterText":"WebdriverRUR2Cl01kf","selector":{"id":"application-manageresources-display-component---newResourceUnit--SHORT_TEXT","interaction":{"idSuffix":"inner"}},"clearTextFirst":true,"interactionType":"ENTER_TEXT"}]}
COMMAND: POST /session/04234d49f989df1d8cc66cbbd9ee498b/execute/async - {"script":"<script> [1562 bytes]","args":[{"selector":{"id":"application-manageresources-display-component---newResourceUnit--BASE_UNIT_OF_MEASURE-arrow"},"wdio_ui5_key":"applicationmanageresources-display-component---newResourceUnit--BASE_UNIT_OF_MEASURE-arrow"}]}
RESULT: {"script":"<script> [1562 bytes]","args":[{"selector":{"id":"application-manageresources-display-component---newResourceUnit--BASE_UNIT_OF_MEASURE-arrow"},"wdio_ui5_key":"applicationmanageresources-display-component---newResourceUnit--BASE_UNIT_OF_MEASURE-arrow"}]}
RESULT: undefined
COMMAND: POST /session/04234d49f989df1d8cc66cbbd9ee498b/element - {"using":"xpath","value":"//*[@id=\"application-manageresources-display-component---newResourceUnit--BASE_UNIT_OF_MEASURE-arrow\"]"}
RESULT: {"using":"xpath","value":"//*[@id=\"application-manageresources-display-component---newResourceUnit--BASE_UNIT_OF_MEASURE-arrow\"]"}
COMMAND: POST /session/04234d49f989df1d8cc66cbbd9ee498b/element/f.9E73453283219C642BED86114F2A427E.d.5867BD02EC88430D44B419E925A162C7.e.2943/click - {}
RESULT: {}
COMMAND: POST /session/04234d49f989df1d8cc66cbbd9ee498b/execute/async - {"script":"<script> [1562 bytes]","args":[{"selector":{"controlType":"sap.m.StandardListItem","viewName":"reusables.view.manageresources.NewResourceUnit","viewId":"application-manageresources-display-component---newResourceUnit","properties":{"title":"Piece"},"searchOpenDialogs":true,"interaction":{"idSuffix":"titleText"}},"wdio_ui5_key":"reusablesview.manageresources.NewResourceUnitsap.m.StandardListItem{\"title\":\"Piece\"}"}]}
COMMAND: GET /session/04234d49f989df1d8cc66cbbd9ee498b/screenshot - {}
RESULT: {"script":"<script> [1562 bytes]","args":[{"selector":{"controlType":"sap.m.StandardListItem","viewName":"reusables.view.manageresources.NewResourceUnit","viewId":"application-manageresources-display-component---newResourceUnit","properties":{"title":"Piece"},"searchOpenDialogs":true,"interaction":{"idSuffix":"titleText"}},"wdio_ui5_key":"reusablesview.manageresources.NewResourceUnitsap.m.StandardListItem{\"title\":\"Piece\"}"}]}
RESULT: undefined
COMMAND: POST /session/04234d49f989df1d8cc66cbbd9ee498b/element - {"using":"xpath","value":"//*[@id=\"__item1170\"]"}
RESULT: {}
RESULT: {"using":"xpath","value":"//*[@id=\"__item1170\"]"}
COMMAND: POST /session/04234d49f989df1d8cc66cbbd9ee498b/element/f.9E73453283219C642BED86114F2A427E.d.5867BD02EC88430D44B419E925A162C7.e.2945/click - {}
RESULT: {}
COMMAND: POST /session/04234d49f989df1d8cc66cbbd9ee498b/element - {"using":"xpath","value":"//input[contains(@id ,\"application-manageresources-display-component---newResourceUnit--SHORT_TEXT-inner\")]"}
COMMAND: GET /session/04234d49f989df1d8cc66cbbd9ee498b/screenshot - {}
RESULT: {"using":"xpath","value":"//input[contains(@id ,\"application-manageresources-display-component---newResourceUnit--SHORT_TEXT-inner\")]"}
COMMAND: GET /session/04234d49f989df1d8cc66cbbd9ee498b/element/f.9E73453283219C642BED86114F2A427E.d.5867BD02EC88430D44B419E925A162C7.e.2904/property/value - {}
RESULT: {}
RESULT: {}
COMMAND: POST /session/04234d49f989df1d8cc66cbbd9ee498b/execute/async - {"script":"<script> [1562 bytes]","args":[{"selector":{"id":"application-manageresources-display-component---newResourceUnit--WEIGHT_UNIT-arrow"},"wdio_ui5_key":"applicationmanageresources-display-component---newResourceUnit--WEIGHT_UNIT-arrow"}]}
COMMAND: GET /session/04234d49f989df1d8cc66cbbd9ee498b/screenshot - {}
RESULT: {"script":"<script> [1562 bytes]","args":[{"selector":{"id":"application-manageresources-display-component---newResourceUnit--WEIGHT_UNIT-arrow"},"wdio_ui5_key":"applicationmanageresources-display-component---newResourceUnit--WEIGHT_UNIT-arrow"}]}
RESULT: undefined
COMMAND: POST /session/04234d49f989df1d8cc66cbbd9ee498b/element - {"using":"xpath","value":"//*[@id=\"application-manageresources-display-component---newResourceUnit--WEIGHT_UNIT-arrow\"]"}
RESULT: {}
RESULT: {"using":"xpath","value":"//*[@id=\"application-manageresources-display-component---newResourceUnit--WEIGHT_UNIT-arrow\"]"}
COMMAND: POST /session/04234d49f989df1d8cc66cbbd9ee498b/element/f.9E73453283219C642BED86114F2A427E.d.5867BD02EC88430D44B419E925A162C7.e.2946/click - {}
RESULT: {}
COMMAND: POST /session/04234d49f989df1d8cc66cbbd9ee498b/execute/async - {"script":"<script> [1562 bytes]","args":[{"selector":{"controlType":"sap.m.StandardListItem","viewName":"reusables.view.manageresources.NewResourceUnit","viewId":"application-manageresources-display-component---newResourceUnit","properties":{"title":"Gram"},"searchOpenDialogs":true,"interaction":{"idSuffix":"content"}},"wdio_ui5_key":"reusablesview.manageresources.NewResourceUnitsap.m.StandardListItem{\"title\":\"Gram\"}"}]}
COMMAND: GET /session/04234d49f989df1d8cc66cbbd9ee498b/screenshot - {}
RESULT: {"script":"<script> [1562 bytes]","args":[{"selector":{"controlType":"sap.m.StandardListItem","viewName":"reusables.view.manageresources.NewResourceUnit","viewId":"application-manageresources-display-component---newResourceUnit","properties":{"title":"Gram"},"searchOpenDialogs":true,"interaction":{"idSuffix":"content"}},"wdio_ui5_key":"reusablesview.manageresources.NewResourceUnitsap.m.StandardListItem{\"title\":\"Gram\"}"}]}
RESULT: undefined
COMMAND: POST /session/04234d49f989df1d8cc66cbbd9ee498b/element - {"using":"xpath","value":"//*[@id=\"__item1235\"]"}
RESULT: {}
RESULT: {"using":"xpath","value":"//*[@id=\"__item1235\"]"}
COMMAND: POST /session/04234d49f989df1d8cc66cbbd9ee498b/element/f.9E73453283219C642BED86114F2A427E.d.5867BD02EC88430D44B419E925A162C7.e.2948/click - {}
RESULT: {}
COMMAND: POST /session/04234d49f989df1d8cc66cbbd9ee498b/execute/async - {"script":"<script> [1562 bytes]","args":[{"selector":{"id":"application-manageresources-display-component---newResourceUnit--newRRUPage-OPHeaderContent-collapseBtn-img"},"wdio_ui5_key":"applicationmanageresources-display-component---newResourceUnit--newRRUPage-OPHeaderContent-collapseBtn-img"}]}
COMMAND: GET /session/04234d49f989df1d8cc66cbbd9ee498b/screenshot - {}
RESULT: {"script":"<script> [1562 bytes]","args":[{"selector":{"id":"application-manageresources-display-component---newResourceUnit--newRRUPage-OPHeaderContent-collapseBtn-img"},"wdio_ui5_key":"applicationmanageresources-display-component---newResourceUnit--newRRUPage-OPHeaderContent-collapseBtn-img"}]}
RESULT: undefined
COMMAND: POST /session/04234d49f989df1d8cc66cbbd9ee498b/element - {"using":"xpath","value":"//*[@id=\"application-manageresources-display-component---newResourceUnit--newRRUPage-OPHeaderContent-collapseBtn-img\"]"}
RESULT: {}
RESULT: {"using":"xpath","value":"//*[@id=\"application-manageresources-display-component---newResourceUnit--newRRUPage-OPHeaderContent-collapseBtn-img\"]"}
COMMAND: POST /session/04234d49f989df1d8cc66cbbd9ee498b/element/f.9E73453283219C642BED86114F2A427E.d.5867BD02EC88430D44B419E925A162C7.e.2894/click - {}
RESULT: {}
COMMAND: GET /session/04234d49f989df1d8cc66cbbd9ee498b/screenshot - {}
RESULT: {}
COMMAND: POST /session/04234d49f989df1d8cc66cbbd9ee498b/element - {"using":"xpath","value":"(//span[contains(@id ,\"application-manageresources-display-component---newResourceUnit--DIMENSION_UNIT-arrow\")])[1]"}
RESULT: {"using":"xpath","value":"(//span[contains(@id ,\"application-manageresources-display-component---newResourceUnit--DIMENSION_UNIT-arrow\")])[1]"}
COMMAND: POST /session/04234d49f989df1d8cc66cbbd9ee498b/element/f.9E73453283219C642BED86114F2A427E.d.5867BD02EC88430D44B419E925A162C7.e.2954/click - {}
RESULT: {}
COMMAND: GET /session/04234d49f989df1d8cc66cbbd9ee498b/screenshot - {}
RESULT: {}
COMMAND: POST /session/04234d49f989df1d8cc66cbbd9ee498b/execute/async - {"script":"<script> [1562 bytes]","args":[{"selector":{"controlType":"sap.m.StandardListItem","viewName":"reusables.view.manageresources.NewResourceUnit","viewId":"application-manageresources-display-component---newResourceUnit","properties":{"title":"Centimeter"},"searchOpenDialogs":true,"interaction":{"idSuffix":"titleText"}},"wdio_ui5_key":"reusablesview.manageresources.NewResourceUnitsap.m.StandardListItem{\"title\":\"Centimeter\"}"}]}
RESULT: {"script":"<script> [1562 bytes]","args":[{"selector":{"controlType":"sap.m.StandardListItem","viewName":"reusables.view.manageresources.NewResourceUnit","viewId":"application-manageresources-display-component---newResourceUnit","properties":{"title":"Centimeter"},"searchOpenDialogs":true,"interaction":{"idSuffix":"titleText"}},"wdio_ui5_key":"reusablesview.manageresources.NewResourceUnitsap.m.StandardListItem{\"title\":\"Centimeter\"}"}]}
RESULT: undefined
COMMAND: POST /session/04234d49f989df1d8cc66cbbd9ee498b/element - {"using":"xpath","value":"//*[@id=\"__item1238\"]"}
RESULT: {"using":"xpath","value":"//*[@id=\"__item1238\"]"}
COMMAND: POST /session/04234d49f989df1d8cc66cbbd9ee498b/element/f.9E73453283219C642BED86114F2A427E.d.5867BD02EC88430D44B419E925A162C7.e.2956/click - {}
RESULT: {}
COMMAND: POST /session/04234d49f989df1d8cc66cbbd9ee498b/execute/async - {"script":"<script> [1562 bytes]","args":[{"selector":{"id":"application-manageresources-display-component---newResourceUnit--newRRUPage-anchBar-application-manageresources-display-component---newResourceUnit--reference-anchor","interaction":{"idSuffix":"BDI-content"}},"wdio_ui5_key":"applicationmanageresources-display-component---newResourceUnit--newRRUPage-anchBar-application-manageresources-display-component---newResourceUnit--reference-anchor"}]}
COMMAND: GET /session/04234d49f989df1d8cc66cbbd9ee498b/screenshot - {}
RESULT: {"script":"<script> [1562 bytes]","args":[{"selector":{"id":"application-manageresources-display-component---newResourceUnit--newRRUPage-anchBar-application-manageresources-display-component---newResourceUnit--reference-anchor","interaction":{"idSuffix":"BDI-content"}},"wdio_ui5_key":"applicationmanageresources-display-component---newResourceUnit--newRRUPage-anchBar-application-manageresources-display-component---newResourceUnit--reference-anchor"}]}
RESULT: undefined
COMMAND: POST /session/04234d49f989df1d8cc66cbbd9ee498b/element - {"using":"xpath","value":"//*[@id=\"application-manageresources-display-component---newResourceUnit--newRRUPage-anchBar-application-manageresources-display-component---newResourceUnit--reference-anchor\"]"}
RESULT: {}
RESULT: {"using":"xpath","value":"//*[@id=\"application-manageresources-display-component---newResourceUnit--newRRUPage-anchBar-application-manageresources-display-component---newResourceUnit--reference-anchor\"]"}
COMMAND: POST /session/04234d49f989df1d8cc66cbbd9ee498b/element/f.9E73453283219C642BED86114F2A427E.d.5867BD02EC88430D44B419E925A162C7.e.2958/click - {}
RESULT: {}
COMMAND: POST /session/04234d49f989df1d8cc66cbbd9ee498b/execute/async - {"script":"<script> [1562 bytes]","args":[{"selector":{"id":"application-manageresources-display-component---newResourceUnit--PLANNING_GROUP-arrow"},"wdio_ui5_key":"applicationmanageresources-display-component---newResourceUnit--PLANNING_GROUP-arrow"}]}
COMMAND: GET /session/04234d49f989df1d8cc66cbbd9ee498b/screenshot - {}
RESULT: {"script":"<script> [1562 bytes]","args":[{"selector":{"id":"application-manageresources-display-component---newResourceUnit--PLANNING_GROUP-arrow"},"wdio_ui5_key":"applicationmanageresources-display-component---newResourceUnit--PLANNING_GROUP-arrow"}]}
RESULT: undefined
COMMAND: POST /session/04234d49f989df1d8cc66cbbd9ee498b/element - {"using":"xpath","value":"//*[@id=\"application-manageresources-display-component---newResourceUnit--PLANNING_GROUP-arrow\"]"}
RESULT: {}
RESULT: {"using":"xpath","value":"//*[@id=\"application-manageresources-display-component---newResourceUnit--PLANNING_GROUP-arrow\"]"}
COMMAND: POST /session/04234d49f989df1d8cc66cbbd9ee498b/element/f.9E73453283219C642BED86114F2A427E.d.5867BD02EC88430D44B419E925A162C7.e.2962/click - {}
RESULT: {}
COMMAND: POST /session/04234d49f989df1d8cc66cbbd9ee498b/execute/async - {"script":"<script> [1562 bytes]","args":[{"selector":{"controlType":"sap.m.StandardListItem","viewName":"reusables.view.manageresources.NewResourceUnit","viewId":"application-manageresources-display-component---newResourceUnit","properties":{"title":"Heavy Equi"},"searchOpenDialogs":true,"interaction":{"idSuffix":"content"}},"wdio_ui5_key":"reusablesview.manageresources.NewResourceUnitsap.m.StandardListItem{\"title\":\"Heavy Equi\"}"}]}
COMMAND: GET /session/04234d49f989df1d8cc66cbbd9ee498b/screenshot - {}
RESULT: {"script":"<script> [1562 bytes]","args":[{"selector":{"controlType":"sap.m.StandardListItem","viewName":"reusables.view.manageresources.NewResourceUnit","viewId":"application-manageresources-display-component---newResourceUnit","properties":{"title":"Heavy Equi"},"searchOpenDialogs":true,"interaction":{"idSuffix":"content"}},"wdio_ui5_key":"reusablesview.manageresources.NewResourceUnitsap.m.StandardListItem{\"title\":\"Heavy Equi\"}"}]}
RESULT: undefined
COMMAND: POST /session/04234d49f989df1d8cc66cbbd9ee498b/element - {"using":"xpath","value":"//*[@id=\"__item1246\"]"}
RESULT: {}
RESULT: {"using":"xpath","value":"//*[@id=\"__item1246\"]"}
COMMAND: POST /session/04234d49f989df1d8cc66cbbd9ee498b/element/f.9E73453283219C642BED86114F2A427E.d.5867BD02EC88430D44B419E925A162C7.e.2964/click - {}
RESULT: {}
COMMAND: GET /session/04234d49f989df1d8cc66cbbd9ee498b/screenshot - {}
RESULT: {}
COMMAND: POST /session/04234d49f989df1d8cc66cbbd9ee498b/execute/async - {"script":"<script> [1562 bytes]","args":[{"selector":{"id":"application-manageresources-display-component---newResourceUnit--PLANNING_INDICATOR-arrow"},"wdio_ui5_key":"applicationmanageresources-display-component---newResourceUnit--PLANNING_INDICATOR-arrow"}]}
RESULT: {"script":"<script> [1562 bytes]","args":[{"selector":{"id":"application-manageresources-display-component---newResourceUnit--PLANNING_INDICATOR-arrow"},"wdio_ui5_key":"applicationmanageresources-display-component---newResourceUnit--PLANNING_INDICATOR-arrow"}]}
RESULT: undefined
COMMAND: POST /session/04234d49f989df1d8cc66cbbd9ee498b/element - {"using":"xpath","value":"//*[@id=\"application-manageresources-display-component---newResourceUnit--PLANNING_INDICATOR-arrow\"]"}
RESULT: {"using":"xpath","value":"//*[@id=\"application-manageresources-display-component---newResourceUnit--PLANNING_INDICATOR-arrow\"]"}
COMMAND: POST /session/04234d49f989df1d8cc66cbbd9ee498b/element/f.9E73453283219C642BED86114F2A427E.d.5867BD02EC88430D44B419E925A162C7.e.2965/click - {}
RESULT: {}
COMMAND: POST /session/04234d49f989df1d8cc66cbbd9ee498b/execute/async - {"script":"<script> [1562 bytes]","args":[{"selector":{"controlType":"sap.m.StandardListItem","viewName":"reusables.view.manageresources.NewResourceUnit","viewId":"application-manageresources-display-component---newResourceUnit","properties":{"title":"10 - infinite"},"searchOpenDialogs":true,"interaction":{"idSuffix":"content"}},"wdio_ui5_key":"reusablesview.manageresources.NewResourceUnitsap.m.StandardListItem{\"title\":\"10 - infinite\"}"}]}
COMMAND: GET /session/04234d49f989df1d8cc66cbbd9ee498b/screenshot - {}
RESULT: {"script":"<script> [1562 bytes]","args":[{"selector":{"controlType":"sap.m.StandardListItem","viewName":"reusables.view.manageresources.NewResourceUnit","viewId":"application-manageresources-display-component---newResourceUnit","properties":{"title":"10 - infinite"},"searchOpenDialogs":true,"interaction":{"idSuffix":"content"}},"wdio_ui5_key":"reusablesview.manageresources.NewResourceUnitsap.m.StandardListItem{\"title\":\"10 - infinite\"}"}]}
RESULT: undefined
COMMAND: POST /session/04234d49f989df1d8cc66cbbd9ee498b/element - {"using":"xpath","value":"//*[@id=\"__item1256\"]"}
RESULT: {}
RESULT: {"using":"xpath","value":"//*[@id=\"__item1256\"]"}
COMMAND: POST /session/04234d49f989df1d8cc66cbbd9ee498b/element/f.9E73453283219C642BED86114F2A427E.d.5867BD02EC88430D44B419E925A162C7.e.2967/click - {}
RESULT: {}
COMMAND: GET /session/04234d49f989df1d8cc66cbbd9ee498b/screenshot - {}
RESULT: {}
COMMAND: POST /session/04234d49f989df1d8cc66cbbd9ee498b/element - {"using":"xpath","value":"//bdi[contains(text(), \"Time Segment\")]"}
RESULT: {"using":"xpath","value":"//bdi[contains(text(), \"Time Segment\")]"}
COMMAND: GET /session/04234d49f989df1d8cc66cbbd9ee498b/element/f.9E73453283219C642BED86114F2A427E.d.5867BD02EC88430D44B419E925A162C7.e.2968/rect - {}
RESULT: {}
COMMAND: GET /session/04234d49f989df1d8cc66cbbd9ee498b/window/rect - {}
RESULT: {}
COMMAND: POST /session/04234d49f989df1d8cc66cbbd9ee498b/execute/sync - {"script":"<script> [92 bytes]","args":[]}
RESULT: {"script":"<script> [92 bytes]","args":[]}
COMMAND: POST /session/04234d49f989df1d8cc66cbbd9ee498b/actions - {"actions":[{"id":"action5","type":"wheel","parameters":{},"actions":[{"type":"scroll","x":-1820,"y":-21,"deltaX":0,"deltaY":0,"duration":0,"origin":{"element-6066-11e4-a52e-4f735466cecf":"f.9E73453283219C642BED86114F2A427E.d.5867BD02EC88430D44B419E925A162C7.e.2968"}}]}]}
COMMAND: GET /session/04234d49f989df1d8cc66cbbd9ee498b/screenshot - {}
RESULT: {}
COMMAND: POST /session/04234d49f989df1d8cc66cbbd9ee498b/execute/sync - {"script":"<script> [79 bytes]","args":[{"element-6066-11e4-a52e-4f735466cecf":"f.9E73453283219C642BED86114F2A427E.d.5867BD02EC88430D44B419E925A162C7.e.2968","ELEMENT":"f.9E73453283219C642BED86114F2A427E.d.5867BD02EC88430D44B419E925A162C7.e.2968"},{"block":"start","inline":"nearest"}]}
RESULT: {"script":"<script> [79 bytes]","args":[{"element-6066-11e4-a52e-4f735466cecf":"f.9E73453283219C642BED86114F2A427E.d.5867BD02EC88430D44B419E925A162C7.e.2968","ELEMENT":"f.9E73453283219C642BED86114F2A427E.d.5867BD02EC88430D44B419E925A162C7.e.2968"},{"block":"start","inline":"nearest"}]}
COMMAND: GET /session/04234d49f989df1d8cc66cbbd9ee498b/screenshot - {}
RESULT: {}
COMMAND: POST /session/04234d49f989df1d8cc66cbbd9ee498b/element - {"using":"xpath","value":"//span[@id=\"application-manageresources-display-component---newResourceUnit--btnAddTimeSegment-img\"]"}
RESULT: {"using":"xpath","value":"//span[@id=\"application-manageresources-display-component---newResourceUnit--btnAddTimeSegment-img\"]"}
COMMAND: POST /session/04234d49f989df1d8cc66cbbd9ee498b/execute/sync - {"script":"<script> [8489 bytes]","args":[{"element-6066-11e4-a52e-4f735466cecf":"f.9E73453283219C642BED86114F2A427E.d.5867BD02EC88430D44B419E925A162C7.e.2971","ELEMENT":"f.9E73453283219C642BED86114F2A427E.d.5867BD02EC88430D44B419E925A162C7.e.2971"}]}
RESULT: {"script":"<script> [8489 bytes]","args":[{"element-6066-11e4-a52e-4f735466cecf":"f.9E73453283219C642BED86114F2A427E.d.5867BD02EC88430D44B419E925A162C7.e.2971","ELEMENT":"f.9E73453283219C642BED86114F2A427E.d.5867BD02EC88430D44B419E925A162C7.e.2971"}]}
COMMAND: POST /session/04234d49f989df1d8cc66cbbd9ee498b/element/f.9E73453283219C642BED86114F2A427E.d.5867BD02EC88430D44B419E925A162C7.e.2971/click - {}
COMMAND: GET /session/04234d49f989df1d8cc66cbbd9ee498b/screenshot - {}
RESULT: {}
COMMAND: GET /session/04234d49f989df1d8cc66cbbd9ee498b/screenshot - {}
COMMAND: POST /session/04234d49f989df1d8cc66cbbd9ee498b/element - {"using":"xpath","value":"//input[@id=\"application-manageresources-display-component---newResourceUnit--idRuTSAdmin-application-manageresources-display-component---newResourceUnit--RUTimeSegment-0-inner\"]"}
RESULT: {}
RESULT: {}
RESULT: {"using":"xpath","value":"//input[@id=\"application-manageresources-display-component---newResourceUnit--idRuTSAdmin-application-manageresources-display-component---newResourceUnit--RUTimeSegment-0-inner\"]"}
COMMAND: POST /session/04234d49f989df1d8cc66cbbd9ee498b/element/f.9E73453283219C642BED86114F2A427E.d.5867BD02EC88430D44B419E925A162C7.e.2974/clear - {}
RESULT: {}
COMMAND: POST /session/04234d49f989df1d8cc66cbbd9ee498b/element/f.9E73453283219C642BED86114F2A427E.d.5867BD02EC88430D44B419E925A162C7.e.2974/value - {"text":"WebdriverYardcihmr"}
COMMAND: GET /session/04234d49f989df1d8cc66cbbd9ee498b/screenshot - {}
RESULT: {"text":"WebdriverYardcihmr"}
COMMAND: GET /session/04234d49f989df1d8cc66cbbd9ee498b/screenshot - {}
RESULT: {}
RESULT: {}
COMMAND: POST /session/04234d49f989df1d8cc66cbbd9ee498b/actions - {"actions":[{"id":"action6","type":"key","parameters":{},"actions":[{"type":"keyDown","value":"î€‡"},{"type":"pause","duration":10},{"type":"keyUp","value":"î€‡"}]}]}
RESULT: {"actions":[{"id":"action6","type":"key","parameters":{},"actions":[{"type":"keyDown","value":"î€‡"},{"type":"pause","duration":10},{"type":"keyUp","value":"î€‡"}]}]}
COMMAND: GET /session/04234d49f989df1d8cc66cbbd9ee498b/screenshot - {}
RESULT: {}
COMMAND: POST /session/04234d49f989df1d8cc66cbbd9ee498b/execute/async - {"script":"<script> [1562 bytes]","args":[{"selector":{"controlType":"sap.m.Button","viewName":"reusables.view.manageresources.NewResourceUnit","viewId":"application-manageresources-display-component---newResourceUnit","i18NText":{"propertyName":"tooltip","key":"save"},"interaction":{"idSuffix":"BDI-content"}},"wdio_ui5_key":"reusablesview.manageresources.NewResourceUnitsap.m.Button{\"propertyName\":\"tooltip\",\"key\":\"save\"}"}]}
RESULT: {"script":"<script> [1562 bytes]","args":[{"selector":{"controlType":"sap.m.Button","viewName":"reusables.view.manageresources.NewResourceUnit","viewId":"application-manageresources-display-component---newResourceUnit","i18NText":{"propertyName":"tooltip","key":"save"},"interaction":{"idSuffix":"BDI-content"}},"wdio_ui5_key":"reusablesview.manageresources.NewResourceUnitsap.m.Button{\"propertyName\":\"tooltip\",\"key\":\"save\"}"}]}
RESULT: undefined
COMMAND: POST /session/04234d49f989df1d8cc66cbbd9ee498b/element - {"using":"xpath","value":"//*[@id=\"application-manageresources-display-component---newResourceUnit--createRuButton\"]"}
RESULT: {"using":"xpath","value":"//*[@id=\"application-manageresources-display-component---newResourceUnit--createRuButton\"]"}
COMMAND: POST /session/04234d49f989df1d8cc66cbbd9ee498b/element/f.9E73453283219C642BED86114F2A427E.d.5867BD02EC88430D44B419E925A162C7.e.2900/click - {}
RESULT: {}
COMMAND: GET /session/04234d49f989df1d8cc66cbbd9ee498b/screenshot - {}
RESULT: {}
COMMAND: POST /session/04234d49f989df1d8cc66cbbd9ee498b/execute/async - {"script":"<script> [1562 bytes]","args":[{"selector":{"controlType":"sap.m.Title","properties":{"text":"Success"},"searchOpenDialogs":true},"wdio_ui5_key":"sapm.Title{\"text\":\"Success\"}"}]}
RESULT: {"script":"<script> [1562 bytes]","args":[{"selector":{"controlType":"sap.m.Title","properties":{"text":"Success"},"searchOpenDialogs":true},"wdio_ui5_key":"sapm.Title{\"text\":\"Success\"}"}]}
RESULT: undefined
COMMAND: POST /session/04234d49f989df1d8cc66cbbd9ee498b/execute/async - {"script":"<script> [6424 bytes]","args":[{"element-6066-11e4-a52e-4f735466cecf":"f.9E73453283219C642BED86114F2A427E.d.5867BD02EC88430D44B419E925A162C7.e.2987"},"getText",[]]}
RESULT: {"script":"<script> [6424 bytes]","args":[{"element-6066-11e4-a52e-4f735466cecf":"f.9E73453283219C642BED86114F2A427E.d.5867BD02EC88430D44B419E925A162C7.e.2987"},"getText",[]]}
COMMAND: POST /session/04234d49f989df1d8cc66cbbd9ee498b/element - {"using":"xpath","value":"//*[contains(@id, '__text') and (contains(text(), 'successfully created') or contains(., 'successfully created'))]"}
RESULT: {"using":"xpath","value":"//*[contains(@id, '__text') and (contains(text(), 'successfully created') or contains(., 'successfully created'))]"}
COMMAND: GET /session/04234d49f989df1d8cc66cbbd9ee498b/element/f.9E73453283219C642BED86114F2A427E.d.5867BD02EC88430D44B419E925A162C7.e.2985/text - {}
RESULT: {}
COMMAND: POST /session/04234d49f989df1d8cc66cbbd9ee498b/execute/async - {"script":"<script> [1562 bytes]","args":[{"selector":{"controlType":"sap.m.Button","properties":{"text":"Close"},"searchOpenDialogs":true,"interaction":{"idSuffix":"BDI-content"}},"wdio_ui5_key":"sapm.Button{\"text\":\"Close\"}"}]}
RESULT: {"script":"<script> [1562 bytes]","args":[{"selector":{"controlType":"sap.m.Button","properties":{"text":"Close"},"searchOpenDialogs":true,"interaction":{"idSuffix":"BDI-content"}},"wdio_ui5_key":"sapm.Button{\"text\":\"Close\"}"}]}
RESULT: undefined
COMMAND: POST /session/04234d49f989df1d8cc66cbbd9ee498b/element - {"using":"xpath","value":"//*[@id=\"__mbox-btn-0\"]"}
RESULT: {"using":"xpath","value":"//*[@id=\"__mbox-btn-0\"]"}
COMMAND: POST /session/04234d49f989df1d8cc66cbbd9ee498b/element/f.9E73453283219C642BED86114F2A427E.d.5867BD02EC88430D44B419E925A162C7.e.2984/click - {}
RESULT: {}
COMMAND: GET /session/04234d49f989df1d8cc66cbbd9ee498b/screenshot - {}
RESULT: {}
COMMAND: POST /session/04234d49f989df1d8cc66cbbd9ee498b/execute/async - {"script":"<script> [1562 bytes]","args":[{"selector":{"controlType":"sap.ui.core.Icon","viewName":"etm.portal.ui.manageresources.view.Detail","viewId":"application-manageresources-display-component---detailRU","properties":{"src":{"regex":{"source":"overflow"}}}},"wdio_ui5_key":"etmportal.ui.manageresources.view.Detailsap.ui.core.Icon{\"src\":{\"regex\":{\"source\":\"overflow\"}}}"}]}
RESULT: {"script":"<script> [1562 bytes]","args":[{"selector":{"controlType":"sap.ui.core.Icon","viewName":"etm.portal.ui.manageresources.view.Detail","viewId":"application-manageresources-display-component---detailRU","properties":{"src":{"regex":{"source":"overflow"}}}},"wdio_ui5_key":"etmportal.ui.manageresources.view.Detailsap.ui.core.Icon{\"src\":{\"regex\":{\"source\":\"overflow\"}}}"}]}
RESULT: undefined
COMMAND: POST /session/04234d49f989df1d8cc66cbbd9ee498b/element - {"using":"xpath","value":"//*[@id=\"__title36-_actionsToolbar-overflowButton-img\"]"}
RESULT: {"using":"xpath","value":"//*[@id=\"__title36-_actionsToolbar-overflowButton-img\"]"}
COMMAND: POST /session/04234d49f989df1d8cc66cbbd9ee498b/element/f.9E73453283219C642BED86114F2A427E.d.5867BD02EC88430D44B419E925A162C7.e.3014/click - {}
RESULT: {}
COMMAND: POST /session/04234d49f989df1d8cc66cbbd9ee498b/execute/async - {"script":"<script> [1562 bytes]","args":[{"selector":{"controlType":"sap.m.Button","viewName":"etm.portal.ui.manageresources.view.Detail","viewId":"application-manageresources-display-component---detailRU","i18NText":{"propertyName":"tooltip","key":"closeColumn"},"searchOpenDialogs":true,"interaction":{"idSuffix":"inner"}},"wdio_ui5_key":"etmportal.ui.manageresources.view.Detailsap.m.Button{\"propertyName\":\"tooltip\",\"key\":\"closeColumn\"}"}]}
COMMAND: GET /session/04234d49f989df1d8cc66cbbd9ee498b/screenshot - {}
RESULT: {"script":"<script> [1562 bytes]","args":[{"selector":{"controlType":"sap.m.Button","viewName":"etm.portal.ui.manageresources.view.Detail","viewId":"application-manageresources-display-component---detailRU","i18NText":{"propertyName":"tooltip","key":"closeColumn"},"searchOpenDialogs":true,"interaction":{"idSuffix":"inner"}},"wdio_ui5_key":"etmportal.ui.manageresources.view.Detailsap.m.Button{\"propertyName\":\"tooltip\",\"key\":\"closeColumn\"}"}]}
RESULT: undefined
COMMAND: POST /session/04234d49f989df1d8cc66cbbd9ee498b/element - {"using":"xpath","value":"//*[@id=\"__button147\"]"}
RESULT: {}
RESULT: {"using":"xpath","value":"//*[@id=\"__button147\"]"}
COMMAND: POST /session/04234d49f989df1d8cc66cbbd9ee498b/element/f.9E73453283219C642BED86114F2A427E.d.5867BD02EC88430D44B419E925A162C7.e.3016/click - {}
RESULT: {}
COMMAND: GET /session/04234d49f989df1d8cc66cbbd9ee498b/screenshot - {}
RESULT: {}
COMMAND: POST /session/04234d49f989df1d8cc66cbbd9ee498b/refresh - {}
RESULT: {}
COMMAND: GET /session/04234d49f989df1d8cc66cbbd9ee498b/screenshot - {}
RESULT: {}
COMMAND: POST /session/04234d49f989df1d8cc66cbbd9ee498b/execute/async - {"script":"<script> [189 bytes]","args":[]}
RESULT: {"script":"<script> [189 bytes]","args":[]}
COMMAND: POST /session/04234d49f989df1d8cc66cbbd9ee498b/execute/async - {"script":"<script> [123 bytes]","args":[]}
RESULT: {"script":"<script> [123 bytes]","args":[]}
COMMAND: POST /session/04234d49f989df1d8cc66cbbd9ee498b/timeouts - {"script":"<number>"}
RESULT: {"script":"<number>"}
COMMAND: GET /session/04234d49f989df1d8cc66cbbd9ee498b/timeouts - {}
RESULT: {}
RESULT: undefined
COMMAND: POST /session/04234d49f989df1d8cc66cbbd9ee498b/execute/async - {"script":"<script> [2676 bytes]","args":[]}
RESULT: {"script":"<script> [2676 bytes]","args":[]}
COMMAND: POST /session/04234d49f989df1d8cc66cbbd9ee498b/execute/async - {"script":"<script> [2342 bytes]","args":[{"protocol":"http","hostname":"0.0.0.0","path":"/","capabilities":{"browserName":"chrome","goog:chromeOptions":{"binary":"C:\\Program Files\\Google\\Chrome\\Application\\chrome.exe","args":["--start-maximized"]}},"logLevel":"warn","connectionRetryTimeout":120000,"connectionRetryCount":3,"logLevels":{},"enableDirectConnect":true,"strictSSL":true,"_":"65 more keys: [\"cacheDir\",\"port\",\"requestedCapabilities\",\"automationProtocol\",\"baseUrl\",\"waitforInterval\",\"waitforTimeout\",\"onReload\",\"beforeCommand\",\"afterCommand\",\"rootDir\",\"specs\",\"suites\",\"exclude\",\"groupLogsByTestSpec\",\"excludeDriverLogs\",\"bail\",\"framework\",\"reporters\",\"services\",\"maxInstances\",\"maxInstancesPerCapability\",\"injectGlobals\",\"filesToWatch\",\"execArgv\",\"runnerEnv\",\"runner\",\"shard\",\"specFileRetries\",\"specFileRetriesDelay\",\"specFileRetriesDeferred\",\"reporterSyncInterval\",\"reporterSyncTimeout\",\"cucumberFeaturesWithLineNumbers\",\"autoCompileOpts\",\"mochaOpts\",\"jasmineOpts\",\"cucumberOpts\",\"onPrepare\",\"onWorkerStart\",\"onWorkerEnd\",\"before\",\"beforeSession\",\"beforeSuite\",\"beforeHook\",\"beforeTest\",\"afterTest\",\"afterHook\",\"afterSuite\",\"afterSession\",\"after\",\"onComplete\",\"beforeAssertion\",\"afterAssertion\",\"beforeFeature\",\"beforeScenario\",\"beforeStep\",\"afterStep\",\"afterScenario\",\"afterFeature\",\"_\",\"suite\",\"$0\",\"ignoredWorkerServices\",\"wdi5\"]"}]}
RESULT: {"script":"<script> [2342 bytes]","args":[{"protocol":"http","hostname":"0.0.0.0","path":"/","capabilities":{"browserName":"chrome","goog:chromeOptions":{"binary":"C:\\Program Files\\Google\\Chrome\\Application\\chrome.exe","args":["--start-maximized"]}},"logLevel":"warn","connectionRetryTimeout":120000,"connectionRetryCount":3,"logLevels":{},"enableDirectConnect":true,"strictSSL":true,"_":"65 more keys: [\"cacheDir\",\"port\",\"requestedCapabilities\",\"automationProtocol\",\"baseUrl\",\"waitforInterval\",\"waitforTimeout\",\"onReload\",\"beforeCommand\",\"afterCommand\",\"rootDir\",\"specs\",\"suites\",\"exclude\",\"groupLogsByTestSpec\",\"excludeDriverLogs\",\"bail\",\"framework\",\"reporters\",\"services\",\"maxInstances\",\"maxInstancesPerCapability\",\"injectGlobals\",\"filesToWatch\",\"execArgv\",\"runnerEnv\",\"runner\",\"shard\",\"specFileRetries\",\"specFileRetriesDelay\",\"specFileRetriesDeferred\",\"reporterSyncInterval\",\"reporterSyncTimeout\",\"cucumberFeaturesWithLineNumbers\",\"autoCompileOpts\",\"mochaOpts\",\"jasmineOpts\",\"cucumberOpts\",\"onPrepare\",\"onWorkerStart\",\"onWorkerEnd\",\"before\",\"beforeSession\",\"beforeSuite\",\"beforeHook\",\"beforeTest\",\"afterTest\",\"afterHook\",\"afterSuite\",\"afterSession\",\"after\",\"onComplete\",\"beforeAssertion\",\"afterAssertion\",\"beforeFeature\",\"beforeScenario\",\"beforeStep\",\"afterStep\",\"afterScenario\",\"afterFeature\",\"_\",\"suite\",\"$0\",\"ignoredWorkerServices\",\"wdi5\"]"}]}
COMMAND: POST /session/04234d49f989df1d8cc66cbbd9ee498b/execute/async - {"script":"<script> [21126 bytes]","args":[35000]}
RESULT: {"script":"<script> [21126 bytes]","args":[35000]}
COMMAND: POST /session/04234d49f989df1d8cc66cbbd9ee498b/element - {"using":"css selector","value":"#shell-header-logo"}
RESULT: {"using":"css selector","value":"#shell-header-logo"}
COMMAND: POST /session/04234d49f989df1d8cc66cbbd9ee498b/element/f.9E73453283219C642BED86114F2A427E.d.371E1594455FC721F65C3540F698A99C.e.3092/click - {}
RESULT: {}
COMMAND: GET /session/04234d49f989df1d8cc66cbbd9ee498b/screenshot - {}
RESULT: {}
COMMAND: POST /session/04234d49f989df1d8cc66cbbd9ee498b/execute/async - {"script":"<script> [1562 bytes]","args":[{"selector":{"controlType":"sap.m.GenericTile","properties":{"header":"Manage Resources"}},"wdio_ui5_key":"sapm.GenericTile{\"header\":\"Manage Resources\"}"}]}
RESULT: {"script":"<script> [1562 bytes]","args":[{"selector":{"controlType":"sap.m.GenericTile","properties":{"header":"Manage Resources"}},"wdio_ui5_key":"sapm.GenericTile{\"header\":\"Manage Resources\"}"}]}
RESULT: undefined
COMMAND: POST /session/04234d49f989df1d8cc66cbbd9ee498b/element - {"using":"xpath","value":"//*[@id=\"__tile39\"]"}
RESULT: {"using":"xpath","value":"//*[@id=\"__tile39\"]"}
COMMAND: POST /session/04234d49f989df1d8cc66cbbd9ee498b/element/f.9E73453283219C642BED86114F2A427E.d.371E1594455FC721F65C3540F698A99C.e.3282/click - {}
RESULT: {}
COMMAND: GET /session/04234d49f989df1d8cc66cbbd9ee498b/screenshot - {}
RESULT: {}
COMMAND: POST /session/04234d49f989df1d8cc66cbbd9ee498b/element - {"using":"xpath","value":"//button[@data-kt=\"addNewRUOverflowToolbarButton\"]"}
RESULT: {"using":"xpath","value":"//button[@data-kt=\"addNewRUOverflowToolbarButton\"]"}
COMMAND: POST /session/04234d49f989df1d8cc66cbbd9ee498b/execute/sync - {"script":"<script> [8489 bytes]","args":[{"element-6066-11e4-a52e-4f735466cecf":"f.9E73453283219C642BED86114F2A427E.d.371E1594455FC721F65C3540F698A99C.e.3446","ELEMENT":"f.9E73453283219C642BED86114F2A427E.d.371E1594455FC721F65C3540F698A99C.e.3446"}]}
RESULT: {"script":"<script> [8489 bytes]","args":[{"element-6066-11e4-a52e-4f735466cecf":"f.9E73453283219C642BED86114F2A427E.d.371E1594455FC721F65C3540F698A99C.e.3446","ELEMENT":"f.9E73453283219C642BED86114F2A427E.d.371E1594455FC721F65C3540F698A99C.e.3446"}]}
COMMAND: POST /session/04234d49f989df1d8cc66cbbd9ee498b/element/f.9E73453283219C642BED86114F2A427E.d.371E1594455FC721F65C3540F698A99C.e.3446/click - {}
COMMAND: GET /session/04234d49f989df1d8cc66cbbd9ee498b/screenshot - {}
RESULT: {}
COMMAND: GET /session/04234d49f989df1d8cc66cbbd9ee498b/screenshot - {}
RESULT: {}
RESULT: {}
COMMAND: POST /session/04234d49f989df1d8cc66cbbd9ee498b/execute/async - {"script":"<script> [1562 bytes]","args":[{"selector":{"id":"application-manageresources-display-component---newResourceUnit--TYPE-arrow"},"wdio_ui5_key":"applicationmanageresources-display-component---newResourceUnit--TYPE-arrow"}]}
RESULT: {"script":"<script> [1562 bytes]","args":[{"selector":{"id":"application-manageresources-display-component---newResourceUnit--TYPE-arrow"},"wdio_ui5_key":"applicationmanageresources-display-component---newResourceUnit--TYPE-arrow"}]}
RESULT: undefined
COMMAND: POST /session/04234d49f989df1d8cc66cbbd9ee498b/element - {"using":"xpath","value":"//*[@id=\"application-manageresources-display-component---newResourceUnit--TYPE-arrow\"]"}
RESULT: {"using":"xpath","value":"//*[@id=\"application-manageresources-display-component---newResourceUnit--TYPE-arrow\"]"}
COMMAND: POST /session/04234d49f989df1d8cc66cbbd9ee498b/element/f.9E73453283219C642BED86114F2A427E.d.371E1594455FC721F65C3540F698A99C.e.3682/click - {}
RESULT: {}
COMMAND: POST /session/04234d49f989df1d8cc66cbbd9ee498b/execute/async - {"script":"<script> [1562 bytes]","args":[{"selector":{"controlType":"sap.m.StandardListItem","viewName":"reusables.view.manageresources.NewResourceUnit","viewId":"application-manageresources-display-component---newResourceUnit","properties":{"title":"Equipment"},"searchOpenDialogs":true,"interaction":{"idSuffix":"content"}},"wdio_ui5_key":"reusablesview.manageresources.NewResourceUnitsap.m.StandardListItem{\"title\":\"Equipment\"}"}]}
COMMAND: GET /session/04234d49f989df1d8cc66cbbd9ee498b/screenshot - {}
RESULT: {"script":"<script> [1562 bytes]","args":[{"selector":{"controlType":"sap.m.StandardListItem","viewName":"reusables.view.manageresources.NewResourceUnit","viewId":"application-manageresources-display-component---newResourceUnit","properties":{"title":"Equipment"},"searchOpenDialogs":true,"interaction":{"idSuffix":"content"}},"wdio_ui5_key":"reusablesview.manageresources.NewResourceUnitsap.m.StandardListItem{\"title\":\"Equipment\"}"}]}
RESULT: undefined
COMMAND: POST /session/04234d49f989df1d8cc66cbbd9ee498b/element - {"using":"xpath","value":"//*[@id=\"__item181\"]"}
RESULT: {}
RESULT: {"using":"xpath","value":"//*[@id=\"__item181\"]"}
COMMAND: POST /session/04234d49f989df1d8cc66cbbd9ee498b/element/f.9E73453283219C642BED86114F2A427E.d.371E1594455FC721F65C3540F698A99C.e.3685/click - {}
RESULT: {}
COMMAND: POST /session/04234d49f989df1d8cc66cbbd9ee498b/execute/async - {"script":"<script> [1562 bytes]","args":[{"selector":{"id":"application-manageresources-display-component---newResourceUnit--resourceId","interaction":{"idSuffix":"inner"}},"wdio_ui5_key":"applicationmanageresources-display-component---newResourceUnit--resourceId"}]}
COMMAND: GET /session/04234d49f989df1d8cc66cbbd9ee498b/screenshot - {}
RESULT: {"script":"<script> [1562 bytes]","args":[{"selector":{"id":"application-manageresources-display-component---newResourceUnit--resourceId","interaction":{"idSuffix":"inner"}},"wdio_ui5_key":"applicationmanageresources-display-component---newResourceUnit--resourceId"}]}
RESULT: undefined
COMMAND: POST /session/04234d49f989df1d8cc66cbbd9ee498b/execute/async - {"script":"<script> [776 bytes]","args":[{"enterText":"WdIOR2cEquipuxg52","selector":{"id":"application-manageresources-display-component---newResourceUnit--resourceId","interaction":{"idSuffix":"inner"}},"clearTextFirst":true,"interactionType":"ENTER_TEXT"}]}
RESULT: {}
RESULT: {"script":"<script> [776 bytes]","args":[{"enterText":"WdIOR2cEquipuxg52","selector":{"id":"application-manageresources-display-component---newResourceUnit--resourceId","interaction":{"idSuffix":"inner"}},"clearTextFirst":true,"interactionType":"ENTER_TEXT"}]}
COMMAND: POST /session/04234d49f989df1d8cc66cbbd9ee498b/execute/async - {"script":"<script> [1562 bytes]","args":[{"selector":{"id":"application-manageresources-display-component---newResourceUnit--SHORT_TEXT","interaction":{"idSuffix":"inner"}},"wdio_ui5_key":"applicationmanageresources-display-component---newResourceUnit--SHORT_TEXT"}]}
RESULT: {"script":"<script> [1562 bytes]","args":[{"selector":{"id":"application-manageresources-display-component---newResourceUnit--SHORT_TEXT","interaction":{"idSuffix":"inner"}},"wdio_ui5_key":"applicationmanageresources-display-component---newResourceUnit--SHORT_TEXT"}]}
RESULT: undefined
COMMAND: POST /session/04234d49f989df1d8cc66cbbd9ee498b/execute/async - {"script":"<script> [776 bytes]","args":[{"enterText":"WdIOR2cEquipuxg52","selector":{"id":"application-manageresources-display-component---newResourceUnit--SHORT_TEXT","interaction":{"idSuffix":"inner"}},"clearTextFirst":true,"interactionType":"ENTER_TEXT"}]}
RESULT: {"script":"<script> [776 bytes]","args":[{"enterText":"WdIOR2cEquipuxg52","selector":{"id":"application-manageresources-display-component---newResourceUnit--SHORT_TEXT","interaction":{"idSuffix":"inner"}},"clearTextFirst":true,"interactionType":"ENTER_TEXT"}]}
COMMAND: POST /session/04234d49f989df1d8cc66cbbd9ee498b/execute/async - {"script":"<script> [1562 bytes]","args":[{"selector":{"id":"application-manageresources-display-component---newResourceUnit--BASE_UNIT_OF_MEASURE","interaction":{"idSuffix":"inner"}},"wdio_ui5_key":"applicationmanageresources-display-component---newResourceUnit--BASE_UNIT_OF_MEASURE"}]}
RESULT: {"script":"<script> [1562 bytes]","args":[{"selector":{"id":"application-manageresources-display-component---newResourceUnit--BASE_UNIT_OF_MEASURE","interaction":{"idSuffix":"inner"}},"wdio_ui5_key":"applicationmanageresources-display-component---newResourceUnit--BASE_UNIT_OF_MEASURE"}]}
RESULT: undefined
COMMAND: POST /session/04234d49f989df1d8cc66cbbd9ee498b/execute/async - {"script":"<script> [776 bytes]","args":[{"enterText":"Piece","selector":{"id":"application-manageresources-display-component---newResourceUnit--BASE_UNIT_OF_MEASURE","interaction":{"idSuffix":"inner"}},"clearTextFirst":true,"interactionType":"ENTER_TEXT"}]}
RESULT: {"script":"<script> [776 bytes]","args":[{"enterText":"Piece","selector":{"id":"application-manageresources-display-component---newResourceUnit--BASE_UNIT_OF_MEASURE","interaction":{"idSuffix":"inner"}},"clearTextFirst":true,"interactionType":"ENTER_TEXT"}]}
COMMAND: POST /session/04234d49f989df1d8cc66cbbd9ee498b/execute/async - {"script":"<script> [1562 bytes]","args":[{"selector":{"id":"application-manageresources-display-component---newResourceUnit--WEIGHT_UNIT","interaction":{"idSuffix":"inner"}},"wdio_ui5_key":"applicationmanageresources-display-component---newResourceUnit--WEIGHT_UNIT"}]}
RESULT: {"script":"<script> [1562 bytes]","args":[{"selector":{"id":"application-manageresources-display-component---newResourceUnit--WEIGHT_UNIT","interaction":{"idSuffix":"inner"}},"wdio_ui5_key":"applicationmanageresources-display-component---newResourceUnit--WEIGHT_UNIT"}]}
RESULT: undefined
COMMAND: POST /session/04234d49f989df1d8cc66cbbd9ee498b/execute/async - {"script":"<script> [776 bytes]","args":[{"enterText":"Gram","selector":{"id":"application-manageresources-display-component---newResourceUnit--WEIGHT_UNIT","interaction":{"idSuffix":"inner"}},"clearTextFirst":true,"interactionType":"ENTER_TEXT"}]}
RESULT: {"script":"<script> [776 bytes]","args":[{"enterText":"Gram","selector":{"id":"application-manageresources-display-component---newResourceUnit--WEIGHT_UNIT","interaction":{"idSuffix":"inner"}},"clearTextFirst":true,"interactionType":"ENTER_TEXT"}]}
COMMAND: POST /session/04234d49f989df1d8cc66cbbd9ee498b/execute/async - {"script":"<script> [1562 bytes]","args":[{"selector":{"id":"application-manageresources-display-component---newResourceUnit--newRRUPage-OPHeaderContent-collapseBtn-img"},"wdio_ui5_key":"applicationmanageresources-display-component---newResourceUnit--newRRUPage-OPHeaderContent-collapseBtn-img"}]}
RESULT: {"script":"<script> [1562 bytes]","args":[{"selector":{"id":"application-manageresources-display-component---newResourceUnit--newRRUPage-OPHeaderContent-collapseBtn-img"},"wdio_ui5_key":"applicationmanageresources-display-component---newResourceUnit--newRRUPage-OPHeaderContent-collapseBtn-img"}]}
RESULT: undefined
COMMAND: POST /session/04234d49f989df1d8cc66cbbd9ee498b/element - {"using":"xpath","value":"//*[@id=\"application-manageresources-display-component---newResourceUnit--newRRUPage-OPHeaderContent-collapseBtn-img\"]"}
RESULT: {"using":"xpath","value":"//*[@id=\"application-manageresources-display-component---newResourceUnit--newRRUPage-OPHeaderContent-collapseBtn-img\"]"}
COMMAND: POST /session/04234d49f989df1d8cc66cbbd9ee498b/element/f.9E73453283219C642BED86114F2A427E.d.371E1594455FC721F65C3540F698A99C.e.3693/click - {}
RESULT: {}
COMMAND: GET /session/04234d49f989df1d8cc66cbbd9ee498b/screenshot - {}
RESULT: {}
COMMAND: POST /session/04234d49f989df1d8cc66cbbd9ee498b/element - {"using":"xpath","value":"(//span[contains(@id ,\"application-manageresources-display-component---newResourceUnit--DIMENSION_UNIT-arrow\")])[1]"}
RESULT: {"using":"xpath","value":"(//span[contains(@id ,\"application-manageresources-display-component---newResourceUnit--DIMENSION_UNIT-arrow\")])[1]"}
COMMAND: POST /session/04234d49f989df1d8cc66cbbd9ee498b/element/f.9E73453283219C642BED86114F2A427E.d.371E1594455FC721F65C3540F698A99C.e.3818/click - {}
RESULT: {}
COMMAND: GET /session/04234d49f989df1d8cc66cbbd9ee498b/screenshot - {}
RESULT: {}
COMMAND: POST /session/04234d49f989df1d8cc66cbbd9ee498b/execute/async - {"script":"<script> [1562 bytes]","args":[{"selector":{"controlType":"sap.m.StandardListItem","viewName":"reusables.view.manageresources.NewResourceUnit","viewId":"application-manageresources-display-component---newResourceUnit","properties":{"title":"Centimeter"},"searchOpenDialogs":true,"interaction":{"idSuffix":"titleText"}},"wdio_ui5_key":"reusablesview.manageresources.NewResourceUnitsap.m.StandardListItem{\"title\":\"Centimeter\"}"}]}
RESULT: {"script":"<script> [1562 bytes]","args":[{"selector":{"controlType":"sap.m.StandardListItem","viewName":"reusables.view.manageresources.NewResourceUnit","viewId":"application-manageresources-display-component---newResourceUnit","properties":{"title":"Centimeter"},"searchOpenDialogs":true,"interaction":{"idSuffix":"titleText"}},"wdio_ui5_key":"reusablesview.manageresources.NewResourceUnitsap.m.StandardListItem{\"title\":\"Centimeter\"}"}]}
RESULT: undefined
COMMAND: POST /session/04234d49f989df1d8cc66cbbd9ee498b/element - {"using":"xpath","value":"//*[@id=\"__item224\"]"}
RESULT: {"using":"xpath","value":"//*[@id=\"__item224\"]"}
COMMAND: POST /session/04234d49f989df1d8cc66cbbd9ee498b/element/f.9E73453283219C642BED86114F2A427E.d.371E1594455FC721F65C3540F698A99C.e.3820/click - {}
RESULT: {}
COMMAND: GET /session/04234d49f989df1d8cc66cbbd9ee498b/screenshot - {}
RESULT: {}
COMMAND: POST /session/04234d49f989df1d8cc66cbbd9ee498b/execute/async - {"script":"<script> [1562 bytes]","args":[{"selector":{"id":"application-manageresources-display-component---newResourceUnit--newRRUPage-anchBar-application-manageresources-display-component---newResourceUnit--control-anchor","interaction":{"idSuffix":"BDI-content"}},"wdio_ui5_key":"applicationmanageresources-display-component---newResourceUnit--newRRUPage-anchBar-application-manageresources-display-component---newResourceUnit--control-anchor"}]}
RESULT: {"script":"<script> [1562 bytes]","args":[{"selector":{"id":"application-manageresources-display-component---newResourceUnit--newRRUPage-anchBar-application-manageresources-display-component---newResourceUnit--control-anchor","interaction":{"idSuffix":"BDI-content"}},"wdio_ui5_key":"applicationmanageresources-display-component---newResourceUnit--newRRUPage-anchBar-application-manageresources-display-component---newResourceUnit--control-anchor"}]}
RESULT: undefined
COMMAND: POST /session/04234d49f989df1d8cc66cbbd9ee498b/element - {"using":"xpath","value":"//*[@id=\"application-manageresources-display-component---newResourceUnit--newRRUPage-anchBar-application-manageresources-display-component---newResourceUnit--control-anchor\"]"}
RESULT: {"using":"xpath","value":"//*[@id=\"application-manageresources-display-component---newResourceUnit--newRRUPage-anchBar-application-manageresources-display-component---newResourceUnit--control-anchor\"]"}
COMMAND: POST /session/04234d49f989df1d8cc66cbbd9ee498b/element/f.9E73453283219C642BED86114F2A427E.d.371E1594455FC721F65C3540F698A99C.e.3822/click - {}
RESULT: {}
COMMAND: POST /session/04234d49f989df1d8cc66cbbd9ee498b/execute/async - {"script":"<script> [1562 bytes]","args":[{"selector":{"id":"application-manageresources-display-component---newResourceUnit--PLANNING_GROUP","interaction":{"idSuffix":"inner"}},"wdio_ui5_key":"applicationmanageresources-display-component---newResourceUnit--PLANNING_GROUP"}]}
COMMAND: GET /session/04234d49f989df1d8cc66cbbd9ee498b/screenshot - {}
RESULT: {"script":"<script> [1562 bytes]","args":[{"selector":{"id":"application-manageresources-display-component---newResourceUnit--PLANNING_GROUP","interaction":{"idSuffix":"inner"}},"wdio_ui5_key":"applicationmanageresources-display-component---newResourceUnit--PLANNING_GROUP"}]}
RESULT: undefined
COMMAND: POST /session/04234d49f989df1d8cc66cbbd9ee498b/execute/async - {"script":"<script> [776 bytes]","args":[{"enterText":"Heavy Equi","selector":{"id":"application-manageresources-display-component---newResourceUnit--PLANNING_GROUP","interaction":{"idSuffix":"inner"}},"clearTextFirst":true,"interactionType":"ENTER_TEXT"}]}
RESULT: {}
RESULT: {"script":"<script> [776 bytes]","args":[{"enterText":"Heavy Equi","selector":{"id":"application-manageresources-display-component---newResourceUnit--PLANNING_GROUP","interaction":{"idSuffix":"inner"}},"clearTextFirst":true,"interactionType":"ENTER_TEXT"}]}
COMMAND: POST /session/04234d49f989df1d8cc66cbbd9ee498b/execute/async - {"script":"<script> [1562 bytes]","args":[{"selector":{"id":"application-manageresources-display-component---newResourceUnit--ITEM_TYPE-arrow"},"wdio_ui5_key":"applicationmanageresources-display-component---newResourceUnit--ITEM_TYPE-arrow"}]}
RESULT: {"script":"<script> [1562 bytes]","args":[{"selector":{"id":"application-manageresources-display-component---newResourceUnit--ITEM_TYPE-arrow"},"wdio_ui5_key":"applicationmanageresources-display-component---newResourceUnit--ITEM_TYPE-arrow"}]}
RESULT: undefined
COMMAND: POST /session/04234d49f989df1d8cc66cbbd9ee498b/element - {"using":"xpath","value":"//*[@id=\"application-manageresources-display-component---newResourceUnit--ITEM_TYPE-arrow\"]"}
RESULT: {"using":"xpath","value":"//*[@id=\"application-manageresources-display-component---newResourceUnit--ITEM_TYPE-arrow\"]"}
COMMAND: POST /session/04234d49f989df1d8cc66cbbd9ee498b/element/f.9E73453283219C642BED86114F2A427E.d.371E1594455FC721F65C3540F698A99C.e.3827/click - {}
RESULT: {}
COMMAND: POST /session/04234d49f989df1d8cc66cbbd9ee498b/execute/async - {"script":"<script> [1562 bytes]","args":[{"selector":{"controlType":"sap.m.StandardListItem","viewName":"reusables.view.manageresources.NewResourceUnit","viewId":"application-manageresources-display-component---newResourceUnit","properties":{"title":"Resource Unit"},"searchOpenDialogs":true,"interaction":{"idSuffix":"titleText"}},"wdio_ui5_key":"reusablesview.manageresources.NewResourceUnitsap.m.StandardListItem{\"title\":\"Resource Unit\"}"}]}
COMMAND: GET /session/04234d49f989df1d8cc66cbbd9ee498b/screenshot - {}
RESULT: {"script":"<script> [1562 bytes]","args":[{"selector":{"controlType":"sap.m.StandardListItem","viewName":"reusables.view.manageresources.NewResourceUnit","viewId":"application-manageresources-display-component---newResourceUnit","properties":{"title":"Resource Unit"},"searchOpenDialogs":true,"interaction":{"idSuffix":"titleText"}},"wdio_ui5_key":"reusablesview.manageresources.NewResourceUnitsap.m.StandardListItem{\"title\":\"Resource Unit\"}"}]}
RESULT: undefined
COMMAND: POST /session/04234d49f989df1d8cc66cbbd9ee498b/element - {"using":"xpath","value":"//*[@id=\"__item246\"]"}
RESULT: {}
RESULT: {"using":"xpath","value":"//*[@id=\"__item246\"]"}
COMMAND: POST /session/04234d49f989df1d8cc66cbbd9ee498b/element/f.9E73453283219C642BED86114F2A427E.d.371E1594455FC721F65C3540F698A99C.e.3829/click - {}
RESULT: {}
COMMAND: POST /session/04234d49f989df1d8cc66cbbd9ee498b/element - {"using":"xpath","value":"//bdi[contains(text(), \"Time Segment\")]"}
COMMAND: GET /session/04234d49f989df1d8cc66cbbd9ee498b/screenshot - {}
RESULT: {"using":"xpath","value":"//bdi[contains(text(), \"Time Segment\")]"}
COMMAND: GET /session/04234d49f989df1d8cc66cbbd9ee498b/element/f.9E73453283219C642BED86114F2A427E.d.371E1594455FC721F65C3540F698A99C.e.3830/rect - {}
RESULT: {}
RESULT: {}
COMMAND: GET /session/04234d49f989df1d8cc66cbbd9ee498b/window/rect - {}
RESULT: {}
COMMAND: POST /session/04234d49f989df1d8cc66cbbd9ee498b/execute/sync - {"script":"<script> [92 bytes]","args":[]}
RESULT: {"script":"<script> [92 bytes]","args":[]}
COMMAND: POST /session/04234d49f989df1d8cc66cbbd9ee498b/actions - {"actions":[{"id":"action7","type":"wheel","parameters":{},"actions":[{"type":"scroll","x":-1820,"y":-21,"deltaX":0,"deltaY":0,"duration":0,"origin":{"element-6066-11e4-a52e-4f735466cecf":"f.9E73453283219C642BED86114F2A427E.d.371E1594455FC721F65C3540F698A99C.e.3830"}}]}]}
COMMAND: GET /session/04234d49f989df1d8cc66cbbd9ee498b/screenshot - {}
RESULT: {}
COMMAND: POST /session/04234d49f989df1d8cc66cbbd9ee498b/execute/sync - {"script":"<script> [79 bytes]","args":[{"element-6066-11e4-a52e-4f735466cecf":"f.9E73453283219C642BED86114F2A427E.d.371E1594455FC721F65C3540F698A99C.e.3830","ELEMENT":"f.9E73453283219C642BED86114F2A427E.d.371E1594455FC721F65C3540F698A99C.e.3830"},{"block":"start","inline":"nearest"}]}
RESULT: {"script":"<script> [79 bytes]","args":[{"element-6066-11e4-a52e-4f735466cecf":"f.9E73453283219C642BED86114F2A427E.d.371E1594455FC721F65C3540F698A99C.e.3830","ELEMENT":"f.9E73453283219C642BED86114F2A427E.d.371E1594455FC721F65C3540F698A99C.e.3830"},{"block":"start","inline":"nearest"}]}
COMMAND: POST /session/04234d49f989df1d8cc66cbbd9ee498b/execute/async - {"script":"<script> [1562 bytes]","args":[{"selector":{"id":"application-manageresources-display-component---newResourceUnit--btnAddTimeSegment-img"},"wdio_ui5_key":"applicationmanageresources-display-component---newResourceUnit--btnAddTimeSegment-img"}]}
COMMAND: GET /session/04234d49f989df1d8cc66cbbd9ee498b/screenshot - {}
RESULT: {"script":"<script> [1562 bytes]","args":[{"selector":{"id":"application-manageresources-display-component---newResourceUnit--btnAddTimeSegment-img"},"wdio_ui5_key":"applicationmanageresources-display-component---newResourceUnit--btnAddTimeSegment-img"}]}
RESULT: undefined
COMMAND: POST /session/04234d49f989df1d8cc66cbbd9ee498b/element - {"using":"xpath","value":"//*[@id=\"application-manageresources-display-component---newResourceUnit--btnAddTimeSegment-img\"]"}
RESULT: {}
RESULT: {"using":"xpath","value":"//*[@id=\"application-manageresources-display-component---newResourceUnit--btnAddTimeSegment-img\"]"}
COMMAND: POST /session/04234d49f989df1d8cc66cbbd9ee498b/element/f.9E73453283219C642BED86114F2A427E.d.371E1594455FC721F65C3540F698A99C.e.3831/click - {}
RESULT: {}
COMMAND: GET /session/04234d49f989df1d8cc66cbbd9ee498b/screenshot - {}
RESULT: {}
COMMAND: POST /session/04234d49f989df1d8cc66cbbd9ee498b/element - {"using":"xpath","value":"//input[@id=\"application-manageresources-display-component---newResourceUnit--idRuTSAdmin-application-manageresources-display-component---newResourceUnit--RUTimeSegment-0-inner\"]"}
RESULT: {"using":"xpath","value":"//input[@id=\"application-manageresources-display-component---newResourceUnit--idRuTSAdmin-application-manageresources-display-component---newResourceUnit--RUTimeSegment-0-inner\"]"}
COMMAND: POST /session/04234d49f989df1d8cc66cbbd9ee498b/element/f.9E73453283219C642BED86114F2A427E.d.371E1594455FC721F65C3540F698A99C.e.3837/clear - {}
RESULT: {}
COMMAND: POST /session/04234d49f989df1d8cc66cbbd9ee498b/element/f.9E73453283219C642BED86114F2A427E.d.371E1594455FC721F65C3540F698A99C.e.3837/value - {"text":"WebdriverYardcihmr"}
COMMAND: GET /session/04234d49f989df1d8cc66cbbd9ee498b/screenshot - {}
RESULT: {"text":"WebdriverYardcihmr"}
COMMAND: GET /session/04234d49f989df1d8cc66cbbd9ee498b/screenshot - {}
RESULT: {}
RESULT: {}
COMMAND: POST /session/04234d49f989df1d8cc66cbbd9ee498b/actions - {"actions":[{"id":"action8","type":"key","parameters":{},"actions":[{"type":"keyDown","value":"î€‡"},{"type":"pause","duration":10},{"type":"keyUp","value":"î€‡"}]}]}
RESULT: {"actions":[{"id":"action8","type":"key","parameters":{},"actions":[{"type":"keyDown","value":"î€‡"},{"type":"pause","duration":10},{"type":"keyUp","value":"î€‡"}]}]}
COMMAND: POST /session/04234d49f989df1d8cc66cbbd9ee498b/execute/async - {"script":"<script> [1562 bytes]","args":[{"selector":{"controlType":"sap.ui.core.Icon","viewName":"reusables.view.manageresources.NewResourceUnit","viewId":"application-manageresources-display-component---newResourceUnit","properties":{"src":{"regex":{"source":"slim\\-arrow\\-down"}}},"ancestor":{"controlType":"sap.m.ComboBox","viewName":"reusables.view.manageresources.NewResourceUnit","viewId":"application-manageresources-display-component---newResourceUnit","bindingPath":{"path":"/RESOURCE_UNIT_TIME_SEQUENCES/0","propertyPath":"COST_OBJECT_ADMIN_CST_TYPE","modelName":"oNewRruModel"}}},"wdio_ui5_key":"reusablesview.manageresources.NewResourceUnitsap.ui.core.Icon{\"src\":{\"regex\":{\"source\":\"slim\\\\-arrow\\\\-down\"}}}{\"controlType\":\"sap.m.ComboBox\",\"viewName\":\"reusables.view.manageresources.NewResourceUnit\",\"viewId\":\"application-manageresources-display-component---newResourceUnit\",\"bindingPath\":{\"path\":\"/RESOURCE_UNIT_TIME_SEQUENCES/0\",\"propertyPath\":\"COST_OBJECT_ADMIN_CST_TYPE\",\"modelName\":\"oNewRruModel\"}}"}]}
COMMAND: GET /session/04234d49f989df1d8cc66cbbd9ee498b/screenshot - {}
RESULT: {"script":"<script> [1562 bytes]","args":[{"selector":{"controlType":"sap.ui.core.Icon","viewName":"reusables.view.manageresources.NewResourceUnit","viewId":"application-manageresources-display-component---newResourceUnit","properties":{"src":{"regex":{"source":"slim\\-arrow\\-down"}}},"ancestor":{"controlType":"sap.m.ComboBox","viewName":"reusables.view.manageresources.NewResourceUnit","viewId":"application-manageresources-display-component---newResourceUnit","bindingPath":{"path":"/RESOURCE_UNIT_TIME_SEQUENCES/0","propertyPath":"COST_OBJECT_ADMIN_CST_TYPE","modelName":"oNewRruModel"}}},"wdio_ui5_key":"reusablesview.manageresources.NewResourceUnitsap.ui.core.Icon{\"src\":{\"regex\":{\"source\":\"slim\\\\-arrow\\\\-down\"}}}{\"controlType\":\"sap.m.ComboBox\",\"viewName\":\"reusables.view.manageresources.NewResourceUnit\",\"viewId\":\"application-manageresources-display-component---newResourceUnit\",\"bindingPath\":{\"path\":\"/RESOURCE_UNIT_TIME_SEQUENCES/0\",\"propertyPath\":\"COST_OBJECT_ADMIN_CST_TYPE\",\"modelName\":\"oNewRruModel\"}}"}]}
RESULT: undefined
COMMAND: POST /session/04234d49f989df1d8cc66cbbd9ee498b/element - {"using":"xpath","value":"//*[@id=\"__box7-application-manageresources-display-component---newResourceUnit--RUTimeSegment-0-arrow\"]"}
RESULT: {}
RESULT: {"using":"xpath","value":"//*[@id=\"__box7-application-manageresources-display-component---newResourceUnit--RUTimeSegment-0-arrow\"]"}
COMMAND: POST /session/04234d49f989df1d8cc66cbbd9ee498b/element/f.9E73453283219C642BED86114F2A427E.d.371E1594455FC721F65C3540F698A99C.e.3849/click - {}
RESULT: {}
COMMAND: POST /session/04234d49f989df1d8cc66cbbd9ee498b/execute/async - {"script":"<script> [1562 bytes]","args":[{"selector":{"controlType":"sap.m.StandardListItem","viewName":"reusables.view.manageresources.NewResourceUnit","viewId":"application-manageresources-display-component---newResourceUnit","properties":{"title":"PM Order"},"searchOpenDialogs":true,"interaction":{"idSuffix":"titleText"}},"wdio_ui5_key":"reusablesview.manageresources.NewResourceUnitsap.m.StandardListItem{\"title\":\"PM Order\"}"}]}
COMMAND: GET /session/04234d49f989df1d8cc66cbbd9ee498b/screenshot - {}
RESULT: {"script":"<script> [1562 bytes]","args":[{"selector":{"controlType":"sap.m.StandardListItem","viewName":"reusables.view.manageresources.NewResourceUnit","viewId":"application-manageresources-display-component---newResourceUnit","properties":{"title":"PM Order"},"searchOpenDialogs":true,"interaction":{"idSuffix":"titleText"}},"wdio_ui5_key":"reusablesview.manageresources.NewResourceUnitsap.m.StandardListItem{\"title\":\"PM Order\"}"}]}
RESULT: undefined
COMMAND: POST /session/04234d49f989df1d8cc66cbbd9ee498b/element - {"using":"xpath","value":"//*[@id=\"__item681\"]"}
RESULT: {}
RESULT: {"using":"xpath","value":"//*[@id=\"__item681\"]"}
COMMAND: POST /session/04234d49f989df1d8cc66cbbd9ee498b/element/f.9E73453283219C642BED86114F2A427E.d.371E1594455FC721F65C3540F698A99C.e.3853/click - {}
RESULT: {}
COMMAND: GET /session/04234d49f989df1d8cc66cbbd9ee498b/screenshot - {}
RESULT: {}
COMMAND: POST /session/04234d49f989df1d8cc66cbbd9ee498b/element - {"using":"xpath","value":"(//input[contains(@id ,\"-application-manageresources-display-component---newResourceUnit--RUTimeSegment-0-inner\")])[8]"}
RESULT: {"using":"xpath","value":"(//input[contains(@id ,\"-application-manageresources-display-component---newResourceUnit--RUTimeSegment-0-inner\")])[8]"}
COMMAND: POST /session/04234d49f989df1d8cc66cbbd9ee498b/element/f.9E73453283219C642BED86114F2A427E.d.371E1594455FC721F65C3540F698A99C.e.3856/clear - {}
RESULT: {}
COMMAND: POST /session/04234d49f989df1d8cc66cbbd9ee498b/element/f.9E73453283219C642BED86114F2A427E.d.371E1594455FC721F65C3540F698A99C.e.3856/value - {"text":"4000360"}
COMMAND: GET /session/04234d49f989df1d8cc66cbbd9ee498b/screenshot - {}
RESULT: {"text":"4000360"}
COMMAND: GET /session/04234d49f989df1d8cc66cbbd9ee498b/screenshot - {}
RESULT: {}
RESULT: {}
COMMAND: POST /session/04234d49f989df1d8cc66cbbd9ee498b/actions - {"actions":[{"id":"action9","type":"key","parameters":{},"actions":[{"type":"keyDown","value":"î€‡"},{"type":"pause","duration":10},{"type":"keyUp","value":"î€‡"}]}]}
RESULT: {"actions":[{"id":"action9","type":"key","parameters":{},"actions":[{"type":"keyDown","value":"î€‡"},{"type":"pause","duration":10},{"type":"keyUp","value":"î€‡"}]}]}
COMMAND: GET /session/04234d49f989df1d8cc66cbbd9ee498b/screenshot - {}
RESULT: {}
COMMAND: POST /session/04234d49f989df1d8cc66cbbd9ee498b/element - {"using":"xpath","value":"//input[contains(@id ,\"application-manageresources-display-component---newResourceUnit--newTimeSegmentFromDatePicker-application-manageresources-display-component---newResourceUnit--RUTimeSegment-0-inner\")]"}
RESULT: {"using":"xpath","value":"//input[contains(@id ,\"application-manageresources-display-component---newResourceUnit--newTimeSegmentFromDatePicker-application-manageresources-display-component---newResourceUnit--RUTimeSegment-0-inner\")]"}
COMMAND: POST /session/04234d49f989df1d8cc66cbbd9ee498b/element/f.9E73453283219C642BED86114F2A427E.d.371E1594455FC721F65C3540F698A99C.e.3844/clear - {}
RESULT: {}
COMMAND: POST /session/04234d49f989df1d8cc66cbbd9ee498b/element/f.9E73453283219C642BED86114F2A427E.d.371E1594455FC721F65C3540F698A99C.e.3844/clear - {}
COMMAND: GET /session/04234d49f989df1d8cc66cbbd9ee498b/screenshot - {}
RESULT: {}
COMMAND: POST /session/04234d49f989df1d8cc66cbbd9ee498b/element/f.9E73453283219C642BED86114F2A427E.d.371E1594455FC721F65C3540F698A99C.e.3844/value - {"text":"06/03/24"}
COMMAND: GET /session/04234d49f989df1d8cc66cbbd9ee498b/screenshot - {}
RESULT: {}
RESULT: {"text":"06/03/24"}
COMMAND: POST /session/04234d49f989df1d8cc66cbbd9ee498b/execute/async - {"script":"<script> [1562 bytes]","args":[{"selector":{"id":"application-manageresources-display-component---newResourceUnit--newRRUPage-anchBar-application-manageresources-display-component---newResourceUnit--resource-anchor","interaction":{"idSuffix":"BDI-content"}},"wdio_ui5_key":"applicationmanageresources-display-component---newResourceUnit--newRRUPage-anchBar-application-manageresources-display-component---newResourceUnit--resource-anchor"}]}
COMMAND: GET /session/04234d49f989df1d8cc66cbbd9ee498b/screenshot - {}
RESULT: {}
RESULT: {"script":"<script> [1562 bytes]","args":[{"selector":{"id":"application-manageresources-display-component---newResourceUnit--newRRUPage-anchBar-application-manageresources-display-component---newResourceUnit--resource-anchor","interaction":{"idSuffix":"BDI-content"}},"wdio_ui5_key":"applicationmanageresources-display-component---newResourceUnit--newRRUPage-anchBar-application-manageresources-display-component---newResourceUnit--resource-anchor"}]}
RESULT: undefined
COMMAND: POST /session/04234d49f989df1d8cc66cbbd9ee498b/element - {"using":"xpath","value":"//*[@id=\"application-manageresources-display-component---newResourceUnit--newRRUPage-anchBar-application-manageresources-display-component---newResourceUnit--resource-anchor\"]"}
RESULT: {}
RESULT: {"using":"xpath","value":"//*[@id=\"application-manageresources-display-component---newResourceUnit--newRRUPage-anchBar-application-manageresources-display-component---newResourceUnit--resource-anchor\"]"}
COMMAND: POST /session/04234d49f989df1d8cc66cbbd9ee498b/element/f.9E73453283219C642BED86114F2A427E.d.371E1594455FC721F65C3540F698A99C.e.3878/click - {}
RESULT: {}
COMMAND: POST /session/04234d49f989df1d8cc66cbbd9ee498b/execute/async - {"script":"<script> [1562 bytes]","args":[{"selector":{"id":"application-manageresources-display-component---newResourceUnit--PLANNED_DELIVERY_DATE","interaction":{"idSuffix":"inner"}},"wdio_ui5_key":"applicationmanageresources-display-component---newResourceUnit--PLANNED_DELIVERY_DATE"}]}
COMMAND: GET /session/04234d49f989df1d8cc66cbbd9ee498b/screenshot - {}
RESULT: {"script":"<script> [1562 bytes]","args":[{"selector":{"id":"application-manageresources-display-component---newResourceUnit--PLANNED_DELIVERY_DATE","interaction":{"idSuffix":"inner"}},"wdio_ui5_key":"applicationmanageresources-display-component---newResourceUnit--PLANNED_DELIVERY_DATE"}]}
RESULT: undefined
COMMAND: POST /session/04234d49f989df1d8cc66cbbd9ee498b/execute/async - {"script":"<script> [6424 bytes]","args":[{"element-6066-11e4-a52e-4f735466cecf":"f.9E73453283219C642BED86114F2A427E.d.371E1594455FC721F65C3540F698A99C.e.3739"},"setValue",["06/03/24"]]}
RESULT: {}
RESULT: {"script":"<script> [6424 bytes]","args":[{"element-6066-11e4-a52e-4f735466cecf":"f.9E73453283219C642BED86114F2A427E.d.371E1594455FC721F65C3540F698A99C.e.3739"},"setValue",["06/03/24"]]}
COMMAND: POST /session/04234d49f989df1d8cc66cbbd9ee498b/execute/async - {"script":"<script> [1562 bytes]","args":[{"selector":{"id":"application-manageresources-display-component---newResourceUnit--RETIRE_PLANNED_DATE","interaction":{"idSuffix":"inner"}},"wdio_ui5_key":"applicationmanageresources-display-component---newResourceUnit--RETIRE_PLANNED_DATE"}]}
RESULT: {"script":"<script> [1562 bytes]","args":[{"selector":{"id":"application-manageresources-display-component---newResourceUnit--RETIRE_PLANNED_DATE","interaction":{"idSuffix":"inner"}},"wdio_ui5_key":"applicationmanageresources-display-component---newResourceUnit--RETIRE_PLANNED_DATE"}]}
RESULT: undefined
COMMAND: POST /session/04234d49f989df1d8cc66cbbd9ee498b/execute/async - {"script":"<script> [776 bytes]","args":[{"enterText":"3/14/29","selector":{"id":"application-manageresources-display-component---newResourceUnit--RETIRE_PLANNED_DATE","interaction":{"idSuffix":"inner"}},"clearTextFirst":true,"interactionType":"ENTER_TEXT"}]}
RESULT: {"script":"<script> [776 bytes]","args":[{"enterText":"3/14/29","selector":{"id":"application-manageresources-display-component---newResourceUnit--RETIRE_PLANNED_DATE","interaction":{"idSuffix":"inner"}},"clearTextFirst":true,"interactionType":"ENTER_TEXT"}]}
COMMAND: POST /session/04234d49f989df1d8cc66cbbd9ee498b/execute/async - {"script":"<script> [1562 bytes]","args":[{"selector":{"controlType":"sap.m.Button","viewName":"reusables.view.manageresources.NewResourceUnit","viewId":"application-manageresources-display-component---newResourceUnit","i18NText":{"propertyName":"tooltip","key":"save"},"interaction":{"idSuffix":"BDI-content"}},"wdio_ui5_key":"reusablesview.manageresources.NewResourceUnitsap.m.Button{\"propertyName\":\"tooltip\",\"key\":\"save\"}"}]}
RESULT: {"script":"<script> [1562 bytes]","args":[{"selector":{"controlType":"sap.m.Button","viewName":"reusables.view.manageresources.NewResourceUnit","viewId":"application-manageresources-display-component---newResourceUnit","i18NText":{"propertyName":"tooltip","key":"save"},"interaction":{"idSuffix":"BDI-content"}},"wdio_ui5_key":"reusablesview.manageresources.NewResourceUnitsap.m.Button{\"propertyName\":\"tooltip\",\"key\":\"save\"}"}]}
RESULT: undefined
COMMAND: POST /session/04234d49f989df1d8cc66cbbd9ee498b/element - {"using":"xpath","value":"//*[@id=\"application-manageresources-display-component---newResourceUnit--createRuButton\"]"}
RESULT: {"using":"xpath","value":"//*[@id=\"application-manageresources-display-component---newResourceUnit--createRuButton\"]"}
COMMAND: POST /session/04234d49f989df1d8cc66cbbd9ee498b/element/f.9E73453283219C642BED86114F2A427E.d.371E1594455FC721F65C3540F698A99C.e.3699/click - {}
RESULT: {}
COMMAND: GET /session/04234d49f989df1d8cc66cbbd9ee498b/screenshot - {}
RESULT: {}
COMMAND: POST /session/04234d49f989df1d8cc66cbbd9ee498b/execute/async - {"script":"<script> [1562 bytes]","args":[{"selector":{"controlType":"sap.m.Button","properties":{"text":"Close"},"searchOpenDialogs":true,"interaction":{"idSuffix":"inner"}},"wdio_ui5_key":"sapm.Button{\"text\":\"Close\"}"}]}
RESULT: {"script":"<script> [1562 bytes]","args":[{"selector":{"controlType":"sap.m.Button","properties":{"text":"Close"},"searchOpenDialogs":true,"interaction":{"idSuffix":"inner"}},"wdio_ui5_key":"sapm.Button{\"text\":\"Close\"}"}]}
RESULT: undefined
COMMAND: POST /session/04234d49f989df1d8cc66cbbd9ee498b/element - {"using":"xpath","value":"//*[@id=\"__mbox-btn-0\"]"}
RESULT: {"using":"xpath","value":"//*[@id=\"__mbox-btn-0\"]"}
COMMAND: POST /session/04234d49f989df1d8cc66cbbd9ee498b/element/f.9E73453283219C642BED86114F2A427E.d.371E1594455FC721F65C3540F698A99C.e.3888/click - {}
RESULT: {}
COMMAND: GET /session/04234d49f989df1d8cc66cbbd9ee498b/screenshot - {}
RESULT: {}
COMMAND: POST /session/04234d49f989df1d8cc66cbbd9ee498b/execute/async - {"script":"<script> [1562 bytes]","args":[{"selector":{"controlType":"sap.m.Text","viewName":"etm.portal.ui.manageresources.view.Detail","viewId":"application-manageresources-display-component---detailRU","bindingPath":{"propertyPath":"ID","modelName":"catalogModel"}},"wdio_ui5_key":"etmportal.ui.manageresources.view.Detailsap.m.Text{\"propertyPath\":\"ID\",\"modelName\":\"catalogModel\"}"}]}
RESULT: {"script":"<script> [1562 bytes]","args":[{"selector":{"controlType":"sap.m.Text","viewName":"etm.portal.ui.manageresources.view.Detail","viewId":"application-manageresources-display-component---detailRU","bindingPath":{"propertyPath":"ID","modelName":"catalogModel"}},"wdio_ui5_key":"etmportal.ui.manageresources.view.Detailsap.m.Text{\"propertyPath\":\"ID\",\"modelName\":\"catalogModel\"}"}]}
RESULT: undefined
COMMAND: POST /session/04234d49f989df1d8cc66cbbd9ee498b/execute/async - {"script":"<script> [6424 bytes]","args":[{"element-6066-11e4-a52e-4f735466cecf":"f.9E73453283219C642BED86114F2A427E.d.371E1594455FC721F65C3540F698A99C.e.3925"},"getText",[]]}
RESULT: {"script":"<script> [6424 bytes]","args":[{"element-6066-11e4-a52e-4f735466cecf":"f.9E73453283219C642BED86114F2A427E.d.371E1594455FC721F65C3540F698A99C.e.3925"},"getText",[]]}
COMMAND: POST /session/04234d49f989df1d8cc66cbbd9ee498b/element - {"using":"css selector","value":"#shell-header-logo"}
RESULT: {"using":"css selector","value":"#shell-header-logo"}
COMMAND: POST /session/04234d49f989df1d8cc66cbbd9ee498b/element/f.9E73453283219C642BED86114F2A427E.d.371E1594455FC721F65C3540F698A99C.e.3286/click - {}
RESULT: {}
COMMAND: GET /session/04234d49f989df1d8cc66cbbd9ee498b/screenshot - {}
RESULT: {}
COMMAND: POST /session/04234d49f989df1d8cc66cbbd9ee498b/execute/async - {"script":"<script> [1562 bytes]","args":[{"selector":{"controlType":"sap.m.GenericTile","properties":{"header":"Manage Catalogs"}},"wdio_ui5_key":"sapm.GenericTile{\"header\":\"Manage Catalogs\"}"}]}
RESULT: {"script":"<script> [1562 bytes]","args":[{"selector":{"controlType":"sap.m.GenericTile","properties":{"header":"Manage Catalogs"}},"wdio_ui5_key":"sapm.GenericTile{\"header\":\"Manage Catalogs\"}"}]}
RESULT: undefined
COMMAND: POST /session/04234d49f989df1d8cc66cbbd9ee498b/element - {"using":"xpath","value":"//*[@id=\"__tile37\"]"}
RESULT: {"using":"xpath","value":"//*[@id=\"__tile37\"]"}
COMMAND: POST /session/04234d49f989df1d8cc66cbbd9ee498b/element/f.9E73453283219C642BED86114F2A427E.d.371E1594455FC721F65C3540F698A99C.e.3927/click - {}
RESULT: {}
COMMAND: GET /session/04234d49f989df1d8cc66cbbd9ee498b/screenshot - {}
RESULT: {}
COMMAND: POST /session/04234d49f989df1d8cc66cbbd9ee498b/execute/async - {"script":"<script> [1562 bytes]","args":[{"selector":{"controlType":"sap.m.Text","viewName":"etm.portal.ui.managecatalogs.view.MasterCatalogs","viewId":"application-managecatalogs-display-component---masterCatalogs","bindingPath":{"path":"/Catalogs('0D7502D073D53A0F1700BE067B89AFF9')","propertyPath":"DESCRIPTION","modelName":"catalogModel"}},"wdio_ui5_key":"etmportal.ui.managecatalogs.view.MasterCatalogssap.m.Text{\"path\":\"/Catalogs('0D7502D073D53A0F1700BE067B89AFF9')\",\"propertyPath\":\"DESCRIPTION\",\"modelName\":\"catalogModel\"}"}]}
RESULT: {"script":"<script> [1562 bytes]","args":[{"selector":{"controlType":"sap.m.Text","viewName":"etm.portal.ui.managecatalogs.view.MasterCatalogs","viewId":"application-managecatalogs-display-component---masterCatalogs","bindingPath":{"path":"/Catalogs('0D7502D073D53A0F1700BE067B89AFF9')","propertyPath":"DESCRIPTION","modelName":"catalogModel"}},"wdio_ui5_key":"etmportal.ui.managecatalogs.view.MasterCatalogssap.m.Text{\"path\":\"/Catalogs('0D7502D073D53A0F1700BE067B89AFF9')\",\"propertyPath\":\"DESCRIPTION\",\"modelName\":\"catalogModel\"}"}]}
RESULT: undefined
COMMAND: POST /session/04234d49f989df1d8cc66cbbd9ee498b/element - {"using":"xpath","value":"//*[@id=\"__text939-application-managecatalogs-display-component---masterCatalogs--CatalogsTable-11\"]"}
RESULT: {"using":"xpath","value":"//*[@id=\"__text939-application-managecatalogs-display-component---masterCatalogs--CatalogsTable-11\"]"}
COMMAND: POST /session/04234d49f989df1d8cc66cbbd9ee498b/element/f.9E73453283219C642BED86114F2A427E.d.371E1594455FC721F65C3540F698A99C.e.3996/click - {}
RESULT: {}
COMMAND: POST /session/04234d49f989df1d8cc66cbbd9ee498b/execute/async - {"script":"<script> [1562 bytes]","args":[{"selector":{"controlType":"sap.ui.layout.HorizontalLayout","viewName":"etm.portal.ui.managecatalogs.view.MasterItems","viewId":"application-managecatalogs-display-component---masterCatalogItems","ancestor":{"id":"application-managecatalogs-display-component---masterCatalogItems--idCatalogItemsTree-rows-row0"}},"wdio_ui5_key":"etmportal.ui.managecatalogs.view.MasterItemssap.ui.layout.HorizontalLayout{\"id\":\"application-managecatalogs-display-component---masterCatalogItems--idCatalogItemsTree-rows-row0\"}"}]}
COMMAND: GET /session/04234d49f989df1d8cc66cbbd9ee498b/screenshot - {}
RESULT: {"script":"<script> [1562 bytes]","args":[{"selector":{"controlType":"sap.ui.layout.HorizontalLayout","viewName":"etm.portal.ui.managecatalogs.view.MasterItems","viewId":"application-managecatalogs-display-component---masterCatalogItems","ancestor":{"id":"application-managecatalogs-display-component---masterCatalogItems--idCatalogItemsTree-rows-row0"}},"wdio_ui5_key":"etmportal.ui.managecatalogs.view.MasterItemssap.ui.layout.HorizontalLayout{\"id\":\"application-managecatalogs-display-component---masterCatalogItems--idCatalogItemsTree-rows-row0\"}"}]}
RESULT: undefined
COMMAND: POST /session/04234d49f989df1d8cc66cbbd9ee498b/element - {"using":"xpath","value":"//*[@id=\"__layout280-__clone1945\"]"}
RESULT: {}
RESULT: {"using":"xpath","value":"//*[@id=\"__layout280-__clone1945\"]"}
COMMAND: POST /session/04234d49f989df1d8cc66cbbd9ee498b/element/f.9E73453283219C642BED86114F2A427E.d.371E1594455FC721F65C3540F698A99C.e.4031/click - {}
RESULT: {}
COMMAND: GET /session/04234d49f989df1d8cc66cbbd9ee498b/screenshot - {}
COMMAND: POST /session/04234d49f989df1d8cc66cbbd9ee498b/execute/async - {"script":"<script> [1562 bytes]","args":[{"selector":{"controlType":"sap.m.Button","viewName":"etm.portal.ui.managecatalogs.view.Detail","viewId":"application-managecatalogs-display-component---detailCatalog","i18NText":{"propertyName":"text","key":"edit"},"interaction":{"idSuffix":"BDI-content"}},"wdio_ui5_key":"etmportal.ui.managecatalogs.view.Detailsap.m.Button{\"propertyName\":\"text\",\"key\":\"edit\"}"}]}
RESULT: {}
RESULT: {"script":"<script> [1562 bytes]","args":[{"selector":{"controlType":"sap.m.Button","viewName":"etm.portal.ui.managecatalogs.view.Detail","viewId":"application-managecatalogs-display-component---detailCatalog","i18NText":{"propertyName":"text","key":"edit"},"interaction":{"idSuffix":"BDI-content"}},"wdio_ui5_key":"etmportal.ui.managecatalogs.view.Detailsap.m.Button{\"propertyName\":\"text\",\"key\":\"edit\"}"}]}
RESULT: undefined
COMMAND: POST /session/04234d49f989df1d8cc66cbbd9ee498b/element - {"using":"xpath","value":"//*[@id=\"__button122\"]"}
RESULT: {"using":"xpath","value":"//*[@id=\"__button122\"]"}
COMMAND: POST /session/04234d49f989df1d8cc66cbbd9ee498b/element/f.9E73453283219C642BED86114F2A427E.d.371E1594455FC721F65C3540F698A99C.e.4145/click - {}
RESULT: {}
COMMAND: GET /session/04234d49f989df1d8cc66cbbd9ee498b/screenshot - {}
RESULT: {}
COMMAND: POST /session/04234d49f989df1d8cc66cbbd9ee498b/element - {"using":"xpath","value":"//bdi[contains(text(), \"Unlock\")]"}
RESULT: {"using":"xpath","value":"//bdi[contains(text(), \"Unlock\")]"}
COMMAND: POST /session/04234d49f989df1d8cc66cbbd9ee498b/elements - {"using":"xpath","value":"//bdi[contains(text(), \"Unlock\")]"}
RESULT: {"using":"xpath","value":"//bdi[contains(text(), \"Unlock\")]"}
COMMAND: POST /session/04234d49f989df1d8cc66cbbd9ee498b/execute/async - {"script":"<script> [1562 bytes]","args":[{"selector":{"controlType":"sap.ui.core.Icon","viewName":"etm.portal.ui.managecatalogs.view.Detail","viewId":"application-managecatalogs-display-component---detailCatalog","properties":{"src":{"regex":{"source":"add\\-folder"}}}},"wdio_ui5_key":"etmportal.ui.managecatalogs.view.Detailsap.ui.core.Icon{\"src\":{\"regex\":{\"source\":\"add\\\\-folder\"}}}"}]}
RESULT: {"script":"<script> [1562 bytes]","args":[{"selector":{"controlType":"sap.ui.core.Icon","viewName":"etm.portal.ui.managecatalogs.view.Detail","viewId":"application-managecatalogs-display-component---detailCatalog","properties":{"src":{"regex":{"source":"add\\-folder"}}}},"wdio_ui5_key":"etmportal.ui.managecatalogs.view.Detailsap.ui.core.Icon{\"src\":{\"regex\":{\"source\":\"add\\\\-folder\"}}}"}]}
RESULT: undefined
COMMAND: POST /session/04234d49f989df1d8cc66cbbd9ee498b/element - {"using":"xpath","value":"//*[@id=\"__button130-img\"]"}
RESULT: {"using":"xpath","value":"//*[@id=\"__button130-img\"]"}
COMMAND: POST /session/04234d49f989df1d8cc66cbbd9ee498b/element/f.9E73453283219C642BED86114F2A427E.d.371E1594455FC721F65C3540F698A99C.e.4153/click - {}
RESULT: {}
COMMAND: GET /session/04234d49f989df1d8cc66cbbd9ee498b/screenshot - {}
RESULT: {}
COMMAND: POST /session/04234d49f989df1d8cc66cbbd9ee498b/execute/async - {"script":"<script> [1562 bytes]","args":[{"selector":{"id":"application-managecatalogs-display-component---detailCatalog--numberInput","searchOpenDialogs":true,"interaction":{"idSuffix":"inner"}},"wdio_ui5_key":"applicationmanagecatalogs-display-component---detailCatalog--numberInput"}]}
RESULT: {"script":"<script> [1562 bytes]","args":[{"selector":{"id":"application-managecatalogs-display-component---detailCatalog--numberInput","searchOpenDialogs":true,"interaction":{"idSuffix":"inner"}},"wdio_ui5_key":"applicationmanagecatalogs-display-component---detailCatalog--numberInput"}]}
RESULT: undefined
COMMAND: POST /session/04234d49f989df1d8cc66cbbd9ee498b/execute/async - {"script":"<script> [776 bytes]","args":[{"enterText":"Section0rumr","selector":{"id":"application-managecatalogs-display-component---detailCatalog--numberInput","searchOpenDialogs":true,"interaction":{"idSuffix":"inner"}},"clearTextFirst":true,"interactionType":"ENTER_TEXT"}]}
RESULT: {"script":"<script> [776 bytes]","args":[{"enterText":"Section0rumr","selector":{"id":"application-managecatalogs-display-component---detailCatalog--numberInput","searchOpenDialogs":true,"interaction":{"idSuffix":"inner"}},"clearTextFirst":true,"interactionType":"ENTER_TEXT"}]}
COMMAND: POST /session/04234d49f989df1d8cc66cbbd9ee498b/element - {"using":"css selector","value":"#application-managecatalogs-display-component---detailCatalog--nameInput-inner"}
RESULT: {"using":"css selector","value":"#application-managecatalogs-display-component---detailCatalog--nameInput-inner"}
COMMAND: POST /session/04234d49f989df1d8cc66cbbd9ee498b/elements - {"using":"css selector","value":"#application-managecatalogs-display-component---detailCatalog--nameInput-inner"}
RESULT: {"using":"css selector","value":"#application-managecatalogs-display-component---detailCatalog--nameInput-inner"}
COMMAND: POST /session/04234d49f989df1d8cc66cbbd9ee498b/element/f.9E73453283219C642BED86114F2A427E.d.371E1594455FC721F65C3540F698A99C.e.4157/clear - {}
RESULT: {}
COMMAND: POST /session/04234d49f989df1d8cc66cbbd9ee498b/element/f.9E73453283219C642BED86114F2A427E.d.371E1594455FC721F65C3540F698A99C.e.4157/value - {"text":"Webdrivert31p2k"}
COMMAND: GET /session/04234d49f989df1d8cc66cbbd9ee498b/screenshot - {}
RESULT: {"text":"Webdrivert31p2k"}
COMMAND: POST /session/04234d49f989df1d8cc66cbbd9ee498b/execute/async - {"script":"<script> [1562 bytes]","args":[{"selector":{"controlType":"sap.m.Button","viewName":"etm.portal.ui.managecatalogs.view.Detail","viewId":"application-managecatalogs-display-component---detailCatalog","i18NText":{"propertyName":"text","key":"create"},"searchOpenDialogs":true,"interaction":{"idSuffix":"BDI-content"}},"wdio_ui5_key":"etmportal.ui.managecatalogs.view.Detailsap.m.Button{\"propertyName\":\"text\",\"key\":\"create\"}"}]}
COMMAND: GET /session/04234d49f989df1d8cc66cbbd9ee498b/screenshot - {}
RESULT: {}
RESULT: {"script":"<script> [1562 bytes]","args":[{"selector":{"controlType":"sap.m.Button","viewName":"etm.portal.ui.managecatalogs.view.Detail","viewId":"application-managecatalogs-display-component---detailCatalog","i18NText":{"propertyName":"text","key":"create"},"searchOpenDialogs":true,"interaction":{"idSuffix":"BDI-content"}},"wdio_ui5_key":"etmportal.ui.managecatalogs.view.Detailsap.m.Button{\"propertyName\":\"text\",\"key\":\"create\"}"}]}
RESULT: undefined
COMMAND: POST /session/04234d49f989df1d8cc66cbbd9ee498b/element - {"using":"xpath","value":"//*[@id=\"__button100\"]"}
RESULT: {}
RESULT: {"using":"xpath","value":"//*[@id=\"__button100\"]"}
COMMAND: POST /session/04234d49f989df1d8cc66cbbd9ee498b/element/f.9E73453283219C642BED86114F2A427E.d.371E1594455FC721F65C3540F698A99C.e.4162/click - {}
RESULT: {}
COMMAND: GET /session/04234d49f989df1d8cc66cbbd9ee498b/screenshot - {}
RESULT: {}
COMMAND: POST /session/04234d49f989df1d8cc66cbbd9ee498b/element - {"using":"xpath","value":"//button[@title=\"Save\"]"}
RESULT: {"using":"xpath","value":"//button[@title=\"Save\"]"}
COMMAND: POST /session/04234d49f989df1d8cc66cbbd9ee498b/element/f.9E73453283219C642BED86114F2A427E.d.371E1594455FC721F65C3540F698A99C.e.4163/click - {}
RESULT: {}
COMMAND: POST /session/04234d49f989df1d8cc66cbbd9ee498b/execute/async - {"script":"<script> [1562 bytes]","args":[{"selector":{"controlType":"sap.ui.core.Icon","viewName":"etm.portal.ui.managecatalogs.view.Detail","viewId":"application-managecatalogs-display-component---detailCatalog","properties":{"src":{"regex":{"source":"decline"}}}},"wdio_ui5_key":"etmportal.ui.managecatalogs.view.Detailsap.ui.core.Icon{\"src\":{\"regex\":{\"source\":\"decline\"}}}"}]}
COMMAND: GET /session/04234d49f989df1d8cc66cbbd9ee498b/screenshot - {}
RESULT: {"script":"<script> [1562 bytes]","args":[{"selector":{"controlType":"sap.ui.core.Icon","viewName":"etm.portal.ui.managecatalogs.view.Detail","viewId":"application-managecatalogs-display-component---detailCatalog","properties":{"src":{"regex":{"source":"decline"}}}},"wdio_ui5_key":"etmportal.ui.managecatalogs.view.Detailsap.ui.core.Icon{\"src\":{\"regex\":{\"source\":\"decline\"}}}"}]}
RESULT: undefined
COMMAND: POST /session/04234d49f989df1d8cc66cbbd9ee498b/element - {"using":"xpath","value":"//*[@id=\"__button125-img\"]"}
RESULT: {}
RESULT: {"using":"xpath","value":"//*[@id=\"__button125-img\"]"}
COMMAND: POST /session/04234d49f989df1d8cc66cbbd9ee498b/element/f.9E73453283219C642BED86114F2A427E.d.371E1594455FC721F65C3540F698A99C.e.4169/click - {}
RESULT: {}
COMMAND: GET /session/04234d49f989df1d8cc66cbbd9ee498b/screenshot - {}
RESULT: {}
COMMAND: POST /session/04234d49f989df1d8cc66cbbd9ee498b/execute/async - {"script":"<script> [1562 bytes]","args":[{"selector":{"controlType":"sap.ui.core.Icon","viewName":"etm.portal.ui.managecatalogs.view.MasterItems","viewId":"application-managecatalogs-display-component---masterCatalogItems","properties":{"src":{"regex":{"source":"refresh"}}}},"wdio_ui5_key":"etmportal.ui.managecatalogs.view.MasterItemssap.ui.core.Icon{\"src\":{\"regex\":{\"source\":\"refresh\"}}}"}]}
RESULT: {"script":"<script> [1562 bytes]","args":[{"selector":{"controlType":"sap.ui.core.Icon","viewName":"etm.portal.ui.managecatalogs.view.MasterItems","viewId":"application-managecatalogs-display-component---masterCatalogItems","properties":{"src":{"regex":{"source":"refresh"}}}},"wdio_ui5_key":"etmportal.ui.managecatalogs.view.MasterItemssap.ui.core.Icon{\"src\":{\"regex\":{\"source\":\"refresh\"}}}"}]}
RESULT: undefined
COMMAND: POST /session/04234d49f989df1d8cc66cbbd9ee498b/element - {"using":"xpath","value":"//*[@id=\"__button98-img\"]"}
RESULT: {"using":"xpath","value":"//*[@id=\"__button98-img\"]"}
COMMAND: POST /session/04234d49f989df1d8cc66cbbd9ee498b/element/f.9E73453283219C642BED86114F2A427E.d.371E1594455FC721F65C3540F698A99C.e.4205/click - {}
RESULT: {}
COMMAND: POST /session/04234d49f989df1d8cc66cbbd9ee498b/execute/async - {"script":"<script> [1562 bytes]","args":[{"selector":{"id":"application-managecatalogs-display-component---masterCatalogItems--searchItemsField","interaction":{"idSuffix":"I"}},"wdio_ui5_key":"applicationmanagecatalogs-display-component---masterCatalogItems--searchItemsField"}]}
COMMAND: GET /session/04234d49f989df1d8cc66cbbd9ee498b/screenshot - {}
RESULT: {"script":"<script> [1562 bytes]","args":[{"selector":{"id":"application-managecatalogs-display-component---masterCatalogItems--searchItemsField","interaction":{"idSuffix":"I"}},"wdio_ui5_key":"applicationmanagecatalogs-display-component---masterCatalogItems--searchItemsField"}]}
RESULT: undefined
COMMAND: POST /session/04234d49f989df1d8cc66cbbd9ee498b/execute/async - {"script":"<script> [776 bytes]","args":[{"enterText":"Webdrivert31p2k","selector":{"id":"application-managecatalogs-display-component---masterCatalogItems--searchItemsField","interaction":{"idSuffix":"I"}},"clearTextFirst":true,"interactionType":"ENTER_TEXT"}]}
RESULT: {}
RESULT: {"script":"<script> [776 bytes]","args":[{"enterText":"Webdrivert31p2k","selector":{"id":"application-managecatalogs-display-component---masterCatalogItems--searchItemsField","interaction":{"idSuffix":"I"}},"clearTextFirst":true,"interactionType":"ENTER_TEXT"}]}
COMMAND: POST /session/04234d49f989df1d8cc66cbbd9ee498b/actions - {"actions":[{"id":"action10","type":"key","parameters":{},"actions":[{"type":"keyDown","value":"î€‡"},{"type":"pause","duration":10},{"type":"keyUp","value":"î€‡"}]}]}
RESULT: {"actions":[{"id":"action10","type":"key","parameters":{},"actions":[{"type":"keyDown","value":"î€‡"},{"type":"pause","duration":10},{"type":"keyUp","value":"î€‡"}]}]}
COMMAND: POST /session/04234d49f989df1d8cc66cbbd9ee498b/element - {"using":"xpath","value":"(//span[contains(text(), \"Webdrivert31p2k\")])[1]"}
COMMAND: GET /session/04234d49f989df1d8cc66cbbd9ee498b/screenshot - {}
RESULT: {"using":"xpath","value":"(//span[contains(text(), \"Webdrivert31p2k\")])[1]"}
COMMAND: POST /session/04234d49f989df1d8cc66cbbd9ee498b/element/f.9E73453283219C642BED86114F2A427E.d.371E1594455FC721F65C3540F698A99C.e.4208/click - {}
RESULT: {}
RESULT: {}
COMMAND: GET /session/04234d49f989df1d8cc66cbbd9ee498b/screenshot - {}
RESULT: {}
RESULT: undefined
COMMAND: POST /session/04234d49f989df1d8cc66cbbd9ee498b/element - {"using":"xpath","value":"//*[@id=\"__button122\"]"}
RESULT: {"using":"xpath","value":"//*[@id=\"__button122\"]"}
COMMAND: POST /session/04234d49f989df1d8cc66cbbd9ee498b/element/f.9E73453283219C642BED86114F2A427E.d.371E1594455FC721F65C3540F698A99C.e.4245/click - {}
RESULT: {}
COMMAND: GET /session/04234d49f989df1d8cc66cbbd9ee498b/screenshot - {}
RESULT: {}
RESULT: undefined
COMMAND: POST /session/04234d49f989df1d8cc66cbbd9ee498b/element - {"using":"xpath","value":"//*[@id=\"__button130-img\"]"}
RESULT: {"using":"xpath","value":"//*[@id=\"__button130-img\"]"}
COMMAND: POST /session/04234d49f989df1d8cc66cbbd9ee498b/element/f.9E73453283219C642BED86114F2A427E.d.371E1594455FC721F65C3540F698A99C.e.4295/click - {}
RESULT: {}
COMMAND: GET /session/04234d49f989df1d8cc66cbbd9ee498b/screenshot - {}
RESULT: {}
RESULT: undefined
COMMAND: POST /session/04234d49f989df1d8cc66cbbd9ee498b/execute/async - {"script":"<script> [776 bytes]","args":[{"enterText":"SecondSectionqkkjb","selector":{"id":"application-managecatalogs-display-component---detailCatalog--numberInput","searchOpenDialogs":true,"interaction":{"idSuffix":"inner"}},"clearTextFirst":true,"interactionType":"ENTER_TEXT"}]}
RESULT: {"script":"<script> [776 bytes]","args":[{"enterText":"SecondSectionqkkjb","selector":{"id":"application-managecatalogs-display-component---detailCatalog--numberInput","searchOpenDialogs":true,"interaction":{"idSuffix":"inner"}},"clearTextFirst":true,"interactionType":"ENTER_TEXT"}]}
COMMAND: POST /session/04234d49f989df1d8cc66cbbd9ee498b/element - {"using":"xpath","value":"//input[contains(@id ,\"application-managecatalogs-display-component---detailCatalog--nameInput-inner\")]"}
RESULT: {"using":"xpath","value":"//input[contains(@id ,\"application-managecatalogs-display-component---detailCatalog--nameInput-inner\")]"}
COMMAND: POST /session/04234d49f989df1d8cc66cbbd9ee498b/elements - {"using":"xpath","value":"//input[contains(@id ,\"application-managecatalogs-display-component---detailCatalog--nameInput-inner\")]"}
RESULT: {"using":"xpath","value":"//input[contains(@id ,\"application-managecatalogs-display-component---detailCatalog--nameInput-inner\")]"}
COMMAND: POST /session/04234d49f989df1d8cc66cbbd9ee498b/element/f.9E73453283219C642BED86114F2A427E.d.371E1594455FC721F65C3540F698A99C.e.4298/clear - {}
RESULT: {}
COMMAND: POST /session/04234d49f989df1d8cc66cbbd9ee498b/element/f.9E73453283219C642BED86114F2A427E.d.371E1594455FC721F65C3540F698A99C.e.4298/value - {"text":"webdriversecond5mrmhg"}
COMMAND: GET /session/04234d49f989df1d8cc66cbbd9ee498b/screenshot - {}
RESULT: {"text":"webdriversecond5mrmhg"}
RESULT: undefined
COMMAND: POST /session/04234d49f989df1d8cc66cbbd9ee498b/element - {"using":"xpath","value":"//*[@id=\"__button100\"]"}
COMMAND: GET /session/04234d49f989df1d8cc66cbbd9ee498b/screenshot - {}
RESULT: {}
RESULT: {"using":"xpath","value":"//*[@id=\"__button100\"]"}
COMMAND: POST /session/04234d49f989df1d8cc66cbbd9ee498b/element/f.9E73453283219C642BED86114F2A427E.d.371E1594455FC721F65C3540F698A99C.e.4302/click - {}
RESULT: {}
RESULT: {}
COMMAND: GET /session/04234d49f989df1d8cc66cbbd9ee498b/screenshot - {}
RESULT: {}
COMMAND: POST /session/04234d49f989df1d8cc66cbbd9ee498b/element - {"using":"xpath","value":"//button[@title=\"Save\"]"}
RESULT: {"using":"xpath","value":"//button[@title=\"Save\"]"}
COMMAND: POST /session/04234d49f989df1d8cc66cbbd9ee498b/element/f.9E73453283219C642BED86114F2A427E.d.371E1594455FC721F65C3540F698A99C.e.4279/click - {}
RESULT: {}
COMMAND: GET /session/04234d49f989df1d8cc66cbbd9ee498b/screenshot - {}
RESULT: {}
RESULT: undefined
COMMAND: POST /session/04234d49f989df1d8cc66cbbd9ee498b/element - {"using":"xpath","value":"//*[@id=\"__button125-img\"]"}
RESULT: {"using":"xpath","value":"//*[@id=\"__button125-img\"]"}
COMMAND: POST /session/04234d49f989df1d8cc66cbbd9ee498b/element/f.9E73453283219C642BED86114F2A427E.d.371E1594455FC721F65C3540F698A99C.e.4252/click - {}
RESULT: {}
COMMAND: GET /session/04234d49f989df1d8cc66cbbd9ee498b/screenshot - {}
RESULT: {}
RESULT: undefined
COMMAND: POST /session/04234d49f989df1d8cc66cbbd9ee498b/element - {"using":"xpath","value":"//*[@id=\"__button98-img\"]"}
RESULT: {"using":"xpath","value":"//*[@id=\"__button98-img\"]"}
COMMAND: POST /session/04234d49f989df1d8cc66cbbd9ee498b/element/f.9E73453283219C642BED86114F2A427E.d.371E1594455FC721F65C3540F698A99C.e.4340/click - {}
RESULT: {}
COMMAND: GET /session/04234d49f989df1d8cc66cbbd9ee498b/screenshot - {}
RESULT: {}
RESULT: undefined
COMMAND: POST /session/04234d49f989df1d8cc66cbbd9ee498b/execute/async - {"script":"<script> [776 bytes]","args":[{"enterText":"SecondSectionqkkjb","selector":{"id":"application-managecatalogs-display-component---masterCatalogItems--searchItemsField","interaction":{"idSuffix":"I"}},"clearTextFirst":true,"interactionType":"ENTER_TEXT"}]}
RESULT: {"script":"<script> [776 bytes]","args":[{"enterText":"SecondSectionqkkjb","selector":{"id":"application-managecatalogs-display-component---masterCatalogItems--searchItemsField","interaction":{"idSuffix":"I"}},"clearTextFirst":true,"interactionType":"ENTER_TEXT"}]}
COMMAND: POST /session/04234d49f989df1d8cc66cbbd9ee498b/actions - {"actions":[{"id":"action11","type":"key","parameters":{},"actions":[{"type":"keyDown","value":"î€‡"},{"type":"pause","duration":10},{"type":"keyUp","value":"î€‡"}]}]}
RESULT: {"actions":[{"id":"action11","type":"key","parameters":{},"actions":[{"type":"keyDown","value":"î€‡"},{"type":"pause","duration":10},{"type":"keyUp","value":"î€‡"}]}]}
COMMAND: POST /session/04234d49f989df1d8cc66cbbd9ee498b/element - {"using":"xpath","value":"(//span[contains(text(), \"SecondSectionqkkjb\")])[1]"}
COMMAND: GET /session/04234d49f989df1d8cc66cbbd9ee498b/screenshot - {}
RESULT: {"using":"xpath","value":"(//span[contains(text(), \"SecondSectionqkkjb\")])[1]"}
COMMAND: POST /session/04234d49f989df1d8cc66cbbd9ee498b/element/f.9E73453283219C642BED86114F2A427E.d.371E1594455FC721F65C3540F698A99C.e.4343/click - {}
RESULT: {}
RESULT: {}
COMMAND: POST /session/04234d49f989df1d8cc66cbbd9ee498b/element - {"using":"xpath","value":"(//span[contains(text(), \"SecondSectionqkkjb\")])[1]"}
COMMAND: GET /session/04234d49f989df1d8cc66cbbd9ee498b/screenshot - {}
RESULT: {"using":"xpath","value":"(//span[contains(text(), \"SecondSectionqkkjb\")])[1]"}
COMMAND: GET /session/04234d49f989df1d8cc66cbbd9ee498b/element/f.9E73453283219C642BED86114F2A427E.d.371E1594455FC721F65C3540F698A99C.e.4343/text - {}
RESULT: {}
COMMAND: POST /session/04234d49f989df1d8cc66cbbd9ee498b/element - {"using":"xpath","value":"(//span[contains(text(), \"SecondSectionqkkjb\")])[1]"}
RESULT: {"using":"xpath","value":"(//span[contains(text(), \"SecondSectionqkkjb\")])[1]"}
COMMAND: GET /session/04234d49f989df1d8cc66cbbd9ee498b/element/f.9E73453283219C642BED86114F2A427E.d.371E1594455FC721F65C3540F698A99C.e.4343/text - {}
COMMAND: POST /session/04234d49f989df1d8cc66cbbd9ee498b/element - {"using":"xpath","value":"(//span[contains(text(), \"SecondSectionqkkjb\")])[1]"}
RESULT: {"using":"xpath","value":"(//span[contains(text(), \"SecondSectionqkkjb\")])[1]"}
COMMAND: GET /session/04234d49f989df1d8cc66cbbd9ee498b/element/f.9E73453283219C642BED86114F2A427E.d.371E1594455FC721F65C3540F698A99C.e.4395/text - {}
RESULT: {}
COMMAND: POST /session/04234d49f989df1d8cc66cbbd9ee498b/refresh - {}
RESULT: {}
COMMAND: GET /session/04234d49f989df1d8cc66cbbd9ee498b/screenshot - {}
RESULT: {}
COMMAND: POST /session/04234d49f989df1d8cc66cbbd9ee498b/execute/async - {"script":"<script> [189 bytes]","args":[]}
RESULT: {"script":"<script> [189 bytes]","args":[]}
COMMAND: POST /session/04234d49f989df1d8cc66cbbd9ee498b/execute/async - {"script":"<script> [123 bytes]","args":[]}
RESULT: {"script":"<script> [123 bytes]","args":[]}
COMMAND: POST /session/04234d49f989df1d8cc66cbbd9ee498b/timeouts - {"script":"<number>"}
RESULT: {"script":"<number>"}
COMMAND: GET /session/04234d49f989df1d8cc66cbbd9ee498b/timeouts - {}
RESULT: {}
RESULT: undefined
COMMAND: POST /session/04234d49f989df1d8cc66cbbd9ee498b/execute/async - {"script":"<script> [2676 bytes]","args":[]}
RESULT: {"script":"<script> [2676 bytes]","args":[]}
COMMAND: POST /session/04234d49f989df1d8cc66cbbd9ee498b/execute/async - {"script":"<script> [2342 bytes]","args":[{"protocol":"http","hostname":"0.0.0.0","path":"/","capabilities":{"browserName":"chrome","goog:chromeOptions":{"binary":"C:\\Program Files\\Google\\Chrome\\Application\\chrome.exe","args":["--start-maximized"]}},"logLevel":"warn","connectionRetryTimeout":120000,"connectionRetryCount":3,"logLevels":{},"enableDirectConnect":true,"strictSSL":true,"_":"65 more keys: [\"cacheDir\",\"port\",\"requestedCapabilities\",\"automationProtocol\",\"baseUrl\",\"waitforInterval\",\"waitforTimeout\",\"onReload\",\"beforeCommand\",\"afterCommand\",\"rootDir\",\"specs\",\"suites\",\"exclude\",\"groupLogsByTestSpec\",\"excludeDriverLogs\",\"bail\",\"framework\",\"reporters\",\"services\",\"maxInstances\",\"maxInstancesPerCapability\",\"injectGlobals\",\"filesToWatch\",\"execArgv\",\"runnerEnv\",\"runner\",\"shard\",\"specFileRetries\",\"specFileRetriesDelay\",\"specFileRetriesDeferred\",\"reporterSyncInterval\",\"reporterSyncTimeout\",\"cucumberFeaturesWithLineNumbers\",\"autoCompileOpts\",\"mochaOpts\",\"jasmineOpts\",\"cucumberOpts\",\"onPrepare\",\"onWorkerStart\",\"onWorkerEnd\",\"before\",\"beforeSession\",\"beforeSuite\",\"beforeHook\",\"beforeTest\",\"afterTest\",\"afterHook\",\"afterSuite\",\"afterSession\",\"after\",\"onComplete\",\"beforeAssertion\",\"afterAssertion\",\"beforeFeature\",\"beforeScenario\",\"beforeStep\",\"afterStep\",\"afterScenario\",\"afterFeature\",\"_\",\"suite\",\"$0\",\"ignoredWorkerServices\",\"wdi5\"]"}]}
RESULT: {"script":"<script> [2342 bytes]","args":[{"protocol":"http","hostname":"0.0.0.0","path":"/","capabilities":{"browserName":"chrome","goog:chromeOptions":{"binary":"C:\\Program Files\\Google\\Chrome\\Application\\chrome.exe","args":["--start-maximized"]}},"logLevel":"warn","connectionRetryTimeout":120000,"connectionRetryCount":3,"logLevels":{},"enableDirectConnect":true,"strictSSL":true,"_":"65 more keys: [\"cacheDir\",\"port\",\"requestedCapabilities\",\"automationProtocol\",\"baseUrl\",\"waitforInterval\",\"waitforTimeout\",\"onReload\",\"beforeCommand\",\"afterCommand\",\"rootDir\",\"specs\",\"suites\",\"exclude\",\"groupLogsByTestSpec\",\"excludeDriverLogs\",\"bail\",\"framework\",\"reporters\",\"services\",\"maxInstances\",\"maxInstancesPerCapability\",\"injectGlobals\",\"filesToWatch\",\"execArgv\",\"runnerEnv\",\"runner\",\"shard\",\"specFileRetries\",\"specFileRetriesDelay\",\"specFileRetriesDeferred\",\"reporterSyncInterval\",\"reporterSyncTimeout\",\"cucumberFeaturesWithLineNumbers\",\"autoCompileOpts\",\"mochaOpts\",\"jasmineOpts\",\"cucumberOpts\",\"onPrepare\",\"onWorkerStart\",\"onWorkerEnd\",\"before\",\"beforeSession\",\"beforeSuite\",\"beforeHook\",\"beforeTest\",\"afterTest\",\"afterHook\",\"afterSuite\",\"afterSession\",\"after\",\"onComplete\",\"beforeAssertion\",\"afterAssertion\",\"beforeFeature\",\"beforeScenario\",\"beforeStep\",\"afterStep\",\"afterScenario\",\"afterFeature\",\"_\",\"suite\",\"$0\",\"ignoredWorkerServices\",\"wdi5\"]"}]}
COMMAND: POST /session/04234d49f989df1d8cc66cbbd9ee498b/execute/async - {"script":"<script> [21126 bytes]","args":[35000]}
RESULT: {"script":"<script> [21126 bytes]","args":[35000]}
COMMAND: POST /session/04234d49f989df1d8cc66cbbd9ee498b/execute/async - {"script":"<script> [1562 bytes]","args":[{"selector":{"controlType":"sap.m.Button","viewName":"etm.portal.ui.managecatalogs.view.Detail","viewId":"application-managecatalogs-display-component---detailCatalog","i18NText":{"propertyName":"text","key":"edit"},"interaction":{"idSuffix":"BDI-content"}},"wdio_ui5_key":"etmportal.ui.managecatalogs.view.Detailsap.m.Button{\"propertyName\":\"text\",\"key\":\"edit\"}"}]}
RESULT: {"script":"<script> [1562 bytes]","args":[{"selector":{"controlType":"sap.m.Button","viewName":"etm.portal.ui.managecatalogs.view.Detail","viewId":"application-managecatalogs-display-component---detailCatalog","i18NText":{"propertyName":"text","key":"edit"},"interaction":{"idSuffix":"BDI-content"}},"wdio_ui5_key":"etmportal.ui.managecatalogs.view.Detailsap.m.Button{\"propertyName\":\"text\",\"key\":\"edit\"}"}]}
RESULT: undefined
COMMAND: POST /session/04234d49f989df1d8cc66cbbd9ee498b/element - {"using":"xpath","value":"//*[@id=\"__button25\"]"}
RESULT: {"using":"xpath","value":"//*[@id=\"__button25\"]"}
COMMAND: POST /session/04234d49f989df1d8cc66cbbd9ee498b/element/f.9E73453283219C642BED86114F2A427E.d.89410050AB5C67B0503D5BCBBEE78F42.e.4453/click - {}
RESULT: {}
COMMAND: GET /session/04234d49f989df1d8cc66cbbd9ee498b/screenshot - {}
RESULT: {}
COMMAND: POST /session/04234d49f989df1d8cc66cbbd9ee498b/element - {"using":"xpath","value":"//button[contains(@title ,\"Create Catalog Item\")]"}
RESULT: {"using":"xpath","value":"//button[contains(@title ,\"Create Catalog Item\")]"}
COMMAND: POST /session/04234d49f989df1d8cc66cbbd9ee498b/element/f.9E73453283219C642BED86114F2A427E.d.89410050AB5C67B0503D5BCBBEE78F42.e.4460/click - {}
RESULT: {}
COMMAND: POST /session/04234d49f989df1d8cc66cbbd9ee498b/execute/async - {"script":"<script> [1562 bytes]","args":[{"selector":{"id":"application-managecatalogs-display-component---detailCatalog--newItemNumberInput","searchOpenDialogs":true,"interaction":{"idSuffix":"inner"}},"wdio_ui5_key":"applicationmanagecatalogs-display-component---detailCatalog--newItemNumberInput"}]}
COMMAND: GET /session/04234d49f989df1d8cc66cbbd9ee498b/screenshot - {}
RESULT: {"script":"<script> [1562 bytes]","args":[{"selector":{"id":"application-managecatalogs-display-component---detailCatalog--newItemNumberInput","searchOpenDialogs":true,"interaction":{"idSuffix":"inner"}},"wdio_ui5_key":"applicationmanagecatalogs-display-component---detailCatalog--newItemNumberInput"}]}
RESULT: undefined
COMMAND: POST /session/04234d49f989df1d8cc66cbbd9ee498b/execute/async - {"script":"<script> [776 bytes]","args":[{"enterText":"catalogItemjgjqw","selector":{"id":"application-managecatalogs-display-component---detailCatalog--newItemNumberInput","searchOpenDialogs":true,"interaction":{"idSuffix":"inner"}},"clearTextFirst":true,"interactionType":"ENTER_TEXT"}]}
RESULT: {}
RESULT: {"script":"<script> [776 bytes]","args":[{"enterText":"catalogItemjgjqw","selector":{"id":"application-managecatalogs-display-component---detailCatalog--newItemNumberInput","searchOpenDialogs":true,"interaction":{"idSuffix":"inner"}},"clearTextFirst":true,"interactionType":"ENTER_TEXT"}]}
COMMAND: POST /session/04234d49f989df1d8cc66cbbd9ee498b/execute/async - {"script":"<script> [1562 bytes]","args":[{"selector":{"controlType":"sap.m.Input","viewName":"etm.portal.ui.managecatalogs.view.Detail","viewId":"application-managecatalogs-display-component---detailCatalog","bindingPath":{"path":"","propertyPath":"/DESCRIPTION"},"searchOpenDialogs":true,"interaction":{"idSuffix":"inner"}},"wdio_ui5_key":"etmportal.ui.managecatalogs.view.Detailsap.m.Input{\"path\":\"\",\"propertyPath\":\"/DESCRIPTION\"}"}]}
RESULT: {"script":"<script> [1562 bytes]","args":[{"selector":{"controlType":"sap.m.Input","viewName":"etm.portal.ui.managecatalogs.view.Detail","viewId":"application-managecatalogs-display-component---detailCatalog","bindingPath":{"path":"","propertyPath":"/DESCRIPTION"},"searchOpenDialogs":true,"interaction":{"idSuffix":"inner"}},"wdio_ui5_key":"etmportal.ui.managecatalogs.view.Detailsap.m.Input{\"path\":\"\",\"propertyPath\":\"/DESCRIPTION\"}"}]}
RESULT: undefined
COMMAND: POST /session/04234d49f989df1d8cc66cbbd9ee498b/execute/async - {"script":"<script> [776 bytes]","args":[{"enterText":"catalogItemNamekdxhm","selector":{"controlType":"sap.m.Input","viewName":"etm.portal.ui.managecatalogs.view.Detail","viewId":"application-managecatalogs-display-component---detailCatalog","bindingPath":{"path":"","propertyPath":"/DESCRIPTION"},"searchOpenDialogs":true,"interaction":{"idSuffix":"inner"}},"clearTextFirst":true,"interactionType":"ENTER_TEXT"}]}
RESULT: {"script":"<script> [776 bytes]","args":[{"enterText":"catalogItemNamekdxhm","selector":{"controlType":"sap.m.Input","viewName":"etm.portal.ui.managecatalogs.view.Detail","viewId":"application-managecatalogs-display-component---detailCatalog","bindingPath":{"path":"","propertyPath":"/DESCRIPTION"},"searchOpenDialogs":true,"interaction":{"idSuffix":"inner"}},"clearTextFirst":true,"interactionType":"ENTER_TEXT"}]}
COMMAND: POST /session/04234d49f989df1d8cc66cbbd9ee498b/actions - {"actions":[{"id":"action12","type":"key","parameters":{},"actions":[{"type":"keyDown","value":"î€„"},{"type":"pause","duration":10},{"type":"keyUp","value":"î€„"}]}]}
RESULT: {"actions":[{"id":"action12","type":"key","parameters":{},"actions":[{"type":"keyDown","value":"î€„"},{"type":"pause","duration":10},{"type":"keyUp","value":"î€„"}]}]}
COMMAND: GET /session/04234d49f989df1d8cc66cbbd9ee498b/screenshot - {}
RESULT: {}
COMMAND: POST /session/04234d49f989df1d8cc66cbbd9ee498b/actions - {"actions":[{"id":"action13","type":"key","parameters":{},"actions":[{"type":"keyDown","value":"î€‡"},{"type":"pause","duration":10},{"type":"keyUp","value":"î€‡"}]}]}
RESULT: {"actions":[{"id":"action13","type":"key","parameters":{},"actions":[{"type":"keyDown","value":"î€‡"},{"type":"pause","duration":10},{"type":"keyUp","value":"î€‡"}]}]}
COMMAND: GET /session/04234d49f989df1d8cc66cbbd9ee498b/screenshot - {}
RESULT: {}
COMMAND: POST /session/04234d49f989df1d8cc66cbbd9ee498b/element - {"using":"xpath","value":"//button[@title=\"Save\"]"}
RESULT: {"using":"xpath","value":"//button[@title=\"Save\"]"}
COMMAND: POST /session/04234d49f989df1d8cc66cbbd9ee498b/element/f.9E73453283219C642BED86114F2A427E.d.89410050AB5C67B0503D5BCBBEE78F42.e.4469/click - {}
RESULT: {}
COMMAND: GET /session/04234d49f989df1d8cc66cbbd9ee498b/screenshot - {}
RESULT: {}
COMMAND: POST /session/04234d49f989df1d8cc66cbbd9ee498b/execute/async - {"script":"<script> [1562 bytes]","args":[{"selector":{"controlType":"sap.ui.core.Icon","viewName":"etm.portal.ui.managecatalogs.view.Detail","viewId":"application-managecatalogs-display-component---detailCatalog","properties":{"src":{"regex":{"source":"decline"}}}},"wdio_ui5_key":"etmportal.ui.managecatalogs.view.Detailsap.ui.core.Icon{\"src\":{\"regex\":{\"source\":\"decline\"}}}"}]}
RESULT: {"script":"<script> [1562 bytes]","args":[{"selector":{"controlType":"sap.ui.core.Icon","viewName":"etm.portal.ui.managecatalogs.view.Detail","viewId":"application-managecatalogs-display-component---detailCatalog","properties":{"src":{"regex":{"source":"decline"}}}},"wdio_ui5_key":"etmportal.ui.managecatalogs.view.Detailsap.ui.core.Icon{\"src\":{\"regex\":{\"source\":\"decline\"}}}"}]}
RESULT: undefined
COMMAND: POST /session/04234d49f989df1d8cc66cbbd9ee498b/element - {"using":"xpath","value":"//*[@id=\"__button28-img\"]"}
RESULT: {"using":"xpath","value":"//*[@id=\"__button28-img\"]"}
COMMAND: POST /session/04234d49f989df1d8cc66cbbd9ee498b/element/f.9E73453283219C642BED86114F2A427E.d.89410050AB5C67B0503D5BCBBEE78F42.e.4475/click - {}
RESULT: {}
COMMAND: GET /session/04234d49f989df1d8cc66cbbd9ee498b/screenshot - {}
RESULT: {}
COMMAND: POST /session/04234d49f989df1d8cc66cbbd9ee498b/execute/async - {"script":"<script> [1562 bytes]","args":[{"selector":{"controlType":"sap.ui.core.Icon","viewName":"etm.portal.ui.managecatalogs.view.MasterItems","viewId":"application-managecatalogs-display-component---masterCatalogItems","properties":{"src":{"regex":{"source":"refresh"}}}},"wdio_ui5_key":"etmportal.ui.managecatalogs.view.MasterItemssap.ui.core.Icon{\"src\":{\"regex\":{\"source\":\"refresh\"}}}"}]}
RESULT: {"script":"<script> [1562 bytes]","args":[{"selector":{"controlType":"sap.ui.core.Icon","viewName":"etm.portal.ui.managecatalogs.view.MasterItems","viewId":"application-managecatalogs-display-component---masterCatalogItems","properties":{"src":{"regex":{"source":"refresh"}}}},"wdio_ui5_key":"etmportal.ui.managecatalogs.view.MasterItemssap.ui.core.Icon{\"src\":{\"regex\":{\"source\":\"refresh\"}}}"}]}
RESULT: undefined
COMMAND: POST /session/04234d49f989df1d8cc66cbbd9ee498b/element - {"using":"xpath","value":"//*[@id=\"__button1-img\"]"}
RESULT: {"using":"xpath","value":"//*[@id=\"__button1-img\"]"}
COMMAND: POST /session/04234d49f989df1d8cc66cbbd9ee498b/element/f.9E73453283219C642BED86114F2A427E.d.89410050AB5C67B0503D5BCBBEE78F42.e.4483/click - {}
RESULT: {}
COMMAND: GET /session/04234d49f989df1d8cc66cbbd9ee498b/screenshot - {}
RESULT: {}
COMMAND: POST /session/04234d49f989df1d8cc66cbbd9ee498b/execute/async - {"script":"<script> [1562 bytes]","args":[{"selector":{"id":"application-managecatalogs-display-component---masterCatalogItems--searchItemsField","interaction":{"idSuffix":"I"}},"wdio_ui5_key":"applicationmanagecatalogs-display-component---masterCatalogItems--searchItemsField"}]}
RESULT: {"script":"<script> [1562 bytes]","args":[{"selector":{"id":"application-managecatalogs-display-component---masterCatalogItems--searchItemsField","interaction":{"idSuffix":"I"}},"wdio_ui5_key":"applicationmanagecatalogs-display-component---masterCatalogItems--searchItemsField"}]}
RESULT: undefined
COMMAND: POST /session/04234d49f989df1d8cc66cbbd9ee498b/execute/async - {"script":"<script> [776 bytes]","args":[{"enterText":"catalogItemNamekdxhm","selector":{"id":"application-managecatalogs-display-component---masterCatalogItems--searchItemsField","interaction":{"idSuffix":"I"}},"clearTextFirst":true,"interactionType":"ENTER_TEXT"}]}
RESULT: {"script":"<script> [776 bytes]","args":[{"enterText":"catalogItemNamekdxhm","selector":{"id":"application-managecatalogs-display-component---masterCatalogItems--searchItemsField","interaction":{"idSuffix":"I"}},"clearTextFirst":true,"interactionType":"ENTER_TEXT"}]}
COMMAND: POST /session/04234d49f989df1d8cc66cbbd9ee498b/actions - {"actions":[{"id":"action14","type":"key","parameters":{},"actions":[{"type":"keyDown","value":"î€‡"},{"type":"pause","duration":10},{"type":"keyUp","value":"î€‡"}]}]}
RESULT: {"actions":[{"id":"action14","type":"key","parameters":{},"actions":[{"type":"keyDown","value":"î€‡"},{"type":"pause","duration":10},{"type":"keyUp","value":"î€‡"}]}]}
COMMAND: POST /session/04234d49f989df1d8cc66cbbd9ee498b/element - {"using":"xpath","value":"(//span[contains(text(), \"catalogItemNamekdxhm\")])[1]"}
COMMAND: GET /session/04234d49f989df1d8cc66cbbd9ee498b/screenshot - {}
RESULT: {"using":"xpath","value":"(//span[contains(text(), \"catalogItemNamekdxhm\")])[1]"}
COMMAND: POST /session/04234d49f989df1d8cc66cbbd9ee498b/element/f.9E73453283219C642BED86114F2A427E.d.89410050AB5C67B0503D5BCBBEE78F42.e.4520/click - {}
RESULT: {}
RESULT: {}
COMMAND: GET /session/04234d49f989df1d8cc66cbbd9ee498b/screenshot - {}
RESULT: {}
COMMAND: POST /session/04234d49f989df1d8cc66cbbd9ee498b/element - {"using":"xpath","value":"//span[contains(text(), \"catalogItemjgjqw\")]"}
RESULT: {"using":"xpath","value":"//span[contains(text(), \"catalogItemjgjqw\")]"}
COMMAND: GET /session/04234d49f989df1d8cc66cbbd9ee498b/element/f.9E73453283219C642BED86114F2A427E.d.89410050AB5C67B0503D5BCBBEE78F42.e.4581/text - {}
RESULT: {}
]]></system-out>
    </testcase>
    <testcase classname="chrome.135_0_7049_96.windows.Standard_contract_-_add_contract_items_by_Insert_Request_US118222" name="Should assign resources to the catalog item" time="61.821">
      <system-out><![CDATA[
RESULT: undefined
COMMAND: POST /session/04234d49f989df1d8cc66cbbd9ee498b/element - {"using":"xpath","value":"//*[@id=\"__button25\"]"}
RESULT: {"using":"xpath","value":"//*[@id=\"__button25\"]"}
COMMAND: POST /session/04234d49f989df1d8cc66cbbd9ee498b/element/f.9E73453283219C642BED86114F2A427E.d.89410050AB5C67B0503D5BCBBEE78F42.e.4582/click - {}
RESULT: {}
COMMAND: GET /session/04234d49f989df1d8cc66cbbd9ee498b/screenshot - {}
RESULT: {}
COMMAND: POST /session/04234d49f989df1d8cc66cbbd9ee498b/execute/async - {"script":"<script> [1562 bytes]","args":[{"selector":{"id":"application-managecatalogs-display-component---detailCatalog--BASE_UNIT_OF_MEASURE-arrow"},"wdio_ui5_key":"applicationmanagecatalogs-display-component---detailCatalog--BASE_UNIT_OF_MEASURE-arrow"}]}
RESULT: {"script":"<script> [1562 bytes]","args":[{"selector":{"id":"application-managecatalogs-display-component---detailCatalog--BASE_UNIT_OF_MEASURE-arrow"},"wdio_ui5_key":"applicationmanagecatalogs-display-component---detailCatalog--BASE_UNIT_OF_MEASURE-arrow"}]}
RESULT: undefined
COMMAND: POST /session/04234d49f989df1d8cc66cbbd9ee498b/element - {"using":"xpath","value":"//*[@id=\"application-managecatalogs-display-component---detailCatalog--BASE_UNIT_OF_MEASURE-arrow\"]"}
RESULT: {"using":"xpath","value":"//*[@id=\"application-managecatalogs-display-component---detailCatalog--BASE_UNIT_OF_MEASURE-arrow\"]"}
COMMAND: POST /session/04234d49f989df1d8cc66cbbd9ee498b/element/f.9E73453283219C642BED86114F2A427E.d.89410050AB5C67B0503D5BCBBEE78F42.e.4611/click - {}
RESULT: {}
COMMAND: POST /session/04234d49f989df1d8cc66cbbd9ee498b/execute/async - {"script":"<script> [1562 bytes]","args":[{"selector":{"controlType":"sap.m.StandardListItem","viewName":"etm.portal.ui.managecatalogs.view.Detail","viewId":"application-managecatalogs-display-component---detailCatalog","properties":{"title":"Piece"},"searchOpenDialogs":true,"interaction":{"idSuffix":"titleText"}},"wdio_ui5_key":"etmportal.ui.managecatalogs.view.Detailsap.m.StandardListItem{\"title\":\"Piece\"}"}]}
COMMAND: GET /session/04234d49f989df1d8cc66cbbd9ee498b/screenshot - {}
RESULT: {"script":"<script> [1562 bytes]","args":[{"selector":{"controlType":"sap.m.StandardListItem","viewName":"etm.portal.ui.managecatalogs.view.Detail","viewId":"application-managecatalogs-display-component---detailCatalog","properties":{"title":"Piece"},"searchOpenDialogs":true,"interaction":{"idSuffix":"titleText"}},"wdio_ui5_key":"etmportal.ui.managecatalogs.view.Detailsap.m.StandardListItem{\"title\":\"Piece\"}"}]}
RESULT: undefined
COMMAND: POST /session/04234d49f989df1d8cc66cbbd9ee498b/element - {"using":"xpath","value":"//*[@id=\"__item224\"]"}
RESULT: {}
RESULT: {"using":"xpath","value":"//*[@id=\"__item224\"]"}
COMMAND: POST /session/04234d49f989df1d8cc66cbbd9ee498b/element/f.9E73453283219C642BED86114F2A427E.d.89410050AB5C67B0503D5BCBBEE78F42.e.4615/click - {}
RESULT: {}
COMMAND: POST /session/04234d49f989df1d8cc66cbbd9ee498b/execute/async - {"script":"<script> [1562 bytes]","args":[{"selector":{"id":"application-managecatalogs-display-component---detailCatalog--ObjectPageLayout-anchBar-application-managecatalogs-display-component---detailCatalog--sectionRUs-anchor","interaction":{"idSuffix":"BDI-content"}},"wdio_ui5_key":"applicationmanagecatalogs-display-component---detailCatalog--ObjectPageLayout-anchBar-application-managecatalogs-display-component---detailCatalog--sectionRUs-anchor"}]}
COMMAND: GET /session/04234d49f989df1d8cc66cbbd9ee498b/screenshot - {}
RESULT: {"script":"<script> [1562 bytes]","args":[{"selector":{"id":"application-managecatalogs-display-component---detailCatalog--ObjectPageLayout-anchBar-application-managecatalogs-display-component---detailCatalog--sectionRUs-anchor","interaction":{"idSuffix":"BDI-content"}},"wdio_ui5_key":"applicationmanagecatalogs-display-component---detailCatalog--ObjectPageLayout-anchBar-application-managecatalogs-display-component---detailCatalog--sectionRUs-anchor"}]}
RESULT: undefined
COMMAND: POST /session/04234d49f989df1d8cc66cbbd9ee498b/element - {"using":"xpath","value":"//*[@id=\"application-managecatalogs-display-component---detailCatalog--ObjectPageLayout-anchBar-application-managecatalogs-display-component---detailCatalog--sectionRUs-anchor\"]"}
RESULT: {}
RESULT: {"using":"xpath","value":"//*[@id=\"application-managecatalogs-display-component---detailCatalog--ObjectPageLayout-anchBar-application-managecatalogs-display-component---detailCatalog--sectionRUs-anchor\"]"}
COMMAND: POST /session/04234d49f989df1d8cc66cbbd9ee498b/element/f.9E73453283219C642BED86114F2A427E.d.89410050AB5C67B0503D5BCBBEE78F42.e.4617/click - {}
RESULT: {}
COMMAND: POST /session/04234d49f989df1d8cc66cbbd9ee498b/element - {"using":"xpath","value":"//button[contains(@data-kt ,\"catalogItemAssignRuButton\")]"}
COMMAND: GET /session/04234d49f989df1d8cc66cbbd9ee498b/screenshot - {}
RESULT: {"using":"xpath","value":"//button[contains(@data-kt ,\"catalogItemAssignRuButton\")]"}
COMMAND: POST /session/04234d49f989df1d8cc66cbbd9ee498b/element/f.9E73453283219C642BED86114F2A427E.d.89410050AB5C67B0503D5BCBBEE78F42.e.4621/click - {}
RESULT: {}
RESULT: {}
COMMAND: GET /session/04234d49f989df1d8cc66cbbd9ee498b/screenshot - {}
RESULT: {}
COMMAND: POST /session/04234d49f989df1d8cc66cbbd9ee498b/actions - {"actions":[{"id":"action15","type":"key","parameters":{},"actions":[{"type":"keyDown","value":"î€‡"},{"type":"pause","duration":10},{"type":"keyUp","value":"î€‡"}]}]}
RESULT: {"actions":[{"id":"action15","type":"key","parameters":{},"actions":[{"type":"keyDown","value":"î€‡"},{"type":"pause","duration":10},{"type":"keyUp","value":"î€‡"}]}]}
COMMAND: POST /session/04234d49f989df1d8cc66cbbd9ee498b/execute/async - {"script":"<script> [1562 bytes]","args":[{"selector":{"id":"application-managecatalogs-display-component---detailCatalog--assignRUSearchField-vhi","searchOpenDialogs":true},"wdio_ui5_key":"applicationmanagecatalogs-display-component---detailCatalog--assignRUSearchField-vhi"}]}
COMMAND: GET /session/04234d49f989df1d8cc66cbbd9ee498b/screenshot - {}
RESULT: {"script":"<script> [1562 bytes]","args":[{"selector":{"id":"application-managecatalogs-display-component---detailCatalog--assignRUSearchField-vhi","searchOpenDialogs":true},"wdio_ui5_key":"applicationmanagecatalogs-display-component---detailCatalog--assignRUSearchField-vhi"}]}
RESULT: undefined
COMMAND: POST /session/04234d49f989df1d8cc66cbbd9ee498b/element - {"using":"xpath","value":"//*[@id=\"application-managecatalogs-display-component---detailCatalog--assignRUSearchField-vhi\"]"}
RESULT: {}
RESULT: {"using":"xpath","value":"//*[@id=\"application-managecatalogs-display-component---detailCatalog--assignRUSearchField-vhi\"]"}
COMMAND: POST /session/04234d49f989df1d8cc66cbbd9ee498b/element/f.9E73453283219C642BED86114F2A427E.d.89410050AB5C67B0503D5BCBBEE78F42.e.4642/click - {}
RESULT: {}
COMMAND: GET /session/04234d49f989df1d8cc66cbbd9ee498b/screenshot - {}
RESULT: {}
COMMAND: POST /session/04234d49f989df1d8cc66cbbd9ee498b/element - {"using":"xpath","value":"//input[contains(@id ,\"searchField-I\")]"}
RESULT: {"using":"xpath","value":"//input[contains(@id ,\"searchField-I\")]"}
COMMAND: POST /session/04234d49f989df1d8cc66cbbd9ee498b/element/f.9E73453283219C642BED86114F2A427E.d.89410050AB5C67B0503D5BCBBEE78F42.e.4646/clear - {}
RESULT: {}
COMMAND: POST /session/04234d49f989df1d8cc66cbbd9ee498b/element/f.9E73453283219C642BED86114F2A427E.d.89410050AB5C67B0503D5BCBBEE78F42.e.4646/value - {"text":"WdIOR2cEquipuxg52"}
COMMAND: GET /session/04234d49f989df1d8cc66cbbd9ee498b/screenshot - {}
RESULT: {"text":"WdIOR2cEquipuxg52"}
COMMAND: GET /session/04234d49f989df1d8cc66cbbd9ee498b/screenshot - {}
RESULT: {}
RESULT: {}
COMMAND: POST /session/04234d49f989df1d8cc66cbbd9ee498b/actions - {"actions":[{"id":"action16","type":"key","parameters":{},"actions":[{"type":"keyDown","value":"î€‡"},{"type":"pause","duration":10},{"type":"keyUp","value":"î€‡"}]}]}
RESULT: {"actions":[{"id":"action16","type":"key","parameters":{},"actions":[{"type":"keyDown","value":"î€‡"},{"type":"pause","duration":10},{"type":"keyUp","value":"î€‡"}]}]}
COMMAND: GET /session/04234d49f989df1d8cc66cbbd9ee498b/screenshot - {}
RESULT: {}
COMMAND: POST /session/04234d49f989df1d8cc66cbbd9ee498b/actions - {"actions":[{"id":"action17","type":"key","parameters":{},"actions":[{"type":"keyDown","value":"î€„"},{"type":"pause","duration":10},{"type":"keyUp","value":"î€„"}]}]}
RESULT: {"actions":[{"id":"action17","type":"key","parameters":{},"actions":[{"type":"keyDown","value":"î€„"},{"type":"pause","duration":10},{"type":"keyUp","value":"î€„"}]}]}
COMMAND: GET /session/04234d49f989df1d8cc66cbbd9ee498b/screenshot - {}
RESULT: {}
COMMAND: POST /session/04234d49f989df1d8cc66cbbd9ee498b/actions - {"actions":[{"id":"action18","type":"key","parameters":{},"actions":[{"type":"keyDown","value":"î€‡"},{"type":"pause","duration":10},{"type":"keyUp","value":"î€‡"}]}]}
RESULT: {"actions":[{"id":"action18","type":"key","parameters":{},"actions":[{"type":"keyDown","value":"î€‡"},{"type":"pause","duration":10},{"type":"keyUp","value":"î€‡"}]}]}
COMMAND: GET /session/04234d49f989df1d8cc66cbbd9ee498b/screenshot - {}
RESULT: {}
COMMAND: POST /session/04234d49f989df1d8cc66cbbd9ee498b/element - {"using":"xpath","value":"//bdi[contains(@id ,\"application-managecatalogs-display-component---detailCatalog--RUAssignmentSaveButton-BDI-content\")]"}
RESULT: {"using":"xpath","value":"//bdi[contains(@id ,\"application-managecatalogs-display-component---detailCatalog--RUAssignmentSaveButton-BDI-content\")]"}
COMMAND: POST /session/04234d49f989df1d8cc66cbbd9ee498b/element/f.9E73453283219C642BED86114F2A427E.d.89410050AB5C67B0503D5BCBBEE78F42.e.4681/click - {}
RESULT: {}
COMMAND: GET /session/04234d49f989df1d8cc66cbbd9ee498b/screenshot - {}
RESULT: {}
COMMAND: POST /session/04234d49f989df1d8cc66cbbd9ee498b/element - {"using":"xpath","value":"//bdi[contains(@id ,\"application-managecatalogs-display-component---detailCatalog--ObjectPageLayout-anchBar-application-managecatalogs-display-component---detailCatalog--sectionRUs-anchor-BDI-content\")]"}
RESULT: {"using":"xpath","value":"//bdi[contains(@id ,\"application-managecatalogs-display-component---detailCatalog--ObjectPageLayout-anchBar-application-managecatalogs-display-component---detailCatalog--sectionRUs-anchor-BDI-content\")]"}
COMMAND: POST /session/04234d49f989df1d8cc66cbbd9ee498b/element/f.9E73453283219C642BED86114F2A427E.d.89410050AB5C67B0503D5BCBBEE78F42.e.4698/click - {}
RESULT: {}
COMMAND: GET /session/04234d49f989df1d8cc66cbbd9ee498b/screenshot - {}
RESULT: {}
COMMAND: POST /session/04234d49f989df1d8cc66cbbd9ee498b/element - {"using":"xpath","value":"//button[contains(@data-kt ,\"catalogItemAssignRuButton\")]"}
RESULT: {"using":"xpath","value":"//button[contains(@data-kt ,\"catalogItemAssignRuButton\")]"}
COMMAND: POST /session/04234d49f989df1d8cc66cbbd9ee498b/element/f.9E73453283219C642BED86114F2A427E.d.89410050AB5C67B0503D5BCBBEE78F42.e.4621/click - {}
RESULT: {}
COMMAND: GET /session/04234d49f989df1d8cc66cbbd9ee498b/screenshot - {}
RESULT: {}
COMMAND: POST /session/04234d49f989df1d8cc66cbbd9ee498b/actions - {"actions":[{"id":"action19","type":"key","parameters":{},"actions":[{"type":"keyDown","value":"î€‡"},{"type":"pause","duration":10},{"type":"keyUp","value":"î€‡"}]}]}
RESULT: {"actions":[{"id":"action19","type":"key","parameters":{},"actions":[{"type":"keyDown","value":"î€‡"},{"type":"pause","duration":10},{"type":"keyUp","value":"î€‡"}]}]}
RESULT: undefined
COMMAND: POST /session/04234d49f989df1d8cc66cbbd9ee498b/element - {"using":"xpath","value":"//*[@id=\"application-managecatalogs-display-component---detailCatalog--assignRUSearchField-vhi\"]"}
COMMAND: GET /session/04234d49f989df1d8cc66cbbd9ee498b/screenshot - {}
RESULT: {"using":"xpath","value":"//*[@id=\"application-managecatalogs-display-component---detailCatalog--assignRUSearchField-vhi\"]"}
COMMAND: POST /session/04234d49f989df1d8cc66cbbd9ee498b/elements - {"using":"xpath","value":"//*[@id=\"application-managecatalogs-display-component---detailCatalog--assignRUSearchField-vhi\"]"}
RESULT: {}
RESULT: {"using":"xpath","value":"//*[@id=\"application-managecatalogs-display-component---detailCatalog--assignRUSearchField-vhi\"]"}
COMMAND: POST /session/04234d49f989df1d8cc66cbbd9ee498b/element - {"using":"xpath","value":"//*[@id=\"application-managecatalogs-display-component---detailCatalog--assignRUSearchField-vhi\"]"}
RESULT: {"using":"xpath","value":"//*[@id=\"application-managecatalogs-display-component---detailCatalog--assignRUSearchField-vhi\"]"}
COMMAND: POST /session/04234d49f989df1d8cc66cbbd9ee498b/element/f.9E73453283219C642BED86114F2A427E.d.89410050AB5C67B0503D5BCBBEE78F42.e.4719/click - {}
RESULT: {}
COMMAND: POST /session/04234d49f989df1d8cc66cbbd9ee498b/execute/async - {"script":"<script> [1562 bytes]","args":[{"selector":{"controlType":"sap.m.SearchField","viewName":"etm.portal.ui.managecatalogs.view.Detail","viewId":"application-managecatalogs-display-component---detailCatalog","searchOpenDialogs":true,"interaction":{"idSuffix":"I"}},"wdio_ui5_key":"etmportal.ui.managecatalogs.view.Detailsap.m.SearchField"}]}
COMMAND: GET /session/04234d49f989df1d8cc66cbbd9ee498b/screenshot - {}
RESULT: {"script":"<script> [1562 bytes]","args":[{"selector":{"controlType":"sap.m.SearchField","viewName":"etm.portal.ui.managecatalogs.view.Detail","viewId":"application-managecatalogs-display-component---detailCatalog","searchOpenDialogs":true,"interaction":{"idSuffix":"I"}},"wdio_ui5_key":"etmportal.ui.managecatalogs.view.Detailsap.m.SearchField"}]}
RESULT: undefined
COMMAND: POST /session/04234d49f989df1d8cc66cbbd9ee498b/execute/async - {"script":"<script> [776 bytes]","args":[{"enterText":"WebdriverRUR2Cl01kf","selector":{"controlType":"sap.m.SearchField","viewName":"etm.portal.ui.managecatalogs.view.Detail","viewId":"application-managecatalogs-display-component---detailCatalog","searchOpenDialogs":true,"interaction":{"idSuffix":"I"}},"clearTextFirst":true,"interactionType":"ENTER_TEXT"}]}
RESULT: {}
RESULT: {"script":"<script> [776 bytes]","args":[{"enterText":"WebdriverRUR2Cl01kf","selector":{"controlType":"sap.m.SearchField","viewName":"etm.portal.ui.managecatalogs.view.Detail","viewId":"application-managecatalogs-display-component---detailCatalog","searchOpenDialogs":true,"interaction":{"idSuffix":"I"}},"clearTextFirst":true,"interactionType":"ENTER_TEXT"}]}
COMMAND: POST /session/04234d49f989df1d8cc66cbbd9ee498b/actions - {"actions":[{"id":"action20","type":"key","parameters":{},"actions":[{"type":"keyDown","value":"î€‡"},{"type":"pause","duration":10},{"type":"keyUp","value":"î€‡"}]}]}
RESULT: {"actions":[{"id":"action20","type":"key","parameters":{},"actions":[{"type":"keyDown","value":"î€‡"},{"type":"pause","duration":10},{"type":"keyUp","value":"î€‡"}]}]}
COMMAND: GET /session/04234d49f989df1d8cc66cbbd9ee498b/screenshot - {}
RESULT: {}
COMMAND: POST /session/04234d49f989df1d8cc66cbbd9ee498b/element - {"using":"xpath","value":"(//span[contains(text(), \"WebdriverRUR2Cl01kf\")])[1]"}
RESULT: {"using":"xpath","value":"(//span[contains(text(), \"WebdriverRUR2Cl01kf\")])[1]"}
COMMAND: POST /session/04234d49f989df1d8cc66cbbd9ee498b/element/f.9E73453283219C642BED86114F2A427E.d.89410050AB5C67B0503D5BCBBEE78F42.e.4751/click - {}
RESULT: {}
COMMAND: POST /session/04234d49f989df1d8cc66cbbd9ee498b/execute/async - {"script":"<script> [1562 bytes]","args":[{"selector":{"id":"application-managecatalogs-display-component---detailCatalog--RUAssignmentSaveButton","searchOpenDialogs":true,"interaction":{"idSuffix":"BDI-content"}},"wdio_ui5_key":"applicationmanagecatalogs-display-component---detailCatalog--RUAssignmentSaveButton"}]}
COMMAND: GET /session/04234d49f989df1d8cc66cbbd9ee498b/screenshot - {}
RESULT: {"script":"<script> [1562 bytes]","args":[{"selector":{"id":"application-managecatalogs-display-component---detailCatalog--RUAssignmentSaveButton","searchOpenDialogs":true,"interaction":{"idSuffix":"BDI-content"}},"wdio_ui5_key":"applicationmanagecatalogs-display-component---detailCatalog--RUAssignmentSaveButton"}]}
RESULT: undefined
COMMAND: POST /session/04234d49f989df1d8cc66cbbd9ee498b/element - {"using":"xpath","value":"//*[@id=\"application-managecatalogs-display-component---detailCatalog--RUAssignmentSaveButton\"]"}
RESULT: {}
RESULT: {"using":"xpath","value":"//*[@id=\"application-managecatalogs-display-component---detailCatalog--RUAssignmentSaveButton\"]"}
COMMAND: POST /session/04234d49f989df1d8cc66cbbd9ee498b/element/f.9E73453283219C642BED86114F2A427E.d.89410050AB5C67B0503D5BCBBEE78F42.e.4754/click - {}
RESULT: {}
COMMAND: GET /session/04234d49f989df1d8cc66cbbd9ee498b/screenshot - {}
RESULT: {}
COMMAND: POST /session/04234d49f989df1d8cc66cbbd9ee498b/element - {"using":"xpath","value":"//bdi[contains(text(), \"Save\")]"}
RESULT: {"using":"xpath","value":"//bdi[contains(text(), \"Save\")]"}
COMMAND: POST /session/04234d49f989df1d8cc66cbbd9ee498b/element/f.9E73453283219C642BED86114F2A427E.d.89410050AB5C67B0503D5BCBBEE78F42.e.4778/click - {}
RESULT: {}
COMMAND: GET /session/04234d49f989df1d8cc66cbbd9ee498b/screenshot - {}
RESULT: {}
COMMAND: POST /session/04234d49f989df1d8cc66cbbd9ee498b/element - {"using":"css selector","value":"#shell-header-logo"}
RESULT: {"using":"css selector","value":"#shell-header-logo"}
COMMAND: POST /session/04234d49f989df1d8cc66cbbd9ee498b/element/f.9E73453283219C642BED86114F2A427E.d.89410050AB5C67B0503D5BCBBEE78F42.e.4418/click - {}
RESULT: {}
COMMAND: GET /session/04234d49f989df1d8cc66cbbd9ee498b/screenshot - {}
RESULT: {}
]]></system-out>
    </testcase>
    <testcase classname="chrome.135_0_7049_96.windows.Standard_contract_-_add_contract_items_by_Insert_Request_US118222" name="Should create a new contract" time="83.704">
      <system-out><![CDATA[
COMMAND: POST /session/04234d49f989df1d8cc66cbbd9ee498b/execute/async - {"script":"<script> [1562 bytes]","args":[{"selector":{"controlType":"sap.m.Text","viewName":"etm.portal.ui.managecontractstile.view.Master","properties":{"text":"Manage Contracts"},"interaction":{"idSuffix":"inner"}},"wdio_ui5_key":"etmportal.ui.managecontractstile.view.Mastersap.m.Text{\"text\":\"Manage Contracts\"}"}]}
RESULT: {"script":"<script> [1562 bytes]","args":[{"selector":{"controlType":"sap.m.Text","viewName":"etm.portal.ui.managecontractstile.view.Master","properties":{"text":"Manage Contracts"},"interaction":{"idSuffix":"inner"}},"wdio_ui5_key":"etmportal.ui.managecontractstile.view.Mastersap.m.Text{\"text\":\"Manage Contracts\"}"}]}
RESULT: undefined
COMMAND: POST /session/04234d49f989df1d8cc66cbbd9ee498b/element - {"using":"xpath","value":"//*[@id=\"__tile130-title\"]"}
RESULT: {"using":"xpath","value":"//*[@id=\"__tile130-title\"]"}
COMMAND: POST /session/04234d49f989df1d8cc66cbbd9ee498b/element/f.9E73453283219C642BED86114F2A427E.d.89410050AB5C67B0503D5BCBBEE78F42.e.4810/click - {}
RESULT: {}
COMMAND: GET /session/04234d49f989df1d8cc66cbbd9ee498b/screenshot - {}
RESULT: {}
COMMAND: POST /session/04234d49f989df1d8cc66cbbd9ee498b/element - {"using":"xpath","value":"//button[@data-kt=\"addButton\"]"}
RESULT: {"using":"xpath","value":"//button[@data-kt=\"addButton\"]"}
COMMAND: POST /session/04234d49f989df1d8cc66cbbd9ee498b/element/f.9E73453283219C642BED86114F2A427E.d.89410050AB5C67B0503D5BCBBEE78F42.e.4861/click - {}
RESULT: {}
COMMAND: GET /session/04234d49f989df1d8cc66cbbd9ee498b/screenshot - {}
RESULT: {}
COMMAND: POST /session/04234d49f989df1d8cc66cbbd9ee498b/execute/async - {"script":"<script> [1562 bytes]","args":[{"selector":{"id":"application-managecontracts-display-component---AddNewContract--projectDescription","interaction":{"idSuffix":"inner"}},"wdio_ui5_key":"applicationmanagecontracts-display-component---AddNewContract--projectDescription"}]}
RESULT: {"script":"<script> [1562 bytes]","args":[{"selector":{"id":"application-managecontracts-display-component---AddNewContract--projectDescription","interaction":{"idSuffix":"inner"}},"wdio_ui5_key":"applicationmanagecontracts-display-component---AddNewContract--projectDescription"}]}
RESULT: undefined
COMMAND: POST /session/04234d49f989df1d8cc66cbbd9ee498b/execute/async - {"script":"<script> [776 bytes]","args":[{"enterText":"WdIOR2cn099c","selector":{"id":"application-managecontracts-display-component---AddNewContract--projectDescription","interaction":{"idSuffix":"inner"}},"clearTextFirst":true,"interactionType":"ENTER_TEXT"}]}
RESULT: {"script":"<script> [776 bytes]","args":[{"enterText":"WdIOR2cn099c","selector":{"id":"application-managecontracts-display-component---AddNewContract--projectDescription","interaction":{"idSuffix":"inner"}},"clearTextFirst":true,"interactionType":"ENTER_TEXT"}]}
COMMAND: POST /session/04234d49f989df1d8cc66cbbd9ee498b/element - {"using":"xpath","value":"//input[@id=\"application-managecontracts-display-component---AddNewContract--yardId-inner\"]"}
RESULT: {"using":"xpath","value":"//input[@id=\"application-managecontracts-display-component---AddNewContract--yardId-inner\"]"}
COMMAND: POST /session/04234d49f989df1d8cc66cbbd9ee498b/element/f.9E73453283219C642BED86114F2A427E.d.89410050AB5C67B0503D5BCBBEE78F42.e.5140/clear - {}
RESULT: {}
COMMAND: POST /session/04234d49f989df1d8cc66cbbd9ee498b/element/f.9E73453283219C642BED86114F2A427E.d.89410050AB5C67B0503D5BCBBEE78F42.e.5140/value - {"text":"WebdriverYardcihmr"}
COMMAND: GET /session/04234d49f989df1d8cc66cbbd9ee498b/screenshot - {}
RESULT: {"text":"WebdriverYardcihmr"}
COMMAND: GET /session/04234d49f989df1d8cc66cbbd9ee498b/screenshot - {}
RESULT: {}
RESULT: {}
COMMAND: POST /session/04234d49f989df1d8cc66cbbd9ee498b/actions - {"actions":[{"id":"action21","type":"key","parameters":{},"actions":[{"type":"keyDown","value":"î€‡"},{"type":"pause","duration":10},{"type":"keyUp","value":"î€‡"}]}]}
RESULT: {"actions":[{"id":"action21","type":"key","parameters":{},"actions":[{"type":"keyDown","value":"î€‡"},{"type":"pause","duration":10},{"type":"keyUp","value":"î€‡"}]}]}
COMMAND: GET /session/04234d49f989df1d8cc66cbbd9ee498b/screenshot - {}
RESULT: {}
COMMAND: POST /session/04234d49f989df1d8cc66cbbd9ee498b/element - {"using":"xpath","value":"//input[@id=\"application-managecontracts-display-component---AddNewContract--customerSelect-inner\"]"}
RESULT: {"using":"xpath","value":"//input[@id=\"application-managecontracts-display-component---AddNewContract--customerSelect-inner\"]"}
COMMAND: POST /session/04234d49f989df1d8cc66cbbd9ee498b/element/f.9E73453283219C642BED86114F2A427E.d.89410050AB5C67B0503D5BCBBEE78F42.e.5138/clear - {}
RESULT: {}
COMMAND: POST /session/04234d49f989df1d8cc66cbbd9ee498b/element/f.9E73453283219C642BED86114F2A427E.d.89410050AB5C67B0503D5BCBBEE78F42.e.5138/value - {"text":"WebdriverPartnerh8ln8"}
COMMAND: GET /session/04234d49f989df1d8cc66cbbd9ee498b/screenshot - {}
RESULT: {"text":"WebdriverPartnerh8ln8"}
COMMAND: GET /session/04234d49f989df1d8cc66cbbd9ee498b/screenshot - {}
RESULT: {}
RESULT: {}
COMMAND: POST /session/04234d49f989df1d8cc66cbbd9ee498b/actions - {"actions":[{"id":"action22","type":"key","parameters":{},"actions":[{"type":"keyDown","value":"î€‡"},{"type":"pause","duration":10},{"type":"keyUp","value":"î€‡"}]}]}
RESULT: {"actions":[{"id":"action22","type":"key","parameters":{},"actions":[{"type":"keyDown","value":"î€‡"},{"type":"pause","duration":10},{"type":"keyUp","value":"î€‡"}]}]}
COMMAND: GET /session/04234d49f989df1d8cc66cbbd9ee498b/screenshot - {}
RESULT: {}
COMMAND: POST /session/04234d49f989df1d8cc66cbbd9ee498b/element - {"using":"xpath","value":"//input[@id=\"application-managecontracts-display-component---AddNewContract--site-inner\"]"}
RESULT: {"using":"xpath","value":"//input[@id=\"application-managecontracts-display-component---AddNewContract--site-inner\"]"}
COMMAND: POST /session/04234d49f989df1d8cc66cbbd9ee498b/element/f.9E73453283219C642BED86114F2A427E.d.89410050AB5C67B0503D5BCBBEE78F42.e.5139/clear - {}
RESULT: {}
COMMAND: POST /session/04234d49f989df1d8cc66cbbd9ee498b/element/f.9E73453283219C642BED86114F2A427E.d.89410050AB5C67B0503D5BCBBEE78F42.e.5139/value - {"text":"WebdriverSitewixt7"}
COMMAND: GET /session/04234d49f989df1d8cc66cbbd9ee498b/screenshot - {}
RESULT: {"text":"WebdriverSitewixt7"}
COMMAND: GET /session/04234d49f989df1d8cc66cbbd9ee498b/screenshot - {}
RESULT: {}
RESULT: {}
COMMAND: POST /session/04234d49f989df1d8cc66cbbd9ee498b/actions - {"actions":[{"id":"action23","type":"key","parameters":{},"actions":[{"type":"keyDown","value":"î€‡"},{"type":"pause","duration":10},{"type":"keyUp","value":"î€‡"}]}]}
RESULT: {"actions":[{"id":"action23","type":"key","parameters":{},"actions":[{"type":"keyDown","value":"î€‡"},{"type":"pause","duration":10},{"type":"keyUp","value":"î€‡"}]}]}
COMMAND: GET /session/04234d49f989df1d8cc66cbbd9ee498b/screenshot - {}
RESULT: {}
COMMAND: POST /session/04234d49f989df1d8cc66cbbd9ee498b/element - {"using":"xpath","value":"//button[@data-kt=\"saveButton\"]"}
RESULT: {"using":"xpath","value":"//button[@data-kt=\"saveButton\"]"}
COMMAND: POST /session/04234d49f989df1d8cc66cbbd9ee498b/element/f.9E73453283219C642BED86114F2A427E.d.89410050AB5C67B0503D5BCBBEE78F42.e.5164/click - {}
RESULT: {}
COMMAND: GET /session/04234d49f989df1d8cc66cbbd9ee498b/screenshot - {}
RESULT: {}
COMMAND: POST /session/04234d49f989df1d8cc66cbbd9ee498b/execute/async - {"script":"<script> [1562 bytes]","args":[{"selector":{"id":"contractDetailTitleNoExpanded","viewName":"etm.portal.ui.managecontracts.view.Detail"},"wdio_ui5_key":"contractDetailTitleNoExpandedetmportal.ui.managecontracts.view.Detail"}]}
RESULT: {"script":"<script> [1562 bytes]","args":[{"selector":{"id":"contractDetailTitleNoExpanded","viewName":"etm.portal.ui.managecontracts.view.Detail"},"wdio_ui5_key":"contractDetailTitleNoExpandedetmportal.ui.managecontracts.view.Detail"}]}
RESULT: undefined
COMMAND: POST /session/04234d49f989df1d8cc66cbbd9ee498b/execute/async - {"script":"<script> [6424 bytes]","args":[{"element-6066-11e4-a52e-4f735466cecf":"f.9E73453283219C642BED86114F2A427E.d.89410050AB5C67B0503D5BCBBEE78F42.e.5248"},"getText",[]]}
RESULT: {"script":"<script> [6424 bytes]","args":[{"element-6066-11e4-a52e-4f735466cecf":"f.9E73453283219C642BED86114F2A427E.d.89410050AB5C67B0503D5BCBBEE78F42.e.5248"},"getText",[]]}
]]></system-out>
    </testcase>
    <testcase classname="chrome.135_0_7049_96.windows.Standard_contract_-_add_contract_items_by_Insert_Request_US118222" name="Should create a new request and plan it" time="164.671">
      <system-out><![CDATA[
COMMAND: POST /session/04234d49f989df1d8cc66cbbd9ee498b/element - {"using":"css selector","value":"#shell-header-logo"}
RESULT: {"using":"css selector","value":"#shell-header-logo"}
COMMAND: POST /session/04234d49f989df1d8cc66cbbd9ee498b/element/f.9E73453283219C642BED86114F2A427E.d.89410050AB5C67B0503D5BCBBEE78F42.e.4812/click - {}
RESULT: {}
COMMAND: GET /session/04234d49f989df1d8cc66cbbd9ee498b/screenshot - {}
RESULT: {}
COMMAND: POST /session/04234d49f989df1d8cc66cbbd9ee498b/execute/async - {"script":"<script> [1562 bytes]","args":[{"selector":{"controlType":"sap.m.GenericTile","properties":{"header":"Manage Requests"}},"wdio_ui5_key":"sapm.GenericTile{\"header\":\"Manage Requests\"}"}]}
RESULT: {"script":"<script> [1562 bytes]","args":[{"selector":{"controlType":"sap.m.GenericTile","properties":{"header":"Manage Requests"}},"wdio_ui5_key":"sapm.GenericTile{\"header\":\"Manage Requests\"}"}]}
RESULT: undefined
COMMAND: POST /session/04234d49f989df1d8cc66cbbd9ee498b/element - {"using":"xpath","value":"//*[@id=\"__tile47\"]"}
RESULT: {"using":"xpath","value":"//*[@id=\"__tile47\"]"}
COMMAND: POST /session/04234d49f989df1d8cc66cbbd9ee498b/element/f.9E73453283219C642BED86114F2A427E.d.89410050AB5C67B0503D5BCBBEE78F42.e.5251/click - {}
RESULT: {}
COMMAND: GET /session/04234d49f989df1d8cc66cbbd9ee498b/screenshot - {}
RESULT: {}
COMMAND: POST /session/04234d49f989df1d8cc66cbbd9ee498b/element - {"using":"xpath","value":"//button[contains(@data-kt ,\"btnCreateNewOverflowToolbarButton\")]"}
COMMAND: POST /session/04234d49f989df1d8cc66cbbd9ee498b/element - {"using":"xpath","value":"(//span[contains(@class ,\"sapMObjStatusText\")])[1]"}
RESULT: {"using":"xpath","value":"//button[contains(@data-kt ,\"btnCreateNewOverflowToolbarButton\")]"}
COMMAND: POST /session/04234d49f989df1d8cc66cbbd9ee498b/element/f.9E73453283219C642BED86114F2A427E.d.89410050AB5C67B0503D5BCBBEE78F42.e.5290/click - {}
RESULT: {"using":"xpath","value":"(//span[contains(@class ,\"sapMObjStatusText\")])[1]"}
COMMAND: POST /session/04234d49f989df1d8cc66cbbd9ee498b/execute/sync - {"script":"<script> [8489 bytes]","args":[{"element-6066-11e4-a52e-4f735466cecf":"f.9E73453283219C642BED86114F2A427E.d.89410050AB5C67B0503D5BCBBEE78F42.e.5364","ELEMENT":"f.9E73453283219C642BED86114F2A427E.d.89410050AB5C67B0503D5BCBBEE78F42.e.5364"}]}
RESULT: {}
COMMAND: GET /session/04234d49f989df1d8cc66cbbd9ee498b/screenshot - {}
RESULT: {"script":"<script> [8489 bytes]","args":[{"element-6066-11e4-a52e-4f735466cecf":"f.9E73453283219C642BED86114F2A427E.d.89410050AB5C67B0503D5BCBBEE78F42.e.5364","ELEMENT":"f.9E73453283219C642BED86114F2A427E.d.89410050AB5C67B0503D5BCBBEE78F42.e.5364"}]}
COMMAND: GET /session/04234d49f989df1d8cc66cbbd9ee498b/screenshot - {}
RESULT: {}
RESULT: {}
COMMAND: POST /session/04234d49f989df1d8cc66cbbd9ee498b/element - {"using":"xpath","value":"//input[contains(@id ,\"yardId-inner\")]"}
RESULT: {"using":"xpath","value":"//input[contains(@id ,\"yardId-inner\")]"}
COMMAND: POST /session/04234d49f989df1d8cc66cbbd9ee498b/execute/sync - {"script":"<script> [8489 bytes]","args":[{"element-6066-11e4-a52e-4f735466cecf":"f.9E73453283219C642BED86114F2A427E.d.89410050AB5C67B0503D5BCBBEE78F42.e.5579","ELEMENT":"f.9E73453283219C642BED86114F2A427E.d.89410050AB5C67B0503D5BCBBEE78F42.e.5579"}]}
RESULT: {"script":"<script> [8489 bytes]","args":[{"element-6066-11e4-a52e-4f735466cecf":"f.9E73453283219C642BED86114F2A427E.d.89410050AB5C67B0503D5BCBBEE78F42.e.5579","ELEMENT":"f.9E73453283219C642BED86114F2A427E.d.89410050AB5C67B0503D5BCBBEE78F42.e.5579"}]}
COMMAND: POST /session/04234d49f989df1d8cc66cbbd9ee498b/element - {"using":"xpath","value":"//input[contains(@id ,\"requestContractNo-inner\")]"}
COMMAND: POST /session/04234d49f989df1d8cc66cbbd9ee498b/element - {"using":"xpath","value":"//input[contains(@id ,\"requestContractNo-inner\")]"}
COMMAND: GET /session/04234d49f989df1d8cc66cbbd9ee498b/screenshot - {}
RESULT: {"using":"xpath","value":"//input[contains(@id ,\"requestContractNo-inner\")]"}
COMMAND: POST /session/04234d49f989df1d8cc66cbbd9ee498b/element/f.9E73453283219C642BED86114F2A427E.d.89410050AB5C67B0503D5BCBBEE78F42.e.5574/value - {"text":"10488"}
RESULT: {"using":"xpath","value":"//input[contains(@id ,\"requestContractNo-inner\")]"}
COMMAND: GET /session/04234d49f989df1d8cc66cbbd9ee498b/element/f.9E73453283219C642BED86114F2A427E.d.89410050AB5C67B0503D5BCBBEE78F42.e.5574/enabled - {}
RESULT: {}
RESULT: {"text":"10488"}
COMMAND: GET /session/04234d49f989df1d8cc66cbbd9ee498b/screenshot - {}
RESULT: {}
COMMAND: GET /session/04234d49f989df1d8cc66cbbd9ee498b/screenshot - {}
RESULT: {}
RESULT: {}
COMMAND: POST /session/04234d49f989df1d8cc66cbbd9ee498b/actions - {"actions":[{"id":"action24","type":"key","parameters":{},"actions":[{"type":"keyDown","value":"î€‡"},{"type":"pause","duration":10},{"type":"keyUp","value":"î€‡"}]}]}
RESULT: {"actions":[{"id":"action24","type":"key","parameters":{},"actions":[{"type":"keyDown","value":"î€‡"},{"type":"pause","duration":10},{"type":"keyUp","value":"î€‡"}]}]}
COMMAND: GET /session/04234d49f989df1d8cc66cbbd9ee498b/screenshot - {}
RESULT: {}
COMMAND: POST /session/04234d49f989df1d8cc66cbbd9ee498b/execute/async - {"script":"<script> [1562 bytes]","args":[{"selector":{"controlType":"sap.ui.core.Icon","viewName":"etm.portal.ui.managerequests.view.NewRequest","properties":{"src":{"regex":{"source":"add"}}}},"wdio_ui5_key":"etmportal.ui.managerequests.view.NewRequestsap.ui.core.Icon{\"src\":{\"regex\":{\"source\":\"add\"}}}"}]}
RESULT: {"script":"<script> [1562 bytes]","args":[{"selector":{"controlType":"sap.ui.core.Icon","viewName":"etm.portal.ui.managerequests.view.NewRequest","properties":{"src":{"regex":{"source":"add"}}}},"wdio_ui5_key":"etmportal.ui.managerequests.view.NewRequestsap.ui.core.Icon{\"src\":{\"regex\":{\"source\":\"add\"}}}"}]}
RESULT: undefined
COMMAND: POST /session/04234d49f989df1d8cc66cbbd9ee498b/element - {"using":"xpath","value":"//*[@id=\"__xmlview61--btnAddTableRow-img\"]"}
RESULT: {"using":"xpath","value":"//*[@id=\"__xmlview61--btnAddTableRow-img\"]"}
COMMAND: POST /session/04234d49f989df1d8cc66cbbd9ee498b/element/f.9E73453283219C642BED86114F2A427E.d.89410050AB5C67B0503D5BCBBEE78F42.e.5553/click - {}
RESULT: {}
COMMAND: GET /session/04234d49f989df1d8cc66cbbd9ee498b/screenshot - {}
RESULT: {}
COMMAND: POST /session/04234d49f989df1d8cc66cbbd9ee498b/execute/async - {"script":"<script> [1562 bytes]","args":[{"selector":{"controlType":"sap.ui.unified.MenuItem","viewName":"etm.portal.ui.managerequests.view.NewRequest","i18NText":{"propertyName":"text","key":"standardEntry"},"searchOpenDialogs":true,"interaction":{"idSuffix":"txt"}},"wdio_ui5_key":"etmportal.ui.managerequests.view.NewRequestsap.ui.unified.MenuItem{\"propertyName\":\"text\",\"key\":\"standardEntry\"}"}]}
RESULT: {"script":"<script> [1562 bytes]","args":[{"selector":{"controlType":"sap.ui.unified.MenuItem","viewName":"etm.portal.ui.managerequests.view.NewRequest","i18NText":{"propertyName":"text","key":"standardEntry"},"searchOpenDialogs":true,"interaction":{"idSuffix":"txt"}},"wdio_ui5_key":"etmportal.ui.managerequests.view.NewRequestsap.ui.unified.MenuItem{\"propertyName\":\"text\",\"key\":\"standardEntry\"}"}]}
RESULT: undefined
COMMAND: POST /session/04234d49f989df1d8cc66cbbd9ee498b/element - {"using":"xpath","value":"//*[@id=\"__item2166\"]"}
RESULT: {"using":"xpath","value":"//*[@id=\"__item2166\"]"}
COMMAND: POST /session/04234d49f989df1d8cc66cbbd9ee498b/element/f.9E73453283219C642BED86114F2A427E.d.89410050AB5C67B0503D5BCBBEE78F42.e.5723/click - {}
RESULT: {}
COMMAND: GET /session/04234d49f989df1d8cc66cbbd9ee498b/screenshot - {}
RESULT: {}
RESULT: undefined
COMMAND: POST /session/04234d49f989df1d8cc66cbbd9ee498b/element - {"using":"xpath","value":"//*[@id=\"__xmlview61--btnAddTableRow-img\"]"}
RESULT: {"using":"xpath","value":"//*[@id=\"__xmlview61--btnAddTableRow-img\"]"}
COMMAND: POST /session/04234d49f989df1d8cc66cbbd9ee498b/element/f.9E73453283219C642BED86114F2A427E.d.89410050AB5C67B0503D5BCBBEE78F42.e.5553/click - {}
RESULT: {}
COMMAND: GET /session/04234d49f989df1d8cc66cbbd9ee498b/screenshot - {}
RESULT: {}
RESULT: undefined
COMMAND: POST /session/04234d49f989df1d8cc66cbbd9ee498b/element - {"using":"xpath","value":"//*[@id=\"__item2166\"]"}
RESULT: {"using":"xpath","value":"//*[@id=\"__item2166\"]"}
COMMAND: POST /session/04234d49f989df1d8cc66cbbd9ee498b/element/f.9E73453283219C642BED86114F2A427E.d.89410050AB5C67B0503D5BCBBEE78F42.e.5735/click - {}
RESULT: {}
COMMAND: GET /session/04234d49f989df1d8cc66cbbd9ee498b/screenshot - {}
RESULT: {}
COMMAND: POST /session/04234d49f989df1d8cc66cbbd9ee498b/element - {"using":"xpath","value":"(//input[contains(@id ,\"requestItemsTable-0-inner\")])[1]"}
RESULT: {"using":"xpath","value":"(//input[contains(@id ,\"requestItemsTable-0-inner\")])[1]"}
COMMAND: POST /session/04234d49f989df1d8cc66cbbd9ee498b/element/f.9E73453283219C642BED86114F2A427E.d.89410050AB5C67B0503D5BCBBEE78F42.e.5725/clear - {}
RESULT: {}
COMMAND: POST /session/04234d49f989df1d8cc66cbbd9ee498b/element/f.9E73453283219C642BED86114F2A427E.d.89410050AB5C67B0503D5BCBBEE78F42.e.5725/value - {"text":"catalogItemjgjqw"}
COMMAND: GET /session/04234d49f989df1d8cc66cbbd9ee498b/screenshot - {}
RESULT: {"text":"catalogItemjgjqw"}
COMMAND: GET /session/04234d49f989df1d8cc66cbbd9ee498b/screenshot - {}
RESULT: {}
RESULT: {}
COMMAND: POST /session/04234d49f989df1d8cc66cbbd9ee498b/actions - {"actions":[{"id":"action25","type":"key","parameters":{},"actions":[{"type":"keyDown","value":"î€‡"},{"type":"pause","duration":10},{"type":"keyUp","value":"î€‡"}]}]}
RESULT: {"actions":[{"id":"action25","type":"key","parameters":{},"actions":[{"type":"keyDown","value":"î€‡"},{"type":"pause","duration":10},{"type":"keyUp","value":"î€‡"}]}]}
COMMAND: POST /session/04234d49f989df1d8cc66cbbd9ee498b/element - {"using":"xpath","value":"(//input[contains(@id ,\"requestItemsTable-1-inner\")])[1]"}
COMMAND: GET /session/04234d49f989df1d8cc66cbbd9ee498b/screenshot - {}
RESULT: {"using":"xpath","value":"(//input[contains(@id ,\"requestItemsTable-1-inner\")])[1]"}
COMMAND: POST /session/04234d49f989df1d8cc66cbbd9ee498b/element/f.9E73453283219C642BED86114F2A427E.d.89410050AB5C67B0503D5BCBBEE78F42.e.5737/clear - {}
RESULT: {}
RESULT: {}
COMMAND: POST /session/04234d49f989df1d8cc66cbbd9ee498b/element/f.9E73453283219C642BED86114F2A427E.d.89410050AB5C67B0503D5BCBBEE78F42.e.5737/value - {"text":"catalogItemjgjqw"}
COMMAND: GET /session/04234d49f989df1d8cc66cbbd9ee498b/screenshot - {}
RESULT: {"text":"catalogItemjgjqw"}
COMMAND: GET /session/04234d49f989df1d8cc66cbbd9ee498b/screenshot - {}
RESULT: {}
RESULT: {}
COMMAND: POST /session/04234d49f989df1d8cc66cbbd9ee498b/actions - {"actions":[{"id":"action26","type":"key","parameters":{},"actions":[{"type":"keyDown","value":"î€‡"},{"type":"pause","duration":10},{"type":"keyUp","value":"î€‡"}]}]}
RESULT: {"actions":[{"id":"action26","type":"key","parameters":{},"actions":[{"type":"keyDown","value":"î€‡"},{"type":"pause","duration":10},{"type":"keyUp","value":"î€‡"}]}]}
COMMAND: GET /session/04234d49f989df1d8cc66cbbd9ee498b/screenshot - {}
RESULT: {}
COMMAND: POST /session/04234d49f989df1d8cc66cbbd9ee498b/execute/async - {"script":"<script> [1562 bytes]","args":[{"selector":{"controlType":"sap.ui.core.Icon","viewName":"etm.portal.ui.managerequests.view.NewRequest","properties":{"src":{"regex":{"source":"slim\\-arrow\\-down"}}},"ancestor":{"controlType":"sap.m.Button","viewName":"etm.portal.ui.managerequests.view.NewRequest","properties":{"icon":"sap-icon://slim-arrow-down"}}},"wdio_ui5_key":"etmportal.ui.managerequests.view.NewRequestsap.ui.core.Icon{\"src\":{\"regex\":{\"source\":\"slim\\\\-arrow\\\\-down\"}}}{\"controlType\":\"sap.m.Button\",\"viewName\":\"etm.portal.ui.managerequests.view.NewRequest\",\"properties\":{\"icon\":\"sap-icon://slim-arrow-down\"}}"}]}
RESULT: {"script":"<script> [1562 bytes]","args":[{"selector":{"controlType":"sap.ui.core.Icon","viewName":"etm.portal.ui.managerequests.view.NewRequest","properties":{"src":{"regex":{"source":"slim\\-arrow\\-down"}}},"ancestor":{"controlType":"sap.m.Button","viewName":"etm.portal.ui.managerequests.view.NewRequest","properties":{"icon":"sap-icon://slim-arrow-down"}}},"wdio_ui5_key":"etmportal.ui.managerequests.view.NewRequestsap.ui.core.Icon{\"src\":{\"regex\":{\"source\":\"slim\\\\-arrow\\\\-down\"}}}{\"controlType\":\"sap.m.Button\",\"viewName\":\"etm.portal.ui.managerequests.view.NewRequest\",\"properties\":{\"icon\":\"sap-icon://slim-arrow-down\"}}"}]}
RESULT: undefined
COMMAND: POST /session/04234d49f989df1d8cc66cbbd9ee498b/element - {"using":"xpath","value":"//*[@id=\"__title48-expandBtn-img\"]"}
RESULT: {"using":"xpath","value":"//*[@id=\"__title48-expandBtn-img\"]"}
COMMAND: POST /session/04234d49f989df1d8cc66cbbd9ee498b/element/f.9E73453283219C642BED86114F2A427E.d.89410050AB5C67B0503D5BCBBEE78F42.e.5757/click - {}
RESULT: {}
COMMAND: POST /session/04234d49f989df1d8cc66cbbd9ee498b/element - {"using":"xpath","value":"//div[contains(@data-kt ,\"splitAllocationObjectStatus\")]"}
COMMAND: GET /session/04234d49f989df1d8cc66cbbd9ee498b/screenshot - {}
RESULT: {"using":"xpath","value":"//div[contains(@data-kt ,\"splitAllocationObjectStatus\")]"}
COMMAND: POST /session/04234d49f989df1d8cc66cbbd9ee498b/elements - {"using":"xpath","value":"//div[contains(@data-kt ,\"splitAllocationObjectStatus\")]"}
RESULT: {}
RESULT: {"using":"xpath","value":"//div[contains(@data-kt ,\"splitAllocationObjectStatus\")]"}
COMMAND: POST /session/04234d49f989df1d8cc66cbbd9ee498b/execute/async - {"script":"<script> [1562 bytes]","args":[{"selector":{"controlType":"sap.ui.core.Icon","viewName":"etm.portal.ui.managerequests.view.NewRequest","properties":{"src":{"regex":{"source":"message\\-error"}}},"ancestor":{"controlType":"sap.m.ColumnListItem","viewName":"etm.portal.ui.managerequests.view.NewRequest","bindingPath":{"modelName":"newRequestItems","path":"/RequestItems/0"},"ancestor":{"id":"requestItemsTable","viewName":"etm.portal.ui.managerequests.view.NewRequest"}}},"wdio_ui5_key":"etmportal.ui.managerequests.view.NewRequestsap.ui.core.Icon{\"src\":{\"regex\":{\"source\":\"message\\\\-error\"}}}{\"controlType\":\"sap.m.ColumnListItem\",\"viewName\":\"etm.portal.ui.managerequests.view.NewRequest\",\"bindingPath\":{\"modelName\":\"newRequestItems\",\"path\":\"/RequestItems/0\"},\"ancestor\":{\"id\":\"requestItemsTable\",\"viewName\":\"etm.portal.ui.managerequests.view.NewRequest\"}}"}]}
RESULT: {"script":"<script> [1562 bytes]","args":[{"selector":{"controlType":"sap.ui.core.Icon","viewName":"etm.portal.ui.managerequests.view.NewRequest","properties":{"src":{"regex":{"source":"message\\-error"}}},"ancestor":{"controlType":"sap.m.ColumnListItem","viewName":"etm.portal.ui.managerequests.view.NewRequest","bindingPath":{"modelName":"newRequestItems","path":"/RequestItems/0"},"ancestor":{"id":"requestItemsTable","viewName":"etm.portal.ui.managerequests.view.NewRequest"}}},"wdio_ui5_key":"etmportal.ui.managerequests.view.NewRequestsap.ui.core.Icon{\"src\":{\"regex\":{\"source\":\"message\\\\-error\"}}}{\"controlType\":\"sap.m.ColumnListItem\",\"viewName\":\"etm.portal.ui.managerequests.view.NewRequest\",\"bindingPath\":{\"modelName\":\"newRequestItems\",\"path\":\"/RequestItems/0\"},\"ancestor\":{\"id\":\"requestItemsTable\",\"viewName\":\"etm.portal.ui.managerequests.view.NewRequest\"}}"}]}
RESULT: undefined
COMMAND: POST /session/04234d49f989df1d8cc66cbbd9ee498b/element - {"using":"xpath","value":"//*[@id=\"__status15-__xmlview61--requestItemsTable-0-icon\"]"}
RESULT: {"using":"xpath","value":"//*[@id=\"__status15-__xmlview61--requestItemsTable-0-icon\"]"}
COMMAND: POST /session/04234d49f989df1d8cc66cbbd9ee498b/element/f.9E73453283219C642BED86114F2A427E.d.89410050AB5C67B0503D5BCBBEE78F42.e.5762/click - {}
RESULT: {}
COMMAND: GET /session/04234d49f989df1d8cc66cbbd9ee498b/screenshot - {}
RESULT: {}
COMMAND: POST /session/04234d49f989df1d8cc66cbbd9ee498b/execute/async - {"script":"<script> [1562 bytes]","args":[{"selector":{"id":"costObjectAdminTypeComboBox","viewName":"etm.portal.ui.managerequests.view.NewRequest","searchOpenDialogs":true,"interaction":{"idSuffix":"inner"}},"wdio_ui5_key":"costObjectAdminTypeComboBoxetmportal.ui.managerequests.view.NewRequest"}]}
RESULT: {"script":"<script> [1562 bytes]","args":[{"selector":{"id":"costObjectAdminTypeComboBox","viewName":"etm.portal.ui.managerequests.view.NewRequest","searchOpenDialogs":true,"interaction":{"idSuffix":"inner"}},"wdio_ui5_key":"costObjectAdminTypeComboBoxetmportal.ui.managerequests.view.NewRequest"}]}
RESULT: undefined
COMMAND: POST /session/04234d49f989df1d8cc66cbbd9ee498b/execute/async - {"script":"<script> [776 bytes]","args":[{"enterText":"Cost Center","selector":{"id":"costObjectAdminTypeComboBox","viewName":"etm.portal.ui.managerequests.view.NewRequest","searchOpenDialogs":true,"interaction":{"idSuffix":"inner"}},"clearTextFirst":true,"interactionType":"ENTER_TEXT"}]}
RESULT: {"script":"<script> [776 bytes]","args":[{"enterText":"Cost Center","selector":{"id":"costObjectAdminTypeComboBox","viewName":"etm.portal.ui.managerequests.view.NewRequest","searchOpenDialogs":true,"interaction":{"idSuffix":"inner"}},"clearTextFirst":true,"interactionType":"ENTER_TEXT"}]}
COMMAND: POST /session/04234d49f989df1d8cc66cbbd9ee498b/actions - {"actions":[{"id":"action27","type":"key","parameters":{},"actions":[{"type":"keyDown","value":"î€‡"},{"type":"pause","duration":10},{"type":"keyUp","value":"î€‡"}]}]}
RESULT: {"actions":[{"id":"action27","type":"key","parameters":{},"actions":[{"type":"keyDown","value":"î€‡"},{"type":"pause","duration":10},{"type":"keyUp","value":"î€‡"}]}]}
COMMAND: GET /session/04234d49f989df1d8cc66cbbd9ee498b/screenshot - {}
RESULT: {}
COMMAND: POST /session/04234d49f989df1d8cc66cbbd9ee498b/execute/async - {"script":"<script> [1562 bytes]","args":[{"selector":{"controlType":"sap.ui.core.Icon","viewName":"etm.portal.ui.managerequests.view.NewRequest","properties":{"src":{"regex":{"source":"value\\-help"}}},"searchOpenDialogs":true},"wdio_ui5_key":"etmportal.ui.managerequests.view.NewRequestsap.ui.core.Icon{\"src\":{\"regex\":{\"source\":\"value\\\\-help\"}}}"}]}
RESULT: {"script":"<script> [1562 bytes]","args":[{"selector":{"controlType":"sap.ui.core.Icon","viewName":"etm.portal.ui.managerequests.view.NewRequest","properties":{"src":{"regex":{"source":"value\\-help"}}},"searchOpenDialogs":true},"wdio_ui5_key":"etmportal.ui.managerequests.view.NewRequestsap.ui.core.Icon{\"src\":{\"regex\":{\"source\":\"value\\\\-help\"}}}"}]}
RESULT: undefined
COMMAND: POST /session/04234d49f989df1d8cc66cbbd9ee498b/element - {"using":"xpath","value":"//*[@id=\"__xmlview61--costObjectIdComboBox-vhi\"]"}
RESULT: {"using":"xpath","value":"//*[@id=\"__xmlview61--costObjectIdComboBox-vhi\"]"}
COMMAND: POST /session/04234d49f989df1d8cc66cbbd9ee498b/element/f.9E73453283219C642BED86114F2A427E.d.89410050AB5C67B0503D5BCBBEE78F42.e.5776/click - {}
RESULT: {}
COMMAND: POST /session/04234d49f989df1d8cc66cbbd9ee498b/execute/async - {"script":"<script> [1562 bytes]","args":[{"selector":{"controlType":"sap.m.SearchField","properties":{"placeholder":"Search"},"searchOpenDialogs":true,"interaction":{"idSuffix":"I"}},"wdio_ui5_key":"sapm.SearchField{\"placeholder\":\"Search\"}"}]}
COMMAND: GET /session/04234d49f989df1d8cc66cbbd9ee498b/screenshot - {}
RESULT: {"script":"<script> [1562 bytes]","args":[{"selector":{"controlType":"sap.m.SearchField","properties":{"placeholder":"Search"},"searchOpenDialogs":true,"interaction":{"idSuffix":"I"}},"wdio_ui5_key":"sapm.SearchField{\"placeholder\":\"Search\"}"}]}
RESULT: undefined
COMMAND: POST /session/04234d49f989df1d8cc66cbbd9ee498b/execute/async - {"script":"<script> [776 bytes]","args":[{"enterText":"10001013","selector":{"controlType":"sap.m.SearchField","properties":{"placeholder":"Search"},"searchOpenDialogs":true,"interaction":{"idSuffix":"I"}},"clearTextFirst":true,"interactionType":"ENTER_TEXT"}]}
RESULT: {}
RESULT: {"script":"<script> [776 bytes]","args":[{"enterText":"10001013","selector":{"controlType":"sap.m.SearchField","properties":{"placeholder":"Search"},"searchOpenDialogs":true,"interaction":{"idSuffix":"I"}},"clearTextFirst":true,"interactionType":"ENTER_TEXT"}]}
COMMAND: POST /session/04234d49f989df1d8cc66cbbd9ee498b/actions - {"actions":[{"id":"action28","type":"key","parameters":{},"actions":[{"type":"keyDown","value":"î€‡"},{"type":"pause","duration":10},{"type":"keyUp","value":"î€‡"}]}]}
RESULT: {"actions":[{"id":"action28","type":"key","parameters":{},"actions":[{"type":"keyDown","value":"î€‡"},{"type":"pause","duration":10},{"type":"keyUp","value":"î€‡"}]}]}
COMMAND: GET /session/04234d49f989df1d8cc66cbbd9ee498b/screenshot - {}
RESULT: {}
COMMAND: POST /session/04234d49f989df1d8cc66cbbd9ee498b/element - {"using":"xpath","value":"//span[contains(text(), \"General Management\")]"}
RESULT: {"using":"xpath","value":"//span[contains(text(), \"General Management\")]"}
COMMAND: POST /session/04234d49f989df1d8cc66cbbd9ee498b/element/f.9E73453283219C642BED86114F2A427E.d.89410050AB5C67B0503D5BCBBEE78F42.e.5816/click - {}
RESULT: {}
COMMAND: GET /session/04234d49f989df1d8cc66cbbd9ee498b/screenshot - {}
RESULT: {}
COMMAND: POST /session/04234d49f989df1d8cc66cbbd9ee498b/element - {"using":"xpath","value":"//bdi[contains(text(), \"OK\")]"}
RESULT: {"using":"xpath","value":"//bdi[contains(text(), \"OK\")]"}
COMMAND: POST /session/04234d49f989df1d8cc66cbbd9ee498b/element/f.9E73453283219C642BED86114F2A427E.d.89410050AB5C67B0503D5BCBBEE78F42.e.5817/click - {}
RESULT: {}
COMMAND: GET /session/04234d49f989df1d8cc66cbbd9ee498b/screenshot - {}
RESULT: {}
COMMAND: POST /session/04234d49f989df1d8cc66cbbd9ee498b/element - {"using":"xpath","value":"(//bdi[contains(@id ,\"BDI-content\")][contains(text(), \"Save\")])[1]"}
RESULT: {"using":"xpath","value":"(//bdi[contains(@id ,\"BDI-content\")][contains(text(), \"Save\")])[1]"}
COMMAND: POST /session/04234d49f989df1d8cc66cbbd9ee498b/element/f.9E73453283219C642BED86114F2A427E.d.89410050AB5C67B0503D5BCBBEE78F42.e.5821/click - {}
RESULT: {}
COMMAND: GET /session/04234d49f989df1d8cc66cbbd9ee498b/screenshot - {}
RESULT: {}
COMMAND: POST /session/04234d49f989df1d8cc66cbbd9ee498b/execute/async - {"script":"<script> [1562 bytes]","args":[{"selector":{"controlType":"sap.ui.core.Icon","viewName":"etm.portal.ui.managerequests.view.NewRequest","properties":{"src":{"regex":{"source":"message\\-error"}}},"ancestor":{"controlType":"sap.m.ColumnListItem","viewName":"etm.portal.ui.managerequests.view.NewRequest","bindingPath":{"modelName":"newRequestItems","path":"/RequestItems/1"},"ancestor":{"id":"requestItemsTable","viewName":"etm.portal.ui.managerequests.view.NewRequest"}}},"wdio_ui5_key":"etmportal.ui.managerequests.view.NewRequestsap.ui.core.Icon{\"src\":{\"regex\":{\"source\":\"message\\\\-error\"}}}{\"controlType\":\"sap.m.ColumnListItem\",\"viewName\":\"etm.portal.ui.managerequests.view.NewRequest\",\"bindingPath\":{\"modelName\":\"newRequestItems\",\"path\":\"/RequestItems/1\"},\"ancestor\":{\"id\":\"requestItemsTable\",\"viewName\":\"etm.portal.ui.managerequests.view.NewRequest\"}}"}]}
RESULT: {"script":"<script> [1562 bytes]","args":[{"selector":{"controlType":"sap.ui.core.Icon","viewName":"etm.portal.ui.managerequests.view.NewRequest","properties":{"src":{"regex":{"source":"message\\-error"}}},"ancestor":{"controlType":"sap.m.ColumnListItem","viewName":"etm.portal.ui.managerequests.view.NewRequest","bindingPath":{"modelName":"newRequestItems","path":"/RequestItems/1"},"ancestor":{"id":"requestItemsTable","viewName":"etm.portal.ui.managerequests.view.NewRequest"}}},"wdio_ui5_key":"etmportal.ui.managerequests.view.NewRequestsap.ui.core.Icon{\"src\":{\"regex\":{\"source\":\"message\\\\-error\"}}}{\"controlType\":\"sap.m.ColumnListItem\",\"viewName\":\"etm.portal.ui.managerequests.view.NewRequest\",\"bindingPath\":{\"modelName\":\"newRequestItems\",\"path\":\"/RequestItems/1\"},\"ancestor\":{\"id\":\"requestItemsTable\",\"viewName\":\"etm.portal.ui.managerequests.view.NewRequest\"}}"}]}
RESULT: undefined
COMMAND: POST /session/04234d49f989df1d8cc66cbbd9ee498b/element - {"using":"xpath","value":"//*[@id=\"__status15-__xmlview61--requestItemsTable-1-icon\"]"}
RESULT: {"using":"xpath","value":"//*[@id=\"__status15-__xmlview61--requestItemsTable-1-icon\"]"}
COMMAND: POST /session/04234d49f989df1d8cc66cbbd9ee498b/element/f.9E73453283219C642BED86114F2A427E.d.89410050AB5C67B0503D5BCBBEE78F42.e.5824/click - {}
RESULT: {}
COMMAND: GET /session/04234d49f989df1d8cc66cbbd9ee498b/screenshot - {}
RESULT: {}
RESULT: undefined
COMMAND: POST /session/04234d49f989df1d8cc66cbbd9ee498b/execute/async - {"script":"<script> [776 bytes]","args":[{"enterText":"Cost Center","selector":{"id":"costObjectAdminTypeComboBox","viewName":"etm.portal.ui.managerequests.view.NewRequest","searchOpenDialogs":true,"interaction":{"idSuffix":"inner"}},"clearTextFirst":true,"interactionType":"ENTER_TEXT"}]}
RESULT: {"script":"<script> [776 bytes]","args":[{"enterText":"Cost Center","selector":{"id":"costObjectAdminTypeComboBox","viewName":"etm.portal.ui.managerequests.view.NewRequest","searchOpenDialogs":true,"interaction":{"idSuffix":"inner"}},"clearTextFirst":true,"interactionType":"ENTER_TEXT"}]}
COMMAND: POST /session/04234d49f989df1d8cc66cbbd9ee498b/actions - {"actions":[{"id":"action29","type":"key","parameters":{},"actions":[{"type":"keyDown","value":"î€‡"},{"type":"pause","duration":10},{"type":"keyUp","value":"î€‡"}]}]}
RESULT: {"actions":[{"id":"action29","type":"key","parameters":{},"actions":[{"type":"keyDown","value":"î€‡"},{"type":"pause","duration":10},{"type":"keyUp","value":"î€‡"}]}]}
COMMAND: GET /session/04234d49f989df1d8cc66cbbd9ee498b/screenshot - {}
RESULT: {}
RESULT: undefined
COMMAND: POST /session/04234d49f989df1d8cc66cbbd9ee498b/element - {"using":"xpath","value":"//*[@id=\"__xmlview61--costObjectIdComboBox-vhi\"]"}
RESULT: {"using":"xpath","value":"//*[@id=\"__xmlview61--costObjectIdComboBox-vhi\"]"}
COMMAND: POST /session/04234d49f989df1d8cc66cbbd9ee498b/element/f.9E73453283219C642BED86114F2A427E.d.89410050AB5C67B0503D5BCBBEE78F42.e.5834/click - {}
RESULT: {}
RESULT: undefined
COMMAND: POST /session/04234d49f989df1d8cc66cbbd9ee498b/execute/async - {"script":"<script> [776 bytes]","args":[{"enterText":"10001013","selector":{"controlType":"sap.m.SearchField","properties":{"placeholder":"Search"},"searchOpenDialogs":true,"interaction":{"idSuffix":"I"}},"clearTextFirst":true,"interactionType":"ENTER_TEXT"}]}
COMMAND: GET /session/04234d49f989df1d8cc66cbbd9ee498b/screenshot - {}
RESULT: {"script":"<script> [776 bytes]","args":[{"enterText":"10001013","selector":{"controlType":"sap.m.SearchField","properties":{"placeholder":"Search"},"searchOpenDialogs":true,"interaction":{"idSuffix":"I"}},"clearTextFirst":true,"interactionType":"ENTER_TEXT"}]}
COMMAND: POST /session/04234d49f989df1d8cc66cbbd9ee498b/actions - {"actions":[{"id":"action30","type":"key","parameters":{},"actions":[{"type":"keyDown","value":"î€‡"},{"type":"pause","duration":10},{"type":"keyUp","value":"î€‡"}]}]}
RESULT: {}
RESULT: {"actions":[{"id":"action30","type":"key","parameters":{},"actions":[{"type":"keyDown","value":"î€‡"},{"type":"pause","duration":10},{"type":"keyUp","value":"î€‡"}]}]}
COMMAND: GET /session/04234d49f989df1d8cc66cbbd9ee498b/screenshot - {}
RESULT: {}
COMMAND: POST /session/04234d49f989df1d8cc66cbbd9ee498b/element - {"using":"xpath","value":"//span[contains(text(), \"General Management\")]"}
RESULT: {"using":"xpath","value":"//span[contains(text(), \"General Management\")]"}
COMMAND: POST /session/04234d49f989df1d8cc66cbbd9ee498b/element/f.9E73453283219C642BED86114F2A427E.d.89410050AB5C67B0503D5BCBBEE78F42.e.5873/click - {}
RESULT: {}
COMMAND: GET /session/04234d49f989df1d8cc66cbbd9ee498b/screenshot - {}
RESULT: {}
COMMAND: POST /session/04234d49f989df1d8cc66cbbd9ee498b/element - {"using":"xpath","value":"//bdi[contains(text(), \"OK\")]"}
RESULT: {"using":"xpath","value":"//bdi[contains(text(), \"OK\")]"}
COMMAND: POST /session/04234d49f989df1d8cc66cbbd9ee498b/element/f.9E73453283219C642BED86114F2A427E.d.89410050AB5C67B0503D5BCBBEE78F42.e.5874/click - {}
RESULT: {}
COMMAND: GET /session/04234d49f989df1d8cc66cbbd9ee498b/screenshot - {}
RESULT: {}
COMMAND: POST /session/04234d49f989df1d8cc66cbbd9ee498b/element - {"using":"xpath","value":"(//bdi[contains(@id ,\"BDI-content\")][contains(text(), \"Save\")])[1]"}
RESULT: {"using":"xpath","value":"(//bdi[contains(@id ,\"BDI-content\")][contains(text(), \"Save\")])[1]"}
COMMAND: POST /session/04234d49f989df1d8cc66cbbd9ee498b/element/f.9E73453283219C642BED86114F2A427E.d.89410050AB5C67B0503D5BCBBEE78F42.e.5878/click - {}
RESULT: {}
COMMAND: GET /session/04234d49f989df1d8cc66cbbd9ee498b/screenshot - {}
RESULT: {}
COMMAND: POST /session/04234d49f989df1d8cc66cbbd9ee498b/execute/async - {"script":"<script> [1562 bytes]","args":[{"selector":{"controlType":"sap.m.Button","viewName":"etm.portal.ui.managerequests.view.NewRequest","i18NText":{"propertyName":"tooltip","key":"save"},"interaction":{"idSuffix":"content"}},"wdio_ui5_key":"etmportal.ui.managerequests.view.NewRequestsap.m.Button{\"propertyName\":\"tooltip\",\"key\":\"save\"}"}]}
RESULT: {"script":"<script> [1562 bytes]","args":[{"selector":{"controlType":"sap.m.Button","viewName":"etm.portal.ui.managerequests.view.NewRequest","i18NText":{"propertyName":"tooltip","key":"save"},"interaction":{"idSuffix":"content"}},"wdio_ui5_key":"etmportal.ui.managerequests.view.NewRequestsap.m.Button{\"propertyName\":\"tooltip\",\"key\":\"save\"}"}]}
RESULT: undefined
COMMAND: POST /session/04234d49f989df1d8cc66cbbd9ee498b/element - {"using":"xpath","value":"//*[@id=\"__button105\"]"}
RESULT: {"using":"xpath","value":"//*[@id=\"__button105\"]"}
COMMAND: POST /session/04234d49f989df1d8cc66cbbd9ee498b/element/f.9E73453283219C642BED86114F2A427E.d.89410050AB5C67B0503D5BCBBEE78F42.e.5694/click - {}
RESULT: {}
COMMAND: GET /session/04234d49f989df1d8cc66cbbd9ee498b/screenshot - {}
RESULT: {}
COMMAND: POST /session/04234d49f989df1d8cc66cbbd9ee498b/execute/async - {"script":"<script> [1562 bytes]","args":[{"selector":{"controlType":"sap.m.Title","properties":{"text":"Success"},"searchOpenDialogs":true},"wdio_ui5_key":"sapm.Title{\"text\":\"Success\"}"}]}
RESULT: {"script":"<script> [1562 bytes]","args":[{"selector":{"controlType":"sap.m.Title","properties":{"text":"Success"},"searchOpenDialogs":true},"wdio_ui5_key":"sapm.Title{\"text\":\"Success\"}"}]}
RESULT: undefined
COMMAND: POST /session/04234d49f989df1d8cc66cbbd9ee498b/execute/async - {"script":"<script> [6424 bytes]","args":[{"element-6066-11e4-a52e-4f735466cecf":"f.9E73453283219C642BED86114F2A427E.d.89410050AB5C67B0503D5BCBBEE78F42.e.5884"},"getText",[]]}
RESULT: {"script":"<script> [6424 bytes]","args":[{"element-6066-11e4-a52e-4f735466cecf":"f.9E73453283219C642BED86114F2A427E.d.89410050AB5C67B0503D5BCBBEE78F42.e.5884"},"getText",[]]}
COMMAND: POST /session/04234d49f989df1d8cc66cbbd9ee498b/execute/async - {"script":"<script> [1562 bytes]","args":[{"selector":{"controlType":"sap.m.Button","properties":{"text":"Close"},"searchOpenDialogs":true,"interaction":{"idSuffix":"BDI-content"}},"wdio_ui5_key":"sapm.Button{\"text\":\"Close\"}"}]}
RESULT: {"script":"<script> [1562 bytes]","args":[{"selector":{"controlType":"sap.m.Button","properties":{"text":"Close"},"searchOpenDialogs":true,"interaction":{"idSuffix":"BDI-content"}},"wdio_ui5_key":"sapm.Button{\"text\":\"Close\"}"}]}
RESULT: undefined
COMMAND: POST /session/04234d49f989df1d8cc66cbbd9ee498b/element - {"using":"xpath","value":"//*[@id=\"__mbox-btn-4\"]"}
RESULT: {"using":"xpath","value":"//*[@id=\"__mbox-btn-4\"]"}
COMMAND: POST /session/04234d49f989df1d8cc66cbbd9ee498b/element/f.9E73453283219C642BED86114F2A427E.d.89410050AB5C67B0503D5BCBBEE78F42.e.5882/click - {}
RESULT: {}
COMMAND: GET /session/04234d49f989df1d8cc66cbbd9ee498b/screenshot - {}
RESULT: {}
COMMAND: POST /session/04234d49f989df1d8cc66cbbd9ee498b/execute/async - {"script":"<script> [1562 bytes]","args":[{"selector":{"controlType":"sap.m.Text","viewName":"etm.portal.ui.managerequests.view.Detail","bindingPath":{"propertyPath":"NO","modelName":"catalogModel"}},"wdio_ui5_key":"etmportal.ui.managerequests.view.Detailsap.m.Text{\"propertyPath\":\"NO\",\"modelName\":\"catalogModel\"}"}]}
RESULT: {"script":"<script> [1562 bytes]","args":[{"selector":{"controlType":"sap.m.Text","viewName":"etm.portal.ui.managerequests.view.Detail","bindingPath":{"propertyPath":"NO","modelName":"catalogModel"}},"wdio_ui5_key":"etmportal.ui.managerequests.view.Detailsap.m.Text{\"propertyPath\":\"NO\",\"modelName\":\"catalogModel\"}"}]}
RESULT: undefined
COMMAND: POST /session/04234d49f989df1d8cc66cbbd9ee498b/execute/async - {"script":"<script> [6424 bytes]","args":[{"element-6066-11e4-a52e-4f735466cecf":"f.9E73453283219C642BED86114F2A427E.d.89410050AB5C67B0503D5BCBBEE78F42.e.6014"},"getText",[]]}
RESULT: {"script":"<script> [6424 bytes]","args":[{"element-6066-11e4-a52e-4f735466cecf":"f.9E73453283219C642BED86114F2A427E.d.89410050AB5C67B0503D5BCBBEE78F42.e.6014"},"getText",[]]}
COMMAND: POST /session/04234d49f989df1d8cc66cbbd9ee498b/execute/async - {"script":"<script> [1562 bytes]","args":[{"selector":{"controlType":"sap.ui.core.Icon","viewName":"etm.portal.ui.managerequests.view.Detail","properties":{"src":{"regex":{"source":"date\\-time"}}},"ancestor":{"controlType":"sap.m.ColumnListItem","viewName":"etm.portal.ui.managerequests.view.Detail","bindingPath":{"path":"/SmartRequestItemsPlanningBoard(ITEM=10m,REQUEST='20334')"},"ancestor":{"id":"requestItemsTable","viewName":"etm.portal.ui.managerequests.view.Detail"}}},"wdio_ui5_key":"etmportal.ui.managerequests.view.Detailsap.ui.core.Icon{\"src\":{\"regex\":{\"source\":\"date\\\\-time\"}}}{\"controlType\":\"sap.m.ColumnListItem\",\"viewName\":\"etm.portal.ui.managerequests.view.Detail\",\"bindingPath\":{\"path\":\"/SmartRequestItemsPlanningBoard(ITEM=10m,REQUEST='20334')\"},\"ancestor\":{\"id\":\"requestItemsTable\",\"viewName\":\"etm.portal.ui.managerequests.view.Detail\"}}"}]}
RESULT: {"script":"<script> [1562 bytes]","args":[{"selector":{"controlType":"sap.ui.core.Icon","viewName":"etm.portal.ui.managerequests.view.Detail","properties":{"src":{"regex":{"source":"date\\-time"}}},"ancestor":{"controlType":"sap.m.ColumnListItem","viewName":"etm.portal.ui.managerequests.view.Detail","bindingPath":{"path":"/SmartRequestItemsPlanningBoard(ITEM=10m,REQUEST='20334')"},"ancestor":{"id":"requestItemsTable","viewName":"etm.portal.ui.managerequests.view.Detail"}}},"wdio_ui5_key":"etmportal.ui.managerequests.view.Detailsap.ui.core.Icon{\"src\":{\"regex\":{\"source\":\"date\\\\-time\"}}}{\"controlType\":\"sap.m.ColumnListItem\",\"viewName\":\"etm.portal.ui.managerequests.view.Detail\",\"bindingPath\":{\"path\":\"/SmartRequestItemsPlanningBoard(ITEM=10m,REQUEST='20334')\"},\"ancestor\":{\"id\":\"requestItemsTable\",\"viewName\":\"etm.portal.ui.managerequests.view.Detail\"}}"}]}
RESULT: undefined
COMMAND: POST /session/04234d49f989df1d8cc66cbbd9ee498b/element - {"using":"xpath","value":"//*[@id=\"__button135-__clone7743-img\"]"}
RESULT: {"using":"xpath","value":"//*[@id=\"__button135-__clone7743-img\"]"}
COMMAND: POST /session/04234d49f989df1d8cc66cbbd9ee498b/element/f.9E73453283219C642BED86114F2A427E.d.89410050AB5C67B0503D5BCBBEE78F42.e.6015/click - {}
RESULT: {}
COMMAND: POST /session/04234d49f989df1d8cc66cbbd9ee498b/execute/async - {"script":"<script> [1562 bytes]","args":[{"selector":{"controlType":"sap.m.Button","viewName":"etm.portal.ui.managerequests.view.Detail","properties":{"text":"Close"},"searchOpenDialogs":true,"interaction":{"idSuffix":"BDI-content"}},"wdio_ui5_key":"etmportal.ui.managerequests.view.Detailsap.m.Button{\"text\":\"Close\"}"}]}
COMMAND: GET /session/04234d49f989df1d8cc66cbbd9ee498b/screenshot - {}
RESULT: {"script":"<script> [1562 bytes]","args":[{"selector":{"controlType":"sap.m.Button","viewName":"etm.portal.ui.managerequests.view.Detail","properties":{"text":"Close"},"searchOpenDialogs":true,"interaction":{"idSuffix":"BDI-content"}},"wdio_ui5_key":"etmportal.ui.managerequests.view.Detailsap.m.Button{\"text\":\"Close\"}"}]}
RESULT: undefined
COMMAND: POST /session/04234d49f989df1d8cc66cbbd9ee498b/element - {"using":"xpath","value":"//*[@id=\"__button145\"]"}
RESULT: {}
RESULT: {"using":"xpath","value":"//*[@id=\"__button145\"]"}
COMMAND: POST /session/04234d49f989df1d8cc66cbbd9ee498b/element/f.9E73453283219C642BED86114F2A427E.d.89410050AB5C67B0503D5BCBBEE78F42.e.6018/click - {}
RESULT: {}
COMMAND: POST /session/04234d49f989df1d8cc66cbbd9ee498b/execute/async - {"script":"<script> [1562 bytes]","args":[{"selector":{"controlType":"sap.ui.core.Icon","viewName":"etm.portal.ui.managerequests.view.Detail","properties":{"src":{"regex":{"source":"date\\-time"}}},"ancestor":{"controlType":"sap.m.ColumnListItem","viewName":"etm.portal.ui.managerequests.view.Detail","bindingPath":{"path":"/SmartRequestItemsPlanningBoard(ITEM=20m,REQUEST='20334')"},"ancestor":{"id":"requestItemsTable","viewName":"etm.portal.ui.managerequests.view.Detail"}}},"wdio_ui5_key":"etmportal.ui.managerequests.view.Detailsap.ui.core.Icon{\"src\":{\"regex\":{\"source\":\"date\\\\-time\"}}}{\"controlType\":\"sap.m.ColumnListItem\",\"viewName\":\"etm.portal.ui.managerequests.view.Detail\",\"bindingPath\":{\"path\":\"/SmartRequestItemsPlanningBoard(ITEM=20m,REQUEST='20334')\"},\"ancestor\":{\"id\":\"requestItemsTable\",\"viewName\":\"etm.portal.ui.managerequests.view.Detail\"}}"}]}
COMMAND: GET /session/04234d49f989df1d8cc66cbbd9ee498b/screenshot - {}
RESULT: {"script":"<script> [1562 bytes]","args":[{"selector":{"controlType":"sap.ui.core.Icon","viewName":"etm.portal.ui.managerequests.view.Detail","properties":{"src":{"regex":{"source":"date\\-time"}}},"ancestor":{"controlType":"sap.m.ColumnListItem","viewName":"etm.portal.ui.managerequests.view.Detail","bindingPath":{"path":"/SmartRequestItemsPlanningBoard(ITEM=20m,REQUEST='20334')"},"ancestor":{"id":"requestItemsTable","viewName":"etm.portal.ui.managerequests.view.Detail"}}},"wdio_ui5_key":"etmportal.ui.managerequests.view.Detailsap.ui.core.Icon{\"src\":{\"regex\":{\"source\":\"date\\\\-time\"}}}{\"controlType\":\"sap.m.ColumnListItem\",\"viewName\":\"etm.portal.ui.managerequests.view.Detail\",\"bindingPath\":{\"path\":\"/SmartRequestItemsPlanningBoard(ITEM=20m,REQUEST='20334')\"},\"ancestor\":{\"id\":\"requestItemsTable\",\"viewName\":\"etm.portal.ui.managerequests.view.Detail\"}}"}]}
RESULT: undefined
COMMAND: POST /session/04234d49f989df1d8cc66cbbd9ee498b/element - {"using":"xpath","value":"//*[@id=\"__button135-__clone7744-img\"]"}
RESULT: {}
RESULT: {"using":"xpath","value":"//*[@id=\"__button135-__clone7744-img\"]"}
COMMAND: POST /session/04234d49f989df1d8cc66cbbd9ee498b/element/f.9E73453283219C642BED86114F2A427E.d.89410050AB5C67B0503D5BCBBEE78F42.e.6025/click - {}
RESULT: {}
RESULT: undefined
COMMAND: POST /session/04234d49f989df1d8cc66cbbd9ee498b/element - {"using":"xpath","value":"//*[@id=\"__button145\"]"}
COMMAND: GET /session/04234d49f989df1d8cc66cbbd9ee498b/screenshot - {}
RESULT: {"using":"xpath","value":"//*[@id=\"__button145\"]"}
COMMAND: POST /session/04234d49f989df1d8cc66cbbd9ee498b/elements - {"using":"xpath","value":"//*[@id=\"__button145\"]"}
RESULT: {}
RESULT: {"using":"xpath","value":"//*[@id=\"__button145\"]"}
COMMAND: POST /session/04234d49f989df1d8cc66cbbd9ee498b/element - {"using":"xpath","value":"//*[@id=\"__button145\"]"}
RESULT: {"using":"xpath","value":"//*[@id=\"__button145\"]"}
COMMAND: POST /session/04234d49f989df1d8cc66cbbd9ee498b/element/f.9E73453283219C642BED86114F2A427E.d.89410050AB5C67B0503D5BCBBEE78F42.e.6029/click - {}
RESULT: {}
COMMAND: POST /session/04234d49f989df1d8cc66cbbd9ee498b/element - {"using":"css selector","value":"#shell-header-logo"}
COMMAND: GET /session/04234d49f989df1d8cc66cbbd9ee498b/screenshot - {}
RESULT: {"using":"css selector","value":"#shell-header-logo"}
COMMAND: POST /session/04234d49f989df1d8cc66cbbd9ee498b/element/f.9E73453283219C642BED86114F2A427E.d.89410050AB5C67B0503D5BCBBEE78F42.e.5256/click - {}
RESULT: {}
RESULT: {}
COMMAND: GET /session/04234d49f989df1d8cc66cbbd9ee498b/screenshot - {}
RESULT: {}
]]></system-out>
    </testcase>
    <testcase classname="chrome.135_0_7049_96.windows.Standard_contract_-_add_contract_items_by_Insert_Request_US118222" name="Should insert the request into the contract" time="53.298">
      <system-out><![CDATA[
COMMAND: POST /session/04234d49f989df1d8cc66cbbd9ee498b/execute/async - {"script":"<script> [1562 bytes]","args":[{"selector":{"controlType":"sap.m.GenericTile","properties":{"header":"Manage Contracts"}},"wdio_ui5_key":"sapm.GenericTile{\"header\":\"Manage Contracts\"}"}]}
RESULT: {"script":"<script> [1562 bytes]","args":[{"selector":{"controlType":"sap.m.GenericTile","properties":{"header":"Manage Contracts"}},"wdio_ui5_key":"sapm.GenericTile{\"header\":\"Manage Contracts\"}"}]}
RESULT: undefined
COMMAND: POST /session/04234d49f989df1d8cc66cbbd9ee498b/element - {"using":"xpath","value":"//*[@id=\"__tile130\"]"}
RESULT: {"using":"xpath","value":"//*[@id=\"__tile130\"]"}
COMMAND: POST /session/04234d49f989df1d8cc66cbbd9ee498b/element/f.9E73453283219C642BED86114F2A427E.d.89410050AB5C67B0503D5BCBBEE78F42.e.6042/click - {}
RESULT: {}
COMMAND: GET /session/04234d49f989df1d8cc66cbbd9ee498b/screenshot - {}
RESULT: {}
COMMAND: POST /session/04234d49f989df1d8cc66cbbd9ee498b/execute/async - {"script":"<script> [1562 bytes]","args":[{"selector":{"controlType":"sap.m.SearchField","viewName":"etm.portal.ui.managecontracts.view.Master","bindingPath":{"path":"","propertyPath":"/_BASIC_SEARCH_FIELD","modelName":"fi1t3rM0d31"},"interaction":{"idSuffix":"I"}},"wdio_ui5_key":"etmportal.ui.managecontracts.view.Mastersap.m.SearchField{\"path\":\"\",\"propertyPath\":\"/_BASIC_SEARCH_FIELD\",\"modelName\":\"fi1t3rM0d31\"}"}]}
RESULT: {"script":"<script> [1562 bytes]","args":[{"selector":{"controlType":"sap.m.SearchField","viewName":"etm.portal.ui.managecontracts.view.Master","bindingPath":{"path":"","propertyPath":"/_BASIC_SEARCH_FIELD","modelName":"fi1t3rM0d31"},"interaction":{"idSuffix":"I"}},"wdio_ui5_key":"etmportal.ui.managecontracts.view.Mastersap.m.SearchField{\"path\":\"\",\"propertyPath\":\"/_BASIC_SEARCH_FIELD\",\"modelName\":\"fi1t3rM0d31\"}"}]}
RESULT: undefined
COMMAND: POST /session/04234d49f989df1d8cc66cbbd9ee498b/execute/async - {"script":"<script> [776 bytes]","args":[{"enterText":"10488","selector":{"controlType":"sap.m.SearchField","viewName":"etm.portal.ui.managecontracts.view.Master","bindingPath":{"path":"","propertyPath":"/_BASIC_SEARCH_FIELD","modelName":"fi1t3rM0d31"},"interaction":{"idSuffix":"I"}},"clearTextFirst":true,"interactionType":"ENTER_TEXT"}]}
RESULT: {"script":"<script> [776 bytes]","args":[{"enterText":"10488","selector":{"controlType":"sap.m.SearchField","viewName":"etm.portal.ui.managecontracts.view.Master","bindingPath":{"path":"","propertyPath":"/_BASIC_SEARCH_FIELD","modelName":"fi1t3rM0d31"},"interaction":{"idSuffix":"I"}},"clearTextFirst":true,"interactionType":"ENTER_TEXT"}]}
COMMAND: POST /session/04234d49f989df1d8cc66cbbd9ee498b/actions - {"actions":[{"id":"action31","type":"key","parameters":{},"actions":[{"type":"keyDown","value":"î€‡"},{"type":"pause","duration":10},{"type":"keyUp","value":"î€‡"}]}]}
RESULT: {"actions":[{"id":"action31","type":"key","parameters":{},"actions":[{"type":"keyDown","value":"î€‡"},{"type":"pause","duration":10},{"type":"keyUp","value":"î€‡"}]}]}
COMMAND: GET /session/04234d49f989df1d8cc66cbbd9ee498b/screenshot - {}
RESULT: {}
COMMAND: POST /session/04234d49f989df1d8cc66cbbd9ee498b/execute/async - {"script":"<script> [1562 bytes]","args":[{"selector":{"controlType":"sap.ui.core.Icon","viewName":"etm.portal.ui.managecontracts.view.Master","properties":{"src":{"regex":{"source":"slim\\-arrow\\-right"}}}},"wdio_ui5_key":"etmportal.ui.managecontracts.view.Mastersap.ui.core.Icon{\"src\":{\"regex\":{\"source\":\"slim\\\\-arrow\\\\-right\"}}}"}]}
RESULT: {"script":"<script> [1562 bytes]","args":[{"selector":{"controlType":"sap.ui.core.Icon","viewName":"etm.portal.ui.managecontracts.view.Master","properties":{"src":{"regex":{"source":"slim\\-arrow\\-right"}}}},"wdio_ui5_key":"etmportal.ui.managecontracts.view.Mastersap.ui.core.Icon{\"src\":{\"regex\":{\"source\":\"slim\\\\-arrow\\\\-right\"}}}"}]}
RESULT: undefined
COMMAND: POST /session/04234d49f989df1d8cc66cbbd9ee498b/element - {"using":"xpath","value":"//*[@id=\"__item2456-__clone7851-imgNav\"]"}
RESULT: {"using":"xpath","value":"//*[@id=\"__item2456-__clone7851-imgNav\"]"}
COMMAND: POST /session/04234d49f989df1d8cc66cbbd9ee498b/element/f.9E73453283219C642BED86114F2A427E.d.89410050AB5C67B0503D5BCBBEE78F42.e.6169/click - {}
RESULT: {}
COMMAND: POST /session/04234d49f989df1d8cc66cbbd9ee498b/execute/async - {"script":"<script> [1562 bytes]","args":[{"selector":{"id":"addRequestItemBtn","viewName":"etm.portal.ui.managecontracts.view.Detail","interaction":{"idSuffix":"BDI-content"}},"wdio_ui5_key":"addRequestItemBtnetmportal.ui.managecontracts.view.Detail"}]}
COMMAND: GET /session/04234d49f989df1d8cc66cbbd9ee498b/screenshot - {}
RESULT: {"script":"<script> [1562 bytes]","args":[{"selector":{"id":"addRequestItemBtn","viewName":"etm.portal.ui.managecontracts.view.Detail","interaction":{"idSuffix":"BDI-content"}},"wdio_ui5_key":"addRequestItemBtnetmportal.ui.managecontracts.view.Detail"}]}
RESULT: undefined
COMMAND: POST /session/04234d49f989df1d8cc66cbbd9ee498b/element - {"using":"xpath","value":"//*[@id=\"__xmlview64--addRequestItemBtn\"]"}
RESULT: {}
RESULT: {"using":"xpath","value":"//*[@id=\"__xmlview64--addRequestItemBtn\"]"}
COMMAND: POST /session/04234d49f989df1d8cc66cbbd9ee498b/element/f.9E73453283219C642BED86114F2A427E.d.89410050AB5C67B0503D5BCBBEE78F42.e.6233/click - {}
RESULT: {}
COMMAND: GET /session/04234d49f989df1d8cc66cbbd9ee498b/screenshot - {}
RESULT: {}
COMMAND: POST /session/04234d49f989df1d8cc66cbbd9ee498b/element - {"using":"xpath","value":"//div[contains(@id ,\"popupRequestTable-sa-CbBg\")]"}
RESULT: {"using":"xpath","value":"//div[contains(@id ,\"popupRequestTable-sa-CbBg\")]"}
COMMAND: POST /session/04234d49f989df1d8cc66cbbd9ee498b/element/f.9E73453283219C642BED86114F2A427E.d.89410050AB5C67B0503D5BCBBEE78F42.e.6349/click - {}
RESULT: {}
COMMAND: GET /session/04234d49f989df1d8cc66cbbd9ee498b/screenshot - {}
RESULT: {}
COMMAND: POST /session/04234d49f989df1d8cc66cbbd9ee498b/execute/async - {"script":"<script> [1562 bytes]","args":[{"selector":{"controlType":"sap.m.Button","viewName":"etm.portal.ui.managecontracts.view.Detail","i18NText":{"propertyName":"text","key":"selectionDone"},"searchOpenDialogs":true,"interaction":{"idSuffix":"BDI-content"}},"wdio_ui5_key":"etmportal.ui.managecontracts.view.Detailsap.m.Button{\"propertyName\":\"text\",\"key\":\"selectionDone\"}"}]}
RESULT: {"script":"<script> [1562 bytes]","args":[{"selector":{"controlType":"sap.m.Button","viewName":"etm.portal.ui.managecontracts.view.Detail","i18NText":{"propertyName":"text","key":"selectionDone"},"searchOpenDialogs":true,"interaction":{"idSuffix":"BDI-content"}},"wdio_ui5_key":"etmportal.ui.managecontracts.view.Detailsap.m.Button{\"propertyName\":\"text\",\"key\":\"selectionDone\"}"}]}
RESULT: undefined
COMMAND: POST /session/04234d49f989df1d8cc66cbbd9ee498b/element - {"using":"xpath","value":"//*[@id=\"__button157\"]"}
RESULT: {"using":"xpath","value":"//*[@id=\"__button157\"]"}
COMMAND: POST /session/04234d49f989df1d8cc66cbbd9ee498b/element/f.9E73453283219C642BED86114F2A427E.d.89410050AB5C67B0503D5BCBBEE78F42.e.6351/click - {}
RESULT: {}
COMMAND: POST /session/04234d49f989df1d8cc66cbbd9ee498b/execute/async - {"script":"<script> [1562 bytes]","args":[{"selector":{"controlType":"sap.m.Text","properties":{"text":"Started processing request items into the contract."},"searchOpenDialogs":true},"wdio_ui5_key":"sapm.Text{\"text\":\"Started processing request items into the contract.\"}"}]}
COMMAND: GET /session/04234d49f989df1d8cc66cbbd9ee498b/screenshot - {}
RESULT: {"script":"<script> [1562 bytes]","args":[{"selector":{"controlType":"sap.m.Text","properties":{"text":"Started processing request items into the contract."},"searchOpenDialogs":true},"wdio_ui5_key":"sapm.Text{\"text\":\"Started processing request items into the contract.\"}"}]}
RESULT: undefined
COMMAND: POST /session/04234d49f989df1d8cc66cbbd9ee498b/execute/async - {"script":"<script> [6424 bytes]","args":[{"element-6066-11e4-a52e-4f735466cecf":"f.9E73453283219C642BED86114F2A427E.d.89410050AB5C67B0503D5BCBBEE78F42.e.6353"},"getText",[]]}
RESULT: {}
RESULT: {"script":"<script> [6424 bytes]","args":[{"element-6066-11e4-a52e-4f735466cecf":"f.9E73453283219C642BED86114F2A427E.d.89410050AB5C67B0503D5BCBBEE78F42.e.6353"},"getText",[]]}
COMMAND: POST /session/04234d49f989df1d8cc66cbbd9ee498b/execute/async - {"script":"<script> [1562 bytes]","args":[{"selector":{"controlType":"sap.m.Button","properties":{"text":"OK"},"searchOpenDialogs":true,"interaction":{"idSuffix":"inner"}},"wdio_ui5_key":"sapm.Button{\"text\":\"OK\"}"}]}
RESULT: {"script":"<script> [1562 bytes]","args":[{"selector":{"controlType":"sap.m.Button","properties":{"text":"OK"},"searchOpenDialogs":true,"interaction":{"idSuffix":"inner"}},"wdio_ui5_key":"sapm.Button{\"text\":\"OK\"}"}]}
RESULT: undefined
COMMAND: POST /session/04234d49f989df1d8cc66cbbd9ee498b/element - {"using":"xpath","value":"//*[@id=\"__mbox-btn-5\"]"}
RESULT: {"using":"xpath","value":"//*[@id=\"__mbox-btn-5\"]"}
COMMAND: POST /session/04234d49f989df1d8cc66cbbd9ee498b/element/f.9E73453283219C642BED86114F2A427E.d.89410050AB5C67B0503D5BCBBEE78F42.e.6352/click - {}
RESULT: {}
COMMAND: POST /session/04234d49f989df1d8cc66cbbd9ee498b/execute/async - {"script":"<script> [1562 bytes]","args":[{"selector":{"id":"headerBillingItemsTabFilter","viewName":"etm.portal.ui.managecontracts.view.Detail","interaction":{"idSuffix":"text"}},"wdio_ui5_key":"headerBillingItemsTabFilteretmportal.ui.managecontracts.view.Detail"}]}
COMMAND: GET /session/04234d49f989df1d8cc66cbbd9ee498b/screenshot - {}
RESULT: {"script":"<script> [1562 bytes]","args":[{"selector":{"id":"headerBillingItemsTabFilter","viewName":"etm.portal.ui.managecontracts.view.Detail","interaction":{"idSuffix":"text"}},"wdio_ui5_key":"headerBillingItemsTabFilteretmportal.ui.managecontracts.view.Detail"}]}
RESULT: undefined
COMMAND: POST /session/04234d49f989df1d8cc66cbbd9ee498b/element - {"using":"xpath","value":"//*[@id=\"__xmlview64--headerBillingItemsTabFilter\"]"}
RESULT: {}
RESULT: {"using":"xpath","value":"//*[@id=\"__xmlview64--headerBillingItemsTabFilter\"]"}
COMMAND: POST /session/04234d49f989df1d8cc66cbbd9ee498b/element/f.9E73453283219C642BED86114F2A427E.d.89410050AB5C67B0503D5BCBBEE78F42.e.6363/click - {}
RESULT: {}
COMMAND: GET /session/04234d49f989df1d8cc66cbbd9ee498b/screenshot - {}
RESULT: {}
COMMAND: POST /session/04234d49f989df1d8cc66cbbd9ee498b/execute/async - {"script":"<script> [1562 bytes]","args":[{"selector":{"controlType":"sap.ui.core.Icon","viewName":"etm.portal.ui.managecontracts.view.Detail","properties":{"src":{"regex":{"source":"synchronize"}}}},"wdio_ui5_key":"etmportal.ui.managecontracts.view.Detailsap.ui.core.Icon{\"src\":{\"regex\":{\"source\":\"synchronize\"}}}"}]}
RESULT: {"script":"<script> [1562 bytes]","args":[{"selector":{"controlType":"sap.ui.core.Icon","viewName":"etm.portal.ui.managecontracts.view.Detail","properties":{"src":{"regex":{"source":"synchronize"}}}},"wdio_ui5_key":"etmportal.ui.managecontracts.view.Detailsap.ui.core.Icon{\"src\":{\"regex\":{\"source\":\"synchronize\"}}}"}]}
RESULT: undefined
COMMAND: POST /session/04234d49f989df1d8cc66cbbd9ee498b/element - {"using":"xpath","value":"//*[@id=\"__xmlview64--btnToggleUpdate-img\"]"}
RESULT: {"using":"xpath","value":"//*[@id=\"__xmlview64--btnToggleUpdate-img\"]"}
COMMAND: POST /session/04234d49f989df1d8cc66cbbd9ee498b/element/f.9E73453283219C642BED86114F2A427E.d.89410050AB5C67B0503D5BCBBEE78F42.e.6232/click - {}
RESULT: {}
COMMAND: GET /session/04234d49f989df1d8cc66cbbd9ee498b/screenshot - {}
RESULT: {}
RESULT: undefined
COMMAND: POST /session/04234d49f989df1d8cc66cbbd9ee498b/element - {"using":"xpath","value":"//*[@id=\"__xmlview64--headerBillingItemsTabFilter\"]"}
RESULT: {"using":"xpath","value":"//*[@id=\"__xmlview64--headerBillingItemsTabFilter\"]"}
COMMAND: POST /session/04234d49f989df1d8cc66cbbd9ee498b/element/f.9E73453283219C642BED86114F2A427E.d.89410050AB5C67B0503D5BCBBEE78F42.e.6363/click - {}
RESULT: {}
COMMAND: POST /session/04234d49f989df1d8cc66cbbd9ee498b/execute/async - {"script":"<script> [1562 bytes]","args":[{"selector":{"controlType":"sap.m.Title","viewName":"etm.portal.ui.managecontracts.view.Detail","properties":{"text":"Contract Items (2)"}},"wdio_ui5_key":"etmportal.ui.managecontracts.view.Detailsap.m.Title{\"text\":\"Contract Items (2)\"}"}]}
COMMAND: GET /session/04234d49f989df1d8cc66cbbd9ee498b/screenshot - {}
RESULT: {"script":"<script> [1562 bytes]","args":[{"selector":{"controlType":"sap.m.Title","viewName":"etm.portal.ui.managecontracts.view.Detail","properties":{"text":"Contract Items (2)"}},"wdio_ui5_key":"etmportal.ui.managecontracts.view.Detailsap.m.Title{\"text\":\"Contract Items (2)\"}"}]}
RESULT: undefined
COMMAND: POST /session/04234d49f989df1d8cc66cbbd9ee498b/execute/async - {"script":"<script> [6424 bytes]","args":[{"element-6066-11e4-a52e-4f735466cecf":"f.9E73453283219C642BED86114F2A427E.d.89410050AB5C67B0503D5BCBBEE78F42.e.6371"},"getText",[]]}
RESULT: {}
RESULT: {"script":"<script> [6424 bytes]","args":[{"element-6066-11e4-a52e-4f735466cecf":"f.9E73453283219C642BED86114F2A427E.d.89410050AB5C67B0503D5BCBBEE78F42.e.6371"},"getText",[]]}
COMMAND: POST /session/04234d49f989df1d8cc66cbbd9ee498b/execute/async - {"script":"<script> [1562 bytes]","args":[{"selector":{"controlType":"sap.m.ObjectStatus","viewName":"etm.portal.ui.managecontracts.view.Detail","bindingPath":{"path":"/SmartContractItems(CONTRACT='10488',ITEM=10m,SUB_ITEM=0m)","propertyPath":"STATUS"}},"wdio_ui5_key":"etmportal.ui.managecontracts.view.Detailsap.m.ObjectStatus{\"path\":\"/SmartContractItems(CONTRACT='10488',ITEM=10m,SUB_ITEM=0m)\",\"propertyPath\":\"STATUS\"}"}]}
RESULT: {"script":"<script> [1562 bytes]","args":[{"selector":{"controlType":"sap.m.ObjectStatus","viewName":"etm.portal.ui.managecontracts.view.Detail","bindingPath":{"path":"/SmartContractItems(CONTRACT='10488',ITEM=10m,SUB_ITEM=0m)","propertyPath":"STATUS"}},"wdio_ui5_key":"etmportal.ui.managecontracts.view.Detailsap.m.ObjectStatus{\"path\":\"/SmartContractItems(CONTRACT='10488',ITEM=10m,SUB_ITEM=0m)\",\"propertyPath\":\"STATUS\"}"}]}
RESULT: undefined
COMMAND: POST /session/04234d49f989df1d8cc66cbbd9ee498b/execute/async - {"script":"<script> [6424 bytes]","args":[{"element-6066-11e4-a52e-4f735466cecf":"f.9E73453283219C642BED86114F2A427E.d.89410050AB5C67B0503D5BCBBEE78F42.e.6373"},"getText",[]]}
RESULT: {"script":"<script> [6424 bytes]","args":[{"element-6066-11e4-a52e-4f735466cecf":"f.9E73453283219C642BED86114F2A427E.d.89410050AB5C67B0503D5BCBBEE78F42.e.6373"},"getText",[]]}
COMMAND: POST /session/04234d49f989df1d8cc66cbbd9ee498b/execute/async - {"script":"<script> [1562 bytes]","args":[{"selector":{"controlType":"sap.m.ObjectStatus","viewName":"etm.portal.ui.managecontracts.view.Detail","bindingPath":{"path":"/SmartContractItems(CONTRACT='10488',ITEM=20m,SUB_ITEM=0m)","propertyPath":"STATUS"}},"wdio_ui5_key":"etmportal.ui.managecontracts.view.Detailsap.m.ObjectStatus{\"path\":\"/SmartContractItems(CONTRACT='10488',ITEM=20m,SUB_ITEM=0m)\",\"propertyPath\":\"STATUS\"}"}]}
RESULT: {"script":"<script> [1562 bytes]","args":[{"selector":{"controlType":"sap.m.ObjectStatus","viewName":"etm.portal.ui.managecontracts.view.Detail","bindingPath":{"path":"/SmartContractItems(CONTRACT='10488',ITEM=20m,SUB_ITEM=0m)","propertyPath":"STATUS"}},"wdio_ui5_key":"etmportal.ui.managecontracts.view.Detailsap.m.ObjectStatus{\"path\":\"/SmartContractItems(CONTRACT='10488',ITEM=20m,SUB_ITEM=0m)\",\"propertyPath\":\"STATUS\"}"}]}
RESULT: undefined
COMMAND: POST /session/04234d49f989df1d8cc66cbbd9ee498b/execute/async - {"script":"<script> [6424 bytes]","args":[{"element-6066-11e4-a52e-4f735466cecf":"f.9E73453283219C642BED86114F2A427E.d.89410050AB5C67B0503D5BCBBEE78F42.e.6374"},"getText",[]]}
RESULT: {"script":"<script> [6424 bytes]","args":[{"element-6066-11e4-a52e-4f735466cecf":"f.9E73453283219C642BED86114F2A427E.d.89410050AB5C67B0503D5BCBBEE78F42.e.6374"},"getText",[]]}
]]></system-out>
    </testcase>
  </testsuite>
  <testsuite timestamp="2025-05-03T18:05:41" time="90.442" tests="1" failures="0" errors="0" skipped="0">
    <properties>
      <property name="specId" value="0" />
      <property name="suiteName" value="Manage contracts - revert request US152962" />
      <property name="capabilities" value="chrome.135_0_7049_96.windows" />
      <property name="file" value="file:///D:/a/1/s/test/specs/R2C/manage-contracts-revert-request.spec.js" />
    </properties>
    <testcase classname="chrome.135_0_7049_96.windows.Manage_contracts_-_revert_request_US152962" name="Should revert the request" time="90.44">
      <system-out><![CDATA[
COMMAND: POST /session/04234d49f989df1d8cc66cbbd9ee498b/execute/async - {"script":"<script> [1562 bytes]","args":[{"selector":{"id":"revertPlanningBtn","viewName":"etm.portal.ui.managecontracts.view.Detail","interaction":{"idSuffix":"BDI-content"}},"wdio_ui5_key":"revertPlanningBtnetmportal.ui.managecontracts.view.Detail"}]}
RESULT: {"script":"<script> [1562 bytes]","args":[{"selector":{"id":"revertPlanningBtn","viewName":"etm.portal.ui.managecontracts.view.Detail","interaction":{"idSuffix":"BDI-content"}},"wdio_ui5_key":"revertPlanningBtnetmportal.ui.managecontracts.view.Detail"}]}
RESULT: undefined
COMMAND: POST /session/04234d49f989df1d8cc66cbbd9ee498b/element - {"using":"xpath","value":"//*[@id=\"__xmlview64--revertPlanningBtn\"]"}
RESULT: {"using":"xpath","value":"//*[@id=\"__xmlview64--revertPlanningBtn\"]"}
COMMAND: POST /session/04234d49f989df1d8cc66cbbd9ee498b/element/f.9E73453283219C642BED86114F2A427E.d.89410050AB5C67B0503D5BCBBEE78F42.e.6236/click - {}
RESULT: {}
COMMAND: POST /session/04234d49f989df1d8cc66cbbd9ee498b/element - {"using":"xpath","value":"(//div[contains(@id ,\"selectMulti-CbBg\")])[2]"}
COMMAND: GET /session/04234d49f989df1d8cc66cbbd9ee498b/screenshot - {}
RESULT: {"using":"xpath","value":"(//div[contains(@id ,\"selectMulti-CbBg\")])[2]"}
COMMAND: POST /session/04234d49f989df1d8cc66cbbd9ee498b/element/f.9E73453283219C642BED86114F2A427E.d.89410050AB5C67B0503D5BCBBEE78F42.e.6421/click - {}
RESULT: {}
RESULT: {}
COMMAND: GET /session/04234d49f989df1d8cc66cbbd9ee498b/screenshot - {}
RESULT: {}
COMMAND: POST /session/04234d49f989df1d8cc66cbbd9ee498b/element - {"using":"xpath","value":"//span[contains(@id ,\"executeRevertPlanningBtn-content\")]"}
RESULT: {"using":"xpath","value":"//span[contains(@id ,\"executeRevertPlanningBtn-content\")]"}
COMMAND: POST /session/04234d49f989df1d8cc66cbbd9ee498b/element/f.9E73453283219C642BED86114F2A427E.d.89410050AB5C67B0503D5BCBBEE78F42.e.6423/click - {}
RESULT: {}
COMMAND: GET /session/04234d49f989df1d8cc66cbbd9ee498b/screenshot - {}
RESULT: {}
COMMAND: POST /session/04234d49f989df1d8cc66cbbd9ee498b/actions - {"actions":[{"id":"action32","type":"key","parameters":{},"actions":[{"type":"keyDown","value":"î€‡"},{"type":"pause","duration":10},{"type":"keyUp","value":"î€‡"}]}]}
RESULT: {"actions":[{"id":"action32","type":"key","parameters":{},"actions":[{"type":"keyDown","value":"î€‡"},{"type":"pause","duration":10},{"type":"keyUp","value":"î€‡"}]}]}
COMMAND: GET /session/04234d49f989df1d8cc66cbbd9ee498b/screenshot - {}
RESULT: {}
COMMAND: POST /session/04234d49f989df1d8cc66cbbd9ee498b/refresh - {}
RESULT: {}
COMMAND: GET /session/04234d49f989df1d8cc66cbbd9ee498b/screenshot - {}
RESULT: {}
COMMAND: POST /session/04234d49f989df1d8cc66cbbd9ee498b/execute/async - {"script":"<script> [189 bytes]","args":[]}
RESULT: {"script":"<script> [189 bytes]","args":[]}
COMMAND: POST /session/04234d49f989df1d8cc66cbbd9ee498b/execute/async - {"script":"<script> [123 bytes]","args":[]}
RESULT: {"script":"<script> [123 bytes]","args":[]}
COMMAND: POST /session/04234d49f989df1d8cc66cbbd9ee498b/timeouts - {"script":"<number>"}
RESULT: {"script":"<number>"}
COMMAND: GET /session/04234d49f989df1d8cc66cbbd9ee498b/timeouts - {}
RESULT: {}
RESULT: undefined
COMMAND: POST /session/04234d49f989df1d8cc66cbbd9ee498b/execute/async - {"script":"<script> [2676 bytes]","args":[]}
RESULT: {"script":"<script> [2676 bytes]","args":[]}
COMMAND: POST /session/04234d49f989df1d8cc66cbbd9ee498b/execute/async - {"script":"<script> [2342 bytes]","args":[{"protocol":"http","hostname":"0.0.0.0","path":"/","capabilities":{"browserName":"chrome","goog:chromeOptions":{"binary":"C:\\Program Files\\Google\\Chrome\\Application\\chrome.exe","args":["--start-maximized"]}},"logLevel":"warn","connectionRetryTimeout":120000,"connectionRetryCount":3,"logLevels":{},"enableDirectConnect":true,"strictSSL":true,"_":"65 more keys: [\"cacheDir\",\"port\",\"requestedCapabilities\",\"automationProtocol\",\"baseUrl\",\"waitforInterval\",\"waitforTimeout\",\"onReload\",\"beforeCommand\",\"afterCommand\",\"rootDir\",\"specs\",\"suites\",\"exclude\",\"groupLogsByTestSpec\",\"excludeDriverLogs\",\"bail\",\"framework\",\"reporters\",\"services\",\"maxInstances\",\"maxInstancesPerCapability\",\"injectGlobals\",\"filesToWatch\",\"execArgv\",\"runnerEnv\",\"runner\",\"shard\",\"specFileRetries\",\"specFileRetriesDelay\",\"specFileRetriesDeferred\",\"reporterSyncInterval\",\"reporterSyncTimeout\",\"cucumberFeaturesWithLineNumbers\",\"autoCompileOpts\",\"mochaOpts\",\"jasmineOpts\",\"cucumberOpts\",\"onPrepare\",\"onWorkerStart\",\"onWorkerEnd\",\"before\",\"beforeSession\",\"beforeSuite\",\"beforeHook\",\"beforeTest\",\"afterTest\",\"afterHook\",\"afterSuite\",\"afterSession\",\"after\",\"onComplete\",\"beforeAssertion\",\"afterAssertion\",\"beforeFeature\",\"beforeScenario\",\"beforeStep\",\"afterStep\",\"afterScenario\",\"afterFeature\",\"_\",\"suite\",\"$0\",\"ignoredWorkerServices\",\"wdi5\"]"}]}
RESULT: {"script":"<script> [2342 bytes]","args":[{"protocol":"http","hostname":"0.0.0.0","path":"/","capabilities":{"browserName":"chrome","goog:chromeOptions":{"binary":"C:\\Program Files\\Google\\Chrome\\Application\\chrome.exe","args":["--start-maximized"]}},"logLevel":"warn","connectionRetryTimeout":120000,"connectionRetryCount":3,"logLevels":{},"enableDirectConnect":true,"strictSSL":true,"_":"65 more keys: [\"cacheDir\",\"port\",\"requestedCapabilities\",\"automationProtocol\",\"baseUrl\",\"waitforInterval\",\"waitforTimeout\",\"onReload\",\"beforeCommand\",\"afterCommand\",\"rootDir\",\"specs\",\"suites\",\"exclude\",\"groupLogsByTestSpec\",\"excludeDriverLogs\",\"bail\",\"framework\",\"reporters\",\"services\",\"maxInstances\",\"maxInstancesPerCapability\",\"injectGlobals\",\"filesToWatch\",\"execArgv\",\"runnerEnv\",\"runner\",\"shard\",\"specFileRetries\",\"specFileRetriesDelay\",\"specFileRetriesDeferred\",\"reporterSyncInterval\",\"reporterSyncTimeout\",\"cucumberFeaturesWithLineNumbers\",\"autoCompileOpts\",\"mochaOpts\",\"jasmineOpts\",\"cucumberOpts\",\"onPrepare\",\"onWorkerStart\",\"onWorkerEnd\",\"before\",\"beforeSession\",\"beforeSuite\",\"beforeHook\",\"beforeTest\",\"afterTest\",\"afterHook\",\"afterSuite\",\"afterSession\",\"after\",\"onComplete\",\"beforeAssertion\",\"afterAssertion\",\"beforeFeature\",\"beforeScenario\",\"beforeStep\",\"afterStep\",\"afterScenario\",\"afterFeature\",\"_\",\"suite\",\"$0\",\"ignoredWorkerServices\",\"wdi5\"]"}]}
COMMAND: POST /session/04234d49f989df1d8cc66cbbd9ee498b/execute/async - {"script":"<script> [21126 bytes]","args":[35000]}
RESULT: {"script":"<script> [21126 bytes]","args":[35000]}
COMMAND: POST /session/04234d49f989df1d8cc66cbbd9ee498b/execute/async - {"script":"<script> [1562 bytes]","args":[{"selector":{"controlType":"sap.m.Title","viewName":"etm.portal.ui.managecontracts.view.Detail","properties":{"text":"Contract Items (1)"}},"wdio_ui5_key":"etmportal.ui.managecontracts.view.Detailsap.m.Title{\"text\":\"Contract Items (1)\"}"}]}
RESULT: {"script":"<script> [1562 bytes]","args":[{"selector":{"controlType":"sap.m.Title","viewName":"etm.portal.ui.managecontracts.view.Detail","properties":{"text":"Contract Items (1)"}},"wdio_ui5_key":"etmportal.ui.managecontracts.view.Detailsap.m.Title{\"text\":\"Contract Items (1)\"}"}]}
RESULT: undefined
COMMAND: POST /session/04234d49f989df1d8cc66cbbd9ee498b/execute/async - {"script":"<script> [6424 bytes]","args":[{"element-6066-11e4-a52e-4f735466cecf":"f.9E73453283219C642BED86114F2A427E.d.1D2B6BC7576F5DC9B78E36BF4B6DA72A.e.6638"},"getText",[]]}
RESULT: {"script":"<script> [6424 bytes]","args":[{"element-6066-11e4-a52e-4f735466cecf":"f.9E73453283219C642BED86114F2A427E.d.1D2B6BC7576F5DC9B78E36BF4B6DA72A.e.6638"},"getText",[]]}
COMMAND: POST /session/04234d49f989df1d8cc66cbbd9ee498b/execute/async - {"script":"<script> [1562 bytes]","args":[{"selector":{"id":"contractDetailEditBtn","viewName":"etm.portal.ui.managecontracts.view.Detail","interaction":{"idSuffix":"inner"}},"wdio_ui5_key":"contractDetailEditBtnetmportal.ui.managecontracts.view.Detail"}]}
RESULT: {"script":"<script> [1562 bytes]","args":[{"selector":{"id":"contractDetailEditBtn","viewName":"etm.portal.ui.managecontracts.view.Detail","interaction":{"idSuffix":"inner"}},"wdio_ui5_key":"contractDetailEditBtnetmportal.ui.managecontracts.view.Detail"}]}
RESULT: undefined
COMMAND: POST /session/04234d49f989df1d8cc66cbbd9ee498b/element - {"using":"xpath","value":"//*[@id=\"__xmlview1--contractDetailEditBtn\"]"}
RESULT: {"using":"xpath","value":"//*[@id=\"__xmlview1--contractDetailEditBtn\"]"}
COMMAND: POST /session/04234d49f989df1d8cc66cbbd9ee498b/element/f.9E73453283219C642BED86114F2A427E.d.1D2B6BC7576F5DC9B78E36BF4B6DA72A.e.6640/click - {}
RESULT: {}
COMMAND: GET /session/04234d49f989df1d8cc66cbbd9ee498b/screenshot - {}
RESULT: {}
COMMAND: POST /session/04234d49f989df1d8cc66cbbd9ee498b/element - {"using":"xpath","value":"(//span[contains(text(), \"Header Billing Items\")])[2]"}
RESULT: {"using":"xpath","value":"(//span[contains(text(), \"Header Billing Items\")])[2]"}
COMMAND: POST /session/04234d49f989df1d8cc66cbbd9ee498b/element/f.9E73453283219C642BED86114F2A427E.d.1D2B6BC7576F5DC9B78E36BF4B6DA72A.e.6705/click - {}
RESULT: {}
COMMAND: GET /session/04234d49f989df1d8cc66cbbd9ee498b/screenshot - {}
RESULT: {}
COMMAND: POST /session/04234d49f989df1d8cc66cbbd9ee498b/element - {"using":"xpath","value":"//div[contains(@id ,\"ProductsTable-sa-CbBg\")]"}
RESULT: {"using":"xpath","value":"//div[contains(@id ,\"ProductsTable-sa-CbBg\")]"}
COMMAND: POST /session/04234d49f989df1d8cc66cbbd9ee498b/element/f.9E73453283219C642BED86114F2A427E.d.1D2B6BC7576F5DC9B78E36BF4B6DA72A.e.6708/click - {}
RESULT: {}
COMMAND: GET /session/04234d49f989df1d8cc66cbbd9ee498b/screenshot - {}
RESULT: {}
COMMAND: POST /session/04234d49f989df1d8cc66cbbd9ee498b/execute/async - {"script":"<script> [1562 bytes]","args":[{"selector":{"id":"deleteBtn","viewName":"etm.portal.ui.managecontracts.view.EditContract","interaction":{"idSuffix":"BDI-content"}},"wdio_ui5_key":"deleteBtnetmportal.ui.managecontracts.view.EditContract"}]}
RESULT: {"script":"<script> [1562 bytes]","args":[{"selector":{"id":"deleteBtn","viewName":"etm.portal.ui.managecontracts.view.EditContract","interaction":{"idSuffix":"BDI-content"}},"wdio_ui5_key":"deleteBtnetmportal.ui.managecontracts.view.EditContract"}]}
RESULT: undefined
COMMAND: POST /session/04234d49f989df1d8cc66cbbd9ee498b/element - {"using":"xpath","value":"//*[@id=\"__xmlview2--deleteBtn\"]"}
RESULT: {"using":"xpath","value":"//*[@id=\"__xmlview2--deleteBtn\"]"}
COMMAND: POST /session/04234d49f989df1d8cc66cbbd9ee498b/element/f.9E73453283219C642BED86114F2A427E.d.1D2B6BC7576F5DC9B78E36BF4B6DA72A.e.6711/click - {}
RESULT: {}
COMMAND: POST /session/04234d49f989df1d8cc66cbbd9ee498b/element - {"using":"xpath","value":"//bdi[contains(@id ,\"BDI-content\")][contains(text(), \"OK\")]"}
RESULT: {"using":"xpath","value":"//bdi[contains(@id ,\"BDI-content\")][contains(text(), \"OK\")]"}
COMMAND: POST /session/04234d49f989df1d8cc66cbbd9ee498b/element/f.9E73453283219C642BED86114F2A427E.d.1D2B6BC7576F5DC9B78E36BF4B6DA72A.e.6713/click - {}
RESULT: {}
COMMAND: GET /session/04234d49f989df1d8cc66cbbd9ee498b/screenshot - {}
COMMAND: GET /session/04234d49f989df1d8cc66cbbd9ee498b/screenshot - {}
RESULT: {}
RESULT: {}
COMMAND: POST /session/04234d49f989df1d8cc66cbbd9ee498b/element - {"using":"xpath","value":"//bdi[contains(@id ,\"BDI-content\")][contains(text(), \"Save\")]"}
RESULT: {"using":"xpath","value":"//bdi[contains(@id ,\"BDI-content\")][contains(text(), \"Save\")]"}
COMMAND: POST /session/04234d49f989df1d8cc66cbbd9ee498b/element/f.9E73453283219C642BED86114F2A427E.d.1D2B6BC7576F5DC9B78E36BF4B6DA72A.e.6715/click - {}
RESULT: {}
COMMAND: GET /session/04234d49f989df1d8cc66cbbd9ee498b/screenshot - {}
RESULT: {}
COMMAND: POST /session/04234d49f989df1d8cc66cbbd9ee498b/element - {"using":"xpath","value":"(//span[contains(text(), \"Header Billing Items\")])[1]"}
RESULT: {"using":"xpath","value":"(//span[contains(text(), \"Header Billing Items\")])[1]"}
COMMAND: POST /session/04234d49f989df1d8cc66cbbd9ee498b/element/f.9E73453283219C642BED86114F2A427E.d.1D2B6BC7576F5DC9B78E36BF4B6DA72A.e.6718/click - {}
RESULT: {}
COMMAND: GET /session/04234d49f989df1d8cc66cbbd9ee498b/screenshot - {}
RESULT: {}
COMMAND: POST /session/04234d49f989df1d8cc66cbbd9ee498b/execute/async - {"script":"<script> [1562 bytes]","args":[{"selector":{"controlType":"sap.m.ObjectStatus","viewName":"etm.portal.ui.managecontracts.view.Detail","bindingPath":{"path":"/SmartContractItems(CONTRACT='10488',ITEM=10m,SUB_ITEM=0m)","propertyPath":"STATUS"}},"wdio_ui5_key":"etmportal.ui.managecontracts.view.Detailsap.m.ObjectStatus{\"path\":\"/SmartContractItems(CONTRACT='10488',ITEM=10m,SUB_ITEM=0m)\",\"propertyPath\":\"STATUS\"}"}]}
RESULT: {"script":"<script> [1562 bytes]","args":[{"selector":{"controlType":"sap.m.ObjectStatus","viewName":"etm.portal.ui.managecontracts.view.Detail","bindingPath":{"path":"/SmartContractItems(CONTRACT='10488',ITEM=10m,SUB_ITEM=0m)","propertyPath":"STATUS"}},"wdio_ui5_key":"etmportal.ui.managecontracts.view.Detailsap.m.ObjectStatus{\"path\":\"/SmartContractItems(CONTRACT='10488',ITEM=10m,SUB_ITEM=0m)\",\"propertyPath\":\"STATUS\"}"}]}
RESULT: undefined
COMMAND: POST /session/04234d49f989df1d8cc66cbbd9ee498b/execute/async - {"script":"<script> [6424 bytes]","args":[{"element-6066-11e4-a52e-4f735466cecf":"f.9E73453283219C642BED86114F2A427E.d.1D2B6BC7576F5DC9B78E36BF4B6DA72A.e.6722"},"getText",[]]}
RESULT: {"script":"<script> [6424 bytes]","args":[{"element-6066-11e4-a52e-4f735466cecf":"f.9E73453283219C642BED86114F2A427E.d.1D2B6BC7576F5DC9B78E36BF4B6DA72A.e.6722"},"getText",[]]}
COMMAND: POST /session/04234d49f989df1d8cc66cbbd9ee498b/element - {"using":"css selector","value":"#shell-header-logo"}
RESULT: {"using":"css selector","value":"#shell-header-logo"}
COMMAND: POST /session/04234d49f989df1d8cc66cbbd9ee498b/element/f.9E73453283219C642BED86114F2A427E.d.1D2B6BC7576F5DC9B78E36BF4B6DA72A.e.6564/click - {}
RESULT: {}
COMMAND: GET /session/04234d49f989df1d8cc66cbbd9ee498b/screenshot - {}
RESULT: {}
COMMAND: POST /session/04234d49f989df1d8cc66cbbd9ee498b/execute/async - {"script":"<script> [1562 bytes]","args":[{"selector":{"controlType":"sap.m.GenericTile","properties":{"header":"Manage Requests"}},"wdio_ui5_key":"sapm.GenericTile{\"header\":\"Manage Requests\"}"}]}
RESULT: {"script":"<script> [1562 bytes]","args":[{"selector":{"controlType":"sap.m.GenericTile","properties":{"header":"Manage Requests"}},"wdio_ui5_key":"sapm.GenericTile{\"header\":\"Manage Requests\"}"}]}
RESULT: undefined
COMMAND: POST /session/04234d49f989df1d8cc66cbbd9ee498b/element - {"using":"xpath","value":"//*[@id=\"__tile47\"]"}
RESULT: {"using":"xpath","value":"//*[@id=\"__tile47\"]"}
COMMAND: POST /session/04234d49f989df1d8cc66cbbd9ee498b/element/f.9E73453283219C642BED86114F2A427E.d.1D2B6BC7576F5DC9B78E36BF4B6DA72A.e.6737/click - {}
RESULT: {}
COMMAND: GET /session/04234d49f989df1d8cc66cbbd9ee498b/screenshot - {}
RESULT: {}
COMMAND: POST /session/04234d49f989df1d8cc66cbbd9ee498b/execute/async - {"script":"<script> [1562 bytes]","args":[{"selector":{"controlType":"sap.m.SearchField","viewName":"etm.portal.ui.managerequests.view.Master","bindingPath":{"path":"","propertyPath":"/_BASIC_SEARCH_FIELD","modelName":"fi1t3rM0d31"},"interaction":{"idSuffix":"I"}},"wdio_ui5_key":"etmportal.ui.managerequests.view.Mastersap.m.SearchField{\"path\":\"\",\"propertyPath\":\"/_BASIC_SEARCH_FIELD\",\"modelName\":\"fi1t3rM0d31\"}"}]}
RESULT: {"script":"<script> [1562 bytes]","args":[{"selector":{"controlType":"sap.m.SearchField","viewName":"etm.portal.ui.managerequests.view.Master","bindingPath":{"path":"","propertyPath":"/_BASIC_SEARCH_FIELD","modelName":"fi1t3rM0d31"},"interaction":{"idSuffix":"I"}},"wdio_ui5_key":"etmportal.ui.managerequests.view.Mastersap.m.SearchField{\"path\":\"\",\"propertyPath\":\"/_BASIC_SEARCH_FIELD\",\"modelName\":\"fi1t3rM0d31\"}"}]}
RESULT: undefined
COMMAND: POST /session/04234d49f989df1d8cc66cbbd9ee498b/execute/async - {"script":"<script> [776 bytes]","args":[{"enterText":"20334","selector":{"controlType":"sap.m.SearchField","viewName":"etm.portal.ui.managerequests.view.Master","bindingPath":{"path":"","propertyPath":"/_BASIC_SEARCH_FIELD","modelName":"fi1t3rM0d31"},"interaction":{"idSuffix":"I"}},"clearTextFirst":true,"interactionType":"ENTER_TEXT"}]}
RESULT: {"script":"<script> [776 bytes]","args":[{"enterText":"20334","selector":{"controlType":"sap.m.SearchField","viewName":"etm.portal.ui.managerequests.view.Master","bindingPath":{"path":"","propertyPath":"/_BASIC_SEARCH_FIELD","modelName":"fi1t3rM0d31"},"interaction":{"idSuffix":"I"}},"clearTextFirst":true,"interactionType":"ENTER_TEXT"}]}
COMMAND: POST /session/04234d49f989df1d8cc66cbbd9ee498b/actions - {"actions":[{"id":"action33","type":"key","parameters":{},"actions":[{"type":"keyDown","value":"î€‡"},{"type":"pause","duration":10},{"type":"keyUp","value":"î€‡"}]}]}
RESULT: {"actions":[{"id":"action33","type":"key","parameters":{},"actions":[{"type":"keyDown","value":"î€‡"},{"type":"pause","duration":10},{"type":"keyUp","value":"î€‡"}]}]}
COMMAND: GET /session/04234d49f989df1d8cc66cbbd9ee498b/screenshot - {}
RESULT: {}
COMMAND: POST /session/04234d49f989df1d8cc66cbbd9ee498b/execute/async - {"script":"<script> [1562 bytes]","args":[{"selector":{"controlType":"sap.m.Text","viewName":"etm.portal.ui.managerequests.view.Master","bindingPath":{"path":"/SmartManageRequests('20334')","propertyPath":"NO"}},"wdio_ui5_key":"etmportal.ui.managerequests.view.Mastersap.m.Text{\"path\":\"/SmartManageRequests('20334')\",\"propertyPath\":\"NO\"}"}]}
RESULT: {"script":"<script> [1562 bytes]","args":[{"selector":{"controlType":"sap.m.Text","viewName":"etm.portal.ui.managerequests.view.Master","bindingPath":{"path":"/SmartManageRequests('20334')","propertyPath":"NO"}},"wdio_ui5_key":"etmportal.ui.managerequests.view.Mastersap.m.Text{\"path\":\"/SmartManageRequests('20334')\",\"propertyPath\":\"NO\"}"}]}
RESULT: undefined
COMMAND: POST /session/04234d49f989df1d8cc66cbbd9ee498b/element - {"using":"xpath","value":"//*[@id=\"__text463-__clone172\"]"}
RESULT: {"using":"xpath","value":"//*[@id=\"__text463-__clone172\"]"}
COMMAND: POST /session/04234d49f989df1d8cc66cbbd9ee498b/element/f.9E73453283219C642BED86114F2A427E.d.1D2B6BC7576F5DC9B78E36BF4B6DA72A.e.6864/click - {}
RESULT: {}
COMMAND: GET /session/04234d49f989df1d8cc66cbbd9ee498b/screenshot - {}
RESULT: {}
COMMAND: POST /session/04234d49f989df1d8cc66cbbd9ee498b/execute/async - {"script":"<script> [1562 bytes]","args":[{"selector":{"controlType":"sap.ui.core.Icon","viewName":"etm.portal.ui.managerequests.view.Detail","properties":{"src":{"regex":{"source":"slim\\-arrow\\-up"}}}},"wdio_ui5_key":"etmportal.ui.managerequests.view.Detailsap.ui.core.Icon{\"src\":{\"regex\":{\"source\":\"slim\\\\-arrow\\\\-up\"}}}"}]}
RESULT: {"script":"<script> [1562 bytes]","args":[{"selector":{"controlType":"sap.ui.core.Icon","viewName":"etm.portal.ui.managerequests.view.Detail","properties":{"src":{"regex":{"source":"slim\\-arrow\\-up"}}}},"wdio_ui5_key":"etmportal.ui.managerequests.view.Detailsap.ui.core.Icon{\"src\":{\"regex\":{\"source\":\"slim\\\\-arrow\\\\-up\"}}}"}]}
RESULT: undefined
COMMAND: POST /session/04234d49f989df1d8cc66cbbd9ee498b/element - {"using":"xpath","value":"//*[@id=\"__xmlview62--detailRequestPage-OPHeaderContent-collapseBtn-img\"]"}
RESULT: {"using":"xpath","value":"//*[@id=\"__xmlview62--detailRequestPage-OPHeaderContent-collapseBtn-img\"]"}
COMMAND: POST /session/04234d49f989df1d8cc66cbbd9ee498b/element/f.9E73453283219C642BED86114F2A427E.d.1D2B6BC7576F5DC9B78E36BF4B6DA72A.e.7034/click - {}
RESULT: {}
COMMAND: GET /session/04234d49f989df1d8cc66cbbd9ee498b/screenshot - {}
RESULT: {}
COMMAND: POST /session/04234d49f989df1d8cc66cbbd9ee498b/execute/async - {"script":"<script> [1562 bytes]","args":[{"selector":{"controlType":"sap.m.Text","viewName":"etm.portal.ui.managerequests.view.Detail","bindingPath":{"path":"/SmartRequestItemsPlanningBoard(ITEM=20m,REQUEST='20334')","propertyPath":"STATUS_DESC"}},"wdio_ui5_key":"etmportal.ui.managerequests.view.Detailsap.m.Text{\"path\":\"/SmartRequestItemsPlanningBoard(ITEM=20m,REQUEST='20334')\",\"propertyPath\":\"STATUS_DESC\"}"}]}
RESULT: {"script":"<script> [1562 bytes]","args":[{"selector":{"controlType":"sap.m.Text","viewName":"etm.portal.ui.managerequests.view.Detail","bindingPath":{"path":"/SmartRequestItemsPlanningBoard(ITEM=20m,REQUEST='20334')","propertyPath":"STATUS_DESC"}},"wdio_ui5_key":"etmportal.ui.managerequests.view.Detailsap.m.Text{\"path\":\"/SmartRequestItemsPlanningBoard(ITEM=20m,REQUEST='20334')\",\"propertyPath\":\"STATUS_DESC\"}"}]}
RESULT: undefined
COMMAND: POST /session/04234d49f989df1d8cc66cbbd9ee498b/execute/async - {"script":"<script> [6424 bytes]","args":[{"element-6066-11e4-a52e-4f735466cecf":"f.9E73453283219C642BED86114F2A427E.d.1D2B6BC7576F5DC9B78E36BF4B6DA72A.e.7076"},"getText",[]]}
RESULT: {"script":"<script> [6424 bytes]","args":[{"element-6066-11e4-a52e-4f735466cecf":"f.9E73453283219C642BED86114F2A427E.d.1D2B6BC7576F5DC9B78E36BF4B6DA72A.e.7076"},"getText",[]]}
COMMAND: POST /session/04234d49f989df1d8cc66cbbd9ee498b/element - {"using":"css selector","value":"#shell-header-logo"}
RESULT: {"using":"css selector","value":"#shell-header-logo"}
COMMAND: POST /session/04234d49f989df1d8cc66cbbd9ee498b/element/f.9E73453283219C642BED86114F2A427E.d.1D2B6BC7576F5DC9B78E36BF4B6DA72A.e.6743/click - {}
RESULT: {}
COMMAND: GET /session/04234d49f989df1d8cc66cbbd9ee498b/screenshot - {}
RESULT: {}
]]></system-out>
    </testcase>
  </testsuite>
  <testsuite timestamp="2025-05-03T18:07:12" time="249.515" tests="4" failures="0" errors="0" skipped="0">
    <properties>
      <property name="specId" value="0" />
      <property name="suiteName" value="Standard contract close-reopen US111278" />
      <property name="capabilities" value="chrome.135_0_7049_96.windows" />
      <property name="file" value="file:///D:/a/1/s/test/specs/R2C/standard-contract-close-reopen.spec.js" />
    </properties>
    <testcase classname="chrome.135_0_7049_96.windows.Standard_contract_close-reopen_US111278" name="Should create a new contract and add an item" time="139.554">
      <system-out><![CDATA[
COMMAND: POST /session/04234d49f989df1d8cc66cbbd9ee498b/execute/async - {"script":"<script> [1562 bytes]","args":[{"selector":{"controlType":"sap.m.Text","viewName":"etm.portal.ui.managecontractstile.view.Master","properties":{"text":"Manage Contracts"},"interaction":{"idSuffix":"inner"}},"wdio_ui5_key":"etmportal.ui.managecontractstile.view.Mastersap.m.Text{\"text\":\"Manage Contracts\"}"}]}
RESULT: {"script":"<script> [1562 bytes]","args":[{"selector":{"controlType":"sap.m.Text","viewName":"etm.portal.ui.managecontractstile.view.Master","properties":{"text":"Manage Contracts"},"interaction":{"idSuffix":"inner"}},"wdio_ui5_key":"etmportal.ui.managecontractstile.view.Mastersap.m.Text{\"text\":\"Manage Contracts\"}"}]}
RESULT: undefined
COMMAND: POST /session/04234d49f989df1d8cc66cbbd9ee498b/element - {"using":"xpath","value":"//*[@id=\"__tile130-title\"]"}
RESULT: {"using":"xpath","value":"//*[@id=\"__tile130-title\"]"}
COMMAND: POST /session/04234d49f989df1d8cc66cbbd9ee498b/element/f.9E73453283219C642BED86114F2A427E.d.1D2B6BC7576F5DC9B78E36BF4B6DA72A.e.7080/click - {}
RESULT: {}
COMMAND: GET /session/04234d49f989df1d8cc66cbbd9ee498b/screenshot - {}
RESULT: {}
COMMAND: POST /session/04234d49f989df1d8cc66cbbd9ee498b/element - {"using":"xpath","value":"//button[@data-kt=\"addButton\"]"}
RESULT: {"using":"xpath","value":"//button[@data-kt=\"addButton\"]"}
COMMAND: POST /session/04234d49f989df1d8cc66cbbd9ee498b/element/f.9E73453283219C642BED86114F2A427E.d.1D2B6BC7576F5DC9B78E36BF4B6DA72A.e.7154/click - {}
RESULT: {}
COMMAND: GET /session/04234d49f989df1d8cc66cbbd9ee498b/screenshot - {}
RESULT: {}
COMMAND: POST /session/04234d49f989df1d8cc66cbbd9ee498b/execute/async - {"script":"<script> [1562 bytes]","args":[{"selector":{"id":"application-managecontracts-display-component---AddNewContract--projectDescription","interaction":{"idSuffix":"inner"}},"wdio_ui5_key":"applicationmanagecontracts-display-component---AddNewContract--projectDescription"}]}
RESULT: {"script":"<script> [1562 bytes]","args":[{"selector":{"id":"application-managecontracts-display-component---AddNewContract--projectDescription","interaction":{"idSuffix":"inner"}},"wdio_ui5_key":"applicationmanagecontracts-display-component---AddNewContract--projectDescription"}]}
RESULT: undefined
COMMAND: POST /session/04234d49f989df1d8cc66cbbd9ee498b/execute/async - {"script":"<script> [776 bytes]","args":[{"enterText":"WdIOR2coxldb","selector":{"id":"application-managecontracts-display-component---AddNewContract--projectDescription","interaction":{"idSuffix":"inner"}},"clearTextFirst":true,"interactionType":"ENTER_TEXT"}]}
RESULT: {"script":"<script> [776 bytes]","args":[{"enterText":"WdIOR2coxldb","selector":{"id":"application-managecontracts-display-component---AddNewContract--projectDescription","interaction":{"idSuffix":"inner"}},"clearTextFirst":true,"interactionType":"ENTER_TEXT"}]}
COMMAND: POST /session/04234d49f989df1d8cc66cbbd9ee498b/element - {"using":"xpath","value":"//input[@id=\"application-managecontracts-display-component---AddNewContract--yardId-inner\"]"}
RESULT: {"using":"xpath","value":"//input[@id=\"application-managecontracts-display-component---AddNewContract--yardId-inner\"]"}
COMMAND: POST /session/04234d49f989df1d8cc66cbbd9ee498b/element/f.9E73453283219C642BED86114F2A427E.d.1D2B6BC7576F5DC9B78E36BF4B6DA72A.e.7410/clear - {}
RESULT: {}
COMMAND: POST /session/04234d49f989df1d8cc66cbbd9ee498b/element/f.9E73453283219C642BED86114F2A427E.d.1D2B6BC7576F5DC9B78E36BF4B6DA72A.e.7410/value - {"text":"WebdriverYardcihmr"}
COMMAND: GET /session/04234d49f989df1d8cc66cbbd9ee498b/screenshot - {}
RESULT: {"text":"WebdriverYardcihmr"}
COMMAND: GET /session/04234d49f989df1d8cc66cbbd9ee498b/screenshot - {}
RESULT: {}
RESULT: {}
COMMAND: POST /session/04234d49f989df1d8cc66cbbd9ee498b/actions - {"actions":[{"id":"action34","type":"key","parameters":{},"actions":[{"type":"keyDown","value":"î€‡"},{"type":"pause","duration":10},{"type":"keyUp","value":"î€‡"}]}]}
RESULT: {"actions":[{"id":"action34","type":"key","parameters":{},"actions":[{"type":"keyDown","value":"î€‡"},{"type":"pause","duration":10},{"type":"keyUp","value":"î€‡"}]}]}
COMMAND: GET /session/04234d49f989df1d8cc66cbbd9ee498b/screenshot - {}
RESULT: {}
COMMAND: POST /session/04234d49f989df1d8cc66cbbd9ee498b/element - {"using":"xpath","value":"//input[@id=\"application-managecontracts-display-component---AddNewContract--customerSelect-inner\"]"}
RESULT: {"using":"xpath","value":"//input[@id=\"application-managecontracts-display-component---AddNewContract--customerSelect-inner\"]"}
COMMAND: POST /session/04234d49f989df1d8cc66cbbd9ee498b/element/f.9E73453283219C642BED86114F2A427E.d.1D2B6BC7576F5DC9B78E36BF4B6DA72A.e.7408/clear - {}
RESULT: {}
COMMAND: POST /session/04234d49f989df1d8cc66cbbd9ee498b/element/f.9E73453283219C642BED86114F2A427E.d.1D2B6BC7576F5DC9B78E36BF4B6DA72A.e.7408/value - {"text":"WebdriverPartnerh8ln8"}
COMMAND: GET /session/04234d49f989df1d8cc66cbbd9ee498b/screenshot - {}
RESULT: {"text":"WebdriverPartnerh8ln8"}
COMMAND: GET /session/04234d49f989df1d8cc66cbbd9ee498b/screenshot - {}
RESULT: {}
RESULT: {}
COMMAND: POST /session/04234d49f989df1d8cc66cbbd9ee498b/actions - {"actions":[{"id":"action35","type":"key","parameters":{},"actions":[{"type":"keyDown","value":"î€‡"},{"type":"pause","duration":10},{"type":"keyUp","value":"î€‡"}]}]}
RESULT: {"actions":[{"id":"action35","type":"key","parameters":{},"actions":[{"type":"keyDown","value":"î€‡"},{"type":"pause","duration":10},{"type":"keyUp","value":"î€‡"}]}]}
COMMAND: GET /session/04234d49f989df1d8cc66cbbd9ee498b/screenshot - {}
RESULT: {}
COMMAND: POST /session/04234d49f989df1d8cc66cbbd9ee498b/element - {"using":"xpath","value":"//input[@id=\"application-managecontracts-display-component---AddNewContract--site-inner\"]"}
RESULT: {"using":"xpath","value":"//input[@id=\"application-managecontracts-display-component---AddNewContract--site-inner\"]"}
COMMAND: POST /session/04234d49f989df1d8cc66cbbd9ee498b/element/f.9E73453283219C642BED86114F2A427E.d.1D2B6BC7576F5DC9B78E36BF4B6DA72A.e.7409/clear - {}
RESULT: {}
COMMAND: POST /session/04234d49f989df1d8cc66cbbd9ee498b/element/f.9E73453283219C642BED86114F2A427E.d.1D2B6BC7576F5DC9B78E36BF4B6DA72A.e.7409/value - {"text":"WebdriverSitewixt7"}
COMMAND: GET /session/04234d49f989df1d8cc66cbbd9ee498b/screenshot - {}
RESULT: {"text":"WebdriverSitewixt7"}
COMMAND: GET /session/04234d49f989df1d8cc66cbbd9ee498b/screenshot - {}
RESULT: {}
RESULT: {}
COMMAND: POST /session/04234d49f989df1d8cc66cbbd9ee498b/actions - {"actions":[{"id":"action36","type":"key","parameters":{},"actions":[{"type":"keyDown","value":"î€‡"},{"type":"pause","duration":10},{"type":"keyUp","value":"î€‡"}]}]}
RESULT: {"actions":[{"id":"action36","type":"key","parameters":{},"actions":[{"type":"keyDown","value":"î€‡"},{"type":"pause","duration":10},{"type":"keyUp","value":"î€‡"}]}]}
COMMAND: GET /session/04234d49f989df1d8cc66cbbd9ee498b/screenshot - {}
COMMAND: POST /session/04234d49f989df1d8cc66cbbd9ee498b/element - {"using":"xpath","value":"//button[@data-kt=\"saveButton\"]"}
RESULT: {}
RESULT: {"using":"xpath","value":"//button[@data-kt=\"saveButton\"]"}
COMMAND: POST /session/04234d49f989df1d8cc66cbbd9ee498b/element/f.9E73453283219C642BED86114F2A427E.d.1D2B6BC7576F5DC9B78E36BF4B6DA72A.e.7423/click - {}
RESULT: {}
COMMAND: GET /session/04234d49f989df1d8cc66cbbd9ee498b/screenshot - {}
RESULT: {}
COMMAND: POST /session/04234d49f989df1d8cc66cbbd9ee498b/execute/async - {"script":"<script> [1562 bytes]","args":[{"selector":{"id":"contractDetailTitleNoExpanded","viewName":"etm.portal.ui.managecontracts.view.Detail"},"wdio_ui5_key":"contractDetailTitleNoExpandedetmportal.ui.managecontracts.view.Detail"}]}
RESULT: {"script":"<script> [1562 bytes]","args":[{"selector":{"id":"contractDetailTitleNoExpanded","viewName":"etm.portal.ui.managecontracts.view.Detail"},"wdio_ui5_key":"contractDetailTitleNoExpandedetmportal.ui.managecontracts.view.Detail"}]}
RESULT: undefined
COMMAND: POST /session/04234d49f989df1d8cc66cbbd9ee498b/execute/async - {"script":"<script> [6424 bytes]","args":[{"element-6066-11e4-a52e-4f735466cecf":"f.9E73453283219C642BED86114F2A427E.d.1D2B6BC7576F5DC9B78E36BF4B6DA72A.e.7508"},"getText",[]]}
RESULT: {"script":"<script> [6424 bytes]","args":[{"element-6066-11e4-a52e-4f735466cecf":"f.9E73453283219C642BED86114F2A427E.d.1D2B6BC7576F5DC9B78E36BF4B6DA72A.e.7508"},"getText",[]]}
COMMAND: POST /session/04234d49f989df1d8cc66cbbd9ee498b/execute/async - {"script":"<script> [1562 bytes]","args":[{"selector":{"id":"closeContractBtn","viewName":"etm.portal.ui.managecontracts.view.Detail"},"wdio_ui5_key":"closeContractBtnetmportal.ui.managecontracts.view.Detail"}]}
RESULT: {"script":"<script> [1562 bytes]","args":[{"selector":{"id":"closeContractBtn","viewName":"etm.portal.ui.managecontracts.view.Detail"},"wdio_ui5_key":"closeContractBtnetmportal.ui.managecontracts.view.Detail"}]}
RESULT: undefined
COMMAND: POST /session/04234d49f989df1d8cc66cbbd9ee498b/execute/async - {"script":"<script> [6424 bytes]","args":[{"element-6066-11e4-a52e-4f735466cecf":"f.9E73453283219C642BED86114F2A427E.d.1D2B6BC7576F5DC9B78E36BF4B6DA72A.e.7509"},"getEnabled",[]]}
RESULT: {"script":"<script> [6424 bytes]","args":[{"element-6066-11e4-a52e-4f735466cecf":"f.9E73453283219C642BED86114F2A427E.d.1D2B6BC7576F5DC9B78E36BF4B6DA72A.e.7509"},"getEnabled",[]]}
COMMAND: POST /session/04234d49f989df1d8cc66cbbd9ee498b/element - {"using":"xpath","value":"//button[@data-kt=\"contractDetailEditBtnButton\"]"}
RESULT: {"using":"xpath","value":"//button[@data-kt=\"contractDetailEditBtnButton\"]"}
COMMAND: POST /session/04234d49f989df1d8cc66cbbd9ee498b/element/f.9E73453283219C642BED86114F2A427E.d.1D2B6BC7576F5DC9B78E36BF4B6DA72A.e.7510/click - {}
RESULT: {}
COMMAND: GET /session/04234d49f989df1d8cc66cbbd9ee498b/screenshot - {}
RESULT: {}
COMMAND: POST /session/04234d49f989df1d8cc66cbbd9ee498b/element - {"using":"xpath","value":"(//span[contains(text(), \"Additional Addresses\")])[2]"}
RESULT: {"using":"xpath","value":"(//span[contains(text(), \"Additional Addresses\")])[2]"}
COMMAND: POST /session/04234d49f989df1d8cc66cbbd9ee498b/element/f.9E73453283219C642BED86114F2A427E.d.1D2B6BC7576F5DC9B78E36BF4B6DA72A.e.7568/click - {}
RESULT: {}
COMMAND: GET /session/04234d49f989df1d8cc66cbbd9ee498b/screenshot - {}
RESULT: {}
COMMAND: POST /session/04234d49f989df1d8cc66cbbd9ee498b/element - {"using":"xpath","value":"//button[@data-kt=\"btnAddTableRowOverflowToolbarButton\"]"}
RESULT: {"using":"xpath","value":"//button[@data-kt=\"btnAddTableRowOverflowToolbarButton\"]"}
COMMAND: POST /session/04234d49f989df1d8cc66cbbd9ee498b/element/f.9E73453283219C642BED86114F2A427E.d.1D2B6BC7576F5DC9B78E36BF4B6DA72A.e.7570/click - {}
RESULT: {}
COMMAND: GET /session/04234d49f989df1d8cc66cbbd9ee498b/screenshot - {}
RESULT: {}
COMMAND: POST /session/04234d49f989df1d8cc66cbbd9ee498b/element - {"using":"xpath","value":"//div[(text() = 'Standard Entry' or . = 'Standard Entry')]"}
RESULT: {"using":"xpath","value":"//div[(text() = 'Standard Entry' or . = 'Standard Entry')]"}
COMMAND: POST /session/04234d49f989df1d8cc66cbbd9ee498b/element/f.9E73453283219C642BED86114F2A427E.d.1D2B6BC7576F5DC9B78E36BF4B6DA72A.e.7572/click - {}
RESULT: {}
COMMAND: POST /session/04234d49f989df1d8cc66cbbd9ee498b/element - {"using":"xpath","value":"//td[6]/div/div/input[1]"}
COMMAND: GET /session/04234d49f989df1d8cc66cbbd9ee498b/screenshot - {}
RESULT: {"using":"xpath","value":"//td[6]/div/div/input[1]"}
COMMAND: POST /session/04234d49f989df1d8cc66cbbd9ee498b/element/f.9E73453283219C642BED86114F2A427E.d.1D2B6BC7576F5DC9B78E36BF4B6DA72A.e.7574/click - {}
RESULT: {}
RESULT: {}
COMMAND: POST /session/04234d49f989df1d8cc66cbbd9ee498b/actions - {"actions":[{"id":"action37","type":"key","parameters":{},"actions":[{"type":"keyDown","value":"î€ƒ"},{"type":"pause","duration":10},{"type":"keyUp","value":"î€ƒ"}]}]}
COMMAND: GET /session/04234d49f989df1d8cc66cbbd9ee498b/screenshot - {}
RESULT: {"actions":[{"id":"action37","type":"key","parameters":{},"actions":[{"type":"keyDown","value":"î€ƒ"},{"type":"pause","duration":10},{"type":"keyUp","value":"î€ƒ"}]}]}
COMMAND: POST /session/04234d49f989df1d8cc66cbbd9ee498b/element - {"using":"xpath","value":"//td[6]/div/div/input[1]"}
COMMAND: GET /session/04234d49f989df1d8cc66cbbd9ee498b/screenshot - {}
RESULT: {}
RESULT: {"using":"xpath","value":"//td[6]/div/div/input[1]"}
COMMAND: POST /session/04234d49f989df1d8cc66cbbd9ee498b/element/f.9E73453283219C642BED86114F2A427E.d.1D2B6BC7576F5DC9B78E36BF4B6DA72A.e.7574/clear - {}
RESULT: {}
RESULT: {}
COMMAND: POST /session/04234d49f989df1d8cc66cbbd9ee498b/element/f.9E73453283219C642BED86114F2A427E.d.1D2B6BC7576F5DC9B78E36BF4B6DA72A.e.7574/value - {"text":"Material"}
COMMAND: GET /session/04234d49f989df1d8cc66cbbd9ee498b/screenshot - {}
RESULT: {"text":"Material"}
COMMAND: GET /session/04234d49f989df1d8cc66cbbd9ee498b/screenshot - {}
RESULT: {}
RESULT: {}
COMMAND: POST /session/04234d49f989df1d8cc66cbbd9ee498b/actions - {"actions":[{"id":"action38","type":"key","parameters":{},"actions":[{"type":"keyDown","value":"î€‡"},{"type":"pause","duration":10},{"type":"keyUp","value":"î€‡"}]}]}
RESULT: {"actions":[{"id":"action38","type":"key","parameters":{},"actions":[{"type":"keyDown","value":"î€‡"},{"type":"pause","duration":10},{"type":"keyUp","value":"î€‡"}]}]}
COMMAND: GET /session/04234d49f989df1d8cc66cbbd9ee498b/screenshot - {}
RESULT: {}
COMMAND: POST /session/04234d49f989df1d8cc66cbbd9ee498b/actions - {"actions":[{"id":"action39","type":"key","parameters":{},"actions":[{"type":"keyDown","value":"î€‡"},{"type":"pause","duration":10},{"type":"keyUp","value":"î€‡"}]}]}
RESULT: {"actions":[{"id":"action39","type":"key","parameters":{},"actions":[{"type":"keyDown","value":"î€‡"},{"type":"pause","duration":10},{"type":"keyUp","value":"î€‡"}]}]}
COMMAND: POST /session/04234d49f989df1d8cc66cbbd9ee498b/element - {"using":"xpath","value":"//td[7]/div/div/input"}
COMMAND: GET /session/04234d49f989df1d8cc66cbbd9ee498b/screenshot - {}
RESULT: {"using":"xpath","value":"//td[7]/div/div/input"}
COMMAND: POST /session/04234d49f989df1d8cc66cbbd9ee498b/element/f.9E73453283219C642BED86114F2A427E.d.1D2B6BC7576F5DC9B78E36BF4B6DA72A.e.7587/clear - {}
RESULT: {}
RESULT: {}
COMMAND: POST /session/04234d49f989df1d8cc66cbbd9ee498b/element/f.9E73453283219C642BED86114F2A427E.d.1D2B6BC7576F5DC9B78E36BF4B6DA72A.e.7587/value - {"text":"WebdriverRUR2Cl01kf"}
COMMAND: GET /session/04234d49f989df1d8cc66cbbd9ee498b/screenshot - {}
RESULT: {"text":"WebdriverRUR2Cl01kf"}
COMMAND: GET /session/04234d49f989df1d8cc66cbbd9ee498b/screenshot - {}
RESULT: {}
RESULT: {}
COMMAND: POST /session/04234d49f989df1d8cc66cbbd9ee498b/actions - {"actions":[{"id":"action40","type":"key","parameters":{},"actions":[{"type":"keyDown","value":"î€‡"},{"type":"pause","duration":10},{"type":"keyUp","value":"î€‡"}]}]}
RESULT: {"actions":[{"id":"action40","type":"key","parameters":{},"actions":[{"type":"keyDown","value":"î€‡"},{"type":"pause","duration":10},{"type":"keyUp","value":"î€‡"}]}]}
COMMAND: GET /session/04234d49f989df1d8cc66cbbd9ee498b/screenshot - {}
RESULT: {}
COMMAND: POST /session/04234d49f989df1d8cc66cbbd9ee498b/actions - {"actions":[{"id":"action41","type":"key","parameters":{},"actions":[{"type":"keyDown","value":"î€‡"},{"type":"pause","duration":10},{"type":"keyUp","value":"î€‡"}]}]}
RESULT: {"actions":[{"id":"action41","type":"key","parameters":{},"actions":[{"type":"keyDown","value":"î€‡"},{"type":"pause","duration":10},{"type":"keyUp","value":"î€‡"}]}]}
COMMAND: GET /session/04234d49f989df1d8cc66cbbd9ee498b/screenshot - {}
RESULT: {}
COMMAND: POST /session/04234d49f989df1d8cc66cbbd9ee498b/element - {"using":"xpath","value":"(//button[@data-kt=\"saveButton\"])[2]"}
RESULT: {"using":"xpath","value":"(//button[@data-kt=\"saveButton\"])[2]"}
COMMAND: POST /session/04234d49f989df1d8cc66cbbd9ee498b/element/f.9E73453283219C642BED86114F2A427E.d.1D2B6BC7576F5DC9B78E36BF4B6DA72A.e.7613/click - {}
RESULT: {}
COMMAND: GET /session/04234d49f989df1d8cc66cbbd9ee498b/screenshot - {}
RESULT: {}
]]></system-out>
    </testcase>
    <testcase classname="chrome.135_0_7049_96.windows.Standard_contract_close-reopen_US111278" name="It should close the contract" time="22.537">
      <system-out><![CDATA[
RESULT: undefined
COMMAND: POST /session/04234d49f989df1d8cc66cbbd9ee498b/element - {"using":"xpath","value":"//*[@id=\"__xmlview64--closeContractBtn\"]"}
RESULT: {"using":"xpath","value":"//*[@id=\"__xmlview64--closeContractBtn\"]"}
COMMAND: POST /session/04234d49f989df1d8cc66cbbd9ee498b/element/f.9E73453283219C642BED86114F2A427E.d.1D2B6BC7576F5DC9B78E36BF4B6DA72A.e.7509/click - {}
RESULT: {}
COMMAND: GET /session/04234d49f989df1d8cc66cbbd9ee498b/screenshot - {}
RESULT: {}
COMMAND: POST /session/04234d49f989df1d8cc66cbbd9ee498b/element - {"using":"xpath","value":"//span[contains(text(), \"Do you want to close the whole contract?\")]"}
RESULT: {"using":"xpath","value":"//span[contains(text(), \"Do you want to close the whole contract?\")]"}
COMMAND: POST /session/04234d49f989df1d8cc66cbbd9ee498b/execute/sync - {"script":"<script> [8489 bytes]","args":[{"element-6066-11e4-a52e-4f735466cecf":"f.9E73453283219C642BED86114F2A427E.d.1D2B6BC7576F5DC9B78E36BF4B6DA72A.e.7617","ELEMENT":"f.9E73453283219C642BED86114F2A427E.d.1D2B6BC7576F5DC9B78E36BF4B6DA72A.e.7617"}]}
RESULT: {"script":"<script> [8489 bytes]","args":[{"element-6066-11e4-a52e-4f735466cecf":"f.9E73453283219C642BED86114F2A427E.d.1D2B6BC7576F5DC9B78E36BF4B6DA72A.e.7617","ELEMENT":"f.9E73453283219C642BED86114F2A427E.d.1D2B6BC7576F5DC9B78E36BF4B6DA72A.e.7617"}]}
COMMAND: POST /session/04234d49f989df1d8cc66cbbd9ee498b/element - {"using":"xpath","value":"//bdi[contains(text(), \"OK\")]"}
COMMAND: GET /session/04234d49f989df1d8cc66cbbd9ee498b/screenshot - {}
RESULT: {"using":"xpath","value":"//bdi[contains(text(), \"OK\")]"}
COMMAND: POST /session/04234d49f989df1d8cc66cbbd9ee498b/element/f.9E73453283219C642BED86114F2A427E.d.1D2B6BC7576F5DC9B78E36BF4B6DA72A.e.7618/click - {}
RESULT: {}
RESULT: {}
COMMAND: GET /session/04234d49f989df1d8cc66cbbd9ee498b/screenshot - {}
RESULT: {}
COMMAND: POST /session/04234d49f989df1d8cc66cbbd9ee498b/element - {"using":"xpath","value":"//input[contains(@id ,\"smartContractFilterBar-btnBasicSearch-I\")]"}
RESULT: {"using":"xpath","value":"//input[contains(@id ,\"smartContractFilterBar-btnBasicSearch-I\")]"}
COMMAND: POST /session/04234d49f989df1d8cc66cbbd9ee498b/element/f.9E73453283219C642BED86114F2A427E.d.1D2B6BC7576F5DC9B78E36BF4B6DA72A.e.7084/clear - {}
RESULT: {}
COMMAND: POST /session/04234d49f989df1d8cc66cbbd9ee498b/element/f.9E73453283219C642BED86114F2A427E.d.1D2B6BC7576F5DC9B78E36BF4B6DA72A.e.7084/value - {"text":"10491"}
COMMAND: GET /session/04234d49f989df1d8cc66cbbd9ee498b/screenshot - {}
RESULT: {"text":"10491"}
COMMAND: POST /session/04234d49f989df1d8cc66cbbd9ee498b/actions - {"actions":[{"id":"action42","type":"key","parameters":{},"actions":[{"type":"keyDown","value":"î€‡"},{"type":"pause","duration":10},{"type":"keyUp","value":"î€‡"}]}]}
COMMAND: GET /session/04234d49f989df1d8cc66cbbd9ee498b/screenshot - {}
RESULT: {}
RESULT: {"actions":[{"id":"action42","type":"key","parameters":{},"actions":[{"type":"keyDown","value":"î€‡"},{"type":"pause","duration":10},{"type":"keyUp","value":"î€‡"}]}]}
RESULT: {}
COMMAND: GET /session/04234d49f989df1d8cc66cbbd9ee498b/screenshot - {}
RESULT: {}
COMMAND: POST /session/04234d49f989df1d8cc66cbbd9ee498b/execute/async - {"script":"<script> [1562 bytes]","args":[{"selector":{"controlType":"sap.ui.core.Icon","viewName":"etm.portal.ui.managecontracts.view.Master","properties":{"src":{"regex":{"source":"slim\\-arrow\\-right"}}}},"wdio_ui5_key":"etmportal.ui.managecontracts.view.Mastersap.ui.core.Icon{\"src\":{\"regex\":{\"source\":\"slim\\\\-arrow\\\\-right\"}}}"}]}
RESULT: {"script":"<script> [1562 bytes]","args":[{"selector":{"controlType":"sap.ui.core.Icon","viewName":"etm.portal.ui.managecontracts.view.Master","properties":{"src":{"regex":{"source":"slim\\-arrow\\-right"}}}},"wdio_ui5_key":"etmportal.ui.managecontracts.view.Mastersap.ui.core.Icon{\"src\":{\"regex\":{\"source\":\"slim\\\\-arrow\\\\-right\"}}}"}]}
RESULT: undefined
COMMAND: POST /session/04234d49f989df1d8cc66cbbd9ee498b/element - {"using":"xpath","value":"//*[@id=\"__item132-__clone5434-imgNav\"]"}
RESULT: {"using":"xpath","value":"//*[@id=\"__item132-__clone5434-imgNav\"]"}
COMMAND: POST /session/04234d49f989df1d8cc66cbbd9ee498b/element/f.9E73453283219C642BED86114F2A427E.d.1D2B6BC7576F5DC9B78E36BF4B6DA72A.e.7792/click - {}
RESULT: {}
COMMAND: POST /session/04234d49f989df1d8cc66cbbd9ee498b/execute/async - {"script":"<script> [1562 bytes]","args":[{"selector":{"controlType":"sap.m.ObjectStatus","viewName":"etm.portal.ui.managecontracts.view.Detail","bindingPath":{"propertyPath":"LINK_TO_LOGISTICAL_STATUS/DESCRIPTION","modelName":"catalogModel"}},"wdio_ui5_key":"etmportal.ui.managecontracts.view.Detailsap.m.ObjectStatus{\"propertyPath\":\"LINK_TO_LOGISTICAL_STATUS/DESCRIPTION\",\"modelName\":\"catalogModel\"}"}]}
COMMAND: GET /session/04234d49f989df1d8cc66cbbd9ee498b/screenshot - {}
RESULT: {"script":"<script> [1562 bytes]","args":[{"selector":{"controlType":"sap.m.ObjectStatus","viewName":"etm.portal.ui.managecontracts.view.Detail","bindingPath":{"propertyPath":"LINK_TO_LOGISTICAL_STATUS/DESCRIPTION","modelName":"catalogModel"}},"wdio_ui5_key":"etmportal.ui.managecontracts.view.Detailsap.m.ObjectStatus{\"propertyPath\":\"LINK_TO_LOGISTICAL_STATUS/DESCRIPTION\",\"modelName\":\"catalogModel\"}"}]}
RESULT: undefined
COMMAND: POST /session/04234d49f989df1d8cc66cbbd9ee498b/execute/async - {"script":"<script> [6424 bytes]","args":[{"element-6066-11e4-a52e-4f735466cecf":"f.9E73453283219C642BED86114F2A427E.d.1D2B6BC7576F5DC9B78E36BF4B6DA72A.e.7824"},"getText",[]]}
RESULT: {}
RESULT: {"script":"<script> [6424 bytes]","args":[{"element-6066-11e4-a52e-4f735466cecf":"f.9E73453283219C642BED86114F2A427E.d.1D2B6BC7576F5DC9B78E36BF4B6DA72A.e.7824"},"getText",[]]}
]]></system-out>
    </testcase>
    <testcase classname="chrome.135_0_7049_96.windows.Standard_contract_close-reopen_US111278" name="Should reopen the contract" time="10.501">
      <system-out><![CDATA[
COMMAND: POST /session/04234d49f989df1d8cc66cbbd9ee498b/execute/async - {"script":"<script> [1562 bytes]","args":[{"selector":{"id":"openContractBtn","viewName":"etm.portal.ui.managecontracts.view.Detail"},"wdio_ui5_key":"openContractBtnetmportal.ui.managecontracts.view.Detail"}]}
RESULT: {"script":"<script> [1562 bytes]","args":[{"selector":{"id":"openContractBtn","viewName":"etm.portal.ui.managecontracts.view.Detail"},"wdio_ui5_key":"openContractBtnetmportal.ui.managecontracts.view.Detail"}]}
RESULT: undefined
COMMAND: POST /session/04234d49f989df1d8cc66cbbd9ee498b/execute/async - {"script":"<script> [6424 bytes]","args":[{"element-6066-11e4-a52e-4f735466cecf":"f.9E73453283219C642BED86114F2A427E.d.1D2B6BC7576F5DC9B78E36BF4B6DA72A.e.7813"},"getEnabled",[]]}
RESULT: {"script":"<script> [6424 bytes]","args":[{"element-6066-11e4-a52e-4f735466cecf":"f.9E73453283219C642BED86114F2A427E.d.1D2B6BC7576F5DC9B78E36BF4B6DA72A.e.7813"},"getEnabled",[]]}
COMMAND: POST /session/04234d49f989df1d8cc66cbbd9ee498b/element - {"using":"xpath","value":"//bdi[contains(text(), \"Edit\")]"}
RESULT: {"using":"xpath","value":"//bdi[contains(text(), \"Edit\")]"}
COMMAND: POST /session/04234d49f989df1d8cc66cbbd9ee498b/element - {"using":"xpath","value":"//bdi[contains(text(), \"Edit\")]"}
RESULT: undefined
COMMAND: POST /session/04234d49f989df1d8cc66cbbd9ee498b/element - {"using":"xpath","value":"//*[@id=\"__xmlview64--openContractBtn\"]"}
RESULT: {"using":"xpath","value":"//*[@id=\"__xmlview64--openContractBtn\"]"}
COMMAND: POST /session/04234d49f989df1d8cc66cbbd9ee498b/element/f.9E73453283219C642BED86114F2A427E.d.1D2B6BC7576F5DC9B78E36BF4B6DA72A.e.7813/click - {}
RESULT: {"using":"xpath","value":"//bdi[contains(text(), \"Edit\")]"}
RESULT: {}
COMMAND: POST /session/04234d49f989df1d8cc66cbbd9ee498b/execute/async - {"script":"<script> [1562 bytes]","args":[{"selector":{"controlType":"sap.m.Text","properties":{"text":"Contract has been reopened successfully"},"searchOpenDialogs":true},"wdio_ui5_key":"sapm.Text{\"text\":\"Contract has been reopened successfully\"}"}]}
COMMAND: GET /session/04234d49f989df1d8cc66cbbd9ee498b/screenshot - {}
RESULT: {"script":"<script> [1562 bytes]","args":[{"selector":{"controlType":"sap.m.Text","properties":{"text":"Contract has been reopened successfully"},"searchOpenDialogs":true},"wdio_ui5_key":"sapm.Text{\"text\":\"Contract has been reopened successfully\"}"}]}
RESULT: undefined
COMMAND: POST /session/04234d49f989df1d8cc66cbbd9ee498b/execute/async - {"script":"<script> [6424 bytes]","args":[{"element-6066-11e4-a52e-4f735466cecf":"f.9E73453283219C642BED86114F2A427E.d.1D2B6BC7576F5DC9B78E36BF4B6DA72A.e.7827"},"getText",[]]}
RESULT: {}
RESULT: {"script":"<script> [6424 bytes]","args":[{"element-6066-11e4-a52e-4f735466cecf":"f.9E73453283219C642BED86114F2A427E.d.1D2B6BC7576F5DC9B78E36BF4B6DA72A.e.7827"},"getText",[]]}
COMMAND: POST /session/04234d49f989df1d8cc66cbbd9ee498b/element - {"using":"xpath","value":"//bdi[contains(text(), \"OK\")]"}
RESULT: {"using":"xpath","value":"//bdi[contains(text(), \"OK\")]"}
COMMAND: POST /session/04234d49f989df1d8cc66cbbd9ee498b/element/f.9E73453283219C642BED86114F2A427E.d.1D2B6BC7576F5DC9B78E36BF4B6DA72A.e.7828/click - {}
RESULT: {}
COMMAND: GET /session/04234d49f989df1d8cc66cbbd9ee498b/screenshot - {}
RESULT: {}
COMMAND: POST /session/04234d49f989df1d8cc66cbbd9ee498b/element - {"using":"xpath","value":"//bdi[contains(text(), \"Edit\")]"}
RESULT: undefined
COMMAND: POST /session/04234d49f989df1d8cc66cbbd9ee498b/execute/async - {"script":"<script> [6424 bytes]","args":[{"element-6066-11e4-a52e-4f735466cecf":"f.9E73453283219C642BED86114F2A427E.d.1D2B6BC7576F5DC9B78E36BF4B6DA72A.e.7509"},"getEnabled",[]]}
RESULT: {"using":"xpath","value":"//bdi[contains(text(), \"Edit\")]"}
COMMAND: POST /session/04234d49f989df1d8cc66cbbd9ee498b/execute/sync - {"script":"<script> [8489 bytes]","args":[{"element-6066-11e4-a52e-4f735466cecf":"f.9E73453283219C642BED86114F2A427E.d.1D2B6BC7576F5DC9B78E36BF4B6DA72A.e.7829","ELEMENT":"f.9E73453283219C642BED86114F2A427E.d.1D2B6BC7576F5DC9B78E36BF4B6DA72A.e.7829"}]}
COMMAND: POST /session/04234d49f989df1d8cc66cbbd9ee498b/execute/async - {"script":"<script> [1562 bytes]","args":[{"selector":{"id":"closeContractBtn","viewName":"etm.portal.ui.managecontracts.view.Detail"},"wdio_ui5_key":"closeContractBtnetmportal.ui.managecontracts.view.Detail"}]}
RESULT: {"script":"<script> [8489 bytes]","args":[{"element-6066-11e4-a52e-4f735466cecf":"f.9E73453283219C642BED86114F2A427E.d.1D2B6BC7576F5DC9B78E36BF4B6DA72A.e.7829","ELEMENT":"f.9E73453283219C642BED86114F2A427E.d.1D2B6BC7576F5DC9B78E36BF4B6DA72A.e.7829"}]}
COMMAND: GET /session/04234d49f989df1d8cc66cbbd9ee498b/screenshot - {}
RESULT: {"script":"<script> [1562 bytes]","args":[{"selector":{"id":"closeContractBtn","viewName":"etm.portal.ui.managecontracts.view.Detail"},"wdio_ui5_key":"closeContractBtnetmportal.ui.managecontracts.view.Detail"}]}
COMMAND: POST /session/04234d49f989df1d8cc66cbbd9ee498b/execute/async - {"script":"<script> [6424 bytes]","args":[{"element-6066-11e4-a52e-4f735466cecf":"f.9E73453283219C642BED86114F2A427E.d.1D2B6BC7576F5DC9B78E36BF4B6DA72A.e.7830"},"getEnabled",[]]}
RESULT: {}
RESULT: {"script":"<script> [6424 bytes]","args":[{"element-6066-11e4-a52e-4f735466cecf":"f.9E73453283219C642BED86114F2A427E.d.1D2B6BC7576F5DC9B78E36BF4B6DA72A.e.7830"},"getEnabled",[]]}
]]></system-out>
    </testcase>
    <testcase classname="chrome.135_0_7049_96.windows.Standard_contract_close-reopen_US111278" name="Should verify for multiple statuses that open button is not visible" time="72.881">
      <system-out><![CDATA[
COMMAND: POST /session/04234d49f989df1d8cc66cbbd9ee498b/execute/async - {"script":"<script> [1562 bytes]","args":[{"selector":{"controlType":"sap.ui.core.Icon","viewName":"etm.portal.ui.managecontracts.view.Detail","properties":{"src":{"regex":{"source":"decline"}}}},"wdio_ui5_key":"etmportal.ui.managecontracts.view.Detailsap.ui.core.Icon{\"src\":{\"regex\":{\"source\":\"decline\"}}}"}]}
RESULT: {"script":"<script> [1562 bytes]","args":[{"selector":{"controlType":"sap.ui.core.Icon","viewName":"etm.portal.ui.managecontracts.view.Detail","properties":{"src":{"regex":{"source":"decline"}}}},"wdio_ui5_key":"etmportal.ui.managecontracts.view.Detailsap.ui.core.Icon{\"src\":{\"regex\":{\"source\":\"decline\"}}}"}]}
RESULT: undefined
COMMAND: POST /session/04234d49f989df1d8cc66cbbd9ee498b/element - {"using":"xpath","value":"//*[@id=\"__xmlview64--closeColumnBtn-img\"]"}
RESULT: {"using":"xpath","value":"//*[@id=\"__xmlview64--closeColumnBtn-img\"]"}
COMMAND: POST /session/04234d49f989df1d8cc66cbbd9ee498b/element/f.9E73453283219C642BED86114F2A427E.d.1D2B6BC7576F5DC9B78E36BF4B6DA72A.e.7810/click - {}
RESULT: {}
COMMAND: GET /session/04234d49f989df1d8cc66cbbd9ee498b/screenshot - {}
RESULT: {}
COMMAND: POST /session/04234d49f989df1d8cc66cbbd9ee498b/element - {"using":"xpath","value":"//div[contains(@id ,\"smartContractFilterBar-btnBasicSearch-reset\")]"}
RESULT: {"using":"xpath","value":"//div[contains(@id ,\"smartContractFilterBar-btnBasicSearch-reset\")]"}
COMMAND: POST /session/04234d49f989df1d8cc66cbbd9ee498b/element/f.9E73453283219C642BED86114F2A427E.d.1D2B6BC7576F5DC9B78E36BF4B6DA72A.e.7812/click - {}
RESULT: {}
COMMAND: GET /session/04234d49f989df1d8cc66cbbd9ee498b/screenshot - {}
COMMAND: POST /session/04234d49f989df1d8cc66cbbd9ee498b/execute/async - {"script":"<script> [1562 bytes]","args":[{"selector":{"controlType":"sap.ui.core.Icon","viewName":"etm.portal.ui.managecontracts.view.Master","properties":{"src":{"regex":{"source":"slim\\-arrow\\-down"}}},"ancestor":{"id":"smartContractStatusFilter","viewName":"etm.portal.ui.managecontracts.view.Master"}},"wdio_ui5_key":"etmportal.ui.managecontracts.view.Mastersap.ui.core.Icon{\"src\":{\"regex\":{\"source\":\"slim\\\\-arrow\\\\-down\"}}}{\"id\":\"smartContractStatusFilter\",\"viewName\":\"etm.portal.ui.managecontracts.view.Master\"}"}]}
RESULT: {}
RESULT: {"script":"<script> [1562 bytes]","args":[{"selector":{"controlType":"sap.ui.core.Icon","viewName":"etm.portal.ui.managecontracts.view.Master","properties":{"src":{"regex":{"source":"slim\\-arrow\\-down"}}},"ancestor":{"id":"smartContractStatusFilter","viewName":"etm.portal.ui.managecontracts.view.Master"}},"wdio_ui5_key":"etmportal.ui.managecontracts.view.Mastersap.ui.core.Icon{\"src\":{\"regex\":{\"source\":\"slim\\\\-arrow\\\\-down\"}}}{\"id\":\"smartContractStatusFilter\",\"viewName\":\"etm.portal.ui.managecontracts.view.Master\"}"}]}
RESULT: undefined
COMMAND: POST /session/04234d49f989df1d8cc66cbbd9ee498b/element - {"using":"xpath","value":"//*[@id=\"__xmlview63--smartContractStatusFilter-arrow\"]"}
RESULT: {"using":"xpath","value":"//*[@id=\"__xmlview63--smartContractStatusFilter-arrow\"]"}
COMMAND: POST /session/04234d49f989df1d8cc66cbbd9ee498b/element/f.9E73453283219C642BED86114F2A427E.d.1D2B6BC7576F5DC9B78E36BF4B6DA72A.e.7878/click - {}
RESULT: {}
COMMAND: POST /session/04234d49f989df1d8cc66cbbd9ee498b/execute/async - {"script":"<script> [1562 bytes]","args":[{"selector":{"controlType":"sap.m.CheckBox","viewName":"etm.portal.ui.managecontracts.view.Master","properties":{"editable":true},"searchOpenDialogs":true,"ancestor":{"controlType":"sap.m.StandardListItem","viewName":"etm.portal.ui.managecontracts.view.Master","properties":{"title":"partial provided"},"searchOpenDialogs":true},"interaction":{"idSuffix":"CbBg"}},"wdio_ui5_key":"etmportal.ui.managecontracts.view.Mastersap.m.CheckBox{\"editable\":true}{\"controlType\":\"sap.m.StandardListItem\",\"viewName\":\"etm.portal.ui.managecontracts.view.Master\",\"properties\":{\"title\":\"partial provided\"},\"searchOpenDialogs\":true}"}]}
COMMAND: GET /session/04234d49f989df1d8cc66cbbd9ee498b/screenshot - {}
RESULT: {"script":"<script> [1562 bytes]","args":[{"selector":{"controlType":"sap.m.CheckBox","viewName":"etm.portal.ui.managecontracts.view.Master","properties":{"editable":true},"searchOpenDialogs":true,"ancestor":{"controlType":"sap.m.StandardListItem","viewName":"etm.portal.ui.managecontracts.view.Master","properties":{"title":"partial provided"},"searchOpenDialogs":true},"interaction":{"idSuffix":"CbBg"}},"wdio_ui5_key":"etmportal.ui.managecontracts.view.Mastersap.m.CheckBox{\"editable\":true}{\"controlType\":\"sap.m.StandardListItem\",\"viewName\":\"etm.portal.ui.managecontracts.view.Master\",\"properties\":{\"title\":\"partial provided\"},\"searchOpenDialogs\":true}"}]}
RESULT: undefined
COMMAND: POST /session/04234d49f989df1d8cc66cbbd9ee498b/element - {"using":"xpath","value":"//*[@id=\"__item1895-selectMulti\"]"}
RESULT: {}
RESULT: {"using":"xpath","value":"//*[@id=\"__item1895-selectMulti\"]"}
COMMAND: POST /session/04234d49f989df1d8cc66cbbd9ee498b/element/f.9E73453283219C642BED86114F2A427E.d.1D2B6BC7576F5DC9B78E36BF4B6DA72A.e.7887/click - {}
RESULT: {}
COMMAND: GET /session/04234d49f989df1d8cc66cbbd9ee498b/screenshot - {}
RESULT: {}
COMMAND: POST /session/04234d49f989df1d8cc66cbbd9ee498b/element - {"using":"xpath","value":"(//span[contains(@title ,\"Navigation\")])[2]"}
RESULT: {"using":"xpath","value":"(//span[contains(@title ,\"Navigation\")])[2]"}
COMMAND: POST /session/04234d49f989df1d8cc66cbbd9ee498b/element/f.9E73453283219C642BED86114F2A427E.d.1D2B6BC7576F5DC9B78E36BF4B6DA72A.e.7906/click - {}
RESULT: {}
COMMAND: GET /session/04234d49f989df1d8cc66cbbd9ee498b/screenshot - {}
COMMAND: POST /session/04234d49f989df1d8cc66cbbd9ee498b/element - {"using":"xpath","value":"//bdi[contains(@id ,\"closeContractBtn-BDI-content\")]"}
RESULT: {}
RESULT: {"using":"xpath","value":"//bdi[contains(@id ,\"closeContractBtn-BDI-content\")]"}
COMMAND: POST /session/04234d49f989df1d8cc66cbbd9ee498b/element - {"using":"xpath","value":"//bdi[contains(@id ,\"closeContractBtn-BDI-content\")]"}
RESULT: undefined
COMMAND: POST /session/04234d49f989df1d8cc66cbbd9ee498b/element - {"using":"xpath","value":"//*[@id=\"__xmlview64--closeColumnBtn-img\"]"}
RESULT: {"using":"xpath","value":"//bdi[contains(@id ,\"closeContractBtn-BDI-content\")]"}
RESULT: {"using":"xpath","value":"//*[@id=\"__xmlview64--closeColumnBtn-img\"]"}
COMMAND: POST /session/04234d49f989df1d8cc66cbbd9ee498b/element/f.9E73453283219C642BED86114F2A427E.d.1D2B6BC7576F5DC9B78E36BF4B6DA72A.e.7810/click - {}
RESULT: {}
COMMAND: GET /session/04234d49f989df1d8cc66cbbd9ee498b/screenshot - {}
RESULT: {}
COMMAND: POST /session/04234d49f989df1d8cc66cbbd9ee498b/refresh - {}
RESULT: {}
COMMAND: GET /session/04234d49f989df1d8cc66cbbd9ee498b/screenshot - {}
RESULT: {}
COMMAND: POST /session/04234d49f989df1d8cc66cbbd9ee498b/execute/async - {"script":"<script> [189 bytes]","args":[]}
RESULT: {"script":"<script> [189 bytes]","args":[]}
COMMAND: POST /session/04234d49f989df1d8cc66cbbd9ee498b/execute/async - {"script":"<script> [123 bytes]","args":[]}
RESULT: {"script":"<script> [123 bytes]","args":[]}
COMMAND: POST /session/04234d49f989df1d8cc66cbbd9ee498b/timeouts - {"script":"<number>"}
RESULT: {"script":"<number>"}
COMMAND: GET /session/04234d49f989df1d8cc66cbbd9ee498b/timeouts - {}
RESULT: {}
RESULT: undefined
COMMAND: POST /session/04234d49f989df1d8cc66cbbd9ee498b/execute/async - {"script":"<script> [2676 bytes]","args":[]}
RESULT: {"script":"<script> [2676 bytes]","args":[]}
COMMAND: POST /session/04234d49f989df1d8cc66cbbd9ee498b/execute/async - {"script":"<script> [2342 bytes]","args":[{"protocol":"http","hostname":"0.0.0.0","path":"/","capabilities":{"browserName":"chrome","goog:chromeOptions":{"binary":"C:\\Program Files\\Google\\Chrome\\Application\\chrome.exe","args":["--start-maximized"]}},"logLevel":"warn","connectionRetryTimeout":120000,"connectionRetryCount":3,"logLevels":{},"enableDirectConnect":true,"strictSSL":true,"_":"65 more keys: [\"cacheDir\",\"port\",\"requestedCapabilities\",\"automationProtocol\",\"baseUrl\",\"waitforInterval\",\"waitforTimeout\",\"onReload\",\"beforeCommand\",\"afterCommand\",\"rootDir\",\"specs\",\"suites\",\"exclude\",\"groupLogsByTestSpec\",\"excludeDriverLogs\",\"bail\",\"framework\",\"reporters\",\"services\",\"maxInstances\",\"maxInstancesPerCapability\",\"injectGlobals\",\"filesToWatch\",\"execArgv\",\"runnerEnv\",\"runner\",\"shard\",\"specFileRetries\",\"specFileRetriesDelay\",\"specFileRetriesDeferred\",\"reporterSyncInterval\",\"reporterSyncTimeout\",\"cucumberFeaturesWithLineNumbers\",\"autoCompileOpts\",\"mochaOpts\",\"jasmineOpts\",\"cucumberOpts\",\"onPrepare\",\"onWorkerStart\",\"onWorkerEnd\",\"before\",\"beforeSession\",\"beforeSuite\",\"beforeHook\",\"beforeTest\",\"afterTest\",\"afterHook\",\"afterSuite\",\"afterSession\",\"after\",\"onComplete\",\"beforeAssertion\",\"afterAssertion\",\"beforeFeature\",\"beforeScenario\",\"beforeStep\",\"afterStep\",\"afterScenario\",\"afterFeature\",\"_\",\"suite\",\"$0\",\"ignoredWorkerServices\",\"wdi5\"]"}]}
RESULT: {"script":"<script> [2342 bytes]","args":[{"protocol":"http","hostname":"0.0.0.0","path":"/","capabilities":{"browserName":"chrome","goog:chromeOptions":{"binary":"C:\\Program Files\\Google\\Chrome\\Application\\chrome.exe","args":["--start-maximized"]}},"logLevel":"warn","connectionRetryTimeout":120000,"connectionRetryCount":3,"logLevels":{},"enableDirectConnect":true,"strictSSL":true,"_":"65 more keys: [\"cacheDir\",\"port\",\"requestedCapabilities\",\"automationProtocol\",\"baseUrl\",\"waitforInterval\",\"waitforTimeout\",\"onReload\",\"beforeCommand\",\"afterCommand\",\"rootDir\",\"specs\",\"suites\",\"exclude\",\"groupLogsByTestSpec\",\"excludeDriverLogs\",\"bail\",\"framework\",\"reporters\",\"services\",\"maxInstances\",\"maxInstancesPerCapability\",\"injectGlobals\",\"filesToWatch\",\"execArgv\",\"runnerEnv\",\"runner\",\"shard\",\"specFileRetries\",\"specFileRetriesDelay\",\"specFileRetriesDeferred\",\"reporterSyncInterval\",\"reporterSyncTimeout\",\"cucumberFeaturesWithLineNumbers\",\"autoCompileOpts\",\"mochaOpts\",\"jasmineOpts\",\"cucumberOpts\",\"onPrepare\",\"onWorkerStart\",\"onWorkerEnd\",\"before\",\"beforeSession\",\"beforeSuite\",\"beforeHook\",\"beforeTest\",\"afterTest\",\"afterHook\",\"afterSuite\",\"afterSession\",\"after\",\"onComplete\",\"beforeAssertion\",\"afterAssertion\",\"beforeFeature\",\"beforeScenario\",\"beforeStep\",\"afterStep\",\"afterScenario\",\"afterFeature\",\"_\",\"suite\",\"$0\",\"ignoredWorkerServices\",\"wdi5\"]"}]}
COMMAND: POST /session/04234d49f989df1d8cc66cbbd9ee498b/execute/async - {"script":"<script> [21126 bytes]","args":[35000]}
RESULT: {"script":"<script> [21126 bytes]","args":[35000]}
COMMAND: POST /session/04234d49f989df1d8cc66cbbd9ee498b/execute/async - {"script":"<script> [1562 bytes]","args":[{"selector":{"controlType":"sap.ui.core.Icon","viewName":"etm.portal.ui.managecontracts.view.Master","properties":{"src":{"regex":{"source":"slim\\-arrow\\-down"}}},"ancestor":{"id":"smartContractStatusFilter","viewName":"etm.portal.ui.managecontracts.view.Master"}},"wdio_ui5_key":"etmportal.ui.managecontracts.view.Mastersap.ui.core.Icon{\"src\":{\"regex\":{\"source\":\"slim\\\\-arrow\\\\-down\"}}}{\"id\":\"smartContractStatusFilter\",\"viewName\":\"etm.portal.ui.managecontracts.view.Master\"}"}]}
RESULT: {"script":"<script> [1562 bytes]","args":[{"selector":{"controlType":"sap.ui.core.Icon","viewName":"etm.portal.ui.managecontracts.view.Master","properties":{"src":{"regex":{"source":"slim\\-arrow\\-down"}}},"ancestor":{"id":"smartContractStatusFilter","viewName":"etm.portal.ui.managecontracts.view.Master"}},"wdio_ui5_key":"etmportal.ui.managecontracts.view.Mastersap.ui.core.Icon{\"src\":{\"regex\":{\"source\":\"slim\\\\-arrow\\\\-down\"}}}{\"id\":\"smartContractStatusFilter\",\"viewName\":\"etm.portal.ui.managecontracts.view.Master\"}"}]}
RESULT: undefined
COMMAND: POST /session/04234d49f989df1d8cc66cbbd9ee498b/element - {"using":"xpath","value":"//*[@id=\"__xmlview0--smartContractStatusFilter-arrow\"]"}
RESULT: {"using":"xpath","value":"//*[@id=\"__xmlview0--smartContractStatusFilter-arrow\"]"}
COMMAND: POST /session/04234d49f989df1d8cc66cbbd9ee498b/element/f.9E73453283219C642BED86114F2A427E.d.86D1C34F969AD91CD4431F85BF74E058.e.8298/click - {}
RESULT: {}
COMMAND: GET /session/04234d49f989df1d8cc66cbbd9ee498b/screenshot - {}
RESULT: {}
COMMAND: POST /session/04234d49f989df1d8cc66cbbd9ee498b/execute/async - {"script":"<script> [1562 bytes]","args":[{"selector":{"controlType":"sap.m.CheckBox","viewName":"etm.portal.ui.managecontracts.view.Master","properties":{"editable":true},"searchOpenDialogs":true,"ancestor":{"controlType":"sap.m.StandardListItem","viewName":"etm.portal.ui.managecontracts.view.Master","properties":{"title":"partial billed"},"searchOpenDialogs":true},"interaction":{"idSuffix":"CbBg"}},"wdio_ui5_key":"etmportal.ui.managecontracts.view.Mastersap.m.CheckBox{\"editable\":true}{\"controlType\":\"sap.m.StandardListItem\",\"viewName\":\"etm.portal.ui.managecontracts.view.Master\",\"properties\":{\"title\":\"partial billed\"},\"searchOpenDialogs\":true}"}]}
RESULT: {"script":"<script> [1562 bytes]","args":[{"selector":{"controlType":"sap.m.CheckBox","viewName":"etm.portal.ui.managecontracts.view.Master","properties":{"editable":true},"searchOpenDialogs":true,"ancestor":{"controlType":"sap.m.StandardListItem","viewName":"etm.portal.ui.managecontracts.view.Master","properties":{"title":"partial billed"},"searchOpenDialogs":true},"interaction":{"idSuffix":"CbBg"}},"wdio_ui5_key":"etmportal.ui.managecontracts.view.Mastersap.m.CheckBox{\"editable\":true}{\"controlType\":\"sap.m.StandardListItem\",\"viewName\":\"etm.portal.ui.managecontracts.view.Master\",\"properties\":{\"title\":\"partial billed\"},\"searchOpenDialogs\":true}"}]}
RESULT: undefined
COMMAND: POST /session/04234d49f989df1d8cc66cbbd9ee498b/element - {"using":"xpath","value":"//*[@id=\"__item41-selectMulti\"]"}
RESULT: {"using":"xpath","value":"//*[@id=\"__item41-selectMulti\"]"}
COMMAND: POST /session/04234d49f989df1d8cc66cbbd9ee498b/element/f.9E73453283219C642BED86114F2A427E.d.86D1C34F969AD91CD4431F85BF74E058.e.8307/click - {}
RESULT: {}
COMMAND: GET /session/04234d49f989df1d8cc66cbbd9ee498b/screenshot - {}
RESULT: {}
COMMAND: POST /session/04234d49f989df1d8cc66cbbd9ee498b/element - {"using":"xpath","value":"(//span[contains(@title ,\"Navigation\")])[2]"}
RESULT: {"using":"xpath","value":"(//span[contains(@title ,\"Navigation\")])[2]"}
COMMAND: POST /session/04234d49f989df1d8cc66cbbd9ee498b/element/f.9E73453283219C642BED86114F2A427E.d.86D1C34F969AD91CD4431F85BF74E058.e.8342/click - {}
RESULT: {}
COMMAND: GET /session/04234d49f989df1d8cc66cbbd9ee498b/screenshot - {}
RESULT: {}
COMMAND: POST /session/04234d49f989df1d8cc66cbbd9ee498b/element - {"using":"xpath","value":"//bdi[contains(@id ,\"closeContractBtn-BDI-content\")]"}
COMMAND: POST /session/04234d49f989df1d8cc66cbbd9ee498b/element - {"using":"css selector","value":"#shell-header-logo"}
RESULT: {"using":"xpath","value":"//bdi[contains(@id ,\"closeContractBtn-BDI-content\")]"}
RESULT: {"using":"css selector","value":"#shell-header-logo"}
COMMAND: POST /session/04234d49f989df1d8cc66cbbd9ee498b/element/f.9E73453283219C642BED86114F2A427E.d.86D1C34F969AD91CD4431F85BF74E058.e.8259/click - {}
RESULT: {}
COMMAND: GET /session/04234d49f989df1d8cc66cbbd9ee498b/screenshot - {}
RESULT: {}
]]></system-out>
    </testcase>
  </testsuite>
  <testsuite timestamp="2025-05-03T18:11:21" time="62.502" tests="1" failures="0" errors="0" skipped="0">
    <properties>
      <property name="specId" value="0" />
      <property name="suiteName" value="Standard contract decline US151279" />
      <property name="capabilities" value="chrome.135_0_7049_96.windows" />
      <property name="file" value="file:///D:/a/1/s/test/specs/R2C/standard-contract-decline.spec.js" />
    </properties>
    <testcase classname="chrome.135_0_7049_96.windows.Standard_contract_decline_US151279" name="Should decline a contract" time="58.178">
      <system-out><![CDATA[
COMMAND: POST /session/04234d49f989df1d8cc66cbbd9ee498b/execute/async - {"script":"<script> [1562 bytes]","args":[{"selector":{"controlType":"sap.m.GenericTile","properties":{"header":"Manage Contracts"}},"wdio_ui5_key":"sapm.GenericTile{\"header\":\"Manage Contracts\"}"}]}
RESULT: {"script":"<script> [1562 bytes]","args":[{"selector":{"controlType":"sap.m.GenericTile","properties":{"header":"Manage Contracts"}},"wdio_ui5_key":"sapm.GenericTile{\"header\":\"Manage Contracts\"}"}]}
RESULT: undefined
COMMAND: POST /session/04234d49f989df1d8cc66cbbd9ee498b/element - {"using":"xpath","value":"//*[@id=\"__tile130\"]"}
RESULT: {"using":"xpath","value":"//*[@id=\"__tile130\"]"}
COMMAND: POST /session/04234d49f989df1d8cc66cbbd9ee498b/element/f.9E73453283219C642BED86114F2A427E.d.86D1C34F969AD91CD4431F85BF74E058.e.8677/click - {}
RESULT: {}
COMMAND: GET /session/04234d49f989df1d8cc66cbbd9ee498b/screenshot - {}
RESULT: {}
COMMAND: POST /session/04234d49f989df1d8cc66cbbd9ee498b/element - {"using":"xpath","value":"//input[contains(@id ,\"smartContractFilterBar-btnBasicSearch-I\")]"}
RESULT: {"using":"xpath","value":"//input[contains(@id ,\"smartContractFilterBar-btnBasicSearch-I\")]"}
COMMAND: POST /session/04234d49f989df1d8cc66cbbd9ee498b/element/f.9E73453283219C642BED86114F2A427E.d.86D1C34F969AD91CD4431F85BF74E058.e.8684/clear - {}
RESULT: {}
COMMAND: POST /session/04234d49f989df1d8cc66cbbd9ee498b/element/f.9E73453283219C642BED86114F2A427E.d.86D1C34F969AD91CD4431F85BF74E058.e.8684/value - {"text":"10491"}
COMMAND: GET /session/04234d49f989df1d8cc66cbbd9ee498b/screenshot - {}
RESULT: {"text":"10491"}
COMMAND: POST /session/04234d49f989df1d8cc66cbbd9ee498b/actions - {"actions":[{"id":"action43","type":"key","parameters":{},"actions":[{"type":"keyDown","value":"î€‡"},{"type":"pause","duration":10},{"type":"keyUp","value":"î€‡"}]}]}
COMMAND: GET /session/04234d49f989df1d8cc66cbbd9ee498b/screenshot - {}
RESULT: {}
RESULT: {"actions":[{"id":"action43","type":"key","parameters":{},"actions":[{"type":"keyDown","value":"î€‡"},{"type":"pause","duration":10},{"type":"keyUp","value":"î€‡"}]}]}
COMMAND: GET /session/04234d49f989df1d8cc66cbbd9ee498b/screenshot - {}
RESULT: {}
RESULT: {}
COMMAND: POST /session/04234d49f989df1d8cc66cbbd9ee498b/execute/async - {"script":"<script> [1562 bytes]","args":[{"selector":{"controlType":"sap.ui.core.Icon","viewName":"etm.portal.ui.managecontracts.view.Master","properties":{"src":{"regex":{"source":"slim\\-arrow\\-right"}}}},"wdio_ui5_key":"etmportal.ui.managecontracts.view.Mastersap.ui.core.Icon{\"src\":{\"regex\":{\"source\":\"slim\\\\-arrow\\\\-right\"}}}"}]}
RESULT: {"script":"<script> [1562 bytes]","args":[{"selector":{"controlType":"sap.ui.core.Icon","viewName":"etm.portal.ui.managecontracts.view.Master","properties":{"src":{"regex":{"source":"slim\\-arrow\\-right"}}}},"wdio_ui5_key":"etmportal.ui.managecontracts.view.Mastersap.ui.core.Icon{\"src\":{\"regex\":{\"source\":\"slim\\\\-arrow\\\\-right\"}}}"}]}
RESULT: undefined
COMMAND: POST /session/04234d49f989df1d8cc66cbbd9ee498b/element - {"using":"xpath","value":"//*[@id=\"__item77-__clone211-imgNav\"]"}
RESULT: {"using":"xpath","value":"//*[@id=\"__item77-__clone211-imgNav\"]"}
COMMAND: POST /session/04234d49f989df1d8cc66cbbd9ee498b/element/f.9E73453283219C642BED86114F2A427E.d.86D1C34F969AD91CD4431F85BF74E058.e.8808/click - {}
RESULT: {}
COMMAND: GET /session/04234d49f989df1d8cc66cbbd9ee498b/screenshot - {}
RESULT: {}
COMMAND: POST /session/04234d49f989df1d8cc66cbbd9ee498b/execute/async - {"script":"<script> [1562 bytes]","args":[{"selector":{"id":"cancelContractBtn","viewName":"etm.portal.ui.managecontracts.view.Detail","interaction":{"idSuffix":"BDI-content"}},"wdio_ui5_key":"cancelContractBtnetmportal.ui.managecontracts.view.Detail"}]}
RESULT: {"script":"<script> [1562 bytes]","args":[{"selector":{"id":"cancelContractBtn","viewName":"etm.portal.ui.managecontracts.view.Detail","interaction":{"idSuffix":"BDI-content"}},"wdio_ui5_key":"cancelContractBtnetmportal.ui.managecontracts.view.Detail"}]}
RESULT: undefined
COMMAND: POST /session/04234d49f989df1d8cc66cbbd9ee498b/element - {"using":"xpath","value":"//*[@id=\"__xmlview61--cancelContractBtn\"]"}
RESULT: {"using":"xpath","value":"//*[@id=\"__xmlview61--cancelContractBtn\"]"}
COMMAND: POST /session/04234d49f989df1d8cc66cbbd9ee498b/element/f.9E73453283219C642BED86114F2A427E.d.86D1C34F969AD91CD4431F85BF74E058.e.8877/click - {}
RESULT: {}
COMMAND: GET /session/04234d49f989df1d8cc66cbbd9ee498b/screenshot - {}
RESULT: {}
COMMAND: POST /session/04234d49f989df1d8cc66cbbd9ee498b/execute/async - {"script":"<script> [1562 bytes]","args":[{"selector":{"controlType":"sap.m.Text","properties":{"text":"Do you want to cancel the whole contract?"},"searchOpenDialogs":true},"wdio_ui5_key":"sapm.Text{\"text\":\"Do you want to cancel the whole contract?\"}"}]}
RESULT: {"script":"<script> [1562 bytes]","args":[{"selector":{"controlType":"sap.m.Text","properties":{"text":"Do you want to cancel the whole contract?"},"searchOpenDialogs":true},"wdio_ui5_key":"sapm.Text{\"text\":\"Do you want to cancel the whole contract?\"}"}]}
RESULT: undefined
COMMAND: POST /session/04234d49f989df1d8cc66cbbd9ee498b/execute/async - {"script":"<script> [6424 bytes]","args":[{"element-6066-11e4-a52e-4f735466cecf":"f.9E73453283219C642BED86114F2A427E.d.86D1C34F969AD91CD4431F85BF74E058.e.8928"},"getText",[]]}
RESULT: {"script":"<script> [6424 bytes]","args":[{"element-6066-11e4-a52e-4f735466cecf":"f.9E73453283219C642BED86114F2A427E.d.86D1C34F969AD91CD4431F85BF74E058.e.8928"},"getText",[]]}
COMMAND: POST /session/04234d49f989df1d8cc66cbbd9ee498b/element - {"using":"xpath","value":"//bdi[contains(text(), \"OK\")]"}
RESULT: {"using":"xpath","value":"//bdi[contains(text(), \"OK\")]"}
COMMAND: POST /session/04234d49f989df1d8cc66cbbd9ee498b/element/f.9E73453283219C642BED86114F2A427E.d.86D1C34F969AD91CD4431F85BF74E058.e.8929/click - {}
RESULT: {}
COMMAND: GET /session/04234d49f989df1d8cc66cbbd9ee498b/screenshot - {}
RESULT: {}
COMMAND: POST /session/04234d49f989df1d8cc66cbbd9ee498b/element - {"using":"xpath","value":"//input[contains(@id ,\"smartContractFilterBar-btnBasicSearch-I\")]"}
RESULT: {"using":"xpath","value":"//input[contains(@id ,\"smartContractFilterBar-btnBasicSearch-I\")]"}
COMMAND: POST /session/04234d49f989df1d8cc66cbbd9ee498b/element/f.9E73453283219C642BED86114F2A427E.d.86D1C34F969AD91CD4431F85BF74E058.e.8684/clear - {}
RESULT: {}
COMMAND: POST /session/04234d49f989df1d8cc66cbbd9ee498b/element/f.9E73453283219C642BED86114F2A427E.d.86D1C34F969AD91CD4431F85BF74E058.e.8684/value - {"text":"10491"}
COMMAND: GET /session/04234d49f989df1d8cc66cbbd9ee498b/screenshot - {}
RESULT: {"text":"10491"}
COMMAND: POST /session/04234d49f989df1d8cc66cbbd9ee498b/actions - {"actions":[{"id":"action44","type":"key","parameters":{},"actions":[{"type":"keyDown","value":"î€‡"},{"type":"pause","duration":10},{"type":"keyUp","value":"î€‡"}]}]}
COMMAND: GET /session/04234d49f989df1d8cc66cbbd9ee498b/screenshot - {}
RESULT: {}
RESULT: {"actions":[{"id":"action44","type":"key","parameters":{},"actions":[{"type":"keyDown","value":"î€‡"},{"type":"pause","duration":10},{"type":"keyUp","value":"î€‡"}]}]}
COMMAND: GET /session/04234d49f989df1d8cc66cbbd9ee498b/screenshot - {}
RESULT: {}
RESULT: {}
COMMAND: POST /session/04234d49f989df1d8cc66cbbd9ee498b/execute/async - {"script":"<script> [1562 bytes]","args":[{"selector":{"controlType":"sap.m.ObjectStatus","viewName":"etm.portal.ui.managecontracts.view.Master","bindingPath":{"path":"/SmartContractHeaders('10491')","propertyPath":"STATUS_DESCRIPTION"}},"wdio_ui5_key":"etmportal.ui.managecontracts.view.Mastersap.m.ObjectStatus{\"path\":\"/SmartContractHeaders('10491')\",\"propertyPath\":\"STATUS_DESCRIPTION\"}"}]}
RESULT: {"script":"<script> [1562 bytes]","args":[{"selector":{"controlType":"sap.m.ObjectStatus","viewName":"etm.portal.ui.managecontracts.view.Master","bindingPath":{"path":"/SmartContractHeaders('10491')","propertyPath":"STATUS_DESCRIPTION"}},"wdio_ui5_key":"etmportal.ui.managecontracts.view.Mastersap.m.ObjectStatus{\"path\":\"/SmartContractHeaders('10491')\",\"propertyPath\":\"STATUS_DESCRIPTION\"}"}]}
RESULT: undefined
COMMAND: POST /session/04234d49f989df1d8cc66cbbd9ee498b/execute/async - {"script":"<script> [6424 bytes]","args":[{"element-6066-11e4-a52e-4f735466cecf":"f.9E73453283219C642BED86114F2A427E.d.86D1C34F969AD91CD4431F85BF74E058.e.8982"},"getText",[]]}
RESULT: {"script":"<script> [6424 bytes]","args":[{"element-6066-11e4-a52e-4f735466cecf":"f.9E73453283219C642BED86114F2A427E.d.86D1C34F969AD91CD4431F85BF74E058.e.8982"},"getText",[]]}
RESULT: undefined
COMMAND: POST /session/04234d49f989df1d8cc66cbbd9ee498b/element - {"using":"xpath","value":"//*[@id=\"__item77-__clone211-imgNav\"]"}
RESULT: {"using":"xpath","value":"//*[@id=\"__item77-__clone211-imgNav\"]"}
COMMAND: POST /session/04234d49f989df1d8cc66cbbd9ee498b/element/f.9E73453283219C642BED86114F2A427E.d.86D1C34F969AD91CD4431F85BF74E058.e.8808/click - {}
RESULT: {}
COMMAND: GET /session/04234d49f989df1d8cc66cbbd9ee498b/screenshot - {}
RESULT: {}
COMMAND: POST /session/04234d49f989df1d8cc66cbbd9ee498b/execute/async - {"script":"<script> [1562 bytes]","args":[{"selector":{"controlType":"sap.m.ObjectStatus","viewName":"etm.portal.ui.managecontracts.view.Detail","bindingPath":{"path":"/SmartContractItems(CONTRACT='10491',ITEM=10m,SUB_ITEM=0m)","propertyPath":"STATUS"}},"wdio_ui5_key":"etmportal.ui.managecontracts.view.Detailsap.m.ObjectStatus{\"path\":\"/SmartContractItems(CONTRACT='10491',ITEM=10m,SUB_ITEM=0m)\",\"propertyPath\":\"STATUS\"}"}]}
RESULT: {"script":"<script> [1562 bytes]","args":[{"selector":{"controlType":"sap.m.ObjectStatus","viewName":"etm.portal.ui.managecontracts.view.Detail","bindingPath":{"path":"/SmartContractItems(CONTRACT='10491',ITEM=10m,SUB_ITEM=0m)","propertyPath":"STATUS"}},"wdio_ui5_key":"etmportal.ui.managecontracts.view.Detailsap.m.ObjectStatus{\"path\":\"/SmartContractItems(CONTRACT='10491',ITEM=10m,SUB_ITEM=0m)\",\"propertyPath\":\"STATUS\"}"}]}
RESULT: undefined
COMMAND: POST /session/04234d49f989df1d8cc66cbbd9ee498b/execute/async - {"script":"<script> [6424 bytes]","args":[{"element-6066-11e4-a52e-4f735466cecf":"f.9E73453283219C642BED86114F2A427E.d.86D1C34F969AD91CD4431F85BF74E058.e.9009"},"getText",[]]}
RESULT: {"script":"<script> [6424 bytes]","args":[{"element-6066-11e4-a52e-4f735466cecf":"f.9E73453283219C642BED86114F2A427E.d.86D1C34F969AD91CD4431F85BF74E058.e.9009"},"getText",[]]}
COMMAND: POST /session/04234d49f989df1d8cc66cbbd9ee498b/element - {"using":"css selector","value":"#shell-header-logo"}
RESULT: {"using":"css selector","value":"#shell-header-logo"}
COMMAND: POST /session/04234d49f989df1d8cc66cbbd9ee498b/element/f.9E73453283219C642BED86114F2A427E.d.86D1C34F969AD91CD4431F85BF74E058.e.8682/click - {}
RESULT: {}
COMMAND: GET /session/04234d49f989df1d8cc66cbbd9ee498b/screenshot - {}
RESULT: {}
]]></system-out>
    </testcase>
  </testsuite>
  <testsuite timestamp="2025-05-03T18:12:24" time="171.81" tests="2" failures="0" errors="0" skipped="0">
    <properties>
      <property name="specId" value="0" />
      <property name="suiteName" value="Insert service into a contract US152956" />
      <property name="capabilities" value="chrome.135_0_7049_96.windows" />
      <property name="file" value="file:///D:/a/1/s/test/specs/R2C/insert-service-into-a-contract.spec.js" />
    </properties>
    <testcase classname="chrome.135_0_7049_96.windows.Insert_service_into_a_contract_US152956" name="Should create a new contract" time="86.556">
      <system-out><![CDATA[
COMMAND: POST /session/04234d49f989df1d8cc66cbbd9ee498b/execute/async - {"script":"<script> [1562 bytes]","args":[{"selector":{"controlType":"sap.m.Text","viewName":"etm.portal.ui.managecontractstile.view.Master","properties":{"text":"Manage Contracts"},"interaction":{"idSuffix":"inner"}},"wdio_ui5_key":"etmportal.ui.managecontractstile.view.Mastersap.m.Text{\"text\":\"Manage Contracts\"}"}]}
RESULT: {"script":"<script> [1562 bytes]","args":[{"selector":{"controlType":"sap.m.Text","viewName":"etm.portal.ui.managecontractstile.view.Master","properties":{"text":"Manage Contracts"},"interaction":{"idSuffix":"inner"}},"wdio_ui5_key":"etmportal.ui.managecontractstile.view.Mastersap.m.Text{\"text\":\"Manage Contracts\"}"}]}
RESULT: undefined
COMMAND: POST /session/04234d49f989df1d8cc66cbbd9ee498b/element - {"using":"xpath","value":"//*[@id=\"__tile130-title\"]"}
RESULT: {"using":"xpath","value":"//*[@id=\"__tile130-title\"]"}
COMMAND: POST /session/04234d49f989df1d8cc66cbbd9ee498b/element/f.9E73453283219C642BED86114F2A427E.d.86D1C34F969AD91CD4431F85BF74E058.e.9013/click - {}
RESULT: {}
COMMAND: GET /session/04234d49f989df1d8cc66cbbd9ee498b/screenshot - {}
RESULT: {}
COMMAND: POST /session/04234d49f989df1d8cc66cbbd9ee498b/element - {"using":"xpath","value":"//button[@data-kt=\"addButton\"]"}
RESULT: {"using":"xpath","value":"//button[@data-kt=\"addButton\"]"}
COMMAND: POST /session/04234d49f989df1d8cc66cbbd9ee498b/element/f.9E73453283219C642BED86114F2A427E.d.86D1C34F969AD91CD4431F85BF74E058.e.9084/click - {}
RESULT: {}
COMMAND: GET /session/04234d49f989df1d8cc66cbbd9ee498b/screenshot - {}
RESULT: {}
COMMAND: POST /session/04234d49f989df1d8cc66cbbd9ee498b/execute/async - {"script":"<script> [1562 bytes]","args":[{"selector":{"id":"application-managecontracts-display-component---AddNewContract--projectDescription","interaction":{"idSuffix":"inner"}},"wdio_ui5_key":"applicationmanagecontracts-display-component---AddNewContract--projectDescription"}]}
RESULT: {"script":"<script> [1562 bytes]","args":[{"selector":{"id":"application-managecontracts-display-component---AddNewContract--projectDescription","interaction":{"idSuffix":"inner"}},"wdio_ui5_key":"applicationmanagecontracts-display-component---AddNewContract--projectDescription"}]}
RESULT: undefined
COMMAND: POST /session/04234d49f989df1d8cc66cbbd9ee498b/execute/async - {"script":"<script> [776 bytes]","args":[{"enterText":"WdIOR2cnhnxt","selector":{"id":"application-managecontracts-display-component---AddNewContract--projectDescription","interaction":{"idSuffix":"inner"}},"clearTextFirst":true,"interactionType":"ENTER_TEXT"}]}
RESULT: {"script":"<script> [776 bytes]","args":[{"enterText":"WdIOR2cnhnxt","selector":{"id":"application-managecontracts-display-component---AddNewContract--projectDescription","interaction":{"idSuffix":"inner"}},"clearTextFirst":true,"interactionType":"ENTER_TEXT"}]}
COMMAND: POST /session/04234d49f989df1d8cc66cbbd9ee498b/element - {"using":"xpath","value":"//input[@id=\"application-managecontracts-display-component---AddNewContract--yardId-inner\"]"}
RESULT: {"using":"xpath","value":"//input[@id=\"application-managecontracts-display-component---AddNewContract--yardId-inner\"]"}
COMMAND: POST /session/04234d49f989df1d8cc66cbbd9ee498b/element/f.9E73453283219C642BED86114F2A427E.d.86D1C34F969AD91CD4431F85BF74E058.e.9338/clear - {}
RESULT: {}
COMMAND: POST /session/04234d49f989df1d8cc66cbbd9ee498b/element/f.9E73453283219C642BED86114F2A427E.d.86D1C34F969AD91CD4431F85BF74E058.e.9338/value - {"text":"WebdriverYardcihmr"}
COMMAND: GET /session/04234d49f989df1d8cc66cbbd9ee498b/screenshot - {}
RESULT: {"text":"WebdriverYardcihmr"}
COMMAND: GET /session/04234d49f989df1d8cc66cbbd9ee498b/screenshot - {}
RESULT: {}
RESULT: {}
COMMAND: POST /session/04234d49f989df1d8cc66cbbd9ee498b/actions - {"actions":[{"id":"action45","type":"key","parameters":{},"actions":[{"type":"keyDown","value":"î€‡"},{"type":"pause","duration":10},{"type":"keyUp","value":"î€‡"}]}]}
RESULT: {"actions":[{"id":"action45","type":"key","parameters":{},"actions":[{"type":"keyDown","value":"î€‡"},{"type":"pause","duration":10},{"type":"keyUp","value":"î€‡"}]}]}
COMMAND: GET /session/04234d49f989df1d8cc66cbbd9ee498b/screenshot - {}
RESULT: {}
COMMAND: POST /session/04234d49f989df1d8cc66cbbd9ee498b/element - {"using":"xpath","value":"//input[@id=\"application-managecontracts-display-component---AddNewContract--customerSelect-inner\"]"}
RESULT: {"using":"xpath","value":"//input[@id=\"application-managecontracts-display-component---AddNewContract--customerSelect-inner\"]"}
COMMAND: POST /session/04234d49f989df1d8cc66cbbd9ee498b/element/f.9E73453283219C642BED86114F2A427E.d.86D1C34F969AD91CD4431F85BF74E058.e.9336/clear - {}
RESULT: {}
COMMAND: POST /session/04234d49f989df1d8cc66cbbd9ee498b/element/f.9E73453283219C642BED86114F2A427E.d.86D1C34F969AD91CD4431F85BF74E058.e.9336/value - {"text":"WebdriverPartnerh8ln8"}
COMMAND: GET /session/04234d49f989df1d8cc66cbbd9ee498b/screenshot - {}
RESULT: {"text":"WebdriverPartnerh8ln8"}
COMMAND: GET /session/04234d49f989df1d8cc66cbbd9ee498b/screenshot - {}
RESULT: {}
RESULT: {}
COMMAND: POST /session/04234d49f989df1d8cc66cbbd9ee498b/actions - {"actions":[{"id":"action46","type":"key","parameters":{},"actions":[{"type":"keyDown","value":"î€‡"},{"type":"pause","duration":10},{"type":"keyUp","value":"î€‡"}]}]}
RESULT: {"actions":[{"id":"action46","type":"key","parameters":{},"actions":[{"type":"keyDown","value":"î€‡"},{"type":"pause","duration":10},{"type":"keyUp","value":"î€‡"}]}]}
COMMAND: GET /session/04234d49f989df1d8cc66cbbd9ee498b/screenshot - {}
RESULT: {}
COMMAND: POST /session/04234d49f989df1d8cc66cbbd9ee498b/element - {"using":"xpath","value":"//input[@id=\"application-managecontracts-display-component---AddNewContract--site-inner\"]"}
RESULT: {"using":"xpath","value":"//input[@id=\"application-managecontracts-display-component---AddNewContract--site-inner\"]"}
COMMAND: POST /session/04234d49f989df1d8cc66cbbd9ee498b/element/f.9E73453283219C642BED86114F2A427E.d.86D1C34F969AD91CD4431F85BF74E058.e.9337/clear - {}
RESULT: {}
COMMAND: POST /session/04234d49f989df1d8cc66cbbd9ee498b/element/f.9E73453283219C642BED86114F2A427E.d.86D1C34F969AD91CD4431F85BF74E058.e.9337/value - {"text":"WebdriverSitewixt7"}
COMMAND: GET /session/04234d49f989df1d8cc66cbbd9ee498b/screenshot - {}
RESULT: {"text":"WebdriverSitewixt7"}
COMMAND: GET /session/04234d49f989df1d8cc66cbbd9ee498b/screenshot - {}
RESULT: {}
RESULT: {}
COMMAND: POST /session/04234d49f989df1d8cc66cbbd9ee498b/actions - {"actions":[{"id":"action47","type":"key","parameters":{},"actions":[{"type":"keyDown","value":"î€‡"},{"type":"pause","duration":10},{"type":"keyUp","value":"î€‡"}]}]}
RESULT: {"actions":[{"id":"action47","type":"key","parameters":{},"actions":[{"type":"keyDown","value":"î€‡"},{"type":"pause","duration":10},{"type":"keyUp","value":"î€‡"}]}]}
COMMAND: GET /session/04234d49f989df1d8cc66cbbd9ee498b/screenshot - {}
RESULT: {}
COMMAND: POST /session/04234d49f989df1d8cc66cbbd9ee498b/element - {"using":"xpath","value":"//button[@data-kt=\"saveButton\"]"}
RESULT: {"using":"xpath","value":"//button[@data-kt=\"saveButton\"]"}
COMMAND: POST /session/04234d49f989df1d8cc66cbbd9ee498b/element/f.9E73453283219C642BED86114F2A427E.d.86D1C34F969AD91CD4431F85BF74E058.e.9351/click - {}
RESULT: {}
COMMAND: GET /session/04234d49f989df1d8cc66cbbd9ee498b/screenshot - {}
RESULT: {}
COMMAND: POST /session/04234d49f989df1d8cc66cbbd9ee498b/execute/async - {"script":"<script> [1562 bytes]","args":[{"selector":{"id":"contractDetailTitleNoExpanded","viewName":"etm.portal.ui.managecontracts.view.Detail"},"wdio_ui5_key":"contractDetailTitleNoExpandedetmportal.ui.managecontracts.view.Detail"}]}
RESULT: {"script":"<script> [1562 bytes]","args":[{"selector":{"id":"contractDetailTitleNoExpanded","viewName":"etm.portal.ui.managecontracts.view.Detail"},"wdio_ui5_key":"contractDetailTitleNoExpandedetmportal.ui.managecontracts.view.Detail"}]}
RESULT: undefined
COMMAND: POST /session/04234d49f989df1d8cc66cbbd9ee498b/execute/async - {"script":"<script> [6424 bytes]","args":[{"element-6066-11e4-a52e-4f735466cecf":"f.9E73453283219C642BED86114F2A427E.d.86D1C34F969AD91CD4431F85BF74E058.e.9435"},"getText",[]]}
RESULT: {"script":"<script> [6424 bytes]","args":[{"element-6066-11e4-a52e-4f735466cecf":"f.9E73453283219C642BED86114F2A427E.d.86D1C34F969AD91CD4431F85BF74E058.e.9435"},"getText",[]]}
]]></system-out>
    </testcase>
    <testcase classname="chrome.135_0_7049_96.windows.Insert_service_into_a_contract_US152956" name="Should add a service unit and a service group to the contract" time="81.123">
      <system-out><![CDATA[
COMMAND: POST /session/04234d49f989df1d8cc66cbbd9ee498b/element - {"using":"xpath","value":"//button[@data-kt=\"contractDetailEditBtnButton\"]"}
RESULT: {"using":"xpath","value":"//button[@data-kt=\"contractDetailEditBtnButton\"]"}
COMMAND: POST /session/04234d49f989df1d8cc66cbbd9ee498b/execute/sync - {"script":"<script> [8489 bytes]","args":[{"element-6066-11e4-a52e-4f735466cecf":"f.9E73453283219C642BED86114F2A427E.d.86D1C34F969AD91CD4431F85BF74E058.e.9436","ELEMENT":"f.9E73453283219C642BED86114F2A427E.d.86D1C34F969AD91CD4431F85BF74E058.e.9436"}]}
RESULT: {"script":"<script> [8489 bytes]","args":[{"element-6066-11e4-a52e-4f735466cecf":"f.9E73453283219C642BED86114F2A427E.d.86D1C34F969AD91CD4431F85BF74E058.e.9436","ELEMENT":"f.9E73453283219C642BED86114F2A427E.d.86D1C34F969AD91CD4431F85BF74E058.e.9436"}]}
COMMAND: POST /session/04234d49f989df1d8cc66cbbd9ee498b/execute/sync - {"script":"<script> [8489 bytes]","args":[{"element-6066-11e4-a52e-4f735466cecf":"f.9E73453283219C642BED86114F2A427E.d.86D1C34F969AD91CD4431F85BF74E058.e.9436","ELEMENT":"f.9E73453283219C642BED86114F2A427E.d.86D1C34F969AD91CD4431F85BF74E058.e.9436"}]}
COMMAND: GET /session/04234d49f989df1d8cc66cbbd9ee498b/screenshot - {}
RESULT: {"script":"<script> [8489 bytes]","args":[{"element-6066-11e4-a52e-4f735466cecf":"f.9E73453283219C642BED86114F2A427E.d.86D1C34F969AD91CD4431F85BF74E058.e.9436","ELEMENT":"f.9E73453283219C642BED86114F2A427E.d.86D1C34F969AD91CD4431F85BF74E058.e.9436"}]}
COMMAND: POST /session/04234d49f989df1d8cc66cbbd9ee498b/execute/sync - {"script":"<script> [5351 bytes]","args":[{"element-6066-11e4-a52e-4f735466cecf":"f.9E73453283219C642BED86114F2A427E.d.86D1C34F969AD91CD4431F85BF74E058.e.9436","ELEMENT":"f.9E73453283219C642BED86114F2A427E.d.86D1C34F969AD91CD4431F85BF74E058.e.9436"}]}
COMMAND: GET /session/04234d49f989df1d8cc66cbbd9ee498b/screenshot - {}
RESULT: {}
RESULT: {"script":"<script> [5351 bytes]","args":[{"element-6066-11e4-a52e-4f735466cecf":"f.9E73453283219C642BED86114F2A427E.d.86D1C34F969AD91CD4431F85BF74E058.e.9436","ELEMENT":"f.9E73453283219C642BED86114F2A427E.d.86D1C34F969AD91CD4431F85BF74E058.e.9436"}]}
COMMAND: POST /session/04234d49f989df1d8cc66cbbd9ee498b/element/f.9E73453283219C642BED86114F2A427E.d.86D1C34F969AD91CD4431F85BF74E058.e.9436/click - {}
COMMAND: GET /session/04234d49f989df1d8cc66cbbd9ee498b/screenshot - {}
RESULT: {}
RESULT: {}
COMMAND: GET /session/04234d49f989df1d8cc66cbbd9ee498b/screenshot - {}
RESULT: {}
RESULT: {}
COMMAND: POST /session/04234d49f989df1d8cc66cbbd9ee498b/element - {"using":"xpath","value":"(//span[contains(text(), \"Additional Addresses\")])[2]"}
RESULT: {"using":"xpath","value":"(//span[contains(text(), \"Additional Addresses\")])[2]"}
COMMAND: POST /session/04234d49f989df1d8cc66cbbd9ee498b/element/f.9E73453283219C642BED86114F2A427E.d.86D1C34F969AD91CD4431F85BF74E058.e.9493/click - {}
RESULT: {}
COMMAND: GET /session/04234d49f989df1d8cc66cbbd9ee498b/screenshot - {}
RESULT: {}
COMMAND: POST /session/04234d49f989df1d8cc66cbbd9ee498b/element - {"using":"xpath","value":"//button[@data-kt=\"btnAddTableRowOverflowToolbarButton\"]"}
RESULT: {"using":"xpath","value":"//button[@data-kt=\"btnAddTableRowOverflowToolbarButton\"]"}
COMMAND: POST /session/04234d49f989df1d8cc66cbbd9ee498b/element/f.9E73453283219C642BED86114F2A427E.d.86D1C34F969AD91CD4431F85BF74E058.e.9495/click - {}
RESULT: {}
COMMAND: GET /session/04234d49f989df1d8cc66cbbd9ee498b/screenshot - {}
RESULT: {}
COMMAND: POST /session/04234d49f989df1d8cc66cbbd9ee498b/element - {"using":"xpath","value":"//div[(text() = 'Standard Entry' or . = 'Standard Entry')]"}
RESULT: {"using":"xpath","value":"//div[(text() = 'Standard Entry' or . = 'Standard Entry')]"}
COMMAND: POST /session/04234d49f989df1d8cc66cbbd9ee498b/element/f.9E73453283219C642BED86114F2A427E.d.86D1C34F969AD91CD4431F85BF74E058.e.9497/click - {}
RESULT: {}
COMMAND: POST /session/04234d49f989df1d8cc66cbbd9ee498b/element - {"using":"xpath","value":"//button[@data-kt=\"btnAddTableRowOverflowToolbarButton\"]"}
COMMAND: GET /session/04234d49f989df1d8cc66cbbd9ee498b/screenshot - {}
RESULT: {"using":"xpath","value":"//button[@data-kt=\"btnAddTableRowOverflowToolbarButton\"]"}
COMMAND: POST /session/04234d49f989df1d8cc66cbbd9ee498b/element/f.9E73453283219C642BED86114F2A427E.d.86D1C34F969AD91CD4431F85BF74E058.e.9495/click - {}
RESULT: {}
RESULT: {}
COMMAND: GET /session/04234d49f989df1d8cc66cbbd9ee498b/screenshot - {}
RESULT: {}
COMMAND: POST /session/04234d49f989df1d8cc66cbbd9ee498b/element - {"using":"xpath","value":"//div[(text() = 'Standard Entry' or . = 'Standard Entry')]"}
RESULT: {"using":"xpath","value":"//div[(text() = 'Standard Entry' or . = 'Standard Entry')]"}
COMMAND: POST /session/04234d49f989df1d8cc66cbbd9ee498b/element/f.9E73453283219C642BED86114F2A427E.d.86D1C34F969AD91CD4431F85BF74E058.e.9509/click - {}
RESULT: {}
COMMAND: POST /session/04234d49f989df1d8cc66cbbd9ee498b/element - {"using":"xpath","value":"(//td[6]/div/div/input)[1]"}
COMMAND: GET /session/04234d49f989df1d8cc66cbbd9ee498b/screenshot - {}
RESULT: {"using":"xpath","value":"(//td[6]/div/div/input)[1]"}
COMMAND: POST /session/04234d49f989df1d8cc66cbbd9ee498b/element/f.9E73453283219C642BED86114F2A427E.d.86D1C34F969AD91CD4431F85BF74E058.e.9511/click - {}
RESULT: {}
RESULT: {}
COMMAND: POST /session/04234d49f989df1d8cc66cbbd9ee498b/actions - {"actions":[{"id":"action48","type":"key","parameters":{},"actions":[{"type":"keyDown","value":"î€ƒ"},{"type":"pause","duration":10},{"type":"keyUp","value":"î€ƒ"}]}]}
COMMAND: GET /session/04234d49f989df1d8cc66cbbd9ee498b/screenshot - {}
RESULT: {"actions":[{"id":"action48","type":"key","parameters":{},"actions":[{"type":"keyDown","value":"î€ƒ"},{"type":"pause","duration":10},{"type":"keyUp","value":"î€ƒ"}]}]}
COMMAND: POST /session/04234d49f989df1d8cc66cbbd9ee498b/element - {"using":"xpath","value":"(//td[6]/div/div/input)[1]"}
COMMAND: GET /session/04234d49f989df1d8cc66cbbd9ee498b/screenshot - {}
RESULT: {}
RESULT: {"using":"xpath","value":"(//td[6]/div/div/input)[1]"}
COMMAND: POST /session/04234d49f989df1d8cc66cbbd9ee498b/element/f.9E73453283219C642BED86114F2A427E.d.86D1C34F969AD91CD4431F85BF74E058.e.9511/clear - {}
RESULT: {}
RESULT: {}
COMMAND: POST /session/04234d49f989df1d8cc66cbbd9ee498b/element/f.9E73453283219C642BED86114F2A427E.d.86D1C34F969AD91CD4431F85BF74E058.e.9511/value - {"text":"Service Unit"}
COMMAND: GET /session/04234d49f989df1d8cc66cbbd9ee498b/screenshot - {}
RESULT: {"text":"Service Unit"}
COMMAND: GET /session/04234d49f989df1d8cc66cbbd9ee498b/screenshot - {}
RESULT: {}
RESULT: {}
COMMAND: POST /session/04234d49f989df1d8cc66cbbd9ee498b/actions - {"actions":[{"id":"action49","type":"key","parameters":{},"actions":[{"type":"keyDown","value":"î€‡"},{"type":"pause","duration":10},{"type":"keyUp","value":"î€‡"}]}]}
RESULT: {"actions":[{"id":"action49","type":"key","parameters":{},"actions":[{"type":"keyDown","value":"î€‡"},{"type":"pause","duration":10},{"type":"keyUp","value":"î€‡"}]}]}
COMMAND: GET /session/04234d49f989df1d8cc66cbbd9ee498b/screenshot - {}
RESULT: {}
COMMAND: POST /session/04234d49f989df1d8cc66cbbd9ee498b/actions - {"actions":[{"id":"action50","type":"key","parameters":{},"actions":[{"type":"keyDown","value":"î€‡"},{"type":"pause","duration":10},{"type":"keyUp","value":"î€‡"}]}]}
RESULT: {"actions":[{"id":"action50","type":"key","parameters":{},"actions":[{"type":"keyDown","value":"î€‡"},{"type":"pause","duration":10},{"type":"keyUp","value":"î€‡"}]}]}
COMMAND: POST /session/04234d49f989df1d8cc66cbbd9ee498b/element - {"using":"xpath","value":"(//td[7]/div/div/input)[1]"}
COMMAND: GET /session/04234d49f989df1d8cc66cbbd9ee498b/screenshot - {}
RESULT: {"using":"xpath","value":"(//td[7]/div/div/input)[1]"}
COMMAND: POST /session/04234d49f989df1d8cc66cbbd9ee498b/element/f.9E73453283219C642BED86114F2A427E.d.86D1C34F969AD91CD4431F85BF74E058.e.9527/clear - {}
RESULT: {}
RESULT: {}
COMMAND: POST /session/04234d49f989df1d8cc66cbbd9ee498b/element/f.9E73453283219C642BED86114F2A427E.d.86D1C34F969AD91CD4431F85BF74E058.e.9527/value - {"text":"1000001"}
COMMAND: GET /session/04234d49f989df1d8cc66cbbd9ee498b/screenshot - {}
RESULT: {"text":"1000001"}
COMMAND: GET /session/04234d49f989df1d8cc66cbbd9ee498b/screenshot - {}
RESULT: {}
RESULT: {}
COMMAND: POST /session/04234d49f989df1d8cc66cbbd9ee498b/actions - {"actions":[{"id":"action51","type":"key","parameters":{},"actions":[{"type":"keyDown","value":"î€‡"},{"type":"pause","duration":10},{"type":"keyUp","value":"î€‡"}]}]}
RESULT: {"actions":[{"id":"action51","type":"key","parameters":{},"actions":[{"type":"keyDown","value":"î€‡"},{"type":"pause","duration":10},{"type":"keyUp","value":"î€‡"}]}]}
COMMAND: GET /session/04234d49f989df1d8cc66cbbd9ee498b/screenshot - {}
RESULT: {}
COMMAND: POST /session/04234d49f989df1d8cc66cbbd9ee498b/actions - {"actions":[{"id":"action52","type":"key","parameters":{},"actions":[{"type":"keyDown","value":"î€‡"},{"type":"pause","duration":10},{"type":"keyUp","value":"î€‡"}]}]}
RESULT: {"actions":[{"id":"action52","type":"key","parameters":{},"actions":[{"type":"keyDown","value":"î€‡"},{"type":"pause","duration":10},{"type":"keyUp","value":"î€‡"}]}]}
COMMAND: GET /session/04234d49f989df1d8cc66cbbd9ee498b/screenshot - {}
RESULT: {}
COMMAND: POST /session/04234d49f989df1d8cc66cbbd9ee498b/element - {"using":"xpath","value":"(//td[6]/div/div/input)[2]"}
RESULT: {"using":"xpath","value":"(//td[6]/div/div/input)[2]"}
COMMAND: POST /session/04234d49f989df1d8cc66cbbd9ee498b/element/f.9E73453283219C642BED86114F2A427E.d.86D1C34F969AD91CD4431F85BF74E058.e.9499/click - {}
RESULT: {}
COMMAND: POST /session/04234d49f989df1d8cc66cbbd9ee498b/actions - {"actions":[{"id":"action53","type":"key","parameters":{},"actions":[{"type":"keyDown","value":"î€ƒ"},{"type":"pause","duration":10},{"type":"keyUp","value":"î€ƒ"}]}]}
COMMAND: GET /session/04234d49f989df1d8cc66cbbd9ee498b/screenshot - {}
RESULT: {"actions":[{"id":"action53","type":"key","parameters":{},"actions":[{"type":"keyDown","value":"î€ƒ"},{"type":"pause","duration":10},{"type":"keyUp","value":"î€ƒ"}]}]}
COMMAND: POST /session/04234d49f989df1d8cc66cbbd9ee498b/element - {"using":"xpath","value":"(//td[6]/div/div/input)[2]"}
COMMAND: GET /session/04234d49f989df1d8cc66cbbd9ee498b/screenshot - {}
RESULT: {}
RESULT: {"using":"xpath","value":"(//td[6]/div/div/input)[2]"}
COMMAND: POST /session/04234d49f989df1d8cc66cbbd9ee498b/element/f.9E73453283219C642BED86114F2A427E.d.86D1C34F969AD91CD4431F85BF74E058.e.9499/clear - {}
RESULT: {}
RESULT: {}
COMMAND: POST /session/04234d49f989df1d8cc66cbbd9ee498b/element/f.9E73453283219C642BED86114F2A427E.d.86D1C34F969AD91CD4431F85BF74E058.e.9499/value - {"text":"Service Unit Group"}
COMMAND: GET /session/04234d49f989df1d8cc66cbbd9ee498b/screenshot - {}
RESULT: {"text":"Service Unit Group"}
COMMAND: GET /session/04234d49f989df1d8cc66cbbd9ee498b/screenshot - {}
RESULT: {}
RESULT: {}
COMMAND: POST /session/04234d49f989df1d8cc66cbbd9ee498b/actions - {"actions":[{"id":"action54","type":"key","parameters":{},"actions":[{"type":"keyDown","value":"î€‡"},{"type":"pause","duration":10},{"type":"keyUp","value":"î€‡"}]}]}
RESULT: {"actions":[{"id":"action54","type":"key","parameters":{},"actions":[{"type":"keyDown","value":"î€‡"},{"type":"pause","duration":10},{"type":"keyUp","value":"î€‡"}]}]}
COMMAND: GET /session/04234d49f989df1d8cc66cbbd9ee498b/screenshot - {}
RESULT: {}
COMMAND: POST /session/04234d49f989df1d8cc66cbbd9ee498b/actions - {"actions":[{"id":"action55","type":"key","parameters":{},"actions":[{"type":"keyDown","value":"î€‡"},{"type":"pause","duration":10},{"type":"keyUp","value":"î€‡"}]}]}
RESULT: {"actions":[{"id":"action55","type":"key","parameters":{},"actions":[{"type":"keyDown","value":"î€‡"},{"type":"pause","duration":10},{"type":"keyUp","value":"î€‡"}]}]}
COMMAND: POST /session/04234d49f989df1d8cc66cbbd9ee498b/element - {"using":"xpath","value":"(//td[7]/div/div/input)[2]"}
COMMAND: GET /session/04234d49f989df1d8cc66cbbd9ee498b/screenshot - {}
RESULT: {"using":"xpath","value":"(//td[7]/div/div/input)[2]"}
COMMAND: POST /session/04234d49f989df1d8cc66cbbd9ee498b/element/f.9E73453283219C642BED86114F2A427E.d.86D1C34F969AD91CD4431F85BF74E058.e.9556/clear - {}
RESULT: {}
RESULT: {}
COMMAND: POST /session/04234d49f989df1d8cc66cbbd9ee498b/element/f.9E73453283219C642BED86114F2A427E.d.86D1C34F969AD91CD4431F85BF74E058.e.9556/value - {"text":"1100001"}
COMMAND: GET /session/04234d49f989df1d8cc66cbbd9ee498b/screenshot - {}
RESULT: {"text":"1100001"}
COMMAND: GET /session/04234d49f989df1d8cc66cbbd9ee498b/screenshot - {}
RESULT: {}
RESULT: {}
COMMAND: POST /session/04234d49f989df1d8cc66cbbd9ee498b/actions - {"actions":[{"id":"action56","type":"key","parameters":{},"actions":[{"type":"keyDown","value":"î€‡"},{"type":"pause","duration":10},{"type":"keyUp","value":"î€‡"}]}]}
RESULT: {"actions":[{"id":"action56","type":"key","parameters":{},"actions":[{"type":"keyDown","value":"î€‡"},{"type":"pause","duration":10},{"type":"keyUp","value":"î€‡"}]}]}
COMMAND: GET /session/04234d49f989df1d8cc66cbbd9ee498b/screenshot - {}
RESULT: {}
COMMAND: POST /session/04234d49f989df1d8cc66cbbd9ee498b/actions - {"actions":[{"id":"action57","type":"key","parameters":{},"actions":[{"type":"keyDown","value":"î€‡"},{"type":"pause","duration":10},{"type":"keyUp","value":"î€‡"}]}]}
RESULT: {"actions":[{"id":"action57","type":"key","parameters":{},"actions":[{"type":"keyDown","value":"î€‡"},{"type":"pause","duration":10},{"type":"keyUp","value":"î€‡"}]}]}
COMMAND: GET /session/04234d49f989df1d8cc66cbbd9ee498b/screenshot - {}
RESULT: {}
COMMAND: POST /session/04234d49f989df1d8cc66cbbd9ee498b/element - {"using":"xpath","value":"(//button[@data-kt=\"saveButton\"])[2]"}
RESULT: {"using":"xpath","value":"(//button[@data-kt=\"saveButton\"])[2]"}
COMMAND: POST /session/04234d49f989df1d8cc66cbbd9ee498b/element/f.9E73453283219C642BED86114F2A427E.d.86D1C34F969AD91CD4431F85BF74E058.e.9580/click - {}
RESULT: {}
COMMAND: GET /session/04234d49f989df1d8cc66cbbd9ee498b/screenshot - {}
RESULT: {}
COMMAND: POST /session/04234d49f989df1d8cc66cbbd9ee498b/element - {"using":"xpath","value":"(//span[contains(text(), \"Additional Addresses\")])[1]"}
RESULT: {"using":"xpath","value":"(//span[contains(text(), \"Additional Addresses\")])[1]"}
COMMAND: POST /session/04234d49f989df1d8cc66cbbd9ee498b/element/f.9E73453283219C642BED86114F2A427E.d.86D1C34F969AD91CD4431F85BF74E058.e.9583/click - {}
RESULT: {}
COMMAND: GET /session/04234d49f989df1d8cc66cbbd9ee498b/screenshot - {}
RESULT: {}
COMMAND: POST /session/04234d49f989df1d8cc66cbbd9ee498b/execute/async - {"script":"<script> [1562 bytes]","args":[{"selector":{"controlType":"sap.m.Title","viewName":"etm.portal.ui.managecontracts.view.Detail","properties":{"text":"Contract Items (2)"}},"wdio_ui5_key":"etmportal.ui.managecontracts.view.Detailsap.m.Title{\"text\":\"Contract Items (2)\"}"}]}
RESULT: {"script":"<script> [1562 bytes]","args":[{"selector":{"controlType":"sap.m.Title","viewName":"etm.portal.ui.managecontracts.view.Detail","properties":{"text":"Contract Items (2)"}},"wdio_ui5_key":"etmportal.ui.managecontracts.view.Detailsap.m.Title{\"text\":\"Contract Items (2)\"}"}]}
RESULT: undefined
COMMAND: POST /session/04234d49f989df1d8cc66cbbd9ee498b/execute/async - {"script":"<script> [6424 bytes]","args":[{"element-6066-11e4-a52e-4f735466cecf":"f.9E73453283219C642BED86114F2A427E.d.86D1C34F969AD91CD4431F85BF74E058.e.9587"},"getText",[]]}
RESULT: {"script":"<script> [6424 bytes]","args":[{"element-6066-11e4-a52e-4f735466cecf":"f.9E73453283219C642BED86114F2A427E.d.86D1C34F969AD91CD4431F85BF74E058.e.9587"},"getText",[]]}
COMMAND: POST /session/04234d49f989df1d8cc66cbbd9ee498b/element - {"using":"xpath","value":"(//span[contains(@class ,\"sapMObjStatusText\")])[1]"}
RESULT: {"using":"xpath","value":"(//span[contains(@class ,\"sapMObjStatusText\")])[1]"}
COMMAND: GET /session/04234d49f989df1d8cc66cbbd9ee498b/element/f.9E73453283219C642BED86114F2A427E.d.86D1C34F969AD91CD4431F85BF74E058.e.9588/text - {}
RESULT: {}
COMMAND: POST /session/04234d49f989df1d8cc66cbbd9ee498b/element - {"using":"xpath","value":"(//span[contains(@class ,\"sapMObjStatusText\")])[4]"}
RESULT: {"using":"xpath","value":"(//span[contains(@class ,\"sapMObjStatusText\")])[4]"}
COMMAND: GET /session/04234d49f989df1d8cc66cbbd9ee498b/element/f.9E73453283219C642BED86114F2A427E.d.86D1C34F969AD91CD4431F85BF74E058.e.9589/text - {}
RESULT: {}
COMMAND: POST /session/04234d49f989df1d8cc66cbbd9ee498b/element - {"using":"css selector","value":"#shell-header-logo"}
RESULT: {"using":"css selector","value":"#shell-header-logo"}
COMMAND: POST /session/04234d49f989df1d8cc66cbbd9ee498b/element/f.9E73453283219C642BED86114F2A427E.d.86D1C34F969AD91CD4431F85BF74E058.e.9016/click - {}
RESULT: {}
COMMAND: GET /session/04234d49f989df1d8cc66cbbd9ee498b/screenshot - {}
RESULT: {}
]]></system-out>
    </testcase>
  </testsuite>
  <testsuite timestamp="2025-05-03T18:15:16" time="185.372" tests="2" failures="0" errors="0" skipped="0">
    <properties>
      <property name="specId" value="0" />
      <property name="suiteName" value="Reduced contract US151275" />
      <property name="capabilities" value="chrome.135_0_7049_96.windows" />
      <property name="file" value="file:///D:/a/1/s/test/specs/R2C/reduced-contract-creation.spec.js" />
    </properties>
    <testcase classname="chrome.135_0_7049_96.windows.Reduced_contract_US151275" name="Should create a new reduced contract" time="130.731">
      <system-out><![CDATA[
RESULT: undefined
COMMAND: POST /session/04234d49f989df1d8cc66cbbd9ee498b/element - {"using":"xpath","value":"//*[@id=\"__tile130\"]"}
RESULT: {"using":"xpath","value":"//*[@id=\"__tile130\"]"}
COMMAND: POST /session/04234d49f989df1d8cc66cbbd9ee498b/element/f.9E73453283219C642BED86114F2A427E.d.86D1C34F969AD91CD4431F85BF74E058.e.8677/click - {}
RESULT: {}
COMMAND: GET /session/04234d49f989df1d8cc66cbbd9ee498b/screenshot - {}
RESULT: {}
COMMAND: POST /session/04234d49f989df1d8cc66cbbd9ee498b/element - {"using":"xpath","value":"//button[@data-kt=\"addButton\"]"}
RESULT: {"using":"xpath","value":"//button[@data-kt=\"addButton\"]"}
COMMAND: POST /session/04234d49f989df1d8cc66cbbd9ee498b/element/f.9E73453283219C642BED86114F2A427E.d.86D1C34F969AD91CD4431F85BF74E058.e.9661/click - {}
RESULT: {}
COMMAND: GET /session/04234d49f989df1d8cc66cbbd9ee498b/screenshot - {}
COMMAND: POST /session/04234d49f989df1d8cc66cbbd9ee498b/refresh - {}
RESULT: {}
RESULT: {}
COMMAND: GET /session/04234d49f989df1d8cc66cbbd9ee498b/screenshot - {}
RESULT: {}
COMMAND: POST /session/04234d49f989df1d8cc66cbbd9ee498b/execute/async - {"script":"<script> [189 bytes]","args":[]}
RESULT: {"script":"<script> [189 bytes]","args":[]}
COMMAND: POST /session/04234d49f989df1d8cc66cbbd9ee498b/execute/async - {"script":"<script> [123 bytes]","args":[]}
RESULT: {"script":"<script> [123 bytes]","args":[]}
COMMAND: POST /session/04234d49f989df1d8cc66cbbd9ee498b/timeouts - {"script":"<number>"}
RESULT: {"script":"<number>"}
COMMAND: GET /session/04234d49f989df1d8cc66cbbd9ee498b/timeouts - {}
RESULT: {}
RESULT: undefined
COMMAND: POST /session/04234d49f989df1d8cc66cbbd9ee498b/execute/async - {"script":"<script> [2676 bytes]","args":[]}
RESULT: {"script":"<script> [2676 bytes]","args":[]}
COMMAND: POST /session/04234d49f989df1d8cc66cbbd9ee498b/execute/async - {"script":"<script> [2342 bytes]","args":[{"protocol":"http","hostname":"0.0.0.0","path":"/","capabilities":{"browserName":"chrome","goog:chromeOptions":{"binary":"C:\\Program Files\\Google\\Chrome\\Application\\chrome.exe","args":["--start-maximized"]}},"logLevel":"warn","connectionRetryTimeout":120000,"connectionRetryCount":3,"logLevels":{},"enableDirectConnect":true,"strictSSL":true,"_":"65 more keys: [\"cacheDir\",\"port\",\"requestedCapabilities\",\"automationProtocol\",\"baseUrl\",\"waitforInterval\",\"waitforTimeout\",\"onReload\",\"beforeCommand\",\"afterCommand\",\"rootDir\",\"specs\",\"suites\",\"exclude\",\"groupLogsByTestSpec\",\"excludeDriverLogs\",\"bail\",\"framework\",\"reporters\",\"services\",\"maxInstances\",\"maxInstancesPerCapability\",\"injectGlobals\",\"filesToWatch\",\"execArgv\",\"runnerEnv\",\"runner\",\"shard\",\"specFileRetries\",\"specFileRetriesDelay\",\"specFileRetriesDeferred\",\"reporterSyncInterval\",\"reporterSyncTimeout\",\"cucumberFeaturesWithLineNumbers\",\"autoCompileOpts\",\"mochaOpts\",\"jasmineOpts\",\"cucumberOpts\",\"onPrepare\",\"onWorkerStart\",\"onWorkerEnd\",\"before\",\"beforeSession\",\"beforeSuite\",\"beforeHook\",\"beforeTest\",\"afterTest\",\"afterHook\",\"afterSuite\",\"afterSession\",\"after\",\"onComplete\",\"beforeAssertion\",\"afterAssertion\",\"beforeFeature\",\"beforeScenario\",\"beforeStep\",\"afterStep\",\"afterScenario\",\"afterFeature\",\"_\",\"suite\",\"$0\",\"ignoredWorkerServices\",\"wdi5\"]"}]}
RESULT: {"script":"<script> [2342 bytes]","args":[{"protocol":"http","hostname":"0.0.0.0","path":"/","capabilities":{"browserName":"chrome","goog:chromeOptions":{"binary":"C:\\Program Files\\Google\\Chrome\\Application\\chrome.exe","args":["--start-maximized"]}},"logLevel":"warn","connectionRetryTimeout":120000,"connectionRetryCount":3,"logLevels":{},"enableDirectConnect":true,"strictSSL":true,"_":"65 more keys: [\"cacheDir\",\"port\",\"requestedCapabilities\",\"automationProtocol\",\"baseUrl\",\"waitforInterval\",\"waitforTimeout\",\"onReload\",\"beforeCommand\",\"afterCommand\",\"rootDir\",\"specs\",\"suites\",\"exclude\",\"groupLogsByTestSpec\",\"excludeDriverLogs\",\"bail\",\"framework\",\"reporters\",\"services\",\"maxInstances\",\"maxInstancesPerCapability\",\"injectGlobals\",\"filesToWatch\",\"execArgv\",\"runnerEnv\",\"runner\",\"shard\",\"specFileRetries\",\"specFileRetriesDelay\",\"specFileRetriesDeferred\",\"reporterSyncInterval\",\"reporterSyncTimeout\",\"cucumberFeaturesWithLineNumbers\",\"autoCompileOpts\",\"mochaOpts\",\"jasmineOpts\",\"cucumberOpts\",\"onPrepare\",\"onWorkerStart\",\"onWorkerEnd\",\"before\",\"beforeSession\",\"beforeSuite\",\"beforeHook\",\"beforeTest\",\"afterTest\",\"afterHook\",\"afterSuite\",\"afterSession\",\"after\",\"onComplete\",\"beforeAssertion\",\"afterAssertion\",\"beforeFeature\",\"beforeScenario\",\"beforeStep\",\"afterStep\",\"afterScenario\",\"afterFeature\",\"_\",\"suite\",\"$0\",\"ignoredWorkerServices\",\"wdi5\"]"}]}
COMMAND: POST /session/04234d49f989df1d8cc66cbbd9ee498b/execute/async - {"script":"<script> [21126 bytes]","args":[35000]}
RESULT: {"script":"<script> [21126 bytes]","args":[35000]}
COMMAND: POST /session/04234d49f989df1d8cc66cbbd9ee498b/execute/async - {"script":"<script> [1562 bytes]","args":[{"selector":{"id":"application-managecontracts-display-component---AddNewContract--contractType","interaction":{"idSuffix":"arrow"}},"wdio_ui5_key":"applicationmanagecontracts-display-component---AddNewContract--contractType"}]}
RESULT: {"script":"<script> [1562 bytes]","args":[{"selector":{"id":"application-managecontracts-display-component---AddNewContract--contractType","interaction":{"idSuffix":"arrow"}},"wdio_ui5_key":"applicationmanagecontracts-display-component---AddNewContract--contractType"}]}
RESULT: undefined
COMMAND: POST /session/04234d49f989df1d8cc66cbbd9ee498b/element - {"using":"xpath","value":"//*[@id=\"application-managecontracts-display-component---AddNewContract--contractType\"]"}
RESULT: {"using":"xpath","value":"//*[@id=\"application-managecontracts-display-component---AddNewContract--contractType\"]"}
COMMAND: POST /session/04234d49f989df1d8cc66cbbd9ee498b/element/f.9E73453283219C642BED86114F2A427E.d.E4B8183557625953ACE33B1006E63C13.e.10095/click - {}
RESULT: {}
COMMAND: GET /session/04234d49f989df1d8cc66cbbd9ee498b/screenshot - {}
RESULT: {}
COMMAND: POST /session/04234d49f989df1d8cc66cbbd9ee498b/execute/async - {"script":"<script> [1562 bytes]","args":[{"selector":{"controlType":"sap.ui.core.Item","viewName":"etm.portal.ui.managecontracts.view.AddNewContract","viewId":"application-managecontracts-display-component---AddNewContract","bindingPath":{"path":"/ContractTypes('02')","propertyPath":"ID","modelName":"catalogModel"},"searchOpenDialogs":true},"wdio_ui5_key":"etmportal.ui.managecontracts.view.AddNewContractsap.ui.core.Item{\"path\":\"/ContractTypes('02')\",\"propertyPath\":\"ID\",\"modelName\":\"catalogModel\"}"}]}
RESULT: {"script":"<script> [1562 bytes]","args":[{"selector":{"controlType":"sap.ui.core.Item","viewName":"etm.portal.ui.managecontracts.view.AddNewContract","viewId":"application-managecontracts-display-component---AddNewContract","bindingPath":{"path":"/ContractTypes('02')","propertyPath":"ID","modelName":"catalogModel"},"searchOpenDialogs":true},"wdio_ui5_key":"etmportal.ui.managecontracts.view.AddNewContractsap.ui.core.Item{\"path\":\"/ContractTypes('02')\",\"propertyPath\":\"ID\",\"modelName\":\"catalogModel\"}"}]}
RESULT: undefined
COMMAND: POST /session/04234d49f989df1d8cc66cbbd9ee498b/element - {"using":"xpath","value":"//*[@id=\"__item45-application-managecontracts-display-component---AddNewContract--contractType-1\"]"}
RESULT: {"using":"xpath","value":"//*[@id=\"__item45-application-managecontracts-display-component---AddNewContract--contractType-1\"]"}
COMMAND: POST /session/04234d49f989df1d8cc66cbbd9ee498b/element/f.9E73453283219C642BED86114F2A427E.d.E4B8183557625953ACE33B1006E63C13.e.10096/click - {}
RESULT: {}
COMMAND: GET /session/04234d49f989df1d8cc66cbbd9ee498b/screenshot - {}
RESULT: {}
COMMAND: POST /session/04234d49f989df1d8cc66cbbd9ee498b/execute/async - {"script":"<script> [1562 bytes]","args":[{"selector":{"id":"application-managecontracts-display-component---AddNewContract--projectDescription","interaction":{"idSuffix":"inner"}},"wdio_ui5_key":"applicationmanagecontracts-display-component---AddNewContract--projectDescription"}]}
RESULT: {"script":"<script> [1562 bytes]","args":[{"selector":{"id":"application-managecontracts-display-component---AddNewContract--projectDescription","interaction":{"idSuffix":"inner"}},"wdio_ui5_key":"applicationmanagecontracts-display-component---AddNewContract--projectDescription"}]}
RESULT: undefined
COMMAND: POST /session/04234d49f989df1d8cc66cbbd9ee498b/execute/async - {"script":"<script> [776 bytes]","args":[{"enterText":"WdIOReducedi18l1l","selector":{"id":"application-managecontracts-display-component---AddNewContract--projectDescription","interaction":{"idSuffix":"inner"}},"clearTextFirst":true,"interactionType":"ENTER_TEXT"}]}
RESULT: {"script":"<script> [776 bytes]","args":[{"enterText":"WdIOReducedi18l1l","selector":{"id":"application-managecontracts-display-component---AddNewContract--projectDescription","interaction":{"idSuffix":"inner"}},"clearTextFirst":true,"interactionType":"ENTER_TEXT"}]}
COMMAND: POST /session/04234d49f989df1d8cc66cbbd9ee498b/element - {"using":"xpath","value":"//input[@id=\"application-managecontracts-display-component---AddNewContract--yardId-inner\"]"}
RESULT: {"using":"xpath","value":"//input[@id=\"application-managecontracts-display-component---AddNewContract--yardId-inner\"]"}
COMMAND: POST /session/04234d49f989df1d8cc66cbbd9ee498b/element/f.9E73453283219C642BED86114F2A427E.d.E4B8183557625953ACE33B1006E63C13.e.10023/clear - {}
RESULT: {}
COMMAND: POST /session/04234d49f989df1d8cc66cbbd9ee498b/element/f.9E73453283219C642BED86114F2A427E.d.E4B8183557625953ACE33B1006E63C13.e.10023/value - {"text":"WebdriverYardcihmr"}
COMMAND: GET /session/04234d49f989df1d8cc66cbbd9ee498b/screenshot - {}
RESULT: {"text":"WebdriverYardcihmr"}
COMMAND: GET /session/04234d49f989df1d8cc66cbbd9ee498b/screenshot - {}
RESULT: {}
RESULT: {}
COMMAND: POST /session/04234d49f989df1d8cc66cbbd9ee498b/actions - {"actions":[{"id":"action58","type":"key","parameters":{},"actions":[{"type":"keyDown","value":"î€‡"},{"type":"pause","duration":10},{"type":"keyUp","value":"î€‡"}]}]}
RESULT: {"actions":[{"id":"action58","type":"key","parameters":{},"actions":[{"type":"keyDown","value":"î€‡"},{"type":"pause","duration":10},{"type":"keyUp","value":"î€‡"}]}]}
COMMAND: GET /session/04234d49f989df1d8cc66cbbd9ee498b/screenshot - {}
RESULT: {}
COMMAND: POST /session/04234d49f989df1d8cc66cbbd9ee498b/element - {"using":"xpath","value":"//input[@id=\"application-managecontracts-display-component---AddNewContract--customerSelect-inner\"]"}
RESULT: {"using":"xpath","value":"//input[@id=\"application-managecontracts-display-component---AddNewContract--customerSelect-inner\"]"}
COMMAND: POST /session/04234d49f989df1d8cc66cbbd9ee498b/element/f.9E73453283219C642BED86114F2A427E.d.E4B8183557625953ACE33B1006E63C13.e.10021/clear - {}
RESULT: {}
COMMAND: POST /session/04234d49f989df1d8cc66cbbd9ee498b/element/f.9E73453283219C642BED86114F2A427E.d.E4B8183557625953ACE33B1006E63C13.e.10021/value - {"text":"WebdriverPartnerh8ln8"}
COMMAND: GET /session/04234d49f989df1d8cc66cbbd9ee498b/screenshot - {}
RESULT: {"text":"WebdriverPartnerh8ln8"}
COMMAND: GET /session/04234d49f989df1d8cc66cbbd9ee498b/screenshot - {}
RESULT: {}
RESULT: {}
COMMAND: POST /session/04234d49f989df1d8cc66cbbd9ee498b/actions - {"actions":[{"id":"action59","type":"key","parameters":{},"actions":[{"type":"keyDown","value":"î€‡"},{"type":"pause","duration":10},{"type":"keyUp","value":"î€‡"}]}]}
RESULT: {"actions":[{"id":"action59","type":"key","parameters":{},"actions":[{"type":"keyDown","value":"î€‡"},{"type":"pause","duration":10},{"type":"keyUp","value":"î€‡"}]}]}
COMMAND: GET /session/04234d49f989df1d8cc66cbbd9ee498b/screenshot - {}
RESULT: {}
COMMAND: POST /session/04234d49f989df1d8cc66cbbd9ee498b/execute/async - {"script":"<script> [1562 bytes]","args":[{"selector":{"id":"application-managecontracts-display-component---AddNewContract--calendarInput-arrow"},"wdio_ui5_key":"applicationmanagecontracts-display-component---AddNewContract--calendarInput-arrow"}]}
RESULT: {"script":"<script> [1562 bytes]","args":[{"selector":{"id":"application-managecontracts-display-component---AddNewContract--calendarInput-arrow"},"wdio_ui5_key":"applicationmanagecontracts-display-component---AddNewContract--calendarInput-arrow"}]}
RESULT: undefined
COMMAND: POST /session/04234d49f989df1d8cc66cbbd9ee498b/element - {"using":"xpath","value":"//*[@id=\"application-managecontracts-display-component---AddNewContract--calendarInput-arrow\"]"}
RESULT: {"using":"xpath","value":"//*[@id=\"application-managecontracts-display-component---AddNewContract--calendarInput-arrow\"]"}
COMMAND: POST /session/04234d49f989df1d8cc66cbbd9ee498b/element/f.9E73453283219C642BED86114F2A427E.d.E4B8183557625953ACE33B1006E63C13.e.10100/click - {}
RESULT: {}
COMMAND: GET /session/04234d49f989df1d8cc66cbbd9ee498b/screenshot - {}
RESULT: {}
COMMAND: POST /session/04234d49f989df1d8cc66cbbd9ee498b/execute/async - {"script":"<script> [1562 bytes]","args":[{"selector":{"controlType":"sap.m.StandardListItem","viewName":"etm.portal.ui.managecontracts.view.AddNewContract","viewId":"application-managecontracts-display-component---AddNewContract","properties":{"title":"1 - Calendar unit test patch"},"searchOpenDialogs":true,"interaction":{"idSuffix":"titleText"}},"wdio_ui5_key":"etmportal.ui.managecontracts.view.AddNewContractsap.m.StandardListItem{\"title\":\"1 - Calendar unit test patch\"}"}]}
RESULT: {"script":"<script> [1562 bytes]","args":[{"selector":{"controlType":"sap.m.StandardListItem","viewName":"etm.portal.ui.managecontracts.view.AddNewContract","viewId":"application-managecontracts-display-component---AddNewContract","properties":{"title":"1 - Calendar unit test patch"},"searchOpenDialogs":true,"interaction":{"idSuffix":"titleText"}},"wdio_ui5_key":"etmportal.ui.managecontracts.view.AddNewContractsap.m.StandardListItem{\"title\":\"1 - Calendar unit test patch\"}"}]}
RESULT: undefined
COMMAND: POST /session/04234d49f989df1d8cc66cbbd9ee498b/element - {"using":"xpath","value":"//*[@id=\"__item896\"]"}
RESULT: {"using":"xpath","value":"//*[@id=\"__item896\"]"}
COMMAND: POST /session/04234d49f989df1d8cc66cbbd9ee498b/element/f.9E73453283219C642BED86114F2A427E.d.E4B8183557625953ACE33B1006E63C13.e.10102/click - {}
RESULT: {}
COMMAND: GET /session/04234d49f989df1d8cc66cbbd9ee498b/screenshot - {}
RESULT: {}
COMMAND: POST /session/04234d49f989df1d8cc66cbbd9ee498b/execute/async - {"script":"<script> [1562 bytes]","args":[{"selector":{"id":"application-managecontracts-display-component---AddNewContract--streetInput","interaction":{"idSuffix":"inner"}},"wdio_ui5_key":"applicationmanagecontracts-display-component---AddNewContract--streetInput"}]}
RESULT: {"script":"<script> [1562 bytes]","args":[{"selector":{"id":"application-managecontracts-display-component---AddNewContract--streetInput","interaction":{"idSuffix":"inner"}},"wdio_ui5_key":"applicationmanagecontracts-display-component---AddNewContract--streetInput"}]}
RESULT: undefined
COMMAND: POST /session/04234d49f989df1d8cc66cbbd9ee498b/execute/async - {"script":"<script> [776 bytes]","args":[{"enterText":"StreetWdIO","selector":{"id":"application-managecontracts-display-component---AddNewContract--streetInput","interaction":{"idSuffix":"inner"}},"clearTextFirst":true,"interactionType":"ENTER_TEXT"}]}
RESULT: {"script":"<script> [776 bytes]","args":[{"enterText":"StreetWdIO","selector":{"id":"application-managecontracts-display-component---AddNewContract--streetInput","interaction":{"idSuffix":"inner"}},"clearTextFirst":true,"interactionType":"ENTER_TEXT"}]}
COMMAND: POST /session/04234d49f989df1d8cc66cbbd9ee498b/execute/async - {"script":"<script> [1562 bytes]","args":[{"selector":{"id":"application-managecontracts-display-component---AddNewContract--numberInput","interaction":{"idSuffix":"inner"}},"wdio_ui5_key":"applicationmanagecontracts-display-component---AddNewContract--numberInput"}]}
RESULT: {"script":"<script> [1562 bytes]","args":[{"selector":{"id":"application-managecontracts-display-component---AddNewContract--numberInput","interaction":{"idSuffix":"inner"}},"wdio_ui5_key":"applicationmanagecontracts-display-component---AddNewContract--numberInput"}]}
RESULT: undefined
COMMAND: POST /session/04234d49f989df1d8cc66cbbd9ee498b/execute/async - {"script":"<script> [776 bytes]","args":[{"enterText":"3","selector":{"id":"application-managecontracts-display-component---AddNewContract--numberInput","interaction":{"idSuffix":"inner"}},"clearTextFirst":true,"interactionType":"ENTER_TEXT"}]}
RESULT: {"script":"<script> [776 bytes]","args":[{"enterText":"3","selector":{"id":"application-managecontracts-display-component---AddNewContract--numberInput","interaction":{"idSuffix":"inner"}},"clearTextFirst":true,"interactionType":"ENTER_TEXT"}]}
COMMAND: POST /session/04234d49f989df1d8cc66cbbd9ee498b/execute/async - {"script":"<script> [1562 bytes]","args":[{"selector":{"id":"application-managecontracts-display-component---AddNewContract--cityInput","interaction":{"idSuffix":"inner"}},"wdio_ui5_key":"applicationmanagecontracts-display-component---AddNewContract--cityInput"}]}
RESULT: {"script":"<script> [1562 bytes]","args":[{"selector":{"id":"application-managecontracts-display-component---AddNewContract--cityInput","interaction":{"idSuffix":"inner"}},"wdio_ui5_key":"applicationmanagecontracts-display-component---AddNewContract--cityInput"}]}
RESULT: undefined
COMMAND: POST /session/04234d49f989df1d8cc66cbbd9ee498b/execute/async - {"script":"<script> [776 bytes]","args":[{"enterText":"Bucharest","selector":{"id":"application-managecontracts-display-component---AddNewContract--cityInput","interaction":{"idSuffix":"inner"}},"clearTextFirst":true,"interactionType":"ENTER_TEXT"}]}
RESULT: {"script":"<script> [776 bytes]","args":[{"enterText":"Bucharest","selector":{"id":"application-managecontracts-display-component---AddNewContract--cityInput","interaction":{"idSuffix":"inner"}},"clearTextFirst":true,"interactionType":"ENTER_TEXT"}]}
COMMAND: POST /session/04234d49f989df1d8cc66cbbd9ee498b/execute/async - {"script":"<script> [1562 bytes]","args":[{"selector":{"id":"application-managecontracts-display-component---AddNewContract--zipInput","interaction":{"idSuffix":"inner"}},"wdio_ui5_key":"applicationmanagecontracts-display-component---AddNewContract--zipInput"}]}
RESULT: {"script":"<script> [1562 bytes]","args":[{"selector":{"id":"application-managecontracts-display-component---AddNewContract--zipInput","interaction":{"idSuffix":"inner"}},"wdio_ui5_key":"applicationmanagecontracts-display-component---AddNewContract--zipInput"}]}
RESULT: undefined
COMMAND: POST /session/04234d49f989df1d8cc66cbbd9ee498b/execute/async - {"script":"<script> [776 bytes]","args":[{"enterText":"021210","selector":{"id":"application-managecontracts-display-component---AddNewContract--zipInput","interaction":{"idSuffix":"inner"}},"clearTextFirst":true,"interactionType":"ENTER_TEXT"}]}
RESULT: {"script":"<script> [776 bytes]","args":[{"enterText":"021210","selector":{"id":"application-managecontracts-display-component---AddNewContract--zipInput","interaction":{"idSuffix":"inner"}},"clearTextFirst":true,"interactionType":"ENTER_TEXT"}]}
COMMAND: POST /session/04234d49f989df1d8cc66cbbd9ee498b/element - {"using":"xpath","value":"//bdi[contains(@id ,\"application-managecontracts-display-component---AddNewContract--saveBtn-BDI-content\")]"}
RESULT: {"using":"xpath","value":"//bdi[contains(@id ,\"application-managecontracts-display-component---AddNewContract--saveBtn-BDI-content\")]"}
COMMAND: POST /session/04234d49f989df1d8cc66cbbd9ee498b/element/f.9E73453283219C642BED86114F2A427E.d.E4B8183557625953ACE33B1006E63C13.e.10107/click - {}
RESULT: {}
COMMAND: GET /session/04234d49f989df1d8cc66cbbd9ee498b/screenshot - {}
RESULT: {}
COMMAND: POST /session/04234d49f989df1d8cc66cbbd9ee498b/element - {"using":"xpath","value":"//button[contains(@data-kt ,\"contractDetailEditBtnButton\")]"}
RESULT: {"using":"xpath","value":"//button[contains(@data-kt ,\"contractDetailEditBtnButton\")]"}
COMMAND: POST /session/04234d49f989df1d8cc66cbbd9ee498b/execute/sync - {"script":"<script> [8489 bytes]","args":[{"element-6066-11e4-a52e-4f735466cecf":"f.9E73453283219C642BED86114F2A427E.d.E4B8183557625953ACE33B1006E63C13.e.10177","ELEMENT":"f.9E73453283219C642BED86114F2A427E.d.E4B8183557625953ACE33B1006E63C13.e.10177"}]}
RESULT: {"script":"<script> [8489 bytes]","args":[{"element-6066-11e4-a52e-4f735466cecf":"f.9E73453283219C642BED86114F2A427E.d.E4B8183557625953ACE33B1006E63C13.e.10177","ELEMENT":"f.9E73453283219C642BED86114F2A427E.d.E4B8183557625953ACE33B1006E63C13.e.10177"}]}
COMMAND: POST /session/04234d49f989df1d8cc66cbbd9ee498b/execute/sync - {"script":"<script> [8489 bytes]","args":[{"element-6066-11e4-a52e-4f735466cecf":"f.9E73453283219C642BED86114F2A427E.d.E4B8183557625953ACE33B1006E63C13.e.10177","ELEMENT":"f.9E73453283219C642BED86114F2A427E.d.E4B8183557625953ACE33B1006E63C13.e.10177"}]}
COMMAND: GET /session/04234d49f989df1d8cc66cbbd9ee498b/screenshot - {}
RESULT: {"script":"<script> [8489 bytes]","args":[{"element-6066-11e4-a52e-4f735466cecf":"f.9E73453283219C642BED86114F2A427E.d.E4B8183557625953ACE33B1006E63C13.e.10177","ELEMENT":"f.9E73453283219C642BED86114F2A427E.d.E4B8183557625953ACE33B1006E63C13.e.10177"}]}
COMMAND: POST /session/04234d49f989df1d8cc66cbbd9ee498b/execute/sync - {"script":"<script> [5351 bytes]","args":[{"element-6066-11e4-a52e-4f735466cecf":"f.9E73453283219C642BED86114F2A427E.d.E4B8183557625953ACE33B1006E63C13.e.10177","ELEMENT":"f.9E73453283219C642BED86114F2A427E.d.E4B8183557625953ACE33B1006E63C13.e.10177"}]}
COMMAND: GET /session/04234d49f989df1d8cc66cbbd9ee498b/screenshot - {}
RESULT: {}
RESULT: {"script":"<script> [5351 bytes]","args":[{"element-6066-11e4-a52e-4f735466cecf":"f.9E73453283219C642BED86114F2A427E.d.E4B8183557625953ACE33B1006E63C13.e.10177","ELEMENT":"f.9E73453283219C642BED86114F2A427E.d.E4B8183557625953ACE33B1006E63C13.e.10177"}]}
COMMAND: POST /session/04234d49f989df1d8cc66cbbd9ee498b/execute/async - {"script":"<script> [1562 bytes]","args":[{"selector":{"controlType":"sap.m.Text","viewName":"etm.portal.ui.managecontracts.view.Detail","bindingPath":{"propertyPath":"LINK_TO_C_CONTRACT_TYPES/DESCRIPTION","modelName":"catalogModel"}},"wdio_ui5_key":"etmportal.ui.managecontracts.view.Detailsap.m.Text{\"propertyPath\":\"LINK_TO_C_CONTRACT_TYPES/DESCRIPTION\",\"modelName\":\"catalogModel\"}"}]}
COMMAND: GET /session/04234d49f989df1d8cc66cbbd9ee498b/screenshot - {}
RESULT: {}
RESULT: {"script":"<script> [1562 bytes]","args":[{"selector":{"controlType":"sap.m.Text","viewName":"etm.portal.ui.managecontracts.view.Detail","bindingPath":{"propertyPath":"LINK_TO_C_CONTRACT_TYPES/DESCRIPTION","modelName":"catalogModel"}},"wdio_ui5_key":"etmportal.ui.managecontracts.view.Detailsap.m.Text{\"propertyPath\":\"LINK_TO_C_CONTRACT_TYPES/DESCRIPTION\",\"modelName\":\"catalogModel\"}"}]}
RESULT: undefined
COMMAND: POST /session/04234d49f989df1d8cc66cbbd9ee498b/execute/async - {"script":"<script> [6424 bytes]","args":[{"element-6066-11e4-a52e-4f735466cecf":"f.9E73453283219C642BED86114F2A427E.d.E4B8183557625953ACE33B1006E63C13.e.10178"},"getText",[]]}
RESULT: {}
RESULT: {"script":"<script> [6424 bytes]","args":[{"element-6066-11e4-a52e-4f735466cecf":"f.9E73453283219C642BED86114F2A427E.d.E4B8183557625953ACE33B1006E63C13.e.10178"},"getText",[]]}
COMMAND: POST /session/04234d49f989df1d8cc66cbbd9ee498b/element/f.9E73453283219C642BED86114F2A427E.d.E4B8183557625953ACE33B1006E63C13.e.10177/click - {}
RESULT: {}
COMMAND: GET /session/04234d49f989df1d8cc66cbbd9ee498b/screenshot - {}
RESULT: {}
]]></system-out>
    </testcase>
    <testcase classname="chrome.135_0_7049_96.windows.Reduced_contract_US151275" name="Should add a RU to the contract" time="49.098">
      <system-out><![CDATA[
COMMAND: POST /session/04234d49f989df1d8cc66cbbd9ee498b/element - {"using":"xpath","value":"(//span[contains(text(), \"Header Billing Items\")])[2]"}
RESULT: {"using":"xpath","value":"(//span[contains(text(), \"Header Billing Items\")])[2]"}
COMMAND: POST /session/04234d49f989df1d8cc66cbbd9ee498b/element/f.9E73453283219C642BED86114F2A427E.d.E4B8183557625953ACE33B1006E63C13.e.10231/click - {}
RESULT: {}
COMMAND: GET /session/04234d49f989df1d8cc66cbbd9ee498b/screenshot - {}
RESULT: {}
COMMAND: POST /session/04234d49f989df1d8cc66cbbd9ee498b/element - {"using":"xpath","value":"//button[@data-kt=\"btnAddTableRowOverflowToolbarButton\"]"}
RESULT: {"using":"xpath","value":"//button[@data-kt=\"btnAddTableRowOverflowToolbarButton\"]"}
COMMAND: POST /session/04234d49f989df1d8cc66cbbd9ee498b/element/f.9E73453283219C642BED86114F2A427E.d.E4B8183557625953ACE33B1006E63C13.e.10234/click - {}
RESULT: {}
COMMAND: GET /session/04234d49f989df1d8cc66cbbd9ee498b/screenshot - {}
RESULT: {}
COMMAND: POST /session/04234d49f989df1d8cc66cbbd9ee498b/element - {"using":"xpath","value":"//div[(text() = 'Standard Entry' or . = 'Standard Entry')]"}
RESULT: {"using":"xpath","value":"//div[(text() = 'Standard Entry' or . = 'Standard Entry')]"}
COMMAND: POST /session/04234d49f989df1d8cc66cbbd9ee498b/element/f.9E73453283219C642BED86114F2A427E.d.E4B8183557625953ACE33B1006E63C13.e.10236/click - {}
RESULT: {}
COMMAND: POST /session/04234d49f989df1d8cc66cbbd9ee498b/element - {"using":"xpath","value":"//td[6]/div/div/input[1]"}
COMMAND: GET /session/04234d49f989df1d8cc66cbbd9ee498b/screenshot - {}
RESULT: {"using":"xpath","value":"//td[6]/div/div/input[1]"}
COMMAND: POST /session/04234d49f989df1d8cc66cbbd9ee498b/element/f.9E73453283219C642BED86114F2A427E.d.E4B8183557625953ACE33B1006E63C13.e.10238/click - {}
RESULT: {}
RESULT: {}
COMMAND: POST /session/04234d49f989df1d8cc66cbbd9ee498b/actions - {"actions":[{"id":"action60","type":"key","parameters":{},"actions":[{"type":"keyDown","value":"î€ƒ"},{"type":"pause","duration":10},{"type":"keyUp","value":"î€ƒ"}]}]}
COMMAND: GET /session/04234d49f989df1d8cc66cbbd9ee498b/screenshot - {}
RESULT: {"actions":[{"id":"action60","type":"key","parameters":{},"actions":[{"type":"keyDown","value":"î€ƒ"},{"type":"pause","duration":10},{"type":"keyUp","value":"î€ƒ"}]}]}
COMMAND: POST /session/04234d49f989df1d8cc66cbbd9ee498b/element - {"using":"xpath","value":"//td[6]/div/div/input[1]"}
COMMAND: GET /session/04234d49f989df1d8cc66cbbd9ee498b/screenshot - {}
RESULT: {}
RESULT: {"using":"xpath","value":"//td[6]/div/div/input[1]"}
COMMAND: POST /session/04234d49f989df1d8cc66cbbd9ee498b/element/f.9E73453283219C642BED86114F2A427E.d.E4B8183557625953ACE33B1006E63C13.e.10238/clear - {}
RESULT: {}
RESULT: {}
COMMAND: POST /session/04234d49f989df1d8cc66cbbd9ee498b/element/f.9E73453283219C642BED86114F2A427E.d.E4B8183557625953ACE33B1006E63C13.e.10238/value - {"text":"Material"}
COMMAND: GET /session/04234d49f989df1d8cc66cbbd9ee498b/screenshot - {}
RESULT: {"text":"Material"}
COMMAND: GET /session/04234d49f989df1d8cc66cbbd9ee498b/screenshot - {}
RESULT: {}
RESULT: {}
COMMAND: POST /session/04234d49f989df1d8cc66cbbd9ee498b/actions - {"actions":[{"id":"action61","type":"key","parameters":{},"actions":[{"type":"keyDown","value":"î€‡"},{"type":"pause","duration":10},{"type":"keyUp","value":"î€‡"}]}]}
RESULT: {"actions":[{"id":"action61","type":"key","parameters":{},"actions":[{"type":"keyDown","value":"î€‡"},{"type":"pause","duration":10},{"type":"keyUp","value":"î€‡"}]}]}
COMMAND: GET /session/04234d49f989df1d8cc66cbbd9ee498b/screenshot - {}
COMMAND: POST /session/04234d49f989df1d8cc66cbbd9ee498b/actions - {"actions":[{"id":"action62","type":"key","parameters":{},"actions":[{"type":"keyDown","value":"î€‡"},{"type":"pause","duration":10},{"type":"keyUp","value":"î€‡"}]}]}
RESULT: {}
RESULT: {"actions":[{"id":"action62","type":"key","parameters":{},"actions":[{"type":"keyDown","value":"î€‡"},{"type":"pause","duration":10},{"type":"keyUp","value":"î€‡"}]}]}
COMMAND: POST /session/04234d49f989df1d8cc66cbbd9ee498b/element - {"using":"xpath","value":"//td[7]/div/div/input"}
COMMAND: GET /session/04234d49f989df1d8cc66cbbd9ee498b/screenshot - {}
RESULT: {"using":"xpath","value":"//td[7]/div/div/input"}
COMMAND: POST /session/04234d49f989df1d8cc66cbbd9ee498b/element/f.9E73453283219C642BED86114F2A427E.d.E4B8183557625953ACE33B1006E63C13.e.10251/clear - {}
RESULT: {}
RESULT: {}
COMMAND: POST /session/04234d49f989df1d8cc66cbbd9ee498b/element/f.9E73453283219C642BED86114F2A427E.d.E4B8183557625953ACE33B1006E63C13.e.10251/value - {"text":"WebdriverRUR2C"}
COMMAND: GET /session/04234d49f989df1d8cc66cbbd9ee498b/screenshot - {}
RESULT: {"text":"WebdriverRUR2C"}
COMMAND: GET /session/04234d49f989df1d8cc66cbbd9ee498b/screenshot - {}
RESULT: {}
RESULT: {}
COMMAND: POST /session/04234d49f989df1d8cc66cbbd9ee498b/actions - {"actions":[{"id":"action63","type":"key","parameters":{},"actions":[{"type":"keyDown","value":"î€‡"},{"type":"pause","duration":10},{"type":"keyUp","value":"î€‡"}]}]}
RESULT: {"actions":[{"id":"action63","type":"key","parameters":{},"actions":[{"type":"keyDown","value":"î€‡"},{"type":"pause","duration":10},{"type":"keyUp","value":"î€‡"}]}]}
COMMAND: GET /session/04234d49f989df1d8cc66cbbd9ee498b/screenshot - {}
COMMAND: POST /session/04234d49f989df1d8cc66cbbd9ee498b/actions - {"actions":[{"id":"action64","type":"key","parameters":{},"actions":[{"type":"keyDown","value":"î€‡"},{"type":"pause","duration":10},{"type":"keyUp","value":"î€‡"}]}]}
RESULT: {}
RESULT: {"actions":[{"id":"action64","type":"key","parameters":{},"actions":[{"type":"keyDown","value":"î€‡"},{"type":"pause","duration":10},{"type":"keyUp","value":"î€‡"}]}]}
COMMAND: GET /session/04234d49f989df1d8cc66cbbd9ee498b/screenshot - {}
RESULT: {}
COMMAND: POST /session/04234d49f989df1d8cc66cbbd9ee498b/element - {"using":"xpath","value":"(//button[@data-kt=\"saveButton\"])[2]"}
RESULT: {"using":"xpath","value":"(//button[@data-kt=\"saveButton\"])[2]"}
COMMAND: POST /session/04234d49f989df1d8cc66cbbd9ee498b/element/f.9E73453283219C642BED86114F2A427E.d.E4B8183557625953ACE33B1006E63C13.e.10276/click - {}
RESULT: {}
COMMAND: GET /session/04234d49f989df1d8cc66cbbd9ee498b/screenshot - {}
RESULT: {}
COMMAND: POST /session/04234d49f989df1d8cc66cbbd9ee498b/element - {"using":"xpath","value":"//button[contains(@data-kt ,\"contractDetailEditBtnButton\")]"}
RESULT: {"using":"xpath","value":"//button[contains(@data-kt ,\"contractDetailEditBtnButton\")]"}
COMMAND: POST /session/04234d49f989df1d8cc66cbbd9ee498b/execute/sync - {"script":"<script> [8489 bytes]","args":[{"element-6066-11e4-a52e-4f735466cecf":"f.9E73453283219C642BED86114F2A427E.d.E4B8183557625953ACE33B1006E63C13.e.10177","ELEMENT":"f.9E73453283219C642BED86114F2A427E.d.E4B8183557625953ACE33B1006E63C13.e.10177"}]}
RESULT: {"script":"<script> [8489 bytes]","args":[{"element-6066-11e4-a52e-4f735466cecf":"f.9E73453283219C642BED86114F2A427E.d.E4B8183557625953ACE33B1006E63C13.e.10177","ELEMENT":"f.9E73453283219C642BED86114F2A427E.d.E4B8183557625953ACE33B1006E63C13.e.10177"}]}
COMMAND: POST /session/04234d49f989df1d8cc66cbbd9ee498b/execute/sync - {"script":"<script> [8489 bytes]","args":[{"element-6066-11e4-a52e-4f735466cecf":"f.9E73453283219C642BED86114F2A427E.d.E4B8183557625953ACE33B1006E63C13.e.10177","ELEMENT":"f.9E73453283219C642BED86114F2A427E.d.E4B8183557625953ACE33B1006E63C13.e.10177"}]}
COMMAND: GET /session/04234d49f989df1d8cc66cbbd9ee498b/screenshot - {}
RESULT: {"script":"<script> [8489 bytes]","args":[{"element-6066-11e4-a52e-4f735466cecf":"f.9E73453283219C642BED86114F2A427E.d.E4B8183557625953ACE33B1006E63C13.e.10177","ELEMENT":"f.9E73453283219C642BED86114F2A427E.d.E4B8183557625953ACE33B1006E63C13.e.10177"}]}
COMMAND: POST /session/04234d49f989df1d8cc66cbbd9ee498b/execute/sync - {"script":"<script> [5351 bytes]","args":[{"element-6066-11e4-a52e-4f735466cecf":"f.9E73453283219C642BED86114F2A427E.d.E4B8183557625953ACE33B1006E63C13.e.10177","ELEMENT":"f.9E73453283219C642BED86114F2A427E.d.E4B8183557625953ACE33B1006E63C13.e.10177"}]}
COMMAND: GET /session/04234d49f989df1d8cc66cbbd9ee498b/screenshot - {}
RESULT: {}
RESULT: {"script":"<script> [5351 bytes]","args":[{"element-6066-11e4-a52e-4f735466cecf":"f.9E73453283219C642BED86114F2A427E.d.E4B8183557625953ACE33B1006E63C13.e.10177","ELEMENT":"f.9E73453283219C642BED86114F2A427E.d.E4B8183557625953ACE33B1006E63C13.e.10177"}]}
COMMAND: POST /session/04234d49f989df1d8cc66cbbd9ee498b/element - {"using":"xpath","value":"(//span[contains(text(), \"Header Billing Items\")])[1]"}
COMMAND: GET /session/04234d49f989df1d8cc66cbbd9ee498b/screenshot - {}
RESULT: {}
RESULT: {"using":"xpath","value":"(//span[contains(text(), \"Header Billing Items\")])[1]"}
COMMAND: POST /session/04234d49f989df1d8cc66cbbd9ee498b/element/f.9E73453283219C642BED86114F2A427E.d.E4B8183557625953ACE33B1006E63C13.e.10279/click - {}
RESULT: {}
RESULT: {}
COMMAND: GET /session/04234d49f989df1d8cc66cbbd9ee498b/screenshot - {}
RESULT: {}
COMMAND: POST /session/04234d49f989df1d8cc66cbbd9ee498b/execute/async - {"script":"<script> [1562 bytes]","args":[{"selector":{"controlType":"sap.m.Title","viewName":"etm.portal.ui.managecontracts.view.Detail","properties":{"text":"Contract Items (1)"}},"wdio_ui5_key":"etmportal.ui.managecontracts.view.Detailsap.m.Title{\"text\":\"Contract Items (1)\"}"}]}
RESULT: {"script":"<script> [1562 bytes]","args":[{"selector":{"controlType":"sap.m.Title","viewName":"etm.portal.ui.managecontracts.view.Detail","properties":{"text":"Contract Items (1)"}},"wdio_ui5_key":"etmportal.ui.managecontracts.view.Detailsap.m.Title{\"text\":\"Contract Items (1)\"}"}]}
RESULT: undefined
COMMAND: POST /session/04234d49f989df1d8cc66cbbd9ee498b/execute/async - {"script":"<script> [6424 bytes]","args":[{"element-6066-11e4-a52e-4f735466cecf":"f.9E73453283219C642BED86114F2A427E.d.E4B8183557625953ACE33B1006E63C13.e.10281"},"getText",[]]}
RESULT: {"script":"<script> [6424 bytes]","args":[{"element-6066-11e4-a52e-4f735466cecf":"f.9E73453283219C642BED86114F2A427E.d.E4B8183557625953ACE33B1006E63C13.e.10281"},"getText",[]]}
COMMAND: POST /session/04234d49f989df1d8cc66cbbd9ee498b/element - {"using":"xpath","value":"(//span[contains(@class ,\"sapMObjStatusText\")])[1]"}
RESULT: {"using":"xpath","value":"(//span[contains(@class ,\"sapMObjStatusText\")])[1]"}
COMMAND: GET /session/04234d49f989df1d8cc66cbbd9ee498b/element/f.9E73453283219C642BED86114F2A427E.d.E4B8183557625953ACE33B1006E63C13.e.10282/text - {}
RESULT: {}
COMMAND: POST /session/04234d49f989df1d8cc66cbbd9ee498b/refresh - {}
RESULT: {}
COMMAND: GET /session/04234d49f989df1d8cc66cbbd9ee498b/screenshot - {}
RESULT: {}
COMMAND: POST /session/04234d49f989df1d8cc66cbbd9ee498b/execute/async - {"script":"<script> [189 bytes]","args":[]}
RESULT: {"script":"<script> [189 bytes]","args":[]}
COMMAND: POST /session/04234d49f989df1d8cc66cbbd9ee498b/execute/async - {"script":"<script> [123 bytes]","args":[]}
RESULT: {"script":"<script> [123 bytes]","args":[]}
COMMAND: POST /session/04234d49f989df1d8cc66cbbd9ee498b/timeouts - {"script":"<number>"}
RESULT: {"script":"<number>"}
COMMAND: GET /session/04234d49f989df1d8cc66cbbd9ee498b/timeouts - {}
RESULT: {}
RESULT: undefined
COMMAND: POST /session/04234d49f989df1d8cc66cbbd9ee498b/execute/async - {"script":"<script> [2676 bytes]","args":[]}
RESULT: {"script":"<script> [2676 bytes]","args":[]}
COMMAND: POST /session/04234d49f989df1d8cc66cbbd9ee498b/execute/async - {"script":"<script> [2342 bytes]","args":[{"protocol":"http","hostname":"0.0.0.0","path":"/","capabilities":{"browserName":"chrome","goog:chromeOptions":{"binary":"C:\\Program Files\\Google\\Chrome\\Application\\chrome.exe","args":["--start-maximized"]}},"logLevel":"warn","connectionRetryTimeout":120000,"connectionRetryCount":3,"logLevels":{},"enableDirectConnect":true,"strictSSL":true,"_":"65 more keys: [\"cacheDir\",\"port\",\"requestedCapabilities\",\"automationProtocol\",\"baseUrl\",\"waitforInterval\",\"waitforTimeout\",\"onReload\",\"beforeCommand\",\"afterCommand\",\"rootDir\",\"specs\",\"suites\",\"exclude\",\"groupLogsByTestSpec\",\"excludeDriverLogs\",\"bail\",\"framework\",\"reporters\",\"services\",\"maxInstances\",\"maxInstancesPerCapability\",\"injectGlobals\",\"filesToWatch\",\"execArgv\",\"runnerEnv\",\"runner\",\"shard\",\"specFileRetries\",\"specFileRetriesDelay\",\"specFileRetriesDeferred\",\"reporterSyncInterval\",\"reporterSyncTimeout\",\"cucumberFeaturesWithLineNumbers\",\"autoCompileOpts\",\"mochaOpts\",\"jasmineOpts\",\"cucumberOpts\",\"onPrepare\",\"onWorkerStart\",\"onWorkerEnd\",\"before\",\"beforeSession\",\"beforeSuite\",\"beforeHook\",\"beforeTest\",\"afterTest\",\"afterHook\",\"afterSuite\",\"afterSession\",\"after\",\"onComplete\",\"beforeAssertion\",\"afterAssertion\",\"beforeFeature\",\"beforeScenario\",\"beforeStep\",\"afterStep\",\"afterScenario\",\"afterFeature\",\"_\",\"suite\",\"$0\",\"ignoredWorkerServices\",\"wdi5\"]"}]}
RESULT: {"script":"<script> [2342 bytes]","args":[{"protocol":"http","hostname":"0.0.0.0","path":"/","capabilities":{"browserName":"chrome","goog:chromeOptions":{"binary":"C:\\Program Files\\Google\\Chrome\\Application\\chrome.exe","args":["--start-maximized"]}},"logLevel":"warn","connectionRetryTimeout":120000,"connectionRetryCount":3,"logLevels":{},"enableDirectConnect":true,"strictSSL":true,"_":"65 more keys: [\"cacheDir\",\"port\",\"requestedCapabilities\",\"automationProtocol\",\"baseUrl\",\"waitforInterval\",\"waitforTimeout\",\"onReload\",\"beforeCommand\",\"afterCommand\",\"rootDir\",\"specs\",\"suites\",\"exclude\",\"groupLogsByTestSpec\",\"excludeDriverLogs\",\"bail\",\"framework\",\"reporters\",\"services\",\"maxInstances\",\"maxInstancesPerCapability\",\"injectGlobals\",\"filesToWatch\",\"execArgv\",\"runnerEnv\",\"runner\",\"shard\",\"specFileRetries\",\"specFileRetriesDelay\",\"specFileRetriesDeferred\",\"reporterSyncInterval\",\"reporterSyncTimeout\",\"cucumberFeaturesWithLineNumbers\",\"autoCompileOpts\",\"mochaOpts\",\"jasmineOpts\",\"cucumberOpts\",\"onPrepare\",\"onWorkerStart\",\"onWorkerEnd\",\"before\",\"beforeSession\",\"beforeSuite\",\"beforeHook\",\"beforeTest\",\"afterTest\",\"afterHook\",\"afterSuite\",\"afterSession\",\"after\",\"onComplete\",\"beforeAssertion\",\"afterAssertion\",\"beforeFeature\",\"beforeScenario\",\"beforeStep\",\"afterStep\",\"afterScenario\",\"afterFeature\",\"_\",\"suite\",\"$0\",\"ignoredWorkerServices\",\"wdi5\"]"}]}
COMMAND: POST /session/04234d49f989df1d8cc66cbbd9ee498b/execute/async - {"script":"<script> [21126 bytes]","args":[35000]}
RESULT: {"script":"<script> [21126 bytes]","args":[35000]}
COMMAND: POST /session/04234d49f989df1d8cc66cbbd9ee498b/element - {"using":"css selector","value":"#shell-header-logo"}
RESULT: {"using":"css selector","value":"#shell-header-logo"}
COMMAND: POST /session/04234d49f989df1d8cc66cbbd9ee498b/element/f.9E73453283219C642BED86114F2A427E.d.CABE6776BE50C7ADD19F9E834848A4E5.e.10359/click - {}
RESULT: {}
COMMAND: GET /session/04234d49f989df1d8cc66cbbd9ee498b/screenshot - {}
RESULT: {}
]]></system-out>
    </testcase>
  </testsuite>
  <testsuite timestamp="2025-05-03T18:18:21" time="1315.093" tests="7" failures="0" errors="0" skipped="0">
    <properties>
      <property name="specId" value="0" />
      <property name="suiteName" value="E2E - Logistical and commercial statuses" />
      <property name="capabilities" value="chrome.135_0_7049_96.windows" />
      <property name="file" value="file:///D:/a/1/s/test/specs/R2C/E2E-Logistical-and-commercial-status.spec.js" />
    </properties>
    <testcase classname="chrome.135_0_7049_96.windows.E2E_-_Logistical_and_commercial_statuses" name="Should create prerequisites yard partner and site" time="292.382">
      <system-out><![CDATA[
COMMAND: POST /session/04234d49f989df1d8cc66cbbd9ee498b/execute/async - {"script":"<script> [1562 bytes]","args":[{"selector":{"controlType":"sap.m.GenericTile","properties":{"header":"Manage Yards"}},"wdio_ui5_key":"sapm.GenericTile{\"header\":\"Manage Yards\"}"}]}
RESULT: {"script":"<script> [1562 bytes]","args":[{"selector":{"controlType":"sap.m.GenericTile","properties":{"header":"Manage Yards"}},"wdio_ui5_key":"sapm.GenericTile{\"header\":\"Manage Yards\"}"}]}
RESULT: undefined
COMMAND: POST /session/04234d49f989df1d8cc66cbbd9ee498b/element - {"using":"xpath","value":"//*[@id=\"__tile41\"]"}
RESULT: {"using":"xpath","value":"//*[@id=\"__tile41\"]"}
COMMAND: POST /session/04234d49f989df1d8cc66cbbd9ee498b/element/f.9E73453283219C642BED86114F2A427E.d.CABE6776BE50C7ADD19F9E834848A4E5.e.10528/click - {}
RESULT: {}
COMMAND: GET /session/04234d49f989df1d8cc66cbbd9ee498b/screenshot - {}
RESULT: {}
COMMAND: POST /session/04234d49f989df1d8cc66cbbd9ee498b/execute/async - {"script":"<script> [1562 bytes]","args":[{"selector":{"controlType":"sap.ui.core.Icon","viewName":"etm.portal.ui.manageyards.view.Master","viewId":"application-manageyards-display-component---masterYard","properties":{"src":{"regex":{"source":"add"}}}},"wdio_ui5_key":"etmportal.ui.manageyards.view.Mastersap.ui.core.Icon{\"src\":{\"regex\":{\"source\":\"add\"}}}"}]}
RESULT: {"script":"<script> [1562 bytes]","args":[{"selector":{"controlType":"sap.ui.core.Icon","viewName":"etm.portal.ui.manageyards.view.Master","viewId":"application-manageyards-display-component---masterYard","properties":{"src":{"regex":{"source":"add"}}}},"wdio_ui5_key":"etmportal.ui.manageyards.view.Mastersap.ui.core.Icon{\"src\":{\"regex\":{\"source\":\"add\"}}}"}]}
RESULT: undefined
COMMAND: POST /session/04234d49f989df1d8cc66cbbd9ee498b/element - {"using":"xpath","value":"//*[@id=\"__button15-img\"]"}
RESULT: {"using":"xpath","value":"//*[@id=\"__button15-img\"]"}
COMMAND: POST /session/04234d49f989df1d8cc66cbbd9ee498b/element/f.9E73453283219C642BED86114F2A427E.d.CABE6776BE50C7ADD19F9E834848A4E5.e.10581/click - {}
RESULT: {}
COMMAND: GET /session/04234d49f989df1d8cc66cbbd9ee498b/screenshot - {}
RESULT: {}
COMMAND: POST /session/04234d49f989df1d8cc66cbbd9ee498b/execute/async - {"script":"<script> [1562 bytes]","args":[{"selector":{"id":"application-manageyards-display-component---NewYard--yardId","interaction":{"idSuffix":"inner"}},"wdio_ui5_key":"applicationmanageyards-display-component---NewYard--yardId"}]}
RESULT: {"script":"<script> [1562 bytes]","args":[{"selector":{"id":"application-manageyards-display-component---NewYard--yardId","interaction":{"idSuffix":"inner"}},"wdio_ui5_key":"applicationmanageyards-display-component---NewYard--yardId"}]}
RESULT: undefined
COMMAND: POST /session/04234d49f989df1d8cc66cbbd9ee498b/element - {"using":"xpath","value":"//*[@id=\"application-manageyards-display-component---NewYard--addressDetailDetailsName1-inner\"]"}
RESULT: {"using":"xpath","value":"//*[@id=\"application-manageyards-display-component---NewYard--addressDetailDetailsName1-inner\"]"}
COMMAND: POST /session/04234d49f989df1d8cc66cbbd9ee498b/element/f.9E73453283219C642BED86114F2A427E.d.CABE6776BE50C7ADD19F9E834848A4E5.e.10801/clear - {}
RESULT: {}
COMMAND: POST /session/04234d49f989df1d8cc66cbbd9ee498b/element/f.9E73453283219C642BED86114F2A427E.d.CABE6776BE50C7ADD19F9E834848A4E5.e.10801/value - {"text":"WebdriverYardfu5v1"}
COMMAND: GET /session/04234d49f989df1d8cc66cbbd9ee498b/screenshot - {}
RESULT: {"text":"WebdriverYardfu5v1"}
COMMAND: POST /session/04234d49f989df1d8cc66cbbd9ee498b/element - {"using":"xpath","value":"//*[@id=\"application-manageyards-display-component---NewYard--addressDetailDetailsLanguage-inner\"]"}
COMMAND: GET /session/04234d49f989df1d8cc66cbbd9ee498b/screenshot - {}
RESULT: {}
RESULT: {"using":"xpath","value":"//*[@id=\"application-manageyards-display-component---NewYard--addressDetailDetailsLanguage-inner\"]"}
COMMAND: POST /session/04234d49f989df1d8cc66cbbd9ee498b/element/f.9E73453283219C642BED86114F2A427E.d.CABE6776BE50C7ADD19F9E834848A4E5.e.10802/clear - {}
RESULT: {}
RESULT: {}
COMMAND: POST /session/04234d49f989df1d8cc66cbbd9ee498b/element/f.9E73453283219C642BED86114F2A427E.d.CABE6776BE50C7ADD19F9E834848A4E5.e.10802/value - {"text":"Romanian"}
COMMAND: GET /session/04234d49f989df1d8cc66cbbd9ee498b/screenshot - {}
RESULT: {"text":"Romanian"}
COMMAND: POST /session/04234d49f989df1d8cc66cbbd9ee498b/element - {"using":"xpath","value":"//input[contains(@id ,\"application-manageyards-display-component---NewYard--addressDetailDetailsName1-inner\")]"}
COMMAND: GET /session/04234d49f989df1d8cc66cbbd9ee498b/screenshot - {}
RESULT: {}
RESULT: {"using":"xpath","value":"//input[contains(@id ,\"application-manageyards-display-component---NewYard--addressDetailDetailsName1-inner\")]"}
COMMAND: GET /session/04234d49f989df1d8cc66cbbd9ee498b/element/f.9E73453283219C642BED86114F2A427E.d.CABE6776BE50C7ADD19F9E834848A4E5.e.10801/property/value - {}
RESULT: {}
RESULT: {}
COMMAND: GET /session/04234d49f989df1d8cc66cbbd9ee498b/screenshot - {}
RESULT: {}
COMMAND: POST /session/04234d49f989df1d8cc66cbbd9ee498b/element - {"using":"xpath","value":"//*[@id=\"application-manageyards-display-component---NewYard--addressDetailDetailsCity1-inner\"]"}
RESULT: {"using":"xpath","value":"//*[@id=\"application-manageyards-display-component---NewYard--addressDetailDetailsCity1-inner\"]"}
COMMAND: POST /session/04234d49f989df1d8cc66cbbd9ee498b/element/f.9E73453283219C642BED86114F2A427E.d.CABE6776BE50C7ADD19F9E834848A4E5.e.10804/clear - {}
RESULT: {}
COMMAND: POST /session/04234d49f989df1d8cc66cbbd9ee498b/element/f.9E73453283219C642BED86114F2A427E.d.CABE6776BE50C7ADD19F9E834848A4E5.e.10804/value - {"text":"Bucuresti"}
COMMAND: GET /session/04234d49f989df1d8cc66cbbd9ee498b/screenshot - {}
RESULT: {"text":"Bucuresti"}
COMMAND: GET /session/04234d49f989df1d8cc66cbbd9ee498b/screenshot - {}
RESULT: {}
RESULT: {}
COMMAND: POST /session/04234d49f989df1d8cc66cbbd9ee498b/element - {"using":"xpath","value":"//*[@id=\"application-manageyards-display-component---NewYard--addressDetailDetailsCountry-inner\"]"}
RESULT: {"using":"xpath","value":"//*[@id=\"application-manageyards-display-component---NewYard--addressDetailDetailsCountry-inner\"]"}
COMMAND: POST /session/04234d49f989df1d8cc66cbbd9ee498b/element/f.9E73453283219C642BED86114F2A427E.d.CABE6776BE50C7ADD19F9E834848A4E5.e.10808/clear - {}
RESULT: {}
COMMAND: POST /session/04234d49f989df1d8cc66cbbd9ee498b/element/f.9E73453283219C642BED86114F2A427E.d.CABE6776BE50C7ADD19F9E834848A4E5.e.10808/value - {"text":"Romania"}
COMMAND: GET /session/04234d49f989df1d8cc66cbbd9ee498b/screenshot - {}
RESULT: {"text":"Romania"}
COMMAND: GET /session/04234d49f989df1d8cc66cbbd9ee498b/screenshot - {}
RESULT: {}
RESULT: {}
COMMAND: POST /session/04234d49f989df1d8cc66cbbd9ee498b/element - {"using":"xpath","value":"//div[contains(text(), \"Commercial\")]"}
RESULT: {"using":"xpath","value":"//div[contains(text(), \"Commercial\")]"}
COMMAND: GET /session/04234d49f989df1d8cc66cbbd9ee498b/element/f.9E73453283219C642BED86114F2A427E.d.CABE6776BE50C7ADD19F9E834848A4E5.e.10998/rect - {}
RESULT: {}
COMMAND: GET /session/04234d49f989df1d8cc66cbbd9ee498b/window/rect - {}
RESULT: {}
COMMAND: POST /session/04234d49f989df1d8cc66cbbd9ee498b/execute/sync - {"script":"<script> [92 bytes]","args":[]}
RESULT: {"script":"<script> [92 bytes]","args":[]}
COMMAND: POST /session/04234d49f989df1d8cc66cbbd9ee498b/actions - {"actions":[{"id":"action65","type":"wheel","parameters":{},"actions":[{"type":"scroll","x":-1841,"y":-44,"deltaX":0,"deltaY":0,"duration":0,"origin":{"element-6066-11e4-a52e-4f735466cecf":"f.9E73453283219C642BED86114F2A427E.d.CABE6776BE50C7ADD19F9E834848A4E5.e.10998"}}]}]}
COMMAND: GET /session/04234d49f989df1d8cc66cbbd9ee498b/screenshot - {}
RESULT: {}
COMMAND: POST /session/04234d49f989df1d8cc66cbbd9ee498b/execute/sync - {"script":"<script> [79 bytes]","args":[{"element-6066-11e4-a52e-4f735466cecf":"f.9E73453283219C642BED86114F2A427E.d.CABE6776BE50C7ADD19F9E834848A4E5.e.10998","ELEMENT":"f.9E73453283219C642BED86114F2A427E.d.CABE6776BE50C7ADD19F9E834848A4E5.e.10998"},{"block":"start","inline":"nearest"}]}
RESULT: {"script":"<script> [79 bytes]","args":[{"element-6066-11e4-a52e-4f735466cecf":"f.9E73453283219C642BED86114F2A427E.d.CABE6776BE50C7ADD19F9E834848A4E5.e.10998","ELEMENT":"f.9E73453283219C642BED86114F2A427E.d.CABE6776BE50C7ADD19F9E834848A4E5.e.10998"},{"block":"start","inline":"nearest"}]}
COMMAND: GET /session/04234d49f989df1d8cc66cbbd9ee498b/screenshot - {}
RESULT: {}
COMMAND: POST /session/04234d49f989df1d8cc66cbbd9ee498b/execute/async - {"script":"<script> [1562 bytes]","args":[{"selector":{"id":"application-manageyards-display-component---NewYard--addressEditDetailsCostObjectCstType-arrow"},"wdio_ui5_key":"applicationmanageyards-display-component---NewYard--addressEditDetailsCostObjectCstType-arrow"}]}
RESULT: {"script":"<script> [1562 bytes]","args":[{"selector":{"id":"application-manageyards-display-component---NewYard--addressEditDetailsCostObjectCstType-arrow"},"wdio_ui5_key":"applicationmanageyards-display-component---NewYard--addressEditDetailsCostObjectCstType-arrow"}]}
RESULT: undefined
COMMAND: POST /session/04234d49f989df1d8cc66cbbd9ee498b/element - {"using":"xpath","value":"//*[@id=\"application-manageyards-display-component---NewYard--addressEditDetailsCostObjectCstType-arrow\"]"}
RESULT: {"using":"xpath","value":"//*[@id=\"application-manageyards-display-component---NewYard--addressEditDetailsCostObjectCstType-arrow\"]"}
COMMAND: POST /session/04234d49f989df1d8cc66cbbd9ee498b/element/f.9E73453283219C642BED86114F2A427E.d.CABE6776BE50C7ADD19F9E834848A4E5.e.11006/click - {}
RESULT: {}
COMMAND: POST /session/04234d49f989df1d8cc66cbbd9ee498b/element - {"using":"xpath","value":"//span[contains(text(), \"Cost Center\")]"}
COMMAND: GET /session/04234d49f989df1d8cc66cbbd9ee498b/screenshot - {}
RESULT: {"using":"xpath","value":"//span[contains(text(), \"Cost Center\")]"}
COMMAND: POST /session/04234d49f989df1d8cc66cbbd9ee498b/element/f.9E73453283219C642BED86114F2A427E.d.CABE6776BE50C7ADD19F9E834848A4E5.e.11007/click - {}
RESULT: {}
RESULT: {}
COMMAND: GET /session/04234d49f989df1d8cc66cbbd9ee498b/screenshot - {}
RESULT: {}
COMMAND: POST /session/04234d49f989df1d8cc66cbbd9ee498b/execute/async - {"script":"<script> [1562 bytes]","args":[{"selector":{"id":"application-manageyards-display-component---NewYard--addressNewCostObjectCstID-vhi"},"wdio_ui5_key":"applicationmanageyards-display-component---NewYard--addressNewCostObjectCstID-vhi"}]}
RESULT: {"script":"<script> [1562 bytes]","args":[{"selector":{"id":"application-manageyards-display-component---NewYard--addressNewCostObjectCstID-vhi"},"wdio_ui5_key":"applicationmanageyards-display-component---NewYard--addressNewCostObjectCstID-vhi"}]}
RESULT: undefined
COMMAND: POST /session/04234d49f989df1d8cc66cbbd9ee498b/element - {"using":"xpath","value":"//*[@id=\"application-manageyards-display-component---NewYard--addressNewCostObjectCstID-vhi\"]"}
RESULT: {"using":"xpath","value":"//*[@id=\"application-manageyards-display-component---NewYard--addressNewCostObjectCstID-vhi\"]"}
COMMAND: POST /session/04234d49f989df1d8cc66cbbd9ee498b/element/f.9E73453283219C642BED86114F2A427E.d.CABE6776BE50C7ADD19F9E834848A4E5.e.11022/click - {}
RESULT: {}
COMMAND: GET /session/04234d49f989df1d8cc66cbbd9ee498b/screenshot - {}
RESULT: {}
COMMAND: POST /session/04234d49f989df1d8cc66cbbd9ee498b/execute/async - {"script":"<script> [1562 bytes]","args":[{"selector":{"controlType":"sap.m.SearchField","properties":{"placeholder":"Search"},"searchOpenDialogs":true,"interaction":{"idSuffix":"I"}},"wdio_ui5_key":"sapm.SearchField{\"placeholder\":\"Search\"}"}]}
RESULT: {"script":"<script> [1562 bytes]","args":[{"selector":{"controlType":"sap.m.SearchField","properties":{"placeholder":"Search"},"searchOpenDialogs":true,"interaction":{"idSuffix":"I"}},"wdio_ui5_key":"sapm.SearchField{\"placeholder\":\"Search\"}"}]}
RESULT: undefined
COMMAND: POST /session/04234d49f989df1d8cc66cbbd9ee498b/execute/async - {"script":"<script> [776 bytes]","args":[{"enterText":"10001013","selector":{"controlType":"sap.m.SearchField","properties":{"placeholder":"Search"},"searchOpenDialogs":true,"interaction":{"idSuffix":"I"}},"clearTextFirst":true,"interactionType":"ENTER_TEXT"}]}
RESULT: {"script":"<script> [776 bytes]","args":[{"enterText":"10001013","selector":{"controlType":"sap.m.SearchField","properties":{"placeholder":"Search"},"searchOpenDialogs":true,"interaction":{"idSuffix":"I"}},"clearTextFirst":true,"interactionType":"ENTER_TEXT"}]}
COMMAND: POST /session/04234d49f989df1d8cc66cbbd9ee498b/actions - {"actions":[{"id":"action66","type":"key","parameters":{},"actions":[{"type":"keyDown","value":"î€‡"},{"type":"pause","duration":10},{"type":"keyUp","value":"î€‡"}]}]}
RESULT: {"actions":[{"id":"action66","type":"key","parameters":{},"actions":[{"type":"keyDown","value":"î€‡"},{"type":"pause","duration":10},{"type":"keyUp","value":"î€‡"}]}]}
COMMAND: GET /session/04234d49f989df1d8cc66cbbd9ee498b/screenshot - {}
RESULT: {}
COMMAND: POST /session/04234d49f989df1d8cc66cbbd9ee498b/element - {"using":"xpath","value":"//span[contains(text(), \"General Management\")]"}
RESULT: {"using":"xpath","value":"//span[contains(text(), \"General Management\")]"}
COMMAND: POST /session/04234d49f989df1d8cc66cbbd9ee498b/element/f.9E73453283219C642BED86114F2A427E.d.CABE6776BE50C7ADD19F9E834848A4E5.e.11064/click - {}
RESULT: {}
COMMAND: GET /session/04234d49f989df1d8cc66cbbd9ee498b/screenshot - {}
RESULT: {}
COMMAND: POST /session/04234d49f989df1d8cc66cbbd9ee498b/element - {"using":"xpath","value":"//bdi[contains(text(), \"OK\")]"}
RESULT: {"using":"xpath","value":"//bdi[contains(text(), \"OK\")]"}
COMMAND: POST /session/04234d49f989df1d8cc66cbbd9ee498b/element/f.9E73453283219C642BED86114F2A427E.d.CABE6776BE50C7ADD19F9E834848A4E5.e.11065/click - {}
RESULT: {}
COMMAND: GET /session/04234d49f989df1d8cc66cbbd9ee498b/screenshot - {}
RESULT: {}
COMMAND: POST /session/04234d49f989df1d8cc66cbbd9ee498b/execute/async - {"script":"<script> [1562 bytes]","args":[{"selector":{"controlType":"sap.m.Button","viewName":"etm.portal.ui.manageyards.view.New","viewId":"application-manageyards-display-component---NewYard","i18NText":{"propertyName":"text","key":"save"},"interaction":{"idSuffix":"inner"}},"wdio_ui5_key":"etmportal.ui.manageyards.view.Newsap.m.Button{\"propertyName\":\"text\",\"key\":\"save\"}"}]}
RESULT: {"script":"<script> [1562 bytes]","args":[{"selector":{"controlType":"sap.m.Button","viewName":"etm.portal.ui.manageyards.view.New","viewId":"application-manageyards-display-component---NewYard","i18NText":{"propertyName":"text","key":"save"},"interaction":{"idSuffix":"inner"}},"wdio_ui5_key":"etmportal.ui.manageyards.view.Newsap.m.Button{\"propertyName\":\"text\",\"key\":\"save\"}"}]}
RESULT: undefined
COMMAND: POST /session/04234d49f989df1d8cc66cbbd9ee498b/element - {"using":"xpath","value":"//*[@id=\"__button29\"]"}
RESULT: {"using":"xpath","value":"//*[@id=\"__button29\"]"}
COMMAND: POST /session/04234d49f989df1d8cc66cbbd9ee498b/element/f.9E73453283219C642BED86114F2A427E.d.CABE6776BE50C7ADD19F9E834848A4E5.e.10975/click - {}
RESULT: {}
COMMAND: GET /session/04234d49f989df1d8cc66cbbd9ee498b/screenshot - {}
RESULT: {}
COMMAND: POST /session/04234d49f989df1d8cc66cbbd9ee498b/element - {"using":"xpath","value":"//header/div/div[2]/div[2]/span"}
RESULT: {"using":"xpath","value":"//header/div/div[2]/div[2]/span"}
COMMAND: GET /session/04234d49f989df1d8cc66cbbd9ee498b/element/f.9E73453283219C642BED86114F2A427E.d.CABE6776BE50C7ADD19F9E834848A4E5.e.11264/text - {}
RESULT: {}
COMMAND: POST /session/04234d49f989df1d8cc66cbbd9ee498b/execute/async - {"script":"<script> [1562 bytes]","args":[{"selector":{"controlType":"sap.m.OverflowToolbarButton","viewName":"etm.portal.ui.manageyards.view.Detail","viewId":"application-manageyards-display-component---detailYard","i18NText":{"propertyName":"tooltip","key":"closeColumn"},"interaction":{"idSuffix":"inner"}},"wdio_ui5_key":"etmportal.ui.manageyards.view.Detailsap.m.OverflowToolbarButton{\"propertyName\":\"tooltip\",\"key\":\"closeColumn\"}"}]}
RESULT: {"script":"<script> [1562 bytes]","args":[{"selector":{"controlType":"sap.m.OverflowToolbarButton","viewName":"etm.portal.ui.manageyards.view.Detail","viewId":"application-manageyards-display-component---detailYard","i18NText":{"propertyName":"tooltip","key":"closeColumn"},"interaction":{"idSuffix":"inner"}},"wdio_ui5_key":"etmportal.ui.manageyards.view.Detailsap.m.OverflowToolbarButton{\"propertyName\":\"tooltip\",\"key\":\"closeColumn\"}"}]}
RESULT: undefined
COMMAND: POST /session/04234d49f989df1d8cc66cbbd9ee498b/element - {"using":"xpath","value":"//*[@id=\"__button53\"]"}
RESULT: {"using":"xpath","value":"//*[@id=\"__button53\"]"}
COMMAND: POST /session/04234d49f989df1d8cc66cbbd9ee498b/element/f.9E73453283219C642BED86114F2A427E.d.CABE6776BE50C7ADD19F9E834848A4E5.e.11266/click - {}
RESULT: {}
COMMAND: GET /session/04234d49f989df1d8cc66cbbd9ee498b/screenshot - {}
RESULT: {}
COMMAND: POST /session/04234d49f989df1d8cc66cbbd9ee498b/element - {"using":"css selector","value":"#shell-header-logo"}
RESULT: {"using":"css selector","value":"#shell-header-logo"}
COMMAND: POST /session/04234d49f989df1d8cc66cbbd9ee498b/element/f.9E73453283219C642BED86114F2A427E.d.CABE6776BE50C7ADD19F9E834848A4E5.e.10538/click - {}
RESULT: {}
COMMAND: GET /session/04234d49f989df1d8cc66cbbd9ee498b/screenshot - {}
RESULT: {}
COMMAND: POST /session/04234d49f989df1d8cc66cbbd9ee498b/refresh - {}
RESULT: {}
COMMAND: GET /session/04234d49f989df1d8cc66cbbd9ee498b/screenshot - {}
RESULT: {}
COMMAND: POST /session/04234d49f989df1d8cc66cbbd9ee498b/execute/async - {"script":"<script> [189 bytes]","args":[]}
RESULT: {"script":"<script> [189 bytes]","args":[]}
COMMAND: POST /session/04234d49f989df1d8cc66cbbd9ee498b/execute/async - {"script":"<script> [123 bytes]","args":[]}
RESULT: {"script":"<script> [123 bytes]","args":[]}
COMMAND: POST /session/04234d49f989df1d8cc66cbbd9ee498b/timeouts - {"script":"<number>"}
RESULT: {"script":"<number>"}
COMMAND: GET /session/04234d49f989df1d8cc66cbbd9ee498b/timeouts - {}
RESULT: {}
RESULT: undefined
COMMAND: POST /session/04234d49f989df1d8cc66cbbd9ee498b/execute/async - {"script":"<script> [2676 bytes]","args":[]}
RESULT: {"script":"<script> [2676 bytes]","args":[]}
COMMAND: POST /session/04234d49f989df1d8cc66cbbd9ee498b/execute/async - {"script":"<script> [2342 bytes]","args":[{"protocol":"http","hostname":"0.0.0.0","path":"/","capabilities":{"browserName":"chrome","goog:chromeOptions":{"binary":"C:\\Program Files\\Google\\Chrome\\Application\\chrome.exe","args":["--start-maximized"]}},"logLevel":"warn","connectionRetryTimeout":120000,"connectionRetryCount":3,"logLevels":{},"enableDirectConnect":true,"strictSSL":true,"_":"65 more keys: [\"cacheDir\",\"port\",\"requestedCapabilities\",\"automationProtocol\",\"baseUrl\",\"waitforInterval\",\"waitforTimeout\",\"onReload\",\"beforeCommand\",\"afterCommand\",\"rootDir\",\"specs\",\"suites\",\"exclude\",\"groupLogsByTestSpec\",\"excludeDriverLogs\",\"bail\",\"framework\",\"reporters\",\"services\",\"maxInstances\",\"maxInstancesPerCapability\",\"injectGlobals\",\"filesToWatch\",\"execArgv\",\"runnerEnv\",\"runner\",\"shard\",\"specFileRetries\",\"specFileRetriesDelay\",\"specFileRetriesDeferred\",\"reporterSyncInterval\",\"reporterSyncTimeout\",\"cucumberFeaturesWithLineNumbers\",\"autoCompileOpts\",\"mochaOpts\",\"jasmineOpts\",\"cucumberOpts\",\"onPrepare\",\"onWorkerStart\",\"onWorkerEnd\",\"before\",\"beforeSession\",\"beforeSuite\",\"beforeHook\",\"beforeTest\",\"afterTest\",\"afterHook\",\"afterSuite\",\"afterSession\",\"after\",\"onComplete\",\"beforeAssertion\",\"afterAssertion\",\"beforeFeature\",\"beforeScenario\",\"beforeStep\",\"afterStep\",\"afterScenario\",\"afterFeature\",\"_\",\"suite\",\"$0\",\"ignoredWorkerServices\",\"wdi5\"]"}]}
RESULT: {"script":"<script> [2342 bytes]","args":[{"protocol":"http","hostname":"0.0.0.0","path":"/","capabilities":{"browserName":"chrome","goog:chromeOptions":{"binary":"C:\\Program Files\\Google\\Chrome\\Application\\chrome.exe","args":["--start-maximized"]}},"logLevel":"warn","connectionRetryTimeout":120000,"connectionRetryCount":3,"logLevels":{},"enableDirectConnect":true,"strictSSL":true,"_":"65 more keys: [\"cacheDir\",\"port\",\"requestedCapabilities\",\"automationProtocol\",\"baseUrl\",\"waitforInterval\",\"waitforTimeout\",\"onReload\",\"beforeCommand\",\"afterCommand\",\"rootDir\",\"specs\",\"suites\",\"exclude\",\"groupLogsByTestSpec\",\"excludeDriverLogs\",\"bail\",\"framework\",\"reporters\",\"services\",\"maxInstances\",\"maxInstancesPerCapability\",\"injectGlobals\",\"filesToWatch\",\"execArgv\",\"runnerEnv\",\"runner\",\"shard\",\"specFileRetries\",\"specFileRetriesDelay\",\"specFileRetriesDeferred\",\"reporterSyncInterval\",\"reporterSyncTimeout\",\"cucumberFeaturesWithLineNumbers\",\"autoCompileOpts\",\"mochaOpts\",\"jasmineOpts\",\"cucumberOpts\",\"onPrepare\",\"onWorkerStart\",\"onWorkerEnd\",\"before\",\"beforeSession\",\"beforeSuite\",\"beforeHook\",\"beforeTest\",\"afterTest\",\"afterHook\",\"afterSuite\",\"afterSession\",\"after\",\"onComplete\",\"beforeAssertion\",\"afterAssertion\",\"beforeFeature\",\"beforeScenario\",\"beforeStep\",\"afterStep\",\"afterScenario\",\"afterFeature\",\"_\",\"suite\",\"$0\",\"ignoredWorkerServices\",\"wdi5\"]"}]}
COMMAND: POST /session/04234d49f989df1d8cc66cbbd9ee498b/execute/async - {"script":"<script> [21126 bytes]","args":[35000]}
RESULT: {"script":"<script> [21126 bytes]","args":[35000]}
COMMAND: POST /session/04234d49f989df1d8cc66cbbd9ee498b/execute/async - {"script":"<script> [1562 bytes]","args":[{"selector":{"controlType":"sap.m.GenericTile","properties":{"header":"Manage Partners"}},"wdio_ui5_key":"sapm.GenericTile{\"header\":\"Manage Partners\"}"}]}
RESULT: {"script":"<script> [1562 bytes]","args":[{"selector":{"controlType":"sap.m.GenericTile","properties":{"header":"Manage Partners"}},"wdio_ui5_key":"sapm.GenericTile{\"header\":\"Manage Partners\"}"}]}
RESULT: undefined
COMMAND: POST /session/04234d49f989df1d8cc66cbbd9ee498b/element - {"using":"xpath","value":"//*[@id=\"__tile38\"]"}
RESULT: {"using":"xpath","value":"//*[@id=\"__tile38\"]"}
COMMAND: POST /session/04234d49f989df1d8cc66cbbd9ee498b/element/f.9E73453283219C642BED86114F2A427E.d.08250A55178EFE7BBE2294C86648F74F.e.11616/click - {}
RESULT: {}
COMMAND: GET /session/04234d49f989df1d8cc66cbbd9ee498b/screenshot - {}
RESULT: {}
COMMAND: POST /session/04234d49f989df1d8cc66cbbd9ee498b/execute/async - {"script":"<script> [1562 bytes]","args":[{"selector":{"controlType":"sap.ui.core.Icon","viewName":"etm.portal.ui.managepartners.view.Master","viewId":"application-managepartners-display-component---masterPtm","properties":{"src":{"regex":{"source":"add"}}}},"wdio_ui5_key":"etmportal.ui.managepartners.view.Mastersap.ui.core.Icon{\"src\":{\"regex\":{\"source\":\"add\"}}}"}]}
RESULT: {"script":"<script> [1562 bytes]","args":[{"selector":{"controlType":"sap.ui.core.Icon","viewName":"etm.portal.ui.managepartners.view.Master","viewId":"application-managepartners-display-component---masterPtm","properties":{"src":{"regex":{"source":"add"}}}},"wdio_ui5_key":"etmportal.ui.managepartners.view.Mastersap.ui.core.Icon{\"src\":{\"regex\":{\"source\":\"add\"}}}"}]}
RESULT: undefined
COMMAND: POST /session/04234d49f989df1d8cc66cbbd9ee498b/element - {"using":"xpath","value":"//*[@id=\"__button4-img\"]"}
RESULT: {"using":"xpath","value":"//*[@id=\"__button4-img\"]"}
COMMAND: POST /session/04234d49f989df1d8cc66cbbd9ee498b/element/f.9E73453283219C642BED86114F2A427E.d.08250A55178EFE7BBE2294C86648F74F.e.11666/click - {}
RESULT: {}
COMMAND: GET /session/04234d49f989df1d8cc66cbbd9ee498b/screenshot - {}
RESULT: {}
COMMAND: POST /session/04234d49f989df1d8cc66cbbd9ee498b/execute/async - {"script":"<script> [1562 bytes]","args":[{"selector":{"id":"application-managepartners-display-component---NewPartner--partnerId","interaction":{"idSuffix":"inner"}},"wdio_ui5_key":"applicationmanagepartners-display-component---NewPartner--partnerId"}]}
RESULT: {"script":"<script> [1562 bytes]","args":[{"selector":{"id":"application-managepartners-display-component---NewPartner--partnerId","interaction":{"idSuffix":"inner"}},"wdio_ui5_key":"applicationmanagepartners-display-component---NewPartner--partnerId"}]}
RESULT: undefined
COMMAND: POST /session/04234d49f989df1d8cc66cbbd9ee498b/execute/async - {"script":"<script> [1562 bytes]","args":[{"selector":{"id":"application-managepartners-display-component---NewPartner--addressDetailDetailsName1","interaction":{"idSuffix":"inner"}},"wdio_ui5_key":"applicationmanagepartners-display-component---NewPartner--addressDetailDetailsName1"}]}
RESULT: {"script":"<script> [1562 bytes]","args":[{"selector":{"id":"application-managepartners-display-component---NewPartner--addressDetailDetailsName1","interaction":{"idSuffix":"inner"}},"wdio_ui5_key":"applicationmanagepartners-display-component---NewPartner--addressDetailDetailsName1"}]}
RESULT: undefined
COMMAND: POST /session/04234d49f989df1d8cc66cbbd9ee498b/execute/async - {"script":"<script> [776 bytes]","args":[{"enterText":"WebdriverPartnernpxaf","selector":{"id":"application-managepartners-display-component---NewPartner--addressDetailDetailsName1","interaction":{"idSuffix":"inner"}},"clearTextFirst":true,"interactionType":"ENTER_TEXT"}]}
RESULT: {"script":"<script> [776 bytes]","args":[{"enterText":"WebdriverPartnernpxaf","selector":{"id":"application-managepartners-display-component---NewPartner--addressDetailDetailsName1","interaction":{"idSuffix":"inner"}},"clearTextFirst":true,"interactionType":"ENTER_TEXT"}]}
COMMAND: POST /session/04234d49f989df1d8cc66cbbd9ee498b/execute/async - {"script":"<script> [1562 bytes]","args":[{"selector":{"id":"application-managepartners-display-component---NewPartner--addressDetailDetailsLanguage","interaction":{"idSuffix":"inner"}},"wdio_ui5_key":"applicationmanagepartners-display-component---NewPartner--addressDetailDetailsLanguage"}]}
RESULT: {"script":"<script> [1562 bytes]","args":[{"selector":{"id":"application-managepartners-display-component---NewPartner--addressDetailDetailsLanguage","interaction":{"idSuffix":"inner"}},"wdio_ui5_key":"applicationmanagepartners-display-component---NewPartner--addressDetailDetailsLanguage"}]}
RESULT: undefined
COMMAND: POST /session/04234d49f989df1d8cc66cbbd9ee498b/execute/async - {"script":"<script> [776 bytes]","args":[{"enterText":"Romanian","selector":{"id":"application-managepartners-display-component---NewPartner--addressDetailDetailsLanguage","interaction":{"idSuffix":"inner"}},"clearTextFirst":true,"interactionType":"ENTER_TEXT"}]}
RESULT: {"script":"<script> [776 bytes]","args":[{"enterText":"Romanian","selector":{"id":"application-managepartners-display-component---NewPartner--addressDetailDetailsLanguage","interaction":{"idSuffix":"inner"}},"clearTextFirst":true,"interactionType":"ENTER_TEXT"}]}
COMMAND: POST /session/04234d49f989df1d8cc66cbbd9ee498b/element - {"using":"xpath","value":"//input[contains(@id ,\"application-managepartners-display-component---NewPartner--addressDetailDetailsName1-inner\")]"}
RESULT: {"using":"xpath","value":"//input[contains(@id ,\"application-managepartners-display-component---NewPartner--addressDetailDetailsName1-inner\")]"}
COMMAND: GET /session/04234d49f989df1d8cc66cbbd9ee498b/element/f.9E73453283219C642BED86114F2A427E.d.08250A55178EFE7BBE2294C86648F74F.e.11841/property/value - {}
RESULT: {}
COMMAND: POST /session/04234d49f989df1d8cc66cbbd9ee498b/execute/async - {"script":"<script> [1562 bytes]","args":[{"selector":{"id":"application-managepartners-display-component---NewPartner--addressDetailDetailsCity1","interaction":{"idSuffix":"inner"}},"wdio_ui5_key":"applicationmanagepartners-display-component---NewPartner--addressDetailDetailsCity1"}]}
COMMAND: GET /session/04234d49f989df1d8cc66cbbd9ee498b/screenshot - {}
RESULT: {"script":"<script> [1562 bytes]","args":[{"selector":{"id":"application-managepartners-display-component---NewPartner--addressDetailDetailsCity1","interaction":{"idSuffix":"inner"}},"wdio_ui5_key":"applicationmanagepartners-display-component---NewPartner--addressDetailDetailsCity1"}]}
RESULT: undefined
COMMAND: POST /session/04234d49f989df1d8cc66cbbd9ee498b/execute/async - {"script":"<script> [776 bytes]","args":[{"enterText":"Bucharest","selector":{"id":"application-managepartners-display-component---NewPartner--addressDetailDetailsCity1","interaction":{"idSuffix":"inner"}},"clearTextFirst":true,"interactionType":"ENTER_TEXT"}]}
RESULT: {}
RESULT: {"script":"<script> [776 bytes]","args":[{"enterText":"Bucharest","selector":{"id":"application-managepartners-display-component---NewPartner--addressDetailDetailsCity1","interaction":{"idSuffix":"inner"}},"clearTextFirst":true,"interactionType":"ENTER_TEXT"}]}
COMMAND: POST /session/04234d49f989df1d8cc66cbbd9ee498b/execute/async - {"script":"<script> [1562 bytes]","args":[{"selector":{"id":"application-managepartners-display-component---NewPartner--addressDetailDetailsCountry","interaction":{"idSuffix":"inner"}},"wdio_ui5_key":"applicationmanagepartners-display-component---NewPartner--addressDetailDetailsCountry"}]}
RESULT: {"script":"<script> [1562 bytes]","args":[{"selector":{"id":"application-managepartners-display-component---NewPartner--addressDetailDetailsCountry","interaction":{"idSuffix":"inner"}},"wdio_ui5_key":"applicationmanagepartners-display-component---NewPartner--addressDetailDetailsCountry"}]}
RESULT: undefined
COMMAND: POST /session/04234d49f989df1d8cc66cbbd9ee498b/execute/async - {"script":"<script> [6424 bytes]","args":[{"element-6066-11e4-a52e-4f735466cecf":"f.9E73453283219C642BED86114F2A427E.d.08250A55178EFE7BBE2294C86648F74F.e.11848"},"setValue",["Romania"]]}
RESULT: {"script":"<script> [6424 bytes]","args":[{"element-6066-11e4-a52e-4f735466cecf":"f.9E73453283219C642BED86114F2A427E.d.08250A55178EFE7BBE2294C86648F74F.e.11848"},"setValue",["Romania"]]}
COMMAND: POST /session/04234d49f989df1d8cc66cbbd9ee498b/execute/async - {"script":"<script> [1562 bytes]","args":[{"selector":{"id":"application-managepartners-display-component---NewPartner--partnerDetailInternal","interaction":{"idSuffix":"inner"}},"wdio_ui5_key":"applicationmanagepartners-display-component---NewPartner--partnerDetailInternal"}]}
RESULT: {"script":"<script> [1562 bytes]","args":[{"selector":{"id":"application-managepartners-display-component---NewPartner--partnerDetailInternal","interaction":{"idSuffix":"inner"}},"wdio_ui5_key":"applicationmanagepartners-display-component---NewPartner--partnerDetailInternal"}]}
RESULT: undefined
COMMAND: POST /session/04234d49f989df1d8cc66cbbd9ee498b/execute/async - {"script":"<script> [776 bytes]","args":[{"enterText":"External partner","selector":{"id":"application-managepartners-display-component---NewPartner--partnerDetailInternal","interaction":{"idSuffix":"inner"}},"clearTextFirst":true,"interactionType":"ENTER_TEXT"}]}
RESULT: {"script":"<script> [776 bytes]","args":[{"enterText":"External partner","selector":{"id":"application-managepartners-display-component---NewPartner--partnerDetailInternal","interaction":{"idSuffix":"inner"}},"clearTextFirst":true,"interactionType":"ENTER_TEXT"}]}
COMMAND: POST /session/04234d49f989df1d8cc66cbbd9ee498b/execute/async - {"script":"<script> [1562 bytes]","args":[{"selector":{"id":"application-managepartners-display-component---NewPartner--partnerDetailsCurrency","interaction":{"idSuffix":"inner"}},"wdio_ui5_key":"applicationmanagepartners-display-component---NewPartner--partnerDetailsCurrency"}]}
RESULT: {"script":"<script> [1562 bytes]","args":[{"selector":{"id":"application-managepartners-display-component---NewPartner--partnerDetailsCurrency","interaction":{"idSuffix":"inner"}},"wdio_ui5_key":"applicationmanagepartners-display-component---NewPartner--partnerDetailsCurrency"}]}
RESULT: undefined
COMMAND: POST /session/04234d49f989df1d8cc66cbbd9ee498b/execute/async - {"script":"<script> [776 bytes]","args":[{"enterText":"Euro","selector":{"id":"application-managepartners-display-component---NewPartner--partnerDetailsCurrency","interaction":{"idSuffix":"inner"}},"clearTextFirst":true,"interactionType":"ENTER_TEXT"}]}
RESULT: {"script":"<script> [776 bytes]","args":[{"enterText":"Euro","selector":{"id":"application-managepartners-display-component---NewPartner--partnerDetailsCurrency","interaction":{"idSuffix":"inner"}},"clearTextFirst":true,"interactionType":"ENTER_TEXT"}]}
COMMAND: POST /session/04234d49f989df1d8cc66cbbd9ee498b/execute/async - {"script":"<script> [1562 bytes]","args":[{"selector":{"controlType":"sap.m.Button","viewName":"etm.portal.ui.managepartners.view.NewPartner","viewId":"application-managepartners-display-component---NewPartner","properties":{"text":"Commercial"},"interaction":{"idSuffix":"BDI-content"}},"wdio_ui5_key":"etmportal.ui.managepartners.view.NewPartnersap.m.Button{\"text\":\"Commercial\"}"}]}
RESULT: {"script":"<script> [1562 bytes]","args":[{"selector":{"controlType":"sap.m.Button","viewName":"etm.portal.ui.managepartners.view.NewPartner","viewId":"application-managepartners-display-component---NewPartner","properties":{"text":"Commercial"},"interaction":{"idSuffix":"BDI-content"}},"wdio_ui5_key":"etmportal.ui.managepartners.view.NewPartnersap.m.Button{\"text\":\"Commercial\"}"}]}
RESULT: undefined
COMMAND: POST /session/04234d49f989df1d8cc66cbbd9ee498b/element - {"using":"xpath","value":"//*[@id=\"application-managepartners-display-component---NewPartner--ObjectPageLayout-anchBar-__section5-anchor\"]"}
RESULT: {"using":"xpath","value":"//*[@id=\"application-managepartners-display-component---NewPartner--ObjectPageLayout-anchBar-__section5-anchor\"]"}
COMMAND: POST /session/04234d49f989df1d8cc66cbbd9ee498b/element/f.9E73453283219C642BED86114F2A427E.d.08250A55178EFE7BBE2294C86648F74F.e.12088/click - {}
RESULT: {}
COMMAND: GET /session/04234d49f989df1d8cc66cbbd9ee498b/screenshot - {}
RESULT: {}
COMMAND: POST /session/04234d49f989df1d8cc66cbbd9ee498b/execute/async - {"script":"<script> [1562 bytes]","args":[{"selector":{"id":"application-managepartners-display-component---NewPartner--btnAddTableRow-img"},"wdio_ui5_key":"applicationmanagepartners-display-component---NewPartner--btnAddTableRow-img"}]}
RESULT: {"script":"<script> [1562 bytes]","args":[{"selector":{"id":"application-managepartners-display-component---NewPartner--btnAddTableRow-img"},"wdio_ui5_key":"applicationmanagepartners-display-component---NewPartner--btnAddTableRow-img"}]}
RESULT: undefined
COMMAND: POST /session/04234d49f989df1d8cc66cbbd9ee498b/element - {"using":"xpath","value":"//*[@id=\"application-managepartners-display-component---NewPartner--btnAddTableRow-img\"]"}
RESULT: {"using":"xpath","value":"//*[@id=\"application-managepartners-display-component---NewPartner--btnAddTableRow-img\"]"}
COMMAND: POST /session/04234d49f989df1d8cc66cbbd9ee498b/element/f.9E73453283219C642BED86114F2A427E.d.08250A55178EFE7BBE2294C86648F74F.e.12094/click - {}
RESULT: {}
COMMAND: POST /session/04234d49f989df1d8cc66cbbd9ee498b/element - {"using":"xpath","value":"//input[contains(@id ,\"application-managepartners-display-component---NewPartner--assignmentYard-application-managepartners-display-component---NewPartner\")]"}
COMMAND: GET /session/04234d49f989df1d8cc66cbbd9ee498b/screenshot - {}
RESULT: {"using":"xpath","value":"//input[contains(@id ,\"application-managepartners-display-component---NewPartner--assignmentYard-application-managepartners-display-component---NewPartner\")]"}
COMMAND: POST /session/04234d49f989df1d8cc66cbbd9ee498b/element/f.9E73453283219C642BED86114F2A427E.d.08250A55178EFE7BBE2294C86648F74F.e.12099/clear - {}
RESULT: {}
RESULT: {}
COMMAND: POST /session/04234d49f989df1d8cc66cbbd9ee498b/element/f.9E73453283219C642BED86114F2A427E.d.08250A55178EFE7BBE2294C86648F74F.e.12099/value - {"text":"536"}
COMMAND: GET /session/04234d49f989df1d8cc66cbbd9ee498b/screenshot - {}
RESULT: {"text":"536"}
COMMAND: GET /session/04234d49f989df1d8cc66cbbd9ee498b/screenshot - {}
RESULT: {}
RESULT: {}
COMMAND: POST /session/04234d49f989df1d8cc66cbbd9ee498b/execute/async - {"script":"<script> [1562 bytes]","args":[{"selector":{"controlType":"sap.m.Button","viewName":"etm.portal.ui.managepartners.view.NewPartner","viewId":"application-managepartners-display-component---NewPartner","i18NText":{"propertyName":"text","key":"save"},"interaction":{"idSuffix":"BDI-content"}},"wdio_ui5_key":"etmportal.ui.managepartners.view.NewPartnersap.m.Button{\"propertyName\":\"text\",\"key\":\"save\"}"}]}
RESULT: {"script":"<script> [1562 bytes]","args":[{"selector":{"controlType":"sap.m.Button","viewName":"etm.portal.ui.managepartners.view.NewPartner","viewId":"application-managepartners-display-component---NewPartner","i18NText":{"propertyName":"text","key":"save"},"interaction":{"idSuffix":"BDI-content"}},"wdio_ui5_key":"etmportal.ui.managepartners.view.NewPartnersap.m.Button{\"propertyName\":\"text\",\"key\":\"save\"}"}]}
RESULT: undefined
COMMAND: POST /session/04234d49f989df1d8cc66cbbd9ee498b/element - {"using":"xpath","value":"//*[@id=\"__button12\"]"}
RESULT: {"using":"xpath","value":"//*[@id=\"__button12\"]"}
COMMAND: POST /session/04234d49f989df1d8cc66cbbd9ee498b/element/f.9E73453283219C642BED86114F2A427E.d.08250A55178EFE7BBE2294C86648F74F.e.12064/click - {}
RESULT: {}
COMMAND: GET /session/04234d49f989df1d8cc66cbbd9ee498b/screenshot - {}
RESULT: {}
COMMAND: POST /session/04234d49f989df1d8cc66cbbd9ee498b/element - {"using":"xpath","value":"//header/div/div[2]/div[2]/span"}
RESULT: {"using":"xpath","value":"//header/div/div[2]/div[2]/span"}
COMMAND: GET /session/04234d49f989df1d8cc66cbbd9ee498b/element/f.9E73453283219C642BED86114F2A427E.d.08250A55178EFE7BBE2294C86648F74F.e.12269/text - {}
RESULT: {}
COMMAND: POST /session/04234d49f989df1d8cc66cbbd9ee498b/element - {"using":"xpath","value":"//header/div/div/div/div/div/div[2]/div/span"}
RESULT: {"using":"xpath","value":"//header/div/div/div/div/div/div[2]/div/span"}
COMMAND: GET /session/04234d49f989df1d8cc66cbbd9ee498b/element/f.9E73453283219C642BED86114F2A427E.d.08250A55178EFE7BBE2294C86648F74F.e.12270/text - {}
RESULT: {}
COMMAND: POST /session/04234d49f989df1d8cc66cbbd9ee498b/execute/async - {"script":"<script> [1562 bytes]","args":[{"selector":{"id":"application-managepartners-display-component---detailPtm--partnerType"},"wdio_ui5_key":"applicationmanagepartners-display-component---detailPtm--partnerType"}]}
RESULT: {"script":"<script> [1562 bytes]","args":[{"selector":{"id":"application-managepartners-display-component---detailPtm--partnerType"},"wdio_ui5_key":"applicationmanagepartners-display-component---detailPtm--partnerType"}]}
RESULT: undefined
COMMAND: POST /session/04234d49f989df1d8cc66cbbd9ee498b/execute/async - {"script":"<script> [6424 bytes]","args":[{"element-6066-11e4-a52e-4f735466cecf":"f.9E73453283219C642BED86114F2A427E.d.08250A55178EFE7BBE2294C86648F74F.e.12271"},"getText",[]]}
RESULT: {"script":"<script> [6424 bytes]","args":[{"element-6066-11e4-a52e-4f735466cecf":"f.9E73453283219C642BED86114F2A427E.d.08250A55178EFE7BBE2294C86648F74F.e.12271"},"getText",[]]}
COMMAND: POST /session/04234d49f989df1d8cc66cbbd9ee498b/element - {"using":"css selector","value":"#shell-header-logo"}
RESULT: {"using":"css selector","value":"#shell-header-logo"}
COMMAND: POST /session/04234d49f989df1d8cc66cbbd9ee498b/element/f.9E73453283219C642BED86114F2A427E.d.08250A55178EFE7BBE2294C86648F74F.e.11617/click - {}
RESULT: {}
COMMAND: GET /session/04234d49f989df1d8cc66cbbd9ee498b/screenshot - {}
RESULT: {}
COMMAND: POST /session/04234d49f989df1d8cc66cbbd9ee498b/execute/async - {"script":"<script> [1562 bytes]","args":[{"selector":{"controlType":"sap.m.GenericTile","properties":{"header":"Manage Sites"}},"wdio_ui5_key":"sapm.GenericTile{\"header\":\"Manage Sites\"}"}]}
RESULT: {"script":"<script> [1562 bytes]","args":[{"selector":{"controlType":"sap.m.GenericTile","properties":{"header":"Manage Sites"}},"wdio_ui5_key":"sapm.GenericTile{\"header\":\"Manage Sites\"}"}]}
RESULT: undefined
COMMAND: POST /session/04234d49f989df1d8cc66cbbd9ee498b/element - {"using":"xpath","value":"//*[@id=\"__tile40\"]"}
RESULT: {"using":"xpath","value":"//*[@id=\"__tile40\"]"}
COMMAND: POST /session/04234d49f989df1d8cc66cbbd9ee498b/element/f.9E73453283219C642BED86114F2A427E.d.08250A55178EFE7BBE2294C86648F74F.e.12273/click - {}
RESULT: {}
COMMAND: GET /session/04234d49f989df1d8cc66cbbd9ee498b/screenshot - {}
RESULT: {}
COMMAND: POST /session/04234d49f989df1d8cc66cbbd9ee498b/execute/async - {"script":"<script> [1562 bytes]","args":[{"selector":{"controlType":"sap.ui.core.Icon","viewName":"etm.portal.ui.managesites.view.Master","viewId":"application-managesites-display-component---masterSite","properties":{"src":{"regex":{"source":"add"}}}},"wdio_ui5_key":"etmportal.ui.managesites.view.Mastersap.ui.core.Icon{\"src\":{\"regex\":{\"source\":\"add\"}}}"}]}
RESULT: {"script":"<script> [1562 bytes]","args":[{"selector":{"controlType":"sap.ui.core.Icon","viewName":"etm.portal.ui.managesites.view.Master","viewId":"application-managesites-display-component---masterSite","properties":{"src":{"regex":{"source":"add"}}}},"wdio_ui5_key":"etmportal.ui.managesites.view.Mastersap.ui.core.Icon{\"src\":{\"regex\":{\"source\":\"add\"}}}"}]}
RESULT: undefined
COMMAND: POST /session/04234d49f989df1d8cc66cbbd9ee498b/element - {"using":"xpath","value":"//*[@id=\"__button52-img\"]"}
RESULT: {"using":"xpath","value":"//*[@id=\"__button52-img\"]"}
COMMAND: POST /session/04234d49f989df1d8cc66cbbd9ee498b/element/f.9E73453283219C642BED86114F2A427E.d.08250A55178EFE7BBE2294C86648F74F.e.12322/click - {}
RESULT: {}
COMMAND: POST /session/04234d49f989df1d8cc66cbbd9ee498b/execute/async - {"script":"<script> [1562 bytes]","args":[{"selector":{"id":"application-managesites-display-component---NewSite--siteId","interaction":{"idSuffix":"inner"}},"wdio_ui5_key":"applicationmanagesites-display-component---NewSite--siteId"}]}
COMMAND: GET /session/04234d49f989df1d8cc66cbbd9ee498b/screenshot - {}
RESULT: {"script":"<script> [1562 bytes]","args":[{"selector":{"id":"application-managesites-display-component---NewSite--siteId","interaction":{"idSuffix":"inner"}},"wdio_ui5_key":"applicationmanagesites-display-component---NewSite--siteId"}]}
RESULT: undefined
COMMAND: POST /session/04234d49f989df1d8cc66cbbd9ee498b/execute/async - {"script":"<script> [1562 bytes]","args":[{"selector":{"id":"application-managesites-display-component---NewSite--addressDetailDetailsName1","interaction":{"idSuffix":"inner"}},"wdio_ui5_key":"applicationmanagesites-display-component---NewSite--addressDetailDetailsName1"}]}
RESULT: {}
RESULT: {"script":"<script> [1562 bytes]","args":[{"selector":{"id":"application-managesites-display-component---NewSite--addressDetailDetailsName1","interaction":{"idSuffix":"inner"}},"wdio_ui5_key":"applicationmanagesites-display-component---NewSite--addressDetailDetailsName1"}]}
RESULT: undefined
COMMAND: POST /session/04234d49f989df1d8cc66cbbd9ee498b/execute/async - {"script":"<script> [776 bytes]","args":[{"enterText":"WebdriverSitevw85k","selector":{"id":"application-managesites-display-component---NewSite--addressDetailDetailsName1","interaction":{"idSuffix":"inner"}},"clearTextFirst":true,"interactionType":"ENTER_TEXT"}]}
RESULT: {"script":"<script> [776 bytes]","args":[{"enterText":"WebdriverSitevw85k","selector":{"id":"application-managesites-display-component---NewSite--addressDetailDetailsName1","interaction":{"idSuffix":"inner"}},"clearTextFirst":true,"interactionType":"ENTER_TEXT"}]}
COMMAND: POST /session/04234d49f989df1d8cc66cbbd9ee498b/execute/async - {"script":"<script> [1562 bytes]","args":[{"selector":{"id":"application-managesites-display-component---NewSite--addressDetailDetailsLanguage","interaction":{"idSuffix":"inner"}},"wdio_ui5_key":"applicationmanagesites-display-component---NewSite--addressDetailDetailsLanguage"}]}
RESULT: {"script":"<script> [1562 bytes]","args":[{"selector":{"id":"application-managesites-display-component---NewSite--addressDetailDetailsLanguage","interaction":{"idSuffix":"inner"}},"wdio_ui5_key":"applicationmanagesites-display-component---NewSite--addressDetailDetailsLanguage"}]}
RESULT: undefined
COMMAND: POST /session/04234d49f989df1d8cc66cbbd9ee498b/execute/async - {"script":"<script> [776 bytes]","args":[{"enterText":"Romanian","selector":{"id":"application-managesites-display-component---NewSite--addressDetailDetailsLanguage","interaction":{"idSuffix":"inner"}},"clearTextFirst":true,"interactionType":"ENTER_TEXT"}]}
RESULT: {"script":"<script> [776 bytes]","args":[{"enterText":"Romanian","selector":{"id":"application-managesites-display-component---NewSite--addressDetailDetailsLanguage","interaction":{"idSuffix":"inner"}},"clearTextFirst":true,"interactionType":"ENTER_TEXT"}]}
COMMAND: POST /session/04234d49f989df1d8cc66cbbd9ee498b/execute/async - {"script":"<script> [1562 bytes]","args":[{"selector":{"id":"application-managesites-display-component---NewSite--addressDetailDetailsCity1","interaction":{"idSuffix":"inner"}},"wdio_ui5_key":"applicationmanagesites-display-component---NewSite--addressDetailDetailsCity1"}]}
RESULT: {"script":"<script> [1562 bytes]","args":[{"selector":{"id":"application-managesites-display-component---NewSite--addressDetailDetailsCity1","interaction":{"idSuffix":"inner"}},"wdio_ui5_key":"applicationmanagesites-display-component---NewSite--addressDetailDetailsCity1"}]}
RESULT: undefined
COMMAND: POST /session/04234d49f989df1d8cc66cbbd9ee498b/execute/async - {"script":"<script> [776 bytes]","args":[{"enterText":"Bucharest","selector":{"id":"application-managesites-display-component---NewSite--addressDetailDetailsCity1","interaction":{"idSuffix":"inner"}},"clearTextFirst":true,"interactionType":"ENTER_TEXT"}]}
RESULT: {"script":"<script> [776 bytes]","args":[{"enterText":"Bucharest","selector":{"id":"application-managesites-display-component---NewSite--addressDetailDetailsCity1","interaction":{"idSuffix":"inner"}},"clearTextFirst":true,"interactionType":"ENTER_TEXT"}]}
COMMAND: POST /session/04234d49f989df1d8cc66cbbd9ee498b/execute/async - {"script":"<script> [1562 bytes]","args":[{"selector":{"id":"application-managesites-display-component---NewSite--addressDetailDetailsCountry","interaction":{"idSuffix":"inner"}},"wdio_ui5_key":"applicationmanagesites-display-component---NewSite--addressDetailDetailsCountry"}]}
RESULT: {"script":"<script> [1562 bytes]","args":[{"selector":{"id":"application-managesites-display-component---NewSite--addressDetailDetailsCountry","interaction":{"idSuffix":"inner"}},"wdio_ui5_key":"applicationmanagesites-display-component---NewSite--addressDetailDetailsCountry"}]}
RESULT: undefined
COMMAND: POST /session/04234d49f989df1d8cc66cbbd9ee498b/execute/async - {"script":"<script> [776 bytes]","args":[{"enterText":"Romania","selector":{"id":"application-managesites-display-component---NewSite--addressDetailDetailsCountry","interaction":{"idSuffix":"inner"}},"clearTextFirst":true,"interactionType":"ENTER_TEXT"}]}
RESULT: {"script":"<script> [776 bytes]","args":[{"enterText":"Romania","selector":{"id":"application-managesites-display-component---NewSite--addressDetailDetailsCountry","interaction":{"idSuffix":"inner"}},"clearTextFirst":true,"interactionType":"ENTER_TEXT"}]}
COMMAND: POST /session/04234d49f989df1d8cc66cbbd9ee498b/element - {"using":"css selector","value":"#application-managesites-display-component---NewSite--addressDetailDetailsCalendar-inner"}
RESULT: {"using":"css selector","value":"#application-managesites-display-component---NewSite--addressDetailDetailsCalendar-inner"}
COMMAND: POST /session/04234d49f989df1d8cc66cbbd9ee498b/element/f.9E73453283219C642BED86114F2A427E.d.08250A55178EFE7BBE2294C86648F74F.e.12533/clear - {}
RESULT: {}
COMMAND: POST /session/04234d49f989df1d8cc66cbbd9ee498b/element/f.9E73453283219C642BED86114F2A427E.d.08250A55178EFE7BBE2294C86648F74F.e.12533/value - {"text":"Germany"}
COMMAND: GET /session/04234d49f989df1d8cc66cbbd9ee498b/screenshot - {}
RESULT: {"text":"Germany"}
COMMAND: POST /session/04234d49f989df1d8cc66cbbd9ee498b/execute/async - {"script":"<script> [1562 bytes]","args":[{"selector":{"id":"application-managesites-display-component---NewSite--addressEditDetailsCostObjectCstType-arrow"},"wdio_ui5_key":"applicationmanagesites-display-component---NewSite--addressEditDetailsCostObjectCstType-arrow"}]}
COMMAND: GET /session/04234d49f989df1d8cc66cbbd9ee498b/screenshot - {}
RESULT: {}
RESULT: {"script":"<script> [1562 bytes]","args":[{"selector":{"id":"application-managesites-display-component---NewSite--addressEditDetailsCostObjectCstType-arrow"},"wdio_ui5_key":"applicationmanagesites-display-component---NewSite--addressEditDetailsCostObjectCstType-arrow"}]}
RESULT: undefined
COMMAND: POST /session/04234d49f989df1d8cc66cbbd9ee498b/element - {"using":"xpath","value":"//*[@id=\"application-managesites-display-component---NewSite--addressEditDetailsCostObjectCstType-arrow\"]"}
RESULT: {}
RESULT: {"using":"xpath","value":"//*[@id=\"application-managesites-display-component---NewSite--addressEditDetailsCostObjectCstType-arrow\"]"}
COMMAND: POST /session/04234d49f989df1d8cc66cbbd9ee498b/element/f.9E73453283219C642BED86114F2A427E.d.08250A55178EFE7BBE2294C86648F74F.e.12695/click - {}
RESULT: {}
COMMAND: POST /session/04234d49f989df1d8cc66cbbd9ee498b/element - {"using":"xpath","value":"//span[contains(text(), \"Work Breakdown Structure\")]"}
COMMAND: GET /session/04234d49f989df1d8cc66cbbd9ee498b/screenshot - {}
RESULT: {"using":"xpath","value":"//span[contains(text(), \"Work Breakdown Structure\")]"}
COMMAND: POST /session/04234d49f989df1d8cc66cbbd9ee498b/element/f.9E73453283219C642BED86114F2A427E.d.08250A55178EFE7BBE2294C86648F74F.e.12697/click - {}
RESULT: {}
RESULT: {}
COMMAND: GET /session/04234d49f989df1d8cc66cbbd9ee498b/screenshot - {}
RESULT: {}
COMMAND: POST /session/04234d49f989df1d8cc66cbbd9ee498b/execute/async - {"script":"<script> [1562 bytes]","args":[{"selector":{"id":"application-managesites-display-component---NewSite--addressNewCostObjectCstID-vhi"},"wdio_ui5_key":"applicationmanagesites-display-component---NewSite--addressNewCostObjectCstID-vhi"}]}
RESULT: {"script":"<script> [1562 bytes]","args":[{"selector":{"id":"application-managesites-display-component---NewSite--addressNewCostObjectCstID-vhi"},"wdio_ui5_key":"applicationmanagesites-display-component---NewSite--addressNewCostObjectCstID-vhi"}]}
RESULT: undefined
COMMAND: POST /session/04234d49f989df1d8cc66cbbd9ee498b/element - {"using":"xpath","value":"//*[@id=\"application-managesites-display-component---NewSite--addressNewCostObjectCstID-vhi\"]"}
RESULT: {"using":"xpath","value":"//*[@id=\"application-managesites-display-component---NewSite--addressNewCostObjectCstID-vhi\"]"}
COMMAND: POST /session/04234d49f989df1d8cc66cbbd9ee498b/element/f.9E73453283219C642BED86114F2A427E.d.08250A55178EFE7BBE2294C86648F74F.e.12701/click - {}
RESULT: {}
COMMAND: GET /session/04234d49f989df1d8cc66cbbd9ee498b/screenshot - {}
RESULT: {}
COMMAND: POST /session/04234d49f989df1d8cc66cbbd9ee498b/execute/async - {"script":"<script> [1562 bytes]","args":[{"selector":{"controlType":"sap.m.SearchField","properties":{"placeholder":"Search"},"searchOpenDialogs":true,"interaction":{"idSuffix":"I"}},"wdio_ui5_key":"sapm.SearchField{\"placeholder\":\"Search\"}"}]}
RESULT: {"script":"<script> [1562 bytes]","args":[{"selector":{"controlType":"sap.m.SearchField","properties":{"placeholder":"Search"},"searchOpenDialogs":true,"interaction":{"idSuffix":"I"}},"wdio_ui5_key":"sapm.SearchField{\"placeholder\":\"Search\"}"}]}
RESULT: undefined
COMMAND: POST /session/04234d49f989df1d8cc66cbbd9ee498b/execute/async - {"script":"<script> [776 bytes]","args":[{"enterText":"A1-000100-01","selector":{"controlType":"sap.m.SearchField","properties":{"placeholder":"Search"},"searchOpenDialogs":true,"interaction":{"idSuffix":"I"}},"clearTextFirst":true,"interactionType":"ENTER_TEXT"}]}
RESULT: {"script":"<script> [776 bytes]","args":[{"enterText":"A1-000100-01","selector":{"controlType":"sap.m.SearchField","properties":{"placeholder":"Search"},"searchOpenDialogs":true,"interaction":{"idSuffix":"I"}},"clearTextFirst":true,"interactionType":"ENTER_TEXT"}]}
COMMAND: POST /session/04234d49f989df1d8cc66cbbd9ee498b/actions - {"actions":[{"id":"action67","type":"key","parameters":{},"actions":[{"type":"keyDown","value":"î€‡"},{"type":"pause","duration":10},{"type":"keyUp","value":"î€‡"}]}]}
RESULT: {"actions":[{"id":"action67","type":"key","parameters":{},"actions":[{"type":"keyDown","value":"î€‡"},{"type":"pause","duration":10},{"type":"keyUp","value":"î€‡"}]}]}
COMMAND: GET /session/04234d49f989df1d8cc66cbbd9ee498b/screenshot - {}
RESULT: {}
COMMAND: POST /session/04234d49f989df1d8cc66cbbd9ee498b/element - {"using":"xpath","value":"//span[contains(text(), \"Template for ETO-Process\")]"}
RESULT: {"using":"xpath","value":"//span[contains(text(), \"Template for ETO-Process\")]"}
COMMAND: POST /session/04234d49f989df1d8cc66cbbd9ee498b/element/f.9E73453283219C642BED86114F2A427E.d.08250A55178EFE7BBE2294C86648F74F.e.12721/click - {}
RESULT: {}
COMMAND: GET /session/04234d49f989df1d8cc66cbbd9ee498b/screenshot - {}
RESULT: {}
COMMAND: POST /session/04234d49f989df1d8cc66cbbd9ee498b/element - {"using":"xpath","value":"//bdi[contains(text(), \"OK\")]"}
RESULT: {"using":"xpath","value":"//bdi[contains(text(), \"OK\")]"}
COMMAND: POST /session/04234d49f989df1d8cc66cbbd9ee498b/element/f.9E73453283219C642BED86114F2A427E.d.08250A55178EFE7BBE2294C86648F74F.e.12722/click - {}
RESULT: {}
COMMAND: GET /session/04234d49f989df1d8cc66cbbd9ee498b/screenshot - {}
RESULT: {}
COMMAND: POST /session/04234d49f989df1d8cc66cbbd9ee498b/element - {"using":"xpath","value":"//input[@id=\"application-managesites-display-component---NewSite--addressDetailDetailsYard-inner\"]"}
RESULT: {"using":"xpath","value":"//input[@id=\"application-managesites-display-component---NewSite--addressDetailDetailsYard-inner\"]"}
COMMAND: POST /session/04234d49f989df1d8cc66cbbd9ee498b/element/f.9E73453283219C642BED86114F2A427E.d.08250A55178EFE7BBE2294C86648F74F.e.12534/value - {"text":"536"}
RESULT: {"text":"536"}
COMMAND: GET /session/04234d49f989df1d8cc66cbbd9ee498b/screenshot - {}
RESULT: {}
COMMAND: POST /session/04234d49f989df1d8cc66cbbd9ee498b/actions - {"actions":[{"id":"action68","type":"key","parameters":{},"actions":[{"type":"keyDown","value":"î€‡"},{"type":"pause","duration":10},{"type":"keyUp","value":"î€‡"}]}]}
RESULT: {"actions":[{"id":"action68","type":"key","parameters":{},"actions":[{"type":"keyDown","value":"î€‡"},{"type":"pause","duration":10},{"type":"keyUp","value":"î€‡"}]}]}
COMMAND: GET /session/04234d49f989df1d8cc66cbbd9ee498b/screenshot - {}
RESULT: {}
COMMAND: POST /session/04234d49f989df1d8cc66cbbd9ee498b/element - {"using":"xpath","value":"//input[@id=\"application-managesites-display-component---NewSite--addressDetailDetailsPartner-inner\"]"}
RESULT: {"using":"xpath","value":"//input[@id=\"application-managesites-display-component---NewSite--addressDetailDetailsPartner-inner\"]"}
COMMAND: POST /session/04234d49f989df1d8cc66cbbd9ee498b/elements - {"using":"xpath","value":"//input[@id=\"application-managesites-display-component---NewSite--addressDetailDetailsPartner-inner\"]"}
RESULT: {"using":"xpath","value":"//input[@id=\"application-managesites-display-component---NewSite--addressDetailDetailsPartner-inner\"]"}
COMMAND: POST /session/04234d49f989df1d8cc66cbbd9ee498b/execute/async - {"script":"<script> [1562 bytes]","args":[{"selector":{"controlType":"sap.m.Button","viewName":"etm.portal.ui.managesites.view.NewSmartSite","viewId":"application-managesites-display-component---NewSite","properties":{"text":"Commercial"},"interaction":{"idSuffix":"BDI-content"}},"wdio_ui5_key":"etmportal.ui.managesites.view.NewSmartSitesap.m.Button{\"text\":\"Commercial\"}"}]}
RESULT: {"script":"<script> [1562 bytes]","args":[{"selector":{"controlType":"sap.m.Button","viewName":"etm.portal.ui.managesites.view.NewSmartSite","viewId":"application-managesites-display-component---NewSite","properties":{"text":"Commercial"},"interaction":{"idSuffix":"BDI-content"}},"wdio_ui5_key":"etmportal.ui.managesites.view.NewSmartSitesap.m.Button{\"text\":\"Commercial\"}"}]}
RESULT: undefined
COMMAND: POST /session/04234d49f989df1d8cc66cbbd9ee498b/element - {"using":"xpath","value":"//*[@id=\"application-managesites-display-component---NewSite--ObjectPageLayout-anchBar-__section31-anchor\"]"}
RESULT: {"using":"xpath","value":"//*[@id=\"application-managesites-display-component---NewSite--ObjectPageLayout-anchBar-__section31-anchor\"]"}
COMMAND: POST /session/04234d49f989df1d8cc66cbbd9ee498b/element/f.9E73453283219C642BED86114F2A427E.d.08250A55178EFE7BBE2294C86648F74F.e.12729/click - {}
RESULT: {}
COMMAND: POST /session/04234d49f989df1d8cc66cbbd9ee498b/execute/async - {"script":"<script> [1562 bytes]","args":[{"selector":{"controlType":"sap.m.Button","viewName":"etm.portal.ui.managesites.view.NewSmartSite","viewId":"application-managesites-display-component---NewSite","i18NText":{"propertyName":"text","key":"save"},"interaction":{"idSuffix":"BDI-content"}},"wdio_ui5_key":"etmportal.ui.managesites.view.NewSmartSitesap.m.Button{\"propertyName\":\"text\",\"key\":\"save\"}"}]}
COMMAND: GET /session/04234d49f989df1d8cc66cbbd9ee498b/screenshot - {}
RESULT: {"script":"<script> [1562 bytes]","args":[{"selector":{"controlType":"sap.m.Button","viewName":"etm.portal.ui.managesites.view.NewSmartSite","viewId":"application-managesites-display-component---NewSite","i18NText":{"propertyName":"text","key":"save"},"interaction":{"idSuffix":"BDI-content"}},"wdio_ui5_key":"etmportal.ui.managesites.view.NewSmartSitesap.m.Button{\"propertyName\":\"text\",\"key\":\"save\"}"}]}
RESULT: undefined
COMMAND: POST /session/04234d49f989df1d8cc66cbbd9ee498b/element - {"using":"xpath","value":"//*[@id=\"__button64\"]"}
RESULT: {}
RESULT: {"using":"xpath","value":"//*[@id=\"__button64\"]"}
COMMAND: POST /session/04234d49f989df1d8cc66cbbd9ee498b/element/f.9E73453283219C642BED86114F2A427E.d.08250A55178EFE7BBE2294C86648F74F.e.12669/click - {}
RESULT: {}
COMMAND: GET /session/04234d49f989df1d8cc66cbbd9ee498b/screenshot - {}
RESULT: {}
COMMAND: POST /session/04234d49f989df1d8cc66cbbd9ee498b/execute/async - {"script":"<script> [1562 bytes]","args":[{"selector":{"id":"application-managesites-display-component---detailSite--addressDetailDetailsYardText"},"wdio_ui5_key":"applicationmanagesites-display-component---detailSite--addressDetailDetailsYardText"}]}
RESULT: {"script":"<script> [1562 bytes]","args":[{"selector":{"id":"application-managesites-display-component---detailSite--addressDetailDetailsYardText"},"wdio_ui5_key":"applicationmanagesites-display-component---detailSite--addressDetailDetailsYardText"}]}
RESULT: undefined
COMMAND: POST /session/04234d49f989df1d8cc66cbbd9ee498b/element - {"using":"xpath","value":"//header/div/div[2]/div[2]/span"}
RESULT: {"using":"xpath","value":"//header/div/div[2]/div[2]/span"}
COMMAND: GET /session/04234d49f989df1d8cc66cbbd9ee498b/element/f.9E73453283219C642BED86114F2A427E.d.08250A55178EFE7BBE2294C86648F74F.e.12930/text - {}
RESULT: {}
COMMAND: POST /session/04234d49f989df1d8cc66cbbd9ee498b/element - {"using":"xpath","value":"//header/div/div/div/div/div/div[2]/div/span"}
RESULT: {"using":"xpath","value":"//header/div/div/div/div/div/div[2]/div/span"}
COMMAND: GET /session/04234d49f989df1d8cc66cbbd9ee498b/element/f.9E73453283219C642BED86114F2A427E.d.08250A55178EFE7BBE2294C86648F74F.e.12931/text - {}
RESULT: {}
COMMAND: POST /session/04234d49f989df1d8cc66cbbd9ee498b/element - {"using":"css selector","value":"#shell-header-logo"}
RESULT: {"using":"css selector","value":"#shell-header-logo"}
COMMAND: POST /session/04234d49f989df1d8cc66cbbd9ee498b/element/f.9E73453283219C642BED86114F2A427E.d.08250A55178EFE7BBE2294C86648F74F.e.12278/click - {}
RESULT: {}
COMMAND: GET /session/04234d49f989df1d8cc66cbbd9ee498b/screenshot - {}
RESULT: {}
]]></system-out>
    </testcase>
    <testcase classname="chrome.135_0_7049_96.windows.E2E_-_Logistical_and_commercial_statuses" name="It should stock increase the resource" time="203.54">
      <system-out><![CDATA[
COMMAND: POST /session/04234d49f989df1d8cc66cbbd9ee498b/execute/async - {"script":"<script> [1562 bytes]","args":[{"selector":{"controlType":"sap.m.GenericTile","properties":{"header":"Manage Resources"}},"wdio_ui5_key":"sapm.GenericTile{\"header\":\"Manage Resources\"}"}]}
RESULT: {"script":"<script> [1562 bytes]","args":[{"selector":{"controlType":"sap.m.GenericTile","properties":{"header":"Manage Resources"}},"wdio_ui5_key":"sapm.GenericTile{\"header\":\"Manage Resources\"}"}]}
RESULT: undefined
COMMAND: POST /session/04234d49f989df1d8cc66cbbd9ee498b/element - {"using":"xpath","value":"//*[@id=\"__tile39\"]"}
RESULT: {"using":"xpath","value":"//*[@id=\"__tile39\"]"}
COMMAND: POST /session/04234d49f989df1d8cc66cbbd9ee498b/element/f.9E73453283219C642BED86114F2A427E.d.08250A55178EFE7BBE2294C86648F74F.e.12933/click - {}
RESULT: {}
COMMAND: GET /session/04234d49f989df1d8cc66cbbd9ee498b/screenshot - {}
RESULT: {}
COMMAND: POST /session/04234d49f989df1d8cc66cbbd9ee498b/element - {"using":"xpath","value":"//button[@data-kt=\"addNewRUOverflowToolbarButton\"]"}
RESULT: {"using":"xpath","value":"//button[@data-kt=\"addNewRUOverflowToolbarButton\"]"}
COMMAND: POST /session/04234d49f989df1d8cc66cbbd9ee498b/element - {"using":"xpath","value":"//button[@data-kt=\"addNewRUOverflowToolbarButton\"]"}
RESULT: {"using":"xpath","value":"//button[@data-kt=\"addNewRUOverflowToolbarButton\"]"}
COMMAND: POST /session/04234d49f989df1d8cc66cbbd9ee498b/element - {"using":"xpath","value":"//button[@data-kt=\"addNewRUOverflowToolbarButton\"]"}
RESULT: {"using":"xpath","value":"//button[@data-kt=\"addNewRUOverflowToolbarButton\"]"}
COMMAND: POST /session/04234d49f989df1d8cc66cbbd9ee498b/element - {"using":"xpath","value":"//button[@data-kt=\"addNewRUOverflowToolbarButton\"]"}
RESULT: {"using":"xpath","value":"//button[@data-kt=\"addNewRUOverflowToolbarButton\"]"}
COMMAND: POST /session/04234d49f989df1d8cc66cbbd9ee498b/execute/sync - {"script":"<script> [8489 bytes]","args":[{"element-6066-11e4-a52e-4f735466cecf":"f.9E73453283219C642BED86114F2A427E.d.08250A55178EFE7BBE2294C86648F74F.e.12973","ELEMENT":"f.9E73453283219C642BED86114F2A427E.d.08250A55178EFE7BBE2294C86648F74F.e.12973"}]}
RESULT: {"script":"<script> [8489 bytes]","args":[{"element-6066-11e4-a52e-4f735466cecf":"f.9E73453283219C642BED86114F2A427E.d.08250A55178EFE7BBE2294C86648F74F.e.12973","ELEMENT":"f.9E73453283219C642BED86114F2A427E.d.08250A55178EFE7BBE2294C86648F74F.e.12973"}]}
COMMAND: POST /session/04234d49f989df1d8cc66cbbd9ee498b/element/f.9E73453283219C642BED86114F2A427E.d.08250A55178EFE7BBE2294C86648F74F.e.12973/click - {}
COMMAND: GET /session/04234d49f989df1d8cc66cbbd9ee498b/screenshot - {}
RESULT: {}
COMMAND: POST /session/04234d49f989df1d8cc66cbbd9ee498b/execute/async - {"script":"<script> [1562 bytes]","args":[{"selector":{"id":"application-manageresources-display-component---newResourceUnit--TYPE-arrow"},"wdio_ui5_key":"applicationmanageresources-display-component---newResourceUnit--TYPE-arrow"}]}
COMMAND: GET /session/04234d49f989df1d8cc66cbbd9ee498b/screenshot - {}
RESULT: {}
RESULT: {"script":"<script> [1562 bytes]","args":[{"selector":{"id":"application-manageresources-display-component---newResourceUnit--TYPE-arrow"},"wdio_ui5_key":"applicationmanageresources-display-component---newResourceUnit--TYPE-arrow"}]}
RESULT: undefined
COMMAND: POST /session/04234d49f989df1d8cc66cbbd9ee498b/element - {"using":"xpath","value":"//*[@id=\"application-manageresources-display-component---newResourceUnit--TYPE-arrow\"]"}
RESULT: {}
RESULT: {"using":"xpath","value":"//*[@id=\"application-manageresources-display-component---newResourceUnit--TYPE-arrow\"]"}
COMMAND: POST /session/04234d49f989df1d8cc66cbbd9ee498b/element/f.9E73453283219C642BED86114F2A427E.d.08250A55178EFE7BBE2294C86648F74F.e.13295/click - {}
RESULT: {}
COMMAND: POST /session/04234d49f989df1d8cc66cbbd9ee498b/execute/async - {"script":"<script> [1562 bytes]","args":[{"selector":{"controlType":"sap.m.StandardListItem","viewName":"reusables.view.manageresources.NewResourceUnit","viewId":"application-manageresources-display-component---newResourceUnit","properties":{"title":"Material"},"searchOpenDialogs":true,"interaction":{"idSuffix":"titleText"}},"wdio_ui5_key":"reusablesview.manageresources.NewResourceUnitsap.m.StandardListItem{\"title\":\"Material\"}"}]}
COMMAND: GET /session/04234d49f989df1d8cc66cbbd9ee498b/screenshot - {}
RESULT: {"script":"<script> [1562 bytes]","args":[{"selector":{"controlType":"sap.m.StandardListItem","viewName":"reusables.view.manageresources.NewResourceUnit","viewId":"application-manageresources-display-component---newResourceUnit","properties":{"title":"Material"},"searchOpenDialogs":true,"interaction":{"idSuffix":"titleText"}},"wdio_ui5_key":"reusablesview.manageresources.NewResourceUnitsap.m.StandardListItem{\"title\":\"Material\"}"}]}
RESULT: undefined
COMMAND: POST /session/04234d49f989df1d8cc66cbbd9ee498b/element - {"using":"xpath","value":"//*[@id=\"__item1120\"]"}
RESULT: {}
RESULT: {"using":"xpath","value":"//*[@id=\"__item1120\"]"}
COMMAND: POST /session/04234d49f989df1d8cc66cbbd9ee498b/element/f.9E73453283219C642BED86114F2A427E.d.08250A55178EFE7BBE2294C86648F74F.e.13298/click - {}
RESULT: {}
COMMAND: POST /session/04234d49f989df1d8cc66cbbd9ee498b/execute/async - {"script":"<script> [1562 bytes]","args":[{"selector":{"id":"application-manageresources-display-component---newResourceUnit--SHORT_TEXT","interaction":{"idSuffix":"inner"}},"wdio_ui5_key":"applicationmanageresources-display-component---newResourceUnit--SHORT_TEXT"}]}
COMMAND: GET /session/04234d49f989df1d8cc66cbbd9ee498b/screenshot - {}
RESULT: {"script":"<script> [1562 bytes]","args":[{"selector":{"id":"application-manageresources-display-component---newResourceUnit--SHORT_TEXT","interaction":{"idSuffix":"inner"}},"wdio_ui5_key":"applicationmanageresources-display-component---newResourceUnit--SHORT_TEXT"}]}
RESULT: undefined
COMMAND: POST /session/04234d49f989df1d8cc66cbbd9ee498b/execute/async - {"script":"<script> [776 bytes]","args":[{"enterText":"WebdriverRUR2Cgsvsk","selector":{"id":"application-manageresources-display-component---newResourceUnit--SHORT_TEXT","interaction":{"idSuffix":"inner"}},"clearTextFirst":true,"interactionType":"ENTER_TEXT"}]}
RESULT: {}
RESULT: {"script":"<script> [776 bytes]","args":[{"enterText":"WebdriverRUR2Cgsvsk","selector":{"id":"application-manageresources-display-component---newResourceUnit--SHORT_TEXT","interaction":{"idSuffix":"inner"}},"clearTextFirst":true,"interactionType":"ENTER_TEXT"}]}
COMMAND: POST /session/04234d49f989df1d8cc66cbbd9ee498b/execute/async - {"script":"<script> [1562 bytes]","args":[{"selector":{"id":"application-manageresources-display-component---newResourceUnit--BASE_UNIT_OF_MEASURE-arrow"},"wdio_ui5_key":"applicationmanageresources-display-component---newResourceUnit--BASE_UNIT_OF_MEASURE-arrow"}]}
RESULT: {"script":"<script> [1562 bytes]","args":[{"selector":{"id":"application-manageresources-display-component---newResourceUnit--BASE_UNIT_OF_MEASURE-arrow"},"wdio_ui5_key":"applicationmanageresources-display-component---newResourceUnit--BASE_UNIT_OF_MEASURE-arrow"}]}
RESULT: undefined
COMMAND: POST /session/04234d49f989df1d8cc66cbbd9ee498b/element - {"using":"xpath","value":"//*[@id=\"application-manageresources-display-component---newResourceUnit--BASE_UNIT_OF_MEASURE-arrow\"]"}
RESULT: {"using":"xpath","value":"//*[@id=\"application-manageresources-display-component---newResourceUnit--BASE_UNIT_OF_MEASURE-arrow\"]"}
COMMAND: POST /session/04234d49f989df1d8cc66cbbd9ee498b/element/f.9E73453283219C642BED86114F2A427E.d.08250A55178EFE7BBE2294C86648F74F.e.13354/click - {}
RESULT: {}
COMMAND: POST /session/04234d49f989df1d8cc66cbbd9ee498b/execute/async - {"script":"<script> [1562 bytes]","args":[{"selector":{"controlType":"sap.m.StandardListItem","viewName":"reusables.view.manageresources.NewResourceUnit","viewId":"application-manageresources-display-component---newResourceUnit","properties":{"title":"Piece"},"searchOpenDialogs":true,"interaction":{"idSuffix":"titleText"}},"wdio_ui5_key":"reusablesview.manageresources.NewResourceUnitsap.m.StandardListItem{\"title\":\"Piece\"}"}]}
COMMAND: GET /session/04234d49f989df1d8cc66cbbd9ee498b/screenshot - {}
RESULT: {"script":"<script> [1562 bytes]","args":[{"selector":{"controlType":"sap.m.StandardListItem","viewName":"reusables.view.manageresources.NewResourceUnit","viewId":"application-manageresources-display-component---newResourceUnit","properties":{"title":"Piece"},"searchOpenDialogs":true,"interaction":{"idSuffix":"titleText"}},"wdio_ui5_key":"reusablesview.manageresources.NewResourceUnitsap.m.StandardListItem{\"title\":\"Piece\"}"}]}
RESULT: undefined
COMMAND: POST /session/04234d49f989df1d8cc66cbbd9ee498b/element - {"using":"xpath","value":"//*[@id=\"__item1164\"]"}
RESULT: {}
RESULT: {"using":"xpath","value":"//*[@id=\"__item1164\"]"}
COMMAND: POST /session/04234d49f989df1d8cc66cbbd9ee498b/element/f.9E73453283219C642BED86114F2A427E.d.08250A55178EFE7BBE2294C86648F74F.e.13356/click - {}
RESULT: {}
COMMAND: POST /session/04234d49f989df1d8cc66cbbd9ee498b/element - {"using":"xpath","value":"//input[contains(@id ,\"application-manageresources-display-component---newResourceUnit--SHORT_TEXT-inner\")]"}
COMMAND: GET /session/04234d49f989df1d8cc66cbbd9ee498b/screenshot - {}
RESULT: {"using":"xpath","value":"//input[contains(@id ,\"application-manageresources-display-component---newResourceUnit--SHORT_TEXT-inner\")]"}
COMMAND: GET /session/04234d49f989df1d8cc66cbbd9ee498b/element/f.9E73453283219C642BED86114F2A427E.d.08250A55178EFE7BBE2294C86648F74F.e.13315/property/value - {}
RESULT: {}
RESULT: {}
COMMAND: POST /session/04234d49f989df1d8cc66cbbd9ee498b/execute/async - {"script":"<script> [1562 bytes]","args":[{"selector":{"id":"application-manageresources-display-component---newResourceUnit--WEIGHT_UNIT-arrow"},"wdio_ui5_key":"applicationmanageresources-display-component---newResourceUnit--WEIGHT_UNIT-arrow"}]}
COMMAND: GET /session/04234d49f989df1d8cc66cbbd9ee498b/screenshot - {}
RESULT: {"script":"<script> [1562 bytes]","args":[{"selector":{"id":"application-manageresources-display-component---newResourceUnit--WEIGHT_UNIT-arrow"},"wdio_ui5_key":"applicationmanageresources-display-component---newResourceUnit--WEIGHT_UNIT-arrow"}]}
RESULT: undefined
COMMAND: POST /session/04234d49f989df1d8cc66cbbd9ee498b/element - {"using":"xpath","value":"//*[@id=\"application-manageresources-display-component---newResourceUnit--WEIGHT_UNIT-arrow\"]"}
RESULT: {}
RESULT: {"using":"xpath","value":"//*[@id=\"application-manageresources-display-component---newResourceUnit--WEIGHT_UNIT-arrow\"]"}
COMMAND: POST /session/04234d49f989df1d8cc66cbbd9ee498b/element/f.9E73453283219C642BED86114F2A427E.d.08250A55178EFE7BBE2294C86648F74F.e.13357/click - {}
RESULT: {}
COMMAND: POST /session/04234d49f989df1d8cc66cbbd9ee498b/execute/async - {"script":"<script> [1562 bytes]","args":[{"selector":{"controlType":"sap.m.StandardListItem","viewName":"reusables.view.manageresources.NewResourceUnit","viewId":"application-manageresources-display-component---newResourceUnit","properties":{"title":"Gram"},"searchOpenDialogs":true,"interaction":{"idSuffix":"content"}},"wdio_ui5_key":"reusablesview.manageresources.NewResourceUnitsap.m.StandardListItem{\"title\":\"Gram\"}"}]}
COMMAND: GET /session/04234d49f989df1d8cc66cbbd9ee498b/screenshot - {}
RESULT: {"script":"<script> [1562 bytes]","args":[{"selector":{"controlType":"sap.m.StandardListItem","viewName":"reusables.view.manageresources.NewResourceUnit","viewId":"application-manageresources-display-component---newResourceUnit","properties":{"title":"Gram"},"searchOpenDialogs":true,"interaction":{"idSuffix":"content"}},"wdio_ui5_key":"reusablesview.manageresources.NewResourceUnitsap.m.StandardListItem{\"title\":\"Gram\"}"}]}
RESULT: undefined
COMMAND: POST /session/04234d49f989df1d8cc66cbbd9ee498b/element - {"using":"xpath","value":"//*[@id=\"__item1229\"]"}
RESULT: {}
RESULT: {"using":"xpath","value":"//*[@id=\"__item1229\"]"}
COMMAND: POST /session/04234d49f989df1d8cc66cbbd9ee498b/element/f.9E73453283219C642BED86114F2A427E.d.08250A55178EFE7BBE2294C86648F74F.e.13359/click - {}
RESULT: {}
COMMAND: POST /session/04234d49f989df1d8cc66cbbd9ee498b/execute/async - {"script":"<script> [1562 bytes]","args":[{"selector":{"id":"application-manageresources-display-component---newResourceUnit--newRRUPage-OPHeaderContent-collapseBtn-img"},"wdio_ui5_key":"applicationmanageresources-display-component---newResourceUnit--newRRUPage-OPHeaderContent-collapseBtn-img"}]}
COMMAND: GET /session/04234d49f989df1d8cc66cbbd9ee498b/screenshot - {}
RESULT: {"script":"<script> [1562 bytes]","args":[{"selector":{"id":"application-manageresources-display-component---newResourceUnit--newRRUPage-OPHeaderContent-collapseBtn-img"},"wdio_ui5_key":"applicationmanageresources-display-component---newResourceUnit--newRRUPage-OPHeaderContent-collapseBtn-img"}]}
RESULT: undefined
COMMAND: POST /session/04234d49f989df1d8cc66cbbd9ee498b/element - {"using":"xpath","value":"//*[@id=\"application-manageresources-display-component---newResourceUnit--newRRUPage-OPHeaderContent-collapseBtn-img\"]"}
RESULT: {}
RESULT: {"using":"xpath","value":"//*[@id=\"application-manageresources-display-component---newResourceUnit--newRRUPage-OPHeaderContent-collapseBtn-img\"]"}
COMMAND: POST /session/04234d49f989df1d8cc66cbbd9ee498b/element/f.9E73453283219C642BED86114F2A427E.d.08250A55178EFE7BBE2294C86648F74F.e.13305/click - {}
RESULT: {}
COMMAND: GET /session/04234d49f989df1d8cc66cbbd9ee498b/screenshot - {}
RESULT: {}
COMMAND: POST /session/04234d49f989df1d8cc66cbbd9ee498b/element - {"using":"xpath","value":"(//span[contains(@id ,\"application-manageresources-display-component---newResourceUnit--DIMENSION_UNIT-arrow\")])[1]"}
RESULT: {"using":"xpath","value":"(//span[contains(@id ,\"application-manageresources-display-component---newResourceUnit--DIMENSION_UNIT-arrow\")])[1]"}
COMMAND: POST /session/04234d49f989df1d8cc66cbbd9ee498b/element/f.9E73453283219C642BED86114F2A427E.d.08250A55178EFE7BBE2294C86648F74F.e.13365/click - {}
RESULT: {}
COMMAND: GET /session/04234d49f989df1d8cc66cbbd9ee498b/screenshot - {}
RESULT: {}
COMMAND: POST /session/04234d49f989df1d8cc66cbbd9ee498b/execute/async - {"script":"<script> [1562 bytes]","args":[{"selector":{"controlType":"sap.m.StandardListItem","viewName":"reusables.view.manageresources.NewResourceUnit","viewId":"application-manageresources-display-component---newResourceUnit","properties":{"title":"Centimeter"},"searchOpenDialogs":true,"interaction":{"idSuffix":"titleText"}},"wdio_ui5_key":"reusablesview.manageresources.NewResourceUnitsap.m.StandardListItem{\"title\":\"Centimeter\"}"}]}
RESULT: {"script":"<script> [1562 bytes]","args":[{"selector":{"controlType":"sap.m.StandardListItem","viewName":"reusables.view.manageresources.NewResourceUnit","viewId":"application-manageresources-display-component---newResourceUnit","properties":{"title":"Centimeter"},"searchOpenDialogs":true,"interaction":{"idSuffix":"titleText"}},"wdio_ui5_key":"reusablesview.manageresources.NewResourceUnitsap.m.StandardListItem{\"title\":\"Centimeter\"}"}]}
RESULT: undefined
COMMAND: POST /session/04234d49f989df1d8cc66cbbd9ee498b/element - {"using":"xpath","value":"//*[@id=\"__item1232\"]"}
RESULT: {"using":"xpath","value":"//*[@id=\"__item1232\"]"}
COMMAND: POST /session/04234d49f989df1d8cc66cbbd9ee498b/element/f.9E73453283219C642BED86114F2A427E.d.08250A55178EFE7BBE2294C86648F74F.e.13367/click - {}
RESULT: {}
COMMAND: POST /session/04234d49f989df1d8cc66cbbd9ee498b/execute/async - {"script":"<script> [1562 bytes]","args":[{"selector":{"id":"application-manageresources-display-component---newResourceUnit--newRRUPage-anchBar-application-manageresources-display-component---newResourceUnit--reference-anchor","interaction":{"idSuffix":"BDI-content"}},"wdio_ui5_key":"applicationmanageresources-display-component---newResourceUnit--newRRUPage-anchBar-application-manageresources-display-component---newResourceUnit--reference-anchor"}]}
COMMAND: GET /session/04234d49f989df1d8cc66cbbd9ee498b/screenshot - {}
RESULT: {"script":"<script> [1562 bytes]","args":[{"selector":{"id":"application-manageresources-display-component---newResourceUnit--newRRUPage-anchBar-application-manageresources-display-component---newResourceUnit--reference-anchor","interaction":{"idSuffix":"BDI-content"}},"wdio_ui5_key":"applicationmanageresources-display-component---newResourceUnit--newRRUPage-anchBar-application-manageresources-display-component---newResourceUnit--reference-anchor"}]}
RESULT: undefined
COMMAND: POST /session/04234d49f989df1d8cc66cbbd9ee498b/element - {"using":"xpath","value":"//*[@id=\"application-manageresources-display-component---newResourceUnit--newRRUPage-anchBar-application-manageresources-display-component---newResourceUnit--reference-anchor\"]"}
RESULT: {}
RESULT: {"using":"xpath","value":"//*[@id=\"application-manageresources-display-component---newResourceUnit--newRRUPage-anchBar-application-manageresources-display-component---newResourceUnit--reference-anchor\"]"}
COMMAND: POST /session/04234d49f989df1d8cc66cbbd9ee498b/element/f.9E73453283219C642BED86114F2A427E.d.08250A55178EFE7BBE2294C86648F74F.e.13369/click - {}
RESULT: {}
COMMAND: POST /session/04234d49f989df1d8cc66cbbd9ee498b/execute/async - {"script":"<script> [1562 bytes]","args":[{"selector":{"id":"application-manageresources-display-component---newResourceUnit--PLANNING_GROUP-arrow"},"wdio_ui5_key":"applicationmanageresources-display-component---newResourceUnit--PLANNING_GROUP-arrow"}]}
COMMAND: GET /session/04234d49f989df1d8cc66cbbd9ee498b/screenshot - {}
RESULT: {"script":"<script> [1562 bytes]","args":[{"selector":{"id":"application-manageresources-display-component---newResourceUnit--PLANNING_GROUP-arrow"},"wdio_ui5_key":"applicationmanageresources-display-component---newResourceUnit--PLANNING_GROUP-arrow"}]}
RESULT: undefined
COMMAND: POST /session/04234d49f989df1d8cc66cbbd9ee498b/element - {"using":"xpath","value":"//*[@id=\"application-manageresources-display-component---newResourceUnit--PLANNING_GROUP-arrow\"]"}
RESULT: {}
RESULT: {"using":"xpath","value":"//*[@id=\"application-manageresources-display-component---newResourceUnit--PLANNING_GROUP-arrow\"]"}
COMMAND: POST /session/04234d49f989df1d8cc66cbbd9ee498b/element/f.9E73453283219C642BED86114F2A427E.d.08250A55178EFE7BBE2294C86648F74F.e.13372/click - {}
RESULT: {}
COMMAND: POST /session/04234d49f989df1d8cc66cbbd9ee498b/execute/async - {"script":"<script> [1562 bytes]","args":[{"selector":{"controlType":"sap.m.StandardListItem","viewName":"reusables.view.manageresources.NewResourceUnit","viewId":"application-manageresources-display-component---newResourceUnit","properties":{"title":"Heavy Equi"},"searchOpenDialogs":true,"interaction":{"idSuffix":"content"}},"wdio_ui5_key":"reusablesview.manageresources.NewResourceUnitsap.m.StandardListItem{\"title\":\"Heavy Equi\"}"}]}
COMMAND: GET /session/04234d49f989df1d8cc66cbbd9ee498b/screenshot - {}
RESULT: {"script":"<script> [1562 bytes]","args":[{"selector":{"controlType":"sap.m.StandardListItem","viewName":"reusables.view.manageresources.NewResourceUnit","viewId":"application-manageresources-display-component---newResourceUnit","properties":{"title":"Heavy Equi"},"searchOpenDialogs":true,"interaction":{"idSuffix":"content"}},"wdio_ui5_key":"reusablesview.manageresources.NewResourceUnitsap.m.StandardListItem{\"title\":\"Heavy Equi\"}"}]}
RESULT: undefined
COMMAND: POST /session/04234d49f989df1d8cc66cbbd9ee498b/element - {"using":"xpath","value":"//*[@id=\"__item1240\"]"}
RESULT: {}
RESULT: {"using":"xpath","value":"//*[@id=\"__item1240\"]"}
COMMAND: POST /session/04234d49f989df1d8cc66cbbd9ee498b/element/f.9E73453283219C642BED86114F2A427E.d.08250A55178EFE7BBE2294C86648F74F.e.13376/click - {}
RESULT: {}
COMMAND: GET /session/04234d49f989df1d8cc66cbbd9ee498b/screenshot - {}
RESULT: {}
COMMAND: POST /session/04234d49f989df1d8cc66cbbd9ee498b/execute/async - {"script":"<script> [1562 bytes]","args":[{"selector":{"id":"application-manageresources-display-component---newResourceUnit--PLANNING_INDICATOR-arrow"},"wdio_ui5_key":"applicationmanageresources-display-component---newResourceUnit--PLANNING_INDICATOR-arrow"}]}
RESULT: {"script":"<script> [1562 bytes]","args":[{"selector":{"id":"application-manageresources-display-component---newResourceUnit--PLANNING_INDICATOR-arrow"},"wdio_ui5_key":"applicationmanageresources-display-component---newResourceUnit--PLANNING_INDICATOR-arrow"}]}
RESULT: undefined
COMMAND: POST /session/04234d49f989df1d8cc66cbbd9ee498b/element - {"using":"xpath","value":"//*[@id=\"application-manageresources-display-component---newResourceUnit--PLANNING_INDICATOR-arrow\"]"}
RESULT: {"using":"xpath","value":"//*[@id=\"application-manageresources-display-component---newResourceUnit--PLANNING_INDICATOR-arrow\"]"}
COMMAND: POST /session/04234d49f989df1d8cc66cbbd9ee498b/element/f.9E73453283219C642BED86114F2A427E.d.08250A55178EFE7BBE2294C86648F74F.e.13377/click - {}
RESULT: {}
COMMAND: POST /session/04234d49f989df1d8cc66cbbd9ee498b/execute/async - {"script":"<script> [1562 bytes]","args":[{"selector":{"controlType":"sap.m.StandardListItem","viewName":"reusables.view.manageresources.NewResourceUnit","viewId":"application-manageresources-display-component---newResourceUnit","properties":{"title":"10 - infinite"},"searchOpenDialogs":true,"interaction":{"idSuffix":"content"}},"wdio_ui5_key":"reusablesview.manageresources.NewResourceUnitsap.m.StandardListItem{\"title\":\"10 - infinite\"}"}]}
COMMAND: GET /session/04234d49f989df1d8cc66cbbd9ee498b/screenshot - {}
RESULT: {"script":"<script> [1562 bytes]","args":[{"selector":{"controlType":"sap.m.StandardListItem","viewName":"reusables.view.manageresources.NewResourceUnit","viewId":"application-manageresources-display-component---newResourceUnit","properties":{"title":"10 - infinite"},"searchOpenDialogs":true,"interaction":{"idSuffix":"content"}},"wdio_ui5_key":"reusablesview.manageresources.NewResourceUnitsap.m.StandardListItem{\"title\":\"10 - infinite\"}"}]}
RESULT: undefined
COMMAND: POST /session/04234d49f989df1d8cc66cbbd9ee498b/element - {"using":"xpath","value":"//*[@id=\"__item1250\"]"}
RESULT: {}
RESULT: {"using":"xpath","value":"//*[@id=\"__item1250\"]"}
COMMAND: POST /session/04234d49f989df1d8cc66cbbd9ee498b/element/f.9E73453283219C642BED86114F2A427E.d.08250A55178EFE7BBE2294C86648F74F.e.13379/click - {}
RESULT: {}
COMMAND: GET /session/04234d49f989df1d8cc66cbbd9ee498b/screenshot - {}
RESULT: {}
COMMAND: POST /session/04234d49f989df1d8cc66cbbd9ee498b/element - {"using":"xpath","value":"//bdi[contains(text(), \"Time Segment\")]"}
RESULT: {"using":"xpath","value":"//bdi[contains(text(), \"Time Segment\")]"}
COMMAND: GET /session/04234d49f989df1d8cc66cbbd9ee498b/element/f.9E73453283219C642BED86114F2A427E.d.08250A55178EFE7BBE2294C86648F74F.e.13380/rect - {}
RESULT: {}
COMMAND: GET /session/04234d49f989df1d8cc66cbbd9ee498b/window/rect - {}
RESULT: {}
COMMAND: POST /session/04234d49f989df1d8cc66cbbd9ee498b/execute/sync - {"script":"<script> [92 bytes]","args":[]}
RESULT: {"script":"<script> [92 bytes]","args":[]}
COMMAND: POST /session/04234d49f989df1d8cc66cbbd9ee498b/actions - {"actions":[{"id":"action69","type":"wheel","parameters":{},"actions":[{"type":"scroll","x":-1820,"y":-21,"deltaX":0,"deltaY":0,"duration":0,"origin":{"element-6066-11e4-a52e-4f735466cecf":"f.9E73453283219C642BED86114F2A427E.d.08250A55178EFE7BBE2294C86648F74F.e.13380"}}]}]}
COMMAND: GET /session/04234d49f989df1d8cc66cbbd9ee498b/screenshot - {}
RESULT: {}
COMMAND: POST /session/04234d49f989df1d8cc66cbbd9ee498b/execute/sync - {"script":"<script> [79 bytes]","args":[{"element-6066-11e4-a52e-4f735466cecf":"f.9E73453283219C642BED86114F2A427E.d.08250A55178EFE7BBE2294C86648F74F.e.13380","ELEMENT":"f.9E73453283219C642BED86114F2A427E.d.08250A55178EFE7BBE2294C86648F74F.e.13380"},{"block":"start","inline":"nearest"}]}
RESULT: {"script":"<script> [79 bytes]","args":[{"element-6066-11e4-a52e-4f735466cecf":"f.9E73453283219C642BED86114F2A427E.d.08250A55178EFE7BBE2294C86648F74F.e.13380","ELEMENT":"f.9E73453283219C642BED86114F2A427E.d.08250A55178EFE7BBE2294C86648F74F.e.13380"},{"block":"start","inline":"nearest"}]}
COMMAND: GET /session/04234d49f989df1d8cc66cbbd9ee498b/screenshot - {}
RESULT: {}
COMMAND: POST /session/04234d49f989df1d8cc66cbbd9ee498b/element - {"using":"xpath","value":"//span[@id=\"application-manageresources-display-component---newResourceUnit--btnAddTimeSegment-img\"]"}
RESULT: {"using":"xpath","value":"//span[@id=\"application-manageresources-display-component---newResourceUnit--btnAddTimeSegment-img\"]"}
COMMAND: POST /session/04234d49f989df1d8cc66cbbd9ee498b/execute/sync - {"script":"<script> [8489 bytes]","args":[{"element-6066-11e4-a52e-4f735466cecf":"f.9E73453283219C642BED86114F2A427E.d.08250A55178EFE7BBE2294C86648F74F.e.13383","ELEMENT":"f.9E73453283219C642BED86114F2A427E.d.08250A55178EFE7BBE2294C86648F74F.e.13383"}]}
RESULT: {"script":"<script> [8489 bytes]","args":[{"element-6066-11e4-a52e-4f735466cecf":"f.9E73453283219C642BED86114F2A427E.d.08250A55178EFE7BBE2294C86648F74F.e.13383","ELEMENT":"f.9E73453283219C642BED86114F2A427E.d.08250A55178EFE7BBE2294C86648F74F.e.13383"}]}
COMMAND: POST /session/04234d49f989df1d8cc66cbbd9ee498b/element/f.9E73453283219C642BED86114F2A427E.d.08250A55178EFE7BBE2294C86648F74F.e.13383/click - {}
COMMAND: GET /session/04234d49f989df1d8cc66cbbd9ee498b/screenshot - {}
RESULT: {}
COMMAND: GET /session/04234d49f989df1d8cc66cbbd9ee498b/screenshot - {}
COMMAND: POST /session/04234d49f989df1d8cc66cbbd9ee498b/element - {"using":"xpath","value":"//input[@id=\"application-manageresources-display-component---newResourceUnit--idRuTSAdmin-application-manageresources-display-component---newResourceUnit--RUTimeSegment-0-inner\"]"}
RESULT: {}
RESULT: {}
RESULT: {"using":"xpath","value":"//input[@id=\"application-manageresources-display-component---newResourceUnit--idRuTSAdmin-application-manageresources-display-component---newResourceUnit--RUTimeSegment-0-inner\"]"}
COMMAND: POST /session/04234d49f989df1d8cc66cbbd9ee498b/element/f.9E73453283219C642BED86114F2A427E.d.08250A55178EFE7BBE2294C86648F74F.e.13386/clear - {}
RESULT: {}
COMMAND: POST /session/04234d49f989df1d8cc66cbbd9ee498b/element/f.9E73453283219C642BED86114F2A427E.d.08250A55178EFE7BBE2294C86648F74F.e.13386/value - {"text":"WebdriverYardfu5v1"}
COMMAND: GET /session/04234d49f989df1d8cc66cbbd9ee498b/screenshot - {}
RESULT: {"text":"WebdriverYardfu5v1"}
COMMAND: GET /session/04234d49f989df1d8cc66cbbd9ee498b/screenshot - {}
RESULT: {}
RESULT: {}
COMMAND: POST /session/04234d49f989df1d8cc66cbbd9ee498b/actions - {"actions":[{"id":"action70","type":"key","parameters":{},"actions":[{"type":"keyDown","value":"î€‡"},{"type":"pause","duration":10},{"type":"keyUp","value":"î€‡"}]}]}
RESULT: {"actions":[{"id":"action70","type":"key","parameters":{},"actions":[{"type":"keyDown","value":"î€‡"},{"type":"pause","duration":10},{"type":"keyUp","value":"î€‡"}]}]}
COMMAND: GET /session/04234d49f989df1d8cc66cbbd9ee498b/screenshot - {}
RESULT: {}
COMMAND: POST /session/04234d49f989df1d8cc66cbbd9ee498b/execute/async - {"script":"<script> [1562 bytes]","args":[{"selector":{"controlType":"sap.m.Button","viewName":"reusables.view.manageresources.NewResourceUnit","viewId":"application-manageresources-display-component---newResourceUnit","i18NText":{"propertyName":"tooltip","key":"save"},"interaction":{"idSuffix":"BDI-content"}},"wdio_ui5_key":"reusablesview.manageresources.NewResourceUnitsap.m.Button{\"propertyName\":\"tooltip\",\"key\":\"save\"}"}]}
RESULT: {"script":"<script> [1562 bytes]","args":[{"selector":{"controlType":"sap.m.Button","viewName":"reusables.view.manageresources.NewResourceUnit","viewId":"application-manageresources-display-component---newResourceUnit","i18NText":{"propertyName":"tooltip","key":"save"},"interaction":{"idSuffix":"BDI-content"}},"wdio_ui5_key":"reusablesview.manageresources.NewResourceUnitsap.m.Button{\"propertyName\":\"tooltip\",\"key\":\"save\"}"}]}
RESULT: undefined
COMMAND: POST /session/04234d49f989df1d8cc66cbbd9ee498b/element - {"using":"xpath","value":"//*[@id=\"application-manageresources-display-component---newResourceUnit--createRuButton\"]"}
RESULT: {"using":"xpath","value":"//*[@id=\"application-manageresources-display-component---newResourceUnit--createRuButton\"]"}
COMMAND: POST /session/04234d49f989df1d8cc66cbbd9ee498b/element/f.9E73453283219C642BED86114F2A427E.d.08250A55178EFE7BBE2294C86648F74F.e.13311/click - {}
RESULT: {}
COMMAND: GET /session/04234d49f989df1d8cc66cbbd9ee498b/screenshot - {}
RESULT: {}
COMMAND: POST /session/04234d49f989df1d8cc66cbbd9ee498b/execute/async - {"script":"<script> [1562 bytes]","args":[{"selector":{"controlType":"sap.m.Title","properties":{"text":"Success"},"searchOpenDialogs":true},"wdio_ui5_key":"sapm.Title{\"text\":\"Success\"}"}]}
RESULT: {"script":"<script> [1562 bytes]","args":[{"selector":{"controlType":"sap.m.Title","properties":{"text":"Success"},"searchOpenDialogs":true},"wdio_ui5_key":"sapm.Title{\"text\":\"Success\"}"}]}
RESULT: undefined
COMMAND: POST /session/04234d49f989df1d8cc66cbbd9ee498b/execute/async - {"script":"<script> [6424 bytes]","args":[{"element-6066-11e4-a52e-4f735466cecf":"f.9E73453283219C642BED86114F2A427E.d.08250A55178EFE7BBE2294C86648F74F.e.13399"},"getText",[]]}
RESULT: {"script":"<script> [6424 bytes]","args":[{"element-6066-11e4-a52e-4f735466cecf":"f.9E73453283219C642BED86114F2A427E.d.08250A55178EFE7BBE2294C86648F74F.e.13399"},"getText",[]]}
COMMAND: POST /session/04234d49f989df1d8cc66cbbd9ee498b/element - {"using":"xpath","value":"//*[contains(@id, '__text') and (contains(text(), 'successfully created') or contains(., 'successfully created'))]"}
RESULT: {"using":"xpath","value":"//*[contains(@id, '__text') and (contains(text(), 'successfully created') or contains(., 'successfully created'))]"}
COMMAND: GET /session/04234d49f989df1d8cc66cbbd9ee498b/element/f.9E73453283219C642BED86114F2A427E.d.08250A55178EFE7BBE2294C86648F74F.e.13397/text - {}
RESULT: {}
COMMAND: POST /session/04234d49f989df1d8cc66cbbd9ee498b/execute/async - {"script":"<script> [1562 bytes]","args":[{"selector":{"controlType":"sap.m.Button","properties":{"text":"Close"},"searchOpenDialogs":true,"interaction":{"idSuffix":"BDI-content"}},"wdio_ui5_key":"sapm.Button{\"text\":\"Close\"}"}]}
RESULT: {"script":"<script> [1562 bytes]","args":[{"selector":{"controlType":"sap.m.Button","properties":{"text":"Close"},"searchOpenDialogs":true,"interaction":{"idSuffix":"BDI-content"}},"wdio_ui5_key":"sapm.Button{\"text\":\"Close\"}"}]}
RESULT: undefined
COMMAND: POST /session/04234d49f989df1d8cc66cbbd9ee498b/element - {"using":"xpath","value":"//*[@id=\"__mbox-btn-0\"]"}
RESULT: {"using":"xpath","value":"//*[@id=\"__mbox-btn-0\"]"}
COMMAND: POST /session/04234d49f989df1d8cc66cbbd9ee498b/element/f.9E73453283219C642BED86114F2A427E.d.08250A55178EFE7BBE2294C86648F74F.e.13396/click - {}
RESULT: {}
COMMAND: GET /session/04234d49f989df1d8cc66cbbd9ee498b/screenshot - {}
RESULT: {}
COMMAND: POST /session/04234d49f989df1d8cc66cbbd9ee498b/execute/async - {"script":"<script> [1562 bytes]","args":[{"selector":{"controlType":"sap.ui.core.Icon","viewName":"etm.portal.ui.manageresources.view.Detail","viewId":"application-manageresources-display-component---detailRU","properties":{"src":{"regex":{"source":"overflow"}}}},"wdio_ui5_key":"etmportal.ui.manageresources.view.Detailsap.ui.core.Icon{\"src\":{\"regex\":{\"source\":\"overflow\"}}}"}]}
RESULT: {"script":"<script> [1562 bytes]","args":[{"selector":{"controlType":"sap.ui.core.Icon","viewName":"etm.portal.ui.manageresources.view.Detail","viewId":"application-manageresources-display-component---detailRU","properties":{"src":{"regex":{"source":"overflow"}}}},"wdio_ui5_key":"etmportal.ui.manageresources.view.Detailsap.ui.core.Icon{\"src\":{\"regex\":{\"source\":\"overflow\"}}}"}]}
RESULT: undefined
COMMAND: POST /session/04234d49f989df1d8cc66cbbd9ee498b/element - {"using":"xpath","value":"//*[@id=\"__title36-_actionsToolbar-overflowButton-img\"]"}
RESULT: {"using":"xpath","value":"//*[@id=\"__title36-_actionsToolbar-overflowButton-img\"]"}
COMMAND: POST /session/04234d49f989df1d8cc66cbbd9ee498b/element/f.9E73453283219C642BED86114F2A427E.d.08250A55178EFE7BBE2294C86648F74F.e.13428/click - {}
RESULT: {}
COMMAND: POST /session/04234d49f989df1d8cc66cbbd9ee498b/execute/async - {"script":"<script> [1562 bytes]","args":[{"selector":{"controlType":"sap.m.Button","viewName":"etm.portal.ui.manageresources.view.Detail","viewId":"application-manageresources-display-component---detailRU","i18NText":{"propertyName":"tooltip","key":"closeColumn"},"searchOpenDialogs":true,"interaction":{"idSuffix":"inner"}},"wdio_ui5_key":"etmportal.ui.manageresources.view.Detailsap.m.Button{\"propertyName\":\"tooltip\",\"key\":\"closeColumn\"}"}]}
COMMAND: GET /session/04234d49f989df1d8cc66cbbd9ee498b/screenshot - {}
RESULT: {"script":"<script> [1562 bytes]","args":[{"selector":{"controlType":"sap.m.Button","viewName":"etm.portal.ui.manageresources.view.Detail","viewId":"application-manageresources-display-component---detailRU","i18NText":{"propertyName":"tooltip","key":"closeColumn"},"searchOpenDialogs":true,"interaction":{"idSuffix":"inner"}},"wdio_ui5_key":"etmportal.ui.manageresources.view.Detailsap.m.Button{\"propertyName\":\"tooltip\",\"key\":\"closeColumn\"}"}]}
RESULT: undefined
COMMAND: POST /session/04234d49f989df1d8cc66cbbd9ee498b/element - {"using":"xpath","value":"//*[@id=\"__button147\"]"}
RESULT: {}
RESULT: {"using":"xpath","value":"//*[@id=\"__button147\"]"}
COMMAND: POST /session/04234d49f989df1d8cc66cbbd9ee498b/element/f.9E73453283219C642BED86114F2A427E.d.08250A55178EFE7BBE2294C86648F74F.e.13430/click - {}
RESULT: {}
COMMAND: GET /session/04234d49f989df1d8cc66cbbd9ee498b/screenshot - {}
RESULT: {}
COMMAND: POST /session/04234d49f989df1d8cc66cbbd9ee498b/refresh - {}
RESULT: {}
COMMAND: GET /session/04234d49f989df1d8cc66cbbd9ee498b/screenshot - {}
RESULT: {}
COMMAND: POST /session/04234d49f989df1d8cc66cbbd9ee498b/execute/async - {"script":"<script> [189 bytes]","args":[]}
RESULT: {"script":"<script> [189 bytes]","args":[]}
COMMAND: POST /session/04234d49f989df1d8cc66cbbd9ee498b/execute/async - {"script":"<script> [123 bytes]","args":[]}
RESULT: {"script":"<script> [123 bytes]","args":[]}
COMMAND: POST /session/04234d49f989df1d8cc66cbbd9ee498b/timeouts - {"script":"<number>"}
RESULT: {"script":"<number>"}
COMMAND: GET /session/04234d49f989df1d8cc66cbbd9ee498b/timeouts - {}
RESULT: {}
RESULT: undefined
COMMAND: POST /session/04234d49f989df1d8cc66cbbd9ee498b/execute/async - {"script":"<script> [2676 bytes]","args":[]}
RESULT: {"script":"<script> [2676 bytes]","args":[]}
COMMAND: POST /session/04234d49f989df1d8cc66cbbd9ee498b/execute/async - {"script":"<script> [2342 bytes]","args":[{"protocol":"http","hostname":"0.0.0.0","path":"/","capabilities":{"browserName":"chrome","goog:chromeOptions":{"binary":"C:\\Program Files\\Google\\Chrome\\Application\\chrome.exe","args":["--start-maximized"]}},"logLevel":"warn","connectionRetryTimeout":120000,"connectionRetryCount":3,"logLevels":{},"enableDirectConnect":true,"strictSSL":true,"_":"65 more keys: [\"cacheDir\",\"port\",\"requestedCapabilities\",\"automationProtocol\",\"baseUrl\",\"waitforInterval\",\"waitforTimeout\",\"onReload\",\"beforeCommand\",\"afterCommand\",\"rootDir\",\"specs\",\"suites\",\"exclude\",\"groupLogsByTestSpec\",\"excludeDriverLogs\",\"bail\",\"framework\",\"reporters\",\"services\",\"maxInstances\",\"maxInstancesPerCapability\",\"injectGlobals\",\"filesToWatch\",\"execArgv\",\"runnerEnv\",\"runner\",\"shard\",\"specFileRetries\",\"specFileRetriesDelay\",\"specFileRetriesDeferred\",\"reporterSyncInterval\",\"reporterSyncTimeout\",\"cucumberFeaturesWithLineNumbers\",\"autoCompileOpts\",\"mochaOpts\",\"jasmineOpts\",\"cucumberOpts\",\"onPrepare\",\"onWorkerStart\",\"onWorkerEnd\",\"before\",\"beforeSession\",\"beforeSuite\",\"beforeHook\",\"beforeTest\",\"afterTest\",\"afterHook\",\"afterSuite\",\"afterSession\",\"after\",\"onComplete\",\"beforeAssertion\",\"afterAssertion\",\"beforeFeature\",\"beforeScenario\",\"beforeStep\",\"afterStep\",\"afterScenario\",\"afterFeature\",\"_\",\"suite\",\"$0\",\"ignoredWorkerServices\",\"wdi5\"]"}]}
RESULT: {"script":"<script> [2342 bytes]","args":[{"protocol":"http","hostname":"0.0.0.0","path":"/","capabilities":{"browserName":"chrome","goog:chromeOptions":{"binary":"C:\\Program Files\\Google\\Chrome\\Application\\chrome.exe","args":["--start-maximized"]}},"logLevel":"warn","connectionRetryTimeout":120000,"connectionRetryCount":3,"logLevels":{},"enableDirectConnect":true,"strictSSL":true,"_":"65 more keys: [\"cacheDir\",\"port\",\"requestedCapabilities\",\"automationProtocol\",\"baseUrl\",\"waitforInterval\",\"waitforTimeout\",\"onReload\",\"beforeCommand\",\"afterCommand\",\"rootDir\",\"specs\",\"suites\",\"exclude\",\"groupLogsByTestSpec\",\"excludeDriverLogs\",\"bail\",\"framework\",\"reporters\",\"services\",\"maxInstances\",\"maxInstancesPerCapability\",\"injectGlobals\",\"filesToWatch\",\"execArgv\",\"runnerEnv\",\"runner\",\"shard\",\"specFileRetries\",\"specFileRetriesDelay\",\"specFileRetriesDeferred\",\"reporterSyncInterval\",\"reporterSyncTimeout\",\"cucumberFeaturesWithLineNumbers\",\"autoCompileOpts\",\"mochaOpts\",\"jasmineOpts\",\"cucumberOpts\",\"onPrepare\",\"onWorkerStart\",\"onWorkerEnd\",\"before\",\"beforeSession\",\"beforeSuite\",\"beforeHook\",\"beforeTest\",\"afterTest\",\"afterHook\",\"afterSuite\",\"afterSession\",\"after\",\"onComplete\",\"beforeAssertion\",\"afterAssertion\",\"beforeFeature\",\"beforeScenario\",\"beforeStep\",\"afterStep\",\"afterScenario\",\"afterFeature\",\"_\",\"suite\",\"$0\",\"ignoredWorkerServices\",\"wdi5\"]"}]}
COMMAND: POST /session/04234d49f989df1d8cc66cbbd9ee498b/execute/async - {"script":"<script> [21126 bytes]","args":[35000]}
RESULT: {"script":"<script> [21126 bytes]","args":[35000]}
COMMAND: POST /session/04234d49f989df1d8cc66cbbd9ee498b/element - {"using":"css selector","value":"#shell-header-logo"}
RESULT: {"using":"css selector","value":"#shell-header-logo"}
COMMAND: POST /session/04234d49f989df1d8cc66cbbd9ee498b/element/f.9E73453283219C642BED86114F2A427E.d.26407C2AFAF6640E1508A6EE493F152F.e.13482/click - {}
RESULT: {}
COMMAND: GET /session/04234d49f989df1d8cc66cbbd9ee498b/screenshot - {}
RESULT: {}
COMMAND: POST /session/04234d49f989df1d8cc66cbbd9ee498b/execute/async - {"script":"<script> [1562 bytes]","args":[{"selector":{"controlType":"sap.m.Text","viewName":"etm.portal.ui.managehandoverstile.view.Master","properties":{"text":"Manage Handovers"},"interaction":{"idSuffix":"inner"}},"wdio_ui5_key":"etmportal.ui.managehandoverstile.view.Mastersap.m.Text{\"text\":\"Manage Handovers\"}"}]}
RESULT: {"script":"<script> [1562 bytes]","args":[{"selector":{"controlType":"sap.m.Text","viewName":"etm.portal.ui.managehandoverstile.view.Master","properties":{"text":"Manage Handovers"},"interaction":{"idSuffix":"inner"}},"wdio_ui5_key":"etmportal.ui.managehandoverstile.view.Mastersap.m.Text{\"text\":\"Manage Handovers\"}"}]}
RESULT: undefined
COMMAND: POST /session/04234d49f989df1d8cc66cbbd9ee498b/element - {"using":"xpath","value":"//*[@id=\"__tile131-title\"]"}
RESULT: {"using":"xpath","value":"//*[@id=\"__tile131-title\"]"}
COMMAND: POST /session/04234d49f989df1d8cc66cbbd9ee498b/element/f.9E73453283219C642BED86114F2A427E.d.26407C2AFAF6640E1508A6EE493F152F.e.13667/click - {}
RESULT: {}
COMMAND: GET /session/04234d49f989df1d8cc66cbbd9ee498b/screenshot - {}
RESULT: {}
COMMAND: POST /session/04234d49f989df1d8cc66cbbd9ee498b/element - {"using":"xpath","value":"//button[@data-kt=\"masterHOAddButton\"]"}
RESULT: {"using":"xpath","value":"//button[@data-kt=\"masterHOAddButton\"]"}
COMMAND: POST /session/04234d49f989df1d8cc66cbbd9ee498b/element - {"using":"xpath","value":"//button[@data-kt=\"masterHOAddButton\"]"}
RESULT: {"using":"xpath","value":"//button[@data-kt=\"masterHOAddButton\"]"}
COMMAND: POST /session/04234d49f989df1d8cc66cbbd9ee498b/element - {"using":"xpath","value":"//button[@data-kt=\"masterHOAddButton\"]"}
RESULT: {"using":"xpath","value":"//button[@data-kt=\"masterHOAddButton\"]"}
COMMAND: POST /session/04234d49f989df1d8cc66cbbd9ee498b/execute/sync - {"script":"<script> [8489 bytes]","args":[{"element-6066-11e4-a52e-4f735466cecf":"f.9E73453283219C642BED86114F2A427E.d.26407C2AFAF6640E1508A6EE493F152F.e.13698","ELEMENT":"f.9E73453283219C642BED86114F2A427E.d.26407C2AFAF6640E1508A6EE493F152F.e.13698"}]}
RESULT: {"script":"<script> [8489 bytes]","args":[{"element-6066-11e4-a52e-4f735466cecf":"f.9E73453283219C642BED86114F2A427E.d.26407C2AFAF6640E1508A6EE493F152F.e.13698","ELEMENT":"f.9E73453283219C642BED86114F2A427E.d.26407C2AFAF6640E1508A6EE493F152F.e.13698"}]}
COMMAND: POST /session/04234d49f989df1d8cc66cbbd9ee498b/element/f.9E73453283219C642BED86114F2A427E.d.26407C2AFAF6640E1508A6EE493F152F.e.13698/click - {}
RESULT: {}
COMMAND: GET /session/04234d49f989df1d8cc66cbbd9ee498b/screenshot - {}
COMMAND: GET /session/04234d49f989df1d8cc66cbbd9ee498b/screenshot - {}
COMMAND: POST /session/04234d49f989df1d8cc66cbbd9ee498b/element - {"using":"xpath","value":"//span[contains(@id ,\"AddNewHO--typeSelect-arrow\")]"}
RESULT: {}
RESULT: {}
RESULT: {"using":"xpath","value":"//span[contains(@id ,\"AddNewHO--typeSelect-arrow\")]"}
COMMAND: POST /session/04234d49f989df1d8cc66cbbd9ee498b/element/f.9E73453283219C642BED86114F2A427E.d.26407C2AFAF6640E1508A6EE493F152F.e.14003/click - {}
RESULT: {}
COMMAND: GET /session/04234d49f989df1d8cc66cbbd9ee498b/screenshot - {}
RESULT: {}
COMMAND: POST /session/04234d49f989df1d8cc66cbbd9ee498b/element - {"using":"xpath","value":"(//li[contains(text(), \"stock increase yard\")])[1]"}
RESULT: {"using":"xpath","value":"(//li[contains(text(), \"stock increase yard\")])[1]"}
COMMAND: POST /session/04234d49f989df1d8cc66cbbd9ee498b/element/f.9E73453283219C642BED86114F2A427E.d.26407C2AFAF6640E1508A6EE493F152F.e.14004/click - {}
RESULT: {}
COMMAND: GET /session/04234d49f989df1d8cc66cbbd9ee498b/screenshot - {}
RESULT: {}
COMMAND: POST /session/04234d49f989df1d8cc66cbbd9ee498b/execute/async - {"script":"<script> [1562 bytes]","args":[{"selector":{"id":"application-managehandovers-display-component---AddNewHO--dueDate","interaction":{"idSuffix":"inner"}},"wdio_ui5_key":"applicationmanagehandovers-display-component---AddNewHO--dueDate"}]}
RESULT: {"script":"<script> [1562 bytes]","args":[{"selector":{"id":"application-managehandovers-display-component---AddNewHO--dueDate","interaction":{"idSuffix":"inner"}},"wdio_ui5_key":"applicationmanagehandovers-display-component---AddNewHO--dueDate"}]}
RESULT: undefined
COMMAND: POST /session/04234d49f989df1d8cc66cbbd9ee498b/execute/async - {"script":"<script> [6424 bytes]","args":[{"element-6066-11e4-a52e-4f735466cecf":"f.9E73453283219C642BED86114F2A427E.d.26407C2AFAF6640E1508A6EE493F152F.e.14006"},"setValue",["05/03/2025"]]}
RESULT: {"script":"<script> [6424 bytes]","args":[{"element-6066-11e4-a52e-4f735466cecf":"f.9E73453283219C642BED86114F2A427E.d.26407C2AFAF6640E1508A6EE493F152F.e.14006"},"setValue",["05/03/2025"]]}
COMMAND: POST /session/04234d49f989df1d8cc66cbbd9ee498b/element - {"using":"xpath","value":"//input[@id=\"generalSectionFrg--receiveYard-inner\"]"}
RESULT: {"using":"xpath","value":"//input[@id=\"generalSectionFrg--receiveYard-inner\"]"}
COMMAND: POST /session/04234d49f989df1d8cc66cbbd9ee498b/element/f.9E73453283219C642BED86114F2A427E.d.26407C2AFAF6640E1508A6EE493F152F.e.14012/clear - {}
RESULT: {}
COMMAND: POST /session/04234d49f989df1d8cc66cbbd9ee498b/element/f.9E73453283219C642BED86114F2A427E.d.26407C2AFAF6640E1508A6EE493F152F.e.14012/value - {"text":"WebdriverYardfu5v1"}
COMMAND: GET /session/04234d49f989df1d8cc66cbbd9ee498b/screenshot - {}
RESULT: {"text":"WebdriverYardfu5v1"}
COMMAND: GET /session/04234d49f989df1d8cc66cbbd9ee498b/screenshot - {}
RESULT: {}
RESULT: {}
COMMAND: POST /session/04234d49f989df1d8cc66cbbd9ee498b/execute/async - {"script":"<script> [1562 bytes]","args":[{"selector":{"id":"application-managehandovers-display-component---AddNewHO--ObjectPageLayout-anchBar-application-managehandovers-display-component---AddNewHO--section4-anchor","interaction":{"idSuffix":"BDI-content"}},"wdio_ui5_key":"applicationmanagehandovers-display-component---AddNewHO--ObjectPageLayout-anchBar-application-managehandovers-display-component---AddNewHO--section4-anchor"}]}
RESULT: {"script":"<script> [1562 bytes]","args":[{"selector":{"id":"application-managehandovers-display-component---AddNewHO--ObjectPageLayout-anchBar-application-managehandovers-display-component---AddNewHO--section4-anchor","interaction":{"idSuffix":"BDI-content"}},"wdio_ui5_key":"applicationmanagehandovers-display-component---AddNewHO--ObjectPageLayout-anchBar-application-managehandovers-display-component---AddNewHO--section4-anchor"}]}
RESULT: undefined
COMMAND: POST /session/04234d49f989df1d8cc66cbbd9ee498b/element - {"using":"xpath","value":"//*[@id=\"application-managehandovers-display-component---AddNewHO--ObjectPageLayout-anchBar-application-managehandovers-display-component---AddNewHO--section4-anchor\"]"}
RESULT: {"using":"xpath","value":"//*[@id=\"application-managehandovers-display-component---AddNewHO--ObjectPageLayout-anchBar-application-managehandovers-display-component---AddNewHO--section4-anchor\"]"}
COMMAND: POST /session/04234d49f989df1d8cc66cbbd9ee498b/element/f.9E73453283219C642BED86114F2A427E.d.26407C2AFAF6640E1508A6EE493F152F.e.14030/click - {}
RESULT: {}
COMMAND: GET /session/04234d49f989df1d8cc66cbbd9ee498b/screenshot - {}
RESULT: {}
COMMAND: POST /session/04234d49f989df1d8cc66cbbd9ee498b/element - {"using":"xpath","value":"//button[@aria-label=\"Add\"]"}
RESULT: {"using":"xpath","value":"//button[@aria-label=\"Add\"]"}
COMMAND: POST /session/04234d49f989df1d8cc66cbbd9ee498b/element/f.9E73453283219C642BED86114F2A427E.d.26407C2AFAF6640E1508A6EE493F152F.e.14034/click - {}
RESULT: {}
COMMAND: GET /session/04234d49f989df1d8cc66cbbd9ee498b/screenshot - {}
RESULT: {}
COMMAND: POST /session/04234d49f989df1d8cc66cbbd9ee498b/execute/async - {"script":"<script> [1562 bytes]","args":[{"selector":{"id":"application-managehandovers-display-component---AddNewHO--smartFilterBar-btnBasicSearch","searchOpenDialogs":true,"interaction":{"idSuffix":"I"}},"wdio_ui5_key":"applicationmanagehandovers-display-component---AddNewHO--smartFilterBar-btnBasicSearch"}]}
RESULT: {"script":"<script> [1562 bytes]","args":[{"selector":{"id":"application-managehandovers-display-component---AddNewHO--smartFilterBar-btnBasicSearch","searchOpenDialogs":true,"interaction":{"idSuffix":"I"}},"wdio_ui5_key":"applicationmanagehandovers-display-component---AddNewHO--smartFilterBar-btnBasicSearch"}]}
RESULT: undefined
COMMAND: POST /session/04234d49f989df1d8cc66cbbd9ee498b/execute/async - {"script":"<script> [776 bytes]","args":[{"enterText":"WebdriverRUR2Cgsvsk","selector":{"id":"application-managehandovers-display-component---AddNewHO--smartFilterBar-btnBasicSearch","searchOpenDialogs":true,"interaction":{"idSuffix":"I"}},"clearTextFirst":true,"interactionType":"ENTER_TEXT"}]}
RESULT: {"script":"<script> [776 bytes]","args":[{"enterText":"WebdriverRUR2Cgsvsk","selector":{"id":"application-managehandovers-display-component---AddNewHO--smartFilterBar-btnBasicSearch","searchOpenDialogs":true,"interaction":{"idSuffix":"I"}},"clearTextFirst":true,"interactionType":"ENTER_TEXT"}]}
COMMAND: POST /session/04234d49f989df1d8cc66cbbd9ee498b/actions - {"actions":[{"id":"action71","type":"key","parameters":{},"actions":[{"type":"keyDown","value":"î€‡"},{"type":"pause","duration":10},{"type":"keyUp","value":"î€‡"}]}]}
RESULT: {"actions":[{"id":"action71","type":"key","parameters":{},"actions":[{"type":"keyDown","value":"î€‡"},{"type":"pause","duration":10},{"type":"keyUp","value":"î€‡"}]}]}
COMMAND: POST /session/04234d49f989df1d8cc66cbbd9ee498b/execute/async - {"script":"<script> [1562 bytes]","args":[{"selector":{"id":"application-managehandovers-display-component---AddNewHO--popup-sa","searchOpenDialogs":true,"interaction":{"idSuffix":"CbBg"}},"wdio_ui5_key":"applicationmanagehandovers-display-component---AddNewHO--popup-sa"}]}
COMMAND: GET /session/04234d49f989df1d8cc66cbbd9ee498b/screenshot - {}
RESULT: {"script":"<script> [1562 bytes]","args":[{"selector":{"id":"application-managehandovers-display-component---AddNewHO--popup-sa","searchOpenDialogs":true,"interaction":{"idSuffix":"CbBg"}},"wdio_ui5_key":"applicationmanagehandovers-display-component---AddNewHO--popup-sa"}]}
RESULT: undefined
COMMAND: POST /session/04234d49f989df1d8cc66cbbd9ee498b/element - {"using":"xpath","value":"//*[@id=\"application-managehandovers-display-component---AddNewHO--popup-sa\"]"}
RESULT: {}
RESULT: {"using":"xpath","value":"//*[@id=\"application-managehandovers-display-component---AddNewHO--popup-sa\"]"}
COMMAND: POST /session/04234d49f989df1d8cc66cbbd9ee498b/element/f.9E73453283219C642BED86114F2A427E.d.26407C2AFAF6640E1508A6EE493F152F.e.14189/click - {}
RESULT: {}
COMMAND: GET /session/04234d49f989df1d8cc66cbbd9ee498b/screenshot - {}
RESULT: {}
COMMAND: POST /session/04234d49f989df1d8cc66cbbd9ee498b/element - {"using":"xpath","value":"//bdi[contains(text(), \"Select\")]"}
RESULT: {"using":"xpath","value":"//bdi[contains(text(), \"Select\")]"}
COMMAND: POST /session/04234d49f989df1d8cc66cbbd9ee498b/element/f.9E73453283219C642BED86114F2A427E.d.26407C2AFAF6640E1508A6EE493F152F.e.14190/click - {}
RESULT: {}
COMMAND: GET /session/04234d49f989df1d8cc66cbbd9ee498b/screenshot - {}
RESULT: {}
COMMAND: POST /session/04234d49f989df1d8cc66cbbd9ee498b/execute/async - {"script":"<script> [1562 bytes]","args":[{"selector":{"controlType":"sap.m.Input","viewName":"etm.portal.ui.managehandovers.view.AddNewHO","viewId":"application-managehandovers-display-component---AddNewHO","bindingPath":{"path":"/items/0","propertyPath":"TYPE","modelName":"hoItemsModel"},"interaction":{"idSuffix":"inner"}},"wdio_ui5_key":"etmportal.ui.managehandovers.view.AddNewHOsap.m.Input{\"path\":\"/items/0\",\"propertyPath\":\"TYPE\",\"modelName\":\"hoItemsModel\"}"}]}
RESULT: {"script":"<script> [1562 bytes]","args":[{"selector":{"controlType":"sap.m.Input","viewName":"etm.portal.ui.managehandovers.view.AddNewHO","viewId":"application-managehandovers-display-component---AddNewHO","bindingPath":{"path":"/items/0","propertyPath":"TYPE","modelName":"hoItemsModel"},"interaction":{"idSuffix":"inner"}},"wdio_ui5_key":"etmportal.ui.managehandovers.view.AddNewHOsap.m.Input{\"path\":\"/items/0\",\"propertyPath\":\"TYPE\",\"modelName\":\"hoItemsModel\"}"}]}
RESULT: undefined
COMMAND: POST /session/04234d49f989df1d8cc66cbbd9ee498b/execute/async - {"script":"<script> [776 bytes]","args":[{"enterText":"100","selector":{"controlType":"sap.m.Input","viewName":"etm.portal.ui.managehandovers.view.AddNewHO","viewId":"application-managehandovers-display-component---AddNewHO","bindingPath":{"path":"/items/0","propertyPath":"TYPE","modelName":"hoItemsModel"},"interaction":{"idSuffix":"inner"}},"clearTextFirst":true,"interactionType":"ENTER_TEXT"}]}
RESULT: {"script":"<script> [776 bytes]","args":[{"enterText":"100","selector":{"controlType":"sap.m.Input","viewName":"etm.portal.ui.managehandovers.view.AddNewHO","viewId":"application-managehandovers-display-component---AddNewHO","bindingPath":{"path":"/items/0","propertyPath":"TYPE","modelName":"hoItemsModel"},"interaction":{"idSuffix":"inner"}},"clearTextFirst":true,"interactionType":"ENTER_TEXT"}]}
COMMAND: POST /session/04234d49f989df1d8cc66cbbd9ee498b/element - {"using":"xpath","value":"//button[@data-kt=\"AddNewHOSaveButton\"]"}
RESULT: {"using":"xpath","value":"//button[@data-kt=\"AddNewHOSaveButton\"]"}
COMMAND: POST /session/04234d49f989df1d8cc66cbbd9ee498b/element/f.9E73453283219C642BED86114F2A427E.d.26407C2AFAF6640E1508A6EE493F152F.e.14195/click - {}
RESULT: {}
COMMAND: GET /session/04234d49f989df1d8cc66cbbd9ee498b/screenshot - {}
RESULT: {}
COMMAND: POST /session/04234d49f989df1d8cc66cbbd9ee498b/execute/async - {"script":"<script> [1562 bytes]","args":[{"selector":{"id":"receiptDatePicker","viewName":"etm.portal.ui.managehandovers.view.DetailExecuteHO","interaction":{"idSuffix":"inner"}},"wdio_ui5_key":"receiptDatePickeretmportal.ui.managehandovers.view.DetailExecuteHO"}]}
RESULT: {"script":"<script> [1562 bytes]","args":[{"selector":{"id":"receiptDatePicker","viewName":"etm.portal.ui.managehandovers.view.DetailExecuteHO","interaction":{"idSuffix":"inner"}},"wdio_ui5_key":"receiptDatePickeretmportal.ui.managehandovers.view.DetailExecuteHO"}]}
RESULT: undefined
COMMAND: POST /session/04234d49f989df1d8cc66cbbd9ee498b/execute/async - {"script":"<script> [6424 bytes]","args":[{"element-6066-11e4-a52e-4f735466cecf":"f.9E73453283219C642BED86114F2A427E.d.26407C2AFAF6640E1508A6EE493F152F.e.14221"},"setValue",["05/03/2025"]]}
RESULT: {"script":"<script> [6424 bytes]","args":[{"element-6066-11e4-a52e-4f735466cecf":"f.9E73453283219C642BED86114F2A427E.d.26407C2AFAF6640E1508A6EE493F152F.e.14221"},"setValue",["05/03/2025"]]}
COMMAND: POST /session/04234d49f989df1d8cc66cbbd9ee498b/element - {"using":"xpath","value":"//button[@data-kt=\"PickingTableConfirmAllButton\"]"}
RESULT: {"using":"xpath","value":"//button[@data-kt=\"PickingTableConfirmAllButton\"]"}
COMMAND: POST /session/04234d49f989df1d8cc66cbbd9ee498b/element/f.9E73453283219C642BED86114F2A427E.d.26407C2AFAF6640E1508A6EE493F152F.e.14236/click - {}
RESULT: {}
COMMAND: GET /session/04234d49f989df1d8cc66cbbd9ee498b/screenshot - {}
RESULT: {}
COMMAND: POST /session/04234d49f989df1d8cc66cbbd9ee498b/element - {"using":"xpath","value":"//bdi[contains(text(), \"OK\")]"}
RESULT: {"using":"xpath","value":"//bdi[contains(text(), \"OK\")]"}
COMMAND: POST /session/04234d49f989df1d8cc66cbbd9ee498b/element/f.9E73453283219C642BED86114F2A427E.d.26407C2AFAF6640E1508A6EE493F152F.e.14238/click - {}
RESULT: {}
COMMAND: GET /session/04234d49f989df1d8cc66cbbd9ee498b/screenshot - {}
RESULT: {}
COMMAND: POST /session/04234d49f989df1d8cc66cbbd9ee498b/element - {"using":"xpath","value":"(//bdi[contains(text(), \"Receive\")])[2]"}
RESULT: {"using":"xpath","value":"(//bdi[contains(text(), \"Receive\")])[2]"}
COMMAND: POST /session/04234d49f989df1d8cc66cbbd9ee498b/element/f.9E73453283219C642BED86114F2A427E.d.26407C2AFAF6640E1508A6EE493F152F.e.14240/click - {}
RESULT: {}
COMMAND: GET /session/04234d49f989df1d8cc66cbbd9ee498b/screenshot - {}
RESULT: {}
COMMAND: POST /session/04234d49f989df1d8cc66cbbd9ee498b/element - {"using":"css selector","value":"#shell-header-logo"}
RESULT: {"using":"css selector","value":"#shell-header-logo"}
COMMAND: POST /session/04234d49f989df1d8cc66cbbd9ee498b/element/f.9E73453283219C642BED86114F2A427E.d.26407C2AFAF6640E1508A6EE493F152F.e.13670/click - {}
RESULT: {}
]]></system-out>
    </testcase>
    <testcase classname="chrome.135_0_7049_96.windows.E2E_-_Logistical_and_commercial_statuses" name="Should add a pricing rule and a condition to the RU" time="102.787">
      <system-out><![CDATA[
COMMAND: POST /session/04234d49f989df1d8cc66cbbd9ee498b/execute/async - {"script":"<script> [1562 bytes]","args":[{"selector":{"controlType":"sap.m.GenericTile","properties":{"header":"Manage Pricing Rules"}},"wdio_ui5_key":"sapm.GenericTile{\"header\":\"Manage Pricing Rules\"}"}]}
COMMAND: GET /session/04234d49f989df1d8cc66cbbd9ee498b/screenshot - {}
RESULT: {"script":"<script> [1562 bytes]","args":[{"selector":{"controlType":"sap.m.GenericTile","properties":{"header":"Manage Pricing Rules"}},"wdio_ui5_key":"sapm.GenericTile{\"header\":\"Manage Pricing Rules\"}"}]}
RESULT: undefined
COMMAND: POST /session/04234d49f989df1d8cc66cbbd9ee498b/element - {"using":"xpath","value":"//*[@id=\"__tile55\"]"}
RESULT: {}
RESULT: {"using":"xpath","value":"//*[@id=\"__tile55\"]"}
COMMAND: POST /session/04234d49f989df1d8cc66cbbd9ee498b/element/f.9E73453283219C642BED86114F2A427E.d.26407C2AFAF6640E1508A6EE493F152F.e.14472/click - {}
RESULT: {}
COMMAND: GET /session/04234d49f989df1d8cc66cbbd9ee498b/screenshot - {}
RESULT: {}
COMMAND: POST /session/04234d49f989df1d8cc66cbbd9ee498b/execute/async - {"script":"<script> [1562 bytes]","args":[{"selector":{"controlType":"sap.ui.core.Icon","viewName":"etm.portal.ui.managepricingrules.view.MasterHeader","viewId":"application-managepricingrules-display-component---priceInfoHeader","properties":{"src":{"regex":{"source":"activity\\-items"}}}},"wdio_ui5_key":"etmportal.ui.managepricingrules.view.MasterHeadersap.ui.core.Icon{\"src\":{\"regex\":{\"source\":\"activity\\\\-items\"}}}"}]}
RESULT: {"script":"<script> [1562 bytes]","args":[{"selector":{"controlType":"sap.ui.core.Icon","viewName":"etm.portal.ui.managepricingrules.view.MasterHeader","viewId":"application-managepricingrules-display-component---priceInfoHeader","properties":{"src":{"regex":{"source":"activity\\-items"}}}},"wdio_ui5_key":"etmportal.ui.managepricingrules.view.MasterHeadersap.ui.core.Icon{\"src\":{\"regex\":{\"source\":\"activity\\\\-items\"}}}"}]}
RESULT: undefined
COMMAND: POST /session/04234d49f989df1d8cc66cbbd9ee498b/element - {"using":"xpath","value":"//*[@id=\"__filter22-icon\"]"}
RESULT: {"using":"xpath","value":"//*[@id=\"__filter22-icon\"]"}
COMMAND: POST /session/04234d49f989df1d8cc66cbbd9ee498b/element/f.9E73453283219C642BED86114F2A427E.d.26407C2AFAF6640E1508A6EE493F152F.e.14520/click - {}
RESULT: {}
COMMAND: GET /session/04234d49f989df1d8cc66cbbd9ee498b/screenshot - {}
RESULT: {}
COMMAND: POST /session/04234d49f989df1d8cc66cbbd9ee498b/execute/async - {"script":"<script> [1562 bytes]","args":[{"selector":{"controlType":"sap.ui.core.Icon","viewName":"etm.portal.ui.managepricingrules.view.MasterItem","viewId":"application-managepricingrules-display-component---priceInfoItem","properties":{"src":{"regex":{"source":"add"}}}},"wdio_ui5_key":"etmportal.ui.managepricingrules.view.MasterItemsap.ui.core.Icon{\"src\":{\"regex\":{\"source\":\"add\"}}}"}]}
RESULT: {"script":"<script> [1562 bytes]","args":[{"selector":{"controlType":"sap.ui.core.Icon","viewName":"etm.portal.ui.managepricingrules.view.MasterItem","viewId":"application-managepricingrules-display-component---priceInfoItem","properties":{"src":{"regex":{"source":"add"}}}},"wdio_ui5_key":"etmportal.ui.managepricingrules.view.MasterItemsap.ui.core.Icon{\"src\":{\"regex\":{\"source\":\"add\"}}}"}]}
RESULT: undefined
COMMAND: POST /session/04234d49f989df1d8cc66cbbd9ee498b/element - {"using":"xpath","value":"//*[@id=\"__button76-img\"]"}
RESULT: {"using":"xpath","value":"//*[@id=\"__button76-img\"]"}
COMMAND: POST /session/04234d49f989df1d8cc66cbbd9ee498b/element/f.9E73453283219C642BED86114F2A427E.d.26407C2AFAF6640E1508A6EE493F152F.e.14567/click - {}
RESULT: {}
COMMAND: GET /session/04234d49f989df1d8cc66cbbd9ee498b/screenshot - {}
RESULT: {}
COMMAND: POST /session/04234d49f989df1d8cc66cbbd9ee498b/element - {"using":"xpath","value":"//input[@id=\"application-managepricingrules-display-component---newInfoPriceItem--condRU-inner\"]"}
RESULT: {"using":"xpath","value":"//input[@id=\"application-managepricingrules-display-component---newInfoPriceItem--condRU-inner\"]"}
COMMAND: POST /session/04234d49f989df1d8cc66cbbd9ee498b/element/f.9E73453283219C642BED86114F2A427E.d.26407C2AFAF6640E1508A6EE493F152F.e.14778/clear - {}
RESULT: {}
COMMAND: POST /session/04234d49f989df1d8cc66cbbd9ee498b/element/f.9E73453283219C642BED86114F2A427E.d.26407C2AFAF6640E1508A6EE493F152F.e.14778/value - {"text":"WebdriverRUR2Cgsvsk"}
COMMAND: GET /session/04234d49f989df1d8cc66cbbd9ee498b/screenshot - {}
RESULT: {"text":"WebdriverRUR2Cgsvsk"}
COMMAND: POST /session/04234d49f989df1d8cc66cbbd9ee498b/execute/async - {"script":"<script> [1562 bytes]","args":[{"selector":{"id":"application-managepricingrules-display-component---newInfoPriceItem--condValidTo","interaction":{"idSuffix":"inner"}},"wdio_ui5_key":"applicationmanagepricingrules-display-component---newInfoPriceItem--condValidTo"}]}
COMMAND: GET /session/04234d49f989df1d8cc66cbbd9ee498b/screenshot - {}
RESULT: {}
RESULT: {"script":"<script> [1562 bytes]","args":[{"selector":{"id":"application-managepricingrules-display-component---newInfoPriceItem--condValidTo","interaction":{"idSuffix":"inner"}},"wdio_ui5_key":"applicationmanagepricingrules-display-component---newInfoPriceItem--condValidTo"}]}
RESULT: undefined
COMMAND: POST /session/04234d49f989df1d8cc66cbbd9ee498b/execute/async - {"script":"<script> [776 bytes]","args":[{"enterText":"5/18/33","selector":{"id":"application-managepricingrules-display-component---newInfoPriceItem--condValidTo","interaction":{"idSuffix":"inner"}},"clearTextFirst":true,"interactionType":"ENTER_TEXT"}]}
RESULT: {}
RESULT: {"script":"<script> [776 bytes]","args":[{"enterText":"5/18/33","selector":{"id":"application-managepricingrules-display-component---newInfoPriceItem--condValidTo","interaction":{"idSuffix":"inner"}},"clearTextFirst":true,"interactionType":"ENTER_TEXT"}]}
COMMAND: POST /session/04234d49f989df1d8cc66cbbd9ee498b/execute/async - {"script":"<script> [1562 bytes]","args":[{"selector":{"id":"application-managepricingrules-display-component---newInfoPriceItem--billType-arrow"},"wdio_ui5_key":"applicationmanagepricingrules-display-component---newInfoPriceItem--billType-arrow"}]}
RESULT: {"script":"<script> [1562 bytes]","args":[{"selector":{"id":"application-managepricingrules-display-component---newInfoPriceItem--billType-arrow"},"wdio_ui5_key":"applicationmanagepricingrules-display-component---newInfoPriceItem--billType-arrow"}]}
RESULT: undefined
COMMAND: POST /session/04234d49f989df1d8cc66cbbd9ee498b/element - {"using":"xpath","value":"//*[@id=\"application-managepricingrules-display-component---newInfoPriceItem--billType-arrow\"]"}
RESULT: {"using":"xpath","value":"//*[@id=\"application-managepricingrules-display-component---newInfoPriceItem--billType-arrow\"]"}
COMMAND: POST /session/04234d49f989df1d8cc66cbbd9ee498b/element/f.9E73453283219C642BED86114F2A427E.d.26407C2AFAF6640E1508A6EE493F152F.e.14865/click - {}
RESULT: {}
COMMAND: POST /session/04234d49f989df1d8cc66cbbd9ee498b/element - {"using":"xpath","value":"//span[contains(text(), \"TB - Time based\")]"}
COMMAND: GET /session/04234d49f989df1d8cc66cbbd9ee498b/screenshot - {}
RESULT: {"using":"xpath","value":"//span[contains(text(), \"TB - Time based\")]"}
COMMAND: POST /session/04234d49f989df1d8cc66cbbd9ee498b/element/f.9E73453283219C642BED86114F2A427E.d.26407C2AFAF6640E1508A6EE493F152F.e.14917/click - {}
RESULT: {}
RESULT: {}
COMMAND: POST /session/04234d49f989df1d8cc66cbbd9ee498b/execute/async - {"script":"<script> [1562 bytes]","args":[{"selector":{"id":"application-managepricingrules-display-component---newInfoPriceItem--priceProc-arrow"},"wdio_ui5_key":"applicationmanagepricingrules-display-component---newInfoPriceItem--priceProc-arrow"}]}
COMMAND: GET /session/04234d49f989df1d8cc66cbbd9ee498b/screenshot - {}
RESULT: {"script":"<script> [1562 bytes]","args":[{"selector":{"id":"application-managepricingrules-display-component---newInfoPriceItem--priceProc-arrow"},"wdio_ui5_key":"applicationmanagepricingrules-display-component---newInfoPriceItem--priceProc-arrow"}]}
RESULT: undefined
COMMAND: POST /session/04234d49f989df1d8cc66cbbd9ee498b/element - {"using":"xpath","value":"//*[@id=\"application-managepricingrules-display-component---newInfoPriceItem--priceProc-arrow\"]"}
RESULT: {}
RESULT: {"using":"xpath","value":"//*[@id=\"application-managepricingrules-display-component---newInfoPriceItem--priceProc-arrow\"]"}
COMMAND: POST /session/04234d49f989df1d8cc66cbbd9ee498b/element/f.9E73453283219C642BED86114F2A427E.d.26407C2AFAF6640E1508A6EE493F152F.e.14872/click - {}
RESULT: {}
COMMAND: POST /session/04234d49f989df1d8cc66cbbd9ee498b/element - {"using":"xpath","value":"//span[contains(text(), \"TBS - Time based standard\")]"}
COMMAND: GET /session/04234d49f989df1d8cc66cbbd9ee498b/screenshot - {}
RESULT: {"using":"xpath","value":"//span[contains(text(), \"TBS - Time based standard\")]"}
COMMAND: POST /session/04234d49f989df1d8cc66cbbd9ee498b/element/f.9E73453283219C642BED86114F2A427E.d.26407C2AFAF6640E1508A6EE493F152F.e.14918/click - {}
RESULT: {}
RESULT: {}
COMMAND: POST /session/04234d49f989df1d8cc66cbbd9ee498b/execute/async - {"script":"<script> [1562 bytes]","args":[{"selector":{"id":"application-managepricingrules-display-component---newInfoPriceItem--calcBase-arrow"},"wdio_ui5_key":"applicationmanagepricingrules-display-component---newInfoPriceItem--calcBase-arrow"}]}
COMMAND: GET /session/04234d49f989df1d8cc66cbbd9ee498b/screenshot - {}
RESULT: {"script":"<script> [1562 bytes]","args":[{"selector":{"id":"application-managepricingrules-display-component---newInfoPriceItem--calcBase-arrow"},"wdio_ui5_key":"applicationmanagepricingrules-display-component---newInfoPriceItem--calcBase-arrow"}]}
RESULT: undefined
COMMAND: POST /session/04234d49f989df1d8cc66cbbd9ee498b/element - {"using":"xpath","value":"//*[@id=\"application-managepricingrules-display-component---newInfoPriceItem--calcBase-arrow\"]"}
RESULT: {}
RESULT: {"using":"xpath","value":"//*[@id=\"application-managepricingrules-display-component---newInfoPriceItem--calcBase-arrow\"]"}
COMMAND: POST /session/04234d49f989df1d8cc66cbbd9ee498b/element/f.9E73453283219C642BED86114F2A427E.d.26407C2AFAF6640E1508A6EE493F152F.e.14879/click - {}
RESULT: {}
COMMAND: GET /session/04234d49f989df1d8cc66cbbd9ee498b/screenshot - {}
RESULT: {}
COMMAND: POST /session/04234d49f989df1d8cc66cbbd9ee498b/element - {"using":"xpath","value":"//span[contains(text(), \"0006 - TB(calendar days)\")]"}
RESULT: {"using":"xpath","value":"//span[contains(text(), \"0006 - TB(calendar days)\")]"}
COMMAND: POST /session/04234d49f989df1d8cc66cbbd9ee498b/element/f.9E73453283219C642BED86114F2A427E.d.26407C2AFAF6640E1508A6EE493F152F.e.14919/click - {}
RESULT: {}
COMMAND: POST /session/04234d49f989df1d8cc66cbbd9ee498b/execute/async - {"script":"<script> [1562 bytes]","args":[{"selector":{"id":"application-managepricingrules-display-component---newInfoPriceItem--daysMonth","interaction":{"idSuffix":"inner"}},"wdio_ui5_key":"applicationmanagepricingrules-display-component---newInfoPriceItem--daysMonth"}]}
COMMAND: GET /session/04234d49f989df1d8cc66cbbd9ee498b/screenshot - {}
RESULT: {"script":"<script> [1562 bytes]","args":[{"selector":{"id":"application-managepricingrules-display-component---newInfoPriceItem--daysMonth","interaction":{"idSuffix":"inner"}},"wdio_ui5_key":"applicationmanagepricingrules-display-component---newInfoPriceItem--daysMonth"}]}
RESULT: undefined
COMMAND: POST /session/04234d49f989df1d8cc66cbbd9ee498b/execute/async - {"script":"<script> [776 bytes]","args":[{"enterText":"30","selector":{"id":"application-managepricingrules-display-component---newInfoPriceItem--daysMonth","interaction":{"idSuffix":"inner"}},"clearTextFirst":true,"interactionType":"ENTER_TEXT"}]}
RESULT: {}
RESULT: {"script":"<script> [776 bytes]","args":[{"enterText":"30","selector":{"id":"application-managepricingrules-display-component---newInfoPriceItem--daysMonth","interaction":{"idSuffix":"inner"}},"clearTextFirst":true,"interactionType":"ENTER_TEXT"}]}
COMMAND: POST /session/04234d49f989df1d8cc66cbbd9ee498b/element - {"using":"xpath","value":"//button[@data-kt=\"saveNewRuleButton\"]"}
RESULT: {"using":"xpath","value":"//button[@data-kt=\"saveNewRuleButton\"]"}
COMMAND: POST /session/04234d49f989df1d8cc66cbbd9ee498b/element/f.9E73453283219C642BED86114F2A427E.d.26407C2AFAF6640E1508A6EE493F152F.e.14900/click - {}
RESULT: {}
COMMAND: GET /session/04234d49f989df1d8cc66cbbd9ee498b/screenshot - {}
RESULT: {}
COMMAND: POST /session/04234d49f989df1d8cc66cbbd9ee498b/element - {"using":"css selector","value":"#shell-header-logo"}
RESULT: {"using":"css selector","value":"#shell-header-logo"}
COMMAND: POST /session/04234d49f989df1d8cc66cbbd9ee498b/element/f.9E73453283219C642BED86114F2A427E.d.26407C2AFAF6640E1508A6EE493F152F.e.14475/click - {}
RESULT: {}
COMMAND: GET /session/04234d49f989df1d8cc66cbbd9ee498b/screenshot - {}
RESULT: {}
COMMAND: POST /session/04234d49f989df1d8cc66cbbd9ee498b/execute/async - {"script":"<script> [1562 bytes]","args":[{"selector":{"controlType":"sap.m.Text","properties":{"text":"Manage Conditions & Prices"},"interaction":{"idSuffix":"inner"}},"wdio_ui5_key":"sapm.Text{\"text\":\"Manage Conditions & Prices\"}"}]}
RESULT: {"script":"<script> [1562 bytes]","args":[{"selector":{"controlType":"sap.m.Text","properties":{"text":"Manage Conditions & Prices"},"interaction":{"idSuffix":"inner"}},"wdio_ui5_key":"sapm.Text{\"text\":\"Manage Conditions & Prices\"}"}]}
RESULT: undefined
COMMAND: POST /session/04234d49f989df1d8cc66cbbd9ee498b/element - {"using":"xpath","value":"//*[@id=\"__tile53-title\"]"}
RESULT: {"using":"xpath","value":"//*[@id=\"__tile53-title\"]"}
COMMAND: POST /session/04234d49f989df1d8cc66cbbd9ee498b/element/f.9E73453283219C642BED86114F2A427E.d.26407C2AFAF6640E1508A6EE493F152F.e.14939/click - {}
RESULT: {}
COMMAND: GET /session/04234d49f989df1d8cc66cbbd9ee498b/screenshot - {}
RESULT: {}
COMMAND: POST /session/04234d49f989df1d8cc66cbbd9ee498b/element - {"using":"xpath","value":"//button[@aria-label=\"Create\"]"}
RESULT: {"using":"xpath","value":"//button[@aria-label=\"Create\"]"}
COMMAND: POST /session/04234d49f989df1d8cc66cbbd9ee498b/element/f.9E73453283219C642BED86114F2A427E.d.26407C2AFAF6640E1508A6EE493F152F.e.15080/click - {}
RESULT: {}
COMMAND: POST /session/04234d49f989df1d8cc66cbbd9ee498b/actions - {"actions":[{"id":"action72","type":"key","parameters":{},"actions":[{"type":"keyDown","value":"î€‡"},{"type":"pause","duration":10},{"type":"keyUp","value":"î€‡"}]}]}
COMMAND: GET /session/04234d49f989df1d8cc66cbbd9ee498b/screenshot - {}
RESULT: {"actions":[{"id":"action72","type":"key","parameters":{},"actions":[{"type":"keyDown","value":"î€‡"},{"type":"pause","duration":10},{"type":"keyUp","value":"î€‡"}]}]}
COMMAND: GET /session/04234d49f989df1d8cc66cbbd9ee498b/screenshot - {}
COMMAND: POST /session/04234d49f989df1d8cc66cbbd9ee498b/execute/async - {"script":"<script> [1562 bytes]","args":[{"selector":{"id":"application-manageconditionprice-display-component---newCondition--condBillCond-arrow"},"wdio_ui5_key":"applicationmanageconditionprice-display-component---newCondition--condBillCond-arrow"}]}
RESULT: {}
RESULT: {}
RESULT: {"script":"<script> [1562 bytes]","args":[{"selector":{"id":"application-manageconditionprice-display-component---newCondition--condBillCond-arrow"},"wdio_ui5_key":"applicationmanageconditionprice-display-component---newCondition--condBillCond-arrow"}]}
RESULT: undefined
COMMAND: POST /session/04234d49f989df1d8cc66cbbd9ee498b/element - {"using":"xpath","value":"//*[@id=\"application-manageconditionprice-display-component---newCondition--condBillCond-arrow\"]"}
RESULT: {"using":"xpath","value":"//*[@id=\"application-manageconditionprice-display-component---newCondition--condBillCond-arrow\"]"}
COMMAND: POST /session/04234d49f989df1d8cc66cbbd9ee498b/element/f.9E73453283219C642BED86114F2A427E.d.26407C2AFAF6640E1508A6EE493F152F.e.15437/click - {}
RESULT: {}
COMMAND: POST /session/04234d49f989df1d8cc66cbbd9ee498b/element - {"using":"xpath","value":"//span[contains(text(), \"DISP - D&I special price\")]"}
COMMAND: GET /session/04234d49f989df1d8cc66cbbd9ee498b/screenshot - {}
RESULT: {"using":"xpath","value":"//span[contains(text(), \"DISP - D&I special price\")]"}
COMMAND: POST /session/04234d49f989df1d8cc66cbbd9ee498b/element/f.9E73453283219C642BED86114F2A427E.d.26407C2AFAF6640E1508A6EE493F152F.e.15440/click - {}
RESULT: {}
RESULT: {}
COMMAND: POST /session/04234d49f989df1d8cc66cbbd9ee498b/execute/async - {"script":"<script> [1562 bytes]","args":[{"selector":{"id":"application-manageconditionprice-display-component---newCondition--condValidTo","interaction":{"idSuffix":"inner"}},"wdio_ui5_key":"applicationmanageconditionprice-display-component---newCondition--condValidTo"}]}
COMMAND: GET /session/04234d49f989df1d8cc66cbbd9ee498b/screenshot - {}
RESULT: {"script":"<script> [1562 bytes]","args":[{"selector":{"id":"application-manageconditionprice-display-component---newCondition--condValidTo","interaction":{"idSuffix":"inner"}},"wdio_ui5_key":"applicationmanageconditionprice-display-component---newCondition--condValidTo"}]}
RESULT: undefined
COMMAND: POST /session/04234d49f989df1d8cc66cbbd9ee498b/execute/async - {"script":"<script> [776 bytes]","args":[{"enterText":"5/11/33","selector":{"id":"application-manageconditionprice-display-component---newCondition--condValidTo","interaction":{"idSuffix":"inner"}},"clearTextFirst":true,"interactionType":"ENTER_TEXT"}]}
RESULT: {}
RESULT: {"script":"<script> [776 bytes]","args":[{"enterText":"5/11/33","selector":{"id":"application-manageconditionprice-display-component---newCondition--condValidTo","interaction":{"idSuffix":"inner"}},"clearTextFirst":true,"interactionType":"ENTER_TEXT"}]}
COMMAND: POST /session/04234d49f989df1d8cc66cbbd9ee498b/element - {"using":"xpath","value":"//input[@id=\"application-manageconditionprice-display-component---newCondition--condRU-inner\"]"}
RESULT: {"using":"xpath","value":"//input[@id=\"application-manageconditionprice-display-component---newCondition--condRU-inner\"]"}
COMMAND: POST /session/04234d49f989df1d8cc66cbbd9ee498b/element/f.9E73453283219C642BED86114F2A427E.d.26407C2AFAF6640E1508A6EE493F152F.e.15169/clear - {}
RESULT: {}
COMMAND: POST /session/04234d49f989df1d8cc66cbbd9ee498b/element/f.9E73453283219C642BED86114F2A427E.d.26407C2AFAF6640E1508A6EE493F152F.e.15169/value - {"text":"WebdriverRUR2Cgsvsk"}
COMMAND: GET /session/04234d49f989df1d8cc66cbbd9ee498b/screenshot - {}
RESULT: {"text":"WebdriverRUR2Cgsvsk"}
COMMAND: GET /session/04234d49f989df1d8cc66cbbd9ee498b/screenshot - {}
RESULT: {}
RESULT: {}
COMMAND: POST /session/04234d49f989df1d8cc66cbbd9ee498b/actions - {"actions":[{"id":"action73","type":"key","parameters":{},"actions":[{"type":"keyDown","value":"î€‡"},{"type":"pause","duration":10},{"type":"keyUp","value":"î€‡"}]}]}
RESULT: {"actions":[{"id":"action73","type":"key","parameters":{},"actions":[{"type":"keyDown","value":"î€‡"},{"type":"pause","duration":10},{"type":"keyUp","value":"î€‡"}]}]}
COMMAND: POST /session/04234d49f989df1d8cc66cbbd9ee498b/execute/async - {"script":"<script> [1562 bytes]","args":[{"selector":{"id":"application-manageconditionprice-display-component---newCondition--condBaseQty","interaction":{"idSuffix":"inner"}},"wdio_ui5_key":"applicationmanageconditionprice-display-component---newCondition--condBaseQty"}]}
COMMAND: GET /session/04234d49f989df1d8cc66cbbd9ee498b/screenshot - {}
RESULT: {"script":"<script> [1562 bytes]","args":[{"selector":{"id":"application-manageconditionprice-display-component---newCondition--condBaseQty","interaction":{"idSuffix":"inner"}},"wdio_ui5_key":"applicationmanageconditionprice-display-component---newCondition--condBaseQty"}]}
RESULT: undefined
COMMAND: POST /session/04234d49f989df1d8cc66cbbd9ee498b/execute/async - {"script":"<script> [776 bytes]","args":[{"enterText":"1","selector":{"id":"application-manageconditionprice-display-component---newCondition--condBaseQty","interaction":{"idSuffix":"inner"}},"clearTextFirst":true,"interactionType":"ENTER_TEXT"}]}
RESULT: {}
RESULT: {"script":"<script> [776 bytes]","args":[{"enterText":"1","selector":{"id":"application-manageconditionprice-display-component---newCondition--condBaseQty","interaction":{"idSuffix":"inner"}},"clearTextFirst":true,"interactionType":"ENTER_TEXT"}]}
COMMAND: POST /session/04234d49f989df1d8cc66cbbd9ee498b/execute/async - {"script":"<script> [1562 bytes]","args":[{"selector":{"id":"application-manageconditionprice-display-component---newCondition--condValue","interaction":{"idSuffix":"inner"}},"wdio_ui5_key":"applicationmanageconditionprice-display-component---newCondition--condValue"}]}
RESULT: {"script":"<script> [1562 bytes]","args":[{"selector":{"id":"application-manageconditionprice-display-component---newCondition--condValue","interaction":{"idSuffix":"inner"}},"wdio_ui5_key":"applicationmanageconditionprice-display-component---newCondition--condValue"}]}
RESULT: undefined
COMMAND: POST /session/04234d49f989df1d8cc66cbbd9ee498b/execute/async - {"script":"<script> [776 bytes]","args":[{"enterText":"100","selector":{"id":"application-manageconditionprice-display-component---newCondition--condValue","interaction":{"idSuffix":"inner"}},"clearTextFirst":true,"interactionType":"ENTER_TEXT"}]}
RESULT: {"script":"<script> [776 bytes]","args":[{"enterText":"100","selector":{"id":"application-manageconditionprice-display-component---newCondition--condValue","interaction":{"idSuffix":"inner"}},"clearTextFirst":true,"interactionType":"ENTER_TEXT"}]}
COMMAND: POST /session/04234d49f989df1d8cc66cbbd9ee498b/execute/async - {"script":"<script> [1562 bytes]","args":[{"selector":{"id":"application-manageconditionprice-display-component---newCondition--condCurr-arrow"},"wdio_ui5_key":"applicationmanageconditionprice-display-component---newCondition--condCurr-arrow"}]}
RESULT: {"script":"<script> [1562 bytes]","args":[{"selector":{"id":"application-manageconditionprice-display-component---newCondition--condCurr-arrow"},"wdio_ui5_key":"applicationmanageconditionprice-display-component---newCondition--condCurr-arrow"}]}
RESULT: undefined
COMMAND: POST /session/04234d49f989df1d8cc66cbbd9ee498b/element - {"using":"xpath","value":"//*[@id=\"application-manageconditionprice-display-component---newCondition--condCurr-arrow\"]"}
RESULT: {"using":"xpath","value":"//*[@id=\"application-manageconditionprice-display-component---newCondition--condCurr-arrow\"]"}
COMMAND: POST /session/04234d49f989df1d8cc66cbbd9ee498b/element/f.9E73453283219C642BED86114F2A427E.d.26407C2AFAF6640E1508A6EE493F152F.e.15393/click - {}
RESULT: {}
COMMAND: POST /session/04234d49f989df1d8cc66cbbd9ee498b/element - {"using":"xpath","value":"//span[contains(text(), \"Euro\")]"}
COMMAND: GET /session/04234d49f989df1d8cc66cbbd9ee498b/screenshot - {}
RESULT: {"using":"xpath","value":"//span[contains(text(), \"Euro\")]"}
COMMAND: POST /session/04234d49f989df1d8cc66cbbd9ee498b/element/f.9E73453283219C642BED86114F2A427E.d.26407C2AFAF6640E1508A6EE493F152F.e.15476/click - {}
RESULT: {}
RESULT: {}
COMMAND: POST /session/04234d49f989df1d8cc66cbbd9ee498b/element - {"using":"xpath","value":"//button[@data-kt=\"saveButton\"]"}
COMMAND: GET /session/04234d49f989df1d8cc66cbbd9ee498b/screenshot - {}
RESULT: {"using":"xpath","value":"//button[@data-kt=\"saveButton\"]"}
COMMAND: POST /session/04234d49f989df1d8cc66cbbd9ee498b/element/f.9E73453283219C642BED86114F2A427E.d.26407C2AFAF6640E1508A6EE493F152F.e.15394/click - {}
RESULT: {}
RESULT: {}
COMMAND: GET /session/04234d49f989df1d8cc66cbbd9ee498b/screenshot - {}
RESULT: {}
COMMAND: POST /session/04234d49f989df1d8cc66cbbd9ee498b/element - {"using":"css selector","value":"#shell-header-logo"}
RESULT: {"using":"css selector","value":"#shell-header-logo"}
COMMAND: POST /session/04234d49f989df1d8cc66cbbd9ee498b/element/f.9E73453283219C642BED86114F2A427E.d.26407C2AFAF6640E1508A6EE493F152F.e.14942/click - {}
RESULT: {}
COMMAND: GET /session/04234d49f989df1d8cc66cbbd9ee498b/screenshot - {}
RESULT: {}
]]></system-out>
    </testcase>
    <testcase classname="chrome.135_0_7049_96.windows.E2E_-_Logistical_and_commercial_statuses" name="Should create a new contract" time="65.323">
      <system-out><![CDATA[
COMMAND: POST /session/04234d49f989df1d8cc66cbbd9ee498b/execute/async - {"script":"<script> [1562 bytes]","args":[{"selector":{"controlType":"sap.m.GenericTile","viewName":"etm.portal.ui.managecontractstile.view.Master","i18NText":{"propertyName":"header","key":"manageContractsTileTitle"}},"wdio_ui5_key":"etmportal.ui.managecontractstile.view.Mastersap.m.GenericTile{\"propertyName\":\"header\",\"key\":\"manageContractsTileTitle\"}"}]}
RESULT: {"script":"<script> [1562 bytes]","args":[{"selector":{"controlType":"sap.m.GenericTile","viewName":"etm.portal.ui.managecontractstile.view.Master","i18NText":{"propertyName":"header","key":"manageContractsTileTitle"}},"wdio_ui5_key":"etmportal.ui.managecontractstile.view.Mastersap.m.GenericTile{\"propertyName\":\"header\",\"key\":\"manageContractsTileTitle\"}"}]}
RESULT: undefined
COMMAND: POST /session/04234d49f989df1d8cc66cbbd9ee498b/element - {"using":"xpath","value":"//*[@id=\"__tile130\"]"}
RESULT: {"using":"xpath","value":"//*[@id=\"__tile130\"]"}
COMMAND: POST /session/04234d49f989df1d8cc66cbbd9ee498b/element/f.9E73453283219C642BED86114F2A427E.d.26407C2AFAF6640E1508A6EE493F152F.e.15625/click - {}
RESULT: {}
COMMAND: GET /session/04234d49f989df1d8cc66cbbd9ee498b/screenshot - {}
RESULT: {}
COMMAND: POST /session/04234d49f989df1d8cc66cbbd9ee498b/element - {"using":"xpath","value":"//button[@data-kt=\"addButton\"]"}
RESULT: {"using":"xpath","value":"//button[@data-kt=\"addButton\"]"}
COMMAND: POST /session/04234d49f989df1d8cc66cbbd9ee498b/element/f.9E73453283219C642BED86114F2A427E.d.26407C2AFAF6640E1508A6EE493F152F.e.15697/click - {}
RESULT: {}
COMMAND: GET /session/04234d49f989df1d8cc66cbbd9ee498b/screenshot - {}
RESULT: {}
COMMAND: POST /session/04234d49f989df1d8cc66cbbd9ee498b/execute/async - {"script":"<script> [1562 bytes]","args":[{"selector":{"id":"application-managecontracts-display-component---AddNewContract--projectDescription","interaction":{"idSuffix":"inner"}},"wdio_ui5_key":"applicationmanagecontracts-display-component---AddNewContract--projectDescription"}]}
RESULT: {"script":"<script> [1562 bytes]","args":[{"selector":{"id":"application-managecontracts-display-component---AddNewContract--projectDescription","interaction":{"idSuffix":"inner"}},"wdio_ui5_key":"applicationmanagecontracts-display-component---AddNewContract--projectDescription"}]}
RESULT: undefined
COMMAND: POST /session/04234d49f989df1d8cc66cbbd9ee498b/execute/async - {"script":"<script> [776 bytes]","args":[{"enterText":"WdIOR2cok8j9j","selector":{"id":"application-managecontracts-display-component---AddNewContract--projectDescription","interaction":{"idSuffix":"inner"}},"clearTextFirst":true,"interactionType":"ENTER_TEXT"}]}
RESULT: {"script":"<script> [776 bytes]","args":[{"enterText":"WdIOR2cok8j9j","selector":{"id":"application-managecontracts-display-component---AddNewContract--projectDescription","interaction":{"idSuffix":"inner"}},"clearTextFirst":true,"interactionType":"ENTER_TEXT"}]}
COMMAND: POST /session/04234d49f989df1d8cc66cbbd9ee498b/element - {"using":"xpath","value":"//input[@id=\"application-managecontracts-display-component---AddNewContract--yardId-inner\"]"}
RESULT: {"using":"xpath","value":"//input[@id=\"application-managecontracts-display-component---AddNewContract--yardId-inner\"]"}
COMMAND: POST /session/04234d49f989df1d8cc66cbbd9ee498b/element/f.9E73453283219C642BED86114F2A427E.d.26407C2AFAF6640E1508A6EE493F152F.e.15950/clear - {}
RESULT: {}
COMMAND: POST /session/04234d49f989df1d8cc66cbbd9ee498b/element/f.9E73453283219C642BED86114F2A427E.d.26407C2AFAF6640E1508A6EE493F152F.e.15950/value - {"text":"WebdriverYardfu5v1"}
COMMAND: GET /session/04234d49f989df1d8cc66cbbd9ee498b/screenshot - {}
RESULT: {"text":"WebdriverYardfu5v1"}
COMMAND: GET /session/04234d49f989df1d8cc66cbbd9ee498b/screenshot - {}
RESULT: {}
RESULT: {}
COMMAND: POST /session/04234d49f989df1d8cc66cbbd9ee498b/actions - {"actions":[{"id":"action74","type":"key","parameters":{},"actions":[{"type":"keyDown","value":"î€‡"},{"type":"pause","duration":10},{"type":"keyUp","value":"î€‡"}]}]}
RESULT: {"actions":[{"id":"action74","type":"key","parameters":{},"actions":[{"type":"keyDown","value":"î€‡"},{"type":"pause","duration":10},{"type":"keyUp","value":"î€‡"}]}]}
COMMAND: GET /session/04234d49f989df1d8cc66cbbd9ee498b/screenshot - {}
RESULT: {}
COMMAND: POST /session/04234d49f989df1d8cc66cbbd9ee498b/element - {"using":"xpath","value":"//input[@id=\"application-managecontracts-display-component---AddNewContract--customerSelect-inner\"]"}
RESULT: {"using":"xpath","value":"//input[@id=\"application-managecontracts-display-component---AddNewContract--customerSelect-inner\"]"}
COMMAND: POST /session/04234d49f989df1d8cc66cbbd9ee498b/element/f.9E73453283219C642BED86114F2A427E.d.26407C2AFAF6640E1508A6EE493F152F.e.15948/clear - {}
RESULT: {}
COMMAND: POST /session/04234d49f989df1d8cc66cbbd9ee498b/element/f.9E73453283219C642BED86114F2A427E.d.26407C2AFAF6640E1508A6EE493F152F.e.15948/value - {"text":"WebdriverPartnernpxaf"}
COMMAND: GET /session/04234d49f989df1d8cc66cbbd9ee498b/screenshot - {}
RESULT: {"text":"WebdriverPartnernpxaf"}
COMMAND: GET /session/04234d49f989df1d8cc66cbbd9ee498b/screenshot - {}
RESULT: {}
RESULT: {}
COMMAND: POST /session/04234d49f989df1d8cc66cbbd9ee498b/actions - {"actions":[{"id":"action75","type":"key","parameters":{},"actions":[{"type":"keyDown","value":"î€‡"},{"type":"pause","duration":10},{"type":"keyUp","value":"î€‡"}]}]}
RESULT: {"actions":[{"id":"action75","type":"key","parameters":{},"actions":[{"type":"keyDown","value":"î€‡"},{"type":"pause","duration":10},{"type":"keyUp","value":"î€‡"}]}]}
COMMAND: GET /session/04234d49f989df1d8cc66cbbd9ee498b/screenshot - {}
RESULT: {}
COMMAND: POST /session/04234d49f989df1d8cc66cbbd9ee498b/element - {"using":"xpath","value":"//input[@id=\"application-managecontracts-display-component---AddNewContract--site-inner\"]"}
RESULT: {"using":"xpath","value":"//input[@id=\"application-managecontracts-display-component---AddNewContract--site-inner\"]"}
COMMAND: POST /session/04234d49f989df1d8cc66cbbd9ee498b/element/f.9E73453283219C642BED86114F2A427E.d.26407C2AFAF6640E1508A6EE493F152F.e.15949/clear - {}
RESULT: {}
COMMAND: POST /session/04234d49f989df1d8cc66cbbd9ee498b/element/f.9E73453283219C642BED86114F2A427E.d.26407C2AFAF6640E1508A6EE493F152F.e.15949/value - {"text":"WebdriverSitevw85k"}
COMMAND: GET /session/04234d49f989df1d8cc66cbbd9ee498b/screenshot - {}
RESULT: {"text":"WebdriverSitevw85k"}
COMMAND: GET /session/04234d49f989df1d8cc66cbbd9ee498b/screenshot - {}
RESULT: {}
RESULT: {}
COMMAND: POST /session/04234d49f989df1d8cc66cbbd9ee498b/actions - {"actions":[{"id":"action76","type":"key","parameters":{},"actions":[{"type":"keyDown","value":"î€‡"},{"type":"pause","duration":10},{"type":"keyUp","value":"î€‡"}]}]}
RESULT: {"actions":[{"id":"action76","type":"key","parameters":{},"actions":[{"type":"keyDown","value":"î€‡"},{"type":"pause","duration":10},{"type":"keyUp","value":"î€‡"}]}]}
COMMAND: POST /session/04234d49f989df1d8cc66cbbd9ee498b/element - {"using":"xpath","value":"//button[@data-kt=\"saveButton\"]"}
COMMAND: GET /session/04234d49f989df1d8cc66cbbd9ee498b/screenshot - {}
RESULT: {"using":"xpath","value":"//button[@data-kt=\"saveButton\"]"}
COMMAND: POST /session/04234d49f989df1d8cc66cbbd9ee498b/element/f.9E73453283219C642BED86114F2A427E.d.26407C2AFAF6640E1508A6EE493F152F.e.15966/click - {}
RESULT: {}
RESULT: {}
COMMAND: GET /session/04234d49f989df1d8cc66cbbd9ee498b/screenshot - {}
RESULT: {}
COMMAND: POST /session/04234d49f989df1d8cc66cbbd9ee498b/execute/async - {"script":"<script> [1562 bytes]","args":[{"selector":{"id":"contractDetailTitleNoExpanded","viewName":"etm.portal.ui.managecontracts.view.Detail"},"wdio_ui5_key":"contractDetailTitleNoExpandedetmportal.ui.managecontracts.view.Detail"}]}
RESULT: {"script":"<script> [1562 bytes]","args":[{"selector":{"id":"contractDetailTitleNoExpanded","viewName":"etm.portal.ui.managecontracts.view.Detail"},"wdio_ui5_key":"contractDetailTitleNoExpandedetmportal.ui.managecontracts.view.Detail"}]}
RESULT: undefined
COMMAND: POST /session/04234d49f989df1d8cc66cbbd9ee498b/execute/async - {"script":"<script> [6424 bytes]","args":[{"element-6066-11e4-a52e-4f735466cecf":"f.9E73453283219C642BED86114F2A427E.d.26407C2AFAF6640E1508A6EE493F152F.e.16047"},"getText",[]]}
RESULT: {"script":"<script> [6424 bytes]","args":[{"element-6066-11e4-a52e-4f735466cecf":"f.9E73453283219C642BED86114F2A427E.d.26407C2AFAF6640E1508A6EE493F152F.e.16047"},"getText",[]]}
]]></system-out>
    </testcase>
    <testcase classname="chrome.135_0_7049_96.windows.E2E_-_Logistical_and_commercial_statuses" name="Should add materialID to the contract" time="45.126">
      <system-out><![CDATA[
COMMAND: POST /session/04234d49f989df1d8cc66cbbd9ee498b/element - {"using":"xpath","value":"//button[@data-kt=\"contractDetailEditBtnButton\"]"}
RESULT: {"using":"xpath","value":"//button[@data-kt=\"contractDetailEditBtnButton\"]"}
COMMAND: POST /session/04234d49f989df1d8cc66cbbd9ee498b/element/f.9E73453283219C642BED86114F2A427E.d.26407C2AFAF6640E1508A6EE493F152F.e.16048/click - {}
RESULT: {}
COMMAND: GET /session/04234d49f989df1d8cc66cbbd9ee498b/screenshot - {}
RESULT: {}
COMMAND: POST /session/04234d49f989df1d8cc66cbbd9ee498b/element - {"using":"xpath","value":"(//span[contains(text(), \"Additional Addresses\")])[2]"}
RESULT: {"using":"xpath","value":"(//span[contains(text(), \"Additional Addresses\")])[2]"}
COMMAND: POST /session/04234d49f989df1d8cc66cbbd9ee498b/element/f.9E73453283219C642BED86114F2A427E.d.26407C2AFAF6640E1508A6EE493F152F.e.16103/click - {}
RESULT: {}
COMMAND: GET /session/04234d49f989df1d8cc66cbbd9ee498b/screenshot - {}
RESULT: {}
COMMAND: POST /session/04234d49f989df1d8cc66cbbd9ee498b/element - {"using":"xpath","value":"//button[@data-kt=\"btnAddTableRowOverflowToolbarButton\"]"}
RESULT: {"using":"xpath","value":"//button[@data-kt=\"btnAddTableRowOverflowToolbarButton\"]"}
COMMAND: POST /session/04234d49f989df1d8cc66cbbd9ee498b/element/f.9E73453283219C642BED86114F2A427E.d.26407C2AFAF6640E1508A6EE493F152F.e.16107/click - {}
RESULT: {}
COMMAND: GET /session/04234d49f989df1d8cc66cbbd9ee498b/screenshot - {}
RESULT: {}
COMMAND: POST /session/04234d49f989df1d8cc66cbbd9ee498b/element - {"using":"xpath","value":"//div[(text() = 'Standard Entry' or . = 'Standard Entry')]"}
RESULT: {"using":"xpath","value":"//div[(text() = 'Standard Entry' or . = 'Standard Entry')]"}
COMMAND: POST /session/04234d49f989df1d8cc66cbbd9ee498b/element/f.9E73453283219C642BED86114F2A427E.d.26407C2AFAF6640E1508A6EE493F152F.e.16109/click - {}
RESULT: {}
COMMAND: POST /session/04234d49f989df1d8cc66cbbd9ee498b/element - {"using":"xpath","value":"//td[6]/div/div/input[1]"}
COMMAND: GET /session/04234d49f989df1d8cc66cbbd9ee498b/screenshot - {}
RESULT: {"using":"xpath","value":"//td[6]/div/div/input[1]"}
COMMAND: POST /session/04234d49f989df1d8cc66cbbd9ee498b/element/f.9E73453283219C642BED86114F2A427E.d.26407C2AFAF6640E1508A6EE493F152F.e.16111/click - {}
RESULT: {}
RESULT: {}
COMMAND: POST /session/04234d49f989df1d8cc66cbbd9ee498b/actions - {"actions":[{"id":"action77","type":"key","parameters":{},"actions":[{"type":"keyDown","value":"î€ƒ"},{"type":"pause","duration":10},{"type":"keyUp","value":"î€ƒ"}]}]}
COMMAND: GET /session/04234d49f989df1d8cc66cbbd9ee498b/screenshot - {}
RESULT: {"actions":[{"id":"action77","type":"key","parameters":{},"actions":[{"type":"keyDown","value":"î€ƒ"},{"type":"pause","duration":10},{"type":"keyUp","value":"î€ƒ"}]}]}
COMMAND: POST /session/04234d49f989df1d8cc66cbbd9ee498b/element - {"using":"xpath","value":"//td[6]/div/div/input[1]"}
COMMAND: GET /session/04234d49f989df1d8cc66cbbd9ee498b/screenshot - {}
RESULT: {}
RESULT: {"using":"xpath","value":"//td[6]/div/div/input[1]"}
COMMAND: POST /session/04234d49f989df1d8cc66cbbd9ee498b/element/f.9E73453283219C642BED86114F2A427E.d.26407C2AFAF6640E1508A6EE493F152F.e.16111/clear - {}
RESULT: {}
RESULT: {}
COMMAND: POST /session/04234d49f989df1d8cc66cbbd9ee498b/element/f.9E73453283219C642BED86114F2A427E.d.26407C2AFAF6640E1508A6EE493F152F.e.16111/value - {"text":"Material"}
COMMAND: GET /session/04234d49f989df1d8cc66cbbd9ee498b/screenshot - {}
RESULT: {"text":"Material"}
COMMAND: GET /session/04234d49f989df1d8cc66cbbd9ee498b/screenshot - {}
RESULT: {}
RESULT: {}
COMMAND: POST /session/04234d49f989df1d8cc66cbbd9ee498b/actions - {"actions":[{"id":"action78","type":"key","parameters":{},"actions":[{"type":"keyDown","value":"î€‡"},{"type":"pause","duration":10},{"type":"keyUp","value":"î€‡"}]}]}
RESULT: {"actions":[{"id":"action78","type":"key","parameters":{},"actions":[{"type":"keyDown","value":"î€‡"},{"type":"pause","duration":10},{"type":"keyUp","value":"î€‡"}]}]}
COMMAND: GET /session/04234d49f989df1d8cc66cbbd9ee498b/screenshot - {}
RESULT: {}
COMMAND: POST /session/04234d49f989df1d8cc66cbbd9ee498b/actions - {"actions":[{"id":"action79","type":"key","parameters":{},"actions":[{"type":"keyDown","value":"î€‡"},{"type":"pause","duration":10},{"type":"keyUp","value":"î€‡"}]}]}
RESULT: {"actions":[{"id":"action79","type":"key","parameters":{},"actions":[{"type":"keyDown","value":"î€‡"},{"type":"pause","duration":10},{"type":"keyUp","value":"î€‡"}]}]}
COMMAND: POST /session/04234d49f989df1d8cc66cbbd9ee498b/element - {"using":"xpath","value":"//td[7]/div/div/input"}
COMMAND: GET /session/04234d49f989df1d8cc66cbbd9ee498b/screenshot - {}
RESULT: {"using":"xpath","value":"//td[7]/div/div/input"}
COMMAND: POST /session/04234d49f989df1d8cc66cbbd9ee498b/element/f.9E73453283219C642BED86114F2A427E.d.26407C2AFAF6640E1508A6EE493F152F.e.16124/clear - {}
RESULT: {}
RESULT: {}
COMMAND: POST /session/04234d49f989df1d8cc66cbbd9ee498b/element/f.9E73453283219C642BED86114F2A427E.d.26407C2AFAF6640E1508A6EE493F152F.e.16124/value - {"text":"WebdriverRUR2Cgsvsk"}
COMMAND: GET /session/04234d49f989df1d8cc66cbbd9ee498b/screenshot - {}
RESULT: {"text":"WebdriverRUR2Cgsvsk"}
COMMAND: GET /session/04234d49f989df1d8cc66cbbd9ee498b/screenshot - {}
RESULT: {}
RESULT: {}
COMMAND: POST /session/04234d49f989df1d8cc66cbbd9ee498b/actions - {"actions":[{"id":"action80","type":"key","parameters":{},"actions":[{"type":"keyDown","value":"î€‡"},{"type":"pause","duration":10},{"type":"keyUp","value":"î€‡"}]}]}
RESULT: {"actions":[{"id":"action80","type":"key","parameters":{},"actions":[{"type":"keyDown","value":"î€‡"},{"type":"pause","duration":10},{"type":"keyUp","value":"î€‡"}]}]}
COMMAND: GET /session/04234d49f989df1d8cc66cbbd9ee498b/screenshot - {}
COMMAND: POST /session/04234d49f989df1d8cc66cbbd9ee498b/actions - {"actions":[{"id":"action81","type":"key","parameters":{},"actions":[{"type":"keyDown","value":"î€‡"},{"type":"pause","duration":10},{"type":"keyUp","value":"î€‡"}]}]}
RESULT: {}
RESULT: {"actions":[{"id":"action81","type":"key","parameters":{},"actions":[{"type":"keyDown","value":"î€‡"},{"type":"pause","duration":10},{"type":"keyUp","value":"î€‡"}]}]}
COMMAND: GET /session/04234d49f989df1d8cc66cbbd9ee498b/screenshot - {}
RESULT: {}
COMMAND: POST /session/04234d49f989df1d8cc66cbbd9ee498b/element - {"using":"xpath","value":"(//button[@data-kt=\"saveButton\"])[2]"}
RESULT: {"using":"xpath","value":"(//button[@data-kt=\"saveButton\"])[2]"}
COMMAND: POST /session/04234d49f989df1d8cc66cbbd9ee498b/element/f.9E73453283219C642BED86114F2A427E.d.26407C2AFAF6640E1508A6EE493F152F.e.16147/click - {}
RESULT: {}
COMMAND: GET /session/04234d49f989df1d8cc66cbbd9ee498b/screenshot - {}
RESULT: {}
]]></system-out>
    </testcase>
    <testcase classname="chrome.135_0_7049_96.windows.E2E_-_Logistical_and_commercial_statuses" name="It should follow the handover steps to the status fully provided" time="364.093">
      <system-out><![CDATA[
COMMAND: POST /session/04234d49f989df1d8cc66cbbd9ee498b/execute/async - {"script":"<script> [1562 bytes]","args":[{"selector":{"id":"contractDetailProvideButton","viewName":"etm.portal.ui.managecontracts.view.Detail","interaction":{"idSuffix":"BDI-content"}},"wdio_ui5_key":"contractDetailProvideButtonetmportal.ui.managecontracts.view.Detail"}]}
RESULT: {"script":"<script> [1562 bytes]","args":[{"selector":{"id":"contractDetailProvideButton","viewName":"etm.portal.ui.managecontracts.view.Detail","interaction":{"idSuffix":"BDI-content"}},"wdio_ui5_key":"contractDetailProvideButtonetmportal.ui.managecontracts.view.Detail"}]}
RESULT: undefined
COMMAND: POST /session/04234d49f989df1d8cc66cbbd9ee498b/element - {"using":"xpath","value":"//*[@id=\"__xmlview61--contractDetailProvideButton\"]"}
RESULT: {"using":"xpath","value":"//*[@id=\"__xmlview61--contractDetailProvideButton\"]"}
COMMAND: POST /session/04234d49f989df1d8cc66cbbd9ee498b/element/f.9E73453283219C642BED86114F2A427E.d.26407C2AFAF6640E1508A6EE493F152F.e.16151/click - {}
RESULT: {}
COMMAND: GET /session/04234d49f989df1d8cc66cbbd9ee498b/screenshot - {}
COMMAND: POST /session/04234d49f989df1d8cc66cbbd9ee498b/execute/async - {"script":"<script> [1562 bytes]","args":[{"selector":{"id":"application-managehandovers-display-component---AddNewHO--oneStep","interaction":{"idSuffix":"CbBg"}},"wdio_ui5_key":"applicationmanagehandovers-display-component---AddNewHO--oneStep"}]}
RESULT: {}
RESULT: {"script":"<script> [1562 bytes]","args":[{"selector":{"id":"application-managehandovers-display-component---AddNewHO--oneStep","interaction":{"idSuffix":"CbBg"}},"wdio_ui5_key":"applicationmanagehandovers-display-component---AddNewHO--oneStep"}]}
RESULT: undefined
COMMAND: POST /session/04234d49f989df1d8cc66cbbd9ee498b/element - {"using":"xpath","value":"//*[@id=\"application-managehandovers-display-component---AddNewHO--oneStep\"]"}
RESULT: {"using":"xpath","value":"//*[@id=\"application-managehandovers-display-component---AddNewHO--oneStep\"]"}
COMMAND: POST /session/04234d49f989df1d8cc66cbbd9ee498b/element/f.9E73453283219C642BED86114F2A427E.d.26407C2AFAF6640E1508A6EE493F152F.e.16330/click - {}
RESULT: {}
RESULT: undefined
COMMAND: POST /session/04234d49f989df1d8cc66cbbd9ee498b/execute/async - {"script":"<script> [776 bytes]","args":[{"enterText":"05/03/25","selector":{"id":"application-managehandovers-display-component---AddNewHO--dueDate","interaction":{"idSuffix":"inner"}},"clearTextFirst":true,"interactionType":"ENTER_TEXT"}]}
COMMAND: GET /session/04234d49f989df1d8cc66cbbd9ee498b/screenshot - {}
RESULT: {"script":"<script> [776 bytes]","args":[{"enterText":"05/03/25","selector":{"id":"application-managehandovers-display-component---AddNewHO--dueDate","interaction":{"idSuffix":"inner"}},"clearTextFirst":true,"interactionType":"ENTER_TEXT"}]}
RESULT: undefined
COMMAND: POST /session/04234d49f989df1d8cc66cbbd9ee498b/element - {"using":"xpath","value":"//*[@id=\"application-managehandovers-display-component---AddNewHO--ObjectPageLayout-anchBar-application-managehandovers-display-component---AddNewHO--section4-anchor\"]"}
RESULT: {}
RESULT: {"using":"xpath","value":"//*[@id=\"application-managehandovers-display-component---AddNewHO--ObjectPageLayout-anchBar-application-managehandovers-display-component---AddNewHO--section4-anchor\"]"}
COMMAND: POST /session/04234d49f989df1d8cc66cbbd9ee498b/element/f.9E73453283219C642BED86114F2A427E.d.26407C2AFAF6640E1508A6EE493F152F.e.16333/click - {}
RESULT: {}
COMMAND: POST /session/04234d49f989df1d8cc66cbbd9ee498b/execute/async - {"script":"<script> [1562 bytes]","args":[{"selector":{"controlType":"sap.ui.core.Icon","viewName":"etm.portal.ui.managehandovers.view.AddNewHO","viewId":"application-managehandovers-display-component---AddNewHO","properties":{"src":{"regex":{"source":"add"}}}},"wdio_ui5_key":"etmportal.ui.managehandovers.view.AddNewHOsap.ui.core.Icon{\"src\":{\"regex\":{\"source\":\"add\"}}}"}]}
COMMAND: GET /session/04234d49f989df1d8cc66cbbd9ee498b/screenshot - {}
RESULT: {"script":"<script> [1562 bytes]","args":[{"selector":{"controlType":"sap.ui.core.Icon","viewName":"etm.portal.ui.managehandovers.view.AddNewHO","viewId":"application-managehandovers-display-component---AddNewHO","properties":{"src":{"regex":{"source":"add"}}}},"wdio_ui5_key":"etmportal.ui.managehandovers.view.AddNewHOsap.ui.core.Icon{\"src\":{\"regex\":{\"source\":\"add\"}}}"}]}
RESULT: undefined
COMMAND: POST /session/04234d49f989df1d8cc66cbbd9ee498b/element - {"using":"xpath","value":"//*[@id=\"__button172-img\"]"}
RESULT: {}
RESULT: {"using":"xpath","value":"//*[@id=\"__button172-img\"]"}
COMMAND: POST /session/04234d49f989df1d8cc66cbbd9ee498b/element/f.9E73453283219C642BED86114F2A427E.d.26407C2AFAF6640E1508A6EE493F152F.e.16337/click - {}
RESULT: {}
COMMAND: GET /session/04234d49f989df1d8cc66cbbd9ee498b/screenshot - {}
RESULT: {}
RESULT: undefined
COMMAND: POST /session/04234d49f989df1d8cc66cbbd9ee498b/element - {"using":"xpath","value":"//*[@id=\"application-managehandovers-display-component---AddNewHO--popup-sa\"]"}
RESULT: {"using":"xpath","value":"//*[@id=\"application-managehandovers-display-component---AddNewHO--popup-sa\"]"}
COMMAND: POST /session/04234d49f989df1d8cc66cbbd9ee498b/element/f.9E73453283219C642BED86114F2A427E.d.26407C2AFAF6640E1508A6EE493F152F.e.16343/click - {}
RESULT: {}
COMMAND: POST /session/04234d49f989df1d8cc66cbbd9ee498b/execute/async - {"script":"<script> [1562 bytes]","args":[{"selector":{"controlType":"sap.m.Button","viewName":"etm.portal.ui.managehandovers.view.AddNewHO","viewId":"application-managehandovers-display-component---AddNewHO","i18NText":{"propertyName":"text","key":"select"},"searchOpenDialogs":true,"interaction":{"idSuffix":"inner"}},"wdio_ui5_key":"etmportal.ui.managehandovers.view.AddNewHOsap.m.Button{\"propertyName\":\"text\",\"key\":\"select\"}"}]}
COMMAND: GET /session/04234d49f989df1d8cc66cbbd9ee498b/screenshot - {}
RESULT: {"script":"<script> [1562 bytes]","args":[{"selector":{"controlType":"sap.m.Button","viewName":"etm.portal.ui.managehandovers.view.AddNewHO","viewId":"application-managehandovers-display-component---AddNewHO","i18NText":{"propertyName":"text","key":"select"},"searchOpenDialogs":true,"interaction":{"idSuffix":"inner"}},"wdio_ui5_key":"etmportal.ui.managehandovers.view.AddNewHOsap.m.Button{\"propertyName\":\"text\",\"key\":\"select\"}"}]}
RESULT: undefined
COMMAND: POST /session/04234d49f989df1d8cc66cbbd9ee498b/element - {"using":"xpath","value":"//*[@id=\"__button176\"]"}
RESULT: {}
RESULT: {"using":"xpath","value":"//*[@id=\"__button176\"]"}
COMMAND: POST /session/04234d49f989df1d8cc66cbbd9ee498b/element/f.9E73453283219C642BED86114F2A427E.d.26407C2AFAF6640E1508A6EE493F152F.e.16346/click - {}
RESULT: {}
COMMAND: POST /session/04234d49f989df1d8cc66cbbd9ee498b/execute/async - {"script":"<script> [1562 bytes]","args":[{"selector":{"id":"application-managehandovers-display-component---AddNewHO--confirmCreationButton","interaction":{"idSuffix":"BDI-content"}},"wdio_ui5_key":"applicationmanagehandovers-display-component---AddNewHO--confirmCreationButton"}]}
COMMAND: GET /session/04234d49f989df1d8cc66cbbd9ee498b/screenshot - {}
RESULT: {"script":"<script> [1562 bytes]","args":[{"selector":{"id":"application-managehandovers-display-component---AddNewHO--confirmCreationButton","interaction":{"idSuffix":"BDI-content"}},"wdio_ui5_key":"applicationmanagehandovers-display-component---AddNewHO--confirmCreationButton"}]}
RESULT: undefined
COMMAND: POST /session/04234d49f989df1d8cc66cbbd9ee498b/element - {"using":"xpath","value":"//*[@id=\"application-managehandovers-display-component---AddNewHO--confirmCreationButton\"]"}
RESULT: {}
RESULT: {"using":"xpath","value":"//*[@id=\"application-managehandovers-display-component---AddNewHO--confirmCreationButton\"]"}
COMMAND: POST /session/04234d49f989df1d8cc66cbbd9ee498b/element/f.9E73453283219C642BED86114F2A427E.d.26407C2AFAF6640E1508A6EE493F152F.e.16287/click - {}
RESULT: {}
COMMAND: GET /session/04234d49f989df1d8cc66cbbd9ee498b/screenshot - {}
RESULT: {}
COMMAND: POST /session/04234d49f989df1d8cc66cbbd9ee498b/element - {"using":"xpath","value":"//a[contains(@data-kt ,\"GeneralSectionReceiveContracttLink\")]"}
RESULT: {"using":"xpath","value":"//a[contains(@data-kt ,\"GeneralSectionReceiveContracttLink\")]"}
COMMAND: POST /session/04234d49f989df1d8cc66cbbd9ee498b/element/f.9E73453283219C642BED86114F2A427E.d.26407C2AFAF6640E1508A6EE493F152F.e.16397/click - {}
RESULT: {}
COMMAND: GET /session/04234d49f989df1d8cc66cbbd9ee498b/screenshot - {}
RESULT: {}
COMMAND: POST /session/04234d49f989df1d8cc66cbbd9ee498b/element - {"using":"xpath","value":"//a[contains(@data-kt ,\"ContextMenuId2Link\")]"}
RESULT: {"using":"xpath","value":"//a[contains(@data-kt ,\"ContextMenuId2Link\")]"}
COMMAND: POST /session/04234d49f989df1d8cc66cbbd9ee498b/element/f.9E73453283219C642BED86114F2A427E.d.26407C2AFAF6640E1508A6EE493F152F.e.16401/click - {}
RESULT: {}
COMMAND: GET /session/04234d49f989df1d8cc66cbbd9ee498b/screenshot - {}
RESULT: {}
COMMAND: POST /session/04234d49f989df1d8cc66cbbd9ee498b/execute/async - {"script":"<script> [1562 bytes]","args":[{"selector":{"controlType":"sap.m.ObjectStatus","viewName":"etm.portal.ui.managecontracts.view.Detail","bindingPath":{"propertyPath":"LINK_TO_LOGISTICAL_STATUS/DESCRIPTION","modelName":"catalogModel"}},"wdio_ui5_key":"etmportal.ui.managecontracts.view.Detailsap.m.ObjectStatus{\"propertyPath\":\"LINK_TO_LOGISTICAL_STATUS/DESCRIPTION\",\"modelName\":\"catalogModel\"}"}]}
RESULT: {"script":"<script> [1562 bytes]","args":[{"selector":{"controlType":"sap.m.ObjectStatus","viewName":"etm.portal.ui.managecontracts.view.Detail","bindingPath":{"propertyPath":"LINK_TO_LOGISTICAL_STATUS/DESCRIPTION","modelName":"catalogModel"}},"wdio_ui5_key":"etmportal.ui.managecontracts.view.Detailsap.m.ObjectStatus{\"propertyPath\":\"LINK_TO_LOGISTICAL_STATUS/DESCRIPTION\",\"modelName\":\"catalogModel\"}"}]}
RESULT: undefined
COMMAND: POST /session/04234d49f989df1d8cc66cbbd9ee498b/execute/async - {"script":"<script> [6424 bytes]","args":[{"element-6066-11e4-a52e-4f735466cecf":"f.9E73453283219C642BED86114F2A427E.d.26407C2AFAF6640E1508A6EE493F152F.e.16618"},"getText",[]]}
RESULT: {"script":"<script> [6424 bytes]","args":[{"element-6066-11e4-a52e-4f735466cecf":"f.9E73453283219C642BED86114F2A427E.d.26407C2AFAF6640E1508A6EE493F152F.e.16618"},"getText",[]]}
COMMAND: POST /session/04234d49f989df1d8cc66cbbd9ee498b/execute/async - {"script":"<script> [1562 bytes]","args":[{"selector":{"controlType":"sap.m.ObjectStatus","viewName":"etm.portal.ui.managecontracts.view.Detail","bindingPath":{"propertyPath":"LINK_TO_COMMERCIAL_STATUS/DESCRIPTION","modelName":"catalogModel"}},"wdio_ui5_key":"etmportal.ui.managecontracts.view.Detailsap.m.ObjectStatus{\"propertyPath\":\"LINK_TO_COMMERCIAL_STATUS/DESCRIPTION\",\"modelName\":\"catalogModel\"}"}]}
RESULT: {"script":"<script> [1562 bytes]","args":[{"selector":{"controlType":"sap.m.ObjectStatus","viewName":"etm.portal.ui.managecontracts.view.Detail","bindingPath":{"propertyPath":"LINK_TO_COMMERCIAL_STATUS/DESCRIPTION","modelName":"catalogModel"}},"wdio_ui5_key":"etmportal.ui.managecontracts.view.Detailsap.m.ObjectStatus{\"propertyPath\":\"LINK_TO_COMMERCIAL_STATUS/DESCRIPTION\",\"modelName\":\"catalogModel\"}"}]}
RESULT: undefined
COMMAND: POST /session/04234d49f989df1d8cc66cbbd9ee498b/execute/async - {"script":"<script> [6424 bytes]","args":[{"element-6066-11e4-a52e-4f735466cecf":"f.9E73453283219C642BED86114F2A427E.d.26407C2AFAF6640E1508A6EE493F152F.e.16619"},"getText",[]]}
RESULT: {"script":"<script> [6424 bytes]","args":[{"element-6066-11e4-a52e-4f735466cecf":"f.9E73453283219C642BED86114F2A427E.d.26407C2AFAF6640E1508A6EE493F152F.e.16619"},"getText",[]]}
COMMAND: POST /session/04234d49f989df1d8cc66cbbd9ee498b/execute/async - {"script":"<script> [1562 bytes]","args":[{"selector":{"id":"backBtn"},"wdio_ui5_key":"backBtn"}]}
RESULT: {"script":"<script> [1562 bytes]","args":[{"selector":{"id":"backBtn"},"wdio_ui5_key":"backBtn"}]}
RESULT: undefined
COMMAND: POST /session/04234d49f989df1d8cc66cbbd9ee498b/element - {"using":"xpath","value":"//*[@id=\"backBtn\"]"}
RESULT: {"using":"xpath","value":"//*[@id=\"backBtn\"]"}
COMMAND: POST /session/04234d49f989df1d8cc66cbbd9ee498b/element/f.9E73453283219C642BED86114F2A427E.d.26407C2AFAF6640E1508A6EE493F152F.e.16620/click - {}
RESULT: {}
COMMAND: GET /session/04234d49f989df1d8cc66cbbd9ee498b/screenshot - {}
COMMAND: POST /session/04234d49f989df1d8cc66cbbd9ee498b/execute/async - {"script":"<script> [1562 bytes]","args":[{"selector":{"controlType":"sap.m.Text","viewName":"etm.portal.ui.managehandovers.view.DetailExecuteHO","bindingPath":{"propertyPath":"NO","modelName":"catalogModel"}},"wdio_ui5_key":"etmportal.ui.managehandovers.view.DetailExecuteHOsap.m.Text{\"propertyPath\":\"NO\",\"modelName\":\"catalogModel\"}"}]}
RESULT: {}
RESULT: {"script":"<script> [1562 bytes]","args":[{"selector":{"controlType":"sap.m.Text","viewName":"etm.portal.ui.managehandovers.view.DetailExecuteHO","bindingPath":{"propertyPath":"NO","modelName":"catalogModel"}},"wdio_ui5_key":"etmportal.ui.managehandovers.view.DetailExecuteHOsap.m.Text{\"propertyPath\":\"NO\",\"modelName\":\"catalogModel\"}"}]}
RESULT: undefined
COMMAND: POST /session/04234d49f989df1d8cc66cbbd9ee498b/execute/async - {"script":"<script> [6424 bytes]","args":[{"element-6066-11e4-a52e-4f735466cecf":"f.9E73453283219C642BED86114F2A427E.d.26407C2AFAF6640E1508A6EE493F152F.e.16784"},"getText",[]]}
RESULT: {"script":"<script> [6424 bytes]","args":[{"element-6066-11e4-a52e-4f735466cecf":"f.9E73453283219C642BED86114F2A427E.d.26407C2AFAF6640E1508A6EE493F152F.e.16784"},"getText",[]]}
COMMAND: POST /session/04234d49f989df1d8cc66cbbd9ee498b/execute/async - {"script":"<script> [1562 bytes]","args":[{"selector":{"controlType":"sap.m.Button","viewName":"etm.portal.ui.managehandovers.view.DetailExecuteHO","i18NText":{"propertyName":"text","key":"confirmAll"},"interaction":{"idSuffix":"inner"}},"wdio_ui5_key":"etmportal.ui.managehandovers.view.DetailExecuteHOsap.m.Button{\"propertyName\":\"text\",\"key\":\"confirmAll\"}"}]}
RESULT: {"script":"<script> [1562 bytes]","args":[{"selector":{"controlType":"sap.m.Button","viewName":"etm.portal.ui.managehandovers.view.DetailExecuteHO","i18NText":{"propertyName":"text","key":"confirmAll"},"interaction":{"idSuffix":"inner"}},"wdio_ui5_key":"etmportal.ui.managehandovers.view.DetailExecuteHOsap.m.Button{\"propertyName\":\"text\",\"key\":\"confirmAll\"}"}]}
RESULT: undefined
COMMAND: POST /session/04234d49f989df1d8cc66cbbd9ee498b/element - {"using":"xpath","value":"//*[@id=\"__button259\"]"}
RESULT: {"using":"xpath","value":"//*[@id=\"__button259\"]"}
COMMAND: POST /session/04234d49f989df1d8cc66cbbd9ee498b/element/f.9E73453283219C642BED86114F2A427E.d.26407C2AFAF6640E1508A6EE493F152F.e.16786/click - {}
RESULT: {}
COMMAND: GET /session/04234d49f989df1d8cc66cbbd9ee498b/screenshot - {}
RESULT: {}
COMMAND: POST /session/04234d49f989df1d8cc66cbbd9ee498b/execute/async - {"script":"<script> [1562 bytes]","args":[{"selector":{"controlType":"sap.m.Button","properties":{"text":"OK"},"searchOpenDialogs":true,"interaction":{"idSuffix":"content"}},"wdio_ui5_key":"sapm.Button{\"text\":\"OK\"}"}]}
RESULT: {"script":"<script> [1562 bytes]","args":[{"selector":{"controlType":"sap.m.Button","properties":{"text":"OK"},"searchOpenDialogs":true,"interaction":{"idSuffix":"content"}},"wdio_ui5_key":"sapm.Button{\"text\":\"OK\"}"}]}
RESULT: undefined
COMMAND: POST /session/04234d49f989df1d8cc66cbbd9ee498b/element - {"using":"xpath","value":"//*[@id=\"__mbox-btn-2\"]"}
RESULT: {"using":"xpath","value":"//*[@id=\"__mbox-btn-2\"]"}
COMMAND: POST /session/04234d49f989df1d8cc66cbbd9ee498b/element/f.9E73453283219C642BED86114F2A427E.d.26407C2AFAF6640E1508A6EE493F152F.e.16787/click - {}
RESULT: {}
COMMAND: GET /session/04234d49f989df1d8cc66cbbd9ee498b/screenshot - {}
RESULT: {}
COMMAND: POST /session/04234d49f989df1d8cc66cbbd9ee498b/element - {"using":"xpath","value":"//button[contains(@data-kt ,\"execHoPickFooterButton\")]"}
RESULT: {"using":"xpath","value":"//button[contains(@data-kt ,\"execHoPickFooterButton\")]"}
COMMAND: POST /session/04234d49f989df1d8cc66cbbd9ee498b/element/f.9E73453283219C642BED86114F2A427E.d.26407C2AFAF6640E1508A6EE493F152F.e.16790/click - {}
RESULT: {}
COMMAND: GET /session/04234d49f989df1d8cc66cbbd9ee498b/screenshot - {}
RESULT: {}
COMMAND: POST /session/04234d49f989df1d8cc66cbbd9ee498b/refresh - {}
RESULT: {}
COMMAND: GET /session/04234d49f989df1d8cc66cbbd9ee498b/screenshot - {}
RESULT: {}
COMMAND: POST /session/04234d49f989df1d8cc66cbbd9ee498b/refresh - {}
RESULT: {}
COMMAND: GET /session/04234d49f989df1d8cc66cbbd9ee498b/screenshot - {}
RESULT: {}
COMMAND: POST /session/04234d49f989df1d8cc66cbbd9ee498b/window/fullscreen - {}
RESULT: {}
COMMAND: POST /session/04234d49f989df1d8cc66cbbd9ee498b/execute/async - {"script":"<script> [189 bytes]","args":[]}
RESULT: {"script":"<script> [189 bytes]","args":[]}
COMMAND: POST /session/04234d49f989df1d8cc66cbbd9ee498b/execute/async - {"script":"<script> [123 bytes]","args":[]}
RESULT: {"script":"<script> [123 bytes]","args":[]}
COMMAND: POST /session/04234d49f989df1d8cc66cbbd9ee498b/timeouts - {"script":"<number>"}
RESULT: {"script":"<number>"}
COMMAND: GET /session/04234d49f989df1d8cc66cbbd9ee498b/timeouts - {}
RESULT: {}
RESULT: undefined
COMMAND: POST /session/04234d49f989df1d8cc66cbbd9ee498b/execute/async - {"script":"<script> [2676 bytes]","args":[]}
RESULT: {"script":"<script> [2676 bytes]","args":[]}
COMMAND: POST /session/04234d49f989df1d8cc66cbbd9ee498b/execute/async - {"script":"<script> [2342 bytes]","args":[{"protocol":"http","hostname":"0.0.0.0","path":"/","capabilities":{"browserName":"chrome","goog:chromeOptions":{"binary":"C:\\Program Files\\Google\\Chrome\\Application\\chrome.exe","args":["--start-maximized"]}},"logLevel":"warn","connectionRetryTimeout":120000,"connectionRetryCount":3,"logLevels":{},"enableDirectConnect":true,"strictSSL":true,"_":"65 more keys: [\"cacheDir\",\"port\",\"requestedCapabilities\",\"automationProtocol\",\"baseUrl\",\"waitforInterval\",\"waitforTimeout\",\"onReload\",\"beforeCommand\",\"afterCommand\",\"rootDir\",\"specs\",\"suites\",\"exclude\",\"groupLogsByTestSpec\",\"excludeDriverLogs\",\"bail\",\"framework\",\"reporters\",\"services\",\"maxInstances\",\"maxInstancesPerCapability\",\"injectGlobals\",\"filesToWatch\",\"execArgv\",\"runnerEnv\",\"runner\",\"shard\",\"specFileRetries\",\"specFileRetriesDelay\",\"specFileRetriesDeferred\",\"reporterSyncInterval\",\"reporterSyncTimeout\",\"cucumberFeaturesWithLineNumbers\",\"autoCompileOpts\",\"mochaOpts\",\"jasmineOpts\",\"cucumberOpts\",\"onPrepare\",\"onWorkerStart\",\"onWorkerEnd\",\"before\",\"beforeSession\",\"beforeSuite\",\"beforeHook\",\"beforeTest\",\"afterTest\",\"afterHook\",\"afterSuite\",\"afterSession\",\"after\",\"onComplete\",\"beforeAssertion\",\"afterAssertion\",\"beforeFeature\",\"beforeScenario\",\"beforeStep\",\"afterStep\",\"afterScenario\",\"afterFeature\",\"_\",\"suite\",\"$0\",\"ignoredWorkerServices\",\"wdi5\"]"}]}
RESULT: {"script":"<script> [2342 bytes]","args":[{"protocol":"http","hostname":"0.0.0.0","path":"/","capabilities":{"browserName":"chrome","goog:chromeOptions":{"binary":"C:\\Program Files\\Google\\Chrome\\Application\\chrome.exe","args":["--start-maximized"]}},"logLevel":"warn","connectionRetryTimeout":120000,"connectionRetryCount":3,"logLevels":{},"enableDirectConnect":true,"strictSSL":true,"_":"65 more keys: [\"cacheDir\",\"port\",\"requestedCapabilities\",\"automationProtocol\",\"baseUrl\",\"waitforInterval\",\"waitforTimeout\",\"onReload\",\"beforeCommand\",\"afterCommand\",\"rootDir\",\"specs\",\"suites\",\"exclude\",\"groupLogsByTestSpec\",\"excludeDriverLogs\",\"bail\",\"framework\",\"reporters\",\"services\",\"maxInstances\",\"maxInstancesPerCapability\",\"injectGlobals\",\"filesToWatch\",\"execArgv\",\"runnerEnv\",\"runner\",\"shard\",\"specFileRetries\",\"specFileRetriesDelay\",\"specFileRetriesDeferred\",\"reporterSyncInterval\",\"reporterSyncTimeout\",\"cucumberFeaturesWithLineNumbers\",\"autoCompileOpts\",\"mochaOpts\",\"jasmineOpts\",\"cucumberOpts\",\"onPrepare\",\"onWorkerStart\",\"onWorkerEnd\",\"before\",\"beforeSession\",\"beforeSuite\",\"beforeHook\",\"beforeTest\",\"afterTest\",\"afterHook\",\"afterSuite\",\"afterSession\",\"after\",\"onComplete\",\"beforeAssertion\",\"afterAssertion\",\"beforeFeature\",\"beforeScenario\",\"beforeStep\",\"afterStep\",\"afterScenario\",\"afterFeature\",\"_\",\"suite\",\"$0\",\"ignoredWorkerServices\",\"wdi5\"]"}]}
COMMAND: POST /session/04234d49f989df1d8cc66cbbd9ee498b/execute/async - {"script":"<script> [21126 bytes]","args":[35000]}
RESULT: {"script":"<script> [21126 bytes]","args":[35000]}
COMMAND: POST /session/04234d49f989df1d8cc66cbbd9ee498b/execute/async - {"script":"<script> [1562 bytes]","args":[{"selector":{"controlType":"sap.m.SearchField","viewName":"etm.portal.ui.managehandovers.view.MasterHO","bindingPath":{"path":"","propertyPath":"/_BASIC_SEARCH_FIELD","modelName":"fi1t3rM0d31"},"interaction":{"idSuffix":"I"}},"wdio_ui5_key":"etmportal.ui.managehandovers.view.MasterHOsap.m.SearchField{\"path\":\"\",\"propertyPath\":\"/_BASIC_SEARCH_FIELD\",\"modelName\":\"fi1t3rM0d31\"}"}]}
RESULT: {"script":"<script> [1562 bytes]","args":[{"selector":{"controlType":"sap.m.SearchField","viewName":"etm.portal.ui.managehandovers.view.MasterHO","bindingPath":{"path":"","propertyPath":"/_BASIC_SEARCH_FIELD","modelName":"fi1t3rM0d31"},"interaction":{"idSuffix":"I"}},"wdio_ui5_key":"etmportal.ui.managehandovers.view.MasterHOsap.m.SearchField{\"path\":\"\",\"propertyPath\":\"/_BASIC_SEARCH_FIELD\",\"modelName\":\"fi1t3rM0d31\"}"}]}
RESULT: undefined
COMMAND: POST /session/04234d49f989df1d8cc66cbbd9ee498b/execute/async - {"script":"<script> [776 bytes]","args":[{"enterText":"30731","selector":{"controlType":"sap.m.SearchField","viewName":"etm.portal.ui.managehandovers.view.MasterHO","bindingPath":{"path":"","propertyPath":"/_BASIC_SEARCH_FIELD","modelName":"fi1t3rM0d31"},"interaction":{"idSuffix":"I"}},"clearTextFirst":true,"interactionType":"ENTER_TEXT"}]}
RESULT: {"script":"<script> [776 bytes]","args":[{"enterText":"30731","selector":{"controlType":"sap.m.SearchField","viewName":"etm.portal.ui.managehandovers.view.MasterHO","bindingPath":{"path":"","propertyPath":"/_BASIC_SEARCH_FIELD","modelName":"fi1t3rM0d31"},"interaction":{"idSuffix":"I"}},"clearTextFirst":true,"interactionType":"ENTER_TEXT"}]}
COMMAND: POST /session/04234d49f989df1d8cc66cbbd9ee498b/actions - {"actions":[{"id":"action82","type":"key","parameters":{},"actions":[{"type":"keyDown","value":"î€‡"},{"type":"pause","duration":10},{"type":"keyUp","value":"î€‡"}]}]}
RESULT: {"actions":[{"id":"action82","type":"key","parameters":{},"actions":[{"type":"keyDown","value":"î€‡"},{"type":"pause","duration":10},{"type":"keyUp","value":"î€‡"}]}]}
COMMAND: GET /session/04234d49f989df1d8cc66cbbd9ee498b/screenshot - {}
RESULT: {}
COMMAND: POST /session/04234d49f989df1d8cc66cbbd9ee498b/execute/async - {"script":"<script> [1562 bytes]","args":[{"selector":{"controlType":"sap.m.Title","viewName":"etm.portal.ui.managehandovers.view.MasterHO","properties":{"text":"Records (1)"}},"wdio_ui5_key":"etmportal.ui.managehandovers.view.MasterHOsap.m.Title{\"text\":\"Records (1)\"}"}]}
RESULT: {"script":"<script> [1562 bytes]","args":[{"selector":{"controlType":"sap.m.Title","viewName":"etm.portal.ui.managehandovers.view.MasterHO","properties":{"text":"Records (1)"}},"wdio_ui5_key":"etmportal.ui.managehandovers.view.MasterHOsap.m.Title{\"text\":\"Records (1)\"}"}]}
RESULT: undefined
COMMAND: POST /session/04234d49f989df1d8cc66cbbd9ee498b/execute/async - {"script":"<script> [6424 bytes]","args":[{"element-6066-11e4-a52e-4f735466cecf":"f.9E73453283219C642BED86114F2A427E.d.BEAEAC561524C579906F3DA85E5203B3.e.17045"},"getText",[]]}
RESULT: {"script":"<script> [6424 bytes]","args":[{"element-6066-11e4-a52e-4f735466cecf":"f.9E73453283219C642BED86114F2A427E.d.BEAEAC561524C579906F3DA85E5203B3.e.17045"},"getText",[]]}
COMMAND: POST /session/04234d49f989df1d8cc66cbbd9ee498b/execute/async - {"script":"<script> [1562 bytes]","args":[{"selector":{"controlType":"sap.ui.core.Icon","viewName":"etm.portal.ui.managehandovers.view.MasterHO","properties":{"src":{"regex":{"source":"slim\\-arrow\\-right"}}}},"wdio_ui5_key":"etmportal.ui.managehandovers.view.MasterHOsap.ui.core.Icon{\"src\":{\"regex\":{\"source\":\"slim\\\\-arrow\\\\-right\"}}}"}]}
RESULT: {"script":"<script> [1562 bytes]","args":[{"selector":{"controlType":"sap.ui.core.Icon","viewName":"etm.portal.ui.managehandovers.view.MasterHO","properties":{"src":{"regex":{"source":"slim\\-arrow\\-right"}}}},"wdio_ui5_key":"etmportal.ui.managehandovers.view.MasterHOsap.ui.core.Icon{\"src\":{\"regex\":{\"source\":\"slim\\\\-arrow\\\\-right\"}}}"}]}
RESULT: undefined
COMMAND: POST /session/04234d49f989df1d8cc66cbbd9ee498b/element - {"using":"xpath","value":"//*[@id=\"__item30-__clone16-imgNav\"]"}
RESULT: {"using":"xpath","value":"//*[@id=\"__item30-__clone16-imgNav\"]"}
COMMAND: POST /session/04234d49f989df1d8cc66cbbd9ee498b/element/f.9E73453283219C642BED86114F2A427E.d.BEAEAC561524C579906F3DA85E5203B3.e.17044/click - {}
RESULT: {}
COMMAND: GET /session/04234d49f989df1d8cc66cbbd9ee498b/screenshot - {}
RESULT: {}
COMMAND: POST /session/04234d49f989df1d8cc66cbbd9ee498b/element - {"using":"xpath","value":"//a[contains(@data-kt ,\"GeneralSectionReceiveContracttLink\")]"}
RESULT: {"using":"xpath","value":"//a[contains(@data-kt ,\"GeneralSectionReceiveContracttLink\")]"}
COMMAND: POST /session/04234d49f989df1d8cc66cbbd9ee498b/element/f.9E73453283219C642BED86114F2A427E.d.BEAEAC561524C579906F3DA85E5203B3.e.17151/click - {}
RESULT: {}
COMMAND: GET /session/04234d49f989df1d8cc66cbbd9ee498b/screenshot - {}
RESULT: {}
COMMAND: POST /session/04234d49f989df1d8cc66cbbd9ee498b/element - {"using":"xpath","value":"//a[contains(@data-kt ,\"ContextMenuId2Link\")]"}
RESULT: {"using":"xpath","value":"//a[contains(@data-kt ,\"ContextMenuId2Link\")]"}
COMMAND: POST /session/04234d49f989df1d8cc66cbbd9ee498b/element/f.9E73453283219C642BED86114F2A427E.d.BEAEAC561524C579906F3DA85E5203B3.e.17154/click - {}
RESULT: {}
COMMAND: GET /session/04234d49f989df1d8cc66cbbd9ee498b/screenshot - {}
RESULT: {}
COMMAND: POST /session/04234d49f989df1d8cc66cbbd9ee498b/execute/async - {"script":"<script> [1562 bytes]","args":[{"selector":{"controlType":"sap.m.ObjectStatus","viewName":"etm.portal.ui.managecontracts.view.Detail","bindingPath":{"propertyPath":"LINK_TO_LOGISTICAL_STATUS/DESCRIPTION","modelName":"catalogModel"}},"wdio_ui5_key":"etmportal.ui.managecontracts.view.Detailsap.m.ObjectStatus{\"propertyPath\":\"LINK_TO_LOGISTICAL_STATUS/DESCRIPTION\",\"modelName\":\"catalogModel\"}"}]}
RESULT: {"script":"<script> [1562 bytes]","args":[{"selector":{"controlType":"sap.m.ObjectStatus","viewName":"etm.portal.ui.managecontracts.view.Detail","bindingPath":{"propertyPath":"LINK_TO_LOGISTICAL_STATUS/DESCRIPTION","modelName":"catalogModel"}},"wdio_ui5_key":"etmportal.ui.managecontracts.view.Detailsap.m.ObjectStatus{\"propertyPath\":\"LINK_TO_LOGISTICAL_STATUS/DESCRIPTION\",\"modelName\":\"catalogModel\"}"}]}
RESULT: undefined
COMMAND: POST /session/04234d49f989df1d8cc66cbbd9ee498b/execute/async - {"script":"<script> [6424 bytes]","args":[{"element-6066-11e4-a52e-4f735466cecf":"f.9E73453283219C642BED86114F2A427E.d.BEAEAC561524C579906F3DA85E5203B3.e.17383"},"getText",[]]}
RESULT: {"script":"<script> [6424 bytes]","args":[{"element-6066-11e4-a52e-4f735466cecf":"f.9E73453283219C642BED86114F2A427E.d.BEAEAC561524C579906F3DA85E5203B3.e.17383"},"getText",[]]}
COMMAND: POST /session/04234d49f989df1d8cc66cbbd9ee498b/execute/async - {"script":"<script> [1562 bytes]","args":[{"selector":{"controlType":"sap.m.ObjectStatus","viewName":"etm.portal.ui.managecontracts.view.Detail","bindingPath":{"propertyPath":"LINK_TO_COMMERCIAL_STATUS/DESCRIPTION","modelName":"catalogModel"}},"wdio_ui5_key":"etmportal.ui.managecontracts.view.Detailsap.m.ObjectStatus{\"propertyPath\":\"LINK_TO_COMMERCIAL_STATUS/DESCRIPTION\",\"modelName\":\"catalogModel\"}"}]}
RESULT: {"script":"<script> [1562 bytes]","args":[{"selector":{"controlType":"sap.m.ObjectStatus","viewName":"etm.portal.ui.managecontracts.view.Detail","bindingPath":{"propertyPath":"LINK_TO_COMMERCIAL_STATUS/DESCRIPTION","modelName":"catalogModel"}},"wdio_ui5_key":"etmportal.ui.managecontracts.view.Detailsap.m.ObjectStatus{\"propertyPath\":\"LINK_TO_COMMERCIAL_STATUS/DESCRIPTION\",\"modelName\":\"catalogModel\"}"}]}
RESULT: undefined
COMMAND: POST /session/04234d49f989df1d8cc66cbbd9ee498b/execute/async - {"script":"<script> [6424 bytes]","args":[{"element-6066-11e4-a52e-4f735466cecf":"f.9E73453283219C642BED86114F2A427E.d.BEAEAC561524C579906F3DA85E5203B3.e.17384"},"getText",[]]}
RESULT: {"script":"<script> [6424 bytes]","args":[{"element-6066-11e4-a52e-4f735466cecf":"f.9E73453283219C642BED86114F2A427E.d.BEAEAC561524C579906F3DA85E5203B3.e.17384"},"getText",[]]}
COMMAND: POST /session/04234d49f989df1d8cc66cbbd9ee498b/execute/async - {"script":"<script> [1562 bytes]","args":[{"selector":{"id":"backBtn"},"wdio_ui5_key":"backBtn"}]}
RESULT: {"script":"<script> [1562 bytes]","args":[{"selector":{"id":"backBtn"},"wdio_ui5_key":"backBtn"}]}
RESULT: undefined
COMMAND: POST /session/04234d49f989df1d8cc66cbbd9ee498b/element - {"using":"xpath","value":"//*[@id=\"backBtn\"]"}
RESULT: {"using":"xpath","value":"//*[@id=\"backBtn\"]"}
COMMAND: POST /session/04234d49f989df1d8cc66cbbd9ee498b/element/f.9E73453283219C642BED86114F2A427E.d.BEAEAC561524C579906F3DA85E5203B3.e.17385/click - {}
RESULT: {}
COMMAND: GET /session/04234d49f989df1d8cc66cbbd9ee498b/screenshot - {}
RESULT: {}
COMMAND: POST /session/04234d49f989df1d8cc66cbbd9ee498b/execute/async - {"script":"<script> [1562 bytes]","args":[{"selector":{"controlType":"sap.m.Button","viewName":"etm.portal.ui.managehandovers.view.DetailExecuteHO","i18NText":{"propertyName":"text","key":"confirmAll"},"interaction":{"idSuffix":"BDI-content"}},"wdio_ui5_key":"etmportal.ui.managehandovers.view.DetailExecuteHOsap.m.Button{\"propertyName\":\"text\",\"key\":\"confirmAll\"}"}]}
RESULT: {"script":"<script> [1562 bytes]","args":[{"selector":{"controlType":"sap.m.Button","viewName":"etm.portal.ui.managehandovers.view.DetailExecuteHO","i18NText":{"propertyName":"text","key":"confirmAll"},"interaction":{"idSuffix":"BDI-content"}},"wdio_ui5_key":"etmportal.ui.managehandovers.view.DetailExecuteHOsap.m.Button{\"propertyName\":\"text\",\"key\":\"confirmAll\"}"}]}
RESULT: undefined
COMMAND: POST /session/04234d49f989df1d8cc66cbbd9ee498b/element - {"using":"xpath","value":"//*[@id=\"__button84\"]"}
RESULT: {"using":"xpath","value":"//*[@id=\"__button84\"]"}
COMMAND: POST /session/04234d49f989df1d8cc66cbbd9ee498b/element/f.9E73453283219C642BED86114F2A427E.d.BEAEAC561524C579906F3DA85E5203B3.e.17672/click - {}
RESULT: {}
COMMAND: GET /session/04234d49f989df1d8cc66cbbd9ee498b/screenshot - {}
RESULT: {}
COMMAND: POST /session/04234d49f989df1d8cc66cbbd9ee498b/execute/async - {"script":"<script> [1562 bytes]","args":[{"selector":{"controlType":"sap.m.Button","properties":{"text":"OK"},"searchOpenDialogs":true,"interaction":{"idSuffix":"inner"}},"wdio_ui5_key":"sapm.Button{\"text\":\"OK\"}"}]}
RESULT: {"script":"<script> [1562 bytes]","args":[{"selector":{"controlType":"sap.m.Button","properties":{"text":"OK"},"searchOpenDialogs":true,"interaction":{"idSuffix":"inner"}},"wdio_ui5_key":"sapm.Button{\"text\":\"OK\"}"}]}
RESULT: undefined
COMMAND: POST /session/04234d49f989df1d8cc66cbbd9ee498b/element - {"using":"xpath","value":"//*[@id=\"__mbox-btn-0\"]"}
RESULT: {"using":"xpath","value":"//*[@id=\"__mbox-btn-0\"]"}
COMMAND: POST /session/04234d49f989df1d8cc66cbbd9ee498b/element/f.9E73453283219C642BED86114F2A427E.d.BEAEAC561524C579906F3DA85E5203B3.e.17673/click - {}
RESULT: {}
COMMAND: GET /session/04234d49f989df1d8cc66cbbd9ee498b/screenshot - {}
RESULT: {}
COMMAND: POST /session/04234d49f989df1d8cc66cbbd9ee498b/element - {"using":"xpath","value":"//button[contains(@data-kt ,\"execHoIssueFooterButton\")]"}
RESULT: {"using":"xpath","value":"//button[contains(@data-kt ,\"execHoIssueFooterButton\")]"}
COMMAND: POST /session/04234d49f989df1d8cc66cbbd9ee498b/element/f.9E73453283219C642BED86114F2A427E.d.BEAEAC561524C579906F3DA85E5203B3.e.17676/click - {}
RESULT: {}
COMMAND: GET /session/04234d49f989df1d8cc66cbbd9ee498b/screenshot - {}
RESULT: {}
COMMAND: POST /session/04234d49f989df1d8cc66cbbd9ee498b/refresh - {}
RESULT: {}
COMMAND: GET /session/04234d49f989df1d8cc66cbbd9ee498b/screenshot - {}
RESULT: {}
COMMAND: POST /session/04234d49f989df1d8cc66cbbd9ee498b/refresh - {}
RESULT: {}
COMMAND: GET /session/04234d49f989df1d8cc66cbbd9ee498b/screenshot - {}
RESULT: {}
COMMAND: POST /session/04234d49f989df1d8cc66cbbd9ee498b/window/fullscreen - {}
RESULT: {}
COMMAND: POST /session/04234d49f989df1d8cc66cbbd9ee498b/execute/async - {"script":"<script> [189 bytes]","args":[]}
RESULT: {"script":"<script> [189 bytes]","args":[]}
COMMAND: POST /session/04234d49f989df1d8cc66cbbd9ee498b/execute/async - {"script":"<script> [123 bytes]","args":[]}
RESULT: {"script":"<script> [123 bytes]","args":[]}
COMMAND: POST /session/04234d49f989df1d8cc66cbbd9ee498b/timeouts - {"script":"<number>"}
RESULT: {"script":"<number>"}
COMMAND: GET /session/04234d49f989df1d8cc66cbbd9ee498b/timeouts - {}
RESULT: {}
RESULT: undefined
COMMAND: POST /session/04234d49f989df1d8cc66cbbd9ee498b/execute/async - {"script":"<script> [2676 bytes]","args":[]}
RESULT: {"script":"<script> [2676 bytes]","args":[]}
COMMAND: POST /session/04234d49f989df1d8cc66cbbd9ee498b/execute/async - {"script":"<script> [2342 bytes]","args":[{"protocol":"http","hostname":"0.0.0.0","path":"/","capabilities":{"browserName":"chrome","goog:chromeOptions":{"binary":"C:\\Program Files\\Google\\Chrome\\Application\\chrome.exe","args":["--start-maximized"]}},"logLevel":"warn","connectionRetryTimeout":120000,"connectionRetryCount":3,"logLevels":{},"enableDirectConnect":true,"strictSSL":true,"_":"65 more keys: [\"cacheDir\",\"port\",\"requestedCapabilities\",\"automationProtocol\",\"baseUrl\",\"waitforInterval\",\"waitforTimeout\",\"onReload\",\"beforeCommand\",\"afterCommand\",\"rootDir\",\"specs\",\"suites\",\"exclude\",\"groupLogsByTestSpec\",\"excludeDriverLogs\",\"bail\",\"framework\",\"reporters\",\"services\",\"maxInstances\",\"maxInstancesPerCapability\",\"injectGlobals\",\"filesToWatch\",\"execArgv\",\"runnerEnv\",\"runner\",\"shard\",\"specFileRetries\",\"specFileRetriesDelay\",\"specFileRetriesDeferred\",\"reporterSyncInterval\",\"reporterSyncTimeout\",\"cucumberFeaturesWithLineNumbers\",\"autoCompileOpts\",\"mochaOpts\",\"jasmineOpts\",\"cucumberOpts\",\"onPrepare\",\"onWorkerStart\",\"onWorkerEnd\",\"before\",\"beforeSession\",\"beforeSuite\",\"beforeHook\",\"beforeTest\",\"afterTest\",\"afterHook\",\"afterSuite\",\"afterSession\",\"after\",\"onComplete\",\"beforeAssertion\",\"afterAssertion\",\"beforeFeature\",\"beforeScenario\",\"beforeStep\",\"afterStep\",\"afterScenario\",\"afterFeature\",\"_\",\"suite\",\"$0\",\"ignoredWorkerServices\",\"wdi5\"]"}]}
RESULT: {"script":"<script> [2342 bytes]","args":[{"protocol":"http","hostname":"0.0.0.0","path":"/","capabilities":{"browserName":"chrome","goog:chromeOptions":{"binary":"C:\\Program Files\\Google\\Chrome\\Application\\chrome.exe","args":["--start-maximized"]}},"logLevel":"warn","connectionRetryTimeout":120000,"connectionRetryCount":3,"logLevels":{},"enableDirectConnect":true,"strictSSL":true,"_":"65 more keys: [\"cacheDir\",\"port\",\"requestedCapabilities\",\"automationProtocol\",\"baseUrl\",\"waitforInterval\",\"waitforTimeout\",\"onReload\",\"beforeCommand\",\"afterCommand\",\"rootDir\",\"specs\",\"suites\",\"exclude\",\"groupLogsByTestSpec\",\"excludeDriverLogs\",\"bail\",\"framework\",\"reporters\",\"services\",\"maxInstances\",\"maxInstancesPerCapability\",\"injectGlobals\",\"filesToWatch\",\"execArgv\",\"runnerEnv\",\"runner\",\"shard\",\"specFileRetries\",\"specFileRetriesDelay\",\"specFileRetriesDeferred\",\"reporterSyncInterval\",\"reporterSyncTimeout\",\"cucumberFeaturesWithLineNumbers\",\"autoCompileOpts\",\"mochaOpts\",\"jasmineOpts\",\"cucumberOpts\",\"onPrepare\",\"onWorkerStart\",\"onWorkerEnd\",\"before\",\"beforeSession\",\"beforeSuite\",\"beforeHook\",\"beforeTest\",\"afterTest\",\"afterHook\",\"afterSuite\",\"afterSession\",\"after\",\"onComplete\",\"beforeAssertion\",\"afterAssertion\",\"beforeFeature\",\"beforeScenario\",\"beforeStep\",\"afterStep\",\"afterScenario\",\"afterFeature\",\"_\",\"suite\",\"$0\",\"ignoredWorkerServices\",\"wdi5\"]"}]}
COMMAND: POST /session/04234d49f989df1d8cc66cbbd9ee498b/execute/async - {"script":"<script> [21126 bytes]","args":[35000]}
RESULT: {"script":"<script> [21126 bytes]","args":[35000]}
COMMAND: POST /session/04234d49f989df1d8cc66cbbd9ee498b/execute/async - {"script":"<script> [1562 bytes]","args":[{"selector":{"controlType":"sap.m.SearchField","viewName":"etm.portal.ui.managehandovers.view.MasterHO","bindingPath":{"path":"","propertyPath":"/_BASIC_SEARCH_FIELD","modelName":"fi1t3rM0d31"},"interaction":{"idSuffix":"I"}},"wdio_ui5_key":"etmportal.ui.managehandovers.view.MasterHOsap.m.SearchField{\"path\":\"\",\"propertyPath\":\"/_BASIC_SEARCH_FIELD\",\"modelName\":\"fi1t3rM0d31\"}"}]}
RESULT: {"script":"<script> [1562 bytes]","args":[{"selector":{"controlType":"sap.m.SearchField","viewName":"etm.portal.ui.managehandovers.view.MasterHO","bindingPath":{"path":"","propertyPath":"/_BASIC_SEARCH_FIELD","modelName":"fi1t3rM0d31"},"interaction":{"idSuffix":"I"}},"wdio_ui5_key":"etmportal.ui.managehandovers.view.MasterHOsap.m.SearchField{\"path\":\"\",\"propertyPath\":\"/_BASIC_SEARCH_FIELD\",\"modelName\":\"fi1t3rM0d31\"}"}]}
RESULT: undefined
COMMAND: POST /session/04234d49f989df1d8cc66cbbd9ee498b/execute/async - {"script":"<script> [776 bytes]","args":[{"enterText":"30731","selector":{"controlType":"sap.m.SearchField","viewName":"etm.portal.ui.managehandovers.view.MasterHO","bindingPath":{"path":"","propertyPath":"/_BASIC_SEARCH_FIELD","modelName":"fi1t3rM0d31"},"interaction":{"idSuffix":"I"}},"clearTextFirst":true,"interactionType":"ENTER_TEXT"}]}
RESULT: {"script":"<script> [776 bytes]","args":[{"enterText":"30731","selector":{"controlType":"sap.m.SearchField","viewName":"etm.portal.ui.managehandovers.view.MasterHO","bindingPath":{"path":"","propertyPath":"/_BASIC_SEARCH_FIELD","modelName":"fi1t3rM0d31"},"interaction":{"idSuffix":"I"}},"clearTextFirst":true,"interactionType":"ENTER_TEXT"}]}
COMMAND: POST /session/04234d49f989df1d8cc66cbbd9ee498b/actions - {"actions":[{"id":"action83","type":"key","parameters":{},"actions":[{"type":"keyDown","value":"î€‡"},{"type":"pause","duration":10},{"type":"keyUp","value":"î€‡"}]}]}
RESULT: {"actions":[{"id":"action83","type":"key","parameters":{},"actions":[{"type":"keyDown","value":"î€‡"},{"type":"pause","duration":10},{"type":"keyUp","value":"î€‡"}]}]}
COMMAND: GET /session/04234d49f989df1d8cc66cbbd9ee498b/screenshot - {}
RESULT: {}
COMMAND: POST /session/04234d49f989df1d8cc66cbbd9ee498b/execute/async - {"script":"<script> [1562 bytes]","args":[{"selector":{"controlType":"sap.m.Title","viewName":"etm.portal.ui.managehandovers.view.MasterHO","properties":{"text":"Records (1)"}},"wdio_ui5_key":"etmportal.ui.managehandovers.view.MasterHOsap.m.Title{\"text\":\"Records (1)\"}"}]}
RESULT: {"script":"<script> [1562 bytes]","args":[{"selector":{"controlType":"sap.m.Title","viewName":"etm.portal.ui.managehandovers.view.MasterHO","properties":{"text":"Records (1)"}},"wdio_ui5_key":"etmportal.ui.managehandovers.view.MasterHOsap.m.Title{\"text\":\"Records (1)\"}"}]}
RESULT: undefined
COMMAND: POST /session/04234d49f989df1d8cc66cbbd9ee498b/execute/async - {"script":"<script> [6424 bytes]","args":[{"element-6066-11e4-a52e-4f735466cecf":"f.9E73453283219C642BED86114F2A427E.d.936D0BF604DF731A97A808BD12E504FA.e.17973"},"getText",[]]}
RESULT: {"script":"<script> [6424 bytes]","args":[{"element-6066-11e4-a52e-4f735466cecf":"f.9E73453283219C642BED86114F2A427E.d.936D0BF604DF731A97A808BD12E504FA.e.17973"},"getText",[]]}
COMMAND: POST /session/04234d49f989df1d8cc66cbbd9ee498b/execute/async - {"script":"<script> [1562 bytes]","args":[{"selector":{"controlType":"sap.ui.core.Icon","viewName":"etm.portal.ui.managehandovers.view.MasterHO","properties":{"src":{"regex":{"source":"slim\\-arrow\\-right"}}}},"wdio_ui5_key":"etmportal.ui.managehandovers.view.MasterHOsap.ui.core.Icon{\"src\":{\"regex\":{\"source\":\"slim\\\\-arrow\\\\-right\"}}}"}]}
RESULT: {"script":"<script> [1562 bytes]","args":[{"selector":{"controlType":"sap.ui.core.Icon","viewName":"etm.portal.ui.managehandovers.view.MasterHO","properties":{"src":{"regex":{"source":"slim\\-arrow\\-right"}}}},"wdio_ui5_key":"etmportal.ui.managehandovers.view.MasterHOsap.ui.core.Icon{\"src\":{\"regex\":{\"source\":\"slim\\\\-arrow\\\\-right\"}}}"}]}
RESULT: undefined
COMMAND: POST /session/04234d49f989df1d8cc66cbbd9ee498b/element - {"using":"xpath","value":"//*[@id=\"__item28-__clone16-imgNav\"]"}
RESULT: {"using":"xpath","value":"//*[@id=\"__item28-__clone16-imgNav\"]"}
COMMAND: POST /session/04234d49f989df1d8cc66cbbd9ee498b/element/f.9E73453283219C642BED86114F2A427E.d.936D0BF604DF731A97A808BD12E504FA.e.17972/click - {}
RESULT: {}
COMMAND: GET /session/04234d49f989df1d8cc66cbbd9ee498b/screenshot - {}
RESULT: {}
COMMAND: POST /session/04234d49f989df1d8cc66cbbd9ee498b/execute/async - {"script":"<script> [1562 bytes]","args":[{"selector":{"controlType":"sap.m.ObjectStatus","viewName":"etm.portal.ui.managehandovers.view.DetailExecuteHO","labelFor":{"text":"Status"}},"wdio_ui5_key":"etmportal.ui.managehandovers.view.DetailExecuteHOsap.m.ObjectStatus{\"text\":\"Status\"}"}]}
RESULT: {"script":"<script> [1562 bytes]","args":[{"selector":{"controlType":"sap.m.ObjectStatus","viewName":"etm.portal.ui.managehandovers.view.DetailExecuteHO","labelFor":{"text":"Status"}},"wdio_ui5_key":"etmportal.ui.managehandovers.view.DetailExecuteHOsap.m.ObjectStatus{\"text\":\"Status\"}"}]}
RESULT: undefined
COMMAND: POST /session/04234d49f989df1d8cc66cbbd9ee498b/execute/async - {"script":"<script> [6424 bytes]","args":[{"element-6066-11e4-a52e-4f735466cecf":"f.9E73453283219C642BED86114F2A427E.d.936D0BF604DF731A97A808BD12E504FA.e.18072"},"getText",[]]}
RESULT: {"script":"<script> [6424 bytes]","args":[{"element-6066-11e4-a52e-4f735466cecf":"f.9E73453283219C642BED86114F2A427E.d.936D0BF604DF731A97A808BD12E504FA.e.18072"},"getText",[]]}
COMMAND: POST /session/04234d49f989df1d8cc66cbbd9ee498b/execute/async - {"script":"<script> [1562 bytes]","args":[{"selector":{"controlType":"sap.m.Button","viewName":"etm.portal.ui.managehandovers.view.DetailExecuteHO","i18NText":{"propertyName":"text","key":"confirmAll"},"interaction":{"idSuffix":"BDI-content"}},"wdio_ui5_key":"etmportal.ui.managehandovers.view.DetailExecuteHOsap.m.Button{\"propertyName\":\"text\",\"key\":\"confirmAll\"}"}]}
RESULT: {"script":"<script> [1562 bytes]","args":[{"selector":{"controlType":"sap.m.Button","viewName":"etm.portal.ui.managehandovers.view.DetailExecuteHO","i18NText":{"propertyName":"text","key":"confirmAll"},"interaction":{"idSuffix":"BDI-content"}},"wdio_ui5_key":"etmportal.ui.managehandovers.view.DetailExecuteHOsap.m.Button{\"propertyName\":\"text\",\"key\":\"confirmAll\"}"}]}
RESULT: undefined
COMMAND: POST /session/04234d49f989df1d8cc66cbbd9ee498b/element - {"using":"xpath","value":"//*[@id=\"__button30\"]"}
RESULT: {"using":"xpath","value":"//*[@id=\"__button30\"]"}
COMMAND: POST /session/04234d49f989df1d8cc66cbbd9ee498b/element/f.9E73453283219C642BED86114F2A427E.d.936D0BF604DF731A97A808BD12E504FA.e.18075/click - {}
RESULT: {}
COMMAND: GET /session/04234d49f989df1d8cc66cbbd9ee498b/screenshot - {}
RESULT: {}
COMMAND: POST /session/04234d49f989df1d8cc66cbbd9ee498b/execute/async - {"script":"<script> [1562 bytes]","args":[{"selector":{"controlType":"sap.m.Button","properties":{"text":"OK"},"searchOpenDialogs":true,"interaction":{"idSuffix":"BDI-content"}},"wdio_ui5_key":"sapm.Button{\"text\":\"OK\"}"}]}
RESULT: {"script":"<script> [1562 bytes]","args":[{"selector":{"controlType":"sap.m.Button","properties":{"text":"OK"},"searchOpenDialogs":true,"interaction":{"idSuffix":"BDI-content"}},"wdio_ui5_key":"sapm.Button{\"text\":\"OK\"}"}]}
RESULT: undefined
COMMAND: POST /session/04234d49f989df1d8cc66cbbd9ee498b/element - {"using":"xpath","value":"//*[@id=\"__mbox-btn-0\"]"}
RESULT: {"using":"xpath","value":"//*[@id=\"__mbox-btn-0\"]"}
COMMAND: POST /session/04234d49f989df1d8cc66cbbd9ee498b/element/f.9E73453283219C642BED86114F2A427E.d.936D0BF604DF731A97A808BD12E504FA.e.18076/click - {}
RESULT: {}
COMMAND: GET /session/04234d49f989df1d8cc66cbbd9ee498b/screenshot - {}
RESULT: {}
COMMAND: POST /session/04234d49f989df1d8cc66cbbd9ee498b/element - {"using":"xpath","value":"//button[contains(@data-kt ,\"execHoReceiveFooterButton\")]"}
RESULT: {"using":"xpath","value":"//button[contains(@data-kt ,\"execHoReceiveFooterButton\")]"}
COMMAND: POST /session/04234d49f989df1d8cc66cbbd9ee498b/element/f.9E73453283219C642BED86114F2A427E.d.936D0BF604DF731A97A808BD12E504FA.e.18028/click - {}
RESULT: {}
COMMAND: GET /session/04234d49f989df1d8cc66cbbd9ee498b/screenshot - {}
RESULT: {}
COMMAND: POST /session/04234d49f989df1d8cc66cbbd9ee498b/refresh - {}
RESULT: {}
COMMAND: GET /session/04234d49f989df1d8cc66cbbd9ee498b/screenshot - {}
RESULT: {}
COMMAND: POST /session/04234d49f989df1d8cc66cbbd9ee498b/refresh - {}
RESULT: {}
COMMAND: GET /session/04234d49f989df1d8cc66cbbd9ee498b/screenshot - {}
RESULT: {}
COMMAND: POST /session/04234d49f989df1d8cc66cbbd9ee498b/window/fullscreen - {}
RESULT: {}
COMMAND: POST /session/04234d49f989df1d8cc66cbbd9ee498b/execute/async - {"script":"<script> [189 bytes]","args":[]}
RESULT: {"script":"<script> [189 bytes]","args":[]}
COMMAND: POST /session/04234d49f989df1d8cc66cbbd9ee498b/execute/async - {"script":"<script> [123 bytes]","args":[]}
RESULT: {"script":"<script> [123 bytes]","args":[]}
COMMAND: POST /session/04234d49f989df1d8cc66cbbd9ee498b/timeouts - {"script":"<number>"}
RESULT: {"script":"<number>"}
COMMAND: GET /session/04234d49f989df1d8cc66cbbd9ee498b/timeouts - {}
RESULT: {}
RESULT: undefined
COMMAND: POST /session/04234d49f989df1d8cc66cbbd9ee498b/execute/async - {"script":"<script> [2676 bytes]","args":[]}
RESULT: {"script":"<script> [2676 bytes]","args":[]}
COMMAND: POST /session/04234d49f989df1d8cc66cbbd9ee498b/execute/async - {"script":"<script> [2342 bytes]","args":[{"protocol":"http","hostname":"0.0.0.0","path":"/","capabilities":{"browserName":"chrome","goog:chromeOptions":{"binary":"C:\\Program Files\\Google\\Chrome\\Application\\chrome.exe","args":["--start-maximized"]}},"logLevel":"warn","connectionRetryTimeout":120000,"connectionRetryCount":3,"logLevels":{},"enableDirectConnect":true,"strictSSL":true,"_":"65 more keys: [\"cacheDir\",\"port\",\"requestedCapabilities\",\"automationProtocol\",\"baseUrl\",\"waitforInterval\",\"waitforTimeout\",\"onReload\",\"beforeCommand\",\"afterCommand\",\"rootDir\",\"specs\",\"suites\",\"exclude\",\"groupLogsByTestSpec\",\"excludeDriverLogs\",\"bail\",\"framework\",\"reporters\",\"services\",\"maxInstances\",\"maxInstancesPerCapability\",\"injectGlobals\",\"filesToWatch\",\"execArgv\",\"runnerEnv\",\"runner\",\"shard\",\"specFileRetries\",\"specFileRetriesDelay\",\"specFileRetriesDeferred\",\"reporterSyncInterval\",\"reporterSyncTimeout\",\"cucumberFeaturesWithLineNumbers\",\"autoCompileOpts\",\"mochaOpts\",\"jasmineOpts\",\"cucumberOpts\",\"onPrepare\",\"onWorkerStart\",\"onWorkerEnd\",\"before\",\"beforeSession\",\"beforeSuite\",\"beforeHook\",\"beforeTest\",\"afterTest\",\"afterHook\",\"afterSuite\",\"afterSession\",\"after\",\"onComplete\",\"beforeAssertion\",\"afterAssertion\",\"beforeFeature\",\"beforeScenario\",\"beforeStep\",\"afterStep\",\"afterScenario\",\"afterFeature\",\"_\",\"suite\",\"$0\",\"ignoredWorkerServices\",\"wdi5\"]"}]}
RESULT: {"script":"<script> [2342 bytes]","args":[{"protocol":"http","hostname":"0.0.0.0","path":"/","capabilities":{"browserName":"chrome","goog:chromeOptions":{"binary":"C:\\Program Files\\Google\\Chrome\\Application\\chrome.exe","args":["--start-maximized"]}},"logLevel":"warn","connectionRetryTimeout":120000,"connectionRetryCount":3,"logLevels":{},"enableDirectConnect":true,"strictSSL":true,"_":"65 more keys: [\"cacheDir\",\"port\",\"requestedCapabilities\",\"automationProtocol\",\"baseUrl\",\"waitforInterval\",\"waitforTimeout\",\"onReload\",\"beforeCommand\",\"afterCommand\",\"rootDir\",\"specs\",\"suites\",\"exclude\",\"groupLogsByTestSpec\",\"excludeDriverLogs\",\"bail\",\"framework\",\"reporters\",\"services\",\"maxInstances\",\"maxInstancesPerCapability\",\"injectGlobals\",\"filesToWatch\",\"execArgv\",\"runnerEnv\",\"runner\",\"shard\",\"specFileRetries\",\"specFileRetriesDelay\",\"specFileRetriesDeferred\",\"reporterSyncInterval\",\"reporterSyncTimeout\",\"cucumberFeaturesWithLineNumbers\",\"autoCompileOpts\",\"mochaOpts\",\"jasmineOpts\",\"cucumberOpts\",\"onPrepare\",\"onWorkerStart\",\"onWorkerEnd\",\"before\",\"beforeSession\",\"beforeSuite\",\"beforeHook\",\"beforeTest\",\"afterTest\",\"afterHook\",\"afterSuite\",\"afterSession\",\"after\",\"onComplete\",\"beforeAssertion\",\"afterAssertion\",\"beforeFeature\",\"beforeScenario\",\"beforeStep\",\"afterStep\",\"afterScenario\",\"afterFeature\",\"_\",\"suite\",\"$0\",\"ignoredWorkerServices\",\"wdi5\"]"}]}
COMMAND: POST /session/04234d49f989df1d8cc66cbbd9ee498b/execute/async - {"script":"<script> [21126 bytes]","args":[35000]}
RESULT: {"script":"<script> [21126 bytes]","args":[35000]}
COMMAND: POST /session/04234d49f989df1d8cc66cbbd9ee498b/execute/async - {"script":"<script> [1562 bytes]","args":[{"selector":{"controlType":"sap.m.SearchField","viewName":"etm.portal.ui.managehandovers.view.MasterHO","bindingPath":{"path":"","propertyPath":"/_BASIC_SEARCH_FIELD","modelName":"fi1t3rM0d31"},"interaction":{"idSuffix":"I"}},"wdio_ui5_key":"etmportal.ui.managehandovers.view.MasterHOsap.m.SearchField{\"path\":\"\",\"propertyPath\":\"/_BASIC_SEARCH_FIELD\",\"modelName\":\"fi1t3rM0d31\"}"}]}
RESULT: {"script":"<script> [1562 bytes]","args":[{"selector":{"controlType":"sap.m.SearchField","viewName":"etm.portal.ui.managehandovers.view.MasterHO","bindingPath":{"path":"","propertyPath":"/_BASIC_SEARCH_FIELD","modelName":"fi1t3rM0d31"},"interaction":{"idSuffix":"I"}},"wdio_ui5_key":"etmportal.ui.managehandovers.view.MasterHOsap.m.SearchField{\"path\":\"\",\"propertyPath\":\"/_BASIC_SEARCH_FIELD\",\"modelName\":\"fi1t3rM0d31\"}"}]}
RESULT: undefined
COMMAND: POST /session/04234d49f989df1d8cc66cbbd9ee498b/execute/async - {"script":"<script> [776 bytes]","args":[{"enterText":"30731","selector":{"controlType":"sap.m.SearchField","viewName":"etm.portal.ui.managehandovers.view.MasterHO","bindingPath":{"path":"","propertyPath":"/_BASIC_SEARCH_FIELD","modelName":"fi1t3rM0d31"},"interaction":{"idSuffix":"I"}},"clearTextFirst":true,"interactionType":"ENTER_TEXT"}]}
RESULT: {"script":"<script> [776 bytes]","args":[{"enterText":"30731","selector":{"controlType":"sap.m.SearchField","viewName":"etm.portal.ui.managehandovers.view.MasterHO","bindingPath":{"path":"","propertyPath":"/_BASIC_SEARCH_FIELD","modelName":"fi1t3rM0d31"},"interaction":{"idSuffix":"I"}},"clearTextFirst":true,"interactionType":"ENTER_TEXT"}]}
COMMAND: POST /session/04234d49f989df1d8cc66cbbd9ee498b/actions - {"actions":[{"id":"action84","type":"key","parameters":{},"actions":[{"type":"keyDown","value":"î€‡"},{"type":"pause","duration":10},{"type":"keyUp","value":"î€‡"}]}]}
RESULT: {"actions":[{"id":"action84","type":"key","parameters":{},"actions":[{"type":"keyDown","value":"î€‡"},{"type":"pause","duration":10},{"type":"keyUp","value":"î€‡"}]}]}
COMMAND: GET /session/04234d49f989df1d8cc66cbbd9ee498b/screenshot - {}
RESULT: {}
COMMAND: POST /session/04234d49f989df1d8cc66cbbd9ee498b/execute/async - {"script":"<script> [1562 bytes]","args":[{"selector":{"controlType":"sap.m.Title","viewName":"etm.portal.ui.managehandovers.view.MasterHO","properties":{"text":"Records (1)"}},"wdio_ui5_key":"etmportal.ui.managehandovers.view.MasterHOsap.m.Title{\"text\":\"Records (1)\"}"}]}
RESULT: {"script":"<script> [1562 bytes]","args":[{"selector":{"controlType":"sap.m.Title","viewName":"etm.portal.ui.managehandovers.view.MasterHO","properties":{"text":"Records (1)"}},"wdio_ui5_key":"etmportal.ui.managehandovers.view.MasterHOsap.m.Title{\"text\":\"Records (1)\"}"}]}
RESULT: undefined
COMMAND: POST /session/04234d49f989df1d8cc66cbbd9ee498b/execute/async - {"script":"<script> [6424 bytes]","args":[{"element-6066-11e4-a52e-4f735466cecf":"f.9E73453283219C642BED86114F2A427E.d.D4A2409A6961FDAC69A10D83818AA812.e.18247"},"getText",[]]}
RESULT: {"script":"<script> [6424 bytes]","args":[{"element-6066-11e4-a52e-4f735466cecf":"f.9E73453283219C642BED86114F2A427E.d.D4A2409A6961FDAC69A10D83818AA812.e.18247"},"getText",[]]}
COMMAND: POST /session/04234d49f989df1d8cc66cbbd9ee498b/execute/async - {"script":"<script> [1562 bytes]","args":[{"selector":{"controlType":"sap.ui.core.Icon","viewName":"etm.portal.ui.managehandovers.view.MasterHO","properties":{"src":{"regex":{"source":"slim\\-arrow\\-right"}}}},"wdio_ui5_key":"etmportal.ui.managehandovers.view.MasterHOsap.ui.core.Icon{\"src\":{\"regex\":{\"source\":\"slim\\\\-arrow\\\\-right\"}}}"}]}
RESULT: {"script":"<script> [1562 bytes]","args":[{"selector":{"controlType":"sap.ui.core.Icon","viewName":"etm.portal.ui.managehandovers.view.MasterHO","properties":{"src":{"regex":{"source":"slim\\-arrow\\-right"}}}},"wdio_ui5_key":"etmportal.ui.managehandovers.view.MasterHOsap.ui.core.Icon{\"src\":{\"regex\":{\"source\":\"slim\\\\-arrow\\\\-right\"}}}"}]}
RESULT: undefined
COMMAND: POST /session/04234d49f989df1d8cc66cbbd9ee498b/element - {"using":"xpath","value":"//*[@id=\"__item28-__clone16-imgNav\"]"}
RESULT: {"using":"xpath","value":"//*[@id=\"__item28-__clone16-imgNav\"]"}
COMMAND: POST /session/04234d49f989df1d8cc66cbbd9ee498b/element/f.9E73453283219C642BED86114F2A427E.d.D4A2409A6961FDAC69A10D83818AA812.e.18246/click - {}
RESULT: {}
COMMAND: GET /session/04234d49f989df1d8cc66cbbd9ee498b/screenshot - {}
RESULT: {}
COMMAND: POST /session/04234d49f989df1d8cc66cbbd9ee498b/execute/async - {"script":"<script> [1562 bytes]","args":[{"selector":{"controlType":"sap.m.ObjectStatus","viewName":"etm.portal.ui.managehandovers.view.DetailManageHO","viewId":"application-managehandovers-display-component---detailManageHO","labelFor":{"text":"Status"}},"wdio_ui5_key":"etmportal.ui.managehandovers.view.DetailManageHOsap.m.ObjectStatus{\"text\":\"Status\"}"}]}
RESULT: {"script":"<script> [1562 bytes]","args":[{"selector":{"controlType":"sap.m.ObjectStatus","viewName":"etm.portal.ui.managehandovers.view.DetailManageHO","viewId":"application-managehandovers-display-component---detailManageHO","labelFor":{"text":"Status"}},"wdio_ui5_key":"etmportal.ui.managehandovers.view.DetailManageHOsap.m.ObjectStatus{\"text\":\"Status\"}"}]}
RESULT: undefined
COMMAND: POST /session/04234d49f989df1d8cc66cbbd9ee498b/execute/async - {"script":"<script> [6424 bytes]","args":[{"element-6066-11e4-a52e-4f735466cecf":"f.9E73453283219C642BED86114F2A427E.d.D4A2409A6961FDAC69A10D83818AA812.e.18338"},"getText",[]]}
RESULT: {"script":"<script> [6424 bytes]","args":[{"element-6066-11e4-a52e-4f735466cecf":"f.9E73453283219C642BED86114F2A427E.d.D4A2409A6961FDAC69A10D83818AA812.e.18338"},"getText",[]]}
COMMAND: POST /session/04234d49f989df1d8cc66cbbd9ee498b/element - {"using":"xpath","value":"//a[contains(@data-kt ,\"GeneralSectionReceiveContracttLink\")]"}
RESULT: {"using":"xpath","value":"//a[contains(@data-kt ,\"GeneralSectionReceiveContracttLink\")]"}
COMMAND: POST /session/04234d49f989df1d8cc66cbbd9ee498b/element/f.9E73453283219C642BED86114F2A427E.d.D4A2409A6961FDAC69A10D83818AA812.e.18339/click - {}
RESULT: {}
COMMAND: GET /session/04234d49f989df1d8cc66cbbd9ee498b/screenshot - {}
RESULT: {}
COMMAND: POST /session/04234d49f989df1d8cc66cbbd9ee498b/element - {"using":"xpath","value":"//a[contains(@data-kt ,\"ContextMenuId2Link\")]"}
RESULT: {"using":"xpath","value":"//a[contains(@data-kt ,\"ContextMenuId2Link\")]"}
COMMAND: POST /session/04234d49f989df1d8cc66cbbd9ee498b/element/f.9E73453283219C642BED86114F2A427E.d.D4A2409A6961FDAC69A10D83818AA812.e.18342/click - {}
RESULT: {}
COMMAND: GET /session/04234d49f989df1d8cc66cbbd9ee498b/screenshot - {}
RESULT: {}
COMMAND: POST /session/04234d49f989df1d8cc66cbbd9ee498b/execute/async - {"script":"<script> [1562 bytes]","args":[{"selector":{"controlType":"sap.m.ObjectStatus","viewName":"etm.portal.ui.managecontracts.view.Detail","bindingPath":{"propertyPath":"LINK_TO_LOGISTICAL_STATUS/DESCRIPTION","modelName":"catalogModel"}},"wdio_ui5_key":"etmportal.ui.managecontracts.view.Detailsap.m.ObjectStatus{\"propertyPath\":\"LINK_TO_LOGISTICAL_STATUS/DESCRIPTION\",\"modelName\":\"catalogModel\"}"}]}
RESULT: {"script":"<script> [1562 bytes]","args":[{"selector":{"controlType":"sap.m.ObjectStatus","viewName":"etm.portal.ui.managecontracts.view.Detail","bindingPath":{"propertyPath":"LINK_TO_LOGISTICAL_STATUS/DESCRIPTION","modelName":"catalogModel"}},"wdio_ui5_key":"etmportal.ui.managecontracts.view.Detailsap.m.ObjectStatus{\"propertyPath\":\"LINK_TO_LOGISTICAL_STATUS/DESCRIPTION\",\"modelName\":\"catalogModel\"}"}]}
RESULT: undefined
COMMAND: POST /session/04234d49f989df1d8cc66cbbd9ee498b/execute/async - {"script":"<script> [6424 bytes]","args":[{"element-6066-11e4-a52e-4f735466cecf":"f.9E73453283219C642BED86114F2A427E.d.D4A2409A6961FDAC69A10D83818AA812.e.18580"},"getText",[]]}
RESULT: {"script":"<script> [6424 bytes]","args":[{"element-6066-11e4-a52e-4f735466cecf":"f.9E73453283219C642BED86114F2A427E.d.D4A2409A6961FDAC69A10D83818AA812.e.18580"},"getText",[]]}
COMMAND: POST /session/04234d49f989df1d8cc66cbbd9ee498b/execute/async - {"script":"<script> [1562 bytes]","args":[{"selector":{"controlType":"sap.m.ObjectStatus","viewName":"etm.portal.ui.managecontracts.view.Detail","bindingPath":{"propertyPath":"LINK_TO_COMMERCIAL_STATUS/DESCRIPTION","modelName":"catalogModel"}},"wdio_ui5_key":"etmportal.ui.managecontracts.view.Detailsap.m.ObjectStatus{\"propertyPath\":\"LINK_TO_COMMERCIAL_STATUS/DESCRIPTION\",\"modelName\":\"catalogModel\"}"}]}
RESULT: {"script":"<script> [1562 bytes]","args":[{"selector":{"controlType":"sap.m.ObjectStatus","viewName":"etm.portal.ui.managecontracts.view.Detail","bindingPath":{"propertyPath":"LINK_TO_COMMERCIAL_STATUS/DESCRIPTION","modelName":"catalogModel"}},"wdio_ui5_key":"etmportal.ui.managecontracts.view.Detailsap.m.ObjectStatus{\"propertyPath\":\"LINK_TO_COMMERCIAL_STATUS/DESCRIPTION\",\"modelName\":\"catalogModel\"}"}]}
RESULT: undefined
COMMAND: POST /session/04234d49f989df1d8cc66cbbd9ee498b/execute/async - {"script":"<script> [6424 bytes]","args":[{"element-6066-11e4-a52e-4f735466cecf":"f.9E73453283219C642BED86114F2A427E.d.D4A2409A6961FDAC69A10D83818AA812.e.18582"},"getText",[]]}
RESULT: {"script":"<script> [6424 bytes]","args":[{"element-6066-11e4-a52e-4f735466cecf":"f.9E73453283219C642BED86114F2A427E.d.D4A2409A6961FDAC69A10D83818AA812.e.18582"},"getText",[]]}
]]></system-out>
    </testcase>
    <testcase classname="chrome.135_0_7049_96.windows.E2E_-_Logistical_and_commercial_statuses" name="It should follow the handover steps to the status fully returned" time="207.539">
      <system-out><![CDATA[
COMMAND: POST /session/04234d49f989df1d8cc66cbbd9ee498b/execute/async - {"script":"<script> [1562 bytes]","args":[{"selector":{"id":"contractDetailReturnButton","viewName":"etm.portal.ui.managecontracts.view.Detail","interaction":{"idSuffix":"BDI-content"}},"wdio_ui5_key":"contractDetailReturnButtonetmportal.ui.managecontracts.view.Detail"}]}
RESULT: {"script":"<script> [1562 bytes]","args":[{"selector":{"id":"contractDetailReturnButton","viewName":"etm.portal.ui.managecontracts.view.Detail","interaction":{"idSuffix":"BDI-content"}},"wdio_ui5_key":"contractDetailReturnButtonetmportal.ui.managecontracts.view.Detail"}]}
RESULT: undefined
COMMAND: POST /session/04234d49f989df1d8cc66cbbd9ee498b/element - {"using":"xpath","value":"//*[@id=\"__xmlview2--contractDetailReturnButton\"]"}
RESULT: {"using":"xpath","value":"//*[@id=\"__xmlview2--contractDetailReturnButton\"]"}
COMMAND: POST /session/04234d49f989df1d8cc66cbbd9ee498b/element/f.9E73453283219C642BED86114F2A427E.d.D4A2409A6961FDAC69A10D83818AA812.e.18459/click - {}
RESULT: {}
COMMAND: POST /session/04234d49f989df1d8cc66cbbd9ee498b/execute/async - {"script":"<script> [1562 bytes]","args":[{"selector":{"id":"application-managehandovers-display-component---AddNewHO--dueDate","interaction":{"idSuffix":"inner"}},"wdio_ui5_key":"applicationmanagehandovers-display-component---AddNewHO--dueDate"}]}
COMMAND: GET /session/04234d49f989df1d8cc66cbbd9ee498b/screenshot - {}
RESULT: {"script":"<script> [1562 bytes]","args":[{"selector":{"id":"application-managehandovers-display-component---AddNewHO--dueDate","interaction":{"idSuffix":"inner"}},"wdio_ui5_key":"applicationmanagehandovers-display-component---AddNewHO--dueDate"}]}
RESULT: undefined
COMMAND: POST /session/04234d49f989df1d8cc66cbbd9ee498b/execute/async - {"script":"<script> [776 bytes]","args":[{"enterText":"05/03/25","selector":{"id":"application-managehandovers-display-component---AddNewHO--dueDate","interaction":{"idSuffix":"inner"}},"clearTextFirst":true,"interactionType":"ENTER_TEXT"}]}
RESULT: {}
RESULT: {"script":"<script> [776 bytes]","args":[{"enterText":"05/03/25","selector":{"id":"application-managehandovers-display-component---AddNewHO--dueDate","interaction":{"idSuffix":"inner"}},"clearTextFirst":true,"interactionType":"ENTER_TEXT"}]}
COMMAND: POST /session/04234d49f989df1d8cc66cbbd9ee498b/element - {"using":"xpath","value":"//bdi[contains(@id ,\"application-managehandovers-display-component---AddNewHO--ObjectPageLayout-anchBar-application-managehandovers-display-component---AddNewHO--section4-anchor-BDI-content\")]"}
RESULT: {"using":"xpath","value":"//bdi[contains(@id ,\"application-managehandovers-display-component---AddNewHO--ObjectPageLayout-anchBar-application-managehandovers-display-component---AddNewHO--section4-anchor-BDI-content\")]"}
COMMAND: POST /session/04234d49f989df1d8cc66cbbd9ee498b/element/f.9E73453283219C642BED86114F2A427E.d.D4A2409A6961FDAC69A10D83818AA812.e.18894/click - {}
RESULT: {}
COMMAND: GET /session/04234d49f989df1d8cc66cbbd9ee498b/screenshot - {}
RESULT: {}
COMMAND: POST /session/04234d49f989df1d8cc66cbbd9ee498b/element - {"using":"xpath","value":"//button[contains(@data-kt ,\"AddNewHOProvideAddItemsButton\")]"}
RESULT: {"using":"xpath","value":"//button[contains(@data-kt ,\"AddNewHOProvideAddItemsButton\")]"}
COMMAND: POST /session/04234d49f989df1d8cc66cbbd9ee498b/element/f.9E73453283219C642BED86114F2A427E.d.D4A2409A6961FDAC69A10D83818AA812.e.18699/click - {}
RESULT: {}
COMMAND: GET /session/04234d49f989df1d8cc66cbbd9ee498b/screenshot - {}
RESULT: {}
COMMAND: POST /session/04234d49f989df1d8cc66cbbd9ee498b/execute/async - {"script":"<script> [1562 bytes]","args":[{"selector":{"id":"application-managehandovers-display-component---AddNewHO--popup-sa","searchOpenDialogs":true,"interaction":{"idSuffix":"CbBg"}},"wdio_ui5_key":"applicationmanagehandovers-display-component---AddNewHO--popup-sa"}]}
RESULT: {"script":"<script> [1562 bytes]","args":[{"selector":{"id":"application-managehandovers-display-component---AddNewHO--popup-sa","searchOpenDialogs":true,"interaction":{"idSuffix":"CbBg"}},"wdio_ui5_key":"applicationmanagehandovers-display-component---AddNewHO--popup-sa"}]}
RESULT: undefined
COMMAND: POST /session/04234d49f989df1d8cc66cbbd9ee498b/element - {"using":"xpath","value":"//*[@id=\"application-managehandovers-display-component---AddNewHO--popup-sa\"]"}
RESULT: {"using":"xpath","value":"//*[@id=\"application-managehandovers-display-component---AddNewHO--popup-sa\"]"}
COMMAND: POST /session/04234d49f989df1d8cc66cbbd9ee498b/element/f.9E73453283219C642BED86114F2A427E.d.D4A2409A6961FDAC69A10D83818AA812.e.18913/click - {}
RESULT: {}
COMMAND: POST /session/04234d49f989df1d8cc66cbbd9ee498b/execute/async - {"script":"<script> [1562 bytes]","args":[{"selector":{"controlType":"sap.m.Button","viewName":"etm.portal.ui.managehandovers.view.AddNewHO","viewId":"application-managehandovers-display-component---AddNewHO","i18NText":{"propertyName":"text","key":"select"},"searchOpenDialogs":true,"interaction":{"idSuffix":"BDI-content"}},"wdio_ui5_key":"etmportal.ui.managehandovers.view.AddNewHOsap.m.Button{\"propertyName\":\"text\",\"key\":\"select\"}"}]}
COMMAND: GET /session/04234d49f989df1d8cc66cbbd9ee498b/screenshot - {}
RESULT: {"script":"<script> [1562 bytes]","args":[{"selector":{"controlType":"sap.m.Button","viewName":"etm.portal.ui.managehandovers.view.AddNewHO","viewId":"application-managehandovers-display-component---AddNewHO","i18NText":{"propertyName":"text","key":"select"},"searchOpenDialogs":true,"interaction":{"idSuffix":"BDI-content"}},"wdio_ui5_key":"etmportal.ui.managehandovers.view.AddNewHOsap.m.Button{\"propertyName\":\"text\",\"key\":\"select\"}"}]}
RESULT: undefined
COMMAND: POST /session/04234d49f989df1d8cc66cbbd9ee498b/element - {"using":"xpath","value":"//*[@id=\"__button60\"]"}
RESULT: {}
RESULT: {"using":"xpath","value":"//*[@id=\"__button60\"]"}
COMMAND: POST /session/04234d49f989df1d8cc66cbbd9ee498b/element/f.9E73453283219C642BED86114F2A427E.d.D4A2409A6961FDAC69A10D83818AA812.e.18916/click - {}
RESULT: {}
COMMAND: GET /session/04234d49f989df1d8cc66cbbd9ee498b/screenshot - {}
RESULT: {}
COMMAND: POST /session/04234d49f989df1d8cc66cbbd9ee498b/execute/async - {"script":"<script> [1562 bytes]","args":[{"selector":{"id":"application-managehandovers-display-component---AddNewHO--confirmCreationButton","interaction":{"idSuffix":"BDI-content"}},"wdio_ui5_key":"applicationmanagehandovers-display-component---AddNewHO--confirmCreationButton"}]}
RESULT: {"script":"<script> [1562 bytes]","args":[{"selector":{"id":"application-managehandovers-display-component---AddNewHO--confirmCreationButton","interaction":{"idSuffix":"BDI-content"}},"wdio_ui5_key":"applicationmanagehandovers-display-component---AddNewHO--confirmCreationButton"}]}
RESULT: undefined
COMMAND: POST /session/04234d49f989df1d8cc66cbbd9ee498b/element - {"using":"xpath","value":"//*[@id=\"application-managehandovers-display-component---AddNewHO--confirmCreationButton\"]"}
RESULT: {"using":"xpath","value":"//*[@id=\"application-managehandovers-display-component---AddNewHO--confirmCreationButton\"]"}
COMMAND: POST /session/04234d49f989df1d8cc66cbbd9ee498b/element/f.9E73453283219C642BED86114F2A427E.d.D4A2409A6961FDAC69A10D83818AA812.e.18706/click - {}
RESULT: {}
COMMAND: GET /session/04234d49f989df1d8cc66cbbd9ee498b/screenshot - {}
RESULT: {}
COMMAND: POST /session/04234d49f989df1d8cc66cbbd9ee498b/execute/async - {"script":"<script> [1562 bytes]","args":[{"selector":{"controlType":"sap.m.Text","viewName":"etm.portal.ui.managehandovers.view.DetailExecuteHO","bindingPath":{"propertyPath":"NO","modelName":"catalogModel"}},"wdio_ui5_key":"etmportal.ui.managehandovers.view.DetailExecuteHOsap.m.Text{\"propertyPath\":\"NO\",\"modelName\":\"catalogModel\"}"}]}
RESULT: {"script":"<script> [1562 bytes]","args":[{"selector":{"controlType":"sap.m.Text","viewName":"etm.portal.ui.managehandovers.view.DetailExecuteHO","bindingPath":{"propertyPath":"NO","modelName":"catalogModel"}},"wdio_ui5_key":"etmportal.ui.managehandovers.view.DetailExecuteHOsap.m.Text{\"propertyPath\":\"NO\",\"modelName\":\"catalogModel\"}"}]}
RESULT: undefined
COMMAND: POST /session/04234d49f989df1d8cc66cbbd9ee498b/execute/async - {"script":"<script> [6424 bytes]","args":[{"element-6066-11e4-a52e-4f735466cecf":"f.9E73453283219C642BED86114F2A427E.d.D4A2409A6961FDAC69A10D83818AA812.e.18970"},"getText",[]]}
RESULT: {"script":"<script> [6424 bytes]","args":[{"element-6066-11e4-a52e-4f735466cecf":"f.9E73453283219C642BED86114F2A427E.d.D4A2409A6961FDAC69A10D83818AA812.e.18970"},"getText",[]]}
COMMAND: POST /session/04234d49f989df1d8cc66cbbd9ee498b/element - {"using":"xpath","value":"//a[contains(@data-kt ,\"GeneralSectionSendContractLink\")]"}
RESULT: {"using":"xpath","value":"//a[contains(@data-kt ,\"GeneralSectionSendContractLink\")]"}
COMMAND: POST /session/04234d49f989df1d8cc66cbbd9ee498b/element/f.9E73453283219C642BED86114F2A427E.d.D4A2409A6961FDAC69A10D83818AA812.e.18971/click - {}
RESULT: {}
COMMAND: GET /session/04234d49f989df1d8cc66cbbd9ee498b/screenshot - {}
RESULT: {}
COMMAND: POST /session/04234d49f989df1d8cc66cbbd9ee498b/element - {"using":"xpath","value":"//a[contains(@data-kt ,\"ContextMenuId2Link\")]"}
RESULT: {"using":"xpath","value":"//a[contains(@data-kt ,\"ContextMenuId2Link\")]"}
COMMAND: POST /session/04234d49f989df1d8cc66cbbd9ee498b/elements - {"using":"xpath","value":"//a[contains(@data-kt ,\"ContextMenuId2Link\")]"}
RESULT: {"using":"xpath","value":"//a[contains(@data-kt ,\"ContextMenuId2Link\")]"}
COMMAND: POST /session/04234d49f989df1d8cc66cbbd9ee498b/element/f.9E73453283219C642BED86114F2A427E.d.D4A2409A6961FDAC69A10D83818AA812.e.18975/click - {}
RESULT: {}
COMMAND: GET /session/04234d49f989df1d8cc66cbbd9ee498b/screenshot - {}
RESULT: {}
COMMAND: POST /session/04234d49f989df1d8cc66cbbd9ee498b/execute/async - {"script":"<script> [1562 bytes]","args":[{"selector":{"controlType":"sap.m.Link","viewName":"etm.portal.ui.managehandovers.view.DetailExecuteHO","properties":{"text":"Contract Overview"},"searchOpenDialogs":true},"wdio_ui5_key":"etmportal.ui.managehandovers.view.DetailExecuteHOsap.m.Link{\"text\":\"Contract Overview\"}"}]}
RESULT: {"script":"<script> [1562 bytes]","args":[{"selector":{"controlType":"sap.m.Link","viewName":"etm.portal.ui.managehandovers.view.DetailExecuteHO","properties":{"text":"Contract Overview"},"searchOpenDialogs":true},"wdio_ui5_key":"etmportal.ui.managehandovers.view.DetailExecuteHOsap.m.Link{\"text\":\"Contract Overview\"}"}]}
RESULT: undefined
RESULT: undefined
COMMAND: POST /session/04234d49f989df1d8cc66cbbd9ee498b/execute/async - {"script":"<script> [6424 bytes]","args":[{"element-6066-11e4-a52e-4f735466cecf":"f.9E73453283219C642BED86114F2A427E.d.D4A2409A6961FDAC69A10D83818AA812.e.18580"},"getText",[]]}
COMMAND: POST /session/04234d49f989df1d8cc66cbbd9ee498b/execute/async - {"script":"<script> [1562 bytes]","args":[{"selector":{"controlType":"sap.m.ObjectStatus","viewName":"etm.portal.ui.managecontracts.view.Detail","bindingPath":{"propertyPath":"LINK_TO_LOGISTICAL_STATUS/DESCRIPTION","modelName":"catalogModel"}},"wdio_ui5_key":"etmportal.ui.managecontracts.view.Detailsap.m.ObjectStatus{\"propertyPath\":\"LINK_TO_LOGISTICAL_STATUS/DESCRIPTION\",\"modelName\":\"catalogModel\"}"}]}
RESULT: {"script":"<script> [1562 bytes]","args":[{"selector":{"controlType":"sap.m.ObjectStatus","viewName":"etm.portal.ui.managecontracts.view.Detail","bindingPath":{"propertyPath":"LINK_TO_LOGISTICAL_STATUS/DESCRIPTION","modelName":"catalogModel"}},"wdio_ui5_key":"etmportal.ui.managecontracts.view.Detailsap.m.ObjectStatus{\"propertyPath\":\"LINK_TO_LOGISTICAL_STATUS/DESCRIPTION\",\"modelName\":\"catalogModel\"}"}]}
COMMAND: POST /session/04234d49f989df1d8cc66cbbd9ee498b/execute/async - {"script":"<script> [6424 bytes]","args":[{"element-6066-11e4-a52e-4f735466cecf":"f.9E73453283219C642BED86114F2A427E.d.D4A2409A6961FDAC69A10D83818AA812.e.19199"},"getText",[]]}
RESULT: {"script":"<script> [6424 bytes]","args":[{"element-6066-11e4-a52e-4f735466cecf":"f.9E73453283219C642BED86114F2A427E.d.D4A2409A6961FDAC69A10D83818AA812.e.19199"},"getText",[]]}
RESULT: undefined
COMMAND: POST /session/04234d49f989df1d8cc66cbbd9ee498b/execute/async - {"script":"<script> [6424 bytes]","args":[{"element-6066-11e4-a52e-4f735466cecf":"f.9E73453283219C642BED86114F2A427E.d.D4A2409A6961FDAC69A10D83818AA812.e.18582"},"getText",[]]}
COMMAND: POST /session/04234d49f989df1d8cc66cbbd9ee498b/execute/async - {"script":"<script> [1562 bytes]","args":[{"selector":{"controlType":"sap.m.ObjectStatus","viewName":"etm.portal.ui.managecontracts.view.Detail","bindingPath":{"propertyPath":"LINK_TO_COMMERCIAL_STATUS/DESCRIPTION","modelName":"catalogModel"}},"wdio_ui5_key":"etmportal.ui.managecontracts.view.Detailsap.m.ObjectStatus{\"propertyPath\":\"LINK_TO_COMMERCIAL_STATUS/DESCRIPTION\",\"modelName\":\"catalogModel\"}"}]}
RESULT: {"script":"<script> [1562 bytes]","args":[{"selector":{"controlType":"sap.m.ObjectStatus","viewName":"etm.portal.ui.managecontracts.view.Detail","bindingPath":{"propertyPath":"LINK_TO_COMMERCIAL_STATUS/DESCRIPTION","modelName":"catalogModel"}},"wdio_ui5_key":"etmportal.ui.managecontracts.view.Detailsap.m.ObjectStatus{\"propertyPath\":\"LINK_TO_COMMERCIAL_STATUS/DESCRIPTION\",\"modelName\":\"catalogModel\"}"}]}
COMMAND: POST /session/04234d49f989df1d8cc66cbbd9ee498b/execute/async - {"script":"<script> [6424 bytes]","args":[{"element-6066-11e4-a52e-4f735466cecf":"f.9E73453283219C642BED86114F2A427E.d.D4A2409A6961FDAC69A10D83818AA812.e.19200"},"getText",[]]}
RESULT: {"script":"<script> [6424 bytes]","args":[{"element-6066-11e4-a52e-4f735466cecf":"f.9E73453283219C642BED86114F2A427E.d.D4A2409A6961FDAC69A10D83818AA812.e.19200"},"getText",[]]}
COMMAND: POST /session/04234d49f989df1d8cc66cbbd9ee498b/execute/async - {"script":"<script> [1562 bytes]","args":[{"selector":{"id":"backBtn"},"wdio_ui5_key":"backBtn"}]}
RESULT: {"script":"<script> [1562 bytes]","args":[{"selector":{"id":"backBtn"},"wdio_ui5_key":"backBtn"}]}
RESULT: undefined
COMMAND: POST /session/04234d49f989df1d8cc66cbbd9ee498b/element - {"using":"xpath","value":"//*[@id=\"backBtn\"]"}
RESULT: {"using":"xpath","value":"//*[@id=\"backBtn\"]"}
COMMAND: POST /session/04234d49f989df1d8cc66cbbd9ee498b/element/f.9E73453283219C642BED86114F2A427E.d.D4A2409A6961FDAC69A10D83818AA812.e.19201/click - {}
RESULT: {}
COMMAND: GET /session/04234d49f989df1d8cc66cbbd9ee498b/screenshot - {}
COMMAND: POST /session/04234d49f989df1d8cc66cbbd9ee498b/execute/async - {"script":"<script> [1562 bytes]","args":[{"selector":{"controlType":"sap.m.Button","viewName":"etm.portal.ui.managehandovers.view.DetailExecuteHO","i18NText":{"propertyName":"text","key":"confirmAll"},"interaction":{"idSuffix":"BDI-content"}},"wdio_ui5_key":"etmportal.ui.managehandovers.view.DetailExecuteHOsap.m.Button{\"propertyName\":\"text\",\"key\":\"confirmAll\"}"}]}
RESULT: {}
RESULT: {"script":"<script> [1562 bytes]","args":[{"selector":{"controlType":"sap.m.Button","viewName":"etm.portal.ui.managehandovers.view.DetailExecuteHO","i18NText":{"propertyName":"text","key":"confirmAll"},"interaction":{"idSuffix":"BDI-content"}},"wdio_ui5_key":"etmportal.ui.managehandovers.view.DetailExecuteHOsap.m.Button{\"propertyName\":\"text\",\"key\":\"confirmAll\"}"}]}
RESULT: undefined
COMMAND: POST /session/04234d49f989df1d8cc66cbbd9ee498b/element - {"using":"xpath","value":"//*[@id=\"__button143\"]"}
RESULT: {"using":"xpath","value":"//*[@id=\"__button143\"]"}
COMMAND: POST /session/04234d49f989df1d8cc66cbbd9ee498b/element/f.9E73453283219C642BED86114F2A427E.d.D4A2409A6961FDAC69A10D83818AA812.e.19517/click - {}
RESULT: {}
COMMAND: POST /session/04234d49f989df1d8cc66cbbd9ee498b/execute/async - {"script":"<script> [1562 bytes]","args":[{"selector":{"controlType":"sap.m.Button","properties":{"text":"OK"},"searchOpenDialogs":true,"interaction":{"idSuffix":"BDI-content"}},"wdio_ui5_key":"sapm.Button{\"text\":\"OK\"}"}]}
COMMAND: GET /session/04234d49f989df1d8cc66cbbd9ee498b/screenshot - {}
RESULT: {"script":"<script> [1562 bytes]","args":[{"selector":{"controlType":"sap.m.Button","properties":{"text":"OK"},"searchOpenDialogs":true,"interaction":{"idSuffix":"BDI-content"}},"wdio_ui5_key":"sapm.Button{\"text\":\"OK\"}"}]}
RESULT: undefined
COMMAND: POST /session/04234d49f989df1d8cc66cbbd9ee498b/element - {"using":"xpath","value":"//*[@id=\"__mbox-btn-0\"]"}
RESULT: {}
RESULT: {"using":"xpath","value":"//*[@id=\"__mbox-btn-0\"]"}
COMMAND: POST /session/04234d49f989df1d8cc66cbbd9ee498b/element/f.9E73453283219C642BED86114F2A427E.d.D4A2409A6961FDAC69A10D83818AA812.e.19518/click - {}
RESULT: {}
COMMAND: GET /session/04234d49f989df1d8cc66cbbd9ee498b/screenshot - {}
RESULT: {}
COMMAND: POST /session/04234d49f989df1d8cc66cbbd9ee498b/element - {"using":"xpath","value":"//button[contains(@data-kt ,\"execHoIssueFooterButton\")]"}
RESULT: {"using":"xpath","value":"//button[contains(@data-kt ,\"execHoIssueFooterButton\")]"}
COMMAND: POST /session/04234d49f989df1d8cc66cbbd9ee498b/element/f.9E73453283219C642BED86114F2A427E.d.D4A2409A6961FDAC69A10D83818AA812.e.19521/click - {}
RESULT: {}
COMMAND: GET /session/04234d49f989df1d8cc66cbbd9ee498b/screenshot - {}
RESULT: {}
COMMAND: POST /session/04234d49f989df1d8cc66cbbd9ee498b/refresh - {}
RESULT: {}
COMMAND: GET /session/04234d49f989df1d8cc66cbbd9ee498b/screenshot - {}
RESULT: {}
COMMAND: POST /session/04234d49f989df1d8cc66cbbd9ee498b/refresh - {}
RESULT: {}
COMMAND: GET /session/04234d49f989df1d8cc66cbbd9ee498b/screenshot - {}
RESULT: {}
COMMAND: POST /session/04234d49f989df1d8cc66cbbd9ee498b/window/fullscreen - {}
RESULT: {}
COMMAND: POST /session/04234d49f989df1d8cc66cbbd9ee498b/execute/async - {"script":"<script> [189 bytes]","args":[]}
RESULT: {"script":"<script> [189 bytes]","args":[]}
COMMAND: POST /session/04234d49f989df1d8cc66cbbd9ee498b/execute/async - {"script":"<script> [123 bytes]","args":[]}
RESULT: {"script":"<script> [123 bytes]","args":[]}
COMMAND: POST /session/04234d49f989df1d8cc66cbbd9ee498b/timeouts - {"script":"<number>"}
RESULT: {"script":"<number>"}
COMMAND: GET /session/04234d49f989df1d8cc66cbbd9ee498b/timeouts - {}
RESULT: {}
RESULT: undefined
COMMAND: POST /session/04234d49f989df1d8cc66cbbd9ee498b/execute/async - {"script":"<script> [2676 bytes]","args":[]}
RESULT: {"script":"<script> [2676 bytes]","args":[]}
COMMAND: POST /session/04234d49f989df1d8cc66cbbd9ee498b/execute/async - {"script":"<script> [2342 bytes]","args":[{"protocol":"http","hostname":"0.0.0.0","path":"/","capabilities":{"browserName":"chrome","goog:chromeOptions":{"binary":"C:\\Program Files\\Google\\Chrome\\Application\\chrome.exe","args":["--start-maximized"]}},"logLevel":"warn","connectionRetryTimeout":120000,"connectionRetryCount":3,"logLevels":{},"enableDirectConnect":true,"strictSSL":true,"_":"65 more keys: [\"cacheDir\",\"port\",\"requestedCapabilities\",\"automationProtocol\",\"baseUrl\",\"waitforInterval\",\"waitforTimeout\",\"onReload\",\"beforeCommand\",\"afterCommand\",\"rootDir\",\"specs\",\"suites\",\"exclude\",\"groupLogsByTestSpec\",\"excludeDriverLogs\",\"bail\",\"framework\",\"reporters\",\"services\",\"maxInstances\",\"maxInstancesPerCapability\",\"injectGlobals\",\"filesToWatch\",\"execArgv\",\"runnerEnv\",\"runner\",\"shard\",\"specFileRetries\",\"specFileRetriesDelay\",\"specFileRetriesDeferred\",\"reporterSyncInterval\",\"reporterSyncTimeout\",\"cucumberFeaturesWithLineNumbers\",\"autoCompileOpts\",\"mochaOpts\",\"jasmineOpts\",\"cucumberOpts\",\"onPrepare\",\"onWorkerStart\",\"onWorkerEnd\",\"before\",\"beforeSession\",\"beforeSuite\",\"beforeHook\",\"beforeTest\",\"afterTest\",\"afterHook\",\"afterSuite\",\"afterSession\",\"after\",\"onComplete\",\"beforeAssertion\",\"afterAssertion\",\"beforeFeature\",\"beforeScenario\",\"beforeStep\",\"afterStep\",\"afterScenario\",\"afterFeature\",\"_\",\"suite\",\"$0\",\"ignoredWorkerServices\",\"wdi5\"]"}]}
RESULT: {"script":"<script> [2342 bytes]","args":[{"protocol":"http","hostname":"0.0.0.0","path":"/","capabilities":{"browserName":"chrome","goog:chromeOptions":{"binary":"C:\\Program Files\\Google\\Chrome\\Application\\chrome.exe","args":["--start-maximized"]}},"logLevel":"warn","connectionRetryTimeout":120000,"connectionRetryCount":3,"logLevels":{},"enableDirectConnect":true,"strictSSL":true,"_":"65 more keys: [\"cacheDir\",\"port\",\"requestedCapabilities\",\"automationProtocol\",\"baseUrl\",\"waitforInterval\",\"waitforTimeout\",\"onReload\",\"beforeCommand\",\"afterCommand\",\"rootDir\",\"specs\",\"suites\",\"exclude\",\"groupLogsByTestSpec\",\"excludeDriverLogs\",\"bail\",\"framework\",\"reporters\",\"services\",\"maxInstances\",\"maxInstancesPerCapability\",\"injectGlobals\",\"filesToWatch\",\"execArgv\",\"runnerEnv\",\"runner\",\"shard\",\"specFileRetries\",\"specFileRetriesDelay\",\"specFileRetriesDeferred\",\"reporterSyncInterval\",\"reporterSyncTimeout\",\"cucumberFeaturesWithLineNumbers\",\"autoCompileOpts\",\"mochaOpts\",\"jasmineOpts\",\"cucumberOpts\",\"onPrepare\",\"onWorkerStart\",\"onWorkerEnd\",\"before\",\"beforeSession\",\"beforeSuite\",\"beforeHook\",\"beforeTest\",\"afterTest\",\"afterHook\",\"afterSuite\",\"afterSession\",\"after\",\"onComplete\",\"beforeAssertion\",\"afterAssertion\",\"beforeFeature\",\"beforeScenario\",\"beforeStep\",\"afterStep\",\"afterScenario\",\"afterFeature\",\"_\",\"suite\",\"$0\",\"ignoredWorkerServices\",\"wdi5\"]"}]}
COMMAND: POST /session/04234d49f989df1d8cc66cbbd9ee498b/execute/async - {"script":"<script> [21126 bytes]","args":[35000]}
RESULT: {"script":"<script> [21126 bytes]","args":[35000]}
COMMAND: POST /session/04234d49f989df1d8cc66cbbd9ee498b/execute/async - {"script":"<script> [1562 bytes]","args":[{"selector":{"controlType":"sap.m.SearchField","viewName":"etm.portal.ui.managehandovers.view.MasterHO","bindingPath":{"path":"","propertyPath":"/_BASIC_SEARCH_FIELD","modelName":"fi1t3rM0d31"},"interaction":{"idSuffix":"I"}},"wdio_ui5_key":"etmportal.ui.managehandovers.view.MasterHOsap.m.SearchField{\"path\":\"\",\"propertyPath\":\"/_BASIC_SEARCH_FIELD\",\"modelName\":\"fi1t3rM0d31\"}"}]}
RESULT: {"script":"<script> [1562 bytes]","args":[{"selector":{"controlType":"sap.m.SearchField","viewName":"etm.portal.ui.managehandovers.view.MasterHO","bindingPath":{"path":"","propertyPath":"/_BASIC_SEARCH_FIELD","modelName":"fi1t3rM0d31"},"interaction":{"idSuffix":"I"}},"wdio_ui5_key":"etmportal.ui.managehandovers.view.MasterHOsap.m.SearchField{\"path\":\"\",\"propertyPath\":\"/_BASIC_SEARCH_FIELD\",\"modelName\":\"fi1t3rM0d31\"}"}]}
RESULT: undefined
COMMAND: POST /session/04234d49f989df1d8cc66cbbd9ee498b/execute/async - {"script":"<script> [776 bytes]","args":[{"enterText":"30732","selector":{"controlType":"sap.m.SearchField","viewName":"etm.portal.ui.managehandovers.view.MasterHO","bindingPath":{"path":"","propertyPath":"/_BASIC_SEARCH_FIELD","modelName":"fi1t3rM0d31"},"interaction":{"idSuffix":"I"}},"clearTextFirst":true,"interactionType":"ENTER_TEXT"}]}
RESULT: {"script":"<script> [776 bytes]","args":[{"enterText":"30732","selector":{"controlType":"sap.m.SearchField","viewName":"etm.portal.ui.managehandovers.view.MasterHO","bindingPath":{"path":"","propertyPath":"/_BASIC_SEARCH_FIELD","modelName":"fi1t3rM0d31"},"interaction":{"idSuffix":"I"}},"clearTextFirst":true,"interactionType":"ENTER_TEXT"}]}
COMMAND: POST /session/04234d49f989df1d8cc66cbbd9ee498b/actions - {"actions":[{"id":"action85","type":"key","parameters":{},"actions":[{"type":"keyDown","value":"î€‡"},{"type":"pause","duration":10},{"type":"keyUp","value":"î€‡"}]}]}
RESULT: {"actions":[{"id":"action85","type":"key","parameters":{},"actions":[{"type":"keyDown","value":"î€‡"},{"type":"pause","duration":10},{"type":"keyUp","value":"î€‡"}]}]}
COMMAND: GET /session/04234d49f989df1d8cc66cbbd9ee498b/screenshot - {}
RESULT: {}
COMMAND: POST /session/04234d49f989df1d8cc66cbbd9ee498b/execute/async - {"script":"<script> [1562 bytes]","args":[{"selector":{"controlType":"sap.m.Title","viewName":"etm.portal.ui.managehandovers.view.MasterHO","properties":{"text":"Records (1)"}},"wdio_ui5_key":"etmportal.ui.managehandovers.view.MasterHOsap.m.Title{\"text\":\"Records (1)\"}"}]}
RESULT: {"script":"<script> [1562 bytes]","args":[{"selector":{"controlType":"sap.m.Title","viewName":"etm.portal.ui.managehandovers.view.MasterHO","properties":{"text":"Records (1)"}},"wdio_ui5_key":"etmportal.ui.managehandovers.view.MasterHOsap.m.Title{\"text\":\"Records (1)\"}"}]}
RESULT: undefined
COMMAND: POST /session/04234d49f989df1d8cc66cbbd9ee498b/execute/async - {"script":"<script> [6424 bytes]","args":[{"element-6066-11e4-a52e-4f735466cecf":"f.9E73453283219C642BED86114F2A427E.d.2A870B5719EAA9BF3BC2CB2113B1DBA1.e.19698"},"getText",[]]}
RESULT: {"script":"<script> [6424 bytes]","args":[{"element-6066-11e4-a52e-4f735466cecf":"f.9E73453283219C642BED86114F2A427E.d.2A870B5719EAA9BF3BC2CB2113B1DBA1.e.19698"},"getText",[]]}
COMMAND: POST /session/04234d49f989df1d8cc66cbbd9ee498b/execute/async - {"script":"<script> [1562 bytes]","args":[{"selector":{"controlType":"sap.ui.core.Icon","viewName":"etm.portal.ui.managehandovers.view.MasterHO","properties":{"src":{"regex":{"source":"slim\\-arrow\\-right"}}}},"wdio_ui5_key":"etmportal.ui.managehandovers.view.MasterHOsap.ui.core.Icon{\"src\":{\"regex\":{\"source\":\"slim\\\\-arrow\\\\-right\"}}}"}]}
RESULT: {"script":"<script> [1562 bytes]","args":[{"selector":{"controlType":"sap.ui.core.Icon","viewName":"etm.portal.ui.managehandovers.view.MasterHO","properties":{"src":{"regex":{"source":"slim\\-arrow\\-right"}}}},"wdio_ui5_key":"etmportal.ui.managehandovers.view.MasterHOsap.ui.core.Icon{\"src\":{\"regex\":{\"source\":\"slim\\\\-arrow\\\\-right\"}}}"}]}
RESULT: undefined
COMMAND: POST /session/04234d49f989df1d8cc66cbbd9ee498b/element - {"using":"xpath","value":"//*[@id=\"__item28-__clone16-imgNav\"]"}
RESULT: {"using":"xpath","value":"//*[@id=\"__item28-__clone16-imgNav\"]"}
COMMAND: POST /session/04234d49f989df1d8cc66cbbd9ee498b/element/f.9E73453283219C642BED86114F2A427E.d.2A870B5719EAA9BF3BC2CB2113B1DBA1.e.19697/click - {}
RESULT: {}
COMMAND: GET /session/04234d49f989df1d8cc66cbbd9ee498b/screenshot - {}
RESULT: {}
COMMAND: POST /session/04234d49f989df1d8cc66cbbd9ee498b/execute/async - {"script":"<script> [1562 bytes]","args":[{"selector":{"controlType":"sap.m.ObjectStatus","viewName":"etm.portal.ui.managehandovers.view.DetailManageHO","viewId":"application-managehandovers-display-component---detailManageHO","labelFor":{"text":"Status"}},"wdio_ui5_key":"etmportal.ui.managehandovers.view.DetailManageHOsap.m.ObjectStatus{\"text\":\"Status\"}"}]}
RESULT: {"script":"<script> [1562 bytes]","args":[{"selector":{"controlType":"sap.m.ObjectStatus","viewName":"etm.portal.ui.managehandovers.view.DetailManageHO","viewId":"application-managehandovers-display-component---detailManageHO","labelFor":{"text":"Status"}},"wdio_ui5_key":"etmportal.ui.managehandovers.view.DetailManageHOsap.m.ObjectStatus{\"text\":\"Status\"}"}]}
RESULT: undefined
COMMAND: POST /session/04234d49f989df1d8cc66cbbd9ee498b/execute/async - {"script":"<script> [6424 bytes]","args":[{"element-6066-11e4-a52e-4f735466cecf":"f.9E73453283219C642BED86114F2A427E.d.2A870B5719EAA9BF3BC2CB2113B1DBA1.e.19785"},"getText",[]]}
RESULT: {"script":"<script> [6424 bytes]","args":[{"element-6066-11e4-a52e-4f735466cecf":"f.9E73453283219C642BED86114F2A427E.d.2A870B5719EAA9BF3BC2CB2113B1DBA1.e.19785"},"getText",[]]}
COMMAND: POST /session/04234d49f989df1d8cc66cbbd9ee498b/element - {"using":"xpath","value":"//a[contains(@data-kt ,\"GeneralSectionSendContractLink\")]"}
RESULT: {"using":"xpath","value":"//a[contains(@data-kt ,\"GeneralSectionSendContractLink\")]"}
COMMAND: POST /session/04234d49f989df1d8cc66cbbd9ee498b/element/f.9E73453283219C642BED86114F2A427E.d.2A870B5719EAA9BF3BC2CB2113B1DBA1.e.19786/click - {}
RESULT: {}
COMMAND: GET /session/04234d49f989df1d8cc66cbbd9ee498b/screenshot - {}
RESULT: {}
COMMAND: POST /session/04234d49f989df1d8cc66cbbd9ee498b/elements - {"using":"xpath","value":"//a[contains(@data-kt ,\"ContextMenuId2Link\")]"}
RESULT: {"using":"xpath","value":"//a[contains(@data-kt ,\"ContextMenuId2Link\")]"}
COMMAND: POST /session/04234d49f989df1d8cc66cbbd9ee498b/element/f.9E73453283219C642BED86114F2A427E.d.D4A2409A6961FDAC69A10D83818AA812.e.18975/click - {}
COMMAND: POST /session/04234d49f989df1d8cc66cbbd9ee498b/element - {"using":"xpath","value":"//a[contains(@data-kt ,\"ContextMenuId2Link\")]"}
RESULT: {"using":"xpath","value":"//a[contains(@data-kt ,\"ContextMenuId2Link\")]"}
COMMAND: POST /session/04234d49f989df1d8cc66cbbd9ee498b/element/f.9E73453283219C642BED86114F2A427E.d.D4A2409A6961FDAC69A10D83818AA812.e.18975/click - {}
COMMAND: POST /session/04234d49f989df1d8cc66cbbd9ee498b/element - {"using":"xpath","value":"//a[contains(@data-kt ,\"ContextMenuId2Link\")]"}
RESULT: {"using":"xpath","value":"//a[contains(@data-kt ,\"ContextMenuId2Link\")]"}
COMMAND: POST /session/04234d49f989df1d8cc66cbbd9ee498b/element/f.9E73453283219C642BED86114F2A427E.d.2A870B5719EAA9BF3BC2CB2113B1DBA1.e.19789/click - {}
RESULT: {}
COMMAND: GET /session/04234d49f989df1d8cc66cbbd9ee498b/screenshot - {}
RESULT: {}
COMMAND: POST /session/04234d49f989df1d8cc66cbbd9ee498b/execute/async - {"script":"<script> [1562 bytes]","args":[{"selector":{"controlType":"sap.m.ObjectStatus","viewName":"etm.portal.ui.managecontracts.view.Detail","bindingPath":{"propertyPath":"LINK_TO_COMMERCIAL_STATUS/DESCRIPTION","modelName":"catalogModel"}},"wdio_ui5_key":"etmportal.ui.managecontracts.view.Detailsap.m.ObjectStatus{\"propertyPath\":\"LINK_TO_COMMERCIAL_STATUS/DESCRIPTION\",\"modelName\":\"catalogModel\"}"}]}
RESULT: {"script":"<script> [1562 bytes]","args":[{"selector":{"controlType":"sap.m.ObjectStatus","viewName":"etm.portal.ui.managecontracts.view.Detail","bindingPath":{"propertyPath":"LINK_TO_COMMERCIAL_STATUS/DESCRIPTION","modelName":"catalogModel"}},"wdio_ui5_key":"etmportal.ui.managecontracts.view.Detailsap.m.ObjectStatus{\"propertyPath\":\"LINK_TO_COMMERCIAL_STATUS/DESCRIPTION\",\"modelName\":\"catalogModel\"}"}]}
RESULT: undefined
COMMAND: POST /session/04234d49f989df1d8cc66cbbd9ee498b/execute/async - {"script":"<script> [6424 bytes]","args":[{"element-6066-11e4-a52e-4f735466cecf":"f.9E73453283219C642BED86114F2A427E.d.2A870B5719EAA9BF3BC2CB2113B1DBA1.e.20016"},"getText",[]]}
RESULT: {"script":"<script> [6424 bytes]","args":[{"element-6066-11e4-a52e-4f735466cecf":"f.9E73453283219C642BED86114F2A427E.d.2A870B5719EAA9BF3BC2CB2113B1DBA1.e.20016"},"getText",[]]}
COMMAND: POST /session/04234d49f989df1d8cc66cbbd9ee498b/execute/async - {"script":"<script> [1562 bytes]","args":[{"selector":{"controlType":"sap.m.ObjectStatus","viewName":"etm.portal.ui.managecontracts.view.Detail","bindingPath":{"propertyPath":"LINK_TO_LOGISTICAL_STATUS/DESCRIPTION","modelName":"catalogModel"}},"wdio_ui5_key":"etmportal.ui.managecontracts.view.Detailsap.m.ObjectStatus{\"propertyPath\":\"LINK_TO_LOGISTICAL_STATUS/DESCRIPTION\",\"modelName\":\"catalogModel\"}"}]}
RESULT: {"script":"<script> [1562 bytes]","args":[{"selector":{"controlType":"sap.m.ObjectStatus","viewName":"etm.portal.ui.managecontracts.view.Detail","bindingPath":{"propertyPath":"LINK_TO_LOGISTICAL_STATUS/DESCRIPTION","modelName":"catalogModel"}},"wdio_ui5_key":"etmportal.ui.managecontracts.view.Detailsap.m.ObjectStatus{\"propertyPath\":\"LINK_TO_LOGISTICAL_STATUS/DESCRIPTION\",\"modelName\":\"catalogModel\"}"}]}
RESULT: undefined
COMMAND: POST /session/04234d49f989df1d8cc66cbbd9ee498b/execute/async - {"script":"<script> [6424 bytes]","args":[{"element-6066-11e4-a52e-4f735466cecf":"f.9E73453283219C642BED86114F2A427E.d.2A870B5719EAA9BF3BC2CB2113B1DBA1.e.20017"},"getText",[]]}
RESULT: {"script":"<script> [6424 bytes]","args":[{"element-6066-11e4-a52e-4f735466cecf":"f.9E73453283219C642BED86114F2A427E.d.2A870B5719EAA9BF3BC2CB2113B1DBA1.e.20017"},"getText",[]]}
COMMAND: POST /session/04234d49f989df1d8cc66cbbd9ee498b/element - {"using":"xpath","value":"//button[@data-kt=\"contractDetailEditBtnButton\"]"}
RESULT: {"using":"xpath","value":"//button[@data-kt=\"contractDetailEditBtnButton\"]"}
COMMAND: POST /session/04234d49f989df1d8cc66cbbd9ee498b/element/f.9E73453283219C642BED86114F2A427E.d.2A870B5719EAA9BF3BC2CB2113B1DBA1.e.19852/click - {}
RESULT: {}
COMMAND: GET /session/04234d49f989df1d8cc66cbbd9ee498b/screenshot - {}
RESULT: {}
COMMAND: POST /session/04234d49f989df1d8cc66cbbd9ee498b/element - {"using":"xpath","value":"(//span[contains(text(), \"Additional Addresses\")])[2]"}
RESULT: {"using":"xpath","value":"(//span[contains(text(), \"Additional Addresses\")])[2]"}
COMMAND: POST /session/04234d49f989df1d8cc66cbbd9ee498b/element/f.9E73453283219C642BED86114F2A427E.d.2A870B5719EAA9BF3BC2CB2113B1DBA1.e.20077/click - {}
RESULT: {}
COMMAND: GET /session/04234d49f989df1d8cc66cbbd9ee498b/screenshot - {}
RESULT: {}
COMMAND: POST /session/04234d49f989df1d8cc66cbbd9ee498b/element - {"using":"xpath","value":"//button[@data-kt=\"btnAddTableRowOverflowToolbarButton\"]"}
RESULT: {"using":"xpath","value":"//button[@data-kt=\"btnAddTableRowOverflowToolbarButton\"]"}
COMMAND: POST /session/04234d49f989df1d8cc66cbbd9ee498b/element/f.9E73453283219C642BED86114F2A427E.d.2A870B5719EAA9BF3BC2CB2113B1DBA1.e.20079/click - {}
RESULT: {}
COMMAND: GET /session/04234d49f989df1d8cc66cbbd9ee498b/screenshot - {}
RESULT: {}
COMMAND: POST /session/04234d49f989df1d8cc66cbbd9ee498b/element - {"using":"xpath","value":"//div[(text() = 'Standard Entry' or . = 'Standard Entry')]"}
RESULT: {"using":"xpath","value":"//div[(text() = 'Standard Entry' or . = 'Standard Entry')]"}
COMMAND: POST /session/04234d49f989df1d8cc66cbbd9ee498b/element/f.9E73453283219C642BED86114F2A427E.d.2A870B5719EAA9BF3BC2CB2113B1DBA1.e.20081/click - {}
RESULT: {}
COMMAND: POST /session/04234d49f989df1d8cc66cbbd9ee498b/execute/async - {"script":"<script> [1562 bytes]","args":[{"selector":{"controlType":"sap.ui.core.Icon","viewName":"etm.portal.ui.managecontracts.view.EditContract","properties":{"src":{"regex":{"source":"slim\\-arrow\\-down"}}},"ancestor":{"controlType":"sap.m.ComboBox","viewName":"etm.portal.ui.managecontracts.view.EditContract","bindingPath":{"propertyPath":"RU_TYPE","modelName":"catalogModel"}}},"wdio_ui5_key":"etmportal.ui.managecontracts.view.EditContractsap.ui.core.Icon{\"src\":{\"regex\":{\"source\":\"slim\\\\-arrow\\\\-down\"}}}{\"controlType\":\"sap.m.ComboBox\",\"viewName\":\"etm.portal.ui.managecontracts.view.EditContract\",\"bindingPath\":{\"propertyPath\":\"RU_TYPE\",\"modelName\":\"catalogModel\"}}"}]}
COMMAND: GET /session/04234d49f989df1d8cc66cbbd9ee498b/screenshot - {}
RESULT: {"script":"<script> [1562 bytes]","args":[{"selector":{"controlType":"sap.ui.core.Icon","viewName":"etm.portal.ui.managecontracts.view.EditContract","properties":{"src":{"regex":{"source":"slim\\-arrow\\-down"}}},"ancestor":{"controlType":"sap.m.ComboBox","viewName":"etm.portal.ui.managecontracts.view.EditContract","bindingPath":{"propertyPath":"RU_TYPE","modelName":"catalogModel"}}},"wdio_ui5_key":"etmportal.ui.managecontracts.view.EditContractsap.ui.core.Icon{\"src\":{\"regex\":{\"source\":\"slim\\\\-arrow\\\\-down\"}}}{\"controlType\":\"sap.m.ComboBox\",\"viewName\":\"etm.portal.ui.managecontracts.view.EditContract\",\"bindingPath\":{\"propertyPath\":\"RU_TYPE\",\"modelName\":\"catalogModel\"}}"}]}
RESULT: undefined
COMMAND: POST /session/04234d49f989df1d8cc66cbbd9ee498b/element - {"using":"xpath","value":"//*[@id=\"__box19-arrow\"]"}
RESULT: {}
RESULT: {"using":"xpath","value":"//*[@id=\"__box19-arrow\"]"}
COMMAND: POST /session/04234d49f989df1d8cc66cbbd9ee498b/element/f.9E73453283219C642BED86114F2A427E.d.2A870B5719EAA9BF3BC2CB2113B1DBA1.e.20096/click - {}
RESULT: {}
COMMAND: POST /session/04234d49f989df1d8cc66cbbd9ee498b/execute/async - {"script":"<script> [1562 bytes]","args":[{"selector":{"controlType":"sap.m.StandardListItem","viewName":"etm.portal.ui.managecontracts.view.EditContract","properties":{"title":"Material"},"searchOpenDialogs":true,"interaction":{"idSuffix":"content"}},"wdio_ui5_key":"etmportal.ui.managecontracts.view.EditContractsap.m.StandardListItem{\"title\":\"Material\"}"}]}
COMMAND: GET /session/04234d49f989df1d8cc66cbbd9ee498b/screenshot - {}
RESULT: {"script":"<script> [1562 bytes]","args":[{"selector":{"controlType":"sap.m.StandardListItem","viewName":"etm.portal.ui.managecontracts.view.EditContract","properties":{"title":"Material"},"searchOpenDialogs":true,"interaction":{"idSuffix":"content"}},"wdio_ui5_key":"etmportal.ui.managecontracts.view.EditContractsap.m.StandardListItem{\"title\":\"Material\"}"}]}
RESULT: undefined
COMMAND: POST /session/04234d49f989df1d8cc66cbbd9ee498b/element - {"using":"xpath","value":"//*[@id=\"__item94\"]"}
RESULT: {}
RESULT: {"using":"xpath","value":"//*[@id=\"__item94\"]"}
COMMAND: POST /session/04234d49f989df1d8cc66cbbd9ee498b/element/f.9E73453283219C642BED86114F2A427E.d.2A870B5719EAA9BF3BC2CB2113B1DBA1.e.20099/click - {}
RESULT: {}
COMMAND: POST /session/04234d49f989df1d8cc66cbbd9ee498b/element - {"using":"xpath","value":"//td[7]/div/div/input"}
COMMAND: GET /session/04234d49f989df1d8cc66cbbd9ee498b/screenshot - {}
RESULT: {"using":"xpath","value":"//td[7]/div/div/input"}
COMMAND: POST /session/04234d49f989df1d8cc66cbbd9ee498b/element/f.9E73453283219C642BED86114F2A427E.d.2A870B5719EAA9BF3BC2CB2113B1DBA1.e.20102/clear - {}
RESULT: {}
RESULT: {}
COMMAND: POST /session/04234d49f989df1d8cc66cbbd9ee498b/element/f.9E73453283219C642BED86114F2A427E.d.2A870B5719EAA9BF3BC2CB2113B1DBA1.e.20102/value - {"text":"WebdriverRUR2Cgsvsk"}
COMMAND: GET /session/04234d49f989df1d8cc66cbbd9ee498b/screenshot - {}
RESULT: {"text":"WebdriverRUR2Cgsvsk"}
COMMAND: GET /session/04234d49f989df1d8cc66cbbd9ee498b/screenshot - {}
RESULT: {}
RESULT: {}
COMMAND: POST /session/04234d49f989df1d8cc66cbbd9ee498b/actions - {"actions":[{"id":"action86","type":"key","parameters":{},"actions":[{"type":"keyDown","value":"î€‡"},{"type":"pause","duration":10},{"type":"keyUp","value":"î€‡"}]}]}
RESULT: {"actions":[{"id":"action86","type":"key","parameters":{},"actions":[{"type":"keyDown","value":"î€‡"},{"type":"pause","duration":10},{"type":"keyUp","value":"î€‡"}]}]}
COMMAND: GET /session/04234d49f989df1d8cc66cbbd9ee498b/screenshot - {}
RESULT: {}
COMMAND: POST /session/04234d49f989df1d8cc66cbbd9ee498b/element - {"using":"xpath","value":"//button[@data-kt=\"saveButton\"]"}
RESULT: {"using":"xpath","value":"//button[@data-kt=\"saveButton\"]"}
COMMAND: POST /session/04234d49f989df1d8cc66cbbd9ee498b/element/f.9E73453283219C642BED86114F2A427E.d.2A870B5719EAA9BF3BC2CB2113B1DBA1.e.20124/click - {}
RESULT: {}
COMMAND: GET /session/04234d49f989df1d8cc66cbbd9ee498b/screenshot - {}
RESULT: {}
RESULT: undefined
COMMAND: POST /session/04234d49f989df1d8cc66cbbd9ee498b/execute/async - {"script":"<script> [6424 bytes]","args":[{"element-6066-11e4-a52e-4f735466cecf":"f.9E73453283219C642BED86114F2A427E.d.2A870B5719EAA9BF3BC2CB2113B1DBA1.e.20017"},"getText",[]]}
RESULT: {"script":"<script> [6424 bytes]","args":[{"element-6066-11e4-a52e-4f735466cecf":"f.9E73453283219C642BED86114F2A427E.d.2A870B5719EAA9BF3BC2CB2113B1DBA1.e.20017"},"getText",[]]}
COMMAND: DELETE /session/04234d49f989df1d8cc66cbbd9ee498b - {}
RESULT: {}
]]></system-out>
    </testcase>
  </testsuite>
</testsuites>