<?xml version="1.0" encoding="UTF-8"?>
<testsuites tests="9" failures="1" errors="1" skipped="0">
  <testsuite timestamp="2025-05-31T17:58:01" time="820.485" tests="9" failures="1" errors="1" skipped="0">
    <properties>
      <property name="specId" value="0"/>
      <property name="suiteName" value="Address Management Tests US156181 US151165 US151160 US156180 US156178 US151157 US151172 US151170 US151166 US151168"/>
      <property name="capabilities" value="chrome.136_0_7103_93.windows"/>
      <property name="file" value="file:///D:/a/1/s/test/specs/BTS/address-management.spec.js"/>
    </properties>
    <testcase classname="chrome.136_0_7103_93.windows.Address_Management_Tests_US156181_US151165_US151160_US156180_US156178_US151157_US151172_US151170_US151166_US151168" name="Step 1 Will check existence of address created with generated name if none then we create US156181" time="88.186">
      <system-out><![CDATA[
COMMAND: POST /session/6972a1617f123e1ed63add18ccdcaeb3/execute/async - {"script":"<script> [1562 bytes]","args":[{"selector":{"controlType":"sap.m.GenericTile","properties":{"header":"Address Management"}},"wdio_ui5_key":"sapm.GenericTile{\"header\":\"Address Management\"}"}]}
RESULT: {"script":"<script> [1562 bytes]","args":[{"selector":{"controlType":"sap.m.GenericTile","properties":{"header":"Address Management"}},"wdio_ui5_key":"sapm.GenericTile{\"header\":\"Address Management\"}"}]}
RESULT: undefined
COMMAND: POST /session/6972a1617f123e1ed63add18ccdcaeb3/element - {"using":"xpath","value":"//*[@id=\"__tile33\"]"}
RESULT: {"using":"xpath","value":"//*[@id=\"__tile33\"]"}
COMMAND: POST /session/6972a1617f123e1ed63add18ccdcaeb3/element/f.9349F0344C151F4717E5B92144CF4C98.d.DB1DFE40C0F47033A3E72D8AA42470A4.e.212/click - {}
RESULT: {}
COMMAND: GET /session/6972a1617f123e1ed63add18ccdcaeb3/screenshot - {}
RESULT: {}
COMMAND: POST /session/6972a1617f123e1ed63add18ccdcaeb3/elements - {"using":"xpath","value":"//span[text()='Error']"}
RESULT: {"using":"xpath","value":"//span[text()='Error']"}
COMMAND: POST /session/6972a1617f123e1ed63add18ccdcaeb3/element - {"using":"xpath","value":"//button[@data-kt=\"addButton\"]"}
RESULT: {"using":"xpath","value":"//button[@data-kt=\"addButton\"]"}
COMMAND: POST /session/6972a1617f123e1ed63add18ccdcaeb3/elements - {"using":"xpath","value":"//button[@data-kt=\"addButton\"]"}
RESULT: {"using":"xpath","value":"//button[@data-kt=\"addButton\"]"}
COMMAND: POST /session/6972a1617f123e1ed63add18ccdcaeb3/elements - {"using":"xpath","value":"//button[@data-kt=\"addButton\"]"}
RESULT: {"using":"xpath","value":"//button[@data-kt=\"addButton\"]"}
COMMAND: POST /session/6972a1617f123e1ed63add18ccdcaeb3/elements - {"using":"xpath","value":"//button[@data-kt=\"addButton\"]"}
RESULT: {"using":"xpath","value":"//button[@data-kt=\"addButton\"]"}
COMMAND: POST /session/6972a1617f123e1ed63add18ccdcaeb3/elements - {"using":"xpath","value":"//button[@data-kt=\"addButton\"]"}
RESULT: {"using":"xpath","value":"//button[@data-kt=\"addButton\"]"}
COMMAND: POST /session/6972a1617f123e1ed63add18ccdcaeb3/elements - {"using":"xpath","value":"//button[@data-kt=\"addButton\"]"}
RESULT: {"using":"xpath","value":"//button[@data-kt=\"addButton\"]"}
COMMAND: POST /session/6972a1617f123e1ed63add18ccdcaeb3/elements - {"using":"xpath","value":"//button[@data-kt=\"addButton\"]"}
RESULT: {"using":"xpath","value":"//button[@data-kt=\"addButton\"]"}
COMMAND: POST /session/6972a1617f123e1ed63add18ccdcaeb3/elements - {"using":"xpath","value":"//button[@data-kt=\"addButton\"]"}
RESULT: {"using":"xpath","value":"//button[@data-kt=\"addButton\"]"}
COMMAND: POST /session/6972a1617f123e1ed63add18ccdcaeb3/elements - {"using":"xpath","value":"//button[@data-kt=\"addButton\"]"}
RESULT: {"using":"xpath","value":"//button[@data-kt=\"addButton\"]"}
COMMAND: POST /session/6972a1617f123e1ed63add18ccdcaeb3/elements - {"using":"xpath","value":"//button[@data-kt=\"addButton\"]"}
RESULT: {"using":"xpath","value":"//button[@data-kt=\"addButton\"]"}
COMMAND: POST /session/6972a1617f123e1ed63add18ccdcaeb3/elements - {"using":"xpath","value":"//button[@data-kt=\"addButton\"]"}
RESULT: {"using":"xpath","value":"//button[@data-kt=\"addButton\"]"}
COMMAND: POST /session/6972a1617f123e1ed63add18ccdcaeb3/elements - {"using":"xpath","value":"//button[@data-kt=\"addButton\"]"}
RESULT: {"using":"xpath","value":"//button[@data-kt=\"addButton\"]"}
COMMAND: POST /session/6972a1617f123e1ed63add18ccdcaeb3/elements - {"using":"xpath","value":"//button[@data-kt=\"addButton\"]"}
RESULT: {"using":"xpath","value":"//button[@data-kt=\"addButton\"]"}
COMMAND: POST /session/6972a1617f123e1ed63add18ccdcaeb3/elements - {"using":"xpath","value":"//button[@data-kt=\"addButton\"]"}
RESULT: {"using":"xpath","value":"//button[@data-kt=\"addButton\"]"}
COMMAND: POST /session/6972a1617f123e1ed63add18ccdcaeb3/elements - {"using":"xpath","value":"//button[@data-kt=\"addButton\"]"}
RESULT: {"using":"xpath","value":"//button[@data-kt=\"addButton\"]"}
COMMAND: POST /session/6972a1617f123e1ed63add18ccdcaeb3/elements - {"using":"xpath","value":"//button[@data-kt=\"addButton\"]"}
RESULT: {"using":"xpath","value":"//button[@data-kt=\"addButton\"]"}
COMMAND: POST /session/6972a1617f123e1ed63add18ccdcaeb3/elements - {"using":"xpath","value":"//button[@data-kt=\"addButton\"]"}
RESULT: {"using":"xpath","value":"//button[@data-kt=\"addButton\"]"}
COMMAND: POST /session/6972a1617f123e1ed63add18ccdcaeb3/elements - {"using":"xpath","value":"//button[@data-kt=\"addButton\"]"}
RESULT: {"using":"xpath","value":"//button[@data-kt=\"addButton\"]"}
COMMAND: POST /session/6972a1617f123e1ed63add18ccdcaeb3/elements - {"using":"xpath","value":"//button[@data-kt=\"addButton\"]"}
RESULT: {"using":"xpath","value":"//button[@data-kt=\"addButton\"]"}
COMMAND: POST /session/6972a1617f123e1ed63add18ccdcaeb3/elements - {"using":"xpath","value":"//button[@data-kt=\"addButton\"]"}
RESULT: {"using":"xpath","value":"//button[@data-kt=\"addButton\"]"}
COMMAND: POST /session/6972a1617f123e1ed63add18ccdcaeb3/elements - {"using":"xpath","value":"//button[@data-kt=\"addButton\"]"}
RESULT: {"using":"xpath","value":"//button[@data-kt=\"addButton\"]"}
COMMAND: POST /session/6972a1617f123e1ed63add18ccdcaeb3/elements - {"using":"xpath","value":"//button[@data-kt=\"addButton\"]"}
RESULT: {"using":"xpath","value":"//button[@data-kt=\"addButton\"]"}
COMMAND: POST /session/6972a1617f123e1ed63add18ccdcaeb3/elements - {"using":"xpath","value":"//button[@data-kt=\"addButton\"]"}
RESULT: {"using":"xpath","value":"//button[@data-kt=\"addButton\"]"}
COMMAND: POST /session/6972a1617f123e1ed63add18ccdcaeb3/elements - {"using":"xpath","value":"//button[@data-kt=\"addButton\"]"}
RESULT: {"using":"xpath","value":"//button[@data-kt=\"addButton\"]"}
COMMAND: POST /session/6972a1617f123e1ed63add18ccdcaeb3/elements - {"using":"xpath","value":"//button[@data-kt=\"addButton\"]"}
RESULT: {"using":"xpath","value":"//button[@data-kt=\"addButton\"]"}
COMMAND: POST /session/6972a1617f123e1ed63add18ccdcaeb3/elements - {"using":"xpath","value":"//button[@data-kt=\"addButton\"]"}
RESULT: {"using":"xpath","value":"//button[@data-kt=\"addButton\"]"}
COMMAND: POST /session/6972a1617f123e1ed63add18ccdcaeb3/elements - {"using":"xpath","value":"//button[@data-kt=\"addButton\"]"}
RESULT: {"using":"xpath","value":"//button[@data-kt=\"addButton\"]"}
COMMAND: POST /session/6972a1617f123e1ed63add18ccdcaeb3/elements - {"using":"xpath","value":"//button[@data-kt=\"addButton\"]"}
RESULT: {"using":"xpath","value":"//button[@data-kt=\"addButton\"]"}
COMMAND: POST /session/6972a1617f123e1ed63add18ccdcaeb3/elements - {"using":"xpath","value":"//button[@data-kt=\"addButton\"]"}
RESULT: {"using":"xpath","value":"//button[@data-kt=\"addButton\"]"}
COMMAND: POST /session/6972a1617f123e1ed63add18ccdcaeb3/elements - {"using":"xpath","value":"//button[@data-kt=\"addButton\"]"}
RESULT: {"using":"xpath","value":"//button[@data-kt=\"addButton\"]"}
COMMAND: POST /session/6972a1617f123e1ed63add18ccdcaeb3/elements - {"using":"xpath","value":"//button[@data-kt=\"addButton\"]"}
RESULT: {"using":"xpath","value":"//button[@data-kt=\"addButton\"]"}
COMMAND: POST /session/6972a1617f123e1ed63add18ccdcaeb3/elements - {"using":"xpath","value":"//button[@data-kt=\"addButton\"]"}
RESULT: {"using":"xpath","value":"//button[@data-kt=\"addButton\"]"}
COMMAND: POST /session/6972a1617f123e1ed63add18ccdcaeb3/elements - {"using":"xpath","value":"//button[@data-kt=\"addButton\"]"}
RESULT: {"using":"xpath","value":"//button[@data-kt=\"addButton\"]"}
COMMAND: POST /session/6972a1617f123e1ed63add18ccdcaeb3/elements - {"using":"xpath","value":"//button[@data-kt=\"addButton\"]"}
RESULT: {"using":"xpath","value":"//button[@data-kt=\"addButton\"]"}
COMMAND: POST /session/6972a1617f123e1ed63add18ccdcaeb3/elements - {"using":"xpath","value":"//button[@data-kt=\"addButton\"]"}
RESULT: {"using":"xpath","value":"//button[@data-kt=\"addButton\"]"}
COMMAND: POST /session/6972a1617f123e1ed63add18ccdcaeb3/elements - {"using":"xpath","value":"//button[@data-kt=\"addButton\"]"}
RESULT: {"using":"xpath","value":"//button[@data-kt=\"addButton\"]"}
COMMAND: POST /session/6972a1617f123e1ed63add18ccdcaeb3/elements - {"using":"xpath","value":"//button[@data-kt=\"addButton\"]"}
RESULT: {"using":"xpath","value":"//button[@data-kt=\"addButton\"]"}
COMMAND: POST /session/6972a1617f123e1ed63add18ccdcaeb3/elements - {"using":"xpath","value":"//button[@data-kt=\"addButton\"]"}
RESULT: {"using":"xpath","value":"//button[@data-kt=\"addButton\"]"}
COMMAND: POST /session/6972a1617f123e1ed63add18ccdcaeb3/element - {"using":"xpath","value":"//button[@data-kt=\"addButton\"]"}
RESULT: {"using":"xpath","value":"//button[@data-kt=\"addButton\"]"}
COMMAND: POST /session/6972a1617f123e1ed63add18ccdcaeb3/execute/sync - {"script":"<script> [8489 bytes]","args":[{"element-6066-11e4-a52e-4f735466cecf":"f.9349F0344C151F4717E5B92144CF4C98.d.DB1DFE40C0F47033A3E72D8AA42470A4.e.300","ELEMENT":"f.9349F0344C151F4717E5B92144CF4C98.d.DB1DFE40C0F47033A3E72D8AA42470A4.e.300"}]}
RESULT: {"script":"<script> [8489 bytes]","args":[{"element-6066-11e4-a52e-4f735466cecf":"f.9349F0344C151F4717E5B92144CF4C98.d.DB1DFE40C0F47033A3E72D8AA42470A4.e.300","ELEMENT":"f.9349F0344C151F4717E5B92144CF4C98.d.DB1DFE40C0F47033A3E72D8AA42470A4.e.300"}]}
COMMAND: GET /session/6972a1617f123e1ed63add18ccdcaeb3/element/f.9349F0344C151F4717E5B92144CF4C98.d.DB1DFE40C0F47033A3E72D8AA42470A4.e.300/enabled - {}
COMMAND: GET /session/6972a1617f123e1ed63add18ccdcaeb3/screenshot - {}
RESULT: {}
COMMAND: POST /session/6972a1617f123e1ed63add18ccdcaeb3/execute/sync - {"script":"<script> [8489 bytes]","args":[{"element-6066-11e4-a52e-4f735466cecf":"f.9349F0344C151F4717E5B92144CF4C98.d.DB1DFE40C0F47033A3E72D8AA42470A4.e.300","ELEMENT":"f.9349F0344C151F4717E5B92144CF4C98.d.DB1DFE40C0F47033A3E72D8AA42470A4.e.300"}]}
COMMAND: GET /session/6972a1617f123e1ed63add18ccdcaeb3/screenshot - {}
RESULT: {}
RESULT: {"script":"<script> [8489 bytes]","args":[{"element-6066-11e4-a52e-4f735466cecf":"f.9349F0344C151F4717E5B92144CF4C98.d.DB1DFE40C0F47033A3E72D8AA42470A4.e.300","ELEMENT":"f.9349F0344C151F4717E5B92144CF4C98.d.DB1DFE40C0F47033A3E72D8AA42470A4.e.300"}]}
COMMAND: POST /session/6972a1617f123e1ed63add18ccdcaeb3/execute/sync - {"script":"<script> [5351 bytes]","args":[{"element-6066-11e4-a52e-4f735466cecf":"f.9349F0344C151F4717E5B92144CF4C98.d.DB1DFE40C0F47033A3E72D8AA42470A4.e.300","ELEMENT":"f.9349F0344C151F4717E5B92144CF4C98.d.DB1DFE40C0F47033A3E72D8AA42470A4.e.300"}]}
COMMAND: GET /session/6972a1617f123e1ed63add18ccdcaeb3/screenshot - {}
RESULT: {}
RESULT: {"script":"<script> [5351 bytes]","args":[{"element-6066-11e4-a52e-4f735466cecf":"f.9349F0344C151F4717E5B92144CF4C98.d.DB1DFE40C0F47033A3E72D8AA42470A4.e.300","ELEMENT":"f.9349F0344C151F4717E5B92144CF4C98.d.DB1DFE40C0F47033A3E72D8AA42470A4.e.300"}]}
COMMAND: GET /session/6972a1617f123e1ed63add18ccdcaeb3/screenshot - {}
RESULT: {}
RESULT: {}
COMMAND: POST /session/6972a1617f123e1ed63add18ccdcaeb3/execute/async - {"script":"<script> [1562 bytes]","args":[{"selector":{"id":"application-addressmanagement-display-component---masterAdm--smartFilterBar-btnBasicSearch","interaction":{"idSuffix":"I"}},"wdio_ui5_key":"applicationaddressmanagement-display-component---masterAdm--smartFilterBar-btnBasicSearch"}]}
RESULT: {"script":"<script> [1562 bytes]","args":[{"selector":{"id":"application-addressmanagement-display-component---masterAdm--smartFilterBar-btnBasicSearch","interaction":{"idSuffix":"I"}},"wdio_ui5_key":"applicationaddressmanagement-display-component---masterAdm--smartFilterBar-btnBasicSearch"}]}
RESULT: undefined
COMMAND: POST /session/6972a1617f123e1ed63add18ccdcaeb3/execute/async - {"script":"<script> [776 bytes]","args":[{"enterText":"qDbk5hg2s6","selector":{"id":"application-addressmanagement-display-component---masterAdm--smartFilterBar-btnBasicSearch","interaction":{"idSuffix":"I"}},"clearTextFirst":true,"interactionType":"ENTER_TEXT"}]}
RESULT: {"script":"<script> [776 bytes]","args":[{"enterText":"qDbk5hg2s6","selector":{"id":"application-addressmanagement-display-component---masterAdm--smartFilterBar-btnBasicSearch","interaction":{"idSuffix":"I"}},"clearTextFirst":true,"interactionType":"ENTER_TEXT"}]}
COMMAND: POST /session/6972a1617f123e1ed63add18ccdcaeb3/actions - {"actions":[{"id":"action1","type":"key","parameters":{},"actions":[{"type":"keyDown","value":""},{"type":"pause","duration":10},{"type":"keyUp","value":""}]}]}
RESULT: {"actions":[{"id":"action1","type":"key","parameters":{},"actions":[{"type":"keyDown","value":""},{"type":"pause","duration":10},{"type":"keyUp","value":""}]}]}
COMMAND: GET /session/6972a1617f123e1ed63add18ccdcaeb3/screenshot - {}
RESULT: {}
COMMAND: POST /session/6972a1617f123e1ed63add18ccdcaeb3/elements - {"using":"xpath","value":"//table[contains(@id, \"customPersonsAddressesTable-listUl\")]/tbody/tr"}
RESULT: {"using":"xpath","value":"//table[contains(@id, \"customPersonsAddressesTable-listUl\")]/tbody/tr"}
COMMAND: POST /session/6972a1617f123e1ed63add18ccdcaeb3/element - {"using":"xpath","value":"//table[contains(@id, \"customPersonsAddressesTable-listUl\")]/tbody/tr[1]/td[5]/span/span"}
RESULT: {"using":"xpath","value":"//table[contains(@id, \"customPersonsAddressesTable-listUl\")]/tbody/tr[1]/td[5]/span/span"}
COMMAND: POST /session/6972a1617f123e1ed63add18ccdcaeb3/element - {"using":"xpath","value":"//table[contains(@id, \"customPersonsAddressesTable-listUl\")]/tbody/tr[1]/td[3]/span"}
RESULT: {"using":"xpath","value":"//table[contains(@id, \"customPersonsAddressesTable-listUl\")]/tbody/tr[1]/td[3]/span"}
COMMAND: POST /session/6972a1617f123e1ed63add18ccdcaeb3/elements - {"using":"xpath","value":"//table[contains(@id, \"customPersonsAddressesTable-listUl\")]/tbody/tr[1]/td[5]/span/span"}
RESULT: {"using":"xpath","value":"//table[contains(@id, \"customPersonsAddressesTable-listUl\")]/tbody/tr[1]/td[5]/span/span"}
COMMAND: POST /session/6972a1617f123e1ed63add18ccdcaeb3/element - {"using":"xpath","value":"//span[@id=\"application-addressmanagement-display-component---masterAdm--smartTable-header-inner\"]"}
RESULT: {"using":"xpath","value":"//span[@id=\"application-addressmanagement-display-component---masterAdm--smartTable-header-inner\"]"}
COMMAND: POST /session/6972a1617f123e1ed63add18ccdcaeb3/elements - {"using":"xpath","value":"//span[@id=\"application-addressmanagement-display-component---masterAdm--smartTable-header-inner\"]"}
RESULT: {"using":"xpath","value":"//span[@id=\"application-addressmanagement-display-component---masterAdm--smartTable-header-inner\"]"}
COMMAND: POST /session/6972a1617f123e1ed63add18ccdcaeb3/execute/sync - {"script":"<script> [56 bytes]","args":[{"element-6066-11e4-a52e-4f735466cecf":"f.9349F0344C151F4717E5B92144CF4C98.d.DB1DFE40C0F47033A3E72D8AA42470A4.e.441","ELEMENT":"f.9349F0344C151F4717E5B92144CF4C98.d.DB1DFE40C0F47033A3E72D8AA42470A4.e.441"}]}
RESULT: {"script":"<script> [56 bytes]","args":[{"element-6066-11e4-a52e-4f735466cecf":"f.9349F0344C151F4717E5B92144CF4C98.d.DB1DFE40C0F47033A3E72D8AA42470A4.e.441","ELEMENT":"f.9349F0344C151F4717E5B92144CF4C98.d.DB1DFE40C0F47033A3E72D8AA42470A4.e.441"}]}
COMMAND: POST /session/6972a1617f123e1ed63add18ccdcaeb3/element - {"using":"xpath","value":"//button[@data-kt=\"addButton\"]"}
COMMAND: GET /session/6972a1617f123e1ed63add18ccdcaeb3/screenshot - {}
RESULT: {"using":"xpath","value":"//button[@data-kt=\"addButton\"]"}
COMMAND: POST /session/6972a1617f123e1ed63add18ccdcaeb3/element/f.9349F0344C151F4717E5B92144CF4C98.d.DB1DFE40C0F47033A3E72D8AA42470A4.e.300/click - {}
RESULT: {}
RESULT: {}
COMMAND: GET /session/6972a1617f123e1ed63add18ccdcaeb3/screenshot - {}
COMMAND: POST /session/6972a1617f123e1ed63add18ccdcaeb3/execute/async - {"script":"<script> [1562 bytes]","args":[{"selector":{"controlType":"sap.ui.core.Icon","viewName":"etm.portal.ui.addressmanagement.view.NewAddress","properties":{"src":{"regex":{"source":"slim\\-arrow\\-down"}}},"ancestor":{"id":"addressTitle","viewName":"etm.portal.ui.addressmanagement.view.NewAddress"}},"wdio_ui5_key":"etmportal.ui.addressmanagement.view.NewAddresssap.ui.core.Icon{\"src\":{\"regex\":{\"source\":\"slim\\\\-arrow\\\\-down\"}}}{\"id\":\"addressTitle\",\"viewName\":\"etm.portal.ui.addressmanagement.view.NewAddress\"}"}]}
RESULT: {}
RESULT: {"script":"<script> [1562 bytes]","args":[{"selector":{"controlType":"sap.ui.core.Icon","viewName":"etm.portal.ui.addressmanagement.view.NewAddress","properties":{"src":{"regex":{"source":"slim\\-arrow\\-down"}}},"ancestor":{"id":"addressTitle","viewName":"etm.portal.ui.addressmanagement.view.NewAddress"}},"wdio_ui5_key":"etmportal.ui.addressmanagement.view.NewAddresssap.ui.core.Icon{\"src\":{\"regex\":{\"source\":\"slim\\\\-arrow\\\\-down\"}}}{\"id\":\"addressTitle\",\"viewName\":\"etm.portal.ui.addressmanagement.view.NewAddress\"}"}]}
RESULT: undefined
COMMAND: POST /session/6972a1617f123e1ed63add18ccdcaeb3/element - {"using":"xpath","value":"//*[@id=\"__xmlview58--addressTitle-arrow\"]"}
RESULT: {"using":"xpath","value":"//*[@id=\"__xmlview58--addressTitle-arrow\"]"}
COMMAND: POST /session/6972a1617f123e1ed63add18ccdcaeb3/element/f.9349F0344C151F4717E5B92144CF4C98.d.DB1DFE40C0F47033A3E72D8AA42470A4.e.472/click - {}
RESULT: {}
COMMAND: GET /session/6972a1617f123e1ed63add18ccdcaeb3/screenshot - {}
RESULT: {}
COMMAND: POST /session/6972a1617f123e1ed63add18ccdcaeb3/element - {"using":"xpath","value":"//li[.//span[text()=\"Dr.\"]]"}
RESULT: {"using":"xpath","value":"//li[.//span[text()=\"Dr.\"]]"}
COMMAND: POST /session/6972a1617f123e1ed63add18ccdcaeb3/element/f.9349F0344C151F4717E5B92144CF4C98.d.DB1DFE40C0F47033A3E72D8AA42470A4.e.581/click - {}
RESULT: {}
COMMAND: POST /session/6972a1617f123e1ed63add18ccdcaeb3/execute/async - {"script":"<script> [1562 bytes]","args":[{"selector":{"controlType":"sap.ui.core.Icon","viewName":"etm.portal.ui.addressmanagement.view.NewAddress","properties":{"src":{"regex":{"source":"slim\\-arrow\\-down"}}},"ancestor":{"id":"addressDetailDetailsLanguage","viewName":"etm.portal.ui.addressmanagement.view.NewAddress"}},"wdio_ui5_key":"etmportal.ui.addressmanagement.view.NewAddresssap.ui.core.Icon{\"src\":{\"regex\":{\"source\":\"slim\\\\-arrow\\\\-down\"}}}{\"id\":\"addressDetailDetailsLanguage\",\"viewName\":\"etm.portal.ui.addressmanagement.view.NewAddress\"}"}]}
COMMAND: GET /session/6972a1617f123e1ed63add18ccdcaeb3/screenshot - {}
RESULT: {"script":"<script> [1562 bytes]","args":[{"selector":{"controlType":"sap.ui.core.Icon","viewName":"etm.portal.ui.addressmanagement.view.NewAddress","properties":{"src":{"regex":{"source":"slim\\-arrow\\-down"}}},"ancestor":{"id":"addressDetailDetailsLanguage","viewName":"etm.portal.ui.addressmanagement.view.NewAddress"}},"wdio_ui5_key":"etmportal.ui.addressmanagement.view.NewAddresssap.ui.core.Icon{\"src\":{\"regex\":{\"source\":\"slim\\\\-arrow\\\\-down\"}}}{\"id\":\"addressDetailDetailsLanguage\",\"viewName\":\"etm.portal.ui.addressmanagement.view.NewAddress\"}"}]}
RESULT: undefined
COMMAND: POST /session/6972a1617f123e1ed63add18ccdcaeb3/element - {"using":"xpath","value":"//*[@id=\"__xmlview58--addressDetailDetailsLanguage-arrow\"]"}
RESULT: {}
RESULT: {"using":"xpath","value":"//*[@id=\"__xmlview58--addressDetailDetailsLanguage-arrow\"]"}
COMMAND: POST /session/6972a1617f123e1ed63add18ccdcaeb3/element/f.9349F0344C151F4717E5B92144CF4C98.d.DB1DFE40C0F47033A3E72D8AA42470A4.e.485/click - {}
RESULT: {}
COMMAND: GET /session/6972a1617f123e1ed63add18ccdcaeb3/screenshot - {}
RESULT: {}
COMMAND: POST /session/6972a1617f123e1ed63add18ccdcaeb3/element - {"using":"xpath","value":"//span[contains(text(), \"English\")]"}
RESULT: {"using":"xpath","value":"//span[contains(text(), \"English\")]"}
COMMAND: POST /session/6972a1617f123e1ed63add18ccdcaeb3/element/f.9349F0344C151F4717E5B92144CF4C98.d.DB1DFE40C0F47033A3E72D8AA42470A4.e.582/click - {}
RESULT: {}
COMMAND: POST /session/6972a1617f123e1ed63add18ccdcaeb3/execute/async - {"script":"<script> [1562 bytes]","args":[{"selector":{"controlType":"sap.m.Input","viewName":"etm.portal.ui.addressmanagement.view.NewAddress","labelFor":{"text":"Name"},"interaction":{"idSuffix":"inner"}},"wdio_ui5_key":"etmportal.ui.addressmanagement.view.NewAddresssap.m.Input{\"text\":\"Name\"}"}]}
COMMAND: GET /session/6972a1617f123e1ed63add18ccdcaeb3/screenshot - {}
RESULT: {"script":"<script> [1562 bytes]","args":[{"selector":{"controlType":"sap.m.Input","viewName":"etm.portal.ui.addressmanagement.view.NewAddress","labelFor":{"text":"Name"},"interaction":{"idSuffix":"inner"}},"wdio_ui5_key":"etmportal.ui.addressmanagement.view.NewAddresssap.m.Input{\"text\":\"Name\"}"}]}
RESULT: undefined
COMMAND: POST /session/6972a1617f123e1ed63add18ccdcaeb3/execute/async - {"script":"<script> [776 bytes]","args":[{"enterText":"qDbk5hg2s6","selector":{"controlType":"sap.m.Input","viewName":"etm.portal.ui.addressmanagement.view.NewAddress","labelFor":{"text":"Name"},"interaction":{"idSuffix":"inner"}},"clearTextFirst":true,"interactionType":"ENTER_TEXT"}]}
RESULT: {}
RESULT: {"script":"<script> [776 bytes]","args":[{"enterText":"qDbk5hg2s6","selector":{"controlType":"sap.m.Input","viewName":"etm.portal.ui.addressmanagement.view.NewAddress","labelFor":{"text":"Name"},"interaction":{"idSuffix":"inner"}},"clearTextFirst":true,"interactionType":"ENTER_TEXT"}]}
COMMAND: POST /session/6972a1617f123e1ed63add18ccdcaeb3/element - {"using":"xpath","value":"//button[@title=\"Save\"]"}
RESULT: {"using":"xpath","value":"//button[@title=\"Save\"]"}
COMMAND: POST /session/6972a1617f123e1ed63add18ccdcaeb3/element/f.9349F0344C151F4717E5B92144CF4C98.d.DB1DFE40C0F47033A3E72D8AA42470A4.e.571/click - {}
RESULT: {}
COMMAND: GET /session/6972a1617f123e1ed63add18ccdcaeb3/screenshot - {}
RESULT: {}
COMMAND: POST /session/6972a1617f123e1ed63add18ccdcaeb3/element - {"using":"xpath","value":"//header[contains(@id, \"application-addressmanagement-display-component---detailAdm--ObjectPageLayout-headerTitle\")]/div[1]/div[3]/div[2]/span"}
RESULT: {"using":"xpath","value":"//header[contains(@id, \"application-addressmanagement-display-component---detailAdm--ObjectPageLayout-headerTitle\")]/div[1]/div[3]/div[2]/span"}
COMMAND: POST /session/6972a1617f123e1ed63add18ccdcaeb3/elements - {"using":"xpath","value":"//header[contains(@id, \"application-addressmanagement-display-component---detailAdm--ObjectPageLayout-headerTitle\")]/div[1]/div[3]/div[2]/span"}
RESULT: {"using":"xpath","value":"//header[contains(@id, \"application-addressmanagement-display-component---detailAdm--ObjectPageLayout-headerTitle\")]/div[1]/div[3]/div[2]/span"}
COMMAND: POST /session/6972a1617f123e1ed63add18ccdcaeb3/execute/sync - {"script":"<script> [56 bytes]","args":[{"element-6066-11e4-a52e-4f735466cecf":"f.9349F0344C151F4717E5B92144CF4C98.d.DB1DFE40C0F47033A3E72D8AA42470A4.e.605","ELEMENT":"f.9349F0344C151F4717E5B92144CF4C98.d.DB1DFE40C0F47033A3E72D8AA42470A4.e.605"}]}
RESULT: {"script":"<script> [56 bytes]","args":[{"element-6066-11e4-a52e-4f735466cecf":"f.9349F0344C151F4717E5B92144CF4C98.d.DB1DFE40C0F47033A3E72D8AA42470A4.e.605","ELEMENT":"f.9349F0344C151F4717E5B92144CF4C98.d.DB1DFE40C0F47033A3E72D8AA42470A4.e.605"}]}
COMMAND: GET /session/6972a1617f123e1ed63add18ccdcaeb3/screenshot - {}
RESULT: {}
COMMAND: POST /session/6972a1617f123e1ed63add18ccdcaeb3/element - {"using":"css selector","value":"#shell-header-logo"}
RESULT: {"using":"css selector","value":"#shell-header-logo"}
COMMAND: POST /session/6972a1617f123e1ed63add18ccdcaeb3/element/f.9349F0344C151F4717E5B92144CF4C98.d.DB1DFE40C0F47033A3E72D8AA42470A4.e.263/click - {}
RESULT: {}
COMMAND: GET /session/6972a1617f123e1ed63add18ccdcaeb3/screenshot - {}
RESULT: {}
]]></system-out>
    </testcase>
    <testcase classname="chrome.136_0_7103_93.windows.Address_Management_Tests_US156181_US151165_US151160_US156180_US156178_US151157_US151172_US151170_US151166_US151168" name="Step 2 Should deactivate the created address in earlier step US151165" time="52.567">
      <system-out><![CDATA[
RESULT: undefined
COMMAND: POST /session/6972a1617f123e1ed63add18ccdcaeb3/element - {"using":"xpath","value":"//*[@id=\"__tile33\"]"}
RESULT: {"using":"xpath","value":"//*[@id=\"__tile33\"]"}
COMMAND: POST /session/6972a1617f123e1ed63add18ccdcaeb3/element/f.9349F0344C151F4717E5B92144CF4C98.d.DB1DFE40C0F47033A3E72D8AA42470A4.e.212/click - {}
RESULT: {}
COMMAND: GET /session/6972a1617f123e1ed63add18ccdcaeb3/screenshot - {}
RESULT: {}
COMMAND: POST /session/6972a1617f123e1ed63add18ccdcaeb3/elements - {"using":"xpath","value":"//span[text()='Error']"}
RESULT: {"using":"xpath","value":"//span[text()='Error']"}
COMMAND: POST /session/6972a1617f123e1ed63add18ccdcaeb3/element - {"using":"xpath","value":"//button[@data-kt=\"addButton\"]"}
RESULT: {"using":"xpath","value":"//button[@data-kt=\"addButton\"]"}
COMMAND: POST /session/6972a1617f123e1ed63add18ccdcaeb3/elements - {"using":"xpath","value":"//button[@data-kt=\"addButton\"]"}
RESULT: {"using":"xpath","value":"//button[@data-kt=\"addButton\"]"}
COMMAND: POST /session/6972a1617f123e1ed63add18ccdcaeb3/execute/sync - {"script":"<script> [8489 bytes]","args":[{"element-6066-11e4-a52e-4f735466cecf":"f.9349F0344C151F4717E5B92144CF4C98.d.DB1DFE40C0F47033A3E72D8AA42470A4.e.653","ELEMENT":"f.9349F0344C151F4717E5B92144CF4C98.d.DB1DFE40C0F47033A3E72D8AA42470A4.e.653"}]}
RESULT: {"script":"<script> [8489 bytes]","args":[{"element-6066-11e4-a52e-4f735466cecf":"f.9349F0344C151F4717E5B92144CF4C98.d.DB1DFE40C0F47033A3E72D8AA42470A4.e.653","ELEMENT":"f.9349F0344C151F4717E5B92144CF4C98.d.DB1DFE40C0F47033A3E72D8AA42470A4.e.653"}]}
COMMAND: GET /session/6972a1617f123e1ed63add18ccdcaeb3/element/f.9349F0344C151F4717E5B92144CF4C98.d.DB1DFE40C0F47033A3E72D8AA42470A4.e.653/enabled - {}
COMMAND: GET /session/6972a1617f123e1ed63add18ccdcaeb3/screenshot - {}
RESULT: {}
COMMAND: POST /session/6972a1617f123e1ed63add18ccdcaeb3/execute/sync - {"script":"<script> [8489 bytes]","args":[{"element-6066-11e4-a52e-4f735466cecf":"f.9349F0344C151F4717E5B92144CF4C98.d.DB1DFE40C0F47033A3E72D8AA42470A4.e.653","ELEMENT":"f.9349F0344C151F4717E5B92144CF4C98.d.DB1DFE40C0F47033A3E72D8AA42470A4.e.653"}]}
COMMAND: GET /session/6972a1617f123e1ed63add18ccdcaeb3/screenshot - {}
RESULT: {}
RESULT: {"script":"<script> [8489 bytes]","args":[{"element-6066-11e4-a52e-4f735466cecf":"f.9349F0344C151F4717E5B92144CF4C98.d.DB1DFE40C0F47033A3E72D8AA42470A4.e.653","ELEMENT":"f.9349F0344C151F4717E5B92144CF4C98.d.DB1DFE40C0F47033A3E72D8AA42470A4.e.653"}]}
COMMAND: POST /session/6972a1617f123e1ed63add18ccdcaeb3/execute/sync - {"script":"<script> [5351 bytes]","args":[{"element-6066-11e4-a52e-4f735466cecf":"f.9349F0344C151F4717E5B92144CF4C98.d.DB1DFE40C0F47033A3E72D8AA42470A4.e.653","ELEMENT":"f.9349F0344C151F4717E5B92144CF4C98.d.DB1DFE40C0F47033A3E72D8AA42470A4.e.653"}]}
COMMAND: GET /session/6972a1617f123e1ed63add18ccdcaeb3/screenshot - {}
RESULT: {}
RESULT: {"script":"<script> [5351 bytes]","args":[{"element-6066-11e4-a52e-4f735466cecf":"f.9349F0344C151F4717E5B92144CF4C98.d.DB1DFE40C0F47033A3E72D8AA42470A4.e.653","ELEMENT":"f.9349F0344C151F4717E5B92144CF4C98.d.DB1DFE40C0F47033A3E72D8AA42470A4.e.653"}]}
COMMAND: GET /session/6972a1617f123e1ed63add18ccdcaeb3/screenshot - {}
RESULT: {}
RESULT: {}
RESULT: undefined
COMMAND: POST /session/6972a1617f123e1ed63add18ccdcaeb3/execute/async - {"script":"<script> [776 bytes]","args":[{"enterText":"qDbk5hg2s6","selector":{"id":"application-addressmanagement-display-component---masterAdm--smartFilterBar-btnBasicSearch","interaction":{"idSuffix":"I"}},"clearTextFirst":true,"interactionType":"ENTER_TEXT"}]}
RESULT: {"script":"<script> [776 bytes]","args":[{"enterText":"qDbk5hg2s6","selector":{"id":"application-addressmanagement-display-component---masterAdm--smartFilterBar-btnBasicSearch","interaction":{"idSuffix":"I"}},"clearTextFirst":true,"interactionType":"ENTER_TEXT"}]}
COMMAND: POST /session/6972a1617f123e1ed63add18ccdcaeb3/actions - {"actions":[{"id":"action2","type":"key","parameters":{},"actions":[{"type":"keyDown","value":""},{"type":"pause","duration":10},{"type":"keyUp","value":""}]}]}
RESULT: {"actions":[{"id":"action2","type":"key","parameters":{},"actions":[{"type":"keyDown","value":""},{"type":"pause","duration":10},{"type":"keyUp","value":""}]}]}
COMMAND: GET /session/6972a1617f123e1ed63add18ccdcaeb3/screenshot - {}
RESULT: {}
COMMAND: POST /session/6972a1617f123e1ed63add18ccdcaeb3/elements - {"using":"xpath","value":"//table[contains(@id, \"customPersonsAddressesTable-listUl\")]/tbody/tr"}
RESULT: {"using":"xpath","value":"//table[contains(@id, \"customPersonsAddressesTable-listUl\")]/tbody/tr"}
COMMAND: POST /session/6972a1617f123e1ed63add18ccdcaeb3/element - {"using":"xpath","value":"//table[contains(@id, \"customPersonsAddressesTable-listUl\")]/tbody/tr[1]/td[5]/span/span"}
RESULT: {"using":"xpath","value":"//table[contains(@id, \"customPersonsAddressesTable-listUl\")]/tbody/tr[1]/td[5]/span/span"}
COMMAND: POST /session/6972a1617f123e1ed63add18ccdcaeb3/element - {"using":"xpath","value":"//table[contains(@id, \"customPersonsAddressesTable-listUl\")]/tbody/tr[1]/td[3]/span"}
RESULT: {"using":"xpath","value":"//table[contains(@id, \"customPersonsAddressesTable-listUl\")]/tbody/tr[1]/td[3]/span"}
COMMAND: POST /session/6972a1617f123e1ed63add18ccdcaeb3/elements - {"using":"xpath","value":"//table[contains(@id, \"customPersonsAddressesTable-listUl\")]/tbody/tr[1]/td[5]/span/span"}
RESULT: {"using":"xpath","value":"//table[contains(@id, \"customPersonsAddressesTable-listUl\")]/tbody/tr[1]/td[5]/span/span"}
COMMAND: POST /session/6972a1617f123e1ed63add18ccdcaeb3/execute/sync - {"script":"<script> [56 bytes]","args":[{"element-6066-11e4-a52e-4f735466cecf":"f.9349F0344C151F4717E5B92144CF4C98.d.DB1DFE40C0F47033A3E72D8AA42470A4.e.803","ELEMENT":"f.9349F0344C151F4717E5B92144CF4C98.d.DB1DFE40C0F47033A3E72D8AA42470A4.e.803"}]}
RESULT: {"script":"<script> [56 bytes]","args":[{"element-6066-11e4-a52e-4f735466cecf":"f.9349F0344C151F4717E5B92144CF4C98.d.DB1DFE40C0F47033A3E72D8AA42470A4.e.803","ELEMENT":"f.9349F0344C151F4717E5B92144CF4C98.d.DB1DFE40C0F47033A3E72D8AA42470A4.e.803"}]}
COMMAND: POST /session/6972a1617f123e1ed63add18ccdcaeb3/execute/sync - {"script":"<script> [56 bytes]","args":[{"element-6066-11e4-a52e-4f735466cecf":"f.9349F0344C151F4717E5B92144CF4C98.d.DB1DFE40C0F47033A3E72D8AA42470A4.e.804","ELEMENT":"f.9349F0344C151F4717E5B92144CF4C98.d.DB1DFE40C0F47033A3E72D8AA42470A4.e.804"}]}
COMMAND: GET /session/6972a1617f123e1ed63add18ccdcaeb3/screenshot - {}
RESULT: {"script":"<script> [56 bytes]","args":[{"element-6066-11e4-a52e-4f735466cecf":"f.9349F0344C151F4717E5B92144CF4C98.d.DB1DFE40C0F47033A3E72D8AA42470A4.e.804","ELEMENT":"f.9349F0344C151F4717E5B92144CF4C98.d.DB1DFE40C0F47033A3E72D8AA42470A4.e.804"}]}
COMMAND: POST /session/6972a1617f123e1ed63add18ccdcaeb3/element - {"using":"xpath","value":"//table[contains(@id, \"customPersonsAddressesTable-listUl\")]/tbody/tr[1]/td[10]/div/span"}
COMMAND: GET /session/6972a1617f123e1ed63add18ccdcaeb3/screenshot - {}
RESULT: {}
RESULT: {"using":"xpath","value":"//table[contains(@id, \"customPersonsAddressesTable-listUl\")]/tbody/tr[1]/td[10]/div/span"}
COMMAND: POST /session/6972a1617f123e1ed63add18ccdcaeb3/execute/sync - {"script":"<script> [56 bytes]","args":[{"element-6066-11e4-a52e-4f735466cecf":"f.9349F0344C151F4717E5B92144CF4C98.d.DB1DFE40C0F47033A3E72D8AA42470A4.e.805","ELEMENT":"f.9349F0344C151F4717E5B92144CF4C98.d.DB1DFE40C0F47033A3E72D8AA42470A4.e.805"}]}
RESULT: {}
RESULT: {"script":"<script> [56 bytes]","args":[{"element-6066-11e4-a52e-4f735466cecf":"f.9349F0344C151F4717E5B92144CF4C98.d.DB1DFE40C0F47033A3E72D8AA42470A4.e.805","ELEMENT":"f.9349F0344C151F4717E5B92144CF4C98.d.DB1DFE40C0F47033A3E72D8AA42470A4.e.805"}]}
COMMAND: POST /session/6972a1617f123e1ed63add18ccdcaeb3/element - {"using":"xpath","value":"//table[contains(@id, \"customPersonsAddressesTable-listUl\")]/tbody/tr[1]/td[2]/div/div"}
COMMAND: GET /session/6972a1617f123e1ed63add18ccdcaeb3/screenshot - {}
RESULT: {"using":"xpath","value":"//table[contains(@id, \"customPersonsAddressesTable-listUl\")]/tbody/tr[1]/td[2]/div/div"}
COMMAND: POST /session/6972a1617f123e1ed63add18ccdcaeb3/element/f.9349F0344C151F4717E5B92144CF4C98.d.DB1DFE40C0F47033A3E72D8AA42470A4.e.792/click - {}
RESULT: {}
RESULT: {}
COMMAND: GET /session/6972a1617f123e1ed63add18ccdcaeb3/screenshot - {}
RESULT: {}
COMMAND: POST /session/6972a1617f123e1ed63add18ccdcaeb3/element - {"using":"xpath","value":"//bdi[contains(text(), \"Deactivate\")]"}
RESULT: {"using":"xpath","value":"//bdi[contains(text(), \"Deactivate\")]"}
COMMAND: POST /session/6972a1617f123e1ed63add18ccdcaeb3/element/f.9349F0344C151F4717E5B92144CF4C98.d.DB1DFE40C0F47033A3E72D8AA42470A4.e.806/click - {}
RESULT: {}
COMMAND: GET /session/6972a1617f123e1ed63add18ccdcaeb3/screenshot - {}
RESULT: {}
COMMAND: POST /session/6972a1617f123e1ed63add18ccdcaeb3/element - {"using":"xpath","value":"//bdi[contains(text(), \"Yes\")]"}
RESULT: {"using":"xpath","value":"//bdi[contains(text(), \"Yes\")]"}
COMMAND: POST /session/6972a1617f123e1ed63add18ccdcaeb3/element/f.9349F0344C151F4717E5B92144CF4C98.d.DB1DFE40C0F47033A3E72D8AA42470A4.e.808/click - {}
RESULT: {}
COMMAND: GET /session/6972a1617f123e1ed63add18ccdcaeb3/screenshot - {}
RESULT: {}
COMMAND: POST /session/6972a1617f123e1ed63add18ccdcaeb3/element - {"using":"xpath","value":"//table[contains(@id, \"customPersonsAddressesTable-listUl\")]/tbody/tr[1]/td[10]/div/span"}
RESULT: {"using":"xpath","value":"//table[contains(@id, \"customPersonsAddressesTable-listUl\")]/tbody/tr[1]/td[10]/div/span"}
COMMAND: POST /session/6972a1617f123e1ed63add18ccdcaeb3/execute/sync - {"script":"<script> [56 bytes]","args":[{"element-6066-11e4-a52e-4f735466cecf":"f.9349F0344C151F4717E5B92144CF4C98.d.DB1DFE40C0F47033A3E72D8AA42470A4.e.805","ELEMENT":"f.9349F0344C151F4717E5B92144CF4C98.d.DB1DFE40C0F47033A3E72D8AA42470A4.e.805"}]}
RESULT: {"script":"<script> [56 bytes]","args":[{"element-6066-11e4-a52e-4f735466cecf":"f.9349F0344C151F4717E5B92144CF4C98.d.DB1DFE40C0F47033A3E72D8AA42470A4.e.805","ELEMENT":"f.9349F0344C151F4717E5B92144CF4C98.d.DB1DFE40C0F47033A3E72D8AA42470A4.e.805"}]}
COMMAND: GET /session/6972a1617f123e1ed63add18ccdcaeb3/screenshot - {}
RESULT: {}
COMMAND: POST /session/6972a1617f123e1ed63add18ccdcaeb3/element - {"using":"css selector","value":"#shell-header-logo"}
RESULT: {"using":"css selector","value":"#shell-header-logo"}
COMMAND: POST /session/6972a1617f123e1ed63add18ccdcaeb3/element/f.9349F0344C151F4717E5B92144CF4C98.d.DB1DFE40C0F47033A3E72D8AA42470A4.e.610/click - {}
RESULT: {}
COMMAND: GET /session/6972a1617f123e1ed63add18ccdcaeb3/screenshot - {}
RESULT: {}
]]></system-out>
    </testcase>
    <testcase classname="chrome.136_0_7103_93.windows.Address_Management_Tests_US156181_US151165_US151160_US156180_US156178_US151157_US151172_US151170_US151166_US151168" name="Step 3 Should activate the created address back again US151160" time="51.373">
      <system-out><![CDATA[
RESULT: undefined
COMMAND: POST /session/6972a1617f123e1ed63add18ccdcaeb3/element - {"using":"xpath","value":"//*[@id=\"__tile33\"]"}
RESULT: {"using":"xpath","value":"//*[@id=\"__tile33\"]"}
COMMAND: POST /session/6972a1617f123e1ed63add18ccdcaeb3/element/f.9349F0344C151F4717E5B92144CF4C98.d.DB1DFE40C0F47033A3E72D8AA42470A4.e.212/click - {}
RESULT: {}
COMMAND: GET /session/6972a1617f123e1ed63add18ccdcaeb3/screenshot - {}
RESULT: {}
COMMAND: POST /session/6972a1617f123e1ed63add18ccdcaeb3/elements - {"using":"xpath","value":"//span[text()='Error']"}
RESULT: {"using":"xpath","value":"//span[text()='Error']"}
COMMAND: POST /session/6972a1617f123e1ed63add18ccdcaeb3/element - {"using":"xpath","value":"//button[@data-kt=\"addButton\"]"}
RESULT: {"using":"xpath","value":"//button[@data-kt=\"addButton\"]"}
COMMAND: POST /session/6972a1617f123e1ed63add18ccdcaeb3/elements - {"using":"xpath","value":"//button[@data-kt=\"addButton\"]"}
RESULT: {"using":"xpath","value":"//button[@data-kt=\"addButton\"]"}
COMMAND: POST /session/6972a1617f123e1ed63add18ccdcaeb3/execute/sync - {"script":"<script> [8489 bytes]","args":[{"element-6066-11e4-a52e-4f735466cecf":"f.9349F0344C151F4717E5B92144CF4C98.d.DB1DFE40C0F47033A3E72D8AA42470A4.e.854","ELEMENT":"f.9349F0344C151F4717E5B92144CF4C98.d.DB1DFE40C0F47033A3E72D8AA42470A4.e.854"}]}
RESULT: {"script":"<script> [8489 bytes]","args":[{"element-6066-11e4-a52e-4f735466cecf":"f.9349F0344C151F4717E5B92144CF4C98.d.DB1DFE40C0F47033A3E72D8AA42470A4.e.854","ELEMENT":"f.9349F0344C151F4717E5B92144CF4C98.d.DB1DFE40C0F47033A3E72D8AA42470A4.e.854"}]}
COMMAND: GET /session/6972a1617f123e1ed63add18ccdcaeb3/element/f.9349F0344C151F4717E5B92144CF4C98.d.DB1DFE40C0F47033A3E72D8AA42470A4.e.854/enabled - {}
COMMAND: GET /session/6972a1617f123e1ed63add18ccdcaeb3/screenshot - {}
RESULT: {}
COMMAND: POST /session/6972a1617f123e1ed63add18ccdcaeb3/execute/sync - {"script":"<script> [8489 bytes]","args":[{"element-6066-11e4-a52e-4f735466cecf":"f.9349F0344C151F4717E5B92144CF4C98.d.DB1DFE40C0F47033A3E72D8AA42470A4.e.854","ELEMENT":"f.9349F0344C151F4717E5B92144CF4C98.d.DB1DFE40C0F47033A3E72D8AA42470A4.e.854"}]}
COMMAND: GET /session/6972a1617f123e1ed63add18ccdcaeb3/screenshot - {}
RESULT: {}
RESULT: {"script":"<script> [8489 bytes]","args":[{"element-6066-11e4-a52e-4f735466cecf":"f.9349F0344C151F4717E5B92144CF4C98.d.DB1DFE40C0F47033A3E72D8AA42470A4.e.854","ELEMENT":"f.9349F0344C151F4717E5B92144CF4C98.d.DB1DFE40C0F47033A3E72D8AA42470A4.e.854"}]}
COMMAND: POST /session/6972a1617f123e1ed63add18ccdcaeb3/execute/sync - {"script":"<script> [5351 bytes]","args":[{"element-6066-11e4-a52e-4f735466cecf":"f.9349F0344C151F4717E5B92144CF4C98.d.DB1DFE40C0F47033A3E72D8AA42470A4.e.854","ELEMENT":"f.9349F0344C151F4717E5B92144CF4C98.d.DB1DFE40C0F47033A3E72D8AA42470A4.e.854"}]}
COMMAND: GET /session/6972a1617f123e1ed63add18ccdcaeb3/screenshot - {}
RESULT: {}
RESULT: {"script":"<script> [5351 bytes]","args":[{"element-6066-11e4-a52e-4f735466cecf":"f.9349F0344C151F4717E5B92144CF4C98.d.DB1DFE40C0F47033A3E72D8AA42470A4.e.854","ELEMENT":"f.9349F0344C151F4717E5B92144CF4C98.d.DB1DFE40C0F47033A3E72D8AA42470A4.e.854"}]}
COMMAND: GET /session/6972a1617f123e1ed63add18ccdcaeb3/screenshot - {}
RESULT: {}
RESULT: {}
RESULT: undefined
COMMAND: POST /session/6972a1617f123e1ed63add18ccdcaeb3/execute/async - {"script":"<script> [776 bytes]","args":[{"enterText":"qDbk5hg2s6","selector":{"id":"application-addressmanagement-display-component---masterAdm--smartFilterBar-btnBasicSearch","interaction":{"idSuffix":"I"}},"clearTextFirst":true,"interactionType":"ENTER_TEXT"}]}
RESULT: {"script":"<script> [776 bytes]","args":[{"enterText":"qDbk5hg2s6","selector":{"id":"application-addressmanagement-display-component---masterAdm--smartFilterBar-btnBasicSearch","interaction":{"idSuffix":"I"}},"clearTextFirst":true,"interactionType":"ENTER_TEXT"}]}
COMMAND: POST /session/6972a1617f123e1ed63add18ccdcaeb3/actions - {"actions":[{"id":"action3","type":"key","parameters":{},"actions":[{"type":"keyDown","value":""},{"type":"pause","duration":10},{"type":"keyUp","value":""}]}]}
RESULT: {"actions":[{"id":"action3","type":"key","parameters":{},"actions":[{"type":"keyDown","value":""},{"type":"pause","duration":10},{"type":"keyUp","value":""}]}]}
COMMAND: GET /session/6972a1617f123e1ed63add18ccdcaeb3/screenshot - {}
RESULT: {}
COMMAND: POST /session/6972a1617f123e1ed63add18ccdcaeb3/elements - {"using":"xpath","value":"//table[contains(@id, \"customPersonsAddressesTable-listUl\")]/tbody/tr"}
RESULT: {"using":"xpath","value":"//table[contains(@id, \"customPersonsAddressesTable-listUl\")]/tbody/tr"}
COMMAND: POST /session/6972a1617f123e1ed63add18ccdcaeb3/element - {"using":"xpath","value":"//table[contains(@id, \"customPersonsAddressesTable-listUl\")]/tbody/tr[1]/td[5]/span/span"}
RESULT: {"using":"xpath","value":"//table[contains(@id, \"customPersonsAddressesTable-listUl\")]/tbody/tr[1]/td[5]/span/span"}
COMMAND: POST /session/6972a1617f123e1ed63add18ccdcaeb3/element - {"using":"xpath","value":"//table[contains(@id, \"customPersonsAddressesTable-listUl\")]/tbody/tr[1]/td[3]/span"}
RESULT: {"using":"xpath","value":"//table[contains(@id, \"customPersonsAddressesTable-listUl\")]/tbody/tr[1]/td[3]/span"}
COMMAND: POST /session/6972a1617f123e1ed63add18ccdcaeb3/elements - {"using":"xpath","value":"//table[contains(@id, \"customPersonsAddressesTable-listUl\")]/tbody/tr[1]/td[5]/span/span"}
RESULT: {"using":"xpath","value":"//table[contains(@id, \"customPersonsAddressesTable-listUl\")]/tbody/tr[1]/td[5]/span/span"}
COMMAND: POST /session/6972a1617f123e1ed63add18ccdcaeb3/execute/sync - {"script":"<script> [56 bytes]","args":[{"element-6066-11e4-a52e-4f735466cecf":"f.9349F0344C151F4717E5B92144CF4C98.d.DB1DFE40C0F47033A3E72D8AA42470A4.e.1007","ELEMENT":"f.9349F0344C151F4717E5B92144CF4C98.d.DB1DFE40C0F47033A3E72D8AA42470A4.e.1007"}]}
RESULT: {"script":"<script> [56 bytes]","args":[{"element-6066-11e4-a52e-4f735466cecf":"f.9349F0344C151F4717E5B92144CF4C98.d.DB1DFE40C0F47033A3E72D8AA42470A4.e.1007","ELEMENT":"f.9349F0344C151F4717E5B92144CF4C98.d.DB1DFE40C0F47033A3E72D8AA42470A4.e.1007"}]}
COMMAND: POST /session/6972a1617f123e1ed63add18ccdcaeb3/execute/sync - {"script":"<script> [56 bytes]","args":[{"element-6066-11e4-a52e-4f735466cecf":"f.9349F0344C151F4717E5B92144CF4C98.d.DB1DFE40C0F47033A3E72D8AA42470A4.e.1008","ELEMENT":"f.9349F0344C151F4717E5B92144CF4C98.d.DB1DFE40C0F47033A3E72D8AA42470A4.e.1008"}]}
COMMAND: GET /session/6972a1617f123e1ed63add18ccdcaeb3/screenshot - {}
RESULT: {"script":"<script> [56 bytes]","args":[{"element-6066-11e4-a52e-4f735466cecf":"f.9349F0344C151F4717E5B92144CF4C98.d.DB1DFE40C0F47033A3E72D8AA42470A4.e.1008","ELEMENT":"f.9349F0344C151F4717E5B92144CF4C98.d.DB1DFE40C0F47033A3E72D8AA42470A4.e.1008"}]}
COMMAND: POST /session/6972a1617f123e1ed63add18ccdcaeb3/element - {"using":"xpath","value":"//table[contains(@id, \"customPersonsAddressesTable-listUl\")]/tbody/tr[1]/td[10]/div/span"}
COMMAND: GET /session/6972a1617f123e1ed63add18ccdcaeb3/screenshot - {}
RESULT: {}
RESULT: {"using":"xpath","value":"//table[contains(@id, \"customPersonsAddressesTable-listUl\")]/tbody/tr[1]/td[10]/div/span"}
COMMAND: POST /session/6972a1617f123e1ed63add18ccdcaeb3/execute/sync - {"script":"<script> [56 bytes]","args":[{"element-6066-11e4-a52e-4f735466cecf":"f.9349F0344C151F4717E5B92144CF4C98.d.DB1DFE40C0F47033A3E72D8AA42470A4.e.1009","ELEMENT":"f.9349F0344C151F4717E5B92144CF4C98.d.DB1DFE40C0F47033A3E72D8AA42470A4.e.1009"}]}
RESULT: {}
RESULT: {"script":"<script> [56 bytes]","args":[{"element-6066-11e4-a52e-4f735466cecf":"f.9349F0344C151F4717E5B92144CF4C98.d.DB1DFE40C0F47033A3E72D8AA42470A4.e.1009","ELEMENT":"f.9349F0344C151F4717E5B92144CF4C98.d.DB1DFE40C0F47033A3E72D8AA42470A4.e.1009"}]}
COMMAND: POST /session/6972a1617f123e1ed63add18ccdcaeb3/element - {"using":"xpath","value":"//table[contains(@id, \"customPersonsAddressesTable-listUl\")]/tbody/tr[1]/td[2]/div/div"}
COMMAND: GET /session/6972a1617f123e1ed63add18ccdcaeb3/screenshot - {}
RESULT: {"using":"xpath","value":"//table[contains(@id, \"customPersonsAddressesTable-listUl\")]/tbody/tr[1]/td[2]/div/div"}
COMMAND: POST /session/6972a1617f123e1ed63add18ccdcaeb3/element/f.9349F0344C151F4717E5B92144CF4C98.d.DB1DFE40C0F47033A3E72D8AA42470A4.e.996/click - {}
RESULT: {}
RESULT: {}
COMMAND: GET /session/6972a1617f123e1ed63add18ccdcaeb3/screenshot - {}
RESULT: {}
COMMAND: POST /session/6972a1617f123e1ed63add18ccdcaeb3/element - {"using":"xpath","value":"//bdi[contains(text(), \"Activate\")]"}
RESULT: {"using":"xpath","value":"//bdi[contains(text(), \"Activate\")]"}
COMMAND: POST /session/6972a1617f123e1ed63add18ccdcaeb3/element/f.9349F0344C151F4717E5B92144CF4C98.d.DB1DFE40C0F47033A3E72D8AA42470A4.e.1010/click - {}
RESULT: {}
COMMAND: GET /session/6972a1617f123e1ed63add18ccdcaeb3/screenshot - {}
RESULT: {}
COMMAND: POST /session/6972a1617f123e1ed63add18ccdcaeb3/element - {"using":"xpath","value":"//bdi[contains(text(), \"Yes\")]"}
RESULT: {"using":"xpath","value":"//bdi[contains(text(), \"Yes\")]"}
COMMAND: POST /session/6972a1617f123e1ed63add18ccdcaeb3/element/f.9349F0344C151F4717E5B92144CF4C98.d.DB1DFE40C0F47033A3E72D8AA42470A4.e.1013/click - {}
RESULT: {}
COMMAND: GET /session/6972a1617f123e1ed63add18ccdcaeb3/screenshot - {}
RESULT: {}
COMMAND: POST /session/6972a1617f123e1ed63add18ccdcaeb3/element - {"using":"xpath","value":"//table[contains(@id, \"customPersonsAddressesTable-listUl\")]/tbody/tr[1]/td[10]/div/span"}
RESULT: {"using":"xpath","value":"//table[contains(@id, \"customPersonsAddressesTable-listUl\")]/tbody/tr[1]/td[10]/div/span"}
COMMAND: POST /session/6972a1617f123e1ed63add18ccdcaeb3/execute/sync - {"script":"<script> [56 bytes]","args":[{"element-6066-11e4-a52e-4f735466cecf":"f.9349F0344C151F4717E5B92144CF4C98.d.DB1DFE40C0F47033A3E72D8AA42470A4.e.1009","ELEMENT":"f.9349F0344C151F4717E5B92144CF4C98.d.DB1DFE40C0F47033A3E72D8AA42470A4.e.1009"}]}
RESULT: {"script":"<script> [56 bytes]","args":[{"element-6066-11e4-a52e-4f735466cecf":"f.9349F0344C151F4717E5B92144CF4C98.d.DB1DFE40C0F47033A3E72D8AA42470A4.e.1009","ELEMENT":"f.9349F0344C151F4717E5B92144CF4C98.d.DB1DFE40C0F47033A3E72D8AA42470A4.e.1009"}]}
COMMAND: GET /session/6972a1617f123e1ed63add18ccdcaeb3/screenshot - {}
RESULT: {}
COMMAND: POST /session/6972a1617f123e1ed63add18ccdcaeb3/element - {"using":"css selector","value":"#shell-header-logo"}
RESULT: {"using":"css selector","value":"#shell-header-logo"}
COMMAND: POST /session/6972a1617f123e1ed63add18ccdcaeb3/element/f.9349F0344C151F4717E5B92144CF4C98.d.DB1DFE40C0F47033A3E72D8AA42470A4.e.816/click - {}
RESULT: {}
COMMAND: GET /session/6972a1617f123e1ed63add18ccdcaeb3/screenshot - {}
RESULT: {}
]]></system-out>
    </testcase>
    <testcase classname="chrome.136_0_7103_93.windows.Address_Management_Tests_US156181_US151165_US151160_US156180_US156178_US151157_US151172_US151170_US151166_US151168" name="Step 4 Should verify searches US156180 edit person and address US156178" time="93.96">
      <system-out><![CDATA[
RESULT: undefined
COMMAND: POST /session/6972a1617f123e1ed63add18ccdcaeb3/element - {"using":"xpath","value":"//*[@id=\"__tile33\"]"}
RESULT: {"using":"xpath","value":"//*[@id=\"__tile33\"]"}
COMMAND: POST /session/6972a1617f123e1ed63add18ccdcaeb3/element/f.9349F0344C151F4717E5B92144CF4C98.d.DB1DFE40C0F47033A3E72D8AA42470A4.e.212/click - {}
RESULT: {}
COMMAND: GET /session/6972a1617f123e1ed63add18ccdcaeb3/screenshot - {}
RESULT: {}
COMMAND: POST /session/6972a1617f123e1ed63add18ccdcaeb3/elements - {"using":"xpath","value":"//span[text()='Error']"}
RESULT: {"using":"xpath","value":"//span[text()='Error']"}
COMMAND: POST /session/6972a1617f123e1ed63add18ccdcaeb3/element - {"using":"xpath","value":"//button[@data-kt=\"addButton\"]"}
RESULT: {"using":"xpath","value":"//button[@data-kt=\"addButton\"]"}
COMMAND: POST /session/6972a1617f123e1ed63add18ccdcaeb3/elements - {"using":"xpath","value":"//button[@data-kt=\"addButton\"]"}
RESULT: {"using":"xpath","value":"//button[@data-kt=\"addButton\"]"}
COMMAND: POST /session/6972a1617f123e1ed63add18ccdcaeb3/execute/sync - {"script":"<script> [8489 bytes]","args":[{"element-6066-11e4-a52e-4f735466cecf":"f.9349F0344C151F4717E5B92144CF4C98.d.DB1DFE40C0F47033A3E72D8AA42470A4.e.1061","ELEMENT":"f.9349F0344C151F4717E5B92144CF4C98.d.DB1DFE40C0F47033A3E72D8AA42470A4.e.1061"}]}
RESULT: {"script":"<script> [8489 bytes]","args":[{"element-6066-11e4-a52e-4f735466cecf":"f.9349F0344C151F4717E5B92144CF4C98.d.DB1DFE40C0F47033A3E72D8AA42470A4.e.1061","ELEMENT":"f.9349F0344C151F4717E5B92144CF4C98.d.DB1DFE40C0F47033A3E72D8AA42470A4.e.1061"}]}
COMMAND: GET /session/6972a1617f123e1ed63add18ccdcaeb3/element/f.9349F0344C151F4717E5B92144CF4C98.d.DB1DFE40C0F47033A3E72D8AA42470A4.e.1061/enabled - {}
COMMAND: GET /session/6972a1617f123e1ed63add18ccdcaeb3/screenshot - {}
RESULT: {}
COMMAND: POST /session/6972a1617f123e1ed63add18ccdcaeb3/execute/sync - {"script":"<script> [8489 bytes]","args":[{"element-6066-11e4-a52e-4f735466cecf":"f.9349F0344C151F4717E5B92144CF4C98.d.DB1DFE40C0F47033A3E72D8AA42470A4.e.1061","ELEMENT":"f.9349F0344C151F4717E5B92144CF4C98.d.DB1DFE40C0F47033A3E72D8AA42470A4.e.1061"}]}
COMMAND: GET /session/6972a1617f123e1ed63add18ccdcaeb3/screenshot - {}
RESULT: {}
RESULT: {"script":"<script> [8489 bytes]","args":[{"element-6066-11e4-a52e-4f735466cecf":"f.9349F0344C151F4717E5B92144CF4C98.d.DB1DFE40C0F47033A3E72D8AA42470A4.e.1061","ELEMENT":"f.9349F0344C151F4717E5B92144CF4C98.d.DB1DFE40C0F47033A3E72D8AA42470A4.e.1061"}]}
COMMAND: POST /session/6972a1617f123e1ed63add18ccdcaeb3/execute/sync - {"script":"<script> [5351 bytes]","args":[{"element-6066-11e4-a52e-4f735466cecf":"f.9349F0344C151F4717E5B92144CF4C98.d.DB1DFE40C0F47033A3E72D8AA42470A4.e.1061","ELEMENT":"f.9349F0344C151F4717E5B92144CF4C98.d.DB1DFE40C0F47033A3E72D8AA42470A4.e.1061"}]}
COMMAND: GET /session/6972a1617f123e1ed63add18ccdcaeb3/screenshot - {}
RESULT: {}
RESULT: {}
RESULT: {"script":"<script> [5351 bytes]","args":[{"element-6066-11e4-a52e-4f735466cecf":"f.9349F0344C151F4717E5B92144CF4C98.d.DB1DFE40C0F47033A3E72D8AA42470A4.e.1061","ELEMENT":"f.9349F0344C151F4717E5B92144CF4C98.d.DB1DFE40C0F47033A3E72D8AA42470A4.e.1061"}]}
COMMAND: GET /session/6972a1617f123e1ed63add18ccdcaeb3/screenshot - {}
RESULT: {}
RESULT: undefined
COMMAND: POST /session/6972a1617f123e1ed63add18ccdcaeb3/execute/async - {"script":"<script> [776 bytes]","args":[{"enterText":"qDbk5hg2s6","selector":{"id":"application-addressmanagement-display-component---masterAdm--smartFilterBar-btnBasicSearch","interaction":{"idSuffix":"I"}},"clearTextFirst":true,"interactionType":"ENTER_TEXT"}]}
RESULT: {"script":"<script> [776 bytes]","args":[{"enterText":"qDbk5hg2s6","selector":{"id":"application-addressmanagement-display-component---masterAdm--smartFilterBar-btnBasicSearch","interaction":{"idSuffix":"I"}},"clearTextFirst":true,"interactionType":"ENTER_TEXT"}]}
COMMAND: POST /session/6972a1617f123e1ed63add18ccdcaeb3/actions - {"actions":[{"id":"action4","type":"key","parameters":{},"actions":[{"type":"keyDown","value":""},{"type":"pause","duration":10},{"type":"keyUp","value":""}]}]}
RESULT: {"actions":[{"id":"action4","type":"key","parameters":{},"actions":[{"type":"keyDown","value":""},{"type":"pause","duration":10},{"type":"keyUp","value":""}]}]}
COMMAND: GET /session/6972a1617f123e1ed63add18ccdcaeb3/screenshot - {}
RESULT: {}
COMMAND: POST /session/6972a1617f123e1ed63add18ccdcaeb3/elements - {"using":"xpath","value":"//table[contains(@id, \"customPersonsAddressesTable-listUl\")]/tbody/tr"}
RESULT: {"using":"xpath","value":"//table[contains(@id, \"customPersonsAddressesTable-listUl\")]/tbody/tr"}
COMMAND: POST /session/6972a1617f123e1ed63add18ccdcaeb3/element - {"using":"xpath","value":"//table[contains(@id, \"customPersonsAddressesTable-listUl\")]/tbody/tr[1]/td[5]/span/span"}
RESULT: {"using":"xpath","value":"//table[contains(@id, \"customPersonsAddressesTable-listUl\")]/tbody/tr[1]/td[5]/span/span"}
COMMAND: POST /session/6972a1617f123e1ed63add18ccdcaeb3/element - {"using":"xpath","value":"//table[contains(@id, \"customPersonsAddressesTable-listUl\")]/tbody/tr[1]/td[3]/span"}
RESULT: {"using":"xpath","value":"//table[contains(@id, \"customPersonsAddressesTable-listUl\")]/tbody/tr[1]/td[3]/span"}
COMMAND: POST /session/6972a1617f123e1ed63add18ccdcaeb3/elements - {"using":"xpath","value":"//table[contains(@id, \"customPersonsAddressesTable-listUl\")]/tbody/tr[1]/td[5]/span/span"}
RESULT: {"using":"xpath","value":"//table[contains(@id, \"customPersonsAddressesTable-listUl\")]/tbody/tr[1]/td[5]/span/span"}
COMMAND: POST /session/6972a1617f123e1ed63add18ccdcaeb3/execute/sync - {"script":"<script> [56 bytes]","args":[{"element-6066-11e4-a52e-4f735466cecf":"f.9349F0344C151F4717E5B92144CF4C98.d.DB1DFE40C0F47033A3E72D8AA42470A4.e.1210","ELEMENT":"f.9349F0344C151F4717E5B92144CF4C98.d.DB1DFE40C0F47033A3E72D8AA42470A4.e.1210"}]}
RESULT: {"script":"<script> [56 bytes]","args":[{"element-6066-11e4-a52e-4f735466cecf":"f.9349F0344C151F4717E5B92144CF4C98.d.DB1DFE40C0F47033A3E72D8AA42470A4.e.1210","ELEMENT":"f.9349F0344C151F4717E5B92144CF4C98.d.DB1DFE40C0F47033A3E72D8AA42470A4.e.1210"}]}
COMMAND: POST /session/6972a1617f123e1ed63add18ccdcaeb3/execute/sync - {"script":"<script> [56 bytes]","args":[{"element-6066-11e4-a52e-4f735466cecf":"f.9349F0344C151F4717E5B92144CF4C98.d.DB1DFE40C0F47033A3E72D8AA42470A4.e.1211","ELEMENT":"f.9349F0344C151F4717E5B92144CF4C98.d.DB1DFE40C0F47033A3E72D8AA42470A4.e.1211"}]}
COMMAND: GET /session/6972a1617f123e1ed63add18ccdcaeb3/screenshot - {}
RESULT: {"script":"<script> [56 bytes]","args":[{"element-6066-11e4-a52e-4f735466cecf":"f.9349F0344C151F4717E5B92144CF4C98.d.DB1DFE40C0F47033A3E72D8AA42470A4.e.1211","ELEMENT":"f.9349F0344C151F4717E5B92144CF4C98.d.DB1DFE40C0F47033A3E72D8AA42470A4.e.1211"}]}
COMMAND: POST /session/6972a1617f123e1ed63add18ccdcaeb3/element - {"using":"xpath","value":"(//span[contains(@id, \"imgNav\")])[1]"}
COMMAND: GET /session/6972a1617f123e1ed63add18ccdcaeb3/screenshot - {}
RESULT: {}
RESULT: {"using":"xpath","value":"(//span[contains(@id, \"imgNav\")])[1]"}
COMMAND: POST /session/6972a1617f123e1ed63add18ccdcaeb3/element/f.9349F0344C151F4717E5B92144CF4C98.d.DB1DFE40C0F47033A3E72D8AA42470A4.e.1208/click - {}
RESULT: {}
RESULT: {}
COMMAND: GET /session/6972a1617f123e1ed63add18ccdcaeb3/screenshot - {}
RESULT: {}
COMMAND: POST /session/6972a1617f123e1ed63add18ccdcaeb3/element - {"using":"xpath","value":"//bdi[contains(text(), \"Edit\")]"}
RESULT: {"using":"xpath","value":"//bdi[contains(text(), \"Edit\")]"}
COMMAND: POST /session/6972a1617f123e1ed63add18ccdcaeb3/element/f.9349F0344C151F4717E5B92144CF4C98.d.DB1DFE40C0F47033A3E72D8AA42470A4.e.1331/click - {}
RESULT: {}
COMMAND: GET /session/6972a1617f123e1ed63add18ccdcaeb3/screenshot - {}
RESULT: {}
COMMAND: POST /session/6972a1617f123e1ed63add18ccdcaeb3/execute/async - {"script":"<script> [1562 bytes]","args":[{"selector":{"controlType":"sap.ui.core.Icon","viewName":"etm.portal.ui.addressmanagement.view.EditDetail","properties":{"src":{"regex":{"source":"slim\\-arrow\\-down"}}},"ancestor":{"id":"addressTitle","viewName":"etm.portal.ui.addressmanagement.view.EditDetail"}},"wdio_ui5_key":"etmportal.ui.addressmanagement.view.EditDetailsap.ui.core.Icon{\"src\":{\"regex\":{\"source\":\"slim\\\\-arrow\\\\-down\"}}}{\"id\":\"addressTitle\",\"viewName\":\"etm.portal.ui.addressmanagement.view.EditDetail\"}"}]}
RESULT: {"script":"<script> [1562 bytes]","args":[{"selector":{"controlType":"sap.ui.core.Icon","viewName":"etm.portal.ui.addressmanagement.view.EditDetail","properties":{"src":{"regex":{"source":"slim\\-arrow\\-down"}}},"ancestor":{"id":"addressTitle","viewName":"etm.portal.ui.addressmanagement.view.EditDetail"}},"wdio_ui5_key":"etmportal.ui.addressmanagement.view.EditDetailsap.ui.core.Icon{\"src\":{\"regex\":{\"source\":\"slim\\\\-arrow\\\\-down\"}}}{\"id\":\"addressTitle\",\"viewName\":\"etm.portal.ui.addressmanagement.view.EditDetail\"}"}]}
RESULT: undefined
COMMAND: POST /session/6972a1617f123e1ed63add18ccdcaeb3/element - {"using":"xpath","value":"//*[@id=\"__xmlview59--addressTitle-arrow\"]"}
RESULT: {"using":"xpath","value":"//*[@id=\"__xmlview59--addressTitle-arrow\"]"}
COMMAND: POST /session/6972a1617f123e1ed63add18ccdcaeb3/element/f.9349F0344C151F4717E5B92144CF4C98.d.DB1DFE40C0F47033A3E72D8AA42470A4.e.1369/click - {}
RESULT: {}
COMMAND: GET /session/6972a1617f123e1ed63add18ccdcaeb3/screenshot - {}
RESULT: {}
COMMAND: POST /session/6972a1617f123e1ed63add18ccdcaeb3/element - {"using":"xpath","value":"//li[.//span[text()=\"Mr.\"]]"}
RESULT: {"using":"xpath","value":"//li[.//span[text()=\"Mr.\"]]"}
COMMAND: POST /session/6972a1617f123e1ed63add18ccdcaeb3/element/f.9349F0344C151F4717E5B92144CF4C98.d.DB1DFE40C0F47033A3E72D8AA42470A4.e.1371/click - {}
RESULT: {}
COMMAND: GET /session/6972a1617f123e1ed63add18ccdcaeb3/screenshot - {}
RESULT: {}
COMMAND: POST /session/6972a1617f123e1ed63add18ccdcaeb3/execute/async - {"script":"<script> [1562 bytes]","args":[{"selector":{"controlType":"sap.m.Input","viewName":"etm.portal.ui.addressmanagement.view.EditDetail","labelFor":{"text":"Last Name"},"interaction":{"idSuffix":"inner"}},"wdio_ui5_key":"etmportal.ui.addressmanagement.view.EditDetailsap.m.Input{\"text\":\"Last Name\"}"}]}
RESULT: {"script":"<script> [1562 bytes]","args":[{"selector":{"controlType":"sap.m.Input","viewName":"etm.portal.ui.addressmanagement.view.EditDetail","labelFor":{"text":"Last Name"},"interaction":{"idSuffix":"inner"}},"wdio_ui5_key":"etmportal.ui.addressmanagement.view.EditDetailsap.m.Input{\"text\":\"Last Name\"}"}]}
RESULT: undefined
COMMAND: POST /session/6972a1617f123e1ed63add18ccdcaeb3/execute/async - {"script":"<script> [776 bytes]","args":[{"enterText":"EDIT John Cena","selector":{"controlType":"sap.m.Input","viewName":"etm.portal.ui.addressmanagement.view.EditDetail","labelFor":{"text":"Last Name"},"interaction":{"idSuffix":"inner"}},"clearTextFirst":true,"interactionType":"ENTER_TEXT"}]}
RESULT: {"script":"<script> [776 bytes]","args":[{"enterText":"EDIT John Cena","selector":{"controlType":"sap.m.Input","viewName":"etm.portal.ui.addressmanagement.view.EditDetail","labelFor":{"text":"Last Name"},"interaction":{"idSuffix":"inner"}},"clearTextFirst":true,"interactionType":"ENTER_TEXT"}]}
COMMAND: POST /session/6972a1617f123e1ed63add18ccdcaeb3/execute/async - {"script":"<script> [1562 bytes]","args":[{"selector":{"controlType":"sap.ui.core.Icon","viewName":"etm.portal.ui.addressmanagement.view.EditDetail","properties":{"src":{"regex":{"source":"slim\\-arrow\\-down"}}},"ancestor":{"id":"addressDetailDetailsLanguage","viewName":"etm.portal.ui.addressmanagement.view.EditDetail"}},"wdio_ui5_key":"etmportal.ui.addressmanagement.view.EditDetailsap.ui.core.Icon{\"src\":{\"regex\":{\"source\":\"slim\\\\-arrow\\\\-down\"}}}{\"id\":\"addressDetailDetailsLanguage\",\"viewName\":\"etm.portal.ui.addressmanagement.view.EditDetail\"}"}]}
RESULT: {"script":"<script> [1562 bytes]","args":[{"selector":{"controlType":"sap.ui.core.Icon","viewName":"etm.portal.ui.addressmanagement.view.EditDetail","properties":{"src":{"regex":{"source":"slim\\-arrow\\-down"}}},"ancestor":{"id":"addressDetailDetailsLanguage","viewName":"etm.portal.ui.addressmanagement.view.EditDetail"}},"wdio_ui5_key":"etmportal.ui.addressmanagement.view.EditDetailsap.ui.core.Icon{\"src\":{\"regex\":{\"source\":\"slim\\\\-arrow\\\\-down\"}}}{\"id\":\"addressDetailDetailsLanguage\",\"viewName\":\"etm.portal.ui.addressmanagement.view.EditDetail\"}"}]}
RESULT: undefined
COMMAND: POST /session/6972a1617f123e1ed63add18ccdcaeb3/element - {"using":"xpath","value":"//*[@id=\"__xmlview59--addressDetailDetailsLanguage-arrow\"]"}
RESULT: {"using":"xpath","value":"//*[@id=\"__xmlview59--addressDetailDetailsLanguage-arrow\"]"}
COMMAND: POST /session/6972a1617f123e1ed63add18ccdcaeb3/element/f.9349F0344C151F4717E5B92144CF4C98.d.DB1DFE40C0F47033A3E72D8AA42470A4.e.1373/click - {}
RESULT: {}
COMMAND: GET /session/6972a1617f123e1ed63add18ccdcaeb3/screenshot - {}
RESULT: {}
COMMAND: POST /session/6972a1617f123e1ed63add18ccdcaeb3/element - {"using":"xpath","value":"//span[contains(text(), \"Bulgarian\")]"}
RESULT: {"using":"xpath","value":"//span[contains(text(), \"Bulgarian\")]"}
COMMAND: POST /session/6972a1617f123e1ed63add18ccdcaeb3/element/f.9349F0344C151F4717E5B92144CF4C98.d.DB1DFE40C0F47033A3E72D8AA42470A4.e.1374/click - {}
RESULT: {}
COMMAND: GET /session/6972a1617f123e1ed63add18ccdcaeb3/screenshot - {}
RESULT: {}
COMMAND: POST /session/6972a1617f123e1ed63add18ccdcaeb3/execute/async - {"script":"<script> [1562 bytes]","args":[{"selector":{"controlType":"sap.m.Input","viewName":"etm.portal.ui.addressmanagement.view.EditDetail","labelFor":{"text":"ZIP/Postal code"},"interaction":{"idSuffix":"inner"}},"wdio_ui5_key":"etmportal.ui.addressmanagement.view.EditDetailsap.m.Input{\"text\":\"ZIP/Postal code\"}"}]}
RESULT: {"script":"<script> [1562 bytes]","args":[{"selector":{"controlType":"sap.m.Input","viewName":"etm.portal.ui.addressmanagement.view.EditDetail","labelFor":{"text":"ZIP/Postal code"},"interaction":{"idSuffix":"inner"}},"wdio_ui5_key":"etmportal.ui.addressmanagement.view.EditDetailsap.m.Input{\"text\":\"ZIP/Postal code\"}"}]}
RESULT: undefined
COMMAND: POST /session/6972a1617f123e1ed63add18ccdcaeb3/execute/async - {"script":"<script> [776 bytes]","args":[{"enterText":"500292","selector":{"controlType":"sap.m.Input","viewName":"etm.portal.ui.addressmanagement.view.EditDetail","labelFor":{"text":"ZIP/Postal code"},"interaction":{"idSuffix":"inner"}},"clearTextFirst":true,"interactionType":"ENTER_TEXT"}]}
RESULT: {"script":"<script> [776 bytes]","args":[{"enterText":"500292","selector":{"controlType":"sap.m.Input","viewName":"etm.portal.ui.addressmanagement.view.EditDetail","labelFor":{"text":"ZIP/Postal code"},"interaction":{"idSuffix":"inner"}},"clearTextFirst":true,"interactionType":"ENTER_TEXT"}]}
COMMAND: POST /session/6972a1617f123e1ed63add18ccdcaeb3/execute/async - {"script":"<script> [1562 bytes]","args":[{"selector":{"id":"addressDetailContactsEmail","viewName":"etm.portal.ui.addressmanagement.view.EditDetail","interaction":{"idSuffix":"inner"}},"wdio_ui5_key":"addressDetailContactsEmailetmportal.ui.addressmanagement.view.EditDetail"}]}
RESULT: {"script":"<script> [1562 bytes]","args":[{"selector":{"id":"addressDetailContactsEmail","viewName":"etm.portal.ui.addressmanagement.view.EditDetail","interaction":{"idSuffix":"inner"}},"wdio_ui5_key":"addressDetailContactsEmailetmportal.ui.addressmanagement.view.EditDetail"}]}
RESULT: undefined
COMMAND: POST /session/6972a1617f123e1ed63add18ccdcaeb3/execute/async - {"script":"<script> [776 bytes]","args":[{"enterText":"webdriverrules@emailfake.com","selector":{"id":"addressDetailContactsEmail","viewName":"etm.portal.ui.addressmanagement.view.EditDetail","interaction":{"idSuffix":"inner"}},"clearTextFirst":true,"interactionType":"ENTER_TEXT"}]}
RESULT: {"script":"<script> [776 bytes]","args":[{"enterText":"webdriverrules@emailfake.com","selector":{"id":"addressDetailContactsEmail","viewName":"etm.portal.ui.addressmanagement.view.EditDetail","interaction":{"idSuffix":"inner"}},"clearTextFirst":true,"interactionType":"ENTER_TEXT"}]}
COMMAND: POST /session/6972a1617f123e1ed63add18ccdcaeb3/execute/async - {"script":"<script> [1562 bytes]","args":[{"selector":{"id":"addressUserJobTitle","viewName":"etm.portal.ui.addressmanagement.view.EditDetail","interaction":{"idSuffix":"inner"}},"wdio_ui5_key":"addressUserJobTitleetmportal.ui.addressmanagement.view.EditDetail"}]}
RESULT: {"script":"<script> [1562 bytes]","args":[{"selector":{"id":"addressUserJobTitle","viewName":"etm.portal.ui.addressmanagement.view.EditDetail","interaction":{"idSuffix":"inner"}},"wdio_ui5_key":"addressUserJobTitleetmportal.ui.addressmanagement.view.EditDetail"}]}
RESULT: undefined
COMMAND: POST /session/6972a1617f123e1ed63add18ccdcaeb3/execute/async - {"script":"<script> [776 bytes]","args":[{"enterText":"director","selector":{"id":"addressUserJobTitle","viewName":"etm.portal.ui.addressmanagement.view.EditDetail","interaction":{"idSuffix":"inner"}},"clearTextFirst":true,"interactionType":"ENTER_TEXT"}]}
RESULT: {"script":"<script> [776 bytes]","args":[{"enterText":"director","selector":{"id":"addressUserJobTitle","viewName":"etm.portal.ui.addressmanagement.view.EditDetail","interaction":{"idSuffix":"inner"}},"clearTextFirst":true,"interactionType":"ENTER_TEXT"}]}
COMMAND: POST /session/6972a1617f123e1ed63add18ccdcaeb3/execute/async - {"script":"<script> [1562 bytes]","args":[{"selector":{"id":"tagMultiInput","viewName":"etm.portal.ui.addressmanagement.view.EditDetail","interaction":{"idSuffix":"inner"}},"wdio_ui5_key":"tagMultiInputetmportal.ui.addressmanagement.view.EditDetail"}]}
RESULT: {"script":"<script> [1562 bytes]","args":[{"selector":{"id":"tagMultiInput","viewName":"etm.portal.ui.addressmanagement.view.EditDetail","interaction":{"idSuffix":"inner"}},"wdio_ui5_key":"tagMultiInputetmportal.ui.addressmanagement.view.EditDetail"}]}
RESULT: undefined
COMMAND: POST /session/6972a1617f123e1ed63add18ccdcaeb3/execute/async - {"script":"<script> [776 bytes]","args":[{"enterText":"testyTag1","selector":{"id":"tagMultiInput","viewName":"etm.portal.ui.addressmanagement.view.EditDetail","interaction":{"idSuffix":"inner"}},"clearTextFirst":true,"interactionType":"ENTER_TEXT"}]}
RESULT: {"script":"<script> [776 bytes]","args":[{"enterText":"testyTag1","selector":{"id":"tagMultiInput","viewName":"etm.portal.ui.addressmanagement.view.EditDetail","interaction":{"idSuffix":"inner"}},"clearTextFirst":true,"interactionType":"ENTER_TEXT"}]}
COMMAND: POST /session/6972a1617f123e1ed63add18ccdcaeb3/actions - {"actions":[{"id":"action5","type":"key","parameters":{},"actions":[{"type":"keyDown","value":""},{"type":"pause","duration":10},{"type":"keyUp","value":""}]}]}
RESULT: {"actions":[{"id":"action5","type":"key","parameters":{},"actions":[{"type":"keyDown","value":""},{"type":"pause","duration":10},{"type":"keyUp","value":""}]}]}
COMMAND: GET /session/6972a1617f123e1ed63add18ccdcaeb3/screenshot - {}
RESULT: {}
RESULT: undefined
COMMAND: POST /session/6972a1617f123e1ed63add18ccdcaeb3/execute/async - {"script":"<script> [776 bytes]","args":[{"enterText":"taggyTag2","selector":{"id":"tagMultiInput","viewName":"etm.portal.ui.addressmanagement.view.EditDetail","interaction":{"idSuffix":"inner"}},"clearTextFirst":true,"interactionType":"ENTER_TEXT"}]}
RESULT: {"script":"<script> [776 bytes]","args":[{"enterText":"taggyTag2","selector":{"id":"tagMultiInput","viewName":"etm.portal.ui.addressmanagement.view.EditDetail","interaction":{"idSuffix":"inner"}},"clearTextFirst":true,"interactionType":"ENTER_TEXT"}]}
COMMAND: POST /session/6972a1617f123e1ed63add18ccdcaeb3/actions - {"actions":[{"id":"action6","type":"key","parameters":{},"actions":[{"type":"keyDown","value":""},{"type":"pause","duration":10},{"type":"keyUp","value":""}]}]}
RESULT: {"actions":[{"id":"action6","type":"key","parameters":{},"actions":[{"type":"keyDown","value":""},{"type":"pause","duration":10},{"type":"keyUp","value":""}]}]}
COMMAND: GET /session/6972a1617f123e1ed63add18ccdcaeb3/screenshot - {}
RESULT: {}
COMMAND: POST /session/6972a1617f123e1ed63add18ccdcaeb3/element - {"using":"xpath","value":"//button[@data-kt=\"saveButton\"]"}
RESULT: {"using":"xpath","value":"//button[@data-kt=\"saveButton\"]"}
COMMAND: POST /session/6972a1617f123e1ed63add18ccdcaeb3/element/f.9349F0344C151F4717E5B92144CF4C98.d.DB1DFE40C0F47033A3E72D8AA42470A4.e.1380/click - {}
RESULT: {}
COMMAND: GET /session/6972a1617f123e1ed63add18ccdcaeb3/screenshot - {}
RESULT: {}
COMMAND: POST /session/6972a1617f123e1ed63add18ccdcaeb3/element - {"using":"xpath","value":"//span[@id=\"application-addressmanagement-display-component---detailAdm--addressTitle\"]"}
RESULT: {"using":"xpath","value":"//span[@id=\"application-addressmanagement-display-component---detailAdm--addressTitle\"]"}
COMMAND: POST /session/6972a1617f123e1ed63add18ccdcaeb3/elements - {"using":"xpath","value":"//span[@id=\"application-addressmanagement-display-component---detailAdm--addressTitle\"]"}
RESULT: {"using":"xpath","value":"//span[@id=\"application-addressmanagement-display-component---detailAdm--addressTitle\"]"}
COMMAND: POST /session/6972a1617f123e1ed63add18ccdcaeb3/execute/sync - {"script":"<script> [56 bytes]","args":[{"element-6066-11e4-a52e-4f735466cecf":"f.9349F0344C151F4717E5B92144CF4C98.d.DB1DFE40C0F47033A3E72D8AA42470A4.e.1396","ELEMENT":"f.9349F0344C151F4717E5B92144CF4C98.d.DB1DFE40C0F47033A3E72D8AA42470A4.e.1396"}]}
RESULT: {"script":"<script> [56 bytes]","args":[{"element-6066-11e4-a52e-4f735466cecf":"f.9349F0344C151F4717E5B92144CF4C98.d.DB1DFE40C0F47033A3E72D8AA42470A4.e.1396","ELEMENT":"f.9349F0344C151F4717E5B92144CF4C98.d.DB1DFE40C0F47033A3E72D8AA42470A4.e.1396"}]}
COMMAND: POST /session/6972a1617f123e1ed63add18ccdcaeb3/element - {"using":"xpath","value":"//span[@id=\"application-addressmanagement-display-component---detailAdm--addressDetailDetailsName2\"]"}
COMMAND: GET /session/6972a1617f123e1ed63add18ccdcaeb3/screenshot - {}
RESULT: {"using":"xpath","value":"//span[@id=\"application-addressmanagement-display-component---detailAdm--addressDetailDetailsName2\"]"}
COMMAND: POST /session/6972a1617f123e1ed63add18ccdcaeb3/elements - {"using":"xpath","value":"//span[@id=\"application-addressmanagement-display-component---detailAdm--addressDetailDetailsName2\"]"}
RESULT: {}
RESULT: {"using":"xpath","value":"//span[@id=\"application-addressmanagement-display-component---detailAdm--addressDetailDetailsName2\"]"}
COMMAND: POST /session/6972a1617f123e1ed63add18ccdcaeb3/execute/sync - {"script":"<script> [56 bytes]","args":[{"element-6066-11e4-a52e-4f735466cecf":"f.9349F0344C151F4717E5B92144CF4C98.d.DB1DFE40C0F47033A3E72D8AA42470A4.e.1397","ELEMENT":"f.9349F0344C151F4717E5B92144CF4C98.d.DB1DFE40C0F47033A3E72D8AA42470A4.e.1397"}]}
RESULT: {"script":"<script> [56 bytes]","args":[{"element-6066-11e4-a52e-4f735466cecf":"f.9349F0344C151F4717E5B92144CF4C98.d.DB1DFE40C0F47033A3E72D8AA42470A4.e.1397","ELEMENT":"f.9349F0344C151F4717E5B92144CF4C98.d.DB1DFE40C0F47033A3E72D8AA42470A4.e.1397"}]}
COMMAND: POST /session/6972a1617f123e1ed63add18ccdcaeb3/element - {"using":"xpath","value":"//span[@id=\"application-addressmanagement-display-component---detailAdm--addressDetailDetailsLanguage\"]"}
COMMAND: GET /session/6972a1617f123e1ed63add18ccdcaeb3/screenshot - {}
RESULT: {"using":"xpath","value":"//span[@id=\"application-addressmanagement-display-component---detailAdm--addressDetailDetailsLanguage\"]"}
COMMAND: POST /session/6972a1617f123e1ed63add18ccdcaeb3/elements - {"using":"xpath","value":"//span[@id=\"application-addressmanagement-display-component---detailAdm--addressDetailDetailsLanguage\"]"}
RESULT: {}
RESULT: {"using":"xpath","value":"//span[@id=\"application-addressmanagement-display-component---detailAdm--addressDetailDetailsLanguage\"]"}
COMMAND: POST /session/6972a1617f123e1ed63add18ccdcaeb3/execute/sync - {"script":"<script> [56 bytes]","args":[{"element-6066-11e4-a52e-4f735466cecf":"f.9349F0344C151F4717E5B92144CF4C98.d.DB1DFE40C0F47033A3E72D8AA42470A4.e.1398","ELEMENT":"f.9349F0344C151F4717E5B92144CF4C98.d.DB1DFE40C0F47033A3E72D8AA42470A4.e.1398"}]}
RESULT: {"script":"<script> [56 bytes]","args":[{"element-6066-11e4-a52e-4f735466cecf":"f.9349F0344C151F4717E5B92144CF4C98.d.DB1DFE40C0F47033A3E72D8AA42470A4.e.1398","ELEMENT":"f.9349F0344C151F4717E5B92144CF4C98.d.DB1DFE40C0F47033A3E72D8AA42470A4.e.1398"}]}
COMMAND: POST /session/6972a1617f123e1ed63add18ccdcaeb3/element - {"using":"xpath","value":"//span[@id=\"application-addressmanagement-display-component---detailAdm--addressDetailDetailsZip1\"]"}
COMMAND: GET /session/6972a1617f123e1ed63add18ccdcaeb3/screenshot - {}
RESULT: {"using":"xpath","value":"//span[@id=\"application-addressmanagement-display-component---detailAdm--addressDetailDetailsZip1\"]"}
COMMAND: POST /session/6972a1617f123e1ed63add18ccdcaeb3/elements - {"using":"xpath","value":"//span[@id=\"application-addressmanagement-display-component---detailAdm--addressDetailDetailsZip1\"]"}
RESULT: {}
RESULT: {"using":"xpath","value":"//span[@id=\"application-addressmanagement-display-component---detailAdm--addressDetailDetailsZip1\"]"}
COMMAND: POST /session/6972a1617f123e1ed63add18ccdcaeb3/execute/sync - {"script":"<script> [56 bytes]","args":[{"element-6066-11e4-a52e-4f735466cecf":"f.9349F0344C151F4717E5B92144CF4C98.d.DB1DFE40C0F47033A3E72D8AA42470A4.e.1399","ELEMENT":"f.9349F0344C151F4717E5B92144CF4C98.d.DB1DFE40C0F47033A3E72D8AA42470A4.e.1399"}]}
RESULT: {"script":"<script> [56 bytes]","args":[{"element-6066-11e4-a52e-4f735466cecf":"f.9349F0344C151F4717E5B92144CF4C98.d.DB1DFE40C0F47033A3E72D8AA42470A4.e.1399","ELEMENT":"f.9349F0344C151F4717E5B92144CF4C98.d.DB1DFE40C0F47033A3E72D8AA42470A4.e.1399"}]}
COMMAND: POST /session/6972a1617f123e1ed63add18ccdcaeb3/element - {"using":"xpath","value":"//span[@id=\"application-addressmanagement-display-component---detailAdm--addressDetailContactsEmail\"]"}
COMMAND: GET /session/6972a1617f123e1ed63add18ccdcaeb3/screenshot - {}
RESULT: {"using":"xpath","value":"//span[@id=\"application-addressmanagement-display-component---detailAdm--addressDetailContactsEmail\"]"}
COMMAND: POST /session/6972a1617f123e1ed63add18ccdcaeb3/elements - {"using":"xpath","value":"//span[@id=\"application-addressmanagement-display-component---detailAdm--addressDetailContactsEmail\"]"}
RESULT: {}
RESULT: {"using":"xpath","value":"//span[@id=\"application-addressmanagement-display-component---detailAdm--addressDetailContactsEmail\"]"}
COMMAND: POST /session/6972a1617f123e1ed63add18ccdcaeb3/execute/sync - {"script":"<script> [56 bytes]","args":[{"element-6066-11e4-a52e-4f735466cecf":"f.9349F0344C151F4717E5B92144CF4C98.d.DB1DFE40C0F47033A3E72D8AA42470A4.e.1400","ELEMENT":"f.9349F0344C151F4717E5B92144CF4C98.d.DB1DFE40C0F47033A3E72D8AA42470A4.e.1400"}]}
RESULT: {"script":"<script> [56 bytes]","args":[{"element-6066-11e4-a52e-4f735466cecf":"f.9349F0344C151F4717E5B92144CF4C98.d.DB1DFE40C0F47033A3E72D8AA42470A4.e.1400","ELEMENT":"f.9349F0344C151F4717E5B92144CF4C98.d.DB1DFE40C0F47033A3E72D8AA42470A4.e.1400"}]}
COMMAND: POST /session/6972a1617f123e1ed63add18ccdcaeb3/element - {"using":"xpath","value":"//span[@id=\"application-addressmanagement-display-component---detailAdm--addressUserJobTitle\"]"}
COMMAND: GET /session/6972a1617f123e1ed63add18ccdcaeb3/screenshot - {}
RESULT: {"using":"xpath","value":"//span[@id=\"application-addressmanagement-display-component---detailAdm--addressUserJobTitle\"]"}
COMMAND: POST /session/6972a1617f123e1ed63add18ccdcaeb3/elements - {"using":"xpath","value":"//span[@id=\"application-addressmanagement-display-component---detailAdm--addressUserJobTitle\"]"}
RESULT: {}
RESULT: {"using":"xpath","value":"//span[@id=\"application-addressmanagement-display-component---detailAdm--addressUserJobTitle\"]"}
COMMAND: POST /session/6972a1617f123e1ed63add18ccdcaeb3/execute/sync - {"script":"<script> [56 bytes]","args":[{"element-6066-11e4-a52e-4f735466cecf":"f.9349F0344C151F4717E5B92144CF4C98.d.DB1DFE40C0F47033A3E72D8AA42470A4.e.1401","ELEMENT":"f.9349F0344C151F4717E5B92144CF4C98.d.DB1DFE40C0F47033A3E72D8AA42470A4.e.1401"}]}
RESULT: {"script":"<script> [56 bytes]","args":[{"element-6066-11e4-a52e-4f735466cecf":"f.9349F0344C151F4717E5B92144CF4C98.d.DB1DFE40C0F47033A3E72D8AA42470A4.e.1401","ELEMENT":"f.9349F0344C151F4717E5B92144CF4C98.d.DB1DFE40C0F47033A3E72D8AA42470A4.e.1401"}]}
COMMAND: POST /session/6972a1617f123e1ed63add18ccdcaeb3/element - {"using":"xpath","value":"//span[contains(@class, \"sapMTokenText\") and text()=\"testyTag1\"]"}
COMMAND: GET /session/6972a1617f123e1ed63add18ccdcaeb3/screenshot - {}
RESULT: {"using":"xpath","value":"//span[contains(@class, \"sapMTokenText\") and text()=\"testyTag1\"]"}
COMMAND: POST /session/6972a1617f123e1ed63add18ccdcaeb3/element - {"using":"xpath","value":"//span[contains(@class, \"sapMTokenText\") and text()=\"taggyTag2\"]"}
RESULT: {}
RESULT: {"using":"xpath","value":"//span[contains(@class, \"sapMTokenText\") and text()=\"taggyTag2\"]"}
COMMAND: POST /session/6972a1617f123e1ed63add18ccdcaeb3/elements - {"using":"xpath","value":"//span[contains(@class, \"sapMTokenText\") and text()=\"testyTag1\"]"}
RESULT: {"using":"xpath","value":"//span[contains(@class, \"sapMTokenText\") and text()=\"testyTag1\"]"}
COMMAND: POST /session/6972a1617f123e1ed63add18ccdcaeb3/elements - {"using":"xpath","value":"//span[contains(@class, \"sapMTokenText\") and text()=\"taggyTag2\"]"}
RESULT: {"using":"xpath","value":"//span[contains(@class, \"sapMTokenText\") and text()=\"taggyTag2\"]"}
COMMAND: POST /session/6972a1617f123e1ed63add18ccdcaeb3/element - {"using":"css selector","value":"#shell-header-logo"}
RESULT: {"using":"css selector","value":"#shell-header-logo"}
COMMAND: POST /session/6972a1617f123e1ed63add18ccdcaeb3/element/f.9349F0344C151F4717E5B92144CF4C98.d.DB1DFE40C0F47033A3E72D8AA42470A4.e.1019/click - {}
RESULT: {}
COMMAND: GET /session/6972a1617f123e1ed63add18ccdcaeb3/screenshot - {}
RESULT: {}
]]></system-out>
    </testcase>
    <testcase classname="chrome.136_0_7103_93.windows.Address_Management_Tests_US156181_US151165_US151160_US156180_US156178_US151157_US151172_US151170_US151166_US151168" name="Step 5 Should verify searches US156180 verify filters US151157" time="118.004">
      <system-out><![CDATA[
RESULT: undefined
COMMAND: POST /session/6972a1617f123e1ed63add18ccdcaeb3/element - {"using":"xpath","value":"//*[@id=\"__tile33\"]"}
RESULT: {"using":"xpath","value":"//*[@id=\"__tile33\"]"}
COMMAND: POST /session/6972a1617f123e1ed63add18ccdcaeb3/element/f.9349F0344C151F4717E5B92144CF4C98.d.DB1DFE40C0F47033A3E72D8AA42470A4.e.212/click - {}
RESULT: {}
COMMAND: GET /session/6972a1617f123e1ed63add18ccdcaeb3/screenshot - {}
RESULT: {}
COMMAND: POST /session/6972a1617f123e1ed63add18ccdcaeb3/elements - {"using":"xpath","value":"//span[text()='Error']"}
RESULT: {"using":"xpath","value":"//span[text()='Error']"}
COMMAND: POST /session/6972a1617f123e1ed63add18ccdcaeb3/element - {"using":"xpath","value":"//button[@data-kt=\"addButton\"]"}
RESULT: {"using":"xpath","value":"//button[@data-kt=\"addButton\"]"}
COMMAND: POST /session/6972a1617f123e1ed63add18ccdcaeb3/elements - {"using":"xpath","value":"//button[@data-kt=\"addButton\"]"}
RESULT: {"using":"xpath","value":"//button[@data-kt=\"addButton\"]"}
COMMAND: POST /session/6972a1617f123e1ed63add18ccdcaeb3/execute/sync - {"script":"<script> [8489 bytes]","args":[{"element-6066-11e4-a52e-4f735466cecf":"f.9349F0344C151F4717E5B92144CF4C98.d.DB1DFE40C0F47033A3E72D8AA42470A4.e.1462","ELEMENT":"f.9349F0344C151F4717E5B92144CF4C98.d.DB1DFE40C0F47033A3E72D8AA42470A4.e.1462"}]}
RESULT: {"script":"<script> [8489 bytes]","args":[{"element-6066-11e4-a52e-4f735466cecf":"f.9349F0344C151F4717E5B92144CF4C98.d.DB1DFE40C0F47033A3E72D8AA42470A4.e.1462","ELEMENT":"f.9349F0344C151F4717E5B92144CF4C98.d.DB1DFE40C0F47033A3E72D8AA42470A4.e.1462"}]}
COMMAND: GET /session/6972a1617f123e1ed63add18ccdcaeb3/element/f.9349F0344C151F4717E5B92144CF4C98.d.DB1DFE40C0F47033A3E72D8AA42470A4.e.1462/enabled - {}
COMMAND: GET /session/6972a1617f123e1ed63add18ccdcaeb3/screenshot - {}
RESULT: {}
COMMAND: POST /session/6972a1617f123e1ed63add18ccdcaeb3/execute/sync - {"script":"<script> [8489 bytes]","args":[{"element-6066-11e4-a52e-4f735466cecf":"f.9349F0344C151F4717E5B92144CF4C98.d.DB1DFE40C0F47033A3E72D8AA42470A4.e.1462","ELEMENT":"f.9349F0344C151F4717E5B92144CF4C98.d.DB1DFE40C0F47033A3E72D8AA42470A4.e.1462"}]}
COMMAND: GET /session/6972a1617f123e1ed63add18ccdcaeb3/screenshot - {}
RESULT: {}
RESULT: {"script":"<script> [8489 bytes]","args":[{"element-6066-11e4-a52e-4f735466cecf":"f.9349F0344C151F4717E5B92144CF4C98.d.DB1DFE40C0F47033A3E72D8AA42470A4.e.1462","ELEMENT":"f.9349F0344C151F4717E5B92144CF4C98.d.DB1DFE40C0F47033A3E72D8AA42470A4.e.1462"}]}
COMMAND: POST /session/6972a1617f123e1ed63add18ccdcaeb3/execute/sync - {"script":"<script> [5351 bytes]","args":[{"element-6066-11e4-a52e-4f735466cecf":"f.9349F0344C151F4717E5B92144CF4C98.d.DB1DFE40C0F47033A3E72D8AA42470A4.e.1462","ELEMENT":"f.9349F0344C151F4717E5B92144CF4C98.d.DB1DFE40C0F47033A3E72D8AA42470A4.e.1462"}]}
COMMAND: GET /session/6972a1617f123e1ed63add18ccdcaeb3/screenshot - {}
RESULT: {}
RESULT: {"script":"<script> [5351 bytes]","args":[{"element-6066-11e4-a52e-4f735466cecf":"f.9349F0344C151F4717E5B92144CF4C98.d.DB1DFE40C0F47033A3E72D8AA42470A4.e.1462","ELEMENT":"f.9349F0344C151F4717E5B92144CF4C98.d.DB1DFE40C0F47033A3E72D8AA42470A4.e.1462"}]}
COMMAND: GET /session/6972a1617f123e1ed63add18ccdcaeb3/screenshot - {}
RESULT: {}
RESULT: {}
COMMAND: POST /session/6972a1617f123e1ed63add18ccdcaeb3/element - {"using":"xpath","value":"//span[@id=\"application-addressmanagement-display-component---masterAdm--smartTable-header-inner\"]"}
RESULT: {"using":"xpath","value":"//span[@id=\"application-addressmanagement-display-component---masterAdm--smartTable-header-inner\"]"}
COMMAND: POST /session/6972a1617f123e1ed63add18ccdcaeb3/elements - {"using":"xpath","value":"//span[@id=\"application-addressmanagement-display-component---masterAdm--smartTable-header-inner\"]"}
RESULT: {"using":"xpath","value":"//span[@id=\"application-addressmanagement-display-component---masterAdm--smartTable-header-inner\"]"}
COMMAND: POST /session/6972a1617f123e1ed63add18ccdcaeb3/execute/sync - {"script":"<script> [56 bytes]","args":[{"element-6066-11e4-a52e-4f735466cecf":"f.9349F0344C151F4717E5B92144CF4C98.d.DB1DFE40C0F47033A3E72D8AA42470A4.e.1592","ELEMENT":"f.9349F0344C151F4717E5B92144CF4C98.d.DB1DFE40C0F47033A3E72D8AA42470A4.e.1592"}]}
RESULT: {"script":"<script> [56 bytes]","args":[{"element-6066-11e4-a52e-4f735466cecf":"f.9349F0344C151F4717E5B92144CF4C98.d.DB1DFE40C0F47033A3E72D8AA42470A4.e.1592","ELEMENT":"f.9349F0344C151F4717E5B92144CF4C98.d.DB1DFE40C0F47033A3E72D8AA42470A4.e.1592"}]}
COMMAND: POST /session/6972a1617f123e1ed63add18ccdcaeb3/execute/async - {"script":"<script> [1562 bytes]","args":[{"selector":{"id":"application-addressmanagement-display-component---masterAdm--smartFilterBar-filterItemControl_BASIC-COUNTRY-vhi"},"wdio_ui5_key":"applicationaddressmanagement-display-component---masterAdm--smartFilterBar-filterItemControl_BASIC-COUNTRY-vhi"}]}
COMMAND: GET /session/6972a1617f123e1ed63add18ccdcaeb3/screenshot - {}
RESULT: {"script":"<script> [1562 bytes]","args":[{"selector":{"id":"application-addressmanagement-display-component---masterAdm--smartFilterBar-filterItemControl_BASIC-COUNTRY-vhi"},"wdio_ui5_key":"applicationaddressmanagement-display-component---masterAdm--smartFilterBar-filterItemControl_BASIC-COUNTRY-vhi"}]}
RESULT: undefined
COMMAND: POST /session/6972a1617f123e1ed63add18ccdcaeb3/element - {"using":"xpath","value":"//*[@id=\"application-addressmanagement-display-component---masterAdm--smartFilterBar-filterItemControl_BASIC-COUNTRY-vhi\"]"}
RESULT: {}
RESULT: {"using":"xpath","value":"//*[@id=\"application-addressmanagement-display-component---masterAdm--smartFilterBar-filterItemControl_BASIC-COUNTRY-vhi\"]"}
COMMAND: POST /session/6972a1617f123e1ed63add18ccdcaeb3/element/f.9349F0344C151F4717E5B92144CF4C98.d.DB1DFE40C0F47033A3E72D8AA42470A4.e.1593/click - {}
RESULT: {}
COMMAND: GET /session/6972a1617f123e1ed63add18ccdcaeb3/screenshot - {}
RESULT: {}
COMMAND: POST /session/6972a1617f123e1ed63add18ccdcaeb3/execute/async - {"script":"<script> [1562 bytes]","args":[{"selector":{"id":"application-addressmanagement-display-component---masterAdm--smartFilterBar-filterItemControl_BASIC-COUNTRY-valueHelpDialog-smartFilterBar-btnBasicSearch","searchOpenDialogs":true,"interaction":{"idSuffix":"I"}},"wdio_ui5_key":"applicationaddressmanagement-display-component---masterAdm--smartFilterBar-filterItemControl_BASIC-COUNTRY-valueHelpDialog-smartFilterBar-btnBasicSearch"}]}
RESULT: {"script":"<script> [1562 bytes]","args":[{"selector":{"id":"application-addressmanagement-display-component---masterAdm--smartFilterBar-filterItemControl_BASIC-COUNTRY-valueHelpDialog-smartFilterBar-btnBasicSearch","searchOpenDialogs":true,"interaction":{"idSuffix":"I"}},"wdio_ui5_key":"applicationaddressmanagement-display-component---masterAdm--smartFilterBar-filterItemControl_BASIC-COUNTRY-valueHelpDialog-smartFilterBar-btnBasicSearch"}]}
RESULT: undefined
COMMAND: POST /session/6972a1617f123e1ed63add18ccdcaeb3/execute/async - {"script":"<script> [776 bytes]","args":[{"enterText":"Romania","selector":{"id":"application-addressmanagement-display-component---masterAdm--smartFilterBar-filterItemControl_BASIC-COUNTRY-valueHelpDialog-smartFilterBar-btnBasicSearch","searchOpenDialogs":true,"interaction":{"idSuffix":"I"}},"clearTextFirst":true,"interactionType":"ENTER_TEXT"}]}
RESULT: {"script":"<script> [776 bytes]","args":[{"enterText":"Romania","selector":{"id":"application-addressmanagement-display-component---masterAdm--smartFilterBar-filterItemControl_BASIC-COUNTRY-valueHelpDialog-smartFilterBar-btnBasicSearch","searchOpenDialogs":true,"interaction":{"idSuffix":"I"}},"clearTextFirst":true,"interactionType":"ENTER_TEXT"}]}
COMMAND: POST /session/6972a1617f123e1ed63add18ccdcaeb3/actions - {"actions":[{"id":"action7","type":"key","parameters":{},"actions":[{"type":"keyDown","value":""},{"type":"pause","duration":10},{"type":"keyUp","value":""}]}]}
RESULT: {"actions":[{"id":"action7","type":"key","parameters":{},"actions":[{"type":"keyDown","value":""},{"type":"pause","duration":10},{"type":"keyUp","value":""}]}]}
COMMAND: POST /session/6972a1617f123e1ed63add18ccdcaeb3/elements - {"using":"xpath","value":"//table[contains(@id, \"smartFilterBar-filterItemControl_BASIC-COUNTRY-valueHelpDialog-table-table\")]/tbody/tr"}
COMMAND: GET /session/6972a1617f123e1ed63add18ccdcaeb3/screenshot - {}
RESULT: {"using":"xpath","value":"//table[contains(@id, \"smartFilterBar-filterItemControl_BASIC-COUNTRY-valueHelpDialog-table-table\")]/tbody/tr"}
COMMAND: POST /session/6972a1617f123e1ed63add18ccdcaeb3/element - {"using":"xpath","value":"//table[contains(@id, \"smartFilterBar-filterItemControl_BASIC-COUNTRY-valueHelpDialog-table-table\")]/tbody/tr[1]/td[1]/div/span"}
RESULT: {}
RESULT: {"using":"xpath","value":"//table[contains(@id, \"smartFilterBar-filterItemControl_BASIC-COUNTRY-valueHelpDialog-table-table\")]/tbody/tr[1]/td[1]/div/span"}
COMMAND: POST /session/6972a1617f123e1ed63add18ccdcaeb3/elements - {"using":"xpath","value":"//table[contains(@id, \"smartFilterBar-filterItemControl_BASIC-COUNTRY-valueHelpDialog-table-table\")]/tbody/tr[1]/td[1]/div/span"}
RESULT: {"using":"xpath","value":"//table[contains(@id, \"smartFilterBar-filterItemControl_BASIC-COUNTRY-valueHelpDialog-table-table\")]/tbody/tr[1]/td[1]/div/span"}
COMMAND: POST /session/6972a1617f123e1ed63add18ccdcaeb3/execute/sync - {"script":"<script> [56 bytes]","args":[{"element-6066-11e4-a52e-4f735466cecf":"f.9349F0344C151F4717E5B92144CF4C98.d.DB1DFE40C0F47033A3E72D8AA42470A4.e.1613","ELEMENT":"f.9349F0344C151F4717E5B92144CF4C98.d.DB1DFE40C0F47033A3E72D8AA42470A4.e.1613"}]}
RESULT: {"script":"<script> [56 bytes]","args":[{"element-6066-11e4-a52e-4f735466cecf":"f.9349F0344C151F4717E5B92144CF4C98.d.DB1DFE40C0F47033A3E72D8AA42470A4.e.1613","ELEMENT":"f.9349F0344C151F4717E5B92144CF4C98.d.DB1DFE40C0F47033A3E72D8AA42470A4.e.1613"}]}
COMMAND: POST /session/6972a1617f123e1ed63add18ccdcaeb3/element - {"using":"xpath","value":"//div[contains(@id, \"filterItemControl_BASIC-COUNTRY-valueHelpDialog-table-rowsel0\")]"}
COMMAND: GET /session/6972a1617f123e1ed63add18ccdcaeb3/screenshot - {}
RESULT: {"using":"xpath","value":"//div[contains(@id, \"filterItemControl_BASIC-COUNTRY-valueHelpDialog-table-rowsel0\")]"}
COMMAND: POST /session/6972a1617f123e1ed63add18ccdcaeb3/element/f.9349F0344C151F4717E5B92144CF4C98.d.DB1DFE40C0F47033A3E72D8AA42470A4.e.1614/click - {}
RESULT: {}
RESULT: {}
COMMAND: GET /session/6972a1617f123e1ed63add18ccdcaeb3/screenshot - {}
RESULT: {}
COMMAND: POST /session/6972a1617f123e1ed63add18ccdcaeb3/element - {"using":"xpath","value":"(//bdi[contains(text(), \"OK\")])[1]"}
RESULT: {"using":"xpath","value":"(//bdi[contains(text(), \"OK\")])[1]"}
COMMAND: POST /session/6972a1617f123e1ed63add18ccdcaeb3/element/f.9349F0344C151F4717E5B92144CF4C98.d.DB1DFE40C0F47033A3E72D8AA42470A4.e.1616/click - {}
RESULT: {}
COMMAND: GET /session/6972a1617f123e1ed63add18ccdcaeb3/screenshot - {}
RESULT: {}
COMMAND: POST /session/6972a1617f123e1ed63add18ccdcaeb3/element - {"using":"xpath","value":"//span[@id=\"application-addressmanagement-display-component---masterAdm--smartTable-header-inner\"]"}
RESULT: {"using":"xpath","value":"//span[@id=\"application-addressmanagement-display-component---masterAdm--smartTable-header-inner\"]"}
COMMAND: POST /session/6972a1617f123e1ed63add18ccdcaeb3/elements - {"using":"xpath","value":"//span[@id=\"application-addressmanagement-display-component---masterAdm--smartTable-header-inner\"]"}
RESULT: {"using":"xpath","value":"//span[@id=\"application-addressmanagement-display-component---masterAdm--smartTable-header-inner\"]"}
COMMAND: POST /session/6972a1617f123e1ed63add18ccdcaeb3/execute/sync - {"script":"<script> [56 bytes]","args":[{"element-6066-11e4-a52e-4f735466cecf":"f.9349F0344C151F4717E5B92144CF4C98.d.DB1DFE40C0F47033A3E72D8AA42470A4.e.1592","ELEMENT":"f.9349F0344C151F4717E5B92144CF4C98.d.DB1DFE40C0F47033A3E72D8AA42470A4.e.1592"}]}
RESULT: {"script":"<script> [56 bytes]","args":[{"element-6066-11e4-a52e-4f735466cecf":"f.9349F0344C151F4717E5B92144CF4C98.d.DB1DFE40C0F47033A3E72D8AA42470A4.e.1592","ELEMENT":"f.9349F0344C151F4717E5B92144CF4C98.d.DB1DFE40C0F47033A3E72D8AA42470A4.e.1592"}]}
COMMAND: POST /session/6972a1617f123e1ed63add18ccdcaeb3/element - {"using":"xpath","value":"//span[contains(@title, \"Remove\")]"}
COMMAND: GET /session/6972a1617f123e1ed63add18ccdcaeb3/screenshot - {}
RESULT: {"using":"xpath","value":"//span[contains(@title, \"Remove\")]"}
COMMAND: POST /session/6972a1617f123e1ed63add18ccdcaeb3/element/f.9349F0344C151F4717E5B92144CF4C98.d.DB1DFE40C0F47033A3E72D8AA42470A4.e.1746/click - {}
RESULT: {}
RESULT: {}
COMMAND: GET /session/6972a1617f123e1ed63add18ccdcaeb3/screenshot - {}
RESULT: {}
COMMAND: POST /session/6972a1617f123e1ed63add18ccdcaeb3/element - {"using":"xpath","value":"//span[@id=\"application-addressmanagement-display-component---masterAdm--smartTable-header-inner\"]"}
RESULT: {"using":"xpath","value":"//span[@id=\"application-addressmanagement-display-component---masterAdm--smartTable-header-inner\"]"}
COMMAND: POST /session/6972a1617f123e1ed63add18ccdcaeb3/elements - {"using":"xpath","value":"//span[@id=\"application-addressmanagement-display-component---masterAdm--smartTable-header-inner\"]"}
RESULT: {"using":"xpath","value":"//span[@id=\"application-addressmanagement-display-component---masterAdm--smartTable-header-inner\"]"}
COMMAND: POST /session/6972a1617f123e1ed63add18ccdcaeb3/execute/sync - {"script":"<script> [56 bytes]","args":[{"element-6066-11e4-a52e-4f735466cecf":"f.9349F0344C151F4717E5B92144CF4C98.d.DB1DFE40C0F47033A3E72D8AA42470A4.e.1592","ELEMENT":"f.9349F0344C151F4717E5B92144CF4C98.d.DB1DFE40C0F47033A3E72D8AA42470A4.e.1592"}]}
RESULT: {"script":"<script> [56 bytes]","args":[{"element-6066-11e4-a52e-4f735466cecf":"f.9349F0344C151F4717E5B92144CF4C98.d.DB1DFE40C0F47033A3E72D8AA42470A4.e.1592","ELEMENT":"f.9349F0344C151F4717E5B92144CF4C98.d.DB1DFE40C0F47033A3E72D8AA42470A4.e.1592"}]}
RESULT: undefined
COMMAND: POST /session/6972a1617f123e1ed63add18ccdcaeb3/element - {"using":"xpath","value":"//*[@id=\"application-addressmanagement-display-component---masterAdm--smartFilterBar-filterItemControl_BASIC-COUNTRY-vhi\"]"}
COMMAND: GET /session/6972a1617f123e1ed63add18ccdcaeb3/screenshot - {}
RESULT: {"using":"xpath","value":"//*[@id=\"application-addressmanagement-display-component---masterAdm--smartFilterBar-filterItemControl_BASIC-COUNTRY-vhi\"]"}
COMMAND: POST /session/6972a1617f123e1ed63add18ccdcaeb3/element/f.9349F0344C151F4717E5B92144CF4C98.d.DB1DFE40C0F47033A3E72D8AA42470A4.e.1593/click - {}
RESULT: {}
RESULT: {}
COMMAND: GET /session/6972a1617f123e1ed63add18ccdcaeb3/screenshot - {}
RESULT: {}
RESULT: undefined
COMMAND: POST /session/6972a1617f123e1ed63add18ccdcaeb3/execute/async - {"script":"<script> [776 bytes]","args":[{"enterText":"Romania","selector":{"id":"application-addressmanagement-display-component---masterAdm--smartFilterBar-filterItemControl_BASIC-COUNTRY-valueHelpDialog-smartFilterBar-btnBasicSearch","searchOpenDialogs":true,"interaction":{"idSuffix":"I"}},"clearTextFirst":true,"interactionType":"ENTER_TEXT"}]}
RESULT: {"script":"<script> [776 bytes]","args":[{"enterText":"Romania","selector":{"id":"application-addressmanagement-display-component---masterAdm--smartFilterBar-filterItemControl_BASIC-COUNTRY-valueHelpDialog-smartFilterBar-btnBasicSearch","searchOpenDialogs":true,"interaction":{"idSuffix":"I"}},"clearTextFirst":true,"interactionType":"ENTER_TEXT"}]}
COMMAND: POST /session/6972a1617f123e1ed63add18ccdcaeb3/actions - {"actions":[{"id":"action8","type":"key","parameters":{},"actions":[{"type":"keyDown","value":""},{"type":"pause","duration":10},{"type":"keyUp","value":""}]}]}
RESULT: {"actions":[{"id":"action8","type":"key","parameters":{},"actions":[{"type":"keyDown","value":""},{"type":"pause","duration":10},{"type":"keyUp","value":""}]}]}
COMMAND: GET /session/6972a1617f123e1ed63add18ccdcaeb3/screenshot - {}
RESULT: {}
COMMAND: POST /session/6972a1617f123e1ed63add18ccdcaeb3/elements - {"using":"xpath","value":"//table[contains(@id, \"smartFilterBar-filterItemControl_BASIC-COUNTRY-valueHelpDialog-table-table\")]/tbody/tr"}
RESULT: {"using":"xpath","value":"//table[contains(@id, \"smartFilterBar-filterItemControl_BASIC-COUNTRY-valueHelpDialog-table-table\")]/tbody/tr"}
COMMAND: POST /session/6972a1617f123e1ed63add18ccdcaeb3/element - {"using":"xpath","value":"//table[contains(@id, \"smartFilterBar-filterItemControl_BASIC-COUNTRY-valueHelpDialog-table-table\")]/tbody/tr[1]/td[1]/div/span"}
RESULT: {"using":"xpath","value":"//table[contains(@id, \"smartFilterBar-filterItemControl_BASIC-COUNTRY-valueHelpDialog-table-table\")]/tbody/tr[1]/td[1]/div/span"}
COMMAND: POST /session/6972a1617f123e1ed63add18ccdcaeb3/elements - {"using":"xpath","value":"//table[contains(@id, \"smartFilterBar-filterItemControl_BASIC-COUNTRY-valueHelpDialog-table-table\")]/tbody/tr[1]/td[1]/div/span"}
RESULT: {"using":"xpath","value":"//table[contains(@id, \"smartFilterBar-filterItemControl_BASIC-COUNTRY-valueHelpDialog-table-table\")]/tbody/tr[1]/td[1]/div/span"}
COMMAND: POST /session/6972a1617f123e1ed63add18ccdcaeb3/execute/sync - {"script":"<script> [56 bytes]","args":[{"element-6066-11e4-a52e-4f735466cecf":"f.9349F0344C151F4717E5B92144CF4C98.d.DB1DFE40C0F47033A3E72D8AA42470A4.e.1834","ELEMENT":"f.9349F0344C151F4717E5B92144CF4C98.d.DB1DFE40C0F47033A3E72D8AA42470A4.e.1834"}]}
RESULT: {"script":"<script> [56 bytes]","args":[{"element-6066-11e4-a52e-4f735466cecf":"f.9349F0344C151F4717E5B92144CF4C98.d.DB1DFE40C0F47033A3E72D8AA42470A4.e.1834","ELEMENT":"f.9349F0344C151F4717E5B92144CF4C98.d.DB1DFE40C0F47033A3E72D8AA42470A4.e.1834"}]}
COMMAND: POST /session/6972a1617f123e1ed63add18ccdcaeb3/element - {"using":"xpath","value":"//div[contains(@id, \"filterItemControl_BASIC-COUNTRY-valueHelpDialog-table-rowsel0\")]"}
COMMAND: GET /session/6972a1617f123e1ed63add18ccdcaeb3/screenshot - {}
RESULT: {"using":"xpath","value":"//div[contains(@id, \"filterItemControl_BASIC-COUNTRY-valueHelpDialog-table-rowsel0\")]"}
COMMAND: POST /session/6972a1617f123e1ed63add18ccdcaeb3/element/f.9349F0344C151F4717E5B92144CF4C98.d.DB1DFE40C0F47033A3E72D8AA42470A4.e.1835/click - {}
RESULT: {}
RESULT: {}
COMMAND: GET /session/6972a1617f123e1ed63add18ccdcaeb3/screenshot - {}
RESULT: {}
RESULT: undefined
COMMAND: POST /session/6972a1617f123e1ed63add18ccdcaeb3/element - {"using":"xpath","value":"//*[@id=\"application-addressmanagement-display-component---masterAdm--smartFilterBar-filterItemControl_BASIC-COUNTRY-vhi\"]"}
RESULT: {"using":"xpath","value":"//*[@id=\"application-addressmanagement-display-component---masterAdm--smartFilterBar-filterItemControl_BASIC-COUNTRY-vhi\"]"}
COMMAND: POST /session/6972a1617f123e1ed63add18ccdcaeb3/element/f.9349F0344C151F4717E5B92144CF4C98.d.DB1DFE40C0F47033A3E72D8AA42470A4.e.1593/click - {}
RESULT: undefined
COMMAND: POST /session/6972a1617f123e1ed63add18ccdcaeb3/execute/async - {"script":"<script> [776 bytes]","args":[{"enterText":"Argentina","selector":{"id":"application-addressmanagement-display-component---masterAdm--smartFilterBar-filterItemControl_BASIC-COUNTRY-valueHelpDialog-smartFilterBar-btnBasicSearch","searchOpenDialogs":true,"interaction":{"idSuffix":"I"}},"clearTextFirst":true,"interactionType":"ENTER_TEXT"}]}
RESULT: {"script":"<script> [776 bytes]","args":[{"enterText":"Argentina","selector":{"id":"application-addressmanagement-display-component---masterAdm--smartFilterBar-filterItemControl_BASIC-COUNTRY-valueHelpDialog-smartFilterBar-btnBasicSearch","searchOpenDialogs":true,"interaction":{"idSuffix":"I"}},"clearTextFirst":true,"interactionType":"ENTER_TEXT"}]}
COMMAND: POST /session/6972a1617f123e1ed63add18ccdcaeb3/actions - {"actions":[{"id":"action9","type":"key","parameters":{},"actions":[{"type":"keyDown","value":""},{"type":"pause","duration":10},{"type":"keyUp","value":""}]}]}
RESULT: {"actions":[{"id":"action9","type":"key","parameters":{},"actions":[{"type":"keyDown","value":""},{"type":"pause","duration":10},{"type":"keyUp","value":""}]}]}
COMMAND: GET /session/6972a1617f123e1ed63add18ccdcaeb3/screenshot - {}
RESULT: {}
COMMAND: POST /session/6972a1617f123e1ed63add18ccdcaeb3/elements - {"using":"xpath","value":"//table[contains(@id, \"smartFilterBar-filterItemControl_BASIC-COUNTRY-valueHelpDialog-table-table\")]/tbody/tr"}
RESULT: {"using":"xpath","value":"//table[contains(@id, \"smartFilterBar-filterItemControl_BASIC-COUNTRY-valueHelpDialog-table-table\")]/tbody/tr"}
COMMAND: POST /session/6972a1617f123e1ed63add18ccdcaeb3/element - {"using":"xpath","value":"//table[contains(@id, \"smartFilterBar-filterItemControl_BASIC-COUNTRY-valueHelpDialog-table-table\")]/tbody/tr[1]/td[1]/div/span"}
RESULT: {"using":"xpath","value":"//table[contains(@id, \"smartFilterBar-filterItemControl_BASIC-COUNTRY-valueHelpDialog-table-table\")]/tbody/tr[1]/td[1]/div/span"}
COMMAND: POST /session/6972a1617f123e1ed63add18ccdcaeb3/elements - {"using":"xpath","value":"//table[contains(@id, \"smartFilterBar-filterItemControl_BASIC-COUNTRY-valueHelpDialog-table-table\")]/tbody/tr[1]/td[1]/div/span"}
RESULT: {"using":"xpath","value":"//table[contains(@id, \"smartFilterBar-filterItemControl_BASIC-COUNTRY-valueHelpDialog-table-table\")]/tbody/tr[1]/td[1]/div/span"}
COMMAND: POST /session/6972a1617f123e1ed63add18ccdcaeb3/execute/sync - {"script":"<script> [56 bytes]","args":[{"element-6066-11e4-a52e-4f735466cecf":"f.9349F0344C151F4717E5B92144CF4C98.d.DB1DFE40C0F47033A3E72D8AA42470A4.e.1834","ELEMENT":"f.9349F0344C151F4717E5B92144CF4C98.d.DB1DFE40C0F47033A3E72D8AA42470A4.e.1834"}]}
RESULT: {"script":"<script> [56 bytes]","args":[{"element-6066-11e4-a52e-4f735466cecf":"f.9349F0344C151F4717E5B92144CF4C98.d.DB1DFE40C0F47033A3E72D8AA42470A4.e.1834","ELEMENT":"f.9349F0344C151F4717E5B92144CF4C98.d.DB1DFE40C0F47033A3E72D8AA42470A4.e.1834"}]}
COMMAND: POST /session/6972a1617f123e1ed63add18ccdcaeb3/element - {"using":"xpath","value":"//div[contains(@id, \"filterItemControl_BASIC-COUNTRY-valueHelpDialog-table-rowsel0\")]"}
COMMAND: GET /session/6972a1617f123e1ed63add18ccdcaeb3/screenshot - {}
RESULT: {"using":"xpath","value":"//div[contains(@id, \"filterItemControl_BASIC-COUNTRY-valueHelpDialog-table-rowsel0\")]"}
COMMAND: POST /session/6972a1617f123e1ed63add18ccdcaeb3/element/f.9349F0344C151F4717E5B92144CF4C98.d.DB1DFE40C0F47033A3E72D8AA42470A4.e.1835/click - {}
RESULT: {}
RESULT: {}
COMMAND: GET /session/6972a1617f123e1ed63add18ccdcaeb3/screenshot - {}
RESULT: {}
COMMAND: POST /session/6972a1617f123e1ed63add18ccdcaeb3/element - {"using":"xpath","value":"(//bdi[contains(text(), \"OK\")])[1]"}
RESULT: {"using":"xpath","value":"(//bdi[contains(text(), \"OK\")])[1]"}
COMMAND: POST /session/6972a1617f123e1ed63add18ccdcaeb3/element/f.9349F0344C151F4717E5B92144CF4C98.d.DB1DFE40C0F47033A3E72D8AA42470A4.e.1837/click - {}
RESULT: {}
COMMAND: GET /session/6972a1617f123e1ed63add18ccdcaeb3/screenshot - {}
RESULT: {}
COMMAND: POST /session/6972a1617f123e1ed63add18ccdcaeb3/element - {"using":"xpath","value":"//span[@id=\"application-addressmanagement-display-component---masterAdm--smartTable-header-inner\"]"}
RESULT: {"using":"xpath","value":"//span[@id=\"application-addressmanagement-display-component---masterAdm--smartTable-header-inner\"]"}
COMMAND: POST /session/6972a1617f123e1ed63add18ccdcaeb3/elements - {"using":"xpath","value":"//span[@id=\"application-addressmanagement-display-component---masterAdm--smartTable-header-inner\"]"}
RESULT: {"using":"xpath","value":"//span[@id=\"application-addressmanagement-display-component---masterAdm--smartTable-header-inner\"]"}
COMMAND: POST /session/6972a1617f123e1ed63add18ccdcaeb3/execute/sync - {"script":"<script> [56 bytes]","args":[{"element-6066-11e4-a52e-4f735466cecf":"f.9349F0344C151F4717E5B92144CF4C98.d.DB1DFE40C0F47033A3E72D8AA42470A4.e.1592","ELEMENT":"f.9349F0344C151F4717E5B92144CF4C98.d.DB1DFE40C0F47033A3E72D8AA42470A4.e.1592"}]}
RESULT: {"script":"<script> [56 bytes]","args":[{"element-6066-11e4-a52e-4f735466cecf":"f.9349F0344C151F4717E5B92144CF4C98.d.DB1DFE40C0F47033A3E72D8AA42470A4.e.1592","ELEMENT":"f.9349F0344C151F4717E5B92144CF4C98.d.DB1DFE40C0F47033A3E72D8AA42470A4.e.1592"}]}
COMMAND: POST /session/6972a1617f123e1ed63add18ccdcaeb3/execute/async - {"script":"<script> [1562 bytes]","args":[{"selector":{"id":"application-addressmanagement-display-component---masterAdm--smartFilterBar-filterItemControl_BASIC-NAME-vhi"},"wdio_ui5_key":"applicationaddressmanagement-display-component---masterAdm--smartFilterBar-filterItemControl_BASIC-NAME-vhi"}]}
COMMAND: GET /session/6972a1617f123e1ed63add18ccdcaeb3/screenshot - {}
RESULT: {"script":"<script> [1562 bytes]","args":[{"selector":{"id":"application-addressmanagement-display-component---masterAdm--smartFilterBar-filterItemControl_BASIC-NAME-vhi"},"wdio_ui5_key":"applicationaddressmanagement-display-component---masterAdm--smartFilterBar-filterItemControl_BASIC-NAME-vhi"}]}
RESULT: undefined
COMMAND: POST /session/6972a1617f123e1ed63add18ccdcaeb3/element - {"using":"xpath","value":"//*[@id=\"application-addressmanagement-display-component---masterAdm--smartFilterBar-filterItemControl_BASIC-NAME-vhi\"]"}
RESULT: {}
RESULT: {"using":"xpath","value":"//*[@id=\"application-addressmanagement-display-component---masterAdm--smartFilterBar-filterItemControl_BASIC-NAME-vhi\"]"}
COMMAND: POST /session/6972a1617f123e1ed63add18ccdcaeb3/element/f.9349F0344C151F4717E5B92144CF4C98.d.DB1DFE40C0F47033A3E72D8AA42470A4.e.1893/click - {}
RESULT: {}
COMMAND: GET /session/6972a1617f123e1ed63add18ccdcaeb3/screenshot - {}
RESULT: {}
COMMAND: POST /session/6972a1617f123e1ed63add18ccdcaeb3/execute/async - {"script":"<script> [1562 bytes]","args":[{"selector":{"controlType":"sap.m.Input","viewName":"etm.portal.ui.addressmanagement.view.Master","viewId":"application-addressmanagement-display-component---masterAdm","properties":{"valueState":"None"},"searchOpenDialogs":true,"interaction":{"idSuffix":"inner"}},"wdio_ui5_key":"etmportal.ui.addressmanagement.view.Mastersap.m.Input{\"valueState\":\"None\"}"}]}
RESULT: {"script":"<script> [1562 bytes]","args":[{"selector":{"controlType":"sap.m.Input","viewName":"etm.portal.ui.addressmanagement.view.Master","viewId":"application-addressmanagement-display-component---masterAdm","properties":{"valueState":"None"},"searchOpenDialogs":true,"interaction":{"idSuffix":"inner"}},"wdio_ui5_key":"etmportal.ui.addressmanagement.view.Mastersap.m.Input{\"valueState\":\"None\"}"}]}
RESULT: undefined
COMMAND: POST /session/6972a1617f123e1ed63add18ccdcaeb3/execute/async - {"script":"<script> [776 bytes]","args":[{"enterText":"Test","selector":{"controlType":"sap.m.Input","viewName":"etm.portal.ui.addressmanagement.view.Master","viewId":"application-addressmanagement-display-component---masterAdm","properties":{"valueState":"None"},"searchOpenDialogs":true,"interaction":{"idSuffix":"inner"}},"clearTextFirst":true,"interactionType":"ENTER_TEXT"}]}
RESULT: {"script":"<script> [776 bytes]","args":[{"enterText":"Test","selector":{"controlType":"sap.m.Input","viewName":"etm.portal.ui.addressmanagement.view.Master","viewId":"application-addressmanagement-display-component---masterAdm","properties":{"valueState":"None"},"searchOpenDialogs":true,"interaction":{"idSuffix":"inner"}},"clearTextFirst":true,"interactionType":"ENTER_TEXT"}]}
COMMAND: POST /session/6972a1617f123e1ed63add18ccdcaeb3/actions - {"actions":[{"id":"action10","type":"key","parameters":{},"actions":[{"type":"keyDown","value":""},{"type":"pause","duration":10},{"type":"keyUp","value":""}]}]}
RESULT: {"actions":[{"id":"action10","type":"key","parameters":{},"actions":[{"type":"keyDown","value":""},{"type":"pause","duration":10},{"type":"keyUp","value":""}]}]}
COMMAND: GET /session/6972a1617f123e1ed63add18ccdcaeb3/screenshot - {}
RESULT: {}
COMMAND: POST /session/6972a1617f123e1ed63add18ccdcaeb3/element - {"using":"xpath","value":"(//bdi[contains(text(), \"OK\")])[1]"}
RESULT: {"using":"xpath","value":"(//bdi[contains(text(), \"OK\")])[1]"}
COMMAND: POST /session/6972a1617f123e1ed63add18ccdcaeb3/element/f.9349F0344C151F4717E5B92144CF4C98.d.DB1DFE40C0F47033A3E72D8AA42470A4.e.1900/click - {}
RESULT: {}
COMMAND: GET /session/6972a1617f123e1ed63add18ccdcaeb3/screenshot - {}
RESULT: {}
COMMAND: POST /session/6972a1617f123e1ed63add18ccdcaeb3/element - {"using":"xpath","value":"//span[@id=\"application-addressmanagement-display-component---masterAdm--smartTable-header-inner\"]"}
RESULT: {"using":"xpath","value":"//span[@id=\"application-addressmanagement-display-component---masterAdm--smartTable-header-inner\"]"}
COMMAND: POST /session/6972a1617f123e1ed63add18ccdcaeb3/elements - {"using":"xpath","value":"//span[@id=\"application-addressmanagement-display-component---masterAdm--smartTable-header-inner\"]"}
RESULT: {"using":"xpath","value":"//span[@id=\"application-addressmanagement-display-component---masterAdm--smartTable-header-inner\"]"}
COMMAND: POST /session/6972a1617f123e1ed63add18ccdcaeb3/execute/sync - {"script":"<script> [56 bytes]","args":[{"element-6066-11e4-a52e-4f735466cecf":"f.9349F0344C151F4717E5B92144CF4C98.d.DB1DFE40C0F47033A3E72D8AA42470A4.e.1592","ELEMENT":"f.9349F0344C151F4717E5B92144CF4C98.d.DB1DFE40C0F47033A3E72D8AA42470A4.e.1592"}]}
RESULT: {"script":"<script> [56 bytes]","args":[{"element-6066-11e4-a52e-4f735466cecf":"f.9349F0344C151F4717E5B92144CF4C98.d.DB1DFE40C0F47033A3E72D8AA42470A4.e.1592","ELEMENT":"f.9349F0344C151F4717E5B92144CF4C98.d.DB1DFE40C0F47033A3E72D8AA42470A4.e.1592"}]}
COMMAND: POST /session/6972a1617f123e1ed63add18ccdcaeb3/element - {"using":"xpath","value":"//span[contains(@title, \"Remove\")]"}
COMMAND: GET /session/6972a1617f123e1ed63add18ccdcaeb3/screenshot - {}
RESULT: {"using":"xpath","value":"//span[contains(@title, \"Remove\")]"}
COMMAND: POST /session/6972a1617f123e1ed63add18ccdcaeb3/element/f.9349F0344C151F4717E5B92144CF4C98.d.DB1DFE40C0F47033A3E72D8AA42470A4.e.1998/click - {}
RESULT: {}
RESULT: {}
COMMAND: GET /session/6972a1617f123e1ed63add18ccdcaeb3/screenshot - {}
RESULT: {}
COMMAND: POST /session/6972a1617f123e1ed63add18ccdcaeb3/element - {"using":"xpath","value":"//span[contains(@title, \"Remove\")]"}
RESULT: {"using":"xpath","value":"//span[contains(@title, \"Remove\")]"}
COMMAND: POST /session/6972a1617f123e1ed63add18ccdcaeb3/element/f.9349F0344C151F4717E5B92144CF4C98.d.DB1DFE40C0F47033A3E72D8AA42470A4.e.2071/click - {}
RESULT: {}
COMMAND: GET /session/6972a1617f123e1ed63add18ccdcaeb3/screenshot - {}
COMMAND: POST /session/6972a1617f123e1ed63add18ccdcaeb3/element - {"using":"xpath","value":"//span[contains(@title, \"Remove\")]"}
RESULT: {}
RESULT: {"using":"xpath","value":"//span[contains(@title, \"Remove\")]"}
COMMAND: POST /session/6972a1617f123e1ed63add18ccdcaeb3/element/f.9349F0344C151F4717E5B92144CF4C98.d.DB1DFE40C0F47033A3E72D8AA42470A4.e.2183/click - {}
RESULT: {}
COMMAND: GET /session/6972a1617f123e1ed63add18ccdcaeb3/screenshot - {}
COMMAND: POST /session/6972a1617f123e1ed63add18ccdcaeb3/element - {"using":"css selector","value":"#shell-header-logo"}
RESULT: {}
RESULT: {"using":"css selector","value":"#shell-header-logo"}
COMMAND: POST /session/6972a1617f123e1ed63add18ccdcaeb3/element/f.9349F0344C151F4717E5B92144CF4C98.d.DB1DFE40C0F47033A3E72D8AA42470A4.e.1410/click - {}
RESULT: {}
COMMAND: GET /session/6972a1617f123e1ed63add18ccdcaeb3/screenshot - {}
RESULT: {}
]]></system-out>
    </testcase>
    <testcase classname="chrome.136_0_7103_93.windows.Address_Management_Tests_US156181_US151165_US151160_US156180_US156178_US151157_US151172_US151170_US151166_US151168" name="Step 6 Should assign user ID to an user assign them to site US151172" time="99.817">
      <system-out><![CDATA[
RESULT: undefined
COMMAND: POST /session/6972a1617f123e1ed63add18ccdcaeb3/element - {"using":"xpath","value":"//*[@id=\"__tile33\"]"}
RESULT: {"using":"xpath","value":"//*[@id=\"__tile33\"]"}
COMMAND: POST /session/6972a1617f123e1ed63add18ccdcaeb3/element/f.9349F0344C151F4717E5B92144CF4C98.d.DB1DFE40C0F47033A3E72D8AA42470A4.e.212/click - {}
RESULT: {}
COMMAND: GET /session/6972a1617f123e1ed63add18ccdcaeb3/screenshot - {}
RESULT: {}
COMMAND: POST /session/6972a1617f123e1ed63add18ccdcaeb3/elements - {"using":"xpath","value":"//span[text()='Error']"}
RESULT: {"using":"xpath","value":"//span[text()='Error']"}
COMMAND: POST /session/6972a1617f123e1ed63add18ccdcaeb3/element - {"using":"xpath","value":"//button[@data-kt=\"addButton\"]"}
RESULT: {"using":"xpath","value":"//button[@data-kt=\"addButton\"]"}
COMMAND: POST /session/6972a1617f123e1ed63add18ccdcaeb3/elements - {"using":"xpath","value":"//button[@data-kt=\"addButton\"]"}
RESULT: {"using":"xpath","value":"//button[@data-kt=\"addButton\"]"}
COMMAND: POST /session/6972a1617f123e1ed63add18ccdcaeb3/execute/sync - {"script":"<script> [8489 bytes]","args":[{"element-6066-11e4-a52e-4f735466cecf":"f.9349F0344C151F4717E5B92144CF4C98.d.DB1DFE40C0F47033A3E72D8AA42470A4.e.2291","ELEMENT":"f.9349F0344C151F4717E5B92144CF4C98.d.DB1DFE40C0F47033A3E72D8AA42470A4.e.2291"}]}
RESULT: {"script":"<script> [8489 bytes]","args":[{"element-6066-11e4-a52e-4f735466cecf":"f.9349F0344C151F4717E5B92144CF4C98.d.DB1DFE40C0F47033A3E72D8AA42470A4.e.2291","ELEMENT":"f.9349F0344C151F4717E5B92144CF4C98.d.DB1DFE40C0F47033A3E72D8AA42470A4.e.2291"}]}
COMMAND: GET /session/6972a1617f123e1ed63add18ccdcaeb3/element/f.9349F0344C151F4717E5B92144CF4C98.d.DB1DFE40C0F47033A3E72D8AA42470A4.e.2291/enabled - {}
COMMAND: GET /session/6972a1617f123e1ed63add18ccdcaeb3/screenshot - {}
RESULT: {}
COMMAND: POST /session/6972a1617f123e1ed63add18ccdcaeb3/execute/sync - {"script":"<script> [8489 bytes]","args":[{"element-6066-11e4-a52e-4f735466cecf":"f.9349F0344C151F4717E5B92144CF4C98.d.DB1DFE40C0F47033A3E72D8AA42470A4.e.2291","ELEMENT":"f.9349F0344C151F4717E5B92144CF4C98.d.DB1DFE40C0F47033A3E72D8AA42470A4.e.2291"}]}
COMMAND: GET /session/6972a1617f123e1ed63add18ccdcaeb3/screenshot - {}
RESULT: {}
RESULT: {"script":"<script> [8489 bytes]","args":[{"element-6066-11e4-a52e-4f735466cecf":"f.9349F0344C151F4717E5B92144CF4C98.d.DB1DFE40C0F47033A3E72D8AA42470A4.e.2291","ELEMENT":"f.9349F0344C151F4717E5B92144CF4C98.d.DB1DFE40C0F47033A3E72D8AA42470A4.e.2291"}]}
COMMAND: POST /session/6972a1617f123e1ed63add18ccdcaeb3/execute/sync - {"script":"<script> [5351 bytes]","args":[{"element-6066-11e4-a52e-4f735466cecf":"f.9349F0344C151F4717E5B92144CF4C98.d.DB1DFE40C0F47033A3E72D8AA42470A4.e.2291","ELEMENT":"f.9349F0344C151F4717E5B92144CF4C98.d.DB1DFE40C0F47033A3E72D8AA42470A4.e.2291"}]}
COMMAND: GET /session/6972a1617f123e1ed63add18ccdcaeb3/screenshot - {}
RESULT: {}
RESULT: {"script":"<script> [5351 bytes]","args":[{"element-6066-11e4-a52e-4f735466cecf":"f.9349F0344C151F4717E5B92144CF4C98.d.DB1DFE40C0F47033A3E72D8AA42470A4.e.2291","ELEMENT":"f.9349F0344C151F4717E5B92144CF4C98.d.DB1DFE40C0F47033A3E72D8AA42470A4.e.2291"}]}
COMMAND: GET /session/6972a1617f123e1ed63add18ccdcaeb3/screenshot - {}
RESULT: {}
RESULT: {}
RESULT: undefined
COMMAND: POST /session/6972a1617f123e1ed63add18ccdcaeb3/execute/async - {"script":"<script> [776 bytes]","args":[{"enterText":"Test1ETM","selector":{"id":"application-addressmanagement-display-component---masterAdm--smartFilterBar-btnBasicSearch","interaction":{"idSuffix":"I"}},"clearTextFirst":true,"interactionType":"ENTER_TEXT"}]}
RESULT: {"script":"<script> [776 bytes]","args":[{"enterText":"Test1ETM","selector":{"id":"application-addressmanagement-display-component---masterAdm--smartFilterBar-btnBasicSearch","interaction":{"idSuffix":"I"}},"clearTextFirst":true,"interactionType":"ENTER_TEXT"}]}
COMMAND: POST /session/6972a1617f123e1ed63add18ccdcaeb3/actions - {"actions":[{"id":"action11","type":"key","parameters":{},"actions":[{"type":"keyDown","value":""},{"type":"pause","duration":10},{"type":"keyUp","value":""}]}]}
RESULT: {"actions":[{"id":"action11","type":"key","parameters":{},"actions":[{"type":"keyDown","value":""},{"type":"pause","duration":10},{"type":"keyUp","value":""}]}]}
COMMAND: GET /session/6972a1617f123e1ed63add18ccdcaeb3/screenshot - {}
RESULT: {}
COMMAND: POST /session/6972a1617f123e1ed63add18ccdcaeb3/elements - {"using":"xpath","value":"//table[contains(@id, \"customPersonsAddressesTable-listUl\")]/tbody/tr"}
RESULT: {"using":"xpath","value":"//table[contains(@id, \"customPersonsAddressesTable-listUl\")]/tbody/tr"}
COMMAND: POST /session/6972a1617f123e1ed63add18ccdcaeb3/element - {"using":"xpath","value":"//table[contains(@id, \"customPersonsAddressesTable-listUl\")]/tbody/tr[1]/td[5]/span/span"}
RESULT: {"using":"xpath","value":"//table[contains(@id, \"customPersonsAddressesTable-listUl\")]/tbody/tr[1]/td[5]/span/span"}
COMMAND: POST /session/6972a1617f123e1ed63add18ccdcaeb3/element - {"using":"xpath","value":"//table[contains(@id, \"customPersonsAddressesTable-listUl\")]/tbody/tr[1]/td[3]/span"}
RESULT: {"using":"xpath","value":"//table[contains(@id, \"customPersonsAddressesTable-listUl\")]/tbody/tr[1]/td[3]/span"}
COMMAND: POST /session/6972a1617f123e1ed63add18ccdcaeb3/elements - {"using":"xpath","value":"//table[contains(@id, \"customPersonsAddressesTable-listUl\")]/tbody/tr[1]/td[5]/span/span"}
RESULT: {"using":"xpath","value":"//table[contains(@id, \"customPersonsAddressesTable-listUl\")]/tbody/tr[1]/td[5]/span/span"}
COMMAND: POST /session/6972a1617f123e1ed63add18ccdcaeb3/execute/sync - {"script":"<script> [56 bytes]","args":[{"element-6066-11e4-a52e-4f735466cecf":"f.9349F0344C151F4717E5B92144CF4C98.d.DB1DFE40C0F47033A3E72D8AA42470A4.e.2440","ELEMENT":"f.9349F0344C151F4717E5B92144CF4C98.d.DB1DFE40C0F47033A3E72D8AA42470A4.e.2440"}]}
RESULT: {"script":"<script> [56 bytes]","args":[{"element-6066-11e4-a52e-4f735466cecf":"f.9349F0344C151F4717E5B92144CF4C98.d.DB1DFE40C0F47033A3E72D8AA42470A4.e.2440","ELEMENT":"f.9349F0344C151F4717E5B92144CF4C98.d.DB1DFE40C0F47033A3E72D8AA42470A4.e.2440"}]}
COMMAND: POST /session/6972a1617f123e1ed63add18ccdcaeb3/element - {"using":"xpath","value":"//span[@id=\"application-addressmanagement-display-component---masterAdm--smartTable-header-inner\"]"}
COMMAND: GET /session/6972a1617f123e1ed63add18ccdcaeb3/screenshot - {}
RESULT: {"using":"xpath","value":"//span[@id=\"application-addressmanagement-display-component---masterAdm--smartTable-header-inner\"]"}
COMMAND: POST /session/6972a1617f123e1ed63add18ccdcaeb3/elements - {"using":"xpath","value":"//span[@id=\"application-addressmanagement-display-component---masterAdm--smartTable-header-inner\"]"}
RESULT: {}
RESULT: {"using":"xpath","value":"//span[@id=\"application-addressmanagement-display-component---masterAdm--smartTable-header-inner\"]"}
COMMAND: POST /session/6972a1617f123e1ed63add18ccdcaeb3/execute/sync - {"script":"<script> [56 bytes]","args":[{"element-6066-11e4-a52e-4f735466cecf":"f.9349F0344C151F4717E5B92144CF4C98.d.DB1DFE40C0F47033A3E72D8AA42470A4.e.2442","ELEMENT":"f.9349F0344C151F4717E5B92144CF4C98.d.DB1DFE40C0F47033A3E72D8AA42470A4.e.2442"}]}
RESULT: {"script":"<script> [56 bytes]","args":[{"element-6066-11e4-a52e-4f735466cecf":"f.9349F0344C151F4717E5B92144CF4C98.d.DB1DFE40C0F47033A3E72D8AA42470A4.e.2442","ELEMENT":"f.9349F0344C151F4717E5B92144CF4C98.d.DB1DFE40C0F47033A3E72D8AA42470A4.e.2442"}]}
COMMAND: POST /session/6972a1617f123e1ed63add18ccdcaeb3/element - {"using":"css selector","value":"#shell-header-logo"}
COMMAND: GET /session/6972a1617f123e1ed63add18ccdcaeb3/screenshot - {}
RESULT: {"using":"css selector","value":"#shell-header-logo"}
COMMAND: POST /session/6972a1617f123e1ed63add18ccdcaeb3/element/f.9349F0344C151F4717E5B92144CF4C98.d.DB1DFE40C0F47033A3E72D8AA42470A4.e.2249/click - {}
RESULT: {}
RESULT: {}
COMMAND: GET /session/6972a1617f123e1ed63add18ccdcaeb3/screenshot - {}
RESULT: {}
COMMAND: POST /session/6972a1617f123e1ed63add18ccdcaeb3/execute/async - {"script":"<script> [1562 bytes]","args":[{"selector":{"controlType":"sap.m.GenericTile","properties":{"header":"Manage Sites"}},"wdio_ui5_key":"sapm.GenericTile{\"header\":\"Manage Sites\"}"}]}
RESULT: {"script":"<script> [1562 bytes]","args":[{"selector":{"controlType":"sap.m.GenericTile","properties":{"header":"Manage Sites"}},"wdio_ui5_key":"sapm.GenericTile{\"header\":\"Manage Sites\"}"}]}
RESULT: undefined
COMMAND: POST /session/6972a1617f123e1ed63add18ccdcaeb3/element - {"using":"xpath","value":"//*[@id=\"__tile40\"]"}
RESULT: {"using":"xpath","value":"//*[@id=\"__tile40\"]"}
COMMAND: POST /session/6972a1617f123e1ed63add18ccdcaeb3/element/f.9349F0344C151F4717E5B92144CF4C98.d.DB1DFE40C0F47033A3E72D8AA42470A4.e.156/click - {}
RESULT: {}
COMMAND: GET /session/6972a1617f123e1ed63add18ccdcaeb3/screenshot - {}
RESULT: {}
COMMAND: POST /session/6972a1617f123e1ed63add18ccdcaeb3/elements - {"using":"xpath","value":"//span[text()='Error']"}
RESULT: {"using":"xpath","value":"//span[text()='Error']"}
COMMAND: POST /session/6972a1617f123e1ed63add18ccdcaeb3/element - {"using":"xpath","value":"//button[@data-kt=\"addOverflowToolbarButton\"]"}
RESULT: {"using":"xpath","value":"//button[@data-kt=\"addOverflowToolbarButton\"]"}
COMMAND: POST /session/6972a1617f123e1ed63add18ccdcaeb3/elements - {"using":"xpath","value":"//button[@data-kt=\"addOverflowToolbarButton\"]"}
RESULT: {"using":"xpath","value":"//button[@data-kt=\"addOverflowToolbarButton\"]"}
COMMAND: POST /session/6972a1617f123e1ed63add18ccdcaeb3/execute/sync - {"script":"<script> [8489 bytes]","args":[{"element-6066-11e4-a52e-4f735466cecf":"f.9349F0344C151F4717E5B92144CF4C98.d.DB1DFE40C0F47033A3E72D8AA42470A4.e.2499","ELEMENT":"f.9349F0344C151F4717E5B92144CF4C98.d.DB1DFE40C0F47033A3E72D8AA42470A4.e.2499"}]}
RESULT: {"script":"<script> [8489 bytes]","args":[{"element-6066-11e4-a52e-4f735466cecf":"f.9349F0344C151F4717E5B92144CF4C98.d.DB1DFE40C0F47033A3E72D8AA42470A4.e.2499","ELEMENT":"f.9349F0344C151F4717E5B92144CF4C98.d.DB1DFE40C0F47033A3E72D8AA42470A4.e.2499"}]}
COMMAND: GET /session/6972a1617f123e1ed63add18ccdcaeb3/element/f.9349F0344C151F4717E5B92144CF4C98.d.DB1DFE40C0F47033A3E72D8AA42470A4.e.2499/enabled - {}
COMMAND: GET /session/6972a1617f123e1ed63add18ccdcaeb3/screenshot - {}
RESULT: {}
COMMAND: POST /session/6972a1617f123e1ed63add18ccdcaeb3/execute/sync - {"script":"<script> [8489 bytes]","args":[{"element-6066-11e4-a52e-4f735466cecf":"f.9349F0344C151F4717E5B92144CF4C98.d.DB1DFE40C0F47033A3E72D8AA42470A4.e.2499","ELEMENT":"f.9349F0344C151F4717E5B92144CF4C98.d.DB1DFE40C0F47033A3E72D8AA42470A4.e.2499"}]}
COMMAND: GET /session/6972a1617f123e1ed63add18ccdcaeb3/screenshot - {}
RESULT: {}
RESULT: {"script":"<script> [8489 bytes]","args":[{"element-6066-11e4-a52e-4f735466cecf":"f.9349F0344C151F4717E5B92144CF4C98.d.DB1DFE40C0F47033A3E72D8AA42470A4.e.2499","ELEMENT":"f.9349F0344C151F4717E5B92144CF4C98.d.DB1DFE40C0F47033A3E72D8AA42470A4.e.2499"}]}
COMMAND: POST /session/6972a1617f123e1ed63add18ccdcaeb3/execute/sync - {"script":"<script> [5351 bytes]","args":[{"element-6066-11e4-a52e-4f735466cecf":"f.9349F0344C151F4717E5B92144CF4C98.d.DB1DFE40C0F47033A3E72D8AA42470A4.e.2499","ELEMENT":"f.9349F0344C151F4717E5B92144CF4C98.d.DB1DFE40C0F47033A3E72D8AA42470A4.e.2499"}]}
COMMAND: GET /session/6972a1617f123e1ed63add18ccdcaeb3/screenshot - {}
RESULT: {}
RESULT: {"script":"<script> [5351 bytes]","args":[{"element-6066-11e4-a52e-4f735466cecf":"f.9349F0344C151F4717E5B92144CF4C98.d.DB1DFE40C0F47033A3E72D8AA42470A4.e.2499","ELEMENT":"f.9349F0344C151F4717E5B92144CF4C98.d.DB1DFE40C0F47033A3E72D8AA42470A4.e.2499"}]}
COMMAND: GET /session/6972a1617f123e1ed63add18ccdcaeb3/screenshot - {}
RESULT: {}
RESULT: {}
COMMAND: POST /session/6972a1617f123e1ed63add18ccdcaeb3/element/f.9349F0344C151F4717E5B92144CF4C98.d.DB1DFE40C0F47033A3E72D8AA42470A4.e.2499/click - {}
RESULT: {}
COMMAND: GET /session/6972a1617f123e1ed63add18ccdcaeb3/screenshot - {}
RESULT: {}
COMMAND: POST /session/6972a1617f123e1ed63add18ccdcaeb3/execute/async - {"script":"<script> [1562 bytes]","args":[{"selector":{"controlType":"sap.m.Button","viewName":"etm.portal.ui.managesites.view.NewSmartSite","viewId":"application-managesites-display-component---NewSite","properties":{"text":"Contacts (Users)"},"interaction":{"idSuffix":"BDI-content"}},"wdio_ui5_key":"etmportal.ui.managesites.view.NewSmartSitesap.m.Button{\"text\":\"Contacts (Users)\"}"}]}
RESULT: {"script":"<script> [1562 bytes]","args":[{"selector":{"controlType":"sap.m.Button","viewName":"etm.portal.ui.managesites.view.NewSmartSite","viewId":"application-managesites-display-component---NewSite","properties":{"text":"Contacts (Users)"},"interaction":{"idSuffix":"BDI-content"}},"wdio_ui5_key":"etmportal.ui.managesites.view.NewSmartSitesap.m.Button{\"text\":\"Contacts (Users)\"}"}]}
RESULT: undefined
COMMAND: POST /session/6972a1617f123e1ed63add18ccdcaeb3/element - {"using":"xpath","value":"//*[@id=\"application-managesites-display-component---NewSite--ObjectPageLayout-anchBar-__section50-anchor\"]"}
RESULT: {"using":"xpath","value":"//*[@id=\"application-managesites-display-component---NewSite--ObjectPageLayout-anchBar-__section50-anchor\"]"}
COMMAND: POST /session/6972a1617f123e1ed63add18ccdcaeb3/element/f.9349F0344C151F4717E5B92144CF4C98.d.DB1DFE40C0F47033A3E72D8AA42470A4.e.2964/click - {}
RESULT: {}
COMMAND: GET /session/6972a1617f123e1ed63add18ccdcaeb3/screenshot - {}
RESULT: {}
COMMAND: POST /session/6972a1617f123e1ed63add18ccdcaeb3/element - {"using":"xpath","value":"//button[@data-kt=\"onAddUserOverflowToolbarButton\"]"}
RESULT: {"using":"xpath","value":"//button[@data-kt=\"onAddUserOverflowToolbarButton\"]"}
COMMAND: POST /session/6972a1617f123e1ed63add18ccdcaeb3/element/f.9349F0344C151F4717E5B92144CF4C98.d.DB1DFE40C0F47033A3E72D8AA42470A4.e.2971/click - {}
RESULT: {}
COMMAND: GET /session/6972a1617f123e1ed63add18ccdcaeb3/screenshot - {}
RESULT: {}
COMMAND: POST /session/6972a1617f123e1ed63add18ccdcaeb3/execute/async - {"script":"<script> [1562 bytes]","args":[{"selector":{"controlType":"sap.m.SearchField","viewName":"etm.portal.ui.managesites.view.NewSmartSite","viewId":"application-managesites-display-component---NewSite","searchOpenDialogs":true,"interaction":{"idSuffix":"I"}},"wdio_ui5_key":"etmportal.ui.managesites.view.NewSmartSitesap.m.SearchField"}]}
RESULT: {"script":"<script> [1562 bytes]","args":[{"selector":{"controlType":"sap.m.SearchField","viewName":"etm.portal.ui.managesites.view.NewSmartSite","viewId":"application-managesites-display-component---NewSite","searchOpenDialogs":true,"interaction":{"idSuffix":"I"}},"wdio_ui5_key":"etmportal.ui.managesites.view.NewSmartSitesap.m.SearchField"}]}
RESULT: undefined
COMMAND: POST /session/6972a1617f123e1ed63add18ccdcaeb3/execute/async - {"script":"<script> [776 bytes]","args":[{"enterText":"Test1ETM","selector":{"controlType":"sap.m.SearchField","viewName":"etm.portal.ui.managesites.view.NewSmartSite","viewId":"application-managesites-display-component---NewSite","searchOpenDialogs":true,"interaction":{"idSuffix":"I"}},"clearTextFirst":true,"interactionType":"ENTER_TEXT"}]}
RESULT: {"script":"<script> [776 bytes]","args":[{"enterText":"Test1ETM","selector":{"controlType":"sap.m.SearchField","viewName":"etm.portal.ui.managesites.view.NewSmartSite","viewId":"application-managesites-display-component---NewSite","searchOpenDialogs":true,"interaction":{"idSuffix":"I"}},"clearTextFirst":true,"interactionType":"ENTER_TEXT"}]}
COMMAND: POST /session/6972a1617f123e1ed63add18ccdcaeb3/actions - {"actions":[{"id":"action12","type":"key","parameters":{},"actions":[{"type":"keyDown","value":""},{"type":"pause","duration":10},{"type":"keyUp","value":""}]}]}
RESULT: {"actions":[{"id":"action12","type":"key","parameters":{},"actions":[{"type":"keyDown","value":""},{"type":"pause","duration":10},{"type":"keyUp","value":""}]}]}
COMMAND: GET /session/6972a1617f123e1ed63add18ccdcaeb3/screenshot - {}
RESULT: {}
COMMAND: POST /session/6972a1617f123e1ed63add18ccdcaeb3/element - {"using":"xpath","value":"//li[.//*[contains(text(), \"Test1ETM\")] or contains(text(), \"Test1ETM\")]"}
RESULT: {"using":"xpath","value":"//li[.//*[contains(text(), \"Test1ETM\")] or contains(text(), \"Test1ETM\")]"}
COMMAND: POST /session/6972a1617f123e1ed63add18ccdcaeb3/elements - {"using":"xpath","value":"//li[.//*[contains(text(), \"Test1ETM\")] or contains(text(), \"Test1ETM\")]"}
RESULT: {"using":"xpath","value":"//li[.//*[contains(text(), \"Test1ETM\")] or contains(text(), \"Test1ETM\")]"}
COMMAND: POST /session/6972a1617f123e1ed63add18ccdcaeb3/element - {"using":"xpath","value":"//button[.//bdi[contains(text(), \"Cancel\")]][1]"}
RESULT: {"using":"xpath","value":"//button[.//bdi[contains(text(), \"Cancel\")]][1]"}
COMMAND: POST /session/6972a1617f123e1ed63add18ccdcaeb3/element/f.9349F0344C151F4717E5B92144CF4C98.d.DB1DFE40C0F47033A3E72D8AA42470A4.e.2978/click - {}
RESULT: {}
COMMAND: GET /session/6972a1617f123e1ed63add18ccdcaeb3/screenshot - {}
RESULT: {}
COMMAND: POST /session/6972a1617f123e1ed63add18ccdcaeb3/element - {"using":"css selector","value":"#shell-header-logo"}
RESULT: {"using":"css selector","value":"#shell-header-logo"}
COMMAND: POST /session/6972a1617f123e1ed63add18ccdcaeb3/element/f.9349F0344C151F4717E5B92144CF4C98.d.DB1DFE40C0F47033A3E72D8AA42470A4.e.2447/click - {}
RESULT: {}
COMMAND: GET /session/6972a1617f123e1ed63add18ccdcaeb3/screenshot - {}
RESULT: {}
]]></system-out>
    </testcase>
    <testcase classname="chrome.136_0_7103_93.windows.Address_Management_Tests_US156181_US151165_US151160_US156180_US156178_US151157_US151172_US151170_US151166_US151168" name="Step 7 Should try to save empty address US151170 BUGGED FOR NOW" time="105.863">
      <failure/>
      <error message="Expect $(`//span[contains(@class, &quot;sapMMsgBoxText&quot;)]`) to be existing&#xA;&#xA;Expected: &quot;existing&quot;&#xA;Received: &quot;not existing&quot;"/>
      <system-out><![CDATA[
RESULT: undefined
COMMAND: POST /session/6972a1617f123e1ed63add18ccdcaeb3/element - {"using":"xpath","value":"//*[@id=\"__tile33\"]"}
RESULT: {"using":"xpath","value":"//*[@id=\"__tile33\"]"}
COMMAND: POST /session/6972a1617f123e1ed63add18ccdcaeb3/element/f.9349F0344C151F4717E5B92144CF4C98.d.DB1DFE40C0F47033A3E72D8AA42470A4.e.212/click - {}
RESULT: {}
COMMAND: GET /session/6972a1617f123e1ed63add18ccdcaeb3/screenshot - {}
COMMAND: POST /session/6972a1617f123e1ed63add18ccdcaeb3/elements - {"using":"xpath","value":"//span[text()='Error']"}
RESULT: {}
RESULT: {"using":"xpath","value":"//span[text()='Error']"}
COMMAND: POST /session/6972a1617f123e1ed63add18ccdcaeb3/element - {"using":"xpath","value":"//button[@data-kt=\"addButton\"]"}
RESULT: {"using":"xpath","value":"//button[@data-kt=\"addButton\"]"}
COMMAND: POST /session/6972a1617f123e1ed63add18ccdcaeb3/elements - {"using":"xpath","value":"//button[@data-kt=\"addButton\"]"}
RESULT: {"using":"xpath","value":"//button[@data-kt=\"addButton\"]"}
COMMAND: POST /session/6972a1617f123e1ed63add18ccdcaeb3/execute/sync - {"script":"<script> [8489 bytes]","args":[{"element-6066-11e4-a52e-4f735466cecf":"f.9349F0344C151F4717E5B92144CF4C98.d.DB1DFE40C0F47033A3E72D8AA42470A4.e.3025","ELEMENT":"f.9349F0344C151F4717E5B92144CF4C98.d.DB1DFE40C0F47033A3E72D8AA42470A4.e.3025"}]}
RESULT: {"script":"<script> [8489 bytes]","args":[{"element-6066-11e4-a52e-4f735466cecf":"f.9349F0344C151F4717E5B92144CF4C98.d.DB1DFE40C0F47033A3E72D8AA42470A4.e.3025","ELEMENT":"f.9349F0344C151F4717E5B92144CF4C98.d.DB1DFE40C0F47033A3E72D8AA42470A4.e.3025"}]}
COMMAND: GET /session/6972a1617f123e1ed63add18ccdcaeb3/element/f.9349F0344C151F4717E5B92144CF4C98.d.DB1DFE40C0F47033A3E72D8AA42470A4.e.3025/enabled - {}
COMMAND: GET /session/6972a1617f123e1ed63add18ccdcaeb3/screenshot - {}
RESULT: {}
COMMAND: POST /session/6972a1617f123e1ed63add18ccdcaeb3/execute/sync - {"script":"<script> [8489 bytes]","args":[{"element-6066-11e4-a52e-4f735466cecf":"f.9349F0344C151F4717E5B92144CF4C98.d.DB1DFE40C0F47033A3E72D8AA42470A4.e.3025","ELEMENT":"f.9349F0344C151F4717E5B92144CF4C98.d.DB1DFE40C0F47033A3E72D8AA42470A4.e.3025"}]}
RESULT: {"script":"<script> [8489 bytes]","args":[{"element-6066-11e4-a52e-4f735466cecf":"f.9349F0344C151F4717E5B92144CF4C98.d.DB1DFE40C0F47033A3E72D8AA42470A4.e.3025","ELEMENT":"f.9349F0344C151F4717E5B92144CF4C98.d.DB1DFE40C0F47033A3E72D8AA42470A4.e.3025"}]}
COMMAND: POST /session/6972a1617f123e1ed63add18ccdcaeb3/execute/sync - {"script":"<script> [5351 bytes]","args":[{"element-6066-11e4-a52e-4f735466cecf":"f.9349F0344C151F4717E5B92144CF4C98.d.DB1DFE40C0F47033A3E72D8AA42470A4.e.3025","ELEMENT":"f.9349F0344C151F4717E5B92144CF4C98.d.DB1DFE40C0F47033A3E72D8AA42470A4.e.3025"}]}
RESULT: {"script":"<script> [5351 bytes]","args":[{"element-6066-11e4-a52e-4f735466cecf":"f.9349F0344C151F4717E5B92144CF4C98.d.DB1DFE40C0F47033A3E72D8AA42470A4.e.3025","ELEMENT":"f.9349F0344C151F4717E5B92144CF4C98.d.DB1DFE40C0F47033A3E72D8AA42470A4.e.3025"}]}
COMMAND: GET /session/6972a1617f123e1ed63add18ccdcaeb3/screenshot - {}
COMMAND: GET /session/6972a1617f123e1ed63add18ccdcaeb3/screenshot - {}
COMMAND: GET /session/6972a1617f123e1ed63add18ccdcaeb3/screenshot - {}
RESULT: {}
RESULT: {}
RESULT: {}
RESULT: {}
RESULT: undefined
COMMAND: POST /session/6972a1617f123e1ed63add18ccdcaeb3/execute/async - {"script":"<script> [776 bytes]","args":[{"enterText":"qDbk5hg2s6","selector":{"id":"application-addressmanagement-display-component---masterAdm--smartFilterBar-btnBasicSearch","interaction":{"idSuffix":"I"}},"clearTextFirst":true,"interactionType":"ENTER_TEXT"}]}
RESULT: {"script":"<script> [776 bytes]","args":[{"enterText":"qDbk5hg2s6","selector":{"id":"application-addressmanagement-display-component---masterAdm--smartFilterBar-btnBasicSearch","interaction":{"idSuffix":"I"}},"clearTextFirst":true,"interactionType":"ENTER_TEXT"}]}
COMMAND: POST /session/6972a1617f123e1ed63add18ccdcaeb3/actions - {"actions":[{"id":"action13","type":"key","parameters":{},"actions":[{"type":"keyDown","value":""},{"type":"pause","duration":10},{"type":"keyUp","value":""}]}]}
RESULT: {"actions":[{"id":"action13","type":"key","parameters":{},"actions":[{"type":"keyDown","value":""},{"type":"pause","duration":10},{"type":"keyUp","value":""}]}]}
COMMAND: GET /session/6972a1617f123e1ed63add18ccdcaeb3/screenshot - {}
RESULT: {}
COMMAND: POST /session/6972a1617f123e1ed63add18ccdcaeb3/elements - {"using":"xpath","value":"//table[contains(@id, \"customPersonsAddressesTable-listUl\")]/tbody/tr"}
RESULT: {"using":"xpath","value":"//table[contains(@id, \"customPersonsAddressesTable-listUl\")]/tbody/tr"}
COMMAND: POST /session/6972a1617f123e1ed63add18ccdcaeb3/element - {"using":"xpath","value":"//table[contains(@id, \"customPersonsAddressesTable-listUl\")]/tbody/tr[1]/td[5]/span/span"}
RESULT: {"using":"xpath","value":"//table[contains(@id, \"customPersonsAddressesTable-listUl\")]/tbody/tr[1]/td[5]/span/span"}
COMMAND: POST /session/6972a1617f123e1ed63add18ccdcaeb3/element - {"using":"xpath","value":"//table[contains(@id, \"customPersonsAddressesTable-listUl\")]/tbody/tr[1]/td[3]/span"}
RESULT: {"using":"xpath","value":"//table[contains(@id, \"customPersonsAddressesTable-listUl\")]/tbody/tr[1]/td[3]/span"}
COMMAND: POST /session/6972a1617f123e1ed63add18ccdcaeb3/elements - {"using":"xpath","value":"//table[contains(@id, \"customPersonsAddressesTable-listUl\")]/tbody/tr[1]/td[5]/span/span"}
RESULT: {"using":"xpath","value":"//table[contains(@id, \"customPersonsAddressesTable-listUl\")]/tbody/tr[1]/td[5]/span/span"}
COMMAND: POST /session/6972a1617f123e1ed63add18ccdcaeb3/execute/sync - {"script":"<script> [56 bytes]","args":[{"element-6066-11e4-a52e-4f735466cecf":"f.9349F0344C151F4717E5B92144CF4C98.d.DB1DFE40C0F47033A3E72D8AA42470A4.e.3174","ELEMENT":"f.9349F0344C151F4717E5B92144CF4C98.d.DB1DFE40C0F47033A3E72D8AA42470A4.e.3174"}]}
RESULT: {"script":"<script> [56 bytes]","args":[{"element-6066-11e4-a52e-4f735466cecf":"f.9349F0344C151F4717E5B92144CF4C98.d.DB1DFE40C0F47033A3E72D8AA42470A4.e.3174","ELEMENT":"f.9349F0344C151F4717E5B92144CF4C98.d.DB1DFE40C0F47033A3E72D8AA42470A4.e.3174"}]}
COMMAND: POST /session/6972a1617f123e1ed63add18ccdcaeb3/element - {"using":"xpath","value":"(//span[contains(@id, \"imgNav\")])[1]"}
COMMAND: GET /session/6972a1617f123e1ed63add18ccdcaeb3/screenshot - {}
RESULT: {"using":"xpath","value":"(//span[contains(@id, \"imgNav\")])[1]"}
COMMAND: POST /session/6972a1617f123e1ed63add18ccdcaeb3/element/f.9349F0344C151F4717E5B92144CF4C98.d.DB1DFE40C0F47033A3E72D8AA42470A4.e.3172/click - {}
RESULT: {}
RESULT: {}
COMMAND: GET /session/6972a1617f123e1ed63add18ccdcaeb3/screenshot - {}
RESULT: {}
COMMAND: POST /session/6972a1617f123e1ed63add18ccdcaeb3/element - {"using":"xpath","value":"//bdi[contains(text(), \"Edit\")]"}
RESULT: {"using":"xpath","value":"//bdi[contains(text(), \"Edit\")]"}
COMMAND: POST /session/6972a1617f123e1ed63add18ccdcaeb3/element/f.9349F0344C151F4717E5B92144CF4C98.d.DB1DFE40C0F47033A3E72D8AA42470A4.e.3299/click - {}
RESULT: {}
COMMAND: GET /session/6972a1617f123e1ed63add18ccdcaeb3/screenshot - {}
RESULT: {}
COMMAND: POST /session/6972a1617f123e1ed63add18ccdcaeb3/execute/async - {"script":"<script> [1562 bytes]","args":[{"selector":{"controlType":"sap.m.Input","viewName":"etm.portal.ui.addressmanagement.view.EditDetail","labelFor":{"text":"Name"},"interaction":{"idSuffix":"inner"}},"wdio_ui5_key":"etmportal.ui.addressmanagement.view.EditDetailsap.m.Input{\"text\":\"Name\"}"}]}
RESULT: {"script":"<script> [1562 bytes]","args":[{"selector":{"controlType":"sap.m.Input","viewName":"etm.portal.ui.addressmanagement.view.EditDetail","labelFor":{"text":"Name"},"interaction":{"idSuffix":"inner"}},"wdio_ui5_key":"etmportal.ui.addressmanagement.view.EditDetailsap.m.Input{\"text\":\"Name\"}"}]}
RESULT: undefined
COMMAND: POST /session/6972a1617f123e1ed63add18ccdcaeb3/element - {"using":"css selector","value":"#shell-header-logo"}
RESULT: {"using":"css selector","value":"#shell-header-logo"}
COMMAND: POST /session/6972a1617f123e1ed63add18ccdcaeb3/element/f.9349F0344C151F4717E5B92144CF4C98.d.DB1DFE40C0F47033A3E72D8AA42470A4.e.2983/click - {}
RESULT: {}
COMMAND: GET /session/6972a1617f123e1ed63add18ccdcaeb3/screenshot - {}
RESULT: {}
COMMAND: POST /session/6972a1617f123e1ed63add18ccdcaeb3/element - {"using":"xpath","value":"//span[contains(@class, \"sapMMsgBoxText\")]"}
RESULT: {"using":"xpath","value":"//span[contains(@class, \"sapMMsgBoxText\")]"}
COMMAND: POST /session/6972a1617f123e1ed63add18ccdcaeb3/elements - {"using":"xpath","value":"//span[contains(@class, \"sapMMsgBoxText\")]"}
RESULT: {"using":"xpath","value":"//span[contains(@class, \"sapMMsgBoxText\")]"}
COMMAND: POST /session/6972a1617f123e1ed63add18ccdcaeb3/elements - {"using":"xpath","value":"//span[contains(@class, \"sapMMsgBoxText\")]"}
RESULT: {"using":"xpath","value":"//span[contains(@class, \"sapMMsgBoxText\")]"}
COMMAND: POST /session/6972a1617f123e1ed63add18ccdcaeb3/elements - {"using":"xpath","value":"//span[contains(@class, \"sapMMsgBoxText\")]"}
RESULT: {"using":"xpath","value":"//span[contains(@class, \"sapMMsgBoxText\")]"}
COMMAND: POST /session/6972a1617f123e1ed63add18ccdcaeb3/elements - {"using":"xpath","value":"//span[contains(@class, \"sapMMsgBoxText\")]"}
RESULT: {"using":"xpath","value":"//span[contains(@class, \"sapMMsgBoxText\")]"}
COMMAND: POST /session/6972a1617f123e1ed63add18ccdcaeb3/elements - {"using":"xpath","value":"//span[contains(@class, \"sapMMsgBoxText\")]"}
RESULT: {"using":"xpath","value":"//span[contains(@class, \"sapMMsgBoxText\")]"}
COMMAND: POST /session/6972a1617f123e1ed63add18ccdcaeb3/elements - {"using":"xpath","value":"//span[contains(@class, \"sapMMsgBoxText\")]"}
RESULT: {"using":"xpath","value":"//span[contains(@class, \"sapMMsgBoxText\")]"}
COMMAND: POST /session/6972a1617f123e1ed63add18ccdcaeb3/elements - {"using":"xpath","value":"//span[contains(@class, \"sapMMsgBoxText\")]"}
RESULT: {"using":"xpath","value":"//span[contains(@class, \"sapMMsgBoxText\")]"}
COMMAND: POST /session/6972a1617f123e1ed63add18ccdcaeb3/elements - {"using":"xpath","value":"//span[contains(@class, \"sapMMsgBoxText\")]"}
RESULT: {"using":"xpath","value":"//span[contains(@class, \"sapMMsgBoxText\")]"}
COMMAND: POST /session/6972a1617f123e1ed63add18ccdcaeb3/elements - {"using":"xpath","value":"//span[contains(@class, \"sapMMsgBoxText\")]"}
RESULT: {"using":"xpath","value":"//span[contains(@class, \"sapMMsgBoxText\")]"}
COMMAND: POST /session/6972a1617f123e1ed63add18ccdcaeb3/elements - {"using":"xpath","value":"//span[contains(@class, \"sapMMsgBoxText\")]"}
RESULT: {"using":"xpath","value":"//span[contains(@class, \"sapMMsgBoxText\")]"}
COMMAND: POST /session/6972a1617f123e1ed63add18ccdcaeb3/elements - {"using":"xpath","value":"//span[contains(@class, \"sapMMsgBoxText\")]"}
RESULT: {"using":"xpath","value":"//span[contains(@class, \"sapMMsgBoxText\")]"}
COMMAND: POST /session/6972a1617f123e1ed63add18ccdcaeb3/elements - {"using":"xpath","value":"//span[contains(@class, \"sapMMsgBoxText\")]"}
RESULT: {"using":"xpath","value":"//span[contains(@class, \"sapMMsgBoxText\")]"}
COMMAND: POST /session/6972a1617f123e1ed63add18ccdcaeb3/elements - {"using":"xpath","value":"//span[contains(@class, \"sapMMsgBoxText\")]"}
RESULT: {"using":"xpath","value":"//span[contains(@class, \"sapMMsgBoxText\")]"}
COMMAND: POST /session/6972a1617f123e1ed63add18ccdcaeb3/elements - {"using":"xpath","value":"//span[contains(@class, \"sapMMsgBoxText\")]"}
RESULT: {"using":"xpath","value":"//span[contains(@class, \"sapMMsgBoxText\")]"}
COMMAND: POST /session/6972a1617f123e1ed63add18ccdcaeb3/elements - {"using":"xpath","value":"//span[contains(@class, \"sapMMsgBoxText\")]"}
RESULT: {"using":"xpath","value":"//span[contains(@class, \"sapMMsgBoxText\")]"}
COMMAND: POST /session/6972a1617f123e1ed63add18ccdcaeb3/elements - {"using":"xpath","value":"//span[contains(@class, \"sapMMsgBoxText\")]"}
RESULT: {"using":"xpath","value":"//span[contains(@class, \"sapMMsgBoxText\")]"}
COMMAND: POST /session/6972a1617f123e1ed63add18ccdcaeb3/elements - {"using":"xpath","value":"//span[contains(@class, \"sapMMsgBoxText\")]"}
RESULT: {"using":"xpath","value":"//span[contains(@class, \"sapMMsgBoxText\")]"}
COMMAND: POST /session/6972a1617f123e1ed63add18ccdcaeb3/elements - {"using":"xpath","value":"//span[contains(@class, \"sapMMsgBoxText\")]"}
RESULT: {"using":"xpath","value":"//span[contains(@class, \"sapMMsgBoxText\")]"}
COMMAND: POST /session/6972a1617f123e1ed63add18ccdcaeb3/elements - {"using":"xpath","value":"//span[contains(@class, \"sapMMsgBoxText\")]"}
RESULT: {"using":"xpath","value":"//span[contains(@class, \"sapMMsgBoxText\")]"}
COMMAND: POST /session/6972a1617f123e1ed63add18ccdcaeb3/elements - {"using":"xpath","value":"//span[contains(@class, \"sapMMsgBoxText\")]"}
RESULT: {"using":"xpath","value":"//span[contains(@class, \"sapMMsgBoxText\")]"}
COMMAND: POST /session/6972a1617f123e1ed63add18ccdcaeb3/elements - {"using":"xpath","value":"//span[contains(@class, \"sapMMsgBoxText\")]"}
RESULT: {"using":"xpath","value":"//span[contains(@class, \"sapMMsgBoxText\")]"}
COMMAND: POST /session/6972a1617f123e1ed63add18ccdcaeb3/elements - {"using":"xpath","value":"//span[contains(@class, \"sapMMsgBoxText\")]"}
RESULT: {"using":"xpath","value":"//span[contains(@class, \"sapMMsgBoxText\")]"}
COMMAND: POST /session/6972a1617f123e1ed63add18ccdcaeb3/elements - {"using":"xpath","value":"//span[contains(@class, \"sapMMsgBoxText\")]"}
RESULT: {"using":"xpath","value":"//span[contains(@class, \"sapMMsgBoxText\")]"}
COMMAND: POST /session/6972a1617f123e1ed63add18ccdcaeb3/elements - {"using":"xpath","value":"//span[contains(@class, \"sapMMsgBoxText\")]"}
RESULT: {"using":"xpath","value":"//span[contains(@class, \"sapMMsgBoxText\")]"}
COMMAND: POST /session/6972a1617f123e1ed63add18ccdcaeb3/elements - {"using":"xpath","value":"//span[contains(@class, \"sapMMsgBoxText\")]"}
RESULT: {"using":"xpath","value":"//span[contains(@class, \"sapMMsgBoxText\")]"}
COMMAND: POST /session/6972a1617f123e1ed63add18ccdcaeb3/elements - {"using":"xpath","value":"//span[contains(@class, \"sapMMsgBoxText\")]"}
RESULT: {"using":"xpath","value":"//span[contains(@class, \"sapMMsgBoxText\")]"}
COMMAND: POST /session/6972a1617f123e1ed63add18ccdcaeb3/elements - {"using":"xpath","value":"//span[contains(@class, \"sapMMsgBoxText\")]"}
RESULT: {"using":"xpath","value":"//span[contains(@class, \"sapMMsgBoxText\")]"}
COMMAND: POST /session/6972a1617f123e1ed63add18ccdcaeb3/elements - {"using":"xpath","value":"//span[contains(@class, \"sapMMsgBoxText\")]"}
RESULT: {"using":"xpath","value":"//span[contains(@class, \"sapMMsgBoxText\")]"}
COMMAND: POST /session/6972a1617f123e1ed63add18ccdcaeb3/elements - {"using":"xpath","value":"//span[contains(@class, \"sapMMsgBoxText\")]"}
RESULT: {"using":"xpath","value":"//span[contains(@class, \"sapMMsgBoxText\")]"}
COMMAND: POST /session/6972a1617f123e1ed63add18ccdcaeb3/elements - {"using":"xpath","value":"//span[contains(@class, \"sapMMsgBoxText\")]"}
RESULT: {"using":"xpath","value":"//span[contains(@class, \"sapMMsgBoxText\")]"}
COMMAND: POST /session/6972a1617f123e1ed63add18ccdcaeb3/elements - {"using":"xpath","value":"//span[contains(@class, \"sapMMsgBoxText\")]"}
RESULT: {"using":"xpath","value":"//span[contains(@class, \"sapMMsgBoxText\")]"}
COMMAND: POST /session/6972a1617f123e1ed63add18ccdcaeb3/elements - {"using":"xpath","value":"//span[contains(@class, \"sapMMsgBoxText\")]"}
RESULT: {"using":"xpath","value":"//span[contains(@class, \"sapMMsgBoxText\")]"}
COMMAND: POST /session/6972a1617f123e1ed63add18ccdcaeb3/elements - {"using":"xpath","value":"//span[contains(@class, \"sapMMsgBoxText\")]"}
RESULT: {"using":"xpath","value":"//span[contains(@class, \"sapMMsgBoxText\")]"}
COMMAND: POST /session/6972a1617f123e1ed63add18ccdcaeb3/elements - {"using":"xpath","value":"//span[contains(@class, \"sapMMsgBoxText\")]"}
RESULT: {"using":"xpath","value":"//span[contains(@class, \"sapMMsgBoxText\")]"}
COMMAND: POST /session/6972a1617f123e1ed63add18ccdcaeb3/elements - {"using":"xpath","value":"//span[contains(@class, \"sapMMsgBoxText\")]"}
RESULT: {"using":"xpath","value":"//span[contains(@class, \"sapMMsgBoxText\")]"}
COMMAND: POST /session/6972a1617f123e1ed63add18ccdcaeb3/elements - {"using":"xpath","value":"//span[contains(@class, \"sapMMsgBoxText\")]"}
RESULT: {"using":"xpath","value":"//span[contains(@class, \"sapMMsgBoxText\")]"}
COMMAND: POST /session/6972a1617f123e1ed63add18ccdcaeb3/elements - {"using":"xpath","value":"//span[contains(@class, \"sapMMsgBoxText\")]"}
RESULT: {"using":"xpath","value":"//span[contains(@class, \"sapMMsgBoxText\")]"}
COMMAND: POST /session/6972a1617f123e1ed63add18ccdcaeb3/elements - {"using":"xpath","value":"//span[contains(@class, \"sapMMsgBoxText\")]"}
RESULT: {"using":"xpath","value":"//span[contains(@class, \"sapMMsgBoxText\")]"}
COMMAND: POST /session/6972a1617f123e1ed63add18ccdcaeb3/elements - {"using":"xpath","value":"//span[contains(@class, \"sapMMsgBoxText\")]"}
RESULT: {"using":"xpath","value":"//span[contains(@class, \"sapMMsgBoxText\")]"}
COMMAND: POST /session/6972a1617f123e1ed63add18ccdcaeb3/elements - {"using":"xpath","value":"//span[contains(@class, \"sapMMsgBoxText\")]"}
RESULT: {"using":"xpath","value":"//span[contains(@class, \"sapMMsgBoxText\")]"}
COMMAND: POST /session/6972a1617f123e1ed63add18ccdcaeb3/elements - {"using":"xpath","value":"//span[contains(@class, \"sapMMsgBoxText\")]"}
RESULT: {"using":"xpath","value":"//span[contains(@class, \"sapMMsgBoxText\")]"}
COMMAND: POST /session/6972a1617f123e1ed63add18ccdcaeb3/elements - {"using":"xpath","value":"//span[contains(@class, \"sapMMsgBoxText\")]"}
RESULT: {"using":"xpath","value":"//span[contains(@class, \"sapMMsgBoxText\")]"}
COMMAND: POST /session/6972a1617f123e1ed63add18ccdcaeb3/elements - {"using":"xpath","value":"//span[contains(@class, \"sapMMsgBoxText\")]"}
RESULT: {"using":"xpath","value":"//span[contains(@class, \"sapMMsgBoxText\")]"}
COMMAND: POST /session/6972a1617f123e1ed63add18ccdcaeb3/elements - {"using":"xpath","value":"//span[contains(@class, \"sapMMsgBoxText\")]"}
RESULT: {"using":"xpath","value":"//span[contains(@class, \"sapMMsgBoxText\")]"}
COMMAND: POST /session/6972a1617f123e1ed63add18ccdcaeb3/elements - {"using":"xpath","value":"//span[contains(@class, \"sapMMsgBoxText\")]"}
RESULT: {"using":"xpath","value":"//span[contains(@class, \"sapMMsgBoxText\")]"}
COMMAND: POST /session/6972a1617f123e1ed63add18ccdcaeb3/elements - {"using":"xpath","value":"//span[contains(@class, \"sapMMsgBoxText\")]"}
RESULT: {"using":"xpath","value":"//span[contains(@class, \"sapMMsgBoxText\")]"}
COMMAND: POST /session/6972a1617f123e1ed63add18ccdcaeb3/elements - {"using":"xpath","value":"//span[contains(@class, \"sapMMsgBoxText\")]"}
RESULT: {"using":"xpath","value":"//span[contains(@class, \"sapMMsgBoxText\")]"}
COMMAND: POST /session/6972a1617f123e1ed63add18ccdcaeb3/elements - {"using":"xpath","value":"//span[contains(@class, \"sapMMsgBoxText\")]"}
RESULT: {"using":"xpath","value":"//span[contains(@class, \"sapMMsgBoxText\")]"}
COMMAND: POST /session/6972a1617f123e1ed63add18ccdcaeb3/elements - {"using":"xpath","value":"//span[contains(@class, \"sapMMsgBoxText\")]"}
RESULT: {"using":"xpath","value":"//span[contains(@class, \"sapMMsgBoxText\")]"}
COMMAND: POST /session/6972a1617f123e1ed63add18ccdcaeb3/elements - {"using":"xpath","value":"//span[contains(@class, \"sapMMsgBoxText\")]"}
RESULT: {"using":"xpath","value":"//span[contains(@class, \"sapMMsgBoxText\")]"}
COMMAND: POST /session/6972a1617f123e1ed63add18ccdcaeb3/elements - {"using":"xpath","value":"//span[contains(@class, \"sapMMsgBoxText\")]"}
RESULT: {"using":"xpath","value":"//span[contains(@class, \"sapMMsgBoxText\")]"}
COMMAND: POST /session/6972a1617f123e1ed63add18ccdcaeb3/elements - {"using":"xpath","value":"//span[contains(@class, \"sapMMsgBoxText\")]"}
RESULT: {"using":"xpath","value":"//span[contains(@class, \"sapMMsgBoxText\")]"}
COMMAND: POST /session/6972a1617f123e1ed63add18ccdcaeb3/elements - {"using":"xpath","value":"//span[contains(@class, \"sapMMsgBoxText\")]"}
RESULT: {"using":"xpath","value":"//span[contains(@class, \"sapMMsgBoxText\")]"}
COMMAND: POST /session/6972a1617f123e1ed63add18ccdcaeb3/elements - {"using":"xpath","value":"//span[contains(@class, \"sapMMsgBoxText\")]"}
RESULT: {"using":"xpath","value":"//span[contains(@class, \"sapMMsgBoxText\")]"}
COMMAND: POST /session/6972a1617f123e1ed63add18ccdcaeb3/elements - {"using":"xpath","value":"//span[contains(@class, \"sapMMsgBoxText\")]"}
RESULT: {"using":"xpath","value":"//span[contains(@class, \"sapMMsgBoxText\")]"}
COMMAND: POST /session/6972a1617f123e1ed63add18ccdcaeb3/elements - {"using":"xpath","value":"//span[contains(@class, \"sapMMsgBoxText\")]"}
RESULT: {"using":"xpath","value":"//span[contains(@class, \"sapMMsgBoxText\")]"}
COMMAND: POST /session/6972a1617f123e1ed63add18ccdcaeb3/elements - {"using":"xpath","value":"//span[contains(@class, \"sapMMsgBoxText\")]"}
RESULT: {"using":"xpath","value":"//span[contains(@class, \"sapMMsgBoxText\")]"}
COMMAND: POST /session/6972a1617f123e1ed63add18ccdcaeb3/elements - {"using":"xpath","value":"//span[contains(@class, \"sapMMsgBoxText\")]"}
RESULT: {"using":"xpath","value":"//span[contains(@class, \"sapMMsgBoxText\")]"}
COMMAND: POST /session/6972a1617f123e1ed63add18ccdcaeb3/elements - {"using":"xpath","value":"//span[contains(@class, \"sapMMsgBoxText\")]"}
RESULT: {"using":"xpath","value":"//span[contains(@class, \"sapMMsgBoxText\")]"}
COMMAND: POST /session/6972a1617f123e1ed63add18ccdcaeb3/elements - {"using":"xpath","value":"//span[contains(@class, \"sapMMsgBoxText\")]"}
RESULT: {"using":"xpath","value":"//span[contains(@class, \"sapMMsgBoxText\")]"}
COMMAND: POST /session/6972a1617f123e1ed63add18ccdcaeb3/elements - {"using":"xpath","value":"//span[contains(@class, \"sapMMsgBoxText\")]"}
RESULT: {"using":"xpath","value":"//span[contains(@class, \"sapMMsgBoxText\")]"}
COMMAND: POST /session/6972a1617f123e1ed63add18ccdcaeb3/elements - {"using":"xpath","value":"//span[contains(@class, \"sapMMsgBoxText\")]"}
RESULT: {"using":"xpath","value":"//span[contains(@class, \"sapMMsgBoxText\")]"}
COMMAND: POST /session/6972a1617f123e1ed63add18ccdcaeb3/elements - {"using":"xpath","value":"//span[contains(@class, \"sapMMsgBoxText\")]"}
RESULT: {"using":"xpath","value":"//span[contains(@class, \"sapMMsgBoxText\")]"}
COMMAND: POST /session/6972a1617f123e1ed63add18ccdcaeb3/elements - {"using":"xpath","value":"//span[contains(@class, \"sapMMsgBoxText\")]"}
RESULT: {"using":"xpath","value":"//span[contains(@class, \"sapMMsgBoxText\")]"}
COMMAND: POST /session/6972a1617f123e1ed63add18ccdcaeb3/elements - {"using":"xpath","value":"//span[contains(@class, \"sapMMsgBoxText\")]"}
RESULT: {"using":"xpath","value":"//span[contains(@class, \"sapMMsgBoxText\")]"}
COMMAND: POST /session/6972a1617f123e1ed63add18ccdcaeb3/elements - {"using":"xpath","value":"//span[contains(@class, \"sapMMsgBoxText\")]"}
RESULT: {"using":"xpath","value":"//span[contains(@class, \"sapMMsgBoxText\")]"}
COMMAND: POST /session/6972a1617f123e1ed63add18ccdcaeb3/elements - {"using":"xpath","value":"//span[contains(@class, \"sapMMsgBoxText\")]"}
RESULT: {"using":"xpath","value":"//span[contains(@class, \"sapMMsgBoxText\")]"}
COMMAND: POST /session/6972a1617f123e1ed63add18ccdcaeb3/elements - {"using":"xpath","value":"//span[contains(@class, \"sapMMsgBoxText\")]"}
RESULT: {"using":"xpath","value":"//span[contains(@class, \"sapMMsgBoxText\")]"}
COMMAND: POST /session/6972a1617f123e1ed63add18ccdcaeb3/elements - {"using":"xpath","value":"//span[contains(@class, \"sapMMsgBoxText\")]"}
RESULT: {"using":"xpath","value":"//span[contains(@class, \"sapMMsgBoxText\")]"}
COMMAND: POST /session/6972a1617f123e1ed63add18ccdcaeb3/elements - {"using":"xpath","value":"//span[contains(@class, \"sapMMsgBoxText\")]"}
RESULT: {"using":"xpath","value":"//span[contains(@class, \"sapMMsgBoxText\")]"}
COMMAND: POST /session/6972a1617f123e1ed63add18ccdcaeb3/elements - {"using":"xpath","value":"//span[contains(@class, \"sapMMsgBoxText\")]"}
RESULT: {"using":"xpath","value":"//span[contains(@class, \"sapMMsgBoxText\")]"}
COMMAND: POST /session/6972a1617f123e1ed63add18ccdcaeb3/elements - {"using":"xpath","value":"//span[contains(@class, \"sapMMsgBoxText\")]"}
RESULT: {"using":"xpath","value":"//span[contains(@class, \"sapMMsgBoxText\")]"}
COMMAND: POST /session/6972a1617f123e1ed63add18ccdcaeb3/elements - {"using":"xpath","value":"//span[contains(@class, \"sapMMsgBoxText\")]"}
RESULT: {"using":"xpath","value":"//span[contains(@class, \"sapMMsgBoxText\")]"}
COMMAND: POST /session/6972a1617f123e1ed63add18ccdcaeb3/elements - {"using":"xpath","value":"//span[contains(@class, \"sapMMsgBoxText\")]"}
RESULT: {"using":"xpath","value":"//span[contains(@class, \"sapMMsgBoxText\")]"}
COMMAND: POST /session/6972a1617f123e1ed63add18ccdcaeb3/elements - {"using":"xpath","value":"//span[contains(@class, \"sapMMsgBoxText\")]"}
RESULT: {"using":"xpath","value":"//span[contains(@class, \"sapMMsgBoxText\")]"}
COMMAND: POST /session/6972a1617f123e1ed63add18ccdcaeb3/elements - {"using":"xpath","value":"//span[contains(@class, \"sapMMsgBoxText\")]"}
RESULT: {"using":"xpath","value":"//span[contains(@class, \"sapMMsgBoxText\")]"}
COMMAND: POST /session/6972a1617f123e1ed63add18ccdcaeb3/elements - {"using":"xpath","value":"//span[contains(@class, \"sapMMsgBoxText\")]"}
RESULT: {"using":"xpath","value":"//span[contains(@class, \"sapMMsgBoxText\")]"}
COMMAND: POST /session/6972a1617f123e1ed63add18ccdcaeb3/elements - {"using":"xpath","value":"//span[contains(@class, \"sapMMsgBoxText\")]"}
RESULT: {"using":"xpath","value":"//span[contains(@class, \"sapMMsgBoxText\")]"}
COMMAND: POST /session/6972a1617f123e1ed63add18ccdcaeb3/elements - {"using":"xpath","value":"//span[contains(@class, \"sapMMsgBoxText\")]"}
RESULT: {"using":"xpath","value":"//span[contains(@class, \"sapMMsgBoxText\")]"}
COMMAND: POST /session/6972a1617f123e1ed63add18ccdcaeb3/elements - {"using":"xpath","value":"//span[contains(@class, \"sapMMsgBoxText\")]"}
RESULT: {"using":"xpath","value":"//span[contains(@class, \"sapMMsgBoxText\")]"}
COMMAND: POST /session/6972a1617f123e1ed63add18ccdcaeb3/elements - {"using":"xpath","value":"//span[contains(@class, \"sapMMsgBoxText\")]"}
RESULT: {"using":"xpath","value":"//span[contains(@class, \"sapMMsgBoxText\")]"}
COMMAND: POST /session/6972a1617f123e1ed63add18ccdcaeb3/elements - {"using":"xpath","value":"//span[contains(@class, \"sapMMsgBoxText\")]"}
RESULT: {"using":"xpath","value":"//span[contains(@class, \"sapMMsgBoxText\")]"}
COMMAND: POST /session/6972a1617f123e1ed63add18ccdcaeb3/elements - {"using":"xpath","value":"//span[contains(@class, \"sapMMsgBoxText\")]"}
RESULT: {"using":"xpath","value":"//span[contains(@class, \"sapMMsgBoxText\")]"}
COMMAND: POST /session/6972a1617f123e1ed63add18ccdcaeb3/elements - {"using":"xpath","value":"//span[contains(@class, \"sapMMsgBoxText\")]"}
RESULT: {"using":"xpath","value":"//span[contains(@class, \"sapMMsgBoxText\")]"}
COMMAND: POST /session/6972a1617f123e1ed63add18ccdcaeb3/elements - {"using":"xpath","value":"//span[contains(@class, \"sapMMsgBoxText\")]"}
RESULT: {"using":"xpath","value":"//span[contains(@class, \"sapMMsgBoxText\")]"}
COMMAND: POST /session/6972a1617f123e1ed63add18ccdcaeb3/elements - {"using":"xpath","value":"//span[contains(@class, \"sapMMsgBoxText\")]"}
RESULT: {"using":"xpath","value":"//span[contains(@class, \"sapMMsgBoxText\")]"}
COMMAND: POST /session/6972a1617f123e1ed63add18ccdcaeb3/elements - {"using":"xpath","value":"//span[contains(@class, \"sapMMsgBoxText\")]"}
RESULT: {"using":"xpath","value":"//span[contains(@class, \"sapMMsgBoxText\")]"}
COMMAND: POST /session/6972a1617f123e1ed63add18ccdcaeb3/elements - {"using":"xpath","value":"//span[contains(@class, \"sapMMsgBoxText\")]"}
RESULT: {"using":"xpath","value":"//span[contains(@class, \"sapMMsgBoxText\")]"}
COMMAND: POST /session/6972a1617f123e1ed63add18ccdcaeb3/elements - {"using":"xpath","value":"//span[contains(@class, \"sapMMsgBoxText\")]"}
RESULT: {"using":"xpath","value":"//span[contains(@class, \"sapMMsgBoxText\")]"}
COMMAND: POST /session/6972a1617f123e1ed63add18ccdcaeb3/elements - {"using":"xpath","value":"//span[contains(@class, \"sapMMsgBoxText\")]"}
RESULT: {"using":"xpath","value":"//span[contains(@class, \"sapMMsgBoxText\")]"}
COMMAND: POST /session/6972a1617f123e1ed63add18ccdcaeb3/elements - {"using":"xpath","value":"//span[contains(@class, \"sapMMsgBoxText\")]"}
RESULT: {"using":"xpath","value":"//span[contains(@class, \"sapMMsgBoxText\")]"}
COMMAND: POST /session/6972a1617f123e1ed63add18ccdcaeb3/elements - {"using":"xpath","value":"//span[contains(@class, \"sapMMsgBoxText\")]"}
RESULT: {"using":"xpath","value":"//span[contains(@class, \"sapMMsgBoxText\")]"}
COMMAND: POST /session/6972a1617f123e1ed63add18ccdcaeb3/elements - {"using":"xpath","value":"//span[contains(@class, \"sapMMsgBoxText\")]"}
RESULT: {"using":"xpath","value":"//span[contains(@class, \"sapMMsgBoxText\")]"}
COMMAND: POST /session/6972a1617f123e1ed63add18ccdcaeb3/elements - {"using":"xpath","value":"//span[contains(@class, \"sapMMsgBoxText\")]"}
RESULT: {"using":"xpath","value":"//span[contains(@class, \"sapMMsgBoxText\")]"}
COMMAND: POST /session/6972a1617f123e1ed63add18ccdcaeb3/elements - {"using":"xpath","value":"//span[contains(@class, \"sapMMsgBoxText\")]"}
RESULT: {"using":"xpath","value":"//span[contains(@class, \"sapMMsgBoxText\")]"}
COMMAND: POST /session/6972a1617f123e1ed63add18ccdcaeb3/elements - {"using":"xpath","value":"//span[contains(@class, \"sapMMsgBoxText\")]"}
RESULT: {"using":"xpath","value":"//span[contains(@class, \"sapMMsgBoxText\")]"}
COMMAND: POST /session/6972a1617f123e1ed63add18ccdcaeb3/elements - {"using":"xpath","value":"//span[contains(@class, \"sapMMsgBoxText\")]"}
RESULT: {"using":"xpath","value":"//span[contains(@class, \"sapMMsgBoxText\")]"}
COMMAND: POST /session/6972a1617f123e1ed63add18ccdcaeb3/elements - {"using":"xpath","value":"//span[contains(@class, \"sapMMsgBoxText\")]"}
RESULT: {"using":"xpath","value":"//span[contains(@class, \"sapMMsgBoxText\")]"}
COMMAND: POST /session/6972a1617f123e1ed63add18ccdcaeb3/elements - {"using":"xpath","value":"//span[contains(@class, \"sapMMsgBoxText\")]"}
RESULT: {"using":"xpath","value":"//span[contains(@class, \"sapMMsgBoxText\")]"}
COMMAND: POST /session/6972a1617f123e1ed63add18ccdcaeb3/elements - {"using":"xpath","value":"//span[contains(@class, \"sapMMsgBoxText\")]"}
RESULT: {"using":"xpath","value":"//span[contains(@class, \"sapMMsgBoxText\")]"}
COMMAND: POST /session/6972a1617f123e1ed63add18ccdcaeb3/elements - {"using":"xpath","value":"//span[contains(@class, \"sapMMsgBoxText\")]"}
RESULT: {"using":"xpath","value":"//span[contains(@class, \"sapMMsgBoxText\")]"}
COMMAND: POST /session/6972a1617f123e1ed63add18ccdcaeb3/elements - {"using":"xpath","value":"//span[contains(@class, \"sapMMsgBoxText\")]"}
RESULT: {"using":"xpath","value":"//span[contains(@class, \"sapMMsgBoxText\")]"}
COMMAND: POST /session/6972a1617f123e1ed63add18ccdcaeb3/elements - {"using":"xpath","value":"//span[contains(@class, \"sapMMsgBoxText\")]"}
RESULT: {"using":"xpath","value":"//span[contains(@class, \"sapMMsgBoxText\")]"}
COMMAND: POST /session/6972a1617f123e1ed63add18ccdcaeb3/elements - {"using":"xpath","value":"//span[contains(@class, \"sapMMsgBoxText\")]"}
RESULT: {"using":"xpath","value":"//span[contains(@class, \"sapMMsgBoxText\")]"}
COMMAND: POST /session/6972a1617f123e1ed63add18ccdcaeb3/elements - {"using":"xpath","value":"//span[contains(@class, \"sapMMsgBoxText\")]"}
RESULT: {"using":"xpath","value":"//span[contains(@class, \"sapMMsgBoxText\")]"}
COMMAND: POST /session/6972a1617f123e1ed63add18ccdcaeb3/elements - {"using":"xpath","value":"//span[contains(@class, \"sapMMsgBoxText\")]"}
RESULT: {"using":"xpath","value":"//span[contains(@class, \"sapMMsgBoxText\")]"}
COMMAND: POST /session/6972a1617f123e1ed63add18ccdcaeb3/elements - {"using":"xpath","value":"//span[contains(@class, \"sapMMsgBoxText\")]"}
RESULT: {"using":"xpath","value":"//span[contains(@class, \"sapMMsgBoxText\")]"}
COMMAND: POST /session/6972a1617f123e1ed63add18ccdcaeb3/elements - {"using":"xpath","value":"//span[contains(@class, \"sapMMsgBoxText\")]"}
RESULT: {"using":"xpath","value":"//span[contains(@class, \"sapMMsgBoxText\")]"}
COMMAND: POST /session/6972a1617f123e1ed63add18ccdcaeb3/elements - {"using":"xpath","value":"//span[contains(@class, \"sapMMsgBoxText\")]"}
RESULT: {"using":"xpath","value":"//span[contains(@class, \"sapMMsgBoxText\")]"}
COMMAND: POST /session/6972a1617f123e1ed63add18ccdcaeb3/elements - {"using":"xpath","value":"//span[contains(@class, \"sapMMsgBoxText\")]"}
RESULT: {"using":"xpath","value":"//span[contains(@class, \"sapMMsgBoxText\")]"}
COMMAND: POST /session/6972a1617f123e1ed63add18ccdcaeb3/elements - {"using":"xpath","value":"//span[contains(@class, \"sapMMsgBoxText\")]"}
RESULT: {"using":"xpath","value":"//span[contains(@class, \"sapMMsgBoxText\")]"}
COMMAND: POST /session/6972a1617f123e1ed63add18ccdcaeb3/elements - {"using":"xpath","value":"//span[contains(@class, \"sapMMsgBoxText\")]"}
RESULT: {"using":"xpath","value":"//span[contains(@class, \"sapMMsgBoxText\")]"}
COMMAND: POST /session/6972a1617f123e1ed63add18ccdcaeb3/element - {"using":"css selector","value":"#shell-header-logo"}
RESULT: {"using":"css selector","value":"#shell-header-logo"}
COMMAND: POST /session/6972a1617f123e1ed63add18ccdcaeb3/element/f.9349F0344C151F4717E5B92144CF4C98.d.DB1DFE40C0F47033A3E72D8AA42470A4.e.3355/click - {}
RESULT: {}
COMMAND: GET /session/6972a1617f123e1ed63add18ccdcaeb3/screenshot - {}
RESULT: {}
COMMAND: GET /session/6972a1617f123e1ed63add18ccdcaeb3/screenshot - {}
RESULT: {}
]]></system-out>
      <system-err><![CDATA[
Error: Expect $(`//span[contains(@class, "sapMMsgBoxText")]`) to be existing

Expected: "existing"
Received: "not existing"
    at Context.<anonymous> (D:\a\1\s\test\specs\BTS\address-management.spec.js:1014:38)
]]></system-err>
    </testcase>
    <testcase classname="chrome.136_0_7103_93.windows.Address_Management_Tests_US156181_US151165_US151160_US156180_US156178_US151157_US151172_US151170_US151166_US151168" name="Step 8 Should add an attachment to the created address US151166 BUGGED FOR NOW" time="71.889">
      <system-out><![CDATA[
RESULT: undefined
COMMAND: POST /session/6972a1617f123e1ed63add18ccdcaeb3/element - {"using":"xpath","value":"//*[@id=\"__tile33\"]"}
COMMAND: GET /session/6972a1617f123e1ed63add18ccdcaeb3/screenshot - {}
RESULT: {"using":"xpath","value":"//*[@id=\"__tile33\"]"}
COMMAND: POST /session/6972a1617f123e1ed63add18ccdcaeb3/element/f.9349F0344C151F4717E5B92144CF4C98.d.DB1DFE40C0F47033A3E72D8AA42470A4.e.212/click - {}
RESULT: {}
RESULT: {}
COMMAND: GET /session/6972a1617f123e1ed63add18ccdcaeb3/screenshot - {}
RESULT: {}
COMMAND: POST /session/6972a1617f123e1ed63add18ccdcaeb3/elements - {"using":"xpath","value":"//span[text()='Error']"}
RESULT: {"using":"xpath","value":"//span[text()='Error']"}
COMMAND: POST /session/6972a1617f123e1ed63add18ccdcaeb3/element - {"using":"xpath","value":"//button[@data-kt=\"addButton\"]"}
RESULT: {"using":"xpath","value":"//button[@data-kt=\"addButton\"]"}
COMMAND: POST /session/6972a1617f123e1ed63add18ccdcaeb3/elements - {"using":"xpath","value":"//button[@data-kt=\"addButton\"]"}
RESULT: {"using":"xpath","value":"//button[@data-kt=\"addButton\"]"}
COMMAND: POST /session/6972a1617f123e1ed63add18ccdcaeb3/execute/sync - {"script":"<script> [8489 bytes]","args":[{"element-6066-11e4-a52e-4f735466cecf":"f.9349F0344C151F4717E5B92144CF4C98.d.DB1DFE40C0F47033A3E72D8AA42470A4.e.3400","ELEMENT":"f.9349F0344C151F4717E5B92144CF4C98.d.DB1DFE40C0F47033A3E72D8AA42470A4.e.3400"}]}
RESULT: {"script":"<script> [8489 bytes]","args":[{"element-6066-11e4-a52e-4f735466cecf":"f.9349F0344C151F4717E5B92144CF4C98.d.DB1DFE40C0F47033A3E72D8AA42470A4.e.3400","ELEMENT":"f.9349F0344C151F4717E5B92144CF4C98.d.DB1DFE40C0F47033A3E72D8AA42470A4.e.3400"}]}
COMMAND: GET /session/6972a1617f123e1ed63add18ccdcaeb3/element/f.9349F0344C151F4717E5B92144CF4C98.d.DB1DFE40C0F47033A3E72D8AA42470A4.e.3400/enabled - {}
COMMAND: GET /session/6972a1617f123e1ed63add18ccdcaeb3/screenshot - {}
RESULT: {}
COMMAND: POST /session/6972a1617f123e1ed63add18ccdcaeb3/execute/sync - {"script":"<script> [8489 bytes]","args":[{"element-6066-11e4-a52e-4f735466cecf":"f.9349F0344C151F4717E5B92144CF4C98.d.DB1DFE40C0F47033A3E72D8AA42470A4.e.3400","ELEMENT":"f.9349F0344C151F4717E5B92144CF4C98.d.DB1DFE40C0F47033A3E72D8AA42470A4.e.3400"}]}
COMMAND: GET /session/6972a1617f123e1ed63add18ccdcaeb3/screenshot - {}
RESULT: {}
RESULT: {"script":"<script> [8489 bytes]","args":[{"element-6066-11e4-a52e-4f735466cecf":"f.9349F0344C151F4717E5B92144CF4C98.d.DB1DFE40C0F47033A3E72D8AA42470A4.e.3400","ELEMENT":"f.9349F0344C151F4717E5B92144CF4C98.d.DB1DFE40C0F47033A3E72D8AA42470A4.e.3400"}]}
COMMAND: POST /session/6972a1617f123e1ed63add18ccdcaeb3/execute/sync - {"script":"<script> [5351 bytes]","args":[{"element-6066-11e4-a52e-4f735466cecf":"f.9349F0344C151F4717E5B92144CF4C98.d.DB1DFE40C0F47033A3E72D8AA42470A4.e.3400","ELEMENT":"f.9349F0344C151F4717E5B92144CF4C98.d.DB1DFE40C0F47033A3E72D8AA42470A4.e.3400"}]}
COMMAND: GET /session/6972a1617f123e1ed63add18ccdcaeb3/screenshot - {}
RESULT: {}
RESULT: {"script":"<script> [5351 bytes]","args":[{"element-6066-11e4-a52e-4f735466cecf":"f.9349F0344C151F4717E5B92144CF4C98.d.DB1DFE40C0F47033A3E72D8AA42470A4.e.3400","ELEMENT":"f.9349F0344C151F4717E5B92144CF4C98.d.DB1DFE40C0F47033A3E72D8AA42470A4.e.3400"}]}
COMMAND: GET /session/6972a1617f123e1ed63add18ccdcaeb3/screenshot - {}
RESULT: {}
RESULT: {}
RESULT: undefined
COMMAND: POST /session/6972a1617f123e1ed63add18ccdcaeb3/execute/async - {"script":"<script> [776 bytes]","args":[{"enterText":"qDbk5hg2s6","selector":{"id":"application-addressmanagement-display-component---masterAdm--smartFilterBar-btnBasicSearch","interaction":{"idSuffix":"I"}},"clearTextFirst":true,"interactionType":"ENTER_TEXT"}]}
RESULT: {"script":"<script> [776 bytes]","args":[{"enterText":"qDbk5hg2s6","selector":{"id":"application-addressmanagement-display-component---masterAdm--smartFilterBar-btnBasicSearch","interaction":{"idSuffix":"I"}},"clearTextFirst":true,"interactionType":"ENTER_TEXT"}]}
COMMAND: POST /session/6972a1617f123e1ed63add18ccdcaeb3/actions - {"actions":[{"id":"action14","type":"key","parameters":{},"actions":[{"type":"keyDown","value":""},{"type":"pause","duration":10},{"type":"keyUp","value":""}]}]}
RESULT: {"actions":[{"id":"action14","type":"key","parameters":{},"actions":[{"type":"keyDown","value":""},{"type":"pause","duration":10},{"type":"keyUp","value":""}]}]}
COMMAND: GET /session/6972a1617f123e1ed63add18ccdcaeb3/screenshot - {}
RESULT: {}
COMMAND: POST /session/6972a1617f123e1ed63add18ccdcaeb3/elements - {"using":"xpath","value":"//table[contains(@id, \"customPersonsAddressesTable-listUl\")]/tbody/tr"}
RESULT: {"using":"xpath","value":"//table[contains(@id, \"customPersonsAddressesTable-listUl\")]/tbody/tr"}
COMMAND: POST /session/6972a1617f123e1ed63add18ccdcaeb3/element - {"using":"xpath","value":"//table[contains(@id, \"customPersonsAddressesTable-listUl\")]/tbody/tr[1]/td[5]/span/span"}
RESULT: {"using":"xpath","value":"//table[contains(@id, \"customPersonsAddressesTable-listUl\")]/tbody/tr[1]/td[5]/span/span"}
COMMAND: POST /session/6972a1617f123e1ed63add18ccdcaeb3/element - {"using":"xpath","value":"//table[contains(@id, \"customPersonsAddressesTable-listUl\")]/tbody/tr[1]/td[3]/span"}
RESULT: {"using":"xpath","value":"//table[contains(@id, \"customPersonsAddressesTable-listUl\")]/tbody/tr[1]/td[3]/span"}
COMMAND: POST /session/6972a1617f123e1ed63add18ccdcaeb3/elements - {"using":"xpath","value":"//table[contains(@id, \"customPersonsAddressesTable-listUl\")]/tbody/tr[1]/td[5]/span/span"}
RESULT: {"using":"xpath","value":"//table[contains(@id, \"customPersonsAddressesTable-listUl\")]/tbody/tr[1]/td[5]/span/span"}
COMMAND: POST /session/6972a1617f123e1ed63add18ccdcaeb3/execute/sync - {"script":"<script> [56 bytes]","args":[{"element-6066-11e4-a52e-4f735466cecf":"f.9349F0344C151F4717E5B92144CF4C98.d.DB1DFE40C0F47033A3E72D8AA42470A4.e.3549","ELEMENT":"f.9349F0344C151F4717E5B92144CF4C98.d.DB1DFE40C0F47033A3E72D8AA42470A4.e.3549"}]}
RESULT: {"script":"<script> [56 bytes]","args":[{"element-6066-11e4-a52e-4f735466cecf":"f.9349F0344C151F4717E5B92144CF4C98.d.DB1DFE40C0F47033A3E72D8AA42470A4.e.3549","ELEMENT":"f.9349F0344C151F4717E5B92144CF4C98.d.DB1DFE40C0F47033A3E72D8AA42470A4.e.3549"}]}
COMMAND: POST /session/6972a1617f123e1ed63add18ccdcaeb3/execute/sync - {"script":"<script> [56 bytes]","args":[{"element-6066-11e4-a52e-4f735466cecf":"f.9349F0344C151F4717E5B92144CF4C98.d.DB1DFE40C0F47033A3E72D8AA42470A4.e.3550","ELEMENT":"f.9349F0344C151F4717E5B92144CF4C98.d.DB1DFE40C0F47033A3E72D8AA42470A4.e.3550"}]}
COMMAND: GET /session/6972a1617f123e1ed63add18ccdcaeb3/screenshot - {}
RESULT: {"script":"<script> [56 bytes]","args":[{"element-6066-11e4-a52e-4f735466cecf":"f.9349F0344C151F4717E5B92144CF4C98.d.DB1DFE40C0F47033A3E72D8AA42470A4.e.3550","ELEMENT":"f.9349F0344C151F4717E5B92144CF4C98.d.DB1DFE40C0F47033A3E72D8AA42470A4.e.3550"}]}
COMMAND: POST /session/6972a1617f123e1ed63add18ccdcaeb3/element - {"using":"xpath","value":"(//span[contains(@id, \"imgNav\")])[1]"}
COMMAND: GET /session/6972a1617f123e1ed63add18ccdcaeb3/screenshot - {}
RESULT: {}
RESULT: {"using":"xpath","value":"(//span[contains(@id, \"imgNav\")])[1]"}
COMMAND: POST /session/6972a1617f123e1ed63add18ccdcaeb3/element/f.9349F0344C151F4717E5B92144CF4C98.d.DB1DFE40C0F47033A3E72D8AA42470A4.e.3548/click - {}
RESULT: {}
RESULT: {}
COMMAND: GET /session/6972a1617f123e1ed63add18ccdcaeb3/screenshot - {}
RESULT: {}
COMMAND: POST /session/6972a1617f123e1ed63add18ccdcaeb3/element - {"using":"xpath","value":"//bdi[contains(text(), \"Edit\")]"}
RESULT: {"using":"xpath","value":"//bdi[contains(text(), \"Edit\")]"}
COMMAND: POST /session/6972a1617f123e1ed63add18ccdcaeb3/element/f.9349F0344C151F4717E5B92144CF4C98.d.DB1DFE40C0F47033A3E72D8AA42470A4.e.3672/click - {}
RESULT: {}
COMMAND: GET /session/6972a1617f123e1ed63add18ccdcaeb3/screenshot - {}
RESULT: {}
COMMAND: POST /session/6972a1617f123e1ed63add18ccdcaeb3/execute/async - {"script":"<script> [1562 bytes]","args":[{"selector":{"controlType":"sap.m.Button","viewName":"etm.portal.ui.addressmanagement.view.EditDetail","properties":{"text":"Attachments (0)"},"interaction":{"idSuffix":"BDI-content"}},"wdio_ui5_key":"etmportal.ui.addressmanagement.view.EditDetailsap.m.Button{\"text\":\"Attachments (0)\"}"}]}
RESULT: {"script":"<script> [1562 bytes]","args":[{"selector":{"controlType":"sap.m.Button","viewName":"etm.portal.ui.addressmanagement.view.EditDetail","properties":{"text":"Attachments (0)"},"interaction":{"idSuffix":"BDI-content"}},"wdio_ui5_key":"etmportal.ui.addressmanagement.view.EditDetailsap.m.Button{\"text\":\"Attachments (0)\"}"}]}
RESULT: undefined
COMMAND: POST /session/6972a1617f123e1ed63add18ccdcaeb3/element - {"using":"xpath","value":"//*[@id=\"__xmlview61--ObjectPageLayout-anchBar-__xmlview61--attachments-anchor\"]"}
RESULT: {"using":"xpath","value":"//*[@id=\"__xmlview61--ObjectPageLayout-anchBar-__xmlview61--attachments-anchor\"]"}
COMMAND: POST /session/6972a1617f123e1ed63add18ccdcaeb3/element/f.9349F0344C151F4717E5B92144CF4C98.d.DB1DFE40C0F47033A3E72D8AA42470A4.e.3728/click - {}
RESULT: {}
COMMAND: GET /session/6972a1617f123e1ed63add18ccdcaeb3/screenshot - {}
RESULT: {}
COMMAND: POST /session/6972a1617f123e1ed63add18ccdcaeb3/file - {"file":"[base64] 459776 bytes"}
RESULT: {"file":"[base64] 459776 bytes"}
COMMAND: POST /session/6972a1617f123e1ed63add18ccdcaeb3/element - {"using":"css selector","value":"input[type=\"file\"]"}
RESULT: {"using":"css selector","value":"input[type=\"file\"]"}
COMMAND: POST /session/6972a1617f123e1ed63add18ccdcaeb3/element/f.9349F0344C151F4717E5B92144CF4C98.d.DB1DFE40C0F47033A3E72D8AA42470A4.e.3704/clear - {}
RESULT: {}
COMMAND: POST /session/6972a1617f123e1ed63add18ccdcaeb3/element/f.9349F0344C151F4717E5B92144CF4C98.d.DB1DFE40C0F47033A3E72D8AA42470A4.e.3704/value - {"text":"C:\\Windows\\SystemTemp\\scoped_dir3828_334762790\\upload3828_1515325011\\address-mng-pic.png"}
COMMAND: GET /session/6972a1617f123e1ed63add18ccdcaeb3/screenshot - {}
RESULT: {"text":"C:\\Windows\\SystemTemp\\scoped_dir3828_334762790\\upload3828_1515325011\\address-mng-pic.png"}
COMMAND: GET /session/6972a1617f123e1ed63add18ccdcaeb3/screenshot - {}
RESULT: {}
RESULT: {}
COMMAND: POST /session/6972a1617f123e1ed63add18ccdcaeb3/element - {"using":"xpath","value":"//button[@data-kt=\"saveButton\"]"}
RESULT: {"using":"xpath","value":"//button[@data-kt=\"saveButton\"]"}
COMMAND: POST /session/6972a1617f123e1ed63add18ccdcaeb3/element/f.9349F0344C151F4717E5B92144CF4C98.d.DB1DFE40C0F47033A3E72D8AA42470A4.e.3753/click - {}
RESULT: {}
COMMAND: GET /session/6972a1617f123e1ed63add18ccdcaeb3/screenshot - {}
RESULT: {}
COMMAND: POST /session/6972a1617f123e1ed63add18ccdcaeb3/execute/async - {"script":"<script> [1562 bytes]","args":[{"selector":{"id":"application-addressmanagement-display-component---detailAdm--ObjectPageLayout-anchBar-application-addressmanagement-display-component---detailAdm--attachments-anchor","interaction":{"idSuffix":"content"}},"wdio_ui5_key":"applicationaddressmanagement-display-component---detailAdm--ObjectPageLayout-anchBar-application-addressmanagement-display-component---detailAdm--attachments-anchor"}]}
RESULT: {"script":"<script> [1562 bytes]","args":[{"selector":{"id":"application-addressmanagement-display-component---detailAdm--ObjectPageLayout-anchBar-application-addressmanagement-display-component---detailAdm--attachments-anchor","interaction":{"idSuffix":"content"}},"wdio_ui5_key":"applicationaddressmanagement-display-component---detailAdm--ObjectPageLayout-anchBar-application-addressmanagement-display-component---detailAdm--attachments-anchor"}]}
RESULT: undefined
COMMAND: POST /session/6972a1617f123e1ed63add18ccdcaeb3/element - {"using":"xpath","value":"//*[@id=\"application-addressmanagement-display-component---detailAdm--ObjectPageLayout-anchBar-application-addressmanagement-display-component---detailAdm--attachments-anchor\"]"}
RESULT: {"using":"xpath","value":"//*[@id=\"application-addressmanagement-display-component---detailAdm--ObjectPageLayout-anchBar-application-addressmanagement-display-component---detailAdm--attachments-anchor\"]"}
COMMAND: POST /session/6972a1617f123e1ed63add18ccdcaeb3/element/f.9349F0344C151F4717E5B92144CF4C98.d.DB1DFE40C0F47033A3E72D8AA42470A4.e.3762/click - {}
RESULT: {}
COMMAND: GET /session/6972a1617f123e1ed63add18ccdcaeb3/screenshot - {}
RESULT: {}
COMMAND: POST /session/6972a1617f123e1ed63add18ccdcaeb3/execute/async - {"script":"<script> [1562 bytes]","args":[{"selector":{"id":"application-addressmanagement-display-component---detailAdm--attachments"},"wdio_ui5_key":"applicationaddressmanagement-display-component---detailAdm--attachments"}]}
RESULT: {"script":"<script> [1562 bytes]","args":[{"selector":{"id":"application-addressmanagement-display-component---detailAdm--attachments"},"wdio_ui5_key":"applicationaddressmanagement-display-component---detailAdm--attachments"}]}
RESULT: undefined
COMMAND: POST /session/6972a1617f123e1ed63add18ccdcaeb3/execute/async - {"script":"<script> [6424 bytes]","args":[{"element-6066-11e4-a52e-4f735466cecf":"f.9349F0344C151F4717E5B92144CF4C98.d.DB1DFE40C0F47033A3E72D8AA42470A4.e.3656"},"getTitle",[]]}
RESULT: {"script":"<script> [6424 bytes]","args":[{"element-6066-11e4-a52e-4f735466cecf":"f.9349F0344C151F4717E5B92144CF4C98.d.DB1DFE40C0F47033A3E72D8AA42470A4.e.3656"},"getTitle",[]]}
COMMAND: POST /session/6972a1617f123e1ed63add18ccdcaeb3/element - {"using":"css selector","value":"#shell-header-logo"}
RESULT: {"using":"css selector","value":"#shell-header-logo"}
COMMAND: POST /session/6972a1617f123e1ed63add18ccdcaeb3/element/f.9349F0344C151F4717E5B92144CF4C98.d.DB1DFE40C0F47033A3E72D8AA42470A4.e.3355/click - {}
RESULT: {}
COMMAND: GET /session/6972a1617f123e1ed63add18ccdcaeb3/screenshot - {}
RESULT: {}
]]></system-out>
    </testcase>
    <testcase classname="chrome.136_0_7103_93.windows.Address_Management_Tests_US156181_US151165_US151160_US156180_US156178_US151157_US151172_US151170_US151166_US151168" name="Step 9 Should remove the added attachment on the created address US151168 BUGGED FOR NOW" time="75.107">
      <system-out><![CDATA[
RESULT: undefined
COMMAND: POST /session/6972a1617f123e1ed63add18ccdcaeb3/element - {"using":"xpath","value":"//*[@id=\"__tile33\"]"}
RESULT: {"using":"xpath","value":"//*[@id=\"__tile33\"]"}
COMMAND: POST /session/6972a1617f123e1ed63add18ccdcaeb3/element/f.9349F0344C151F4717E5B92144CF4C98.d.DB1DFE40C0F47033A3E72D8AA42470A4.e.212/click - {}
RESULT: {}
COMMAND: GET /session/6972a1617f123e1ed63add18ccdcaeb3/screenshot - {}
RESULT: {}
COMMAND: POST /session/6972a1617f123e1ed63add18ccdcaeb3/elements - {"using":"xpath","value":"//span[text()='Error']"}
RESULT: {"using":"xpath","value":"//span[text()='Error']"}
COMMAND: POST /session/6972a1617f123e1ed63add18ccdcaeb3/element - {"using":"xpath","value":"//button[@data-kt=\"addButton\"]"}
RESULT: {"using":"xpath","value":"//button[@data-kt=\"addButton\"]"}
COMMAND: POST /session/6972a1617f123e1ed63add18ccdcaeb3/elements - {"using":"xpath","value":"//button[@data-kt=\"addButton\"]"}
RESULT: {"using":"xpath","value":"//button[@data-kt=\"addButton\"]"}
COMMAND: POST /session/6972a1617f123e1ed63add18ccdcaeb3/execute/sync - {"script":"<script> [8489 bytes]","args":[{"element-6066-11e4-a52e-4f735466cecf":"f.9349F0344C151F4717E5B92144CF4C98.d.DB1DFE40C0F47033A3E72D8AA42470A4.e.3812","ELEMENT":"f.9349F0344C151F4717E5B92144CF4C98.d.DB1DFE40C0F47033A3E72D8AA42470A4.e.3812"}]}
RESULT: {"script":"<script> [8489 bytes]","args":[{"element-6066-11e4-a52e-4f735466cecf":"f.9349F0344C151F4717E5B92144CF4C98.d.DB1DFE40C0F47033A3E72D8AA42470A4.e.3812","ELEMENT":"f.9349F0344C151F4717E5B92144CF4C98.d.DB1DFE40C0F47033A3E72D8AA42470A4.e.3812"}]}
COMMAND: GET /session/6972a1617f123e1ed63add18ccdcaeb3/element/f.9349F0344C151F4717E5B92144CF4C98.d.DB1DFE40C0F47033A3E72D8AA42470A4.e.3812/enabled - {}
COMMAND: GET /session/6972a1617f123e1ed63add18ccdcaeb3/screenshot - {}
RESULT: {}
COMMAND: POST /session/6972a1617f123e1ed63add18ccdcaeb3/execute/sync - {"script":"<script> [8489 bytes]","args":[{"element-6066-11e4-a52e-4f735466cecf":"f.9349F0344C151F4717E5B92144CF4C98.d.DB1DFE40C0F47033A3E72D8AA42470A4.e.3812","ELEMENT":"f.9349F0344C151F4717E5B92144CF4C98.d.DB1DFE40C0F47033A3E72D8AA42470A4.e.3812"}]}
COMMAND: GET /session/6972a1617f123e1ed63add18ccdcaeb3/screenshot - {}
RESULT: {}
RESULT: {"script":"<script> [8489 bytes]","args":[{"element-6066-11e4-a52e-4f735466cecf":"f.9349F0344C151F4717E5B92144CF4C98.d.DB1DFE40C0F47033A3E72D8AA42470A4.e.3812","ELEMENT":"f.9349F0344C151F4717E5B92144CF4C98.d.DB1DFE40C0F47033A3E72D8AA42470A4.e.3812"}]}
COMMAND: POST /session/6972a1617f123e1ed63add18ccdcaeb3/execute/sync - {"script":"<script> [5351 bytes]","args":[{"element-6066-11e4-a52e-4f735466cecf":"f.9349F0344C151F4717E5B92144CF4C98.d.DB1DFE40C0F47033A3E72D8AA42470A4.e.3812","ELEMENT":"f.9349F0344C151F4717E5B92144CF4C98.d.DB1DFE40C0F47033A3E72D8AA42470A4.e.3812"}]}
COMMAND: GET /session/6972a1617f123e1ed63add18ccdcaeb3/screenshot - {}
RESULT: {}
RESULT: {"script":"<script> [5351 bytes]","args":[{"element-6066-11e4-a52e-4f735466cecf":"f.9349F0344C151F4717E5B92144CF4C98.d.DB1DFE40C0F47033A3E72D8AA42470A4.e.3812","ELEMENT":"f.9349F0344C151F4717E5B92144CF4C98.d.DB1DFE40C0F47033A3E72D8AA42470A4.e.3812"}]}
COMMAND: GET /session/6972a1617f123e1ed63add18ccdcaeb3/screenshot - {}
RESULT: {}
RESULT: {}
RESULT: undefined
COMMAND: POST /session/6972a1617f123e1ed63add18ccdcaeb3/execute/async - {"script":"<script> [776 bytes]","args":[{"enterText":"qDbk5hg2s6","selector":{"id":"application-addressmanagement-display-component---masterAdm--smartFilterBar-btnBasicSearch","interaction":{"idSuffix":"I"}},"clearTextFirst":true,"interactionType":"ENTER_TEXT"}]}
RESULT: {"script":"<script> [776 bytes]","args":[{"enterText":"qDbk5hg2s6","selector":{"id":"application-addressmanagement-display-component---masterAdm--smartFilterBar-btnBasicSearch","interaction":{"idSuffix":"I"}},"clearTextFirst":true,"interactionType":"ENTER_TEXT"}]}
COMMAND: POST /session/6972a1617f123e1ed63add18ccdcaeb3/actions - {"actions":[{"id":"action15","type":"key","parameters":{},"actions":[{"type":"keyDown","value":""},{"type":"pause","duration":10},{"type":"keyUp","value":""}]}]}
RESULT: {"actions":[{"id":"action15","type":"key","parameters":{},"actions":[{"type":"keyDown","value":""},{"type":"pause","duration":10},{"type":"keyUp","value":""}]}]}
COMMAND: GET /session/6972a1617f123e1ed63add18ccdcaeb3/screenshot - {}
RESULT: {}
COMMAND: POST /session/6972a1617f123e1ed63add18ccdcaeb3/elements - {"using":"xpath","value":"//table[contains(@id, \"customPersonsAddressesTable-listUl\")]/tbody/tr"}
RESULT: {"using":"xpath","value":"//table[contains(@id, \"customPersonsAddressesTable-listUl\")]/tbody/tr"}
COMMAND: POST /session/6972a1617f123e1ed63add18ccdcaeb3/element - {"using":"xpath","value":"//table[contains(@id, \"customPersonsAddressesTable-listUl\")]/tbody/tr[1]/td[5]/span/span"}
RESULT: {"using":"xpath","value":"//table[contains(@id, \"customPersonsAddressesTable-listUl\")]/tbody/tr[1]/td[5]/span/span"}
COMMAND: POST /session/6972a1617f123e1ed63add18ccdcaeb3/element - {"using":"xpath","value":"//table[contains(@id, \"customPersonsAddressesTable-listUl\")]/tbody/tr[1]/td[3]/span"}
RESULT: {"using":"xpath","value":"//table[contains(@id, \"customPersonsAddressesTable-listUl\")]/tbody/tr[1]/td[3]/span"}
COMMAND: POST /session/6972a1617f123e1ed63add18ccdcaeb3/elements - {"using":"xpath","value":"//table[contains(@id, \"customPersonsAddressesTable-listUl\")]/tbody/tr[1]/td[5]/span/span"}
RESULT: {"using":"xpath","value":"//table[contains(@id, \"customPersonsAddressesTable-listUl\")]/tbody/tr[1]/td[5]/span/span"}
COMMAND: POST /session/6972a1617f123e1ed63add18ccdcaeb3/execute/sync - {"script":"<script> [56 bytes]","args":[{"element-6066-11e4-a52e-4f735466cecf":"f.9349F0344C151F4717E5B92144CF4C98.d.DB1DFE40C0F47033A3E72D8AA42470A4.e.3961","ELEMENT":"f.9349F0344C151F4717E5B92144CF4C98.d.DB1DFE40C0F47033A3E72D8AA42470A4.e.3961"}]}
RESULT: {"script":"<script> [56 bytes]","args":[{"element-6066-11e4-a52e-4f735466cecf":"f.9349F0344C151F4717E5B92144CF4C98.d.DB1DFE40C0F47033A3E72D8AA42470A4.e.3961","ELEMENT":"f.9349F0344C151F4717E5B92144CF4C98.d.DB1DFE40C0F47033A3E72D8AA42470A4.e.3961"}]}
COMMAND: POST /session/6972a1617f123e1ed63add18ccdcaeb3/execute/sync - {"script":"<script> [56 bytes]","args":[{"element-6066-11e4-a52e-4f735466cecf":"f.9349F0344C151F4717E5B92144CF4C98.d.DB1DFE40C0F47033A3E72D8AA42470A4.e.3962","ELEMENT":"f.9349F0344C151F4717E5B92144CF4C98.d.DB1DFE40C0F47033A3E72D8AA42470A4.e.3962"}]}
COMMAND: GET /session/6972a1617f123e1ed63add18ccdcaeb3/screenshot - {}
RESULT: {"script":"<script> [56 bytes]","args":[{"element-6066-11e4-a52e-4f735466cecf":"f.9349F0344C151F4717E5B92144CF4C98.d.DB1DFE40C0F47033A3E72D8AA42470A4.e.3962","ELEMENT":"f.9349F0344C151F4717E5B92144CF4C98.d.DB1DFE40C0F47033A3E72D8AA42470A4.e.3962"}]}
COMMAND: POST /session/6972a1617f123e1ed63add18ccdcaeb3/element - {"using":"xpath","value":"(//span[contains(@id, \"imgNav\")])[1]"}
COMMAND: GET /session/6972a1617f123e1ed63add18ccdcaeb3/screenshot - {}
RESULT: {}
RESULT: {"using":"xpath","value":"(//span[contains(@id, \"imgNav\")])[1]"}
COMMAND: POST /session/6972a1617f123e1ed63add18ccdcaeb3/element/f.9349F0344C151F4717E5B92144CF4C98.d.DB1DFE40C0F47033A3E72D8AA42470A4.e.3960/click - {}
RESULT: {}
RESULT: {}
COMMAND: GET /session/6972a1617f123e1ed63add18ccdcaeb3/screenshot - {}
RESULT: {}
COMMAND: POST /session/6972a1617f123e1ed63add18ccdcaeb3/element - {"using":"xpath","value":"//bdi[contains(text(), \"Edit\")]"}
RESULT: {"using":"xpath","value":"//bdi[contains(text(), \"Edit\")]"}
COMMAND: POST /session/6972a1617f123e1ed63add18ccdcaeb3/element/f.9349F0344C151F4717E5B92144CF4C98.d.DB1DFE40C0F47033A3E72D8AA42470A4.e.4086/click - {}
RESULT: {}
COMMAND: GET /session/6972a1617f123e1ed63add18ccdcaeb3/screenshot - {}
RESULT: {}
COMMAND: POST /session/6972a1617f123e1ed63add18ccdcaeb3/execute/async - {"script":"<script> [1562 bytes]","args":[{"selector":{"controlType":"sap.m.Button","viewName":"etm.portal.ui.addressmanagement.view.EditDetail","properties":{"text":"Attachments (1)"},"interaction":{"idSuffix":"BDI-content"}},"wdio_ui5_key":"etmportal.ui.addressmanagement.view.EditDetailsap.m.Button{\"text\":\"Attachments (1)\"}"}]}
RESULT: {"script":"<script> [1562 bytes]","args":[{"selector":{"controlType":"sap.m.Button","viewName":"etm.portal.ui.addressmanagement.view.EditDetail","properties":{"text":"Attachments (1)"},"interaction":{"idSuffix":"BDI-content"}},"wdio_ui5_key":"etmportal.ui.addressmanagement.view.EditDetailsap.m.Button{\"text\":\"Attachments (1)\"}"}]}
RESULT: undefined
COMMAND: POST /session/6972a1617f123e1ed63add18ccdcaeb3/element - {"using":"xpath","value":"//*[@id=\"__xmlview62--ObjectPageLayout-anchBar-__xmlview62--attachments-anchor\"]"}
RESULT: {"using":"xpath","value":"//*[@id=\"__xmlview62--ObjectPageLayout-anchBar-__xmlview62--attachments-anchor\"]"}
COMMAND: POST /session/6972a1617f123e1ed63add18ccdcaeb3/element/f.9349F0344C151F4717E5B92144CF4C98.d.DB1DFE40C0F47033A3E72D8AA42470A4.e.4141/click - {}
RESULT: {}
COMMAND: GET /session/6972a1617f123e1ed63add18ccdcaeb3/screenshot - {}
RESULT: {}
COMMAND: POST /session/6972a1617f123e1ed63add18ccdcaeb3/execute/async - {"script":"<script> [1562 bytes]","args":[{"selector":{"controlType":"sap.ui.core.Icon","viewName":"etm.portal.ui.addressmanagement.view.EditDetail","properties":{"src":{"regex":{"source":"decline"}}}},"wdio_ui5_key":"etmportal.ui.addressmanagement.view.EditDetailsap.ui.core.Icon{\"src\":{\"regex\":{\"source\":\"decline\"}}}"}]}
RESULT: {"script":"<script> [1562 bytes]","args":[{"selector":{"controlType":"sap.ui.core.Icon","viewName":"etm.portal.ui.addressmanagement.view.EditDetail","properties":{"src":{"regex":{"source":"decline"}}}},"wdio_ui5_key":"etmportal.ui.addressmanagement.view.EditDetailsap.ui.core.Icon{\"src\":{\"regex\":{\"source\":\"decline\"}}}"}]}
RESULT: undefined
COMMAND: POST /session/6972a1617f123e1ed63add18ccdcaeb3/element - {"using":"xpath","value":"//*[@id=\"__item866-__set10-0-deleteButton-img\"]"}
RESULT: {"using":"xpath","value":"//*[@id=\"__item866-__set10-0-deleteButton-img\"]"}
COMMAND: POST /session/6972a1617f123e1ed63add18ccdcaeb3/element/f.9349F0344C151F4717E5B92144CF4C98.d.DB1DFE40C0F47033A3E72D8AA42470A4.e.4147/click - {}
RESULT: {}
COMMAND: GET /session/6972a1617f123e1ed63add18ccdcaeb3/screenshot - {}
RESULT: {}
COMMAND: POST /session/6972a1617f123e1ed63add18ccdcaeb3/element - {"using":"xpath","value":"//bdi[contains(text(), \"OK\")]"}
RESULT: {"using":"xpath","value":"//bdi[contains(text(), \"OK\")]"}
COMMAND: POST /session/6972a1617f123e1ed63add18ccdcaeb3/element/f.9349F0344C151F4717E5B92144CF4C98.d.DB1DFE40C0F47033A3E72D8AA42470A4.e.4151/click - {}
RESULT: {}
COMMAND: GET /session/6972a1617f123e1ed63add18ccdcaeb3/screenshot - {}
RESULT: {}
COMMAND: POST /session/6972a1617f123e1ed63add18ccdcaeb3/element - {"using":"xpath","value":"//button[@data-kt=\"saveButton\"]"}
RESULT: {"using":"xpath","value":"//button[@data-kt=\"saveButton\"]"}
COMMAND: POST /session/6972a1617f123e1ed63add18ccdcaeb3/element/f.9349F0344C151F4717E5B92144CF4C98.d.DB1DFE40C0F47033A3E72D8AA42470A4.e.4172/click - {}
RESULT: {}
COMMAND: GET /session/6972a1617f123e1ed63add18ccdcaeb3/screenshot - {}
RESULT: {}
RESULT: undefined
COMMAND: POST /session/6972a1617f123e1ed63add18ccdcaeb3/element - {"using":"xpath","value":"//*[@id=\"application-addressmanagement-display-component---detailAdm--ObjectPageLayout-anchBar-application-addressmanagement-display-component---detailAdm--attachments-anchor\"]"}
RESULT: {"using":"xpath","value":"//*[@id=\"application-addressmanagement-display-component---detailAdm--ObjectPageLayout-anchBar-application-addressmanagement-display-component---detailAdm--attachments-anchor\"]"}
COMMAND: POST /session/6972a1617f123e1ed63add18ccdcaeb3/element/f.9349F0344C151F4717E5B92144CF4C98.d.DB1DFE40C0F47033A3E72D8AA42470A4.e.4178/click - {}
RESULT: {}
COMMAND: GET /session/6972a1617f123e1ed63add18ccdcaeb3/screenshot - {}
RESULT: {}
RESULT: undefined
COMMAND: POST /session/6972a1617f123e1ed63add18ccdcaeb3/execute/async - {"script":"<script> [6424 bytes]","args":[{"element-6066-11e4-a52e-4f735466cecf":"f.9349F0344C151F4717E5B92144CF4C98.d.DB1DFE40C0F47033A3E72D8AA42470A4.e.3656"},"getTitle",[]]}
COMMAND: POST /session/6972a1617f123e1ed63add18ccdcaeb3/execute/async - {"script":"<script> [1562 bytes]","args":[{"selector":{"id":"application-addressmanagement-display-component---detailAdm--attachments"},"wdio_ui5_key":"applicationaddressmanagement-display-component---detailAdm--attachments"}]}
RESULT: {"script":"<script> [1562 bytes]","args":[{"selector":{"id":"application-addressmanagement-display-component---detailAdm--attachments"},"wdio_ui5_key":"applicationaddressmanagement-display-component---detailAdm--attachments"}]}
COMMAND: POST /session/6972a1617f123e1ed63add18ccdcaeb3/execute/async - {"script":"<script> [6424 bytes]","args":[{"element-6066-11e4-a52e-4f735466cecf":"f.9349F0344C151F4717E5B92144CF4C98.d.DB1DFE40C0F47033A3E72D8AA42470A4.e.4069"},"getTitle",[]]}
RESULT: {"script":"<script> [6424 bytes]","args":[{"element-6066-11e4-a52e-4f735466cecf":"f.9349F0344C151F4717E5B92144CF4C98.d.DB1DFE40C0F47033A3E72D8AA42470A4.e.4069"},"getTitle",[]]}
COMMAND: POST /session/6972a1617f123e1ed63add18ccdcaeb3/element - {"using":"css selector","value":"#shell-header-logo"}
RESULT: {"using":"css selector","value":"#shell-header-logo"}
COMMAND: POST /session/6972a1617f123e1ed63add18ccdcaeb3/element/f.9349F0344C151F4717E5B92144CF4C98.d.DB1DFE40C0F47033A3E72D8AA42470A4.e.3770/click - {}
RESULT: {}
COMMAND: GET /session/6972a1617f123e1ed63add18ccdcaeb3/screenshot - {}
RESULT: {}
COMMAND: GET /session/6972a1617f123e1ed63add18ccdcaeb3/screenshot - {}
RESULT: {}
COMMAND: DELETE /session/6972a1617f123e1ed63add18ccdcaeb3 - {}
RESULT: {}
]]></system-out>
    </testcase>
  </testsuite>
</testsuites>