<?xml version="1.0" encoding="UTF-8"?>
<testsuites tests="37" failures="15" errors="15" skipped="22">
  <testsuite timestamp="2025-05-10T17:33:44" time="2133.093" tests="33" failures="11" errors="11" skipped="22">
    <properties>
      <property name="specId" value="0" />
      <property name="suiteName" value="Partner specific tests US150819 US151080 US151654 US151176 US103444 US151078 US151079 US151109 US151174 US151175 US151189" />
      <property name="capabilities" value="chrome.136_0_7103_49.windows" />
      <property name="file" value="file:///D:/a/1/s/test/specs/BTS/manage-partners.spec.js" />
    </properties>
    <testcase classname="chrome.136_0_7103_49.windows.Partner_specific_tests_US150819_US151080_US151654_US151176_US103444_US151078_US151079_US151109_US151174_US151175_US151189" name="Should create a new yard prerequisite" time="90.853">
      <skipped />
      <system-out><![CDATA[
COMMAND: POST /session/a952926708249603da5cc69792e3d2be/window/fullscreen - {}
RESULT: {}
COMMAND: POST /session/a952926708249603da5cc69792e3d2be/element - {"using":"xpath","value":"//li[.//span[text()=\"Manage Partners\"]]"}
RESULT: {"using":"xpath","value":"//li[.//span[text()=\"Manage Partners\"]]"}
COMMAND: POST /session/a952926708249603da5cc69792e3d2be/element - {"using":"xpath","value":"//li[.//span[text()=\"Manage Partners\"]]"}
RESULT: {"using":"xpath","value":"//li[.//span[text()=\"Manage Partners\"]]"}
COMMAND: POST /session/a952926708249603da5cc69792e3d2be/element - {"using":"css selector","value":"#shell-header-logo"}
RESULT: {"using":"css selector","value":"#shell-header-logo"}
COMMAND: POST /session/a952926708249603da5cc69792e3d2be/element/f.73E06E20145AF85821ADC503D3E38742.d.841D29BCDC60CFB84C76EFFBE49533B2.e.264/click - {}
COMMAND: POST /session/a952926708249603da5cc69792e3d2be/execute/sync - {"script":"<script> [8489 bytes]","args":[{"element-6066-11e4-a52e-4f735466cecf":"f.73E06E20145AF85821ADC503D3E38742.d.841D29BCDC60CFB84C76EFFBE49533B2.e.264","ELEMENT":"f.73E06E20145AF85821ADC503D3E38742.d.841D29BCDC60CFB84C76EFFBE49533B2.e.264"}]}
RESULT: {}
COMMAND: GET /session/a952926708249603da5cc69792e3d2be/screenshot - {}
RESULT: {"script":"<script> [8489 bytes]","args":[{"element-6066-11e4-a52e-4f735466cecf":"f.73E06E20145AF85821ADC503D3E38742.d.841D29BCDC60CFB84C76EFFBE49533B2.e.264","ELEMENT":"f.73E06E20145AF85821ADC503D3E38742.d.841D29BCDC60CFB84C76EFFBE49533B2.e.264"}]}
COMMAND: POST /session/a952926708249603da5cc69792e3d2be/execute/sync - {"script":"<script> [5351 bytes]","args":[{"element-6066-11e4-a52e-4f735466cecf":"f.73E06E20145AF85821ADC503D3E38742.d.841D29BCDC60CFB84C76EFFBE49533B2.e.264","ELEMENT":"f.73E06E20145AF85821ADC503D3E38742.d.841D29BCDC60CFB84C76EFFBE49533B2.e.264"}]}
COMMAND: GET /session/a952926708249603da5cc69792e3d2be/screenshot - {}
RESULT: {}
RESULT: {"script":"<script> [5351 bytes]","args":[{"element-6066-11e4-a52e-4f735466cecf":"f.73E06E20145AF85821ADC503D3E38742.d.841D29BCDC60CFB84C76EFFBE49533B2.e.264","ELEMENT":"f.73E06E20145AF85821ADC503D3E38742.d.841D29BCDC60CFB84C76EFFBE49533B2.e.264"}]}
COMMAND: GET /session/a952926708249603da5cc69792e3d2be/screenshot - {}
RESULT: {}
RESULT: {}
COMMAND: POST /session/a952926708249603da5cc69792e3d2be/execute/async - {"script":"<script> [1562 bytes]","args":[{"selector":{"controlType":"sap.m.GenericTile","properties":{"header":"Manage Yards"}},"wdio_ui5_key":"sapm.GenericTile{\"header\":\"Manage Yards\"}"}]}
RESULT: {"script":"<script> [1562 bytes]","args":[{"selector":{"controlType":"sap.m.GenericTile","properties":{"header":"Manage Yards"}},"wdio_ui5_key":"sapm.GenericTile{\"header\":\"Manage Yards\"}"}]}
RESULT: undefined
COMMAND: POST /session/a952926708249603da5cc69792e3d2be/element - {"using":"xpath","value":"//*[@id=\"__tile41\"]"}
RESULT: {"using":"xpath","value":"//*[@id=\"__tile41\"]"}
COMMAND: POST /session/a952926708249603da5cc69792e3d2be/element/f.73E06E20145AF85821ADC503D3E38742.d.841D29BCDC60CFB84C76EFFBE49533B2.e.164/click - {}
RESULT: {}
COMMAND: POST /session/a952926708249603da5cc69792e3d2be/element - {"using":"xpath","value":"//button[@data-kt=\"addNewYardOverflowToolbarButton\"]"}
COMMAND: GET /session/a952926708249603da5cc69792e3d2be/screenshot - {}
RESULT: {"using":"xpath","value":"//button[@data-kt=\"addNewYardOverflowToolbarButton\"]"}
COMMAND: POST /session/a952926708249603da5cc69792e3d2be/elements - {"using":"xpath","value":"//button[@data-kt=\"addNewYardOverflowToolbarButton\"]"}
RESULT: {}
RESULT: {"using":"xpath","value":"//button[@data-kt=\"addNewYardOverflowToolbarButton\"]"}
COMMAND: POST /session/a952926708249603da5cc69792e3d2be/elements - {"using":"xpath","value":"//button[@data-kt=\"addNewYardOverflowToolbarButton\"]"}
RESULT: {"using":"xpath","value":"//button[@data-kt=\"addNewYardOverflowToolbarButton\"]"}
COMMAND: POST /session/a952926708249603da5cc69792e3d2be/elements - {"using":"xpath","value":"//button[@data-kt=\"addNewYardOverflowToolbarButton\"]"}
RESULT: {"using":"xpath","value":"//button[@data-kt=\"addNewYardOverflowToolbarButton\"]"}
COMMAND: POST /session/a952926708249603da5cc69792e3d2be/elements - {"using":"xpath","value":"//button[@data-kt=\"addNewYardOverflowToolbarButton\"]"}
RESULT: {"using":"xpath","value":"//button[@data-kt=\"addNewYardOverflowToolbarButton\"]"}
COMMAND: POST /session/a952926708249603da5cc69792e3d2be/elements - {"using":"xpath","value":"//button[@data-kt=\"addNewYardOverflowToolbarButton\"]"}
RESULT: {"using":"xpath","value":"//button[@data-kt=\"addNewYardOverflowToolbarButton\"]"}
COMMAND: POST /session/a952926708249603da5cc69792e3d2be/elements - {"using":"xpath","value":"//button[@data-kt=\"addNewYardOverflowToolbarButton\"]"}
RESULT: {"using":"xpath","value":"//button[@data-kt=\"addNewYardOverflowToolbarButton\"]"}
COMMAND: POST /session/a952926708249603da5cc69792e3d2be/elements - {"using":"xpath","value":"//button[@data-kt=\"addNewYardOverflowToolbarButton\"]"}
RESULT: {"using":"xpath","value":"//button[@data-kt=\"addNewYardOverflowToolbarButton\"]"}
COMMAND: POST /session/a952926708249603da5cc69792e3d2be/elements - {"using":"xpath","value":"//button[@data-kt=\"addNewYardOverflowToolbarButton\"]"}
RESULT: {"using":"xpath","value":"//button[@data-kt=\"addNewYardOverflowToolbarButton\"]"}
COMMAND: POST /session/a952926708249603da5cc69792e3d2be/elements - {"using":"xpath","value":"//button[@data-kt=\"addNewYardOverflowToolbarButton\"]"}
RESULT: {"using":"xpath","value":"//button[@data-kt=\"addNewYardOverflowToolbarButton\"]"}
COMMAND: POST /session/a952926708249603da5cc69792e3d2be/elements - {"using":"xpath","value":"//button[@data-kt=\"addNewYardOverflowToolbarButton\"]"}
RESULT: {"using":"xpath","value":"//button[@data-kt=\"addNewYardOverflowToolbarButton\"]"}
COMMAND: POST /session/a952926708249603da5cc69792e3d2be/elements - {"using":"xpath","value":"//button[@data-kt=\"addNewYardOverflowToolbarButton\"]"}
RESULT: {"using":"xpath","value":"//button[@data-kt=\"addNewYardOverflowToolbarButton\"]"}
COMMAND: POST /session/a952926708249603da5cc69792e3d2be/elements - {"using":"xpath","value":"//button[@data-kt=\"addNewYardOverflowToolbarButton\"]"}
RESULT: {"using":"xpath","value":"//button[@data-kt=\"addNewYardOverflowToolbarButton\"]"}
COMMAND: POST /session/a952926708249603da5cc69792e3d2be/elements - {"using":"xpath","value":"//button[@data-kt=\"addNewYardOverflowToolbarButton\"]"}
RESULT: {"using":"xpath","value":"//button[@data-kt=\"addNewYardOverflowToolbarButton\"]"}
COMMAND: POST /session/a952926708249603da5cc69792e3d2be/elements - {"using":"xpath","value":"//button[@data-kt=\"addNewYardOverflowToolbarButton\"]"}
RESULT: {"using":"xpath","value":"//button[@data-kt=\"addNewYardOverflowToolbarButton\"]"}
COMMAND: POST /session/a952926708249603da5cc69792e3d2be/elements - {"using":"xpath","value":"//button[@data-kt=\"addNewYardOverflowToolbarButton\"]"}
RESULT: {"using":"xpath","value":"//button[@data-kt=\"addNewYardOverflowToolbarButton\"]"}
COMMAND: POST /session/a952926708249603da5cc69792e3d2be/elements - {"using":"xpath","value":"//button[@data-kt=\"addNewYardOverflowToolbarButton\"]"}
RESULT: {"using":"xpath","value":"//button[@data-kt=\"addNewYardOverflowToolbarButton\"]"}
COMMAND: POST /session/a952926708249603da5cc69792e3d2be/elements - {"using":"xpath","value":"//button[@data-kt=\"addNewYardOverflowToolbarButton\"]"}
RESULT: {"using":"xpath","value":"//button[@data-kt=\"addNewYardOverflowToolbarButton\"]"}
COMMAND: POST /session/a952926708249603da5cc69792e3d2be/elements - {"using":"xpath","value":"//button[@data-kt=\"addNewYardOverflowToolbarButton\"]"}
RESULT: {"using":"xpath","value":"//button[@data-kt=\"addNewYardOverflowToolbarButton\"]"}
COMMAND: POST /session/a952926708249603da5cc69792e3d2be/elements - {"using":"xpath","value":"//button[@data-kt=\"addNewYardOverflowToolbarButton\"]"}
RESULT: {"using":"xpath","value":"//button[@data-kt=\"addNewYardOverflowToolbarButton\"]"}
COMMAND: POST /session/a952926708249603da5cc69792e3d2be/elements - {"using":"xpath","value":"//button[@data-kt=\"addNewYardOverflowToolbarButton\"]"}
RESULT: {"using":"xpath","value":"//button[@data-kt=\"addNewYardOverflowToolbarButton\"]"}
COMMAND: POST /session/a952926708249603da5cc69792e3d2be/elements - {"using":"xpath","value":"//button[@data-kt=\"addNewYardOverflowToolbarButton\"]"}
RESULT: {"using":"xpath","value":"//button[@data-kt=\"addNewYardOverflowToolbarButton\"]"}
COMMAND: POST /session/a952926708249603da5cc69792e3d2be/elements - {"using":"xpath","value":"//button[@data-kt=\"addNewYardOverflowToolbarButton\"]"}
RESULT: {"using":"xpath","value":"//button[@data-kt=\"addNewYardOverflowToolbarButton\"]"}
COMMAND: POST /session/a952926708249603da5cc69792e3d2be/elements - {"using":"xpath","value":"//button[@data-kt=\"addNewYardOverflowToolbarButton\"]"}
RESULT: {"using":"xpath","value":"//button[@data-kt=\"addNewYardOverflowToolbarButton\"]"}
COMMAND: POST /session/a952926708249603da5cc69792e3d2be/elements - {"using":"xpath","value":"//button[@data-kt=\"addNewYardOverflowToolbarButton\"]"}
RESULT: {"using":"xpath","value":"//button[@data-kt=\"addNewYardOverflowToolbarButton\"]"}
COMMAND: POST /session/a952926708249603da5cc69792e3d2be/elements - {"using":"xpath","value":"//button[@data-kt=\"addNewYardOverflowToolbarButton\"]"}
RESULT: {"using":"xpath","value":"//button[@data-kt=\"addNewYardOverflowToolbarButton\"]"}
COMMAND: POST /session/a952926708249603da5cc69792e3d2be/elements - {"using":"xpath","value":"//button[@data-kt=\"addNewYardOverflowToolbarButton\"]"}
RESULT: {"using":"xpath","value":"//button[@data-kt=\"addNewYardOverflowToolbarButton\"]"}
COMMAND: POST /session/a952926708249603da5cc69792e3d2be/elements - {"using":"xpath","value":"//button[@data-kt=\"addNewYardOverflowToolbarButton\"]"}
RESULT: {"using":"xpath","value":"//button[@data-kt=\"addNewYardOverflowToolbarButton\"]"}
COMMAND: POST /session/a952926708249603da5cc69792e3d2be/elements - {"using":"xpath","value":"//button[@data-kt=\"addNewYardOverflowToolbarButton\"]"}
RESULT: {"using":"xpath","value":"//button[@data-kt=\"addNewYardOverflowToolbarButton\"]"}
COMMAND: POST /session/a952926708249603da5cc69792e3d2be/elements - {"using":"xpath","value":"//button[@data-kt=\"addNewYardOverflowToolbarButton\"]"}
RESULT: {"using":"xpath","value":"//button[@data-kt=\"addNewYardOverflowToolbarButton\"]"}
COMMAND: POST /session/a952926708249603da5cc69792e3d2be/elements - {"using":"xpath","value":"//button[@data-kt=\"addNewYardOverflowToolbarButton\"]"}
RESULT: {"using":"xpath","value":"//button[@data-kt=\"addNewYardOverflowToolbarButton\"]"}
COMMAND: POST /session/a952926708249603da5cc69792e3d2be/elements - {"using":"xpath","value":"//button[@data-kt=\"addNewYardOverflowToolbarButton\"]"}
RESULT: {"using":"xpath","value":"//button[@data-kt=\"addNewYardOverflowToolbarButton\"]"}
COMMAND: POST /session/a952926708249603da5cc69792e3d2be/elements - {"using":"xpath","value":"//button[@data-kt=\"addNewYardOverflowToolbarButton\"]"}
RESULT: {"using":"xpath","value":"//button[@data-kt=\"addNewYardOverflowToolbarButton\"]"}
COMMAND: POST /session/a952926708249603da5cc69792e3d2be/elements - {"using":"xpath","value":"//button[@data-kt=\"addNewYardOverflowToolbarButton\"]"}
RESULT: {"using":"xpath","value":"//button[@data-kt=\"addNewYardOverflowToolbarButton\"]"}
COMMAND: POST /session/a952926708249603da5cc69792e3d2be/elements - {"using":"xpath","value":"//button[@data-kt=\"addNewYardOverflowToolbarButton\"]"}
RESULT: {"using":"xpath","value":"//button[@data-kt=\"addNewYardOverflowToolbarButton\"]"}
COMMAND: POST /session/a952926708249603da5cc69792e3d2be/elements - {"using":"xpath","value":"//button[@data-kt=\"addNewYardOverflowToolbarButton\"]"}
RESULT: {"using":"xpath","value":"//button[@data-kt=\"addNewYardOverflowToolbarButton\"]"}
COMMAND: POST /session/a952926708249603da5cc69792e3d2be/elements - {"using":"xpath","value":"//button[@data-kt=\"addNewYardOverflowToolbarButton\"]"}
RESULT: {"using":"xpath","value":"//button[@data-kt=\"addNewYardOverflowToolbarButton\"]"}
COMMAND: POST /session/a952926708249603da5cc69792e3d2be/elements - {"using":"xpath","value":"//button[@data-kt=\"addNewYardOverflowToolbarButton\"]"}
RESULT: {"using":"xpath","value":"//button[@data-kt=\"addNewYardOverflowToolbarButton\"]"}
COMMAND: POST /session/a952926708249603da5cc69792e3d2be/elements - {"using":"xpath","value":"//button[@data-kt=\"addNewYardOverflowToolbarButton\"]"}
RESULT: {"using":"xpath","value":"//button[@data-kt=\"addNewYardOverflowToolbarButton\"]"}
COMMAND: POST /session/a952926708249603da5cc69792e3d2be/elements - {"using":"xpath","value":"//button[@data-kt=\"addNewYardOverflowToolbarButton\"]"}
RESULT: {"using":"xpath","value":"//button[@data-kt=\"addNewYardOverflowToolbarButton\"]"}
COMMAND: POST /session/a952926708249603da5cc69792e3d2be/elements - {"using":"xpath","value":"//button[@data-kt=\"addNewYardOverflowToolbarButton\"]"}
RESULT: {"using":"xpath","value":"//button[@data-kt=\"addNewYardOverflowToolbarButton\"]"}
COMMAND: POST /session/a952926708249603da5cc69792e3d2be/elements - {"using":"xpath","value":"//button[@data-kt=\"addNewYardOverflowToolbarButton\"]"}
RESULT: {"using":"xpath","value":"//button[@data-kt=\"addNewYardOverflowToolbarButton\"]"}
COMMAND: POST /session/a952926708249603da5cc69792e3d2be/elements - {"using":"xpath","value":"//button[@data-kt=\"addNewYardOverflowToolbarButton\"]"}
RESULT: {"using":"xpath","value":"//button[@data-kt=\"addNewYardOverflowToolbarButton\"]"}
COMMAND: POST /session/a952926708249603da5cc69792e3d2be/elements - {"using":"xpath","value":"//button[@data-kt=\"addNewYardOverflowToolbarButton\"]"}
RESULT: {"using":"xpath","value":"//button[@data-kt=\"addNewYardOverflowToolbarButton\"]"}
COMMAND: POST /session/a952926708249603da5cc69792e3d2be/elements - {"using":"xpath","value":"//button[@data-kt=\"addNewYardOverflowToolbarButton\"]"}
RESULT: {"using":"xpath","value":"//button[@data-kt=\"addNewYardOverflowToolbarButton\"]"}
COMMAND: POST /session/a952926708249603da5cc69792e3d2be/elements - {"using":"xpath","value":"//button[@data-kt=\"addNewYardOverflowToolbarButton\"]"}
RESULT: {"using":"xpath","value":"//button[@data-kt=\"addNewYardOverflowToolbarButton\"]"}
COMMAND: POST /session/a952926708249603da5cc69792e3d2be/elements - {"using":"xpath","value":"//button[@data-kt=\"addNewYardOverflowToolbarButton\"]"}
RESULT: {"using":"xpath","value":"//button[@data-kt=\"addNewYardOverflowToolbarButton\"]"}
COMMAND: POST /session/a952926708249603da5cc69792e3d2be/elements - {"using":"xpath","value":"//button[@data-kt=\"addNewYardOverflowToolbarButton\"]"}
RESULT: {"using":"xpath","value":"//button[@data-kt=\"addNewYardOverflowToolbarButton\"]"}
COMMAND: POST /session/a952926708249603da5cc69792e3d2be/elements - {"using":"xpath","value":"//button[@data-kt=\"addNewYardOverflowToolbarButton\"]"}
RESULT: {"using":"xpath","value":"//button[@data-kt=\"addNewYardOverflowToolbarButton\"]"}
COMMAND: POST /session/a952926708249603da5cc69792e3d2be/elements - {"using":"xpath","value":"//button[@data-kt=\"addNewYardOverflowToolbarButton\"]"}
RESULT: {"using":"xpath","value":"//button[@data-kt=\"addNewYardOverflowToolbarButton\"]"}
COMMAND: POST /session/a952926708249603da5cc69792e3d2be/elements - {"using":"xpath","value":"//button[@data-kt=\"addNewYardOverflowToolbarButton\"]"}
RESULT: {"using":"xpath","value":"//button[@data-kt=\"addNewYardOverflowToolbarButton\"]"}
COMMAND: POST /session/a952926708249603da5cc69792e3d2be/elements - {"using":"xpath","value":"//button[@data-kt=\"addNewYardOverflowToolbarButton\"]"}
RESULT: {"using":"xpath","value":"//button[@data-kt=\"addNewYardOverflowToolbarButton\"]"}
COMMAND: POST /session/a952926708249603da5cc69792e3d2be/elements - {"using":"xpath","value":"//button[@data-kt=\"addNewYardOverflowToolbarButton\"]"}
RESULT: {"using":"xpath","value":"//button[@data-kt=\"addNewYardOverflowToolbarButton\"]"}
COMMAND: POST /session/a952926708249603da5cc69792e3d2be/elements - {"using":"xpath","value":"//button[@data-kt=\"addNewYardOverflowToolbarButton\"]"}
RESULT: {"using":"xpath","value":"//button[@data-kt=\"addNewYardOverflowToolbarButton\"]"}
COMMAND: POST /session/a952926708249603da5cc69792e3d2be/elements - {"using":"xpath","value":"//button[@data-kt=\"addNewYardOverflowToolbarButton\"]"}
RESULT: {"using":"xpath","value":"//button[@data-kt=\"addNewYardOverflowToolbarButton\"]"}
COMMAND: POST /session/a952926708249603da5cc69792e3d2be/elements - {"using":"xpath","value":"//button[@data-kt=\"addNewYardOverflowToolbarButton\"]"}
RESULT: {"using":"xpath","value":"//button[@data-kt=\"addNewYardOverflowToolbarButton\"]"}
COMMAND: POST /session/a952926708249603da5cc69792e3d2be/element - {"using":"xpath","value":"//button[@data-kt=\"addNewYardOverflowToolbarButton\"]"}
RESULT: {"using":"xpath","value":"//button[@data-kt=\"addNewYardOverflowToolbarButton\"]"}
COMMAND: POST /session/a952926708249603da5cc69792e3d2be/execute/sync - {"script":"<script> [8489 bytes]","args":[{"element-6066-11e4-a52e-4f735466cecf":"f.73E06E20145AF85821ADC503D3E38742.d.841D29BCDC60CFB84C76EFFBE49533B2.e.310","ELEMENT":"f.73E06E20145AF85821ADC503D3E38742.d.841D29BCDC60CFB84C76EFFBE49533B2.e.310"}]}
RESULT: {"script":"<script> [8489 bytes]","args":[{"element-6066-11e4-a52e-4f735466cecf":"f.73E06E20145AF85821ADC503D3E38742.d.841D29BCDC60CFB84C76EFFBE49533B2.e.310","ELEMENT":"f.73E06E20145AF85821ADC503D3E38742.d.841D29BCDC60CFB84C76EFFBE49533B2.e.310"}]}
COMMAND: GET /session/a952926708249603da5cc69792e3d2be/element/f.73E06E20145AF85821ADC503D3E38742.d.841D29BCDC60CFB84C76EFFBE49533B2.e.310/enabled - {}
COMMAND: GET /session/a952926708249603da5cc69792e3d2be/screenshot - {}
RESULT: {}
COMMAND: POST /session/a952926708249603da5cc69792e3d2be/execute/sync - {"script":"<script> [8489 bytes]","args":[{"element-6066-11e4-a52e-4f735466cecf":"f.73E06E20145AF85821ADC503D3E38742.d.841D29BCDC60CFB84C76EFFBE49533B2.e.310","ELEMENT":"f.73E06E20145AF85821ADC503D3E38742.d.841D29BCDC60CFB84C76EFFBE49533B2.e.310"}]}
COMMAND: GET /session/a952926708249603da5cc69792e3d2be/screenshot - {}
RESULT: {}
RESULT: {"script":"<script> [8489 bytes]","args":[{"element-6066-11e4-a52e-4f735466cecf":"f.73E06E20145AF85821ADC503D3E38742.d.841D29BCDC60CFB84C76EFFBE49533B2.e.310","ELEMENT":"f.73E06E20145AF85821ADC503D3E38742.d.841D29BCDC60CFB84C76EFFBE49533B2.e.310"}]}
COMMAND: POST /session/a952926708249603da5cc69792e3d2be/execute/sync - {"script":"<script> [5351 bytes]","args":[{"element-6066-11e4-a52e-4f735466cecf":"f.73E06E20145AF85821ADC503D3E38742.d.841D29BCDC60CFB84C76EFFBE49533B2.e.310","ELEMENT":"f.73E06E20145AF85821ADC503D3E38742.d.841D29BCDC60CFB84C76EFFBE49533B2.e.310"}]}
COMMAND: GET /session/a952926708249603da5cc69792e3d2be/screenshot - {}
RESULT: {}
RESULT: {"script":"<script> [5351 bytes]","args":[{"element-6066-11e4-a52e-4f735466cecf":"f.73E06E20145AF85821ADC503D3E38742.d.841D29BCDC60CFB84C76EFFBE49533B2.e.310","ELEMENT":"f.73E06E20145AF85821ADC503D3E38742.d.841D29BCDC60CFB84C76EFFBE49533B2.e.310"}]}
COMMAND: POST /session/a952926708249603da5cc69792e3d2be/execute/sync - {"script":"<script> [8489 bytes]","args":[{"element-6066-11e4-a52e-4f735466cecf":"f.73E06E20145AF85821ADC503D3E38742.d.841D29BCDC60CFB84C76EFFBE49533B2.e.310","ELEMENT":"f.73E06E20145AF85821ADC503D3E38742.d.841D29BCDC60CFB84C76EFFBE49533B2.e.310"}]}
COMMAND: GET /session/a952926708249603da5cc69792e3d2be/screenshot - {}
RESULT: {}
RESULT: {"script":"<script> [8489 bytes]","args":[{"element-6066-11e4-a52e-4f735466cecf":"f.73E06E20145AF85821ADC503D3E38742.d.841D29BCDC60CFB84C76EFFBE49533B2.e.310","ELEMENT":"f.73E06E20145AF85821ADC503D3E38742.d.841D29BCDC60CFB84C76EFFBE49533B2.e.310"}]}
COMMAND: POST /session/a952926708249603da5cc69792e3d2be/execute/sync - {"script":"<script> [5351 bytes]","args":[{"element-6066-11e4-a52e-4f735466cecf":"f.73E06E20145AF85821ADC503D3E38742.d.841D29BCDC60CFB84C76EFFBE49533B2.e.310","ELEMENT":"f.73E06E20145AF85821ADC503D3E38742.d.841D29BCDC60CFB84C76EFFBE49533B2.e.310"}]}
COMMAND: GET /session/a952926708249603da5cc69792e3d2be/screenshot - {}
RESULT: {}
RESULT: {"script":"<script> [5351 bytes]","args":[{"element-6066-11e4-a52e-4f735466cecf":"f.73E06E20145AF85821ADC503D3E38742.d.841D29BCDC60CFB84C76EFFBE49533B2.e.310","ELEMENT":"f.73E06E20145AF85821ADC503D3E38742.d.841D29BCDC60CFB84C76EFFBE49533B2.e.310"}]}
COMMAND: POST /session/a952926708249603da5cc69792e3d2be/execute/sync - {"script":"<script> [8489 bytes]","args":[{"element-6066-11e4-a52e-4f735466cecf":"f.73E06E20145AF85821ADC503D3E38742.d.841D29BCDC60CFB84C76EFFBE49533B2.e.310","ELEMENT":"f.73E06E20145AF85821ADC503D3E38742.d.841D29BCDC60CFB84C76EFFBE49533B2.e.310"}]}
COMMAND: GET /session/a952926708249603da5cc69792e3d2be/screenshot - {}
RESULT: {}
RESULT: {"script":"<script> [8489 bytes]","args":[{"element-6066-11e4-a52e-4f735466cecf":"f.73E06E20145AF85821ADC503D3E38742.d.841D29BCDC60CFB84C76EFFBE49533B2.e.310","ELEMENT":"f.73E06E20145AF85821ADC503D3E38742.d.841D29BCDC60CFB84C76EFFBE49533B2.e.310"}]}
COMMAND: POST /session/a952926708249603da5cc69792e3d2be/execute/sync - {"script":"<script> [5351 bytes]","args":[{"element-6066-11e4-a52e-4f735466cecf":"f.73E06E20145AF85821ADC503D3E38742.d.841D29BCDC60CFB84C76EFFBE49533B2.e.310","ELEMENT":"f.73E06E20145AF85821ADC503D3E38742.d.841D29BCDC60CFB84C76EFFBE49533B2.e.310"}]}
COMMAND: GET /session/a952926708249603da5cc69792e3d2be/screenshot - {}
RESULT: {}
RESULT: {"script":"<script> [5351 bytes]","args":[{"element-6066-11e4-a52e-4f735466cecf":"f.73E06E20145AF85821ADC503D3E38742.d.841D29BCDC60CFB84C76EFFBE49533B2.e.310","ELEMENT":"f.73E06E20145AF85821ADC503D3E38742.d.841D29BCDC60CFB84C76EFFBE49533B2.e.310"}]}
COMMAND: POST /session/a952926708249603da5cc69792e3d2be/execute/sync - {"script":"<script> [8489 bytes]","args":[{"element-6066-11e4-a52e-4f735466cecf":"f.73E06E20145AF85821ADC503D3E38742.d.841D29BCDC60CFB84C76EFFBE49533B2.e.310","ELEMENT":"f.73E06E20145AF85821ADC503D3E38742.d.841D29BCDC60CFB84C76EFFBE49533B2.e.310"}]}
COMMAND: GET /session/a952926708249603da5cc69792e3d2be/screenshot - {}
RESULT: {}
RESULT: {"script":"<script> [8489 bytes]","args":[{"element-6066-11e4-a52e-4f735466cecf":"f.73E06E20145AF85821ADC503D3E38742.d.841D29BCDC60CFB84C76EFFBE49533B2.e.310","ELEMENT":"f.73E06E20145AF85821ADC503D3E38742.d.841D29BCDC60CFB84C76EFFBE49533B2.e.310"}]}
COMMAND: POST /session/a952926708249603da5cc69792e3d2be/execute/sync - {"script":"<script> [5351 bytes]","args":[{"element-6066-11e4-a52e-4f735466cecf":"f.73E06E20145AF85821ADC503D3E38742.d.841D29BCDC60CFB84C76EFFBE49533B2.e.310","ELEMENT":"f.73E06E20145AF85821ADC503D3E38742.d.841D29BCDC60CFB84C76EFFBE49533B2.e.310"}]}
COMMAND: GET /session/a952926708249603da5cc69792e3d2be/screenshot - {}
RESULT: {}
RESULT: {"script":"<script> [5351 bytes]","args":[{"element-6066-11e4-a52e-4f735466cecf":"f.73E06E20145AF85821ADC503D3E38742.d.841D29BCDC60CFB84C76EFFBE49533B2.e.310","ELEMENT":"f.73E06E20145AF85821ADC503D3E38742.d.841D29BCDC60CFB84C76EFFBE49533B2.e.310"}]}
COMMAND: POST /session/a952926708249603da5cc69792e3d2be/execute/sync - {"script":"<script> [8489 bytes]","args":[{"element-6066-11e4-a52e-4f735466cecf":"f.73E06E20145AF85821ADC503D3E38742.d.841D29BCDC60CFB84C76EFFBE49533B2.e.310","ELEMENT":"f.73E06E20145AF85821ADC503D3E38742.d.841D29BCDC60CFB84C76EFFBE49533B2.e.310"}]}
COMMAND: GET /session/a952926708249603da5cc69792e3d2be/screenshot - {}
RESULT: {}
RESULT: {"script":"<script> [8489 bytes]","args":[{"element-6066-11e4-a52e-4f735466cecf":"f.73E06E20145AF85821ADC503D3E38742.d.841D29BCDC60CFB84C76EFFBE49533B2.e.310","ELEMENT":"f.73E06E20145AF85821ADC503D3E38742.d.841D29BCDC60CFB84C76EFFBE49533B2.e.310"}]}
COMMAND: POST /session/a952926708249603da5cc69792e3d2be/execute/sync - {"script":"<script> [5351 bytes]","args":[{"element-6066-11e4-a52e-4f735466cecf":"f.73E06E20145AF85821ADC503D3E38742.d.841D29BCDC60CFB84C76EFFBE49533B2.e.310","ELEMENT":"f.73E06E20145AF85821ADC503D3E38742.d.841D29BCDC60CFB84C76EFFBE49533B2.e.310"}]}
COMMAND: GET /session/a952926708249603da5cc69792e3d2be/screenshot - {}
RESULT: {}
RESULT: {"script":"<script> [5351 bytes]","args":[{"element-6066-11e4-a52e-4f735466cecf":"f.73E06E20145AF85821ADC503D3E38742.d.841D29BCDC60CFB84C76EFFBE49533B2.e.310","ELEMENT":"f.73E06E20145AF85821ADC503D3E38742.d.841D29BCDC60CFB84C76EFFBE49533B2.e.310"}]}
COMMAND: POST /session/a952926708249603da5cc69792e3d2be/execute/sync - {"script":"<script> [8489 bytes]","args":[{"element-6066-11e4-a52e-4f735466cecf":"f.73E06E20145AF85821ADC503D3E38742.d.841D29BCDC60CFB84C76EFFBE49533B2.e.310","ELEMENT":"f.73E06E20145AF85821ADC503D3E38742.d.841D29BCDC60CFB84C76EFFBE49533B2.e.310"}]}
COMMAND: GET /session/a952926708249603da5cc69792e3d2be/screenshot - {}
RESULT: {}
RESULT: {"script":"<script> [8489 bytes]","args":[{"element-6066-11e4-a52e-4f735466cecf":"f.73E06E20145AF85821ADC503D3E38742.d.841D29BCDC60CFB84C76EFFBE49533B2.e.310","ELEMENT":"f.73E06E20145AF85821ADC503D3E38742.d.841D29BCDC60CFB84C76EFFBE49533B2.e.310"}]}
COMMAND: POST /session/a952926708249603da5cc69792e3d2be/execute/sync - {"script":"<script> [5351 bytes]","args":[{"element-6066-11e4-a52e-4f735466cecf":"f.73E06E20145AF85821ADC503D3E38742.d.841D29BCDC60CFB84C76EFFBE49533B2.e.310","ELEMENT":"f.73E06E20145AF85821ADC503D3E38742.d.841D29BCDC60CFB84C76EFFBE49533B2.e.310"}]}
COMMAND: GET /session/a952926708249603da5cc69792e3d2be/screenshot - {}
RESULT: {}
RESULT: {"script":"<script> [5351 bytes]","args":[{"element-6066-11e4-a52e-4f735466cecf":"f.73E06E20145AF85821ADC503D3E38742.d.841D29BCDC60CFB84C76EFFBE49533B2.e.310","ELEMENT":"f.73E06E20145AF85821ADC503D3E38742.d.841D29BCDC60CFB84C76EFFBE49533B2.e.310"}]}
COMMAND: POST /session/a952926708249603da5cc69792e3d2be/execute/sync - {"script":"<script> [8489 bytes]","args":[{"element-6066-11e4-a52e-4f735466cecf":"f.73E06E20145AF85821ADC503D3E38742.d.841D29BCDC60CFB84C76EFFBE49533B2.e.310","ELEMENT":"f.73E06E20145AF85821ADC503D3E38742.d.841D29BCDC60CFB84C76EFFBE49533B2.e.310"}]}
COMMAND: GET /session/a952926708249603da5cc69792e3d2be/screenshot - {}
RESULT: {}
RESULT: {"script":"<script> [8489 bytes]","args":[{"element-6066-11e4-a52e-4f735466cecf":"f.73E06E20145AF85821ADC503D3E38742.d.841D29BCDC60CFB84C76EFFBE49533B2.e.310","ELEMENT":"f.73E06E20145AF85821ADC503D3E38742.d.841D29BCDC60CFB84C76EFFBE49533B2.e.310"}]}
COMMAND: POST /session/a952926708249603da5cc69792e3d2be/execute/sync - {"script":"<script> [5351 bytes]","args":[{"element-6066-11e4-a52e-4f735466cecf":"f.73E06E20145AF85821ADC503D3E38742.d.841D29BCDC60CFB84C76EFFBE49533B2.e.310","ELEMENT":"f.73E06E20145AF85821ADC503D3E38742.d.841D29BCDC60CFB84C76EFFBE49533B2.e.310"}]}
COMMAND: GET /session/a952926708249603da5cc69792e3d2be/screenshot - {}
RESULT: {}
RESULT: {"script":"<script> [5351 bytes]","args":[{"element-6066-11e4-a52e-4f735466cecf":"f.73E06E20145AF85821ADC503D3E38742.d.841D29BCDC60CFB84C76EFFBE49533B2.e.310","ELEMENT":"f.73E06E20145AF85821ADC503D3E38742.d.841D29BCDC60CFB84C76EFFBE49533B2.e.310"}]}
COMMAND: POST /session/a952926708249603da5cc69792e3d2be/execute/sync - {"script":"<script> [8489 bytes]","args":[{"element-6066-11e4-a52e-4f735466cecf":"f.73E06E20145AF85821ADC503D3E38742.d.841D29BCDC60CFB84C76EFFBE49533B2.e.310","ELEMENT":"f.73E06E20145AF85821ADC503D3E38742.d.841D29BCDC60CFB84C76EFFBE49533B2.e.310"}]}
COMMAND: GET /session/a952926708249603da5cc69792e3d2be/screenshot - {}
RESULT: {}
RESULT: {"script":"<script> [8489 bytes]","args":[{"element-6066-11e4-a52e-4f735466cecf":"f.73E06E20145AF85821ADC503D3E38742.d.841D29BCDC60CFB84C76EFFBE49533B2.e.310","ELEMENT":"f.73E06E20145AF85821ADC503D3E38742.d.841D29BCDC60CFB84C76EFFBE49533B2.e.310"}]}
COMMAND: POST /session/a952926708249603da5cc69792e3d2be/execute/sync - {"script":"<script> [5351 bytes]","args":[{"element-6066-11e4-a52e-4f735466cecf":"f.73E06E20145AF85821ADC503D3E38742.d.841D29BCDC60CFB84C76EFFBE49533B2.e.310","ELEMENT":"f.73E06E20145AF85821ADC503D3E38742.d.841D29BCDC60CFB84C76EFFBE49533B2.e.310"}]}
COMMAND: GET /session/a952926708249603da5cc69792e3d2be/screenshot - {}
RESULT: {}
RESULT: {"script":"<script> [5351 bytes]","args":[{"element-6066-11e4-a52e-4f735466cecf":"f.73E06E20145AF85821ADC503D3E38742.d.841D29BCDC60CFB84C76EFFBE49533B2.e.310","ELEMENT":"f.73E06E20145AF85821ADC503D3E38742.d.841D29BCDC60CFB84C76EFFBE49533B2.e.310"}]}
COMMAND: POST /session/a952926708249603da5cc69792e3d2be/execute/sync - {"script":"<script> [8489 bytes]","args":[{"element-6066-11e4-a52e-4f735466cecf":"f.73E06E20145AF85821ADC503D3E38742.d.841D29BCDC60CFB84C76EFFBE49533B2.e.310","ELEMENT":"f.73E06E20145AF85821ADC503D3E38742.d.841D29BCDC60CFB84C76EFFBE49533B2.e.310"}]}
COMMAND: GET /session/a952926708249603da5cc69792e3d2be/screenshot - {}
RESULT: {}
RESULT: {"script":"<script> [8489 bytes]","args":[{"element-6066-11e4-a52e-4f735466cecf":"f.73E06E20145AF85821ADC503D3E38742.d.841D29BCDC60CFB84C76EFFBE49533B2.e.310","ELEMENT":"f.73E06E20145AF85821ADC503D3E38742.d.841D29BCDC60CFB84C76EFFBE49533B2.e.310"}]}
COMMAND: POST /session/a952926708249603da5cc69792e3d2be/execute/sync - {"script":"<script> [5351 bytes]","args":[{"element-6066-11e4-a52e-4f735466cecf":"f.73E06E20145AF85821ADC503D3E38742.d.841D29BCDC60CFB84C76EFFBE49533B2.e.310","ELEMENT":"f.73E06E20145AF85821ADC503D3E38742.d.841D29BCDC60CFB84C76EFFBE49533B2.e.310"}]}
COMMAND: GET /session/a952926708249603da5cc69792e3d2be/screenshot - {}
RESULT: {}
RESULT: {"script":"<script> [5351 bytes]","args":[{"element-6066-11e4-a52e-4f735466cecf":"f.73E06E20145AF85821ADC503D3E38742.d.841D29BCDC60CFB84C76EFFBE49533B2.e.310","ELEMENT":"f.73E06E20145AF85821ADC503D3E38742.d.841D29BCDC60CFB84C76EFFBE49533B2.e.310"}]}
COMMAND: POST /session/a952926708249603da5cc69792e3d2be/execute/sync - {"script":"<script> [8489 bytes]","args":[{"element-6066-11e4-a52e-4f735466cecf":"f.73E06E20145AF85821ADC503D3E38742.d.841D29BCDC60CFB84C76EFFBE49533B2.e.310","ELEMENT":"f.73E06E20145AF85821ADC503D3E38742.d.841D29BCDC60CFB84C76EFFBE49533B2.e.310"}]}
COMMAND: GET /session/a952926708249603da5cc69792e3d2be/screenshot - {}
RESULT: {}
RESULT: {"script":"<script> [8489 bytes]","args":[{"element-6066-11e4-a52e-4f735466cecf":"f.73E06E20145AF85821ADC503D3E38742.d.841D29BCDC60CFB84C76EFFBE49533B2.e.310","ELEMENT":"f.73E06E20145AF85821ADC503D3E38742.d.841D29BCDC60CFB84C76EFFBE49533B2.e.310"}]}
COMMAND: POST /session/a952926708249603da5cc69792e3d2be/execute/sync - {"script":"<script> [5351 bytes]","args":[{"element-6066-11e4-a52e-4f735466cecf":"f.73E06E20145AF85821ADC503D3E38742.d.841D29BCDC60CFB84C76EFFBE49533B2.e.310","ELEMENT":"f.73E06E20145AF85821ADC503D3E38742.d.841D29BCDC60CFB84C76EFFBE49533B2.e.310"}]}
COMMAND: GET /session/a952926708249603da5cc69792e3d2be/screenshot - {}
RESULT: {}
RESULT: {"script":"<script> [5351 bytes]","args":[{"element-6066-11e4-a52e-4f735466cecf":"f.73E06E20145AF85821ADC503D3E38742.d.841D29BCDC60CFB84C76EFFBE49533B2.e.310","ELEMENT":"f.73E06E20145AF85821ADC503D3E38742.d.841D29BCDC60CFB84C76EFFBE49533B2.e.310"}]}
COMMAND: POST /session/a952926708249603da5cc69792e3d2be/execute/sync - {"script":"<script> [8489 bytes]","args":[{"element-6066-11e4-a52e-4f735466cecf":"f.73E06E20145AF85821ADC503D3E38742.d.841D29BCDC60CFB84C76EFFBE49533B2.e.310","ELEMENT":"f.73E06E20145AF85821ADC503D3E38742.d.841D29BCDC60CFB84C76EFFBE49533B2.e.310"}]}
COMMAND: GET /session/a952926708249603da5cc69792e3d2be/screenshot - {}
RESULT: {}
RESULT: {"script":"<script> [8489 bytes]","args":[{"element-6066-11e4-a52e-4f735466cecf":"f.73E06E20145AF85821ADC503D3E38742.d.841D29BCDC60CFB84C76EFFBE49533B2.e.310","ELEMENT":"f.73E06E20145AF85821ADC503D3E38742.d.841D29BCDC60CFB84C76EFFBE49533B2.e.310"}]}
COMMAND: POST /session/a952926708249603da5cc69792e3d2be/execute/sync - {"script":"<script> [5351 bytes]","args":[{"element-6066-11e4-a52e-4f735466cecf":"f.73E06E20145AF85821ADC503D3E38742.d.841D29BCDC60CFB84C76EFFBE49533B2.e.310","ELEMENT":"f.73E06E20145AF85821ADC503D3E38742.d.841D29BCDC60CFB84C76EFFBE49533B2.e.310"}]}
COMMAND: GET /session/a952926708249603da5cc69792e3d2be/screenshot - {}
RESULT: {}
RESULT: {"script":"<script> [5351 bytes]","args":[{"element-6066-11e4-a52e-4f735466cecf":"f.73E06E20145AF85821ADC503D3E38742.d.841D29BCDC60CFB84C76EFFBE49533B2.e.310","ELEMENT":"f.73E06E20145AF85821ADC503D3E38742.d.841D29BCDC60CFB84C76EFFBE49533B2.e.310"}]}
COMMAND: GET /session/a952926708249603da5cc69792e3d2be/screenshot - {}
COMMAND: POST /session/a952926708249603da5cc69792e3d2be/execute/sync - {"script":"<script> [8489 bytes]","args":[{"element-6066-11e4-a52e-4f735466cecf":"f.73E06E20145AF85821ADC503D3E38742.d.841D29BCDC60CFB84C76EFFBE49533B2.e.310","ELEMENT":"f.73E06E20145AF85821ADC503D3E38742.d.841D29BCDC60CFB84C76EFFBE49533B2.e.310"}]}
RESULT: {}
RESULT: {}
RESULT: {"script":"<script> [8489 bytes]","args":[{"element-6066-11e4-a52e-4f735466cecf":"f.73E06E20145AF85821ADC503D3E38742.d.841D29BCDC60CFB84C76EFFBE49533B2.e.310","ELEMENT":"f.73E06E20145AF85821ADC503D3E38742.d.841D29BCDC60CFB84C76EFFBE49533B2.e.310"}]}
COMMAND: POST /session/a952926708249603da5cc69792e3d2be/execute/sync - {"script":"<script> [5351 bytes]","args":[{"element-6066-11e4-a52e-4f735466cecf":"f.73E06E20145AF85821ADC503D3E38742.d.841D29BCDC60CFB84C76EFFBE49533B2.e.310","ELEMENT":"f.73E06E20145AF85821ADC503D3E38742.d.841D29BCDC60CFB84C76EFFBE49533B2.e.310"}]}
COMMAND: GET /session/a952926708249603da5cc69792e3d2be/screenshot - {}
RESULT: {"script":"<script> [5351 bytes]","args":[{"element-6066-11e4-a52e-4f735466cecf":"f.73E06E20145AF85821ADC503D3E38742.d.841D29BCDC60CFB84C76EFFBE49533B2.e.310","ELEMENT":"f.73E06E20145AF85821ADC503D3E38742.d.841D29BCDC60CFB84C76EFFBE49533B2.e.310"}]}
COMMAND: POST /session/a952926708249603da5cc69792e3d2be/execute/sync - {"script":"<script> [8489 bytes]","args":[{"element-6066-11e4-a52e-4f735466cecf":"f.73E06E20145AF85821ADC503D3E38742.d.841D29BCDC60CFB84C76EFFBE49533B2.e.310","ELEMENT":"f.73E06E20145AF85821ADC503D3E38742.d.841D29BCDC60CFB84C76EFFBE49533B2.e.310"}]}
COMMAND: GET /session/a952926708249603da5cc69792e3d2be/screenshot - {}
RESULT: {}
RESULT: {"script":"<script> [8489 bytes]","args":[{"element-6066-11e4-a52e-4f735466cecf":"f.73E06E20145AF85821ADC503D3E38742.d.841D29BCDC60CFB84C76EFFBE49533B2.e.310","ELEMENT":"f.73E06E20145AF85821ADC503D3E38742.d.841D29BCDC60CFB84C76EFFBE49533B2.e.310"}]}
COMMAND: POST /session/a952926708249603da5cc69792e3d2be/execute/sync - {"script":"<script> [5351 bytes]","args":[{"element-6066-11e4-a52e-4f735466cecf":"f.73E06E20145AF85821ADC503D3E38742.d.841D29BCDC60CFB84C76EFFBE49533B2.e.310","ELEMENT":"f.73E06E20145AF85821ADC503D3E38742.d.841D29BCDC60CFB84C76EFFBE49533B2.e.310"}]}
COMMAND: GET /session/a952926708249603da5cc69792e3d2be/screenshot - {}
RESULT: {}
RESULT: {"script":"<script> [5351 bytes]","args":[{"element-6066-11e4-a52e-4f735466cecf":"f.73E06E20145AF85821ADC503D3E38742.d.841D29BCDC60CFB84C76EFFBE49533B2.e.310","ELEMENT":"f.73E06E20145AF85821ADC503D3E38742.d.841D29BCDC60CFB84C76EFFBE49533B2.e.310"}]}
COMMAND: POST /session/a952926708249603da5cc69792e3d2be/execute/sync - {"script":"<script> [8489 bytes]","args":[{"element-6066-11e4-a52e-4f735466cecf":"f.73E06E20145AF85821ADC503D3E38742.d.841D29BCDC60CFB84C76EFFBE49533B2.e.310","ELEMENT":"f.73E06E20145AF85821ADC503D3E38742.d.841D29BCDC60CFB84C76EFFBE49533B2.e.310"}]}
COMMAND: GET /session/a952926708249603da5cc69792e3d2be/screenshot - {}
RESULT: {}
RESULT: {"script":"<script> [8489 bytes]","args":[{"element-6066-11e4-a52e-4f735466cecf":"f.73E06E20145AF85821ADC503D3E38742.d.841D29BCDC60CFB84C76EFFBE49533B2.e.310","ELEMENT":"f.73E06E20145AF85821ADC503D3E38742.d.841D29BCDC60CFB84C76EFFBE49533B2.e.310"}]}
COMMAND: POST /session/a952926708249603da5cc69792e3d2be/execute/sync - {"script":"<script> [5351 bytes]","args":[{"element-6066-11e4-a52e-4f735466cecf":"f.73E06E20145AF85821ADC503D3E38742.d.841D29BCDC60CFB84C76EFFBE49533B2.e.310","ELEMENT":"f.73E06E20145AF85821ADC503D3E38742.d.841D29BCDC60CFB84C76EFFBE49533B2.e.310"}]}
COMMAND: GET /session/a952926708249603da5cc69792e3d2be/screenshot - {}
RESULT: {}
RESULT: {"script":"<script> [5351 bytes]","args":[{"element-6066-11e4-a52e-4f735466cecf":"f.73E06E20145AF85821ADC503D3E38742.d.841D29BCDC60CFB84C76EFFBE49533B2.e.310","ELEMENT":"f.73E06E20145AF85821ADC503D3E38742.d.841D29BCDC60CFB84C76EFFBE49533B2.e.310"}]}
COMMAND: POST /session/a952926708249603da5cc69792e3d2be/execute/sync - {"script":"<script> [8489 bytes]","args":[{"element-6066-11e4-a52e-4f735466cecf":"f.73E06E20145AF85821ADC503D3E38742.d.841D29BCDC60CFB84C76EFFBE49533B2.e.310","ELEMENT":"f.73E06E20145AF85821ADC503D3E38742.d.841D29BCDC60CFB84C76EFFBE49533B2.e.310"}]}
COMMAND: GET /session/a952926708249603da5cc69792e3d2be/screenshot - {}
RESULT: {}
RESULT: {"script":"<script> [8489 bytes]","args":[{"element-6066-11e4-a52e-4f735466cecf":"f.73E06E20145AF85821ADC503D3E38742.d.841D29BCDC60CFB84C76EFFBE49533B2.e.310","ELEMENT":"f.73E06E20145AF85821ADC503D3E38742.d.841D29BCDC60CFB84C76EFFBE49533B2.e.310"}]}
COMMAND: POST /session/a952926708249603da5cc69792e3d2be/execute/sync - {"script":"<script> [5351 bytes]","args":[{"element-6066-11e4-a52e-4f735466cecf":"f.73E06E20145AF85821ADC503D3E38742.d.841D29BCDC60CFB84C76EFFBE49533B2.e.310","ELEMENT":"f.73E06E20145AF85821ADC503D3E38742.d.841D29BCDC60CFB84C76EFFBE49533B2.e.310"}]}
COMMAND: GET /session/a952926708249603da5cc69792e3d2be/screenshot - {}
RESULT: {}
RESULT: {"script":"<script> [5351 bytes]","args":[{"element-6066-11e4-a52e-4f735466cecf":"f.73E06E20145AF85821ADC503D3E38742.d.841D29BCDC60CFB84C76EFFBE49533B2.e.310","ELEMENT":"f.73E06E20145AF85821ADC503D3E38742.d.841D29BCDC60CFB84C76EFFBE49533B2.e.310"}]}
COMMAND: POST /session/a952926708249603da5cc69792e3d2be/execute/sync - {"script":"<script> [8489 bytes]","args":[{"element-6066-11e4-a52e-4f735466cecf":"f.73E06E20145AF85821ADC503D3E38742.d.841D29BCDC60CFB84C76EFFBE49533B2.e.310","ELEMENT":"f.73E06E20145AF85821ADC503D3E38742.d.841D29BCDC60CFB84C76EFFBE49533B2.e.310"}]}
COMMAND: GET /session/a952926708249603da5cc69792e3d2be/screenshot - {}
RESULT: {}
RESULT: {"script":"<script> [8489 bytes]","args":[{"element-6066-11e4-a52e-4f735466cecf":"f.73E06E20145AF85821ADC503D3E38742.d.841D29BCDC60CFB84C76EFFBE49533B2.e.310","ELEMENT":"f.73E06E20145AF85821ADC503D3E38742.d.841D29BCDC60CFB84C76EFFBE49533B2.e.310"}]}
COMMAND: POST /session/a952926708249603da5cc69792e3d2be/execute/sync - {"script":"<script> [5351 bytes]","args":[{"element-6066-11e4-a52e-4f735466cecf":"f.73E06E20145AF85821ADC503D3E38742.d.841D29BCDC60CFB84C76EFFBE49533B2.e.310","ELEMENT":"f.73E06E20145AF85821ADC503D3E38742.d.841D29BCDC60CFB84C76EFFBE49533B2.e.310"}]}
COMMAND: GET /session/a952926708249603da5cc69792e3d2be/screenshot - {}
RESULT: {}
RESULT: {"script":"<script> [5351 bytes]","args":[{"element-6066-11e4-a52e-4f735466cecf":"f.73E06E20145AF85821ADC503D3E38742.d.841D29BCDC60CFB84C76EFFBE49533B2.e.310","ELEMENT":"f.73E06E20145AF85821ADC503D3E38742.d.841D29BCDC60CFB84C76EFFBE49533B2.e.310"}]}
COMMAND: POST /session/a952926708249603da5cc69792e3d2be/execute/sync - {"script":"<script> [8489 bytes]","args":[{"element-6066-11e4-a52e-4f735466cecf":"f.73E06E20145AF85821ADC503D3E38742.d.841D29BCDC60CFB84C76EFFBE49533B2.e.310","ELEMENT":"f.73E06E20145AF85821ADC503D3E38742.d.841D29BCDC60CFB84C76EFFBE49533B2.e.310"}]}
COMMAND: GET /session/a952926708249603da5cc69792e3d2be/screenshot - {}
RESULT: {}
RESULT: {"script":"<script> [8489 bytes]","args":[{"element-6066-11e4-a52e-4f735466cecf":"f.73E06E20145AF85821ADC503D3E38742.d.841D29BCDC60CFB84C76EFFBE49533B2.e.310","ELEMENT":"f.73E06E20145AF85821ADC503D3E38742.d.841D29BCDC60CFB84C76EFFBE49533B2.e.310"}]}
COMMAND: POST /session/a952926708249603da5cc69792e3d2be/execute/sync - {"script":"<script> [5351 bytes]","args":[{"element-6066-11e4-a52e-4f735466cecf":"f.73E06E20145AF85821ADC503D3E38742.d.841D29BCDC60CFB84C76EFFBE49533B2.e.310","ELEMENT":"f.73E06E20145AF85821ADC503D3E38742.d.841D29BCDC60CFB84C76EFFBE49533B2.e.310"}]}
COMMAND: GET /session/a952926708249603da5cc69792e3d2be/screenshot - {}
RESULT: {}
RESULT: {"script":"<script> [5351 bytes]","args":[{"element-6066-11e4-a52e-4f735466cecf":"f.73E06E20145AF85821ADC503D3E38742.d.841D29BCDC60CFB84C76EFFBE49533B2.e.310","ELEMENT":"f.73E06E20145AF85821ADC503D3E38742.d.841D29BCDC60CFB84C76EFFBE49533B2.e.310"}]}
COMMAND: GET /session/a952926708249603da5cc69792e3d2be/screenshot - {}
COMMAND: POST /session/a952926708249603da5cc69792e3d2be/execute/sync - {"script":"<script> [8489 bytes]","args":[{"element-6066-11e4-a52e-4f735466cecf":"f.73E06E20145AF85821ADC503D3E38742.d.841D29BCDC60CFB84C76EFFBE49533B2.e.310","ELEMENT":"f.73E06E20145AF85821ADC503D3E38742.d.841D29BCDC60CFB84C76EFFBE49533B2.e.310"}]}
RESULT: {}
RESULT: {"script":"<script> [8489 bytes]","args":[{"element-6066-11e4-a52e-4f735466cecf":"f.73E06E20145AF85821ADC503D3E38742.d.841D29BCDC60CFB84C76EFFBE49533B2.e.310","ELEMENT":"f.73E06E20145AF85821ADC503D3E38742.d.841D29BCDC60CFB84C76EFFBE49533B2.e.310"}]}
COMMAND: POST /session/a952926708249603da5cc69792e3d2be/execute/sync - {"script":"<script> [5351 bytes]","args":[{"element-6066-11e4-a52e-4f735466cecf":"f.73E06E20145AF85821ADC503D3E38742.d.841D29BCDC60CFB84C76EFFBE49533B2.e.310","ELEMENT":"f.73E06E20145AF85821ADC503D3E38742.d.841D29BCDC60CFB84C76EFFBE49533B2.e.310"}]}
COMMAND: GET /session/a952926708249603da5cc69792e3d2be/screenshot - {}
RESULT: {}
RESULT: {"script":"<script> [5351 bytes]","args":[{"element-6066-11e4-a52e-4f735466cecf":"f.73E06E20145AF85821ADC503D3E38742.d.841D29BCDC60CFB84C76EFFBE49533B2.e.310","ELEMENT":"f.73E06E20145AF85821ADC503D3E38742.d.841D29BCDC60CFB84C76EFFBE49533B2.e.310"}]}
COMMAND: GET /session/a952926708249603da5cc69792e3d2be/screenshot - {}
COMMAND: POST /session/a952926708249603da5cc69792e3d2be/execute/sync - {"script":"<script> [8489 bytes]","args":[{"element-6066-11e4-a52e-4f735466cecf":"f.73E06E20145AF85821ADC503D3E38742.d.841D29BCDC60CFB84C76EFFBE49533B2.e.310","ELEMENT":"f.73E06E20145AF85821ADC503D3E38742.d.841D29BCDC60CFB84C76EFFBE49533B2.e.310"}]}
RESULT: {}
RESULT: {}
RESULT: {"script":"<script> [8489 bytes]","args":[{"element-6066-11e4-a52e-4f735466cecf":"f.73E06E20145AF85821ADC503D3E38742.d.841D29BCDC60CFB84C76EFFBE49533B2.e.310","ELEMENT":"f.73E06E20145AF85821ADC503D3E38742.d.841D29BCDC60CFB84C76EFFBE49533B2.e.310"}]}
COMMAND: POST /session/a952926708249603da5cc69792e3d2be/execute/sync - {"script":"<script> [5351 bytes]","args":[{"element-6066-11e4-a52e-4f735466cecf":"f.73E06E20145AF85821ADC503D3E38742.d.841D29BCDC60CFB84C76EFFBE49533B2.e.310","ELEMENT":"f.73E06E20145AF85821ADC503D3E38742.d.841D29BCDC60CFB84C76EFFBE49533B2.e.310"}]}
COMMAND: GET /session/a952926708249603da5cc69792e3d2be/screenshot - {}
RESULT: {"script":"<script> [5351 bytes]","args":[{"element-6066-11e4-a52e-4f735466cecf":"f.73E06E20145AF85821ADC503D3E38742.d.841D29BCDC60CFB84C76EFFBE49533B2.e.310","ELEMENT":"f.73E06E20145AF85821ADC503D3E38742.d.841D29BCDC60CFB84C76EFFBE49533B2.e.310"}]}
COMMAND: POST /session/a952926708249603da5cc69792e3d2be/execute/sync - {"script":"<script> [8489 bytes]","args":[{"element-6066-11e4-a52e-4f735466cecf":"f.73E06E20145AF85821ADC503D3E38742.d.841D29BCDC60CFB84C76EFFBE49533B2.e.310","ELEMENT":"f.73E06E20145AF85821ADC503D3E38742.d.841D29BCDC60CFB84C76EFFBE49533B2.e.310"}]}
COMMAND: GET /session/a952926708249603da5cc69792e3d2be/screenshot - {}
RESULT: {}
RESULT: {}
RESULT: {"script":"<script> [8489 bytes]","args":[{"element-6066-11e4-a52e-4f735466cecf":"f.73E06E20145AF85821ADC503D3E38742.d.841D29BCDC60CFB84C76EFFBE49533B2.e.310","ELEMENT":"f.73E06E20145AF85821ADC503D3E38742.d.841D29BCDC60CFB84C76EFFBE49533B2.e.310"}]}
COMMAND: POST /session/a952926708249603da5cc69792e3d2be/execute/sync - {"script":"<script> [5351 bytes]","args":[{"element-6066-11e4-a52e-4f735466cecf":"f.73E06E20145AF85821ADC503D3E38742.d.841D29BCDC60CFB84C76EFFBE49533B2.e.310","ELEMENT":"f.73E06E20145AF85821ADC503D3E38742.d.841D29BCDC60CFB84C76EFFBE49533B2.e.310"}]}
COMMAND: GET /session/a952926708249603da5cc69792e3d2be/screenshot - {}
RESULT: {"script":"<script> [5351 bytes]","args":[{"element-6066-11e4-a52e-4f735466cecf":"f.73E06E20145AF85821ADC503D3E38742.d.841D29BCDC60CFB84C76EFFBE49533B2.e.310","ELEMENT":"f.73E06E20145AF85821ADC503D3E38742.d.841D29BCDC60CFB84C76EFFBE49533B2.e.310"}]}
COMMAND: GET /session/a952926708249603da5cc69792e3d2be/screenshot - {}
COMMAND: POST /session/a952926708249603da5cc69792e3d2be/execute/sync - {"script":"<script> [8489 bytes]","args":[{"element-6066-11e4-a52e-4f735466cecf":"f.73E06E20145AF85821ADC503D3E38742.d.841D29BCDC60CFB84C76EFFBE49533B2.e.310","ELEMENT":"f.73E06E20145AF85821ADC503D3E38742.d.841D29BCDC60CFB84C76EFFBE49533B2.e.310"}]}
RESULT: {}
RESULT: {}
RESULT: {"script":"<script> [8489 bytes]","args":[{"element-6066-11e4-a52e-4f735466cecf":"f.73E06E20145AF85821ADC503D3E38742.d.841D29BCDC60CFB84C76EFFBE49533B2.e.310","ELEMENT":"f.73E06E20145AF85821ADC503D3E38742.d.841D29BCDC60CFB84C76EFFBE49533B2.e.310"}]}
COMMAND: POST /session/a952926708249603da5cc69792e3d2be/execute/sync - {"script":"<script> [5351 bytes]","args":[{"element-6066-11e4-a52e-4f735466cecf":"f.73E06E20145AF85821ADC503D3E38742.d.841D29BCDC60CFB84C76EFFBE49533B2.e.310","ELEMENT":"f.73E06E20145AF85821ADC503D3E38742.d.841D29BCDC60CFB84C76EFFBE49533B2.e.310"}]}
COMMAND: GET /session/a952926708249603da5cc69792e3d2be/screenshot - {}
RESULT: {"script":"<script> [5351 bytes]","args":[{"element-6066-11e4-a52e-4f735466cecf":"f.73E06E20145AF85821ADC503D3E38742.d.841D29BCDC60CFB84C76EFFBE49533B2.e.310","ELEMENT":"f.73E06E20145AF85821ADC503D3E38742.d.841D29BCDC60CFB84C76EFFBE49533B2.e.310"}]}
COMMAND: GET /session/a952926708249603da5cc69792e3d2be/screenshot - {}
COMMAND: POST /session/a952926708249603da5cc69792e3d2be/execute/sync - {"script":"<script> [8489 bytes]","args":[{"element-6066-11e4-a52e-4f735466cecf":"f.73E06E20145AF85821ADC503D3E38742.d.841D29BCDC60CFB84C76EFFBE49533B2.e.310","ELEMENT":"f.73E06E20145AF85821ADC503D3E38742.d.841D29BCDC60CFB84C76EFFBE49533B2.e.310"}]}
RESULT: {}
RESULT: {"script":"<script> [8489 bytes]","args":[{"element-6066-11e4-a52e-4f735466cecf":"f.73E06E20145AF85821ADC503D3E38742.d.841D29BCDC60CFB84C76EFFBE49533B2.e.310","ELEMENT":"f.73E06E20145AF85821ADC503D3E38742.d.841D29BCDC60CFB84C76EFFBE49533B2.e.310"}]}
COMMAND: POST /session/a952926708249603da5cc69792e3d2be/execute/sync - {"script":"<script> [5351 bytes]","args":[{"element-6066-11e4-a52e-4f735466cecf":"f.73E06E20145AF85821ADC503D3E38742.d.841D29BCDC60CFB84C76EFFBE49533B2.e.310","ELEMENT":"f.73E06E20145AF85821ADC503D3E38742.d.841D29BCDC60CFB84C76EFFBE49533B2.e.310"}]}
COMMAND: GET /session/a952926708249603da5cc69792e3d2be/screenshot - {}
RESULT: {}
RESULT: {"script":"<script> [5351 bytes]","args":[{"element-6066-11e4-a52e-4f735466cecf":"f.73E06E20145AF85821ADC503D3E38742.d.841D29BCDC60CFB84C76EFFBE49533B2.e.310","ELEMENT":"f.73E06E20145AF85821ADC503D3E38742.d.841D29BCDC60CFB84C76EFFBE49533B2.e.310"}]}
COMMAND: POST /session/a952926708249603da5cc69792e3d2be/execute/sync - {"script":"<script> [8489 bytes]","args":[{"element-6066-11e4-a52e-4f735466cecf":"f.73E06E20145AF85821ADC503D3E38742.d.841D29BCDC60CFB84C76EFFBE49533B2.e.310","ELEMENT":"f.73E06E20145AF85821ADC503D3E38742.d.841D29BCDC60CFB84C76EFFBE49533B2.e.310"}]}
COMMAND: GET /session/a952926708249603da5cc69792e3d2be/screenshot - {}
RESULT: {}
RESULT: {"script":"<script> [8489 bytes]","args":[{"element-6066-11e4-a52e-4f735466cecf":"f.73E06E20145AF85821ADC503D3E38742.d.841D29BCDC60CFB84C76EFFBE49533B2.e.310","ELEMENT":"f.73E06E20145AF85821ADC503D3E38742.d.841D29BCDC60CFB84C76EFFBE49533B2.e.310"}]}
COMMAND: POST /session/a952926708249603da5cc69792e3d2be/execute/sync - {"script":"<script> [5351 bytes]","args":[{"element-6066-11e4-a52e-4f735466cecf":"f.73E06E20145AF85821ADC503D3E38742.d.841D29BCDC60CFB84C76EFFBE49533B2.e.310","ELEMENT":"f.73E06E20145AF85821ADC503D3E38742.d.841D29BCDC60CFB84C76EFFBE49533B2.e.310"}]}
COMMAND: GET /session/a952926708249603da5cc69792e3d2be/screenshot - {}
RESULT: {}
RESULT: {"script":"<script> [5351 bytes]","args":[{"element-6066-11e4-a52e-4f735466cecf":"f.73E06E20145AF85821ADC503D3E38742.d.841D29BCDC60CFB84C76EFFBE49533B2.e.310","ELEMENT":"f.73E06E20145AF85821ADC503D3E38742.d.841D29BCDC60CFB84C76EFFBE49533B2.e.310"}]}
COMMAND: GET /session/a952926708249603da5cc69792e3d2be/screenshot - {}
COMMAND: POST /session/a952926708249603da5cc69792e3d2be/execute/sync - {"script":"<script> [8489 bytes]","args":[{"element-6066-11e4-a52e-4f735466cecf":"f.73E06E20145AF85821ADC503D3E38742.d.841D29BCDC60CFB84C76EFFBE49533B2.e.310","ELEMENT":"f.73E06E20145AF85821ADC503D3E38742.d.841D29BCDC60CFB84C76EFFBE49533B2.e.310"}]}
RESULT: {}
RESULT: {}
RESULT: {"script":"<script> [8489 bytes]","args":[{"element-6066-11e4-a52e-4f735466cecf":"f.73E06E20145AF85821ADC503D3E38742.d.841D29BCDC60CFB84C76EFFBE49533B2.e.310","ELEMENT":"f.73E06E20145AF85821ADC503D3E38742.d.841D29BCDC60CFB84C76EFFBE49533B2.e.310"}]}
COMMAND: POST /session/a952926708249603da5cc69792e3d2be/execute/sync - {"script":"<script> [5351 bytes]","args":[{"element-6066-11e4-a52e-4f735466cecf":"f.73E06E20145AF85821ADC503D3E38742.d.841D29BCDC60CFB84C76EFFBE49533B2.e.310","ELEMENT":"f.73E06E20145AF85821ADC503D3E38742.d.841D29BCDC60CFB84C76EFFBE49533B2.e.310"}]}
COMMAND: GET /session/a952926708249603da5cc69792e3d2be/screenshot - {}
RESULT: {"script":"<script> [5351 bytes]","args":[{"element-6066-11e4-a52e-4f735466cecf":"f.73E06E20145AF85821ADC503D3E38742.d.841D29BCDC60CFB84C76EFFBE49533B2.e.310","ELEMENT":"f.73E06E20145AF85821ADC503D3E38742.d.841D29BCDC60CFB84C76EFFBE49533B2.e.310"}]}
COMMAND: GET /session/a952926708249603da5cc69792e3d2be/screenshot - {}
COMMAND: POST /session/a952926708249603da5cc69792e3d2be/execute/sync - {"script":"<script> [8489 bytes]","args":[{"element-6066-11e4-a52e-4f735466cecf":"f.73E06E20145AF85821ADC503D3E38742.d.841D29BCDC60CFB84C76EFFBE49533B2.e.310","ELEMENT":"f.73E06E20145AF85821ADC503D3E38742.d.841D29BCDC60CFB84C76EFFBE49533B2.e.310"}]}
RESULT: {}
RESULT: {}
RESULT: {"script":"<script> [8489 bytes]","args":[{"element-6066-11e4-a52e-4f735466cecf":"f.73E06E20145AF85821ADC503D3E38742.d.841D29BCDC60CFB84C76EFFBE49533B2.e.310","ELEMENT":"f.73E06E20145AF85821ADC503D3E38742.d.841D29BCDC60CFB84C76EFFBE49533B2.e.310"}]}
COMMAND: POST /session/a952926708249603da5cc69792e3d2be/execute/sync - {"script":"<script> [5351 bytes]","args":[{"element-6066-11e4-a52e-4f735466cecf":"f.73E06E20145AF85821ADC503D3E38742.d.841D29BCDC60CFB84C76EFFBE49533B2.e.310","ELEMENT":"f.73E06E20145AF85821ADC503D3E38742.d.841D29BCDC60CFB84C76EFFBE49533B2.e.310"}]}
COMMAND: GET /session/a952926708249603da5cc69792e3d2be/screenshot - {}
RESULT: {"script":"<script> [5351 bytes]","args":[{"element-6066-11e4-a52e-4f735466cecf":"f.73E06E20145AF85821ADC503D3E38742.d.841D29BCDC60CFB84C76EFFBE49533B2.e.310","ELEMENT":"f.73E06E20145AF85821ADC503D3E38742.d.841D29BCDC60CFB84C76EFFBE49533B2.e.310"}]}
COMMAND: GET /session/a952926708249603da5cc69792e3d2be/screenshot - {}
COMMAND: POST /session/a952926708249603da5cc69792e3d2be/execute/sync - {"script":"<script> [8489 bytes]","args":[{"element-6066-11e4-a52e-4f735466cecf":"f.73E06E20145AF85821ADC503D3E38742.d.841D29BCDC60CFB84C76EFFBE49533B2.e.310","ELEMENT":"f.73E06E20145AF85821ADC503D3E38742.d.841D29BCDC60CFB84C76EFFBE49533B2.e.310"}]}
RESULT: {}
RESULT: {}
RESULT: {"script":"<script> [8489 bytes]","args":[{"element-6066-11e4-a52e-4f735466cecf":"f.73E06E20145AF85821ADC503D3E38742.d.841D29BCDC60CFB84C76EFFBE49533B2.e.310","ELEMENT":"f.73E06E20145AF85821ADC503D3E38742.d.841D29BCDC60CFB84C76EFFBE49533B2.e.310"}]}
COMMAND: POST /session/a952926708249603da5cc69792e3d2be/execute/sync - {"script":"<script> [5351 bytes]","args":[{"element-6066-11e4-a52e-4f735466cecf":"f.73E06E20145AF85821ADC503D3E38742.d.841D29BCDC60CFB84C76EFFBE49533B2.e.310","ELEMENT":"f.73E06E20145AF85821ADC503D3E38742.d.841D29BCDC60CFB84C76EFFBE49533B2.e.310"}]}
COMMAND: GET /session/a952926708249603da5cc69792e3d2be/screenshot - {}
RESULT: {"script":"<script> [5351 bytes]","args":[{"element-6066-11e4-a52e-4f735466cecf":"f.73E06E20145AF85821ADC503D3E38742.d.841D29BCDC60CFB84C76EFFBE49533B2.e.310","ELEMENT":"f.73E06E20145AF85821ADC503D3E38742.d.841D29BCDC60CFB84C76EFFBE49533B2.e.310"}]}
COMMAND: GET /session/a952926708249603da5cc69792e3d2be/screenshot - {}
COMMAND: POST /session/a952926708249603da5cc69792e3d2be/execute/sync - {"script":"<script> [8489 bytes]","args":[{"element-6066-11e4-a52e-4f735466cecf":"f.73E06E20145AF85821ADC503D3E38742.d.841D29BCDC60CFB84C76EFFBE49533B2.e.310","ELEMENT":"f.73E06E20145AF85821ADC503D3E38742.d.841D29BCDC60CFB84C76EFFBE49533B2.e.310"}]}
RESULT: {}
RESULT: {}
RESULT: {"script":"<script> [8489 bytes]","args":[{"element-6066-11e4-a52e-4f735466cecf":"f.73E06E20145AF85821ADC503D3E38742.d.841D29BCDC60CFB84C76EFFBE49533B2.e.310","ELEMENT":"f.73E06E20145AF85821ADC503D3E38742.d.841D29BCDC60CFB84C76EFFBE49533B2.e.310"}]}
COMMAND: POST /session/a952926708249603da5cc69792e3d2be/execute/sync - {"script":"<script> [5351 bytes]","args":[{"element-6066-11e4-a52e-4f735466cecf":"f.73E06E20145AF85821ADC503D3E38742.d.841D29BCDC60CFB84C76EFFBE49533B2.e.310","ELEMENT":"f.73E06E20145AF85821ADC503D3E38742.d.841D29BCDC60CFB84C76EFFBE49533B2.e.310"}]}
COMMAND: GET /session/a952926708249603da5cc69792e3d2be/screenshot - {}
RESULT: {"script":"<script> [5351 bytes]","args":[{"element-6066-11e4-a52e-4f735466cecf":"f.73E06E20145AF85821ADC503D3E38742.d.841D29BCDC60CFB84C76EFFBE49533B2.e.310","ELEMENT":"f.73E06E20145AF85821ADC503D3E38742.d.841D29BCDC60CFB84C76EFFBE49533B2.e.310"}]}
COMMAND: GET /session/a952926708249603da5cc69792e3d2be/screenshot - {}
COMMAND: POST /session/a952926708249603da5cc69792e3d2be/execute/sync - {"script":"<script> [8489 bytes]","args":[{"element-6066-11e4-a52e-4f735466cecf":"f.73E06E20145AF85821ADC503D3E38742.d.841D29BCDC60CFB84C76EFFBE49533B2.e.310","ELEMENT":"f.73E06E20145AF85821ADC503D3E38742.d.841D29BCDC60CFB84C76EFFBE49533B2.e.310"}]}
RESULT: {}
RESULT: {}
RESULT: {"script":"<script> [8489 bytes]","args":[{"element-6066-11e4-a52e-4f735466cecf":"f.73E06E20145AF85821ADC503D3E38742.d.841D29BCDC60CFB84C76EFFBE49533B2.e.310","ELEMENT":"f.73E06E20145AF85821ADC503D3E38742.d.841D29BCDC60CFB84C76EFFBE49533B2.e.310"}]}
COMMAND: POST /session/a952926708249603da5cc69792e3d2be/execute/sync - {"script":"<script> [5351 bytes]","args":[{"element-6066-11e4-a52e-4f735466cecf":"f.73E06E20145AF85821ADC503D3E38742.d.841D29BCDC60CFB84C76EFFBE49533B2.e.310","ELEMENT":"f.73E06E20145AF85821ADC503D3E38742.d.841D29BCDC60CFB84C76EFFBE49533B2.e.310"}]}
COMMAND: GET /session/a952926708249603da5cc69792e3d2be/screenshot - {}
RESULT: {"script":"<script> [5351 bytes]","args":[{"element-6066-11e4-a52e-4f735466cecf":"f.73E06E20145AF85821ADC503D3E38742.d.841D29BCDC60CFB84C76EFFBE49533B2.e.310","ELEMENT":"f.73E06E20145AF85821ADC503D3E38742.d.841D29BCDC60CFB84C76EFFBE49533B2.e.310"}]}
COMMAND: GET /session/a952926708249603da5cc69792e3d2be/screenshot - {}
COMMAND: POST /session/a952926708249603da5cc69792e3d2be/execute/sync - {"script":"<script> [8489 bytes]","args":[{"element-6066-11e4-a52e-4f735466cecf":"f.73E06E20145AF85821ADC503D3E38742.d.841D29BCDC60CFB84C76EFFBE49533B2.e.310","ELEMENT":"f.73E06E20145AF85821ADC503D3E38742.d.841D29BCDC60CFB84C76EFFBE49533B2.e.310"}]}
RESULT: {}
RESULT: {}
RESULT: {"script":"<script> [8489 bytes]","args":[{"element-6066-11e4-a52e-4f735466cecf":"f.73E06E20145AF85821ADC503D3E38742.d.841D29BCDC60CFB84C76EFFBE49533B2.e.310","ELEMENT":"f.73E06E20145AF85821ADC503D3E38742.d.841D29BCDC60CFB84C76EFFBE49533B2.e.310"}]}
COMMAND: POST /session/a952926708249603da5cc69792e3d2be/execute/sync - {"script":"<script> [5351 bytes]","args":[{"element-6066-11e4-a52e-4f735466cecf":"f.73E06E20145AF85821ADC503D3E38742.d.841D29BCDC60CFB84C76EFFBE49533B2.e.310","ELEMENT":"f.73E06E20145AF85821ADC503D3E38742.d.841D29BCDC60CFB84C76EFFBE49533B2.e.310"}]}
COMMAND: GET /session/a952926708249603da5cc69792e3d2be/screenshot - {}
RESULT: {"script":"<script> [5351 bytes]","args":[{"element-6066-11e4-a52e-4f735466cecf":"f.73E06E20145AF85821ADC503D3E38742.d.841D29BCDC60CFB84C76EFFBE49533B2.e.310","ELEMENT":"f.73E06E20145AF85821ADC503D3E38742.d.841D29BCDC60CFB84C76EFFBE49533B2.e.310"}]}
COMMAND: GET /session/a952926708249603da5cc69792e3d2be/screenshot - {}
COMMAND: POST /session/a952926708249603da5cc69792e3d2be/execute/sync - {"script":"<script> [8489 bytes]","args":[{"element-6066-11e4-a52e-4f735466cecf":"f.73E06E20145AF85821ADC503D3E38742.d.841D29BCDC60CFB84C76EFFBE49533B2.e.310","ELEMENT":"f.73E06E20145AF85821ADC503D3E38742.d.841D29BCDC60CFB84C76EFFBE49533B2.e.310"}]}
RESULT: {}
RESULT: {}
RESULT: {"script":"<script> [8489 bytes]","args":[{"element-6066-11e4-a52e-4f735466cecf":"f.73E06E20145AF85821ADC503D3E38742.d.841D29BCDC60CFB84C76EFFBE49533B2.e.310","ELEMENT":"f.73E06E20145AF85821ADC503D3E38742.d.841D29BCDC60CFB84C76EFFBE49533B2.e.310"}]}
COMMAND: POST /session/a952926708249603da5cc69792e3d2be/execute/sync - {"script":"<script> [5351 bytes]","args":[{"element-6066-11e4-a52e-4f735466cecf":"f.73E06E20145AF85821ADC503D3E38742.d.841D29BCDC60CFB84C76EFFBE49533B2.e.310","ELEMENT":"f.73E06E20145AF85821ADC503D3E38742.d.841D29BCDC60CFB84C76EFFBE49533B2.e.310"}]}
COMMAND: GET /session/a952926708249603da5cc69792e3d2be/screenshot - {}
RESULT: {"script":"<script> [5351 bytes]","args":[{"element-6066-11e4-a52e-4f735466cecf":"f.73E06E20145AF85821ADC503D3E38742.d.841D29BCDC60CFB84C76EFFBE49533B2.e.310","ELEMENT":"f.73E06E20145AF85821ADC503D3E38742.d.841D29BCDC60CFB84C76EFFBE49533B2.e.310"}]}
COMMAND: POST /session/a952926708249603da5cc69792e3d2be/execute/sync - {"script":"<script> [8489 bytes]","args":[{"element-6066-11e4-a52e-4f735466cecf":"f.73E06E20145AF85821ADC503D3E38742.d.841D29BCDC60CFB84C76EFFBE49533B2.e.310","ELEMENT":"f.73E06E20145AF85821ADC503D3E38742.d.841D29BCDC60CFB84C76EFFBE49533B2.e.310"}]}
COMMAND: GET /session/a952926708249603da5cc69792e3d2be/screenshot - {}
RESULT: {}
RESULT: {"script":"<script> [8489 bytes]","args":[{"element-6066-11e4-a52e-4f735466cecf":"f.73E06E20145AF85821ADC503D3E38742.d.841D29BCDC60CFB84C76EFFBE49533B2.e.310","ELEMENT":"f.73E06E20145AF85821ADC503D3E38742.d.841D29BCDC60CFB84C76EFFBE49533B2.e.310"}]}
COMMAND: POST /session/a952926708249603da5cc69792e3d2be/execute/sync - {"script":"<script> [5351 bytes]","args":[{"element-6066-11e4-a52e-4f735466cecf":"f.73E06E20145AF85821ADC503D3E38742.d.841D29BCDC60CFB84C76EFFBE49533B2.e.310","ELEMENT":"f.73E06E20145AF85821ADC503D3E38742.d.841D29BCDC60CFB84C76EFFBE49533B2.e.310"}]}
COMMAND: GET /session/a952926708249603da5cc69792e3d2be/screenshot - {}
RESULT: {}
RESULT: {"script":"<script> [5351 bytes]","args":[{"element-6066-11e4-a52e-4f735466cecf":"f.73E06E20145AF85821ADC503D3E38742.d.841D29BCDC60CFB84C76EFFBE49533B2.e.310","ELEMENT":"f.73E06E20145AF85821ADC503D3E38742.d.841D29BCDC60CFB84C76EFFBE49533B2.e.310"}]}
COMMAND: GET /session/a952926708249603da5cc69792e3d2be/screenshot - {}
COMMAND: POST /session/a952926708249603da5cc69792e3d2be/execute/sync - {"script":"<script> [8489 bytes]","args":[{"element-6066-11e4-a52e-4f735466cecf":"f.73E06E20145AF85821ADC503D3E38742.d.841D29BCDC60CFB84C76EFFBE49533B2.e.310","ELEMENT":"f.73E06E20145AF85821ADC503D3E38742.d.841D29BCDC60CFB84C76EFFBE49533B2.e.310"}]}
RESULT: {}
RESULT: {}
RESULT: {"script":"<script> [8489 bytes]","args":[{"element-6066-11e4-a52e-4f735466cecf":"f.73E06E20145AF85821ADC503D3E38742.d.841D29BCDC60CFB84C76EFFBE49533B2.e.310","ELEMENT":"f.73E06E20145AF85821ADC503D3E38742.d.841D29BCDC60CFB84C76EFFBE49533B2.e.310"}]}
COMMAND: POST /session/a952926708249603da5cc69792e3d2be/execute/sync - {"script":"<script> [5351 bytes]","args":[{"element-6066-11e4-a52e-4f735466cecf":"f.73E06E20145AF85821ADC503D3E38742.d.841D29BCDC60CFB84C76EFFBE49533B2.e.310","ELEMENT":"f.73E06E20145AF85821ADC503D3E38742.d.841D29BCDC60CFB84C76EFFBE49533B2.e.310"}]}
COMMAND: GET /session/a952926708249603da5cc69792e3d2be/screenshot - {}
RESULT: {"script":"<script> [5351 bytes]","args":[{"element-6066-11e4-a52e-4f735466cecf":"f.73E06E20145AF85821ADC503D3E38742.d.841D29BCDC60CFB84C76EFFBE49533B2.e.310","ELEMENT":"f.73E06E20145AF85821ADC503D3E38742.d.841D29BCDC60CFB84C76EFFBE49533B2.e.310"}]}
COMMAND: GET /session/a952926708249603da5cc69792e3d2be/screenshot - {}
COMMAND: POST /session/a952926708249603da5cc69792e3d2be/execute/sync - {"script":"<script> [8489 bytes]","args":[{"element-6066-11e4-a52e-4f735466cecf":"f.73E06E20145AF85821ADC503D3E38742.d.841D29BCDC60CFB84C76EFFBE49533B2.e.310","ELEMENT":"f.73E06E20145AF85821ADC503D3E38742.d.841D29BCDC60CFB84C76EFFBE49533B2.e.310"}]}
RESULT: {}
RESULT: {"script":"<script> [8489 bytes]","args":[{"element-6066-11e4-a52e-4f735466cecf":"f.73E06E20145AF85821ADC503D3E38742.d.841D29BCDC60CFB84C76EFFBE49533B2.e.310","ELEMENT":"f.73E06E20145AF85821ADC503D3E38742.d.841D29BCDC60CFB84C76EFFBE49533B2.e.310"}]}
COMMAND: POST /session/a952926708249603da5cc69792e3d2be/execute/sync - {"script":"<script> [5351 bytes]","args":[{"element-6066-11e4-a52e-4f735466cecf":"f.73E06E20145AF85821ADC503D3E38742.d.841D29BCDC60CFB84C76EFFBE49533B2.e.310","ELEMENT":"f.73E06E20145AF85821ADC503D3E38742.d.841D29BCDC60CFB84C76EFFBE49533B2.e.310"}]}
COMMAND: GET /session/a952926708249603da5cc69792e3d2be/screenshot - {}
RESULT: {}
RESULT: {"script":"<script> [5351 bytes]","args":[{"element-6066-11e4-a52e-4f735466cecf":"f.73E06E20145AF85821ADC503D3E38742.d.841D29BCDC60CFB84C76EFFBE49533B2.e.310","ELEMENT":"f.73E06E20145AF85821ADC503D3E38742.d.841D29BCDC60CFB84C76EFFBE49533B2.e.310"}]}
COMMAND: GET /session/a952926708249603da5cc69792e3d2be/screenshot - {}
COMMAND: POST /session/a952926708249603da5cc69792e3d2be/execute/sync - {"script":"<script> [8489 bytes]","args":[{"element-6066-11e4-a52e-4f735466cecf":"f.73E06E20145AF85821ADC503D3E38742.d.841D29BCDC60CFB84C76EFFBE49533B2.e.310","ELEMENT":"f.73E06E20145AF85821ADC503D3E38742.d.841D29BCDC60CFB84C76EFFBE49533B2.e.310"}]}
RESULT: {}
RESULT: {}
RESULT: {"script":"<script> [8489 bytes]","args":[{"element-6066-11e4-a52e-4f735466cecf":"f.73E06E20145AF85821ADC503D3E38742.d.841D29BCDC60CFB84C76EFFBE49533B2.e.310","ELEMENT":"f.73E06E20145AF85821ADC503D3E38742.d.841D29BCDC60CFB84C76EFFBE49533B2.e.310"}]}
COMMAND: POST /session/a952926708249603da5cc69792e3d2be/execute/sync - {"script":"<script> [5351 bytes]","args":[{"element-6066-11e4-a52e-4f735466cecf":"f.73E06E20145AF85821ADC503D3E38742.d.841D29BCDC60CFB84C76EFFBE49533B2.e.310","ELEMENT":"f.73E06E20145AF85821ADC503D3E38742.d.841D29BCDC60CFB84C76EFFBE49533B2.e.310"}]}
COMMAND: GET /session/a952926708249603da5cc69792e3d2be/screenshot - {}
RESULT: {"script":"<script> [5351 bytes]","args":[{"element-6066-11e4-a52e-4f735466cecf":"f.73E06E20145AF85821ADC503D3E38742.d.841D29BCDC60CFB84C76EFFBE49533B2.e.310","ELEMENT":"f.73E06E20145AF85821ADC503D3E38742.d.841D29BCDC60CFB84C76EFFBE49533B2.e.310"}]}
COMMAND: GET /session/a952926708249603da5cc69792e3d2be/screenshot - {}
COMMAND: POST /session/a952926708249603da5cc69792e3d2be/execute/sync - {"script":"<script> [8489 bytes]","args":[{"element-6066-11e4-a52e-4f735466cecf":"f.73E06E20145AF85821ADC503D3E38742.d.841D29BCDC60CFB84C76EFFBE49533B2.e.310","ELEMENT":"f.73E06E20145AF85821ADC503D3E38742.d.841D29BCDC60CFB84C76EFFBE49533B2.e.310"}]}
RESULT: {}
RESULT: {"script":"<script> [8489 bytes]","args":[{"element-6066-11e4-a52e-4f735466cecf":"f.73E06E20145AF85821ADC503D3E38742.d.841D29BCDC60CFB84C76EFFBE49533B2.e.310","ELEMENT":"f.73E06E20145AF85821ADC503D3E38742.d.841D29BCDC60CFB84C76EFFBE49533B2.e.310"}]}
COMMAND: POST /session/a952926708249603da5cc69792e3d2be/execute/sync - {"script":"<script> [5351 bytes]","args":[{"element-6066-11e4-a52e-4f735466cecf":"f.73E06E20145AF85821ADC503D3E38742.d.841D29BCDC60CFB84C76EFFBE49533B2.e.310","ELEMENT":"f.73E06E20145AF85821ADC503D3E38742.d.841D29BCDC60CFB84C76EFFBE49533B2.e.310"}]}
COMMAND: GET /session/a952926708249603da5cc69792e3d2be/screenshot - {}
RESULT: {}
RESULT: {"script":"<script> [5351 bytes]","args":[{"element-6066-11e4-a52e-4f735466cecf":"f.73E06E20145AF85821ADC503D3E38742.d.841D29BCDC60CFB84C76EFFBE49533B2.e.310","ELEMENT":"f.73E06E20145AF85821ADC503D3E38742.d.841D29BCDC60CFB84C76EFFBE49533B2.e.310"}]}
COMMAND: GET /session/a952926708249603da5cc69792e3d2be/screenshot - {}
COMMAND: POST /session/a952926708249603da5cc69792e3d2be/execute/sync - {"script":"<script> [8489 bytes]","args":[{"element-6066-11e4-a52e-4f735466cecf":"f.73E06E20145AF85821ADC503D3E38742.d.841D29BCDC60CFB84C76EFFBE49533B2.e.310","ELEMENT":"f.73E06E20145AF85821ADC503D3E38742.d.841D29BCDC60CFB84C76EFFBE49533B2.e.310"}]}
RESULT: {}
RESULT: {}
RESULT: {"script":"<script> [8489 bytes]","args":[{"element-6066-11e4-a52e-4f735466cecf":"f.73E06E20145AF85821ADC503D3E38742.d.841D29BCDC60CFB84C76EFFBE49533B2.e.310","ELEMENT":"f.73E06E20145AF85821ADC503D3E38742.d.841D29BCDC60CFB84C76EFFBE49533B2.e.310"}]}
COMMAND: POST /session/a952926708249603da5cc69792e3d2be/execute/sync - {"script":"<script> [5351 bytes]","args":[{"element-6066-11e4-a52e-4f735466cecf":"f.73E06E20145AF85821ADC503D3E38742.d.841D29BCDC60CFB84C76EFFBE49533B2.e.310","ELEMENT":"f.73E06E20145AF85821ADC503D3E38742.d.841D29BCDC60CFB84C76EFFBE49533B2.e.310"}]}
COMMAND: GET /session/a952926708249603da5cc69792e3d2be/screenshot - {}
RESULT: {"script":"<script> [5351 bytes]","args":[{"element-6066-11e4-a52e-4f735466cecf":"f.73E06E20145AF85821ADC503D3E38742.d.841D29BCDC60CFB84C76EFFBE49533B2.e.310","ELEMENT":"f.73E06E20145AF85821ADC503D3E38742.d.841D29BCDC60CFB84C76EFFBE49533B2.e.310"}]}
COMMAND: GET /session/a952926708249603da5cc69792e3d2be/screenshot - {}
COMMAND: POST /session/a952926708249603da5cc69792e3d2be/execute/sync - {"script":"<script> [8489 bytes]","args":[{"element-6066-11e4-a52e-4f735466cecf":"f.73E06E20145AF85821ADC503D3E38742.d.841D29BCDC60CFB84C76EFFBE49533B2.e.310","ELEMENT":"f.73E06E20145AF85821ADC503D3E38742.d.841D29BCDC60CFB84C76EFFBE49533B2.e.310"}]}
RESULT: {}
RESULT: {}
RESULT: {"script":"<script> [8489 bytes]","args":[{"element-6066-11e4-a52e-4f735466cecf":"f.73E06E20145AF85821ADC503D3E38742.d.841D29BCDC60CFB84C76EFFBE49533B2.e.310","ELEMENT":"f.73E06E20145AF85821ADC503D3E38742.d.841D29BCDC60CFB84C76EFFBE49533B2.e.310"}]}
COMMAND: POST /session/a952926708249603da5cc69792e3d2be/execute/sync - {"script":"<script> [5351 bytes]","args":[{"element-6066-11e4-a52e-4f735466cecf":"f.73E06E20145AF85821ADC503D3E38742.d.841D29BCDC60CFB84C76EFFBE49533B2.e.310","ELEMENT":"f.73E06E20145AF85821ADC503D3E38742.d.841D29BCDC60CFB84C76EFFBE49533B2.e.310"}]}
COMMAND: GET /session/a952926708249603da5cc69792e3d2be/screenshot - {}
RESULT: {"script":"<script> [5351 bytes]","args":[{"element-6066-11e4-a52e-4f735466cecf":"f.73E06E20145AF85821ADC503D3E38742.d.841D29BCDC60CFB84C76EFFBE49533B2.e.310","ELEMENT":"f.73E06E20145AF85821ADC503D3E38742.d.841D29BCDC60CFB84C76EFFBE49533B2.e.310"}]}
COMMAND: GET /session/a952926708249603da5cc69792e3d2be/screenshot - {}
COMMAND: POST /session/a952926708249603da5cc69792e3d2be/execute/sync - {"script":"<script> [8489 bytes]","args":[{"element-6066-11e4-a52e-4f735466cecf":"f.73E06E20145AF85821ADC503D3E38742.d.841D29BCDC60CFB84C76EFFBE49533B2.e.310","ELEMENT":"f.73E06E20145AF85821ADC503D3E38742.d.841D29BCDC60CFB84C76EFFBE49533B2.e.310"}]}
RESULT: {}
RESULT: {}
RESULT: {"script":"<script> [8489 bytes]","args":[{"element-6066-11e4-a52e-4f735466cecf":"f.73E06E20145AF85821ADC503D3E38742.d.841D29BCDC60CFB84C76EFFBE49533B2.e.310","ELEMENT":"f.73E06E20145AF85821ADC503D3E38742.d.841D29BCDC60CFB84C76EFFBE49533B2.e.310"}]}
COMMAND: POST /session/a952926708249603da5cc69792e3d2be/execute/sync - {"script":"<script> [5351 bytes]","args":[{"element-6066-11e4-a52e-4f735466cecf":"f.73E06E20145AF85821ADC503D3E38742.d.841D29BCDC60CFB84C76EFFBE49533B2.e.310","ELEMENT":"f.73E06E20145AF85821ADC503D3E38742.d.841D29BCDC60CFB84C76EFFBE49533B2.e.310"}]}
COMMAND: GET /session/a952926708249603da5cc69792e3d2be/screenshot - {}
RESULT: {"script":"<script> [5351 bytes]","args":[{"element-6066-11e4-a52e-4f735466cecf":"f.73E06E20145AF85821ADC503D3E38742.d.841D29BCDC60CFB84C76EFFBE49533B2.e.310","ELEMENT":"f.73E06E20145AF85821ADC503D3E38742.d.841D29BCDC60CFB84C76EFFBE49533B2.e.310"}]}
COMMAND: GET /session/a952926708249603da5cc69792e3d2be/screenshot - {}
COMMAND: POST /session/a952926708249603da5cc69792e3d2be/execute/sync - {"script":"<script> [8489 bytes]","args":[{"element-6066-11e4-a52e-4f735466cecf":"f.73E06E20145AF85821ADC503D3E38742.d.841D29BCDC60CFB84C76EFFBE49533B2.e.310","ELEMENT":"f.73E06E20145AF85821ADC503D3E38742.d.841D29BCDC60CFB84C76EFFBE49533B2.e.310"}]}
RESULT: {}
RESULT: {}
RESULT: {"script":"<script> [8489 bytes]","args":[{"element-6066-11e4-a52e-4f735466cecf":"f.73E06E20145AF85821ADC503D3E38742.d.841D29BCDC60CFB84C76EFFBE49533B2.e.310","ELEMENT":"f.73E06E20145AF85821ADC503D3E38742.d.841D29BCDC60CFB84C76EFFBE49533B2.e.310"}]}
COMMAND: POST /session/a952926708249603da5cc69792e3d2be/execute/sync - {"script":"<script> [5351 bytes]","args":[{"element-6066-11e4-a52e-4f735466cecf":"f.73E06E20145AF85821ADC503D3E38742.d.841D29BCDC60CFB84C76EFFBE49533B2.e.310","ELEMENT":"f.73E06E20145AF85821ADC503D3E38742.d.841D29BCDC60CFB84C76EFFBE49533B2.e.310"}]}
COMMAND: GET /session/a952926708249603da5cc69792e3d2be/screenshot - {}
RESULT: {"script":"<script> [5351 bytes]","args":[{"element-6066-11e4-a52e-4f735466cecf":"f.73E06E20145AF85821ADC503D3E38742.d.841D29BCDC60CFB84C76EFFBE49533B2.e.310","ELEMENT":"f.73E06E20145AF85821ADC503D3E38742.d.841D29BCDC60CFB84C76EFFBE49533B2.e.310"}]}
COMMAND: GET /session/a952926708249603da5cc69792e3d2be/screenshot - {}
COMMAND: POST /session/a952926708249603da5cc69792e3d2be/execute/sync - {"script":"<script> [8489 bytes]","args":[{"element-6066-11e4-a52e-4f735466cecf":"f.73E06E20145AF85821ADC503D3E38742.d.841D29BCDC60CFB84C76EFFBE49533B2.e.310","ELEMENT":"f.73E06E20145AF85821ADC503D3E38742.d.841D29BCDC60CFB84C76EFFBE49533B2.e.310"}]}
RESULT: {}
RESULT: {}
RESULT: {"script":"<script> [8489 bytes]","args":[{"element-6066-11e4-a52e-4f735466cecf":"f.73E06E20145AF85821ADC503D3E38742.d.841D29BCDC60CFB84C76EFFBE49533B2.e.310","ELEMENT":"f.73E06E20145AF85821ADC503D3E38742.d.841D29BCDC60CFB84C76EFFBE49533B2.e.310"}]}
COMMAND: POST /session/a952926708249603da5cc69792e3d2be/execute/sync - {"script":"<script> [5351 bytes]","args":[{"element-6066-11e4-a52e-4f735466cecf":"f.73E06E20145AF85821ADC503D3E38742.d.841D29BCDC60CFB84C76EFFBE49533B2.e.310","ELEMENT":"f.73E06E20145AF85821ADC503D3E38742.d.841D29BCDC60CFB84C76EFFBE49533B2.e.310"}]}
COMMAND: GET /session/a952926708249603da5cc69792e3d2be/screenshot - {}
RESULT: {"script":"<script> [5351 bytes]","args":[{"element-6066-11e4-a52e-4f735466cecf":"f.73E06E20145AF85821ADC503D3E38742.d.841D29BCDC60CFB84C76EFFBE49533B2.e.310","ELEMENT":"f.73E06E20145AF85821ADC503D3E38742.d.841D29BCDC60CFB84C76EFFBE49533B2.e.310"}]}
COMMAND: GET /session/a952926708249603da5cc69792e3d2be/screenshot - {}
COMMAND: POST /session/a952926708249603da5cc69792e3d2be/execute/sync - {"script":"<script> [8489 bytes]","args":[{"element-6066-11e4-a52e-4f735466cecf":"f.73E06E20145AF85821ADC503D3E38742.d.841D29BCDC60CFB84C76EFFBE49533B2.e.310","ELEMENT":"f.73E06E20145AF85821ADC503D3E38742.d.841D29BCDC60CFB84C76EFFBE49533B2.e.310"}]}
RESULT: {}
RESULT: {}
RESULT: {"script":"<script> [8489 bytes]","args":[{"element-6066-11e4-a52e-4f735466cecf":"f.73E06E20145AF85821ADC503D3E38742.d.841D29BCDC60CFB84C76EFFBE49533B2.e.310","ELEMENT":"f.73E06E20145AF85821ADC503D3E38742.d.841D29BCDC60CFB84C76EFFBE49533B2.e.310"}]}
COMMAND: POST /session/a952926708249603da5cc69792e3d2be/execute/sync - {"script":"<script> [5351 bytes]","args":[{"element-6066-11e4-a52e-4f735466cecf":"f.73E06E20145AF85821ADC503D3E38742.d.841D29BCDC60CFB84C76EFFBE49533B2.e.310","ELEMENT":"f.73E06E20145AF85821ADC503D3E38742.d.841D29BCDC60CFB84C76EFFBE49533B2.e.310"}]}
COMMAND: GET /session/a952926708249603da5cc69792e3d2be/screenshot - {}
RESULT: {"script":"<script> [5351 bytes]","args":[{"element-6066-11e4-a52e-4f735466cecf":"f.73E06E20145AF85821ADC503D3E38742.d.841D29BCDC60CFB84C76EFFBE49533B2.e.310","ELEMENT":"f.73E06E20145AF85821ADC503D3E38742.d.841D29BCDC60CFB84C76EFFBE49533B2.e.310"}]}
COMMAND: GET /session/a952926708249603da5cc69792e3d2be/screenshot - {}
COMMAND: POST /session/a952926708249603da5cc69792e3d2be/execute/sync - {"script":"<script> [8489 bytes]","args":[{"element-6066-11e4-a52e-4f735466cecf":"f.73E06E20145AF85821ADC503D3E38742.d.841D29BCDC60CFB84C76EFFBE49533B2.e.310","ELEMENT":"f.73E06E20145AF85821ADC503D3E38742.d.841D29BCDC60CFB84C76EFFBE49533B2.e.310"}]}
RESULT: {}
RESULT: {}
RESULT: {"script":"<script> [8489 bytes]","args":[{"element-6066-11e4-a52e-4f735466cecf":"f.73E06E20145AF85821ADC503D3E38742.d.841D29BCDC60CFB84C76EFFBE49533B2.e.310","ELEMENT":"f.73E06E20145AF85821ADC503D3E38742.d.841D29BCDC60CFB84C76EFFBE49533B2.e.310"}]}
COMMAND: POST /session/a952926708249603da5cc69792e3d2be/execute/sync - {"script":"<script> [5351 bytes]","args":[{"element-6066-11e4-a52e-4f735466cecf":"f.73E06E20145AF85821ADC503D3E38742.d.841D29BCDC60CFB84C76EFFBE49533B2.e.310","ELEMENT":"f.73E06E20145AF85821ADC503D3E38742.d.841D29BCDC60CFB84C76EFFBE49533B2.e.310"}]}
COMMAND: GET /session/a952926708249603da5cc69792e3d2be/screenshot - {}
RESULT: {"script":"<script> [5351 bytes]","args":[{"element-6066-11e4-a52e-4f735466cecf":"f.73E06E20145AF85821ADC503D3E38742.d.841D29BCDC60CFB84C76EFFBE49533B2.e.310","ELEMENT":"f.73E06E20145AF85821ADC503D3E38742.d.841D29BCDC60CFB84C76EFFBE49533B2.e.310"}]}
COMMAND: GET /session/a952926708249603da5cc69792e3d2be/screenshot - {}
COMMAND: POST /session/a952926708249603da5cc69792e3d2be/execute/sync - {"script":"<script> [8489 bytes]","args":[{"element-6066-11e4-a52e-4f735466cecf":"f.73E06E20145AF85821ADC503D3E38742.d.841D29BCDC60CFB84C76EFFBE49533B2.e.310","ELEMENT":"f.73E06E20145AF85821ADC503D3E38742.d.841D29BCDC60CFB84C76EFFBE49533B2.e.310"}]}
RESULT: {}
RESULT: {}
RESULT: {"script":"<script> [8489 bytes]","args":[{"element-6066-11e4-a52e-4f735466cecf":"f.73E06E20145AF85821ADC503D3E38742.d.841D29BCDC60CFB84C76EFFBE49533B2.e.310","ELEMENT":"f.73E06E20145AF85821ADC503D3E38742.d.841D29BCDC60CFB84C76EFFBE49533B2.e.310"}]}
COMMAND: POST /session/a952926708249603da5cc69792e3d2be/execute/sync - {"script":"<script> [5351 bytes]","args":[{"element-6066-11e4-a52e-4f735466cecf":"f.73E06E20145AF85821ADC503D3E38742.d.841D29BCDC60CFB84C76EFFBE49533B2.e.310","ELEMENT":"f.73E06E20145AF85821ADC503D3E38742.d.841D29BCDC60CFB84C76EFFBE49533B2.e.310"}]}
COMMAND: GET /session/a952926708249603da5cc69792e3d2be/screenshot - {}
RESULT: {"script":"<script> [5351 bytes]","args":[{"element-6066-11e4-a52e-4f735466cecf":"f.73E06E20145AF85821ADC503D3E38742.d.841D29BCDC60CFB84C76EFFBE49533B2.e.310","ELEMENT":"f.73E06E20145AF85821ADC503D3E38742.d.841D29BCDC60CFB84C76EFFBE49533B2.e.310"}]}
COMMAND: POST /session/a952926708249603da5cc69792e3d2be/execute/sync - {"script":"<script> [8489 bytes]","args":[{"element-6066-11e4-a52e-4f735466cecf":"f.73E06E20145AF85821ADC503D3E38742.d.841D29BCDC60CFB84C76EFFBE49533B2.e.310","ELEMENT":"f.73E06E20145AF85821ADC503D3E38742.d.841D29BCDC60CFB84C76EFFBE49533B2.e.310"}]}
COMMAND: GET /session/a952926708249603da5cc69792e3d2be/screenshot - {}
RESULT: {}
RESULT: {"script":"<script> [8489 bytes]","args":[{"element-6066-11e4-a52e-4f735466cecf":"f.73E06E20145AF85821ADC503D3E38742.d.841D29BCDC60CFB84C76EFFBE49533B2.e.310","ELEMENT":"f.73E06E20145AF85821ADC503D3E38742.d.841D29BCDC60CFB84C76EFFBE49533B2.e.310"}]}
COMMAND: POST /session/a952926708249603da5cc69792e3d2be/execute/sync - {"script":"<script> [5351 bytes]","args":[{"element-6066-11e4-a52e-4f735466cecf":"f.73E06E20145AF85821ADC503D3E38742.d.841D29BCDC60CFB84C76EFFBE49533B2.e.310","ELEMENT":"f.73E06E20145AF85821ADC503D3E38742.d.841D29BCDC60CFB84C76EFFBE49533B2.e.310"}]}
COMMAND: GET /session/a952926708249603da5cc69792e3d2be/screenshot - {}
RESULT: {}
RESULT: {"script":"<script> [5351 bytes]","args":[{"element-6066-11e4-a52e-4f735466cecf":"f.73E06E20145AF85821ADC503D3E38742.d.841D29BCDC60CFB84C76EFFBE49533B2.e.310","ELEMENT":"f.73E06E20145AF85821ADC503D3E38742.d.841D29BCDC60CFB84C76EFFBE49533B2.e.310"}]}
COMMAND: GET /session/a952926708249603da5cc69792e3d2be/screenshot - {}
COMMAND: POST /session/a952926708249603da5cc69792e3d2be/execute/sync - {"script":"<script> [8489 bytes]","args":[{"element-6066-11e4-a52e-4f735466cecf":"f.73E06E20145AF85821ADC503D3E38742.d.841D29BCDC60CFB84C76EFFBE49533B2.e.310","ELEMENT":"f.73E06E20145AF85821ADC503D3E38742.d.841D29BCDC60CFB84C76EFFBE49533B2.e.310"}]}
RESULT: {}
RESULT: {}
RESULT: {"script":"<script> [8489 bytes]","args":[{"element-6066-11e4-a52e-4f735466cecf":"f.73E06E20145AF85821ADC503D3E38742.d.841D29BCDC60CFB84C76EFFBE49533B2.e.310","ELEMENT":"f.73E06E20145AF85821ADC503D3E38742.d.841D29BCDC60CFB84C76EFFBE49533B2.e.310"}]}
COMMAND: POST /session/a952926708249603da5cc69792e3d2be/execute/sync - {"script":"<script> [5351 bytes]","args":[{"element-6066-11e4-a52e-4f735466cecf":"f.73E06E20145AF85821ADC503D3E38742.d.841D29BCDC60CFB84C76EFFBE49533B2.e.310","ELEMENT":"f.73E06E20145AF85821ADC503D3E38742.d.841D29BCDC60CFB84C76EFFBE49533B2.e.310"}]}
COMMAND: GET /session/a952926708249603da5cc69792e3d2be/screenshot - {}
RESULT: {"script":"<script> [5351 bytes]","args":[{"element-6066-11e4-a52e-4f735466cecf":"f.73E06E20145AF85821ADC503D3E38742.d.841D29BCDC60CFB84C76EFFBE49533B2.e.310","ELEMENT":"f.73E06E20145AF85821ADC503D3E38742.d.841D29BCDC60CFB84C76EFFBE49533B2.e.310"}]}
COMMAND: GET /session/a952926708249603da5cc69792e3d2be/screenshot - {}
COMMAND: POST /session/a952926708249603da5cc69792e3d2be/execute/sync - {"script":"<script> [8489 bytes]","args":[{"element-6066-11e4-a52e-4f735466cecf":"f.73E06E20145AF85821ADC503D3E38742.d.841D29BCDC60CFB84C76EFFBE49533B2.e.310","ELEMENT":"f.73E06E20145AF85821ADC503D3E38742.d.841D29BCDC60CFB84C76EFFBE49533B2.e.310"}]}
RESULT: {}
RESULT: {}
RESULT: {"script":"<script> [8489 bytes]","args":[{"element-6066-11e4-a52e-4f735466cecf":"f.73E06E20145AF85821ADC503D3E38742.d.841D29BCDC60CFB84C76EFFBE49533B2.e.310","ELEMENT":"f.73E06E20145AF85821ADC503D3E38742.d.841D29BCDC60CFB84C76EFFBE49533B2.e.310"}]}
COMMAND: POST /session/a952926708249603da5cc69792e3d2be/execute/sync - {"script":"<script> [5351 bytes]","args":[{"element-6066-11e4-a52e-4f735466cecf":"f.73E06E20145AF85821ADC503D3E38742.d.841D29BCDC60CFB84C76EFFBE49533B2.e.310","ELEMENT":"f.73E06E20145AF85821ADC503D3E38742.d.841D29BCDC60CFB84C76EFFBE49533B2.e.310"}]}
COMMAND: GET /session/a952926708249603da5cc69792e3d2be/screenshot - {}
RESULT: {"script":"<script> [5351 bytes]","args":[{"element-6066-11e4-a52e-4f735466cecf":"f.73E06E20145AF85821ADC503D3E38742.d.841D29BCDC60CFB84C76EFFBE49533B2.e.310","ELEMENT":"f.73E06E20145AF85821ADC503D3E38742.d.841D29BCDC60CFB84C76EFFBE49533B2.e.310"}]}
COMMAND: GET /session/a952926708249603da5cc69792e3d2be/screenshot - {}
COMMAND: POST /session/a952926708249603da5cc69792e3d2be/execute/sync - {"script":"<script> [8489 bytes]","args":[{"element-6066-11e4-a52e-4f735466cecf":"f.73E06E20145AF85821ADC503D3E38742.d.841D29BCDC60CFB84C76EFFBE49533B2.e.310","ELEMENT":"f.73E06E20145AF85821ADC503D3E38742.d.841D29BCDC60CFB84C76EFFBE49533B2.e.310"}]}
RESULT: {}
RESULT: {}
RESULT: {"script":"<script> [8489 bytes]","args":[{"element-6066-11e4-a52e-4f735466cecf":"f.73E06E20145AF85821ADC503D3E38742.d.841D29BCDC60CFB84C76EFFBE49533B2.e.310","ELEMENT":"f.73E06E20145AF85821ADC503D3E38742.d.841D29BCDC60CFB84C76EFFBE49533B2.e.310"}]}
COMMAND: POST /session/a952926708249603da5cc69792e3d2be/execute/sync - {"script":"<script> [5351 bytes]","args":[{"element-6066-11e4-a52e-4f735466cecf":"f.73E06E20145AF85821ADC503D3E38742.d.841D29BCDC60CFB84C76EFFBE49533B2.e.310","ELEMENT":"f.73E06E20145AF85821ADC503D3E38742.d.841D29BCDC60CFB84C76EFFBE49533B2.e.310"}]}
COMMAND: GET /session/a952926708249603da5cc69792e3d2be/screenshot - {}
RESULT: {"script":"<script> [5351 bytes]","args":[{"element-6066-11e4-a52e-4f735466cecf":"f.73E06E20145AF85821ADC503D3E38742.d.841D29BCDC60CFB84C76EFFBE49533B2.e.310","ELEMENT":"f.73E06E20145AF85821ADC503D3E38742.d.841D29BCDC60CFB84C76EFFBE49533B2.e.310"}]}
COMMAND: GET /session/a952926708249603da5cc69792e3d2be/screenshot - {}
COMMAND: POST /session/a952926708249603da5cc69792e3d2be/execute/sync - {"script":"<script> [8489 bytes]","args":[{"element-6066-11e4-a52e-4f735466cecf":"f.73E06E20145AF85821ADC503D3E38742.d.841D29BCDC60CFB84C76EFFBE49533B2.e.310","ELEMENT":"f.73E06E20145AF85821ADC503D3E38742.d.841D29BCDC60CFB84C76EFFBE49533B2.e.310"}]}
RESULT: {}
RESULT: {}
RESULT: {"script":"<script> [8489 bytes]","args":[{"element-6066-11e4-a52e-4f735466cecf":"f.73E06E20145AF85821ADC503D3E38742.d.841D29BCDC60CFB84C76EFFBE49533B2.e.310","ELEMENT":"f.73E06E20145AF85821ADC503D3E38742.d.841D29BCDC60CFB84C76EFFBE49533B2.e.310"}]}
COMMAND: POST /session/a952926708249603da5cc69792e3d2be/execute/sync - {"script":"<script> [5351 bytes]","args":[{"element-6066-11e4-a52e-4f735466cecf":"f.73E06E20145AF85821ADC503D3E38742.d.841D29BCDC60CFB84C76EFFBE49533B2.e.310","ELEMENT":"f.73E06E20145AF85821ADC503D3E38742.d.841D29BCDC60CFB84C76EFFBE49533B2.e.310"}]}
COMMAND: GET /session/a952926708249603da5cc69792e3d2be/screenshot - {}
RESULT: {"script":"<script> [5351 bytes]","args":[{"element-6066-11e4-a52e-4f735466cecf":"f.73E06E20145AF85821ADC503D3E38742.d.841D29BCDC60CFB84C76EFFBE49533B2.e.310","ELEMENT":"f.73E06E20145AF85821ADC503D3E38742.d.841D29BCDC60CFB84C76EFFBE49533B2.e.310"}]}
COMMAND: POST /session/a952926708249603da5cc69792e3d2be/execute/sync - {"script":"<script> [8489 bytes]","args":[{"element-6066-11e4-a52e-4f735466cecf":"f.73E06E20145AF85821ADC503D3E38742.d.841D29BCDC60CFB84C76EFFBE49533B2.e.310","ELEMENT":"f.73E06E20145AF85821ADC503D3E38742.d.841D29BCDC60CFB84C76EFFBE49533B2.e.310"}]}
COMMAND: GET /session/a952926708249603da5cc69792e3d2be/screenshot - {}
RESULT: {}
RESULT: {"script":"<script> [8489 bytes]","args":[{"element-6066-11e4-a52e-4f735466cecf":"f.73E06E20145AF85821ADC503D3E38742.d.841D29BCDC60CFB84C76EFFBE49533B2.e.310","ELEMENT":"f.73E06E20145AF85821ADC503D3E38742.d.841D29BCDC60CFB84C76EFFBE49533B2.e.310"}]}
COMMAND: POST /session/a952926708249603da5cc69792e3d2be/execute/sync - {"script":"<script> [5351 bytes]","args":[{"element-6066-11e4-a52e-4f735466cecf":"f.73E06E20145AF85821ADC503D3E38742.d.841D29BCDC60CFB84C76EFFBE49533B2.e.310","ELEMENT":"f.73E06E20145AF85821ADC503D3E38742.d.841D29BCDC60CFB84C76EFFBE49533B2.e.310"}]}
COMMAND: GET /session/a952926708249603da5cc69792e3d2be/screenshot - {}
RESULT: {}
RESULT: {"script":"<script> [5351 bytes]","args":[{"element-6066-11e4-a52e-4f735466cecf":"f.73E06E20145AF85821ADC503D3E38742.d.841D29BCDC60CFB84C76EFFBE49533B2.e.310","ELEMENT":"f.73E06E20145AF85821ADC503D3E38742.d.841D29BCDC60CFB84C76EFFBE49533B2.e.310"}]}
COMMAND: POST /session/a952926708249603da5cc69792e3d2be/execute/sync - {"script":"<script> [8489 bytes]","args":[{"element-6066-11e4-a52e-4f735466cecf":"f.73E06E20145AF85821ADC503D3E38742.d.841D29BCDC60CFB84C76EFFBE49533B2.e.310","ELEMENT":"f.73E06E20145AF85821ADC503D3E38742.d.841D29BCDC60CFB84C76EFFBE49533B2.e.310"}]}
COMMAND: GET /session/a952926708249603da5cc69792e3d2be/screenshot - {}
RESULT: {}
RESULT: {"script":"<script> [8489 bytes]","args":[{"element-6066-11e4-a52e-4f735466cecf":"f.73E06E20145AF85821ADC503D3E38742.d.841D29BCDC60CFB84C76EFFBE49533B2.e.310","ELEMENT":"f.73E06E20145AF85821ADC503D3E38742.d.841D29BCDC60CFB84C76EFFBE49533B2.e.310"}]}
COMMAND: POST /session/a952926708249603da5cc69792e3d2be/execute/sync - {"script":"<script> [5351 bytes]","args":[{"element-6066-11e4-a52e-4f735466cecf":"f.73E06E20145AF85821ADC503D3E38742.d.841D29BCDC60CFB84C76EFFBE49533B2.e.310","ELEMENT":"f.73E06E20145AF85821ADC503D3E38742.d.841D29BCDC60CFB84C76EFFBE49533B2.e.310"}]}
COMMAND: GET /session/a952926708249603da5cc69792e3d2be/screenshot - {}
RESULT: {}
RESULT: {"script":"<script> [5351 bytes]","args":[{"element-6066-11e4-a52e-4f735466cecf":"f.73E06E20145AF85821ADC503D3E38742.d.841D29BCDC60CFB84C76EFFBE49533B2.e.310","ELEMENT":"f.73E06E20145AF85821ADC503D3E38742.d.841D29BCDC60CFB84C76EFFBE49533B2.e.310"}]}
COMMAND: GET /session/a952926708249603da5cc69792e3d2be/screenshot - {}
COMMAND: POST /session/a952926708249603da5cc69792e3d2be/execute/sync - {"script":"<script> [8489 bytes]","args":[{"element-6066-11e4-a52e-4f735466cecf":"f.73E06E20145AF85821ADC503D3E38742.d.841D29BCDC60CFB84C76EFFBE49533B2.e.310","ELEMENT":"f.73E06E20145AF85821ADC503D3E38742.d.841D29BCDC60CFB84C76EFFBE49533B2.e.310"}]}
RESULT: {}
RESULT: {"script":"<script> [8489 bytes]","args":[{"element-6066-11e4-a52e-4f735466cecf":"f.73E06E20145AF85821ADC503D3E38742.d.841D29BCDC60CFB84C76EFFBE49533B2.e.310","ELEMENT":"f.73E06E20145AF85821ADC503D3E38742.d.841D29BCDC60CFB84C76EFFBE49533B2.e.310"}]}
COMMAND: POST /session/a952926708249603da5cc69792e3d2be/execute/sync - {"script":"<script> [5351 bytes]","args":[{"element-6066-11e4-a52e-4f735466cecf":"f.73E06E20145AF85821ADC503D3E38742.d.841D29BCDC60CFB84C76EFFBE49533B2.e.310","ELEMENT":"f.73E06E20145AF85821ADC503D3E38742.d.841D29BCDC60CFB84C76EFFBE49533B2.e.310"}]}
COMMAND: GET /session/a952926708249603da5cc69792e3d2be/screenshot - {}
RESULT: {}
RESULT: {"script":"<script> [5351 bytes]","args":[{"element-6066-11e4-a52e-4f735466cecf":"f.73E06E20145AF85821ADC503D3E38742.d.841D29BCDC60CFB84C76EFFBE49533B2.e.310","ELEMENT":"f.73E06E20145AF85821ADC503D3E38742.d.841D29BCDC60CFB84C76EFFBE49533B2.e.310"}]}
COMMAND: GET /session/a952926708249603da5cc69792e3d2be/screenshot - {}
COMMAND: POST /session/a952926708249603da5cc69792e3d2be/execute/sync - {"script":"<script> [8489 bytes]","args":[{"element-6066-11e4-a52e-4f735466cecf":"f.73E06E20145AF85821ADC503D3E38742.d.841D29BCDC60CFB84C76EFFBE49533B2.e.310","ELEMENT":"f.73E06E20145AF85821ADC503D3E38742.d.841D29BCDC60CFB84C76EFFBE49533B2.e.310"}]}
RESULT: {}
RESULT: {}
RESULT: {"script":"<script> [8489 bytes]","args":[{"element-6066-11e4-a52e-4f735466cecf":"f.73E06E20145AF85821ADC503D3E38742.d.841D29BCDC60CFB84C76EFFBE49533B2.e.310","ELEMENT":"f.73E06E20145AF85821ADC503D3E38742.d.841D29BCDC60CFB84C76EFFBE49533B2.e.310"}]}
COMMAND: POST /session/a952926708249603da5cc69792e3d2be/execute/sync - {"script":"<script> [5351 bytes]","args":[{"element-6066-11e4-a52e-4f735466cecf":"f.73E06E20145AF85821ADC503D3E38742.d.841D29BCDC60CFB84C76EFFBE49533B2.e.310","ELEMENT":"f.73E06E20145AF85821ADC503D3E38742.d.841D29BCDC60CFB84C76EFFBE49533B2.e.310"}]}
COMMAND: GET /session/a952926708249603da5cc69792e3d2be/screenshot - {}
RESULT: {"script":"<script> [5351 bytes]","args":[{"element-6066-11e4-a52e-4f735466cecf":"f.73E06E20145AF85821ADC503D3E38742.d.841D29BCDC60CFB84C76EFFBE49533B2.e.310","ELEMENT":"f.73E06E20145AF85821ADC503D3E38742.d.841D29BCDC60CFB84C76EFFBE49533B2.e.310"}]}
COMMAND: GET /session/a952926708249603da5cc69792e3d2be/screenshot - {}
COMMAND: POST /session/a952926708249603da5cc69792e3d2be/execute/sync - {"script":"<script> [8489 bytes]","args":[{"element-6066-11e4-a52e-4f735466cecf":"f.73E06E20145AF85821ADC503D3E38742.d.841D29BCDC60CFB84C76EFFBE49533B2.e.310","ELEMENT":"f.73E06E20145AF85821ADC503D3E38742.d.841D29BCDC60CFB84C76EFFBE49533B2.e.310"}]}
RESULT: {}
RESULT: {"script":"<script> [8489 bytes]","args":[{"element-6066-11e4-a52e-4f735466cecf":"f.73E06E20145AF85821ADC503D3E38742.d.841D29BCDC60CFB84C76EFFBE49533B2.e.310","ELEMENT":"f.73E06E20145AF85821ADC503D3E38742.d.841D29BCDC60CFB84C76EFFBE49533B2.e.310"}]}
COMMAND: POST /session/a952926708249603da5cc69792e3d2be/execute/sync - {"script":"<script> [5351 bytes]","args":[{"element-6066-11e4-a52e-4f735466cecf":"f.73E06E20145AF85821ADC503D3E38742.d.841D29BCDC60CFB84C76EFFBE49533B2.e.310","ELEMENT":"f.73E06E20145AF85821ADC503D3E38742.d.841D29BCDC60CFB84C76EFFBE49533B2.e.310"}]}
COMMAND: GET /session/a952926708249603da5cc69792e3d2be/screenshot - {}
RESULT: {}
RESULT: {"script":"<script> [5351 bytes]","args":[{"element-6066-11e4-a52e-4f735466cecf":"f.73E06E20145AF85821ADC503D3E38742.d.841D29BCDC60CFB84C76EFFBE49533B2.e.310","ELEMENT":"f.73E06E20145AF85821ADC503D3E38742.d.841D29BCDC60CFB84C76EFFBE49533B2.e.310"}]}
COMMAND: GET /session/a952926708249603da5cc69792e3d2be/screenshot - {}
COMMAND: POST /session/a952926708249603da5cc69792e3d2be/execute/sync - {"script":"<script> [8489 bytes]","args":[{"element-6066-11e4-a52e-4f735466cecf":"f.73E06E20145AF85821ADC503D3E38742.d.841D29BCDC60CFB84C76EFFBE49533B2.e.310","ELEMENT":"f.73E06E20145AF85821ADC503D3E38742.d.841D29BCDC60CFB84C76EFFBE49533B2.e.310"}]}
RESULT: {}
RESULT: {"script":"<script> [8489 bytes]","args":[{"element-6066-11e4-a52e-4f735466cecf":"f.73E06E20145AF85821ADC503D3E38742.d.841D29BCDC60CFB84C76EFFBE49533B2.e.310","ELEMENT":"f.73E06E20145AF85821ADC503D3E38742.d.841D29BCDC60CFB84C76EFFBE49533B2.e.310"}]}
COMMAND: POST /session/a952926708249603da5cc69792e3d2be/execute/sync - {"script":"<script> [5351 bytes]","args":[{"element-6066-11e4-a52e-4f735466cecf":"f.73E06E20145AF85821ADC503D3E38742.d.841D29BCDC60CFB84C76EFFBE49533B2.e.310","ELEMENT":"f.73E06E20145AF85821ADC503D3E38742.d.841D29BCDC60CFB84C76EFFBE49533B2.e.310"}]}
COMMAND: GET /session/a952926708249603da5cc69792e3d2be/screenshot - {}
COMMAND: GET /session/a952926708249603da5cc69792e3d2be/screenshot - {}
RESULT: {}
RESULT: {"script":"<script> [5351 bytes]","args":[{"element-6066-11e4-a52e-4f735466cecf":"f.73E06E20145AF85821ADC503D3E38742.d.841D29BCDC60CFB84C76EFFBE49533B2.e.310","ELEMENT":"f.73E06E20145AF85821ADC503D3E38742.d.841D29BCDC60CFB84C76EFFBE49533B2.e.310"}]}
COMMAND: GET /session/a952926708249603da5cc69792e3d2be/screenshot - {}
RESULT: {}
RESULT: {}
]]></system-out>
      <system-err><![CDATA[
Error: element ("//button[@data-kt="addNewYardOverflowToolbarButton"]") still not clickable after 45000ms
    at async UtilsPrerequisites.yardCreation (D:\a\1\s\test\specs\BTS\prerequisites-and-utils-functions.js:54:9)
    at async Context.<anonymous> (D:\a\1\s\test\specs\BTS\manage-partners.spec.js:18:41)
]]></system-err>
    </testcase>
    <testcase classname="chrome.136_0_7103_49.windows.Partner_specific_tests_US150819_US151080_US151654_US151176_US103444_US151078_US151079_US151109_US151174_US151175_US151189" name="Should create a new yard prerequisite" time="57.099">
      <skipped />
      <system-out><![CDATA[
COMMAND: POST /session/a952926708249603da5cc69792e3d2be/window/fullscreen - {}
RESULT: {}
RESULT: {}
COMMAND: POST /session/a952926708249603da5cc69792e3d2be/element - {"using":"xpath","value":"//li[.//span[text()=\"Manage Partners\"]]"}
RESULT: {"using":"xpath","value":"//li[.//span[text()=\"Manage Partners\"]]"}
COMMAND: POST /session/a952926708249603da5cc69792e3d2be/element - {"using":"xpath","value":"//li[.//span[text()=\"Manage Partners\"]]"}
RESULT: {"using":"xpath","value":"//li[.//span[text()=\"Manage Partners\"]]"}
COMMAND: POST /session/a952926708249603da5cc69792e3d2be/element - {"using":"css selector","value":"#shell-header-logo"}
RESULT: {"using":"css selector","value":"#shell-header-logo"}
COMMAND: POST /session/a952926708249603da5cc69792e3d2be/element/f.73E06E20145AF85821ADC503D3E38742.d.841D29BCDC60CFB84C76EFFBE49533B2.e.264/click - {}
COMMAND: POST /session/a952926708249603da5cc69792e3d2be/execute/sync - {"script":"<script> [8489 bytes]","args":[{"element-6066-11e4-a52e-4f735466cecf":"f.73E06E20145AF85821ADC503D3E38742.d.841D29BCDC60CFB84C76EFFBE49533B2.e.264","ELEMENT":"f.73E06E20145AF85821ADC503D3E38742.d.841D29BCDC60CFB84C76EFFBE49533B2.e.264"}]}
RESULT: {"script":"<script> [8489 bytes]","args":[{"element-6066-11e4-a52e-4f735466cecf":"f.73E06E20145AF85821ADC503D3E38742.d.841D29BCDC60CFB84C76EFFBE49533B2.e.264","ELEMENT":"f.73E06E20145AF85821ADC503D3E38742.d.841D29BCDC60CFB84C76EFFBE49533B2.e.264"}]}
COMMAND: POST /session/a952926708249603da5cc69792e3d2be/execute/sync - {"script":"<script> [5351 bytes]","args":[{"element-6066-11e4-a52e-4f735466cecf":"f.73E06E20145AF85821ADC503D3E38742.d.841D29BCDC60CFB84C76EFFBE49533B2.e.264","ELEMENT":"f.73E06E20145AF85821ADC503D3E38742.d.841D29BCDC60CFB84C76EFFBE49533B2.e.264"}]}
COMMAND: GET /session/a952926708249603da5cc69792e3d2be/screenshot - {}
RESULT: {"script":"<script> [5351 bytes]","args":[{"element-6066-11e4-a52e-4f735466cecf":"f.73E06E20145AF85821ADC503D3E38742.d.841D29BCDC60CFB84C76EFFBE49533B2.e.264","ELEMENT":"f.73E06E20145AF85821ADC503D3E38742.d.841D29BCDC60CFB84C76EFFBE49533B2.e.264"}]}
COMMAND: GET /session/a952926708249603da5cc69792e3d2be/screenshot - {}
RESULT: {}
RESULT: {}
RESULT: undefined
COMMAND: POST /session/a952926708249603da5cc69792e3d2be/element - {"using":"xpath","value":"//*[@id=\"__tile41\"]"}
RESULT: {"using":"xpath","value":"//*[@id=\"__tile41\"]"}
COMMAND: POST /session/a952926708249603da5cc69792e3d2be/element/f.73E06E20145AF85821ADC503D3E38742.d.841D29BCDC60CFB84C76EFFBE49533B2.e.164/click - {}
COMMAND: POST /session/a952926708249603da5cc69792e3d2be/element - {"using":"xpath","value":"//button[@data-kt=\"addNewYardOverflowToolbarButton\"]"}
RESULT: {"using":"xpath","value":"//button[@data-kt=\"addNewYardOverflowToolbarButton\"]"}
COMMAND: POST /session/a952926708249603da5cc69792e3d2be/elements - {"using":"xpath","value":"//button[@data-kt=\"addNewYardOverflowToolbarButton\"]"}
RESULT: {"using":"xpath","value":"//button[@data-kt=\"addNewYardOverflowToolbarButton\"]"}
COMMAND: POST /session/a952926708249603da5cc69792e3d2be/execute/sync - {"script":"<script> [8489 bytes]","args":[{"element-6066-11e4-a52e-4f735466cecf":"f.73E06E20145AF85821ADC503D3E38742.d.841D29BCDC60CFB84C76EFFBE49533B2.e.310","ELEMENT":"f.73E06E20145AF85821ADC503D3E38742.d.841D29BCDC60CFB84C76EFFBE49533B2.e.310"}]}
RESULT: {"script":"<script> [8489 bytes]","args":[{"element-6066-11e4-a52e-4f735466cecf":"f.73E06E20145AF85821ADC503D3E38742.d.841D29BCDC60CFB84C76EFFBE49533B2.e.310","ELEMENT":"f.73E06E20145AF85821ADC503D3E38742.d.841D29BCDC60CFB84C76EFFBE49533B2.e.310"}]}
COMMAND: GET /session/a952926708249603da5cc69792e3d2be/element/f.73E06E20145AF85821ADC503D3E38742.d.841D29BCDC60CFB84C76EFFBE49533B2.e.310/enabled - {}
COMMAND: GET /session/a952926708249603da5cc69792e3d2be/screenshot - {}
RESULT: {}
COMMAND: POST /session/a952926708249603da5cc69792e3d2be/execute/sync - {"script":"<script> [8489 bytes]","args":[{"element-6066-11e4-a52e-4f735466cecf":"f.73E06E20145AF85821ADC503D3E38742.d.841D29BCDC60CFB84C76EFFBE49533B2.e.310","ELEMENT":"f.73E06E20145AF85821ADC503D3E38742.d.841D29BCDC60CFB84C76EFFBE49533B2.e.310"}]}
COMMAND: GET /session/a952926708249603da5cc69792e3d2be/screenshot - {}
RESULT: {}
RESULT: {"script":"<script> [8489 bytes]","args":[{"element-6066-11e4-a52e-4f735466cecf":"f.73E06E20145AF85821ADC503D3E38742.d.841D29BCDC60CFB84C76EFFBE49533B2.e.310","ELEMENT":"f.73E06E20145AF85821ADC503D3E38742.d.841D29BCDC60CFB84C76EFFBE49533B2.e.310"}]}
COMMAND: POST /session/a952926708249603da5cc69792e3d2be/execute/sync - {"script":"<script> [5351 bytes]","args":[{"element-6066-11e4-a52e-4f735466cecf":"f.73E06E20145AF85821ADC503D3E38742.d.841D29BCDC60CFB84C76EFFBE49533B2.e.310","ELEMENT":"f.73E06E20145AF85821ADC503D3E38742.d.841D29BCDC60CFB84C76EFFBE49533B2.e.310"}]}
COMMAND: GET /session/a952926708249603da5cc69792e3d2be/screenshot - {}
RESULT: {}
RESULT: {"script":"<script> [5351 bytes]","args":[{"element-6066-11e4-a52e-4f735466cecf":"f.73E06E20145AF85821ADC503D3E38742.d.841D29BCDC60CFB84C76EFFBE49533B2.e.310","ELEMENT":"f.73E06E20145AF85821ADC503D3E38742.d.841D29BCDC60CFB84C76EFFBE49533B2.e.310"}]}
COMMAND: GET /session/a952926708249603da5cc69792e3d2be/screenshot - {}
COMMAND: POST /session/a952926708249603da5cc69792e3d2be/execute/sync - {"script":"<script> [8489 bytes]","args":[{"element-6066-11e4-a52e-4f735466cecf":"f.73E06E20145AF85821ADC503D3E38742.d.841D29BCDC60CFB84C76EFFBE49533B2.e.310","ELEMENT":"f.73E06E20145AF85821ADC503D3E38742.d.841D29BCDC60CFB84C76EFFBE49533B2.e.310"}]}
RESULT: {}
RESULT: {}
RESULT: {"script":"<script> [8489 bytes]","args":[{"element-6066-11e4-a52e-4f735466cecf":"f.73E06E20145AF85821ADC503D3E38742.d.841D29BCDC60CFB84C76EFFBE49533B2.e.310","ELEMENT":"f.73E06E20145AF85821ADC503D3E38742.d.841D29BCDC60CFB84C76EFFBE49533B2.e.310"}]}
COMMAND: POST /session/a952926708249603da5cc69792e3d2be/execute/sync - {"script":"<script> [5351 bytes]","args":[{"element-6066-11e4-a52e-4f735466cecf":"f.73E06E20145AF85821ADC503D3E38742.d.841D29BCDC60CFB84C76EFFBE49533B2.e.310","ELEMENT":"f.73E06E20145AF85821ADC503D3E38742.d.841D29BCDC60CFB84C76EFFBE49533B2.e.310"}]}
COMMAND: GET /session/a952926708249603da5cc69792e3d2be/screenshot - {}
RESULT: {"script":"<script> [5351 bytes]","args":[{"element-6066-11e4-a52e-4f735466cecf":"f.73E06E20145AF85821ADC503D3E38742.d.841D29BCDC60CFB84C76EFFBE49533B2.e.310","ELEMENT":"f.73E06E20145AF85821ADC503D3E38742.d.841D29BCDC60CFB84C76EFFBE49533B2.e.310"}]}
COMMAND: GET /session/a952926708249603da5cc69792e3d2be/screenshot - {}
COMMAND: POST /session/a952926708249603da5cc69792e3d2be/execute/sync - {"script":"<script> [8489 bytes]","args":[{"element-6066-11e4-a52e-4f735466cecf":"f.73E06E20145AF85821ADC503D3E38742.d.841D29BCDC60CFB84C76EFFBE49533B2.e.310","ELEMENT":"f.73E06E20145AF85821ADC503D3E38742.d.841D29BCDC60CFB84C76EFFBE49533B2.e.310"}]}
RESULT: {}
RESULT: {}
RESULT: {"script":"<script> [8489 bytes]","args":[{"element-6066-11e4-a52e-4f735466cecf":"f.73E06E20145AF85821ADC503D3E38742.d.841D29BCDC60CFB84C76EFFBE49533B2.e.310","ELEMENT":"f.73E06E20145AF85821ADC503D3E38742.d.841D29BCDC60CFB84C76EFFBE49533B2.e.310"}]}
COMMAND: POST /session/a952926708249603da5cc69792e3d2be/execute/sync - {"script":"<script> [5351 bytes]","args":[{"element-6066-11e4-a52e-4f735466cecf":"f.73E06E20145AF85821ADC503D3E38742.d.841D29BCDC60CFB84C76EFFBE49533B2.e.310","ELEMENT":"f.73E06E20145AF85821ADC503D3E38742.d.841D29BCDC60CFB84C76EFFBE49533B2.e.310"}]}
COMMAND: GET /session/a952926708249603da5cc69792e3d2be/screenshot - {}
RESULT: {"script":"<script> [5351 bytes]","args":[{"element-6066-11e4-a52e-4f735466cecf":"f.73E06E20145AF85821ADC503D3E38742.d.841D29BCDC60CFB84C76EFFBE49533B2.e.310","ELEMENT":"f.73E06E20145AF85821ADC503D3E38742.d.841D29BCDC60CFB84C76EFFBE49533B2.e.310"}]}
COMMAND: POST /session/a952926708249603da5cc69792e3d2be/execute/sync - {"script":"<script> [8489 bytes]","args":[{"element-6066-11e4-a52e-4f735466cecf":"f.73E06E20145AF85821ADC503D3E38742.d.841D29BCDC60CFB84C76EFFBE49533B2.e.310","ELEMENT":"f.73E06E20145AF85821ADC503D3E38742.d.841D29BCDC60CFB84C76EFFBE49533B2.e.310"}]}
COMMAND: GET /session/a952926708249603da5cc69792e3d2be/screenshot - {}
RESULT: {}
RESULT: {"script":"<script> [8489 bytes]","args":[{"element-6066-11e4-a52e-4f735466cecf":"f.73E06E20145AF85821ADC503D3E38742.d.841D29BCDC60CFB84C76EFFBE49533B2.e.310","ELEMENT":"f.73E06E20145AF85821ADC503D3E38742.d.841D29BCDC60CFB84C76EFFBE49533B2.e.310"}]}
COMMAND: POST /session/a952926708249603da5cc69792e3d2be/execute/sync - {"script":"<script> [5351 bytes]","args":[{"element-6066-11e4-a52e-4f735466cecf":"f.73E06E20145AF85821ADC503D3E38742.d.841D29BCDC60CFB84C76EFFBE49533B2.e.310","ELEMENT":"f.73E06E20145AF85821ADC503D3E38742.d.841D29BCDC60CFB84C76EFFBE49533B2.e.310"}]}
COMMAND: GET /session/a952926708249603da5cc69792e3d2be/screenshot - {}
RESULT: {}
RESULT: {"script":"<script> [5351 bytes]","args":[{"element-6066-11e4-a52e-4f735466cecf":"f.73E06E20145AF85821ADC503D3E38742.d.841D29BCDC60CFB84C76EFFBE49533B2.e.310","ELEMENT":"f.73E06E20145AF85821ADC503D3E38742.d.841D29BCDC60CFB84C76EFFBE49533B2.e.310"}]}
COMMAND: GET /session/a952926708249603da5cc69792e3d2be/screenshot - {}
COMMAND: POST /session/a952926708249603da5cc69792e3d2be/execute/sync - {"script":"<script> [8489 bytes]","args":[{"element-6066-11e4-a52e-4f735466cecf":"f.73E06E20145AF85821ADC503D3E38742.d.841D29BCDC60CFB84C76EFFBE49533B2.e.310","ELEMENT":"f.73E06E20145AF85821ADC503D3E38742.d.841D29BCDC60CFB84C76EFFBE49533B2.e.310"}]}
RESULT: {}
RESULT: {}
RESULT: {"script":"<script> [8489 bytes]","args":[{"element-6066-11e4-a52e-4f735466cecf":"f.73E06E20145AF85821ADC503D3E38742.d.841D29BCDC60CFB84C76EFFBE49533B2.e.310","ELEMENT":"f.73E06E20145AF85821ADC503D3E38742.d.841D29BCDC60CFB84C76EFFBE49533B2.e.310"}]}
COMMAND: POST /session/a952926708249603da5cc69792e3d2be/execute/sync - {"script":"<script> [5351 bytes]","args":[{"element-6066-11e4-a52e-4f735466cecf":"f.73E06E20145AF85821ADC503D3E38742.d.841D29BCDC60CFB84C76EFFBE49533B2.e.310","ELEMENT":"f.73E06E20145AF85821ADC503D3E38742.d.841D29BCDC60CFB84C76EFFBE49533B2.e.310"}]}
COMMAND: GET /session/a952926708249603da5cc69792e3d2be/screenshot - {}
RESULT: {"script":"<script> [5351 bytes]","args":[{"element-6066-11e4-a52e-4f735466cecf":"f.73E06E20145AF85821ADC503D3E38742.d.841D29BCDC60CFB84C76EFFBE49533B2.e.310","ELEMENT":"f.73E06E20145AF85821ADC503D3E38742.d.841D29BCDC60CFB84C76EFFBE49533B2.e.310"}]}
COMMAND: GET /session/a952926708249603da5cc69792e3d2be/screenshot - {}
COMMAND: POST /session/a952926708249603da5cc69792e3d2be/execute/sync - {"script":"<script> [8489 bytes]","args":[{"element-6066-11e4-a52e-4f735466cecf":"f.73E06E20145AF85821ADC503D3E38742.d.841D29BCDC60CFB84C76EFFBE49533B2.e.310","ELEMENT":"f.73E06E20145AF85821ADC503D3E38742.d.841D29BCDC60CFB84C76EFFBE49533B2.e.310"}]}
RESULT: {}
RESULT: {"script":"<script> [8489 bytes]","args":[{"element-6066-11e4-a52e-4f735466cecf":"f.73E06E20145AF85821ADC503D3E38742.d.841D29BCDC60CFB84C76EFFBE49533B2.e.310","ELEMENT":"f.73E06E20145AF85821ADC503D3E38742.d.841D29BCDC60CFB84C76EFFBE49533B2.e.310"}]}
COMMAND: POST /session/a952926708249603da5cc69792e3d2be/execute/sync - {"script":"<script> [5351 bytes]","args":[{"element-6066-11e4-a52e-4f735466cecf":"f.73E06E20145AF85821ADC503D3E38742.d.841D29BCDC60CFB84C76EFFBE49533B2.e.310","ELEMENT":"f.73E06E20145AF85821ADC503D3E38742.d.841D29BCDC60CFB84C76EFFBE49533B2.e.310"}]}
COMMAND: GET /session/a952926708249603da5cc69792e3d2be/screenshot - {}
RESULT: {}
RESULT: {"script":"<script> [5351 bytes]","args":[{"element-6066-11e4-a52e-4f735466cecf":"f.73E06E20145AF85821ADC503D3E38742.d.841D29BCDC60CFB84C76EFFBE49533B2.e.310","ELEMENT":"f.73E06E20145AF85821ADC503D3E38742.d.841D29BCDC60CFB84C76EFFBE49533B2.e.310"}]}
COMMAND: GET /session/a952926708249603da5cc69792e3d2be/screenshot - {}
COMMAND: POST /session/a952926708249603da5cc69792e3d2be/execute/sync - {"script":"<script> [8489 bytes]","args":[{"element-6066-11e4-a52e-4f735466cecf":"f.73E06E20145AF85821ADC503D3E38742.d.841D29BCDC60CFB84C76EFFBE49533B2.e.310","ELEMENT":"f.73E06E20145AF85821ADC503D3E38742.d.841D29BCDC60CFB84C76EFFBE49533B2.e.310"}]}
RESULT: {}
RESULT: {}
RESULT: {"script":"<script> [8489 bytes]","args":[{"element-6066-11e4-a52e-4f735466cecf":"f.73E06E20145AF85821ADC503D3E38742.d.841D29BCDC60CFB84C76EFFBE49533B2.e.310","ELEMENT":"f.73E06E20145AF85821ADC503D3E38742.d.841D29BCDC60CFB84C76EFFBE49533B2.e.310"}]}
COMMAND: POST /session/a952926708249603da5cc69792e3d2be/execute/sync - {"script":"<script> [5351 bytes]","args":[{"element-6066-11e4-a52e-4f735466cecf":"f.73E06E20145AF85821ADC503D3E38742.d.841D29BCDC60CFB84C76EFFBE49533B2.e.310","ELEMENT":"f.73E06E20145AF85821ADC503D3E38742.d.841D29BCDC60CFB84C76EFFBE49533B2.e.310"}]}
COMMAND: GET /session/a952926708249603da5cc69792e3d2be/screenshot - {}
RESULT: {"script":"<script> [5351 bytes]","args":[{"element-6066-11e4-a52e-4f735466cecf":"f.73E06E20145AF85821ADC503D3E38742.d.841D29BCDC60CFB84C76EFFBE49533B2.e.310","ELEMENT":"f.73E06E20145AF85821ADC503D3E38742.d.841D29BCDC60CFB84C76EFFBE49533B2.e.310"}]}
COMMAND: GET /session/a952926708249603da5cc69792e3d2be/screenshot - {}
COMMAND: POST /session/a952926708249603da5cc69792e3d2be/execute/sync - {"script":"<script> [8489 bytes]","args":[{"element-6066-11e4-a52e-4f735466cecf":"f.73E06E20145AF85821ADC503D3E38742.d.841D29BCDC60CFB84C76EFFBE49533B2.e.310","ELEMENT":"f.73E06E20145AF85821ADC503D3E38742.d.841D29BCDC60CFB84C76EFFBE49533B2.e.310"}]}
RESULT: {}
RESULT: {}
RESULT: {"script":"<script> [8489 bytes]","args":[{"element-6066-11e4-a52e-4f735466cecf":"f.73E06E20145AF85821ADC503D3E38742.d.841D29BCDC60CFB84C76EFFBE49533B2.e.310","ELEMENT":"f.73E06E20145AF85821ADC503D3E38742.d.841D29BCDC60CFB84C76EFFBE49533B2.e.310"}]}
COMMAND: POST /session/a952926708249603da5cc69792e3d2be/execute/sync - {"script":"<script> [5351 bytes]","args":[{"element-6066-11e4-a52e-4f735466cecf":"f.73E06E20145AF85821ADC503D3E38742.d.841D29BCDC60CFB84C76EFFBE49533B2.e.310","ELEMENT":"f.73E06E20145AF85821ADC503D3E38742.d.841D29BCDC60CFB84C76EFFBE49533B2.e.310"}]}
COMMAND: GET /session/a952926708249603da5cc69792e3d2be/screenshot - {}
RESULT: {"script":"<script> [5351 bytes]","args":[{"element-6066-11e4-a52e-4f735466cecf":"f.73E06E20145AF85821ADC503D3E38742.d.841D29BCDC60CFB84C76EFFBE49533B2.e.310","ELEMENT":"f.73E06E20145AF85821ADC503D3E38742.d.841D29BCDC60CFB84C76EFFBE49533B2.e.310"}]}
COMMAND: GET /session/a952926708249603da5cc69792e3d2be/screenshot - {}
COMMAND: POST /session/a952926708249603da5cc69792e3d2be/execute/sync - {"script":"<script> [8489 bytes]","args":[{"element-6066-11e4-a52e-4f735466cecf":"f.73E06E20145AF85821ADC503D3E38742.d.841D29BCDC60CFB84C76EFFBE49533B2.e.310","ELEMENT":"f.73E06E20145AF85821ADC503D3E38742.d.841D29BCDC60CFB84C76EFFBE49533B2.e.310"}]}
RESULT: {}
RESULT: {}
RESULT: {"script":"<script> [8489 bytes]","args":[{"element-6066-11e4-a52e-4f735466cecf":"f.73E06E20145AF85821ADC503D3E38742.d.841D29BCDC60CFB84C76EFFBE49533B2.e.310","ELEMENT":"f.73E06E20145AF85821ADC503D3E38742.d.841D29BCDC60CFB84C76EFFBE49533B2.e.310"}]}
COMMAND: POST /session/a952926708249603da5cc69792e3d2be/execute/sync - {"script":"<script> [5351 bytes]","args":[{"element-6066-11e4-a52e-4f735466cecf":"f.73E06E20145AF85821ADC503D3E38742.d.841D29BCDC60CFB84C76EFFBE49533B2.e.310","ELEMENT":"f.73E06E20145AF85821ADC503D3E38742.d.841D29BCDC60CFB84C76EFFBE49533B2.e.310"}]}
COMMAND: GET /session/a952926708249603da5cc69792e3d2be/screenshot - {}
RESULT: {"script":"<script> [5351 bytes]","args":[{"element-6066-11e4-a52e-4f735466cecf":"f.73E06E20145AF85821ADC503D3E38742.d.841D29BCDC60CFB84C76EFFBE49533B2.e.310","ELEMENT":"f.73E06E20145AF85821ADC503D3E38742.d.841D29BCDC60CFB84C76EFFBE49533B2.e.310"}]}
COMMAND: GET /session/a952926708249603da5cc69792e3d2be/screenshot - {}
COMMAND: POST /session/a952926708249603da5cc69792e3d2be/execute/sync - {"script":"<script> [8489 bytes]","args":[{"element-6066-11e4-a52e-4f735466cecf":"f.73E06E20145AF85821ADC503D3E38742.d.841D29BCDC60CFB84C76EFFBE49533B2.e.310","ELEMENT":"f.73E06E20145AF85821ADC503D3E38742.d.841D29BCDC60CFB84C76EFFBE49533B2.e.310"}]}
RESULT: {}
RESULT: {}
RESULT: {"script":"<script> [8489 bytes]","args":[{"element-6066-11e4-a52e-4f735466cecf":"f.73E06E20145AF85821ADC503D3E38742.d.841D29BCDC60CFB84C76EFFBE49533B2.e.310","ELEMENT":"f.73E06E20145AF85821ADC503D3E38742.d.841D29BCDC60CFB84C76EFFBE49533B2.e.310"}]}
COMMAND: POST /session/a952926708249603da5cc69792e3d2be/execute/sync - {"script":"<script> [5351 bytes]","args":[{"element-6066-11e4-a52e-4f735466cecf":"f.73E06E20145AF85821ADC503D3E38742.d.841D29BCDC60CFB84C76EFFBE49533B2.e.310","ELEMENT":"f.73E06E20145AF85821ADC503D3E38742.d.841D29BCDC60CFB84C76EFFBE49533B2.e.310"}]}
COMMAND: GET /session/a952926708249603da5cc69792e3d2be/screenshot - {}
RESULT: {"script":"<script> [5351 bytes]","args":[{"element-6066-11e4-a52e-4f735466cecf":"f.73E06E20145AF85821ADC503D3E38742.d.841D29BCDC60CFB84C76EFFBE49533B2.e.310","ELEMENT":"f.73E06E20145AF85821ADC503D3E38742.d.841D29BCDC60CFB84C76EFFBE49533B2.e.310"}]}
COMMAND: POST /session/a952926708249603da5cc69792e3d2be/execute/sync - {"script":"<script> [8489 bytes]","args":[{"element-6066-11e4-a52e-4f735466cecf":"f.73E06E20145AF85821ADC503D3E38742.d.841D29BCDC60CFB84C76EFFBE49533B2.e.310","ELEMENT":"f.73E06E20145AF85821ADC503D3E38742.d.841D29BCDC60CFB84C76EFFBE49533B2.e.310"}]}
COMMAND: GET /session/a952926708249603da5cc69792e3d2be/screenshot - {}
RESULT: {}
RESULT: {"script":"<script> [8489 bytes]","args":[{"element-6066-11e4-a52e-4f735466cecf":"f.73E06E20145AF85821ADC503D3E38742.d.841D29BCDC60CFB84C76EFFBE49533B2.e.310","ELEMENT":"f.73E06E20145AF85821ADC503D3E38742.d.841D29BCDC60CFB84C76EFFBE49533B2.e.310"}]}
COMMAND: POST /session/a952926708249603da5cc69792e3d2be/execute/sync - {"script":"<script> [5351 bytes]","args":[{"element-6066-11e4-a52e-4f735466cecf":"f.73E06E20145AF85821ADC503D3E38742.d.841D29BCDC60CFB84C76EFFBE49533B2.e.310","ELEMENT":"f.73E06E20145AF85821ADC503D3E38742.d.841D29BCDC60CFB84C76EFFBE49533B2.e.310"}]}
COMMAND: GET /session/a952926708249603da5cc69792e3d2be/screenshot - {}
RESULT: {}
RESULT: {"script":"<script> [5351 bytes]","args":[{"element-6066-11e4-a52e-4f735466cecf":"f.73E06E20145AF85821ADC503D3E38742.d.841D29BCDC60CFB84C76EFFBE49533B2.e.310","ELEMENT":"f.73E06E20145AF85821ADC503D3E38742.d.841D29BCDC60CFB84C76EFFBE49533B2.e.310"}]}
COMMAND: POST /session/a952926708249603da5cc69792e3d2be/execute/sync - {"script":"<script> [8489 bytes]","args":[{"element-6066-11e4-a52e-4f735466cecf":"f.73E06E20145AF85821ADC503D3E38742.d.841D29BCDC60CFB84C76EFFBE49533B2.e.310","ELEMENT":"f.73E06E20145AF85821ADC503D3E38742.d.841D29BCDC60CFB84C76EFFBE49533B2.e.310"}]}
COMMAND: GET /session/a952926708249603da5cc69792e3d2be/screenshot - {}
RESULT: {}
RESULT: {"script":"<script> [8489 bytes]","args":[{"element-6066-11e4-a52e-4f735466cecf":"f.73E06E20145AF85821ADC503D3E38742.d.841D29BCDC60CFB84C76EFFBE49533B2.e.310","ELEMENT":"f.73E06E20145AF85821ADC503D3E38742.d.841D29BCDC60CFB84C76EFFBE49533B2.e.310"}]}
COMMAND: POST /session/a952926708249603da5cc69792e3d2be/execute/sync - {"script":"<script> [5351 bytes]","args":[{"element-6066-11e4-a52e-4f735466cecf":"f.73E06E20145AF85821ADC503D3E38742.d.841D29BCDC60CFB84C76EFFBE49533B2.e.310","ELEMENT":"f.73E06E20145AF85821ADC503D3E38742.d.841D29BCDC60CFB84C76EFFBE49533B2.e.310"}]}
COMMAND: GET /session/a952926708249603da5cc69792e3d2be/screenshot - {}
RESULT: {}
RESULT: {"script":"<script> [5351 bytes]","args":[{"element-6066-11e4-a52e-4f735466cecf":"f.73E06E20145AF85821ADC503D3E38742.d.841D29BCDC60CFB84C76EFFBE49533B2.e.310","ELEMENT":"f.73E06E20145AF85821ADC503D3E38742.d.841D29BCDC60CFB84C76EFFBE49533B2.e.310"}]}
COMMAND: GET /session/a952926708249603da5cc69792e3d2be/screenshot - {}
COMMAND: POST /session/a952926708249603da5cc69792e3d2be/execute/sync - {"script":"<script> [8489 bytes]","args":[{"element-6066-11e4-a52e-4f735466cecf":"f.73E06E20145AF85821ADC503D3E38742.d.841D29BCDC60CFB84C76EFFBE49533B2.e.310","ELEMENT":"f.73E06E20145AF85821ADC503D3E38742.d.841D29BCDC60CFB84C76EFFBE49533B2.e.310"}]}
RESULT: {}
RESULT: {}
RESULT: {"script":"<script> [8489 bytes]","args":[{"element-6066-11e4-a52e-4f735466cecf":"f.73E06E20145AF85821ADC503D3E38742.d.841D29BCDC60CFB84C76EFFBE49533B2.e.310","ELEMENT":"f.73E06E20145AF85821ADC503D3E38742.d.841D29BCDC60CFB84C76EFFBE49533B2.e.310"}]}
COMMAND: POST /session/a952926708249603da5cc69792e3d2be/execute/sync - {"script":"<script> [5351 bytes]","args":[{"element-6066-11e4-a52e-4f735466cecf":"f.73E06E20145AF85821ADC503D3E38742.d.841D29BCDC60CFB84C76EFFBE49533B2.e.310","ELEMENT":"f.73E06E20145AF85821ADC503D3E38742.d.841D29BCDC60CFB84C76EFFBE49533B2.e.310"}]}
COMMAND: GET /session/a952926708249603da5cc69792e3d2be/screenshot - {}
RESULT: {"script":"<script> [5351 bytes]","args":[{"element-6066-11e4-a52e-4f735466cecf":"f.73E06E20145AF85821ADC503D3E38742.d.841D29BCDC60CFB84C76EFFBE49533B2.e.310","ELEMENT":"f.73E06E20145AF85821ADC503D3E38742.d.841D29BCDC60CFB84C76EFFBE49533B2.e.310"}]}
COMMAND: GET /session/a952926708249603da5cc69792e3d2be/screenshot - {}
COMMAND: POST /session/a952926708249603da5cc69792e3d2be/execute/sync - {"script":"<script> [8489 bytes]","args":[{"element-6066-11e4-a52e-4f735466cecf":"f.73E06E20145AF85821ADC503D3E38742.d.841D29BCDC60CFB84C76EFFBE49533B2.e.310","ELEMENT":"f.73E06E20145AF85821ADC503D3E38742.d.841D29BCDC60CFB84C76EFFBE49533B2.e.310"}]}
RESULT: {}
RESULT: {}
RESULT: {"script":"<script> [8489 bytes]","args":[{"element-6066-11e4-a52e-4f735466cecf":"f.73E06E20145AF85821ADC503D3E38742.d.841D29BCDC60CFB84C76EFFBE49533B2.e.310","ELEMENT":"f.73E06E20145AF85821ADC503D3E38742.d.841D29BCDC60CFB84C76EFFBE49533B2.e.310"}]}
COMMAND: POST /session/a952926708249603da5cc69792e3d2be/execute/sync - {"script":"<script> [5351 bytes]","args":[{"element-6066-11e4-a52e-4f735466cecf":"f.73E06E20145AF85821ADC503D3E38742.d.841D29BCDC60CFB84C76EFFBE49533B2.e.310","ELEMENT":"f.73E06E20145AF85821ADC503D3E38742.d.841D29BCDC60CFB84C76EFFBE49533B2.e.310"}]}
COMMAND: GET /session/a952926708249603da5cc69792e3d2be/screenshot - {}
RESULT: {"script":"<script> [5351 bytes]","args":[{"element-6066-11e4-a52e-4f735466cecf":"f.73E06E20145AF85821ADC503D3E38742.d.841D29BCDC60CFB84C76EFFBE49533B2.e.310","ELEMENT":"f.73E06E20145AF85821ADC503D3E38742.d.841D29BCDC60CFB84C76EFFBE49533B2.e.310"}]}
COMMAND: POST /session/a952926708249603da5cc69792e3d2be/execute/sync - {"script":"<script> [8489 bytes]","args":[{"element-6066-11e4-a52e-4f735466cecf":"f.73E06E20145AF85821ADC503D3E38742.d.841D29BCDC60CFB84C76EFFBE49533B2.e.310","ELEMENT":"f.73E06E20145AF85821ADC503D3E38742.d.841D29BCDC60CFB84C76EFFBE49533B2.e.310"}]}
COMMAND: GET /session/a952926708249603da5cc69792e3d2be/screenshot - {}
RESULT: {}
RESULT: {"script":"<script> [8489 bytes]","args":[{"element-6066-11e4-a52e-4f735466cecf":"f.73E06E20145AF85821ADC503D3E38742.d.841D29BCDC60CFB84C76EFFBE49533B2.e.310","ELEMENT":"f.73E06E20145AF85821ADC503D3E38742.d.841D29BCDC60CFB84C76EFFBE49533B2.e.310"}]}
COMMAND: POST /session/a952926708249603da5cc69792e3d2be/execute/sync - {"script":"<script> [5351 bytes]","args":[{"element-6066-11e4-a52e-4f735466cecf":"f.73E06E20145AF85821ADC503D3E38742.d.841D29BCDC60CFB84C76EFFBE49533B2.e.310","ELEMENT":"f.73E06E20145AF85821ADC503D3E38742.d.841D29BCDC60CFB84C76EFFBE49533B2.e.310"}]}
COMMAND: GET /session/a952926708249603da5cc69792e3d2be/screenshot - {}
RESULT: {}
RESULT: {"script":"<script> [5351 bytes]","args":[{"element-6066-11e4-a52e-4f735466cecf":"f.73E06E20145AF85821ADC503D3E38742.d.841D29BCDC60CFB84C76EFFBE49533B2.e.310","ELEMENT":"f.73E06E20145AF85821ADC503D3E38742.d.841D29BCDC60CFB84C76EFFBE49533B2.e.310"}]}
COMMAND: GET /session/a952926708249603da5cc69792e3d2be/screenshot - {}
COMMAND: POST /session/a952926708249603da5cc69792e3d2be/execute/sync - {"script":"<script> [8489 bytes]","args":[{"element-6066-11e4-a52e-4f735466cecf":"f.73E06E20145AF85821ADC503D3E38742.d.841D29BCDC60CFB84C76EFFBE49533B2.e.310","ELEMENT":"f.73E06E20145AF85821ADC503D3E38742.d.841D29BCDC60CFB84C76EFFBE49533B2.e.310"}]}
RESULT: {}
RESULT: {}
RESULT: {"script":"<script> [8489 bytes]","args":[{"element-6066-11e4-a52e-4f735466cecf":"f.73E06E20145AF85821ADC503D3E38742.d.841D29BCDC60CFB84C76EFFBE49533B2.e.310","ELEMENT":"f.73E06E20145AF85821ADC503D3E38742.d.841D29BCDC60CFB84C76EFFBE49533B2.e.310"}]}
COMMAND: POST /session/a952926708249603da5cc69792e3d2be/execute/sync - {"script":"<script> [5351 bytes]","args":[{"element-6066-11e4-a52e-4f735466cecf":"f.73E06E20145AF85821ADC503D3E38742.d.841D29BCDC60CFB84C76EFFBE49533B2.e.310","ELEMENT":"f.73E06E20145AF85821ADC503D3E38742.d.841D29BCDC60CFB84C76EFFBE49533B2.e.310"}]}
COMMAND: GET /session/a952926708249603da5cc69792e3d2be/screenshot - {}
RESULT: {"script":"<script> [5351 bytes]","args":[{"element-6066-11e4-a52e-4f735466cecf":"f.73E06E20145AF85821ADC503D3E38742.d.841D29BCDC60CFB84C76EFFBE49533B2.e.310","ELEMENT":"f.73E06E20145AF85821ADC503D3E38742.d.841D29BCDC60CFB84C76EFFBE49533B2.e.310"}]}
COMMAND: GET /session/a952926708249603da5cc69792e3d2be/screenshot - {}
COMMAND: POST /session/a952926708249603da5cc69792e3d2be/execute/sync - {"script":"<script> [8489 bytes]","args":[{"element-6066-11e4-a52e-4f735466cecf":"f.73E06E20145AF85821ADC503D3E38742.d.841D29BCDC60CFB84C76EFFBE49533B2.e.310","ELEMENT":"f.73E06E20145AF85821ADC503D3E38742.d.841D29BCDC60CFB84C76EFFBE49533B2.e.310"}]}
RESULT: {}
RESULT: {}
RESULT: {"script":"<script> [8489 bytes]","args":[{"element-6066-11e4-a52e-4f735466cecf":"f.73E06E20145AF85821ADC503D3E38742.d.841D29BCDC60CFB84C76EFFBE49533B2.e.310","ELEMENT":"f.73E06E20145AF85821ADC503D3E38742.d.841D29BCDC60CFB84C76EFFBE49533B2.e.310"}]}
COMMAND: POST /session/a952926708249603da5cc69792e3d2be/execute/sync - {"script":"<script> [5351 bytes]","args":[{"element-6066-11e4-a52e-4f735466cecf":"f.73E06E20145AF85821ADC503D3E38742.d.841D29BCDC60CFB84C76EFFBE49533B2.e.310","ELEMENT":"f.73E06E20145AF85821ADC503D3E38742.d.841D29BCDC60CFB84C76EFFBE49533B2.e.310"}]}
COMMAND: GET /session/a952926708249603da5cc69792e3d2be/screenshot - {}
RESULT: {"script":"<script> [5351 bytes]","args":[{"element-6066-11e4-a52e-4f735466cecf":"f.73E06E20145AF85821ADC503D3E38742.d.841D29BCDC60CFB84C76EFFBE49533B2.e.310","ELEMENT":"f.73E06E20145AF85821ADC503D3E38742.d.841D29BCDC60CFB84C76EFFBE49533B2.e.310"}]}
COMMAND: POST /session/a952926708249603da5cc69792e3d2be/execute/sync - {"script":"<script> [8489 bytes]","args":[{"element-6066-11e4-a52e-4f735466cecf":"f.73E06E20145AF85821ADC503D3E38742.d.841D29BCDC60CFB84C76EFFBE49533B2.e.310","ELEMENT":"f.73E06E20145AF85821ADC503D3E38742.d.841D29BCDC60CFB84C76EFFBE49533B2.e.310"}]}
COMMAND: GET /session/a952926708249603da5cc69792e3d2be/screenshot - {}
RESULT: {}
RESULT: {"script":"<script> [8489 bytes]","args":[{"element-6066-11e4-a52e-4f735466cecf":"f.73E06E20145AF85821ADC503D3E38742.d.841D29BCDC60CFB84C76EFFBE49533B2.e.310","ELEMENT":"f.73E06E20145AF85821ADC503D3E38742.d.841D29BCDC60CFB84C76EFFBE49533B2.e.310"}]}
COMMAND: POST /session/a952926708249603da5cc69792e3d2be/execute/sync - {"script":"<script> [5351 bytes]","args":[{"element-6066-11e4-a52e-4f735466cecf":"f.73E06E20145AF85821ADC503D3E38742.d.841D29BCDC60CFB84C76EFFBE49533B2.e.310","ELEMENT":"f.73E06E20145AF85821ADC503D3E38742.d.841D29BCDC60CFB84C76EFFBE49533B2.e.310"}]}
COMMAND: GET /session/a952926708249603da5cc69792e3d2be/screenshot - {}
RESULT: {}
RESULT: {"script":"<script> [5351 bytes]","args":[{"element-6066-11e4-a52e-4f735466cecf":"f.73E06E20145AF85821ADC503D3E38742.d.841D29BCDC60CFB84C76EFFBE49533B2.e.310","ELEMENT":"f.73E06E20145AF85821ADC503D3E38742.d.841D29BCDC60CFB84C76EFFBE49533B2.e.310"}]}
COMMAND: GET /session/a952926708249603da5cc69792e3d2be/screenshot - {}
COMMAND: POST /session/a952926708249603da5cc69792e3d2be/execute/sync - {"script":"<script> [8489 bytes]","args":[{"element-6066-11e4-a52e-4f735466cecf":"f.73E06E20145AF85821ADC503D3E38742.d.841D29BCDC60CFB84C76EFFBE49533B2.e.310","ELEMENT":"f.73E06E20145AF85821ADC503D3E38742.d.841D29BCDC60CFB84C76EFFBE49533B2.e.310"}]}
RESULT: {}
RESULT: {}
RESULT: {"script":"<script> [8489 bytes]","args":[{"element-6066-11e4-a52e-4f735466cecf":"f.73E06E20145AF85821ADC503D3E38742.d.841D29BCDC60CFB84C76EFFBE49533B2.e.310","ELEMENT":"f.73E06E20145AF85821ADC503D3E38742.d.841D29BCDC60CFB84C76EFFBE49533B2.e.310"}]}
COMMAND: POST /session/a952926708249603da5cc69792e3d2be/execute/sync - {"script":"<script> [5351 bytes]","args":[{"element-6066-11e4-a52e-4f735466cecf":"f.73E06E20145AF85821ADC503D3E38742.d.841D29BCDC60CFB84C76EFFBE49533B2.e.310","ELEMENT":"f.73E06E20145AF85821ADC503D3E38742.d.841D29BCDC60CFB84C76EFFBE49533B2.e.310"}]}
COMMAND: GET /session/a952926708249603da5cc69792e3d2be/screenshot - {}
RESULT: {"script":"<script> [5351 bytes]","args":[{"element-6066-11e4-a52e-4f735466cecf":"f.73E06E20145AF85821ADC503D3E38742.d.841D29BCDC60CFB84C76EFFBE49533B2.e.310","ELEMENT":"f.73E06E20145AF85821ADC503D3E38742.d.841D29BCDC60CFB84C76EFFBE49533B2.e.310"}]}
COMMAND: GET /session/a952926708249603da5cc69792e3d2be/screenshot - {}
COMMAND: POST /session/a952926708249603da5cc69792e3d2be/execute/sync - {"script":"<script> [8489 bytes]","args":[{"element-6066-11e4-a52e-4f735466cecf":"f.73E06E20145AF85821ADC503D3E38742.d.841D29BCDC60CFB84C76EFFBE49533B2.e.310","ELEMENT":"f.73E06E20145AF85821ADC503D3E38742.d.841D29BCDC60CFB84C76EFFBE49533B2.e.310"}]}
RESULT: {}
RESULT: {}
RESULT: {"script":"<script> [8489 bytes]","args":[{"element-6066-11e4-a52e-4f735466cecf":"f.73E06E20145AF85821ADC503D3E38742.d.841D29BCDC60CFB84C76EFFBE49533B2.e.310","ELEMENT":"f.73E06E20145AF85821ADC503D3E38742.d.841D29BCDC60CFB84C76EFFBE49533B2.e.310"}]}
COMMAND: POST /session/a952926708249603da5cc69792e3d2be/execute/sync - {"script":"<script> [5351 bytes]","args":[{"element-6066-11e4-a52e-4f735466cecf":"f.73E06E20145AF85821ADC503D3E38742.d.841D29BCDC60CFB84C76EFFBE49533B2.e.310","ELEMENT":"f.73E06E20145AF85821ADC503D3E38742.d.841D29BCDC60CFB84C76EFFBE49533B2.e.310"}]}
COMMAND: GET /session/a952926708249603da5cc69792e3d2be/screenshot - {}
RESULT: {"script":"<script> [5351 bytes]","args":[{"element-6066-11e4-a52e-4f735466cecf":"f.73E06E20145AF85821ADC503D3E38742.d.841D29BCDC60CFB84C76EFFBE49533B2.e.310","ELEMENT":"f.73E06E20145AF85821ADC503D3E38742.d.841D29BCDC60CFB84C76EFFBE49533B2.e.310"}]}
COMMAND: GET /session/a952926708249603da5cc69792e3d2be/screenshot - {}
COMMAND: POST /session/a952926708249603da5cc69792e3d2be/execute/sync - {"script":"<script> [8489 bytes]","args":[{"element-6066-11e4-a52e-4f735466cecf":"f.73E06E20145AF85821ADC503D3E38742.d.841D29BCDC60CFB84C76EFFBE49533B2.e.310","ELEMENT":"f.73E06E20145AF85821ADC503D3E38742.d.841D29BCDC60CFB84C76EFFBE49533B2.e.310"}]}
RESULT: {}
RESULT: {}
RESULT: {"script":"<script> [8489 bytes]","args":[{"element-6066-11e4-a52e-4f735466cecf":"f.73E06E20145AF85821ADC503D3E38742.d.841D29BCDC60CFB84C76EFFBE49533B2.e.310","ELEMENT":"f.73E06E20145AF85821ADC503D3E38742.d.841D29BCDC60CFB84C76EFFBE49533B2.e.310"}]}
COMMAND: POST /session/a952926708249603da5cc69792e3d2be/execute/sync - {"script":"<script> [5351 bytes]","args":[{"element-6066-11e4-a52e-4f735466cecf":"f.73E06E20145AF85821ADC503D3E38742.d.841D29BCDC60CFB84C76EFFBE49533B2.e.310","ELEMENT":"f.73E06E20145AF85821ADC503D3E38742.d.841D29BCDC60CFB84C76EFFBE49533B2.e.310"}]}
COMMAND: GET /session/a952926708249603da5cc69792e3d2be/screenshot - {}
RESULT: {"script":"<script> [5351 bytes]","args":[{"element-6066-11e4-a52e-4f735466cecf":"f.73E06E20145AF85821ADC503D3E38742.d.841D29BCDC60CFB84C76EFFBE49533B2.e.310","ELEMENT":"f.73E06E20145AF85821ADC503D3E38742.d.841D29BCDC60CFB84C76EFFBE49533B2.e.310"}]}
COMMAND: GET /session/a952926708249603da5cc69792e3d2be/screenshot - {}
COMMAND: POST /session/a952926708249603da5cc69792e3d2be/execute/sync - {"script":"<script> [8489 bytes]","args":[{"element-6066-11e4-a52e-4f735466cecf":"f.73E06E20145AF85821ADC503D3E38742.d.841D29BCDC60CFB84C76EFFBE49533B2.e.310","ELEMENT":"f.73E06E20145AF85821ADC503D3E38742.d.841D29BCDC60CFB84C76EFFBE49533B2.e.310"}]}
RESULT: {}
RESULT: {}
RESULT: {"script":"<script> [8489 bytes]","args":[{"element-6066-11e4-a52e-4f735466cecf":"f.73E06E20145AF85821ADC503D3E38742.d.841D29BCDC60CFB84C76EFFBE49533B2.e.310","ELEMENT":"f.73E06E20145AF85821ADC503D3E38742.d.841D29BCDC60CFB84C76EFFBE49533B2.e.310"}]}
COMMAND: POST /session/a952926708249603da5cc69792e3d2be/execute/sync - {"script":"<script> [5351 bytes]","args":[{"element-6066-11e4-a52e-4f735466cecf":"f.73E06E20145AF85821ADC503D3E38742.d.841D29BCDC60CFB84C76EFFBE49533B2.e.310","ELEMENT":"f.73E06E20145AF85821ADC503D3E38742.d.841D29BCDC60CFB84C76EFFBE49533B2.e.310"}]}
COMMAND: GET /session/a952926708249603da5cc69792e3d2be/screenshot - {}
RESULT: {"script":"<script> [5351 bytes]","args":[{"element-6066-11e4-a52e-4f735466cecf":"f.73E06E20145AF85821ADC503D3E38742.d.841D29BCDC60CFB84C76EFFBE49533B2.e.310","ELEMENT":"f.73E06E20145AF85821ADC503D3E38742.d.841D29BCDC60CFB84C76EFFBE49533B2.e.310"}]}
COMMAND: GET /session/a952926708249603da5cc69792e3d2be/screenshot - {}
COMMAND: POST /session/a952926708249603da5cc69792e3d2be/execute/sync - {"script":"<script> [8489 bytes]","args":[{"element-6066-11e4-a52e-4f735466cecf":"f.73E06E20145AF85821ADC503D3E38742.d.841D29BCDC60CFB84C76EFFBE49533B2.e.310","ELEMENT":"f.73E06E20145AF85821ADC503D3E38742.d.841D29BCDC60CFB84C76EFFBE49533B2.e.310"}]}
RESULT: {}
RESULT: {"script":"<script> [8489 bytes]","args":[{"element-6066-11e4-a52e-4f735466cecf":"f.73E06E20145AF85821ADC503D3E38742.d.841D29BCDC60CFB84C76EFFBE49533B2.e.310","ELEMENT":"f.73E06E20145AF85821ADC503D3E38742.d.841D29BCDC60CFB84C76EFFBE49533B2.e.310"}]}
COMMAND: POST /session/a952926708249603da5cc69792e3d2be/execute/sync - {"script":"<script> [5351 bytes]","args":[{"element-6066-11e4-a52e-4f735466cecf":"f.73E06E20145AF85821ADC503D3E38742.d.841D29BCDC60CFB84C76EFFBE49533B2.e.310","ELEMENT":"f.73E06E20145AF85821ADC503D3E38742.d.841D29BCDC60CFB84C76EFFBE49533B2.e.310"}]}
COMMAND: GET /session/a952926708249603da5cc69792e3d2be/screenshot - {}
RESULT: {}
RESULT: {"script":"<script> [5351 bytes]","args":[{"element-6066-11e4-a52e-4f735466cecf":"f.73E06E20145AF85821ADC503D3E38742.d.841D29BCDC60CFB84C76EFFBE49533B2.e.310","ELEMENT":"f.73E06E20145AF85821ADC503D3E38742.d.841D29BCDC60CFB84C76EFFBE49533B2.e.310"}]}
COMMAND: GET /session/a952926708249603da5cc69792e3d2be/screenshot - {}
COMMAND: POST /session/a952926708249603da5cc69792e3d2be/execute/sync - {"script":"<script> [8489 bytes]","args":[{"element-6066-11e4-a52e-4f735466cecf":"f.73E06E20145AF85821ADC503D3E38742.d.841D29BCDC60CFB84C76EFFBE49533B2.e.310","ELEMENT":"f.73E06E20145AF85821ADC503D3E38742.d.841D29BCDC60CFB84C76EFFBE49533B2.e.310"}]}
RESULT: {}
RESULT: {}
RESULT: {"script":"<script> [8489 bytes]","args":[{"element-6066-11e4-a52e-4f735466cecf":"f.73E06E20145AF85821ADC503D3E38742.d.841D29BCDC60CFB84C76EFFBE49533B2.e.310","ELEMENT":"f.73E06E20145AF85821ADC503D3E38742.d.841D29BCDC60CFB84C76EFFBE49533B2.e.310"}]}
COMMAND: POST /session/a952926708249603da5cc69792e3d2be/execute/sync - {"script":"<script> [5351 bytes]","args":[{"element-6066-11e4-a52e-4f735466cecf":"f.73E06E20145AF85821ADC503D3E38742.d.841D29BCDC60CFB84C76EFFBE49533B2.e.310","ELEMENT":"f.73E06E20145AF85821ADC503D3E38742.d.841D29BCDC60CFB84C76EFFBE49533B2.e.310"}]}
COMMAND: GET /session/a952926708249603da5cc69792e3d2be/screenshot - {}
RESULT: {"script":"<script> [5351 bytes]","args":[{"element-6066-11e4-a52e-4f735466cecf":"f.73E06E20145AF85821ADC503D3E38742.d.841D29BCDC60CFB84C76EFFBE49533B2.e.310","ELEMENT":"f.73E06E20145AF85821ADC503D3E38742.d.841D29BCDC60CFB84C76EFFBE49533B2.e.310"}]}
COMMAND: GET /session/a952926708249603da5cc69792e3d2be/screenshot - {}
COMMAND: POST /session/a952926708249603da5cc69792e3d2be/execute/sync - {"script":"<script> [8489 bytes]","args":[{"element-6066-11e4-a52e-4f735466cecf":"f.73E06E20145AF85821ADC503D3E38742.d.841D29BCDC60CFB84C76EFFBE49533B2.e.310","ELEMENT":"f.73E06E20145AF85821ADC503D3E38742.d.841D29BCDC60CFB84C76EFFBE49533B2.e.310"}]}
RESULT: {}
RESULT: {}
RESULT: {"script":"<script> [8489 bytes]","args":[{"element-6066-11e4-a52e-4f735466cecf":"f.73E06E20145AF85821ADC503D3E38742.d.841D29BCDC60CFB84C76EFFBE49533B2.e.310","ELEMENT":"f.73E06E20145AF85821ADC503D3E38742.d.841D29BCDC60CFB84C76EFFBE49533B2.e.310"}]}
COMMAND: POST /session/a952926708249603da5cc69792e3d2be/execute/sync - {"script":"<script> [5351 bytes]","args":[{"element-6066-11e4-a52e-4f735466cecf":"f.73E06E20145AF85821ADC503D3E38742.d.841D29BCDC60CFB84C76EFFBE49533B2.e.310","ELEMENT":"f.73E06E20145AF85821ADC503D3E38742.d.841D29BCDC60CFB84C76EFFBE49533B2.e.310"}]}
COMMAND: GET /session/a952926708249603da5cc69792e3d2be/screenshot - {}
RESULT: {"script":"<script> [5351 bytes]","args":[{"element-6066-11e4-a52e-4f735466cecf":"f.73E06E20145AF85821ADC503D3E38742.d.841D29BCDC60CFB84C76EFFBE49533B2.e.310","ELEMENT":"f.73E06E20145AF85821ADC503D3E38742.d.841D29BCDC60CFB84C76EFFBE49533B2.e.310"}]}
COMMAND: POST /session/a952926708249603da5cc69792e3d2be/execute/sync - {"script":"<script> [8489 bytes]","args":[{"element-6066-11e4-a52e-4f735466cecf":"f.73E06E20145AF85821ADC503D3E38742.d.841D29BCDC60CFB84C76EFFBE49533B2.e.310","ELEMENT":"f.73E06E20145AF85821ADC503D3E38742.d.841D29BCDC60CFB84C76EFFBE49533B2.e.310"}]}
COMMAND: GET /session/a952926708249603da5cc69792e3d2be/screenshot - {}
RESULT: {}
RESULT: {"script":"<script> [8489 bytes]","args":[{"element-6066-11e4-a52e-4f735466cecf":"f.73E06E20145AF85821ADC503D3E38742.d.841D29BCDC60CFB84C76EFFBE49533B2.e.310","ELEMENT":"f.73E06E20145AF85821ADC503D3E38742.d.841D29BCDC60CFB84C76EFFBE49533B2.e.310"}]}
COMMAND: POST /session/a952926708249603da5cc69792e3d2be/execute/sync - {"script":"<script> [5351 bytes]","args":[{"element-6066-11e4-a52e-4f735466cecf":"f.73E06E20145AF85821ADC503D3E38742.d.841D29BCDC60CFB84C76EFFBE49533B2.e.310","ELEMENT":"f.73E06E20145AF85821ADC503D3E38742.d.841D29BCDC60CFB84C76EFFBE49533B2.e.310"}]}
COMMAND: GET /session/a952926708249603da5cc69792e3d2be/screenshot - {}
RESULT: {}
RESULT: {"script":"<script> [5351 bytes]","args":[{"element-6066-11e4-a52e-4f735466cecf":"f.73E06E20145AF85821ADC503D3E38742.d.841D29BCDC60CFB84C76EFFBE49533B2.e.310","ELEMENT":"f.73E06E20145AF85821ADC503D3E38742.d.841D29BCDC60CFB84C76EFFBE49533B2.e.310"}]}
COMMAND: POST /session/a952926708249603da5cc69792e3d2be/execute/sync - {"script":"<script> [8489 bytes]","args":[{"element-6066-11e4-a52e-4f735466cecf":"f.73E06E20145AF85821ADC503D3E38742.d.841D29BCDC60CFB84C76EFFBE49533B2.e.310","ELEMENT":"f.73E06E20145AF85821ADC503D3E38742.d.841D29BCDC60CFB84C76EFFBE49533B2.e.310"}]}
COMMAND: GET /session/a952926708249603da5cc69792e3d2be/screenshot - {}
RESULT: {}
RESULT: {"script":"<script> [8489 bytes]","args":[{"element-6066-11e4-a52e-4f735466cecf":"f.73E06E20145AF85821ADC503D3E38742.d.841D29BCDC60CFB84C76EFFBE49533B2.e.310","ELEMENT":"f.73E06E20145AF85821ADC503D3E38742.d.841D29BCDC60CFB84C76EFFBE49533B2.e.310"}]}
COMMAND: POST /session/a952926708249603da5cc69792e3d2be/execute/sync - {"script":"<script> [5351 bytes]","args":[{"element-6066-11e4-a52e-4f735466cecf":"f.73E06E20145AF85821ADC503D3E38742.d.841D29BCDC60CFB84C76EFFBE49533B2.e.310","ELEMENT":"f.73E06E20145AF85821ADC503D3E38742.d.841D29BCDC60CFB84C76EFFBE49533B2.e.310"}]}
COMMAND: GET /session/a952926708249603da5cc69792e3d2be/screenshot - {}
RESULT: {}
RESULT: {"script":"<script> [5351 bytes]","args":[{"element-6066-11e4-a52e-4f735466cecf":"f.73E06E20145AF85821ADC503D3E38742.d.841D29BCDC60CFB84C76EFFBE49533B2.e.310","ELEMENT":"f.73E06E20145AF85821ADC503D3E38742.d.841D29BCDC60CFB84C76EFFBE49533B2.e.310"}]}
COMMAND: POST /session/a952926708249603da5cc69792e3d2be/execute/sync - {"script":"<script> [8489 bytes]","args":[{"element-6066-11e4-a52e-4f735466cecf":"f.73E06E20145AF85821ADC503D3E38742.d.841D29BCDC60CFB84C76EFFBE49533B2.e.310","ELEMENT":"f.73E06E20145AF85821ADC503D3E38742.d.841D29BCDC60CFB84C76EFFBE49533B2.e.310"}]}
COMMAND: GET /session/a952926708249603da5cc69792e3d2be/screenshot - {}
RESULT: {}
RESULT: {"script":"<script> [8489 bytes]","args":[{"element-6066-11e4-a52e-4f735466cecf":"f.73E06E20145AF85821ADC503D3E38742.d.841D29BCDC60CFB84C76EFFBE49533B2.e.310","ELEMENT":"f.73E06E20145AF85821ADC503D3E38742.d.841D29BCDC60CFB84C76EFFBE49533B2.e.310"}]}
COMMAND: POST /session/a952926708249603da5cc69792e3d2be/execute/sync - {"script":"<script> [5351 bytes]","args":[{"element-6066-11e4-a52e-4f735466cecf":"f.73E06E20145AF85821ADC503D3E38742.d.841D29BCDC60CFB84C76EFFBE49533B2.e.310","ELEMENT":"f.73E06E20145AF85821ADC503D3E38742.d.841D29BCDC60CFB84C76EFFBE49533B2.e.310"}]}
COMMAND: GET /session/a952926708249603da5cc69792e3d2be/screenshot - {}
RESULT: {}
RESULT: {"script":"<script> [5351 bytes]","args":[{"element-6066-11e4-a52e-4f735466cecf":"f.73E06E20145AF85821ADC503D3E38742.d.841D29BCDC60CFB84C76EFFBE49533B2.e.310","ELEMENT":"f.73E06E20145AF85821ADC503D3E38742.d.841D29BCDC60CFB84C76EFFBE49533B2.e.310"}]}
COMMAND: GET /session/a952926708249603da5cc69792e3d2be/screenshot - {}
COMMAND: POST /session/a952926708249603da5cc69792e3d2be/execute/sync - {"script":"<script> [8489 bytes]","args":[{"element-6066-11e4-a52e-4f735466cecf":"f.73E06E20145AF85821ADC503D3E38742.d.841D29BCDC60CFB84C76EFFBE49533B2.e.310","ELEMENT":"f.73E06E20145AF85821ADC503D3E38742.d.841D29BCDC60CFB84C76EFFBE49533B2.e.310"}]}
RESULT: {}
RESULT: {}
RESULT: {"script":"<script> [8489 bytes]","args":[{"element-6066-11e4-a52e-4f735466cecf":"f.73E06E20145AF85821ADC503D3E38742.d.841D29BCDC60CFB84C76EFFBE49533B2.e.310","ELEMENT":"f.73E06E20145AF85821ADC503D3E38742.d.841D29BCDC60CFB84C76EFFBE49533B2.e.310"}]}
COMMAND: POST /session/a952926708249603da5cc69792e3d2be/execute/sync - {"script":"<script> [5351 bytes]","args":[{"element-6066-11e4-a52e-4f735466cecf":"f.73E06E20145AF85821ADC503D3E38742.d.841D29BCDC60CFB84C76EFFBE49533B2.e.310","ELEMENT":"f.73E06E20145AF85821ADC503D3E38742.d.841D29BCDC60CFB84C76EFFBE49533B2.e.310"}]}
COMMAND: GET /session/a952926708249603da5cc69792e3d2be/screenshot - {}
RESULT: {"script":"<script> [5351 bytes]","args":[{"element-6066-11e4-a52e-4f735466cecf":"f.73E06E20145AF85821ADC503D3E38742.d.841D29BCDC60CFB84C76EFFBE49533B2.e.310","ELEMENT":"f.73E06E20145AF85821ADC503D3E38742.d.841D29BCDC60CFB84C76EFFBE49533B2.e.310"}]}
COMMAND: GET /session/a952926708249603da5cc69792e3d2be/screenshot - {}
COMMAND: POST /session/a952926708249603da5cc69792e3d2be/execute/sync - {"script":"<script> [8489 bytes]","args":[{"element-6066-11e4-a52e-4f735466cecf":"f.73E06E20145AF85821ADC503D3E38742.d.841D29BCDC60CFB84C76EFFBE49533B2.e.310","ELEMENT":"f.73E06E20145AF85821ADC503D3E38742.d.841D29BCDC60CFB84C76EFFBE49533B2.e.310"}]}
RESULT: {}
RESULT: {}
RESULT: {"script":"<script> [8489 bytes]","args":[{"element-6066-11e4-a52e-4f735466cecf":"f.73E06E20145AF85821ADC503D3E38742.d.841D29BCDC60CFB84C76EFFBE49533B2.e.310","ELEMENT":"f.73E06E20145AF85821ADC503D3E38742.d.841D29BCDC60CFB84C76EFFBE49533B2.e.310"}]}
COMMAND: POST /session/a952926708249603da5cc69792e3d2be/execute/sync - {"script":"<script> [5351 bytes]","args":[{"element-6066-11e4-a52e-4f735466cecf":"f.73E06E20145AF85821ADC503D3E38742.d.841D29BCDC60CFB84C76EFFBE49533B2.e.310","ELEMENT":"f.73E06E20145AF85821ADC503D3E38742.d.841D29BCDC60CFB84C76EFFBE49533B2.e.310"}]}
COMMAND: GET /session/a952926708249603da5cc69792e3d2be/screenshot - {}
RESULT: {"script":"<script> [5351 bytes]","args":[{"element-6066-11e4-a52e-4f735466cecf":"f.73E06E20145AF85821ADC503D3E38742.d.841D29BCDC60CFB84C76EFFBE49533B2.e.310","ELEMENT":"f.73E06E20145AF85821ADC503D3E38742.d.841D29BCDC60CFB84C76EFFBE49533B2.e.310"}]}
COMMAND: GET /session/a952926708249603da5cc69792e3d2be/screenshot - {}
COMMAND: POST /session/a952926708249603da5cc69792e3d2be/execute/sync - {"script":"<script> [8489 bytes]","args":[{"element-6066-11e4-a52e-4f735466cecf":"f.73E06E20145AF85821ADC503D3E38742.d.841D29BCDC60CFB84C76EFFBE49533B2.e.310","ELEMENT":"f.73E06E20145AF85821ADC503D3E38742.d.841D29BCDC60CFB84C76EFFBE49533B2.e.310"}]}
RESULT: {}
RESULT: {"script":"<script> [8489 bytes]","args":[{"element-6066-11e4-a52e-4f735466cecf":"f.73E06E20145AF85821ADC503D3E38742.d.841D29BCDC60CFB84C76EFFBE49533B2.e.310","ELEMENT":"f.73E06E20145AF85821ADC503D3E38742.d.841D29BCDC60CFB84C76EFFBE49533B2.e.310"}]}
COMMAND: POST /session/a952926708249603da5cc69792e3d2be/execute/sync - {"script":"<script> [5351 bytes]","args":[{"element-6066-11e4-a52e-4f735466cecf":"f.73E06E20145AF85821ADC503D3E38742.d.841D29BCDC60CFB84C76EFFBE49533B2.e.310","ELEMENT":"f.73E06E20145AF85821ADC503D3E38742.d.841D29BCDC60CFB84C76EFFBE49533B2.e.310"}]}
COMMAND: GET /session/a952926708249603da5cc69792e3d2be/screenshot - {}
RESULT: {}
RESULT: {"script":"<script> [5351 bytes]","args":[{"element-6066-11e4-a52e-4f735466cecf":"f.73E06E20145AF85821ADC503D3E38742.d.841D29BCDC60CFB84C76EFFBE49533B2.e.310","ELEMENT":"f.73E06E20145AF85821ADC503D3E38742.d.841D29BCDC60CFB84C76EFFBE49533B2.e.310"}]}
COMMAND: GET /session/a952926708249603da5cc69792e3d2be/screenshot - {}
COMMAND: POST /session/a952926708249603da5cc69792e3d2be/execute/sync - {"script":"<script> [8489 bytes]","args":[{"element-6066-11e4-a52e-4f735466cecf":"f.73E06E20145AF85821ADC503D3E38742.d.841D29BCDC60CFB84C76EFFBE49533B2.e.310","ELEMENT":"f.73E06E20145AF85821ADC503D3E38742.d.841D29BCDC60CFB84C76EFFBE49533B2.e.310"}]}
RESULT: {}
RESULT: {}
RESULT: {"script":"<script> [8489 bytes]","args":[{"element-6066-11e4-a52e-4f735466cecf":"f.73E06E20145AF85821ADC503D3E38742.d.841D29BCDC60CFB84C76EFFBE49533B2.e.310","ELEMENT":"f.73E06E20145AF85821ADC503D3E38742.d.841D29BCDC60CFB84C76EFFBE49533B2.e.310"}]}
COMMAND: POST /session/a952926708249603da5cc69792e3d2be/execute/sync - {"script":"<script> [5351 bytes]","args":[{"element-6066-11e4-a52e-4f735466cecf":"f.73E06E20145AF85821ADC503D3E38742.d.841D29BCDC60CFB84C76EFFBE49533B2.e.310","ELEMENT":"f.73E06E20145AF85821ADC503D3E38742.d.841D29BCDC60CFB84C76EFFBE49533B2.e.310"}]}
COMMAND: GET /session/a952926708249603da5cc69792e3d2be/screenshot - {}
RESULT: {"script":"<script> [5351 bytes]","args":[{"element-6066-11e4-a52e-4f735466cecf":"f.73E06E20145AF85821ADC503D3E38742.d.841D29BCDC60CFB84C76EFFBE49533B2.e.310","ELEMENT":"f.73E06E20145AF85821ADC503D3E38742.d.841D29BCDC60CFB84C76EFFBE49533B2.e.310"}]}
COMMAND: GET /session/a952926708249603da5cc69792e3d2be/screenshot - {}
COMMAND: POST /session/a952926708249603da5cc69792e3d2be/execute/sync - {"script":"<script> [8489 bytes]","args":[{"element-6066-11e4-a52e-4f735466cecf":"f.73E06E20145AF85821ADC503D3E38742.d.841D29BCDC60CFB84C76EFFBE49533B2.e.310","ELEMENT":"f.73E06E20145AF85821ADC503D3E38742.d.841D29BCDC60CFB84C76EFFBE49533B2.e.310"}]}
RESULT: {}
RESULT: {}
RESULT: {"script":"<script> [8489 bytes]","args":[{"element-6066-11e4-a52e-4f735466cecf":"f.73E06E20145AF85821ADC503D3E38742.d.841D29BCDC60CFB84C76EFFBE49533B2.e.310","ELEMENT":"f.73E06E20145AF85821ADC503D3E38742.d.841D29BCDC60CFB84C76EFFBE49533B2.e.310"}]}
COMMAND: POST /session/a952926708249603da5cc69792e3d2be/execute/sync - {"script":"<script> [5351 bytes]","args":[{"element-6066-11e4-a52e-4f735466cecf":"f.73E06E20145AF85821ADC503D3E38742.d.841D29BCDC60CFB84C76EFFBE49533B2.e.310","ELEMENT":"f.73E06E20145AF85821ADC503D3E38742.d.841D29BCDC60CFB84C76EFFBE49533B2.e.310"}]}
COMMAND: GET /session/a952926708249603da5cc69792e3d2be/screenshot - {}
RESULT: {"script":"<script> [5351 bytes]","args":[{"element-6066-11e4-a52e-4f735466cecf":"f.73E06E20145AF85821ADC503D3E38742.d.841D29BCDC60CFB84C76EFFBE49533B2.e.310","ELEMENT":"f.73E06E20145AF85821ADC503D3E38742.d.841D29BCDC60CFB84C76EFFBE49533B2.e.310"}]}
COMMAND: GET /session/a952926708249603da5cc69792e3d2be/screenshot - {}
COMMAND: POST /session/a952926708249603da5cc69792e3d2be/execute/sync - {"script":"<script> [8489 bytes]","args":[{"element-6066-11e4-a52e-4f735466cecf":"f.73E06E20145AF85821ADC503D3E38742.d.841D29BCDC60CFB84C76EFFBE49533B2.e.310","ELEMENT":"f.73E06E20145AF85821ADC503D3E38742.d.841D29BCDC60CFB84C76EFFBE49533B2.e.310"}]}
RESULT: {}
RESULT: {}
RESULT: {"script":"<script> [8489 bytes]","args":[{"element-6066-11e4-a52e-4f735466cecf":"f.73E06E20145AF85821ADC503D3E38742.d.841D29BCDC60CFB84C76EFFBE49533B2.e.310","ELEMENT":"f.73E06E20145AF85821ADC503D3E38742.d.841D29BCDC60CFB84C76EFFBE49533B2.e.310"}]}
COMMAND: POST /session/a952926708249603da5cc69792e3d2be/execute/sync - {"script":"<script> [5351 bytes]","args":[{"element-6066-11e4-a52e-4f735466cecf":"f.73E06E20145AF85821ADC503D3E38742.d.841D29BCDC60CFB84C76EFFBE49533B2.e.310","ELEMENT":"f.73E06E20145AF85821ADC503D3E38742.d.841D29BCDC60CFB84C76EFFBE49533B2.e.310"}]}
COMMAND: GET /session/a952926708249603da5cc69792e3d2be/screenshot - {}
RESULT: {"script":"<script> [5351 bytes]","args":[{"element-6066-11e4-a52e-4f735466cecf":"f.73E06E20145AF85821ADC503D3E38742.d.841D29BCDC60CFB84C76EFFBE49533B2.e.310","ELEMENT":"f.73E06E20145AF85821ADC503D3E38742.d.841D29BCDC60CFB84C76EFFBE49533B2.e.310"}]}
COMMAND: GET /session/a952926708249603da5cc69792e3d2be/screenshot - {}
COMMAND: POST /session/a952926708249603da5cc69792e3d2be/execute/sync - {"script":"<script> [8489 bytes]","args":[{"element-6066-11e4-a52e-4f735466cecf":"f.73E06E20145AF85821ADC503D3E38742.d.841D29BCDC60CFB84C76EFFBE49533B2.e.310","ELEMENT":"f.73E06E20145AF85821ADC503D3E38742.d.841D29BCDC60CFB84C76EFFBE49533B2.e.310"}]}
RESULT: {}
RESULT: {"script":"<script> [8489 bytes]","args":[{"element-6066-11e4-a52e-4f735466cecf":"f.73E06E20145AF85821ADC503D3E38742.d.841D29BCDC60CFB84C76EFFBE49533B2.e.310","ELEMENT":"f.73E06E20145AF85821ADC503D3E38742.d.841D29BCDC60CFB84C76EFFBE49533B2.e.310"}]}
COMMAND: POST /session/a952926708249603da5cc69792e3d2be/execute/sync - {"script":"<script> [5351 bytes]","args":[{"element-6066-11e4-a52e-4f735466cecf":"f.73E06E20145AF85821ADC503D3E38742.d.841D29BCDC60CFB84C76EFFBE49533B2.e.310","ELEMENT":"f.73E06E20145AF85821ADC503D3E38742.d.841D29BCDC60CFB84C76EFFBE49533B2.e.310"}]}
COMMAND: GET /session/a952926708249603da5cc69792e3d2be/screenshot - {}
RESULT: {}
RESULT: {"script":"<script> [5351 bytes]","args":[{"element-6066-11e4-a52e-4f735466cecf":"f.73E06E20145AF85821ADC503D3E38742.d.841D29BCDC60CFB84C76EFFBE49533B2.e.310","ELEMENT":"f.73E06E20145AF85821ADC503D3E38742.d.841D29BCDC60CFB84C76EFFBE49533B2.e.310"}]}
COMMAND: GET /session/a952926708249603da5cc69792e3d2be/screenshot - {}
COMMAND: POST /session/a952926708249603da5cc69792e3d2be/execute/sync - {"script":"<script> [8489 bytes]","args":[{"element-6066-11e4-a52e-4f735466cecf":"f.73E06E20145AF85821ADC503D3E38742.d.841D29BCDC60CFB84C76EFFBE49533B2.e.310","ELEMENT":"f.73E06E20145AF85821ADC503D3E38742.d.841D29BCDC60CFB84C76EFFBE49533B2.e.310"}]}
RESULT: {}
RESULT: {}
RESULT: {"script":"<script> [8489 bytes]","args":[{"element-6066-11e4-a52e-4f735466cecf":"f.73E06E20145AF85821ADC503D3E38742.d.841D29BCDC60CFB84C76EFFBE49533B2.e.310","ELEMENT":"f.73E06E20145AF85821ADC503D3E38742.d.841D29BCDC60CFB84C76EFFBE49533B2.e.310"}]}
COMMAND: POST /session/a952926708249603da5cc69792e3d2be/execute/sync - {"script":"<script> [5351 bytes]","args":[{"element-6066-11e4-a52e-4f735466cecf":"f.73E06E20145AF85821ADC503D3E38742.d.841D29BCDC60CFB84C76EFFBE49533B2.e.310","ELEMENT":"f.73E06E20145AF85821ADC503D3E38742.d.841D29BCDC60CFB84C76EFFBE49533B2.e.310"}]}
COMMAND: GET /session/a952926708249603da5cc69792e3d2be/screenshot - {}
RESULT: {"script":"<script> [5351 bytes]","args":[{"element-6066-11e4-a52e-4f735466cecf":"f.73E06E20145AF85821ADC503D3E38742.d.841D29BCDC60CFB84C76EFFBE49533B2.e.310","ELEMENT":"f.73E06E20145AF85821ADC503D3E38742.d.841D29BCDC60CFB84C76EFFBE49533B2.e.310"}]}
COMMAND: GET /session/a952926708249603da5cc69792e3d2be/screenshot - {}
COMMAND: POST /session/a952926708249603da5cc69792e3d2be/execute/sync - {"script":"<script> [8489 bytes]","args":[{"element-6066-11e4-a52e-4f735466cecf":"f.73E06E20145AF85821ADC503D3E38742.d.841D29BCDC60CFB84C76EFFBE49533B2.e.310","ELEMENT":"f.73E06E20145AF85821ADC503D3E38742.d.841D29BCDC60CFB84C76EFFBE49533B2.e.310"}]}
RESULT: {}
RESULT: {}
RESULT: {"script":"<script> [8489 bytes]","args":[{"element-6066-11e4-a52e-4f735466cecf":"f.73E06E20145AF85821ADC503D3E38742.d.841D29BCDC60CFB84C76EFFBE49533B2.e.310","ELEMENT":"f.73E06E20145AF85821ADC503D3E38742.d.841D29BCDC60CFB84C76EFFBE49533B2.e.310"}]}
COMMAND: POST /session/a952926708249603da5cc69792e3d2be/execute/sync - {"script":"<script> [5351 bytes]","args":[{"element-6066-11e4-a52e-4f735466cecf":"f.73E06E20145AF85821ADC503D3E38742.d.841D29BCDC60CFB84C76EFFBE49533B2.e.310","ELEMENT":"f.73E06E20145AF85821ADC503D3E38742.d.841D29BCDC60CFB84C76EFFBE49533B2.e.310"}]}
COMMAND: GET /session/a952926708249603da5cc69792e3d2be/screenshot - {}
RESULT: {"script":"<script> [5351 bytes]","args":[{"element-6066-11e4-a52e-4f735466cecf":"f.73E06E20145AF85821ADC503D3E38742.d.841D29BCDC60CFB84C76EFFBE49533B2.e.310","ELEMENT":"f.73E06E20145AF85821ADC503D3E38742.d.841D29BCDC60CFB84C76EFFBE49533B2.e.310"}]}
COMMAND: GET /session/a952926708249603da5cc69792e3d2be/screenshot - {}
COMMAND: POST /session/a952926708249603da5cc69792e3d2be/execute/sync - {"script":"<script> [8489 bytes]","args":[{"element-6066-11e4-a52e-4f735466cecf":"f.73E06E20145AF85821ADC503D3E38742.d.841D29BCDC60CFB84C76EFFBE49533B2.e.310","ELEMENT":"f.73E06E20145AF85821ADC503D3E38742.d.841D29BCDC60CFB84C76EFFBE49533B2.e.310"}]}
RESULT: {}
RESULT: {}
RESULT: {"script":"<script> [8489 bytes]","args":[{"element-6066-11e4-a52e-4f735466cecf":"f.73E06E20145AF85821ADC503D3E38742.d.841D29BCDC60CFB84C76EFFBE49533B2.e.310","ELEMENT":"f.73E06E20145AF85821ADC503D3E38742.d.841D29BCDC60CFB84C76EFFBE49533B2.e.310"}]}
COMMAND: POST /session/a952926708249603da5cc69792e3d2be/execute/sync - {"script":"<script> [5351 bytes]","args":[{"element-6066-11e4-a52e-4f735466cecf":"f.73E06E20145AF85821ADC503D3E38742.d.841D29BCDC60CFB84C76EFFBE49533B2.e.310","ELEMENT":"f.73E06E20145AF85821ADC503D3E38742.d.841D29BCDC60CFB84C76EFFBE49533B2.e.310"}]}
COMMAND: GET /session/a952926708249603da5cc69792e3d2be/screenshot - {}
RESULT: {"script":"<script> [5351 bytes]","args":[{"element-6066-11e4-a52e-4f735466cecf":"f.73E06E20145AF85821ADC503D3E38742.d.841D29BCDC60CFB84C76EFFBE49533B2.e.310","ELEMENT":"f.73E06E20145AF85821ADC503D3E38742.d.841D29BCDC60CFB84C76EFFBE49533B2.e.310"}]}
COMMAND: GET /session/a952926708249603da5cc69792e3d2be/screenshot - {}
COMMAND: POST /session/a952926708249603da5cc69792e3d2be/execute/sync - {"script":"<script> [8489 bytes]","args":[{"element-6066-11e4-a52e-4f735466cecf":"f.73E06E20145AF85821ADC503D3E38742.d.841D29BCDC60CFB84C76EFFBE49533B2.e.310","ELEMENT":"f.73E06E20145AF85821ADC503D3E38742.d.841D29BCDC60CFB84C76EFFBE49533B2.e.310"}]}
RESULT: {}
RESULT: {}
RESULT: {"script":"<script> [8489 bytes]","args":[{"element-6066-11e4-a52e-4f735466cecf":"f.73E06E20145AF85821ADC503D3E38742.d.841D29BCDC60CFB84C76EFFBE49533B2.e.310","ELEMENT":"f.73E06E20145AF85821ADC503D3E38742.d.841D29BCDC60CFB84C76EFFBE49533B2.e.310"}]}
COMMAND: POST /session/a952926708249603da5cc69792e3d2be/execute/sync - {"script":"<script> [5351 bytes]","args":[{"element-6066-11e4-a52e-4f735466cecf":"f.73E06E20145AF85821ADC503D3E38742.d.841D29BCDC60CFB84C76EFFBE49533B2.e.310","ELEMENT":"f.73E06E20145AF85821ADC503D3E38742.d.841D29BCDC60CFB84C76EFFBE49533B2.e.310"}]}
COMMAND: GET /session/a952926708249603da5cc69792e3d2be/screenshot - {}
RESULT: {"script":"<script> [5351 bytes]","args":[{"element-6066-11e4-a52e-4f735466cecf":"f.73E06E20145AF85821ADC503D3E38742.d.841D29BCDC60CFB84C76EFFBE49533B2.e.310","ELEMENT":"f.73E06E20145AF85821ADC503D3E38742.d.841D29BCDC60CFB84C76EFFBE49533B2.e.310"}]}
COMMAND: GET /session/a952926708249603da5cc69792e3d2be/screenshot - {}
COMMAND: POST /session/a952926708249603da5cc69792e3d2be/execute/sync - {"script":"<script> [8489 bytes]","args":[{"element-6066-11e4-a52e-4f735466cecf":"f.73E06E20145AF85821ADC503D3E38742.d.841D29BCDC60CFB84C76EFFBE49533B2.e.310","ELEMENT":"f.73E06E20145AF85821ADC503D3E38742.d.841D29BCDC60CFB84C76EFFBE49533B2.e.310"}]}
RESULT: {}
RESULT: {}
RESULT: {"script":"<script> [8489 bytes]","args":[{"element-6066-11e4-a52e-4f735466cecf":"f.73E06E20145AF85821ADC503D3E38742.d.841D29BCDC60CFB84C76EFFBE49533B2.e.310","ELEMENT":"f.73E06E20145AF85821ADC503D3E38742.d.841D29BCDC60CFB84C76EFFBE49533B2.e.310"}]}
COMMAND: POST /session/a952926708249603da5cc69792e3d2be/execute/sync - {"script":"<script> [5351 bytes]","args":[{"element-6066-11e4-a52e-4f735466cecf":"f.73E06E20145AF85821ADC503D3E38742.d.841D29BCDC60CFB84C76EFFBE49533B2.e.310","ELEMENT":"f.73E06E20145AF85821ADC503D3E38742.d.841D29BCDC60CFB84C76EFFBE49533B2.e.310"}]}
COMMAND: GET /session/a952926708249603da5cc69792e3d2be/screenshot - {}
RESULT: {"script":"<script> [5351 bytes]","args":[{"element-6066-11e4-a52e-4f735466cecf":"f.73E06E20145AF85821ADC503D3E38742.d.841D29BCDC60CFB84C76EFFBE49533B2.e.310","ELEMENT":"f.73E06E20145AF85821ADC503D3E38742.d.841D29BCDC60CFB84C76EFFBE49533B2.e.310"}]}
COMMAND: GET /session/a952926708249603da5cc69792e3d2be/screenshot - {}
COMMAND: POST /session/a952926708249603da5cc69792e3d2be/execute/sync - {"script":"<script> [8489 bytes]","args":[{"element-6066-11e4-a52e-4f735466cecf":"f.73E06E20145AF85821ADC503D3E38742.d.841D29BCDC60CFB84C76EFFBE49533B2.e.310","ELEMENT":"f.73E06E20145AF85821ADC503D3E38742.d.841D29BCDC60CFB84C76EFFBE49533B2.e.310"}]}
RESULT: {}
RESULT: {}
RESULT: {"script":"<script> [8489 bytes]","args":[{"element-6066-11e4-a52e-4f735466cecf":"f.73E06E20145AF85821ADC503D3E38742.d.841D29BCDC60CFB84C76EFFBE49533B2.e.310","ELEMENT":"f.73E06E20145AF85821ADC503D3E38742.d.841D29BCDC60CFB84C76EFFBE49533B2.e.310"}]}
COMMAND: POST /session/a952926708249603da5cc69792e3d2be/execute/sync - {"script":"<script> [5351 bytes]","args":[{"element-6066-11e4-a52e-4f735466cecf":"f.73E06E20145AF85821ADC503D3E38742.d.841D29BCDC60CFB84C76EFFBE49533B2.e.310","ELEMENT":"f.73E06E20145AF85821ADC503D3E38742.d.841D29BCDC60CFB84C76EFFBE49533B2.e.310"}]}
COMMAND: GET /session/a952926708249603da5cc69792e3d2be/screenshot - {}
RESULT: {"script":"<script> [5351 bytes]","args":[{"element-6066-11e4-a52e-4f735466cecf":"f.73E06E20145AF85821ADC503D3E38742.d.841D29BCDC60CFB84C76EFFBE49533B2.e.310","ELEMENT":"f.73E06E20145AF85821ADC503D3E38742.d.841D29BCDC60CFB84C76EFFBE49533B2.e.310"}]}
COMMAND: GET /session/a952926708249603da5cc69792e3d2be/screenshot - {}
COMMAND: POST /session/a952926708249603da5cc69792e3d2be/execute/sync - {"script":"<script> [8489 bytes]","args":[{"element-6066-11e4-a52e-4f735466cecf":"f.73E06E20145AF85821ADC503D3E38742.d.841D29BCDC60CFB84C76EFFBE49533B2.e.310","ELEMENT":"f.73E06E20145AF85821ADC503D3E38742.d.841D29BCDC60CFB84C76EFFBE49533B2.e.310"}]}
RESULT: {}
RESULT: {}
RESULT: {"script":"<script> [8489 bytes]","args":[{"element-6066-11e4-a52e-4f735466cecf":"f.73E06E20145AF85821ADC503D3E38742.d.841D29BCDC60CFB84C76EFFBE49533B2.e.310","ELEMENT":"f.73E06E20145AF85821ADC503D3E38742.d.841D29BCDC60CFB84C76EFFBE49533B2.e.310"}]}
COMMAND: POST /session/a952926708249603da5cc69792e3d2be/execute/sync - {"script":"<script> [5351 bytes]","args":[{"element-6066-11e4-a52e-4f735466cecf":"f.73E06E20145AF85821ADC503D3E38742.d.841D29BCDC60CFB84C76EFFBE49533B2.e.310","ELEMENT":"f.73E06E20145AF85821ADC503D3E38742.d.841D29BCDC60CFB84C76EFFBE49533B2.e.310"}]}
COMMAND: GET /session/a952926708249603da5cc69792e3d2be/screenshot - {}
RESULT: {"script":"<script> [5351 bytes]","args":[{"element-6066-11e4-a52e-4f735466cecf":"f.73E06E20145AF85821ADC503D3E38742.d.841D29BCDC60CFB84C76EFFBE49533B2.e.310","ELEMENT":"f.73E06E20145AF85821ADC503D3E38742.d.841D29BCDC60CFB84C76EFFBE49533B2.e.310"}]}
COMMAND: GET /session/a952926708249603da5cc69792e3d2be/screenshot - {}
COMMAND: POST /session/a952926708249603da5cc69792e3d2be/execute/sync - {"script":"<script> [8489 bytes]","args":[{"element-6066-11e4-a52e-4f735466cecf":"f.73E06E20145AF85821ADC503D3E38742.d.841D29BCDC60CFB84C76EFFBE49533B2.e.310","ELEMENT":"f.73E06E20145AF85821ADC503D3E38742.d.841D29BCDC60CFB84C76EFFBE49533B2.e.310"}]}
RESULT: {}
RESULT: {}
RESULT: {"script":"<script> [8489 bytes]","args":[{"element-6066-11e4-a52e-4f735466cecf":"f.73E06E20145AF85821ADC503D3E38742.d.841D29BCDC60CFB84C76EFFBE49533B2.e.310","ELEMENT":"f.73E06E20145AF85821ADC503D3E38742.d.841D29BCDC60CFB84C76EFFBE49533B2.e.310"}]}
COMMAND: POST /session/a952926708249603da5cc69792e3d2be/execute/sync - {"script":"<script> [5351 bytes]","args":[{"element-6066-11e4-a52e-4f735466cecf":"f.73E06E20145AF85821ADC503D3E38742.d.841D29BCDC60CFB84C76EFFBE49533B2.e.310","ELEMENT":"f.73E06E20145AF85821ADC503D3E38742.d.841D29BCDC60CFB84C76EFFBE49533B2.e.310"}]}
COMMAND: GET /session/a952926708249603da5cc69792e3d2be/screenshot - {}
RESULT: {"script":"<script> [5351 bytes]","args":[{"element-6066-11e4-a52e-4f735466cecf":"f.73E06E20145AF85821ADC503D3E38742.d.841D29BCDC60CFB84C76EFFBE49533B2.e.310","ELEMENT":"f.73E06E20145AF85821ADC503D3E38742.d.841D29BCDC60CFB84C76EFFBE49533B2.e.310"}]}
COMMAND: GET /session/a952926708249603da5cc69792e3d2be/screenshot - {}
COMMAND: POST /session/a952926708249603da5cc69792e3d2be/execute/sync - {"script":"<script> [8489 bytes]","args":[{"element-6066-11e4-a52e-4f735466cecf":"f.73E06E20145AF85821ADC503D3E38742.d.841D29BCDC60CFB84C76EFFBE49533B2.e.310","ELEMENT":"f.73E06E20145AF85821ADC503D3E38742.d.841D29BCDC60CFB84C76EFFBE49533B2.e.310"}]}
RESULT: {}
RESULT: {}
RESULT: {"script":"<script> [8489 bytes]","args":[{"element-6066-11e4-a52e-4f735466cecf":"f.73E06E20145AF85821ADC503D3E38742.d.841D29BCDC60CFB84C76EFFBE49533B2.e.310","ELEMENT":"f.73E06E20145AF85821ADC503D3E38742.d.841D29BCDC60CFB84C76EFFBE49533B2.e.310"}]}
COMMAND: POST /session/a952926708249603da5cc69792e3d2be/execute/sync - {"script":"<script> [5351 bytes]","args":[{"element-6066-11e4-a52e-4f735466cecf":"f.73E06E20145AF85821ADC503D3E38742.d.841D29BCDC60CFB84C76EFFBE49533B2.e.310","ELEMENT":"f.73E06E20145AF85821ADC503D3E38742.d.841D29BCDC60CFB84C76EFFBE49533B2.e.310"}]}
COMMAND: GET /session/a952926708249603da5cc69792e3d2be/screenshot - {}
RESULT: {}
RESULT: {"script":"<script> [5351 bytes]","args":[{"element-6066-11e4-a52e-4f735466cecf":"f.73E06E20145AF85821ADC503D3E38742.d.841D29BCDC60CFB84C76EFFBE49533B2.e.310","ELEMENT":"f.73E06E20145AF85821ADC503D3E38742.d.841D29BCDC60CFB84C76EFFBE49533B2.e.310"}]}
COMMAND: GET /session/a952926708249603da5cc69792e3d2be/screenshot - {}
COMMAND: POST /session/a952926708249603da5cc69792e3d2be/execute/sync - {"script":"<script> [8489 bytes]","args":[{"element-6066-11e4-a52e-4f735466cecf":"f.73E06E20145AF85821ADC503D3E38742.d.841D29BCDC60CFB84C76EFFBE49533B2.e.310","ELEMENT":"f.73E06E20145AF85821ADC503D3E38742.d.841D29BCDC60CFB84C76EFFBE49533B2.e.310"}]}
RESULT: {}
RESULT: {"script":"<script> [8489 bytes]","args":[{"element-6066-11e4-a52e-4f735466cecf":"f.73E06E20145AF85821ADC503D3E38742.d.841D29BCDC60CFB84C76EFFBE49533B2.e.310","ELEMENT":"f.73E06E20145AF85821ADC503D3E38742.d.841D29BCDC60CFB84C76EFFBE49533B2.e.310"}]}
COMMAND: POST /session/a952926708249603da5cc69792e3d2be/execute/sync - {"script":"<script> [5351 bytes]","args":[{"element-6066-11e4-a52e-4f735466cecf":"f.73E06E20145AF85821ADC503D3E38742.d.841D29BCDC60CFB84C76EFFBE49533B2.e.310","ELEMENT":"f.73E06E20145AF85821ADC503D3E38742.d.841D29BCDC60CFB84C76EFFBE49533B2.e.310"}]}
COMMAND: GET /session/a952926708249603da5cc69792e3d2be/screenshot - {}
RESULT: {"script":"<script> [5351 bytes]","args":[{"element-6066-11e4-a52e-4f735466cecf":"f.73E06E20145AF85821ADC503D3E38742.d.841D29BCDC60CFB84C76EFFBE49533B2.e.310","ELEMENT":"f.73E06E20145AF85821ADC503D3E38742.d.841D29BCDC60CFB84C76EFFBE49533B2.e.310"}]}
COMMAND: GET /session/a952926708249603da5cc69792e3d2be/screenshot - {}
COMMAND: POST /session/a952926708249603da5cc69792e3d2be/execute/sync - {"script":"<script> [8489 bytes]","args":[{"element-6066-11e4-a52e-4f735466cecf":"f.73E06E20145AF85821ADC503D3E38742.d.841D29BCDC60CFB84C76EFFBE49533B2.e.310","ELEMENT":"f.73E06E20145AF85821ADC503D3E38742.d.841D29BCDC60CFB84C76EFFBE49533B2.e.310"}]}
RESULT: {}
RESULT: {}
RESULT: {"script":"<script> [8489 bytes]","args":[{"element-6066-11e4-a52e-4f735466cecf":"f.73E06E20145AF85821ADC503D3E38742.d.841D29BCDC60CFB84C76EFFBE49533B2.e.310","ELEMENT":"f.73E06E20145AF85821ADC503D3E38742.d.841D29BCDC60CFB84C76EFFBE49533B2.e.310"}]}
COMMAND: POST /session/a952926708249603da5cc69792e3d2be/execute/sync - {"script":"<script> [5351 bytes]","args":[{"element-6066-11e4-a52e-4f735466cecf":"f.73E06E20145AF85821ADC503D3E38742.d.841D29BCDC60CFB84C76EFFBE49533B2.e.310","ELEMENT":"f.73E06E20145AF85821ADC503D3E38742.d.841D29BCDC60CFB84C76EFFBE49533B2.e.310"}]}
COMMAND: GET /session/a952926708249603da5cc69792e3d2be/screenshot - {}
RESULT: {"script":"<script> [5351 bytes]","args":[{"element-6066-11e4-a52e-4f735466cecf":"f.73E06E20145AF85821ADC503D3E38742.d.841D29BCDC60CFB84C76EFFBE49533B2.e.310","ELEMENT":"f.73E06E20145AF85821ADC503D3E38742.d.841D29BCDC60CFB84C76EFFBE49533B2.e.310"}]}
COMMAND: GET /session/a952926708249603da5cc69792e3d2be/screenshot - {}
COMMAND: POST /session/a952926708249603da5cc69792e3d2be/execute/sync - {"script":"<script> [8489 bytes]","args":[{"element-6066-11e4-a52e-4f735466cecf":"f.73E06E20145AF85821ADC503D3E38742.d.841D29BCDC60CFB84C76EFFBE49533B2.e.310","ELEMENT":"f.73E06E20145AF85821ADC503D3E38742.d.841D29BCDC60CFB84C76EFFBE49533B2.e.310"}]}
RESULT: {}
RESULT: {"script":"<script> [8489 bytes]","args":[{"element-6066-11e4-a52e-4f735466cecf":"f.73E06E20145AF85821ADC503D3E38742.d.841D29BCDC60CFB84C76EFFBE49533B2.e.310","ELEMENT":"f.73E06E20145AF85821ADC503D3E38742.d.841D29BCDC60CFB84C76EFFBE49533B2.e.310"}]}
COMMAND: POST /session/a952926708249603da5cc69792e3d2be/execute/sync - {"script":"<script> [5351 bytes]","args":[{"element-6066-11e4-a52e-4f735466cecf":"f.73E06E20145AF85821ADC503D3E38742.d.841D29BCDC60CFB84C76EFFBE49533B2.e.310","ELEMENT":"f.73E06E20145AF85821ADC503D3E38742.d.841D29BCDC60CFB84C76EFFBE49533B2.e.310"}]}
COMMAND: GET /session/a952926708249603da5cc69792e3d2be/screenshot - {}
RESULT: {}
RESULT: {"script":"<script> [5351 bytes]","args":[{"element-6066-11e4-a52e-4f735466cecf":"f.73E06E20145AF85821ADC503D3E38742.d.841D29BCDC60CFB84C76EFFBE49533B2.e.310","ELEMENT":"f.73E06E20145AF85821ADC503D3E38742.d.841D29BCDC60CFB84C76EFFBE49533B2.e.310"}]}
COMMAND: POST /session/a952926708249603da5cc69792e3d2be/execute/sync - {"script":"<script> [8489 bytes]","args":[{"element-6066-11e4-a52e-4f735466cecf":"f.73E06E20145AF85821ADC503D3E38742.d.841D29BCDC60CFB84C76EFFBE49533B2.e.310","ELEMENT":"f.73E06E20145AF85821ADC503D3E38742.d.841D29BCDC60CFB84C76EFFBE49533B2.e.310"}]}
COMMAND: GET /session/a952926708249603da5cc69792e3d2be/screenshot - {}
RESULT: {}
RESULT: {"script":"<script> [8489 bytes]","args":[{"element-6066-11e4-a52e-4f735466cecf":"f.73E06E20145AF85821ADC503D3E38742.d.841D29BCDC60CFB84C76EFFBE49533B2.e.310","ELEMENT":"f.73E06E20145AF85821ADC503D3E38742.d.841D29BCDC60CFB84C76EFFBE49533B2.e.310"}]}
COMMAND: POST /session/a952926708249603da5cc69792e3d2be/execute/sync - {"script":"<script> [5351 bytes]","args":[{"element-6066-11e4-a52e-4f735466cecf":"f.73E06E20145AF85821ADC503D3E38742.d.841D29BCDC60CFB84C76EFFBE49533B2.e.310","ELEMENT":"f.73E06E20145AF85821ADC503D3E38742.d.841D29BCDC60CFB84C76EFFBE49533B2.e.310"}]}
COMMAND: GET /session/a952926708249603da5cc69792e3d2be/screenshot - {}
RESULT: {}
RESULT: {"script":"<script> [5351 bytes]","args":[{"element-6066-11e4-a52e-4f735466cecf":"f.73E06E20145AF85821ADC503D3E38742.d.841D29BCDC60CFB84C76EFFBE49533B2.e.310","ELEMENT":"f.73E06E20145AF85821ADC503D3E38742.d.841D29BCDC60CFB84C76EFFBE49533B2.e.310"}]}
COMMAND: GET /session/a952926708249603da5cc69792e3d2be/screenshot - {}
COMMAND: POST /session/a952926708249603da5cc69792e3d2be/execute/sync - {"script":"<script> [8489 bytes]","args":[{"element-6066-11e4-a52e-4f735466cecf":"f.73E06E20145AF85821ADC503D3E38742.d.841D29BCDC60CFB84C76EFFBE49533B2.e.310","ELEMENT":"f.73E06E20145AF85821ADC503D3E38742.d.841D29BCDC60CFB84C76EFFBE49533B2.e.310"}]}
RESULT: {}
RESULT: {}
RESULT: {"script":"<script> [8489 bytes]","args":[{"element-6066-11e4-a52e-4f735466cecf":"f.73E06E20145AF85821ADC503D3E38742.d.841D29BCDC60CFB84C76EFFBE49533B2.e.310","ELEMENT":"f.73E06E20145AF85821ADC503D3E38742.d.841D29BCDC60CFB84C76EFFBE49533B2.e.310"}]}
COMMAND: POST /session/a952926708249603da5cc69792e3d2be/execute/sync - {"script":"<script> [5351 bytes]","args":[{"element-6066-11e4-a52e-4f735466cecf":"f.73E06E20145AF85821ADC503D3E38742.d.841D29BCDC60CFB84C76EFFBE49533B2.e.310","ELEMENT":"f.73E06E20145AF85821ADC503D3E38742.d.841D29BCDC60CFB84C76EFFBE49533B2.e.310"}]}
COMMAND: GET /session/a952926708249603da5cc69792e3d2be/screenshot - {}
RESULT: {"script":"<script> [5351 bytes]","args":[{"element-6066-11e4-a52e-4f735466cecf":"f.73E06E20145AF85821ADC503D3E38742.d.841D29BCDC60CFB84C76EFFBE49533B2.e.310","ELEMENT":"f.73E06E20145AF85821ADC503D3E38742.d.841D29BCDC60CFB84C76EFFBE49533B2.e.310"}]}
COMMAND: POST /session/a952926708249603da5cc69792e3d2be/execute/sync - {"script":"<script> [8489 bytes]","args":[{"element-6066-11e4-a52e-4f735466cecf":"f.73E06E20145AF85821ADC503D3E38742.d.841D29BCDC60CFB84C76EFFBE49533B2.e.310","ELEMENT":"f.73E06E20145AF85821ADC503D3E38742.d.841D29BCDC60CFB84C76EFFBE49533B2.e.310"}]}
COMMAND: GET /session/a952926708249603da5cc69792e3d2be/screenshot - {}
RESULT: {}
RESULT: {"script":"<script> [8489 bytes]","args":[{"element-6066-11e4-a52e-4f735466cecf":"f.73E06E20145AF85821ADC503D3E38742.d.841D29BCDC60CFB84C76EFFBE49533B2.e.310","ELEMENT":"f.73E06E20145AF85821ADC503D3E38742.d.841D29BCDC60CFB84C76EFFBE49533B2.e.310"}]}
COMMAND: POST /session/a952926708249603da5cc69792e3d2be/execute/sync - {"script":"<script> [5351 bytes]","args":[{"element-6066-11e4-a52e-4f735466cecf":"f.73E06E20145AF85821ADC503D3E38742.d.841D29BCDC60CFB84C76EFFBE49533B2.e.310","ELEMENT":"f.73E06E20145AF85821ADC503D3E38742.d.841D29BCDC60CFB84C76EFFBE49533B2.e.310"}]}
COMMAND: GET /session/a952926708249603da5cc69792e3d2be/screenshot - {}
RESULT: {}
RESULT: {"script":"<script> [5351 bytes]","args":[{"element-6066-11e4-a52e-4f735466cecf":"f.73E06E20145AF85821ADC503D3E38742.d.841D29BCDC60CFB84C76EFFBE49533B2.e.310","ELEMENT":"f.73E06E20145AF85821ADC503D3E38742.d.841D29BCDC60CFB84C76EFFBE49533B2.e.310"}]}
COMMAND: GET /session/a952926708249603da5cc69792e3d2be/screenshot - {}
COMMAND: POST /session/a952926708249603da5cc69792e3d2be/execute/sync - {"script":"<script> [8489 bytes]","args":[{"element-6066-11e4-a52e-4f735466cecf":"f.73E06E20145AF85821ADC503D3E38742.d.841D29BCDC60CFB84C76EFFBE49533B2.e.310","ELEMENT":"f.73E06E20145AF85821ADC503D3E38742.d.841D29BCDC60CFB84C76EFFBE49533B2.e.310"}]}
RESULT: {}
RESULT: {}
RESULT: {"script":"<script> [8489 bytes]","args":[{"element-6066-11e4-a52e-4f735466cecf":"f.73E06E20145AF85821ADC503D3E38742.d.841D29BCDC60CFB84C76EFFBE49533B2.e.310","ELEMENT":"f.73E06E20145AF85821ADC503D3E38742.d.841D29BCDC60CFB84C76EFFBE49533B2.e.310"}]}
COMMAND: POST /session/a952926708249603da5cc69792e3d2be/execute/sync - {"script":"<script> [5351 bytes]","args":[{"element-6066-11e4-a52e-4f735466cecf":"f.73E06E20145AF85821ADC503D3E38742.d.841D29BCDC60CFB84C76EFFBE49533B2.e.310","ELEMENT":"f.73E06E20145AF85821ADC503D3E38742.d.841D29BCDC60CFB84C76EFFBE49533B2.e.310"}]}
COMMAND: GET /session/a952926708249603da5cc69792e3d2be/screenshot - {}
RESULT: {"script":"<script> [5351 bytes]","args":[{"element-6066-11e4-a52e-4f735466cecf":"f.73E06E20145AF85821ADC503D3E38742.d.841D29BCDC60CFB84C76EFFBE49533B2.e.310","ELEMENT":"f.73E06E20145AF85821ADC503D3E38742.d.841D29BCDC60CFB84C76EFFBE49533B2.e.310"}]}
COMMAND: POST /session/a952926708249603da5cc69792e3d2be/execute/sync - {"script":"<script> [8489 bytes]","args":[{"element-6066-11e4-a52e-4f735466cecf":"f.73E06E20145AF85821ADC503D3E38742.d.841D29BCDC60CFB84C76EFFBE49533B2.e.310","ELEMENT":"f.73E06E20145AF85821ADC503D3E38742.d.841D29BCDC60CFB84C76EFFBE49533B2.e.310"}]}
COMMAND: GET /session/a952926708249603da5cc69792e3d2be/screenshot - {}
RESULT: {}
RESULT: {"script":"<script> [8489 bytes]","args":[{"element-6066-11e4-a52e-4f735466cecf":"f.73E06E20145AF85821ADC503D3E38742.d.841D29BCDC60CFB84C76EFFBE49533B2.e.310","ELEMENT":"f.73E06E20145AF85821ADC503D3E38742.d.841D29BCDC60CFB84C76EFFBE49533B2.e.310"}]}
COMMAND: POST /session/a952926708249603da5cc69792e3d2be/execute/sync - {"script":"<script> [5351 bytes]","args":[{"element-6066-11e4-a52e-4f735466cecf":"f.73E06E20145AF85821ADC503D3E38742.d.841D29BCDC60CFB84C76EFFBE49533B2.e.310","ELEMENT":"f.73E06E20145AF85821ADC503D3E38742.d.841D29BCDC60CFB84C76EFFBE49533B2.e.310"}]}
COMMAND: GET /session/a952926708249603da5cc69792e3d2be/screenshot - {}
RESULT: {}
RESULT: {"script":"<script> [5351 bytes]","args":[{"element-6066-11e4-a52e-4f735466cecf":"f.73E06E20145AF85821ADC503D3E38742.d.841D29BCDC60CFB84C76EFFBE49533B2.e.310","ELEMENT":"f.73E06E20145AF85821ADC503D3E38742.d.841D29BCDC60CFB84C76EFFBE49533B2.e.310"}]}
COMMAND: GET /session/a952926708249603da5cc69792e3d2be/screenshot - {}
COMMAND: POST /session/a952926708249603da5cc69792e3d2be/execute/sync - {"script":"<script> [8489 bytes]","args":[{"element-6066-11e4-a52e-4f735466cecf":"f.73E06E20145AF85821ADC503D3E38742.d.841D29BCDC60CFB84C76EFFBE49533B2.e.310","ELEMENT":"f.73E06E20145AF85821ADC503D3E38742.d.841D29BCDC60CFB84C76EFFBE49533B2.e.310"}]}
RESULT: {}
RESULT: {}
RESULT: {"script":"<script> [8489 bytes]","args":[{"element-6066-11e4-a52e-4f735466cecf":"f.73E06E20145AF85821ADC503D3E38742.d.841D29BCDC60CFB84C76EFFBE49533B2.e.310","ELEMENT":"f.73E06E20145AF85821ADC503D3E38742.d.841D29BCDC60CFB84C76EFFBE49533B2.e.310"}]}
COMMAND: POST /session/a952926708249603da5cc69792e3d2be/execute/sync - {"script":"<script> [5351 bytes]","args":[{"element-6066-11e4-a52e-4f735466cecf":"f.73E06E20145AF85821ADC503D3E38742.d.841D29BCDC60CFB84C76EFFBE49533B2.e.310","ELEMENT":"f.73E06E20145AF85821ADC503D3E38742.d.841D29BCDC60CFB84C76EFFBE49533B2.e.310"}]}
COMMAND: GET /session/a952926708249603da5cc69792e3d2be/screenshot - {}
RESULT: {"script":"<script> [5351 bytes]","args":[{"element-6066-11e4-a52e-4f735466cecf":"f.73E06E20145AF85821ADC503D3E38742.d.841D29BCDC60CFB84C76EFFBE49533B2.e.310","ELEMENT":"f.73E06E20145AF85821ADC503D3E38742.d.841D29BCDC60CFB84C76EFFBE49533B2.e.310"}]}
COMMAND: GET /session/a952926708249603da5cc69792e3d2be/screenshot - {}
COMMAND: POST /session/a952926708249603da5cc69792e3d2be/execute/sync - {"script":"<script> [8489 bytes]","args":[{"element-6066-11e4-a52e-4f735466cecf":"f.73E06E20145AF85821ADC503D3E38742.d.841D29BCDC60CFB84C76EFFBE49533B2.e.310","ELEMENT":"f.73E06E20145AF85821ADC503D3E38742.d.841D29BCDC60CFB84C76EFFBE49533B2.e.310"}]}
RESULT: {}
RESULT: {}
RESULT: {"script":"<script> [8489 bytes]","args":[{"element-6066-11e4-a52e-4f735466cecf":"f.73E06E20145AF85821ADC503D3E38742.d.841D29BCDC60CFB84C76EFFBE49533B2.e.310","ELEMENT":"f.73E06E20145AF85821ADC503D3E38742.d.841D29BCDC60CFB84C76EFFBE49533B2.e.310"}]}
COMMAND: POST /session/a952926708249603da5cc69792e3d2be/execute/sync - {"script":"<script> [5351 bytes]","args":[{"element-6066-11e4-a52e-4f735466cecf":"f.73E06E20145AF85821ADC503D3E38742.d.841D29BCDC60CFB84C76EFFBE49533B2.e.310","ELEMENT":"f.73E06E20145AF85821ADC503D3E38742.d.841D29BCDC60CFB84C76EFFBE49533B2.e.310"}]}
COMMAND: GET /session/a952926708249603da5cc69792e3d2be/screenshot - {}
RESULT: {"script":"<script> [5351 bytes]","args":[{"element-6066-11e4-a52e-4f735466cecf":"f.73E06E20145AF85821ADC503D3E38742.d.841D29BCDC60CFB84C76EFFBE49533B2.e.310","ELEMENT":"f.73E06E20145AF85821ADC503D3E38742.d.841D29BCDC60CFB84C76EFFBE49533B2.e.310"}]}
COMMAND: GET /session/a952926708249603da5cc69792e3d2be/screenshot - {}
COMMAND: POST /session/a952926708249603da5cc69792e3d2be/execute/sync - {"script":"<script> [8489 bytes]","args":[{"element-6066-11e4-a52e-4f735466cecf":"f.73E06E20145AF85821ADC503D3E38742.d.841D29BCDC60CFB84C76EFFBE49533B2.e.310","ELEMENT":"f.73E06E20145AF85821ADC503D3E38742.d.841D29BCDC60CFB84C76EFFBE49533B2.e.310"}]}
RESULT: {}
RESULT: {"script":"<script> [8489 bytes]","args":[{"element-6066-11e4-a52e-4f735466cecf":"f.73E06E20145AF85821ADC503D3E38742.d.841D29BCDC60CFB84C76EFFBE49533B2.e.310","ELEMENT":"f.73E06E20145AF85821ADC503D3E38742.d.841D29BCDC60CFB84C76EFFBE49533B2.e.310"}]}
COMMAND: POST /session/a952926708249603da5cc69792e3d2be/execute/sync - {"script":"<script> [5351 bytes]","args":[{"element-6066-11e4-a52e-4f735466cecf":"f.73E06E20145AF85821ADC503D3E38742.d.841D29BCDC60CFB84C76EFFBE49533B2.e.310","ELEMENT":"f.73E06E20145AF85821ADC503D3E38742.d.841D29BCDC60CFB84C76EFFBE49533B2.e.310"}]}
COMMAND: GET /session/a952926708249603da5cc69792e3d2be/screenshot - {}
RESULT: {}
RESULT: {"script":"<script> [5351 bytes]","args":[{"element-6066-11e4-a52e-4f735466cecf":"f.73E06E20145AF85821ADC503D3E38742.d.841D29BCDC60CFB84C76EFFBE49533B2.e.310","ELEMENT":"f.73E06E20145AF85821ADC503D3E38742.d.841D29BCDC60CFB84C76EFFBE49533B2.e.310"}]}
COMMAND: GET /session/a952926708249603da5cc69792e3d2be/screenshot - {}
COMMAND: POST /session/a952926708249603da5cc69792e3d2be/execute/sync - {"script":"<script> [8489 bytes]","args":[{"element-6066-11e4-a52e-4f735466cecf":"f.73E06E20145AF85821ADC503D3E38742.d.841D29BCDC60CFB84C76EFFBE49533B2.e.310","ELEMENT":"f.73E06E20145AF85821ADC503D3E38742.d.841D29BCDC60CFB84C76EFFBE49533B2.e.310"}]}
COMMAND: GET /session/a952926708249603da5cc69792e3d2be/screenshot - {}
RESULT: {}
RESULT: {}
RESULT: {"script":"<script> [8489 bytes]","args":[{"element-6066-11e4-a52e-4f735466cecf":"f.73E06E20145AF85821ADC503D3E38742.d.841D29BCDC60CFB84C76EFFBE49533B2.e.310","ELEMENT":"f.73E06E20145AF85821ADC503D3E38742.d.841D29BCDC60CFB84C76EFFBE49533B2.e.310"}]}
COMMAND: POST /session/a952926708249603da5cc69792e3d2be/execute/sync - {"script":"<script> [5351 bytes]","args":[{"element-6066-11e4-a52e-4f735466cecf":"f.73E06E20145AF85821ADC503D3E38742.d.841D29BCDC60CFB84C76EFFBE49533B2.e.310","ELEMENT":"f.73E06E20145AF85821ADC503D3E38742.d.841D29BCDC60CFB84C76EFFBE49533B2.e.310"}]}
COMMAND: GET /session/a952926708249603da5cc69792e3d2be/screenshot - {}
RESULT: {}
]]></system-out>
      <system-err><![CDATA[
Error: element ("//button[@data-kt="addNewYardOverflowToolbarButton"]") still not clickable after 45000ms
    at async UtilsPrerequisites.yardCreation (D:\a\1\s\test\specs\BTS\prerequisites-and-utils-functions.js:54:9)
    at async Context.<anonymous> (D:\a\1\s\test\specs\BTS\manage-partners.spec.js:18:41)
]]></system-err>
    </testcase>
    <testcase classname="chrome.136_0_7103_49.windows.Partner_specific_tests_US150819_US151080_US151654_US151176_US103444_US151078_US151079_US151109_US151174_US151175_US151189" name="Should create new external partner US150819" time="57.343">
      <skipped />
      <system-out><![CDATA[
COMMAND: POST /session/a952926708249603da5cc69792e3d2be/element - {"using":"xpath","value":"//li[.//span[text()=\"Manage Partners\"]]"}
COMMAND: GET /session/a952926708249603da5cc69792e3d2be/screenshot - {}
RESULT: {"script":"<script> [5351 bytes]","args":[{"element-6066-11e4-a52e-4f735466cecf":"f.73E06E20145AF85821ADC503D3E38742.d.841D29BCDC60CFB84C76EFFBE49533B2.e.310","ELEMENT":"f.73E06E20145AF85821ADC503D3E38742.d.841D29BCDC60CFB84C76EFFBE49533B2.e.310"}]}
COMMAND: GET /session/a952926708249603da5cc69792e3d2be/screenshot - {}
RESULT: {}
RESULT: {"using":"xpath","value":"//li[.//span[text()=\"Manage Partners\"]]"}
COMMAND: POST /session/a952926708249603da5cc69792e3d2be/element - {"using":"xpath","value":"//li[.//span[text()=\"Manage Partners\"]]"}
RESULT: {}
RESULT: {}
RESULT: {"using":"xpath","value":"//li[.//span[text()=\"Manage Partners\"]]"}
COMMAND: POST /session/a952926708249603da5cc69792e3d2be/element - {"using":"css selector","value":"#shell-header-logo"}
RESULT: {"using":"css selector","value":"#shell-header-logo"}
COMMAND: POST /session/a952926708249603da5cc69792e3d2be/element/f.73E06E20145AF85821ADC503D3E38742.d.841D29BCDC60CFB84C76EFFBE49533B2.e.264/click - {}
COMMAND: POST /session/a952926708249603da5cc69792e3d2be/execute/sync - {"script":"<script> [8489 bytes]","args":[{"element-6066-11e4-a52e-4f735466cecf":"f.73E06E20145AF85821ADC503D3E38742.d.841D29BCDC60CFB84C76EFFBE49533B2.e.264","ELEMENT":"f.73E06E20145AF85821ADC503D3E38742.d.841D29BCDC60CFB84C76EFFBE49533B2.e.264"}]}
RESULT: {"script":"<script> [8489 bytes]","args":[{"element-6066-11e4-a52e-4f735466cecf":"f.73E06E20145AF85821ADC503D3E38742.d.841D29BCDC60CFB84C76EFFBE49533B2.e.264","ELEMENT":"f.73E06E20145AF85821ADC503D3E38742.d.841D29BCDC60CFB84C76EFFBE49533B2.e.264"}]}
COMMAND: POST /session/a952926708249603da5cc69792e3d2be/execute/sync - {"script":"<script> [5351 bytes]","args":[{"element-6066-11e4-a52e-4f735466cecf":"f.73E06E20145AF85821ADC503D3E38742.d.841D29BCDC60CFB84C76EFFBE49533B2.e.264","ELEMENT":"f.73E06E20145AF85821ADC503D3E38742.d.841D29BCDC60CFB84C76EFFBE49533B2.e.264"}]}
COMMAND: GET /session/a952926708249603da5cc69792e3d2be/screenshot - {}
RESULT: {"script":"<script> [5351 bytes]","args":[{"element-6066-11e4-a52e-4f735466cecf":"f.73E06E20145AF85821ADC503D3E38742.d.841D29BCDC60CFB84C76EFFBE49533B2.e.264","ELEMENT":"f.73E06E20145AF85821ADC503D3E38742.d.841D29BCDC60CFB84C76EFFBE49533B2.e.264"}]}
COMMAND: GET /session/a952926708249603da5cc69792e3d2be/screenshot - {}
RESULT: {}
RESULT: {}
COMMAND: POST /session/a952926708249603da5cc69792e3d2be/window/fullscreen - {}
RESULT: {}
COMMAND: POST /session/a952926708249603da5cc69792e3d2be/execute/async - {"script":"<script> [1562 bytes]","args":[{"selector":{"controlType":"sap.m.GenericTile","properties":{"header":"Manage Partners"}},"wdio_ui5_key":"sapm.GenericTile{\"header\":\"Manage Partners\"}"}]}
RESULT: {"script":"<script> [1562 bytes]","args":[{"selector":{"controlType":"sap.m.GenericTile","properties":{"header":"Manage Partners"}},"wdio_ui5_key":"sapm.GenericTile{\"header\":\"Manage Partners\"}"}]}
RESULT: undefined
COMMAND: POST /session/a952926708249603da5cc69792e3d2be/element - {"using":"xpath","value":"//button[@data-kt=\"addButton\"]"}
RESULT: {"using":"xpath","value":"//button[@data-kt=\"addButton\"]"}
COMMAND: POST /session/a952926708249603da5cc69792e3d2be/elements - {"using":"xpath","value":"//button[@data-kt=\"addButton\"]"}
RESULT: {"using":"xpath","value":"//button[@data-kt=\"addButton\"]"}
COMMAND: POST /session/a952926708249603da5cc69792e3d2be/elements - {"using":"xpath","value":"//button[@data-kt=\"addButton\"]"}
RESULT: {"using":"xpath","value":"//button[@data-kt=\"addButton\"]"}
COMMAND: POST /session/a952926708249603da5cc69792e3d2be/elements - {"using":"xpath","value":"//button[@data-kt=\"addButton\"]"}
RESULT: {"using":"xpath","value":"//button[@data-kt=\"addButton\"]"}
COMMAND: POST /session/a952926708249603da5cc69792e3d2be/elements - {"using":"xpath","value":"//button[@data-kt=\"addButton\"]"}
RESULT: {"using":"xpath","value":"//button[@data-kt=\"addButton\"]"}
COMMAND: POST /session/a952926708249603da5cc69792e3d2be/elements - {"using":"xpath","value":"//button[@data-kt=\"addButton\"]"}
RESULT: {"using":"xpath","value":"//button[@data-kt=\"addButton\"]"}
COMMAND: POST /session/a952926708249603da5cc69792e3d2be/elements - {"using":"xpath","value":"//button[@data-kt=\"addButton\"]"}
RESULT: {"using":"xpath","value":"//button[@data-kt=\"addButton\"]"}
COMMAND: POST /session/a952926708249603da5cc69792e3d2be/elements - {"using":"xpath","value":"//button[@data-kt=\"addButton\"]"}
RESULT: {"using":"xpath","value":"//button[@data-kt=\"addButton\"]"}
COMMAND: POST /session/a952926708249603da5cc69792e3d2be/elements - {"using":"xpath","value":"//button[@data-kt=\"addButton\"]"}
RESULT: {"using":"xpath","value":"//button[@data-kt=\"addButton\"]"}
COMMAND: POST /session/a952926708249603da5cc69792e3d2be/elements - {"using":"xpath","value":"//button[@data-kt=\"addButton\"]"}
RESULT: {"using":"xpath","value":"//button[@data-kt=\"addButton\"]"}
COMMAND: POST /session/a952926708249603da5cc69792e3d2be/elements - {"using":"xpath","value":"//button[@data-kt=\"addButton\"]"}
RESULT: {"using":"xpath","value":"//button[@data-kt=\"addButton\"]"}
COMMAND: POST /session/a952926708249603da5cc69792e3d2be/elements - {"using":"xpath","value":"//button[@data-kt=\"addButton\"]"}
RESULT: {"using":"xpath","value":"//button[@data-kt=\"addButton\"]"}
COMMAND: POST /session/a952926708249603da5cc69792e3d2be/elements - {"using":"xpath","value":"//button[@data-kt=\"addButton\"]"}
RESULT: {"using":"xpath","value":"//button[@data-kt=\"addButton\"]"}
COMMAND: POST /session/a952926708249603da5cc69792e3d2be/elements - {"using":"xpath","value":"//button[@data-kt=\"addButton\"]"}
RESULT: {"using":"xpath","value":"//button[@data-kt=\"addButton\"]"}
COMMAND: POST /session/a952926708249603da5cc69792e3d2be/elements - {"using":"xpath","value":"//button[@data-kt=\"addButton\"]"}
RESULT: {"using":"xpath","value":"//button[@data-kt=\"addButton\"]"}
COMMAND: POST /session/a952926708249603da5cc69792e3d2be/elements - {"using":"xpath","value":"//button[@data-kt=\"addButton\"]"}
RESULT: {"using":"xpath","value":"//button[@data-kt=\"addButton\"]"}
COMMAND: POST /session/a952926708249603da5cc69792e3d2be/elements - {"using":"xpath","value":"//button[@data-kt=\"addButton\"]"}
RESULT: {"using":"xpath","value":"//button[@data-kt=\"addButton\"]"}
COMMAND: POST /session/a952926708249603da5cc69792e3d2be/elements - {"using":"xpath","value":"//button[@data-kt=\"addButton\"]"}
RESULT: {"using":"xpath","value":"//button[@data-kt=\"addButton\"]"}
COMMAND: POST /session/a952926708249603da5cc69792e3d2be/elements - {"using":"xpath","value":"//button[@data-kt=\"addButton\"]"}
RESULT: {"using":"xpath","value":"//button[@data-kt=\"addButton\"]"}
COMMAND: POST /session/a952926708249603da5cc69792e3d2be/elements - {"using":"xpath","value":"//button[@data-kt=\"addButton\"]"}
RESULT: {"using":"xpath","value":"//button[@data-kt=\"addButton\"]"}
COMMAND: POST /session/a952926708249603da5cc69792e3d2be/elements - {"using":"xpath","value":"//button[@data-kt=\"addButton\"]"}
RESULT: {"using":"xpath","value":"//button[@data-kt=\"addButton\"]"}
COMMAND: POST /session/a952926708249603da5cc69792e3d2be/elements - {"using":"xpath","value":"//button[@data-kt=\"addButton\"]"}
RESULT: {"using":"xpath","value":"//button[@data-kt=\"addButton\"]"}
COMMAND: POST /session/a952926708249603da5cc69792e3d2be/elements - {"using":"xpath","value":"//button[@data-kt=\"addButton\"]"}
RESULT: {"using":"xpath","value":"//button[@data-kt=\"addButton\"]"}
COMMAND: POST /session/a952926708249603da5cc69792e3d2be/elements - {"using":"xpath","value":"//button[@data-kt=\"addButton\"]"}
RESULT: {"using":"xpath","value":"//button[@data-kt=\"addButton\"]"}
COMMAND: POST /session/a952926708249603da5cc69792e3d2be/elements - {"using":"xpath","value":"//button[@data-kt=\"addButton\"]"}
RESULT: {"using":"xpath","value":"//button[@data-kt=\"addButton\"]"}
COMMAND: POST /session/a952926708249603da5cc69792e3d2be/elements - {"using":"xpath","value":"//button[@data-kt=\"addButton\"]"}
RESULT: {"using":"xpath","value":"//button[@data-kt=\"addButton\"]"}
COMMAND: POST /session/a952926708249603da5cc69792e3d2be/elements - {"using":"xpath","value":"//button[@data-kt=\"addButton\"]"}
RESULT: {"using":"xpath","value":"//button[@data-kt=\"addButton\"]"}
COMMAND: POST /session/a952926708249603da5cc69792e3d2be/elements - {"using":"xpath","value":"//button[@data-kt=\"addButton\"]"}
RESULT: {"using":"xpath","value":"//button[@data-kt=\"addButton\"]"}
COMMAND: POST /session/a952926708249603da5cc69792e3d2be/elements - {"using":"xpath","value":"//button[@data-kt=\"addButton\"]"}
RESULT: {"using":"xpath","value":"//button[@data-kt=\"addButton\"]"}
COMMAND: POST /session/a952926708249603da5cc69792e3d2be/elements - {"using":"xpath","value":"//button[@data-kt=\"addButton\"]"}
RESULT: {"using":"xpath","value":"//button[@data-kt=\"addButton\"]"}
COMMAND: POST /session/a952926708249603da5cc69792e3d2be/elements - {"using":"xpath","value":"//button[@data-kt=\"addButton\"]"}
RESULT: {"using":"xpath","value":"//button[@data-kt=\"addButton\"]"}
COMMAND: POST /session/a952926708249603da5cc69792e3d2be/elements - {"using":"xpath","value":"//button[@data-kt=\"addButton\"]"}
RESULT: {"using":"xpath","value":"//button[@data-kt=\"addButton\"]"}
COMMAND: POST /session/a952926708249603da5cc69792e3d2be/elements - {"using":"xpath","value":"//button[@data-kt=\"addButton\"]"}
RESULT: {"using":"xpath","value":"//button[@data-kt=\"addButton\"]"}
COMMAND: POST /session/a952926708249603da5cc69792e3d2be/elements - {"using":"xpath","value":"//button[@data-kt=\"addButton\"]"}
RESULT: {"using":"xpath","value":"//button[@data-kt=\"addButton\"]"}
COMMAND: POST /session/a952926708249603da5cc69792e3d2be/elements - {"using":"xpath","value":"//button[@data-kt=\"addButton\"]"}
RESULT: {"using":"xpath","value":"//button[@data-kt=\"addButton\"]"}
COMMAND: POST /session/a952926708249603da5cc69792e3d2be/elements - {"using":"xpath","value":"//button[@data-kt=\"addButton\"]"}
RESULT: {"using":"xpath","value":"//button[@data-kt=\"addButton\"]"}
COMMAND: POST /session/a952926708249603da5cc69792e3d2be/elements - {"using":"xpath","value":"//button[@data-kt=\"addButton\"]"}
RESULT: {"using":"xpath","value":"//button[@data-kt=\"addButton\"]"}
COMMAND: POST /session/a952926708249603da5cc69792e3d2be/elements - {"using":"xpath","value":"//button[@data-kt=\"addButton\"]"}
RESULT: {"using":"xpath","value":"//button[@data-kt=\"addButton\"]"}
COMMAND: POST /session/a952926708249603da5cc69792e3d2be/elements - {"using":"xpath","value":"//button[@data-kt=\"addButton\"]"}
RESULT: {"using":"xpath","value":"//button[@data-kt=\"addButton\"]"}
COMMAND: POST /session/a952926708249603da5cc69792e3d2be/elements - {"using":"xpath","value":"//button[@data-kt=\"addButton\"]"}
RESULT: {"using":"xpath","value":"//button[@data-kt=\"addButton\"]"}
COMMAND: POST /session/a952926708249603da5cc69792e3d2be/elements - {"using":"xpath","value":"//button[@data-kt=\"addButton\"]"}
RESULT: {"using":"xpath","value":"//button[@data-kt=\"addButton\"]"}
COMMAND: POST /session/a952926708249603da5cc69792e3d2be/elements - {"using":"xpath","value":"//button[@data-kt=\"addButton\"]"}
RESULT: {"using":"xpath","value":"//button[@data-kt=\"addButton\"]"}
COMMAND: POST /session/a952926708249603da5cc69792e3d2be/elements - {"using":"xpath","value":"//button[@data-kt=\"addButton\"]"}
RESULT: {"using":"xpath","value":"//button[@data-kt=\"addButton\"]"}
COMMAND: POST /session/a952926708249603da5cc69792e3d2be/elements - {"using":"xpath","value":"//button[@data-kt=\"addButton\"]"}
RESULT: {"using":"xpath","value":"//button[@data-kt=\"addButton\"]"}
COMMAND: POST /session/a952926708249603da5cc69792e3d2be/elements - {"using":"xpath","value":"//button[@data-kt=\"addButton\"]"}
RESULT: {"using":"xpath","value":"//button[@data-kt=\"addButton\"]"}
COMMAND: POST /session/a952926708249603da5cc69792e3d2be/elements - {"using":"xpath","value":"//button[@data-kt=\"addButton\"]"}
RESULT: {"using":"xpath","value":"//button[@data-kt=\"addButton\"]"}
COMMAND: POST /session/a952926708249603da5cc69792e3d2be/elements - {"using":"xpath","value":"//button[@data-kt=\"addButton\"]"}
RESULT: {"using":"xpath","value":"//button[@data-kt=\"addButton\"]"}
COMMAND: POST /session/a952926708249603da5cc69792e3d2be/elements - {"using":"xpath","value":"//button[@data-kt=\"addButton\"]"}
RESULT: {"using":"xpath","value":"//button[@data-kt=\"addButton\"]"}
COMMAND: POST /session/a952926708249603da5cc69792e3d2be/elements - {"using":"xpath","value":"//button[@data-kt=\"addButton\"]"}
RESULT: {"using":"xpath","value":"//button[@data-kt=\"addButton\"]"}
COMMAND: POST /session/a952926708249603da5cc69792e3d2be/elements - {"using":"xpath","value":"//button[@data-kt=\"addButton\"]"}
RESULT: {"using":"xpath","value":"//button[@data-kt=\"addButton\"]"}
COMMAND: POST /session/a952926708249603da5cc69792e3d2be/elements - {"using":"xpath","value":"//button[@data-kt=\"addButton\"]"}
RESULT: {"using":"xpath","value":"//button[@data-kt=\"addButton\"]"}
COMMAND: POST /session/a952926708249603da5cc69792e3d2be/elements - {"using":"xpath","value":"//button[@data-kt=\"addButton\"]"}
RESULT: {"using":"xpath","value":"//button[@data-kt=\"addButton\"]"}
COMMAND: POST /session/a952926708249603da5cc69792e3d2be/elements - {"using":"xpath","value":"//button[@data-kt=\"addButton\"]"}
RESULT: {"using":"xpath","value":"//button[@data-kt=\"addButton\"]"}
COMMAND: POST /session/a952926708249603da5cc69792e3d2be/elements - {"using":"xpath","value":"//button[@data-kt=\"addButton\"]"}
RESULT: {"using":"xpath","value":"//button[@data-kt=\"addButton\"]"}
COMMAND: POST /session/a952926708249603da5cc69792e3d2be/elements - {"using":"xpath","value":"//button[@data-kt=\"addButton\"]"}
RESULT: {"using":"xpath","value":"//button[@data-kt=\"addButton\"]"}
COMMAND: POST /session/a952926708249603da5cc69792e3d2be/elements - {"using":"xpath","value":"//button[@data-kt=\"addButton\"]"}
RESULT: {"using":"xpath","value":"//button[@data-kt=\"addButton\"]"}
COMMAND: POST /session/a952926708249603da5cc69792e3d2be/elements - {"using":"xpath","value":"//button[@data-kt=\"addButton\"]"}
RESULT: {"using":"xpath","value":"//button[@data-kt=\"addButton\"]"}
COMMAND: POST /session/a952926708249603da5cc69792e3d2be/elements - {"using":"xpath","value":"//button[@data-kt=\"addButton\"]"}
RESULT: {"using":"xpath","value":"//button[@data-kt=\"addButton\"]"}
COMMAND: POST /session/a952926708249603da5cc69792e3d2be/elements - {"using":"xpath","value":"//button[@data-kt=\"addButton\"]"}
RESULT: {"using":"xpath","value":"//button[@data-kt=\"addButton\"]"}
COMMAND: POST /session/a952926708249603da5cc69792e3d2be/elements - {"using":"xpath","value":"//button[@data-kt=\"addButton\"]"}
RESULT: {"using":"xpath","value":"//button[@data-kt=\"addButton\"]"}
COMMAND: POST /session/a952926708249603da5cc69792e3d2be/elements - {"using":"xpath","value":"//button[@data-kt=\"addButton\"]"}
RESULT: {"using":"xpath","value":"//button[@data-kt=\"addButton\"]"}
COMMAND: POST /session/a952926708249603da5cc69792e3d2be/elements - {"using":"xpath","value":"//button[@data-kt=\"addButton\"]"}
RESULT: {"using":"xpath","value":"//button[@data-kt=\"addButton\"]"}
COMMAND: POST /session/a952926708249603da5cc69792e3d2be/elements - {"using":"xpath","value":"//button[@data-kt=\"addButton\"]"}
RESULT: {"using":"xpath","value":"//button[@data-kt=\"addButton\"]"}
COMMAND: POST /session/a952926708249603da5cc69792e3d2be/elements - {"using":"xpath","value":"//button[@data-kt=\"addButton\"]"}
RESULT: {"using":"xpath","value":"//button[@data-kt=\"addButton\"]"}
COMMAND: POST /session/a952926708249603da5cc69792e3d2be/elements - {"using":"xpath","value":"//button[@data-kt=\"addButton\"]"}
RESULT: {"using":"xpath","value":"//button[@data-kt=\"addButton\"]"}
COMMAND: POST /session/a952926708249603da5cc69792e3d2be/elements - {"using":"xpath","value":"//button[@data-kt=\"addButton\"]"}
RESULT: {"using":"xpath","value":"//button[@data-kt=\"addButton\"]"}
COMMAND: POST /session/a952926708249603da5cc69792e3d2be/elements - {"using":"xpath","value":"//button[@data-kt=\"addButton\"]"}
RESULT: {"using":"xpath","value":"//button[@data-kt=\"addButton\"]"}
COMMAND: POST /session/a952926708249603da5cc69792e3d2be/elements - {"using":"xpath","value":"//button[@data-kt=\"addButton\"]"}
RESULT: {"using":"xpath","value":"//button[@data-kt=\"addButton\"]"}
COMMAND: POST /session/a952926708249603da5cc69792e3d2be/elements - {"using":"xpath","value":"//button[@data-kt=\"addButton\"]"}
RESULT: {"using":"xpath","value":"//button[@data-kt=\"addButton\"]"}
COMMAND: POST /session/a952926708249603da5cc69792e3d2be/elements - {"using":"xpath","value":"//button[@data-kt=\"addButton\"]"}
RESULT: {"using":"xpath","value":"//button[@data-kt=\"addButton\"]"}
COMMAND: POST /session/a952926708249603da5cc69792e3d2be/elements - {"using":"xpath","value":"//button[@data-kt=\"addButton\"]"}
RESULT: {"using":"xpath","value":"//button[@data-kt=\"addButton\"]"}
COMMAND: POST /session/a952926708249603da5cc69792e3d2be/elements - {"using":"xpath","value":"//button[@data-kt=\"addButton\"]"}
RESULT: {"using":"xpath","value":"//button[@data-kt=\"addButton\"]"}
COMMAND: POST /session/a952926708249603da5cc69792e3d2be/elements - {"using":"xpath","value":"//button[@data-kt=\"addButton\"]"}
RESULT: {"using":"xpath","value":"//button[@data-kt=\"addButton\"]"}
COMMAND: POST /session/a952926708249603da5cc69792e3d2be/elements - {"using":"xpath","value":"//button[@data-kt=\"addButton\"]"}
RESULT: {"using":"xpath","value":"//button[@data-kt=\"addButton\"]"}
COMMAND: POST /session/a952926708249603da5cc69792e3d2be/elements - {"using":"xpath","value":"//button[@data-kt=\"addButton\"]"}
RESULT: {"using":"xpath","value":"//button[@data-kt=\"addButton\"]"}
COMMAND: POST /session/a952926708249603da5cc69792e3d2be/elements - {"using":"xpath","value":"//button[@data-kt=\"addButton\"]"}
RESULT: {"using":"xpath","value":"//button[@data-kt=\"addButton\"]"}
COMMAND: POST /session/a952926708249603da5cc69792e3d2be/elements - {"using":"xpath","value":"//button[@data-kt=\"addButton\"]"}
RESULT: {"using":"xpath","value":"//button[@data-kt=\"addButton\"]"}
COMMAND: POST /session/a952926708249603da5cc69792e3d2be/elements - {"using":"xpath","value":"//button[@data-kt=\"addButton\"]"}
RESULT: {"using":"xpath","value":"//button[@data-kt=\"addButton\"]"}
COMMAND: POST /session/a952926708249603da5cc69792e3d2be/elements - {"using":"xpath","value":"//button[@data-kt=\"addButton\"]"}
RESULT: {"using":"xpath","value":"//button[@data-kt=\"addButton\"]"}
COMMAND: POST /session/a952926708249603da5cc69792e3d2be/elements - {"using":"xpath","value":"//button[@data-kt=\"addButton\"]"}
RESULT: {"using":"xpath","value":"//button[@data-kt=\"addButton\"]"}
COMMAND: POST /session/a952926708249603da5cc69792e3d2be/elements - {"using":"xpath","value":"//button[@data-kt=\"addButton\"]"}
RESULT: {"using":"xpath","value":"//button[@data-kt=\"addButton\"]"}
COMMAND: POST /session/a952926708249603da5cc69792e3d2be/elements - {"using":"xpath","value":"//button[@data-kt=\"addButton\"]"}
RESULT: {"using":"xpath","value":"//button[@data-kt=\"addButton\"]"}
COMMAND: POST /session/a952926708249603da5cc69792e3d2be/elements - {"using":"xpath","value":"//button[@data-kt=\"addButton\"]"}
RESULT: {"using":"xpath","value":"//button[@data-kt=\"addButton\"]"}
COMMAND: POST /session/a952926708249603da5cc69792e3d2be/elements - {"using":"xpath","value":"//button[@data-kt=\"addButton\"]"}
RESULT: {"using":"xpath","value":"//button[@data-kt=\"addButton\"]"}
COMMAND: POST /session/a952926708249603da5cc69792e3d2be/elements - {"using":"xpath","value":"//button[@data-kt=\"addButton\"]"}
RESULT: {"using":"xpath","value":"//button[@data-kt=\"addButton\"]"}
COMMAND: POST /session/a952926708249603da5cc69792e3d2be/elements - {"using":"xpath","value":"//button[@data-kt=\"addButton\"]"}
RESULT: {"using":"xpath","value":"//button[@data-kt=\"addButton\"]"}
COMMAND: POST /session/a952926708249603da5cc69792e3d2be/elements - {"using":"xpath","value":"//button[@data-kt=\"addButton\"]"}
RESULT: {"using":"xpath","value":"//button[@data-kt=\"addButton\"]"}
COMMAND: POST /session/a952926708249603da5cc69792e3d2be/elements - {"using":"xpath","value":"//button[@data-kt=\"addButton\"]"}
RESULT: {"using":"xpath","value":"//button[@data-kt=\"addButton\"]"}
COMMAND: POST /session/a952926708249603da5cc69792e3d2be/elements - {"using":"xpath","value":"//button[@data-kt=\"addButton\"]"}
RESULT: {"using":"xpath","value":"//button[@data-kt=\"addButton\"]"}
COMMAND: POST /session/a952926708249603da5cc69792e3d2be/elements - {"using":"xpath","value":"//button[@data-kt=\"addButton\"]"}
RESULT: {"using":"xpath","value":"//button[@data-kt=\"addButton\"]"}
COMMAND: POST /session/a952926708249603da5cc69792e3d2be/elements - {"using":"xpath","value":"//button[@data-kt=\"addButton\"]"}
RESULT: {"using":"xpath","value":"//button[@data-kt=\"addButton\"]"}
COMMAND: GET /session/a952926708249603da5cc69792e3d2be/screenshot - {}
RESULT: {}
]]></system-out>
      <system-err><![CDATA[
Error: element ("//button[@data-kt="addButton"]") still not existing after 45000ms
    at async UtilsPrerequisites.partnerCreation (D:\a\1\s\test\specs\BTS\prerequisites-and-utils-functions.js:387:9)
    at async Context.<anonymous> (D:\a\1\s\test\specs\BTS\manage-partners.spec.js:23:47)
]]></system-err>
    </testcase>
    <testcase classname="chrome.136_0_7103_49.windows.Partner_specific_tests_US150819_US151080_US151654_US151176_US103444_US151078_US151079_US151109_US151174_US151175_US151189" name="Should create new external partner US150819" time="55.708">
      <skipped />
      <system-out><![CDATA[
COMMAND: POST /session/a952926708249603da5cc69792e3d2be/element - {"using":"xpath","value":"//li[.//span[text()=\"Manage Partners\"]]"}
RESULT: {"using":"xpath","value":"//li[.//span[text()=\"Manage Partners\"]]"}
COMMAND: POST /session/a952926708249603da5cc69792e3d2be/element - {"using":"xpath","value":"//li[.//span[text()=\"Manage Partners\"]]"}
RESULT: {"using":"xpath","value":"//li[.//span[text()=\"Manage Partners\"]]"}
COMMAND: POST /session/a952926708249603da5cc69792e3d2be/element - {"using":"css selector","value":"#shell-header-logo"}
RESULT: {"using":"css selector","value":"#shell-header-logo"}
COMMAND: POST /session/a952926708249603da5cc69792e3d2be/element/f.73E06E20145AF85821ADC503D3E38742.d.841D29BCDC60CFB84C76EFFBE49533B2.e.264/click - {}
COMMAND: POST /session/a952926708249603da5cc69792e3d2be/execute/sync - {"script":"<script> [8489 bytes]","args":[{"element-6066-11e4-a52e-4f735466cecf":"f.73E06E20145AF85821ADC503D3E38742.d.841D29BCDC60CFB84C76EFFBE49533B2.e.264","ELEMENT":"f.73E06E20145AF85821ADC503D3E38742.d.841D29BCDC60CFB84C76EFFBE49533B2.e.264"}]}
RESULT: {"script":"<script> [8489 bytes]","args":[{"element-6066-11e4-a52e-4f735466cecf":"f.73E06E20145AF85821ADC503D3E38742.d.841D29BCDC60CFB84C76EFFBE49533B2.e.264","ELEMENT":"f.73E06E20145AF85821ADC503D3E38742.d.841D29BCDC60CFB84C76EFFBE49533B2.e.264"}]}
COMMAND: POST /session/a952926708249603da5cc69792e3d2be/execute/sync - {"script":"<script> [5351 bytes]","args":[{"element-6066-11e4-a52e-4f735466cecf":"f.73E06E20145AF85821ADC503D3E38742.d.841D29BCDC60CFB84C76EFFBE49533B2.e.264","ELEMENT":"f.73E06E20145AF85821ADC503D3E38742.d.841D29BCDC60CFB84C76EFFBE49533B2.e.264"}]}
COMMAND: GET /session/a952926708249603da5cc69792e3d2be/screenshot - {}
RESULT: {"script":"<script> [5351 bytes]","args":[{"element-6066-11e4-a52e-4f735466cecf":"f.73E06E20145AF85821ADC503D3E38742.d.841D29BCDC60CFB84C76EFFBE49533B2.e.264","ELEMENT":"f.73E06E20145AF85821ADC503D3E38742.d.841D29BCDC60CFB84C76EFFBE49533B2.e.264"}]}
COMMAND: GET /session/a952926708249603da5cc69792e3d2be/screenshot - {}
RESULT: {}
RESULT: {}
COMMAND: POST /session/a952926708249603da5cc69792e3d2be/window/fullscreen - {}
RESULT: {}
RESULT: undefined
COMMAND: POST /session/a952926708249603da5cc69792e3d2be/element - {"using":"xpath","value":"//button[@data-kt=\"addButton\"]"}
RESULT: {"using":"xpath","value":"//button[@data-kt=\"addButton\"]"}
COMMAND: POST /session/a952926708249603da5cc69792e3d2be/elements - {"using":"xpath","value":"//button[@data-kt=\"addButton\"]"}
RESULT: {"using":"xpath","value":"//button[@data-kt=\"addButton\"]"}
COMMAND: POST /session/a952926708249603da5cc69792e3d2be/elements - {"using":"xpath","value":"//button[@data-kt=\"addButton\"]"}
RESULT: {"using":"xpath","value":"//button[@data-kt=\"addButton\"]"}
COMMAND: POST /session/a952926708249603da5cc69792e3d2be/elements - {"using":"xpath","value":"//button[@data-kt=\"addButton\"]"}
RESULT: {"using":"xpath","value":"//button[@data-kt=\"addButton\"]"}
COMMAND: POST /session/a952926708249603da5cc69792e3d2be/elements - {"using":"xpath","value":"//button[@data-kt=\"addButton\"]"}
RESULT: {"using":"xpath","value":"//button[@data-kt=\"addButton\"]"}
COMMAND: POST /session/a952926708249603da5cc69792e3d2be/elements - {"using":"xpath","value":"//button[@data-kt=\"addButton\"]"}
RESULT: {"using":"xpath","value":"//button[@data-kt=\"addButton\"]"}
COMMAND: POST /session/a952926708249603da5cc69792e3d2be/elements - {"using":"xpath","value":"//button[@data-kt=\"addButton\"]"}
RESULT: {"using":"xpath","value":"//button[@data-kt=\"addButton\"]"}
COMMAND: POST /session/a952926708249603da5cc69792e3d2be/elements - {"using":"xpath","value":"//button[@data-kt=\"addButton\"]"}
RESULT: {"using":"xpath","value":"//button[@data-kt=\"addButton\"]"}
COMMAND: POST /session/a952926708249603da5cc69792e3d2be/elements - {"using":"xpath","value":"//button[@data-kt=\"addButton\"]"}
RESULT: {"using":"xpath","value":"//button[@data-kt=\"addButton\"]"}
COMMAND: POST /session/a952926708249603da5cc69792e3d2be/elements - {"using":"xpath","value":"//button[@data-kt=\"addButton\"]"}
RESULT: {"using":"xpath","value":"//button[@data-kt=\"addButton\"]"}
COMMAND: POST /session/a952926708249603da5cc69792e3d2be/elements - {"using":"xpath","value":"//button[@data-kt=\"addButton\"]"}
RESULT: {"using":"xpath","value":"//button[@data-kt=\"addButton\"]"}
COMMAND: POST /session/a952926708249603da5cc69792e3d2be/elements - {"using":"xpath","value":"//button[@data-kt=\"addButton\"]"}
RESULT: {"using":"xpath","value":"//button[@data-kt=\"addButton\"]"}
COMMAND: POST /session/a952926708249603da5cc69792e3d2be/elements - {"using":"xpath","value":"//button[@data-kt=\"addButton\"]"}
RESULT: {"using":"xpath","value":"//button[@data-kt=\"addButton\"]"}
COMMAND: POST /session/a952926708249603da5cc69792e3d2be/elements - {"using":"xpath","value":"//button[@data-kt=\"addButton\"]"}
RESULT: {"using":"xpath","value":"//button[@data-kt=\"addButton\"]"}
COMMAND: POST /session/a952926708249603da5cc69792e3d2be/elements - {"using":"xpath","value":"//button[@data-kt=\"addButton\"]"}
RESULT: {"using":"xpath","value":"//button[@data-kt=\"addButton\"]"}
COMMAND: POST /session/a952926708249603da5cc69792e3d2be/elements - {"using":"xpath","value":"//button[@data-kt=\"addButton\"]"}
RESULT: {"using":"xpath","value":"//button[@data-kt=\"addButton\"]"}
COMMAND: POST /session/a952926708249603da5cc69792e3d2be/elements - {"using":"xpath","value":"//button[@data-kt=\"addButton\"]"}
RESULT: {"using":"xpath","value":"//button[@data-kt=\"addButton\"]"}
COMMAND: POST /session/a952926708249603da5cc69792e3d2be/elements - {"using":"xpath","value":"//button[@data-kt=\"addButton\"]"}
RESULT: {"using":"xpath","value":"//button[@data-kt=\"addButton\"]"}
COMMAND: POST /session/a952926708249603da5cc69792e3d2be/elements - {"using":"xpath","value":"//button[@data-kt=\"addButton\"]"}
RESULT: {"using":"xpath","value":"//button[@data-kt=\"addButton\"]"}
COMMAND: POST /session/a952926708249603da5cc69792e3d2be/elements - {"using":"xpath","value":"//button[@data-kt=\"addButton\"]"}
RESULT: {"using":"xpath","value":"//button[@data-kt=\"addButton\"]"}
COMMAND: POST /session/a952926708249603da5cc69792e3d2be/elements - {"using":"xpath","value":"//button[@data-kt=\"addButton\"]"}
RESULT: {"using":"xpath","value":"//button[@data-kt=\"addButton\"]"}
COMMAND: POST /session/a952926708249603da5cc69792e3d2be/elements - {"using":"xpath","value":"//button[@data-kt=\"addButton\"]"}
RESULT: {"using":"xpath","value":"//button[@data-kt=\"addButton\"]"}
COMMAND: POST /session/a952926708249603da5cc69792e3d2be/elements - {"using":"xpath","value":"//button[@data-kt=\"addButton\"]"}
RESULT: {"using":"xpath","value":"//button[@data-kt=\"addButton\"]"}
COMMAND: POST /session/a952926708249603da5cc69792e3d2be/elements - {"using":"xpath","value":"//button[@data-kt=\"addButton\"]"}
RESULT: {"using":"xpath","value":"//button[@data-kt=\"addButton\"]"}
COMMAND: POST /session/a952926708249603da5cc69792e3d2be/elements - {"using":"xpath","value":"//button[@data-kt=\"addButton\"]"}
RESULT: {"using":"xpath","value":"//button[@data-kt=\"addButton\"]"}
COMMAND: POST /session/a952926708249603da5cc69792e3d2be/elements - {"using":"xpath","value":"//button[@data-kt=\"addButton\"]"}
RESULT: {"using":"xpath","value":"//button[@data-kt=\"addButton\"]"}
COMMAND: POST /session/a952926708249603da5cc69792e3d2be/elements - {"using":"xpath","value":"//button[@data-kt=\"addButton\"]"}
RESULT: {"using":"xpath","value":"//button[@data-kt=\"addButton\"]"}
COMMAND: POST /session/a952926708249603da5cc69792e3d2be/elements - {"using":"xpath","value":"//button[@data-kt=\"addButton\"]"}
RESULT: {"using":"xpath","value":"//button[@data-kt=\"addButton\"]"}
COMMAND: POST /session/a952926708249603da5cc69792e3d2be/elements - {"using":"xpath","value":"//button[@data-kt=\"addButton\"]"}
RESULT: {"using":"xpath","value":"//button[@data-kt=\"addButton\"]"}
COMMAND: POST /session/a952926708249603da5cc69792e3d2be/elements - {"using":"xpath","value":"//button[@data-kt=\"addButton\"]"}
RESULT: {"using":"xpath","value":"//button[@data-kt=\"addButton\"]"}
COMMAND: POST /session/a952926708249603da5cc69792e3d2be/elements - {"using":"xpath","value":"//button[@data-kt=\"addButton\"]"}
RESULT: {"using":"xpath","value":"//button[@data-kt=\"addButton\"]"}
COMMAND: POST /session/a952926708249603da5cc69792e3d2be/elements - {"using":"xpath","value":"//button[@data-kt=\"addButton\"]"}
RESULT: {"using":"xpath","value":"//button[@data-kt=\"addButton\"]"}
COMMAND: POST /session/a952926708249603da5cc69792e3d2be/elements - {"using":"xpath","value":"//button[@data-kt=\"addButton\"]"}
RESULT: {"using":"xpath","value":"//button[@data-kt=\"addButton\"]"}
COMMAND: POST /session/a952926708249603da5cc69792e3d2be/elements - {"using":"xpath","value":"//button[@data-kt=\"addButton\"]"}
RESULT: {"using":"xpath","value":"//button[@data-kt=\"addButton\"]"}
COMMAND: POST /session/a952926708249603da5cc69792e3d2be/elements - {"using":"xpath","value":"//button[@data-kt=\"addButton\"]"}
RESULT: {"using":"xpath","value":"//button[@data-kt=\"addButton\"]"}
COMMAND: POST /session/a952926708249603da5cc69792e3d2be/elements - {"using":"xpath","value":"//button[@data-kt=\"addButton\"]"}
RESULT: {"using":"xpath","value":"//button[@data-kt=\"addButton\"]"}
COMMAND: POST /session/a952926708249603da5cc69792e3d2be/elements - {"using":"xpath","value":"//button[@data-kt=\"addButton\"]"}
RESULT: {"using":"xpath","value":"//button[@data-kt=\"addButton\"]"}
COMMAND: POST /session/a952926708249603da5cc69792e3d2be/elements - {"using":"xpath","value":"//button[@data-kt=\"addButton\"]"}
RESULT: {"using":"xpath","value":"//button[@data-kt=\"addButton\"]"}
COMMAND: POST /session/a952926708249603da5cc69792e3d2be/elements - {"using":"xpath","value":"//button[@data-kt=\"addButton\"]"}
RESULT: {"using":"xpath","value":"//button[@data-kt=\"addButton\"]"}
COMMAND: POST /session/a952926708249603da5cc69792e3d2be/elements - {"using":"xpath","value":"//button[@data-kt=\"addButton\"]"}
RESULT: {"using":"xpath","value":"//button[@data-kt=\"addButton\"]"}
COMMAND: POST /session/a952926708249603da5cc69792e3d2be/elements - {"using":"xpath","value":"//button[@data-kt=\"addButton\"]"}
RESULT: {"using":"xpath","value":"//button[@data-kt=\"addButton\"]"}
COMMAND: POST /session/a952926708249603da5cc69792e3d2be/elements - {"using":"xpath","value":"//button[@data-kt=\"addButton\"]"}
RESULT: {"using":"xpath","value":"//button[@data-kt=\"addButton\"]"}
COMMAND: POST /session/a952926708249603da5cc69792e3d2be/elements - {"using":"xpath","value":"//button[@data-kt=\"addButton\"]"}
RESULT: {"using":"xpath","value":"//button[@data-kt=\"addButton\"]"}
COMMAND: POST /session/a952926708249603da5cc69792e3d2be/elements - {"using":"xpath","value":"//button[@data-kt=\"addButton\"]"}
RESULT: {"using":"xpath","value":"//button[@data-kt=\"addButton\"]"}
COMMAND: POST /session/a952926708249603da5cc69792e3d2be/elements - {"using":"xpath","value":"//button[@data-kt=\"addButton\"]"}
RESULT: {"using":"xpath","value":"//button[@data-kt=\"addButton\"]"}
COMMAND: POST /session/a952926708249603da5cc69792e3d2be/elements - {"using":"xpath","value":"//button[@data-kt=\"addButton\"]"}
RESULT: {"using":"xpath","value":"//button[@data-kt=\"addButton\"]"}
COMMAND: POST /session/a952926708249603da5cc69792e3d2be/elements - {"using":"xpath","value":"//button[@data-kt=\"addButton\"]"}
RESULT: {"using":"xpath","value":"//button[@data-kt=\"addButton\"]"}
COMMAND: POST /session/a952926708249603da5cc69792e3d2be/elements - {"using":"xpath","value":"//button[@data-kt=\"addButton\"]"}
RESULT: {"using":"xpath","value":"//button[@data-kt=\"addButton\"]"}
COMMAND: POST /session/a952926708249603da5cc69792e3d2be/elements - {"using":"xpath","value":"//button[@data-kt=\"addButton\"]"}
RESULT: {"using":"xpath","value":"//button[@data-kt=\"addButton\"]"}
COMMAND: POST /session/a952926708249603da5cc69792e3d2be/elements - {"using":"xpath","value":"//button[@data-kt=\"addButton\"]"}
RESULT: {"using":"xpath","value":"//button[@data-kt=\"addButton\"]"}
COMMAND: POST /session/a952926708249603da5cc69792e3d2be/elements - {"using":"xpath","value":"//button[@data-kt=\"addButton\"]"}
RESULT: {"using":"xpath","value":"//button[@data-kt=\"addButton\"]"}
COMMAND: POST /session/a952926708249603da5cc69792e3d2be/elements - {"using":"xpath","value":"//button[@data-kt=\"addButton\"]"}
RESULT: {"using":"xpath","value":"//button[@data-kt=\"addButton\"]"}
COMMAND: POST /session/a952926708249603da5cc69792e3d2be/elements - {"using":"xpath","value":"//button[@data-kt=\"addButton\"]"}
RESULT: {"using":"xpath","value":"//button[@data-kt=\"addButton\"]"}
COMMAND: POST /session/a952926708249603da5cc69792e3d2be/elements - {"using":"xpath","value":"//button[@data-kt=\"addButton\"]"}
RESULT: {"using":"xpath","value":"//button[@data-kt=\"addButton\"]"}
COMMAND: POST /session/a952926708249603da5cc69792e3d2be/elements - {"using":"xpath","value":"//button[@data-kt=\"addButton\"]"}
RESULT: {"using":"xpath","value":"//button[@data-kt=\"addButton\"]"}
COMMAND: POST /session/a952926708249603da5cc69792e3d2be/elements - {"using":"xpath","value":"//button[@data-kt=\"addButton\"]"}
RESULT: {"using":"xpath","value":"//button[@data-kt=\"addButton\"]"}
COMMAND: POST /session/a952926708249603da5cc69792e3d2be/elements - {"using":"xpath","value":"//button[@data-kt=\"addButton\"]"}
RESULT: {"using":"xpath","value":"//button[@data-kt=\"addButton\"]"}
COMMAND: POST /session/a952926708249603da5cc69792e3d2be/elements - {"using":"xpath","value":"//button[@data-kt=\"addButton\"]"}
RESULT: {"using":"xpath","value":"//button[@data-kt=\"addButton\"]"}
COMMAND: POST /session/a952926708249603da5cc69792e3d2be/elements - {"using":"xpath","value":"//button[@data-kt=\"addButton\"]"}
RESULT: {"using":"xpath","value":"//button[@data-kt=\"addButton\"]"}
COMMAND: POST /session/a952926708249603da5cc69792e3d2be/elements - {"using":"xpath","value":"//button[@data-kt=\"addButton\"]"}
RESULT: {"using":"xpath","value":"//button[@data-kt=\"addButton\"]"}
COMMAND: POST /session/a952926708249603da5cc69792e3d2be/elements - {"using":"xpath","value":"//button[@data-kt=\"addButton\"]"}
RESULT: {"using":"xpath","value":"//button[@data-kt=\"addButton\"]"}
COMMAND: POST /session/a952926708249603da5cc69792e3d2be/elements - {"using":"xpath","value":"//button[@data-kt=\"addButton\"]"}
RESULT: {"using":"xpath","value":"//button[@data-kt=\"addButton\"]"}
COMMAND: POST /session/a952926708249603da5cc69792e3d2be/elements - {"using":"xpath","value":"//button[@data-kt=\"addButton\"]"}
RESULT: {"using":"xpath","value":"//button[@data-kt=\"addButton\"]"}
COMMAND: POST /session/a952926708249603da5cc69792e3d2be/elements - {"using":"xpath","value":"//button[@data-kt=\"addButton\"]"}
RESULT: {"using":"xpath","value":"//button[@data-kt=\"addButton\"]"}
COMMAND: POST /session/a952926708249603da5cc69792e3d2be/elements - {"using":"xpath","value":"//button[@data-kt=\"addButton\"]"}
RESULT: {"using":"xpath","value":"//button[@data-kt=\"addButton\"]"}
COMMAND: POST /session/a952926708249603da5cc69792e3d2be/elements - {"using":"xpath","value":"//button[@data-kt=\"addButton\"]"}
RESULT: {"using":"xpath","value":"//button[@data-kt=\"addButton\"]"}
COMMAND: POST /session/a952926708249603da5cc69792e3d2be/elements - {"using":"xpath","value":"//button[@data-kt=\"addButton\"]"}
RESULT: {"using":"xpath","value":"//button[@data-kt=\"addButton\"]"}
COMMAND: POST /session/a952926708249603da5cc69792e3d2be/elements - {"using":"xpath","value":"//button[@data-kt=\"addButton\"]"}
RESULT: {"using":"xpath","value":"//button[@data-kt=\"addButton\"]"}
COMMAND: POST /session/a952926708249603da5cc69792e3d2be/elements - {"using":"xpath","value":"//button[@data-kt=\"addButton\"]"}
RESULT: {"using":"xpath","value":"//button[@data-kt=\"addButton\"]"}
COMMAND: POST /session/a952926708249603da5cc69792e3d2be/elements - {"using":"xpath","value":"//button[@data-kt=\"addButton\"]"}
RESULT: {"using":"xpath","value":"//button[@data-kt=\"addButton\"]"}
COMMAND: POST /session/a952926708249603da5cc69792e3d2be/elements - {"using":"xpath","value":"//button[@data-kt=\"addButton\"]"}
RESULT: {"using":"xpath","value":"//button[@data-kt=\"addButton\"]"}
COMMAND: POST /session/a952926708249603da5cc69792e3d2be/elements - {"using":"xpath","value":"//button[@data-kt=\"addButton\"]"}
RESULT: {"using":"xpath","value":"//button[@data-kt=\"addButton\"]"}
COMMAND: POST /session/a952926708249603da5cc69792e3d2be/elements - {"using":"xpath","value":"//button[@data-kt=\"addButton\"]"}
RESULT: {"using":"xpath","value":"//button[@data-kt=\"addButton\"]"}
COMMAND: POST /session/a952926708249603da5cc69792e3d2be/elements - {"using":"xpath","value":"//button[@data-kt=\"addButton\"]"}
RESULT: {"using":"xpath","value":"//button[@data-kt=\"addButton\"]"}
COMMAND: POST /session/a952926708249603da5cc69792e3d2be/elements - {"using":"xpath","value":"//button[@data-kt=\"addButton\"]"}
RESULT: {"using":"xpath","value":"//button[@data-kt=\"addButton\"]"}
COMMAND: POST /session/a952926708249603da5cc69792e3d2be/elements - {"using":"xpath","value":"//button[@data-kt=\"addButton\"]"}
RESULT: {"using":"xpath","value":"//button[@data-kt=\"addButton\"]"}
COMMAND: POST /session/a952926708249603da5cc69792e3d2be/elements - {"using":"xpath","value":"//button[@data-kt=\"addButton\"]"}
RESULT: {"using":"xpath","value":"//button[@data-kt=\"addButton\"]"}
COMMAND: POST /session/a952926708249603da5cc69792e3d2be/elements - {"using":"xpath","value":"//button[@data-kt=\"addButton\"]"}
RESULT: {"using":"xpath","value":"//button[@data-kt=\"addButton\"]"}
COMMAND: POST /session/a952926708249603da5cc69792e3d2be/elements - {"using":"xpath","value":"//button[@data-kt=\"addButton\"]"}
RESULT: {"using":"xpath","value":"//button[@data-kt=\"addButton\"]"}
COMMAND: POST /session/a952926708249603da5cc69792e3d2be/elements - {"using":"xpath","value":"//button[@data-kt=\"addButton\"]"}
RESULT: {"using":"xpath","value":"//button[@data-kt=\"addButton\"]"}
COMMAND: POST /session/a952926708249603da5cc69792e3d2be/elements - {"using":"xpath","value":"//button[@data-kt=\"addButton\"]"}
RESULT: {"using":"xpath","value":"//button[@data-kt=\"addButton\"]"}
COMMAND: POST /session/a952926708249603da5cc69792e3d2be/elements - {"using":"xpath","value":"//button[@data-kt=\"addButton\"]"}
RESULT: {"using":"xpath","value":"//button[@data-kt=\"addButton\"]"}
COMMAND: POST /session/a952926708249603da5cc69792e3d2be/elements - {"using":"xpath","value":"//button[@data-kt=\"addButton\"]"}
RESULT: {"using":"xpath","value":"//button[@data-kt=\"addButton\"]"}
COMMAND: POST /session/a952926708249603da5cc69792e3d2be/elements - {"using":"xpath","value":"//button[@data-kt=\"addButton\"]"}
RESULT: {"using":"xpath","value":"//button[@data-kt=\"addButton\"]"}
COMMAND: POST /session/a952926708249603da5cc69792e3d2be/elements - {"using":"xpath","value":"//button[@data-kt=\"addButton\"]"}
RESULT: {"using":"xpath","value":"//button[@data-kt=\"addButton\"]"}
COMMAND: POST /session/a952926708249603da5cc69792e3d2be/elements - {"using":"xpath","value":"//button[@data-kt=\"addButton\"]"}
RESULT: {"using":"xpath","value":"//button[@data-kt=\"addButton\"]"}
COMMAND: POST /session/a952926708249603da5cc69792e3d2be/elements - {"using":"xpath","value":"//button[@data-kt=\"addButton\"]"}
RESULT: {"using":"xpath","value":"//button[@data-kt=\"addButton\"]"}
COMMAND: POST /session/a952926708249603da5cc69792e3d2be/elements - {"using":"xpath","value":"//button[@data-kt=\"addButton\"]"}
RESULT: {"using":"xpath","value":"//button[@data-kt=\"addButton\"]"}
COMMAND: POST /session/a952926708249603da5cc69792e3d2be/elements - {"using":"xpath","value":"//button[@data-kt=\"addButton\"]"}
RESULT: {"using":"xpath","value":"//button[@data-kt=\"addButton\"]"}
COMMAND: POST /session/a952926708249603da5cc69792e3d2be/elements - {"using":"xpath","value":"//button[@data-kt=\"addButton\"]"}
RESULT: {"using":"xpath","value":"//button[@data-kt=\"addButton\"]"}
COMMAND: POST /session/a952926708249603da5cc69792e3d2be/elements - {"using":"xpath","value":"//button[@data-kt=\"addButton\"]"}
RESULT: {"using":"xpath","value":"//button[@data-kt=\"addButton\"]"}
COMMAND: GET /session/a952926708249603da5cc69792e3d2be/screenshot - {}
RESULT: {}
]]></system-out>
      <system-err><![CDATA[
Error: element ("//button[@data-kt="addButton"]") still not existing after 45000ms
    at async UtilsPrerequisites.partnerCreation (D:\a\1\s\test\specs\BTS\prerequisites-and-utils-functions.js:387:9)
    at async Context.<anonymous> (D:\a\1\s\test\specs\BTS\manage-partners.spec.js:23:47)
]]></system-err>
    </testcase>
    <testcase classname="chrome.136_0_7103_49.windows.Partner_specific_tests_US150819_US151080_US151654_US151176_US103444_US151078_US151079_US151109_US151174_US151175_US151189" name="Should filter and search partners US151080" time="55.902">
      <skipped />
      <system-out><![CDATA[
COMMAND: GET /session/a952926708249603da5cc69792e3d2be/screenshot - {}
COMMAND: POST /session/a952926708249603da5cc69792e3d2be/element - {"using":"xpath","value":"//li[.//span[text()=\"Manage Partners\"]]"}
RESULT: {}
RESULT: {"using":"xpath","value":"//li[.//span[text()=\"Manage Partners\"]]"}
COMMAND: POST /session/a952926708249603da5cc69792e3d2be/element - {"using":"xpath","value":"//li[.//span[text()=\"Manage Partners\"]]"}
RESULT: {"using":"xpath","value":"//li[.//span[text()=\"Manage Partners\"]]"}
COMMAND: POST /session/a952926708249603da5cc69792e3d2be/element - {"using":"css selector","value":"#shell-header-logo"}
RESULT: {"using":"css selector","value":"#shell-header-logo"}
COMMAND: POST /session/a952926708249603da5cc69792e3d2be/element/f.73E06E20145AF85821ADC503D3E38742.d.841D29BCDC60CFB84C76EFFBE49533B2.e.264/click - {}
COMMAND: POST /session/a952926708249603da5cc69792e3d2be/execute/sync - {"script":"<script> [8489 bytes]","args":[{"element-6066-11e4-a52e-4f735466cecf":"f.73E06E20145AF85821ADC503D3E38742.d.841D29BCDC60CFB84C76EFFBE49533B2.e.264","ELEMENT":"f.73E06E20145AF85821ADC503D3E38742.d.841D29BCDC60CFB84C76EFFBE49533B2.e.264"}]}
RESULT: {"script":"<script> [8489 bytes]","args":[{"element-6066-11e4-a52e-4f735466cecf":"f.73E06E20145AF85821ADC503D3E38742.d.841D29BCDC60CFB84C76EFFBE49533B2.e.264","ELEMENT":"f.73E06E20145AF85821ADC503D3E38742.d.841D29BCDC60CFB84C76EFFBE49533B2.e.264"}]}
COMMAND: POST /session/a952926708249603da5cc69792e3d2be/execute/sync - {"script":"<script> [5351 bytes]","args":[{"element-6066-11e4-a52e-4f735466cecf":"f.73E06E20145AF85821ADC503D3E38742.d.841D29BCDC60CFB84C76EFFBE49533B2.e.264","ELEMENT":"f.73E06E20145AF85821ADC503D3E38742.d.841D29BCDC60CFB84C76EFFBE49533B2.e.264"}]}
COMMAND: GET /session/a952926708249603da5cc69792e3d2be/screenshot - {}
RESULT: {"script":"<script> [5351 bytes]","args":[{"element-6066-11e4-a52e-4f735466cecf":"f.73E06E20145AF85821ADC503D3E38742.d.841D29BCDC60CFB84C76EFFBE49533B2.e.264","ELEMENT":"f.73E06E20145AF85821ADC503D3E38742.d.841D29BCDC60CFB84C76EFFBE49533B2.e.264"}]}
COMMAND: GET /session/a952926708249603da5cc69792e3d2be/screenshot - {}
RESULT: {}
RESULT: {}
RESULT: undefined
COMMAND: POST /session/a952926708249603da5cc69792e3d2be/element - {"using":"xpath","value":"//button[@data-kt=\"addButton\"]"}
RESULT: {"using":"xpath","value":"//button[@data-kt=\"addButton\"]"}
COMMAND: POST /session/a952926708249603da5cc69792e3d2be/elements - {"using":"xpath","value":"//button[@data-kt=\"addButton\"]"}
RESULT: {"using":"xpath","value":"//button[@data-kt=\"addButton\"]"}
COMMAND: POST /session/a952926708249603da5cc69792e3d2be/elements - {"using":"xpath","value":"//button[@data-kt=\"addButton\"]"}
RESULT: {"using":"xpath","value":"//button[@data-kt=\"addButton\"]"}
COMMAND: POST /session/a952926708249603da5cc69792e3d2be/elements - {"using":"xpath","value":"//button[@data-kt=\"addButton\"]"}
RESULT: {"using":"xpath","value":"//button[@data-kt=\"addButton\"]"}
COMMAND: POST /session/a952926708249603da5cc69792e3d2be/elements - {"using":"xpath","value":"//button[@data-kt=\"addButton\"]"}
RESULT: {"using":"xpath","value":"//button[@data-kt=\"addButton\"]"}
COMMAND: POST /session/a952926708249603da5cc69792e3d2be/elements - {"using":"xpath","value":"//button[@data-kt=\"addButton\"]"}
RESULT: {"using":"xpath","value":"//button[@data-kt=\"addButton\"]"}
COMMAND: POST /session/a952926708249603da5cc69792e3d2be/elements - {"using":"xpath","value":"//button[@data-kt=\"addButton\"]"}
RESULT: {"using":"xpath","value":"//button[@data-kt=\"addButton\"]"}
COMMAND: POST /session/a952926708249603da5cc69792e3d2be/elements - {"using":"xpath","value":"//button[@data-kt=\"addButton\"]"}
RESULT: {"using":"xpath","value":"//button[@data-kt=\"addButton\"]"}
COMMAND: POST /session/a952926708249603da5cc69792e3d2be/elements - {"using":"xpath","value":"//button[@data-kt=\"addButton\"]"}
RESULT: {"using":"xpath","value":"//button[@data-kt=\"addButton\"]"}
COMMAND: POST /session/a952926708249603da5cc69792e3d2be/elements - {"using":"xpath","value":"//button[@data-kt=\"addButton\"]"}
RESULT: {"using":"xpath","value":"//button[@data-kt=\"addButton\"]"}
COMMAND: POST /session/a952926708249603da5cc69792e3d2be/elements - {"using":"xpath","value":"//button[@data-kt=\"addButton\"]"}
RESULT: {"using":"xpath","value":"//button[@data-kt=\"addButton\"]"}
COMMAND: POST /session/a952926708249603da5cc69792e3d2be/elements - {"using":"xpath","value":"//button[@data-kt=\"addButton\"]"}
RESULT: {"using":"xpath","value":"//button[@data-kt=\"addButton\"]"}
COMMAND: POST /session/a952926708249603da5cc69792e3d2be/elements - {"using":"xpath","value":"//button[@data-kt=\"addButton\"]"}
RESULT: {"using":"xpath","value":"//button[@data-kt=\"addButton\"]"}
COMMAND: POST /session/a952926708249603da5cc69792e3d2be/elements - {"using":"xpath","value":"//button[@data-kt=\"addButton\"]"}
RESULT: {"using":"xpath","value":"//button[@data-kt=\"addButton\"]"}
COMMAND: POST /session/a952926708249603da5cc69792e3d2be/elements - {"using":"xpath","value":"//button[@data-kt=\"addButton\"]"}
RESULT: {"using":"xpath","value":"//button[@data-kt=\"addButton\"]"}
COMMAND: POST /session/a952926708249603da5cc69792e3d2be/elements - {"using":"xpath","value":"//button[@data-kt=\"addButton\"]"}
RESULT: {"using":"xpath","value":"//button[@data-kt=\"addButton\"]"}
COMMAND: POST /session/a952926708249603da5cc69792e3d2be/elements - {"using":"xpath","value":"//button[@data-kt=\"addButton\"]"}
RESULT: {"using":"xpath","value":"//button[@data-kt=\"addButton\"]"}
COMMAND: POST /session/a952926708249603da5cc69792e3d2be/elements - {"using":"xpath","value":"//button[@data-kt=\"addButton\"]"}
RESULT: {"using":"xpath","value":"//button[@data-kt=\"addButton\"]"}
COMMAND: POST /session/a952926708249603da5cc69792e3d2be/elements - {"using":"xpath","value":"//button[@data-kt=\"addButton\"]"}
RESULT: {"using":"xpath","value":"//button[@data-kt=\"addButton\"]"}
COMMAND: POST /session/a952926708249603da5cc69792e3d2be/elements - {"using":"xpath","value":"//button[@data-kt=\"addButton\"]"}
RESULT: {"using":"xpath","value":"//button[@data-kt=\"addButton\"]"}
COMMAND: POST /session/a952926708249603da5cc69792e3d2be/elements - {"using":"xpath","value":"//button[@data-kt=\"addButton\"]"}
RESULT: {"using":"xpath","value":"//button[@data-kt=\"addButton\"]"}
COMMAND: POST /session/a952926708249603da5cc69792e3d2be/elements - {"using":"xpath","value":"//button[@data-kt=\"addButton\"]"}
RESULT: {"using":"xpath","value":"//button[@data-kt=\"addButton\"]"}
COMMAND: POST /session/a952926708249603da5cc69792e3d2be/elements - {"using":"xpath","value":"//button[@data-kt=\"addButton\"]"}
RESULT: {"using":"xpath","value":"//button[@data-kt=\"addButton\"]"}
COMMAND: POST /session/a952926708249603da5cc69792e3d2be/elements - {"using":"xpath","value":"//button[@data-kt=\"addButton\"]"}
RESULT: {"using":"xpath","value":"//button[@data-kt=\"addButton\"]"}
COMMAND: POST /session/a952926708249603da5cc69792e3d2be/elements - {"using":"xpath","value":"//button[@data-kt=\"addButton\"]"}
RESULT: {"using":"xpath","value":"//button[@data-kt=\"addButton\"]"}
COMMAND: POST /session/a952926708249603da5cc69792e3d2be/elements - {"using":"xpath","value":"//button[@data-kt=\"addButton\"]"}
RESULT: {"using":"xpath","value":"//button[@data-kt=\"addButton\"]"}
COMMAND: POST /session/a952926708249603da5cc69792e3d2be/elements - {"using":"xpath","value":"//button[@data-kt=\"addButton\"]"}
RESULT: {"using":"xpath","value":"//button[@data-kt=\"addButton\"]"}
COMMAND: POST /session/a952926708249603da5cc69792e3d2be/elements - {"using":"xpath","value":"//button[@data-kt=\"addButton\"]"}
RESULT: {"using":"xpath","value":"//button[@data-kt=\"addButton\"]"}
COMMAND: POST /session/a952926708249603da5cc69792e3d2be/elements - {"using":"xpath","value":"//button[@data-kt=\"addButton\"]"}
RESULT: {"using":"xpath","value":"//button[@data-kt=\"addButton\"]"}
COMMAND: POST /session/a952926708249603da5cc69792e3d2be/elements - {"using":"xpath","value":"//button[@data-kt=\"addButton\"]"}
RESULT: {"using":"xpath","value":"//button[@data-kt=\"addButton\"]"}
COMMAND: POST /session/a952926708249603da5cc69792e3d2be/elements - {"using":"xpath","value":"//button[@data-kt=\"addButton\"]"}
RESULT: {"using":"xpath","value":"//button[@data-kt=\"addButton\"]"}
COMMAND: POST /session/a952926708249603da5cc69792e3d2be/elements - {"using":"xpath","value":"//button[@data-kt=\"addButton\"]"}
RESULT: {"using":"xpath","value":"//button[@data-kt=\"addButton\"]"}
COMMAND: POST /session/a952926708249603da5cc69792e3d2be/elements - {"using":"xpath","value":"//button[@data-kt=\"addButton\"]"}
RESULT: {"using":"xpath","value":"//button[@data-kt=\"addButton\"]"}
COMMAND: POST /session/a952926708249603da5cc69792e3d2be/elements - {"using":"xpath","value":"//button[@data-kt=\"addButton\"]"}
RESULT: {"using":"xpath","value":"//button[@data-kt=\"addButton\"]"}
COMMAND: POST /session/a952926708249603da5cc69792e3d2be/elements - {"using":"xpath","value":"//button[@data-kt=\"addButton\"]"}
RESULT: {"using":"xpath","value":"//button[@data-kt=\"addButton\"]"}
COMMAND: POST /session/a952926708249603da5cc69792e3d2be/elements - {"using":"xpath","value":"//button[@data-kt=\"addButton\"]"}
RESULT: {"using":"xpath","value":"//button[@data-kt=\"addButton\"]"}
COMMAND: POST /session/a952926708249603da5cc69792e3d2be/elements - {"using":"xpath","value":"//button[@data-kt=\"addButton\"]"}
RESULT: {"using":"xpath","value":"//button[@data-kt=\"addButton\"]"}
COMMAND: POST /session/a952926708249603da5cc69792e3d2be/elements - {"using":"xpath","value":"//button[@data-kt=\"addButton\"]"}
RESULT: {"using":"xpath","value":"//button[@data-kt=\"addButton\"]"}
COMMAND: POST /session/a952926708249603da5cc69792e3d2be/elements - {"using":"xpath","value":"//button[@data-kt=\"addButton\"]"}
RESULT: {"using":"xpath","value":"//button[@data-kt=\"addButton\"]"}
COMMAND: POST /session/a952926708249603da5cc69792e3d2be/elements - {"using":"xpath","value":"//button[@data-kt=\"addButton\"]"}
RESULT: {"using":"xpath","value":"//button[@data-kt=\"addButton\"]"}
COMMAND: POST /session/a952926708249603da5cc69792e3d2be/elements - {"using":"xpath","value":"//button[@data-kt=\"addButton\"]"}
RESULT: {"using":"xpath","value":"//button[@data-kt=\"addButton\"]"}
COMMAND: POST /session/a952926708249603da5cc69792e3d2be/elements - {"using":"xpath","value":"//button[@data-kt=\"addButton\"]"}
RESULT: {"using":"xpath","value":"//button[@data-kt=\"addButton\"]"}
COMMAND: POST /session/a952926708249603da5cc69792e3d2be/elements - {"using":"xpath","value":"//button[@data-kt=\"addButton\"]"}
RESULT: {"using":"xpath","value":"//button[@data-kt=\"addButton\"]"}
COMMAND: POST /session/a952926708249603da5cc69792e3d2be/elements - {"using":"xpath","value":"//button[@data-kt=\"addButton\"]"}
RESULT: {"using":"xpath","value":"//button[@data-kt=\"addButton\"]"}
COMMAND: POST /session/a952926708249603da5cc69792e3d2be/elements - {"using":"xpath","value":"//button[@data-kt=\"addButton\"]"}
RESULT: {"using":"xpath","value":"//button[@data-kt=\"addButton\"]"}
COMMAND: POST /session/a952926708249603da5cc69792e3d2be/elements - {"using":"xpath","value":"//button[@data-kt=\"addButton\"]"}
RESULT: {"using":"xpath","value":"//button[@data-kt=\"addButton\"]"}
COMMAND: POST /session/a952926708249603da5cc69792e3d2be/elements - {"using":"xpath","value":"//button[@data-kt=\"addButton\"]"}
RESULT: {"using":"xpath","value":"//button[@data-kt=\"addButton\"]"}
COMMAND: POST /session/a952926708249603da5cc69792e3d2be/elements - {"using":"xpath","value":"//button[@data-kt=\"addButton\"]"}
RESULT: {"using":"xpath","value":"//button[@data-kt=\"addButton\"]"}
COMMAND: POST /session/a952926708249603da5cc69792e3d2be/elements - {"using":"xpath","value":"//button[@data-kt=\"addButton\"]"}
RESULT: {"using":"xpath","value":"//button[@data-kt=\"addButton\"]"}
COMMAND: POST /session/a952926708249603da5cc69792e3d2be/elements - {"using":"xpath","value":"//button[@data-kt=\"addButton\"]"}
RESULT: {"using":"xpath","value":"//button[@data-kt=\"addButton\"]"}
COMMAND: POST /session/a952926708249603da5cc69792e3d2be/elements - {"using":"xpath","value":"//button[@data-kt=\"addButton\"]"}
RESULT: {"using":"xpath","value":"//button[@data-kt=\"addButton\"]"}
COMMAND: POST /session/a952926708249603da5cc69792e3d2be/elements - {"using":"xpath","value":"//button[@data-kt=\"addButton\"]"}
RESULT: {"using":"xpath","value":"//button[@data-kt=\"addButton\"]"}
COMMAND: POST /session/a952926708249603da5cc69792e3d2be/elements - {"using":"xpath","value":"//button[@data-kt=\"addButton\"]"}
RESULT: {"using":"xpath","value":"//button[@data-kt=\"addButton\"]"}
COMMAND: POST /session/a952926708249603da5cc69792e3d2be/elements - {"using":"xpath","value":"//button[@data-kt=\"addButton\"]"}
RESULT: {"using":"xpath","value":"//button[@data-kt=\"addButton\"]"}
COMMAND: POST /session/a952926708249603da5cc69792e3d2be/elements - {"using":"xpath","value":"//button[@data-kt=\"addButton\"]"}
RESULT: {"using":"xpath","value":"//button[@data-kt=\"addButton\"]"}
COMMAND: POST /session/a952926708249603da5cc69792e3d2be/elements - {"using":"xpath","value":"//button[@data-kt=\"addButton\"]"}
RESULT: {"using":"xpath","value":"//button[@data-kt=\"addButton\"]"}
COMMAND: POST /session/a952926708249603da5cc69792e3d2be/elements - {"using":"xpath","value":"//button[@data-kt=\"addButton\"]"}
RESULT: {"using":"xpath","value":"//button[@data-kt=\"addButton\"]"}
COMMAND: POST /session/a952926708249603da5cc69792e3d2be/elements - {"using":"xpath","value":"//button[@data-kt=\"addButton\"]"}
RESULT: {"using":"xpath","value":"//button[@data-kt=\"addButton\"]"}
COMMAND: POST /session/a952926708249603da5cc69792e3d2be/elements - {"using":"xpath","value":"//button[@data-kt=\"addButton\"]"}
RESULT: {"using":"xpath","value":"//button[@data-kt=\"addButton\"]"}
COMMAND: POST /session/a952926708249603da5cc69792e3d2be/elements - {"using":"xpath","value":"//button[@data-kt=\"addButton\"]"}
RESULT: {"using":"xpath","value":"//button[@data-kt=\"addButton\"]"}
COMMAND: POST /session/a952926708249603da5cc69792e3d2be/elements - {"using":"xpath","value":"//button[@data-kt=\"addButton\"]"}
RESULT: {"using":"xpath","value":"//button[@data-kt=\"addButton\"]"}
COMMAND: POST /session/a952926708249603da5cc69792e3d2be/elements - {"using":"xpath","value":"//button[@data-kt=\"addButton\"]"}
RESULT: {"using":"xpath","value":"//button[@data-kt=\"addButton\"]"}
COMMAND: POST /session/a952926708249603da5cc69792e3d2be/elements - {"using":"xpath","value":"//button[@data-kt=\"addButton\"]"}
RESULT: {"using":"xpath","value":"//button[@data-kt=\"addButton\"]"}
COMMAND: POST /session/a952926708249603da5cc69792e3d2be/elements - {"using":"xpath","value":"//button[@data-kt=\"addButton\"]"}
RESULT: {"using":"xpath","value":"//button[@data-kt=\"addButton\"]"}
COMMAND: POST /session/a952926708249603da5cc69792e3d2be/elements - {"using":"xpath","value":"//button[@data-kt=\"addButton\"]"}
RESULT: {"using":"xpath","value":"//button[@data-kt=\"addButton\"]"}
COMMAND: POST /session/a952926708249603da5cc69792e3d2be/elements - {"using":"xpath","value":"//button[@data-kt=\"addButton\"]"}
RESULT: {"using":"xpath","value":"//button[@data-kt=\"addButton\"]"}
COMMAND: POST /session/a952926708249603da5cc69792e3d2be/elements - {"using":"xpath","value":"//button[@data-kt=\"addButton\"]"}
RESULT: {"using":"xpath","value":"//button[@data-kt=\"addButton\"]"}
COMMAND: POST /session/a952926708249603da5cc69792e3d2be/elements - {"using":"xpath","value":"//button[@data-kt=\"addButton\"]"}
RESULT: {"using":"xpath","value":"//button[@data-kt=\"addButton\"]"}
COMMAND: POST /session/a952926708249603da5cc69792e3d2be/elements - {"using":"xpath","value":"//button[@data-kt=\"addButton\"]"}
RESULT: {"using":"xpath","value":"//button[@data-kt=\"addButton\"]"}
COMMAND: POST /session/a952926708249603da5cc69792e3d2be/elements - {"using":"xpath","value":"//button[@data-kt=\"addButton\"]"}
RESULT: {"using":"xpath","value":"//button[@data-kt=\"addButton\"]"}
COMMAND: POST /session/a952926708249603da5cc69792e3d2be/elements - {"using":"xpath","value":"//button[@data-kt=\"addButton\"]"}
RESULT: {"using":"xpath","value":"//button[@data-kt=\"addButton\"]"}
COMMAND: POST /session/a952926708249603da5cc69792e3d2be/elements - {"using":"xpath","value":"//button[@data-kt=\"addButton\"]"}
RESULT: {"using":"xpath","value":"//button[@data-kt=\"addButton\"]"}
COMMAND: POST /session/a952926708249603da5cc69792e3d2be/elements - {"using":"xpath","value":"//button[@data-kt=\"addButton\"]"}
RESULT: {"using":"xpath","value":"//button[@data-kt=\"addButton\"]"}
COMMAND: POST /session/a952926708249603da5cc69792e3d2be/elements - {"using":"xpath","value":"//button[@data-kt=\"addButton\"]"}
RESULT: {"using":"xpath","value":"//button[@data-kt=\"addButton\"]"}
COMMAND: POST /session/a952926708249603da5cc69792e3d2be/elements - {"using":"xpath","value":"//button[@data-kt=\"addButton\"]"}
RESULT: {"using":"xpath","value":"//button[@data-kt=\"addButton\"]"}
COMMAND: POST /session/a952926708249603da5cc69792e3d2be/elements - {"using":"xpath","value":"//button[@data-kt=\"addButton\"]"}
RESULT: {"using":"xpath","value":"//button[@data-kt=\"addButton\"]"}
COMMAND: POST /session/a952926708249603da5cc69792e3d2be/elements - {"using":"xpath","value":"//button[@data-kt=\"addButton\"]"}
RESULT: {"using":"xpath","value":"//button[@data-kt=\"addButton\"]"}
COMMAND: POST /session/a952926708249603da5cc69792e3d2be/elements - {"using":"xpath","value":"//button[@data-kt=\"addButton\"]"}
RESULT: {"using":"xpath","value":"//button[@data-kt=\"addButton\"]"}
COMMAND: POST /session/a952926708249603da5cc69792e3d2be/elements - {"using":"xpath","value":"//button[@data-kt=\"addButton\"]"}
RESULT: {"using":"xpath","value":"//button[@data-kt=\"addButton\"]"}
COMMAND: POST /session/a952926708249603da5cc69792e3d2be/elements - {"using":"xpath","value":"//button[@data-kt=\"addButton\"]"}
RESULT: {"using":"xpath","value":"//button[@data-kt=\"addButton\"]"}
COMMAND: POST /session/a952926708249603da5cc69792e3d2be/elements - {"using":"xpath","value":"//button[@data-kt=\"addButton\"]"}
RESULT: {"using":"xpath","value":"//button[@data-kt=\"addButton\"]"}
COMMAND: POST /session/a952926708249603da5cc69792e3d2be/elements - {"using":"xpath","value":"//button[@data-kt=\"addButton\"]"}
RESULT: {"using":"xpath","value":"//button[@data-kt=\"addButton\"]"}
COMMAND: POST /session/a952926708249603da5cc69792e3d2be/elements - {"using":"xpath","value":"//button[@data-kt=\"addButton\"]"}
RESULT: {"using":"xpath","value":"//button[@data-kt=\"addButton\"]"}
COMMAND: POST /session/a952926708249603da5cc69792e3d2be/elements - {"using":"xpath","value":"//button[@data-kt=\"addButton\"]"}
RESULT: {"using":"xpath","value":"//button[@data-kt=\"addButton\"]"}
COMMAND: POST /session/a952926708249603da5cc69792e3d2be/elements - {"using":"xpath","value":"//button[@data-kt=\"addButton\"]"}
RESULT: {"using":"xpath","value":"//button[@data-kt=\"addButton\"]"}
COMMAND: POST /session/a952926708249603da5cc69792e3d2be/elements - {"using":"xpath","value":"//button[@data-kt=\"addButton\"]"}
RESULT: {"using":"xpath","value":"//button[@data-kt=\"addButton\"]"}
COMMAND: POST /session/a952926708249603da5cc69792e3d2be/elements - {"using":"xpath","value":"//button[@data-kt=\"addButton\"]"}
RESULT: {"using":"xpath","value":"//button[@data-kt=\"addButton\"]"}
COMMAND: POST /session/a952926708249603da5cc69792e3d2be/elements - {"using":"xpath","value":"//button[@data-kt=\"addButton\"]"}
RESULT: {"using":"xpath","value":"//button[@data-kt=\"addButton\"]"}
COMMAND: POST /session/a952926708249603da5cc69792e3d2be/elements - {"using":"xpath","value":"//button[@data-kt=\"addButton\"]"}
RESULT: {"using":"xpath","value":"//button[@data-kt=\"addButton\"]"}
COMMAND: POST /session/a952926708249603da5cc69792e3d2be/elements - {"using":"xpath","value":"//button[@data-kt=\"addButton\"]"}
RESULT: {"using":"xpath","value":"//button[@data-kt=\"addButton\"]"}
COMMAND: POST /session/a952926708249603da5cc69792e3d2be/elements - {"using":"xpath","value":"//button[@data-kt=\"addButton\"]"}
RESULT: {"using":"xpath","value":"//button[@data-kt=\"addButton\"]"}
COMMAND: POST /session/a952926708249603da5cc69792e3d2be/elements - {"using":"xpath","value":"//button[@data-kt=\"addButton\"]"}
COMMAND: GET /session/a952926708249603da5cc69792e3d2be/screenshot - {}
RESULT: {"using":"xpath","value":"//button[@data-kt=\"addButton\"]"}
RESULT: {}
]]></system-out>
      <system-err><![CDATA[
Error: element ("//button[@data-kt="addButton"]") still not existing after 45000ms
    at async Context.<anonymous> (D:\a\1\s\test\specs\BTS\manage-partners.spec.js:41:9)
]]></system-err>
    </testcase>
    <testcase classname="chrome.136_0_7103_49.windows.Partner_specific_tests_US150819_US151080_US151654_US151176_US103444_US151078_US151079_US151109_US151174_US151175_US151189" name="Should filter and search partners US151080" time="55.49">
      <skipped />
      <system-out><![CDATA[
COMMAND: POST /session/a952926708249603da5cc69792e3d2be/element - {"using":"xpath","value":"//li[.//span[text()=\"Manage Partners\"]]"}
RESULT: {"using":"xpath","value":"//li[.//span[text()=\"Manage Partners\"]]"}
COMMAND: POST /session/a952926708249603da5cc69792e3d2be/element - {"using":"xpath","value":"//li[.//span[text()=\"Manage Partners\"]]"}
RESULT: {"using":"xpath","value":"//li[.//span[text()=\"Manage Partners\"]]"}
COMMAND: POST /session/a952926708249603da5cc69792e3d2be/element - {"using":"css selector","value":"#shell-header-logo"}
RESULT: {"using":"css selector","value":"#shell-header-logo"}
COMMAND: POST /session/a952926708249603da5cc69792e3d2be/element/f.73E06E20145AF85821ADC503D3E38742.d.841D29BCDC60CFB84C76EFFBE49533B2.e.264/click - {}
COMMAND: POST /session/a952926708249603da5cc69792e3d2be/execute/sync - {"script":"<script> [8489 bytes]","args":[{"element-6066-11e4-a52e-4f735466cecf":"f.73E06E20145AF85821ADC503D3E38742.d.841D29BCDC60CFB84C76EFFBE49533B2.e.264","ELEMENT":"f.73E06E20145AF85821ADC503D3E38742.d.841D29BCDC60CFB84C76EFFBE49533B2.e.264"}]}
RESULT: {"script":"<script> [8489 bytes]","args":[{"element-6066-11e4-a52e-4f735466cecf":"f.73E06E20145AF85821ADC503D3E38742.d.841D29BCDC60CFB84C76EFFBE49533B2.e.264","ELEMENT":"f.73E06E20145AF85821ADC503D3E38742.d.841D29BCDC60CFB84C76EFFBE49533B2.e.264"}]}
COMMAND: POST /session/a952926708249603da5cc69792e3d2be/execute/sync - {"script":"<script> [5351 bytes]","args":[{"element-6066-11e4-a52e-4f735466cecf":"f.73E06E20145AF85821ADC503D3E38742.d.841D29BCDC60CFB84C76EFFBE49533B2.e.264","ELEMENT":"f.73E06E20145AF85821ADC503D3E38742.d.841D29BCDC60CFB84C76EFFBE49533B2.e.264"}]}
COMMAND: GET /session/a952926708249603da5cc69792e3d2be/screenshot - {}
RESULT: {"script":"<script> [5351 bytes]","args":[{"element-6066-11e4-a52e-4f735466cecf":"f.73E06E20145AF85821ADC503D3E38742.d.841D29BCDC60CFB84C76EFFBE49533B2.e.264","ELEMENT":"f.73E06E20145AF85821ADC503D3E38742.d.841D29BCDC60CFB84C76EFFBE49533B2.e.264"}]}
COMMAND: GET /session/a952926708249603da5cc69792e3d2be/screenshot - {}
RESULT: {}
RESULT: {}
RESULT: undefined
COMMAND: POST /session/a952926708249603da5cc69792e3d2be/element - {"using":"xpath","value":"//button[@data-kt=\"addButton\"]"}
RESULT: {"using":"xpath","value":"//button[@data-kt=\"addButton\"]"}
COMMAND: POST /session/a952926708249603da5cc69792e3d2be/elements - {"using":"xpath","value":"//button[@data-kt=\"addButton\"]"}
RESULT: {"using":"xpath","value":"//button[@data-kt=\"addButton\"]"}
COMMAND: POST /session/a952926708249603da5cc69792e3d2be/elements - {"using":"xpath","value":"//button[@data-kt=\"addButton\"]"}
RESULT: {"using":"xpath","value":"//button[@data-kt=\"addButton\"]"}
COMMAND: POST /session/a952926708249603da5cc69792e3d2be/elements - {"using":"xpath","value":"//button[@data-kt=\"addButton\"]"}
RESULT: {"using":"xpath","value":"//button[@data-kt=\"addButton\"]"}
COMMAND: POST /session/a952926708249603da5cc69792e3d2be/elements - {"using":"xpath","value":"//button[@data-kt=\"addButton\"]"}
RESULT: {"using":"xpath","value":"//button[@data-kt=\"addButton\"]"}
COMMAND: POST /session/a952926708249603da5cc69792e3d2be/elements - {"using":"xpath","value":"//button[@data-kt=\"addButton\"]"}
RESULT: {"using":"xpath","value":"//button[@data-kt=\"addButton\"]"}
COMMAND: POST /session/a952926708249603da5cc69792e3d2be/elements - {"using":"xpath","value":"//button[@data-kt=\"addButton\"]"}
RESULT: {"using":"xpath","value":"//button[@data-kt=\"addButton\"]"}
COMMAND: POST /session/a952926708249603da5cc69792e3d2be/elements - {"using":"xpath","value":"//button[@data-kt=\"addButton\"]"}
RESULT: {"using":"xpath","value":"//button[@data-kt=\"addButton\"]"}
COMMAND: POST /session/a952926708249603da5cc69792e3d2be/elements - {"using":"xpath","value":"//button[@data-kt=\"addButton\"]"}
RESULT: {"using":"xpath","value":"//button[@data-kt=\"addButton\"]"}
COMMAND: POST /session/a952926708249603da5cc69792e3d2be/elements - {"using":"xpath","value":"//button[@data-kt=\"addButton\"]"}
RESULT: {"using":"xpath","value":"//button[@data-kt=\"addButton\"]"}
COMMAND: POST /session/a952926708249603da5cc69792e3d2be/elements - {"using":"xpath","value":"//button[@data-kt=\"addButton\"]"}
RESULT: {"using":"xpath","value":"//button[@data-kt=\"addButton\"]"}
COMMAND: POST /session/a952926708249603da5cc69792e3d2be/elements - {"using":"xpath","value":"//button[@data-kt=\"addButton\"]"}
RESULT: {"using":"xpath","value":"//button[@data-kt=\"addButton\"]"}
COMMAND: POST /session/a952926708249603da5cc69792e3d2be/elements - {"using":"xpath","value":"//button[@data-kt=\"addButton\"]"}
RESULT: {"using":"xpath","value":"//button[@data-kt=\"addButton\"]"}
COMMAND: POST /session/a952926708249603da5cc69792e3d2be/elements - {"using":"xpath","value":"//button[@data-kt=\"addButton\"]"}
RESULT: {"using":"xpath","value":"//button[@data-kt=\"addButton\"]"}
COMMAND: POST /session/a952926708249603da5cc69792e3d2be/elements - {"using":"xpath","value":"//button[@data-kt=\"addButton\"]"}
RESULT: {"using":"xpath","value":"//button[@data-kt=\"addButton\"]"}
COMMAND: POST /session/a952926708249603da5cc69792e3d2be/elements - {"using":"xpath","value":"//button[@data-kt=\"addButton\"]"}
RESULT: {"using":"xpath","value":"//button[@data-kt=\"addButton\"]"}
COMMAND: POST /session/a952926708249603da5cc69792e3d2be/elements - {"using":"xpath","value":"//button[@data-kt=\"addButton\"]"}
RESULT: {"using":"xpath","value":"//button[@data-kt=\"addButton\"]"}
COMMAND: POST /session/a952926708249603da5cc69792e3d2be/elements - {"using":"xpath","value":"//button[@data-kt=\"addButton\"]"}
RESULT: {"using":"xpath","value":"//button[@data-kt=\"addButton\"]"}
COMMAND: POST /session/a952926708249603da5cc69792e3d2be/elements - {"using":"xpath","value":"//button[@data-kt=\"addButton\"]"}
RESULT: {"using":"xpath","value":"//button[@data-kt=\"addButton\"]"}
COMMAND: POST /session/a952926708249603da5cc69792e3d2be/elements - {"using":"xpath","value":"//button[@data-kt=\"addButton\"]"}
RESULT: {"using":"xpath","value":"//button[@data-kt=\"addButton\"]"}
COMMAND: POST /session/a952926708249603da5cc69792e3d2be/elements - {"using":"xpath","value":"//button[@data-kt=\"addButton\"]"}
RESULT: {"using":"xpath","value":"//button[@data-kt=\"addButton\"]"}
COMMAND: POST /session/a952926708249603da5cc69792e3d2be/elements - {"using":"xpath","value":"//button[@data-kt=\"addButton\"]"}
RESULT: {"using":"xpath","value":"//button[@data-kt=\"addButton\"]"}
COMMAND: POST /session/a952926708249603da5cc69792e3d2be/elements - {"using":"xpath","value":"//button[@data-kt=\"addButton\"]"}
RESULT: {"using":"xpath","value":"//button[@data-kt=\"addButton\"]"}
COMMAND: POST /session/a952926708249603da5cc69792e3d2be/elements - {"using":"xpath","value":"//button[@data-kt=\"addButton\"]"}
RESULT: {"using":"xpath","value":"//button[@data-kt=\"addButton\"]"}
COMMAND: POST /session/a952926708249603da5cc69792e3d2be/elements - {"using":"xpath","value":"//button[@data-kt=\"addButton\"]"}
RESULT: {"using":"xpath","value":"//button[@data-kt=\"addButton\"]"}
COMMAND: POST /session/a952926708249603da5cc69792e3d2be/elements - {"using":"xpath","value":"//button[@data-kt=\"addButton\"]"}
RESULT: {"using":"xpath","value":"//button[@data-kt=\"addButton\"]"}
COMMAND: POST /session/a952926708249603da5cc69792e3d2be/elements - {"using":"xpath","value":"//button[@data-kt=\"addButton\"]"}
RESULT: {"using":"xpath","value":"//button[@data-kt=\"addButton\"]"}
COMMAND: POST /session/a952926708249603da5cc69792e3d2be/elements - {"using":"xpath","value":"//button[@data-kt=\"addButton\"]"}
RESULT: {"using":"xpath","value":"//button[@data-kt=\"addButton\"]"}
COMMAND: POST /session/a952926708249603da5cc69792e3d2be/elements - {"using":"xpath","value":"//button[@data-kt=\"addButton\"]"}
RESULT: {"using":"xpath","value":"//button[@data-kt=\"addButton\"]"}
COMMAND: POST /session/a952926708249603da5cc69792e3d2be/elements - {"using":"xpath","value":"//button[@data-kt=\"addButton\"]"}
RESULT: {"using":"xpath","value":"//button[@data-kt=\"addButton\"]"}
COMMAND: POST /session/a952926708249603da5cc69792e3d2be/elements - {"using":"xpath","value":"//button[@data-kt=\"addButton\"]"}
RESULT: {"using":"xpath","value":"//button[@data-kt=\"addButton\"]"}
COMMAND: POST /session/a952926708249603da5cc69792e3d2be/elements - {"using":"xpath","value":"//button[@data-kt=\"addButton\"]"}
RESULT: {"using":"xpath","value":"//button[@data-kt=\"addButton\"]"}
COMMAND: POST /session/a952926708249603da5cc69792e3d2be/elements - {"using":"xpath","value":"//button[@data-kt=\"addButton\"]"}
RESULT: {"using":"xpath","value":"//button[@data-kt=\"addButton\"]"}
COMMAND: POST /session/a952926708249603da5cc69792e3d2be/elements - {"using":"xpath","value":"//button[@data-kt=\"addButton\"]"}
RESULT: {"using":"xpath","value":"//button[@data-kt=\"addButton\"]"}
COMMAND: POST /session/a952926708249603da5cc69792e3d2be/elements - {"using":"xpath","value":"//button[@data-kt=\"addButton\"]"}
RESULT: {"using":"xpath","value":"//button[@data-kt=\"addButton\"]"}
COMMAND: POST /session/a952926708249603da5cc69792e3d2be/elements - {"using":"xpath","value":"//button[@data-kt=\"addButton\"]"}
RESULT: {"using":"xpath","value":"//button[@data-kt=\"addButton\"]"}
COMMAND: POST /session/a952926708249603da5cc69792e3d2be/elements - {"using":"xpath","value":"//button[@data-kt=\"addButton\"]"}
RESULT: {"using":"xpath","value":"//button[@data-kt=\"addButton\"]"}
COMMAND: POST /session/a952926708249603da5cc69792e3d2be/elements - {"using":"xpath","value":"//button[@data-kt=\"addButton\"]"}
RESULT: {"using":"xpath","value":"//button[@data-kt=\"addButton\"]"}
COMMAND: POST /session/a952926708249603da5cc69792e3d2be/elements - {"using":"xpath","value":"//button[@data-kt=\"addButton\"]"}
RESULT: {"using":"xpath","value":"//button[@data-kt=\"addButton\"]"}
COMMAND: POST /session/a952926708249603da5cc69792e3d2be/elements - {"using":"xpath","value":"//button[@data-kt=\"addButton\"]"}
RESULT: {"using":"xpath","value":"//button[@data-kt=\"addButton\"]"}
COMMAND: POST /session/a952926708249603da5cc69792e3d2be/elements - {"using":"xpath","value":"//button[@data-kt=\"addButton\"]"}
RESULT: {"using":"xpath","value":"//button[@data-kt=\"addButton\"]"}
COMMAND: POST /session/a952926708249603da5cc69792e3d2be/elements - {"using":"xpath","value":"//button[@data-kt=\"addButton\"]"}
RESULT: {"using":"xpath","value":"//button[@data-kt=\"addButton\"]"}
COMMAND: POST /session/a952926708249603da5cc69792e3d2be/elements - {"using":"xpath","value":"//button[@data-kt=\"addButton\"]"}
RESULT: {"using":"xpath","value":"//button[@data-kt=\"addButton\"]"}
COMMAND: POST /session/a952926708249603da5cc69792e3d2be/elements - {"using":"xpath","value":"//button[@data-kt=\"addButton\"]"}
RESULT: {"using":"xpath","value":"//button[@data-kt=\"addButton\"]"}
COMMAND: POST /session/a952926708249603da5cc69792e3d2be/elements - {"using":"xpath","value":"//button[@data-kt=\"addButton\"]"}
RESULT: {"using":"xpath","value":"//button[@data-kt=\"addButton\"]"}
COMMAND: POST /session/a952926708249603da5cc69792e3d2be/elements - {"using":"xpath","value":"//button[@data-kt=\"addButton\"]"}
RESULT: {"using":"xpath","value":"//button[@data-kt=\"addButton\"]"}
COMMAND: POST /session/a952926708249603da5cc69792e3d2be/elements - {"using":"xpath","value":"//button[@data-kt=\"addButton\"]"}
RESULT: {"using":"xpath","value":"//button[@data-kt=\"addButton\"]"}
COMMAND: POST /session/a952926708249603da5cc69792e3d2be/elements - {"using":"xpath","value":"//button[@data-kt=\"addButton\"]"}
RESULT: {"using":"xpath","value":"//button[@data-kt=\"addButton\"]"}
COMMAND: POST /session/a952926708249603da5cc69792e3d2be/elements - {"using":"xpath","value":"//button[@data-kt=\"addButton\"]"}
RESULT: {"using":"xpath","value":"//button[@data-kt=\"addButton\"]"}
COMMAND: POST /session/a952926708249603da5cc69792e3d2be/elements - {"using":"xpath","value":"//button[@data-kt=\"addButton\"]"}
RESULT: {"using":"xpath","value":"//button[@data-kt=\"addButton\"]"}
COMMAND: POST /session/a952926708249603da5cc69792e3d2be/elements - {"using":"xpath","value":"//button[@data-kt=\"addButton\"]"}
RESULT: {"using":"xpath","value":"//button[@data-kt=\"addButton\"]"}
COMMAND: POST /session/a952926708249603da5cc69792e3d2be/elements - {"using":"xpath","value":"//button[@data-kt=\"addButton\"]"}
RESULT: {"using":"xpath","value":"//button[@data-kt=\"addButton\"]"}
COMMAND: POST /session/a952926708249603da5cc69792e3d2be/elements - {"using":"xpath","value":"//button[@data-kt=\"addButton\"]"}
RESULT: {"using":"xpath","value":"//button[@data-kt=\"addButton\"]"}
COMMAND: POST /session/a952926708249603da5cc69792e3d2be/elements - {"using":"xpath","value":"//button[@data-kt=\"addButton\"]"}
RESULT: {"using":"xpath","value":"//button[@data-kt=\"addButton\"]"}
COMMAND: POST /session/a952926708249603da5cc69792e3d2be/elements - {"using":"xpath","value":"//button[@data-kt=\"addButton\"]"}
RESULT: {"using":"xpath","value":"//button[@data-kt=\"addButton\"]"}
COMMAND: POST /session/a952926708249603da5cc69792e3d2be/elements - {"using":"xpath","value":"//button[@data-kt=\"addButton\"]"}
RESULT: {"using":"xpath","value":"//button[@data-kt=\"addButton\"]"}
COMMAND: POST /session/a952926708249603da5cc69792e3d2be/elements - {"using":"xpath","value":"//button[@data-kt=\"addButton\"]"}
RESULT: {"using":"xpath","value":"//button[@data-kt=\"addButton\"]"}
COMMAND: POST /session/a952926708249603da5cc69792e3d2be/elements - {"using":"xpath","value":"//button[@data-kt=\"addButton\"]"}
RESULT: {"using":"xpath","value":"//button[@data-kt=\"addButton\"]"}
COMMAND: POST /session/a952926708249603da5cc69792e3d2be/elements - {"using":"xpath","value":"//button[@data-kt=\"addButton\"]"}
RESULT: {"using":"xpath","value":"//button[@data-kt=\"addButton\"]"}
COMMAND: POST /session/a952926708249603da5cc69792e3d2be/elements - {"using":"xpath","value":"//button[@data-kt=\"addButton\"]"}
RESULT: {"using":"xpath","value":"//button[@data-kt=\"addButton\"]"}
COMMAND: POST /session/a952926708249603da5cc69792e3d2be/elements - {"using":"xpath","value":"//button[@data-kt=\"addButton\"]"}
RESULT: {"using":"xpath","value":"//button[@data-kt=\"addButton\"]"}
COMMAND: POST /session/a952926708249603da5cc69792e3d2be/elements - {"using":"xpath","value":"//button[@data-kt=\"addButton\"]"}
RESULT: {"using":"xpath","value":"//button[@data-kt=\"addButton\"]"}
COMMAND: POST /session/a952926708249603da5cc69792e3d2be/elements - {"using":"xpath","value":"//button[@data-kt=\"addButton\"]"}
RESULT: {"using":"xpath","value":"//button[@data-kt=\"addButton\"]"}
COMMAND: POST /session/a952926708249603da5cc69792e3d2be/elements - {"using":"xpath","value":"//button[@data-kt=\"addButton\"]"}
RESULT: {"using":"xpath","value":"//button[@data-kt=\"addButton\"]"}
COMMAND: POST /session/a952926708249603da5cc69792e3d2be/elements - {"using":"xpath","value":"//button[@data-kt=\"addButton\"]"}
RESULT: {"using":"xpath","value":"//button[@data-kt=\"addButton\"]"}
COMMAND: POST /session/a952926708249603da5cc69792e3d2be/elements - {"using":"xpath","value":"//button[@data-kt=\"addButton\"]"}
RESULT: {"using":"xpath","value":"//button[@data-kt=\"addButton\"]"}
COMMAND: POST /session/a952926708249603da5cc69792e3d2be/elements - {"using":"xpath","value":"//button[@data-kt=\"addButton\"]"}
RESULT: {"using":"xpath","value":"//button[@data-kt=\"addButton\"]"}
COMMAND: POST /session/a952926708249603da5cc69792e3d2be/elements - {"using":"xpath","value":"//button[@data-kt=\"addButton\"]"}
RESULT: {"using":"xpath","value":"//button[@data-kt=\"addButton\"]"}
COMMAND: POST /session/a952926708249603da5cc69792e3d2be/elements - {"using":"xpath","value":"//button[@data-kt=\"addButton\"]"}
RESULT: {"using":"xpath","value":"//button[@data-kt=\"addButton\"]"}
COMMAND: POST /session/a952926708249603da5cc69792e3d2be/elements - {"using":"xpath","value":"//button[@data-kt=\"addButton\"]"}
RESULT: {"using":"xpath","value":"//button[@data-kt=\"addButton\"]"}
COMMAND: POST /session/a952926708249603da5cc69792e3d2be/elements - {"using":"xpath","value":"//button[@data-kt=\"addButton\"]"}
RESULT: {"using":"xpath","value":"//button[@data-kt=\"addButton\"]"}
COMMAND: POST /session/a952926708249603da5cc69792e3d2be/elements - {"using":"xpath","value":"//button[@data-kt=\"addButton\"]"}
RESULT: {"using":"xpath","value":"//button[@data-kt=\"addButton\"]"}
COMMAND: POST /session/a952926708249603da5cc69792e3d2be/elements - {"using":"xpath","value":"//button[@data-kt=\"addButton\"]"}
RESULT: {"using":"xpath","value":"//button[@data-kt=\"addButton\"]"}
COMMAND: POST /session/a952926708249603da5cc69792e3d2be/elements - {"using":"xpath","value":"//button[@data-kt=\"addButton\"]"}
RESULT: {"using":"xpath","value":"//button[@data-kt=\"addButton\"]"}
COMMAND: POST /session/a952926708249603da5cc69792e3d2be/elements - {"using":"xpath","value":"//button[@data-kt=\"addButton\"]"}
RESULT: {"using":"xpath","value":"//button[@data-kt=\"addButton\"]"}
COMMAND: POST /session/a952926708249603da5cc69792e3d2be/elements - {"using":"xpath","value":"//button[@data-kt=\"addButton\"]"}
RESULT: {"using":"xpath","value":"//button[@data-kt=\"addButton\"]"}
COMMAND: POST /session/a952926708249603da5cc69792e3d2be/elements - {"using":"xpath","value":"//button[@data-kt=\"addButton\"]"}
RESULT: {"using":"xpath","value":"//button[@data-kt=\"addButton\"]"}
COMMAND: POST /session/a952926708249603da5cc69792e3d2be/elements - {"using":"xpath","value":"//button[@data-kt=\"addButton\"]"}
RESULT: {"using":"xpath","value":"//button[@data-kt=\"addButton\"]"}
COMMAND: POST /session/a952926708249603da5cc69792e3d2be/elements - {"using":"xpath","value":"//button[@data-kt=\"addButton\"]"}
RESULT: {"using":"xpath","value":"//button[@data-kt=\"addButton\"]"}
COMMAND: POST /session/a952926708249603da5cc69792e3d2be/elements - {"using":"xpath","value":"//button[@data-kt=\"addButton\"]"}
RESULT: {"using":"xpath","value":"//button[@data-kt=\"addButton\"]"}
COMMAND: POST /session/a952926708249603da5cc69792e3d2be/elements - {"using":"xpath","value":"//button[@data-kt=\"addButton\"]"}
RESULT: {"using":"xpath","value":"//button[@data-kt=\"addButton\"]"}
COMMAND: POST /session/a952926708249603da5cc69792e3d2be/elements - {"using":"xpath","value":"//button[@data-kt=\"addButton\"]"}
RESULT: {"using":"xpath","value":"//button[@data-kt=\"addButton\"]"}
COMMAND: POST /session/a952926708249603da5cc69792e3d2be/elements - {"using":"xpath","value":"//button[@data-kt=\"addButton\"]"}
RESULT: {"using":"xpath","value":"//button[@data-kt=\"addButton\"]"}
COMMAND: POST /session/a952926708249603da5cc69792e3d2be/elements - {"using":"xpath","value":"//button[@data-kt=\"addButton\"]"}
RESULT: {"using":"xpath","value":"//button[@data-kt=\"addButton\"]"}
COMMAND: POST /session/a952926708249603da5cc69792e3d2be/elements - {"using":"xpath","value":"//button[@data-kt=\"addButton\"]"}
RESULT: {"using":"xpath","value":"//button[@data-kt=\"addButton\"]"}
COMMAND: POST /session/a952926708249603da5cc69792e3d2be/elements - {"using":"xpath","value":"//button[@data-kt=\"addButton\"]"}
RESULT: {"using":"xpath","value":"//button[@data-kt=\"addButton\"]"}
COMMAND: POST /session/a952926708249603da5cc69792e3d2be/elements - {"using":"xpath","value":"//button[@data-kt=\"addButton\"]"}
RESULT: {"using":"xpath","value":"//button[@data-kt=\"addButton\"]"}
COMMAND: POST /session/a952926708249603da5cc69792e3d2be/elements - {"using":"xpath","value":"//button[@data-kt=\"addButton\"]"}
RESULT: {"using":"xpath","value":"//button[@data-kt=\"addButton\"]"}
COMMAND: POST /session/a952926708249603da5cc69792e3d2be/elements - {"using":"xpath","value":"//button[@data-kt=\"addButton\"]"}
RESULT: {"using":"xpath","value":"//button[@data-kt=\"addButton\"]"}
COMMAND: POST /session/a952926708249603da5cc69792e3d2be/elements - {"using":"xpath","value":"//button[@data-kt=\"addButton\"]"}
RESULT: {"using":"xpath","value":"//button[@data-kt=\"addButton\"]"}
COMMAND: POST /session/a952926708249603da5cc69792e3d2be/elements - {"using":"xpath","value":"//button[@data-kt=\"addButton\"]"}
RESULT: {"using":"xpath","value":"//button[@data-kt=\"addButton\"]"}
COMMAND: GET /session/a952926708249603da5cc69792e3d2be/screenshot - {}
RESULT: {}
]]></system-out>
      <system-err><![CDATA[
Error: element ("//button[@data-kt="addButton"]") still not existing after 45000ms
    at async Context.<anonymous> (D:\a\1\s\test\specs\BTS\manage-partners.spec.js:41:9)
]]></system-err>
    </testcase>
    <testcase classname="chrome.136_0_7103_49.windows.Partner_specific_tests_US150819_US151080_US151654_US151176_US103444_US151078_US151079_US151109_US151174_US151175_US151189" name="Should deactivate the created partner in earlier step US151654" time="55.856">
      <skipped />
      <system-out><![CDATA[
COMMAND: POST /session/a952926708249603da5cc69792e3d2be/element - {"using":"xpath","value":"//li[.//span[text()=\"Manage Partners\"]]"}
COMMAND: GET /session/a952926708249603da5cc69792e3d2be/screenshot - {}
RESULT: {"using":"xpath","value":"//li[.//span[text()=\"Manage Partners\"]]"}
COMMAND: POST /session/a952926708249603da5cc69792e3d2be/element - {"using":"xpath","value":"//li[.//span[text()=\"Manage Partners\"]]"}
RESULT: {}
RESULT: {"using":"xpath","value":"//li[.//span[text()=\"Manage Partners\"]]"}
COMMAND: POST /session/a952926708249603da5cc69792e3d2be/element - {"using":"css selector","value":"#shell-header-logo"}
RESULT: {"using":"css selector","value":"#shell-header-logo"}
COMMAND: POST /session/a952926708249603da5cc69792e3d2be/element/f.73E06E20145AF85821ADC503D3E38742.d.841D29BCDC60CFB84C76EFFBE49533B2.e.264/click - {}
COMMAND: POST /session/a952926708249603da5cc69792e3d2be/execute/sync - {"script":"<script> [8489 bytes]","args":[{"element-6066-11e4-a52e-4f735466cecf":"f.73E06E20145AF85821ADC503D3E38742.d.841D29BCDC60CFB84C76EFFBE49533B2.e.264","ELEMENT":"f.73E06E20145AF85821ADC503D3E38742.d.841D29BCDC60CFB84C76EFFBE49533B2.e.264"}]}
RESULT: {"script":"<script> [8489 bytes]","args":[{"element-6066-11e4-a52e-4f735466cecf":"f.73E06E20145AF85821ADC503D3E38742.d.841D29BCDC60CFB84C76EFFBE49533B2.e.264","ELEMENT":"f.73E06E20145AF85821ADC503D3E38742.d.841D29BCDC60CFB84C76EFFBE49533B2.e.264"}]}
COMMAND: POST /session/a952926708249603da5cc69792e3d2be/execute/sync - {"script":"<script> [5351 bytes]","args":[{"element-6066-11e4-a52e-4f735466cecf":"f.73E06E20145AF85821ADC503D3E38742.d.841D29BCDC60CFB84C76EFFBE49533B2.e.264","ELEMENT":"f.73E06E20145AF85821ADC503D3E38742.d.841D29BCDC60CFB84C76EFFBE49533B2.e.264"}]}
COMMAND: GET /session/a952926708249603da5cc69792e3d2be/screenshot - {}
RESULT: {"script":"<script> [5351 bytes]","args":[{"element-6066-11e4-a52e-4f735466cecf":"f.73E06E20145AF85821ADC503D3E38742.d.841D29BCDC60CFB84C76EFFBE49533B2.e.264","ELEMENT":"f.73E06E20145AF85821ADC503D3E38742.d.841D29BCDC60CFB84C76EFFBE49533B2.e.264"}]}
COMMAND: GET /session/a952926708249603da5cc69792e3d2be/screenshot - {}
RESULT: {}
RESULT: {}
RESULT: undefined
COMMAND: POST /session/a952926708249603da5cc69792e3d2be/element - {"using":"xpath","value":"//button[@data-kt=\"addButton\"]"}
RESULT: {"using":"xpath","value":"//button[@data-kt=\"addButton\"]"}
COMMAND: POST /session/a952926708249603da5cc69792e3d2be/elements - {"using":"xpath","value":"//button[@data-kt=\"addButton\"]"}
RESULT: {"using":"xpath","value":"//button[@data-kt=\"addButton\"]"}
COMMAND: POST /session/a952926708249603da5cc69792e3d2be/elements - {"using":"xpath","value":"//button[@data-kt=\"addButton\"]"}
RESULT: {"using":"xpath","value":"//button[@data-kt=\"addButton\"]"}
COMMAND: POST /session/a952926708249603da5cc69792e3d2be/elements - {"using":"xpath","value":"//button[@data-kt=\"addButton\"]"}
RESULT: {"using":"xpath","value":"//button[@data-kt=\"addButton\"]"}
COMMAND: POST /session/a952926708249603da5cc69792e3d2be/elements - {"using":"xpath","value":"//button[@data-kt=\"addButton\"]"}
RESULT: {"using":"xpath","value":"//button[@data-kt=\"addButton\"]"}
COMMAND: POST /session/a952926708249603da5cc69792e3d2be/elements - {"using":"xpath","value":"//button[@data-kt=\"addButton\"]"}
RESULT: {"using":"xpath","value":"//button[@data-kt=\"addButton\"]"}
COMMAND: POST /session/a952926708249603da5cc69792e3d2be/elements - {"using":"xpath","value":"//button[@data-kt=\"addButton\"]"}
RESULT: {"using":"xpath","value":"//button[@data-kt=\"addButton\"]"}
COMMAND: POST /session/a952926708249603da5cc69792e3d2be/elements - {"using":"xpath","value":"//button[@data-kt=\"addButton\"]"}
RESULT: {"using":"xpath","value":"//button[@data-kt=\"addButton\"]"}
COMMAND: POST /session/a952926708249603da5cc69792e3d2be/elements - {"using":"xpath","value":"//button[@data-kt=\"addButton\"]"}
RESULT: {"using":"xpath","value":"//button[@data-kt=\"addButton\"]"}
COMMAND: POST /session/a952926708249603da5cc69792e3d2be/elements - {"using":"xpath","value":"//button[@data-kt=\"addButton\"]"}
RESULT: {"using":"xpath","value":"//button[@data-kt=\"addButton\"]"}
COMMAND: POST /session/a952926708249603da5cc69792e3d2be/elements - {"using":"xpath","value":"//button[@data-kt=\"addButton\"]"}
RESULT: {"using":"xpath","value":"//button[@data-kt=\"addButton\"]"}
COMMAND: POST /session/a952926708249603da5cc69792e3d2be/elements - {"using":"xpath","value":"//button[@data-kt=\"addButton\"]"}
RESULT: {"using":"xpath","value":"//button[@data-kt=\"addButton\"]"}
COMMAND: POST /session/a952926708249603da5cc69792e3d2be/elements - {"using":"xpath","value":"//button[@data-kt=\"addButton\"]"}
RESULT: {"using":"xpath","value":"//button[@data-kt=\"addButton\"]"}
COMMAND: POST /session/a952926708249603da5cc69792e3d2be/elements - {"using":"xpath","value":"//button[@data-kt=\"addButton\"]"}
RESULT: {"using":"xpath","value":"//button[@data-kt=\"addButton\"]"}
COMMAND: POST /session/a952926708249603da5cc69792e3d2be/elements - {"using":"xpath","value":"//button[@data-kt=\"addButton\"]"}
RESULT: {"using":"xpath","value":"//button[@data-kt=\"addButton\"]"}
COMMAND: POST /session/a952926708249603da5cc69792e3d2be/elements - {"using":"xpath","value":"//button[@data-kt=\"addButton\"]"}
RESULT: {"using":"xpath","value":"//button[@data-kt=\"addButton\"]"}
COMMAND: POST /session/a952926708249603da5cc69792e3d2be/elements - {"using":"xpath","value":"//button[@data-kt=\"addButton\"]"}
RESULT: {"using":"xpath","value":"//button[@data-kt=\"addButton\"]"}
COMMAND: POST /session/a952926708249603da5cc69792e3d2be/elements - {"using":"xpath","value":"//button[@data-kt=\"addButton\"]"}
RESULT: {"using":"xpath","value":"//button[@data-kt=\"addButton\"]"}
COMMAND: POST /session/a952926708249603da5cc69792e3d2be/elements - {"using":"xpath","value":"//button[@data-kt=\"addButton\"]"}
RESULT: {"using":"xpath","value":"//button[@data-kt=\"addButton\"]"}
COMMAND: POST /session/a952926708249603da5cc69792e3d2be/elements - {"using":"xpath","value":"//button[@data-kt=\"addButton\"]"}
RESULT: {"using":"xpath","value":"//button[@data-kt=\"addButton\"]"}
COMMAND: POST /session/a952926708249603da5cc69792e3d2be/elements - {"using":"xpath","value":"//button[@data-kt=\"addButton\"]"}
RESULT: {"using":"xpath","value":"//button[@data-kt=\"addButton\"]"}
COMMAND: POST /session/a952926708249603da5cc69792e3d2be/elements - {"using":"xpath","value":"//button[@data-kt=\"addButton\"]"}
RESULT: {"using":"xpath","value":"//button[@data-kt=\"addButton\"]"}
COMMAND: POST /session/a952926708249603da5cc69792e3d2be/elements - {"using":"xpath","value":"//button[@data-kt=\"addButton\"]"}
RESULT: {"using":"xpath","value":"//button[@data-kt=\"addButton\"]"}
COMMAND: POST /session/a952926708249603da5cc69792e3d2be/elements - {"using":"xpath","value":"//button[@data-kt=\"addButton\"]"}
RESULT: {"using":"xpath","value":"//button[@data-kt=\"addButton\"]"}
COMMAND: POST /session/a952926708249603da5cc69792e3d2be/elements - {"using":"xpath","value":"//button[@data-kt=\"addButton\"]"}
RESULT: {"using":"xpath","value":"//button[@data-kt=\"addButton\"]"}
COMMAND: POST /session/a952926708249603da5cc69792e3d2be/elements - {"using":"xpath","value":"//button[@data-kt=\"addButton\"]"}
RESULT: {"using":"xpath","value":"//button[@data-kt=\"addButton\"]"}
COMMAND: POST /session/a952926708249603da5cc69792e3d2be/elements - {"using":"xpath","value":"//button[@data-kt=\"addButton\"]"}
RESULT: {"using":"xpath","value":"//button[@data-kt=\"addButton\"]"}
COMMAND: POST /session/a952926708249603da5cc69792e3d2be/elements - {"using":"xpath","value":"//button[@data-kt=\"addButton\"]"}
RESULT: {"using":"xpath","value":"//button[@data-kt=\"addButton\"]"}
COMMAND: POST /session/a952926708249603da5cc69792e3d2be/elements - {"using":"xpath","value":"//button[@data-kt=\"addButton\"]"}
RESULT: {"using":"xpath","value":"//button[@data-kt=\"addButton\"]"}
COMMAND: POST /session/a952926708249603da5cc69792e3d2be/elements - {"using":"xpath","value":"//button[@data-kt=\"addButton\"]"}
RESULT: {"using":"xpath","value":"//button[@data-kt=\"addButton\"]"}
COMMAND: POST /session/a952926708249603da5cc69792e3d2be/elements - {"using":"xpath","value":"//button[@data-kt=\"addButton\"]"}
RESULT: {"using":"xpath","value":"//button[@data-kt=\"addButton\"]"}
COMMAND: POST /session/a952926708249603da5cc69792e3d2be/elements - {"using":"xpath","value":"//button[@data-kt=\"addButton\"]"}
RESULT: {"using":"xpath","value":"//button[@data-kt=\"addButton\"]"}
COMMAND: POST /session/a952926708249603da5cc69792e3d2be/elements - {"using":"xpath","value":"//button[@data-kt=\"addButton\"]"}
RESULT: {"using":"xpath","value":"//button[@data-kt=\"addButton\"]"}
COMMAND: POST /session/a952926708249603da5cc69792e3d2be/elements - {"using":"xpath","value":"//button[@data-kt=\"addButton\"]"}
RESULT: {"using":"xpath","value":"//button[@data-kt=\"addButton\"]"}
COMMAND: POST /session/a952926708249603da5cc69792e3d2be/elements - {"using":"xpath","value":"//button[@data-kt=\"addButton\"]"}
RESULT: {"using":"xpath","value":"//button[@data-kt=\"addButton\"]"}
COMMAND: POST /session/a952926708249603da5cc69792e3d2be/elements - {"using":"xpath","value":"//button[@data-kt=\"addButton\"]"}
RESULT: {"using":"xpath","value":"//button[@data-kt=\"addButton\"]"}
COMMAND: POST /session/a952926708249603da5cc69792e3d2be/elements - {"using":"xpath","value":"//button[@data-kt=\"addButton\"]"}
RESULT: {"using":"xpath","value":"//button[@data-kt=\"addButton\"]"}
COMMAND: POST /session/a952926708249603da5cc69792e3d2be/elements - {"using":"xpath","value":"//button[@data-kt=\"addButton\"]"}
RESULT: {"using":"xpath","value":"//button[@data-kt=\"addButton\"]"}
COMMAND: POST /session/a952926708249603da5cc69792e3d2be/elements - {"using":"xpath","value":"//button[@data-kt=\"addButton\"]"}
RESULT: {"using":"xpath","value":"//button[@data-kt=\"addButton\"]"}
COMMAND: POST /session/a952926708249603da5cc69792e3d2be/elements - {"using":"xpath","value":"//button[@data-kt=\"addButton\"]"}
RESULT: {"using":"xpath","value":"//button[@data-kt=\"addButton\"]"}
COMMAND: POST /session/a952926708249603da5cc69792e3d2be/elements - {"using":"xpath","value":"//button[@data-kt=\"addButton\"]"}
RESULT: {"using":"xpath","value":"//button[@data-kt=\"addButton\"]"}
COMMAND: POST /session/a952926708249603da5cc69792e3d2be/elements - {"using":"xpath","value":"//button[@data-kt=\"addButton\"]"}
RESULT: {"using":"xpath","value":"//button[@data-kt=\"addButton\"]"}
COMMAND: POST /session/a952926708249603da5cc69792e3d2be/elements - {"using":"xpath","value":"//button[@data-kt=\"addButton\"]"}
RESULT: {"using":"xpath","value":"//button[@data-kt=\"addButton\"]"}
COMMAND: POST /session/a952926708249603da5cc69792e3d2be/elements - {"using":"xpath","value":"//button[@data-kt=\"addButton\"]"}
RESULT: {"using":"xpath","value":"//button[@data-kt=\"addButton\"]"}
COMMAND: POST /session/a952926708249603da5cc69792e3d2be/elements - {"using":"xpath","value":"//button[@data-kt=\"addButton\"]"}
RESULT: {"using":"xpath","value":"//button[@data-kt=\"addButton\"]"}
COMMAND: POST /session/a952926708249603da5cc69792e3d2be/elements - {"using":"xpath","value":"//button[@data-kt=\"addButton\"]"}
RESULT: {"using":"xpath","value":"//button[@data-kt=\"addButton\"]"}
COMMAND: POST /session/a952926708249603da5cc69792e3d2be/elements - {"using":"xpath","value":"//button[@data-kt=\"addButton\"]"}
RESULT: {"using":"xpath","value":"//button[@data-kt=\"addButton\"]"}
COMMAND: POST /session/a952926708249603da5cc69792e3d2be/elements - {"using":"xpath","value":"//button[@data-kt=\"addButton\"]"}
RESULT: {"using":"xpath","value":"//button[@data-kt=\"addButton\"]"}
COMMAND: POST /session/a952926708249603da5cc69792e3d2be/elements - {"using":"xpath","value":"//button[@data-kt=\"addButton\"]"}
RESULT: {"using":"xpath","value":"//button[@data-kt=\"addButton\"]"}
COMMAND: POST /session/a952926708249603da5cc69792e3d2be/elements - {"using":"xpath","value":"//button[@data-kt=\"addButton\"]"}
RESULT: {"using":"xpath","value":"//button[@data-kt=\"addButton\"]"}
COMMAND: POST /session/a952926708249603da5cc69792e3d2be/elements - {"using":"xpath","value":"//button[@data-kt=\"addButton\"]"}
RESULT: {"using":"xpath","value":"//button[@data-kt=\"addButton\"]"}
COMMAND: POST /session/a952926708249603da5cc69792e3d2be/elements - {"using":"xpath","value":"//button[@data-kt=\"addButton\"]"}
RESULT: {"using":"xpath","value":"//button[@data-kt=\"addButton\"]"}
COMMAND: POST /session/a952926708249603da5cc69792e3d2be/elements - {"using":"xpath","value":"//button[@data-kt=\"addButton\"]"}
RESULT: {"using":"xpath","value":"//button[@data-kt=\"addButton\"]"}
COMMAND: POST /session/a952926708249603da5cc69792e3d2be/elements - {"using":"xpath","value":"//button[@data-kt=\"addButton\"]"}
RESULT: {"using":"xpath","value":"//button[@data-kt=\"addButton\"]"}
COMMAND: POST /session/a952926708249603da5cc69792e3d2be/elements - {"using":"xpath","value":"//button[@data-kt=\"addButton\"]"}
RESULT: {"using":"xpath","value":"//button[@data-kt=\"addButton\"]"}
COMMAND: POST /session/a952926708249603da5cc69792e3d2be/elements - {"using":"xpath","value":"//button[@data-kt=\"addButton\"]"}
RESULT: {"using":"xpath","value":"//button[@data-kt=\"addButton\"]"}
COMMAND: POST /session/a952926708249603da5cc69792e3d2be/elements - {"using":"xpath","value":"//button[@data-kt=\"addButton\"]"}
RESULT: {"using":"xpath","value":"//button[@data-kt=\"addButton\"]"}
COMMAND: POST /session/a952926708249603da5cc69792e3d2be/elements - {"using":"xpath","value":"//button[@data-kt=\"addButton\"]"}
RESULT: {"using":"xpath","value":"//button[@data-kt=\"addButton\"]"}
COMMAND: POST /session/a952926708249603da5cc69792e3d2be/elements - {"using":"xpath","value":"//button[@data-kt=\"addButton\"]"}
RESULT: {"using":"xpath","value":"//button[@data-kt=\"addButton\"]"}
COMMAND: POST /session/a952926708249603da5cc69792e3d2be/elements - {"using":"xpath","value":"//button[@data-kt=\"addButton\"]"}
RESULT: {"using":"xpath","value":"//button[@data-kt=\"addButton\"]"}
COMMAND: POST /session/a952926708249603da5cc69792e3d2be/elements - {"using":"xpath","value":"//button[@data-kt=\"addButton\"]"}
RESULT: {"using":"xpath","value":"//button[@data-kt=\"addButton\"]"}
COMMAND: POST /session/a952926708249603da5cc69792e3d2be/elements - {"using":"xpath","value":"//button[@data-kt=\"addButton\"]"}
RESULT: {"using":"xpath","value":"//button[@data-kt=\"addButton\"]"}
COMMAND: POST /session/a952926708249603da5cc69792e3d2be/elements - {"using":"xpath","value":"//button[@data-kt=\"addButton\"]"}
RESULT: {"using":"xpath","value":"//button[@data-kt=\"addButton\"]"}
COMMAND: POST /session/a952926708249603da5cc69792e3d2be/elements - {"using":"xpath","value":"//button[@data-kt=\"addButton\"]"}
RESULT: {"using":"xpath","value":"//button[@data-kt=\"addButton\"]"}
COMMAND: POST /session/a952926708249603da5cc69792e3d2be/elements - {"using":"xpath","value":"//button[@data-kt=\"addButton\"]"}
RESULT: {"using":"xpath","value":"//button[@data-kt=\"addButton\"]"}
COMMAND: POST /session/a952926708249603da5cc69792e3d2be/elements - {"using":"xpath","value":"//button[@data-kt=\"addButton\"]"}
RESULT: {"using":"xpath","value":"//button[@data-kt=\"addButton\"]"}
COMMAND: POST /session/a952926708249603da5cc69792e3d2be/elements - {"using":"xpath","value":"//button[@data-kt=\"addButton\"]"}
RESULT: {"using":"xpath","value":"//button[@data-kt=\"addButton\"]"}
COMMAND: POST /session/a952926708249603da5cc69792e3d2be/elements - {"using":"xpath","value":"//button[@data-kt=\"addButton\"]"}
RESULT: {"using":"xpath","value":"//button[@data-kt=\"addButton\"]"}
COMMAND: POST /session/a952926708249603da5cc69792e3d2be/elements - {"using":"xpath","value":"//button[@data-kt=\"addButton\"]"}
RESULT: {"using":"xpath","value":"//button[@data-kt=\"addButton\"]"}
COMMAND: POST /session/a952926708249603da5cc69792e3d2be/elements - {"using":"xpath","value":"//button[@data-kt=\"addButton\"]"}
RESULT: {"using":"xpath","value":"//button[@data-kt=\"addButton\"]"}
COMMAND: POST /session/a952926708249603da5cc69792e3d2be/elements - {"using":"xpath","value":"//button[@data-kt=\"addButton\"]"}
RESULT: {"using":"xpath","value":"//button[@data-kt=\"addButton\"]"}
COMMAND: POST /session/a952926708249603da5cc69792e3d2be/elements - {"using":"xpath","value":"//button[@data-kt=\"addButton\"]"}
RESULT: {"using":"xpath","value":"//button[@data-kt=\"addButton\"]"}
COMMAND: POST /session/a952926708249603da5cc69792e3d2be/elements - {"using":"xpath","value":"//button[@data-kt=\"addButton\"]"}
RESULT: {"using":"xpath","value":"//button[@data-kt=\"addButton\"]"}
COMMAND: POST /session/a952926708249603da5cc69792e3d2be/elements - {"using":"xpath","value":"//button[@data-kt=\"addButton\"]"}
RESULT: {"using":"xpath","value":"//button[@data-kt=\"addButton\"]"}
COMMAND: POST /session/a952926708249603da5cc69792e3d2be/elements - {"using":"xpath","value":"//button[@data-kt=\"addButton\"]"}
RESULT: {"using":"xpath","value":"//button[@data-kt=\"addButton\"]"}
COMMAND: POST /session/a952926708249603da5cc69792e3d2be/elements - {"using":"xpath","value":"//button[@data-kt=\"addButton\"]"}
RESULT: {"using":"xpath","value":"//button[@data-kt=\"addButton\"]"}
COMMAND: POST /session/a952926708249603da5cc69792e3d2be/elements - {"using":"xpath","value":"//button[@data-kt=\"addButton\"]"}
RESULT: {"using":"xpath","value":"//button[@data-kt=\"addButton\"]"}
COMMAND: POST /session/a952926708249603da5cc69792e3d2be/elements - {"using":"xpath","value":"//button[@data-kt=\"addButton\"]"}
RESULT: {"using":"xpath","value":"//button[@data-kt=\"addButton\"]"}
COMMAND: POST /session/a952926708249603da5cc69792e3d2be/elements - {"using":"xpath","value":"//button[@data-kt=\"addButton\"]"}
RESULT: {"using":"xpath","value":"//button[@data-kt=\"addButton\"]"}
COMMAND: POST /session/a952926708249603da5cc69792e3d2be/elements - {"using":"xpath","value":"//button[@data-kt=\"addButton\"]"}
RESULT: {"using":"xpath","value":"//button[@data-kt=\"addButton\"]"}
COMMAND: POST /session/a952926708249603da5cc69792e3d2be/elements - {"using":"xpath","value":"//button[@data-kt=\"addButton\"]"}
RESULT: {"using":"xpath","value":"//button[@data-kt=\"addButton\"]"}
COMMAND: POST /session/a952926708249603da5cc69792e3d2be/elements - {"using":"xpath","value":"//button[@data-kt=\"addButton\"]"}
RESULT: {"using":"xpath","value":"//button[@data-kt=\"addButton\"]"}
COMMAND: POST /session/a952926708249603da5cc69792e3d2be/elements - {"using":"xpath","value":"//button[@data-kt=\"addButton\"]"}
RESULT: {"using":"xpath","value":"//button[@data-kt=\"addButton\"]"}
COMMAND: POST /session/a952926708249603da5cc69792e3d2be/elements - {"using":"xpath","value":"//button[@data-kt=\"addButton\"]"}
RESULT: {"using":"xpath","value":"//button[@data-kt=\"addButton\"]"}
COMMAND: POST /session/a952926708249603da5cc69792e3d2be/elements - {"using":"xpath","value":"//button[@data-kt=\"addButton\"]"}
RESULT: {"using":"xpath","value":"//button[@data-kt=\"addButton\"]"}
COMMAND: POST /session/a952926708249603da5cc69792e3d2be/elements - {"using":"xpath","value":"//button[@data-kt=\"addButton\"]"}
RESULT: {"using":"xpath","value":"//button[@data-kt=\"addButton\"]"}
COMMAND: POST /session/a952926708249603da5cc69792e3d2be/elements - {"using":"xpath","value":"//button[@data-kt=\"addButton\"]"}
RESULT: {"using":"xpath","value":"//button[@data-kt=\"addButton\"]"}
COMMAND: POST /session/a952926708249603da5cc69792e3d2be/elements - {"using":"xpath","value":"//button[@data-kt=\"addButton\"]"}
RESULT: {"using":"xpath","value":"//button[@data-kt=\"addButton\"]"}
COMMAND: POST /session/a952926708249603da5cc69792e3d2be/elements - {"using":"xpath","value":"//button[@data-kt=\"addButton\"]"}
RESULT: {"using":"xpath","value":"//button[@data-kt=\"addButton\"]"}
COMMAND: POST /session/a952926708249603da5cc69792e3d2be/elements - {"using":"xpath","value":"//button[@data-kt=\"addButton\"]"}
RESULT: {"using":"xpath","value":"//button[@data-kt=\"addButton\"]"}
COMMAND: POST /session/a952926708249603da5cc69792e3d2be/elements - {"using":"xpath","value":"//button[@data-kt=\"addButton\"]"}
RESULT: {"using":"xpath","value":"//button[@data-kt=\"addButton\"]"}
COMMAND: POST /session/a952926708249603da5cc69792e3d2be/elements - {"using":"xpath","value":"//button[@data-kt=\"addButton\"]"}
COMMAND: GET /session/a952926708249603da5cc69792e3d2be/screenshot - {}
RESULT: {"using":"xpath","value":"//button[@data-kt=\"addButton\"]"}
RESULT: {}
]]></system-out>
      <system-err><![CDATA[
Error: element ("//button[@data-kt="addButton"]") still not existing after 45000ms
    at async Context.<anonymous> (D:\a\1\s\test\specs\BTS\manage-partners.spec.js:211:9)
]]></system-err>
    </testcase>
    <testcase classname="chrome.136_0_7103_49.windows.Partner_specific_tests_US150819_US151080_US151654_US151176_US103444_US151078_US151079_US151109_US151174_US151175_US151189" name="Should deactivate the created partner in earlier step US151654" time="55.505">
      <skipped />
      <system-out><![CDATA[
COMMAND: POST /session/a952926708249603da5cc69792e3d2be/element - {"using":"xpath","value":"//li[.//span[text()=\"Manage Partners\"]]"}
RESULT: {"using":"xpath","value":"//li[.//span[text()=\"Manage Partners\"]]"}
COMMAND: POST /session/a952926708249603da5cc69792e3d2be/element - {"using":"xpath","value":"//li[.//span[text()=\"Manage Partners\"]]"}
RESULT: {"using":"xpath","value":"//li[.//span[text()=\"Manage Partners\"]]"}
COMMAND: POST /session/a952926708249603da5cc69792e3d2be/element - {"using":"css selector","value":"#shell-header-logo"}
RESULT: {"using":"css selector","value":"#shell-header-logo"}
COMMAND: POST /session/a952926708249603da5cc69792e3d2be/element/f.73E06E20145AF85821ADC503D3E38742.d.841D29BCDC60CFB84C76EFFBE49533B2.e.264/click - {}
COMMAND: POST /session/a952926708249603da5cc69792e3d2be/execute/sync - {"script":"<script> [8489 bytes]","args":[{"element-6066-11e4-a52e-4f735466cecf":"f.73E06E20145AF85821ADC503D3E38742.d.841D29BCDC60CFB84C76EFFBE49533B2.e.264","ELEMENT":"f.73E06E20145AF85821ADC503D3E38742.d.841D29BCDC60CFB84C76EFFBE49533B2.e.264"}]}
RESULT: {"script":"<script> [8489 bytes]","args":[{"element-6066-11e4-a52e-4f735466cecf":"f.73E06E20145AF85821ADC503D3E38742.d.841D29BCDC60CFB84C76EFFBE49533B2.e.264","ELEMENT":"f.73E06E20145AF85821ADC503D3E38742.d.841D29BCDC60CFB84C76EFFBE49533B2.e.264"}]}
COMMAND: POST /session/a952926708249603da5cc69792e3d2be/execute/sync - {"script":"<script> [5351 bytes]","args":[{"element-6066-11e4-a52e-4f735466cecf":"f.73E06E20145AF85821ADC503D3E38742.d.841D29BCDC60CFB84C76EFFBE49533B2.e.264","ELEMENT":"f.73E06E20145AF85821ADC503D3E38742.d.841D29BCDC60CFB84C76EFFBE49533B2.e.264"}]}
COMMAND: GET /session/a952926708249603da5cc69792e3d2be/screenshot - {}
RESULT: {"script":"<script> [5351 bytes]","args":[{"element-6066-11e4-a52e-4f735466cecf":"f.73E06E20145AF85821ADC503D3E38742.d.841D29BCDC60CFB84C76EFFBE49533B2.e.264","ELEMENT":"f.73E06E20145AF85821ADC503D3E38742.d.841D29BCDC60CFB84C76EFFBE49533B2.e.264"}]}
COMMAND: GET /session/a952926708249603da5cc69792e3d2be/screenshot - {}
RESULT: {}
RESULT: {}
RESULT: undefined
COMMAND: POST /session/a952926708249603da5cc69792e3d2be/element - {"using":"xpath","value":"//button[@data-kt=\"addButton\"]"}
RESULT: {"using":"xpath","value":"//button[@data-kt=\"addButton\"]"}
COMMAND: POST /session/a952926708249603da5cc69792e3d2be/elements - {"using":"xpath","value":"//button[@data-kt=\"addButton\"]"}
RESULT: {"using":"xpath","value":"//button[@data-kt=\"addButton\"]"}
COMMAND: POST /session/a952926708249603da5cc69792e3d2be/elements - {"using":"xpath","value":"//button[@data-kt=\"addButton\"]"}
RESULT: {"using":"xpath","value":"//button[@data-kt=\"addButton\"]"}
COMMAND: POST /session/a952926708249603da5cc69792e3d2be/elements - {"using":"xpath","value":"//button[@data-kt=\"addButton\"]"}
RESULT: {"using":"xpath","value":"//button[@data-kt=\"addButton\"]"}
COMMAND: POST /session/a952926708249603da5cc69792e3d2be/elements - {"using":"xpath","value":"//button[@data-kt=\"addButton\"]"}
RESULT: {"using":"xpath","value":"//button[@data-kt=\"addButton\"]"}
COMMAND: POST /session/a952926708249603da5cc69792e3d2be/elements - {"using":"xpath","value":"//button[@data-kt=\"addButton\"]"}
RESULT: {"using":"xpath","value":"//button[@data-kt=\"addButton\"]"}
COMMAND: POST /session/a952926708249603da5cc69792e3d2be/elements - {"using":"xpath","value":"//button[@data-kt=\"addButton\"]"}
RESULT: {"using":"xpath","value":"//button[@data-kt=\"addButton\"]"}
COMMAND: POST /session/a952926708249603da5cc69792e3d2be/elements - {"using":"xpath","value":"//button[@data-kt=\"addButton\"]"}
RESULT: {"using":"xpath","value":"//button[@data-kt=\"addButton\"]"}
COMMAND: POST /session/a952926708249603da5cc69792e3d2be/elements - {"using":"xpath","value":"//button[@data-kt=\"addButton\"]"}
RESULT: {"using":"xpath","value":"//button[@data-kt=\"addButton\"]"}
COMMAND: POST /session/a952926708249603da5cc69792e3d2be/elements - {"using":"xpath","value":"//button[@data-kt=\"addButton\"]"}
RESULT: {"using":"xpath","value":"//button[@data-kt=\"addButton\"]"}
COMMAND: POST /session/a952926708249603da5cc69792e3d2be/elements - {"using":"xpath","value":"//button[@data-kt=\"addButton\"]"}
RESULT: {"using":"xpath","value":"//button[@data-kt=\"addButton\"]"}
COMMAND: POST /session/a952926708249603da5cc69792e3d2be/elements - {"using":"xpath","value":"//button[@data-kt=\"addButton\"]"}
RESULT: {"using":"xpath","value":"//button[@data-kt=\"addButton\"]"}
COMMAND: POST /session/a952926708249603da5cc69792e3d2be/elements - {"using":"xpath","value":"//button[@data-kt=\"addButton\"]"}
RESULT: {"using":"xpath","value":"//button[@data-kt=\"addButton\"]"}
COMMAND: POST /session/a952926708249603da5cc69792e3d2be/elements - {"using":"xpath","value":"//button[@data-kt=\"addButton\"]"}
RESULT: {"using":"xpath","value":"//button[@data-kt=\"addButton\"]"}
COMMAND: POST /session/a952926708249603da5cc69792e3d2be/elements - {"using":"xpath","value":"//button[@data-kt=\"addButton\"]"}
RESULT: {"using":"xpath","value":"//button[@data-kt=\"addButton\"]"}
COMMAND: POST /session/a952926708249603da5cc69792e3d2be/elements - {"using":"xpath","value":"//button[@data-kt=\"addButton\"]"}
RESULT: {"using":"xpath","value":"//button[@data-kt=\"addButton\"]"}
COMMAND: POST /session/a952926708249603da5cc69792e3d2be/elements - {"using":"xpath","value":"//button[@data-kt=\"addButton\"]"}
RESULT: {"using":"xpath","value":"//button[@data-kt=\"addButton\"]"}
COMMAND: POST /session/a952926708249603da5cc69792e3d2be/elements - {"using":"xpath","value":"//button[@data-kt=\"addButton\"]"}
RESULT: {"using":"xpath","value":"//button[@data-kt=\"addButton\"]"}
COMMAND: POST /session/a952926708249603da5cc69792e3d2be/elements - {"using":"xpath","value":"//button[@data-kt=\"addButton\"]"}
RESULT: {"using":"xpath","value":"//button[@data-kt=\"addButton\"]"}
COMMAND: POST /session/a952926708249603da5cc69792e3d2be/elements - {"using":"xpath","value":"//button[@data-kt=\"addButton\"]"}
RESULT: {"using":"xpath","value":"//button[@data-kt=\"addButton\"]"}
COMMAND: POST /session/a952926708249603da5cc69792e3d2be/elements - {"using":"xpath","value":"//button[@data-kt=\"addButton\"]"}
RESULT: {"using":"xpath","value":"//button[@data-kt=\"addButton\"]"}
COMMAND: POST /session/a952926708249603da5cc69792e3d2be/elements - {"using":"xpath","value":"//button[@data-kt=\"addButton\"]"}
RESULT: {"using":"xpath","value":"//button[@data-kt=\"addButton\"]"}
COMMAND: POST /session/a952926708249603da5cc69792e3d2be/elements - {"using":"xpath","value":"//button[@data-kt=\"addButton\"]"}
RESULT: {"using":"xpath","value":"//button[@data-kt=\"addButton\"]"}
COMMAND: POST /session/a952926708249603da5cc69792e3d2be/elements - {"using":"xpath","value":"//button[@data-kt=\"addButton\"]"}
RESULT: {"using":"xpath","value":"//button[@data-kt=\"addButton\"]"}
COMMAND: POST /session/a952926708249603da5cc69792e3d2be/elements - {"using":"xpath","value":"//button[@data-kt=\"addButton\"]"}
RESULT: {"using":"xpath","value":"//button[@data-kt=\"addButton\"]"}
COMMAND: POST /session/a952926708249603da5cc69792e3d2be/elements - {"using":"xpath","value":"//button[@data-kt=\"addButton\"]"}
RESULT: {"using":"xpath","value":"//button[@data-kt=\"addButton\"]"}
COMMAND: POST /session/a952926708249603da5cc69792e3d2be/elements - {"using":"xpath","value":"//button[@data-kt=\"addButton\"]"}
RESULT: {"using":"xpath","value":"//button[@data-kt=\"addButton\"]"}
COMMAND: POST /session/a952926708249603da5cc69792e3d2be/elements - {"using":"xpath","value":"//button[@data-kt=\"addButton\"]"}
RESULT: {"using":"xpath","value":"//button[@data-kt=\"addButton\"]"}
COMMAND: POST /session/a952926708249603da5cc69792e3d2be/elements - {"using":"xpath","value":"//button[@data-kt=\"addButton\"]"}
RESULT: {"using":"xpath","value":"//button[@data-kt=\"addButton\"]"}
COMMAND: POST /session/a952926708249603da5cc69792e3d2be/elements - {"using":"xpath","value":"//button[@data-kt=\"addButton\"]"}
RESULT: {"using":"xpath","value":"//button[@data-kt=\"addButton\"]"}
COMMAND: POST /session/a952926708249603da5cc69792e3d2be/elements - {"using":"xpath","value":"//button[@data-kt=\"addButton\"]"}
RESULT: {"using":"xpath","value":"//button[@data-kt=\"addButton\"]"}
COMMAND: POST /session/a952926708249603da5cc69792e3d2be/elements - {"using":"xpath","value":"//button[@data-kt=\"addButton\"]"}
RESULT: {"using":"xpath","value":"//button[@data-kt=\"addButton\"]"}
COMMAND: POST /session/a952926708249603da5cc69792e3d2be/elements - {"using":"xpath","value":"//button[@data-kt=\"addButton\"]"}
RESULT: {"using":"xpath","value":"//button[@data-kt=\"addButton\"]"}
COMMAND: POST /session/a952926708249603da5cc69792e3d2be/elements - {"using":"xpath","value":"//button[@data-kt=\"addButton\"]"}
RESULT: {"using":"xpath","value":"//button[@data-kt=\"addButton\"]"}
COMMAND: POST /session/a952926708249603da5cc69792e3d2be/elements - {"using":"xpath","value":"//button[@data-kt=\"addButton\"]"}
RESULT: {"using":"xpath","value":"//button[@data-kt=\"addButton\"]"}
COMMAND: POST /session/a952926708249603da5cc69792e3d2be/elements - {"using":"xpath","value":"//button[@data-kt=\"addButton\"]"}
RESULT: {"using":"xpath","value":"//button[@data-kt=\"addButton\"]"}
COMMAND: POST /session/a952926708249603da5cc69792e3d2be/elements - {"using":"xpath","value":"//button[@data-kt=\"addButton\"]"}
RESULT: {"using":"xpath","value":"//button[@data-kt=\"addButton\"]"}
COMMAND: POST /session/a952926708249603da5cc69792e3d2be/elements - {"using":"xpath","value":"//button[@data-kt=\"addButton\"]"}
RESULT: {"using":"xpath","value":"//button[@data-kt=\"addButton\"]"}
COMMAND: POST /session/a952926708249603da5cc69792e3d2be/elements - {"using":"xpath","value":"//button[@data-kt=\"addButton\"]"}
RESULT: {"using":"xpath","value":"//button[@data-kt=\"addButton\"]"}
COMMAND: POST /session/a952926708249603da5cc69792e3d2be/elements - {"using":"xpath","value":"//button[@data-kt=\"addButton\"]"}
RESULT: {"using":"xpath","value":"//button[@data-kt=\"addButton\"]"}
COMMAND: POST /session/a952926708249603da5cc69792e3d2be/elements - {"using":"xpath","value":"//button[@data-kt=\"addButton\"]"}
RESULT: {"using":"xpath","value":"//button[@data-kt=\"addButton\"]"}
COMMAND: POST /session/a952926708249603da5cc69792e3d2be/elements - {"using":"xpath","value":"//button[@data-kt=\"addButton\"]"}
RESULT: {"using":"xpath","value":"//button[@data-kt=\"addButton\"]"}
COMMAND: POST /session/a952926708249603da5cc69792e3d2be/elements - {"using":"xpath","value":"//button[@data-kt=\"addButton\"]"}
RESULT: {"using":"xpath","value":"//button[@data-kt=\"addButton\"]"}
COMMAND: POST /session/a952926708249603da5cc69792e3d2be/elements - {"using":"xpath","value":"//button[@data-kt=\"addButton\"]"}
RESULT: {"using":"xpath","value":"//button[@data-kt=\"addButton\"]"}
COMMAND: POST /session/a952926708249603da5cc69792e3d2be/elements - {"using":"xpath","value":"//button[@data-kt=\"addButton\"]"}
RESULT: {"using":"xpath","value":"//button[@data-kt=\"addButton\"]"}
COMMAND: POST /session/a952926708249603da5cc69792e3d2be/elements - {"using":"xpath","value":"//button[@data-kt=\"addButton\"]"}
RESULT: {"using":"xpath","value":"//button[@data-kt=\"addButton\"]"}
COMMAND: POST /session/a952926708249603da5cc69792e3d2be/elements - {"using":"xpath","value":"//button[@data-kt=\"addButton\"]"}
RESULT: {"using":"xpath","value":"//button[@data-kt=\"addButton\"]"}
COMMAND: POST /session/a952926708249603da5cc69792e3d2be/elements - {"using":"xpath","value":"//button[@data-kt=\"addButton\"]"}
RESULT: {"using":"xpath","value":"//button[@data-kt=\"addButton\"]"}
COMMAND: POST /session/a952926708249603da5cc69792e3d2be/elements - {"using":"xpath","value":"//button[@data-kt=\"addButton\"]"}
RESULT: {"using":"xpath","value":"//button[@data-kt=\"addButton\"]"}
COMMAND: POST /session/a952926708249603da5cc69792e3d2be/elements - {"using":"xpath","value":"//button[@data-kt=\"addButton\"]"}
RESULT: {"using":"xpath","value":"//button[@data-kt=\"addButton\"]"}
COMMAND: POST /session/a952926708249603da5cc69792e3d2be/elements - {"using":"xpath","value":"//button[@data-kt=\"addButton\"]"}
RESULT: {"using":"xpath","value":"//button[@data-kt=\"addButton\"]"}
COMMAND: POST /session/a952926708249603da5cc69792e3d2be/elements - {"using":"xpath","value":"//button[@data-kt=\"addButton\"]"}
RESULT: {"using":"xpath","value":"//button[@data-kt=\"addButton\"]"}
COMMAND: POST /session/a952926708249603da5cc69792e3d2be/elements - {"using":"xpath","value":"//button[@data-kt=\"addButton\"]"}
RESULT: {"using":"xpath","value":"//button[@data-kt=\"addButton\"]"}
COMMAND: POST /session/a952926708249603da5cc69792e3d2be/elements - {"using":"xpath","value":"//button[@data-kt=\"addButton\"]"}
RESULT: {"using":"xpath","value":"//button[@data-kt=\"addButton\"]"}
COMMAND: POST /session/a952926708249603da5cc69792e3d2be/elements - {"using":"xpath","value":"//button[@data-kt=\"addButton\"]"}
RESULT: {"using":"xpath","value":"//button[@data-kt=\"addButton\"]"}
COMMAND: POST /session/a952926708249603da5cc69792e3d2be/elements - {"using":"xpath","value":"//button[@data-kt=\"addButton\"]"}
RESULT: {"using":"xpath","value":"//button[@data-kt=\"addButton\"]"}
COMMAND: POST /session/a952926708249603da5cc69792e3d2be/elements - {"using":"xpath","value":"//button[@data-kt=\"addButton\"]"}
RESULT: {"using":"xpath","value":"//button[@data-kt=\"addButton\"]"}
COMMAND: POST /session/a952926708249603da5cc69792e3d2be/elements - {"using":"xpath","value":"//button[@data-kt=\"addButton\"]"}
RESULT: {"using":"xpath","value":"//button[@data-kt=\"addButton\"]"}
COMMAND: POST /session/a952926708249603da5cc69792e3d2be/elements - {"using":"xpath","value":"//button[@data-kt=\"addButton\"]"}
RESULT: {"using":"xpath","value":"//button[@data-kt=\"addButton\"]"}
COMMAND: POST /session/a952926708249603da5cc69792e3d2be/elements - {"using":"xpath","value":"//button[@data-kt=\"addButton\"]"}
RESULT: {"using":"xpath","value":"//button[@data-kt=\"addButton\"]"}
COMMAND: POST /session/a952926708249603da5cc69792e3d2be/elements - {"using":"xpath","value":"//button[@data-kt=\"addButton\"]"}
RESULT: {"using":"xpath","value":"//button[@data-kt=\"addButton\"]"}
COMMAND: POST /session/a952926708249603da5cc69792e3d2be/elements - {"using":"xpath","value":"//button[@data-kt=\"addButton\"]"}
RESULT: {"using":"xpath","value":"//button[@data-kt=\"addButton\"]"}
COMMAND: POST /session/a952926708249603da5cc69792e3d2be/elements - {"using":"xpath","value":"//button[@data-kt=\"addButton\"]"}
RESULT: {"using":"xpath","value":"//button[@data-kt=\"addButton\"]"}
COMMAND: POST /session/a952926708249603da5cc69792e3d2be/elements - {"using":"xpath","value":"//button[@data-kt=\"addButton\"]"}
RESULT: {"using":"xpath","value":"//button[@data-kt=\"addButton\"]"}
COMMAND: POST /session/a952926708249603da5cc69792e3d2be/elements - {"using":"xpath","value":"//button[@data-kt=\"addButton\"]"}
RESULT: {"using":"xpath","value":"//button[@data-kt=\"addButton\"]"}
COMMAND: POST /session/a952926708249603da5cc69792e3d2be/elements - {"using":"xpath","value":"//button[@data-kt=\"addButton\"]"}
RESULT: {"using":"xpath","value":"//button[@data-kt=\"addButton\"]"}
COMMAND: POST /session/a952926708249603da5cc69792e3d2be/elements - {"using":"xpath","value":"//button[@data-kt=\"addButton\"]"}
RESULT: {"using":"xpath","value":"//button[@data-kt=\"addButton\"]"}
COMMAND: POST /session/a952926708249603da5cc69792e3d2be/elements - {"using":"xpath","value":"//button[@data-kt=\"addButton\"]"}
RESULT: {"using":"xpath","value":"//button[@data-kt=\"addButton\"]"}
COMMAND: POST /session/a952926708249603da5cc69792e3d2be/elements - {"using":"xpath","value":"//button[@data-kt=\"addButton\"]"}
RESULT: {"using":"xpath","value":"//button[@data-kt=\"addButton\"]"}
COMMAND: POST /session/a952926708249603da5cc69792e3d2be/elements - {"using":"xpath","value":"//button[@data-kt=\"addButton\"]"}
RESULT: {"using":"xpath","value":"//button[@data-kt=\"addButton\"]"}
COMMAND: POST /session/a952926708249603da5cc69792e3d2be/elements - {"using":"xpath","value":"//button[@data-kt=\"addButton\"]"}
RESULT: {"using":"xpath","value":"//button[@data-kt=\"addButton\"]"}
COMMAND: POST /session/a952926708249603da5cc69792e3d2be/elements - {"using":"xpath","value":"//button[@data-kt=\"addButton\"]"}
RESULT: {"using":"xpath","value":"//button[@data-kt=\"addButton\"]"}
COMMAND: POST /session/a952926708249603da5cc69792e3d2be/elements - {"using":"xpath","value":"//button[@data-kt=\"addButton\"]"}
RESULT: {"using":"xpath","value":"//button[@data-kt=\"addButton\"]"}
COMMAND: POST /session/a952926708249603da5cc69792e3d2be/elements - {"using":"xpath","value":"//button[@data-kt=\"addButton\"]"}
RESULT: {"using":"xpath","value":"//button[@data-kt=\"addButton\"]"}
COMMAND: POST /session/a952926708249603da5cc69792e3d2be/elements - {"using":"xpath","value":"//button[@data-kt=\"addButton\"]"}
RESULT: {"using":"xpath","value":"//button[@data-kt=\"addButton\"]"}
COMMAND: POST /session/a952926708249603da5cc69792e3d2be/elements - {"using":"xpath","value":"//button[@data-kt=\"addButton\"]"}
RESULT: {"using":"xpath","value":"//button[@data-kt=\"addButton\"]"}
COMMAND: POST /session/a952926708249603da5cc69792e3d2be/elements - {"using":"xpath","value":"//button[@data-kt=\"addButton\"]"}
RESULT: {"using":"xpath","value":"//button[@data-kt=\"addButton\"]"}
COMMAND: POST /session/a952926708249603da5cc69792e3d2be/elements - {"using":"xpath","value":"//button[@data-kt=\"addButton\"]"}
RESULT: {"using":"xpath","value":"//button[@data-kt=\"addButton\"]"}
COMMAND: POST /session/a952926708249603da5cc69792e3d2be/elements - {"using":"xpath","value":"//button[@data-kt=\"addButton\"]"}
RESULT: {"using":"xpath","value":"//button[@data-kt=\"addButton\"]"}
COMMAND: POST /session/a952926708249603da5cc69792e3d2be/elements - {"using":"xpath","value":"//button[@data-kt=\"addButton\"]"}
RESULT: {"using":"xpath","value":"//button[@data-kt=\"addButton\"]"}
COMMAND: POST /session/a952926708249603da5cc69792e3d2be/elements - {"using":"xpath","value":"//button[@data-kt=\"addButton\"]"}
RESULT: {"using":"xpath","value":"//button[@data-kt=\"addButton\"]"}
COMMAND: POST /session/a952926708249603da5cc69792e3d2be/elements - {"using":"xpath","value":"//button[@data-kt=\"addButton\"]"}
RESULT: {"using":"xpath","value":"//button[@data-kt=\"addButton\"]"}
COMMAND: POST /session/a952926708249603da5cc69792e3d2be/elements - {"using":"xpath","value":"//button[@data-kt=\"addButton\"]"}
RESULT: {"using":"xpath","value":"//button[@data-kt=\"addButton\"]"}
COMMAND: POST /session/a952926708249603da5cc69792e3d2be/elements - {"using":"xpath","value":"//button[@data-kt=\"addButton\"]"}
RESULT: {"using":"xpath","value":"//button[@data-kt=\"addButton\"]"}
COMMAND: POST /session/a952926708249603da5cc69792e3d2be/elements - {"using":"xpath","value":"//button[@data-kt=\"addButton\"]"}
RESULT: {"using":"xpath","value":"//button[@data-kt=\"addButton\"]"}
COMMAND: POST /session/a952926708249603da5cc69792e3d2be/elements - {"using":"xpath","value":"//button[@data-kt=\"addButton\"]"}
RESULT: {"using":"xpath","value":"//button[@data-kt=\"addButton\"]"}
COMMAND: POST /session/a952926708249603da5cc69792e3d2be/elements - {"using":"xpath","value":"//button[@data-kt=\"addButton\"]"}
RESULT: {"using":"xpath","value":"//button[@data-kt=\"addButton\"]"}
COMMAND: POST /session/a952926708249603da5cc69792e3d2be/elements - {"using":"xpath","value":"//button[@data-kt=\"addButton\"]"}
RESULT: {"using":"xpath","value":"//button[@data-kt=\"addButton\"]"}
COMMAND: POST /session/a952926708249603da5cc69792e3d2be/elements - {"using":"xpath","value":"//button[@data-kt=\"addButton\"]"}
RESULT: {"using":"xpath","value":"//button[@data-kt=\"addButton\"]"}
COMMAND: POST /session/a952926708249603da5cc69792e3d2be/elements - {"using":"xpath","value":"//button[@data-kt=\"addButton\"]"}
RESULT: {"using":"xpath","value":"//button[@data-kt=\"addButton\"]"}
COMMAND: POST /session/a952926708249603da5cc69792e3d2be/elements - {"using":"xpath","value":"//button[@data-kt=\"addButton\"]"}
RESULT: {"using":"xpath","value":"//button[@data-kt=\"addButton\"]"}
COMMAND: GET /session/a952926708249603da5cc69792e3d2be/screenshot - {}
RESULT: {}
]]></system-out>
      <system-err><![CDATA[
Error: element ("//button[@data-kt="addButton"]") still not existing after 45000ms
    at async Context.<anonymous> (D:\a\1\s\test\specs\BTS\manage-partners.spec.js:211:9)
]]></system-err>
    </testcase>
    <testcase classname="chrome.136_0_7103_49.windows.Partner_specific_tests_US150819_US151080_US151654_US151176_US103444_US151078_US151079_US151109_US151174_US151175_US151189" name="Should activate the created partner again US151176" time="56.155">
      <skipped />
      <system-out><![CDATA[
COMMAND: POST /session/a952926708249603da5cc69792e3d2be/element - {"using":"xpath","value":"//li[.//span[text()=\"Manage Partners\"]]"}
COMMAND: GET /session/a952926708249603da5cc69792e3d2be/screenshot - {}
RESULT: {"using":"xpath","value":"//li[.//span[text()=\"Manage Partners\"]]"}
COMMAND: POST /session/a952926708249603da5cc69792e3d2be/element - {"using":"xpath","value":"//li[.//span[text()=\"Manage Partners\"]]"}
RESULT: {}
RESULT: {"using":"xpath","value":"//li[.//span[text()=\"Manage Partners\"]]"}
COMMAND: POST /session/a952926708249603da5cc69792e3d2be/element - {"using":"css selector","value":"#shell-header-logo"}
RESULT: {"using":"css selector","value":"#shell-header-logo"}
COMMAND: POST /session/a952926708249603da5cc69792e3d2be/element/f.73E06E20145AF85821ADC503D3E38742.d.841D29BCDC60CFB84C76EFFBE49533B2.e.264/click - {}
COMMAND: POST /session/a952926708249603da5cc69792e3d2be/execute/sync - {"script":"<script> [8489 bytes]","args":[{"element-6066-11e4-a52e-4f735466cecf":"f.73E06E20145AF85821ADC503D3E38742.d.841D29BCDC60CFB84C76EFFBE49533B2.e.264","ELEMENT":"f.73E06E20145AF85821ADC503D3E38742.d.841D29BCDC60CFB84C76EFFBE49533B2.e.264"}]}
RESULT: {"script":"<script> [8489 bytes]","args":[{"element-6066-11e4-a52e-4f735466cecf":"f.73E06E20145AF85821ADC503D3E38742.d.841D29BCDC60CFB84C76EFFBE49533B2.e.264","ELEMENT":"f.73E06E20145AF85821ADC503D3E38742.d.841D29BCDC60CFB84C76EFFBE49533B2.e.264"}]}
COMMAND: POST /session/a952926708249603da5cc69792e3d2be/execute/sync - {"script":"<script> [5351 bytes]","args":[{"element-6066-11e4-a52e-4f735466cecf":"f.73E06E20145AF85821ADC503D3E38742.d.841D29BCDC60CFB84C76EFFBE49533B2.e.264","ELEMENT":"f.73E06E20145AF85821ADC503D3E38742.d.841D29BCDC60CFB84C76EFFBE49533B2.e.264"}]}
COMMAND: GET /session/a952926708249603da5cc69792e3d2be/screenshot - {}
RESULT: {"script":"<script> [5351 bytes]","args":[{"element-6066-11e4-a52e-4f735466cecf":"f.73E06E20145AF85821ADC503D3E38742.d.841D29BCDC60CFB84C76EFFBE49533B2.e.264","ELEMENT":"f.73E06E20145AF85821ADC503D3E38742.d.841D29BCDC60CFB84C76EFFBE49533B2.e.264"}]}
COMMAND: GET /session/a952926708249603da5cc69792e3d2be/screenshot - {}
RESULT: {}
RESULT: {}
RESULT: undefined
COMMAND: POST /session/a952926708249603da5cc69792e3d2be/element - {"using":"xpath","value":"//button[@data-kt=\"addButton\"]"}
RESULT: {"using":"xpath","value":"//button[@data-kt=\"addButton\"]"}
COMMAND: POST /session/a952926708249603da5cc69792e3d2be/elements - {"using":"xpath","value":"//button[@data-kt=\"addButton\"]"}
RESULT: {"using":"xpath","value":"//button[@data-kt=\"addButton\"]"}
COMMAND: POST /session/a952926708249603da5cc69792e3d2be/elements - {"using":"xpath","value":"//button[@data-kt=\"addButton\"]"}
RESULT: {"using":"xpath","value":"//button[@data-kt=\"addButton\"]"}
COMMAND: POST /session/a952926708249603da5cc69792e3d2be/elements - {"using":"xpath","value":"//button[@data-kt=\"addButton\"]"}
RESULT: {"using":"xpath","value":"//button[@data-kt=\"addButton\"]"}
COMMAND: POST /session/a952926708249603da5cc69792e3d2be/elements - {"using":"xpath","value":"//button[@data-kt=\"addButton\"]"}
RESULT: {"using":"xpath","value":"//button[@data-kt=\"addButton\"]"}
COMMAND: POST /session/a952926708249603da5cc69792e3d2be/elements - {"using":"xpath","value":"//button[@data-kt=\"addButton\"]"}
RESULT: {"using":"xpath","value":"//button[@data-kt=\"addButton\"]"}
COMMAND: POST /session/a952926708249603da5cc69792e3d2be/elements - {"using":"xpath","value":"//button[@data-kt=\"addButton\"]"}
RESULT: {"using":"xpath","value":"//button[@data-kt=\"addButton\"]"}
COMMAND: POST /session/a952926708249603da5cc69792e3d2be/elements - {"using":"xpath","value":"//button[@data-kt=\"addButton\"]"}
RESULT: {"using":"xpath","value":"//button[@data-kt=\"addButton\"]"}
COMMAND: POST /session/a952926708249603da5cc69792e3d2be/elements - {"using":"xpath","value":"//button[@data-kt=\"addButton\"]"}
RESULT: {"using":"xpath","value":"//button[@data-kt=\"addButton\"]"}
COMMAND: POST /session/a952926708249603da5cc69792e3d2be/elements - {"using":"xpath","value":"//button[@data-kt=\"addButton\"]"}
RESULT: {"using":"xpath","value":"//button[@data-kt=\"addButton\"]"}
COMMAND: POST /session/a952926708249603da5cc69792e3d2be/elements - {"using":"xpath","value":"//button[@data-kt=\"addButton\"]"}
RESULT: {"using":"xpath","value":"//button[@data-kt=\"addButton\"]"}
COMMAND: POST /session/a952926708249603da5cc69792e3d2be/elements - {"using":"xpath","value":"//button[@data-kt=\"addButton\"]"}
RESULT: {"using":"xpath","value":"//button[@data-kt=\"addButton\"]"}
COMMAND: POST /session/a952926708249603da5cc69792e3d2be/elements - {"using":"xpath","value":"//button[@data-kt=\"addButton\"]"}
RESULT: {"using":"xpath","value":"//button[@data-kt=\"addButton\"]"}
COMMAND: POST /session/a952926708249603da5cc69792e3d2be/elements - {"using":"xpath","value":"//button[@data-kt=\"addButton\"]"}
RESULT: {"using":"xpath","value":"//button[@data-kt=\"addButton\"]"}
COMMAND: POST /session/a952926708249603da5cc69792e3d2be/elements - {"using":"xpath","value":"//button[@data-kt=\"addButton\"]"}
RESULT: {"using":"xpath","value":"//button[@data-kt=\"addButton\"]"}
COMMAND: POST /session/a952926708249603da5cc69792e3d2be/elements - {"using":"xpath","value":"//button[@data-kt=\"addButton\"]"}
RESULT: {"using":"xpath","value":"//button[@data-kt=\"addButton\"]"}
COMMAND: POST /session/a952926708249603da5cc69792e3d2be/elements - {"using":"xpath","value":"//button[@data-kt=\"addButton\"]"}
RESULT: {"using":"xpath","value":"//button[@data-kt=\"addButton\"]"}
COMMAND: POST /session/a952926708249603da5cc69792e3d2be/elements - {"using":"xpath","value":"//button[@data-kt=\"addButton\"]"}
RESULT: {"using":"xpath","value":"//button[@data-kt=\"addButton\"]"}
COMMAND: POST /session/a952926708249603da5cc69792e3d2be/elements - {"using":"xpath","value":"//button[@data-kt=\"addButton\"]"}
RESULT: {"using":"xpath","value":"//button[@data-kt=\"addButton\"]"}
COMMAND: POST /session/a952926708249603da5cc69792e3d2be/elements - {"using":"xpath","value":"//button[@data-kt=\"addButton\"]"}
RESULT: {"using":"xpath","value":"//button[@data-kt=\"addButton\"]"}
COMMAND: POST /session/a952926708249603da5cc69792e3d2be/elements - {"using":"xpath","value":"//button[@data-kt=\"addButton\"]"}
RESULT: {"using":"xpath","value":"//button[@data-kt=\"addButton\"]"}
COMMAND: POST /session/a952926708249603da5cc69792e3d2be/elements - {"using":"xpath","value":"//button[@data-kt=\"addButton\"]"}
RESULT: {"using":"xpath","value":"//button[@data-kt=\"addButton\"]"}
COMMAND: POST /session/a952926708249603da5cc69792e3d2be/elements - {"using":"xpath","value":"//button[@data-kt=\"addButton\"]"}
RESULT: {"using":"xpath","value":"//button[@data-kt=\"addButton\"]"}
COMMAND: POST /session/a952926708249603da5cc69792e3d2be/elements - {"using":"xpath","value":"//button[@data-kt=\"addButton\"]"}
RESULT: {"using":"xpath","value":"//button[@data-kt=\"addButton\"]"}
COMMAND: POST /session/a952926708249603da5cc69792e3d2be/elements - {"using":"xpath","value":"//button[@data-kt=\"addButton\"]"}
RESULT: {"using":"xpath","value":"//button[@data-kt=\"addButton\"]"}
COMMAND: POST /session/a952926708249603da5cc69792e3d2be/elements - {"using":"xpath","value":"//button[@data-kt=\"addButton\"]"}
RESULT: {"using":"xpath","value":"//button[@data-kt=\"addButton\"]"}
COMMAND: POST /session/a952926708249603da5cc69792e3d2be/elements - {"using":"xpath","value":"//button[@data-kt=\"addButton\"]"}
RESULT: {"using":"xpath","value":"//button[@data-kt=\"addButton\"]"}
COMMAND: POST /session/a952926708249603da5cc69792e3d2be/elements - {"using":"xpath","value":"//button[@data-kt=\"addButton\"]"}
RESULT: {"using":"xpath","value":"//button[@data-kt=\"addButton\"]"}
COMMAND: POST /session/a952926708249603da5cc69792e3d2be/elements - {"using":"xpath","value":"//button[@data-kt=\"addButton\"]"}
RESULT: {"using":"xpath","value":"//button[@data-kt=\"addButton\"]"}
COMMAND: POST /session/a952926708249603da5cc69792e3d2be/elements - {"using":"xpath","value":"//button[@data-kt=\"addButton\"]"}
RESULT: {"using":"xpath","value":"//button[@data-kt=\"addButton\"]"}
COMMAND: POST /session/a952926708249603da5cc69792e3d2be/elements - {"using":"xpath","value":"//button[@data-kt=\"addButton\"]"}
RESULT: {"using":"xpath","value":"//button[@data-kt=\"addButton\"]"}
COMMAND: POST /session/a952926708249603da5cc69792e3d2be/elements - {"using":"xpath","value":"//button[@data-kt=\"addButton\"]"}
RESULT: {"using":"xpath","value":"//button[@data-kt=\"addButton\"]"}
COMMAND: POST /session/a952926708249603da5cc69792e3d2be/elements - {"using":"xpath","value":"//button[@data-kt=\"addButton\"]"}
RESULT: {"using":"xpath","value":"//button[@data-kt=\"addButton\"]"}
COMMAND: POST /session/a952926708249603da5cc69792e3d2be/elements - {"using":"xpath","value":"//button[@data-kt=\"addButton\"]"}
RESULT: {"using":"xpath","value":"//button[@data-kt=\"addButton\"]"}
COMMAND: POST /session/a952926708249603da5cc69792e3d2be/elements - {"using":"xpath","value":"//button[@data-kt=\"addButton\"]"}
RESULT: {"using":"xpath","value":"//button[@data-kt=\"addButton\"]"}
COMMAND: POST /session/a952926708249603da5cc69792e3d2be/elements - {"using":"xpath","value":"//button[@data-kt=\"addButton\"]"}
RESULT: {"using":"xpath","value":"//button[@data-kt=\"addButton\"]"}
COMMAND: POST /session/a952926708249603da5cc69792e3d2be/elements - {"using":"xpath","value":"//button[@data-kt=\"addButton\"]"}
RESULT: {"using":"xpath","value":"//button[@data-kt=\"addButton\"]"}
COMMAND: POST /session/a952926708249603da5cc69792e3d2be/elements - {"using":"xpath","value":"//button[@data-kt=\"addButton\"]"}
RESULT: {"using":"xpath","value":"//button[@data-kt=\"addButton\"]"}
COMMAND: POST /session/a952926708249603da5cc69792e3d2be/elements - {"using":"xpath","value":"//button[@data-kt=\"addButton\"]"}
RESULT: {"using":"xpath","value":"//button[@data-kt=\"addButton\"]"}
COMMAND: POST /session/a952926708249603da5cc69792e3d2be/elements - {"using":"xpath","value":"//button[@data-kt=\"addButton\"]"}
RESULT: {"using":"xpath","value":"//button[@data-kt=\"addButton\"]"}
COMMAND: POST /session/a952926708249603da5cc69792e3d2be/elements - {"using":"xpath","value":"//button[@data-kt=\"addButton\"]"}
RESULT: {"using":"xpath","value":"//button[@data-kt=\"addButton\"]"}
COMMAND: POST /session/a952926708249603da5cc69792e3d2be/elements - {"using":"xpath","value":"//button[@data-kt=\"addButton\"]"}
RESULT: {"using":"xpath","value":"//button[@data-kt=\"addButton\"]"}
COMMAND: POST /session/a952926708249603da5cc69792e3d2be/elements - {"using":"xpath","value":"//button[@data-kt=\"addButton\"]"}
RESULT: {"using":"xpath","value":"//button[@data-kt=\"addButton\"]"}
COMMAND: POST /session/a952926708249603da5cc69792e3d2be/elements - {"using":"xpath","value":"//button[@data-kt=\"addButton\"]"}
RESULT: {"using":"xpath","value":"//button[@data-kt=\"addButton\"]"}
COMMAND: POST /session/a952926708249603da5cc69792e3d2be/elements - {"using":"xpath","value":"//button[@data-kt=\"addButton\"]"}
RESULT: {"using":"xpath","value":"//button[@data-kt=\"addButton\"]"}
COMMAND: POST /session/a952926708249603da5cc69792e3d2be/elements - {"using":"xpath","value":"//button[@data-kt=\"addButton\"]"}
RESULT: {"using":"xpath","value":"//button[@data-kt=\"addButton\"]"}
COMMAND: POST /session/a952926708249603da5cc69792e3d2be/elements - {"using":"xpath","value":"//button[@data-kt=\"addButton\"]"}
RESULT: {"using":"xpath","value":"//button[@data-kt=\"addButton\"]"}
COMMAND: POST /session/a952926708249603da5cc69792e3d2be/elements - {"using":"xpath","value":"//button[@data-kt=\"addButton\"]"}
RESULT: {"using":"xpath","value":"//button[@data-kt=\"addButton\"]"}
COMMAND: POST /session/a952926708249603da5cc69792e3d2be/elements - {"using":"xpath","value":"//button[@data-kt=\"addButton\"]"}
RESULT: {"using":"xpath","value":"//button[@data-kt=\"addButton\"]"}
COMMAND: POST /session/a952926708249603da5cc69792e3d2be/elements - {"using":"xpath","value":"//button[@data-kt=\"addButton\"]"}
RESULT: {"using":"xpath","value":"//button[@data-kt=\"addButton\"]"}
COMMAND: POST /session/a952926708249603da5cc69792e3d2be/elements - {"using":"xpath","value":"//button[@data-kt=\"addButton\"]"}
RESULT: {"using":"xpath","value":"//button[@data-kt=\"addButton\"]"}
COMMAND: POST /session/a952926708249603da5cc69792e3d2be/elements - {"using":"xpath","value":"//button[@data-kt=\"addButton\"]"}
RESULT: {"using":"xpath","value":"//button[@data-kt=\"addButton\"]"}
COMMAND: POST /session/a952926708249603da5cc69792e3d2be/elements - {"using":"xpath","value":"//button[@data-kt=\"addButton\"]"}
RESULT: {"using":"xpath","value":"//button[@data-kt=\"addButton\"]"}
COMMAND: POST /session/a952926708249603da5cc69792e3d2be/elements - {"using":"xpath","value":"//button[@data-kt=\"addButton\"]"}
RESULT: {"using":"xpath","value":"//button[@data-kt=\"addButton\"]"}
COMMAND: POST /session/a952926708249603da5cc69792e3d2be/elements - {"using":"xpath","value":"//button[@data-kt=\"addButton\"]"}
RESULT: {"using":"xpath","value":"//button[@data-kt=\"addButton\"]"}
COMMAND: POST /session/a952926708249603da5cc69792e3d2be/elements - {"using":"xpath","value":"//button[@data-kt=\"addButton\"]"}
RESULT: {"using":"xpath","value":"//button[@data-kt=\"addButton\"]"}
COMMAND: POST /session/a952926708249603da5cc69792e3d2be/elements - {"using":"xpath","value":"//button[@data-kt=\"addButton\"]"}
RESULT: {"using":"xpath","value":"//button[@data-kt=\"addButton\"]"}
COMMAND: POST /session/a952926708249603da5cc69792e3d2be/elements - {"using":"xpath","value":"//button[@data-kt=\"addButton\"]"}
RESULT: {"using":"xpath","value":"//button[@data-kt=\"addButton\"]"}
COMMAND: POST /session/a952926708249603da5cc69792e3d2be/elements - {"using":"xpath","value":"//button[@data-kt=\"addButton\"]"}
RESULT: {"using":"xpath","value":"//button[@data-kt=\"addButton\"]"}
COMMAND: POST /session/a952926708249603da5cc69792e3d2be/elements - {"using":"xpath","value":"//button[@data-kt=\"addButton\"]"}
RESULT: {"using":"xpath","value":"//button[@data-kt=\"addButton\"]"}
COMMAND: POST /session/a952926708249603da5cc69792e3d2be/elements - {"using":"xpath","value":"//button[@data-kt=\"addButton\"]"}
RESULT: {"using":"xpath","value":"//button[@data-kt=\"addButton\"]"}
COMMAND: POST /session/a952926708249603da5cc69792e3d2be/elements - {"using":"xpath","value":"//button[@data-kt=\"addButton\"]"}
RESULT: {"using":"xpath","value":"//button[@data-kt=\"addButton\"]"}
COMMAND: POST /session/a952926708249603da5cc69792e3d2be/elements - {"using":"xpath","value":"//button[@data-kt=\"addButton\"]"}
RESULT: {"using":"xpath","value":"//button[@data-kt=\"addButton\"]"}
COMMAND: POST /session/a952926708249603da5cc69792e3d2be/elements - {"using":"xpath","value":"//button[@data-kt=\"addButton\"]"}
RESULT: {"using":"xpath","value":"//button[@data-kt=\"addButton\"]"}
COMMAND: POST /session/a952926708249603da5cc69792e3d2be/elements - {"using":"xpath","value":"//button[@data-kt=\"addButton\"]"}
RESULT: {"using":"xpath","value":"//button[@data-kt=\"addButton\"]"}
COMMAND: POST /session/a952926708249603da5cc69792e3d2be/elements - {"using":"xpath","value":"//button[@data-kt=\"addButton\"]"}
RESULT: {"using":"xpath","value":"//button[@data-kt=\"addButton\"]"}
COMMAND: POST /session/a952926708249603da5cc69792e3d2be/elements - {"using":"xpath","value":"//button[@data-kt=\"addButton\"]"}
RESULT: {"using":"xpath","value":"//button[@data-kt=\"addButton\"]"}
COMMAND: POST /session/a952926708249603da5cc69792e3d2be/elements - {"using":"xpath","value":"//button[@data-kt=\"addButton\"]"}
RESULT: {"using":"xpath","value":"//button[@data-kt=\"addButton\"]"}
COMMAND: POST /session/a952926708249603da5cc69792e3d2be/elements - {"using":"xpath","value":"//button[@data-kt=\"addButton\"]"}
RESULT: {"using":"xpath","value":"//button[@data-kt=\"addButton\"]"}
COMMAND: POST /session/a952926708249603da5cc69792e3d2be/elements - {"using":"xpath","value":"//button[@data-kt=\"addButton\"]"}
RESULT: {"using":"xpath","value":"//button[@data-kt=\"addButton\"]"}
COMMAND: POST /session/a952926708249603da5cc69792e3d2be/elements - {"using":"xpath","value":"//button[@data-kt=\"addButton\"]"}
RESULT: {"using":"xpath","value":"//button[@data-kt=\"addButton\"]"}
COMMAND: POST /session/a952926708249603da5cc69792e3d2be/elements - {"using":"xpath","value":"//button[@data-kt=\"addButton\"]"}
RESULT: {"using":"xpath","value":"//button[@data-kt=\"addButton\"]"}
COMMAND: POST /session/a952926708249603da5cc69792e3d2be/elements - {"using":"xpath","value":"//button[@data-kt=\"addButton\"]"}
RESULT: {"using":"xpath","value":"//button[@data-kt=\"addButton\"]"}
COMMAND: POST /session/a952926708249603da5cc69792e3d2be/elements - {"using":"xpath","value":"//button[@data-kt=\"addButton\"]"}
RESULT: {"using":"xpath","value":"//button[@data-kt=\"addButton\"]"}
COMMAND: POST /session/a952926708249603da5cc69792e3d2be/elements - {"using":"xpath","value":"//button[@data-kt=\"addButton\"]"}
RESULT: {"using":"xpath","value":"//button[@data-kt=\"addButton\"]"}
COMMAND: POST /session/a952926708249603da5cc69792e3d2be/elements - {"using":"xpath","value":"//button[@data-kt=\"addButton\"]"}
RESULT: {"using":"xpath","value":"//button[@data-kt=\"addButton\"]"}
COMMAND: POST /session/a952926708249603da5cc69792e3d2be/elements - {"using":"xpath","value":"//button[@data-kt=\"addButton\"]"}
RESULT: {"using":"xpath","value":"//button[@data-kt=\"addButton\"]"}
COMMAND: POST /session/a952926708249603da5cc69792e3d2be/elements - {"using":"xpath","value":"//button[@data-kt=\"addButton\"]"}
RESULT: {"using":"xpath","value":"//button[@data-kt=\"addButton\"]"}
COMMAND: POST /session/a952926708249603da5cc69792e3d2be/elements - {"using":"xpath","value":"//button[@data-kt=\"addButton\"]"}
RESULT: {"using":"xpath","value":"//button[@data-kt=\"addButton\"]"}
COMMAND: POST /session/a952926708249603da5cc69792e3d2be/elements - {"using":"xpath","value":"//button[@data-kt=\"addButton\"]"}
RESULT: {"using":"xpath","value":"//button[@data-kt=\"addButton\"]"}
COMMAND: POST /session/a952926708249603da5cc69792e3d2be/elements - {"using":"xpath","value":"//button[@data-kt=\"addButton\"]"}
RESULT: {"using":"xpath","value":"//button[@data-kt=\"addButton\"]"}
COMMAND: POST /session/a952926708249603da5cc69792e3d2be/elements - {"using":"xpath","value":"//button[@data-kt=\"addButton\"]"}
RESULT: {"using":"xpath","value":"//button[@data-kt=\"addButton\"]"}
COMMAND: POST /session/a952926708249603da5cc69792e3d2be/elements - {"using":"xpath","value":"//button[@data-kt=\"addButton\"]"}
RESULT: {"using":"xpath","value":"//button[@data-kt=\"addButton\"]"}
COMMAND: POST /session/a952926708249603da5cc69792e3d2be/elements - {"using":"xpath","value":"//button[@data-kt=\"addButton\"]"}
RESULT: {"using":"xpath","value":"//button[@data-kt=\"addButton\"]"}
COMMAND: POST /session/a952926708249603da5cc69792e3d2be/elements - {"using":"xpath","value":"//button[@data-kt=\"addButton\"]"}
RESULT: {"using":"xpath","value":"//button[@data-kt=\"addButton\"]"}
COMMAND: POST /session/a952926708249603da5cc69792e3d2be/elements - {"using":"xpath","value":"//button[@data-kt=\"addButton\"]"}
RESULT: {"using":"xpath","value":"//button[@data-kt=\"addButton\"]"}
COMMAND: POST /session/a952926708249603da5cc69792e3d2be/elements - {"using":"xpath","value":"//button[@data-kt=\"addButton\"]"}
RESULT: {"using":"xpath","value":"//button[@data-kt=\"addButton\"]"}
COMMAND: POST /session/a952926708249603da5cc69792e3d2be/elements - {"using":"xpath","value":"//button[@data-kt=\"addButton\"]"}
RESULT: {"using":"xpath","value":"//button[@data-kt=\"addButton\"]"}
COMMAND: POST /session/a952926708249603da5cc69792e3d2be/elements - {"using":"xpath","value":"//button[@data-kt=\"addButton\"]"}
RESULT: {"using":"xpath","value":"//button[@data-kt=\"addButton\"]"}
COMMAND: POST /session/a952926708249603da5cc69792e3d2be/elements - {"using":"xpath","value":"//button[@data-kt=\"addButton\"]"}
RESULT: {"using":"xpath","value":"//button[@data-kt=\"addButton\"]"}
COMMAND: POST /session/a952926708249603da5cc69792e3d2be/elements - {"using":"xpath","value":"//button[@data-kt=\"addButton\"]"}
RESULT: {"using":"xpath","value":"//button[@data-kt=\"addButton\"]"}
COMMAND: POST /session/a952926708249603da5cc69792e3d2be/elements - {"using":"xpath","value":"//button[@data-kt=\"addButton\"]"}
COMMAND: GET /session/a952926708249603da5cc69792e3d2be/screenshot - {}
RESULT: {"using":"xpath","value":"//button[@data-kt=\"addButton\"]"}
RESULT: {}
]]></system-out>
      <system-err><![CDATA[
Error: element ("//button[@data-kt="addButton"]") still not existing after 45000ms
    at async Context.<anonymous> (D:\a\1\s\test\specs\BTS\manage-partners.spec.js:286:9)
]]></system-err>
    </testcase>
    <testcase classname="chrome.136_0_7103_49.windows.Partner_specific_tests_US150819_US151080_US151654_US151176_US103444_US151078_US151079_US151109_US151174_US151175_US151189" name="Should activate the created partner again US151176" time="55.571">
      <skipped />
      <system-out><![CDATA[
COMMAND: POST /session/a952926708249603da5cc69792e3d2be/element - {"using":"xpath","value":"//li[.//span[text()=\"Manage Partners\"]]"}
RESULT: {"using":"xpath","value":"//li[.//span[text()=\"Manage Partners\"]]"}
COMMAND: POST /session/a952926708249603da5cc69792e3d2be/element - {"using":"xpath","value":"//li[.//span[text()=\"Manage Partners\"]]"}
RESULT: {"using":"xpath","value":"//li[.//span[text()=\"Manage Partners\"]]"}
COMMAND: POST /session/a952926708249603da5cc69792e3d2be/element - {"using":"css selector","value":"#shell-header-logo"}
RESULT: {"using":"css selector","value":"#shell-header-logo"}
COMMAND: POST /session/a952926708249603da5cc69792e3d2be/element/f.73E06E20145AF85821ADC503D3E38742.d.841D29BCDC60CFB84C76EFFBE49533B2.e.264/click - {}
COMMAND: POST /session/a952926708249603da5cc69792e3d2be/execute/sync - {"script":"<script> [8489 bytes]","args":[{"element-6066-11e4-a52e-4f735466cecf":"f.73E06E20145AF85821ADC503D3E38742.d.841D29BCDC60CFB84C76EFFBE49533B2.e.264","ELEMENT":"f.73E06E20145AF85821ADC503D3E38742.d.841D29BCDC60CFB84C76EFFBE49533B2.e.264"}]}
RESULT: {"script":"<script> [8489 bytes]","args":[{"element-6066-11e4-a52e-4f735466cecf":"f.73E06E20145AF85821ADC503D3E38742.d.841D29BCDC60CFB84C76EFFBE49533B2.e.264","ELEMENT":"f.73E06E20145AF85821ADC503D3E38742.d.841D29BCDC60CFB84C76EFFBE49533B2.e.264"}]}
COMMAND: POST /session/a952926708249603da5cc69792e3d2be/execute/sync - {"script":"<script> [5351 bytes]","args":[{"element-6066-11e4-a52e-4f735466cecf":"f.73E06E20145AF85821ADC503D3E38742.d.841D29BCDC60CFB84C76EFFBE49533B2.e.264","ELEMENT":"f.73E06E20145AF85821ADC503D3E38742.d.841D29BCDC60CFB84C76EFFBE49533B2.e.264"}]}
COMMAND: GET /session/a952926708249603da5cc69792e3d2be/screenshot - {}
RESULT: {"script":"<script> [5351 bytes]","args":[{"element-6066-11e4-a52e-4f735466cecf":"f.73E06E20145AF85821ADC503D3E38742.d.841D29BCDC60CFB84C76EFFBE49533B2.e.264","ELEMENT":"f.73E06E20145AF85821ADC503D3E38742.d.841D29BCDC60CFB84C76EFFBE49533B2.e.264"}]}
COMMAND: GET /session/a952926708249603da5cc69792e3d2be/screenshot - {}
RESULT: {}
RESULT: {}
RESULT: undefined
COMMAND: POST /session/a952926708249603da5cc69792e3d2be/element - {"using":"xpath","value":"//button[@data-kt=\"addButton\"]"}
RESULT: {"using":"xpath","value":"//button[@data-kt=\"addButton\"]"}
COMMAND: POST /session/a952926708249603da5cc69792e3d2be/elements - {"using":"xpath","value":"//button[@data-kt=\"addButton\"]"}
RESULT: {"using":"xpath","value":"//button[@data-kt=\"addButton\"]"}
COMMAND: POST /session/a952926708249603da5cc69792e3d2be/elements - {"using":"xpath","value":"//button[@data-kt=\"addButton\"]"}
RESULT: {"using":"xpath","value":"//button[@data-kt=\"addButton\"]"}
COMMAND: POST /session/a952926708249603da5cc69792e3d2be/elements - {"using":"xpath","value":"//button[@data-kt=\"addButton\"]"}
RESULT: {"using":"xpath","value":"//button[@data-kt=\"addButton\"]"}
COMMAND: POST /session/a952926708249603da5cc69792e3d2be/elements - {"using":"xpath","value":"//button[@data-kt=\"addButton\"]"}
RESULT: {"using":"xpath","value":"//button[@data-kt=\"addButton\"]"}
COMMAND: POST /session/a952926708249603da5cc69792e3d2be/elements - {"using":"xpath","value":"//button[@data-kt=\"addButton\"]"}
RESULT: {"using":"xpath","value":"//button[@data-kt=\"addButton\"]"}
COMMAND: POST /session/a952926708249603da5cc69792e3d2be/elements - {"using":"xpath","value":"//button[@data-kt=\"addButton\"]"}
RESULT: {"using":"xpath","value":"//button[@data-kt=\"addButton\"]"}
COMMAND: POST /session/a952926708249603da5cc69792e3d2be/elements - {"using":"xpath","value":"//button[@data-kt=\"addButton\"]"}
RESULT: {"using":"xpath","value":"//button[@data-kt=\"addButton\"]"}
COMMAND: POST /session/a952926708249603da5cc69792e3d2be/elements - {"using":"xpath","value":"//button[@data-kt=\"addButton\"]"}
RESULT: {"using":"xpath","value":"//button[@data-kt=\"addButton\"]"}
COMMAND: POST /session/a952926708249603da5cc69792e3d2be/elements - {"using":"xpath","value":"//button[@data-kt=\"addButton\"]"}
RESULT: {"using":"xpath","value":"//button[@data-kt=\"addButton\"]"}
COMMAND: POST /session/a952926708249603da5cc69792e3d2be/elements - {"using":"xpath","value":"//button[@data-kt=\"addButton\"]"}
RESULT: {"using":"xpath","value":"//button[@data-kt=\"addButton\"]"}
COMMAND: POST /session/a952926708249603da5cc69792e3d2be/elements - {"using":"xpath","value":"//button[@data-kt=\"addButton\"]"}
RESULT: {"using":"xpath","value":"//button[@data-kt=\"addButton\"]"}
COMMAND: POST /session/a952926708249603da5cc69792e3d2be/elements - {"using":"xpath","value":"//button[@data-kt=\"addButton\"]"}
RESULT: {"using":"xpath","value":"//button[@data-kt=\"addButton\"]"}
COMMAND: POST /session/a952926708249603da5cc69792e3d2be/elements - {"using":"xpath","value":"//button[@data-kt=\"addButton\"]"}
RESULT: {"using":"xpath","value":"//button[@data-kt=\"addButton\"]"}
COMMAND: POST /session/a952926708249603da5cc69792e3d2be/elements - {"using":"xpath","value":"//button[@data-kt=\"addButton\"]"}
RESULT: {"using":"xpath","value":"//button[@data-kt=\"addButton\"]"}
COMMAND: POST /session/a952926708249603da5cc69792e3d2be/elements - {"using":"xpath","value":"//button[@data-kt=\"addButton\"]"}
RESULT: {"using":"xpath","value":"//button[@data-kt=\"addButton\"]"}
COMMAND: POST /session/a952926708249603da5cc69792e3d2be/elements - {"using":"xpath","value":"//button[@data-kt=\"addButton\"]"}
RESULT: {"using":"xpath","value":"//button[@data-kt=\"addButton\"]"}
COMMAND: POST /session/a952926708249603da5cc69792e3d2be/elements - {"using":"xpath","value":"//button[@data-kt=\"addButton\"]"}
RESULT: {"using":"xpath","value":"//button[@data-kt=\"addButton\"]"}
COMMAND: POST /session/a952926708249603da5cc69792e3d2be/elements - {"using":"xpath","value":"//button[@data-kt=\"addButton\"]"}
RESULT: {"using":"xpath","value":"//button[@data-kt=\"addButton\"]"}
COMMAND: POST /session/a952926708249603da5cc69792e3d2be/elements - {"using":"xpath","value":"//button[@data-kt=\"addButton\"]"}
RESULT: {"using":"xpath","value":"//button[@data-kt=\"addButton\"]"}
COMMAND: POST /session/a952926708249603da5cc69792e3d2be/elements - {"using":"xpath","value":"//button[@data-kt=\"addButton\"]"}
RESULT: {"using":"xpath","value":"//button[@data-kt=\"addButton\"]"}
COMMAND: POST /session/a952926708249603da5cc69792e3d2be/elements - {"using":"xpath","value":"//button[@data-kt=\"addButton\"]"}
RESULT: {"using":"xpath","value":"//button[@data-kt=\"addButton\"]"}
COMMAND: POST /session/a952926708249603da5cc69792e3d2be/elements - {"using":"xpath","value":"//button[@data-kt=\"addButton\"]"}
RESULT: {"using":"xpath","value":"//button[@data-kt=\"addButton\"]"}
COMMAND: POST /session/a952926708249603da5cc69792e3d2be/elements - {"using":"xpath","value":"//button[@data-kt=\"addButton\"]"}
RESULT: {"using":"xpath","value":"//button[@data-kt=\"addButton\"]"}
COMMAND: POST /session/a952926708249603da5cc69792e3d2be/elements - {"using":"xpath","value":"//button[@data-kt=\"addButton\"]"}
RESULT: {"using":"xpath","value":"//button[@data-kt=\"addButton\"]"}
COMMAND: POST /session/a952926708249603da5cc69792e3d2be/elements - {"using":"xpath","value":"//button[@data-kt=\"addButton\"]"}
RESULT: {"using":"xpath","value":"//button[@data-kt=\"addButton\"]"}
COMMAND: POST /session/a952926708249603da5cc69792e3d2be/elements - {"using":"xpath","value":"//button[@data-kt=\"addButton\"]"}
RESULT: {"using":"xpath","value":"//button[@data-kt=\"addButton\"]"}
COMMAND: POST /session/a952926708249603da5cc69792e3d2be/elements - {"using":"xpath","value":"//button[@data-kt=\"addButton\"]"}
RESULT: {"using":"xpath","value":"//button[@data-kt=\"addButton\"]"}
COMMAND: POST /session/a952926708249603da5cc69792e3d2be/elements - {"using":"xpath","value":"//button[@data-kt=\"addButton\"]"}
RESULT: {"using":"xpath","value":"//button[@data-kt=\"addButton\"]"}
COMMAND: POST /session/a952926708249603da5cc69792e3d2be/elements - {"using":"xpath","value":"//button[@data-kt=\"addButton\"]"}
RESULT: {"using":"xpath","value":"//button[@data-kt=\"addButton\"]"}
COMMAND: POST /session/a952926708249603da5cc69792e3d2be/elements - {"using":"xpath","value":"//button[@data-kt=\"addButton\"]"}
RESULT: {"using":"xpath","value":"//button[@data-kt=\"addButton\"]"}
COMMAND: POST /session/a952926708249603da5cc69792e3d2be/elements - {"using":"xpath","value":"//button[@data-kt=\"addButton\"]"}
RESULT: {"using":"xpath","value":"//button[@data-kt=\"addButton\"]"}
COMMAND: POST /session/a952926708249603da5cc69792e3d2be/elements - {"using":"xpath","value":"//button[@data-kt=\"addButton\"]"}
RESULT: {"using":"xpath","value":"//button[@data-kt=\"addButton\"]"}
COMMAND: POST /session/a952926708249603da5cc69792e3d2be/elements - {"using":"xpath","value":"//button[@data-kt=\"addButton\"]"}
RESULT: {"using":"xpath","value":"//button[@data-kt=\"addButton\"]"}
COMMAND: POST /session/a952926708249603da5cc69792e3d2be/elements - {"using":"xpath","value":"//button[@data-kt=\"addButton\"]"}
RESULT: {"using":"xpath","value":"//button[@data-kt=\"addButton\"]"}
COMMAND: POST /session/a952926708249603da5cc69792e3d2be/elements - {"using":"xpath","value":"//button[@data-kt=\"addButton\"]"}
RESULT: {"using":"xpath","value":"//button[@data-kt=\"addButton\"]"}
COMMAND: POST /session/a952926708249603da5cc69792e3d2be/elements - {"using":"xpath","value":"//button[@data-kt=\"addButton\"]"}
RESULT: {"using":"xpath","value":"//button[@data-kt=\"addButton\"]"}
COMMAND: POST /session/a952926708249603da5cc69792e3d2be/elements - {"using":"xpath","value":"//button[@data-kt=\"addButton\"]"}
RESULT: {"using":"xpath","value":"//button[@data-kt=\"addButton\"]"}
COMMAND: POST /session/a952926708249603da5cc69792e3d2be/elements - {"using":"xpath","value":"//button[@data-kt=\"addButton\"]"}
RESULT: {"using":"xpath","value":"//button[@data-kt=\"addButton\"]"}
COMMAND: POST /session/a952926708249603da5cc69792e3d2be/elements - {"using":"xpath","value":"//button[@data-kt=\"addButton\"]"}
RESULT: {"using":"xpath","value":"//button[@data-kt=\"addButton\"]"}
COMMAND: POST /session/a952926708249603da5cc69792e3d2be/elements - {"using":"xpath","value":"//button[@data-kt=\"addButton\"]"}
RESULT: {"using":"xpath","value":"//button[@data-kt=\"addButton\"]"}
COMMAND: POST /session/a952926708249603da5cc69792e3d2be/elements - {"using":"xpath","value":"//button[@data-kt=\"addButton\"]"}
RESULT: {"using":"xpath","value":"//button[@data-kt=\"addButton\"]"}
COMMAND: POST /session/a952926708249603da5cc69792e3d2be/elements - {"using":"xpath","value":"//button[@data-kt=\"addButton\"]"}
RESULT: {"using":"xpath","value":"//button[@data-kt=\"addButton\"]"}
COMMAND: POST /session/a952926708249603da5cc69792e3d2be/elements - {"using":"xpath","value":"//button[@data-kt=\"addButton\"]"}
RESULT: {"using":"xpath","value":"//button[@data-kt=\"addButton\"]"}
COMMAND: POST /session/a952926708249603da5cc69792e3d2be/elements - {"using":"xpath","value":"//button[@data-kt=\"addButton\"]"}
RESULT: {"using":"xpath","value":"//button[@data-kt=\"addButton\"]"}
COMMAND: POST /session/a952926708249603da5cc69792e3d2be/elements - {"using":"xpath","value":"//button[@data-kt=\"addButton\"]"}
RESULT: {"using":"xpath","value":"//button[@data-kt=\"addButton\"]"}
COMMAND: POST /session/a952926708249603da5cc69792e3d2be/elements - {"using":"xpath","value":"//button[@data-kt=\"addButton\"]"}
RESULT: {"using":"xpath","value":"//button[@data-kt=\"addButton\"]"}
COMMAND: POST /session/a952926708249603da5cc69792e3d2be/elements - {"using":"xpath","value":"//button[@data-kt=\"addButton\"]"}
RESULT: {"using":"xpath","value":"//button[@data-kt=\"addButton\"]"}
COMMAND: POST /session/a952926708249603da5cc69792e3d2be/elements - {"using":"xpath","value":"//button[@data-kt=\"addButton\"]"}
RESULT: {"using":"xpath","value":"//button[@data-kt=\"addButton\"]"}
COMMAND: POST /session/a952926708249603da5cc69792e3d2be/elements - {"using":"xpath","value":"//button[@data-kt=\"addButton\"]"}
RESULT: {"using":"xpath","value":"//button[@data-kt=\"addButton\"]"}
COMMAND: POST /session/a952926708249603da5cc69792e3d2be/elements - {"using":"xpath","value":"//button[@data-kt=\"addButton\"]"}
RESULT: {"using":"xpath","value":"//button[@data-kt=\"addButton\"]"}
COMMAND: POST /session/a952926708249603da5cc69792e3d2be/elements - {"using":"xpath","value":"//button[@data-kt=\"addButton\"]"}
RESULT: {"using":"xpath","value":"//button[@data-kt=\"addButton\"]"}
COMMAND: POST /session/a952926708249603da5cc69792e3d2be/elements - {"using":"xpath","value":"//button[@data-kt=\"addButton\"]"}
RESULT: {"using":"xpath","value":"//button[@data-kt=\"addButton\"]"}
COMMAND: POST /session/a952926708249603da5cc69792e3d2be/elements - {"using":"xpath","value":"//button[@data-kt=\"addButton\"]"}
RESULT: {"using":"xpath","value":"//button[@data-kt=\"addButton\"]"}
COMMAND: POST /session/a952926708249603da5cc69792e3d2be/elements - {"using":"xpath","value":"//button[@data-kt=\"addButton\"]"}
RESULT: {"using":"xpath","value":"//button[@data-kt=\"addButton\"]"}
COMMAND: POST /session/a952926708249603da5cc69792e3d2be/elements - {"using":"xpath","value":"//button[@data-kt=\"addButton\"]"}
RESULT: {"using":"xpath","value":"//button[@data-kt=\"addButton\"]"}
COMMAND: POST /session/a952926708249603da5cc69792e3d2be/elements - {"using":"xpath","value":"//button[@data-kt=\"addButton\"]"}
RESULT: {"using":"xpath","value":"//button[@data-kt=\"addButton\"]"}
COMMAND: POST /session/a952926708249603da5cc69792e3d2be/elements - {"using":"xpath","value":"//button[@data-kt=\"addButton\"]"}
RESULT: {"using":"xpath","value":"//button[@data-kt=\"addButton\"]"}
COMMAND: POST /session/a952926708249603da5cc69792e3d2be/elements - {"using":"xpath","value":"//button[@data-kt=\"addButton\"]"}
RESULT: {"using":"xpath","value":"//button[@data-kt=\"addButton\"]"}
COMMAND: POST /session/a952926708249603da5cc69792e3d2be/elements - {"using":"xpath","value":"//button[@data-kt=\"addButton\"]"}
RESULT: {"using":"xpath","value":"//button[@data-kt=\"addButton\"]"}
COMMAND: POST /session/a952926708249603da5cc69792e3d2be/elements - {"using":"xpath","value":"//button[@data-kt=\"addButton\"]"}
RESULT: {"using":"xpath","value":"//button[@data-kt=\"addButton\"]"}
COMMAND: POST /session/a952926708249603da5cc69792e3d2be/elements - {"using":"xpath","value":"//button[@data-kt=\"addButton\"]"}
RESULT: {"using":"xpath","value":"//button[@data-kt=\"addButton\"]"}
COMMAND: POST /session/a952926708249603da5cc69792e3d2be/elements - {"using":"xpath","value":"//button[@data-kt=\"addButton\"]"}
RESULT: {"using":"xpath","value":"//button[@data-kt=\"addButton\"]"}
COMMAND: POST /session/a952926708249603da5cc69792e3d2be/elements - {"using":"xpath","value":"//button[@data-kt=\"addButton\"]"}
RESULT: {"using":"xpath","value":"//button[@data-kt=\"addButton\"]"}
COMMAND: POST /session/a952926708249603da5cc69792e3d2be/elements - {"using":"xpath","value":"//button[@data-kt=\"addButton\"]"}
RESULT: {"using":"xpath","value":"//button[@data-kt=\"addButton\"]"}
COMMAND: POST /session/a952926708249603da5cc69792e3d2be/elements - {"using":"xpath","value":"//button[@data-kt=\"addButton\"]"}
RESULT: {"using":"xpath","value":"//button[@data-kt=\"addButton\"]"}
COMMAND: POST /session/a952926708249603da5cc69792e3d2be/elements - {"using":"xpath","value":"//button[@data-kt=\"addButton\"]"}
RESULT: {"using":"xpath","value":"//button[@data-kt=\"addButton\"]"}
COMMAND: POST /session/a952926708249603da5cc69792e3d2be/elements - {"using":"xpath","value":"//button[@data-kt=\"addButton\"]"}
RESULT: {"using":"xpath","value":"//button[@data-kt=\"addButton\"]"}
COMMAND: POST /session/a952926708249603da5cc69792e3d2be/elements - {"using":"xpath","value":"//button[@data-kt=\"addButton\"]"}
RESULT: {"using":"xpath","value":"//button[@data-kt=\"addButton\"]"}
COMMAND: POST /session/a952926708249603da5cc69792e3d2be/elements - {"using":"xpath","value":"//button[@data-kt=\"addButton\"]"}
RESULT: {"using":"xpath","value":"//button[@data-kt=\"addButton\"]"}
COMMAND: POST /session/a952926708249603da5cc69792e3d2be/elements - {"using":"xpath","value":"//button[@data-kt=\"addButton\"]"}
RESULT: {"using":"xpath","value":"//button[@data-kt=\"addButton\"]"}
COMMAND: POST /session/a952926708249603da5cc69792e3d2be/elements - {"using":"xpath","value":"//button[@data-kt=\"addButton\"]"}
RESULT: {"using":"xpath","value":"//button[@data-kt=\"addButton\"]"}
COMMAND: POST /session/a952926708249603da5cc69792e3d2be/elements - {"using":"xpath","value":"//button[@data-kt=\"addButton\"]"}
RESULT: {"using":"xpath","value":"//button[@data-kt=\"addButton\"]"}
COMMAND: POST /session/a952926708249603da5cc69792e3d2be/elements - {"using":"xpath","value":"//button[@data-kt=\"addButton\"]"}
RESULT: {"using":"xpath","value":"//button[@data-kt=\"addButton\"]"}
COMMAND: POST /session/a952926708249603da5cc69792e3d2be/elements - {"using":"xpath","value":"//button[@data-kt=\"addButton\"]"}
RESULT: {"using":"xpath","value":"//button[@data-kt=\"addButton\"]"}
COMMAND: POST /session/a952926708249603da5cc69792e3d2be/elements - {"using":"xpath","value":"//button[@data-kt=\"addButton\"]"}
RESULT: {"using":"xpath","value":"//button[@data-kt=\"addButton\"]"}
COMMAND: POST /session/a952926708249603da5cc69792e3d2be/elements - {"using":"xpath","value":"//button[@data-kt=\"addButton\"]"}
RESULT: {"using":"xpath","value":"//button[@data-kt=\"addButton\"]"}
COMMAND: POST /session/a952926708249603da5cc69792e3d2be/elements - {"using":"xpath","value":"//button[@data-kt=\"addButton\"]"}
RESULT: {"using":"xpath","value":"//button[@data-kt=\"addButton\"]"}
COMMAND: POST /session/a952926708249603da5cc69792e3d2be/elements - {"using":"xpath","value":"//button[@data-kt=\"addButton\"]"}
RESULT: {"using":"xpath","value":"//button[@data-kt=\"addButton\"]"}
COMMAND: POST /session/a952926708249603da5cc69792e3d2be/elements - {"using":"xpath","value":"//button[@data-kt=\"addButton\"]"}
RESULT: {"using":"xpath","value":"//button[@data-kt=\"addButton\"]"}
COMMAND: POST /session/a952926708249603da5cc69792e3d2be/elements - {"using":"xpath","value":"//button[@data-kt=\"addButton\"]"}
RESULT: {"using":"xpath","value":"//button[@data-kt=\"addButton\"]"}
COMMAND: POST /session/a952926708249603da5cc69792e3d2be/elements - {"using":"xpath","value":"//button[@data-kt=\"addButton\"]"}
RESULT: {"using":"xpath","value":"//button[@data-kt=\"addButton\"]"}
COMMAND: POST /session/a952926708249603da5cc69792e3d2be/elements - {"using":"xpath","value":"//button[@data-kt=\"addButton\"]"}
RESULT: {"using":"xpath","value":"//button[@data-kt=\"addButton\"]"}
COMMAND: POST /session/a952926708249603da5cc69792e3d2be/elements - {"using":"xpath","value":"//button[@data-kt=\"addButton\"]"}
RESULT: {"using":"xpath","value":"//button[@data-kt=\"addButton\"]"}
COMMAND: POST /session/a952926708249603da5cc69792e3d2be/elements - {"using":"xpath","value":"//button[@data-kt=\"addButton\"]"}
RESULT: {"using":"xpath","value":"//button[@data-kt=\"addButton\"]"}
COMMAND: POST /session/a952926708249603da5cc69792e3d2be/elements - {"using":"xpath","value":"//button[@data-kt=\"addButton\"]"}
RESULT: {"using":"xpath","value":"//button[@data-kt=\"addButton\"]"}
COMMAND: POST /session/a952926708249603da5cc69792e3d2be/elements - {"using":"xpath","value":"//button[@data-kt=\"addButton\"]"}
RESULT: {"using":"xpath","value":"//button[@data-kt=\"addButton\"]"}
COMMAND: POST /session/a952926708249603da5cc69792e3d2be/elements - {"using":"xpath","value":"//button[@data-kt=\"addButton\"]"}
RESULT: {"using":"xpath","value":"//button[@data-kt=\"addButton\"]"}
COMMAND: POST /session/a952926708249603da5cc69792e3d2be/elements - {"using":"xpath","value":"//button[@data-kt=\"addButton\"]"}
RESULT: {"using":"xpath","value":"//button[@data-kt=\"addButton\"]"}
COMMAND: POST /session/a952926708249603da5cc69792e3d2be/elements - {"using":"xpath","value":"//button[@data-kt=\"addButton\"]"}
RESULT: {"using":"xpath","value":"//button[@data-kt=\"addButton\"]"}
COMMAND: POST /session/a952926708249603da5cc69792e3d2be/elements - {"using":"xpath","value":"//button[@data-kt=\"addButton\"]"}
RESULT: {"using":"xpath","value":"//button[@data-kt=\"addButton\"]"}
COMMAND: POST /session/a952926708249603da5cc69792e3d2be/elements - {"using":"xpath","value":"//button[@data-kt=\"addButton\"]"}
COMMAND: GET /session/a952926708249603da5cc69792e3d2be/screenshot - {}
RESULT: {"using":"xpath","value":"//button[@data-kt=\"addButton\"]"}
RESULT: {}
]]></system-out>
      <system-err><![CDATA[
Error: element ("//button[@data-kt="addButton"]") still not existing after 45000ms
    at async Context.<anonymous> (D:\a\1\s\test\specs\BTS\manage-partners.spec.js:286:9)
]]></system-err>
    </testcase>
    <testcase classname="chrome.136_0_7103_49.windows.Partner_specific_tests_US150819_US151080_US151654_US151176_US103444_US151078_US151079_US151109_US151174_US151175_US151189" name="Should edit the created external partner and save it and check its content US103444" time="55.625">
      <skipped />
      <system-out><![CDATA[
COMMAND: POST /session/a952926708249603da5cc69792e3d2be/element - {"using":"xpath","value":"//li[.//span[text()=\"Manage Partners\"]]"}
COMMAND: GET /session/a952926708249603da5cc69792e3d2be/screenshot - {}
RESULT: {"using":"xpath","value":"//li[.//span[text()=\"Manage Partners\"]]"}
COMMAND: POST /session/a952926708249603da5cc69792e3d2be/element - {"using":"xpath","value":"//li[.//span[text()=\"Manage Partners\"]]"}
RESULT: {}
RESULT: {"using":"xpath","value":"//li[.//span[text()=\"Manage Partners\"]]"}
COMMAND: POST /session/a952926708249603da5cc69792e3d2be/element - {"using":"css selector","value":"#shell-header-logo"}
RESULT: {"using":"css selector","value":"#shell-header-logo"}
COMMAND: POST /session/a952926708249603da5cc69792e3d2be/element/f.73E06E20145AF85821ADC503D3E38742.d.841D29BCDC60CFB84C76EFFBE49533B2.e.264/click - {}
COMMAND: POST /session/a952926708249603da5cc69792e3d2be/execute/sync - {"script":"<script> [8489 bytes]","args":[{"element-6066-11e4-a52e-4f735466cecf":"f.73E06E20145AF85821ADC503D3E38742.d.841D29BCDC60CFB84C76EFFBE49533B2.e.264","ELEMENT":"f.73E06E20145AF85821ADC503D3E38742.d.841D29BCDC60CFB84C76EFFBE49533B2.e.264"}]}
RESULT: {"script":"<script> [8489 bytes]","args":[{"element-6066-11e4-a52e-4f735466cecf":"f.73E06E20145AF85821ADC503D3E38742.d.841D29BCDC60CFB84C76EFFBE49533B2.e.264","ELEMENT":"f.73E06E20145AF85821ADC503D3E38742.d.841D29BCDC60CFB84C76EFFBE49533B2.e.264"}]}
COMMAND: POST /session/a952926708249603da5cc69792e3d2be/execute/sync - {"script":"<script> [5351 bytes]","args":[{"element-6066-11e4-a52e-4f735466cecf":"f.73E06E20145AF85821ADC503D3E38742.d.841D29BCDC60CFB84C76EFFBE49533B2.e.264","ELEMENT":"f.73E06E20145AF85821ADC503D3E38742.d.841D29BCDC60CFB84C76EFFBE49533B2.e.264"}]}
COMMAND: GET /session/a952926708249603da5cc69792e3d2be/screenshot - {}
RESULT: {"script":"<script> [5351 bytes]","args":[{"element-6066-11e4-a52e-4f735466cecf":"f.73E06E20145AF85821ADC503D3E38742.d.841D29BCDC60CFB84C76EFFBE49533B2.e.264","ELEMENT":"f.73E06E20145AF85821ADC503D3E38742.d.841D29BCDC60CFB84C76EFFBE49533B2.e.264"}]}
COMMAND: GET /session/a952926708249603da5cc69792e3d2be/screenshot - {}
RESULT: {}
RESULT: {}
RESULT: undefined
COMMAND: POST /session/a952926708249603da5cc69792e3d2be/element - {"using":"xpath","value":"//button[@data-kt=\"addButton\"]"}
RESULT: {"using":"xpath","value":"//button[@data-kt=\"addButton\"]"}
COMMAND: POST /session/a952926708249603da5cc69792e3d2be/elements - {"using":"xpath","value":"//button[@data-kt=\"addButton\"]"}
RESULT: {"using":"xpath","value":"//button[@data-kt=\"addButton\"]"}
COMMAND: POST /session/a952926708249603da5cc69792e3d2be/elements - {"using":"xpath","value":"//button[@data-kt=\"addButton\"]"}
RESULT: {"using":"xpath","value":"//button[@data-kt=\"addButton\"]"}
COMMAND: POST /session/a952926708249603da5cc69792e3d2be/elements - {"using":"xpath","value":"//button[@data-kt=\"addButton\"]"}
RESULT: {"using":"xpath","value":"//button[@data-kt=\"addButton\"]"}
COMMAND: POST /session/a952926708249603da5cc69792e3d2be/elements - {"using":"xpath","value":"//button[@data-kt=\"addButton\"]"}
RESULT: {"using":"xpath","value":"//button[@data-kt=\"addButton\"]"}
COMMAND: POST /session/a952926708249603da5cc69792e3d2be/elements - {"using":"xpath","value":"//button[@data-kt=\"addButton\"]"}
RESULT: {"using":"xpath","value":"//button[@data-kt=\"addButton\"]"}
COMMAND: POST /session/a952926708249603da5cc69792e3d2be/elements - {"using":"xpath","value":"//button[@data-kt=\"addButton\"]"}
RESULT: {"using":"xpath","value":"//button[@data-kt=\"addButton\"]"}
COMMAND: POST /session/a952926708249603da5cc69792e3d2be/elements - {"using":"xpath","value":"//button[@data-kt=\"addButton\"]"}
RESULT: {"using":"xpath","value":"//button[@data-kt=\"addButton\"]"}
COMMAND: POST /session/a952926708249603da5cc69792e3d2be/elements - {"using":"xpath","value":"//button[@data-kt=\"addButton\"]"}
RESULT: {"using":"xpath","value":"//button[@data-kt=\"addButton\"]"}
COMMAND: POST /session/a952926708249603da5cc69792e3d2be/elements - {"using":"xpath","value":"//button[@data-kt=\"addButton\"]"}
RESULT: {"using":"xpath","value":"//button[@data-kt=\"addButton\"]"}
COMMAND: POST /session/a952926708249603da5cc69792e3d2be/elements - {"using":"xpath","value":"//button[@data-kt=\"addButton\"]"}
RESULT: {"using":"xpath","value":"//button[@data-kt=\"addButton\"]"}
COMMAND: POST /session/a952926708249603da5cc69792e3d2be/elements - {"using":"xpath","value":"//button[@data-kt=\"addButton\"]"}
RESULT: {"using":"xpath","value":"//button[@data-kt=\"addButton\"]"}
COMMAND: POST /session/a952926708249603da5cc69792e3d2be/elements - {"using":"xpath","value":"//button[@data-kt=\"addButton\"]"}
RESULT: {"using":"xpath","value":"//button[@data-kt=\"addButton\"]"}
COMMAND: POST /session/a952926708249603da5cc69792e3d2be/elements - {"using":"xpath","value":"//button[@data-kt=\"addButton\"]"}
RESULT: {"using":"xpath","value":"//button[@data-kt=\"addButton\"]"}
COMMAND: POST /session/a952926708249603da5cc69792e3d2be/elements - {"using":"xpath","value":"//button[@data-kt=\"addButton\"]"}
RESULT: {"using":"xpath","value":"//button[@data-kt=\"addButton\"]"}
COMMAND: POST /session/a952926708249603da5cc69792e3d2be/elements - {"using":"xpath","value":"//button[@data-kt=\"addButton\"]"}
RESULT: {"using":"xpath","value":"//button[@data-kt=\"addButton\"]"}
COMMAND: POST /session/a952926708249603da5cc69792e3d2be/elements - {"using":"xpath","value":"//button[@data-kt=\"addButton\"]"}
RESULT: {"using":"xpath","value":"//button[@data-kt=\"addButton\"]"}
COMMAND: POST /session/a952926708249603da5cc69792e3d2be/elements - {"using":"xpath","value":"//button[@data-kt=\"addButton\"]"}
RESULT: {"using":"xpath","value":"//button[@data-kt=\"addButton\"]"}
COMMAND: POST /session/a952926708249603da5cc69792e3d2be/elements - {"using":"xpath","value":"//button[@data-kt=\"addButton\"]"}
RESULT: {"using":"xpath","value":"//button[@data-kt=\"addButton\"]"}
COMMAND: POST /session/a952926708249603da5cc69792e3d2be/elements - {"using":"xpath","value":"//button[@data-kt=\"addButton\"]"}
RESULT: {"using":"xpath","value":"//button[@data-kt=\"addButton\"]"}
COMMAND: POST /session/a952926708249603da5cc69792e3d2be/elements - {"using":"xpath","value":"//button[@data-kt=\"addButton\"]"}
RESULT: {"using":"xpath","value":"//button[@data-kt=\"addButton\"]"}
COMMAND: POST /session/a952926708249603da5cc69792e3d2be/elements - {"using":"xpath","value":"//button[@data-kt=\"addButton\"]"}
RESULT: {"using":"xpath","value":"//button[@data-kt=\"addButton\"]"}
COMMAND: POST /session/a952926708249603da5cc69792e3d2be/elements - {"using":"xpath","value":"//button[@data-kt=\"addButton\"]"}
RESULT: {"using":"xpath","value":"//button[@data-kt=\"addButton\"]"}
COMMAND: POST /session/a952926708249603da5cc69792e3d2be/elements - {"using":"xpath","value":"//button[@data-kt=\"addButton\"]"}
RESULT: {"using":"xpath","value":"//button[@data-kt=\"addButton\"]"}
COMMAND: POST /session/a952926708249603da5cc69792e3d2be/elements - {"using":"xpath","value":"//button[@data-kt=\"addButton\"]"}
RESULT: {"using":"xpath","value":"//button[@data-kt=\"addButton\"]"}
COMMAND: POST /session/a952926708249603da5cc69792e3d2be/elements - {"using":"xpath","value":"//button[@data-kt=\"addButton\"]"}
RESULT: {"using":"xpath","value":"//button[@data-kt=\"addButton\"]"}
COMMAND: POST /session/a952926708249603da5cc69792e3d2be/elements - {"using":"xpath","value":"//button[@data-kt=\"addButton\"]"}
RESULT: {"using":"xpath","value":"//button[@data-kt=\"addButton\"]"}
COMMAND: POST /session/a952926708249603da5cc69792e3d2be/elements - {"using":"xpath","value":"//button[@data-kt=\"addButton\"]"}
RESULT: {"using":"xpath","value":"//button[@data-kt=\"addButton\"]"}
COMMAND: POST /session/a952926708249603da5cc69792e3d2be/elements - {"using":"xpath","value":"//button[@data-kt=\"addButton\"]"}
RESULT: {"using":"xpath","value":"//button[@data-kt=\"addButton\"]"}
COMMAND: POST /session/a952926708249603da5cc69792e3d2be/elements - {"using":"xpath","value":"//button[@data-kt=\"addButton\"]"}
RESULT: {"using":"xpath","value":"//button[@data-kt=\"addButton\"]"}
COMMAND: POST /session/a952926708249603da5cc69792e3d2be/elements - {"using":"xpath","value":"//button[@data-kt=\"addButton\"]"}
RESULT: {"using":"xpath","value":"//button[@data-kt=\"addButton\"]"}
COMMAND: POST /session/a952926708249603da5cc69792e3d2be/elements - {"using":"xpath","value":"//button[@data-kt=\"addButton\"]"}
RESULT: {"using":"xpath","value":"//button[@data-kt=\"addButton\"]"}
COMMAND: POST /session/a952926708249603da5cc69792e3d2be/elements - {"using":"xpath","value":"//button[@data-kt=\"addButton\"]"}
RESULT: {"using":"xpath","value":"//button[@data-kt=\"addButton\"]"}
COMMAND: POST /session/a952926708249603da5cc69792e3d2be/elements - {"using":"xpath","value":"//button[@data-kt=\"addButton\"]"}
RESULT: {"using":"xpath","value":"//button[@data-kt=\"addButton\"]"}
COMMAND: POST /session/a952926708249603da5cc69792e3d2be/elements - {"using":"xpath","value":"//button[@data-kt=\"addButton\"]"}
RESULT: {"using":"xpath","value":"//button[@data-kt=\"addButton\"]"}
COMMAND: POST /session/a952926708249603da5cc69792e3d2be/elements - {"using":"xpath","value":"//button[@data-kt=\"addButton\"]"}
RESULT: {"using":"xpath","value":"//button[@data-kt=\"addButton\"]"}
COMMAND: POST /session/a952926708249603da5cc69792e3d2be/elements - {"using":"xpath","value":"//button[@data-kt=\"addButton\"]"}
RESULT: {"using":"xpath","value":"//button[@data-kt=\"addButton\"]"}
COMMAND: POST /session/a952926708249603da5cc69792e3d2be/elements - {"using":"xpath","value":"//button[@data-kt=\"addButton\"]"}
RESULT: {"using":"xpath","value":"//button[@data-kt=\"addButton\"]"}
COMMAND: POST /session/a952926708249603da5cc69792e3d2be/elements - {"using":"xpath","value":"//button[@data-kt=\"addButton\"]"}
RESULT: {"using":"xpath","value":"//button[@data-kt=\"addButton\"]"}
COMMAND: POST /session/a952926708249603da5cc69792e3d2be/elements - {"using":"xpath","value":"//button[@data-kt=\"addButton\"]"}
RESULT: {"using":"xpath","value":"//button[@data-kt=\"addButton\"]"}
COMMAND: POST /session/a952926708249603da5cc69792e3d2be/elements - {"using":"xpath","value":"//button[@data-kt=\"addButton\"]"}
RESULT: {"using":"xpath","value":"//button[@data-kt=\"addButton\"]"}
COMMAND: POST /session/a952926708249603da5cc69792e3d2be/elements - {"using":"xpath","value":"//button[@data-kt=\"addButton\"]"}
RESULT: {"using":"xpath","value":"//button[@data-kt=\"addButton\"]"}
COMMAND: POST /session/a952926708249603da5cc69792e3d2be/elements - {"using":"xpath","value":"//button[@data-kt=\"addButton\"]"}
RESULT: {"using":"xpath","value":"//button[@data-kt=\"addButton\"]"}
COMMAND: POST /session/a952926708249603da5cc69792e3d2be/elements - {"using":"xpath","value":"//button[@data-kt=\"addButton\"]"}
RESULT: {"using":"xpath","value":"//button[@data-kt=\"addButton\"]"}
COMMAND: POST /session/a952926708249603da5cc69792e3d2be/elements - {"using":"xpath","value":"//button[@data-kt=\"addButton\"]"}
RESULT: {"using":"xpath","value":"//button[@data-kt=\"addButton\"]"}
COMMAND: POST /session/a952926708249603da5cc69792e3d2be/elements - {"using":"xpath","value":"//button[@data-kt=\"addButton\"]"}
RESULT: {"using":"xpath","value":"//button[@data-kt=\"addButton\"]"}
COMMAND: POST /session/a952926708249603da5cc69792e3d2be/elements - {"using":"xpath","value":"//button[@data-kt=\"addButton\"]"}
RESULT: {"using":"xpath","value":"//button[@data-kt=\"addButton\"]"}
COMMAND: POST /session/a952926708249603da5cc69792e3d2be/elements - {"using":"xpath","value":"//button[@data-kt=\"addButton\"]"}
RESULT: {"using":"xpath","value":"//button[@data-kt=\"addButton\"]"}
COMMAND: POST /session/a952926708249603da5cc69792e3d2be/elements - {"using":"xpath","value":"//button[@data-kt=\"addButton\"]"}
RESULT: {"using":"xpath","value":"//button[@data-kt=\"addButton\"]"}
COMMAND: POST /session/a952926708249603da5cc69792e3d2be/elements - {"using":"xpath","value":"//button[@data-kt=\"addButton\"]"}
RESULT: {"using":"xpath","value":"//button[@data-kt=\"addButton\"]"}
COMMAND: POST /session/a952926708249603da5cc69792e3d2be/elements - {"using":"xpath","value":"//button[@data-kt=\"addButton\"]"}
RESULT: {"using":"xpath","value":"//button[@data-kt=\"addButton\"]"}
COMMAND: POST /session/a952926708249603da5cc69792e3d2be/elements - {"using":"xpath","value":"//button[@data-kt=\"addButton\"]"}
RESULT: {"using":"xpath","value":"//button[@data-kt=\"addButton\"]"}
COMMAND: POST /session/a952926708249603da5cc69792e3d2be/elements - {"using":"xpath","value":"//button[@data-kt=\"addButton\"]"}
RESULT: {"using":"xpath","value":"//button[@data-kt=\"addButton\"]"}
COMMAND: POST /session/a952926708249603da5cc69792e3d2be/elements - {"using":"xpath","value":"//button[@data-kt=\"addButton\"]"}
RESULT: {"using":"xpath","value":"//button[@data-kt=\"addButton\"]"}
COMMAND: POST /session/a952926708249603da5cc69792e3d2be/elements - {"using":"xpath","value":"//button[@data-kt=\"addButton\"]"}
RESULT: {"using":"xpath","value":"//button[@data-kt=\"addButton\"]"}
COMMAND: POST /session/a952926708249603da5cc69792e3d2be/elements - {"using":"xpath","value":"//button[@data-kt=\"addButton\"]"}
RESULT: {"using":"xpath","value":"//button[@data-kt=\"addButton\"]"}
COMMAND: POST /session/a952926708249603da5cc69792e3d2be/elements - {"using":"xpath","value":"//button[@data-kt=\"addButton\"]"}
RESULT: {"using":"xpath","value":"//button[@data-kt=\"addButton\"]"}
COMMAND: POST /session/a952926708249603da5cc69792e3d2be/elements - {"using":"xpath","value":"//button[@data-kt=\"addButton\"]"}
RESULT: {"using":"xpath","value":"//button[@data-kt=\"addButton\"]"}
COMMAND: POST /session/a952926708249603da5cc69792e3d2be/elements - {"using":"xpath","value":"//button[@data-kt=\"addButton\"]"}
RESULT: {"using":"xpath","value":"//button[@data-kt=\"addButton\"]"}
COMMAND: POST /session/a952926708249603da5cc69792e3d2be/elements - {"using":"xpath","value":"//button[@data-kt=\"addButton\"]"}
RESULT: {"using":"xpath","value":"//button[@data-kt=\"addButton\"]"}
COMMAND: POST /session/a952926708249603da5cc69792e3d2be/elements - {"using":"xpath","value":"//button[@data-kt=\"addButton\"]"}
RESULT: {"using":"xpath","value":"//button[@data-kt=\"addButton\"]"}
COMMAND: POST /session/a952926708249603da5cc69792e3d2be/elements - {"using":"xpath","value":"//button[@data-kt=\"addButton\"]"}
RESULT: {"using":"xpath","value":"//button[@data-kt=\"addButton\"]"}
COMMAND: POST /session/a952926708249603da5cc69792e3d2be/elements - {"using":"xpath","value":"//button[@data-kt=\"addButton\"]"}
RESULT: {"using":"xpath","value":"//button[@data-kt=\"addButton\"]"}
COMMAND: POST /session/a952926708249603da5cc69792e3d2be/elements - {"using":"xpath","value":"//button[@data-kt=\"addButton\"]"}
RESULT: {"using":"xpath","value":"//button[@data-kt=\"addButton\"]"}
COMMAND: POST /session/a952926708249603da5cc69792e3d2be/elements - {"using":"xpath","value":"//button[@data-kt=\"addButton\"]"}
RESULT: {"using":"xpath","value":"//button[@data-kt=\"addButton\"]"}
COMMAND: POST /session/a952926708249603da5cc69792e3d2be/elements - {"using":"xpath","value":"//button[@data-kt=\"addButton\"]"}
RESULT: {"using":"xpath","value":"//button[@data-kt=\"addButton\"]"}
COMMAND: POST /session/a952926708249603da5cc69792e3d2be/elements - {"using":"xpath","value":"//button[@data-kt=\"addButton\"]"}
RESULT: {"using":"xpath","value":"//button[@data-kt=\"addButton\"]"}
COMMAND: POST /session/a952926708249603da5cc69792e3d2be/elements - {"using":"xpath","value":"//button[@data-kt=\"addButton\"]"}
RESULT: {"using":"xpath","value":"//button[@data-kt=\"addButton\"]"}
COMMAND: POST /session/a952926708249603da5cc69792e3d2be/elements - {"using":"xpath","value":"//button[@data-kt=\"addButton\"]"}
RESULT: {"using":"xpath","value":"//button[@data-kt=\"addButton\"]"}
COMMAND: POST /session/a952926708249603da5cc69792e3d2be/elements - {"using":"xpath","value":"//button[@data-kt=\"addButton\"]"}
RESULT: {"using":"xpath","value":"//button[@data-kt=\"addButton\"]"}
COMMAND: POST /session/a952926708249603da5cc69792e3d2be/elements - {"using":"xpath","value":"//button[@data-kt=\"addButton\"]"}
RESULT: {"using":"xpath","value":"//button[@data-kt=\"addButton\"]"}
COMMAND: POST /session/a952926708249603da5cc69792e3d2be/elements - {"using":"xpath","value":"//button[@data-kt=\"addButton\"]"}
RESULT: {"using":"xpath","value":"//button[@data-kt=\"addButton\"]"}
COMMAND: POST /session/a952926708249603da5cc69792e3d2be/elements - {"using":"xpath","value":"//button[@data-kt=\"addButton\"]"}
RESULT: {"using":"xpath","value":"//button[@data-kt=\"addButton\"]"}
COMMAND: POST /session/a952926708249603da5cc69792e3d2be/elements - {"using":"xpath","value":"//button[@data-kt=\"addButton\"]"}
RESULT: {"using":"xpath","value":"//button[@data-kt=\"addButton\"]"}
COMMAND: POST /session/a952926708249603da5cc69792e3d2be/elements - {"using":"xpath","value":"//button[@data-kt=\"addButton\"]"}
RESULT: {"using":"xpath","value":"//button[@data-kt=\"addButton\"]"}
COMMAND: POST /session/a952926708249603da5cc69792e3d2be/elements - {"using":"xpath","value":"//button[@data-kt=\"addButton\"]"}
RESULT: {"using":"xpath","value":"//button[@data-kt=\"addButton\"]"}
COMMAND: POST /session/a952926708249603da5cc69792e3d2be/elements - {"using":"xpath","value":"//button[@data-kt=\"addButton\"]"}
RESULT: {"using":"xpath","value":"//button[@data-kt=\"addButton\"]"}
COMMAND: POST /session/a952926708249603da5cc69792e3d2be/elements - {"using":"xpath","value":"//button[@data-kt=\"addButton\"]"}
RESULT: {"using":"xpath","value":"//button[@data-kt=\"addButton\"]"}
COMMAND: POST /session/a952926708249603da5cc69792e3d2be/elements - {"using":"xpath","value":"//button[@data-kt=\"addButton\"]"}
RESULT: {"using":"xpath","value":"//button[@data-kt=\"addButton\"]"}
COMMAND: POST /session/a952926708249603da5cc69792e3d2be/elements - {"using":"xpath","value":"//button[@data-kt=\"addButton\"]"}
RESULT: {"using":"xpath","value":"//button[@data-kt=\"addButton\"]"}
COMMAND: POST /session/a952926708249603da5cc69792e3d2be/elements - {"using":"xpath","value":"//button[@data-kt=\"addButton\"]"}
RESULT: {"using":"xpath","value":"//button[@data-kt=\"addButton\"]"}
COMMAND: POST /session/a952926708249603da5cc69792e3d2be/elements - {"using":"xpath","value":"//button[@data-kt=\"addButton\"]"}
RESULT: {"using":"xpath","value":"//button[@data-kt=\"addButton\"]"}
COMMAND: POST /session/a952926708249603da5cc69792e3d2be/elements - {"using":"xpath","value":"//button[@data-kt=\"addButton\"]"}
RESULT: {"using":"xpath","value":"//button[@data-kt=\"addButton\"]"}
COMMAND: POST /session/a952926708249603da5cc69792e3d2be/elements - {"using":"xpath","value":"//button[@data-kt=\"addButton\"]"}
RESULT: {"using":"xpath","value":"//button[@data-kt=\"addButton\"]"}
COMMAND: POST /session/a952926708249603da5cc69792e3d2be/elements - {"using":"xpath","value":"//button[@data-kt=\"addButton\"]"}
RESULT: {"using":"xpath","value":"//button[@data-kt=\"addButton\"]"}
COMMAND: POST /session/a952926708249603da5cc69792e3d2be/elements - {"using":"xpath","value":"//button[@data-kt=\"addButton\"]"}
RESULT: {"using":"xpath","value":"//button[@data-kt=\"addButton\"]"}
COMMAND: POST /session/a952926708249603da5cc69792e3d2be/elements - {"using":"xpath","value":"//button[@data-kt=\"addButton\"]"}
RESULT: {"using":"xpath","value":"//button[@data-kt=\"addButton\"]"}
COMMAND: POST /session/a952926708249603da5cc69792e3d2be/elements - {"using":"xpath","value":"//button[@data-kt=\"addButton\"]"}
RESULT: {"using":"xpath","value":"//button[@data-kt=\"addButton\"]"}
COMMAND: POST /session/a952926708249603da5cc69792e3d2be/elements - {"using":"xpath","value":"//button[@data-kt=\"addButton\"]"}
RESULT: {"using":"xpath","value":"//button[@data-kt=\"addButton\"]"}
COMMAND: POST /session/a952926708249603da5cc69792e3d2be/elements - {"using":"xpath","value":"//button[@data-kt=\"addButton\"]"}
RESULT: {"using":"xpath","value":"//button[@data-kt=\"addButton\"]"}
COMMAND: POST /session/a952926708249603da5cc69792e3d2be/elements - {"using":"xpath","value":"//button[@data-kt=\"addButton\"]"}
RESULT: {"using":"xpath","value":"//button[@data-kt=\"addButton\"]"}
COMMAND: GET /session/a952926708249603da5cc69792e3d2be/screenshot - {}
RESULT: {}
]]></system-out>
      <system-err><![CDATA[
Error: element ("//button[@data-kt="addButton"]") still not existing after 45000ms
    at async UtilsPrerequisites.partnerEdit (D:\a\1\s\test\specs\BTS\prerequisites-and-utils-functions.js:3043:9)
    at async Context.<anonymous> (D:\a\1\s\test\specs\BTS\manage-partners.spec.js:348:9)
]]></system-err>
    </testcase>
    <testcase classname="chrome.136_0_7103_49.windows.Partner_specific_tests_US150819_US151080_US151654_US151176_US103444_US151078_US151079_US151109_US151174_US151175_US151189" name="Should edit the created external partner and save it and check its content US103444" time="55.205">
      <skipped />
      <system-out><![CDATA[
COMMAND: POST /session/a952926708249603da5cc69792e3d2be/element - {"using":"xpath","value":"//li[.//span[text()=\"Manage Partners\"]]"}
RESULT: {"using":"xpath","value":"//li[.//span[text()=\"Manage Partners\"]]"}
COMMAND: POST /session/a952926708249603da5cc69792e3d2be/element - {"using":"xpath","value":"//li[.//span[text()=\"Manage Partners\"]]"}
RESULT: {"using":"xpath","value":"//li[.//span[text()=\"Manage Partners\"]]"}
COMMAND: POST /session/a952926708249603da5cc69792e3d2be/element - {"using":"css selector","value":"#shell-header-logo"}
RESULT: {"using":"css selector","value":"#shell-header-logo"}
COMMAND: POST /session/a952926708249603da5cc69792e3d2be/elements - {"using":"css selector","value":"#shell-header-logo"}
COMMAND: POST /session/a952926708249603da5cc69792e3d2be/element - {"using":"css selector","value":"#shell-header-logo"}
RESULT: {"using":"css selector","value":"#shell-header-logo"}
RESULT: {"using":"css selector","value":"#shell-header-logo"}
COMMAND: POST /session/a952926708249603da5cc69792e3d2be/elements - {"using":"css selector","value":"#shell-header-logo"}
RESULT: {"using":"css selector","value":"#shell-header-logo"}
COMMAND: POST /session/a952926708249603da5cc69792e3d2be/elements - {"using":"css selector","value":"#shell-header-logo"}
RESULT: {"using":"css selector","value":"#shell-header-logo"}
COMMAND: POST /session/a952926708249603da5cc69792e3d2be/elements - {"using":"css selector","value":"#shell-header-logo"}
RESULT: {"using":"css selector","value":"#shell-header-logo"}
COMMAND: POST /session/a952926708249603da5cc69792e3d2be/elements - {"using":"css selector","value":"#shell-header-logo"}
RESULT: {"using":"css selector","value":"#shell-header-logo"}
COMMAND: POST /session/a952926708249603da5cc69792e3d2be/elements - {"using":"css selector","value":"#shell-header-logo"}
RESULT: {"using":"css selector","value":"#shell-header-logo"}
COMMAND: POST /session/a952926708249603da5cc69792e3d2be/elements - {"using":"css selector","value":"#shell-header-logo"}
RESULT: {"using":"css selector","value":"#shell-header-logo"}
COMMAND: POST /session/a952926708249603da5cc69792e3d2be/elements - {"using":"css selector","value":"#shell-header-logo"}
RESULT: {"using":"css selector","value":"#shell-header-logo"}
COMMAND: POST /session/a952926708249603da5cc69792e3d2be/elements - {"using":"css selector","value":"#shell-header-logo"}
RESULT: {"using":"css selector","value":"#shell-header-logo"}
COMMAND: POST /session/a952926708249603da5cc69792e3d2be/elements - {"using":"css selector","value":"#shell-header-logo"}
RESULT: {"using":"css selector","value":"#shell-header-logo"}
COMMAND: POST /session/a952926708249603da5cc69792e3d2be/elements - {"using":"css selector","value":"#shell-header-logo"}
RESULT: {"using":"css selector","value":"#shell-header-logo"}
COMMAND: POST /session/a952926708249603da5cc69792e3d2be/elements - {"using":"css selector","value":"#shell-header-logo"}
RESULT: {"using":"css selector","value":"#shell-header-logo"}
COMMAND: POST /session/a952926708249603da5cc69792e3d2be/elements - {"using":"css selector","value":"#shell-header-logo"}
RESULT: {"using":"css selector","value":"#shell-header-logo"}
COMMAND: POST /session/a952926708249603da5cc69792e3d2be/elements - {"using":"css selector","value":"#shell-header-logo"}
RESULT: {"using":"css selector","value":"#shell-header-logo"}
COMMAND: POST /session/a952926708249603da5cc69792e3d2be/elements - {"using":"css selector","value":"#shell-header-logo"}
RESULT: {"using":"css selector","value":"#shell-header-logo"}
COMMAND: POST /session/a952926708249603da5cc69792e3d2be/elements - {"using":"css selector","value":"#shell-header-logo"}
RESULT: {"using":"css selector","value":"#shell-header-logo"}
COMMAND: POST /session/a952926708249603da5cc69792e3d2be/elements - {"using":"css selector","value":"#shell-header-logo"}
RESULT: {"using":"css selector","value":"#shell-header-logo"}
COMMAND: POST /session/a952926708249603da5cc69792e3d2be/elements - {"using":"css selector","value":"#shell-header-logo"}
RESULT: {"using":"css selector","value":"#shell-header-logo"}
COMMAND: POST /session/a952926708249603da5cc69792e3d2be/elements - {"using":"css selector","value":"#shell-header-logo"}
RESULT: {"using":"css selector","value":"#shell-header-logo"}
COMMAND: POST /session/a952926708249603da5cc69792e3d2be/elements - {"using":"css selector","value":"#shell-header-logo"}
RESULT: {"using":"css selector","value":"#shell-header-logo"}
RESULT: undefined
COMMAND: POST /session/a952926708249603da5cc69792e3d2be/element - {"using":"xpath","value":"//button[@data-kt=\"addButton\"]"}
COMMAND: POST /session/a952926708249603da5cc69792e3d2be/elements - {"using":"css selector","value":"#shell-header-logo"}
RESULT: {"using":"xpath","value":"//button[@data-kt=\"addButton\"]"}
COMMAND: POST /session/a952926708249603da5cc69792e3d2be/elements - {"using":"xpath","value":"//button[@data-kt=\"addButton\"]"}
RESULT: {"using":"css selector","value":"#shell-header-logo"}
RESULT: {"using":"xpath","value":"//button[@data-kt=\"addButton\"]"}
COMMAND: POST /session/a952926708249603da5cc69792e3d2be/elements - {"using":"css selector","value":"#shell-header-logo"}
COMMAND: POST /session/a952926708249603da5cc69792e3d2be/elements - {"using":"xpath","value":"//button[@data-kt=\"addButton\"]"}
RESULT: {"using":"css selector","value":"#shell-header-logo"}
RESULT: {"using":"xpath","value":"//button[@data-kt=\"addButton\"]"}
COMMAND: POST /session/a952926708249603da5cc69792e3d2be/elements - {"using":"css selector","value":"#shell-header-logo"}
RESULT: {"using":"css selector","value":"#shell-header-logo"}
COMMAND: POST /session/a952926708249603da5cc69792e3d2be/elements - {"using":"xpath","value":"//button[@data-kt=\"addButton\"]"}
RESULT: {"using":"xpath","value":"//button[@data-kt=\"addButton\"]"}
COMMAND: POST /session/a952926708249603da5cc69792e3d2be/elements - {"using":"css selector","value":"#shell-header-logo"}
RESULT: {"using":"css selector","value":"#shell-header-logo"}
COMMAND: POST /session/a952926708249603da5cc69792e3d2be/elements - {"using":"xpath","value":"//button[@data-kt=\"addButton\"]"}
RESULT: {"using":"xpath","value":"//button[@data-kt=\"addButton\"]"}
COMMAND: POST /session/a952926708249603da5cc69792e3d2be/elements - {"using":"css selector","value":"#shell-header-logo"}
RESULT: {"using":"css selector","value":"#shell-header-logo"}
COMMAND: POST /session/a952926708249603da5cc69792e3d2be/elements - {"using":"xpath","value":"//button[@data-kt=\"addButton\"]"}
RESULT: {"using":"xpath","value":"//button[@data-kt=\"addButton\"]"}
COMMAND: POST /session/a952926708249603da5cc69792e3d2be/elements - {"using":"css selector","value":"#shell-header-logo"}
RESULT: {"using":"css selector","value":"#shell-header-logo"}
COMMAND: POST /session/a952926708249603da5cc69792e3d2be/elements - {"using":"xpath","value":"//button[@data-kt=\"addButton\"]"}
RESULT: {"using":"xpath","value":"//button[@data-kt=\"addButton\"]"}
COMMAND: POST /session/a952926708249603da5cc69792e3d2be/elements - {"using":"css selector","value":"#shell-header-logo"}
RESULT: {"using":"css selector","value":"#shell-header-logo"}
COMMAND: POST /session/a952926708249603da5cc69792e3d2be/elements - {"using":"xpath","value":"//button[@data-kt=\"addButton\"]"}
RESULT: {"using":"xpath","value":"//button[@data-kt=\"addButton\"]"}
COMMAND: POST /session/a952926708249603da5cc69792e3d2be/elements - {"using":"css selector","value":"#shell-header-logo"}
RESULT: {"using":"css selector","value":"#shell-header-logo"}
COMMAND: POST /session/a952926708249603da5cc69792e3d2be/elements - {"using":"xpath","value":"//button[@data-kt=\"addButton\"]"}
RESULT: {"using":"xpath","value":"//button[@data-kt=\"addButton\"]"}
COMMAND: POST /session/a952926708249603da5cc69792e3d2be/elements - {"using":"css selector","value":"#shell-header-logo"}
RESULT: {"using":"css selector","value":"#shell-header-logo"}
COMMAND: POST /session/a952926708249603da5cc69792e3d2be/elements - {"using":"xpath","value":"//button[@data-kt=\"addButton\"]"}
RESULT: {"using":"xpath","value":"//button[@data-kt=\"addButton\"]"}
COMMAND: POST /session/a952926708249603da5cc69792e3d2be/elements - {"using":"css selector","value":"#shell-header-logo"}
RESULT: {"using":"css selector","value":"#shell-header-logo"}
COMMAND: POST /session/a952926708249603da5cc69792e3d2be/elements - {"using":"xpath","value":"//button[@data-kt=\"addButton\"]"}
RESULT: {"using":"xpath","value":"//button[@data-kt=\"addButton\"]"}
COMMAND: POST /session/a952926708249603da5cc69792e3d2be/elements - {"using":"css selector","value":"#shell-header-logo"}
RESULT: {"using":"css selector","value":"#shell-header-logo"}
COMMAND: POST /session/a952926708249603da5cc69792e3d2be/elements - {"using":"xpath","value":"//button[@data-kt=\"addButton\"]"}
RESULT: {"using":"xpath","value":"//button[@data-kt=\"addButton\"]"}
COMMAND: POST /session/a952926708249603da5cc69792e3d2be/elements - {"using":"css selector","value":"#shell-header-logo"}
RESULT: {"using":"css selector","value":"#shell-header-logo"}
COMMAND: POST /session/a952926708249603da5cc69792e3d2be/elements - {"using":"xpath","value":"//button[@data-kt=\"addButton\"]"}
RESULT: {"using":"xpath","value":"//button[@data-kt=\"addButton\"]"}
COMMAND: POST /session/a952926708249603da5cc69792e3d2be/elements - {"using":"css selector","value":"#shell-header-logo"}
RESULT: {"using":"css selector","value":"#shell-header-logo"}
COMMAND: POST /session/a952926708249603da5cc69792e3d2be/elements - {"using":"xpath","value":"//button[@data-kt=\"addButton\"]"}
RESULT: {"using":"xpath","value":"//button[@data-kt=\"addButton\"]"}
COMMAND: POST /session/a952926708249603da5cc69792e3d2be/elements - {"using":"css selector","value":"#shell-header-logo"}
RESULT: {"using":"css selector","value":"#shell-header-logo"}
COMMAND: POST /session/a952926708249603da5cc69792e3d2be/elements - {"using":"xpath","value":"//button[@data-kt=\"addButton\"]"}
RESULT: {"using":"xpath","value":"//button[@data-kt=\"addButton\"]"}
COMMAND: POST /session/a952926708249603da5cc69792e3d2be/elements - {"using":"css selector","value":"#shell-header-logo"}
RESULT: {"using":"css selector","value":"#shell-header-logo"}
COMMAND: POST /session/a952926708249603da5cc69792e3d2be/elements - {"using":"xpath","value":"//button[@data-kt=\"addButton\"]"}
RESULT: {"using":"xpath","value":"//button[@data-kt=\"addButton\"]"}
COMMAND: POST /session/a952926708249603da5cc69792e3d2be/elements - {"using":"css selector","value":"#shell-header-logo"}
COMMAND: POST /session/a952926708249603da5cc69792e3d2be/elements - {"using":"xpath","value":"//button[@data-kt=\"addButton\"]"}
RESULT: {"using":"css selector","value":"#shell-header-logo"}
RESULT: {"using":"xpath","value":"//button[@data-kt=\"addButton\"]"}
COMMAND: POST /session/a952926708249603da5cc69792e3d2be/elements - {"using":"css selector","value":"#shell-header-logo"}
RESULT: {"using":"css selector","value":"#shell-header-logo"}
COMMAND: POST /session/a952926708249603da5cc69792e3d2be/elements - {"using":"xpath","value":"//button[@data-kt=\"addButton\"]"}
RESULT: {"using":"xpath","value":"//button[@data-kt=\"addButton\"]"}
COMMAND: POST /session/a952926708249603da5cc69792e3d2be/elements - {"using":"css selector","value":"#shell-header-logo"}
RESULT: {"using":"css selector","value":"#shell-header-logo"}
COMMAND: POST /session/a952926708249603da5cc69792e3d2be/elements - {"using":"xpath","value":"//button[@data-kt=\"addButton\"]"}
RESULT: {"using":"xpath","value":"//button[@data-kt=\"addButton\"]"}
COMMAND: POST /session/a952926708249603da5cc69792e3d2be/elements - {"using":"css selector","value":"#shell-header-logo"}
RESULT: {"using":"css selector","value":"#shell-header-logo"}
COMMAND: POST /session/a952926708249603da5cc69792e3d2be/elements - {"using":"xpath","value":"//button[@data-kt=\"addButton\"]"}
RESULT: {"using":"xpath","value":"//button[@data-kt=\"addButton\"]"}
COMMAND: POST /session/a952926708249603da5cc69792e3d2be/elements - {"using":"css selector","value":"#shell-header-logo"}
RESULT: {"using":"css selector","value":"#shell-header-logo"}
COMMAND: POST /session/a952926708249603da5cc69792e3d2be/elements - {"using":"xpath","value":"//button[@data-kt=\"addButton\"]"}
RESULT: {"using":"xpath","value":"//button[@data-kt=\"addButton\"]"}
COMMAND: POST /session/a952926708249603da5cc69792e3d2be/elements - {"using":"css selector","value":"#shell-header-logo"}
COMMAND: POST /session/a952926708249603da5cc69792e3d2be/elements - {"using":"xpath","value":"//button[@data-kt=\"addButton\"]"}
RESULT: {"using":"css selector","value":"#shell-header-logo"}
RESULT: {"using":"xpath","value":"//button[@data-kt=\"addButton\"]"}
COMMAND: POST /session/a952926708249603da5cc69792e3d2be/elements - {"using":"css selector","value":"#shell-header-logo"}
RESULT: {"using":"css selector","value":"#shell-header-logo"}
COMMAND: POST /session/a952926708249603da5cc69792e3d2be/elements - {"using":"xpath","value":"//button[@data-kt=\"addButton\"]"}
RESULT: {"using":"xpath","value":"//button[@data-kt=\"addButton\"]"}
COMMAND: POST /session/a952926708249603da5cc69792e3d2be/elements - {"using":"css selector","value":"#shell-header-logo"}
COMMAND: POST /session/a952926708249603da5cc69792e3d2be/elements - {"using":"xpath","value":"//button[@data-kt=\"addButton\"]"}
RESULT: {"using":"css selector","value":"#shell-header-logo"}
RESULT: {"using":"xpath","value":"//button[@data-kt=\"addButton\"]"}
COMMAND: POST /session/a952926708249603da5cc69792e3d2be/elements - {"using":"css selector","value":"#shell-header-logo"}
RESULT: {"using":"css selector","value":"#shell-header-logo"}
COMMAND: POST /session/a952926708249603da5cc69792e3d2be/elements - {"using":"xpath","value":"//button[@data-kt=\"addButton\"]"}
RESULT: {"using":"xpath","value":"//button[@data-kt=\"addButton\"]"}
COMMAND: POST /session/a952926708249603da5cc69792e3d2be/elements - {"using":"css selector","value":"#shell-header-logo"}
COMMAND: POST /session/a952926708249603da5cc69792e3d2be/elements - {"using":"xpath","value":"//button[@data-kt=\"addButton\"]"}
RESULT: {"using":"css selector","value":"#shell-header-logo"}
RESULT: {"using":"xpath","value":"//button[@data-kt=\"addButton\"]"}
COMMAND: POST /session/a952926708249603da5cc69792e3d2be/elements - {"using":"css selector","value":"#shell-header-logo"}
RESULT: {"using":"css selector","value":"#shell-header-logo"}
COMMAND: POST /session/a952926708249603da5cc69792e3d2be/elements - {"using":"xpath","value":"//button[@data-kt=\"addButton\"]"}
RESULT: {"using":"xpath","value":"//button[@data-kt=\"addButton\"]"}
COMMAND: POST /session/a952926708249603da5cc69792e3d2be/elements - {"using":"css selector","value":"#shell-header-logo"}
RESULT: {"using":"css selector","value":"#shell-header-logo"}
COMMAND: POST /session/a952926708249603da5cc69792e3d2be/elements - {"using":"xpath","value":"//button[@data-kt=\"addButton\"]"}
RESULT: {"using":"xpath","value":"//button[@data-kt=\"addButton\"]"}
COMMAND: POST /session/a952926708249603da5cc69792e3d2be/elements - {"using":"css selector","value":"#shell-header-logo"}
RESULT: {"using":"css selector","value":"#shell-header-logo"}
COMMAND: POST /session/a952926708249603da5cc69792e3d2be/elements - {"using":"xpath","value":"//button[@data-kt=\"addButton\"]"}
RESULT: {"using":"xpath","value":"//button[@data-kt=\"addButton\"]"}
COMMAND: POST /session/a952926708249603da5cc69792e3d2be/elements - {"using":"css selector","value":"#shell-header-logo"}
RESULT: {"using":"css selector","value":"#shell-header-logo"}
COMMAND: POST /session/a952926708249603da5cc69792e3d2be/elements - {"using":"xpath","value":"//button[@data-kt=\"addButton\"]"}
RESULT: {"using":"xpath","value":"//button[@data-kt=\"addButton\"]"}
COMMAND: POST /session/a952926708249603da5cc69792e3d2be/elements - {"using":"css selector","value":"#shell-header-logo"}
COMMAND: POST /session/a952926708249603da5cc69792e3d2be/elements - {"using":"xpath","value":"//button[@data-kt=\"addButton\"]"}
RESULT: {"using":"css selector","value":"#shell-header-logo"}
RESULT: {"using":"xpath","value":"//button[@data-kt=\"addButton\"]"}
COMMAND: POST /session/a952926708249603da5cc69792e3d2be/elements - {"using":"css selector","value":"#shell-header-logo"}
RESULT: {"using":"css selector","value":"#shell-header-logo"}
COMMAND: POST /session/a952926708249603da5cc69792e3d2be/elements - {"using":"xpath","value":"//button[@data-kt=\"addButton\"]"}
RESULT: {"using":"xpath","value":"//button[@data-kt=\"addButton\"]"}
COMMAND: POST /session/a952926708249603da5cc69792e3d2be/elements - {"using":"css selector","value":"#shell-header-logo"}
RESULT: {"using":"css selector","value":"#shell-header-logo"}
COMMAND: POST /session/a952926708249603da5cc69792e3d2be/elements - {"using":"xpath","value":"//button[@data-kt=\"addButton\"]"}
RESULT: {"using":"xpath","value":"//button[@data-kt=\"addButton\"]"}
COMMAND: POST /session/a952926708249603da5cc69792e3d2be/elements - {"using":"css selector","value":"#shell-header-logo"}
COMMAND: POST /session/a952926708249603da5cc69792e3d2be/elements - {"using":"xpath","value":"//button[@data-kt=\"addButton\"]"}
RESULT: {"using":"css selector","value":"#shell-header-logo"}
RESULT: {"using":"xpath","value":"//button[@data-kt=\"addButton\"]"}
COMMAND: POST /session/a952926708249603da5cc69792e3d2be/elements - {"using":"css selector","value":"#shell-header-logo"}
RESULT: {"using":"css selector","value":"#shell-header-logo"}
COMMAND: POST /session/a952926708249603da5cc69792e3d2be/elements - {"using":"xpath","value":"//button[@data-kt=\"addButton\"]"}
RESULT: {"using":"xpath","value":"//button[@data-kt=\"addButton\"]"}
COMMAND: POST /session/a952926708249603da5cc69792e3d2be/elements - {"using":"css selector","value":"#shell-header-logo"}
COMMAND: POST /session/a952926708249603da5cc69792e3d2be/elements - {"using":"xpath","value":"//button[@data-kt=\"addButton\"]"}
RESULT: {"using":"css selector","value":"#shell-header-logo"}
RESULT: {"using":"xpath","value":"//button[@data-kt=\"addButton\"]"}
COMMAND: POST /session/a952926708249603da5cc69792e3d2be/elements - {"using":"css selector","value":"#shell-header-logo"}
RESULT: {"using":"css selector","value":"#shell-header-logo"}
COMMAND: POST /session/a952926708249603da5cc69792e3d2be/elements - {"using":"xpath","value":"//button[@data-kt=\"addButton\"]"}
RESULT: {"using":"xpath","value":"//button[@data-kt=\"addButton\"]"}
COMMAND: POST /session/a952926708249603da5cc69792e3d2be/elements - {"using":"css selector","value":"#shell-header-logo"}
RESULT: {"using":"css selector","value":"#shell-header-logo"}
COMMAND: POST /session/a952926708249603da5cc69792e3d2be/elements - {"using":"xpath","value":"//button[@data-kt=\"addButton\"]"}
RESULT: {"using":"xpath","value":"//button[@data-kt=\"addButton\"]"}
COMMAND: POST /session/a952926708249603da5cc69792e3d2be/elements - {"using":"css selector","value":"#shell-header-logo"}
COMMAND: POST /session/a952926708249603da5cc69792e3d2be/elements - {"using":"xpath","value":"//button[@data-kt=\"addButton\"]"}
RESULT: {"using":"css selector","value":"#shell-header-logo"}
RESULT: {"using":"xpath","value":"//button[@data-kt=\"addButton\"]"}
COMMAND: POST /session/a952926708249603da5cc69792e3d2be/elements - {"using":"css selector","value":"#shell-header-logo"}
RESULT: {"using":"css selector","value":"#shell-header-logo"}
COMMAND: POST /session/a952926708249603da5cc69792e3d2be/elements - {"using":"xpath","value":"//button[@data-kt=\"addButton\"]"}
RESULT: {"using":"xpath","value":"//button[@data-kt=\"addButton\"]"}
COMMAND: POST /session/a952926708249603da5cc69792e3d2be/elements - {"using":"css selector","value":"#shell-header-logo"}
RESULT: {"using":"css selector","value":"#shell-header-logo"}
COMMAND: POST /session/a952926708249603da5cc69792e3d2be/elements - {"using":"xpath","value":"//button[@data-kt=\"addButton\"]"}
RESULT: {"using":"xpath","value":"//button[@data-kt=\"addButton\"]"}
COMMAND: POST /session/a952926708249603da5cc69792e3d2be/elements - {"using":"css selector","value":"#shell-header-logo"}
COMMAND: POST /session/a952926708249603da5cc69792e3d2be/elements - {"using":"xpath","value":"//button[@data-kt=\"addButton\"]"}
RESULT: {"using":"css selector","value":"#shell-header-logo"}
RESULT: {"using":"xpath","value":"//button[@data-kt=\"addButton\"]"}
COMMAND: POST /session/a952926708249603da5cc69792e3d2be/elements - {"using":"css selector","value":"#shell-header-logo"}
RESULT: {"using":"css selector","value":"#shell-header-logo"}
COMMAND: POST /session/a952926708249603da5cc69792e3d2be/elements - {"using":"xpath","value":"//button[@data-kt=\"addButton\"]"}
RESULT: {"using":"xpath","value":"//button[@data-kt=\"addButton\"]"}
COMMAND: POST /session/a952926708249603da5cc69792e3d2be/elements - {"using":"css selector","value":"#shell-header-logo"}
COMMAND: POST /session/a952926708249603da5cc69792e3d2be/elements - {"using":"xpath","value":"//button[@data-kt=\"addButton\"]"}
RESULT: {"using":"css selector","value":"#shell-header-logo"}
RESULT: {"using":"xpath","value":"//button[@data-kt=\"addButton\"]"}
COMMAND: POST /session/a952926708249603da5cc69792e3d2be/elements - {"using":"css selector","value":"#shell-header-logo"}
COMMAND: POST /session/a952926708249603da5cc69792e3d2be/elements - {"using":"xpath","value":"//button[@data-kt=\"addButton\"]"}
RESULT: {"using":"css selector","value":"#shell-header-logo"}
RESULT: {"using":"xpath","value":"//button[@data-kt=\"addButton\"]"}
COMMAND: POST /session/a952926708249603da5cc69792e3d2be/elements - {"using":"css selector","value":"#shell-header-logo"}
COMMAND: POST /session/a952926708249603da5cc69792e3d2be/elements - {"using":"xpath","value":"//button[@data-kt=\"addButton\"]"}
RESULT: {"using":"css selector","value":"#shell-header-logo"}
RESULT: {"using":"xpath","value":"//button[@data-kt=\"addButton\"]"}
COMMAND: POST /session/a952926708249603da5cc69792e3d2be/elements - {"using":"css selector","value":"#shell-header-logo"}
COMMAND: POST /session/a952926708249603da5cc69792e3d2be/elements - {"using":"xpath","value":"//button[@data-kt=\"addButton\"]"}
RESULT: {"using":"css selector","value":"#shell-header-logo"}
RESULT: {"using":"xpath","value":"//button[@data-kt=\"addButton\"]"}
COMMAND: POST /session/a952926708249603da5cc69792e3d2be/elements - {"using":"css selector","value":"#shell-header-logo"}
COMMAND: POST /session/a952926708249603da5cc69792e3d2be/elements - {"using":"xpath","value":"//button[@data-kt=\"addButton\"]"}
RESULT: {"using":"css selector","value":"#shell-header-logo"}
RESULT: {"using":"xpath","value":"//button[@data-kt=\"addButton\"]"}
COMMAND: POST /session/a952926708249603da5cc69792e3d2be/elements - {"using":"css selector","value":"#shell-header-logo"}
COMMAND: POST /session/a952926708249603da5cc69792e3d2be/elements - {"using":"xpath","value":"//button[@data-kt=\"addButton\"]"}
RESULT: {"using":"css selector","value":"#shell-header-logo"}
RESULT: {"using":"xpath","value":"//button[@data-kt=\"addButton\"]"}
COMMAND: POST /session/a952926708249603da5cc69792e3d2be/elements - {"using":"css selector","value":"#shell-header-logo"}
RESULT: {"using":"css selector","value":"#shell-header-logo"}
COMMAND: POST /session/a952926708249603da5cc69792e3d2be/elements - {"using":"xpath","value":"//button[@data-kt=\"addButton\"]"}
RESULT: {"using":"xpath","value":"//button[@data-kt=\"addButton\"]"}
COMMAND: POST /session/a952926708249603da5cc69792e3d2be/elements - {"using":"css selector","value":"#shell-header-logo"}
RESULT: {"using":"css selector","value":"#shell-header-logo"}
COMMAND: POST /session/a952926708249603da5cc69792e3d2be/elements - {"using":"xpath","value":"//button[@data-kt=\"addButton\"]"}
RESULT: {"using":"xpath","value":"//button[@data-kt=\"addButton\"]"}
COMMAND: POST /session/a952926708249603da5cc69792e3d2be/elements - {"using":"css selector","value":"#shell-header-logo"}
RESULT: {"using":"css selector","value":"#shell-header-logo"}
COMMAND: POST /session/a952926708249603da5cc69792e3d2be/elements - {"using":"xpath","value":"//button[@data-kt=\"addButton\"]"}
RESULT: {"using":"xpath","value":"//button[@data-kt=\"addButton\"]"}
COMMAND: POST /session/a952926708249603da5cc69792e3d2be/elements - {"using":"css selector","value":"#shell-header-logo"}
RESULT: {"using":"css selector","value":"#shell-header-logo"}
COMMAND: POST /session/a952926708249603da5cc69792e3d2be/elements - {"using":"xpath","value":"//button[@data-kt=\"addButton\"]"}
RESULT: {"using":"xpath","value":"//button[@data-kt=\"addButton\"]"}
COMMAND: POST /session/a952926708249603da5cc69792e3d2be/elements - {"using":"css selector","value":"#shell-header-logo"}
RESULT: {"using":"css selector","value":"#shell-header-logo"}
COMMAND: POST /session/a952926708249603da5cc69792e3d2be/elements - {"using":"xpath","value":"//button[@data-kt=\"addButton\"]"}
RESULT: {"using":"xpath","value":"//button[@data-kt=\"addButton\"]"}
COMMAND: POST /session/a952926708249603da5cc69792e3d2be/elements - {"using":"css selector","value":"#shell-header-logo"}
RESULT: {"using":"css selector","value":"#shell-header-logo"}
COMMAND: POST /session/a952926708249603da5cc69792e3d2be/elements - {"using":"xpath","value":"//button[@data-kt=\"addButton\"]"}
RESULT: {"using":"xpath","value":"//button[@data-kt=\"addButton\"]"}
COMMAND: POST /session/a952926708249603da5cc69792e3d2be/elements - {"using":"css selector","value":"#shell-header-logo"}
RESULT: {"using":"css selector","value":"#shell-header-logo"}
COMMAND: POST /session/a952926708249603da5cc69792e3d2be/elements - {"using":"xpath","value":"//button[@data-kt=\"addButton\"]"}
RESULT: {"using":"xpath","value":"//button[@data-kt=\"addButton\"]"}
COMMAND: POST /session/a952926708249603da5cc69792e3d2be/elements - {"using":"css selector","value":"#shell-header-logo"}
RESULT: {"using":"css selector","value":"#shell-header-logo"}
COMMAND: POST /session/a952926708249603da5cc69792e3d2be/elements - {"using":"xpath","value":"//button[@data-kt=\"addButton\"]"}
RESULT: {"using":"xpath","value":"//button[@data-kt=\"addButton\"]"}
COMMAND: POST /session/a952926708249603da5cc69792e3d2be/elements - {"using":"css selector","value":"#shell-header-logo"}
RESULT: {"using":"css selector","value":"#shell-header-logo"}
COMMAND: POST /session/a952926708249603da5cc69792e3d2be/elements - {"using":"xpath","value":"//button[@data-kt=\"addButton\"]"}
RESULT: {"using":"xpath","value":"//button[@data-kt=\"addButton\"]"}
COMMAND: POST /session/a952926708249603da5cc69792e3d2be/elements - {"using":"css selector","value":"#shell-header-logo"}
RESULT: {"using":"css selector","value":"#shell-header-logo"}
COMMAND: POST /session/a952926708249603da5cc69792e3d2be/elements - {"using":"xpath","value":"//button[@data-kt=\"addButton\"]"}
RESULT: {"using":"xpath","value":"//button[@data-kt=\"addButton\"]"}
COMMAND: POST /session/a952926708249603da5cc69792e3d2be/elements - {"using":"css selector","value":"#shell-header-logo"}
RESULT: {"using":"css selector","value":"#shell-header-logo"}
COMMAND: POST /session/a952926708249603da5cc69792e3d2be/elements - {"using":"xpath","value":"//button[@data-kt=\"addButton\"]"}
RESULT: {"using":"xpath","value":"//button[@data-kt=\"addButton\"]"}
COMMAND: POST /session/a952926708249603da5cc69792e3d2be/elements - {"using":"css selector","value":"#shell-header-logo"}
COMMAND: POST /session/a952926708249603da5cc69792e3d2be/elements - {"using":"xpath","value":"//button[@data-kt=\"addButton\"]"}
RESULT: {"using":"css selector","value":"#shell-header-logo"}
RESULT: {"using":"xpath","value":"//button[@data-kt=\"addButton\"]"}
COMMAND: POST /session/a952926708249603da5cc69792e3d2be/elements - {"using":"css selector","value":"#shell-header-logo"}
RESULT: {"using":"css selector","value":"#shell-header-logo"}
COMMAND: POST /session/a952926708249603da5cc69792e3d2be/elements - {"using":"xpath","value":"//button[@data-kt=\"addButton\"]"}
RESULT: {"using":"xpath","value":"//button[@data-kt=\"addButton\"]"}
COMMAND: POST /session/a952926708249603da5cc69792e3d2be/elements - {"using":"css selector","value":"#shell-header-logo"}
RESULT: {"using":"css selector","value":"#shell-header-logo"}
COMMAND: POST /session/a952926708249603da5cc69792e3d2be/elements - {"using":"xpath","value":"//button[@data-kt=\"addButton\"]"}
RESULT: {"using":"xpath","value":"//button[@data-kt=\"addButton\"]"}
COMMAND: POST /session/a952926708249603da5cc69792e3d2be/elements - {"using":"css selector","value":"#shell-header-logo"}
RESULT: {"using":"css selector","value":"#shell-header-logo"}
COMMAND: POST /session/a952926708249603da5cc69792e3d2be/elements - {"using":"xpath","value":"//button[@data-kt=\"addButton\"]"}
RESULT: {"using":"xpath","value":"//button[@data-kt=\"addButton\"]"}
COMMAND: POST /session/a952926708249603da5cc69792e3d2be/elements - {"using":"css selector","value":"#shell-header-logo"}
COMMAND: POST /session/a952926708249603da5cc69792e3d2be/elements - {"using":"xpath","value":"//button[@data-kt=\"addButton\"]"}
RESULT: {"using":"css selector","value":"#shell-header-logo"}
RESULT: {"using":"xpath","value":"//button[@data-kt=\"addButton\"]"}
COMMAND: POST /session/a952926708249603da5cc69792e3d2be/elements - {"using":"css selector","value":"#shell-header-logo"}
RESULT: {"using":"css selector","value":"#shell-header-logo"}
COMMAND: POST /session/a952926708249603da5cc69792e3d2be/elements - {"using":"xpath","value":"//button[@data-kt=\"addButton\"]"}
RESULT: {"using":"xpath","value":"//button[@data-kt=\"addButton\"]"}
COMMAND: POST /session/a952926708249603da5cc69792e3d2be/elements - {"using":"css selector","value":"#shell-header-logo"}
COMMAND: POST /session/a952926708249603da5cc69792e3d2be/elements - {"using":"xpath","value":"//button[@data-kt=\"addButton\"]"}
RESULT: {"using":"css selector","value":"#shell-header-logo"}
RESULT: {"using":"xpath","value":"//button[@data-kt=\"addButton\"]"}
COMMAND: POST /session/a952926708249603da5cc69792e3d2be/elements - {"using":"css selector","value":"#shell-header-logo"}
RESULT: {"using":"css selector","value":"#shell-header-logo"}
COMMAND: POST /session/a952926708249603da5cc69792e3d2be/elements - {"using":"xpath","value":"//button[@data-kt=\"addButton\"]"}
RESULT: {"using":"xpath","value":"//button[@data-kt=\"addButton\"]"}
COMMAND: POST /session/a952926708249603da5cc69792e3d2be/elements - {"using":"css selector","value":"#shell-header-logo"}
RESULT: {"using":"css selector","value":"#shell-header-logo"}
COMMAND: POST /session/a952926708249603da5cc69792e3d2be/elements - {"using":"xpath","value":"//button[@data-kt=\"addButton\"]"}
RESULT: {"using":"xpath","value":"//button[@data-kt=\"addButton\"]"}
COMMAND: POST /session/a952926708249603da5cc69792e3d2be/elements - {"using":"css selector","value":"#shell-header-logo"}
COMMAND: POST /session/a952926708249603da5cc69792e3d2be/elements - {"using":"xpath","value":"//button[@data-kt=\"addButton\"]"}
RESULT: {"using":"css selector","value":"#shell-header-logo"}
RESULT: {"using":"xpath","value":"//button[@data-kt=\"addButton\"]"}
COMMAND: POST /session/a952926708249603da5cc69792e3d2be/elements - {"using":"css selector","value":"#shell-header-logo"}
RESULT: {"using":"css selector","value":"#shell-header-logo"}
COMMAND: POST /session/a952926708249603da5cc69792e3d2be/elements - {"using":"xpath","value":"//button[@data-kt=\"addButton\"]"}
RESULT: {"using":"xpath","value":"//button[@data-kt=\"addButton\"]"}
COMMAND: POST /session/a952926708249603da5cc69792e3d2be/elements - {"using":"css selector","value":"#shell-header-logo"}
COMMAND: POST /session/a952926708249603da5cc69792e3d2be/elements - {"using":"xpath","value":"//button[@data-kt=\"addButton\"]"}
RESULT: {"using":"css selector","value":"#shell-header-logo"}
RESULT: {"using":"xpath","value":"//button[@data-kt=\"addButton\"]"}
COMMAND: POST /session/a952926708249603da5cc69792e3d2be/elements - {"using":"css selector","value":"#shell-header-logo"}
COMMAND: POST /session/a952926708249603da5cc69792e3d2be/elements - {"using":"xpath","value":"//button[@data-kt=\"addButton\"]"}
RESULT: {"using":"css selector","value":"#shell-header-logo"}
RESULT: {"using":"xpath","value":"//button[@data-kt=\"addButton\"]"}
COMMAND: POST /session/a952926708249603da5cc69792e3d2be/elements - {"using":"css selector","value":"#shell-header-logo"}
RESULT: {"using":"css selector","value":"#shell-header-logo"}
COMMAND: POST /session/a952926708249603da5cc69792e3d2be/elements - {"using":"xpath","value":"//button[@data-kt=\"addButton\"]"}
RESULT: {"using":"xpath","value":"//button[@data-kt=\"addButton\"]"}
COMMAND: POST /session/a952926708249603da5cc69792e3d2be/elements - {"using":"css selector","value":"#shell-header-logo"}
RESULT: {"using":"css selector","value":"#shell-header-logo"}
COMMAND: POST /session/a952926708249603da5cc69792e3d2be/elements - {"using":"xpath","value":"//button[@data-kt=\"addButton\"]"}
RESULT: {"using":"xpath","value":"//button[@data-kt=\"addButton\"]"}
COMMAND: POST /session/a952926708249603da5cc69792e3d2be/elements - {"using":"css selector","value":"#shell-header-logo"}
RESULT: {"using":"css selector","value":"#shell-header-logo"}
COMMAND: POST /session/a952926708249603da5cc69792e3d2be/elements - {"using":"xpath","value":"//button[@data-kt=\"addButton\"]"}
RESULT: {"using":"xpath","value":"//button[@data-kt=\"addButton\"]"}
COMMAND: POST /session/a952926708249603da5cc69792e3d2be/elements - {"using":"css selector","value":"#shell-header-logo"}
COMMAND: POST /session/a952926708249603da5cc69792e3d2be/elements - {"using":"xpath","value":"//button[@data-kt=\"addButton\"]"}
RESULT: {"using":"css selector","value":"#shell-header-logo"}
RESULT: {"using":"xpath","value":"//button[@data-kt=\"addButton\"]"}
COMMAND: POST /session/a952926708249603da5cc69792e3d2be/elements - {"using":"css selector","value":"#shell-header-logo"}
COMMAND: POST /session/a952926708249603da5cc69792e3d2be/elements - {"using":"xpath","value":"//button[@data-kt=\"addButton\"]"}
RESULT: {"using":"css selector","value":"#shell-header-logo"}
RESULT: {"using":"xpath","value":"//button[@data-kt=\"addButton\"]"}
COMMAND: POST /session/a952926708249603da5cc69792e3d2be/elements - {"using":"css selector","value":"#shell-header-logo"}
RESULT: {"using":"css selector","value":"#shell-header-logo"}
COMMAND: POST /session/a952926708249603da5cc69792e3d2be/elements - {"using":"xpath","value":"//button[@data-kt=\"addButton\"]"}
RESULT: {"using":"xpath","value":"//button[@data-kt=\"addButton\"]"}
COMMAND: POST /session/a952926708249603da5cc69792e3d2be/elements - {"using":"css selector","value":"#shell-header-logo"}
RESULT: {"using":"css selector","value":"#shell-header-logo"}
COMMAND: POST /session/a952926708249603da5cc69792e3d2be/elements - {"using":"xpath","value":"//button[@data-kt=\"addButton\"]"}
RESULT: {"using":"xpath","value":"//button[@data-kt=\"addButton\"]"}
COMMAND: POST /session/a952926708249603da5cc69792e3d2be/elements - {"using":"css selector","value":"#shell-header-logo"}
COMMAND: POST /session/a952926708249603da5cc69792e3d2be/elements - {"using":"xpath","value":"//button[@data-kt=\"addButton\"]"}
RESULT: {"using":"css selector","value":"#shell-header-logo"}
RESULT: {"using":"xpath","value":"//button[@data-kt=\"addButton\"]"}
COMMAND: POST /session/a952926708249603da5cc69792e3d2be/elements - {"using":"css selector","value":"#shell-header-logo"}
COMMAND: POST /session/a952926708249603da5cc69792e3d2be/elements - {"using":"xpath","value":"//button[@data-kt=\"addButton\"]"}
RESULT: {"using":"css selector","value":"#shell-header-logo"}
RESULT: {"using":"xpath","value":"//button[@data-kt=\"addButton\"]"}
COMMAND: POST /session/a952926708249603da5cc69792e3d2be/elements - {"using":"css selector","value":"#shell-header-logo"}
RESULT: {"using":"css selector","value":"#shell-header-logo"}
COMMAND: POST /session/a952926708249603da5cc69792e3d2be/elements - {"using":"xpath","value":"//button[@data-kt=\"addButton\"]"}
RESULT: {"using":"xpath","value":"//button[@data-kt=\"addButton\"]"}
COMMAND: POST /session/a952926708249603da5cc69792e3d2be/elements - {"using":"css selector","value":"#shell-header-logo"}
RESULT: {"using":"css selector","value":"#shell-header-logo"}
COMMAND: POST /session/a952926708249603da5cc69792e3d2be/elements - {"using":"xpath","value":"//button[@data-kt=\"addButton\"]"}
RESULT: {"using":"xpath","value":"//button[@data-kt=\"addButton\"]"}
COMMAND: POST /session/a952926708249603da5cc69792e3d2be/elements - {"using":"css selector","value":"#shell-header-logo"}
RESULT: {"using":"css selector","value":"#shell-header-logo"}
COMMAND: POST /session/a952926708249603da5cc69792e3d2be/elements - {"using":"xpath","value":"//button[@data-kt=\"addButton\"]"}
RESULT: {"using":"xpath","value":"//button[@data-kt=\"addButton\"]"}
COMMAND: POST /session/a952926708249603da5cc69792e3d2be/elements - {"using":"css selector","value":"#shell-header-logo"}
COMMAND: POST /session/a952926708249603da5cc69792e3d2be/elements - {"using":"xpath","value":"//button[@data-kt=\"addButton\"]"}
RESULT: {"using":"css selector","value":"#shell-header-logo"}
RESULT: {"using":"xpath","value":"//button[@data-kt=\"addButton\"]"}
COMMAND: POST /session/a952926708249603da5cc69792e3d2be/elements - {"using":"css selector","value":"#shell-header-logo"}
RESULT: {"using":"css selector","value":"#shell-header-logo"}
COMMAND: POST /session/a952926708249603da5cc69792e3d2be/elements - {"using":"xpath","value":"//button[@data-kt=\"addButton\"]"}
RESULT: {"using":"xpath","value":"//button[@data-kt=\"addButton\"]"}
COMMAND: POST /session/a952926708249603da5cc69792e3d2be/elements - {"using":"css selector","value":"#shell-header-logo"}
RESULT: {"using":"css selector","value":"#shell-header-logo"}
COMMAND: POST /session/a952926708249603da5cc69792e3d2be/elements - {"using":"xpath","value":"//button[@data-kt=\"addButton\"]"}
RESULT: {"using":"xpath","value":"//button[@data-kt=\"addButton\"]"}
COMMAND: POST /session/a952926708249603da5cc69792e3d2be/elements - {"using":"css selector","value":"#shell-header-logo"}
RESULT: {"using":"css selector","value":"#shell-header-logo"}
COMMAND: POST /session/a952926708249603da5cc69792e3d2be/elements - {"using":"xpath","value":"//button[@data-kt=\"addButton\"]"}
RESULT: {"using":"xpath","value":"//button[@data-kt=\"addButton\"]"}
COMMAND: POST /session/a952926708249603da5cc69792e3d2be/elements - {"using":"css selector","value":"#shell-header-logo"}
COMMAND: POST /session/a952926708249603da5cc69792e3d2be/elements - {"using":"xpath","value":"//button[@data-kt=\"addButton\"]"}
RESULT: {"using":"css selector","value":"#shell-header-logo"}
RESULT: {"using":"xpath","value":"//button[@data-kt=\"addButton\"]"}
COMMAND: POST /session/a952926708249603da5cc69792e3d2be/elements - {"using":"css selector","value":"#shell-header-logo"}
RESULT: {"using":"css selector","value":"#shell-header-logo"}
COMMAND: POST /session/a952926708249603da5cc69792e3d2be/elements - {"using":"xpath","value":"//button[@data-kt=\"addButton\"]"}
RESULT: {"using":"xpath","value":"//button[@data-kt=\"addButton\"]"}
COMMAND: POST /session/a952926708249603da5cc69792e3d2be/elements - {"using":"css selector","value":"#shell-header-logo"}
RESULT: {"using":"css selector","value":"#shell-header-logo"}
COMMAND: POST /session/a952926708249603da5cc69792e3d2be/elements - {"using":"xpath","value":"//button[@data-kt=\"addButton\"]"}
COMMAND: GET /session/a952926708249603da5cc69792e3d2be/screenshot - {}
RESULT: {}
]]></system-out>
      <system-err><![CDATA[
Error: element ("//button[@data-kt="addButton"]") still not existing after 45000ms
    at async UtilsPrerequisites.partnerEdit (D:\a\1\s\test\specs\BTS\prerequisites-and-utils-functions.js:3043:9)
    at async Context.<anonymous> (D:\a\1\s\test\specs\BTS\manage-partners.spec.js:348:9)
]]></system-err>
    </testcase>
    <testcase classname="chrome.136_0_7103_49.windows.Partner_specific_tests_US150819_US151080_US151654_US151176_US103444_US151078_US151079_US151109_US151174_US151175_US151189" name="Should create a new intercompany partner edit some of its fields US151078" time="88.7">
      <skipped />
      <system-out><![CDATA[
COMMAND: POST /session/a952926708249603da5cc69792e3d2be/element - {"using":"xpath","value":"//li[.//span[text()=\"Manage Partners\"]]"}
COMMAND: GET /session/a952926708249603da5cc69792e3d2be/screenshot - {}
RESULT: {"using":"xpath","value":"//li[.//span[text()=\"Manage Partners\"]]"}
COMMAND: POST /session/a952926708249603da5cc69792e3d2be/element - {"using":"xpath","value":"//li[.//span[text()=\"Manage Partners\"]]"}
RESULT: {}
RESULT: {"using":"xpath","value":"//li[.//span[text()=\"Manage Partners\"]]"}
COMMAND: POST /session/a952926708249603da5cc69792e3d2be/element - {"using":"css selector","value":"#shell-header-logo"}
RESULT: {"using":"css selector","value":"#shell-header-logo"}
COMMAND: POST /session/a952926708249603da5cc69792e3d2be/elements - {"using":"css selector","value":"#shell-header-logo"}
COMMAND: POST /session/a952926708249603da5cc69792e3d2be/element - {"using":"css selector","value":"#shell-header-logo"}
RESULT: {"using":"css selector","value":"#shell-header-logo"}
RESULT: {"using":"css selector","value":"#shell-header-logo"}
COMMAND: POST /session/a952926708249603da5cc69792e3d2be/elements - {"using":"css selector","value":"#shell-header-logo"}
RESULT: {"using":"css selector","value":"#shell-header-logo"}
COMMAND: POST /session/a952926708249603da5cc69792e3d2be/elements - {"using":"css selector","value":"#shell-header-logo"}
RESULT: {"using":"css selector","value":"#shell-header-logo"}
COMMAND: POST /session/a952926708249603da5cc69792e3d2be/elements - {"using":"css selector","value":"#shell-header-logo"}
RESULT: {"using":"css selector","value":"#shell-header-logo"}
COMMAND: POST /session/a952926708249603da5cc69792e3d2be/elements - {"using":"css selector","value":"#shell-header-logo"}
RESULT: {"using":"css selector","value":"#shell-header-logo"}
COMMAND: POST /session/a952926708249603da5cc69792e3d2be/elements - {"using":"css selector","value":"#shell-header-logo"}
RESULT: {"using":"css selector","value":"#shell-header-logo"}
COMMAND: POST /session/a952926708249603da5cc69792e3d2be/elements - {"using":"css selector","value":"#shell-header-logo"}
RESULT: {"using":"css selector","value":"#shell-header-logo"}
COMMAND: POST /session/a952926708249603da5cc69792e3d2be/elements - {"using":"css selector","value":"#shell-header-logo"}
RESULT: {"using":"css selector","value":"#shell-header-logo"}
COMMAND: POST /session/a952926708249603da5cc69792e3d2be/elements - {"using":"css selector","value":"#shell-header-logo"}
RESULT: {"using":"css selector","value":"#shell-header-logo"}
COMMAND: POST /session/a952926708249603da5cc69792e3d2be/elements - {"using":"css selector","value":"#shell-header-logo"}
RESULT: {"using":"css selector","value":"#shell-header-logo"}
COMMAND: POST /session/a952926708249603da5cc69792e3d2be/elements - {"using":"css selector","value":"#shell-header-logo"}
RESULT: {"using":"css selector","value":"#shell-header-logo"}
COMMAND: POST /session/a952926708249603da5cc69792e3d2be/elements - {"using":"css selector","value":"#shell-header-logo"}
RESULT: {"using":"css selector","value":"#shell-header-logo"}
COMMAND: POST /session/a952926708249603da5cc69792e3d2be/elements - {"using":"css selector","value":"#shell-header-logo"}
RESULT: {"using":"css selector","value":"#shell-header-logo"}
COMMAND: POST /session/a952926708249603da5cc69792e3d2be/elements - {"using":"css selector","value":"#shell-header-logo"}
RESULT: {"using":"css selector","value":"#shell-header-logo"}
COMMAND: POST /session/a952926708249603da5cc69792e3d2be/elements - {"using":"css selector","value":"#shell-header-logo"}
RESULT: {"using":"css selector","value":"#shell-header-logo"}
COMMAND: POST /session/a952926708249603da5cc69792e3d2be/elements - {"using":"css selector","value":"#shell-header-logo"}
RESULT: {"using":"css selector","value":"#shell-header-logo"}
COMMAND: POST /session/a952926708249603da5cc69792e3d2be/elements - {"using":"css selector","value":"#shell-header-logo"}
RESULT: {"using":"css selector","value":"#shell-header-logo"}
COMMAND: POST /session/a952926708249603da5cc69792e3d2be/elements - {"using":"css selector","value":"#shell-header-logo"}
RESULT: {"using":"css selector","value":"#shell-header-logo"}
COMMAND: POST /session/a952926708249603da5cc69792e3d2be/elements - {"using":"css selector","value":"#shell-header-logo"}
RESULT: {"using":"css selector","value":"#shell-header-logo"}
COMMAND: POST /session/a952926708249603da5cc69792e3d2be/elements - {"using":"css selector","value":"#shell-header-logo"}
RESULT: {"using":"css selector","value":"#shell-header-logo"}
COMMAND: POST /session/a952926708249603da5cc69792e3d2be/elements - {"using":"css selector","value":"#shell-header-logo"}
RESULT: {"using":"css selector","value":"#shell-header-logo"}
COMMAND: POST /session/a952926708249603da5cc69792e3d2be/elements - {"using":"css selector","value":"#shell-header-logo"}
RESULT: {"using":"css selector","value":"#shell-header-logo"}
COMMAND: POST /session/a952926708249603da5cc69792e3d2be/elements - {"using":"css selector","value":"#shell-header-logo"}
RESULT: {"using":"css selector","value":"#shell-header-logo"}
COMMAND: POST /session/a952926708249603da5cc69792e3d2be/elements - {"using":"css selector","value":"#shell-header-logo"}
RESULT: {"using":"css selector","value":"#shell-header-logo"}
COMMAND: POST /session/a952926708249603da5cc69792e3d2be/elements - {"using":"css selector","value":"#shell-header-logo"}
RESULT: {"using":"css selector","value":"#shell-header-logo"}
COMMAND: POST /session/a952926708249603da5cc69792e3d2be/elements - {"using":"css selector","value":"#shell-header-logo"}
RESULT: {"using":"css selector","value":"#shell-header-logo"}
COMMAND: POST /session/a952926708249603da5cc69792e3d2be/elements - {"using":"css selector","value":"#shell-header-logo"}
RESULT: {"using":"css selector","value":"#shell-header-logo"}
COMMAND: POST /session/a952926708249603da5cc69792e3d2be/elements - {"using":"css selector","value":"#shell-header-logo"}
RESULT: {"using":"css selector","value":"#shell-header-logo"}
COMMAND: POST /session/a952926708249603da5cc69792e3d2be/elements - {"using":"css selector","value":"#shell-header-logo"}
RESULT: {"using":"css selector","value":"#shell-header-logo"}
COMMAND: POST /session/a952926708249603da5cc69792e3d2be/elements - {"using":"css selector","value":"#shell-header-logo"}
RESULT: {"using":"css selector","value":"#shell-header-logo"}
COMMAND: POST /session/a952926708249603da5cc69792e3d2be/elements - {"using":"css selector","value":"#shell-header-logo"}
COMMAND: POST /session/a952926708249603da5cc69792e3d2be/refresh - {}
RESULT: {"using":"css selector","value":"#shell-header-logo"}
COMMAND: POST /session/a952926708249603da5cc69792e3d2be/elements - {"using":"css selector","value":"#shell-header-logo"}
RESULT: {}
COMMAND: GET /session/a952926708249603da5cc69792e3d2be/screenshot - {}
RESULT: {"using":"css selector","value":"#shell-header-logo"}
COMMAND: POST /session/a952926708249603da5cc69792e3d2be/elements - {"using":"css selector","value":"#shell-header-logo"}
RESULT: {}
RESULT: {"using":"css selector","value":"#shell-header-logo"}
COMMAND: POST /session/a952926708249603da5cc69792e3d2be/elements - {"using":"css selector","value":"#shell-header-logo"}
RESULT: {"using":"css selector","value":"#shell-header-logo"}
COMMAND: POST /session/a952926708249603da5cc69792e3d2be/elements - {"using":"css selector","value":"#shell-header-logo"}
RESULT: {"using":"css selector","value":"#shell-header-logo"}
COMMAND: POST /session/a952926708249603da5cc69792e3d2be/elements - {"using":"css selector","value":"#shell-header-logo"}
RESULT: {"using":"css selector","value":"#shell-header-logo"}
COMMAND: POST /session/a952926708249603da5cc69792e3d2be/elements - {"using":"css selector","value":"#shell-header-logo"}
RESULT: {"using":"css selector","value":"#shell-header-logo"}
COMMAND: POST /session/a952926708249603da5cc69792e3d2be/elements - {"using":"css selector","value":"#shell-header-logo"}
RESULT: {"using":"css selector","value":"#shell-header-logo"}
COMMAND: POST /session/a952926708249603da5cc69792e3d2be/elements - {"using":"css selector","value":"#shell-header-logo"}
RESULT: {"using":"css selector","value":"#shell-header-logo"}
COMMAND: POST /session/a952926708249603da5cc69792e3d2be/elements - {"using":"css selector","value":"#shell-header-logo"}
RESULT: {"using":"css selector","value":"#shell-header-logo"}
COMMAND: POST /session/a952926708249603da5cc69792e3d2be/elements - {"using":"css selector","value":"#shell-header-logo"}
RESULT: {"using":"css selector","value":"#shell-header-logo"}
COMMAND: POST /session/a952926708249603da5cc69792e3d2be/elements - {"using":"css selector","value":"#shell-header-logo"}
RESULT: {"using":"css selector","value":"#shell-header-logo"}
COMMAND: POST /session/a952926708249603da5cc69792e3d2be/elements - {"using":"css selector","value":"#shell-header-logo"}
RESULT: {"using":"css selector","value":"#shell-header-logo"}
COMMAND: POST /session/a952926708249603da5cc69792e3d2be/elements - {"using":"css selector","value":"#shell-header-logo"}
RESULT: {"using":"css selector","value":"#shell-header-logo"}
COMMAND: POST /session/a952926708249603da5cc69792e3d2be/elements - {"using":"css selector","value":"#shell-header-logo"}
RESULT: {"using":"css selector","value":"#shell-header-logo"}
COMMAND: POST /session/a952926708249603da5cc69792e3d2be/elements - {"using":"css selector","value":"#shell-header-logo"}
RESULT: {"using":"css selector","value":"#shell-header-logo"}
COMMAND: POST /session/a952926708249603da5cc69792e3d2be/elements - {"using":"css selector","value":"#shell-header-logo"}
RESULT: {"using":"css selector","value":"#shell-header-logo"}
COMMAND: POST /session/a952926708249603da5cc69792e3d2be/elements - {"using":"css selector","value":"#shell-header-logo"}
RESULT: {"using":"css selector","value":"#shell-header-logo"}
COMMAND: POST /session/a952926708249603da5cc69792e3d2be/elements - {"using":"css selector","value":"#shell-header-logo"}
RESULT: {"using":"css selector","value":"#shell-header-logo"}
COMMAND: POST /session/a952926708249603da5cc69792e3d2be/elements - {"using":"css selector","value":"#shell-header-logo"}
RESULT: {"using":"css selector","value":"#shell-header-logo"}
COMMAND: POST /session/a952926708249603da5cc69792e3d2be/elements - {"using":"css selector","value":"#shell-header-logo"}
RESULT: {"using":"css selector","value":"#shell-header-logo"}
COMMAND: POST /session/a952926708249603da5cc69792e3d2be/elements - {"using":"css selector","value":"#shell-header-logo"}
RESULT: {"using":"css selector","value":"#shell-header-logo"}
COMMAND: POST /session/a952926708249603da5cc69792e3d2be/elements - {"using":"css selector","value":"#shell-header-logo"}
RESULT: {"using":"css selector","value":"#shell-header-logo"}
COMMAND: POST /session/a952926708249603da5cc69792e3d2be/refresh - {}
COMMAND: POST /session/a952926708249603da5cc69792e3d2be/elements - {"using":"css selector","value":"#shell-header-logo"}
RESULT: {}
COMMAND: GET /session/a952926708249603da5cc69792e3d2be/screenshot - {}
RESULT: {"using":"css selector","value":"#shell-header-logo"}
RESULT: {}
COMMAND: POST /session/a952926708249603da5cc69792e3d2be/elements - {"using":"css selector","value":"#shell-header-logo"}
RESULT: {"using":"css selector","value":"#shell-header-logo"}
COMMAND: POST /session/a952926708249603da5cc69792e3d2be/elements - {"using":"css selector","value":"#shell-header-logo"}
RESULT: {"using":"css selector","value":"#shell-header-logo"}
COMMAND: POST /session/a952926708249603da5cc69792e3d2be/elements - {"using":"css selector","value":"#shell-header-logo"}
RESULT: {"using":"css selector","value":"#shell-header-logo"}
COMMAND: POST /session/a952926708249603da5cc69792e3d2be/elements - {"using":"css selector","value":"#shell-header-logo"}
RESULT: {"using":"css selector","value":"#shell-header-logo"}
COMMAND: POST /session/a952926708249603da5cc69792e3d2be/elements - {"using":"css selector","value":"#shell-header-logo"}
RESULT: {"using":"css selector","value":"#shell-header-logo"}
COMMAND: POST /session/a952926708249603da5cc69792e3d2be/elements - {"using":"css selector","value":"#shell-header-logo"}
RESULT: {"using":"css selector","value":"#shell-header-logo"}
COMMAND: POST /session/a952926708249603da5cc69792e3d2be/elements - {"using":"css selector","value":"#shell-header-logo"}
RESULT: {"using":"css selector","value":"#shell-header-logo"}
COMMAND: POST /session/a952926708249603da5cc69792e3d2be/elements - {"using":"css selector","value":"#shell-header-logo"}
RESULT: {"using":"css selector","value":"#shell-header-logo"}
COMMAND: POST /session/a952926708249603da5cc69792e3d2be/elements - {"using":"css selector","value":"#shell-header-logo"}
RESULT: {"using":"css selector","value":"#shell-header-logo"}
COMMAND: POST /session/a952926708249603da5cc69792e3d2be/elements - {"using":"css selector","value":"#shell-header-logo"}
RESULT: {"using":"css selector","value":"#shell-header-logo"}
COMMAND: POST /session/a952926708249603da5cc69792e3d2be/elements - {"using":"css selector","value":"#shell-header-logo"}
RESULT: {"using":"css selector","value":"#shell-header-logo"}
COMMAND: POST /session/a952926708249603da5cc69792e3d2be/elements - {"using":"css selector","value":"#shell-header-logo"}
RESULT: {"using":"css selector","value":"#shell-header-logo"}
COMMAND: POST /session/a952926708249603da5cc69792e3d2be/elements - {"using":"css selector","value":"#shell-header-logo"}
RESULT: {"using":"css selector","value":"#shell-header-logo"}
COMMAND: POST /session/a952926708249603da5cc69792e3d2be/elements - {"using":"css selector","value":"#shell-header-logo"}
RESULT: {"using":"css selector","value":"#shell-header-logo"}
COMMAND: POST /session/a952926708249603da5cc69792e3d2be/elements - {"using":"css selector","value":"#shell-header-logo"}
RESULT: {"using":"css selector","value":"#shell-header-logo"}
COMMAND: POST /session/a952926708249603da5cc69792e3d2be/elements - {"using":"css selector","value":"#shell-header-logo"}
RESULT: {"using":"css selector","value":"#shell-header-logo"}
COMMAND: POST /session/a952926708249603da5cc69792e3d2be/elements - {"using":"css selector","value":"#shell-header-logo"}
RESULT: {"using":"css selector","value":"#shell-header-logo"}
COMMAND: POST /session/a952926708249603da5cc69792e3d2be/elements - {"using":"css selector","value":"#shell-header-logo"}
RESULT: {"using":"css selector","value":"#shell-header-logo"}
COMMAND: POST /session/a952926708249603da5cc69792e3d2be/elements - {"using":"css selector","value":"#shell-header-logo"}
RESULT: {"using":"css selector","value":"#shell-header-logo"}
COMMAND: POST /session/a952926708249603da5cc69792e3d2be/elements - {"using":"css selector","value":"#shell-header-logo"}
RESULT: {"using":"css selector","value":"#shell-header-logo"}
COMMAND: POST /session/a952926708249603da5cc69792e3d2be/window/fullscreen - {}
RESULT: {}
COMMAND: POST /session/a952926708249603da5cc69792e3d2be/elements - {"using":"css selector","value":"#shell-header-logo"}
RESULT: {"using":"css selector","value":"#shell-header-logo"}
COMMAND: POST /session/a952926708249603da5cc69792e3d2be/elements - {"using":"css selector","value":"#shell-header-logo"}
RESULT: {"using":"css selector","value":"#shell-header-logo"}
COMMAND: POST /session/a952926708249603da5cc69792e3d2be/elements - {"using":"css selector","value":"#shell-header-logo"}
RESULT: {"using":"css selector","value":"#shell-header-logo"}
COMMAND: POST /session/a952926708249603da5cc69792e3d2be/elements - {"using":"css selector","value":"#shell-header-logo"}
RESULT: {"using":"css selector","value":"#shell-header-logo"}
COMMAND: POST /session/a952926708249603da5cc69792e3d2be/elements - {"using":"css selector","value":"#shell-header-logo"}
RESULT: {"using":"css selector","value":"#shell-header-logo"}
COMMAND: POST /session/a952926708249603da5cc69792e3d2be/elements - {"using":"css selector","value":"#shell-header-logo"}
RESULT: {"using":"css selector","value":"#shell-header-logo"}
COMMAND: POST /session/a952926708249603da5cc69792e3d2be/elements - {"using":"css selector","value":"#shell-header-logo"}
RESULT: {"using":"css selector","value":"#shell-header-logo"}
COMMAND: POST /session/a952926708249603da5cc69792e3d2be/elements - {"using":"css selector","value":"#shell-header-logo"}
RESULT: {"using":"css selector","value":"#shell-header-logo"}
COMMAND: POST /session/a952926708249603da5cc69792e3d2be/elements - {"using":"css selector","value":"#shell-header-logo"}
RESULT: {"using":"css selector","value":"#shell-header-logo"}
COMMAND: POST /session/a952926708249603da5cc69792e3d2be/elements - {"using":"css selector","value":"#shell-header-logo"}
RESULT: {"using":"css selector","value":"#shell-header-logo"}
COMMAND: POST /session/a952926708249603da5cc69792e3d2be/execute/async - {"script":"<script> [189 bytes]","args":[]}
RESULT: {"script":"<script> [189 bytes]","args":[]}
COMMAND: POST /session/a952926708249603da5cc69792e3d2be/execute/async - {"script":"<script> [123 bytes]","args":[]}
RESULT: {"script":"<script> [123 bytes]","args":[]}
COMMAND: POST /session/a952926708249603da5cc69792e3d2be/timeouts - {"script":"<number>"}
RESULT: {"script":"<number>"}
COMMAND: GET /session/a952926708249603da5cc69792e3d2be/timeouts - {}
RESULT: {}
RESULT: undefined
COMMAND: POST /session/a952926708249603da5cc69792e3d2be/execute/async - {"script":"<script> [2676 bytes]","args":[]}
RESULT: {"script":"<script> [2676 bytes]","args":[]}
COMMAND: POST /session/a952926708249603da5cc69792e3d2be/execute/async - {"script":"<script> [2342 bytes]","args":[{"protocol":"http","hostname":"0.0.0.0","path":"/","capabilities":{"browserName":"chrome","goog:chromeOptions":{"binary":"C:\\Program Files\\Google\\Chrome\\Application\\chrome.exe","args":["--start-maximized"]}},"logLevel":"warn","connectionRetryTimeout":120000,"connectionRetryCount":3,"logLevels":{},"enableDirectConnect":true,"strictSSL":true,"_":"65 more keys: [\"cacheDir\",\"port\",\"requestedCapabilities\",\"automationProtocol\",\"baseUrl\",\"waitforInterval\",\"waitforTimeout\",\"onReload\",\"beforeCommand\",\"afterCommand\",\"rootDir\",\"specs\",\"suites\",\"exclude\",\"groupLogsByTestSpec\",\"excludeDriverLogs\",\"bail\",\"framework\",\"reporters\",\"services\",\"maxInstances\",\"maxInstancesPerCapability\",\"injectGlobals\",\"filesToWatch\",\"execArgv\",\"runnerEnv\",\"runner\",\"shard\",\"specFileRetries\",\"specFileRetriesDelay\",\"specFileRetriesDeferred\",\"reporterSyncInterval\",\"reporterSyncTimeout\",\"cucumberFeaturesWithLineNumbers\",\"autoCompileOpts\",\"mochaOpts\",\"jasmineOpts\",\"cucumberOpts\",\"onPrepare\",\"onWorkerStart\",\"onWorkerEnd\",\"before\",\"beforeSession\",\"beforeSuite\",\"beforeHook\",\"beforeTest\",\"afterTest\",\"afterHook\",\"afterSuite\",\"afterSession\",\"after\",\"onComplete\",\"beforeAssertion\",\"afterAssertion\",\"beforeFeature\",\"beforeScenario\",\"beforeStep\",\"afterStep\",\"afterScenario\",\"afterFeature\",\"_\",\"suite\",\"$0\",\"ignoredWorkerServices\",\"wdi5\"]"}]}
COMMAND: POST /session/a952926708249603da5cc69792e3d2be/elements - {"using":"css selector","value":"#shell-header-logo"}
RESULT: {"script":"<script> [2342 bytes]","args":[{"protocol":"http","hostname":"0.0.0.0","path":"/","capabilities":{"browserName":"chrome","goog:chromeOptions":{"binary":"C:\\Program Files\\Google\\Chrome\\Application\\chrome.exe","args":["--start-maximized"]}},"logLevel":"warn","connectionRetryTimeout":120000,"connectionRetryCount":3,"logLevels":{},"enableDirectConnect":true,"strictSSL":true,"_":"65 more keys: [\"cacheDir\",\"port\",\"requestedCapabilities\",\"automationProtocol\",\"baseUrl\",\"waitforInterval\",\"waitforTimeout\",\"onReload\",\"beforeCommand\",\"afterCommand\",\"rootDir\",\"specs\",\"suites\",\"exclude\",\"groupLogsByTestSpec\",\"excludeDriverLogs\",\"bail\",\"framework\",\"reporters\",\"services\",\"maxInstances\",\"maxInstancesPerCapability\",\"injectGlobals\",\"filesToWatch\",\"execArgv\",\"runnerEnv\",\"runner\",\"shard\",\"specFileRetries\",\"specFileRetriesDelay\",\"specFileRetriesDeferred\",\"reporterSyncInterval\",\"reporterSyncTimeout\",\"cucumberFeaturesWithLineNumbers\",\"autoCompileOpts\",\"mochaOpts\",\"jasmineOpts\",\"cucumberOpts\",\"onPrepare\",\"onWorkerStart\",\"onWorkerEnd\",\"before\",\"beforeSession\",\"beforeSuite\",\"beforeHook\",\"beforeTest\",\"afterTest\",\"afterHook\",\"afterSuite\",\"afterSession\",\"after\",\"onComplete\",\"beforeAssertion\",\"afterAssertion\",\"beforeFeature\",\"beforeScenario\",\"beforeStep\",\"afterStep\",\"afterScenario\",\"afterFeature\",\"_\",\"suite\",\"$0\",\"ignoredWorkerServices\",\"wdi5\"]"}]}
COMMAND: POST /session/a952926708249603da5cc69792e3d2be/execute/async - {"script":"<script> [21126 bytes]","args":[35000]}
RESULT: {"using":"css selector","value":"#shell-header-logo"}
COMMAND: POST /session/a952926708249603da5cc69792e3d2be/elements - {"using":"css selector","value":"#shell-header-logo"}
RESULT: {"script":"<script> [21126 bytes]","args":[35000]}
RESULT: {"using":"css selector","value":"#shell-header-logo"}
COMMAND: POST /session/a952926708249603da5cc69792e3d2be/elements - {"using":"css selector","value":"#shell-header-logo"}
RESULT: {"using":"css selector","value":"#shell-header-logo"}
COMMAND: POST /session/a952926708249603da5cc69792e3d2be/elements - {"using":"css selector","value":"#shell-header-logo"}
RESULT: {"using":"css selector","value":"#shell-header-logo"}
COMMAND: POST /session/a952926708249603da5cc69792e3d2be/elements - {"using":"css selector","value":"#shell-header-logo"}
RESULT: {"using":"css selector","value":"#shell-header-logo"}
COMMAND: POST /session/a952926708249603da5cc69792e3d2be/elements - {"using":"css selector","value":"#shell-header-logo"}
RESULT: {"using":"css selector","value":"#shell-header-logo"}
COMMAND: POST /session/a952926708249603da5cc69792e3d2be/elements - {"using":"css selector","value":"#shell-header-logo"}
RESULT: {"using":"css selector","value":"#shell-header-logo"}
COMMAND: POST /session/a952926708249603da5cc69792e3d2be/elements - {"using":"css selector","value":"#shell-header-logo"}
RESULT: {"using":"css selector","value":"#shell-header-logo"}
COMMAND: POST /session/a952926708249603da5cc69792e3d2be/elements - {"using":"css selector","value":"#shell-header-logo"}
RESULT: {"using":"css selector","value":"#shell-header-logo"}
COMMAND: POST /session/a952926708249603da5cc69792e3d2be/elements - {"using":"css selector","value":"#shell-header-logo"}
RESULT: {"using":"css selector","value":"#shell-header-logo"}
COMMAND: POST /session/a952926708249603da5cc69792e3d2be/elements - {"using":"css selector","value":"#shell-header-logo"}
RESULT: {"using":"css selector","value":"#shell-header-logo"}
COMMAND: POST /session/a952926708249603da5cc69792e3d2be/elements - {"using":"css selector","value":"#shell-header-logo"}
RESULT: {"using":"css selector","value":"#shell-header-logo"}
COMMAND: POST /session/a952926708249603da5cc69792e3d2be/window/fullscreen - {}
RESULT: {}
COMMAND: POST /session/a952926708249603da5cc69792e3d2be/window/fullscreen - {}
RESULT: {}
COMMAND: POST /session/a952926708249603da5cc69792e3d2be/execute/async - {"script":"<script> [1562 bytes]","args":[{"selector":{"controlType":"sap.m.GenericTile","properties":{"header":"Manage Partners"}},"wdio_ui5_key":"sapm.GenericTile{\"header\":\"Manage Partners\"}"}]}
COMMAND: POST /session/a952926708249603da5cc69792e3d2be/elements - {"using":"css selector","value":"#shell-header-logo"}
RESULT: {"script":"<script> [1562 bytes]","args":[{"selector":{"controlType":"sap.m.GenericTile","properties":{"header":"Manage Partners"}},"wdio_ui5_key":"sapm.GenericTile{\"header\":\"Manage Partners\"}"}]}
RESULT: undefined
COMMAND: POST /session/a952926708249603da5cc69792e3d2be/element - {"using":"xpath","value":"//button[@data-kt=\"addButton\"]"}
RESULT: {"using":"css selector","value":"#shell-header-logo"}
RESULT: {"using":"xpath","value":"//button[@data-kt=\"addButton\"]"}
COMMAND: POST /session/a952926708249603da5cc69792e3d2be/elements - {"using":"xpath","value":"//button[@data-kt=\"addButton\"]"}
RESULT: {"using":"xpath","value":"//button[@data-kt=\"addButton\"]"}
COMMAND: POST /session/a952926708249603da5cc69792e3d2be/elements - {"using":"css selector","value":"#shell-header-logo"}
RESULT: {"using":"css selector","value":"#shell-header-logo"}
COMMAND: POST /session/a952926708249603da5cc69792e3d2be/elements - {"using":"xpath","value":"//button[@data-kt=\"addButton\"]"}
RESULT: {"using":"xpath","value":"//button[@data-kt=\"addButton\"]"}
COMMAND: POST /session/a952926708249603da5cc69792e3d2be/elements - {"using":"css selector","value":"#shell-header-logo"}
RESULT: {"using":"css selector","value":"#shell-header-logo"}
COMMAND: POST /session/a952926708249603da5cc69792e3d2be/elements - {"using":"xpath","value":"//button[@data-kt=\"addButton\"]"}
RESULT: {"using":"xpath","value":"//button[@data-kt=\"addButton\"]"}
COMMAND: POST /session/a952926708249603da5cc69792e3d2be/elements - {"using":"css selector","value":"#shell-header-logo"}
RESULT: {"using":"css selector","value":"#shell-header-logo"}
COMMAND: POST /session/a952926708249603da5cc69792e3d2be/elements - {"using":"xpath","value":"//button[@data-kt=\"addButton\"]"}
RESULT: {"using":"xpath","value":"//button[@data-kt=\"addButton\"]"}
COMMAND: POST /session/a952926708249603da5cc69792e3d2be/elements - {"using":"css selector","value":"#shell-header-logo"}
RESULT: {"using":"css selector","value":"#shell-header-logo"}
COMMAND: POST /session/a952926708249603da5cc69792e3d2be/elements - {"using":"xpath","value":"//button[@data-kt=\"addButton\"]"}
RESULT: {"using":"xpath","value":"//button[@data-kt=\"addButton\"]"}
COMMAND: POST /session/a952926708249603da5cc69792e3d2be/elements - {"using":"css selector","value":"#shell-header-logo"}
RESULT: {"using":"css selector","value":"#shell-header-logo"}
COMMAND: POST /session/a952926708249603da5cc69792e3d2be/elements - {"using":"xpath","value":"//button[@data-kt=\"addButton\"]"}
RESULT: {"using":"xpath","value":"//button[@data-kt=\"addButton\"]"}
COMMAND: POST /session/a952926708249603da5cc69792e3d2be/elements - {"using":"css selector","value":"#shell-header-logo"}
RESULT: {"using":"css selector","value":"#shell-header-logo"}
COMMAND: POST /session/a952926708249603da5cc69792e3d2be/elements - {"using":"xpath","value":"//button[@data-kt=\"addButton\"]"}
RESULT: {"using":"xpath","value":"//button[@data-kt=\"addButton\"]"}
COMMAND: POST /session/a952926708249603da5cc69792e3d2be/elements - {"using":"css selector","value":"#shell-header-logo"}
RESULT: {"using":"css selector","value":"#shell-header-logo"}
COMMAND: POST /session/a952926708249603da5cc69792e3d2be/elements - {"using":"xpath","value":"//button[@data-kt=\"addButton\"]"}
RESULT: {"using":"xpath","value":"//button[@data-kt=\"addButton\"]"}
COMMAND: POST /session/a952926708249603da5cc69792e3d2be/elements - {"using":"css selector","value":"#shell-header-logo"}
RESULT: {"using":"css selector","value":"#shell-header-logo"}
COMMAND: POST /session/a952926708249603da5cc69792e3d2be/elements - {"using":"xpath","value":"//button[@data-kt=\"addButton\"]"}
RESULT: {"using":"xpath","value":"//button[@data-kt=\"addButton\"]"}
COMMAND: POST /session/a952926708249603da5cc69792e3d2be/elements - {"using":"css selector","value":"#shell-header-logo"}
RESULT: {"using":"css selector","value":"#shell-header-logo"}
COMMAND: POST /session/a952926708249603da5cc69792e3d2be/elements - {"using":"xpath","value":"//button[@data-kt=\"addButton\"]"}
RESULT: {"using":"xpath","value":"//button[@data-kt=\"addButton\"]"}
COMMAND: POST /session/a952926708249603da5cc69792e3d2be/elements - {"using":"css selector","value":"#shell-header-logo"}
RESULT: {"using":"css selector","value":"#shell-header-logo"}
COMMAND: POST /session/a952926708249603da5cc69792e3d2be/elements - {"using":"xpath","value":"//button[@data-kt=\"addButton\"]"}
RESULT: {"using":"xpath","value":"//button[@data-kt=\"addButton\"]"}
COMMAND: POST /session/a952926708249603da5cc69792e3d2be/elements - {"using":"css selector","value":"#shell-header-logo"}
RESULT: {"using":"css selector","value":"#shell-header-logo"}
COMMAND: POST /session/a952926708249603da5cc69792e3d2be/elements - {"using":"xpath","value":"//button[@data-kt=\"addButton\"]"}
RESULT: {"using":"xpath","value":"//button[@data-kt=\"addButton\"]"}
COMMAND: POST /session/a952926708249603da5cc69792e3d2be/elements - {"using":"css selector","value":"#shell-header-logo"}
RESULT: {"using":"css selector","value":"#shell-header-logo"}
COMMAND: POST /session/a952926708249603da5cc69792e3d2be/elements - {"using":"xpath","value":"//button[@data-kt=\"addButton\"]"}
RESULT: {"using":"xpath","value":"//button[@data-kt=\"addButton\"]"}
COMMAND: POST /session/a952926708249603da5cc69792e3d2be/elements - {"using":"css selector","value":"#shell-header-logo"}
RESULT: {"using":"css selector","value":"#shell-header-logo"}
COMMAND: POST /session/a952926708249603da5cc69792e3d2be/elements - {"using":"xpath","value":"//button[@data-kt=\"addButton\"]"}
RESULT: {"using":"xpath","value":"//button[@data-kt=\"addButton\"]"}
COMMAND: POST /session/a952926708249603da5cc69792e3d2be/elements - {"using":"css selector","value":"#shell-header-logo"}
RESULT: {"using":"css selector","value":"#shell-header-logo"}
COMMAND: POST /session/a952926708249603da5cc69792e3d2be/elements - {"using":"xpath","value":"//button[@data-kt=\"addButton\"]"}
RESULT: {"using":"xpath","value":"//button[@data-kt=\"addButton\"]"}
COMMAND: POST /session/a952926708249603da5cc69792e3d2be/elements - {"using":"css selector","value":"#shell-header-logo"}
RESULT: {"using":"css selector","value":"#shell-header-logo"}
COMMAND: POST /session/a952926708249603da5cc69792e3d2be/elements - {"using":"xpath","value":"//button[@data-kt=\"addButton\"]"}
RESULT: {"using":"xpath","value":"//button[@data-kt=\"addButton\"]"}
COMMAND: POST /session/a952926708249603da5cc69792e3d2be/elements - {"using":"css selector","value":"#shell-header-logo"}
RESULT: {"using":"css selector","value":"#shell-header-logo"}
COMMAND: POST /session/a952926708249603da5cc69792e3d2be/elements - {"using":"xpath","value":"//button[@data-kt=\"addButton\"]"}
RESULT: {"using":"xpath","value":"//button[@data-kt=\"addButton\"]"}
COMMAND: POST /session/a952926708249603da5cc69792e3d2be/elements - {"using":"css selector","value":"#shell-header-logo"}
RESULT: {"using":"css selector","value":"#shell-header-logo"}
COMMAND: POST /session/a952926708249603da5cc69792e3d2be/elements - {"using":"xpath","value":"//button[@data-kt=\"addButton\"]"}
RESULT: {"using":"xpath","value":"//button[@data-kt=\"addButton\"]"}
COMMAND: POST /session/a952926708249603da5cc69792e3d2be/elements - {"using":"css selector","value":"#shell-header-logo"}
RESULT: {"using":"css selector","value":"#shell-header-logo"}
COMMAND: POST /session/a952926708249603da5cc69792e3d2be/elements - {"using":"xpath","value":"//button[@data-kt=\"addButton\"]"}
RESULT: {"using":"xpath","value":"//button[@data-kt=\"addButton\"]"}
COMMAND: POST /session/a952926708249603da5cc69792e3d2be/elements - {"using":"css selector","value":"#shell-header-logo"}
RESULT: {"using":"css selector","value":"#shell-header-logo"}
COMMAND: POST /session/a952926708249603da5cc69792e3d2be/elements - {"using":"xpath","value":"//button[@data-kt=\"addButton\"]"}
RESULT: {"using":"xpath","value":"//button[@data-kt=\"addButton\"]"}
COMMAND: POST /session/a952926708249603da5cc69792e3d2be/elements - {"using":"css selector","value":"#shell-header-logo"}
RESULT: {"using":"css selector","value":"#shell-header-logo"}
COMMAND: POST /session/a952926708249603da5cc69792e3d2be/elements - {"using":"xpath","value":"//button[@data-kt=\"addButton\"]"}
RESULT: {"using":"xpath","value":"//button[@data-kt=\"addButton\"]"}
COMMAND: POST /session/a952926708249603da5cc69792e3d2be/elements - {"using":"css selector","value":"#shell-header-logo"}
RESULT: {"using":"css selector","value":"#shell-header-logo"}
COMMAND: POST /session/a952926708249603da5cc69792e3d2be/elements - {"using":"xpath","value":"//button[@data-kt=\"addButton\"]"}
RESULT: {"using":"xpath","value":"//button[@data-kt=\"addButton\"]"}
COMMAND: POST /session/a952926708249603da5cc69792e3d2be/elements - {"using":"css selector","value":"#shell-header-logo"}
RESULT: {"using":"css selector","value":"#shell-header-logo"}
COMMAND: POST /session/a952926708249603da5cc69792e3d2be/elements - {"using":"xpath","value":"//button[@data-kt=\"addButton\"]"}
RESULT: {"using":"xpath","value":"//button[@data-kt=\"addButton\"]"}
COMMAND: POST /session/a952926708249603da5cc69792e3d2be/elements - {"using":"css selector","value":"#shell-header-logo"}
RESULT: {"using":"css selector","value":"#shell-header-logo"}
COMMAND: POST /session/a952926708249603da5cc69792e3d2be/elements - {"using":"xpath","value":"//button[@data-kt=\"addButton\"]"}
RESULT: {"using":"xpath","value":"//button[@data-kt=\"addButton\"]"}
COMMAND: POST /session/a952926708249603da5cc69792e3d2be/elements - {"using":"css selector","value":"#shell-header-logo"}
RESULT: {"using":"css selector","value":"#shell-header-logo"}
COMMAND: POST /session/a952926708249603da5cc69792e3d2be/elements - {"using":"xpath","value":"//button[@data-kt=\"addButton\"]"}
RESULT: {"using":"xpath","value":"//button[@data-kt=\"addButton\"]"}
COMMAND: POST /session/a952926708249603da5cc69792e3d2be/elements - {"using":"css selector","value":"#shell-header-logo"}
RESULT: {"using":"css selector","value":"#shell-header-logo"}
COMMAND: POST /session/a952926708249603da5cc69792e3d2be/elements - {"using":"xpath","value":"//button[@data-kt=\"addButton\"]"}
RESULT: {"using":"xpath","value":"//button[@data-kt=\"addButton\"]"}
COMMAND: POST /session/a952926708249603da5cc69792e3d2be/elements - {"using":"css selector","value":"#shell-header-logo"}
RESULT: {"using":"css selector","value":"#shell-header-logo"}
COMMAND: POST /session/a952926708249603da5cc69792e3d2be/elements - {"using":"xpath","value":"//button[@data-kt=\"addButton\"]"}
RESULT: {"using":"xpath","value":"//button[@data-kt=\"addButton\"]"}
COMMAND: POST /session/a952926708249603da5cc69792e3d2be/elements - {"using":"css selector","value":"#shell-header-logo"}
RESULT: {"using":"css selector","value":"#shell-header-logo"}
COMMAND: POST /session/a952926708249603da5cc69792e3d2be/elements - {"using":"xpath","value":"//button[@data-kt=\"addButton\"]"}
RESULT: {"using":"xpath","value":"//button[@data-kt=\"addButton\"]"}
COMMAND: POST /session/a952926708249603da5cc69792e3d2be/elements - {"using":"css selector","value":"#shell-header-logo"}
RESULT: {"using":"css selector","value":"#shell-header-logo"}
COMMAND: POST /session/a952926708249603da5cc69792e3d2be/elements - {"using":"xpath","value":"//button[@data-kt=\"addButton\"]"}
RESULT: {"using":"xpath","value":"//button[@data-kt=\"addButton\"]"}
COMMAND: POST /session/a952926708249603da5cc69792e3d2be/elements - {"using":"css selector","value":"#shell-header-logo"}
RESULT: {"using":"css selector","value":"#shell-header-logo"}
COMMAND: POST /session/a952926708249603da5cc69792e3d2be/elements - {"using":"xpath","value":"//button[@data-kt=\"addButton\"]"}
RESULT: {"using":"xpath","value":"//button[@data-kt=\"addButton\"]"}
COMMAND: POST /session/a952926708249603da5cc69792e3d2be/elements - {"using":"css selector","value":"#shell-header-logo"}
RESULT: {"using":"css selector","value":"#shell-header-logo"}
COMMAND: POST /session/a952926708249603da5cc69792e3d2be/elements - {"using":"xpath","value":"//button[@data-kt=\"addButton\"]"}
RESULT: {"using":"xpath","value":"//button[@data-kt=\"addButton\"]"}
COMMAND: POST /session/a952926708249603da5cc69792e3d2be/elements - {"using":"css selector","value":"#shell-header-logo"}
RESULT: {"using":"css selector","value":"#shell-header-logo"}
COMMAND: POST /session/a952926708249603da5cc69792e3d2be/elements - {"using":"xpath","value":"//button[@data-kt=\"addButton\"]"}
RESULT: {"using":"xpath","value":"//button[@data-kt=\"addButton\"]"}
COMMAND: POST /session/a952926708249603da5cc69792e3d2be/elements - {"using":"css selector","value":"#shell-header-logo"}
RESULT: {"using":"css selector","value":"#shell-header-logo"}
COMMAND: POST /session/a952926708249603da5cc69792e3d2be/elements - {"using":"xpath","value":"//button[@data-kt=\"addButton\"]"}
RESULT: {"using":"xpath","value":"//button[@data-kt=\"addButton\"]"}
COMMAND: POST /session/a952926708249603da5cc69792e3d2be/elements - {"using":"css selector","value":"#shell-header-logo"}
RESULT: {"using":"css selector","value":"#shell-header-logo"}
COMMAND: POST /session/a952926708249603da5cc69792e3d2be/elements - {"using":"xpath","value":"//button[@data-kt=\"addButton\"]"}
RESULT: {"using":"xpath","value":"//button[@data-kt=\"addButton\"]"}
COMMAND: POST /session/a952926708249603da5cc69792e3d2be/elements - {"using":"css selector","value":"#shell-header-logo"}
RESULT: {"using":"css selector","value":"#shell-header-logo"}
COMMAND: POST /session/a952926708249603da5cc69792e3d2be/elements - {"using":"xpath","value":"//button[@data-kt=\"addButton\"]"}
RESULT: {"using":"xpath","value":"//button[@data-kt=\"addButton\"]"}
COMMAND: POST /session/a952926708249603da5cc69792e3d2be/elements - {"using":"xpath","value":"//button[@data-kt=\"addButton\"]"}
RESULT: {"using":"xpath","value":"//button[@data-kt=\"addButton\"]"}
COMMAND: POST /session/a952926708249603da5cc69792e3d2be/elements - {"using":"xpath","value":"//button[@data-kt=\"addButton\"]"}
RESULT: {"using":"xpath","value":"//button[@data-kt=\"addButton\"]"}
COMMAND: POST /session/a952926708249603da5cc69792e3d2be/elements - {"using":"xpath","value":"//button[@data-kt=\"addButton\"]"}
RESULT: {"using":"xpath","value":"//button[@data-kt=\"addButton\"]"}
COMMAND: POST /session/a952926708249603da5cc69792e3d2be/elements - {"using":"xpath","value":"//button[@data-kt=\"addButton\"]"}
RESULT: {"using":"xpath","value":"//button[@data-kt=\"addButton\"]"}
COMMAND: POST /session/a952926708249603da5cc69792e3d2be/elements - {"using":"xpath","value":"//button[@data-kt=\"addButton\"]"}
RESULT: {"using":"xpath","value":"//button[@data-kt=\"addButton\"]"}
COMMAND: POST /session/a952926708249603da5cc69792e3d2be/elements - {"using":"xpath","value":"//button[@data-kt=\"addButton\"]"}
RESULT: {"using":"xpath","value":"//button[@data-kt=\"addButton\"]"}
COMMAND: POST /session/a952926708249603da5cc69792e3d2be/elements - {"using":"xpath","value":"//button[@data-kt=\"addButton\"]"}
RESULT: {"using":"xpath","value":"//button[@data-kt=\"addButton\"]"}
COMMAND: POST /session/a952926708249603da5cc69792e3d2be/elements - {"using":"xpath","value":"//button[@data-kt=\"addButton\"]"}
RESULT: {"using":"xpath","value":"//button[@data-kt=\"addButton\"]"}
COMMAND: POST /session/a952926708249603da5cc69792e3d2be/elements - {"using":"xpath","value":"//button[@data-kt=\"addButton\"]"}
RESULT: {"using":"xpath","value":"//button[@data-kt=\"addButton\"]"}
COMMAND: POST /session/a952926708249603da5cc69792e3d2be/elements - {"using":"xpath","value":"//button[@data-kt=\"addButton\"]"}
RESULT: {"using":"xpath","value":"//button[@data-kt=\"addButton\"]"}
COMMAND: POST /session/a952926708249603da5cc69792e3d2be/elements - {"using":"xpath","value":"//button[@data-kt=\"addButton\"]"}
RESULT: {"using":"xpath","value":"//button[@data-kt=\"addButton\"]"}
COMMAND: POST /session/a952926708249603da5cc69792e3d2be/elements - {"using":"xpath","value":"//button[@data-kt=\"addButton\"]"}
RESULT: {"using":"xpath","value":"//button[@data-kt=\"addButton\"]"}
COMMAND: POST /session/a952926708249603da5cc69792e3d2be/elements - {"using":"xpath","value":"//button[@data-kt=\"addButton\"]"}
RESULT: {"using":"xpath","value":"//button[@data-kt=\"addButton\"]"}
COMMAND: POST /session/a952926708249603da5cc69792e3d2be/elements - {"using":"xpath","value":"//button[@data-kt=\"addButton\"]"}
RESULT: {"using":"xpath","value":"//button[@data-kt=\"addButton\"]"}
COMMAND: POST /session/a952926708249603da5cc69792e3d2be/elements - {"using":"xpath","value":"//button[@data-kt=\"addButton\"]"}
RESULT: {"using":"xpath","value":"//button[@data-kt=\"addButton\"]"}
COMMAND: POST /session/a952926708249603da5cc69792e3d2be/elements - {"using":"xpath","value":"//button[@data-kt=\"addButton\"]"}
RESULT: {"using":"xpath","value":"//button[@data-kt=\"addButton\"]"}
COMMAND: POST /session/a952926708249603da5cc69792e3d2be/elements - {"using":"xpath","value":"//button[@data-kt=\"addButton\"]"}
RESULT: {"using":"xpath","value":"//button[@data-kt=\"addButton\"]"}
COMMAND: POST /session/a952926708249603da5cc69792e3d2be/elements - {"using":"xpath","value":"//button[@data-kt=\"addButton\"]"}
RESULT: {"using":"xpath","value":"//button[@data-kt=\"addButton\"]"}
COMMAND: POST /session/a952926708249603da5cc69792e3d2be/elements - {"using":"xpath","value":"//button[@data-kt=\"addButton\"]"}
RESULT: {"using":"xpath","value":"//button[@data-kt=\"addButton\"]"}
COMMAND: POST /session/a952926708249603da5cc69792e3d2be/elements - {"using":"xpath","value":"//button[@data-kt=\"addButton\"]"}
RESULT: {"using":"xpath","value":"//button[@data-kt=\"addButton\"]"}
COMMAND: POST /session/a952926708249603da5cc69792e3d2be/elements - {"using":"xpath","value":"//button[@data-kt=\"addButton\"]"}
RESULT: {"using":"xpath","value":"//button[@data-kt=\"addButton\"]"}
COMMAND: POST /session/a952926708249603da5cc69792e3d2be/elements - {"using":"xpath","value":"//button[@data-kt=\"addButton\"]"}
RESULT: {"using":"xpath","value":"//button[@data-kt=\"addButton\"]"}
COMMAND: POST /session/a952926708249603da5cc69792e3d2be/elements - {"using":"xpath","value":"//button[@data-kt=\"addButton\"]"}
RESULT: {"using":"xpath","value":"//button[@data-kt=\"addButton\"]"}
COMMAND: POST /session/a952926708249603da5cc69792e3d2be/elements - {"using":"xpath","value":"//button[@data-kt=\"addButton\"]"}
RESULT: {"using":"xpath","value":"//button[@data-kt=\"addButton\"]"}
COMMAND: POST /session/a952926708249603da5cc69792e3d2be/elements - {"using":"xpath","value":"//button[@data-kt=\"addButton\"]"}
RESULT: {"using":"xpath","value":"//button[@data-kt=\"addButton\"]"}
COMMAND: POST /session/a952926708249603da5cc69792e3d2be/elements - {"using":"xpath","value":"//button[@data-kt=\"addButton\"]"}
RESULT: {"using":"xpath","value":"//button[@data-kt=\"addButton\"]"}
COMMAND: POST /session/a952926708249603da5cc69792e3d2be/elements - {"using":"xpath","value":"//button[@data-kt=\"addButton\"]"}
RESULT: {"using":"xpath","value":"//button[@data-kt=\"addButton\"]"}
COMMAND: POST /session/a952926708249603da5cc69792e3d2be/elements - {"using":"xpath","value":"//button[@data-kt=\"addButton\"]"}
RESULT: {"using":"xpath","value":"//button[@data-kt=\"addButton\"]"}
COMMAND: POST /session/a952926708249603da5cc69792e3d2be/elements - {"using":"xpath","value":"//button[@data-kt=\"addButton\"]"}
RESULT: {"using":"xpath","value":"//button[@data-kt=\"addButton\"]"}
COMMAND: POST /session/a952926708249603da5cc69792e3d2be/elements - {"using":"xpath","value":"//button[@data-kt=\"addButton\"]"}
RESULT: {"using":"xpath","value":"//button[@data-kt=\"addButton\"]"}
COMMAND: POST /session/a952926708249603da5cc69792e3d2be/elements - {"using":"xpath","value":"//button[@data-kt=\"addButton\"]"}
RESULT: {"using":"xpath","value":"//button[@data-kt=\"addButton\"]"}
COMMAND: POST /session/a952926708249603da5cc69792e3d2be/elements - {"using":"xpath","value":"//button[@data-kt=\"addButton\"]"}
RESULT: {"using":"xpath","value":"//button[@data-kt=\"addButton\"]"}
COMMAND: POST /session/a952926708249603da5cc69792e3d2be/elements - {"using":"xpath","value":"//button[@data-kt=\"addButton\"]"}
RESULT: {"using":"xpath","value":"//button[@data-kt=\"addButton\"]"}
COMMAND: POST /session/a952926708249603da5cc69792e3d2be/elements - {"using":"xpath","value":"//button[@data-kt=\"addButton\"]"}
RESULT: {"using":"xpath","value":"//button[@data-kt=\"addButton\"]"}
COMMAND: POST /session/a952926708249603da5cc69792e3d2be/elements - {"using":"xpath","value":"//button[@data-kt=\"addButton\"]"}
RESULT: {"using":"xpath","value":"//button[@data-kt=\"addButton\"]"}
COMMAND: POST /session/a952926708249603da5cc69792e3d2be/elements - {"using":"xpath","value":"//button[@data-kt=\"addButton\"]"}
RESULT: {"using":"xpath","value":"//button[@data-kt=\"addButton\"]"}
COMMAND: POST /session/a952926708249603da5cc69792e3d2be/elements - {"using":"xpath","value":"//button[@data-kt=\"addButton\"]"}
RESULT: {"using":"xpath","value":"//button[@data-kt=\"addButton\"]"}
COMMAND: POST /session/a952926708249603da5cc69792e3d2be/elements - {"using":"xpath","value":"//button[@data-kt=\"addButton\"]"}
RESULT: {"using":"xpath","value":"//button[@data-kt=\"addButton\"]"}
COMMAND: POST /session/a952926708249603da5cc69792e3d2be/elements - {"using":"xpath","value":"//button[@data-kt=\"addButton\"]"}
RESULT: {"using":"xpath","value":"//button[@data-kt=\"addButton\"]"}
COMMAND: POST /session/a952926708249603da5cc69792e3d2be/elements - {"using":"xpath","value":"//button[@data-kt=\"addButton\"]"}
RESULT: {"using":"xpath","value":"//button[@data-kt=\"addButton\"]"}
COMMAND: POST /session/a952926708249603da5cc69792e3d2be/elements - {"using":"xpath","value":"//button[@data-kt=\"addButton\"]"}
RESULT: {"using":"xpath","value":"//button[@data-kt=\"addButton\"]"}
COMMAND: POST /session/a952926708249603da5cc69792e3d2be/elements - {"using":"xpath","value":"//button[@data-kt=\"addButton\"]"}
RESULT: {"using":"xpath","value":"//button[@data-kt=\"addButton\"]"}
COMMAND: POST /session/a952926708249603da5cc69792e3d2be/elements - {"using":"xpath","value":"//button[@data-kt=\"addButton\"]"}
RESULT: {"using":"xpath","value":"//button[@data-kt=\"addButton\"]"}
COMMAND: POST /session/a952926708249603da5cc69792e3d2be/elements - {"using":"xpath","value":"//button[@data-kt=\"addButton\"]"}
RESULT: {"using":"xpath","value":"//button[@data-kt=\"addButton\"]"}
COMMAND: POST /session/a952926708249603da5cc69792e3d2be/elements - {"using":"xpath","value":"//button[@data-kt=\"addButton\"]"}
RESULT: {"using":"xpath","value":"//button[@data-kt=\"addButton\"]"}
COMMAND: POST /session/a952926708249603da5cc69792e3d2be/elements - {"using":"xpath","value":"//button[@data-kt=\"addButton\"]"}
RESULT: {"using":"xpath","value":"//button[@data-kt=\"addButton\"]"}
COMMAND: POST /session/a952926708249603da5cc69792e3d2be/elements - {"using":"xpath","value":"//button[@data-kt=\"addButton\"]"}
RESULT: {"using":"xpath","value":"//button[@data-kt=\"addButton\"]"}
COMMAND: POST /session/a952926708249603da5cc69792e3d2be/elements - {"using":"xpath","value":"//button[@data-kt=\"addButton\"]"}
RESULT: {"using":"xpath","value":"//button[@data-kt=\"addButton\"]"}
COMMAND: POST /session/a952926708249603da5cc69792e3d2be/elements - {"using":"xpath","value":"//button[@data-kt=\"addButton\"]"}
RESULT: {"using":"xpath","value":"//button[@data-kt=\"addButton\"]"}
COMMAND: POST /session/a952926708249603da5cc69792e3d2be/elements - {"using":"xpath","value":"//button[@data-kt=\"addButton\"]"}
RESULT: {"using":"xpath","value":"//button[@data-kt=\"addButton\"]"}
COMMAND: POST /session/a952926708249603da5cc69792e3d2be/elements - {"using":"xpath","value":"//button[@data-kt=\"addButton\"]"}
RESULT: {"using":"xpath","value":"//button[@data-kt=\"addButton\"]"}
COMMAND: POST /session/a952926708249603da5cc69792e3d2be/elements - {"using":"xpath","value":"//button[@data-kt=\"addButton\"]"}
RESULT: {"using":"xpath","value":"//button[@data-kt=\"addButton\"]"}
COMMAND: POST /session/a952926708249603da5cc69792e3d2be/elements - {"using":"xpath","value":"//button[@data-kt=\"addButton\"]"}
RESULT: {"using":"xpath","value":"//button[@data-kt=\"addButton\"]"}
COMMAND: POST /session/a952926708249603da5cc69792e3d2be/elements - {"using":"xpath","value":"//button[@data-kt=\"addButton\"]"}
RESULT: {"using":"xpath","value":"//button[@data-kt=\"addButton\"]"}
COMMAND: POST /session/a952926708249603da5cc69792e3d2be/elements - {"using":"xpath","value":"//button[@data-kt=\"addButton\"]"}
RESULT: {"using":"xpath","value":"//button[@data-kt=\"addButton\"]"}
COMMAND: GET /session/a952926708249603da5cc69792e3d2be/screenshot - {}
RESULT: {}
]]></system-out>
      <system-err><![CDATA[
Error: element ("//button[@data-kt="addButton"]") still not existing after 45000ms
    at async UtilsPrerequisites.partnerCreation (D:\a\1\s\test\specs\BTS\prerequisites-and-utils-functions.js:387:9)
    at async Context.<anonymous> (D:\a\1\s\test\specs\BTS\manage-partners.spec.js:355:44)
]]></system-err>
    </testcase>
    <testcase classname="chrome.136_0_7103_49.windows.Partner_specific_tests_US150819_US151080_US151654_US151176_US103444_US151078_US151079_US151109_US151174_US151175_US151189" name="Should create a new intercompany partner edit some of its fields US151078" time="87.625">
      <skipped />
      <system-out><![CDATA[
COMMAND: POST /session/a952926708249603da5cc69792e3d2be/element - {"using":"xpath","value":"//li[.//span[text()=\"Manage Partners\"]]"}
RESULT: {"using":"xpath","value":"//li[.//span[text()=\"Manage Partners\"]]"}
COMMAND: POST /session/a952926708249603da5cc69792e3d2be/element - {"using":"xpath","value":"//li[.//span[text()=\"Manage Partners\"]]"}
RESULT: {"using":"xpath","value":"//li[.//span[text()=\"Manage Partners\"]]"}
COMMAND: POST /session/a952926708249603da5cc69792e3d2be/element - {"using":"css selector","value":"#shell-header-logo"}
RESULT: {"using":"css selector","value":"#shell-header-logo"}
COMMAND: POST /session/a952926708249603da5cc69792e3d2be/elements - {"using":"css selector","value":"#shell-header-logo"}
COMMAND: POST /session/a952926708249603da5cc69792e3d2be/element - {"using":"css selector","value":"#shell-header-logo"}
RESULT: {"using":"css selector","value":"#shell-header-logo"}
RESULT: {"using":"css selector","value":"#shell-header-logo"}
COMMAND: POST /session/a952926708249603da5cc69792e3d2be/elements - {"using":"css selector","value":"#shell-header-logo"}
RESULT: {"using":"css selector","value":"#shell-header-logo"}
COMMAND: POST /session/a952926708249603da5cc69792e3d2be/elements - {"using":"css selector","value":"#shell-header-logo"}
RESULT: {"using":"css selector","value":"#shell-header-logo"}
COMMAND: POST /session/a952926708249603da5cc69792e3d2be/elements - {"using":"css selector","value":"#shell-header-logo"}
RESULT: {"using":"css selector","value":"#shell-header-logo"}
COMMAND: POST /session/a952926708249603da5cc69792e3d2be/elements - {"using":"css selector","value":"#shell-header-logo"}
RESULT: {"using":"css selector","value":"#shell-header-logo"}
COMMAND: POST /session/a952926708249603da5cc69792e3d2be/elements - {"using":"css selector","value":"#shell-header-logo"}
RESULT: {"using":"css selector","value":"#shell-header-logo"}
COMMAND: POST /session/a952926708249603da5cc69792e3d2be/elements - {"using":"css selector","value":"#shell-header-logo"}
RESULT: {"using":"css selector","value":"#shell-header-logo"}
COMMAND: POST /session/a952926708249603da5cc69792e3d2be/elements - {"using":"css selector","value":"#shell-header-logo"}
RESULT: {"using":"css selector","value":"#shell-header-logo"}
COMMAND: POST /session/a952926708249603da5cc69792e3d2be/elements - {"using":"css selector","value":"#shell-header-logo"}
RESULT: {"using":"css selector","value":"#shell-header-logo"}
COMMAND: POST /session/a952926708249603da5cc69792e3d2be/elements - {"using":"css selector","value":"#shell-header-logo"}
RESULT: {"using":"css selector","value":"#shell-header-logo"}
COMMAND: POST /session/a952926708249603da5cc69792e3d2be/elements - {"using":"css selector","value":"#shell-header-logo"}
RESULT: {"using":"css selector","value":"#shell-header-logo"}
COMMAND: POST /session/a952926708249603da5cc69792e3d2be/elements - {"using":"css selector","value":"#shell-header-logo"}
RESULT: {"using":"css selector","value":"#shell-header-logo"}
COMMAND: POST /session/a952926708249603da5cc69792e3d2be/elements - {"using":"css selector","value":"#shell-header-logo"}
RESULT: {"using":"css selector","value":"#shell-header-logo"}
COMMAND: POST /session/a952926708249603da5cc69792e3d2be/elements - {"using":"css selector","value":"#shell-header-logo"}
RESULT: {"using":"css selector","value":"#shell-header-logo"}
COMMAND: POST /session/a952926708249603da5cc69792e3d2be/elements - {"using":"css selector","value":"#shell-header-logo"}
RESULT: {"using":"css selector","value":"#shell-header-logo"}
COMMAND: POST /session/a952926708249603da5cc69792e3d2be/elements - {"using":"css selector","value":"#shell-header-logo"}
RESULT: {"using":"css selector","value":"#shell-header-logo"}
COMMAND: POST /session/a952926708249603da5cc69792e3d2be/elements - {"using":"css selector","value":"#shell-header-logo"}
RESULT: {"using":"css selector","value":"#shell-header-logo"}
COMMAND: POST /session/a952926708249603da5cc69792e3d2be/elements - {"using":"css selector","value":"#shell-header-logo"}
RESULT: {"using":"css selector","value":"#shell-header-logo"}
COMMAND: POST /session/a952926708249603da5cc69792e3d2be/elements - {"using":"css selector","value":"#shell-header-logo"}
RESULT: {"using":"css selector","value":"#shell-header-logo"}
COMMAND: POST /session/a952926708249603da5cc69792e3d2be/elements - {"using":"css selector","value":"#shell-header-logo"}
RESULT: {"using":"css selector","value":"#shell-header-logo"}
COMMAND: POST /session/a952926708249603da5cc69792e3d2be/refresh - {}
COMMAND: POST /session/a952926708249603da5cc69792e3d2be/elements - {"using":"css selector","value":"#shell-header-logo"}
RESULT: {}
COMMAND: GET /session/a952926708249603da5cc69792e3d2be/screenshot - {}
RESULT: {"using":"css selector","value":"#shell-header-logo"}
COMMAND: POST /session/a952926708249603da5cc69792e3d2be/elements - {"using":"css selector","value":"#shell-header-logo"}
RESULT: {}
RESULT: {"using":"css selector","value":"#shell-header-logo"}
COMMAND: POST /session/a952926708249603da5cc69792e3d2be/elements - {"using":"css selector","value":"#shell-header-logo"}
RESULT: {"using":"css selector","value":"#shell-header-logo"}
COMMAND: POST /session/a952926708249603da5cc69792e3d2be/elements - {"using":"css selector","value":"#shell-header-logo"}
RESULT: {"using":"css selector","value":"#shell-header-logo"}
COMMAND: POST /session/a952926708249603da5cc69792e3d2be/elements - {"using":"css selector","value":"#shell-header-logo"}
RESULT: {"using":"css selector","value":"#shell-header-logo"}
COMMAND: POST /session/a952926708249603da5cc69792e3d2be/elements - {"using":"css selector","value":"#shell-header-logo"}
RESULT: {"using":"css selector","value":"#shell-header-logo"}
COMMAND: POST /session/a952926708249603da5cc69792e3d2be/elements - {"using":"css selector","value":"#shell-header-logo"}
RESULT: {"using":"css selector","value":"#shell-header-logo"}
COMMAND: POST /session/a952926708249603da5cc69792e3d2be/elements - {"using":"css selector","value":"#shell-header-logo"}
RESULT: {"using":"css selector","value":"#shell-header-logo"}
COMMAND: POST /session/a952926708249603da5cc69792e3d2be/elements - {"using":"css selector","value":"#shell-header-logo"}
RESULT: {"using":"css selector","value":"#shell-header-logo"}
COMMAND: POST /session/a952926708249603da5cc69792e3d2be/elements - {"using":"css selector","value":"#shell-header-logo"}
RESULT: {"using":"css selector","value":"#shell-header-logo"}
COMMAND: POST /session/a952926708249603da5cc69792e3d2be/elements - {"using":"css selector","value":"#shell-header-logo"}
RESULT: {"using":"css selector","value":"#shell-header-logo"}
COMMAND: POST /session/a952926708249603da5cc69792e3d2be/elements - {"using":"css selector","value":"#shell-header-logo"}
RESULT: {"using":"css selector","value":"#shell-header-logo"}
COMMAND: POST /session/a952926708249603da5cc69792e3d2be/elements - {"using":"css selector","value":"#shell-header-logo"}
RESULT: {"using":"css selector","value":"#shell-header-logo"}
COMMAND: POST /session/a952926708249603da5cc69792e3d2be/elements - {"using":"css selector","value":"#shell-header-logo"}
RESULT: {"using":"css selector","value":"#shell-header-logo"}
COMMAND: POST /session/a952926708249603da5cc69792e3d2be/elements - {"using":"css selector","value":"#shell-header-logo"}
RESULT: {"using":"css selector","value":"#shell-header-logo"}
COMMAND: POST /session/a952926708249603da5cc69792e3d2be/elements - {"using":"css selector","value":"#shell-header-logo"}
RESULT: {"using":"css selector","value":"#shell-header-logo"}
COMMAND: POST /session/a952926708249603da5cc69792e3d2be/elements - {"using":"css selector","value":"#shell-header-logo"}
RESULT: {"using":"css selector","value":"#shell-header-logo"}
COMMAND: POST /session/a952926708249603da5cc69792e3d2be/elements - {"using":"css selector","value":"#shell-header-logo"}
RESULT: {"using":"css selector","value":"#shell-header-logo"}
COMMAND: POST /session/a952926708249603da5cc69792e3d2be/elements - {"using":"css selector","value":"#shell-header-logo"}
RESULT: {"using":"css selector","value":"#shell-header-logo"}
COMMAND: POST /session/a952926708249603da5cc69792e3d2be/elements - {"using":"css selector","value":"#shell-header-logo"}
RESULT: {"using":"css selector","value":"#shell-header-logo"}
COMMAND: POST /session/a952926708249603da5cc69792e3d2be/elements - {"using":"css selector","value":"#shell-header-logo"}
RESULT: {"using":"css selector","value":"#shell-header-logo"}
COMMAND: POST /session/a952926708249603da5cc69792e3d2be/elements - {"using":"css selector","value":"#shell-header-logo"}
RESULT: {"using":"css selector","value":"#shell-header-logo"}
COMMAND: POST /session/a952926708249603da5cc69792e3d2be/refresh - {}
COMMAND: POST /session/a952926708249603da5cc69792e3d2be/elements - {"using":"css selector","value":"#shell-header-logo"}
RESULT: {}
COMMAND: GET /session/a952926708249603da5cc69792e3d2be/screenshot - {}
RESULT: {"using":"css selector","value":"#shell-header-logo"}
RESULT: {}
COMMAND: POST /session/a952926708249603da5cc69792e3d2be/elements - {"using":"css selector","value":"#shell-header-logo"}
RESULT: {"using":"css selector","value":"#shell-header-logo"}
COMMAND: POST /session/a952926708249603da5cc69792e3d2be/elements - {"using":"css selector","value":"#shell-header-logo"}
RESULT: {"using":"css selector","value":"#shell-header-logo"}
COMMAND: POST /session/a952926708249603da5cc69792e3d2be/elements - {"using":"css selector","value":"#shell-header-logo"}
RESULT: {"using":"css selector","value":"#shell-header-logo"}
COMMAND: POST /session/a952926708249603da5cc69792e3d2be/elements - {"using":"css selector","value":"#shell-header-logo"}
RESULT: {"using":"css selector","value":"#shell-header-logo"}
COMMAND: POST /session/a952926708249603da5cc69792e3d2be/elements - {"using":"css selector","value":"#shell-header-logo"}
RESULT: {"using":"css selector","value":"#shell-header-logo"}
COMMAND: POST /session/a952926708249603da5cc69792e3d2be/elements - {"using":"css selector","value":"#shell-header-logo"}
RESULT: {"using":"css selector","value":"#shell-header-logo"}
COMMAND: POST /session/a952926708249603da5cc69792e3d2be/elements - {"using":"css selector","value":"#shell-header-logo"}
RESULT: {"using":"css selector","value":"#shell-header-logo"}
COMMAND: POST /session/a952926708249603da5cc69792e3d2be/elements - {"using":"css selector","value":"#shell-header-logo"}
RESULT: {"using":"css selector","value":"#shell-header-logo"}
COMMAND: POST /session/a952926708249603da5cc69792e3d2be/elements - {"using":"css selector","value":"#shell-header-logo"}
RESULT: {"using":"css selector","value":"#shell-header-logo"}
COMMAND: POST /session/a952926708249603da5cc69792e3d2be/elements - {"using":"css selector","value":"#shell-header-logo"}
RESULT: {"using":"css selector","value":"#shell-header-logo"}
COMMAND: POST /session/a952926708249603da5cc69792e3d2be/elements - {"using":"css selector","value":"#shell-header-logo"}
RESULT: {"using":"css selector","value":"#shell-header-logo"}
COMMAND: POST /session/a952926708249603da5cc69792e3d2be/elements - {"using":"css selector","value":"#shell-header-logo"}
RESULT: {"using":"css selector","value":"#shell-header-logo"}
COMMAND: POST /session/a952926708249603da5cc69792e3d2be/elements - {"using":"css selector","value":"#shell-header-logo"}
RESULT: {"using":"css selector","value":"#shell-header-logo"}
COMMAND: POST /session/a952926708249603da5cc69792e3d2be/elements - {"using":"css selector","value":"#shell-header-logo"}
RESULT: {"using":"css selector","value":"#shell-header-logo"}
COMMAND: POST /session/a952926708249603da5cc69792e3d2be/elements - {"using":"css selector","value":"#shell-header-logo"}
RESULT: {"using":"css selector","value":"#shell-header-logo"}
COMMAND: POST /session/a952926708249603da5cc69792e3d2be/elements - {"using":"css selector","value":"#shell-header-logo"}
RESULT: {"using":"css selector","value":"#shell-header-logo"}
COMMAND: POST /session/a952926708249603da5cc69792e3d2be/elements - {"using":"css selector","value":"#shell-header-logo"}
RESULT: {"using":"css selector","value":"#shell-header-logo"}
COMMAND: POST /session/a952926708249603da5cc69792e3d2be/elements - {"using":"css selector","value":"#shell-header-logo"}
RESULT: {"using":"css selector","value":"#shell-header-logo"}
COMMAND: POST /session/a952926708249603da5cc69792e3d2be/elements - {"using":"css selector","value":"#shell-header-logo"}
RESULT: {"using":"css selector","value":"#shell-header-logo"}
COMMAND: POST /session/a952926708249603da5cc69792e3d2be/elements - {"using":"css selector","value":"#shell-header-logo"}
RESULT: {"using":"css selector","value":"#shell-header-logo"}
COMMAND: POST /session/a952926708249603da5cc69792e3d2be/window/fullscreen - {}
RESULT: {}
COMMAND: POST /session/a952926708249603da5cc69792e3d2be/elements - {"using":"css selector","value":"#shell-header-logo"}
RESULT: {"using":"css selector","value":"#shell-header-logo"}
COMMAND: POST /session/a952926708249603da5cc69792e3d2be/elements - {"using":"css selector","value":"#shell-header-logo"}
RESULT: {"using":"css selector","value":"#shell-header-logo"}
COMMAND: POST /session/a952926708249603da5cc69792e3d2be/elements - {"using":"css selector","value":"#shell-header-logo"}
RESULT: {"using":"css selector","value":"#shell-header-logo"}
COMMAND: POST /session/a952926708249603da5cc69792e3d2be/elements - {"using":"css selector","value":"#shell-header-logo"}
RESULT: {"using":"css selector","value":"#shell-header-logo"}
COMMAND: POST /session/a952926708249603da5cc69792e3d2be/elements - {"using":"css selector","value":"#shell-header-logo"}
RESULT: {"using":"css selector","value":"#shell-header-logo"}
COMMAND: POST /session/a952926708249603da5cc69792e3d2be/elements - {"using":"css selector","value":"#shell-header-logo"}
RESULT: {"using":"css selector","value":"#shell-header-logo"}
COMMAND: POST /session/a952926708249603da5cc69792e3d2be/elements - {"using":"css selector","value":"#shell-header-logo"}
RESULT: {"using":"css selector","value":"#shell-header-logo"}
COMMAND: POST /session/a952926708249603da5cc69792e3d2be/elements - {"using":"css selector","value":"#shell-header-logo"}
RESULT: {"using":"css selector","value":"#shell-header-logo"}
COMMAND: POST /session/a952926708249603da5cc69792e3d2be/elements - {"using":"css selector","value":"#shell-header-logo"}
RESULT: {"using":"css selector","value":"#shell-header-logo"}
COMMAND: POST /session/a952926708249603da5cc69792e3d2be/elements - {"using":"css selector","value":"#shell-header-logo"}
RESULT: {"using":"css selector","value":"#shell-header-logo"}
COMMAND: POST /session/a952926708249603da5cc69792e3d2be/execute/async - {"script":"<script> [189 bytes]","args":[]}
RESULT: {"script":"<script> [189 bytes]","args":[]}
COMMAND: POST /session/a952926708249603da5cc69792e3d2be/execute/async - {"script":"<script> [123 bytes]","args":[]}
RESULT: {"script":"<script> [123 bytes]","args":[]}
COMMAND: POST /session/a952926708249603da5cc69792e3d2be/timeouts - {"script":"<number>"}
RESULT: {"script":"<number>"}
COMMAND: GET /session/a952926708249603da5cc69792e3d2be/timeouts - {}
RESULT: {}
RESULT: undefined
COMMAND: POST /session/a952926708249603da5cc69792e3d2be/execute/async - {"script":"<script> [2676 bytes]","args":[]}
RESULT: {"script":"<script> [2676 bytes]","args":[]}
COMMAND: POST /session/a952926708249603da5cc69792e3d2be/execute/async - {"script":"<script> [2342 bytes]","args":[{"protocol":"http","hostname":"0.0.0.0","path":"/","capabilities":{"browserName":"chrome","goog:chromeOptions":{"binary":"C:\\Program Files\\Google\\Chrome\\Application\\chrome.exe","args":["--start-maximized"]}},"logLevel":"warn","connectionRetryTimeout":120000,"connectionRetryCount":3,"logLevels":{},"enableDirectConnect":true,"strictSSL":true,"_":"65 more keys: [\"cacheDir\",\"port\",\"requestedCapabilities\",\"automationProtocol\",\"baseUrl\",\"waitforInterval\",\"waitforTimeout\",\"onReload\",\"beforeCommand\",\"afterCommand\",\"rootDir\",\"specs\",\"suites\",\"exclude\",\"groupLogsByTestSpec\",\"excludeDriverLogs\",\"bail\",\"framework\",\"reporters\",\"services\",\"maxInstances\",\"maxInstancesPerCapability\",\"injectGlobals\",\"filesToWatch\",\"execArgv\",\"runnerEnv\",\"runner\",\"shard\",\"specFileRetries\",\"specFileRetriesDelay\",\"specFileRetriesDeferred\",\"reporterSyncInterval\",\"reporterSyncTimeout\",\"cucumberFeaturesWithLineNumbers\",\"autoCompileOpts\",\"mochaOpts\",\"jasmineOpts\",\"cucumberOpts\",\"onPrepare\",\"onWorkerStart\",\"onWorkerEnd\",\"before\",\"beforeSession\",\"beforeSuite\",\"beforeHook\",\"beforeTest\",\"afterTest\",\"afterHook\",\"afterSuite\",\"afterSession\",\"after\",\"onComplete\",\"beforeAssertion\",\"afterAssertion\",\"beforeFeature\",\"beforeScenario\",\"beforeStep\",\"afterStep\",\"afterScenario\",\"afterFeature\",\"_\",\"suite\",\"$0\",\"ignoredWorkerServices\",\"wdi5\"]"}]}
COMMAND: POST /session/a952926708249603da5cc69792e3d2be/elements - {"using":"css selector","value":"#shell-header-logo"}
RESULT: {"script":"<script> [2342 bytes]","args":[{"protocol":"http","hostname":"0.0.0.0","path":"/","capabilities":{"browserName":"chrome","goog:chromeOptions":{"binary":"C:\\Program Files\\Google\\Chrome\\Application\\chrome.exe","args":["--start-maximized"]}},"logLevel":"warn","connectionRetryTimeout":120000,"connectionRetryCount":3,"logLevels":{},"enableDirectConnect":true,"strictSSL":true,"_":"65 more keys: [\"cacheDir\",\"port\",\"requestedCapabilities\",\"automationProtocol\",\"baseUrl\",\"waitforInterval\",\"waitforTimeout\",\"onReload\",\"beforeCommand\",\"afterCommand\",\"rootDir\",\"specs\",\"suites\",\"exclude\",\"groupLogsByTestSpec\",\"excludeDriverLogs\",\"bail\",\"framework\",\"reporters\",\"services\",\"maxInstances\",\"maxInstancesPerCapability\",\"injectGlobals\",\"filesToWatch\",\"execArgv\",\"runnerEnv\",\"runner\",\"shard\",\"specFileRetries\",\"specFileRetriesDelay\",\"specFileRetriesDeferred\",\"reporterSyncInterval\",\"reporterSyncTimeout\",\"cucumberFeaturesWithLineNumbers\",\"autoCompileOpts\",\"mochaOpts\",\"jasmineOpts\",\"cucumberOpts\",\"onPrepare\",\"onWorkerStart\",\"onWorkerEnd\",\"before\",\"beforeSession\",\"beforeSuite\",\"beforeHook\",\"beforeTest\",\"afterTest\",\"afterHook\",\"afterSuite\",\"afterSession\",\"after\",\"onComplete\",\"beforeAssertion\",\"afterAssertion\",\"beforeFeature\",\"beforeScenario\",\"beforeStep\",\"afterStep\",\"afterScenario\",\"afterFeature\",\"_\",\"suite\",\"$0\",\"ignoredWorkerServices\",\"wdi5\"]"}]}
COMMAND: POST /session/a952926708249603da5cc69792e3d2be/execute/async - {"script":"<script> [21126 bytes]","args":[35000]}
RESULT: {"using":"css selector","value":"#shell-header-logo"}
RESULT: {"script":"<script> [21126 bytes]","args":[35000]}
COMMAND: POST /session/a952926708249603da5cc69792e3d2be/elements - {"using":"css selector","value":"#shell-header-logo"}
RESULT: {"using":"css selector","value":"#shell-header-logo"}
COMMAND: POST /session/a952926708249603da5cc69792e3d2be/elements - {"using":"css selector","value":"#shell-header-logo"}
RESULT: {"using":"css selector","value":"#shell-header-logo"}
COMMAND: POST /session/a952926708249603da5cc69792e3d2be/elements - {"using":"css selector","value":"#shell-header-logo"}
RESULT: {"using":"css selector","value":"#shell-header-logo"}
COMMAND: POST /session/a952926708249603da5cc69792e3d2be/elements - {"using":"css selector","value":"#shell-header-logo"}
RESULT: {"using":"css selector","value":"#shell-header-logo"}
COMMAND: POST /session/a952926708249603da5cc69792e3d2be/elements - {"using":"css selector","value":"#shell-header-logo"}
RESULT: {"using":"css selector","value":"#shell-header-logo"}
COMMAND: POST /session/a952926708249603da5cc69792e3d2be/elements - {"using":"css selector","value":"#shell-header-logo"}
RESULT: {"using":"css selector","value":"#shell-header-logo"}
COMMAND: POST /session/a952926708249603da5cc69792e3d2be/elements - {"using":"css selector","value":"#shell-header-logo"}
RESULT: {"using":"css selector","value":"#shell-header-logo"}
COMMAND: POST /session/a952926708249603da5cc69792e3d2be/elements - {"using":"css selector","value":"#shell-header-logo"}
RESULT: {"using":"css selector","value":"#shell-header-logo"}
COMMAND: POST /session/a952926708249603da5cc69792e3d2be/elements - {"using":"css selector","value":"#shell-header-logo"}
RESULT: {"using":"css selector","value":"#shell-header-logo"}
COMMAND: POST /session/a952926708249603da5cc69792e3d2be/elements - {"using":"css selector","value":"#shell-header-logo"}
RESULT: {"using":"css selector","value":"#shell-header-logo"}
COMMAND: POST /session/a952926708249603da5cc69792e3d2be/window/fullscreen - {}
RESULT: {}
COMMAND: POST /session/a952926708249603da5cc69792e3d2be/window/fullscreen - {}
RESULT: {}
COMMAND: POST /session/a952926708249603da5cc69792e3d2be/execute/async - {"script":"<script> [1562 bytes]","args":[{"selector":{"controlType":"sap.m.GenericTile","properties":{"header":"Manage Partners"}},"wdio_ui5_key":"sapm.GenericTile{\"header\":\"Manage Partners\"}"}]}
COMMAND: POST /session/a952926708249603da5cc69792e3d2be/elements - {"using":"css selector","value":"#shell-header-logo"}
RESULT: {"script":"<script> [1562 bytes]","args":[{"selector":{"controlType":"sap.m.GenericTile","properties":{"header":"Manage Partners"}},"wdio_ui5_key":"sapm.GenericTile{\"header\":\"Manage Partners\"}"}]}
RESULT: undefined
COMMAND: POST /session/a952926708249603da5cc69792e3d2be/element - {"using":"xpath","value":"//button[@data-kt=\"addButton\"]"}
RESULT: {"using":"css selector","value":"#shell-header-logo"}
RESULT: {"using":"xpath","value":"//button[@data-kt=\"addButton\"]"}
COMMAND: POST /session/a952926708249603da5cc69792e3d2be/elements - {"using":"xpath","value":"//button[@data-kt=\"addButton\"]"}
RESULT: {"using":"xpath","value":"//button[@data-kt=\"addButton\"]"}
COMMAND: POST /session/a952926708249603da5cc69792e3d2be/elements - {"using":"css selector","value":"#shell-header-logo"}
RESULT: {"using":"css selector","value":"#shell-header-logo"}
COMMAND: POST /session/a952926708249603da5cc69792e3d2be/elements - {"using":"xpath","value":"//button[@data-kt=\"addButton\"]"}
RESULT: {"using":"xpath","value":"//button[@data-kt=\"addButton\"]"}
COMMAND: POST /session/a952926708249603da5cc69792e3d2be/elements - {"using":"css selector","value":"#shell-header-logo"}
RESULT: {"using":"css selector","value":"#shell-header-logo"}
COMMAND: POST /session/a952926708249603da5cc69792e3d2be/elements - {"using":"xpath","value":"//button[@data-kt=\"addButton\"]"}
RESULT: {"using":"xpath","value":"//button[@data-kt=\"addButton\"]"}
COMMAND: POST /session/a952926708249603da5cc69792e3d2be/elements - {"using":"css selector","value":"#shell-header-logo"}
RESULT: {"using":"css selector","value":"#shell-header-logo"}
COMMAND: POST /session/a952926708249603da5cc69792e3d2be/elements - {"using":"xpath","value":"//button[@data-kt=\"addButton\"]"}
RESULT: {"using":"xpath","value":"//button[@data-kt=\"addButton\"]"}
COMMAND: POST /session/a952926708249603da5cc69792e3d2be/elements - {"using":"css selector","value":"#shell-header-logo"}
RESULT: {"using":"css selector","value":"#shell-header-logo"}
COMMAND: POST /session/a952926708249603da5cc69792e3d2be/elements - {"using":"xpath","value":"//button[@data-kt=\"addButton\"]"}
RESULT: {"using":"xpath","value":"//button[@data-kt=\"addButton\"]"}
COMMAND: POST /session/a952926708249603da5cc69792e3d2be/elements - {"using":"css selector","value":"#shell-header-logo"}
RESULT: {"using":"css selector","value":"#shell-header-logo"}
COMMAND: POST /session/a952926708249603da5cc69792e3d2be/elements - {"using":"xpath","value":"//button[@data-kt=\"addButton\"]"}
RESULT: {"using":"xpath","value":"//button[@data-kt=\"addButton\"]"}
COMMAND: POST /session/a952926708249603da5cc69792e3d2be/elements - {"using":"css selector","value":"#shell-header-logo"}
RESULT: {"using":"css selector","value":"#shell-header-logo"}
COMMAND: POST /session/a952926708249603da5cc69792e3d2be/elements - {"using":"xpath","value":"//button[@data-kt=\"addButton\"]"}
RESULT: {"using":"xpath","value":"//button[@data-kt=\"addButton\"]"}
COMMAND: POST /session/a952926708249603da5cc69792e3d2be/elements - {"using":"css selector","value":"#shell-header-logo"}
RESULT: {"using":"css selector","value":"#shell-header-logo"}
COMMAND: POST /session/a952926708249603da5cc69792e3d2be/elements - {"using":"xpath","value":"//button[@data-kt=\"addButton\"]"}
RESULT: {"using":"xpath","value":"//button[@data-kt=\"addButton\"]"}
COMMAND: POST /session/a952926708249603da5cc69792e3d2be/elements - {"using":"css selector","value":"#shell-header-logo"}
RESULT: {"using":"css selector","value":"#shell-header-logo"}
COMMAND: POST /session/a952926708249603da5cc69792e3d2be/elements - {"using":"xpath","value":"//button[@data-kt=\"addButton\"]"}
RESULT: {"using":"xpath","value":"//button[@data-kt=\"addButton\"]"}
COMMAND: POST /session/a952926708249603da5cc69792e3d2be/elements - {"using":"css selector","value":"#shell-header-logo"}
RESULT: {"using":"css selector","value":"#shell-header-logo"}
COMMAND: POST /session/a952926708249603da5cc69792e3d2be/elements - {"using":"xpath","value":"//button[@data-kt=\"addButton\"]"}
RESULT: {"using":"xpath","value":"//button[@data-kt=\"addButton\"]"}
COMMAND: POST /session/a952926708249603da5cc69792e3d2be/elements - {"using":"css selector","value":"#shell-header-logo"}
RESULT: {"using":"css selector","value":"#shell-header-logo"}
COMMAND: POST /session/a952926708249603da5cc69792e3d2be/elements - {"using":"xpath","value":"//button[@data-kt=\"addButton\"]"}
RESULT: {"using":"xpath","value":"//button[@data-kt=\"addButton\"]"}
COMMAND: POST /session/a952926708249603da5cc69792e3d2be/elements - {"using":"css selector","value":"#shell-header-logo"}
RESULT: {"using":"css selector","value":"#shell-header-logo"}
COMMAND: POST /session/a952926708249603da5cc69792e3d2be/elements - {"using":"xpath","value":"//button[@data-kt=\"addButton\"]"}
RESULT: {"using":"xpath","value":"//button[@data-kt=\"addButton\"]"}
COMMAND: POST /session/a952926708249603da5cc69792e3d2be/elements - {"using":"css selector","value":"#shell-header-logo"}
RESULT: {"using":"css selector","value":"#shell-header-logo"}
COMMAND: POST /session/a952926708249603da5cc69792e3d2be/elements - {"using":"xpath","value":"//button[@data-kt=\"addButton\"]"}
RESULT: {"using":"xpath","value":"//button[@data-kt=\"addButton\"]"}
COMMAND: POST /session/a952926708249603da5cc69792e3d2be/elements - {"using":"css selector","value":"#shell-header-logo"}
RESULT: {"using":"css selector","value":"#shell-header-logo"}
COMMAND: POST /session/a952926708249603da5cc69792e3d2be/elements - {"using":"xpath","value":"//button[@data-kt=\"addButton\"]"}
RESULT: {"using":"xpath","value":"//button[@data-kt=\"addButton\"]"}
COMMAND: POST /session/a952926708249603da5cc69792e3d2be/elements - {"using":"css selector","value":"#shell-header-logo"}
RESULT: {"using":"css selector","value":"#shell-header-logo"}
COMMAND: POST /session/a952926708249603da5cc69792e3d2be/elements - {"using":"xpath","value":"//button[@data-kt=\"addButton\"]"}
RESULT: {"using":"xpath","value":"//button[@data-kt=\"addButton\"]"}
COMMAND: POST /session/a952926708249603da5cc69792e3d2be/elements - {"using":"css selector","value":"#shell-header-logo"}
RESULT: {"using":"css selector","value":"#shell-header-logo"}
COMMAND: POST /session/a952926708249603da5cc69792e3d2be/elements - {"using":"xpath","value":"//button[@data-kt=\"addButton\"]"}
RESULT: {"using":"xpath","value":"//button[@data-kt=\"addButton\"]"}
COMMAND: POST /session/a952926708249603da5cc69792e3d2be/elements - {"using":"css selector","value":"#shell-header-logo"}
RESULT: {"using":"css selector","value":"#shell-header-logo"}
COMMAND: POST /session/a952926708249603da5cc69792e3d2be/elements - {"using":"xpath","value":"//button[@data-kt=\"addButton\"]"}
RESULT: {"using":"xpath","value":"//button[@data-kt=\"addButton\"]"}
COMMAND: POST /session/a952926708249603da5cc69792e3d2be/elements - {"using":"css selector","value":"#shell-header-logo"}
RESULT: {"using":"css selector","value":"#shell-header-logo"}
COMMAND: POST /session/a952926708249603da5cc69792e3d2be/elements - {"using":"xpath","value":"//button[@data-kt=\"addButton\"]"}
RESULT: {"using":"xpath","value":"//button[@data-kt=\"addButton\"]"}
COMMAND: POST /session/a952926708249603da5cc69792e3d2be/elements - {"using":"css selector","value":"#shell-header-logo"}
RESULT: {"using":"css selector","value":"#shell-header-logo"}
COMMAND: POST /session/a952926708249603da5cc69792e3d2be/elements - {"using":"xpath","value":"//button[@data-kt=\"addButton\"]"}
RESULT: {"using":"xpath","value":"//button[@data-kt=\"addButton\"]"}
COMMAND: POST /session/a952926708249603da5cc69792e3d2be/elements - {"using":"css selector","value":"#shell-header-logo"}
RESULT: {"using":"css selector","value":"#shell-header-logo"}
COMMAND: POST /session/a952926708249603da5cc69792e3d2be/elements - {"using":"xpath","value":"//button[@data-kt=\"addButton\"]"}
RESULT: {"using":"xpath","value":"//button[@data-kt=\"addButton\"]"}
COMMAND: POST /session/a952926708249603da5cc69792e3d2be/elements - {"using":"css selector","value":"#shell-header-logo"}
RESULT: {"using":"css selector","value":"#shell-header-logo"}
COMMAND: POST /session/a952926708249603da5cc69792e3d2be/elements - {"using":"xpath","value":"//button[@data-kt=\"addButton\"]"}
RESULT: {"using":"xpath","value":"//button[@data-kt=\"addButton\"]"}
COMMAND: POST /session/a952926708249603da5cc69792e3d2be/elements - {"using":"css selector","value":"#shell-header-logo"}
RESULT: {"using":"css selector","value":"#shell-header-logo"}
COMMAND: POST /session/a952926708249603da5cc69792e3d2be/elements - {"using":"xpath","value":"//button[@data-kt=\"addButton\"]"}
RESULT: {"using":"xpath","value":"//button[@data-kt=\"addButton\"]"}
COMMAND: POST /session/a952926708249603da5cc69792e3d2be/elements - {"using":"css selector","value":"#shell-header-logo"}
RESULT: {"using":"css selector","value":"#shell-header-logo"}
COMMAND: POST /session/a952926708249603da5cc69792e3d2be/elements - {"using":"xpath","value":"//button[@data-kt=\"addButton\"]"}
RESULT: {"using":"xpath","value":"//button[@data-kt=\"addButton\"]"}
COMMAND: POST /session/a952926708249603da5cc69792e3d2be/elements - {"using":"css selector","value":"#shell-header-logo"}
RESULT: {"using":"css selector","value":"#shell-header-logo"}
COMMAND: POST /session/a952926708249603da5cc69792e3d2be/elements - {"using":"xpath","value":"//button[@data-kt=\"addButton\"]"}
RESULT: {"using":"xpath","value":"//button[@data-kt=\"addButton\"]"}
COMMAND: POST /session/a952926708249603da5cc69792e3d2be/elements - {"using":"css selector","value":"#shell-header-logo"}
RESULT: {"using":"css selector","value":"#shell-header-logo"}
COMMAND: POST /session/a952926708249603da5cc69792e3d2be/elements - {"using":"xpath","value":"//button[@data-kt=\"addButton\"]"}
RESULT: {"using":"xpath","value":"//button[@data-kt=\"addButton\"]"}
COMMAND: POST /session/a952926708249603da5cc69792e3d2be/elements - {"using":"css selector","value":"#shell-header-logo"}
RESULT: {"using":"css selector","value":"#shell-header-logo"}
COMMAND: POST /session/a952926708249603da5cc69792e3d2be/elements - {"using":"xpath","value":"//button[@data-kt=\"addButton\"]"}
RESULT: {"using":"xpath","value":"//button[@data-kt=\"addButton\"]"}
COMMAND: POST /session/a952926708249603da5cc69792e3d2be/elements - {"using":"css selector","value":"#shell-header-logo"}
RESULT: {"using":"css selector","value":"#shell-header-logo"}
COMMAND: POST /session/a952926708249603da5cc69792e3d2be/elements - {"using":"xpath","value":"//button[@data-kt=\"addButton\"]"}
RESULT: {"using":"xpath","value":"//button[@data-kt=\"addButton\"]"}
COMMAND: POST /session/a952926708249603da5cc69792e3d2be/elements - {"using":"css selector","value":"#shell-header-logo"}
RESULT: {"using":"css selector","value":"#shell-header-logo"}
COMMAND: POST /session/a952926708249603da5cc69792e3d2be/elements - {"using":"xpath","value":"//button[@data-kt=\"addButton\"]"}
RESULT: {"using":"xpath","value":"//button[@data-kt=\"addButton\"]"}
COMMAND: POST /session/a952926708249603da5cc69792e3d2be/elements - {"using":"css selector","value":"#shell-header-logo"}
RESULT: {"using":"css selector","value":"#shell-header-logo"}
COMMAND: POST /session/a952926708249603da5cc69792e3d2be/elements - {"using":"xpath","value":"//button[@data-kt=\"addButton\"]"}
RESULT: {"using":"xpath","value":"//button[@data-kt=\"addButton\"]"}
COMMAND: POST /session/a952926708249603da5cc69792e3d2be/elements - {"using":"css selector","value":"#shell-header-logo"}
RESULT: {"using":"css selector","value":"#shell-header-logo"}
COMMAND: POST /session/a952926708249603da5cc69792e3d2be/elements - {"using":"xpath","value":"//button[@data-kt=\"addButton\"]"}
RESULT: {"using":"xpath","value":"//button[@data-kt=\"addButton\"]"}
COMMAND: POST /session/a952926708249603da5cc69792e3d2be/elements - {"using":"css selector","value":"#shell-header-logo"}
RESULT: {"using":"css selector","value":"#shell-header-logo"}
COMMAND: POST /session/a952926708249603da5cc69792e3d2be/elements - {"using":"xpath","value":"//button[@data-kt=\"addButton\"]"}
RESULT: {"using":"xpath","value":"//button[@data-kt=\"addButton\"]"}
COMMAND: POST /session/a952926708249603da5cc69792e3d2be/elements - {"using":"css selector","value":"#shell-header-logo"}
RESULT: {"using":"css selector","value":"#shell-header-logo"}
COMMAND: POST /session/a952926708249603da5cc69792e3d2be/elements - {"using":"xpath","value":"//button[@data-kt=\"addButton\"]"}
RESULT: {"using":"xpath","value":"//button[@data-kt=\"addButton\"]"}
COMMAND: POST /session/a952926708249603da5cc69792e3d2be/elements - {"using":"css selector","value":"#shell-header-logo"}
RESULT: {"using":"css selector","value":"#shell-header-logo"}
COMMAND: POST /session/a952926708249603da5cc69792e3d2be/elements - {"using":"xpath","value":"//button[@data-kt=\"addButton\"]"}
RESULT: {"using":"xpath","value":"//button[@data-kt=\"addButton\"]"}
COMMAND: POST /session/a952926708249603da5cc69792e3d2be/elements - {"using":"css selector","value":"#shell-header-logo"}
RESULT: {"using":"css selector","value":"#shell-header-logo"}
COMMAND: POST /session/a952926708249603da5cc69792e3d2be/elements - {"using":"xpath","value":"//button[@data-kt=\"addButton\"]"}
RESULT: {"using":"xpath","value":"//button[@data-kt=\"addButton\"]"}
COMMAND: POST /session/a952926708249603da5cc69792e3d2be/elements - {"using":"css selector","value":"#shell-header-logo"}
RESULT: {"using":"css selector","value":"#shell-header-logo"}
COMMAND: POST /session/a952926708249603da5cc69792e3d2be/elements - {"using":"xpath","value":"//button[@data-kt=\"addButton\"]"}
RESULT: {"using":"xpath","value":"//button[@data-kt=\"addButton\"]"}
COMMAND: POST /session/a952926708249603da5cc69792e3d2be/elements - {"using":"css selector","value":"#shell-header-logo"}
RESULT: {"using":"css selector","value":"#shell-header-logo"}
COMMAND: POST /session/a952926708249603da5cc69792e3d2be/elements - {"using":"xpath","value":"//button[@data-kt=\"addButton\"]"}
RESULT: {"using":"xpath","value":"//button[@data-kt=\"addButton\"]"}
COMMAND: POST /session/a952926708249603da5cc69792e3d2be/elements - {"using":"xpath","value":"//button[@data-kt=\"addButton\"]"}
RESULT: {"using":"xpath","value":"//button[@data-kt=\"addButton\"]"}
COMMAND: POST /session/a952926708249603da5cc69792e3d2be/elements - {"using":"xpath","value":"//button[@data-kt=\"addButton\"]"}
RESULT: {"using":"xpath","value":"//button[@data-kt=\"addButton\"]"}
COMMAND: POST /session/a952926708249603da5cc69792e3d2be/elements - {"using":"xpath","value":"//button[@data-kt=\"addButton\"]"}
RESULT: {"using":"xpath","value":"//button[@data-kt=\"addButton\"]"}
COMMAND: POST /session/a952926708249603da5cc69792e3d2be/elements - {"using":"xpath","value":"//button[@data-kt=\"addButton\"]"}
RESULT: {"using":"xpath","value":"//button[@data-kt=\"addButton\"]"}
COMMAND: POST /session/a952926708249603da5cc69792e3d2be/elements - {"using":"xpath","value":"//button[@data-kt=\"addButton\"]"}
RESULT: {"using":"xpath","value":"//button[@data-kt=\"addButton\"]"}
COMMAND: POST /session/a952926708249603da5cc69792e3d2be/elements - {"using":"xpath","value":"//button[@data-kt=\"addButton\"]"}
RESULT: {"using":"xpath","value":"//button[@data-kt=\"addButton\"]"}
COMMAND: POST /session/a952926708249603da5cc69792e3d2be/elements - {"using":"xpath","value":"//button[@data-kt=\"addButton\"]"}
RESULT: {"using":"xpath","value":"//button[@data-kt=\"addButton\"]"}
COMMAND: POST /session/a952926708249603da5cc69792e3d2be/elements - {"using":"xpath","value":"//button[@data-kt=\"addButton\"]"}
RESULT: {"using":"xpath","value":"//button[@data-kt=\"addButton\"]"}
COMMAND: POST /session/a952926708249603da5cc69792e3d2be/elements - {"using":"xpath","value":"//button[@data-kt=\"addButton\"]"}
RESULT: {"using":"xpath","value":"//button[@data-kt=\"addButton\"]"}
COMMAND: POST /session/a952926708249603da5cc69792e3d2be/elements - {"using":"xpath","value":"//button[@data-kt=\"addButton\"]"}
RESULT: {"using":"xpath","value":"//button[@data-kt=\"addButton\"]"}
COMMAND: POST /session/a952926708249603da5cc69792e3d2be/elements - {"using":"xpath","value":"//button[@data-kt=\"addButton\"]"}
RESULT: {"using":"xpath","value":"//button[@data-kt=\"addButton\"]"}
COMMAND: POST /session/a952926708249603da5cc69792e3d2be/elements - {"using":"xpath","value":"//button[@data-kt=\"addButton\"]"}
RESULT: {"using":"xpath","value":"//button[@data-kt=\"addButton\"]"}
COMMAND: POST /session/a952926708249603da5cc69792e3d2be/elements - {"using":"xpath","value":"//button[@data-kt=\"addButton\"]"}
RESULT: {"using":"xpath","value":"//button[@data-kt=\"addButton\"]"}
COMMAND: POST /session/a952926708249603da5cc69792e3d2be/elements - {"using":"xpath","value":"//button[@data-kt=\"addButton\"]"}
RESULT: {"using":"xpath","value":"//button[@data-kt=\"addButton\"]"}
COMMAND: POST /session/a952926708249603da5cc69792e3d2be/elements - {"using":"xpath","value":"//button[@data-kt=\"addButton\"]"}
RESULT: {"using":"xpath","value":"//button[@data-kt=\"addButton\"]"}
COMMAND: POST /session/a952926708249603da5cc69792e3d2be/elements - {"using":"xpath","value":"//button[@data-kt=\"addButton\"]"}
RESULT: {"using":"xpath","value":"//button[@data-kt=\"addButton\"]"}
COMMAND: POST /session/a952926708249603da5cc69792e3d2be/elements - {"using":"xpath","value":"//button[@data-kt=\"addButton\"]"}
RESULT: {"using":"xpath","value":"//button[@data-kt=\"addButton\"]"}
COMMAND: POST /session/a952926708249603da5cc69792e3d2be/elements - {"using":"xpath","value":"//button[@data-kt=\"addButton\"]"}
RESULT: {"using":"xpath","value":"//button[@data-kt=\"addButton\"]"}
COMMAND: POST /session/a952926708249603da5cc69792e3d2be/elements - {"using":"xpath","value":"//button[@data-kt=\"addButton\"]"}
RESULT: {"using":"xpath","value":"//button[@data-kt=\"addButton\"]"}
COMMAND: POST /session/a952926708249603da5cc69792e3d2be/elements - {"using":"xpath","value":"//button[@data-kt=\"addButton\"]"}
RESULT: {"using":"xpath","value":"//button[@data-kt=\"addButton\"]"}
COMMAND: POST /session/a952926708249603da5cc69792e3d2be/elements - {"using":"xpath","value":"//button[@data-kt=\"addButton\"]"}
RESULT: {"using":"xpath","value":"//button[@data-kt=\"addButton\"]"}
COMMAND: POST /session/a952926708249603da5cc69792e3d2be/elements - {"using":"xpath","value":"//button[@data-kt=\"addButton\"]"}
RESULT: {"using":"xpath","value":"//button[@data-kt=\"addButton\"]"}
COMMAND: POST /session/a952926708249603da5cc69792e3d2be/elements - {"using":"xpath","value":"//button[@data-kt=\"addButton\"]"}
RESULT: {"using":"xpath","value":"//button[@data-kt=\"addButton\"]"}
COMMAND: POST /session/a952926708249603da5cc69792e3d2be/elements - {"using":"xpath","value":"//button[@data-kt=\"addButton\"]"}
RESULT: {"using":"xpath","value":"//button[@data-kt=\"addButton\"]"}
COMMAND: POST /session/a952926708249603da5cc69792e3d2be/elements - {"using":"xpath","value":"//button[@data-kt=\"addButton\"]"}
RESULT: {"using":"xpath","value":"//button[@data-kt=\"addButton\"]"}
COMMAND: POST /session/a952926708249603da5cc69792e3d2be/elements - {"using":"xpath","value":"//button[@data-kt=\"addButton\"]"}
RESULT: {"using":"xpath","value":"//button[@data-kt=\"addButton\"]"}
COMMAND: POST /session/a952926708249603da5cc69792e3d2be/elements - {"using":"xpath","value":"//button[@data-kt=\"addButton\"]"}
RESULT: {"using":"xpath","value":"//button[@data-kt=\"addButton\"]"}
COMMAND: POST /session/a952926708249603da5cc69792e3d2be/elements - {"using":"xpath","value":"//button[@data-kt=\"addButton\"]"}
RESULT: {"using":"xpath","value":"//button[@data-kt=\"addButton\"]"}
COMMAND: POST /session/a952926708249603da5cc69792e3d2be/elements - {"using":"xpath","value":"//button[@data-kt=\"addButton\"]"}
RESULT: {"using":"xpath","value":"//button[@data-kt=\"addButton\"]"}
COMMAND: POST /session/a952926708249603da5cc69792e3d2be/elements - {"using":"xpath","value":"//button[@data-kt=\"addButton\"]"}
RESULT: {"using":"xpath","value":"//button[@data-kt=\"addButton\"]"}
COMMAND: POST /session/a952926708249603da5cc69792e3d2be/elements - {"using":"xpath","value":"//button[@data-kt=\"addButton\"]"}
RESULT: {"using":"xpath","value":"//button[@data-kt=\"addButton\"]"}
COMMAND: POST /session/a952926708249603da5cc69792e3d2be/elements - {"using":"xpath","value":"//button[@data-kt=\"addButton\"]"}
RESULT: {"using":"xpath","value":"//button[@data-kt=\"addButton\"]"}
COMMAND: POST /session/a952926708249603da5cc69792e3d2be/elements - {"using":"xpath","value":"//button[@data-kt=\"addButton\"]"}
RESULT: {"using":"xpath","value":"//button[@data-kt=\"addButton\"]"}
COMMAND: POST /session/a952926708249603da5cc69792e3d2be/elements - {"using":"xpath","value":"//button[@data-kt=\"addButton\"]"}
RESULT: {"using":"xpath","value":"//button[@data-kt=\"addButton\"]"}
COMMAND: POST /session/a952926708249603da5cc69792e3d2be/elements - {"using":"xpath","value":"//button[@data-kt=\"addButton\"]"}
RESULT: {"using":"xpath","value":"//button[@data-kt=\"addButton\"]"}
COMMAND: POST /session/a952926708249603da5cc69792e3d2be/elements - {"using":"xpath","value":"//button[@data-kt=\"addButton\"]"}
RESULT: {"using":"xpath","value":"//button[@data-kt=\"addButton\"]"}
COMMAND: POST /session/a952926708249603da5cc69792e3d2be/elements - {"using":"xpath","value":"//button[@data-kt=\"addButton\"]"}
RESULT: {"using":"xpath","value":"//button[@data-kt=\"addButton\"]"}
COMMAND: POST /session/a952926708249603da5cc69792e3d2be/elements - {"using":"xpath","value":"//button[@data-kt=\"addButton\"]"}
RESULT: {"using":"xpath","value":"//button[@data-kt=\"addButton\"]"}
COMMAND: POST /session/a952926708249603da5cc69792e3d2be/elements - {"using":"xpath","value":"//button[@data-kt=\"addButton\"]"}
RESULT: {"using":"xpath","value":"//button[@data-kt=\"addButton\"]"}
COMMAND: POST /session/a952926708249603da5cc69792e3d2be/elements - {"using":"xpath","value":"//button[@data-kt=\"addButton\"]"}
RESULT: {"using":"xpath","value":"//button[@data-kt=\"addButton\"]"}
COMMAND: POST /session/a952926708249603da5cc69792e3d2be/elements - {"using":"xpath","value":"//button[@data-kt=\"addButton\"]"}
RESULT: {"using":"xpath","value":"//button[@data-kt=\"addButton\"]"}
COMMAND: POST /session/a952926708249603da5cc69792e3d2be/elements - {"using":"xpath","value":"//button[@data-kt=\"addButton\"]"}
RESULT: {"using":"xpath","value":"//button[@data-kt=\"addButton\"]"}
COMMAND: POST /session/a952926708249603da5cc69792e3d2be/elements - {"using":"xpath","value":"//button[@data-kt=\"addButton\"]"}
RESULT: {"using":"xpath","value":"//button[@data-kt=\"addButton\"]"}
COMMAND: POST /session/a952926708249603da5cc69792e3d2be/elements - {"using":"xpath","value":"//button[@data-kt=\"addButton\"]"}
RESULT: {"using":"xpath","value":"//button[@data-kt=\"addButton\"]"}
COMMAND: POST /session/a952926708249603da5cc69792e3d2be/elements - {"using":"xpath","value":"//button[@data-kt=\"addButton\"]"}
RESULT: {"using":"xpath","value":"//button[@data-kt=\"addButton\"]"}
COMMAND: POST /session/a952926708249603da5cc69792e3d2be/elements - {"using":"xpath","value":"//button[@data-kt=\"addButton\"]"}
RESULT: {"using":"xpath","value":"//button[@data-kt=\"addButton\"]"}
COMMAND: POST /session/a952926708249603da5cc69792e3d2be/elements - {"using":"xpath","value":"//button[@data-kt=\"addButton\"]"}
RESULT: {"using":"xpath","value":"//button[@data-kt=\"addButton\"]"}
COMMAND: POST /session/a952926708249603da5cc69792e3d2be/elements - {"using":"xpath","value":"//button[@data-kt=\"addButton\"]"}
RESULT: {"using":"xpath","value":"//button[@data-kt=\"addButton\"]"}
COMMAND: POST /session/a952926708249603da5cc69792e3d2be/elements - {"using":"xpath","value":"//button[@data-kt=\"addButton\"]"}
RESULT: {"using":"xpath","value":"//button[@data-kt=\"addButton\"]"}
COMMAND: POST /session/a952926708249603da5cc69792e3d2be/elements - {"using":"xpath","value":"//button[@data-kt=\"addButton\"]"}
RESULT: {"using":"xpath","value":"//button[@data-kt=\"addButton\"]"}
COMMAND: POST /session/a952926708249603da5cc69792e3d2be/elements - {"using":"xpath","value":"//button[@data-kt=\"addButton\"]"}
RESULT: {"using":"xpath","value":"//button[@data-kt=\"addButton\"]"}
COMMAND: POST /session/a952926708249603da5cc69792e3d2be/elements - {"using":"xpath","value":"//button[@data-kt=\"addButton\"]"}
RESULT: {"using":"xpath","value":"//button[@data-kt=\"addButton\"]"}
COMMAND: POST /session/a952926708249603da5cc69792e3d2be/elements - {"using":"xpath","value":"//button[@data-kt=\"addButton\"]"}
RESULT: {"using":"xpath","value":"//button[@data-kt=\"addButton\"]"}
COMMAND: POST /session/a952926708249603da5cc69792e3d2be/elements - {"using":"xpath","value":"//button[@data-kt=\"addButton\"]"}
RESULT: {"using":"xpath","value":"//button[@data-kt=\"addButton\"]"}
COMMAND: GET /session/a952926708249603da5cc69792e3d2be/screenshot - {}
RESULT: {}
]]></system-out>
      <system-err><![CDATA[
Error: element ("//button[@data-kt="addButton"]") still not existing after 45000ms
    at async UtilsPrerequisites.partnerCreation (D:\a\1\s\test\specs\BTS\prerequisites-and-utils-functions.js:387:9)
    at async Context.<anonymous> (D:\a\1\s\test\specs\BTS\manage-partners.spec.js:355:44)
]]></system-err>
    </testcase>
    <testcase classname="chrome.136_0_7103_49.windows.Partner_specific_tests_US150819_US151080_US151654_US151176_US103444_US151078_US151079_US151109_US151174_US151175_US151189" name="Should create a new intracompany partner edit some of its fields US151079" time="88.06">
      <skipped />
      <system-out><![CDATA[
COMMAND: GET /session/a952926708249603da5cc69792e3d2be/screenshot - {}
COMMAND: POST /session/a952926708249603da5cc69792e3d2be/element - {"using":"xpath","value":"//li[.//span[text()=\"Manage Partners\"]]"}
RESULT: {}
RESULT: {"using":"xpath","value":"//li[.//span[text()=\"Manage Partners\"]]"}
COMMAND: POST /session/a952926708249603da5cc69792e3d2be/element - {"using":"xpath","value":"//li[.//span[text()=\"Manage Partners\"]]"}
RESULT: {"using":"xpath","value":"//li[.//span[text()=\"Manage Partners\"]]"}
COMMAND: POST /session/a952926708249603da5cc69792e3d2be/element - {"using":"css selector","value":"#shell-header-logo"}
RESULT: {"using":"css selector","value":"#shell-header-logo"}
COMMAND: POST /session/a952926708249603da5cc69792e3d2be/elements - {"using":"css selector","value":"#shell-header-logo"}
COMMAND: POST /session/a952926708249603da5cc69792e3d2be/element - {"using":"css selector","value":"#shell-header-logo"}
RESULT: {"using":"css selector","value":"#shell-header-logo"}
RESULT: {"using":"css selector","value":"#shell-header-logo"}
COMMAND: POST /session/a952926708249603da5cc69792e3d2be/elements - {"using":"css selector","value":"#shell-header-logo"}
RESULT: {"using":"css selector","value":"#shell-header-logo"}
COMMAND: POST /session/a952926708249603da5cc69792e3d2be/elements - {"using":"css selector","value":"#shell-header-logo"}
RESULT: {"using":"css selector","value":"#shell-header-logo"}
COMMAND: POST /session/a952926708249603da5cc69792e3d2be/elements - {"using":"css selector","value":"#shell-header-logo"}
RESULT: {"using":"css selector","value":"#shell-header-logo"}
COMMAND: POST /session/a952926708249603da5cc69792e3d2be/elements - {"using":"css selector","value":"#shell-header-logo"}
RESULT: {"using":"css selector","value":"#shell-header-logo"}
COMMAND: POST /session/a952926708249603da5cc69792e3d2be/elements - {"using":"css selector","value":"#shell-header-logo"}
RESULT: {"using":"css selector","value":"#shell-header-logo"}
COMMAND: POST /session/a952926708249603da5cc69792e3d2be/elements - {"using":"css selector","value":"#shell-header-logo"}
RESULT: {"using":"css selector","value":"#shell-header-logo"}
COMMAND: POST /session/a952926708249603da5cc69792e3d2be/elements - {"using":"css selector","value":"#shell-header-logo"}
RESULT: {"using":"css selector","value":"#shell-header-logo"}
COMMAND: POST /session/a952926708249603da5cc69792e3d2be/elements - {"using":"css selector","value":"#shell-header-logo"}
RESULT: {"using":"css selector","value":"#shell-header-logo"}
COMMAND: POST /session/a952926708249603da5cc69792e3d2be/elements - {"using":"css selector","value":"#shell-header-logo"}
RESULT: {"using":"css selector","value":"#shell-header-logo"}
COMMAND: POST /session/a952926708249603da5cc69792e3d2be/elements - {"using":"css selector","value":"#shell-header-logo"}
RESULT: {"using":"css selector","value":"#shell-header-logo"}
COMMAND: POST /session/a952926708249603da5cc69792e3d2be/elements - {"using":"css selector","value":"#shell-header-logo"}
RESULT: {"using":"css selector","value":"#shell-header-logo"}
COMMAND: POST /session/a952926708249603da5cc69792e3d2be/elements - {"using":"css selector","value":"#shell-header-logo"}
RESULT: {"using":"css selector","value":"#shell-header-logo"}
COMMAND: POST /session/a952926708249603da5cc69792e3d2be/elements - {"using":"css selector","value":"#shell-header-logo"}
RESULT: {"using":"css selector","value":"#shell-header-logo"}
COMMAND: POST /session/a952926708249603da5cc69792e3d2be/elements - {"using":"css selector","value":"#shell-header-logo"}
RESULT: {"using":"css selector","value":"#shell-header-logo"}
COMMAND: POST /session/a952926708249603da5cc69792e3d2be/elements - {"using":"css selector","value":"#shell-header-logo"}
RESULT: {"using":"css selector","value":"#shell-header-logo"}
COMMAND: POST /session/a952926708249603da5cc69792e3d2be/elements - {"using":"css selector","value":"#shell-header-logo"}
RESULT: {"using":"css selector","value":"#shell-header-logo"}
COMMAND: POST /session/a952926708249603da5cc69792e3d2be/elements - {"using":"css selector","value":"#shell-header-logo"}
RESULT: {"using":"css selector","value":"#shell-header-logo"}
COMMAND: POST /session/a952926708249603da5cc69792e3d2be/elements - {"using":"css selector","value":"#shell-header-logo"}
RESULT: {"using":"css selector","value":"#shell-header-logo"}
COMMAND: POST /session/a952926708249603da5cc69792e3d2be/elements - {"using":"css selector","value":"#shell-header-logo"}
RESULT: {"using":"css selector","value":"#shell-header-logo"}
COMMAND: POST /session/a952926708249603da5cc69792e3d2be/elements - {"using":"css selector","value":"#shell-header-logo"}
COMMAND: POST /session/a952926708249603da5cc69792e3d2be/refresh - {}
RESULT: {"using":"css selector","value":"#shell-header-logo"}
COMMAND: POST /session/a952926708249603da5cc69792e3d2be/elements - {"using":"css selector","value":"#shell-header-logo"}
RESULT: {}
COMMAND: GET /session/a952926708249603da5cc69792e3d2be/screenshot - {}
RESULT: {"using":"css selector","value":"#shell-header-logo"}
COMMAND: POST /session/a952926708249603da5cc69792e3d2be/elements - {"using":"css selector","value":"#shell-header-logo"}
RESULT: {}
RESULT: {"using":"css selector","value":"#shell-header-logo"}
COMMAND: POST /session/a952926708249603da5cc69792e3d2be/elements - {"using":"css selector","value":"#shell-header-logo"}
RESULT: {"using":"css selector","value":"#shell-header-logo"}
COMMAND: POST /session/a952926708249603da5cc69792e3d2be/elements - {"using":"css selector","value":"#shell-header-logo"}
RESULT: {"using":"css selector","value":"#shell-header-logo"}
COMMAND: POST /session/a952926708249603da5cc69792e3d2be/elements - {"using":"css selector","value":"#shell-header-logo"}
RESULT: {"using":"css selector","value":"#shell-header-logo"}
COMMAND: POST /session/a952926708249603da5cc69792e3d2be/elements - {"using":"css selector","value":"#shell-header-logo"}
RESULT: {"using":"css selector","value":"#shell-header-logo"}
COMMAND: POST /session/a952926708249603da5cc69792e3d2be/elements - {"using":"css selector","value":"#shell-header-logo"}
RESULT: {"using":"css selector","value":"#shell-header-logo"}
COMMAND: POST /session/a952926708249603da5cc69792e3d2be/elements - {"using":"css selector","value":"#shell-header-logo"}
RESULT: {"using":"css selector","value":"#shell-header-logo"}
COMMAND: POST /session/a952926708249603da5cc69792e3d2be/elements - {"using":"css selector","value":"#shell-header-logo"}
RESULT: {"using":"css selector","value":"#shell-header-logo"}
COMMAND: POST /session/a952926708249603da5cc69792e3d2be/elements - {"using":"css selector","value":"#shell-header-logo"}
RESULT: {"using":"css selector","value":"#shell-header-logo"}
COMMAND: POST /session/a952926708249603da5cc69792e3d2be/elements - {"using":"css selector","value":"#shell-header-logo"}
RESULT: {"using":"css selector","value":"#shell-header-logo"}
COMMAND: POST /session/a952926708249603da5cc69792e3d2be/elements - {"using":"css selector","value":"#shell-header-logo"}
RESULT: {"using":"css selector","value":"#shell-header-logo"}
COMMAND: POST /session/a952926708249603da5cc69792e3d2be/elements - {"using":"css selector","value":"#shell-header-logo"}
RESULT: {"using":"css selector","value":"#shell-header-logo"}
COMMAND: POST /session/a952926708249603da5cc69792e3d2be/elements - {"using":"css selector","value":"#shell-header-logo"}
RESULT: {"using":"css selector","value":"#shell-header-logo"}
COMMAND: POST /session/a952926708249603da5cc69792e3d2be/elements - {"using":"css selector","value":"#shell-header-logo"}
RESULT: {"using":"css selector","value":"#shell-header-logo"}
COMMAND: POST /session/a952926708249603da5cc69792e3d2be/elements - {"using":"css selector","value":"#shell-header-logo"}
RESULT: {"using":"css selector","value":"#shell-header-logo"}
COMMAND: POST /session/a952926708249603da5cc69792e3d2be/elements - {"using":"css selector","value":"#shell-header-logo"}
RESULT: {"using":"css selector","value":"#shell-header-logo"}
COMMAND: POST /session/a952926708249603da5cc69792e3d2be/elements - {"using":"css selector","value":"#shell-header-logo"}
RESULT: {"using":"css selector","value":"#shell-header-logo"}
COMMAND: POST /session/a952926708249603da5cc69792e3d2be/elements - {"using":"css selector","value":"#shell-header-logo"}
RESULT: {"using":"css selector","value":"#shell-header-logo"}
COMMAND: POST /session/a952926708249603da5cc69792e3d2be/elements - {"using":"css selector","value":"#shell-header-logo"}
RESULT: {"using":"css selector","value":"#shell-header-logo"}
COMMAND: POST /session/a952926708249603da5cc69792e3d2be/elements - {"using":"css selector","value":"#shell-header-logo"}
RESULT: {"using":"css selector","value":"#shell-header-logo"}
COMMAND: POST /session/a952926708249603da5cc69792e3d2be/elements - {"using":"css selector","value":"#shell-header-logo"}
RESULT: {"using":"css selector","value":"#shell-header-logo"}
COMMAND: POST /session/a952926708249603da5cc69792e3d2be/refresh - {}
RESULT: {}
COMMAND: POST /session/a952926708249603da5cc69792e3d2be/elements - {"using":"css selector","value":"#shell-header-logo"}
COMMAND: GET /session/a952926708249603da5cc69792e3d2be/screenshot - {}
RESULT: {"using":"css selector","value":"#shell-header-logo"}
RESULT: {}
COMMAND: POST /session/a952926708249603da5cc69792e3d2be/elements - {"using":"css selector","value":"#shell-header-logo"}
RESULT: {"using":"css selector","value":"#shell-header-logo"}
COMMAND: POST /session/a952926708249603da5cc69792e3d2be/elements - {"using":"css selector","value":"#shell-header-logo"}
RESULT: {"using":"css selector","value":"#shell-header-logo"}
COMMAND: POST /session/a952926708249603da5cc69792e3d2be/elements - {"using":"css selector","value":"#shell-header-logo"}
RESULT: {"using":"css selector","value":"#shell-header-logo"}
COMMAND: POST /session/a952926708249603da5cc69792e3d2be/elements - {"using":"css selector","value":"#shell-header-logo"}
RESULT: {"using":"css selector","value":"#shell-header-logo"}
COMMAND: POST /session/a952926708249603da5cc69792e3d2be/elements - {"using":"css selector","value":"#shell-header-logo"}
RESULT: {"using":"css selector","value":"#shell-header-logo"}
COMMAND: POST /session/a952926708249603da5cc69792e3d2be/elements - {"using":"css selector","value":"#shell-header-logo"}
RESULT: {"using":"css selector","value":"#shell-header-logo"}
COMMAND: POST /session/a952926708249603da5cc69792e3d2be/elements - {"using":"css selector","value":"#shell-header-logo"}
RESULT: {"using":"css selector","value":"#shell-header-logo"}
COMMAND: POST /session/a952926708249603da5cc69792e3d2be/elements - {"using":"css selector","value":"#shell-header-logo"}
RESULT: {"using":"css selector","value":"#shell-header-logo"}
COMMAND: POST /session/a952926708249603da5cc69792e3d2be/elements - {"using":"css selector","value":"#shell-header-logo"}
RESULT: {"using":"css selector","value":"#shell-header-logo"}
COMMAND: POST /session/a952926708249603da5cc69792e3d2be/elements - {"using":"css selector","value":"#shell-header-logo"}
RESULT: {"using":"css selector","value":"#shell-header-logo"}
COMMAND: POST /session/a952926708249603da5cc69792e3d2be/elements - {"using":"css selector","value":"#shell-header-logo"}
RESULT: {"using":"css selector","value":"#shell-header-logo"}
COMMAND: POST /session/a952926708249603da5cc69792e3d2be/elements - {"using":"css selector","value":"#shell-header-logo"}
RESULT: {"using":"css selector","value":"#shell-header-logo"}
COMMAND: POST /session/a952926708249603da5cc69792e3d2be/elements - {"using":"css selector","value":"#shell-header-logo"}
RESULT: {"using":"css selector","value":"#shell-header-logo"}
COMMAND: POST /session/a952926708249603da5cc69792e3d2be/elements - {"using":"css selector","value":"#shell-header-logo"}
RESULT: {"using":"css selector","value":"#shell-header-logo"}
COMMAND: POST /session/a952926708249603da5cc69792e3d2be/elements - {"using":"css selector","value":"#shell-header-logo"}
RESULT: {"using":"css selector","value":"#shell-header-logo"}
COMMAND: POST /session/a952926708249603da5cc69792e3d2be/elements - {"using":"css selector","value":"#shell-header-logo"}
RESULT: {"using":"css selector","value":"#shell-header-logo"}
COMMAND: POST /session/a952926708249603da5cc69792e3d2be/elements - {"using":"css selector","value":"#shell-header-logo"}
RESULT: {"using":"css selector","value":"#shell-header-logo"}
COMMAND: POST /session/a952926708249603da5cc69792e3d2be/elements - {"using":"css selector","value":"#shell-header-logo"}
RESULT: {"using":"css selector","value":"#shell-header-logo"}
COMMAND: POST /session/a952926708249603da5cc69792e3d2be/elements - {"using":"css selector","value":"#shell-header-logo"}
RESULT: {"using":"css selector","value":"#shell-header-logo"}
COMMAND: POST /session/a952926708249603da5cc69792e3d2be/window/fullscreen - {}
COMMAND: POST /session/a952926708249603da5cc69792e3d2be/elements - {"using":"css selector","value":"#shell-header-logo"}
RESULT: {}
RESULT: {"using":"css selector","value":"#shell-header-logo"}
COMMAND: POST /session/a952926708249603da5cc69792e3d2be/elements - {"using":"css selector","value":"#shell-header-logo"}
RESULT: {"using":"css selector","value":"#shell-header-logo"}
COMMAND: POST /session/a952926708249603da5cc69792e3d2be/elements - {"using":"css selector","value":"#shell-header-logo"}
RESULT: {"using":"css selector","value":"#shell-header-logo"}
COMMAND: POST /session/a952926708249603da5cc69792e3d2be/elements - {"using":"css selector","value":"#shell-header-logo"}
RESULT: {"using":"css selector","value":"#shell-header-logo"}
COMMAND: POST /session/a952926708249603da5cc69792e3d2be/elements - {"using":"css selector","value":"#shell-header-logo"}
RESULT: {"using":"css selector","value":"#shell-header-logo"}
COMMAND: POST /session/a952926708249603da5cc69792e3d2be/elements - {"using":"css selector","value":"#shell-header-logo"}
RESULT: {"using":"css selector","value":"#shell-header-logo"}
COMMAND: POST /session/a952926708249603da5cc69792e3d2be/elements - {"using":"css selector","value":"#shell-header-logo"}
RESULT: {"using":"css selector","value":"#shell-header-logo"}
COMMAND: POST /session/a952926708249603da5cc69792e3d2be/elements - {"using":"css selector","value":"#shell-header-logo"}
RESULT: {"using":"css selector","value":"#shell-header-logo"}
COMMAND: POST /session/a952926708249603da5cc69792e3d2be/elements - {"using":"css selector","value":"#shell-header-logo"}
RESULT: {"using":"css selector","value":"#shell-header-logo"}
COMMAND: POST /session/a952926708249603da5cc69792e3d2be/elements - {"using":"css selector","value":"#shell-header-logo"}
RESULT: {"using":"css selector","value":"#shell-header-logo"}
COMMAND: POST /session/a952926708249603da5cc69792e3d2be/elements - {"using":"css selector","value":"#shell-header-logo"}
RESULT: {"using":"css selector","value":"#shell-header-logo"}
COMMAND: POST /session/a952926708249603da5cc69792e3d2be/execute/async - {"script":"<script> [189 bytes]","args":[]}
RESULT: {"script":"<script> [189 bytes]","args":[]}
COMMAND: POST /session/a952926708249603da5cc69792e3d2be/execute/async - {"script":"<script> [123 bytes]","args":[]}
RESULT: {"script":"<script> [123 bytes]","args":[]}
COMMAND: POST /session/a952926708249603da5cc69792e3d2be/timeouts - {"script":"<number>"}
RESULT: {"script":"<number>"}
COMMAND: GET /session/a952926708249603da5cc69792e3d2be/timeouts - {}
RESULT: {}
RESULT: undefined
COMMAND: POST /session/a952926708249603da5cc69792e3d2be/execute/async - {"script":"<script> [2676 bytes]","args":[]}
RESULT: {"script":"<script> [2676 bytes]","args":[]}
COMMAND: POST /session/a952926708249603da5cc69792e3d2be/execute/async - {"script":"<script> [2342 bytes]","args":[{"protocol":"http","hostname":"0.0.0.0","path":"/","capabilities":{"browserName":"chrome","goog:chromeOptions":{"binary":"C:\\Program Files\\Google\\Chrome\\Application\\chrome.exe","args":["--start-maximized"]}},"logLevel":"warn","connectionRetryTimeout":120000,"connectionRetryCount":3,"logLevels":{},"enableDirectConnect":true,"strictSSL":true,"_":"65 more keys: [\"cacheDir\",\"port\",\"requestedCapabilities\",\"automationProtocol\",\"baseUrl\",\"waitforInterval\",\"waitforTimeout\",\"onReload\",\"beforeCommand\",\"afterCommand\",\"rootDir\",\"specs\",\"suites\",\"exclude\",\"groupLogsByTestSpec\",\"excludeDriverLogs\",\"bail\",\"framework\",\"reporters\",\"services\",\"maxInstances\",\"maxInstancesPerCapability\",\"injectGlobals\",\"filesToWatch\",\"execArgv\",\"runnerEnv\",\"runner\",\"shard\",\"specFileRetries\",\"specFileRetriesDelay\",\"specFileRetriesDeferred\",\"reporterSyncInterval\",\"reporterSyncTimeout\",\"cucumberFeaturesWithLineNumbers\",\"autoCompileOpts\",\"mochaOpts\",\"jasmineOpts\",\"cucumberOpts\",\"onPrepare\",\"onWorkerStart\",\"onWorkerEnd\",\"before\",\"beforeSession\",\"beforeSuite\",\"beforeHook\",\"beforeTest\",\"afterTest\",\"afterHook\",\"afterSuite\",\"afterSession\",\"after\",\"onComplete\",\"beforeAssertion\",\"afterAssertion\",\"beforeFeature\",\"beforeScenario\",\"beforeStep\",\"afterStep\",\"afterScenario\",\"afterFeature\",\"_\",\"suite\",\"$0\",\"ignoredWorkerServices\",\"wdi5\"]"}]}
RESULT: {"script":"<script> [2342 bytes]","args":[{"protocol":"http","hostname":"0.0.0.0","path":"/","capabilities":{"browserName":"chrome","goog:chromeOptions":{"binary":"C:\\Program Files\\Google\\Chrome\\Application\\chrome.exe","args":["--start-maximized"]}},"logLevel":"warn","connectionRetryTimeout":120000,"connectionRetryCount":3,"logLevels":{},"enableDirectConnect":true,"strictSSL":true,"_":"65 more keys: [\"cacheDir\",\"port\",\"requestedCapabilities\",\"automationProtocol\",\"baseUrl\",\"waitforInterval\",\"waitforTimeout\",\"onReload\",\"beforeCommand\",\"afterCommand\",\"rootDir\",\"specs\",\"suites\",\"exclude\",\"groupLogsByTestSpec\",\"excludeDriverLogs\",\"bail\",\"framework\",\"reporters\",\"services\",\"maxInstances\",\"maxInstancesPerCapability\",\"injectGlobals\",\"filesToWatch\",\"execArgv\",\"runnerEnv\",\"runner\",\"shard\",\"specFileRetries\",\"specFileRetriesDelay\",\"specFileRetriesDeferred\",\"reporterSyncInterval\",\"reporterSyncTimeout\",\"cucumberFeaturesWithLineNumbers\",\"autoCompileOpts\",\"mochaOpts\",\"jasmineOpts\",\"cucumberOpts\",\"onPrepare\",\"onWorkerStart\",\"onWorkerEnd\",\"before\",\"beforeSession\",\"beforeSuite\",\"beforeHook\",\"beforeTest\",\"afterTest\",\"afterHook\",\"afterSuite\",\"afterSession\",\"after\",\"onComplete\",\"beforeAssertion\",\"afterAssertion\",\"beforeFeature\",\"beforeScenario\",\"beforeStep\",\"afterStep\",\"afterScenario\",\"afterFeature\",\"_\",\"suite\",\"$0\",\"ignoredWorkerServices\",\"wdi5\"]"}]}
COMMAND: POST /session/a952926708249603da5cc69792e3d2be/execute/async - {"script":"<script> [21126 bytes]","args":[35000]}
RESULT: {"script":"<script> [21126 bytes]","args":[35000]}
COMMAND: POST /session/a952926708249603da5cc69792e3d2be/elements - {"using":"css selector","value":"#shell-header-logo"}
RESULT: {"using":"css selector","value":"#shell-header-logo"}
COMMAND: POST /session/a952926708249603da5cc69792e3d2be/elements - {"using":"css selector","value":"#shell-header-logo"}
RESULT: {"using":"css selector","value":"#shell-header-logo"}
COMMAND: POST /session/a952926708249603da5cc69792e3d2be/elements - {"using":"css selector","value":"#shell-header-logo"}
RESULT: {"using":"css selector","value":"#shell-header-logo"}
COMMAND: POST /session/a952926708249603da5cc69792e3d2be/elements - {"using":"css selector","value":"#shell-header-logo"}
RESULT: {"using":"css selector","value":"#shell-header-logo"}
COMMAND: POST /session/a952926708249603da5cc69792e3d2be/elements - {"using":"css selector","value":"#shell-header-logo"}
RESULT: {"using":"css selector","value":"#shell-header-logo"}
COMMAND: POST /session/a952926708249603da5cc69792e3d2be/elements - {"using":"css selector","value":"#shell-header-logo"}
RESULT: {"using":"css selector","value":"#shell-header-logo"}
COMMAND: POST /session/a952926708249603da5cc69792e3d2be/elements - {"using":"css selector","value":"#shell-header-logo"}
RESULT: {"using":"css selector","value":"#shell-header-logo"}
COMMAND: POST /session/a952926708249603da5cc69792e3d2be/elements - {"using":"css selector","value":"#shell-header-logo"}
RESULT: {"using":"css selector","value":"#shell-header-logo"}
COMMAND: POST /session/a952926708249603da5cc69792e3d2be/elements - {"using":"css selector","value":"#shell-header-logo"}
RESULT: {"using":"css selector","value":"#shell-header-logo"}
COMMAND: POST /session/a952926708249603da5cc69792e3d2be/elements - {"using":"css selector","value":"#shell-header-logo"}
RESULT: {"using":"css selector","value":"#shell-header-logo"}
COMMAND: POST /session/a952926708249603da5cc69792e3d2be/window/fullscreen - {}
RESULT: {}
COMMAND: POST /session/a952926708249603da5cc69792e3d2be/window/fullscreen - {}
RESULT: {}
COMMAND: POST /session/a952926708249603da5cc69792e3d2be/execute/async - {"script":"<script> [1562 bytes]","args":[{"selector":{"controlType":"sap.m.GenericTile","properties":{"header":"Manage Partners"}},"wdio_ui5_key":"sapm.GenericTile{\"header\":\"Manage Partners\"}"}]}
COMMAND: POST /session/a952926708249603da5cc69792e3d2be/elements - {"using":"css selector","value":"#shell-header-logo"}
RESULT: {"script":"<script> [1562 bytes]","args":[{"selector":{"controlType":"sap.m.GenericTile","properties":{"header":"Manage Partners"}},"wdio_ui5_key":"sapm.GenericTile{\"header\":\"Manage Partners\"}"}]}
RESULT: undefined
COMMAND: POST /session/a952926708249603da5cc69792e3d2be/element - {"using":"xpath","value":"//button[@data-kt=\"addButton\"]"}
RESULT: {"using":"css selector","value":"#shell-header-logo"}
RESULT: {"using":"xpath","value":"//button[@data-kt=\"addButton\"]"}
COMMAND: POST /session/a952926708249603da5cc69792e3d2be/elements - {"using":"xpath","value":"//button[@data-kt=\"addButton\"]"}
RESULT: {"using":"xpath","value":"//button[@data-kt=\"addButton\"]"}
COMMAND: POST /session/a952926708249603da5cc69792e3d2be/elements - {"using":"css selector","value":"#shell-header-logo"}
RESULT: {"using":"css selector","value":"#shell-header-logo"}
COMMAND: POST /session/a952926708249603da5cc69792e3d2be/elements - {"using":"xpath","value":"//button[@data-kt=\"addButton\"]"}
RESULT: {"using":"xpath","value":"//button[@data-kt=\"addButton\"]"}
COMMAND: POST /session/a952926708249603da5cc69792e3d2be/elements - {"using":"css selector","value":"#shell-header-logo"}
RESULT: {"using":"css selector","value":"#shell-header-logo"}
COMMAND: POST /session/a952926708249603da5cc69792e3d2be/elements - {"using":"xpath","value":"//button[@data-kt=\"addButton\"]"}
RESULT: {"using":"xpath","value":"//button[@data-kt=\"addButton\"]"}
COMMAND: POST /session/a952926708249603da5cc69792e3d2be/elements - {"using":"css selector","value":"#shell-header-logo"}
RESULT: {"using":"css selector","value":"#shell-header-logo"}
COMMAND: POST /session/a952926708249603da5cc69792e3d2be/elements - {"using":"xpath","value":"//button[@data-kt=\"addButton\"]"}
RESULT: {"using":"xpath","value":"//button[@data-kt=\"addButton\"]"}
COMMAND: POST /session/a952926708249603da5cc69792e3d2be/elements - {"using":"css selector","value":"#shell-header-logo"}
RESULT: {"using":"css selector","value":"#shell-header-logo"}
COMMAND: POST /session/a952926708249603da5cc69792e3d2be/elements - {"using":"xpath","value":"//button[@data-kt=\"addButton\"]"}
RESULT: {"using":"xpath","value":"//button[@data-kt=\"addButton\"]"}
COMMAND: POST /session/a952926708249603da5cc69792e3d2be/elements - {"using":"css selector","value":"#shell-header-logo"}
RESULT: {"using":"css selector","value":"#shell-header-logo"}
COMMAND: POST /session/a952926708249603da5cc69792e3d2be/elements - {"using":"xpath","value":"//button[@data-kt=\"addButton\"]"}
RESULT: {"using":"xpath","value":"//button[@data-kt=\"addButton\"]"}
COMMAND: POST /session/a952926708249603da5cc69792e3d2be/elements - {"using":"css selector","value":"#shell-header-logo"}
RESULT: {"using":"css selector","value":"#shell-header-logo"}
COMMAND: POST /session/a952926708249603da5cc69792e3d2be/elements - {"using":"xpath","value":"//button[@data-kt=\"addButton\"]"}
RESULT: {"using":"xpath","value":"//button[@data-kt=\"addButton\"]"}
COMMAND: POST /session/a952926708249603da5cc69792e3d2be/elements - {"using":"css selector","value":"#shell-header-logo"}
RESULT: {"using":"css selector","value":"#shell-header-logo"}
COMMAND: POST /session/a952926708249603da5cc69792e3d2be/elements - {"using":"xpath","value":"//button[@data-kt=\"addButton\"]"}
RESULT: {"using":"xpath","value":"//button[@data-kt=\"addButton\"]"}
COMMAND: POST /session/a952926708249603da5cc69792e3d2be/elements - {"using":"css selector","value":"#shell-header-logo"}
RESULT: {"using":"css selector","value":"#shell-header-logo"}
COMMAND: POST /session/a952926708249603da5cc69792e3d2be/elements - {"using":"xpath","value":"//button[@data-kt=\"addButton\"]"}
RESULT: {"using":"xpath","value":"//button[@data-kt=\"addButton\"]"}
COMMAND: POST /session/a952926708249603da5cc69792e3d2be/elements - {"using":"css selector","value":"#shell-header-logo"}
RESULT: {"using":"css selector","value":"#shell-header-logo"}
COMMAND: POST /session/a952926708249603da5cc69792e3d2be/elements - {"using":"xpath","value":"//button[@data-kt=\"addButton\"]"}
RESULT: {"using":"xpath","value":"//button[@data-kt=\"addButton\"]"}
COMMAND: POST /session/a952926708249603da5cc69792e3d2be/elements - {"using":"css selector","value":"#shell-header-logo"}
RESULT: {"using":"css selector","value":"#shell-header-logo"}
COMMAND: POST /session/a952926708249603da5cc69792e3d2be/elements - {"using":"xpath","value":"//button[@data-kt=\"addButton\"]"}
RESULT: {"using":"xpath","value":"//button[@data-kt=\"addButton\"]"}
COMMAND: POST /session/a952926708249603da5cc69792e3d2be/elements - {"using":"css selector","value":"#shell-header-logo"}
RESULT: {"using":"css selector","value":"#shell-header-logo"}
COMMAND: POST /session/a952926708249603da5cc69792e3d2be/elements - {"using":"xpath","value":"//button[@data-kt=\"addButton\"]"}
RESULT: {"using":"xpath","value":"//button[@data-kt=\"addButton\"]"}
COMMAND: POST /session/a952926708249603da5cc69792e3d2be/elements - {"using":"css selector","value":"#shell-header-logo"}
RESULT: {"using":"css selector","value":"#shell-header-logo"}
COMMAND: POST /session/a952926708249603da5cc69792e3d2be/elements - {"using":"xpath","value":"//button[@data-kt=\"addButton\"]"}
RESULT: {"using":"xpath","value":"//button[@data-kt=\"addButton\"]"}
COMMAND: POST /session/a952926708249603da5cc69792e3d2be/elements - {"using":"css selector","value":"#shell-header-logo"}
RESULT: {"using":"css selector","value":"#shell-header-logo"}
COMMAND: POST /session/a952926708249603da5cc69792e3d2be/elements - {"using":"xpath","value":"//button[@data-kt=\"addButton\"]"}
RESULT: {"using":"xpath","value":"//button[@data-kt=\"addButton\"]"}
COMMAND: POST /session/a952926708249603da5cc69792e3d2be/elements - {"using":"css selector","value":"#shell-header-logo"}
RESULT: {"using":"css selector","value":"#shell-header-logo"}
COMMAND: POST /session/a952926708249603da5cc69792e3d2be/elements - {"using":"xpath","value":"//button[@data-kt=\"addButton\"]"}
RESULT: {"using":"xpath","value":"//button[@data-kt=\"addButton\"]"}
COMMAND: POST /session/a952926708249603da5cc69792e3d2be/elements - {"using":"css selector","value":"#shell-header-logo"}
RESULT: {"using":"css selector","value":"#shell-header-logo"}
COMMAND: POST /session/a952926708249603da5cc69792e3d2be/elements - {"using":"xpath","value":"//button[@data-kt=\"addButton\"]"}
RESULT: {"using":"xpath","value":"//button[@data-kt=\"addButton\"]"}
COMMAND: POST /session/a952926708249603da5cc69792e3d2be/elements - {"using":"css selector","value":"#shell-header-logo"}
RESULT: {"using":"css selector","value":"#shell-header-logo"}
COMMAND: POST /session/a952926708249603da5cc69792e3d2be/elements - {"using":"xpath","value":"//button[@data-kt=\"addButton\"]"}
RESULT: {"using":"xpath","value":"//button[@data-kt=\"addButton\"]"}
COMMAND: POST /session/a952926708249603da5cc69792e3d2be/elements - {"using":"css selector","value":"#shell-header-logo"}
RESULT: {"using":"css selector","value":"#shell-header-logo"}
COMMAND: POST /session/a952926708249603da5cc69792e3d2be/elements - {"using":"xpath","value":"//button[@data-kt=\"addButton\"]"}
RESULT: {"using":"xpath","value":"//button[@data-kt=\"addButton\"]"}
COMMAND: POST /session/a952926708249603da5cc69792e3d2be/elements - {"using":"css selector","value":"#shell-header-logo"}
RESULT: {"using":"css selector","value":"#shell-header-logo"}
COMMAND: POST /session/a952926708249603da5cc69792e3d2be/elements - {"using":"xpath","value":"//button[@data-kt=\"addButton\"]"}
RESULT: {"using":"xpath","value":"//button[@data-kt=\"addButton\"]"}
COMMAND: POST /session/a952926708249603da5cc69792e3d2be/elements - {"using":"css selector","value":"#shell-header-logo"}
RESULT: {"using":"css selector","value":"#shell-header-logo"}
COMMAND: POST /session/a952926708249603da5cc69792e3d2be/elements - {"using":"xpath","value":"//button[@data-kt=\"addButton\"]"}
RESULT: {"using":"xpath","value":"//button[@data-kt=\"addButton\"]"}
COMMAND: POST /session/a952926708249603da5cc69792e3d2be/elements - {"using":"css selector","value":"#shell-header-logo"}
RESULT: {"using":"css selector","value":"#shell-header-logo"}
COMMAND: POST /session/a952926708249603da5cc69792e3d2be/elements - {"using":"xpath","value":"//button[@data-kt=\"addButton\"]"}
RESULT: {"using":"xpath","value":"//button[@data-kt=\"addButton\"]"}
COMMAND: POST /session/a952926708249603da5cc69792e3d2be/elements - {"using":"css selector","value":"#shell-header-logo"}
RESULT: {"using":"css selector","value":"#shell-header-logo"}
COMMAND: POST /session/a952926708249603da5cc69792e3d2be/elements - {"using":"xpath","value":"//button[@data-kt=\"addButton\"]"}
RESULT: {"using":"xpath","value":"//button[@data-kt=\"addButton\"]"}
COMMAND: POST /session/a952926708249603da5cc69792e3d2be/elements - {"using":"css selector","value":"#shell-header-logo"}
RESULT: {"using":"css selector","value":"#shell-header-logo"}
COMMAND: POST /session/a952926708249603da5cc69792e3d2be/elements - {"using":"xpath","value":"//button[@data-kt=\"addButton\"]"}
RESULT: {"using":"xpath","value":"//button[@data-kt=\"addButton\"]"}
COMMAND: POST /session/a952926708249603da5cc69792e3d2be/elements - {"using":"css selector","value":"#shell-header-logo"}
RESULT: {"using":"css selector","value":"#shell-header-logo"}
COMMAND: POST /session/a952926708249603da5cc69792e3d2be/elements - {"using":"xpath","value":"//button[@data-kt=\"addButton\"]"}
RESULT: {"using":"xpath","value":"//button[@data-kt=\"addButton\"]"}
COMMAND: POST /session/a952926708249603da5cc69792e3d2be/elements - {"using":"css selector","value":"#shell-header-logo"}
RESULT: {"using":"css selector","value":"#shell-header-logo"}
COMMAND: POST /session/a952926708249603da5cc69792e3d2be/elements - {"using":"xpath","value":"//button[@data-kt=\"addButton\"]"}
RESULT: {"using":"xpath","value":"//button[@data-kt=\"addButton\"]"}
COMMAND: POST /session/a952926708249603da5cc69792e3d2be/elements - {"using":"css selector","value":"#shell-header-logo"}
RESULT: {"using":"css selector","value":"#shell-header-logo"}
COMMAND: POST /session/a952926708249603da5cc69792e3d2be/elements - {"using":"xpath","value":"//button[@data-kt=\"addButton\"]"}
RESULT: {"using":"xpath","value":"//button[@data-kt=\"addButton\"]"}
COMMAND: POST /session/a952926708249603da5cc69792e3d2be/elements - {"using":"css selector","value":"#shell-header-logo"}
RESULT: {"using":"css selector","value":"#shell-header-logo"}
COMMAND: POST /session/a952926708249603da5cc69792e3d2be/elements - {"using":"xpath","value":"//button[@data-kt=\"addButton\"]"}
RESULT: {"using":"xpath","value":"//button[@data-kt=\"addButton\"]"}
COMMAND: POST /session/a952926708249603da5cc69792e3d2be/elements - {"using":"css selector","value":"#shell-header-logo"}
RESULT: {"using":"css selector","value":"#shell-header-logo"}
COMMAND: POST /session/a952926708249603da5cc69792e3d2be/elements - {"using":"xpath","value":"//button[@data-kt=\"addButton\"]"}
RESULT: {"using":"xpath","value":"//button[@data-kt=\"addButton\"]"}
COMMAND: POST /session/a952926708249603da5cc69792e3d2be/elements - {"using":"css selector","value":"#shell-header-logo"}
RESULT: {"using":"css selector","value":"#shell-header-logo"}
COMMAND: POST /session/a952926708249603da5cc69792e3d2be/elements - {"using":"xpath","value":"//button[@data-kt=\"addButton\"]"}
RESULT: {"using":"xpath","value":"//button[@data-kt=\"addButton\"]"}
COMMAND: POST /session/a952926708249603da5cc69792e3d2be/elements - {"using":"css selector","value":"#shell-header-logo"}
RESULT: {"using":"css selector","value":"#shell-header-logo"}
COMMAND: POST /session/a952926708249603da5cc69792e3d2be/elements - {"using":"xpath","value":"//button[@data-kt=\"addButton\"]"}
RESULT: {"using":"xpath","value":"//button[@data-kt=\"addButton\"]"}
COMMAND: POST /session/a952926708249603da5cc69792e3d2be/elements - {"using":"css selector","value":"#shell-header-logo"}
RESULT: {"using":"css selector","value":"#shell-header-logo"}
COMMAND: POST /session/a952926708249603da5cc69792e3d2be/elements - {"using":"xpath","value":"//button[@data-kt=\"addButton\"]"}
RESULT: {"using":"xpath","value":"//button[@data-kt=\"addButton\"]"}
COMMAND: POST /session/a952926708249603da5cc69792e3d2be/elements - {"using":"css selector","value":"#shell-header-logo"}
RESULT: {"using":"css selector","value":"#shell-header-logo"}
COMMAND: POST /session/a952926708249603da5cc69792e3d2be/elements - {"using":"xpath","value":"//button[@data-kt=\"addButton\"]"}
RESULT: {"using":"xpath","value":"//button[@data-kt=\"addButton\"]"}
COMMAND: POST /session/a952926708249603da5cc69792e3d2be/elements - {"using":"css selector","value":"#shell-header-logo"}
RESULT: {"using":"css selector","value":"#shell-header-logo"}
COMMAND: POST /session/a952926708249603da5cc69792e3d2be/elements - {"using":"xpath","value":"//button[@data-kt=\"addButton\"]"}
RESULT: {"using":"xpath","value":"//button[@data-kt=\"addButton\"]"}
COMMAND: POST /session/a952926708249603da5cc69792e3d2be/elements - {"using":"css selector","value":"#shell-header-logo"}
RESULT: {"using":"css selector","value":"#shell-header-logo"}
COMMAND: POST /session/a952926708249603da5cc69792e3d2be/elements - {"using":"xpath","value":"//button[@data-kt=\"addButton\"]"}
RESULT: {"using":"xpath","value":"//button[@data-kt=\"addButton\"]"}
COMMAND: POST /session/a952926708249603da5cc69792e3d2be/elements - {"using":"css selector","value":"#shell-header-logo"}
RESULT: {"using":"css selector","value":"#shell-header-logo"}
COMMAND: POST /session/a952926708249603da5cc69792e3d2be/elements - {"using":"xpath","value":"//button[@data-kt=\"addButton\"]"}
RESULT: {"using":"xpath","value":"//button[@data-kt=\"addButton\"]"}
COMMAND: POST /session/a952926708249603da5cc69792e3d2be/elements - {"using":"css selector","value":"#shell-header-logo"}
RESULT: {"using":"css selector","value":"#shell-header-logo"}
COMMAND: POST /session/a952926708249603da5cc69792e3d2be/elements - {"using":"xpath","value":"//button[@data-kt=\"addButton\"]"}
RESULT: {"using":"xpath","value":"//button[@data-kt=\"addButton\"]"}
COMMAND: POST /session/a952926708249603da5cc69792e3d2be/elements - {"using":"css selector","value":"#shell-header-logo"}
RESULT: {"using":"css selector","value":"#shell-header-logo"}
COMMAND: POST /session/a952926708249603da5cc69792e3d2be/elements - {"using":"xpath","value":"//button[@data-kt=\"addButton\"]"}
RESULT: {"using":"xpath","value":"//button[@data-kt=\"addButton\"]"}
COMMAND: POST /session/a952926708249603da5cc69792e3d2be/elements - {"using":"xpath","value":"//button[@data-kt=\"addButton\"]"}
RESULT: {"using":"xpath","value":"//button[@data-kt=\"addButton\"]"}
COMMAND: POST /session/a952926708249603da5cc69792e3d2be/elements - {"using":"xpath","value":"//button[@data-kt=\"addButton\"]"}
RESULT: {"using":"xpath","value":"//button[@data-kt=\"addButton\"]"}
COMMAND: POST /session/a952926708249603da5cc69792e3d2be/elements - {"using":"xpath","value":"//button[@data-kt=\"addButton\"]"}
RESULT: {"using":"xpath","value":"//button[@data-kt=\"addButton\"]"}
COMMAND: POST /session/a952926708249603da5cc69792e3d2be/elements - {"using":"xpath","value":"//button[@data-kt=\"addButton\"]"}
RESULT: {"using":"xpath","value":"//button[@data-kt=\"addButton\"]"}
COMMAND: POST /session/a952926708249603da5cc69792e3d2be/elements - {"using":"xpath","value":"//button[@data-kt=\"addButton\"]"}
RESULT: {"using":"xpath","value":"//button[@data-kt=\"addButton\"]"}
COMMAND: POST /session/a952926708249603da5cc69792e3d2be/elements - {"using":"xpath","value":"//button[@data-kt=\"addButton\"]"}
RESULT: {"using":"xpath","value":"//button[@data-kt=\"addButton\"]"}
COMMAND: POST /session/a952926708249603da5cc69792e3d2be/elements - {"using":"xpath","value":"//button[@data-kt=\"addButton\"]"}
RESULT: {"using":"xpath","value":"//button[@data-kt=\"addButton\"]"}
COMMAND: POST /session/a952926708249603da5cc69792e3d2be/elements - {"using":"xpath","value":"//button[@data-kt=\"addButton\"]"}
RESULT: {"using":"xpath","value":"//button[@data-kt=\"addButton\"]"}
COMMAND: POST /session/a952926708249603da5cc69792e3d2be/elements - {"using":"xpath","value":"//button[@data-kt=\"addButton\"]"}
RESULT: {"using":"xpath","value":"//button[@data-kt=\"addButton\"]"}
COMMAND: POST /session/a952926708249603da5cc69792e3d2be/elements - {"using":"xpath","value":"//button[@data-kt=\"addButton\"]"}
RESULT: {"using":"xpath","value":"//button[@data-kt=\"addButton\"]"}
COMMAND: POST /session/a952926708249603da5cc69792e3d2be/elements - {"using":"xpath","value":"//button[@data-kt=\"addButton\"]"}
RESULT: {"using":"xpath","value":"//button[@data-kt=\"addButton\"]"}
COMMAND: POST /session/a952926708249603da5cc69792e3d2be/elements - {"using":"xpath","value":"//button[@data-kt=\"addButton\"]"}
RESULT: {"using":"xpath","value":"//button[@data-kt=\"addButton\"]"}
COMMAND: POST /session/a952926708249603da5cc69792e3d2be/elements - {"using":"xpath","value":"//button[@data-kt=\"addButton\"]"}
RESULT: {"using":"xpath","value":"//button[@data-kt=\"addButton\"]"}
COMMAND: POST /session/a952926708249603da5cc69792e3d2be/elements - {"using":"xpath","value":"//button[@data-kt=\"addButton\"]"}
RESULT: {"using":"xpath","value":"//button[@data-kt=\"addButton\"]"}
COMMAND: POST /session/a952926708249603da5cc69792e3d2be/elements - {"using":"xpath","value":"//button[@data-kt=\"addButton\"]"}
RESULT: {"using":"xpath","value":"//button[@data-kt=\"addButton\"]"}
COMMAND: POST /session/a952926708249603da5cc69792e3d2be/elements - {"using":"xpath","value":"//button[@data-kt=\"addButton\"]"}
RESULT: {"using":"xpath","value":"//button[@data-kt=\"addButton\"]"}
COMMAND: POST /session/a952926708249603da5cc69792e3d2be/elements - {"using":"xpath","value":"//button[@data-kt=\"addButton\"]"}
RESULT: {"using":"xpath","value":"//button[@data-kt=\"addButton\"]"}
COMMAND: POST /session/a952926708249603da5cc69792e3d2be/elements - {"using":"xpath","value":"//button[@data-kt=\"addButton\"]"}
RESULT: {"using":"xpath","value":"//button[@data-kt=\"addButton\"]"}
COMMAND: POST /session/a952926708249603da5cc69792e3d2be/elements - {"using":"xpath","value":"//button[@data-kt=\"addButton\"]"}
RESULT: {"using":"xpath","value":"//button[@data-kt=\"addButton\"]"}
COMMAND: POST /session/a952926708249603da5cc69792e3d2be/elements - {"using":"xpath","value":"//button[@data-kt=\"addButton\"]"}
RESULT: {"using":"xpath","value":"//button[@data-kt=\"addButton\"]"}
COMMAND: POST /session/a952926708249603da5cc69792e3d2be/elements - {"using":"xpath","value":"//button[@data-kt=\"addButton\"]"}
RESULT: {"using":"xpath","value":"//button[@data-kt=\"addButton\"]"}
COMMAND: POST /session/a952926708249603da5cc69792e3d2be/elements - {"using":"xpath","value":"//button[@data-kt=\"addButton\"]"}
RESULT: {"using":"xpath","value":"//button[@data-kt=\"addButton\"]"}
COMMAND: POST /session/a952926708249603da5cc69792e3d2be/elements - {"using":"xpath","value":"//button[@data-kt=\"addButton\"]"}
RESULT: {"using":"xpath","value":"//button[@data-kt=\"addButton\"]"}
COMMAND: POST /session/a952926708249603da5cc69792e3d2be/elements - {"using":"xpath","value":"//button[@data-kt=\"addButton\"]"}
RESULT: {"using":"xpath","value":"//button[@data-kt=\"addButton\"]"}
COMMAND: POST /session/a952926708249603da5cc69792e3d2be/elements - {"using":"xpath","value":"//button[@data-kt=\"addButton\"]"}
RESULT: {"using":"xpath","value":"//button[@data-kt=\"addButton\"]"}
COMMAND: POST /session/a952926708249603da5cc69792e3d2be/elements - {"using":"xpath","value":"//button[@data-kt=\"addButton\"]"}
RESULT: {"using":"xpath","value":"//button[@data-kt=\"addButton\"]"}
COMMAND: POST /session/a952926708249603da5cc69792e3d2be/elements - {"using":"xpath","value":"//button[@data-kt=\"addButton\"]"}
RESULT: {"using":"xpath","value":"//button[@data-kt=\"addButton\"]"}
COMMAND: POST /session/a952926708249603da5cc69792e3d2be/elements - {"using":"xpath","value":"//button[@data-kt=\"addButton\"]"}
RESULT: {"using":"xpath","value":"//button[@data-kt=\"addButton\"]"}
COMMAND: POST /session/a952926708249603da5cc69792e3d2be/elements - {"using":"xpath","value":"//button[@data-kt=\"addButton\"]"}
RESULT: {"using":"xpath","value":"//button[@data-kt=\"addButton\"]"}
COMMAND: POST /session/a952926708249603da5cc69792e3d2be/elements - {"using":"xpath","value":"//button[@data-kt=\"addButton\"]"}
RESULT: {"using":"xpath","value":"//button[@data-kt=\"addButton\"]"}
COMMAND: POST /session/a952926708249603da5cc69792e3d2be/elements - {"using":"xpath","value":"//button[@data-kt=\"addButton\"]"}
RESULT: {"using":"xpath","value":"//button[@data-kt=\"addButton\"]"}
COMMAND: POST /session/a952926708249603da5cc69792e3d2be/elements - {"using":"xpath","value":"//button[@data-kt=\"addButton\"]"}
RESULT: {"using":"xpath","value":"//button[@data-kt=\"addButton\"]"}
COMMAND: POST /session/a952926708249603da5cc69792e3d2be/elements - {"using":"xpath","value":"//button[@data-kt=\"addButton\"]"}
RESULT: {"using":"xpath","value":"//button[@data-kt=\"addButton\"]"}
COMMAND: POST /session/a952926708249603da5cc69792e3d2be/elements - {"using":"xpath","value":"//button[@data-kt=\"addButton\"]"}
RESULT: {"using":"xpath","value":"//button[@data-kt=\"addButton\"]"}
COMMAND: POST /session/a952926708249603da5cc69792e3d2be/elements - {"using":"xpath","value":"//button[@data-kt=\"addButton\"]"}
RESULT: {"using":"xpath","value":"//button[@data-kt=\"addButton\"]"}
COMMAND: POST /session/a952926708249603da5cc69792e3d2be/elements - {"using":"xpath","value":"//button[@data-kt=\"addButton\"]"}
RESULT: {"using":"xpath","value":"//button[@data-kt=\"addButton\"]"}
COMMAND: POST /session/a952926708249603da5cc69792e3d2be/elements - {"using":"xpath","value":"//button[@data-kt=\"addButton\"]"}
RESULT: {"using":"xpath","value":"//button[@data-kt=\"addButton\"]"}
COMMAND: POST /session/a952926708249603da5cc69792e3d2be/elements - {"using":"xpath","value":"//button[@data-kt=\"addButton\"]"}
RESULT: {"using":"xpath","value":"//button[@data-kt=\"addButton\"]"}
COMMAND: POST /session/a952926708249603da5cc69792e3d2be/elements - {"using":"xpath","value":"//button[@data-kt=\"addButton\"]"}
RESULT: {"using":"xpath","value":"//button[@data-kt=\"addButton\"]"}
COMMAND: POST /session/a952926708249603da5cc69792e3d2be/elements - {"using":"xpath","value":"//button[@data-kt=\"addButton\"]"}
RESULT: {"using":"xpath","value":"//button[@data-kt=\"addButton\"]"}
COMMAND: POST /session/a952926708249603da5cc69792e3d2be/elements - {"using":"xpath","value":"//button[@data-kt=\"addButton\"]"}
RESULT: {"using":"xpath","value":"//button[@data-kt=\"addButton\"]"}
COMMAND: POST /session/a952926708249603da5cc69792e3d2be/elements - {"using":"xpath","value":"//button[@data-kt=\"addButton\"]"}
RESULT: {"using":"xpath","value":"//button[@data-kt=\"addButton\"]"}
COMMAND: POST /session/a952926708249603da5cc69792e3d2be/elements - {"using":"xpath","value":"//button[@data-kt=\"addButton\"]"}
RESULT: {"using":"xpath","value":"//button[@data-kt=\"addButton\"]"}
COMMAND: POST /session/a952926708249603da5cc69792e3d2be/elements - {"using":"xpath","value":"//button[@data-kt=\"addButton\"]"}
RESULT: {"using":"xpath","value":"//button[@data-kt=\"addButton\"]"}
COMMAND: POST /session/a952926708249603da5cc69792e3d2be/elements - {"using":"xpath","value":"//button[@data-kt=\"addButton\"]"}
RESULT: {"using":"xpath","value":"//button[@data-kt=\"addButton\"]"}
COMMAND: POST /session/a952926708249603da5cc69792e3d2be/elements - {"using":"xpath","value":"//button[@data-kt=\"addButton\"]"}
RESULT: {"using":"xpath","value":"//button[@data-kt=\"addButton\"]"}
COMMAND: POST /session/a952926708249603da5cc69792e3d2be/elements - {"using":"xpath","value":"//button[@data-kt=\"addButton\"]"}
RESULT: {"using":"xpath","value":"//button[@data-kt=\"addButton\"]"}
COMMAND: POST /session/a952926708249603da5cc69792e3d2be/elements - {"using":"xpath","value":"//button[@data-kt=\"addButton\"]"}
RESULT: {"using":"xpath","value":"//button[@data-kt=\"addButton\"]"}
COMMAND: POST /session/a952926708249603da5cc69792e3d2be/elements - {"using":"xpath","value":"//button[@data-kt=\"addButton\"]"}
RESULT: {"using":"xpath","value":"//button[@data-kt=\"addButton\"]"}
COMMAND: POST /session/a952926708249603da5cc69792e3d2be/elements - {"using":"xpath","value":"//button[@data-kt=\"addButton\"]"}
RESULT: {"using":"xpath","value":"//button[@data-kt=\"addButton\"]"}
COMMAND: POST /session/a952926708249603da5cc69792e3d2be/elements - {"using":"xpath","value":"//button[@data-kt=\"addButton\"]"}
RESULT: {"using":"xpath","value":"//button[@data-kt=\"addButton\"]"}
COMMAND: POST /session/a952926708249603da5cc69792e3d2be/elements - {"using":"xpath","value":"//button[@data-kt=\"addButton\"]"}
RESULT: {"using":"xpath","value":"//button[@data-kt=\"addButton\"]"}
COMMAND: POST /session/a952926708249603da5cc69792e3d2be/elements - {"using":"xpath","value":"//button[@data-kt=\"addButton\"]"}
RESULT: {"using":"xpath","value":"//button[@data-kt=\"addButton\"]"}
COMMAND: GET /session/a952926708249603da5cc69792e3d2be/screenshot - {}
RESULT: {}
]]></system-out>
      <system-err><![CDATA[
Error: element ("//button[@data-kt="addButton"]") still not existing after 45000ms
    at async UtilsPrerequisites.partnerCreation (D:\a\1\s\test\specs\BTS\prerequisites-and-utils-functions.js:387:9)
    at async Context.<anonymous> (D:\a\1\s\test\specs\BTS\manage-partners.spec.js:363:44)
]]></system-err>
    </testcase>
    <testcase classname="chrome.136_0_7103_49.windows.Partner_specific_tests_US150819_US151080_US151654_US151176_US103444_US151078_US151079_US151109_US151174_US151175_US151189" name="Should create a new intracompany partner edit some of its fields US151079" time="87.199">
      <skipped />
      <system-out><![CDATA[
COMMAND: POST /session/a952926708249603da5cc69792e3d2be/element - {"using":"xpath","value":"//li[.//span[text()=\"Manage Partners\"]]"}
RESULT: {"using":"xpath","value":"//li[.//span[text()=\"Manage Partners\"]]"}
COMMAND: POST /session/a952926708249603da5cc69792e3d2be/element - {"using":"xpath","value":"//li[.//span[text()=\"Manage Partners\"]]"}
RESULT: {"using":"xpath","value":"//li[.//span[text()=\"Manage Partners\"]]"}
COMMAND: POST /session/a952926708249603da5cc69792e3d2be/element - {"using":"css selector","value":"#shell-header-logo"}
RESULT: {"using":"css selector","value":"#shell-header-logo"}
COMMAND: POST /session/a952926708249603da5cc69792e3d2be/elements - {"using":"css selector","value":"#shell-header-logo"}
COMMAND: POST /session/a952926708249603da5cc69792e3d2be/element - {"using":"css selector","value":"#shell-header-logo"}
RESULT: {"using":"css selector","value":"#shell-header-logo"}
RESULT: {"using":"css selector","value":"#shell-header-logo"}
COMMAND: POST /session/a952926708249603da5cc69792e3d2be/elements - {"using":"css selector","value":"#shell-header-logo"}
RESULT: {"using":"css selector","value":"#shell-header-logo"}
COMMAND: POST /session/a952926708249603da5cc69792e3d2be/elements - {"using":"css selector","value":"#shell-header-logo"}
RESULT: {"using":"css selector","value":"#shell-header-logo"}
COMMAND: POST /session/a952926708249603da5cc69792e3d2be/elements - {"using":"css selector","value":"#shell-header-logo"}
RESULT: {"using":"css selector","value":"#shell-header-logo"}
COMMAND: POST /session/a952926708249603da5cc69792e3d2be/elements - {"using":"css selector","value":"#shell-header-logo"}
RESULT: {"using":"css selector","value":"#shell-header-logo"}
COMMAND: POST /session/a952926708249603da5cc69792e3d2be/elements - {"using":"css selector","value":"#shell-header-logo"}
RESULT: {"using":"css selector","value":"#shell-header-logo"}
COMMAND: POST /session/a952926708249603da5cc69792e3d2be/elements - {"using":"css selector","value":"#shell-header-logo"}
RESULT: {"using":"css selector","value":"#shell-header-logo"}
COMMAND: POST /session/a952926708249603da5cc69792e3d2be/elements - {"using":"css selector","value":"#shell-header-logo"}
RESULT: {"using":"css selector","value":"#shell-header-logo"}
COMMAND: POST /session/a952926708249603da5cc69792e3d2be/elements - {"using":"css selector","value":"#shell-header-logo"}
RESULT: {"using":"css selector","value":"#shell-header-logo"}
COMMAND: POST /session/a952926708249603da5cc69792e3d2be/elements - {"using":"css selector","value":"#shell-header-logo"}
RESULT: {"using":"css selector","value":"#shell-header-logo"}
COMMAND: POST /session/a952926708249603da5cc69792e3d2be/elements - {"using":"css selector","value":"#shell-header-logo"}
RESULT: {"using":"css selector","value":"#shell-header-logo"}
COMMAND: POST /session/a952926708249603da5cc69792e3d2be/elements - {"using":"css selector","value":"#shell-header-logo"}
RESULT: {"using":"css selector","value":"#shell-header-logo"}
COMMAND: POST /session/a952926708249603da5cc69792e3d2be/elements - {"using":"css selector","value":"#shell-header-logo"}
RESULT: {"using":"css selector","value":"#shell-header-logo"}
COMMAND: POST /session/a952926708249603da5cc69792e3d2be/elements - {"using":"css selector","value":"#shell-header-logo"}
RESULT: {"using":"css selector","value":"#shell-header-logo"}
COMMAND: POST /session/a952926708249603da5cc69792e3d2be/elements - {"using":"css selector","value":"#shell-header-logo"}
RESULT: {"using":"css selector","value":"#shell-header-logo"}
COMMAND: POST /session/a952926708249603da5cc69792e3d2be/elements - {"using":"css selector","value":"#shell-header-logo"}
RESULT: {"using":"css selector","value":"#shell-header-logo"}
COMMAND: POST /session/a952926708249603da5cc69792e3d2be/elements - {"using":"css selector","value":"#shell-header-logo"}
RESULT: {"using":"css selector","value":"#shell-header-logo"}
COMMAND: POST /session/a952926708249603da5cc69792e3d2be/elements - {"using":"css selector","value":"#shell-header-logo"}
RESULT: {"using":"css selector","value":"#shell-header-logo"}
COMMAND: POST /session/a952926708249603da5cc69792e3d2be/elements - {"using":"css selector","value":"#shell-header-logo"}
RESULT: {"using":"css selector","value":"#shell-header-logo"}
COMMAND: POST /session/a952926708249603da5cc69792e3d2be/elements - {"using":"css selector","value":"#shell-header-logo"}
RESULT: {"using":"css selector","value":"#shell-header-logo"}
COMMAND: POST /session/a952926708249603da5cc69792e3d2be/refresh - {}
COMMAND: POST /session/a952926708249603da5cc69792e3d2be/elements - {"using":"css selector","value":"#shell-header-logo"}
RESULT: {}
COMMAND: GET /session/a952926708249603da5cc69792e3d2be/screenshot - {}
RESULT: {"using":"css selector","value":"#shell-header-logo"}
COMMAND: POST /session/a952926708249603da5cc69792e3d2be/elements - {"using":"css selector","value":"#shell-header-logo"}
RESULT: {}
RESULT: {"using":"css selector","value":"#shell-header-logo"}
COMMAND: POST /session/a952926708249603da5cc69792e3d2be/elements - {"using":"css selector","value":"#shell-header-logo"}
RESULT: {"using":"css selector","value":"#shell-header-logo"}
COMMAND: POST /session/a952926708249603da5cc69792e3d2be/elements - {"using":"css selector","value":"#shell-header-logo"}
RESULT: {"using":"css selector","value":"#shell-header-logo"}
COMMAND: POST /session/a952926708249603da5cc69792e3d2be/elements - {"using":"css selector","value":"#shell-header-logo"}
RESULT: {"using":"css selector","value":"#shell-header-logo"}
COMMAND: POST /session/a952926708249603da5cc69792e3d2be/elements - {"using":"css selector","value":"#shell-header-logo"}
RESULT: {"using":"css selector","value":"#shell-header-logo"}
COMMAND: POST /session/a952926708249603da5cc69792e3d2be/elements - {"using":"css selector","value":"#shell-header-logo"}
RESULT: {"using":"css selector","value":"#shell-header-logo"}
COMMAND: POST /session/a952926708249603da5cc69792e3d2be/elements - {"using":"css selector","value":"#shell-header-logo"}
RESULT: {"using":"css selector","value":"#shell-header-logo"}
COMMAND: POST /session/a952926708249603da5cc69792e3d2be/elements - {"using":"css selector","value":"#shell-header-logo"}
RESULT: {"using":"css selector","value":"#shell-header-logo"}
COMMAND: POST /session/a952926708249603da5cc69792e3d2be/elements - {"using":"css selector","value":"#shell-header-logo"}
RESULT: {"using":"css selector","value":"#shell-header-logo"}
COMMAND: POST /session/a952926708249603da5cc69792e3d2be/elements - {"using":"css selector","value":"#shell-header-logo"}
RESULT: {"using":"css selector","value":"#shell-header-logo"}
COMMAND: POST /session/a952926708249603da5cc69792e3d2be/elements - {"using":"css selector","value":"#shell-header-logo"}
RESULT: {"using":"css selector","value":"#shell-header-logo"}
COMMAND: POST /session/a952926708249603da5cc69792e3d2be/elements - {"using":"css selector","value":"#shell-header-logo"}
RESULT: {"using":"css selector","value":"#shell-header-logo"}
COMMAND: POST /session/a952926708249603da5cc69792e3d2be/elements - {"using":"css selector","value":"#shell-header-logo"}
RESULT: {"using":"css selector","value":"#shell-header-logo"}
COMMAND: POST /session/a952926708249603da5cc69792e3d2be/elements - {"using":"css selector","value":"#shell-header-logo"}
RESULT: {"using":"css selector","value":"#shell-header-logo"}
COMMAND: POST /session/a952926708249603da5cc69792e3d2be/elements - {"using":"css selector","value":"#shell-header-logo"}
RESULT: {"using":"css selector","value":"#shell-header-logo"}
COMMAND: POST /session/a952926708249603da5cc69792e3d2be/elements - {"using":"css selector","value":"#shell-header-logo"}
RESULT: {"using":"css selector","value":"#shell-header-logo"}
COMMAND: POST /session/a952926708249603da5cc69792e3d2be/elements - {"using":"css selector","value":"#shell-header-logo"}
RESULT: {"using":"css selector","value":"#shell-header-logo"}
COMMAND: POST /session/a952926708249603da5cc69792e3d2be/elements - {"using":"css selector","value":"#shell-header-logo"}
RESULT: {"using":"css selector","value":"#shell-header-logo"}
COMMAND: POST /session/a952926708249603da5cc69792e3d2be/elements - {"using":"css selector","value":"#shell-header-logo"}
RESULT: {"using":"css selector","value":"#shell-header-logo"}
COMMAND: POST /session/a952926708249603da5cc69792e3d2be/elements - {"using":"css selector","value":"#shell-header-logo"}
RESULT: {"using":"css selector","value":"#shell-header-logo"}
COMMAND: POST /session/a952926708249603da5cc69792e3d2be/elements - {"using":"css selector","value":"#shell-header-logo"}
RESULT: {"using":"css selector","value":"#shell-header-logo"}
COMMAND: POST /session/a952926708249603da5cc69792e3d2be/refresh - {}
RESULT: {}
COMMAND: GET /session/a952926708249603da5cc69792e3d2be/screenshot - {}
COMMAND: POST /session/a952926708249603da5cc69792e3d2be/elements - {"using":"css selector","value":"#shell-header-logo"}
RESULT: {}
RESULT: {"using":"css selector","value":"#shell-header-logo"}
COMMAND: POST /session/a952926708249603da5cc69792e3d2be/elements - {"using":"css selector","value":"#shell-header-logo"}
RESULT: {"using":"css selector","value":"#shell-header-logo"}
COMMAND: POST /session/a952926708249603da5cc69792e3d2be/elements - {"using":"css selector","value":"#shell-header-logo"}
RESULT: {"using":"css selector","value":"#shell-header-logo"}
COMMAND: POST /session/a952926708249603da5cc69792e3d2be/elements - {"using":"css selector","value":"#shell-header-logo"}
RESULT: {"using":"css selector","value":"#shell-header-logo"}
COMMAND: POST /session/a952926708249603da5cc69792e3d2be/elements - {"using":"css selector","value":"#shell-header-logo"}
RESULT: {"using":"css selector","value":"#shell-header-logo"}
COMMAND: POST /session/a952926708249603da5cc69792e3d2be/elements - {"using":"css selector","value":"#shell-header-logo"}
RESULT: {"using":"css selector","value":"#shell-header-logo"}
COMMAND: POST /session/a952926708249603da5cc69792e3d2be/elements - {"using":"css selector","value":"#shell-header-logo"}
RESULT: {"using":"css selector","value":"#shell-header-logo"}
COMMAND: POST /session/a952926708249603da5cc69792e3d2be/elements - {"using":"css selector","value":"#shell-header-logo"}
RESULT: {"using":"css selector","value":"#shell-header-logo"}
COMMAND: POST /session/a952926708249603da5cc69792e3d2be/elements - {"using":"css selector","value":"#shell-header-logo"}
RESULT: {"using":"css selector","value":"#shell-header-logo"}
COMMAND: POST /session/a952926708249603da5cc69792e3d2be/elements - {"using":"css selector","value":"#shell-header-logo"}
RESULT: {"using":"css selector","value":"#shell-header-logo"}
COMMAND: POST /session/a952926708249603da5cc69792e3d2be/elements - {"using":"css selector","value":"#shell-header-logo"}
RESULT: {"using":"css selector","value":"#shell-header-logo"}
COMMAND: POST /session/a952926708249603da5cc69792e3d2be/elements - {"using":"css selector","value":"#shell-header-logo"}
RESULT: {"using":"css selector","value":"#shell-header-logo"}
COMMAND: POST /session/a952926708249603da5cc69792e3d2be/elements - {"using":"css selector","value":"#shell-header-logo"}
RESULT: {"using":"css selector","value":"#shell-header-logo"}
COMMAND: POST /session/a952926708249603da5cc69792e3d2be/elements - {"using":"css selector","value":"#shell-header-logo"}
RESULT: {"using":"css selector","value":"#shell-header-logo"}
COMMAND: POST /session/a952926708249603da5cc69792e3d2be/elements - {"using":"css selector","value":"#shell-header-logo"}
RESULT: {"using":"css selector","value":"#shell-header-logo"}
COMMAND: POST /session/a952926708249603da5cc69792e3d2be/elements - {"using":"css selector","value":"#shell-header-logo"}
RESULT: {"using":"css selector","value":"#shell-header-logo"}
COMMAND: POST /session/a952926708249603da5cc69792e3d2be/elements - {"using":"css selector","value":"#shell-header-logo"}
RESULT: {"using":"css selector","value":"#shell-header-logo"}
COMMAND: POST /session/a952926708249603da5cc69792e3d2be/elements - {"using":"css selector","value":"#shell-header-logo"}
RESULT: {"using":"css selector","value":"#shell-header-logo"}
COMMAND: POST /session/a952926708249603da5cc69792e3d2be/elements - {"using":"css selector","value":"#shell-header-logo"}
RESULT: {"using":"css selector","value":"#shell-header-logo"}
COMMAND: POST /session/a952926708249603da5cc69792e3d2be/elements - {"using":"css selector","value":"#shell-header-logo"}
RESULT: {"using":"css selector","value":"#shell-header-logo"}
COMMAND: POST /session/a952926708249603da5cc69792e3d2be/window/fullscreen - {}
COMMAND: POST /session/a952926708249603da5cc69792e3d2be/elements - {"using":"css selector","value":"#shell-header-logo"}
RESULT: {}
RESULT: {"using":"css selector","value":"#shell-header-logo"}
COMMAND: POST /session/a952926708249603da5cc69792e3d2be/elements - {"using":"css selector","value":"#shell-header-logo"}
RESULT: {"using":"css selector","value":"#shell-header-logo"}
COMMAND: POST /session/a952926708249603da5cc69792e3d2be/elements - {"using":"css selector","value":"#shell-header-logo"}
RESULT: {"using":"css selector","value":"#shell-header-logo"}
COMMAND: POST /session/a952926708249603da5cc69792e3d2be/elements - {"using":"css selector","value":"#shell-header-logo"}
RESULT: {"using":"css selector","value":"#shell-header-logo"}
COMMAND: POST /session/a952926708249603da5cc69792e3d2be/elements - {"using":"css selector","value":"#shell-header-logo"}
RESULT: {"using":"css selector","value":"#shell-header-logo"}
COMMAND: POST /session/a952926708249603da5cc69792e3d2be/elements - {"using":"css selector","value":"#shell-header-logo"}
RESULT: {"using":"css selector","value":"#shell-header-logo"}
COMMAND: POST /session/a952926708249603da5cc69792e3d2be/elements - {"using":"css selector","value":"#shell-header-logo"}
RESULT: {"using":"css selector","value":"#shell-header-logo"}
COMMAND: POST /session/a952926708249603da5cc69792e3d2be/elements - {"using":"css selector","value":"#shell-header-logo"}
RESULT: {"using":"css selector","value":"#shell-header-logo"}
COMMAND: POST /session/a952926708249603da5cc69792e3d2be/elements - {"using":"css selector","value":"#shell-header-logo"}
RESULT: {"using":"css selector","value":"#shell-header-logo"}
COMMAND: POST /session/a952926708249603da5cc69792e3d2be/elements - {"using":"css selector","value":"#shell-header-logo"}
RESULT: {"using":"css selector","value":"#shell-header-logo"}
COMMAND: POST /session/a952926708249603da5cc69792e3d2be/elements - {"using":"css selector","value":"#shell-header-logo"}
RESULT: {"using":"css selector","value":"#shell-header-logo"}
COMMAND: POST /session/a952926708249603da5cc69792e3d2be/execute/async - {"script":"<script> [189 bytes]","args":[]}
RESULT: {"script":"<script> [189 bytes]","args":[]}
COMMAND: POST /session/a952926708249603da5cc69792e3d2be/execute/async - {"script":"<script> [123 bytes]","args":[]}
RESULT: {"script":"<script> [123 bytes]","args":[]}
COMMAND: POST /session/a952926708249603da5cc69792e3d2be/timeouts - {"script":"<number>"}
RESULT: {"script":"<number>"}
COMMAND: GET /session/a952926708249603da5cc69792e3d2be/timeouts - {}
RESULT: {}
RESULT: undefined
COMMAND: POST /session/a952926708249603da5cc69792e3d2be/execute/async - {"script":"<script> [2676 bytes]","args":[]}
RESULT: {"script":"<script> [2676 bytes]","args":[]}
COMMAND: POST /session/a952926708249603da5cc69792e3d2be/execute/async - {"script":"<script> [2342 bytes]","args":[{"protocol":"http","hostname":"0.0.0.0","path":"/","capabilities":{"browserName":"chrome","goog:chromeOptions":{"binary":"C:\\Program Files\\Google\\Chrome\\Application\\chrome.exe","args":["--start-maximized"]}},"logLevel":"warn","connectionRetryTimeout":120000,"connectionRetryCount":3,"logLevels":{},"enableDirectConnect":true,"strictSSL":true,"_":"65 more keys: [\"cacheDir\",\"port\",\"requestedCapabilities\",\"automationProtocol\",\"baseUrl\",\"waitforInterval\",\"waitforTimeout\",\"onReload\",\"beforeCommand\",\"afterCommand\",\"rootDir\",\"specs\",\"suites\",\"exclude\",\"groupLogsByTestSpec\",\"excludeDriverLogs\",\"bail\",\"framework\",\"reporters\",\"services\",\"maxInstances\",\"maxInstancesPerCapability\",\"injectGlobals\",\"filesToWatch\",\"execArgv\",\"runnerEnv\",\"runner\",\"shard\",\"specFileRetries\",\"specFileRetriesDelay\",\"specFileRetriesDeferred\",\"reporterSyncInterval\",\"reporterSyncTimeout\",\"cucumberFeaturesWithLineNumbers\",\"autoCompileOpts\",\"mochaOpts\",\"jasmineOpts\",\"cucumberOpts\",\"onPrepare\",\"onWorkerStart\",\"onWorkerEnd\",\"before\",\"beforeSession\",\"beforeSuite\",\"beforeHook\",\"beforeTest\",\"afterTest\",\"afterHook\",\"afterSuite\",\"afterSession\",\"after\",\"onComplete\",\"beforeAssertion\",\"afterAssertion\",\"beforeFeature\",\"beforeScenario\",\"beforeStep\",\"afterStep\",\"afterScenario\",\"afterFeature\",\"_\",\"suite\",\"$0\",\"ignoredWorkerServices\",\"wdi5\"]"}]}
RESULT: {"script":"<script> [2342 bytes]","args":[{"protocol":"http","hostname":"0.0.0.0","path":"/","capabilities":{"browserName":"chrome","goog:chromeOptions":{"binary":"C:\\Program Files\\Google\\Chrome\\Application\\chrome.exe","args":["--start-maximized"]}},"logLevel":"warn","connectionRetryTimeout":120000,"connectionRetryCount":3,"logLevels":{},"enableDirectConnect":true,"strictSSL":true,"_":"65 more keys: [\"cacheDir\",\"port\",\"requestedCapabilities\",\"automationProtocol\",\"baseUrl\",\"waitforInterval\",\"waitforTimeout\",\"onReload\",\"beforeCommand\",\"afterCommand\",\"rootDir\",\"specs\",\"suites\",\"exclude\",\"groupLogsByTestSpec\",\"excludeDriverLogs\",\"bail\",\"framework\",\"reporters\",\"services\",\"maxInstances\",\"maxInstancesPerCapability\",\"injectGlobals\",\"filesToWatch\",\"execArgv\",\"runnerEnv\",\"runner\",\"shard\",\"specFileRetries\",\"specFileRetriesDelay\",\"specFileRetriesDeferred\",\"reporterSyncInterval\",\"reporterSyncTimeout\",\"cucumberFeaturesWithLineNumbers\",\"autoCompileOpts\",\"mochaOpts\",\"jasmineOpts\",\"cucumberOpts\",\"onPrepare\",\"onWorkerStart\",\"onWorkerEnd\",\"before\",\"beforeSession\",\"beforeSuite\",\"beforeHook\",\"beforeTest\",\"afterTest\",\"afterHook\",\"afterSuite\",\"afterSession\",\"after\",\"onComplete\",\"beforeAssertion\",\"afterAssertion\",\"beforeFeature\",\"beforeScenario\",\"beforeStep\",\"afterStep\",\"afterScenario\",\"afterFeature\",\"_\",\"suite\",\"$0\",\"ignoredWorkerServices\",\"wdi5\"]"}]}
COMMAND: POST /session/a952926708249603da5cc69792e3d2be/execute/async - {"script":"<script> [21126 bytes]","args":[35000]}
RESULT: {"script":"<script> [21126 bytes]","args":[35000]}
COMMAND: POST /session/a952926708249603da5cc69792e3d2be/elements - {"using":"css selector","value":"#shell-header-logo"}
RESULT: {"using":"css selector","value":"#shell-header-logo"}
COMMAND: POST /session/a952926708249603da5cc69792e3d2be/elements - {"using":"css selector","value":"#shell-header-logo"}
RESULT: {"using":"css selector","value":"#shell-header-logo"}
COMMAND: POST /session/a952926708249603da5cc69792e3d2be/elements - {"using":"css selector","value":"#shell-header-logo"}
RESULT: {"using":"css selector","value":"#shell-header-logo"}
COMMAND: POST /session/a952926708249603da5cc69792e3d2be/elements - {"using":"css selector","value":"#shell-header-logo"}
RESULT: {"using":"css selector","value":"#shell-header-logo"}
COMMAND: POST /session/a952926708249603da5cc69792e3d2be/elements - {"using":"css selector","value":"#shell-header-logo"}
RESULT: {"using":"css selector","value":"#shell-header-logo"}
COMMAND: POST /session/a952926708249603da5cc69792e3d2be/elements - {"using":"css selector","value":"#shell-header-logo"}
RESULT: {"using":"css selector","value":"#shell-header-logo"}
COMMAND: POST /session/a952926708249603da5cc69792e3d2be/elements - {"using":"css selector","value":"#shell-header-logo"}
RESULT: {"using":"css selector","value":"#shell-header-logo"}
COMMAND: POST /session/a952926708249603da5cc69792e3d2be/elements - {"using":"css selector","value":"#shell-header-logo"}
RESULT: {"using":"css selector","value":"#shell-header-logo"}
COMMAND: POST /session/a952926708249603da5cc69792e3d2be/elements - {"using":"css selector","value":"#shell-header-logo"}
RESULT: {"using":"css selector","value":"#shell-header-logo"}
COMMAND: POST /session/a952926708249603da5cc69792e3d2be/elements - {"using":"css selector","value":"#shell-header-logo"}
RESULT: {"using":"css selector","value":"#shell-header-logo"}
COMMAND: POST /session/a952926708249603da5cc69792e3d2be/window/fullscreen - {}
RESULT: {}
COMMAND: POST /session/a952926708249603da5cc69792e3d2be/window/fullscreen - {}
RESULT: {}
COMMAND: POST /session/a952926708249603da5cc69792e3d2be/execute/async - {"script":"<script> [1562 bytes]","args":[{"selector":{"controlType":"sap.m.GenericTile","properties":{"header":"Manage Partners"}},"wdio_ui5_key":"sapm.GenericTile{\"header\":\"Manage Partners\"}"}]}
COMMAND: POST /session/a952926708249603da5cc69792e3d2be/elements - {"using":"css selector","value":"#shell-header-logo"}
RESULT: {"script":"<script> [1562 bytes]","args":[{"selector":{"controlType":"sap.m.GenericTile","properties":{"header":"Manage Partners"}},"wdio_ui5_key":"sapm.GenericTile{\"header\":\"Manage Partners\"}"}]}
RESULT: undefined
COMMAND: POST /session/a952926708249603da5cc69792e3d2be/element - {"using":"xpath","value":"//button[@data-kt=\"addButton\"]"}
RESULT: {"using":"css selector","value":"#shell-header-logo"}
RESULT: {"using":"xpath","value":"//button[@data-kt=\"addButton\"]"}
COMMAND: POST /session/a952926708249603da5cc69792e3d2be/elements - {"using":"xpath","value":"//button[@data-kt=\"addButton\"]"}
COMMAND: POST /session/a952926708249603da5cc69792e3d2be/elements - {"using":"css selector","value":"#shell-header-logo"}
RESULT: {"using":"xpath","value":"//button[@data-kt=\"addButton\"]"}
RESULT: {"using":"css selector","value":"#shell-header-logo"}
COMMAND: POST /session/a952926708249603da5cc69792e3d2be/elements - {"using":"xpath","value":"//button[@data-kt=\"addButton\"]"}
RESULT: {"using":"xpath","value":"//button[@data-kt=\"addButton\"]"}
COMMAND: POST /session/a952926708249603da5cc69792e3d2be/elements - {"using":"css selector","value":"#shell-header-logo"}
RESULT: {"using":"css selector","value":"#shell-header-logo"}
COMMAND: POST /session/a952926708249603da5cc69792e3d2be/elements - {"using":"xpath","value":"//button[@data-kt=\"addButton\"]"}
RESULT: {"using":"xpath","value":"//button[@data-kt=\"addButton\"]"}
COMMAND: POST /session/a952926708249603da5cc69792e3d2be/elements - {"using":"css selector","value":"#shell-header-logo"}
RESULT: {"using":"css selector","value":"#shell-header-logo"}
COMMAND: POST /session/a952926708249603da5cc69792e3d2be/elements - {"using":"xpath","value":"//button[@data-kt=\"addButton\"]"}
RESULT: {"using":"xpath","value":"//button[@data-kt=\"addButton\"]"}
COMMAND: POST /session/a952926708249603da5cc69792e3d2be/elements - {"using":"css selector","value":"#shell-header-logo"}
RESULT: {"using":"css selector","value":"#shell-header-logo"}
COMMAND: POST /session/a952926708249603da5cc69792e3d2be/elements - {"using":"xpath","value":"//button[@data-kt=\"addButton\"]"}
RESULT: {"using":"xpath","value":"//button[@data-kt=\"addButton\"]"}
COMMAND: POST /session/a952926708249603da5cc69792e3d2be/elements - {"using":"css selector","value":"#shell-header-logo"}
RESULT: {"using":"css selector","value":"#shell-header-logo"}
COMMAND: POST /session/a952926708249603da5cc69792e3d2be/elements - {"using":"xpath","value":"//button[@data-kt=\"addButton\"]"}
RESULT: {"using":"xpath","value":"//button[@data-kt=\"addButton\"]"}
COMMAND: POST /session/a952926708249603da5cc69792e3d2be/elements - {"using":"css selector","value":"#shell-header-logo"}
RESULT: {"using":"css selector","value":"#shell-header-logo"}
COMMAND: POST /session/a952926708249603da5cc69792e3d2be/elements - {"using":"xpath","value":"//button[@data-kt=\"addButton\"]"}
RESULT: {"using":"xpath","value":"//button[@data-kt=\"addButton\"]"}
COMMAND: POST /session/a952926708249603da5cc69792e3d2be/elements - {"using":"css selector","value":"#shell-header-logo"}
RESULT: {"using":"css selector","value":"#shell-header-logo"}
COMMAND: POST /session/a952926708249603da5cc69792e3d2be/elements - {"using":"xpath","value":"//button[@data-kt=\"addButton\"]"}
RESULT: {"using":"xpath","value":"//button[@data-kt=\"addButton\"]"}
COMMAND: POST /session/a952926708249603da5cc69792e3d2be/elements - {"using":"css selector","value":"#shell-header-logo"}
RESULT: {"using":"css selector","value":"#shell-header-logo"}
COMMAND: POST /session/a952926708249603da5cc69792e3d2be/elements - {"using":"xpath","value":"//button[@data-kt=\"addButton\"]"}
RESULT: {"using":"xpath","value":"//button[@data-kt=\"addButton\"]"}
COMMAND: POST /session/a952926708249603da5cc69792e3d2be/elements - {"using":"css selector","value":"#shell-header-logo"}
RESULT: {"using":"css selector","value":"#shell-header-logo"}
COMMAND: POST /session/a952926708249603da5cc69792e3d2be/elements - {"using":"xpath","value":"//button[@data-kt=\"addButton\"]"}
RESULT: {"using":"xpath","value":"//button[@data-kt=\"addButton\"]"}
COMMAND: POST /session/a952926708249603da5cc69792e3d2be/elements - {"using":"css selector","value":"#shell-header-logo"}
RESULT: {"using":"css selector","value":"#shell-header-logo"}
COMMAND: POST /session/a952926708249603da5cc69792e3d2be/elements - {"using":"xpath","value":"//button[@data-kt=\"addButton\"]"}
RESULT: {"using":"xpath","value":"//button[@data-kt=\"addButton\"]"}
COMMAND: POST /session/a952926708249603da5cc69792e3d2be/elements - {"using":"css selector","value":"#shell-header-logo"}
RESULT: {"using":"css selector","value":"#shell-header-logo"}
COMMAND: POST /session/a952926708249603da5cc69792e3d2be/elements - {"using":"xpath","value":"//button[@data-kt=\"addButton\"]"}
RESULT: {"using":"xpath","value":"//button[@data-kt=\"addButton\"]"}
COMMAND: POST /session/a952926708249603da5cc69792e3d2be/elements - {"using":"css selector","value":"#shell-header-logo"}
RESULT: {"using":"css selector","value":"#shell-header-logo"}
COMMAND: POST /session/a952926708249603da5cc69792e3d2be/elements - {"using":"xpath","value":"//button[@data-kt=\"addButton\"]"}
RESULT: {"using":"xpath","value":"//button[@data-kt=\"addButton\"]"}
COMMAND: POST /session/a952926708249603da5cc69792e3d2be/elements - {"using":"css selector","value":"#shell-header-logo"}
RESULT: {"using":"css selector","value":"#shell-header-logo"}
COMMAND: POST /session/a952926708249603da5cc69792e3d2be/elements - {"using":"xpath","value":"//button[@data-kt=\"addButton\"]"}
RESULT: {"using":"xpath","value":"//button[@data-kt=\"addButton\"]"}
COMMAND: POST /session/a952926708249603da5cc69792e3d2be/elements - {"using":"css selector","value":"#shell-header-logo"}
RESULT: {"using":"css selector","value":"#shell-header-logo"}
COMMAND: POST /session/a952926708249603da5cc69792e3d2be/elements - {"using":"xpath","value":"//button[@data-kt=\"addButton\"]"}
RESULT: {"using":"xpath","value":"//button[@data-kt=\"addButton\"]"}
COMMAND: POST /session/a952926708249603da5cc69792e3d2be/elements - {"using":"css selector","value":"#shell-header-logo"}
RESULT: {"using":"css selector","value":"#shell-header-logo"}
COMMAND: POST /session/a952926708249603da5cc69792e3d2be/elements - {"using":"xpath","value":"//button[@data-kt=\"addButton\"]"}
RESULT: {"using":"xpath","value":"//button[@data-kt=\"addButton\"]"}
COMMAND: POST /session/a952926708249603da5cc69792e3d2be/elements - {"using":"css selector","value":"#shell-header-logo"}
RESULT: {"using":"css selector","value":"#shell-header-logo"}
COMMAND: POST /session/a952926708249603da5cc69792e3d2be/elements - {"using":"xpath","value":"//button[@data-kt=\"addButton\"]"}
RESULT: {"using":"xpath","value":"//button[@data-kt=\"addButton\"]"}
COMMAND: POST /session/a952926708249603da5cc69792e3d2be/elements - {"using":"css selector","value":"#shell-header-logo"}
RESULT: {"using":"css selector","value":"#shell-header-logo"}
COMMAND: POST /session/a952926708249603da5cc69792e3d2be/elements - {"using":"xpath","value":"//button[@data-kt=\"addButton\"]"}
RESULT: {"using":"xpath","value":"//button[@data-kt=\"addButton\"]"}
COMMAND: POST /session/a952926708249603da5cc69792e3d2be/elements - {"using":"css selector","value":"#shell-header-logo"}
RESULT: {"using":"css selector","value":"#shell-header-logo"}
COMMAND: POST /session/a952926708249603da5cc69792e3d2be/elements - {"using":"xpath","value":"//button[@data-kt=\"addButton\"]"}
RESULT: {"using":"xpath","value":"//button[@data-kt=\"addButton\"]"}
COMMAND: POST /session/a952926708249603da5cc69792e3d2be/elements - {"using":"css selector","value":"#shell-header-logo"}
RESULT: {"using":"css selector","value":"#shell-header-logo"}
COMMAND: POST /session/a952926708249603da5cc69792e3d2be/elements - {"using":"xpath","value":"//button[@data-kt=\"addButton\"]"}
RESULT: {"using":"xpath","value":"//button[@data-kt=\"addButton\"]"}
COMMAND: POST /session/a952926708249603da5cc69792e3d2be/elements - {"using":"css selector","value":"#shell-header-logo"}
RESULT: {"using":"css selector","value":"#shell-header-logo"}
COMMAND: POST /session/a952926708249603da5cc69792e3d2be/elements - {"using":"xpath","value":"//button[@data-kt=\"addButton\"]"}
RESULT: {"using":"xpath","value":"//button[@data-kt=\"addButton\"]"}
COMMAND: POST /session/a952926708249603da5cc69792e3d2be/elements - {"using":"css selector","value":"#shell-header-logo"}
RESULT: {"using":"css selector","value":"#shell-header-logo"}
COMMAND: POST /session/a952926708249603da5cc69792e3d2be/elements - {"using":"xpath","value":"//button[@data-kt=\"addButton\"]"}
RESULT: {"using":"xpath","value":"//button[@data-kt=\"addButton\"]"}
COMMAND: POST /session/a952926708249603da5cc69792e3d2be/elements - {"using":"css selector","value":"#shell-header-logo"}
RESULT: {"using":"css selector","value":"#shell-header-logo"}
COMMAND: POST /session/a952926708249603da5cc69792e3d2be/elements - {"using":"xpath","value":"//button[@data-kt=\"addButton\"]"}
RESULT: {"using":"xpath","value":"//button[@data-kt=\"addButton\"]"}
COMMAND: POST /session/a952926708249603da5cc69792e3d2be/elements - {"using":"css selector","value":"#shell-header-logo"}
RESULT: {"using":"css selector","value":"#shell-header-logo"}
COMMAND: POST /session/a952926708249603da5cc69792e3d2be/elements - {"using":"xpath","value":"//button[@data-kt=\"addButton\"]"}
RESULT: {"using":"xpath","value":"//button[@data-kt=\"addButton\"]"}
COMMAND: POST /session/a952926708249603da5cc69792e3d2be/elements - {"using":"css selector","value":"#shell-header-logo"}
RESULT: {"using":"css selector","value":"#shell-header-logo"}
COMMAND: POST /session/a952926708249603da5cc69792e3d2be/elements - {"using":"xpath","value":"//button[@data-kt=\"addButton\"]"}
RESULT: {"using":"xpath","value":"//button[@data-kt=\"addButton\"]"}
COMMAND: POST /session/a952926708249603da5cc69792e3d2be/elements - {"using":"css selector","value":"#shell-header-logo"}
RESULT: {"using":"css selector","value":"#shell-header-logo"}
COMMAND: POST /session/a952926708249603da5cc69792e3d2be/elements - {"using":"xpath","value":"//button[@data-kt=\"addButton\"]"}
RESULT: {"using":"xpath","value":"//button[@data-kt=\"addButton\"]"}
COMMAND: POST /session/a952926708249603da5cc69792e3d2be/elements - {"using":"css selector","value":"#shell-header-logo"}
RESULT: {"using":"css selector","value":"#shell-header-logo"}
COMMAND: POST /session/a952926708249603da5cc69792e3d2be/elements - {"using":"xpath","value":"//button[@data-kt=\"addButton\"]"}
RESULT: {"using":"xpath","value":"//button[@data-kt=\"addButton\"]"}
COMMAND: POST /session/a952926708249603da5cc69792e3d2be/elements - {"using":"css selector","value":"#shell-header-logo"}
RESULT: {"using":"css selector","value":"#shell-header-logo"}
COMMAND: POST /session/a952926708249603da5cc69792e3d2be/elements - {"using":"xpath","value":"//button[@data-kt=\"addButton\"]"}
RESULT: {"using":"xpath","value":"//button[@data-kt=\"addButton\"]"}
COMMAND: POST /session/a952926708249603da5cc69792e3d2be/elements - {"using":"css selector","value":"#shell-header-logo"}
RESULT: {"using":"css selector","value":"#shell-header-logo"}
COMMAND: POST /session/a952926708249603da5cc69792e3d2be/elements - {"using":"xpath","value":"//button[@data-kt=\"addButton\"]"}
RESULT: {"using":"xpath","value":"//button[@data-kt=\"addButton\"]"}
COMMAND: POST /session/a952926708249603da5cc69792e3d2be/elements - {"using":"css selector","value":"#shell-header-logo"}
RESULT: {"using":"css selector","value":"#shell-header-logo"}
COMMAND: POST /session/a952926708249603da5cc69792e3d2be/elements - {"using":"xpath","value":"//button[@data-kt=\"addButton\"]"}
RESULT: {"using":"xpath","value":"//button[@data-kt=\"addButton\"]"}
COMMAND: POST /session/a952926708249603da5cc69792e3d2be/elements - {"using":"css selector","value":"#shell-header-logo"}
RESULT: {"using":"css selector","value":"#shell-header-logo"}
COMMAND: POST /session/a952926708249603da5cc69792e3d2be/elements - {"using":"xpath","value":"//button[@data-kt=\"addButton\"]"}
RESULT: {"using":"xpath","value":"//button[@data-kt=\"addButton\"]"}
COMMAND: POST /session/a952926708249603da5cc69792e3d2be/elements - {"using":"css selector","value":"#shell-header-logo"}
RESULT: {"using":"css selector","value":"#shell-header-logo"}
COMMAND: POST /session/a952926708249603da5cc69792e3d2be/elements - {"using":"xpath","value":"//button[@data-kt=\"addButton\"]"}
RESULT: {"using":"xpath","value":"//button[@data-kt=\"addButton\"]"}
COMMAND: POST /session/a952926708249603da5cc69792e3d2be/elements - {"using":"css selector","value":"#shell-header-logo"}
RESULT: {"using":"css selector","value":"#shell-header-logo"}
COMMAND: POST /session/a952926708249603da5cc69792e3d2be/elements - {"using":"xpath","value":"//button[@data-kt=\"addButton\"]"}
RESULT: {"using":"xpath","value":"//button[@data-kt=\"addButton\"]"}
COMMAND: POST /session/a952926708249603da5cc69792e3d2be/elements - {"using":"css selector","value":"#shell-header-logo"}
RESULT: {"using":"css selector","value":"#shell-header-logo"}
COMMAND: POST /session/a952926708249603da5cc69792e3d2be/elements - {"using":"xpath","value":"//button[@data-kt=\"addButton\"]"}
RESULT: {"using":"xpath","value":"//button[@data-kt=\"addButton\"]"}
COMMAND: POST /session/a952926708249603da5cc69792e3d2be/elements - {"using":"css selector","value":"#shell-header-logo"}
RESULT: {"using":"css selector","value":"#shell-header-logo"}
COMMAND: POST /session/a952926708249603da5cc69792e3d2be/elements - {"using":"xpath","value":"//button[@data-kt=\"addButton\"]"}
RESULT: {"using":"xpath","value":"//button[@data-kt=\"addButton\"]"}
COMMAND: POST /session/a952926708249603da5cc69792e3d2be/elements - {"using":"css selector","value":"#shell-header-logo"}
RESULT: {"using":"css selector","value":"#shell-header-logo"}
COMMAND: POST /session/a952926708249603da5cc69792e3d2be/elements - {"using":"xpath","value":"//button[@data-kt=\"addButton\"]"}
RESULT: {"using":"xpath","value":"//button[@data-kt=\"addButton\"]"}
COMMAND: POST /session/a952926708249603da5cc69792e3d2be/elements - {"using":"css selector","value":"#shell-header-logo"}
RESULT: {"using":"css selector","value":"#shell-header-logo"}
COMMAND: POST /session/a952926708249603da5cc69792e3d2be/elements - {"using":"xpath","value":"//button[@data-kt=\"addButton\"]"}
RESULT: {"using":"xpath","value":"//button[@data-kt=\"addButton\"]"}
COMMAND: POST /session/a952926708249603da5cc69792e3d2be/elements - {"using":"css selector","value":"#shell-header-logo"}
RESULT: {"using":"css selector","value":"#shell-header-logo"}
COMMAND: POST /session/a952926708249603da5cc69792e3d2be/elements - {"using":"xpath","value":"//button[@data-kt=\"addButton\"]"}
RESULT: {"using":"xpath","value":"//button[@data-kt=\"addButton\"]"}
COMMAND: POST /session/a952926708249603da5cc69792e3d2be/elements - {"using":"xpath","value":"//button[@data-kt=\"addButton\"]"}
RESULT: {"using":"xpath","value":"//button[@data-kt=\"addButton\"]"}
COMMAND: POST /session/a952926708249603da5cc69792e3d2be/elements - {"using":"xpath","value":"//button[@data-kt=\"addButton\"]"}
RESULT: {"using":"xpath","value":"//button[@data-kt=\"addButton\"]"}
COMMAND: POST /session/a952926708249603da5cc69792e3d2be/elements - {"using":"xpath","value":"//button[@data-kt=\"addButton\"]"}
RESULT: {"using":"xpath","value":"//button[@data-kt=\"addButton\"]"}
COMMAND: POST /session/a952926708249603da5cc69792e3d2be/elements - {"using":"xpath","value":"//button[@data-kt=\"addButton\"]"}
RESULT: {"using":"xpath","value":"//button[@data-kt=\"addButton\"]"}
COMMAND: POST /session/a952926708249603da5cc69792e3d2be/elements - {"using":"xpath","value":"//button[@data-kt=\"addButton\"]"}
RESULT: {"using":"xpath","value":"//button[@data-kt=\"addButton\"]"}
COMMAND: POST /session/a952926708249603da5cc69792e3d2be/elements - {"using":"xpath","value":"//button[@data-kt=\"addButton\"]"}
RESULT: {"using":"xpath","value":"//button[@data-kt=\"addButton\"]"}
COMMAND: POST /session/a952926708249603da5cc69792e3d2be/elements - {"using":"xpath","value":"//button[@data-kt=\"addButton\"]"}
RESULT: {"using":"xpath","value":"//button[@data-kt=\"addButton\"]"}
COMMAND: POST /session/a952926708249603da5cc69792e3d2be/elements - {"using":"xpath","value":"//button[@data-kt=\"addButton\"]"}
RESULT: {"using":"xpath","value":"//button[@data-kt=\"addButton\"]"}
COMMAND: POST /session/a952926708249603da5cc69792e3d2be/elements - {"using":"xpath","value":"//button[@data-kt=\"addButton\"]"}
RESULT: {"using":"xpath","value":"//button[@data-kt=\"addButton\"]"}
COMMAND: POST /session/a952926708249603da5cc69792e3d2be/elements - {"using":"xpath","value":"//button[@data-kt=\"addButton\"]"}
RESULT: {"using":"xpath","value":"//button[@data-kt=\"addButton\"]"}
COMMAND: POST /session/a952926708249603da5cc69792e3d2be/elements - {"using":"xpath","value":"//button[@data-kt=\"addButton\"]"}
RESULT: {"using":"xpath","value":"//button[@data-kt=\"addButton\"]"}
COMMAND: POST /session/a952926708249603da5cc69792e3d2be/elements - {"using":"xpath","value":"//button[@data-kt=\"addButton\"]"}
RESULT: {"using":"xpath","value":"//button[@data-kt=\"addButton\"]"}
COMMAND: POST /session/a952926708249603da5cc69792e3d2be/elements - {"using":"xpath","value":"//button[@data-kt=\"addButton\"]"}
RESULT: {"using":"xpath","value":"//button[@data-kt=\"addButton\"]"}
COMMAND: POST /session/a952926708249603da5cc69792e3d2be/elements - {"using":"xpath","value":"//button[@data-kt=\"addButton\"]"}
RESULT: {"using":"xpath","value":"//button[@data-kt=\"addButton\"]"}
COMMAND: POST /session/a952926708249603da5cc69792e3d2be/elements - {"using":"xpath","value":"//button[@data-kt=\"addButton\"]"}
RESULT: {"using":"xpath","value":"//button[@data-kt=\"addButton\"]"}
COMMAND: POST /session/a952926708249603da5cc69792e3d2be/elements - {"using":"xpath","value":"//button[@data-kt=\"addButton\"]"}
RESULT: {"using":"xpath","value":"//button[@data-kt=\"addButton\"]"}
COMMAND: POST /session/a952926708249603da5cc69792e3d2be/elements - {"using":"xpath","value":"//button[@data-kt=\"addButton\"]"}
RESULT: {"using":"xpath","value":"//button[@data-kt=\"addButton\"]"}
COMMAND: POST /session/a952926708249603da5cc69792e3d2be/elements - {"using":"xpath","value":"//button[@data-kt=\"addButton\"]"}
RESULT: {"using":"xpath","value":"//button[@data-kt=\"addButton\"]"}
COMMAND: POST /session/a952926708249603da5cc69792e3d2be/elements - {"using":"xpath","value":"//button[@data-kt=\"addButton\"]"}
RESULT: {"using":"xpath","value":"//button[@data-kt=\"addButton\"]"}
COMMAND: POST /session/a952926708249603da5cc69792e3d2be/elements - {"using":"xpath","value":"//button[@data-kt=\"addButton\"]"}
RESULT: {"using":"xpath","value":"//button[@data-kt=\"addButton\"]"}
COMMAND: POST /session/a952926708249603da5cc69792e3d2be/elements - {"using":"xpath","value":"//button[@data-kt=\"addButton\"]"}
RESULT: {"using":"xpath","value":"//button[@data-kt=\"addButton\"]"}
COMMAND: POST /session/a952926708249603da5cc69792e3d2be/elements - {"using":"xpath","value":"//button[@data-kt=\"addButton\"]"}
RESULT: {"using":"xpath","value":"//button[@data-kt=\"addButton\"]"}
COMMAND: POST /session/a952926708249603da5cc69792e3d2be/elements - {"using":"xpath","value":"//button[@data-kt=\"addButton\"]"}
RESULT: {"using":"xpath","value":"//button[@data-kt=\"addButton\"]"}
COMMAND: POST /session/a952926708249603da5cc69792e3d2be/elements - {"using":"xpath","value":"//button[@data-kt=\"addButton\"]"}
RESULT: {"using":"xpath","value":"//button[@data-kt=\"addButton\"]"}
COMMAND: POST /session/a952926708249603da5cc69792e3d2be/elements - {"using":"xpath","value":"//button[@data-kt=\"addButton\"]"}
RESULT: {"using":"xpath","value":"//button[@data-kt=\"addButton\"]"}
COMMAND: POST /session/a952926708249603da5cc69792e3d2be/elements - {"using":"xpath","value":"//button[@data-kt=\"addButton\"]"}
RESULT: {"using":"xpath","value":"//button[@data-kt=\"addButton\"]"}
COMMAND: POST /session/a952926708249603da5cc69792e3d2be/elements - {"using":"xpath","value":"//button[@data-kt=\"addButton\"]"}
RESULT: {"using":"xpath","value":"//button[@data-kt=\"addButton\"]"}
COMMAND: POST /session/a952926708249603da5cc69792e3d2be/elements - {"using":"xpath","value":"//button[@data-kt=\"addButton\"]"}
RESULT: {"using":"xpath","value":"//button[@data-kt=\"addButton\"]"}
COMMAND: POST /session/a952926708249603da5cc69792e3d2be/elements - {"using":"xpath","value":"//button[@data-kt=\"addButton\"]"}
RESULT: {"using":"xpath","value":"//button[@data-kt=\"addButton\"]"}
COMMAND: POST /session/a952926708249603da5cc69792e3d2be/elements - {"using":"xpath","value":"//button[@data-kt=\"addButton\"]"}
RESULT: {"using":"xpath","value":"//button[@data-kt=\"addButton\"]"}
COMMAND: POST /session/a952926708249603da5cc69792e3d2be/elements - {"using":"xpath","value":"//button[@data-kt=\"addButton\"]"}
RESULT: {"using":"xpath","value":"//button[@data-kt=\"addButton\"]"}
COMMAND: POST /session/a952926708249603da5cc69792e3d2be/elements - {"using":"xpath","value":"//button[@data-kt=\"addButton\"]"}
RESULT: {"using":"xpath","value":"//button[@data-kt=\"addButton\"]"}
COMMAND: POST /session/a952926708249603da5cc69792e3d2be/elements - {"using":"xpath","value":"//button[@data-kt=\"addButton\"]"}
RESULT: {"using":"xpath","value":"//button[@data-kt=\"addButton\"]"}
COMMAND: POST /session/a952926708249603da5cc69792e3d2be/elements - {"using":"xpath","value":"//button[@data-kt=\"addButton\"]"}
RESULT: {"using":"xpath","value":"//button[@data-kt=\"addButton\"]"}
COMMAND: POST /session/a952926708249603da5cc69792e3d2be/elements - {"using":"xpath","value":"//button[@data-kt=\"addButton\"]"}
RESULT: {"using":"xpath","value":"//button[@data-kt=\"addButton\"]"}
COMMAND: POST /session/a952926708249603da5cc69792e3d2be/elements - {"using":"xpath","value":"//button[@data-kt=\"addButton\"]"}
RESULT: {"using":"xpath","value":"//button[@data-kt=\"addButton\"]"}
COMMAND: POST /session/a952926708249603da5cc69792e3d2be/elements - {"using":"xpath","value":"//button[@data-kt=\"addButton\"]"}
RESULT: {"using":"xpath","value":"//button[@data-kt=\"addButton\"]"}
COMMAND: POST /session/a952926708249603da5cc69792e3d2be/elements - {"using":"xpath","value":"//button[@data-kt=\"addButton\"]"}
RESULT: {"using":"xpath","value":"//button[@data-kt=\"addButton\"]"}
COMMAND: POST /session/a952926708249603da5cc69792e3d2be/elements - {"using":"xpath","value":"//button[@data-kt=\"addButton\"]"}
RESULT: {"using":"xpath","value":"//button[@data-kt=\"addButton\"]"}
COMMAND: POST /session/a952926708249603da5cc69792e3d2be/elements - {"using":"xpath","value":"//button[@data-kt=\"addButton\"]"}
RESULT: {"using":"xpath","value":"//button[@data-kt=\"addButton\"]"}
COMMAND: POST /session/a952926708249603da5cc69792e3d2be/elements - {"using":"xpath","value":"//button[@data-kt=\"addButton\"]"}
RESULT: {"using":"xpath","value":"//button[@data-kt=\"addButton\"]"}
COMMAND: POST /session/a952926708249603da5cc69792e3d2be/elements - {"using":"xpath","value":"//button[@data-kt=\"addButton\"]"}
RESULT: {"using":"xpath","value":"//button[@data-kt=\"addButton\"]"}
COMMAND: POST /session/a952926708249603da5cc69792e3d2be/elements - {"using":"xpath","value":"//button[@data-kt=\"addButton\"]"}
RESULT: {"using":"xpath","value":"//button[@data-kt=\"addButton\"]"}
COMMAND: POST /session/a952926708249603da5cc69792e3d2be/elements - {"using":"xpath","value":"//button[@data-kt=\"addButton\"]"}
RESULT: {"using":"xpath","value":"//button[@data-kt=\"addButton\"]"}
COMMAND: POST /session/a952926708249603da5cc69792e3d2be/elements - {"using":"xpath","value":"//button[@data-kt=\"addButton\"]"}
RESULT: {"using":"xpath","value":"//button[@data-kt=\"addButton\"]"}
COMMAND: POST /session/a952926708249603da5cc69792e3d2be/elements - {"using":"xpath","value":"//button[@data-kt=\"addButton\"]"}
RESULT: {"using":"xpath","value":"//button[@data-kt=\"addButton\"]"}
COMMAND: POST /session/a952926708249603da5cc69792e3d2be/elements - {"using":"xpath","value":"//button[@data-kt=\"addButton\"]"}
RESULT: {"using":"xpath","value":"//button[@data-kt=\"addButton\"]"}
COMMAND: POST /session/a952926708249603da5cc69792e3d2be/elements - {"using":"xpath","value":"//button[@data-kt=\"addButton\"]"}
RESULT: {"using":"xpath","value":"//button[@data-kt=\"addButton\"]"}
COMMAND: POST /session/a952926708249603da5cc69792e3d2be/elements - {"using":"xpath","value":"//button[@data-kt=\"addButton\"]"}
RESULT: {"using":"xpath","value":"//button[@data-kt=\"addButton\"]"}
COMMAND: POST /session/a952926708249603da5cc69792e3d2be/elements - {"using":"xpath","value":"//button[@data-kt=\"addButton\"]"}
RESULT: {"using":"xpath","value":"//button[@data-kt=\"addButton\"]"}
COMMAND: POST /session/a952926708249603da5cc69792e3d2be/elements - {"using":"xpath","value":"//button[@data-kt=\"addButton\"]"}
RESULT: {"using":"xpath","value":"//button[@data-kt=\"addButton\"]"}
COMMAND: POST /session/a952926708249603da5cc69792e3d2be/elements - {"using":"xpath","value":"//button[@data-kt=\"addButton\"]"}
RESULT: {"using":"xpath","value":"//button[@data-kt=\"addButton\"]"}
COMMAND: GET /session/a952926708249603da5cc69792e3d2be/screenshot - {}
RESULT: {}
]]></system-out>
      <system-err><![CDATA[
Error: element ("//button[@data-kt="addButton"]") still not existing after 45000ms
    at async UtilsPrerequisites.partnerCreation (D:\a\1\s\test\specs\BTS\prerequisites-and-utils-functions.js:387:9)
    at async Context.<anonymous> (D:\a\1\s\test\specs\BTS\manage-partners.spec.js:363:44)
]]></system-err>
    </testcase>
    <testcase classname="chrome.136_0_7103_49.windows.Partner_specific_tests_US150819_US151080_US151654_US151176_US103444_US151078_US151079_US151109_US151174_US151175_US151189" name="Should do filtering and navigation tests US151109" time="55.623">
      <skipped />
      <system-out><![CDATA[
COMMAND: POST /session/a952926708249603da5cc69792e3d2be/element - {"using":"xpath","value":"//li[.//span[text()=\"Manage Partners\"]]"}
COMMAND: GET /session/a952926708249603da5cc69792e3d2be/screenshot - {}
RESULT: {"using":"xpath","value":"//li[.//span[text()=\"Manage Partners\"]]"}
COMMAND: POST /session/a952926708249603da5cc69792e3d2be/element - {"using":"xpath","value":"//li[.//span[text()=\"Manage Partners\"]]"}
RESULT: {}
RESULT: {"using":"xpath","value":"//li[.//span[text()=\"Manage Partners\"]]"}
COMMAND: POST /session/a952926708249603da5cc69792e3d2be/element - {"using":"css selector","value":"#shell-header-logo"}
RESULT: {"using":"css selector","value":"#shell-header-logo"}
COMMAND: POST /session/a952926708249603da5cc69792e3d2be/elements - {"using":"css selector","value":"#shell-header-logo"}
COMMAND: POST /session/a952926708249603da5cc69792e3d2be/element - {"using":"css selector","value":"#shell-header-logo"}
RESULT: {"using":"css selector","value":"#shell-header-logo"}
RESULT: {"using":"css selector","value":"#shell-header-logo"}
COMMAND: POST /session/a952926708249603da5cc69792e3d2be/elements - {"using":"css selector","value":"#shell-header-logo"}
RESULT: {"using":"css selector","value":"#shell-header-logo"}
COMMAND: POST /session/a952926708249603da5cc69792e3d2be/elements - {"using":"css selector","value":"#shell-header-logo"}
RESULT: {"using":"css selector","value":"#shell-header-logo"}
COMMAND: POST /session/a952926708249603da5cc69792e3d2be/elements - {"using":"css selector","value":"#shell-header-logo"}
RESULT: {"using":"css selector","value":"#shell-header-logo"}
COMMAND: POST /session/a952926708249603da5cc69792e3d2be/elements - {"using":"css selector","value":"#shell-header-logo"}
RESULT: {"using":"css selector","value":"#shell-header-logo"}
COMMAND: POST /session/a952926708249603da5cc69792e3d2be/elements - {"using":"css selector","value":"#shell-header-logo"}
RESULT: {"using":"css selector","value":"#shell-header-logo"}
COMMAND: POST /session/a952926708249603da5cc69792e3d2be/elements - {"using":"css selector","value":"#shell-header-logo"}
RESULT: {"using":"css selector","value":"#shell-header-logo"}
COMMAND: POST /session/a952926708249603da5cc69792e3d2be/elements - {"using":"css selector","value":"#shell-header-logo"}
RESULT: {"using":"css selector","value":"#shell-header-logo"}
COMMAND: POST /session/a952926708249603da5cc69792e3d2be/elements - {"using":"css selector","value":"#shell-header-logo"}
RESULT: {"using":"css selector","value":"#shell-header-logo"}
COMMAND: POST /session/a952926708249603da5cc69792e3d2be/elements - {"using":"css selector","value":"#shell-header-logo"}
RESULT: {"using":"css selector","value":"#shell-header-logo"}
COMMAND: POST /session/a952926708249603da5cc69792e3d2be/elements - {"using":"css selector","value":"#shell-header-logo"}
RESULT: {"using":"css selector","value":"#shell-header-logo"}
COMMAND: POST /session/a952926708249603da5cc69792e3d2be/elements - {"using":"css selector","value":"#shell-header-logo"}
RESULT: {"using":"css selector","value":"#shell-header-logo"}
COMMAND: POST /session/a952926708249603da5cc69792e3d2be/elements - {"using":"css selector","value":"#shell-header-logo"}
RESULT: {"using":"css selector","value":"#shell-header-logo"}
COMMAND: POST /session/a952926708249603da5cc69792e3d2be/elements - {"using":"css selector","value":"#shell-header-logo"}
RESULT: {"using":"css selector","value":"#shell-header-logo"}
COMMAND: POST /session/a952926708249603da5cc69792e3d2be/elements - {"using":"css selector","value":"#shell-header-logo"}
RESULT: {"using":"css selector","value":"#shell-header-logo"}
COMMAND: POST /session/a952926708249603da5cc69792e3d2be/elements - {"using":"css selector","value":"#shell-header-logo"}
RESULT: {"using":"css selector","value":"#shell-header-logo"}
COMMAND: POST /session/a952926708249603da5cc69792e3d2be/elements - {"using":"css selector","value":"#shell-header-logo"}
RESULT: {"using":"css selector","value":"#shell-header-logo"}
COMMAND: POST /session/a952926708249603da5cc69792e3d2be/elements - {"using":"css selector","value":"#shell-header-logo"}
RESULT: {"using":"css selector","value":"#shell-header-logo"}
COMMAND: POST /session/a952926708249603da5cc69792e3d2be/elements - {"using":"css selector","value":"#shell-header-logo"}
RESULT: {"using":"css selector","value":"#shell-header-logo"}
COMMAND: POST /session/a952926708249603da5cc69792e3d2be/elements - {"using":"css selector","value":"#shell-header-logo"}
RESULT: {"using":"css selector","value":"#shell-header-logo"}
RESULT: undefined
COMMAND: POST /session/a952926708249603da5cc69792e3d2be/element - {"using":"xpath","value":"//button[@data-kt=\"addButton\"]"}
COMMAND: POST /session/a952926708249603da5cc69792e3d2be/elements - {"using":"css selector","value":"#shell-header-logo"}
RESULT: {"using":"xpath","value":"//button[@data-kt=\"addButton\"]"}
COMMAND: POST /session/a952926708249603da5cc69792e3d2be/elements - {"using":"xpath","value":"//button[@data-kt=\"addButton\"]"}
RESULT: {"using":"css selector","value":"#shell-header-logo"}
RESULT: {"using":"xpath","value":"//button[@data-kt=\"addButton\"]"}
COMMAND: POST /session/a952926708249603da5cc69792e3d2be/elements - {"using":"css selector","value":"#shell-header-logo"}
RESULT: {"using":"css selector","value":"#shell-header-logo"}
COMMAND: POST /session/a952926708249603da5cc69792e3d2be/elements - {"using":"xpath","value":"//button[@data-kt=\"addButton\"]"}
RESULT: {"using":"xpath","value":"//button[@data-kt=\"addButton\"]"}
COMMAND: POST /session/a952926708249603da5cc69792e3d2be/elements - {"using":"css selector","value":"#shell-header-logo"}
RESULT: {"using":"css selector","value":"#shell-header-logo"}
COMMAND: POST /session/a952926708249603da5cc69792e3d2be/elements - {"using":"xpath","value":"//button[@data-kt=\"addButton\"]"}
RESULT: {"using":"xpath","value":"//button[@data-kt=\"addButton\"]"}
COMMAND: POST /session/a952926708249603da5cc69792e3d2be/elements - {"using":"css selector","value":"#shell-header-logo"}
RESULT: {"using":"css selector","value":"#shell-header-logo"}
COMMAND: POST /session/a952926708249603da5cc69792e3d2be/elements - {"using":"xpath","value":"//button[@data-kt=\"addButton\"]"}
RESULT: {"using":"xpath","value":"//button[@data-kt=\"addButton\"]"}
COMMAND: POST /session/a952926708249603da5cc69792e3d2be/elements - {"using":"css selector","value":"#shell-header-logo"}
RESULT: {"using":"css selector","value":"#shell-header-logo"}
COMMAND: POST /session/a952926708249603da5cc69792e3d2be/elements - {"using":"xpath","value":"//button[@data-kt=\"addButton\"]"}
RESULT: {"using":"xpath","value":"//button[@data-kt=\"addButton\"]"}
COMMAND: POST /session/a952926708249603da5cc69792e3d2be/elements - {"using":"css selector","value":"#shell-header-logo"}
RESULT: {"using":"css selector","value":"#shell-header-logo"}
COMMAND: POST /session/a952926708249603da5cc69792e3d2be/elements - {"using":"xpath","value":"//button[@data-kt=\"addButton\"]"}
RESULT: {"using":"xpath","value":"//button[@data-kt=\"addButton\"]"}
COMMAND: POST /session/a952926708249603da5cc69792e3d2be/elements - {"using":"css selector","value":"#shell-header-logo"}
RESULT: {"using":"css selector","value":"#shell-header-logo"}
COMMAND: POST /session/a952926708249603da5cc69792e3d2be/elements - {"using":"xpath","value":"//button[@data-kt=\"addButton\"]"}
RESULT: {"using":"xpath","value":"//button[@data-kt=\"addButton\"]"}
COMMAND: POST /session/a952926708249603da5cc69792e3d2be/elements - {"using":"css selector","value":"#shell-header-logo"}
RESULT: {"using":"css selector","value":"#shell-header-logo"}
COMMAND: POST /session/a952926708249603da5cc69792e3d2be/elements - {"using":"xpath","value":"//button[@data-kt=\"addButton\"]"}
RESULT: {"using":"xpath","value":"//button[@data-kt=\"addButton\"]"}
COMMAND: POST /session/a952926708249603da5cc69792e3d2be/elements - {"using":"css selector","value":"#shell-header-logo"}
COMMAND: POST /session/a952926708249603da5cc69792e3d2be/elements - {"using":"xpath","value":"//button[@data-kt=\"addButton\"]"}
RESULT: {"using":"css selector","value":"#shell-header-logo"}
RESULT: {"using":"xpath","value":"//button[@data-kt=\"addButton\"]"}
COMMAND: POST /session/a952926708249603da5cc69792e3d2be/elements - {"using":"css selector","value":"#shell-header-logo"}
COMMAND: POST /session/a952926708249603da5cc69792e3d2be/elements - {"using":"xpath","value":"//button[@data-kt=\"addButton\"]"}
RESULT: {"using":"css selector","value":"#shell-header-logo"}
RESULT: {"using":"xpath","value":"//button[@data-kt=\"addButton\"]"}
COMMAND: POST /session/a952926708249603da5cc69792e3d2be/elements - {"using":"css selector","value":"#shell-header-logo"}
RESULT: {"using":"css selector","value":"#shell-header-logo"}
COMMAND: POST /session/a952926708249603da5cc69792e3d2be/elements - {"using":"xpath","value":"//button[@data-kt=\"addButton\"]"}
RESULT: {"using":"xpath","value":"//button[@data-kt=\"addButton\"]"}
COMMAND: POST /session/a952926708249603da5cc69792e3d2be/elements - {"using":"css selector","value":"#shell-header-logo"}
COMMAND: POST /session/a952926708249603da5cc69792e3d2be/elements - {"using":"xpath","value":"//button[@data-kt=\"addButton\"]"}
RESULT: {"using":"css selector","value":"#shell-header-logo"}
RESULT: {"using":"xpath","value":"//button[@data-kt=\"addButton\"]"}
COMMAND: POST /session/a952926708249603da5cc69792e3d2be/elements - {"using":"css selector","value":"#shell-header-logo"}
COMMAND: POST /session/a952926708249603da5cc69792e3d2be/elements - {"using":"xpath","value":"//button[@data-kt=\"addButton\"]"}
RESULT: {"using":"css selector","value":"#shell-header-logo"}
RESULT: {"using":"xpath","value":"//button[@data-kt=\"addButton\"]"}
COMMAND: POST /session/a952926708249603da5cc69792e3d2be/elements - {"using":"css selector","value":"#shell-header-logo"}
RESULT: {"using":"css selector","value":"#shell-header-logo"}
COMMAND: POST /session/a952926708249603da5cc69792e3d2be/elements - {"using":"xpath","value":"//button[@data-kt=\"addButton\"]"}
RESULT: {"using":"xpath","value":"//button[@data-kt=\"addButton\"]"}
COMMAND: POST /session/a952926708249603da5cc69792e3d2be/elements - {"using":"css selector","value":"#shell-header-logo"}
RESULT: {"using":"css selector","value":"#shell-header-logo"}
COMMAND: POST /session/a952926708249603da5cc69792e3d2be/elements - {"using":"xpath","value":"//button[@data-kt=\"addButton\"]"}
RESULT: {"using":"xpath","value":"//button[@data-kt=\"addButton\"]"}
COMMAND: POST /session/a952926708249603da5cc69792e3d2be/elements - {"using":"css selector","value":"#shell-header-logo"}
RESULT: {"using":"css selector","value":"#shell-header-logo"}
COMMAND: POST /session/a952926708249603da5cc69792e3d2be/elements - {"using":"xpath","value":"//button[@data-kt=\"addButton\"]"}
RESULT: {"using":"xpath","value":"//button[@data-kt=\"addButton\"]"}
COMMAND: POST /session/a952926708249603da5cc69792e3d2be/elements - {"using":"css selector","value":"#shell-header-logo"}
RESULT: {"using":"css selector","value":"#shell-header-logo"}
COMMAND: POST /session/a952926708249603da5cc69792e3d2be/elements - {"using":"xpath","value":"//button[@data-kt=\"addButton\"]"}
RESULT: {"using":"xpath","value":"//button[@data-kt=\"addButton\"]"}
COMMAND: POST /session/a952926708249603da5cc69792e3d2be/elements - {"using":"css selector","value":"#shell-header-logo"}
RESULT: {"using":"css selector","value":"#shell-header-logo"}
COMMAND: POST /session/a952926708249603da5cc69792e3d2be/elements - {"using":"xpath","value":"//button[@data-kt=\"addButton\"]"}
RESULT: {"using":"xpath","value":"//button[@data-kt=\"addButton\"]"}
COMMAND: POST /session/a952926708249603da5cc69792e3d2be/elements - {"using":"css selector","value":"#shell-header-logo"}
RESULT: {"using":"css selector","value":"#shell-header-logo"}
COMMAND: POST /session/a952926708249603da5cc69792e3d2be/elements - {"using":"xpath","value":"//button[@data-kt=\"addButton\"]"}
RESULT: {"using":"xpath","value":"//button[@data-kt=\"addButton\"]"}
COMMAND: POST /session/a952926708249603da5cc69792e3d2be/elements - {"using":"css selector","value":"#shell-header-logo"}
COMMAND: POST /session/a952926708249603da5cc69792e3d2be/elements - {"using":"xpath","value":"//button[@data-kt=\"addButton\"]"}
RESULT: {"using":"css selector","value":"#shell-header-logo"}
RESULT: {"using":"xpath","value":"//button[@data-kt=\"addButton\"]"}
COMMAND: POST /session/a952926708249603da5cc69792e3d2be/elements - {"using":"css selector","value":"#shell-header-logo"}
RESULT: {"using":"css selector","value":"#shell-header-logo"}
COMMAND: POST /session/a952926708249603da5cc69792e3d2be/elements - {"using":"xpath","value":"//button[@data-kt=\"addButton\"]"}
RESULT: {"using":"xpath","value":"//button[@data-kt=\"addButton\"]"}
COMMAND: POST /session/a952926708249603da5cc69792e3d2be/elements - {"using":"css selector","value":"#shell-header-logo"}
RESULT: {"using":"css selector","value":"#shell-header-logo"}
COMMAND: POST /session/a952926708249603da5cc69792e3d2be/elements - {"using":"xpath","value":"//button[@data-kt=\"addButton\"]"}
RESULT: {"using":"xpath","value":"//button[@data-kt=\"addButton\"]"}
COMMAND: POST /session/a952926708249603da5cc69792e3d2be/elements - {"using":"css selector","value":"#shell-header-logo"}
COMMAND: POST /session/a952926708249603da5cc69792e3d2be/elements - {"using":"xpath","value":"//button[@data-kt=\"addButton\"]"}
RESULT: {"using":"css selector","value":"#shell-header-logo"}
RESULT: {"using":"xpath","value":"//button[@data-kt=\"addButton\"]"}
COMMAND: POST /session/a952926708249603da5cc69792e3d2be/elements - {"using":"css selector","value":"#shell-header-logo"}
RESULT: {"using":"css selector","value":"#shell-header-logo"}
COMMAND: POST /session/a952926708249603da5cc69792e3d2be/elements - {"using":"xpath","value":"//button[@data-kt=\"addButton\"]"}
RESULT: {"using":"xpath","value":"//button[@data-kt=\"addButton\"]"}
COMMAND: POST /session/a952926708249603da5cc69792e3d2be/elements - {"using":"css selector","value":"#shell-header-logo"}
RESULT: {"using":"css selector","value":"#shell-header-logo"}
COMMAND: POST /session/a952926708249603da5cc69792e3d2be/elements - {"using":"xpath","value":"//button[@data-kt=\"addButton\"]"}
RESULT: {"using":"xpath","value":"//button[@data-kt=\"addButton\"]"}
COMMAND: POST /session/a952926708249603da5cc69792e3d2be/elements - {"using":"css selector","value":"#shell-header-logo"}
RESULT: {"using":"css selector","value":"#shell-header-logo"}
COMMAND: POST /session/a952926708249603da5cc69792e3d2be/elements - {"using":"xpath","value":"//button[@data-kt=\"addButton\"]"}
RESULT: {"using":"xpath","value":"//button[@data-kt=\"addButton\"]"}
COMMAND: POST /session/a952926708249603da5cc69792e3d2be/elements - {"using":"css selector","value":"#shell-header-logo"}
RESULT: {"using":"css selector","value":"#shell-header-logo"}
COMMAND: POST /session/a952926708249603da5cc69792e3d2be/elements - {"using":"xpath","value":"//button[@data-kt=\"addButton\"]"}
RESULT: {"using":"xpath","value":"//button[@data-kt=\"addButton\"]"}
COMMAND: POST /session/a952926708249603da5cc69792e3d2be/elements - {"using":"css selector","value":"#shell-header-logo"}
RESULT: {"using":"css selector","value":"#shell-header-logo"}
COMMAND: POST /session/a952926708249603da5cc69792e3d2be/elements - {"using":"xpath","value":"//button[@data-kt=\"addButton\"]"}
RESULT: {"using":"xpath","value":"//button[@data-kt=\"addButton\"]"}
COMMAND: POST /session/a952926708249603da5cc69792e3d2be/elements - {"using":"css selector","value":"#shell-header-logo"}
RESULT: {"using":"css selector","value":"#shell-header-logo"}
COMMAND: POST /session/a952926708249603da5cc69792e3d2be/elements - {"using":"xpath","value":"//button[@data-kt=\"addButton\"]"}
RESULT: {"using":"xpath","value":"//button[@data-kt=\"addButton\"]"}
COMMAND: POST /session/a952926708249603da5cc69792e3d2be/elements - {"using":"css selector","value":"#shell-header-logo"}
RESULT: {"using":"css selector","value":"#shell-header-logo"}
COMMAND: POST /session/a952926708249603da5cc69792e3d2be/elements - {"using":"xpath","value":"//button[@data-kt=\"addButton\"]"}
RESULT: {"using":"xpath","value":"//button[@data-kt=\"addButton\"]"}
COMMAND: POST /session/a952926708249603da5cc69792e3d2be/elements - {"using":"css selector","value":"#shell-header-logo"}
RESULT: {"using":"css selector","value":"#shell-header-logo"}
COMMAND: POST /session/a952926708249603da5cc69792e3d2be/elements - {"using":"xpath","value":"//button[@data-kt=\"addButton\"]"}
RESULT: {"using":"xpath","value":"//button[@data-kt=\"addButton\"]"}
COMMAND: POST /session/a952926708249603da5cc69792e3d2be/elements - {"using":"css selector","value":"#shell-header-logo"}
RESULT: {"using":"css selector","value":"#shell-header-logo"}
COMMAND: POST /session/a952926708249603da5cc69792e3d2be/elements - {"using":"xpath","value":"//button[@data-kt=\"addButton\"]"}
RESULT: {"using":"xpath","value":"//button[@data-kt=\"addButton\"]"}
COMMAND: POST /session/a952926708249603da5cc69792e3d2be/elements - {"using":"css selector","value":"#shell-header-logo"}
RESULT: {"using":"css selector","value":"#shell-header-logo"}
COMMAND: POST /session/a952926708249603da5cc69792e3d2be/elements - {"using":"xpath","value":"//button[@data-kt=\"addButton\"]"}
RESULT: {"using":"xpath","value":"//button[@data-kt=\"addButton\"]"}
COMMAND: POST /session/a952926708249603da5cc69792e3d2be/elements - {"using":"css selector","value":"#shell-header-logo"}
RESULT: {"using":"css selector","value":"#shell-header-logo"}
COMMAND: POST /session/a952926708249603da5cc69792e3d2be/elements - {"using":"xpath","value":"//button[@data-kt=\"addButton\"]"}
RESULT: {"using":"xpath","value":"//button[@data-kt=\"addButton\"]"}
COMMAND: POST /session/a952926708249603da5cc69792e3d2be/elements - {"using":"css selector","value":"#shell-header-logo"}
RESULT: {"using":"css selector","value":"#shell-header-logo"}
COMMAND: POST /session/a952926708249603da5cc69792e3d2be/elements - {"using":"xpath","value":"//button[@data-kt=\"addButton\"]"}
RESULT: {"using":"xpath","value":"//button[@data-kt=\"addButton\"]"}
COMMAND: POST /session/a952926708249603da5cc69792e3d2be/elements - {"using":"css selector","value":"#shell-header-logo"}
RESULT: {"using":"css selector","value":"#shell-header-logo"}
COMMAND: POST /session/a952926708249603da5cc69792e3d2be/elements - {"using":"xpath","value":"//button[@data-kt=\"addButton\"]"}
RESULT: {"using":"xpath","value":"//button[@data-kt=\"addButton\"]"}
COMMAND: POST /session/a952926708249603da5cc69792e3d2be/elements - {"using":"css selector","value":"#shell-header-logo"}
RESULT: {"using":"css selector","value":"#shell-header-logo"}
COMMAND: POST /session/a952926708249603da5cc69792e3d2be/elements - {"using":"xpath","value":"//button[@data-kt=\"addButton\"]"}
RESULT: {"using":"xpath","value":"//button[@data-kt=\"addButton\"]"}
COMMAND: POST /session/a952926708249603da5cc69792e3d2be/elements - {"using":"css selector","value":"#shell-header-logo"}
RESULT: {"using":"css selector","value":"#shell-header-logo"}
COMMAND: POST /session/a952926708249603da5cc69792e3d2be/elements - {"using":"xpath","value":"//button[@data-kt=\"addButton\"]"}
RESULT: {"using":"xpath","value":"//button[@data-kt=\"addButton\"]"}
COMMAND: POST /session/a952926708249603da5cc69792e3d2be/elements - {"using":"css selector","value":"#shell-header-logo"}
COMMAND: POST /session/a952926708249603da5cc69792e3d2be/elements - {"using":"xpath","value":"//button[@data-kt=\"addButton\"]"}
RESULT: {"using":"css selector","value":"#shell-header-logo"}
RESULT: {"using":"xpath","value":"//button[@data-kt=\"addButton\"]"}
COMMAND: POST /session/a952926708249603da5cc69792e3d2be/elements - {"using":"css selector","value":"#shell-header-logo"}
COMMAND: POST /session/a952926708249603da5cc69792e3d2be/elements - {"using":"xpath","value":"//button[@data-kt=\"addButton\"]"}
RESULT: {"using":"css selector","value":"#shell-header-logo"}
RESULT: {"using":"xpath","value":"//button[@data-kt=\"addButton\"]"}
COMMAND: POST /session/a952926708249603da5cc69792e3d2be/elements - {"using":"css selector","value":"#shell-header-logo"}
RESULT: {"using":"css selector","value":"#shell-header-logo"}
COMMAND: POST /session/a952926708249603da5cc69792e3d2be/elements - {"using":"xpath","value":"//button[@data-kt=\"addButton\"]"}
RESULT: {"using":"xpath","value":"//button[@data-kt=\"addButton\"]"}
COMMAND: POST /session/a952926708249603da5cc69792e3d2be/elements - {"using":"css selector","value":"#shell-header-logo"}
RESULT: {"using":"css selector","value":"#shell-header-logo"}
COMMAND: POST /session/a952926708249603da5cc69792e3d2be/elements - {"using":"xpath","value":"//button[@data-kt=\"addButton\"]"}
RESULT: {"using":"xpath","value":"//button[@data-kt=\"addButton\"]"}
COMMAND: POST /session/a952926708249603da5cc69792e3d2be/elements - {"using":"css selector","value":"#shell-header-logo"}
COMMAND: POST /session/a952926708249603da5cc69792e3d2be/elements - {"using":"xpath","value":"//button[@data-kt=\"addButton\"]"}
RESULT: {"using":"css selector","value":"#shell-header-logo"}
RESULT: {"using":"xpath","value":"//button[@data-kt=\"addButton\"]"}
COMMAND: POST /session/a952926708249603da5cc69792e3d2be/elements - {"using":"css selector","value":"#shell-header-logo"}
RESULT: {"using":"css selector","value":"#shell-header-logo"}
COMMAND: POST /session/a952926708249603da5cc69792e3d2be/elements - {"using":"xpath","value":"//button[@data-kt=\"addButton\"]"}
RESULT: {"using":"xpath","value":"//button[@data-kt=\"addButton\"]"}
COMMAND: POST /session/a952926708249603da5cc69792e3d2be/elements - {"using":"css selector","value":"#shell-header-logo"}
RESULT: {"using":"css selector","value":"#shell-header-logo"}
COMMAND: POST /session/a952926708249603da5cc69792e3d2be/elements - {"using":"xpath","value":"//button[@data-kt=\"addButton\"]"}
RESULT: {"using":"xpath","value":"//button[@data-kt=\"addButton\"]"}
COMMAND: POST /session/a952926708249603da5cc69792e3d2be/elements - {"using":"css selector","value":"#shell-header-logo"}
RESULT: {"using":"css selector","value":"#shell-header-logo"}
COMMAND: POST /session/a952926708249603da5cc69792e3d2be/elements - {"using":"xpath","value":"//button[@data-kt=\"addButton\"]"}
RESULT: {"using":"xpath","value":"//button[@data-kt=\"addButton\"]"}
COMMAND: POST /session/a952926708249603da5cc69792e3d2be/elements - {"using":"css selector","value":"#shell-header-logo"}
RESULT: {"using":"css selector","value":"#shell-header-logo"}
COMMAND: POST /session/a952926708249603da5cc69792e3d2be/elements - {"using":"xpath","value":"//button[@data-kt=\"addButton\"]"}
RESULT: {"using":"xpath","value":"//button[@data-kt=\"addButton\"]"}
COMMAND: POST /session/a952926708249603da5cc69792e3d2be/elements - {"using":"css selector","value":"#shell-header-logo"}
RESULT: {"using":"css selector","value":"#shell-header-logo"}
COMMAND: POST /session/a952926708249603da5cc69792e3d2be/elements - {"using":"xpath","value":"//button[@data-kt=\"addButton\"]"}
RESULT: {"using":"xpath","value":"//button[@data-kt=\"addButton\"]"}
COMMAND: POST /session/a952926708249603da5cc69792e3d2be/elements - {"using":"css selector","value":"#shell-header-logo"}
RESULT: {"using":"css selector","value":"#shell-header-logo"}
COMMAND: POST /session/a952926708249603da5cc69792e3d2be/elements - {"using":"xpath","value":"//button[@data-kt=\"addButton\"]"}
RESULT: {"using":"xpath","value":"//button[@data-kt=\"addButton\"]"}
COMMAND: POST /session/a952926708249603da5cc69792e3d2be/elements - {"using":"css selector","value":"#shell-header-logo"}
RESULT: {"using":"css selector","value":"#shell-header-logo"}
COMMAND: POST /session/a952926708249603da5cc69792e3d2be/elements - {"using":"xpath","value":"//button[@data-kt=\"addButton\"]"}
RESULT: {"using":"xpath","value":"//button[@data-kt=\"addButton\"]"}
COMMAND: POST /session/a952926708249603da5cc69792e3d2be/elements - {"using":"css selector","value":"#shell-header-logo"}
RESULT: {"using":"css selector","value":"#shell-header-logo"}
COMMAND: POST /session/a952926708249603da5cc69792e3d2be/elements - {"using":"xpath","value":"//button[@data-kt=\"addButton\"]"}
RESULT: {"using":"xpath","value":"//button[@data-kt=\"addButton\"]"}
COMMAND: POST /session/a952926708249603da5cc69792e3d2be/elements - {"using":"css selector","value":"#shell-header-logo"}
RESULT: {"using":"css selector","value":"#shell-header-logo"}
COMMAND: POST /session/a952926708249603da5cc69792e3d2be/elements - {"using":"xpath","value":"//button[@data-kt=\"addButton\"]"}
RESULT: {"using":"xpath","value":"//button[@data-kt=\"addButton\"]"}
COMMAND: POST /session/a952926708249603da5cc69792e3d2be/elements - {"using":"css selector","value":"#shell-header-logo"}
RESULT: {"using":"css selector","value":"#shell-header-logo"}
COMMAND: POST /session/a952926708249603da5cc69792e3d2be/elements - {"using":"xpath","value":"//button[@data-kt=\"addButton\"]"}
RESULT: {"using":"xpath","value":"//button[@data-kt=\"addButton\"]"}
COMMAND: POST /session/a952926708249603da5cc69792e3d2be/elements - {"using":"css selector","value":"#shell-header-logo"}
RESULT: {"using":"css selector","value":"#shell-header-logo"}
COMMAND: POST /session/a952926708249603da5cc69792e3d2be/elements - {"using":"xpath","value":"//button[@data-kt=\"addButton\"]"}
RESULT: {"using":"xpath","value":"//button[@data-kt=\"addButton\"]"}
COMMAND: POST /session/a952926708249603da5cc69792e3d2be/elements - {"using":"css selector","value":"#shell-header-logo"}
RESULT: {"using":"css selector","value":"#shell-header-logo"}
COMMAND: POST /session/a952926708249603da5cc69792e3d2be/elements - {"using":"xpath","value":"//button[@data-kt=\"addButton\"]"}
RESULT: {"using":"xpath","value":"//button[@data-kt=\"addButton\"]"}
COMMAND: POST /session/a952926708249603da5cc69792e3d2be/elements - {"using":"css selector","value":"#shell-header-logo"}
RESULT: {"using":"css selector","value":"#shell-header-logo"}
COMMAND: POST /session/a952926708249603da5cc69792e3d2be/elements - {"using":"xpath","value":"//button[@data-kt=\"addButton\"]"}
RESULT: {"using":"xpath","value":"//button[@data-kt=\"addButton\"]"}
COMMAND: POST /session/a952926708249603da5cc69792e3d2be/elements - {"using":"css selector","value":"#shell-header-logo"}
RESULT: {"using":"css selector","value":"#shell-header-logo"}
COMMAND: POST /session/a952926708249603da5cc69792e3d2be/elements - {"using":"xpath","value":"//button[@data-kt=\"addButton\"]"}
RESULT: {"using":"xpath","value":"//button[@data-kt=\"addButton\"]"}
COMMAND: POST /session/a952926708249603da5cc69792e3d2be/elements - {"using":"css selector","value":"#shell-header-logo"}
RESULT: {"using":"css selector","value":"#shell-header-logo"}
COMMAND: POST /session/a952926708249603da5cc69792e3d2be/elements - {"using":"xpath","value":"//button[@data-kt=\"addButton\"]"}
RESULT: {"using":"xpath","value":"//button[@data-kt=\"addButton\"]"}
COMMAND: POST /session/a952926708249603da5cc69792e3d2be/elements - {"using":"css selector","value":"#shell-header-logo"}
COMMAND: POST /session/a952926708249603da5cc69792e3d2be/elements - {"using":"xpath","value":"//button[@data-kt=\"addButton\"]"}
RESULT: {"using":"css selector","value":"#shell-header-logo"}
RESULT: {"using":"xpath","value":"//button[@data-kt=\"addButton\"]"}
COMMAND: POST /session/a952926708249603da5cc69792e3d2be/elements - {"using":"css selector","value":"#shell-header-logo"}
RESULT: {"using":"css selector","value":"#shell-header-logo"}
COMMAND: POST /session/a952926708249603da5cc69792e3d2be/elements - {"using":"xpath","value":"//button[@data-kt=\"addButton\"]"}
RESULT: {"using":"xpath","value":"//button[@data-kt=\"addButton\"]"}
COMMAND: POST /session/a952926708249603da5cc69792e3d2be/elements - {"using":"css selector","value":"#shell-header-logo"}
RESULT: {"using":"css selector","value":"#shell-header-logo"}
COMMAND: POST /session/a952926708249603da5cc69792e3d2be/elements - {"using":"xpath","value":"//button[@data-kt=\"addButton\"]"}
RESULT: {"using":"xpath","value":"//button[@data-kt=\"addButton\"]"}
COMMAND: POST /session/a952926708249603da5cc69792e3d2be/elements - {"using":"css selector","value":"#shell-header-logo"}
RESULT: {"using":"css selector","value":"#shell-header-logo"}
COMMAND: POST /session/a952926708249603da5cc69792e3d2be/elements - {"using":"xpath","value":"//button[@data-kt=\"addButton\"]"}
RESULT: {"using":"xpath","value":"//button[@data-kt=\"addButton\"]"}
COMMAND: POST /session/a952926708249603da5cc69792e3d2be/elements - {"using":"css selector","value":"#shell-header-logo"}
RESULT: {"using":"css selector","value":"#shell-header-logo"}
COMMAND: POST /session/a952926708249603da5cc69792e3d2be/elements - {"using":"xpath","value":"//button[@data-kt=\"addButton\"]"}
RESULT: {"using":"xpath","value":"//button[@data-kt=\"addButton\"]"}
COMMAND: POST /session/a952926708249603da5cc69792e3d2be/elements - {"using":"css selector","value":"#shell-header-logo"}
RESULT: {"using":"css selector","value":"#shell-header-logo"}
COMMAND: POST /session/a952926708249603da5cc69792e3d2be/elements - {"using":"xpath","value":"//button[@data-kt=\"addButton\"]"}
RESULT: {"using":"xpath","value":"//button[@data-kt=\"addButton\"]"}
COMMAND: POST /session/a952926708249603da5cc69792e3d2be/elements - {"using":"css selector","value":"#shell-header-logo"}
COMMAND: POST /session/a952926708249603da5cc69792e3d2be/elements - {"using":"xpath","value":"//button[@data-kt=\"addButton\"]"}
RESULT: {"using":"css selector","value":"#shell-header-logo"}
RESULT: {"using":"xpath","value":"//button[@data-kt=\"addButton\"]"}
COMMAND: POST /session/a952926708249603da5cc69792e3d2be/elements - {"using":"css selector","value":"#shell-header-logo"}
RESULT: {"using":"css selector","value":"#shell-header-logo"}
COMMAND: POST /session/a952926708249603da5cc69792e3d2be/elements - {"using":"xpath","value":"//button[@data-kt=\"addButton\"]"}
RESULT: {"using":"xpath","value":"//button[@data-kt=\"addButton\"]"}
COMMAND: POST /session/a952926708249603da5cc69792e3d2be/elements - {"using":"css selector","value":"#shell-header-logo"}
RESULT: {"using":"css selector","value":"#shell-header-logo"}
COMMAND: POST /session/a952926708249603da5cc69792e3d2be/elements - {"using":"xpath","value":"//button[@data-kt=\"addButton\"]"}
RESULT: {"using":"xpath","value":"//button[@data-kt=\"addButton\"]"}
COMMAND: POST /session/a952926708249603da5cc69792e3d2be/elements - {"using":"css selector","value":"#shell-header-logo"}
RESULT: {"using":"css selector","value":"#shell-header-logo"}
COMMAND: POST /session/a952926708249603da5cc69792e3d2be/elements - {"using":"xpath","value":"//button[@data-kt=\"addButton\"]"}
RESULT: {"using":"xpath","value":"//button[@data-kt=\"addButton\"]"}
COMMAND: POST /session/a952926708249603da5cc69792e3d2be/elements - {"using":"css selector","value":"#shell-header-logo"}
COMMAND: POST /session/a952926708249603da5cc69792e3d2be/elements - {"using":"xpath","value":"//button[@data-kt=\"addButton\"]"}
RESULT: {"using":"css selector","value":"#shell-header-logo"}
RESULT: {"using":"xpath","value":"//button[@data-kt=\"addButton\"]"}
COMMAND: POST /session/a952926708249603da5cc69792e3d2be/elements - {"using":"css selector","value":"#shell-header-logo"}
RESULT: {"using":"css selector","value":"#shell-header-logo"}
COMMAND: POST /session/a952926708249603da5cc69792e3d2be/elements - {"using":"xpath","value":"//button[@data-kt=\"addButton\"]"}
RESULT: {"using":"xpath","value":"//button[@data-kt=\"addButton\"]"}
COMMAND: POST /session/a952926708249603da5cc69792e3d2be/elements - {"using":"css selector","value":"#shell-header-logo"}
RESULT: {"using":"css selector","value":"#shell-header-logo"}
COMMAND: POST /session/a952926708249603da5cc69792e3d2be/elements - {"using":"xpath","value":"//button[@data-kt=\"addButton\"]"}
RESULT: {"using":"xpath","value":"//button[@data-kt=\"addButton\"]"}
COMMAND: POST /session/a952926708249603da5cc69792e3d2be/elements - {"using":"css selector","value":"#shell-header-logo"}
COMMAND: POST /session/a952926708249603da5cc69792e3d2be/elements - {"using":"xpath","value":"//button[@data-kt=\"addButton\"]"}
RESULT: {"using":"css selector","value":"#shell-header-logo"}
RESULT: {"using":"xpath","value":"//button[@data-kt=\"addButton\"]"}
COMMAND: POST /session/a952926708249603da5cc69792e3d2be/elements - {"using":"css selector","value":"#shell-header-logo"}
COMMAND: POST /session/a952926708249603da5cc69792e3d2be/elements - {"using":"xpath","value":"//button[@data-kt=\"addButton\"]"}
RESULT: {"using":"css selector","value":"#shell-header-logo"}
RESULT: {"using":"xpath","value":"//button[@data-kt=\"addButton\"]"}
COMMAND: POST /session/a952926708249603da5cc69792e3d2be/elements - {"using":"css selector","value":"#shell-header-logo"}
RESULT: {"using":"css selector","value":"#shell-header-logo"}
COMMAND: POST /session/a952926708249603da5cc69792e3d2be/elements - {"using":"xpath","value":"//button[@data-kt=\"addButton\"]"}
RESULT: {"using":"xpath","value":"//button[@data-kt=\"addButton\"]"}
COMMAND: POST /session/a952926708249603da5cc69792e3d2be/elements - {"using":"css selector","value":"#shell-header-logo"}
RESULT: {"using":"css selector","value":"#shell-header-logo"}
COMMAND: POST /session/a952926708249603da5cc69792e3d2be/elements - {"using":"xpath","value":"//button[@data-kt=\"addButton\"]"}
RESULT: {"using":"xpath","value":"//button[@data-kt=\"addButton\"]"}
COMMAND: POST /session/a952926708249603da5cc69792e3d2be/elements - {"using":"css selector","value":"#shell-header-logo"}
RESULT: {"using":"css selector","value":"#shell-header-logo"}
COMMAND: POST /session/a952926708249603da5cc69792e3d2be/elements - {"using":"xpath","value":"//button[@data-kt=\"addButton\"]"}
RESULT: {"using":"xpath","value":"//button[@data-kt=\"addButton\"]"}
COMMAND: POST /session/a952926708249603da5cc69792e3d2be/elements - {"using":"css selector","value":"#shell-header-logo"}
COMMAND: POST /session/a952926708249603da5cc69792e3d2be/elements - {"using":"xpath","value":"//button[@data-kt=\"addButton\"]"}
RESULT: {"using":"css selector","value":"#shell-header-logo"}
RESULT: {"using":"xpath","value":"//button[@data-kt=\"addButton\"]"}
COMMAND: POST /session/a952926708249603da5cc69792e3d2be/elements - {"using":"css selector","value":"#shell-header-logo"}
RESULT: {"using":"css selector","value":"#shell-header-logo"}
COMMAND: POST /session/a952926708249603da5cc69792e3d2be/elements - {"using":"xpath","value":"//button[@data-kt=\"addButton\"]"}
RESULT: {"using":"xpath","value":"//button[@data-kt=\"addButton\"]"}
COMMAND: POST /session/a952926708249603da5cc69792e3d2be/elements - {"using":"css selector","value":"#shell-header-logo"}
RESULT: {"using":"css selector","value":"#shell-header-logo"}
COMMAND: POST /session/a952926708249603da5cc69792e3d2be/elements - {"using":"xpath","value":"//button[@data-kt=\"addButton\"]"}
RESULT: {"using":"xpath","value":"//button[@data-kt=\"addButton\"]"}
COMMAND: POST /session/a952926708249603da5cc69792e3d2be/elements - {"using":"css selector","value":"#shell-header-logo"}
RESULT: {"using":"css selector","value":"#shell-header-logo"}
COMMAND: POST /session/a952926708249603da5cc69792e3d2be/elements - {"using":"xpath","value":"//button[@data-kt=\"addButton\"]"}
RESULT: {"using":"xpath","value":"//button[@data-kt=\"addButton\"]"}
COMMAND: POST /session/a952926708249603da5cc69792e3d2be/elements - {"using":"css selector","value":"#shell-header-logo"}
RESULT: {"using":"css selector","value":"#shell-header-logo"}
COMMAND: POST /session/a952926708249603da5cc69792e3d2be/elements - {"using":"xpath","value":"//button[@data-kt=\"addButton\"]"}
RESULT: {"using":"xpath","value":"//button[@data-kt=\"addButton\"]"}
COMMAND: POST /session/a952926708249603da5cc69792e3d2be/elements - {"using":"css selector","value":"#shell-header-logo"}
RESULT: {"using":"css selector","value":"#shell-header-logo"}
COMMAND: POST /session/a952926708249603da5cc69792e3d2be/elements - {"using":"xpath","value":"//button[@data-kt=\"addButton\"]"}
RESULT: {"using":"xpath","value":"//button[@data-kt=\"addButton\"]"}
COMMAND: POST /session/a952926708249603da5cc69792e3d2be/elements - {"using":"css selector","value":"#shell-header-logo"}
RESULT: {"using":"css selector","value":"#shell-header-logo"}
COMMAND: POST /session/a952926708249603da5cc69792e3d2be/elements - {"using":"xpath","value":"//button[@data-kt=\"addButton\"]"}
RESULT: {"using":"xpath","value":"//button[@data-kt=\"addButton\"]"}
COMMAND: POST /session/a952926708249603da5cc69792e3d2be/elements - {"using":"css selector","value":"#shell-header-logo"}
RESULT: {"using":"css selector","value":"#shell-header-logo"}
COMMAND: POST /session/a952926708249603da5cc69792e3d2be/elements - {"using":"xpath","value":"//button[@data-kt=\"addButton\"]"}
RESULT: {"using":"xpath","value":"//button[@data-kt=\"addButton\"]"}
COMMAND: POST /session/a952926708249603da5cc69792e3d2be/elements - {"using":"css selector","value":"#shell-header-logo"}
RESULT: {"using":"css selector","value":"#shell-header-logo"}
COMMAND: POST /session/a952926708249603da5cc69792e3d2be/elements - {"using":"xpath","value":"//button[@data-kt=\"addButton\"]"}
RESULT: {"using":"xpath","value":"//button[@data-kt=\"addButton\"]"}
COMMAND: POST /session/a952926708249603da5cc69792e3d2be/elements - {"using":"css selector","value":"#shell-header-logo"}
RESULT: {"using":"css selector","value":"#shell-header-logo"}
COMMAND: POST /session/a952926708249603da5cc69792e3d2be/elements - {"using":"xpath","value":"//button[@data-kt=\"addButton\"]"}
RESULT: {"using":"xpath","value":"//button[@data-kt=\"addButton\"]"}
COMMAND: POST /session/a952926708249603da5cc69792e3d2be/elements - {"using":"css selector","value":"#shell-header-logo"}
RESULT: {"using":"css selector","value":"#shell-header-logo"}
COMMAND: POST /session/a952926708249603da5cc69792e3d2be/elements - {"using":"xpath","value":"//button[@data-kt=\"addButton\"]"}
RESULT: {"using":"xpath","value":"//button[@data-kt=\"addButton\"]"}
COMMAND: POST /session/a952926708249603da5cc69792e3d2be/elements - {"using":"css selector","value":"#shell-header-logo"}
RESULT: {"using":"css selector","value":"#shell-header-logo"}
COMMAND: POST /session/a952926708249603da5cc69792e3d2be/elements - {"using":"xpath","value":"//button[@data-kt=\"addButton\"]"}
RESULT: {"using":"xpath","value":"//button[@data-kt=\"addButton\"]"}
COMMAND: POST /session/a952926708249603da5cc69792e3d2be/elements - {"using":"css selector","value":"#shell-header-logo"}
RESULT: {"using":"css selector","value":"#shell-header-logo"}
COMMAND: POST /session/a952926708249603da5cc69792e3d2be/elements - {"using":"xpath","value":"//button[@data-kt=\"addButton\"]"}
RESULT: {"using":"xpath","value":"//button[@data-kt=\"addButton\"]"}
COMMAND: POST /session/a952926708249603da5cc69792e3d2be/elements - {"using":"css selector","value":"#shell-header-logo"}
RESULT: {"using":"css selector","value":"#shell-header-logo"}
COMMAND: POST /session/a952926708249603da5cc69792e3d2be/elements - {"using":"xpath","value":"//button[@data-kt=\"addButton\"]"}
RESULT: {"using":"xpath","value":"//button[@data-kt=\"addButton\"]"}
COMMAND: POST /session/a952926708249603da5cc69792e3d2be/elements - {"using":"css selector","value":"#shell-header-logo"}
RESULT: {"using":"css selector","value":"#shell-header-logo"}
COMMAND: POST /session/a952926708249603da5cc69792e3d2be/elements - {"using":"xpath","value":"//button[@data-kt=\"addButton\"]"}
COMMAND: GET /session/a952926708249603da5cc69792e3d2be/screenshot - {}
RESULT: {"using":"xpath","value":"//button[@data-kt=\"addButton\"]"}
RESULT: {}
]]></system-out>
      <system-err><![CDATA[
Error: element ("//button[@data-kt="addButton"]") still not existing after 45000ms
    at async Context.<anonymous> (D:\a\1\s\test\specs\BTS\manage-partners.spec.js:382:9)
]]></system-err>
    </testcase>
    <testcase classname="chrome.136_0_7103_49.windows.Partner_specific_tests_US150819_US151080_US151654_US151176_US103444_US151078_US151079_US151109_US151174_US151175_US151189" name="Should do filtering and navigation tests US151109" time="55.375">
      <skipped />
      <system-out><![CDATA[
COMMAND: POST /session/a952926708249603da5cc69792e3d2be/element - {"using":"xpath","value":"//li[.//span[text()=\"Manage Partners\"]]"}
RESULT: {"using":"xpath","value":"//li[.//span[text()=\"Manage Partners\"]]"}
COMMAND: POST /session/a952926708249603da5cc69792e3d2be/element - {"using":"xpath","value":"//li[.//span[text()=\"Manage Partners\"]]"}
RESULT: {"using":"xpath","value":"//li[.//span[text()=\"Manage Partners\"]]"}
COMMAND: POST /session/a952926708249603da5cc69792e3d2be/element - {"using":"css selector","value":"#shell-header-logo"}
RESULT: {"using":"css selector","value":"#shell-header-logo"}
COMMAND: POST /session/a952926708249603da5cc69792e3d2be/elements - {"using":"css selector","value":"#shell-header-logo"}
COMMAND: POST /session/a952926708249603da5cc69792e3d2be/element - {"using":"css selector","value":"#shell-header-logo"}
RESULT: {"using":"css selector","value":"#shell-header-logo"}
RESULT: {"using":"css selector","value":"#shell-header-logo"}
COMMAND: POST /session/a952926708249603da5cc69792e3d2be/elements - {"using":"css selector","value":"#shell-header-logo"}
RESULT: {"using":"css selector","value":"#shell-header-logo"}
COMMAND: POST /session/a952926708249603da5cc69792e3d2be/elements - {"using":"css selector","value":"#shell-header-logo"}
RESULT: {"using":"css selector","value":"#shell-header-logo"}
COMMAND: POST /session/a952926708249603da5cc69792e3d2be/elements - {"using":"css selector","value":"#shell-header-logo"}
RESULT: {"using":"css selector","value":"#shell-header-logo"}
COMMAND: POST /session/a952926708249603da5cc69792e3d2be/elements - {"using":"css selector","value":"#shell-header-logo"}
RESULT: {"using":"css selector","value":"#shell-header-logo"}
COMMAND: POST /session/a952926708249603da5cc69792e3d2be/elements - {"using":"css selector","value":"#shell-header-logo"}
RESULT: {"using":"css selector","value":"#shell-header-logo"}
COMMAND: POST /session/a952926708249603da5cc69792e3d2be/elements - {"using":"css selector","value":"#shell-header-logo"}
RESULT: {"using":"css selector","value":"#shell-header-logo"}
COMMAND: POST /session/a952926708249603da5cc69792e3d2be/elements - {"using":"css selector","value":"#shell-header-logo"}
RESULT: {"using":"css selector","value":"#shell-header-logo"}
COMMAND: POST /session/a952926708249603da5cc69792e3d2be/elements - {"using":"css selector","value":"#shell-header-logo"}
RESULT: {"using":"css selector","value":"#shell-header-logo"}
COMMAND: POST /session/a952926708249603da5cc69792e3d2be/elements - {"using":"css selector","value":"#shell-header-logo"}
RESULT: {"using":"css selector","value":"#shell-header-logo"}
COMMAND: POST /session/a952926708249603da5cc69792e3d2be/elements - {"using":"css selector","value":"#shell-header-logo"}
RESULT: {"using":"css selector","value":"#shell-header-logo"}
COMMAND: POST /session/a952926708249603da5cc69792e3d2be/elements - {"using":"css selector","value":"#shell-header-logo"}
RESULT: {"using":"css selector","value":"#shell-header-logo"}
COMMAND: POST /session/a952926708249603da5cc69792e3d2be/elements - {"using":"css selector","value":"#shell-header-logo"}
RESULT: {"using":"css selector","value":"#shell-header-logo"}
COMMAND: POST /session/a952926708249603da5cc69792e3d2be/elements - {"using":"css selector","value":"#shell-header-logo"}
RESULT: {"using":"css selector","value":"#shell-header-logo"}
COMMAND: POST /session/a952926708249603da5cc69792e3d2be/elements - {"using":"css selector","value":"#shell-header-logo"}
RESULT: {"using":"css selector","value":"#shell-header-logo"}
COMMAND: POST /session/a952926708249603da5cc69792e3d2be/elements - {"using":"css selector","value":"#shell-header-logo"}
RESULT: {"using":"css selector","value":"#shell-header-logo"}
COMMAND: POST /session/a952926708249603da5cc69792e3d2be/elements - {"using":"css selector","value":"#shell-header-logo"}
RESULT: {"using":"css selector","value":"#shell-header-logo"}
COMMAND: POST /session/a952926708249603da5cc69792e3d2be/elements - {"using":"css selector","value":"#shell-header-logo"}
RESULT: {"using":"css selector","value":"#shell-header-logo"}
COMMAND: POST /session/a952926708249603da5cc69792e3d2be/elements - {"using":"css selector","value":"#shell-header-logo"}
RESULT: {"using":"css selector","value":"#shell-header-logo"}
COMMAND: POST /session/a952926708249603da5cc69792e3d2be/elements - {"using":"css selector","value":"#shell-header-logo"}
RESULT: {"using":"css selector","value":"#shell-header-logo"}
COMMAND: POST /session/a952926708249603da5cc69792e3d2be/elements - {"using":"css selector","value":"#shell-header-logo"}
RESULT: {"using":"css selector","value":"#shell-header-logo"}
COMMAND: POST /session/a952926708249603da5cc69792e3d2be/elements - {"using":"css selector","value":"#shell-header-logo"}
RESULT: {"using":"css selector","value":"#shell-header-logo"}
COMMAND: POST /session/a952926708249603da5cc69792e3d2be/elements - {"using":"css selector","value":"#shell-header-logo"}
RESULT: {"using":"css selector","value":"#shell-header-logo"}
COMMAND: POST /session/a952926708249603da5cc69792e3d2be/elements - {"using":"css selector","value":"#shell-header-logo"}
RESULT: {"using":"css selector","value":"#shell-header-logo"}
COMMAND: POST /session/a952926708249603da5cc69792e3d2be/elements - {"using":"css selector","value":"#shell-header-logo"}
RESULT: {"using":"css selector","value":"#shell-header-logo"}
COMMAND: POST /session/a952926708249603da5cc69792e3d2be/elements - {"using":"css selector","value":"#shell-header-logo"}
RESULT: {"using":"css selector","value":"#shell-header-logo"}
COMMAND: POST /session/a952926708249603da5cc69792e3d2be/elements - {"using":"css selector","value":"#shell-header-logo"}
RESULT: {"using":"css selector","value":"#shell-header-logo"}
COMMAND: POST /session/a952926708249603da5cc69792e3d2be/elements - {"using":"css selector","value":"#shell-header-logo"}
RESULT: {"using":"css selector","value":"#shell-header-logo"}
COMMAND: POST /session/a952926708249603da5cc69792e3d2be/elements - {"using":"css selector","value":"#shell-header-logo"}
RESULT: {"using":"css selector","value":"#shell-header-logo"}
COMMAND: POST /session/a952926708249603da5cc69792e3d2be/elements - {"using":"css selector","value":"#shell-header-logo"}
RESULT: {"using":"css selector","value":"#shell-header-logo"}
COMMAND: POST /session/a952926708249603da5cc69792e3d2be/elements - {"using":"css selector","value":"#shell-header-logo"}
RESULT: undefined
COMMAND: POST /session/a952926708249603da5cc69792e3d2be/element - {"using":"xpath","value":"//button[@data-kt=\"addButton\"]"}
RESULT: {"using":"css selector","value":"#shell-header-logo"}
RESULT: {"using":"xpath","value":"//button[@data-kt=\"addButton\"]"}
COMMAND: POST /session/a952926708249603da5cc69792e3d2be/elements - {"using":"xpath","value":"//button[@data-kt=\"addButton\"]"}
RESULT: {"using":"xpath","value":"//button[@data-kt=\"addButton\"]"}
COMMAND: POST /session/a952926708249603da5cc69792e3d2be/elements - {"using":"css selector","value":"#shell-header-logo"}
RESULT: {"using":"css selector","value":"#shell-header-logo"}
COMMAND: POST /session/a952926708249603da5cc69792e3d2be/elements - {"using":"xpath","value":"//button[@data-kt=\"addButton\"]"}
RESULT: {"using":"xpath","value":"//button[@data-kt=\"addButton\"]"}
COMMAND: POST /session/a952926708249603da5cc69792e3d2be/elements - {"using":"css selector","value":"#shell-header-logo"}
RESULT: {"using":"css selector","value":"#shell-header-logo"}
COMMAND: POST /session/a952926708249603da5cc69792e3d2be/elements - {"using":"xpath","value":"//button[@data-kt=\"addButton\"]"}
RESULT: {"using":"xpath","value":"//button[@data-kt=\"addButton\"]"}
COMMAND: POST /session/a952926708249603da5cc69792e3d2be/elements - {"using":"css selector","value":"#shell-header-logo"}
RESULT: {"using":"css selector","value":"#shell-header-logo"}
COMMAND: POST /session/a952926708249603da5cc69792e3d2be/elements - {"using":"xpath","value":"//button[@data-kt=\"addButton\"]"}
RESULT: {"using":"xpath","value":"//button[@data-kt=\"addButton\"]"}
COMMAND: POST /session/a952926708249603da5cc69792e3d2be/elements - {"using":"css selector","value":"#shell-header-logo"}
RESULT: {"using":"css selector","value":"#shell-header-logo"}
COMMAND: POST /session/a952926708249603da5cc69792e3d2be/elements - {"using":"xpath","value":"//button[@data-kt=\"addButton\"]"}
RESULT: {"using":"xpath","value":"//button[@data-kt=\"addButton\"]"}
COMMAND: POST /session/a952926708249603da5cc69792e3d2be/elements - {"using":"css selector","value":"#shell-header-logo"}
RESULT: {"using":"css selector","value":"#shell-header-logo"}
COMMAND: POST /session/a952926708249603da5cc69792e3d2be/elements - {"using":"xpath","value":"//button[@data-kt=\"addButton\"]"}
RESULT: {"using":"xpath","value":"//button[@data-kt=\"addButton\"]"}
COMMAND: POST /session/a952926708249603da5cc69792e3d2be/elements - {"using":"css selector","value":"#shell-header-logo"}
RESULT: {"using":"css selector","value":"#shell-header-logo"}
COMMAND: POST /session/a952926708249603da5cc69792e3d2be/elements - {"using":"xpath","value":"//button[@data-kt=\"addButton\"]"}
RESULT: {"using":"xpath","value":"//button[@data-kt=\"addButton\"]"}
COMMAND: POST /session/a952926708249603da5cc69792e3d2be/elements - {"using":"css selector","value":"#shell-header-logo"}
RESULT: {"using":"css selector","value":"#shell-header-logo"}
COMMAND: POST /session/a952926708249603da5cc69792e3d2be/elements - {"using":"xpath","value":"//button[@data-kt=\"addButton\"]"}
RESULT: {"using":"xpath","value":"//button[@data-kt=\"addButton\"]"}
COMMAND: POST /session/a952926708249603da5cc69792e3d2be/elements - {"using":"css selector","value":"#shell-header-logo"}
RESULT: {"using":"css selector","value":"#shell-header-logo"}
COMMAND: POST /session/a952926708249603da5cc69792e3d2be/elements - {"using":"xpath","value":"//button[@data-kt=\"addButton\"]"}
RESULT: {"using":"xpath","value":"//button[@data-kt=\"addButton\"]"}
COMMAND: POST /session/a952926708249603da5cc69792e3d2be/elements - {"using":"css selector","value":"#shell-header-logo"}
RESULT: {"using":"css selector","value":"#shell-header-logo"}
COMMAND: POST /session/a952926708249603da5cc69792e3d2be/elements - {"using":"xpath","value":"//button[@data-kt=\"addButton\"]"}
RESULT: {"using":"xpath","value":"//button[@data-kt=\"addButton\"]"}
COMMAND: POST /session/a952926708249603da5cc69792e3d2be/elements - {"using":"css selector","value":"#shell-header-logo"}
RESULT: {"using":"css selector","value":"#shell-header-logo"}
COMMAND: POST /session/a952926708249603da5cc69792e3d2be/elements - {"using":"xpath","value":"//button[@data-kt=\"addButton\"]"}
RESULT: {"using":"xpath","value":"//button[@data-kt=\"addButton\"]"}
COMMAND: POST /session/a952926708249603da5cc69792e3d2be/elements - {"using":"css selector","value":"#shell-header-logo"}
RESULT: {"using":"css selector","value":"#shell-header-logo"}
COMMAND: POST /session/a952926708249603da5cc69792e3d2be/elements - {"using":"xpath","value":"//button[@data-kt=\"addButton\"]"}
RESULT: {"using":"xpath","value":"//button[@data-kt=\"addButton\"]"}
COMMAND: POST /session/a952926708249603da5cc69792e3d2be/elements - {"using":"css selector","value":"#shell-header-logo"}
RESULT: {"using":"css selector","value":"#shell-header-logo"}
COMMAND: POST /session/a952926708249603da5cc69792e3d2be/elements - {"using":"xpath","value":"//button[@data-kt=\"addButton\"]"}
RESULT: {"using":"xpath","value":"//button[@data-kt=\"addButton\"]"}
COMMAND: POST /session/a952926708249603da5cc69792e3d2be/elements - {"using":"css selector","value":"#shell-header-logo"}
RESULT: {"using":"css selector","value":"#shell-header-logo"}
COMMAND: POST /session/a952926708249603da5cc69792e3d2be/elements - {"using":"xpath","value":"//button[@data-kt=\"addButton\"]"}
RESULT: {"using":"xpath","value":"//button[@data-kt=\"addButton\"]"}
COMMAND: POST /session/a952926708249603da5cc69792e3d2be/elements - {"using":"css selector","value":"#shell-header-logo"}
RESULT: {"using":"css selector","value":"#shell-header-logo"}
COMMAND: POST /session/a952926708249603da5cc69792e3d2be/elements - {"using":"xpath","value":"//button[@data-kt=\"addButton\"]"}
RESULT: {"using":"xpath","value":"//button[@data-kt=\"addButton\"]"}
COMMAND: POST /session/a952926708249603da5cc69792e3d2be/elements - {"using":"css selector","value":"#shell-header-logo"}
RESULT: {"using":"css selector","value":"#shell-header-logo"}
COMMAND: POST /session/a952926708249603da5cc69792e3d2be/elements - {"using":"xpath","value":"//button[@data-kt=\"addButton\"]"}
RESULT: {"using":"xpath","value":"//button[@data-kt=\"addButton\"]"}
COMMAND: POST /session/a952926708249603da5cc69792e3d2be/elements - {"using":"css selector","value":"#shell-header-logo"}
RESULT: {"using":"css selector","value":"#shell-header-logo"}
COMMAND: POST /session/a952926708249603da5cc69792e3d2be/elements - {"using":"xpath","value":"//button[@data-kt=\"addButton\"]"}
RESULT: {"using":"xpath","value":"//button[@data-kt=\"addButton\"]"}
COMMAND: POST /session/a952926708249603da5cc69792e3d2be/elements - {"using":"css selector","value":"#shell-header-logo"}
RESULT: {"using":"css selector","value":"#shell-header-logo"}
COMMAND: POST /session/a952926708249603da5cc69792e3d2be/elements - {"using":"xpath","value":"//button[@data-kt=\"addButton\"]"}
RESULT: {"using":"xpath","value":"//button[@data-kt=\"addButton\"]"}
COMMAND: POST /session/a952926708249603da5cc69792e3d2be/elements - {"using":"css selector","value":"#shell-header-logo"}
RESULT: {"using":"css selector","value":"#shell-header-logo"}
COMMAND: POST /session/a952926708249603da5cc69792e3d2be/elements - {"using":"xpath","value":"//button[@data-kt=\"addButton\"]"}
RESULT: {"using":"xpath","value":"//button[@data-kt=\"addButton\"]"}
COMMAND: POST /session/a952926708249603da5cc69792e3d2be/elements - {"using":"css selector","value":"#shell-header-logo"}
RESULT: {"using":"css selector","value":"#shell-header-logo"}
COMMAND: POST /session/a952926708249603da5cc69792e3d2be/elements - {"using":"xpath","value":"//button[@data-kt=\"addButton\"]"}
RESULT: {"using":"xpath","value":"//button[@data-kt=\"addButton\"]"}
COMMAND: POST /session/a952926708249603da5cc69792e3d2be/elements - {"using":"css selector","value":"#shell-header-logo"}
RESULT: {"using":"css selector","value":"#shell-header-logo"}
COMMAND: POST /session/a952926708249603da5cc69792e3d2be/elements - {"using":"xpath","value":"//button[@data-kt=\"addButton\"]"}
RESULT: {"using":"xpath","value":"//button[@data-kt=\"addButton\"]"}
COMMAND: POST /session/a952926708249603da5cc69792e3d2be/elements - {"using":"css selector","value":"#shell-header-logo"}
RESULT: {"using":"css selector","value":"#shell-header-logo"}
COMMAND: POST /session/a952926708249603da5cc69792e3d2be/elements - {"using":"xpath","value":"//button[@data-kt=\"addButton\"]"}
RESULT: {"using":"xpath","value":"//button[@data-kt=\"addButton\"]"}
COMMAND: POST /session/a952926708249603da5cc69792e3d2be/elements - {"using":"css selector","value":"#shell-header-logo"}
RESULT: {"using":"css selector","value":"#shell-header-logo"}
COMMAND: POST /session/a952926708249603da5cc69792e3d2be/elements - {"using":"xpath","value":"//button[@data-kt=\"addButton\"]"}
RESULT: {"using":"xpath","value":"//button[@data-kt=\"addButton\"]"}
COMMAND: POST /session/a952926708249603da5cc69792e3d2be/elements - {"using":"css selector","value":"#shell-header-logo"}
RESULT: {"using":"css selector","value":"#shell-header-logo"}
COMMAND: POST /session/a952926708249603da5cc69792e3d2be/elements - {"using":"xpath","value":"//button[@data-kt=\"addButton\"]"}
RESULT: {"using":"xpath","value":"//button[@data-kt=\"addButton\"]"}
COMMAND: POST /session/a952926708249603da5cc69792e3d2be/elements - {"using":"css selector","value":"#shell-header-logo"}
RESULT: {"using":"css selector","value":"#shell-header-logo"}
COMMAND: POST /session/a952926708249603da5cc69792e3d2be/elements - {"using":"xpath","value":"//button[@data-kt=\"addButton\"]"}
RESULT: {"using":"xpath","value":"//button[@data-kt=\"addButton\"]"}
COMMAND: POST /session/a952926708249603da5cc69792e3d2be/elements - {"using":"css selector","value":"#shell-header-logo"}
RESULT: {"using":"css selector","value":"#shell-header-logo"}
COMMAND: POST /session/a952926708249603da5cc69792e3d2be/elements - {"using":"xpath","value":"//button[@data-kt=\"addButton\"]"}
RESULT: {"using":"xpath","value":"//button[@data-kt=\"addButton\"]"}
COMMAND: POST /session/a952926708249603da5cc69792e3d2be/elements - {"using":"css selector","value":"#shell-header-logo"}
RESULT: {"using":"css selector","value":"#shell-header-logo"}
COMMAND: POST /session/a952926708249603da5cc69792e3d2be/elements - {"using":"xpath","value":"//button[@data-kt=\"addButton\"]"}
RESULT: {"using":"xpath","value":"//button[@data-kt=\"addButton\"]"}
COMMAND: POST /session/a952926708249603da5cc69792e3d2be/elements - {"using":"css selector","value":"#shell-header-logo"}
RESULT: {"using":"css selector","value":"#shell-header-logo"}
COMMAND: POST /session/a952926708249603da5cc69792e3d2be/elements - {"using":"xpath","value":"//button[@data-kt=\"addButton\"]"}
RESULT: {"using":"xpath","value":"//button[@data-kt=\"addButton\"]"}
COMMAND: POST /session/a952926708249603da5cc69792e3d2be/elements - {"using":"css selector","value":"#shell-header-logo"}
RESULT: {"using":"css selector","value":"#shell-header-logo"}
COMMAND: POST /session/a952926708249603da5cc69792e3d2be/elements - {"using":"xpath","value":"//button[@data-kt=\"addButton\"]"}
RESULT: {"using":"xpath","value":"//button[@data-kt=\"addButton\"]"}
COMMAND: POST /session/a952926708249603da5cc69792e3d2be/elements - {"using":"css selector","value":"#shell-header-logo"}
RESULT: {"using":"css selector","value":"#shell-header-logo"}
COMMAND: POST /session/a952926708249603da5cc69792e3d2be/elements - {"using":"xpath","value":"//button[@data-kt=\"addButton\"]"}
RESULT: {"using":"xpath","value":"//button[@data-kt=\"addButton\"]"}
COMMAND: POST /session/a952926708249603da5cc69792e3d2be/elements - {"using":"css selector","value":"#shell-header-logo"}
RESULT: {"using":"css selector","value":"#shell-header-logo"}
COMMAND: POST /session/a952926708249603da5cc69792e3d2be/elements - {"using":"xpath","value":"//button[@data-kt=\"addButton\"]"}
RESULT: {"using":"xpath","value":"//button[@data-kt=\"addButton\"]"}
COMMAND: POST /session/a952926708249603da5cc69792e3d2be/elements - {"using":"css selector","value":"#shell-header-logo"}
RESULT: {"using":"css selector","value":"#shell-header-logo"}
COMMAND: POST /session/a952926708249603da5cc69792e3d2be/elements - {"using":"xpath","value":"//button[@data-kt=\"addButton\"]"}
RESULT: {"using":"xpath","value":"//button[@data-kt=\"addButton\"]"}
COMMAND: POST /session/a952926708249603da5cc69792e3d2be/elements - {"using":"css selector","value":"#shell-header-logo"}
RESULT: {"using":"css selector","value":"#shell-header-logo"}
COMMAND: POST /session/a952926708249603da5cc69792e3d2be/elements - {"using":"xpath","value":"//button[@data-kt=\"addButton\"]"}
RESULT: {"using":"xpath","value":"//button[@data-kt=\"addButton\"]"}
COMMAND: POST /session/a952926708249603da5cc69792e3d2be/elements - {"using":"css selector","value":"#shell-header-logo"}
RESULT: {"using":"css selector","value":"#shell-header-logo"}
COMMAND: POST /session/a952926708249603da5cc69792e3d2be/elements - {"using":"xpath","value":"//button[@data-kt=\"addButton\"]"}
RESULT: {"using":"xpath","value":"//button[@data-kt=\"addButton\"]"}
COMMAND: POST /session/a952926708249603da5cc69792e3d2be/elements - {"using":"css selector","value":"#shell-header-logo"}
RESULT: {"using":"css selector","value":"#shell-header-logo"}
COMMAND: POST /session/a952926708249603da5cc69792e3d2be/elements - {"using":"xpath","value":"//button[@data-kt=\"addButton\"]"}
RESULT: {"using":"xpath","value":"//button[@data-kt=\"addButton\"]"}
COMMAND: POST /session/a952926708249603da5cc69792e3d2be/elements - {"using":"css selector","value":"#shell-header-logo"}
RESULT: {"using":"css selector","value":"#shell-header-logo"}
COMMAND: POST /session/a952926708249603da5cc69792e3d2be/elements - {"using":"xpath","value":"//button[@data-kt=\"addButton\"]"}
RESULT: {"using":"xpath","value":"//button[@data-kt=\"addButton\"]"}
COMMAND: POST /session/a952926708249603da5cc69792e3d2be/elements - {"using":"css selector","value":"#shell-header-logo"}
RESULT: {"using":"css selector","value":"#shell-header-logo"}
COMMAND: POST /session/a952926708249603da5cc69792e3d2be/elements - {"using":"xpath","value":"//button[@data-kt=\"addButton\"]"}
RESULT: {"using":"xpath","value":"//button[@data-kt=\"addButton\"]"}
COMMAND: POST /session/a952926708249603da5cc69792e3d2be/elements - {"using":"css selector","value":"#shell-header-logo"}
RESULT: {"using":"css selector","value":"#shell-header-logo"}
COMMAND: POST /session/a952926708249603da5cc69792e3d2be/elements - {"using":"xpath","value":"//button[@data-kt=\"addButton\"]"}
RESULT: {"using":"xpath","value":"//button[@data-kt=\"addButton\"]"}
COMMAND: POST /session/a952926708249603da5cc69792e3d2be/elements - {"using":"css selector","value":"#shell-header-logo"}
RESULT: {"using":"css selector","value":"#shell-header-logo"}
COMMAND: POST /session/a952926708249603da5cc69792e3d2be/elements - {"using":"xpath","value":"//button[@data-kt=\"addButton\"]"}
RESULT: {"using":"xpath","value":"//button[@data-kt=\"addButton\"]"}
COMMAND: POST /session/a952926708249603da5cc69792e3d2be/elements - {"using":"css selector","value":"#shell-header-logo"}
RESULT: {"using":"css selector","value":"#shell-header-logo"}
COMMAND: POST /session/a952926708249603da5cc69792e3d2be/elements - {"using":"xpath","value":"//button[@data-kt=\"addButton\"]"}
RESULT: {"using":"xpath","value":"//button[@data-kt=\"addButton\"]"}
COMMAND: POST /session/a952926708249603da5cc69792e3d2be/elements - {"using":"css selector","value":"#shell-header-logo"}
RESULT: {"using":"css selector","value":"#shell-header-logo"}
COMMAND: POST /session/a952926708249603da5cc69792e3d2be/elements - {"using":"xpath","value":"//button[@data-kt=\"addButton\"]"}
RESULT: {"using":"xpath","value":"//button[@data-kt=\"addButton\"]"}
COMMAND: POST /session/a952926708249603da5cc69792e3d2be/elements - {"using":"css selector","value":"#shell-header-logo"}
RESULT: {"using":"css selector","value":"#shell-header-logo"}
COMMAND: POST /session/a952926708249603da5cc69792e3d2be/elements - {"using":"xpath","value":"//button[@data-kt=\"addButton\"]"}
RESULT: {"using":"xpath","value":"//button[@data-kt=\"addButton\"]"}
COMMAND: POST /session/a952926708249603da5cc69792e3d2be/elements - {"using":"css selector","value":"#shell-header-logo"}
RESULT: {"using":"css selector","value":"#shell-header-logo"}
COMMAND: POST /session/a952926708249603da5cc69792e3d2be/elements - {"using":"xpath","value":"//button[@data-kt=\"addButton\"]"}
RESULT: {"using":"xpath","value":"//button[@data-kt=\"addButton\"]"}
COMMAND: POST /session/a952926708249603da5cc69792e3d2be/elements - {"using":"css selector","value":"#shell-header-logo"}
RESULT: {"using":"css selector","value":"#shell-header-logo"}
COMMAND: POST /session/a952926708249603da5cc69792e3d2be/elements - {"using":"xpath","value":"//button[@data-kt=\"addButton\"]"}
RESULT: {"using":"xpath","value":"//button[@data-kt=\"addButton\"]"}
COMMAND: POST /session/a952926708249603da5cc69792e3d2be/elements - {"using":"css selector","value":"#shell-header-logo"}
RESULT: {"using":"css selector","value":"#shell-header-logo"}
COMMAND: POST /session/a952926708249603da5cc69792e3d2be/elements - {"using":"xpath","value":"//button[@data-kt=\"addButton\"]"}
RESULT: {"using":"xpath","value":"//button[@data-kt=\"addButton\"]"}
COMMAND: POST /session/a952926708249603da5cc69792e3d2be/elements - {"using":"css selector","value":"#shell-header-logo"}
RESULT: {"using":"css selector","value":"#shell-header-logo"}
COMMAND: POST /session/a952926708249603da5cc69792e3d2be/elements - {"using":"xpath","value":"//button[@data-kt=\"addButton\"]"}
RESULT: {"using":"xpath","value":"//button[@data-kt=\"addButton\"]"}
COMMAND: POST /session/a952926708249603da5cc69792e3d2be/elements - {"using":"css selector","value":"#shell-header-logo"}
RESULT: {"using":"css selector","value":"#shell-header-logo"}
COMMAND: POST /session/a952926708249603da5cc69792e3d2be/elements - {"using":"xpath","value":"//button[@data-kt=\"addButton\"]"}
RESULT: {"using":"xpath","value":"//button[@data-kt=\"addButton\"]"}
COMMAND: POST /session/a952926708249603da5cc69792e3d2be/elements - {"using":"css selector","value":"#shell-header-logo"}
RESULT: {"using":"css selector","value":"#shell-header-logo"}
COMMAND: POST /session/a952926708249603da5cc69792e3d2be/elements - {"using":"xpath","value":"//button[@data-kt=\"addButton\"]"}
RESULT: {"using":"xpath","value":"//button[@data-kt=\"addButton\"]"}
COMMAND: POST /session/a952926708249603da5cc69792e3d2be/elements - {"using":"css selector","value":"#shell-header-logo"}
RESULT: {"using":"css selector","value":"#shell-header-logo"}
COMMAND: POST /session/a952926708249603da5cc69792e3d2be/elements - {"using":"xpath","value":"//button[@data-kt=\"addButton\"]"}
RESULT: {"using":"xpath","value":"//button[@data-kt=\"addButton\"]"}
COMMAND: POST /session/a952926708249603da5cc69792e3d2be/elements - {"using":"css selector","value":"#shell-header-logo"}
RESULT: {"using":"css selector","value":"#shell-header-logo"}
COMMAND: POST /session/a952926708249603da5cc69792e3d2be/elements - {"using":"xpath","value":"//button[@data-kt=\"addButton\"]"}
RESULT: {"using":"xpath","value":"//button[@data-kt=\"addButton\"]"}
COMMAND: POST /session/a952926708249603da5cc69792e3d2be/elements - {"using":"css selector","value":"#shell-header-logo"}
RESULT: {"using":"css selector","value":"#shell-header-logo"}
COMMAND: POST /session/a952926708249603da5cc69792e3d2be/elements - {"using":"xpath","value":"//button[@data-kt=\"addButton\"]"}
RESULT: {"using":"xpath","value":"//button[@data-kt=\"addButton\"]"}
COMMAND: POST /session/a952926708249603da5cc69792e3d2be/elements - {"using":"css selector","value":"#shell-header-logo"}
RESULT: {"using":"css selector","value":"#shell-header-logo"}
COMMAND: POST /session/a952926708249603da5cc69792e3d2be/elements - {"using":"xpath","value":"//button[@data-kt=\"addButton\"]"}
RESULT: {"using":"xpath","value":"//button[@data-kt=\"addButton\"]"}
COMMAND: POST /session/a952926708249603da5cc69792e3d2be/elements - {"using":"css selector","value":"#shell-header-logo"}
RESULT: {"using":"css selector","value":"#shell-header-logo"}
COMMAND: POST /session/a952926708249603da5cc69792e3d2be/elements - {"using":"xpath","value":"//button[@data-kt=\"addButton\"]"}
RESULT: {"using":"xpath","value":"//button[@data-kt=\"addButton\"]"}
COMMAND: POST /session/a952926708249603da5cc69792e3d2be/elements - {"using":"css selector","value":"#shell-header-logo"}
RESULT: {"using":"css selector","value":"#shell-header-logo"}
COMMAND: POST /session/a952926708249603da5cc69792e3d2be/elements - {"using":"xpath","value":"//button[@data-kt=\"addButton\"]"}
RESULT: {"using":"xpath","value":"//button[@data-kt=\"addButton\"]"}
COMMAND: POST /session/a952926708249603da5cc69792e3d2be/elements - {"using":"css selector","value":"#shell-header-logo"}
RESULT: {"using":"css selector","value":"#shell-header-logo"}
COMMAND: POST /session/a952926708249603da5cc69792e3d2be/elements - {"using":"xpath","value":"//button[@data-kt=\"addButton\"]"}
RESULT: {"using":"xpath","value":"//button[@data-kt=\"addButton\"]"}
COMMAND: POST /session/a952926708249603da5cc69792e3d2be/elements - {"using":"css selector","value":"#shell-header-logo"}
RESULT: {"using":"css selector","value":"#shell-header-logo"}
COMMAND: POST /session/a952926708249603da5cc69792e3d2be/elements - {"using":"xpath","value":"//button[@data-kt=\"addButton\"]"}
RESULT: {"using":"xpath","value":"//button[@data-kt=\"addButton\"]"}
COMMAND: POST /session/a952926708249603da5cc69792e3d2be/elements - {"using":"css selector","value":"#shell-header-logo"}
COMMAND: POST /session/a952926708249603da5cc69792e3d2be/elements - {"using":"xpath","value":"//button[@data-kt=\"addButton\"]"}
RESULT: {"using":"css selector","value":"#shell-header-logo"}
RESULT: {"using":"xpath","value":"//button[@data-kt=\"addButton\"]"}
COMMAND: POST /session/a952926708249603da5cc69792e3d2be/elements - {"using":"css selector","value":"#shell-header-logo"}
RESULT: {"using":"css selector","value":"#shell-header-logo"}
COMMAND: POST /session/a952926708249603da5cc69792e3d2be/elements - {"using":"xpath","value":"//button[@data-kt=\"addButton\"]"}
RESULT: {"using":"xpath","value":"//button[@data-kt=\"addButton\"]"}
COMMAND: POST /session/a952926708249603da5cc69792e3d2be/elements - {"using":"css selector","value":"#shell-header-logo"}
RESULT: {"using":"css selector","value":"#shell-header-logo"}
COMMAND: POST /session/a952926708249603da5cc69792e3d2be/elements - {"using":"xpath","value":"//button[@data-kt=\"addButton\"]"}
RESULT: {"using":"xpath","value":"//button[@data-kt=\"addButton\"]"}
COMMAND: POST /session/a952926708249603da5cc69792e3d2be/elements - {"using":"css selector","value":"#shell-header-logo"}
RESULT: {"using":"css selector","value":"#shell-header-logo"}
COMMAND: POST /session/a952926708249603da5cc69792e3d2be/elements - {"using":"xpath","value":"//button[@data-kt=\"addButton\"]"}
RESULT: {"using":"xpath","value":"//button[@data-kt=\"addButton\"]"}
COMMAND: POST /session/a952926708249603da5cc69792e3d2be/elements - {"using":"css selector","value":"#shell-header-logo"}
RESULT: {"using":"css selector","value":"#shell-header-logo"}
COMMAND: POST /session/a952926708249603da5cc69792e3d2be/elements - {"using":"xpath","value":"//button[@data-kt=\"addButton\"]"}
RESULT: {"using":"xpath","value":"//button[@data-kt=\"addButton\"]"}
COMMAND: POST /session/a952926708249603da5cc69792e3d2be/elements - {"using":"css selector","value":"#shell-header-logo"}
RESULT: {"using":"css selector","value":"#shell-header-logo"}
COMMAND: POST /session/a952926708249603da5cc69792e3d2be/elements - {"using":"xpath","value":"//button[@data-kt=\"addButton\"]"}
RESULT: {"using":"xpath","value":"//button[@data-kt=\"addButton\"]"}
COMMAND: POST /session/a952926708249603da5cc69792e3d2be/elements - {"using":"css selector","value":"#shell-header-logo"}
RESULT: {"using":"css selector","value":"#shell-header-logo"}
COMMAND: POST /session/a952926708249603da5cc69792e3d2be/elements - {"using":"xpath","value":"//button[@data-kt=\"addButton\"]"}
RESULT: {"using":"xpath","value":"//button[@data-kt=\"addButton\"]"}
COMMAND: POST /session/a952926708249603da5cc69792e3d2be/elements - {"using":"css selector","value":"#shell-header-logo"}
RESULT: {"using":"css selector","value":"#shell-header-logo"}
COMMAND: POST /session/a952926708249603da5cc69792e3d2be/elements - {"using":"xpath","value":"//button[@data-kt=\"addButton\"]"}
RESULT: {"using":"xpath","value":"//button[@data-kt=\"addButton\"]"}
COMMAND: POST /session/a952926708249603da5cc69792e3d2be/elements - {"using":"css selector","value":"#shell-header-logo"}
RESULT: {"using":"css selector","value":"#shell-header-logo"}
COMMAND: POST /session/a952926708249603da5cc69792e3d2be/elements - {"using":"xpath","value":"//button[@data-kt=\"addButton\"]"}
RESULT: {"using":"xpath","value":"//button[@data-kt=\"addButton\"]"}
COMMAND: POST /session/a952926708249603da5cc69792e3d2be/elements - {"using":"css selector","value":"#shell-header-logo"}
RESULT: {"using":"css selector","value":"#shell-header-logo"}
COMMAND: POST /session/a952926708249603da5cc69792e3d2be/elements - {"using":"xpath","value":"//button[@data-kt=\"addButton\"]"}
RESULT: {"using":"xpath","value":"//button[@data-kt=\"addButton\"]"}
COMMAND: POST /session/a952926708249603da5cc69792e3d2be/elements - {"using":"css selector","value":"#shell-header-logo"}
RESULT: {"using":"css selector","value":"#shell-header-logo"}
COMMAND: POST /session/a952926708249603da5cc69792e3d2be/elements - {"using":"xpath","value":"//button[@data-kt=\"addButton\"]"}
RESULT: {"using":"xpath","value":"//button[@data-kt=\"addButton\"]"}
COMMAND: POST /session/a952926708249603da5cc69792e3d2be/elements - {"using":"css selector","value":"#shell-header-logo"}
RESULT: {"using":"css selector","value":"#shell-header-logo"}
COMMAND: POST /session/a952926708249603da5cc69792e3d2be/elements - {"using":"xpath","value":"//button[@data-kt=\"addButton\"]"}
RESULT: {"using":"xpath","value":"//button[@data-kt=\"addButton\"]"}
COMMAND: POST /session/a952926708249603da5cc69792e3d2be/elements - {"using":"css selector","value":"#shell-header-logo"}
RESULT: {"using":"css selector","value":"#shell-header-logo"}
COMMAND: POST /session/a952926708249603da5cc69792e3d2be/elements - {"using":"xpath","value":"//button[@data-kt=\"addButton\"]"}
RESULT: {"using":"xpath","value":"//button[@data-kt=\"addButton\"]"}
COMMAND: POST /session/a952926708249603da5cc69792e3d2be/elements - {"using":"css selector","value":"#shell-header-logo"}
RESULT: {"using":"css selector","value":"#shell-header-logo"}
COMMAND: POST /session/a952926708249603da5cc69792e3d2be/elements - {"using":"xpath","value":"//button[@data-kt=\"addButton\"]"}
RESULT: {"using":"xpath","value":"//button[@data-kt=\"addButton\"]"}
COMMAND: POST /session/a952926708249603da5cc69792e3d2be/elements - {"using":"css selector","value":"#shell-header-logo"}
RESULT: {"using":"css selector","value":"#shell-header-logo"}
COMMAND: POST /session/a952926708249603da5cc69792e3d2be/elements - {"using":"xpath","value":"//button[@data-kt=\"addButton\"]"}
RESULT: {"using":"xpath","value":"//button[@data-kt=\"addButton\"]"}
COMMAND: POST /session/a952926708249603da5cc69792e3d2be/elements - {"using":"css selector","value":"#shell-header-logo"}
COMMAND: POST /session/a952926708249603da5cc69792e3d2be/elements - {"using":"xpath","value":"//button[@data-kt=\"addButton\"]"}
RESULT: {"using":"css selector","value":"#shell-header-logo"}
RESULT: {"using":"xpath","value":"//button[@data-kt=\"addButton\"]"}
COMMAND: POST /session/a952926708249603da5cc69792e3d2be/elements - {"using":"css selector","value":"#shell-header-logo"}
RESULT: {"using":"css selector","value":"#shell-header-logo"}
COMMAND: POST /session/a952926708249603da5cc69792e3d2be/elements - {"using":"xpath","value":"//button[@data-kt=\"addButton\"]"}
RESULT: {"using":"xpath","value":"//button[@data-kt=\"addButton\"]"}
COMMAND: POST /session/a952926708249603da5cc69792e3d2be/elements - {"using":"css selector","value":"#shell-header-logo"}
RESULT: {"using":"css selector","value":"#shell-header-logo"}
COMMAND: POST /session/a952926708249603da5cc69792e3d2be/elements - {"using":"xpath","value":"//button[@data-kt=\"addButton\"]"}
RESULT: {"using":"xpath","value":"//button[@data-kt=\"addButton\"]"}
COMMAND: POST /session/a952926708249603da5cc69792e3d2be/elements - {"using":"css selector","value":"#shell-header-logo"}
RESULT: {"using":"css selector","value":"#shell-header-logo"}
COMMAND: POST /session/a952926708249603da5cc69792e3d2be/elements - {"using":"xpath","value":"//button[@data-kt=\"addButton\"]"}
RESULT: {"using":"xpath","value":"//button[@data-kt=\"addButton\"]"}
COMMAND: POST /session/a952926708249603da5cc69792e3d2be/elements - {"using":"css selector","value":"#shell-header-logo"}
RESULT: {"using":"css selector","value":"#shell-header-logo"}
COMMAND: POST /session/a952926708249603da5cc69792e3d2be/elements - {"using":"xpath","value":"//button[@data-kt=\"addButton\"]"}
RESULT: {"using":"xpath","value":"//button[@data-kt=\"addButton\"]"}
COMMAND: POST /session/a952926708249603da5cc69792e3d2be/elements - {"using":"css selector","value":"#shell-header-logo"}
RESULT: {"using":"css selector","value":"#shell-header-logo"}
COMMAND: POST /session/a952926708249603da5cc69792e3d2be/elements - {"using":"xpath","value":"//button[@data-kt=\"addButton\"]"}
RESULT: {"using":"xpath","value":"//button[@data-kt=\"addButton\"]"}
COMMAND: POST /session/a952926708249603da5cc69792e3d2be/elements - {"using":"css selector","value":"#shell-header-logo"}
RESULT: {"using":"css selector","value":"#shell-header-logo"}
COMMAND: POST /session/a952926708249603da5cc69792e3d2be/elements - {"using":"xpath","value":"//button[@data-kt=\"addButton\"]"}
RESULT: {"using":"xpath","value":"//button[@data-kt=\"addButton\"]"}
COMMAND: POST /session/a952926708249603da5cc69792e3d2be/elements - {"using":"css selector","value":"#shell-header-logo"}
RESULT: {"using":"css selector","value":"#shell-header-logo"}
COMMAND: POST /session/a952926708249603da5cc69792e3d2be/elements - {"using":"xpath","value":"//button[@data-kt=\"addButton\"]"}
RESULT: {"using":"xpath","value":"//button[@data-kt=\"addButton\"]"}
COMMAND: POST /session/a952926708249603da5cc69792e3d2be/elements - {"using":"css selector","value":"#shell-header-logo"}
RESULT: {"using":"css selector","value":"#shell-header-logo"}
COMMAND: POST /session/a952926708249603da5cc69792e3d2be/elements - {"using":"xpath","value":"//button[@data-kt=\"addButton\"]"}
RESULT: {"using":"xpath","value":"//button[@data-kt=\"addButton\"]"}
COMMAND: POST /session/a952926708249603da5cc69792e3d2be/elements - {"using":"css selector","value":"#shell-header-logo"}
RESULT: {"using":"css selector","value":"#shell-header-logo"}
COMMAND: POST /session/a952926708249603da5cc69792e3d2be/elements - {"using":"xpath","value":"//button[@data-kt=\"addButton\"]"}
RESULT: {"using":"xpath","value":"//button[@data-kt=\"addButton\"]"}
COMMAND: POST /session/a952926708249603da5cc69792e3d2be/elements - {"using":"css selector","value":"#shell-header-logo"}
RESULT: {"using":"css selector","value":"#shell-header-logo"}
COMMAND: POST /session/a952926708249603da5cc69792e3d2be/elements - {"using":"xpath","value":"//button[@data-kt=\"addButton\"]"}
RESULT: {"using":"xpath","value":"//button[@data-kt=\"addButton\"]"}
COMMAND: POST /session/a952926708249603da5cc69792e3d2be/elements - {"using":"css selector","value":"#shell-header-logo"}
RESULT: {"using":"css selector","value":"#shell-header-logo"}
COMMAND: POST /session/a952926708249603da5cc69792e3d2be/elements - {"using":"xpath","value":"//button[@data-kt=\"addButton\"]"}
RESULT: {"using":"xpath","value":"//button[@data-kt=\"addButton\"]"}
COMMAND: POST /session/a952926708249603da5cc69792e3d2be/elements - {"using":"css selector","value":"#shell-header-logo"}
RESULT: {"using":"css selector","value":"#shell-header-logo"}
COMMAND: POST /session/a952926708249603da5cc69792e3d2be/elements - {"using":"xpath","value":"//button[@data-kt=\"addButton\"]"}
RESULT: {"using":"xpath","value":"//button[@data-kt=\"addButton\"]"}
COMMAND: POST /session/a952926708249603da5cc69792e3d2be/elements - {"using":"css selector","value":"#shell-header-logo"}
RESULT: {"using":"css selector","value":"#shell-header-logo"}
COMMAND: POST /session/a952926708249603da5cc69792e3d2be/elements - {"using":"xpath","value":"//button[@data-kt=\"addButton\"]"}
RESULT: {"using":"xpath","value":"//button[@data-kt=\"addButton\"]"}
COMMAND: POST /session/a952926708249603da5cc69792e3d2be/elements - {"using":"css selector","value":"#shell-header-logo"}
RESULT: {"using":"css selector","value":"#shell-header-logo"}
COMMAND: POST /session/a952926708249603da5cc69792e3d2be/elements - {"using":"xpath","value":"//button[@data-kt=\"addButton\"]"}
RESULT: {"using":"xpath","value":"//button[@data-kt=\"addButton\"]"}
COMMAND: POST /session/a952926708249603da5cc69792e3d2be/elements - {"using":"css selector","value":"#shell-header-logo"}
RESULT: {"using":"css selector","value":"#shell-header-logo"}
COMMAND: POST /session/a952926708249603da5cc69792e3d2be/elements - {"using":"xpath","value":"//button[@data-kt=\"addButton\"]"}
RESULT: {"using":"xpath","value":"//button[@data-kt=\"addButton\"]"}
COMMAND: POST /session/a952926708249603da5cc69792e3d2be/elements - {"using":"css selector","value":"#shell-header-logo"}
RESULT: {"using":"css selector","value":"#shell-header-logo"}
COMMAND: POST /session/a952926708249603da5cc69792e3d2be/elements - {"using":"xpath","value":"//button[@data-kt=\"addButton\"]"}
RESULT: {"using":"xpath","value":"//button[@data-kt=\"addButton\"]"}
COMMAND: POST /session/a952926708249603da5cc69792e3d2be/elements - {"using":"css selector","value":"#shell-header-logo"}
RESULT: {"using":"css selector","value":"#shell-header-logo"}
COMMAND: POST /session/a952926708249603da5cc69792e3d2be/elements - {"using":"xpath","value":"//button[@data-kt=\"addButton\"]"}
RESULT: {"using":"xpath","value":"//button[@data-kt=\"addButton\"]"}
COMMAND: POST /session/a952926708249603da5cc69792e3d2be/elements - {"using":"css selector","value":"#shell-header-logo"}
RESULT: {"using":"css selector","value":"#shell-header-logo"}
COMMAND: POST /session/a952926708249603da5cc69792e3d2be/elements - {"using":"xpath","value":"//button[@data-kt=\"addButton\"]"}
RESULT: {"using":"xpath","value":"//button[@data-kt=\"addButton\"]"}
COMMAND: POST /session/a952926708249603da5cc69792e3d2be/elements - {"using":"css selector","value":"#shell-header-logo"}
RESULT: {"using":"css selector","value":"#shell-header-logo"}
COMMAND: GET /session/a952926708249603da5cc69792e3d2be/screenshot - {}
RESULT: {}
]]></system-out>
      <system-err><![CDATA[
Error: element ("//button[@data-kt="addButton"]") still not existing after 45000ms
    at async Context.<anonymous> (D:\a\1\s\test\specs\BTS\manage-partners.spec.js:382:9)
]]></system-err>
    </testcase>
    <testcase classname="chrome.136_0_7103_49.windows.Partner_specific_tests_US150819_US151080_US151654_US151176_US103444_US151078_US151079_US151109_US151174_US151175_US151189" name="Should try to save empty partner US151174" time="55.686">
      <skipped />
      <system-out><![CDATA[
COMMAND: POST /session/a952926708249603da5cc69792e3d2be/element - {"using":"xpath","value":"//li[.//span[text()=\"Manage Partners\"]]"}
COMMAND: GET /session/a952926708249603da5cc69792e3d2be/screenshot - {}
RESULT: {"using":"xpath","value":"//li[.//span[text()=\"Manage Partners\"]]"}
COMMAND: POST /session/a952926708249603da5cc69792e3d2be/element - {"using":"xpath","value":"//li[.//span[text()=\"Manage Partners\"]]"}
COMMAND: POST /session/a952926708249603da5cc69792e3d2be/elements - {"using":"css selector","value":"#shell-header-logo"}
RESULT: {}
RESULT: {"using":"xpath","value":"//li[.//span[text()=\"Manage Partners\"]]"}
COMMAND: POST /session/a952926708249603da5cc69792e3d2be/element - {"using":"css selector","value":"#shell-header-logo"}
RESULT: {"using":"css selector","value":"#shell-header-logo"}
RESULT: {"using":"css selector","value":"#shell-header-logo"}
COMMAND: POST /session/a952926708249603da5cc69792e3d2be/elements - {"using":"css selector","value":"#shell-header-logo"}
COMMAND: POST /session/a952926708249603da5cc69792e3d2be/element - {"using":"css selector","value":"#shell-header-logo"}
RESULT: {"using":"css selector","value":"#shell-header-logo"}
RESULT: {"using":"css selector","value":"#shell-header-logo"}
COMMAND: POST /session/a952926708249603da5cc69792e3d2be/elements - {"using":"css selector","value":"#shell-header-logo"}
RESULT: {"using":"css selector","value":"#shell-header-logo"}
COMMAND: POST /session/a952926708249603da5cc69792e3d2be/elements - {"using":"css selector","value":"#shell-header-logo"}
RESULT: {"using":"css selector","value":"#shell-header-logo"}
COMMAND: POST /session/a952926708249603da5cc69792e3d2be/elements - {"using":"css selector","value":"#shell-header-logo"}
RESULT: {"using":"css selector","value":"#shell-header-logo"}
COMMAND: POST /session/a952926708249603da5cc69792e3d2be/elements - {"using":"css selector","value":"#shell-header-logo"}
RESULT: {"using":"css selector","value":"#shell-header-logo"}
COMMAND: POST /session/a952926708249603da5cc69792e3d2be/elements - {"using":"css selector","value":"#shell-header-logo"}
RESULT: {"using":"css selector","value":"#shell-header-logo"}
COMMAND: POST /session/a952926708249603da5cc69792e3d2be/elements - {"using":"css selector","value":"#shell-header-logo"}
RESULT: {"using":"css selector","value":"#shell-header-logo"}
COMMAND: POST /session/a952926708249603da5cc69792e3d2be/elements - {"using":"css selector","value":"#shell-header-logo"}
RESULT: {"using":"css selector","value":"#shell-header-logo"}
COMMAND: POST /session/a952926708249603da5cc69792e3d2be/elements - {"using":"css selector","value":"#shell-header-logo"}
RESULT: {"using":"css selector","value":"#shell-header-logo"}
COMMAND: POST /session/a952926708249603da5cc69792e3d2be/elements - {"using":"css selector","value":"#shell-header-logo"}
RESULT: {"using":"css selector","value":"#shell-header-logo"}
COMMAND: POST /session/a952926708249603da5cc69792e3d2be/elements - {"using":"css selector","value":"#shell-header-logo"}
RESULT: {"using":"css selector","value":"#shell-header-logo"}
COMMAND: POST /session/a952926708249603da5cc69792e3d2be/elements - {"using":"css selector","value":"#shell-header-logo"}
RESULT: {"using":"css selector","value":"#shell-header-logo"}
COMMAND: POST /session/a952926708249603da5cc69792e3d2be/elements - {"using":"css selector","value":"#shell-header-logo"}
RESULT: {"using":"css selector","value":"#shell-header-logo"}
COMMAND: POST /session/a952926708249603da5cc69792e3d2be/elements - {"using":"css selector","value":"#shell-header-logo"}
RESULT: {"using":"css selector","value":"#shell-header-logo"}
COMMAND: POST /session/a952926708249603da5cc69792e3d2be/elements - {"using":"css selector","value":"#shell-header-logo"}
RESULT: {"using":"css selector","value":"#shell-header-logo"}
COMMAND: POST /session/a952926708249603da5cc69792e3d2be/elements - {"using":"css selector","value":"#shell-header-logo"}
RESULT: {"using":"css selector","value":"#shell-header-logo"}
COMMAND: POST /session/a952926708249603da5cc69792e3d2be/elements - {"using":"css selector","value":"#shell-header-logo"}
RESULT: {"using":"css selector","value":"#shell-header-logo"}
COMMAND: POST /session/a952926708249603da5cc69792e3d2be/elements - {"using":"css selector","value":"#shell-header-logo"}
RESULT: {"using":"css selector","value":"#shell-header-logo"}
COMMAND: POST /session/a952926708249603da5cc69792e3d2be/elements - {"using":"css selector","value":"#shell-header-logo"}
RESULT: {"using":"css selector","value":"#shell-header-logo"}
COMMAND: POST /session/a952926708249603da5cc69792e3d2be/elements - {"using":"css selector","value":"#shell-header-logo"}
RESULT: {"using":"css selector","value":"#shell-header-logo"}
COMMAND: POST /session/a952926708249603da5cc69792e3d2be/elements - {"using":"css selector","value":"#shell-header-logo"}
RESULT: {"using":"css selector","value":"#shell-header-logo"}
COMMAND: POST /session/a952926708249603da5cc69792e3d2be/elements - {"using":"css selector","value":"#shell-header-logo"}
RESULT: {"using":"css selector","value":"#shell-header-logo"}
COMMAND: POST /session/a952926708249603da5cc69792e3d2be/elements - {"using":"css selector","value":"#shell-header-logo"}
RESULT: {"using":"css selector","value":"#shell-header-logo"}
COMMAND: POST /session/a952926708249603da5cc69792e3d2be/elements - {"using":"css selector","value":"#shell-header-logo"}
RESULT: {"using":"css selector","value":"#shell-header-logo"}
COMMAND: POST /session/a952926708249603da5cc69792e3d2be/elements - {"using":"css selector","value":"#shell-header-logo"}
RESULT: {"using":"css selector","value":"#shell-header-logo"}
COMMAND: POST /session/a952926708249603da5cc69792e3d2be/elements - {"using":"css selector","value":"#shell-header-logo"}
RESULT: {"using":"css selector","value":"#shell-header-logo"}
COMMAND: POST /session/a952926708249603da5cc69792e3d2be/elements - {"using":"css selector","value":"#shell-header-logo"}
RESULT: {"using":"css selector","value":"#shell-header-logo"}
COMMAND: POST /session/a952926708249603da5cc69792e3d2be/elements - {"using":"css selector","value":"#shell-header-logo"}
RESULT: {"using":"css selector","value":"#shell-header-logo"}
COMMAND: POST /session/a952926708249603da5cc69792e3d2be/elements - {"using":"css selector","value":"#shell-header-logo"}
RESULT: {"using":"css selector","value":"#shell-header-logo"}
RESULT: undefined
COMMAND: POST /session/a952926708249603da5cc69792e3d2be/element - {"using":"xpath","value":"//button[@data-kt=\"addButton\"]"}
COMMAND: POST /session/a952926708249603da5cc69792e3d2be/elements - {"using":"css selector","value":"#shell-header-logo"}
RESULT: {"using":"xpath","value":"//button[@data-kt=\"addButton\"]"}
COMMAND: POST /session/a952926708249603da5cc69792e3d2be/elements - {"using":"xpath","value":"//button[@data-kt=\"addButton\"]"}
RESULT: {"using":"css selector","value":"#shell-header-logo"}
RESULT: {"using":"xpath","value":"//button[@data-kt=\"addButton\"]"}
COMMAND: POST /session/a952926708249603da5cc69792e3d2be/elements - {"using":"css selector","value":"#shell-header-logo"}
RESULT: {"using":"css selector","value":"#shell-header-logo"}
COMMAND: POST /session/a952926708249603da5cc69792e3d2be/elements - {"using":"xpath","value":"//button[@data-kt=\"addButton\"]"}
RESULT: {"using":"xpath","value":"//button[@data-kt=\"addButton\"]"}
COMMAND: POST /session/a952926708249603da5cc69792e3d2be/elements - {"using":"css selector","value":"#shell-header-logo"}
COMMAND: POST /session/a952926708249603da5cc69792e3d2be/elements - {"using":"xpath","value":"//button[@data-kt=\"addButton\"]"}
RESULT: {"using":"css selector","value":"#shell-header-logo"}
RESULT: {"using":"xpath","value":"//button[@data-kt=\"addButton\"]"}
COMMAND: POST /session/a952926708249603da5cc69792e3d2be/elements - {"using":"css selector","value":"#shell-header-logo"}
COMMAND: POST /session/a952926708249603da5cc69792e3d2be/elements - {"using":"xpath","value":"//button[@data-kt=\"addButton\"]"}
RESULT: {"using":"css selector","value":"#shell-header-logo"}
RESULT: {"using":"xpath","value":"//button[@data-kt=\"addButton\"]"}
COMMAND: POST /session/a952926708249603da5cc69792e3d2be/elements - {"using":"css selector","value":"#shell-header-logo"}
RESULT: {"using":"css selector","value":"#shell-header-logo"}
COMMAND: POST /session/a952926708249603da5cc69792e3d2be/elements - {"using":"xpath","value":"//button[@data-kt=\"addButton\"]"}
RESULT: {"using":"xpath","value":"//button[@data-kt=\"addButton\"]"}
COMMAND: POST /session/a952926708249603da5cc69792e3d2be/elements - {"using":"css selector","value":"#shell-header-logo"}
RESULT: {"using":"css selector","value":"#shell-header-logo"}
COMMAND: POST /session/a952926708249603da5cc69792e3d2be/elements - {"using":"xpath","value":"//button[@data-kt=\"addButton\"]"}
RESULT: {"using":"xpath","value":"//button[@data-kt=\"addButton\"]"}
COMMAND: POST /session/a952926708249603da5cc69792e3d2be/elements - {"using":"css selector","value":"#shell-header-logo"}
RESULT: {"using":"css selector","value":"#shell-header-logo"}
COMMAND: POST /session/a952926708249603da5cc69792e3d2be/elements - {"using":"xpath","value":"//button[@data-kt=\"addButton\"]"}
RESULT: {"using":"xpath","value":"//button[@data-kt=\"addButton\"]"}
COMMAND: POST /session/a952926708249603da5cc69792e3d2be/elements - {"using":"css selector","value":"#shell-header-logo"}
RESULT: {"using":"css selector","value":"#shell-header-logo"}
COMMAND: POST /session/a952926708249603da5cc69792e3d2be/elements - {"using":"xpath","value":"//button[@data-kt=\"addButton\"]"}
RESULT: {"using":"xpath","value":"//button[@data-kt=\"addButton\"]"}
COMMAND: POST /session/a952926708249603da5cc69792e3d2be/elements - {"using":"css selector","value":"#shell-header-logo"}
COMMAND: POST /session/a952926708249603da5cc69792e3d2be/elements - {"using":"xpath","value":"//button[@data-kt=\"addButton\"]"}
RESULT: {"using":"css selector","value":"#shell-header-logo"}
RESULT: {"using":"xpath","value":"//button[@data-kt=\"addButton\"]"}
COMMAND: POST /session/a952926708249603da5cc69792e3d2be/elements - {"using":"css selector","value":"#shell-header-logo"}
RESULT: {"using":"css selector","value":"#shell-header-logo"}
COMMAND: POST /session/a952926708249603da5cc69792e3d2be/elements - {"using":"xpath","value":"//button[@data-kt=\"addButton\"]"}
RESULT: {"using":"xpath","value":"//button[@data-kt=\"addButton\"]"}
COMMAND: POST /session/a952926708249603da5cc69792e3d2be/elements - {"using":"css selector","value":"#shell-header-logo"}
RESULT: {"using":"css selector","value":"#shell-header-logo"}
COMMAND: POST /session/a952926708249603da5cc69792e3d2be/elements - {"using":"xpath","value":"//button[@data-kt=\"addButton\"]"}
RESULT: {"using":"xpath","value":"//button[@data-kt=\"addButton\"]"}
COMMAND: POST /session/a952926708249603da5cc69792e3d2be/elements - {"using":"css selector","value":"#shell-header-logo"}
RESULT: {"using":"css selector","value":"#shell-header-logo"}
COMMAND: POST /session/a952926708249603da5cc69792e3d2be/elements - {"using":"xpath","value":"//button[@data-kt=\"addButton\"]"}
RESULT: {"using":"xpath","value":"//button[@data-kt=\"addButton\"]"}
COMMAND: POST /session/a952926708249603da5cc69792e3d2be/elements - {"using":"css selector","value":"#shell-header-logo"}
RESULT: {"using":"css selector","value":"#shell-header-logo"}
COMMAND: POST /session/a952926708249603da5cc69792e3d2be/elements - {"using":"xpath","value":"//button[@data-kt=\"addButton\"]"}
RESULT: {"using":"xpath","value":"//button[@data-kt=\"addButton\"]"}
COMMAND: POST /session/a952926708249603da5cc69792e3d2be/elements - {"using":"css selector","value":"#shell-header-logo"}
RESULT: {"using":"css selector","value":"#shell-header-logo"}
COMMAND: POST /session/a952926708249603da5cc69792e3d2be/elements - {"using":"xpath","value":"//button[@data-kt=\"addButton\"]"}
RESULT: {"using":"xpath","value":"//button[@data-kt=\"addButton\"]"}
COMMAND: POST /session/a952926708249603da5cc69792e3d2be/elements - {"using":"css selector","value":"#shell-header-logo"}
COMMAND: POST /session/a952926708249603da5cc69792e3d2be/elements - {"using":"xpath","value":"//button[@data-kt=\"addButton\"]"}
RESULT: {"using":"css selector","value":"#shell-header-logo"}
RESULT: {"using":"xpath","value":"//button[@data-kt=\"addButton\"]"}
COMMAND: POST /session/a952926708249603da5cc69792e3d2be/elements - {"using":"css selector","value":"#shell-header-logo"}
COMMAND: POST /session/a952926708249603da5cc69792e3d2be/elements - {"using":"xpath","value":"//button[@data-kt=\"addButton\"]"}
RESULT: {"using":"css selector","value":"#shell-header-logo"}
RESULT: {"using":"xpath","value":"//button[@data-kt=\"addButton\"]"}
COMMAND: POST /session/a952926708249603da5cc69792e3d2be/elements - {"using":"css selector","value":"#shell-header-logo"}
RESULT: {"using":"css selector","value":"#shell-header-logo"}
COMMAND: POST /session/a952926708249603da5cc69792e3d2be/elements - {"using":"xpath","value":"//button[@data-kt=\"addButton\"]"}
RESULT: {"using":"xpath","value":"//button[@data-kt=\"addButton\"]"}
COMMAND: POST /session/a952926708249603da5cc69792e3d2be/elements - {"using":"css selector","value":"#shell-header-logo"}
COMMAND: POST /session/a952926708249603da5cc69792e3d2be/elements - {"using":"xpath","value":"//button[@data-kt=\"addButton\"]"}
RESULT: {"using":"css selector","value":"#shell-header-logo"}
RESULT: {"using":"xpath","value":"//button[@data-kt=\"addButton\"]"}
COMMAND: POST /session/a952926708249603da5cc69792e3d2be/elements - {"using":"css selector","value":"#shell-header-logo"}
RESULT: {"using":"css selector","value":"#shell-header-logo"}
COMMAND: POST /session/a952926708249603da5cc69792e3d2be/elements - {"using":"xpath","value":"//button[@data-kt=\"addButton\"]"}
RESULT: {"using":"xpath","value":"//button[@data-kt=\"addButton\"]"}
COMMAND: POST /session/a952926708249603da5cc69792e3d2be/elements - {"using":"css selector","value":"#shell-header-logo"}
COMMAND: POST /session/a952926708249603da5cc69792e3d2be/elements - {"using":"xpath","value":"//button[@data-kt=\"addButton\"]"}
RESULT: {"using":"css selector","value":"#shell-header-logo"}
RESULT: {"using":"xpath","value":"//button[@data-kt=\"addButton\"]"}
COMMAND: POST /session/a952926708249603da5cc69792e3d2be/elements - {"using":"css selector","value":"#shell-header-logo"}
RESULT: {"using":"css selector","value":"#shell-header-logo"}
COMMAND: POST /session/a952926708249603da5cc69792e3d2be/elements - {"using":"xpath","value":"//button[@data-kt=\"addButton\"]"}
RESULT: {"using":"xpath","value":"//button[@data-kt=\"addButton\"]"}
COMMAND: POST /session/a952926708249603da5cc69792e3d2be/elements - {"using":"css selector","value":"#shell-header-logo"}
COMMAND: POST /session/a952926708249603da5cc69792e3d2be/elements - {"using":"xpath","value":"//button[@data-kt=\"addButton\"]"}
RESULT: {"using":"css selector","value":"#shell-header-logo"}
RESULT: {"using":"xpath","value":"//button[@data-kt=\"addButton\"]"}
COMMAND: POST /session/a952926708249603da5cc69792e3d2be/elements - {"using":"css selector","value":"#shell-header-logo"}
RESULT: {"using":"css selector","value":"#shell-header-logo"}
COMMAND: POST /session/a952926708249603da5cc69792e3d2be/elements - {"using":"xpath","value":"//button[@data-kt=\"addButton\"]"}
RESULT: {"using":"xpath","value":"//button[@data-kt=\"addButton\"]"}
COMMAND: POST /session/a952926708249603da5cc69792e3d2be/elements - {"using":"css selector","value":"#shell-header-logo"}
RESULT: {"using":"css selector","value":"#shell-header-logo"}
COMMAND: POST /session/a952926708249603da5cc69792e3d2be/elements - {"using":"xpath","value":"//button[@data-kt=\"addButton\"]"}
RESULT: {"using":"xpath","value":"//button[@data-kt=\"addButton\"]"}
COMMAND: POST /session/a952926708249603da5cc69792e3d2be/elements - {"using":"css selector","value":"#shell-header-logo"}
RESULT: {"using":"css selector","value":"#shell-header-logo"}
COMMAND: POST /session/a952926708249603da5cc69792e3d2be/elements - {"using":"xpath","value":"//button[@data-kt=\"addButton\"]"}
RESULT: {"using":"xpath","value":"//button[@data-kt=\"addButton\"]"}
COMMAND: POST /session/a952926708249603da5cc69792e3d2be/elements - {"using":"css selector","value":"#shell-header-logo"}
RESULT: {"using":"css selector","value":"#shell-header-logo"}
COMMAND: POST /session/a952926708249603da5cc69792e3d2be/elements - {"using":"xpath","value":"//button[@data-kt=\"addButton\"]"}
RESULT: {"using":"xpath","value":"//button[@data-kt=\"addButton\"]"}
COMMAND: POST /session/a952926708249603da5cc69792e3d2be/elements - {"using":"css selector","value":"#shell-header-logo"}
RESULT: {"using":"css selector","value":"#shell-header-logo"}
COMMAND: POST /session/a952926708249603da5cc69792e3d2be/elements - {"using":"xpath","value":"//button[@data-kt=\"addButton\"]"}
RESULT: {"using":"xpath","value":"//button[@data-kt=\"addButton\"]"}
COMMAND: POST /session/a952926708249603da5cc69792e3d2be/elements - {"using":"css selector","value":"#shell-header-logo"}
RESULT: {"using":"css selector","value":"#shell-header-logo"}
COMMAND: POST /session/a952926708249603da5cc69792e3d2be/elements - {"using":"xpath","value":"//button[@data-kt=\"addButton\"]"}
RESULT: {"using":"xpath","value":"//button[@data-kt=\"addButton\"]"}
COMMAND: POST /session/a952926708249603da5cc69792e3d2be/elements - {"using":"css selector","value":"#shell-header-logo"}
RESULT: {"using":"css selector","value":"#shell-header-logo"}
COMMAND: POST /session/a952926708249603da5cc69792e3d2be/elements - {"using":"xpath","value":"//button[@data-kt=\"addButton\"]"}
RESULT: {"using":"xpath","value":"//button[@data-kt=\"addButton\"]"}
COMMAND: POST /session/a952926708249603da5cc69792e3d2be/elements - {"using":"css selector","value":"#shell-header-logo"}
COMMAND: POST /session/a952926708249603da5cc69792e3d2be/elements - {"using":"xpath","value":"//button[@data-kt=\"addButton\"]"}
RESULT: {"using":"css selector","value":"#shell-header-logo"}
RESULT: {"using":"xpath","value":"//button[@data-kt=\"addButton\"]"}
COMMAND: POST /session/a952926708249603da5cc69792e3d2be/elements - {"using":"css selector","value":"#shell-header-logo"}
COMMAND: POST /session/a952926708249603da5cc69792e3d2be/elements - {"using":"xpath","value":"//button[@data-kt=\"addButton\"]"}
RESULT: {"using":"css selector","value":"#shell-header-logo"}
RESULT: {"using":"xpath","value":"//button[@data-kt=\"addButton\"]"}
COMMAND: POST /session/a952926708249603da5cc69792e3d2be/elements - {"using":"css selector","value":"#shell-header-logo"}
RESULT: {"using":"css selector","value":"#shell-header-logo"}
COMMAND: POST /session/a952926708249603da5cc69792e3d2be/elements - {"using":"xpath","value":"//button[@data-kt=\"addButton\"]"}
RESULT: {"using":"xpath","value":"//button[@data-kt=\"addButton\"]"}
COMMAND: POST /session/a952926708249603da5cc69792e3d2be/elements - {"using":"css selector","value":"#shell-header-logo"}
RESULT: {"using":"css selector","value":"#shell-header-logo"}
COMMAND: POST /session/a952926708249603da5cc69792e3d2be/elements - {"using":"xpath","value":"//button[@data-kt=\"addButton\"]"}
RESULT: {"using":"xpath","value":"//button[@data-kt=\"addButton\"]"}
COMMAND: POST /session/a952926708249603da5cc69792e3d2be/elements - {"using":"css selector","value":"#shell-header-logo"}
RESULT: {"using":"css selector","value":"#shell-header-logo"}
COMMAND: POST /session/a952926708249603da5cc69792e3d2be/elements - {"using":"xpath","value":"//button[@data-kt=\"addButton\"]"}
RESULT: {"using":"xpath","value":"//button[@data-kt=\"addButton\"]"}
COMMAND: POST /session/a952926708249603da5cc69792e3d2be/elements - {"using":"css selector","value":"#shell-header-logo"}
RESULT: {"using":"css selector","value":"#shell-header-logo"}
COMMAND: POST /session/a952926708249603da5cc69792e3d2be/elements - {"using":"xpath","value":"//button[@data-kt=\"addButton\"]"}
RESULT: {"using":"xpath","value":"//button[@data-kt=\"addButton\"]"}
COMMAND: POST /session/a952926708249603da5cc69792e3d2be/elements - {"using":"css selector","value":"#shell-header-logo"}
RESULT: {"using":"css selector","value":"#shell-header-logo"}
COMMAND: POST /session/a952926708249603da5cc69792e3d2be/elements - {"using":"xpath","value":"//button[@data-kt=\"addButton\"]"}
RESULT: {"using":"xpath","value":"//button[@data-kt=\"addButton\"]"}
COMMAND: POST /session/a952926708249603da5cc69792e3d2be/elements - {"using":"css selector","value":"#shell-header-logo"}
RESULT: {"using":"css selector","value":"#shell-header-logo"}
COMMAND: POST /session/a952926708249603da5cc69792e3d2be/elements - {"using":"xpath","value":"//button[@data-kt=\"addButton\"]"}
RESULT: {"using":"xpath","value":"//button[@data-kt=\"addButton\"]"}
COMMAND: POST /session/a952926708249603da5cc69792e3d2be/elements - {"using":"css selector","value":"#shell-header-logo"}
RESULT: {"using":"css selector","value":"#shell-header-logo"}
COMMAND: POST /session/a952926708249603da5cc69792e3d2be/elements - {"using":"xpath","value":"//button[@data-kt=\"addButton\"]"}
RESULT: {"using":"xpath","value":"//button[@data-kt=\"addButton\"]"}
COMMAND: POST /session/a952926708249603da5cc69792e3d2be/elements - {"using":"css selector","value":"#shell-header-logo"}
COMMAND: POST /session/a952926708249603da5cc69792e3d2be/elements - {"using":"xpath","value":"//button[@data-kt=\"addButton\"]"}
RESULT: {"using":"css selector","value":"#shell-header-logo"}
RESULT: {"using":"xpath","value":"//button[@data-kt=\"addButton\"]"}
COMMAND: POST /session/a952926708249603da5cc69792e3d2be/elements - {"using":"css selector","value":"#shell-header-logo"}
RESULT: {"using":"css selector","value":"#shell-header-logo"}
COMMAND: POST /session/a952926708249603da5cc69792e3d2be/elements - {"using":"xpath","value":"//button[@data-kt=\"addButton\"]"}
RESULT: {"using":"xpath","value":"//button[@data-kt=\"addButton\"]"}
COMMAND: POST /session/a952926708249603da5cc69792e3d2be/elements - {"using":"css selector","value":"#shell-header-logo"}
COMMAND: POST /session/a952926708249603da5cc69792e3d2be/elements - {"using":"xpath","value":"//button[@data-kt=\"addButton\"]"}
RESULT: {"using":"css selector","value":"#shell-header-logo"}
RESULT: {"using":"xpath","value":"//button[@data-kt=\"addButton\"]"}
COMMAND: POST /session/a952926708249603da5cc69792e3d2be/elements - {"using":"css selector","value":"#shell-header-logo"}
RESULT: {"using":"css selector","value":"#shell-header-logo"}
COMMAND: POST /session/a952926708249603da5cc69792e3d2be/elements - {"using":"xpath","value":"//button[@data-kt=\"addButton\"]"}
RESULT: {"using":"xpath","value":"//button[@data-kt=\"addButton\"]"}
COMMAND: POST /session/a952926708249603da5cc69792e3d2be/elements - {"using":"css selector","value":"#shell-header-logo"}
RESULT: {"using":"css selector","value":"#shell-header-logo"}
COMMAND: POST /session/a952926708249603da5cc69792e3d2be/elements - {"using":"xpath","value":"//button[@data-kt=\"addButton\"]"}
RESULT: {"using":"xpath","value":"//button[@data-kt=\"addButton\"]"}
COMMAND: POST /session/a952926708249603da5cc69792e3d2be/elements - {"using":"css selector","value":"#shell-header-logo"}
COMMAND: POST /session/a952926708249603da5cc69792e3d2be/elements - {"using":"xpath","value":"//button[@data-kt=\"addButton\"]"}
RESULT: {"using":"css selector","value":"#shell-header-logo"}
RESULT: {"using":"xpath","value":"//button[@data-kt=\"addButton\"]"}
COMMAND: POST /session/a952926708249603da5cc69792e3d2be/elements - {"using":"css selector","value":"#shell-header-logo"}
RESULT: {"using":"css selector","value":"#shell-header-logo"}
COMMAND: POST /session/a952926708249603da5cc69792e3d2be/elements - {"using":"xpath","value":"//button[@data-kt=\"addButton\"]"}
RESULT: {"using":"xpath","value":"//button[@data-kt=\"addButton\"]"}
COMMAND: POST /session/a952926708249603da5cc69792e3d2be/elements - {"using":"css selector","value":"#shell-header-logo"}
COMMAND: POST /session/a952926708249603da5cc69792e3d2be/elements - {"using":"xpath","value":"//button[@data-kt=\"addButton\"]"}
RESULT: {"using":"css selector","value":"#shell-header-logo"}
RESULT: {"using":"xpath","value":"//button[@data-kt=\"addButton\"]"}
COMMAND: POST /session/a952926708249603da5cc69792e3d2be/elements - {"using":"css selector","value":"#shell-header-logo"}
RESULT: {"using":"css selector","value":"#shell-header-logo"}
COMMAND: POST /session/a952926708249603da5cc69792e3d2be/elements - {"using":"xpath","value":"//button[@data-kt=\"addButton\"]"}
RESULT: {"using":"xpath","value":"//button[@data-kt=\"addButton\"]"}
COMMAND: POST /session/a952926708249603da5cc69792e3d2be/elements - {"using":"css selector","value":"#shell-header-logo"}
RESULT: {"using":"css selector","value":"#shell-header-logo"}
COMMAND: POST /session/a952926708249603da5cc69792e3d2be/elements - {"using":"xpath","value":"//button[@data-kt=\"addButton\"]"}
RESULT: {"using":"xpath","value":"//button[@data-kt=\"addButton\"]"}
COMMAND: POST /session/a952926708249603da5cc69792e3d2be/elements - {"using":"css selector","value":"#shell-header-logo"}
RESULT: {"using":"css selector","value":"#shell-header-logo"}
COMMAND: POST /session/a952926708249603da5cc69792e3d2be/elements - {"using":"xpath","value":"//button[@data-kt=\"addButton\"]"}
RESULT: {"using":"xpath","value":"//button[@data-kt=\"addButton\"]"}
COMMAND: POST /session/a952926708249603da5cc69792e3d2be/elements - {"using":"css selector","value":"#shell-header-logo"}
RESULT: {"using":"css selector","value":"#shell-header-logo"}
COMMAND: POST /session/a952926708249603da5cc69792e3d2be/elements - {"using":"xpath","value":"//button[@data-kt=\"addButton\"]"}
RESULT: {"using":"xpath","value":"//button[@data-kt=\"addButton\"]"}
COMMAND: POST /session/a952926708249603da5cc69792e3d2be/elements - {"using":"css selector","value":"#shell-header-logo"}
RESULT: {"using":"css selector","value":"#shell-header-logo"}
COMMAND: POST /session/a952926708249603da5cc69792e3d2be/elements - {"using":"xpath","value":"//button[@data-kt=\"addButton\"]"}
RESULT: {"using":"xpath","value":"//button[@data-kt=\"addButton\"]"}
COMMAND: POST /session/a952926708249603da5cc69792e3d2be/elements - {"using":"css selector","value":"#shell-header-logo"}
RESULT: {"using":"css selector","value":"#shell-header-logo"}
COMMAND: POST /session/a952926708249603da5cc69792e3d2be/elements - {"using":"xpath","value":"//button[@data-kt=\"addButton\"]"}
RESULT: {"using":"xpath","value":"//button[@data-kt=\"addButton\"]"}
COMMAND: POST /session/a952926708249603da5cc69792e3d2be/elements - {"using":"css selector","value":"#shell-header-logo"}
RESULT: {"using":"css selector","value":"#shell-header-logo"}
COMMAND: POST /session/a952926708249603da5cc69792e3d2be/elements - {"using":"xpath","value":"//button[@data-kt=\"addButton\"]"}
RESULT: {"using":"xpath","value":"//button[@data-kt=\"addButton\"]"}
COMMAND: POST /session/a952926708249603da5cc69792e3d2be/elements - {"using":"css selector","value":"#shell-header-logo"}
RESULT: {"using":"css selector","value":"#shell-header-logo"}
COMMAND: POST /session/a952926708249603da5cc69792e3d2be/elements - {"using":"xpath","value":"//button[@data-kt=\"addButton\"]"}
RESULT: {"using":"xpath","value":"//button[@data-kt=\"addButton\"]"}
COMMAND: POST /session/a952926708249603da5cc69792e3d2be/elements - {"using":"css selector","value":"#shell-header-logo"}
RESULT: {"using":"css selector","value":"#shell-header-logo"}
COMMAND: POST /session/a952926708249603da5cc69792e3d2be/elements - {"using":"xpath","value":"//button[@data-kt=\"addButton\"]"}
RESULT: {"using":"xpath","value":"//button[@data-kt=\"addButton\"]"}
COMMAND: POST /session/a952926708249603da5cc69792e3d2be/elements - {"using":"css selector","value":"#shell-header-logo"}
COMMAND: POST /session/a952926708249603da5cc69792e3d2be/elements - {"using":"xpath","value":"//button[@data-kt=\"addButton\"]"}
RESULT: {"using":"css selector","value":"#shell-header-logo"}
RESULT: {"using":"xpath","value":"//button[@data-kt=\"addButton\"]"}
COMMAND: POST /session/a952926708249603da5cc69792e3d2be/elements - {"using":"css selector","value":"#shell-header-logo"}
RESULT: {"using":"css selector","value":"#shell-header-logo"}
COMMAND: POST /session/a952926708249603da5cc69792e3d2be/elements - {"using":"xpath","value":"//button[@data-kt=\"addButton\"]"}
RESULT: {"using":"xpath","value":"//button[@data-kt=\"addButton\"]"}
COMMAND: POST /session/a952926708249603da5cc69792e3d2be/elements - {"using":"css selector","value":"#shell-header-logo"}
RESULT: {"using":"css selector","value":"#shell-header-logo"}
COMMAND: POST /session/a952926708249603da5cc69792e3d2be/elements - {"using":"xpath","value":"//button[@data-kt=\"addButton\"]"}
RESULT: {"using":"xpath","value":"//button[@data-kt=\"addButton\"]"}
COMMAND: POST /session/a952926708249603da5cc69792e3d2be/elements - {"using":"css selector","value":"#shell-header-logo"}
RESULT: {"using":"css selector","value":"#shell-header-logo"}
COMMAND: POST /session/a952926708249603da5cc69792e3d2be/elements - {"using":"xpath","value":"//button[@data-kt=\"addButton\"]"}
RESULT: {"using":"xpath","value":"//button[@data-kt=\"addButton\"]"}
COMMAND: POST /session/a952926708249603da5cc69792e3d2be/elements - {"using":"css selector","value":"#shell-header-logo"}
COMMAND: POST /session/a952926708249603da5cc69792e3d2be/elements - {"using":"xpath","value":"//button[@data-kt=\"addButton\"]"}
RESULT: {"using":"css selector","value":"#shell-header-logo"}
RESULT: {"using":"xpath","value":"//button[@data-kt=\"addButton\"]"}
COMMAND: POST /session/a952926708249603da5cc69792e3d2be/elements - {"using":"css selector","value":"#shell-header-logo"}
COMMAND: POST /session/a952926708249603da5cc69792e3d2be/elements - {"using":"xpath","value":"//button[@data-kt=\"addButton\"]"}
RESULT: {"using":"css selector","value":"#shell-header-logo"}
RESULT: {"using":"xpath","value":"//button[@data-kt=\"addButton\"]"}
COMMAND: POST /session/a952926708249603da5cc69792e3d2be/elements - {"using":"css selector","value":"#shell-header-logo"}
RESULT: {"using":"css selector","value":"#shell-header-logo"}
COMMAND: POST /session/a952926708249603da5cc69792e3d2be/elements - {"using":"xpath","value":"//button[@data-kt=\"addButton\"]"}
RESULT: {"using":"xpath","value":"//button[@data-kt=\"addButton\"]"}
COMMAND: POST /session/a952926708249603da5cc69792e3d2be/elements - {"using":"css selector","value":"#shell-header-logo"}
RESULT: {"using":"css selector","value":"#shell-header-logo"}
COMMAND: POST /session/a952926708249603da5cc69792e3d2be/elements - {"using":"xpath","value":"//button[@data-kt=\"addButton\"]"}
RESULT: {"using":"xpath","value":"//button[@data-kt=\"addButton\"]"}
COMMAND: POST /session/a952926708249603da5cc69792e3d2be/elements - {"using":"css selector","value":"#shell-header-logo"}
RESULT: {"using":"css selector","value":"#shell-header-logo"}
COMMAND: POST /session/a952926708249603da5cc69792e3d2be/elements - {"using":"xpath","value":"//button[@data-kt=\"addButton\"]"}
RESULT: {"using":"xpath","value":"//button[@data-kt=\"addButton\"]"}
COMMAND: POST /session/a952926708249603da5cc69792e3d2be/elements - {"using":"css selector","value":"#shell-header-logo"}
RESULT: {"using":"css selector","value":"#shell-header-logo"}
COMMAND: POST /session/a952926708249603da5cc69792e3d2be/elements - {"using":"xpath","value":"//button[@data-kt=\"addButton\"]"}
RESULT: {"using":"xpath","value":"//button[@data-kt=\"addButton\"]"}
COMMAND: POST /session/a952926708249603da5cc69792e3d2be/elements - {"using":"css selector","value":"#shell-header-logo"}
RESULT: {"using":"css selector","value":"#shell-header-logo"}
COMMAND: POST /session/a952926708249603da5cc69792e3d2be/elements - {"using":"xpath","value":"//button[@data-kt=\"addButton\"]"}
RESULT: {"using":"xpath","value":"//button[@data-kt=\"addButton\"]"}
COMMAND: POST /session/a952926708249603da5cc69792e3d2be/elements - {"using":"css selector","value":"#shell-header-logo"}
COMMAND: POST /session/a952926708249603da5cc69792e3d2be/elements - {"using":"xpath","value":"//button[@data-kt=\"addButton\"]"}
RESULT: {"using":"css selector","value":"#shell-header-logo"}
RESULT: {"using":"xpath","value":"//button[@data-kt=\"addButton\"]"}
COMMAND: POST /session/a952926708249603da5cc69792e3d2be/elements - {"using":"css selector","value":"#shell-header-logo"}
RESULT: {"using":"css selector","value":"#shell-header-logo"}
COMMAND: POST /session/a952926708249603da5cc69792e3d2be/elements - {"using":"xpath","value":"//button[@data-kt=\"addButton\"]"}
RESULT: {"using":"xpath","value":"//button[@data-kt=\"addButton\"]"}
COMMAND: POST /session/a952926708249603da5cc69792e3d2be/elements - {"using":"css selector","value":"#shell-header-logo"}
COMMAND: POST /session/a952926708249603da5cc69792e3d2be/elements - {"using":"xpath","value":"//button[@data-kt=\"addButton\"]"}
RESULT: {"using":"css selector","value":"#shell-header-logo"}
RESULT: {"using":"xpath","value":"//button[@data-kt=\"addButton\"]"}
COMMAND: POST /session/a952926708249603da5cc69792e3d2be/elements - {"using":"css selector","value":"#shell-header-logo"}
RESULT: {"using":"css selector","value":"#shell-header-logo"}
COMMAND: POST /session/a952926708249603da5cc69792e3d2be/elements - {"using":"xpath","value":"//button[@data-kt=\"addButton\"]"}
RESULT: {"using":"xpath","value":"//button[@data-kt=\"addButton\"]"}
COMMAND: POST /session/a952926708249603da5cc69792e3d2be/elements - {"using":"css selector","value":"#shell-header-logo"}
RESULT: {"using":"css selector","value":"#shell-header-logo"}
COMMAND: POST /session/a952926708249603da5cc69792e3d2be/elements - {"using":"xpath","value":"//button[@data-kt=\"addButton\"]"}
RESULT: {"using":"xpath","value":"//button[@data-kt=\"addButton\"]"}
COMMAND: POST /session/a952926708249603da5cc69792e3d2be/elements - {"using":"css selector","value":"#shell-header-logo"}
RESULT: {"using":"css selector","value":"#shell-header-logo"}
COMMAND: POST /session/a952926708249603da5cc69792e3d2be/elements - {"using":"xpath","value":"//button[@data-kt=\"addButton\"]"}
RESULT: {"using":"xpath","value":"//button[@data-kt=\"addButton\"]"}
COMMAND: POST /session/a952926708249603da5cc69792e3d2be/elements - {"using":"css selector","value":"#shell-header-logo"}
RESULT: {"using":"css selector","value":"#shell-header-logo"}
COMMAND: POST /session/a952926708249603da5cc69792e3d2be/elements - {"using":"xpath","value":"//button[@data-kt=\"addButton\"]"}
RESULT: {"using":"xpath","value":"//button[@data-kt=\"addButton\"]"}
COMMAND: POST /session/a952926708249603da5cc69792e3d2be/elements - {"using":"css selector","value":"#shell-header-logo"}
COMMAND: POST /session/a952926708249603da5cc69792e3d2be/elements - {"using":"xpath","value":"//button[@data-kt=\"addButton\"]"}
RESULT: {"using":"css selector","value":"#shell-header-logo"}
RESULT: {"using":"xpath","value":"//button[@data-kt=\"addButton\"]"}
COMMAND: POST /session/a952926708249603da5cc69792e3d2be/elements - {"using":"css selector","value":"#shell-header-logo"}
COMMAND: POST /session/a952926708249603da5cc69792e3d2be/elements - {"using":"xpath","value":"//button[@data-kt=\"addButton\"]"}
RESULT: {"using":"css selector","value":"#shell-header-logo"}
RESULT: {"using":"xpath","value":"//button[@data-kt=\"addButton\"]"}
COMMAND: POST /session/a952926708249603da5cc69792e3d2be/elements - {"using":"css selector","value":"#shell-header-logo"}
RESULT: {"using":"css selector","value":"#shell-header-logo"}
COMMAND: POST /session/a952926708249603da5cc69792e3d2be/elements - {"using":"xpath","value":"//button[@data-kt=\"addButton\"]"}
RESULT: {"using":"xpath","value":"//button[@data-kt=\"addButton\"]"}
COMMAND: POST /session/a952926708249603da5cc69792e3d2be/elements - {"using":"css selector","value":"#shell-header-logo"}
RESULT: {"using":"css selector","value":"#shell-header-logo"}
COMMAND: POST /session/a952926708249603da5cc69792e3d2be/elements - {"using":"xpath","value":"//button[@data-kt=\"addButton\"]"}
RESULT: {"using":"xpath","value":"//button[@data-kt=\"addButton\"]"}
COMMAND: POST /session/a952926708249603da5cc69792e3d2be/elements - {"using":"css selector","value":"#shell-header-logo"}
RESULT: {"using":"css selector","value":"#shell-header-logo"}
COMMAND: POST /session/a952926708249603da5cc69792e3d2be/elements - {"using":"xpath","value":"//button[@data-kt=\"addButton\"]"}
RESULT: {"using":"xpath","value":"//button[@data-kt=\"addButton\"]"}
COMMAND: POST /session/a952926708249603da5cc69792e3d2be/elements - {"using":"css selector","value":"#shell-header-logo"}
COMMAND: POST /session/a952926708249603da5cc69792e3d2be/elements - {"using":"xpath","value":"//button[@data-kt=\"addButton\"]"}
RESULT: {"using":"css selector","value":"#shell-header-logo"}
RESULT: {"using":"xpath","value":"//button[@data-kt=\"addButton\"]"}
COMMAND: POST /session/a952926708249603da5cc69792e3d2be/elements - {"using":"css selector","value":"#shell-header-logo"}
RESULT: {"using":"css selector","value":"#shell-header-logo"}
COMMAND: POST /session/a952926708249603da5cc69792e3d2be/elements - {"using":"xpath","value":"//button[@data-kt=\"addButton\"]"}
RESULT: {"using":"xpath","value":"//button[@data-kt=\"addButton\"]"}
COMMAND: POST /session/a952926708249603da5cc69792e3d2be/elements - {"using":"css selector","value":"#shell-header-logo"}
RESULT: {"using":"css selector","value":"#shell-header-logo"}
COMMAND: POST /session/a952926708249603da5cc69792e3d2be/elements - {"using":"xpath","value":"//button[@data-kt=\"addButton\"]"}
RESULT: {"using":"xpath","value":"//button[@data-kt=\"addButton\"]"}
COMMAND: POST /session/a952926708249603da5cc69792e3d2be/elements - {"using":"css selector","value":"#shell-header-logo"}
RESULT: {"using":"css selector","value":"#shell-header-logo"}
COMMAND: POST /session/a952926708249603da5cc69792e3d2be/elements - {"using":"xpath","value":"//button[@data-kt=\"addButton\"]"}
RESULT: {"using":"xpath","value":"//button[@data-kt=\"addButton\"]"}
COMMAND: POST /session/a952926708249603da5cc69792e3d2be/elements - {"using":"css selector","value":"#shell-header-logo"}
RESULT: {"using":"css selector","value":"#shell-header-logo"}
COMMAND: POST /session/a952926708249603da5cc69792e3d2be/elements - {"using":"xpath","value":"//button[@data-kt=\"addButton\"]"}
RESULT: {"using":"xpath","value":"//button[@data-kt=\"addButton\"]"}
COMMAND: POST /session/a952926708249603da5cc69792e3d2be/elements - {"using":"css selector","value":"#shell-header-logo"}
RESULT: {"using":"css selector","value":"#shell-header-logo"}
COMMAND: POST /session/a952926708249603da5cc69792e3d2be/elements - {"using":"xpath","value":"//button[@data-kt=\"addButton\"]"}
RESULT: {"using":"xpath","value":"//button[@data-kt=\"addButton\"]"}
COMMAND: POST /session/a952926708249603da5cc69792e3d2be/elements - {"using":"css selector","value":"#shell-header-logo"}
COMMAND: POST /session/a952926708249603da5cc69792e3d2be/elements - {"using":"xpath","value":"//button[@data-kt=\"addButton\"]"}
RESULT: {"using":"css selector","value":"#shell-header-logo"}
RESULT: {"using":"xpath","value":"//button[@data-kt=\"addButton\"]"}
COMMAND: POST /session/a952926708249603da5cc69792e3d2be/elements - {"using":"css selector","value":"#shell-header-logo"}
COMMAND: POST /session/a952926708249603da5cc69792e3d2be/elements - {"using":"xpath","value":"//button[@data-kt=\"addButton\"]"}
RESULT: {"using":"css selector","value":"#shell-header-logo"}
RESULT: {"using":"xpath","value":"//button[@data-kt=\"addButton\"]"}
COMMAND: POST /session/a952926708249603da5cc69792e3d2be/elements - {"using":"css selector","value":"#shell-header-logo"}
COMMAND: POST /session/a952926708249603da5cc69792e3d2be/elements - {"using":"xpath","value":"//button[@data-kt=\"addButton\"]"}
RESULT: {"using":"css selector","value":"#shell-header-logo"}
RESULT: {"using":"xpath","value":"//button[@data-kt=\"addButton\"]"}
COMMAND: POST /session/a952926708249603da5cc69792e3d2be/elements - {"using":"css selector","value":"#shell-header-logo"}
COMMAND: POST /session/a952926708249603da5cc69792e3d2be/elements - {"using":"xpath","value":"//button[@data-kt=\"addButton\"]"}
RESULT: {"using":"css selector","value":"#shell-header-logo"}
RESULT: {"using":"xpath","value":"//button[@data-kt=\"addButton\"]"}
COMMAND: POST /session/a952926708249603da5cc69792e3d2be/elements - {"using":"css selector","value":"#shell-header-logo"}
RESULT: {"using":"css selector","value":"#shell-header-logo"}
COMMAND: POST /session/a952926708249603da5cc69792e3d2be/elements - {"using":"xpath","value":"//button[@data-kt=\"addButton\"]"}
RESULT: {"using":"xpath","value":"//button[@data-kt=\"addButton\"]"}
COMMAND: POST /session/a952926708249603da5cc69792e3d2be/elements - {"using":"css selector","value":"#shell-header-logo"}
RESULT: {"using":"css selector","value":"#shell-header-logo"}
COMMAND: POST /session/a952926708249603da5cc69792e3d2be/elements - {"using":"xpath","value":"//button[@data-kt=\"addButton\"]"}
RESULT: {"using":"xpath","value":"//button[@data-kt=\"addButton\"]"}
COMMAND: POST /session/a952926708249603da5cc69792e3d2be/elements - {"using":"css selector","value":"#shell-header-logo"}
RESULT: {"using":"css selector","value":"#shell-header-logo"}
COMMAND: GET /session/a952926708249603da5cc69792e3d2be/screenshot - {}
RESULT: {}
]]></system-out>
      <system-err><![CDATA[
Error: element ("//button[@data-kt="addButton"]") still not existing after 45000ms
    at async Context.<anonymous> (D:\a\1\s\test\specs\BTS\manage-partners.spec.js:701:9)
]]></system-err>
    </testcase>
    <testcase classname="chrome.136_0_7103_49.windows.Partner_specific_tests_US150819_US151080_US151654_US151176_US103444_US151078_US151079_US151109_US151174_US151175_US151189" name="Should try to save empty partner US151174" time="55.375">
      <skipped />
      <system-out><![CDATA[
COMMAND: POST /session/a952926708249603da5cc69792e3d2be/element - {"using":"xpath","value":"//li[.//span[text()=\"Manage Partners\"]]"}
RESULT: {"using":"xpath","value":"//li[.//span[text()=\"Manage Partners\"]]"}
COMMAND: POST /session/a952926708249603da5cc69792e3d2be/element - {"using":"xpath","value":"//li[.//span[text()=\"Manage Partners\"]]"}
RESULT: {"using":"xpath","value":"//li[.//span[text()=\"Manage Partners\"]]"}
COMMAND: POST /session/a952926708249603da5cc69792e3d2be/element - {"using":"css selector","value":"#shell-header-logo"}
RESULT: {"using":"css selector","value":"#shell-header-logo"}
COMMAND: POST /session/a952926708249603da5cc69792e3d2be/elements - {"using":"css selector","value":"#shell-header-logo"}
COMMAND: POST /session/a952926708249603da5cc69792e3d2be/element - {"using":"css selector","value":"#shell-header-logo"}
RESULT: {"using":"css selector","value":"#shell-header-logo"}
RESULT: {"using":"css selector","value":"#shell-header-logo"}
COMMAND: POST /session/a952926708249603da5cc69792e3d2be/elements - {"using":"css selector","value":"#shell-header-logo"}
RESULT: {"using":"css selector","value":"#shell-header-logo"}
COMMAND: POST /session/a952926708249603da5cc69792e3d2be/elements - {"using":"css selector","value":"#shell-header-logo"}
RESULT: {"using":"css selector","value":"#shell-header-logo"}
COMMAND: POST /session/a952926708249603da5cc69792e3d2be/elements - {"using":"css selector","value":"#shell-header-logo"}
RESULT: {"using":"css selector","value":"#shell-header-logo"}
COMMAND: POST /session/a952926708249603da5cc69792e3d2be/elements - {"using":"css selector","value":"#shell-header-logo"}
RESULT: {"using":"css selector","value":"#shell-header-logo"}
COMMAND: POST /session/a952926708249603da5cc69792e3d2be/elements - {"using":"css selector","value":"#shell-header-logo"}
RESULT: {"using":"css selector","value":"#shell-header-logo"}
COMMAND: POST /session/a952926708249603da5cc69792e3d2be/elements - {"using":"css selector","value":"#shell-header-logo"}
RESULT: {"using":"css selector","value":"#shell-header-logo"}
COMMAND: POST /session/a952926708249603da5cc69792e3d2be/elements - {"using":"css selector","value":"#shell-header-logo"}
RESULT: {"using":"css selector","value":"#shell-header-logo"}
COMMAND: POST /session/a952926708249603da5cc69792e3d2be/elements - {"using":"css selector","value":"#shell-header-logo"}
RESULT: {"using":"css selector","value":"#shell-header-logo"}
COMMAND: POST /session/a952926708249603da5cc69792e3d2be/elements - {"using":"css selector","value":"#shell-header-logo"}
RESULT: {"using":"css selector","value":"#shell-header-logo"}
COMMAND: POST /session/a952926708249603da5cc69792e3d2be/elements - {"using":"css selector","value":"#shell-header-logo"}
RESULT: {"using":"css selector","value":"#shell-header-logo"}
COMMAND: POST /session/a952926708249603da5cc69792e3d2be/elements - {"using":"css selector","value":"#shell-header-logo"}
RESULT: {"using":"css selector","value":"#shell-header-logo"}
COMMAND: POST /session/a952926708249603da5cc69792e3d2be/elements - {"using":"css selector","value":"#shell-header-logo"}
RESULT: {"using":"css selector","value":"#shell-header-logo"}
COMMAND: POST /session/a952926708249603da5cc69792e3d2be/elements - {"using":"css selector","value":"#shell-header-logo"}
RESULT: {"using":"css selector","value":"#shell-header-logo"}
COMMAND: POST /session/a952926708249603da5cc69792e3d2be/elements - {"using":"css selector","value":"#shell-header-logo"}
RESULT: {"using":"css selector","value":"#shell-header-logo"}
COMMAND: POST /session/a952926708249603da5cc69792e3d2be/elements - {"using":"css selector","value":"#shell-header-logo"}
RESULT: {"using":"css selector","value":"#shell-header-logo"}
COMMAND: POST /session/a952926708249603da5cc69792e3d2be/elements - {"using":"css selector","value":"#shell-header-logo"}
RESULT: {"using":"css selector","value":"#shell-header-logo"}
COMMAND: POST /session/a952926708249603da5cc69792e3d2be/elements - {"using":"css selector","value":"#shell-header-logo"}
RESULT: {"using":"css selector","value":"#shell-header-logo"}
COMMAND: POST /session/a952926708249603da5cc69792e3d2be/elements - {"using":"css selector","value":"#shell-header-logo"}
RESULT: {"using":"css selector","value":"#shell-header-logo"}
COMMAND: POST /session/a952926708249603da5cc69792e3d2be/elements - {"using":"css selector","value":"#shell-header-logo"}
RESULT: {"using":"css selector","value":"#shell-header-logo"}
COMMAND: POST /session/a952926708249603da5cc69792e3d2be/elements - {"using":"css selector","value":"#shell-header-logo"}
RESULT: {"using":"css selector","value":"#shell-header-logo"}
COMMAND: POST /session/a952926708249603da5cc69792e3d2be/elements - {"using":"css selector","value":"#shell-header-logo"}
RESULT: {"using":"css selector","value":"#shell-header-logo"}
COMMAND: POST /session/a952926708249603da5cc69792e3d2be/elements - {"using":"css selector","value":"#shell-header-logo"}
RESULT: {"using":"css selector","value":"#shell-header-logo"}
COMMAND: POST /session/a952926708249603da5cc69792e3d2be/elements - {"using":"css selector","value":"#shell-header-logo"}
RESULT: {"using":"css selector","value":"#shell-header-logo"}
COMMAND: POST /session/a952926708249603da5cc69792e3d2be/elements - {"using":"css selector","value":"#shell-header-logo"}
RESULT: {"using":"css selector","value":"#shell-header-logo"}
COMMAND: POST /session/a952926708249603da5cc69792e3d2be/elements - {"using":"css selector","value":"#shell-header-logo"}
RESULT: {"using":"css selector","value":"#shell-header-logo"}
COMMAND: POST /session/a952926708249603da5cc69792e3d2be/elements - {"using":"css selector","value":"#shell-header-logo"}
RESULT: {"using":"css selector","value":"#shell-header-logo"}
COMMAND: POST /session/a952926708249603da5cc69792e3d2be/elements - {"using":"css selector","value":"#shell-header-logo"}
RESULT: {"using":"css selector","value":"#shell-header-logo"}
COMMAND: POST /session/a952926708249603da5cc69792e3d2be/elements - {"using":"css selector","value":"#shell-header-logo"}
RESULT: {"using":"css selector","value":"#shell-header-logo"}
RESULT: undefined
COMMAND: POST /session/a952926708249603da5cc69792e3d2be/element - {"using":"xpath","value":"//button[@data-kt=\"addButton\"]"}
COMMAND: POST /session/a952926708249603da5cc69792e3d2be/elements - {"using":"css selector","value":"#shell-header-logo"}
RESULT: {"using":"xpath","value":"//button[@data-kt=\"addButton\"]"}
COMMAND: POST /session/a952926708249603da5cc69792e3d2be/elements - {"using":"xpath","value":"//button[@data-kt=\"addButton\"]"}
RESULT: {"using":"css selector","value":"#shell-header-logo"}
RESULT: {"using":"xpath","value":"//button[@data-kt=\"addButton\"]"}
COMMAND: POST /session/a952926708249603da5cc69792e3d2be/elements - {"using":"css selector","value":"#shell-header-logo"}
RESULT: {"using":"css selector","value":"#shell-header-logo"}
COMMAND: POST /session/a952926708249603da5cc69792e3d2be/elements - {"using":"xpath","value":"//button[@data-kt=\"addButton\"]"}
RESULT: {"using":"xpath","value":"//button[@data-kt=\"addButton\"]"}
COMMAND: POST /session/a952926708249603da5cc69792e3d2be/elements - {"using":"css selector","value":"#shell-header-logo"}
RESULT: {"using":"css selector","value":"#shell-header-logo"}
COMMAND: POST /session/a952926708249603da5cc69792e3d2be/elements - {"using":"xpath","value":"//button[@data-kt=\"addButton\"]"}
RESULT: {"using":"xpath","value":"//button[@data-kt=\"addButton\"]"}
COMMAND: POST /session/a952926708249603da5cc69792e3d2be/elements - {"using":"css selector","value":"#shell-header-logo"}
RESULT: {"using":"css selector","value":"#shell-header-logo"}
COMMAND: POST /session/a952926708249603da5cc69792e3d2be/elements - {"using":"xpath","value":"//button[@data-kt=\"addButton\"]"}
RESULT: {"using":"xpath","value":"//button[@data-kt=\"addButton\"]"}
COMMAND: POST /session/a952926708249603da5cc69792e3d2be/elements - {"using":"css selector","value":"#shell-header-logo"}
RESULT: {"using":"css selector","value":"#shell-header-logo"}
COMMAND: POST /session/a952926708249603da5cc69792e3d2be/elements - {"using":"xpath","value":"//button[@data-kt=\"addButton\"]"}
RESULT: {"using":"xpath","value":"//button[@data-kt=\"addButton\"]"}
COMMAND: POST /session/a952926708249603da5cc69792e3d2be/elements - {"using":"css selector","value":"#shell-header-logo"}
RESULT: {"using":"css selector","value":"#shell-header-logo"}
COMMAND: POST /session/a952926708249603da5cc69792e3d2be/elements - {"using":"xpath","value":"//button[@data-kt=\"addButton\"]"}
RESULT: {"using":"xpath","value":"//button[@data-kt=\"addButton\"]"}
COMMAND: POST /session/a952926708249603da5cc69792e3d2be/elements - {"using":"css selector","value":"#shell-header-logo"}
COMMAND: POST /session/a952926708249603da5cc69792e3d2be/elements - {"using":"xpath","value":"//button[@data-kt=\"addButton\"]"}
RESULT: {"using":"css selector","value":"#shell-header-logo"}
RESULT: {"using":"xpath","value":"//button[@data-kt=\"addButton\"]"}
COMMAND: POST /session/a952926708249603da5cc69792e3d2be/elements - {"using":"css selector","value":"#shell-header-logo"}
COMMAND: POST /session/a952926708249603da5cc69792e3d2be/elements - {"using":"xpath","value":"//button[@data-kt=\"addButton\"]"}
RESULT: {"using":"css selector","value":"#shell-header-logo"}
RESULT: {"using":"xpath","value":"//button[@data-kt=\"addButton\"]"}
COMMAND: POST /session/a952926708249603da5cc69792e3d2be/elements - {"using":"css selector","value":"#shell-header-logo"}
RESULT: {"using":"css selector","value":"#shell-header-logo"}
COMMAND: POST /session/a952926708249603da5cc69792e3d2be/elements - {"using":"xpath","value":"//button[@data-kt=\"addButton\"]"}
RESULT: {"using":"xpath","value":"//button[@data-kt=\"addButton\"]"}
COMMAND: POST /session/a952926708249603da5cc69792e3d2be/elements - {"using":"css selector","value":"#shell-header-logo"}
RESULT: {"using":"css selector","value":"#shell-header-logo"}
COMMAND: POST /session/a952926708249603da5cc69792e3d2be/elements - {"using":"xpath","value":"//button[@data-kt=\"addButton\"]"}
RESULT: {"using":"xpath","value":"//button[@data-kt=\"addButton\"]"}
COMMAND: POST /session/a952926708249603da5cc69792e3d2be/elements - {"using":"css selector","value":"#shell-header-logo"}
RESULT: {"using":"css selector","value":"#shell-header-logo"}
COMMAND: POST /session/a952926708249603da5cc69792e3d2be/elements - {"using":"xpath","value":"//button[@data-kt=\"addButton\"]"}
RESULT: {"using":"xpath","value":"//button[@data-kt=\"addButton\"]"}
COMMAND: POST /session/a952926708249603da5cc69792e3d2be/elements - {"using":"css selector","value":"#shell-header-logo"}
COMMAND: POST /session/a952926708249603da5cc69792e3d2be/elements - {"using":"xpath","value":"//button[@data-kt=\"addButton\"]"}
RESULT: {"using":"css selector","value":"#shell-header-logo"}
RESULT: {"using":"xpath","value":"//button[@data-kt=\"addButton\"]"}
COMMAND: POST /session/a952926708249603da5cc69792e3d2be/elements - {"using":"css selector","value":"#shell-header-logo"}
RESULT: {"using":"css selector","value":"#shell-header-logo"}
COMMAND: POST /session/a952926708249603da5cc69792e3d2be/elements - {"using":"xpath","value":"//button[@data-kt=\"addButton\"]"}
RESULT: {"using":"xpath","value":"//button[@data-kt=\"addButton\"]"}
COMMAND: POST /session/a952926708249603da5cc69792e3d2be/elements - {"using":"css selector","value":"#shell-header-logo"}
COMMAND: POST /session/a952926708249603da5cc69792e3d2be/elements - {"using":"xpath","value":"//button[@data-kt=\"addButton\"]"}
RESULT: {"using":"css selector","value":"#shell-header-logo"}
RESULT: {"using":"xpath","value":"//button[@data-kt=\"addButton\"]"}
COMMAND: POST /session/a952926708249603da5cc69792e3d2be/elements - {"using":"css selector","value":"#shell-header-logo"}
RESULT: {"using":"css selector","value":"#shell-header-logo"}
COMMAND: POST /session/a952926708249603da5cc69792e3d2be/elements - {"using":"xpath","value":"//button[@data-kt=\"addButton\"]"}
RESULT: {"using":"xpath","value":"//button[@data-kt=\"addButton\"]"}
COMMAND: POST /session/a952926708249603da5cc69792e3d2be/elements - {"using":"css selector","value":"#shell-header-logo"}
RESULT: {"using":"css selector","value":"#shell-header-logo"}
COMMAND: POST /session/a952926708249603da5cc69792e3d2be/elements - {"using":"xpath","value":"//button[@data-kt=\"addButton\"]"}
RESULT: {"using":"xpath","value":"//button[@data-kt=\"addButton\"]"}
COMMAND: POST /session/a952926708249603da5cc69792e3d2be/elements - {"using":"css selector","value":"#shell-header-logo"}
RESULT: {"using":"css selector","value":"#shell-header-logo"}
COMMAND: POST /session/a952926708249603da5cc69792e3d2be/elements - {"using":"xpath","value":"//button[@data-kt=\"addButton\"]"}
RESULT: {"using":"xpath","value":"//button[@data-kt=\"addButton\"]"}
COMMAND: POST /session/a952926708249603da5cc69792e3d2be/elements - {"using":"css selector","value":"#shell-header-logo"}
RESULT: {"using":"css selector","value":"#shell-header-logo"}
COMMAND: POST /session/a952926708249603da5cc69792e3d2be/elements - {"using":"xpath","value":"//button[@data-kt=\"addButton\"]"}
RESULT: {"using":"xpath","value":"//button[@data-kt=\"addButton\"]"}
COMMAND: POST /session/a952926708249603da5cc69792e3d2be/elements - {"using":"css selector","value":"#shell-header-logo"}
COMMAND: POST /session/a952926708249603da5cc69792e3d2be/elements - {"using":"xpath","value":"//button[@data-kt=\"addButton\"]"}
RESULT: {"using":"css selector","value":"#shell-header-logo"}
RESULT: {"using":"xpath","value":"//button[@data-kt=\"addButton\"]"}
COMMAND: POST /session/a952926708249603da5cc69792e3d2be/elements - {"using":"css selector","value":"#shell-header-logo"}
RESULT: {"using":"css selector","value":"#shell-header-logo"}
COMMAND: POST /session/a952926708249603da5cc69792e3d2be/elements - {"using":"xpath","value":"//button[@data-kt=\"addButton\"]"}
RESULT: {"using":"xpath","value":"//button[@data-kt=\"addButton\"]"}
COMMAND: POST /session/a952926708249603da5cc69792e3d2be/elements - {"using":"css selector","value":"#shell-header-logo"}
RESULT: {"using":"css selector","value":"#shell-header-logo"}
COMMAND: POST /session/a952926708249603da5cc69792e3d2be/elements - {"using":"xpath","value":"//button[@data-kt=\"addButton\"]"}
RESULT: {"using":"xpath","value":"//button[@data-kt=\"addButton\"]"}
COMMAND: POST /session/a952926708249603da5cc69792e3d2be/elements - {"using":"css selector","value":"#shell-header-logo"}
RESULT: {"using":"css selector","value":"#shell-header-logo"}
COMMAND: POST /session/a952926708249603da5cc69792e3d2be/elements - {"using":"xpath","value":"//button[@data-kt=\"addButton\"]"}
RESULT: {"using":"xpath","value":"//button[@data-kt=\"addButton\"]"}
COMMAND: POST /session/a952926708249603da5cc69792e3d2be/elements - {"using":"css selector","value":"#shell-header-logo"}
RESULT: {"using":"css selector","value":"#shell-header-logo"}
COMMAND: POST /session/a952926708249603da5cc69792e3d2be/elements - {"using":"xpath","value":"//button[@data-kt=\"addButton\"]"}
RESULT: {"using":"xpath","value":"//button[@data-kt=\"addButton\"]"}
COMMAND: POST /session/a952926708249603da5cc69792e3d2be/elements - {"using":"css selector","value":"#shell-header-logo"}
RESULT: {"using":"css selector","value":"#shell-header-logo"}
COMMAND: POST /session/a952926708249603da5cc69792e3d2be/elements - {"using":"xpath","value":"//button[@data-kt=\"addButton\"]"}
RESULT: {"using":"xpath","value":"//button[@data-kt=\"addButton\"]"}
COMMAND: POST /session/a952926708249603da5cc69792e3d2be/elements - {"using":"css selector","value":"#shell-header-logo"}
RESULT: {"using":"css selector","value":"#shell-header-logo"}
COMMAND: POST /session/a952926708249603da5cc69792e3d2be/elements - {"using":"xpath","value":"//button[@data-kt=\"addButton\"]"}
RESULT: {"using":"xpath","value":"//button[@data-kt=\"addButton\"]"}
COMMAND: POST /session/a952926708249603da5cc69792e3d2be/elements - {"using":"css selector","value":"#shell-header-logo"}
COMMAND: POST /session/a952926708249603da5cc69792e3d2be/elements - {"using":"xpath","value":"//button[@data-kt=\"addButton\"]"}
RESULT: {"using":"css selector","value":"#shell-header-logo"}
RESULT: {"using":"xpath","value":"//button[@data-kt=\"addButton\"]"}
COMMAND: POST /session/a952926708249603da5cc69792e3d2be/elements - {"using":"css selector","value":"#shell-header-logo"}
RESULT: {"using":"css selector","value":"#shell-header-logo"}
COMMAND: POST /session/a952926708249603da5cc69792e3d2be/elements - {"using":"xpath","value":"//button[@data-kt=\"addButton\"]"}
RESULT: {"using":"xpath","value":"//button[@data-kt=\"addButton\"]"}
COMMAND: POST /session/a952926708249603da5cc69792e3d2be/elements - {"using":"css selector","value":"#shell-header-logo"}
RESULT: {"using":"css selector","value":"#shell-header-logo"}
COMMAND: POST /session/a952926708249603da5cc69792e3d2be/elements - {"using":"xpath","value":"//button[@data-kt=\"addButton\"]"}
RESULT: {"using":"xpath","value":"//button[@data-kt=\"addButton\"]"}
COMMAND: POST /session/a952926708249603da5cc69792e3d2be/elements - {"using":"css selector","value":"#shell-header-logo"}
RESULT: {"using":"css selector","value":"#shell-header-logo"}
COMMAND: POST /session/a952926708249603da5cc69792e3d2be/elements - {"using":"xpath","value":"//button[@data-kt=\"addButton\"]"}
RESULT: {"using":"xpath","value":"//button[@data-kt=\"addButton\"]"}
COMMAND: POST /session/a952926708249603da5cc69792e3d2be/elements - {"using":"css selector","value":"#shell-header-logo"}
RESULT: {"using":"css selector","value":"#shell-header-logo"}
COMMAND: POST /session/a952926708249603da5cc69792e3d2be/elements - {"using":"xpath","value":"//button[@data-kt=\"addButton\"]"}
RESULT: {"using":"xpath","value":"//button[@data-kt=\"addButton\"]"}
COMMAND: POST /session/a952926708249603da5cc69792e3d2be/elements - {"using":"css selector","value":"#shell-header-logo"}
COMMAND: POST /session/a952926708249603da5cc69792e3d2be/elements - {"using":"xpath","value":"//button[@data-kt=\"addButton\"]"}
RESULT: {"using":"css selector","value":"#shell-header-logo"}
RESULT: {"using":"xpath","value":"//button[@data-kt=\"addButton\"]"}
COMMAND: POST /session/a952926708249603da5cc69792e3d2be/elements - {"using":"css selector","value":"#shell-header-logo"}
COMMAND: POST /session/a952926708249603da5cc69792e3d2be/elements - {"using":"xpath","value":"//button[@data-kt=\"addButton\"]"}
RESULT: {"using":"css selector","value":"#shell-header-logo"}
RESULT: {"using":"xpath","value":"//button[@data-kt=\"addButton\"]"}
COMMAND: POST /session/a952926708249603da5cc69792e3d2be/elements - {"using":"css selector","value":"#shell-header-logo"}
RESULT: {"using":"css selector","value":"#shell-header-logo"}
COMMAND: POST /session/a952926708249603da5cc69792e3d2be/elements - {"using":"xpath","value":"//button[@data-kt=\"addButton\"]"}
RESULT: {"using":"xpath","value":"//button[@data-kt=\"addButton\"]"}
COMMAND: POST /session/a952926708249603da5cc69792e3d2be/elements - {"using":"css selector","value":"#shell-header-logo"}
RESULT: {"using":"css selector","value":"#shell-header-logo"}
COMMAND: POST /session/a952926708249603da5cc69792e3d2be/elements - {"using":"xpath","value":"//button[@data-kt=\"addButton\"]"}
RESULT: {"using":"xpath","value":"//button[@data-kt=\"addButton\"]"}
COMMAND: POST /session/a952926708249603da5cc69792e3d2be/elements - {"using":"css selector","value":"#shell-header-logo"}
RESULT: {"using":"css selector","value":"#shell-header-logo"}
COMMAND: POST /session/a952926708249603da5cc69792e3d2be/elements - {"using":"xpath","value":"//button[@data-kt=\"addButton\"]"}
RESULT: {"using":"xpath","value":"//button[@data-kt=\"addButton\"]"}
COMMAND: POST /session/a952926708249603da5cc69792e3d2be/elements - {"using":"css selector","value":"#shell-header-logo"}
COMMAND: POST /session/a952926708249603da5cc69792e3d2be/elements - {"using":"xpath","value":"//button[@data-kt=\"addButton\"]"}
RESULT: {"using":"css selector","value":"#shell-header-logo"}
RESULT: {"using":"xpath","value":"//button[@data-kt=\"addButton\"]"}
COMMAND: POST /session/a952926708249603da5cc69792e3d2be/elements - {"using":"css selector","value":"#shell-header-logo"}
RESULT: {"using":"css selector","value":"#shell-header-logo"}
COMMAND: POST /session/a952926708249603da5cc69792e3d2be/elements - {"using":"xpath","value":"//button[@data-kt=\"addButton\"]"}
RESULT: {"using":"xpath","value":"//button[@data-kt=\"addButton\"]"}
COMMAND: POST /session/a952926708249603da5cc69792e3d2be/elements - {"using":"css selector","value":"#shell-header-logo"}
RESULT: {"using":"css selector","value":"#shell-header-logo"}
COMMAND: POST /session/a952926708249603da5cc69792e3d2be/elements - {"using":"xpath","value":"//button[@data-kt=\"addButton\"]"}
RESULT: {"using":"xpath","value":"//button[@data-kt=\"addButton\"]"}
COMMAND: POST /session/a952926708249603da5cc69792e3d2be/elements - {"using":"css selector","value":"#shell-header-logo"}
RESULT: {"using":"css selector","value":"#shell-header-logo"}
COMMAND: POST /session/a952926708249603da5cc69792e3d2be/elements - {"using":"xpath","value":"//button[@data-kt=\"addButton\"]"}
RESULT: {"using":"xpath","value":"//button[@data-kt=\"addButton\"]"}
COMMAND: POST /session/a952926708249603da5cc69792e3d2be/elements - {"using":"css selector","value":"#shell-header-logo"}
COMMAND: POST /session/a952926708249603da5cc69792e3d2be/elements - {"using":"xpath","value":"//button[@data-kt=\"addButton\"]"}
RESULT: {"using":"css selector","value":"#shell-header-logo"}
RESULT: {"using":"xpath","value":"//button[@data-kt=\"addButton\"]"}
COMMAND: POST /session/a952926708249603da5cc69792e3d2be/elements - {"using":"css selector","value":"#shell-header-logo"}
RESULT: {"using":"css selector","value":"#shell-header-logo"}
COMMAND: POST /session/a952926708249603da5cc69792e3d2be/elements - {"using":"xpath","value":"//button[@data-kt=\"addButton\"]"}
RESULT: {"using":"xpath","value":"//button[@data-kt=\"addButton\"]"}
COMMAND: POST /session/a952926708249603da5cc69792e3d2be/elements - {"using":"css selector","value":"#shell-header-logo"}
RESULT: {"using":"css selector","value":"#shell-header-logo"}
COMMAND: POST /session/a952926708249603da5cc69792e3d2be/elements - {"using":"xpath","value":"//button[@data-kt=\"addButton\"]"}
RESULT: {"using":"xpath","value":"//button[@data-kt=\"addButton\"]"}
COMMAND: POST /session/a952926708249603da5cc69792e3d2be/elements - {"using":"css selector","value":"#shell-header-logo"}
RESULT: {"using":"css selector","value":"#shell-header-logo"}
COMMAND: POST /session/a952926708249603da5cc69792e3d2be/elements - {"using":"xpath","value":"//button[@data-kt=\"addButton\"]"}
RESULT: {"using":"xpath","value":"//button[@data-kt=\"addButton\"]"}
COMMAND: POST /session/a952926708249603da5cc69792e3d2be/elements - {"using":"css selector","value":"#shell-header-logo"}
RESULT: {"using":"css selector","value":"#shell-header-logo"}
COMMAND: POST /session/a952926708249603da5cc69792e3d2be/elements - {"using":"xpath","value":"//button[@data-kt=\"addButton\"]"}
RESULT: {"using":"xpath","value":"//button[@data-kt=\"addButton\"]"}
COMMAND: POST /session/a952926708249603da5cc69792e3d2be/elements - {"using":"css selector","value":"#shell-header-logo"}
RESULT: {"using":"css selector","value":"#shell-header-logo"}
COMMAND: POST /session/a952926708249603da5cc69792e3d2be/elements - {"using":"xpath","value":"//button[@data-kt=\"addButton\"]"}
RESULT: {"using":"xpath","value":"//button[@data-kt=\"addButton\"]"}
COMMAND: POST /session/a952926708249603da5cc69792e3d2be/elements - {"using":"css selector","value":"#shell-header-logo"}
COMMAND: POST /session/a952926708249603da5cc69792e3d2be/elements - {"using":"xpath","value":"//button[@data-kt=\"addButton\"]"}
RESULT: {"using":"css selector","value":"#shell-header-logo"}
RESULT: {"using":"xpath","value":"//button[@data-kt=\"addButton\"]"}
COMMAND: POST /session/a952926708249603da5cc69792e3d2be/elements - {"using":"css selector","value":"#shell-header-logo"}
RESULT: {"using":"css selector","value":"#shell-header-logo"}
COMMAND: POST /session/a952926708249603da5cc69792e3d2be/elements - {"using":"xpath","value":"//button[@data-kt=\"addButton\"]"}
RESULT: {"using":"xpath","value":"//button[@data-kt=\"addButton\"]"}
COMMAND: POST /session/a952926708249603da5cc69792e3d2be/elements - {"using":"css selector","value":"#shell-header-logo"}
RESULT: {"using":"css selector","value":"#shell-header-logo"}
COMMAND: POST /session/a952926708249603da5cc69792e3d2be/elements - {"using":"xpath","value":"//button[@data-kt=\"addButton\"]"}
RESULT: {"using":"xpath","value":"//button[@data-kt=\"addButton\"]"}
COMMAND: POST /session/a952926708249603da5cc69792e3d2be/elements - {"using":"css selector","value":"#shell-header-logo"}
RESULT: {"using":"css selector","value":"#shell-header-logo"}
COMMAND: POST /session/a952926708249603da5cc69792e3d2be/elements - {"using":"xpath","value":"//button[@data-kt=\"addButton\"]"}
RESULT: {"using":"xpath","value":"//button[@data-kt=\"addButton\"]"}
COMMAND: POST /session/a952926708249603da5cc69792e3d2be/elements - {"using":"css selector","value":"#shell-header-logo"}
COMMAND: POST /session/a952926708249603da5cc69792e3d2be/elements - {"using":"xpath","value":"//button[@data-kt=\"addButton\"]"}
RESULT: {"using":"css selector","value":"#shell-header-logo"}
RESULT: {"using":"xpath","value":"//button[@data-kt=\"addButton\"]"}
COMMAND: POST /session/a952926708249603da5cc69792e3d2be/elements - {"using":"css selector","value":"#shell-header-logo"}
RESULT: {"using":"css selector","value":"#shell-header-logo"}
COMMAND: POST /session/a952926708249603da5cc69792e3d2be/elements - {"using":"xpath","value":"//button[@data-kt=\"addButton\"]"}
RESULT: {"using":"xpath","value":"//button[@data-kt=\"addButton\"]"}
COMMAND: POST /session/a952926708249603da5cc69792e3d2be/elements - {"using":"css selector","value":"#shell-header-logo"}
RESULT: {"using":"css selector","value":"#shell-header-logo"}
COMMAND: POST /session/a952926708249603da5cc69792e3d2be/elements - {"using":"xpath","value":"//button[@data-kt=\"addButton\"]"}
RESULT: {"using":"xpath","value":"//button[@data-kt=\"addButton\"]"}
COMMAND: POST /session/a952926708249603da5cc69792e3d2be/elements - {"using":"css selector","value":"#shell-header-logo"}
RESULT: {"using":"css selector","value":"#shell-header-logo"}
COMMAND: POST /session/a952926708249603da5cc69792e3d2be/elements - {"using":"xpath","value":"//button[@data-kt=\"addButton\"]"}
RESULT: {"using":"xpath","value":"//button[@data-kt=\"addButton\"]"}
COMMAND: POST /session/a952926708249603da5cc69792e3d2be/elements - {"using":"css selector","value":"#shell-header-logo"}
COMMAND: POST /session/a952926708249603da5cc69792e3d2be/elements - {"using":"xpath","value":"//button[@data-kt=\"addButton\"]"}
RESULT: {"using":"css selector","value":"#shell-header-logo"}
RESULT: {"using":"xpath","value":"//button[@data-kt=\"addButton\"]"}
COMMAND: POST /session/a952926708249603da5cc69792e3d2be/elements - {"using":"css selector","value":"#shell-header-logo"}
RESULT: {"using":"css selector","value":"#shell-header-logo"}
COMMAND: POST /session/a952926708249603da5cc69792e3d2be/elements - {"using":"xpath","value":"//button[@data-kt=\"addButton\"]"}
RESULT: {"using":"xpath","value":"//button[@data-kt=\"addButton\"]"}
COMMAND: POST /session/a952926708249603da5cc69792e3d2be/elements - {"using":"css selector","value":"#shell-header-logo"}
RESULT: {"using":"css selector","value":"#shell-header-logo"}
COMMAND: POST /session/a952926708249603da5cc69792e3d2be/elements - {"using":"xpath","value":"//button[@data-kt=\"addButton\"]"}
RESULT: {"using":"xpath","value":"//button[@data-kt=\"addButton\"]"}
COMMAND: POST /session/a952926708249603da5cc69792e3d2be/elements - {"using":"css selector","value":"#shell-header-logo"}
RESULT: {"using":"css selector","value":"#shell-header-logo"}
COMMAND: POST /session/a952926708249603da5cc69792e3d2be/elements - {"using":"xpath","value":"//button[@data-kt=\"addButton\"]"}
RESULT: {"using":"xpath","value":"//button[@data-kt=\"addButton\"]"}
COMMAND: POST /session/a952926708249603da5cc69792e3d2be/elements - {"using":"css selector","value":"#shell-header-logo"}
RESULT: {"using":"css selector","value":"#shell-header-logo"}
COMMAND: POST /session/a952926708249603da5cc69792e3d2be/elements - {"using":"xpath","value":"//button[@data-kt=\"addButton\"]"}
RESULT: {"using":"xpath","value":"//button[@data-kt=\"addButton\"]"}
COMMAND: POST /session/a952926708249603da5cc69792e3d2be/elements - {"using":"css selector","value":"#shell-header-logo"}
RESULT: {"using":"css selector","value":"#shell-header-logo"}
COMMAND: POST /session/a952926708249603da5cc69792e3d2be/elements - {"using":"xpath","value":"//button[@data-kt=\"addButton\"]"}
RESULT: {"using":"xpath","value":"//button[@data-kt=\"addButton\"]"}
COMMAND: POST /session/a952926708249603da5cc69792e3d2be/elements - {"using":"css selector","value":"#shell-header-logo"}
RESULT: {"using":"css selector","value":"#shell-header-logo"}
COMMAND: POST /session/a952926708249603da5cc69792e3d2be/elements - {"using":"xpath","value":"//button[@data-kt=\"addButton\"]"}
RESULT: {"using":"xpath","value":"//button[@data-kt=\"addButton\"]"}
COMMAND: POST /session/a952926708249603da5cc69792e3d2be/elements - {"using":"css selector","value":"#shell-header-logo"}
RESULT: {"using":"css selector","value":"#shell-header-logo"}
COMMAND: POST /session/a952926708249603da5cc69792e3d2be/elements - {"using":"xpath","value":"//button[@data-kt=\"addButton\"]"}
RESULT: {"using":"xpath","value":"//button[@data-kt=\"addButton\"]"}
COMMAND: POST /session/a952926708249603da5cc69792e3d2be/elements - {"using":"css selector","value":"#shell-header-logo"}
RESULT: {"using":"css selector","value":"#shell-header-logo"}
COMMAND: POST /session/a952926708249603da5cc69792e3d2be/elements - {"using":"xpath","value":"//button[@data-kt=\"addButton\"]"}
RESULT: {"using":"xpath","value":"//button[@data-kt=\"addButton\"]"}
COMMAND: POST /session/a952926708249603da5cc69792e3d2be/elements - {"using":"css selector","value":"#shell-header-logo"}
COMMAND: POST /session/a952926708249603da5cc69792e3d2be/elements - {"using":"xpath","value":"//button[@data-kt=\"addButton\"]"}
RESULT: {"using":"css selector","value":"#shell-header-logo"}
RESULT: {"using":"xpath","value":"//button[@data-kt=\"addButton\"]"}
COMMAND: POST /session/a952926708249603da5cc69792e3d2be/elements - {"using":"css selector","value":"#shell-header-logo"}
COMMAND: POST /session/a952926708249603da5cc69792e3d2be/elements - {"using":"xpath","value":"//button[@data-kt=\"addButton\"]"}
RESULT: {"using":"css selector","value":"#shell-header-logo"}
RESULT: {"using":"xpath","value":"//button[@data-kt=\"addButton\"]"}
COMMAND: POST /session/a952926708249603da5cc69792e3d2be/elements - {"using":"css selector","value":"#shell-header-logo"}
COMMAND: POST /session/a952926708249603da5cc69792e3d2be/elements - {"using":"xpath","value":"//button[@data-kt=\"addButton\"]"}
RESULT: {"using":"css selector","value":"#shell-header-logo"}
RESULT: {"using":"xpath","value":"//button[@data-kt=\"addButton\"]"}
COMMAND: POST /session/a952926708249603da5cc69792e3d2be/elements - {"using":"css selector","value":"#shell-header-logo"}
RESULT: {"using":"css selector","value":"#shell-header-logo"}
COMMAND: POST /session/a952926708249603da5cc69792e3d2be/elements - {"using":"xpath","value":"//button[@data-kt=\"addButton\"]"}
RESULT: {"using":"xpath","value":"//button[@data-kt=\"addButton\"]"}
COMMAND: POST /session/a952926708249603da5cc69792e3d2be/elements - {"using":"css selector","value":"#shell-header-logo"}
RESULT: {"using":"css selector","value":"#shell-header-logo"}
COMMAND: POST /session/a952926708249603da5cc69792e3d2be/elements - {"using":"xpath","value":"//button[@data-kt=\"addButton\"]"}
RESULT: {"using":"xpath","value":"//button[@data-kt=\"addButton\"]"}
COMMAND: POST /session/a952926708249603da5cc69792e3d2be/elements - {"using":"css selector","value":"#shell-header-logo"}
RESULT: {"using":"css selector","value":"#shell-header-logo"}
COMMAND: POST /session/a952926708249603da5cc69792e3d2be/elements - {"using":"xpath","value":"//button[@data-kt=\"addButton\"]"}
RESULT: {"using":"xpath","value":"//button[@data-kt=\"addButton\"]"}
COMMAND: POST /session/a952926708249603da5cc69792e3d2be/elements - {"using":"css selector","value":"#shell-header-logo"}
RESULT: {"using":"css selector","value":"#shell-header-logo"}
COMMAND: POST /session/a952926708249603da5cc69792e3d2be/elements - {"using":"xpath","value":"//button[@data-kt=\"addButton\"]"}
RESULT: {"using":"xpath","value":"//button[@data-kt=\"addButton\"]"}
COMMAND: POST /session/a952926708249603da5cc69792e3d2be/elements - {"using":"css selector","value":"#shell-header-logo"}
RESULT: {"using":"css selector","value":"#shell-header-logo"}
COMMAND: POST /session/a952926708249603da5cc69792e3d2be/elements - {"using":"xpath","value":"//button[@data-kt=\"addButton\"]"}
RESULT: {"using":"xpath","value":"//button[@data-kt=\"addButton\"]"}
COMMAND: POST /session/a952926708249603da5cc69792e3d2be/elements - {"using":"css selector","value":"#shell-header-logo"}
RESULT: {"using":"css selector","value":"#shell-header-logo"}
COMMAND: POST /session/a952926708249603da5cc69792e3d2be/elements - {"using":"xpath","value":"//button[@data-kt=\"addButton\"]"}
RESULT: {"using":"xpath","value":"//button[@data-kt=\"addButton\"]"}
COMMAND: POST /session/a952926708249603da5cc69792e3d2be/elements - {"using":"css selector","value":"#shell-header-logo"}
RESULT: {"using":"css selector","value":"#shell-header-logo"}
COMMAND: POST /session/a952926708249603da5cc69792e3d2be/elements - {"using":"xpath","value":"//button[@data-kt=\"addButton\"]"}
RESULT: {"using":"xpath","value":"//button[@data-kt=\"addButton\"]"}
COMMAND: POST /session/a952926708249603da5cc69792e3d2be/elements - {"using":"css selector","value":"#shell-header-logo"}
RESULT: {"using":"css selector","value":"#shell-header-logo"}
COMMAND: POST /session/a952926708249603da5cc69792e3d2be/elements - {"using":"xpath","value":"//button[@data-kt=\"addButton\"]"}
RESULT: {"using":"xpath","value":"//button[@data-kt=\"addButton\"]"}
COMMAND: POST /session/a952926708249603da5cc69792e3d2be/elements - {"using":"css selector","value":"#shell-header-logo"}
RESULT: {"using":"css selector","value":"#shell-header-logo"}
COMMAND: POST /session/a952926708249603da5cc69792e3d2be/elements - {"using":"xpath","value":"//button[@data-kt=\"addButton\"]"}
RESULT: {"using":"xpath","value":"//button[@data-kt=\"addButton\"]"}
COMMAND: POST /session/a952926708249603da5cc69792e3d2be/elements - {"using":"css selector","value":"#shell-header-logo"}
RESULT: {"using":"css selector","value":"#shell-header-logo"}
COMMAND: POST /session/a952926708249603da5cc69792e3d2be/elements - {"using":"xpath","value":"//button[@data-kt=\"addButton\"]"}
RESULT: {"using":"xpath","value":"//button[@data-kt=\"addButton\"]"}
COMMAND: POST /session/a952926708249603da5cc69792e3d2be/elements - {"using":"css selector","value":"#shell-header-logo"}
COMMAND: POST /session/a952926708249603da5cc69792e3d2be/elements - {"using":"xpath","value":"//button[@data-kt=\"addButton\"]"}
RESULT: {"using":"css selector","value":"#shell-header-logo"}
RESULT: {"using":"xpath","value":"//button[@data-kt=\"addButton\"]"}
COMMAND: POST /session/a952926708249603da5cc69792e3d2be/elements - {"using":"css selector","value":"#shell-header-logo"}
COMMAND: POST /session/a952926708249603da5cc69792e3d2be/elements - {"using":"xpath","value":"//button[@data-kt=\"addButton\"]"}
RESULT: {"using":"css selector","value":"#shell-header-logo"}
RESULT: {"using":"xpath","value":"//button[@data-kt=\"addButton\"]"}
COMMAND: POST /session/a952926708249603da5cc69792e3d2be/elements - {"using":"css selector","value":"#shell-header-logo"}
RESULT: {"using":"css selector","value":"#shell-header-logo"}
COMMAND: POST /session/a952926708249603da5cc69792e3d2be/elements - {"using":"xpath","value":"//button[@data-kt=\"addButton\"]"}
RESULT: {"using":"xpath","value":"//button[@data-kt=\"addButton\"]"}
COMMAND: POST /session/a952926708249603da5cc69792e3d2be/elements - {"using":"css selector","value":"#shell-header-logo"}
RESULT: {"using":"css selector","value":"#shell-header-logo"}
COMMAND: POST /session/a952926708249603da5cc69792e3d2be/elements - {"using":"xpath","value":"//button[@data-kt=\"addButton\"]"}
RESULT: {"using":"xpath","value":"//button[@data-kt=\"addButton\"]"}
COMMAND: POST /session/a952926708249603da5cc69792e3d2be/elements - {"using":"css selector","value":"#shell-header-logo"}
RESULT: {"using":"css selector","value":"#shell-header-logo"}
COMMAND: POST /session/a952926708249603da5cc69792e3d2be/elements - {"using":"xpath","value":"//button[@data-kt=\"addButton\"]"}
RESULT: {"using":"xpath","value":"//button[@data-kt=\"addButton\"]"}
COMMAND: POST /session/a952926708249603da5cc69792e3d2be/elements - {"using":"css selector","value":"#shell-header-logo"}
RESULT: {"using":"css selector","value":"#shell-header-logo"}
COMMAND: POST /session/a952926708249603da5cc69792e3d2be/elements - {"using":"xpath","value":"//button[@data-kt=\"addButton\"]"}
RESULT: {"using":"xpath","value":"//button[@data-kt=\"addButton\"]"}
COMMAND: POST /session/a952926708249603da5cc69792e3d2be/elements - {"using":"css selector","value":"#shell-header-logo"}
RESULT: {"using":"css selector","value":"#shell-header-logo"}
COMMAND: POST /session/a952926708249603da5cc69792e3d2be/elements - {"using":"xpath","value":"//button[@data-kt=\"addButton\"]"}
RESULT: {"using":"xpath","value":"//button[@data-kt=\"addButton\"]"}
COMMAND: POST /session/a952926708249603da5cc69792e3d2be/elements - {"using":"css selector","value":"#shell-header-logo"}
COMMAND: POST /session/a952926708249603da5cc69792e3d2be/elements - {"using":"xpath","value":"//button[@data-kt=\"addButton\"]"}
RESULT: {"using":"css selector","value":"#shell-header-logo"}
RESULT: {"using":"xpath","value":"//button[@data-kt=\"addButton\"]"}
COMMAND: POST /session/a952926708249603da5cc69792e3d2be/elements - {"using":"css selector","value":"#shell-header-logo"}
RESULT: {"using":"css selector","value":"#shell-header-logo"}
COMMAND: POST /session/a952926708249603da5cc69792e3d2be/elements - {"using":"xpath","value":"//button[@data-kt=\"addButton\"]"}
RESULT: {"using":"xpath","value":"//button[@data-kt=\"addButton\"]"}
COMMAND: POST /session/a952926708249603da5cc69792e3d2be/elements - {"using":"css selector","value":"#shell-header-logo"}
RESULT: {"using":"css selector","value":"#shell-header-logo"}
COMMAND: POST /session/a952926708249603da5cc69792e3d2be/elements - {"using":"xpath","value":"//button[@data-kt=\"addButton\"]"}
RESULT: {"using":"xpath","value":"//button[@data-kt=\"addButton\"]"}
COMMAND: POST /session/a952926708249603da5cc69792e3d2be/elements - {"using":"css selector","value":"#shell-header-logo"}
COMMAND: POST /session/a952926708249603da5cc69792e3d2be/elements - {"using":"xpath","value":"//button[@data-kt=\"addButton\"]"}
RESULT: {"using":"css selector","value":"#shell-header-logo"}
RESULT: {"using":"xpath","value":"//button[@data-kt=\"addButton\"]"}
COMMAND: POST /session/a952926708249603da5cc69792e3d2be/elements - {"using":"css selector","value":"#shell-header-logo"}
COMMAND: POST /session/a952926708249603da5cc69792e3d2be/elements - {"using":"xpath","value":"//button[@data-kt=\"addButton\"]"}
RESULT: {"using":"css selector","value":"#shell-header-logo"}
RESULT: {"using":"xpath","value":"//button[@data-kt=\"addButton\"]"}
COMMAND: POST /session/a952926708249603da5cc69792e3d2be/elements - {"using":"css selector","value":"#shell-header-logo"}
RESULT: {"using":"css selector","value":"#shell-header-logo"}
COMMAND: POST /session/a952926708249603da5cc69792e3d2be/elements - {"using":"xpath","value":"//button[@data-kt=\"addButton\"]"}
RESULT: {"using":"xpath","value":"//button[@data-kt=\"addButton\"]"}
COMMAND: POST /session/a952926708249603da5cc69792e3d2be/elements - {"using":"css selector","value":"#shell-header-logo"}
RESULT: {"using":"css selector","value":"#shell-header-logo"}
COMMAND: POST /session/a952926708249603da5cc69792e3d2be/elements - {"using":"xpath","value":"//button[@data-kt=\"addButton\"]"}
RESULT: {"using":"xpath","value":"//button[@data-kt=\"addButton\"]"}
COMMAND: POST /session/a952926708249603da5cc69792e3d2be/elements - {"using":"css selector","value":"#shell-header-logo"}
RESULT: {"using":"css selector","value":"#shell-header-logo"}
COMMAND: POST /session/a952926708249603da5cc69792e3d2be/elements - {"using":"xpath","value":"//button[@data-kt=\"addButton\"]"}
RESULT: {"using":"xpath","value":"//button[@data-kt=\"addButton\"]"}
COMMAND: POST /session/a952926708249603da5cc69792e3d2be/elements - {"using":"css selector","value":"#shell-header-logo"}
RESULT: {"using":"css selector","value":"#shell-header-logo"}
COMMAND: POST /session/a952926708249603da5cc69792e3d2be/elements - {"using":"xpath","value":"//button[@data-kt=\"addButton\"]"}
COMMAND: GET /session/a952926708249603da5cc69792e3d2be/screenshot - {}
RESULT: {"using":"xpath","value":"//button[@data-kt=\"addButton\"]"}
RESULT: {}
]]></system-out>
      <system-err><![CDATA[
Error: element ("//button[@data-kt="addButton"]") still not existing after 45000ms
    at async Context.<anonymous> (D:\a\1\s\test\specs\BTS\manage-partners.spec.js:701:9)
]]></system-err>
    </testcase>
    <testcase classname="chrome.136_0_7103_49.windows.Partner_specific_tests_US150819_US151080_US151654_US151176_US103444_US151078_US151079_US151109_US151174_US151175_US151189" name="Should do various searches US151175" time="55.677">
      <skipped />
      <system-out><![CDATA[
COMMAND: POST /session/a952926708249603da5cc69792e3d2be/element - {"using":"xpath","value":"//li[.//span[text()=\"Manage Partners\"]]"}
COMMAND: GET /session/a952926708249603da5cc69792e3d2be/screenshot - {}
RESULT: {"using":"xpath","value":"//li[.//span[text()=\"Manage Partners\"]]"}
COMMAND: POST /session/a952926708249603da5cc69792e3d2be/element - {"using":"xpath","value":"//li[.//span[text()=\"Manage Partners\"]]"}
COMMAND: POST /session/a952926708249603da5cc69792e3d2be/elements - {"using":"css selector","value":"#shell-header-logo"}
RESULT: {}
RESULT: {"using":"xpath","value":"//li[.//span[text()=\"Manage Partners\"]]"}
COMMAND: POST /session/a952926708249603da5cc69792e3d2be/element - {"using":"css selector","value":"#shell-header-logo"}
RESULT: {"using":"css selector","value":"#shell-header-logo"}
RESULT: {"using":"css selector","value":"#shell-header-logo"}
COMMAND: POST /session/a952926708249603da5cc69792e3d2be/elements - {"using":"css selector","value":"#shell-header-logo"}
COMMAND: POST /session/a952926708249603da5cc69792e3d2be/element - {"using":"css selector","value":"#shell-header-logo"}
RESULT: {"using":"css selector","value":"#shell-header-logo"}
RESULT: {"using":"css selector","value":"#shell-header-logo"}
COMMAND: POST /session/a952926708249603da5cc69792e3d2be/elements - {"using":"css selector","value":"#shell-header-logo"}
RESULT: {"using":"css selector","value":"#shell-header-logo"}
COMMAND: POST /session/a952926708249603da5cc69792e3d2be/elements - {"using":"css selector","value":"#shell-header-logo"}
RESULT: {"using":"css selector","value":"#shell-header-logo"}
COMMAND: POST /session/a952926708249603da5cc69792e3d2be/elements - {"using":"css selector","value":"#shell-header-logo"}
RESULT: {"using":"css selector","value":"#shell-header-logo"}
COMMAND: POST /session/a952926708249603da5cc69792e3d2be/elements - {"using":"css selector","value":"#shell-header-logo"}
RESULT: {"using":"css selector","value":"#shell-header-logo"}
COMMAND: POST /session/a952926708249603da5cc69792e3d2be/elements - {"using":"css selector","value":"#shell-header-logo"}
RESULT: {"using":"css selector","value":"#shell-header-logo"}
COMMAND: POST /session/a952926708249603da5cc69792e3d2be/elements - {"using":"css selector","value":"#shell-header-logo"}
RESULT: {"using":"css selector","value":"#shell-header-logo"}
COMMAND: POST /session/a952926708249603da5cc69792e3d2be/elements - {"using":"css selector","value":"#shell-header-logo"}
RESULT: {"using":"css selector","value":"#shell-header-logo"}
COMMAND: POST /session/a952926708249603da5cc69792e3d2be/elements - {"using":"css selector","value":"#shell-header-logo"}
RESULT: {"using":"css selector","value":"#shell-header-logo"}
COMMAND: POST /session/a952926708249603da5cc69792e3d2be/elements - {"using":"css selector","value":"#shell-header-logo"}
RESULT: {"using":"css selector","value":"#shell-header-logo"}
COMMAND: POST /session/a952926708249603da5cc69792e3d2be/elements - {"using":"css selector","value":"#shell-header-logo"}
RESULT: {"using":"css selector","value":"#shell-header-logo"}
COMMAND: POST /session/a952926708249603da5cc69792e3d2be/elements - {"using":"css selector","value":"#shell-header-logo"}
RESULT: {"using":"css selector","value":"#shell-header-logo"}
COMMAND: POST /session/a952926708249603da5cc69792e3d2be/elements - {"using":"css selector","value":"#shell-header-logo"}
RESULT: {"using":"css selector","value":"#shell-header-logo"}
COMMAND: POST /session/a952926708249603da5cc69792e3d2be/elements - {"using":"css selector","value":"#shell-header-logo"}
RESULT: {"using":"css selector","value":"#shell-header-logo"}
COMMAND: POST /session/a952926708249603da5cc69792e3d2be/elements - {"using":"css selector","value":"#shell-header-logo"}
RESULT: {"using":"css selector","value":"#shell-header-logo"}
COMMAND: POST /session/a952926708249603da5cc69792e3d2be/elements - {"using":"css selector","value":"#shell-header-logo"}
RESULT: {"using":"css selector","value":"#shell-header-logo"}
COMMAND: POST /session/a952926708249603da5cc69792e3d2be/elements - {"using":"css selector","value":"#shell-header-logo"}
RESULT: {"using":"css selector","value":"#shell-header-logo"}
COMMAND: POST /session/a952926708249603da5cc69792e3d2be/elements - {"using":"css selector","value":"#shell-header-logo"}
RESULT: {"using":"css selector","value":"#shell-header-logo"}
COMMAND: POST /session/a952926708249603da5cc69792e3d2be/elements - {"using":"css selector","value":"#shell-header-logo"}
RESULT: {"using":"css selector","value":"#shell-header-logo"}
COMMAND: POST /session/a952926708249603da5cc69792e3d2be/elements - {"using":"css selector","value":"#shell-header-logo"}
RESULT: {"using":"css selector","value":"#shell-header-logo"}
COMMAND: POST /session/a952926708249603da5cc69792e3d2be/elements - {"using":"css selector","value":"#shell-header-logo"}
RESULT: {"using":"css selector","value":"#shell-header-logo"}
COMMAND: POST /session/a952926708249603da5cc69792e3d2be/elements - {"using":"css selector","value":"#shell-header-logo"}
RESULT: {"using":"css selector","value":"#shell-header-logo"}
COMMAND: POST /session/a952926708249603da5cc69792e3d2be/elements - {"using":"css selector","value":"#shell-header-logo"}
RESULT: {"using":"css selector","value":"#shell-header-logo"}
COMMAND: POST /session/a952926708249603da5cc69792e3d2be/elements - {"using":"css selector","value":"#shell-header-logo"}
RESULT: {"using":"css selector","value":"#shell-header-logo"}
COMMAND: POST /session/a952926708249603da5cc69792e3d2be/elements - {"using":"css selector","value":"#shell-header-logo"}
RESULT: {"using":"css selector","value":"#shell-header-logo"}
COMMAND: POST /session/a952926708249603da5cc69792e3d2be/elements - {"using":"css selector","value":"#shell-header-logo"}
RESULT: {"using":"css selector","value":"#shell-header-logo"}
COMMAND: POST /session/a952926708249603da5cc69792e3d2be/elements - {"using":"css selector","value":"#shell-header-logo"}
RESULT: {"using":"css selector","value":"#shell-header-logo"}
COMMAND: POST /session/a952926708249603da5cc69792e3d2be/elements - {"using":"css selector","value":"#shell-header-logo"}
RESULT: {"using":"css selector","value":"#shell-header-logo"}
RESULT: undefined
COMMAND: POST /session/a952926708249603da5cc69792e3d2be/element - {"using":"xpath","value":"//button[@data-kt=\"addButton\"]"}
COMMAND: POST /session/a952926708249603da5cc69792e3d2be/elements - {"using":"css selector","value":"#shell-header-logo"}
RESULT: {"using":"xpath","value":"//button[@data-kt=\"addButton\"]"}
COMMAND: POST /session/a952926708249603da5cc69792e3d2be/elements - {"using":"xpath","value":"//button[@data-kt=\"addButton\"]"}
RESULT: {"using":"css selector","value":"#shell-header-logo"}
RESULT: {"using":"xpath","value":"//button[@data-kt=\"addButton\"]"}
COMMAND: POST /session/a952926708249603da5cc69792e3d2be/elements - {"using":"css selector","value":"#shell-header-logo"}
COMMAND: POST /session/a952926708249603da5cc69792e3d2be/elements - {"using":"xpath","value":"//button[@data-kt=\"addButton\"]"}
RESULT: {"using":"css selector","value":"#shell-header-logo"}
RESULT: {"using":"xpath","value":"//button[@data-kt=\"addButton\"]"}
COMMAND: POST /session/a952926708249603da5cc69792e3d2be/elements - {"using":"css selector","value":"#shell-header-logo"}
RESULT: {"using":"css selector","value":"#shell-header-logo"}
COMMAND: POST /session/a952926708249603da5cc69792e3d2be/elements - {"using":"xpath","value":"//button[@data-kt=\"addButton\"]"}
RESULT: {"using":"xpath","value":"//button[@data-kt=\"addButton\"]"}
COMMAND: POST /session/a952926708249603da5cc69792e3d2be/elements - {"using":"css selector","value":"#shell-header-logo"}
RESULT: {"using":"css selector","value":"#shell-header-logo"}
COMMAND: POST /session/a952926708249603da5cc69792e3d2be/elements - {"using":"xpath","value":"//button[@data-kt=\"addButton\"]"}
RESULT: {"using":"xpath","value":"//button[@data-kt=\"addButton\"]"}
COMMAND: POST /session/a952926708249603da5cc69792e3d2be/elements - {"using":"css selector","value":"#shell-header-logo"}
RESULT: {"using":"css selector","value":"#shell-header-logo"}
COMMAND: POST /session/a952926708249603da5cc69792e3d2be/elements - {"using":"xpath","value":"//button[@data-kt=\"addButton\"]"}
RESULT: {"using":"xpath","value":"//button[@data-kt=\"addButton\"]"}
COMMAND: POST /session/a952926708249603da5cc69792e3d2be/elements - {"using":"css selector","value":"#shell-header-logo"}
RESULT: {"using":"css selector","value":"#shell-header-logo"}
COMMAND: POST /session/a952926708249603da5cc69792e3d2be/elements - {"using":"xpath","value":"//button[@data-kt=\"addButton\"]"}
RESULT: {"using":"xpath","value":"//button[@data-kt=\"addButton\"]"}
COMMAND: POST /session/a952926708249603da5cc69792e3d2be/elements - {"using":"css selector","value":"#shell-header-logo"}
RESULT: {"using":"css selector","value":"#shell-header-logo"}
COMMAND: POST /session/a952926708249603da5cc69792e3d2be/elements - {"using":"xpath","value":"//button[@data-kt=\"addButton\"]"}
RESULT: {"using":"xpath","value":"//button[@data-kt=\"addButton\"]"}
COMMAND: POST /session/a952926708249603da5cc69792e3d2be/elements - {"using":"css selector","value":"#shell-header-logo"}
RESULT: {"using":"css selector","value":"#shell-header-logo"}
COMMAND: POST /session/a952926708249603da5cc69792e3d2be/elements - {"using":"xpath","value":"//button[@data-kt=\"addButton\"]"}
RESULT: {"using":"xpath","value":"//button[@data-kt=\"addButton\"]"}
COMMAND: POST /session/a952926708249603da5cc69792e3d2be/elements - {"using":"css selector","value":"#shell-header-logo"}
RESULT: {"using":"css selector","value":"#shell-header-logo"}
COMMAND: POST /session/a952926708249603da5cc69792e3d2be/elements - {"using":"xpath","value":"//button[@data-kt=\"addButton\"]"}
RESULT: {"using":"xpath","value":"//button[@data-kt=\"addButton\"]"}
COMMAND: POST /session/a952926708249603da5cc69792e3d2be/elements - {"using":"css selector","value":"#shell-header-logo"}
RESULT: {"using":"css selector","value":"#shell-header-logo"}
COMMAND: POST /session/a952926708249603da5cc69792e3d2be/elements - {"using":"xpath","value":"//button[@data-kt=\"addButton\"]"}
RESULT: {"using":"xpath","value":"//button[@data-kt=\"addButton\"]"}
COMMAND: POST /session/a952926708249603da5cc69792e3d2be/elements - {"using":"css selector","value":"#shell-header-logo"}
RESULT: {"using":"css selector","value":"#shell-header-logo"}
COMMAND: POST /session/a952926708249603da5cc69792e3d2be/elements - {"using":"xpath","value":"//button[@data-kt=\"addButton\"]"}
RESULT: {"using":"xpath","value":"//button[@data-kt=\"addButton\"]"}
COMMAND: POST /session/a952926708249603da5cc69792e3d2be/elements - {"using":"css selector","value":"#shell-header-logo"}
RESULT: {"using":"css selector","value":"#shell-header-logo"}
COMMAND: POST /session/a952926708249603da5cc69792e3d2be/elements - {"using":"xpath","value":"//button[@data-kt=\"addButton\"]"}
RESULT: {"using":"xpath","value":"//button[@data-kt=\"addButton\"]"}
COMMAND: POST /session/a952926708249603da5cc69792e3d2be/elements - {"using":"css selector","value":"#shell-header-logo"}
RESULT: {"using":"css selector","value":"#shell-header-logo"}
COMMAND: POST /session/a952926708249603da5cc69792e3d2be/elements - {"using":"xpath","value":"//button[@data-kt=\"addButton\"]"}
RESULT: {"using":"xpath","value":"//button[@data-kt=\"addButton\"]"}
COMMAND: POST /session/a952926708249603da5cc69792e3d2be/elements - {"using":"css selector","value":"#shell-header-logo"}
RESULT: {"using":"css selector","value":"#shell-header-logo"}
COMMAND: POST /session/a952926708249603da5cc69792e3d2be/elements - {"using":"xpath","value":"//button[@data-kt=\"addButton\"]"}
RESULT: {"using":"xpath","value":"//button[@data-kt=\"addButton\"]"}
COMMAND: POST /session/a952926708249603da5cc69792e3d2be/elements - {"using":"css selector","value":"#shell-header-logo"}
RESULT: {"using":"css selector","value":"#shell-header-logo"}
COMMAND: POST /session/a952926708249603da5cc69792e3d2be/elements - {"using":"xpath","value":"//button[@data-kt=\"addButton\"]"}
RESULT: {"using":"xpath","value":"//button[@data-kt=\"addButton\"]"}
COMMAND: POST /session/a952926708249603da5cc69792e3d2be/elements - {"using":"css selector","value":"#shell-header-logo"}
RESULT: {"using":"css selector","value":"#shell-header-logo"}
COMMAND: POST /session/a952926708249603da5cc69792e3d2be/elements - {"using":"xpath","value":"//button[@data-kt=\"addButton\"]"}
RESULT: {"using":"xpath","value":"//button[@data-kt=\"addButton\"]"}
COMMAND: POST /session/a952926708249603da5cc69792e3d2be/elements - {"using":"css selector","value":"#shell-header-logo"}
RESULT: {"using":"css selector","value":"#shell-header-logo"}
COMMAND: POST /session/a952926708249603da5cc69792e3d2be/elements - {"using":"xpath","value":"//button[@data-kt=\"addButton\"]"}
RESULT: {"using":"xpath","value":"//button[@data-kt=\"addButton\"]"}
COMMAND: POST /session/a952926708249603da5cc69792e3d2be/elements - {"using":"css selector","value":"#shell-header-logo"}
RESULT: {"using":"css selector","value":"#shell-header-logo"}
COMMAND: POST /session/a952926708249603da5cc69792e3d2be/elements - {"using":"xpath","value":"//button[@data-kt=\"addButton\"]"}
RESULT: {"using":"xpath","value":"//button[@data-kt=\"addButton\"]"}
COMMAND: POST /session/a952926708249603da5cc69792e3d2be/elements - {"using":"css selector","value":"#shell-header-logo"}
RESULT: {"using":"css selector","value":"#shell-header-logo"}
COMMAND: POST /session/a952926708249603da5cc69792e3d2be/elements - {"using":"xpath","value":"//button[@data-kt=\"addButton\"]"}
RESULT: {"using":"xpath","value":"//button[@data-kt=\"addButton\"]"}
COMMAND: POST /session/a952926708249603da5cc69792e3d2be/elements - {"using":"css selector","value":"#shell-header-logo"}
RESULT: {"using":"css selector","value":"#shell-header-logo"}
COMMAND: POST /session/a952926708249603da5cc69792e3d2be/elements - {"using":"xpath","value":"//button[@data-kt=\"addButton\"]"}
RESULT: {"using":"xpath","value":"//button[@data-kt=\"addButton\"]"}
COMMAND: POST /session/a952926708249603da5cc69792e3d2be/elements - {"using":"css selector","value":"#shell-header-logo"}
RESULT: {"using":"css selector","value":"#shell-header-logo"}
COMMAND: POST /session/a952926708249603da5cc69792e3d2be/elements - {"using":"xpath","value":"//button[@data-kt=\"addButton\"]"}
RESULT: {"using":"xpath","value":"//button[@data-kt=\"addButton\"]"}
COMMAND: POST /session/a952926708249603da5cc69792e3d2be/elements - {"using":"css selector","value":"#shell-header-logo"}
RESULT: {"using":"css selector","value":"#shell-header-logo"}
COMMAND: POST /session/a952926708249603da5cc69792e3d2be/elements - {"using":"xpath","value":"//button[@data-kt=\"addButton\"]"}
RESULT: {"using":"xpath","value":"//button[@data-kt=\"addButton\"]"}
COMMAND: POST /session/a952926708249603da5cc69792e3d2be/elements - {"using":"css selector","value":"#shell-header-logo"}
RESULT: {"using":"css selector","value":"#shell-header-logo"}
COMMAND: POST /session/a952926708249603da5cc69792e3d2be/elements - {"using":"xpath","value":"//button[@data-kt=\"addButton\"]"}
RESULT: {"using":"xpath","value":"//button[@data-kt=\"addButton\"]"}
COMMAND: POST /session/a952926708249603da5cc69792e3d2be/elements - {"using":"css selector","value":"#shell-header-logo"}
RESULT: {"using":"css selector","value":"#shell-header-logo"}
COMMAND: POST /session/a952926708249603da5cc69792e3d2be/elements - {"using":"xpath","value":"//button[@data-kt=\"addButton\"]"}
RESULT: {"using":"xpath","value":"//button[@data-kt=\"addButton\"]"}
COMMAND: POST /session/a952926708249603da5cc69792e3d2be/elements - {"using":"css selector","value":"#shell-header-logo"}
RESULT: {"using":"css selector","value":"#shell-header-logo"}
COMMAND: POST /session/a952926708249603da5cc69792e3d2be/elements - {"using":"xpath","value":"//button[@data-kt=\"addButton\"]"}
RESULT: {"using":"xpath","value":"//button[@data-kt=\"addButton\"]"}
COMMAND: POST /session/a952926708249603da5cc69792e3d2be/elements - {"using":"css selector","value":"#shell-header-logo"}
RESULT: {"using":"css selector","value":"#shell-header-logo"}
COMMAND: POST /session/a952926708249603da5cc69792e3d2be/elements - {"using":"xpath","value":"//button[@data-kt=\"addButton\"]"}
RESULT: {"using":"xpath","value":"//button[@data-kt=\"addButton\"]"}
COMMAND: POST /session/a952926708249603da5cc69792e3d2be/elements - {"using":"css selector","value":"#shell-header-logo"}
RESULT: {"using":"css selector","value":"#shell-header-logo"}
COMMAND: POST /session/a952926708249603da5cc69792e3d2be/elements - {"using":"xpath","value":"//button[@data-kt=\"addButton\"]"}
RESULT: {"using":"xpath","value":"//button[@data-kt=\"addButton\"]"}
COMMAND: POST /session/a952926708249603da5cc69792e3d2be/elements - {"using":"css selector","value":"#shell-header-logo"}
RESULT: {"using":"css selector","value":"#shell-header-logo"}
COMMAND: POST /session/a952926708249603da5cc69792e3d2be/elements - {"using":"xpath","value":"//button[@data-kt=\"addButton\"]"}
RESULT: {"using":"xpath","value":"//button[@data-kt=\"addButton\"]"}
COMMAND: POST /session/a952926708249603da5cc69792e3d2be/elements - {"using":"css selector","value":"#shell-header-logo"}
COMMAND: POST /session/a952926708249603da5cc69792e3d2be/elements - {"using":"xpath","value":"//button[@data-kt=\"addButton\"]"}
RESULT: {"using":"css selector","value":"#shell-header-logo"}
RESULT: {"using":"xpath","value":"//button[@data-kt=\"addButton\"]"}
COMMAND: POST /session/a952926708249603da5cc69792e3d2be/elements - {"using":"css selector","value":"#shell-header-logo"}
RESULT: {"using":"css selector","value":"#shell-header-logo"}
COMMAND: POST /session/a952926708249603da5cc69792e3d2be/elements - {"using":"xpath","value":"//button[@data-kt=\"addButton\"]"}
RESULT: {"using":"xpath","value":"//button[@data-kt=\"addButton\"]"}
COMMAND: POST /session/a952926708249603da5cc69792e3d2be/elements - {"using":"css selector","value":"#shell-header-logo"}
RESULT: {"using":"css selector","value":"#shell-header-logo"}
COMMAND: POST /session/a952926708249603da5cc69792e3d2be/elements - {"using":"xpath","value":"//button[@data-kt=\"addButton\"]"}
RESULT: {"using":"xpath","value":"//button[@data-kt=\"addButton\"]"}
COMMAND: POST /session/a952926708249603da5cc69792e3d2be/elements - {"using":"css selector","value":"#shell-header-logo"}
RESULT: {"using":"css selector","value":"#shell-header-logo"}
COMMAND: POST /session/a952926708249603da5cc69792e3d2be/elements - {"using":"xpath","value":"//button[@data-kt=\"addButton\"]"}
RESULT: {"using":"xpath","value":"//button[@data-kt=\"addButton\"]"}
COMMAND: POST /session/a952926708249603da5cc69792e3d2be/elements - {"using":"css selector","value":"#shell-header-logo"}
RESULT: {"using":"css selector","value":"#shell-header-logo"}
COMMAND: POST /session/a952926708249603da5cc69792e3d2be/elements - {"using":"xpath","value":"//button[@data-kt=\"addButton\"]"}
RESULT: {"using":"xpath","value":"//button[@data-kt=\"addButton\"]"}
COMMAND: POST /session/a952926708249603da5cc69792e3d2be/elements - {"using":"css selector","value":"#shell-header-logo"}
RESULT: {"using":"css selector","value":"#shell-header-logo"}
COMMAND: POST /session/a952926708249603da5cc69792e3d2be/elements - {"using":"xpath","value":"//button[@data-kt=\"addButton\"]"}
RESULT: {"using":"xpath","value":"//button[@data-kt=\"addButton\"]"}
COMMAND: POST /session/a952926708249603da5cc69792e3d2be/elements - {"using":"css selector","value":"#shell-header-logo"}
RESULT: {"using":"css selector","value":"#shell-header-logo"}
COMMAND: POST /session/a952926708249603da5cc69792e3d2be/elements - {"using":"xpath","value":"//button[@data-kt=\"addButton\"]"}
RESULT: {"using":"xpath","value":"//button[@data-kt=\"addButton\"]"}
COMMAND: POST /session/a952926708249603da5cc69792e3d2be/elements - {"using":"css selector","value":"#shell-header-logo"}
RESULT: {"using":"css selector","value":"#shell-header-logo"}
COMMAND: POST /session/a952926708249603da5cc69792e3d2be/elements - {"using":"xpath","value":"//button[@data-kt=\"addButton\"]"}
RESULT: {"using":"xpath","value":"//button[@data-kt=\"addButton\"]"}
COMMAND: POST /session/a952926708249603da5cc69792e3d2be/elements - {"using":"css selector","value":"#shell-header-logo"}
RESULT: {"using":"css selector","value":"#shell-header-logo"}
COMMAND: POST /session/a952926708249603da5cc69792e3d2be/elements - {"using":"xpath","value":"//button[@data-kt=\"addButton\"]"}
RESULT: {"using":"xpath","value":"//button[@data-kt=\"addButton\"]"}
COMMAND: POST /session/a952926708249603da5cc69792e3d2be/elements - {"using":"css selector","value":"#shell-header-logo"}
RESULT: {"using":"css selector","value":"#shell-header-logo"}
COMMAND: POST /session/a952926708249603da5cc69792e3d2be/elements - {"using":"xpath","value":"//button[@data-kt=\"addButton\"]"}
RESULT: {"using":"xpath","value":"//button[@data-kt=\"addButton\"]"}
COMMAND: POST /session/a952926708249603da5cc69792e3d2be/elements - {"using":"css selector","value":"#shell-header-logo"}
RESULT: {"using":"css selector","value":"#shell-header-logo"}
COMMAND: POST /session/a952926708249603da5cc69792e3d2be/elements - {"using":"xpath","value":"//button[@data-kt=\"addButton\"]"}
RESULT: {"using":"xpath","value":"//button[@data-kt=\"addButton\"]"}
COMMAND: POST /session/a952926708249603da5cc69792e3d2be/elements - {"using":"css selector","value":"#shell-header-logo"}
RESULT: {"using":"css selector","value":"#shell-header-logo"}
COMMAND: POST /session/a952926708249603da5cc69792e3d2be/elements - {"using":"xpath","value":"//button[@data-kt=\"addButton\"]"}
RESULT: {"using":"xpath","value":"//button[@data-kt=\"addButton\"]"}
COMMAND: POST /session/a952926708249603da5cc69792e3d2be/elements - {"using":"css selector","value":"#shell-header-logo"}
RESULT: {"using":"css selector","value":"#shell-header-logo"}
COMMAND: POST /session/a952926708249603da5cc69792e3d2be/elements - {"using":"xpath","value":"//button[@data-kt=\"addButton\"]"}
RESULT: {"using":"xpath","value":"//button[@data-kt=\"addButton\"]"}
COMMAND: POST /session/a952926708249603da5cc69792e3d2be/elements - {"using":"css selector","value":"#shell-header-logo"}
RESULT: {"using":"css selector","value":"#shell-header-logo"}
COMMAND: POST /session/a952926708249603da5cc69792e3d2be/elements - {"using":"xpath","value":"//button[@data-kt=\"addButton\"]"}
RESULT: {"using":"xpath","value":"//button[@data-kt=\"addButton\"]"}
COMMAND: POST /session/a952926708249603da5cc69792e3d2be/elements - {"using":"css selector","value":"#shell-header-logo"}
RESULT: {"using":"css selector","value":"#shell-header-logo"}
COMMAND: POST /session/a952926708249603da5cc69792e3d2be/elements - {"using":"xpath","value":"//button[@data-kt=\"addButton\"]"}
RESULT: {"using":"xpath","value":"//button[@data-kt=\"addButton\"]"}
COMMAND: POST /session/a952926708249603da5cc69792e3d2be/elements - {"using":"css selector","value":"#shell-header-logo"}
RESULT: {"using":"css selector","value":"#shell-header-logo"}
COMMAND: POST /session/a952926708249603da5cc69792e3d2be/elements - {"using":"xpath","value":"//button[@data-kt=\"addButton\"]"}
RESULT: {"using":"xpath","value":"//button[@data-kt=\"addButton\"]"}
COMMAND: POST /session/a952926708249603da5cc69792e3d2be/elements - {"using":"css selector","value":"#shell-header-logo"}
RESULT: {"using":"css selector","value":"#shell-header-logo"}
COMMAND: POST /session/a952926708249603da5cc69792e3d2be/elements - {"using":"xpath","value":"//button[@data-kt=\"addButton\"]"}
RESULT: {"using":"xpath","value":"//button[@data-kt=\"addButton\"]"}
COMMAND: POST /session/a952926708249603da5cc69792e3d2be/elements - {"using":"css selector","value":"#shell-header-logo"}
RESULT: {"using":"css selector","value":"#shell-header-logo"}
COMMAND: POST /session/a952926708249603da5cc69792e3d2be/elements - {"using":"xpath","value":"//button[@data-kt=\"addButton\"]"}
RESULT: {"using":"xpath","value":"//button[@data-kt=\"addButton\"]"}
COMMAND: POST /session/a952926708249603da5cc69792e3d2be/elements - {"using":"css selector","value":"#shell-header-logo"}
RESULT: {"using":"css selector","value":"#shell-header-logo"}
COMMAND: POST /session/a952926708249603da5cc69792e3d2be/elements - {"using":"xpath","value":"//button[@data-kt=\"addButton\"]"}
RESULT: {"using":"xpath","value":"//button[@data-kt=\"addButton\"]"}
COMMAND: POST /session/a952926708249603da5cc69792e3d2be/elements - {"using":"css selector","value":"#shell-header-logo"}
RESULT: {"using":"css selector","value":"#shell-header-logo"}
COMMAND: POST /session/a952926708249603da5cc69792e3d2be/elements - {"using":"xpath","value":"//button[@data-kt=\"addButton\"]"}
RESULT: {"using":"xpath","value":"//button[@data-kt=\"addButton\"]"}
COMMAND: POST /session/a952926708249603da5cc69792e3d2be/elements - {"using":"css selector","value":"#shell-header-logo"}
RESULT: {"using":"css selector","value":"#shell-header-logo"}
COMMAND: POST /session/a952926708249603da5cc69792e3d2be/elements - {"using":"xpath","value":"//button[@data-kt=\"addButton\"]"}
RESULT: {"using":"xpath","value":"//button[@data-kt=\"addButton\"]"}
COMMAND: POST /session/a952926708249603da5cc69792e3d2be/elements - {"using":"css selector","value":"#shell-header-logo"}
RESULT: {"using":"css selector","value":"#shell-header-logo"}
COMMAND: POST /session/a952926708249603da5cc69792e3d2be/elements - {"using":"xpath","value":"//button[@data-kt=\"addButton\"]"}
RESULT: {"using":"xpath","value":"//button[@data-kt=\"addButton\"]"}
COMMAND: POST /session/a952926708249603da5cc69792e3d2be/elements - {"using":"css selector","value":"#shell-header-logo"}
RESULT: {"using":"css selector","value":"#shell-header-logo"}
COMMAND: POST /session/a952926708249603da5cc69792e3d2be/elements - {"using":"xpath","value":"//button[@data-kt=\"addButton\"]"}
RESULT: {"using":"xpath","value":"//button[@data-kt=\"addButton\"]"}
COMMAND: POST /session/a952926708249603da5cc69792e3d2be/elements - {"using":"css selector","value":"#shell-header-logo"}
RESULT: {"using":"css selector","value":"#shell-header-logo"}
COMMAND: POST /session/a952926708249603da5cc69792e3d2be/elements - {"using":"xpath","value":"//button[@data-kt=\"addButton\"]"}
RESULT: {"using":"xpath","value":"//button[@data-kt=\"addButton\"]"}
COMMAND: POST /session/a952926708249603da5cc69792e3d2be/elements - {"using":"css selector","value":"#shell-header-logo"}
RESULT: {"using":"css selector","value":"#shell-header-logo"}
COMMAND: POST /session/a952926708249603da5cc69792e3d2be/elements - {"using":"xpath","value":"//button[@data-kt=\"addButton\"]"}
RESULT: {"using":"xpath","value":"//button[@data-kt=\"addButton\"]"}
COMMAND: POST /session/a952926708249603da5cc69792e3d2be/elements - {"using":"css selector","value":"#shell-header-logo"}
RESULT: {"using":"css selector","value":"#shell-header-logo"}
COMMAND: POST /session/a952926708249603da5cc69792e3d2be/elements - {"using":"xpath","value":"//button[@data-kt=\"addButton\"]"}
RESULT: {"using":"xpath","value":"//button[@data-kt=\"addButton\"]"}
COMMAND: POST /session/a952926708249603da5cc69792e3d2be/elements - {"using":"css selector","value":"#shell-header-logo"}
RESULT: {"using":"css selector","value":"#shell-header-logo"}
COMMAND: POST /session/a952926708249603da5cc69792e3d2be/elements - {"using":"xpath","value":"//button[@data-kt=\"addButton\"]"}
RESULT: {"using":"xpath","value":"//button[@data-kt=\"addButton\"]"}
COMMAND: POST /session/a952926708249603da5cc69792e3d2be/elements - {"using":"css selector","value":"#shell-header-logo"}
RESULT: {"using":"css selector","value":"#shell-header-logo"}
COMMAND: POST /session/a952926708249603da5cc69792e3d2be/elements - {"using":"xpath","value":"//button[@data-kt=\"addButton\"]"}
RESULT: {"using":"xpath","value":"//button[@data-kt=\"addButton\"]"}
COMMAND: POST /session/a952926708249603da5cc69792e3d2be/elements - {"using":"css selector","value":"#shell-header-logo"}
RESULT: {"using":"css selector","value":"#shell-header-logo"}
COMMAND: POST /session/a952926708249603da5cc69792e3d2be/elements - {"using":"xpath","value":"//button[@data-kt=\"addButton\"]"}
RESULT: {"using":"xpath","value":"//button[@data-kt=\"addButton\"]"}
COMMAND: POST /session/a952926708249603da5cc69792e3d2be/elements - {"using":"css selector","value":"#shell-header-logo"}
RESULT: {"using":"css selector","value":"#shell-header-logo"}
COMMAND: POST /session/a952926708249603da5cc69792e3d2be/elements - {"using":"xpath","value":"//button[@data-kt=\"addButton\"]"}
RESULT: {"using":"xpath","value":"//button[@data-kt=\"addButton\"]"}
COMMAND: POST /session/a952926708249603da5cc69792e3d2be/elements - {"using":"css selector","value":"#shell-header-logo"}
RESULT: {"using":"css selector","value":"#shell-header-logo"}
COMMAND: POST /session/a952926708249603da5cc69792e3d2be/elements - {"using":"xpath","value":"//button[@data-kt=\"addButton\"]"}
RESULT: {"using":"xpath","value":"//button[@data-kt=\"addButton\"]"}
COMMAND: POST /session/a952926708249603da5cc69792e3d2be/elements - {"using":"css selector","value":"#shell-header-logo"}
RESULT: {"using":"css selector","value":"#shell-header-logo"}
COMMAND: POST /session/a952926708249603da5cc69792e3d2be/elements - {"using":"xpath","value":"//button[@data-kt=\"addButton\"]"}
RESULT: {"using":"xpath","value":"//button[@data-kt=\"addButton\"]"}
COMMAND: POST /session/a952926708249603da5cc69792e3d2be/elements - {"using":"css selector","value":"#shell-header-logo"}
RESULT: {"using":"css selector","value":"#shell-header-logo"}
COMMAND: POST /session/a952926708249603da5cc69792e3d2be/elements - {"using":"xpath","value":"//button[@data-kt=\"addButton\"]"}
RESULT: {"using":"xpath","value":"//button[@data-kt=\"addButton\"]"}
COMMAND: POST /session/a952926708249603da5cc69792e3d2be/elements - {"using":"css selector","value":"#shell-header-logo"}
RESULT: {"using":"css selector","value":"#shell-header-logo"}
COMMAND: POST /session/a952926708249603da5cc69792e3d2be/elements - {"using":"xpath","value":"//button[@data-kt=\"addButton\"]"}
RESULT: {"using":"xpath","value":"//button[@data-kt=\"addButton\"]"}
COMMAND: POST /session/a952926708249603da5cc69792e3d2be/elements - {"using":"css selector","value":"#shell-header-logo"}
RESULT: {"using":"css selector","value":"#shell-header-logo"}
COMMAND: POST /session/a952926708249603da5cc69792e3d2be/elements - {"using":"xpath","value":"//button[@data-kt=\"addButton\"]"}
RESULT: {"using":"xpath","value":"//button[@data-kt=\"addButton\"]"}
COMMAND: POST /session/a952926708249603da5cc69792e3d2be/elements - {"using":"css selector","value":"#shell-header-logo"}
RESULT: {"using":"css selector","value":"#shell-header-logo"}
COMMAND: POST /session/a952926708249603da5cc69792e3d2be/elements - {"using":"xpath","value":"//button[@data-kt=\"addButton\"]"}
RESULT: {"using":"xpath","value":"//button[@data-kt=\"addButton\"]"}
COMMAND: POST /session/a952926708249603da5cc69792e3d2be/elements - {"using":"css selector","value":"#shell-header-logo"}
RESULT: {"using":"css selector","value":"#shell-header-logo"}
COMMAND: POST /session/a952926708249603da5cc69792e3d2be/elements - {"using":"xpath","value":"//button[@data-kt=\"addButton\"]"}
RESULT: {"using":"xpath","value":"//button[@data-kt=\"addButton\"]"}
COMMAND: POST /session/a952926708249603da5cc69792e3d2be/elements - {"using":"css selector","value":"#shell-header-logo"}
RESULT: {"using":"css selector","value":"#shell-header-logo"}
COMMAND: POST /session/a952926708249603da5cc69792e3d2be/elements - {"using":"xpath","value":"//button[@data-kt=\"addButton\"]"}
RESULT: {"using":"xpath","value":"//button[@data-kt=\"addButton\"]"}
COMMAND: POST /session/a952926708249603da5cc69792e3d2be/elements - {"using":"css selector","value":"#shell-header-logo"}
RESULT: {"using":"css selector","value":"#shell-header-logo"}
COMMAND: POST /session/a952926708249603da5cc69792e3d2be/elements - {"using":"xpath","value":"//button[@data-kt=\"addButton\"]"}
RESULT: {"using":"xpath","value":"//button[@data-kt=\"addButton\"]"}
COMMAND: POST /session/a952926708249603da5cc69792e3d2be/elements - {"using":"css selector","value":"#shell-header-logo"}
RESULT: {"using":"css selector","value":"#shell-header-logo"}
COMMAND: POST /session/a952926708249603da5cc69792e3d2be/elements - {"using":"xpath","value":"//button[@data-kt=\"addButton\"]"}
RESULT: {"using":"xpath","value":"//button[@data-kt=\"addButton\"]"}
COMMAND: POST /session/a952926708249603da5cc69792e3d2be/elements - {"using":"css selector","value":"#shell-header-logo"}
RESULT: {"using":"css selector","value":"#shell-header-logo"}
COMMAND: POST /session/a952926708249603da5cc69792e3d2be/elements - {"using":"xpath","value":"//button[@data-kt=\"addButton\"]"}
RESULT: {"using":"xpath","value":"//button[@data-kt=\"addButton\"]"}
COMMAND: POST /session/a952926708249603da5cc69792e3d2be/elements - {"using":"css selector","value":"#shell-header-logo"}
RESULT: {"using":"css selector","value":"#shell-header-logo"}
COMMAND: POST /session/a952926708249603da5cc69792e3d2be/elements - {"using":"xpath","value":"//button[@data-kt=\"addButton\"]"}
RESULT: {"using":"xpath","value":"//button[@data-kt=\"addButton\"]"}
COMMAND: POST /session/a952926708249603da5cc69792e3d2be/elements - {"using":"css selector","value":"#shell-header-logo"}
RESULT: {"using":"css selector","value":"#shell-header-logo"}
COMMAND: POST /session/a952926708249603da5cc69792e3d2be/elements - {"using":"xpath","value":"//button[@data-kt=\"addButton\"]"}
RESULT: {"using":"xpath","value":"//button[@data-kt=\"addButton\"]"}
COMMAND: POST /session/a952926708249603da5cc69792e3d2be/elements - {"using":"css selector","value":"#shell-header-logo"}
RESULT: {"using":"css selector","value":"#shell-header-logo"}
COMMAND: POST /session/a952926708249603da5cc69792e3d2be/elements - {"using":"xpath","value":"//button[@data-kt=\"addButton\"]"}
RESULT: {"using":"xpath","value":"//button[@data-kt=\"addButton\"]"}
COMMAND: POST /session/a952926708249603da5cc69792e3d2be/elements - {"using":"css selector","value":"#shell-header-logo"}
RESULT: {"using":"css selector","value":"#shell-header-logo"}
COMMAND: POST /session/a952926708249603da5cc69792e3d2be/elements - {"using":"xpath","value":"//button[@data-kt=\"addButton\"]"}
RESULT: {"using":"xpath","value":"//button[@data-kt=\"addButton\"]"}
COMMAND: POST /session/a952926708249603da5cc69792e3d2be/elements - {"using":"css selector","value":"#shell-header-logo"}
RESULT: {"using":"css selector","value":"#shell-header-logo"}
COMMAND: POST /session/a952926708249603da5cc69792e3d2be/elements - {"using":"xpath","value":"//button[@data-kt=\"addButton\"]"}
RESULT: {"using":"xpath","value":"//button[@data-kt=\"addButton\"]"}
COMMAND: POST /session/a952926708249603da5cc69792e3d2be/elements - {"using":"css selector","value":"#shell-header-logo"}
RESULT: {"using":"css selector","value":"#shell-header-logo"}
COMMAND: POST /session/a952926708249603da5cc69792e3d2be/elements - {"using":"xpath","value":"//button[@data-kt=\"addButton\"]"}
RESULT: {"using":"xpath","value":"//button[@data-kt=\"addButton\"]"}
COMMAND: POST /session/a952926708249603da5cc69792e3d2be/elements - {"using":"css selector","value":"#shell-header-logo"}
RESULT: {"using":"css selector","value":"#shell-header-logo"}
COMMAND: POST /session/a952926708249603da5cc69792e3d2be/elements - {"using":"xpath","value":"//button[@data-kt=\"addButton\"]"}
RESULT: {"using":"xpath","value":"//button[@data-kt=\"addButton\"]"}
COMMAND: POST /session/a952926708249603da5cc69792e3d2be/elements - {"using":"css selector","value":"#shell-header-logo"}
RESULT: {"using":"css selector","value":"#shell-header-logo"}
COMMAND: POST /session/a952926708249603da5cc69792e3d2be/elements - {"using":"xpath","value":"//button[@data-kt=\"addButton\"]"}
RESULT: {"using":"xpath","value":"//button[@data-kt=\"addButton\"]"}
COMMAND: POST /session/a952926708249603da5cc69792e3d2be/elements - {"using":"css selector","value":"#shell-header-logo"}
RESULT: {"using":"css selector","value":"#shell-header-logo"}
COMMAND: POST /session/a952926708249603da5cc69792e3d2be/elements - {"using":"xpath","value":"//button[@data-kt=\"addButton\"]"}
RESULT: {"using":"xpath","value":"//button[@data-kt=\"addButton\"]"}
COMMAND: POST /session/a952926708249603da5cc69792e3d2be/elements - {"using":"css selector","value":"#shell-header-logo"}
RESULT: {"using":"css selector","value":"#shell-header-logo"}
COMMAND: POST /session/a952926708249603da5cc69792e3d2be/elements - {"using":"xpath","value":"//button[@data-kt=\"addButton\"]"}
RESULT: {"using":"xpath","value":"//button[@data-kt=\"addButton\"]"}
COMMAND: POST /session/a952926708249603da5cc69792e3d2be/elements - {"using":"css selector","value":"#shell-header-logo"}
RESULT: {"using":"css selector","value":"#shell-header-logo"}
COMMAND: POST /session/a952926708249603da5cc69792e3d2be/elements - {"using":"xpath","value":"//button[@data-kt=\"addButton\"]"}
RESULT: {"using":"xpath","value":"//button[@data-kt=\"addButton\"]"}
COMMAND: POST /session/a952926708249603da5cc69792e3d2be/elements - {"using":"css selector","value":"#shell-header-logo"}
RESULT: {"using":"css selector","value":"#shell-header-logo"}
COMMAND: POST /session/a952926708249603da5cc69792e3d2be/elements - {"using":"xpath","value":"//button[@data-kt=\"addButton\"]"}
RESULT: {"using":"xpath","value":"//button[@data-kt=\"addButton\"]"}
COMMAND: POST /session/a952926708249603da5cc69792e3d2be/elements - {"using":"css selector","value":"#shell-header-logo"}
RESULT: {"using":"css selector","value":"#shell-header-logo"}
COMMAND: POST /session/a952926708249603da5cc69792e3d2be/elements - {"using":"xpath","value":"//button[@data-kt=\"addButton\"]"}
RESULT: {"using":"xpath","value":"//button[@data-kt=\"addButton\"]"}
COMMAND: POST /session/a952926708249603da5cc69792e3d2be/elements - {"using":"css selector","value":"#shell-header-logo"}
RESULT: {"using":"css selector","value":"#shell-header-logo"}
COMMAND: POST /session/a952926708249603da5cc69792e3d2be/elements - {"using":"xpath","value":"//button[@data-kt=\"addButton\"]"}
RESULT: {"using":"xpath","value":"//button[@data-kt=\"addButton\"]"}
COMMAND: POST /session/a952926708249603da5cc69792e3d2be/elements - {"using":"css selector","value":"#shell-header-logo"}
RESULT: {"using":"css selector","value":"#shell-header-logo"}
COMMAND: POST /session/a952926708249603da5cc69792e3d2be/elements - {"using":"xpath","value":"//button[@data-kt=\"addButton\"]"}
RESULT: {"using":"xpath","value":"//button[@data-kt=\"addButton\"]"}
COMMAND: POST /session/a952926708249603da5cc69792e3d2be/elements - {"using":"css selector","value":"#shell-header-logo"}
RESULT: {"using":"css selector","value":"#shell-header-logo"}
COMMAND: POST /session/a952926708249603da5cc69792e3d2be/elements - {"using":"xpath","value":"//button[@data-kt=\"addButton\"]"}
RESULT: {"using":"xpath","value":"//button[@data-kt=\"addButton\"]"}
COMMAND: POST /session/a952926708249603da5cc69792e3d2be/elements - {"using":"css selector","value":"#shell-header-logo"}
RESULT: {"using":"css selector","value":"#shell-header-logo"}
COMMAND: POST /session/a952926708249603da5cc69792e3d2be/elements - {"using":"xpath","value":"//button[@data-kt=\"addButton\"]"}
RESULT: {"using":"xpath","value":"//button[@data-kt=\"addButton\"]"}
COMMAND: POST /session/a952926708249603da5cc69792e3d2be/elements - {"using":"css selector","value":"#shell-header-logo"}
RESULT: {"using":"css selector","value":"#shell-header-logo"}
COMMAND: POST /session/a952926708249603da5cc69792e3d2be/elements - {"using":"xpath","value":"//button[@data-kt=\"addButton\"]"}
RESULT: {"using":"xpath","value":"//button[@data-kt=\"addButton\"]"}
COMMAND: POST /session/a952926708249603da5cc69792e3d2be/elements - {"using":"css selector","value":"#shell-header-logo"}
RESULT: {"using":"css selector","value":"#shell-header-logo"}
COMMAND: POST /session/a952926708249603da5cc69792e3d2be/elements - {"using":"xpath","value":"//button[@data-kt=\"addButton\"]"}
RESULT: {"using":"xpath","value":"//button[@data-kt=\"addButton\"]"}
COMMAND: POST /session/a952926708249603da5cc69792e3d2be/elements - {"using":"css selector","value":"#shell-header-logo"}
RESULT: {"using":"css selector","value":"#shell-header-logo"}
COMMAND: POST /session/a952926708249603da5cc69792e3d2be/elements - {"using":"xpath","value":"//button[@data-kt=\"addButton\"]"}
RESULT: {"using":"xpath","value":"//button[@data-kt=\"addButton\"]"}
COMMAND: POST /session/a952926708249603da5cc69792e3d2be/elements - {"using":"css selector","value":"#shell-header-logo"}
RESULT: {"using":"css selector","value":"#shell-header-logo"}
COMMAND: POST /session/a952926708249603da5cc69792e3d2be/elements - {"using":"xpath","value":"//button[@data-kt=\"addButton\"]"}
RESULT: {"using":"xpath","value":"//button[@data-kt=\"addButton\"]"}
COMMAND: POST /session/a952926708249603da5cc69792e3d2be/elements - {"using":"css selector","value":"#shell-header-logo"}
RESULT: {"using":"css selector","value":"#shell-header-logo"}
COMMAND: GET /session/a952926708249603da5cc69792e3d2be/screenshot - {}
RESULT: {}
]]></system-out>
      <system-err><![CDATA[
Error: element ("//button[@data-kt="addButton"]") still not existing after 45000ms
    at async Context.<anonymous> (D:\a\1\s\test\specs\BTS\manage-partners.spec.js:743:9)
]]></system-err>
    </testcase>
    <testcase classname="chrome.136_0_7103_49.windows.Partner_specific_tests_US150819_US151080_US151654_US151176_US103444_US151078_US151079_US151109_US151174_US151175_US151189" name="Should do various searches US151175" time="55.345">
      <skipped />
      <system-out><![CDATA[
COMMAND: POST /session/a952926708249603da5cc69792e3d2be/element - {"using":"xpath","value":"//li[.//span[text()=\"Manage Partners\"]]"}
RESULT: {"using":"xpath","value":"//li[.//span[text()=\"Manage Partners\"]]"}
COMMAND: POST /session/a952926708249603da5cc69792e3d2be/element - {"using":"xpath","value":"//li[.//span[text()=\"Manage Partners\"]]"}
RESULT: {"using":"xpath","value":"//li[.//span[text()=\"Manage Partners\"]]"}
COMMAND: POST /session/a952926708249603da5cc69792e3d2be/element - {"using":"css selector","value":"#shell-header-logo"}
RESULT: {"using":"css selector","value":"#shell-header-logo"}
COMMAND: POST /session/a952926708249603da5cc69792e3d2be/elements - {"using":"css selector","value":"#shell-header-logo"}
COMMAND: POST /session/a952926708249603da5cc69792e3d2be/element - {"using":"css selector","value":"#shell-header-logo"}
RESULT: {"using":"css selector","value":"#shell-header-logo"}
RESULT: {"using":"css selector","value":"#shell-header-logo"}
COMMAND: POST /session/a952926708249603da5cc69792e3d2be/elements - {"using":"css selector","value":"#shell-header-logo"}
RESULT: {"using":"css selector","value":"#shell-header-logo"}
COMMAND: POST /session/a952926708249603da5cc69792e3d2be/elements - {"using":"css selector","value":"#shell-header-logo"}
RESULT: {"using":"css selector","value":"#shell-header-logo"}
COMMAND: POST /session/a952926708249603da5cc69792e3d2be/elements - {"using":"css selector","value":"#shell-header-logo"}
RESULT: {"using":"css selector","value":"#shell-header-logo"}
COMMAND: POST /session/a952926708249603da5cc69792e3d2be/elements - {"using":"css selector","value":"#shell-header-logo"}
RESULT: {"using":"css selector","value":"#shell-header-logo"}
COMMAND: POST /session/a952926708249603da5cc69792e3d2be/elements - {"using":"css selector","value":"#shell-header-logo"}
RESULT: {"using":"css selector","value":"#shell-header-logo"}
COMMAND: POST /session/a952926708249603da5cc69792e3d2be/elements - {"using":"css selector","value":"#shell-header-logo"}
RESULT: {"using":"css selector","value":"#shell-header-logo"}
COMMAND: POST /session/a952926708249603da5cc69792e3d2be/elements - {"using":"css selector","value":"#shell-header-logo"}
RESULT: {"using":"css selector","value":"#shell-header-logo"}
COMMAND: POST /session/a952926708249603da5cc69792e3d2be/elements - {"using":"css selector","value":"#shell-header-logo"}
RESULT: {"using":"css selector","value":"#shell-header-logo"}
COMMAND: POST /session/a952926708249603da5cc69792e3d2be/elements - {"using":"css selector","value":"#shell-header-logo"}
RESULT: {"using":"css selector","value":"#shell-header-logo"}
COMMAND: POST /session/a952926708249603da5cc69792e3d2be/elements - {"using":"css selector","value":"#shell-header-logo"}
RESULT: {"using":"css selector","value":"#shell-header-logo"}
COMMAND: POST /session/a952926708249603da5cc69792e3d2be/elements - {"using":"css selector","value":"#shell-header-logo"}
RESULT: {"using":"css selector","value":"#shell-header-logo"}
COMMAND: POST /session/a952926708249603da5cc69792e3d2be/elements - {"using":"css selector","value":"#shell-header-logo"}
RESULT: {"using":"css selector","value":"#shell-header-logo"}
COMMAND: POST /session/a952926708249603da5cc69792e3d2be/elements - {"using":"css selector","value":"#shell-header-logo"}
RESULT: {"using":"css selector","value":"#shell-header-logo"}
COMMAND: POST /session/a952926708249603da5cc69792e3d2be/elements - {"using":"css selector","value":"#shell-header-logo"}
RESULT: {"using":"css selector","value":"#shell-header-logo"}
COMMAND: POST /session/a952926708249603da5cc69792e3d2be/elements - {"using":"css selector","value":"#shell-header-logo"}
RESULT: {"using":"css selector","value":"#shell-header-logo"}
COMMAND: POST /session/a952926708249603da5cc69792e3d2be/elements - {"using":"css selector","value":"#shell-header-logo"}
RESULT: {"using":"css selector","value":"#shell-header-logo"}
COMMAND: POST /session/a952926708249603da5cc69792e3d2be/elements - {"using":"css selector","value":"#shell-header-logo"}
RESULT: {"using":"css selector","value":"#shell-header-logo"}
COMMAND: POST /session/a952926708249603da5cc69792e3d2be/elements - {"using":"css selector","value":"#shell-header-logo"}
RESULT: {"using":"css selector","value":"#shell-header-logo"}
COMMAND: POST /session/a952926708249603da5cc69792e3d2be/elements - {"using":"css selector","value":"#shell-header-logo"}
RESULT: {"using":"css selector","value":"#shell-header-logo"}
COMMAND: POST /session/a952926708249603da5cc69792e3d2be/elements - {"using":"css selector","value":"#shell-header-logo"}
RESULT: {"using":"css selector","value":"#shell-header-logo"}
COMMAND: POST /session/a952926708249603da5cc69792e3d2be/elements - {"using":"css selector","value":"#shell-header-logo"}
RESULT: {"using":"css selector","value":"#shell-header-logo"}
COMMAND: POST /session/a952926708249603da5cc69792e3d2be/elements - {"using":"css selector","value":"#shell-header-logo"}
RESULT: {"using":"css selector","value":"#shell-header-logo"}
COMMAND: POST /session/a952926708249603da5cc69792e3d2be/elements - {"using":"css selector","value":"#shell-header-logo"}
RESULT: {"using":"css selector","value":"#shell-header-logo"}
COMMAND: POST /session/a952926708249603da5cc69792e3d2be/elements - {"using":"css selector","value":"#shell-header-logo"}
RESULT: {"using":"css selector","value":"#shell-header-logo"}
COMMAND: POST /session/a952926708249603da5cc69792e3d2be/elements - {"using":"css selector","value":"#shell-header-logo"}
RESULT: {"using":"css selector","value":"#shell-header-logo"}
COMMAND: POST /session/a952926708249603da5cc69792e3d2be/elements - {"using":"css selector","value":"#shell-header-logo"}
RESULT: {"using":"css selector","value":"#shell-header-logo"}
COMMAND: POST /session/a952926708249603da5cc69792e3d2be/elements - {"using":"css selector","value":"#shell-header-logo"}
RESULT: {"using":"css selector","value":"#shell-header-logo"}
COMMAND: POST /session/a952926708249603da5cc69792e3d2be/elements - {"using":"css selector","value":"#shell-header-logo"}
RESULT: {"using":"css selector","value":"#shell-header-logo"}
RESULT: undefined
COMMAND: POST /session/a952926708249603da5cc69792e3d2be/element - {"using":"xpath","value":"//button[@data-kt=\"addButton\"]"}
COMMAND: POST /session/a952926708249603da5cc69792e3d2be/elements - {"using":"css selector","value":"#shell-header-logo"}
RESULT: {"using":"xpath","value":"//button[@data-kt=\"addButton\"]"}
COMMAND: POST /session/a952926708249603da5cc69792e3d2be/elements - {"using":"xpath","value":"//button[@data-kt=\"addButton\"]"}
RESULT: {"using":"css selector","value":"#shell-header-logo"}
RESULT: {"using":"xpath","value":"//button[@data-kt=\"addButton\"]"}
COMMAND: POST /session/a952926708249603da5cc69792e3d2be/elements - {"using":"css selector","value":"#shell-header-logo"}
RESULT: {"using":"css selector","value":"#shell-header-logo"}
COMMAND: POST /session/a952926708249603da5cc69792e3d2be/elements - {"using":"xpath","value":"//button[@data-kt=\"addButton\"]"}
RESULT: {"using":"xpath","value":"//button[@data-kt=\"addButton\"]"}
COMMAND: POST /session/a952926708249603da5cc69792e3d2be/elements - {"using":"css selector","value":"#shell-header-logo"}
COMMAND: POST /session/a952926708249603da5cc69792e3d2be/elements - {"using":"xpath","value":"//button[@data-kt=\"addButton\"]"}
RESULT: {"using":"css selector","value":"#shell-header-logo"}
RESULT: {"using":"xpath","value":"//button[@data-kt=\"addButton\"]"}
COMMAND: POST /session/a952926708249603da5cc69792e3d2be/elements - {"using":"css selector","value":"#shell-header-logo"}
COMMAND: POST /session/a952926708249603da5cc69792e3d2be/elements - {"using":"xpath","value":"//button[@data-kt=\"addButton\"]"}
RESULT: {"using":"css selector","value":"#shell-header-logo"}
RESULT: {"using":"xpath","value":"//button[@data-kt=\"addButton\"]"}
COMMAND: POST /session/a952926708249603da5cc69792e3d2be/elements - {"using":"css selector","value":"#shell-header-logo"}
RESULT: {"using":"css selector","value":"#shell-header-logo"}
COMMAND: POST /session/a952926708249603da5cc69792e3d2be/elements - {"using":"xpath","value":"//button[@data-kt=\"addButton\"]"}
RESULT: {"using":"xpath","value":"//button[@data-kt=\"addButton\"]"}
COMMAND: POST /session/a952926708249603da5cc69792e3d2be/elements - {"using":"css selector","value":"#shell-header-logo"}
RESULT: {"using":"css selector","value":"#shell-header-logo"}
COMMAND: POST /session/a952926708249603da5cc69792e3d2be/elements - {"using":"xpath","value":"//button[@data-kt=\"addButton\"]"}
RESULT: {"using":"xpath","value":"//button[@data-kt=\"addButton\"]"}
COMMAND: POST /session/a952926708249603da5cc69792e3d2be/elements - {"using":"css selector","value":"#shell-header-logo"}
RESULT: {"using":"css selector","value":"#shell-header-logo"}
COMMAND: POST /session/a952926708249603da5cc69792e3d2be/elements - {"using":"xpath","value":"//button[@data-kt=\"addButton\"]"}
RESULT: {"using":"xpath","value":"//button[@data-kt=\"addButton\"]"}
COMMAND: POST /session/a952926708249603da5cc69792e3d2be/elements - {"using":"css selector","value":"#shell-header-logo"}
RESULT: {"using":"css selector","value":"#shell-header-logo"}
COMMAND: POST /session/a952926708249603da5cc69792e3d2be/elements - {"using":"xpath","value":"//button[@data-kt=\"addButton\"]"}
RESULT: {"using":"xpath","value":"//button[@data-kt=\"addButton\"]"}
COMMAND: POST /session/a952926708249603da5cc69792e3d2be/elements - {"using":"css selector","value":"#shell-header-logo"}
RESULT: {"using":"css selector","value":"#shell-header-logo"}
COMMAND: POST /session/a952926708249603da5cc69792e3d2be/elements - {"using":"xpath","value":"//button[@data-kt=\"addButton\"]"}
RESULT: {"using":"xpath","value":"//button[@data-kt=\"addButton\"]"}
COMMAND: POST /session/a952926708249603da5cc69792e3d2be/elements - {"using":"css selector","value":"#shell-header-logo"}
RESULT: {"using":"css selector","value":"#shell-header-logo"}
COMMAND: POST /session/a952926708249603da5cc69792e3d2be/elements - {"using":"xpath","value":"//button[@data-kt=\"addButton\"]"}
RESULT: {"using":"xpath","value":"//button[@data-kt=\"addButton\"]"}
COMMAND: POST /session/a952926708249603da5cc69792e3d2be/elements - {"using":"css selector","value":"#shell-header-logo"}
COMMAND: POST /session/a952926708249603da5cc69792e3d2be/elements - {"using":"xpath","value":"//button[@data-kt=\"addButton\"]"}
RESULT: {"using":"css selector","value":"#shell-header-logo"}
RESULT: {"using":"xpath","value":"//button[@data-kt=\"addButton\"]"}
COMMAND: POST /session/a952926708249603da5cc69792e3d2be/elements - {"using":"css selector","value":"#shell-header-logo"}
RESULT: {"using":"css selector","value":"#shell-header-logo"}
COMMAND: POST /session/a952926708249603da5cc69792e3d2be/elements - {"using":"xpath","value":"//button[@data-kt=\"addButton\"]"}
RESULT: {"using":"xpath","value":"//button[@data-kt=\"addButton\"]"}
COMMAND: POST /session/a952926708249603da5cc69792e3d2be/elements - {"using":"css selector","value":"#shell-header-logo"}
RESULT: {"using":"css selector","value":"#shell-header-logo"}
COMMAND: POST /session/a952926708249603da5cc69792e3d2be/elements - {"using":"xpath","value":"//button[@data-kt=\"addButton\"]"}
RESULT: {"using":"xpath","value":"//button[@data-kt=\"addButton\"]"}
COMMAND: POST /session/a952926708249603da5cc69792e3d2be/elements - {"using":"css selector","value":"#shell-header-logo"}
RESULT: {"using":"css selector","value":"#shell-header-logo"}
COMMAND: POST /session/a952926708249603da5cc69792e3d2be/elements - {"using":"xpath","value":"//button[@data-kt=\"addButton\"]"}
RESULT: {"using":"xpath","value":"//button[@data-kt=\"addButton\"]"}
COMMAND: POST /session/a952926708249603da5cc69792e3d2be/elements - {"using":"css selector","value":"#shell-header-logo"}
COMMAND: POST /session/a952926708249603da5cc69792e3d2be/elements - {"using":"xpath","value":"//button[@data-kt=\"addButton\"]"}
RESULT: {"using":"css selector","value":"#shell-header-logo"}
RESULT: {"using":"xpath","value":"//button[@data-kt=\"addButton\"]"}
COMMAND: POST /session/a952926708249603da5cc69792e3d2be/elements - {"using":"css selector","value":"#shell-header-logo"}
RESULT: {"using":"css selector","value":"#shell-header-logo"}
COMMAND: POST /session/a952926708249603da5cc69792e3d2be/elements - {"using":"xpath","value":"//button[@data-kt=\"addButton\"]"}
RESULT: {"using":"xpath","value":"//button[@data-kt=\"addButton\"]"}
COMMAND: POST /session/a952926708249603da5cc69792e3d2be/elements - {"using":"css selector","value":"#shell-header-logo"}
RESULT: {"using":"css selector","value":"#shell-header-logo"}
COMMAND: POST /session/a952926708249603da5cc69792e3d2be/elements - {"using":"xpath","value":"//button[@data-kt=\"addButton\"]"}
RESULT: {"using":"xpath","value":"//button[@data-kt=\"addButton\"]"}
COMMAND: POST /session/a952926708249603da5cc69792e3d2be/elements - {"using":"css selector","value":"#shell-header-logo"}
COMMAND: POST /session/a952926708249603da5cc69792e3d2be/elements - {"using":"xpath","value":"//button[@data-kt=\"addButton\"]"}
RESULT: {"using":"css selector","value":"#shell-header-logo"}
RESULT: {"using":"xpath","value":"//button[@data-kt=\"addButton\"]"}
COMMAND: POST /session/a952926708249603da5cc69792e3d2be/elements - {"using":"css selector","value":"#shell-header-logo"}
RESULT: {"using":"css selector","value":"#shell-header-logo"}
COMMAND: POST /session/a952926708249603da5cc69792e3d2be/elements - {"using":"xpath","value":"//button[@data-kt=\"addButton\"]"}
RESULT: {"using":"xpath","value":"//button[@data-kt=\"addButton\"]"}
COMMAND: POST /session/a952926708249603da5cc69792e3d2be/elements - {"using":"css selector","value":"#shell-header-logo"}
RESULT: {"using":"css selector","value":"#shell-header-logo"}
COMMAND: POST /session/a952926708249603da5cc69792e3d2be/elements - {"using":"xpath","value":"//button[@data-kt=\"addButton\"]"}
RESULT: {"using":"xpath","value":"//button[@data-kt=\"addButton\"]"}
COMMAND: POST /session/a952926708249603da5cc69792e3d2be/elements - {"using":"css selector","value":"#shell-header-logo"}
COMMAND: POST /session/a952926708249603da5cc69792e3d2be/elements - {"using":"xpath","value":"//button[@data-kt=\"addButton\"]"}
RESULT: {"using":"css selector","value":"#shell-header-logo"}
RESULT: {"using":"xpath","value":"//button[@data-kt=\"addButton\"]"}
COMMAND: POST /session/a952926708249603da5cc69792e3d2be/elements - {"using":"css selector","value":"#shell-header-logo"}
RESULT: {"using":"css selector","value":"#shell-header-logo"}
COMMAND: POST /session/a952926708249603da5cc69792e3d2be/elements - {"using":"xpath","value":"//button[@data-kt=\"addButton\"]"}
RESULT: {"using":"xpath","value":"//button[@data-kt=\"addButton\"]"}
COMMAND: POST /session/a952926708249603da5cc69792e3d2be/elements - {"using":"css selector","value":"#shell-header-logo"}
COMMAND: POST /session/a952926708249603da5cc69792e3d2be/elements - {"using":"xpath","value":"//button[@data-kt=\"addButton\"]"}
RESULT: {"using":"css selector","value":"#shell-header-logo"}
RESULT: {"using":"xpath","value":"//button[@data-kt=\"addButton\"]"}
COMMAND: POST /session/a952926708249603da5cc69792e3d2be/elements - {"using":"css selector","value":"#shell-header-logo"}
RESULT: {"using":"css selector","value":"#shell-header-logo"}
COMMAND: POST /session/a952926708249603da5cc69792e3d2be/elements - {"using":"xpath","value":"//button[@data-kt=\"addButton\"]"}
RESULT: {"using":"xpath","value":"//button[@data-kt=\"addButton\"]"}
COMMAND: POST /session/a952926708249603da5cc69792e3d2be/elements - {"using":"css selector","value":"#shell-header-logo"}
COMMAND: POST /session/a952926708249603da5cc69792e3d2be/elements - {"using":"xpath","value":"//button[@data-kt=\"addButton\"]"}
RESULT: {"using":"css selector","value":"#shell-header-logo"}
RESULT: {"using":"xpath","value":"//button[@data-kt=\"addButton\"]"}
COMMAND: POST /session/a952926708249603da5cc69792e3d2be/elements - {"using":"css selector","value":"#shell-header-logo"}
COMMAND: POST /session/a952926708249603da5cc69792e3d2be/elements - {"using":"xpath","value":"//button[@data-kt=\"addButton\"]"}
RESULT: {"using":"css selector","value":"#shell-header-logo"}
RESULT: {"using":"xpath","value":"//button[@data-kt=\"addButton\"]"}
COMMAND: POST /session/a952926708249603da5cc69792e3d2be/elements - {"using":"css selector","value":"#shell-header-logo"}
COMMAND: POST /session/a952926708249603da5cc69792e3d2be/elements - {"using":"xpath","value":"//button[@data-kt=\"addButton\"]"}
RESULT: {"using":"css selector","value":"#shell-header-logo"}
RESULT: {"using":"xpath","value":"//button[@data-kt=\"addButton\"]"}
COMMAND: POST /session/a952926708249603da5cc69792e3d2be/elements - {"using":"css selector","value":"#shell-header-logo"}
COMMAND: POST /session/a952926708249603da5cc69792e3d2be/elements - {"using":"xpath","value":"//button[@data-kt=\"addButton\"]"}
RESULT: {"using":"css selector","value":"#shell-header-logo"}
RESULT: {"using":"xpath","value":"//button[@data-kt=\"addButton\"]"}
COMMAND: POST /session/a952926708249603da5cc69792e3d2be/elements - {"using":"css selector","value":"#shell-header-logo"}
COMMAND: POST /session/a952926708249603da5cc69792e3d2be/elements - {"using":"xpath","value":"//button[@data-kt=\"addButton\"]"}
RESULT: {"using":"css selector","value":"#shell-header-logo"}
RESULT: {"using":"xpath","value":"//button[@data-kt=\"addButton\"]"}
COMMAND: POST /session/a952926708249603da5cc69792e3d2be/elements - {"using":"css selector","value":"#shell-header-logo"}
RESULT: {"using":"css selector","value":"#shell-header-logo"}
COMMAND: POST /session/a952926708249603da5cc69792e3d2be/elements - {"using":"xpath","value":"//button[@data-kt=\"addButton\"]"}
RESULT: {"using":"xpath","value":"//button[@data-kt=\"addButton\"]"}
COMMAND: POST /session/a952926708249603da5cc69792e3d2be/elements - {"using":"css selector","value":"#shell-header-logo"}
RESULT: {"using":"css selector","value":"#shell-header-logo"}
COMMAND: POST /session/a952926708249603da5cc69792e3d2be/elements - {"using":"xpath","value":"//button[@data-kt=\"addButton\"]"}
RESULT: {"using":"xpath","value":"//button[@data-kt=\"addButton\"]"}
COMMAND: POST /session/a952926708249603da5cc69792e3d2be/elements - {"using":"css selector","value":"#shell-header-logo"}
RESULT: {"using":"css selector","value":"#shell-header-logo"}
COMMAND: POST /session/a952926708249603da5cc69792e3d2be/elements - {"using":"xpath","value":"//button[@data-kt=\"addButton\"]"}
RESULT: {"using":"xpath","value":"//button[@data-kt=\"addButton\"]"}
COMMAND: POST /session/a952926708249603da5cc69792e3d2be/elements - {"using":"css selector","value":"#shell-header-logo"}
COMMAND: POST /session/a952926708249603da5cc69792e3d2be/elements - {"using":"xpath","value":"//button[@data-kt=\"addButton\"]"}
RESULT: {"using":"css selector","value":"#shell-header-logo"}
RESULT: {"using":"xpath","value":"//button[@data-kt=\"addButton\"]"}
COMMAND: POST /session/a952926708249603da5cc69792e3d2be/elements - {"using":"css selector","value":"#shell-header-logo"}
COMMAND: POST /session/a952926708249603da5cc69792e3d2be/elements - {"using":"xpath","value":"//button[@data-kt=\"addButton\"]"}
RESULT: {"using":"css selector","value":"#shell-header-logo"}
RESULT: {"using":"xpath","value":"//button[@data-kt=\"addButton\"]"}
COMMAND: POST /session/a952926708249603da5cc69792e3d2be/elements - {"using":"css selector","value":"#shell-header-logo"}
RESULT: {"using":"css selector","value":"#shell-header-logo"}
COMMAND: POST /session/a952926708249603da5cc69792e3d2be/elements - {"using":"xpath","value":"//button[@data-kt=\"addButton\"]"}
RESULT: {"using":"xpath","value":"//button[@data-kt=\"addButton\"]"}
COMMAND: POST /session/a952926708249603da5cc69792e3d2be/elements - {"using":"css selector","value":"#shell-header-logo"}
RESULT: {"using":"css selector","value":"#shell-header-logo"}
COMMAND: POST /session/a952926708249603da5cc69792e3d2be/elements - {"using":"xpath","value":"//button[@data-kt=\"addButton\"]"}
RESULT: {"using":"xpath","value":"//button[@data-kt=\"addButton\"]"}
COMMAND: POST /session/a952926708249603da5cc69792e3d2be/elements - {"using":"css selector","value":"#shell-header-logo"}
COMMAND: POST /session/a952926708249603da5cc69792e3d2be/elements - {"using":"xpath","value":"//button[@data-kt=\"addButton\"]"}
RESULT: {"using":"css selector","value":"#shell-header-logo"}
RESULT: {"using":"xpath","value":"//button[@data-kt=\"addButton\"]"}
COMMAND: POST /session/a952926708249603da5cc69792e3d2be/elements - {"using":"css selector","value":"#shell-header-logo"}
RESULT: {"using":"css selector","value":"#shell-header-logo"}
COMMAND: POST /session/a952926708249603da5cc69792e3d2be/elements - {"using":"xpath","value":"//button[@data-kt=\"addButton\"]"}
RESULT: {"using":"xpath","value":"//button[@data-kt=\"addButton\"]"}
COMMAND: POST /session/a952926708249603da5cc69792e3d2be/elements - {"using":"css selector","value":"#shell-header-logo"}
COMMAND: POST /session/a952926708249603da5cc69792e3d2be/elements - {"using":"xpath","value":"//button[@data-kt=\"addButton\"]"}
RESULT: {"using":"css selector","value":"#shell-header-logo"}
RESULT: {"using":"xpath","value":"//button[@data-kt=\"addButton\"]"}
COMMAND: POST /session/a952926708249603da5cc69792e3d2be/elements - {"using":"css selector","value":"#shell-header-logo"}
RESULT: {"using":"css selector","value":"#shell-header-logo"}
COMMAND: POST /session/a952926708249603da5cc69792e3d2be/elements - {"using":"xpath","value":"//button[@data-kt=\"addButton\"]"}
RESULT: {"using":"xpath","value":"//button[@data-kt=\"addButton\"]"}
COMMAND: POST /session/a952926708249603da5cc69792e3d2be/elements - {"using":"css selector","value":"#shell-header-logo"}
COMMAND: POST /session/a952926708249603da5cc69792e3d2be/elements - {"using":"xpath","value":"//button[@data-kt=\"addButton\"]"}
RESULT: {"using":"css selector","value":"#shell-header-logo"}
RESULT: {"using":"xpath","value":"//button[@data-kt=\"addButton\"]"}
COMMAND: POST /session/a952926708249603da5cc69792e3d2be/elements - {"using":"css selector","value":"#shell-header-logo"}
RESULT: {"using":"css selector","value":"#shell-header-logo"}
COMMAND: POST /session/a952926708249603da5cc69792e3d2be/elements - {"using":"xpath","value":"//button[@data-kt=\"addButton\"]"}
RESULT: {"using":"xpath","value":"//button[@data-kt=\"addButton\"]"}
COMMAND: POST /session/a952926708249603da5cc69792e3d2be/elements - {"using":"css selector","value":"#shell-header-logo"}
COMMAND: POST /session/a952926708249603da5cc69792e3d2be/elements - {"using":"xpath","value":"//button[@data-kt=\"addButton\"]"}
RESULT: {"using":"css selector","value":"#shell-header-logo"}
RESULT: {"using":"xpath","value":"//button[@data-kt=\"addButton\"]"}
COMMAND: POST /session/a952926708249603da5cc69792e3d2be/elements - {"using":"css selector","value":"#shell-header-logo"}
COMMAND: POST /session/a952926708249603da5cc69792e3d2be/elements - {"using":"xpath","value":"//button[@data-kt=\"addButton\"]"}
RESULT: {"using":"css selector","value":"#shell-header-logo"}
RESULT: {"using":"xpath","value":"//button[@data-kt=\"addButton\"]"}
COMMAND: POST /session/a952926708249603da5cc69792e3d2be/elements - {"using":"css selector","value":"#shell-header-logo"}
RESULT: {"using":"css selector","value":"#shell-header-logo"}
COMMAND: POST /session/a952926708249603da5cc69792e3d2be/elements - {"using":"xpath","value":"//button[@data-kt=\"addButton\"]"}
RESULT: {"using":"xpath","value":"//button[@data-kt=\"addButton\"]"}
COMMAND: POST /session/a952926708249603da5cc69792e3d2be/elements - {"using":"css selector","value":"#shell-header-logo"}
COMMAND: POST /session/a952926708249603da5cc69792e3d2be/elements - {"using":"xpath","value":"//button[@data-kt=\"addButton\"]"}
RESULT: {"using":"css selector","value":"#shell-header-logo"}
RESULT: {"using":"xpath","value":"//button[@data-kt=\"addButton\"]"}
COMMAND: POST /session/a952926708249603da5cc69792e3d2be/elements - {"using":"css selector","value":"#shell-header-logo"}
RESULT: {"using":"css selector","value":"#shell-header-logo"}
COMMAND: POST /session/a952926708249603da5cc69792e3d2be/elements - {"using":"xpath","value":"//button[@data-kt=\"addButton\"]"}
RESULT: {"using":"xpath","value":"//button[@data-kt=\"addButton\"]"}
COMMAND: POST /session/a952926708249603da5cc69792e3d2be/elements - {"using":"css selector","value":"#shell-header-logo"}
RESULT: {"using":"css selector","value":"#shell-header-logo"}
COMMAND: POST /session/a952926708249603da5cc69792e3d2be/elements - {"using":"xpath","value":"//button[@data-kt=\"addButton\"]"}
RESULT: {"using":"xpath","value":"//button[@data-kt=\"addButton\"]"}
COMMAND: POST /session/a952926708249603da5cc69792e3d2be/elements - {"using":"css selector","value":"#shell-header-logo"}
RESULT: {"using":"css selector","value":"#shell-header-logo"}
COMMAND: POST /session/a952926708249603da5cc69792e3d2be/elements - {"using":"xpath","value":"//button[@data-kt=\"addButton\"]"}
RESULT: {"using":"xpath","value":"//button[@data-kt=\"addButton\"]"}
COMMAND: POST /session/a952926708249603da5cc69792e3d2be/elements - {"using":"css selector","value":"#shell-header-logo"}
RESULT: {"using":"css selector","value":"#shell-header-logo"}
COMMAND: POST /session/a952926708249603da5cc69792e3d2be/elements - {"using":"xpath","value":"//button[@data-kt=\"addButton\"]"}
RESULT: {"using":"xpath","value":"//button[@data-kt=\"addButton\"]"}
COMMAND: POST /session/a952926708249603da5cc69792e3d2be/elements - {"using":"css selector","value":"#shell-header-logo"}
COMMAND: POST /session/a952926708249603da5cc69792e3d2be/elements - {"using":"xpath","value":"//button[@data-kt=\"addButton\"]"}
RESULT: {"using":"css selector","value":"#shell-header-logo"}
RESULT: {"using":"xpath","value":"//button[@data-kt=\"addButton\"]"}
COMMAND: POST /session/a952926708249603da5cc69792e3d2be/elements - {"using":"css selector","value":"#shell-header-logo"}
COMMAND: POST /session/a952926708249603da5cc69792e3d2be/elements - {"using":"xpath","value":"//button[@data-kt=\"addButton\"]"}
RESULT: {"using":"css selector","value":"#shell-header-logo"}
RESULT: {"using":"xpath","value":"//button[@data-kt=\"addButton\"]"}
COMMAND: POST /session/a952926708249603da5cc69792e3d2be/elements - {"using":"css selector","value":"#shell-header-logo"}
RESULT: {"using":"css selector","value":"#shell-header-logo"}
COMMAND: POST /session/a952926708249603da5cc69792e3d2be/elements - {"using":"xpath","value":"//button[@data-kt=\"addButton\"]"}
RESULT: {"using":"xpath","value":"//button[@data-kt=\"addButton\"]"}
COMMAND: POST /session/a952926708249603da5cc69792e3d2be/elements - {"using":"css selector","value":"#shell-header-logo"}
COMMAND: POST /session/a952926708249603da5cc69792e3d2be/elements - {"using":"xpath","value":"//button[@data-kt=\"addButton\"]"}
RESULT: {"using":"css selector","value":"#shell-header-logo"}
RESULT: {"using":"xpath","value":"//button[@data-kt=\"addButton\"]"}
COMMAND: POST /session/a952926708249603da5cc69792e3d2be/elements - {"using":"css selector","value":"#shell-header-logo"}
COMMAND: POST /session/a952926708249603da5cc69792e3d2be/elements - {"using":"xpath","value":"//button[@data-kt=\"addButton\"]"}
RESULT: {"using":"css selector","value":"#shell-header-logo"}
RESULT: {"using":"xpath","value":"//button[@data-kt=\"addButton\"]"}
COMMAND: POST /session/a952926708249603da5cc69792e3d2be/elements - {"using":"css selector","value":"#shell-header-logo"}
COMMAND: POST /session/a952926708249603da5cc69792e3d2be/elements - {"using":"xpath","value":"//button[@data-kt=\"addButton\"]"}
RESULT: {"using":"css selector","value":"#shell-header-logo"}
RESULT: {"using":"xpath","value":"//button[@data-kt=\"addButton\"]"}
COMMAND: POST /session/a952926708249603da5cc69792e3d2be/elements - {"using":"css selector","value":"#shell-header-logo"}
COMMAND: POST /session/a952926708249603da5cc69792e3d2be/elements - {"using":"xpath","value":"//button[@data-kt=\"addButton\"]"}
RESULT: {"using":"css selector","value":"#shell-header-logo"}
RESULT: {"using":"xpath","value":"//button[@data-kt=\"addButton\"]"}
COMMAND: POST /session/a952926708249603da5cc69792e3d2be/elements - {"using":"css selector","value":"#shell-header-logo"}
RESULT: {"using":"css selector","value":"#shell-header-logo"}
COMMAND: POST /session/a952926708249603da5cc69792e3d2be/elements - {"using":"xpath","value":"//button[@data-kt=\"addButton\"]"}
RESULT: {"using":"xpath","value":"//button[@data-kt=\"addButton\"]"}
COMMAND: POST /session/a952926708249603da5cc69792e3d2be/elements - {"using":"css selector","value":"#shell-header-logo"}
RESULT: {"using":"css selector","value":"#shell-header-logo"}
COMMAND: POST /session/a952926708249603da5cc69792e3d2be/elements - {"using":"xpath","value":"//button[@data-kt=\"addButton\"]"}
RESULT: {"using":"xpath","value":"//button[@data-kt=\"addButton\"]"}
COMMAND: POST /session/a952926708249603da5cc69792e3d2be/elements - {"using":"css selector","value":"#shell-header-logo"}
COMMAND: POST /session/a952926708249603da5cc69792e3d2be/elements - {"using":"xpath","value":"//button[@data-kt=\"addButton\"]"}
RESULT: {"using":"css selector","value":"#shell-header-logo"}
RESULT: {"using":"xpath","value":"//button[@data-kt=\"addButton\"]"}
COMMAND: POST /session/a952926708249603da5cc69792e3d2be/elements - {"using":"css selector","value":"#shell-header-logo"}
RESULT: {"using":"css selector","value":"#shell-header-logo"}
COMMAND: POST /session/a952926708249603da5cc69792e3d2be/elements - {"using":"xpath","value":"//button[@data-kt=\"addButton\"]"}
RESULT: {"using":"xpath","value":"//button[@data-kt=\"addButton\"]"}
COMMAND: POST /session/a952926708249603da5cc69792e3d2be/elements - {"using":"css selector","value":"#shell-header-logo"}
COMMAND: POST /session/a952926708249603da5cc69792e3d2be/elements - {"using":"xpath","value":"//button[@data-kt=\"addButton\"]"}
RESULT: {"using":"css selector","value":"#shell-header-logo"}
RESULT: {"using":"xpath","value":"//button[@data-kt=\"addButton\"]"}
COMMAND: POST /session/a952926708249603da5cc69792e3d2be/elements - {"using":"css selector","value":"#shell-header-logo"}
RESULT: {"using":"css selector","value":"#shell-header-logo"}
COMMAND: POST /session/a952926708249603da5cc69792e3d2be/elements - {"using":"xpath","value":"//button[@data-kt=\"addButton\"]"}
RESULT: {"using":"xpath","value":"//button[@data-kt=\"addButton\"]"}
COMMAND: POST /session/a952926708249603da5cc69792e3d2be/elements - {"using":"css selector","value":"#shell-header-logo"}
COMMAND: POST /session/a952926708249603da5cc69792e3d2be/elements - {"using":"xpath","value":"//button[@data-kt=\"addButton\"]"}
RESULT: {"using":"css selector","value":"#shell-header-logo"}
RESULT: {"using":"xpath","value":"//button[@data-kt=\"addButton\"]"}
COMMAND: POST /session/a952926708249603da5cc69792e3d2be/elements - {"using":"css selector","value":"#shell-header-logo"}
RESULT: {"using":"css selector","value":"#shell-header-logo"}
COMMAND: POST /session/a952926708249603da5cc69792e3d2be/elements - {"using":"xpath","value":"//button[@data-kt=\"addButton\"]"}
RESULT: {"using":"xpath","value":"//button[@data-kt=\"addButton\"]"}
COMMAND: POST /session/a952926708249603da5cc69792e3d2be/elements - {"using":"css selector","value":"#shell-header-logo"}
RESULT: {"using":"css selector","value":"#shell-header-logo"}
COMMAND: POST /session/a952926708249603da5cc69792e3d2be/elements - {"using":"xpath","value":"//button[@data-kt=\"addButton\"]"}
RESULT: {"using":"xpath","value":"//button[@data-kt=\"addButton\"]"}
COMMAND: POST /session/a952926708249603da5cc69792e3d2be/elements - {"using":"css selector","value":"#shell-header-logo"}
COMMAND: POST /session/a952926708249603da5cc69792e3d2be/elements - {"using":"xpath","value":"//button[@data-kt=\"addButton\"]"}
RESULT: {"using":"css selector","value":"#shell-header-logo"}
RESULT: {"using":"xpath","value":"//button[@data-kt=\"addButton\"]"}
COMMAND: POST /session/a952926708249603da5cc69792e3d2be/elements - {"using":"css selector","value":"#shell-header-logo"}
RESULT: {"using":"css selector","value":"#shell-header-logo"}
COMMAND: POST /session/a952926708249603da5cc69792e3d2be/elements - {"using":"xpath","value":"//button[@data-kt=\"addButton\"]"}
RESULT: {"using":"xpath","value":"//button[@data-kt=\"addButton\"]"}
COMMAND: POST /session/a952926708249603da5cc69792e3d2be/elements - {"using":"css selector","value":"#shell-header-logo"}
RESULT: {"using":"css selector","value":"#shell-header-logo"}
COMMAND: POST /session/a952926708249603da5cc69792e3d2be/elements - {"using":"xpath","value":"//button[@data-kt=\"addButton\"]"}
RESULT: {"using":"xpath","value":"//button[@data-kt=\"addButton\"]"}
COMMAND: POST /session/a952926708249603da5cc69792e3d2be/elements - {"using":"css selector","value":"#shell-header-logo"}
RESULT: {"using":"css selector","value":"#shell-header-logo"}
COMMAND: POST /session/a952926708249603da5cc69792e3d2be/elements - {"using":"xpath","value":"//button[@data-kt=\"addButton\"]"}
RESULT: {"using":"xpath","value":"//button[@data-kt=\"addButton\"]"}
COMMAND: POST /session/a952926708249603da5cc69792e3d2be/elements - {"using":"css selector","value":"#shell-header-logo"}
RESULT: {"using":"css selector","value":"#shell-header-logo"}
COMMAND: POST /session/a952926708249603da5cc69792e3d2be/elements - {"using":"xpath","value":"//button[@data-kt=\"addButton\"]"}
RESULT: {"using":"xpath","value":"//button[@data-kt=\"addButton\"]"}
COMMAND: POST /session/a952926708249603da5cc69792e3d2be/elements - {"using":"css selector","value":"#shell-header-logo"}
RESULT: {"using":"css selector","value":"#shell-header-logo"}
COMMAND: POST /session/a952926708249603da5cc69792e3d2be/elements - {"using":"xpath","value":"//button[@data-kt=\"addButton\"]"}
RESULT: {"using":"xpath","value":"//button[@data-kt=\"addButton\"]"}
COMMAND: POST /session/a952926708249603da5cc69792e3d2be/elements - {"using":"css selector","value":"#shell-header-logo"}
RESULT: {"using":"css selector","value":"#shell-header-logo"}
COMMAND: POST /session/a952926708249603da5cc69792e3d2be/elements - {"using":"xpath","value":"//button[@data-kt=\"addButton\"]"}
RESULT: {"using":"xpath","value":"//button[@data-kt=\"addButton\"]"}
COMMAND: POST /session/a952926708249603da5cc69792e3d2be/elements - {"using":"css selector","value":"#shell-header-logo"}
COMMAND: POST /session/a952926708249603da5cc69792e3d2be/elements - {"using":"xpath","value":"//button[@data-kt=\"addButton\"]"}
RESULT: {"using":"css selector","value":"#shell-header-logo"}
RESULT: {"using":"xpath","value":"//button[@data-kt=\"addButton\"]"}
COMMAND: POST /session/a952926708249603da5cc69792e3d2be/elements - {"using":"css selector","value":"#shell-header-logo"}
COMMAND: POST /session/a952926708249603da5cc69792e3d2be/elements - {"using":"xpath","value":"//button[@data-kt=\"addButton\"]"}
RESULT: {"using":"css selector","value":"#shell-header-logo"}
RESULT: {"using":"xpath","value":"//button[@data-kt=\"addButton\"]"}
COMMAND: POST /session/a952926708249603da5cc69792e3d2be/elements - {"using":"css selector","value":"#shell-header-logo"}
COMMAND: POST /session/a952926708249603da5cc69792e3d2be/elements - {"using":"xpath","value":"//button[@data-kt=\"addButton\"]"}
RESULT: {"using":"css selector","value":"#shell-header-logo"}
RESULT: {"using":"xpath","value":"//button[@data-kt=\"addButton\"]"}
COMMAND: POST /session/a952926708249603da5cc69792e3d2be/elements - {"using":"css selector","value":"#shell-header-logo"}
COMMAND: POST /session/a952926708249603da5cc69792e3d2be/elements - {"using":"xpath","value":"//button[@data-kt=\"addButton\"]"}
RESULT: {"using":"css selector","value":"#shell-header-logo"}
RESULT: {"using":"xpath","value":"//button[@data-kt=\"addButton\"]"}
COMMAND: POST /session/a952926708249603da5cc69792e3d2be/elements - {"using":"css selector","value":"#shell-header-logo"}
RESULT: {"using":"css selector","value":"#shell-header-logo"}
COMMAND: POST /session/a952926708249603da5cc69792e3d2be/elements - {"using":"xpath","value":"//button[@data-kt=\"addButton\"]"}
RESULT: {"using":"xpath","value":"//button[@data-kt=\"addButton\"]"}
COMMAND: POST /session/a952926708249603da5cc69792e3d2be/elements - {"using":"css selector","value":"#shell-header-logo"}
RESULT: {"using":"css selector","value":"#shell-header-logo"}
COMMAND: POST /session/a952926708249603da5cc69792e3d2be/elements - {"using":"xpath","value":"//button[@data-kt=\"addButton\"]"}
RESULT: {"using":"xpath","value":"//button[@data-kt=\"addButton\"]"}
COMMAND: POST /session/a952926708249603da5cc69792e3d2be/elements - {"using":"css selector","value":"#shell-header-logo"}
RESULT: {"using":"css selector","value":"#shell-header-logo"}
COMMAND: POST /session/a952926708249603da5cc69792e3d2be/elements - {"using":"xpath","value":"//button[@data-kt=\"addButton\"]"}
RESULT: {"using":"xpath","value":"//button[@data-kt=\"addButton\"]"}
COMMAND: POST /session/a952926708249603da5cc69792e3d2be/elements - {"using":"css selector","value":"#shell-header-logo"}
COMMAND: POST /session/a952926708249603da5cc69792e3d2be/elements - {"using":"xpath","value":"//button[@data-kt=\"addButton\"]"}
RESULT: {"using":"css selector","value":"#shell-header-logo"}
RESULT: {"using":"xpath","value":"//button[@data-kt=\"addButton\"]"}
COMMAND: POST /session/a952926708249603da5cc69792e3d2be/elements - {"using":"css selector","value":"#shell-header-logo"}
RESULT: {"using":"css selector","value":"#shell-header-logo"}
COMMAND: POST /session/a952926708249603da5cc69792e3d2be/elements - {"using":"xpath","value":"//button[@data-kt=\"addButton\"]"}
RESULT: {"using":"xpath","value":"//button[@data-kt=\"addButton\"]"}
COMMAND: POST /session/a952926708249603da5cc69792e3d2be/elements - {"using":"css selector","value":"#shell-header-logo"}
RESULT: {"using":"css selector","value":"#shell-header-logo"}
COMMAND: POST /session/a952926708249603da5cc69792e3d2be/elements - {"using":"xpath","value":"//button[@data-kt=\"addButton\"]"}
RESULT: {"using":"xpath","value":"//button[@data-kt=\"addButton\"]"}
COMMAND: POST /session/a952926708249603da5cc69792e3d2be/elements - {"using":"css selector","value":"#shell-header-logo"}
RESULT: {"using":"css selector","value":"#shell-header-logo"}
COMMAND: POST /session/a952926708249603da5cc69792e3d2be/elements - {"using":"xpath","value":"//button[@data-kt=\"addButton\"]"}
RESULT: {"using":"xpath","value":"//button[@data-kt=\"addButton\"]"}
COMMAND: POST /session/a952926708249603da5cc69792e3d2be/elements - {"using":"css selector","value":"#shell-header-logo"}
RESULT: {"using":"css selector","value":"#shell-header-logo"}
COMMAND: POST /session/a952926708249603da5cc69792e3d2be/elements - {"using":"xpath","value":"//button[@data-kt=\"addButton\"]"}
RESULT: {"using":"xpath","value":"//button[@data-kt=\"addButton\"]"}
COMMAND: POST /session/a952926708249603da5cc69792e3d2be/elements - {"using":"css selector","value":"#shell-header-logo"}
RESULT: {"using":"css selector","value":"#shell-header-logo"}
COMMAND: POST /session/a952926708249603da5cc69792e3d2be/elements - {"using":"xpath","value":"//button[@data-kt=\"addButton\"]"}
RESULT: {"using":"xpath","value":"//button[@data-kt=\"addButton\"]"}
COMMAND: POST /session/a952926708249603da5cc69792e3d2be/elements - {"using":"css selector","value":"#shell-header-logo"}
RESULT: {"using":"css selector","value":"#shell-header-logo"}
COMMAND: POST /session/a952926708249603da5cc69792e3d2be/elements - {"using":"xpath","value":"//button[@data-kt=\"addButton\"]"}
RESULT: {"using":"xpath","value":"//button[@data-kt=\"addButton\"]"}
COMMAND: POST /session/a952926708249603da5cc69792e3d2be/elements - {"using":"css selector","value":"#shell-header-logo"}
RESULT: {"using":"css selector","value":"#shell-header-logo"}
COMMAND: POST /session/a952926708249603da5cc69792e3d2be/elements - {"using":"xpath","value":"//button[@data-kt=\"addButton\"]"}
RESULT: {"using":"xpath","value":"//button[@data-kt=\"addButton\"]"}
COMMAND: POST /session/a952926708249603da5cc69792e3d2be/elements - {"using":"css selector","value":"#shell-header-logo"}
RESULT: {"using":"css selector","value":"#shell-header-logo"}
COMMAND: POST /session/a952926708249603da5cc69792e3d2be/elements - {"using":"xpath","value":"//button[@data-kt=\"addButton\"]"}
RESULT: {"using":"xpath","value":"//button[@data-kt=\"addButton\"]"}
COMMAND: POST /session/a952926708249603da5cc69792e3d2be/elements - {"using":"css selector","value":"#shell-header-logo"}
COMMAND: POST /session/a952926708249603da5cc69792e3d2be/elements - {"using":"xpath","value":"//button[@data-kt=\"addButton\"]"}
RESULT: {"using":"css selector","value":"#shell-header-logo"}
RESULT: {"using":"xpath","value":"//button[@data-kt=\"addButton\"]"}
COMMAND: POST /session/a952926708249603da5cc69792e3d2be/elements - {"using":"css selector","value":"#shell-header-logo"}
RESULT: {"using":"css selector","value":"#shell-header-logo"}
COMMAND: GET /session/a952926708249603da5cc69792e3d2be/screenshot - {}
RESULT: {}
]]></system-out>
      <system-err><![CDATA[
Error: element ("//button[@data-kt="addButton"]") still not existing after 45000ms
    at async Context.<anonymous> (D:\a\1\s\test\specs\BTS\manage-partners.spec.js:743:9)
]]></system-err>
    </testcase>
  </testsuite>
  <testsuite timestamp="2025-05-10T18:09:17" time="273.318" tests="4" failures="4" errors="4" skipped="0">
    <properties>
      <property name="specId" value="0" />
      <property name="suiteName" value="Create partner US118246" />
      <property name="capabilities" value="chrome.136_0_7103_49.windows" />
      <property name="file" value="file:///D:/a/1/s/test/specs/BTS/create-partner.spec.js" />
    </properties>
  </testsuite>
</testsuites>