<?xml version="1.0" encoding="UTF-8"?>
<testsuites tests="23" failures="0" errors="0" skipped="0">
  <testsuite timestamp="2025-06-02T17:51:50" time="1165.396" tests="6" failures="0" errors="0" skipped="0">
    <properties>
      <property name="specId" value="0" />
      <property name="suiteName" value="Standard contract - add contract items by Insert Request US118222" />
      <property name="capabilities" value="chrome.136_0_7103_93.windows" />
      <property name="file" value="file:///D:/a/1/s/test/specs/R2C/standard-contract-add-contract-items-by-insert-request.spec.js" />
    </properties>
    <testcase classname="chrome.136_0_7103_93.windows.Standard_contract_-_add_contract_items_by_Insert_Request_US118222" name="Should create prerequisites yard partner site material and equipment" time="322.733">
      <system-out><![CDATA[
COMMAND: POST /session/da7f42de234ee122e0f4ded60e4b8c07/execute/async - {"script":"<script> [1562 bytes]","args":[{"selector":{"controlType":"sap.m.GenericTile","properties":{"header":"Manage Yards"}},"wdio_ui5_key":"sapm.GenericTile{\"header\":\"Manage Yards\"}"}]}
RESULT: {"script":"<script> [1562 bytes]","args":[{"selector":{"controlType":"sap.m.GenericTile","properties":{"header":"Manage Yards"}},"wdio_ui5_key":"sapm.GenericTile{\"header\":\"Manage Yards\"}"}]}
RESULT: undefined
COMMAND: POST /session/da7f42de234ee122e0f4ded60e4b8c07/element - {"using":"xpath","value":"//*[@id=\"__tile41\"]"}
RESULT: {"using":"xpath","value":"//*[@id=\"__tile41\"]"}
COMMAND: POST /session/da7f42de234ee122e0f4ded60e4b8c07/element/f.69C6A966BE3F374529091A689B6300C0.d.5F044D086CDA73E9D52C5B121246CAD7.e.111/click - {}
RESULT: {}
COMMAND: GET /session/da7f42de234ee122e0f4ded60e4b8c07/screenshot - {}
RESULT: {}
COMMAND: POST /session/da7f42de234ee122e0f4ded60e4b8c07/elements - {"using":"xpath","value":"//span[text()='Error']"}
RESULT: {"using":"xpath","value":"//span[text()='Error']"}
COMMAND: POST /session/da7f42de234ee122e0f4ded60e4b8c07/execute/async - {"script":"<script> [1562 bytes]","args":[{"selector":{"controlType":"sap.ui.core.Icon","viewName":"etm.portal.ui.manageyards.view.Master","viewId":"application-manageyards-display-component---masterYard","properties":{"src":{"regex":{"source":"add"}}}},"wdio_ui5_key":"etmportal.ui.manageyards.view.Mastersap.ui.core.Icon{\"src\":{\"regex\":{\"source\":\"add\"}}}"}]}
RESULT: {"script":"<script> [1562 bytes]","args":[{"selector":{"controlType":"sap.ui.core.Icon","viewName":"etm.portal.ui.manageyards.view.Master","viewId":"application-manageyards-display-component---masterYard","properties":{"src":{"regex":{"source":"add"}}}},"wdio_ui5_key":"etmportal.ui.manageyards.view.Mastersap.ui.core.Icon{\"src\":{\"regex\":{\"source\":\"add\"}}}"}]}
RESULT: undefined
COMMAND: POST /session/da7f42de234ee122e0f4ded60e4b8c07/element - {"using":"xpath","value":"//*[@id=\"__button4-img\"]"}
RESULT: {"using":"xpath","value":"//*[@id=\"__button4-img\"]"}
COMMAND: POST /session/da7f42de234ee122e0f4ded60e4b8c07/element/f.69C6A966BE3F374529091A689B6300C0.d.5F044D086CDA73E9D52C5B121246CAD7.e.158/click - {}
RESULT: {}
COMMAND: GET /session/da7f42de234ee122e0f4ded60e4b8c07/screenshot - {}
RESULT: {}
COMMAND: POST /session/da7f42de234ee122e0f4ded60e4b8c07/execute/async - {"script":"<script> [1562 bytes]","args":[{"selector":{"id":"application-manageyards-display-component---NewYard--yardId","interaction":{"idSuffix":"inner"}},"wdio_ui5_key":"applicationmanageyards-display-component---NewYard--yardId"}]}
RESULT: {"script":"<script> [1562 bytes]","args":[{"selector":{"id":"application-manageyards-display-component---NewYard--yardId","interaction":{"idSuffix":"inner"}},"wdio_ui5_key":"applicationmanageyards-display-component---NewYard--yardId"}]}
RESULT: undefined
COMMAND: POST /session/da7f42de234ee122e0f4ded60e4b8c07/element - {"using":"xpath","value":"//*[@id=\"application-manageyards-display-component---NewYard--addressDetailDetailsName1-inner\"]"}
RESULT: {"using":"xpath","value":"//*[@id=\"application-manageyards-display-component---NewYard--addressDetailDetailsName1-inner\"]"}
COMMAND: POST /session/da7f42de234ee122e0f4ded60e4b8c07/element/f.69C6A966BE3F374529091A689B6300C0.d.5F044D086CDA73E9D52C5B121246CAD7.e.373/clear - {}
RESULT: {}
COMMAND: POST /session/da7f42de234ee122e0f4ded60e4b8c07/element/f.69C6A966BE3F374529091A689B6300C0.d.5F044D086CDA73E9D52C5B121246CAD7.e.373/value - {"text":"WebdriverYardcgyme"}
COMMAND: GET /session/da7f42de234ee122e0f4ded60e4b8c07/screenshot - {}
RESULT: {"text":"WebdriverYardcgyme"}
COMMAND: POST /session/da7f42de234ee122e0f4ded60e4b8c07/element - {"using":"xpath","value":"//*[@id=\"application-manageyards-display-component---NewYard--addressDetailDetailsLanguage-inner\"]"}
COMMAND: GET /session/da7f42de234ee122e0f4ded60e4b8c07/screenshot - {}
RESULT: {}
RESULT: {"using":"xpath","value":"//*[@id=\"application-manageyards-display-component---NewYard--addressDetailDetailsLanguage-inner\"]"}
COMMAND: POST /session/da7f42de234ee122e0f4ded60e4b8c07/element/f.69C6A966BE3F374529091A689B6300C0.d.5F044D086CDA73E9D52C5B121246CAD7.e.374/clear - {}
RESULT: {}
RESULT: {}
COMMAND: POST /session/da7f42de234ee122e0f4ded60e4b8c07/element/f.69C6A966BE3F374529091A689B6300C0.d.5F044D086CDA73E9D52C5B121246CAD7.e.374/value - {"text":"Romanian"}
COMMAND: GET /session/da7f42de234ee122e0f4ded60e4b8c07/screenshot - {}
RESULT: {"text":"Romanian"}
COMMAND: POST /session/da7f42de234ee122e0f4ded60e4b8c07/element - {"using":"xpath","value":"//input[contains(@id ,\"application-manageyards-display-component---NewYard--addressDetailDetailsName1-inner\")]"}
COMMAND: GET /session/da7f42de234ee122e0f4ded60e4b8c07/screenshot - {}
RESULT: {}
RESULT: {"using":"xpath","value":"//input[contains(@id ,\"application-manageyards-display-component---NewYard--addressDetailDetailsName1-inner\")]"}
COMMAND: GET /session/da7f42de234ee122e0f4ded60e4b8c07/element/f.69C6A966BE3F374529091A689B6300C0.d.5F044D086CDA73E9D52C5B121246CAD7.e.373/property/value - {}
RESULT: {}
RESULT: {}
COMMAND: GET /session/da7f42de234ee122e0f4ded60e4b8c07/screenshot - {}
RESULT: {}
COMMAND: POST /session/da7f42de234ee122e0f4ded60e4b8c07/element - {"using":"xpath","value":"//*[@id=\"application-manageyards-display-component---NewYard--addressDetailDetailsCity1-inner\"]"}
RESULT: {"using":"xpath","value":"//*[@id=\"application-manageyards-display-component---NewYard--addressDetailDetailsCity1-inner\"]"}
COMMAND: POST /session/da7f42de234ee122e0f4ded60e4b8c07/element/f.69C6A966BE3F374529091A689B6300C0.d.5F044D086CDA73E9D52C5B121246CAD7.e.376/clear - {}
RESULT: {}
COMMAND: POST /session/da7f42de234ee122e0f4ded60e4b8c07/element/f.69C6A966BE3F374529091A689B6300C0.d.5F044D086CDA73E9D52C5B121246CAD7.e.376/value - {"text":"Bucuresti"}
COMMAND: GET /session/da7f42de234ee122e0f4ded60e4b8c07/screenshot - {}
RESULT: {"text":"Bucuresti"}
COMMAND: GET /session/da7f42de234ee122e0f4ded60e4b8c07/screenshot - {}
RESULT: {}
RESULT: {}
COMMAND: POST /session/da7f42de234ee122e0f4ded60e4b8c07/element - {"using":"xpath","value":"//*[@id=\"application-manageyards-display-component---NewYard--addressDetailDetailsCountry-inner\"]"}
RESULT: {"using":"xpath","value":"//*[@id=\"application-manageyards-display-component---NewYard--addressDetailDetailsCountry-inner\"]"}
COMMAND: POST /session/da7f42de234ee122e0f4ded60e4b8c07/element/f.69C6A966BE3F374529091A689B6300C0.d.5F044D086CDA73E9D52C5B121246CAD7.e.380/clear - {}
RESULT: {}
COMMAND: POST /session/da7f42de234ee122e0f4ded60e4b8c07/element/f.69C6A966BE3F374529091A689B6300C0.d.5F044D086CDA73E9D52C5B121246CAD7.e.380/value - {"text":"Romania"}
COMMAND: GET /session/da7f42de234ee122e0f4ded60e4b8c07/screenshot - {}
RESULT: {"text":"Romania"}
COMMAND: GET /session/da7f42de234ee122e0f4ded60e4b8c07/screenshot - {}
RESULT: {}
RESULT: {}
COMMAND: POST /session/da7f42de234ee122e0f4ded60e4b8c07/element - {"using":"xpath","value":"//div[contains(text(), \"Commercial\")]"}
RESULT: {"using":"xpath","value":"//div[contains(text(), \"Commercial\")]"}
COMMAND: GET /session/da7f42de234ee122e0f4ded60e4b8c07/element/f.69C6A966BE3F374529091A689B6300C0.d.5F044D086CDA73E9D52C5B121246CAD7.e.574/rect - {}
RESULT: {}
COMMAND: GET /session/da7f42de234ee122e0f4ded60e4b8c07/window/rect - {}
RESULT: {}
COMMAND: POST /session/da7f42de234ee122e0f4ded60e4b8c07/execute/sync - {"script":"<script> [92 bytes]","args":[]}
RESULT: {"script":"<script> [92 bytes]","args":[]}
COMMAND: POST /session/da7f42de234ee122e0f4ded60e4b8c07/actions - {"actions":[{"id":"action1","type":"wheel","parameters":{},"actions":[{"type":"scroll","x":-1841,"y":-44,"deltaX":0,"deltaY":0,"duration":0,"origin":{"element-6066-11e4-a52e-4f735466cecf":"f.69C6A966BE3F374529091A689B6300C0.d.5F044D086CDA73E9D52C5B121246CAD7.e.574"}}]}]}
COMMAND: GET /session/da7f42de234ee122e0f4ded60e4b8c07/screenshot - {}
RESULT: {}
COMMAND: POST /session/da7f42de234ee122e0f4ded60e4b8c07/execute/sync - {"script":"<script> [79 bytes]","args":[{"element-6066-11e4-a52e-4f735466cecf":"f.69C6A966BE3F374529091A689B6300C0.d.5F044D086CDA73E9D52C5B121246CAD7.e.574","ELEMENT":"f.69C6A966BE3F374529091A689B6300C0.d.5F044D086CDA73E9D52C5B121246CAD7.e.574"},{"block":"start","inline":"nearest"}]}
RESULT: {"script":"<script> [79 bytes]","args":[{"element-6066-11e4-a52e-4f735466cecf":"f.69C6A966BE3F374529091A689B6300C0.d.5F044D086CDA73E9D52C5B121246CAD7.e.574","ELEMENT":"f.69C6A966BE3F374529091A689B6300C0.d.5F044D086CDA73E9D52C5B121246CAD7.e.574"},{"block":"start","inline":"nearest"}]}
COMMAND: GET /session/da7f42de234ee122e0f4ded60e4b8c07/screenshot - {}
RESULT: {}
COMMAND: POST /session/da7f42de234ee122e0f4ded60e4b8c07/execute/async - {"script":"<script> [1562 bytes]","args":[{"selector":{"id":"application-manageyards-display-component---NewYard--addressEditDetailsCostObjectCstType-arrow"},"wdio_ui5_key":"applicationmanageyards-display-component---NewYard--addressEditDetailsCostObjectCstType-arrow"}]}
RESULT: {"script":"<script> [1562 bytes]","args":[{"selector":{"id":"application-manageyards-display-component---NewYard--addressEditDetailsCostObjectCstType-arrow"},"wdio_ui5_key":"applicationmanageyards-display-component---NewYard--addressEditDetailsCostObjectCstType-arrow"}]}
RESULT: undefined
COMMAND: POST /session/da7f42de234ee122e0f4ded60e4b8c07/element - {"using":"xpath","value":"//*[@id=\"application-manageyards-display-component---NewYard--addressEditDetailsCostObjectCstType-arrow\"]"}
RESULT: {"using":"xpath","value":"//*[@id=\"application-manageyards-display-component---NewYard--addressEditDetailsCostObjectCstType-arrow\"]"}
COMMAND: POST /session/da7f42de234ee122e0f4ded60e4b8c07/element/f.69C6A966BE3F374529091A689B6300C0.d.5F044D086CDA73E9D52C5B121246CAD7.e.582/click - {}
RESULT: {}
COMMAND: POST /session/da7f42de234ee122e0f4ded60e4b8c07/element - {"using":"xpath","value":"//span[contains(text(), \"Cost Center\")]"}
COMMAND: GET /session/da7f42de234ee122e0f4ded60e4b8c07/screenshot - {}
RESULT: {"using":"xpath","value":"//span[contains(text(), \"Cost Center\")]"}
COMMAND: POST /session/da7f42de234ee122e0f4ded60e4b8c07/element/f.69C6A966BE3F374529091A689B6300C0.d.5F044D086CDA73E9D52C5B121246CAD7.e.583/click - {}
RESULT: {}
RESULT: {}
COMMAND: GET /session/da7f42de234ee122e0f4ded60e4b8c07/screenshot - {}
RESULT: {}
COMMAND: POST /session/da7f42de234ee122e0f4ded60e4b8c07/execute/async - {"script":"<script> [1562 bytes]","args":[{"selector":{"id":"application-manageyards-display-component---NewYard--addressNewCostObjectCstID-vhi"},"wdio_ui5_key":"applicationmanageyards-display-component---NewYard--addressNewCostObjectCstID-vhi"}]}
RESULT: {"script":"<script> [1562 bytes]","args":[{"selector":{"id":"application-manageyards-display-component---NewYard--addressNewCostObjectCstID-vhi"},"wdio_ui5_key":"applicationmanageyards-display-component---NewYard--addressNewCostObjectCstID-vhi"}]}
RESULT: undefined
COMMAND: POST /session/da7f42de234ee122e0f4ded60e4b8c07/element - {"using":"xpath","value":"//*[@id=\"application-manageyards-display-component---NewYard--addressNewCostObjectCstID-vhi\"]"}
RESULT: {"using":"xpath","value":"//*[@id=\"application-manageyards-display-component---NewYard--addressNewCostObjectCstID-vhi\"]"}
COMMAND: POST /session/da7f42de234ee122e0f4ded60e4b8c07/element/f.69C6A966BE3F374529091A689B6300C0.d.5F044D086CDA73E9D52C5B121246CAD7.e.587/click - {}
RESULT: {}
COMMAND: GET /session/da7f42de234ee122e0f4ded60e4b8c07/screenshot - {}
RESULT: {}
COMMAND: POST /session/da7f42de234ee122e0f4ded60e4b8c07/execute/async - {"script":"<script> [1562 bytes]","args":[{"selector":{"controlType":"sap.m.SearchField","properties":{"placeholder":"Search"},"searchOpenDialogs":true,"interaction":{"idSuffix":"I"}},"wdio_ui5_key":"sapm.SearchField{\"placeholder\":\"Search\"}"}]}
RESULT: {"script":"<script> [1562 bytes]","args":[{"selector":{"controlType":"sap.m.SearchField","properties":{"placeholder":"Search"},"searchOpenDialogs":true,"interaction":{"idSuffix":"I"}},"wdio_ui5_key":"sapm.SearchField{\"placeholder\":\"Search\"}"}]}
RESULT: undefined
COMMAND: POST /session/da7f42de234ee122e0f4ded60e4b8c07/execute/async - {"script":"<script> [776 bytes]","args":[{"enterText":"10001013","selector":{"controlType":"sap.m.SearchField","properties":{"placeholder":"Search"},"searchOpenDialogs":true,"interaction":{"idSuffix":"I"}},"clearTextFirst":true,"interactionType":"ENTER_TEXT"}]}
RESULT: {"script":"<script> [776 bytes]","args":[{"enterText":"10001013","selector":{"controlType":"sap.m.SearchField","properties":{"placeholder":"Search"},"searchOpenDialogs":true,"interaction":{"idSuffix":"I"}},"clearTextFirst":true,"interactionType":"ENTER_TEXT"}]}
COMMAND: POST /session/da7f42de234ee122e0f4ded60e4b8c07/actions - {"actions":[{"id":"action2","type":"key","parameters":{},"actions":[{"type":"keyDown","value":"î€‡"},{"type":"pause","duration":10},{"type":"keyUp","value":"î€‡"}]}]}
RESULT: {"actions":[{"id":"action2","type":"key","parameters":{},"actions":[{"type":"keyDown","value":"î€‡"},{"type":"pause","duration":10},{"type":"keyUp","value":"î€‡"}]}]}
COMMAND: GET /session/da7f42de234ee122e0f4ded60e4b8c07/screenshot - {}
RESULT: {}
COMMAND: POST /session/da7f42de234ee122e0f4ded60e4b8c07/element - {"using":"xpath","value":"//span[contains(text(), \"General Management\")]"}
RESULT: {"using":"xpath","value":"//span[contains(text(), \"General Management\")]"}
COMMAND: POST /session/da7f42de234ee122e0f4ded60e4b8c07/element/f.69C6A966BE3F374529091A689B6300C0.d.5F044D086CDA73E9D52C5B121246CAD7.e.628/click - {}
RESULT: {}
COMMAND: GET /session/da7f42de234ee122e0f4ded60e4b8c07/screenshot - {}
RESULT: {}
COMMAND: POST /session/da7f42de234ee122e0f4ded60e4b8c07/element - {"using":"xpath","value":"//bdi[contains(text(), \"OK\")]"}
RESULT: {"using":"xpath","value":"//bdi[contains(text(), \"OK\")]"}
COMMAND: POST /session/da7f42de234ee122e0f4ded60e4b8c07/element/f.69C6A966BE3F374529091A689B6300C0.d.5F044D086CDA73E9D52C5B121246CAD7.e.629/click - {}
RESULT: {}
COMMAND: GET /session/da7f42de234ee122e0f4ded60e4b8c07/screenshot - {}
RESULT: {}
COMMAND: POST /session/da7f42de234ee122e0f4ded60e4b8c07/execute/async - {"script":"<script> [1562 bytes]","args":[{"selector":{"controlType":"sap.m.Button","viewName":"etm.portal.ui.manageyards.view.New","viewId":"application-manageyards-display-component---NewYard","i18NText":{"propertyName":"text","key":"save"},"interaction":{"idSuffix":"inner"}},"wdio_ui5_key":"etmportal.ui.manageyards.view.Newsap.m.Button{\"propertyName\":\"text\",\"key\":\"save\"}"}]}
RESULT: {"script":"<script> [1562 bytes]","args":[{"selector":{"controlType":"sap.m.Button","viewName":"etm.portal.ui.manageyards.view.New","viewId":"application-manageyards-display-component---NewYard","i18NText":{"propertyName":"text","key":"save"},"interaction":{"idSuffix":"inner"}},"wdio_ui5_key":"etmportal.ui.manageyards.view.Newsap.m.Button{\"propertyName\":\"text\",\"key\":\"save\"}"}]}
RESULT: undefined
COMMAND: POST /session/da7f42de234ee122e0f4ded60e4b8c07/element - {"using":"xpath","value":"//*[@id=\"__button18\"]"}
RESULT: {"using":"xpath","value":"//*[@id=\"__button18\"]"}
COMMAND: POST /session/da7f42de234ee122e0f4ded60e4b8c07/element/f.69C6A966BE3F374529091A689B6300C0.d.5F044D086CDA73E9D52C5B121246CAD7.e.552/click - {}
RESULT: {}
COMMAND: GET /session/da7f42de234ee122e0f4ded60e4b8c07/screenshot - {}
RESULT: {}
COMMAND: POST /session/da7f42de234ee122e0f4ded60e4b8c07/element - {"using":"xpath","value":"//header/div/div[2]/div[2]/span"}
RESULT: {"using":"xpath","value":"//header/div/div[2]/div[2]/span"}
COMMAND: GET /session/da7f42de234ee122e0f4ded60e4b8c07/element/f.69C6A966BE3F374529091A689B6300C0.d.5F044D086CDA73E9D52C5B121246CAD7.e.824/text - {}
RESULT: {}
COMMAND: POST /session/da7f42de234ee122e0f4ded60e4b8c07/execute/async - {"script":"<script> [1562 bytes]","args":[{"selector":{"controlType":"sap.m.OverflowToolbarButton","viewName":"etm.portal.ui.manageyards.view.Detail","viewId":"application-manageyards-display-component---detailYard","i18NText":{"propertyName":"tooltip","key":"closeColumn"},"interaction":{"idSuffix":"inner"}},"wdio_ui5_key":"etmportal.ui.manageyards.view.Detailsap.m.OverflowToolbarButton{\"propertyName\":\"tooltip\",\"key\":\"closeColumn\"}"}]}
RESULT: {"script":"<script> [1562 bytes]","args":[{"selector":{"controlType":"sap.m.OverflowToolbarButton","viewName":"etm.portal.ui.manageyards.view.Detail","viewId":"application-manageyards-display-component---detailYard","i18NText":{"propertyName":"tooltip","key":"closeColumn"},"interaction":{"idSuffix":"inner"}},"wdio_ui5_key":"etmportal.ui.manageyards.view.Detailsap.m.OverflowToolbarButton{\"propertyName\":\"tooltip\",\"key\":\"closeColumn\"}"}]}
RESULT: undefined
COMMAND: POST /session/da7f42de234ee122e0f4ded60e4b8c07/element - {"using":"xpath","value":"//*[@id=\"__button42\"]"}
RESULT: {"using":"xpath","value":"//*[@id=\"__button42\"]"}
COMMAND: POST /session/da7f42de234ee122e0f4ded60e4b8c07/element/f.69C6A966BE3F374529091A689B6300C0.d.5F044D086CDA73E9D52C5B121246CAD7.e.826/click - {}
RESULT: {}
COMMAND: GET /session/da7f42de234ee122e0f4ded60e4b8c07/screenshot - {}
RESULT: {}
COMMAND: POST /session/da7f42de234ee122e0f4ded60e4b8c07/element - {"using":"css selector","value":"#shell-header-logo"}
RESULT: {"using":"css selector","value":"#shell-header-logo"}
COMMAND: POST /session/da7f42de234ee122e0f4ded60e4b8c07/element/f.69C6A966BE3F374529091A689B6300C0.d.5F044D086CDA73E9D52C5B121246CAD7.e.114/click - {}
RESULT: {}
COMMAND: GET /session/da7f42de234ee122e0f4ded60e4b8c07/screenshot - {}
RESULT: {}
COMMAND: POST /session/da7f42de234ee122e0f4ded60e4b8c07/refresh - {}
RESULT: {}
COMMAND: GET /session/da7f42de234ee122e0f4ded60e4b8c07/screenshot - {}
RESULT: {}
COMMAND: POST /session/da7f42de234ee122e0f4ded60e4b8c07/execute/async - {"script":"<script> [189 bytes]","args":[]}
RESULT: {"script":"<script> [189 bytes]","args":[]}
COMMAND: POST /session/da7f42de234ee122e0f4ded60e4b8c07/execute/async - {"script":"<script> [123 bytes]","args":[]}
RESULT: {"script":"<script> [123 bytes]","args":[]}
COMMAND: POST /session/da7f42de234ee122e0f4ded60e4b8c07/timeouts - {"script":"<number>"}
RESULT: {"script":"<number>"}
COMMAND: GET /session/da7f42de234ee122e0f4ded60e4b8c07/timeouts - {}
RESULT: {}
RESULT: undefined
COMMAND: POST /session/da7f42de234ee122e0f4ded60e4b8c07/execute/async - {"script":"<script> [2676 bytes]","args":[]}
RESULT: {"script":"<script> [2676 bytes]","args":[]}
COMMAND: POST /session/da7f42de234ee122e0f4ded60e4b8c07/execute/async - {"script":"<script> [2342 bytes]","args":[{"protocol":"http","hostname":"0.0.0.0","path":"/","capabilities":{"browserName":"chrome","goog:chromeOptions":{"binary":"C:\\Program Files\\Google\\Chrome\\Application\\chrome.exe","args":["--start-maximized"]}},"logLevel":"warn","connectionRetryTimeout":120000,"connectionRetryCount":3,"logLevels":{},"enableDirectConnect":true,"strictSSL":true,"_":"65 more keys: [\"cacheDir\",\"port\",\"requestedCapabilities\",\"automationProtocol\",\"baseUrl\",\"waitforInterval\",\"waitforTimeout\",\"onReload\",\"beforeCommand\",\"afterCommand\",\"rootDir\",\"specs\",\"suites\",\"exclude\",\"groupLogsByTestSpec\",\"excludeDriverLogs\",\"bail\",\"framework\",\"reporters\",\"services\",\"maxInstances\",\"maxInstancesPerCapability\",\"injectGlobals\",\"filesToWatch\",\"execArgv\",\"runnerEnv\",\"runner\",\"shard\",\"specFileRetries\",\"specFileRetriesDelay\",\"specFileRetriesDeferred\",\"reporterSyncInterval\",\"reporterSyncTimeout\",\"cucumberFeaturesWithLineNumbers\",\"autoCompileOpts\",\"mochaOpts\",\"jasmineOpts\",\"cucumberOpts\",\"onPrepare\",\"onWorkerStart\",\"onWorkerEnd\",\"before\",\"beforeSession\",\"beforeSuite\",\"beforeHook\",\"beforeTest\",\"afterTest\",\"afterHook\",\"afterSuite\",\"afterSession\",\"after\",\"onComplete\",\"beforeAssertion\",\"afterAssertion\",\"beforeFeature\",\"beforeScenario\",\"beforeStep\",\"afterStep\",\"afterScenario\",\"afterFeature\",\"_\",\"suite\",\"$0\",\"ignoredWorkerServices\",\"wdi5\"]"}]}
RESULT: {"script":"<script> [2342 bytes]","args":[{"protocol":"http","hostname":"0.0.0.0","path":"/","capabilities":{"browserName":"chrome","goog:chromeOptions":{"binary":"C:\\Program Files\\Google\\Chrome\\Application\\chrome.exe","args":["--start-maximized"]}},"logLevel":"warn","connectionRetryTimeout":120000,"connectionRetryCount":3,"logLevels":{},"enableDirectConnect":true,"strictSSL":true,"_":"65 more keys: [\"cacheDir\",\"port\",\"requestedCapabilities\",\"automationProtocol\",\"baseUrl\",\"waitforInterval\",\"waitforTimeout\",\"onReload\",\"beforeCommand\",\"afterCommand\",\"rootDir\",\"specs\",\"suites\",\"exclude\",\"groupLogsByTestSpec\",\"excludeDriverLogs\",\"bail\",\"framework\",\"reporters\",\"services\",\"maxInstances\",\"maxInstancesPerCapability\",\"injectGlobals\",\"filesToWatch\",\"execArgv\",\"runnerEnv\",\"runner\",\"shard\",\"specFileRetries\",\"specFileRetriesDelay\",\"specFileRetriesDeferred\",\"reporterSyncInterval\",\"reporterSyncTimeout\",\"cucumberFeaturesWithLineNumbers\",\"autoCompileOpts\",\"mochaOpts\",\"jasmineOpts\",\"cucumberOpts\",\"onPrepare\",\"onWorkerStart\",\"onWorkerEnd\",\"before\",\"beforeSession\",\"beforeSuite\",\"beforeHook\",\"beforeTest\",\"afterTest\",\"afterHook\",\"afterSuite\",\"afterSession\",\"after\",\"onComplete\",\"beforeAssertion\",\"afterAssertion\",\"beforeFeature\",\"beforeScenario\",\"beforeStep\",\"afterStep\",\"afterScenario\",\"afterFeature\",\"_\",\"suite\",\"$0\",\"ignoredWorkerServices\",\"wdi5\"]"}]}
COMMAND: POST /session/da7f42de234ee122e0f4ded60e4b8c07/execute/async - {"script":"<script> [21126 bytes]","args":[35000]}
RESULT: {"script":"<script> [21126 bytes]","args":[35000]}
COMMAND: POST /session/da7f42de234ee122e0f4ded60e4b8c07/execute/async - {"script":"<script> [1562 bytes]","args":[{"selector":{"controlType":"sap.m.GenericTile","properties":{"header":"Manage Partners"}},"wdio_ui5_key":"sapm.GenericTile{\"header\":\"Manage Partners\"}"}]}
RESULT: {"script":"<script> [1562 bytes]","args":[{"selector":{"controlType":"sap.m.GenericTile","properties":{"header":"Manage Partners"}},"wdio_ui5_key":"sapm.GenericTile{\"header\":\"Manage Partners\"}"}]}
RESULT: undefined
COMMAND: POST /session/da7f42de234ee122e0f4ded60e4b8c07/element - {"using":"xpath","value":"//*[@id=\"__tile38\"]"}
RESULT: {"using":"xpath","value":"//*[@id=\"__tile38\"]"}
COMMAND: POST /session/da7f42de234ee122e0f4ded60e4b8c07/element/f.69C6A966BE3F374529091A689B6300C0.d.46F99E2220694AA0A16CF72866C57361.e.1182/click - {}
RESULT: {}
COMMAND: GET /session/da7f42de234ee122e0f4ded60e4b8c07/screenshot - {}
RESULT: {}
COMMAND: POST /session/da7f42de234ee122e0f4ded60e4b8c07/elements - {"using":"xpath","value":"//span[text()='Error']"}
RESULT: {"using":"xpath","value":"//span[text()='Error']"}
COMMAND: POST /session/da7f42de234ee122e0f4ded60e4b8c07/execute/async - {"script":"<script> [1562 bytes]","args":[{"selector":{"controlType":"sap.ui.core.Icon","viewName":"etm.portal.ui.managepartners.view.Master","viewId":"application-managepartners-display-component---masterPtm","properties":{"src":{"regex":{"source":"add"}}}},"wdio_ui5_key":"etmportal.ui.managepartners.view.Mastersap.ui.core.Icon{\"src\":{\"regex\":{\"source\":\"add\"}}}"}]}
RESULT: {"script":"<script> [1562 bytes]","args":[{"selector":{"controlType":"sap.ui.core.Icon","viewName":"etm.portal.ui.managepartners.view.Master","viewId":"application-managepartners-display-component---masterPtm","properties":{"src":{"regex":{"source":"add"}}}},"wdio_ui5_key":"etmportal.ui.managepartners.view.Mastersap.ui.core.Icon{\"src\":{\"regex\":{\"source\":\"add\"}}}"}]}
RESULT: undefined
COMMAND: POST /session/da7f42de234ee122e0f4ded60e4b8c07/element - {"using":"xpath","value":"//*[@id=\"__button4-img\"]"}
RESULT: {"using":"xpath","value":"//*[@id=\"__button4-img\"]"}
COMMAND: POST /session/da7f42de234ee122e0f4ded60e4b8c07/element/f.69C6A966BE3F374529091A689B6300C0.d.46F99E2220694AA0A16CF72866C57361.e.1233/click - {}
RESULT: {}
COMMAND: GET /session/da7f42de234ee122e0f4ded60e4b8c07/screenshot - {}
RESULT: {}
COMMAND: POST /session/da7f42de234ee122e0f4ded60e4b8c07/execute/async - {"script":"<script> [1562 bytes]","args":[{"selector":{"id":"application-managepartners-display-component---NewPartner--partnerId","interaction":{"idSuffix":"inner"}},"wdio_ui5_key":"applicationmanagepartners-display-component---NewPartner--partnerId"}]}
RESULT: {"script":"<script> [1562 bytes]","args":[{"selector":{"id":"application-managepartners-display-component---NewPartner--partnerId","interaction":{"idSuffix":"inner"}},"wdio_ui5_key":"applicationmanagepartners-display-component---NewPartner--partnerId"}]}
RESULT: undefined
COMMAND: POST /session/da7f42de234ee122e0f4ded60e4b8c07/execute/async - {"script":"<script> [1562 bytes]","args":[{"selector":{"id":"application-managepartners-display-component---NewPartner--addressDetailDetailsName1","interaction":{"idSuffix":"inner"}},"wdio_ui5_key":"applicationmanagepartners-display-component---NewPartner--addressDetailDetailsName1"}]}
RESULT: {"script":"<script> [1562 bytes]","args":[{"selector":{"id":"application-managepartners-display-component---NewPartner--addressDetailDetailsName1","interaction":{"idSuffix":"inner"}},"wdio_ui5_key":"applicationmanagepartners-display-component---NewPartner--addressDetailDetailsName1"}]}
RESULT: undefined
COMMAND: POST /session/da7f42de234ee122e0f4ded60e4b8c07/execute/async - {"script":"<script> [776 bytes]","args":[{"enterText":"WebdriverPartnerejpiw","selector":{"id":"application-managepartners-display-component---NewPartner--addressDetailDetailsName1","interaction":{"idSuffix":"inner"}},"clearTextFirst":true,"interactionType":"ENTER_TEXT"}]}
RESULT: {"script":"<script> [776 bytes]","args":[{"enterText":"WebdriverPartnerejpiw","selector":{"id":"application-managepartners-display-component---NewPartner--addressDetailDetailsName1","interaction":{"idSuffix":"inner"}},"clearTextFirst":true,"interactionType":"ENTER_TEXT"}]}
COMMAND: POST /session/da7f42de234ee122e0f4ded60e4b8c07/execute/async - {"script":"<script> [1562 bytes]","args":[{"selector":{"id":"application-managepartners-display-component---NewPartner--addressDetailDetailsLanguage","interaction":{"idSuffix":"inner"}},"wdio_ui5_key":"applicationmanagepartners-display-component---NewPartner--addressDetailDetailsLanguage"}]}
RESULT: {"script":"<script> [1562 bytes]","args":[{"selector":{"id":"application-managepartners-display-component---NewPartner--addressDetailDetailsLanguage","interaction":{"idSuffix":"inner"}},"wdio_ui5_key":"applicationmanagepartners-display-component---NewPartner--addressDetailDetailsLanguage"}]}
RESULT: undefined
COMMAND: POST /session/da7f42de234ee122e0f4ded60e4b8c07/execute/async - {"script":"<script> [776 bytes]","args":[{"enterText":"Romanian","selector":{"id":"application-managepartners-display-component---NewPartner--addressDetailDetailsLanguage","interaction":{"idSuffix":"inner"}},"clearTextFirst":true,"interactionType":"ENTER_TEXT"}]}
RESULT: {"script":"<script> [776 bytes]","args":[{"enterText":"Romanian","selector":{"id":"application-managepartners-display-component---NewPartner--addressDetailDetailsLanguage","interaction":{"idSuffix":"inner"}},"clearTextFirst":true,"interactionType":"ENTER_TEXT"}]}
COMMAND: POST /session/da7f42de234ee122e0f4ded60e4b8c07/element - {"using":"xpath","value":"//input[contains(@id ,\"application-managepartners-display-component---NewPartner--addressDetailDetailsName1-inner\")]"}
RESULT: {"using":"xpath","value":"//input[contains(@id ,\"application-managepartners-display-component---NewPartner--addressDetailDetailsName1-inner\")]"}
COMMAND: GET /session/da7f42de234ee122e0f4ded60e4b8c07/element/f.69C6A966BE3F374529091A689B6300C0.d.46F99E2220694AA0A16CF72866C57361.e.1446/property/value - {}
RESULT: {}
COMMAND: POST /session/da7f42de234ee122e0f4ded60e4b8c07/execute/async - {"script":"<script> [1562 bytes]","args":[{"selector":{"id":"application-managepartners-display-component---NewPartner--addressDetailDetailsCity1","interaction":{"idSuffix":"inner"}},"wdio_ui5_key":"applicationmanagepartners-display-component---NewPartner--addressDetailDetailsCity1"}]}
COMMAND: GET /session/da7f42de234ee122e0f4ded60e4b8c07/screenshot - {}
RESULT: {"script":"<script> [1562 bytes]","args":[{"selector":{"id":"application-managepartners-display-component---NewPartner--addressDetailDetailsCity1","interaction":{"idSuffix":"inner"}},"wdio_ui5_key":"applicationmanagepartners-display-component---NewPartner--addressDetailDetailsCity1"}]}
RESULT: undefined
COMMAND: POST /session/da7f42de234ee122e0f4ded60e4b8c07/execute/async - {"script":"<script> [776 bytes]","args":[{"enterText":"Bucharest","selector":{"id":"application-managepartners-display-component---NewPartner--addressDetailDetailsCity1","interaction":{"idSuffix":"inner"}},"clearTextFirst":true,"interactionType":"ENTER_TEXT"}]}
RESULT: {}
RESULT: {"script":"<script> [776 bytes]","args":[{"enterText":"Bucharest","selector":{"id":"application-managepartners-display-component---NewPartner--addressDetailDetailsCity1","interaction":{"idSuffix":"inner"}},"clearTextFirst":true,"interactionType":"ENTER_TEXT"}]}
COMMAND: POST /session/da7f42de234ee122e0f4ded60e4b8c07/execute/async - {"script":"<script> [1562 bytes]","args":[{"selector":{"id":"application-managepartners-display-component---NewPartner--addressDetailDetailsCountry","interaction":{"idSuffix":"inner"}},"wdio_ui5_key":"applicationmanagepartners-display-component---NewPartner--addressDetailDetailsCountry"}]}
RESULT: {"script":"<script> [1562 bytes]","args":[{"selector":{"id":"application-managepartners-display-component---NewPartner--addressDetailDetailsCountry","interaction":{"idSuffix":"inner"}},"wdio_ui5_key":"applicationmanagepartners-display-component---NewPartner--addressDetailDetailsCountry"}]}
RESULT: undefined
COMMAND: POST /session/da7f42de234ee122e0f4ded60e4b8c07/execute/async - {"script":"<script> [6424 bytes]","args":[{"element-6066-11e4-a52e-4f735466cecf":"f.69C6A966BE3F374529091A689B6300C0.d.46F99E2220694AA0A16CF72866C57361.e.1453"},"setValue",["Romania"]]}
RESULT: {"script":"<script> [6424 bytes]","args":[{"element-6066-11e4-a52e-4f735466cecf":"f.69C6A966BE3F374529091A689B6300C0.d.46F99E2220694AA0A16CF72866C57361.e.1453"},"setValue",["Romania"]]}
COMMAND: POST /session/da7f42de234ee122e0f4ded60e4b8c07/execute/async - {"script":"<script> [1562 bytes]","args":[{"selector":{"id":"application-managepartners-display-component---NewPartner--partnerDetailInternal","interaction":{"idSuffix":"inner"}},"wdio_ui5_key":"applicationmanagepartners-display-component---NewPartner--partnerDetailInternal"}]}
RESULT: {"script":"<script> [1562 bytes]","args":[{"selector":{"id":"application-managepartners-display-component---NewPartner--partnerDetailInternal","interaction":{"idSuffix":"inner"}},"wdio_ui5_key":"applicationmanagepartners-display-component---NewPartner--partnerDetailInternal"}]}
RESULT: undefined
COMMAND: POST /session/da7f42de234ee122e0f4ded60e4b8c07/execute/async - {"script":"<script> [776 bytes]","args":[{"enterText":"External partner","selector":{"id":"application-managepartners-display-component---NewPartner--partnerDetailInternal","interaction":{"idSuffix":"inner"}},"clearTextFirst":true,"interactionType":"ENTER_TEXT"}]}
RESULT: {"script":"<script> [776 bytes]","args":[{"enterText":"External partner","selector":{"id":"application-managepartners-display-component---NewPartner--partnerDetailInternal","interaction":{"idSuffix":"inner"}},"clearTextFirst":true,"interactionType":"ENTER_TEXT"}]}
COMMAND: POST /session/da7f42de234ee122e0f4ded60e4b8c07/execute/async - {"script":"<script> [1562 bytes]","args":[{"selector":{"id":"application-managepartners-display-component---NewPartner--partnerDetailsCurrency","interaction":{"idSuffix":"inner"}},"wdio_ui5_key":"applicationmanagepartners-display-component---NewPartner--partnerDetailsCurrency"}]}
RESULT: {"script":"<script> [1562 bytes]","args":[{"selector":{"id":"application-managepartners-display-component---NewPartner--partnerDetailsCurrency","interaction":{"idSuffix":"inner"}},"wdio_ui5_key":"applicationmanagepartners-display-component---NewPartner--partnerDetailsCurrency"}]}
RESULT: undefined
COMMAND: POST /session/da7f42de234ee122e0f4ded60e4b8c07/execute/async - {"script":"<script> [776 bytes]","args":[{"enterText":"Euro","selector":{"id":"application-managepartners-display-component---NewPartner--partnerDetailsCurrency","interaction":{"idSuffix":"inner"}},"clearTextFirst":true,"interactionType":"ENTER_TEXT"}]}
RESULT: {"script":"<script> [776 bytes]","args":[{"enterText":"Euro","selector":{"id":"application-managepartners-display-component---NewPartner--partnerDetailsCurrency","interaction":{"idSuffix":"inner"}},"clearTextFirst":true,"interactionType":"ENTER_TEXT"}]}
COMMAND: POST /session/da7f42de234ee122e0f4ded60e4b8c07/execute/async - {"script":"<script> [1562 bytes]","args":[{"selector":{"controlType":"sap.m.Button","viewName":"etm.portal.ui.managepartners.view.NewPartner","viewId":"application-managepartners-display-component---NewPartner","properties":{"text":"Commercial"},"interaction":{"idSuffix":"BDI-content"}},"wdio_ui5_key":"etmportal.ui.managepartners.view.NewPartnersap.m.Button{\"text\":\"Commercial\"}"}]}
RESULT: {"script":"<script> [1562 bytes]","args":[{"selector":{"controlType":"sap.m.Button","viewName":"etm.portal.ui.managepartners.view.NewPartner","viewId":"application-managepartners-display-component---NewPartner","properties":{"text":"Commercial"},"interaction":{"idSuffix":"BDI-content"}},"wdio_ui5_key":"etmportal.ui.managepartners.view.NewPartnersap.m.Button{\"text\":\"Commercial\"}"}]}
RESULT: undefined
COMMAND: POST /session/da7f42de234ee122e0f4ded60e4b8c07/element - {"using":"xpath","value":"//*[@id=\"application-managepartners-display-component---NewPartner--ObjectPageLayout-anchBar-__section5-anchor\"]"}
RESULT: {"using":"xpath","value":"//*[@id=\"application-managepartners-display-component---NewPartner--ObjectPageLayout-anchBar-__section5-anchor\"]"}
COMMAND: POST /session/da7f42de234ee122e0f4ded60e4b8c07/element/f.69C6A966BE3F374529091A689B6300C0.d.46F99E2220694AA0A16CF72866C57361.e.1658/click - {}
RESULT: {}
COMMAND: GET /session/da7f42de234ee122e0f4ded60e4b8c07/screenshot - {}
RESULT: {}
COMMAND: POST /session/da7f42de234ee122e0f4ded60e4b8c07/execute/async - {"script":"<script> [1562 bytes]","args":[{"selector":{"id":"application-managepartners-display-component---NewPartner--btnAddTableRow-img"},"wdio_ui5_key":"applicationmanagepartners-display-component---NewPartner--btnAddTableRow-img"}]}
RESULT: {"script":"<script> [1562 bytes]","args":[{"selector":{"id":"application-managepartners-display-component---NewPartner--btnAddTableRow-img"},"wdio_ui5_key":"applicationmanagepartners-display-component---NewPartner--btnAddTableRow-img"}]}
RESULT: undefined
COMMAND: POST /session/da7f42de234ee122e0f4ded60e4b8c07/element - {"using":"xpath","value":"//*[@id=\"application-managepartners-display-component---NewPartner--btnAddTableRow-img\"]"}
RESULT: {"using":"xpath","value":"//*[@id=\"application-managepartners-display-component---NewPartner--btnAddTableRow-img\"]"}
COMMAND: POST /session/da7f42de234ee122e0f4ded60e4b8c07/element/f.69C6A966BE3F374529091A689B6300C0.d.46F99E2220694AA0A16CF72866C57361.e.1664/click - {}
RESULT: {}
COMMAND: POST /session/da7f42de234ee122e0f4ded60e4b8c07/element - {"using":"xpath","value":"//input[contains(@id ,\"application-managepartners-display-component---NewPartner--assignmentYard-application-managepartners-display-component---NewPartner\")]"}
COMMAND: GET /session/da7f42de234ee122e0f4ded60e4b8c07/screenshot - {}
RESULT: {"using":"xpath","value":"//input[contains(@id ,\"application-managepartners-display-component---NewPartner--assignmentYard-application-managepartners-display-component---NewPartner\")]"}
COMMAND: POST /session/da7f42de234ee122e0f4ded60e4b8c07/element/f.69C6A966BE3F374529091A689B6300C0.d.46F99E2220694AA0A16CF72866C57361.e.1669/clear - {}
RESULT: {}
RESULT: {}
COMMAND: POST /session/da7f42de234ee122e0f4ded60e4b8c07/element/f.69C6A966BE3F374529091A689B6300C0.d.46F99E2220694AA0A16CF72866C57361.e.1669/value - {"text":"WebdriverYardcgyme"}
COMMAND: GET /session/da7f42de234ee122e0f4ded60e4b8c07/screenshot - {}
RESULT: {"text":"WebdriverYardcgyme"}
COMMAND: GET /session/da7f42de234ee122e0f4ded60e4b8c07/screenshot - {}
RESULT: {}
RESULT: {}
COMMAND: POST /session/da7f42de234ee122e0f4ded60e4b8c07/execute/async - {"script":"<script> [1562 bytes]","args":[{"selector":{"controlType":"sap.m.Button","viewName":"etm.portal.ui.managepartners.view.NewPartner","viewId":"application-managepartners-display-component---NewPartner","i18NText":{"propertyName":"text","key":"save"},"interaction":{"idSuffix":"BDI-content"}},"wdio_ui5_key":"etmportal.ui.managepartners.view.NewPartnersap.m.Button{\"propertyName\":\"text\",\"key\":\"save\"}"}]}
RESULT: {"script":"<script> [1562 bytes]","args":[{"selector":{"controlType":"sap.m.Button","viewName":"etm.portal.ui.managepartners.view.NewPartner","viewId":"application-managepartners-display-component---NewPartner","i18NText":{"propertyName":"text","key":"save"},"interaction":{"idSuffix":"BDI-content"}},"wdio_ui5_key":"etmportal.ui.managepartners.view.NewPartnersap.m.Button{\"propertyName\":\"text\",\"key\":\"save\"}"}]}
RESULT: undefined
COMMAND: POST /session/da7f42de234ee122e0f4ded60e4b8c07/element - {"using":"xpath","value":"//*[@id=\"__button12\"]"}
RESULT: {"using":"xpath","value":"//*[@id=\"__button12\"]"}
COMMAND: POST /session/da7f42de234ee122e0f4ded60e4b8c07/element/f.69C6A966BE3F374529091A689B6300C0.d.46F99E2220694AA0A16CF72866C57361.e.1636/click - {}
RESULT: {}
COMMAND: GET /session/da7f42de234ee122e0f4ded60e4b8c07/screenshot - {}
RESULT: {}
COMMAND: POST /session/da7f42de234ee122e0f4ded60e4b8c07/element - {"using":"xpath","value":"//header/div/div[2]/div[2]/span"}
RESULT: {"using":"xpath","value":"//header/div/div[2]/div[2]/span"}
COMMAND: GET /session/da7f42de234ee122e0f4ded60e4b8c07/element/f.69C6A966BE3F374529091A689B6300C0.d.46F99E2220694AA0A16CF72866C57361.e.1841/text - {}
RESULT: {}
COMMAND: POST /session/da7f42de234ee122e0f4ded60e4b8c07/element - {"using":"xpath","value":"//header/div/div/div/div/div/div[2]/div/span"}
RESULT: {"using":"xpath","value":"//header/div/div/div/div/div/div[2]/div/span"}
COMMAND: GET /session/da7f42de234ee122e0f4ded60e4b8c07/element/f.69C6A966BE3F374529091A689B6300C0.d.46F99E2220694AA0A16CF72866C57361.e.1842/text - {}
RESULT: {}
COMMAND: POST /session/da7f42de234ee122e0f4ded60e4b8c07/execute/async - {"script":"<script> [1562 bytes]","args":[{"selector":{"id":"application-managepartners-display-component---detailPtm--partnerType"},"wdio_ui5_key":"applicationmanagepartners-display-component---detailPtm--partnerType"}]}
RESULT: {"script":"<script> [1562 bytes]","args":[{"selector":{"id":"application-managepartners-display-component---detailPtm--partnerType"},"wdio_ui5_key":"applicationmanagepartners-display-component---detailPtm--partnerType"}]}
RESULT: undefined
COMMAND: POST /session/da7f42de234ee122e0f4ded60e4b8c07/execute/async - {"script":"<script> [6424 bytes]","args":[{"element-6066-11e4-a52e-4f735466cecf":"f.69C6A966BE3F374529091A689B6300C0.d.46F99E2220694AA0A16CF72866C57361.e.1843"},"getText",[]]}
RESULT: {"script":"<script> [6424 bytes]","args":[{"element-6066-11e4-a52e-4f735466cecf":"f.69C6A966BE3F374529091A689B6300C0.d.46F99E2220694AA0A16CF72866C57361.e.1843"},"getText",[]]}
COMMAND: POST /session/da7f42de234ee122e0f4ded60e4b8c07/element - {"using":"css selector","value":"#shell-header-logo"}
RESULT: {"using":"css selector","value":"#shell-header-logo"}
COMMAND: POST /session/da7f42de234ee122e0f4ded60e4b8c07/element/f.69C6A966BE3F374529091A689B6300C0.d.46F99E2220694AA0A16CF72866C57361.e.1184/click - {}
RESULT: {}
COMMAND: GET /session/da7f42de234ee122e0f4ded60e4b8c07/screenshot - {}
RESULT: {}
COMMAND: POST /session/da7f42de234ee122e0f4ded60e4b8c07/execute/async - {"script":"<script> [1562 bytes]","args":[{"selector":{"controlType":"sap.m.GenericTile","properties":{"header":"Manage Sites"}},"wdio_ui5_key":"sapm.GenericTile{\"header\":\"Manage Sites\"}"}]}
RESULT: {"script":"<script> [1562 bytes]","args":[{"selector":{"controlType":"sap.m.GenericTile","properties":{"header":"Manage Sites"}},"wdio_ui5_key":"sapm.GenericTile{\"header\":\"Manage Sites\"}"}]}
RESULT: undefined
COMMAND: POST /session/da7f42de234ee122e0f4ded60e4b8c07/element - {"using":"xpath","value":"//*[@id=\"__tile40\"]"}
RESULT: {"using":"xpath","value":"//*[@id=\"__tile40\"]"}
COMMAND: POST /session/da7f42de234ee122e0f4ded60e4b8c07/element/f.69C6A966BE3F374529091A689B6300C0.d.46F99E2220694AA0A16CF72866C57361.e.1845/click - {}
RESULT: {}
COMMAND: GET /session/da7f42de234ee122e0f4ded60e4b8c07/screenshot - {}
RESULT: {}
COMMAND: POST /session/da7f42de234ee122e0f4ded60e4b8c07/elements - {"using":"xpath","value":"//span[text()='Error']"}
RESULT: {"using":"xpath","value":"//span[text()='Error']"}
COMMAND: POST /session/da7f42de234ee122e0f4ded60e4b8c07/execute/async - {"script":"<script> [1562 bytes]","args":[{"selector":{"controlType":"sap.ui.core.Icon","viewName":"etm.portal.ui.managesites.view.Master","viewId":"application-managesites-display-component---masterSite","properties":{"src":{"regex":{"source":"add"}}}},"wdio_ui5_key":"etmportal.ui.managesites.view.Mastersap.ui.core.Icon{\"src\":{\"regex\":{\"source\":\"add\"}}}"}]}
RESULT: {"script":"<script> [1562 bytes]","args":[{"selector":{"controlType":"sap.ui.core.Icon","viewName":"etm.portal.ui.managesites.view.Master","viewId":"application-managesites-display-component---masterSite","properties":{"src":{"regex":{"source":"add"}}}},"wdio_ui5_key":"etmportal.ui.managesites.view.Mastersap.ui.core.Icon{\"src\":{\"regex\":{\"source\":\"add\"}}}"}]}
RESULT: undefined
COMMAND: POST /session/da7f42de234ee122e0f4ded60e4b8c07/element - {"using":"xpath","value":"//*[@id=\"__button52-img\"]"}
RESULT: {"using":"xpath","value":"//*[@id=\"__button52-img\"]"}
COMMAND: POST /session/da7f42de234ee122e0f4ded60e4b8c07/element/f.69C6A966BE3F374529091A689B6300C0.d.46F99E2220694AA0A16CF72866C57361.e.1893/click - {}
RESULT: {}
COMMAND: POST /session/da7f42de234ee122e0f4ded60e4b8c07/execute/async - {"script":"<script> [1562 bytes]","args":[{"selector":{"id":"application-managesites-display-component---NewSite--siteId","interaction":{"idSuffix":"inner"}},"wdio_ui5_key":"applicationmanagesites-display-component---NewSite--siteId"}]}
COMMAND: GET /session/da7f42de234ee122e0f4ded60e4b8c07/screenshot - {}
RESULT: {"script":"<script> [1562 bytes]","args":[{"selector":{"id":"application-managesites-display-component---NewSite--siteId","interaction":{"idSuffix":"inner"}},"wdio_ui5_key":"applicationmanagesites-display-component---NewSite--siteId"}]}
RESULT: undefined
COMMAND: POST /session/da7f42de234ee122e0f4ded60e4b8c07/execute/async - {"script":"<script> [1562 bytes]","args":[{"selector":{"id":"application-managesites-display-component---NewSite--addressDetailDetailsName1","interaction":{"idSuffix":"inner"}},"wdio_ui5_key":"applicationmanagesites-display-component---NewSite--addressDetailDetailsName1"}]}
RESULT: {}
RESULT: {"script":"<script> [1562 bytes]","args":[{"selector":{"id":"application-managesites-display-component---NewSite--addressDetailDetailsName1","interaction":{"idSuffix":"inner"}},"wdio_ui5_key":"applicationmanagesites-display-component---NewSite--addressDetailDetailsName1"}]}
RESULT: undefined
COMMAND: POST /session/da7f42de234ee122e0f4ded60e4b8c07/execute/async - {"script":"<script> [776 bytes]","args":[{"enterText":"WebdriverSite7de24","selector":{"id":"application-managesites-display-component---NewSite--addressDetailDetailsName1","interaction":{"idSuffix":"inner"}},"clearTextFirst":true,"interactionType":"ENTER_TEXT"}]}
RESULT: {"script":"<script> [776 bytes]","args":[{"enterText":"WebdriverSite7de24","selector":{"id":"application-managesites-display-component---NewSite--addressDetailDetailsName1","interaction":{"idSuffix":"inner"}},"clearTextFirst":true,"interactionType":"ENTER_TEXT"}]}
COMMAND: POST /session/da7f42de234ee122e0f4ded60e4b8c07/execute/async - {"script":"<script> [1562 bytes]","args":[{"selector":{"id":"application-managesites-display-component---NewSite--addressDetailDetailsLanguage","interaction":{"idSuffix":"inner"}},"wdio_ui5_key":"applicationmanagesites-display-component---NewSite--addressDetailDetailsLanguage"}]}
RESULT: {"script":"<script> [1562 bytes]","args":[{"selector":{"id":"application-managesites-display-component---NewSite--addressDetailDetailsLanguage","interaction":{"idSuffix":"inner"}},"wdio_ui5_key":"applicationmanagesites-display-component---NewSite--addressDetailDetailsLanguage"}]}
RESULT: undefined
COMMAND: POST /session/da7f42de234ee122e0f4ded60e4b8c07/execute/async - {"script":"<script> [776 bytes]","args":[{"enterText":"Romanian","selector":{"id":"application-managesites-display-component---NewSite--addressDetailDetailsLanguage","interaction":{"idSuffix":"inner"}},"clearTextFirst":true,"interactionType":"ENTER_TEXT"}]}
RESULT: {"script":"<script> [776 bytes]","args":[{"enterText":"Romanian","selector":{"id":"application-managesites-display-component---NewSite--addressDetailDetailsLanguage","interaction":{"idSuffix":"inner"}},"clearTextFirst":true,"interactionType":"ENTER_TEXT"}]}
COMMAND: POST /session/da7f42de234ee122e0f4ded60e4b8c07/execute/async - {"script":"<script> [1562 bytes]","args":[{"selector":{"id":"application-managesites-display-component---NewSite--addressDetailDetailsCity1","interaction":{"idSuffix":"inner"}},"wdio_ui5_key":"applicationmanagesites-display-component---NewSite--addressDetailDetailsCity1"}]}
RESULT: {"script":"<script> [1562 bytes]","args":[{"selector":{"id":"application-managesites-display-component---NewSite--addressDetailDetailsCity1","interaction":{"idSuffix":"inner"}},"wdio_ui5_key":"applicationmanagesites-display-component---NewSite--addressDetailDetailsCity1"}]}
RESULT: undefined
COMMAND: POST /session/da7f42de234ee122e0f4ded60e4b8c07/execute/async - {"script":"<script> [776 bytes]","args":[{"enterText":"Bucharest","selector":{"id":"application-managesites-display-component---NewSite--addressDetailDetailsCity1","interaction":{"idSuffix":"inner"}},"clearTextFirst":true,"interactionType":"ENTER_TEXT"}]}
RESULT: {"script":"<script> [776 bytes]","args":[{"enterText":"Bucharest","selector":{"id":"application-managesites-display-component---NewSite--addressDetailDetailsCity1","interaction":{"idSuffix":"inner"}},"clearTextFirst":true,"interactionType":"ENTER_TEXT"}]}
COMMAND: POST /session/da7f42de234ee122e0f4ded60e4b8c07/execute/async - {"script":"<script> [1562 bytes]","args":[{"selector":{"id":"application-managesites-display-component---NewSite--addressDetailDetailsCountry","interaction":{"idSuffix":"inner"}},"wdio_ui5_key":"applicationmanagesites-display-component---NewSite--addressDetailDetailsCountry"}]}
RESULT: {"script":"<script> [1562 bytes]","args":[{"selector":{"id":"application-managesites-display-component---NewSite--addressDetailDetailsCountry","interaction":{"idSuffix":"inner"}},"wdio_ui5_key":"applicationmanagesites-display-component---NewSite--addressDetailDetailsCountry"}]}
RESULT: undefined
COMMAND: POST /session/da7f42de234ee122e0f4ded60e4b8c07/execute/async - {"script":"<script> [776 bytes]","args":[{"enterText":"Romania","selector":{"id":"application-managesites-display-component---NewSite--addressDetailDetailsCountry","interaction":{"idSuffix":"inner"}},"clearTextFirst":true,"interactionType":"ENTER_TEXT"}]}
RESULT: {"script":"<script> [776 bytes]","args":[{"enterText":"Romania","selector":{"id":"application-managesites-display-component---NewSite--addressDetailDetailsCountry","interaction":{"idSuffix":"inner"}},"clearTextFirst":true,"interactionType":"ENTER_TEXT"}]}
COMMAND: POST /session/da7f42de234ee122e0f4ded60e4b8c07/element - {"using":"css selector","value":"#application-managesites-display-component---NewSite--addressDetailDetailsCalendar-inner"}
RESULT: {"using":"css selector","value":"#application-managesites-display-component---NewSite--addressDetailDetailsCalendar-inner"}
COMMAND: POST /session/da7f42de234ee122e0f4ded60e4b8c07/element/f.69C6A966BE3F374529091A689B6300C0.d.46F99E2220694AA0A16CF72866C57361.e.2276/clear - {}
RESULT: {}
COMMAND: POST /session/da7f42de234ee122e0f4ded60e4b8c07/element/f.69C6A966BE3F374529091A689B6300C0.d.46F99E2220694AA0A16CF72866C57361.e.2276/value - {"text":"Germany"}
COMMAND: GET /session/da7f42de234ee122e0f4ded60e4b8c07/screenshot - {}
RESULT: {"text":"Germany"}
COMMAND: POST /session/da7f42de234ee122e0f4ded60e4b8c07/execute/async - {"script":"<script> [1562 bytes]","args":[{"selector":{"id":"application-managesites-display-component---NewSite--addressEditDetailsCostObjectCstType-arrow"},"wdio_ui5_key":"applicationmanagesites-display-component---NewSite--addressEditDetailsCostObjectCstType-arrow"}]}
COMMAND: GET /session/da7f42de234ee122e0f4ded60e4b8c07/screenshot - {}
RESULT: {}
RESULT: {"script":"<script> [1562 bytes]","args":[{"selector":{"id":"application-managesites-display-component---NewSite--addressEditDetailsCostObjectCstType-arrow"},"wdio_ui5_key":"applicationmanagesites-display-component---NewSite--addressEditDetailsCostObjectCstType-arrow"}]}
RESULT: undefined
COMMAND: POST /session/da7f42de234ee122e0f4ded60e4b8c07/element - {"using":"xpath","value":"//*[@id=\"application-managesites-display-component---NewSite--addressEditDetailsCostObjectCstType-arrow\"]"}
RESULT: {}
RESULT: {"using":"xpath","value":"//*[@id=\"application-managesites-display-component---NewSite--addressEditDetailsCostObjectCstType-arrow\"]"}
COMMAND: POST /session/da7f42de234ee122e0f4ded60e4b8c07/element/f.69C6A966BE3F374529091A689B6300C0.d.46F99E2220694AA0A16CF72866C57361.e.2483/click - {}
RESULT: {}
COMMAND: POST /session/da7f42de234ee122e0f4ded60e4b8c07/element - {"using":"xpath","value":"//span[contains(text(), \"Work Breakdown Structure\")]"}
COMMAND: GET /session/da7f42de234ee122e0f4ded60e4b8c07/screenshot - {}
RESULT: {"using":"xpath","value":"//span[contains(text(), \"Work Breakdown Structure\")]"}
COMMAND: POST /session/da7f42de234ee122e0f4ded60e4b8c07/element/f.69C6A966BE3F374529091A689B6300C0.d.46F99E2220694AA0A16CF72866C57361.e.2484/click - {}
RESULT: {}
RESULT: {}
COMMAND: GET /session/da7f42de234ee122e0f4ded60e4b8c07/screenshot - {}
RESULT: {}
COMMAND: POST /session/da7f42de234ee122e0f4ded60e4b8c07/execute/async - {"script":"<script> [1562 bytes]","args":[{"selector":{"id":"application-managesites-display-component---NewSite--addressNewCostObjectCstID-vhi"},"wdio_ui5_key":"applicationmanagesites-display-component---NewSite--addressNewCostObjectCstID-vhi"}]}
RESULT: {"script":"<script> [1562 bytes]","args":[{"selector":{"id":"application-managesites-display-component---NewSite--addressNewCostObjectCstID-vhi"},"wdio_ui5_key":"applicationmanagesites-display-component---NewSite--addressNewCostObjectCstID-vhi"}]}
RESULT: undefined
COMMAND: POST /session/da7f42de234ee122e0f4ded60e4b8c07/element - {"using":"xpath","value":"//*[@id=\"application-managesites-display-component---NewSite--addressNewCostObjectCstID-vhi\"]"}
RESULT: {"using":"xpath","value":"//*[@id=\"application-managesites-display-component---NewSite--addressNewCostObjectCstID-vhi\"]"}
COMMAND: POST /session/da7f42de234ee122e0f4ded60e4b8c07/element/f.69C6A966BE3F374529091A689B6300C0.d.46F99E2220694AA0A16CF72866C57361.e.2488/click - {}
RESULT: {}
COMMAND: GET /session/da7f42de234ee122e0f4ded60e4b8c07/screenshot - {}
RESULT: {}
COMMAND: POST /session/da7f42de234ee122e0f4ded60e4b8c07/execute/async - {"script":"<script> [1562 bytes]","args":[{"selector":{"controlType":"sap.m.SearchField","properties":{"placeholder":"Search"},"searchOpenDialogs":true,"interaction":{"idSuffix":"I"}},"wdio_ui5_key":"sapm.SearchField{\"placeholder\":\"Search\"}"}]}
RESULT: {"script":"<script> [1562 bytes]","args":[{"selector":{"controlType":"sap.m.SearchField","properties":{"placeholder":"Search"},"searchOpenDialogs":true,"interaction":{"idSuffix":"I"}},"wdio_ui5_key":"sapm.SearchField{\"placeholder\":\"Search\"}"}]}
RESULT: undefined
COMMAND: POST /session/da7f42de234ee122e0f4ded60e4b8c07/execute/async - {"script":"<script> [776 bytes]","args":[{"enterText":"A1-000100-01","selector":{"controlType":"sap.m.SearchField","properties":{"placeholder":"Search"},"searchOpenDialogs":true,"interaction":{"idSuffix":"I"}},"clearTextFirst":true,"interactionType":"ENTER_TEXT"}]}
RESULT: {"script":"<script> [776 bytes]","args":[{"enterText":"A1-000100-01","selector":{"controlType":"sap.m.SearchField","properties":{"placeholder":"Search"},"searchOpenDialogs":true,"interaction":{"idSuffix":"I"}},"clearTextFirst":true,"interactionType":"ENTER_TEXT"}]}
COMMAND: POST /session/da7f42de234ee122e0f4ded60e4b8c07/actions - {"actions":[{"id":"action3","type":"key","parameters":{},"actions":[{"type":"keyDown","value":"î€‡"},{"type":"pause","duration":10},{"type":"keyUp","value":"î€‡"}]}]}
RESULT: {"actions":[{"id":"action3","type":"key","parameters":{},"actions":[{"type":"keyDown","value":"î€‡"},{"type":"pause","duration":10},{"type":"keyUp","value":"î€‡"}]}]}
COMMAND: GET /session/da7f42de234ee122e0f4ded60e4b8c07/screenshot - {}
RESULT: {}
COMMAND: POST /session/da7f42de234ee122e0f4ded60e4b8c07/element - {"using":"xpath","value":"//span[contains(text(), \"Template for ETO-Process\")]"}
RESULT: {"using":"xpath","value":"//span[contains(text(), \"Template for ETO-Process\")]"}
COMMAND: POST /session/da7f42de234ee122e0f4ded60e4b8c07/element/f.69C6A966BE3F374529091A689B6300C0.d.46F99E2220694AA0A16CF72866C57361.e.2509/click - {}
RESULT: {}
COMMAND: GET /session/da7f42de234ee122e0f4ded60e4b8c07/screenshot - {}
RESULT: {}
COMMAND: POST /session/da7f42de234ee122e0f4ded60e4b8c07/element - {"using":"xpath","value":"//bdi[contains(text(), \"OK\")]"}
RESULT: {"using":"xpath","value":"//bdi[contains(text(), \"OK\")]"}
COMMAND: POST /session/da7f42de234ee122e0f4ded60e4b8c07/element/f.69C6A966BE3F374529091A689B6300C0.d.46F99E2220694AA0A16CF72866C57361.e.2510/click - {}
RESULT: {}
COMMAND: GET /session/da7f42de234ee122e0f4ded60e4b8c07/screenshot - {}
RESULT: {}
COMMAND: POST /session/da7f42de234ee122e0f4ded60e4b8c07/element - {"using":"xpath","value":"//input[@id=\"application-managesites-display-component---NewSite--addressDetailDetailsYard-inner\"]"}
RESULT: {"using":"xpath","value":"//input[@id=\"application-managesites-display-component---NewSite--addressDetailDetailsYard-inner\"]"}
COMMAND: POST /session/da7f42de234ee122e0f4ded60e4b8c07/element/f.69C6A966BE3F374529091A689B6300C0.d.46F99E2220694AA0A16CF72866C57361.e.2277/value - {"text":"WebdriverYardcgyme"}
RESULT: {"text":"WebdriverYardcgyme"}
COMMAND: GET /session/da7f42de234ee122e0f4ded60e4b8c07/screenshot - {}
RESULT: {}
COMMAND: POST /session/da7f42de234ee122e0f4ded60e4b8c07/actions - {"actions":[{"id":"action4","type":"key","parameters":{},"actions":[{"type":"keyDown","value":"î€‡"},{"type":"pause","duration":10},{"type":"keyUp","value":"î€‡"}]}]}
RESULT: {"actions":[{"id":"action4","type":"key","parameters":{},"actions":[{"type":"keyDown","value":"î€‡"},{"type":"pause","duration":10},{"type":"keyUp","value":"î€‡"}]}]}
COMMAND: GET /session/da7f42de234ee122e0f4ded60e4b8c07/screenshot - {}
RESULT: {}
COMMAND: POST /session/da7f42de234ee122e0f4ded60e4b8c07/element - {"using":"xpath","value":"//input[@id=\"application-managesites-display-component---NewSite--addressDetailDetailsPartner-inner\"]"}
RESULT: {"using":"xpath","value":"//input[@id=\"application-managesites-display-component---NewSite--addressDetailDetailsPartner-inner\"]"}
COMMAND: POST /session/da7f42de234ee122e0f4ded60e4b8c07/elements - {"using":"xpath","value":"//input[@id=\"application-managesites-display-component---NewSite--addressDetailDetailsPartner-inner\"]"}
RESULT: {"using":"xpath","value":"//input[@id=\"application-managesites-display-component---NewSite--addressDetailDetailsPartner-inner\"]"}
COMMAND: POST /session/da7f42de234ee122e0f4ded60e4b8c07/execute/async - {"script":"<script> [1562 bytes]","args":[{"selector":{"controlType":"sap.m.Button","viewName":"etm.portal.ui.managesites.view.NewSmartSite","viewId":"application-managesites-display-component---NewSite","properties":{"text":"Commercial"},"interaction":{"idSuffix":"BDI-content"}},"wdio_ui5_key":"etmportal.ui.managesites.view.NewSmartSitesap.m.Button{\"text\":\"Commercial\"}"}]}
RESULT: {"script":"<script> [1562 bytes]","args":[{"selector":{"controlType":"sap.m.Button","viewName":"etm.portal.ui.managesites.view.NewSmartSite","viewId":"application-managesites-display-component---NewSite","properties":{"text":"Commercial"},"interaction":{"idSuffix":"BDI-content"}},"wdio_ui5_key":"etmportal.ui.managesites.view.NewSmartSitesap.m.Button{\"text\":\"Commercial\"}"}]}
RESULT: undefined
COMMAND: POST /session/da7f42de234ee122e0f4ded60e4b8c07/element - {"using":"xpath","value":"//*[@id=\"application-managesites-display-component---NewSite--ObjectPageLayout-anchBar-__section31-anchor\"]"}
RESULT: {"using":"xpath","value":"//*[@id=\"application-managesites-display-component---NewSite--ObjectPageLayout-anchBar-__section31-anchor\"]"}
COMMAND: POST /session/da7f42de234ee122e0f4ded60e4b8c07/element/f.69C6A966BE3F374529091A689B6300C0.d.46F99E2220694AA0A16CF72866C57361.e.2517/click - {}
RESULT: {}
COMMAND: POST /session/da7f42de234ee122e0f4ded60e4b8c07/execute/async - {"script":"<script> [1562 bytes]","args":[{"selector":{"controlType":"sap.m.Button","viewName":"etm.portal.ui.managesites.view.NewSmartSite","viewId":"application-managesites-display-component---NewSite","i18NText":{"propertyName":"text","key":"save"},"interaction":{"idSuffix":"BDI-content"}},"wdio_ui5_key":"etmportal.ui.managesites.view.NewSmartSitesap.m.Button{\"propertyName\":\"text\",\"key\":\"save\"}"}]}
COMMAND: GET /session/da7f42de234ee122e0f4ded60e4b8c07/screenshot - {}
RESULT: {"script":"<script> [1562 bytes]","args":[{"selector":{"controlType":"sap.m.Button","viewName":"etm.portal.ui.managesites.view.NewSmartSite","viewId":"application-managesites-display-component---NewSite","i18NText":{"propertyName":"text","key":"save"},"interaction":{"idSuffix":"BDI-content"}},"wdio_ui5_key":"etmportal.ui.managesites.view.NewSmartSitesap.m.Button{\"propertyName\":\"text\",\"key\":\"save\"}"}]}
RESULT: undefined
COMMAND: POST /session/da7f42de234ee122e0f4ded60e4b8c07/element - {"using":"xpath","value":"//*[@id=\"__button64\"]"}
RESULT: {}
RESULT: {"using":"xpath","value":"//*[@id=\"__button64\"]"}
COMMAND: POST /session/da7f42de234ee122e0f4ded60e4b8c07/element/f.69C6A966BE3F374529091A689B6300C0.d.46F99E2220694AA0A16CF72866C57361.e.2457/click - {}
RESULT: {}
COMMAND: GET /session/da7f42de234ee122e0f4ded60e4b8c07/screenshot - {}
RESULT: {}
COMMAND: POST /session/da7f42de234ee122e0f4ded60e4b8c07/execute/async - {"script":"<script> [1562 bytes]","args":[{"selector":{"id":"application-managesites-display-component---detailSite--addressDetailDetailsYardText"},"wdio_ui5_key":"applicationmanagesites-display-component---detailSite--addressDetailDetailsYardText"}]}
RESULT: {"script":"<script> [1562 bytes]","args":[{"selector":{"id":"application-managesites-display-component---detailSite--addressDetailDetailsYardText"},"wdio_ui5_key":"applicationmanagesites-display-component---detailSite--addressDetailDetailsYardText"}]}
RESULT: undefined
COMMAND: POST /session/da7f42de234ee122e0f4ded60e4b8c07/element - {"using":"xpath","value":"//header/div/div[2]/div[2]/span"}
RESULT: {"using":"xpath","value":"//header/div/div[2]/div[2]/span"}
COMMAND: GET /session/da7f42de234ee122e0f4ded60e4b8c07/element/f.69C6A966BE3F374529091A689B6300C0.d.46F99E2220694AA0A16CF72866C57361.e.2726/text - {}
RESULT: {}
COMMAND: POST /session/da7f42de234ee122e0f4ded60e4b8c07/element - {"using":"xpath","value":"//header/div/div/div/div/div/div[2]/div/span"}
RESULT: {"using":"xpath","value":"//header/div/div/div/div/div/div[2]/div/span"}
COMMAND: GET /session/da7f42de234ee122e0f4ded60e4b8c07/element/f.69C6A966BE3F374529091A689B6300C0.d.46F99E2220694AA0A16CF72866C57361.e.2727/text - {}
RESULT: {}
COMMAND: POST /session/da7f42de234ee122e0f4ded60e4b8c07/element - {"using":"css selector","value":"#shell-header-logo"}
RESULT: {"using":"css selector","value":"#shell-header-logo"}
COMMAND: POST /session/da7f42de234ee122e0f4ded60e4b8c07/element/f.69C6A966BE3F374529091A689B6300C0.d.46F99E2220694AA0A16CF72866C57361.e.1848/click - {}
RESULT: {}
COMMAND: GET /session/da7f42de234ee122e0f4ded60e4b8c07/screenshot - {}
RESULT: {}
]]></system-out>
    </testcase>
    <testcase classname="chrome.136_0_7103_93.windows.Standard_contract_-_add_contract_items_by_Insert_Request_US118222" name="Should create 2 new resources and a catalog item" time="408.85">
      <system-out><![CDATA[
COMMAND: POST /session/da7f42de234ee122e0f4ded60e4b8c07/execute/async - {"script":"<script> [1562 bytes]","args":[{"selector":{"controlType":"sap.m.GenericTile","properties":{"header":"Manage Resources"}},"wdio_ui5_key":"sapm.GenericTile{\"header\":\"Manage Resources\"}"}]}
RESULT: {"script":"<script> [1562 bytes]","args":[{"selector":{"controlType":"sap.m.GenericTile","properties":{"header":"Manage Resources"}},"wdio_ui5_key":"sapm.GenericTile{\"header\":\"Manage Resources\"}"}]}
RESULT: undefined
COMMAND: POST /session/da7f42de234ee122e0f4ded60e4b8c07/element - {"using":"xpath","value":"//*[@id=\"__tile39\"]"}
RESULT: {"using":"xpath","value":"//*[@id=\"__tile39\"]"}
COMMAND: POST /session/da7f42de234ee122e0f4ded60e4b8c07/element/f.69C6A966BE3F374529091A689B6300C0.d.46F99E2220694AA0A16CF72866C57361.e.2729/click - {}
RESULT: {}
COMMAND: GET /session/da7f42de234ee122e0f4ded60e4b8c07/screenshot - {}
RESULT: {}
COMMAND: POST /session/da7f42de234ee122e0f4ded60e4b8c07/elements - {"using":"xpath","value":"//span[text()='Error']"}
RESULT: {"using":"xpath","value":"//span[text()='Error']"}
COMMAND: POST /session/da7f42de234ee122e0f4ded60e4b8c07/element - {"using":"xpath","value":"//button[@data-kt=\"addNewRUOverflowToolbarButton\"]"}
RESULT: {"using":"xpath","value":"//button[@data-kt=\"addNewRUOverflowToolbarButton\"]"}
COMMAND: POST /session/da7f42de234ee122e0f4ded60e4b8c07/execute/sync - {"script":"<script> [8489 bytes]","args":[{"element-6066-11e4-a52e-4f735466cecf":"f.69C6A966BE3F374529091A689B6300C0.d.46F99E2220694AA0A16CF72866C57361.e.2771","ELEMENT":"f.69C6A966BE3F374529091A689B6300C0.d.46F99E2220694AA0A16CF72866C57361.e.2771"}]}
RESULT: {"script":"<script> [8489 bytes]","args":[{"element-6066-11e4-a52e-4f735466cecf":"f.69C6A966BE3F374529091A689B6300C0.d.46F99E2220694AA0A16CF72866C57361.e.2771","ELEMENT":"f.69C6A966BE3F374529091A689B6300C0.d.46F99E2220694AA0A16CF72866C57361.e.2771"}]}
COMMAND: POST /session/da7f42de234ee122e0f4ded60e4b8c07/element/f.69C6A966BE3F374529091A689B6300C0.d.46F99E2220694AA0A16CF72866C57361.e.2771/click - {}
COMMAND: GET /session/da7f42de234ee122e0f4ded60e4b8c07/screenshot - {}
RESULT: {}
COMMAND: POST /session/da7f42de234ee122e0f4ded60e4b8c07/execute/async - {"script":"<script> [1562 bytes]","args":[{"selector":{"id":"application-manageresources-display-component---newResourceUnit--TYPE-arrow"},"wdio_ui5_key":"applicationmanageresources-display-component---newResourceUnit--TYPE-arrow"}]}
COMMAND: GET /session/da7f42de234ee122e0f4ded60e4b8c07/screenshot - {}
RESULT: {}
RESULT: {"script":"<script> [1562 bytes]","args":[{"selector":{"id":"application-manageresources-display-component---newResourceUnit--TYPE-arrow"},"wdio_ui5_key":"applicationmanageresources-display-component---newResourceUnit--TYPE-arrow"}]}
RESULT: undefined
COMMAND: POST /session/da7f42de234ee122e0f4ded60e4b8c07/element - {"using":"xpath","value":"//*[@id=\"application-manageresources-display-component---newResourceUnit--TYPE-arrow\"]"}
RESULT: {}
RESULT: {"using":"xpath","value":"//*[@id=\"application-manageresources-display-component---newResourceUnit--TYPE-arrow\"]"}
COMMAND: POST /session/da7f42de234ee122e0f4ded60e4b8c07/element/f.69C6A966BE3F374529091A689B6300C0.d.46F99E2220694AA0A16CF72866C57361.e.3098/click - {}
RESULT: {}
COMMAND: POST /session/da7f42de234ee122e0f4ded60e4b8c07/execute/async - {"script":"<script> [1562 bytes]","args":[{"selector":{"controlType":"sap.m.StandardListItem","viewName":"reusables.view.manageresources.NewResourceUnit","viewId":"application-manageresources-display-component---newResourceUnit","properties":{"title":"Material"},"searchOpenDialogs":true,"interaction":{"idSuffix":"titleText"}},"wdio_ui5_key":"reusablesview.manageresources.NewResourceUnitsap.m.StandardListItem{\"title\":\"Material\"}"}]}
COMMAND: GET /session/da7f42de234ee122e0f4ded60e4b8c07/screenshot - {}
RESULT: {"script":"<script> [1562 bytes]","args":[{"selector":{"controlType":"sap.m.StandardListItem","viewName":"reusables.view.manageresources.NewResourceUnit","viewId":"application-manageresources-display-component---newResourceUnit","properties":{"title":"Material"},"searchOpenDialogs":true,"interaction":{"idSuffix":"titleText"}},"wdio_ui5_key":"reusablesview.manageresources.NewResourceUnitsap.m.StandardListItem{\"title\":\"Material\"}"}]}
RESULT: undefined
COMMAND: POST /session/da7f42de234ee122e0f4ded60e4b8c07/element - {"using":"xpath","value":"//*[@id=\"__item1223\"]"}
RESULT: {}
RESULT: {"using":"xpath","value":"//*[@id=\"__item1223\"]"}
COMMAND: POST /session/da7f42de234ee122e0f4ded60e4b8c07/element/f.69C6A966BE3F374529091A689B6300C0.d.46F99E2220694AA0A16CF72866C57361.e.3101/click - {}
RESULT: {}
COMMAND: POST /session/da7f42de234ee122e0f4ded60e4b8c07/execute/async - {"script":"<script> [1562 bytes]","args":[{"selector":{"id":"application-manageresources-display-component---newResourceUnit--SHORT_TEXT","interaction":{"idSuffix":"inner"}},"wdio_ui5_key":"applicationmanageresources-display-component---newResourceUnit--SHORT_TEXT"}]}
COMMAND: GET /session/da7f42de234ee122e0f4ded60e4b8c07/screenshot - {}
RESULT: {"script":"<script> [1562 bytes]","args":[{"selector":{"id":"application-manageresources-display-component---newResourceUnit--SHORT_TEXT","interaction":{"idSuffix":"inner"}},"wdio_ui5_key":"applicationmanageresources-display-component---newResourceUnit--SHORT_TEXT"}]}
RESULT: undefined
COMMAND: POST /session/da7f42de234ee122e0f4ded60e4b8c07/execute/async - {"script":"<script> [776 bytes]","args":[{"enterText":"WebdriverMatTestvxk84","selector":{"id":"application-manageresources-display-component---newResourceUnit--SHORT_TEXT","interaction":{"idSuffix":"inner"}},"clearTextFirst":true,"interactionType":"ENTER_TEXT"}]}
RESULT: {}
RESULT: {"script":"<script> [776 bytes]","args":[{"enterText":"WebdriverMatTestvxk84","selector":{"id":"application-manageresources-display-component---newResourceUnit--SHORT_TEXT","interaction":{"idSuffix":"inner"}},"clearTextFirst":true,"interactionType":"ENTER_TEXT"}]}
COMMAND: POST /session/da7f42de234ee122e0f4ded60e4b8c07/execute/async - {"script":"<script> [1562 bytes]","args":[{"selector":{"id":"application-manageresources-display-component---newResourceUnit--BASE_UNIT_OF_MEASURE-arrow"},"wdio_ui5_key":"applicationmanageresources-display-component---newResourceUnit--BASE_UNIT_OF_MEASURE-arrow"}]}
RESULT: {"script":"<script> [1562 bytes]","args":[{"selector":{"id":"application-manageresources-display-component---newResourceUnit--BASE_UNIT_OF_MEASURE-arrow"},"wdio_ui5_key":"applicationmanageresources-display-component---newResourceUnit--BASE_UNIT_OF_MEASURE-arrow"}]}
RESULT: undefined
COMMAND: POST /session/da7f42de234ee122e0f4ded60e4b8c07/element - {"using":"xpath","value":"//*[@id=\"application-manageresources-display-component---newResourceUnit--BASE_UNIT_OF_MEASURE-arrow\"]"}
RESULT: {"using":"xpath","value":"//*[@id=\"application-manageresources-display-component---newResourceUnit--BASE_UNIT_OF_MEASURE-arrow\"]"}
COMMAND: POST /session/da7f42de234ee122e0f4ded60e4b8c07/element/f.69C6A966BE3F374529091A689B6300C0.d.46F99E2220694AA0A16CF72866C57361.e.3221/click - {}
RESULT: {}
COMMAND: POST /session/da7f42de234ee122e0f4ded60e4b8c07/execute/async - {"script":"<script> [1562 bytes]","args":[{"selector":{"controlType":"sap.m.StandardListItem","viewName":"reusables.view.manageresources.NewResourceUnit","viewId":"application-manageresources-display-component---newResourceUnit","properties":{"title":"Piece"},"searchOpenDialogs":true,"interaction":{"idSuffix":"titleText"}},"wdio_ui5_key":"reusablesview.manageresources.NewResourceUnitsap.m.StandardListItem{\"title\":\"Piece\"}"}]}
COMMAND: GET /session/da7f42de234ee122e0f4ded60e4b8c07/screenshot - {}
RESULT: {"script":"<script> [1562 bytes]","args":[{"selector":{"controlType":"sap.m.StandardListItem","viewName":"reusables.view.manageresources.NewResourceUnit","viewId":"application-manageresources-display-component---newResourceUnit","properties":{"title":"Piece"},"searchOpenDialogs":true,"interaction":{"idSuffix":"titleText"}},"wdio_ui5_key":"reusablesview.manageresources.NewResourceUnitsap.m.StandardListItem{\"title\":\"Piece\"}"}]}
RESULT: undefined
COMMAND: POST /session/da7f42de234ee122e0f4ded60e4b8c07/element - {"using":"xpath","value":"//*[@id=\"__item1276\"]"}
RESULT: {}
RESULT: {"using":"xpath","value":"//*[@id=\"__item1276\"]"}
COMMAND: POST /session/da7f42de234ee122e0f4ded60e4b8c07/element/f.69C6A966BE3F374529091A689B6300C0.d.46F99E2220694AA0A16CF72866C57361.e.3223/click - {}
RESULT: {}
COMMAND: POST /session/da7f42de234ee122e0f4ded60e4b8c07/element - {"using":"xpath","value":"//input[contains(@id ,\"application-manageresources-display-component---newResourceUnit--SHORT_TEXT-inner\")]"}
COMMAND: GET /session/da7f42de234ee122e0f4ded60e4b8c07/screenshot - {}
RESULT: {"using":"xpath","value":"//input[contains(@id ,\"application-manageresources-display-component---newResourceUnit--SHORT_TEXT-inner\")]"}
COMMAND: GET /session/da7f42de234ee122e0f4ded60e4b8c07/element/f.69C6A966BE3F374529091A689B6300C0.d.46F99E2220694AA0A16CF72866C57361.e.3118/property/value - {}
RESULT: {}
RESULT: {}
COMMAND: POST /session/da7f42de234ee122e0f4ded60e4b8c07/execute/async - {"script":"<script> [1562 bytes]","args":[{"selector":{"id":"application-manageresources-display-component---newResourceUnit--WEIGHT_UNIT-arrow"},"wdio_ui5_key":"applicationmanageresources-display-component---newResourceUnit--WEIGHT_UNIT-arrow"}]}
COMMAND: GET /session/da7f42de234ee122e0f4ded60e4b8c07/screenshot - {}
RESULT: {"script":"<script> [1562 bytes]","args":[{"selector":{"id":"application-manageresources-display-component---newResourceUnit--WEIGHT_UNIT-arrow"},"wdio_ui5_key":"applicationmanageresources-display-component---newResourceUnit--WEIGHT_UNIT-arrow"}]}
RESULT: undefined
COMMAND: POST /session/da7f42de234ee122e0f4ded60e4b8c07/element - {"using":"xpath","value":"//*[@id=\"application-manageresources-display-component---newResourceUnit--WEIGHT_UNIT-arrow\"]"}
RESULT: {}
RESULT: {"using":"xpath","value":"//*[@id=\"application-manageresources-display-component---newResourceUnit--WEIGHT_UNIT-arrow\"]"}
COMMAND: POST /session/da7f42de234ee122e0f4ded60e4b8c07/element/f.69C6A966BE3F374529091A689B6300C0.d.46F99E2220694AA0A16CF72866C57361.e.3224/click - {}
RESULT: {}
COMMAND: POST /session/da7f42de234ee122e0f4ded60e4b8c07/execute/async - {"script":"<script> [1562 bytes]","args":[{"selector":{"controlType":"sap.m.StandardListItem","viewName":"reusables.view.manageresources.NewResourceUnit","viewId":"application-manageresources-display-component---newResourceUnit","properties":{"title":"Gram"},"searchOpenDialogs":true,"interaction":{"idSuffix":"content"}},"wdio_ui5_key":"reusablesview.manageresources.NewResourceUnitsap.m.StandardListItem{\"title\":\"Gram\"}"}]}
COMMAND: GET /session/da7f42de234ee122e0f4ded60e4b8c07/screenshot - {}
RESULT: {"script":"<script> [1562 bytes]","args":[{"selector":{"controlType":"sap.m.StandardListItem","viewName":"reusables.view.manageresources.NewResourceUnit","viewId":"application-manageresources-display-component---newResourceUnit","properties":{"title":"Gram"},"searchOpenDialogs":true,"interaction":{"idSuffix":"content"}},"wdio_ui5_key":"reusablesview.manageresources.NewResourceUnitsap.m.StandardListItem{\"title\":\"Gram\"}"}]}
RESULT: undefined
COMMAND: POST /session/da7f42de234ee122e0f4ded60e4b8c07/element - {"using":"xpath","value":"//*[@id=\"__item1341\"]"}
RESULT: {}
RESULT: {"using":"xpath","value":"//*[@id=\"__item1341\"]"}
COMMAND: POST /session/da7f42de234ee122e0f4ded60e4b8c07/element/f.69C6A966BE3F374529091A689B6300C0.d.46F99E2220694AA0A16CF72866C57361.e.3226/click - {}
RESULT: {}
COMMAND: POST /session/da7f42de234ee122e0f4ded60e4b8c07/execute/async - {"script":"<script> [1562 bytes]","args":[{"selector":{"id":"application-manageresources-display-component---newResourceUnit--newRRUPage-OPHeaderContent-collapseBtn-img"},"wdio_ui5_key":"applicationmanageresources-display-component---newResourceUnit--newRRUPage-OPHeaderContent-collapseBtn-img"}]}
COMMAND: GET /session/da7f42de234ee122e0f4ded60e4b8c07/screenshot - {}
RESULT: {"script":"<script> [1562 bytes]","args":[{"selector":{"id":"application-manageresources-display-component---newResourceUnit--newRRUPage-OPHeaderContent-collapseBtn-img"},"wdio_ui5_key":"applicationmanageresources-display-component---newResourceUnit--newRRUPage-OPHeaderContent-collapseBtn-img"}]}
RESULT: undefined
COMMAND: POST /session/da7f42de234ee122e0f4ded60e4b8c07/element - {"using":"xpath","value":"//*[@id=\"application-manageresources-display-component---newResourceUnit--newRRUPage-OPHeaderContent-collapseBtn-img\"]"}
RESULT: {}
RESULT: {"using":"xpath","value":"//*[@id=\"application-manageresources-display-component---newResourceUnit--newRRUPage-OPHeaderContent-collapseBtn-img\"]"}
COMMAND: POST /session/da7f42de234ee122e0f4ded60e4b8c07/element/f.69C6A966BE3F374529091A689B6300C0.d.46F99E2220694AA0A16CF72866C57361.e.3108/click - {}
RESULT: {}
COMMAND: GET /session/da7f42de234ee122e0f4ded60e4b8c07/screenshot - {}
RESULT: {}
COMMAND: POST /session/da7f42de234ee122e0f4ded60e4b8c07/element - {"using":"xpath","value":"(//span[contains(@id ,\"application-manageresources-display-component---newResourceUnit--DIMENSION_UNIT-arrow\")])[1]"}
RESULT: {"using":"xpath","value":"(//span[contains(@id ,\"application-manageresources-display-component---newResourceUnit--DIMENSION_UNIT-arrow\")])[1]"}
COMMAND: POST /session/da7f42de234ee122e0f4ded60e4b8c07/element/f.69C6A966BE3F374529091A689B6300C0.d.46F99E2220694AA0A16CF72866C57361.e.3232/click - {}
RESULT: {}
COMMAND: GET /session/da7f42de234ee122e0f4ded60e4b8c07/screenshot - {}
RESULT: {}
COMMAND: POST /session/da7f42de234ee122e0f4ded60e4b8c07/execute/async - {"script":"<script> [1562 bytes]","args":[{"selector":{"controlType":"sap.m.StandardListItem","viewName":"reusables.view.manageresources.NewResourceUnit","viewId":"application-manageresources-display-component---newResourceUnit","properties":{"title":"Centimeter"},"searchOpenDialogs":true,"interaction":{"idSuffix":"titleText"}},"wdio_ui5_key":"reusablesview.manageresources.NewResourceUnitsap.m.StandardListItem{\"title\":\"Centimeter\"}"}]}
RESULT: {"script":"<script> [1562 bytes]","args":[{"selector":{"controlType":"sap.m.StandardListItem","viewName":"reusables.view.manageresources.NewResourceUnit","viewId":"application-manageresources-display-component---newResourceUnit","properties":{"title":"Centimeter"},"searchOpenDialogs":true,"interaction":{"idSuffix":"titleText"}},"wdio_ui5_key":"reusablesview.manageresources.NewResourceUnitsap.m.StandardListItem{\"title\":\"Centimeter\"}"}]}
RESULT: undefined
COMMAND: POST /session/da7f42de234ee122e0f4ded60e4b8c07/element - {"using":"xpath","value":"//*[@id=\"__item1344\"]"}
RESULT: {"using":"xpath","value":"//*[@id=\"__item1344\"]"}
COMMAND: POST /session/da7f42de234ee122e0f4ded60e4b8c07/element/f.69C6A966BE3F374529091A689B6300C0.d.46F99E2220694AA0A16CF72866C57361.e.3234/click - {}
RESULT: {}
COMMAND: POST /session/da7f42de234ee122e0f4ded60e4b8c07/execute/async - {"script":"<script> [1562 bytes]","args":[{"selector":{"id":"application-manageresources-display-component---newResourceUnit--newRRUPage-anchBar-application-manageresources-display-component---newResourceUnit--reference-anchor","interaction":{"idSuffix":"BDI-content"}},"wdio_ui5_key":"applicationmanageresources-display-component---newResourceUnit--newRRUPage-anchBar-application-manageresources-display-component---newResourceUnit--reference-anchor"}]}
COMMAND: GET /session/da7f42de234ee122e0f4ded60e4b8c07/screenshot - {}
RESULT: {"script":"<script> [1562 bytes]","args":[{"selector":{"id":"application-manageresources-display-component---newResourceUnit--newRRUPage-anchBar-application-manageresources-display-component---newResourceUnit--reference-anchor","interaction":{"idSuffix":"BDI-content"}},"wdio_ui5_key":"applicationmanageresources-display-component---newResourceUnit--newRRUPage-anchBar-application-manageresources-display-component---newResourceUnit--reference-anchor"}]}
RESULT: undefined
COMMAND: POST /session/da7f42de234ee122e0f4ded60e4b8c07/element - {"using":"xpath","value":"//*[@id=\"application-manageresources-display-component---newResourceUnit--newRRUPage-anchBar-application-manageresources-display-component---newResourceUnit--reference-anchor\"]"}
RESULT: {}
RESULT: {"using":"xpath","value":"//*[@id=\"application-manageresources-display-component---newResourceUnit--newRRUPage-anchBar-application-manageresources-display-component---newResourceUnit--reference-anchor\"]"}
COMMAND: POST /session/da7f42de234ee122e0f4ded60e4b8c07/element/f.69C6A966BE3F374529091A689B6300C0.d.46F99E2220694AA0A16CF72866C57361.e.3236/click - {}
RESULT: {}
COMMAND: POST /session/da7f42de234ee122e0f4ded60e4b8c07/execute/async - {"script":"<script> [1562 bytes]","args":[{"selector":{"id":"application-manageresources-display-component---newResourceUnit--PLANNING_GROUP-arrow"},"wdio_ui5_key":"applicationmanageresources-display-component---newResourceUnit--PLANNING_GROUP-arrow"}]}
COMMAND: GET /session/da7f42de234ee122e0f4ded60e4b8c07/screenshot - {}
RESULT: {"script":"<script> [1562 bytes]","args":[{"selector":{"id":"application-manageresources-display-component---newResourceUnit--PLANNING_GROUP-arrow"},"wdio_ui5_key":"applicationmanageresources-display-component---newResourceUnit--PLANNING_GROUP-arrow"}]}
RESULT: undefined
COMMAND: POST /session/da7f42de234ee122e0f4ded60e4b8c07/element - {"using":"xpath","value":"//*[@id=\"application-manageresources-display-component---newResourceUnit--PLANNING_GROUP-arrow\"]"}
RESULT: {}
RESULT: {"using":"xpath","value":"//*[@id=\"application-manageresources-display-component---newResourceUnit--PLANNING_GROUP-arrow\"]"}
COMMAND: POST /session/da7f42de234ee122e0f4ded60e4b8c07/element/f.69C6A966BE3F374529091A689B6300C0.d.46F99E2220694AA0A16CF72866C57361.e.3240/click - {}
RESULT: {}
COMMAND: POST /session/da7f42de234ee122e0f4ded60e4b8c07/execute/async - {"script":"<script> [1562 bytes]","args":[{"selector":{"controlType":"sap.m.StandardListItem","viewName":"reusables.view.manageresources.NewResourceUnit","viewId":"application-manageresources-display-component---newResourceUnit","properties":{"title":"Heavy Equi"},"searchOpenDialogs":true,"interaction":{"idSuffix":"content"}},"wdio_ui5_key":"reusablesview.manageresources.NewResourceUnitsap.m.StandardListItem{\"title\":\"Heavy Equi\"}"}]}
COMMAND: GET /session/da7f42de234ee122e0f4ded60e4b8c07/screenshot - {}
RESULT: {"script":"<script> [1562 bytes]","args":[{"selector":{"controlType":"sap.m.StandardListItem","viewName":"reusables.view.manageresources.NewResourceUnit","viewId":"application-manageresources-display-component---newResourceUnit","properties":{"title":"Heavy Equi"},"searchOpenDialogs":true,"interaction":{"idSuffix":"content"}},"wdio_ui5_key":"reusablesview.manageresources.NewResourceUnitsap.m.StandardListItem{\"title\":\"Heavy Equi\"}"}]}
RESULT: undefined
COMMAND: POST /session/da7f42de234ee122e0f4ded60e4b8c07/element - {"using":"xpath","value":"//*[@id=\"__item1352\"]"}
RESULT: {}
RESULT: {"using":"xpath","value":"//*[@id=\"__item1352\"]"}
COMMAND: POST /session/da7f42de234ee122e0f4ded60e4b8c07/element/f.69C6A966BE3F374529091A689B6300C0.d.46F99E2220694AA0A16CF72866C57361.e.3242/click - {}
RESULT: {}
COMMAND: GET /session/da7f42de234ee122e0f4ded60e4b8c07/screenshot - {}
RESULT: {}
COMMAND: POST /session/da7f42de234ee122e0f4ded60e4b8c07/execute/async - {"script":"<script> [1562 bytes]","args":[{"selector":{"id":"application-manageresources-display-component---newResourceUnit--PLANNING_INDICATOR-arrow"},"wdio_ui5_key":"applicationmanageresources-display-component---newResourceUnit--PLANNING_INDICATOR-arrow"}]}
RESULT: {"script":"<script> [1562 bytes]","args":[{"selector":{"id":"application-manageresources-display-component---newResourceUnit--PLANNING_INDICATOR-arrow"},"wdio_ui5_key":"applicationmanageresources-display-component---newResourceUnit--PLANNING_INDICATOR-arrow"}]}
RESULT: undefined
COMMAND: POST /session/da7f42de234ee122e0f4ded60e4b8c07/element - {"using":"xpath","value":"//*[@id=\"application-manageresources-display-component---newResourceUnit--PLANNING_INDICATOR-arrow\"]"}
RESULT: {"using":"xpath","value":"//*[@id=\"application-manageresources-display-component---newResourceUnit--PLANNING_INDICATOR-arrow\"]"}
COMMAND: POST /session/da7f42de234ee122e0f4ded60e4b8c07/element/f.69C6A966BE3F374529091A689B6300C0.d.46F99E2220694AA0A16CF72866C57361.e.3243/click - {}
RESULT: {}
COMMAND: POST /session/da7f42de234ee122e0f4ded60e4b8c07/execute/async - {"script":"<script> [1562 bytes]","args":[{"selector":{"controlType":"sap.m.StandardListItem","viewName":"reusables.view.manageresources.NewResourceUnit","viewId":"application-manageresources-display-component---newResourceUnit","properties":{"title":"10 - infinite"},"searchOpenDialogs":true,"interaction":{"idSuffix":"content"}},"wdio_ui5_key":"reusablesview.manageresources.NewResourceUnitsap.m.StandardListItem{\"title\":\"10 - infinite\"}"}]}
COMMAND: GET /session/da7f42de234ee122e0f4ded60e4b8c07/screenshot - {}
RESULT: {"script":"<script> [1562 bytes]","args":[{"selector":{"controlType":"sap.m.StandardListItem","viewName":"reusables.view.manageresources.NewResourceUnit","viewId":"application-manageresources-display-component---newResourceUnit","properties":{"title":"10 - infinite"},"searchOpenDialogs":true,"interaction":{"idSuffix":"content"}},"wdio_ui5_key":"reusablesview.manageresources.NewResourceUnitsap.m.StandardListItem{\"title\":\"10 - infinite\"}"}]}
RESULT: undefined
COMMAND: POST /session/da7f42de234ee122e0f4ded60e4b8c07/element - {"using":"xpath","value":"//*[@id=\"__item1362\"]"}
RESULT: {}
RESULT: {"using":"xpath","value":"//*[@id=\"__item1362\"]"}
COMMAND: POST /session/da7f42de234ee122e0f4ded60e4b8c07/element/f.69C6A966BE3F374529091A689B6300C0.d.46F99E2220694AA0A16CF72866C57361.e.3245/click - {}
RESULT: {}
COMMAND: GET /session/da7f42de234ee122e0f4ded60e4b8c07/screenshot - {}
RESULT: {}
COMMAND: POST /session/da7f42de234ee122e0f4ded60e4b8c07/element - {"using":"xpath","value":"//bdi[contains(text(), \"Time Segment\")]"}
RESULT: {"using":"xpath","value":"//bdi[contains(text(), \"Time Segment\")]"}
COMMAND: GET /session/da7f42de234ee122e0f4ded60e4b8c07/element/f.69C6A966BE3F374529091A689B6300C0.d.46F99E2220694AA0A16CF72866C57361.e.3246/rect - {}
RESULT: {}
COMMAND: GET /session/da7f42de234ee122e0f4ded60e4b8c07/window/rect - {}
RESULT: {}
COMMAND: POST /session/da7f42de234ee122e0f4ded60e4b8c07/execute/sync - {"script":"<script> [92 bytes]","args":[]}
RESULT: {"script":"<script> [92 bytes]","args":[]}
COMMAND: POST /session/da7f42de234ee122e0f4ded60e4b8c07/actions - {"actions":[{"id":"action5","type":"wheel","parameters":{},"actions":[{"type":"scroll","x":-1820,"y":-21,"deltaX":0,"deltaY":0,"duration":0,"origin":{"element-6066-11e4-a52e-4f735466cecf":"f.69C6A966BE3F374529091A689B6300C0.d.46F99E2220694AA0A16CF72866C57361.e.3246"}}]}]}
COMMAND: GET /session/da7f42de234ee122e0f4ded60e4b8c07/screenshot - {}
RESULT: {}
COMMAND: POST /session/da7f42de234ee122e0f4ded60e4b8c07/execute/sync - {"script":"<script> [79 bytes]","args":[{"element-6066-11e4-a52e-4f735466cecf":"f.69C6A966BE3F374529091A689B6300C0.d.46F99E2220694AA0A16CF72866C57361.e.3246","ELEMENT":"f.69C6A966BE3F374529091A689B6300C0.d.46F99E2220694AA0A16CF72866C57361.e.3246"},{"block":"start","inline":"nearest"}]}
RESULT: {"script":"<script> [79 bytes]","args":[{"element-6066-11e4-a52e-4f735466cecf":"f.69C6A966BE3F374529091A689B6300C0.d.46F99E2220694AA0A16CF72866C57361.e.3246","ELEMENT":"f.69C6A966BE3F374529091A689B6300C0.d.46F99E2220694AA0A16CF72866C57361.e.3246"},{"block":"start","inline":"nearest"}]}
COMMAND: GET /session/da7f42de234ee122e0f4ded60e4b8c07/screenshot - {}
RESULT: {}
COMMAND: POST /session/da7f42de234ee122e0f4ded60e4b8c07/element - {"using":"xpath","value":"//span[@id=\"application-manageresources-display-component---newResourceUnit--btnAddTimeSegment-img\"]"}
RESULT: {"using":"xpath","value":"//span[@id=\"application-manageresources-display-component---newResourceUnit--btnAddTimeSegment-img\"]"}
COMMAND: POST /session/da7f42de234ee122e0f4ded60e4b8c07/execute/sync - {"script":"<script> [8489 bytes]","args":[{"element-6066-11e4-a52e-4f735466cecf":"f.69C6A966BE3F374529091A689B6300C0.d.46F99E2220694AA0A16CF72866C57361.e.3249","ELEMENT":"f.69C6A966BE3F374529091A689B6300C0.d.46F99E2220694AA0A16CF72866C57361.e.3249"}]}
RESULT: {"script":"<script> [8489 bytes]","args":[{"element-6066-11e4-a52e-4f735466cecf":"f.69C6A966BE3F374529091A689B6300C0.d.46F99E2220694AA0A16CF72866C57361.e.3249","ELEMENT":"f.69C6A966BE3F374529091A689B6300C0.d.46F99E2220694AA0A16CF72866C57361.e.3249"}]}
COMMAND: POST /session/da7f42de234ee122e0f4ded60e4b8c07/element/f.69C6A966BE3F374529091A689B6300C0.d.46F99E2220694AA0A16CF72866C57361.e.3249/click - {}
COMMAND: GET /session/da7f42de234ee122e0f4ded60e4b8c07/screenshot - {}
RESULT: {}
COMMAND: GET /session/da7f42de234ee122e0f4ded60e4b8c07/screenshot - {}
COMMAND: POST /session/da7f42de234ee122e0f4ded60e4b8c07/element - {"using":"xpath","value":"//input[@id=\"application-manageresources-display-component---newResourceUnit--idRuTSAdmin-application-manageresources-display-component---newResourceUnit--RUTimeSegment-0-inner\"]"}
RESULT: {}
RESULT: {}
RESULT: {"using":"xpath","value":"//input[@id=\"application-manageresources-display-component---newResourceUnit--idRuTSAdmin-application-manageresources-display-component---newResourceUnit--RUTimeSegment-0-inner\"]"}
COMMAND: POST /session/da7f42de234ee122e0f4ded60e4b8c07/element/f.69C6A966BE3F374529091A689B6300C0.d.46F99E2220694AA0A16CF72866C57361.e.3252/clear - {}
RESULT: {}
COMMAND: POST /session/da7f42de234ee122e0f4ded60e4b8c07/element/f.69C6A966BE3F374529091A689B6300C0.d.46F99E2220694AA0A16CF72866C57361.e.3252/value - {"text":"WebdriverYardcgyme"}
COMMAND: GET /session/da7f42de234ee122e0f4ded60e4b8c07/screenshot - {}
RESULT: {"text":"WebdriverYardcgyme"}
COMMAND: GET /session/da7f42de234ee122e0f4ded60e4b8c07/screenshot - {}
RESULT: {}
RESULT: {}
COMMAND: POST /session/da7f42de234ee122e0f4ded60e4b8c07/actions - {"actions":[{"id":"action6","type":"key","parameters":{},"actions":[{"type":"keyDown","value":"î€‡"},{"type":"pause","duration":10},{"type":"keyUp","value":"î€‡"}]}]}
RESULT: {"actions":[{"id":"action6","type":"key","parameters":{},"actions":[{"type":"keyDown","value":"î€‡"},{"type":"pause","duration":10},{"type":"keyUp","value":"î€‡"}]}]}
COMMAND: GET /session/da7f42de234ee122e0f4ded60e4b8c07/screenshot - {}
RESULT: {}
COMMAND: POST /session/da7f42de234ee122e0f4ded60e4b8c07/execute/async - {"script":"<script> [1562 bytes]","args":[{"selector":{"controlType":"sap.m.Button","viewName":"reusables.view.manageresources.NewResourceUnit","viewId":"application-manageresources-display-component---newResourceUnit","i18NText":{"propertyName":"tooltip","key":"save"},"interaction":{"idSuffix":"BDI-content"}},"wdio_ui5_key":"reusablesview.manageresources.NewResourceUnitsap.m.Button{\"propertyName\":\"tooltip\",\"key\":\"save\"}"}]}
RESULT: {"script":"<script> [1562 bytes]","args":[{"selector":{"controlType":"sap.m.Button","viewName":"reusables.view.manageresources.NewResourceUnit","viewId":"application-manageresources-display-component---newResourceUnit","i18NText":{"propertyName":"tooltip","key":"save"},"interaction":{"idSuffix":"BDI-content"}},"wdio_ui5_key":"reusablesview.manageresources.NewResourceUnitsap.m.Button{\"propertyName\":\"tooltip\",\"key\":\"save\"}"}]}
RESULT: undefined
COMMAND: POST /session/da7f42de234ee122e0f4ded60e4b8c07/element - {"using":"xpath","value":"//*[@id=\"application-manageresources-display-component---newResourceUnit--createRuButton\"]"}
RESULT: {"using":"xpath","value":"//*[@id=\"application-manageresources-display-component---newResourceUnit--createRuButton\"]"}
COMMAND: POST /session/da7f42de234ee122e0f4ded60e4b8c07/element/f.69C6A966BE3F374529091A689B6300C0.d.46F99E2220694AA0A16CF72866C57361.e.3114/click - {}
RESULT: {}
COMMAND: GET /session/da7f42de234ee122e0f4ded60e4b8c07/screenshot - {}
RESULT: {}
COMMAND: POST /session/da7f42de234ee122e0f4ded60e4b8c07/execute/async - {"script":"<script> [1562 bytes]","args":[{"selector":{"controlType":"sap.m.Title","properties":{"text":"Success"},"searchOpenDialogs":true},"wdio_ui5_key":"sapm.Title{\"text\":\"Success\"}"}]}
RESULT: {"script":"<script> [1562 bytes]","args":[{"selector":{"controlType":"sap.m.Title","properties":{"text":"Success"},"searchOpenDialogs":true},"wdio_ui5_key":"sapm.Title{\"text\":\"Success\"}"}]}
RESULT: undefined
COMMAND: POST /session/da7f42de234ee122e0f4ded60e4b8c07/execute/async - {"script":"<script> [6424 bytes]","args":[{"element-6066-11e4-a52e-4f735466cecf":"f.69C6A966BE3F374529091A689B6300C0.d.46F99E2220694AA0A16CF72866C57361.e.3267"},"getText",[]]}
RESULT: {"script":"<script> [6424 bytes]","args":[{"element-6066-11e4-a52e-4f735466cecf":"f.69C6A966BE3F374529091A689B6300C0.d.46F99E2220694AA0A16CF72866C57361.e.3267"},"getText",[]]}
COMMAND: POST /session/da7f42de234ee122e0f4ded60e4b8c07/element - {"using":"xpath","value":"//*[contains(@id, '__text') and (contains(text(), 'successfully created') or contains(., 'successfully created'))]"}
RESULT: {"using":"xpath","value":"//*[contains(@id, '__text') and (contains(text(), 'successfully created') or contains(., 'successfully created'))]"}
COMMAND: GET /session/da7f42de234ee122e0f4ded60e4b8c07/element/f.69C6A966BE3F374529091A689B6300C0.d.46F99E2220694AA0A16CF72866C57361.e.3266/text - {}
RESULT: {}
COMMAND: POST /session/da7f42de234ee122e0f4ded60e4b8c07/execute/async - {"script":"<script> [1562 bytes]","args":[{"selector":{"controlType":"sap.m.Button","properties":{"text":"Close"},"searchOpenDialogs":true,"interaction":{"idSuffix":"BDI-content"}},"wdio_ui5_key":"sapm.Button{\"text\":\"Close\"}"}]}
RESULT: {"script":"<script> [1562 bytes]","args":[{"selector":{"controlType":"sap.m.Button","properties":{"text":"Close"},"searchOpenDialogs":true,"interaction":{"idSuffix":"BDI-content"}},"wdio_ui5_key":"sapm.Button{\"text\":\"Close\"}"}]}
RESULT: undefined
COMMAND: POST /session/da7f42de234ee122e0f4ded60e4b8c07/element - {"using":"xpath","value":"//*[@id=\"__mbox-btn-0\"]"}
RESULT: {"using":"xpath","value":"//*[@id=\"__mbox-btn-0\"]"}
COMMAND: POST /session/da7f42de234ee122e0f4ded60e4b8c07/element/f.69C6A966BE3F374529091A689B6300C0.d.46F99E2220694AA0A16CF72866C57361.e.3264/click - {}
RESULT: {}
COMMAND: GET /session/da7f42de234ee122e0f4ded60e4b8c07/screenshot - {}
RESULT: {}
COMMAND: POST /session/da7f42de234ee122e0f4ded60e4b8c07/execute/async - {"script":"<script> [1562 bytes]","args":[{"selector":{"controlType":"sap.ui.core.Icon","viewName":"etm.portal.ui.manageresources.view.Detail","viewId":"application-manageresources-display-component---detailRU","properties":{"src":{"regex":{"source":"overflow"}}}},"wdio_ui5_key":"etmportal.ui.manageresources.view.Detailsap.ui.core.Icon{\"src\":{\"regex\":{\"source\":\"overflow\"}}}"}]}
RESULT: {"script":"<script> [1562 bytes]","args":[{"selector":{"controlType":"sap.ui.core.Icon","viewName":"etm.portal.ui.manageresources.view.Detail","viewId":"application-manageresources-display-component---detailRU","properties":{"src":{"regex":{"source":"overflow"}}}},"wdio_ui5_key":"etmportal.ui.manageresources.view.Detailsap.ui.core.Icon{\"src\":{\"regex\":{\"source\":\"overflow\"}}}"}]}
RESULT: undefined
COMMAND: POST /session/da7f42de234ee122e0f4ded60e4b8c07/element - {"using":"xpath","value":"//*[@id=\"__title36-_actionsToolbar-overflowButton-img\"]"}
RESULT: {"using":"xpath","value":"//*[@id=\"__title36-_actionsToolbar-overflowButton-img\"]"}
COMMAND: POST /session/da7f42de234ee122e0f4ded60e4b8c07/element/f.69C6A966BE3F374529091A689B6300C0.d.46F99E2220694AA0A16CF72866C57361.e.3301/click - {}
RESULT: {}
COMMAND: POST /session/da7f42de234ee122e0f4ded60e4b8c07/execute/async - {"script":"<script> [1562 bytes]","args":[{"selector":{"controlType":"sap.m.Button","viewName":"etm.portal.ui.manageresources.view.Detail","viewId":"application-manageresources-display-component---detailRU","i18NText":{"propertyName":"tooltip","key":"closeColumn"},"searchOpenDialogs":true,"interaction":{"idSuffix":"inner"}},"wdio_ui5_key":"etmportal.ui.manageresources.view.Detailsap.m.Button{\"propertyName\":\"tooltip\",\"key\":\"closeColumn\"}"}]}
COMMAND: GET /session/da7f42de234ee122e0f4ded60e4b8c07/screenshot - {}
RESULT: {"script":"<script> [1562 bytes]","args":[{"selector":{"controlType":"sap.m.Button","viewName":"etm.portal.ui.manageresources.view.Detail","viewId":"application-manageresources-display-component---detailRU","i18NText":{"propertyName":"tooltip","key":"closeColumn"},"searchOpenDialogs":true,"interaction":{"idSuffix":"inner"}},"wdio_ui5_key":"etmportal.ui.manageresources.view.Detailsap.m.Button{\"propertyName\":\"tooltip\",\"key\":\"closeColumn\"}"}]}
RESULT: undefined
COMMAND: POST /session/da7f42de234ee122e0f4ded60e4b8c07/element - {"using":"xpath","value":"//*[@id=\"__button151\"]"}
RESULT: {}
RESULT: {"using":"xpath","value":"//*[@id=\"__button151\"]"}
COMMAND: POST /session/da7f42de234ee122e0f4ded60e4b8c07/element/f.69C6A966BE3F374529091A689B6300C0.d.46F99E2220694AA0A16CF72866C57361.e.3303/click - {}
RESULT: {}
COMMAND: GET /session/da7f42de234ee122e0f4ded60e4b8c07/screenshot - {}
RESULT: {}
COMMAND: POST /session/da7f42de234ee122e0f4ded60e4b8c07/refresh - {}
RESULT: {}
COMMAND: GET /session/da7f42de234ee122e0f4ded60e4b8c07/screenshot - {}
RESULT: {}
COMMAND: POST /session/da7f42de234ee122e0f4ded60e4b8c07/execute/async - {"script":"<script> [189 bytes]","args":[]}
RESULT: {"script":"<script> [189 bytes]","args":[]}
COMMAND: POST /session/da7f42de234ee122e0f4ded60e4b8c07/execute/async - {"script":"<script> [123 bytes]","args":[]}
RESULT: {"script":"<script> [123 bytes]","args":[]}
COMMAND: POST /session/da7f42de234ee122e0f4ded60e4b8c07/timeouts - {"script":"<number>"}
RESULT: {"script":"<number>"}
COMMAND: GET /session/da7f42de234ee122e0f4ded60e4b8c07/timeouts - {}
RESULT: {}
RESULT: undefined
COMMAND: POST /session/da7f42de234ee122e0f4ded60e4b8c07/execute/async - {"script":"<script> [2676 bytes]","args":[]}
RESULT: {"script":"<script> [2676 bytes]","args":[]}
COMMAND: POST /session/da7f42de234ee122e0f4ded60e4b8c07/execute/async - {"script":"<script> [2342 bytes]","args":[{"protocol":"http","hostname":"0.0.0.0","path":"/","capabilities":{"browserName":"chrome","goog:chromeOptions":{"binary":"C:\\Program Files\\Google\\Chrome\\Application\\chrome.exe","args":["--start-maximized"]}},"logLevel":"warn","connectionRetryTimeout":120000,"connectionRetryCount":3,"logLevels":{},"enableDirectConnect":true,"strictSSL":true,"_":"65 more keys: [\"cacheDir\",\"port\",\"requestedCapabilities\",\"automationProtocol\",\"baseUrl\",\"waitforInterval\",\"waitforTimeout\",\"onReload\",\"beforeCommand\",\"afterCommand\",\"rootDir\",\"specs\",\"suites\",\"exclude\",\"groupLogsByTestSpec\",\"excludeDriverLogs\",\"bail\",\"framework\",\"reporters\",\"services\",\"maxInstances\",\"maxInstancesPerCapability\",\"injectGlobals\",\"filesToWatch\",\"execArgv\",\"runnerEnv\",\"runner\",\"shard\",\"specFileRetries\",\"specFileRetriesDelay\",\"specFileRetriesDeferred\",\"reporterSyncInterval\",\"reporterSyncTimeout\",\"cucumberFeaturesWithLineNumbers\",\"autoCompileOpts\",\"mochaOpts\",\"jasmineOpts\",\"cucumberOpts\",\"onPrepare\",\"onWorkerStart\",\"onWorkerEnd\",\"before\",\"beforeSession\",\"beforeSuite\",\"beforeHook\",\"beforeTest\",\"afterTest\",\"afterHook\",\"afterSuite\",\"afterSession\",\"after\",\"onComplete\",\"beforeAssertion\",\"afterAssertion\",\"beforeFeature\",\"beforeScenario\",\"beforeStep\",\"afterStep\",\"afterScenario\",\"afterFeature\",\"_\",\"suite\",\"$0\",\"ignoredWorkerServices\",\"wdi5\"]"}]}
RESULT: {"script":"<script> [2342 bytes]","args":[{"protocol":"http","hostname":"0.0.0.0","path":"/","capabilities":{"browserName":"chrome","goog:chromeOptions":{"binary":"C:\\Program Files\\Google\\Chrome\\Application\\chrome.exe","args":["--start-maximized"]}},"logLevel":"warn","connectionRetryTimeout":120000,"connectionRetryCount":3,"logLevels":{},"enableDirectConnect":true,"strictSSL":true,"_":"65 more keys: [\"cacheDir\",\"port\",\"requestedCapabilities\",\"automationProtocol\",\"baseUrl\",\"waitforInterval\",\"waitforTimeout\",\"onReload\",\"beforeCommand\",\"afterCommand\",\"rootDir\",\"specs\",\"suites\",\"exclude\",\"groupLogsByTestSpec\",\"excludeDriverLogs\",\"bail\",\"framework\",\"reporters\",\"services\",\"maxInstances\",\"maxInstancesPerCapability\",\"injectGlobals\",\"filesToWatch\",\"execArgv\",\"runnerEnv\",\"runner\",\"shard\",\"specFileRetries\",\"specFileRetriesDelay\",\"specFileRetriesDeferred\",\"reporterSyncInterval\",\"reporterSyncTimeout\",\"cucumberFeaturesWithLineNumbers\",\"autoCompileOpts\",\"mochaOpts\",\"jasmineOpts\",\"cucumberOpts\",\"onPrepare\",\"onWorkerStart\",\"onWorkerEnd\",\"before\",\"beforeSession\",\"beforeSuite\",\"beforeHook\",\"beforeTest\",\"afterTest\",\"afterHook\",\"afterSuite\",\"afterSession\",\"after\",\"onComplete\",\"beforeAssertion\",\"afterAssertion\",\"beforeFeature\",\"beforeScenario\",\"beforeStep\",\"afterStep\",\"afterScenario\",\"afterFeature\",\"_\",\"suite\",\"$0\",\"ignoredWorkerServices\",\"wdi5\"]"}]}
COMMAND: POST /session/da7f42de234ee122e0f4ded60e4b8c07/execute/async - {"script":"<script> [21126 bytes]","args":[35000]}
RESULT: {"script":"<script> [21126 bytes]","args":[35000]}
COMMAND: POST /session/da7f42de234ee122e0f4ded60e4b8c07/element - {"using":"css selector","value":"#shell-header-logo"}
RESULT: {"using":"css selector","value":"#shell-header-logo"}
COMMAND: POST /session/da7f42de234ee122e0f4ded60e4b8c07/element/f.69C6A966BE3F374529091A689B6300C0.d.74D13892D9425E746E02535D225021AB.e.3401/click - {}
RESULT: {}
COMMAND: GET /session/da7f42de234ee122e0f4ded60e4b8c07/screenshot - {}
RESULT: {}
COMMAND: POST /session/da7f42de234ee122e0f4ded60e4b8c07/execute/async - {"script":"<script> [1562 bytes]","args":[{"selector":{"controlType":"sap.m.GenericTile","properties":{"header":"Manage Resources"}},"wdio_ui5_key":"sapm.GenericTile{\"header\":\"Manage Resources\"}"}]}
RESULT: {"script":"<script> [1562 bytes]","args":[{"selector":{"controlType":"sap.m.GenericTile","properties":{"header":"Manage Resources"}},"wdio_ui5_key":"sapm.GenericTile{\"header\":\"Manage Resources\"}"}]}
RESULT: undefined
COMMAND: POST /session/da7f42de234ee122e0f4ded60e4b8c07/element - {"using":"xpath","value":"//*[@id=\"__tile39\"]"}
RESULT: {"using":"xpath","value":"//*[@id=\"__tile39\"]"}
COMMAND: POST /session/da7f42de234ee122e0f4ded60e4b8c07/element/f.69C6A966BE3F374529091A689B6300C0.d.74D13892D9425E746E02535D225021AB.e.3586/click - {}
RESULT: {}
COMMAND: GET /session/da7f42de234ee122e0f4ded60e4b8c07/screenshot - {}
COMMAND: POST /session/da7f42de234ee122e0f4ded60e4b8c07/elements - {"using":"xpath","value":"//span[text()='Error']"}
RESULT: {}
RESULT: {"using":"xpath","value":"//span[text()='Error']"}
COMMAND: POST /session/da7f42de234ee122e0f4ded60e4b8c07/element - {"using":"xpath","value":"//button[@data-kt=\"addNewRUOverflowToolbarButton\"]"}
RESULT: {"using":"xpath","value":"//button[@data-kt=\"addNewRUOverflowToolbarButton\"]"}
COMMAND: POST /session/da7f42de234ee122e0f4ded60e4b8c07/execute/sync - {"script":"<script> [8489 bytes]","args":[{"element-6066-11e4-a52e-4f735466cecf":"f.69C6A966BE3F374529091A689B6300C0.d.74D13892D9425E746E02535D225021AB.e.3627","ELEMENT":"f.69C6A966BE3F374529091A689B6300C0.d.74D13892D9425E746E02535D225021AB.e.3627"}]}
RESULT: {"script":"<script> [8489 bytes]","args":[{"element-6066-11e4-a52e-4f735466cecf":"f.69C6A966BE3F374529091A689B6300C0.d.74D13892D9425E746E02535D225021AB.e.3627","ELEMENT":"f.69C6A966BE3F374529091A689B6300C0.d.74D13892D9425E746E02535D225021AB.e.3627"}]}
COMMAND: POST /session/da7f42de234ee122e0f4ded60e4b8c07/element/f.69C6A966BE3F374529091A689B6300C0.d.74D13892D9425E746E02535D225021AB.e.3627/click - {}
COMMAND: GET /session/da7f42de234ee122e0f4ded60e4b8c07/screenshot - {}
RESULT: {}
COMMAND: GET /session/da7f42de234ee122e0f4ded60e4b8c07/screenshot - {}
RESULT: {}
RESULT: {}
COMMAND: POST /session/da7f42de234ee122e0f4ded60e4b8c07/execute/async - {"script":"<script> [1562 bytes]","args":[{"selector":{"id":"application-manageresources-display-component---newResourceUnit--TYPE-arrow"},"wdio_ui5_key":"applicationmanageresources-display-component---newResourceUnit--TYPE-arrow"}]}
RESULT: {"script":"<script> [1562 bytes]","args":[{"selector":{"id":"application-manageresources-display-component---newResourceUnit--TYPE-arrow"},"wdio_ui5_key":"applicationmanageresources-display-component---newResourceUnit--TYPE-arrow"}]}
RESULT: undefined
COMMAND: POST /session/da7f42de234ee122e0f4ded60e4b8c07/element - {"using":"xpath","value":"//*[@id=\"application-manageresources-display-component---newResourceUnit--TYPE-arrow\"]"}
RESULT: {"using":"xpath","value":"//*[@id=\"application-manageresources-display-component---newResourceUnit--TYPE-arrow\"]"}
COMMAND: POST /session/da7f42de234ee122e0f4ded60e4b8c07/element/f.69C6A966BE3F374529091A689B6300C0.d.74D13892D9425E746E02535D225021AB.e.3951/click - {}
RESULT: {}
COMMAND: POST /session/da7f42de234ee122e0f4ded60e4b8c07/execute/async - {"script":"<script> [1562 bytes]","args":[{"selector":{"controlType":"sap.m.StandardListItem","viewName":"reusables.view.manageresources.NewResourceUnit","viewId":"application-manageresources-display-component---newResourceUnit","properties":{"title":"Equipment"},"searchOpenDialogs":true,"interaction":{"idSuffix":"content"}},"wdio_ui5_key":"reusablesview.manageresources.NewResourceUnitsap.m.StandardListItem{\"title\":\"Equipment\"}"}]}
COMMAND: GET /session/da7f42de234ee122e0f4ded60e4b8c07/screenshot - {}
RESULT: {"script":"<script> [1562 bytes]","args":[{"selector":{"controlType":"sap.m.StandardListItem","viewName":"reusables.view.manageresources.NewResourceUnit","viewId":"application-manageresources-display-component---newResourceUnit","properties":{"title":"Equipment"},"searchOpenDialogs":true,"interaction":{"idSuffix":"content"}},"wdio_ui5_key":"reusablesview.manageresources.NewResourceUnitsap.m.StandardListItem{\"title\":\"Equipment\"}"}]}
RESULT: undefined
COMMAND: POST /session/da7f42de234ee122e0f4ded60e4b8c07/element - {"using":"xpath","value":"//*[@id=\"__item185\"]"}
RESULT: {}
RESULT: {"using":"xpath","value":"//*[@id=\"__item185\"]"}
COMMAND: POST /session/da7f42de234ee122e0f4ded60e4b8c07/element/f.69C6A966BE3F374529091A689B6300C0.d.74D13892D9425E746E02535D225021AB.e.3954/click - {}
RESULT: {}
COMMAND: POST /session/da7f42de234ee122e0f4ded60e4b8c07/execute/async - {"script":"<script> [1562 bytes]","args":[{"selector":{"id":"application-manageresources-display-component---newResourceUnit--resourceId","interaction":{"idSuffix":"inner"}},"wdio_ui5_key":"applicationmanageresources-display-component---newResourceUnit--resourceId"}]}
COMMAND: GET /session/da7f42de234ee122e0f4ded60e4b8c07/screenshot - {}
RESULT: {"script":"<script> [1562 bytes]","args":[{"selector":{"id":"application-manageresources-display-component---newResourceUnit--resourceId","interaction":{"idSuffix":"inner"}},"wdio_ui5_key":"applicationmanageresources-display-component---newResourceUnit--resourceId"}]}
RESULT: undefined
COMMAND: POST /session/da7f42de234ee122e0f4ded60e4b8c07/execute/async - {"script":"<script> [776 bytes]","args":[{"enterText":"WdIOTestEquip9gttw","selector":{"id":"application-manageresources-display-component---newResourceUnit--resourceId","interaction":{"idSuffix":"inner"}},"clearTextFirst":true,"interactionType":"ENTER_TEXT"}]}
RESULT: {}
RESULT: {"script":"<script> [776 bytes]","args":[{"enterText":"WdIOTestEquip9gttw","selector":{"id":"application-manageresources-display-component---newResourceUnit--resourceId","interaction":{"idSuffix":"inner"}},"clearTextFirst":true,"interactionType":"ENTER_TEXT"}]}
COMMAND: POST /session/da7f42de234ee122e0f4ded60e4b8c07/execute/async - {"script":"<script> [1562 bytes]","args":[{"selector":{"id":"application-manageresources-display-component---newResourceUnit--SHORT_TEXT","interaction":{"idSuffix":"inner"}},"wdio_ui5_key":"applicationmanageresources-display-component---newResourceUnit--SHORT_TEXT"}]}
RESULT: {"script":"<script> [1562 bytes]","args":[{"selector":{"id":"application-manageresources-display-component---newResourceUnit--SHORT_TEXT","interaction":{"idSuffix":"inner"}},"wdio_ui5_key":"applicationmanageresources-display-component---newResourceUnit--SHORT_TEXT"}]}
RESULT: undefined
COMMAND: POST /session/da7f42de234ee122e0f4ded60e4b8c07/execute/async - {"script":"<script> [776 bytes]","args":[{"enterText":"WdIOTestEquip9gttw","selector":{"id":"application-manageresources-display-component---newResourceUnit--SHORT_TEXT","interaction":{"idSuffix":"inner"}},"clearTextFirst":true,"interactionType":"ENTER_TEXT"}]}
RESULT: {"script":"<script> [776 bytes]","args":[{"enterText":"WdIOTestEquip9gttw","selector":{"id":"application-manageresources-display-component---newResourceUnit--SHORT_TEXT","interaction":{"idSuffix":"inner"}},"clearTextFirst":true,"interactionType":"ENTER_TEXT"}]}
COMMAND: POST /session/da7f42de234ee122e0f4ded60e4b8c07/execute/async - {"script":"<script> [1562 bytes]","args":[{"selector":{"id":"application-manageresources-display-component---newResourceUnit--BASE_UNIT_OF_MEASURE","interaction":{"idSuffix":"inner"}},"wdio_ui5_key":"applicationmanageresources-display-component---newResourceUnit--BASE_UNIT_OF_MEASURE"}]}
RESULT: {"script":"<script> [1562 bytes]","args":[{"selector":{"id":"application-manageresources-display-component---newResourceUnit--BASE_UNIT_OF_MEASURE","interaction":{"idSuffix":"inner"}},"wdio_ui5_key":"applicationmanageresources-display-component---newResourceUnit--BASE_UNIT_OF_MEASURE"}]}
RESULT: undefined
COMMAND: POST /session/da7f42de234ee122e0f4ded60e4b8c07/execute/async - {"script":"<script> [776 bytes]","args":[{"enterText":"Piece","selector":{"id":"application-manageresources-display-component---newResourceUnit--BASE_UNIT_OF_MEASURE","interaction":{"idSuffix":"inner"}},"clearTextFirst":true,"interactionType":"ENTER_TEXT"}]}
RESULT: {"script":"<script> [776 bytes]","args":[{"enterText":"Piece","selector":{"id":"application-manageresources-display-component---newResourceUnit--BASE_UNIT_OF_MEASURE","interaction":{"idSuffix":"inner"}},"clearTextFirst":true,"interactionType":"ENTER_TEXT"}]}
COMMAND: POST /session/da7f42de234ee122e0f4ded60e4b8c07/execute/async - {"script":"<script> [1562 bytes]","args":[{"selector":{"id":"application-manageresources-display-component---newResourceUnit--WEIGHT_UNIT","interaction":{"idSuffix":"inner"}},"wdio_ui5_key":"applicationmanageresources-display-component---newResourceUnit--WEIGHT_UNIT"}]}
RESULT: {"script":"<script> [1562 bytes]","args":[{"selector":{"id":"application-manageresources-display-component---newResourceUnit--WEIGHT_UNIT","interaction":{"idSuffix":"inner"}},"wdio_ui5_key":"applicationmanageresources-display-component---newResourceUnit--WEIGHT_UNIT"}]}
RESULT: undefined
COMMAND: POST /session/da7f42de234ee122e0f4ded60e4b8c07/execute/async - {"script":"<script> [776 bytes]","args":[{"enterText":"Gram","selector":{"id":"application-manageresources-display-component---newResourceUnit--WEIGHT_UNIT","interaction":{"idSuffix":"inner"}},"clearTextFirst":true,"interactionType":"ENTER_TEXT"}]}
RESULT: {"script":"<script> [776 bytes]","args":[{"enterText":"Gram","selector":{"id":"application-manageresources-display-component---newResourceUnit--WEIGHT_UNIT","interaction":{"idSuffix":"inner"}},"clearTextFirst":true,"interactionType":"ENTER_TEXT"}]}
COMMAND: POST /session/da7f42de234ee122e0f4ded60e4b8c07/execute/async - {"script":"<script> [1562 bytes]","args":[{"selector":{"id":"application-manageresources-display-component---newResourceUnit--newRRUPage-OPHeaderContent-collapseBtn-img"},"wdio_ui5_key":"applicationmanageresources-display-component---newResourceUnit--newRRUPage-OPHeaderContent-collapseBtn-img"}]}
RESULT: {"script":"<script> [1562 bytes]","args":[{"selector":{"id":"application-manageresources-display-component---newResourceUnit--newRRUPage-OPHeaderContent-collapseBtn-img"},"wdio_ui5_key":"applicationmanageresources-display-component---newResourceUnit--newRRUPage-OPHeaderContent-collapseBtn-img"}]}
RESULT: undefined
COMMAND: POST /session/da7f42de234ee122e0f4ded60e4b8c07/element - {"using":"xpath","value":"//*[@id=\"application-manageresources-display-component---newResourceUnit--newRRUPage-OPHeaderContent-collapseBtn-img\"]"}
RESULT: {"using":"xpath","value":"//*[@id=\"application-manageresources-display-component---newResourceUnit--newRRUPage-OPHeaderContent-collapseBtn-img\"]"}
COMMAND: POST /session/da7f42de234ee122e0f4ded60e4b8c07/element/f.69C6A966BE3F374529091A689B6300C0.d.74D13892D9425E746E02535D225021AB.e.3962/click - {}
RESULT: {}
COMMAND: GET /session/da7f42de234ee122e0f4ded60e4b8c07/screenshot - {}
RESULT: {}
COMMAND: POST /session/da7f42de234ee122e0f4ded60e4b8c07/element - {"using":"xpath","value":"(//span[contains(@id ,\"application-manageresources-display-component---newResourceUnit--DIMENSION_UNIT-arrow\")])[1]"}
RESULT: {"using":"xpath","value":"(//span[contains(@id ,\"application-manageresources-display-component---newResourceUnit--DIMENSION_UNIT-arrow\")])[1]"}
COMMAND: POST /session/da7f42de234ee122e0f4ded60e4b8c07/element/f.69C6A966BE3F374529091A689B6300C0.d.74D13892D9425E746E02535D225021AB.e.4113/click - {}
RESULT: {}
COMMAND: GET /session/da7f42de234ee122e0f4ded60e4b8c07/screenshot - {}
RESULT: {}
COMMAND: POST /session/da7f42de234ee122e0f4ded60e4b8c07/execute/async - {"script":"<script> [1562 bytes]","args":[{"selector":{"controlType":"sap.m.StandardListItem","viewName":"reusables.view.manageresources.NewResourceUnit","viewId":"application-manageresources-display-component---newResourceUnit","properties":{"title":"Centimeter"},"searchOpenDialogs":true,"interaction":{"idSuffix":"titleText"}},"wdio_ui5_key":"reusablesview.manageresources.NewResourceUnitsap.m.StandardListItem{\"title\":\"Centimeter\"}"}]}
RESULT: {"script":"<script> [1562 bytes]","args":[{"selector":{"controlType":"sap.m.StandardListItem","viewName":"reusables.view.manageresources.NewResourceUnit","viewId":"application-manageresources-display-component---newResourceUnit","properties":{"title":"Centimeter"},"searchOpenDialogs":true,"interaction":{"idSuffix":"titleText"}},"wdio_ui5_key":"reusablesview.manageresources.NewResourceUnitsap.m.StandardListItem{\"title\":\"Centimeter\"}"}]}
RESULT: undefined
COMMAND: POST /session/da7f42de234ee122e0f4ded60e4b8c07/element - {"using":"xpath","value":"//*[@id=\"__item245\"]"}
RESULT: {"using":"xpath","value":"//*[@id=\"__item245\"]"}
COMMAND: POST /session/da7f42de234ee122e0f4ded60e4b8c07/element/f.69C6A966BE3F374529091A689B6300C0.d.74D13892D9425E746E02535D225021AB.e.4115/click - {}
RESULT: {}
COMMAND: GET /session/da7f42de234ee122e0f4ded60e4b8c07/screenshot - {}
RESULT: {}
COMMAND: POST /session/da7f42de234ee122e0f4ded60e4b8c07/execute/async - {"script":"<script> [1562 bytes]","args":[{"selector":{"id":"application-manageresources-display-component---newResourceUnit--newRRUPage-anchBar-application-manageresources-display-component---newResourceUnit--control-anchor","interaction":{"idSuffix":"BDI-content"}},"wdio_ui5_key":"applicationmanageresources-display-component---newResourceUnit--newRRUPage-anchBar-application-manageresources-display-component---newResourceUnit--control-anchor"}]}
RESULT: {"script":"<script> [1562 bytes]","args":[{"selector":{"id":"application-manageresources-display-component---newResourceUnit--newRRUPage-anchBar-application-manageresources-display-component---newResourceUnit--control-anchor","interaction":{"idSuffix":"BDI-content"}},"wdio_ui5_key":"applicationmanageresources-display-component---newResourceUnit--newRRUPage-anchBar-application-manageresources-display-component---newResourceUnit--control-anchor"}]}
RESULT: undefined
COMMAND: POST /session/da7f42de234ee122e0f4ded60e4b8c07/element - {"using":"xpath","value":"//*[@id=\"application-manageresources-display-component---newResourceUnit--newRRUPage-anchBar-application-manageresources-display-component---newResourceUnit--control-anchor\"]"}
RESULT: {"using":"xpath","value":"//*[@id=\"application-manageresources-display-component---newResourceUnit--newRRUPage-anchBar-application-manageresources-display-component---newResourceUnit--control-anchor\"]"}
COMMAND: POST /session/da7f42de234ee122e0f4ded60e4b8c07/element/f.69C6A966BE3F374529091A689B6300C0.d.74D13892D9425E746E02535D225021AB.e.4117/click - {}
RESULT: {}
COMMAND: POST /session/da7f42de234ee122e0f4ded60e4b8c07/execute/async - {"script":"<script> [1562 bytes]","args":[{"selector":{"id":"application-manageresources-display-component---newResourceUnit--PLANNING_GROUP","interaction":{"idSuffix":"inner"}},"wdio_ui5_key":"applicationmanageresources-display-component---newResourceUnit--PLANNING_GROUP"}]}
COMMAND: GET /session/da7f42de234ee122e0f4ded60e4b8c07/screenshot - {}
RESULT: {"script":"<script> [1562 bytes]","args":[{"selector":{"id":"application-manageresources-display-component---newResourceUnit--PLANNING_GROUP","interaction":{"idSuffix":"inner"}},"wdio_ui5_key":"applicationmanageresources-display-component---newResourceUnit--PLANNING_GROUP"}]}
RESULT: undefined
COMMAND: POST /session/da7f42de234ee122e0f4ded60e4b8c07/execute/async - {"script":"<script> [776 bytes]","args":[{"enterText":"Heavy Equi","selector":{"id":"application-manageresources-display-component---newResourceUnit--PLANNING_GROUP","interaction":{"idSuffix":"inner"}},"clearTextFirst":true,"interactionType":"ENTER_TEXT"}]}
RESULT: {}
RESULT: {"script":"<script> [776 bytes]","args":[{"enterText":"Heavy Equi","selector":{"id":"application-manageresources-display-component---newResourceUnit--PLANNING_GROUP","interaction":{"idSuffix":"inner"}},"clearTextFirst":true,"interactionType":"ENTER_TEXT"}]}
COMMAND: POST /session/da7f42de234ee122e0f4ded60e4b8c07/execute/async - {"script":"<script> [1562 bytes]","args":[{"selector":{"id":"application-manageresources-display-component---newResourceUnit--ITEM_TYPE-arrow"},"wdio_ui5_key":"applicationmanageresources-display-component---newResourceUnit--ITEM_TYPE-arrow"}]}
RESULT: {"script":"<script> [1562 bytes]","args":[{"selector":{"id":"application-manageresources-display-component---newResourceUnit--ITEM_TYPE-arrow"},"wdio_ui5_key":"applicationmanageresources-display-component---newResourceUnit--ITEM_TYPE-arrow"}]}
RESULT: undefined
COMMAND: POST /session/da7f42de234ee122e0f4ded60e4b8c07/element - {"using":"xpath","value":"//*[@id=\"application-manageresources-display-component---newResourceUnit--ITEM_TYPE-arrow\"]"}
RESULT: {"using":"xpath","value":"//*[@id=\"application-manageresources-display-component---newResourceUnit--ITEM_TYPE-arrow\"]"}
COMMAND: POST /session/da7f42de234ee122e0f4ded60e4b8c07/element/f.69C6A966BE3F374529091A689B6300C0.d.74D13892D9425E746E02535D225021AB.e.4123/click - {}
RESULT: {}
COMMAND: POST /session/da7f42de234ee122e0f4ded60e4b8c07/execute/async - {"script":"<script> [1562 bytes]","args":[{"selector":{"controlType":"sap.m.StandardListItem","viewName":"reusables.view.manageresources.NewResourceUnit","viewId":"application-manageresources-display-component---newResourceUnit","properties":{"title":"Resource Unit"},"searchOpenDialogs":true,"interaction":{"idSuffix":"titleText"}},"wdio_ui5_key":"reusablesview.manageresources.NewResourceUnitsap.m.StandardListItem{\"title\":\"Resource Unit\"}"}]}
COMMAND: GET /session/da7f42de234ee122e0f4ded60e4b8c07/screenshot - {}
RESULT: {"script":"<script> [1562 bytes]","args":[{"selector":{"controlType":"sap.m.StandardListItem","viewName":"reusables.view.manageresources.NewResourceUnit","viewId":"application-manageresources-display-component---newResourceUnit","properties":{"title":"Resource Unit"},"searchOpenDialogs":true,"interaction":{"idSuffix":"titleText"}},"wdio_ui5_key":"reusablesview.manageresources.NewResourceUnitsap.m.StandardListItem{\"title\":\"Resource Unit\"}"}]}
RESULT: undefined
COMMAND: POST /session/da7f42de234ee122e0f4ded60e4b8c07/element - {"using":"xpath","value":"//*[@id=\"__item267\"]"}
RESULT: {}
RESULT: {"using":"xpath","value":"//*[@id=\"__item267\"]"}
COMMAND: POST /session/da7f42de234ee122e0f4ded60e4b8c07/element/f.69C6A966BE3F374529091A689B6300C0.d.74D13892D9425E746E02535D225021AB.e.4125/click - {}
RESULT: {}
COMMAND: POST /session/da7f42de234ee122e0f4ded60e4b8c07/element - {"using":"xpath","value":"//bdi[contains(text(), \"Time Segment\")]"}
COMMAND: GET /session/da7f42de234ee122e0f4ded60e4b8c07/screenshot - {}
RESULT: {"using":"xpath","value":"//bdi[contains(text(), \"Time Segment\")]"}
COMMAND: GET /session/da7f42de234ee122e0f4ded60e4b8c07/element/f.69C6A966BE3F374529091A689B6300C0.d.74D13892D9425E746E02535D225021AB.e.4132/rect - {}
RESULT: {}
RESULT: {}
COMMAND: GET /session/da7f42de234ee122e0f4ded60e4b8c07/window/rect - {}
RESULT: {}
COMMAND: POST /session/da7f42de234ee122e0f4ded60e4b8c07/execute/sync - {"script":"<script> [92 bytes]","args":[]}
RESULT: {"script":"<script> [92 bytes]","args":[]}
COMMAND: POST /session/da7f42de234ee122e0f4ded60e4b8c07/actions - {"actions":[{"id":"action7","type":"wheel","parameters":{},"actions":[{"type":"scroll","x":-1820,"y":-21,"deltaX":0,"deltaY":0,"duration":0,"origin":{"element-6066-11e4-a52e-4f735466cecf":"f.69C6A966BE3F374529091A689B6300C0.d.74D13892D9425E746E02535D225021AB.e.4132"}}]}]}
COMMAND: GET /session/da7f42de234ee122e0f4ded60e4b8c07/screenshot - {}
RESULT: {}
COMMAND: POST /session/da7f42de234ee122e0f4ded60e4b8c07/execute/sync - {"script":"<script> [79 bytes]","args":[{"element-6066-11e4-a52e-4f735466cecf":"f.69C6A966BE3F374529091A689B6300C0.d.74D13892D9425E746E02535D225021AB.e.4132","ELEMENT":"f.69C6A966BE3F374529091A689B6300C0.d.74D13892D9425E746E02535D225021AB.e.4132"},{"block":"start","inline":"nearest"}]}
RESULT: {"script":"<script> [79 bytes]","args":[{"element-6066-11e4-a52e-4f735466cecf":"f.69C6A966BE3F374529091A689B6300C0.d.74D13892D9425E746E02535D225021AB.e.4132","ELEMENT":"f.69C6A966BE3F374529091A689B6300C0.d.74D13892D9425E746E02535D225021AB.e.4132"},{"block":"start","inline":"nearest"}]}
COMMAND: POST /session/da7f42de234ee122e0f4ded60e4b8c07/execute/async - {"script":"<script> [1562 bytes]","args":[{"selector":{"id":"application-manageresources-display-component---newResourceUnit--btnAddTimeSegment-img"},"wdio_ui5_key":"applicationmanageresources-display-component---newResourceUnit--btnAddTimeSegment-img"}]}
COMMAND: GET /session/da7f42de234ee122e0f4ded60e4b8c07/screenshot - {}
RESULT: {"script":"<script> [1562 bytes]","args":[{"selector":{"id":"application-manageresources-display-component---newResourceUnit--btnAddTimeSegment-img"},"wdio_ui5_key":"applicationmanageresources-display-component---newResourceUnit--btnAddTimeSegment-img"}]}
RESULT: undefined
COMMAND: POST /session/da7f42de234ee122e0f4ded60e4b8c07/element - {"using":"xpath","value":"//*[@id=\"application-manageresources-display-component---newResourceUnit--btnAddTimeSegment-img\"]"}
RESULT: {}
RESULT: {"using":"xpath","value":"//*[@id=\"application-manageresources-display-component---newResourceUnit--btnAddTimeSegment-img\"]"}
COMMAND: POST /session/da7f42de234ee122e0f4ded60e4b8c07/element/f.69C6A966BE3F374529091A689B6300C0.d.74D13892D9425E746E02535D225021AB.e.4135/click - {}
RESULT: {}
COMMAND: GET /session/da7f42de234ee122e0f4ded60e4b8c07/screenshot - {}
RESULT: {}
COMMAND: POST /session/da7f42de234ee122e0f4ded60e4b8c07/element - {"using":"xpath","value":"//input[@id=\"application-manageresources-display-component---newResourceUnit--idRuTSAdmin-application-manageresources-display-component---newResourceUnit--RUTimeSegment-0-inner\"]"}
RESULT: {"using":"xpath","value":"//input[@id=\"application-manageresources-display-component---newResourceUnit--idRuTSAdmin-application-manageresources-display-component---newResourceUnit--RUTimeSegment-0-inner\"]"}
COMMAND: POST /session/da7f42de234ee122e0f4ded60e4b8c07/element/f.69C6A966BE3F374529091A689B6300C0.d.74D13892D9425E746E02535D225021AB.e.4139/clear - {}
RESULT: {}
COMMAND: POST /session/da7f42de234ee122e0f4ded60e4b8c07/element/f.69C6A966BE3F374529091A689B6300C0.d.74D13892D9425E746E02535D225021AB.e.4139/value - {"text":"WebdriverYardcgyme"}
COMMAND: GET /session/da7f42de234ee122e0f4ded60e4b8c07/screenshot - {}
RESULT: {"text":"WebdriverYardcgyme"}
COMMAND: GET /session/da7f42de234ee122e0f4ded60e4b8c07/screenshot - {}
RESULT: {}
RESULT: {}
COMMAND: POST /session/da7f42de234ee122e0f4ded60e4b8c07/actions - {"actions":[{"id":"action8","type":"key","parameters":{},"actions":[{"type":"keyDown","value":"î€‡"},{"type":"pause","duration":10},{"type":"keyUp","value":"î€‡"}]}]}
RESULT: {"actions":[{"id":"action8","type":"key","parameters":{},"actions":[{"type":"keyDown","value":"î€‡"},{"type":"pause","duration":10},{"type":"keyUp","value":"î€‡"}]}]}
COMMAND: POST /session/da7f42de234ee122e0f4ded60e4b8c07/execute/async - {"script":"<script> [1562 bytes]","args":[{"selector":{"controlType":"sap.ui.core.Icon","viewName":"reusables.view.manageresources.NewResourceUnit","viewId":"application-manageresources-display-component---newResourceUnit","properties":{"src":{"regex":{"source":"slim\\-arrow\\-down"}}},"ancestor":{"controlType":"sap.m.ComboBox","viewName":"reusables.view.manageresources.NewResourceUnit","viewId":"application-manageresources-display-component---newResourceUnit","bindingPath":{"path":"/RESOURCE_UNIT_TIME_SEQUENCES/0","propertyPath":"COST_OBJECT_ADMIN_CST_TYPE","modelName":"oNewRruModel"}}},"wdio_ui5_key":"reusablesview.manageresources.NewResourceUnitsap.ui.core.Icon{\"src\":{\"regex\":{\"source\":\"slim\\\\-arrow\\\\-down\"}}}{\"controlType\":\"sap.m.ComboBox\",\"viewName\":\"reusables.view.manageresources.NewResourceUnit\",\"viewId\":\"application-manageresources-display-component---newResourceUnit\",\"bindingPath\":{\"path\":\"/RESOURCE_UNIT_TIME_SEQUENCES/0\",\"propertyPath\":\"COST_OBJECT_ADMIN_CST_TYPE\",\"modelName\":\"oNewRruModel\"}}"}]}
COMMAND: GET /session/da7f42de234ee122e0f4ded60e4b8c07/screenshot - {}
RESULT: {"script":"<script> [1562 bytes]","args":[{"selector":{"controlType":"sap.ui.core.Icon","viewName":"reusables.view.manageresources.NewResourceUnit","viewId":"application-manageresources-display-component---newResourceUnit","properties":{"src":{"regex":{"source":"slim\\-arrow\\-down"}}},"ancestor":{"controlType":"sap.m.ComboBox","viewName":"reusables.view.manageresources.NewResourceUnit","viewId":"application-manageresources-display-component---newResourceUnit","bindingPath":{"path":"/RESOURCE_UNIT_TIME_SEQUENCES/0","propertyPath":"COST_OBJECT_ADMIN_CST_TYPE","modelName":"oNewRruModel"}}},"wdio_ui5_key":"reusablesview.manageresources.NewResourceUnitsap.ui.core.Icon{\"src\":{\"regex\":{\"source\":\"slim\\\\-arrow\\\\-down\"}}}{\"controlType\":\"sap.m.ComboBox\",\"viewName\":\"reusables.view.manageresources.NewResourceUnit\",\"viewId\":\"application-manageresources-display-component---newResourceUnit\",\"bindingPath\":{\"path\":\"/RESOURCE_UNIT_TIME_SEQUENCES/0\",\"propertyPath\":\"COST_OBJECT_ADMIN_CST_TYPE\",\"modelName\":\"oNewRruModel\"}}"}]}
RESULT: undefined
COMMAND: POST /session/da7f42de234ee122e0f4ded60e4b8c07/element - {"using":"xpath","value":"//*[@id=\"__box7-application-manageresources-display-component---newResourceUnit--RUTimeSegment-0-arrow\"]"}
RESULT: {}
RESULT: {"using":"xpath","value":"//*[@id=\"__box7-application-manageresources-display-component---newResourceUnit--RUTimeSegment-0-arrow\"]"}
COMMAND: POST /session/da7f42de234ee122e0f4ded60e4b8c07/element/f.69C6A966BE3F374529091A689B6300C0.d.74D13892D9425E746E02535D225021AB.e.4151/click - {}
RESULT: {}
COMMAND: POST /session/da7f42de234ee122e0f4ded60e4b8c07/execute/async - {"script":"<script> [1562 bytes]","args":[{"selector":{"controlType":"sap.m.StandardListItem","viewName":"reusables.view.manageresources.NewResourceUnit","viewId":"application-manageresources-display-component---newResourceUnit","properties":{"title":"PM Order"},"searchOpenDialogs":true,"interaction":{"idSuffix":"titleText"}},"wdio_ui5_key":"reusablesview.manageresources.NewResourceUnitsap.m.StandardListItem{\"title\":\"PM Order\"}"}]}
COMMAND: GET /session/da7f42de234ee122e0f4ded60e4b8c07/screenshot - {}
RESULT: {"script":"<script> [1562 bytes]","args":[{"selector":{"controlType":"sap.m.StandardListItem","viewName":"reusables.view.manageresources.NewResourceUnit","viewId":"application-manageresources-display-component---newResourceUnit","properties":{"title":"PM Order"},"searchOpenDialogs":true,"interaction":{"idSuffix":"titleText"}},"wdio_ui5_key":"reusablesview.manageresources.NewResourceUnitsap.m.StandardListItem{\"title\":\"PM Order\"}"}]}
RESULT: undefined
COMMAND: POST /session/da7f42de234ee122e0f4ded60e4b8c07/element - {"using":"xpath","value":"//*[@id=\"__item790\"]"}
RESULT: {}
RESULT: {"using":"xpath","value":"//*[@id=\"__item790\"]"}
COMMAND: POST /session/da7f42de234ee122e0f4ded60e4b8c07/element/f.69C6A966BE3F374529091A689B6300C0.d.74D13892D9425E746E02535D225021AB.e.4155/click - {}
RESULT: {}
COMMAND: GET /session/da7f42de234ee122e0f4ded60e4b8c07/screenshot - {}
RESULT: {}
COMMAND: POST /session/da7f42de234ee122e0f4ded60e4b8c07/element - {"using":"xpath","value":"(//input[contains(@id ,\"-application-manageresources-display-component---newResourceUnit--RUTimeSegment-0-inner\")])[8]"}
RESULT: {"using":"xpath","value":"(//input[contains(@id ,\"-application-manageresources-display-component---newResourceUnit--RUTimeSegment-0-inner\")])[8]"}
COMMAND: POST /session/da7f42de234ee122e0f4ded60e4b8c07/element/f.69C6A966BE3F374529091A689B6300C0.d.74D13892D9425E746E02535D225021AB.e.4158/clear - {}
RESULT: {}
COMMAND: POST /session/da7f42de234ee122e0f4ded60e4b8c07/element/f.69C6A966BE3F374529091A689B6300C0.d.74D13892D9425E746E02535D225021AB.e.4158/value - {"text":"4000360"}
COMMAND: GET /session/da7f42de234ee122e0f4ded60e4b8c07/screenshot - {}
RESULT: {"text":"4000360"}
COMMAND: GET /session/da7f42de234ee122e0f4ded60e4b8c07/screenshot - {}
RESULT: {}
RESULT: {}
COMMAND: POST /session/da7f42de234ee122e0f4ded60e4b8c07/actions - {"actions":[{"id":"action9","type":"key","parameters":{},"actions":[{"type":"keyDown","value":"î€‡"},{"type":"pause","duration":10},{"type":"keyUp","value":"î€‡"}]}]}
RESULT: {"actions":[{"id":"action9","type":"key","parameters":{},"actions":[{"type":"keyDown","value":"î€‡"},{"type":"pause","duration":10},{"type":"keyUp","value":"î€‡"}]}]}
COMMAND: GET /session/da7f42de234ee122e0f4ded60e4b8c07/screenshot - {}
RESULT: {}
COMMAND: POST /session/da7f42de234ee122e0f4ded60e4b8c07/element - {"using":"xpath","value":"//input[contains(@id ,\"application-manageresources-display-component---newResourceUnit--newTimeSegmentFromDatePicker-application-manageresources-display-component---newResourceUnit--RUTimeSegment-0-inner\")]"}
RESULT: {"using":"xpath","value":"//input[contains(@id ,\"application-manageresources-display-component---newResourceUnit--newTimeSegmentFromDatePicker-application-manageresources-display-component---newResourceUnit--RUTimeSegment-0-inner\")]"}
COMMAND: POST /session/da7f42de234ee122e0f4ded60e4b8c07/element/f.69C6A966BE3F374529091A689B6300C0.d.74D13892D9425E746E02535D225021AB.e.4146/clear - {}
RESULT: {}
COMMAND: POST /session/da7f42de234ee122e0f4ded60e4b8c07/element/f.69C6A966BE3F374529091A689B6300C0.d.74D13892D9425E746E02535D225021AB.e.4146/clear - {}
COMMAND: GET /session/da7f42de234ee122e0f4ded60e4b8c07/screenshot - {}
RESULT: {}
COMMAND: POST /session/da7f42de234ee122e0f4ded60e4b8c07/element/f.69C6A966BE3F374529091A689B6300C0.d.74D13892D9425E746E02535D225021AB.e.4146/value - {"text":"7/2/24"}
COMMAND: GET /session/da7f42de234ee122e0f4ded60e4b8c07/screenshot - {}
RESULT: {}
RESULT: {"text":"7/2/24"}
COMMAND: POST /session/da7f42de234ee122e0f4ded60e4b8c07/execute/async - {"script":"<script> [1562 bytes]","args":[{"selector":{"id":"application-manageresources-display-component---newResourceUnit--newRRUPage-anchBar-application-manageresources-display-component---newResourceUnit--resource-anchor","interaction":{"idSuffix":"BDI-content"}},"wdio_ui5_key":"applicationmanageresources-display-component---newResourceUnit--newRRUPage-anchBar-application-manageresources-display-component---newResourceUnit--resource-anchor"}]}
COMMAND: GET /session/da7f42de234ee122e0f4ded60e4b8c07/screenshot - {}
RESULT: {}
RESULT: {"script":"<script> [1562 bytes]","args":[{"selector":{"id":"application-manageresources-display-component---newResourceUnit--newRRUPage-anchBar-application-manageresources-display-component---newResourceUnit--resource-anchor","interaction":{"idSuffix":"BDI-content"}},"wdio_ui5_key":"applicationmanageresources-display-component---newResourceUnit--newRRUPage-anchBar-application-manageresources-display-component---newResourceUnit--resource-anchor"}]}
RESULT: undefined
COMMAND: POST /session/da7f42de234ee122e0f4ded60e4b8c07/element - {"using":"xpath","value":"//*[@id=\"application-manageresources-display-component---newResourceUnit--newRRUPage-anchBar-application-manageresources-display-component---newResourceUnit--resource-anchor\"]"}
RESULT: {}
RESULT: {"using":"xpath","value":"//*[@id=\"application-manageresources-display-component---newResourceUnit--newRRUPage-anchBar-application-manageresources-display-component---newResourceUnit--resource-anchor\"]"}
COMMAND: POST /session/da7f42de234ee122e0f4ded60e4b8c07/element/f.69C6A966BE3F374529091A689B6300C0.d.74D13892D9425E746E02535D225021AB.e.4179/click - {}
RESULT: {}
COMMAND: POST /session/da7f42de234ee122e0f4ded60e4b8c07/execute/async - {"script":"<script> [1562 bytes]","args":[{"selector":{"id":"application-manageresources-display-component---newResourceUnit--PLANNED_DELIVERY_DATE","interaction":{"idSuffix":"inner"}},"wdio_ui5_key":"applicationmanageresources-display-component---newResourceUnit--PLANNED_DELIVERY_DATE"}]}
COMMAND: GET /session/da7f42de234ee122e0f4ded60e4b8c07/screenshot - {}
RESULT: {"script":"<script> [1562 bytes]","args":[{"selector":{"id":"application-manageresources-display-component---newResourceUnit--PLANNED_DELIVERY_DATE","interaction":{"idSuffix":"inner"}},"wdio_ui5_key":"applicationmanageresources-display-component---newResourceUnit--PLANNED_DELIVERY_DATE"}]}
RESULT: undefined
COMMAND: POST /session/da7f42de234ee122e0f4ded60e4b8c07/execute/async - {"script":"<script> [6424 bytes]","args":[{"element-6066-11e4-a52e-4f735466cecf":"f.69C6A966BE3F374529091A689B6300C0.d.74D13892D9425E746E02535D225021AB.e.4009"},"setValue",["7/2/24"]]}
RESULT: {}
RESULT: {"script":"<script> [6424 bytes]","args":[{"element-6066-11e4-a52e-4f735466cecf":"f.69C6A966BE3F374529091A689B6300C0.d.74D13892D9425E746E02535D225021AB.e.4009"},"setValue",["7/2/24"]]}
COMMAND: POST /session/da7f42de234ee122e0f4ded60e4b8c07/execute/async - {"script":"<script> [1562 bytes]","args":[{"selector":{"id":"application-manageresources-display-component---newResourceUnit--RETIRE_PLANNED_DATE","interaction":{"idSuffix":"inner"}},"wdio_ui5_key":"applicationmanageresources-display-component---newResourceUnit--RETIRE_PLANNED_DATE"}]}
RESULT: {"script":"<script> [1562 bytes]","args":[{"selector":{"id":"application-manageresources-display-component---newResourceUnit--RETIRE_PLANNED_DATE","interaction":{"idSuffix":"inner"}},"wdio_ui5_key":"applicationmanageresources-display-component---newResourceUnit--RETIRE_PLANNED_DATE"}]}
RESULT: undefined
COMMAND: POST /session/da7f42de234ee122e0f4ded60e4b8c07/execute/async - {"script":"<script> [776 bytes]","args":[{"enterText":"3/14/29","selector":{"id":"application-manageresources-display-component---newResourceUnit--RETIRE_PLANNED_DATE","interaction":{"idSuffix":"inner"}},"clearTextFirst":true,"interactionType":"ENTER_TEXT"}]}
RESULT: {"script":"<script> [776 bytes]","args":[{"enterText":"3/14/29","selector":{"id":"application-manageresources-display-component---newResourceUnit--RETIRE_PLANNED_DATE","interaction":{"idSuffix":"inner"}},"clearTextFirst":true,"interactionType":"ENTER_TEXT"}]}
COMMAND: POST /session/da7f42de234ee122e0f4ded60e4b8c07/execute/async - {"script":"<script> [1562 bytes]","args":[{"selector":{"controlType":"sap.m.Button","viewName":"reusables.view.manageresources.NewResourceUnit","viewId":"application-manageresources-display-component---newResourceUnit","i18NText":{"propertyName":"tooltip","key":"save"},"interaction":{"idSuffix":"BDI-content"}},"wdio_ui5_key":"reusablesview.manageresources.NewResourceUnitsap.m.Button{\"propertyName\":\"tooltip\",\"key\":\"save\"}"}]}
RESULT: {"script":"<script> [1562 bytes]","args":[{"selector":{"controlType":"sap.m.Button","viewName":"reusables.view.manageresources.NewResourceUnit","viewId":"application-manageresources-display-component---newResourceUnit","i18NText":{"propertyName":"tooltip","key":"save"},"interaction":{"idSuffix":"BDI-content"}},"wdio_ui5_key":"reusablesview.manageresources.NewResourceUnitsap.m.Button{\"propertyName\":\"tooltip\",\"key\":\"save\"}"}]}
RESULT: undefined
COMMAND: POST /session/da7f42de234ee122e0f4ded60e4b8c07/element - {"using":"xpath","value":"//*[@id=\"application-manageresources-display-component---newResourceUnit--createRuButton\"]"}
RESULT: {"using":"xpath","value":"//*[@id=\"application-manageresources-display-component---newResourceUnit--createRuButton\"]"}
COMMAND: POST /session/da7f42de234ee122e0f4ded60e4b8c07/element/f.69C6A966BE3F374529091A689B6300C0.d.74D13892D9425E746E02535D225021AB.e.3968/click - {}
RESULT: {}
COMMAND: GET /session/da7f42de234ee122e0f4ded60e4b8c07/screenshot - {}
RESULT: {}
COMMAND: POST /session/da7f42de234ee122e0f4ded60e4b8c07/execute/async - {"script":"<script> [1562 bytes]","args":[{"selector":{"controlType":"sap.m.Button","properties":{"text":"Close"},"searchOpenDialogs":true,"interaction":{"idSuffix":"inner"}},"wdio_ui5_key":"sapm.Button{\"text\":\"Close\"}"}]}
RESULT: {"script":"<script> [1562 bytes]","args":[{"selector":{"controlType":"sap.m.Button","properties":{"text":"Close"},"searchOpenDialogs":true,"interaction":{"idSuffix":"inner"}},"wdio_ui5_key":"sapm.Button{\"text\":\"Close\"}"}]}
RESULT: undefined
COMMAND: POST /session/da7f42de234ee122e0f4ded60e4b8c07/element - {"using":"xpath","value":"//*[@id=\"__mbox-btn-0\"]"}
RESULT: {"using":"xpath","value":"//*[@id=\"__mbox-btn-0\"]"}
COMMAND: POST /session/da7f42de234ee122e0f4ded60e4b8c07/element/f.69C6A966BE3F374529091A689B6300C0.d.74D13892D9425E746E02535D225021AB.e.4189/click - {}
RESULT: {}
COMMAND: GET /session/da7f42de234ee122e0f4ded60e4b8c07/screenshot - {}
COMMAND: POST /session/da7f42de234ee122e0f4ded60e4b8c07/execute/async - {"script":"<script> [1562 bytes]","args":[{"selector":{"controlType":"sap.m.Text","viewName":"etm.portal.ui.manageresources.view.Detail","viewId":"application-manageresources-display-component---detailRU","bindingPath":{"propertyPath":"ID","modelName":"catalogModel"}},"wdio_ui5_key":"etmportal.ui.manageresources.view.Detailsap.m.Text{\"propertyPath\":\"ID\",\"modelName\":\"catalogModel\"}"}]}
RESULT: {}
RESULT: {"script":"<script> [1562 bytes]","args":[{"selector":{"controlType":"sap.m.Text","viewName":"etm.portal.ui.manageresources.view.Detail","viewId":"application-manageresources-display-component---detailRU","bindingPath":{"propertyPath":"ID","modelName":"catalogModel"}},"wdio_ui5_key":"etmportal.ui.manageresources.view.Detailsap.m.Text{\"propertyPath\":\"ID\",\"modelName\":\"catalogModel\"}"}]}
RESULT: undefined
COMMAND: POST /session/da7f42de234ee122e0f4ded60e4b8c07/execute/async - {"script":"<script> [6424 bytes]","args":[{"element-6066-11e4-a52e-4f735466cecf":"f.69C6A966BE3F374529091A689B6300C0.d.74D13892D9425E746E02535D225021AB.e.4227"},"getText",[]]}
RESULT: {"script":"<script> [6424 bytes]","args":[{"element-6066-11e4-a52e-4f735466cecf":"f.69C6A966BE3F374529091A689B6300C0.d.74D13892D9425E746E02535D225021AB.e.4227"},"getText",[]]}
COMMAND: POST /session/da7f42de234ee122e0f4ded60e4b8c07/element - {"using":"css selector","value":"#shell-header-logo"}
RESULT: {"using":"css selector","value":"#shell-header-logo"}
COMMAND: POST /session/da7f42de234ee122e0f4ded60e4b8c07/element/f.69C6A966BE3F374529091A689B6300C0.d.74D13892D9425E746E02535D225021AB.e.3588/click - {}
RESULT: {}
COMMAND: GET /session/da7f42de234ee122e0f4ded60e4b8c07/screenshot - {}
RESULT: {}
COMMAND: POST /session/da7f42de234ee122e0f4ded60e4b8c07/execute/async - {"script":"<script> [1562 bytes]","args":[{"selector":{"controlType":"sap.m.GenericTile","properties":{"header":"Manage Catalogs"}},"wdio_ui5_key":"sapm.GenericTile{\"header\":\"Manage Catalogs\"}"}]}
RESULT: {"script":"<script> [1562 bytes]","args":[{"selector":{"controlType":"sap.m.GenericTile","properties":{"header":"Manage Catalogs"}},"wdio_ui5_key":"sapm.GenericTile{\"header\":\"Manage Catalogs\"}"}]}
RESULT: undefined
COMMAND: POST /session/da7f42de234ee122e0f4ded60e4b8c07/element - {"using":"xpath","value":"//*[@id=\"__tile37\"]"}
RESULT: {"using":"xpath","value":"//*[@id=\"__tile37\"]"}
COMMAND: POST /session/da7f42de234ee122e0f4ded60e4b8c07/element/f.69C6A966BE3F374529091A689B6300C0.d.74D13892D9425E746E02535D225021AB.e.4229/click - {}
RESULT: {}
COMMAND: GET /session/da7f42de234ee122e0f4ded60e4b8c07/screenshot - {}
RESULT: {}
COMMAND: POST /session/da7f42de234ee122e0f4ded60e4b8c07/elements - {"using":"xpath","value":"//span[text()='Error']"}
RESULT: {"using":"xpath","value":"//span[text()='Error']"}
COMMAND: POST /session/da7f42de234ee122e0f4ded60e4b8c07/execute/async - {"script":"<script> [1562 bytes]","args":[{"selector":{"controlType":"sap.m.Text","viewName":"etm.portal.ui.managecatalogs.view.MasterCatalogs","viewId":"application-managecatalogs-display-component---masterCatalogs","bindingPath":{"path":"/Catalogs('0D7502D073D53A0F1700BE067B89AFF9')","propertyPath":"DESCRIPTION","modelName":"catalogModel"}},"wdio_ui5_key":"etmportal.ui.managecatalogs.view.MasterCatalogssap.m.Text{\"path\":\"/Catalogs('0D7502D073D53A0F1700BE067B89AFF9')\",\"propertyPath\":\"DESCRIPTION\",\"modelName\":\"catalogModel\"}"}]}
RESULT: {"script":"<script> [1562 bytes]","args":[{"selector":{"controlType":"sap.m.Text","viewName":"etm.portal.ui.managecatalogs.view.MasterCatalogs","viewId":"application-managecatalogs-display-component---masterCatalogs","bindingPath":{"path":"/Catalogs('0D7502D073D53A0F1700BE067B89AFF9')","propertyPath":"DESCRIPTION","modelName":"catalogModel"}},"wdio_ui5_key":"etmportal.ui.managecatalogs.view.MasterCatalogssap.m.Text{\"path\":\"/Catalogs('0D7502D073D53A0F1700BE067B89AFF9')\",\"propertyPath\":\"DESCRIPTION\",\"modelName\":\"catalogModel\"}"}]}
RESULT: undefined
COMMAND: POST /session/da7f42de234ee122e0f4ded60e4b8c07/element - {"using":"xpath","value":"//*[@id=\"__text1058-application-managecatalogs-display-component---masterCatalogs--CatalogsTable-11\"]"}
RESULT: {"using":"xpath","value":"//*[@id=\"__text1058-application-managecatalogs-display-component---masterCatalogs--CatalogsTable-11\"]"}
COMMAND: POST /session/da7f42de234ee122e0f4ded60e4b8c07/element/f.69C6A966BE3F374529091A689B6300C0.d.74D13892D9425E746E02535D225021AB.e.4300/click - {}
RESULT: {}
COMMAND: POST /session/da7f42de234ee122e0f4ded60e4b8c07/execute/async - {"script":"<script> [1562 bytes]","args":[{"selector":{"controlType":"sap.ui.layout.HorizontalLayout","viewName":"etm.portal.ui.managecatalogs.view.MasterItems","viewId":"application-managecatalogs-display-component---masterCatalogItems","ancestor":{"id":"application-managecatalogs-display-component---masterCatalogItems--idCatalogItemsTree-rows-row0"}},"wdio_ui5_key":"etmportal.ui.managecatalogs.view.MasterItemssap.ui.layout.HorizontalLayout{\"id\":\"application-managecatalogs-display-component---masterCatalogItems--idCatalogItemsTree-rows-row0\"}"}]}
COMMAND: GET /session/da7f42de234ee122e0f4ded60e4b8c07/screenshot - {}
RESULT: {"script":"<script> [1562 bytes]","args":[{"selector":{"controlType":"sap.ui.layout.HorizontalLayout","viewName":"etm.portal.ui.managecatalogs.view.MasterItems","viewId":"application-managecatalogs-display-component---masterCatalogItems","ancestor":{"id":"application-managecatalogs-display-component---masterCatalogItems--idCatalogItemsTree-rows-row0"}},"wdio_ui5_key":"etmportal.ui.managecatalogs.view.MasterItemssap.ui.layout.HorizontalLayout{\"id\":\"application-managecatalogs-display-component---masterCatalogItems--idCatalogItemsTree-rows-row0\"}"}]}
RESULT: undefined
COMMAND: POST /session/da7f42de234ee122e0f4ded60e4b8c07/element - {"using":"xpath","value":"//*[@id=\"__layout302-__clone2340\"]"}
RESULT: {}
RESULT: {"using":"xpath","value":"//*[@id=\"__layout302-__clone2340\"]"}
COMMAND: POST /session/da7f42de234ee122e0f4ded60e4b8c07/element/f.69C6A966BE3F374529091A689B6300C0.d.74D13892D9425E746E02535D225021AB.e.4335/click - {}
RESULT: {}
COMMAND: GET /session/da7f42de234ee122e0f4ded60e4b8c07/screenshot - {}
COMMAND: POST /session/da7f42de234ee122e0f4ded60e4b8c07/execute/async - {"script":"<script> [1562 bytes]","args":[{"selector":{"controlType":"sap.m.Button","viewName":"etm.portal.ui.managecatalogs.view.Detail","viewId":"application-managecatalogs-display-component---detailCatalog","i18NText":{"propertyName":"text","key":"edit"},"interaction":{"idSuffix":"BDI-content"}},"wdio_ui5_key":"etmportal.ui.managecatalogs.view.Detailsap.m.Button{\"propertyName\":\"text\",\"key\":\"edit\"}"}]}
RESULT: {}
RESULT: {"script":"<script> [1562 bytes]","args":[{"selector":{"controlType":"sap.m.Button","viewName":"etm.portal.ui.managecatalogs.view.Detail","viewId":"application-managecatalogs-display-component---detailCatalog","i18NText":{"propertyName":"text","key":"edit"},"interaction":{"idSuffix":"BDI-content"}},"wdio_ui5_key":"etmportal.ui.managecatalogs.view.Detailsap.m.Button{\"propertyName\":\"text\",\"key\":\"edit\"}"}]}
RESULT: undefined
COMMAND: POST /session/da7f42de234ee122e0f4ded60e4b8c07/element - {"using":"xpath","value":"//*[@id=\"__button134\"]"}
RESULT: {"using":"xpath","value":"//*[@id=\"__button134\"]"}
COMMAND: POST /session/da7f42de234ee122e0f4ded60e4b8c07/element/f.69C6A966BE3F374529091A689B6300C0.d.74D13892D9425E746E02535D225021AB.e.4449/click - {}
RESULT: {}
COMMAND: GET /session/da7f42de234ee122e0f4ded60e4b8c07/screenshot - {}
RESULT: {}
COMMAND: POST /session/da7f42de234ee122e0f4ded60e4b8c07/element - {"using":"xpath","value":"//bdi[contains(text(), \"Unlock\")]"}
RESULT: {"using":"xpath","value":"//bdi[contains(text(), \"Unlock\")]"}
COMMAND: POST /session/da7f42de234ee122e0f4ded60e4b8c07/elements - {"using":"xpath","value":"//bdi[contains(text(), \"Unlock\")]"}
RESULT: {"using":"xpath","value":"//bdi[contains(text(), \"Unlock\")]"}
COMMAND: POST /session/da7f42de234ee122e0f4ded60e4b8c07/execute/async - {"script":"<script> [1562 bytes]","args":[{"selector":{"controlType":"sap.ui.core.Icon","viewName":"etm.portal.ui.managecatalogs.view.Detail","viewId":"application-managecatalogs-display-component---detailCatalog","properties":{"src":{"regex":{"source":"add\\-folder"}}}},"wdio_ui5_key":"etmportal.ui.managecatalogs.view.Detailsap.ui.core.Icon{\"src\":{\"regex\":{\"source\":\"add\\\\-folder\"}}}"}]}
RESULT: {"script":"<script> [1562 bytes]","args":[{"selector":{"controlType":"sap.ui.core.Icon","viewName":"etm.portal.ui.managecatalogs.view.Detail","viewId":"application-managecatalogs-display-component---detailCatalog","properties":{"src":{"regex":{"source":"add\\-folder"}}}},"wdio_ui5_key":"etmportal.ui.managecatalogs.view.Detailsap.ui.core.Icon{\"src\":{\"regex\":{\"source\":\"add\\\\-folder\"}}}"}]}
RESULT: undefined
COMMAND: POST /session/da7f42de234ee122e0f4ded60e4b8c07/element - {"using":"xpath","value":"//*[@id=\"__button142-img\"]"}
RESULT: {"using":"xpath","value":"//*[@id=\"__button142-img\"]"}
COMMAND: POST /session/da7f42de234ee122e0f4ded60e4b8c07/element/f.69C6A966BE3F374529091A689B6300C0.d.74D13892D9425E746E02535D225021AB.e.4457/click - {}
RESULT: {}
COMMAND: GET /session/da7f42de234ee122e0f4ded60e4b8c07/screenshot - {}
RESULT: {}
COMMAND: POST /session/da7f42de234ee122e0f4ded60e4b8c07/execute/async - {"script":"<script> [1562 bytes]","args":[{"selector":{"id":"application-managecatalogs-display-component---detailCatalog--numberInput","searchOpenDialogs":true,"interaction":{"idSuffix":"inner"}},"wdio_ui5_key":"applicationmanagecatalogs-display-component---detailCatalog--numberInput"}]}
RESULT: {"script":"<script> [1562 bytes]","args":[{"selector":{"id":"application-managecatalogs-display-component---detailCatalog--numberInput","searchOpenDialogs":true,"interaction":{"idSuffix":"inner"}},"wdio_ui5_key":"applicationmanagecatalogs-display-component---detailCatalog--numberInput"}]}
RESULT: undefined
COMMAND: POST /session/da7f42de234ee122e0f4ded60e4b8c07/execute/async - {"script":"<script> [776 bytes]","args":[{"enterText":"Section3v1ge","selector":{"id":"application-managecatalogs-display-component---detailCatalog--numberInput","searchOpenDialogs":true,"interaction":{"idSuffix":"inner"}},"clearTextFirst":true,"interactionType":"ENTER_TEXT"}]}
RESULT: {"script":"<script> [776 bytes]","args":[{"enterText":"Section3v1ge","selector":{"id":"application-managecatalogs-display-component---detailCatalog--numberInput","searchOpenDialogs":true,"interaction":{"idSuffix":"inner"}},"clearTextFirst":true,"interactionType":"ENTER_TEXT"}]}
COMMAND: POST /session/da7f42de234ee122e0f4ded60e4b8c07/element - {"using":"css selector","value":"#application-managecatalogs-display-component---detailCatalog--nameInput-inner"}
RESULT: {"using":"css selector","value":"#application-managecatalogs-display-component---detailCatalog--nameInput-inner"}
COMMAND: POST /session/da7f42de234ee122e0f4ded60e4b8c07/elements - {"using":"css selector","value":"#application-managecatalogs-display-component---detailCatalog--nameInput-inner"}
RESULT: {"using":"css selector","value":"#application-managecatalogs-display-component---detailCatalog--nameInput-inner"}
COMMAND: POST /session/da7f42de234ee122e0f4ded60e4b8c07/element/f.69C6A966BE3F374529091A689B6300C0.d.74D13892D9425E746E02535D225021AB.e.4461/clear - {}
RESULT: {}
COMMAND: POST /session/da7f42de234ee122e0f4ded60e4b8c07/element/f.69C6A966BE3F374529091A689B6300C0.d.74D13892D9425E746E02535D225021AB.e.4461/value - {"text":"Webdriver2hsbz"}
COMMAND: GET /session/da7f42de234ee122e0f4ded60e4b8c07/screenshot - {}
RESULT: {"text":"Webdriver2hsbz"}
COMMAND: POST /session/da7f42de234ee122e0f4ded60e4b8c07/execute/async - {"script":"<script> [1562 bytes]","args":[{"selector":{"controlType":"sap.m.Button","viewName":"etm.portal.ui.managecatalogs.view.Detail","viewId":"application-managecatalogs-display-component---detailCatalog","i18NText":{"propertyName":"text","key":"create"},"searchOpenDialogs":true,"interaction":{"idSuffix":"BDI-content"}},"wdio_ui5_key":"etmportal.ui.managecatalogs.view.Detailsap.m.Button{\"propertyName\":\"text\",\"key\":\"create\"}"}]}
COMMAND: GET /session/da7f42de234ee122e0f4ded60e4b8c07/screenshot - {}
RESULT: {}
RESULT: {}
RESULT: {"script":"<script> [1562 bytes]","args":[{"selector":{"controlType":"sap.m.Button","viewName":"etm.portal.ui.managecatalogs.view.Detail","viewId":"application-managecatalogs-display-component---detailCatalog","i18NText":{"propertyName":"text","key":"create"},"searchOpenDialogs":true,"interaction":{"idSuffix":"BDI-content"}},"wdio_ui5_key":"etmportal.ui.managecatalogs.view.Detailsap.m.Button{\"propertyName\":\"text\",\"key\":\"create\"}"}]}
RESULT: undefined
COMMAND: POST /session/da7f42de234ee122e0f4ded60e4b8c07/element - {"using":"xpath","value":"//*[@id=\"__button112\"]"}
RESULT: {"using":"xpath","value":"//*[@id=\"__button112\"]"}
COMMAND: POST /session/da7f42de234ee122e0f4ded60e4b8c07/element/f.69C6A966BE3F374529091A689B6300C0.d.74D13892D9425E746E02535D225021AB.e.4466/click - {}
RESULT: {}
COMMAND: GET /session/da7f42de234ee122e0f4ded60e4b8c07/screenshot - {}
RESULT: {}
COMMAND: POST /session/da7f42de234ee122e0f4ded60e4b8c07/element - {"using":"xpath","value":"//button[@title=\"Save\"]"}
RESULT: {"using":"xpath","value":"//button[@title=\"Save\"]"}
COMMAND: POST /session/da7f42de234ee122e0f4ded60e4b8c07/element/f.69C6A966BE3F374529091A689B6300C0.d.74D13892D9425E746E02535D225021AB.e.4467/click - {}
RESULT: {}
COMMAND: POST /session/da7f42de234ee122e0f4ded60e4b8c07/execute/async - {"script":"<script> [1562 bytes]","args":[{"selector":{"controlType":"sap.ui.core.Icon","viewName":"etm.portal.ui.managecatalogs.view.Detail","viewId":"application-managecatalogs-display-component---detailCatalog","properties":{"src":{"regex":{"source":"decline"}}}},"wdio_ui5_key":"etmportal.ui.managecatalogs.view.Detailsap.ui.core.Icon{\"src\":{\"regex\":{\"source\":\"decline\"}}}"}]}
COMMAND: GET /session/da7f42de234ee122e0f4ded60e4b8c07/screenshot - {}
RESULT: {"script":"<script> [1562 bytes]","args":[{"selector":{"controlType":"sap.ui.core.Icon","viewName":"etm.portal.ui.managecatalogs.view.Detail","viewId":"application-managecatalogs-display-component---detailCatalog","properties":{"src":{"regex":{"source":"decline"}}}},"wdio_ui5_key":"etmportal.ui.managecatalogs.view.Detailsap.ui.core.Icon{\"src\":{\"regex\":{\"source\":\"decline\"}}}"}]}
RESULT: undefined
COMMAND: POST /session/da7f42de234ee122e0f4ded60e4b8c07/element - {"using":"xpath","value":"//*[@id=\"__button137-img\"]"}
RESULT: {}
RESULT: {"using":"xpath","value":"//*[@id=\"__button137-img\"]"}
COMMAND: POST /session/da7f42de234ee122e0f4ded60e4b8c07/element/f.69C6A966BE3F374529091A689B6300C0.d.74D13892D9425E746E02535D225021AB.e.4473/click - {}
RESULT: {}
COMMAND: GET /session/da7f42de234ee122e0f4ded60e4b8c07/screenshot - {}
RESULT: {}
COMMAND: POST /session/da7f42de234ee122e0f4ded60e4b8c07/execute/async - {"script":"<script> [1562 bytes]","args":[{"selector":{"controlType":"sap.ui.core.Icon","viewName":"etm.portal.ui.managecatalogs.view.MasterItems","viewId":"application-managecatalogs-display-component---masterCatalogItems","properties":{"src":{"regex":{"source":"refresh"}}}},"wdio_ui5_key":"etmportal.ui.managecatalogs.view.MasterItemssap.ui.core.Icon{\"src\":{\"regex\":{\"source\":\"refresh\"}}}"}]}
RESULT: {"script":"<script> [1562 bytes]","args":[{"selector":{"controlType":"sap.ui.core.Icon","viewName":"etm.portal.ui.managecatalogs.view.MasterItems","viewId":"application-managecatalogs-display-component---masterCatalogItems","properties":{"src":{"regex":{"source":"refresh"}}}},"wdio_ui5_key":"etmportal.ui.managecatalogs.view.MasterItemssap.ui.core.Icon{\"src\":{\"regex\":{\"source\":\"refresh\"}}}"}]}
RESULT: undefined
COMMAND: POST /session/da7f42de234ee122e0f4ded60e4b8c07/element - {"using":"xpath","value":"//*[@id=\"__button110-img\"]"}
RESULT: {"using":"xpath","value":"//*[@id=\"__button110-img\"]"}
COMMAND: POST /session/da7f42de234ee122e0f4ded60e4b8c07/element/f.69C6A966BE3F374529091A689B6300C0.d.74D13892D9425E746E02535D225021AB.e.4510/click - {}
RESULT: {}
COMMAND: POST /session/da7f42de234ee122e0f4ded60e4b8c07/execute/async - {"script":"<script> [1562 bytes]","args":[{"selector":{"id":"application-managecatalogs-display-component---masterCatalogItems--searchItemsField","interaction":{"idSuffix":"I"}},"wdio_ui5_key":"applicationmanagecatalogs-display-component---masterCatalogItems--searchItemsField"}]}
COMMAND: GET /session/da7f42de234ee122e0f4ded60e4b8c07/screenshot - {}
RESULT: {"script":"<script> [1562 bytes]","args":[{"selector":{"id":"application-managecatalogs-display-component---masterCatalogItems--searchItemsField","interaction":{"idSuffix":"I"}},"wdio_ui5_key":"applicationmanagecatalogs-display-component---masterCatalogItems--searchItemsField"}]}
RESULT: undefined
COMMAND: POST /session/da7f42de234ee122e0f4ded60e4b8c07/execute/async - {"script":"<script> [776 bytes]","args":[{"enterText":"Webdriver2hsbz","selector":{"id":"application-managecatalogs-display-component---masterCatalogItems--searchItemsField","interaction":{"idSuffix":"I"}},"clearTextFirst":true,"interactionType":"ENTER_TEXT"}]}
RESULT: {}
RESULT: {"script":"<script> [776 bytes]","args":[{"enterText":"Webdriver2hsbz","selector":{"id":"application-managecatalogs-display-component---masterCatalogItems--searchItemsField","interaction":{"idSuffix":"I"}},"clearTextFirst":true,"interactionType":"ENTER_TEXT"}]}
COMMAND: POST /session/da7f42de234ee122e0f4ded60e4b8c07/actions - {"actions":[{"id":"action10","type":"key","parameters":{},"actions":[{"type":"keyDown","value":"î€‡"},{"type":"pause","duration":10},{"type":"keyUp","value":"î€‡"}]}]}
RESULT: {"actions":[{"id":"action10","type":"key","parameters":{},"actions":[{"type":"keyDown","value":"î€‡"},{"type":"pause","duration":10},{"type":"keyUp","value":"î€‡"}]}]}
COMMAND: POST /session/da7f42de234ee122e0f4ded60e4b8c07/element - {"using":"xpath","value":"(//span[contains(text(), \"Webdriver2hsbz\")])[1]"}
COMMAND: GET /session/da7f42de234ee122e0f4ded60e4b8c07/screenshot - {}
RESULT: {"using":"xpath","value":"(//span[contains(text(), \"Webdriver2hsbz\")])[1]"}
COMMAND: POST /session/da7f42de234ee122e0f4ded60e4b8c07/element/f.69C6A966BE3F374529091A689B6300C0.d.74D13892D9425E746E02535D225021AB.e.4513/click - {}
RESULT: {}
RESULT: {}
COMMAND: GET /session/da7f42de234ee122e0f4ded60e4b8c07/screenshot - {}
RESULT: {}
RESULT: undefined
COMMAND: POST /session/da7f42de234ee122e0f4ded60e4b8c07/element - {"using":"xpath","value":"//*[@id=\"__button134\"]"}
RESULT: {"using":"xpath","value":"//*[@id=\"__button134\"]"}
COMMAND: POST /session/da7f42de234ee122e0f4ded60e4b8c07/element/f.69C6A966BE3F374529091A689B6300C0.d.74D13892D9425E746E02535D225021AB.e.4550/click - {}
RESULT: {}
COMMAND: GET /session/da7f42de234ee122e0f4ded60e4b8c07/screenshot - {}
RESULT: {}
RESULT: undefined
COMMAND: POST /session/da7f42de234ee122e0f4ded60e4b8c07/element - {"using":"xpath","value":"//*[@id=\"__button142-img\"]"}
RESULT: {"using":"xpath","value":"//*[@id=\"__button142-img\"]"}
COMMAND: POST /session/da7f42de234ee122e0f4ded60e4b8c07/element/f.69C6A966BE3F374529091A689B6300C0.d.74D13892D9425E746E02535D225021AB.e.4600/click - {}
RESULT: {}
COMMAND: GET /session/da7f42de234ee122e0f4ded60e4b8c07/screenshot - {}
RESULT: {}
RESULT: undefined
COMMAND: POST /session/da7f42de234ee122e0f4ded60e4b8c07/execute/async - {"script":"<script> [776 bytes]","args":[{"enterText":"SecondSection21jl4","selector":{"id":"application-managecatalogs-display-component---detailCatalog--numberInput","searchOpenDialogs":true,"interaction":{"idSuffix":"inner"}},"clearTextFirst":true,"interactionType":"ENTER_TEXT"}]}
RESULT: {"script":"<script> [776 bytes]","args":[{"enterText":"SecondSection21jl4","selector":{"id":"application-managecatalogs-display-component---detailCatalog--numberInput","searchOpenDialogs":true,"interaction":{"idSuffix":"inner"}},"clearTextFirst":true,"interactionType":"ENTER_TEXT"}]}
COMMAND: POST /session/da7f42de234ee122e0f4ded60e4b8c07/element - {"using":"xpath","value":"//input[contains(@id ,\"application-managecatalogs-display-component---detailCatalog--nameInput-inner\")]"}
RESULT: {"using":"xpath","value":"//input[contains(@id ,\"application-managecatalogs-display-component---detailCatalog--nameInput-inner\")]"}
COMMAND: POST /session/da7f42de234ee122e0f4ded60e4b8c07/elements - {"using":"xpath","value":"//input[contains(@id ,\"application-managecatalogs-display-component---detailCatalog--nameInput-inner\")]"}
RESULT: {"using":"xpath","value":"//input[contains(@id ,\"application-managecatalogs-display-component---detailCatalog--nameInput-inner\")]"}
COMMAND: POST /session/da7f42de234ee122e0f4ded60e4b8c07/element/f.69C6A966BE3F374529091A689B6300C0.d.74D13892D9425E746E02535D225021AB.e.4603/clear - {}
RESULT: {}
COMMAND: POST /session/da7f42de234ee122e0f4ded60e4b8c07/element/f.69C6A966BE3F374529091A689B6300C0.d.74D13892D9425E746E02535D225021AB.e.4603/value - {"text":"webdriversecondk8dj7"}
COMMAND: GET /session/da7f42de234ee122e0f4ded60e4b8c07/screenshot - {}
RESULT: {"text":"webdriversecondk8dj7"}
RESULT: undefined
COMMAND: POST /session/da7f42de234ee122e0f4ded60e4b8c07/element - {"using":"xpath","value":"//*[@id=\"__button112\"]"}
COMMAND: GET /session/da7f42de234ee122e0f4ded60e4b8c07/screenshot - {}
RESULT: {}
RESULT: {}
RESULT: {"using":"xpath","value":"//*[@id=\"__button112\"]"}
COMMAND: POST /session/da7f42de234ee122e0f4ded60e4b8c07/element/f.69C6A966BE3F374529091A689B6300C0.d.74D13892D9425E746E02535D225021AB.e.4607/click - {}
RESULT: {}
COMMAND: GET /session/da7f42de234ee122e0f4ded60e4b8c07/screenshot - {}
RESULT: {}
COMMAND: POST /session/da7f42de234ee122e0f4ded60e4b8c07/element - {"using":"xpath","value":"//button[@title=\"Save\"]"}
RESULT: {"using":"xpath","value":"//button[@title=\"Save\"]"}
COMMAND: POST /session/da7f42de234ee122e0f4ded60e4b8c07/element/f.69C6A966BE3F374529091A689B6300C0.d.74D13892D9425E746E02535D225021AB.e.4585/click - {}
RESULT: {}
COMMAND: GET /session/da7f42de234ee122e0f4ded60e4b8c07/screenshot - {}
RESULT: {}
RESULT: undefined
COMMAND: POST /session/da7f42de234ee122e0f4ded60e4b8c07/element - {"using":"xpath","value":"//*[@id=\"__button137-img\"]"}
RESULT: {"using":"xpath","value":"//*[@id=\"__button137-img\"]"}
COMMAND: POST /session/da7f42de234ee122e0f4ded60e4b8c07/element/f.69C6A966BE3F374529091A689B6300C0.d.74D13892D9425E746E02535D225021AB.e.4557/click - {}
RESULT: {}
COMMAND: GET /session/da7f42de234ee122e0f4ded60e4b8c07/screenshot - {}
RESULT: {}
RESULT: undefined
COMMAND: POST /session/da7f42de234ee122e0f4ded60e4b8c07/element - {"using":"xpath","value":"//*[@id=\"__button110-img\"]"}
RESULT: {"using":"xpath","value":"//*[@id=\"__button110-img\"]"}
COMMAND: POST /session/da7f42de234ee122e0f4ded60e4b8c07/element/f.69C6A966BE3F374529091A689B6300C0.d.74D13892D9425E746E02535D225021AB.e.4647/click - {}
RESULT: {}
COMMAND: GET /session/da7f42de234ee122e0f4ded60e4b8c07/screenshot - {}
RESULT: {}
RESULT: undefined
COMMAND: POST /session/da7f42de234ee122e0f4ded60e4b8c07/execute/async - {"script":"<script> [776 bytes]","args":[{"enterText":"SecondSection21jl4","selector":{"id":"application-managecatalogs-display-component---masterCatalogItems--searchItemsField","interaction":{"idSuffix":"I"}},"clearTextFirst":true,"interactionType":"ENTER_TEXT"}]}
RESULT: {"script":"<script> [776 bytes]","args":[{"enterText":"SecondSection21jl4","selector":{"id":"application-managecatalogs-display-component---masterCatalogItems--searchItemsField","interaction":{"idSuffix":"I"}},"clearTextFirst":true,"interactionType":"ENTER_TEXT"}]}
COMMAND: POST /session/da7f42de234ee122e0f4ded60e4b8c07/actions - {"actions":[{"id":"action11","type":"key","parameters":{},"actions":[{"type":"keyDown","value":"î€‡"},{"type":"pause","duration":10},{"type":"keyUp","value":"î€‡"}]}]}
RESULT: {"actions":[{"id":"action11","type":"key","parameters":{},"actions":[{"type":"keyDown","value":"î€‡"},{"type":"pause","duration":10},{"type":"keyUp","value":"î€‡"}]}]}
COMMAND: POST /session/da7f42de234ee122e0f4ded60e4b8c07/element - {"using":"xpath","value":"(//span[contains(text(), \"SecondSection21jl4\")])[1]"}
COMMAND: GET /session/da7f42de234ee122e0f4ded60e4b8c07/screenshot - {}
RESULT: {"using":"xpath","value":"(//span[contains(text(), \"SecondSection21jl4\")])[1]"}
COMMAND: POST /session/da7f42de234ee122e0f4ded60e4b8c07/element/f.69C6A966BE3F374529091A689B6300C0.d.74D13892D9425E746E02535D225021AB.e.4650/click - {}
RESULT: {}
RESULT: {}
COMMAND: POST /session/da7f42de234ee122e0f4ded60e4b8c07/element - {"using":"xpath","value":"(//span[contains(text(), \"SecondSection21jl4\")])[1]"}
COMMAND: GET /session/da7f42de234ee122e0f4ded60e4b8c07/screenshot - {}
RESULT: {"using":"xpath","value":"(//span[contains(text(), \"SecondSection21jl4\")])[1]"}
COMMAND: GET /session/da7f42de234ee122e0f4ded60e4b8c07/element/f.69C6A966BE3F374529091A689B6300C0.d.74D13892D9425E746E02535D225021AB.e.4650/text - {}
RESULT: {}
COMMAND: POST /session/da7f42de234ee122e0f4ded60e4b8c07/element - {"using":"xpath","value":"(//span[contains(text(), \"SecondSection21jl4\")])[1]"}
RESULT: {"using":"xpath","value":"(//span[contains(text(), \"SecondSection21jl4\")])[1]"}
COMMAND: GET /session/da7f42de234ee122e0f4ded60e4b8c07/element/f.69C6A966BE3F374529091A689B6300C0.d.74D13892D9425E746E02535D225021AB.e.4650/text - {}
COMMAND: POST /session/da7f42de234ee122e0f4ded60e4b8c07/element - {"using":"xpath","value":"(//span[contains(text(), \"SecondSection21jl4\")])[1]"}
RESULT: {"using":"xpath","value":"(//span[contains(text(), \"SecondSection21jl4\")])[1]"}
COMMAND: GET /session/da7f42de234ee122e0f4ded60e4b8c07/element/f.69C6A966BE3F374529091A689B6300C0.d.74D13892D9425E746E02535D225021AB.e.4703/text - {}
RESULT: {}
COMMAND: POST /session/da7f42de234ee122e0f4ded60e4b8c07/refresh - {}
RESULT: {}
COMMAND: GET /session/da7f42de234ee122e0f4ded60e4b8c07/screenshot - {}
RESULT: {}
COMMAND: POST /session/da7f42de234ee122e0f4ded60e4b8c07/execute/async - {"script":"<script> [189 bytes]","args":[]}
RESULT: {"script":"<script> [189 bytes]","args":[]}
COMMAND: POST /session/da7f42de234ee122e0f4ded60e4b8c07/execute/async - {"script":"<script> [123 bytes]","args":[]}
RESULT: {"script":"<script> [123 bytes]","args":[]}
COMMAND: POST /session/da7f42de234ee122e0f4ded60e4b8c07/timeouts - {"script":"<number>"}
RESULT: {"script":"<number>"}
COMMAND: GET /session/da7f42de234ee122e0f4ded60e4b8c07/timeouts - {}
RESULT: {}
RESULT: undefined
COMMAND: POST /session/da7f42de234ee122e0f4ded60e4b8c07/execute/async - {"script":"<script> [2676 bytes]","args":[]}
RESULT: {"script":"<script> [2676 bytes]","args":[]}
COMMAND: POST /session/da7f42de234ee122e0f4ded60e4b8c07/execute/async - {"script":"<script> [2342 bytes]","args":[{"protocol":"http","hostname":"0.0.0.0","path":"/","capabilities":{"browserName":"chrome","goog:chromeOptions":{"binary":"C:\\Program Files\\Google\\Chrome\\Application\\chrome.exe","args":["--start-maximized"]}},"logLevel":"warn","connectionRetryTimeout":120000,"connectionRetryCount":3,"logLevels":{},"enableDirectConnect":true,"strictSSL":true,"_":"65 more keys: [\"cacheDir\",\"port\",\"requestedCapabilities\",\"automationProtocol\",\"baseUrl\",\"waitforInterval\",\"waitforTimeout\",\"onReload\",\"beforeCommand\",\"afterCommand\",\"rootDir\",\"specs\",\"suites\",\"exclude\",\"groupLogsByTestSpec\",\"excludeDriverLogs\",\"bail\",\"framework\",\"reporters\",\"services\",\"maxInstances\",\"maxInstancesPerCapability\",\"injectGlobals\",\"filesToWatch\",\"execArgv\",\"runnerEnv\",\"runner\",\"shard\",\"specFileRetries\",\"specFileRetriesDelay\",\"specFileRetriesDeferred\",\"reporterSyncInterval\",\"reporterSyncTimeout\",\"cucumberFeaturesWithLineNumbers\",\"autoCompileOpts\",\"mochaOpts\",\"jasmineOpts\",\"cucumberOpts\",\"onPrepare\",\"onWorkerStart\",\"onWorkerEnd\",\"before\",\"beforeSession\",\"beforeSuite\",\"beforeHook\",\"beforeTest\",\"afterTest\",\"afterHook\",\"afterSuite\",\"afterSession\",\"after\",\"onComplete\",\"beforeAssertion\",\"afterAssertion\",\"beforeFeature\",\"beforeScenario\",\"beforeStep\",\"afterStep\",\"afterScenario\",\"afterFeature\",\"_\",\"suite\",\"$0\",\"ignoredWorkerServices\",\"wdi5\"]"}]}
RESULT: {"script":"<script> [2342 bytes]","args":[{"protocol":"http","hostname":"0.0.0.0","path":"/","capabilities":{"browserName":"chrome","goog:chromeOptions":{"binary":"C:\\Program Files\\Google\\Chrome\\Application\\chrome.exe","args":["--start-maximized"]}},"logLevel":"warn","connectionRetryTimeout":120000,"connectionRetryCount":3,"logLevels":{},"enableDirectConnect":true,"strictSSL":true,"_":"65 more keys: [\"cacheDir\",\"port\",\"requestedCapabilities\",\"automationProtocol\",\"baseUrl\",\"waitforInterval\",\"waitforTimeout\",\"onReload\",\"beforeCommand\",\"afterCommand\",\"rootDir\",\"specs\",\"suites\",\"exclude\",\"groupLogsByTestSpec\",\"excludeDriverLogs\",\"bail\",\"framework\",\"reporters\",\"services\",\"maxInstances\",\"maxInstancesPerCapability\",\"injectGlobals\",\"filesToWatch\",\"execArgv\",\"runnerEnv\",\"runner\",\"shard\",\"specFileRetries\",\"specFileRetriesDelay\",\"specFileRetriesDeferred\",\"reporterSyncInterval\",\"reporterSyncTimeout\",\"cucumberFeaturesWithLineNumbers\",\"autoCompileOpts\",\"mochaOpts\",\"jasmineOpts\",\"cucumberOpts\",\"onPrepare\",\"onWorkerStart\",\"onWorkerEnd\",\"before\",\"beforeSession\",\"beforeSuite\",\"beforeHook\",\"beforeTest\",\"afterTest\",\"afterHook\",\"afterSuite\",\"afterSession\",\"after\",\"onComplete\",\"beforeAssertion\",\"afterAssertion\",\"beforeFeature\",\"beforeScenario\",\"beforeStep\",\"afterStep\",\"afterScenario\",\"afterFeature\",\"_\",\"suite\",\"$0\",\"ignoredWorkerServices\",\"wdi5\"]"}]}
COMMAND: POST /session/da7f42de234ee122e0f4ded60e4b8c07/execute/async - {"script":"<script> [21126 bytes]","args":[35000]}
RESULT: {"script":"<script> [21126 bytes]","args":[35000]}
COMMAND: POST /session/da7f42de234ee122e0f4ded60e4b8c07/execute/async - {"script":"<script> [1562 bytes]","args":[{"selector":{"controlType":"sap.m.Button","viewName":"etm.portal.ui.managecatalogs.view.Detail","viewId":"application-managecatalogs-display-component---detailCatalog","i18NText":{"propertyName":"text","key":"edit"},"interaction":{"idSuffix":"BDI-content"}},"wdio_ui5_key":"etmportal.ui.managecatalogs.view.Detailsap.m.Button{\"propertyName\":\"text\",\"key\":\"edit\"}"}]}
RESULT: {"script":"<script> [1562 bytes]","args":[{"selector":{"controlType":"sap.m.Button","viewName":"etm.portal.ui.managecatalogs.view.Detail","viewId":"application-managecatalogs-display-component---detailCatalog","i18NText":{"propertyName":"text","key":"edit"},"interaction":{"idSuffix":"BDI-content"}},"wdio_ui5_key":"etmportal.ui.managecatalogs.view.Detailsap.m.Button{\"propertyName\":\"text\",\"key\":\"edit\"}"}]}
RESULT: undefined
COMMAND: POST /session/da7f42de234ee122e0f4ded60e4b8c07/element - {"using":"xpath","value":"//*[@id=\"__button25\"]"}
RESULT: {"using":"xpath","value":"//*[@id=\"__button25\"]"}
COMMAND: POST /session/da7f42de234ee122e0f4ded60e4b8c07/element/f.69C6A966BE3F374529091A689B6300C0.d.83AD60B803245DEFF7222C7E91D07BF0.e.4759/click - {}
RESULT: {}
COMMAND: GET /session/da7f42de234ee122e0f4ded60e4b8c07/screenshot - {}
RESULT: {}
COMMAND: POST /session/da7f42de234ee122e0f4ded60e4b8c07/element - {"using":"xpath","value":"//button[contains(@title ,\"Create Catalog Item\")]"}
RESULT: {"using":"xpath","value":"//button[contains(@title ,\"Create Catalog Item\")]"}
COMMAND: POST /session/da7f42de234ee122e0f4ded60e4b8c07/element/f.69C6A966BE3F374529091A689B6300C0.d.83AD60B803245DEFF7222C7E91D07BF0.e.4766/click - {}
RESULT: {}
COMMAND: POST /session/da7f42de234ee122e0f4ded60e4b8c07/execute/async - {"script":"<script> [1562 bytes]","args":[{"selector":{"id":"application-managecatalogs-display-component---detailCatalog--newItemNumberInput","searchOpenDialogs":true,"interaction":{"idSuffix":"inner"}},"wdio_ui5_key":"applicationmanagecatalogs-display-component---detailCatalog--newItemNumberInput"}]}
COMMAND: GET /session/da7f42de234ee122e0f4ded60e4b8c07/screenshot - {}
RESULT: {"script":"<script> [1562 bytes]","args":[{"selector":{"id":"application-managecatalogs-display-component---detailCatalog--newItemNumberInput","searchOpenDialogs":true,"interaction":{"idSuffix":"inner"}},"wdio_ui5_key":"applicationmanagecatalogs-display-component---detailCatalog--newItemNumberInput"}]}
RESULT: undefined
COMMAND: POST /session/da7f42de234ee122e0f4ded60e4b8c07/execute/async - {"script":"<script> [776 bytes]","args":[{"enterText":"catalogItemr9e7n","selector":{"id":"application-managecatalogs-display-component---detailCatalog--newItemNumberInput","searchOpenDialogs":true,"interaction":{"idSuffix":"inner"}},"clearTextFirst":true,"interactionType":"ENTER_TEXT"}]}
RESULT: {}
RESULT: {"script":"<script> [776 bytes]","args":[{"enterText":"catalogItemr9e7n","selector":{"id":"application-managecatalogs-display-component---detailCatalog--newItemNumberInput","searchOpenDialogs":true,"interaction":{"idSuffix":"inner"}},"clearTextFirst":true,"interactionType":"ENTER_TEXT"}]}
COMMAND: POST /session/da7f42de234ee122e0f4ded60e4b8c07/execute/async - {"script":"<script> [1562 bytes]","args":[{"selector":{"controlType":"sap.m.Input","viewName":"etm.portal.ui.managecatalogs.view.Detail","viewId":"application-managecatalogs-display-component---detailCatalog","bindingPath":{"path":"","propertyPath":"/DESCRIPTION"},"searchOpenDialogs":true,"interaction":{"idSuffix":"inner"}},"wdio_ui5_key":"etmportal.ui.managecatalogs.view.Detailsap.m.Input{\"path\":\"\",\"propertyPath\":\"/DESCRIPTION\"}"}]}
RESULT: {"script":"<script> [1562 bytes]","args":[{"selector":{"controlType":"sap.m.Input","viewName":"etm.portal.ui.managecatalogs.view.Detail","viewId":"application-managecatalogs-display-component---detailCatalog","bindingPath":{"path":"","propertyPath":"/DESCRIPTION"},"searchOpenDialogs":true,"interaction":{"idSuffix":"inner"}},"wdio_ui5_key":"etmportal.ui.managecatalogs.view.Detailsap.m.Input{\"path\":\"\",\"propertyPath\":\"/DESCRIPTION\"}"}]}
RESULT: undefined
COMMAND: POST /session/da7f42de234ee122e0f4ded60e4b8c07/execute/async - {"script":"<script> [776 bytes]","args":[{"enterText":"catalogItemNamenrsuj","selector":{"controlType":"sap.m.Input","viewName":"etm.portal.ui.managecatalogs.view.Detail","viewId":"application-managecatalogs-display-component---detailCatalog","bindingPath":{"path":"","propertyPath":"/DESCRIPTION"},"searchOpenDialogs":true,"interaction":{"idSuffix":"inner"}},"clearTextFirst":true,"interactionType":"ENTER_TEXT"}]}
RESULT: {"script":"<script> [776 bytes]","args":[{"enterText":"catalogItemNamenrsuj","selector":{"controlType":"sap.m.Input","viewName":"etm.portal.ui.managecatalogs.view.Detail","viewId":"application-managecatalogs-display-component---detailCatalog","bindingPath":{"path":"","propertyPath":"/DESCRIPTION"},"searchOpenDialogs":true,"interaction":{"idSuffix":"inner"}},"clearTextFirst":true,"interactionType":"ENTER_TEXT"}]}
COMMAND: POST /session/da7f42de234ee122e0f4ded60e4b8c07/actions - {"actions":[{"id":"action12","type":"key","parameters":{},"actions":[{"type":"keyDown","value":"î€„"},{"type":"pause","duration":10},{"type":"keyUp","value":"î€„"}]}]}
RESULT: {"actions":[{"id":"action12","type":"key","parameters":{},"actions":[{"type":"keyDown","value":"î€„"},{"type":"pause","duration":10},{"type":"keyUp","value":"î€„"}]}]}
COMMAND: GET /session/da7f42de234ee122e0f4ded60e4b8c07/screenshot - {}
RESULT: {}
COMMAND: POST /session/da7f42de234ee122e0f4ded60e4b8c07/actions - {"actions":[{"id":"action13","type":"key","parameters":{},"actions":[{"type":"keyDown","value":"î€‡"},{"type":"pause","duration":10},{"type":"keyUp","value":"î€‡"}]}]}
RESULT: {"actions":[{"id":"action13","type":"key","parameters":{},"actions":[{"type":"keyDown","value":"î€‡"},{"type":"pause","duration":10},{"type":"keyUp","value":"î€‡"}]}]}
COMMAND: GET /session/da7f42de234ee122e0f4ded60e4b8c07/screenshot - {}
RESULT: {}
COMMAND: POST /session/da7f42de234ee122e0f4ded60e4b8c07/element - {"using":"xpath","value":"//button[@title=\"Save\"]"}
RESULT: {"using":"xpath","value":"//button[@title=\"Save\"]"}
COMMAND: POST /session/da7f42de234ee122e0f4ded60e4b8c07/element/f.69C6A966BE3F374529091A689B6300C0.d.83AD60B803245DEFF7222C7E91D07BF0.e.4775/click - {}
RESULT: {}
COMMAND: GET /session/da7f42de234ee122e0f4ded60e4b8c07/screenshot - {}
RESULT: {}
COMMAND: POST /session/da7f42de234ee122e0f4ded60e4b8c07/execute/async - {"script":"<script> [1562 bytes]","args":[{"selector":{"controlType":"sap.ui.core.Icon","viewName":"etm.portal.ui.managecatalogs.view.Detail","viewId":"application-managecatalogs-display-component---detailCatalog","properties":{"src":{"regex":{"source":"decline"}}}},"wdio_ui5_key":"etmportal.ui.managecatalogs.view.Detailsap.ui.core.Icon{\"src\":{\"regex\":{\"source\":\"decline\"}}}"}]}
RESULT: {"script":"<script> [1562 bytes]","args":[{"selector":{"controlType":"sap.ui.core.Icon","viewName":"etm.portal.ui.managecatalogs.view.Detail","viewId":"application-managecatalogs-display-component---detailCatalog","properties":{"src":{"regex":{"source":"decline"}}}},"wdio_ui5_key":"etmportal.ui.managecatalogs.view.Detailsap.ui.core.Icon{\"src\":{\"regex\":{\"source\":\"decline\"}}}"}]}
RESULT: undefined
COMMAND: POST /session/da7f42de234ee122e0f4ded60e4b8c07/element - {"using":"xpath","value":"//*[@id=\"__button28-img\"]"}
RESULT: {"using":"xpath","value":"//*[@id=\"__button28-img\"]"}
COMMAND: POST /session/da7f42de234ee122e0f4ded60e4b8c07/element/f.69C6A966BE3F374529091A689B6300C0.d.83AD60B803245DEFF7222C7E91D07BF0.e.4780/click - {}
RESULT: {}
COMMAND: GET /session/da7f42de234ee122e0f4ded60e4b8c07/screenshot - {}
RESULT: {}
COMMAND: POST /session/da7f42de234ee122e0f4ded60e4b8c07/execute/async - {"script":"<script> [1562 bytes]","args":[{"selector":{"controlType":"sap.ui.core.Icon","viewName":"etm.portal.ui.managecatalogs.view.MasterItems","viewId":"application-managecatalogs-display-component---masterCatalogItems","properties":{"src":{"regex":{"source":"refresh"}}}},"wdio_ui5_key":"etmportal.ui.managecatalogs.view.MasterItemssap.ui.core.Icon{\"src\":{\"regex\":{\"source\":\"refresh\"}}}"}]}
RESULT: {"script":"<script> [1562 bytes]","args":[{"selector":{"controlType":"sap.ui.core.Icon","viewName":"etm.portal.ui.managecatalogs.view.MasterItems","viewId":"application-managecatalogs-display-component---masterCatalogItems","properties":{"src":{"regex":{"source":"refresh"}}}},"wdio_ui5_key":"etmportal.ui.managecatalogs.view.MasterItemssap.ui.core.Icon{\"src\":{\"regex\":{\"source\":\"refresh\"}}}"}]}
RESULT: undefined
COMMAND: POST /session/da7f42de234ee122e0f4ded60e4b8c07/element - {"using":"xpath","value":"//*[@id=\"__button1-img\"]"}
RESULT: {"using":"xpath","value":"//*[@id=\"__button1-img\"]"}
COMMAND: POST /session/da7f42de234ee122e0f4ded60e4b8c07/element/f.69C6A966BE3F374529091A689B6300C0.d.83AD60B803245DEFF7222C7E91D07BF0.e.4789/click - {}
RESULT: {}
COMMAND: GET /session/da7f42de234ee122e0f4ded60e4b8c07/screenshot - {}
RESULT: {}
COMMAND: POST /session/da7f42de234ee122e0f4ded60e4b8c07/execute/async - {"script":"<script> [1562 bytes]","args":[{"selector":{"id":"application-managecatalogs-display-component---masterCatalogItems--searchItemsField","interaction":{"idSuffix":"I"}},"wdio_ui5_key":"applicationmanagecatalogs-display-component---masterCatalogItems--searchItemsField"}]}
RESULT: {"script":"<script> [1562 bytes]","args":[{"selector":{"id":"application-managecatalogs-display-component---masterCatalogItems--searchItemsField","interaction":{"idSuffix":"I"}},"wdio_ui5_key":"applicationmanagecatalogs-display-component---masterCatalogItems--searchItemsField"}]}
RESULT: undefined
COMMAND: POST /session/da7f42de234ee122e0f4ded60e4b8c07/execute/async - {"script":"<script> [776 bytes]","args":[{"enterText":"catalogItemNamenrsuj","selector":{"id":"application-managecatalogs-display-component---masterCatalogItems--searchItemsField","interaction":{"idSuffix":"I"}},"clearTextFirst":true,"interactionType":"ENTER_TEXT"}]}
RESULT: {"script":"<script> [776 bytes]","args":[{"enterText":"catalogItemNamenrsuj","selector":{"id":"application-managecatalogs-display-component---masterCatalogItems--searchItemsField","interaction":{"idSuffix":"I"}},"clearTextFirst":true,"interactionType":"ENTER_TEXT"}]}
COMMAND: POST /session/da7f42de234ee122e0f4ded60e4b8c07/actions - {"actions":[{"id":"action14","type":"key","parameters":{},"actions":[{"type":"keyDown","value":"î€‡"},{"type":"pause","duration":10},{"type":"keyUp","value":"î€‡"}]}]}
RESULT: {"actions":[{"id":"action14","type":"key","parameters":{},"actions":[{"type":"keyDown","value":"î€‡"},{"type":"pause","duration":10},{"type":"keyUp","value":"î€‡"}]}]}
COMMAND: POST /session/da7f42de234ee122e0f4ded60e4b8c07/element - {"using":"xpath","value":"(//span[contains(text(), \"catalogItemNamenrsuj\")])[1]"}
COMMAND: GET /session/da7f42de234ee122e0f4ded60e4b8c07/screenshot - {}
RESULT: {"using":"xpath","value":"(//span[contains(text(), \"catalogItemNamenrsuj\")])[1]"}
COMMAND: POST /session/da7f42de234ee122e0f4ded60e4b8c07/element/f.69C6A966BE3F374529091A689B6300C0.d.83AD60B803245DEFF7222C7E91D07BF0.e.4824/click - {}
RESULT: {}
RESULT: {}
COMMAND: GET /session/da7f42de234ee122e0f4ded60e4b8c07/screenshot - {}
RESULT: {}
COMMAND: POST /session/da7f42de234ee122e0f4ded60e4b8c07/element - {"using":"xpath","value":"//span[contains(text(), \"catalogItemr9e7n\")]"}
RESULT: {"using":"xpath","value":"//span[contains(text(), \"catalogItemr9e7n\")]"}
COMMAND: GET /session/da7f42de234ee122e0f4ded60e4b8c07/element/f.69C6A966BE3F374529091A689B6300C0.d.83AD60B803245DEFF7222C7E91D07BF0.e.4886/text - {}
RESULT: {}
]]></system-out>
    </testcase>
    <testcase classname="chrome.136_0_7103_93.windows.Standard_contract_-_add_contract_items_by_Insert_Request_US118222" name="Should assign resources to the catalog item" time="56.721">
      <system-out><![CDATA[
RESULT: undefined
COMMAND: POST /session/da7f42de234ee122e0f4ded60e4b8c07/element - {"using":"xpath","value":"//*[@id=\"__button25\"]"}
RESULT: {"using":"xpath","value":"//*[@id=\"__button25\"]"}
COMMAND: POST /session/da7f42de234ee122e0f4ded60e4b8c07/element/f.69C6A966BE3F374529091A689B6300C0.d.83AD60B803245DEFF7222C7E91D07BF0.e.4887/click - {}
RESULT: {}
COMMAND: GET /session/da7f42de234ee122e0f4ded60e4b8c07/screenshot - {}
RESULT: {}
COMMAND: POST /session/da7f42de234ee122e0f4ded60e4b8c07/execute/async - {"script":"<script> [1562 bytes]","args":[{"selector":{"id":"application-managecatalogs-display-component---detailCatalog--BASE_UNIT_OF_MEASURE-arrow"},"wdio_ui5_key":"applicationmanagecatalogs-display-component---detailCatalog--BASE_UNIT_OF_MEASURE-arrow"}]}
RESULT: {"script":"<script> [1562 bytes]","args":[{"selector":{"id":"application-managecatalogs-display-component---detailCatalog--BASE_UNIT_OF_MEASURE-arrow"},"wdio_ui5_key":"applicationmanagecatalogs-display-component---detailCatalog--BASE_UNIT_OF_MEASURE-arrow"}]}
RESULT: undefined
COMMAND: POST /session/da7f42de234ee122e0f4ded60e4b8c07/element - {"using":"xpath","value":"//*[@id=\"application-managecatalogs-display-component---detailCatalog--BASE_UNIT_OF_MEASURE-arrow\"]"}
RESULT: {"using":"xpath","value":"//*[@id=\"application-managecatalogs-display-component---detailCatalog--BASE_UNIT_OF_MEASURE-arrow\"]"}
COMMAND: POST /session/da7f42de234ee122e0f4ded60e4b8c07/element/f.69C6A966BE3F374529091A689B6300C0.d.83AD60B803245DEFF7222C7E91D07BF0.e.4915/click - {}
RESULT: {}
COMMAND: POST /session/da7f42de234ee122e0f4ded60e4b8c07/execute/async - {"script":"<script> [1562 bytes]","args":[{"selector":{"controlType":"sap.m.StandardListItem","viewName":"etm.portal.ui.managecatalogs.view.Detail","viewId":"application-managecatalogs-display-component---detailCatalog","properties":{"title":"Piece"},"searchOpenDialogs":true,"interaction":{"idSuffix":"titleText"}},"wdio_ui5_key":"etmportal.ui.managecatalogs.view.Detailsap.m.StandardListItem{\"title\":\"Piece\"}"}]}
COMMAND: GET /session/da7f42de234ee122e0f4ded60e4b8c07/screenshot - {}
RESULT: {"script":"<script> [1562 bytes]","args":[{"selector":{"controlType":"sap.m.StandardListItem","viewName":"etm.portal.ui.managecatalogs.view.Detail","viewId":"application-managecatalogs-display-component---detailCatalog","properties":{"title":"Piece"},"searchOpenDialogs":true,"interaction":{"idSuffix":"titleText"}},"wdio_ui5_key":"etmportal.ui.managecatalogs.view.Detailsap.m.StandardListItem{\"title\":\"Piece\"}"}]}
RESULT: undefined
COMMAND: POST /session/da7f42de234ee122e0f4ded60e4b8c07/element - {"using":"xpath","value":"//*[@id=\"__item218\"]"}
RESULT: {}
RESULT: {"using":"xpath","value":"//*[@id=\"__item218\"]"}
COMMAND: POST /session/da7f42de234ee122e0f4ded60e4b8c07/element/f.69C6A966BE3F374529091A689B6300C0.d.83AD60B803245DEFF7222C7E91D07BF0.e.4919/click - {}
RESULT: {}
COMMAND: POST /session/da7f42de234ee122e0f4ded60e4b8c07/execute/async - {"script":"<script> [1562 bytes]","args":[{"selector":{"id":"application-managecatalogs-display-component---detailCatalog--ObjectPageLayout-anchBar-application-managecatalogs-display-component---detailCatalog--sectionRUs-anchor","interaction":{"idSuffix":"BDI-content"}},"wdio_ui5_key":"applicationmanagecatalogs-display-component---detailCatalog--ObjectPageLayout-anchBar-application-managecatalogs-display-component---detailCatalog--sectionRUs-anchor"}]}
COMMAND: GET /session/da7f42de234ee122e0f4ded60e4b8c07/screenshot - {}
RESULT: {"script":"<script> [1562 bytes]","args":[{"selector":{"id":"application-managecatalogs-display-component---detailCatalog--ObjectPageLayout-anchBar-application-managecatalogs-display-component---detailCatalog--sectionRUs-anchor","interaction":{"idSuffix":"BDI-content"}},"wdio_ui5_key":"applicationmanagecatalogs-display-component---detailCatalog--ObjectPageLayout-anchBar-application-managecatalogs-display-component---detailCatalog--sectionRUs-anchor"}]}
RESULT: undefined
COMMAND: POST /session/da7f42de234ee122e0f4ded60e4b8c07/element - {"using":"xpath","value":"//*[@id=\"application-managecatalogs-display-component---detailCatalog--ObjectPageLayout-anchBar-application-managecatalogs-display-component---detailCatalog--sectionRUs-anchor\"]"}
RESULT: {}
RESULT: {"using":"xpath","value":"//*[@id=\"application-managecatalogs-display-component---detailCatalog--ObjectPageLayout-anchBar-application-managecatalogs-display-component---detailCatalog--sectionRUs-anchor\"]"}
COMMAND: POST /session/da7f42de234ee122e0f4ded60e4b8c07/element/f.69C6A966BE3F374529091A689B6300C0.d.83AD60B803245DEFF7222C7E91D07BF0.e.4921/click - {}
RESULT: {}
COMMAND: POST /session/da7f42de234ee122e0f4ded60e4b8c07/element - {"using":"xpath","value":"//button[contains(@data-kt ,\"catalogItemAssignRuButton\")]"}
COMMAND: GET /session/da7f42de234ee122e0f4ded60e4b8c07/screenshot - {}
RESULT: {"using":"xpath","value":"//button[contains(@data-kt ,\"catalogItemAssignRuButton\")]"}
COMMAND: POST /session/da7f42de234ee122e0f4ded60e4b8c07/element/f.69C6A966BE3F374529091A689B6300C0.d.83AD60B803245DEFF7222C7E91D07BF0.e.4925/click - {}
RESULT: {}
RESULT: {}
COMMAND: GET /session/da7f42de234ee122e0f4ded60e4b8c07/screenshot - {}
RESULT: {}
COMMAND: POST /session/da7f42de234ee122e0f4ded60e4b8c07/actions - {"actions":[{"id":"action15","type":"key","parameters":{},"actions":[{"type":"keyDown","value":"î€‡"},{"type":"pause","duration":10},{"type":"keyUp","value":"î€‡"}]}]}
RESULT: {"actions":[{"id":"action15","type":"key","parameters":{},"actions":[{"type":"keyDown","value":"î€‡"},{"type":"pause","duration":10},{"type":"keyUp","value":"î€‡"}]}]}
COMMAND: POST /session/da7f42de234ee122e0f4ded60e4b8c07/execute/async - {"script":"<script> [1562 bytes]","args":[{"selector":{"id":"application-managecatalogs-display-component---detailCatalog--assignRUSearchField-vhi","searchOpenDialogs":true},"wdio_ui5_key":"applicationmanagecatalogs-display-component---detailCatalog--assignRUSearchField-vhi"}]}
COMMAND: GET /session/da7f42de234ee122e0f4ded60e4b8c07/screenshot - {}
RESULT: {"script":"<script> [1562 bytes]","args":[{"selector":{"id":"application-managecatalogs-display-component---detailCatalog--assignRUSearchField-vhi","searchOpenDialogs":true},"wdio_ui5_key":"applicationmanagecatalogs-display-component---detailCatalog--assignRUSearchField-vhi"}]}
RESULT: undefined
COMMAND: POST /session/da7f42de234ee122e0f4ded60e4b8c07/element - {"using":"xpath","value":"//*[@id=\"application-managecatalogs-display-component---detailCatalog--assignRUSearchField-vhi\"]"}
RESULT: {}
RESULT: {"using":"xpath","value":"//*[@id=\"application-managecatalogs-display-component---detailCatalog--assignRUSearchField-vhi\"]"}
COMMAND: POST /session/da7f42de234ee122e0f4ded60e4b8c07/element/f.69C6A966BE3F374529091A689B6300C0.d.83AD60B803245DEFF7222C7E91D07BF0.e.4948/click - {}
RESULT: {}
COMMAND: GET /session/da7f42de234ee122e0f4ded60e4b8c07/screenshot - {}
RESULT: {}
COMMAND: POST /session/da7f42de234ee122e0f4ded60e4b8c07/element - {"using":"xpath","value":"//input[contains(@id ,\"searchField-I\")]"}
RESULT: {"using":"xpath","value":"//input[contains(@id ,\"searchField-I\")]"}
COMMAND: POST /session/da7f42de234ee122e0f4ded60e4b8c07/element/f.69C6A966BE3F374529091A689B6300C0.d.83AD60B803245DEFF7222C7E91D07BF0.e.4950/clear - {}
RESULT: {}
COMMAND: POST /session/da7f42de234ee122e0f4ded60e4b8c07/element/f.69C6A966BE3F374529091A689B6300C0.d.83AD60B803245DEFF7222C7E91D07BF0.e.4950/value - {"text":"WdIOTestEquip9gttw"}
COMMAND: GET /session/da7f42de234ee122e0f4ded60e4b8c07/screenshot - {}
RESULT: {"text":"WdIOTestEquip9gttw"}
COMMAND: GET /session/da7f42de234ee122e0f4ded60e4b8c07/screenshot - {}
RESULT: {}
RESULT: {}
COMMAND: POST /session/da7f42de234ee122e0f4ded60e4b8c07/actions - {"actions":[{"id":"action16","type":"key","parameters":{},"actions":[{"type":"keyDown","value":"î€‡"},{"type":"pause","duration":10},{"type":"keyUp","value":"î€‡"}]}]}
RESULT: {"actions":[{"id":"action16","type":"key","parameters":{},"actions":[{"type":"keyDown","value":"î€‡"},{"type":"pause","duration":10},{"type":"keyUp","value":"î€‡"}]}]}
COMMAND: GET /session/da7f42de234ee122e0f4ded60e4b8c07/screenshot - {}
RESULT: {}
COMMAND: POST /session/da7f42de234ee122e0f4ded60e4b8c07/actions - {"actions":[{"id":"action17","type":"key","parameters":{},"actions":[{"type":"keyDown","value":"î€„"},{"type":"pause","duration":10},{"type":"keyUp","value":"î€„"}]}]}
RESULT: {"actions":[{"id":"action17","type":"key","parameters":{},"actions":[{"type":"keyDown","value":"î€„"},{"type":"pause","duration":10},{"type":"keyUp","value":"î€„"}]}]}
COMMAND: GET /session/da7f42de234ee122e0f4ded60e4b8c07/screenshot - {}
RESULT: {}
COMMAND: POST /session/da7f42de234ee122e0f4ded60e4b8c07/actions - {"actions":[{"id":"action18","type":"key","parameters":{},"actions":[{"type":"keyDown","value":"î€‡"},{"type":"pause","duration":10},{"type":"keyUp","value":"î€‡"}]}]}
RESULT: {"actions":[{"id":"action18","type":"key","parameters":{},"actions":[{"type":"keyDown","value":"î€‡"},{"type":"pause","duration":10},{"type":"keyUp","value":"î€‡"}]}]}
COMMAND: GET /session/da7f42de234ee122e0f4ded60e4b8c07/screenshot - {}
RESULT: {}
COMMAND: POST /session/da7f42de234ee122e0f4ded60e4b8c07/element - {"using":"xpath","value":"//bdi[contains(@id ,\"application-managecatalogs-display-component---detailCatalog--RUAssignmentSaveButton-BDI-content\")]"}
RESULT: {"using":"xpath","value":"//bdi[contains(@id ,\"application-managecatalogs-display-component---detailCatalog--RUAssignmentSaveButton-BDI-content\")]"}
COMMAND: POST /session/da7f42de234ee122e0f4ded60e4b8c07/element/f.69C6A966BE3F374529091A689B6300C0.d.83AD60B803245DEFF7222C7E91D07BF0.e.4983/click - {}
RESULT: {}
COMMAND: GET /session/da7f42de234ee122e0f4ded60e4b8c07/screenshot - {}
RESULT: {}
COMMAND: POST /session/da7f42de234ee122e0f4ded60e4b8c07/element - {"using":"xpath","value":"//bdi[contains(@id ,\"application-managecatalogs-display-component---detailCatalog--ObjectPageLayout-anchBar-application-managecatalogs-display-component---detailCatalog--sectionRUs-anchor-BDI-content\")]"}
RESULT: {"using":"xpath","value":"//bdi[contains(@id ,\"application-managecatalogs-display-component---detailCatalog--ObjectPageLayout-anchBar-application-managecatalogs-display-component---detailCatalog--sectionRUs-anchor-BDI-content\")]"}
COMMAND: POST /session/da7f42de234ee122e0f4ded60e4b8c07/element/f.69C6A966BE3F374529091A689B6300C0.d.83AD60B803245DEFF7222C7E91D07BF0.e.5005/click - {}
RESULT: {}
COMMAND: GET /session/da7f42de234ee122e0f4ded60e4b8c07/screenshot - {}
RESULT: {}
COMMAND: POST /session/da7f42de234ee122e0f4ded60e4b8c07/element - {"using":"xpath","value":"//button[contains(@data-kt ,\"catalogItemAssignRuButton\")]"}
RESULT: {"using":"xpath","value":"//button[contains(@data-kt ,\"catalogItemAssignRuButton\")]"}
COMMAND: POST /session/da7f42de234ee122e0f4ded60e4b8c07/element/f.69C6A966BE3F374529091A689B6300C0.d.83AD60B803245DEFF7222C7E91D07BF0.e.4925/click - {}
RESULT: {}
COMMAND: GET /session/da7f42de234ee122e0f4ded60e4b8c07/screenshot - {}
RESULT: {}
COMMAND: POST /session/da7f42de234ee122e0f4ded60e4b8c07/actions - {"actions":[{"id":"action19","type":"key","parameters":{},"actions":[{"type":"keyDown","value":"î€‡"},{"type":"pause","duration":10},{"type":"keyUp","value":"î€‡"}]}]}
RESULT: {"actions":[{"id":"action19","type":"key","parameters":{},"actions":[{"type":"keyDown","value":"î€‡"},{"type":"pause","duration":10},{"type":"keyUp","value":"î€‡"}]}]}
RESULT: undefined
COMMAND: POST /session/da7f42de234ee122e0f4ded60e4b8c07/element - {"using":"xpath","value":"//*[@id=\"application-managecatalogs-display-component---detailCatalog--assignRUSearchField-vhi\"]"}
COMMAND: GET /session/da7f42de234ee122e0f4ded60e4b8c07/screenshot - {}
RESULT: {"using":"xpath","value":"//*[@id=\"application-managecatalogs-display-component---detailCatalog--assignRUSearchField-vhi\"]"}
COMMAND: POST /session/da7f42de234ee122e0f4ded60e4b8c07/elements - {"using":"xpath","value":"//*[@id=\"application-managecatalogs-display-component---detailCatalog--assignRUSearchField-vhi\"]"}
RESULT: {}
RESULT: {"using":"xpath","value":"//*[@id=\"application-managecatalogs-display-component---detailCatalog--assignRUSearchField-vhi\"]"}
COMMAND: POST /session/da7f42de234ee122e0f4ded60e4b8c07/element - {"using":"xpath","value":"//*[@id=\"application-managecatalogs-display-component---detailCatalog--assignRUSearchField-vhi\"]"}
RESULT: {"using":"xpath","value":"//*[@id=\"application-managecatalogs-display-component---detailCatalog--assignRUSearchField-vhi\"]"}
COMMAND: POST /session/da7f42de234ee122e0f4ded60e4b8c07/element/f.69C6A966BE3F374529091A689B6300C0.d.83AD60B803245DEFF7222C7E91D07BF0.e.5030/click - {}
RESULT: {}
COMMAND: POST /session/da7f42de234ee122e0f4ded60e4b8c07/execute/async - {"script":"<script> [1562 bytes]","args":[{"selector":{"controlType":"sap.m.SearchField","viewName":"etm.portal.ui.managecatalogs.view.Detail","viewId":"application-managecatalogs-display-component---detailCatalog","searchOpenDialogs":true,"interaction":{"idSuffix":"I"}},"wdio_ui5_key":"etmportal.ui.managecatalogs.view.Detailsap.m.SearchField"}]}
COMMAND: GET /session/da7f42de234ee122e0f4ded60e4b8c07/screenshot - {}
RESULT: {"script":"<script> [1562 bytes]","args":[{"selector":{"controlType":"sap.m.SearchField","viewName":"etm.portal.ui.managecatalogs.view.Detail","viewId":"application-managecatalogs-display-component---detailCatalog","searchOpenDialogs":true,"interaction":{"idSuffix":"I"}},"wdio_ui5_key":"etmportal.ui.managecatalogs.view.Detailsap.m.SearchField"}]}
RESULT: undefined
COMMAND: POST /session/da7f42de234ee122e0f4ded60e4b8c07/execute/async - {"script":"<script> [776 bytes]","args":[{"enterText":"WebdriverMatTestvxk84","selector":{"controlType":"sap.m.SearchField","viewName":"etm.portal.ui.managecatalogs.view.Detail","viewId":"application-managecatalogs-display-component---detailCatalog","searchOpenDialogs":true,"interaction":{"idSuffix":"I"}},"clearTextFirst":true,"interactionType":"ENTER_TEXT"}]}
RESULT: {}
RESULT: {"script":"<script> [776 bytes]","args":[{"enterText":"WebdriverMatTestvxk84","selector":{"controlType":"sap.m.SearchField","viewName":"etm.portal.ui.managecatalogs.view.Detail","viewId":"application-managecatalogs-display-component---detailCatalog","searchOpenDialogs":true,"interaction":{"idSuffix":"I"}},"clearTextFirst":true,"interactionType":"ENTER_TEXT"}]}
COMMAND: POST /session/da7f42de234ee122e0f4ded60e4b8c07/actions - {"actions":[{"id":"action20","type":"key","parameters":{},"actions":[{"type":"keyDown","value":"î€‡"},{"type":"pause","duration":10},{"type":"keyUp","value":"î€‡"}]}]}
RESULT: {"actions":[{"id":"action20","type":"key","parameters":{},"actions":[{"type":"keyDown","value":"î€‡"},{"type":"pause","duration":10},{"type":"keyUp","value":"î€‡"}]}]}
COMMAND: GET /session/da7f42de234ee122e0f4ded60e4b8c07/screenshot - {}
RESULT: {}
COMMAND: POST /session/da7f42de234ee122e0f4ded60e4b8c07/element - {"using":"xpath","value":"(//span[contains(text(), \"WebdriverMatTestvxk84\")])[1]"}
RESULT: {"using":"xpath","value":"(//span[contains(text(), \"WebdriverMatTestvxk84\")])[1]"}
COMMAND: POST /session/da7f42de234ee122e0f4ded60e4b8c07/element/f.69C6A966BE3F374529091A689B6300C0.d.83AD60B803245DEFF7222C7E91D07BF0.e.5048/click - {}
RESULT: {}
COMMAND: POST /session/da7f42de234ee122e0f4ded60e4b8c07/execute/async - {"script":"<script> [1562 bytes]","args":[{"selector":{"id":"application-managecatalogs-display-component---detailCatalog--RUAssignmentSaveButton","searchOpenDialogs":true,"interaction":{"idSuffix":"BDI-content"}},"wdio_ui5_key":"applicationmanagecatalogs-display-component---detailCatalog--RUAssignmentSaveButton"}]}
COMMAND: GET /session/da7f42de234ee122e0f4ded60e4b8c07/screenshot - {}
RESULT: {"script":"<script> [1562 bytes]","args":[{"selector":{"id":"application-managecatalogs-display-component---detailCatalog--RUAssignmentSaveButton","searchOpenDialogs":true,"interaction":{"idSuffix":"BDI-content"}},"wdio_ui5_key":"applicationmanagecatalogs-display-component---detailCatalog--RUAssignmentSaveButton"}]}
RESULT: undefined
COMMAND: POST /session/da7f42de234ee122e0f4ded60e4b8c07/element - {"using":"xpath","value":"//*[@id=\"application-managecatalogs-display-component---detailCatalog--RUAssignmentSaveButton\"]"}
RESULT: {}
RESULT: {"using":"xpath","value":"//*[@id=\"application-managecatalogs-display-component---detailCatalog--RUAssignmentSaveButton\"]"}
COMMAND: POST /session/da7f42de234ee122e0f4ded60e4b8c07/element/f.69C6A966BE3F374529091A689B6300C0.d.83AD60B803245DEFF7222C7E91D07BF0.e.5051/click - {}
RESULT: {}
COMMAND: GET /session/da7f42de234ee122e0f4ded60e4b8c07/screenshot - {}
RESULT: {}
COMMAND: POST /session/da7f42de234ee122e0f4ded60e4b8c07/element - {"using":"xpath","value":"//bdi[contains(text(), \"Save\")]"}
RESULT: {"using":"xpath","value":"//bdi[contains(text(), \"Save\")]"}
COMMAND: POST /session/da7f42de234ee122e0f4ded60e4b8c07/element/f.69C6A966BE3F374529091A689B6300C0.d.83AD60B803245DEFF7222C7E91D07BF0.e.5074/click - {}
RESULT: {}
COMMAND: GET /session/da7f42de234ee122e0f4ded60e4b8c07/screenshot - {}
RESULT: {}
COMMAND: POST /session/da7f42de234ee122e0f4ded60e4b8c07/element - {"using":"css selector","value":"#shell-header-logo"}
RESULT: {"using":"css selector","value":"#shell-header-logo"}
COMMAND: POST /session/da7f42de234ee122e0f4ded60e4b8c07/element/f.69C6A966BE3F374529091A689B6300C0.d.83AD60B803245DEFF7222C7E91D07BF0.e.4725/click - {}
RESULT: {}
COMMAND: GET /session/da7f42de234ee122e0f4ded60e4b8c07/screenshot - {}
RESULT: {}
]]></system-out>
    </testcase>
    <testcase classname="chrome.136_0_7103_93.windows.Standard_contract_-_add_contract_items_by_Insert_Request_US118222" name="Should create a new contract" time="98.374">
      <system-out><![CDATA[
COMMAND: POST /session/da7f42de234ee122e0f4ded60e4b8c07/execute/async - {"script":"<script> [1562 bytes]","args":[{"selector":{"controlType":"sap.m.GenericTile","properties":{"header":"Manage Contracts"}},"wdio_ui5_key":"sapm.GenericTile{\"header\":\"Manage Contracts\"}"}]}
RESULT: {"script":"<script> [1562 bytes]","args":[{"selector":{"controlType":"sap.m.GenericTile","properties":{"header":"Manage Contracts"}},"wdio_ui5_key":"sapm.GenericTile{\"header\":\"Manage Contracts\"}"}]}
RESULT: undefined
COMMAND: POST /session/da7f42de234ee122e0f4ded60e4b8c07/element - {"using":"xpath","value":"//*[@id=\"__tile130\"]"}
RESULT: {"using":"xpath","value":"//*[@id=\"__tile130\"]"}
COMMAND: POST /session/da7f42de234ee122e0f4ded60e4b8c07/element/f.69C6A966BE3F374529091A689B6300C0.d.83AD60B803245DEFF7222C7E91D07BF0.e.5110/click - {}
RESULT: {}
COMMAND: GET /session/da7f42de234ee122e0f4ded60e4b8c07/screenshot - {}
RESULT: {}
COMMAND: POST /session/da7f42de234ee122e0f4ded60e4b8c07/elements - {"using":"xpath","value":"//span[text()='Error']"}
RESULT: {"using":"xpath","value":"//span[text()='Error']"}
COMMAND: POST /session/da7f42de234ee122e0f4ded60e4b8c07/element - {"using":"xpath","value":"//button[@data-kt=\"addButton\"]"}
RESULT: {"using":"xpath","value":"//button[@data-kt=\"addButton\"]"}
COMMAND: POST /session/da7f42de234ee122e0f4ded60e4b8c07/element/f.69C6A966BE3F374529091A689B6300C0.d.83AD60B803245DEFF7222C7E91D07BF0.e.5157/click - {}
RESULT: {}
COMMAND: GET /session/da7f42de234ee122e0f4ded60e4b8c07/screenshot - {}
RESULT: {}
COMMAND: POST /session/da7f42de234ee122e0f4ded60e4b8c07/execute/async - {"script":"<script> [1562 bytes]","args":[{"selector":{"id":"application-managecontracts-display-component---AddNewContract--projectDescription","interaction":{"idSuffix":"inner"}},"wdio_ui5_key":"applicationmanagecontracts-display-component---AddNewContract--projectDescription"}]}
RESULT: {"script":"<script> [1562 bytes]","args":[{"selector":{"id":"application-managecontracts-display-component---AddNewContract--projectDescription","interaction":{"idSuffix":"inner"}},"wdio_ui5_key":"applicationmanagecontracts-display-component---AddNewContract--projectDescription"}]}
RESULT: undefined
COMMAND: POST /session/da7f42de234ee122e0f4ded60e4b8c07/execute/async - {"script":"<script> [776 bytes]","args":[{"enterText":"WdIOTest5p5qe","selector":{"id":"application-managecontracts-display-component---AddNewContract--projectDescription","interaction":{"idSuffix":"inner"}},"clearTextFirst":true,"interactionType":"ENTER_TEXT"}]}
RESULT: {"script":"<script> [776 bytes]","args":[{"enterText":"WdIOTest5p5qe","selector":{"id":"application-managecontracts-display-component---AddNewContract--projectDescription","interaction":{"idSuffix":"inner"}},"clearTextFirst":true,"interactionType":"ENTER_TEXT"}]}
COMMAND: POST /session/da7f42de234ee122e0f4ded60e4b8c07/element - {"using":"xpath","value":"//input[@id=\"application-managecontracts-display-component---AddNewContract--yardId-inner\"]"}
RESULT: {"using":"xpath","value":"//input[@id=\"application-managecontracts-display-component---AddNewContract--yardId-inner\"]"}
COMMAND: POST /session/da7f42de234ee122e0f4ded60e4b8c07/element/f.69C6A966BE3F374529091A689B6300C0.d.83AD60B803245DEFF7222C7E91D07BF0.e.5423/clear - {}
RESULT: {}
COMMAND: POST /session/da7f42de234ee122e0f4ded60e4b8c07/element/f.69C6A966BE3F374529091A689B6300C0.d.83AD60B803245DEFF7222C7E91D07BF0.e.5423/value - {"text":"WebdriverYardcgyme"}
COMMAND: GET /session/da7f42de234ee122e0f4ded60e4b8c07/screenshot - {}
RESULT: {"text":"WebdriverYardcgyme"}
COMMAND: GET /session/da7f42de234ee122e0f4ded60e4b8c07/screenshot - {}
RESULT: {}
RESULT: {}
COMMAND: POST /session/da7f42de234ee122e0f4ded60e4b8c07/actions - {"actions":[{"id":"action21","type":"key","parameters":{},"actions":[{"type":"keyDown","value":"î€‡"},{"type":"pause","duration":10},{"type":"keyUp","value":"î€‡"}]}]}
RESULT: {"actions":[{"id":"action21","type":"key","parameters":{},"actions":[{"type":"keyDown","value":"î€‡"},{"type":"pause","duration":10},{"type":"keyUp","value":"î€‡"}]}]}
COMMAND: GET /session/da7f42de234ee122e0f4ded60e4b8c07/screenshot - {}
RESULT: {}
COMMAND: POST /session/da7f42de234ee122e0f4ded60e4b8c07/element - {"using":"xpath","value":"//input[@id=\"application-managecontracts-display-component---AddNewContract--customerSelect-inner\"]"}
RESULT: {"using":"xpath","value":"//input[@id=\"application-managecontracts-display-component---AddNewContract--customerSelect-inner\"]"}
COMMAND: POST /session/da7f42de234ee122e0f4ded60e4b8c07/element/f.69C6A966BE3F374529091A689B6300C0.d.83AD60B803245DEFF7222C7E91D07BF0.e.5421/clear - {}
RESULT: {}
COMMAND: POST /session/da7f42de234ee122e0f4ded60e4b8c07/element/f.69C6A966BE3F374529091A689B6300C0.d.83AD60B803245DEFF7222C7E91D07BF0.e.5421/value - {"text":"WebdriverPartnerejpiw"}
COMMAND: GET /session/da7f42de234ee122e0f4ded60e4b8c07/screenshot - {}
RESULT: {"text":"WebdriverPartnerejpiw"}
COMMAND: GET /session/da7f42de234ee122e0f4ded60e4b8c07/screenshot - {}
RESULT: {}
RESULT: {}
COMMAND: POST /session/da7f42de234ee122e0f4ded60e4b8c07/actions - {"actions":[{"id":"action22","type":"key","parameters":{},"actions":[{"type":"keyDown","value":"î€‡"},{"type":"pause","duration":10},{"type":"keyUp","value":"î€‡"}]}]}
RESULT: {"actions":[{"id":"action22","type":"key","parameters":{},"actions":[{"type":"keyDown","value":"î€‡"},{"type":"pause","duration":10},{"type":"keyUp","value":"î€‡"}]}]}
COMMAND: GET /session/da7f42de234ee122e0f4ded60e4b8c07/screenshot - {}
RESULT: {}
COMMAND: POST /session/da7f42de234ee122e0f4ded60e4b8c07/element - {"using":"xpath","value":"//input[@id=\"application-managecontracts-display-component---AddNewContract--site-inner\"]"}
RESULT: {"using":"xpath","value":"//input[@id=\"application-managecontracts-display-component---AddNewContract--site-inner\"]"}
COMMAND: POST /session/da7f42de234ee122e0f4ded60e4b8c07/element/f.69C6A966BE3F374529091A689B6300C0.d.83AD60B803245DEFF7222C7E91D07BF0.e.5422/clear - {}
RESULT: {}
COMMAND: POST /session/da7f42de234ee122e0f4ded60e4b8c07/element/f.69C6A966BE3F374529091A689B6300C0.d.83AD60B803245DEFF7222C7E91D07BF0.e.5422/value - {"text":"WebdriverSite7de24"}
COMMAND: GET /session/da7f42de234ee122e0f4ded60e4b8c07/screenshot - {}
RESULT: {"text":"WebdriverSite7de24"}
COMMAND: GET /session/da7f42de234ee122e0f4ded60e4b8c07/screenshot - {}
RESULT: {}
RESULT: {}
COMMAND: POST /session/da7f42de234ee122e0f4ded60e4b8c07/actions - {"actions":[{"id":"action23","type":"key","parameters":{},"actions":[{"type":"keyDown","value":"î€‡"},{"type":"pause","duration":10},{"type":"keyUp","value":"î€‡"}]}]}
RESULT: {"actions":[{"id":"action23","type":"key","parameters":{},"actions":[{"type":"keyDown","value":"î€‡"},{"type":"pause","duration":10},{"type":"keyUp","value":"î€‡"}]}]}
COMMAND: GET /session/da7f42de234ee122e0f4ded60e4b8c07/screenshot - {}
COMMAND: POST /session/da7f42de234ee122e0f4ded60e4b8c07/element - {"using":"xpath","value":"//button[@data-kt=\"saveButton\"]"}
RESULT: {}
RESULT: {"using":"xpath","value":"//button[@data-kt=\"saveButton\"]"}
COMMAND: POST /session/da7f42de234ee122e0f4ded60e4b8c07/element/f.69C6A966BE3F374529091A689B6300C0.d.83AD60B803245DEFF7222C7E91D07BF0.e.5496/click - {}
RESULT: {}
COMMAND: GET /session/da7f42de234ee122e0f4ded60e4b8c07/screenshot - {}
RESULT: {}
COMMAND: POST /session/da7f42de234ee122e0f4ded60e4b8c07/execute/async - {"script":"<script> [1562 bytes]","args":[{"selector":{"id":"contractDetailTitleNoExpanded","viewName":"etm.portal.ui.managecontracts.view.Detail"},"wdio_ui5_key":"contractDetailTitleNoExpandedetmportal.ui.managecontracts.view.Detail"}]}
RESULT: {"script":"<script> [1562 bytes]","args":[{"selector":{"id":"contractDetailTitleNoExpanded","viewName":"etm.portal.ui.managecontracts.view.Detail"},"wdio_ui5_key":"contractDetailTitleNoExpandedetmportal.ui.managecontracts.view.Detail"}]}
RESULT: undefined
COMMAND: POST /session/da7f42de234ee122e0f4ded60e4b8c07/execute/async - {"script":"<script> [6424 bytes]","args":[{"element-6066-11e4-a52e-4f735466cecf":"f.69C6A966BE3F374529091A689B6300C0.d.83AD60B803245DEFF7222C7E91D07BF0.e.5580"},"getText",[]]}
RESULT: {"script":"<script> [6424 bytes]","args":[{"element-6066-11e4-a52e-4f735466cecf":"f.69C6A966BE3F374529091A689B6300C0.d.83AD60B803245DEFF7222C7E91D07BF0.e.5580"},"getText",[]]}
]]></system-out>
    </testcase>
    <testcase classname="chrome.136_0_7103_93.windows.Standard_contract_-_add_contract_items_by_Insert_Request_US118222" name="Should create a new request and plan it" time="173.602">
      <system-out><![CDATA[
COMMAND: POST /session/da7f42de234ee122e0f4ded60e4b8c07/element - {"using":"css selector","value":"#shell-header-logo"}
RESULT: {"using":"css selector","value":"#shell-header-logo"}
COMMAND: POST /session/da7f42de234ee122e0f4ded60e4b8c07/element/f.69C6A966BE3F374529091A689B6300C0.d.83AD60B803245DEFF7222C7E91D07BF0.e.5113/click - {}
RESULT: {}
COMMAND: GET /session/da7f42de234ee122e0f4ded60e4b8c07/screenshot - {}
RESULT: {}
COMMAND: POST /session/da7f42de234ee122e0f4ded60e4b8c07/execute/async - {"script":"<script> [1562 bytes]","args":[{"selector":{"controlType":"sap.m.GenericTile","properties":{"header":"Manage Requests"}},"wdio_ui5_key":"sapm.GenericTile{\"header\":\"Manage Requests\"}"}]}
RESULT: {"script":"<script> [1562 bytes]","args":[{"selector":{"controlType":"sap.m.GenericTile","properties":{"header":"Manage Requests"}},"wdio_ui5_key":"sapm.GenericTile{\"header\":\"Manage Requests\"}"}]}
RESULT: undefined
COMMAND: POST /session/da7f42de234ee122e0f4ded60e4b8c07/element - {"using":"xpath","value":"//*[@id=\"__tile47\"]"}
RESULT: {"using":"xpath","value":"//*[@id=\"__tile47\"]"}
COMMAND: POST /session/da7f42de234ee122e0f4ded60e4b8c07/element/f.69C6A966BE3F374529091A689B6300C0.d.83AD60B803245DEFF7222C7E91D07BF0.e.5583/click - {}
RESULT: {}
COMMAND: GET /session/da7f42de234ee122e0f4ded60e4b8c07/screenshot - {}
RESULT: {}
COMMAND: POST /session/da7f42de234ee122e0f4ded60e4b8c07/elements - {"using":"xpath","value":"//span[text()='Error']"}
RESULT: {"using":"xpath","value":"//span[text()='Error']"}
COMMAND: POST /session/da7f42de234ee122e0f4ded60e4b8c07/element - {"using":"xpath","value":"//button[contains(@data-kt ,\"btnCreateNewOverflowToolbarButton\")]"}
COMMAND: POST /session/da7f42de234ee122e0f4ded60e4b8c07/element - {"using":"xpath","value":"(//span[contains(@class ,\"sapMObjStatusText\")])[1]"}
RESULT: {"using":"xpath","value":"//button[contains(@data-kt ,\"btnCreateNewOverflowToolbarButton\")]"}
COMMAND: POST /session/da7f42de234ee122e0f4ded60e4b8c07/element/f.69C6A966BE3F374529091A689B6300C0.d.83AD60B803245DEFF7222C7E91D07BF0.e.5622/click - {}
RESULT: {"using":"xpath","value":"(//span[contains(@class ,\"sapMObjStatusText\")])[1]"}
COMMAND: POST /session/da7f42de234ee122e0f4ded60e4b8c07/execute/sync - {"script":"<script> [8489 bytes]","args":[{"element-6066-11e4-a52e-4f735466cecf":"f.69C6A966BE3F374529091A689B6300C0.d.83AD60B803245DEFF7222C7E91D07BF0.e.5695","ELEMENT":"f.69C6A966BE3F374529091A689B6300C0.d.83AD60B803245DEFF7222C7E91D07BF0.e.5695"}]}
RESULT: {}
RESULT: {"script":"<script> [8489 bytes]","args":[{"element-6066-11e4-a52e-4f735466cecf":"f.69C6A966BE3F374529091A689B6300C0.d.83AD60B803245DEFF7222C7E91D07BF0.e.5695","ELEMENT":"f.69C6A966BE3F374529091A689B6300C0.d.83AD60B803245DEFF7222C7E91D07BF0.e.5695"}]}
COMMAND: GET /session/da7f42de234ee122e0f4ded60e4b8c07/screenshot - {}
COMMAND: GET /session/da7f42de234ee122e0f4ded60e4b8c07/screenshot - {}
RESULT: {}
RESULT: {}
COMMAND: POST /session/da7f42de234ee122e0f4ded60e4b8c07/element - {"using":"xpath","value":"//input[contains(@id ,\"yardId-inner\")]"}
RESULT: {"using":"xpath","value":"//input[contains(@id ,\"yardId-inner\")]"}
COMMAND: POST /session/da7f42de234ee122e0f4ded60e4b8c07/execute/sync - {"script":"<script> [8489 bytes]","args":[{"element-6066-11e4-a52e-4f735466cecf":"f.69C6A966BE3F374529091A689B6300C0.d.83AD60B803245DEFF7222C7E91D07BF0.e.5787","ELEMENT":"f.69C6A966BE3F374529091A689B6300C0.d.83AD60B803245DEFF7222C7E91D07BF0.e.5787"}]}
RESULT: {"script":"<script> [8489 bytes]","args":[{"element-6066-11e4-a52e-4f735466cecf":"f.69C6A966BE3F374529091A689B6300C0.d.83AD60B803245DEFF7222C7E91D07BF0.e.5787","ELEMENT":"f.69C6A966BE3F374529091A689B6300C0.d.83AD60B803245DEFF7222C7E91D07BF0.e.5787"}]}
COMMAND: POST /session/da7f42de234ee122e0f4ded60e4b8c07/element - {"using":"xpath","value":"//input[contains(@id ,\"requestContractNo-inner\")]"}
COMMAND: POST /session/da7f42de234ee122e0f4ded60e4b8c07/element - {"using":"xpath","value":"//input[contains(@id ,\"requestContractNo-inner\")]"}
COMMAND: GET /session/da7f42de234ee122e0f4ded60e4b8c07/screenshot - {}
RESULT: {"using":"xpath","value":"//input[contains(@id ,\"requestContractNo-inner\")]"}
COMMAND: POST /session/da7f42de234ee122e0f4ded60e4b8c07/element/f.69C6A966BE3F374529091A689B6300C0.d.83AD60B803245DEFF7222C7E91D07BF0.e.5782/value - {"text":"10434"}
RESULT: {"using":"xpath","value":"//input[contains(@id ,\"requestContractNo-inner\")]"}
COMMAND: GET /session/da7f42de234ee122e0f4ded60e4b8c07/element/f.69C6A966BE3F374529091A689B6300C0.d.83AD60B803245DEFF7222C7E91D07BF0.e.5782/enabled - {}
RESULT: {}
RESULT: {"text":"10434"}
RESULT: {}
COMMAND: GET /session/da7f42de234ee122e0f4ded60e4b8c07/screenshot - {}
COMMAND: GET /session/da7f42de234ee122e0f4ded60e4b8c07/screenshot - {}
RESULT: {}
RESULT: {}
COMMAND: POST /session/da7f42de234ee122e0f4ded60e4b8c07/actions - {"actions":[{"id":"action24","type":"key","parameters":{},"actions":[{"type":"keyDown","value":"î€‡"},{"type":"pause","duration":10},{"type":"keyUp","value":"î€‡"}]}]}
RESULT: {"actions":[{"id":"action24","type":"key","parameters":{},"actions":[{"type":"keyDown","value":"î€‡"},{"type":"pause","duration":10},{"type":"keyUp","value":"î€‡"}]}]}
COMMAND: GET /session/da7f42de234ee122e0f4ded60e4b8c07/screenshot - {}
RESULT: {}
COMMAND: POST /session/da7f42de234ee122e0f4ded60e4b8c07/execute/async - {"script":"<script> [1562 bytes]","args":[{"selector":{"controlType":"sap.ui.core.Icon","viewName":"etm.portal.ui.managerequests.view.NewRequest","properties":{"src":{"regex":{"source":"add"}}}},"wdio_ui5_key":"etmportal.ui.managerequests.view.NewRequestsap.ui.core.Icon{\"src\":{\"regex\":{\"source\":\"add\"}}}"}]}
RESULT: {"script":"<script> [1562 bytes]","args":[{"selector":{"controlType":"sap.ui.core.Icon","viewName":"etm.portal.ui.managerequests.view.NewRequest","properties":{"src":{"regex":{"source":"add"}}}},"wdio_ui5_key":"etmportal.ui.managerequests.view.NewRequestsap.ui.core.Icon{\"src\":{\"regex\":{\"source\":\"add\"}}}"}]}
RESULT: undefined
COMMAND: POST /session/da7f42de234ee122e0f4ded60e4b8c07/element - {"using":"xpath","value":"//*[@id=\"__xmlview61--btnAddTableRow-img\"]"}
RESULT: {"using":"xpath","value":"//*[@id=\"__xmlview61--btnAddTableRow-img\"]"}
COMMAND: POST /session/da7f42de234ee122e0f4ded60e4b8c07/element/f.69C6A966BE3F374529091A689B6300C0.d.83AD60B803245DEFF7222C7E91D07BF0.e.5932/click - {}
RESULT: {}
COMMAND: GET /session/da7f42de234ee122e0f4ded60e4b8c07/screenshot - {}
RESULT: {}
COMMAND: POST /session/da7f42de234ee122e0f4ded60e4b8c07/execute/async - {"script":"<script> [1562 bytes]","args":[{"selector":{"controlType":"sap.ui.unified.MenuItem","viewName":"etm.portal.ui.managerequests.view.NewRequest","i18NText":{"propertyName":"text","key":"standardEntry"},"searchOpenDialogs":true,"interaction":{"idSuffix":"txt"}},"wdio_ui5_key":"etmportal.ui.managerequests.view.NewRequestsap.ui.unified.MenuItem{\"propertyName\":\"text\",\"key\":\"standardEntry\"}"}]}
RESULT: {"script":"<script> [1562 bytes]","args":[{"selector":{"controlType":"sap.ui.unified.MenuItem","viewName":"etm.portal.ui.managerequests.view.NewRequest","i18NText":{"propertyName":"text","key":"standardEntry"},"searchOpenDialogs":true,"interaction":{"idSuffix":"txt"}},"wdio_ui5_key":"etmportal.ui.managerequests.view.NewRequestsap.ui.unified.MenuItem{\"propertyName\":\"text\",\"key\":\"standardEntry\"}"}]}
RESULT: undefined
COMMAND: POST /session/da7f42de234ee122e0f4ded60e4b8c07/element - {"using":"xpath","value":"//*[@id=\"__item2318\"]"}
RESULT: {"using":"xpath","value":"//*[@id=\"__item2318\"]"}
COMMAND: POST /session/da7f42de234ee122e0f4ded60e4b8c07/element/f.69C6A966BE3F374529091A689B6300C0.d.83AD60B803245DEFF7222C7E91D07BF0.e.5936/click - {}
RESULT: {}
COMMAND: GET /session/da7f42de234ee122e0f4ded60e4b8c07/screenshot - {}
RESULT: {}
RESULT: undefined
COMMAND: POST /session/da7f42de234ee122e0f4ded60e4b8c07/element - {"using":"xpath","value":"//*[@id=\"__xmlview61--btnAddTableRow-img\"]"}
RESULT: {"using":"xpath","value":"//*[@id=\"__xmlview61--btnAddTableRow-img\"]"}
COMMAND: POST /session/da7f42de234ee122e0f4ded60e4b8c07/element/f.69C6A966BE3F374529091A689B6300C0.d.83AD60B803245DEFF7222C7E91D07BF0.e.5932/click - {}
RESULT: {}
COMMAND: GET /session/da7f42de234ee122e0f4ded60e4b8c07/screenshot - {}
RESULT: {}
RESULT: undefined
COMMAND: POST /session/da7f42de234ee122e0f4ded60e4b8c07/element - {"using":"xpath","value":"//*[@id=\"__item2318\"]"}
RESULT: {"using":"xpath","value":"//*[@id=\"__item2318\"]"}
COMMAND: POST /session/da7f42de234ee122e0f4ded60e4b8c07/element/f.69C6A966BE3F374529091A689B6300C0.d.83AD60B803245DEFF7222C7E91D07BF0.e.5948/click - {}
RESULT: {}
COMMAND: GET /session/da7f42de234ee122e0f4ded60e4b8c07/screenshot - {}
RESULT: {}
COMMAND: POST /session/da7f42de234ee122e0f4ded60e4b8c07/element - {"using":"xpath","value":"(//input[contains(@id ,\"requestItemsTable-0-inner\")])[1]"}
RESULT: {"using":"xpath","value":"(//input[contains(@id ,\"requestItemsTable-0-inner\")])[1]"}
COMMAND: POST /session/da7f42de234ee122e0f4ded60e4b8c07/element/f.69C6A966BE3F374529091A689B6300C0.d.83AD60B803245DEFF7222C7E91D07BF0.e.5938/clear - {}
RESULT: {}
COMMAND: POST /session/da7f42de234ee122e0f4ded60e4b8c07/element/f.69C6A966BE3F374529091A689B6300C0.d.83AD60B803245DEFF7222C7E91D07BF0.e.5938/value - {"text":"catalogItemr9e7n"}
COMMAND: GET /session/da7f42de234ee122e0f4ded60e4b8c07/screenshot - {}
RESULT: {"text":"catalogItemr9e7n"}
COMMAND: GET /session/da7f42de234ee122e0f4ded60e4b8c07/screenshot - {}
RESULT: {}
RESULT: {}
COMMAND: POST /session/da7f42de234ee122e0f4ded60e4b8c07/actions - {"actions":[{"id":"action25","type":"key","parameters":{},"actions":[{"type":"keyDown","value":"î€‡"},{"type":"pause","duration":10},{"type":"keyUp","value":"î€‡"}]}]}
RESULT: {"actions":[{"id":"action25","type":"key","parameters":{},"actions":[{"type":"keyDown","value":"î€‡"},{"type":"pause","duration":10},{"type":"keyUp","value":"î€‡"}]}]}
COMMAND: POST /session/da7f42de234ee122e0f4ded60e4b8c07/element - {"using":"xpath","value":"(//input[contains(@id ,\"requestItemsTable-1-inner\")])[1]"}
COMMAND: GET /session/da7f42de234ee122e0f4ded60e4b8c07/screenshot - {}
RESULT: {"using":"xpath","value":"(//input[contains(@id ,\"requestItemsTable-1-inner\")])[1]"}
COMMAND: POST /session/da7f42de234ee122e0f4ded60e4b8c07/element/f.69C6A966BE3F374529091A689B6300C0.d.83AD60B803245DEFF7222C7E91D07BF0.e.5950/clear - {}
RESULT: {}
RESULT: {}
COMMAND: POST /session/da7f42de234ee122e0f4ded60e4b8c07/element/f.69C6A966BE3F374529091A689B6300C0.d.83AD60B803245DEFF7222C7E91D07BF0.e.5950/value - {"text":"catalogItemr9e7n"}
COMMAND: GET /session/da7f42de234ee122e0f4ded60e4b8c07/screenshot - {}
RESULT: {"text":"catalogItemr9e7n"}
COMMAND: GET /session/da7f42de234ee122e0f4ded60e4b8c07/screenshot - {}
RESULT: {}
RESULT: {}
COMMAND: POST /session/da7f42de234ee122e0f4ded60e4b8c07/actions - {"actions":[{"id":"action26","type":"key","parameters":{},"actions":[{"type":"keyDown","value":"î€‡"},{"type":"pause","duration":10},{"type":"keyUp","value":"î€‡"}]}]}
RESULT: {"actions":[{"id":"action26","type":"key","parameters":{},"actions":[{"type":"keyDown","value":"î€‡"},{"type":"pause","duration":10},{"type":"keyUp","value":"î€‡"}]}]}
COMMAND: GET /session/da7f42de234ee122e0f4ded60e4b8c07/screenshot - {}
RESULT: {}
COMMAND: POST /session/da7f42de234ee122e0f4ded60e4b8c07/execute/async - {"script":"<script> [1562 bytes]","args":[{"selector":{"controlType":"sap.ui.core.Icon","viewName":"etm.portal.ui.managerequests.view.NewRequest","properties":{"src":{"regex":{"source":"slim\\-arrow\\-down"}}},"ancestor":{"controlType":"sap.m.Button","viewName":"etm.portal.ui.managerequests.view.NewRequest","properties":{"icon":"sap-icon://slim-arrow-down"}}},"wdio_ui5_key":"etmportal.ui.managerequests.view.NewRequestsap.ui.core.Icon{\"src\":{\"regex\":{\"source\":\"slim\\\\-arrow\\\\-down\"}}}{\"controlType\":\"sap.m.Button\",\"viewName\":\"etm.portal.ui.managerequests.view.NewRequest\",\"properties\":{\"icon\":\"sap-icon://slim-arrow-down\"}}"}]}
RESULT: {"script":"<script> [1562 bytes]","args":[{"selector":{"controlType":"sap.ui.core.Icon","viewName":"etm.portal.ui.managerequests.view.NewRequest","properties":{"src":{"regex":{"source":"slim\\-arrow\\-down"}}},"ancestor":{"controlType":"sap.m.Button","viewName":"etm.portal.ui.managerequests.view.NewRequest","properties":{"icon":"sap-icon://slim-arrow-down"}}},"wdio_ui5_key":"etmportal.ui.managerequests.view.NewRequestsap.ui.core.Icon{\"src\":{\"regex\":{\"source\":\"slim\\\\-arrow\\\\-down\"}}}{\"controlType\":\"sap.m.Button\",\"viewName\":\"etm.portal.ui.managerequests.view.NewRequest\",\"properties\":{\"icon\":\"sap-icon://slim-arrow-down\"}}"}]}
RESULT: undefined
COMMAND: POST /session/da7f42de234ee122e0f4ded60e4b8c07/element - {"using":"xpath","value":"//*[@id=\"__title47-expandBtn-img\"]"}
RESULT: {"using":"xpath","value":"//*[@id=\"__title47-expandBtn-img\"]"}
COMMAND: POST /session/da7f42de234ee122e0f4ded60e4b8c07/element/f.69C6A966BE3F374529091A689B6300C0.d.83AD60B803245DEFF7222C7E91D07BF0.e.5970/click - {}
RESULT: {}
COMMAND: POST /session/da7f42de234ee122e0f4ded60e4b8c07/element - {"using":"xpath","value":"//div[contains(@data-kt ,\"splitAllocationObjectStatus\")]"}
COMMAND: GET /session/da7f42de234ee122e0f4ded60e4b8c07/screenshot - {}
RESULT: {"using":"xpath","value":"//div[contains(@data-kt ,\"splitAllocationObjectStatus\")]"}
COMMAND: POST /session/da7f42de234ee122e0f4ded60e4b8c07/elements - {"using":"xpath","value":"//div[contains(@data-kt ,\"splitAllocationObjectStatus\")]"}
RESULT: {}
RESULT: {"using":"xpath","value":"//div[contains(@data-kt ,\"splitAllocationObjectStatus\")]"}
COMMAND: POST /session/da7f42de234ee122e0f4ded60e4b8c07/execute/async - {"script":"<script> [1562 bytes]","args":[{"selector":{"controlType":"sap.ui.core.Icon","viewName":"etm.portal.ui.managerequests.view.NewRequest","properties":{"src":{"regex":{"source":"message\\-error"}}},"ancestor":{"controlType":"sap.m.ColumnListItem","viewName":"etm.portal.ui.managerequests.view.NewRequest","bindingPath":{"modelName":"newRequestItems","path":"/RequestItems/0"},"ancestor":{"id":"requestItemsTable","viewName":"etm.portal.ui.managerequests.view.NewRequest"}}},"wdio_ui5_key":"etmportal.ui.managerequests.view.NewRequestsap.ui.core.Icon{\"src\":{\"regex\":{\"source\":\"message\\\\-error\"}}}{\"controlType\":\"sap.m.ColumnListItem\",\"viewName\":\"etm.portal.ui.managerequests.view.NewRequest\",\"bindingPath\":{\"modelName\":\"newRequestItems\",\"path\":\"/RequestItems/0\"},\"ancestor\":{\"id\":\"requestItemsTable\",\"viewName\":\"etm.portal.ui.managerequests.view.NewRequest\"}}"}]}
RESULT: {"script":"<script> [1562 bytes]","args":[{"selector":{"controlType":"sap.ui.core.Icon","viewName":"etm.portal.ui.managerequests.view.NewRequest","properties":{"src":{"regex":{"source":"message\\-error"}}},"ancestor":{"controlType":"sap.m.ColumnListItem","viewName":"etm.portal.ui.managerequests.view.NewRequest","bindingPath":{"modelName":"newRequestItems","path":"/RequestItems/0"},"ancestor":{"id":"requestItemsTable","viewName":"etm.portal.ui.managerequests.view.NewRequest"}}},"wdio_ui5_key":"etmportal.ui.managerequests.view.NewRequestsap.ui.core.Icon{\"src\":{\"regex\":{\"source\":\"message\\\\-error\"}}}{\"controlType\":\"sap.m.ColumnListItem\",\"viewName\":\"etm.portal.ui.managerequests.view.NewRequest\",\"bindingPath\":{\"modelName\":\"newRequestItems\",\"path\":\"/RequestItems/0\"},\"ancestor\":{\"id\":\"requestItemsTable\",\"viewName\":\"etm.portal.ui.managerequests.view.NewRequest\"}}"}]}
RESULT: undefined
COMMAND: POST /session/da7f42de234ee122e0f4ded60e4b8c07/element - {"using":"xpath","value":"//*[@id=\"__status15-__xmlview61--requestItemsTable-0-icon\"]"}
RESULT: {"using":"xpath","value":"//*[@id=\"__status15-__xmlview61--requestItemsTable-0-icon\"]"}
COMMAND: POST /session/da7f42de234ee122e0f4ded60e4b8c07/element/f.69C6A966BE3F374529091A689B6300C0.d.83AD60B803245DEFF7222C7E91D07BF0.e.5975/click - {}
RESULT: {}
COMMAND: GET /session/da7f42de234ee122e0f4ded60e4b8c07/screenshot - {}
RESULT: {}
COMMAND: POST /session/da7f42de234ee122e0f4ded60e4b8c07/execute/async - {"script":"<script> [1562 bytes]","args":[{"selector":{"id":"costObjectAdminTypeComboBox","viewName":"etm.portal.ui.managerequests.view.NewRequest","searchOpenDialogs":true,"interaction":{"idSuffix":"inner"}},"wdio_ui5_key":"costObjectAdminTypeComboBoxetmportal.ui.managerequests.view.NewRequest"}]}
RESULT: {"script":"<script> [1562 bytes]","args":[{"selector":{"id":"costObjectAdminTypeComboBox","viewName":"etm.portal.ui.managerequests.view.NewRequest","searchOpenDialogs":true,"interaction":{"idSuffix":"inner"}},"wdio_ui5_key":"costObjectAdminTypeComboBoxetmportal.ui.managerequests.view.NewRequest"}]}
RESULT: undefined
COMMAND: POST /session/da7f42de234ee122e0f4ded60e4b8c07/execute/async - {"script":"<script> [776 bytes]","args":[{"enterText":"Cost Center","selector":{"id":"costObjectAdminTypeComboBox","viewName":"etm.portal.ui.managerequests.view.NewRequest","searchOpenDialogs":true,"interaction":{"idSuffix":"inner"}},"clearTextFirst":true,"interactionType":"ENTER_TEXT"}]}
RESULT: {"script":"<script> [776 bytes]","args":[{"enterText":"Cost Center","selector":{"id":"costObjectAdminTypeComboBox","viewName":"etm.portal.ui.managerequests.view.NewRequest","searchOpenDialogs":true,"interaction":{"idSuffix":"inner"}},"clearTextFirst":true,"interactionType":"ENTER_TEXT"}]}
COMMAND: POST /session/da7f42de234ee122e0f4ded60e4b8c07/actions - {"actions":[{"id":"action27","type":"key","parameters":{},"actions":[{"type":"keyDown","value":"î€‡"},{"type":"pause","duration":10},{"type":"keyUp","value":"î€‡"}]}]}
RESULT: {"actions":[{"id":"action27","type":"key","parameters":{},"actions":[{"type":"keyDown","value":"î€‡"},{"type":"pause","duration":10},{"type":"keyUp","value":"î€‡"}]}]}
COMMAND: GET /session/da7f42de234ee122e0f4ded60e4b8c07/screenshot - {}
RESULT: {}
COMMAND: POST /session/da7f42de234ee122e0f4ded60e4b8c07/execute/async - {"script":"<script> [1562 bytes]","args":[{"selector":{"controlType":"sap.ui.core.Icon","viewName":"etm.portal.ui.managerequests.view.NewRequest","properties":{"src":{"regex":{"source":"value\\-help"}}},"searchOpenDialogs":true},"wdio_ui5_key":"etmportal.ui.managerequests.view.NewRequestsap.ui.core.Icon{\"src\":{\"regex\":{\"source\":\"value\\\\-help\"}}}"}]}
RESULT: {"script":"<script> [1562 bytes]","args":[{"selector":{"controlType":"sap.ui.core.Icon","viewName":"etm.portal.ui.managerequests.view.NewRequest","properties":{"src":{"regex":{"source":"value\\-help"}}},"searchOpenDialogs":true},"wdio_ui5_key":"etmportal.ui.managerequests.view.NewRequestsap.ui.core.Icon{\"src\":{\"regex\":{\"source\":\"value\\\\-help\"}}}"}]}
RESULT: undefined
COMMAND: POST /session/da7f42de234ee122e0f4ded60e4b8c07/element - {"using":"xpath","value":"//*[@id=\"__xmlview61--costObjectIdComboBox-vhi\"]"}
RESULT: {"using":"xpath","value":"//*[@id=\"__xmlview61--costObjectIdComboBox-vhi\"]"}
COMMAND: POST /session/da7f42de234ee122e0f4ded60e4b8c07/element/f.69C6A966BE3F374529091A689B6300C0.d.83AD60B803245DEFF7222C7E91D07BF0.e.5989/click - {}
RESULT: {}
COMMAND: POST /session/da7f42de234ee122e0f4ded60e4b8c07/execute/async - {"script":"<script> [1562 bytes]","args":[{"selector":{"controlType":"sap.m.SearchField","properties":{"placeholder":"Search"},"searchOpenDialogs":true,"interaction":{"idSuffix":"I"}},"wdio_ui5_key":"sapm.SearchField{\"placeholder\":\"Search\"}"}]}
COMMAND: GET /session/da7f42de234ee122e0f4ded60e4b8c07/screenshot - {}
RESULT: {"script":"<script> [1562 bytes]","args":[{"selector":{"controlType":"sap.m.SearchField","properties":{"placeholder":"Search"},"searchOpenDialogs":true,"interaction":{"idSuffix":"I"}},"wdio_ui5_key":"sapm.SearchField{\"placeholder\":\"Search\"}"}]}
RESULT: undefined
COMMAND: POST /session/da7f42de234ee122e0f4ded60e4b8c07/execute/async - {"script":"<script> [776 bytes]","args":[{"enterText":"10001013","selector":{"controlType":"sap.m.SearchField","properties":{"placeholder":"Search"},"searchOpenDialogs":true,"interaction":{"idSuffix":"I"}},"clearTextFirst":true,"interactionType":"ENTER_TEXT"}]}
RESULT: {}
RESULT: {"script":"<script> [776 bytes]","args":[{"enterText":"10001013","selector":{"controlType":"sap.m.SearchField","properties":{"placeholder":"Search"},"searchOpenDialogs":true,"interaction":{"idSuffix":"I"}},"clearTextFirst":true,"interactionType":"ENTER_TEXT"}]}
COMMAND: POST /session/da7f42de234ee122e0f4ded60e4b8c07/actions - {"actions":[{"id":"action28","type":"key","parameters":{},"actions":[{"type":"keyDown","value":"î€‡"},{"type":"pause","duration":10},{"type":"keyUp","value":"î€‡"}]}]}
RESULT: {"actions":[{"id":"action28","type":"key","parameters":{},"actions":[{"type":"keyDown","value":"î€‡"},{"type":"pause","duration":10},{"type":"keyUp","value":"î€‡"}]}]}
COMMAND: GET /session/da7f42de234ee122e0f4ded60e4b8c07/screenshot - {}
RESULT: {}
COMMAND: POST /session/da7f42de234ee122e0f4ded60e4b8c07/element - {"using":"xpath","value":"//span[contains(text(), \"General Management\")]"}
RESULT: {"using":"xpath","value":"//span[contains(text(), \"General Management\")]"}
COMMAND: POST /session/da7f42de234ee122e0f4ded60e4b8c07/element/f.69C6A966BE3F374529091A689B6300C0.d.83AD60B803245DEFF7222C7E91D07BF0.e.6029/click - {}
RESULT: {}
COMMAND: GET /session/da7f42de234ee122e0f4ded60e4b8c07/screenshot - {}
RESULT: {}
COMMAND: POST /session/da7f42de234ee122e0f4ded60e4b8c07/element - {"using":"xpath","value":"//bdi[contains(text(), \"OK\")]"}
RESULT: {"using":"xpath","value":"//bdi[contains(text(), \"OK\")]"}
COMMAND: POST /session/da7f42de234ee122e0f4ded60e4b8c07/element/f.69C6A966BE3F374529091A689B6300C0.d.83AD60B803245DEFF7222C7E91D07BF0.e.6030/click - {}
RESULT: {}
COMMAND: GET /session/da7f42de234ee122e0f4ded60e4b8c07/screenshot - {}
RESULT: {}
COMMAND: POST /session/da7f42de234ee122e0f4ded60e4b8c07/element - {"using":"xpath","value":"(//bdi[contains(@id ,\"BDI-content\")][contains(text(), \"Save\")])[1]"}
RESULT: {"using":"xpath","value":"(//bdi[contains(@id ,\"BDI-content\")][contains(text(), \"Save\")])[1]"}
COMMAND: POST /session/da7f42de234ee122e0f4ded60e4b8c07/element/f.69C6A966BE3F374529091A689B6300C0.d.83AD60B803245DEFF7222C7E91D07BF0.e.6034/click - {}
RESULT: {}
COMMAND: GET /session/da7f42de234ee122e0f4ded60e4b8c07/screenshot - {}
RESULT: {}
COMMAND: POST /session/da7f42de234ee122e0f4ded60e4b8c07/execute/async - {"script":"<script> [1562 bytes]","args":[{"selector":{"controlType":"sap.ui.core.Icon","viewName":"etm.portal.ui.managerequests.view.NewRequest","properties":{"src":{"regex":{"source":"message\\-error"}}},"ancestor":{"controlType":"sap.m.ColumnListItem","viewName":"etm.portal.ui.managerequests.view.NewRequest","bindingPath":{"modelName":"newRequestItems","path":"/RequestItems/1"},"ancestor":{"id":"requestItemsTable","viewName":"etm.portal.ui.managerequests.view.NewRequest"}}},"wdio_ui5_key":"etmportal.ui.managerequests.view.NewRequestsap.ui.core.Icon{\"src\":{\"regex\":{\"source\":\"message\\\\-error\"}}}{\"controlType\":\"sap.m.ColumnListItem\",\"viewName\":\"etm.portal.ui.managerequests.view.NewRequest\",\"bindingPath\":{\"modelName\":\"newRequestItems\",\"path\":\"/RequestItems/1\"},\"ancestor\":{\"id\":\"requestItemsTable\",\"viewName\":\"etm.portal.ui.managerequests.view.NewRequest\"}}"}]}
RESULT: {"script":"<script> [1562 bytes]","args":[{"selector":{"controlType":"sap.ui.core.Icon","viewName":"etm.portal.ui.managerequests.view.NewRequest","properties":{"src":{"regex":{"source":"message\\-error"}}},"ancestor":{"controlType":"sap.m.ColumnListItem","viewName":"etm.portal.ui.managerequests.view.NewRequest","bindingPath":{"modelName":"newRequestItems","path":"/RequestItems/1"},"ancestor":{"id":"requestItemsTable","viewName":"etm.portal.ui.managerequests.view.NewRequest"}}},"wdio_ui5_key":"etmportal.ui.managerequests.view.NewRequestsap.ui.core.Icon{\"src\":{\"regex\":{\"source\":\"message\\\\-error\"}}}{\"controlType\":\"sap.m.ColumnListItem\",\"viewName\":\"etm.portal.ui.managerequests.view.NewRequest\",\"bindingPath\":{\"modelName\":\"newRequestItems\",\"path\":\"/RequestItems/1\"},\"ancestor\":{\"id\":\"requestItemsTable\",\"viewName\":\"etm.portal.ui.managerequests.view.NewRequest\"}}"}]}
RESULT: undefined
COMMAND: POST /session/da7f42de234ee122e0f4ded60e4b8c07/element - {"using":"xpath","value":"//*[@id=\"__status15-__xmlview61--requestItemsTable-1-icon\"]"}
RESULT: {"using":"xpath","value":"//*[@id=\"__status15-__xmlview61--requestItemsTable-1-icon\"]"}
COMMAND: POST /session/da7f42de234ee122e0f4ded60e4b8c07/element/f.69C6A966BE3F374529091A689B6300C0.d.83AD60B803245DEFF7222C7E91D07BF0.e.6037/click - {}
RESULT: {}
COMMAND: GET /session/da7f42de234ee122e0f4ded60e4b8c07/screenshot - {}
RESULT: {}
RESULT: undefined
COMMAND: POST /session/da7f42de234ee122e0f4ded60e4b8c07/execute/async - {"script":"<script> [776 bytes]","args":[{"enterText":"Cost Center","selector":{"id":"costObjectAdminTypeComboBox","viewName":"etm.portal.ui.managerequests.view.NewRequest","searchOpenDialogs":true,"interaction":{"idSuffix":"inner"}},"clearTextFirst":true,"interactionType":"ENTER_TEXT"}]}
RESULT: {"script":"<script> [776 bytes]","args":[{"enterText":"Cost Center","selector":{"id":"costObjectAdminTypeComboBox","viewName":"etm.portal.ui.managerequests.view.NewRequest","searchOpenDialogs":true,"interaction":{"idSuffix":"inner"}},"clearTextFirst":true,"interactionType":"ENTER_TEXT"}]}
COMMAND: POST /session/da7f42de234ee122e0f4ded60e4b8c07/actions - {"actions":[{"id":"action29","type":"key","parameters":{},"actions":[{"type":"keyDown","value":"î€‡"},{"type":"pause","duration":10},{"type":"keyUp","value":"î€‡"}]}]}
RESULT: {"actions":[{"id":"action29","type":"key","parameters":{},"actions":[{"type":"keyDown","value":"î€‡"},{"type":"pause","duration":10},{"type":"keyUp","value":"î€‡"}]}]}
COMMAND: GET /session/da7f42de234ee122e0f4ded60e4b8c07/screenshot - {}
RESULT: {}
RESULT: undefined
COMMAND: POST /session/da7f42de234ee122e0f4ded60e4b8c07/element - {"using":"xpath","value":"//*[@id=\"__xmlview61--costObjectIdComboBox-vhi\"]"}
RESULT: {"using":"xpath","value":"//*[@id=\"__xmlview61--costObjectIdComboBox-vhi\"]"}
COMMAND: POST /session/da7f42de234ee122e0f4ded60e4b8c07/element/f.69C6A966BE3F374529091A689B6300C0.d.83AD60B803245DEFF7222C7E91D07BF0.e.6047/click - {}
RESULT: {}
RESULT: undefined
COMMAND: POST /session/da7f42de234ee122e0f4ded60e4b8c07/execute/async - {"script":"<script> [776 bytes]","args":[{"enterText":"10001013","selector":{"controlType":"sap.m.SearchField","properties":{"placeholder":"Search"},"searchOpenDialogs":true,"interaction":{"idSuffix":"I"}},"clearTextFirst":true,"interactionType":"ENTER_TEXT"}]}
COMMAND: GET /session/da7f42de234ee122e0f4ded60e4b8c07/screenshot - {}
RESULT: {"script":"<script> [776 bytes]","args":[{"enterText":"10001013","selector":{"controlType":"sap.m.SearchField","properties":{"placeholder":"Search"},"searchOpenDialogs":true,"interaction":{"idSuffix":"I"}},"clearTextFirst":true,"interactionType":"ENTER_TEXT"}]}
COMMAND: POST /session/da7f42de234ee122e0f4ded60e4b8c07/actions - {"actions":[{"id":"action30","type":"key","parameters":{},"actions":[{"type":"keyDown","value":"î€‡"},{"type":"pause","duration":10},{"type":"keyUp","value":"î€‡"}]}]}
RESULT: {}
RESULT: {"actions":[{"id":"action30","type":"key","parameters":{},"actions":[{"type":"keyDown","value":"î€‡"},{"type":"pause","duration":10},{"type":"keyUp","value":"î€‡"}]}]}
COMMAND: GET /session/da7f42de234ee122e0f4ded60e4b8c07/screenshot - {}
RESULT: {}
COMMAND: POST /session/da7f42de234ee122e0f4ded60e4b8c07/element - {"using":"xpath","value":"//span[contains(text(), \"General Management\")]"}
RESULT: {"using":"xpath","value":"//span[contains(text(), \"General Management\")]"}
COMMAND: POST /session/da7f42de234ee122e0f4ded60e4b8c07/element/f.69C6A966BE3F374529091A689B6300C0.d.83AD60B803245DEFF7222C7E91D07BF0.e.6085/click - {}
RESULT: {}
COMMAND: GET /session/da7f42de234ee122e0f4ded60e4b8c07/screenshot - {}
RESULT: {}
COMMAND: POST /session/da7f42de234ee122e0f4ded60e4b8c07/element - {"using":"xpath","value":"//bdi[contains(text(), \"OK\")]"}
RESULT: {"using":"xpath","value":"//bdi[contains(text(), \"OK\")]"}
COMMAND: POST /session/da7f42de234ee122e0f4ded60e4b8c07/element/f.69C6A966BE3F374529091A689B6300C0.d.83AD60B803245DEFF7222C7E91D07BF0.e.6086/click - {}
RESULT: {}
COMMAND: GET /session/da7f42de234ee122e0f4ded60e4b8c07/screenshot - {}
RESULT: {}
COMMAND: POST /session/da7f42de234ee122e0f4ded60e4b8c07/element - {"using":"xpath","value":"(//bdi[contains(@id ,\"BDI-content\")][contains(text(), \"Save\")])[1]"}
RESULT: {"using":"xpath","value":"(//bdi[contains(@id ,\"BDI-content\")][contains(text(), \"Save\")])[1]"}
COMMAND: POST /session/da7f42de234ee122e0f4ded60e4b8c07/element/f.69C6A966BE3F374529091A689B6300C0.d.83AD60B803245DEFF7222C7E91D07BF0.e.6090/click - {}
RESULT: {}
COMMAND: GET /session/da7f42de234ee122e0f4ded60e4b8c07/screenshot - {}
RESULT: {}
COMMAND: POST /session/da7f42de234ee122e0f4ded60e4b8c07/execute/async - {"script":"<script> [1562 bytes]","args":[{"selector":{"controlType":"sap.m.Button","viewName":"etm.portal.ui.managerequests.view.NewRequest","i18NText":{"propertyName":"tooltip","key":"save"},"interaction":{"idSuffix":"content"}},"wdio_ui5_key":"etmportal.ui.managerequests.view.NewRequestsap.m.Button{\"propertyName\":\"tooltip\",\"key\":\"save\"}"}]}
RESULT: {"script":"<script> [1562 bytes]","args":[{"selector":{"controlType":"sap.m.Button","viewName":"etm.portal.ui.managerequests.view.NewRequest","i18NText":{"propertyName":"tooltip","key":"save"},"interaction":{"idSuffix":"content"}},"wdio_ui5_key":"etmportal.ui.managerequests.view.NewRequestsap.m.Button{\"propertyName\":\"tooltip\",\"key\":\"save\"}"}]}
RESULT: undefined
COMMAND: POST /session/da7f42de234ee122e0f4ded60e4b8c07/element - {"using":"xpath","value":"//*[@id=\"__button107\"]"}
RESULT: {"using":"xpath","value":"//*[@id=\"__button107\"]"}
COMMAND: POST /session/da7f42de234ee122e0f4ded60e4b8c07/element/f.69C6A966BE3F374529091A689B6300C0.d.83AD60B803245DEFF7222C7E91D07BF0.e.5838/click - {}
RESULT: {}
COMMAND: GET /session/da7f42de234ee122e0f4ded60e4b8c07/screenshot - {}
RESULT: {}
COMMAND: POST /session/da7f42de234ee122e0f4ded60e4b8c07/execute/async - {"script":"<script> [1562 bytes]","args":[{"selector":{"controlType":"sap.m.Title","properties":{"text":"Success"},"searchOpenDialogs":true},"wdio_ui5_key":"sapm.Title{\"text\":\"Success\"}"}]}
RESULT: {"script":"<script> [1562 bytes]","args":[{"selector":{"controlType":"sap.m.Title","properties":{"text":"Success"},"searchOpenDialogs":true},"wdio_ui5_key":"sapm.Title{\"text\":\"Success\"}"}]}
RESULT: undefined
COMMAND: POST /session/da7f42de234ee122e0f4ded60e4b8c07/execute/async - {"script":"<script> [6424 bytes]","args":[{"element-6066-11e4-a52e-4f735466cecf":"f.69C6A966BE3F374529091A689B6300C0.d.83AD60B803245DEFF7222C7E91D07BF0.e.6096"},"getText",[]]}
RESULT: {"script":"<script> [6424 bytes]","args":[{"element-6066-11e4-a52e-4f735466cecf":"f.69C6A966BE3F374529091A689B6300C0.d.83AD60B803245DEFF7222C7E91D07BF0.e.6096"},"getText",[]]}
COMMAND: POST /session/da7f42de234ee122e0f4ded60e4b8c07/execute/async - {"script":"<script> [1562 bytes]","args":[{"selector":{"controlType":"sap.m.Button","properties":{"text":"Close"},"searchOpenDialogs":true,"interaction":{"idSuffix":"BDI-content"}},"wdio_ui5_key":"sapm.Button{\"text\":\"Close\"}"}]}
RESULT: {"script":"<script> [1562 bytes]","args":[{"selector":{"controlType":"sap.m.Button","properties":{"text":"Close"},"searchOpenDialogs":true,"interaction":{"idSuffix":"BDI-content"}},"wdio_ui5_key":"sapm.Button{\"text\":\"Close\"}"}]}
RESULT: undefined
COMMAND: POST /session/da7f42de234ee122e0f4ded60e4b8c07/element - {"using":"xpath","value":"//*[@id=\"__mbox-btn-4\"]"}
RESULT: {"using":"xpath","value":"//*[@id=\"__mbox-btn-4\"]"}
COMMAND: POST /session/da7f42de234ee122e0f4ded60e4b8c07/element/f.69C6A966BE3F374529091A689B6300C0.d.83AD60B803245DEFF7222C7E91D07BF0.e.6095/click - {}
RESULT: {}
COMMAND: GET /session/da7f42de234ee122e0f4ded60e4b8c07/screenshot - {}
RESULT: {}
COMMAND: POST /session/da7f42de234ee122e0f4ded60e4b8c07/execute/async - {"script":"<script> [1562 bytes]","args":[{"selector":{"controlType":"sap.m.Text","viewName":"etm.portal.ui.managerequests.view.Detail","bindingPath":{"propertyPath":"NO","modelName":"catalogModel"}},"wdio_ui5_key":"etmportal.ui.managerequests.view.Detailsap.m.Text{\"propertyPath\":\"NO\",\"modelName\":\"catalogModel\"}"}]}
RESULT: {"script":"<script> [1562 bytes]","args":[{"selector":{"controlType":"sap.m.Text","viewName":"etm.portal.ui.managerequests.view.Detail","bindingPath":{"propertyPath":"NO","modelName":"catalogModel"}},"wdio_ui5_key":"etmportal.ui.managerequests.view.Detailsap.m.Text{\"propertyPath\":\"NO\",\"modelName\":\"catalogModel\"}"}]}
RESULT: undefined
COMMAND: POST /session/da7f42de234ee122e0f4ded60e4b8c07/execute/async - {"script":"<script> [6424 bytes]","args":[{"element-6066-11e4-a52e-4f735466cecf":"f.69C6A966BE3F374529091A689B6300C0.d.83AD60B803245DEFF7222C7E91D07BF0.e.6226"},"getText",[]]}
RESULT: {"script":"<script> [6424 bytes]","args":[{"element-6066-11e4-a52e-4f735466cecf":"f.69C6A966BE3F374529091A689B6300C0.d.83AD60B803245DEFF7222C7E91D07BF0.e.6226"},"getText",[]]}
COMMAND: POST /session/da7f42de234ee122e0f4ded60e4b8c07/execute/async - {"script":"<script> [1562 bytes]","args":[{"selector":{"controlType":"sap.ui.core.Icon","viewName":"etm.portal.ui.managerequests.view.Detail","properties":{"src":{"regex":{"source":"date\\-time"}}},"ancestor":{"controlType":"sap.m.ColumnListItem","viewName":"etm.portal.ui.managerequests.view.Detail","bindingPath":{"path":"/SmartRequestItemsPlanningBoard(ITEM=10m,REQUEST='20227')"},"ancestor":{"id":"requestItemsTable","viewName":"etm.portal.ui.managerequests.view.Detail"}}},"wdio_ui5_key":"etmportal.ui.managerequests.view.Detailsap.ui.core.Icon{\"src\":{\"regex\":{\"source\":\"date\\\\-time\"}}}{\"controlType\":\"sap.m.ColumnListItem\",\"viewName\":\"etm.portal.ui.managerequests.view.Detail\",\"bindingPath\":{\"path\":\"/SmartRequestItemsPlanningBoard(ITEM=10m,REQUEST='20227')\"},\"ancestor\":{\"id\":\"requestItemsTable\",\"viewName\":\"etm.portal.ui.managerequests.view.Detail\"}}"}]}
RESULT: {"script":"<script> [1562 bytes]","args":[{"selector":{"controlType":"sap.ui.core.Icon","viewName":"etm.portal.ui.managerequests.view.Detail","properties":{"src":{"regex":{"source":"date\\-time"}}},"ancestor":{"controlType":"sap.m.ColumnListItem","viewName":"etm.portal.ui.managerequests.view.Detail","bindingPath":{"path":"/SmartRequestItemsPlanningBoard(ITEM=10m,REQUEST='20227')"},"ancestor":{"id":"requestItemsTable","viewName":"etm.portal.ui.managerequests.view.Detail"}}},"wdio_ui5_key":"etmportal.ui.managerequests.view.Detailsap.ui.core.Icon{\"src\":{\"regex\":{\"source\":\"date\\\\-time\"}}}{\"controlType\":\"sap.m.ColumnListItem\",\"viewName\":\"etm.portal.ui.managerequests.view.Detail\",\"bindingPath\":{\"path\":\"/SmartRequestItemsPlanningBoard(ITEM=10m,REQUEST='20227')\"},\"ancestor\":{\"id\":\"requestItemsTable\",\"viewName\":\"etm.portal.ui.managerequests.view.Detail\"}}"}]}
RESULT: undefined
COMMAND: POST /session/da7f42de234ee122e0f4ded60e4b8c07/element - {"using":"xpath","value":"//*[@id=\"__button137-__clone8657-img\"]"}
RESULT: {"using":"xpath","value":"//*[@id=\"__button137-__clone8657-img\"]"}
COMMAND: POST /session/da7f42de234ee122e0f4ded60e4b8c07/element/f.69C6A966BE3F374529091A689B6300C0.d.83AD60B803245DEFF7222C7E91D07BF0.e.6227/click - {}
RESULT: {}
COMMAND: POST /session/da7f42de234ee122e0f4ded60e4b8c07/execute/async - {"script":"<script> [1562 bytes]","args":[{"selector":{"controlType":"sap.m.Button","viewName":"etm.portal.ui.managerequests.view.Detail","properties":{"text":"Close"},"searchOpenDialogs":true,"interaction":{"idSuffix":"BDI-content"}},"wdio_ui5_key":"etmportal.ui.managerequests.view.Detailsap.m.Button{\"text\":\"Close\"}"}]}
COMMAND: GET /session/da7f42de234ee122e0f4ded60e4b8c07/screenshot - {}
RESULT: {"script":"<script> [1562 bytes]","args":[{"selector":{"controlType":"sap.m.Button","viewName":"etm.portal.ui.managerequests.view.Detail","properties":{"text":"Close"},"searchOpenDialogs":true,"interaction":{"idSuffix":"BDI-content"}},"wdio_ui5_key":"etmportal.ui.managerequests.view.Detailsap.m.Button{\"text\":\"Close\"}"}]}
RESULT: undefined
COMMAND: POST /session/da7f42de234ee122e0f4ded60e4b8c07/element - {"using":"xpath","value":"//*[@id=\"__button147\"]"}
RESULT: {}
RESULT: {"using":"xpath","value":"//*[@id=\"__button147\"]"}
COMMAND: POST /session/da7f42de234ee122e0f4ded60e4b8c07/element/f.69C6A966BE3F374529091A689B6300C0.d.83AD60B803245DEFF7222C7E91D07BF0.e.6230/click - {}
RESULT: {}
COMMAND: POST /session/da7f42de234ee122e0f4ded60e4b8c07/execute/async - {"script":"<script> [1562 bytes]","args":[{"selector":{"controlType":"sap.ui.core.Icon","viewName":"etm.portal.ui.managerequests.view.Detail","properties":{"src":{"regex":{"source":"date\\-time"}}},"ancestor":{"controlType":"sap.m.ColumnListItem","viewName":"etm.portal.ui.managerequests.view.Detail","bindingPath":{"path":"/SmartRequestItemsPlanningBoard(ITEM=20m,REQUEST='20227')"},"ancestor":{"id":"requestItemsTable","viewName":"etm.portal.ui.managerequests.view.Detail"}}},"wdio_ui5_key":"etmportal.ui.managerequests.view.Detailsap.ui.core.Icon{\"src\":{\"regex\":{\"source\":\"date\\\\-time\"}}}{\"controlType\":\"sap.m.ColumnListItem\",\"viewName\":\"etm.portal.ui.managerequests.view.Detail\",\"bindingPath\":{\"path\":\"/SmartRequestItemsPlanningBoard(ITEM=20m,REQUEST='20227')\"},\"ancestor\":{\"id\":\"requestItemsTable\",\"viewName\":\"etm.portal.ui.managerequests.view.Detail\"}}"}]}
COMMAND: GET /session/da7f42de234ee122e0f4ded60e4b8c07/screenshot - {}
RESULT: {"script":"<script> [1562 bytes]","args":[{"selector":{"controlType":"sap.ui.core.Icon","viewName":"etm.portal.ui.managerequests.view.Detail","properties":{"src":{"regex":{"source":"date\\-time"}}},"ancestor":{"controlType":"sap.m.ColumnListItem","viewName":"etm.portal.ui.managerequests.view.Detail","bindingPath":{"path":"/SmartRequestItemsPlanningBoard(ITEM=20m,REQUEST='20227')"},"ancestor":{"id":"requestItemsTable","viewName":"etm.portal.ui.managerequests.view.Detail"}}},"wdio_ui5_key":"etmportal.ui.managerequests.view.Detailsap.ui.core.Icon{\"src\":{\"regex\":{\"source\":\"date\\\\-time\"}}}{\"controlType\":\"sap.m.ColumnListItem\",\"viewName\":\"etm.portal.ui.managerequests.view.Detail\",\"bindingPath\":{\"path\":\"/SmartRequestItemsPlanningBoard(ITEM=20m,REQUEST='20227')\"},\"ancestor\":{\"id\":\"requestItemsTable\",\"viewName\":\"etm.portal.ui.managerequests.view.Detail\"}}"}]}
RESULT: undefined
COMMAND: POST /session/da7f42de234ee122e0f4ded60e4b8c07/element - {"using":"xpath","value":"//*[@id=\"__button137-__clone8658-img\"]"}
RESULT: {}
RESULT: {"using":"xpath","value":"//*[@id=\"__button137-__clone8658-img\"]"}
COMMAND: POST /session/da7f42de234ee122e0f4ded60e4b8c07/element/f.69C6A966BE3F374529091A689B6300C0.d.83AD60B803245DEFF7222C7E91D07BF0.e.6237/click - {}
RESULT: {}
RESULT: undefined
COMMAND: POST /session/da7f42de234ee122e0f4ded60e4b8c07/element - {"using":"xpath","value":"//*[@id=\"__button147\"]"}
COMMAND: GET /session/da7f42de234ee122e0f4ded60e4b8c07/screenshot - {}
RESULT: {"using":"xpath","value":"//*[@id=\"__button147\"]"}
COMMAND: POST /session/da7f42de234ee122e0f4ded60e4b8c07/elements - {"using":"xpath","value":"//*[@id=\"__button147\"]"}
RESULT: {}
RESULT: {"using":"xpath","value":"//*[@id=\"__button147\"]"}
COMMAND: POST /session/da7f42de234ee122e0f4ded60e4b8c07/element - {"using":"xpath","value":"//*[@id=\"__button147\"]"}
RESULT: {"using":"xpath","value":"//*[@id=\"__button147\"]"}
COMMAND: POST /session/da7f42de234ee122e0f4ded60e4b8c07/element/f.69C6A966BE3F374529091A689B6300C0.d.83AD60B803245DEFF7222C7E91D07BF0.e.6242/click - {}
RESULT: {}
COMMAND: POST /session/da7f42de234ee122e0f4ded60e4b8c07/element - {"using":"css selector","value":"#shell-header-logo"}
COMMAND: GET /session/da7f42de234ee122e0f4ded60e4b8c07/screenshot - {}
RESULT: {"using":"css selector","value":"#shell-header-logo"}
COMMAND: POST /session/da7f42de234ee122e0f4ded60e4b8c07/element/f.69C6A966BE3F374529091A689B6300C0.d.83AD60B803245DEFF7222C7E91D07BF0.e.5588/click - {}
RESULT: {}
RESULT: {}
COMMAND: GET /session/da7f42de234ee122e0f4ded60e4b8c07/screenshot - {}
RESULT: {}
]]></system-out>
    </testcase>
    <testcase classname="chrome.136_0_7103_93.windows.Standard_contract_-_add_contract_items_by_Insert_Request_US118222" name="Should insert the request into the contract" time="65.225">
      <system-out><![CDATA[
RESULT: undefined
COMMAND: POST /session/da7f42de234ee122e0f4ded60e4b8c07/element - {"using":"xpath","value":"//*[@id=\"__tile130\"]"}
RESULT: {"using":"xpath","value":"//*[@id=\"__tile130\"]"}
COMMAND: POST /session/da7f42de234ee122e0f4ded60e4b8c07/element/f.69C6A966BE3F374529091A689B6300C0.d.83AD60B803245DEFF7222C7E91D07BF0.e.5110/click - {}
RESULT: {}
COMMAND: GET /session/da7f42de234ee122e0f4ded60e4b8c07/screenshot - {}
RESULT: {}
COMMAND: POST /session/da7f42de234ee122e0f4ded60e4b8c07/elements - {"using":"xpath","value":"//span[text()='Error']"}
RESULT: {"using":"xpath","value":"//span[text()='Error']"}
COMMAND: POST /session/da7f42de234ee122e0f4ded60e4b8c07/execute/async - {"script":"<script> [1562 bytes]","args":[{"selector":{"controlType":"sap.m.SearchField","viewName":"etm.portal.ui.managecontracts.view.Master","bindingPath":{"path":"","propertyPath":"/_BASIC_SEARCH_FIELD","modelName":"fi1t3rM0d31"},"interaction":{"idSuffix":"I"}},"wdio_ui5_key":"etmportal.ui.managecontracts.view.Mastersap.m.SearchField{\"path\":\"\",\"propertyPath\":\"/_BASIC_SEARCH_FIELD\",\"modelName\":\"fi1t3rM0d31\"}"}]}
RESULT: {"script":"<script> [1562 bytes]","args":[{"selector":{"controlType":"sap.m.SearchField","viewName":"etm.portal.ui.managecontracts.view.Master","bindingPath":{"path":"","propertyPath":"/_BASIC_SEARCH_FIELD","modelName":"fi1t3rM0d31"},"interaction":{"idSuffix":"I"}},"wdio_ui5_key":"etmportal.ui.managecontracts.view.Mastersap.m.SearchField{\"path\":\"\",\"propertyPath\":\"/_BASIC_SEARCH_FIELD\",\"modelName\":\"fi1t3rM0d31\"}"}]}
RESULT: undefined
COMMAND: POST /session/da7f42de234ee122e0f4ded60e4b8c07/execute/async - {"script":"<script> [776 bytes]","args":[{"enterText":"10434","selector":{"controlType":"sap.m.SearchField","viewName":"etm.portal.ui.managecontracts.view.Master","bindingPath":{"path":"","propertyPath":"/_BASIC_SEARCH_FIELD","modelName":"fi1t3rM0d31"},"interaction":{"idSuffix":"I"}},"clearTextFirst":true,"interactionType":"ENTER_TEXT"}]}
RESULT: {"script":"<script> [776 bytes]","args":[{"enterText":"10434","selector":{"controlType":"sap.m.SearchField","viewName":"etm.portal.ui.managecontracts.view.Master","bindingPath":{"path":"","propertyPath":"/_BASIC_SEARCH_FIELD","modelName":"fi1t3rM0d31"},"interaction":{"idSuffix":"I"}},"clearTextFirst":true,"interactionType":"ENTER_TEXT"}]}
COMMAND: POST /session/da7f42de234ee122e0f4ded60e4b8c07/actions - {"actions":[{"id":"action31","type":"key","parameters":{},"actions":[{"type":"keyDown","value":"î€‡"},{"type":"pause","duration":10},{"type":"keyUp","value":"î€‡"}]}]}
RESULT: {"actions":[{"id":"action31","type":"key","parameters":{},"actions":[{"type":"keyDown","value":"î€‡"},{"type":"pause","duration":10},{"type":"keyUp","value":"î€‡"}]}]}
COMMAND: GET /session/da7f42de234ee122e0f4ded60e4b8c07/screenshot - {}
RESULT: {}
COMMAND: POST /session/da7f42de234ee122e0f4ded60e4b8c07/execute/async - {"script":"<script> [1562 bytes]","args":[{"selector":{"controlType":"sap.ui.core.Icon","viewName":"etm.portal.ui.managecontracts.view.Master","properties":{"src":{"regex":{"source":"slim\\-arrow\\-right"}}}},"wdio_ui5_key":"etmportal.ui.managecontracts.view.Mastersap.ui.core.Icon{\"src\":{\"regex\":{\"source\":\"slim\\\\-arrow\\\\-right\"}}}"}]}
RESULT: {"script":"<script> [1562 bytes]","args":[{"selector":{"controlType":"sap.ui.core.Icon","viewName":"etm.portal.ui.managecontracts.view.Master","properties":{"src":{"regex":{"source":"slim\\-arrow\\-right"}}}},"wdio_ui5_key":"etmportal.ui.managecontracts.view.Mastersap.ui.core.Icon{\"src\":{\"regex\":{\"source\":\"slim\\\\-arrow\\\\-right\"}}}"}]}
RESULT: undefined
COMMAND: POST /session/da7f42de234ee122e0f4ded60e4b8c07/element - {"using":"xpath","value":"//*[@id=\"__item2609-__clone8770-imgNav\"]"}
RESULT: {"using":"xpath","value":"//*[@id=\"__item2609-__clone8770-imgNav\"]"}
COMMAND: POST /session/da7f42de234ee122e0f4ded60e4b8c07/element/f.69C6A966BE3F374529091A689B6300C0.d.83AD60B803245DEFF7222C7E91D07BF0.e.6368/click - {}
RESULT: {}
COMMAND: POST /session/da7f42de234ee122e0f4ded60e4b8c07/execute/async - {"script":"<script> [1562 bytes]","args":[{"selector":{"id":"addRequestItemBtn","viewName":"etm.portal.ui.managecontracts.view.Detail","interaction":{"idSuffix":"BDI-content"}},"wdio_ui5_key":"addRequestItemBtnetmportal.ui.managecontracts.view.Detail"}]}
COMMAND: GET /session/da7f42de234ee122e0f4ded60e4b8c07/screenshot - {}
RESULT: {"script":"<script> [1562 bytes]","args":[{"selector":{"id":"addRequestItemBtn","viewName":"etm.portal.ui.managecontracts.view.Detail","interaction":{"idSuffix":"BDI-content"}},"wdio_ui5_key":"addRequestItemBtnetmportal.ui.managecontracts.view.Detail"}]}
RESULT: undefined
COMMAND: POST /session/da7f42de234ee122e0f4ded60e4b8c07/element - {"using":"xpath","value":"//*[@id=\"__xmlview64--addRequestItemBtn\"]"}
RESULT: {}
RESULT: {"using":"xpath","value":"//*[@id=\"__xmlview64--addRequestItemBtn\"]"}
COMMAND: POST /session/da7f42de234ee122e0f4ded60e4b8c07/element/f.69C6A966BE3F374529091A689B6300C0.d.83AD60B803245DEFF7222C7E91D07BF0.e.6447/click - {}
RESULT: {}
COMMAND: GET /session/da7f42de234ee122e0f4ded60e4b8c07/screenshot - {}
RESULT: {}
COMMAND: POST /session/da7f42de234ee122e0f4ded60e4b8c07/element - {"using":"xpath","value":"//div[contains(@id ,\"popupRequestTable-sa-CbBg\")]"}
RESULT: {"using":"xpath","value":"//div[contains(@id ,\"popupRequestTable-sa-CbBg\")]"}
COMMAND: POST /session/da7f42de234ee122e0f4ded60e4b8c07/element/f.69C6A966BE3F374529091A689B6300C0.d.83AD60B803245DEFF7222C7E91D07BF0.e.6553/click - {}
RESULT: {}
COMMAND: GET /session/da7f42de234ee122e0f4ded60e4b8c07/screenshot - {}
RESULT: {}
COMMAND: POST /session/da7f42de234ee122e0f4ded60e4b8c07/execute/async - {"script":"<script> [1562 bytes]","args":[{"selector":{"controlType":"sap.m.Button","viewName":"etm.portal.ui.managecontracts.view.Detail","i18NText":{"propertyName":"text","key":"selectionDone"},"searchOpenDialogs":true,"interaction":{"idSuffix":"BDI-content"}},"wdio_ui5_key":"etmportal.ui.managecontracts.view.Detailsap.m.Button{\"propertyName\":\"text\",\"key\":\"selectionDone\"}"}]}
RESULT: {"script":"<script> [1562 bytes]","args":[{"selector":{"controlType":"sap.m.Button","viewName":"etm.portal.ui.managecontracts.view.Detail","i18NText":{"propertyName":"text","key":"selectionDone"},"searchOpenDialogs":true,"interaction":{"idSuffix":"BDI-content"}},"wdio_ui5_key":"etmportal.ui.managecontracts.view.Detailsap.m.Button{\"propertyName\":\"text\",\"key\":\"selectionDone\"}"}]}
RESULT: undefined
COMMAND: POST /session/da7f42de234ee122e0f4ded60e4b8c07/element - {"using":"xpath","value":"//*[@id=\"__button158\"]"}
RESULT: {"using":"xpath","value":"//*[@id=\"__button158\"]"}
COMMAND: POST /session/da7f42de234ee122e0f4ded60e4b8c07/element/f.69C6A966BE3F374529091A689B6300C0.d.83AD60B803245DEFF7222C7E91D07BF0.e.6556/click - {}
RESULT: {}
COMMAND: POST /session/da7f42de234ee122e0f4ded60e4b8c07/execute/async - {"script":"<script> [1562 bytes]","args":[{"selector":{"controlType":"sap.m.Text","properties":{"text":"Started processing request items into the contract."},"searchOpenDialogs":true},"wdio_ui5_key":"sapm.Text{\"text\":\"Started processing request items into the contract.\"}"}]}
COMMAND: GET /session/da7f42de234ee122e0f4ded60e4b8c07/screenshot - {}
RESULT: {"script":"<script> [1562 bytes]","args":[{"selector":{"controlType":"sap.m.Text","properties":{"text":"Started processing request items into the contract."},"searchOpenDialogs":true},"wdio_ui5_key":"sapm.Text{\"text\":\"Started processing request items into the contract.\"}"}]}
RESULT: undefined
COMMAND: POST /session/da7f42de234ee122e0f4ded60e4b8c07/execute/async - {"script":"<script> [6424 bytes]","args":[{"element-6066-11e4-a52e-4f735466cecf":"f.69C6A966BE3F374529091A689B6300C0.d.83AD60B803245DEFF7222C7E91D07BF0.e.6558"},"getText",[]]}
RESULT: {}
RESULT: {"script":"<script> [6424 bytes]","args":[{"element-6066-11e4-a52e-4f735466cecf":"f.69C6A966BE3F374529091A689B6300C0.d.83AD60B803245DEFF7222C7E91D07BF0.e.6558"},"getText",[]]}
COMMAND: POST /session/da7f42de234ee122e0f4ded60e4b8c07/execute/async - {"script":"<script> [1562 bytes]","args":[{"selector":{"controlType":"sap.m.Button","properties":{"text":"OK"},"searchOpenDialogs":true,"interaction":{"idSuffix":"inner"}},"wdio_ui5_key":"sapm.Button{\"text\":\"OK\"}"}]}
RESULT: {"script":"<script> [1562 bytes]","args":[{"selector":{"controlType":"sap.m.Button","properties":{"text":"OK"},"searchOpenDialogs":true,"interaction":{"idSuffix":"inner"}},"wdio_ui5_key":"sapm.Button{\"text\":\"OK\"}"}]}
RESULT: undefined
COMMAND: POST /session/da7f42de234ee122e0f4ded60e4b8c07/element - {"using":"xpath","value":"//*[@id=\"__mbox-btn-5\"]"}
RESULT: {"using":"xpath","value":"//*[@id=\"__mbox-btn-5\"]"}
COMMAND: POST /session/da7f42de234ee122e0f4ded60e4b8c07/element/f.69C6A966BE3F374529091A689B6300C0.d.83AD60B803245DEFF7222C7E91D07BF0.e.6557/click - {}
RESULT: {}
COMMAND: POST /session/da7f42de234ee122e0f4ded60e4b8c07/execute/async - {"script":"<script> [1562 bytes]","args":[{"selector":{"id":"headerBillingItemsTabFilter","viewName":"etm.portal.ui.managecontracts.view.Detail","interaction":{"idSuffix":"text"}},"wdio_ui5_key":"headerBillingItemsTabFilteretmportal.ui.managecontracts.view.Detail"}]}
COMMAND: GET /session/da7f42de234ee122e0f4ded60e4b8c07/screenshot - {}
RESULT: {"script":"<script> [1562 bytes]","args":[{"selector":{"id":"headerBillingItemsTabFilter","viewName":"etm.portal.ui.managecontracts.view.Detail","interaction":{"idSuffix":"text"}},"wdio_ui5_key":"headerBillingItemsTabFilteretmportal.ui.managecontracts.view.Detail"}]}
RESULT: undefined
COMMAND: POST /session/da7f42de234ee122e0f4ded60e4b8c07/element - {"using":"xpath","value":"//*[@id=\"__xmlview64--headerBillingItemsTabFilter\"]"}
RESULT: {}
RESULT: {"using":"xpath","value":"//*[@id=\"__xmlview64--headerBillingItemsTabFilter\"]"}
COMMAND: POST /session/da7f42de234ee122e0f4ded60e4b8c07/element/f.69C6A966BE3F374529091A689B6300C0.d.83AD60B803245DEFF7222C7E91D07BF0.e.6568/click - {}
RESULT: {}
COMMAND: GET /session/da7f42de234ee122e0f4ded60e4b8c07/screenshot - {}
RESULT: {}
COMMAND: POST /session/da7f42de234ee122e0f4ded60e4b8c07/execute/async - {"script":"<script> [1562 bytes]","args":[{"selector":{"controlType":"sap.ui.core.Icon","viewName":"etm.portal.ui.managecontracts.view.Detail","properties":{"src":{"regex":{"source":"synchronize"}}}},"wdio_ui5_key":"etmportal.ui.managecontracts.view.Detailsap.ui.core.Icon{\"src\":{\"regex\":{\"source\":\"synchronize\"}}}"}]}
RESULT: {"script":"<script> [1562 bytes]","args":[{"selector":{"controlType":"sap.ui.core.Icon","viewName":"etm.portal.ui.managecontracts.view.Detail","properties":{"src":{"regex":{"source":"synchronize"}}}},"wdio_ui5_key":"etmportal.ui.managecontracts.view.Detailsap.ui.core.Icon{\"src\":{\"regex\":{\"source\":\"synchronize\"}}}"}]}
RESULT: undefined
COMMAND: POST /session/da7f42de234ee122e0f4ded60e4b8c07/element - {"using":"xpath","value":"//*[@id=\"__xmlview64--btnToggleUpdate-img\"]"}
RESULT: {"using":"xpath","value":"//*[@id=\"__xmlview64--btnToggleUpdate-img\"]"}
COMMAND: POST /session/da7f42de234ee122e0f4ded60e4b8c07/element/f.69C6A966BE3F374529091A689B6300C0.d.83AD60B803245DEFF7222C7E91D07BF0.e.6446/click - {}
RESULT: {}
COMMAND: GET /session/da7f42de234ee122e0f4ded60e4b8c07/screenshot - {}
RESULT: {}
RESULT: undefined
COMMAND: POST /session/da7f42de234ee122e0f4ded60e4b8c07/element - {"using":"xpath","value":"//*[@id=\"__xmlview64--headerBillingItemsTabFilter\"]"}
RESULT: {"using":"xpath","value":"//*[@id=\"__xmlview64--headerBillingItemsTabFilter\"]"}
COMMAND: POST /session/da7f42de234ee122e0f4ded60e4b8c07/element/f.69C6A966BE3F374529091A689B6300C0.d.83AD60B803245DEFF7222C7E91D07BF0.e.6568/click - {}
RESULT: {}
COMMAND: POST /session/da7f42de234ee122e0f4ded60e4b8c07/execute/async - {"script":"<script> [1562 bytes]","args":[{"selector":{"controlType":"sap.m.Title","viewName":"etm.portal.ui.managecontracts.view.Detail","properties":{"text":"Contract Items (2)"}},"wdio_ui5_key":"etmportal.ui.managecontracts.view.Detailsap.m.Title{\"text\":\"Contract Items (2)\"}"}]}
COMMAND: GET /session/da7f42de234ee122e0f4ded60e4b8c07/screenshot - {}
RESULT: {"script":"<script> [1562 bytes]","args":[{"selector":{"controlType":"sap.m.Title","viewName":"etm.portal.ui.managecontracts.view.Detail","properties":{"text":"Contract Items (2)"}},"wdio_ui5_key":"etmportal.ui.managecontracts.view.Detailsap.m.Title{\"text\":\"Contract Items (2)\"}"}]}
RESULT: undefined
COMMAND: POST /session/da7f42de234ee122e0f4ded60e4b8c07/execute/async - {"script":"<script> [6424 bytes]","args":[{"element-6066-11e4-a52e-4f735466cecf":"f.69C6A966BE3F374529091A689B6300C0.d.83AD60B803245DEFF7222C7E91D07BF0.e.6576"},"getText",[]]}
RESULT: {}
RESULT: {"script":"<script> [6424 bytes]","args":[{"element-6066-11e4-a52e-4f735466cecf":"f.69C6A966BE3F374529091A689B6300C0.d.83AD60B803245DEFF7222C7E91D07BF0.e.6576"},"getText",[]]}
COMMAND: POST /session/da7f42de234ee122e0f4ded60e4b8c07/execute/async - {"script":"<script> [1562 bytes]","args":[{"selector":{"controlType":"sap.m.ObjectStatus","viewName":"etm.portal.ui.managecontracts.view.Detail","bindingPath":{"path":"/SmartContractItems(CONTRACT='10434',ITEM=10m,SUB_ITEM=0m)","propertyPath":"STATUS"}},"wdio_ui5_key":"etmportal.ui.managecontracts.view.Detailsap.m.ObjectStatus{\"path\":\"/SmartContractItems(CONTRACT='10434',ITEM=10m,SUB_ITEM=0m)\",\"propertyPath\":\"STATUS\"}"}]}
RESULT: {"script":"<script> [1562 bytes]","args":[{"selector":{"controlType":"sap.m.ObjectStatus","viewName":"etm.portal.ui.managecontracts.view.Detail","bindingPath":{"path":"/SmartContractItems(CONTRACT='10434',ITEM=10m,SUB_ITEM=0m)","propertyPath":"STATUS"}},"wdio_ui5_key":"etmportal.ui.managecontracts.view.Detailsap.m.ObjectStatus{\"path\":\"/SmartContractItems(CONTRACT='10434',ITEM=10m,SUB_ITEM=0m)\",\"propertyPath\":\"STATUS\"}"}]}
RESULT: undefined
COMMAND: POST /session/da7f42de234ee122e0f4ded60e4b8c07/execute/async - {"script":"<script> [6424 bytes]","args":[{"element-6066-11e4-a52e-4f735466cecf":"f.69C6A966BE3F374529091A689B6300C0.d.83AD60B803245DEFF7222C7E91D07BF0.e.6578"},"getText",[]]}
RESULT: {"script":"<script> [6424 bytes]","args":[{"element-6066-11e4-a52e-4f735466cecf":"f.69C6A966BE3F374529091A689B6300C0.d.83AD60B803245DEFF7222C7E91D07BF0.e.6578"},"getText",[]]}
COMMAND: POST /session/da7f42de234ee122e0f4ded60e4b8c07/execute/async - {"script":"<script> [1562 bytes]","args":[{"selector":{"controlType":"sap.m.ObjectStatus","viewName":"etm.portal.ui.managecontracts.view.Detail","bindingPath":{"path":"/SmartContractItems(CONTRACT='10434',ITEM=20m,SUB_ITEM=0m)","propertyPath":"STATUS"}},"wdio_ui5_key":"etmportal.ui.managecontracts.view.Detailsap.m.ObjectStatus{\"path\":\"/SmartContractItems(CONTRACT='10434',ITEM=20m,SUB_ITEM=0m)\",\"propertyPath\":\"STATUS\"}"}]}
RESULT: {"script":"<script> [1562 bytes]","args":[{"selector":{"controlType":"sap.m.ObjectStatus","viewName":"etm.portal.ui.managecontracts.view.Detail","bindingPath":{"path":"/SmartContractItems(CONTRACT='10434',ITEM=20m,SUB_ITEM=0m)","propertyPath":"STATUS"}},"wdio_ui5_key":"etmportal.ui.managecontracts.view.Detailsap.m.ObjectStatus{\"path\":\"/SmartContractItems(CONTRACT='10434',ITEM=20m,SUB_ITEM=0m)\",\"propertyPath\":\"STATUS\"}"}]}
RESULT: undefined
COMMAND: POST /session/da7f42de234ee122e0f4ded60e4b8c07/execute/async - {"script":"<script> [6424 bytes]","args":[{"element-6066-11e4-a52e-4f735466cecf":"f.69C6A966BE3F374529091A689B6300C0.d.83AD60B803245DEFF7222C7E91D07BF0.e.6579"},"getText",[]]}
RESULT: {"script":"<script> [6424 bytes]","args":[{"element-6066-11e4-a52e-4f735466cecf":"f.69C6A966BE3F374529091A689B6300C0.d.83AD60B803245DEFF7222C7E91D07BF0.e.6579"},"getText",[]]}
]]></system-out>
    </testcase>
  </testsuite>
  <testsuite timestamp="2025-06-02T18:11:15" time="88.528" tests="1" failures="0" errors="0" skipped="0">
    <properties>
      <property name="specId" value="0" />
      <property name="suiteName" value="Manage contracts - revert request US152962" />
      <property name="capabilities" value="chrome.136_0_7103_93.windows" />
      <property name="file" value="file:///D:/a/1/s/test/specs/R2C/manage-contracts-revert-request.spec.js" />
    </properties>
    <testcase classname="chrome.136_0_7103_93.windows.Manage_contracts_-_revert_request_US152962" name="Should revert the request" time="88.525">
      <system-out><![CDATA[
COMMAND: POST /session/da7f42de234ee122e0f4ded60e4b8c07/execute/async - {"script":"<script> [1562 bytes]","args":[{"selector":{"id":"revertPlanningBtn","viewName":"etm.portal.ui.managecontracts.view.Detail","interaction":{"idSuffix":"BDI-content"}},"wdio_ui5_key":"revertPlanningBtnetmportal.ui.managecontracts.view.Detail"}]}
RESULT: {"script":"<script> [1562 bytes]","args":[{"selector":{"id":"revertPlanningBtn","viewName":"etm.portal.ui.managecontracts.view.Detail","interaction":{"idSuffix":"BDI-content"}},"wdio_ui5_key":"revertPlanningBtnetmportal.ui.managecontracts.view.Detail"}]}
RESULT: undefined
COMMAND: POST /session/da7f42de234ee122e0f4ded60e4b8c07/element - {"using":"xpath","value":"//*[@id=\"__xmlview64--revertPlanningBtn\"]"}
RESULT: {"using":"xpath","value":"//*[@id=\"__xmlview64--revertPlanningBtn\"]"}
COMMAND: POST /session/da7f42de234ee122e0f4ded60e4b8c07/element/f.69C6A966BE3F374529091A689B6300C0.d.83AD60B803245DEFF7222C7E91D07BF0.e.6450/click - {}
RESULT: {}
COMMAND: POST /session/da7f42de234ee122e0f4ded60e4b8c07/element - {"using":"xpath","value":"(//div[contains(@id ,\"selectMulti-CbBg\")])[2]"}
COMMAND: GET /session/da7f42de234ee122e0f4ded60e4b8c07/screenshot - {}
RESULT: {"using":"xpath","value":"(//div[contains(@id ,\"selectMulti-CbBg\")])[2]"}
COMMAND: POST /session/da7f42de234ee122e0f4ded60e4b8c07/element/f.69C6A966BE3F374529091A689B6300C0.d.83AD60B803245DEFF7222C7E91D07BF0.e.6626/click - {}
RESULT: {}
RESULT: {}
COMMAND: GET /session/da7f42de234ee122e0f4ded60e4b8c07/screenshot - {}
RESULT: {}
COMMAND: POST /session/da7f42de234ee122e0f4ded60e4b8c07/element - {"using":"xpath","value":"//span[contains(@id ,\"executeRevertPlanningBtn-content\")]"}
RESULT: {"using":"xpath","value":"//span[contains(@id ,\"executeRevertPlanningBtn-content\")]"}
COMMAND: POST /session/da7f42de234ee122e0f4ded60e4b8c07/element/f.69C6A966BE3F374529091A689B6300C0.d.83AD60B803245DEFF7222C7E91D07BF0.e.6627/click - {}
RESULT: {}
COMMAND: GET /session/da7f42de234ee122e0f4ded60e4b8c07/screenshot - {}
RESULT: {}
COMMAND: POST /session/da7f42de234ee122e0f4ded60e4b8c07/actions - {"actions":[{"id":"action32","type":"key","parameters":{},"actions":[{"type":"keyDown","value":"î€‡"},{"type":"pause","duration":10},{"type":"keyUp","value":"î€‡"}]}]}
RESULT: {"actions":[{"id":"action32","type":"key","parameters":{},"actions":[{"type":"keyDown","value":"î€‡"},{"type":"pause","duration":10},{"type":"keyUp","value":"î€‡"}]}]}
COMMAND: GET /session/da7f42de234ee122e0f4ded60e4b8c07/screenshot - {}
RESULT: {}
COMMAND: POST /session/da7f42de234ee122e0f4ded60e4b8c07/refresh - {}
RESULT: {}
COMMAND: GET /session/da7f42de234ee122e0f4ded60e4b8c07/screenshot - {}
RESULT: {}
COMMAND: POST /session/da7f42de234ee122e0f4ded60e4b8c07/execute/async - {"script":"<script> [189 bytes]","args":[]}
RESULT: {"script":"<script> [189 bytes]","args":[]}
COMMAND: POST /session/da7f42de234ee122e0f4ded60e4b8c07/execute/async - {"script":"<script> [123 bytes]","args":[]}
RESULT: {"script":"<script> [123 bytes]","args":[]}
COMMAND: POST /session/da7f42de234ee122e0f4ded60e4b8c07/timeouts - {"script":"<number>"}
RESULT: {"script":"<number>"}
COMMAND: GET /session/da7f42de234ee122e0f4ded60e4b8c07/timeouts - {}
RESULT: {}
RESULT: undefined
COMMAND: POST /session/da7f42de234ee122e0f4ded60e4b8c07/execute/async - {"script":"<script> [2676 bytes]","args":[]}
RESULT: {"script":"<script> [2676 bytes]","args":[]}
COMMAND: POST /session/da7f42de234ee122e0f4ded60e4b8c07/execute/async - {"script":"<script> [2342 bytes]","args":[{"protocol":"http","hostname":"0.0.0.0","path":"/","capabilities":{"browserName":"chrome","goog:chromeOptions":{"binary":"C:\\Program Files\\Google\\Chrome\\Application\\chrome.exe","args":["--start-maximized"]}},"logLevel":"warn","connectionRetryTimeout":120000,"connectionRetryCount":3,"logLevels":{},"enableDirectConnect":true,"strictSSL":true,"_":"65 more keys: [\"cacheDir\",\"port\",\"requestedCapabilities\",\"automationProtocol\",\"baseUrl\",\"waitforInterval\",\"waitforTimeout\",\"onReload\",\"beforeCommand\",\"afterCommand\",\"rootDir\",\"specs\",\"suites\",\"exclude\",\"groupLogsByTestSpec\",\"excludeDriverLogs\",\"bail\",\"framework\",\"reporters\",\"services\",\"maxInstances\",\"maxInstancesPerCapability\",\"injectGlobals\",\"filesToWatch\",\"execArgv\",\"runnerEnv\",\"runner\",\"shard\",\"specFileRetries\",\"specFileRetriesDelay\",\"specFileRetriesDeferred\",\"reporterSyncInterval\",\"reporterSyncTimeout\",\"cucumberFeaturesWithLineNumbers\",\"autoCompileOpts\",\"mochaOpts\",\"jasmineOpts\",\"cucumberOpts\",\"onPrepare\",\"onWorkerStart\",\"onWorkerEnd\",\"before\",\"beforeSession\",\"beforeSuite\",\"beforeHook\",\"beforeTest\",\"afterTest\",\"afterHook\",\"afterSuite\",\"afterSession\",\"after\",\"onComplete\",\"beforeAssertion\",\"afterAssertion\",\"beforeFeature\",\"beforeScenario\",\"beforeStep\",\"afterStep\",\"afterScenario\",\"afterFeature\",\"_\",\"suite\",\"$0\",\"ignoredWorkerServices\",\"wdi5\"]"}]}
RESULT: {"script":"<script> [2342 bytes]","args":[{"protocol":"http","hostname":"0.0.0.0","path":"/","capabilities":{"browserName":"chrome","goog:chromeOptions":{"binary":"C:\\Program Files\\Google\\Chrome\\Application\\chrome.exe","args":["--start-maximized"]}},"logLevel":"warn","connectionRetryTimeout":120000,"connectionRetryCount":3,"logLevels":{},"enableDirectConnect":true,"strictSSL":true,"_":"65 more keys: [\"cacheDir\",\"port\",\"requestedCapabilities\",\"automationProtocol\",\"baseUrl\",\"waitforInterval\",\"waitforTimeout\",\"onReload\",\"beforeCommand\",\"afterCommand\",\"rootDir\",\"specs\",\"suites\",\"exclude\",\"groupLogsByTestSpec\",\"excludeDriverLogs\",\"bail\",\"framework\",\"reporters\",\"services\",\"maxInstances\",\"maxInstancesPerCapability\",\"injectGlobals\",\"filesToWatch\",\"execArgv\",\"runnerEnv\",\"runner\",\"shard\",\"specFileRetries\",\"specFileRetriesDelay\",\"specFileRetriesDeferred\",\"reporterSyncInterval\",\"reporterSyncTimeout\",\"cucumberFeaturesWithLineNumbers\",\"autoCompileOpts\",\"mochaOpts\",\"jasmineOpts\",\"cucumberOpts\",\"onPrepare\",\"onWorkerStart\",\"onWorkerEnd\",\"before\",\"beforeSession\",\"beforeSuite\",\"beforeHook\",\"beforeTest\",\"afterTest\",\"afterHook\",\"afterSuite\",\"afterSession\",\"after\",\"onComplete\",\"beforeAssertion\",\"afterAssertion\",\"beforeFeature\",\"beforeScenario\",\"beforeStep\",\"afterStep\",\"afterScenario\",\"afterFeature\",\"_\",\"suite\",\"$0\",\"ignoredWorkerServices\",\"wdi5\"]"}]}
COMMAND: POST /session/da7f42de234ee122e0f4ded60e4b8c07/execute/async - {"script":"<script> [21126 bytes]","args":[35000]}
RESULT: {"script":"<script> [21126 bytes]","args":[35000]}
COMMAND: POST /session/da7f42de234ee122e0f4ded60e4b8c07/execute/async - {"script":"<script> [1562 bytes]","args":[{"selector":{"controlType":"sap.m.Title","viewName":"etm.portal.ui.managecontracts.view.Detail","properties":{"text":"Contract Items (1)"}},"wdio_ui5_key":"etmportal.ui.managecontracts.view.Detailsap.m.Title{\"text\":\"Contract Items (1)\"}"}]}
RESULT: {"script":"<script> [1562 bytes]","args":[{"selector":{"controlType":"sap.m.Title","viewName":"etm.portal.ui.managecontracts.view.Detail","properties":{"text":"Contract Items (1)"}},"wdio_ui5_key":"etmportal.ui.managecontracts.view.Detailsap.m.Title{\"text\":\"Contract Items (1)\"}"}]}
RESULT: undefined
COMMAND: POST /session/da7f42de234ee122e0f4ded60e4b8c07/execute/async - {"script":"<script> [6424 bytes]","args":[{"element-6066-11e4-a52e-4f735466cecf":"f.69C6A966BE3F374529091A689B6300C0.d.8146C027602F11E0004098B39E670A96.e.6859"},"getText",[]]}
RESULT: {"script":"<script> [6424 bytes]","args":[{"element-6066-11e4-a52e-4f735466cecf":"f.69C6A966BE3F374529091A689B6300C0.d.8146C027602F11E0004098B39E670A96.e.6859"},"getText",[]]}
COMMAND: POST /session/da7f42de234ee122e0f4ded60e4b8c07/execute/async - {"script":"<script> [1562 bytes]","args":[{"selector":{"id":"contractDetailEditBtn","viewName":"etm.portal.ui.managecontracts.view.Detail","interaction":{"idSuffix":"inner"}},"wdio_ui5_key":"contractDetailEditBtnetmportal.ui.managecontracts.view.Detail"}]}
RESULT: {"script":"<script> [1562 bytes]","args":[{"selector":{"id":"contractDetailEditBtn","viewName":"etm.portal.ui.managecontracts.view.Detail","interaction":{"idSuffix":"inner"}},"wdio_ui5_key":"contractDetailEditBtnetmportal.ui.managecontracts.view.Detail"}]}
RESULT: undefined
COMMAND: POST /session/da7f42de234ee122e0f4ded60e4b8c07/element - {"using":"xpath","value":"//*[@id=\"__xmlview1--contractDetailEditBtn\"]"}
RESULT: {"using":"xpath","value":"//*[@id=\"__xmlview1--contractDetailEditBtn\"]"}
COMMAND: POST /session/da7f42de234ee122e0f4ded60e4b8c07/element/f.69C6A966BE3F374529091A689B6300C0.d.8146C027602F11E0004098B39E670A96.e.6698/click - {}
RESULT: {}
COMMAND: GET /session/da7f42de234ee122e0f4ded60e4b8c07/screenshot - {}
RESULT: {}
COMMAND: POST /session/da7f42de234ee122e0f4ded60e4b8c07/element - {"using":"xpath","value":"(//span[contains(text(), \"Header Billing Items\")])[2]"}
RESULT: {"using":"xpath","value":"(//span[contains(text(), \"Header Billing Items\")])[2]"}
COMMAND: POST /session/da7f42de234ee122e0f4ded60e4b8c07/element/f.69C6A966BE3F374529091A689B6300C0.d.8146C027602F11E0004098B39E670A96.e.6923/click - {}
RESULT: {}
COMMAND: GET /session/da7f42de234ee122e0f4ded60e4b8c07/screenshot - {}
RESULT: {}
COMMAND: POST /session/da7f42de234ee122e0f4ded60e4b8c07/element - {"using":"xpath","value":"//div[contains(@id ,\"ProductsTable-sa-CbBg\")]"}
RESULT: {"using":"xpath","value":"//div[contains(@id ,\"ProductsTable-sa-CbBg\")]"}
COMMAND: POST /session/da7f42de234ee122e0f4ded60e4b8c07/element/f.69C6A966BE3F374529091A689B6300C0.d.8146C027602F11E0004098B39E670A96.e.6926/click - {}
RESULT: {}
COMMAND: GET /session/da7f42de234ee122e0f4ded60e4b8c07/screenshot - {}
RESULT: {}
COMMAND: POST /session/da7f42de234ee122e0f4ded60e4b8c07/execute/async - {"script":"<script> [1562 bytes]","args":[{"selector":{"id":"deleteBtn","viewName":"etm.portal.ui.managecontracts.view.EditContract","interaction":{"idSuffix":"BDI-content"}},"wdio_ui5_key":"deleteBtnetmportal.ui.managecontracts.view.EditContract"}]}
RESULT: {"script":"<script> [1562 bytes]","args":[{"selector":{"id":"deleteBtn","viewName":"etm.portal.ui.managecontracts.view.EditContract","interaction":{"idSuffix":"BDI-content"}},"wdio_ui5_key":"deleteBtnetmportal.ui.managecontracts.view.EditContract"}]}
RESULT: undefined
COMMAND: POST /session/da7f42de234ee122e0f4ded60e4b8c07/element - {"using":"xpath","value":"//*[@id=\"__xmlview2--deleteBtn\"]"}
RESULT: {"using":"xpath","value":"//*[@id=\"__xmlview2--deleteBtn\"]"}
COMMAND: POST /session/da7f42de234ee122e0f4ded60e4b8c07/element/f.69C6A966BE3F374529091A689B6300C0.d.8146C027602F11E0004098B39E670A96.e.6929/click - {}
RESULT: {}
COMMAND: POST /session/da7f42de234ee122e0f4ded60e4b8c07/element - {"using":"xpath","value":"//bdi[contains(@id ,\"BDI-content\")][contains(text(), \"OK\")]"}
COMMAND: GET /session/da7f42de234ee122e0f4ded60e4b8c07/screenshot - {}
RESULT: {"using":"xpath","value":"//bdi[contains(@id ,\"BDI-content\")][contains(text(), \"OK\")]"}
COMMAND: POST /session/da7f42de234ee122e0f4ded60e4b8c07/element/f.69C6A966BE3F374529091A689B6300C0.d.8146C027602F11E0004098B39E670A96.e.6931/click - {}
RESULT: {}
RESULT: {}
COMMAND: GET /session/da7f42de234ee122e0f4ded60e4b8c07/screenshot - {}
RESULT: {}
COMMAND: POST /session/da7f42de234ee122e0f4ded60e4b8c07/element - {"using":"xpath","value":"//bdi[contains(@id ,\"BDI-content\")][contains(text(), \"Save\")]"}
RESULT: {"using":"xpath","value":"//bdi[contains(@id ,\"BDI-content\")][contains(text(), \"Save\")]"}
COMMAND: POST /session/da7f42de234ee122e0f4ded60e4b8c07/element/f.69C6A966BE3F374529091A689B6300C0.d.8146C027602F11E0004098B39E670A96.e.6932/click - {}
RESULT: {}
COMMAND: GET /session/da7f42de234ee122e0f4ded60e4b8c07/screenshot - {}
RESULT: {}
COMMAND: POST /session/da7f42de234ee122e0f4ded60e4b8c07/element - {"using":"xpath","value":"(//span[contains(text(), \"Header Billing Items\")])[1]"}
RESULT: {"using":"xpath","value":"(//span[contains(text(), \"Header Billing Items\")])[1]"}
COMMAND: POST /session/da7f42de234ee122e0f4ded60e4b8c07/element/f.69C6A966BE3F374529091A689B6300C0.d.8146C027602F11E0004098B39E670A96.e.6935/click - {}
RESULT: {}
COMMAND: GET /session/da7f42de234ee122e0f4ded60e4b8c07/screenshot - {}
RESULT: {}
COMMAND: POST /session/da7f42de234ee122e0f4ded60e4b8c07/execute/async - {"script":"<script> [1562 bytes]","args":[{"selector":{"controlType":"sap.m.ObjectStatus","viewName":"etm.portal.ui.managecontracts.view.Detail","bindingPath":{"path":"/SmartContractItems(CONTRACT='10434',ITEM=10m,SUB_ITEM=0m)","propertyPath":"STATUS"}},"wdio_ui5_key":"etmportal.ui.managecontracts.view.Detailsap.m.ObjectStatus{\"path\":\"/SmartContractItems(CONTRACT='10434',ITEM=10m,SUB_ITEM=0m)\",\"propertyPath\":\"STATUS\"}"}]}
RESULT: {"script":"<script> [1562 bytes]","args":[{"selector":{"controlType":"sap.m.ObjectStatus","viewName":"etm.portal.ui.managecontracts.view.Detail","bindingPath":{"path":"/SmartContractItems(CONTRACT='10434',ITEM=10m,SUB_ITEM=0m)","propertyPath":"STATUS"}},"wdio_ui5_key":"etmportal.ui.managecontracts.view.Detailsap.m.ObjectStatus{\"path\":\"/SmartContractItems(CONTRACT='10434',ITEM=10m,SUB_ITEM=0m)\",\"propertyPath\":\"STATUS\"}"}]}
RESULT: undefined
COMMAND: POST /session/da7f42de234ee122e0f4ded60e4b8c07/execute/async - {"script":"<script> [6424 bytes]","args":[{"element-6066-11e4-a52e-4f735466cecf":"f.69C6A966BE3F374529091A689B6300C0.d.8146C027602F11E0004098B39E670A96.e.6937"},"getText",[]]}
RESULT: {"script":"<script> [6424 bytes]","args":[{"element-6066-11e4-a52e-4f735466cecf":"f.69C6A966BE3F374529091A689B6300C0.d.8146C027602F11E0004098B39E670A96.e.6937"},"getText",[]]}
COMMAND: POST /session/da7f42de234ee122e0f4ded60e4b8c07/element - {"using":"css selector","value":"#shell-header-logo"}
RESULT: {"using":"css selector","value":"#shell-header-logo"}
COMMAND: POST /session/da7f42de234ee122e0f4ded60e4b8c07/element/f.69C6A966BE3F374529091A689B6300C0.d.8146C027602F11E0004098B39E670A96.e.6640/click - {}
RESULT: {}
COMMAND: GET /session/da7f42de234ee122e0f4ded60e4b8c07/screenshot - {}
RESULT: {}
COMMAND: POST /session/da7f42de234ee122e0f4ded60e4b8c07/execute/async - {"script":"<script> [1562 bytes]","args":[{"selector":{"controlType":"sap.m.GenericTile","properties":{"header":"Manage Requests"}},"wdio_ui5_key":"sapm.GenericTile{\"header\":\"Manage Requests\"}"}]}
RESULT: {"script":"<script> [1562 bytes]","args":[{"selector":{"controlType":"sap.m.GenericTile","properties":{"header":"Manage Requests"}},"wdio_ui5_key":"sapm.GenericTile{\"header\":\"Manage Requests\"}"}]}
RESULT: undefined
COMMAND: POST /session/da7f42de234ee122e0f4ded60e4b8c07/element - {"using":"xpath","value":"//*[@id=\"__tile47\"]"}
RESULT: {"using":"xpath","value":"//*[@id=\"__tile47\"]"}
COMMAND: POST /session/da7f42de234ee122e0f4ded60e4b8c07/element/f.69C6A966BE3F374529091A689B6300C0.d.8146C027602F11E0004098B39E670A96.e.6955/click - {}
RESULT: {}
COMMAND: GET /session/da7f42de234ee122e0f4ded60e4b8c07/screenshot - {}
RESULT: {}
COMMAND: POST /session/da7f42de234ee122e0f4ded60e4b8c07/execute/async - {"script":"<script> [1562 bytes]","args":[{"selector":{"controlType":"sap.m.SearchField","viewName":"etm.portal.ui.managerequests.view.Master","bindingPath":{"path":"","propertyPath":"/_BASIC_SEARCH_FIELD","modelName":"fi1t3rM0d31"},"interaction":{"idSuffix":"I"}},"wdio_ui5_key":"etmportal.ui.managerequests.view.Mastersap.m.SearchField{\"path\":\"\",\"propertyPath\":\"/_BASIC_SEARCH_FIELD\",\"modelName\":\"fi1t3rM0d31\"}"}]}
COMMAND: POST /session/da7f42de234ee122e0f4ded60e4b8c07/elements - {"using":"xpath","value":"//span[text()='Error']"}
RESULT: {"script":"<script> [1562 bytes]","args":[{"selector":{"controlType":"sap.m.SearchField","viewName":"etm.portal.ui.managerequests.view.Master","bindingPath":{"path":"","propertyPath":"/_BASIC_SEARCH_FIELD","modelName":"fi1t3rM0d31"},"interaction":{"idSuffix":"I"}},"wdio_ui5_key":"etmportal.ui.managerequests.view.Mastersap.m.SearchField{\"path\":\"\",\"propertyPath\":\"/_BASIC_SEARCH_FIELD\",\"modelName\":\"fi1t3rM0d31\"}"}]}
RESULT: undefined
COMMAND: POST /session/da7f42de234ee122e0f4ded60e4b8c07/execute/async - {"script":"<script> [776 bytes]","args":[{"enterText":"20227","selector":{"controlType":"sap.m.SearchField","viewName":"etm.portal.ui.managerequests.view.Master","bindingPath":{"path":"","propertyPath":"/_BASIC_SEARCH_FIELD","modelName":"fi1t3rM0d31"},"interaction":{"idSuffix":"I"}},"clearTextFirst":true,"interactionType":"ENTER_TEXT"}]}
RESULT: {"using":"xpath","value":"//span[text()='Error']"}
RESULT: {"script":"<script> [776 bytes]","args":[{"enterText":"20227","selector":{"controlType":"sap.m.SearchField","viewName":"etm.portal.ui.managerequests.view.Master","bindingPath":{"path":"","propertyPath":"/_BASIC_SEARCH_FIELD","modelName":"fi1t3rM0d31"},"interaction":{"idSuffix":"I"}},"clearTextFirst":true,"interactionType":"ENTER_TEXT"}]}
COMMAND: POST /session/da7f42de234ee122e0f4ded60e4b8c07/actions - {"actions":[{"id":"action33","type":"key","parameters":{},"actions":[{"type":"keyDown","value":"î€‡"},{"type":"pause","duration":10},{"type":"keyUp","value":"î€‡"}]}]}
RESULT: {"actions":[{"id":"action33","type":"key","parameters":{},"actions":[{"type":"keyDown","value":"î€‡"},{"type":"pause","duration":10},{"type":"keyUp","value":"î€‡"}]}]}
COMMAND: GET /session/da7f42de234ee122e0f4ded60e4b8c07/screenshot - {}
RESULT: {}
COMMAND: POST /session/da7f42de234ee122e0f4ded60e4b8c07/execute/async - {"script":"<script> [1562 bytes]","args":[{"selector":{"controlType":"sap.m.Text","viewName":"etm.portal.ui.managerequests.view.Master","bindingPath":{"path":"/SmartManageRequests('20227')","propertyPath":"NO"}},"wdio_ui5_key":"etmportal.ui.managerequests.view.Mastersap.m.Text{\"path\":\"/SmartManageRequests('20227')\",\"propertyPath\":\"NO\"}"}]}
RESULT: {"script":"<script> [1562 bytes]","args":[{"selector":{"controlType":"sap.m.Text","viewName":"etm.portal.ui.managerequests.view.Master","bindingPath":{"path":"/SmartManageRequests('20227')","propertyPath":"NO"}},"wdio_ui5_key":"etmportal.ui.managerequests.view.Mastersap.m.Text{\"path\":\"/SmartManageRequests('20227')\",\"propertyPath\":\"NO\"}"}]}
RESULT: undefined
COMMAND: POST /session/da7f42de234ee122e0f4ded60e4b8c07/element - {"using":"xpath","value":"//*[@id=\"__text463-__clone168\"]"}
RESULT: {"using":"xpath","value":"//*[@id=\"__text463-__clone168\"]"}
COMMAND: POST /session/da7f42de234ee122e0f4ded60e4b8c07/element/f.69C6A966BE3F374529091A689B6300C0.d.8146C027602F11E0004098B39E670A96.e.7086/click - {}
RESULT: {}
COMMAND: GET /session/da7f42de234ee122e0f4ded60e4b8c07/screenshot - {}
RESULT: {}
COMMAND: POST /session/da7f42de234ee122e0f4ded60e4b8c07/execute/async - {"script":"<script> [1562 bytes]","args":[{"selector":{"controlType":"sap.ui.core.Icon","viewName":"etm.portal.ui.managerequests.view.Detail","properties":{"src":{"regex":{"source":"slim\\-arrow\\-up"}}}},"wdio_ui5_key":"etmportal.ui.managerequests.view.Detailsap.ui.core.Icon{\"src\":{\"regex\":{\"source\":\"slim\\\\-arrow\\\\-up\"}}}"}]}
RESULT: {"script":"<script> [1562 bytes]","args":[{"selector":{"controlType":"sap.ui.core.Icon","viewName":"etm.portal.ui.managerequests.view.Detail","properties":{"src":{"regex":{"source":"slim\\-arrow\\-up"}}}},"wdio_ui5_key":"etmportal.ui.managerequests.view.Detailsap.ui.core.Icon{\"src\":{\"regex\":{\"source\":\"slim\\\\-arrow\\\\-up\"}}}"}]}
RESULT: undefined
COMMAND: POST /session/da7f42de234ee122e0f4ded60e4b8c07/element - {"using":"xpath","value":"//*[@id=\"__xmlview62--detailRequestPage-OPHeaderContent-collapseBtn-img\"]"}
RESULT: {"using":"xpath","value":"//*[@id=\"__xmlview62--detailRequestPage-OPHeaderContent-collapseBtn-img\"]"}
COMMAND: POST /session/da7f42de234ee122e0f4ded60e4b8c07/element/f.69C6A966BE3F374529091A689B6300C0.d.8146C027602F11E0004098B39E670A96.e.7228/click - {}
RESULT: {}
COMMAND: GET /session/da7f42de234ee122e0f4ded60e4b8c07/screenshot - {}
RESULT: {}
COMMAND: POST /session/da7f42de234ee122e0f4ded60e4b8c07/execute/async - {"script":"<script> [1562 bytes]","args":[{"selector":{"controlType":"sap.m.Text","viewName":"etm.portal.ui.managerequests.view.Detail","bindingPath":{"path":"/SmartRequestItemsPlanningBoard(ITEM=20m,REQUEST='20227')","propertyPath":"STATUS_DESC"}},"wdio_ui5_key":"etmportal.ui.managerequests.view.Detailsap.m.Text{\"path\":\"/SmartRequestItemsPlanningBoard(ITEM=20m,REQUEST='20227')\",\"propertyPath\":\"STATUS_DESC\"}"}]}
RESULT: {"script":"<script> [1562 bytes]","args":[{"selector":{"controlType":"sap.m.Text","viewName":"etm.portal.ui.managerequests.view.Detail","bindingPath":{"path":"/SmartRequestItemsPlanningBoard(ITEM=20m,REQUEST='20227')","propertyPath":"STATUS_DESC"}},"wdio_ui5_key":"etmportal.ui.managerequests.view.Detailsap.m.Text{\"path\":\"/SmartRequestItemsPlanningBoard(ITEM=20m,REQUEST='20227')\",\"propertyPath\":\"STATUS_DESC\"}"}]}
RESULT: undefined
COMMAND: POST /session/da7f42de234ee122e0f4ded60e4b8c07/execute/async - {"script":"<script> [6424 bytes]","args":[{"element-6066-11e4-a52e-4f735466cecf":"f.69C6A966BE3F374529091A689B6300C0.d.8146C027602F11E0004098B39E670A96.e.7290"},"getText",[]]}
RESULT: {"script":"<script> [6424 bytes]","args":[{"element-6066-11e4-a52e-4f735466cecf":"f.69C6A966BE3F374529091A689B6300C0.d.8146C027602F11E0004098B39E670A96.e.7290"},"getText",[]]}
COMMAND: POST /session/da7f42de234ee122e0f4ded60e4b8c07/element - {"using":"css selector","value":"#shell-header-logo"}
RESULT: {"using":"css selector","value":"#shell-header-logo"}
COMMAND: POST /session/da7f42de234ee122e0f4ded60e4b8c07/element/f.69C6A966BE3F374529091A689B6300C0.d.8146C027602F11E0004098B39E670A96.e.6959/click - {}
RESULT: {}
COMMAND: GET /session/da7f42de234ee122e0f4ded60e4b8c07/screenshot - {}
RESULT: {}
]]></system-out>
    </testcase>
  </testsuite>
  <testsuite timestamp="2025-06-02T18:12:44" time="263.26" tests="4" failures="0" errors="0" skipped="0">
    <properties>
      <property name="specId" value="0" />
      <property name="suiteName" value="Standard contract close-reopen US111278" />
      <property name="capabilities" value="chrome.136_0_7103_93.windows" />
      <property name="file" value="file:///D:/a/1/s/test/specs/R2C/standard-contract-close-reopen.spec.js" />
    </properties>
    <testcase classname="chrome.136_0_7103_93.windows.Standard_contract_close-reopen_US111278" name="Should create a new contract and add an item" time="148.211">
      <system-out><![CDATA[
COMMAND: POST /session/da7f42de234ee122e0f4ded60e4b8c07/execute/async - {"script":"<script> [1562 bytes]","args":[{"selector":{"controlType":"sap.m.GenericTile","properties":{"header":"Manage Contracts"}},"wdio_ui5_key":"sapm.GenericTile{\"header\":\"Manage Contracts\"}"}]}
RESULT: {"script":"<script> [1562 bytes]","args":[{"selector":{"controlType":"sap.m.GenericTile","properties":{"header":"Manage Contracts"}},"wdio_ui5_key":"sapm.GenericTile{\"header\":\"Manage Contracts\"}"}]}
RESULT: undefined
COMMAND: POST /session/da7f42de234ee122e0f4ded60e4b8c07/element - {"using":"xpath","value":"//*[@id=\"__tile130\"]"}
RESULT: {"using":"xpath","value":"//*[@id=\"__tile130\"]"}
COMMAND: POST /session/da7f42de234ee122e0f4ded60e4b8c07/element/f.69C6A966BE3F374529091A689B6300C0.d.8146C027602F11E0004098B39E670A96.e.7293/click - {}
RESULT: {}
COMMAND: GET /session/da7f42de234ee122e0f4ded60e4b8c07/screenshot - {}
RESULT: {}
COMMAND: POST /session/da7f42de234ee122e0f4ded60e4b8c07/elements - {"using":"xpath","value":"//span[text()='Error']"}
RESULT: {"using":"xpath","value":"//span[text()='Error']"}
COMMAND: POST /session/da7f42de234ee122e0f4ded60e4b8c07/element - {"using":"xpath","value":"//button[@data-kt=\"addButton\"]"}
RESULT: {"using":"xpath","value":"//button[@data-kt=\"addButton\"]"}
COMMAND: POST /session/da7f42de234ee122e0f4ded60e4b8c07/element/f.69C6A966BE3F374529091A689B6300C0.d.8146C027602F11E0004098B39E670A96.e.7344/click - {}
RESULT: {}
COMMAND: GET /session/da7f42de234ee122e0f4ded60e4b8c07/screenshot - {}
RESULT: {}
COMMAND: POST /session/da7f42de234ee122e0f4ded60e4b8c07/execute/async - {"script":"<script> [1562 bytes]","args":[{"selector":{"id":"application-managecontracts-display-component---AddNewContract--projectDescription","interaction":{"idSuffix":"inner"}},"wdio_ui5_key":"applicationmanagecontracts-display-component---AddNewContract--projectDescription"}]}
RESULT: {"script":"<script> [1562 bytes]","args":[{"selector":{"id":"application-managecontracts-display-component---AddNewContract--projectDescription","interaction":{"idSuffix":"inner"}},"wdio_ui5_key":"applicationmanagecontracts-display-component---AddNewContract--projectDescription"}]}
RESULT: undefined
COMMAND: POST /session/da7f42de234ee122e0f4ded60e4b8c07/execute/async - {"script":"<script> [776 bytes]","args":[{"enterText":"WdIOTestp7faz","selector":{"id":"application-managecontracts-display-component---AddNewContract--projectDescription","interaction":{"idSuffix":"inner"}},"clearTextFirst":true,"interactionType":"ENTER_TEXT"}]}
RESULT: {"script":"<script> [776 bytes]","args":[{"enterText":"WdIOTestp7faz","selector":{"id":"application-managecontracts-display-component---AddNewContract--projectDescription","interaction":{"idSuffix":"inner"}},"clearTextFirst":true,"interactionType":"ENTER_TEXT"}]}
COMMAND: POST /session/da7f42de234ee122e0f4ded60e4b8c07/element - {"using":"xpath","value":"//input[@id=\"application-managecontracts-display-component---AddNewContract--yardId-inner\"]"}
RESULT: {"using":"xpath","value":"//input[@id=\"application-managecontracts-display-component---AddNewContract--yardId-inner\"]"}
COMMAND: POST /session/da7f42de234ee122e0f4ded60e4b8c07/element/f.69C6A966BE3F374529091A689B6300C0.d.8146C027602F11E0004098B39E670A96.e.7605/clear - {}
RESULT: {}
COMMAND: POST /session/da7f42de234ee122e0f4ded60e4b8c07/element/f.69C6A966BE3F374529091A689B6300C0.d.8146C027602F11E0004098B39E670A96.e.7605/value - {"text":"WebdriverYardcgyme"}
COMMAND: GET /session/da7f42de234ee122e0f4ded60e4b8c07/screenshot - {}
RESULT: {"text":"WebdriverYardcgyme"}
COMMAND: GET /session/da7f42de234ee122e0f4ded60e4b8c07/screenshot - {}
RESULT: {}
RESULT: {}
COMMAND: POST /session/da7f42de234ee122e0f4ded60e4b8c07/actions - {"actions":[{"id":"action34","type":"key","parameters":{},"actions":[{"type":"keyDown","value":"î€‡"},{"type":"pause","duration":10},{"type":"keyUp","value":"î€‡"}]}]}
RESULT: {"actions":[{"id":"action34","type":"key","parameters":{},"actions":[{"type":"keyDown","value":"î€‡"},{"type":"pause","duration":10},{"type":"keyUp","value":"î€‡"}]}]}
COMMAND: GET /session/da7f42de234ee122e0f4ded60e4b8c07/screenshot - {}
RESULT: {}
COMMAND: POST /session/da7f42de234ee122e0f4ded60e4b8c07/element - {"using":"xpath","value":"//input[@id=\"application-managecontracts-display-component---AddNewContract--customerSelect-inner\"]"}
RESULT: {"using":"xpath","value":"//input[@id=\"application-managecontracts-display-component---AddNewContract--customerSelect-inner\"]"}
COMMAND: POST /session/da7f42de234ee122e0f4ded60e4b8c07/element/f.69C6A966BE3F374529091A689B6300C0.d.8146C027602F11E0004098B39E670A96.e.7603/clear - {}
RESULT: {}
COMMAND: POST /session/da7f42de234ee122e0f4ded60e4b8c07/element/f.69C6A966BE3F374529091A689B6300C0.d.8146C027602F11E0004098B39E670A96.e.7603/value - {"text":"WebdriverPartnerejpiw"}
COMMAND: GET /session/da7f42de234ee122e0f4ded60e4b8c07/screenshot - {}
RESULT: {"text":"WebdriverPartnerejpiw"}
COMMAND: GET /session/da7f42de234ee122e0f4ded60e4b8c07/screenshot - {}
RESULT: {}
RESULT: {}
COMMAND: POST /session/da7f42de234ee122e0f4ded60e4b8c07/actions - {"actions":[{"id":"action35","type":"key","parameters":{},"actions":[{"type":"keyDown","value":"î€‡"},{"type":"pause","duration":10},{"type":"keyUp","value":"î€‡"}]}]}
RESULT: {"actions":[{"id":"action35","type":"key","parameters":{},"actions":[{"type":"keyDown","value":"î€‡"},{"type":"pause","duration":10},{"type":"keyUp","value":"î€‡"}]}]}
COMMAND: GET /session/da7f42de234ee122e0f4ded60e4b8c07/screenshot - {}
RESULT: {}
COMMAND: POST /session/da7f42de234ee122e0f4ded60e4b8c07/element - {"using":"xpath","value":"//input[@id=\"application-managecontracts-display-component---AddNewContract--site-inner\"]"}
RESULT: {"using":"xpath","value":"//input[@id=\"application-managecontracts-display-component---AddNewContract--site-inner\"]"}
COMMAND: POST /session/da7f42de234ee122e0f4ded60e4b8c07/element/f.69C6A966BE3F374529091A689B6300C0.d.8146C027602F11E0004098B39E670A96.e.7604/clear - {}
RESULT: {}
COMMAND: POST /session/da7f42de234ee122e0f4ded60e4b8c07/element/f.69C6A966BE3F374529091A689B6300C0.d.8146C027602F11E0004098B39E670A96.e.7604/value - {"text":"WebdriverSite7de24"}
COMMAND: GET /session/da7f42de234ee122e0f4ded60e4b8c07/screenshot - {}
RESULT: {"text":"WebdriverSite7de24"}
COMMAND: GET /session/da7f42de234ee122e0f4ded60e4b8c07/screenshot - {}
RESULT: {}
RESULT: {}
COMMAND: POST /session/da7f42de234ee122e0f4ded60e4b8c07/actions - {"actions":[{"id":"action36","type":"key","parameters":{},"actions":[{"type":"keyDown","value":"î€‡"},{"type":"pause","duration":10},{"type":"keyUp","value":"î€‡"}]}]}
RESULT: {"actions":[{"id":"action36","type":"key","parameters":{},"actions":[{"type":"keyDown","value":"î€‡"},{"type":"pause","duration":10},{"type":"keyUp","value":"î€‡"}]}]}
COMMAND: GET /session/da7f42de234ee122e0f4ded60e4b8c07/screenshot - {}
COMMAND: POST /session/da7f42de234ee122e0f4ded60e4b8c07/element - {"using":"xpath","value":"//button[@data-kt=\"saveButton\"]"}
RESULT: {}
RESULT: {"using":"xpath","value":"//button[@data-kt=\"saveButton\"]"}
COMMAND: POST /session/da7f42de234ee122e0f4ded60e4b8c07/element/f.69C6A966BE3F374529091A689B6300C0.d.8146C027602F11E0004098B39E670A96.e.7678/click - {}
RESULT: {}
COMMAND: GET /session/da7f42de234ee122e0f4ded60e4b8c07/screenshot - {}
RESULT: {}
COMMAND: POST /session/da7f42de234ee122e0f4ded60e4b8c07/execute/async - {"script":"<script> [1562 bytes]","args":[{"selector":{"id":"contractDetailTitleNoExpanded","viewName":"etm.portal.ui.managecontracts.view.Detail"},"wdio_ui5_key":"contractDetailTitleNoExpandedetmportal.ui.managecontracts.view.Detail"}]}
RESULT: {"script":"<script> [1562 bytes]","args":[{"selector":{"id":"contractDetailTitleNoExpanded","viewName":"etm.portal.ui.managecontracts.view.Detail"},"wdio_ui5_key":"contractDetailTitleNoExpandedetmportal.ui.managecontracts.view.Detail"}]}
RESULT: undefined
COMMAND: POST /session/da7f42de234ee122e0f4ded60e4b8c07/execute/async - {"script":"<script> [6424 bytes]","args":[{"element-6066-11e4-a52e-4f735466cecf":"f.69C6A966BE3F374529091A689B6300C0.d.8146C027602F11E0004098B39E670A96.e.7701"},"getText",[]]}
RESULT: {"script":"<script> [6424 bytes]","args":[{"element-6066-11e4-a52e-4f735466cecf":"f.69C6A966BE3F374529091A689B6300C0.d.8146C027602F11E0004098B39E670A96.e.7701"},"getText",[]]}
COMMAND: POST /session/da7f42de234ee122e0f4ded60e4b8c07/execute/async - {"script":"<script> [1562 bytes]","args":[{"selector":{"id":"closeContractBtn","viewName":"etm.portal.ui.managecontracts.view.Detail"},"wdio_ui5_key":"closeContractBtnetmportal.ui.managecontracts.view.Detail"}]}
RESULT: {"script":"<script> [1562 bytes]","args":[{"selector":{"id":"closeContractBtn","viewName":"etm.portal.ui.managecontracts.view.Detail"},"wdio_ui5_key":"closeContractBtnetmportal.ui.managecontracts.view.Detail"}]}
RESULT: undefined
COMMAND: POST /session/da7f42de234ee122e0f4ded60e4b8c07/execute/async - {"script":"<script> [6424 bytes]","args":[{"element-6066-11e4-a52e-4f735466cecf":"f.69C6A966BE3F374529091A689B6300C0.d.8146C027602F11E0004098B39E670A96.e.7702"},"getEnabled",[]]}
RESULT: {"script":"<script> [6424 bytes]","args":[{"element-6066-11e4-a52e-4f735466cecf":"f.69C6A966BE3F374529091A689B6300C0.d.8146C027602F11E0004098B39E670A96.e.7702"},"getEnabled",[]]}
COMMAND: POST /session/da7f42de234ee122e0f4ded60e4b8c07/element - {"using":"xpath","value":"//button[@data-kt=\"contractDetailEditBtnButton\"]"}
RESULT: {"using":"xpath","value":"//button[@data-kt=\"contractDetailEditBtnButton\"]"}
COMMAND: POST /session/da7f42de234ee122e0f4ded60e4b8c07/element/f.69C6A966BE3F374529091A689B6300C0.d.8146C027602F11E0004098B39E670A96.e.7703/click - {}
RESULT: {}
COMMAND: GET /session/da7f42de234ee122e0f4ded60e4b8c07/screenshot - {}
RESULT: {}
COMMAND: POST /session/da7f42de234ee122e0f4ded60e4b8c07/element - {"using":"xpath","value":"(//span[contains(text(), \"Additional Addresses\")])[2]"}
RESULT: {"using":"xpath","value":"(//span[contains(text(), \"Additional Addresses\")])[2]"}
COMMAND: POST /session/da7f42de234ee122e0f4ded60e4b8c07/element/f.69C6A966BE3F374529091A689B6300C0.d.8146C027602F11E0004098B39E670A96.e.7758/click - {}
RESULT: {}
COMMAND: GET /session/da7f42de234ee122e0f4ded60e4b8c07/screenshot - {}
RESULT: {}
COMMAND: POST /session/da7f42de234ee122e0f4ded60e4b8c07/element - {"using":"xpath","value":"//button[@data-kt=\"btnAddTableRowOverflowToolbarButton\"]"}
RESULT: {"using":"xpath","value":"//button[@data-kt=\"btnAddTableRowOverflowToolbarButton\"]"}
COMMAND: POST /session/da7f42de234ee122e0f4ded60e4b8c07/element/f.69C6A966BE3F374529091A689B6300C0.d.8146C027602F11E0004098B39E670A96.e.7762/click - {}
RESULT: {}
COMMAND: GET /session/da7f42de234ee122e0f4ded60e4b8c07/screenshot - {}
RESULT: {}
COMMAND: POST /session/da7f42de234ee122e0f4ded60e4b8c07/element - {"using":"xpath","value":"//div[(text() = 'Standard Entry' or . = 'Standard Entry')]"}
RESULT: {"using":"xpath","value":"//div[(text() = 'Standard Entry' or . = 'Standard Entry')]"}
COMMAND: POST /session/da7f42de234ee122e0f4ded60e4b8c07/element/f.69C6A966BE3F374529091A689B6300C0.d.8146C027602F11E0004098B39E670A96.e.7764/click - {}
RESULT: {}
COMMAND: POST /session/da7f42de234ee122e0f4ded60e4b8c07/element - {"using":"xpath","value":"//td[6]/div/div/input[1]"}
COMMAND: GET /session/da7f42de234ee122e0f4ded60e4b8c07/screenshot - {}
RESULT: {"using":"xpath","value":"//td[6]/div/div/input[1]"}
COMMAND: POST /session/da7f42de234ee122e0f4ded60e4b8c07/element/f.69C6A966BE3F374529091A689B6300C0.d.8146C027602F11E0004098B39E670A96.e.7766/click - {}
RESULT: {}
RESULT: {}
COMMAND: POST /session/da7f42de234ee122e0f4ded60e4b8c07/actions - {"actions":[{"id":"action37","type":"key","parameters":{},"actions":[{"type":"keyDown","value":"î€ƒ"},{"type":"pause","duration":10},{"type":"keyUp","value":"î€ƒ"}]}]}
COMMAND: GET /session/da7f42de234ee122e0f4ded60e4b8c07/screenshot - {}
RESULT: {"actions":[{"id":"action37","type":"key","parameters":{},"actions":[{"type":"keyDown","value":"î€ƒ"},{"type":"pause","duration":10},{"type":"keyUp","value":"î€ƒ"}]}]}
COMMAND: POST /session/da7f42de234ee122e0f4ded60e4b8c07/element - {"using":"xpath","value":"//td[6]/div/div/input[1]"}
COMMAND: GET /session/da7f42de234ee122e0f4ded60e4b8c07/screenshot - {}
RESULT: {}
RESULT: {"using":"xpath","value":"//td[6]/div/div/input[1]"}
COMMAND: POST /session/da7f42de234ee122e0f4ded60e4b8c07/element/f.69C6A966BE3F374529091A689B6300C0.d.8146C027602F11E0004098B39E670A96.e.7766/clear - {}
RESULT: {}
RESULT: {}
COMMAND: POST /session/da7f42de234ee122e0f4ded60e4b8c07/element/f.69C6A966BE3F374529091A689B6300C0.d.8146C027602F11E0004098B39E670A96.e.7766/value - {"text":"Material"}
COMMAND: GET /session/da7f42de234ee122e0f4ded60e4b8c07/screenshot - {}
RESULT: {"text":"Material"}
COMMAND: GET /session/da7f42de234ee122e0f4ded60e4b8c07/screenshot - {}
RESULT: {}
RESULT: {}
COMMAND: POST /session/da7f42de234ee122e0f4ded60e4b8c07/actions - {"actions":[{"id":"action38","type":"key","parameters":{},"actions":[{"type":"keyDown","value":"î€‡"},{"type":"pause","duration":10},{"type":"keyUp","value":"î€‡"}]}]}
RESULT: {"actions":[{"id":"action38","type":"key","parameters":{},"actions":[{"type":"keyDown","value":"î€‡"},{"type":"pause","duration":10},{"type":"keyUp","value":"î€‡"}]}]}
COMMAND: GET /session/da7f42de234ee122e0f4ded60e4b8c07/screenshot - {}
RESULT: {}
COMMAND: POST /session/da7f42de234ee122e0f4ded60e4b8c07/actions - {"actions":[{"id":"action39","type":"key","parameters":{},"actions":[{"type":"keyDown","value":"î€‡"},{"type":"pause","duration":10},{"type":"keyUp","value":"î€‡"}]}]}
RESULT: {"actions":[{"id":"action39","type":"key","parameters":{},"actions":[{"type":"keyDown","value":"î€‡"},{"type":"pause","duration":10},{"type":"keyUp","value":"î€‡"}]}]}
COMMAND: POST /session/da7f42de234ee122e0f4ded60e4b8c07/element - {"using":"xpath","value":"//td[7]/div/div/input"}
COMMAND: GET /session/da7f42de234ee122e0f4ded60e4b8c07/screenshot - {}
RESULT: {"using":"xpath","value":"//td[7]/div/div/input"}
COMMAND: POST /session/da7f42de234ee122e0f4ded60e4b8c07/element/f.69C6A966BE3F374529091A689B6300C0.d.8146C027602F11E0004098B39E670A96.e.7779/clear - {}
RESULT: {}
RESULT: {}
COMMAND: POST /session/da7f42de234ee122e0f4ded60e4b8c07/element/f.69C6A966BE3F374529091A689B6300C0.d.8146C027602F11E0004098B39E670A96.e.7779/value - {"text":"WebdriverMatTestvxk84"}
COMMAND: GET /session/da7f42de234ee122e0f4ded60e4b8c07/screenshot - {}
RESULT: {"text":"WebdriverMatTestvxk84"}
COMMAND: GET /session/da7f42de234ee122e0f4ded60e4b8c07/screenshot - {}
RESULT: {}
RESULT: {}
COMMAND: POST /session/da7f42de234ee122e0f4ded60e4b8c07/actions - {"actions":[{"id":"action40","type":"key","parameters":{},"actions":[{"type":"keyDown","value":"î€‡"},{"type":"pause","duration":10},{"type":"keyUp","value":"î€‡"}]}]}
RESULT: {"actions":[{"id":"action40","type":"key","parameters":{},"actions":[{"type":"keyDown","value":"î€‡"},{"type":"pause","duration":10},{"type":"keyUp","value":"î€‡"}]}]}
COMMAND: GET /session/da7f42de234ee122e0f4ded60e4b8c07/screenshot - {}
RESULT: {}
COMMAND: POST /session/da7f42de234ee122e0f4ded60e4b8c07/actions - {"actions":[{"id":"action41","type":"key","parameters":{},"actions":[{"type":"keyDown","value":"î€‡"},{"type":"pause","duration":10},{"type":"keyUp","value":"î€‡"}]}]}
RESULT: {"actions":[{"id":"action41","type":"key","parameters":{},"actions":[{"type":"keyDown","value":"î€‡"},{"type":"pause","duration":10},{"type":"keyUp","value":"î€‡"}]}]}
COMMAND: GET /session/da7f42de234ee122e0f4ded60e4b8c07/screenshot - {}
RESULT: {}
COMMAND: POST /session/da7f42de234ee122e0f4ded60e4b8c07/element - {"using":"xpath","value":"(//button[@data-kt=\"saveButton\"])[2]"}
RESULT: {"using":"xpath","value":"(//button[@data-kt=\"saveButton\"])[2]"}
COMMAND: POST /session/da7f42de234ee122e0f4ded60e4b8c07/element/f.69C6A966BE3F374529091A689B6300C0.d.8146C027602F11E0004098B39E670A96.e.7805/click - {}
RESULT: {}
COMMAND: GET /session/da7f42de234ee122e0f4ded60e4b8c07/screenshot - {}
RESULT: {}
]]></system-out>
    </testcase>
    <testcase classname="chrome.136_0_7103_93.windows.Standard_contract_close-reopen_US111278" name="It should close the contract" time="23.056">
      <system-out><![CDATA[
RESULT: undefined
COMMAND: POST /session/da7f42de234ee122e0f4ded60e4b8c07/element - {"using":"xpath","value":"//*[@id=\"__xmlview64--closeContractBtn\"]"}
RESULT: {"using":"xpath","value":"//*[@id=\"__xmlview64--closeContractBtn\"]"}
COMMAND: POST /session/da7f42de234ee122e0f4ded60e4b8c07/element/f.69C6A966BE3F374529091A689B6300C0.d.8146C027602F11E0004098B39E670A96.e.7702/click - {}
RESULT: {}
COMMAND: GET /session/da7f42de234ee122e0f4ded60e4b8c07/screenshot - {}
RESULT: {}
COMMAND: POST /session/da7f42de234ee122e0f4ded60e4b8c07/element - {"using":"xpath","value":"//span[contains(text(), \"Do you want to close the whole contract?\")]"}
RESULT: {"using":"xpath","value":"//span[contains(text(), \"Do you want to close the whole contract?\")]"}
COMMAND: POST /session/da7f42de234ee122e0f4ded60e4b8c07/execute/sync - {"script":"<script> [8489 bytes]","args":[{"element-6066-11e4-a52e-4f735466cecf":"f.69C6A966BE3F374529091A689B6300C0.d.8146C027602F11E0004098B39E670A96.e.7809","ELEMENT":"f.69C6A966BE3F374529091A689B6300C0.d.8146C027602F11E0004098B39E670A96.e.7809"}]}
RESULT: {"script":"<script> [8489 bytes]","args":[{"element-6066-11e4-a52e-4f735466cecf":"f.69C6A966BE3F374529091A689B6300C0.d.8146C027602F11E0004098B39E670A96.e.7809","ELEMENT":"f.69C6A966BE3F374529091A689B6300C0.d.8146C027602F11E0004098B39E670A96.e.7809"}]}
COMMAND: POST /session/da7f42de234ee122e0f4ded60e4b8c07/element - {"using":"xpath","value":"//bdi[contains(text(), \"OK\")]"}
COMMAND: GET /session/da7f42de234ee122e0f4ded60e4b8c07/screenshot - {}
RESULT: {"using":"xpath","value":"//bdi[contains(text(), \"OK\")]"}
COMMAND: POST /session/da7f42de234ee122e0f4ded60e4b8c07/element/f.69C6A966BE3F374529091A689B6300C0.d.8146C027602F11E0004098B39E670A96.e.7810/click - {}
RESULT: {}
RESULT: {}
COMMAND: GET /session/da7f42de234ee122e0f4ded60e4b8c07/screenshot - {}
RESULT: {}
COMMAND: POST /session/da7f42de234ee122e0f4ded60e4b8c07/element - {"using":"xpath","value":"//input[contains(@id ,\"smartContractFilterBar-btnBasicSearch-I\")]"}
RESULT: {"using":"xpath","value":"//input[contains(@id ,\"smartContractFilterBar-btnBasicSearch-I\")]"}
COMMAND: POST /session/da7f42de234ee122e0f4ded60e4b8c07/element/f.69C6A966BE3F374529091A689B6300C0.d.8146C027602F11E0004098B39E670A96.e.7305/clear - {}
RESULT: {}
COMMAND: POST /session/da7f42de234ee122e0f4ded60e4b8c07/element/f.69C6A966BE3F374529091A689B6300C0.d.8146C027602F11E0004098B39E670A96.e.7305/value - {"text":"10435"}
COMMAND: GET /session/da7f42de234ee122e0f4ded60e4b8c07/screenshot - {}
RESULT: {"text":"10435"}
COMMAND: POST /session/da7f42de234ee122e0f4ded60e4b8c07/actions - {"actions":[{"id":"action42","type":"key","parameters":{},"actions":[{"type":"keyDown","value":"î€‡"},{"type":"pause","duration":10},{"type":"keyUp","value":"î€‡"}]}]}
COMMAND: GET /session/da7f42de234ee122e0f4ded60e4b8c07/screenshot - {}
RESULT: {}
RESULT: {"actions":[{"id":"action42","type":"key","parameters":{},"actions":[{"type":"keyDown","value":"î€‡"},{"type":"pause","duration":10},{"type":"keyUp","value":"î€‡"}]}]}
COMMAND: GET /session/da7f42de234ee122e0f4ded60e4b8c07/screenshot - {}
RESULT: {}
RESULT: {}
COMMAND: POST /session/da7f42de234ee122e0f4ded60e4b8c07/execute/async - {"script":"<script> [1562 bytes]","args":[{"selector":{"controlType":"sap.ui.core.Icon","viewName":"etm.portal.ui.managecontracts.view.Master","properties":{"src":{"regex":{"source":"slim\\-arrow\\-right"}}}},"wdio_ui5_key":"etmportal.ui.managecontracts.view.Mastersap.ui.core.Icon{\"src\":{\"regex\":{\"source\":\"slim\\\\-arrow\\\\-right\"}}}"}]}
RESULT: {"script":"<script> [1562 bytes]","args":[{"selector":{"controlType":"sap.ui.core.Icon","viewName":"etm.portal.ui.managecontracts.view.Master","properties":{"src":{"regex":{"source":"slim\\-arrow\\-right"}}}},"wdio_ui5_key":"etmportal.ui.managecontracts.view.Mastersap.ui.core.Icon{\"src\":{\"regex\":{\"source\":\"slim\\\\-arrow\\\\-right\"}}}"}]}
RESULT: undefined
COMMAND: POST /session/da7f42de234ee122e0f4ded60e4b8c07/element - {"using":"xpath","value":"//*[@id=\"__item129-__clone8924-imgNav\"]"}
RESULT: {"using":"xpath","value":"//*[@id=\"__item129-__clone8924-imgNav\"]"}
COMMAND: POST /session/da7f42de234ee122e0f4ded60e4b8c07/element/f.69C6A966BE3F374529091A689B6300C0.d.8146C027602F11E0004098B39E670A96.e.8090/click - {}
RESULT: {}
COMMAND: POST /session/da7f42de234ee122e0f4ded60e4b8c07/execute/async - {"script":"<script> [1562 bytes]","args":[{"selector":{"controlType":"sap.m.ObjectStatus","viewName":"etm.portal.ui.managecontracts.view.Detail","bindingPath":{"propertyPath":"LINK_TO_LOGISTICAL_STATUS/DESCRIPTION","modelName":"catalogModel"}},"wdio_ui5_key":"etmportal.ui.managecontracts.view.Detailsap.m.ObjectStatus{\"propertyPath\":\"LINK_TO_LOGISTICAL_STATUS/DESCRIPTION\",\"modelName\":\"catalogModel\"}"}]}
COMMAND: GET /session/da7f42de234ee122e0f4ded60e4b8c07/screenshot - {}
RESULT: {"script":"<script> [1562 bytes]","args":[{"selector":{"controlType":"sap.m.ObjectStatus","viewName":"etm.portal.ui.managecontracts.view.Detail","bindingPath":{"propertyPath":"LINK_TO_LOGISTICAL_STATUS/DESCRIPTION","modelName":"catalogModel"}},"wdio_ui5_key":"etmportal.ui.managecontracts.view.Detailsap.m.ObjectStatus{\"propertyPath\":\"LINK_TO_LOGISTICAL_STATUS/DESCRIPTION\",\"modelName\":\"catalogModel\"}"}]}
RESULT: undefined
COMMAND: POST /session/da7f42de234ee122e0f4ded60e4b8c07/execute/async - {"script":"<script> [6424 bytes]","args":[{"element-6066-11e4-a52e-4f735466cecf":"f.69C6A966BE3F374529091A689B6300C0.d.8146C027602F11E0004098B39E670A96.e.8129"},"getText",[]]}
RESULT: {}
RESULT: {"script":"<script> [6424 bytes]","args":[{"element-6066-11e4-a52e-4f735466cecf":"f.69C6A966BE3F374529091A689B6300C0.d.8146C027602F11E0004098B39E670A96.e.8129"},"getText",[]]}
]]></system-out>
    </testcase>
    <testcase classname="chrome.136_0_7103_93.windows.Standard_contract_close-reopen_US111278" name="Should reopen the contract" time="10.421">
      <system-out><![CDATA[
COMMAND: POST /session/da7f42de234ee122e0f4ded60e4b8c07/execute/async - {"script":"<script> [1562 bytes]","args":[{"selector":{"id":"openContractBtn","viewName":"etm.portal.ui.managecontracts.view.Detail"},"wdio_ui5_key":"openContractBtnetmportal.ui.managecontracts.view.Detail"}]}
RESULT: {"script":"<script> [1562 bytes]","args":[{"selector":{"id":"openContractBtn","viewName":"etm.portal.ui.managecontracts.view.Detail"},"wdio_ui5_key":"openContractBtnetmportal.ui.managecontracts.view.Detail"}]}
RESULT: undefined
COMMAND: POST /session/da7f42de234ee122e0f4ded60e4b8c07/execute/async - {"script":"<script> [6424 bytes]","args":[{"element-6066-11e4-a52e-4f735466cecf":"f.69C6A966BE3F374529091A689B6300C0.d.8146C027602F11E0004098B39E670A96.e.8109"},"getEnabled",[]]}
RESULT: {"script":"<script> [6424 bytes]","args":[{"element-6066-11e4-a52e-4f735466cecf":"f.69C6A966BE3F374529091A689B6300C0.d.8146C027602F11E0004098B39E670A96.e.8109"},"getEnabled",[]]}
COMMAND: POST /session/da7f42de234ee122e0f4ded60e4b8c07/element - {"using":"xpath","value":"//bdi[contains(text(), \"Edit\")]"}
RESULT: {"using":"xpath","value":"//bdi[contains(text(), \"Edit\")]"}
COMMAND: POST /session/da7f42de234ee122e0f4ded60e4b8c07/element - {"using":"xpath","value":"//bdi[contains(text(), \"Edit\")]"}
RESULT: undefined
COMMAND: POST /session/da7f42de234ee122e0f4ded60e4b8c07/element - {"using":"xpath","value":"//*[@id=\"__xmlview64--openContractBtn\"]"}
RESULT: {"using":"xpath","value":"//bdi[contains(text(), \"Edit\")]"}
RESULT: {"using":"xpath","value":"//*[@id=\"__xmlview64--openContractBtn\"]"}
COMMAND: POST /session/da7f42de234ee122e0f4ded60e4b8c07/element/f.69C6A966BE3F374529091A689B6300C0.d.8146C027602F11E0004098B39E670A96.e.8109/click - {}
RESULT: {}
COMMAND: POST /session/da7f42de234ee122e0f4ded60e4b8c07/execute/async - {"script":"<script> [1562 bytes]","args":[{"selector":{"controlType":"sap.m.Text","properties":{"text":"Contract has been reopened successfully"},"searchOpenDialogs":true},"wdio_ui5_key":"sapm.Text{\"text\":\"Contract has been reopened successfully\"}"}]}
COMMAND: GET /session/da7f42de234ee122e0f4ded60e4b8c07/screenshot - {}
RESULT: {"script":"<script> [1562 bytes]","args":[{"selector":{"controlType":"sap.m.Text","properties":{"text":"Contract has been reopened successfully"},"searchOpenDialogs":true},"wdio_ui5_key":"sapm.Text{\"text\":\"Contract has been reopened successfully\"}"}]}
RESULT: undefined
COMMAND: POST /session/da7f42de234ee122e0f4ded60e4b8c07/execute/async - {"script":"<script> [6424 bytes]","args":[{"element-6066-11e4-a52e-4f735466cecf":"f.69C6A966BE3F374529091A689B6300C0.d.8146C027602F11E0004098B39E670A96.e.8132"},"getText",[]]}
RESULT: {}
RESULT: {"script":"<script> [6424 bytes]","args":[{"element-6066-11e4-a52e-4f735466cecf":"f.69C6A966BE3F374529091A689B6300C0.d.8146C027602F11E0004098B39E670A96.e.8132"},"getText",[]]}
COMMAND: POST /session/da7f42de234ee122e0f4ded60e4b8c07/element - {"using":"xpath","value":"//bdi[contains(text(), \"OK\")]"}
RESULT: {"using":"xpath","value":"//bdi[contains(text(), \"OK\")]"}
COMMAND: POST /session/da7f42de234ee122e0f4ded60e4b8c07/element/f.69C6A966BE3F374529091A689B6300C0.d.8146C027602F11E0004098B39E670A96.e.8133/click - {}
RESULT: {}
COMMAND: GET /session/da7f42de234ee122e0f4ded60e4b8c07/screenshot - {}
RESULT: {}
COMMAND: POST /session/da7f42de234ee122e0f4ded60e4b8c07/element - {"using":"xpath","value":"//bdi[contains(text(), \"Edit\")]"}
RESULT: undefined
COMMAND: POST /session/da7f42de234ee122e0f4ded60e4b8c07/execute/async - {"script":"<script> [6424 bytes]","args":[{"element-6066-11e4-a52e-4f735466cecf":"f.69C6A966BE3F374529091A689B6300C0.d.8146C027602F11E0004098B39E670A96.e.7702"},"getEnabled",[]]}
RESULT: {"using":"xpath","value":"//bdi[contains(text(), \"Edit\")]"}
COMMAND: POST /session/da7f42de234ee122e0f4ded60e4b8c07/execute/sync - {"script":"<script> [8489 bytes]","args":[{"element-6066-11e4-a52e-4f735466cecf":"f.69C6A966BE3F374529091A689B6300C0.d.8146C027602F11E0004098B39E670A96.e.8134","ELEMENT":"f.69C6A966BE3F374529091A689B6300C0.d.8146C027602F11E0004098B39E670A96.e.8134"}]}
COMMAND: POST /session/da7f42de234ee122e0f4ded60e4b8c07/execute/async - {"script":"<script> [1562 bytes]","args":[{"selector":{"id":"closeContractBtn","viewName":"etm.portal.ui.managecontracts.view.Detail"},"wdio_ui5_key":"closeContractBtnetmportal.ui.managecontracts.view.Detail"}]}
RESULT: {"script":"<script> [8489 bytes]","args":[{"element-6066-11e4-a52e-4f735466cecf":"f.69C6A966BE3F374529091A689B6300C0.d.8146C027602F11E0004098B39E670A96.e.8134","ELEMENT":"f.69C6A966BE3F374529091A689B6300C0.d.8146C027602F11E0004098B39E670A96.e.8134"}]}
COMMAND: GET /session/da7f42de234ee122e0f4ded60e4b8c07/screenshot - {}
RESULT: {"script":"<script> [1562 bytes]","args":[{"selector":{"id":"closeContractBtn","viewName":"etm.portal.ui.managecontracts.view.Detail"},"wdio_ui5_key":"closeContractBtnetmportal.ui.managecontracts.view.Detail"}]}
COMMAND: POST /session/da7f42de234ee122e0f4ded60e4b8c07/execute/async - {"script":"<script> [6424 bytes]","args":[{"element-6066-11e4-a52e-4f735466cecf":"f.69C6A966BE3F374529091A689B6300C0.d.8146C027602F11E0004098B39E670A96.e.8135"},"getEnabled",[]]}
RESULT: {}
RESULT: {"script":"<script> [6424 bytes]","args":[{"element-6066-11e4-a52e-4f735466cecf":"f.69C6A966BE3F374529091A689B6300C0.d.8146C027602F11E0004098B39E670A96.e.8135"},"getEnabled",[]]}
]]></system-out>
    </testcase>
    <testcase classname="chrome.136_0_7103_93.windows.Standard_contract_close-reopen_US111278" name="Should verify for multiple statuses that open button is not visible" time="77.817">
      <system-out><![CDATA[
COMMAND: POST /session/da7f42de234ee122e0f4ded60e4b8c07/execute/async - {"script":"<script> [1562 bytes]","args":[{"selector":{"controlType":"sap.ui.core.Icon","viewName":"etm.portal.ui.managecontracts.view.Detail","properties":{"src":{"regex":{"source":"decline"}}}},"wdio_ui5_key":"etmportal.ui.managecontracts.view.Detailsap.ui.core.Icon{\"src\":{\"regex\":{\"source\":\"decline\"}}}"}]}
RESULT: {"script":"<script> [1562 bytes]","args":[{"selector":{"controlType":"sap.ui.core.Icon","viewName":"etm.portal.ui.managecontracts.view.Detail","properties":{"src":{"regex":{"source":"decline"}}}},"wdio_ui5_key":"etmportal.ui.managecontracts.view.Detailsap.ui.core.Icon{\"src\":{\"regex\":{\"source\":\"decline\"}}}"}]}
RESULT: undefined
COMMAND: POST /session/da7f42de234ee122e0f4ded60e4b8c07/element - {"using":"xpath","value":"//*[@id=\"__xmlview64--closeColumnBtn-img\"]"}
RESULT: {"using":"xpath","value":"//*[@id=\"__xmlview64--closeColumnBtn-img\"]"}
COMMAND: POST /session/da7f42de234ee122e0f4ded60e4b8c07/element/f.69C6A966BE3F374529091A689B6300C0.d.8146C027602F11E0004098B39E670A96.e.8106/click - {}
RESULT: {}
COMMAND: GET /session/da7f42de234ee122e0f4ded60e4b8c07/screenshot - {}
COMMAND: POST /session/da7f42de234ee122e0f4ded60e4b8c07/element - {"using":"xpath","value":"//div[contains(@id ,\"smartContractFilterBar-btnBasicSearch-reset\")]"}
RESULT: {}
RESULT: {"using":"xpath","value":"//div[contains(@id ,\"smartContractFilterBar-btnBasicSearch-reset\")]"}
COMMAND: POST /session/da7f42de234ee122e0f4ded60e4b8c07/element/f.69C6A966BE3F374529091A689B6300C0.d.8146C027602F11E0004098B39E670A96.e.8108/click - {}
RESULT: {}
COMMAND: GET /session/da7f42de234ee122e0f4ded60e4b8c07/screenshot - {}
RESULT: {}
COMMAND: POST /session/da7f42de234ee122e0f4ded60e4b8c07/execute/async - {"script":"<script> [1562 bytes]","args":[{"selector":{"controlType":"sap.ui.core.Icon","viewName":"etm.portal.ui.managecontracts.view.Master","properties":{"src":{"regex":{"source":"slim\\-arrow\\-down"}}},"ancestor":{"id":"smartContractStatusFilter","viewName":"etm.portal.ui.managecontracts.view.Master"}},"wdio_ui5_key":"etmportal.ui.managecontracts.view.Mastersap.ui.core.Icon{\"src\":{\"regex\":{\"source\":\"slim\\\\-arrow\\\\-down\"}}}{\"id\":\"smartContractStatusFilter\",\"viewName\":\"etm.portal.ui.managecontracts.view.Master\"}"}]}
RESULT: {"script":"<script> [1562 bytes]","args":[{"selector":{"controlType":"sap.ui.core.Icon","viewName":"etm.portal.ui.managecontracts.view.Master","properties":{"src":{"regex":{"source":"slim\\-arrow\\-down"}}},"ancestor":{"id":"smartContractStatusFilter","viewName":"etm.portal.ui.managecontracts.view.Master"}},"wdio_ui5_key":"etmportal.ui.managecontracts.view.Mastersap.ui.core.Icon{\"src\":{\"regex\":{\"source\":\"slim\\\\-arrow\\\\-down\"}}}{\"id\":\"smartContractStatusFilter\",\"viewName\":\"etm.portal.ui.managecontracts.view.Master\"}"}]}
RESULT: undefined
COMMAND: POST /session/da7f42de234ee122e0f4ded60e4b8c07/element - {"using":"xpath","value":"//*[@id=\"__xmlview63--smartContractStatusFilter-arrow\"]"}
RESULT: {"using":"xpath","value":"//*[@id=\"__xmlview63--smartContractStatusFilter-arrow\"]"}
COMMAND: POST /session/da7f42de234ee122e0f4ded60e4b8c07/element/f.69C6A966BE3F374529091A689B6300C0.d.8146C027602F11E0004098B39E670A96.e.8181/click - {}
RESULT: {}
COMMAND: POST /session/da7f42de234ee122e0f4ded60e4b8c07/execute/async - {"script":"<script> [1562 bytes]","args":[{"selector":{"controlType":"sap.m.CheckBox","viewName":"etm.portal.ui.managecontracts.view.Master","properties":{"editable":true},"searchOpenDialogs":true,"ancestor":{"controlType":"sap.m.StandardListItem","viewName":"etm.portal.ui.managecontracts.view.Master","properties":{"title":"partial provided"},"searchOpenDialogs":true},"interaction":{"idSuffix":"CbBg"}},"wdio_ui5_key":"etmportal.ui.managecontracts.view.Mastersap.m.CheckBox{\"editable\":true}{\"controlType\":\"sap.m.StandardListItem\",\"viewName\":\"etm.portal.ui.managecontracts.view.Master\",\"properties\":{\"title\":\"partial provided\"},\"searchOpenDialogs\":true}"}]}
COMMAND: GET /session/da7f42de234ee122e0f4ded60e4b8c07/screenshot - {}
RESULT: {"script":"<script> [1562 bytes]","args":[{"selector":{"controlType":"sap.m.CheckBox","viewName":"etm.portal.ui.managecontracts.view.Master","properties":{"editable":true},"searchOpenDialogs":true,"ancestor":{"controlType":"sap.m.StandardListItem","viewName":"etm.portal.ui.managecontracts.view.Master","properties":{"title":"partial provided"},"searchOpenDialogs":true},"interaction":{"idSuffix":"CbBg"}},"wdio_ui5_key":"etmportal.ui.managecontracts.view.Mastersap.m.CheckBox{\"editable\":true}{\"controlType\":\"sap.m.StandardListItem\",\"viewName\":\"etm.portal.ui.managecontracts.view.Master\",\"properties\":{\"title\":\"partial provided\"},\"searchOpenDialogs\":true}"}]}
RESULT: undefined
COMMAND: POST /session/da7f42de234ee122e0f4ded60e4b8c07/element - {"using":"xpath","value":"//*[@id=\"__item2817-selectMulti\"]"}
RESULT: {}
RESULT: {"using":"xpath","value":"//*[@id=\"__item2817-selectMulti\"]"}
COMMAND: POST /session/da7f42de234ee122e0f4ded60e4b8c07/element/f.69C6A966BE3F374529091A689B6300C0.d.8146C027602F11E0004098B39E670A96.e.8190/click - {}
RESULT: {}
COMMAND: GET /session/da7f42de234ee122e0f4ded60e4b8c07/screenshot - {}
RESULT: {}
COMMAND: POST /session/da7f42de234ee122e0f4ded60e4b8c07/element - {"using":"xpath","value":"(//span[contains(@title ,\"Navigation\")])[2]"}
RESULT: {"using":"xpath","value":"(//span[contains(@title ,\"Navigation\")])[2]"}
COMMAND: POST /session/da7f42de234ee122e0f4ded60e4b8c07/element/f.69C6A966BE3F374529091A689B6300C0.d.8146C027602F11E0004098B39E670A96.e.8219/click - {}
RESULT: {}
COMMAND: GET /session/da7f42de234ee122e0f4ded60e4b8c07/screenshot - {}
RESULT: {}
COMMAND: POST /session/da7f42de234ee122e0f4ded60e4b8c07/element - {"using":"xpath","value":"//bdi[contains(@id ,\"closeContractBtn-BDI-content\")]"}
RESULT: {"using":"xpath","value":"//bdi[contains(@id ,\"closeContractBtn-BDI-content\")]"}
COMMAND: POST /session/da7f42de234ee122e0f4ded60e4b8c07/execute/sync - {"script":"<script> [8489 bytes]","args":[{"element-6066-11e4-a52e-4f735466cecf":"f.69C6A966BE3F374529091A689B6300C0.d.8146C027602F11E0004098B39E670A96.e.8405","ELEMENT":"f.69C6A966BE3F374529091A689B6300C0.d.8146C027602F11E0004098B39E670A96.e.8405"}]}
RESULT: undefined
COMMAND: POST /session/da7f42de234ee122e0f4ded60e4b8c07/element - {"using":"xpath","value":"//*[@id=\"__xmlview64--closeColumnBtn-img\"]"}
RESULT: {"script":"<script> [8489 bytes]","args":[{"element-6066-11e4-a52e-4f735466cecf":"f.69C6A966BE3F374529091A689B6300C0.d.8146C027602F11E0004098B39E670A96.e.8405","ELEMENT":"f.69C6A966BE3F374529091A689B6300C0.d.8146C027602F11E0004098B39E670A96.e.8405"}]}
COMMAND: GET /session/da7f42de234ee122e0f4ded60e4b8c07/screenshot - {}
RESULT: {"using":"xpath","value":"//*[@id=\"__xmlview64--closeColumnBtn-img\"]"}
COMMAND: POST /session/da7f42de234ee122e0f4ded60e4b8c07/element/f.69C6A966BE3F374529091A689B6300C0.d.8146C027602F11E0004098B39E670A96.e.8106/click - {}
RESULT: {}
RESULT: {}
COMMAND: GET /session/da7f42de234ee122e0f4ded60e4b8c07/screenshot - {}
COMMAND: POST /session/da7f42de234ee122e0f4ded60e4b8c07/execute/sync - {"script":"<script> [8489 bytes]","args":[{"element-6066-11e4-a52e-4f735466cecf":"f.69C6A966BE3F374529091A689B6300C0.d.8146C027602F11E0004098B39E670A96.e.8405","ELEMENT":"f.69C6A966BE3F374529091A689B6300C0.d.8146C027602F11E0004098B39E670A96.e.8405"}]}
COMMAND: POST /session/da7f42de234ee122e0f4ded60e4b8c07/refresh - {}
RESULT: {}
RESULT: {"script":"<script> [8489 bytes]","args":[{"element-6066-11e4-a52e-4f735466cecf":"f.69C6A966BE3F374529091A689B6300C0.d.8146C027602F11E0004098B39E670A96.e.8405","ELEMENT":"f.69C6A966BE3F374529091A689B6300C0.d.8146C027602F11E0004098B39E670A96.e.8405"}]}
COMMAND: GET /session/da7f42de234ee122e0f4ded60e4b8c07/screenshot - {}
RESULT: {}
COMMAND: GET /session/da7f42de234ee122e0f4ded60e4b8c07/screenshot - {}
RESULT: {}
RESULT: {}
COMMAND: POST /session/da7f42de234ee122e0f4ded60e4b8c07/execute/async - {"script":"<script> [189 bytes]","args":[]}
RESULT: {"script":"<script> [189 bytes]","args":[]}
COMMAND: POST /session/da7f42de234ee122e0f4ded60e4b8c07/execute/async - {"script":"<script> [123 bytes]","args":[]}
RESULT: {"script":"<script> [123 bytes]","args":[]}
COMMAND: POST /session/da7f42de234ee122e0f4ded60e4b8c07/timeouts - {"script":"<number>"}
RESULT: {"script":"<number>"}
COMMAND: GET /session/da7f42de234ee122e0f4ded60e4b8c07/timeouts - {}
RESULT: {}
RESULT: undefined
COMMAND: POST /session/da7f42de234ee122e0f4ded60e4b8c07/execute/async - {"script":"<script> [2676 bytes]","args":[]}
RESULT: {"script":"<script> [2676 bytes]","args":[]}
COMMAND: POST /session/da7f42de234ee122e0f4ded60e4b8c07/execute/async - {"script":"<script> [2342 bytes]","args":[{"protocol":"http","hostname":"0.0.0.0","path":"/","capabilities":{"browserName":"chrome","goog:chromeOptions":{"binary":"C:\\Program Files\\Google\\Chrome\\Application\\chrome.exe","args":["--start-maximized"]}},"logLevel":"warn","connectionRetryTimeout":120000,"connectionRetryCount":3,"logLevels":{},"enableDirectConnect":true,"strictSSL":true,"_":"65 more keys: [\"cacheDir\",\"port\",\"requestedCapabilities\",\"automationProtocol\",\"baseUrl\",\"waitforInterval\",\"waitforTimeout\",\"onReload\",\"beforeCommand\",\"afterCommand\",\"rootDir\",\"specs\",\"suites\",\"exclude\",\"groupLogsByTestSpec\",\"excludeDriverLogs\",\"bail\",\"framework\",\"reporters\",\"services\",\"maxInstances\",\"maxInstancesPerCapability\",\"injectGlobals\",\"filesToWatch\",\"execArgv\",\"runnerEnv\",\"runner\",\"shard\",\"specFileRetries\",\"specFileRetriesDelay\",\"specFileRetriesDeferred\",\"reporterSyncInterval\",\"reporterSyncTimeout\",\"cucumberFeaturesWithLineNumbers\",\"autoCompileOpts\",\"mochaOpts\",\"jasmineOpts\",\"cucumberOpts\",\"onPrepare\",\"onWorkerStart\",\"onWorkerEnd\",\"before\",\"beforeSession\",\"beforeSuite\",\"beforeHook\",\"beforeTest\",\"afterTest\",\"afterHook\",\"afterSuite\",\"afterSession\",\"after\",\"onComplete\",\"beforeAssertion\",\"afterAssertion\",\"beforeFeature\",\"beforeScenario\",\"beforeStep\",\"afterStep\",\"afterScenario\",\"afterFeature\",\"_\",\"suite\",\"$0\",\"ignoredWorkerServices\",\"wdi5\"]"}]}
RESULT: {"script":"<script> [2342 bytes]","args":[{"protocol":"http","hostname":"0.0.0.0","path":"/","capabilities":{"browserName":"chrome","goog:chromeOptions":{"binary":"C:\\Program Files\\Google\\Chrome\\Application\\chrome.exe","args":["--start-maximized"]}},"logLevel":"warn","connectionRetryTimeout":120000,"connectionRetryCount":3,"logLevels":{},"enableDirectConnect":true,"strictSSL":true,"_":"65 more keys: [\"cacheDir\",\"port\",\"requestedCapabilities\",\"automationProtocol\",\"baseUrl\",\"waitforInterval\",\"waitforTimeout\",\"onReload\",\"beforeCommand\",\"afterCommand\",\"rootDir\",\"specs\",\"suites\",\"exclude\",\"groupLogsByTestSpec\",\"excludeDriverLogs\",\"bail\",\"framework\",\"reporters\",\"services\",\"maxInstances\",\"maxInstancesPerCapability\",\"injectGlobals\",\"filesToWatch\",\"execArgv\",\"runnerEnv\",\"runner\",\"shard\",\"specFileRetries\",\"specFileRetriesDelay\",\"specFileRetriesDeferred\",\"reporterSyncInterval\",\"reporterSyncTimeout\",\"cucumberFeaturesWithLineNumbers\",\"autoCompileOpts\",\"mochaOpts\",\"jasmineOpts\",\"cucumberOpts\",\"onPrepare\",\"onWorkerStart\",\"onWorkerEnd\",\"before\",\"beforeSession\",\"beforeSuite\",\"beforeHook\",\"beforeTest\",\"afterTest\",\"afterHook\",\"afterSuite\",\"afterSession\",\"after\",\"onComplete\",\"beforeAssertion\",\"afterAssertion\",\"beforeFeature\",\"beforeScenario\",\"beforeStep\",\"afterStep\",\"afterScenario\",\"afterFeature\",\"_\",\"suite\",\"$0\",\"ignoredWorkerServices\",\"wdi5\"]"}]}
COMMAND: POST /session/da7f42de234ee122e0f4ded60e4b8c07/execute/async - {"script":"<script> [21126 bytes]","args":[35000]}
RESULT: {"script":"<script> [21126 bytes]","args":[35000]}
COMMAND: POST /session/da7f42de234ee122e0f4ded60e4b8c07/execute/async - {"script":"<script> [1562 bytes]","args":[{"selector":{"controlType":"sap.ui.core.Icon","viewName":"etm.portal.ui.managecontracts.view.Master","properties":{"src":{"regex":{"source":"slim\\-arrow\\-down"}}},"ancestor":{"id":"smartContractStatusFilter","viewName":"etm.portal.ui.managecontracts.view.Master"}},"wdio_ui5_key":"etmportal.ui.managecontracts.view.Mastersap.ui.core.Icon{\"src\":{\"regex\":{\"source\":\"slim\\\\-arrow\\\\-down\"}}}{\"id\":\"smartContractStatusFilter\",\"viewName\":\"etm.portal.ui.managecontracts.view.Master\"}"}]}
RESULT: {"script":"<script> [1562 bytes]","args":[{"selector":{"controlType":"sap.ui.core.Icon","viewName":"etm.portal.ui.managecontracts.view.Master","properties":{"src":{"regex":{"source":"slim\\-arrow\\-down"}}},"ancestor":{"id":"smartContractStatusFilter","viewName":"etm.portal.ui.managecontracts.view.Master"}},"wdio_ui5_key":"etmportal.ui.managecontracts.view.Mastersap.ui.core.Icon{\"src\":{\"regex\":{\"source\":\"slim\\\\-arrow\\\\-down\"}}}{\"id\":\"smartContractStatusFilter\",\"viewName\":\"etm.portal.ui.managecontracts.view.Master\"}"}]}
RESULT: undefined
COMMAND: POST /session/da7f42de234ee122e0f4ded60e4b8c07/element - {"using":"xpath","value":"//*[@id=\"__xmlview0--smartContractStatusFilter-arrow\"]"}
RESULT: {"using":"xpath","value":"//*[@id=\"__xmlview0--smartContractStatusFilter-arrow\"]"}
COMMAND: POST /session/da7f42de234ee122e0f4ded60e4b8c07/element/f.69C6A966BE3F374529091A689B6300C0.d.0786B3E8C730AB8540E8F941ABF045E5.e.8592/click - {}
RESULT: {}
COMMAND: GET /session/da7f42de234ee122e0f4ded60e4b8c07/screenshot - {}
RESULT: {}
COMMAND: POST /session/da7f42de234ee122e0f4ded60e4b8c07/execute/async - {"script":"<script> [1562 bytes]","args":[{"selector":{"controlType":"sap.m.CheckBox","viewName":"etm.portal.ui.managecontracts.view.Master","properties":{"editable":true},"searchOpenDialogs":true,"ancestor":{"controlType":"sap.m.StandardListItem","viewName":"etm.portal.ui.managecontracts.view.Master","properties":{"title":"partial billed"},"searchOpenDialogs":true},"interaction":{"idSuffix":"CbBg"}},"wdio_ui5_key":"etmportal.ui.managecontracts.view.Mastersap.m.CheckBox{\"editable\":true}{\"controlType\":\"sap.m.StandardListItem\",\"viewName\":\"etm.portal.ui.managecontracts.view.Master\",\"properties\":{\"title\":\"partial billed\"},\"searchOpenDialogs\":true}"}]}
RESULT: {"script":"<script> [1562 bytes]","args":[{"selector":{"controlType":"sap.m.CheckBox","viewName":"etm.portal.ui.managecontracts.view.Master","properties":{"editable":true},"searchOpenDialogs":true,"ancestor":{"controlType":"sap.m.StandardListItem","viewName":"etm.portal.ui.managecontracts.view.Master","properties":{"title":"partial billed"},"searchOpenDialogs":true},"interaction":{"idSuffix":"CbBg"}},"wdio_ui5_key":"etmportal.ui.managecontracts.view.Mastersap.m.CheckBox{\"editable\":true}{\"controlType\":\"sap.m.StandardListItem\",\"viewName\":\"etm.portal.ui.managecontracts.view.Master\",\"properties\":{\"title\":\"partial billed\"},\"searchOpenDialogs\":true}"}]}
RESULT: undefined
COMMAND: POST /session/da7f42de234ee122e0f4ded60e4b8c07/element - {"using":"xpath","value":"//*[@id=\"__item41-selectMulti\"]"}
RESULT: {"using":"xpath","value":"//*[@id=\"__item41-selectMulti\"]"}
COMMAND: POST /session/da7f42de234ee122e0f4ded60e4b8c07/element/f.69C6A966BE3F374529091A689B6300C0.d.0786B3E8C730AB8540E8F941ABF045E5.e.8601/click - {}
RESULT: {}
COMMAND: GET /session/da7f42de234ee122e0f4ded60e4b8c07/screenshot - {}
RESULT: {}
COMMAND: POST /session/da7f42de234ee122e0f4ded60e4b8c07/element - {"using":"xpath","value":"(//span[contains(@title ,\"Navigation\")])[2]"}
RESULT: {"using":"xpath","value":"(//span[contains(@title ,\"Navigation\")])[2]"}
COMMAND: POST /session/da7f42de234ee122e0f4ded60e4b8c07/element/f.69C6A966BE3F374529091A689B6300C0.d.0786B3E8C730AB8540E8F941ABF045E5.e.8634/click - {}
RESULT: {}
COMMAND: GET /session/da7f42de234ee122e0f4ded60e4b8c07/screenshot - {}
RESULT: {}
COMMAND: POST /session/da7f42de234ee122e0f4ded60e4b8c07/execute/sync - {"script":"<script> [8489 bytes]","args":[{"element-6066-11e4-a52e-4f735466cecf":"f.69C6A966BE3F374529091A689B6300C0.d.8146C027602F11E0004098B39E670A96.e.8405","ELEMENT":"f.69C6A966BE3F374529091A689B6300C0.d.8146C027602F11E0004098B39E670A96.e.8405"}]}
COMMAND: POST /session/da7f42de234ee122e0f4ded60e4b8c07/element - {"using":"css selector","value":"#shell-header-logo"}
COMMAND: POST /session/da7f42de234ee122e0f4ded60e4b8c07/element - {"using":"xpath","value":"//bdi[contains(@id ,\"closeContractBtn-BDI-content\")]"}
RESULT: {"using":"css selector","value":"#shell-header-logo"}
COMMAND: POST /session/da7f42de234ee122e0f4ded60e4b8c07/element/f.69C6A966BE3F374529091A689B6300C0.d.0786B3E8C730AB8540E8F941ABF045E5.e.8554/click - {}
RESULT: {"using":"xpath","value":"//bdi[contains(@id ,\"closeContractBtn-BDI-content\")]"}
COMMAND: POST /session/da7f42de234ee122e0f4ded60e4b8c07/execute/sync - {"script":"<script> [8489 bytes]","args":[{"element-6066-11e4-a52e-4f735466cecf":"f.69C6A966BE3F374529091A689B6300C0.d.0786B3E8C730AB8540E8F941ABF045E5.e.8993","ELEMENT":"f.69C6A966BE3F374529091A689B6300C0.d.0786B3E8C730AB8540E8F941ABF045E5.e.8993"}]}
RESULT: {}
COMMAND: GET /session/da7f42de234ee122e0f4ded60e4b8c07/screenshot - {}
RESULT: {}
COMMAND: POST /session/da7f42de234ee122e0f4ded60e4b8c07/execute/sync - {"script":"<script> [8489 bytes]","args":[{"element-6066-11e4-a52e-4f735466cecf":"f.69C6A966BE3F374529091A689B6300C0.d.0786B3E8C730AB8540E8F941ABF045E5.e.8993","ELEMENT":"f.69C6A966BE3F374529091A689B6300C0.d.0786B3E8C730AB8540E8F941ABF045E5.e.8993"}]}
COMMAND: POST /session/da7f42de234ee122e0f4ded60e4b8c07/element - {"using":"xpath","value":"//bdi[contains(@id ,\"closeContractBtn-BDI-content\")]"}
RESULT: {"using":"xpath","value":"//bdi[contains(@id ,\"closeContractBtn-BDI-content\")]"}
COMMAND: POST /session/da7f42de234ee122e0f4ded60e4b8c07/element - {"using":"xpath","value":"//bdi[contains(@id ,\"closeContractBtn-BDI-content\")]"}
RESULT: {"using":"xpath","value":"//bdi[contains(@id ,\"closeContractBtn-BDI-content\")]"}
]]></system-out>
    </testcase>
  </testsuite>
  <testsuite timestamp="2025-06-02T18:17:07" time="56.016" tests="1" failures="0" errors="0" skipped="0">
    <properties>
      <property name="specId" value="0" />
      <property name="suiteName" value="Standard contract decline US151279" />
      <property name="capabilities" value="chrome.136_0_7103_93.windows" />
      <property name="file" value="file:///D:/a/1/s/test/specs/R2C/standard-contract-decline.spec.js" />
    </properties>
    <testcase classname="chrome.136_0_7103_93.windows.Standard_contract_decline_US151279" name="Should decline a contract" time="52.67">
      <system-out><![CDATA[
COMMAND: POST /session/da7f42de234ee122e0f4ded60e4b8c07/execute/async - {"script":"<script> [1562 bytes]","args":[{"selector":{"controlType":"sap.m.GenericTile","properties":{"header":"Manage Contracts"}},"wdio_ui5_key":"sapm.GenericTile{\"header\":\"Manage Contracts\"}"}]}
RESULT: {"script":"<script> [1562 bytes]","args":[{"selector":{"controlType":"sap.m.GenericTile","properties":{"header":"Manage Contracts"}},"wdio_ui5_key":"sapm.GenericTile{\"header\":\"Manage Contracts\"}"}]}
RESULT: undefined
COMMAND: POST /session/da7f42de234ee122e0f4ded60e4b8c07/element - {"using":"xpath","value":"//*[@id=\"__tile130\"]"}
RESULT: {"using":"xpath","value":"//*[@id=\"__tile130\"]"}
COMMAND: POST /session/da7f42de234ee122e0f4ded60e4b8c07/element/f.69C6A966BE3F374529091A689B6300C0.d.0786B3E8C730AB8540E8F941ABF045E5.e.9007/click - {}
RESULT: {}
COMMAND: GET /session/da7f42de234ee122e0f4ded60e4b8c07/screenshot - {}
COMMAND: POST /session/da7f42de234ee122e0f4ded60e4b8c07/element - {"using":"xpath","value":"//input[contains(@id ,\"smartContractFilterBar-btnBasicSearch-I\")]"}
COMMAND: POST /session/da7f42de234ee122e0f4ded60e4b8c07/elements - {"using":"xpath","value":"//span[text()='Error']"}
RESULT: {}
RESULT: {"using":"xpath","value":"//input[contains(@id ,\"smartContractFilterBar-btnBasicSearch-I\")]"}
COMMAND: POST /session/da7f42de234ee122e0f4ded60e4b8c07/element/f.69C6A966BE3F374529091A689B6300C0.d.0786B3E8C730AB8540E8F941ABF045E5.e.9018/clear - {}
RESULT: {"using":"xpath","value":"//span[text()='Error']"}
RESULT: {}
COMMAND: POST /session/da7f42de234ee122e0f4ded60e4b8c07/element/f.69C6A966BE3F374529091A689B6300C0.d.0786B3E8C730AB8540E8F941ABF045E5.e.9018/value - {"text":"10435"}
COMMAND: GET /session/da7f42de234ee122e0f4ded60e4b8c07/screenshot - {}
RESULT: {"text":"10435"}
COMMAND: POST /session/da7f42de234ee122e0f4ded60e4b8c07/actions - {"actions":[{"id":"action43","type":"key","parameters":{},"actions":[{"type":"keyDown","value":"î€‡"},{"type":"pause","duration":10},{"type":"keyUp","value":"î€‡"}]}]}
COMMAND: GET /session/da7f42de234ee122e0f4ded60e4b8c07/screenshot - {}
RESULT: {}
RESULT: {"actions":[{"id":"action43","type":"key","parameters":{},"actions":[{"type":"keyDown","value":"î€‡"},{"type":"pause","duration":10},{"type":"keyUp","value":"î€‡"}]}]}
COMMAND: GET /session/da7f42de234ee122e0f4ded60e4b8c07/screenshot - {}
RESULT: {}
RESULT: {}
COMMAND: POST /session/da7f42de234ee122e0f4ded60e4b8c07/execute/async - {"script":"<script> [1562 bytes]","args":[{"selector":{"controlType":"sap.ui.core.Icon","viewName":"etm.portal.ui.managecontracts.view.Master","properties":{"src":{"regex":{"source":"slim\\-arrow\\-right"}}}},"wdio_ui5_key":"etmportal.ui.managecontracts.view.Mastersap.ui.core.Icon{\"src\":{\"regex\":{\"source\":\"slim\\\\-arrow\\\\-right\"}}}"}]}
RESULT: {"script":"<script> [1562 bytes]","args":[{"selector":{"controlType":"sap.ui.core.Icon","viewName":"etm.portal.ui.managecontracts.view.Master","properties":{"src":{"regex":{"source":"slim\\-arrow\\-right"}}}},"wdio_ui5_key":"etmportal.ui.managecontracts.view.Mastersap.ui.core.Icon{\"src\":{\"regex\":{\"source\":\"slim\\\\-arrow\\\\-right\"}}}"}]}
RESULT: undefined
COMMAND: POST /session/da7f42de234ee122e0f4ded60e4b8c07/element - {"using":"xpath","value":"//*[@id=\"__item77-__clone239-imgNav\"]"}
RESULT: {"using":"xpath","value":"//*[@id=\"__item77-__clone239-imgNav\"]"}
COMMAND: POST /session/da7f42de234ee122e0f4ded60e4b8c07/element/f.69C6A966BE3F374529091A689B6300C0.d.0786B3E8C730AB8540E8F941ABF045E5.e.9110/click - {}
RESULT: {}
COMMAND: GET /session/da7f42de234ee122e0f4ded60e4b8c07/screenshot - {}
RESULT: {}
COMMAND: POST /session/da7f42de234ee122e0f4ded60e4b8c07/execute/async - {"script":"<script> [1562 bytes]","args":[{"selector":{"id":"cancelContractBtn","viewName":"etm.portal.ui.managecontracts.view.Detail","interaction":{"idSuffix":"BDI-content"}},"wdio_ui5_key":"cancelContractBtnetmportal.ui.managecontracts.view.Detail"}]}
RESULT: {"script":"<script> [1562 bytes]","args":[{"selector":{"id":"cancelContractBtn","viewName":"etm.portal.ui.managecontracts.view.Detail","interaction":{"idSuffix":"BDI-content"}},"wdio_ui5_key":"cancelContractBtnetmportal.ui.managecontracts.view.Detail"}]}
RESULT: undefined
COMMAND: POST /session/da7f42de234ee122e0f4ded60e4b8c07/element - {"using":"xpath","value":"//*[@id=\"__xmlview61--cancelContractBtn\"]"}
RESULT: {"using":"xpath","value":"//*[@id=\"__xmlview61--cancelContractBtn\"]"}
COMMAND: POST /session/da7f42de234ee122e0f4ded60e4b8c07/element/f.69C6A966BE3F374529091A689B6300C0.d.0786B3E8C730AB8540E8F941ABF045E5.e.9221/click - {}
RESULT: {}
COMMAND: GET /session/da7f42de234ee122e0f4ded60e4b8c07/screenshot - {}
RESULT: {}
COMMAND: POST /session/da7f42de234ee122e0f4ded60e4b8c07/execute/async - {"script":"<script> [1562 bytes]","args":[{"selector":{"controlType":"sap.m.Text","properties":{"text":"Do you want to cancel the whole contract?"},"searchOpenDialogs":true},"wdio_ui5_key":"sapm.Text{\"text\":\"Do you want to cancel the whole contract?\"}"}]}
RESULT: {"script":"<script> [1562 bytes]","args":[{"selector":{"controlType":"sap.m.Text","properties":{"text":"Do you want to cancel the whole contract?"},"searchOpenDialogs":true},"wdio_ui5_key":"sapm.Text{\"text\":\"Do you want to cancel the whole contract?\"}"}]}
RESULT: undefined
COMMAND: POST /session/da7f42de234ee122e0f4ded60e4b8c07/execute/async - {"script":"<script> [6424 bytes]","args":[{"element-6066-11e4-a52e-4f735466cecf":"f.69C6A966BE3F374529091A689B6300C0.d.0786B3E8C730AB8540E8F941ABF045E5.e.9266"},"getText",[]]}
RESULT: {"script":"<script> [6424 bytes]","args":[{"element-6066-11e4-a52e-4f735466cecf":"f.69C6A966BE3F374529091A689B6300C0.d.0786B3E8C730AB8540E8F941ABF045E5.e.9266"},"getText",[]]}
COMMAND: POST /session/da7f42de234ee122e0f4ded60e4b8c07/element - {"using":"xpath","value":"//bdi[contains(text(), \"OK\")]"}
RESULT: {"using":"xpath","value":"//bdi[contains(text(), \"OK\")]"}
COMMAND: POST /session/da7f42de234ee122e0f4ded60e4b8c07/element/f.69C6A966BE3F374529091A689B6300C0.d.0786B3E8C730AB8540E8F941ABF045E5.e.9267/click - {}
RESULT: {}
COMMAND: GET /session/da7f42de234ee122e0f4ded60e4b8c07/screenshot - {}
RESULT: {}
COMMAND: POST /session/da7f42de234ee122e0f4ded60e4b8c07/element - {"using":"xpath","value":"//input[contains(@id ,\"smartContractFilterBar-btnBasicSearch-I\")]"}
RESULT: {"using":"xpath","value":"//input[contains(@id ,\"smartContractFilterBar-btnBasicSearch-I\")]"}
COMMAND: POST /session/da7f42de234ee122e0f4ded60e4b8c07/element/f.69C6A966BE3F374529091A689B6300C0.d.0786B3E8C730AB8540E8F941ABF045E5.e.9018/clear - {}
RESULT: {}
COMMAND: POST /session/da7f42de234ee122e0f4ded60e4b8c07/element/f.69C6A966BE3F374529091A689B6300C0.d.0786B3E8C730AB8540E8F941ABF045E5.e.9018/value - {"text":"10435"}
COMMAND: GET /session/da7f42de234ee122e0f4ded60e4b8c07/screenshot - {}
RESULT: {"text":"10435"}
COMMAND: POST /session/da7f42de234ee122e0f4ded60e4b8c07/actions - {"actions":[{"id":"action44","type":"key","parameters":{},"actions":[{"type":"keyDown","value":"î€‡"},{"type":"pause","duration":10},{"type":"keyUp","value":"î€‡"}]}]}
COMMAND: GET /session/da7f42de234ee122e0f4ded60e4b8c07/screenshot - {}
RESULT: {}
RESULT: {"actions":[{"id":"action44","type":"key","parameters":{},"actions":[{"type":"keyDown","value":"î€‡"},{"type":"pause","duration":10},{"type":"keyUp","value":"î€‡"}]}]}
COMMAND: GET /session/da7f42de234ee122e0f4ded60e4b8c07/screenshot - {}
RESULT: {}
RESULT: {}
COMMAND: POST /session/da7f42de234ee122e0f4ded60e4b8c07/execute/async - {"script":"<script> [1562 bytes]","args":[{"selector":{"controlType":"sap.m.ObjectStatus","viewName":"etm.portal.ui.managecontracts.view.Master","bindingPath":{"path":"/SmartContractHeaders('10435')","propertyPath":"STATUS_DESCRIPTION"}},"wdio_ui5_key":"etmportal.ui.managecontracts.view.Mastersap.m.ObjectStatus{\"path\":\"/SmartContractHeaders('10435')\",\"propertyPath\":\"STATUS_DESCRIPTION\"}"}]}
RESULT: {"script":"<script> [1562 bytes]","args":[{"selector":{"controlType":"sap.m.ObjectStatus","viewName":"etm.portal.ui.managecontracts.view.Master","bindingPath":{"path":"/SmartContractHeaders('10435')","propertyPath":"STATUS_DESCRIPTION"}},"wdio_ui5_key":"etmportal.ui.managecontracts.view.Mastersap.m.ObjectStatus{\"path\":\"/SmartContractHeaders('10435')\",\"propertyPath\":\"STATUS_DESCRIPTION\"}"}]}
RESULT: undefined
COMMAND: POST /session/da7f42de234ee122e0f4ded60e4b8c07/execute/async - {"script":"<script> [6424 bytes]","args":[{"element-6066-11e4-a52e-4f735466cecf":"f.69C6A966BE3F374529091A689B6300C0.d.0786B3E8C730AB8540E8F941ABF045E5.e.9328"},"getText",[]]}
RESULT: {"script":"<script> [6424 bytes]","args":[{"element-6066-11e4-a52e-4f735466cecf":"f.69C6A966BE3F374529091A689B6300C0.d.0786B3E8C730AB8540E8F941ABF045E5.e.9328"},"getText",[]]}
RESULT: undefined
COMMAND: POST /session/da7f42de234ee122e0f4ded60e4b8c07/element - {"using":"xpath","value":"//*[@id=\"__item77-__clone239-imgNav\"]"}
RESULT: {"using":"xpath","value":"//*[@id=\"__item77-__clone239-imgNav\"]"}
COMMAND: POST /session/da7f42de234ee122e0f4ded60e4b8c07/element/f.69C6A966BE3F374529091A689B6300C0.d.0786B3E8C730AB8540E8F941ABF045E5.e.9110/click - {}
RESULT: {}
COMMAND: GET /session/da7f42de234ee122e0f4ded60e4b8c07/screenshot - {}
RESULT: {}
COMMAND: POST /session/da7f42de234ee122e0f4ded60e4b8c07/execute/async - {"script":"<script> [1562 bytes]","args":[{"selector":{"controlType":"sap.m.ObjectStatus","viewName":"etm.portal.ui.managecontracts.view.Detail","bindingPath":{"path":"/SmartContractItems(CONTRACT='10435',ITEM=10m,SUB_ITEM=0m)","propertyPath":"STATUS"}},"wdio_ui5_key":"etmportal.ui.managecontracts.view.Detailsap.m.ObjectStatus{\"path\":\"/SmartContractItems(CONTRACT='10435',ITEM=10m,SUB_ITEM=0m)\",\"propertyPath\":\"STATUS\"}"}]}
RESULT: {"script":"<script> [1562 bytes]","args":[{"selector":{"controlType":"sap.m.ObjectStatus","viewName":"etm.portal.ui.managecontracts.view.Detail","bindingPath":{"path":"/SmartContractItems(CONTRACT='10435',ITEM=10m,SUB_ITEM=0m)","propertyPath":"STATUS"}},"wdio_ui5_key":"etmportal.ui.managecontracts.view.Detailsap.m.ObjectStatus{\"path\":\"/SmartContractItems(CONTRACT='10435',ITEM=10m,SUB_ITEM=0m)\",\"propertyPath\":\"STATUS\"}"}]}
RESULT: undefined
COMMAND: POST /session/da7f42de234ee122e0f4ded60e4b8c07/execute/async - {"script":"<script> [6424 bytes]","args":[{"element-6066-11e4-a52e-4f735466cecf":"f.69C6A966BE3F374529091A689B6300C0.d.0786B3E8C730AB8540E8F941ABF045E5.e.9349"},"getText",[]]}
RESULT: {"script":"<script> [6424 bytes]","args":[{"element-6066-11e4-a52e-4f735466cecf":"f.69C6A966BE3F374529091A689B6300C0.d.0786B3E8C730AB8540E8F941ABF045E5.e.9349"},"getText",[]]}
COMMAND: POST /session/da7f42de234ee122e0f4ded60e4b8c07/element - {"using":"css selector","value":"#shell-header-logo"}
RESULT: {"using":"css selector","value":"#shell-header-logo"}
COMMAND: POST /session/da7f42de234ee122e0f4ded60e4b8c07/element/f.69C6A966BE3F374529091A689B6300C0.d.0786B3E8C730AB8540E8F941ABF045E5.e.9009/click - {}
RESULT: {}
COMMAND: GET /session/da7f42de234ee122e0f4ded60e4b8c07/screenshot - {}
RESULT: {}
]]></system-out>
    </testcase>
  </testsuite>
  <testsuite timestamp="2025-06-02T18:18:03" time="180.357" tests="2" failures="0" errors="0" skipped="0">
    <properties>
      <property name="specId" value="0" />
      <property name="suiteName" value="Insert service into a contract US152956" />
      <property name="capabilities" value="chrome.136_0_7103_93.windows" />
      <property name="file" value="file:///D:/a/1/s/test/specs/R2C/insert-service-into-a-contract.spec.js" />
    </properties>
    <testcase classname="chrome.136_0_7103_93.windows.Insert_service_into_a_contract_US152956" name="Should create a new contract" time="92.487">
      <system-out><![CDATA[
RESULT: undefined
COMMAND: POST /session/da7f42de234ee122e0f4ded60e4b8c07/element - {"using":"xpath","value":"//*[@id=\"__tile130\"]"}
RESULT: {"using":"xpath","value":"//*[@id=\"__tile130\"]"}
COMMAND: POST /session/da7f42de234ee122e0f4ded60e4b8c07/element/f.69C6A966BE3F374529091A689B6300C0.d.0786B3E8C730AB8540E8F941ABF045E5.e.9007/click - {}
RESULT: {}
COMMAND: GET /session/da7f42de234ee122e0f4ded60e4b8c07/screenshot - {}
RESULT: {}
COMMAND: POST /session/da7f42de234ee122e0f4ded60e4b8c07/elements - {"using":"xpath","value":"//span[text()='Error']"}
RESULT: {"using":"xpath","value":"//span[text()='Error']"}
COMMAND: POST /session/da7f42de234ee122e0f4ded60e4b8c07/element - {"using":"xpath","value":"//button[@data-kt=\"addButton\"]"}
RESULT: {"using":"xpath","value":"//button[@data-kt=\"addButton\"]"}
COMMAND: POST /session/da7f42de234ee122e0f4ded60e4b8c07/element/f.69C6A966BE3F374529091A689B6300C0.d.0786B3E8C730AB8540E8F941ABF045E5.e.9397/click - {}
RESULT: {}
COMMAND: GET /session/da7f42de234ee122e0f4ded60e4b8c07/screenshot - {}
COMMAND: POST /session/da7f42de234ee122e0f4ded60e4b8c07/execute/async - {"script":"<script> [1562 bytes]","args":[{"selector":{"id":"application-managecontracts-display-component---AddNewContract--projectDescription","interaction":{"idSuffix":"inner"}},"wdio_ui5_key":"applicationmanagecontracts-display-component---AddNewContract--projectDescription"}]}
RESULT: {}
RESULT: {"script":"<script> [1562 bytes]","args":[{"selector":{"id":"application-managecontracts-display-component---AddNewContract--projectDescription","interaction":{"idSuffix":"inner"}},"wdio_ui5_key":"applicationmanagecontracts-display-component---AddNewContract--projectDescription"}]}
RESULT: undefined
COMMAND: POST /session/da7f42de234ee122e0f4ded60e4b8c07/execute/async - {"script":"<script> [776 bytes]","args":[{"enterText":"WdIOTesty9c9c","selector":{"id":"application-managecontracts-display-component---AddNewContract--projectDescription","interaction":{"idSuffix":"inner"}},"clearTextFirst":true,"interactionType":"ENTER_TEXT"}]}
RESULT: {"script":"<script> [776 bytes]","args":[{"enterText":"WdIOTesty9c9c","selector":{"id":"application-managecontracts-display-component---AddNewContract--projectDescription","interaction":{"idSuffix":"inner"}},"clearTextFirst":true,"interactionType":"ENTER_TEXT"}]}
COMMAND: POST /session/da7f42de234ee122e0f4ded60e4b8c07/element - {"using":"xpath","value":"//input[@id=\"application-managecontracts-display-component---AddNewContract--yardId-inner\"]"}
RESULT: {"using":"xpath","value":"//input[@id=\"application-managecontracts-display-component---AddNewContract--yardId-inner\"]"}
COMMAND: POST /session/da7f42de234ee122e0f4ded60e4b8c07/element/f.69C6A966BE3F374529091A689B6300C0.d.0786B3E8C730AB8540E8F941ABF045E5.e.9671/clear - {}
RESULT: {}
COMMAND: POST /session/da7f42de234ee122e0f4ded60e4b8c07/element/f.69C6A966BE3F374529091A689B6300C0.d.0786B3E8C730AB8540E8F941ABF045E5.e.9671/value - {"text":"WebdriverYardcgyme"}
COMMAND: GET /session/da7f42de234ee122e0f4ded60e4b8c07/screenshot - {}
RESULT: {"text":"WebdriverYardcgyme"}
COMMAND: GET /session/da7f42de234ee122e0f4ded60e4b8c07/screenshot - {}
RESULT: {}
RESULT: {}
COMMAND: POST /session/da7f42de234ee122e0f4ded60e4b8c07/actions - {"actions":[{"id":"action45","type":"key","parameters":{},"actions":[{"type":"keyDown","value":"î€‡"},{"type":"pause","duration":10},{"type":"keyUp","value":"î€‡"}]}]}
RESULT: {"actions":[{"id":"action45","type":"key","parameters":{},"actions":[{"type":"keyDown","value":"î€‡"},{"type":"pause","duration":10},{"type":"keyUp","value":"î€‡"}]}]}
COMMAND: GET /session/da7f42de234ee122e0f4ded60e4b8c07/screenshot - {}
RESULT: {}
COMMAND: POST /session/da7f42de234ee122e0f4ded60e4b8c07/element - {"using":"xpath","value":"//input[@id=\"application-managecontracts-display-component---AddNewContract--customerSelect-inner\"]"}
RESULT: {"using":"xpath","value":"//input[@id=\"application-managecontracts-display-component---AddNewContract--customerSelect-inner\"]"}
COMMAND: POST /session/da7f42de234ee122e0f4ded60e4b8c07/element/f.69C6A966BE3F374529091A689B6300C0.d.0786B3E8C730AB8540E8F941ABF045E5.e.9669/clear - {}
RESULT: {}
COMMAND: POST /session/da7f42de234ee122e0f4ded60e4b8c07/element/f.69C6A966BE3F374529091A689B6300C0.d.0786B3E8C730AB8540E8F941ABF045E5.e.9669/value - {"text":"WebdriverPartnerejpiw"}
COMMAND: GET /session/da7f42de234ee122e0f4ded60e4b8c07/screenshot - {}
RESULT: {"text":"WebdriverPartnerejpiw"}
COMMAND: GET /session/da7f42de234ee122e0f4ded60e4b8c07/screenshot - {}
RESULT: {}
RESULT: {}
COMMAND: POST /session/da7f42de234ee122e0f4ded60e4b8c07/actions - {"actions":[{"id":"action46","type":"key","parameters":{},"actions":[{"type":"keyDown","value":"î€‡"},{"type":"pause","duration":10},{"type":"keyUp","value":"î€‡"}]}]}
RESULT: {"actions":[{"id":"action46","type":"key","parameters":{},"actions":[{"type":"keyDown","value":"î€‡"},{"type":"pause","duration":10},{"type":"keyUp","value":"î€‡"}]}]}
COMMAND: GET /session/da7f42de234ee122e0f4ded60e4b8c07/screenshot - {}
RESULT: {}
COMMAND: POST /session/da7f42de234ee122e0f4ded60e4b8c07/element - {"using":"xpath","value":"//input[@id=\"application-managecontracts-display-component---AddNewContract--site-inner\"]"}
RESULT: {"using":"xpath","value":"//input[@id=\"application-managecontracts-display-component---AddNewContract--site-inner\"]"}
COMMAND: POST /session/da7f42de234ee122e0f4ded60e4b8c07/element/f.69C6A966BE3F374529091A689B6300C0.d.0786B3E8C730AB8540E8F941ABF045E5.e.9670/clear - {}
RESULT: {}
COMMAND: POST /session/da7f42de234ee122e0f4ded60e4b8c07/element/f.69C6A966BE3F374529091A689B6300C0.d.0786B3E8C730AB8540E8F941ABF045E5.e.9670/value - {"text":"WebdriverSite7de24"}
COMMAND: GET /session/da7f42de234ee122e0f4ded60e4b8c07/screenshot - {}
RESULT: {"text":"WebdriverSite7de24"}
COMMAND: GET /session/da7f42de234ee122e0f4ded60e4b8c07/screenshot - {}
RESULT: {}
RESULT: {}
COMMAND: POST /session/da7f42de234ee122e0f4ded60e4b8c07/actions - {"actions":[{"id":"action47","type":"key","parameters":{},"actions":[{"type":"keyDown","value":"î€‡"},{"type":"pause","duration":10},{"type":"keyUp","value":"î€‡"}]}]}
RESULT: {"actions":[{"id":"action47","type":"key","parameters":{},"actions":[{"type":"keyDown","value":"î€‡"},{"type":"pause","duration":10},{"type":"keyUp","value":"î€‡"}]}]}
COMMAND: GET /session/da7f42de234ee122e0f4ded60e4b8c07/screenshot - {}
COMMAND: POST /session/da7f42de234ee122e0f4ded60e4b8c07/element - {"using":"xpath","value":"//button[@data-kt=\"saveButton\"]"}
RESULT: {}
RESULT: {"using":"xpath","value":"//button[@data-kt=\"saveButton\"]"}
COMMAND: POST /session/da7f42de234ee122e0f4ded60e4b8c07/element/f.69C6A966BE3F374529091A689B6300C0.d.0786B3E8C730AB8540E8F941ABF045E5.e.9745/click - {}
RESULT: {}
COMMAND: GET /session/da7f42de234ee122e0f4ded60e4b8c07/screenshot - {}
RESULT: {}
COMMAND: POST /session/da7f42de234ee122e0f4ded60e4b8c07/execute/async - {"script":"<script> [1562 bytes]","args":[{"selector":{"id":"contractDetailTitleNoExpanded","viewName":"etm.portal.ui.managecontracts.view.Detail"},"wdio_ui5_key":"contractDetailTitleNoExpandedetmportal.ui.managecontracts.view.Detail"}]}
RESULT: {"script":"<script> [1562 bytes]","args":[{"selector":{"id":"contractDetailTitleNoExpanded","viewName":"etm.portal.ui.managecontracts.view.Detail"},"wdio_ui5_key":"contractDetailTitleNoExpandedetmportal.ui.managecontracts.view.Detail"}]}
RESULT: undefined
COMMAND: POST /session/da7f42de234ee122e0f4ded60e4b8c07/execute/async - {"script":"<script> [6424 bytes]","args":[{"element-6066-11e4-a52e-4f735466cecf":"f.69C6A966BE3F374529091A689B6300C0.d.0786B3E8C730AB8540E8F941ABF045E5.e.9768"},"getText",[]]}
RESULT: {"script":"<script> [6424 bytes]","args":[{"element-6066-11e4-a52e-4f735466cecf":"f.69C6A966BE3F374529091A689B6300C0.d.0786B3E8C730AB8540E8F941ABF045E5.e.9768"},"getText",[]]}
]]></system-out>
    </testcase>
    <testcase classname="chrome.136_0_7103_93.windows.Insert_service_into_a_contract_US152956" name="Should add a service unit and a service group to the contract" time="84.15">
      <system-out><![CDATA[
COMMAND: POST /session/da7f42de234ee122e0f4ded60e4b8c07/element - {"using":"xpath","value":"//button[@data-kt=\"contractDetailEditBtnButton\"]"}
RESULT: {"using":"xpath","value":"//button[@data-kt=\"contractDetailEditBtnButton\"]"}
COMMAND: POST /session/da7f42de234ee122e0f4ded60e4b8c07/execute/sync - {"script":"<script> [8489 bytes]","args":[{"element-6066-11e4-a52e-4f735466cecf":"f.69C6A966BE3F374529091A689B6300C0.d.0786B3E8C730AB8540E8F941ABF045E5.e.9769","ELEMENT":"f.69C6A966BE3F374529091A689B6300C0.d.0786B3E8C730AB8540E8F941ABF045E5.e.9769"}]}
RESULT: {"script":"<script> [8489 bytes]","args":[{"element-6066-11e4-a52e-4f735466cecf":"f.69C6A966BE3F374529091A689B6300C0.d.0786B3E8C730AB8540E8F941ABF045E5.e.9769","ELEMENT":"f.69C6A966BE3F374529091A689B6300C0.d.0786B3E8C730AB8540E8F941ABF045E5.e.9769"}]}
COMMAND: POST /session/da7f42de234ee122e0f4ded60e4b8c07/execute/sync - {"script":"<script> [8489 bytes]","args":[{"element-6066-11e4-a52e-4f735466cecf":"f.69C6A966BE3F374529091A689B6300C0.d.0786B3E8C730AB8540E8F941ABF045E5.e.9769","ELEMENT":"f.69C6A966BE3F374529091A689B6300C0.d.0786B3E8C730AB8540E8F941ABF045E5.e.9769"}]}
COMMAND: GET /session/da7f42de234ee122e0f4ded60e4b8c07/screenshot - {}
RESULT: {"script":"<script> [8489 bytes]","args":[{"element-6066-11e4-a52e-4f735466cecf":"f.69C6A966BE3F374529091A689B6300C0.d.0786B3E8C730AB8540E8F941ABF045E5.e.9769","ELEMENT":"f.69C6A966BE3F374529091A689B6300C0.d.0786B3E8C730AB8540E8F941ABF045E5.e.9769"}]}
COMMAND: POST /session/da7f42de234ee122e0f4ded60e4b8c07/execute/sync - {"script":"<script> [5351 bytes]","args":[{"element-6066-11e4-a52e-4f735466cecf":"f.69C6A966BE3F374529091A689B6300C0.d.0786B3E8C730AB8540E8F941ABF045E5.e.9769","ELEMENT":"f.69C6A966BE3F374529091A689B6300C0.d.0786B3E8C730AB8540E8F941ABF045E5.e.9769"}]}
COMMAND: GET /session/da7f42de234ee122e0f4ded60e4b8c07/screenshot - {}
RESULT: {}
RESULT: {"script":"<script> [5351 bytes]","args":[{"element-6066-11e4-a52e-4f735466cecf":"f.69C6A966BE3F374529091A689B6300C0.d.0786B3E8C730AB8540E8F941ABF045E5.e.9769","ELEMENT":"f.69C6A966BE3F374529091A689B6300C0.d.0786B3E8C730AB8540E8F941ABF045E5.e.9769"}]}
COMMAND: POST /session/da7f42de234ee122e0f4ded60e4b8c07/element/f.69C6A966BE3F374529091A689B6300C0.d.0786B3E8C730AB8540E8F941ABF045E5.e.9769/click - {}
COMMAND: GET /session/da7f42de234ee122e0f4ded60e4b8c07/screenshot - {}
RESULT: {}
RESULT: {}
COMMAND: GET /session/da7f42de234ee122e0f4ded60e4b8c07/screenshot - {}
RESULT: {}
RESULT: {}
COMMAND: POST /session/da7f42de234ee122e0f4ded60e4b8c07/element - {"using":"xpath","value":"(//span[contains(text(), \"Additional Addresses\")])[2]"}
RESULT: {"using":"xpath","value":"(//span[contains(text(), \"Additional Addresses\")])[2]"}
COMMAND: POST /session/da7f42de234ee122e0f4ded60e4b8c07/element/f.69C6A966BE3F374529091A689B6300C0.d.0786B3E8C730AB8540E8F941ABF045E5.e.9824/click - {}
RESULT: {}
COMMAND: GET /session/da7f42de234ee122e0f4ded60e4b8c07/screenshot - {}
RESULT: {}
COMMAND: POST /session/da7f42de234ee122e0f4ded60e4b8c07/element - {"using":"xpath","value":"//button[@data-kt=\"btnAddTableRowOverflowToolbarButton\"]"}
RESULT: {"using":"xpath","value":"//button[@data-kt=\"btnAddTableRowOverflowToolbarButton\"]"}
COMMAND: POST /session/da7f42de234ee122e0f4ded60e4b8c07/element/f.69C6A966BE3F374529091A689B6300C0.d.0786B3E8C730AB8540E8F941ABF045E5.e.9828/click - {}
RESULT: {}
COMMAND: GET /session/da7f42de234ee122e0f4ded60e4b8c07/screenshot - {}
RESULT: {}
COMMAND: POST /session/da7f42de234ee122e0f4ded60e4b8c07/element - {"using":"xpath","value":"//div[(text() = 'Standard Entry' or . = 'Standard Entry')]"}
RESULT: {"using":"xpath","value":"//div[(text() = 'Standard Entry' or . = 'Standard Entry')]"}
COMMAND: POST /session/da7f42de234ee122e0f4ded60e4b8c07/element/f.69C6A966BE3F374529091A689B6300C0.d.0786B3E8C730AB8540E8F941ABF045E5.e.9830/click - {}
RESULT: {}
COMMAND: POST /session/da7f42de234ee122e0f4ded60e4b8c07/element - {"using":"xpath","value":"//button[@data-kt=\"btnAddTableRowOverflowToolbarButton\"]"}
COMMAND: GET /session/da7f42de234ee122e0f4ded60e4b8c07/screenshot - {}
RESULT: {"using":"xpath","value":"//button[@data-kt=\"btnAddTableRowOverflowToolbarButton\"]"}
COMMAND: POST /session/da7f42de234ee122e0f4ded60e4b8c07/element/f.69C6A966BE3F374529091A689B6300C0.d.0786B3E8C730AB8540E8F941ABF045E5.e.9828/click - {}
RESULT: {}
RESULT: {}
COMMAND: GET /session/da7f42de234ee122e0f4ded60e4b8c07/screenshot - {}
RESULT: {}
COMMAND: POST /session/da7f42de234ee122e0f4ded60e4b8c07/element - {"using":"xpath","value":"//div[(text() = 'Standard Entry' or . = 'Standard Entry')]"}
RESULT: {"using":"xpath","value":"//div[(text() = 'Standard Entry' or . = 'Standard Entry')]"}
COMMAND: POST /session/da7f42de234ee122e0f4ded60e4b8c07/element/f.69C6A966BE3F374529091A689B6300C0.d.0786B3E8C730AB8540E8F941ABF045E5.e.9842/click - {}
RESULT: {}
COMMAND: POST /session/da7f42de234ee122e0f4ded60e4b8c07/element - {"using":"xpath","value":"(//td[6]/div/div/input)[1]"}
COMMAND: GET /session/da7f42de234ee122e0f4ded60e4b8c07/screenshot - {}
RESULT: {"using":"xpath","value":"(//td[6]/div/div/input)[1]"}
COMMAND: POST /session/da7f42de234ee122e0f4ded60e4b8c07/element/f.69C6A966BE3F374529091A689B6300C0.d.0786B3E8C730AB8540E8F941ABF045E5.e.9844/click - {}
RESULT: {}
RESULT: {}
COMMAND: POST /session/da7f42de234ee122e0f4ded60e4b8c07/actions - {"actions":[{"id":"action48","type":"key","parameters":{},"actions":[{"type":"keyDown","value":"î€ƒ"},{"type":"pause","duration":10},{"type":"keyUp","value":"î€ƒ"}]}]}
COMMAND: GET /session/da7f42de234ee122e0f4ded60e4b8c07/screenshot - {}
RESULT: {"actions":[{"id":"action48","type":"key","parameters":{},"actions":[{"type":"keyDown","value":"î€ƒ"},{"type":"pause","duration":10},{"type":"keyUp","value":"î€ƒ"}]}]}
COMMAND: POST /session/da7f42de234ee122e0f4ded60e4b8c07/element - {"using":"xpath","value":"(//td[6]/div/div/input)[1]"}
COMMAND: GET /session/da7f42de234ee122e0f4ded60e4b8c07/screenshot - {}
RESULT: {}
RESULT: {"using":"xpath","value":"(//td[6]/div/div/input)[1]"}
COMMAND: POST /session/da7f42de234ee122e0f4ded60e4b8c07/element/f.69C6A966BE3F374529091A689B6300C0.d.0786B3E8C730AB8540E8F941ABF045E5.e.9844/clear - {}
RESULT: {}
RESULT: {}
COMMAND: POST /session/da7f42de234ee122e0f4ded60e4b8c07/element/f.69C6A966BE3F374529091A689B6300C0.d.0786B3E8C730AB8540E8F941ABF045E5.e.9844/value - {"text":"Service Unit"}
COMMAND: GET /session/da7f42de234ee122e0f4ded60e4b8c07/screenshot - {}
RESULT: {"text":"Service Unit"}
COMMAND: GET /session/da7f42de234ee122e0f4ded60e4b8c07/screenshot - {}
RESULT: {}
RESULT: {}
COMMAND: POST /session/da7f42de234ee122e0f4ded60e4b8c07/actions - {"actions":[{"id":"action49","type":"key","parameters":{},"actions":[{"type":"keyDown","value":"î€‡"},{"type":"pause","duration":10},{"type":"keyUp","value":"î€‡"}]}]}
RESULT: {"actions":[{"id":"action49","type":"key","parameters":{},"actions":[{"type":"keyDown","value":"î€‡"},{"type":"pause","duration":10},{"type":"keyUp","value":"î€‡"}]}]}
COMMAND: GET /session/da7f42de234ee122e0f4ded60e4b8c07/screenshot - {}
RESULT: {}
COMMAND: POST /session/da7f42de234ee122e0f4ded60e4b8c07/actions - {"actions":[{"id":"action50","type":"key","parameters":{},"actions":[{"type":"keyDown","value":"î€‡"},{"type":"pause","duration":10},{"type":"keyUp","value":"î€‡"}]}]}
RESULT: {"actions":[{"id":"action50","type":"key","parameters":{},"actions":[{"type":"keyDown","value":"î€‡"},{"type":"pause","duration":10},{"type":"keyUp","value":"î€‡"}]}]}
COMMAND: POST /session/da7f42de234ee122e0f4ded60e4b8c07/element - {"using":"xpath","value":"(//td[7]/div/div/input)[1]"}
COMMAND: GET /session/da7f42de234ee122e0f4ded60e4b8c07/screenshot - {}
RESULT: {"using":"xpath","value":"(//td[7]/div/div/input)[1]"}
COMMAND: POST /session/da7f42de234ee122e0f4ded60e4b8c07/element/f.69C6A966BE3F374529091A689B6300C0.d.0786B3E8C730AB8540E8F941ABF045E5.e.9860/clear - {}
RESULT: {}
RESULT: {}
COMMAND: POST /session/da7f42de234ee122e0f4ded60e4b8c07/element/f.69C6A966BE3F374529091A689B6300C0.d.0786B3E8C730AB8540E8F941ABF045E5.e.9860/value - {"text":"1000001"}
COMMAND: GET /session/da7f42de234ee122e0f4ded60e4b8c07/screenshot - {}
RESULT: {"text":"1000001"}
COMMAND: GET /session/da7f42de234ee122e0f4ded60e4b8c07/screenshot - {}
RESULT: {}
RESULT: {}
COMMAND: POST /session/da7f42de234ee122e0f4ded60e4b8c07/actions - {"actions":[{"id":"action51","type":"key","parameters":{},"actions":[{"type":"keyDown","value":"î€‡"},{"type":"pause","duration":10},{"type":"keyUp","value":"î€‡"}]}]}
RESULT: {"actions":[{"id":"action51","type":"key","parameters":{},"actions":[{"type":"keyDown","value":"î€‡"},{"type":"pause","duration":10},{"type":"keyUp","value":"î€‡"}]}]}
COMMAND: GET /session/da7f42de234ee122e0f4ded60e4b8c07/screenshot - {}
RESULT: {}
COMMAND: POST /session/da7f42de234ee122e0f4ded60e4b8c07/actions - {"actions":[{"id":"action52","type":"key","parameters":{},"actions":[{"type":"keyDown","value":"î€‡"},{"type":"pause","duration":10},{"type":"keyUp","value":"î€‡"}]}]}
RESULT: {"actions":[{"id":"action52","type":"key","parameters":{},"actions":[{"type":"keyDown","value":"î€‡"},{"type":"pause","duration":10},{"type":"keyUp","value":"î€‡"}]}]}
COMMAND: GET /session/da7f42de234ee122e0f4ded60e4b8c07/screenshot - {}
RESULT: {}
COMMAND: POST /session/da7f42de234ee122e0f4ded60e4b8c07/element - {"using":"xpath","value":"(//td[6]/div/div/input)[2]"}
RESULT: {"using":"xpath","value":"(//td[6]/div/div/input)[2]"}
COMMAND: POST /session/da7f42de234ee122e0f4ded60e4b8c07/element/f.69C6A966BE3F374529091A689B6300C0.d.0786B3E8C730AB8540E8F941ABF045E5.e.9832/click - {}
RESULT: {}
COMMAND: POST /session/da7f42de234ee122e0f4ded60e4b8c07/actions - {"actions":[{"id":"action53","type":"key","parameters":{},"actions":[{"type":"keyDown","value":"î€ƒ"},{"type":"pause","duration":10},{"type":"keyUp","value":"î€ƒ"}]}]}
COMMAND: GET /session/da7f42de234ee122e0f4ded60e4b8c07/screenshot - {}
RESULT: {"actions":[{"id":"action53","type":"key","parameters":{},"actions":[{"type":"keyDown","value":"î€ƒ"},{"type":"pause","duration":10},{"type":"keyUp","value":"î€ƒ"}]}]}
COMMAND: POST /session/da7f42de234ee122e0f4ded60e4b8c07/element - {"using":"xpath","value":"(//td[6]/div/div/input)[2]"}
COMMAND: GET /session/da7f42de234ee122e0f4ded60e4b8c07/screenshot - {}
RESULT: {}
RESULT: {"using":"xpath","value":"(//td[6]/div/div/input)[2]"}
COMMAND: POST /session/da7f42de234ee122e0f4ded60e4b8c07/element/f.69C6A966BE3F374529091A689B6300C0.d.0786B3E8C730AB8540E8F941ABF045E5.e.9832/clear - {}
RESULT: {}
RESULT: {}
COMMAND: POST /session/da7f42de234ee122e0f4ded60e4b8c07/element/f.69C6A966BE3F374529091A689B6300C0.d.0786B3E8C730AB8540E8F941ABF045E5.e.9832/value - {"text":"Service Unit Group"}
COMMAND: GET /session/da7f42de234ee122e0f4ded60e4b8c07/screenshot - {}
RESULT: {"text":"Service Unit Group"}
COMMAND: GET /session/da7f42de234ee122e0f4ded60e4b8c07/screenshot - {}
RESULT: {}
RESULT: {}
COMMAND: POST /session/da7f42de234ee122e0f4ded60e4b8c07/actions - {"actions":[{"id":"action54","type":"key","parameters":{},"actions":[{"type":"keyDown","value":"î€‡"},{"type":"pause","duration":10},{"type":"keyUp","value":"î€‡"}]}]}
RESULT: {"actions":[{"id":"action54","type":"key","parameters":{},"actions":[{"type":"keyDown","value":"î€‡"},{"type":"pause","duration":10},{"type":"keyUp","value":"î€‡"}]}]}
COMMAND: GET /session/da7f42de234ee122e0f4ded60e4b8c07/screenshot - {}
RESULT: {}
COMMAND: POST /session/da7f42de234ee122e0f4ded60e4b8c07/actions - {"actions":[{"id":"action55","type":"key","parameters":{},"actions":[{"type":"keyDown","value":"î€‡"},{"type":"pause","duration":10},{"type":"keyUp","value":"î€‡"}]}]}
RESULT: {"actions":[{"id":"action55","type":"key","parameters":{},"actions":[{"type":"keyDown","value":"î€‡"},{"type":"pause","duration":10},{"type":"keyUp","value":"î€‡"}]}]}
COMMAND: POST /session/da7f42de234ee122e0f4ded60e4b8c07/element - {"using":"xpath","value":"(//td[7]/div/div/input)[2]"}
COMMAND: GET /session/da7f42de234ee122e0f4ded60e4b8c07/screenshot - {}
RESULT: {"using":"xpath","value":"(//td[7]/div/div/input)[2]"}
COMMAND: POST /session/da7f42de234ee122e0f4ded60e4b8c07/element/f.69C6A966BE3F374529091A689B6300C0.d.0786B3E8C730AB8540E8F941ABF045E5.e.9889/clear - {}
RESULT: {}
RESULT: {}
COMMAND: POST /session/da7f42de234ee122e0f4ded60e4b8c07/element/f.69C6A966BE3F374529091A689B6300C0.d.0786B3E8C730AB8540E8F941ABF045E5.e.9889/value - {"text":"1100001"}
COMMAND: GET /session/da7f42de234ee122e0f4ded60e4b8c07/screenshot - {}
RESULT: {"text":"1100001"}
COMMAND: GET /session/da7f42de234ee122e0f4ded60e4b8c07/screenshot - {}
RESULT: {}
RESULT: {}
COMMAND: POST /session/da7f42de234ee122e0f4ded60e4b8c07/actions - {"actions":[{"id":"action56","type":"key","parameters":{},"actions":[{"type":"keyDown","value":"î€‡"},{"type":"pause","duration":10},{"type":"keyUp","value":"î€‡"}]}]}
RESULT: {"actions":[{"id":"action56","type":"key","parameters":{},"actions":[{"type":"keyDown","value":"î€‡"},{"type":"pause","duration":10},{"type":"keyUp","value":"î€‡"}]}]}
COMMAND: GET /session/da7f42de234ee122e0f4ded60e4b8c07/screenshot - {}
RESULT: {}
COMMAND: POST /session/da7f42de234ee122e0f4ded60e4b8c07/actions - {"actions":[{"id":"action57","type":"key","parameters":{},"actions":[{"type":"keyDown","value":"î€‡"},{"type":"pause","duration":10},{"type":"keyUp","value":"î€‡"}]}]}
RESULT: {"actions":[{"id":"action57","type":"key","parameters":{},"actions":[{"type":"keyDown","value":"î€‡"},{"type":"pause","duration":10},{"type":"keyUp","value":"î€‡"}]}]}
COMMAND: GET /session/da7f42de234ee122e0f4ded60e4b8c07/screenshot - {}
RESULT: {}
COMMAND: POST /session/da7f42de234ee122e0f4ded60e4b8c07/element - {"using":"xpath","value":"(//button[@data-kt=\"saveButton\"])[2]"}
RESULT: {"using":"xpath","value":"(//button[@data-kt=\"saveButton\"])[2]"}
COMMAND: POST /session/da7f42de234ee122e0f4ded60e4b8c07/element/f.69C6A966BE3F374529091A689B6300C0.d.0786B3E8C730AB8540E8F941ABF045E5.e.9913/click - {}
RESULT: {}
COMMAND: GET /session/da7f42de234ee122e0f4ded60e4b8c07/screenshot - {}
RESULT: {}
COMMAND: POST /session/da7f42de234ee122e0f4ded60e4b8c07/element - {"using":"xpath","value":"(//span[contains(text(), \"Additional Addresses\")])[1]"}
RESULT: {"using":"xpath","value":"(//span[contains(text(), \"Additional Addresses\")])[1]"}
COMMAND: POST /session/da7f42de234ee122e0f4ded60e4b8c07/element/f.69C6A966BE3F374529091A689B6300C0.d.0786B3E8C730AB8540E8F941ABF045E5.e.9916/click - {}
RESULT: {}
COMMAND: GET /session/da7f42de234ee122e0f4ded60e4b8c07/screenshot - {}
RESULT: {}
COMMAND: POST /session/da7f42de234ee122e0f4ded60e4b8c07/execute/async - {"script":"<script> [1562 bytes]","args":[{"selector":{"controlType":"sap.m.Title","viewName":"etm.portal.ui.managecontracts.view.Detail","properties":{"text":"Contract Items (2)"}},"wdio_ui5_key":"etmportal.ui.managecontracts.view.Detailsap.m.Title{\"text\":\"Contract Items (2)\"}"}]}
RESULT: {"script":"<script> [1562 bytes]","args":[{"selector":{"controlType":"sap.m.Title","viewName":"etm.portal.ui.managecontracts.view.Detail","properties":{"text":"Contract Items (2)"}},"wdio_ui5_key":"etmportal.ui.managecontracts.view.Detailsap.m.Title{\"text\":\"Contract Items (2)\"}"}]}
RESULT: undefined
COMMAND: POST /session/da7f42de234ee122e0f4ded60e4b8c07/execute/async - {"script":"<script> [6424 bytes]","args":[{"element-6066-11e4-a52e-4f735466cecf":"f.69C6A966BE3F374529091A689B6300C0.d.0786B3E8C730AB8540E8F941ABF045E5.e.9918"},"getText",[]]}
RESULT: {"script":"<script> [6424 bytes]","args":[{"element-6066-11e4-a52e-4f735466cecf":"f.69C6A966BE3F374529091A689B6300C0.d.0786B3E8C730AB8540E8F941ABF045E5.e.9918"},"getText",[]]}
COMMAND: POST /session/da7f42de234ee122e0f4ded60e4b8c07/element - {"using":"xpath","value":"(//span[contains(@class ,\"sapMObjStatusText\")])[1]"}
RESULT: {"using":"xpath","value":"(//span[contains(@class ,\"sapMObjStatusText\")])[1]"}
COMMAND: GET /session/da7f42de234ee122e0f4ded60e4b8c07/element/f.69C6A966BE3F374529091A689B6300C0.d.0786B3E8C730AB8540E8F941ABF045E5.e.9919/text - {}
RESULT: {}
COMMAND: POST /session/da7f42de234ee122e0f4ded60e4b8c07/element - {"using":"xpath","value":"(//span[contains(@class ,\"sapMObjStatusText\")])[4]"}
RESULT: {"using":"xpath","value":"(//span[contains(@class ,\"sapMObjStatusText\")])[4]"}
COMMAND: GET /session/da7f42de234ee122e0f4ded60e4b8c07/element/f.69C6A966BE3F374529091A689B6300C0.d.0786B3E8C730AB8540E8F941ABF045E5.e.9920/text - {}
RESULT: {}
COMMAND: POST /session/da7f42de234ee122e0f4ded60e4b8c07/element - {"using":"css selector","value":"#shell-header-logo"}
RESULT: {"using":"css selector","value":"#shell-header-logo"}
COMMAND: POST /session/da7f42de234ee122e0f4ded60e4b8c07/element/f.69C6A966BE3F374529091A689B6300C0.d.0786B3E8C730AB8540E8F941ABF045E5.e.9354/click - {}
RESULT: {}
COMMAND: GET /session/da7f42de234ee122e0f4ded60e4b8c07/screenshot - {}
RESULT: {}
]]></system-out>
    </testcase>
  </testsuite>
  <testsuite timestamp="2025-06-02T18:21:03" time="196.578" tests="2" failures="0" errors="0" skipped="0">
    <properties>
      <property name="specId" value="0" />
      <property name="suiteName" value="Reduced contract US151275" />
      <property name="capabilities" value="chrome.136_0_7103_93.windows" />
      <property name="file" value="file:///D:/a/1/s/test/specs/R2C/reduced-contract-creation.spec.js" />
    </properties>
    <testcase classname="chrome.136_0_7103_93.windows.Reduced_contract_US151275" name="Should create a new reduced contract" time="140.289">
      <system-out><![CDATA[
RESULT: undefined
COMMAND: POST /session/da7f42de234ee122e0f4ded60e4b8c07/element - {"using":"xpath","value":"//*[@id=\"__tile130\"]"}
RESULT: {"using":"xpath","value":"//*[@id=\"__tile130\"]"}
COMMAND: POST /session/da7f42de234ee122e0f4ded60e4b8c07/element/f.69C6A966BE3F374529091A689B6300C0.d.0786B3E8C730AB8540E8F941ABF045E5.e.9007/click - {}
RESULT: {}
COMMAND: GET /session/da7f42de234ee122e0f4ded60e4b8c07/screenshot - {}
RESULT: {}
COMMAND: POST /session/da7f42de234ee122e0f4ded60e4b8c07/element - {"using":"xpath","value":"//button[@data-kt=\"addButton\"]"}
COMMAND: POST /session/da7f42de234ee122e0f4ded60e4b8c07/elements - {"using":"xpath","value":"//span[text()='Error']"}
RESULT: {"using":"xpath","value":"//button[@data-kt=\"addButton\"]"}
COMMAND: POST /session/da7f42de234ee122e0f4ded60e4b8c07/element/f.69C6A966BE3F374529091A689B6300C0.d.0786B3E8C730AB8540E8F941ABF045E5.e.9974/click - {}
RESULT: {"using":"xpath","value":"//span[text()='Error']"}
RESULT: {}
COMMAND: GET /session/da7f42de234ee122e0f4ded60e4b8c07/screenshot - {}
COMMAND: POST /session/da7f42de234ee122e0f4ded60e4b8c07/refresh - {}
RESULT: {}
RESULT: {}
COMMAND: GET /session/da7f42de234ee122e0f4ded60e4b8c07/screenshot - {}
RESULT: {}
COMMAND: POST /session/da7f42de234ee122e0f4ded60e4b8c07/execute/async - {"script":"<script> [189 bytes]","args":[]}
RESULT: {"script":"<script> [189 bytes]","args":[]}
COMMAND: POST /session/da7f42de234ee122e0f4ded60e4b8c07/execute/async - {"script":"<script> [123 bytes]","args":[]}
RESULT: {"script":"<script> [123 bytes]","args":[]}
COMMAND: POST /session/da7f42de234ee122e0f4ded60e4b8c07/timeouts - {"script":"<number>"}
RESULT: {"script":"<number>"}
COMMAND: GET /session/da7f42de234ee122e0f4ded60e4b8c07/timeouts - {}
RESULT: {}
RESULT: undefined
COMMAND: POST /session/da7f42de234ee122e0f4ded60e4b8c07/execute/async - {"script":"<script> [2676 bytes]","args":[]}
RESULT: {"script":"<script> [2676 bytes]","args":[]}
COMMAND: POST /session/da7f42de234ee122e0f4ded60e4b8c07/execute/async - {"script":"<script> [2342 bytes]","args":[{"protocol":"http","hostname":"0.0.0.0","path":"/","capabilities":{"browserName":"chrome","goog:chromeOptions":{"binary":"C:\\Program Files\\Google\\Chrome\\Application\\chrome.exe","args":["--start-maximized"]}},"logLevel":"warn","connectionRetryTimeout":120000,"connectionRetryCount":3,"logLevels":{},"enableDirectConnect":true,"strictSSL":true,"_":"65 more keys: [\"cacheDir\",\"port\",\"requestedCapabilities\",\"automationProtocol\",\"baseUrl\",\"waitforInterval\",\"waitforTimeout\",\"onReload\",\"beforeCommand\",\"afterCommand\",\"rootDir\",\"specs\",\"suites\",\"exclude\",\"groupLogsByTestSpec\",\"excludeDriverLogs\",\"bail\",\"framework\",\"reporters\",\"services\",\"maxInstances\",\"maxInstancesPerCapability\",\"injectGlobals\",\"filesToWatch\",\"execArgv\",\"runnerEnv\",\"runner\",\"shard\",\"specFileRetries\",\"specFileRetriesDelay\",\"specFileRetriesDeferred\",\"reporterSyncInterval\",\"reporterSyncTimeout\",\"cucumberFeaturesWithLineNumbers\",\"autoCompileOpts\",\"mochaOpts\",\"jasmineOpts\",\"cucumberOpts\",\"onPrepare\",\"onWorkerStart\",\"onWorkerEnd\",\"before\",\"beforeSession\",\"beforeSuite\",\"beforeHook\",\"beforeTest\",\"afterTest\",\"afterHook\",\"afterSuite\",\"afterSession\",\"after\",\"onComplete\",\"beforeAssertion\",\"afterAssertion\",\"beforeFeature\",\"beforeScenario\",\"beforeStep\",\"afterStep\",\"afterScenario\",\"afterFeature\",\"_\",\"suite\",\"$0\",\"ignoredWorkerServices\",\"wdi5\"]"}]}
RESULT: {"script":"<script> [2342 bytes]","args":[{"protocol":"http","hostname":"0.0.0.0","path":"/","capabilities":{"browserName":"chrome","goog:chromeOptions":{"binary":"C:\\Program Files\\Google\\Chrome\\Application\\chrome.exe","args":["--start-maximized"]}},"logLevel":"warn","connectionRetryTimeout":120000,"connectionRetryCount":3,"logLevels":{},"enableDirectConnect":true,"strictSSL":true,"_":"65 more keys: [\"cacheDir\",\"port\",\"requestedCapabilities\",\"automationProtocol\",\"baseUrl\",\"waitforInterval\",\"waitforTimeout\",\"onReload\",\"beforeCommand\",\"afterCommand\",\"rootDir\",\"specs\",\"suites\",\"exclude\",\"groupLogsByTestSpec\",\"excludeDriverLogs\",\"bail\",\"framework\",\"reporters\",\"services\",\"maxInstances\",\"maxInstancesPerCapability\",\"injectGlobals\",\"filesToWatch\",\"execArgv\",\"runnerEnv\",\"runner\",\"shard\",\"specFileRetries\",\"specFileRetriesDelay\",\"specFileRetriesDeferred\",\"reporterSyncInterval\",\"reporterSyncTimeout\",\"cucumberFeaturesWithLineNumbers\",\"autoCompileOpts\",\"mochaOpts\",\"jasmineOpts\",\"cucumberOpts\",\"onPrepare\",\"onWorkerStart\",\"onWorkerEnd\",\"before\",\"beforeSession\",\"beforeSuite\",\"beforeHook\",\"beforeTest\",\"afterTest\",\"afterHook\",\"afterSuite\",\"afterSession\",\"after\",\"onComplete\",\"beforeAssertion\",\"afterAssertion\",\"beforeFeature\",\"beforeScenario\",\"beforeStep\",\"afterStep\",\"afterScenario\",\"afterFeature\",\"_\",\"suite\",\"$0\",\"ignoredWorkerServices\",\"wdi5\"]"}]}
COMMAND: POST /session/da7f42de234ee122e0f4ded60e4b8c07/execute/async - {"script":"<script> [21126 bytes]","args":[35000]}
RESULT: {"script":"<script> [21126 bytes]","args":[35000]}
COMMAND: POST /session/da7f42de234ee122e0f4ded60e4b8c07/execute/async - {"script":"<script> [1562 bytes]","args":[{"selector":{"id":"application-managecontracts-display-component---AddNewContract--contractType","interaction":{"idSuffix":"arrow"}},"wdio_ui5_key":"applicationmanagecontracts-display-component---AddNewContract--contractType"}]}
RESULT: {"script":"<script> [1562 bytes]","args":[{"selector":{"id":"application-managecontracts-display-component---AddNewContract--contractType","interaction":{"idSuffix":"arrow"}},"wdio_ui5_key":"applicationmanagecontracts-display-component---AddNewContract--contractType"}]}
RESULT: undefined
COMMAND: POST /session/da7f42de234ee122e0f4ded60e4b8c07/element - {"using":"xpath","value":"//*[@id=\"application-managecontracts-display-component---AddNewContract--contractType\"]"}
RESULT: {"using":"xpath","value":"//*[@id=\"application-managecontracts-display-component---AddNewContract--contractType\"]"}
COMMAND: POST /session/da7f42de234ee122e0f4ded60e4b8c07/element/f.69C6A966BE3F374529091A689B6300C0.d.7963BCE2E919A8FFC45DE819D9CEA02C.e.10541/click - {}
RESULT: {}
COMMAND: GET /session/da7f42de234ee122e0f4ded60e4b8c07/screenshot - {}
RESULT: {}
COMMAND: POST /session/da7f42de234ee122e0f4ded60e4b8c07/execute/async - {"script":"<script> [1562 bytes]","args":[{"selector":{"controlType":"sap.ui.core.Item","viewName":"etm.portal.ui.managecontracts.view.AddNewContract","viewId":"application-managecontracts-display-component---AddNewContract","bindingPath":{"path":"/ContractTypes('02')","propertyPath":"ID","modelName":"catalogModel"},"searchOpenDialogs":true},"wdio_ui5_key":"etmportal.ui.managecontracts.view.AddNewContractsap.ui.core.Item{\"path\":\"/ContractTypes('02')\",\"propertyPath\":\"ID\",\"modelName\":\"catalogModel\"}"}]}
RESULT: {"script":"<script> [1562 bytes]","args":[{"selector":{"controlType":"sap.ui.core.Item","viewName":"etm.portal.ui.managecontracts.view.AddNewContract","viewId":"application-managecontracts-display-component---AddNewContract","bindingPath":{"path":"/ContractTypes('02')","propertyPath":"ID","modelName":"catalogModel"},"searchOpenDialogs":true},"wdio_ui5_key":"etmportal.ui.managecontracts.view.AddNewContractsap.ui.core.Item{\"path\":\"/ContractTypes('02')\",\"propertyPath\":\"ID\",\"modelName\":\"catalogModel\"}"}]}
RESULT: undefined
COMMAND: POST /session/da7f42de234ee122e0f4ded60e4b8c07/element - {"using":"xpath","value":"//*[@id=\"__item45-application-managecontracts-display-component---AddNewContract--contractType-1\"]"}
RESULT: {"using":"xpath","value":"//*[@id=\"__item45-application-managecontracts-display-component---AddNewContract--contractType-1\"]"}
COMMAND: POST /session/da7f42de234ee122e0f4ded60e4b8c07/element/f.69C6A966BE3F374529091A689B6300C0.d.7963BCE2E919A8FFC45DE819D9CEA02C.e.10542/click - {}
RESULT: {}
COMMAND: GET /session/da7f42de234ee122e0f4ded60e4b8c07/screenshot - {}
RESULT: {}
COMMAND: POST /session/da7f42de234ee122e0f4ded60e4b8c07/execute/async - {"script":"<script> [1562 bytes]","args":[{"selector":{"id":"application-managecontracts-display-component---AddNewContract--projectDescription","interaction":{"idSuffix":"inner"}},"wdio_ui5_key":"applicationmanagecontracts-display-component---AddNewContract--projectDescription"}]}
RESULT: {"script":"<script> [1562 bytes]","args":[{"selector":{"id":"application-managecontracts-display-component---AddNewContract--projectDescription","interaction":{"idSuffix":"inner"}},"wdio_ui5_key":"applicationmanagecontracts-display-component---AddNewContract--projectDescription"}]}
RESULT: undefined
COMMAND: POST /session/da7f42de234ee122e0f4ded60e4b8c07/execute/async - {"script":"<script> [776 bytes]","args":[{"enterText":"WdIOReducedfm8s4","selector":{"id":"application-managecontracts-display-component---AddNewContract--projectDescription","interaction":{"idSuffix":"inner"}},"clearTextFirst":true,"interactionType":"ENTER_TEXT"}]}
RESULT: {"script":"<script> [776 bytes]","args":[{"enterText":"WdIOReducedfm8s4","selector":{"id":"application-managecontracts-display-component---AddNewContract--projectDescription","interaction":{"idSuffix":"inner"}},"clearTextFirst":true,"interactionType":"ENTER_TEXT"}]}
COMMAND: POST /session/da7f42de234ee122e0f4ded60e4b8c07/element - {"using":"xpath","value":"//input[@id=\"application-managecontracts-display-component---AddNewContract--yardId-inner\"]"}
RESULT: {"using":"xpath","value":"//input[@id=\"application-managecontracts-display-component---AddNewContract--yardId-inner\"]"}
COMMAND: POST /session/da7f42de234ee122e0f4ded60e4b8c07/element/f.69C6A966BE3F374529091A689B6300C0.d.7963BCE2E919A8FFC45DE819D9CEA02C.e.10408/clear - {}
RESULT: {}
COMMAND: POST /session/da7f42de234ee122e0f4ded60e4b8c07/element/f.69C6A966BE3F374529091A689B6300C0.d.7963BCE2E919A8FFC45DE819D9CEA02C.e.10408/value - {"text":"WebdriverYardcgyme"}
COMMAND: GET /session/da7f42de234ee122e0f4ded60e4b8c07/screenshot - {}
RESULT: {"text":"WebdriverYardcgyme"}
COMMAND: GET /session/da7f42de234ee122e0f4ded60e4b8c07/screenshot - {}
RESULT: {}
RESULT: {}
COMMAND: POST /session/da7f42de234ee122e0f4ded60e4b8c07/actions - {"actions":[{"id":"action58","type":"key","parameters":{},"actions":[{"type":"keyDown","value":"î€‡"},{"type":"pause","duration":10},{"type":"keyUp","value":"î€‡"}]}]}
RESULT: {"actions":[{"id":"action58","type":"key","parameters":{},"actions":[{"type":"keyDown","value":"î€‡"},{"type":"pause","duration":10},{"type":"keyUp","value":"î€‡"}]}]}
COMMAND: GET /session/da7f42de234ee122e0f4ded60e4b8c07/screenshot - {}
RESULT: {}
COMMAND: POST /session/da7f42de234ee122e0f4ded60e4b8c07/element - {"using":"xpath","value":"//input[@id=\"application-managecontracts-display-component---AddNewContract--customerSelect-inner\"]"}
RESULT: {"using":"xpath","value":"//input[@id=\"application-managecontracts-display-component---AddNewContract--customerSelect-inner\"]"}
COMMAND: POST /session/da7f42de234ee122e0f4ded60e4b8c07/element/f.69C6A966BE3F374529091A689B6300C0.d.7963BCE2E919A8FFC45DE819D9CEA02C.e.10406/clear - {}
RESULT: {}
COMMAND: POST /session/da7f42de234ee122e0f4ded60e4b8c07/element/f.69C6A966BE3F374529091A689B6300C0.d.7963BCE2E919A8FFC45DE819D9CEA02C.e.10406/value - {"text":"WebdriverPartnerejpiw"}
COMMAND: GET /session/da7f42de234ee122e0f4ded60e4b8c07/screenshot - {}
RESULT: {"text":"WebdriverPartnerejpiw"}
COMMAND: GET /session/da7f42de234ee122e0f4ded60e4b8c07/screenshot - {}
RESULT: {}
RESULT: {}
COMMAND: POST /session/da7f42de234ee122e0f4ded60e4b8c07/actions - {"actions":[{"id":"action59","type":"key","parameters":{},"actions":[{"type":"keyDown","value":"î€‡"},{"type":"pause","duration":10},{"type":"keyUp","value":"î€‡"}]}]}
RESULT: {"actions":[{"id":"action59","type":"key","parameters":{},"actions":[{"type":"keyDown","value":"î€‡"},{"type":"pause","duration":10},{"type":"keyUp","value":"î€‡"}]}]}
COMMAND: GET /session/da7f42de234ee122e0f4ded60e4b8c07/screenshot - {}
RESULT: {}
COMMAND: POST /session/da7f42de234ee122e0f4ded60e4b8c07/execute/async - {"script":"<script> [1562 bytes]","args":[{"selector":{"id":"application-managecontracts-display-component---AddNewContract--calendarInput-arrow"},"wdio_ui5_key":"applicationmanagecontracts-display-component---AddNewContract--calendarInput-arrow"}]}
RESULT: {"script":"<script> [1562 bytes]","args":[{"selector":{"id":"application-managecontracts-display-component---AddNewContract--calendarInput-arrow"},"wdio_ui5_key":"applicationmanagecontracts-display-component---AddNewContract--calendarInput-arrow"}]}
RESULT: undefined
COMMAND: POST /session/da7f42de234ee122e0f4ded60e4b8c07/element - {"using":"xpath","value":"//*[@id=\"application-managecontracts-display-component---AddNewContract--calendarInput-arrow\"]"}
RESULT: {"using":"xpath","value":"//*[@id=\"application-managecontracts-display-component---AddNewContract--calendarInput-arrow\"]"}
COMMAND: POST /session/da7f42de234ee122e0f4ded60e4b8c07/element/f.69C6A966BE3F374529091A689B6300C0.d.7963BCE2E919A8FFC45DE819D9CEA02C.e.10546/click - {}
RESULT: {}
COMMAND: GET /session/da7f42de234ee122e0f4ded60e4b8c07/screenshot - {}
RESULT: {}
COMMAND: POST /session/da7f42de234ee122e0f4ded60e4b8c07/execute/async - {"script":"<script> [1562 bytes]","args":[{"selector":{"controlType":"sap.m.StandardListItem","viewName":"etm.portal.ui.managecontracts.view.AddNewContract","viewId":"application-managecontracts-display-component---AddNewContract","properties":{"title":"1 - Calendar unit test patch"},"searchOpenDialogs":true,"interaction":{"idSuffix":"titleText"}},"wdio_ui5_key":"etmportal.ui.managecontracts.view.AddNewContractsap.m.StandardListItem{\"title\":\"1 - Calendar unit test patch\"}"}]}
RESULT: {"script":"<script> [1562 bytes]","args":[{"selector":{"controlType":"sap.m.StandardListItem","viewName":"etm.portal.ui.managecontracts.view.AddNewContract","viewId":"application-managecontracts-display-component---AddNewContract","properties":{"title":"1 - Calendar unit test patch"},"searchOpenDialogs":true,"interaction":{"idSuffix":"titleText"}},"wdio_ui5_key":"etmportal.ui.managecontracts.view.AddNewContractsap.m.StandardListItem{\"title\":\"1 - Calendar unit test patch\"}"}]}
RESULT: undefined
COMMAND: POST /session/da7f42de234ee122e0f4ded60e4b8c07/element - {"using":"xpath","value":"//*[@id=\"__item1044\"]"}
RESULT: {"using":"xpath","value":"//*[@id=\"__item1044\"]"}
COMMAND: POST /session/da7f42de234ee122e0f4ded60e4b8c07/element/f.69C6A966BE3F374529091A689B6300C0.d.7963BCE2E919A8FFC45DE819D9CEA02C.e.10548/click - {}
RESULT: {}
COMMAND: GET /session/da7f42de234ee122e0f4ded60e4b8c07/screenshot - {}
RESULT: {}
COMMAND: POST /session/da7f42de234ee122e0f4ded60e4b8c07/execute/async - {"script":"<script> [1562 bytes]","args":[{"selector":{"id":"application-managecontracts-display-component---AddNewContract--streetInput","interaction":{"idSuffix":"inner"}},"wdio_ui5_key":"applicationmanagecontracts-display-component---AddNewContract--streetInput"}]}
RESULT: {"script":"<script> [1562 bytes]","args":[{"selector":{"id":"application-managecontracts-display-component---AddNewContract--streetInput","interaction":{"idSuffix":"inner"}},"wdio_ui5_key":"applicationmanagecontracts-display-component---AddNewContract--streetInput"}]}
RESULT: undefined
COMMAND: POST /session/da7f42de234ee122e0f4ded60e4b8c07/execute/async - {"script":"<script> [776 bytes]","args":[{"enterText":"StreetWdIO","selector":{"id":"application-managecontracts-display-component---AddNewContract--streetInput","interaction":{"idSuffix":"inner"}},"clearTextFirst":true,"interactionType":"ENTER_TEXT"}]}
RESULT: {"script":"<script> [776 bytes]","args":[{"enterText":"StreetWdIO","selector":{"id":"application-managecontracts-display-component---AddNewContract--streetInput","interaction":{"idSuffix":"inner"}},"clearTextFirst":true,"interactionType":"ENTER_TEXT"}]}
COMMAND: POST /session/da7f42de234ee122e0f4ded60e4b8c07/execute/async - {"script":"<script> [1562 bytes]","args":[{"selector":{"id":"application-managecontracts-display-component---AddNewContract--numberInput","interaction":{"idSuffix":"inner"}},"wdio_ui5_key":"applicationmanagecontracts-display-component---AddNewContract--numberInput"}]}
RESULT: {"script":"<script> [1562 bytes]","args":[{"selector":{"id":"application-managecontracts-display-component---AddNewContract--numberInput","interaction":{"idSuffix":"inner"}},"wdio_ui5_key":"applicationmanagecontracts-display-component---AddNewContract--numberInput"}]}
RESULT: undefined
COMMAND: POST /session/da7f42de234ee122e0f4ded60e4b8c07/execute/async - {"script":"<script> [776 bytes]","args":[{"enterText":"3","selector":{"id":"application-managecontracts-display-component---AddNewContract--numberInput","interaction":{"idSuffix":"inner"}},"clearTextFirst":true,"interactionType":"ENTER_TEXT"}]}
RESULT: {"script":"<script> [776 bytes]","args":[{"enterText":"3","selector":{"id":"application-managecontracts-display-component---AddNewContract--numberInput","interaction":{"idSuffix":"inner"}},"clearTextFirst":true,"interactionType":"ENTER_TEXT"}]}
COMMAND: POST /session/da7f42de234ee122e0f4ded60e4b8c07/execute/async - {"script":"<script> [1562 bytes]","args":[{"selector":{"id":"application-managecontracts-display-component---AddNewContract--cityInput","interaction":{"idSuffix":"inner"}},"wdio_ui5_key":"applicationmanagecontracts-display-component---AddNewContract--cityInput"}]}
RESULT: {"script":"<script> [1562 bytes]","args":[{"selector":{"id":"application-managecontracts-display-component---AddNewContract--cityInput","interaction":{"idSuffix":"inner"}},"wdio_ui5_key":"applicationmanagecontracts-display-component---AddNewContract--cityInput"}]}
RESULT: undefined
COMMAND: POST /session/da7f42de234ee122e0f4ded60e4b8c07/execute/async - {"script":"<script> [776 bytes]","args":[{"enterText":"Bucharest","selector":{"id":"application-managecontracts-display-component---AddNewContract--cityInput","interaction":{"idSuffix":"inner"}},"clearTextFirst":true,"interactionType":"ENTER_TEXT"}]}
RESULT: {"script":"<script> [776 bytes]","args":[{"enterText":"Bucharest","selector":{"id":"application-managecontracts-display-component---AddNewContract--cityInput","interaction":{"idSuffix":"inner"}},"clearTextFirst":true,"interactionType":"ENTER_TEXT"}]}
COMMAND: POST /session/da7f42de234ee122e0f4ded60e4b8c07/execute/async - {"script":"<script> [1562 bytes]","args":[{"selector":{"id":"application-managecontracts-display-component---AddNewContract--zipInput","interaction":{"idSuffix":"inner"}},"wdio_ui5_key":"applicationmanagecontracts-display-component---AddNewContract--zipInput"}]}
RESULT: {"script":"<script> [1562 bytes]","args":[{"selector":{"id":"application-managecontracts-display-component---AddNewContract--zipInput","interaction":{"idSuffix":"inner"}},"wdio_ui5_key":"applicationmanagecontracts-display-component---AddNewContract--zipInput"}]}
RESULT: undefined
COMMAND: POST /session/da7f42de234ee122e0f4ded60e4b8c07/execute/async - {"script":"<script> [776 bytes]","args":[{"enterText":"021210","selector":{"id":"application-managecontracts-display-component---AddNewContract--zipInput","interaction":{"idSuffix":"inner"}},"clearTextFirst":true,"interactionType":"ENTER_TEXT"}]}
RESULT: {"script":"<script> [776 bytes]","args":[{"enterText":"021210","selector":{"id":"application-managecontracts-display-component---AddNewContract--zipInput","interaction":{"idSuffix":"inner"}},"clearTextFirst":true,"interactionType":"ENTER_TEXT"}]}
COMMAND: POST /session/da7f42de234ee122e0f4ded60e4b8c07/element - {"using":"xpath","value":"//bdi[contains(@id ,\"application-managecontracts-display-component---AddNewContract--saveBtn-BDI-content\")]"}
RESULT: {"using":"xpath","value":"//bdi[contains(@id ,\"application-managecontracts-display-component---AddNewContract--saveBtn-BDI-content\")]"}
COMMAND: POST /session/da7f42de234ee122e0f4ded60e4b8c07/element/f.69C6A966BE3F374529091A689B6300C0.d.7963BCE2E919A8FFC45DE819D9CEA02C.e.10553/click - {}
RESULT: {}
COMMAND: GET /session/da7f42de234ee122e0f4ded60e4b8c07/screenshot - {}
RESULT: {}
COMMAND: POST /session/da7f42de234ee122e0f4ded60e4b8c07/element - {"using":"xpath","value":"//button[contains(@data-kt ,\"contractDetailEditBtnButton\")]"}
RESULT: {"using":"xpath","value":"//button[contains(@data-kt ,\"contractDetailEditBtnButton\")]"}
COMMAND: POST /session/da7f42de234ee122e0f4ded60e4b8c07/execute/sync - {"script":"<script> [8489 bytes]","args":[{"element-6066-11e4-a52e-4f735466cecf":"f.69C6A966BE3F374529091A689B6300C0.d.7963BCE2E919A8FFC45DE819D9CEA02C.e.10613","ELEMENT":"f.69C6A966BE3F374529091A689B6300C0.d.7963BCE2E919A8FFC45DE819D9CEA02C.e.10613"}]}
RESULT: {"script":"<script> [8489 bytes]","args":[{"element-6066-11e4-a52e-4f735466cecf":"f.69C6A966BE3F374529091A689B6300C0.d.7963BCE2E919A8FFC45DE819D9CEA02C.e.10613","ELEMENT":"f.69C6A966BE3F374529091A689B6300C0.d.7963BCE2E919A8FFC45DE819D9CEA02C.e.10613"}]}
COMMAND: POST /session/da7f42de234ee122e0f4ded60e4b8c07/execute/sync - {"script":"<script> [8489 bytes]","args":[{"element-6066-11e4-a52e-4f735466cecf":"f.69C6A966BE3F374529091A689B6300C0.d.7963BCE2E919A8FFC45DE819D9CEA02C.e.10613","ELEMENT":"f.69C6A966BE3F374529091A689B6300C0.d.7963BCE2E919A8FFC45DE819D9CEA02C.e.10613"}]}
COMMAND: GET /session/da7f42de234ee122e0f4ded60e4b8c07/screenshot - {}
RESULT: {"script":"<script> [8489 bytes]","args":[{"element-6066-11e4-a52e-4f735466cecf":"f.69C6A966BE3F374529091A689B6300C0.d.7963BCE2E919A8FFC45DE819D9CEA02C.e.10613","ELEMENT":"f.69C6A966BE3F374529091A689B6300C0.d.7963BCE2E919A8FFC45DE819D9CEA02C.e.10613"}]}
COMMAND: POST /session/da7f42de234ee122e0f4ded60e4b8c07/execute/sync - {"script":"<script> [5351 bytes]","args":[{"element-6066-11e4-a52e-4f735466cecf":"f.69C6A966BE3F374529091A689B6300C0.d.7963BCE2E919A8FFC45DE819D9CEA02C.e.10613","ELEMENT":"f.69C6A966BE3F374529091A689B6300C0.d.7963BCE2E919A8FFC45DE819D9CEA02C.e.10613"}]}
COMMAND: GET /session/da7f42de234ee122e0f4ded60e4b8c07/screenshot - {}
RESULT: {}
RESULT: {"script":"<script> [5351 bytes]","args":[{"element-6066-11e4-a52e-4f735466cecf":"f.69C6A966BE3F374529091A689B6300C0.d.7963BCE2E919A8FFC45DE819D9CEA02C.e.10613","ELEMENT":"f.69C6A966BE3F374529091A689B6300C0.d.7963BCE2E919A8FFC45DE819D9CEA02C.e.10613"}]}
COMMAND: POST /session/da7f42de234ee122e0f4ded60e4b8c07/execute/async - {"script":"<script> [1562 bytes]","args":[{"selector":{"controlType":"sap.m.Text","viewName":"etm.portal.ui.managecontracts.view.Detail","bindingPath":{"propertyPath":"LINK_TO_C_CONTRACT_TYPES/DESCRIPTION","modelName":"catalogModel"}},"wdio_ui5_key":"etmportal.ui.managecontracts.view.Detailsap.m.Text{\"propertyPath\":\"LINK_TO_C_CONTRACT_TYPES/DESCRIPTION\",\"modelName\":\"catalogModel\"}"}]}
COMMAND: GET /session/da7f42de234ee122e0f4ded60e4b8c07/screenshot - {}
RESULT: {}
RESULT: {"script":"<script> [1562 bytes]","args":[{"selector":{"controlType":"sap.m.Text","viewName":"etm.portal.ui.managecontracts.view.Detail","bindingPath":{"propertyPath":"LINK_TO_C_CONTRACT_TYPES/DESCRIPTION","modelName":"catalogModel"}},"wdio_ui5_key":"etmportal.ui.managecontracts.view.Detailsap.m.Text{\"propertyPath\":\"LINK_TO_C_CONTRACT_TYPES/DESCRIPTION\",\"modelName\":\"catalogModel\"}"}]}
RESULT: undefined
COMMAND: POST /session/da7f42de234ee122e0f4ded60e4b8c07/execute/async - {"script":"<script> [6424 bytes]","args":[{"element-6066-11e4-a52e-4f735466cecf":"f.69C6A966BE3F374529091A689B6300C0.d.7963BCE2E919A8FFC45DE819D9CEA02C.e.10614"},"getText",[]]}
RESULT: {}
RESULT: {"script":"<script> [6424 bytes]","args":[{"element-6066-11e4-a52e-4f735466cecf":"f.69C6A966BE3F374529091A689B6300C0.d.7963BCE2E919A8FFC45DE819D9CEA02C.e.10614"},"getText",[]]}
COMMAND: POST /session/da7f42de234ee122e0f4ded60e4b8c07/element/f.69C6A966BE3F374529091A689B6300C0.d.7963BCE2E919A8FFC45DE819D9CEA02C.e.10613/click - {}
RESULT: {}
COMMAND: GET /session/da7f42de234ee122e0f4ded60e4b8c07/screenshot - {}
RESULT: {}
]]></system-out>
    </testcase>
    <testcase classname="chrome.136_0_7103_93.windows.Reduced_contract_US151275" name="Should add a RU to the contract" time="50.355">
      <system-out><![CDATA[
COMMAND: POST /session/da7f42de234ee122e0f4ded60e4b8c07/element - {"using":"xpath","value":"(//span[contains(text(), \"Header Billing Items\")])[2]"}
RESULT: {"using":"xpath","value":"(//span[contains(text(), \"Header Billing Items\")])[2]"}
COMMAND: POST /session/da7f42de234ee122e0f4ded60e4b8c07/element/f.69C6A966BE3F374529091A689B6300C0.d.7963BCE2E919A8FFC45DE819D9CEA02C.e.10658/click - {}
RESULT: {}
COMMAND: GET /session/da7f42de234ee122e0f4ded60e4b8c07/screenshot - {}
RESULT: {}
COMMAND: POST /session/da7f42de234ee122e0f4ded60e4b8c07/element - {"using":"xpath","value":"//button[@data-kt=\"btnAddTableRowOverflowToolbarButton\"]"}
RESULT: {"using":"xpath","value":"//button[@data-kt=\"btnAddTableRowOverflowToolbarButton\"]"}
COMMAND: POST /session/da7f42de234ee122e0f4ded60e4b8c07/element/f.69C6A966BE3F374529091A689B6300C0.d.7963BCE2E919A8FFC45DE819D9CEA02C.e.10661/click - {}
RESULT: {}
COMMAND: GET /session/da7f42de234ee122e0f4ded60e4b8c07/screenshot - {}
RESULT: {}
COMMAND: POST /session/da7f42de234ee122e0f4ded60e4b8c07/element - {"using":"xpath","value":"//div[(text() = 'Standard Entry' or . = 'Standard Entry')]"}
RESULT: {"using":"xpath","value":"//div[(text() = 'Standard Entry' or . = 'Standard Entry')]"}
COMMAND: POST /session/da7f42de234ee122e0f4ded60e4b8c07/element/f.69C6A966BE3F374529091A689B6300C0.d.7963BCE2E919A8FFC45DE819D9CEA02C.e.10663/click - {}
RESULT: {}
COMMAND: POST /session/da7f42de234ee122e0f4ded60e4b8c07/element - {"using":"xpath","value":"//td[6]/div/div/input[1]"}
COMMAND: GET /session/da7f42de234ee122e0f4ded60e4b8c07/screenshot - {}
RESULT: {"using":"xpath","value":"//td[6]/div/div/input[1]"}
COMMAND: POST /session/da7f42de234ee122e0f4ded60e4b8c07/element/f.69C6A966BE3F374529091A689B6300C0.d.7963BCE2E919A8FFC45DE819D9CEA02C.e.10665/click - {}
RESULT: {}
RESULT: {}
COMMAND: POST /session/da7f42de234ee122e0f4ded60e4b8c07/actions - {"actions":[{"id":"action60","type":"key","parameters":{},"actions":[{"type":"keyDown","value":"î€ƒ"},{"type":"pause","duration":10},{"type":"keyUp","value":"î€ƒ"}]}]}
COMMAND: GET /session/da7f42de234ee122e0f4ded60e4b8c07/screenshot - {}
RESULT: {"actions":[{"id":"action60","type":"key","parameters":{},"actions":[{"type":"keyDown","value":"î€ƒ"},{"type":"pause","duration":10},{"type":"keyUp","value":"î€ƒ"}]}]}
COMMAND: POST /session/da7f42de234ee122e0f4ded60e4b8c07/element - {"using":"xpath","value":"//td[6]/div/div/input[1]"}
COMMAND: GET /session/da7f42de234ee122e0f4ded60e4b8c07/screenshot - {}
RESULT: {}
RESULT: {"using":"xpath","value":"//td[6]/div/div/input[1]"}
COMMAND: POST /session/da7f42de234ee122e0f4ded60e4b8c07/element/f.69C6A966BE3F374529091A689B6300C0.d.7963BCE2E919A8FFC45DE819D9CEA02C.e.10665/clear - {}
RESULT: {}
RESULT: {}
COMMAND: POST /session/da7f42de234ee122e0f4ded60e4b8c07/element/f.69C6A966BE3F374529091A689B6300C0.d.7963BCE2E919A8FFC45DE819D9CEA02C.e.10665/value - {"text":"Material"}
COMMAND: GET /session/da7f42de234ee122e0f4ded60e4b8c07/screenshot - {}
RESULT: {"text":"Material"}
COMMAND: GET /session/da7f42de234ee122e0f4ded60e4b8c07/screenshot - {}
RESULT: {}
RESULT: {}
COMMAND: POST /session/da7f42de234ee122e0f4ded60e4b8c07/actions - {"actions":[{"id":"action61","type":"key","parameters":{},"actions":[{"type":"keyDown","value":"î€‡"},{"type":"pause","duration":10},{"type":"keyUp","value":"î€‡"}]}]}
RESULT: {"actions":[{"id":"action61","type":"key","parameters":{},"actions":[{"type":"keyDown","value":"î€‡"},{"type":"pause","duration":10},{"type":"keyUp","value":"î€‡"}]}]}
COMMAND: GET /session/da7f42de234ee122e0f4ded60e4b8c07/screenshot - {}
RESULT: {}
COMMAND: POST /session/da7f42de234ee122e0f4ded60e4b8c07/actions - {"actions":[{"id":"action62","type":"key","parameters":{},"actions":[{"type":"keyDown","value":"î€‡"},{"type":"pause","duration":10},{"type":"keyUp","value":"î€‡"}]}]}
RESULT: {"actions":[{"id":"action62","type":"key","parameters":{},"actions":[{"type":"keyDown","value":"î€‡"},{"type":"pause","duration":10},{"type":"keyUp","value":"î€‡"}]}]}
COMMAND: POST /session/da7f42de234ee122e0f4ded60e4b8c07/element - {"using":"xpath","value":"//td[7]/div/div/input"}
COMMAND: GET /session/da7f42de234ee122e0f4ded60e4b8c07/screenshot - {}
RESULT: {"using":"xpath","value":"//td[7]/div/div/input"}
COMMAND: POST /session/da7f42de234ee122e0f4ded60e4b8c07/element/f.69C6A966BE3F374529091A689B6300C0.d.7963BCE2E919A8FFC45DE819D9CEA02C.e.10678/clear - {}
RESULT: {}
RESULT: {}
COMMAND: POST /session/da7f42de234ee122e0f4ded60e4b8c07/element/f.69C6A966BE3F374529091A689B6300C0.d.7963BCE2E919A8FFC45DE819D9CEA02C.e.10678/value - {"text":"WebdriverRUR2C"}
COMMAND: GET /session/da7f42de234ee122e0f4ded60e4b8c07/screenshot - {}
RESULT: {"text":"WebdriverRUR2C"}
COMMAND: GET /session/da7f42de234ee122e0f4ded60e4b8c07/screenshot - {}
RESULT: {}
RESULT: {}
COMMAND: POST /session/da7f42de234ee122e0f4ded60e4b8c07/actions - {"actions":[{"id":"action63","type":"key","parameters":{},"actions":[{"type":"keyDown","value":"î€‡"},{"type":"pause","duration":10},{"type":"keyUp","value":"î€‡"}]}]}
RESULT: {"actions":[{"id":"action63","type":"key","parameters":{},"actions":[{"type":"keyDown","value":"î€‡"},{"type":"pause","duration":10},{"type":"keyUp","value":"î€‡"}]}]}
COMMAND: GET /session/da7f42de234ee122e0f4ded60e4b8c07/screenshot - {}
RESULT: {}
COMMAND: POST /session/da7f42de234ee122e0f4ded60e4b8c07/actions - {"actions":[{"id":"action64","type":"key","parameters":{},"actions":[{"type":"keyDown","value":"î€‡"},{"type":"pause","duration":10},{"type":"keyUp","value":"î€‡"}]}]}
RESULT: {"actions":[{"id":"action64","type":"key","parameters":{},"actions":[{"type":"keyDown","value":"î€‡"},{"type":"pause","duration":10},{"type":"keyUp","value":"î€‡"}]}]}
COMMAND: GET /session/da7f42de234ee122e0f4ded60e4b8c07/screenshot - {}
RESULT: {}
COMMAND: POST /session/da7f42de234ee122e0f4ded60e4b8c07/element - {"using":"xpath","value":"(//button[@data-kt=\"saveButton\"])[2]"}
RESULT: {"using":"xpath","value":"(//button[@data-kt=\"saveButton\"])[2]"}
COMMAND: POST /session/da7f42de234ee122e0f4ded60e4b8c07/element/f.69C6A966BE3F374529091A689B6300C0.d.7963BCE2E919A8FFC45DE819D9CEA02C.e.10703/click - {}
RESULT: {}
COMMAND: GET /session/da7f42de234ee122e0f4ded60e4b8c07/screenshot - {}
RESULT: {}
COMMAND: POST /session/da7f42de234ee122e0f4ded60e4b8c07/element - {"using":"xpath","value":"//button[contains(@data-kt ,\"contractDetailEditBtnButton\")]"}
RESULT: {"using":"xpath","value":"//button[contains(@data-kt ,\"contractDetailEditBtnButton\")]"}
COMMAND: POST /session/da7f42de234ee122e0f4ded60e4b8c07/execute/sync - {"script":"<script> [8489 bytes]","args":[{"element-6066-11e4-a52e-4f735466cecf":"f.69C6A966BE3F374529091A689B6300C0.d.7963BCE2E919A8FFC45DE819D9CEA02C.e.10613","ELEMENT":"f.69C6A966BE3F374529091A689B6300C0.d.7963BCE2E919A8FFC45DE819D9CEA02C.e.10613"}]}
RESULT: {"script":"<script> [8489 bytes]","args":[{"element-6066-11e4-a52e-4f735466cecf":"f.69C6A966BE3F374529091A689B6300C0.d.7963BCE2E919A8FFC45DE819D9CEA02C.e.10613","ELEMENT":"f.69C6A966BE3F374529091A689B6300C0.d.7963BCE2E919A8FFC45DE819D9CEA02C.e.10613"}]}
COMMAND: POST /session/da7f42de234ee122e0f4ded60e4b8c07/execute/sync - {"script":"<script> [8489 bytes]","args":[{"element-6066-11e4-a52e-4f735466cecf":"f.69C6A966BE3F374529091A689B6300C0.d.7963BCE2E919A8FFC45DE819D9CEA02C.e.10613","ELEMENT":"f.69C6A966BE3F374529091A689B6300C0.d.7963BCE2E919A8FFC45DE819D9CEA02C.e.10613"}]}
COMMAND: GET /session/da7f42de234ee122e0f4ded60e4b8c07/screenshot - {}
RESULT: {"script":"<script> [8489 bytes]","args":[{"element-6066-11e4-a52e-4f735466cecf":"f.69C6A966BE3F374529091A689B6300C0.d.7963BCE2E919A8FFC45DE819D9CEA02C.e.10613","ELEMENT":"f.69C6A966BE3F374529091A689B6300C0.d.7963BCE2E919A8FFC45DE819D9CEA02C.e.10613"}]}
COMMAND: POST /session/da7f42de234ee122e0f4ded60e4b8c07/execute/sync - {"script":"<script> [5351 bytes]","args":[{"element-6066-11e4-a52e-4f735466cecf":"f.69C6A966BE3F374529091A689B6300C0.d.7963BCE2E919A8FFC45DE819D9CEA02C.e.10613","ELEMENT":"f.69C6A966BE3F374529091A689B6300C0.d.7963BCE2E919A8FFC45DE819D9CEA02C.e.10613"}]}
COMMAND: GET /session/da7f42de234ee122e0f4ded60e4b8c07/screenshot - {}
RESULT: {}
RESULT: {"script":"<script> [5351 bytes]","args":[{"element-6066-11e4-a52e-4f735466cecf":"f.69C6A966BE3F374529091A689B6300C0.d.7963BCE2E919A8FFC45DE819D9CEA02C.e.10613","ELEMENT":"f.69C6A966BE3F374529091A689B6300C0.d.7963BCE2E919A8FFC45DE819D9CEA02C.e.10613"}]}
COMMAND: POST /session/da7f42de234ee122e0f4ded60e4b8c07/element - {"using":"xpath","value":"(//span[contains(text(), \"Header Billing Items\")])[1]"}
COMMAND: GET /session/da7f42de234ee122e0f4ded60e4b8c07/screenshot - {}
RESULT: {}
RESULT: {"using":"xpath","value":"(//span[contains(text(), \"Header Billing Items\")])[1]"}
COMMAND: POST /session/da7f42de234ee122e0f4ded60e4b8c07/element/f.69C6A966BE3F374529091A689B6300C0.d.7963BCE2E919A8FFC45DE819D9CEA02C.e.10706/click - {}
RESULT: {}
RESULT: {}
COMMAND: GET /session/da7f42de234ee122e0f4ded60e4b8c07/screenshot - {}
RESULT: {}
COMMAND: POST /session/da7f42de234ee122e0f4ded60e4b8c07/execute/async - {"script":"<script> [1562 bytes]","args":[{"selector":{"controlType":"sap.m.Title","viewName":"etm.portal.ui.managecontracts.view.Detail","properties":{"text":"Contract Items (1)"}},"wdio_ui5_key":"etmportal.ui.managecontracts.view.Detailsap.m.Title{\"text\":\"Contract Items (1)\"}"}]}
RESULT: {"script":"<script> [1562 bytes]","args":[{"selector":{"controlType":"sap.m.Title","viewName":"etm.portal.ui.managecontracts.view.Detail","properties":{"text":"Contract Items (1)"}},"wdio_ui5_key":"etmportal.ui.managecontracts.view.Detailsap.m.Title{\"text\":\"Contract Items (1)\"}"}]}
RESULT: undefined
COMMAND: POST /session/da7f42de234ee122e0f4ded60e4b8c07/execute/async - {"script":"<script> [6424 bytes]","args":[{"element-6066-11e4-a52e-4f735466cecf":"f.69C6A966BE3F374529091A689B6300C0.d.7963BCE2E919A8FFC45DE819D9CEA02C.e.10708"},"getText",[]]}
RESULT: {"script":"<script> [6424 bytes]","args":[{"element-6066-11e4-a52e-4f735466cecf":"f.69C6A966BE3F374529091A689B6300C0.d.7963BCE2E919A8FFC45DE819D9CEA02C.e.10708"},"getText",[]]}
COMMAND: POST /session/da7f42de234ee122e0f4ded60e4b8c07/element - {"using":"xpath","value":"(//span[contains(@class ,\"sapMObjStatusText\")])[1]"}
RESULT: {"using":"xpath","value":"(//span[contains(@class ,\"sapMObjStatusText\")])[1]"}
COMMAND: GET /session/da7f42de234ee122e0f4ded60e4b8c07/element/f.69C6A966BE3F374529091A689B6300C0.d.7963BCE2E919A8FFC45DE819D9CEA02C.e.10709/text - {}
RESULT: {}
COMMAND: POST /session/da7f42de234ee122e0f4ded60e4b8c07/refresh - {}
RESULT: {}
COMMAND: GET /session/da7f42de234ee122e0f4ded60e4b8c07/screenshot - {}
RESULT: {}
COMMAND: POST /session/da7f42de234ee122e0f4ded60e4b8c07/execute/async - {"script":"<script> [189 bytes]","args":[]}
RESULT: {"script":"<script> [189 bytes]","args":[]}
COMMAND: POST /session/da7f42de234ee122e0f4ded60e4b8c07/execute/async - {"script":"<script> [123 bytes]","args":[]}
RESULT: {"script":"<script> [123 bytes]","args":[]}
COMMAND: POST /session/da7f42de234ee122e0f4ded60e4b8c07/timeouts - {"script":"<number>"}
RESULT: {"script":"<number>"}
COMMAND: GET /session/da7f42de234ee122e0f4ded60e4b8c07/timeouts - {}
RESULT: {}
RESULT: undefined
COMMAND: POST /session/da7f42de234ee122e0f4ded60e4b8c07/execute/async - {"script":"<script> [2676 bytes]","args":[]}
RESULT: {"script":"<script> [2676 bytes]","args":[]}
COMMAND: POST /session/da7f42de234ee122e0f4ded60e4b8c07/execute/async - {"script":"<script> [2342 bytes]","args":[{"protocol":"http","hostname":"0.0.0.0","path":"/","capabilities":{"browserName":"chrome","goog:chromeOptions":{"binary":"C:\\Program Files\\Google\\Chrome\\Application\\chrome.exe","args":["--start-maximized"]}},"logLevel":"warn","connectionRetryTimeout":120000,"connectionRetryCount":3,"logLevels":{},"enableDirectConnect":true,"strictSSL":true,"_":"65 more keys: [\"cacheDir\",\"port\",\"requestedCapabilities\",\"automationProtocol\",\"baseUrl\",\"waitforInterval\",\"waitforTimeout\",\"onReload\",\"beforeCommand\",\"afterCommand\",\"rootDir\",\"specs\",\"suites\",\"exclude\",\"groupLogsByTestSpec\",\"excludeDriverLogs\",\"bail\",\"framework\",\"reporters\",\"services\",\"maxInstances\",\"maxInstancesPerCapability\",\"injectGlobals\",\"filesToWatch\",\"execArgv\",\"runnerEnv\",\"runner\",\"shard\",\"specFileRetries\",\"specFileRetriesDelay\",\"specFileRetriesDeferred\",\"reporterSyncInterval\",\"reporterSyncTimeout\",\"cucumberFeaturesWithLineNumbers\",\"autoCompileOpts\",\"mochaOpts\",\"jasmineOpts\",\"cucumberOpts\",\"onPrepare\",\"onWorkerStart\",\"onWorkerEnd\",\"before\",\"beforeSession\",\"beforeSuite\",\"beforeHook\",\"beforeTest\",\"afterTest\",\"afterHook\",\"afterSuite\",\"afterSession\",\"after\",\"onComplete\",\"beforeAssertion\",\"afterAssertion\",\"beforeFeature\",\"beforeScenario\",\"beforeStep\",\"afterStep\",\"afterScenario\",\"afterFeature\",\"_\",\"suite\",\"$0\",\"ignoredWorkerServices\",\"wdi5\"]"}]}
RESULT: {"script":"<script> [2342 bytes]","args":[{"protocol":"http","hostname":"0.0.0.0","path":"/","capabilities":{"browserName":"chrome","goog:chromeOptions":{"binary":"C:\\Program Files\\Google\\Chrome\\Application\\chrome.exe","args":["--start-maximized"]}},"logLevel":"warn","connectionRetryTimeout":120000,"connectionRetryCount":3,"logLevels":{},"enableDirectConnect":true,"strictSSL":true,"_":"65 more keys: [\"cacheDir\",\"port\",\"requestedCapabilities\",\"automationProtocol\",\"baseUrl\",\"waitforInterval\",\"waitforTimeout\",\"onReload\",\"beforeCommand\",\"afterCommand\",\"rootDir\",\"specs\",\"suites\",\"exclude\",\"groupLogsByTestSpec\",\"excludeDriverLogs\",\"bail\",\"framework\",\"reporters\",\"services\",\"maxInstances\",\"maxInstancesPerCapability\",\"injectGlobals\",\"filesToWatch\",\"execArgv\",\"runnerEnv\",\"runner\",\"shard\",\"specFileRetries\",\"specFileRetriesDelay\",\"specFileRetriesDeferred\",\"reporterSyncInterval\",\"reporterSyncTimeout\",\"cucumberFeaturesWithLineNumbers\",\"autoCompileOpts\",\"mochaOpts\",\"jasmineOpts\",\"cucumberOpts\",\"onPrepare\",\"onWorkerStart\",\"onWorkerEnd\",\"before\",\"beforeSession\",\"beforeSuite\",\"beforeHook\",\"beforeTest\",\"afterTest\",\"afterHook\",\"afterSuite\",\"afterSession\",\"after\",\"onComplete\",\"beforeAssertion\",\"afterAssertion\",\"beforeFeature\",\"beforeScenario\",\"beforeStep\",\"afterStep\",\"afterScenario\",\"afterFeature\",\"_\",\"suite\",\"$0\",\"ignoredWorkerServices\",\"wdi5\"]"}]}
COMMAND: POST /session/da7f42de234ee122e0f4ded60e4b8c07/execute/async - {"script":"<script> [21126 bytes]","args":[35000]}
RESULT: {"script":"<script> [21126 bytes]","args":[35000]}
COMMAND: POST /session/da7f42de234ee122e0f4ded60e4b8c07/element - {"using":"css selector","value":"#shell-header-logo"}
RESULT: {"using":"css selector","value":"#shell-header-logo"}
COMMAND: POST /session/da7f42de234ee122e0f4ded60e4b8c07/element/f.69C6A966BE3F374529091A689B6300C0.d.7664593B0EB01AAD1D629F724886E7B2.e.10893/click - {}
RESULT: {}
COMMAND: GET /session/da7f42de234ee122e0f4ded60e4b8c07/screenshot - {}
RESULT: {}
]]></system-out>
    </testcase>
  </testsuite>
  <testsuite timestamp="2025-06-02T18:24:20" time="1439.691" tests="7" failures="0" errors="0" skipped="0">
    <properties>
      <property name="specId" value="0" />
      <property name="suiteName" value="E2E - Logistical and commercial statuses" />
      <property name="capabilities" value="chrome.136_0_7103_93.windows" />
      <property name="file" value="file:///D:/a/1/s/test/specs/R2C/E2E-Logistical-and-commercial-status.spec.js" />
    </properties>
    <testcase classname="chrome.136_0_7103_93.windows.E2E_-_Logistical_and_commercial_statuses" name="Should create prerequisites yard partner and site" time="312.674">
      <system-out><![CDATA[
COMMAND: POST /session/da7f42de234ee122e0f4ded60e4b8c07/execute/async - {"script":"<script> [1562 bytes]","args":[{"selector":{"controlType":"sap.m.GenericTile","properties":{"header":"Manage Yards"}},"wdio_ui5_key":"sapm.GenericTile{\"header\":\"Manage Yards\"}"}]}
RESULT: {"script":"<script> [1562 bytes]","args":[{"selector":{"controlType":"sap.m.GenericTile","properties":{"header":"Manage Yards"}},"wdio_ui5_key":"sapm.GenericTile{\"header\":\"Manage Yards\"}"}]}
RESULT: undefined
COMMAND: POST /session/da7f42de234ee122e0f4ded60e4b8c07/element - {"using":"xpath","value":"//*[@id=\"__tile41\"]"}
RESULT: {"using":"xpath","value":"//*[@id=\"__tile41\"]"}
COMMAND: POST /session/da7f42de234ee122e0f4ded60e4b8c07/element/f.69C6A966BE3F374529091A689B6300C0.d.7664593B0EB01AAD1D629F724886E7B2.e.10940/click - {}
RESULT: {}
COMMAND: GET /session/da7f42de234ee122e0f4ded60e4b8c07/screenshot - {}
RESULT: {}
COMMAND: POST /session/da7f42de234ee122e0f4ded60e4b8c07/elements - {"using":"xpath","value":"//span[text()='Error']"}
RESULT: {"using":"xpath","value":"//span[text()='Error']"}
COMMAND: POST /session/da7f42de234ee122e0f4ded60e4b8c07/execute/async - {"script":"<script> [1562 bytes]","args":[{"selector":{"controlType":"sap.ui.core.Icon","viewName":"etm.portal.ui.manageyards.view.Master","viewId":"application-manageyards-display-component---masterYard","properties":{"src":{"regex":{"source":"add"}}}},"wdio_ui5_key":"etmportal.ui.manageyards.view.Mastersap.ui.core.Icon{\"src\":{\"regex\":{\"source\":\"add\"}}}"}]}
RESULT: {"script":"<script> [1562 bytes]","args":[{"selector":{"controlType":"sap.ui.core.Icon","viewName":"etm.portal.ui.manageyards.view.Master","viewId":"application-manageyards-display-component---masterYard","properties":{"src":{"regex":{"source":"add"}}}},"wdio_ui5_key":"etmportal.ui.manageyards.view.Mastersap.ui.core.Icon{\"src\":{\"regex\":{\"source\":\"add\"}}}"}]}
RESULT: undefined
COMMAND: POST /session/da7f42de234ee122e0f4ded60e4b8c07/element - {"using":"xpath","value":"//*[@id=\"__button14-img\"]"}
RESULT: {"using":"xpath","value":"//*[@id=\"__button14-img\"]"}
COMMAND: POST /session/da7f42de234ee122e0f4ded60e4b8c07/element/f.69C6A966BE3F374529091A689B6300C0.d.7664593B0EB01AAD1D629F724886E7B2.e.10983/click - {}
RESULT: {}
COMMAND: GET /session/da7f42de234ee122e0f4ded60e4b8c07/screenshot - {}
RESULT: {}
COMMAND: POST /session/da7f42de234ee122e0f4ded60e4b8c07/execute/async - {"script":"<script> [1562 bytes]","args":[{"selector":{"id":"application-manageyards-display-component---NewYard--yardId","interaction":{"idSuffix":"inner"}},"wdio_ui5_key":"applicationmanageyards-display-component---NewYard--yardId"}]}
RESULT: {"script":"<script> [1562 bytes]","args":[{"selector":{"id":"application-manageyards-display-component---NewYard--yardId","interaction":{"idSuffix":"inner"}},"wdio_ui5_key":"applicationmanageyards-display-component---NewYard--yardId"}]}
RESULT: undefined
COMMAND: POST /session/da7f42de234ee122e0f4ded60e4b8c07/element - {"using":"xpath","value":"//*[@id=\"application-manageyards-display-component---NewYard--addressDetailDetailsName1-inner\"]"}
RESULT: {"using":"xpath","value":"//*[@id=\"application-manageyards-display-component---NewYard--addressDetailDetailsName1-inner\"]"}
COMMAND: POST /session/da7f42de234ee122e0f4ded60e4b8c07/element/f.69C6A966BE3F374529091A689B6300C0.d.7664593B0EB01AAD1D629F724886E7B2.e.11222/clear - {}
RESULT: {}
COMMAND: POST /session/da7f42de234ee122e0f4ded60e4b8c07/element/f.69C6A966BE3F374529091A689B6300C0.d.7664593B0EB01AAD1D629F724886E7B2.e.11222/value - {"text":"WebdriverYardskiob"}
COMMAND: GET /session/da7f42de234ee122e0f4ded60e4b8c07/screenshot - {}
RESULT: {"text":"WebdriverYardskiob"}
COMMAND: POST /session/da7f42de234ee122e0f4ded60e4b8c07/element - {"using":"xpath","value":"//*[@id=\"application-manageyards-display-component---NewYard--addressDetailDetailsLanguage-inner\"]"}
COMMAND: GET /session/da7f42de234ee122e0f4ded60e4b8c07/screenshot - {}
RESULT: {}
RESULT: {"using":"xpath","value":"//*[@id=\"application-manageyards-display-component---NewYard--addressDetailDetailsLanguage-inner\"]"}
COMMAND: POST /session/da7f42de234ee122e0f4ded60e4b8c07/element/f.69C6A966BE3F374529091A689B6300C0.d.7664593B0EB01AAD1D629F724886E7B2.e.11223/clear - {}
RESULT: {}
RESULT: {}
COMMAND: POST /session/da7f42de234ee122e0f4ded60e4b8c07/element/f.69C6A966BE3F374529091A689B6300C0.d.7664593B0EB01AAD1D629F724886E7B2.e.11223/value - {"text":"Romanian"}
COMMAND: GET /session/da7f42de234ee122e0f4ded60e4b8c07/screenshot - {}
RESULT: {"text":"Romanian"}
COMMAND: POST /session/da7f42de234ee122e0f4ded60e4b8c07/element - {"using":"xpath","value":"//input[contains(@id ,\"application-manageyards-display-component---NewYard--addressDetailDetailsName1-inner\")]"}
COMMAND: GET /session/da7f42de234ee122e0f4ded60e4b8c07/screenshot - {}
RESULT: {}
RESULT: {"using":"xpath","value":"//input[contains(@id ,\"application-manageyards-display-component---NewYard--addressDetailDetailsName1-inner\")]"}
COMMAND: GET /session/da7f42de234ee122e0f4ded60e4b8c07/element/f.69C6A966BE3F374529091A689B6300C0.d.7664593B0EB01AAD1D629F724886E7B2.e.11222/property/value - {}
RESULT: {}
RESULT: {}
COMMAND: GET /session/da7f42de234ee122e0f4ded60e4b8c07/screenshot - {}
RESULT: {}
COMMAND: POST /session/da7f42de234ee122e0f4ded60e4b8c07/element - {"using":"xpath","value":"//*[@id=\"application-manageyards-display-component---NewYard--addressDetailDetailsCity1-inner\"]"}
RESULT: {"using":"xpath","value":"//*[@id=\"application-manageyards-display-component---NewYard--addressDetailDetailsCity1-inner\"]"}
COMMAND: POST /session/da7f42de234ee122e0f4ded60e4b8c07/element/f.69C6A966BE3F374529091A689B6300C0.d.7664593B0EB01AAD1D629F724886E7B2.e.11225/clear - {}
RESULT: {}
COMMAND: POST /session/da7f42de234ee122e0f4ded60e4b8c07/element/f.69C6A966BE3F374529091A689B6300C0.d.7664593B0EB01AAD1D629F724886E7B2.e.11225/value - {"text":"Bucuresti"}
COMMAND: GET /session/da7f42de234ee122e0f4ded60e4b8c07/screenshot - {}
RESULT: {"text":"Bucuresti"}
COMMAND: GET /session/da7f42de234ee122e0f4ded60e4b8c07/screenshot - {}
RESULT: {}
RESULT: {}
COMMAND: POST /session/da7f42de234ee122e0f4ded60e4b8c07/element - {"using":"xpath","value":"//*[@id=\"application-manageyards-display-component---NewYard--addressDetailDetailsCountry-inner\"]"}
RESULT: {"using":"xpath","value":"//*[@id=\"application-manageyards-display-component---NewYard--addressDetailDetailsCountry-inner\"]"}
COMMAND: POST /session/da7f42de234ee122e0f4ded60e4b8c07/element/f.69C6A966BE3F374529091A689B6300C0.d.7664593B0EB01AAD1D629F724886E7B2.e.11229/clear - {}
RESULT: {}
COMMAND: POST /session/da7f42de234ee122e0f4ded60e4b8c07/element/f.69C6A966BE3F374529091A689B6300C0.d.7664593B0EB01AAD1D629F724886E7B2.e.11229/value - {"text":"Romania"}
COMMAND: GET /session/da7f42de234ee122e0f4ded60e4b8c07/screenshot - {}
RESULT: {"text":"Romania"}
RESULT: {}
COMMAND: GET /session/da7f42de234ee122e0f4ded60e4b8c07/screenshot - {}
RESULT: {}
COMMAND: POST /session/da7f42de234ee122e0f4ded60e4b8c07/element - {"using":"xpath","value":"//div[contains(text(), \"Commercial\")]"}
RESULT: {"using":"xpath","value":"//div[contains(text(), \"Commercial\")]"}
COMMAND: GET /session/da7f42de234ee122e0f4ded60e4b8c07/element/f.69C6A966BE3F374529091A689B6300C0.d.7664593B0EB01AAD1D629F724886E7B2.e.11401/rect - {}
RESULT: {}
COMMAND: GET /session/da7f42de234ee122e0f4ded60e4b8c07/window/rect - {}
RESULT: {}
COMMAND: POST /session/da7f42de234ee122e0f4ded60e4b8c07/execute/sync - {"script":"<script> [92 bytes]","args":[]}
RESULT: {"script":"<script> [92 bytes]","args":[]}
COMMAND: POST /session/da7f42de234ee122e0f4ded60e4b8c07/actions - {"actions":[{"id":"action65","type":"wheel","parameters":{},"actions":[{"type":"scroll","x":-1841,"y":-44,"deltaX":0,"deltaY":0,"duration":0,"origin":{"element-6066-11e4-a52e-4f735466cecf":"f.69C6A966BE3F374529091A689B6300C0.d.7664593B0EB01AAD1D629F724886E7B2.e.11401"}}]}]}
COMMAND: GET /session/da7f42de234ee122e0f4ded60e4b8c07/screenshot - {}
RESULT: {}
COMMAND: POST /session/da7f42de234ee122e0f4ded60e4b8c07/execute/sync - {"script":"<script> [79 bytes]","args":[{"element-6066-11e4-a52e-4f735466cecf":"f.69C6A966BE3F374529091A689B6300C0.d.7664593B0EB01AAD1D629F724886E7B2.e.11401","ELEMENT":"f.69C6A966BE3F374529091A689B6300C0.d.7664593B0EB01AAD1D629F724886E7B2.e.11401"},{"block":"start","inline":"nearest"}]}
RESULT: {"script":"<script> [79 bytes]","args":[{"element-6066-11e4-a52e-4f735466cecf":"f.69C6A966BE3F374529091A689B6300C0.d.7664593B0EB01AAD1D629F724886E7B2.e.11401","ELEMENT":"f.69C6A966BE3F374529091A689B6300C0.d.7664593B0EB01AAD1D629F724886E7B2.e.11401"},{"block":"start","inline":"nearest"}]}
COMMAND: GET /session/da7f42de234ee122e0f4ded60e4b8c07/screenshot - {}
RESULT: {}
COMMAND: POST /session/da7f42de234ee122e0f4ded60e4b8c07/execute/async - {"script":"<script> [1562 bytes]","args":[{"selector":{"id":"application-manageyards-display-component---NewYard--addressEditDetailsCostObjectCstType-arrow"},"wdio_ui5_key":"applicationmanageyards-display-component---NewYard--addressEditDetailsCostObjectCstType-arrow"}]}
RESULT: {"script":"<script> [1562 bytes]","args":[{"selector":{"id":"application-manageyards-display-component---NewYard--addressEditDetailsCostObjectCstType-arrow"},"wdio_ui5_key":"applicationmanageyards-display-component---NewYard--addressEditDetailsCostObjectCstType-arrow"}]}
RESULT: undefined
COMMAND: POST /session/da7f42de234ee122e0f4ded60e4b8c07/element - {"using":"xpath","value":"//*[@id=\"application-manageyards-display-component---NewYard--addressEditDetailsCostObjectCstType-arrow\"]"}
RESULT: {"using":"xpath","value":"//*[@id=\"application-manageyards-display-component---NewYard--addressEditDetailsCostObjectCstType-arrow\"]"}
COMMAND: POST /session/da7f42de234ee122e0f4ded60e4b8c07/element/f.69C6A966BE3F374529091A689B6300C0.d.7664593B0EB01AAD1D629F724886E7B2.e.11410/click - {}
RESULT: {}
COMMAND: POST /session/da7f42de234ee122e0f4ded60e4b8c07/element - {"using":"xpath","value":"//span[contains(text(), \"Cost Center\")]"}
COMMAND: GET /session/da7f42de234ee122e0f4ded60e4b8c07/screenshot - {}
RESULT: {"using":"xpath","value":"//span[contains(text(), \"Cost Center\")]"}
COMMAND: POST /session/da7f42de234ee122e0f4ded60e4b8c07/element/f.69C6A966BE3F374529091A689B6300C0.d.7664593B0EB01AAD1D629F724886E7B2.e.11411/click - {}
RESULT: {}
RESULT: {}
COMMAND: GET /session/da7f42de234ee122e0f4ded60e4b8c07/screenshot - {}
RESULT: {}
COMMAND: POST /session/da7f42de234ee122e0f4ded60e4b8c07/execute/async - {"script":"<script> [1562 bytes]","args":[{"selector":{"id":"application-manageyards-display-component---NewYard--addressNewCostObjectCstID-vhi"},"wdio_ui5_key":"applicationmanageyards-display-component---NewYard--addressNewCostObjectCstID-vhi"}]}
RESULT: {"script":"<script> [1562 bytes]","args":[{"selector":{"id":"application-manageyards-display-component---NewYard--addressNewCostObjectCstID-vhi"},"wdio_ui5_key":"applicationmanageyards-display-component---NewYard--addressNewCostObjectCstID-vhi"}]}
RESULT: undefined
COMMAND: POST /session/da7f42de234ee122e0f4ded60e4b8c07/element - {"using":"xpath","value":"//*[@id=\"application-manageyards-display-component---NewYard--addressNewCostObjectCstID-vhi\"]"}
RESULT: {"using":"xpath","value":"//*[@id=\"application-manageyards-display-component---NewYard--addressNewCostObjectCstID-vhi\"]"}
COMMAND: POST /session/da7f42de234ee122e0f4ded60e4b8c07/element/f.69C6A966BE3F374529091A689B6300C0.d.7664593B0EB01AAD1D629F724886E7B2.e.11415/click - {}
RESULT: {}
COMMAND: GET /session/da7f42de234ee122e0f4ded60e4b8c07/screenshot - {}
RESULT: {}
COMMAND: POST /session/da7f42de234ee122e0f4ded60e4b8c07/execute/async - {"script":"<script> [1562 bytes]","args":[{"selector":{"controlType":"sap.m.SearchField","properties":{"placeholder":"Search"},"searchOpenDialogs":true,"interaction":{"idSuffix":"I"}},"wdio_ui5_key":"sapm.SearchField{\"placeholder\":\"Search\"}"}]}
RESULT: {"script":"<script> [1562 bytes]","args":[{"selector":{"controlType":"sap.m.SearchField","properties":{"placeholder":"Search"},"searchOpenDialogs":true,"interaction":{"idSuffix":"I"}},"wdio_ui5_key":"sapm.SearchField{\"placeholder\":\"Search\"}"}]}
RESULT: undefined
COMMAND: POST /session/da7f42de234ee122e0f4ded60e4b8c07/execute/async - {"script":"<script> [776 bytes]","args":[{"enterText":"10001013","selector":{"controlType":"sap.m.SearchField","properties":{"placeholder":"Search"},"searchOpenDialogs":true,"interaction":{"idSuffix":"I"}},"clearTextFirst":true,"interactionType":"ENTER_TEXT"}]}
RESULT: {"script":"<script> [776 bytes]","args":[{"enterText":"10001013","selector":{"controlType":"sap.m.SearchField","properties":{"placeholder":"Search"},"searchOpenDialogs":true,"interaction":{"idSuffix":"I"}},"clearTextFirst":true,"interactionType":"ENTER_TEXT"}]}
COMMAND: POST /session/da7f42de234ee122e0f4ded60e4b8c07/actions - {"actions":[{"id":"action66","type":"key","parameters":{},"actions":[{"type":"keyDown","value":"î€‡"},{"type":"pause","duration":10},{"type":"keyUp","value":"î€‡"}]}]}
RESULT: {"actions":[{"id":"action66","type":"key","parameters":{},"actions":[{"type":"keyDown","value":"î€‡"},{"type":"pause","duration":10},{"type":"keyUp","value":"î€‡"}]}]}
COMMAND: GET /session/da7f42de234ee122e0f4ded60e4b8c07/screenshot - {}
RESULT: {}
COMMAND: POST /session/da7f42de234ee122e0f4ded60e4b8c07/element - {"using":"xpath","value":"//span[contains(text(), \"General Management\")]"}
RESULT: {"using":"xpath","value":"//span[contains(text(), \"General Management\")]"}
COMMAND: POST /session/da7f42de234ee122e0f4ded60e4b8c07/element/f.69C6A966BE3F374529091A689B6300C0.d.7664593B0EB01AAD1D629F724886E7B2.e.11456/click - {}
RESULT: {}
COMMAND: GET /session/da7f42de234ee122e0f4ded60e4b8c07/screenshot - {}
RESULT: {}
COMMAND: POST /session/da7f42de234ee122e0f4ded60e4b8c07/element - {"using":"xpath","value":"//bdi[contains(text(), \"OK\")]"}
RESULT: {"using":"xpath","value":"//bdi[contains(text(), \"OK\")]"}
COMMAND: POST /session/da7f42de234ee122e0f4ded60e4b8c07/element/f.69C6A966BE3F374529091A689B6300C0.d.7664593B0EB01AAD1D629F724886E7B2.e.11457/click - {}
RESULT: {}
COMMAND: GET /session/da7f42de234ee122e0f4ded60e4b8c07/screenshot - {}
RESULT: {}
COMMAND: POST /session/da7f42de234ee122e0f4ded60e4b8c07/execute/async - {"script":"<script> [1562 bytes]","args":[{"selector":{"controlType":"sap.m.Button","viewName":"etm.portal.ui.manageyards.view.New","viewId":"application-manageyards-display-component---NewYard","i18NText":{"propertyName":"text","key":"save"},"interaction":{"idSuffix":"inner"}},"wdio_ui5_key":"etmportal.ui.manageyards.view.Newsap.m.Button{\"propertyName\":\"text\",\"key\":\"save\"}"}]}
RESULT: {"script":"<script> [1562 bytes]","args":[{"selector":{"controlType":"sap.m.Button","viewName":"etm.portal.ui.manageyards.view.New","viewId":"application-manageyards-display-component---NewYard","i18NText":{"propertyName":"text","key":"save"},"interaction":{"idSuffix":"inner"}},"wdio_ui5_key":"etmportal.ui.manageyards.view.Newsap.m.Button{\"propertyName\":\"text\",\"key\":\"save\"}"}]}
RESULT: undefined
COMMAND: POST /session/da7f42de234ee122e0f4ded60e4b8c07/element - {"using":"xpath","value":"//*[@id=\"__button28\"]"}
RESULT: {"using":"xpath","value":"//*[@id=\"__button28\"]"}
COMMAND: POST /session/da7f42de234ee122e0f4ded60e4b8c07/element/f.69C6A966BE3F374529091A689B6300C0.d.7664593B0EB01AAD1D629F724886E7B2.e.11389/click - {}
RESULT: {}
COMMAND: GET /session/da7f42de234ee122e0f4ded60e4b8c07/screenshot - {}
RESULT: {}
COMMAND: POST /session/da7f42de234ee122e0f4ded60e4b8c07/element - {"using":"xpath","value":"//header/div/div[2]/div[2]/span"}
RESULT: {"using":"xpath","value":"//header/div/div[2]/div[2]/span"}
COMMAND: GET /session/da7f42de234ee122e0f4ded60e4b8c07/element/f.69C6A966BE3F374529091A689B6300C0.d.7664593B0EB01AAD1D629F724886E7B2.e.11650/text - {}
RESULT: {}
COMMAND: POST /session/da7f42de234ee122e0f4ded60e4b8c07/execute/async - {"script":"<script> [1562 bytes]","args":[{"selector":{"controlType":"sap.m.OverflowToolbarButton","viewName":"etm.portal.ui.manageyards.view.Detail","viewId":"application-manageyards-display-component---detailYard","i18NText":{"propertyName":"tooltip","key":"closeColumn"},"interaction":{"idSuffix":"inner"}},"wdio_ui5_key":"etmportal.ui.manageyards.view.Detailsap.m.OverflowToolbarButton{\"propertyName\":\"tooltip\",\"key\":\"closeColumn\"}"}]}
RESULT: {"script":"<script> [1562 bytes]","args":[{"selector":{"controlType":"sap.m.OverflowToolbarButton","viewName":"etm.portal.ui.manageyards.view.Detail","viewId":"application-manageyards-display-component---detailYard","i18NText":{"propertyName":"tooltip","key":"closeColumn"},"interaction":{"idSuffix":"inner"}},"wdio_ui5_key":"etmportal.ui.manageyards.view.Detailsap.m.OverflowToolbarButton{\"propertyName\":\"tooltip\",\"key\":\"closeColumn\"}"}]}
RESULT: undefined
COMMAND: POST /session/da7f42de234ee122e0f4ded60e4b8c07/element - {"using":"xpath","value":"//*[@id=\"__button52\"]"}
RESULT: {"using":"xpath","value":"//*[@id=\"__button52\"]"}
COMMAND: POST /session/da7f42de234ee122e0f4ded60e4b8c07/element/f.69C6A966BE3F374529091A689B6300C0.d.7664593B0EB01AAD1D629F724886E7B2.e.11652/click - {}
RESULT: {}
COMMAND: GET /session/da7f42de234ee122e0f4ded60e4b8c07/screenshot - {}
RESULT: {}
COMMAND: POST /session/da7f42de234ee122e0f4ded60e4b8c07/element - {"using":"css selector","value":"#shell-header-logo"}
RESULT: {"using":"css selector","value":"#shell-header-logo"}
COMMAND: POST /session/da7f42de234ee122e0f4ded60e4b8c07/element/f.69C6A966BE3F374529091A689B6300C0.d.7664593B0EB01AAD1D629F724886E7B2.e.10943/click - {}
RESULT: {}
COMMAND: GET /session/da7f42de234ee122e0f4ded60e4b8c07/screenshot - {}
RESULT: {}
COMMAND: POST /session/da7f42de234ee122e0f4ded60e4b8c07/refresh - {}
RESULT: {}
COMMAND: GET /session/da7f42de234ee122e0f4ded60e4b8c07/screenshot - {}
RESULT: {}
COMMAND: POST /session/da7f42de234ee122e0f4ded60e4b8c07/execute/async - {"script":"<script> [189 bytes]","args":[]}
RESULT: {"script":"<script> [189 bytes]","args":[]}
COMMAND: POST /session/da7f42de234ee122e0f4ded60e4b8c07/execute/async - {"script":"<script> [123 bytes]","args":[]}
RESULT: {"script":"<script> [123 bytes]","args":[]}
COMMAND: POST /session/da7f42de234ee122e0f4ded60e4b8c07/timeouts - {"script":"<number>"}
RESULT: {"script":"<number>"}
COMMAND: GET /session/da7f42de234ee122e0f4ded60e4b8c07/timeouts - {}
RESULT: {}
RESULT: undefined
COMMAND: POST /session/da7f42de234ee122e0f4ded60e4b8c07/execute/async - {"script":"<script> [2676 bytes]","args":[]}
RESULT: {"script":"<script> [2676 bytes]","args":[]}
COMMAND: POST /session/da7f42de234ee122e0f4ded60e4b8c07/execute/async - {"script":"<script> [2342 bytes]","args":[{"protocol":"http","hostname":"0.0.0.0","path":"/","capabilities":{"browserName":"chrome","goog:chromeOptions":{"binary":"C:\\Program Files\\Google\\Chrome\\Application\\chrome.exe","args":["--start-maximized"]}},"logLevel":"warn","connectionRetryTimeout":120000,"connectionRetryCount":3,"logLevels":{},"enableDirectConnect":true,"strictSSL":true,"_":"65 more keys: [\"cacheDir\",\"port\",\"requestedCapabilities\",\"automationProtocol\",\"baseUrl\",\"waitforInterval\",\"waitforTimeout\",\"onReload\",\"beforeCommand\",\"afterCommand\",\"rootDir\",\"specs\",\"suites\",\"exclude\",\"groupLogsByTestSpec\",\"excludeDriverLogs\",\"bail\",\"framework\",\"reporters\",\"services\",\"maxInstances\",\"maxInstancesPerCapability\",\"injectGlobals\",\"filesToWatch\",\"execArgv\",\"runnerEnv\",\"runner\",\"shard\",\"specFileRetries\",\"specFileRetriesDelay\",\"specFileRetriesDeferred\",\"reporterSyncInterval\",\"reporterSyncTimeout\",\"cucumberFeaturesWithLineNumbers\",\"autoCompileOpts\",\"mochaOpts\",\"jasmineOpts\",\"cucumberOpts\",\"onPrepare\",\"onWorkerStart\",\"onWorkerEnd\",\"before\",\"beforeSession\",\"beforeSuite\",\"beforeHook\",\"beforeTest\",\"afterTest\",\"afterHook\",\"afterSuite\",\"afterSession\",\"after\",\"onComplete\",\"beforeAssertion\",\"afterAssertion\",\"beforeFeature\",\"beforeScenario\",\"beforeStep\",\"afterStep\",\"afterScenario\",\"afterFeature\",\"_\",\"suite\",\"$0\",\"ignoredWorkerServices\",\"wdi5\"]"}]}
RESULT: {"script":"<script> [2342 bytes]","args":[{"protocol":"http","hostname":"0.0.0.0","path":"/","capabilities":{"browserName":"chrome","goog:chromeOptions":{"binary":"C:\\Program Files\\Google\\Chrome\\Application\\chrome.exe","args":["--start-maximized"]}},"logLevel":"warn","connectionRetryTimeout":120000,"connectionRetryCount":3,"logLevels":{},"enableDirectConnect":true,"strictSSL":true,"_":"65 more keys: [\"cacheDir\",\"port\",\"requestedCapabilities\",\"automationProtocol\",\"baseUrl\",\"waitforInterval\",\"waitforTimeout\",\"onReload\",\"beforeCommand\",\"afterCommand\",\"rootDir\",\"specs\",\"suites\",\"exclude\",\"groupLogsByTestSpec\",\"excludeDriverLogs\",\"bail\",\"framework\",\"reporters\",\"services\",\"maxInstances\",\"maxInstancesPerCapability\",\"injectGlobals\",\"filesToWatch\",\"execArgv\",\"runnerEnv\",\"runner\",\"shard\",\"specFileRetries\",\"specFileRetriesDelay\",\"specFileRetriesDeferred\",\"reporterSyncInterval\",\"reporterSyncTimeout\",\"cucumberFeaturesWithLineNumbers\",\"autoCompileOpts\",\"mochaOpts\",\"jasmineOpts\",\"cucumberOpts\",\"onPrepare\",\"onWorkerStart\",\"onWorkerEnd\",\"before\",\"beforeSession\",\"beforeSuite\",\"beforeHook\",\"beforeTest\",\"afterTest\",\"afterHook\",\"afterSuite\",\"afterSession\",\"after\",\"onComplete\",\"beforeAssertion\",\"afterAssertion\",\"beforeFeature\",\"beforeScenario\",\"beforeStep\",\"afterStep\",\"afterScenario\",\"afterFeature\",\"_\",\"suite\",\"$0\",\"ignoredWorkerServices\",\"wdi5\"]"}]}
COMMAND: POST /session/da7f42de234ee122e0f4ded60e4b8c07/execute/async - {"script":"<script> [21126 bytes]","args":[35000]}
RESULT: {"script":"<script> [21126 bytes]","args":[35000]}
COMMAND: POST /session/da7f42de234ee122e0f4ded60e4b8c07/execute/async - {"script":"<script> [1562 bytes]","args":[{"selector":{"controlType":"sap.m.GenericTile","properties":{"header":"Manage Partners"}},"wdio_ui5_key":"sapm.GenericTile{\"header\":\"Manage Partners\"}"}]}
RESULT: {"script":"<script> [1562 bytes]","args":[{"selector":{"controlType":"sap.m.GenericTile","properties":{"header":"Manage Partners"}},"wdio_ui5_key":"sapm.GenericTile{\"header\":\"Manage Partners\"}"}]}
RESULT: undefined
COMMAND: POST /session/da7f42de234ee122e0f4ded60e4b8c07/element - {"using":"xpath","value":"//*[@id=\"__tile38\"]"}
RESULT: {"using":"xpath","value":"//*[@id=\"__tile38\"]"}
COMMAND: POST /session/da7f42de234ee122e0f4ded60e4b8c07/element/f.69C6A966BE3F374529091A689B6300C0.d.8524FFC792735E5D137D4833B3AB7D51.e.12014/click - {}
RESULT: {}
COMMAND: GET /session/da7f42de234ee122e0f4ded60e4b8c07/screenshot - {}
RESULT: {}
COMMAND: POST /session/da7f42de234ee122e0f4ded60e4b8c07/elements - {"using":"xpath","value":"//span[text()='Error']"}
RESULT: {"using":"xpath","value":"//span[text()='Error']"}
COMMAND: POST /session/da7f42de234ee122e0f4ded60e4b8c07/execute/async - {"script":"<script> [1562 bytes]","args":[{"selector":{"controlType":"sap.ui.core.Icon","viewName":"etm.portal.ui.managepartners.view.Master","viewId":"application-managepartners-display-component---masterPtm","properties":{"src":{"regex":{"source":"add"}}}},"wdio_ui5_key":"etmportal.ui.managepartners.view.Mastersap.ui.core.Icon{\"src\":{\"regex\":{\"source\":\"add\"}}}"}]}
RESULT: {"script":"<script> [1562 bytes]","args":[{"selector":{"controlType":"sap.ui.core.Icon","viewName":"etm.portal.ui.managepartners.view.Master","viewId":"application-managepartners-display-component---masterPtm","properties":{"src":{"regex":{"source":"add"}}}},"wdio_ui5_key":"etmportal.ui.managepartners.view.Mastersap.ui.core.Icon{\"src\":{\"regex\":{\"source\":\"add\"}}}"}]}
RESULT: undefined
COMMAND: POST /session/da7f42de234ee122e0f4ded60e4b8c07/element - {"using":"xpath","value":"//*[@id=\"__button4-img\"]"}
RESULT: {"using":"xpath","value":"//*[@id=\"__button4-img\"]"}
COMMAND: POST /session/da7f42de234ee122e0f4ded60e4b8c07/element/f.69C6A966BE3F374529091A689B6300C0.d.8524FFC792735E5D137D4833B3AB7D51.e.12063/click - {}
RESULT: {}
COMMAND: GET /session/da7f42de234ee122e0f4ded60e4b8c07/screenshot - {}
RESULT: {}
COMMAND: POST /session/da7f42de234ee122e0f4ded60e4b8c07/execute/async - {"script":"<script> [1562 bytes]","args":[{"selector":{"id":"application-managepartners-display-component---NewPartner--partnerId","interaction":{"idSuffix":"inner"}},"wdio_ui5_key":"applicationmanagepartners-display-component---NewPartner--partnerId"}]}
RESULT: {"script":"<script> [1562 bytes]","args":[{"selector":{"id":"application-managepartners-display-component---NewPartner--partnerId","interaction":{"idSuffix":"inner"}},"wdio_ui5_key":"applicationmanagepartners-display-component---NewPartner--partnerId"}]}
RESULT: undefined
COMMAND: POST /session/da7f42de234ee122e0f4ded60e4b8c07/execute/async - {"script":"<script> [1562 bytes]","args":[{"selector":{"id":"application-managepartners-display-component---NewPartner--addressDetailDetailsName1","interaction":{"idSuffix":"inner"}},"wdio_ui5_key":"applicationmanagepartners-display-component---NewPartner--addressDetailDetailsName1"}]}
RESULT: {"script":"<script> [1562 bytes]","args":[{"selector":{"id":"application-managepartners-display-component---NewPartner--addressDetailDetailsName1","interaction":{"idSuffix":"inner"}},"wdio_ui5_key":"applicationmanagepartners-display-component---NewPartner--addressDetailDetailsName1"}]}
RESULT: undefined
COMMAND: POST /session/da7f42de234ee122e0f4ded60e4b8c07/execute/async - {"script":"<script> [776 bytes]","args":[{"enterText":"WebdriverPartner6v260h","selector":{"id":"application-managepartners-display-component---NewPartner--addressDetailDetailsName1","interaction":{"idSuffix":"inner"}},"clearTextFirst":true,"interactionType":"ENTER_TEXT"}]}
RESULT: {"script":"<script> [776 bytes]","args":[{"enterText":"WebdriverPartner6v260h","selector":{"id":"application-managepartners-display-component---NewPartner--addressDetailDetailsName1","interaction":{"idSuffix":"inner"}},"clearTextFirst":true,"interactionType":"ENTER_TEXT"}]}
COMMAND: POST /session/da7f42de234ee122e0f4ded60e4b8c07/execute/async - {"script":"<script> [1562 bytes]","args":[{"selector":{"id":"application-managepartners-display-component---NewPartner--addressDetailDetailsLanguage","interaction":{"idSuffix":"inner"}},"wdio_ui5_key":"applicationmanagepartners-display-component---NewPartner--addressDetailDetailsLanguage"}]}
RESULT: {"script":"<script> [1562 bytes]","args":[{"selector":{"id":"application-managepartners-display-component---NewPartner--addressDetailDetailsLanguage","interaction":{"idSuffix":"inner"}},"wdio_ui5_key":"applicationmanagepartners-display-component---NewPartner--addressDetailDetailsLanguage"}]}
RESULT: undefined
COMMAND: POST /session/da7f42de234ee122e0f4ded60e4b8c07/execute/async - {"script":"<script> [776 bytes]","args":[{"enterText":"Romanian","selector":{"id":"application-managepartners-display-component---NewPartner--addressDetailDetailsLanguage","interaction":{"idSuffix":"inner"}},"clearTextFirst":true,"interactionType":"ENTER_TEXT"}]}
RESULT: {"script":"<script> [776 bytes]","args":[{"enterText":"Romanian","selector":{"id":"application-managepartners-display-component---NewPartner--addressDetailDetailsLanguage","interaction":{"idSuffix":"inner"}},"clearTextFirst":true,"interactionType":"ENTER_TEXT"}]}
COMMAND: POST /session/da7f42de234ee122e0f4ded60e4b8c07/element - {"using":"xpath","value":"//input[contains(@id ,\"application-managepartners-display-component---NewPartner--addressDetailDetailsName1-inner\")]"}
RESULT: {"using":"xpath","value":"//input[contains(@id ,\"application-managepartners-display-component---NewPartner--addressDetailDetailsName1-inner\")]"}
COMMAND: GET /session/da7f42de234ee122e0f4ded60e4b8c07/element/f.69C6A966BE3F374529091A689B6300C0.d.8524FFC792735E5D137D4833B3AB7D51.e.12235/property/value - {}
RESULT: {}
COMMAND: POST /session/da7f42de234ee122e0f4ded60e4b8c07/execute/async - {"script":"<script> [1562 bytes]","args":[{"selector":{"id":"application-managepartners-display-component---NewPartner--addressDetailDetailsCity1","interaction":{"idSuffix":"inner"}},"wdio_ui5_key":"applicationmanagepartners-display-component---NewPartner--addressDetailDetailsCity1"}]}
COMMAND: GET /session/da7f42de234ee122e0f4ded60e4b8c07/screenshot - {}
RESULT: {"script":"<script> [1562 bytes]","args":[{"selector":{"id":"application-managepartners-display-component---NewPartner--addressDetailDetailsCity1","interaction":{"idSuffix":"inner"}},"wdio_ui5_key":"applicationmanagepartners-display-component---NewPartner--addressDetailDetailsCity1"}]}
RESULT: undefined
COMMAND: POST /session/da7f42de234ee122e0f4ded60e4b8c07/execute/async - {"script":"<script> [776 bytes]","args":[{"enterText":"Bucharest","selector":{"id":"application-managepartners-display-component---NewPartner--addressDetailDetailsCity1","interaction":{"idSuffix":"inner"}},"clearTextFirst":true,"interactionType":"ENTER_TEXT"}]}
RESULT: {}
RESULT: {"script":"<script> [776 bytes]","args":[{"enterText":"Bucharest","selector":{"id":"application-managepartners-display-component---NewPartner--addressDetailDetailsCity1","interaction":{"idSuffix":"inner"}},"clearTextFirst":true,"interactionType":"ENTER_TEXT"}]}
COMMAND: POST /session/da7f42de234ee122e0f4ded60e4b8c07/execute/async - {"script":"<script> [1562 bytes]","args":[{"selector":{"id":"application-managepartners-display-component---NewPartner--addressDetailDetailsCountry","interaction":{"idSuffix":"inner"}},"wdio_ui5_key":"applicationmanagepartners-display-component---NewPartner--addressDetailDetailsCountry"}]}
RESULT: {"script":"<script> [1562 bytes]","args":[{"selector":{"id":"application-managepartners-display-component---NewPartner--addressDetailDetailsCountry","interaction":{"idSuffix":"inner"}},"wdio_ui5_key":"applicationmanagepartners-display-component---NewPartner--addressDetailDetailsCountry"}]}
RESULT: undefined
COMMAND: POST /session/da7f42de234ee122e0f4ded60e4b8c07/execute/async - {"script":"<script> [6424 bytes]","args":[{"element-6066-11e4-a52e-4f735466cecf":"f.69C6A966BE3F374529091A689B6300C0.d.8524FFC792735E5D137D4833B3AB7D51.e.12242"},"setValue",["Romania"]]}
RESULT: {"script":"<script> [6424 bytes]","args":[{"element-6066-11e4-a52e-4f735466cecf":"f.69C6A966BE3F374529091A689B6300C0.d.8524FFC792735E5D137D4833B3AB7D51.e.12242"},"setValue",["Romania"]]}
COMMAND: POST /session/da7f42de234ee122e0f4ded60e4b8c07/execute/async - {"script":"<script> [1562 bytes]","args":[{"selector":{"id":"application-managepartners-display-component---NewPartner--partnerDetailInternal","interaction":{"idSuffix":"inner"}},"wdio_ui5_key":"applicationmanagepartners-display-component---NewPartner--partnerDetailInternal"}]}
RESULT: {"script":"<script> [1562 bytes]","args":[{"selector":{"id":"application-managepartners-display-component---NewPartner--partnerDetailInternal","interaction":{"idSuffix":"inner"}},"wdio_ui5_key":"applicationmanagepartners-display-component---NewPartner--partnerDetailInternal"}]}
RESULT: undefined
COMMAND: POST /session/da7f42de234ee122e0f4ded60e4b8c07/execute/async - {"script":"<script> [776 bytes]","args":[{"enterText":"External partner","selector":{"id":"application-managepartners-display-component---NewPartner--partnerDetailInternal","interaction":{"idSuffix":"inner"}},"clearTextFirst":true,"interactionType":"ENTER_TEXT"}]}
RESULT: {"script":"<script> [776 bytes]","args":[{"enterText":"External partner","selector":{"id":"application-managepartners-display-component---NewPartner--partnerDetailInternal","interaction":{"idSuffix":"inner"}},"clearTextFirst":true,"interactionType":"ENTER_TEXT"}]}
COMMAND: POST /session/da7f42de234ee122e0f4ded60e4b8c07/execute/async - {"script":"<script> [1562 bytes]","args":[{"selector":{"id":"application-managepartners-display-component---NewPartner--partnerDetailsCurrency","interaction":{"idSuffix":"inner"}},"wdio_ui5_key":"applicationmanagepartners-display-component---NewPartner--partnerDetailsCurrency"}]}
RESULT: {"script":"<script> [1562 bytes]","args":[{"selector":{"id":"application-managepartners-display-component---NewPartner--partnerDetailsCurrency","interaction":{"idSuffix":"inner"}},"wdio_ui5_key":"applicationmanagepartners-display-component---NewPartner--partnerDetailsCurrency"}]}
RESULT: undefined
COMMAND: POST /session/da7f42de234ee122e0f4ded60e4b8c07/execute/async - {"script":"<script> [776 bytes]","args":[{"enterText":"Euro","selector":{"id":"application-managepartners-display-component---NewPartner--partnerDetailsCurrency","interaction":{"idSuffix":"inner"}},"clearTextFirst":true,"interactionType":"ENTER_TEXT"}]}
RESULT: {"script":"<script> [776 bytes]","args":[{"enterText":"Euro","selector":{"id":"application-managepartners-display-component---NewPartner--partnerDetailsCurrency","interaction":{"idSuffix":"inner"}},"clearTextFirst":true,"interactionType":"ENTER_TEXT"}]}
COMMAND: POST /session/da7f42de234ee122e0f4ded60e4b8c07/execute/async - {"script":"<script> [1562 bytes]","args":[{"selector":{"controlType":"sap.m.Button","viewName":"etm.portal.ui.managepartners.view.NewPartner","viewId":"application-managepartners-display-component---NewPartner","properties":{"text":"Commercial"},"interaction":{"idSuffix":"BDI-content"}},"wdio_ui5_key":"etmportal.ui.managepartners.view.NewPartnersap.m.Button{\"text\":\"Commercial\"}"}]}
RESULT: {"script":"<script> [1562 bytes]","args":[{"selector":{"controlType":"sap.m.Button","viewName":"etm.portal.ui.managepartners.view.NewPartner","viewId":"application-managepartners-display-component---NewPartner","properties":{"text":"Commercial"},"interaction":{"idSuffix":"BDI-content"}},"wdio_ui5_key":"etmportal.ui.managepartners.view.NewPartnersap.m.Button{\"text\":\"Commercial\"}"}]}
RESULT: undefined
COMMAND: POST /session/da7f42de234ee122e0f4ded60e4b8c07/element - {"using":"xpath","value":"//*[@id=\"application-managepartners-display-component---NewPartner--ObjectPageLayout-anchBar-__section5-anchor\"]"}
RESULT: {"using":"xpath","value":"//*[@id=\"application-managepartners-display-component---NewPartner--ObjectPageLayout-anchBar-__section5-anchor\"]"}
COMMAND: POST /session/da7f42de234ee122e0f4ded60e4b8c07/element/f.69C6A966BE3F374529091A689B6300C0.d.8524FFC792735E5D137D4833B3AB7D51.e.12493/click - {}
RESULT: {}
COMMAND: GET /session/da7f42de234ee122e0f4ded60e4b8c07/screenshot - {}
RESULT: {}
COMMAND: POST /session/da7f42de234ee122e0f4ded60e4b8c07/execute/async - {"script":"<script> [1562 bytes]","args":[{"selector":{"id":"application-managepartners-display-component---NewPartner--btnAddTableRow-img"},"wdio_ui5_key":"applicationmanagepartners-display-component---NewPartner--btnAddTableRow-img"}]}
RESULT: {"script":"<script> [1562 bytes]","args":[{"selector":{"id":"application-managepartners-display-component---NewPartner--btnAddTableRow-img"},"wdio_ui5_key":"applicationmanagepartners-display-component---NewPartner--btnAddTableRow-img"}]}
RESULT: undefined
COMMAND: POST /session/da7f42de234ee122e0f4ded60e4b8c07/element - {"using":"xpath","value":"//*[@id=\"application-managepartners-display-component---NewPartner--btnAddTableRow-img\"]"}
RESULT: {"using":"xpath","value":"//*[@id=\"application-managepartners-display-component---NewPartner--btnAddTableRow-img\"]"}
COMMAND: POST /session/da7f42de234ee122e0f4ded60e4b8c07/element/f.69C6A966BE3F374529091A689B6300C0.d.8524FFC792735E5D137D4833B3AB7D51.e.12499/click - {}
RESULT: {}
COMMAND: POST /session/da7f42de234ee122e0f4ded60e4b8c07/element - {"using":"xpath","value":"//input[contains(@id ,\"application-managepartners-display-component---NewPartner--assignmentYard-application-managepartners-display-component---NewPartner\")]"}
COMMAND: GET /session/da7f42de234ee122e0f4ded60e4b8c07/screenshot - {}
RESULT: {"using":"xpath","value":"//input[contains(@id ,\"application-managepartners-display-component---NewPartner--assignmentYard-application-managepartners-display-component---NewPartner\")]"}
COMMAND: POST /session/da7f42de234ee122e0f4ded60e4b8c07/element/f.69C6A966BE3F374529091A689B6300C0.d.8524FFC792735E5D137D4833B3AB7D51.e.12502/clear - {}
RESULT: {}
RESULT: {}
COMMAND: POST /session/da7f42de234ee122e0f4ded60e4b8c07/element/f.69C6A966BE3F374529091A689B6300C0.d.8524FFC792735E5D137D4833B3AB7D51.e.12502/value - {"text":"WebdriverYardskiob"}
COMMAND: GET /session/da7f42de234ee122e0f4ded60e4b8c07/screenshot - {}
RESULT: {"text":"WebdriverYardskiob"}
COMMAND: GET /session/da7f42de234ee122e0f4ded60e4b8c07/screenshot - {}
RESULT: {}
RESULT: {}
COMMAND: POST /session/da7f42de234ee122e0f4ded60e4b8c07/execute/async - {"script":"<script> [1562 bytes]","args":[{"selector":{"controlType":"sap.m.Button","viewName":"etm.portal.ui.managepartners.view.NewPartner","viewId":"application-managepartners-display-component---NewPartner","i18NText":{"propertyName":"text","key":"save"},"interaction":{"idSuffix":"BDI-content"}},"wdio_ui5_key":"etmportal.ui.managepartners.view.NewPartnersap.m.Button{\"propertyName\":\"text\",\"key\":\"save\"}"}]}
RESULT: {"script":"<script> [1562 bytes]","args":[{"selector":{"controlType":"sap.m.Button","viewName":"etm.portal.ui.managepartners.view.NewPartner","viewId":"application-managepartners-display-component---NewPartner","i18NText":{"propertyName":"text","key":"save"},"interaction":{"idSuffix":"BDI-content"}},"wdio_ui5_key":"etmportal.ui.managepartners.view.NewPartnersap.m.Button{\"propertyName\":\"text\",\"key\":\"save\"}"}]}
RESULT: undefined
COMMAND: POST /session/da7f42de234ee122e0f4ded60e4b8c07/element - {"using":"xpath","value":"//*[@id=\"__button12\"]"}
RESULT: {"using":"xpath","value":"//*[@id=\"__button12\"]"}
COMMAND: POST /session/da7f42de234ee122e0f4ded60e4b8c07/element/f.69C6A966BE3F374529091A689B6300C0.d.8524FFC792735E5D137D4833B3AB7D51.e.12433/click - {}
RESULT: {}
COMMAND: GET /session/da7f42de234ee122e0f4ded60e4b8c07/screenshot - {}
RESULT: {}
COMMAND: POST /session/da7f42de234ee122e0f4ded60e4b8c07/element - {"using":"xpath","value":"//header/div/div[2]/div[2]/span"}
RESULT: {"using":"xpath","value":"//header/div/div[2]/div[2]/span"}
COMMAND: GET /session/da7f42de234ee122e0f4ded60e4b8c07/element/f.69C6A966BE3F374529091A689B6300C0.d.8524FFC792735E5D137D4833B3AB7D51.e.12675/text - {}
RESULT: {}
COMMAND: POST /session/da7f42de234ee122e0f4ded60e4b8c07/element - {"using":"xpath","value":"//header/div/div/div/div/div/div[2]/div/span"}
RESULT: {"using":"xpath","value":"//header/div/div/div/div/div/div[2]/div/span"}
COMMAND: GET /session/da7f42de234ee122e0f4ded60e4b8c07/element/f.69C6A966BE3F374529091A689B6300C0.d.8524FFC792735E5D137D4833B3AB7D51.e.12676/text - {}
RESULT: {}
COMMAND: POST /session/da7f42de234ee122e0f4ded60e4b8c07/execute/async - {"script":"<script> [1562 bytes]","args":[{"selector":{"id":"application-managepartners-display-component---detailPtm--partnerType"},"wdio_ui5_key":"applicationmanagepartners-display-component---detailPtm--partnerType"}]}
RESULT: {"script":"<script> [1562 bytes]","args":[{"selector":{"id":"application-managepartners-display-component---detailPtm--partnerType"},"wdio_ui5_key":"applicationmanagepartners-display-component---detailPtm--partnerType"}]}
RESULT: undefined
COMMAND: POST /session/da7f42de234ee122e0f4ded60e4b8c07/execute/async - {"script":"<script> [6424 bytes]","args":[{"element-6066-11e4-a52e-4f735466cecf":"f.69C6A966BE3F374529091A689B6300C0.d.8524FFC792735E5D137D4833B3AB7D51.e.12677"},"getText",[]]}
RESULT: {"script":"<script> [6424 bytes]","args":[{"element-6066-11e4-a52e-4f735466cecf":"f.69C6A966BE3F374529091A689B6300C0.d.8524FFC792735E5D137D4833B3AB7D51.e.12677"},"getText",[]]}
COMMAND: POST /session/da7f42de234ee122e0f4ded60e4b8c07/element - {"using":"css selector","value":"#shell-header-logo"}
RESULT: {"using":"css selector","value":"#shell-header-logo"}
COMMAND: POST /session/da7f42de234ee122e0f4ded60e4b8c07/element/f.69C6A966BE3F374529091A689B6300C0.d.8524FFC792735E5D137D4833B3AB7D51.e.12015/click - {}
RESULT: {}
COMMAND: GET /session/da7f42de234ee122e0f4ded60e4b8c07/screenshot - {}
RESULT: {}
COMMAND: POST /session/da7f42de234ee122e0f4ded60e4b8c07/execute/async - {"script":"<script> [1562 bytes]","args":[{"selector":{"controlType":"sap.m.GenericTile","properties":{"header":"Manage Sites"}},"wdio_ui5_key":"sapm.GenericTile{\"header\":\"Manage Sites\"}"}]}
RESULT: {"script":"<script> [1562 bytes]","args":[{"selector":{"controlType":"sap.m.GenericTile","properties":{"header":"Manage Sites"}},"wdio_ui5_key":"sapm.GenericTile{\"header\":\"Manage Sites\"}"}]}
RESULT: undefined
COMMAND: POST /session/da7f42de234ee122e0f4ded60e4b8c07/element - {"using":"xpath","value":"//*[@id=\"__tile40\"]"}
RESULT: {"using":"xpath","value":"//*[@id=\"__tile40\"]"}
COMMAND: POST /session/da7f42de234ee122e0f4ded60e4b8c07/element/f.69C6A966BE3F374529091A689B6300C0.d.8524FFC792735E5D137D4833B3AB7D51.e.12679/click - {}
RESULT: {}
COMMAND: GET /session/da7f42de234ee122e0f4ded60e4b8c07/screenshot - {}
RESULT: {}
COMMAND: POST /session/da7f42de234ee122e0f4ded60e4b8c07/elements - {"using":"xpath","value":"//span[text()='Error']"}
RESULT: {"using":"xpath","value":"//span[text()='Error']"}
COMMAND: POST /session/da7f42de234ee122e0f4ded60e4b8c07/execute/async - {"script":"<script> [1562 bytes]","args":[{"selector":{"controlType":"sap.ui.core.Icon","viewName":"etm.portal.ui.managesites.view.Master","viewId":"application-managesites-display-component---masterSite","properties":{"src":{"regex":{"source":"add"}}}},"wdio_ui5_key":"etmportal.ui.managesites.view.Mastersap.ui.core.Icon{\"src\":{\"regex\":{\"source\":\"add\"}}}"}]}
RESULT: {"script":"<script> [1562 bytes]","args":[{"selector":{"controlType":"sap.ui.core.Icon","viewName":"etm.portal.ui.managesites.view.Master","viewId":"application-managesites-display-component---masterSite","properties":{"src":{"regex":{"source":"add"}}}},"wdio_ui5_key":"etmportal.ui.managesites.view.Mastersap.ui.core.Icon{\"src\":{\"regex\":{\"source\":\"add\"}}}"}]}
RESULT: undefined
COMMAND: POST /session/da7f42de234ee122e0f4ded60e4b8c07/element - {"using":"xpath","value":"//*[@id=\"__button52-img\"]"}
RESULT: {"using":"xpath","value":"//*[@id=\"__button52-img\"]"}
COMMAND: POST /session/da7f42de234ee122e0f4ded60e4b8c07/element/f.69C6A966BE3F374529091A689B6300C0.d.8524FFC792735E5D137D4833B3AB7D51.e.12728/click - {}
RESULT: {}
COMMAND: POST /session/da7f42de234ee122e0f4ded60e4b8c07/execute/async - {"script":"<script> [1562 bytes]","args":[{"selector":{"id":"application-managesites-display-component---NewSite--siteId","interaction":{"idSuffix":"inner"}},"wdio_ui5_key":"applicationmanagesites-display-component---NewSite--siteId"}]}
COMMAND: GET /session/da7f42de234ee122e0f4ded60e4b8c07/screenshot - {}
RESULT: {"script":"<script> [1562 bytes]","args":[{"selector":{"id":"application-managesites-display-component---NewSite--siteId","interaction":{"idSuffix":"inner"}},"wdio_ui5_key":"applicationmanagesites-display-component---NewSite--siteId"}]}
RESULT: undefined
COMMAND: POST /session/da7f42de234ee122e0f4ded60e4b8c07/execute/async - {"script":"<script> [1562 bytes]","args":[{"selector":{"id":"application-managesites-display-component---NewSite--addressDetailDetailsName1","interaction":{"idSuffix":"inner"}},"wdio_ui5_key":"applicationmanagesites-display-component---NewSite--addressDetailDetailsName1"}]}
RESULT: {}
RESULT: {"script":"<script> [1562 bytes]","args":[{"selector":{"id":"application-managesites-display-component---NewSite--addressDetailDetailsName1","interaction":{"idSuffix":"inner"}},"wdio_ui5_key":"applicationmanagesites-display-component---NewSite--addressDetailDetailsName1"}]}
RESULT: undefined
COMMAND: POST /session/da7f42de234ee122e0f4ded60e4b8c07/execute/async - {"script":"<script> [776 bytes]","args":[{"enterText":"WebdriverSiteatu8u","selector":{"id":"application-managesites-display-component---NewSite--addressDetailDetailsName1","interaction":{"idSuffix":"inner"}},"clearTextFirst":true,"interactionType":"ENTER_TEXT"}]}
RESULT: {"script":"<script> [776 bytes]","args":[{"enterText":"WebdriverSiteatu8u","selector":{"id":"application-managesites-display-component---NewSite--addressDetailDetailsName1","interaction":{"idSuffix":"inner"}},"clearTextFirst":true,"interactionType":"ENTER_TEXT"}]}
COMMAND: POST /session/da7f42de234ee122e0f4ded60e4b8c07/execute/async - {"script":"<script> [1562 bytes]","args":[{"selector":{"id":"application-managesites-display-component---NewSite--addressDetailDetailsLanguage","interaction":{"idSuffix":"inner"}},"wdio_ui5_key":"applicationmanagesites-display-component---NewSite--addressDetailDetailsLanguage"}]}
RESULT: {"script":"<script> [1562 bytes]","args":[{"selector":{"id":"application-managesites-display-component---NewSite--addressDetailDetailsLanguage","interaction":{"idSuffix":"inner"}},"wdio_ui5_key":"applicationmanagesites-display-component---NewSite--addressDetailDetailsLanguage"}]}
RESULT: undefined
COMMAND: POST /session/da7f42de234ee122e0f4ded60e4b8c07/execute/async - {"script":"<script> [776 bytes]","args":[{"enterText":"Romanian","selector":{"id":"application-managesites-display-component---NewSite--addressDetailDetailsLanguage","interaction":{"idSuffix":"inner"}},"clearTextFirst":true,"interactionType":"ENTER_TEXT"}]}
RESULT: {"script":"<script> [776 bytes]","args":[{"enterText":"Romanian","selector":{"id":"application-managesites-display-component---NewSite--addressDetailDetailsLanguage","interaction":{"idSuffix":"inner"}},"clearTextFirst":true,"interactionType":"ENTER_TEXT"}]}
COMMAND: POST /session/da7f42de234ee122e0f4ded60e4b8c07/execute/async - {"script":"<script> [1562 bytes]","args":[{"selector":{"id":"application-managesites-display-component---NewSite--addressDetailDetailsCity1","interaction":{"idSuffix":"inner"}},"wdio_ui5_key":"applicationmanagesites-display-component---NewSite--addressDetailDetailsCity1"}]}
RESULT: {"script":"<script> [1562 bytes]","args":[{"selector":{"id":"application-managesites-display-component---NewSite--addressDetailDetailsCity1","interaction":{"idSuffix":"inner"}},"wdio_ui5_key":"applicationmanagesites-display-component---NewSite--addressDetailDetailsCity1"}]}
RESULT: undefined
COMMAND: POST /session/da7f42de234ee122e0f4ded60e4b8c07/execute/async - {"script":"<script> [776 bytes]","args":[{"enterText":"Bucharest","selector":{"id":"application-managesites-display-component---NewSite--addressDetailDetailsCity1","interaction":{"idSuffix":"inner"}},"clearTextFirst":true,"interactionType":"ENTER_TEXT"}]}
RESULT: {"script":"<script> [776 bytes]","args":[{"enterText":"Bucharest","selector":{"id":"application-managesites-display-component---NewSite--addressDetailDetailsCity1","interaction":{"idSuffix":"inner"}},"clearTextFirst":true,"interactionType":"ENTER_TEXT"}]}
COMMAND: POST /session/da7f42de234ee122e0f4ded60e4b8c07/execute/async - {"script":"<script> [1562 bytes]","args":[{"selector":{"id":"application-managesites-display-component---NewSite--addressDetailDetailsCountry","interaction":{"idSuffix":"inner"}},"wdio_ui5_key":"applicationmanagesites-display-component---NewSite--addressDetailDetailsCountry"}]}
RESULT: {"script":"<script> [1562 bytes]","args":[{"selector":{"id":"application-managesites-display-component---NewSite--addressDetailDetailsCountry","interaction":{"idSuffix":"inner"}},"wdio_ui5_key":"applicationmanagesites-display-component---NewSite--addressDetailDetailsCountry"}]}
RESULT: undefined
COMMAND: POST /session/da7f42de234ee122e0f4ded60e4b8c07/execute/async - {"script":"<script> [776 bytes]","args":[{"enterText":"Romania","selector":{"id":"application-managesites-display-component---NewSite--addressDetailDetailsCountry","interaction":{"idSuffix":"inner"}},"clearTextFirst":true,"interactionType":"ENTER_TEXT"}]}
RESULT: {"script":"<script> [776 bytes]","args":[{"enterText":"Romania","selector":{"id":"application-managesites-display-component---NewSite--addressDetailDetailsCountry","interaction":{"idSuffix":"inner"}},"clearTextFirst":true,"interactionType":"ENTER_TEXT"}]}
COMMAND: POST /session/da7f42de234ee122e0f4ded60e4b8c07/element - {"using":"css selector","value":"#application-managesites-display-component---NewSite--addressDetailDetailsCalendar-inner"}
RESULT: {"using":"css selector","value":"#application-managesites-display-component---NewSite--addressDetailDetailsCalendar-inner"}
COMMAND: POST /session/da7f42de234ee122e0f4ded60e4b8c07/element/f.69C6A966BE3F374529091A689B6300C0.d.8524FFC792735E5D137D4833B3AB7D51.e.13097/clear - {}
RESULT: {}
COMMAND: POST /session/da7f42de234ee122e0f4ded60e4b8c07/element/f.69C6A966BE3F374529091A689B6300C0.d.8524FFC792735E5D137D4833B3AB7D51.e.13097/value - {"text":"Germany"}
COMMAND: GET /session/da7f42de234ee122e0f4ded60e4b8c07/screenshot - {}
RESULT: {"text":"Germany"}
COMMAND: POST /session/da7f42de234ee122e0f4ded60e4b8c07/execute/async - {"script":"<script> [1562 bytes]","args":[{"selector":{"id":"application-managesites-display-component---NewSite--addressEditDetailsCostObjectCstType-arrow"},"wdio_ui5_key":"applicationmanagesites-display-component---NewSite--addressEditDetailsCostObjectCstType-arrow"}]}
COMMAND: GET /session/da7f42de234ee122e0f4ded60e4b8c07/screenshot - {}
RESULT: {}
RESULT: {"script":"<script> [1562 bytes]","args":[{"selector":{"id":"application-managesites-display-component---NewSite--addressEditDetailsCostObjectCstType-arrow"},"wdio_ui5_key":"applicationmanagesites-display-component---NewSite--addressEditDetailsCostObjectCstType-arrow"}]}
RESULT: undefined
COMMAND: POST /session/da7f42de234ee122e0f4ded60e4b8c07/element - {"using":"xpath","value":"//*[@id=\"application-managesites-display-component---NewSite--addressEditDetailsCostObjectCstType-arrow\"]"}
RESULT: {}
RESULT: {"using":"xpath","value":"//*[@id=\"application-managesites-display-component---NewSite--addressEditDetailsCostObjectCstType-arrow\"]"}
COMMAND: POST /session/da7f42de234ee122e0f4ded60e4b8c07/element/f.69C6A966BE3F374529091A689B6300C0.d.8524FFC792735E5D137D4833B3AB7D51.e.13299/click - {}
RESULT: {}
COMMAND: POST /session/da7f42de234ee122e0f4ded60e4b8c07/element - {"using":"xpath","value":"//span[contains(text(), \"Work Breakdown Structure\")]"}
COMMAND: GET /session/da7f42de234ee122e0f4ded60e4b8c07/screenshot - {}
RESULT: {"using":"xpath","value":"//span[contains(text(), \"Work Breakdown Structure\")]"}
COMMAND: POST /session/da7f42de234ee122e0f4ded60e4b8c07/element/f.69C6A966BE3F374529091A689B6300C0.d.8524FFC792735E5D137D4833B3AB7D51.e.13300/click - {}
RESULT: {}
RESULT: {}
COMMAND: GET /session/da7f42de234ee122e0f4ded60e4b8c07/screenshot - {}
RESULT: {}
COMMAND: POST /session/da7f42de234ee122e0f4ded60e4b8c07/execute/async - {"script":"<script> [1562 bytes]","args":[{"selector":{"id":"application-managesites-display-component---NewSite--addressNewCostObjectCstID-vhi"},"wdio_ui5_key":"applicationmanagesites-display-component---NewSite--addressNewCostObjectCstID-vhi"}]}
RESULT: {"script":"<script> [1562 bytes]","args":[{"selector":{"id":"application-managesites-display-component---NewSite--addressNewCostObjectCstID-vhi"},"wdio_ui5_key":"applicationmanagesites-display-component---NewSite--addressNewCostObjectCstID-vhi"}]}
RESULT: undefined
COMMAND: POST /session/da7f42de234ee122e0f4ded60e4b8c07/element - {"using":"xpath","value":"//*[@id=\"application-managesites-display-component---NewSite--addressNewCostObjectCstID-vhi\"]"}
RESULT: {"using":"xpath","value":"//*[@id=\"application-managesites-display-component---NewSite--addressNewCostObjectCstID-vhi\"]"}
COMMAND: POST /session/da7f42de234ee122e0f4ded60e4b8c07/element/f.69C6A966BE3F374529091A689B6300C0.d.8524FFC792735E5D137D4833B3AB7D51.e.13305/click - {}
RESULT: {}
COMMAND: GET /session/da7f42de234ee122e0f4ded60e4b8c07/screenshot - {}
RESULT: {}
COMMAND: POST /session/da7f42de234ee122e0f4ded60e4b8c07/execute/async - {"script":"<script> [1562 bytes]","args":[{"selector":{"controlType":"sap.m.SearchField","properties":{"placeholder":"Search"},"searchOpenDialogs":true,"interaction":{"idSuffix":"I"}},"wdio_ui5_key":"sapm.SearchField{\"placeholder\":\"Search\"}"}]}
RESULT: {"script":"<script> [1562 bytes]","args":[{"selector":{"controlType":"sap.m.SearchField","properties":{"placeholder":"Search"},"searchOpenDialogs":true,"interaction":{"idSuffix":"I"}},"wdio_ui5_key":"sapm.SearchField{\"placeholder\":\"Search\"}"}]}
RESULT: undefined
COMMAND: POST /session/da7f42de234ee122e0f4ded60e4b8c07/execute/async - {"script":"<script> [776 bytes]","args":[{"enterText":"A1-000100-01","selector":{"controlType":"sap.m.SearchField","properties":{"placeholder":"Search"},"searchOpenDialogs":true,"interaction":{"idSuffix":"I"}},"clearTextFirst":true,"interactionType":"ENTER_TEXT"}]}
RESULT: {"script":"<script> [776 bytes]","args":[{"enterText":"A1-000100-01","selector":{"controlType":"sap.m.SearchField","properties":{"placeholder":"Search"},"searchOpenDialogs":true,"interaction":{"idSuffix":"I"}},"clearTextFirst":true,"interactionType":"ENTER_TEXT"}]}
COMMAND: POST /session/da7f42de234ee122e0f4ded60e4b8c07/actions - {"actions":[{"id":"action67","type":"key","parameters":{},"actions":[{"type":"keyDown","value":"î€‡"},{"type":"pause","duration":10},{"type":"keyUp","value":"î€‡"}]}]}
RESULT: {"actions":[{"id":"action67","type":"key","parameters":{},"actions":[{"type":"keyDown","value":"î€‡"},{"type":"pause","duration":10},{"type":"keyUp","value":"î€‡"}]}]}
COMMAND: GET /session/da7f42de234ee122e0f4ded60e4b8c07/screenshot - {}
RESULT: {}
COMMAND: POST /session/da7f42de234ee122e0f4ded60e4b8c07/element - {"using":"xpath","value":"//span[contains(text(), \"Template for ETO-Process\")]"}
RESULT: {"using":"xpath","value":"//span[contains(text(), \"Template for ETO-Process\")]"}
COMMAND: POST /session/da7f42de234ee122e0f4ded60e4b8c07/element/f.69C6A966BE3F374529091A689B6300C0.d.8524FFC792735E5D137D4833B3AB7D51.e.13325/click - {}
RESULT: {}
COMMAND: GET /session/da7f42de234ee122e0f4ded60e4b8c07/screenshot - {}
RESULT: {}
COMMAND: POST /session/da7f42de234ee122e0f4ded60e4b8c07/element - {"using":"xpath","value":"//bdi[contains(text(), \"OK\")]"}
RESULT: {"using":"xpath","value":"//bdi[contains(text(), \"OK\")]"}
COMMAND: POST /session/da7f42de234ee122e0f4ded60e4b8c07/element/f.69C6A966BE3F374529091A689B6300C0.d.8524FFC792735E5D137D4833B3AB7D51.e.13326/click - {}
RESULT: {}
COMMAND: GET /session/da7f42de234ee122e0f4ded60e4b8c07/screenshot - {}
RESULT: {}
COMMAND: POST /session/da7f42de234ee122e0f4ded60e4b8c07/element - {"using":"xpath","value":"//input[@id=\"application-managesites-display-component---NewSite--addressDetailDetailsYard-inner\"]"}
RESULT: {"using":"xpath","value":"//input[@id=\"application-managesites-display-component---NewSite--addressDetailDetailsYard-inner\"]"}
COMMAND: POST /session/da7f42de234ee122e0f4ded60e4b8c07/element/f.69C6A966BE3F374529091A689B6300C0.d.8524FFC792735E5D137D4833B3AB7D51.e.13098/value - {"text":"WebdriverYardskiob"}
RESULT: {"text":"WebdriverYardskiob"}
COMMAND: GET /session/da7f42de234ee122e0f4ded60e4b8c07/screenshot - {}
RESULT: {}
COMMAND: POST /session/da7f42de234ee122e0f4ded60e4b8c07/actions - {"actions":[{"id":"action68","type":"key","parameters":{},"actions":[{"type":"keyDown","value":"î€‡"},{"type":"pause","duration":10},{"type":"keyUp","value":"î€‡"}]}]}
RESULT: {"actions":[{"id":"action68","type":"key","parameters":{},"actions":[{"type":"keyDown","value":"î€‡"},{"type":"pause","duration":10},{"type":"keyUp","value":"î€‡"}]}]}
COMMAND: GET /session/da7f42de234ee122e0f4ded60e4b8c07/screenshot - {}
RESULT: {}
COMMAND: POST /session/da7f42de234ee122e0f4ded60e4b8c07/element - {"using":"xpath","value":"//input[@id=\"application-managesites-display-component---NewSite--addressDetailDetailsPartner-inner\"]"}
RESULT: {"using":"xpath","value":"//input[@id=\"application-managesites-display-component---NewSite--addressDetailDetailsPartner-inner\"]"}
COMMAND: POST /session/da7f42de234ee122e0f4ded60e4b8c07/elements - {"using":"xpath","value":"//input[@id=\"application-managesites-display-component---NewSite--addressDetailDetailsPartner-inner\"]"}
RESULT: {"using":"xpath","value":"//input[@id=\"application-managesites-display-component---NewSite--addressDetailDetailsPartner-inner\"]"}
COMMAND: POST /session/da7f42de234ee122e0f4ded60e4b8c07/execute/async - {"script":"<script> [1562 bytes]","args":[{"selector":{"controlType":"sap.m.Button","viewName":"etm.portal.ui.managesites.view.NewSmartSite","viewId":"application-managesites-display-component---NewSite","properties":{"text":"Commercial"},"interaction":{"idSuffix":"BDI-content"}},"wdio_ui5_key":"etmportal.ui.managesites.view.NewSmartSitesap.m.Button{\"text\":\"Commercial\"}"}]}
RESULT: {"script":"<script> [1562 bytes]","args":[{"selector":{"controlType":"sap.m.Button","viewName":"etm.portal.ui.managesites.view.NewSmartSite","viewId":"application-managesites-display-component---NewSite","properties":{"text":"Commercial"},"interaction":{"idSuffix":"BDI-content"}},"wdio_ui5_key":"etmportal.ui.managesites.view.NewSmartSitesap.m.Button{\"text\":\"Commercial\"}"}]}
RESULT: undefined
COMMAND: POST /session/da7f42de234ee122e0f4ded60e4b8c07/element - {"using":"xpath","value":"//*[@id=\"application-managesites-display-component---NewSite--ObjectPageLayout-anchBar-__section31-anchor\"]"}
RESULT: {"using":"xpath","value":"//*[@id=\"application-managesites-display-component---NewSite--ObjectPageLayout-anchBar-__section31-anchor\"]"}
COMMAND: POST /session/da7f42de234ee122e0f4ded60e4b8c07/element/f.69C6A966BE3F374529091A689B6300C0.d.8524FFC792735E5D137D4833B3AB7D51.e.13333/click - {}
RESULT: {}
COMMAND: POST /session/da7f42de234ee122e0f4ded60e4b8c07/execute/async - {"script":"<script> [1562 bytes]","args":[{"selector":{"controlType":"sap.m.Button","viewName":"etm.portal.ui.managesites.view.NewSmartSite","viewId":"application-managesites-display-component---NewSite","i18NText":{"propertyName":"text","key":"save"},"interaction":{"idSuffix":"BDI-content"}},"wdio_ui5_key":"etmportal.ui.managesites.view.NewSmartSitesap.m.Button{\"propertyName\":\"text\",\"key\":\"save\"}"}]}
COMMAND: GET /session/da7f42de234ee122e0f4ded60e4b8c07/screenshot - {}
RESULT: {"script":"<script> [1562 bytes]","args":[{"selector":{"controlType":"sap.m.Button","viewName":"etm.portal.ui.managesites.view.NewSmartSite","viewId":"application-managesites-display-component---NewSite","i18NText":{"propertyName":"text","key":"save"},"interaction":{"idSuffix":"BDI-content"}},"wdio_ui5_key":"etmportal.ui.managesites.view.NewSmartSitesap.m.Button{\"propertyName\":\"text\",\"key\":\"save\"}"}]}
RESULT: undefined
COMMAND: POST /session/da7f42de234ee122e0f4ded60e4b8c07/element - {"using":"xpath","value":"//*[@id=\"__button64\"]"}
RESULT: {}
RESULT: {"using":"xpath","value":"//*[@id=\"__button64\"]"}
COMMAND: POST /session/da7f42de234ee122e0f4ded60e4b8c07/element/f.69C6A966BE3F374529091A689B6300C0.d.8524FFC792735E5D137D4833B3AB7D51.e.13242/click - {}
RESULT: {}
COMMAND: GET /session/da7f42de234ee122e0f4ded60e4b8c07/screenshot - {}
RESULT: {}
COMMAND: POST /session/da7f42de234ee122e0f4ded60e4b8c07/execute/async - {"script":"<script> [1562 bytes]","args":[{"selector":{"id":"application-managesites-display-component---detailSite--addressDetailDetailsYardText"},"wdio_ui5_key":"applicationmanagesites-display-component---detailSite--addressDetailDetailsYardText"}]}
RESULT: {"script":"<script> [1562 bytes]","args":[{"selector":{"id":"application-managesites-display-component---detailSite--addressDetailDetailsYardText"},"wdio_ui5_key":"applicationmanagesites-display-component---detailSite--addressDetailDetailsYardText"}]}
RESULT: undefined
COMMAND: POST /session/da7f42de234ee122e0f4ded60e4b8c07/element - {"using":"xpath","value":"//header/div/div[2]/div[2]/span"}
RESULT: {"using":"xpath","value":"//header/div/div[2]/div[2]/span"}
COMMAND: GET /session/da7f42de234ee122e0f4ded60e4b8c07/element/f.69C6A966BE3F374529091A689B6300C0.d.8524FFC792735E5D137D4833B3AB7D51.e.13538/text - {}
RESULT: {}
COMMAND: POST /session/da7f42de234ee122e0f4ded60e4b8c07/element - {"using":"xpath","value":"//header/div/div/div/div/div/div[2]/div/span"}
RESULT: {"using":"xpath","value":"//header/div/div/div/div/div/div[2]/div/span"}
COMMAND: GET /session/da7f42de234ee122e0f4ded60e4b8c07/element/f.69C6A966BE3F374529091A689B6300C0.d.8524FFC792735E5D137D4833B3AB7D51.e.13539/text - {}
RESULT: {}
COMMAND: POST /session/da7f42de234ee122e0f4ded60e4b8c07/element - {"using":"css selector","value":"#shell-header-logo"}
RESULT: {"using":"css selector","value":"#shell-header-logo"}
COMMAND: POST /session/da7f42de234ee122e0f4ded60e4b8c07/element/f.69C6A966BE3F374529091A689B6300C0.d.8524FFC792735E5D137D4833B3AB7D51.e.12682/click - {}
RESULT: {}
COMMAND: GET /session/da7f42de234ee122e0f4ded60e4b8c07/screenshot - {}
RESULT: {}
]]></system-out>
    </testcase>
    <testcase classname="chrome.136_0_7103_93.windows.E2E_-_Logistical_and_commercial_statuses" name="It should stock increase the resource" time="242.607">
      <system-out><![CDATA[
COMMAND: POST /session/da7f42de234ee122e0f4ded60e4b8c07/execute/async - {"script":"<script> [1562 bytes]","args":[{"selector":{"controlType":"sap.m.GenericTile","properties":{"header":"Manage Resources"}},"wdio_ui5_key":"sapm.GenericTile{\"header\":\"Manage Resources\"}"}]}
RESULT: {"script":"<script> [1562 bytes]","args":[{"selector":{"controlType":"sap.m.GenericTile","properties":{"header":"Manage Resources"}},"wdio_ui5_key":"sapm.GenericTile{\"header\":\"Manage Resources\"}"}]}
RESULT: undefined
COMMAND: POST /session/da7f42de234ee122e0f4ded60e4b8c07/element - {"using":"xpath","value":"//*[@id=\"__tile39\"]"}
RESULT: {"using":"xpath","value":"//*[@id=\"__tile39\"]"}
COMMAND: POST /session/da7f42de234ee122e0f4ded60e4b8c07/element/f.69C6A966BE3F374529091A689B6300C0.d.8524FFC792735E5D137D4833B3AB7D51.e.13541/click - {}
RESULT: {}
COMMAND: GET /session/da7f42de234ee122e0f4ded60e4b8c07/screenshot - {}
RESULT: {}
COMMAND: POST /session/da7f42de234ee122e0f4ded60e4b8c07/elements - {"using":"xpath","value":"//span[text()='Error']"}
RESULT: {"using":"xpath","value":"//span[text()='Error']"}
COMMAND: POST /session/da7f42de234ee122e0f4ded60e4b8c07/element - {"using":"xpath","value":"//button[@data-kt=\"addNewRUOverflowToolbarButton\"]"}
RESULT: {"using":"xpath","value":"//button[@data-kt=\"addNewRUOverflowToolbarButton\"]"}
COMMAND: POST /session/da7f42de234ee122e0f4ded60e4b8c07/execute/sync - {"script":"<script> [8489 bytes]","args":[{"element-6066-11e4-a52e-4f735466cecf":"f.69C6A966BE3F374529091A689B6300C0.d.8524FFC792735E5D137D4833B3AB7D51.e.13583","ELEMENT":"f.69C6A966BE3F374529091A689B6300C0.d.8524FFC792735E5D137D4833B3AB7D51.e.13583"}]}
RESULT: {"script":"<script> [8489 bytes]","args":[{"element-6066-11e4-a52e-4f735466cecf":"f.69C6A966BE3F374529091A689B6300C0.d.8524FFC792735E5D137D4833B3AB7D51.e.13583","ELEMENT":"f.69C6A966BE3F374529091A689B6300C0.d.8524FFC792735E5D137D4833B3AB7D51.e.13583"}]}
COMMAND: POST /session/da7f42de234ee122e0f4ded60e4b8c07/element/f.69C6A966BE3F374529091A689B6300C0.d.8524FFC792735E5D137D4833B3AB7D51.e.13583/click - {}
COMMAND: GET /session/da7f42de234ee122e0f4ded60e4b8c07/screenshot - {}
RESULT: {}
COMMAND: POST /session/da7f42de234ee122e0f4ded60e4b8c07/execute/async - {"script":"<script> [1562 bytes]","args":[{"selector":{"id":"application-manageresources-display-component---newResourceUnit--TYPE-arrow"},"wdio_ui5_key":"applicationmanageresources-display-component---newResourceUnit--TYPE-arrow"}]}
COMMAND: GET /session/da7f42de234ee122e0f4ded60e4b8c07/screenshot - {}
RESULT: {}
RESULT: {"script":"<script> [1562 bytes]","args":[{"selector":{"id":"application-manageresources-display-component---newResourceUnit--TYPE-arrow"},"wdio_ui5_key":"applicationmanageresources-display-component---newResourceUnit--TYPE-arrow"}]}
RESULT: undefined
COMMAND: POST /session/da7f42de234ee122e0f4ded60e4b8c07/element - {"using":"xpath","value":"//*[@id=\"application-manageresources-display-component---newResourceUnit--TYPE-arrow\"]"}
RESULT: {}
RESULT: {"using":"xpath","value":"//*[@id=\"application-manageresources-display-component---newResourceUnit--TYPE-arrow\"]"}
COMMAND: POST /session/da7f42de234ee122e0f4ded60e4b8c07/element/f.69C6A966BE3F374529091A689B6300C0.d.8524FFC792735E5D137D4833B3AB7D51.e.13894/click - {}
RESULT: {}
COMMAND: POST /session/da7f42de234ee122e0f4ded60e4b8c07/execute/async - {"script":"<script> [1562 bytes]","args":[{"selector":{"controlType":"sap.m.StandardListItem","viewName":"reusables.view.manageresources.NewResourceUnit","viewId":"application-manageresources-display-component---newResourceUnit","properties":{"title":"Material"},"searchOpenDialogs":true,"interaction":{"idSuffix":"titleText"}},"wdio_ui5_key":"reusablesview.manageresources.NewResourceUnitsap.m.StandardListItem{\"title\":\"Material\"}"}]}
COMMAND: GET /session/da7f42de234ee122e0f4ded60e4b8c07/screenshot - {}
RESULT: {"script":"<script> [1562 bytes]","args":[{"selector":{"controlType":"sap.m.StandardListItem","viewName":"reusables.view.manageresources.NewResourceUnit","viewId":"application-manageresources-display-component---newResourceUnit","properties":{"title":"Material"},"searchOpenDialogs":true,"interaction":{"idSuffix":"titleText"}},"wdio_ui5_key":"reusablesview.manageresources.NewResourceUnitsap.m.StandardListItem{\"title\":\"Material\"}"}]}
RESULT: undefined
COMMAND: POST /session/da7f42de234ee122e0f4ded60e4b8c07/element - {"using":"xpath","value":"//*[@id=\"__item1221\"]"}
RESULT: {}
RESULT: {"using":"xpath","value":"//*[@id=\"__item1221\"]"}
COMMAND: POST /session/da7f42de234ee122e0f4ded60e4b8c07/element/f.69C6A966BE3F374529091A689B6300C0.d.8524FFC792735E5D137D4833B3AB7D51.e.13897/click - {}
RESULT: {}
COMMAND: POST /session/da7f42de234ee122e0f4ded60e4b8c07/execute/async - {"script":"<script> [1562 bytes]","args":[{"selector":{"id":"application-manageresources-display-component---newResourceUnit--SHORT_TEXT","interaction":{"idSuffix":"inner"}},"wdio_ui5_key":"applicationmanageresources-display-component---newResourceUnit--SHORT_TEXT"}]}
COMMAND: GET /session/da7f42de234ee122e0f4ded60e4b8c07/screenshot - {}
RESULT: {"script":"<script> [1562 bytes]","args":[{"selector":{"id":"application-manageresources-display-component---newResourceUnit--SHORT_TEXT","interaction":{"idSuffix":"inner"}},"wdio_ui5_key":"applicationmanageresources-display-component---newResourceUnit--SHORT_TEXT"}]}
RESULT: undefined
COMMAND: POST /session/da7f42de234ee122e0f4ded60e4b8c07/execute/async - {"script":"<script> [776 bytes]","args":[{"enterText":"WebdriverMatTesti9hfd","selector":{"id":"application-manageresources-display-component---newResourceUnit--SHORT_TEXT","interaction":{"idSuffix":"inner"}},"clearTextFirst":true,"interactionType":"ENTER_TEXT"}]}
RESULT: {}
RESULT: {"script":"<script> [776 bytes]","args":[{"enterText":"WebdriverMatTesti9hfd","selector":{"id":"application-manageresources-display-component---newResourceUnit--SHORT_TEXT","interaction":{"idSuffix":"inner"}},"clearTextFirst":true,"interactionType":"ENTER_TEXT"}]}
COMMAND: POST /session/da7f42de234ee122e0f4ded60e4b8c07/execute/async - {"script":"<script> [1562 bytes]","args":[{"selector":{"id":"application-manageresources-display-component---newResourceUnit--BASE_UNIT_OF_MEASURE-arrow"},"wdio_ui5_key":"applicationmanageresources-display-component---newResourceUnit--BASE_UNIT_OF_MEASURE-arrow"}]}
RESULT: {"script":"<script> [1562 bytes]","args":[{"selector":{"id":"application-manageresources-display-component---newResourceUnit--BASE_UNIT_OF_MEASURE-arrow"},"wdio_ui5_key":"applicationmanageresources-display-component---newResourceUnit--BASE_UNIT_OF_MEASURE-arrow"}]}
RESULT: undefined
COMMAND: POST /session/da7f42de234ee122e0f4ded60e4b8c07/element - {"using":"xpath","value":"//*[@id=\"application-manageresources-display-component---newResourceUnit--BASE_UNIT_OF_MEASURE-arrow\"]"}
RESULT: {"using":"xpath","value":"//*[@id=\"application-manageresources-display-component---newResourceUnit--BASE_UNIT_OF_MEASURE-arrow\"]"}
COMMAND: POST /session/da7f42de234ee122e0f4ded60e4b8c07/element/f.69C6A966BE3F374529091A689B6300C0.d.8524FFC792735E5D137D4833B3AB7D51.e.14017/click - {}
RESULT: {}
COMMAND: POST /session/da7f42de234ee122e0f4ded60e4b8c07/execute/async - {"script":"<script> [1562 bytes]","args":[{"selector":{"controlType":"sap.m.StandardListItem","viewName":"reusables.view.manageresources.NewResourceUnit","viewId":"application-manageresources-display-component---newResourceUnit","properties":{"title":"Piece"},"searchOpenDialogs":true,"interaction":{"idSuffix":"titleText"}},"wdio_ui5_key":"reusablesview.manageresources.NewResourceUnitsap.m.StandardListItem{\"title\":\"Piece\"}"}]}
COMMAND: GET /session/da7f42de234ee122e0f4ded60e4b8c07/screenshot - {}
RESULT: {"script":"<script> [1562 bytes]","args":[{"selector":{"controlType":"sap.m.StandardListItem","viewName":"reusables.view.manageresources.NewResourceUnit","viewId":"application-manageresources-display-component---newResourceUnit","properties":{"title":"Piece"},"searchOpenDialogs":true,"interaction":{"idSuffix":"titleText"}},"wdio_ui5_key":"reusablesview.manageresources.NewResourceUnitsap.m.StandardListItem{\"title\":\"Piece\"}"}]}
RESULT: undefined
COMMAND: POST /session/da7f42de234ee122e0f4ded60e4b8c07/element - {"using":"xpath","value":"//*[@id=\"__item1274\"]"}
RESULT: {}
RESULT: {"using":"xpath","value":"//*[@id=\"__item1274\"]"}
COMMAND: POST /session/da7f42de234ee122e0f4ded60e4b8c07/element/f.69C6A966BE3F374529091A689B6300C0.d.8524FFC792735E5D137D4833B3AB7D51.e.14019/click - {}
RESULT: {}
COMMAND: POST /session/da7f42de234ee122e0f4ded60e4b8c07/element - {"using":"xpath","value":"//input[contains(@id ,\"application-manageresources-display-component---newResourceUnit--SHORT_TEXT-inner\")]"}
COMMAND: GET /session/da7f42de234ee122e0f4ded60e4b8c07/screenshot - {}
RESULT: {"using":"xpath","value":"//input[contains(@id ,\"application-manageresources-display-component---newResourceUnit--SHORT_TEXT-inner\")]"}
COMMAND: GET /session/da7f42de234ee122e0f4ded60e4b8c07/element/f.69C6A966BE3F374529091A689B6300C0.d.8524FFC792735E5D137D4833B3AB7D51.e.13914/property/value - {}
RESULT: {}
RESULT: {}
COMMAND: POST /session/da7f42de234ee122e0f4ded60e4b8c07/execute/async - {"script":"<script> [1562 bytes]","args":[{"selector":{"id":"application-manageresources-display-component---newResourceUnit--WEIGHT_UNIT-arrow"},"wdio_ui5_key":"applicationmanageresources-display-component---newResourceUnit--WEIGHT_UNIT-arrow"}]}
COMMAND: GET /session/da7f42de234ee122e0f4ded60e4b8c07/screenshot - {}
RESULT: {"script":"<script> [1562 bytes]","args":[{"selector":{"id":"application-manageresources-display-component---newResourceUnit--WEIGHT_UNIT-arrow"},"wdio_ui5_key":"applicationmanageresources-display-component---newResourceUnit--WEIGHT_UNIT-arrow"}]}
RESULT: undefined
COMMAND: POST /session/da7f42de234ee122e0f4ded60e4b8c07/element - {"using":"xpath","value":"//*[@id=\"application-manageresources-display-component---newResourceUnit--WEIGHT_UNIT-arrow\"]"}
RESULT: {}
RESULT: {"using":"xpath","value":"//*[@id=\"application-manageresources-display-component---newResourceUnit--WEIGHT_UNIT-arrow\"]"}
COMMAND: POST /session/da7f42de234ee122e0f4ded60e4b8c07/element/f.69C6A966BE3F374529091A689B6300C0.d.8524FFC792735E5D137D4833B3AB7D51.e.14020/click - {}
RESULT: {}
COMMAND: POST /session/da7f42de234ee122e0f4ded60e4b8c07/execute/async - {"script":"<script> [1562 bytes]","args":[{"selector":{"controlType":"sap.m.StandardListItem","viewName":"reusables.view.manageresources.NewResourceUnit","viewId":"application-manageresources-display-component---newResourceUnit","properties":{"title":"Gram"},"searchOpenDialogs":true,"interaction":{"idSuffix":"content"}},"wdio_ui5_key":"reusablesview.manageresources.NewResourceUnitsap.m.StandardListItem{\"title\":\"Gram\"}"}]}
COMMAND: GET /session/da7f42de234ee122e0f4ded60e4b8c07/screenshot - {}
RESULT: {"script":"<script> [1562 bytes]","args":[{"selector":{"controlType":"sap.m.StandardListItem","viewName":"reusables.view.manageresources.NewResourceUnit","viewId":"application-manageresources-display-component---newResourceUnit","properties":{"title":"Gram"},"searchOpenDialogs":true,"interaction":{"idSuffix":"content"}},"wdio_ui5_key":"reusablesview.manageresources.NewResourceUnitsap.m.StandardListItem{\"title\":\"Gram\"}"}]}
RESULT: undefined
COMMAND: POST /session/da7f42de234ee122e0f4ded60e4b8c07/element - {"using":"xpath","value":"//*[@id=\"__item1339\"]"}
RESULT: {}
RESULT: {"using":"xpath","value":"//*[@id=\"__item1339\"]"}
COMMAND: POST /session/da7f42de234ee122e0f4ded60e4b8c07/element/f.69C6A966BE3F374529091A689B6300C0.d.8524FFC792735E5D137D4833B3AB7D51.e.14022/click - {}
RESULT: {}
COMMAND: POST /session/da7f42de234ee122e0f4ded60e4b8c07/execute/async - {"script":"<script> [1562 bytes]","args":[{"selector":{"id":"application-manageresources-display-component---newResourceUnit--newRRUPage-OPHeaderContent-collapseBtn-img"},"wdio_ui5_key":"applicationmanageresources-display-component---newResourceUnit--newRRUPage-OPHeaderContent-collapseBtn-img"}]}
COMMAND: GET /session/da7f42de234ee122e0f4ded60e4b8c07/screenshot - {}
RESULT: {"script":"<script> [1562 bytes]","args":[{"selector":{"id":"application-manageresources-display-component---newResourceUnit--newRRUPage-OPHeaderContent-collapseBtn-img"},"wdio_ui5_key":"applicationmanageresources-display-component---newResourceUnit--newRRUPage-OPHeaderContent-collapseBtn-img"}]}
RESULT: undefined
COMMAND: POST /session/da7f42de234ee122e0f4ded60e4b8c07/element - {"using":"xpath","value":"//*[@id=\"application-manageresources-display-component---newResourceUnit--newRRUPage-OPHeaderContent-collapseBtn-img\"]"}
RESULT: {}
RESULT: {"using":"xpath","value":"//*[@id=\"application-manageresources-display-component---newResourceUnit--newRRUPage-OPHeaderContent-collapseBtn-img\"]"}
COMMAND: POST /session/da7f42de234ee122e0f4ded60e4b8c07/element/f.69C6A966BE3F374529091A689B6300C0.d.8524FFC792735E5D137D4833B3AB7D51.e.13904/click - {}
RESULT: {}
COMMAND: GET /session/da7f42de234ee122e0f4ded60e4b8c07/screenshot - {}
RESULT: {}
COMMAND: POST /session/da7f42de234ee122e0f4ded60e4b8c07/element - {"using":"xpath","value":"(//span[contains(@id ,\"application-manageresources-display-component---newResourceUnit--DIMENSION_UNIT-arrow\")])[1]"}
RESULT: {"using":"xpath","value":"(//span[contains(@id ,\"application-manageresources-display-component---newResourceUnit--DIMENSION_UNIT-arrow\")])[1]"}
COMMAND: POST /session/da7f42de234ee122e0f4ded60e4b8c07/element/f.69C6A966BE3F374529091A689B6300C0.d.8524FFC792735E5D137D4833B3AB7D51.e.14026/click - {}
RESULT: {}
COMMAND: GET /session/da7f42de234ee122e0f4ded60e4b8c07/screenshot - {}
RESULT: {}
COMMAND: POST /session/da7f42de234ee122e0f4ded60e4b8c07/execute/async - {"script":"<script> [1562 bytes]","args":[{"selector":{"controlType":"sap.m.StandardListItem","viewName":"reusables.view.manageresources.NewResourceUnit","viewId":"application-manageresources-display-component---newResourceUnit","properties":{"title":"Centimeter"},"searchOpenDialogs":true,"interaction":{"idSuffix":"titleText"}},"wdio_ui5_key":"reusablesview.manageresources.NewResourceUnitsap.m.StandardListItem{\"title\":\"Centimeter\"}"}]}
RESULT: {"script":"<script> [1562 bytes]","args":[{"selector":{"controlType":"sap.m.StandardListItem","viewName":"reusables.view.manageresources.NewResourceUnit","viewId":"application-manageresources-display-component---newResourceUnit","properties":{"title":"Centimeter"},"searchOpenDialogs":true,"interaction":{"idSuffix":"titleText"}},"wdio_ui5_key":"reusablesview.manageresources.NewResourceUnitsap.m.StandardListItem{\"title\":\"Centimeter\"}"}]}
RESULT: undefined
COMMAND: POST /session/da7f42de234ee122e0f4ded60e4b8c07/element - {"using":"xpath","value":"//*[@id=\"__item1342\"]"}
RESULT: {"using":"xpath","value":"//*[@id=\"__item1342\"]"}
COMMAND: POST /session/da7f42de234ee122e0f4ded60e4b8c07/element/f.69C6A966BE3F374529091A689B6300C0.d.8524FFC792735E5D137D4833B3AB7D51.e.14030/click - {}
RESULT: {}
COMMAND: POST /session/da7f42de234ee122e0f4ded60e4b8c07/execute/async - {"script":"<script> [1562 bytes]","args":[{"selector":{"id":"application-manageresources-display-component---newResourceUnit--newRRUPage-anchBar-application-manageresources-display-component---newResourceUnit--reference-anchor","interaction":{"idSuffix":"BDI-content"}},"wdio_ui5_key":"applicationmanageresources-display-component---newResourceUnit--newRRUPage-anchBar-application-manageresources-display-component---newResourceUnit--reference-anchor"}]}
COMMAND: GET /session/da7f42de234ee122e0f4ded60e4b8c07/screenshot - {}
RESULT: {"script":"<script> [1562 bytes]","args":[{"selector":{"id":"application-manageresources-display-component---newResourceUnit--newRRUPage-anchBar-application-manageresources-display-component---newResourceUnit--reference-anchor","interaction":{"idSuffix":"BDI-content"}},"wdio_ui5_key":"applicationmanageresources-display-component---newResourceUnit--newRRUPage-anchBar-application-manageresources-display-component---newResourceUnit--reference-anchor"}]}
RESULT: undefined
COMMAND: POST /session/da7f42de234ee122e0f4ded60e4b8c07/element - {"using":"xpath","value":"//*[@id=\"application-manageresources-display-component---newResourceUnit--newRRUPage-anchBar-application-manageresources-display-component---newResourceUnit--reference-anchor\"]"}
RESULT: {}
RESULT: {"using":"xpath","value":"//*[@id=\"application-manageresources-display-component---newResourceUnit--newRRUPage-anchBar-application-manageresources-display-component---newResourceUnit--reference-anchor\"]"}
COMMAND: POST /session/da7f42de234ee122e0f4ded60e4b8c07/element/f.69C6A966BE3F374529091A689B6300C0.d.8524FFC792735E5D137D4833B3AB7D51.e.14032/click - {}
RESULT: {}
COMMAND: POST /session/da7f42de234ee122e0f4ded60e4b8c07/execute/async - {"script":"<script> [1562 bytes]","args":[{"selector":{"id":"application-manageresources-display-component---newResourceUnit--PLANNING_GROUP-arrow"},"wdio_ui5_key":"applicationmanageresources-display-component---newResourceUnit--PLANNING_GROUP-arrow"}]}
COMMAND: GET /session/da7f42de234ee122e0f4ded60e4b8c07/screenshot - {}
RESULT: {"script":"<script> [1562 bytes]","args":[{"selector":{"id":"application-manageresources-display-component---newResourceUnit--PLANNING_GROUP-arrow"},"wdio_ui5_key":"applicationmanageresources-display-component---newResourceUnit--PLANNING_GROUP-arrow"}]}
RESULT: undefined
COMMAND: POST /session/da7f42de234ee122e0f4ded60e4b8c07/element - {"using":"xpath","value":"//*[@id=\"application-manageresources-display-component---newResourceUnit--PLANNING_GROUP-arrow\"]"}
RESULT: {}
RESULT: {"using":"xpath","value":"//*[@id=\"application-manageresources-display-component---newResourceUnit--PLANNING_GROUP-arrow\"]"}
COMMAND: POST /session/da7f42de234ee122e0f4ded60e4b8c07/element/f.69C6A966BE3F374529091A689B6300C0.d.8524FFC792735E5D137D4833B3AB7D51.e.14038/click - {}
RESULT: {}
COMMAND: POST /session/da7f42de234ee122e0f4ded60e4b8c07/execute/async - {"script":"<script> [1562 bytes]","args":[{"selector":{"controlType":"sap.m.StandardListItem","viewName":"reusables.view.manageresources.NewResourceUnit","viewId":"application-manageresources-display-component---newResourceUnit","properties":{"title":"Heavy Equi"},"searchOpenDialogs":true,"interaction":{"idSuffix":"content"}},"wdio_ui5_key":"reusablesview.manageresources.NewResourceUnitsap.m.StandardListItem{\"title\":\"Heavy Equi\"}"}]}
COMMAND: GET /session/da7f42de234ee122e0f4ded60e4b8c07/screenshot - {}
RESULT: {"script":"<script> [1562 bytes]","args":[{"selector":{"controlType":"sap.m.StandardListItem","viewName":"reusables.view.manageresources.NewResourceUnit","viewId":"application-manageresources-display-component---newResourceUnit","properties":{"title":"Heavy Equi"},"searchOpenDialogs":true,"interaction":{"idSuffix":"content"}},"wdio_ui5_key":"reusablesview.manageresources.NewResourceUnitsap.m.StandardListItem{\"title\":\"Heavy Equi\"}"}]}
RESULT: undefined
COMMAND: POST /session/da7f42de234ee122e0f4ded60e4b8c07/element - {"using":"xpath","value":"//*[@id=\"__item1350\"]"}
RESULT: {}
RESULT: {"using":"xpath","value":"//*[@id=\"__item1350\"]"}
COMMAND: POST /session/da7f42de234ee122e0f4ded60e4b8c07/element/f.69C6A966BE3F374529091A689B6300C0.d.8524FFC792735E5D137D4833B3AB7D51.e.14040/click - {}
RESULT: {}
COMMAND: GET /session/da7f42de234ee122e0f4ded60e4b8c07/screenshot - {}
RESULT: {}
COMMAND: POST /session/da7f42de234ee122e0f4ded60e4b8c07/execute/async - {"script":"<script> [1562 bytes]","args":[{"selector":{"id":"application-manageresources-display-component---newResourceUnit--PLANNING_INDICATOR-arrow"},"wdio_ui5_key":"applicationmanageresources-display-component---newResourceUnit--PLANNING_INDICATOR-arrow"}]}
RESULT: {"script":"<script> [1562 bytes]","args":[{"selector":{"id":"application-manageresources-display-component---newResourceUnit--PLANNING_INDICATOR-arrow"},"wdio_ui5_key":"applicationmanageresources-display-component---newResourceUnit--PLANNING_INDICATOR-arrow"}]}
RESULT: undefined
COMMAND: POST /session/da7f42de234ee122e0f4ded60e4b8c07/element - {"using":"xpath","value":"//*[@id=\"application-manageresources-display-component---newResourceUnit--PLANNING_INDICATOR-arrow\"]"}
RESULT: {"using":"xpath","value":"//*[@id=\"application-manageresources-display-component---newResourceUnit--PLANNING_INDICATOR-arrow\"]"}
COMMAND: POST /session/da7f42de234ee122e0f4ded60e4b8c07/element/f.69C6A966BE3F374529091A689B6300C0.d.8524FFC792735E5D137D4833B3AB7D51.e.14041/click - {}
RESULT: {}
COMMAND: POST /session/da7f42de234ee122e0f4ded60e4b8c07/execute/async - {"script":"<script> [1562 bytes]","args":[{"selector":{"controlType":"sap.m.StandardListItem","viewName":"reusables.view.manageresources.NewResourceUnit","viewId":"application-manageresources-display-component---newResourceUnit","properties":{"title":"10 - infinite"},"searchOpenDialogs":true,"interaction":{"idSuffix":"content"}},"wdio_ui5_key":"reusablesview.manageresources.NewResourceUnitsap.m.StandardListItem{\"title\":\"10 - infinite\"}"}]}
COMMAND: GET /session/da7f42de234ee122e0f4ded60e4b8c07/screenshot - {}
RESULT: {"script":"<script> [1562 bytes]","args":[{"selector":{"controlType":"sap.m.StandardListItem","viewName":"reusables.view.manageresources.NewResourceUnit","viewId":"application-manageresources-display-component---newResourceUnit","properties":{"title":"10 - infinite"},"searchOpenDialogs":true,"interaction":{"idSuffix":"content"}},"wdio_ui5_key":"reusablesview.manageresources.NewResourceUnitsap.m.StandardListItem{\"title\":\"10 - infinite\"}"}]}
RESULT: undefined
COMMAND: POST /session/da7f42de234ee122e0f4ded60e4b8c07/element - {"using":"xpath","value":"//*[@id=\"__item1360\"]"}
RESULT: {}
RESULT: {"using":"xpath","value":"//*[@id=\"__item1360\"]"}
COMMAND: POST /session/da7f42de234ee122e0f4ded60e4b8c07/element/f.69C6A966BE3F374529091A689B6300C0.d.8524FFC792735E5D137D4833B3AB7D51.e.14043/click - {}
RESULT: {}
COMMAND: GET /session/da7f42de234ee122e0f4ded60e4b8c07/screenshot - {}
RESULT: {}
COMMAND: POST /session/da7f42de234ee122e0f4ded60e4b8c07/element - {"using":"xpath","value":"//bdi[contains(text(), \"Time Segment\")]"}
RESULT: {"using":"xpath","value":"//bdi[contains(text(), \"Time Segment\")]"}
COMMAND: GET /session/da7f42de234ee122e0f4ded60e4b8c07/element/f.69C6A966BE3F374529091A689B6300C0.d.8524FFC792735E5D137D4833B3AB7D51.e.14044/rect - {}
RESULT: {}
COMMAND: GET /session/da7f42de234ee122e0f4ded60e4b8c07/window/rect - {}
RESULT: {}
COMMAND: POST /session/da7f42de234ee122e0f4ded60e4b8c07/execute/sync - {"script":"<script> [92 bytes]","args":[]}
RESULT: {"script":"<script> [92 bytes]","args":[]}
COMMAND: POST /session/da7f42de234ee122e0f4ded60e4b8c07/actions - {"actions":[{"id":"action69","type":"wheel","parameters":{},"actions":[{"type":"scroll","x":-1820,"y":-21,"deltaX":0,"deltaY":0,"duration":0,"origin":{"element-6066-11e4-a52e-4f735466cecf":"f.69C6A966BE3F374529091A689B6300C0.d.8524FFC792735E5D137D4833B3AB7D51.e.14044"}}]}]}
COMMAND: GET /session/da7f42de234ee122e0f4ded60e4b8c07/screenshot - {}
RESULT: {}
COMMAND: POST /session/da7f42de234ee122e0f4ded60e4b8c07/execute/sync - {"script":"<script> [79 bytes]","args":[{"element-6066-11e4-a52e-4f735466cecf":"f.69C6A966BE3F374529091A689B6300C0.d.8524FFC792735E5D137D4833B3AB7D51.e.14044","ELEMENT":"f.69C6A966BE3F374529091A689B6300C0.d.8524FFC792735E5D137D4833B3AB7D51.e.14044"},{"block":"start","inline":"nearest"}]}
RESULT: {"script":"<script> [79 bytes]","args":[{"element-6066-11e4-a52e-4f735466cecf":"f.69C6A966BE3F374529091A689B6300C0.d.8524FFC792735E5D137D4833B3AB7D51.e.14044","ELEMENT":"f.69C6A966BE3F374529091A689B6300C0.d.8524FFC792735E5D137D4833B3AB7D51.e.14044"},{"block":"start","inline":"nearest"}]}
COMMAND: GET /session/da7f42de234ee122e0f4ded60e4b8c07/screenshot - {}
RESULT: {}
COMMAND: POST /session/da7f42de234ee122e0f4ded60e4b8c07/element - {"using":"xpath","value":"//span[@id=\"application-manageresources-display-component---newResourceUnit--btnAddTimeSegment-img\"]"}
RESULT: {"using":"xpath","value":"//span[@id=\"application-manageresources-display-component---newResourceUnit--btnAddTimeSegment-img\"]"}
COMMAND: POST /session/da7f42de234ee122e0f4ded60e4b8c07/execute/sync - {"script":"<script> [8489 bytes]","args":[{"element-6066-11e4-a52e-4f735466cecf":"f.69C6A966BE3F374529091A689B6300C0.d.8524FFC792735E5D137D4833B3AB7D51.e.14047","ELEMENT":"f.69C6A966BE3F374529091A689B6300C0.d.8524FFC792735E5D137D4833B3AB7D51.e.14047"}]}
RESULT: {"script":"<script> [8489 bytes]","args":[{"element-6066-11e4-a52e-4f735466cecf":"f.69C6A966BE3F374529091A689B6300C0.d.8524FFC792735E5D137D4833B3AB7D51.e.14047","ELEMENT":"f.69C6A966BE3F374529091A689B6300C0.d.8524FFC792735E5D137D4833B3AB7D51.e.14047"}]}
COMMAND: POST /session/da7f42de234ee122e0f4ded60e4b8c07/element/f.69C6A966BE3F374529091A689B6300C0.d.8524FFC792735E5D137D4833B3AB7D51.e.14047/click - {}
COMMAND: GET /session/da7f42de234ee122e0f4ded60e4b8c07/screenshot - {}
RESULT: {}
COMMAND: GET /session/da7f42de234ee122e0f4ded60e4b8c07/screenshot - {}
COMMAND: POST /session/da7f42de234ee122e0f4ded60e4b8c07/element - {"using":"xpath","value":"//input[@id=\"application-manageresources-display-component---newResourceUnit--idRuTSAdmin-application-manageresources-display-component---newResourceUnit--RUTimeSegment-0-inner\"]"}
RESULT: {}
RESULT: {}
RESULT: {"using":"xpath","value":"//input[@id=\"application-manageresources-display-component---newResourceUnit--idRuTSAdmin-application-manageresources-display-component---newResourceUnit--RUTimeSegment-0-inner\"]"}
COMMAND: POST /session/da7f42de234ee122e0f4ded60e4b8c07/element/f.69C6A966BE3F374529091A689B6300C0.d.8524FFC792735E5D137D4833B3AB7D51.e.14050/clear - {}
RESULT: {}
COMMAND: POST /session/da7f42de234ee122e0f4ded60e4b8c07/element/f.69C6A966BE3F374529091A689B6300C0.d.8524FFC792735E5D137D4833B3AB7D51.e.14050/value - {"text":"WebdriverYardskiob"}
COMMAND: GET /session/da7f42de234ee122e0f4ded60e4b8c07/screenshot - {}
RESULT: {"text":"WebdriverYardskiob"}
COMMAND: GET /session/da7f42de234ee122e0f4ded60e4b8c07/screenshot - {}
RESULT: {}
RESULT: {}
COMMAND: POST /session/da7f42de234ee122e0f4ded60e4b8c07/actions - {"actions":[{"id":"action70","type":"key","parameters":{},"actions":[{"type":"keyDown","value":"î€‡"},{"type":"pause","duration":10},{"type":"keyUp","value":"î€‡"}]}]}
RESULT: {"actions":[{"id":"action70","type":"key","parameters":{},"actions":[{"type":"keyDown","value":"î€‡"},{"type":"pause","duration":10},{"type":"keyUp","value":"î€‡"}]}]}
COMMAND: GET /session/da7f42de234ee122e0f4ded60e4b8c07/screenshot - {}
RESULT: {}
COMMAND: POST /session/da7f42de234ee122e0f4ded60e4b8c07/execute/async - {"script":"<script> [1562 bytes]","args":[{"selector":{"controlType":"sap.m.Button","viewName":"reusables.view.manageresources.NewResourceUnit","viewId":"application-manageresources-display-component---newResourceUnit","i18NText":{"propertyName":"tooltip","key":"save"},"interaction":{"idSuffix":"BDI-content"}},"wdio_ui5_key":"reusablesview.manageresources.NewResourceUnitsap.m.Button{\"propertyName\":\"tooltip\",\"key\":\"save\"}"}]}
RESULT: {"script":"<script> [1562 bytes]","args":[{"selector":{"controlType":"sap.m.Button","viewName":"reusables.view.manageresources.NewResourceUnit","viewId":"application-manageresources-display-component---newResourceUnit","i18NText":{"propertyName":"tooltip","key":"save"},"interaction":{"idSuffix":"BDI-content"}},"wdio_ui5_key":"reusablesview.manageresources.NewResourceUnitsap.m.Button{\"propertyName\":\"tooltip\",\"key\":\"save\"}"}]}
RESULT: undefined
COMMAND: POST /session/da7f42de234ee122e0f4ded60e4b8c07/element - {"using":"xpath","value":"//*[@id=\"application-manageresources-display-component---newResourceUnit--createRuButton\"]"}
RESULT: {"using":"xpath","value":"//*[@id=\"application-manageresources-display-component---newResourceUnit--createRuButton\"]"}
COMMAND: POST /session/da7f42de234ee122e0f4ded60e4b8c07/element/f.69C6A966BE3F374529091A689B6300C0.d.8524FFC792735E5D137D4833B3AB7D51.e.13910/click - {}
RESULT: {}
COMMAND: GET /session/da7f42de234ee122e0f4ded60e4b8c07/screenshot - {}
RESULT: {}
COMMAND: POST /session/da7f42de234ee122e0f4ded60e4b8c07/execute/async - {"script":"<script> [1562 bytes]","args":[{"selector":{"controlType":"sap.m.Title","properties":{"text":"Success"},"searchOpenDialogs":true},"wdio_ui5_key":"sapm.Title{\"text\":\"Success\"}"}]}
RESULT: {"script":"<script> [1562 bytes]","args":[{"selector":{"controlType":"sap.m.Title","properties":{"text":"Success"},"searchOpenDialogs":true},"wdio_ui5_key":"sapm.Title{\"text\":\"Success\"}"}]}
RESULT: undefined
COMMAND: POST /session/da7f42de234ee122e0f4ded60e4b8c07/execute/async - {"script":"<script> [6424 bytes]","args":[{"element-6066-11e4-a52e-4f735466cecf":"f.69C6A966BE3F374529091A689B6300C0.d.8524FFC792735E5D137D4833B3AB7D51.e.14069"},"getText",[]]}
RESULT: {"script":"<script> [6424 bytes]","args":[{"element-6066-11e4-a52e-4f735466cecf":"f.69C6A966BE3F374529091A689B6300C0.d.8524FFC792735E5D137D4833B3AB7D51.e.14069"},"getText",[]]}
COMMAND: POST /session/da7f42de234ee122e0f4ded60e4b8c07/element - {"using":"xpath","value":"//*[contains(@id, '__text') and (contains(text(), 'successfully created') or contains(., 'successfully created'))]"}
RESULT: {"using":"xpath","value":"//*[contains(@id, '__text') and (contains(text(), 'successfully created') or contains(., 'successfully created'))]"}
COMMAND: GET /session/da7f42de234ee122e0f4ded60e4b8c07/element/f.69C6A966BE3F374529091A689B6300C0.d.8524FFC792735E5D137D4833B3AB7D51.e.14068/text - {}
RESULT: {}
COMMAND: POST /session/da7f42de234ee122e0f4ded60e4b8c07/execute/async - {"script":"<script> [1562 bytes]","args":[{"selector":{"controlType":"sap.m.Button","properties":{"text":"Close"},"searchOpenDialogs":true,"interaction":{"idSuffix":"BDI-content"}},"wdio_ui5_key":"sapm.Button{\"text\":\"Close\"}"}]}
RESULT: {"script":"<script> [1562 bytes]","args":[{"selector":{"controlType":"sap.m.Button","properties":{"text":"Close"},"searchOpenDialogs":true,"interaction":{"idSuffix":"BDI-content"}},"wdio_ui5_key":"sapm.Button{\"text\":\"Close\"}"}]}
RESULT: undefined
COMMAND: POST /session/da7f42de234ee122e0f4ded60e4b8c07/element - {"using":"xpath","value":"//*[@id=\"__mbox-btn-0\"]"}
RESULT: {"using":"xpath","value":"//*[@id=\"__mbox-btn-0\"]"}
COMMAND: POST /session/da7f42de234ee122e0f4ded60e4b8c07/element/f.69C6A966BE3F374529091A689B6300C0.d.8524FFC792735E5D137D4833B3AB7D51.e.14066/click - {}
RESULT: {}
COMMAND: GET /session/da7f42de234ee122e0f4ded60e4b8c07/screenshot - {}
RESULT: {}
COMMAND: POST /session/da7f42de234ee122e0f4ded60e4b8c07/execute/async - {"script":"<script> [1562 bytes]","args":[{"selector":{"controlType":"sap.ui.core.Icon","viewName":"etm.portal.ui.manageresources.view.Detail","viewId":"application-manageresources-display-component---detailRU","properties":{"src":{"regex":{"source":"overflow"}}}},"wdio_ui5_key":"etmportal.ui.manageresources.view.Detailsap.ui.core.Icon{\"src\":{\"regex\":{\"source\":\"overflow\"}}}"}]}
RESULT: {"script":"<script> [1562 bytes]","args":[{"selector":{"controlType":"sap.ui.core.Icon","viewName":"etm.portal.ui.manageresources.view.Detail","viewId":"application-manageresources-display-component---detailRU","properties":{"src":{"regex":{"source":"overflow"}}}},"wdio_ui5_key":"etmportal.ui.manageresources.view.Detailsap.ui.core.Icon{\"src\":{\"regex\":{\"source\":\"overflow\"}}}"}]}
RESULT: undefined
COMMAND: POST /session/da7f42de234ee122e0f4ded60e4b8c07/element - {"using":"xpath","value":"//*[@id=\"__title36-_actionsToolbar-overflowButton-img\"]"}
RESULT: {"using":"xpath","value":"//*[@id=\"__title36-_actionsToolbar-overflowButton-img\"]"}
COMMAND: POST /session/da7f42de234ee122e0f4ded60e4b8c07/element/f.69C6A966BE3F374529091A689B6300C0.d.8524FFC792735E5D137D4833B3AB7D51.e.14101/click - {}
RESULT: {}
COMMAND: POST /session/da7f42de234ee122e0f4ded60e4b8c07/execute/async - {"script":"<script> [1562 bytes]","args":[{"selector":{"controlType":"sap.m.Button","viewName":"etm.portal.ui.manageresources.view.Detail","viewId":"application-manageresources-display-component---detailRU","i18NText":{"propertyName":"tooltip","key":"closeColumn"},"searchOpenDialogs":true,"interaction":{"idSuffix":"inner"}},"wdio_ui5_key":"etmportal.ui.manageresources.view.Detailsap.m.Button{\"propertyName\":\"tooltip\",\"key\":\"closeColumn\"}"}]}
COMMAND: GET /session/da7f42de234ee122e0f4ded60e4b8c07/screenshot - {}
RESULT: {"script":"<script> [1562 bytes]","args":[{"selector":{"controlType":"sap.m.Button","viewName":"etm.portal.ui.manageresources.view.Detail","viewId":"application-manageresources-display-component---detailRU","i18NText":{"propertyName":"tooltip","key":"closeColumn"},"searchOpenDialogs":true,"interaction":{"idSuffix":"inner"}},"wdio_ui5_key":"etmportal.ui.manageresources.view.Detailsap.m.Button{\"propertyName\":\"tooltip\",\"key\":\"closeColumn\"}"}]}
RESULT: undefined
COMMAND: POST /session/da7f42de234ee122e0f4ded60e4b8c07/element - {"using":"xpath","value":"//*[@id=\"__button151\"]"}
RESULT: {}
RESULT: {"using":"xpath","value":"//*[@id=\"__button151\"]"}
COMMAND: POST /session/da7f42de234ee122e0f4ded60e4b8c07/element/f.69C6A966BE3F374529091A689B6300C0.d.8524FFC792735E5D137D4833B3AB7D51.e.14103/click - {}
RESULT: {}
COMMAND: GET /session/da7f42de234ee122e0f4ded60e4b8c07/screenshot - {}
RESULT: {}
COMMAND: POST /session/da7f42de234ee122e0f4ded60e4b8c07/refresh - {}
RESULT: {}
COMMAND: GET /session/da7f42de234ee122e0f4ded60e4b8c07/screenshot - {}
RESULT: {}
COMMAND: POST /session/da7f42de234ee122e0f4ded60e4b8c07/execute/async - {"script":"<script> [189 bytes]","args":[]}
RESULT: {"script":"<script> [189 bytes]","args":[]}
COMMAND: POST /session/da7f42de234ee122e0f4ded60e4b8c07/execute/async - {"script":"<script> [123 bytes]","args":[]}
RESULT: {"script":"<script> [123 bytes]","args":[]}
COMMAND: POST /session/da7f42de234ee122e0f4ded60e4b8c07/timeouts - {"script":"<number>"}
RESULT: {"script":"<number>"}
COMMAND: GET /session/da7f42de234ee122e0f4ded60e4b8c07/timeouts - {}
RESULT: {}
RESULT: undefined
COMMAND: POST /session/da7f42de234ee122e0f4ded60e4b8c07/execute/async - {"script":"<script> [2676 bytes]","args":[]}
RESULT: {"script":"<script> [2676 bytes]","args":[]}
COMMAND: POST /session/da7f42de234ee122e0f4ded60e4b8c07/execute/async - {"script":"<script> [2342 bytes]","args":[{"protocol":"http","hostname":"0.0.0.0","path":"/","capabilities":{"browserName":"chrome","goog:chromeOptions":{"binary":"C:\\Program Files\\Google\\Chrome\\Application\\chrome.exe","args":["--start-maximized"]}},"logLevel":"warn","connectionRetryTimeout":120000,"connectionRetryCount":3,"logLevels":{},"enableDirectConnect":true,"strictSSL":true,"_":"65 more keys: [\"cacheDir\",\"port\",\"requestedCapabilities\",\"automationProtocol\",\"baseUrl\",\"waitforInterval\",\"waitforTimeout\",\"onReload\",\"beforeCommand\",\"afterCommand\",\"rootDir\",\"specs\",\"suites\",\"exclude\",\"groupLogsByTestSpec\",\"excludeDriverLogs\",\"bail\",\"framework\",\"reporters\",\"services\",\"maxInstances\",\"maxInstancesPerCapability\",\"injectGlobals\",\"filesToWatch\",\"execArgv\",\"runnerEnv\",\"runner\",\"shard\",\"specFileRetries\",\"specFileRetriesDelay\",\"specFileRetriesDeferred\",\"reporterSyncInterval\",\"reporterSyncTimeout\",\"cucumberFeaturesWithLineNumbers\",\"autoCompileOpts\",\"mochaOpts\",\"jasmineOpts\",\"cucumberOpts\",\"onPrepare\",\"onWorkerStart\",\"onWorkerEnd\",\"before\",\"beforeSession\",\"beforeSuite\",\"beforeHook\",\"beforeTest\",\"afterTest\",\"afterHook\",\"afterSuite\",\"afterSession\",\"after\",\"onComplete\",\"beforeAssertion\",\"afterAssertion\",\"beforeFeature\",\"beforeScenario\",\"beforeStep\",\"afterStep\",\"afterScenario\",\"afterFeature\",\"_\",\"suite\",\"$0\",\"ignoredWorkerServices\",\"wdi5\"]"}]}
RESULT: {"script":"<script> [2342 bytes]","args":[{"protocol":"http","hostname":"0.0.0.0","path":"/","capabilities":{"browserName":"chrome","goog:chromeOptions":{"binary":"C:\\Program Files\\Google\\Chrome\\Application\\chrome.exe","args":["--start-maximized"]}},"logLevel":"warn","connectionRetryTimeout":120000,"connectionRetryCount":3,"logLevels":{},"enableDirectConnect":true,"strictSSL":true,"_":"65 more keys: [\"cacheDir\",\"port\",\"requestedCapabilities\",\"automationProtocol\",\"baseUrl\",\"waitforInterval\",\"waitforTimeout\",\"onReload\",\"beforeCommand\",\"afterCommand\",\"rootDir\",\"specs\",\"suites\",\"exclude\",\"groupLogsByTestSpec\",\"excludeDriverLogs\",\"bail\",\"framework\",\"reporters\",\"services\",\"maxInstances\",\"maxInstancesPerCapability\",\"injectGlobals\",\"filesToWatch\",\"execArgv\",\"runnerEnv\",\"runner\",\"shard\",\"specFileRetries\",\"specFileRetriesDelay\",\"specFileRetriesDeferred\",\"reporterSyncInterval\",\"reporterSyncTimeout\",\"cucumberFeaturesWithLineNumbers\",\"autoCompileOpts\",\"mochaOpts\",\"jasmineOpts\",\"cucumberOpts\",\"onPrepare\",\"onWorkerStart\",\"onWorkerEnd\",\"before\",\"beforeSession\",\"beforeSuite\",\"beforeHook\",\"beforeTest\",\"afterTest\",\"afterHook\",\"afterSuite\",\"afterSession\",\"after\",\"onComplete\",\"beforeAssertion\",\"afterAssertion\",\"beforeFeature\",\"beforeScenario\",\"beforeStep\",\"afterStep\",\"afterScenario\",\"afterFeature\",\"_\",\"suite\",\"$0\",\"ignoredWorkerServices\",\"wdi5\"]"}]}
COMMAND: POST /session/da7f42de234ee122e0f4ded60e4b8c07/execute/async - {"script":"<script> [21126 bytes]","args":[35000]}
RESULT: {"script":"<script> [21126 bytes]","args":[35000]}
COMMAND: POST /session/da7f42de234ee122e0f4ded60e4b8c07/element - {"using":"css selector","value":"#shell-header-logo"}
RESULT: {"using":"css selector","value":"#shell-header-logo"}
COMMAND: POST /session/da7f42de234ee122e0f4ded60e4b8c07/element/f.69C6A966BE3F374529091A689B6300C0.d.A9BF039F5267E19893650A88801971B0.e.14192/click - {}
RESULT: {}
COMMAND: GET /session/da7f42de234ee122e0f4ded60e4b8c07/screenshot - {}
COMMAND: POST /session/da7f42de234ee122e0f4ded60e4b8c07/execute/async - {"script":"<script> [1562 bytes]","args":[{"selector":{"controlType":"sap.m.GenericTile","properties":{"header":"Manage Handovers"}},"wdio_ui5_key":"sapm.GenericTile{\"header\":\"Manage Handovers\"}"}]}
RESULT: {}
RESULT: {"script":"<script> [1562 bytes]","args":[{"selector":{"controlType":"sap.m.GenericTile","properties":{"header":"Manage Handovers"}},"wdio_ui5_key":"sapm.GenericTile{\"header\":\"Manage Handovers\"}"}]}
RESULT: undefined
COMMAND: POST /session/da7f42de234ee122e0f4ded60e4b8c07/element - {"using":"xpath","value":"//*[@id=\"__tile131\"]"}
RESULT: {"using":"xpath","value":"//*[@id=\"__tile131\"]"}
COMMAND: POST /session/da7f42de234ee122e0f4ded60e4b8c07/element/f.69C6A966BE3F374529091A689B6300C0.d.A9BF039F5267E19893650A88801971B0.e.14377/click - {}
RESULT: {}
COMMAND: GET /session/da7f42de234ee122e0f4ded60e4b8c07/screenshot - {}
RESULT: {}
COMMAND: POST /session/da7f42de234ee122e0f4ded60e4b8c07/elements - {"using":"xpath","value":"//span[text()='Error']"}
RESULT: {"using":"xpath","value":"//span[text()='Error']"}
COMMAND: POST /session/da7f42de234ee122e0f4ded60e4b8c07/element - {"using":"xpath","value":"//button[@data-kt=\"masterHOAddButton\"]"}
RESULT: {"using":"xpath","value":"//button[@data-kt=\"masterHOAddButton\"]"}
COMMAND: POST /session/da7f42de234ee122e0f4ded60e4b8c07/execute/sync - {"script":"<script> [8489 bytes]","args":[{"element-6066-11e4-a52e-4f735466cecf":"f.69C6A966BE3F374529091A689B6300C0.d.A9BF039F5267E19893650A88801971B0.e.14420","ELEMENT":"f.69C6A966BE3F374529091A689B6300C0.d.A9BF039F5267E19893650A88801971B0.e.14420"}]}
RESULT: {"script":"<script> [8489 bytes]","args":[{"element-6066-11e4-a52e-4f735466cecf":"f.69C6A966BE3F374529091A689B6300C0.d.A9BF039F5267E19893650A88801971B0.e.14420","ELEMENT":"f.69C6A966BE3F374529091A689B6300C0.d.A9BF039F5267E19893650A88801971B0.e.14420"}]}
COMMAND: POST /session/da7f42de234ee122e0f4ded60e4b8c07/element/f.69C6A966BE3F374529091A689B6300C0.d.A9BF039F5267E19893650A88801971B0.e.14420/click - {}
COMMAND: GET /session/da7f42de234ee122e0f4ded60e4b8c07/screenshot - {}
RESULT: {}
COMMAND: GET /session/da7f42de234ee122e0f4ded60e4b8c07/screenshot - {}
COMMAND: POST /session/da7f42de234ee122e0f4ded60e4b8c07/element - {"using":"xpath","value":"//span[contains(@id ,\"AddNewHO--typeSelect-arrow\")]"}
RESULT: {}
RESULT: {}
RESULT: {"using":"xpath","value":"//span[contains(@id ,\"AddNewHO--typeSelect-arrow\")]"}
COMMAND: POST /session/da7f42de234ee122e0f4ded60e4b8c07/element/f.69C6A966BE3F374529091A689B6300C0.d.A9BF039F5267E19893650A88801971B0.e.14707/click - {}
RESULT: {}
COMMAND: GET /session/da7f42de234ee122e0f4ded60e4b8c07/screenshot - {}
RESULT: {}
COMMAND: POST /session/da7f42de234ee122e0f4ded60e4b8c07/element - {"using":"xpath","value":"(//li[contains(text(), \"stock increase yard\")])[1]"}
RESULT: {"using":"xpath","value":"(//li[contains(text(), \"stock increase yard\")])[1]"}
COMMAND: POST /session/da7f42de234ee122e0f4ded60e4b8c07/element/f.69C6A966BE3F374529091A689B6300C0.d.A9BF039F5267E19893650A88801971B0.e.14708/click - {}
RESULT: {}
COMMAND: GET /session/da7f42de234ee122e0f4ded60e4b8c07/screenshot - {}
RESULT: {}
COMMAND: POST /session/da7f42de234ee122e0f4ded60e4b8c07/execute/async - {"script":"<script> [1562 bytes]","args":[{"selector":{"id":"application-managehandovers-display-component---AddNewHO--dueDate","interaction":{"idSuffix":"inner"}},"wdio_ui5_key":"applicationmanagehandovers-display-component---AddNewHO--dueDate"}]}
RESULT: {"script":"<script> [1562 bytes]","args":[{"selector":{"id":"application-managehandovers-display-component---AddNewHO--dueDate","interaction":{"idSuffix":"inner"}},"wdio_ui5_key":"applicationmanagehandovers-display-component---AddNewHO--dueDate"}]}
RESULT: undefined
COMMAND: POST /session/da7f42de234ee122e0f4ded60e4b8c07/execute/async - {"script":"<script> [6424 bytes]","args":[{"element-6066-11e4-a52e-4f735466cecf":"f.69C6A966BE3F374529091A689B6300C0.d.A9BF039F5267E19893650A88801971B0.e.14712"},"setValue",["6/2/25"]]}
RESULT: {"script":"<script> [6424 bytes]","args":[{"element-6066-11e4-a52e-4f735466cecf":"f.69C6A966BE3F374529091A689B6300C0.d.A9BF039F5267E19893650A88801971B0.e.14712"},"setValue",["6/2/25"]]}
COMMAND: POST /session/da7f42de234ee122e0f4ded60e4b8c07/element - {"using":"xpath","value":"//input[@id=\"generalSectionFrg--receiveYard-inner\"]"}
RESULT: {"using":"xpath","value":"//input[@id=\"generalSectionFrg--receiveYard-inner\"]"}
COMMAND: POST /session/da7f42de234ee122e0f4ded60e4b8c07/element/f.69C6A966BE3F374529091A689B6300C0.d.A9BF039F5267E19893650A88801971B0.e.14718/clear - {}
RESULT: {}
COMMAND: POST /session/da7f42de234ee122e0f4ded60e4b8c07/element/f.69C6A966BE3F374529091A689B6300C0.d.A9BF039F5267E19893650A88801971B0.e.14718/value - {"text":"WebdriverYardskiob"}
COMMAND: GET /session/da7f42de234ee122e0f4ded60e4b8c07/screenshot - {}
RESULT: {"text":"WebdriverYardskiob"}
COMMAND: GET /session/da7f42de234ee122e0f4ded60e4b8c07/screenshot - {}
RESULT: {}
RESULT: {}
COMMAND: POST /session/da7f42de234ee122e0f4ded60e4b8c07/execute/async - {"script":"<script> [1562 bytes]","args":[{"selector":{"id":"application-managehandovers-display-component---AddNewHO--ObjectPageLayout-anchBar-application-managehandovers-display-component---AddNewHO--section4-anchor","interaction":{"idSuffix":"BDI-content"}},"wdio_ui5_key":"applicationmanagehandovers-display-component---AddNewHO--ObjectPageLayout-anchBar-application-managehandovers-display-component---AddNewHO--section4-anchor"}]}
RESULT: {"script":"<script> [1562 bytes]","args":[{"selector":{"id":"application-managehandovers-display-component---AddNewHO--ObjectPageLayout-anchBar-application-managehandovers-display-component---AddNewHO--section4-anchor","interaction":{"idSuffix":"BDI-content"}},"wdio_ui5_key":"applicationmanagehandovers-display-component---AddNewHO--ObjectPageLayout-anchBar-application-managehandovers-display-component---AddNewHO--section4-anchor"}]}
RESULT: undefined
COMMAND: POST /session/da7f42de234ee122e0f4ded60e4b8c07/element - {"using":"xpath","value":"//*[@id=\"application-managehandovers-display-component---AddNewHO--ObjectPageLayout-anchBar-application-managehandovers-display-component---AddNewHO--section4-anchor\"]"}
RESULT: {"using":"xpath","value":"//*[@id=\"application-managehandovers-display-component---AddNewHO--ObjectPageLayout-anchBar-application-managehandovers-display-component---AddNewHO--section4-anchor\"]"}
COMMAND: POST /session/da7f42de234ee122e0f4ded60e4b8c07/element/f.69C6A966BE3F374529091A689B6300C0.d.A9BF039F5267E19893650A88801971B0.e.14737/click - {}
RESULT: {}
COMMAND: GET /session/da7f42de234ee122e0f4ded60e4b8c07/screenshot - {}
RESULT: {}
COMMAND: POST /session/da7f42de234ee122e0f4ded60e4b8c07/element - {"using":"xpath","value":"//button[@aria-label=\"Add\"]"}
RESULT: {"using":"xpath","value":"//button[@aria-label=\"Add\"]"}
COMMAND: POST /session/da7f42de234ee122e0f4ded60e4b8c07/element/f.69C6A966BE3F374529091A689B6300C0.d.A9BF039F5267E19893650A88801971B0.e.14741/click - {}
RESULT: {}
COMMAND: GET /session/da7f42de234ee122e0f4ded60e4b8c07/screenshot - {}
RESULT: {}
COMMAND: POST /session/da7f42de234ee122e0f4ded60e4b8c07/execute/async - {"script":"<script> [1562 bytes]","args":[{"selector":{"id":"application-managehandovers-display-component---AddNewHO--smartFilterBar-btnBasicSearch","searchOpenDialogs":true,"interaction":{"idSuffix":"I"}},"wdio_ui5_key":"applicationmanagehandovers-display-component---AddNewHO--smartFilterBar-btnBasicSearch"}]}
RESULT: {"script":"<script> [1562 bytes]","args":[{"selector":{"id":"application-managehandovers-display-component---AddNewHO--smartFilterBar-btnBasicSearch","searchOpenDialogs":true,"interaction":{"idSuffix":"I"}},"wdio_ui5_key":"applicationmanagehandovers-display-component---AddNewHO--smartFilterBar-btnBasicSearch"}]}
RESULT: undefined
COMMAND: POST /session/da7f42de234ee122e0f4ded60e4b8c07/execute/async - {"script":"<script> [776 bytes]","args":[{"enterText":"WebdriverMatTesti9hfd","selector":{"id":"application-managehandovers-display-component---AddNewHO--smartFilterBar-btnBasicSearch","searchOpenDialogs":true,"interaction":{"idSuffix":"I"}},"clearTextFirst":true,"interactionType":"ENTER_TEXT"}]}
RESULT: {"script":"<script> [776 bytes]","args":[{"enterText":"WebdriverMatTesti9hfd","selector":{"id":"application-managehandovers-display-component---AddNewHO--smartFilterBar-btnBasicSearch","searchOpenDialogs":true,"interaction":{"idSuffix":"I"}},"clearTextFirst":true,"interactionType":"ENTER_TEXT"}]}
COMMAND: POST /session/da7f42de234ee122e0f4ded60e4b8c07/actions - {"actions":[{"id":"action71","type":"key","parameters":{},"actions":[{"type":"keyDown","value":"î€‡"},{"type":"pause","duration":10},{"type":"keyUp","value":"î€‡"}]}]}
RESULT: {"actions":[{"id":"action71","type":"key","parameters":{},"actions":[{"type":"keyDown","value":"î€‡"},{"type":"pause","duration":10},{"type":"keyUp","value":"î€‡"}]}]}
COMMAND: POST /session/da7f42de234ee122e0f4ded60e4b8c07/execute/async - {"script":"<script> [1562 bytes]","args":[{"selector":{"id":"application-managehandovers-display-component---AddNewHO--popup-sa","searchOpenDialogs":true,"interaction":{"idSuffix":"CbBg"}},"wdio_ui5_key":"applicationmanagehandovers-display-component---AddNewHO--popup-sa"}]}
COMMAND: GET /session/da7f42de234ee122e0f4ded60e4b8c07/screenshot - {}
RESULT: {"script":"<script> [1562 bytes]","args":[{"selector":{"id":"application-managehandovers-display-component---AddNewHO--popup-sa","searchOpenDialogs":true,"interaction":{"idSuffix":"CbBg"}},"wdio_ui5_key":"applicationmanagehandovers-display-component---AddNewHO--popup-sa"}]}
RESULT: undefined
COMMAND: POST /session/da7f42de234ee122e0f4ded60e4b8c07/element - {"using":"xpath","value":"//*[@id=\"application-managehandovers-display-component---AddNewHO--popup-sa\"]"}
RESULT: {}
RESULT: {"using":"xpath","value":"//*[@id=\"application-managehandovers-display-component---AddNewHO--popup-sa\"]"}
COMMAND: POST /session/da7f42de234ee122e0f4ded60e4b8c07/element/f.69C6A966BE3F374529091A689B6300C0.d.A9BF039F5267E19893650A88801971B0.e.14873/click - {}
RESULT: {}
COMMAND: GET /session/da7f42de234ee122e0f4ded60e4b8c07/screenshot - {}
RESULT: {}
COMMAND: POST /session/da7f42de234ee122e0f4ded60e4b8c07/element - {"using":"xpath","value":"//bdi[contains(text(), \"Select\")]"}
RESULT: {"using":"xpath","value":"//bdi[contains(text(), \"Select\")]"}
COMMAND: POST /session/da7f42de234ee122e0f4ded60e4b8c07/element/f.69C6A966BE3F374529091A689B6300C0.d.A9BF039F5267E19893650A88801971B0.e.14874/click - {}
RESULT: {}
COMMAND: GET /session/da7f42de234ee122e0f4ded60e4b8c07/screenshot - {}
RESULT: {}
COMMAND: POST /session/da7f42de234ee122e0f4ded60e4b8c07/execute/async - {"script":"<script> [1562 bytes]","args":[{"selector":{"controlType":"sap.m.Input","viewName":"etm.portal.ui.managehandovers.view.AddNewHO","viewId":"application-managehandovers-display-component---AddNewHO","bindingPath":{"path":"/items/0","propertyPath":"TYPE","modelName":"hoItemsModel"},"interaction":{"idSuffix":"inner"}},"wdio_ui5_key":"etmportal.ui.managehandovers.view.AddNewHOsap.m.Input{\"path\":\"/items/0\",\"propertyPath\":\"TYPE\",\"modelName\":\"hoItemsModel\"}"}]}
RESULT: {"script":"<script> [1562 bytes]","args":[{"selector":{"controlType":"sap.m.Input","viewName":"etm.portal.ui.managehandovers.view.AddNewHO","viewId":"application-managehandovers-display-component---AddNewHO","bindingPath":{"path":"/items/0","propertyPath":"TYPE","modelName":"hoItemsModel"},"interaction":{"idSuffix":"inner"}},"wdio_ui5_key":"etmportal.ui.managehandovers.view.AddNewHOsap.m.Input{\"path\":\"/items/0\",\"propertyPath\":\"TYPE\",\"modelName\":\"hoItemsModel\"}"}]}
RESULT: undefined
COMMAND: POST /session/da7f42de234ee122e0f4ded60e4b8c07/execute/async - {"script":"<script> [776 bytes]","args":[{"enterText":"100","selector":{"controlType":"sap.m.Input","viewName":"etm.portal.ui.managehandovers.view.AddNewHO","viewId":"application-managehandovers-display-component---AddNewHO","bindingPath":{"path":"/items/0","propertyPath":"TYPE","modelName":"hoItemsModel"},"interaction":{"idSuffix":"inner"}},"clearTextFirst":true,"interactionType":"ENTER_TEXT"}]}
RESULT: {"script":"<script> [776 bytes]","args":[{"enterText":"100","selector":{"controlType":"sap.m.Input","viewName":"etm.portal.ui.managehandovers.view.AddNewHO","viewId":"application-managehandovers-display-component---AddNewHO","bindingPath":{"path":"/items/0","propertyPath":"TYPE","modelName":"hoItemsModel"},"interaction":{"idSuffix":"inner"}},"clearTextFirst":true,"interactionType":"ENTER_TEXT"}]}
COMMAND: POST /session/da7f42de234ee122e0f4ded60e4b8c07/element - {"using":"xpath","value":"//button[@data-kt=\"AddNewHOSaveButton\"]"}
RESULT: {"using":"xpath","value":"//button[@data-kt=\"AddNewHOSaveButton\"]"}
COMMAND: POST /session/da7f42de234ee122e0f4ded60e4b8c07/element/f.69C6A966BE3F374529091A689B6300C0.d.A9BF039F5267E19893650A88801971B0.e.14879/click - {}
RESULT: {}
COMMAND: GET /session/da7f42de234ee122e0f4ded60e4b8c07/screenshot - {}
RESULT: {}
COMMAND: POST /session/da7f42de234ee122e0f4ded60e4b8c07/execute/async - {"script":"<script> [1562 bytes]","args":[{"selector":{"id":"receiptDatePicker","viewName":"etm.portal.ui.managehandovers.view.DetailExecuteHO","interaction":{"idSuffix":"inner"}},"wdio_ui5_key":"receiptDatePickeretmportal.ui.managehandovers.view.DetailExecuteHO"}]}
RESULT: {"script":"<script> [1562 bytes]","args":[{"selector":{"id":"receiptDatePicker","viewName":"etm.portal.ui.managehandovers.view.DetailExecuteHO","interaction":{"idSuffix":"inner"}},"wdio_ui5_key":"receiptDatePickeretmportal.ui.managehandovers.view.DetailExecuteHO"}]}
RESULT: undefined
COMMAND: POST /session/da7f42de234ee122e0f4ded60e4b8c07/execute/async - {"script":"<script> [6424 bytes]","args":[{"element-6066-11e4-a52e-4f735466cecf":"f.69C6A966BE3F374529091A689B6300C0.d.A9BF039F5267E19893650A88801971B0.e.14905"},"setValue",["6/2/25"]]}
RESULT: {"script":"<script> [6424 bytes]","args":[{"element-6066-11e4-a52e-4f735466cecf":"f.69C6A966BE3F374529091A689B6300C0.d.A9BF039F5267E19893650A88801971B0.e.14905"},"setValue",["6/2/25"]]}
COMMAND: POST /session/da7f42de234ee122e0f4ded60e4b8c07/actions - {"actions":[{"id":"action72","type":"key","parameters":{},"actions":[{"type":"keyDown","value":"î€‡"},{"type":"pause","duration":10},{"type":"keyUp","value":"î€‡"}]}]}
RESULT: {"actions":[{"id":"action72","type":"key","parameters":{},"actions":[{"type":"keyDown","value":"î€‡"},{"type":"pause","duration":10},{"type":"keyUp","value":"î€‡"}]}]}
COMMAND: POST /session/da7f42de234ee122e0f4ded60e4b8c07/actions - {"actions":[{"id":"action73","type":"key","parameters":{},"actions":[{"type":"keyDown","value":"î€‡"},{"type":"pause","duration":10},{"type":"keyUp","value":"î€‡"}]}]}
COMMAND: GET /session/da7f42de234ee122e0f4ded60e4b8c07/screenshot - {}
RESULT: {"actions":[{"id":"action73","type":"key","parameters":{},"actions":[{"type":"keyDown","value":"î€‡"},{"type":"pause","duration":10},{"type":"keyUp","value":"î€‡"}]}]}
COMMAND: POST /session/da7f42de234ee122e0f4ded60e4b8c07/element - {"using":"xpath","value":"//button[@data-kt=\"ReceivingTableConfirmAllButton\"]"}
COMMAND: GET /session/da7f42de234ee122e0f4ded60e4b8c07/screenshot - {}
RESULT: {}
RESULT: {"using":"xpath","value":"//button[@data-kt=\"ReceivingTableConfirmAllButton\"]"}
COMMAND: POST /session/da7f42de234ee122e0f4ded60e4b8c07/element/f.69C6A966BE3F374529091A689B6300C0.d.A9BF039F5267E19893650A88801971B0.e.14920/click - {}
RESULT: {}
RESULT: {}
COMMAND: GET /session/da7f42de234ee122e0f4ded60e4b8c07/screenshot - {}
RESULT: {}
COMMAND: POST /session/da7f42de234ee122e0f4ded60e4b8c07/element - {"using":"xpath","value":"//bdi[contains(text(), \"OK\")]"}
RESULT: {"using":"xpath","value":"//bdi[contains(text(), \"OK\")]"}
COMMAND: POST /session/da7f42de234ee122e0f4ded60e4b8c07/element/f.69C6A966BE3F374529091A689B6300C0.d.A9BF039F5267E19893650A88801971B0.e.14923/click - {}
RESULT: {}
COMMAND: GET /session/da7f42de234ee122e0f4ded60e4b8c07/screenshot - {}
RESULT: {}
COMMAND: POST /session/da7f42de234ee122e0f4ded60e4b8c07/element - {"using":"xpath","value":"(//bdi[contains(text(), \"Receive\")])[2]"}
RESULT: {"using":"xpath","value":"(//bdi[contains(text(), \"Receive\")])[2]"}
COMMAND: POST /session/da7f42de234ee122e0f4ded60e4b8c07/element/f.69C6A966BE3F374529091A689B6300C0.d.A9BF039F5267E19893650A88801971B0.e.14924/click - {}
RESULT: {}
COMMAND: GET /session/da7f42de234ee122e0f4ded60e4b8c07/screenshot - {}
RESULT: {}
COMMAND: POST /session/da7f42de234ee122e0f4ded60e4b8c07/element - {"using":"css selector","value":"#shell-header-logo"}
RESULT: {"using":"css selector","value":"#shell-header-logo"}
COMMAND: POST /session/da7f42de234ee122e0f4ded60e4b8c07/element/f.69C6A966BE3F374529091A689B6300C0.d.A9BF039F5267E19893650A88801971B0.e.14380/click - {}
RESULT: {}
]]></system-out>
    </testcase>
    <testcase classname="chrome.136_0_7103_93.windows.E2E_-_Logistical_and_commercial_statuses" name="Should add a pricing rule and a condition to the RU" time="108.491">
      <system-out><![CDATA[
COMMAND: POST /session/da7f42de234ee122e0f4ded60e4b8c07/execute/async - {"script":"<script> [1562 bytes]","args":[{"selector":{"controlType":"sap.m.GenericTile","properties":{"header":"Manage Pricing Rules"}},"wdio_ui5_key":"sapm.GenericTile{\"header\":\"Manage Pricing Rules\"}"}]}
COMMAND: GET /session/da7f42de234ee122e0f4ded60e4b8c07/screenshot - {}
RESULT: {"script":"<script> [1562 bytes]","args":[{"selector":{"controlType":"sap.m.GenericTile","properties":{"header":"Manage Pricing Rules"}},"wdio_ui5_key":"sapm.GenericTile{\"header\":\"Manage Pricing Rules\"}"}]}
RESULT: undefined
COMMAND: POST /session/da7f42de234ee122e0f4ded60e4b8c07/element - {"using":"xpath","value":"//*[@id=\"__tile55\"]"}
RESULT: {}
RESULT: {"using":"xpath","value":"//*[@id=\"__tile55\"]"}
COMMAND: POST /session/da7f42de234ee122e0f4ded60e4b8c07/element/f.69C6A966BE3F374529091A689B6300C0.d.A9BF039F5267E19893650A88801971B0.e.15155/click - {}
RESULT: {}
COMMAND: GET /session/da7f42de234ee122e0f4ded60e4b8c07/screenshot - {}
RESULT: {}
COMMAND: POST /session/da7f42de234ee122e0f4ded60e4b8c07/elements - {"using":"xpath","value":"//span[text()='Error']"}
RESULT: {"using":"xpath","value":"//span[text()='Error']"}
COMMAND: POST /session/da7f42de234ee122e0f4ded60e4b8c07/execute/async - {"script":"<script> [1562 bytes]","args":[{"selector":{"controlType":"sap.ui.core.Icon","viewName":"etm.portal.ui.managepricingrules.view.MasterHeader","viewId":"application-managepricingrules-display-component---priceInfoHeader","properties":{"src":{"regex":{"source":"activity\\-items"}}}},"wdio_ui5_key":"etmportal.ui.managepricingrules.view.MasterHeadersap.ui.core.Icon{\"src\":{\"regex\":{\"source\":\"activity\\\\-items\"}}}"}]}
RESULT: {"script":"<script> [1562 bytes]","args":[{"selector":{"controlType":"sap.ui.core.Icon","viewName":"etm.portal.ui.managepricingrules.view.MasterHeader","viewId":"application-managepricingrules-display-component---priceInfoHeader","properties":{"src":{"regex":{"source":"activity\\-items"}}}},"wdio_ui5_key":"etmportal.ui.managepricingrules.view.MasterHeadersap.ui.core.Icon{\"src\":{\"regex\":{\"source\":\"activity\\\\-items\"}}}"}]}
RESULT: undefined
COMMAND: POST /session/da7f42de234ee122e0f4ded60e4b8c07/element - {"using":"xpath","value":"//*[@id=\"__filter22-icon\"]"}
RESULT: {"using":"xpath","value":"//*[@id=\"__filter22-icon\"]"}
COMMAND: POST /session/da7f42de234ee122e0f4ded60e4b8c07/element/f.69C6A966BE3F374529091A689B6300C0.d.A9BF039F5267E19893650A88801971B0.e.15203/click - {}
RESULT: {}
COMMAND: GET /session/da7f42de234ee122e0f4ded60e4b8c07/screenshot - {}
RESULT: {}
COMMAND: POST /session/da7f42de234ee122e0f4ded60e4b8c07/execute/async - {"script":"<script> [1562 bytes]","args":[{"selector":{"controlType":"sap.ui.core.Icon","viewName":"etm.portal.ui.managepricingrules.view.MasterItem","viewId":"application-managepricingrules-display-component---priceInfoItem","properties":{"src":{"regex":{"source":"add"}}}},"wdio_ui5_key":"etmportal.ui.managepricingrules.view.MasterItemsap.ui.core.Icon{\"src\":{\"regex\":{\"source\":\"add\"}}}"}]}
RESULT: {"script":"<script> [1562 bytes]","args":[{"selector":{"controlType":"sap.ui.core.Icon","viewName":"etm.portal.ui.managepricingrules.view.MasterItem","viewId":"application-managepricingrules-display-component---priceInfoItem","properties":{"src":{"regex":{"source":"add"}}}},"wdio_ui5_key":"etmportal.ui.managepricingrules.view.MasterItemsap.ui.core.Icon{\"src\":{\"regex\":{\"source\":\"add\"}}}"}]}
RESULT: undefined
COMMAND: POST /session/da7f42de234ee122e0f4ded60e4b8c07/element - {"using":"xpath","value":"//*[@id=\"__button80-img\"]"}
RESULT: {"using":"xpath","value":"//*[@id=\"__button80-img\"]"}
COMMAND: POST /session/da7f42de234ee122e0f4ded60e4b8c07/element/f.69C6A966BE3F374529091A689B6300C0.d.A9BF039F5267E19893650A88801971B0.e.15250/click - {}
RESULT: {}
COMMAND: GET /session/da7f42de234ee122e0f4ded60e4b8c07/screenshot - {}
RESULT: {}
COMMAND: POST /session/da7f42de234ee122e0f4ded60e4b8c07/element - {"using":"xpath","value":"//input[@id=\"application-managepricingrules-display-component---newInfoPriceItem--condRU-inner\"]"}
RESULT: {"using":"xpath","value":"//input[@id=\"application-managepricingrules-display-component---newInfoPriceItem--condRU-inner\"]"}
COMMAND: POST /session/da7f42de234ee122e0f4ded60e4b8c07/element/f.69C6A966BE3F374529091A689B6300C0.d.A9BF039F5267E19893650A88801971B0.e.15464/clear - {}
RESULT: {}
COMMAND: POST /session/da7f42de234ee122e0f4ded60e4b8c07/element/f.69C6A966BE3F374529091A689B6300C0.d.A9BF039F5267E19893650A88801971B0.e.15464/value - {"text":"WebdriverMatTesti9hfd"}
COMMAND: GET /session/da7f42de234ee122e0f4ded60e4b8c07/screenshot - {}
RESULT: {}
RESULT: {"text":"WebdriverMatTesti9hfd"}
COMMAND: POST /session/da7f42de234ee122e0f4ded60e4b8c07/execute/async - {"script":"<script> [1562 bytes]","args":[{"selector":{"id":"application-managepricingrules-display-component---newInfoPriceItem--condValidTo","interaction":{"idSuffix":"inner"}},"wdio_ui5_key":"applicationmanagepricingrules-display-component---newInfoPriceItem--condValidTo"}]}
COMMAND: GET /session/da7f42de234ee122e0f4ded60e4b8c07/screenshot - {}
RESULT: {"script":"<script> [1562 bytes]","args":[{"selector":{"id":"application-managepricingrules-display-component---newInfoPriceItem--condValidTo","interaction":{"idSuffix":"inner"}},"wdio_ui5_key":"applicationmanagepricingrules-display-component---newInfoPriceItem--condValidTo"}]}
RESULT: undefined
COMMAND: POST /session/da7f42de234ee122e0f4ded60e4b8c07/execute/async - {"script":"<script> [776 bytes]","args":[{"enterText":"5/18/33","selector":{"id":"application-managepricingrules-display-component---newInfoPriceItem--condValidTo","interaction":{"idSuffix":"inner"}},"clearTextFirst":true,"interactionType":"ENTER_TEXT"}]}
RESULT: {}
RESULT: {"script":"<script> [776 bytes]","args":[{"enterText":"5/18/33","selector":{"id":"application-managepricingrules-display-component---newInfoPriceItem--condValidTo","interaction":{"idSuffix":"inner"}},"clearTextFirst":true,"interactionType":"ENTER_TEXT"}]}
COMMAND: POST /session/da7f42de234ee122e0f4ded60e4b8c07/execute/async - {"script":"<script> [1562 bytes]","args":[{"selector":{"id":"application-managepricingrules-display-component---newInfoPriceItem--billType-arrow"},"wdio_ui5_key":"applicationmanagepricingrules-display-component---newInfoPriceItem--billType-arrow"}]}
RESULT: {"script":"<script> [1562 bytes]","args":[{"selector":{"id":"application-managepricingrules-display-component---newInfoPriceItem--billType-arrow"},"wdio_ui5_key":"applicationmanagepricingrules-display-component---newInfoPriceItem--billType-arrow"}]}
RESULT: undefined
COMMAND: POST /session/da7f42de234ee122e0f4ded60e4b8c07/element - {"using":"xpath","value":"//*[@id=\"application-managepricingrules-display-component---newInfoPriceItem--billType-arrow\"]"}
RESULT: {"using":"xpath","value":"//*[@id=\"application-managepricingrules-display-component---newInfoPriceItem--billType-arrow\"]"}
COMMAND: POST /session/da7f42de234ee122e0f4ded60e4b8c07/element/f.69C6A966BE3F374529091A689B6300C0.d.A9BF039F5267E19893650A88801971B0.e.15557/click - {}
RESULT: {}
COMMAND: POST /session/da7f42de234ee122e0f4ded60e4b8c07/element - {"using":"xpath","value":"//span[contains(text(), \"TB - Time based\")]"}
COMMAND: GET /session/da7f42de234ee122e0f4ded60e4b8c07/screenshot - {}
RESULT: {"using":"xpath","value":"//span[contains(text(), \"TB - Time based\")]"}
COMMAND: POST /session/da7f42de234ee122e0f4ded60e4b8c07/element/f.69C6A966BE3F374529091A689B6300C0.d.A9BF039F5267E19893650A88801971B0.e.15604/click - {}
RESULT: {}
RESULT: {}
COMMAND: POST /session/da7f42de234ee122e0f4ded60e4b8c07/execute/async - {"script":"<script> [1562 bytes]","args":[{"selector":{"id":"application-managepricingrules-display-component---newInfoPriceItem--priceProc-arrow"},"wdio_ui5_key":"applicationmanagepricingrules-display-component---newInfoPriceItem--priceProc-arrow"}]}
COMMAND: GET /session/da7f42de234ee122e0f4ded60e4b8c07/screenshot - {}
RESULT: {"script":"<script> [1562 bytes]","args":[{"selector":{"id":"application-managepricingrules-display-component---newInfoPriceItem--priceProc-arrow"},"wdio_ui5_key":"applicationmanagepricingrules-display-component---newInfoPriceItem--priceProc-arrow"}]}
RESULT: undefined
COMMAND: POST /session/da7f42de234ee122e0f4ded60e4b8c07/element - {"using":"xpath","value":"//*[@id=\"application-managepricingrules-display-component---newInfoPriceItem--priceProc-arrow\"]"}
RESULT: {}
RESULT: {"using":"xpath","value":"//*[@id=\"application-managepricingrules-display-component---newInfoPriceItem--priceProc-arrow\"]"}
COMMAND: POST /session/da7f42de234ee122e0f4ded60e4b8c07/element/f.69C6A966BE3F374529091A689B6300C0.d.A9BF039F5267E19893650A88801971B0.e.15564/click - {}
RESULT: {}
COMMAND: POST /session/da7f42de234ee122e0f4ded60e4b8c07/element - {"using":"xpath","value":"//span[contains(text(), \"TBS - Time based standard\")]"}
COMMAND: GET /session/da7f42de234ee122e0f4ded60e4b8c07/screenshot - {}
RESULT: {"using":"xpath","value":"//span[contains(text(), \"TBS - Time based standard\")]"}
COMMAND: POST /session/da7f42de234ee122e0f4ded60e4b8c07/element/f.69C6A966BE3F374529091A689B6300C0.d.A9BF039F5267E19893650A88801971B0.e.15605/click - {}
RESULT: {}
RESULT: {}
COMMAND: POST /session/da7f42de234ee122e0f4ded60e4b8c07/execute/async - {"script":"<script> [1562 bytes]","args":[{"selector":{"id":"application-managepricingrules-display-component---newInfoPriceItem--calcBase-arrow"},"wdio_ui5_key":"applicationmanagepricingrules-display-component---newInfoPriceItem--calcBase-arrow"}]}
COMMAND: GET /session/da7f42de234ee122e0f4ded60e4b8c07/screenshot - {}
RESULT: {"script":"<script> [1562 bytes]","args":[{"selector":{"id":"application-managepricingrules-display-component---newInfoPriceItem--calcBase-arrow"},"wdio_ui5_key":"applicationmanagepricingrules-display-component---newInfoPriceItem--calcBase-arrow"}]}
RESULT: undefined
COMMAND: POST /session/da7f42de234ee122e0f4ded60e4b8c07/element - {"using":"xpath","value":"//*[@id=\"application-managepricingrules-display-component---newInfoPriceItem--calcBase-arrow\"]"}
RESULT: {}
RESULT: {"using":"xpath","value":"//*[@id=\"application-managepricingrules-display-component---newInfoPriceItem--calcBase-arrow\"]"}
COMMAND: POST /session/da7f42de234ee122e0f4ded60e4b8c07/element/f.69C6A966BE3F374529091A689B6300C0.d.A9BF039F5267E19893650A88801971B0.e.15571/click - {}
RESULT: {}
COMMAND: GET /session/da7f42de234ee122e0f4ded60e4b8c07/screenshot - {}
RESULT: {}
COMMAND: POST /session/da7f42de234ee122e0f4ded60e4b8c07/element - {"using":"xpath","value":"//span[contains(text(), \"0006 - TB(calendar days)\")]"}
RESULT: {"using":"xpath","value":"//span[contains(text(), \"0006 - TB(calendar days)\")]"}
COMMAND: POST /session/da7f42de234ee122e0f4ded60e4b8c07/element/f.69C6A966BE3F374529091A689B6300C0.d.A9BF039F5267E19893650A88801971B0.e.15606/click - {}
RESULT: {}
COMMAND: POST /session/da7f42de234ee122e0f4ded60e4b8c07/execute/async - {"script":"<script> [1562 bytes]","args":[{"selector":{"id":"application-managepricingrules-display-component---newInfoPriceItem--daysMonth","interaction":{"idSuffix":"inner"}},"wdio_ui5_key":"applicationmanagepricingrules-display-component---newInfoPriceItem--daysMonth"}]}
COMMAND: GET /session/da7f42de234ee122e0f4ded60e4b8c07/screenshot - {}
RESULT: {"script":"<script> [1562 bytes]","args":[{"selector":{"id":"application-managepricingrules-display-component---newInfoPriceItem--daysMonth","interaction":{"idSuffix":"inner"}},"wdio_ui5_key":"applicationmanagepricingrules-display-component---newInfoPriceItem--daysMonth"}]}
RESULT: undefined
COMMAND: POST /session/da7f42de234ee122e0f4ded60e4b8c07/execute/async - {"script":"<script> [776 bytes]","args":[{"enterText":"30","selector":{"id":"application-managepricingrules-display-component---newInfoPriceItem--daysMonth","interaction":{"idSuffix":"inner"}},"clearTextFirst":true,"interactionType":"ENTER_TEXT"}]}
RESULT: {}
RESULT: {"script":"<script> [776 bytes]","args":[{"enterText":"30","selector":{"id":"application-managepricingrules-display-component---newInfoPriceItem--daysMonth","interaction":{"idSuffix":"inner"}},"clearTextFirst":true,"interactionType":"ENTER_TEXT"}]}
COMMAND: POST /session/da7f42de234ee122e0f4ded60e4b8c07/element - {"using":"xpath","value":"//button[@data-kt=\"saveNewRuleButton\"]"}
RESULT: {"using":"xpath","value":"//button[@data-kt=\"saveNewRuleButton\"]"}
COMMAND: POST /session/da7f42de234ee122e0f4ded60e4b8c07/element/f.69C6A966BE3F374529091A689B6300C0.d.A9BF039F5267E19893650A88801971B0.e.15592/click - {}
RESULT: {}
COMMAND: GET /session/da7f42de234ee122e0f4ded60e4b8c07/screenshot - {}
RESULT: {}
COMMAND: POST /session/da7f42de234ee122e0f4ded60e4b8c07/element - {"using":"css selector","value":"#shell-header-logo"}
RESULT: {"using":"css selector","value":"#shell-header-logo"}
COMMAND: POST /session/da7f42de234ee122e0f4ded60e4b8c07/element/f.69C6A966BE3F374529091A689B6300C0.d.A9BF039F5267E19893650A88801971B0.e.15157/click - {}
RESULT: {}
COMMAND: GET /session/da7f42de234ee122e0f4ded60e4b8c07/screenshot - {}
RESULT: {}
COMMAND: POST /session/da7f42de234ee122e0f4ded60e4b8c07/execute/async - {"script":"<script> [1562 bytes]","args":[{"selector":{"controlType":"sap.m.Text","properties":{"text":"Manage Conditions & Prices"},"interaction":{"idSuffix":"inner"}},"wdio_ui5_key":"sapm.Text{\"text\":\"Manage Conditions & Prices\"}"}]}
RESULT: {"script":"<script> [1562 bytes]","args":[{"selector":{"controlType":"sap.m.Text","properties":{"text":"Manage Conditions & Prices"},"interaction":{"idSuffix":"inner"}},"wdio_ui5_key":"sapm.Text{\"text\":\"Manage Conditions & Prices\"}"}]}
RESULT: undefined
COMMAND: POST /session/da7f42de234ee122e0f4ded60e4b8c07/element - {"using":"xpath","value":"//*[@id=\"__tile53-title\"]"}
RESULT: {"using":"xpath","value":"//*[@id=\"__tile53-title\"]"}
COMMAND: POST /session/da7f42de234ee122e0f4ded60e4b8c07/element/f.69C6A966BE3F374529091A689B6300C0.d.A9BF039F5267E19893650A88801971B0.e.15625/click - {}
RESULT: {}
COMMAND: GET /session/da7f42de234ee122e0f4ded60e4b8c07/screenshot - {}
RESULT: {}
COMMAND: POST /session/da7f42de234ee122e0f4ded60e4b8c07/element - {"using":"xpath","value":"//button[@aria-label=\"Create\"]"}
RESULT: {"using":"xpath","value":"//button[@aria-label=\"Create\"]"}
COMMAND: POST /session/da7f42de234ee122e0f4ded60e4b8c07/element/f.69C6A966BE3F374529091A689B6300C0.d.A9BF039F5267E19893650A88801971B0.e.15665/click - {}
RESULT: {}
COMMAND: POST /session/da7f42de234ee122e0f4ded60e4b8c07/actions - {"actions":[{"id":"action74","type":"key","parameters":{},"actions":[{"type":"keyDown","value":"î€‡"},{"type":"pause","duration":10},{"type":"keyUp","value":"î€‡"}]}]}
COMMAND: GET /session/da7f42de234ee122e0f4ded60e4b8c07/screenshot - {}
RESULT: {"actions":[{"id":"action74","type":"key","parameters":{},"actions":[{"type":"keyDown","value":"î€‡"},{"type":"pause","duration":10},{"type":"keyUp","value":"î€‡"}]}]}
COMMAND: GET /session/da7f42de234ee122e0f4ded60e4b8c07/screenshot - {}
RESULT: {}
COMMAND: POST /session/da7f42de234ee122e0f4ded60e4b8c07/execute/async - {"script":"<script> [1562 bytes]","args":[{"selector":{"id":"application-manageconditionprice-display-component---newCondition--condBillCond-arrow"},"wdio_ui5_key":"applicationmanageconditionprice-display-component---newCondition--condBillCond-arrow"}]}
RESULT: {}
RESULT: {"script":"<script> [1562 bytes]","args":[{"selector":{"id":"application-manageconditionprice-display-component---newCondition--condBillCond-arrow"},"wdio_ui5_key":"applicationmanageconditionprice-display-component---newCondition--condBillCond-arrow"}]}
RESULT: undefined
COMMAND: POST /session/da7f42de234ee122e0f4ded60e4b8c07/element - {"using":"xpath","value":"//*[@id=\"application-manageconditionprice-display-component---newCondition--condBillCond-arrow\"]"}
RESULT: {"using":"xpath","value":"//*[@id=\"application-manageconditionprice-display-component---newCondition--condBillCond-arrow\"]"}
COMMAND: POST /session/da7f42de234ee122e0f4ded60e4b8c07/element/f.69C6A966BE3F374529091A689B6300C0.d.A9BF039F5267E19893650A88801971B0.e.16136/click - {}
RESULT: {}
COMMAND: POST /session/da7f42de234ee122e0f4ded60e4b8c07/element - {"using":"xpath","value":"//span[contains(text(), \"DISP - D&I special price\")]"}
COMMAND: GET /session/da7f42de234ee122e0f4ded60e4b8c07/screenshot - {}
RESULT: {"using":"xpath","value":"//span[contains(text(), \"DISP - D&I special price\")]"}
COMMAND: POST /session/da7f42de234ee122e0f4ded60e4b8c07/element/f.69C6A966BE3F374529091A689B6300C0.d.A9BF039F5267E19893650A88801971B0.e.16137/click - {}
RESULT: {}
RESULT: {}
COMMAND: POST /session/da7f42de234ee122e0f4ded60e4b8c07/execute/async - {"script":"<script> [1562 bytes]","args":[{"selector":{"id":"application-manageconditionprice-display-component---newCondition--condValidTo","interaction":{"idSuffix":"inner"}},"wdio_ui5_key":"applicationmanageconditionprice-display-component---newCondition--condValidTo"}]}
COMMAND: GET /session/da7f42de234ee122e0f4ded60e4b8c07/screenshot - {}
RESULT: {"script":"<script> [1562 bytes]","args":[{"selector":{"id":"application-manageconditionprice-display-component---newCondition--condValidTo","interaction":{"idSuffix":"inner"}},"wdio_ui5_key":"applicationmanageconditionprice-display-component---newCondition--condValidTo"}]}
RESULT: undefined
COMMAND: POST /session/da7f42de234ee122e0f4ded60e4b8c07/execute/async - {"script":"<script> [776 bytes]","args":[{"enterText":"5/11/33","selector":{"id":"application-manageconditionprice-display-component---newCondition--condValidTo","interaction":{"idSuffix":"inner"}},"clearTextFirst":true,"interactionType":"ENTER_TEXT"}]}
RESULT: {}
RESULT: {"script":"<script> [776 bytes]","args":[{"enterText":"5/11/33","selector":{"id":"application-manageconditionprice-display-component---newCondition--condValidTo","interaction":{"idSuffix":"inner"}},"clearTextFirst":true,"interactionType":"ENTER_TEXT"}]}
COMMAND: POST /session/da7f42de234ee122e0f4ded60e4b8c07/element - {"using":"xpath","value":"//input[@id=\"application-manageconditionprice-display-component---newCondition--condRU-inner\"]"}
RESULT: {"using":"xpath","value":"//input[@id=\"application-manageconditionprice-display-component---newCondition--condRU-inner\"]"}
COMMAND: POST /session/da7f42de234ee122e0f4ded60e4b8c07/element/f.69C6A966BE3F374529091A689B6300C0.d.A9BF039F5267E19893650A88801971B0.e.15863/clear - {}
RESULT: {}
COMMAND: POST /session/da7f42de234ee122e0f4ded60e4b8c07/element/f.69C6A966BE3F374529091A689B6300C0.d.A9BF039F5267E19893650A88801971B0.e.15863/value - {"text":"WebdriverMatTesti9hfd"}
COMMAND: GET /session/da7f42de234ee122e0f4ded60e4b8c07/screenshot - {}
RESULT: {"text":"WebdriverMatTesti9hfd"}
COMMAND: GET /session/da7f42de234ee122e0f4ded60e4b8c07/screenshot - {}
RESULT: {}
RESULT: {}
COMMAND: POST /session/da7f42de234ee122e0f4ded60e4b8c07/actions - {"actions":[{"id":"action75","type":"key","parameters":{},"actions":[{"type":"keyDown","value":"î€‡"},{"type":"pause","duration":10},{"type":"keyUp","value":"î€‡"}]}]}
RESULT: {"actions":[{"id":"action75","type":"key","parameters":{},"actions":[{"type":"keyDown","value":"î€‡"},{"type":"pause","duration":10},{"type":"keyUp","value":"î€‡"}]}]}
COMMAND: POST /session/da7f42de234ee122e0f4ded60e4b8c07/execute/async - {"script":"<script> [1562 bytes]","args":[{"selector":{"id":"application-manageconditionprice-display-component---newCondition--condBaseQty","interaction":{"idSuffix":"inner"}},"wdio_ui5_key":"applicationmanageconditionprice-display-component---newCondition--condBaseQty"}]}
COMMAND: GET /session/da7f42de234ee122e0f4ded60e4b8c07/screenshot - {}
RESULT: {"script":"<script> [1562 bytes]","args":[{"selector":{"id":"application-manageconditionprice-display-component---newCondition--condBaseQty","interaction":{"idSuffix":"inner"}},"wdio_ui5_key":"applicationmanageconditionprice-display-component---newCondition--condBaseQty"}]}
RESULT: undefined
COMMAND: POST /session/da7f42de234ee122e0f4ded60e4b8c07/execute/async - {"script":"<script> [776 bytes]","args":[{"enterText":"1","selector":{"id":"application-manageconditionprice-display-component---newCondition--condBaseQty","interaction":{"idSuffix":"inner"}},"clearTextFirst":true,"interactionType":"ENTER_TEXT"}]}
RESULT: {}
RESULT: {"script":"<script> [776 bytes]","args":[{"enterText":"1","selector":{"id":"application-manageconditionprice-display-component---newCondition--condBaseQty","interaction":{"idSuffix":"inner"}},"clearTextFirst":true,"interactionType":"ENTER_TEXT"}]}
COMMAND: POST /session/da7f42de234ee122e0f4ded60e4b8c07/execute/async - {"script":"<script> [1562 bytes]","args":[{"selector":{"id":"application-manageconditionprice-display-component---newCondition--condValue","interaction":{"idSuffix":"inner"}},"wdio_ui5_key":"applicationmanageconditionprice-display-component---newCondition--condValue"}]}
RESULT: {"script":"<script> [1562 bytes]","args":[{"selector":{"id":"application-manageconditionprice-display-component---newCondition--condValue","interaction":{"idSuffix":"inner"}},"wdio_ui5_key":"applicationmanageconditionprice-display-component---newCondition--condValue"}]}
RESULT: undefined
COMMAND: POST /session/da7f42de234ee122e0f4ded60e4b8c07/execute/async - {"script":"<script> [776 bytes]","args":[{"enterText":"100","selector":{"id":"application-manageconditionprice-display-component---newCondition--condValue","interaction":{"idSuffix":"inner"}},"clearTextFirst":true,"interactionType":"ENTER_TEXT"}]}
RESULT: {"script":"<script> [776 bytes]","args":[{"enterText":"100","selector":{"id":"application-manageconditionprice-display-component---newCondition--condValue","interaction":{"idSuffix":"inner"}},"clearTextFirst":true,"interactionType":"ENTER_TEXT"}]}
COMMAND: POST /session/da7f42de234ee122e0f4ded60e4b8c07/execute/async - {"script":"<script> [1562 bytes]","args":[{"selector":{"id":"application-manageconditionprice-display-component---newCondition--condCurr-arrow"},"wdio_ui5_key":"applicationmanageconditionprice-display-component---newCondition--condCurr-arrow"}]}
RESULT: {"script":"<script> [1562 bytes]","args":[{"selector":{"id":"application-manageconditionprice-display-component---newCondition--condCurr-arrow"},"wdio_ui5_key":"applicationmanageconditionprice-display-component---newCondition--condCurr-arrow"}]}
RESULT: undefined
COMMAND: POST /session/da7f42de234ee122e0f4ded60e4b8c07/element - {"using":"xpath","value":"//*[@id=\"application-manageconditionprice-display-component---newCondition--condCurr-arrow\"]"}
RESULT: {"using":"xpath","value":"//*[@id=\"application-manageconditionprice-display-component---newCondition--condCurr-arrow\"]"}
COMMAND: POST /session/da7f42de234ee122e0f4ded60e4b8c07/element/f.69C6A966BE3F374529091A689B6300C0.d.A9BF039F5267E19893650A88801971B0.e.16094/click - {}
RESULT: {}
COMMAND: POST /session/da7f42de234ee122e0f4ded60e4b8c07/element - {"using":"xpath","value":"//span[contains(text(), \"Euro\")]"}
COMMAND: GET /session/da7f42de234ee122e0f4ded60e4b8c07/screenshot - {}
RESULT: {"using":"xpath","value":"//span[contains(text(), \"Euro\")]"}
COMMAND: POST /session/da7f42de234ee122e0f4ded60e4b8c07/element/f.69C6A966BE3F374529091A689B6300C0.d.A9BF039F5267E19893650A88801971B0.e.16173/click - {}
RESULT: {}
RESULT: {}
COMMAND: POST /session/da7f42de234ee122e0f4ded60e4b8c07/element - {"using":"xpath","value":"//button[@data-kt=\"saveButton\"]"}
COMMAND: GET /session/da7f42de234ee122e0f4ded60e4b8c07/screenshot - {}
RESULT: {"using":"xpath","value":"//button[@data-kt=\"saveButton\"]"}
COMMAND: POST /session/da7f42de234ee122e0f4ded60e4b8c07/element/f.69C6A966BE3F374529091A689B6300C0.d.A9BF039F5267E19893650A88801971B0.e.16095/click - {}
RESULT: {}
RESULT: {}
COMMAND: GET /session/da7f42de234ee122e0f4ded60e4b8c07/screenshot - {}
RESULT: {}
COMMAND: POST /session/da7f42de234ee122e0f4ded60e4b8c07/element - {"using":"css selector","value":"#shell-header-logo"}
RESULT: {"using":"css selector","value":"#shell-header-logo"}
COMMAND: POST /session/da7f42de234ee122e0f4ded60e4b8c07/element/f.69C6A966BE3F374529091A689B6300C0.d.A9BF039F5267E19893650A88801971B0.e.15628/click - {}
RESULT: {}
COMMAND: GET /session/da7f42de234ee122e0f4ded60e4b8c07/screenshot - {}
RESULT: {}
]]></system-out>
    </testcase>
    <testcase classname="chrome.136_0_7103_93.windows.E2E_-_Logistical_and_commercial_statuses" name="Should create a new contract" time="76.704">
      <system-out><![CDATA[
COMMAND: POST /session/da7f42de234ee122e0f4ded60e4b8c07/execute/async - {"script":"<script> [1562 bytes]","args":[{"selector":{"controlType":"sap.m.GenericTile","properties":{"header":"Manage Contracts"}},"wdio_ui5_key":"sapm.GenericTile{\"header\":\"Manage Contracts\"}"}]}
RESULT: {"script":"<script> [1562 bytes]","args":[{"selector":{"controlType":"sap.m.GenericTile","properties":{"header":"Manage Contracts"}},"wdio_ui5_key":"sapm.GenericTile{\"header\":\"Manage Contracts\"}"}]}
RESULT: undefined
COMMAND: POST /session/da7f42de234ee122e0f4ded60e4b8c07/element - {"using":"xpath","value":"//*[@id=\"__tile132\"]"}
RESULT: {"using":"xpath","value":"//*[@id=\"__tile132\"]"}
COMMAND: POST /session/da7f42de234ee122e0f4ded60e4b8c07/element/f.69C6A966BE3F374529091A689B6300C0.d.A9BF039F5267E19893650A88801971B0.e.16323/click - {}
RESULT: {}
COMMAND: GET /session/da7f42de234ee122e0f4ded60e4b8c07/screenshot - {}
RESULT: {}
COMMAND: POST /session/da7f42de234ee122e0f4ded60e4b8c07/elements - {"using":"xpath","value":"//span[text()='Error']"}
RESULT: {"using":"xpath","value":"//span[text()='Error']"}
COMMAND: POST /session/da7f42de234ee122e0f4ded60e4b8c07/element - {"using":"xpath","value":"//button[@data-kt=\"addButton\"]"}
RESULT: {"using":"xpath","value":"//button[@data-kt=\"addButton\"]"}
COMMAND: POST /session/da7f42de234ee122e0f4ded60e4b8c07/element/f.69C6A966BE3F374529091A689B6300C0.d.A9BF039F5267E19893650A88801971B0.e.16374/click - {}
RESULT: {}
COMMAND: GET /session/da7f42de234ee122e0f4ded60e4b8c07/screenshot - {}
RESULT: {}
COMMAND: POST /session/da7f42de234ee122e0f4ded60e4b8c07/execute/async - {"script":"<script> [1562 bytes]","args":[{"selector":{"id":"application-managecontracts-display-component---AddNewContract--projectDescription","interaction":{"idSuffix":"inner"}},"wdio_ui5_key":"applicationmanagecontracts-display-component---AddNewContract--projectDescription"}]}
RESULT: {"script":"<script> [1562 bytes]","args":[{"selector":{"id":"application-managecontracts-display-component---AddNewContract--projectDescription","interaction":{"idSuffix":"inner"}},"wdio_ui5_key":"applicationmanagecontracts-display-component---AddNewContract--projectDescription"}]}
RESULT: undefined
COMMAND: POST /session/da7f42de234ee122e0f4ded60e4b8c07/execute/async - {"script":"<script> [776 bytes]","args":[{"enterText":"WdIOR2ceti7w","selector":{"id":"application-managecontracts-display-component---AddNewContract--projectDescription","interaction":{"idSuffix":"inner"}},"clearTextFirst":true,"interactionType":"ENTER_TEXT"}]}
RESULT: {"script":"<script> [776 bytes]","args":[{"enterText":"WdIOR2ceti7w","selector":{"id":"application-managecontracts-display-component---AddNewContract--projectDescription","interaction":{"idSuffix":"inner"}},"clearTextFirst":true,"interactionType":"ENTER_TEXT"}]}
COMMAND: POST /session/da7f42de234ee122e0f4ded60e4b8c07/element - {"using":"xpath","value":"//input[@id=\"application-managecontracts-display-component---AddNewContract--yardId-inner\"]"}
RESULT: {"using":"xpath","value":"//input[@id=\"application-managecontracts-display-component---AddNewContract--yardId-inner\"]"}
COMMAND: POST /session/da7f42de234ee122e0f4ded60e4b8c07/element/f.69C6A966BE3F374529091A689B6300C0.d.A9BF039F5267E19893650A88801971B0.e.16638/clear - {}
RESULT: {}
COMMAND: POST /session/da7f42de234ee122e0f4ded60e4b8c07/element/f.69C6A966BE3F374529091A689B6300C0.d.A9BF039F5267E19893650A88801971B0.e.16638/value - {"text":"WebdriverYardskiob"}
COMMAND: GET /session/da7f42de234ee122e0f4ded60e4b8c07/screenshot - {}
RESULT: {"text":"WebdriverYardskiob"}
COMMAND: GET /session/da7f42de234ee122e0f4ded60e4b8c07/screenshot - {}
RESULT: {}
RESULT: {}
COMMAND: POST /session/da7f42de234ee122e0f4ded60e4b8c07/actions - {"actions":[{"id":"action76","type":"key","parameters":{},"actions":[{"type":"keyDown","value":"î€‡"},{"type":"pause","duration":10},{"type":"keyUp","value":"î€‡"}]}]}
RESULT: {"actions":[{"id":"action76","type":"key","parameters":{},"actions":[{"type":"keyDown","value":"î€‡"},{"type":"pause","duration":10},{"type":"keyUp","value":"î€‡"}]}]}
COMMAND: GET /session/da7f42de234ee122e0f4ded60e4b8c07/screenshot - {}
RESULT: {}
COMMAND: POST /session/da7f42de234ee122e0f4ded60e4b8c07/element - {"using":"xpath","value":"//input[@id=\"application-managecontracts-display-component---AddNewContract--customerSelect-inner\"]"}
RESULT: {"using":"xpath","value":"//input[@id=\"application-managecontracts-display-component---AddNewContract--customerSelect-inner\"]"}
COMMAND: POST /session/da7f42de234ee122e0f4ded60e4b8c07/element/f.69C6A966BE3F374529091A689B6300C0.d.A9BF039F5267E19893650A88801971B0.e.16636/clear - {}
RESULT: {}
COMMAND: POST /session/da7f42de234ee122e0f4ded60e4b8c07/element/f.69C6A966BE3F374529091A689B6300C0.d.A9BF039F5267E19893650A88801971B0.e.16636/value - {"text":"WebdriverPartner6v260h"}
COMMAND: GET /session/da7f42de234ee122e0f4ded60e4b8c07/screenshot - {}
RESULT: {"text":"WebdriverPartner6v260h"}
COMMAND: GET /session/da7f42de234ee122e0f4ded60e4b8c07/screenshot - {}
RESULT: {}
RESULT: {}
COMMAND: POST /session/da7f42de234ee122e0f4ded60e4b8c07/actions - {"actions":[{"id":"action77","type":"key","parameters":{},"actions":[{"type":"keyDown","value":"î€‡"},{"type":"pause","duration":10},{"type":"keyUp","value":"î€‡"}]}]}
RESULT: {"actions":[{"id":"action77","type":"key","parameters":{},"actions":[{"type":"keyDown","value":"î€‡"},{"type":"pause","duration":10},{"type":"keyUp","value":"î€‡"}]}]}
COMMAND: GET /session/da7f42de234ee122e0f4ded60e4b8c07/screenshot - {}
RESULT: {}
COMMAND: POST /session/da7f42de234ee122e0f4ded60e4b8c07/element - {"using":"xpath","value":"//input[@id=\"application-managecontracts-display-component---AddNewContract--site-inner\"]"}
RESULT: {"using":"xpath","value":"//input[@id=\"application-managecontracts-display-component---AddNewContract--site-inner\"]"}
COMMAND: POST /session/da7f42de234ee122e0f4ded60e4b8c07/element/f.69C6A966BE3F374529091A689B6300C0.d.A9BF039F5267E19893650A88801971B0.e.16637/clear - {}
RESULT: {}
COMMAND: POST /session/da7f42de234ee122e0f4ded60e4b8c07/element/f.69C6A966BE3F374529091A689B6300C0.d.A9BF039F5267E19893650A88801971B0.e.16637/value - {"text":"WebdriverSiteatu8u"}
COMMAND: GET /session/da7f42de234ee122e0f4ded60e4b8c07/screenshot - {}
RESULT: {"text":"WebdriverSiteatu8u"}
COMMAND: GET /session/da7f42de234ee122e0f4ded60e4b8c07/screenshot - {}
RESULT: {}
RESULT: {}
COMMAND: POST /session/da7f42de234ee122e0f4ded60e4b8c07/actions - {"actions":[{"id":"action78","type":"key","parameters":{},"actions":[{"type":"keyDown","value":"î€‡"},{"type":"pause","duration":10},{"type":"keyUp","value":"î€‡"}]}]}
RESULT: {"actions":[{"id":"action78","type":"key","parameters":{},"actions":[{"type":"keyDown","value":"î€‡"},{"type":"pause","duration":10},{"type":"keyUp","value":"î€‡"}]}]}
COMMAND: POST /session/da7f42de234ee122e0f4ded60e4b8c07/element - {"using":"xpath","value":"//button[@data-kt=\"saveButton\"]"}
COMMAND: GET /session/da7f42de234ee122e0f4ded60e4b8c07/screenshot - {}
RESULT: {"using":"xpath","value":"//button[@data-kt=\"saveButton\"]"}
COMMAND: POST /session/da7f42de234ee122e0f4ded60e4b8c07/element/f.69C6A966BE3F374529091A689B6300C0.d.A9BF039F5267E19893650A88801971B0.e.16711/click - {}
RESULT: {}
RESULT: {}
COMMAND: GET /session/da7f42de234ee122e0f4ded60e4b8c07/screenshot - {}
RESULT: {}
COMMAND: POST /session/da7f42de234ee122e0f4ded60e4b8c07/execute/async - {"script":"<script> [1562 bytes]","args":[{"selector":{"id":"contractDetailTitleNoExpanded","viewName":"etm.portal.ui.managecontracts.view.Detail"},"wdio_ui5_key":"contractDetailTitleNoExpandedetmportal.ui.managecontracts.view.Detail"}]}
RESULT: {"script":"<script> [1562 bytes]","args":[{"selector":{"id":"contractDetailTitleNoExpanded","viewName":"etm.portal.ui.managecontracts.view.Detail"},"wdio_ui5_key":"contractDetailTitleNoExpandedetmportal.ui.managecontracts.view.Detail"}]}
RESULT: undefined
COMMAND: POST /session/da7f42de234ee122e0f4ded60e4b8c07/execute/async - {"script":"<script> [6424 bytes]","args":[{"element-6066-11e4-a52e-4f735466cecf":"f.69C6A966BE3F374529091A689B6300C0.d.A9BF039F5267E19893650A88801971B0.e.16794"},"getText",[]]}
RESULT: {"script":"<script> [6424 bytes]","args":[{"element-6066-11e4-a52e-4f735466cecf":"f.69C6A966BE3F374529091A689B6300C0.d.A9BF039F5267E19893650A88801971B0.e.16794"},"getText",[]]}
]]></system-out>
    </testcase>
    <testcase classname="chrome.136_0_7103_93.windows.E2E_-_Logistical_and_commercial_statuses" name="Should add materialID to the contract" time="48.198">
      <system-out><![CDATA[
COMMAND: POST /session/da7f42de234ee122e0f4ded60e4b8c07/element - {"using":"xpath","value":"//button[@data-kt=\"contractDetailEditBtnButton\"]"}
RESULT: {"using":"xpath","value":"//button[@data-kt=\"contractDetailEditBtnButton\"]"}
COMMAND: POST /session/da7f42de234ee122e0f4ded60e4b8c07/element/f.69C6A966BE3F374529091A689B6300C0.d.A9BF039F5267E19893650A88801971B0.e.16795/click - {}
RESULT: {}
COMMAND: GET /session/da7f42de234ee122e0f4ded60e4b8c07/screenshot - {}
RESULT: {}
COMMAND: POST /session/da7f42de234ee122e0f4ded60e4b8c07/element - {"using":"xpath","value":"(//span[contains(text(), \"Additional Addresses\")])[2]"}
RESULT: {"using":"xpath","value":"(//span[contains(text(), \"Additional Addresses\")])[2]"}
COMMAND: POST /session/da7f42de234ee122e0f4ded60e4b8c07/element/f.69C6A966BE3F374529091A689B6300C0.d.A9BF039F5267E19893650A88801971B0.e.16850/click - {}
RESULT: {}
COMMAND: GET /session/da7f42de234ee122e0f4ded60e4b8c07/screenshot - {}
RESULT: {}
COMMAND: POST /session/da7f42de234ee122e0f4ded60e4b8c07/element - {"using":"xpath","value":"//button[@data-kt=\"btnAddTableRowOverflowToolbarButton\"]"}
RESULT: {"using":"xpath","value":"//button[@data-kt=\"btnAddTableRowOverflowToolbarButton\"]"}
COMMAND: POST /session/da7f42de234ee122e0f4ded60e4b8c07/element/f.69C6A966BE3F374529091A689B6300C0.d.A9BF039F5267E19893650A88801971B0.e.16854/click - {}
RESULT: {}
COMMAND: GET /session/da7f42de234ee122e0f4ded60e4b8c07/screenshot - {}
RESULT: {}
COMMAND: POST /session/da7f42de234ee122e0f4ded60e4b8c07/element - {"using":"xpath","value":"//div[(text() = 'Standard Entry' or . = 'Standard Entry')]"}
RESULT: {"using":"xpath","value":"//div[(text() = 'Standard Entry' or . = 'Standard Entry')]"}
COMMAND: POST /session/da7f42de234ee122e0f4ded60e4b8c07/element/f.69C6A966BE3F374529091A689B6300C0.d.A9BF039F5267E19893650A88801971B0.e.16856/click - {}
RESULT: {}
COMMAND: POST /session/da7f42de234ee122e0f4ded60e4b8c07/element - {"using":"xpath","value":"//td[6]/div/div/input[1]"}
COMMAND: GET /session/da7f42de234ee122e0f4ded60e4b8c07/screenshot - {}
RESULT: {"using":"xpath","value":"//td[6]/div/div/input[1]"}
COMMAND: POST /session/da7f42de234ee122e0f4ded60e4b8c07/element/f.69C6A966BE3F374529091A689B6300C0.d.A9BF039F5267E19893650A88801971B0.e.16858/click - {}
RESULT: {}
RESULT: {}
COMMAND: POST /session/da7f42de234ee122e0f4ded60e4b8c07/actions - {"actions":[{"id":"action79","type":"key","parameters":{},"actions":[{"type":"keyDown","value":"î€ƒ"},{"type":"pause","duration":10},{"type":"keyUp","value":"î€ƒ"}]}]}
COMMAND: GET /session/da7f42de234ee122e0f4ded60e4b8c07/screenshot - {}
RESULT: {"actions":[{"id":"action79","type":"key","parameters":{},"actions":[{"type":"keyDown","value":"î€ƒ"},{"type":"pause","duration":10},{"type":"keyUp","value":"î€ƒ"}]}]}
COMMAND: POST /session/da7f42de234ee122e0f4ded60e4b8c07/element - {"using":"xpath","value":"//td[6]/div/div/input[1]"}
COMMAND: GET /session/da7f42de234ee122e0f4ded60e4b8c07/screenshot - {}
RESULT: {}
RESULT: {"using":"xpath","value":"//td[6]/div/div/input[1]"}
COMMAND: POST /session/da7f42de234ee122e0f4ded60e4b8c07/element/f.69C6A966BE3F374529091A689B6300C0.d.A9BF039F5267E19893650A88801971B0.e.16858/clear - {}
RESULT: {}
RESULT: {}
COMMAND: POST /session/da7f42de234ee122e0f4ded60e4b8c07/element/f.69C6A966BE3F374529091A689B6300C0.d.A9BF039F5267E19893650A88801971B0.e.16858/value - {"text":"Material"}
COMMAND: GET /session/da7f42de234ee122e0f4ded60e4b8c07/screenshot - {}
RESULT: {"text":"Material"}
COMMAND: GET /session/da7f42de234ee122e0f4ded60e4b8c07/screenshot - {}
RESULT: {}
RESULT: {}
COMMAND: POST /session/da7f42de234ee122e0f4ded60e4b8c07/actions - {"actions":[{"id":"action80","type":"key","parameters":{},"actions":[{"type":"keyDown","value":"î€‡"},{"type":"pause","duration":10},{"type":"keyUp","value":"î€‡"}]}]}
RESULT: {"actions":[{"id":"action80","type":"key","parameters":{},"actions":[{"type":"keyDown","value":"î€‡"},{"type":"pause","duration":10},{"type":"keyUp","value":"î€‡"}]}]}
COMMAND: GET /session/da7f42de234ee122e0f4ded60e4b8c07/screenshot - {}
COMMAND: POST /session/da7f42de234ee122e0f4ded60e4b8c07/actions - {"actions":[{"id":"action81","type":"key","parameters":{},"actions":[{"type":"keyDown","value":"î€‡"},{"type":"pause","duration":10},{"type":"keyUp","value":"î€‡"}]}]}
RESULT: {}
RESULT: {"actions":[{"id":"action81","type":"key","parameters":{},"actions":[{"type":"keyDown","value":"î€‡"},{"type":"pause","duration":10},{"type":"keyUp","value":"î€‡"}]}]}
COMMAND: POST /session/da7f42de234ee122e0f4ded60e4b8c07/element - {"using":"xpath","value":"//td[7]/div/div/input"}
COMMAND: GET /session/da7f42de234ee122e0f4ded60e4b8c07/screenshot - {}
RESULT: {"using":"xpath","value":"//td[7]/div/div/input"}
COMMAND: POST /session/da7f42de234ee122e0f4ded60e4b8c07/element/f.69C6A966BE3F374529091A689B6300C0.d.A9BF039F5267E19893650A88801971B0.e.16871/clear - {}
RESULT: {}
RESULT: {}
COMMAND: POST /session/da7f42de234ee122e0f4ded60e4b8c07/element/f.69C6A966BE3F374529091A689B6300C0.d.A9BF039F5267E19893650A88801971B0.e.16871/value - {"text":"WebdriverMatTesti9hfd"}
COMMAND: GET /session/da7f42de234ee122e0f4ded60e4b8c07/screenshot - {}
RESULT: {"text":"WebdriverMatTesti9hfd"}
COMMAND: GET /session/da7f42de234ee122e0f4ded60e4b8c07/screenshot - {}
RESULT: {}
RESULT: {}
COMMAND: POST /session/da7f42de234ee122e0f4ded60e4b8c07/actions - {"actions":[{"id":"action82","type":"key","parameters":{},"actions":[{"type":"keyDown","value":"î€‡"},{"type":"pause","duration":10},{"type":"keyUp","value":"î€‡"}]}]}
RESULT: {"actions":[{"id":"action82","type":"key","parameters":{},"actions":[{"type":"keyDown","value":"î€‡"},{"type":"pause","duration":10},{"type":"keyUp","value":"î€‡"}]}]}
COMMAND: GET /session/da7f42de234ee122e0f4ded60e4b8c07/screenshot - {}
RESULT: {}
COMMAND: POST /session/da7f42de234ee122e0f4ded60e4b8c07/actions - {"actions":[{"id":"action83","type":"key","parameters":{},"actions":[{"type":"keyDown","value":"î€‡"},{"type":"pause","duration":10},{"type":"keyUp","value":"î€‡"}]}]}
RESULT: {"actions":[{"id":"action83","type":"key","parameters":{},"actions":[{"type":"keyDown","value":"î€‡"},{"type":"pause","duration":10},{"type":"keyUp","value":"î€‡"}]}]}
COMMAND: GET /session/da7f42de234ee122e0f4ded60e4b8c07/screenshot - {}
RESULT: {}
COMMAND: POST /session/da7f42de234ee122e0f4ded60e4b8c07/element - {"using":"xpath","value":"(//button[@data-kt=\"saveButton\"])[2]"}
RESULT: {"using":"xpath","value":"(//button[@data-kt=\"saveButton\"])[2]"}
COMMAND: POST /session/da7f42de234ee122e0f4ded60e4b8c07/element/f.69C6A966BE3F374529091A689B6300C0.d.A9BF039F5267E19893650A88801971B0.e.16894/click - {}
RESULT: {}
COMMAND: GET /session/da7f42de234ee122e0f4ded60e4b8c07/screenshot - {}
RESULT: {}
]]></system-out>
    </testcase>
    <testcase classname="chrome.136_0_7103_93.windows.E2E_-_Logistical_and_commercial_statuses" name="It should follow the handover steps to the status fully provided" time="379.486">
      <system-out><![CDATA[
COMMAND: POST /session/da7f42de234ee122e0f4ded60e4b8c07/execute/async - {"script":"<script> [1562 bytes]","args":[{"selector":{"id":"contractDetailProvideButton","viewName":"etm.portal.ui.managecontracts.view.Detail","interaction":{"idSuffix":"BDI-content"}},"wdio_ui5_key":"contractDetailProvideButtonetmportal.ui.managecontracts.view.Detail"}]}
RESULT: {"script":"<script> [1562 bytes]","args":[{"selector":{"id":"contractDetailProvideButton","viewName":"etm.portal.ui.managecontracts.view.Detail","interaction":{"idSuffix":"BDI-content"}},"wdio_ui5_key":"contractDetailProvideButtonetmportal.ui.managecontracts.view.Detail"}]}
RESULT: undefined
COMMAND: POST /session/da7f42de234ee122e0f4ded60e4b8c07/element - {"using":"xpath","value":"//*[@id=\"__xmlview61--contractDetailProvideButton\"]"}
RESULT: {"using":"xpath","value":"//*[@id=\"__xmlview61--contractDetailProvideButton\"]"}
COMMAND: POST /session/da7f42de234ee122e0f4ded60e4b8c07/element/f.69C6A966BE3F374529091A689B6300C0.d.A9BF039F5267E19893650A88801971B0.e.16899/click - {}
RESULT: {}
COMMAND: GET /session/da7f42de234ee122e0f4ded60e4b8c07/screenshot - {}
COMMAND: POST /session/da7f42de234ee122e0f4ded60e4b8c07/execute/async - {"script":"<script> [1562 bytes]","args":[{"selector":{"id":"application-managehandovers-display-component---AddNewHO--oneStep","interaction":{"idSuffix":"CbBg"}},"wdio_ui5_key":"applicationmanagehandovers-display-component---AddNewHO--oneStep"}]}
RESULT: {}
RESULT: {"script":"<script> [1562 bytes]","args":[{"selector":{"id":"application-managehandovers-display-component---AddNewHO--oneStep","interaction":{"idSuffix":"CbBg"}},"wdio_ui5_key":"applicationmanagehandovers-display-component---AddNewHO--oneStep"}]}
RESULT: undefined
COMMAND: POST /session/da7f42de234ee122e0f4ded60e4b8c07/element - {"using":"xpath","value":"//*[@id=\"application-managehandovers-display-component---AddNewHO--oneStep\"]"}
RESULT: {"using":"xpath","value":"//*[@id=\"application-managehandovers-display-component---AddNewHO--oneStep\"]"}
COMMAND: POST /session/da7f42de234ee122e0f4ded60e4b8c07/element/f.69C6A966BE3F374529091A689B6300C0.d.A9BF039F5267E19893650A88801971B0.e.17061/click - {}
RESULT: {}
RESULT: undefined
COMMAND: POST /session/da7f42de234ee122e0f4ded60e4b8c07/execute/async - {"script":"<script> [776 bytes]","args":[{"enterText":"06/02/25","selector":{"id":"application-managehandovers-display-component---AddNewHO--dueDate","interaction":{"idSuffix":"inner"}},"clearTextFirst":true,"interactionType":"ENTER_TEXT"}]}
COMMAND: GET /session/da7f42de234ee122e0f4ded60e4b8c07/screenshot - {}
RESULT: {"script":"<script> [776 bytes]","args":[{"enterText":"06/02/25","selector":{"id":"application-managehandovers-display-component---AddNewHO--dueDate","interaction":{"idSuffix":"inner"}},"clearTextFirst":true,"interactionType":"ENTER_TEXT"}]}
RESULT: undefined
COMMAND: POST /session/da7f42de234ee122e0f4ded60e4b8c07/element - {"using":"xpath","value":"//*[@id=\"application-managehandovers-display-component---AddNewHO--ObjectPageLayout-anchBar-application-managehandovers-display-component---AddNewHO--section4-anchor\"]"}
RESULT: {}
RESULT: {"using":"xpath","value":"//*[@id=\"application-managehandovers-display-component---AddNewHO--ObjectPageLayout-anchBar-application-managehandovers-display-component---AddNewHO--section4-anchor\"]"}
COMMAND: POST /session/da7f42de234ee122e0f4ded60e4b8c07/element/f.69C6A966BE3F374529091A689B6300C0.d.A9BF039F5267E19893650A88801971B0.e.17062/click - {}
RESULT: {}
COMMAND: POST /session/da7f42de234ee122e0f4ded60e4b8c07/execute/async - {"script":"<script> [1562 bytes]","args":[{"selector":{"controlType":"sap.ui.core.Icon","viewName":"etm.portal.ui.managehandovers.view.AddNewHO","viewId":"application-managehandovers-display-component---AddNewHO","properties":{"src":{"regex":{"source":"add"}}}},"wdio_ui5_key":"etmportal.ui.managehandovers.view.AddNewHOsap.ui.core.Icon{\"src\":{\"regex\":{\"source\":\"add\"}}}"}]}
COMMAND: GET /session/da7f42de234ee122e0f4ded60e4b8c07/screenshot - {}
RESULT: {"script":"<script> [1562 bytes]","args":[{"selector":{"controlType":"sap.ui.core.Icon","viewName":"etm.portal.ui.managehandovers.view.AddNewHO","viewId":"application-managehandovers-display-component---AddNewHO","properties":{"src":{"regex":{"source":"add"}}}},"wdio_ui5_key":"etmportal.ui.managehandovers.view.AddNewHOsap.ui.core.Icon{\"src\":{\"regex\":{\"source\":\"add\"}}}"}]}
RESULT: undefined
COMMAND: POST /session/da7f42de234ee122e0f4ded60e4b8c07/element - {"using":"xpath","value":"//*[@id=\"__button178-img\"]"}
RESULT: {}
RESULT: {"using":"xpath","value":"//*[@id=\"__button178-img\"]"}
COMMAND: POST /session/da7f42de234ee122e0f4ded60e4b8c07/element/f.69C6A966BE3F374529091A689B6300C0.d.A9BF039F5267E19893650A88801971B0.e.17066/click - {}
RESULT: {}
COMMAND: GET /session/da7f42de234ee122e0f4ded60e4b8c07/screenshot - {}
RESULT: {}
RESULT: undefined
COMMAND: POST /session/da7f42de234ee122e0f4ded60e4b8c07/element - {"using":"xpath","value":"//*[@id=\"application-managehandovers-display-component---AddNewHO--popup-sa\"]"}
RESULT: {"using":"xpath","value":"//*[@id=\"application-managehandovers-display-component---AddNewHO--popup-sa\"]"}
COMMAND: POST /session/da7f42de234ee122e0f4ded60e4b8c07/element/f.69C6A966BE3F374529091A689B6300C0.d.A9BF039F5267E19893650A88801971B0.e.17082/click - {}
RESULT: {}
COMMAND: POST /session/da7f42de234ee122e0f4ded60e4b8c07/execute/async - {"script":"<script> [1562 bytes]","args":[{"selector":{"controlType":"sap.m.Button","viewName":"etm.portal.ui.managehandovers.view.AddNewHO","viewId":"application-managehandovers-display-component---AddNewHO","i18NText":{"propertyName":"text","key":"select"},"searchOpenDialogs":true,"interaction":{"idSuffix":"inner"}},"wdio_ui5_key":"etmportal.ui.managehandovers.view.AddNewHOsap.m.Button{\"propertyName\":\"text\",\"key\":\"select\"}"}]}
COMMAND: GET /session/da7f42de234ee122e0f4ded60e4b8c07/screenshot - {}
RESULT: {"script":"<script> [1562 bytes]","args":[{"selector":{"controlType":"sap.m.Button","viewName":"etm.portal.ui.managehandovers.view.AddNewHO","viewId":"application-managehandovers-display-component---AddNewHO","i18NText":{"propertyName":"text","key":"select"},"searchOpenDialogs":true,"interaction":{"idSuffix":"inner"}},"wdio_ui5_key":"etmportal.ui.managehandovers.view.AddNewHOsap.m.Button{\"propertyName\":\"text\",\"key\":\"select\"}"}]}
RESULT: undefined
COMMAND: POST /session/da7f42de234ee122e0f4ded60e4b8c07/element - {"using":"xpath","value":"//*[@id=\"__button182\"]"}
RESULT: {}
RESULT: {"using":"xpath","value":"//*[@id=\"__button182\"]"}
COMMAND: POST /session/da7f42de234ee122e0f4ded60e4b8c07/element/f.69C6A966BE3F374529091A689B6300C0.d.A9BF039F5267E19893650A88801971B0.e.17084/click - {}
RESULT: {}
COMMAND: POST /session/da7f42de234ee122e0f4ded60e4b8c07/execute/async - {"script":"<script> [1562 bytes]","args":[{"selector":{"id":"application-managehandovers-display-component---AddNewHO--confirmCreationButton","interaction":{"idSuffix":"BDI-content"}},"wdio_ui5_key":"applicationmanagehandovers-display-component---AddNewHO--confirmCreationButton"}]}
COMMAND: GET /session/da7f42de234ee122e0f4ded60e4b8c07/screenshot - {}
RESULT: {"script":"<script> [1562 bytes]","args":[{"selector":{"id":"application-managehandovers-display-component---AddNewHO--confirmCreationButton","interaction":{"idSuffix":"BDI-content"}},"wdio_ui5_key":"applicationmanagehandovers-display-component---AddNewHO--confirmCreationButton"}]}
RESULT: undefined
COMMAND: POST /session/da7f42de234ee122e0f4ded60e4b8c07/element - {"using":"xpath","value":"//*[@id=\"application-managehandovers-display-component---AddNewHO--confirmCreationButton\"]"}
RESULT: {}
RESULT: {"using":"xpath","value":"//*[@id=\"application-managehandovers-display-component---AddNewHO--confirmCreationButton\"]"}
COMMAND: POST /session/da7f42de234ee122e0f4ded60e4b8c07/element/f.69C6A966BE3F374529091A689B6300C0.d.A9BF039F5267E19893650A88801971B0.e.17021/click - {}
RESULT: {}
COMMAND: GET /session/da7f42de234ee122e0f4ded60e4b8c07/screenshot - {}
RESULT: {}
COMMAND: POST /session/da7f42de234ee122e0f4ded60e4b8c07/element - {"using":"xpath","value":"//a[contains(@data-kt ,\"GeneralSectionReceiveContracttLink\")]"}
RESULT: {"using":"xpath","value":"//a[contains(@data-kt ,\"GeneralSectionReceiveContracttLink\")]"}
COMMAND: POST /session/da7f42de234ee122e0f4ded60e4b8c07/element/f.69C6A966BE3F374529091A689B6300C0.d.A9BF039F5267E19893650A88801971B0.e.17129/click - {}
RESULT: {}
COMMAND: GET /session/da7f42de234ee122e0f4ded60e4b8c07/screenshot - {}
RESULT: {}
COMMAND: POST /session/da7f42de234ee122e0f4ded60e4b8c07/element - {"using":"xpath","value":"//a[contains(@data-kt ,\"ContextMenuId2Link\")]"}
RESULT: {"using":"xpath","value":"//a[contains(@data-kt ,\"ContextMenuId2Link\")]"}
COMMAND: POST /session/da7f42de234ee122e0f4ded60e4b8c07/element/f.69C6A966BE3F374529091A689B6300C0.d.A9BF039F5267E19893650A88801971B0.e.17140/click - {}
RESULT: {}
COMMAND: GET /session/da7f42de234ee122e0f4ded60e4b8c07/screenshot - {}
RESULT: {}
COMMAND: POST /session/da7f42de234ee122e0f4ded60e4b8c07/execute/async - {"script":"<script> [1562 bytes]","args":[{"selector":{"controlType":"sap.m.ObjectStatus","viewName":"etm.portal.ui.managecontracts.view.Detail","bindingPath":{"propertyPath":"LINK_TO_LOGISTICAL_STATUS/DESCRIPTION","modelName":"catalogModel"}},"wdio_ui5_key":"etmportal.ui.managecontracts.view.Detailsap.m.ObjectStatus{\"propertyPath\":\"LINK_TO_LOGISTICAL_STATUS/DESCRIPTION\",\"modelName\":\"catalogModel\"}"}]}
RESULT: {"script":"<script> [1562 bytes]","args":[{"selector":{"controlType":"sap.m.ObjectStatus","viewName":"etm.portal.ui.managecontracts.view.Detail","bindingPath":{"propertyPath":"LINK_TO_LOGISTICAL_STATUS/DESCRIPTION","modelName":"catalogModel"}},"wdio_ui5_key":"etmportal.ui.managecontracts.view.Detailsap.m.ObjectStatus{\"propertyPath\":\"LINK_TO_LOGISTICAL_STATUS/DESCRIPTION\",\"modelName\":\"catalogModel\"}"}]}
RESULT: undefined
COMMAND: POST /session/da7f42de234ee122e0f4ded60e4b8c07/execute/async - {"script":"<script> [6424 bytes]","args":[{"element-6066-11e4-a52e-4f735466cecf":"f.69C6A966BE3F374529091A689B6300C0.d.A9BF039F5267E19893650A88801971B0.e.17376"},"getText",[]]}
RESULT: {"script":"<script> [6424 bytes]","args":[{"element-6066-11e4-a52e-4f735466cecf":"f.69C6A966BE3F374529091A689B6300C0.d.A9BF039F5267E19893650A88801971B0.e.17376"},"getText",[]]}
COMMAND: POST /session/da7f42de234ee122e0f4ded60e4b8c07/execute/async - {"script":"<script> [1562 bytes]","args":[{"selector":{"controlType":"sap.m.ObjectStatus","viewName":"etm.portal.ui.managecontracts.view.Detail","bindingPath":{"propertyPath":"LINK_TO_COMMERCIAL_STATUS/DESCRIPTION","modelName":"catalogModel"}},"wdio_ui5_key":"etmportal.ui.managecontracts.view.Detailsap.m.ObjectStatus{\"propertyPath\":\"LINK_TO_COMMERCIAL_STATUS/DESCRIPTION\",\"modelName\":\"catalogModel\"}"}]}
RESULT: {"script":"<script> [1562 bytes]","args":[{"selector":{"controlType":"sap.m.ObjectStatus","viewName":"etm.portal.ui.managecontracts.view.Detail","bindingPath":{"propertyPath":"LINK_TO_COMMERCIAL_STATUS/DESCRIPTION","modelName":"catalogModel"}},"wdio_ui5_key":"etmportal.ui.managecontracts.view.Detailsap.m.ObjectStatus{\"propertyPath\":\"LINK_TO_COMMERCIAL_STATUS/DESCRIPTION\",\"modelName\":\"catalogModel\"}"}]}
RESULT: undefined
COMMAND: POST /session/da7f42de234ee122e0f4ded60e4b8c07/execute/async - {"script":"<script> [6424 bytes]","args":[{"element-6066-11e4-a52e-4f735466cecf":"f.69C6A966BE3F374529091A689B6300C0.d.A9BF039F5267E19893650A88801971B0.e.17377"},"getText",[]]}
RESULT: {"script":"<script> [6424 bytes]","args":[{"element-6066-11e4-a52e-4f735466cecf":"f.69C6A966BE3F374529091A689B6300C0.d.A9BF039F5267E19893650A88801971B0.e.17377"},"getText",[]]}
COMMAND: POST /session/da7f42de234ee122e0f4ded60e4b8c07/execute/async - {"script":"<script> [1562 bytes]","args":[{"selector":{"id":"backBtn"},"wdio_ui5_key":"backBtn"}]}
RESULT: {"script":"<script> [1562 bytes]","args":[{"selector":{"id":"backBtn"},"wdio_ui5_key":"backBtn"}]}
RESULT: undefined
COMMAND: POST /session/da7f42de234ee122e0f4ded60e4b8c07/element - {"using":"xpath","value":"//*[@id=\"backBtn\"]"}
RESULT: {"using":"xpath","value":"//*[@id=\"backBtn\"]"}
COMMAND: POST /session/da7f42de234ee122e0f4ded60e4b8c07/element/f.69C6A966BE3F374529091A689B6300C0.d.A9BF039F5267E19893650A88801971B0.e.17378/click - {}
RESULT: {}
COMMAND: GET /session/da7f42de234ee122e0f4ded60e4b8c07/screenshot - {}
COMMAND: POST /session/da7f42de234ee122e0f4ded60e4b8c07/execute/async - {"script":"<script> [1562 bytes]","args":[{"selector":{"controlType":"sap.m.Text","viewName":"etm.portal.ui.managehandovers.view.DetailExecuteHO","bindingPath":{"propertyPath":"NO","modelName":"catalogModel"}},"wdio_ui5_key":"etmportal.ui.managehandovers.view.DetailExecuteHOsap.m.Text{\"propertyPath\":\"NO\",\"modelName\":\"catalogModel\"}"}]}
RESULT: {}
RESULT: {"script":"<script> [1562 bytes]","args":[{"selector":{"controlType":"sap.m.Text","viewName":"etm.portal.ui.managehandovers.view.DetailExecuteHO","bindingPath":{"propertyPath":"NO","modelName":"catalogModel"}},"wdio_ui5_key":"etmportal.ui.managehandovers.view.DetailExecuteHOsap.m.Text{\"propertyPath\":\"NO\",\"modelName\":\"catalogModel\"}"}]}
RESULT: undefined
COMMAND: POST /session/da7f42de234ee122e0f4ded60e4b8c07/execute/async - {"script":"<script> [6424 bytes]","args":[{"element-6066-11e4-a52e-4f735466cecf":"f.69C6A966BE3F374529091A689B6300C0.d.A9BF039F5267E19893650A88801971B0.e.17513"},"getText",[]]}
RESULT: {"script":"<script> [6424 bytes]","args":[{"element-6066-11e4-a52e-4f735466cecf":"f.69C6A966BE3F374529091A689B6300C0.d.A9BF039F5267E19893650A88801971B0.e.17513"},"getText",[]]}
COMMAND: POST /session/da7f42de234ee122e0f4ded60e4b8c07/element - {"using":"xpath","value":"//input[contains(@id ,\"issueDatePicker-inner\")]"}
RESULT: {"using":"xpath","value":"//input[contains(@id ,\"issueDatePicker-inner\")]"}
COMMAND: GET /session/da7f42de234ee122e0f4ded60e4b8c07/element/f.69C6A966BE3F374529091A689B6300C0.d.A9BF039F5267E19893650A88801971B0.e.17494/property/value - {}
RESULT: {}
COMMAND: POST /session/da7f42de234ee122e0f4ded60e4b8c07/element/f.69C6A966BE3F374529091A689B6300C0.d.A9BF039F5267E19893650A88801971B0.e.17494/clear - {}
COMMAND: GET /session/da7f42de234ee122e0f4ded60e4b8c07/screenshot - {}
RESULT: {}
COMMAND: POST /session/da7f42de234ee122e0f4ded60e4b8c07/element/f.69C6A966BE3F374529091A689B6300C0.d.A9BF039F5267E19893650A88801971B0.e.17494/value - {"text":"06/02/25"}
COMMAND: GET /session/da7f42de234ee122e0f4ded60e4b8c07/screenshot - {}
RESULT: {}
RESULT: {"text":"06/02/25"}
COMMAND: GET /session/da7f42de234ee122e0f4ded60e4b8c07/screenshot - {}
RESULT: {}
RESULT: {}
COMMAND: POST /session/da7f42de234ee122e0f4ded60e4b8c07/execute/async - {"script":"<script> [1562 bytes]","args":[{"selector":{"controlType":"sap.m.Button","viewName":"etm.portal.ui.managehandovers.view.DetailExecuteHO","i18NText":{"propertyName":"text","key":"confirmAll"},"interaction":{"idSuffix":"inner"}},"wdio_ui5_key":"etmportal.ui.managehandovers.view.DetailExecuteHOsap.m.Button{\"propertyName\":\"text\",\"key\":\"confirmAll\"}"}]}
RESULT: {"script":"<script> [1562 bytes]","args":[{"selector":{"controlType":"sap.m.Button","viewName":"etm.portal.ui.managehandovers.view.DetailExecuteHO","i18NText":{"propertyName":"text","key":"confirmAll"},"interaction":{"idSuffix":"inner"}},"wdio_ui5_key":"etmportal.ui.managehandovers.view.DetailExecuteHOsap.m.Button{\"propertyName\":\"text\",\"key\":\"confirmAll\"}"}]}
RESULT: undefined
COMMAND: POST /session/da7f42de234ee122e0f4ded60e4b8c07/element - {"using":"xpath","value":"//*[@id=\"__button266\"]"}
RESULT: {"using":"xpath","value":"//*[@id=\"__button266\"]"}
COMMAND: POST /session/da7f42de234ee122e0f4ded60e4b8c07/element/f.69C6A966BE3F374529091A689B6300C0.d.A9BF039F5267E19893650A88801971B0.e.17517/click - {}
RESULT: {}
COMMAND: GET /session/da7f42de234ee122e0f4ded60e4b8c07/screenshot - {}
RESULT: {}
COMMAND: POST /session/da7f42de234ee122e0f4ded60e4b8c07/actions - {"actions":[{"id":"action84","type":"key","parameters":{},"actions":[{"type":"keyDown","value":"î€‡"},{"type":"pause","duration":10},{"type":"keyUp","value":"î€‡"}]}]}
RESULT: {"actions":[{"id":"action84","type":"key","parameters":{},"actions":[{"type":"keyDown","value":"î€‡"},{"type":"pause","duration":10},{"type":"keyUp","value":"î€‡"}]}]}
COMMAND: GET /session/da7f42de234ee122e0f4ded60e4b8c07/screenshot - {}
RESULT: {}
RESULT: undefined
COMMAND: POST /session/da7f42de234ee122e0f4ded60e4b8c07/element - {"using":"xpath","value":"//*[@id=\"__button266\"]"}
RESULT: {"using":"xpath","value":"//*[@id=\"__button266\"]"}
COMMAND: POST /session/da7f42de234ee122e0f4ded60e4b8c07/element/f.69C6A966BE3F374529091A689B6300C0.d.A9BF039F5267E19893650A88801971B0.e.17517/click - {}
RESULT: {}
COMMAND: GET /session/da7f42de234ee122e0f4ded60e4b8c07/screenshot - {}
COMMAND: POST /session/da7f42de234ee122e0f4ded60e4b8c07/execute/async - {"script":"<script> [1562 bytes]","args":[{"selector":{"controlType":"sap.m.Button","properties":{"text":"OK"},"searchOpenDialogs":true,"interaction":{"idSuffix":"content"}},"wdio_ui5_key":"sapm.Button{\"text\":\"OK\"}"}]}
RESULT: {}
RESULT: {"script":"<script> [1562 bytes]","args":[{"selector":{"controlType":"sap.m.Button","properties":{"text":"OK"},"searchOpenDialogs":true,"interaction":{"idSuffix":"content"}},"wdio_ui5_key":"sapm.Button{\"text\":\"OK\"}"}]}
RESULT: undefined
COMMAND: POST /session/da7f42de234ee122e0f4ded60e4b8c07/element - {"using":"xpath","value":"//*[@id=\"__mbox-btn-4\"]"}
RESULT: {"using":"xpath","value":"//*[@id=\"__mbox-btn-4\"]"}
COMMAND: POST /session/da7f42de234ee122e0f4ded60e4b8c07/element/f.69C6A966BE3F374529091A689B6300C0.d.A9BF039F5267E19893650A88801971B0.e.17525/click - {}
RESULT: {}
COMMAND: GET /session/da7f42de234ee122e0f4ded60e4b8c07/screenshot - {}
RESULT: {}
COMMAND: POST /session/da7f42de234ee122e0f4ded60e4b8c07/element - {"using":"xpath","value":"//button[contains(@data-kt ,\"execHoPickFooterButton\")]"}
RESULT: {"using":"xpath","value":"//button[contains(@data-kt ,\"execHoPickFooterButton\")]"}
COMMAND: POST /session/da7f42de234ee122e0f4ded60e4b8c07/element/f.69C6A966BE3F374529091A689B6300C0.d.A9BF039F5267E19893650A88801971B0.e.17529/click - {}
RESULT: {}
COMMAND: GET /session/da7f42de234ee122e0f4ded60e4b8c07/screenshot - {}
RESULT: {}
COMMAND: POST /session/da7f42de234ee122e0f4ded60e4b8c07/refresh - {}
RESULT: {}
COMMAND: GET /session/da7f42de234ee122e0f4ded60e4b8c07/screenshot - {}
RESULT: {}
COMMAND: POST /session/da7f42de234ee122e0f4ded60e4b8c07/refresh - {}
RESULT: {}
COMMAND: GET /session/da7f42de234ee122e0f4ded60e4b8c07/screenshot - {}
RESULT: {}
COMMAND: POST /session/da7f42de234ee122e0f4ded60e4b8c07/window/fullscreen - {}
RESULT: {}
COMMAND: POST /session/da7f42de234ee122e0f4ded60e4b8c07/execute/async - {"script":"<script> [189 bytes]","args":[]}
RESULT: {"script":"<script> [189 bytes]","args":[]}
COMMAND: POST /session/da7f42de234ee122e0f4ded60e4b8c07/execute/async - {"script":"<script> [123 bytes]","args":[]}
RESULT: {"script":"<script> [123 bytes]","args":[]}
COMMAND: POST /session/da7f42de234ee122e0f4ded60e4b8c07/timeouts - {"script":"<number>"}
RESULT: {"script":"<number>"}
COMMAND: GET /session/da7f42de234ee122e0f4ded60e4b8c07/timeouts - {}
RESULT: {}
RESULT: undefined
COMMAND: POST /session/da7f42de234ee122e0f4ded60e4b8c07/execute/async - {"script":"<script> [2676 bytes]","args":[]}
RESULT: {"script":"<script> [2676 bytes]","args":[]}
COMMAND: POST /session/da7f42de234ee122e0f4ded60e4b8c07/execute/async - {"script":"<script> [2342 bytes]","args":[{"protocol":"http","hostname":"0.0.0.0","path":"/","capabilities":{"browserName":"chrome","goog:chromeOptions":{"binary":"C:\\Program Files\\Google\\Chrome\\Application\\chrome.exe","args":["--start-maximized"]}},"logLevel":"warn","connectionRetryTimeout":120000,"connectionRetryCount":3,"logLevels":{},"enableDirectConnect":true,"strictSSL":true,"_":"65 more keys: [\"cacheDir\",\"port\",\"requestedCapabilities\",\"automationProtocol\",\"baseUrl\",\"waitforInterval\",\"waitforTimeout\",\"onReload\",\"beforeCommand\",\"afterCommand\",\"rootDir\",\"specs\",\"suites\",\"exclude\",\"groupLogsByTestSpec\",\"excludeDriverLogs\",\"bail\",\"framework\",\"reporters\",\"services\",\"maxInstances\",\"maxInstancesPerCapability\",\"injectGlobals\",\"filesToWatch\",\"execArgv\",\"runnerEnv\",\"runner\",\"shard\",\"specFileRetries\",\"specFileRetriesDelay\",\"specFileRetriesDeferred\",\"reporterSyncInterval\",\"reporterSyncTimeout\",\"cucumberFeaturesWithLineNumbers\",\"autoCompileOpts\",\"mochaOpts\",\"jasmineOpts\",\"cucumberOpts\",\"onPrepare\",\"onWorkerStart\",\"onWorkerEnd\",\"before\",\"beforeSession\",\"beforeSuite\",\"beforeHook\",\"beforeTest\",\"afterTest\",\"afterHook\",\"afterSuite\",\"afterSession\",\"after\",\"onComplete\",\"beforeAssertion\",\"afterAssertion\",\"beforeFeature\",\"beforeScenario\",\"beforeStep\",\"afterStep\",\"afterScenario\",\"afterFeature\",\"_\",\"suite\",\"$0\",\"ignoredWorkerServices\",\"wdi5\"]"}]}
RESULT: {"script":"<script> [2342 bytes]","args":[{"protocol":"http","hostname":"0.0.0.0","path":"/","capabilities":{"browserName":"chrome","goog:chromeOptions":{"binary":"C:\\Program Files\\Google\\Chrome\\Application\\chrome.exe","args":["--start-maximized"]}},"logLevel":"warn","connectionRetryTimeout":120000,"connectionRetryCount":3,"logLevels":{},"enableDirectConnect":true,"strictSSL":true,"_":"65 more keys: [\"cacheDir\",\"port\",\"requestedCapabilities\",\"automationProtocol\",\"baseUrl\",\"waitforInterval\",\"waitforTimeout\",\"onReload\",\"beforeCommand\",\"afterCommand\",\"rootDir\",\"specs\",\"suites\",\"exclude\",\"groupLogsByTestSpec\",\"excludeDriverLogs\",\"bail\",\"framework\",\"reporters\",\"services\",\"maxInstances\",\"maxInstancesPerCapability\",\"injectGlobals\",\"filesToWatch\",\"execArgv\",\"runnerEnv\",\"runner\",\"shard\",\"specFileRetries\",\"specFileRetriesDelay\",\"specFileRetriesDeferred\",\"reporterSyncInterval\",\"reporterSyncTimeout\",\"cucumberFeaturesWithLineNumbers\",\"autoCompileOpts\",\"mochaOpts\",\"jasmineOpts\",\"cucumberOpts\",\"onPrepare\",\"onWorkerStart\",\"onWorkerEnd\",\"before\",\"beforeSession\",\"beforeSuite\",\"beforeHook\",\"beforeTest\",\"afterTest\",\"afterHook\",\"afterSuite\",\"afterSession\",\"after\",\"onComplete\",\"beforeAssertion\",\"afterAssertion\",\"beforeFeature\",\"beforeScenario\",\"beforeStep\",\"afterStep\",\"afterScenario\",\"afterFeature\",\"_\",\"suite\",\"$0\",\"ignoredWorkerServices\",\"wdi5\"]"}]}
COMMAND: POST /session/da7f42de234ee122e0f4ded60e4b8c07/execute/async - {"script":"<script> [21126 bytes]","args":[35000]}
RESULT: {"script":"<script> [21126 bytes]","args":[35000]}
COMMAND: POST /session/da7f42de234ee122e0f4ded60e4b8c07/execute/async - {"script":"<script> [1562 bytes]","args":[{"selector":{"controlType":"sap.m.SearchField","viewName":"etm.portal.ui.managehandovers.view.MasterHO","bindingPath":{"path":"","propertyPath":"/_BASIC_SEARCH_FIELD","modelName":"fi1t3rM0d31"},"interaction":{"idSuffix":"I"}},"wdio_ui5_key":"etmportal.ui.managehandovers.view.MasterHOsap.m.SearchField{\"path\":\"\",\"propertyPath\":\"/_BASIC_SEARCH_FIELD\",\"modelName\":\"fi1t3rM0d31\"}"}]}
RESULT: {"script":"<script> [1562 bytes]","args":[{"selector":{"controlType":"sap.m.SearchField","viewName":"etm.portal.ui.managehandovers.view.MasterHO","bindingPath":{"path":"","propertyPath":"/_BASIC_SEARCH_FIELD","modelName":"fi1t3rM0d31"},"interaction":{"idSuffix":"I"}},"wdio_ui5_key":"etmportal.ui.managehandovers.view.MasterHOsap.m.SearchField{\"path\":\"\",\"propertyPath\":\"/_BASIC_SEARCH_FIELD\",\"modelName\":\"fi1t3rM0d31\"}"}]}
RESULT: undefined
COMMAND: POST /session/da7f42de234ee122e0f4ded60e4b8c07/execute/async - {"script":"<script> [776 bytes]","args":[{"enterText":"30905","selector":{"controlType":"sap.m.SearchField","viewName":"etm.portal.ui.managehandovers.view.MasterHO","bindingPath":{"path":"","propertyPath":"/_BASIC_SEARCH_FIELD","modelName":"fi1t3rM0d31"},"interaction":{"idSuffix":"I"}},"clearTextFirst":true,"interactionType":"ENTER_TEXT"}]}
RESULT: {"script":"<script> [776 bytes]","args":[{"enterText":"30905","selector":{"controlType":"sap.m.SearchField","viewName":"etm.portal.ui.managehandovers.view.MasterHO","bindingPath":{"path":"","propertyPath":"/_BASIC_SEARCH_FIELD","modelName":"fi1t3rM0d31"},"interaction":{"idSuffix":"I"}},"clearTextFirst":true,"interactionType":"ENTER_TEXT"}]}
COMMAND: POST /session/da7f42de234ee122e0f4ded60e4b8c07/actions - {"actions":[{"id":"action85","type":"key","parameters":{},"actions":[{"type":"keyDown","value":"î€‡"},{"type":"pause","duration":10},{"type":"keyUp","value":"î€‡"}]}]}
RESULT: {"actions":[{"id":"action85","type":"key","parameters":{},"actions":[{"type":"keyDown","value":"î€‡"},{"type":"pause","duration":10},{"type":"keyUp","value":"î€‡"}]}]}
COMMAND: GET /session/da7f42de234ee122e0f4ded60e4b8c07/screenshot - {}
RESULT: {}
COMMAND: POST /session/da7f42de234ee122e0f4ded60e4b8c07/execute/async - {"script":"<script> [1562 bytes]","args":[{"selector":{"controlType":"sap.m.Title","viewName":"etm.portal.ui.managehandovers.view.MasterHO","properties":{"text":"Records (1)"}},"wdio_ui5_key":"etmportal.ui.managehandovers.view.MasterHOsap.m.Title{\"text\":\"Records (1)\"}"}]}
RESULT: {"script":"<script> [1562 bytes]","args":[{"selector":{"controlType":"sap.m.Title","viewName":"etm.portal.ui.managehandovers.view.MasterHO","properties":{"text":"Records (1)"}},"wdio_ui5_key":"etmportal.ui.managehandovers.view.MasterHOsap.m.Title{\"text\":\"Records (1)\"}"}]}
RESULT: undefined
COMMAND: POST /session/da7f42de234ee122e0f4ded60e4b8c07/execute/async - {"script":"<script> [6424 bytes]","args":[{"element-6066-11e4-a52e-4f735466cecf":"f.69C6A966BE3F374529091A689B6300C0.d.B42C843526D70241181505EBC8962B35.e.17892"},"getText",[]]}
RESULT: {"script":"<script> [6424 bytes]","args":[{"element-6066-11e4-a52e-4f735466cecf":"f.69C6A966BE3F374529091A689B6300C0.d.B42C843526D70241181505EBC8962B35.e.17892"},"getText",[]]}
COMMAND: POST /session/da7f42de234ee122e0f4ded60e4b8c07/execute/async - {"script":"<script> [1562 bytes]","args":[{"selector":{"controlType":"sap.ui.core.Icon","viewName":"etm.portal.ui.managehandovers.view.MasterHO","properties":{"src":{"regex":{"source":"slim\\-arrow\\-right"}}}},"wdio_ui5_key":"etmportal.ui.managehandovers.view.MasterHOsap.ui.core.Icon{\"src\":{\"regex\":{\"source\":\"slim\\\\-arrow\\\\-right\"}}}"}]}
RESULT: {"script":"<script> [1562 bytes]","args":[{"selector":{"controlType":"sap.ui.core.Icon","viewName":"etm.portal.ui.managehandovers.view.MasterHO","properties":{"src":{"regex":{"source":"slim\\-arrow\\-right"}}}},"wdio_ui5_key":"etmportal.ui.managehandovers.view.MasterHOsap.ui.core.Icon{\"src\":{\"regex\":{\"source\":\"slim\\\\-arrow\\\\-right\"}}}"}]}
RESULT: undefined
COMMAND: POST /session/da7f42de234ee122e0f4ded60e4b8c07/element - {"using":"xpath","value":"//*[@id=\"__item29-__clone17-imgNav\"]"}
RESULT: {"using":"xpath","value":"//*[@id=\"__item29-__clone17-imgNav\"]"}
COMMAND: POST /session/da7f42de234ee122e0f4ded60e4b8c07/element/f.69C6A966BE3F374529091A689B6300C0.d.B42C843526D70241181505EBC8962B35.e.17891/click - {}
RESULT: {}
COMMAND: GET /session/da7f42de234ee122e0f4ded60e4b8c07/screenshot - {}
RESULT: {}
COMMAND: POST /session/da7f42de234ee122e0f4ded60e4b8c07/element - {"using":"xpath","value":"//a[contains(@data-kt ,\"GeneralSectionReceiveContracttLink\")]"}
RESULT: {"using":"xpath","value":"//a[contains(@data-kt ,\"GeneralSectionReceiveContracttLink\")]"}
COMMAND: POST /session/da7f42de234ee122e0f4ded60e4b8c07/element/f.69C6A966BE3F374529091A689B6300C0.d.B42C843526D70241181505EBC8962B35.e.17996/click - {}
RESULT: {}
COMMAND: GET /session/da7f42de234ee122e0f4ded60e4b8c07/screenshot - {}
RESULT: {}
COMMAND: POST /session/da7f42de234ee122e0f4ded60e4b8c07/element - {"using":"xpath","value":"//a[contains(@data-kt ,\"ContextMenuId2Link\")]"}
RESULT: {"using":"xpath","value":"//a[contains(@data-kt ,\"ContextMenuId2Link\")]"}
COMMAND: POST /session/da7f42de234ee122e0f4ded60e4b8c07/element/f.69C6A966BE3F374529091A689B6300C0.d.B42C843526D70241181505EBC8962B35.e.17999/click - {}
RESULT: {}
COMMAND: GET /session/da7f42de234ee122e0f4ded60e4b8c07/screenshot - {}
RESULT: {}
COMMAND: POST /session/da7f42de234ee122e0f4ded60e4b8c07/execute/async - {"script":"<script> [1562 bytes]","args":[{"selector":{"controlType":"sap.m.ObjectStatus","viewName":"etm.portal.ui.managecontracts.view.Detail","bindingPath":{"propertyPath":"LINK_TO_LOGISTICAL_STATUS/DESCRIPTION","modelName":"catalogModel"}},"wdio_ui5_key":"etmportal.ui.managecontracts.view.Detailsap.m.ObjectStatus{\"propertyPath\":\"LINK_TO_LOGISTICAL_STATUS/DESCRIPTION\",\"modelName\":\"catalogModel\"}"}]}
RESULT: {"script":"<script> [1562 bytes]","args":[{"selector":{"controlType":"sap.m.ObjectStatus","viewName":"etm.portal.ui.managecontracts.view.Detail","bindingPath":{"propertyPath":"LINK_TO_LOGISTICAL_STATUS/DESCRIPTION","modelName":"catalogModel"}},"wdio_ui5_key":"etmportal.ui.managecontracts.view.Detailsap.m.ObjectStatus{\"propertyPath\":\"LINK_TO_LOGISTICAL_STATUS/DESCRIPTION\",\"modelName\":\"catalogModel\"}"}]}
RESULT: undefined
COMMAND: POST /session/da7f42de234ee122e0f4ded60e4b8c07/execute/async - {"script":"<script> [6424 bytes]","args":[{"element-6066-11e4-a52e-4f735466cecf":"f.69C6A966BE3F374529091A689B6300C0.d.B42C843526D70241181505EBC8962B35.e.18227"},"getText",[]]}
RESULT: {"script":"<script> [6424 bytes]","args":[{"element-6066-11e4-a52e-4f735466cecf":"f.69C6A966BE3F374529091A689B6300C0.d.B42C843526D70241181505EBC8962B35.e.18227"},"getText",[]]}
COMMAND: POST /session/da7f42de234ee122e0f4ded60e4b8c07/execute/async - {"script":"<script> [1562 bytes]","args":[{"selector":{"controlType":"sap.m.ObjectStatus","viewName":"etm.portal.ui.managecontracts.view.Detail","bindingPath":{"propertyPath":"LINK_TO_COMMERCIAL_STATUS/DESCRIPTION","modelName":"catalogModel"}},"wdio_ui5_key":"etmportal.ui.managecontracts.view.Detailsap.m.ObjectStatus{\"propertyPath\":\"LINK_TO_COMMERCIAL_STATUS/DESCRIPTION\",\"modelName\":\"catalogModel\"}"}]}
RESULT: {"script":"<script> [1562 bytes]","args":[{"selector":{"controlType":"sap.m.ObjectStatus","viewName":"etm.portal.ui.managecontracts.view.Detail","bindingPath":{"propertyPath":"LINK_TO_COMMERCIAL_STATUS/DESCRIPTION","modelName":"catalogModel"}},"wdio_ui5_key":"etmportal.ui.managecontracts.view.Detailsap.m.ObjectStatus{\"propertyPath\":\"LINK_TO_COMMERCIAL_STATUS/DESCRIPTION\",\"modelName\":\"catalogModel\"}"}]}
RESULT: undefined
COMMAND: POST /session/da7f42de234ee122e0f4ded60e4b8c07/execute/async - {"script":"<script> [6424 bytes]","args":[{"element-6066-11e4-a52e-4f735466cecf":"f.69C6A966BE3F374529091A689B6300C0.d.B42C843526D70241181505EBC8962B35.e.18228"},"getText",[]]}
RESULT: {"script":"<script> [6424 bytes]","args":[{"element-6066-11e4-a52e-4f735466cecf":"f.69C6A966BE3F374529091A689B6300C0.d.B42C843526D70241181505EBC8962B35.e.18228"},"getText",[]]}
COMMAND: POST /session/da7f42de234ee122e0f4ded60e4b8c07/execute/async - {"script":"<script> [1562 bytes]","args":[{"selector":{"id":"backBtn"},"wdio_ui5_key":"backBtn"}]}
RESULT: {"script":"<script> [1562 bytes]","args":[{"selector":{"id":"backBtn"},"wdio_ui5_key":"backBtn"}]}
RESULT: undefined
COMMAND: POST /session/da7f42de234ee122e0f4ded60e4b8c07/element - {"using":"xpath","value":"//*[@id=\"backBtn\"]"}
RESULT: {"using":"xpath","value":"//*[@id=\"backBtn\"]"}
COMMAND: POST /session/da7f42de234ee122e0f4ded60e4b8c07/element/f.69C6A966BE3F374529091A689B6300C0.d.B42C843526D70241181505EBC8962B35.e.18229/click - {}
RESULT: {}
COMMAND: GET /session/da7f42de234ee122e0f4ded60e4b8c07/screenshot - {}
COMMAND: POST /session/da7f42de234ee122e0f4ded60e4b8c07/execute/async - {"script":"<script> [1562 bytes]","args":[{"selector":{"controlType":"sap.m.Button","viewName":"etm.portal.ui.managehandovers.view.DetailExecuteHO","i18NText":{"propertyName":"text","key":"confirmAll"},"interaction":{"idSuffix":"BDI-content"}},"wdio_ui5_key":"etmportal.ui.managehandovers.view.DetailExecuteHOsap.m.Button{\"propertyName\":\"text\",\"key\":\"confirmAll\"}"}]}
RESULT: {}
RESULT: {"script":"<script> [1562 bytes]","args":[{"selector":{"controlType":"sap.m.Button","viewName":"etm.portal.ui.managehandovers.view.DetailExecuteHO","i18NText":{"propertyName":"text","key":"confirmAll"},"interaction":{"idSuffix":"BDI-content"}},"wdio_ui5_key":"etmportal.ui.managehandovers.view.DetailExecuteHOsap.m.Button{\"propertyName\":\"text\",\"key\":\"confirmAll\"}"}]}
RESULT: undefined
COMMAND: POST /session/da7f42de234ee122e0f4ded60e4b8c07/element - {"using":"xpath","value":"//*[@id=\"__button85\"]"}
RESULT: {"using":"xpath","value":"//*[@id=\"__button85\"]"}
COMMAND: POST /session/da7f42de234ee122e0f4ded60e4b8c07/element/f.69C6A966BE3F374529091A689B6300C0.d.B42C843526D70241181505EBC8962B35.e.18517/click - {}
RESULT: {}
COMMAND: GET /session/da7f42de234ee122e0f4ded60e4b8c07/screenshot - {}
RESULT: {}
COMMAND: POST /session/da7f42de234ee122e0f4ded60e4b8c07/execute/async - {"script":"<script> [1562 bytes]","args":[{"selector":{"controlType":"sap.m.Button","properties":{"text":"OK"},"searchOpenDialogs":true,"interaction":{"idSuffix":"inner"}},"wdio_ui5_key":"sapm.Button{\"text\":\"OK\"}"}]}
RESULT: {"script":"<script> [1562 bytes]","args":[{"selector":{"controlType":"sap.m.Button","properties":{"text":"OK"},"searchOpenDialogs":true,"interaction":{"idSuffix":"inner"}},"wdio_ui5_key":"sapm.Button{\"text\":\"OK\"}"}]}
RESULT: undefined
COMMAND: POST /session/da7f42de234ee122e0f4ded60e4b8c07/element - {"using":"xpath","value":"//*[@id=\"__mbox-btn-0\"]"}
RESULT: {"using":"xpath","value":"//*[@id=\"__mbox-btn-0\"]"}
COMMAND: POST /session/da7f42de234ee122e0f4ded60e4b8c07/element/f.69C6A966BE3F374529091A689B6300C0.d.B42C843526D70241181505EBC8962B35.e.18520/click - {}
RESULT: {}
COMMAND: GET /session/da7f42de234ee122e0f4ded60e4b8c07/screenshot - {}
RESULT: {}
COMMAND: POST /session/da7f42de234ee122e0f4ded60e4b8c07/element - {"using":"xpath","value":"//button[contains(@data-kt ,\"execHoIssueFooterButton\")]"}
RESULT: {"using":"xpath","value":"//button[contains(@data-kt ,\"execHoIssueFooterButton\")]"}
COMMAND: POST /session/da7f42de234ee122e0f4ded60e4b8c07/element/f.69C6A966BE3F374529091A689B6300C0.d.B42C843526D70241181505EBC8962B35.e.18523/click - {}
RESULT: {}
COMMAND: GET /session/da7f42de234ee122e0f4ded60e4b8c07/screenshot - {}
RESULT: {}
COMMAND: POST /session/da7f42de234ee122e0f4ded60e4b8c07/refresh - {}
RESULT: {}
COMMAND: GET /session/da7f42de234ee122e0f4ded60e4b8c07/screenshot - {}
RESULT: {}
COMMAND: POST /session/da7f42de234ee122e0f4ded60e4b8c07/refresh - {}
RESULT: {}
COMMAND: GET /session/da7f42de234ee122e0f4ded60e4b8c07/screenshot - {}
RESULT: {}
COMMAND: POST /session/da7f42de234ee122e0f4ded60e4b8c07/window/fullscreen - {}
RESULT: {}
COMMAND: POST /session/da7f42de234ee122e0f4ded60e4b8c07/execute/async - {"script":"<script> [189 bytes]","args":[]}
RESULT: {"script":"<script> [189 bytes]","args":[]}
COMMAND: POST /session/da7f42de234ee122e0f4ded60e4b8c07/execute/async - {"script":"<script> [123 bytes]","args":[]}
RESULT: {"script":"<script> [123 bytes]","args":[]}
COMMAND: POST /session/da7f42de234ee122e0f4ded60e4b8c07/timeouts - {"script":"<number>"}
RESULT: {"script":"<number>"}
COMMAND: GET /session/da7f42de234ee122e0f4ded60e4b8c07/timeouts - {}
RESULT: {}
RESULT: undefined
COMMAND: POST /session/da7f42de234ee122e0f4ded60e4b8c07/execute/async - {"script":"<script> [2676 bytes]","args":[]}
RESULT: {"script":"<script> [2676 bytes]","args":[]}
COMMAND: POST /session/da7f42de234ee122e0f4ded60e4b8c07/execute/async - {"script":"<script> [2342 bytes]","args":[{"protocol":"http","hostname":"0.0.0.0","path":"/","capabilities":{"browserName":"chrome","goog:chromeOptions":{"binary":"C:\\Program Files\\Google\\Chrome\\Application\\chrome.exe","args":["--start-maximized"]}},"logLevel":"warn","connectionRetryTimeout":120000,"connectionRetryCount":3,"logLevels":{},"enableDirectConnect":true,"strictSSL":true,"_":"65 more keys: [\"cacheDir\",\"port\",\"requestedCapabilities\",\"automationProtocol\",\"baseUrl\",\"waitforInterval\",\"waitforTimeout\",\"onReload\",\"beforeCommand\",\"afterCommand\",\"rootDir\",\"specs\",\"suites\",\"exclude\",\"groupLogsByTestSpec\",\"excludeDriverLogs\",\"bail\",\"framework\",\"reporters\",\"services\",\"maxInstances\",\"maxInstancesPerCapability\",\"injectGlobals\",\"filesToWatch\",\"execArgv\",\"runnerEnv\",\"runner\",\"shard\",\"specFileRetries\",\"specFileRetriesDelay\",\"specFileRetriesDeferred\",\"reporterSyncInterval\",\"reporterSyncTimeout\",\"cucumberFeaturesWithLineNumbers\",\"autoCompileOpts\",\"mochaOpts\",\"jasmineOpts\",\"cucumberOpts\",\"onPrepare\",\"onWorkerStart\",\"onWorkerEnd\",\"before\",\"beforeSession\",\"beforeSuite\",\"beforeHook\",\"beforeTest\",\"afterTest\",\"afterHook\",\"afterSuite\",\"afterSession\",\"after\",\"onComplete\",\"beforeAssertion\",\"afterAssertion\",\"beforeFeature\",\"beforeScenario\",\"beforeStep\",\"afterStep\",\"afterScenario\",\"afterFeature\",\"_\",\"suite\",\"$0\",\"ignoredWorkerServices\",\"wdi5\"]"}]}
RESULT: {"script":"<script> [2342 bytes]","args":[{"protocol":"http","hostname":"0.0.0.0","path":"/","capabilities":{"browserName":"chrome","goog:chromeOptions":{"binary":"C:\\Program Files\\Google\\Chrome\\Application\\chrome.exe","args":["--start-maximized"]}},"logLevel":"warn","connectionRetryTimeout":120000,"connectionRetryCount":3,"logLevels":{},"enableDirectConnect":true,"strictSSL":true,"_":"65 more keys: [\"cacheDir\",\"port\",\"requestedCapabilities\",\"automationProtocol\",\"baseUrl\",\"waitforInterval\",\"waitforTimeout\",\"onReload\",\"beforeCommand\",\"afterCommand\",\"rootDir\",\"specs\",\"suites\",\"exclude\",\"groupLogsByTestSpec\",\"excludeDriverLogs\",\"bail\",\"framework\",\"reporters\",\"services\",\"maxInstances\",\"maxInstancesPerCapability\",\"injectGlobals\",\"filesToWatch\",\"execArgv\",\"runnerEnv\",\"runner\",\"shard\",\"specFileRetries\",\"specFileRetriesDelay\",\"specFileRetriesDeferred\",\"reporterSyncInterval\",\"reporterSyncTimeout\",\"cucumberFeaturesWithLineNumbers\",\"autoCompileOpts\",\"mochaOpts\",\"jasmineOpts\",\"cucumberOpts\",\"onPrepare\",\"onWorkerStart\",\"onWorkerEnd\",\"before\",\"beforeSession\",\"beforeSuite\",\"beforeHook\",\"beforeTest\",\"afterTest\",\"afterHook\",\"afterSuite\",\"afterSession\",\"after\",\"onComplete\",\"beforeAssertion\",\"afterAssertion\",\"beforeFeature\",\"beforeScenario\",\"beforeStep\",\"afterStep\",\"afterScenario\",\"afterFeature\",\"_\",\"suite\",\"$0\",\"ignoredWorkerServices\",\"wdi5\"]"}]}
COMMAND: POST /session/da7f42de234ee122e0f4ded60e4b8c07/execute/async - {"script":"<script> [21126 bytes]","args":[35000]}
RESULT: {"script":"<script> [21126 bytes]","args":[35000]}
COMMAND: POST /session/da7f42de234ee122e0f4ded60e4b8c07/execute/async - {"script":"<script> [1562 bytes]","args":[{"selector":{"controlType":"sap.m.SearchField","viewName":"etm.portal.ui.managehandovers.view.MasterHO","bindingPath":{"path":"","propertyPath":"/_BASIC_SEARCH_FIELD","modelName":"fi1t3rM0d31"},"interaction":{"idSuffix":"I"}},"wdio_ui5_key":"etmportal.ui.managehandovers.view.MasterHOsap.m.SearchField{\"path\":\"\",\"propertyPath\":\"/_BASIC_SEARCH_FIELD\",\"modelName\":\"fi1t3rM0d31\"}"}]}
RESULT: {"script":"<script> [1562 bytes]","args":[{"selector":{"controlType":"sap.m.SearchField","viewName":"etm.portal.ui.managehandovers.view.MasterHO","bindingPath":{"path":"","propertyPath":"/_BASIC_SEARCH_FIELD","modelName":"fi1t3rM0d31"},"interaction":{"idSuffix":"I"}},"wdio_ui5_key":"etmportal.ui.managehandovers.view.MasterHOsap.m.SearchField{\"path\":\"\",\"propertyPath\":\"/_BASIC_SEARCH_FIELD\",\"modelName\":\"fi1t3rM0d31\"}"}]}
RESULT: undefined
COMMAND: POST /session/da7f42de234ee122e0f4ded60e4b8c07/execute/async - {"script":"<script> [776 bytes]","args":[{"enterText":"30905","selector":{"controlType":"sap.m.SearchField","viewName":"etm.portal.ui.managehandovers.view.MasterHO","bindingPath":{"path":"","propertyPath":"/_BASIC_SEARCH_FIELD","modelName":"fi1t3rM0d31"},"interaction":{"idSuffix":"I"}},"clearTextFirst":true,"interactionType":"ENTER_TEXT"}]}
RESULT: {"script":"<script> [776 bytes]","args":[{"enterText":"30905","selector":{"controlType":"sap.m.SearchField","viewName":"etm.portal.ui.managehandovers.view.MasterHO","bindingPath":{"path":"","propertyPath":"/_BASIC_SEARCH_FIELD","modelName":"fi1t3rM0d31"},"interaction":{"idSuffix":"I"}},"clearTextFirst":true,"interactionType":"ENTER_TEXT"}]}
COMMAND: POST /session/da7f42de234ee122e0f4ded60e4b8c07/actions - {"actions":[{"id":"action86","type":"key","parameters":{},"actions":[{"type":"keyDown","value":"î€‡"},{"type":"pause","duration":10},{"type":"keyUp","value":"î€‡"}]}]}
RESULT: {"actions":[{"id":"action86","type":"key","parameters":{},"actions":[{"type":"keyDown","value":"î€‡"},{"type":"pause","duration":10},{"type":"keyUp","value":"î€‡"}]}]}
COMMAND: GET /session/da7f42de234ee122e0f4ded60e4b8c07/screenshot - {}
RESULT: {}
COMMAND: POST /session/da7f42de234ee122e0f4ded60e4b8c07/execute/async - {"script":"<script> [1562 bytes]","args":[{"selector":{"controlType":"sap.m.Title","viewName":"etm.portal.ui.managehandovers.view.MasterHO","properties":{"text":"Records (1)"}},"wdio_ui5_key":"etmportal.ui.managehandovers.view.MasterHOsap.m.Title{\"text\":\"Records (1)\"}"}]}
RESULT: {"script":"<script> [1562 bytes]","args":[{"selector":{"controlType":"sap.m.Title","viewName":"etm.portal.ui.managehandovers.view.MasterHO","properties":{"text":"Records (1)"}},"wdio_ui5_key":"etmportal.ui.managehandovers.view.MasterHOsap.m.Title{\"text\":\"Records (1)\"}"}]}
RESULT: undefined
COMMAND: POST /session/da7f42de234ee122e0f4ded60e4b8c07/execute/async - {"script":"<script> [6424 bytes]","args":[{"element-6066-11e4-a52e-4f735466cecf":"f.69C6A966BE3F374529091A689B6300C0.d.EC801096C880FB0BCF66E699AE1B7926.e.18828"},"getText",[]]}
RESULT: {"script":"<script> [6424 bytes]","args":[{"element-6066-11e4-a52e-4f735466cecf":"f.69C6A966BE3F374529091A689B6300C0.d.EC801096C880FB0BCF66E699AE1B7926.e.18828"},"getText",[]]}
COMMAND: POST /session/da7f42de234ee122e0f4ded60e4b8c07/execute/async - {"script":"<script> [1562 bytes]","args":[{"selector":{"controlType":"sap.ui.core.Icon","viewName":"etm.portal.ui.managehandovers.view.MasterHO","properties":{"src":{"regex":{"source":"slim\\-arrow\\-right"}}}},"wdio_ui5_key":"etmportal.ui.managehandovers.view.MasterHOsap.ui.core.Icon{\"src\":{\"regex\":{\"source\":\"slim\\\\-arrow\\\\-right\"}}}"}]}
RESULT: {"script":"<script> [1562 bytes]","args":[{"selector":{"controlType":"sap.ui.core.Icon","viewName":"etm.portal.ui.managehandovers.view.MasterHO","properties":{"src":{"regex":{"source":"slim\\-arrow\\-right"}}}},"wdio_ui5_key":"etmportal.ui.managehandovers.view.MasterHOsap.ui.core.Icon{\"src\":{\"regex\":{\"source\":\"slim\\\\-arrow\\\\-right\"}}}"}]}
RESULT: undefined
COMMAND: POST /session/da7f42de234ee122e0f4ded60e4b8c07/element - {"using":"xpath","value":"//*[@id=\"__item29-__clone17-imgNav\"]"}
RESULT: {"using":"xpath","value":"//*[@id=\"__item29-__clone17-imgNav\"]"}
COMMAND: POST /session/da7f42de234ee122e0f4ded60e4b8c07/element/f.69C6A966BE3F374529091A689B6300C0.d.EC801096C880FB0BCF66E699AE1B7926.e.18827/click - {}
RESULT: {}
COMMAND: GET /session/da7f42de234ee122e0f4ded60e4b8c07/screenshot - {}
RESULT: {}
COMMAND: POST /session/da7f42de234ee122e0f4ded60e4b8c07/execute/async - {"script":"<script> [1562 bytes]","args":[{"selector":{"controlType":"sap.m.ObjectStatus","viewName":"etm.portal.ui.managehandovers.view.DetailExecuteHO","labelFor":{"text":"Status"}},"wdio_ui5_key":"etmportal.ui.managehandovers.view.DetailExecuteHOsap.m.ObjectStatus{\"text\":\"Status\"}"}]}
RESULT: {"script":"<script> [1562 bytes]","args":[{"selector":{"controlType":"sap.m.ObjectStatus","viewName":"etm.portal.ui.managehandovers.view.DetailExecuteHO","labelFor":{"text":"Status"}},"wdio_ui5_key":"etmportal.ui.managehandovers.view.DetailExecuteHOsap.m.ObjectStatus{\"text\":\"Status\"}"}]}
RESULT: undefined
COMMAND: POST /session/da7f42de234ee122e0f4ded60e4b8c07/execute/async - {"script":"<script> [6424 bytes]","args":[{"element-6066-11e4-a52e-4f735466cecf":"f.69C6A966BE3F374529091A689B6300C0.d.EC801096C880FB0BCF66E699AE1B7926.e.18929"},"getText",[]]}
RESULT: {"script":"<script> [6424 bytes]","args":[{"element-6066-11e4-a52e-4f735466cecf":"f.69C6A966BE3F374529091A689B6300C0.d.EC801096C880FB0BCF66E699AE1B7926.e.18929"},"getText",[]]}
COMMAND: POST /session/da7f42de234ee122e0f4ded60e4b8c07/execute/async - {"script":"<script> [1562 bytes]","args":[{"selector":{"controlType":"sap.m.Button","viewName":"etm.portal.ui.managehandovers.view.DetailExecuteHO","i18NText":{"propertyName":"text","key":"confirmAll"},"interaction":{"idSuffix":"BDI-content"}},"wdio_ui5_key":"etmportal.ui.managehandovers.view.DetailExecuteHOsap.m.Button{\"propertyName\":\"text\",\"key\":\"confirmAll\"}"}]}
RESULT: {"script":"<script> [1562 bytes]","args":[{"selector":{"controlType":"sap.m.Button","viewName":"etm.portal.ui.managehandovers.view.DetailExecuteHO","i18NText":{"propertyName":"text","key":"confirmAll"},"interaction":{"idSuffix":"BDI-content"}},"wdio_ui5_key":"etmportal.ui.managehandovers.view.DetailExecuteHOsap.m.Button{\"propertyName\":\"text\",\"key\":\"confirmAll\"}"}]}
RESULT: undefined
COMMAND: POST /session/da7f42de234ee122e0f4ded60e4b8c07/element - {"using":"xpath","value":"//*[@id=\"__button30\"]"}
RESULT: {"using":"xpath","value":"//*[@id=\"__button30\"]"}
COMMAND: POST /session/da7f42de234ee122e0f4ded60e4b8c07/element/f.69C6A966BE3F374529091A689B6300C0.d.EC801096C880FB0BCF66E699AE1B7926.e.18931/click - {}
RESULT: {}
COMMAND: GET /session/da7f42de234ee122e0f4ded60e4b8c07/screenshot - {}
RESULT: {}
COMMAND: POST /session/da7f42de234ee122e0f4ded60e4b8c07/execute/async - {"script":"<script> [1562 bytes]","args":[{"selector":{"controlType":"sap.m.Button","properties":{"text":"OK"},"searchOpenDialogs":true,"interaction":{"idSuffix":"BDI-content"}},"wdio_ui5_key":"sapm.Button{\"text\":\"OK\"}"}]}
RESULT: {"script":"<script> [1562 bytes]","args":[{"selector":{"controlType":"sap.m.Button","properties":{"text":"OK"},"searchOpenDialogs":true,"interaction":{"idSuffix":"BDI-content"}},"wdio_ui5_key":"sapm.Button{\"text\":\"OK\"}"}]}
RESULT: undefined
COMMAND: POST /session/da7f42de234ee122e0f4ded60e4b8c07/element - {"using":"xpath","value":"//*[@id=\"__mbox-btn-0\"]"}
RESULT: {"using":"xpath","value":"//*[@id=\"__mbox-btn-0\"]"}
COMMAND: POST /session/da7f42de234ee122e0f4ded60e4b8c07/element/f.69C6A966BE3F374529091A689B6300C0.d.EC801096C880FB0BCF66E699AE1B7926.e.18932/click - {}
RESULT: {}
COMMAND: GET /session/da7f42de234ee122e0f4ded60e4b8c07/screenshot - {}
RESULT: {}
COMMAND: POST /session/da7f42de234ee122e0f4ded60e4b8c07/element - {"using":"xpath","value":"//button[contains(@data-kt ,\"execHoReceiveFooterButton\")]"}
RESULT: {"using":"xpath","value":"//button[contains(@data-kt ,\"execHoReceiveFooterButton\")]"}
COMMAND: POST /session/da7f42de234ee122e0f4ded60e4b8c07/element/f.69C6A966BE3F374529091A689B6300C0.d.EC801096C880FB0BCF66E699AE1B7926.e.18887/click - {}
RESULT: {}
COMMAND: GET /session/da7f42de234ee122e0f4ded60e4b8c07/screenshot - {}
RESULT: {}
COMMAND: POST /session/da7f42de234ee122e0f4ded60e4b8c07/refresh - {}
RESULT: {}
COMMAND: GET /session/da7f42de234ee122e0f4ded60e4b8c07/screenshot - {}
RESULT: {}
COMMAND: POST /session/da7f42de234ee122e0f4ded60e4b8c07/refresh - {}
RESULT: {}
COMMAND: GET /session/da7f42de234ee122e0f4ded60e4b8c07/screenshot - {}
RESULT: {}
COMMAND: POST /session/da7f42de234ee122e0f4ded60e4b8c07/window/fullscreen - {}
RESULT: {}
COMMAND: POST /session/da7f42de234ee122e0f4ded60e4b8c07/execute/async - {"script":"<script> [189 bytes]","args":[]}
RESULT: {"script":"<script> [189 bytes]","args":[]}
COMMAND: POST /session/da7f42de234ee122e0f4ded60e4b8c07/execute/async - {"script":"<script> [123 bytes]","args":[]}
RESULT: {"script":"<script> [123 bytes]","args":[]}
COMMAND: POST /session/da7f42de234ee122e0f4ded60e4b8c07/timeouts - {"script":"<number>"}
RESULT: {"script":"<number>"}
COMMAND: GET /session/da7f42de234ee122e0f4ded60e4b8c07/timeouts - {}
RESULT: {}
RESULT: undefined
COMMAND: POST /session/da7f42de234ee122e0f4ded60e4b8c07/execute/async - {"script":"<script> [2676 bytes]","args":[]}
RESULT: {"script":"<script> [2676 bytes]","args":[]}
COMMAND: POST /session/da7f42de234ee122e0f4ded60e4b8c07/execute/async - {"script":"<script> [2342 bytes]","args":[{"protocol":"http","hostname":"0.0.0.0","path":"/","capabilities":{"browserName":"chrome","goog:chromeOptions":{"binary":"C:\\Program Files\\Google\\Chrome\\Application\\chrome.exe","args":["--start-maximized"]}},"logLevel":"warn","connectionRetryTimeout":120000,"connectionRetryCount":3,"logLevels":{},"enableDirectConnect":true,"strictSSL":true,"_":"65 more keys: [\"cacheDir\",\"port\",\"requestedCapabilities\",\"automationProtocol\",\"baseUrl\",\"waitforInterval\",\"waitforTimeout\",\"onReload\",\"beforeCommand\",\"afterCommand\",\"rootDir\",\"specs\",\"suites\",\"exclude\",\"groupLogsByTestSpec\",\"excludeDriverLogs\",\"bail\",\"framework\",\"reporters\",\"services\",\"maxInstances\",\"maxInstancesPerCapability\",\"injectGlobals\",\"filesToWatch\",\"execArgv\",\"runnerEnv\",\"runner\",\"shard\",\"specFileRetries\",\"specFileRetriesDelay\",\"specFileRetriesDeferred\",\"reporterSyncInterval\",\"reporterSyncTimeout\",\"cucumberFeaturesWithLineNumbers\",\"autoCompileOpts\",\"mochaOpts\",\"jasmineOpts\",\"cucumberOpts\",\"onPrepare\",\"onWorkerStart\",\"onWorkerEnd\",\"before\",\"beforeSession\",\"beforeSuite\",\"beforeHook\",\"beforeTest\",\"afterTest\",\"afterHook\",\"afterSuite\",\"afterSession\",\"after\",\"onComplete\",\"beforeAssertion\",\"afterAssertion\",\"beforeFeature\",\"beforeScenario\",\"beforeStep\",\"afterStep\",\"afterScenario\",\"afterFeature\",\"_\",\"suite\",\"$0\",\"ignoredWorkerServices\",\"wdi5\"]"}]}
RESULT: {"script":"<script> [2342 bytes]","args":[{"protocol":"http","hostname":"0.0.0.0","path":"/","capabilities":{"browserName":"chrome","goog:chromeOptions":{"binary":"C:\\Program Files\\Google\\Chrome\\Application\\chrome.exe","args":["--start-maximized"]}},"logLevel":"warn","connectionRetryTimeout":120000,"connectionRetryCount":3,"logLevels":{},"enableDirectConnect":true,"strictSSL":true,"_":"65 more keys: [\"cacheDir\",\"port\",\"requestedCapabilities\",\"automationProtocol\",\"baseUrl\",\"waitforInterval\",\"waitforTimeout\",\"onReload\",\"beforeCommand\",\"afterCommand\",\"rootDir\",\"specs\",\"suites\",\"exclude\",\"groupLogsByTestSpec\",\"excludeDriverLogs\",\"bail\",\"framework\",\"reporters\",\"services\",\"maxInstances\",\"maxInstancesPerCapability\",\"injectGlobals\",\"filesToWatch\",\"execArgv\",\"runnerEnv\",\"runner\",\"shard\",\"specFileRetries\",\"specFileRetriesDelay\",\"specFileRetriesDeferred\",\"reporterSyncInterval\",\"reporterSyncTimeout\",\"cucumberFeaturesWithLineNumbers\",\"autoCompileOpts\",\"mochaOpts\",\"jasmineOpts\",\"cucumberOpts\",\"onPrepare\",\"onWorkerStart\",\"onWorkerEnd\",\"before\",\"beforeSession\",\"beforeSuite\",\"beforeHook\",\"beforeTest\",\"afterTest\",\"afterHook\",\"afterSuite\",\"afterSession\",\"after\",\"onComplete\",\"beforeAssertion\",\"afterAssertion\",\"beforeFeature\",\"beforeScenario\",\"beforeStep\",\"afterStep\",\"afterScenario\",\"afterFeature\",\"_\",\"suite\",\"$0\",\"ignoredWorkerServices\",\"wdi5\"]"}]}
COMMAND: POST /session/da7f42de234ee122e0f4ded60e4b8c07/execute/async - {"script":"<script> [21126 bytes]","args":[35000]}
RESULT: {"script":"<script> [21126 bytes]","args":[35000]}
COMMAND: POST /session/da7f42de234ee122e0f4ded60e4b8c07/execute/async - {"script":"<script> [1562 bytes]","args":[{"selector":{"controlType":"sap.m.SearchField","viewName":"etm.portal.ui.managehandovers.view.MasterHO","bindingPath":{"path":"","propertyPath":"/_BASIC_SEARCH_FIELD","modelName":"fi1t3rM0d31"},"interaction":{"idSuffix":"I"}},"wdio_ui5_key":"etmportal.ui.managehandovers.view.MasterHOsap.m.SearchField{\"path\":\"\",\"propertyPath\":\"/_BASIC_SEARCH_FIELD\",\"modelName\":\"fi1t3rM0d31\"}"}]}
RESULT: {"script":"<script> [1562 bytes]","args":[{"selector":{"controlType":"sap.m.SearchField","viewName":"etm.portal.ui.managehandovers.view.MasterHO","bindingPath":{"path":"","propertyPath":"/_BASIC_SEARCH_FIELD","modelName":"fi1t3rM0d31"},"interaction":{"idSuffix":"I"}},"wdio_ui5_key":"etmportal.ui.managehandovers.view.MasterHOsap.m.SearchField{\"path\":\"\",\"propertyPath\":\"/_BASIC_SEARCH_FIELD\",\"modelName\":\"fi1t3rM0d31\"}"}]}
RESULT: undefined
COMMAND: POST /session/da7f42de234ee122e0f4ded60e4b8c07/execute/async - {"script":"<script> [776 bytes]","args":[{"enterText":"30905","selector":{"controlType":"sap.m.SearchField","viewName":"etm.portal.ui.managehandovers.view.MasterHO","bindingPath":{"path":"","propertyPath":"/_BASIC_SEARCH_FIELD","modelName":"fi1t3rM0d31"},"interaction":{"idSuffix":"I"}},"clearTextFirst":true,"interactionType":"ENTER_TEXT"}]}
RESULT: {"script":"<script> [776 bytes]","args":[{"enterText":"30905","selector":{"controlType":"sap.m.SearchField","viewName":"etm.portal.ui.managehandovers.view.MasterHO","bindingPath":{"path":"","propertyPath":"/_BASIC_SEARCH_FIELD","modelName":"fi1t3rM0d31"},"interaction":{"idSuffix":"I"}},"clearTextFirst":true,"interactionType":"ENTER_TEXT"}]}
COMMAND: POST /session/da7f42de234ee122e0f4ded60e4b8c07/actions - {"actions":[{"id":"action87","type":"key","parameters":{},"actions":[{"type":"keyDown","value":"î€‡"},{"type":"pause","duration":10},{"type":"keyUp","value":"î€‡"}]}]}
RESULT: {"actions":[{"id":"action87","type":"key","parameters":{},"actions":[{"type":"keyDown","value":"î€‡"},{"type":"pause","duration":10},{"type":"keyUp","value":"î€‡"}]}]}
COMMAND: GET /session/da7f42de234ee122e0f4ded60e4b8c07/screenshot - {}
RESULT: {}
COMMAND: POST /session/da7f42de234ee122e0f4ded60e4b8c07/execute/async - {"script":"<script> [1562 bytes]","args":[{"selector":{"controlType":"sap.m.Title","viewName":"etm.portal.ui.managehandovers.view.MasterHO","properties":{"text":"Records (1)"}},"wdio_ui5_key":"etmportal.ui.managehandovers.view.MasterHOsap.m.Title{\"text\":\"Records (1)\"}"}]}
RESULT: {"script":"<script> [1562 bytes]","args":[{"selector":{"controlType":"sap.m.Title","viewName":"etm.portal.ui.managehandovers.view.MasterHO","properties":{"text":"Records (1)"}},"wdio_ui5_key":"etmportal.ui.managehandovers.view.MasterHOsap.m.Title{\"text\":\"Records (1)\"}"}]}
RESULT: undefined
COMMAND: POST /session/da7f42de234ee122e0f4ded60e4b8c07/execute/async - {"script":"<script> [6424 bytes]","args":[{"element-6066-11e4-a52e-4f735466cecf":"f.69C6A966BE3F374529091A689B6300C0.d.3F648150385378155A2658E59A338E05.e.19097"},"getText",[]]}
RESULT: {"script":"<script> [6424 bytes]","args":[{"element-6066-11e4-a52e-4f735466cecf":"f.69C6A966BE3F374529091A689B6300C0.d.3F648150385378155A2658E59A338E05.e.19097"},"getText",[]]}
COMMAND: POST /session/da7f42de234ee122e0f4ded60e4b8c07/execute/async - {"script":"<script> [1562 bytes]","args":[{"selector":{"controlType":"sap.ui.core.Icon","viewName":"etm.portal.ui.managehandovers.view.MasterHO","properties":{"src":{"regex":{"source":"slim\\-arrow\\-right"}}}},"wdio_ui5_key":"etmportal.ui.managehandovers.view.MasterHOsap.ui.core.Icon{\"src\":{\"regex\":{\"source\":\"slim\\\\-arrow\\\\-right\"}}}"}]}
RESULT: {"script":"<script> [1562 bytes]","args":[{"selector":{"controlType":"sap.ui.core.Icon","viewName":"etm.portal.ui.managehandovers.view.MasterHO","properties":{"src":{"regex":{"source":"slim\\-arrow\\-right"}}}},"wdio_ui5_key":"etmportal.ui.managehandovers.view.MasterHOsap.ui.core.Icon{\"src\":{\"regex\":{\"source\":\"slim\\\\-arrow\\\\-right\"}}}"}]}
RESULT: undefined
COMMAND: POST /session/da7f42de234ee122e0f4ded60e4b8c07/element - {"using":"xpath","value":"//*[@id=\"__item29-__clone17-imgNav\"]"}
RESULT: {"using":"xpath","value":"//*[@id=\"__item29-__clone17-imgNav\"]"}
COMMAND: POST /session/da7f42de234ee122e0f4ded60e4b8c07/element/f.69C6A966BE3F374529091A689B6300C0.d.3F648150385378155A2658E59A338E05.e.19096/click - {}
RESULT: {}
COMMAND: GET /session/da7f42de234ee122e0f4ded60e4b8c07/screenshot - {}
RESULT: {}
COMMAND: POST /session/da7f42de234ee122e0f4ded60e4b8c07/execute/async - {"script":"<script> [1562 bytes]","args":[{"selector":{"controlType":"sap.m.ObjectStatus","viewName":"etm.portal.ui.managehandovers.view.DetailManageHO","viewId":"application-managehandovers-display-component---detailManageHO","labelFor":{"text":"Status"}},"wdio_ui5_key":"etmportal.ui.managehandovers.view.DetailManageHOsap.m.ObjectStatus{\"text\":\"Status\"}"}]}
RESULT: {"script":"<script> [1562 bytes]","args":[{"selector":{"controlType":"sap.m.ObjectStatus","viewName":"etm.portal.ui.managehandovers.view.DetailManageHO","viewId":"application-managehandovers-display-component---detailManageHO","labelFor":{"text":"Status"}},"wdio_ui5_key":"etmportal.ui.managehandovers.view.DetailManageHOsap.m.ObjectStatus{\"text\":\"Status\"}"}]}
RESULT: undefined
COMMAND: POST /session/da7f42de234ee122e0f4ded60e4b8c07/execute/async - {"script":"<script> [6424 bytes]","args":[{"element-6066-11e4-a52e-4f735466cecf":"f.69C6A966BE3F374529091A689B6300C0.d.3F648150385378155A2658E59A338E05.e.19189"},"getText",[]]}
RESULT: {"script":"<script> [6424 bytes]","args":[{"element-6066-11e4-a52e-4f735466cecf":"f.69C6A966BE3F374529091A689B6300C0.d.3F648150385378155A2658E59A338E05.e.19189"},"getText",[]]}
COMMAND: POST /session/da7f42de234ee122e0f4ded60e4b8c07/element - {"using":"xpath","value":"//a[contains(@data-kt ,\"GeneralSectionReceiveContracttLink\")]"}
RESULT: {"using":"xpath","value":"//a[contains(@data-kt ,\"GeneralSectionReceiveContracttLink\")]"}
COMMAND: POST /session/da7f42de234ee122e0f4ded60e4b8c07/element/f.69C6A966BE3F374529091A689B6300C0.d.3F648150385378155A2658E59A338E05.e.19190/click - {}
RESULT: {}
COMMAND: GET /session/da7f42de234ee122e0f4ded60e4b8c07/screenshot - {}
RESULT: {}
COMMAND: POST /session/da7f42de234ee122e0f4ded60e4b8c07/element - {"using":"xpath","value":"//a[contains(@data-kt ,\"ContextMenuId2Link\")]"}
RESULT: {"using":"xpath","value":"//a[contains(@data-kt ,\"ContextMenuId2Link\")]"}
COMMAND: POST /session/da7f42de234ee122e0f4ded60e4b8c07/element/f.69C6A966BE3F374529091A689B6300C0.d.3F648150385378155A2658E59A338E05.e.19193/click - {}
RESULT: {}
COMMAND: GET /session/da7f42de234ee122e0f4ded60e4b8c07/screenshot - {}
RESULT: {}
COMMAND: POST /session/da7f42de234ee122e0f4ded60e4b8c07/execute/async - {"script":"<script> [1562 bytes]","args":[{"selector":{"controlType":"sap.m.ObjectStatus","viewName":"etm.portal.ui.managecontracts.view.Detail","bindingPath":{"propertyPath":"LINK_TO_LOGISTICAL_STATUS/DESCRIPTION","modelName":"catalogModel"}},"wdio_ui5_key":"etmportal.ui.managecontracts.view.Detailsap.m.ObjectStatus{\"propertyPath\":\"LINK_TO_LOGISTICAL_STATUS/DESCRIPTION\",\"modelName\":\"catalogModel\"}"}]}
RESULT: {"script":"<script> [1562 bytes]","args":[{"selector":{"controlType":"sap.m.ObjectStatus","viewName":"etm.portal.ui.managecontracts.view.Detail","bindingPath":{"propertyPath":"LINK_TO_LOGISTICAL_STATUS/DESCRIPTION","modelName":"catalogModel"}},"wdio_ui5_key":"etmportal.ui.managecontracts.view.Detailsap.m.ObjectStatus{\"propertyPath\":\"LINK_TO_LOGISTICAL_STATUS/DESCRIPTION\",\"modelName\":\"catalogModel\"}"}]}
RESULT: undefined
COMMAND: POST /session/da7f42de234ee122e0f4ded60e4b8c07/execute/async - {"script":"<script> [6424 bytes]","args":[{"element-6066-11e4-a52e-4f735466cecf":"f.69C6A966BE3F374529091A689B6300C0.d.3F648150385378155A2658E59A338E05.e.19387"},"getText",[]]}
RESULT: {"script":"<script> [6424 bytes]","args":[{"element-6066-11e4-a52e-4f735466cecf":"f.69C6A966BE3F374529091A689B6300C0.d.3F648150385378155A2658E59A338E05.e.19387"},"getText",[]]}
COMMAND: POST /session/da7f42de234ee122e0f4ded60e4b8c07/execute/async - {"script":"<script> [1562 bytes]","args":[{"selector":{"controlType":"sap.m.ObjectStatus","viewName":"etm.portal.ui.managecontracts.view.Detail","bindingPath":{"propertyPath":"LINK_TO_COMMERCIAL_STATUS/DESCRIPTION","modelName":"catalogModel"}},"wdio_ui5_key":"etmportal.ui.managecontracts.view.Detailsap.m.ObjectStatus{\"propertyPath\":\"LINK_TO_COMMERCIAL_STATUS/DESCRIPTION\",\"modelName\":\"catalogModel\"}"}]}
RESULT: {"script":"<script> [1562 bytes]","args":[{"selector":{"controlType":"sap.m.ObjectStatus","viewName":"etm.portal.ui.managecontracts.view.Detail","bindingPath":{"propertyPath":"LINK_TO_COMMERCIAL_STATUS/DESCRIPTION","modelName":"catalogModel"}},"wdio_ui5_key":"etmportal.ui.managecontracts.view.Detailsap.m.ObjectStatus{\"propertyPath\":\"LINK_TO_COMMERCIAL_STATUS/DESCRIPTION\",\"modelName\":\"catalogModel\"}"}]}
RESULT: undefined
COMMAND: POST /session/da7f42de234ee122e0f4ded60e4b8c07/execute/async - {"script":"<script> [6424 bytes]","args":[{"element-6066-11e4-a52e-4f735466cecf":"f.69C6A966BE3F374529091A689B6300C0.d.3F648150385378155A2658E59A338E05.e.19388"},"getText",[]]}
RESULT: {"script":"<script> [6424 bytes]","args":[{"element-6066-11e4-a52e-4f735466cecf":"f.69C6A966BE3F374529091A689B6300C0.d.3F648150385378155A2658E59A338E05.e.19388"},"getText",[]]}
]]></system-out>
    </testcase>
    <testcase classname="chrome.136_0_7103_93.windows.E2E_-_Logistical_and_commercial_statuses" name="It should follow the handover steps to the status fully returned" time="239.047">
      <system-out><![CDATA[
COMMAND: POST /session/da7f42de234ee122e0f4ded60e4b8c07/execute/async - {"script":"<script> [1562 bytes]","args":[{"selector":{"id":"contractDetailReturnButton","viewName":"etm.portal.ui.managecontracts.view.Detail","interaction":{"idSuffix":"BDI-content"}},"wdio_ui5_key":"contractDetailReturnButtonetmportal.ui.managecontracts.view.Detail"}]}
RESULT: {"script":"<script> [1562 bytes]","args":[{"selector":{"id":"contractDetailReturnButton","viewName":"etm.portal.ui.managecontracts.view.Detail","interaction":{"idSuffix":"BDI-content"}},"wdio_ui5_key":"contractDetailReturnButtonetmportal.ui.managecontracts.view.Detail"}]}
RESULT: undefined
COMMAND: POST /session/da7f42de234ee122e0f4ded60e4b8c07/element - {"using":"xpath","value":"//*[@id=\"__xmlview2--contractDetailReturnButton\"]"}
RESULT: {"using":"xpath","value":"//*[@id=\"__xmlview2--contractDetailReturnButton\"]"}
COMMAND: POST /session/da7f42de234ee122e0f4ded60e4b8c07/element/f.69C6A966BE3F374529091A689B6300C0.d.3F648150385378155A2658E59A338E05.e.19392/click - {}
RESULT: {}
COMMAND: POST /session/da7f42de234ee122e0f4ded60e4b8c07/execute/async - {"script":"<script> [1562 bytes]","args":[{"selector":{"id":"application-managehandovers-display-component---AddNewHO--dueDate","interaction":{"idSuffix":"inner"}},"wdio_ui5_key":"applicationmanagehandovers-display-component---AddNewHO--dueDate"}]}
COMMAND: GET /session/da7f42de234ee122e0f4ded60e4b8c07/screenshot - {}
RESULT: {"script":"<script> [1562 bytes]","args":[{"selector":{"id":"application-managehandovers-display-component---AddNewHO--dueDate","interaction":{"idSuffix":"inner"}},"wdio_ui5_key":"applicationmanagehandovers-display-component---AddNewHO--dueDate"}]}
RESULT: undefined
COMMAND: POST /session/da7f42de234ee122e0f4ded60e4b8c07/execute/async - {"script":"<script> [776 bytes]","args":[{"enterText":"06/02/25","selector":{"id":"application-managehandovers-display-component---AddNewHO--dueDate","interaction":{"idSuffix":"inner"}},"clearTextFirst":true,"interactionType":"ENTER_TEXT"}]}
RESULT: {}
RESULT: {"script":"<script> [776 bytes]","args":[{"enterText":"06/02/25","selector":{"id":"application-managehandovers-display-component---AddNewHO--dueDate","interaction":{"idSuffix":"inner"}},"clearTextFirst":true,"interactionType":"ENTER_TEXT"}]}
COMMAND: POST /session/da7f42de234ee122e0f4ded60e4b8c07/element - {"using":"xpath","value":"//bdi[contains(@id ,\"application-managehandovers-display-component---AddNewHO--ObjectPageLayout-anchBar-application-managehandovers-display-component---AddNewHO--section4-anchor-BDI-content\")]"}
RESULT: {"using":"xpath","value":"//bdi[contains(@id ,\"application-managehandovers-display-component---AddNewHO--ObjectPageLayout-anchBar-application-managehandovers-display-component---AddNewHO--section4-anchor-BDI-content\")]"}
COMMAND: POST /session/da7f42de234ee122e0f4ded60e4b8c07/element/f.69C6A966BE3F374529091A689B6300C0.d.3F648150385378155A2658E59A338E05.e.19708/click - {}
RESULT: {}
COMMAND: GET /session/da7f42de234ee122e0f4ded60e4b8c07/screenshot - {}
RESULT: {}
COMMAND: POST /session/da7f42de234ee122e0f4ded60e4b8c07/element - {"using":"xpath","value":"//button[contains(@data-kt ,\"AddNewHOProvideAddItemsButton\")]"}
RESULT: {"using":"xpath","value":"//button[contains(@data-kt ,\"AddNewHOProvideAddItemsButton\")]"}
COMMAND: POST /session/da7f42de234ee122e0f4ded60e4b8c07/element/f.69C6A966BE3F374529091A689B6300C0.d.3F648150385378155A2658E59A338E05.e.19522/click - {}
RESULT: {}
COMMAND: GET /session/da7f42de234ee122e0f4ded60e4b8c07/screenshot - {}
RESULT: {}
COMMAND: POST /session/da7f42de234ee122e0f4ded60e4b8c07/execute/async - {"script":"<script> [1562 bytes]","args":[{"selector":{"id":"application-managehandovers-display-component---AddNewHO--popup-sa","searchOpenDialogs":true,"interaction":{"idSuffix":"CbBg"}},"wdio_ui5_key":"applicationmanagehandovers-display-component---AddNewHO--popup-sa"}]}
RESULT: {"script":"<script> [1562 bytes]","args":[{"selector":{"id":"application-managehandovers-display-component---AddNewHO--popup-sa","searchOpenDialogs":true,"interaction":{"idSuffix":"CbBg"}},"wdio_ui5_key":"applicationmanagehandovers-display-component---AddNewHO--popup-sa"}]}
RESULT: undefined
COMMAND: POST /session/da7f42de234ee122e0f4ded60e4b8c07/element - {"using":"xpath","value":"//*[@id=\"application-managehandovers-display-component---AddNewHO--popup-sa\"]"}
RESULT: {"using":"xpath","value":"//*[@id=\"application-managehandovers-display-component---AddNewHO--popup-sa\"]"}
COMMAND: POST /session/da7f42de234ee122e0f4ded60e4b8c07/element/f.69C6A966BE3F374529091A689B6300C0.d.3F648150385378155A2658E59A338E05.e.19727/click - {}
RESULT: {}
COMMAND: POST /session/da7f42de234ee122e0f4ded60e4b8c07/execute/async - {"script":"<script> [1562 bytes]","args":[{"selector":{"controlType":"sap.m.Button","viewName":"etm.portal.ui.managehandovers.view.AddNewHO","viewId":"application-managehandovers-display-component---AddNewHO","i18NText":{"propertyName":"text","key":"select"},"searchOpenDialogs":true,"interaction":{"idSuffix":"BDI-content"}},"wdio_ui5_key":"etmportal.ui.managehandovers.view.AddNewHOsap.m.Button{\"propertyName\":\"text\",\"key\":\"select\"}"}]}
COMMAND: GET /session/da7f42de234ee122e0f4ded60e4b8c07/screenshot - {}
RESULT: {"script":"<script> [1562 bytes]","args":[{"selector":{"controlType":"sap.m.Button","viewName":"etm.portal.ui.managehandovers.view.AddNewHO","viewId":"application-managehandovers-display-component---AddNewHO","i18NText":{"propertyName":"text","key":"select"},"searchOpenDialogs":true,"interaction":{"idSuffix":"BDI-content"}},"wdio_ui5_key":"etmportal.ui.managehandovers.view.AddNewHOsap.m.Button{\"propertyName\":\"text\",\"key\":\"select\"}"}]}
RESULT: undefined
COMMAND: POST /session/da7f42de234ee122e0f4ded60e4b8c07/element - {"using":"xpath","value":"//*[@id=\"__button61\"]"}
RESULT: {}
RESULT: {"using":"xpath","value":"//*[@id=\"__button61\"]"}
COMMAND: POST /session/da7f42de234ee122e0f4ded60e4b8c07/element/f.69C6A966BE3F374529091A689B6300C0.d.3F648150385378155A2658E59A338E05.e.19730/click - {}
RESULT: {}
COMMAND: GET /session/da7f42de234ee122e0f4ded60e4b8c07/screenshot - {}
RESULT: {}
COMMAND: POST /session/da7f42de234ee122e0f4ded60e4b8c07/execute/async - {"script":"<script> [1562 bytes]","args":[{"selector":{"id":"application-managehandovers-display-component---AddNewHO--confirmCreationButton","interaction":{"idSuffix":"BDI-content"}},"wdio_ui5_key":"applicationmanagehandovers-display-component---AddNewHO--confirmCreationButton"}]}
RESULT: {"script":"<script> [1562 bytes]","args":[{"selector":{"id":"application-managehandovers-display-component---AddNewHO--confirmCreationButton","interaction":{"idSuffix":"BDI-content"}},"wdio_ui5_key":"applicationmanagehandovers-display-component---AddNewHO--confirmCreationButton"}]}
RESULT: undefined
COMMAND: POST /session/da7f42de234ee122e0f4ded60e4b8c07/element - {"using":"xpath","value":"//*[@id=\"application-managehandovers-display-component---AddNewHO--confirmCreationButton\"]"}
RESULT: {"using":"xpath","value":"//*[@id=\"application-managehandovers-display-component---AddNewHO--confirmCreationButton\"]"}
COMMAND: POST /session/da7f42de234ee122e0f4ded60e4b8c07/element/f.69C6A966BE3F374529091A689B6300C0.d.3F648150385378155A2658E59A338E05.e.19529/click - {}
RESULT: {}
COMMAND: GET /session/da7f42de234ee122e0f4ded60e4b8c07/screenshot - {}
RESULT: {}
COMMAND: POST /session/da7f42de234ee122e0f4ded60e4b8c07/execute/async - {"script":"<script> [1562 bytes]","args":[{"selector":{"controlType":"sap.m.Text","viewName":"etm.portal.ui.managehandovers.view.DetailExecuteHO","bindingPath":{"propertyPath":"NO","modelName":"catalogModel"}},"wdio_ui5_key":"etmportal.ui.managehandovers.view.DetailExecuteHOsap.m.Text{\"propertyPath\":\"NO\",\"modelName\":\"catalogModel\"}"}]}
RESULT: {"script":"<script> [1562 bytes]","args":[{"selector":{"controlType":"sap.m.Text","viewName":"etm.portal.ui.managehandovers.view.DetailExecuteHO","bindingPath":{"propertyPath":"NO","modelName":"catalogModel"}},"wdio_ui5_key":"etmportal.ui.managehandovers.view.DetailExecuteHOsap.m.Text{\"propertyPath\":\"NO\",\"modelName\":\"catalogModel\"}"}]}
RESULT: undefined
COMMAND: POST /session/da7f42de234ee122e0f4ded60e4b8c07/execute/async - {"script":"<script> [6424 bytes]","args":[{"element-6066-11e4-a52e-4f735466cecf":"f.69C6A966BE3F374529091A689B6300C0.d.3F648150385378155A2658E59A338E05.e.19788"},"getText",[]]}
RESULT: {"script":"<script> [6424 bytes]","args":[{"element-6066-11e4-a52e-4f735466cecf":"f.69C6A966BE3F374529091A689B6300C0.d.3F648150385378155A2658E59A338E05.e.19788"},"getText",[]]}
COMMAND: POST /session/da7f42de234ee122e0f4ded60e4b8c07/element - {"using":"xpath","value":"//a[contains(@data-kt ,\"GeneralSectionSendContractLink\")]"}
RESULT: {"using":"xpath","value":"//a[contains(@data-kt ,\"GeneralSectionSendContractLink\")]"}
COMMAND: POST /session/da7f42de234ee122e0f4ded60e4b8c07/element/f.69C6A966BE3F374529091A689B6300C0.d.3F648150385378155A2658E59A338E05.e.19770/click - {}
RESULT: {}
COMMAND: GET /session/da7f42de234ee122e0f4ded60e4b8c07/screenshot - {}
RESULT: {}
COMMAND: POST /session/da7f42de234ee122e0f4ded60e4b8c07/element - {"using":"xpath","value":"//a[contains(@data-kt ,\"ContextMenuId2Link\")]"}
RESULT: {"using":"xpath","value":"//a[contains(@data-kt ,\"ContextMenuId2Link\")]"}
COMMAND: POST /session/da7f42de234ee122e0f4ded60e4b8c07/elements - {"using":"xpath","value":"//a[contains(@data-kt ,\"ContextMenuId2Link\")]"}
RESULT: {"using":"xpath","value":"//a[contains(@data-kt ,\"ContextMenuId2Link\")]"}
COMMAND: POST /session/da7f42de234ee122e0f4ded60e4b8c07/element/f.69C6A966BE3F374529091A689B6300C0.d.3F648150385378155A2658E59A338E05.e.19792/click - {}
RESULT: {}
COMMAND: GET /session/da7f42de234ee122e0f4ded60e4b8c07/screenshot - {}
RESULT: {}
COMMAND: POST /session/da7f42de234ee122e0f4ded60e4b8c07/execute/async - {"script":"<script> [1562 bytes]","args":[{"selector":{"controlType":"sap.m.Link","viewName":"etm.portal.ui.managehandovers.view.DetailExecuteHO","properties":{"text":"Contract Overview"},"searchOpenDialogs":true},"wdio_ui5_key":"etmportal.ui.managehandovers.view.DetailExecuteHOsap.m.Link{\"text\":\"Contract Overview\"}"}]}
RESULT: {"script":"<script> [1562 bytes]","args":[{"selector":{"controlType":"sap.m.Link","viewName":"etm.portal.ui.managehandovers.view.DetailExecuteHO","properties":{"text":"Contract Overview"},"searchOpenDialogs":true},"wdio_ui5_key":"etmportal.ui.managehandovers.view.DetailExecuteHOsap.m.Link{\"text\":\"Contract Overview\"}"}]}
RESULT: undefined
RESULT: undefined
COMMAND: POST /session/da7f42de234ee122e0f4ded60e4b8c07/execute/async - {"script":"<script> [6424 bytes]","args":[{"element-6066-11e4-a52e-4f735466cecf":"f.69C6A966BE3F374529091A689B6300C0.d.3F648150385378155A2658E59A338E05.e.19387"},"getText",[]]}
COMMAND: POST /session/da7f42de234ee122e0f4ded60e4b8c07/execute/async - {"script":"<script> [1562 bytes]","args":[{"selector":{"controlType":"sap.m.ObjectStatus","viewName":"etm.portal.ui.managecontracts.view.Detail","bindingPath":{"propertyPath":"LINK_TO_LOGISTICAL_STATUS/DESCRIPTION","modelName":"catalogModel"}},"wdio_ui5_key":"etmportal.ui.managecontracts.view.Detailsap.m.ObjectStatus{\"propertyPath\":\"LINK_TO_LOGISTICAL_STATUS/DESCRIPTION\",\"modelName\":\"catalogModel\"}"}]}
RESULT: {"script":"<script> [1562 bytes]","args":[{"selector":{"controlType":"sap.m.ObjectStatus","viewName":"etm.portal.ui.managecontracts.view.Detail","bindingPath":{"propertyPath":"LINK_TO_LOGISTICAL_STATUS/DESCRIPTION","modelName":"catalogModel"}},"wdio_ui5_key":"etmportal.ui.managecontracts.view.Detailsap.m.ObjectStatus{\"propertyPath\":\"LINK_TO_LOGISTICAL_STATUS/DESCRIPTION\",\"modelName\":\"catalogModel\"}"}]}
COMMAND: POST /session/da7f42de234ee122e0f4ded60e4b8c07/execute/async - {"script":"<script> [6424 bytes]","args":[{"element-6066-11e4-a52e-4f735466cecf":"f.69C6A966BE3F374529091A689B6300C0.d.3F648150385378155A2658E59A338E05.e.20026"},"getText",[]]}
RESULT: {"script":"<script> [6424 bytes]","args":[{"element-6066-11e4-a52e-4f735466cecf":"f.69C6A966BE3F374529091A689B6300C0.d.3F648150385378155A2658E59A338E05.e.20026"},"getText",[]]}
RESULT: undefined
COMMAND: POST /session/da7f42de234ee122e0f4ded60e4b8c07/execute/async - {"script":"<script> [6424 bytes]","args":[{"element-6066-11e4-a52e-4f735466cecf":"f.69C6A966BE3F374529091A689B6300C0.d.3F648150385378155A2658E59A338E05.e.19388"},"getText",[]]}
COMMAND: POST /session/da7f42de234ee122e0f4ded60e4b8c07/execute/async - {"script":"<script> [1562 bytes]","args":[{"selector":{"controlType":"sap.m.ObjectStatus","viewName":"etm.portal.ui.managecontracts.view.Detail","bindingPath":{"propertyPath":"LINK_TO_COMMERCIAL_STATUS/DESCRIPTION","modelName":"catalogModel"}},"wdio_ui5_key":"etmportal.ui.managecontracts.view.Detailsap.m.ObjectStatus{\"propertyPath\":\"LINK_TO_COMMERCIAL_STATUS/DESCRIPTION\",\"modelName\":\"catalogModel\"}"}]}
RESULT: {"script":"<script> [1562 bytes]","args":[{"selector":{"controlType":"sap.m.ObjectStatus","viewName":"etm.portal.ui.managecontracts.view.Detail","bindingPath":{"propertyPath":"LINK_TO_COMMERCIAL_STATUS/DESCRIPTION","modelName":"catalogModel"}},"wdio_ui5_key":"etmportal.ui.managecontracts.view.Detailsap.m.ObjectStatus{\"propertyPath\":\"LINK_TO_COMMERCIAL_STATUS/DESCRIPTION\",\"modelName\":\"catalogModel\"}"}]}
COMMAND: POST /session/da7f42de234ee122e0f4ded60e4b8c07/execute/async - {"script":"<script> [6424 bytes]","args":[{"element-6066-11e4-a52e-4f735466cecf":"f.69C6A966BE3F374529091A689B6300C0.d.3F648150385378155A2658E59A338E05.e.20027"},"getText",[]]}
RESULT: {"script":"<script> [6424 bytes]","args":[{"element-6066-11e4-a52e-4f735466cecf":"f.69C6A966BE3F374529091A689B6300C0.d.3F648150385378155A2658E59A338E05.e.20027"},"getText",[]]}
COMMAND: POST /session/da7f42de234ee122e0f4ded60e4b8c07/execute/async - {"script":"<script> [1562 bytes]","args":[{"selector":{"id":"backBtn"},"wdio_ui5_key":"backBtn"}]}
RESULT: {"script":"<script> [1562 bytes]","args":[{"selector":{"id":"backBtn"},"wdio_ui5_key":"backBtn"}]}
RESULT: undefined
COMMAND: POST /session/da7f42de234ee122e0f4ded60e4b8c07/element - {"using":"xpath","value":"//*[@id=\"backBtn\"]"}
RESULT: {"using":"xpath","value":"//*[@id=\"backBtn\"]"}
COMMAND: POST /session/da7f42de234ee122e0f4ded60e4b8c07/element/f.69C6A966BE3F374529091A689B6300C0.d.3F648150385378155A2658E59A338E05.e.20028/click - {}
RESULT: {}
COMMAND: GET /session/da7f42de234ee122e0f4ded60e4b8c07/screenshot - {}
RESULT: {}
COMMAND: POST /session/da7f42de234ee122e0f4ded60e4b8c07/element - {"using":"xpath","value":"//input[contains(@id ,\"issueDatePicker-inner\")]"}
RESULT: {"using":"xpath","value":"//input[contains(@id ,\"issueDatePicker-inner\")]"}
COMMAND: GET /session/da7f42de234ee122e0f4ded60e4b8c07/element/f.69C6A966BE3F374529091A689B6300C0.d.3F648150385378155A2658E59A338E05.e.20310/property/value - {}
RESULT: {}
COMMAND: POST /session/da7f42de234ee122e0f4ded60e4b8c07/element/f.69C6A966BE3F374529091A689B6300C0.d.3F648150385378155A2658E59A338E05.e.20310/clear - {}
COMMAND: GET /session/da7f42de234ee122e0f4ded60e4b8c07/screenshot - {}
RESULT: {}
COMMAND: POST /session/da7f42de234ee122e0f4ded60e4b8c07/element/f.69C6A966BE3F374529091A689B6300C0.d.3F648150385378155A2658E59A338E05.e.20310/value - {"text":"06/02/25"}
COMMAND: GET /session/da7f42de234ee122e0f4ded60e4b8c07/screenshot - {}
RESULT: {}
RESULT: {"text":"06/02/25"}
COMMAND: GET /session/da7f42de234ee122e0f4ded60e4b8c07/screenshot - {}
RESULT: {}
RESULT: {}
COMMAND: POST /session/da7f42de234ee122e0f4ded60e4b8c07/execute/async - {"script":"<script> [1562 bytes]","args":[{"selector":{"controlType":"sap.m.Button","viewName":"etm.portal.ui.managehandovers.view.DetailExecuteHO","i18NText":{"propertyName":"text","key":"confirmAll"},"interaction":{"idSuffix":"inner"}},"wdio_ui5_key":"etmportal.ui.managehandovers.view.DetailExecuteHOsap.m.Button{\"propertyName\":\"text\",\"key\":\"confirmAll\"}"}]}
RESULT: {"script":"<script> [1562 bytes]","args":[{"selector":{"controlType":"sap.m.Button","viewName":"etm.portal.ui.managehandovers.view.DetailExecuteHO","i18NText":{"propertyName":"text","key":"confirmAll"},"interaction":{"idSuffix":"inner"}},"wdio_ui5_key":"etmportal.ui.managehandovers.view.DetailExecuteHOsap.m.Button{\"propertyName\":\"text\",\"key\":\"confirmAll\"}"}]}
RESULT: undefined
COMMAND: POST /session/da7f42de234ee122e0f4ded60e4b8c07/element - {"using":"xpath","value":"//*[@id=\"__button145\"]"}
RESULT: {"using":"xpath","value":"//*[@id=\"__button145\"]"}
COMMAND: POST /session/da7f42de234ee122e0f4ded60e4b8c07/element/f.69C6A966BE3F374529091A689B6300C0.d.3F648150385378155A2658E59A338E05.e.20332/click - {}
RESULT: {}
COMMAND: GET /session/da7f42de234ee122e0f4ded60e4b8c07/screenshot - {}
RESULT: {}
COMMAND: POST /session/da7f42de234ee122e0f4ded60e4b8c07/actions - {"actions":[{"id":"action88","type":"key","parameters":{},"actions":[{"type":"keyDown","value":"î€‡"},{"type":"pause","duration":10},{"type":"keyUp","value":"î€‡"}]}]}
RESULT: {"actions":[{"id":"action88","type":"key","parameters":{},"actions":[{"type":"keyDown","value":"î€‡"},{"type":"pause","duration":10},{"type":"keyUp","value":"î€‡"}]}]}
COMMAND: GET /session/da7f42de234ee122e0f4ded60e4b8c07/screenshot - {}
RESULT: {}
RESULT: undefined
COMMAND: POST /session/da7f42de234ee122e0f4ded60e4b8c07/element - {"using":"xpath","value":"//*[@id=\"__button145\"]"}
RESULT: {"using":"xpath","value":"//*[@id=\"__button145\"]"}
COMMAND: POST /session/da7f42de234ee122e0f4ded60e4b8c07/element/f.69C6A966BE3F374529091A689B6300C0.d.3F648150385378155A2658E59A338E05.e.20332/click - {}
RESULT: {}
COMMAND: GET /session/da7f42de234ee122e0f4ded60e4b8c07/screenshot - {}
RESULT: {}
COMMAND: POST /session/da7f42de234ee122e0f4ded60e4b8c07/execute/async - {"script":"<script> [1562 bytes]","args":[{"selector":{"controlType":"sap.m.Button","properties":{"text":"OK"},"searchOpenDialogs":true,"interaction":{"idSuffix":"content"}},"wdio_ui5_key":"sapm.Button{\"text\":\"OK\"}"}]}
RESULT: {"script":"<script> [1562 bytes]","args":[{"selector":{"controlType":"sap.m.Button","properties":{"text":"OK"},"searchOpenDialogs":true,"interaction":{"idSuffix":"content"}},"wdio_ui5_key":"sapm.Button{\"text\":\"OK\"}"}]}
RESULT: undefined
COMMAND: POST /session/da7f42de234ee122e0f4ded60e4b8c07/element - {"using":"xpath","value":"//*[@id=\"__mbox-btn-2\"]"}
RESULT: {"using":"xpath","value":"//*[@id=\"__mbox-btn-2\"]"}
COMMAND: POST /session/da7f42de234ee122e0f4ded60e4b8c07/element/f.69C6A966BE3F374529091A689B6300C0.d.3F648150385378155A2658E59A338E05.e.20340/click - {}
RESULT: {}
COMMAND: GET /session/da7f42de234ee122e0f4ded60e4b8c07/screenshot - {}
RESULT: {}
COMMAND: POST /session/da7f42de234ee122e0f4ded60e4b8c07/element - {"using":"xpath","value":"//button[contains(@data-kt ,\"execHoIssueFooterButton\")]"}
RESULT: {"using":"xpath","value":"//button[contains(@data-kt ,\"execHoIssueFooterButton\")]"}
COMMAND: POST /session/da7f42de234ee122e0f4ded60e4b8c07/element/f.69C6A966BE3F374529091A689B6300C0.d.3F648150385378155A2658E59A338E05.e.20344/click - {}
RESULT: {}
COMMAND: GET /session/da7f42de234ee122e0f4ded60e4b8c07/screenshot - {}
RESULT: {}
COMMAND: POST /session/da7f42de234ee122e0f4ded60e4b8c07/refresh - {}
RESULT: {}
COMMAND: GET /session/da7f42de234ee122e0f4ded60e4b8c07/screenshot - {}
RESULT: {}
COMMAND: POST /session/da7f42de234ee122e0f4ded60e4b8c07/refresh - {}
RESULT: {}
COMMAND: GET /session/da7f42de234ee122e0f4ded60e4b8c07/screenshot - {}
RESULT: {}
COMMAND: POST /session/da7f42de234ee122e0f4ded60e4b8c07/window/fullscreen - {}
RESULT: {}
COMMAND: POST /session/da7f42de234ee122e0f4ded60e4b8c07/execute/async - {"script":"<script> [189 bytes]","args":[]}
RESULT: {"script":"<script> [189 bytes]","args":[]}
COMMAND: POST /session/da7f42de234ee122e0f4ded60e4b8c07/execute/async - {"script":"<script> [123 bytes]","args":[]}
RESULT: {"script":"<script> [123 bytes]","args":[]}
COMMAND: POST /session/da7f42de234ee122e0f4ded60e4b8c07/timeouts - {"script":"<number>"}
RESULT: {"script":"<number>"}
COMMAND: GET /session/da7f42de234ee122e0f4ded60e4b8c07/timeouts - {}
RESULT: {}
RESULT: undefined
COMMAND: POST /session/da7f42de234ee122e0f4ded60e4b8c07/execute/async - {"script":"<script> [2676 bytes]","args":[]}
RESULT: {"script":"<script> [2676 bytes]","args":[]}
COMMAND: POST /session/da7f42de234ee122e0f4ded60e4b8c07/execute/async - {"script":"<script> [2342 bytes]","args":[{"protocol":"http","hostname":"0.0.0.0","path":"/","capabilities":{"browserName":"chrome","goog:chromeOptions":{"binary":"C:\\Program Files\\Google\\Chrome\\Application\\chrome.exe","args":["--start-maximized"]}},"logLevel":"warn","connectionRetryTimeout":120000,"connectionRetryCount":3,"logLevels":{},"enableDirectConnect":true,"strictSSL":true,"_":"65 more keys: [\"cacheDir\",\"port\",\"requestedCapabilities\",\"automationProtocol\",\"baseUrl\",\"waitforInterval\",\"waitforTimeout\",\"onReload\",\"beforeCommand\",\"afterCommand\",\"rootDir\",\"specs\",\"suites\",\"exclude\",\"groupLogsByTestSpec\",\"excludeDriverLogs\",\"bail\",\"framework\",\"reporters\",\"services\",\"maxInstances\",\"maxInstancesPerCapability\",\"injectGlobals\",\"filesToWatch\",\"execArgv\",\"runnerEnv\",\"runner\",\"shard\",\"specFileRetries\",\"specFileRetriesDelay\",\"specFileRetriesDeferred\",\"reporterSyncInterval\",\"reporterSyncTimeout\",\"cucumberFeaturesWithLineNumbers\",\"autoCompileOpts\",\"mochaOpts\",\"jasmineOpts\",\"cucumberOpts\",\"onPrepare\",\"onWorkerStart\",\"onWorkerEnd\",\"before\",\"beforeSession\",\"beforeSuite\",\"beforeHook\",\"beforeTest\",\"afterTest\",\"afterHook\",\"afterSuite\",\"afterSession\",\"after\",\"onComplete\",\"beforeAssertion\",\"afterAssertion\",\"beforeFeature\",\"beforeScenario\",\"beforeStep\",\"afterStep\",\"afterScenario\",\"afterFeature\",\"_\",\"suite\",\"$0\",\"ignoredWorkerServices\",\"wdi5\"]"}]}
RESULT: {"script":"<script> [2342 bytes]","args":[{"protocol":"http","hostname":"0.0.0.0","path":"/","capabilities":{"browserName":"chrome","goog:chromeOptions":{"binary":"C:\\Program Files\\Google\\Chrome\\Application\\chrome.exe","args":["--start-maximized"]}},"logLevel":"warn","connectionRetryTimeout":120000,"connectionRetryCount":3,"logLevels":{},"enableDirectConnect":true,"strictSSL":true,"_":"65 more keys: [\"cacheDir\",\"port\",\"requestedCapabilities\",\"automationProtocol\",\"baseUrl\",\"waitforInterval\",\"waitforTimeout\",\"onReload\",\"beforeCommand\",\"afterCommand\",\"rootDir\",\"specs\",\"suites\",\"exclude\",\"groupLogsByTestSpec\",\"excludeDriverLogs\",\"bail\",\"framework\",\"reporters\",\"services\",\"maxInstances\",\"maxInstancesPerCapability\",\"injectGlobals\",\"filesToWatch\",\"execArgv\",\"runnerEnv\",\"runner\",\"shard\",\"specFileRetries\",\"specFileRetriesDelay\",\"specFileRetriesDeferred\",\"reporterSyncInterval\",\"reporterSyncTimeout\",\"cucumberFeaturesWithLineNumbers\",\"autoCompileOpts\",\"mochaOpts\",\"jasmineOpts\",\"cucumberOpts\",\"onPrepare\",\"onWorkerStart\",\"onWorkerEnd\",\"before\",\"beforeSession\",\"beforeSuite\",\"beforeHook\",\"beforeTest\",\"afterTest\",\"afterHook\",\"afterSuite\",\"afterSession\",\"after\",\"onComplete\",\"beforeAssertion\",\"afterAssertion\",\"beforeFeature\",\"beforeScenario\",\"beforeStep\",\"afterStep\",\"afterScenario\",\"afterFeature\",\"_\",\"suite\",\"$0\",\"ignoredWorkerServices\",\"wdi5\"]"}]}
COMMAND: POST /session/da7f42de234ee122e0f4ded60e4b8c07/execute/async - {"script":"<script> [21126 bytes]","args":[35000]}
RESULT: {"script":"<script> [21126 bytes]","args":[35000]}
COMMAND: POST /session/da7f42de234ee122e0f4ded60e4b8c07/execute/async - {"script":"<script> [1562 bytes]","args":[{"selector":{"controlType":"sap.m.SearchField","viewName":"etm.portal.ui.managehandovers.view.MasterHO","bindingPath":{"path":"","propertyPath":"/_BASIC_SEARCH_FIELD","modelName":"fi1t3rM0d31"},"interaction":{"idSuffix":"I"}},"wdio_ui5_key":"etmportal.ui.managehandovers.view.MasterHOsap.m.SearchField{\"path\":\"\",\"propertyPath\":\"/_BASIC_SEARCH_FIELD\",\"modelName\":\"fi1t3rM0d31\"}"}]}
RESULT: {"script":"<script> [1562 bytes]","args":[{"selector":{"controlType":"sap.m.SearchField","viewName":"etm.portal.ui.managehandovers.view.MasterHO","bindingPath":{"path":"","propertyPath":"/_BASIC_SEARCH_FIELD","modelName":"fi1t3rM0d31"},"interaction":{"idSuffix":"I"}},"wdio_ui5_key":"etmportal.ui.managehandovers.view.MasterHOsap.m.SearchField{\"path\":\"\",\"propertyPath\":\"/_BASIC_SEARCH_FIELD\",\"modelName\":\"fi1t3rM0d31\"}"}]}
RESULT: undefined
COMMAND: POST /session/da7f42de234ee122e0f4ded60e4b8c07/execute/async - {"script":"<script> [776 bytes]","args":[{"enterText":"30906","selector":{"controlType":"sap.m.SearchField","viewName":"etm.portal.ui.managehandovers.view.MasterHO","bindingPath":{"path":"","propertyPath":"/_BASIC_SEARCH_FIELD","modelName":"fi1t3rM0d31"},"interaction":{"idSuffix":"I"}},"clearTextFirst":true,"interactionType":"ENTER_TEXT"}]}
RESULT: {"script":"<script> [776 bytes]","args":[{"enterText":"30906","selector":{"controlType":"sap.m.SearchField","viewName":"etm.portal.ui.managehandovers.view.MasterHO","bindingPath":{"path":"","propertyPath":"/_BASIC_SEARCH_FIELD","modelName":"fi1t3rM0d31"},"interaction":{"idSuffix":"I"}},"clearTextFirst":true,"interactionType":"ENTER_TEXT"}]}
COMMAND: POST /session/da7f42de234ee122e0f4ded60e4b8c07/actions - {"actions":[{"id":"action89","type":"key","parameters":{},"actions":[{"type":"keyDown","value":"î€‡"},{"type":"pause","duration":10},{"type":"keyUp","value":"î€‡"}]}]}
RESULT: {"actions":[{"id":"action89","type":"key","parameters":{},"actions":[{"type":"keyDown","value":"î€‡"},{"type":"pause","duration":10},{"type":"keyUp","value":"î€‡"}]}]}
COMMAND: GET /session/da7f42de234ee122e0f4ded60e4b8c07/screenshot - {}
RESULT: {}
COMMAND: POST /session/da7f42de234ee122e0f4ded60e4b8c07/execute/async - {"script":"<script> [1562 bytes]","args":[{"selector":{"controlType":"sap.m.Title","viewName":"etm.portal.ui.managehandovers.view.MasterHO","properties":{"text":"Records (1)"}},"wdio_ui5_key":"etmportal.ui.managehandovers.view.MasterHOsap.m.Title{\"text\":\"Records (1)\"}"}]}
RESULT: {"script":"<script> [1562 bytes]","args":[{"selector":{"controlType":"sap.m.Title","viewName":"etm.portal.ui.managehandovers.view.MasterHO","properties":{"text":"Records (1)"}},"wdio_ui5_key":"etmportal.ui.managehandovers.view.MasterHOsap.m.Title{\"text\":\"Records (1)\"}"}]}
RESULT: undefined
COMMAND: POST /session/da7f42de234ee122e0f4ded60e4b8c07/execute/async - {"script":"<script> [6424 bytes]","args":[{"element-6066-11e4-a52e-4f735466cecf":"f.69C6A966BE3F374529091A689B6300C0.d.0E6B9B00763F8A8F20F375E5F245CC5E.e.20534"},"getText",[]]}
RESULT: {"script":"<script> [6424 bytes]","args":[{"element-6066-11e4-a52e-4f735466cecf":"f.69C6A966BE3F374529091A689B6300C0.d.0E6B9B00763F8A8F20F375E5F245CC5E.e.20534"},"getText",[]]}
COMMAND: POST /session/da7f42de234ee122e0f4ded60e4b8c07/execute/async - {"script":"<script> [1562 bytes]","args":[{"selector":{"controlType":"sap.ui.core.Icon","viewName":"etm.portal.ui.managehandovers.view.MasterHO","properties":{"src":{"regex":{"source":"slim\\-arrow\\-right"}}}},"wdio_ui5_key":"etmportal.ui.managehandovers.view.MasterHOsap.ui.core.Icon{\"src\":{\"regex\":{\"source\":\"slim\\\\-arrow\\\\-right\"}}}"}]}
RESULT: {"script":"<script> [1562 bytes]","args":[{"selector":{"controlType":"sap.ui.core.Icon","viewName":"etm.portal.ui.managehandovers.view.MasterHO","properties":{"src":{"regex":{"source":"slim\\-arrow\\-right"}}}},"wdio_ui5_key":"etmportal.ui.managehandovers.view.MasterHOsap.ui.core.Icon{\"src\":{\"regex\":{\"source\":\"slim\\\\-arrow\\\\-right\"}}}"}]}
RESULT: undefined
COMMAND: POST /session/da7f42de234ee122e0f4ded60e4b8c07/element - {"using":"xpath","value":"//*[@id=\"__item29-__clone17-imgNav\"]"}
RESULT: {"using":"xpath","value":"//*[@id=\"__item29-__clone17-imgNav\"]"}
COMMAND: POST /session/da7f42de234ee122e0f4ded60e4b8c07/element/f.69C6A966BE3F374529091A689B6300C0.d.0E6B9B00763F8A8F20F375E5F245CC5E.e.20533/click - {}
RESULT: {}
COMMAND: GET /session/da7f42de234ee122e0f4ded60e4b8c07/screenshot - {}
RESULT: {}
COMMAND: POST /session/da7f42de234ee122e0f4ded60e4b8c07/execute/async - {"script":"<script> [1562 bytes]","args":[{"selector":{"controlType":"sap.m.ObjectStatus","viewName":"etm.portal.ui.managehandovers.view.DetailManageHO","viewId":"application-managehandovers-display-component---detailManageHO","labelFor":{"text":"Status"}},"wdio_ui5_key":"etmportal.ui.managehandovers.view.DetailManageHOsap.m.ObjectStatus{\"text\":\"Status\"}"}]}
RESULT: {"script":"<script> [1562 bytes]","args":[{"selector":{"controlType":"sap.m.ObjectStatus","viewName":"etm.portal.ui.managehandovers.view.DetailManageHO","viewId":"application-managehandovers-display-component---detailManageHO","labelFor":{"text":"Status"}},"wdio_ui5_key":"etmportal.ui.managehandovers.view.DetailManageHOsap.m.ObjectStatus{\"text\":\"Status\"}"}]}
RESULT: undefined
COMMAND: POST /session/da7f42de234ee122e0f4ded60e4b8c07/execute/async - {"script":"<script> [6424 bytes]","args":[{"element-6066-11e4-a52e-4f735466cecf":"f.69C6A966BE3F374529091A689B6300C0.d.0E6B9B00763F8A8F20F375E5F245CC5E.e.20624"},"getText",[]]}
RESULT: {"script":"<script> [6424 bytes]","args":[{"element-6066-11e4-a52e-4f735466cecf":"f.69C6A966BE3F374529091A689B6300C0.d.0E6B9B00763F8A8F20F375E5F245CC5E.e.20624"},"getText",[]]}
COMMAND: POST /session/da7f42de234ee122e0f4ded60e4b8c07/element - {"using":"xpath","value":"//a[contains(@data-kt ,\"GeneralSectionSendContractLink\")]"}
RESULT: {"using":"xpath","value":"//a[contains(@data-kt ,\"GeneralSectionSendContractLink\")]"}
COMMAND: POST /session/da7f42de234ee122e0f4ded60e4b8c07/element/f.69C6A966BE3F374529091A689B6300C0.d.0E6B9B00763F8A8F20F375E5F245CC5E.e.20625/click - {}
RESULT: {}
COMMAND: GET /session/da7f42de234ee122e0f4ded60e4b8c07/screenshot - {}
RESULT: {}
COMMAND: POST /session/da7f42de234ee122e0f4ded60e4b8c07/elements - {"using":"xpath","value":"//a[contains(@data-kt ,\"ContextMenuId2Link\")]"}
RESULT: {"using":"xpath","value":"//a[contains(@data-kt ,\"ContextMenuId2Link\")]"}
COMMAND: POST /session/da7f42de234ee122e0f4ded60e4b8c07/element/f.69C6A966BE3F374529091A689B6300C0.d.3F648150385378155A2658E59A338E05.e.19792/click - {}
COMMAND: POST /session/da7f42de234ee122e0f4ded60e4b8c07/element - {"using":"xpath","value":"//a[contains(@data-kt ,\"ContextMenuId2Link\")]"}
RESULT: {"using":"xpath","value":"//a[contains(@data-kt ,\"ContextMenuId2Link\")]"}
COMMAND: POST /session/da7f42de234ee122e0f4ded60e4b8c07/element/f.69C6A966BE3F374529091A689B6300C0.d.3F648150385378155A2658E59A338E05.e.19792/click - {}
COMMAND: POST /session/da7f42de234ee122e0f4ded60e4b8c07/element - {"using":"xpath","value":"//a[contains(@data-kt ,\"ContextMenuId2Link\")]"}
RESULT: {"using":"xpath","value":"//a[contains(@data-kt ,\"ContextMenuId2Link\")]"}
COMMAND: POST /session/da7f42de234ee122e0f4ded60e4b8c07/element/f.69C6A966BE3F374529091A689B6300C0.d.0E6B9B00763F8A8F20F375E5F245CC5E.e.20628/click - {}
RESULT: {}
COMMAND: GET /session/da7f42de234ee122e0f4ded60e4b8c07/screenshot - {}
RESULT: {}
COMMAND: POST /session/da7f42de234ee122e0f4ded60e4b8c07/execute/async - {"script":"<script> [1562 bytes]","args":[{"selector":{"controlType":"sap.m.ObjectStatus","viewName":"etm.portal.ui.managecontracts.view.Detail","bindingPath":{"propertyPath":"LINK_TO_COMMERCIAL_STATUS/DESCRIPTION","modelName":"catalogModel"}},"wdio_ui5_key":"etmportal.ui.managecontracts.view.Detailsap.m.ObjectStatus{\"propertyPath\":\"LINK_TO_COMMERCIAL_STATUS/DESCRIPTION\",\"modelName\":\"catalogModel\"}"}]}
RESULT: {"script":"<script> [1562 bytes]","args":[{"selector":{"controlType":"sap.m.ObjectStatus","viewName":"etm.portal.ui.managecontracts.view.Detail","bindingPath":{"propertyPath":"LINK_TO_COMMERCIAL_STATUS/DESCRIPTION","modelName":"catalogModel"}},"wdio_ui5_key":"etmportal.ui.managecontracts.view.Detailsap.m.ObjectStatus{\"propertyPath\":\"LINK_TO_COMMERCIAL_STATUS/DESCRIPTION\",\"modelName\":\"catalogModel\"}"}]}
RESULT: undefined
COMMAND: POST /session/da7f42de234ee122e0f4ded60e4b8c07/execute/async - {"script":"<script> [6424 bytes]","args":[{"element-6066-11e4-a52e-4f735466cecf":"f.69C6A966BE3F374529091A689B6300C0.d.0E6B9B00763F8A8F20F375E5F245CC5E.e.20846"},"getText",[]]}
RESULT: {"script":"<script> [6424 bytes]","args":[{"element-6066-11e4-a52e-4f735466cecf":"f.69C6A966BE3F374529091A689B6300C0.d.0E6B9B00763F8A8F20F375E5F245CC5E.e.20846"},"getText",[]]}
COMMAND: POST /session/da7f42de234ee122e0f4ded60e4b8c07/execute/async - {"script":"<script> [1562 bytes]","args":[{"selector":{"controlType":"sap.m.ObjectStatus","viewName":"etm.portal.ui.managecontracts.view.Detail","bindingPath":{"propertyPath":"LINK_TO_LOGISTICAL_STATUS/DESCRIPTION","modelName":"catalogModel"}},"wdio_ui5_key":"etmportal.ui.managecontracts.view.Detailsap.m.ObjectStatus{\"propertyPath\":\"LINK_TO_LOGISTICAL_STATUS/DESCRIPTION\",\"modelName\":\"catalogModel\"}"}]}
RESULT: {"script":"<script> [1562 bytes]","args":[{"selector":{"controlType":"sap.m.ObjectStatus","viewName":"etm.portal.ui.managecontracts.view.Detail","bindingPath":{"propertyPath":"LINK_TO_LOGISTICAL_STATUS/DESCRIPTION","modelName":"catalogModel"}},"wdio_ui5_key":"etmportal.ui.managecontracts.view.Detailsap.m.ObjectStatus{\"propertyPath\":\"LINK_TO_LOGISTICAL_STATUS/DESCRIPTION\",\"modelName\":\"catalogModel\"}"}]}
RESULT: undefined
COMMAND: POST /session/da7f42de234ee122e0f4ded60e4b8c07/execute/async - {"script":"<script> [6424 bytes]","args":[{"element-6066-11e4-a52e-4f735466cecf":"f.69C6A966BE3F374529091A689B6300C0.d.0E6B9B00763F8A8F20F375E5F245CC5E.e.20847"},"getText",[]]}
RESULT: {"script":"<script> [6424 bytes]","args":[{"element-6066-11e4-a52e-4f735466cecf":"f.69C6A966BE3F374529091A689B6300C0.d.0E6B9B00763F8A8F20F375E5F245CC5E.e.20847"},"getText",[]]}
COMMAND: POST /session/da7f42de234ee122e0f4ded60e4b8c07/element - {"using":"xpath","value":"//button[@data-kt=\"contractDetailEditBtnButton\"]"}
RESULT: {"using":"xpath","value":"//button[@data-kt=\"contractDetailEditBtnButton\"]"}
COMMAND: POST /session/da7f42de234ee122e0f4ded60e4b8c07/element/f.69C6A966BE3F374529091A689B6300C0.d.0E6B9B00763F8A8F20F375E5F245CC5E.e.20678/click - {}
RESULT: {}
COMMAND: GET /session/da7f42de234ee122e0f4ded60e4b8c07/screenshot - {}
RESULT: {}
COMMAND: POST /session/da7f42de234ee122e0f4ded60e4b8c07/element - {"using":"xpath","value":"(//span[contains(text(), \"Additional Addresses\")])[2]"}
RESULT: {"using":"xpath","value":"(//span[contains(text(), \"Additional Addresses\")])[2]"}
COMMAND: POST /session/da7f42de234ee122e0f4ded60e4b8c07/element/f.69C6A966BE3F374529091A689B6300C0.d.0E6B9B00763F8A8F20F375E5F245CC5E.e.20907/click - {}
RESULT: {}
COMMAND: GET /session/da7f42de234ee122e0f4ded60e4b8c07/screenshot - {}
RESULT: {}
COMMAND: POST /session/da7f42de234ee122e0f4ded60e4b8c07/element - {"using":"xpath","value":"//button[@data-kt=\"btnAddTableRowOverflowToolbarButton\"]"}
RESULT: {"using":"xpath","value":"//button[@data-kt=\"btnAddTableRowOverflowToolbarButton\"]"}
COMMAND: POST /session/da7f42de234ee122e0f4ded60e4b8c07/element/f.69C6A966BE3F374529091A689B6300C0.d.0E6B9B00763F8A8F20F375E5F245CC5E.e.20909/click - {}
RESULT: {}
COMMAND: GET /session/da7f42de234ee122e0f4ded60e4b8c07/screenshot - {}
RESULT: {}
COMMAND: POST /session/da7f42de234ee122e0f4ded60e4b8c07/element - {"using":"xpath","value":"//div[(text() = 'Standard Entry' or . = 'Standard Entry')]"}
RESULT: {"using":"xpath","value":"//div[(text() = 'Standard Entry' or . = 'Standard Entry')]"}
COMMAND: POST /session/da7f42de234ee122e0f4ded60e4b8c07/element/f.69C6A966BE3F374529091A689B6300C0.d.0E6B9B00763F8A8F20F375E5F245CC5E.e.20911/click - {}
RESULT: {}
COMMAND: POST /session/da7f42de234ee122e0f4ded60e4b8c07/execute/async - {"script":"<script> [1562 bytes]","args":[{"selector":{"controlType":"sap.ui.core.Icon","viewName":"etm.portal.ui.managecontracts.view.EditContract","properties":{"src":{"regex":{"source":"slim\\-arrow\\-down"}}},"ancestor":{"controlType":"sap.m.ComboBox","viewName":"etm.portal.ui.managecontracts.view.EditContract","bindingPath":{"propertyPath":"RU_TYPE","modelName":"catalogModel"}}},"wdio_ui5_key":"etmportal.ui.managecontracts.view.EditContractsap.ui.core.Icon{\"src\":{\"regex\":{\"source\":\"slim\\\\-arrow\\\\-down\"}}}{\"controlType\":\"sap.m.ComboBox\",\"viewName\":\"etm.portal.ui.managecontracts.view.EditContract\",\"bindingPath\":{\"propertyPath\":\"RU_TYPE\",\"modelName\":\"catalogModel\"}}"}]}
COMMAND: GET /session/da7f42de234ee122e0f4ded60e4b8c07/screenshot - {}
RESULT: {"script":"<script> [1562 bytes]","args":[{"selector":{"controlType":"sap.ui.core.Icon","viewName":"etm.portal.ui.managecontracts.view.EditContract","properties":{"src":{"regex":{"source":"slim\\-arrow\\-down"}}},"ancestor":{"controlType":"sap.m.ComboBox","viewName":"etm.portal.ui.managecontracts.view.EditContract","bindingPath":{"propertyPath":"RU_TYPE","modelName":"catalogModel"}}},"wdio_ui5_key":"etmportal.ui.managecontracts.view.EditContractsap.ui.core.Icon{\"src\":{\"regex\":{\"source\":\"slim\\\\-arrow\\\\-down\"}}}{\"controlType\":\"sap.m.ComboBox\",\"viewName\":\"etm.portal.ui.managecontracts.view.EditContract\",\"bindingPath\":{\"propertyPath\":\"RU_TYPE\",\"modelName\":\"catalogModel\"}}"}]}
RESULT: undefined
COMMAND: POST /session/da7f42de234ee122e0f4ded60e4b8c07/element - {"using":"xpath","value":"//*[@id=\"__box20-arrow\"]"}
RESULT: {}
RESULT: {"using":"xpath","value":"//*[@id=\"__box20-arrow\"]"}
COMMAND: POST /session/da7f42de234ee122e0f4ded60e4b8c07/element/f.69C6A966BE3F374529091A689B6300C0.d.0E6B9B00763F8A8F20F375E5F245CC5E.e.20926/click - {}
RESULT: {}
COMMAND: POST /session/da7f42de234ee122e0f4ded60e4b8c07/execute/async - {"script":"<script> [1562 bytes]","args":[{"selector":{"controlType":"sap.m.StandardListItem","viewName":"etm.portal.ui.managecontracts.view.EditContract","properties":{"title":"Material"},"searchOpenDialogs":true,"interaction":{"idSuffix":"content"}},"wdio_ui5_key":"etmportal.ui.managecontracts.view.EditContractsap.m.StandardListItem{\"title\":\"Material\"}"}]}
COMMAND: GET /session/da7f42de234ee122e0f4ded60e4b8c07/screenshot - {}
RESULT: {"script":"<script> [1562 bytes]","args":[{"selector":{"controlType":"sap.m.StandardListItem","viewName":"etm.portal.ui.managecontracts.view.EditContract","properties":{"title":"Material"},"searchOpenDialogs":true,"interaction":{"idSuffix":"content"}},"wdio_ui5_key":"etmportal.ui.managecontracts.view.EditContractsap.m.StandardListItem{\"title\":\"Material\"}"}]}
RESULT: undefined
COMMAND: POST /session/da7f42de234ee122e0f4ded60e4b8c07/element - {"using":"xpath","value":"//*[@id=\"__item96\"]"}
RESULT: {}
RESULT: {"using":"xpath","value":"//*[@id=\"__item96\"]"}
COMMAND: POST /session/da7f42de234ee122e0f4ded60e4b8c07/element/f.69C6A966BE3F374529091A689B6300C0.d.0E6B9B00763F8A8F20F375E5F245CC5E.e.20929/click - {}
RESULT: {}
COMMAND: POST /session/da7f42de234ee122e0f4ded60e4b8c07/element - {"using":"xpath","value":"//td[7]/div/div/input"}
COMMAND: GET /session/da7f42de234ee122e0f4ded60e4b8c07/screenshot - {}
RESULT: {"using":"xpath","value":"//td[7]/div/div/input"}
COMMAND: POST /session/da7f42de234ee122e0f4ded60e4b8c07/element/f.69C6A966BE3F374529091A689B6300C0.d.0E6B9B00763F8A8F20F375E5F245CC5E.e.20932/clear - {}
RESULT: {}
RESULT: {}
COMMAND: POST /session/da7f42de234ee122e0f4ded60e4b8c07/element/f.69C6A966BE3F374529091A689B6300C0.d.0E6B9B00763F8A8F20F375E5F245CC5E.e.20932/value - {"text":"WebdriverMatTesti9hfd"}
COMMAND: GET /session/da7f42de234ee122e0f4ded60e4b8c07/screenshot - {}
RESULT: {"text":"WebdriverMatTesti9hfd"}
COMMAND: GET /session/da7f42de234ee122e0f4ded60e4b8c07/screenshot - {}
RESULT: {}
RESULT: {}
COMMAND: POST /session/da7f42de234ee122e0f4ded60e4b8c07/actions - {"actions":[{"id":"action90","type":"key","parameters":{},"actions":[{"type":"keyDown","value":"î€‡"},{"type":"pause","duration":10},{"type":"keyUp","value":"î€‡"}]}]}
RESULT: {"actions":[{"id":"action90","type":"key","parameters":{},"actions":[{"type":"keyDown","value":"î€‡"},{"type":"pause","duration":10},{"type":"keyUp","value":"î€‡"}]}]}
COMMAND: GET /session/da7f42de234ee122e0f4ded60e4b8c07/screenshot - {}
RESULT: {}
COMMAND: POST /session/da7f42de234ee122e0f4ded60e4b8c07/element - {"using":"xpath","value":"//button[@data-kt=\"saveButton\"]"}
RESULT: {"using":"xpath","value":"//button[@data-kt=\"saveButton\"]"}
COMMAND: POST /session/da7f42de234ee122e0f4ded60e4b8c07/element/f.69C6A966BE3F374529091A689B6300C0.d.0E6B9B00763F8A8F20F375E5F245CC5E.e.20955/click - {}
RESULT: {}
COMMAND: GET /session/da7f42de234ee122e0f4ded60e4b8c07/screenshot - {}
RESULT: {}
RESULT: undefined
COMMAND: POST /session/da7f42de234ee122e0f4ded60e4b8c07/execute/async - {"script":"<script> [6424 bytes]","args":[{"element-6066-11e4-a52e-4f735466cecf":"f.69C6A966BE3F374529091A689B6300C0.d.0E6B9B00763F8A8F20F375E5F245CC5E.e.20847"},"getText",[]]}
RESULT: {"script":"<script> [6424 bytes]","args":[{"element-6066-11e4-a52e-4f735466cecf":"f.69C6A966BE3F374529091A689B6300C0.d.0E6B9B00763F8A8F20F375E5F245CC5E.e.20847"},"getText",[]]}
COMMAND: DELETE /session/da7f42de234ee122e0f4ded60e4b8c07 - {}
RESULT: {}
]]></system-out>
    </testcase>
  </testsuite>
</testsuites>