<?xml version="1.0" encoding="UTF-8"?>
<testsuites tests="24" failures="0" errors="0" skipped="0">
  <testsuite timestamp="2025-05-02T15:39:31" time="704.316" tests="5" failures="0" errors="0" skipped="0">
    <properties>
      <property name="specId" value="0" />
      <property name="suiteName" value="Manage Requests Tags Tests US120163" />
      <property name="capabilities" value="chrome.135_0_7049_96.windows" />
      <property name="file" value="file:///D:/a/1/s/test/specs/R2C/create-request-Tags.spec.js" />
    </properties>
    <testcase classname="chrome.135_0_7049_96.windows.Manage_Requests_Tags_Tests_US120163" name="Should create a new yard" time="127.22">
      <system-out><![CDATA[
COMMAND: POST /session/b41f127b71ced2e69bc7a594aec7d10c/execute/async - {"script":"<script> [1562 bytes]","args":[{"selector":{"controlType":"sap.m.GenericTile","properties":{"header":"Manage Yards"}},"wdio_ui5_key":"sapm.GenericTile{\"header\":\"Manage Yards\"}"}]}
RESULT: {"script":"<script> [1562 bytes]","args":[{"selector":{"controlType":"sap.m.GenericTile","properties":{"header":"Manage Yards"}},"wdio_ui5_key":"sapm.GenericTile{\"header\":\"Manage Yards\"}"}]}
RESULT: undefined
COMMAND: POST /session/b41f127b71ced2e69bc7a594aec7d10c/element - {"using":"xpath","value":"//*[@id=\"__tile41\"]"}
RESULT: {"using":"xpath","value":"//*[@id=\"__tile41\"]"}
COMMAND: POST /session/b41f127b71ced2e69bc7a594aec7d10c/element/f.D13B392FFCFC625696F343F77B76D564.d.568F576EBCF61ADE9F3F772D37C08C32.e.118/click - {}
RESULT: {}
COMMAND: GET /session/b41f127b71ced2e69bc7a594aec7d10c/screenshot - {}
RESULT: {}
COMMAND: POST /session/b41f127b71ced2e69bc7a594aec7d10c/execute/async - {"script":"<script> [1562 bytes]","args":[{"selector":{"controlType":"sap.ui.core.Icon","viewName":"etm.portal.ui.manageyards.view.Master","viewId":"application-manageyards-display-component---masterYard","properties":{"src":{"regex":{"source":"add"}}}},"wdio_ui5_key":"etmportal.ui.manageyards.view.Mastersap.ui.core.Icon{\"src\":{\"regex\":{\"source\":\"add\"}}}"}]}
RESULT: {"script":"<script> [1562 bytes]","args":[{"selector":{"controlType":"sap.ui.core.Icon","viewName":"etm.portal.ui.manageyards.view.Master","viewId":"application-manageyards-display-component---masterYard","properties":{"src":{"regex":{"source":"add"}}}},"wdio_ui5_key":"etmportal.ui.manageyards.view.Mastersap.ui.core.Icon{\"src\":{\"regex\":{\"source\":\"add\"}}}"}]}
RESULT: undefined
COMMAND: POST /session/b41f127b71ced2e69bc7a594aec7d10c/element - {"using":"xpath","value":"//*[@id=\"__button4-img\"]"}
RESULT: {"using":"xpath","value":"//*[@id=\"__button4-img\"]"}
COMMAND: POST /session/b41f127b71ced2e69bc7a594aec7d10c/element/f.D13B392FFCFC625696F343F77B76D564.d.568F576EBCF61ADE9F3F772D37C08C32.e.165/click - {}
RESULT: {}
COMMAND: GET /session/b41f127b71ced2e69bc7a594aec7d10c/screenshot - {}
RESULT: {}
COMMAND: POST /session/b41f127b71ced2e69bc7a594aec7d10c/execute/async - {"script":"<script> [1562 bytes]","args":[{"selector":{"id":"application-manageyards-display-component---NewYard--yardId","interaction":{"idSuffix":"inner"}},"wdio_ui5_key":"applicationmanageyards-display-component---NewYard--yardId"}]}
RESULT: {"script":"<script> [1562 bytes]","args":[{"selector":{"id":"application-manageyards-display-component---NewYard--yardId","interaction":{"idSuffix":"inner"}},"wdio_ui5_key":"applicationmanageyards-display-component---NewYard--yardId"}]}
RESULT: undefined
COMMAND: POST /session/b41f127b71ced2e69bc7a594aec7d10c/element - {"using":"xpath","value":"//*[@id=\"application-manageyards-display-component---NewYard--addressDetailDetailsName1-inner\"]"}
RESULT: {"using":"xpath","value":"//*[@id=\"application-manageyards-display-component---NewYard--addressDetailDetailsName1-inner\"]"}
COMMAND: POST /session/b41f127b71ced2e69bc7a594aec7d10c/element/f.D13B392FFCFC625696F343F77B76D564.d.568F576EBCF61ADE9F3F772D37C08C32.e.380/clear - {}
RESULT: {}
COMMAND: POST /session/b41f127b71ced2e69bc7a594aec7d10c/element/f.D13B392FFCFC625696F343F77B76D564.d.568F576EBCF61ADE9F3F772D37C08C32.e.380/value - {"text":"WebdriverYardt3rf2"}
COMMAND: GET /session/b41f127b71ced2e69bc7a594aec7d10c/screenshot - {}
RESULT: {"text":"WebdriverYardt3rf2"}
COMMAND: POST /session/b41f127b71ced2e69bc7a594aec7d10c/element - {"using":"xpath","value":"//*[@id=\"application-manageyards-display-component---NewYard--addressDetailDetailsLanguage-inner\"]"}
COMMAND: GET /session/b41f127b71ced2e69bc7a594aec7d10c/screenshot - {}
RESULT: {}
RESULT: {"using":"xpath","value":"//*[@id=\"application-manageyards-display-component---NewYard--addressDetailDetailsLanguage-inner\"]"}
COMMAND: POST /session/b41f127b71ced2e69bc7a594aec7d10c/element/f.D13B392FFCFC625696F343F77B76D564.d.568F576EBCF61ADE9F3F772D37C08C32.e.381/clear - {}
RESULT: {}
RESULT: {}
COMMAND: POST /session/b41f127b71ced2e69bc7a594aec7d10c/element/f.D13B392FFCFC625696F343F77B76D564.d.568F576EBCF61ADE9F3F772D37C08C32.e.381/value - {"text":"Romanian"}
COMMAND: GET /session/b41f127b71ced2e69bc7a594aec7d10c/screenshot - {}
RESULT: {"text":"Romanian"}
COMMAND: POST /session/b41f127b71ced2e69bc7a594aec7d10c/element - {"using":"xpath","value":"//input[contains(@id ,\"application-manageyards-display-component---NewYard--addressDetailDetailsName1-inner\")]"}
COMMAND: GET /session/b41f127b71ced2e69bc7a594aec7d10c/screenshot - {}
RESULT: {}
RESULT: {"using":"xpath","value":"//input[contains(@id ,\"application-manageyards-display-component---NewYard--addressDetailDetailsName1-inner\")]"}
COMMAND: GET /session/b41f127b71ced2e69bc7a594aec7d10c/element/f.D13B392FFCFC625696F343F77B76D564.d.568F576EBCF61ADE9F3F772D37C08C32.e.380/property/value - {}
RESULT: {}
RESULT: {}
COMMAND: GET /session/b41f127b71ced2e69bc7a594aec7d10c/screenshot - {}
RESULT: {}
COMMAND: POST /session/b41f127b71ced2e69bc7a594aec7d10c/element - {"using":"xpath","value":"//*[@id=\"application-manageyards-display-component---NewYard--addressDetailDetailsCity1-inner\"]"}
RESULT: {"using":"xpath","value":"//*[@id=\"application-manageyards-display-component---NewYard--addressDetailDetailsCity1-inner\"]"}
COMMAND: POST /session/b41f127b71ced2e69bc7a594aec7d10c/element/f.D13B392FFCFC625696F343F77B76D564.d.568F576EBCF61ADE9F3F772D37C08C32.e.383/clear - {}
RESULT: {}
COMMAND: POST /session/b41f127b71ced2e69bc7a594aec7d10c/element/f.D13B392FFCFC625696F343F77B76D564.d.568F576EBCF61ADE9F3F772D37C08C32.e.383/value - {"text":"Bucuresti"}
COMMAND: GET /session/b41f127b71ced2e69bc7a594aec7d10c/screenshot - {}
RESULT: {"text":"Bucuresti"}
COMMAND: GET /session/b41f127b71ced2e69bc7a594aec7d10c/screenshot - {}
RESULT: {}
RESULT: {}
COMMAND: POST /session/b41f127b71ced2e69bc7a594aec7d10c/element - {"using":"xpath","value":"//*[@id=\"application-manageyards-display-component---NewYard--addressDetailDetailsCountry-inner\"]"}
RESULT: {"using":"xpath","value":"//*[@id=\"application-manageyards-display-component---NewYard--addressDetailDetailsCountry-inner\"]"}
COMMAND: POST /session/b41f127b71ced2e69bc7a594aec7d10c/element/f.D13B392FFCFC625696F343F77B76D564.d.568F576EBCF61ADE9F3F772D37C08C32.e.387/clear - {}
RESULT: {}
COMMAND: POST /session/b41f127b71ced2e69bc7a594aec7d10c/element/f.D13B392FFCFC625696F343F77B76D564.d.568F576EBCF61ADE9F3F772D37C08C32.e.387/value - {"text":"Romania"}
COMMAND: GET /session/b41f127b71ced2e69bc7a594aec7d10c/screenshot - {}
RESULT: {"text":"Romania"}
COMMAND: GET /session/b41f127b71ced2e69bc7a594aec7d10c/screenshot - {}
RESULT: {}
RESULT: {}
COMMAND: POST /session/b41f127b71ced2e69bc7a594aec7d10c/element - {"using":"xpath","value":"//div[contains(text(), \"Commercial\")]"}
RESULT: {"using":"xpath","value":"//div[contains(text(), \"Commercial\")]"}
COMMAND: GET /session/b41f127b71ced2e69bc7a594aec7d10c/element/f.D13B392FFCFC625696F343F77B76D564.d.568F576EBCF61ADE9F3F772D37C08C32.e.576/rect - {}
RESULT: {}
COMMAND: GET /session/b41f127b71ced2e69bc7a594aec7d10c/window/rect - {}
RESULT: {}
COMMAND: POST /session/b41f127b71ced2e69bc7a594aec7d10c/execute/sync - {"script":"<script> [92 bytes]","args":[]}
RESULT: {"script":"<script> [92 bytes]","args":[]}
COMMAND: POST /session/b41f127b71ced2e69bc7a594aec7d10c/actions - {"actions":[{"id":"action1","type":"wheel","parameters":{},"actions":[{"type":"scroll","x":-1841,"y":-44,"deltaX":0,"deltaY":0,"duration":0,"origin":{"element-6066-11e4-a52e-4f735466cecf":"f.D13B392FFCFC625696F343F77B76D564.d.568F576EBCF61ADE9F3F772D37C08C32.e.576"}}]}]}
COMMAND: GET /session/b41f127b71ced2e69bc7a594aec7d10c/screenshot - {}
RESULT: {}
COMMAND: POST /session/b41f127b71ced2e69bc7a594aec7d10c/execute/sync - {"script":"<script> [79 bytes]","args":[{"element-6066-11e4-a52e-4f735466cecf":"f.D13B392FFCFC625696F343F77B76D564.d.568F576EBCF61ADE9F3F772D37C08C32.e.576","ELEMENT":"f.D13B392FFCFC625696F343F77B76D564.d.568F576EBCF61ADE9F3F772D37C08C32.e.576"},{"block":"start","inline":"nearest"}]}
RESULT: {"script":"<script> [79 bytes]","args":[{"element-6066-11e4-a52e-4f735466cecf":"f.D13B392FFCFC625696F343F77B76D564.d.568F576EBCF61ADE9F3F772D37C08C32.e.576","ELEMENT":"f.D13B392FFCFC625696F343F77B76D564.d.568F576EBCF61ADE9F3F772D37C08C32.e.576"},{"block":"start","inline":"nearest"}]}
COMMAND: GET /session/b41f127b71ced2e69bc7a594aec7d10c/screenshot - {}
RESULT: {}
COMMAND: POST /session/b41f127b71ced2e69bc7a594aec7d10c/execute/async - {"script":"<script> [1562 bytes]","args":[{"selector":{"id":"application-manageyards-display-component---NewYard--addressEditDetailsCostObjectCstType-arrow"},"wdio_ui5_key":"applicationmanageyards-display-component---NewYard--addressEditDetailsCostObjectCstType-arrow"}]}
RESULT: {"script":"<script> [1562 bytes]","args":[{"selector":{"id":"application-manageyards-display-component---NewYard--addressEditDetailsCostObjectCstType-arrow"},"wdio_ui5_key":"applicationmanageyards-display-component---NewYard--addressEditDetailsCostObjectCstType-arrow"}]}
RESULT: undefined
COMMAND: POST /session/b41f127b71ced2e69bc7a594aec7d10c/element - {"using":"xpath","value":"//*[@id=\"application-manageyards-display-component---NewYard--addressEditDetailsCostObjectCstType-arrow\"]"}
RESULT: {"using":"xpath","value":"//*[@id=\"application-manageyards-display-component---NewYard--addressEditDetailsCostObjectCstType-arrow\"]"}
COMMAND: POST /session/b41f127b71ced2e69bc7a594aec7d10c/element/f.D13B392FFCFC625696F343F77B76D564.d.568F576EBCF61ADE9F3F772D37C08C32.e.585/click - {}
RESULT: {}
COMMAND: POST /session/b41f127b71ced2e69bc7a594aec7d10c/element - {"using":"xpath","value":"//span[contains(text(), \"Cost Center\")]"}
COMMAND: GET /session/b41f127b71ced2e69bc7a594aec7d10c/screenshot - {}
RESULT: {"using":"xpath","value":"//span[contains(text(), \"Cost Center\")]"}
COMMAND: POST /session/b41f127b71ced2e69bc7a594aec7d10c/element/f.D13B392FFCFC625696F343F77B76D564.d.568F576EBCF61ADE9F3F772D37C08C32.e.586/click - {}
RESULT: {}
RESULT: {}
COMMAND: GET /session/b41f127b71ced2e69bc7a594aec7d10c/screenshot - {}
RESULT: {}
COMMAND: POST /session/b41f127b71ced2e69bc7a594aec7d10c/execute/async - {"script":"<script> [1562 bytes]","args":[{"selector":{"id":"application-manageyards-display-component---NewYard--addressNewCostObjectCstID-vhi"},"wdio_ui5_key":"applicationmanageyards-display-component---NewYard--addressNewCostObjectCstID-vhi"}]}
RESULT: {"script":"<script> [1562 bytes]","args":[{"selector":{"id":"application-manageyards-display-component---NewYard--addressNewCostObjectCstID-vhi"},"wdio_ui5_key":"applicationmanageyards-display-component---NewYard--addressNewCostObjectCstID-vhi"}]}
RESULT: undefined
COMMAND: POST /session/b41f127b71ced2e69bc7a594aec7d10c/element - {"using":"xpath","value":"//*[@id=\"application-manageyards-display-component---NewYard--addressNewCostObjectCstID-vhi\"]"}
RESULT: {"using":"xpath","value":"//*[@id=\"application-manageyards-display-component---NewYard--addressNewCostObjectCstID-vhi\"]"}
COMMAND: POST /session/b41f127b71ced2e69bc7a594aec7d10c/element/f.D13B392FFCFC625696F343F77B76D564.d.568F576EBCF61ADE9F3F772D37C08C32.e.601/click - {}
RESULT: {}
COMMAND: GET /session/b41f127b71ced2e69bc7a594aec7d10c/screenshot - {}
RESULT: {}
COMMAND: POST /session/b41f127b71ced2e69bc7a594aec7d10c/execute/async - {"script":"<script> [1562 bytes]","args":[{"selector":{"controlType":"sap.m.SearchField","properties":{"placeholder":"Search"},"searchOpenDialogs":true,"interaction":{"idSuffix":"I"}},"wdio_ui5_key":"sapm.SearchField{\"placeholder\":\"Search\"}"}]}
RESULT: {"script":"<script> [1562 bytes]","args":[{"selector":{"controlType":"sap.m.SearchField","properties":{"placeholder":"Search"},"searchOpenDialogs":true,"interaction":{"idSuffix":"I"}},"wdio_ui5_key":"sapm.SearchField{\"placeholder\":\"Search\"}"}]}
RESULT: undefined
COMMAND: POST /session/b41f127b71ced2e69bc7a594aec7d10c/execute/async - {"script":"<script> [776 bytes]","args":[{"enterText":"10001013","selector":{"controlType":"sap.m.SearchField","properties":{"placeholder":"Search"},"searchOpenDialogs":true,"interaction":{"idSuffix":"I"}},"clearTextFirst":true,"interactionType":"ENTER_TEXT"}]}
RESULT: {"script":"<script> [776 bytes]","args":[{"enterText":"10001013","selector":{"controlType":"sap.m.SearchField","properties":{"placeholder":"Search"},"searchOpenDialogs":true,"interaction":{"idSuffix":"I"}},"clearTextFirst":true,"interactionType":"ENTER_TEXT"}]}
COMMAND: POST /session/b41f127b71ced2e69bc7a594aec7d10c/actions - {"actions":[{"id":"action2","type":"key","parameters":{},"actions":[{"type":"keyDown","value":"î€‡"},{"type":"pause","duration":10},{"type":"keyUp","value":"î€‡"}]}]}
RESULT: {"actions":[{"id":"action2","type":"key","parameters":{},"actions":[{"type":"keyDown","value":"î€‡"},{"type":"pause","duration":10},{"type":"keyUp","value":"î€‡"}]}]}
COMMAND: GET /session/b41f127b71ced2e69bc7a594aec7d10c/screenshot - {}
RESULT: {}
COMMAND: POST /session/b41f127b71ced2e69bc7a594aec7d10c/element - {"using":"xpath","value":"//span[contains(text(), \"General Management\")]"}
RESULT: {"using":"xpath","value":"//span[contains(text(), \"General Management\")]"}
COMMAND: POST /session/b41f127b71ced2e69bc7a594aec7d10c/element/f.D13B392FFCFC625696F343F77B76D564.d.568F576EBCF61ADE9F3F772D37C08C32.e.642/click - {}
RESULT: {}
COMMAND: GET /session/b41f127b71ced2e69bc7a594aec7d10c/screenshot - {}
RESULT: {}
COMMAND: POST /session/b41f127b71ced2e69bc7a594aec7d10c/element - {"using":"xpath","value":"//bdi[contains(text(), \"OK\")]"}
RESULT: {"using":"xpath","value":"//bdi[contains(text(), \"OK\")]"}
COMMAND: POST /session/b41f127b71ced2e69bc7a594aec7d10c/element/f.D13B392FFCFC625696F343F77B76D564.d.568F576EBCF61ADE9F3F772D37C08C32.e.643/click - {}
RESULT: {}
COMMAND: GET /session/b41f127b71ced2e69bc7a594aec7d10c/screenshot - {}
RESULT: {}
COMMAND: POST /session/b41f127b71ced2e69bc7a594aec7d10c/execute/async - {"script":"<script> [1562 bytes]","args":[{"selector":{"controlType":"sap.m.Button","viewName":"etm.portal.ui.manageyards.view.New","viewId":"application-manageyards-display-component---NewYard","i18NText":{"propertyName":"text","key":"save"},"interaction":{"idSuffix":"inner"}},"wdio_ui5_key":"etmportal.ui.manageyards.view.Newsap.m.Button{\"propertyName\":\"text\",\"key\":\"save\"}"}]}
RESULT: {"script":"<script> [1562 bytes]","args":[{"selector":{"controlType":"sap.m.Button","viewName":"etm.portal.ui.manageyards.view.New","viewId":"application-manageyards-display-component---NewYard","i18NText":{"propertyName":"text","key":"save"},"interaction":{"idSuffix":"inner"}},"wdio_ui5_key":"etmportal.ui.manageyards.view.Newsap.m.Button{\"propertyName\":\"text\",\"key\":\"save\"}"}]}
RESULT: undefined
COMMAND: POST /session/b41f127b71ced2e69bc7a594aec7d10c/element - {"using":"xpath","value":"//*[@id=\"__button18\"]"}
RESULT: {"using":"xpath","value":"//*[@id=\"__button18\"]"}
COMMAND: POST /session/b41f127b71ced2e69bc7a594aec7d10c/element/f.D13B392FFCFC625696F343F77B76D564.d.568F576EBCF61ADE9F3F772D37C08C32.e.556/click - {}
RESULT: {}
COMMAND: GET /session/b41f127b71ced2e69bc7a594aec7d10c/screenshot - {}
RESULT: {}
COMMAND: POST /session/b41f127b71ced2e69bc7a594aec7d10c/element - {"using":"xpath","value":"//header/div/div[2]/div[2]/span"}
RESULT: {"using":"xpath","value":"//header/div/div[2]/div[2]/span"}
COMMAND: GET /session/b41f127b71ced2e69bc7a594aec7d10c/element/f.D13B392FFCFC625696F343F77B76D564.d.568F576EBCF61ADE9F3F772D37C08C32.e.841/text - {}
RESULT: {}
COMMAND: POST /session/b41f127b71ced2e69bc7a594aec7d10c/execute/async - {"script":"<script> [1562 bytes]","args":[{"selector":{"controlType":"sap.m.OverflowToolbarButton","viewName":"etm.portal.ui.manageyards.view.Detail","viewId":"application-manageyards-display-component---detailYard","i18NText":{"propertyName":"tooltip","key":"closeColumn"},"interaction":{"idSuffix":"inner"}},"wdio_ui5_key":"etmportal.ui.manageyards.view.Detailsap.m.OverflowToolbarButton{\"propertyName\":\"tooltip\",\"key\":\"closeColumn\"}"}]}
RESULT: {"script":"<script> [1562 bytes]","args":[{"selector":{"controlType":"sap.m.OverflowToolbarButton","viewName":"etm.portal.ui.manageyards.view.Detail","viewId":"application-manageyards-display-component---detailYard","i18NText":{"propertyName":"tooltip","key":"closeColumn"},"interaction":{"idSuffix":"inner"}},"wdio_ui5_key":"etmportal.ui.manageyards.view.Detailsap.m.OverflowToolbarButton{\"propertyName\":\"tooltip\",\"key\":\"closeColumn\"}"}]}
RESULT: undefined
COMMAND: POST /session/b41f127b71ced2e69bc7a594aec7d10c/element - {"using":"xpath","value":"//*[@id=\"__button42\"]"}
RESULT: {"using":"xpath","value":"//*[@id=\"__button42\"]"}
COMMAND: POST /session/b41f127b71ced2e69bc7a594aec7d10c/element/f.D13B392FFCFC625696F343F77B76D564.d.568F576EBCF61ADE9F3F772D37C08C32.e.843/click - {}
RESULT: {}
COMMAND: GET /session/b41f127b71ced2e69bc7a594aec7d10c/screenshot - {}
RESULT: {}
COMMAND: POST /session/b41f127b71ced2e69bc7a594aec7d10c/element - {"using":"css selector","value":"#shell-header-logo"}
RESULT: {"using":"css selector","value":"#shell-header-logo"}
COMMAND: POST /session/b41f127b71ced2e69bc7a594aec7d10c/element/f.D13B392FFCFC625696F343F77B76D564.d.568F576EBCF61ADE9F3F772D37C08C32.e.120/click - {}
RESULT: {}
COMMAND: GET /session/b41f127b71ced2e69bc7a594aec7d10c/screenshot - {}
RESULT: {}
COMMAND: POST /session/b41f127b71ced2e69bc7a594aec7d10c/refresh - {}
RESULT: {}
COMMAND: GET /session/b41f127b71ced2e69bc7a594aec7d10c/screenshot - {}
RESULT: {}
COMMAND: POST /session/b41f127b71ced2e69bc7a594aec7d10c/execute/async - {"script":"<script> [189 bytes]","args":[]}
RESULT: {"script":"<script> [189 bytes]","args":[]}
COMMAND: POST /session/b41f127b71ced2e69bc7a594aec7d10c/execute/async - {"script":"<script> [123 bytes]","args":[]}
RESULT: {"script":"<script> [123 bytes]","args":[]}
COMMAND: POST /session/b41f127b71ced2e69bc7a594aec7d10c/timeouts - {"script":"<number>"}
RESULT: {"script":"<number>"}
COMMAND: GET /session/b41f127b71ced2e69bc7a594aec7d10c/timeouts - {}
RESULT: {}
RESULT: undefined
COMMAND: POST /session/b41f127b71ced2e69bc7a594aec7d10c/execute/async - {"script":"<script> [2676 bytes]","args":[]}
RESULT: {"script":"<script> [2676 bytes]","args":[]}
COMMAND: POST /session/b41f127b71ced2e69bc7a594aec7d10c/execute/async - {"script":"<script> [2342 bytes]","args":[{"protocol":"http","hostname":"0.0.0.0","path":"/","capabilities":{"browserName":"chrome","goog:chromeOptions":{"binary":"C:\\Program Files\\Google\\Chrome\\Application\\chrome.exe","args":["--start-maximized"]}},"logLevel":"warn","connectionRetryTimeout":120000,"connectionRetryCount":3,"logLevels":{},"enableDirectConnect":true,"strictSSL":true,"_":"65 more keys: [\"cacheDir\",\"port\",\"requestedCapabilities\",\"automationProtocol\",\"baseUrl\",\"waitforInterval\",\"waitforTimeout\",\"onReload\",\"beforeCommand\",\"afterCommand\",\"rootDir\",\"specs\",\"suites\",\"exclude\",\"groupLogsByTestSpec\",\"excludeDriverLogs\",\"bail\",\"framework\",\"reporters\",\"services\",\"maxInstances\",\"maxInstancesPerCapability\",\"injectGlobals\",\"filesToWatch\",\"execArgv\",\"runnerEnv\",\"runner\",\"shard\",\"specFileRetries\",\"specFileRetriesDelay\",\"specFileRetriesDeferred\",\"reporterSyncInterval\",\"reporterSyncTimeout\",\"cucumberFeaturesWithLineNumbers\",\"autoCompileOpts\",\"mochaOpts\",\"jasmineOpts\",\"cucumberOpts\",\"onPrepare\",\"onWorkerStart\",\"onWorkerEnd\",\"before\",\"beforeSession\",\"beforeSuite\",\"beforeHook\",\"beforeTest\",\"afterTest\",\"afterHook\",\"afterSuite\",\"afterSession\",\"after\",\"onComplete\",\"beforeAssertion\",\"afterAssertion\",\"beforeFeature\",\"beforeScenario\",\"beforeStep\",\"afterStep\",\"afterScenario\",\"afterFeature\",\"_\",\"suite\",\"$0\",\"ignoredWorkerServices\",\"wdi5\"]"}]}
RESULT: {"script":"<script> [2342 bytes]","args":[{"protocol":"http","hostname":"0.0.0.0","path":"/","capabilities":{"browserName":"chrome","goog:chromeOptions":{"binary":"C:\\Program Files\\Google\\Chrome\\Application\\chrome.exe","args":["--start-maximized"]}},"logLevel":"warn","connectionRetryTimeout":120000,"connectionRetryCount":3,"logLevels":{},"enableDirectConnect":true,"strictSSL":true,"_":"65 more keys: [\"cacheDir\",\"port\",\"requestedCapabilities\",\"automationProtocol\",\"baseUrl\",\"waitforInterval\",\"waitforTimeout\",\"onReload\",\"beforeCommand\",\"afterCommand\",\"rootDir\",\"specs\",\"suites\",\"exclude\",\"groupLogsByTestSpec\",\"excludeDriverLogs\",\"bail\",\"framework\",\"reporters\",\"services\",\"maxInstances\",\"maxInstancesPerCapability\",\"injectGlobals\",\"filesToWatch\",\"execArgv\",\"runnerEnv\",\"runner\",\"shard\",\"specFileRetries\",\"specFileRetriesDelay\",\"specFileRetriesDeferred\",\"reporterSyncInterval\",\"reporterSyncTimeout\",\"cucumberFeaturesWithLineNumbers\",\"autoCompileOpts\",\"mochaOpts\",\"jasmineOpts\",\"cucumberOpts\",\"onPrepare\",\"onWorkerStart\",\"onWorkerEnd\",\"before\",\"beforeSession\",\"beforeSuite\",\"beforeHook\",\"beforeTest\",\"afterTest\",\"afterHook\",\"afterSuite\",\"afterSession\",\"after\",\"onComplete\",\"beforeAssertion\",\"afterAssertion\",\"beforeFeature\",\"beforeScenario\",\"beforeStep\",\"afterStep\",\"afterScenario\",\"afterFeature\",\"_\",\"suite\",\"$0\",\"ignoredWorkerServices\",\"wdi5\"]"}]}
COMMAND: POST /session/b41f127b71ced2e69bc7a594aec7d10c/execute/async - {"script":"<script> [21126 bytes]","args":[35000]}
RESULT: {"script":"<script> [21126 bytes]","args":[35000]}
]]></system-out>
    </testcase>
    <testcase classname="chrome.135_0_7049_96.windows.Manage_Requests_Tags_Tests_US120163" name="Should create a new partner" time="96.295">
      <system-out><![CDATA[
COMMAND: POST /session/b41f127b71ced2e69bc7a594aec7d10c/execute/async - {"script":"<script> [1562 bytes]","args":[{"selector":{"controlType":"sap.m.GenericTile","properties":{"header":"Manage Partners"}},"wdio_ui5_key":"sapm.GenericTile{\"header\":\"Manage Partners\"}"}]}
RESULT: {"script":"<script> [1562 bytes]","args":[{"selector":{"controlType":"sap.m.GenericTile","properties":{"header":"Manage Partners"}},"wdio_ui5_key":"sapm.GenericTile{\"header\":\"Manage Partners\"}"}]}
RESULT: undefined
COMMAND: POST /session/b41f127b71ced2e69bc7a594aec7d10c/element - {"using":"xpath","value":"//*[@id=\"__tile38\"]"}
RESULT: {"using":"xpath","value":"//*[@id=\"__tile38\"]"}
COMMAND: POST /session/b41f127b71ced2e69bc7a594aec7d10c/element/f.D13B392FFCFC625696F343F77B76D564.d.BA0FD47E2250D831EDEB6F06DF8FF902.e.1194/click - {}
RESULT: {}
COMMAND: GET /session/b41f127b71ced2e69bc7a594aec7d10c/screenshot - {}
RESULT: {}
COMMAND: POST /session/b41f127b71ced2e69bc7a594aec7d10c/execute/async - {"script":"<script> [1562 bytes]","args":[{"selector":{"controlType":"sap.ui.core.Icon","viewName":"etm.portal.ui.managepartners.view.Master","viewId":"application-managepartners-display-component---masterPtm","properties":{"src":{"regex":{"source":"add"}}}},"wdio_ui5_key":"etmportal.ui.managepartners.view.Mastersap.ui.core.Icon{\"src\":{\"regex\":{\"source\":\"add\"}}}"}]}
RESULT: {"script":"<script> [1562 bytes]","args":[{"selector":{"controlType":"sap.ui.core.Icon","viewName":"etm.portal.ui.managepartners.view.Master","viewId":"application-managepartners-display-component---masterPtm","properties":{"src":{"regex":{"source":"add"}}}},"wdio_ui5_key":"etmportal.ui.managepartners.view.Mastersap.ui.core.Icon{\"src\":{\"regex\":{\"source\":\"add\"}}}"}]}
RESULT: undefined
COMMAND: POST /session/b41f127b71ced2e69bc7a594aec7d10c/element - {"using":"xpath","value":"//*[@id=\"__button4-img\"]"}
RESULT: {"using":"xpath","value":"//*[@id=\"__button4-img\"]"}
COMMAND: POST /session/b41f127b71ced2e69bc7a594aec7d10c/element/f.D13B392FFCFC625696F343F77B76D564.d.BA0FD47E2250D831EDEB6F06DF8FF902.e.1246/click - {}
RESULT: {}
COMMAND: GET /session/b41f127b71ced2e69bc7a594aec7d10c/screenshot - {}
RESULT: {}
COMMAND: POST /session/b41f127b71ced2e69bc7a594aec7d10c/execute/async - {"script":"<script> [1562 bytes]","args":[{"selector":{"id":"application-managepartners-display-component---NewPartner--partnerId","interaction":{"idSuffix":"inner"}},"wdio_ui5_key":"applicationmanagepartners-display-component---NewPartner--partnerId"}]}
RESULT: {"script":"<script> [1562 bytes]","args":[{"selector":{"id":"application-managepartners-display-component---NewPartner--partnerId","interaction":{"idSuffix":"inner"}},"wdio_ui5_key":"applicationmanagepartners-display-component---NewPartner--partnerId"}]}
RESULT: undefined
COMMAND: POST /session/b41f127b71ced2e69bc7a594aec7d10c/execute/async - {"script":"<script> [1562 bytes]","args":[{"selector":{"id":"application-managepartners-display-component---NewPartner--addressDetailDetailsName1","interaction":{"idSuffix":"inner"}},"wdio_ui5_key":"applicationmanagepartners-display-component---NewPartner--addressDetailDetailsName1"}]}
RESULT: {"script":"<script> [1562 bytes]","args":[{"selector":{"id":"application-managepartners-display-component---NewPartner--addressDetailDetailsName1","interaction":{"idSuffix":"inner"}},"wdio_ui5_key":"applicationmanagepartners-display-component---NewPartner--addressDetailDetailsName1"}]}
RESULT: undefined
COMMAND: POST /session/b41f127b71ced2e69bc7a594aec7d10c/execute/async - {"script":"<script> [776 bytes]","args":[{"enterText":"WebdriverPartneran3aa","selector":{"id":"application-managepartners-display-component---NewPartner--addressDetailDetailsName1","interaction":{"idSuffix":"inner"}},"clearTextFirst":true,"interactionType":"ENTER_TEXT"}]}
RESULT: {"script":"<script> [776 bytes]","args":[{"enterText":"WebdriverPartneran3aa","selector":{"id":"application-managepartners-display-component---NewPartner--addressDetailDetailsName1","interaction":{"idSuffix":"inner"}},"clearTextFirst":true,"interactionType":"ENTER_TEXT"}]}
COMMAND: POST /session/b41f127b71ced2e69bc7a594aec7d10c/execute/async - {"script":"<script> [1562 bytes]","args":[{"selector":{"id":"application-managepartners-display-component---NewPartner--addressDetailDetailsLanguage","interaction":{"idSuffix":"inner"}},"wdio_ui5_key":"applicationmanagepartners-display-component---NewPartner--addressDetailDetailsLanguage"}]}
RESULT: {"script":"<script> [1562 bytes]","args":[{"selector":{"id":"application-managepartners-display-component---NewPartner--addressDetailDetailsLanguage","interaction":{"idSuffix":"inner"}},"wdio_ui5_key":"applicationmanagepartners-display-component---NewPartner--addressDetailDetailsLanguage"}]}
RESULT: undefined
COMMAND: POST /session/b41f127b71ced2e69bc7a594aec7d10c/execute/async - {"script":"<script> [776 bytes]","args":[{"enterText":"Romanian","selector":{"id":"application-managepartners-display-component---NewPartner--addressDetailDetailsLanguage","interaction":{"idSuffix":"inner"}},"clearTextFirst":true,"interactionType":"ENTER_TEXT"}]}
RESULT: {"script":"<script> [776 bytes]","args":[{"enterText":"Romanian","selector":{"id":"application-managepartners-display-component---NewPartner--addressDetailDetailsLanguage","interaction":{"idSuffix":"inner"}},"clearTextFirst":true,"interactionType":"ENTER_TEXT"}]}
COMMAND: POST /session/b41f127b71ced2e69bc7a594aec7d10c/element - {"using":"xpath","value":"//input[contains(@id ,\"application-managepartners-display-component---NewPartner--addressDetailDetailsName1-inner\")]"}
RESULT: {"using":"xpath","value":"//input[contains(@id ,\"application-managepartners-display-component---NewPartner--addressDetailDetailsName1-inner\")]"}
COMMAND: GET /session/b41f127b71ced2e69bc7a594aec7d10c/element/f.D13B392FFCFC625696F343F77B76D564.d.BA0FD47E2250D831EDEB6F06DF8FF902.e.1421/property/value - {}
RESULT: {}
COMMAND: POST /session/b41f127b71ced2e69bc7a594aec7d10c/execute/async - {"script":"<script> [1562 bytes]","args":[{"selector":{"id":"application-managepartners-display-component---NewPartner--addressDetailDetailsCity1","interaction":{"idSuffix":"inner"}},"wdio_ui5_key":"applicationmanagepartners-display-component---NewPartner--addressDetailDetailsCity1"}]}
COMMAND: GET /session/b41f127b71ced2e69bc7a594aec7d10c/screenshot - {}
RESULT: {"script":"<script> [1562 bytes]","args":[{"selector":{"id":"application-managepartners-display-component---NewPartner--addressDetailDetailsCity1","interaction":{"idSuffix":"inner"}},"wdio_ui5_key":"applicationmanagepartners-display-component---NewPartner--addressDetailDetailsCity1"}]}
RESULT: undefined
COMMAND: POST /session/b41f127b71ced2e69bc7a594aec7d10c/execute/async - {"script":"<script> [776 bytes]","args":[{"enterText":"Bucharest","selector":{"id":"application-managepartners-display-component---NewPartner--addressDetailDetailsCity1","interaction":{"idSuffix":"inner"}},"clearTextFirst":true,"interactionType":"ENTER_TEXT"}]}
RESULT: {}
RESULT: {"script":"<script> [776 bytes]","args":[{"enterText":"Bucharest","selector":{"id":"application-managepartners-display-component---NewPartner--addressDetailDetailsCity1","interaction":{"idSuffix":"inner"}},"clearTextFirst":true,"interactionType":"ENTER_TEXT"}]}
COMMAND: POST /session/b41f127b71ced2e69bc7a594aec7d10c/execute/async - {"script":"<script> [1562 bytes]","args":[{"selector":{"id":"application-managepartners-display-component---NewPartner--addressDetailDetailsCountry","interaction":{"idSuffix":"inner"}},"wdio_ui5_key":"applicationmanagepartners-display-component---NewPartner--addressDetailDetailsCountry"}]}
RESULT: {"script":"<script> [1562 bytes]","args":[{"selector":{"id":"application-managepartners-display-component---NewPartner--addressDetailDetailsCountry","interaction":{"idSuffix":"inner"}},"wdio_ui5_key":"applicationmanagepartners-display-component---NewPartner--addressDetailDetailsCountry"}]}
RESULT: undefined
COMMAND: POST /session/b41f127b71ced2e69bc7a594aec7d10c/execute/async - {"script":"<script> [6424 bytes]","args":[{"element-6066-11e4-a52e-4f735466cecf":"f.D13B392FFCFC625696F343F77B76D564.d.BA0FD47E2250D831EDEB6F06DF8FF902.e.1428"},"setValue",["Romania"]]}
RESULT: {"script":"<script> [6424 bytes]","args":[{"element-6066-11e4-a52e-4f735466cecf":"f.D13B392FFCFC625696F343F77B76D564.d.BA0FD47E2250D831EDEB6F06DF8FF902.e.1428"},"setValue",["Romania"]]}
COMMAND: POST /session/b41f127b71ced2e69bc7a594aec7d10c/execute/async - {"script":"<script> [1562 bytes]","args":[{"selector":{"id":"application-managepartners-display-component---NewPartner--partnerDetailInternal","interaction":{"idSuffix":"inner"}},"wdio_ui5_key":"applicationmanagepartners-display-component---NewPartner--partnerDetailInternal"}]}
RESULT: {"script":"<script> [1562 bytes]","args":[{"selector":{"id":"application-managepartners-display-component---NewPartner--partnerDetailInternal","interaction":{"idSuffix":"inner"}},"wdio_ui5_key":"applicationmanagepartners-display-component---NewPartner--partnerDetailInternal"}]}
RESULT: undefined
COMMAND: POST /session/b41f127b71ced2e69bc7a594aec7d10c/execute/async - {"script":"<script> [776 bytes]","args":[{"enterText":"External partner","selector":{"id":"application-managepartners-display-component---NewPartner--partnerDetailInternal","interaction":{"idSuffix":"inner"}},"clearTextFirst":true,"interactionType":"ENTER_TEXT"}]}
RESULT: {"script":"<script> [776 bytes]","args":[{"enterText":"External partner","selector":{"id":"application-managepartners-display-component---NewPartner--partnerDetailInternal","interaction":{"idSuffix":"inner"}},"clearTextFirst":true,"interactionType":"ENTER_TEXT"}]}
COMMAND: POST /session/b41f127b71ced2e69bc7a594aec7d10c/execute/async - {"script":"<script> [1562 bytes]","args":[{"selector":{"id":"application-managepartners-display-component---NewPartner--partnerDetailsCurrency","interaction":{"idSuffix":"inner"}},"wdio_ui5_key":"applicationmanagepartners-display-component---NewPartner--partnerDetailsCurrency"}]}
RESULT: {"script":"<script> [1562 bytes]","args":[{"selector":{"id":"application-managepartners-display-component---NewPartner--partnerDetailsCurrency","interaction":{"idSuffix":"inner"}},"wdio_ui5_key":"applicationmanagepartners-display-component---NewPartner--partnerDetailsCurrency"}]}
RESULT: undefined
COMMAND: POST /session/b41f127b71ced2e69bc7a594aec7d10c/execute/async - {"script":"<script> [776 bytes]","args":[{"enterText":"Euro","selector":{"id":"application-managepartners-display-component---NewPartner--partnerDetailsCurrency","interaction":{"idSuffix":"inner"}},"clearTextFirst":true,"interactionType":"ENTER_TEXT"}]}
RESULT: {"script":"<script> [776 bytes]","args":[{"enterText":"Euro","selector":{"id":"application-managepartners-display-component---NewPartner--partnerDetailsCurrency","interaction":{"idSuffix":"inner"}},"clearTextFirst":true,"interactionType":"ENTER_TEXT"}]}
COMMAND: POST /session/b41f127b71ced2e69bc7a594aec7d10c/execute/async - {"script":"<script> [1562 bytes]","args":[{"selector":{"controlType":"sap.m.Button","viewName":"etm.portal.ui.managepartners.view.NewPartner","viewId":"application-managepartners-display-component---NewPartner","properties":{"text":"Commercial"},"interaction":{"idSuffix":"BDI-content"}},"wdio_ui5_key":"etmportal.ui.managepartners.view.NewPartnersap.m.Button{\"text\":\"Commercial\"}"}]}
RESULT: {"script":"<script> [1562 bytes]","args":[{"selector":{"controlType":"sap.m.Button","viewName":"etm.portal.ui.managepartners.view.NewPartner","viewId":"application-managepartners-display-component---NewPartner","properties":{"text":"Commercial"},"interaction":{"idSuffix":"BDI-content"}},"wdio_ui5_key":"etmportal.ui.managepartners.view.NewPartnersap.m.Button{\"text\":\"Commercial\"}"}]}
RESULT: undefined
COMMAND: POST /session/b41f127b71ced2e69bc7a594aec7d10c/element - {"using":"xpath","value":"//*[@id=\"application-managepartners-display-component---NewPartner--ObjectPageLayout-anchBar-__section5-anchor\"]"}
RESULT: {"using":"xpath","value":"//*[@id=\"application-managepartners-display-component---NewPartner--ObjectPageLayout-anchBar-__section5-anchor\"]"}
COMMAND: POST /session/b41f127b71ced2e69bc7a594aec7d10c/element/f.D13B392FFCFC625696F343F77B76D564.d.BA0FD47E2250D831EDEB6F06DF8FF902.e.1666/click - {}
RESULT: {}
COMMAND: GET /session/b41f127b71ced2e69bc7a594aec7d10c/screenshot - {}
RESULT: {}
COMMAND: POST /session/b41f127b71ced2e69bc7a594aec7d10c/execute/async - {"script":"<script> [1562 bytes]","args":[{"selector":{"id":"application-managepartners-display-component---NewPartner--btnAddTableRow-img"},"wdio_ui5_key":"applicationmanagepartners-display-component---NewPartner--btnAddTableRow-img"}]}
RESULT: {"script":"<script> [1562 bytes]","args":[{"selector":{"id":"application-managepartners-display-component---NewPartner--btnAddTableRow-img"},"wdio_ui5_key":"applicationmanagepartners-display-component---NewPartner--btnAddTableRow-img"}]}
RESULT: undefined
COMMAND: POST /session/b41f127b71ced2e69bc7a594aec7d10c/element - {"using":"xpath","value":"//*[@id=\"application-managepartners-display-component---NewPartner--btnAddTableRow-img\"]"}
RESULT: {"using":"xpath","value":"//*[@id=\"application-managepartners-display-component---NewPartner--btnAddTableRow-img\"]"}
COMMAND: POST /session/b41f127b71ced2e69bc7a594aec7d10c/element/f.D13B392FFCFC625696F343F77B76D564.d.BA0FD47E2250D831EDEB6F06DF8FF902.e.1672/click - {}
RESULT: {}
COMMAND: POST /session/b41f127b71ced2e69bc7a594aec7d10c/element - {"using":"xpath","value":"//input[contains(@id ,\"application-managepartners-display-component---NewPartner--assignmentYard-application-managepartners-display-component---NewPartner\")]"}
COMMAND: GET /session/b41f127b71ced2e69bc7a594aec7d10c/screenshot - {}
RESULT: {"using":"xpath","value":"//input[contains(@id ,\"application-managepartners-display-component---NewPartner--assignmentYard-application-managepartners-display-component---NewPartner\")]"}
COMMAND: POST /session/b41f127b71ced2e69bc7a594aec7d10c/element/f.D13B392FFCFC625696F343F77B76D564.d.BA0FD47E2250D831EDEB6F06DF8FF902.e.1677/clear - {}
RESULT: {}
RESULT: {}
COMMAND: POST /session/b41f127b71ced2e69bc7a594aec7d10c/element/f.D13B392FFCFC625696F343F77B76D564.d.BA0FD47E2250D831EDEB6F06DF8FF902.e.1677/value - {"text":"503"}
COMMAND: GET /session/b41f127b71ced2e69bc7a594aec7d10c/screenshot - {}
RESULT: {"text":"503"}
COMMAND: GET /session/b41f127b71ced2e69bc7a594aec7d10c/screenshot - {}
RESULT: {}
RESULT: {}
COMMAND: POST /session/b41f127b71ced2e69bc7a594aec7d10c/execute/async - {"script":"<script> [1562 bytes]","args":[{"selector":{"controlType":"sap.m.Button","viewName":"etm.portal.ui.managepartners.view.NewPartner","viewId":"application-managepartners-display-component---NewPartner","i18NText":{"propertyName":"text","key":"save"},"interaction":{"idSuffix":"BDI-content"}},"wdio_ui5_key":"etmportal.ui.managepartners.view.NewPartnersap.m.Button{\"propertyName\":\"text\",\"key\":\"save\"}"}]}
RESULT: {"script":"<script> [1562 bytes]","args":[{"selector":{"controlType":"sap.m.Button","viewName":"etm.portal.ui.managepartners.view.NewPartner","viewId":"application-managepartners-display-component---NewPartner","i18NText":{"propertyName":"text","key":"save"},"interaction":{"idSuffix":"BDI-content"}},"wdio_ui5_key":"etmportal.ui.managepartners.view.NewPartnersap.m.Button{\"propertyName\":\"text\",\"key\":\"save\"}"}]}
RESULT: undefined
COMMAND: POST /session/b41f127b71ced2e69bc7a594aec7d10c/element - {"using":"xpath","value":"//*[@id=\"__button12\"]"}
RESULT: {"using":"xpath","value":"//*[@id=\"__button12\"]"}
COMMAND: POST /session/b41f127b71ced2e69bc7a594aec7d10c/element/f.D13B392FFCFC625696F343F77B76D564.d.BA0FD47E2250D831EDEB6F06DF8FF902.e.1645/click - {}
RESULT: {}
COMMAND: GET /session/b41f127b71ced2e69bc7a594aec7d10c/screenshot - {}
RESULT: {}
COMMAND: POST /session/b41f127b71ced2e69bc7a594aec7d10c/element - {"using":"xpath","value":"//header/div/div[2]/div[2]/span"}
RESULT: {"using":"xpath","value":"//header/div/div[2]/div[2]/span"}
COMMAND: GET /session/b41f127b71ced2e69bc7a594aec7d10c/element/f.D13B392FFCFC625696F343F77B76D564.d.BA0FD47E2250D831EDEB6F06DF8FF902.e.1847/text - {}
RESULT: {}
COMMAND: POST /session/b41f127b71ced2e69bc7a594aec7d10c/element - {"using":"xpath","value":"//header/div/div/div/div/div/div[2]/div/span"}
RESULT: {"using":"xpath","value":"//header/div/div/div/div/div/div[2]/div/span"}
COMMAND: GET /session/b41f127b71ced2e69bc7a594aec7d10c/element/f.D13B392FFCFC625696F343F77B76D564.d.BA0FD47E2250D831EDEB6F06DF8FF902.e.1848/text - {}
RESULT: {}
COMMAND: POST /session/b41f127b71ced2e69bc7a594aec7d10c/execute/async - {"script":"<script> [1562 bytes]","args":[{"selector":{"id":"application-managepartners-display-component---detailPtm--partnerType"},"wdio_ui5_key":"applicationmanagepartners-display-component---detailPtm--partnerType"}]}
RESULT: {"script":"<script> [1562 bytes]","args":[{"selector":{"id":"application-managepartners-display-component---detailPtm--partnerType"},"wdio_ui5_key":"applicationmanagepartners-display-component---detailPtm--partnerType"}]}
RESULT: undefined
COMMAND: POST /session/b41f127b71ced2e69bc7a594aec7d10c/execute/async - {"script":"<script> [6424 bytes]","args":[{"element-6066-11e4-a52e-4f735466cecf":"f.D13B392FFCFC625696F343F77B76D564.d.BA0FD47E2250D831EDEB6F06DF8FF902.e.1849"},"getText",[]]}
RESULT: {"script":"<script> [6424 bytes]","args":[{"element-6066-11e4-a52e-4f735466cecf":"f.D13B392FFCFC625696F343F77B76D564.d.BA0FD47E2250D831EDEB6F06DF8FF902.e.1849"},"getText",[]]}
COMMAND: POST /session/b41f127b71ced2e69bc7a594aec7d10c/element - {"using":"css selector","value":"#shell-header-logo"}
RESULT: {"using":"css selector","value":"#shell-header-logo"}
COMMAND: POST /session/b41f127b71ced2e69bc7a594aec7d10c/element/f.D13B392FFCFC625696F343F77B76D564.d.BA0FD47E2250D831EDEB6F06DF8FF902.e.1197/click - {}
RESULT: {}
COMMAND: GET /session/b41f127b71ced2e69bc7a594aec7d10c/screenshot - {}
RESULT: {}
]]></system-out>
    </testcase>
    <testcase classname="chrome.135_0_7049_96.windows.Manage_Requests_Tags_Tests_US120163" name="Should create a new site" time="96.94">
      <system-out><![CDATA[
COMMAND: POST /session/b41f127b71ced2e69bc7a594aec7d10c/execute/async - {"script":"<script> [1562 bytes]","args":[{"selector":{"controlType":"sap.m.GenericTile","properties":{"header":"Manage Sites"}},"wdio_ui5_key":"sapm.GenericTile{\"header\":\"Manage Sites\"}"}]}
RESULT: {"script":"<script> [1562 bytes]","args":[{"selector":{"controlType":"sap.m.GenericTile","properties":{"header":"Manage Sites"}},"wdio_ui5_key":"sapm.GenericTile{\"header\":\"Manage Sites\"}"}]}
RESULT: undefined
COMMAND: POST /session/b41f127b71ced2e69bc7a594aec7d10c/element - {"using":"xpath","value":"//*[@id=\"__tile40\"]"}
RESULT: {"using":"xpath","value":"//*[@id=\"__tile40\"]"}
COMMAND: POST /session/b41f127b71ced2e69bc7a594aec7d10c/element/f.D13B392FFCFC625696F343F77B76D564.d.BA0FD47E2250D831EDEB6F06DF8FF902.e.1851/click - {}
RESULT: {}
COMMAND: GET /session/b41f127b71ced2e69bc7a594aec7d10c/screenshot - {}
RESULT: {}
COMMAND: POST /session/b41f127b71ced2e69bc7a594aec7d10c/execute/async - {"script":"<script> [1562 bytes]","args":[{"selector":{"controlType":"sap.ui.core.Icon","viewName":"etm.portal.ui.managesites.view.Master","viewId":"application-managesites-display-component---masterSite","properties":{"src":{"regex":{"source":"add"}}}},"wdio_ui5_key":"etmportal.ui.managesites.view.Mastersap.ui.core.Icon{\"src\":{\"regex\":{\"source\":\"add\"}}}"}]}
RESULT: {"script":"<script> [1562 bytes]","args":[{"selector":{"controlType":"sap.ui.core.Icon","viewName":"etm.portal.ui.managesites.view.Master","viewId":"application-managesites-display-component---masterSite","properties":{"src":{"regex":{"source":"add"}}}},"wdio_ui5_key":"etmportal.ui.managesites.view.Mastersap.ui.core.Icon{\"src\":{\"regex\":{\"source\":\"add\"}}}"}]}
RESULT: undefined
COMMAND: POST /session/b41f127b71ced2e69bc7a594aec7d10c/element - {"using":"xpath","value":"//*[@id=\"__button52-img\"]"}
RESULT: {"using":"xpath","value":"//*[@id=\"__button52-img\"]"}
COMMAND: POST /session/b41f127b71ced2e69bc7a594aec7d10c/element/f.D13B392FFCFC625696F343F77B76D564.d.BA0FD47E2250D831EDEB6F06DF8FF902.e.1900/click - {}
RESULT: {}
COMMAND: POST /session/b41f127b71ced2e69bc7a594aec7d10c/execute/async - {"script":"<script> [1562 bytes]","args":[{"selector":{"id":"application-managesites-display-component---NewSite--siteId","interaction":{"idSuffix":"inner"}},"wdio_ui5_key":"applicationmanagesites-display-component---NewSite--siteId"}]}
COMMAND: GET /session/b41f127b71ced2e69bc7a594aec7d10c/screenshot - {}
RESULT: {"script":"<script> [1562 bytes]","args":[{"selector":{"id":"application-managesites-display-component---NewSite--siteId","interaction":{"idSuffix":"inner"}},"wdio_ui5_key":"applicationmanagesites-display-component---NewSite--siteId"}]}
RESULT: undefined
COMMAND: POST /session/b41f127b71ced2e69bc7a594aec7d10c/execute/async - {"script":"<script> [1562 bytes]","args":[{"selector":{"id":"application-managesites-display-component---NewSite--addressDetailDetailsName1","interaction":{"idSuffix":"inner"}},"wdio_ui5_key":"applicationmanagesites-display-component---NewSite--addressDetailDetailsName1"}]}
RESULT: {}
RESULT: {"script":"<script> [1562 bytes]","args":[{"selector":{"id":"application-managesites-display-component---NewSite--addressDetailDetailsName1","interaction":{"idSuffix":"inner"}},"wdio_ui5_key":"applicationmanagesites-display-component---NewSite--addressDetailDetailsName1"}]}
RESULT: undefined
COMMAND: POST /session/b41f127b71ced2e69bc7a594aec7d10c/execute/async - {"script":"<script> [776 bytes]","args":[{"enterText":"WebdriverSitekjeun","selector":{"id":"application-managesites-display-component---NewSite--addressDetailDetailsName1","interaction":{"idSuffix":"inner"}},"clearTextFirst":true,"interactionType":"ENTER_TEXT"}]}
RESULT: {"script":"<script> [776 bytes]","args":[{"enterText":"WebdriverSitekjeun","selector":{"id":"application-managesites-display-component---NewSite--addressDetailDetailsName1","interaction":{"idSuffix":"inner"}},"clearTextFirst":true,"interactionType":"ENTER_TEXT"}]}
COMMAND: POST /session/b41f127b71ced2e69bc7a594aec7d10c/execute/async - {"script":"<script> [1562 bytes]","args":[{"selector":{"id":"application-managesites-display-component---NewSite--addressDetailDetailsLanguage","interaction":{"idSuffix":"inner"}},"wdio_ui5_key":"applicationmanagesites-display-component---NewSite--addressDetailDetailsLanguage"}]}
RESULT: {"script":"<script> [1562 bytes]","args":[{"selector":{"id":"application-managesites-display-component---NewSite--addressDetailDetailsLanguage","interaction":{"idSuffix":"inner"}},"wdio_ui5_key":"applicationmanagesites-display-component---NewSite--addressDetailDetailsLanguage"}]}
RESULT: undefined
COMMAND: POST /session/b41f127b71ced2e69bc7a594aec7d10c/execute/async - {"script":"<script> [776 bytes]","args":[{"enterText":"Romanian","selector":{"id":"application-managesites-display-component---NewSite--addressDetailDetailsLanguage","interaction":{"idSuffix":"inner"}},"clearTextFirst":true,"interactionType":"ENTER_TEXT"}]}
RESULT: {"script":"<script> [776 bytes]","args":[{"enterText":"Romanian","selector":{"id":"application-managesites-display-component---NewSite--addressDetailDetailsLanguage","interaction":{"idSuffix":"inner"}},"clearTextFirst":true,"interactionType":"ENTER_TEXT"}]}
COMMAND: POST /session/b41f127b71ced2e69bc7a594aec7d10c/execute/async - {"script":"<script> [1562 bytes]","args":[{"selector":{"id":"application-managesites-display-component---NewSite--addressDetailDetailsCity1","interaction":{"idSuffix":"inner"}},"wdio_ui5_key":"applicationmanagesites-display-component---NewSite--addressDetailDetailsCity1"}]}
RESULT: {"script":"<script> [1562 bytes]","args":[{"selector":{"id":"application-managesites-display-component---NewSite--addressDetailDetailsCity1","interaction":{"idSuffix":"inner"}},"wdio_ui5_key":"applicationmanagesites-display-component---NewSite--addressDetailDetailsCity1"}]}
RESULT: undefined
COMMAND: POST /session/b41f127b71ced2e69bc7a594aec7d10c/execute/async - {"script":"<script> [776 bytes]","args":[{"enterText":"Bucharest","selector":{"id":"application-managesites-display-component---NewSite--addressDetailDetailsCity1","interaction":{"idSuffix":"inner"}},"clearTextFirst":true,"interactionType":"ENTER_TEXT"}]}
RESULT: {"script":"<script> [776 bytes]","args":[{"enterText":"Bucharest","selector":{"id":"application-managesites-display-component---NewSite--addressDetailDetailsCity1","interaction":{"idSuffix":"inner"}},"clearTextFirst":true,"interactionType":"ENTER_TEXT"}]}
COMMAND: POST /session/b41f127b71ced2e69bc7a594aec7d10c/execute/async - {"script":"<script> [1562 bytes]","args":[{"selector":{"id":"application-managesites-display-component---NewSite--addressDetailDetailsCountry","interaction":{"idSuffix":"inner"}},"wdio_ui5_key":"applicationmanagesites-display-component---NewSite--addressDetailDetailsCountry"}]}
RESULT: {"script":"<script> [1562 bytes]","args":[{"selector":{"id":"application-managesites-display-component---NewSite--addressDetailDetailsCountry","interaction":{"idSuffix":"inner"}},"wdio_ui5_key":"applicationmanagesites-display-component---NewSite--addressDetailDetailsCountry"}]}
RESULT: undefined
COMMAND: POST /session/b41f127b71ced2e69bc7a594aec7d10c/execute/async - {"script":"<script> [776 bytes]","args":[{"enterText":"Romania","selector":{"id":"application-managesites-display-component---NewSite--addressDetailDetailsCountry","interaction":{"idSuffix":"inner"}},"clearTextFirst":true,"interactionType":"ENTER_TEXT"}]}
RESULT: {"script":"<script> [776 bytes]","args":[{"enterText":"Romania","selector":{"id":"application-managesites-display-component---NewSite--addressDetailDetailsCountry","interaction":{"idSuffix":"inner"}},"clearTextFirst":true,"interactionType":"ENTER_TEXT"}]}
COMMAND: POST /session/b41f127b71ced2e69bc7a594aec7d10c/element - {"using":"css selector","value":"#application-managesites-display-component---NewSite--addressDetailDetailsCalendar-inner"}
RESULT: {"using":"css selector","value":"#application-managesites-display-component---NewSite--addressDetailDetailsCalendar-inner"}
COMMAND: POST /session/b41f127b71ced2e69bc7a594aec7d10c/element/f.D13B392FFCFC625696F343F77B76D564.d.BA0FD47E2250D831EDEB6F06DF8FF902.e.2092/clear - {}
RESULT: {}
COMMAND: POST /session/b41f127b71ced2e69bc7a594aec7d10c/element/f.D13B392FFCFC625696F343F77B76D564.d.BA0FD47E2250D831EDEB6F06DF8FF902.e.2092/value - {"text":"Germany"}
COMMAND: GET /session/b41f127b71ced2e69bc7a594aec7d10c/screenshot - {}
RESULT: {"text":"Germany"}
COMMAND: POST /session/b41f127b71ced2e69bc7a594aec7d10c/execute/async - {"script":"<script> [1562 bytes]","args":[{"selector":{"id":"application-managesites-display-component---NewSite--addressEditDetailsCostObjectCstType-arrow"},"wdio_ui5_key":"applicationmanagesites-display-component---NewSite--addressEditDetailsCostObjectCstType-arrow"}]}
COMMAND: GET /session/b41f127b71ced2e69bc7a594aec7d10c/screenshot - {}
RESULT: {}
RESULT: {"script":"<script> [1562 bytes]","args":[{"selector":{"id":"application-managesites-display-component---NewSite--addressEditDetailsCostObjectCstType-arrow"},"wdio_ui5_key":"applicationmanagesites-display-component---NewSite--addressEditDetailsCostObjectCstType-arrow"}]}
RESULT: undefined
COMMAND: POST /session/b41f127b71ced2e69bc7a594aec7d10c/element - {"using":"xpath","value":"//*[@id=\"application-managesites-display-component---NewSite--addressEditDetailsCostObjectCstType-arrow\"]"}
RESULT: {}
RESULT: {"using":"xpath","value":"//*[@id=\"application-managesites-display-component---NewSite--addressEditDetailsCostObjectCstType-arrow\"]"}
COMMAND: POST /session/b41f127b71ced2e69bc7a594aec7d10c/element/f.D13B392FFCFC625696F343F77B76D564.d.BA0FD47E2250D831EDEB6F06DF8FF902.e.2286/click - {}
RESULT: {}
COMMAND: POST /session/b41f127b71ced2e69bc7a594aec7d10c/element - {"using":"xpath","value":"//span[contains(text(), \"Work Breakdown Structure\")]"}
COMMAND: GET /session/b41f127b71ced2e69bc7a594aec7d10c/screenshot - {}
RESULT: {"using":"xpath","value":"//span[contains(text(), \"Work Breakdown Structure\")]"}
COMMAND: POST /session/b41f127b71ced2e69bc7a594aec7d10c/element/f.D13B392FFCFC625696F343F77B76D564.d.BA0FD47E2250D831EDEB6F06DF8FF902.e.2287/click - {}
RESULT: {}
RESULT: {}
COMMAND: GET /session/b41f127b71ced2e69bc7a594aec7d10c/screenshot - {}
RESULT: {}
COMMAND: POST /session/b41f127b71ced2e69bc7a594aec7d10c/execute/async - {"script":"<script> [1562 bytes]","args":[{"selector":{"id":"application-managesites-display-component---NewSite--addressNewCostObjectCstID-vhi"},"wdio_ui5_key":"applicationmanagesites-display-component---NewSite--addressNewCostObjectCstID-vhi"}]}
RESULT: {"script":"<script> [1562 bytes]","args":[{"selector":{"id":"application-managesites-display-component---NewSite--addressNewCostObjectCstID-vhi"},"wdio_ui5_key":"applicationmanagesites-display-component---NewSite--addressNewCostObjectCstID-vhi"}]}
RESULT: undefined
COMMAND: POST /session/b41f127b71ced2e69bc7a594aec7d10c/element - {"using":"xpath","value":"//*[@id=\"application-managesites-display-component---NewSite--addressNewCostObjectCstID-vhi\"]"}
RESULT: {"using":"xpath","value":"//*[@id=\"application-managesites-display-component---NewSite--addressNewCostObjectCstID-vhi\"]"}
COMMAND: POST /session/b41f127b71ced2e69bc7a594aec7d10c/element/f.D13B392FFCFC625696F343F77B76D564.d.BA0FD47E2250D831EDEB6F06DF8FF902.e.2292/click - {}
RESULT: {}
COMMAND: GET /session/b41f127b71ced2e69bc7a594aec7d10c/screenshot - {}
RESULT: {}
COMMAND: POST /session/b41f127b71ced2e69bc7a594aec7d10c/execute/async - {"script":"<script> [1562 bytes]","args":[{"selector":{"controlType":"sap.m.SearchField","properties":{"placeholder":"Search"},"searchOpenDialogs":true,"interaction":{"idSuffix":"I"}},"wdio_ui5_key":"sapm.SearchField{\"placeholder\":\"Search\"}"}]}
RESULT: {"script":"<script> [1562 bytes]","args":[{"selector":{"controlType":"sap.m.SearchField","properties":{"placeholder":"Search"},"searchOpenDialogs":true,"interaction":{"idSuffix":"I"}},"wdio_ui5_key":"sapm.SearchField{\"placeholder\":\"Search\"}"}]}
RESULT: undefined
COMMAND: POST /session/b41f127b71ced2e69bc7a594aec7d10c/execute/async - {"script":"<script> [776 bytes]","args":[{"enterText":"A1-000100-01","selector":{"controlType":"sap.m.SearchField","properties":{"placeholder":"Search"},"searchOpenDialogs":true,"interaction":{"idSuffix":"I"}},"clearTextFirst":true,"interactionType":"ENTER_TEXT"}]}
RESULT: {"script":"<script> [776 bytes]","args":[{"enterText":"A1-000100-01","selector":{"controlType":"sap.m.SearchField","properties":{"placeholder":"Search"},"searchOpenDialogs":true,"interaction":{"idSuffix":"I"}},"clearTextFirst":true,"interactionType":"ENTER_TEXT"}]}
COMMAND: POST /session/b41f127b71ced2e69bc7a594aec7d10c/actions - {"actions":[{"id":"action3","type":"key","parameters":{},"actions":[{"type":"keyDown","value":"î€‡"},{"type":"pause","duration":10},{"type":"keyUp","value":"î€‡"}]}]}
RESULT: {"actions":[{"id":"action3","type":"key","parameters":{},"actions":[{"type":"keyDown","value":"î€‡"},{"type":"pause","duration":10},{"type":"keyUp","value":"î€‡"}]}]}
COMMAND: GET /session/b41f127b71ced2e69bc7a594aec7d10c/screenshot - {}
RESULT: {}
COMMAND: POST /session/b41f127b71ced2e69bc7a594aec7d10c/element - {"using":"xpath","value":"//span[contains(text(), \"Template for ETO-Process\")]"}
RESULT: {"using":"xpath","value":"//span[contains(text(), \"Template for ETO-Process\")]"}
COMMAND: POST /session/b41f127b71ced2e69bc7a594aec7d10c/element/f.D13B392FFCFC625696F343F77B76D564.d.BA0FD47E2250D831EDEB6F06DF8FF902.e.2311/click - {}
RESULT: {}
COMMAND: GET /session/b41f127b71ced2e69bc7a594aec7d10c/screenshot - {}
RESULT: {}
COMMAND: POST /session/b41f127b71ced2e69bc7a594aec7d10c/element - {"using":"xpath","value":"//bdi[contains(text(), \"OK\")]"}
RESULT: {"using":"xpath","value":"//bdi[contains(text(), \"OK\")]"}
COMMAND: POST /session/b41f127b71ced2e69bc7a594aec7d10c/element/f.D13B392FFCFC625696F343F77B76D564.d.BA0FD47E2250D831EDEB6F06DF8FF902.e.2312/click - {}
RESULT: {}
COMMAND: GET /session/b41f127b71ced2e69bc7a594aec7d10c/screenshot - {}
RESULT: {}
COMMAND: POST /session/b41f127b71ced2e69bc7a594aec7d10c/element - {"using":"xpath","value":"//input[@id=\"application-managesites-display-component---NewSite--addressDetailDetailsYard-inner\"]"}
RESULT: {"using":"xpath","value":"//input[@id=\"application-managesites-display-component---NewSite--addressDetailDetailsYard-inner\"]"}
COMMAND: POST /session/b41f127b71ced2e69bc7a594aec7d10c/element/f.D13B392FFCFC625696F343F77B76D564.d.BA0FD47E2250D831EDEB6F06DF8FF902.e.2093/value - {"text":"503"}
RESULT: {"text":"503"}
COMMAND: GET /session/b41f127b71ced2e69bc7a594aec7d10c/screenshot - {}
RESULT: {}
COMMAND: POST /session/b41f127b71ced2e69bc7a594aec7d10c/actions - {"actions":[{"id":"action4","type":"key","parameters":{},"actions":[{"type":"keyDown","value":"î€‡"},{"type":"pause","duration":10},{"type":"keyUp","value":"î€‡"}]}]}
RESULT: {"actions":[{"id":"action4","type":"key","parameters":{},"actions":[{"type":"keyDown","value":"î€‡"},{"type":"pause","duration":10},{"type":"keyUp","value":"î€‡"}]}]}
COMMAND: GET /session/b41f127b71ced2e69bc7a594aec7d10c/screenshot - {}
RESULT: {}
COMMAND: POST /session/b41f127b71ced2e69bc7a594aec7d10c/element - {"using":"xpath","value":"//input[@id=\"application-managesites-display-component---NewSite--addressDetailDetailsPartner-inner\"]"}
RESULT: {"using":"xpath","value":"//input[@id=\"application-managesites-display-component---NewSite--addressDetailDetailsPartner-inner\"]"}
COMMAND: POST /session/b41f127b71ced2e69bc7a594aec7d10c/elements - {"using":"xpath","value":"//input[@id=\"application-managesites-display-component---NewSite--addressDetailDetailsPartner-inner\"]"}
RESULT: {"using":"xpath","value":"//input[@id=\"application-managesites-display-component---NewSite--addressDetailDetailsPartner-inner\"]"}
COMMAND: POST /session/b41f127b71ced2e69bc7a594aec7d10c/execute/async - {"script":"<script> [1562 bytes]","args":[{"selector":{"controlType":"sap.m.Button","viewName":"etm.portal.ui.managesites.view.NewSmartSite","viewId":"application-managesites-display-component---NewSite","properties":{"text":"Commercial"},"interaction":{"idSuffix":"BDI-content"}},"wdio_ui5_key":"etmportal.ui.managesites.view.NewSmartSitesap.m.Button{\"text\":\"Commercial\"}"}]}
RESULT: {"script":"<script> [1562 bytes]","args":[{"selector":{"controlType":"sap.m.Button","viewName":"etm.portal.ui.managesites.view.NewSmartSite","viewId":"application-managesites-display-component---NewSite","properties":{"text":"Commercial"},"interaction":{"idSuffix":"BDI-content"}},"wdio_ui5_key":"etmportal.ui.managesites.view.NewSmartSitesap.m.Button{\"text\":\"Commercial\"}"}]}
RESULT: undefined
COMMAND: POST /session/b41f127b71ced2e69bc7a594aec7d10c/element - {"using":"xpath","value":"//*[@id=\"application-managesites-display-component---NewSite--ObjectPageLayout-anchBar-__section31-anchor\"]"}
RESULT: {"using":"xpath","value":"//*[@id=\"application-managesites-display-component---NewSite--ObjectPageLayout-anchBar-__section31-anchor\"]"}
COMMAND: POST /session/b41f127b71ced2e69bc7a594aec7d10c/element/f.D13B392FFCFC625696F343F77B76D564.d.BA0FD47E2250D831EDEB6F06DF8FF902.e.2319/click - {}
RESULT: {}
COMMAND: POST /session/b41f127b71ced2e69bc7a594aec7d10c/execute/async - {"script":"<script> [1562 bytes]","args":[{"selector":{"controlType":"sap.m.Button","viewName":"etm.portal.ui.managesites.view.NewSmartSite","viewId":"application-managesites-display-component---NewSite","i18NText":{"propertyName":"text","key":"save"},"interaction":{"idSuffix":"BDI-content"}},"wdio_ui5_key":"etmportal.ui.managesites.view.NewSmartSitesap.m.Button{\"propertyName\":\"text\",\"key\":\"save\"}"}]}
COMMAND: GET /session/b41f127b71ced2e69bc7a594aec7d10c/screenshot - {}
RESULT: {"script":"<script> [1562 bytes]","args":[{"selector":{"controlType":"sap.m.Button","viewName":"etm.portal.ui.managesites.view.NewSmartSite","viewId":"application-managesites-display-component---NewSite","i18NText":{"propertyName":"text","key":"save"},"interaction":{"idSuffix":"BDI-content"}},"wdio_ui5_key":"etmportal.ui.managesites.view.NewSmartSitesap.m.Button{\"propertyName\":\"text\",\"key\":\"save\"}"}]}
RESULT: undefined
COMMAND: POST /session/b41f127b71ced2e69bc7a594aec7d10c/element - {"using":"xpath","value":"//*[@id=\"__button64\"]"}
RESULT: {}
RESULT: {"using":"xpath","value":"//*[@id=\"__button64\"]"}
COMMAND: POST /session/b41f127b71ced2e69bc7a594aec7d10c/element/f.D13B392FFCFC625696F343F77B76D564.d.BA0FD47E2250D831EDEB6F06DF8FF902.e.2274/click - {}
RESULT: {}
COMMAND: GET /session/b41f127b71ced2e69bc7a594aec7d10c/screenshot - {}
RESULT: {}
COMMAND: POST /session/b41f127b71ced2e69bc7a594aec7d10c/execute/async - {"script":"<script> [1562 bytes]","args":[{"selector":{"id":"application-managesites-display-component---detailSite--addressDetailDetailsYardText"},"wdio_ui5_key":"applicationmanagesites-display-component---detailSite--addressDetailDetailsYardText"}]}
RESULT: {"script":"<script> [1562 bytes]","args":[{"selector":{"id":"application-managesites-display-component---detailSite--addressDetailDetailsYardText"},"wdio_ui5_key":"applicationmanagesites-display-component---detailSite--addressDetailDetailsYardText"}]}
RESULT: undefined
COMMAND: POST /session/b41f127b71ced2e69bc7a594aec7d10c/element - {"using":"xpath","value":"//header/div/div[2]/div[2]/span"}
RESULT: {"using":"xpath","value":"//header/div/div[2]/div[2]/span"}
COMMAND: GET /session/b41f127b71ced2e69bc7a594aec7d10c/element/f.D13B392FFCFC625696F343F77B76D564.d.BA0FD47E2250D831EDEB6F06DF8FF902.e.2520/text - {}
RESULT: {}
COMMAND: POST /session/b41f127b71ced2e69bc7a594aec7d10c/element - {"using":"xpath","value":"//header/div/div/div/div/div/div[2]/div/span"}
RESULT: {"using":"xpath","value":"//header/div/div/div/div/div/div[2]/div/span"}
COMMAND: GET /session/b41f127b71ced2e69bc7a594aec7d10c/element/f.D13B392FFCFC625696F343F77B76D564.d.BA0FD47E2250D831EDEB6F06DF8FF902.e.2521/text - {}
RESULT: {}
COMMAND: POST /session/b41f127b71ced2e69bc7a594aec7d10c/element - {"using":"css selector","value":"#shell-header-logo"}
RESULT: {"using":"css selector","value":"#shell-header-logo"}
COMMAND: POST /session/b41f127b71ced2e69bc7a594aec7d10c/element/f.D13B392FFCFC625696F343F77B76D564.d.BA0FD47E2250D831EDEB6F06DF8FF902.e.1856/click - {}
RESULT: {}
COMMAND: GET /session/b41f127b71ced2e69bc7a594aec7d10c/screenshot - {}
RESULT: {}
]]></system-out>
    </testcase>
    <testcase classname="chrome.135_0_7049_96.windows.Manage_Requests_Tags_Tests_US120163" name="Should Create New Request Tags" time="225.661">
      <system-out><![CDATA[
COMMAND: POST /session/b41f127b71ced2e69bc7a594aec7d10c/execute/async - {"script":"<script> [1562 bytes]","args":[{"selector":{"controlType":"sap.m.GenericTile","properties":{"header":"Manage Requests"}},"wdio_ui5_key":"sapm.GenericTile{\"header\":\"Manage Requests\"}"}]}
RESULT: {"script":"<script> [1562 bytes]","args":[{"selector":{"controlType":"sap.m.GenericTile","properties":{"header":"Manage Requests"}},"wdio_ui5_key":"sapm.GenericTile{\"header\":\"Manage Requests\"}"}]}
RESULT: undefined
COMMAND: POST /session/b41f127b71ced2e69bc7a594aec7d10c/element - {"using":"xpath","value":"//*[@id=\"__tile47\"]"}
RESULT: {"using":"xpath","value":"//*[@id=\"__tile47\"]"}
COMMAND: POST /session/b41f127b71ced2e69bc7a594aec7d10c/element/f.D13B392FFCFC625696F343F77B76D564.d.BA0FD47E2250D831EDEB6F06DF8FF902.e.2523/click - {}
RESULT: {}
COMMAND: GET /session/b41f127b71ced2e69bc7a594aec7d10c/screenshot - {}
RESULT: {}
COMMAND: POST /session/b41f127b71ced2e69bc7a594aec7d10c/element - {"using":"xpath","value":"//button[contains(@data-kt ,\"btnCreateNewOverflowToolbarButton\")]"}
COMMAND: POST /session/b41f127b71ced2e69bc7a594aec7d10c/element - {"using":"xpath","value":"(//span[contains(@class ,\"sapMObjStatusText\")])[1]"}
RESULT: {"using":"xpath","value":"//button[contains(@data-kt ,\"btnCreateNewOverflowToolbarButton\")]"}
COMMAND: POST /session/b41f127b71ced2e69bc7a594aec7d10c/elements - {"using":"xpath","value":"//button[contains(@data-kt ,\"btnCreateNewOverflowToolbarButton\")]"}
RESULT: {"using":"xpath","value":"(//span[contains(@class ,\"sapMObjStatusText\")])[1]"}
COMMAND: POST /session/b41f127b71ced2e69bc7a594aec7d10c/element - {"using":"xpath","value":"(//span[contains(@class ,\"sapMObjStatusText\")])[1]"}
RESULT: {"using":"xpath","value":"//button[contains(@data-kt ,\"btnCreateNewOverflowToolbarButton\")]"}
RESULT: {"using":"xpath","value":"(//span[contains(@class ,\"sapMObjStatusText\")])[1]"}
COMMAND: POST /session/b41f127b71ced2e69bc7a594aec7d10c/elements - {"using":"xpath","value":"//button[contains(@data-kt ,\"btnCreateNewOverflowToolbarButton\")]"}
COMMAND: POST /session/b41f127b71ced2e69bc7a594aec7d10c/element - {"using":"xpath","value":"(//span[contains(@class ,\"sapMObjStatusText\")])[1]"}
RESULT: {"using":"xpath","value":"//button[contains(@data-kt ,\"btnCreateNewOverflowToolbarButton\")]"}
COMMAND: POST /session/b41f127b71ced2e69bc7a594aec7d10c/element - {"using":"xpath","value":"//button[contains(@data-kt ,\"btnCreateNewOverflowToolbarButton\")]"}
RESULT: {"using":"xpath","value":"(//span[contains(@class ,\"sapMObjStatusText\")])[1]"}
COMMAND: POST /session/b41f127b71ced2e69bc7a594aec7d10c/execute/sync - {"script":"<script> [8489 bytes]","args":[{"element-6066-11e4-a52e-4f735466cecf":"f.D13B392FFCFC625696F343F77B76D564.d.BA0FD47E2250D831EDEB6F06DF8FF902.e.2616","ELEMENT":"f.D13B392FFCFC625696F343F77B76D564.d.BA0FD47E2250D831EDEB6F06DF8FF902.e.2616"}]}
RESULT: {"using":"xpath","value":"//button[contains(@data-kt ,\"btnCreateNewOverflowToolbarButton\")]"}
COMMAND: POST /session/b41f127b71ced2e69bc7a594aec7d10c/element/f.D13B392FFCFC625696F343F77B76D564.d.BA0FD47E2250D831EDEB6F06DF8FF902.e.2581/click - {}
RESULT: {"script":"<script> [8489 bytes]","args":[{"element-6066-11e4-a52e-4f735466cecf":"f.D13B392FFCFC625696F343F77B76D564.d.BA0FD47E2250D831EDEB6F06DF8FF902.e.2616","ELEMENT":"f.D13B392FFCFC625696F343F77B76D564.d.BA0FD47E2250D831EDEB6F06DF8FF902.e.2616"}]}
COMMAND: GET /session/b41f127b71ced2e69bc7a594aec7d10c/screenshot - {}
RESULT: {}
COMMAND: GET /session/b41f127b71ced2e69bc7a594aec7d10c/screenshot - {}
RESULT: {}
RESULT: {}
COMMAND: POST /session/b41f127b71ced2e69bc7a594aec7d10c/element - {"using":"xpath","value":"//input[contains(@id ,\"yardId-inner\")]"}
RESULT: {"using":"xpath","value":"//input[contains(@id ,\"yardId-inner\")]"}
COMMAND: POST /session/b41f127b71ced2e69bc7a594aec7d10c/execute/sync - {"script":"<script> [8489 bytes]","args":[{"element-6066-11e4-a52e-4f735466cecf":"f.D13B392FFCFC625696F343F77B76D564.d.BA0FD47E2250D831EDEB6F06DF8FF902.e.2832","ELEMENT":"f.D13B392FFCFC625696F343F77B76D564.d.BA0FD47E2250D831EDEB6F06DF8FF902.e.2832"}]}
RESULT: {"script":"<script> [8489 bytes]","args":[{"element-6066-11e4-a52e-4f735466cecf":"f.D13B392FFCFC625696F343F77B76D564.d.BA0FD47E2250D831EDEB6F06DF8FF902.e.2832","ELEMENT":"f.D13B392FFCFC625696F343F77B76D564.d.BA0FD47E2250D831EDEB6F06DF8FF902.e.2832"}]}
COMMAND: POST /session/b41f127b71ced2e69bc7a594aec7d10c/element - {"using":"xpath","value":"//input[contains(@id ,\"yardId-inner\")]"}
COMMAND: GET /session/b41f127b71ced2e69bc7a594aec7d10c/screenshot - {}
RESULT: {"using":"xpath","value":"//input[contains(@id ,\"yardId-inner\")]"}
COMMAND: GET /session/b41f127b71ced2e69bc7a594aec7d10c/element/f.D13B392FFCFC625696F343F77B76D564.d.BA0FD47E2250D831EDEB6F06DF8FF902.e.2832/enabled - {}
RESULT: {}
RESULT: {}
COMMAND: POST /session/b41f127b71ced2e69bc7a594aec7d10c/element/f.D13B392FFCFC625696F343F77B76D564.d.BA0FD47E2250D831EDEB6F06DF8FF902.e.2832/clear - {}
COMMAND: GET /session/b41f127b71ced2e69bc7a594aec7d10c/screenshot - {}
RESULT: {}
COMMAND: POST /session/b41f127b71ced2e69bc7a594aec7d10c/element/f.D13B392FFCFC625696F343F77B76D564.d.BA0FD47E2250D831EDEB6F06DF8FF902.e.2832/value - {"text":"WebdriverYardt3rf2"}
COMMAND: GET /session/b41f127b71ced2e69bc7a594aec7d10c/screenshot - {}
RESULT: {}
RESULT: {"text":"WebdriverYardt3rf2"}
COMMAND: GET /session/b41f127b71ced2e69bc7a594aec7d10c/screenshot - {}
RESULT: {}
RESULT: {}
COMMAND: POST /session/b41f127b71ced2e69bc7a594aec7d10c/element - {"using":"xpath","value":"//input[contains(@id ,\"customerNumber-inner\")]"}
RESULT: {"using":"xpath","value":"//input[contains(@id ,\"customerNumber-inner\")]"}
COMMAND: POST /session/b41f127b71ced2e69bc7a594aec7d10c/element/f.D13B392FFCFC625696F343F77B76D564.d.BA0FD47E2250D831EDEB6F06DF8FF902.e.2826/value - {"text":"WebdriverPartneran3aa"}
COMMAND: POST /session/b41f127b71ced2e69bc7a594aec7d10c/actions - {"actions":[{"id":"action5","type":"key","parameters":{},"actions":[{"type":"keyDown","value":"î€‡"},{"type":"pause","duration":10},{"type":"keyUp","value":"î€‡"}]}]}
RESULT: {"text":"WebdriverPartneran3aa"}
COMMAND: GET /session/b41f127b71ced2e69bc7a594aec7d10c/screenshot - {}
RESULT: {"actions":[{"id":"action5","type":"key","parameters":{},"actions":[{"type":"keyDown","value":"î€‡"},{"type":"pause","duration":10},{"type":"keyUp","value":"î€‡"}]}]}
COMMAND: GET /session/b41f127b71ced2e69bc7a594aec7d10c/screenshot - {}
RESULT: {}
RESULT: {}
COMMAND: POST /session/b41f127b71ced2e69bc7a594aec7d10c/element/f.D13B392FFCFC625696F343F77B76D564.d.BA0FD47E2250D831EDEB6F06DF8FF902.e.2832/clear - {}
RESULT: {}
COMMAND: POST /session/b41f127b71ced2e69bc7a594aec7d10c/element/f.D13B392FFCFC625696F343F77B76D564.d.BA0FD47E2250D831EDEB6F06DF8FF902.e.2832/clear - {}
COMMAND: GET /session/b41f127b71ced2e69bc7a594aec7d10c/screenshot - {}
RESULT: {}
COMMAND: POST /session/b41f127b71ced2e69bc7a594aec7d10c/element/f.D13B392FFCFC625696F343F77B76D564.d.BA0FD47E2250D831EDEB6F06DF8FF902.e.2832/value - {"text":"WebdriverYardt3rf2"}
COMMAND: GET /session/b41f127b71ced2e69bc7a594aec7d10c/screenshot - {}
RESULT: {}
COMMAND: POST /session/b41f127b71ced2e69bc7a594aec7d10c/actions - {"actions":[{"id":"action6","type":"key","parameters":{},"actions":[{"type":"keyDown","value":"î€‡"},{"type":"pause","duration":10},{"type":"keyUp","value":"î€‡"}]}]}
RESULT: {"text":"WebdriverYardt3rf2"}
COMMAND: GET /session/b41f127b71ced2e69bc7a594aec7d10c/screenshot - {}
RESULT: {}
RESULT: {"actions":[{"id":"action6","type":"key","parameters":{},"actions":[{"type":"keyDown","value":"î€‡"},{"type":"pause","duration":10},{"type":"keyUp","value":"î€‡"}]}]}
COMMAND: GET /session/b41f127b71ced2e69bc7a594aec7d10c/screenshot - {}
RESULT: {}
RESULT: {}
COMMAND: GET /session/b41f127b71ced2e69bc7a594aec7d10c/element/f.D13B392FFCFC625696F343F77B76D564.d.BA0FD47E2250D831EDEB6F06DF8FF902.e.2826/property/value - {}
RESULT: {}
COMMAND: GET /session/b41f127b71ced2e69bc7a594aec7d10c/screenshot - {}
RESULT: {}
COMMAND: POST /session/b41f127b71ced2e69bc7a594aec7d10c/actions - {"actions":[{"id":"action7","type":"key","parameters":{},"actions":[{"type":"keyDown","value":"î€‡"},{"type":"pause","duration":10},{"type":"keyUp","value":"î€‡"}]}]}
RESULT: {"actions":[{"id":"action7","type":"key","parameters":{},"actions":[{"type":"keyDown","value":"î€‡"},{"type":"pause","duration":10},{"type":"keyUp","value":"î€‡"}]}]}
COMMAND: GET /session/b41f127b71ced2e69bc7a594aec7d10c/screenshot - {}
RESULT: {}
COMMAND: POST /session/b41f127b71ced2e69bc7a594aec7d10c/element - {"using":"xpath","value":"//input[contains(@id ,\"requestSiteId-inner\")]"}
RESULT: {"using":"xpath","value":"//input[contains(@id ,\"requestSiteId-inner\")]"}
COMMAND: POST /session/b41f127b71ced2e69bc7a594aec7d10c/element/f.D13B392FFCFC625696F343F77B76D564.d.BA0FD47E2250D831EDEB6F06DF8FF902.e.2825/value - {"text":"WebdriverSitekjeun"}
RESULT: {"text":"WebdriverSitekjeun"}
COMMAND: GET /session/b41f127b71ced2e69bc7a594aec7d10c/screenshot - {}
RESULT: {}
COMMAND: POST /session/b41f127b71ced2e69bc7a594aec7d10c/actions - {"actions":[{"id":"action8","type":"key","parameters":{},"actions":[{"type":"keyDown","value":"î€‡"},{"type":"pause","duration":10},{"type":"keyUp","value":"î€‡"}]}]}
RESULT: {"actions":[{"id":"action8","type":"key","parameters":{},"actions":[{"type":"keyDown","value":"î€‡"},{"type":"pause","duration":10},{"type":"keyUp","value":"î€‡"}]}]}
COMMAND: GET /session/b41f127b71ced2e69bc7a594aec7d10c/screenshot - {}
RESULT: {}
COMMAND: POST /session/b41f127b71ced2e69bc7a594aec7d10c/execute/async - {"script":"<script> [1562 bytes]","args":[{"selector":{"controlType":"sap.m.Input","viewName":"etm.portal.ui.managerequests.view.NewRequest","bindingPath":{"path":"","propertyPath":"/DESCRIPTION","modelName":"oNewRequestModel"},"interaction":{"idSuffix":"inner"}},"wdio_ui5_key":"etmportal.ui.managerequests.view.NewRequestsap.m.Input{\"path\":\"\",\"propertyPath\":\"/DESCRIPTION\",\"modelName\":\"oNewRequestModel\"}"}]}
RESULT: {"script":"<script> [1562 bytes]","args":[{"selector":{"controlType":"sap.m.Input","viewName":"etm.portal.ui.managerequests.view.NewRequest","bindingPath":{"path":"","propertyPath":"/DESCRIPTION","modelName":"oNewRequestModel"},"interaction":{"idSuffix":"inner"}},"wdio_ui5_key":"etmportal.ui.managerequests.view.NewRequestsap.m.Input{\"path\":\"\",\"propertyPath\":\"/DESCRIPTION\",\"modelName\":\"oNewRequestModel\"}"}]}
RESULT: undefined
COMMAND: POST /session/b41f127b71ced2e69bc7a594aec7d10c/execute/async - {"script":"<script> [776 bytes]","args":[{"enterText":"Wdi5 Tags Test","selector":{"controlType":"sap.m.Input","viewName":"etm.portal.ui.managerequests.view.NewRequest","bindingPath":{"path":"","propertyPath":"/DESCRIPTION","modelName":"oNewRequestModel"},"interaction":{"idSuffix":"inner"}},"clearTextFirst":true,"interactionType":"ENTER_TEXT"}]}
RESULT: {"script":"<script> [776 bytes]","args":[{"enterText":"Wdi5 Tags Test","selector":{"controlType":"sap.m.Input","viewName":"etm.portal.ui.managerequests.view.NewRequest","bindingPath":{"path":"","propertyPath":"/DESCRIPTION","modelName":"oNewRequestModel"},"interaction":{"idSuffix":"inner"}},"clearTextFirst":true,"interactionType":"ENTER_TEXT"}]}
COMMAND: POST /session/b41f127b71ced2e69bc7a594aec7d10c/execute/async - {"script":"<script> [1562 bytes]","args":[{"selector":{"id":"tagInputAdd","viewName":"etm.portal.ui.managerequests.view.NewRequest","interaction":{"idSuffix":"inner"}},"wdio_ui5_key":"tagInputAddetmportal.ui.managerequests.view.NewRequest"}]}
RESULT: {"script":"<script> [1562 bytes]","args":[{"selector":{"id":"tagInputAdd","viewName":"etm.portal.ui.managerequests.view.NewRequest","interaction":{"idSuffix":"inner"}},"wdio_ui5_key":"tagInputAddetmportal.ui.managerequests.view.NewRequest"}]}
RESULT: undefined
COMMAND: POST /session/b41f127b71ced2e69bc7a594aec7d10c/execute/async - {"script":"<script> [776 bytes]","args":[{"enterText":"RefTag","selector":{"id":"tagInputAdd","viewName":"etm.portal.ui.managerequests.view.NewRequest","interaction":{"idSuffix":"inner"}},"clearTextFirst":true,"interactionType":"ENTER_TEXT"}]}
RESULT: {"script":"<script> [776 bytes]","args":[{"enterText":"RefTag","selector":{"id":"tagInputAdd","viewName":"etm.portal.ui.managerequests.view.NewRequest","interaction":{"idSuffix":"inner"}},"clearTextFirst":true,"interactionType":"ENTER_TEXT"}]}
COMMAND: POST /session/b41f127b71ced2e69bc7a594aec7d10c/actions - {"actions":[{"id":"action9","type":"key","parameters":{},"actions":[{"type":"keyDown","value":"î€‡"},{"type":"pause","duration":10},{"type":"keyUp","value":"î€‡"}]}]}
RESULT: {"actions":[{"id":"action9","type":"key","parameters":{},"actions":[{"type":"keyDown","value":"î€‡"},{"type":"pause","duration":10},{"type":"keyUp","value":"î€‡"}]}]}
COMMAND: GET /session/b41f127b71ced2e69bc7a594aec7d10c/screenshot - {}
RESULT: {}
RESULT: undefined
COMMAND: POST /session/b41f127b71ced2e69bc7a594aec7d10c/execute/async - {"script":"<script> [776 bytes]","args":[{"enterText":"tag-header","selector":{"id":"tagInputAdd","viewName":"etm.portal.ui.managerequests.view.NewRequest","interaction":{"idSuffix":"inner"}},"clearTextFirst":true,"interactionType":"ENTER_TEXT"}]}
RESULT: {"script":"<script> [776 bytes]","args":[{"enterText":"tag-header","selector":{"id":"tagInputAdd","viewName":"etm.portal.ui.managerequests.view.NewRequest","interaction":{"idSuffix":"inner"}},"clearTextFirst":true,"interactionType":"ENTER_TEXT"}]}
COMMAND: POST /session/b41f127b71ced2e69bc7a594aec7d10c/actions - {"actions":[{"id":"action10","type":"key","parameters":{},"actions":[{"type":"keyDown","value":"î€‡"},{"type":"pause","duration":10},{"type":"keyUp","value":"î€‡"}]}]}
RESULT: {"actions":[{"id":"action10","type":"key","parameters":{},"actions":[{"type":"keyDown","value":"î€‡"},{"type":"pause","duration":10},{"type":"keyUp","value":"î€‡"}]}]}
COMMAND: GET /session/b41f127b71ced2e69bc7a594aec7d10c/screenshot - {}
RESULT: {}
RESULT: undefined
COMMAND: POST /session/b41f127b71ced2e69bc7a594aec7d10c/execute/async - {"script":"<script> [776 bytes]","args":[{"enterText":"tag-duplicate","selector":{"id":"tagInputAdd","viewName":"etm.portal.ui.managerequests.view.NewRequest","interaction":{"idSuffix":"inner"}},"clearTextFirst":true,"interactionType":"ENTER_TEXT"}]}
RESULT: {"script":"<script> [776 bytes]","args":[{"enterText":"tag-duplicate","selector":{"id":"tagInputAdd","viewName":"etm.portal.ui.managerequests.view.NewRequest","interaction":{"idSuffix":"inner"}},"clearTextFirst":true,"interactionType":"ENTER_TEXT"}]}
COMMAND: POST /session/b41f127b71ced2e69bc7a594aec7d10c/actions - {"actions":[{"id":"action11","type":"key","parameters":{},"actions":[{"type":"keyDown","value":"î€‡"},{"type":"pause","duration":10},{"type":"keyUp","value":"î€‡"}]}]}
RESULT: {"actions":[{"id":"action11","type":"key","parameters":{},"actions":[{"type":"keyDown","value":"î€‡"},{"type":"pause","duration":10},{"type":"keyUp","value":"î€‡"}]}]}
COMMAND: GET /session/b41f127b71ced2e69bc7a594aec7d10c/screenshot - {}
RESULT: {}
COMMAND: POST /session/b41f127b71ced2e69bc7a594aec7d10c/execute/async - {"script":"<script> [1562 bytes]","args":[{"selector":{"id":"tagsLayoutAdd","viewName":"etm.portal.ui.managerequests.view.NewRequest"},"wdio_ui5_key":"tagsLayoutAddetmportal.ui.managerequests.view.NewRequest"}]}
RESULT: {"script":"<script> [1562 bytes]","args":[{"selector":{"id":"tagsLayoutAdd","viewName":"etm.portal.ui.managerequests.view.NewRequest"},"wdio_ui5_key":"tagsLayoutAddetmportal.ui.managerequests.view.NewRequest"}]}
RESULT: undefined
COMMAND: POST /session/b41f127b71ced2e69bc7a594aec7d10c/execute/async - {"script":"<script> [6424 bytes]","args":[{"element-6066-11e4-a52e-4f735466cecf":"f.D13B392FFCFC625696F343F77B76D564.d.BA0FD47E2250D831EDEB6F06DF8FF902.e.2949"},"getTokens",[]]}
RESULT: {"script":"<script> [6424 bytes]","args":[{"element-6066-11e4-a52e-4f735466cecf":"f.D13B392FFCFC625696F343F77B76D564.d.BA0FD47E2250D831EDEB6F06DF8FF902.e.2949"},"getTokens",[]]}
COMMAND: POST /session/b41f127b71ced2e69bc7a594aec7d10c/execute/async - {"script":"<script> [1562 bytes]","args":[{"wdio_ui5_key":"__token9","selector":{"id":"__token9"}}]}
COMMAND: POST /session/b41f127b71ced2e69bc7a594aec7d10c/execute/async - {"script":"<script> [1562 bytes]","args":[{"wdio_ui5_key":"__token10","selector":{"id":"__token10"}}]}
COMMAND: POST /session/b41f127b71ced2e69bc7a594aec7d10c/execute/async - {"script":"<script> [1562 bytes]","args":[{"wdio_ui5_key":"__token8","selector":{"id":"__token8"}}]}
RESULT: {"script":"<script> [1562 bytes]","args":[{"wdio_ui5_key":"__token9","selector":{"id":"__token9"}}]}
RESULT: undefined
RESULT: {"script":"<script> [1562 bytes]","args":[{"wdio_ui5_key":"__token10","selector":{"id":"__token10"}}]}
RESULT: undefined
RESULT: {"script":"<script> [1562 bytes]","args":[{"wdio_ui5_key":"__token8","selector":{"id":"__token8"}}]}
RESULT: undefined
COMMAND: POST /session/b41f127b71ced2e69bc7a594aec7d10c/execute/async - {"script":"<script> [1562 bytes]","args":[{"selector":{"controlType":"sap.ui.core.Icon","viewName":"etm.portal.ui.managerequests.view.NewRequest","properties":{"src":{"regex":{"source":"decline"}}},"ancestor":{"controlType":"sap.m.Token","viewName":"etm.portal.ui.managerequests.view.NewRequest","properties":{"text":"tag-duplicate"}}},"wdio_ui5_key":"etmportal.ui.managerequests.view.NewRequestsap.ui.core.Icon{\"src\":{\"regex\":{\"source\":\"decline\"}}}{\"controlType\":\"sap.m.Token\",\"viewName\":\"etm.portal.ui.managerequests.view.NewRequest\",\"properties\":{\"text\":\"tag-duplicate\"}}"}]}
RESULT: {"script":"<script> [1562 bytes]","args":[{"selector":{"controlType":"sap.ui.core.Icon","viewName":"etm.portal.ui.managerequests.view.NewRequest","properties":{"src":{"regex":{"source":"decline"}}},"ancestor":{"controlType":"sap.m.Token","viewName":"etm.portal.ui.managerequests.view.NewRequest","properties":{"text":"tag-duplicate"}}},"wdio_ui5_key":"etmportal.ui.managerequests.view.NewRequestsap.ui.core.Icon{\"src\":{\"regex\":{\"source\":\"decline\"}}}{\"controlType\":\"sap.m.Token\",\"viewName\":\"etm.portal.ui.managerequests.view.NewRequest\",\"properties\":{\"text\":\"tag-duplicate\"}}"}]}
RESULT: undefined
COMMAND: POST /session/b41f127b71ced2e69bc7a594aec7d10c/element - {"using":"xpath","value":"//*[@id=\"__token10-icon\"]"}
RESULT: {"using":"xpath","value":"//*[@id=\"__token10-icon\"]"}
COMMAND: POST /session/b41f127b71ced2e69bc7a594aec7d10c/element/f.D13B392FFCFC625696F343F77B76D564.d.BA0FD47E2250D831EDEB6F06DF8FF902.e.2972/click - {}
RESULT: {}
COMMAND: POST /session/b41f127b71ced2e69bc7a594aec7d10c/execute/async - {"script":"<script> [1562 bytes]","args":[{"selector":{"controlType":"sap.ui.core.Icon","viewName":"etm.portal.ui.managerequests.view.NewRequest","properties":{"src":{"regex":{"source":"decline"}}},"ancestor":{"controlType":"sap.m.Token","viewName":"etm.portal.ui.managerequests.view.NewRequest","properties":{"text":"tag1"}}},"wdio_ui5_key":"etmportal.ui.managerequests.view.NewRequestsap.ui.core.Icon{\"src\":{\"regex\":{\"source\":\"decline\"}}}{\"controlType\":\"sap.m.Token\",\"viewName\":\"etm.portal.ui.managerequests.view.NewRequest\",\"properties\":{\"text\":\"tag1\"}}"}]}
COMMAND: GET /session/b41f127b71ced2e69bc7a594aec7d10c/screenshot - {}
RESULT: {"script":"<script> [1562 bytes]","args":[{"selector":{"controlType":"sap.ui.core.Icon","viewName":"etm.portal.ui.managerequests.view.NewRequest","properties":{"src":{"regex":{"source":"decline"}}},"ancestor":{"controlType":"sap.m.Token","viewName":"etm.portal.ui.managerequests.view.NewRequest","properties":{"text":"tag1"}}},"wdio_ui5_key":"etmportal.ui.managerequests.view.NewRequestsap.ui.core.Icon{\"src\":{\"regex\":{\"source\":\"decline\"}}}{\"controlType\":\"sap.m.Token\",\"viewName\":\"etm.portal.ui.managerequests.view.NewRequest\",\"properties\":{\"text\":\"tag1\"}}"}]}
RESULT: undefined
RESULT: {}
COMMAND: POST /session/b41f127b71ced2e69bc7a594aec7d10c/actions - {"actions":[{"id":"action12","type":"key","parameters":{},"actions":[{"type":"keyDown","value":"î€Œ"},{"type":"pause","duration":10},{"type":"keyUp","value":"î€Œ"}]}]}
RESULT: {"actions":[{"id":"action12","type":"key","parameters":{},"actions":[{"type":"keyDown","value":"î€Œ"},{"type":"pause","duration":10},{"type":"keyUp","value":"î€Œ"}]}]}
COMMAND: GET /session/b41f127b71ced2e69bc7a594aec7d10c/screenshot - {}
RESULT: {}
RESULT: undefined
COMMAND: POST /session/b41f127b71ced2e69bc7a594aec7d10c/execute/async - {"script":"<script> [6424 bytes]","args":[{"element-6066-11e4-a52e-4f735466cecf":"f.D13B392FFCFC625696F343F77B76D564.d.BA0FD47E2250D831EDEB6F06DF8FF902.e.2949"},"getTokens",[]]}
RESULT: {"script":"<script> [6424 bytes]","args":[{"element-6066-11e4-a52e-4f735466cecf":"f.D13B392FFCFC625696F343F77B76D564.d.BA0FD47E2250D831EDEB6F06DF8FF902.e.2949"},"getTokens",[]]}
RESULT: undefined
RESULT: undefined
COMMAND: POST /session/b41f127b71ced2e69bc7a594aec7d10c/execute/async - {"script":"<script> [1562 bytes]","args":[{"selector":{"controlType":"sap.m.Button","viewName":"etm.portal.ui.managerequests.view.NewRequest","properties":{"text":"Items"},"interaction":{"idSuffix":"BDI-content"}},"wdio_ui5_key":"etmportal.ui.managerequests.view.NewRequestsap.m.Button{\"text\":\"Items\"}"}]}
RESULT: {"script":"<script> [1562 bytes]","args":[{"selector":{"controlType":"sap.m.Button","viewName":"etm.portal.ui.managerequests.view.NewRequest","properties":{"text":"Items"},"interaction":{"idSuffix":"BDI-content"}},"wdio_ui5_key":"etmportal.ui.managerequests.view.NewRequestsap.m.Button{\"text\":\"Items\"}"}]}
RESULT: undefined
COMMAND: POST /session/b41f127b71ced2e69bc7a594aec7d10c/element - {"using":"xpath","value":"//*[@id=\"__xmlview59--newRequestPage-anchBar-__xmlview59--requestItemsSection-anchor\"]"}
RESULT: {"using":"xpath","value":"//*[@id=\"__xmlview59--newRequestPage-anchBar-__xmlview59--requestItemsSection-anchor\"]"}
COMMAND: POST /session/b41f127b71ced2e69bc7a594aec7d10c/element/f.D13B392FFCFC625696F343F77B76D564.d.BA0FD47E2250D831EDEB6F06DF8FF902.e.2979/click - {}
RESULT: {}
COMMAND: GET /session/b41f127b71ced2e69bc7a594aec7d10c/screenshot - {}
RESULT: {}
COMMAND: POST /session/b41f127b71ced2e69bc7a594aec7d10c/execute/async - {"script":"<script> [1562 bytes]","args":[{"selector":{"controlType":"sap.ui.core.Icon","viewName":"etm.portal.ui.managerequests.view.NewRequest","properties":{"src":{"regex":{"source":"inspect"}}}},"wdio_ui5_key":"etmportal.ui.managerequests.view.NewRequestsap.ui.core.Icon{\"src\":{\"regex\":{\"source\":\"inspect\"}}}"}]}
RESULT: {"script":"<script> [1562 bytes]","args":[{"selector":{"controlType":"sap.ui.core.Icon","viewName":"etm.portal.ui.managerequests.view.NewRequest","properties":{"src":{"regex":{"source":"inspect"}}}},"wdio_ui5_key":"etmportal.ui.managerequests.view.NewRequestsap.ui.core.Icon{\"src\":{\"regex\":{\"source\":\"inspect\"}}}"}]}
RESULT: undefined
COMMAND: POST /session/b41f127b71ced2e69bc7a594aec7d10c/element - {"using":"xpath","value":"//*[@id=\"__button114-img\"]"}
RESULT: {"using":"xpath","value":"//*[@id=\"__button114-img\"]"}
COMMAND: POST /session/b41f127b71ced2e69bc7a594aec7d10c/element/f.D13B392FFCFC625696F343F77B76D564.d.BA0FD47E2250D831EDEB6F06DF8FF902.e.2984/click - {}
RESULT: {}
COMMAND: GET /session/b41f127b71ced2e69bc7a594aec7d10c/screenshot - {}
RESULT: {}
COMMAND: POST /session/b41f127b71ced2e69bc7a594aec7d10c/execute/async - {"script":"<script> [1562 bytes]","args":[{"selector":{"controlType":"sap.ui.core.Icon","viewName":"etm.portal.ui.managerequests.view.NewRequest","properties":{"src":{"regex":{"source":"add"}}}},"wdio_ui5_key":"etmportal.ui.managerequests.view.NewRequestsap.ui.core.Icon{\"src\":{\"regex\":{\"source\":\"add\"}}}"}]}
RESULT: {"script":"<script> [1562 bytes]","args":[{"selector":{"controlType":"sap.ui.core.Icon","viewName":"etm.portal.ui.managerequests.view.NewRequest","properties":{"src":{"regex":{"source":"add"}}}},"wdio_ui5_key":"etmportal.ui.managerequests.view.NewRequestsap.ui.core.Icon{\"src\":{\"regex\":{\"source\":\"add\"}}}"}]}
RESULT: undefined
COMMAND: POST /session/b41f127b71ced2e69bc7a594aec7d10c/element - {"using":"xpath","value":"//*[@id=\"__xmlview59--btnAddTableRow-img\"]"}
RESULT: {"using":"xpath","value":"//*[@id=\"__xmlview59--btnAddTableRow-img\"]"}
COMMAND: POST /session/b41f127b71ced2e69bc7a594aec7d10c/element/f.D13B392FFCFC625696F343F77B76D564.d.BA0FD47E2250D831EDEB6F06DF8FF902.e.2806/click - {}
RESULT: {}
COMMAND: GET /session/b41f127b71ced2e69bc7a594aec7d10c/screenshot - {}
RESULT: {}
COMMAND: POST /session/b41f127b71ced2e69bc7a594aec7d10c/execute/async - {"script":"<script> [1562 bytes]","args":[{"selector":{"controlType":"sap.ui.unified.MenuItem","viewName":"etm.portal.ui.managerequests.view.NewRequest","i18NText":{"propertyName":"text","key":"standardEntry"},"searchOpenDialogs":true,"interaction":{"idSuffix":"txt"}},"wdio_ui5_key":"etmportal.ui.managerequests.view.NewRequestsap.ui.unified.MenuItem{\"propertyName\":\"text\",\"key\":\"standardEntry\"}"}]}
RESULT: {"script":"<script> [1562 bytes]","args":[{"selector":{"controlType":"sap.ui.unified.MenuItem","viewName":"etm.portal.ui.managerequests.view.NewRequest","i18NText":{"propertyName":"text","key":"standardEntry"},"searchOpenDialogs":true,"interaction":{"idSuffix":"txt"}},"wdio_ui5_key":"etmportal.ui.managerequests.view.NewRequestsap.ui.unified.MenuItem{\"propertyName\":\"text\",\"key\":\"standardEntry\"}"}]}
RESULT: undefined
COMMAND: POST /session/b41f127b71ced2e69bc7a594aec7d10c/element - {"using":"xpath","value":"//*[@id=\"__item1521\"]"}
RESULT: {"using":"xpath","value":"//*[@id=\"__item1521\"]"}
COMMAND: POST /session/b41f127b71ced2e69bc7a594aec7d10c/element/f.D13B392FFCFC625696F343F77B76D564.d.BA0FD47E2250D831EDEB6F06DF8FF902.e.2992/click - {}
RESULT: {}
COMMAND: GET /session/b41f127b71ced2e69bc7a594aec7d10c/screenshot - {}
RESULT: {}
RESULT: undefined
COMMAND: POST /session/b41f127b71ced2e69bc7a594aec7d10c/element - {"using":"xpath","value":"//*[@id=\"__xmlview59--btnAddTableRow-img\"]"}
RESULT: {"using":"xpath","value":"//*[@id=\"__xmlview59--btnAddTableRow-img\"]"}
COMMAND: POST /session/b41f127b71ced2e69bc7a594aec7d10c/element/f.D13B392FFCFC625696F343F77B76D564.d.BA0FD47E2250D831EDEB6F06DF8FF902.e.2806/click - {}
RESULT: {}
COMMAND: GET /session/b41f127b71ced2e69bc7a594aec7d10c/screenshot - {}
RESULT: {}
RESULT: undefined
COMMAND: POST /session/b41f127b71ced2e69bc7a594aec7d10c/element - {"using":"xpath","value":"//*[@id=\"__item1521\"]"}
RESULT: {"using":"xpath","value":"//*[@id=\"__item1521\"]"}
COMMAND: POST /session/b41f127b71ced2e69bc7a594aec7d10c/element/f.D13B392FFCFC625696F343F77B76D564.d.BA0FD47E2250D831EDEB6F06DF8FF902.e.3013/click - {}
RESULT: {}
COMMAND: GET /session/b41f127b71ced2e69bc7a594aec7d10c/screenshot - {}
RESULT: {}
COMMAND: POST /session/b41f127b71ced2e69bc7a594aec7d10c/element - {"using":"xpath","value":"(//input[contains(@id ,\"requestItemsTable-0-inner\")])[5]"}
RESULT: {"using":"xpath","value":"(//input[contains(@id ,\"requestItemsTable-0-inner\")])[5]"}
COMMAND: POST /session/b41f127b71ced2e69bc7a594aec7d10c/element/f.D13B392FFCFC625696F343F77B76D564.d.BA0FD47E2250D831EDEB6F06DF8FF902.e.3004/clear - {}
RESULT: {}
COMMAND: POST /session/b41f127b71ced2e69bc7a594aec7d10c/element/f.D13B392FFCFC625696F343F77B76D564.d.BA0FD47E2250D831EDEB6F06DF8FF902.e.3004/value - {"text":"1000001"}
COMMAND: GET /session/b41f127b71ced2e69bc7a594aec7d10c/screenshot - {}
RESULT: {"text":"1000001"}
COMMAND: GET /session/b41f127b71ced2e69bc7a594aec7d10c/screenshot - {}
RESULT: {}
RESULT: {}
COMMAND: POST /session/b41f127b71ced2e69bc7a594aec7d10c/actions - {"actions":[{"id":"action13","type":"key","parameters":{},"actions":[{"type":"keyDown","value":"î€‡"},{"type":"pause","duration":10},{"type":"keyUp","value":"î€‡"}]}]}
RESULT: {"actions":[{"id":"action13","type":"key","parameters":{},"actions":[{"type":"keyDown","value":"î€‡"},{"type":"pause","duration":10},{"type":"keyUp","value":"î€‡"}]}]}
COMMAND: POST /session/b41f127b71ced2e69bc7a594aec7d10c/element - {"using":"xpath","value":"(//input[contains(@id ,\"requestItemsTable-1-inner\")])[5]"}
COMMAND: GET /session/b41f127b71ced2e69bc7a594aec7d10c/screenshot - {}
RESULT: {"using":"xpath","value":"(//input[contains(@id ,\"requestItemsTable-1-inner\")])[5]"}
COMMAND: POST /session/b41f127b71ced2e69bc7a594aec7d10c/element/f.D13B392FFCFC625696F343F77B76D564.d.BA0FD47E2250D831EDEB6F06DF8FF902.e.3019/clear - {}
RESULT: {}
RESULT: {}
COMMAND: POST /session/b41f127b71ced2e69bc7a594aec7d10c/element/f.D13B392FFCFC625696F343F77B76D564.d.BA0FD47E2250D831EDEB6F06DF8FF902.e.3019/value - {"text":"1000002"}
COMMAND: GET /session/b41f127b71ced2e69bc7a594aec7d10c/screenshot - {}
RESULT: {"text":"1000002"}
COMMAND: GET /session/b41f127b71ced2e69bc7a594aec7d10c/screenshot - {}
RESULT: {}
RESULT: {}
COMMAND: POST /session/b41f127b71ced2e69bc7a594aec7d10c/actions - {"actions":[{"id":"action14","type":"key","parameters":{},"actions":[{"type":"keyDown","value":"î€‡"},{"type":"pause","duration":10},{"type":"keyUp","value":"î€‡"}]}]}
RESULT: {"actions":[{"id":"action14","type":"key","parameters":{},"actions":[{"type":"keyDown","value":"î€‡"},{"type":"pause","duration":10},{"type":"keyUp","value":"î€‡"}]}]}
COMMAND: POST /session/b41f127b71ced2e69bc7a594aec7d10c/execute/async - {"script":"<script> [1562 bytes]","args":[{"selector":{"controlType":"sap.m.Input","viewName":"etm.portal.ui.managerequests.view.NewRequest","bindingPath":{"path":"","propertyPath":"/Tags","modelName":"catalogModel"},"ancestor":{"controlType":"sap.m.ColumnListItem","viewName":"etm.portal.ui.managerequests.view.NewRequest","bindingPath":{"modelName":"newRequestItems","path":"/RequestItems/0"},"ancestor":{"id":"requestItemsTable","viewName":"etm.portal.ui.managerequests.view.NewRequest"}},"interaction":{"idSuffix":"inner"}},"wdio_ui5_key":"etmportal.ui.managerequests.view.NewRequestsap.m.Input{\"path\":\"\",\"propertyPath\":\"/Tags\",\"modelName\":\"catalogModel\"}{\"controlType\":\"sap.m.ColumnListItem\",\"viewName\":\"etm.portal.ui.managerequests.view.NewRequest\",\"bindingPath\":{\"modelName\":\"newRequestItems\",\"path\":\"/RequestItems/0\"},\"ancestor\":{\"id\":\"requestItemsTable\",\"viewName\":\"etm.portal.ui.managerequests.view.NewRequest\"}}"}]}
COMMAND: GET /session/b41f127b71ced2e69bc7a594aec7d10c/screenshot - {}
RESULT: {"script":"<script> [1562 bytes]","args":[{"selector":{"controlType":"sap.m.Input","viewName":"etm.portal.ui.managerequests.view.NewRequest","bindingPath":{"path":"","propertyPath":"/Tags","modelName":"catalogModel"},"ancestor":{"controlType":"sap.m.ColumnListItem","viewName":"etm.portal.ui.managerequests.view.NewRequest","bindingPath":{"modelName":"newRequestItems","path":"/RequestItems/0"},"ancestor":{"id":"requestItemsTable","viewName":"etm.portal.ui.managerequests.view.NewRequest"}},"interaction":{"idSuffix":"inner"}},"wdio_ui5_key":"etmportal.ui.managerequests.view.NewRequestsap.m.Input{\"path\":\"\",\"propertyPath\":\"/Tags\",\"modelName\":\"catalogModel\"}{\"controlType\":\"sap.m.ColumnListItem\",\"viewName\":\"etm.portal.ui.managerequests.view.NewRequest\",\"bindingPath\":{\"modelName\":\"newRequestItems\",\"path\":\"/RequestItems/0\"},\"ancestor\":{\"id\":\"requestItemsTable\",\"viewName\":\"etm.portal.ui.managerequests.view.NewRequest\"}}"}]}
RESULT: undefined
COMMAND: POST /session/b41f127b71ced2e69bc7a594aec7d10c/execute/async - {"script":"<script> [776 bytes]","args":[{"enterText":"tag1","selector":{"controlType":"sap.m.Input","viewName":"etm.portal.ui.managerequests.view.NewRequest","bindingPath":{"path":"","propertyPath":"/Tags","modelName":"catalogModel"},"ancestor":{"controlType":"sap.m.ColumnListItem","viewName":"etm.portal.ui.managerequests.view.NewRequest","bindingPath":{"modelName":"newRequestItems","path":"/RequestItems/0"},"ancestor":{"id":"requestItemsTable","viewName":"etm.portal.ui.managerequests.view.NewRequest"}},"interaction":{"idSuffix":"inner"}},"clearTextFirst":true,"interactionType":"ENTER_TEXT"}]}
RESULT: {}
RESULT: {"script":"<script> [776 bytes]","args":[{"enterText":"tag1","selector":{"controlType":"sap.m.Input","viewName":"etm.portal.ui.managerequests.view.NewRequest","bindingPath":{"path":"","propertyPath":"/Tags","modelName":"catalogModel"},"ancestor":{"controlType":"sap.m.ColumnListItem","viewName":"etm.portal.ui.managerequests.view.NewRequest","bindingPath":{"modelName":"newRequestItems","path":"/RequestItems/0"},"ancestor":{"id":"requestItemsTable","viewName":"etm.portal.ui.managerequests.view.NewRequest"}},"interaction":{"idSuffix":"inner"}},"clearTextFirst":true,"interactionType":"ENTER_TEXT"}]}
COMMAND: POST /session/b41f127b71ced2e69bc7a594aec7d10c/actions - {"actions":[{"id":"action15","type":"key","parameters":{},"actions":[{"type":"keyDown","value":"î€‡"},{"type":"pause","duration":10},{"type":"keyUp","value":"î€‡"}]}]}
RESULT: {"actions":[{"id":"action15","type":"key","parameters":{},"actions":[{"type":"keyDown","value":"î€‡"},{"type":"pause","duration":10},{"type":"keyUp","value":"î€‡"}]}]}
RESULT: undefined
COMMAND: POST /session/b41f127b71ced2e69bc7a594aec7d10c/execute/async - {"script":"<script> [776 bytes]","args":[{"enterText":"tag-duplicate","selector":{"controlType":"sap.m.Input","viewName":"etm.portal.ui.managerequests.view.NewRequest","bindingPath":{"path":"","propertyPath":"/Tags","modelName":"catalogModel"},"ancestor":{"controlType":"sap.m.ColumnListItem","viewName":"etm.portal.ui.managerequests.view.NewRequest","bindingPath":{"modelName":"newRequestItems","path":"/RequestItems/0"},"ancestor":{"id":"requestItemsTable","viewName":"etm.portal.ui.managerequests.view.NewRequest"}},"interaction":{"idSuffix":"inner"}},"clearTextFirst":true,"interactionType":"ENTER_TEXT"}]}
COMMAND: GET /session/b41f127b71ced2e69bc7a594aec7d10c/screenshot - {}
RESULT: {"script":"<script> [776 bytes]","args":[{"enterText":"tag-duplicate","selector":{"controlType":"sap.m.Input","viewName":"etm.portal.ui.managerequests.view.NewRequest","bindingPath":{"path":"","propertyPath":"/Tags","modelName":"catalogModel"},"ancestor":{"controlType":"sap.m.ColumnListItem","viewName":"etm.portal.ui.managerequests.view.NewRequest","bindingPath":{"modelName":"newRequestItems","path":"/RequestItems/0"},"ancestor":{"id":"requestItemsTable","viewName":"etm.portal.ui.managerequests.view.NewRequest"}},"interaction":{"idSuffix":"inner"}},"clearTextFirst":true,"interactionType":"ENTER_TEXT"}]}
RESULT: {}
COMMAND: POST /session/b41f127b71ced2e69bc7a594aec7d10c/actions - {"actions":[{"id":"action16","type":"key","parameters":{},"actions":[{"type":"keyDown","value":"î€‡"},{"type":"pause","duration":10},{"type":"keyUp","value":"î€‡"}]}]}
RESULT: {"actions":[{"id":"action16","type":"key","parameters":{},"actions":[{"type":"keyDown","value":"î€‡"},{"type":"pause","duration":10},{"type":"keyUp","value":"î€‡"}]}]}
COMMAND: GET /session/b41f127b71ced2e69bc7a594aec7d10c/screenshot - {}
RESULT: {}
COMMAND: POST /session/b41f127b71ced2e69bc7a594aec7d10c/execute/async - {"script":"<script> [1562 bytes]","args":[{"selector":{"controlType":"sap.m.Input","viewName":"etm.portal.ui.managerequests.view.NewRequest","bindingPath":{"path":"","propertyPath":"/Tags","modelName":"catalogModel"},"ancestor":{"controlType":"sap.m.ColumnListItem","viewName":"etm.portal.ui.managerequests.view.NewRequest","bindingPath":{"modelName":"newRequestItems","path":"/RequestItems/1"},"ancestor":{"id":"requestItemsTable","viewName":"etm.portal.ui.managerequests.view.NewRequest"}},"interaction":{"idSuffix":"inner"}},"wdio_ui5_key":"etmportal.ui.managerequests.view.NewRequestsap.m.Input{\"path\":\"\",\"propertyPath\":\"/Tags\",\"modelName\":\"catalogModel\"}{\"controlType\":\"sap.m.ColumnListItem\",\"viewName\":\"etm.portal.ui.managerequests.view.NewRequest\",\"bindingPath\":{\"modelName\":\"newRequestItems\",\"path\":\"/RequestItems/1\"},\"ancestor\":{\"id\":\"requestItemsTable\",\"viewName\":\"etm.portal.ui.managerequests.view.NewRequest\"}}"}]}
RESULT: {"script":"<script> [1562 bytes]","args":[{"selector":{"controlType":"sap.m.Input","viewName":"etm.portal.ui.managerequests.view.NewRequest","bindingPath":{"path":"","propertyPath":"/Tags","modelName":"catalogModel"},"ancestor":{"controlType":"sap.m.ColumnListItem","viewName":"etm.portal.ui.managerequests.view.NewRequest","bindingPath":{"modelName":"newRequestItems","path":"/RequestItems/1"},"ancestor":{"id":"requestItemsTable","viewName":"etm.portal.ui.managerequests.view.NewRequest"}},"interaction":{"idSuffix":"inner"}},"wdio_ui5_key":"etmportal.ui.managerequests.view.NewRequestsap.m.Input{\"path\":\"\",\"propertyPath\":\"/Tags\",\"modelName\":\"catalogModel\"}{\"controlType\":\"sap.m.ColumnListItem\",\"viewName\":\"etm.portal.ui.managerequests.view.NewRequest\",\"bindingPath\":{\"modelName\":\"newRequestItems\",\"path\":\"/RequestItems/1\"},\"ancestor\":{\"id\":\"requestItemsTable\",\"viewName\":\"etm.portal.ui.managerequests.view.NewRequest\"}}"}]}
RESULT: undefined
COMMAND: POST /session/b41f127b71ced2e69bc7a594aec7d10c/execute/async - {"script":"<script> [776 bytes]","args":[{"enterText":"tag1","selector":{"controlType":"sap.m.Input","viewName":"etm.portal.ui.managerequests.view.NewRequest","bindingPath":{"path":"","propertyPath":"/Tags","modelName":"catalogModel"},"ancestor":{"controlType":"sap.m.ColumnListItem","viewName":"etm.portal.ui.managerequests.view.NewRequest","bindingPath":{"modelName":"newRequestItems","path":"/RequestItems/1"},"ancestor":{"id":"requestItemsTable","viewName":"etm.portal.ui.managerequests.view.NewRequest"}},"interaction":{"idSuffix":"inner"}},"clearTextFirst":true,"interactionType":"ENTER_TEXT"}]}
RESULT: {"script":"<script> [776 bytes]","args":[{"enterText":"tag1","selector":{"controlType":"sap.m.Input","viewName":"etm.portal.ui.managerequests.view.NewRequest","bindingPath":{"path":"","propertyPath":"/Tags","modelName":"catalogModel"},"ancestor":{"controlType":"sap.m.ColumnListItem","viewName":"etm.portal.ui.managerequests.view.NewRequest","bindingPath":{"modelName":"newRequestItems","path":"/RequestItems/1"},"ancestor":{"id":"requestItemsTable","viewName":"etm.portal.ui.managerequests.view.NewRequest"}},"interaction":{"idSuffix":"inner"}},"clearTextFirst":true,"interactionType":"ENTER_TEXT"}]}
COMMAND: POST /session/b41f127b71ced2e69bc7a594aec7d10c/actions - {"actions":[{"id":"action17","type":"key","parameters":{},"actions":[{"type":"keyDown","value":"î€‡"},{"type":"pause","duration":10},{"type":"keyUp","value":"î€‡"}]}]}
RESULT: {"actions":[{"id":"action17","type":"key","parameters":{},"actions":[{"type":"keyDown","value":"î€‡"},{"type":"pause","duration":10},{"type":"keyUp","value":"î€‡"}]}]}
RESULT: undefined
COMMAND: POST /session/b41f127b71ced2e69bc7a594aec7d10c/execute/async - {"script":"<script> [776 bytes]","args":[{"enterText":"tag-duplicate","selector":{"controlType":"sap.m.Input","viewName":"etm.portal.ui.managerequests.view.NewRequest","bindingPath":{"path":"","propertyPath":"/Tags","modelName":"catalogModel"},"ancestor":{"controlType":"sap.m.ColumnListItem","viewName":"etm.portal.ui.managerequests.view.NewRequest","bindingPath":{"modelName":"newRequestItems","path":"/RequestItems/1"},"ancestor":{"id":"requestItemsTable","viewName":"etm.portal.ui.managerequests.view.NewRequest"}},"interaction":{"idSuffix":"inner"}},"clearTextFirst":true,"interactionType":"ENTER_TEXT"}]}
COMMAND: GET /session/b41f127b71ced2e69bc7a594aec7d10c/screenshot - {}
RESULT: {}
RESULT: {"script":"<script> [776 bytes]","args":[{"enterText":"tag-duplicate","selector":{"controlType":"sap.m.Input","viewName":"etm.portal.ui.managerequests.view.NewRequest","bindingPath":{"path":"","propertyPath":"/Tags","modelName":"catalogModel"},"ancestor":{"controlType":"sap.m.ColumnListItem","viewName":"etm.portal.ui.managerequests.view.NewRequest","bindingPath":{"modelName":"newRequestItems","path":"/RequestItems/1"},"ancestor":{"id":"requestItemsTable","viewName":"etm.portal.ui.managerequests.view.NewRequest"}},"interaction":{"idSuffix":"inner"}},"clearTextFirst":true,"interactionType":"ENTER_TEXT"}]}
COMMAND: POST /session/b41f127b71ced2e69bc7a594aec7d10c/actions - {"actions":[{"id":"action18","type":"key","parameters":{},"actions":[{"type":"keyDown","value":"î€‡"},{"type":"pause","duration":10},{"type":"keyUp","value":"î€‡"}]}]}
RESULT: {"actions":[{"id":"action18","type":"key","parameters":{},"actions":[{"type":"keyDown","value":"î€‡"},{"type":"pause","duration":10},{"type":"keyUp","value":"î€‡"}]}]}
COMMAND: GET /session/b41f127b71ced2e69bc7a594aec7d10c/screenshot - {}
RESULT: {}
COMMAND: POST /session/b41f127b71ced2e69bc7a594aec7d10c/execute/async - {"script":"<script> [1562 bytes]","args":[{"selector":{"controlType":"sap.ui.core.Icon","viewName":"etm.portal.ui.managerequests.view.NewRequest","properties":{"src":{"regex":{"source":"slim\\-arrow\\-down"}}},"ancestor":{"controlType":"sap.m.Button","viewName":"etm.portal.ui.managerequests.view.NewRequest","properties":{"icon":"sap-icon://slim-arrow-down"}}},"wdio_ui5_key":"etmportal.ui.managerequests.view.NewRequestsap.ui.core.Icon{\"src\":{\"regex\":{\"source\":\"slim\\\\-arrow\\\\-down\"}}}{\"controlType\":\"sap.m.Button\",\"viewName\":\"etm.portal.ui.managerequests.view.NewRequest\",\"properties\":{\"icon\":\"sap-icon://slim-arrow-down\"}}"}]}
RESULT: {"script":"<script> [1562 bytes]","args":[{"selector":{"controlType":"sap.ui.core.Icon","viewName":"etm.portal.ui.managerequests.view.NewRequest","properties":{"src":{"regex":{"source":"slim\\-arrow\\-down"}}},"ancestor":{"controlType":"sap.m.Button","viewName":"etm.portal.ui.managerequests.view.NewRequest","properties":{"icon":"sap-icon://slim-arrow-down"}}},"wdio_ui5_key":"etmportal.ui.managerequests.view.NewRequestsap.ui.core.Icon{\"src\":{\"regex\":{\"source\":\"slim\\\\-arrow\\\\-down\"}}}{\"controlType\":\"sap.m.Button\",\"viewName\":\"etm.portal.ui.managerequests.view.NewRequest\",\"properties\":{\"icon\":\"sap-icon://slim-arrow-down\"}}"}]}
RESULT: undefined
COMMAND: POST /session/b41f127b71ced2e69bc7a594aec7d10c/element - {"using":"xpath","value":"//*[@id=\"__title25-expandBtn-img\"]"}
RESULT: {"using":"xpath","value":"//*[@id=\"__title25-expandBtn-img\"]"}
COMMAND: POST /session/b41f127b71ced2e69bc7a594aec7d10c/element/f.D13B392FFCFC625696F343F77B76D564.d.BA0FD47E2250D831EDEB6F06DF8FF902.e.3064/click - {}
RESULT: {}
COMMAND: GET /session/b41f127b71ced2e69bc7a594aec7d10c/screenshot - {}
RESULT: {}
COMMAND: POST /session/b41f127b71ced2e69bc7a594aec7d10c/element - {"using":"xpath","value":"//div[contains(@data-kt ,\"splitAllocationObjectStatus\")]"}
RESULT: {"using":"xpath","value":"//div[contains(@data-kt ,\"splitAllocationObjectStatus\")]"}
COMMAND: POST /session/b41f127b71ced2e69bc7a594aec7d10c/elements - {"using":"xpath","value":"//div[contains(@data-kt ,\"splitAllocationObjectStatus\")]"}
RESULT: {"using":"xpath","value":"//div[contains(@data-kt ,\"splitAllocationObjectStatus\")]"}
COMMAND: POST /session/b41f127b71ced2e69bc7a594aec7d10c/execute/async - {"script":"<script> [1562 bytes]","args":[{"selector":{"controlType":"sap.ui.core.Icon","viewName":"etm.portal.ui.managerequests.view.NewRequest","properties":{"src":{"regex":{"source":"message\\-error"}}},"ancestor":{"controlType":"sap.m.ColumnListItem","viewName":"etm.portal.ui.managerequests.view.NewRequest","bindingPath":{"modelName":"newRequestItems","path":"/RequestItems/0"},"ancestor":{"id":"requestItemsTable","viewName":"etm.portal.ui.managerequests.view.NewRequest"}}},"wdio_ui5_key":"etmportal.ui.managerequests.view.NewRequestsap.ui.core.Icon{\"src\":{\"regex\":{\"source\":\"message\\\\-error\"}}}{\"controlType\":\"sap.m.ColumnListItem\",\"viewName\":\"etm.portal.ui.managerequests.view.NewRequest\",\"bindingPath\":{\"modelName\":\"newRequestItems\",\"path\":\"/RequestItems/0\"},\"ancestor\":{\"id\":\"requestItemsTable\",\"viewName\":\"etm.portal.ui.managerequests.view.NewRequest\"}}"}]}
RESULT: {"script":"<script> [1562 bytes]","args":[{"selector":{"controlType":"sap.ui.core.Icon","viewName":"etm.portal.ui.managerequests.view.NewRequest","properties":{"src":{"regex":{"source":"message\\-error"}}},"ancestor":{"controlType":"sap.m.ColumnListItem","viewName":"etm.portal.ui.managerequests.view.NewRequest","bindingPath":{"modelName":"newRequestItems","path":"/RequestItems/0"},"ancestor":{"id":"requestItemsTable","viewName":"etm.portal.ui.managerequests.view.NewRequest"}}},"wdio_ui5_key":"etmportal.ui.managerequests.view.NewRequestsap.ui.core.Icon{\"src\":{\"regex\":{\"source\":\"message\\\\-error\"}}}{\"controlType\":\"sap.m.ColumnListItem\",\"viewName\":\"etm.portal.ui.managerequests.view.NewRequest\",\"bindingPath\":{\"modelName\":\"newRequestItems\",\"path\":\"/RequestItems/0\"},\"ancestor\":{\"id\":\"requestItemsTable\",\"viewName\":\"etm.portal.ui.managerequests.view.NewRequest\"}}"}]}
RESULT: undefined
COMMAND: POST /session/b41f127b71ced2e69bc7a594aec7d10c/element - {"using":"xpath","value":"//*[@id=\"__status6-__xmlview59--requestItemsTable-0-icon\"]"}
RESULT: {"using":"xpath","value":"//*[@id=\"__status6-__xmlview59--requestItemsTable-0-icon\"]"}
COMMAND: POST /session/b41f127b71ced2e69bc7a594aec7d10c/element/f.D13B392FFCFC625696F343F77B76D564.d.BA0FD47E2250D831EDEB6F06DF8FF902.e.3045/click - {}
RESULT: {}
COMMAND: GET /session/b41f127b71ced2e69bc7a594aec7d10c/screenshot - {}
RESULT: {}
COMMAND: POST /session/b41f127b71ced2e69bc7a594aec7d10c/execute/async - {"script":"<script> [1562 bytes]","args":[{"selector":{"id":"costObjectAdminTypeComboBox","viewName":"etm.portal.ui.managerequests.view.NewRequest","searchOpenDialogs":true,"interaction":{"idSuffix":"inner"}},"wdio_ui5_key":"costObjectAdminTypeComboBoxetmportal.ui.managerequests.view.NewRequest"}]}
RESULT: {"script":"<script> [1562 bytes]","args":[{"selector":{"id":"costObjectAdminTypeComboBox","viewName":"etm.portal.ui.managerequests.view.NewRequest","searchOpenDialogs":true,"interaction":{"idSuffix":"inner"}},"wdio_ui5_key":"costObjectAdminTypeComboBoxetmportal.ui.managerequests.view.NewRequest"}]}
RESULT: undefined
COMMAND: POST /session/b41f127b71ced2e69bc7a594aec7d10c/execute/async - {"script":"<script> [776 bytes]","args":[{"enterText":"Cost Center","selector":{"id":"costObjectAdminTypeComboBox","viewName":"etm.portal.ui.managerequests.view.NewRequest","searchOpenDialogs":true,"interaction":{"idSuffix":"inner"}},"clearTextFirst":true,"interactionType":"ENTER_TEXT"}]}
RESULT: {"script":"<script> [776 bytes]","args":[{"enterText":"Cost Center","selector":{"id":"costObjectAdminTypeComboBox","viewName":"etm.portal.ui.managerequests.view.NewRequest","searchOpenDialogs":true,"interaction":{"idSuffix":"inner"}},"clearTextFirst":true,"interactionType":"ENTER_TEXT"}]}
COMMAND: POST /session/b41f127b71ced2e69bc7a594aec7d10c/actions - {"actions":[{"id":"action19","type":"key","parameters":{},"actions":[{"type":"keyDown","value":"î€‡"},{"type":"pause","duration":10},{"type":"keyUp","value":"î€‡"}]}]}
RESULT: {"actions":[{"id":"action19","type":"key","parameters":{},"actions":[{"type":"keyDown","value":"î€‡"},{"type":"pause","duration":10},{"type":"keyUp","value":"î€‡"}]}]}
COMMAND: GET /session/b41f127b71ced2e69bc7a594aec7d10c/screenshot - {}
RESULT: {}
COMMAND: POST /session/b41f127b71ced2e69bc7a594aec7d10c/execute/async - {"script":"<script> [1562 bytes]","args":[{"selector":{"id":"costObjectIdComboBox","viewName":"etm.portal.ui.managerequests.view.NewRequest","searchOpenDialogs":true,"interaction":{"idSuffix":"inner"}},"wdio_ui5_key":"costObjectIdComboBoxetmportal.ui.managerequests.view.NewRequest"}]}
RESULT: {"script":"<script> [1562 bytes]","args":[{"selector":{"id":"costObjectIdComboBox","viewName":"etm.portal.ui.managerequests.view.NewRequest","searchOpenDialogs":true,"interaction":{"idSuffix":"inner"}},"wdio_ui5_key":"costObjectIdComboBoxetmportal.ui.managerequests.view.NewRequest"}]}
RESULT: undefined
COMMAND: POST /session/b41f127b71ced2e69bc7a594aec7d10c/execute/async - {"script":"<script> [776 bytes]","args":[{"enterText":"1001 - 1001","selector":{"id":"costObjectIdComboBox","viewName":"etm.portal.ui.managerequests.view.NewRequest","searchOpenDialogs":true,"interaction":{"idSuffix":"inner"}},"clearTextFirst":true,"interactionType":"ENTER_TEXT"}]}
RESULT: {"script":"<script> [776 bytes]","args":[{"enterText":"1001 - 1001","selector":{"id":"costObjectIdComboBox","viewName":"etm.portal.ui.managerequests.view.NewRequest","searchOpenDialogs":true,"interaction":{"idSuffix":"inner"}},"clearTextFirst":true,"interactionType":"ENTER_TEXT"}]}
COMMAND: POST /session/b41f127b71ced2e69bc7a594aec7d10c/actions - {"actions":[{"id":"action20","type":"key","parameters":{},"actions":[{"type":"keyDown","value":"î€‡"},{"type":"pause","duration":10},{"type":"keyUp","value":"î€‡"}]}]}
RESULT: {"actions":[{"id":"action20","type":"key","parameters":{},"actions":[{"type":"keyDown","value":"î€‡"},{"type":"pause","duration":10},{"type":"keyUp","value":"î€‡"}]}]}
COMMAND: GET /session/b41f127b71ced2e69bc7a594aec7d10c/screenshot - {}
RESULT: {}
COMMAND: POST /session/b41f127b71ced2e69bc7a594aec7d10c/element - {"using":"xpath","value":"(//bdi[(text() = 'Save' or . = 'Save')])[1]"}
RESULT: {"using":"xpath","value":"(//bdi[(text() = 'Save' or . = 'Save')])[1]"}
COMMAND: POST /session/b41f127b71ced2e69bc7a594aec7d10c/element/f.D13B392FFCFC625696F343F77B76D564.d.BA0FD47E2250D831EDEB6F06DF8FF902.e.3084/click - {}
RESULT: {}
COMMAND: POST /session/b41f127b71ced2e69bc7a594aec7d10c/execute/async - {"script":"<script> [1562 bytes]","args":[{"selector":{"controlType":"sap.ui.core.Icon","viewName":"etm.portal.ui.managerequests.view.NewRequest","properties":{"src":{"regex":{"source":"message\\-error"}}},"ancestor":{"controlType":"sap.m.ColumnListItem","viewName":"etm.portal.ui.managerequests.view.NewRequest","bindingPath":{"modelName":"newRequestItems","path":"/RequestItems/1"},"ancestor":{"id":"requestItemsTable","viewName":"etm.portal.ui.managerequests.view.NewRequest"}}},"wdio_ui5_key":"etmportal.ui.managerequests.view.NewRequestsap.ui.core.Icon{\"src\":{\"regex\":{\"source\":\"message\\\\-error\"}}}{\"controlType\":\"sap.m.ColumnListItem\",\"viewName\":\"etm.portal.ui.managerequests.view.NewRequest\",\"bindingPath\":{\"modelName\":\"newRequestItems\",\"path\":\"/RequestItems/1\"},\"ancestor\":{\"id\":\"requestItemsTable\",\"viewName\":\"etm.portal.ui.managerequests.view.NewRequest\"}}"}]}
COMMAND: GET /session/b41f127b71ced2e69bc7a594aec7d10c/screenshot - {}
RESULT: {"script":"<script> [1562 bytes]","args":[{"selector":{"controlType":"sap.ui.core.Icon","viewName":"etm.portal.ui.managerequests.view.NewRequest","properties":{"src":{"regex":{"source":"message\\-error"}}},"ancestor":{"controlType":"sap.m.ColumnListItem","viewName":"etm.portal.ui.managerequests.view.NewRequest","bindingPath":{"modelName":"newRequestItems","path":"/RequestItems/1"},"ancestor":{"id":"requestItemsTable","viewName":"etm.portal.ui.managerequests.view.NewRequest"}}},"wdio_ui5_key":"etmportal.ui.managerequests.view.NewRequestsap.ui.core.Icon{\"src\":{\"regex\":{\"source\":\"message\\\\-error\"}}}{\"controlType\":\"sap.m.ColumnListItem\",\"viewName\":\"etm.portal.ui.managerequests.view.NewRequest\",\"bindingPath\":{\"modelName\":\"newRequestItems\",\"path\":\"/RequestItems/1\"},\"ancestor\":{\"id\":\"requestItemsTable\",\"viewName\":\"etm.portal.ui.managerequests.view.NewRequest\"}}"}]}
RESULT: undefined
COMMAND: POST /session/b41f127b71ced2e69bc7a594aec7d10c/element - {"using":"xpath","value":"//*[@id=\"__status6-__xmlview59--requestItemsTable-1-icon\"]"}
RESULT: {}
RESULT: {"using":"xpath","value":"//*[@id=\"__status6-__xmlview59--requestItemsTable-1-icon\"]"}
COMMAND: POST /session/b41f127b71ced2e69bc7a594aec7d10c/element/f.D13B392FFCFC625696F343F77B76D564.d.BA0FD47E2250D831EDEB6F06DF8FF902.e.3062/click - {}
RESULT: {}
COMMAND: GET /session/b41f127b71ced2e69bc7a594aec7d10c/screenshot - {}
RESULT: {}
RESULT: undefined
COMMAND: POST /session/b41f127b71ced2e69bc7a594aec7d10c/execute/async - {"script":"<script> [776 bytes]","args":[{"enterText":"Cost Center","selector":{"id":"costObjectAdminTypeComboBox","viewName":"etm.portal.ui.managerequests.view.NewRequest","searchOpenDialogs":true,"interaction":{"idSuffix":"inner"}},"clearTextFirst":true,"interactionType":"ENTER_TEXT"}]}
RESULT: {"script":"<script> [776 bytes]","args":[{"enterText":"Cost Center","selector":{"id":"costObjectAdminTypeComboBox","viewName":"etm.portal.ui.managerequests.view.NewRequest","searchOpenDialogs":true,"interaction":{"idSuffix":"inner"}},"clearTextFirst":true,"interactionType":"ENTER_TEXT"}]}
COMMAND: POST /session/b41f127b71ced2e69bc7a594aec7d10c/actions - {"actions":[{"id":"action21","type":"key","parameters":{},"actions":[{"type":"keyDown","value":"î€‡"},{"type":"pause","duration":10},{"type":"keyUp","value":"î€‡"}]}]}
RESULT: {"actions":[{"id":"action21","type":"key","parameters":{},"actions":[{"type":"keyDown","value":"î€‡"},{"type":"pause","duration":10},{"type":"keyUp","value":"î€‡"}]}]}
COMMAND: GET /session/b41f127b71ced2e69bc7a594aec7d10c/screenshot - {}
RESULT: {}
RESULT: undefined
COMMAND: POST /session/b41f127b71ced2e69bc7a594aec7d10c/execute/async - {"script":"<script> [776 bytes]","args":[{"enterText":"1001 - 1001","selector":{"id":"costObjectIdComboBox","viewName":"etm.portal.ui.managerequests.view.NewRequest","searchOpenDialogs":true,"interaction":{"idSuffix":"inner"}},"clearTextFirst":true,"interactionType":"ENTER_TEXT"}]}
RESULT: {"script":"<script> [776 bytes]","args":[{"enterText":"1001 - 1001","selector":{"id":"costObjectIdComboBox","viewName":"etm.portal.ui.managerequests.view.NewRequest","searchOpenDialogs":true,"interaction":{"idSuffix":"inner"}},"clearTextFirst":true,"interactionType":"ENTER_TEXT"}]}
COMMAND: POST /session/b41f127b71ced2e69bc7a594aec7d10c/actions - {"actions":[{"id":"action22","type":"key","parameters":{},"actions":[{"type":"keyDown","value":"î€‡"},{"type":"pause","duration":10},{"type":"keyUp","value":"î€‡"}]}]}
RESULT: {"actions":[{"id":"action22","type":"key","parameters":{},"actions":[{"type":"keyDown","value":"î€‡"},{"type":"pause","duration":10},{"type":"keyUp","value":"î€‡"}]}]}
COMMAND: GET /session/b41f127b71ced2e69bc7a594aec7d10c/screenshot - {}
RESULT: {}
COMMAND: POST /session/b41f127b71ced2e69bc7a594aec7d10c/element - {"using":"xpath","value":"(//bdi[(text() = 'Save' or . = 'Save')])[1]"}
RESULT: {"using":"xpath","value":"(//bdi[(text() = 'Save' or . = 'Save')])[1]"}
COMMAND: POST /session/b41f127b71ced2e69bc7a594aec7d10c/element/f.D13B392FFCFC625696F343F77B76D564.d.BA0FD47E2250D831EDEB6F06DF8FF902.e.3098/click - {}
RESULT: {}
COMMAND: POST /session/b41f127b71ced2e69bc7a594aec7d10c/execute/async - {"script":"<script> [1562 bytes]","args":[{"selector":{"controlType":"sap.ui.core.Icon","viewName":"etm.portal.ui.managerequests.view.NewRequest","properties":{"src":{"regex":{"source":"decline"}}},"ancestor":{"controlType":"sap.m.Token","viewName":"etm.portal.ui.managerequests.view.NewRequest","bindingPath":{"path":"/RequestItems/0/TOKENS/0","propertyPath":"TAG","modelName":"newRequestItems"}}},"wdio_ui5_key":"etmportal.ui.managerequests.view.NewRequestsap.ui.core.Icon{\"src\":{\"regex\":{\"source\":\"decline\"}}}{\"controlType\":\"sap.m.Token\",\"viewName\":\"etm.portal.ui.managerequests.view.NewRequest\",\"bindingPath\":{\"path\":\"/RequestItems/0/TOKENS/0\",\"propertyPath\":\"TAG\",\"modelName\":\"newRequestItems\"}}"}]}
COMMAND: GET /session/b41f127b71ced2e69bc7a594aec7d10c/screenshot - {}
RESULT: {}
RESULT: {"script":"<script> [1562 bytes]","args":[{"selector":{"controlType":"sap.ui.core.Icon","viewName":"etm.portal.ui.managerequests.view.NewRequest","properties":{"src":{"regex":{"source":"decline"}}},"ancestor":{"controlType":"sap.m.Token","viewName":"etm.portal.ui.managerequests.view.NewRequest","bindingPath":{"path":"/RequestItems/0/TOKENS/0","propertyPath":"TAG","modelName":"newRequestItems"}}},"wdio_ui5_key":"etmportal.ui.managerequests.view.NewRequestsap.ui.core.Icon{\"src\":{\"regex\":{\"source\":\"decline\"}}}{\"controlType\":\"sap.m.Token\",\"viewName\":\"etm.portal.ui.managerequests.view.NewRequest\",\"bindingPath\":{\"path\":\"/RequestItems/0/TOKENS/0\",\"propertyPath\":\"TAG\",\"modelName\":\"newRequestItems\"}}"}]}
RESULT: undefined
COMMAND: POST /session/b41f127b71ced2e69bc7a594aec7d10c/element - {"using":"xpath","value":"//*[@id=\"__token7-__tokenizer62-__xmlview59--requestItemsTable-0-0-icon\"]"}
RESULT: {"using":"xpath","value":"//*[@id=\"__token7-__tokenizer62-__xmlview59--requestItemsTable-0-0-icon\"]"}
COMMAND: POST /session/b41f127b71ced2e69bc7a594aec7d10c/element/f.D13B392FFCFC625696F343F77B76D564.d.BA0FD47E2250D831EDEB6F06DF8FF902.e.3100/click - {}
RESULT: {}
COMMAND: GET /session/b41f127b71ced2e69bc7a594aec7d10c/screenshot - {}
RESULT: {}
COMMAND: POST /session/b41f127b71ced2e69bc7a594aec7d10c/actions - {"actions":[{"id":"action23","type":"key","parameters":{},"actions":[{"type":"keyDown","value":"î€Œ"},{"type":"pause","duration":10},{"type":"keyUp","value":"î€Œ"}]}]}
RESULT: {"actions":[{"id":"action23","type":"key","parameters":{},"actions":[{"type":"keyDown","value":"î€Œ"},{"type":"pause","duration":10},{"type":"keyUp","value":"î€Œ"}]}]}
COMMAND: GET /session/b41f127b71ced2e69bc7a594aec7d10c/screenshot - {}
RESULT: {}
COMMAND: POST /session/b41f127b71ced2e69bc7a594aec7d10c/execute/async - {"script":"<script> [1562 bytes]","args":[{"selector":{"controlType":"sap.m.Tokenizer","viewName":"etm.portal.ui.managerequests.view.NewRequest","bindingPath":{"path":"/RequestItems/0","propertyPath":"TOKENS","modelName":"newRequestItems"}},"wdio_ui5_key":"etmportal.ui.managerequests.view.NewRequestsap.m.Tokenizer{\"path\":\"/RequestItems/0\",\"propertyPath\":\"TOKENS\",\"modelName\":\"newRequestItems\"}"}]}
RESULT: {"script":"<script> [1562 bytes]","args":[{"selector":{"controlType":"sap.m.Tokenizer","viewName":"etm.portal.ui.managerequests.view.NewRequest","bindingPath":{"path":"/RequestItems/0","propertyPath":"TOKENS","modelName":"newRequestItems"}},"wdio_ui5_key":"etmportal.ui.managerequests.view.NewRequestsap.m.Tokenizer{\"path\":\"/RequestItems/0\",\"propertyPath\":\"TOKENS\",\"modelName\":\"newRequestItems\"}"}]}
RESULT: undefined
COMMAND: POST /session/b41f127b71ced2e69bc7a594aec7d10c/execute/async - {"script":"<script> [6424 bytes]","args":[{"element-6066-11e4-a52e-4f735466cecf":"f.D13B392FFCFC625696F343F77B76D564.d.BA0FD47E2250D831EDEB6F06DF8FF902.e.3106"},"getTokens",[]]}
RESULT: {"script":"<script> [6424 bytes]","args":[{"element-6066-11e4-a52e-4f735466cecf":"f.D13B392FFCFC625696F343F77B76D564.d.BA0FD47E2250D831EDEB6F06DF8FF902.e.3106"},"getTokens",[]]}
COMMAND: POST /session/b41f127b71ced2e69bc7a594aec7d10c/execute/async - {"script":"<script> [1562 bytes]","args":[{"wdio_ui5_key":"__token7-__tokenizer62-__xmlview59--requestItemsTable-0-0","selector":{"id":"__token7-__tokenizer62-__xmlview59--requestItemsTable-0-0"}}]}
RESULT: {"script":"<script> [1562 bytes]","args":[{"wdio_ui5_key":"__token7-__tokenizer62-__xmlview59--requestItemsTable-0-0","selector":{"id":"__token7-__tokenizer62-__xmlview59--requestItemsTable-0-0"}}]}
RESULT: undefined
RESULT: undefined
COMMAND: POST /session/b41f127b71ced2e69bc7a594aec7d10c/execute/async - {"script":"<script> [776 bytes]","args":[{"enterText":"tagRequest1","selector":{"controlType":"sap.m.Input","viewName":"etm.portal.ui.managerequests.view.NewRequest","bindingPath":{"path":"","propertyPath":"/Tags","modelName":"catalogModel"},"ancestor":{"controlType":"sap.m.ColumnListItem","viewName":"etm.portal.ui.managerequests.view.NewRequest","bindingPath":{"modelName":"newRequestItems","path":"/RequestItems/0"},"ancestor":{"id":"requestItemsTable","viewName":"etm.portal.ui.managerequests.view.NewRequest"}},"interaction":{"idSuffix":"inner"}},"clearTextFirst":true,"interactionType":"ENTER_TEXT"}]}
RESULT: {"script":"<script> [776 bytes]","args":[{"enterText":"tagRequest1","selector":{"controlType":"sap.m.Input","viewName":"etm.portal.ui.managerequests.view.NewRequest","bindingPath":{"path":"","propertyPath":"/Tags","modelName":"catalogModel"},"ancestor":{"controlType":"sap.m.ColumnListItem","viewName":"etm.portal.ui.managerequests.view.NewRequest","bindingPath":{"modelName":"newRequestItems","path":"/RequestItems/0"},"ancestor":{"id":"requestItemsTable","viewName":"etm.portal.ui.managerequests.view.NewRequest"}},"interaction":{"idSuffix":"inner"}},"clearTextFirst":true,"interactionType":"ENTER_TEXT"}]}
COMMAND: POST /session/b41f127b71ced2e69bc7a594aec7d10c/actions - {"actions":[{"id":"action24","type":"key","parameters":{},"actions":[{"type":"keyDown","value":"î€‡"},{"type":"pause","duration":10},{"type":"keyUp","value":"î€‡"}]}]}
RESULT: {"actions":[{"id":"action24","type":"key","parameters":{},"actions":[{"type":"keyDown","value":"î€‡"},{"type":"pause","duration":10},{"type":"keyUp","value":"î€‡"}]}]}
COMMAND: GET /session/b41f127b71ced2e69bc7a594aec7d10c/screenshot - {}
RESULT: {}
RESULT: undefined
COMMAND: POST /session/b41f127b71ced2e69bc7a594aec7d10c/execute/async - {"script":"<script> [6424 bytes]","args":[{"element-6066-11e4-a52e-4f735466cecf":"f.D13B392FFCFC625696F343F77B76D564.d.BA0FD47E2250D831EDEB6F06DF8FF902.e.3106"},"getTokens",[]]}
RESULT: {"script":"<script> [6424 bytes]","args":[{"element-6066-11e4-a52e-4f735466cecf":"f.D13B392FFCFC625696F343F77B76D564.d.BA0FD47E2250D831EDEB6F06DF8FF902.e.3106"},"getTokens",[]]}
COMMAND: POST /session/b41f127b71ced2e69bc7a594aec7d10c/execute/async - {"script":"<script> [1562 bytes]","args":[{"wdio_ui5_key":"__token7-__tokenizer62-__xmlview59--requestItemsTable-0-1","selector":{"id":"__token7-__tokenizer62-__xmlview59--requestItemsTable-0-1"}}]}
RESULT: undefined
RESULT: {"script":"<script> [1562 bytes]","args":[{"wdio_ui5_key":"__token7-__tokenizer62-__xmlview59--requestItemsTable-0-1","selector":{"id":"__token7-__tokenizer62-__xmlview59--requestItemsTable-0-1"}}]}
RESULT: undefined
COMMAND: POST /session/b41f127b71ced2e69bc7a594aec7d10c/execute/async - {"script":"<script> [1562 bytes]","args":[{"selector":{"controlType":"sap.ui.core.Icon","viewName":"etm.portal.ui.managerequests.view.NewRequest","properties":{"src":{"regex":{"source":"decline"}}},"ancestor":{"controlType":"sap.m.Token","viewName":"etm.portal.ui.managerequests.view.NewRequest","bindingPath":{"path":"/RequestItems/1/TOKENS/0","propertyPath":"TAG","modelName":"newRequestItems"}}},"wdio_ui5_key":"etmportal.ui.managerequests.view.NewRequestsap.ui.core.Icon{\"src\":{\"regex\":{\"source\":\"decline\"}}}{\"controlType\":\"sap.m.Token\",\"viewName\":\"etm.portal.ui.managerequests.view.NewRequest\",\"bindingPath\":{\"path\":\"/RequestItems/1/TOKENS/0\",\"propertyPath\":\"TAG\",\"modelName\":\"newRequestItems\"}}"}]}
RESULT: {"script":"<script> [1562 bytes]","args":[{"selector":{"controlType":"sap.ui.core.Icon","viewName":"etm.portal.ui.managerequests.view.NewRequest","properties":{"src":{"regex":{"source":"decline"}}},"ancestor":{"controlType":"sap.m.Token","viewName":"etm.portal.ui.managerequests.view.NewRequest","bindingPath":{"path":"/RequestItems/1/TOKENS/0","propertyPath":"TAG","modelName":"newRequestItems"}}},"wdio_ui5_key":"etmportal.ui.managerequests.view.NewRequestsap.ui.core.Icon{\"src\":{\"regex\":{\"source\":\"decline\"}}}{\"controlType\":\"sap.m.Token\",\"viewName\":\"etm.portal.ui.managerequests.view.NewRequest\",\"bindingPath\":{\"path\":\"/RequestItems/1/TOKENS/0\",\"propertyPath\":\"TAG\",\"modelName\":\"newRequestItems\"}}"}]}
RESULT: undefined
COMMAND: POST /session/b41f127b71ced2e69bc7a594aec7d10c/element - {"using":"xpath","value":"//*[@id=\"__token7-__tokenizer62-__xmlview59--requestItemsTable-1-0-icon\"]"}
RESULT: {"using":"xpath","value":"//*[@id=\"__token7-__tokenizer62-__xmlview59--requestItemsTable-1-0-icon\"]"}
COMMAND: POST /session/b41f127b71ced2e69bc7a594aec7d10c/element/f.D13B392FFCFC625696F343F77B76D564.d.BA0FD47E2250D831EDEB6F06DF8FF902.e.3108/click - {}
RESULT: {}
COMMAND: GET /session/b41f127b71ced2e69bc7a594aec7d10c/screenshot - {}
RESULT: {}
COMMAND: POST /session/b41f127b71ced2e69bc7a594aec7d10c/actions - {"actions":[{"id":"action25","type":"key","parameters":{},"actions":[{"type":"keyDown","value":"î€Œ"},{"type":"pause","duration":10},{"type":"keyUp","value":"î€Œ"}]}]}
RESULT: {"actions":[{"id":"action25","type":"key","parameters":{},"actions":[{"type":"keyDown","value":"î€Œ"},{"type":"pause","duration":10},{"type":"keyUp","value":"î€Œ"}]}]}
COMMAND: GET /session/b41f127b71ced2e69bc7a594aec7d10c/screenshot - {}
RESULT: {}
COMMAND: POST /session/b41f127b71ced2e69bc7a594aec7d10c/execute/async - {"script":"<script> [1562 bytes]","args":[{"selector":{"controlType":"sap.m.Tokenizer","viewName":"etm.portal.ui.managerequests.view.NewRequest","bindingPath":{"path":"/RequestItems/1","propertyPath":"TOKENS","modelName":"newRequestItems"}},"wdio_ui5_key":"etmportal.ui.managerequests.view.NewRequestsap.m.Tokenizer{\"path\":\"/RequestItems/1\",\"propertyPath\":\"TOKENS\",\"modelName\":\"newRequestItems\"}"}]}
RESULT: {"script":"<script> [1562 bytes]","args":[{"selector":{"controlType":"sap.m.Tokenizer","viewName":"etm.portal.ui.managerequests.view.NewRequest","bindingPath":{"path":"/RequestItems/1","propertyPath":"TOKENS","modelName":"newRequestItems"}},"wdio_ui5_key":"etmportal.ui.managerequests.view.NewRequestsap.m.Tokenizer{\"path\":\"/RequestItems/1\",\"propertyPath\":\"TOKENS\",\"modelName\":\"newRequestItems\"}"}]}
RESULT: undefined
COMMAND: POST /session/b41f127b71ced2e69bc7a594aec7d10c/execute/async - {"script":"<script> [6424 bytes]","args":[{"element-6066-11e4-a52e-4f735466cecf":"f.D13B392FFCFC625696F343F77B76D564.d.BA0FD47E2250D831EDEB6F06DF8FF902.e.3114"},"getTokens",[]]}
RESULT: {"script":"<script> [6424 bytes]","args":[{"element-6066-11e4-a52e-4f735466cecf":"f.D13B392FFCFC625696F343F77B76D564.d.BA0FD47E2250D831EDEB6F06DF8FF902.e.3114"},"getTokens",[]]}
COMMAND: POST /session/b41f127b71ced2e69bc7a594aec7d10c/execute/async - {"script":"<script> [1562 bytes]","args":[{"wdio_ui5_key":"__token7-__tokenizer62-__xmlview59--requestItemsTable-1-0","selector":{"id":"__token7-__tokenizer62-__xmlview59--requestItemsTable-1-0"}}]}
RESULT: {"script":"<script> [1562 bytes]","args":[{"wdio_ui5_key":"__token7-__tokenizer62-__xmlview59--requestItemsTable-1-0","selector":{"id":"__token7-__tokenizer62-__xmlview59--requestItemsTable-1-0"}}]}
RESULT: undefined
RESULT: undefined
COMMAND: POST /session/b41f127b71ced2e69bc7a594aec7d10c/execute/async - {"script":"<script> [776 bytes]","args":[{"enterText":"tagRequest1","selector":{"controlType":"sap.m.Input","viewName":"etm.portal.ui.managerequests.view.NewRequest","bindingPath":{"path":"","propertyPath":"/Tags","modelName":"catalogModel"},"ancestor":{"controlType":"sap.m.ColumnListItem","viewName":"etm.portal.ui.managerequests.view.NewRequest","bindingPath":{"modelName":"newRequestItems","path":"/RequestItems/1"},"ancestor":{"id":"requestItemsTable","viewName":"etm.portal.ui.managerequests.view.NewRequest"}},"interaction":{"idSuffix":"inner"}},"clearTextFirst":true,"interactionType":"ENTER_TEXT"}]}
RESULT: {"script":"<script> [776 bytes]","args":[{"enterText":"tagRequest1","selector":{"controlType":"sap.m.Input","viewName":"etm.portal.ui.managerequests.view.NewRequest","bindingPath":{"path":"","propertyPath":"/Tags","modelName":"catalogModel"},"ancestor":{"controlType":"sap.m.ColumnListItem","viewName":"etm.portal.ui.managerequests.view.NewRequest","bindingPath":{"modelName":"newRequestItems","path":"/RequestItems/1"},"ancestor":{"id":"requestItemsTable","viewName":"etm.portal.ui.managerequests.view.NewRequest"}},"interaction":{"idSuffix":"inner"}},"clearTextFirst":true,"interactionType":"ENTER_TEXT"}]}
COMMAND: POST /session/b41f127b71ced2e69bc7a594aec7d10c/actions - {"actions":[{"id":"action26","type":"key","parameters":{},"actions":[{"type":"keyDown","value":"î€‡"},{"type":"pause","duration":10},{"type":"keyUp","value":"î€‡"}]}]}
RESULT: {"actions":[{"id":"action26","type":"key","parameters":{},"actions":[{"type":"keyDown","value":"î€‡"},{"type":"pause","duration":10},{"type":"keyUp","value":"î€‡"}]}]}
COMMAND: GET /session/b41f127b71ced2e69bc7a594aec7d10c/screenshot - {}
RESULT: {}
RESULT: undefined
COMMAND: POST /session/b41f127b71ced2e69bc7a594aec7d10c/execute/async - {"script":"<script> [6424 bytes]","args":[{"element-6066-11e4-a52e-4f735466cecf":"f.D13B392FFCFC625696F343F77B76D564.d.BA0FD47E2250D831EDEB6F06DF8FF902.e.3114"},"getTokens",[]]}
RESULT: {"script":"<script> [6424 bytes]","args":[{"element-6066-11e4-a52e-4f735466cecf":"f.D13B392FFCFC625696F343F77B76D564.d.BA0FD47E2250D831EDEB6F06DF8FF902.e.3114"},"getTokens",[]]}
COMMAND: POST /session/b41f127b71ced2e69bc7a594aec7d10c/execute/async - {"script":"<script> [1562 bytes]","args":[{"wdio_ui5_key":"__token7-__tokenizer62-__xmlview59--requestItemsTable-1-1","selector":{"id":"__token7-__tokenizer62-__xmlview59--requestItemsTable-1-1"}}]}
RESULT: undefined
RESULT: {"script":"<script> [1562 bytes]","args":[{"wdio_ui5_key":"__token7-__tokenizer62-__xmlview59--requestItemsTable-1-1","selector":{"id":"__token7-__tokenizer62-__xmlview59--requestItemsTable-1-1"}}]}
RESULT: undefined
COMMAND: POST /session/b41f127b71ced2e69bc7a594aec7d10c/execute/async - {"script":"<script> [1562 bytes]","args":[{"selector":{"controlType":"sap.m.Button","viewName":"etm.portal.ui.managerequests.view.NewRequest","properties":{"text":"Save"},"i18NText":{"propertyName":"tooltip","key":"save"},"interaction":{"idSuffix":"BDI-content"}},"wdio_ui5_key":"etmportal.ui.managerequests.view.NewRequestsap.m.Button{\"propertyName\":\"tooltip\",\"key\":\"save\"}{\"text\":\"Save\"}"}]}
RESULT: {"script":"<script> [1562 bytes]","args":[{"selector":{"controlType":"sap.m.Button","viewName":"etm.portal.ui.managerequests.view.NewRequest","properties":{"text":"Save"},"i18NText":{"propertyName":"tooltip","key":"save"},"interaction":{"idSuffix":"BDI-content"}},"wdio_ui5_key":"etmportal.ui.managerequests.view.NewRequestsap.m.Button{\"propertyName\":\"tooltip\",\"key\":\"save\"}{\"text\":\"Save\"}"}]}
RESULT: undefined
COMMAND: POST /session/b41f127b71ced2e69bc7a594aec7d10c/element - {"using":"xpath","value":"//*[@id=\"__button117\"]"}
RESULT: {"using":"xpath","value":"//*[@id=\"__button117\"]"}
COMMAND: POST /session/b41f127b71ced2e69bc7a594aec7d10c/element/f.D13B392FFCFC625696F343F77B76D564.d.BA0FD47E2250D831EDEB6F06DF8FF902.e.2915/click - {}
RESULT: {}
COMMAND: GET /session/b41f127b71ced2e69bc7a594aec7d10c/screenshot - {}
RESULT: {}
COMMAND: POST /session/b41f127b71ced2e69bc7a594aec7d10c/element - {"using":"xpath","value":"//bdi[contains(@id ,\"BDI-content\")][contains(text(), \"Close\")]"}
RESULT: {"using":"xpath","value":"//bdi[contains(@id ,\"BDI-content\")][contains(text(), \"Close\")]"}
COMMAND: POST /session/b41f127b71ced2e69bc7a594aec7d10c/element/f.D13B392FFCFC625696F343F77B76D564.d.BA0FD47E2250D831EDEB6F06DF8FF902.e.3123/click - {}
RESULT: {}
COMMAND: GET /session/b41f127b71ced2e69bc7a594aec7d10c/screenshot - {}
RESULT: {}
]]></system-out>
    </testcase>
    <testcase classname="chrome.135_0_7049_96.windows.Manage_Requests_Tags_Tests_US120163" name="Should Edit Request Tags" time="107.193">
      <system-out><![CDATA[
COMMAND: POST /session/b41f127b71ced2e69bc7a594aec7d10c/execute/async - {"script":"<script> [1562 bytes]","args":[{"selector":{"controlType":"sap.ui.core.Icon","viewName":"etm.portal.ui.managerequests.view.Detail","properties":{"src":{"regex":{"source":"overflow"}}}},"wdio_ui5_key":"etmportal.ui.managerequests.view.Detailsap.ui.core.Icon{\"src\":{\"regex\":{\"source\":\"overflow\"}}}"}]}
RESULT: {"script":"<script> [1562 bytes]","args":[{"selector":{"controlType":"sap.ui.core.Icon","viewName":"etm.portal.ui.managerequests.view.Detail","properties":{"src":{"regex":{"source":"overflow"}}}},"wdio_ui5_key":"etmportal.ui.managerequests.view.Detailsap.ui.core.Icon{\"src\":{\"regex\":{\"source\":\"overflow\"}}}"}]}
RESULT: undefined
COMMAND: POST /session/b41f127b71ced2e69bc7a594aec7d10c/element - {"using":"xpath","value":"//*[@id=\"__xmlview60--detailHeaderTitle-_actionsToolbar-overflowButton-img\"]"}
RESULT: {"using":"xpath","value":"//*[@id=\"__xmlview60--detailHeaderTitle-_actionsToolbar-overflowButton-img\"]"}
COMMAND: POST /session/b41f127b71ced2e69bc7a594aec7d10c/element/f.D13B392FFCFC625696F343F77B76D564.d.BA0FD47E2250D831EDEB6F06DF8FF902.e.3245/click - {}
RESULT: {}
COMMAND: GET /session/b41f127b71ced2e69bc7a594aec7d10c/screenshot - {}
RESULT: {}
COMMAND: POST /session/b41f127b71ced2e69bc7a594aec7d10c/execute/async - {"script":"<script> [1562 bytes]","args":[{"selector":{"controlType":"sap.uxap.ObjectPageHeaderActionButton","viewName":"etm.portal.ui.managerequests.view.Detail","i18NText":{"propertyName":"text","key":"edit"},"searchOpenDialogs":true,"interaction":{"idSuffix":"inner"}},"wdio_ui5_key":"etmportal.ui.managerequests.view.Detailsap.uxap.ObjectPageHeaderActionButton{\"propertyName\":\"text\",\"key\":\"edit\"}"}]}
RESULT: {"script":"<script> [1562 bytes]","args":[{"selector":{"controlType":"sap.uxap.ObjectPageHeaderActionButton","viewName":"etm.portal.ui.managerequests.view.Detail","i18NText":{"propertyName":"text","key":"edit"},"searchOpenDialogs":true,"interaction":{"idSuffix":"inner"}},"wdio_ui5_key":"etmportal.ui.managerequests.view.Detailsap.uxap.ObjectPageHeaderActionButton{\"propertyName\":\"text\",\"key\":\"edit\"}"}]}
RESULT: undefined
COMMAND: POST /session/b41f127b71ced2e69bc7a594aec7d10c/element - {"using":"xpath","value":"//*[@id=\"__button138\"]"}
RESULT: {"using":"xpath","value":"//*[@id=\"__button138\"]"}
COMMAND: POST /session/b41f127b71ced2e69bc7a594aec7d10c/element/f.D13B392FFCFC625696F343F77B76D564.d.BA0FD47E2250D831EDEB6F06DF8FF902.e.3249/click - {}
RESULT: {}
COMMAND: GET /session/b41f127b71ced2e69bc7a594aec7d10c/screenshot - {}
RESULT: {}
COMMAND: POST /session/b41f127b71ced2e69bc7a594aec7d10c/execute/async - {"script":"<script> [1562 bytes]","args":[{"selector":{"controlType":"sap.ui.core.Icon","viewName":"etm.portal.ui.managerequests.view.Edit","properties":{"src":{"regex":{"source":"decline"}}},"ancestor":{"controlType":"sap.m.Token","viewName":"etm.portal.ui.managerequests.view.Edit","bindingPath":{"propertyPath":"TAG","modelName":"catalogModel"},"properties":{"text":"RefTag"}}},"wdio_ui5_key":"etmportal.ui.managerequests.view.Editsap.ui.core.Icon{\"src\":{\"regex\":{\"source\":\"decline\"}}}{\"controlType\":\"sap.m.Token\",\"viewName\":\"etm.portal.ui.managerequests.view.Edit\",\"bindingPath\":{\"propertyPath\":\"TAG\",\"modelName\":\"catalogModel\"},\"properties\":{\"text\":\"RefTag\"}}"}]}
RESULT: {"script":"<script> [1562 bytes]","args":[{"selector":{"controlType":"sap.ui.core.Icon","viewName":"etm.portal.ui.managerequests.view.Edit","properties":{"src":{"regex":{"source":"decline"}}},"ancestor":{"controlType":"sap.m.Token","viewName":"etm.portal.ui.managerequests.view.Edit","bindingPath":{"propertyPath":"TAG","modelName":"catalogModel"},"properties":{"text":"RefTag"}}},"wdio_ui5_key":"etmportal.ui.managerequests.view.Editsap.ui.core.Icon{\"src\":{\"regex\":{\"source\":\"decline\"}}}{\"controlType\":\"sap.m.Token\",\"viewName\":\"etm.portal.ui.managerequests.view.Edit\",\"bindingPath\":{\"propertyPath\":\"TAG\",\"modelName\":\"catalogModel\"},\"properties\":{\"text\":\"RefTag\"}}"}]}
RESULT: undefined
COMMAND: POST /session/b41f127b71ced2e69bc7a594aec7d10c/element - {"using":"xpath","value":"//*[@id=\"__token13-__tokenizer64-0-icon\"]"}
RESULT: {"using":"xpath","value":"//*[@id=\"__token13-__tokenizer64-0-icon\"]"}
COMMAND: POST /session/b41f127b71ced2e69bc7a594aec7d10c/element/f.D13B392FFCFC625696F343F77B76D564.d.BA0FD47E2250D831EDEB6F06DF8FF902.e.3368/click - {}
RESULT: {}
COMMAND: POST /session/b41f127b71ced2e69bc7a594aec7d10c/execute/async - {"script":"<script> [1562 bytes]","args":[{"selector":{"id":"tagMultiInputRequests","viewName":"etm.portal.ui.managerequests.view.Edit","interaction":{"idSuffix":"inner"}},"wdio_ui5_key":"tagMultiInputRequestsetmportal.ui.managerequests.view.Edit"}]}
COMMAND: GET /session/b41f127b71ced2e69bc7a594aec7d10c/screenshot - {}
RESULT: {"script":"<script> [1562 bytes]","args":[{"selector":{"id":"tagMultiInputRequests","viewName":"etm.portal.ui.managerequests.view.Edit","interaction":{"idSuffix":"inner"}},"wdio_ui5_key":"tagMultiInputRequestsetmportal.ui.managerequests.view.Edit"}]}
RESULT: undefined
COMMAND: POST /session/b41f127b71ced2e69bc7a594aec7d10c/execute/async - {"script":"<script> [6424 bytes]","args":[{"element-6066-11e4-a52e-4f735466cecf":"f.D13B392FFCFC625696F343F77B76D564.d.BA0FD47E2250D831EDEB6F06DF8FF902.e.3283"},"getTokens",[]]}
RESULT: {}
RESULT: {"script":"<script> [6424 bytes]","args":[{"element-6066-11e4-a52e-4f735466cecf":"f.D13B392FFCFC625696F343F77B76D564.d.BA0FD47E2250D831EDEB6F06DF8FF902.e.3283"},"getTokens",[]]}
COMMAND: POST /session/b41f127b71ced2e69bc7a594aec7d10c/execute/async - {"script":"<script> [1562 bytes]","args":[{"wdio_ui5_key":"__token13-__tokenizer64-1","selector":{"id":"__token13-__tokenizer64-1"}}]}
RESULT: {"script":"<script> [1562 bytes]","args":[{"wdio_ui5_key":"__token13-__tokenizer64-1","selector":{"id":"__token13-__tokenizer64-1"}}]}
RESULT: undefined
RESULT: undefined
COMMAND: POST /session/b41f127b71ced2e69bc7a594aec7d10c/execute/async - {"script":"<script> [776 bytes]","args":[{"enterText":"RefTag","selector":{"id":"tagMultiInputRequests","viewName":"etm.portal.ui.managerequests.view.Edit","interaction":{"idSuffix":"inner"}},"clearTextFirst":true,"interactionType":"ENTER_TEXT"}]}
RESULT: {"script":"<script> [776 bytes]","args":[{"enterText":"RefTag","selector":{"id":"tagMultiInputRequests","viewName":"etm.portal.ui.managerequests.view.Edit","interaction":{"idSuffix":"inner"}},"clearTextFirst":true,"interactionType":"ENTER_TEXT"}]}
COMMAND: POST /session/b41f127b71ced2e69bc7a594aec7d10c/actions - {"actions":[{"id":"action27","type":"key","parameters":{},"actions":[{"type":"keyDown","value":"î€‡"},{"type":"pause","duration":10},{"type":"keyUp","value":"î€‡"}]}]}
RESULT: {"actions":[{"id":"action27","type":"key","parameters":{},"actions":[{"type":"keyDown","value":"î€‡"},{"type":"pause","duration":10},{"type":"keyUp","value":"î€‡"}]}]}
COMMAND: GET /session/b41f127b71ced2e69bc7a594aec7d10c/screenshot - {}
RESULT: {}
RESULT: undefined
COMMAND: POST /session/b41f127b71ced2e69bc7a594aec7d10c/execute/async - {"script":"<script> [6424 bytes]","args":[{"element-6066-11e4-a52e-4f735466cecf":"f.D13B392FFCFC625696F343F77B76D564.d.BA0FD47E2250D831EDEB6F06DF8FF902.e.3283"},"getTokens",[]]}
RESULT: {"script":"<script> [6424 bytes]","args":[{"element-6066-11e4-a52e-4f735466cecf":"f.D13B392FFCFC625696F343F77B76D564.d.BA0FD47E2250D831EDEB6F06DF8FF902.e.3283"},"getTokens",[]]}
COMMAND: POST /session/b41f127b71ced2e69bc7a594aec7d10c/execute/async - {"script":"<script> [1562 bytes]","args":[{"wdio_ui5_key":"__token16","selector":{"id":"__token16"}}]}
RESULT: undefined
RESULT: {"script":"<script> [1562 bytes]","args":[{"wdio_ui5_key":"__token16","selector":{"id":"__token16"}}]}
RESULT: undefined
COMMAND: POST /session/b41f127b71ced2e69bc7a594aec7d10c/execute/async - {"script":"<script> [1562 bytes]","args":[{"selector":{"controlType":"sap.m.Button","viewName":"etm.portal.ui.managerequests.view.Edit","properties":{"text":"Items (2)"},"interaction":{"idSuffix":"BDI-content"}},"wdio_ui5_key":"etmportal.ui.managerequests.view.Editsap.m.Button{\"text\":\"Items (2)\"}"}]}
RESULT: {"script":"<script> [1562 bytes]","args":[{"selector":{"controlType":"sap.m.Button","viewName":"etm.portal.ui.managerequests.view.Edit","properties":{"text":"Items (2)"},"interaction":{"idSuffix":"BDI-content"}},"wdio_ui5_key":"etmportal.ui.managerequests.view.Editsap.m.Button{\"text\":\"Items (2)\"}"}]}
RESULT: undefined
COMMAND: POST /session/b41f127b71ced2e69bc7a594aec7d10c/element - {"using":"xpath","value":"//*[@id=\"__xmlview61--editRequestPage-anchBar-__xmlview61--requestItemsSection-anchor\"]"}
RESULT: {"using":"xpath","value":"//*[@id=\"__xmlview61--editRequestPage-anchBar-__xmlview61--requestItemsSection-anchor\"]"}
COMMAND: POST /session/b41f127b71ced2e69bc7a594aec7d10c/element/f.D13B392FFCFC625696F343F77B76D564.d.BA0FD47E2250D831EDEB6F06DF8FF902.e.3373/click - {}
RESULT: {}
COMMAND: GET /session/b41f127b71ced2e69bc7a594aec7d10c/screenshot - {}
RESULT: {}
COMMAND: POST /session/b41f127b71ced2e69bc7a594aec7d10c/execute/async - {"script":"<script> [1562 bytes]","args":[{"selector":{"controlType":"sap.ui.core.Icon","viewName":"etm.portal.ui.managerequests.view.Edit","properties":{"src":{"regex":{"source":"inspect"}}}},"wdio_ui5_key":"etmportal.ui.managerequests.view.Editsap.ui.core.Icon{\"src\":{\"regex\":{\"source\":\"inspect\"}}}"}]}
RESULT: {"script":"<script> [1562 bytes]","args":[{"selector":{"controlType":"sap.ui.core.Icon","viewName":"etm.portal.ui.managerequests.view.Edit","properties":{"src":{"regex":{"source":"inspect"}}}},"wdio_ui5_key":"etmportal.ui.managerequests.view.Editsap.ui.core.Icon{\"src\":{\"regex\":{\"source\":\"inspect\"}}}"}]}
RESULT: undefined
COMMAND: POST /session/b41f127b71ced2e69bc7a594aec7d10c/element - {"using":"xpath","value":"//*[@id=\"__button165-img\"]"}
RESULT: {"using":"xpath","value":"//*[@id=\"__button165-img\"]"}
COMMAND: POST /session/b41f127b71ced2e69bc7a594aec7d10c/element/f.D13B392FFCFC625696F343F77B76D564.d.BA0FD47E2250D831EDEB6F06DF8FF902.e.3379/click - {}
RESULT: {}
COMMAND: GET /session/b41f127b71ced2e69bc7a594aec7d10c/screenshot - {}
RESULT: {}
COMMAND: POST /session/b41f127b71ced2e69bc7a594aec7d10c/execute/async - {"script":"<script> [1562 bytes]","args":[{"selector":{"controlType":"sap.m.Tokenizer","viewName":"etm.portal.ui.managerequests.view.Edit","bindingPath":{"path":"/RequestItems/0","propertyPath":"LINK_TO_TAGS","modelName":"RequestItemsModel"}},"wdio_ui5_key":"etmportal.ui.managerequests.view.Editsap.m.Tokenizer{\"path\":\"/RequestItems/0\",\"propertyPath\":\"LINK_TO_TAGS\",\"modelName\":\"RequestItemsModel\"}"}]}
RESULT: {"script":"<script> [1562 bytes]","args":[{"selector":{"controlType":"sap.m.Tokenizer","viewName":"etm.portal.ui.managerequests.view.Edit","bindingPath":{"path":"/RequestItems/0","propertyPath":"LINK_TO_TAGS","modelName":"RequestItemsModel"}},"wdio_ui5_key":"etmportal.ui.managerequests.view.Editsap.m.Tokenizer{\"path\":\"/RequestItems/0\",\"propertyPath\":\"LINK_TO_TAGS\",\"modelName\":\"RequestItemsModel\"}"}]}
RESULT: undefined
COMMAND: POST /session/b41f127b71ced2e69bc7a594aec7d10c/element - {"using":"xpath","value":"//*[@id=\"__tokenizer66\"]"}
RESULT: {"using":"xpath","value":"//*[@id=\"__tokenizer66\"]"}
COMMAND: POST /session/b41f127b71ced2e69bc7a594aec7d10c/element/f.D13B392FFCFC625696F343F77B76D564.d.BA0FD47E2250D831EDEB6F06DF8FF902.e.3381/click - {}
RESULT: {}
COMMAND: GET /session/b41f127b71ced2e69bc7a594aec7d10c/screenshot - {}
RESULT: {}
COMMAND: POST /session/b41f127b71ced2e69bc7a594aec7d10c/execute/async - {"script":"<script> [1562 bytes]","args":[{"selector":{"controlType":"sap.ui.core.Icon","viewName":"etm.portal.ui.managerequests.view.Edit","properties":{"src":{"regex":{"source":"decline"}}},"searchOpenDialogs":true,"ancestor":{"controlType":"sap.m.StandardListItem","viewName":"etm.portal.ui.managerequests.view.Edit","properties":{"title":"tag-duplicate"},"searchOpenDialogs":true}},"wdio_ui5_key":"etmportal.ui.managerequests.view.Editsap.ui.core.Icon{\"src\":{\"regex\":{\"source\":\"decline\"}}}{\"controlType\":\"sap.m.StandardListItem\",\"viewName\":\"etm.portal.ui.managerequests.view.Edit\",\"properties\":{\"title\":\"tag-duplicate\"},\"searchOpenDialogs\":true}"}]}
RESULT: {"script":"<script> [1562 bytes]","args":[{"selector":{"controlType":"sap.ui.core.Icon","viewName":"etm.portal.ui.managerequests.view.Edit","properties":{"src":{"regex":{"source":"decline"}}},"searchOpenDialogs":true,"ancestor":{"controlType":"sap.m.StandardListItem","viewName":"etm.portal.ui.managerequests.view.Edit","properties":{"title":"tag-duplicate"},"searchOpenDialogs":true}},"wdio_ui5_key":"etmportal.ui.managerequests.view.Editsap.ui.core.Icon{\"src\":{\"regex\":{\"source\":\"decline\"}}}{\"controlType\":\"sap.m.StandardListItem\",\"viewName\":\"etm.portal.ui.managerequests.view.Edit\",\"properties\":{\"title\":\"tag-duplicate\"},\"searchOpenDialogs\":true}"}]}
RESULT: undefined
COMMAND: POST /session/b41f127b71ced2e69bc7a594aec7d10c/element - {"using":"xpath","value":"//*[@id=\"__item1964-imgDel-img\"]"}
RESULT: {"using":"xpath","value":"//*[@id=\"__item1964-imgDel-img\"]"}
COMMAND: POST /session/b41f127b71ced2e69bc7a594aec7d10c/element/f.D13B392FFCFC625696F343F77B76D564.d.BA0FD47E2250D831EDEB6F06DF8FF902.e.3384/click - {}
RESULT: {}
COMMAND: GET /session/b41f127b71ced2e69bc7a594aec7d10c/screenshot - {}
RESULT: {}
COMMAND: POST /session/b41f127b71ced2e69bc7a594aec7d10c/actions - {"actions":[{"id":"action28","type":"key","parameters":{},"actions":[{"type":"keyDown","value":"î€Œ"},{"type":"pause","duration":10},{"type":"keyUp","value":"î€Œ"}]}]}
RESULT: {"actions":[{"id":"action28","type":"key","parameters":{},"actions":[{"type":"keyDown","value":"î€Œ"},{"type":"pause","duration":10},{"type":"keyUp","value":"î€Œ"}]}]}
COMMAND: POST /session/b41f127b71ced2e69bc7a594aec7d10c/execute/async - {"script":"<script> [1562 bytes]","args":[{"selector":{"controlType":"sap.m.Tokenizer","viewName":"etm.portal.ui.managerequests.view.Edit","bindingPath":{"path":"/RequestItems/1","propertyPath":"LINK_TO_TAGS","modelName":"RequestItemsModel"}},"wdio_ui5_key":"etmportal.ui.managerequests.view.Editsap.m.Tokenizer{\"path\":\"/RequestItems/1\",\"propertyPath\":\"LINK_TO_TAGS\",\"modelName\":\"RequestItemsModel\"}"}]}
COMMAND: GET /session/b41f127b71ced2e69bc7a594aec7d10c/screenshot - {}
RESULT: {"script":"<script> [1562 bytes]","args":[{"selector":{"controlType":"sap.m.Tokenizer","viewName":"etm.portal.ui.managerequests.view.Edit","bindingPath":{"path":"/RequestItems/1","propertyPath":"LINK_TO_TAGS","modelName":"RequestItemsModel"}},"wdio_ui5_key":"etmportal.ui.managerequests.view.Editsap.m.Tokenizer{\"path\":\"/RequestItems/1\",\"propertyPath\":\"LINK_TO_TAGS\",\"modelName\":\"RequestItemsModel\"}"}]}
RESULT: undefined
COMMAND: POST /session/b41f127b71ced2e69bc7a594aec7d10c/element - {"using":"xpath","value":"//*[@id=\"__tokenizer67\"]"}
RESULT: {}
RESULT: {"using":"xpath","value":"//*[@id=\"__tokenizer67\"]"}
COMMAND: POST /session/b41f127b71ced2e69bc7a594aec7d10c/element/f.D13B392FFCFC625696F343F77B76D564.d.BA0FD47E2250D831EDEB6F06DF8FF902.e.3387/click - {}
RESULT: {}
COMMAND: GET /session/b41f127b71ced2e69bc7a594aec7d10c/screenshot - {}
RESULT: {}
COMMAND: POST /session/b41f127b71ced2e69bc7a594aec7d10c/execute/async - {"script":"<script> [1562 bytes]","args":[{"selector":{"controlType":"sap.ui.core.Icon","viewName":"etm.portal.ui.managerequests.view.Edit","properties":{"src":{"regex":{"source":"decline"}}},"searchOpenDialogs":true,"ancestor":{"controlType":"sap.m.StandardListItem","viewName":"etm.portal.ui.managerequests.view.Edit","properties":{"title":"tagRequest1"},"searchOpenDialogs":true}},"wdio_ui5_key":"etmportal.ui.managerequests.view.Editsap.ui.core.Icon{\"src\":{\"regex\":{\"source\":\"decline\"}}}{\"controlType\":\"sap.m.StandardListItem\",\"viewName\":\"etm.portal.ui.managerequests.view.Edit\",\"properties\":{\"title\":\"tagRequest1\"},\"searchOpenDialogs\":true}"}]}
RESULT: {"script":"<script> [1562 bytes]","args":[{"selector":{"controlType":"sap.ui.core.Icon","viewName":"etm.portal.ui.managerequests.view.Edit","properties":{"src":{"regex":{"source":"decline"}}},"searchOpenDialogs":true,"ancestor":{"controlType":"sap.m.StandardListItem","viewName":"etm.portal.ui.managerequests.view.Edit","properties":{"title":"tagRequest1"},"searchOpenDialogs":true}},"wdio_ui5_key":"etmportal.ui.managerequests.view.Editsap.ui.core.Icon{\"src\":{\"regex\":{\"source\":\"decline\"}}}{\"controlType\":\"sap.m.StandardListItem\",\"viewName\":\"etm.portal.ui.managerequests.view.Edit\",\"properties\":{\"title\":\"tagRequest1\"},\"searchOpenDialogs\":true}"}]}
RESULT: undefined
COMMAND: POST /session/b41f127b71ced2e69bc7a594aec7d10c/element - {"using":"xpath","value":"//*[@id=\"__item1972-imgDel-img\"]"}
RESULT: {"using":"xpath","value":"//*[@id=\"__item1972-imgDel-img\"]"}
COMMAND: POST /session/b41f127b71ced2e69bc7a594aec7d10c/element/f.D13B392FFCFC625696F343F77B76D564.d.BA0FD47E2250D831EDEB6F06DF8FF902.e.3390/click - {}
RESULT: {}
COMMAND: GET /session/b41f127b71ced2e69bc7a594aec7d10c/screenshot - {}
RESULT: {}
COMMAND: POST /session/b41f127b71ced2e69bc7a594aec7d10c/execute/async - {"script":"<script> [1562 bytes]","args":[{"selector":{"controlType":"sap.ui.core.Icon","viewName":"etm.portal.ui.managerequests.view.Edit","properties":{"src":{"regex":{"source":"decline"}}},"searchOpenDialogs":true,"ancestor":{"controlType":"sap.m.StandardListItem","viewName":"etm.portal.ui.managerequests.view.Edit","properties":{"title":"RefTag"},"searchOpenDialogs":true}},"wdio_ui5_key":"etmportal.ui.managerequests.view.Editsap.ui.core.Icon{\"src\":{\"regex\":{\"source\":\"decline\"}}}{\"controlType\":\"sap.m.StandardListItem\",\"viewName\":\"etm.portal.ui.managerequests.view.Edit\",\"properties\":{\"title\":\"RefTag\"},\"searchOpenDialogs\":true}"}]}
RESULT: {"script":"<script> [1562 bytes]","args":[{"selector":{"controlType":"sap.ui.core.Icon","viewName":"etm.portal.ui.managerequests.view.Edit","properties":{"src":{"regex":{"source":"decline"}}},"searchOpenDialogs":true,"ancestor":{"controlType":"sap.m.StandardListItem","viewName":"etm.portal.ui.managerequests.view.Edit","properties":{"title":"RefTag"},"searchOpenDialogs":true}},"wdio_ui5_key":"etmportal.ui.managerequests.view.Editsap.ui.core.Icon{\"src\":{\"regex\":{\"source\":\"decline\"}}}{\"controlType\":\"sap.m.StandardListItem\",\"viewName\":\"etm.portal.ui.managerequests.view.Edit\",\"properties\":{\"title\":\"RefTag\"},\"searchOpenDialogs\":true}"}]}
RESULT: undefined
COMMAND: POST /session/b41f127b71ced2e69bc7a594aec7d10c/element - {"using":"xpath","value":"//*[@id=\"__item1976-imgDel-img\"]"}
RESULT: {"using":"xpath","value":"//*[@id=\"__item1976-imgDel-img\"]"}
COMMAND: POST /session/b41f127b71ced2e69bc7a594aec7d10c/element/f.D13B392FFCFC625696F343F77B76D564.d.BA0FD47E2250D831EDEB6F06DF8FF902.e.3393/click - {}
RESULT: {}
COMMAND: GET /session/b41f127b71ced2e69bc7a594aec7d10c/screenshot - {}
RESULT: {}
COMMAND: POST /session/b41f127b71ced2e69bc7a594aec7d10c/execute/async - {"script":"<script> [1562 bytes]","args":[{"selector":{"controlType":"sap.ui.core.Icon","viewName":"etm.portal.ui.managerequests.view.Edit","properties":{"src":{"regex":{"source":"decline"}}},"searchOpenDialogs":true,"ancestor":{"controlType":"sap.m.StandardListItem","viewName":"etm.portal.ui.managerequests.view.Edit","properties":{"title":"tag-header"},"searchOpenDialogs":true}},"wdio_ui5_key":"etmportal.ui.managerequests.view.Editsap.ui.core.Icon{\"src\":{\"regex\":{\"source\":\"decline\"}}}{\"controlType\":\"sap.m.StandardListItem\",\"viewName\":\"etm.portal.ui.managerequests.view.Edit\",\"properties\":{\"title\":\"tag-header\"},\"searchOpenDialogs\":true}"}]}
RESULT: {"script":"<script> [1562 bytes]","args":[{"selector":{"controlType":"sap.ui.core.Icon","viewName":"etm.portal.ui.managerequests.view.Edit","properties":{"src":{"regex":{"source":"decline"}}},"searchOpenDialogs":true,"ancestor":{"controlType":"sap.m.StandardListItem","viewName":"etm.portal.ui.managerequests.view.Edit","properties":{"title":"tag-header"},"searchOpenDialogs":true}},"wdio_ui5_key":"etmportal.ui.managerequests.view.Editsap.ui.core.Icon{\"src\":{\"regex\":{\"source\":\"decline\"}}}{\"controlType\":\"sap.m.StandardListItem\",\"viewName\":\"etm.portal.ui.managerequests.view.Edit\",\"properties\":{\"title\":\"tag-header\"},\"searchOpenDialogs\":true}"}]}
RESULT: undefined
COMMAND: POST /session/b41f127b71ced2e69bc7a594aec7d10c/element - {"using":"xpath","value":"//*[@id=\"__item1979-imgDel-img\"]"}
RESULT: {"using":"xpath","value":"//*[@id=\"__item1979-imgDel-img\"]"}
COMMAND: POST /session/b41f127b71ced2e69bc7a594aec7d10c/element/f.D13B392FFCFC625696F343F77B76D564.d.BA0FD47E2250D831EDEB6F06DF8FF902.e.3396/click - {}
RESULT: {}
COMMAND: GET /session/b41f127b71ced2e69bc7a594aec7d10c/screenshot - {}
RESULT: {}
COMMAND: POST /session/b41f127b71ced2e69bc7a594aec7d10c/actions - {"actions":[{"id":"action29","type":"key","parameters":{},"actions":[{"type":"keyDown","value":"î€ƒ"},{"type":"pause","duration":10},{"type":"keyUp","value":"î€ƒ"}]}]}
RESULT: {"actions":[{"id":"action29","type":"key","parameters":{},"actions":[{"type":"keyDown","value":"î€ƒ"},{"type":"pause","duration":10},{"type":"keyUp","value":"î€ƒ"}]}]}
COMMAND: POST /session/b41f127b71ced2e69bc7a594aec7d10c/actions - {"actions":[{"id":"action30","type":"key","parameters":{},"actions":[{"type":"keyDown","value":"î€ƒ"},{"type":"pause","duration":10},{"type":"keyUp","value":"î€ƒ"}]}]}
COMMAND: GET /session/b41f127b71ced2e69bc7a594aec7d10c/screenshot - {}
RESULT: {"actions":[{"id":"action30","type":"key","parameters":{},"actions":[{"type":"keyDown","value":"î€ƒ"},{"type":"pause","duration":10},{"type":"keyUp","value":"î€ƒ"}]}]}
COMMAND: GET /session/b41f127b71ced2e69bc7a594aec7d10c/screenshot - {}
RESULT: {}
RESULT: {}
COMMAND: POST /session/b41f127b71ced2e69bc7a594aec7d10c/execute/async - {"script":"<script> [1562 bytes]","args":[{"selector":{"controlType":"sap.m.Button","viewName":"etm.portal.ui.managerequests.view.Edit","i18NText":{"propertyName":"tooltip","key":"save"},"interaction":{"idSuffix":"BDI-content"}},"wdio_ui5_key":"etmportal.ui.managerequests.view.Editsap.m.Button{\"propertyName\":\"tooltip\",\"key\":\"save\"}"}]}
RESULT: {"script":"<script> [1562 bytes]","args":[{"selector":{"controlType":"sap.m.Button","viewName":"etm.portal.ui.managerequests.view.Edit","i18NText":{"propertyName":"tooltip","key":"save"},"interaction":{"idSuffix":"BDI-content"}},"wdio_ui5_key":"etmportal.ui.managerequests.view.Editsap.m.Button{\"propertyName\":\"tooltip\",\"key\":\"save\"}"}]}
RESULT: undefined
COMMAND: POST /session/b41f127b71ced2e69bc7a594aec7d10c/element - {"using":"xpath","value":"//*[@id=\"__xmlview61--saveButtonId\"]"}
RESULT: {"using":"xpath","value":"//*[@id=\"__xmlview61--saveButtonId\"]"}
COMMAND: POST /session/b41f127b71ced2e69bc7a594aec7d10c/element/f.D13B392FFCFC625696F343F77B76D564.d.BA0FD47E2250D831EDEB6F06DF8FF902.e.3291/click - {}
RESULT: {}
COMMAND: GET /session/b41f127b71ced2e69bc7a594aec7d10c/screenshot - {}
RESULT: {}
COMMAND: POST /session/b41f127b71ced2e69bc7a594aec7d10c/execute/async - {"script":"<script> [1562 bytes]","args":[{"selector":{"id":"tagsLayoutViewMode","viewName":"etm.portal.ui.managerequests.view.Detail"},"wdio_ui5_key":"tagsLayoutViewModeetmportal.ui.managerequests.view.Detail"}]}
RESULT: {"script":"<script> [1562 bytes]","args":[{"selector":{"id":"tagsLayoutViewMode","viewName":"etm.portal.ui.managerequests.view.Detail"},"wdio_ui5_key":"tagsLayoutViewModeetmportal.ui.managerequests.view.Detail"}]}
RESULT: undefined
COMMAND: POST /session/b41f127b71ced2e69bc7a594aec7d10c/execute/async - {"script":"<script> [6424 bytes]","args":[{"element-6066-11e4-a52e-4f735466cecf":"f.D13B392FFCFC625696F343F77B76D564.d.BA0FD47E2250D831EDEB6F06DF8FF902.e.3505"},"getTokens",[]]}
RESULT: {"script":"<script> [6424 bytes]","args":[{"element-6066-11e4-a52e-4f735466cecf":"f.D13B392FFCFC625696F343F77B76D564.d.BA0FD47E2250D831EDEB6F06DF8FF902.e.3505"},"getTokens",[]]}
COMMAND: POST /session/b41f127b71ced2e69bc7a594aec7d10c/execute/async - {"script":"<script> [1562 bytes]","args":[{"wdio_ui5_key":"__token11-__xmlview60--tagsLayoutViewMode-1","selector":{"id":"__token11-__xmlview60--tagsLayoutViewMode-1"}}]}
COMMAND: POST /session/b41f127b71ced2e69bc7a594aec7d10c/execute/async - {"script":"<script> [1562 bytes]","args":[{"wdio_ui5_key":"__token11-__xmlview60--tagsLayoutViewMode-0","selector":{"id":"__token11-__xmlview60--tagsLayoutViewMode-0"}}]}
RESULT: {"script":"<script> [1562 bytes]","args":[{"wdio_ui5_key":"__token11-__xmlview60--tagsLayoutViewMode-1","selector":{"id":"__token11-__xmlview60--tagsLayoutViewMode-1"}}]}
RESULT: undefined
RESULT: {"script":"<script> [1562 bytes]","args":[{"wdio_ui5_key":"__token11-__xmlview60--tagsLayoutViewMode-0","selector":{"id":"__token11-__xmlview60--tagsLayoutViewMode-0"}}]}
RESULT: undefined
COMMAND: POST /session/b41f127b71ced2e69bc7a594aec7d10c/execute/async - {"script":"<script> [1562 bytes]","args":[{"selector":{"controlType":"sap.m.OverflowToolbarButton","viewName":"etm.portal.ui.managerequests.view.Detail","properties":{"text":"Settings"},"interaction":{"idSuffix":"inner"}},"wdio_ui5_key":"etmportal.ui.managerequests.view.Detailsap.m.OverflowToolbarButton{\"text\":\"Settings\"}"}]}
RESULT: {"script":"<script> [1562 bytes]","args":[{"selector":{"controlType":"sap.m.OverflowToolbarButton","viewName":"etm.portal.ui.managerequests.view.Detail","properties":{"text":"Settings"},"interaction":{"idSuffix":"inner"}},"wdio_ui5_key":"etmportal.ui.managerequests.view.Detailsap.m.OverflowToolbarButton{\"text\":\"Settings\"}"}]}
RESULT: undefined
COMMAND: POST /session/b41f127b71ced2e69bc7a594aec7d10c/element - {"using":"xpath","value":"//*[@id=\"__xmlview60--smartTableRequestItems-btnPersonalisation\"]"}
RESULT: {"using":"xpath","value":"//*[@id=\"__xmlview60--smartTableRequestItems-btnPersonalisation\"]"}
COMMAND: POST /session/b41f127b71ced2e69bc7a594aec7d10c/element/f.D13B392FFCFC625696F343F77B76D564.d.BA0FD47E2250D831EDEB6F06DF8FF902.e.3509/click - {}
RESULT: {}
COMMAND: POST /session/b41f127b71ced2e69bc7a594aec7d10c/execute/async - {"script":"<script> [1562 bytes]","args":[{"selector":{"controlType":"sap.m.SearchField","viewName":"etm.portal.ui.managerequests.view.Detail","searchOpenDialogs":true,"interaction":{"idSuffix":"I"}},"wdio_ui5_key":"etmportal.ui.managerequests.view.Detailsap.m.SearchField"}]}
COMMAND: GET /session/b41f127b71ced2e69bc7a594aec7d10c/screenshot - {}
RESULT: {"script":"<script> [1562 bytes]","args":[{"selector":{"controlType":"sap.m.SearchField","viewName":"etm.portal.ui.managerequests.view.Detail","searchOpenDialogs":true,"interaction":{"idSuffix":"I"}},"wdio_ui5_key":"etmportal.ui.managerequests.view.Detailsap.m.SearchField"}]}
RESULT: undefined
COMMAND: POST /session/b41f127b71ced2e69bc7a594aec7d10c/execute/async - {"script":"<script> [776 bytes]","args":[{"enterText":"tag","selector":{"controlType":"sap.m.SearchField","viewName":"etm.portal.ui.managerequests.view.Detail","searchOpenDialogs":true,"interaction":{"idSuffix":"I"}},"clearTextFirst":true,"interactionType":"ENTER_TEXT"}]}
RESULT: {}
RESULT: {"script":"<script> [776 bytes]","args":[{"enterText":"tag","selector":{"controlType":"sap.m.SearchField","viewName":"etm.portal.ui.managerequests.view.Detail","searchOpenDialogs":true,"interaction":{"idSuffix":"I"}},"clearTextFirst":true,"interactionType":"ENTER_TEXT"}]}
COMMAND: POST /session/b41f127b71ced2e69bc7a594aec7d10c/element - {"using":"xpath","value":"//div[contains(@id ,\"innerSelectionPanelTable-0-selectMulti-CbBg\")]"}
RESULT: {"using":"xpath","value":"//div[contains(@id ,\"innerSelectionPanelTable-0-selectMulti-CbBg\")]"}
COMMAND: POST /session/b41f127b71ced2e69bc7a594aec7d10c/element/f.D13B392FFCFC625696F343F77B76D564.d.BA0FD47E2250D831EDEB6F06DF8FF902.e.3546/click - {}
RESULT: {}
COMMAND: POST /session/b41f127b71ced2e69bc7a594aec7d10c/execute/async - {"script":"<script> [1562 bytes]","args":[{"selector":{"controlType":"sap.m.Button","viewName":"etm.portal.ui.managerequests.view.Detail","properties":{"text":"OK"},"searchOpenDialogs":true,"interaction":{"idSuffix":"BDI-content"}},"wdio_ui5_key":"etmportal.ui.managerequests.view.Detailsap.m.Button{\"text\":\"OK\"}"}]}
COMMAND: GET /session/b41f127b71ced2e69bc7a594aec7d10c/screenshot - {}
RESULT: {"script":"<script> [1562 bytes]","args":[{"selector":{"controlType":"sap.m.Button","viewName":"etm.portal.ui.managerequests.view.Detail","properties":{"text":"OK"},"searchOpenDialogs":true,"interaction":{"idSuffix":"BDI-content"}},"wdio_ui5_key":"etmportal.ui.managerequests.view.Detailsap.m.Button{\"text\":\"OK\"}"}]}
RESULT: undefined
COMMAND: POST /session/b41f127b71ced2e69bc7a594aec7d10c/element - {"using":"xpath","value":"//*[@id=\"__popup377-confirmBtn\"]"}
RESULT: {}
RESULT: {"using":"xpath","value":"//*[@id=\"__popup377-confirmBtn\"]"}
COMMAND: POST /session/b41f127b71ced2e69bc7a594aec7d10c/element/f.D13B392FFCFC625696F343F77B76D564.d.BA0FD47E2250D831EDEB6F06DF8FF902.e.3550/click - {}
RESULT: {}
COMMAND: GET /session/b41f127b71ced2e69bc7a594aec7d10c/screenshot - {}
RESULT: {}
COMMAND: POST /session/b41f127b71ced2e69bc7a594aec7d10c/execute/async - {"script":"<script> [1562 bytes]","args":[{"selector":{"controlType":"sap.m.Text","viewName":"etm.portal.ui.managerequests.view.Detail","bindingPath":{"propertyPath":"NO","modelName":"catalogModel"}},"wdio_ui5_key":"etmportal.ui.managerequests.view.Detailsap.m.Text{\"propertyPath\":\"NO\",\"modelName\":\"catalogModel\"}"}]}
RESULT: {"script":"<script> [1562 bytes]","args":[{"selector":{"controlType":"sap.m.Text","viewName":"etm.portal.ui.managerequests.view.Detail","bindingPath":{"propertyPath":"NO","modelName":"catalogModel"}},"wdio_ui5_key":"etmportal.ui.managerequests.view.Detailsap.m.Text{\"propertyPath\":\"NO\",\"modelName\":\"catalogModel\"}"}]}
RESULT: undefined
COMMAND: POST /session/b41f127b71ced2e69bc7a594aec7d10c/execute/async - {"script":"<script> [6424 bytes]","args":[{"element-6066-11e4-a52e-4f735466cecf":"f.D13B392FFCFC625696F343F77B76D564.d.BA0FD47E2250D831EDEB6F06DF8FF902.e.3575"},"getText",[]]}
RESULT: {"script":"<script> [6424 bytes]","args":[{"element-6066-11e4-a52e-4f735466cecf":"f.D13B392FFCFC625696F343F77B76D564.d.BA0FD47E2250D831EDEB6F06DF8FF902.e.3575"},"getText",[]]}
COMMAND: POST /session/b41f127b71ced2e69bc7a594aec7d10c/execute/async - {"script":"<script> [1562 bytes]","args":[{"selector":{"controlType":"sap.m.Tokenizer","viewName":"etm.portal.ui.managerequests.view.Detail","bindingPath":{"path":"/SmartRequestItemsPlanningBoard(ITEM=10m,REQUEST='20315')","propertyPath":"LINK_TO_TAGS"}},"wdio_ui5_key":"etmportal.ui.managerequests.view.Detailsap.m.Tokenizer{\"path\":\"/SmartRequestItemsPlanningBoard(ITEM=10m,REQUEST='20315')\",\"propertyPath\":\"LINK_TO_TAGS\"}"}]}
RESULT: {"script":"<script> [1562 bytes]","args":[{"selector":{"controlType":"sap.m.Tokenizer","viewName":"etm.portal.ui.managerequests.view.Detail","bindingPath":{"path":"/SmartRequestItemsPlanningBoard(ITEM=10m,REQUEST='20315')","propertyPath":"LINK_TO_TAGS"}},"wdio_ui5_key":"etmportal.ui.managerequests.view.Detailsap.m.Tokenizer{\"path\":\"/SmartRequestItemsPlanningBoard(ITEM=10m,REQUEST='20315')\",\"propertyPath\":\"LINK_TO_TAGS\"}"}]}
RESULT: undefined
COMMAND: POST /session/b41f127b71ced2e69bc7a594aec7d10c/execute/async - {"script":"<script> [6424 bytes]","args":[{"element-6066-11e4-a52e-4f735466cecf":"f.D13B392FFCFC625696F343F77B76D564.d.BA0FD47E2250D831EDEB6F06DF8FF902.e.3576"},"getTokens",[]]}
RESULT: {"script":"<script> [6424 bytes]","args":[{"element-6066-11e4-a52e-4f735466cecf":"f.D13B392FFCFC625696F343F77B76D564.d.BA0FD47E2250D831EDEB6F06DF8FF902.e.3576"},"getTokens",[]]}
COMMAND: POST /session/b41f127b71ced2e69bc7a594aec7d10c/execute/async - {"script":"<script> [1562 bytes]","args":[{"wdio_ui5_key":"__token12-__tokenizer63-__clone4919-1","selector":{"id":"__token12-__tokenizer63-__clone4919-1"}}]}
COMMAND: POST /session/b41f127b71ced2e69bc7a594aec7d10c/execute/async - {"script":"<script> [1562 bytes]","args":[{"wdio_ui5_key":"__token12-__tokenizer63-__clone4919-2","selector":{"id":"__token12-__tokenizer63-__clone4919-2"}}]}
COMMAND: POST /session/b41f127b71ced2e69bc7a594aec7d10c/execute/async - {"script":"<script> [1562 bytes]","args":[{"wdio_ui5_key":"__token12-__tokenizer63-__clone4919-0","selector":{"id":"__token12-__tokenizer63-__clone4919-0"}}]}
RESULT: {"script":"<script> [1562 bytes]","args":[{"wdio_ui5_key":"__token12-__tokenizer63-__clone4919-1","selector":{"id":"__token12-__tokenizer63-__clone4919-1"}}]}
RESULT: undefined
RESULT: {"script":"<script> [1562 bytes]","args":[{"wdio_ui5_key":"__token12-__tokenizer63-__clone4919-2","selector":{"id":"__token12-__tokenizer63-__clone4919-2"}}]}
RESULT: undefined
RESULT: {"script":"<script> [1562 bytes]","args":[{"wdio_ui5_key":"__token12-__tokenizer63-__clone4919-0","selector":{"id":"__token12-__tokenizer63-__clone4919-0"}}]}
RESULT: undefined
COMMAND: POST /session/b41f127b71ced2e69bc7a594aec7d10c/element - {"using":"xpath","value":"(//span[contains(text(), \"tag-header\")])[2]"}
RESULT: {"using":"xpath","value":"(//span[contains(text(), \"tag-header\")])[2]"}
COMMAND: POST /session/b41f127b71ced2e69bc7a594aec7d10c/elements - {"using":"xpath","value":"(//span[contains(text(), \"tag-header\")])[2]"}
RESULT: {"using":"xpath","value":"(//span[contains(text(), \"tag-header\")])[2]"}
COMMAND: POST /session/b41f127b71ced2e69bc7a594aec7d10c/execute/async - {"script":"<script> [1562 bytes]","args":[{"selector":{"controlType":"sap.m.Tokenizer","viewName":"etm.portal.ui.managerequests.view.Detail","bindingPath":{"path":"/SmartRequestItemsPlanningBoard(ITEM=20m,REQUEST='20315')","propertyPath":"LINK_TO_TAGS"}},"wdio_ui5_key":"etmportal.ui.managerequests.view.Detailsap.m.Tokenizer{\"path\":\"/SmartRequestItemsPlanningBoard(ITEM=20m,REQUEST='20315')\",\"propertyPath\":\"LINK_TO_TAGS\"}"}]}
RESULT: {"script":"<script> [1562 bytes]","args":[{"selector":{"controlType":"sap.m.Tokenizer","viewName":"etm.portal.ui.managerequests.view.Detail","bindingPath":{"path":"/SmartRequestItemsPlanningBoard(ITEM=20m,REQUEST='20315')","propertyPath":"LINK_TO_TAGS"}},"wdio_ui5_key":"etmportal.ui.managerequests.view.Detailsap.m.Tokenizer{\"path\":\"/SmartRequestItemsPlanningBoard(ITEM=20m,REQUEST='20315')\",\"propertyPath\":\"LINK_TO_TAGS\"}"}]}
RESULT: undefined
COMMAND: POST /session/b41f127b71ced2e69bc7a594aec7d10c/execute/async - {"script":"<script> [6424 bytes]","args":[{"element-6066-11e4-a52e-4f735466cecf":"f.D13B392FFCFC625696F343F77B76D564.d.BA0FD47E2250D831EDEB6F06DF8FF902.e.3581"},"getTokens",[]]}
RESULT: {"script":"<script> [6424 bytes]","args":[{"element-6066-11e4-a52e-4f735466cecf":"f.D13B392FFCFC625696F343F77B76D564.d.BA0FD47E2250D831EDEB6F06DF8FF902.e.3581"},"getTokens",[]]}
COMMAND: POST /session/b41f127b71ced2e69bc7a594aec7d10c/element - {"using":"css selector","value":"#shell-header-logo"}
RESULT: {"using":"css selector","value":"#shell-header-logo"}
COMMAND: POST /session/b41f127b71ced2e69bc7a594aec7d10c/element/f.D13B392FFCFC625696F343F77B76D564.d.BA0FD47E2250D831EDEB6F06DF8FF902.e.2526/click - {}
RESULT: {}
COMMAND: GET /session/b41f127b71ced2e69bc7a594aec7d10c/screenshot - {}
RESULT: {}
]]></system-out>
    </testcase>
  </testsuite>
  <testsuite timestamp="2025-05-02T15:51:15" time="621.52" tests="4" failures="0" errors="0" skipped="0">
    <properties>
      <property name="specId" value="0" />
      <property name="suiteName" value="Manage request + Contract processing pick up option US120163 " />
      <property name="capabilities" value="chrome.135_0_7049_96.windows" />
      <property name="file" value="file:///D:/a/1/s/test/specs/R2C/create-request-Pickup.spec.js" />
    </properties>
    <testcase classname="chrome.135_0_7049_96.windows.Manage_request_+_Contract_processing_pick_up_option_US120163_" name="Should create a new contract" time="82.871">
      <system-out><![CDATA[
COMMAND: POST /session/b41f127b71ced2e69bc7a594aec7d10c/execute/async - {"script":"<script> [1562 bytes]","args":[{"selector":{"controlType":"sap.m.Text","viewName":"etm.portal.ui.managecontractstile.view.Master","properties":{"text":"Manage Contracts"},"interaction":{"idSuffix":"inner"}},"wdio_ui5_key":"etmportal.ui.managecontractstile.view.Mastersap.m.Text{\"text\":\"Manage Contracts\"}"}]}
RESULT: {"script":"<script> [1562 bytes]","args":[{"selector":{"controlType":"sap.m.Text","viewName":"etm.portal.ui.managecontractstile.view.Master","properties":{"text":"Manage Contracts"},"interaction":{"idSuffix":"inner"}},"wdio_ui5_key":"etmportal.ui.managecontractstile.view.Mastersap.m.Text{\"text\":\"Manage Contracts\"}"}]}
RESULT: undefined
COMMAND: POST /session/b41f127b71ced2e69bc7a594aec7d10c/element - {"using":"xpath","value":"//*[@id=\"__tile131-title\"]"}
RESULT: {"using":"xpath","value":"//*[@id=\"__tile131-title\"]"}
COMMAND: POST /session/b41f127b71ced2e69bc7a594aec7d10c/element/f.D13B392FFCFC625696F343F77B76D564.d.BA0FD47E2250D831EDEB6F06DF8FF902.e.3585/click - {}
RESULT: {}
COMMAND: GET /session/b41f127b71ced2e69bc7a594aec7d10c/screenshot - {}
RESULT: {}
COMMAND: POST /session/b41f127b71ced2e69bc7a594aec7d10c/execute/async - {"script":"<script> [1562 bytes]","args":[{"selector":{"controlType":"sap.ui.core.Icon","viewName":"etm.portal.ui.managecontracts.view.Master","properties":{"src":{"regex":{"source":"add"}}}},"wdio_ui5_key":"etmportal.ui.managecontracts.view.Mastersap.ui.core.Icon{\"src\":{\"regex\":{\"source\":\"add\"}}}"}]}
RESULT: {"script":"<script> [1562 bytes]","args":[{"selector":{"controlType":"sap.ui.core.Icon","viewName":"etm.portal.ui.managecontracts.view.Master","properties":{"src":{"regex":{"source":"add"}}}},"wdio_ui5_key":"etmportal.ui.managecontracts.view.Mastersap.ui.core.Icon{\"src\":{\"regex\":{\"source\":\"add\"}}}"}]}
RESULT: undefined
COMMAND: POST /session/b41f127b71ced2e69bc7a594aec7d10c/element - {"using":"xpath","value":"//*[@id=\"__button187-img\"]"}
RESULT: {"using":"xpath","value":"//*[@id=\"__button187-img\"]"}
COMMAND: POST /session/b41f127b71ced2e69bc7a594aec7d10c/element/f.D13B392FFCFC625696F343F77B76D564.d.BA0FD47E2250D831EDEB6F06DF8FF902.e.3638/click - {}
RESULT: {}
COMMAND: POST /session/b41f127b71ced2e69bc7a594aec7d10c/execute/async - {"script":"<script> [1562 bytes]","args":[{"selector":{"id":"application-managecontracts-display-component---AddNewContract--projectDescription","interaction":{"idSuffix":"inner"}},"wdio_ui5_key":"applicationmanagecontracts-display-component---AddNewContract--projectDescription"}]}
COMMAND: GET /session/b41f127b71ced2e69bc7a594aec7d10c/screenshot - {}
RESULT: {"script":"<script> [1562 bytes]","args":[{"selector":{"id":"application-managecontracts-display-component---AddNewContract--projectDescription","interaction":{"idSuffix":"inner"}},"wdio_ui5_key":"applicationmanagecontracts-display-component---AddNewContract--projectDescription"}]}
RESULT: undefined
COMMAND: POST /session/b41f127b71ced2e69bc7a594aec7d10c/execute/async - {"script":"<script> [776 bytes]","args":[{"enterText":"PickupContractcv02zi","selector":{"id":"application-managecontracts-display-component---AddNewContract--projectDescription","interaction":{"idSuffix":"inner"}},"clearTextFirst":true,"interactionType":"ENTER_TEXT"}]}
RESULT: {}
RESULT: {"script":"<script> [776 bytes]","args":[{"enterText":"PickupContractcv02zi","selector":{"id":"application-managecontracts-display-component---AddNewContract--projectDescription","interaction":{"idSuffix":"inner"}},"clearTextFirst":true,"interactionType":"ENTER_TEXT"}]}
COMMAND: POST /session/b41f127b71ced2e69bc7a594aec7d10c/element - {"using":"xpath","value":"//input[contains(@id ,\"application-managecontracts-display-component---AddNewContract--yardId-inner\")]"}
RESULT: {"using":"xpath","value":"//input[contains(@id ,\"application-managecontracts-display-component---AddNewContract--yardId-inner\")]"}
COMMAND: POST /session/b41f127b71ced2e69bc7a594aec7d10c/element/f.D13B392FFCFC625696F343F77B76D564.d.BA0FD47E2250D831EDEB6F06DF8FF902.e.3924/value - {"text":"WebdriverYardt3rf2"}
RESULT: {"text":"WebdriverYardt3rf2"}
COMMAND: GET /session/b41f127b71ced2e69bc7a594aec7d10c/screenshot - {}
RESULT: {}
COMMAND: POST /session/b41f127b71ced2e69bc7a594aec7d10c/actions - {"actions":[{"id":"action31","type":"key","parameters":{},"actions":[{"type":"keyDown","value":"î€‡"},{"type":"pause","duration":10},{"type":"keyUp","value":"î€‡"}]}]}
RESULT: {"actions":[{"id":"action31","type":"key","parameters":{},"actions":[{"type":"keyDown","value":"î€‡"},{"type":"pause","duration":10},{"type":"keyUp","value":"î€‡"}]}]}
COMMAND: GET /session/b41f127b71ced2e69bc7a594aec7d10c/screenshot - {}
RESULT: {}
COMMAND: POST /session/b41f127b71ced2e69bc7a594aec7d10c/element - {"using":"xpath","value":"//input[contains(@id ,\"application-managecontracts-display-component---AddNewContract--customerSelect-inner\")]"}
RESULT: {"using":"xpath","value":"//input[contains(@id ,\"application-managecontracts-display-component---AddNewContract--customerSelect-inner\")]"}
COMMAND: POST /session/b41f127b71ced2e69bc7a594aec7d10c/element/f.D13B392FFCFC625696F343F77B76D564.d.BA0FD47E2250D831EDEB6F06DF8FF902.e.3922/value - {"text":"WebdriverPartneran3aa"}
RESULT: {"text":"WebdriverPartneran3aa"}
COMMAND: GET /session/b41f127b71ced2e69bc7a594aec7d10c/screenshot - {}
RESULT: {}
COMMAND: POST /session/b41f127b71ced2e69bc7a594aec7d10c/actions - {"actions":[{"id":"action32","type":"key","parameters":{},"actions":[{"type":"keyDown","value":"î€‡"},{"type":"pause","duration":10},{"type":"keyUp","value":"î€‡"}]}]}
RESULT: {"actions":[{"id":"action32","type":"key","parameters":{},"actions":[{"type":"keyDown","value":"î€‡"},{"type":"pause","duration":10},{"type":"keyUp","value":"î€‡"}]}]}
COMMAND: GET /session/b41f127b71ced2e69bc7a594aec7d10c/screenshot - {}
RESULT: {}
COMMAND: POST /session/b41f127b71ced2e69bc7a594aec7d10c/element - {"using":"xpath","value":"//input[contains(@id ,\"application-managecontracts-display-component---AddNewContract--site-inner\")]"}
RESULT: {"using":"xpath","value":"//input[contains(@id ,\"application-managecontracts-display-component---AddNewContract--site-inner\")]"}
COMMAND: POST /session/b41f127b71ced2e69bc7a594aec7d10c/element/f.D13B392FFCFC625696F343F77B76D564.d.BA0FD47E2250D831EDEB6F06DF8FF902.e.3923/value - {"text":"WebdriverSitekjeun"}
RESULT: {"text":"WebdriverSitekjeun"}
COMMAND: GET /session/b41f127b71ced2e69bc7a594aec7d10c/screenshot - {}
RESULT: {}
COMMAND: POST /session/b41f127b71ced2e69bc7a594aec7d10c/actions - {"actions":[{"id":"action33","type":"key","parameters":{},"actions":[{"type":"keyDown","value":"î€‡"},{"type":"pause","duration":10},{"type":"keyUp","value":"î€‡"}]}]}
RESULT: {"actions":[{"id":"action33","type":"key","parameters":{},"actions":[{"type":"keyDown","value":"î€‡"},{"type":"pause","duration":10},{"type":"keyUp","value":"î€‡"}]}]}
COMMAND: GET /session/b41f127b71ced2e69bc7a594aec7d10c/screenshot - {}
COMMAND: POST /session/b41f127b71ced2e69bc7a594aec7d10c/execute/async - {"script":"<script> [1562 bytes]","args":[{"selector":{"id":"application-managecontracts-display-component---AddNewContract--saveBtn","interaction":{"idSuffix":"BDI-content"}},"wdio_ui5_key":"applicationmanagecontracts-display-component---AddNewContract--saveBtn"}]}
RESULT: {}
RESULT: {"script":"<script> [1562 bytes]","args":[{"selector":{"id":"application-managecontracts-display-component---AddNewContract--saveBtn","interaction":{"idSuffix":"BDI-content"}},"wdio_ui5_key":"applicationmanagecontracts-display-component---AddNewContract--saveBtn"}]}
RESULT: undefined
COMMAND: POST /session/b41f127b71ced2e69bc7a594aec7d10c/element - {"using":"xpath","value":"//*[@id=\"application-managecontracts-display-component---AddNewContract--saveBtn\"]"}
RESULT: {"using":"xpath","value":"//*[@id=\"application-managecontracts-display-component---AddNewContract--saveBtn\"]"}
COMMAND: POST /session/b41f127b71ced2e69bc7a594aec7d10c/element/f.D13B392FFCFC625696F343F77B76D564.d.BA0FD47E2250D831EDEB6F06DF8FF902.e.3937/click - {}
RESULT: {}
COMMAND: GET /session/b41f127b71ced2e69bc7a594aec7d10c/screenshot - {}
RESULT: {}
COMMAND: POST /session/b41f127b71ced2e69bc7a594aec7d10c/element - {"using":"xpath","value":"//span[contains(@id ,\"contractDetailTitleNoExpanded\")]"}
RESULT: {"using":"xpath","value":"//span[contains(@id ,\"contractDetailTitleNoExpanded\")]"}
COMMAND: GET /session/b41f127b71ced2e69bc7a594aec7d10c/element/f.D13B392FFCFC625696F343F77B76D564.d.BA0FD47E2250D831EDEB6F06DF8FF902.e.4022/text - {}
RESULT: {}
COMMAND: POST /session/b41f127b71ced2e69bc7a594aec7d10c/element - {"using":"css selector","value":"#shell-header-logo"}
RESULT: {"using":"css selector","value":"#shell-header-logo"}
COMMAND: POST /session/b41f127b71ced2e69bc7a594aec7d10c/element/f.D13B392FFCFC625696F343F77B76D564.d.BA0FD47E2250D831EDEB6F06DF8FF902.e.3588/click - {}
RESULT: {}
COMMAND: GET /session/b41f127b71ced2e69bc7a594aec7d10c/screenshot - {}
RESULT: {}
]]></system-out>
    </testcase>
    <testcase classname="chrome.135_0_7049_96.windows.Manage_request_+_Contract_processing_pick_up_option_US120163_" name="Should create a new material" time="136.305">
      <system-out><![CDATA[
COMMAND: POST /session/b41f127b71ced2e69bc7a594aec7d10c/execute/async - {"script":"<script> [1562 bytes]","args":[{"selector":{"controlType":"sap.m.GenericTile","properties":{"header":"Manage Resources"}},"wdio_ui5_key":"sapm.GenericTile{\"header\":\"Manage Resources\"}"}]}
RESULT: {"script":"<script> [1562 bytes]","args":[{"selector":{"controlType":"sap.m.GenericTile","properties":{"header":"Manage Resources"}},"wdio_ui5_key":"sapm.GenericTile{\"header\":\"Manage Resources\"}"}]}
RESULT: undefined
COMMAND: POST /session/b41f127b71ced2e69bc7a594aec7d10c/element - {"using":"xpath","value":"//*[@id=\"__tile39\"]"}
RESULT: {"using":"xpath","value":"//*[@id=\"__tile39\"]"}
COMMAND: POST /session/b41f127b71ced2e69bc7a594aec7d10c/element/f.D13B392FFCFC625696F343F77B76D564.d.BA0FD47E2250D831EDEB6F06DF8FF902.e.4024/click - {}
RESULT: {}
COMMAND: GET /session/b41f127b71ced2e69bc7a594aec7d10c/screenshot - {}
RESULT: {}
COMMAND: POST /session/b41f127b71ced2e69bc7a594aec7d10c/element - {"using":"xpath","value":"//button[@data-kt=\"addNewRUOverflowToolbarButton\"]"}
RESULT: {"using":"xpath","value":"//button[@data-kt=\"addNewRUOverflowToolbarButton\"]"}
COMMAND: POST /session/b41f127b71ced2e69bc7a594aec7d10c/execute/sync - {"script":"<script> [8489 bytes]","args":[{"element-6066-11e4-a52e-4f735466cecf":"f.D13B392FFCFC625696F343F77B76D564.d.BA0FD47E2250D831EDEB6F06DF8FF902.e.4066","ELEMENT":"f.D13B392FFCFC625696F343F77B76D564.d.BA0FD47E2250D831EDEB6F06DF8FF902.e.4066"}]}
RESULT: {"script":"<script> [8489 bytes]","args":[{"element-6066-11e4-a52e-4f735466cecf":"f.D13B392FFCFC625696F343F77B76D564.d.BA0FD47E2250D831EDEB6F06DF8FF902.e.4066","ELEMENT":"f.D13B392FFCFC625696F343F77B76D564.d.BA0FD47E2250D831EDEB6F06DF8FF902.e.4066"}]}
COMMAND: POST /session/b41f127b71ced2e69bc7a594aec7d10c/element/f.D13B392FFCFC625696F343F77B76D564.d.BA0FD47E2250D831EDEB6F06DF8FF902.e.4066/click - {}
COMMAND: GET /session/b41f127b71ced2e69bc7a594aec7d10c/screenshot - {}
RESULT: {}
COMMAND: POST /session/b41f127b71ced2e69bc7a594aec7d10c/execute/async - {"script":"<script> [1562 bytes]","args":[{"selector":{"id":"application-manageresources-display-component---newResourceUnit--TYPE-arrow"},"wdio_ui5_key":"applicationmanageresources-display-component---newResourceUnit--TYPE-arrow"}]}
COMMAND: GET /session/b41f127b71ced2e69bc7a594aec7d10c/screenshot - {}
RESULT: {}
RESULT: {"script":"<script> [1562 bytes]","args":[{"selector":{"id":"application-manageresources-display-component---newResourceUnit--TYPE-arrow"},"wdio_ui5_key":"applicationmanageresources-display-component---newResourceUnit--TYPE-arrow"}]}
RESULT: undefined
COMMAND: POST /session/b41f127b71ced2e69bc7a594aec7d10c/element - {"using":"xpath","value":"//*[@id=\"application-manageresources-display-component---newResourceUnit--TYPE-arrow\"]"}
RESULT: {}
RESULT: {"using":"xpath","value":"//*[@id=\"application-manageresources-display-component---newResourceUnit--TYPE-arrow\"]"}
COMMAND: POST /session/b41f127b71ced2e69bc7a594aec7d10c/element/f.D13B392FFCFC625696F343F77B76D564.d.BA0FD47E2250D831EDEB6F06DF8FF902.e.4377/click - {}
RESULT: {}
COMMAND: POST /session/b41f127b71ced2e69bc7a594aec7d10c/execute/async - {"script":"<script> [1562 bytes]","args":[{"selector":{"controlType":"sap.m.StandardListItem","viewName":"reusables.view.manageresources.NewResourceUnit","viewId":"application-manageresources-display-component---newResourceUnit","properties":{"title":"Material"},"searchOpenDialogs":true,"interaction":{"idSuffix":"titleText"}},"wdio_ui5_key":"reusablesview.manageresources.NewResourceUnitsap.m.StandardListItem{\"title\":\"Material\"}"}]}
COMMAND: GET /session/b41f127b71ced2e69bc7a594aec7d10c/screenshot - {}
RESULT: {}
RESULT: {"script":"<script> [1562 bytes]","args":[{"selector":{"controlType":"sap.m.StandardListItem","viewName":"reusables.view.manageresources.NewResourceUnit","viewId":"application-manageresources-display-component---newResourceUnit","properties":{"title":"Material"},"searchOpenDialogs":true,"interaction":{"idSuffix":"titleText"}},"wdio_ui5_key":"reusablesview.manageresources.NewResourceUnitsap.m.StandardListItem{\"title\":\"Material\"}"}]}
RESULT: undefined
COMMAND: POST /session/b41f127b71ced2e69bc7a594aec7d10c/element - {"using":"xpath","value":"//*[@id=\"__item4545\"]"}
RESULT: {"using":"xpath","value":"//*[@id=\"__item4545\"]"}
COMMAND: POST /session/b41f127b71ced2e69bc7a594aec7d10c/element/f.D13B392FFCFC625696F343F77B76D564.d.BA0FD47E2250D831EDEB6F06DF8FF902.e.4380/click - {}
RESULT: {}
COMMAND: POST /session/b41f127b71ced2e69bc7a594aec7d10c/execute/async - {"script":"<script> [1562 bytes]","args":[{"selector":{"id":"application-manageresources-display-component---newResourceUnit--SHORT_TEXT","interaction":{"idSuffix":"inner"}},"wdio_ui5_key":"applicationmanageresources-display-component---newResourceUnit--SHORT_TEXT"}]}
COMMAND: GET /session/b41f127b71ced2e69bc7a594aec7d10c/screenshot - {}
RESULT: {"script":"<script> [1562 bytes]","args":[{"selector":{"id":"application-manageresources-display-component---newResourceUnit--SHORT_TEXT","interaction":{"idSuffix":"inner"}},"wdio_ui5_key":"applicationmanageresources-display-component---newResourceUnit--SHORT_TEXT"}]}
RESULT: undefined
COMMAND: POST /session/b41f127b71ced2e69bc7a594aec7d10c/execute/async - {"script":"<script> [776 bytes]","args":[{"enterText":"WebdriverRUR2C90yfw","selector":{"id":"application-manageresources-display-component---newResourceUnit--SHORT_TEXT","interaction":{"idSuffix":"inner"}},"clearTextFirst":true,"interactionType":"ENTER_TEXT"}]}
RESULT: {}
RESULT: {"script":"<script> [776 bytes]","args":[{"enterText":"WebdriverRUR2C90yfw","selector":{"id":"application-manageresources-display-component---newResourceUnit--SHORT_TEXT","interaction":{"idSuffix":"inner"}},"clearTextFirst":true,"interactionType":"ENTER_TEXT"}]}
COMMAND: POST /session/b41f127b71ced2e69bc7a594aec7d10c/execute/async - {"script":"<script> [1562 bytes]","args":[{"selector":{"id":"application-manageresources-display-component---newResourceUnit--BASE_UNIT_OF_MEASURE-arrow"},"wdio_ui5_key":"applicationmanageresources-display-component---newResourceUnit--BASE_UNIT_OF_MEASURE-arrow"}]}
RESULT: {"script":"<script> [1562 bytes]","args":[{"selector":{"id":"application-manageresources-display-component---newResourceUnit--BASE_UNIT_OF_MEASURE-arrow"},"wdio_ui5_key":"applicationmanageresources-display-component---newResourceUnit--BASE_UNIT_OF_MEASURE-arrow"}]}
RESULT: undefined
COMMAND: POST /session/b41f127b71ced2e69bc7a594aec7d10c/element - {"using":"xpath","value":"//*[@id=\"application-manageresources-display-component---newResourceUnit--BASE_UNIT_OF_MEASURE-arrow\"]"}
RESULT: {"using":"xpath","value":"//*[@id=\"application-manageresources-display-component---newResourceUnit--BASE_UNIT_OF_MEASURE-arrow\"]"}
COMMAND: POST /session/b41f127b71ced2e69bc7a594aec7d10c/element/f.D13B392FFCFC625696F343F77B76D564.d.BA0FD47E2250D831EDEB6F06DF8FF902.e.4436/click - {}
RESULT: {}
COMMAND: POST /session/b41f127b71ced2e69bc7a594aec7d10c/execute/async - {"script":"<script> [1562 bytes]","args":[{"selector":{"controlType":"sap.m.StandardListItem","viewName":"reusables.view.manageresources.NewResourceUnit","viewId":"application-manageresources-display-component---newResourceUnit","properties":{"title":"Piece"},"searchOpenDialogs":true,"interaction":{"idSuffix":"titleText"}},"wdio_ui5_key":"reusablesview.manageresources.NewResourceUnitsap.m.StandardListItem{\"title\":\"Piece\"}"}]}
COMMAND: GET /session/b41f127b71ced2e69bc7a594aec7d10c/screenshot - {}
RESULT: {"script":"<script> [1562 bytes]","args":[{"selector":{"controlType":"sap.m.StandardListItem","viewName":"reusables.view.manageresources.NewResourceUnit","viewId":"application-manageresources-display-component---newResourceUnit","properties":{"title":"Piece"},"searchOpenDialogs":true,"interaction":{"idSuffix":"titleText"}},"wdio_ui5_key":"reusablesview.manageresources.NewResourceUnitsap.m.StandardListItem{\"title\":\"Piece\"}"}]}
RESULT: undefined
COMMAND: POST /session/b41f127b71ced2e69bc7a594aec7d10c/element - {"using":"xpath","value":"//*[@id=\"__item4589\"]"}
RESULT: {}
RESULT: {"using":"xpath","value":"//*[@id=\"__item4589\"]"}
COMMAND: POST /session/b41f127b71ced2e69bc7a594aec7d10c/element/f.D13B392FFCFC625696F343F77B76D564.d.BA0FD47E2250D831EDEB6F06DF8FF902.e.4438/click - {}
RESULT: {}
COMMAND: POST /session/b41f127b71ced2e69bc7a594aec7d10c/element - {"using":"xpath","value":"//input[contains(@id ,\"application-manageresources-display-component---newResourceUnit--SHORT_TEXT-inner\")]"}
COMMAND: GET /session/b41f127b71ced2e69bc7a594aec7d10c/screenshot - {}
RESULT: {"using":"xpath","value":"//input[contains(@id ,\"application-manageresources-display-component---newResourceUnit--SHORT_TEXT-inner\")]"}
COMMAND: GET /session/b41f127b71ced2e69bc7a594aec7d10c/element/f.D13B392FFCFC625696F343F77B76D564.d.BA0FD47E2250D831EDEB6F06DF8FF902.e.4397/property/value - {}
RESULT: {}
RESULT: {}
COMMAND: POST /session/b41f127b71ced2e69bc7a594aec7d10c/execute/async - {"script":"<script> [1562 bytes]","args":[{"selector":{"id":"application-manageresources-display-component---newResourceUnit--WEIGHT_UNIT-arrow"},"wdio_ui5_key":"applicationmanageresources-display-component---newResourceUnit--WEIGHT_UNIT-arrow"}]}
COMMAND: GET /session/b41f127b71ced2e69bc7a594aec7d10c/screenshot - {}
RESULT: {"script":"<script> [1562 bytes]","args":[{"selector":{"id":"application-manageresources-display-component---newResourceUnit--WEIGHT_UNIT-arrow"},"wdio_ui5_key":"applicationmanageresources-display-component---newResourceUnit--WEIGHT_UNIT-arrow"}]}
RESULT: undefined
COMMAND: POST /session/b41f127b71ced2e69bc7a594aec7d10c/element - {"using":"xpath","value":"//*[@id=\"application-manageresources-display-component---newResourceUnit--WEIGHT_UNIT-arrow\"]"}
RESULT: {}
RESULT: {"using":"xpath","value":"//*[@id=\"application-manageresources-display-component---newResourceUnit--WEIGHT_UNIT-arrow\"]"}
COMMAND: POST /session/b41f127b71ced2e69bc7a594aec7d10c/element/f.D13B392FFCFC625696F343F77B76D564.d.BA0FD47E2250D831EDEB6F06DF8FF902.e.4439/click - {}
RESULT: {}
COMMAND: POST /session/b41f127b71ced2e69bc7a594aec7d10c/execute/async - {"script":"<script> [1562 bytes]","args":[{"selector":{"controlType":"sap.m.StandardListItem","viewName":"reusables.view.manageresources.NewResourceUnit","viewId":"application-manageresources-display-component---newResourceUnit","properties":{"title":"Gram"},"searchOpenDialogs":true,"interaction":{"idSuffix":"content"}},"wdio_ui5_key":"reusablesview.manageresources.NewResourceUnitsap.m.StandardListItem{\"title\":\"Gram\"}"}]}
COMMAND: GET /session/b41f127b71ced2e69bc7a594aec7d10c/screenshot - {}
RESULT: {"script":"<script> [1562 bytes]","args":[{"selector":{"controlType":"sap.m.StandardListItem","viewName":"reusables.view.manageresources.NewResourceUnit","viewId":"application-manageresources-display-component---newResourceUnit","properties":{"title":"Gram"},"searchOpenDialogs":true,"interaction":{"idSuffix":"content"}},"wdio_ui5_key":"reusablesview.manageresources.NewResourceUnitsap.m.StandardListItem{\"title\":\"Gram\"}"}]}
RESULT: undefined
COMMAND: POST /session/b41f127b71ced2e69bc7a594aec7d10c/element - {"using":"xpath","value":"//*[@id=\"__item4654\"]"}
RESULT: {}
RESULT: {"using":"xpath","value":"//*[@id=\"__item4654\"]"}
COMMAND: POST /session/b41f127b71ced2e69bc7a594aec7d10c/element/f.D13B392FFCFC625696F343F77B76D564.d.BA0FD47E2250D831EDEB6F06DF8FF902.e.4441/click - {}
RESULT: {}
COMMAND: POST /session/b41f127b71ced2e69bc7a594aec7d10c/execute/async - {"script":"<script> [1562 bytes]","args":[{"selector":{"id":"application-manageresources-display-component---newResourceUnit--newRRUPage-OPHeaderContent-collapseBtn-img"},"wdio_ui5_key":"applicationmanageresources-display-component---newResourceUnit--newRRUPage-OPHeaderContent-collapseBtn-img"}]}
COMMAND: GET /session/b41f127b71ced2e69bc7a594aec7d10c/screenshot - {}
RESULT: {"script":"<script> [1562 bytes]","args":[{"selector":{"id":"application-manageresources-display-component---newResourceUnit--newRRUPage-OPHeaderContent-collapseBtn-img"},"wdio_ui5_key":"applicationmanageresources-display-component---newResourceUnit--newRRUPage-OPHeaderContent-collapseBtn-img"}]}
RESULT: undefined
COMMAND: POST /session/b41f127b71ced2e69bc7a594aec7d10c/element - {"using":"xpath","value":"//*[@id=\"application-manageresources-display-component---newResourceUnit--newRRUPage-OPHeaderContent-collapseBtn-img\"]"}
RESULT: {}
RESULT: {"using":"xpath","value":"//*[@id=\"application-manageresources-display-component---newResourceUnit--newRRUPage-OPHeaderContent-collapseBtn-img\"]"}
COMMAND: POST /session/b41f127b71ced2e69bc7a594aec7d10c/element/f.D13B392FFCFC625696F343F77B76D564.d.BA0FD47E2250D831EDEB6F06DF8FF902.e.4387/click - {}
RESULT: {}
COMMAND: GET /session/b41f127b71ced2e69bc7a594aec7d10c/screenshot - {}
RESULT: {}
COMMAND: POST /session/b41f127b71ced2e69bc7a594aec7d10c/element - {"using":"xpath","value":"(//span[contains(@id ,\"application-manageresources-display-component---newResourceUnit--DIMENSION_UNIT-arrow\")])[1]"}
RESULT: {"using":"xpath","value":"(//span[contains(@id ,\"application-manageresources-display-component---newResourceUnit--DIMENSION_UNIT-arrow\")])[1]"}
COMMAND: POST /session/b41f127b71ced2e69bc7a594aec7d10c/element/f.D13B392FFCFC625696F343F77B76D564.d.BA0FD47E2250D831EDEB6F06DF8FF902.e.4447/click - {}
RESULT: {}
COMMAND: GET /session/b41f127b71ced2e69bc7a594aec7d10c/screenshot - {}
RESULT: {}
COMMAND: POST /session/b41f127b71ced2e69bc7a594aec7d10c/execute/async - {"script":"<script> [1562 bytes]","args":[{"selector":{"controlType":"sap.m.StandardListItem","viewName":"reusables.view.manageresources.NewResourceUnit","viewId":"application-manageresources-display-component---newResourceUnit","properties":{"title":"Centimeter"},"searchOpenDialogs":true,"interaction":{"idSuffix":"titleText"}},"wdio_ui5_key":"reusablesview.manageresources.NewResourceUnitsap.m.StandardListItem{\"title\":\"Centimeter\"}"}]}
RESULT: {"script":"<script> [1562 bytes]","args":[{"selector":{"controlType":"sap.m.StandardListItem","viewName":"reusables.view.manageresources.NewResourceUnit","viewId":"application-manageresources-display-component---newResourceUnit","properties":{"title":"Centimeter"},"searchOpenDialogs":true,"interaction":{"idSuffix":"titleText"}},"wdio_ui5_key":"reusablesview.manageresources.NewResourceUnitsap.m.StandardListItem{\"title\":\"Centimeter\"}"}]}
RESULT: undefined
COMMAND: POST /session/b41f127b71ced2e69bc7a594aec7d10c/element - {"using":"xpath","value":"//*[@id=\"__item4657\"]"}
RESULT: {"using":"xpath","value":"//*[@id=\"__item4657\"]"}
COMMAND: POST /session/b41f127b71ced2e69bc7a594aec7d10c/element/f.D13B392FFCFC625696F343F77B76D564.d.BA0FD47E2250D831EDEB6F06DF8FF902.e.4449/click - {}
RESULT: {}
COMMAND: POST /session/b41f127b71ced2e69bc7a594aec7d10c/execute/async - {"script":"<script> [1562 bytes]","args":[{"selector":{"id":"application-manageresources-display-component---newResourceUnit--newRRUPage-anchBar-application-manageresources-display-component---newResourceUnit--reference-anchor","interaction":{"idSuffix":"BDI-content"}},"wdio_ui5_key":"applicationmanageresources-display-component---newResourceUnit--newRRUPage-anchBar-application-manageresources-display-component---newResourceUnit--reference-anchor"}]}
COMMAND: GET /session/b41f127b71ced2e69bc7a594aec7d10c/screenshot - {}
RESULT: {"script":"<script> [1562 bytes]","args":[{"selector":{"id":"application-manageresources-display-component---newResourceUnit--newRRUPage-anchBar-application-manageresources-display-component---newResourceUnit--reference-anchor","interaction":{"idSuffix":"BDI-content"}},"wdio_ui5_key":"applicationmanageresources-display-component---newResourceUnit--newRRUPage-anchBar-application-manageresources-display-component---newResourceUnit--reference-anchor"}]}
RESULT: undefined
COMMAND: POST /session/b41f127b71ced2e69bc7a594aec7d10c/element - {"using":"xpath","value":"//*[@id=\"application-manageresources-display-component---newResourceUnit--newRRUPage-anchBar-application-manageresources-display-component---newResourceUnit--reference-anchor\"]"}
RESULT: {}
RESULT: {"using":"xpath","value":"//*[@id=\"application-manageresources-display-component---newResourceUnit--newRRUPage-anchBar-application-manageresources-display-component---newResourceUnit--reference-anchor\"]"}
COMMAND: POST /session/b41f127b71ced2e69bc7a594aec7d10c/element/f.D13B392FFCFC625696F343F77B76D564.d.BA0FD47E2250D831EDEB6F06DF8FF902.e.4451/click - {}
RESULT: {}
COMMAND: POST /session/b41f127b71ced2e69bc7a594aec7d10c/execute/async - {"script":"<script> [1562 bytes]","args":[{"selector":{"id":"application-manageresources-display-component---newResourceUnit--PLANNING_GROUP-arrow"},"wdio_ui5_key":"applicationmanageresources-display-component---newResourceUnit--PLANNING_GROUP-arrow"}]}
COMMAND: GET /session/b41f127b71ced2e69bc7a594aec7d10c/screenshot - {}
RESULT: {"script":"<script> [1562 bytes]","args":[{"selector":{"id":"application-manageresources-display-component---newResourceUnit--PLANNING_GROUP-arrow"},"wdio_ui5_key":"applicationmanageresources-display-component---newResourceUnit--PLANNING_GROUP-arrow"}]}
RESULT: undefined
COMMAND: POST /session/b41f127b71ced2e69bc7a594aec7d10c/element - {"using":"xpath","value":"//*[@id=\"application-manageresources-display-component---newResourceUnit--PLANNING_GROUP-arrow\"]"}
RESULT: {}
RESULT: {"using":"xpath","value":"//*[@id=\"application-manageresources-display-component---newResourceUnit--PLANNING_GROUP-arrow\"]"}
COMMAND: POST /session/b41f127b71ced2e69bc7a594aec7d10c/element/f.D13B392FFCFC625696F343F77B76D564.d.BA0FD47E2250D831EDEB6F06DF8FF902.e.4455/click - {}
RESULT: {}
COMMAND: POST /session/b41f127b71ced2e69bc7a594aec7d10c/execute/async - {"script":"<script> [1562 bytes]","args":[{"selector":{"controlType":"sap.m.StandardListItem","viewName":"reusables.view.manageresources.NewResourceUnit","viewId":"application-manageresources-display-component---newResourceUnit","properties":{"title":"Heavy Equi"},"searchOpenDialogs":true,"interaction":{"idSuffix":"content"}},"wdio_ui5_key":"reusablesview.manageresources.NewResourceUnitsap.m.StandardListItem{\"title\":\"Heavy Equi\"}"}]}
COMMAND: GET /session/b41f127b71ced2e69bc7a594aec7d10c/screenshot - {}
RESULT: {"script":"<script> [1562 bytes]","args":[{"selector":{"controlType":"sap.m.StandardListItem","viewName":"reusables.view.manageresources.NewResourceUnit","viewId":"application-manageresources-display-component---newResourceUnit","properties":{"title":"Heavy Equi"},"searchOpenDialogs":true,"interaction":{"idSuffix":"content"}},"wdio_ui5_key":"reusablesview.manageresources.NewResourceUnitsap.m.StandardListItem{\"title\":\"Heavy Equi\"}"}]}
RESULT: undefined
COMMAND: POST /session/b41f127b71ced2e69bc7a594aec7d10c/element - {"using":"xpath","value":"//*[@id=\"__item4665\"]"}
RESULT: {}
RESULT: {"using":"xpath","value":"//*[@id=\"__item4665\"]"}
COMMAND: POST /session/b41f127b71ced2e69bc7a594aec7d10c/element/f.D13B392FFCFC625696F343F77B76D564.d.BA0FD47E2250D831EDEB6F06DF8FF902.e.4459/click - {}
RESULT: {}
COMMAND: GET /session/b41f127b71ced2e69bc7a594aec7d10c/screenshot - {}
RESULT: {}
COMMAND: POST /session/b41f127b71ced2e69bc7a594aec7d10c/execute/async - {"script":"<script> [1562 bytes]","args":[{"selector":{"id":"application-manageresources-display-component---newResourceUnit--PLANNING_INDICATOR-arrow"},"wdio_ui5_key":"applicationmanageresources-display-component---newResourceUnit--PLANNING_INDICATOR-arrow"}]}
RESULT: {"script":"<script> [1562 bytes]","args":[{"selector":{"id":"application-manageresources-display-component---newResourceUnit--PLANNING_INDICATOR-arrow"},"wdio_ui5_key":"applicationmanageresources-display-component---newResourceUnit--PLANNING_INDICATOR-arrow"}]}
RESULT: undefined
COMMAND: POST /session/b41f127b71ced2e69bc7a594aec7d10c/element - {"using":"xpath","value":"//*[@id=\"application-manageresources-display-component---newResourceUnit--PLANNING_INDICATOR-arrow\"]"}
RESULT: {"using":"xpath","value":"//*[@id=\"application-manageresources-display-component---newResourceUnit--PLANNING_INDICATOR-arrow\"]"}
COMMAND: POST /session/b41f127b71ced2e69bc7a594aec7d10c/element/f.D13B392FFCFC625696F343F77B76D564.d.BA0FD47E2250D831EDEB6F06DF8FF902.e.4460/click - {}
RESULT: {}
COMMAND: POST /session/b41f127b71ced2e69bc7a594aec7d10c/execute/async - {"script":"<script> [1562 bytes]","args":[{"selector":{"controlType":"sap.m.StandardListItem","viewName":"reusables.view.manageresources.NewResourceUnit","viewId":"application-manageresources-display-component---newResourceUnit","properties":{"title":"10 - infinite"},"searchOpenDialogs":true,"interaction":{"idSuffix":"content"}},"wdio_ui5_key":"reusablesview.manageresources.NewResourceUnitsap.m.StandardListItem{\"title\":\"10 - infinite\"}"}]}
COMMAND: GET /session/b41f127b71ced2e69bc7a594aec7d10c/screenshot - {}
RESULT: {"script":"<script> [1562 bytes]","args":[{"selector":{"controlType":"sap.m.StandardListItem","viewName":"reusables.view.manageresources.NewResourceUnit","viewId":"application-manageresources-display-component---newResourceUnit","properties":{"title":"10 - infinite"},"searchOpenDialogs":true,"interaction":{"idSuffix":"content"}},"wdio_ui5_key":"reusablesview.manageresources.NewResourceUnitsap.m.StandardListItem{\"title\":\"10 - infinite\"}"}]}
RESULT: undefined
COMMAND: POST /session/b41f127b71ced2e69bc7a594aec7d10c/element - {"using":"xpath","value":"//*[@id=\"__item4675\"]"}
RESULT: {}
RESULT: {"using":"xpath","value":"//*[@id=\"__item4675\"]"}
COMMAND: POST /session/b41f127b71ced2e69bc7a594aec7d10c/element/f.D13B392FFCFC625696F343F77B76D564.d.BA0FD47E2250D831EDEB6F06DF8FF902.e.4462/click - {}
RESULT: {}
COMMAND: GET /session/b41f127b71ced2e69bc7a594aec7d10c/screenshot - {}
RESULT: {}
COMMAND: POST /session/b41f127b71ced2e69bc7a594aec7d10c/element - {"using":"xpath","value":"//bdi[contains(text(), \"Time Segment\")]"}
RESULT: {"using":"xpath","value":"//bdi[contains(text(), \"Time Segment\")]"}
COMMAND: GET /session/b41f127b71ced2e69bc7a594aec7d10c/element/f.D13B392FFCFC625696F343F77B76D564.d.BA0FD47E2250D831EDEB6F06DF8FF902.e.4463/rect - {}
RESULT: {}
COMMAND: GET /session/b41f127b71ced2e69bc7a594aec7d10c/window/rect - {}
RESULT: {}
COMMAND: POST /session/b41f127b71ced2e69bc7a594aec7d10c/execute/sync - {"script":"<script> [92 bytes]","args":[]}
RESULT: {"script":"<script> [92 bytes]","args":[]}
COMMAND: POST /session/b41f127b71ced2e69bc7a594aec7d10c/actions - {"actions":[{"id":"action34","type":"wheel","parameters":{},"actions":[{"type":"scroll","x":-1820,"y":-21,"deltaX":0,"deltaY":0,"duration":0,"origin":{"element-6066-11e4-a52e-4f735466cecf":"f.D13B392FFCFC625696F343F77B76D564.d.BA0FD47E2250D831EDEB6F06DF8FF902.e.4463"}}]}]}
COMMAND: GET /session/b41f127b71ced2e69bc7a594aec7d10c/screenshot - {}
RESULT: {}
COMMAND: POST /session/b41f127b71ced2e69bc7a594aec7d10c/execute/sync - {"script":"<script> [79 bytes]","args":[{"element-6066-11e4-a52e-4f735466cecf":"f.D13B392FFCFC625696F343F77B76D564.d.BA0FD47E2250D831EDEB6F06DF8FF902.e.4463","ELEMENT":"f.D13B392FFCFC625696F343F77B76D564.d.BA0FD47E2250D831EDEB6F06DF8FF902.e.4463"},{"block":"start","inline":"nearest"}]}
RESULT: {"script":"<script> [79 bytes]","args":[{"element-6066-11e4-a52e-4f735466cecf":"f.D13B392FFCFC625696F343F77B76D564.d.BA0FD47E2250D831EDEB6F06DF8FF902.e.4463","ELEMENT":"f.D13B392FFCFC625696F343F77B76D564.d.BA0FD47E2250D831EDEB6F06DF8FF902.e.4463"},{"block":"start","inline":"nearest"}]}
COMMAND: GET /session/b41f127b71ced2e69bc7a594aec7d10c/screenshot - {}
RESULT: {}
COMMAND: POST /session/b41f127b71ced2e69bc7a594aec7d10c/element - {"using":"xpath","value":"//span[@id=\"application-manageresources-display-component---newResourceUnit--btnAddTimeSegment-img\"]"}
RESULT: {"using":"xpath","value":"//span[@id=\"application-manageresources-display-component---newResourceUnit--btnAddTimeSegment-img\"]"}
COMMAND: POST /session/b41f127b71ced2e69bc7a594aec7d10c/execute/sync - {"script":"<script> [8489 bytes]","args":[{"element-6066-11e4-a52e-4f735466cecf":"f.D13B392FFCFC625696F343F77B76D564.d.BA0FD47E2250D831EDEB6F06DF8FF902.e.4466","ELEMENT":"f.D13B392FFCFC625696F343F77B76D564.d.BA0FD47E2250D831EDEB6F06DF8FF902.e.4466"}]}
RESULT: {"script":"<script> [8489 bytes]","args":[{"element-6066-11e4-a52e-4f735466cecf":"f.D13B392FFCFC625696F343F77B76D564.d.BA0FD47E2250D831EDEB6F06DF8FF902.e.4466","ELEMENT":"f.D13B392FFCFC625696F343F77B76D564.d.BA0FD47E2250D831EDEB6F06DF8FF902.e.4466"}]}
COMMAND: POST /session/b41f127b71ced2e69bc7a594aec7d10c/element/f.D13B392FFCFC625696F343F77B76D564.d.BA0FD47E2250D831EDEB6F06DF8FF902.e.4466/click - {}
COMMAND: GET /session/b41f127b71ced2e69bc7a594aec7d10c/screenshot - {}
RESULT: {}
COMMAND: GET /session/b41f127b71ced2e69bc7a594aec7d10c/screenshot - {}
COMMAND: POST /session/b41f127b71ced2e69bc7a594aec7d10c/element - {"using":"xpath","value":"//input[@id=\"application-manageresources-display-component---newResourceUnit--idRuTSAdmin-application-manageresources-display-component---newResourceUnit--RUTimeSegment-0-inner\"]"}
RESULT: {}
RESULT: {}
RESULT: {"using":"xpath","value":"//input[@id=\"application-manageresources-display-component---newResourceUnit--idRuTSAdmin-application-manageresources-display-component---newResourceUnit--RUTimeSegment-0-inner\"]"}
COMMAND: POST /session/b41f127b71ced2e69bc7a594aec7d10c/element/f.D13B392FFCFC625696F343F77B76D564.d.BA0FD47E2250D831EDEB6F06DF8FF902.e.4469/clear - {}
RESULT: {}
COMMAND: POST /session/b41f127b71ced2e69bc7a594aec7d10c/element/f.D13B392FFCFC625696F343F77B76D564.d.BA0FD47E2250D831EDEB6F06DF8FF902.e.4469/value - {"text":"WebdriverYardt3rf2"}
COMMAND: GET /session/b41f127b71ced2e69bc7a594aec7d10c/screenshot - {}
RESULT: {"text":"WebdriverYardt3rf2"}
COMMAND: GET /session/b41f127b71ced2e69bc7a594aec7d10c/screenshot - {}
RESULT: {}
RESULT: {}
COMMAND: POST /session/b41f127b71ced2e69bc7a594aec7d10c/actions - {"actions":[{"id":"action35","type":"key","parameters":{},"actions":[{"type":"keyDown","value":"î€‡"},{"type":"pause","duration":10},{"type":"keyUp","value":"î€‡"}]}]}
RESULT: {"actions":[{"id":"action35","type":"key","parameters":{},"actions":[{"type":"keyDown","value":"î€‡"},{"type":"pause","duration":10},{"type":"keyUp","value":"î€‡"}]}]}
COMMAND: GET /session/b41f127b71ced2e69bc7a594aec7d10c/screenshot - {}
RESULT: {}
COMMAND: POST /session/b41f127b71ced2e69bc7a594aec7d10c/execute/async - {"script":"<script> [1562 bytes]","args":[{"selector":{"controlType":"sap.m.Button","viewName":"reusables.view.manageresources.NewResourceUnit","viewId":"application-manageresources-display-component---newResourceUnit","i18NText":{"propertyName":"tooltip","key":"save"},"interaction":{"idSuffix":"BDI-content"}},"wdio_ui5_key":"reusablesview.manageresources.NewResourceUnitsap.m.Button{\"propertyName\":\"tooltip\",\"key\":\"save\"}"}]}
RESULT: {"script":"<script> [1562 bytes]","args":[{"selector":{"controlType":"sap.m.Button","viewName":"reusables.view.manageresources.NewResourceUnit","viewId":"application-manageresources-display-component---newResourceUnit","i18NText":{"propertyName":"tooltip","key":"save"},"interaction":{"idSuffix":"BDI-content"}},"wdio_ui5_key":"reusablesview.manageresources.NewResourceUnitsap.m.Button{\"propertyName\":\"tooltip\",\"key\":\"save\"}"}]}
RESULT: undefined
COMMAND: POST /session/b41f127b71ced2e69bc7a594aec7d10c/element - {"using":"xpath","value":"//*[@id=\"application-manageresources-display-component---newResourceUnit--createRuButton\"]"}
RESULT: {"using":"xpath","value":"//*[@id=\"application-manageresources-display-component---newResourceUnit--createRuButton\"]"}
COMMAND: POST /session/b41f127b71ced2e69bc7a594aec7d10c/element/f.D13B392FFCFC625696F343F77B76D564.d.BA0FD47E2250D831EDEB6F06DF8FF902.e.4393/click - {}
RESULT: {}
COMMAND: GET /session/b41f127b71ced2e69bc7a594aec7d10c/screenshot - {}
RESULT: {}
COMMAND: POST /session/b41f127b71ced2e69bc7a594aec7d10c/execute/async - {"script":"<script> [1562 bytes]","args":[{"selector":{"controlType":"sap.m.Title","properties":{"text":"Success"},"searchOpenDialogs":true},"wdio_ui5_key":"sapm.Title{\"text\":\"Success\"}"}]}
RESULT: {"script":"<script> [1562 bytes]","args":[{"selector":{"controlType":"sap.m.Title","properties":{"text":"Success"},"searchOpenDialogs":true},"wdio_ui5_key":"sapm.Title{\"text\":\"Success\"}"}]}
RESULT: undefined
COMMAND: POST /session/b41f127b71ced2e69bc7a594aec7d10c/execute/async - {"script":"<script> [6424 bytes]","args":[{"element-6066-11e4-a52e-4f735466cecf":"f.D13B392FFCFC625696F343F77B76D564.d.BA0FD47E2250D831EDEB6F06DF8FF902.e.4482"},"getText",[]]}
RESULT: {"script":"<script> [6424 bytes]","args":[{"element-6066-11e4-a52e-4f735466cecf":"f.D13B392FFCFC625696F343F77B76D564.d.BA0FD47E2250D831EDEB6F06DF8FF902.e.4482"},"getText",[]]}
COMMAND: POST /session/b41f127b71ced2e69bc7a594aec7d10c/element - {"using":"xpath","value":"//*[contains(@id, '__text') and (contains(text(), 'successfully created') or contains(., 'successfully created'))]"}
RESULT: {"using":"xpath","value":"//*[contains(@id, '__text') and (contains(text(), 'successfully created') or contains(., 'successfully created'))]"}
COMMAND: GET /session/b41f127b71ced2e69bc7a594aec7d10c/element/f.D13B392FFCFC625696F343F77B76D564.d.BA0FD47E2250D831EDEB6F06DF8FF902.e.4480/text - {}
RESULT: {}
COMMAND: POST /session/b41f127b71ced2e69bc7a594aec7d10c/execute/async - {"script":"<script> [1562 bytes]","args":[{"selector":{"controlType":"sap.m.Button","properties":{"text":"Close"},"searchOpenDialogs":true,"interaction":{"idSuffix":"BDI-content"}},"wdio_ui5_key":"sapm.Button{\"text\":\"Close\"}"}]}
RESULT: {"script":"<script> [1562 bytes]","args":[{"selector":{"controlType":"sap.m.Button","properties":{"text":"Close"},"searchOpenDialogs":true,"interaction":{"idSuffix":"BDI-content"}},"wdio_ui5_key":"sapm.Button{\"text\":\"Close\"}"}]}
RESULT: undefined
COMMAND: POST /session/b41f127b71ced2e69bc7a594aec7d10c/element - {"using":"xpath","value":"//*[@id=\"__mbox-btn-1\"]"}
RESULT: {"using":"xpath","value":"//*[@id=\"__mbox-btn-1\"]"}
COMMAND: POST /session/b41f127b71ced2e69bc7a594aec7d10c/element/f.D13B392FFCFC625696F343F77B76D564.d.BA0FD47E2250D831EDEB6F06DF8FF902.e.4479/click - {}
RESULT: {}
COMMAND: GET /session/b41f127b71ced2e69bc7a594aec7d10c/screenshot - {}
RESULT: {}
COMMAND: POST /session/b41f127b71ced2e69bc7a594aec7d10c/execute/async - {"script":"<script> [1562 bytes]","args":[{"selector":{"controlType":"sap.ui.core.Icon","viewName":"etm.portal.ui.manageresources.view.Detail","viewId":"application-manageresources-display-component---detailRU","properties":{"src":{"regex":{"source":"overflow"}}}},"wdio_ui5_key":"etmportal.ui.manageresources.view.Detailsap.ui.core.Icon{\"src\":{\"regex\":{\"source\":\"overflow\"}}}"}]}
RESULT: {"script":"<script> [1562 bytes]","args":[{"selector":{"controlType":"sap.ui.core.Icon","viewName":"etm.portal.ui.manageresources.view.Detail","viewId":"application-manageresources-display-component---detailRU","properties":{"src":{"regex":{"source":"overflow"}}}},"wdio_ui5_key":"etmportal.ui.manageresources.view.Detailsap.ui.core.Icon{\"src\":{\"regex\":{\"source\":\"overflow\"}}}"}]}
RESULT: undefined
COMMAND: POST /session/b41f127b71ced2e69bc7a594aec7d10c/element - {"using":"xpath","value":"//*[@id=\"__title82-_actionsToolbar-overflowButton-img\"]"}
RESULT: {"using":"xpath","value":"//*[@id=\"__title82-_actionsToolbar-overflowButton-img\"]"}
COMMAND: POST /session/b41f127b71ced2e69bc7a594aec7d10c/element/f.D13B392FFCFC625696F343F77B76D564.d.BA0FD47E2250D831EDEB6F06DF8FF902.e.4512/click - {}
RESULT: {}
COMMAND: POST /session/b41f127b71ced2e69bc7a594aec7d10c/execute/async - {"script":"<script> [1562 bytes]","args":[{"selector":{"controlType":"sap.m.Button","viewName":"etm.portal.ui.manageresources.view.Detail","viewId":"application-manageresources-display-component---detailRU","i18NText":{"propertyName":"tooltip","key":"closeColumn"},"searchOpenDialogs":true,"interaction":{"idSuffix":"inner"}},"wdio_ui5_key":"etmportal.ui.manageresources.view.Detailsap.m.Button{\"propertyName\":\"tooltip\",\"key\":\"closeColumn\"}"}]}
COMMAND: GET /session/b41f127b71ced2e69bc7a594aec7d10c/screenshot - {}
RESULT: {"script":"<script> [1562 bytes]","args":[{"selector":{"controlType":"sap.m.Button","viewName":"etm.portal.ui.manageresources.view.Detail","viewId":"application-manageresources-display-component---detailRU","i18NText":{"propertyName":"tooltip","key":"closeColumn"},"searchOpenDialogs":true,"interaction":{"idSuffix":"inner"}},"wdio_ui5_key":"etmportal.ui.manageresources.view.Detailsap.m.Button{\"propertyName\":\"tooltip\",\"key\":\"closeColumn\"}"}]}
RESULT: undefined
COMMAND: POST /session/b41f127b71ced2e69bc7a594aec7d10c/element - {"using":"xpath","value":"//*[@id=\"__button251\"]"}
RESULT: {}
RESULT: {"using":"xpath","value":"//*[@id=\"__button251\"]"}
COMMAND: POST /session/b41f127b71ced2e69bc7a594aec7d10c/element/f.D13B392FFCFC625696F343F77B76D564.d.BA0FD47E2250D831EDEB6F06DF8FF902.e.4516/click - {}
RESULT: {}
COMMAND: GET /session/b41f127b71ced2e69bc7a594aec7d10c/screenshot - {}
RESULT: {}
COMMAND: POST /session/b41f127b71ced2e69bc7a594aec7d10c/refresh - {}
RESULT: {}
COMMAND: GET /session/b41f127b71ced2e69bc7a594aec7d10c/screenshot - {}
RESULT: {}
COMMAND: POST /session/b41f127b71ced2e69bc7a594aec7d10c/execute/async - {"script":"<script> [189 bytes]","args":[]}
RESULT: {"script":"<script> [189 bytes]","args":[]}
COMMAND: POST /session/b41f127b71ced2e69bc7a594aec7d10c/execute/async - {"script":"<script> [123 bytes]","args":[]}
RESULT: {"script":"<script> [123 bytes]","args":[]}
COMMAND: POST /session/b41f127b71ced2e69bc7a594aec7d10c/timeouts - {"script":"<number>"}
RESULT: {"script":"<number>"}
COMMAND: GET /session/b41f127b71ced2e69bc7a594aec7d10c/timeouts - {}
RESULT: {}
RESULT: undefined
COMMAND: POST /session/b41f127b71ced2e69bc7a594aec7d10c/execute/async - {"script":"<script> [2676 bytes]","args":[]}
RESULT: {"script":"<script> [2676 bytes]","args":[]}
COMMAND: POST /session/b41f127b71ced2e69bc7a594aec7d10c/execute/async - {"script":"<script> [2342 bytes]","args":[{"protocol":"http","hostname":"0.0.0.0","path":"/","capabilities":{"browserName":"chrome","goog:chromeOptions":{"binary":"C:\\Program Files\\Google\\Chrome\\Application\\chrome.exe","args":["--start-maximized"]}},"logLevel":"warn","connectionRetryTimeout":120000,"connectionRetryCount":3,"logLevels":{},"enableDirectConnect":true,"strictSSL":true,"_":"65 more keys: [\"cacheDir\",\"port\",\"requestedCapabilities\",\"automationProtocol\",\"baseUrl\",\"waitforInterval\",\"waitforTimeout\",\"onReload\",\"beforeCommand\",\"afterCommand\",\"rootDir\",\"specs\",\"suites\",\"exclude\",\"groupLogsByTestSpec\",\"excludeDriverLogs\",\"bail\",\"framework\",\"reporters\",\"services\",\"maxInstances\",\"maxInstancesPerCapability\",\"injectGlobals\",\"filesToWatch\",\"execArgv\",\"runnerEnv\",\"runner\",\"shard\",\"specFileRetries\",\"specFileRetriesDelay\",\"specFileRetriesDeferred\",\"reporterSyncInterval\",\"reporterSyncTimeout\",\"cucumberFeaturesWithLineNumbers\",\"autoCompileOpts\",\"mochaOpts\",\"jasmineOpts\",\"cucumberOpts\",\"onPrepare\",\"onWorkerStart\",\"onWorkerEnd\",\"before\",\"beforeSession\",\"beforeSuite\",\"beforeHook\",\"beforeTest\",\"afterTest\",\"afterHook\",\"afterSuite\",\"afterSession\",\"after\",\"onComplete\",\"beforeAssertion\",\"afterAssertion\",\"beforeFeature\",\"beforeScenario\",\"beforeStep\",\"afterStep\",\"afterScenario\",\"afterFeature\",\"_\",\"suite\",\"$0\",\"ignoredWorkerServices\",\"wdi5\"]"}]}
RESULT: {"script":"<script> [2342 bytes]","args":[{"protocol":"http","hostname":"0.0.0.0","path":"/","capabilities":{"browserName":"chrome","goog:chromeOptions":{"binary":"C:\\Program Files\\Google\\Chrome\\Application\\chrome.exe","args":["--start-maximized"]}},"logLevel":"warn","connectionRetryTimeout":120000,"connectionRetryCount":3,"logLevels":{},"enableDirectConnect":true,"strictSSL":true,"_":"65 more keys: [\"cacheDir\",\"port\",\"requestedCapabilities\",\"automationProtocol\",\"baseUrl\",\"waitforInterval\",\"waitforTimeout\",\"onReload\",\"beforeCommand\",\"afterCommand\",\"rootDir\",\"specs\",\"suites\",\"exclude\",\"groupLogsByTestSpec\",\"excludeDriverLogs\",\"bail\",\"framework\",\"reporters\",\"services\",\"maxInstances\",\"maxInstancesPerCapability\",\"injectGlobals\",\"filesToWatch\",\"execArgv\",\"runnerEnv\",\"runner\",\"shard\",\"specFileRetries\",\"specFileRetriesDelay\",\"specFileRetriesDeferred\",\"reporterSyncInterval\",\"reporterSyncTimeout\",\"cucumberFeaturesWithLineNumbers\",\"autoCompileOpts\",\"mochaOpts\",\"jasmineOpts\",\"cucumberOpts\",\"onPrepare\",\"onWorkerStart\",\"onWorkerEnd\",\"before\",\"beforeSession\",\"beforeSuite\",\"beforeHook\",\"beforeTest\",\"afterTest\",\"afterHook\",\"afterSuite\",\"afterSession\",\"after\",\"onComplete\",\"beforeAssertion\",\"afterAssertion\",\"beforeFeature\",\"beforeScenario\",\"beforeStep\",\"afterStep\",\"afterScenario\",\"afterFeature\",\"_\",\"suite\",\"$0\",\"ignoredWorkerServices\",\"wdi5\"]"}]}
COMMAND: POST /session/b41f127b71ced2e69bc7a594aec7d10c/execute/async - {"script":"<script> [21126 bytes]","args":[35000]}
RESULT: {"script":"<script> [21126 bytes]","args":[35000]}
COMMAND: POST /session/b41f127b71ced2e69bc7a594aec7d10c/element - {"using":"css selector","value":"#shell-header-logo"}
RESULT: {"using":"css selector","value":"#shell-header-logo"}
COMMAND: POST /session/b41f127b71ced2e69bc7a594aec7d10c/element/f.D13B392FFCFC625696F343F77B76D564.d.D97C484B2CA33F4CA9AAA12534D55139.e.4620/click - {}
RESULT: {}
COMMAND: GET /session/b41f127b71ced2e69bc7a594aec7d10c/screenshot - {}
RESULT: {}
COMMAND: POST /session/b41f127b71ced2e69bc7a594aec7d10c/element - {"using":"css selector","value":"#shell-header-logo"}
RESULT: {"using":"css selector","value":"#shell-header-logo"}
COMMAND: POST /session/b41f127b71ced2e69bc7a594aec7d10c/element/f.D13B392FFCFC625696F343F77B76D564.d.D97C484B2CA33F4CA9AAA12534D55139.e.4797/click - {}
RESULT: {}
COMMAND: GET /session/b41f127b71ced2e69bc7a594aec7d10c/screenshot - {}
RESULT: {}
]]></system-out>
    </testcase>
    <testcase classname="chrome.135_0_7049_96.windows.Manage_request_+_Contract_processing_pick_up_option_US120163_" name="Should Create New Request pick up option" time="196.149">
      <system-out><![CDATA[
COMMAND: POST /session/b41f127b71ced2e69bc7a594aec7d10c/element - {"using":"css selector","value":"#shell-header-logo"}
RESULT: {"using":"css selector","value":"#shell-header-logo"}
COMMAND: POST /session/b41f127b71ced2e69bc7a594aec7d10c/element/f.D13B392FFCFC625696F343F77B76D564.d.D97C484B2CA33F4CA9AAA12534D55139.e.4797/click - {}
RESULT: {}
COMMAND: GET /session/b41f127b71ced2e69bc7a594aec7d10c/screenshot - {}
RESULT: {}
COMMAND: POST /session/b41f127b71ced2e69bc7a594aec7d10c/execute/async - {"script":"<script> [1562 bytes]","args":[{"selector":{"controlType":"sap.m.GenericTile","properties":{"header":"Manage Requests"}},"wdio_ui5_key":"sapm.GenericTile{\"header\":\"Manage Requests\"}"}]}
RESULT: {"script":"<script> [1562 bytes]","args":[{"selector":{"controlType":"sap.m.GenericTile","properties":{"header":"Manage Requests"}},"wdio_ui5_key":"sapm.GenericTile{\"header\":\"Manage Requests\"}"}]}
RESULT: undefined
COMMAND: POST /session/b41f127b71ced2e69bc7a594aec7d10c/element - {"using":"xpath","value":"//*[@id=\"__tile47\"]"}
RESULT: {"using":"xpath","value":"//*[@id=\"__tile47\"]"}
COMMAND: POST /session/b41f127b71ced2e69bc7a594aec7d10c/element/f.D13B392FFCFC625696F343F77B76D564.d.D97C484B2CA33F4CA9AAA12534D55139.e.4806/click - {}
RESULT: {}
COMMAND: GET /session/b41f127b71ced2e69bc7a594aec7d10c/screenshot - {}
RESULT: {}
COMMAND: POST /session/b41f127b71ced2e69bc7a594aec7d10c/refresh - {}
RESULT: {}
COMMAND: GET /session/b41f127b71ced2e69bc7a594aec7d10c/screenshot - {}
RESULT: {}
COMMAND: POST /session/b41f127b71ced2e69bc7a594aec7d10c/execute/async - {"script":"<script> [189 bytes]","args":[]}
RESULT: {"script":"<script> [189 bytes]","args":[]}
COMMAND: POST /session/b41f127b71ced2e69bc7a594aec7d10c/execute/async - {"script":"<script> [123 bytes]","args":[]}
RESULT: {"script":"<script> [123 bytes]","args":[]}
COMMAND: POST /session/b41f127b71ced2e69bc7a594aec7d10c/timeouts - {"script":"<number>"}
RESULT: {"script":"<number>"}
COMMAND: GET /session/b41f127b71ced2e69bc7a594aec7d10c/timeouts - {}
RESULT: {}
RESULT: undefined
COMMAND: POST /session/b41f127b71ced2e69bc7a594aec7d10c/execute/async - {"script":"<script> [2676 bytes]","args":[]}
RESULT: {"script":"<script> [2676 bytes]","args":[]}
COMMAND: POST /session/b41f127b71ced2e69bc7a594aec7d10c/execute/async - {"script":"<script> [2342 bytes]","args":[{"protocol":"http","hostname":"0.0.0.0","path":"/","capabilities":{"browserName":"chrome","goog:chromeOptions":{"binary":"C:\\Program Files\\Google\\Chrome\\Application\\chrome.exe","args":["--start-maximized"]}},"logLevel":"warn","connectionRetryTimeout":120000,"connectionRetryCount":3,"logLevels":{},"enableDirectConnect":true,"strictSSL":true,"_":"65 more keys: [\"cacheDir\",\"port\",\"requestedCapabilities\",\"automationProtocol\",\"baseUrl\",\"waitforInterval\",\"waitforTimeout\",\"onReload\",\"beforeCommand\",\"afterCommand\",\"rootDir\",\"specs\",\"suites\",\"exclude\",\"groupLogsByTestSpec\",\"excludeDriverLogs\",\"bail\",\"framework\",\"reporters\",\"services\",\"maxInstances\",\"maxInstancesPerCapability\",\"injectGlobals\",\"filesToWatch\",\"execArgv\",\"runnerEnv\",\"runner\",\"shard\",\"specFileRetries\",\"specFileRetriesDelay\",\"specFileRetriesDeferred\",\"reporterSyncInterval\",\"reporterSyncTimeout\",\"cucumberFeaturesWithLineNumbers\",\"autoCompileOpts\",\"mochaOpts\",\"jasmineOpts\",\"cucumberOpts\",\"onPrepare\",\"onWorkerStart\",\"onWorkerEnd\",\"before\",\"beforeSession\",\"beforeSuite\",\"beforeHook\",\"beforeTest\",\"afterTest\",\"afterHook\",\"afterSuite\",\"afterSession\",\"after\",\"onComplete\",\"beforeAssertion\",\"afterAssertion\",\"beforeFeature\",\"beforeScenario\",\"beforeStep\",\"afterStep\",\"afterScenario\",\"afterFeature\",\"_\",\"suite\",\"$0\",\"ignoredWorkerServices\",\"wdi5\"]"}]}
RESULT: {"script":"<script> [2342 bytes]","args":[{"protocol":"http","hostname":"0.0.0.0","path":"/","capabilities":{"browserName":"chrome","goog:chromeOptions":{"binary":"C:\\Program Files\\Google\\Chrome\\Application\\chrome.exe","args":["--start-maximized"]}},"logLevel":"warn","connectionRetryTimeout":120000,"connectionRetryCount":3,"logLevels":{},"enableDirectConnect":true,"strictSSL":true,"_":"65 more keys: [\"cacheDir\",\"port\",\"requestedCapabilities\",\"automationProtocol\",\"baseUrl\",\"waitforInterval\",\"waitforTimeout\",\"onReload\",\"beforeCommand\",\"afterCommand\",\"rootDir\",\"specs\",\"suites\",\"exclude\",\"groupLogsByTestSpec\",\"excludeDriverLogs\",\"bail\",\"framework\",\"reporters\",\"services\",\"maxInstances\",\"maxInstancesPerCapability\",\"injectGlobals\",\"filesToWatch\",\"execArgv\",\"runnerEnv\",\"runner\",\"shard\",\"specFileRetries\",\"specFileRetriesDelay\",\"specFileRetriesDeferred\",\"reporterSyncInterval\",\"reporterSyncTimeout\",\"cucumberFeaturesWithLineNumbers\",\"autoCompileOpts\",\"mochaOpts\",\"jasmineOpts\",\"cucumberOpts\",\"onPrepare\",\"onWorkerStart\",\"onWorkerEnd\",\"before\",\"beforeSession\",\"beforeSuite\",\"beforeHook\",\"beforeTest\",\"afterTest\",\"afterHook\",\"afterSuite\",\"afterSession\",\"after\",\"onComplete\",\"beforeAssertion\",\"afterAssertion\",\"beforeFeature\",\"beforeScenario\",\"beforeStep\",\"afterStep\",\"afterScenario\",\"afterFeature\",\"_\",\"suite\",\"$0\",\"ignoredWorkerServices\",\"wdi5\"]"}]}
COMMAND: POST /session/b41f127b71ced2e69bc7a594aec7d10c/execute/async - {"script":"<script> [21126 bytes]","args":[35000]}
RESULT: {"script":"<script> [21126 bytes]","args":[35000]}
COMMAND: POST /session/b41f127b71ced2e69bc7a594aec7d10c/element - {"using":"xpath","value":"//button[contains(@data-kt ,\"btnCreateNewOverflowToolbarButton\")]"}
COMMAND: POST /session/b41f127b71ced2e69bc7a594aec7d10c/element - {"using":"xpath","value":"(//span[contains(@class ,\"sapMObjStatusText\")])[1]"}
RESULT: {"using":"xpath","value":"//button[contains(@data-kt ,\"btnCreateNewOverflowToolbarButton\")]"}
COMMAND: POST /session/b41f127b71ced2e69bc7a594aec7d10c/element/f.D13B392FFCFC625696F343F77B76D564.d.446A5D8F7ECEAC07ACC43A313A2BF78B.e.4869/click - {}
RESULT: {"using":"xpath","value":"(//span[contains(@class ,\"sapMObjStatusText\")])[1]"}
COMMAND: POST /session/b41f127b71ced2e69bc7a594aec7d10c/execute/sync - {"script":"<script> [8489 bytes]","args":[{"element-6066-11e4-a52e-4f735466cecf":"f.D13B392FFCFC625696F343F77B76D564.d.446A5D8F7ECEAC07ACC43A313A2BF78B.e.4908","ELEMENT":"f.D13B392FFCFC625696F343F77B76D564.d.446A5D8F7ECEAC07ACC43A313A2BF78B.e.4908"}]}
RESULT: {}
COMMAND: GET /session/b41f127b71ced2e69bc7a594aec7d10c/screenshot - {}
RESULT: {"script":"<script> [8489 bytes]","args":[{"element-6066-11e4-a52e-4f735466cecf":"f.D13B392FFCFC625696F343F77B76D564.d.446A5D8F7ECEAC07ACC43A313A2BF78B.e.4908","ELEMENT":"f.D13B392FFCFC625696F343F77B76D564.d.446A5D8F7ECEAC07ACC43A313A2BF78B.e.4908"}]}
COMMAND: GET /session/b41f127b71ced2e69bc7a594aec7d10c/screenshot - {}
RESULT: {}
RESULT: {}
COMMAND: POST /session/b41f127b71ced2e69bc7a594aec7d10c/element - {"using":"xpath","value":"//input[contains(@id ,\"yardId-inner\")]"}
RESULT: {"using":"xpath","value":"//input[contains(@id ,\"yardId-inner\")]"}
COMMAND: POST /session/b41f127b71ced2e69bc7a594aec7d10c/execute/sync - {"script":"<script> [8489 bytes]","args":[{"element-6066-11e4-a52e-4f735466cecf":"f.D13B392FFCFC625696F343F77B76D564.d.446A5D8F7ECEAC07ACC43A313A2BF78B.e.5124","ELEMENT":"f.D13B392FFCFC625696F343F77B76D564.d.446A5D8F7ECEAC07ACC43A313A2BF78B.e.5124"}]}
RESULT: {"script":"<script> [8489 bytes]","args":[{"element-6066-11e4-a52e-4f735466cecf":"f.D13B392FFCFC625696F343F77B76D564.d.446A5D8F7ECEAC07ACC43A313A2BF78B.e.5124","ELEMENT":"f.D13B392FFCFC625696F343F77B76D564.d.446A5D8F7ECEAC07ACC43A313A2BF78B.e.5124"}]}
COMMAND: POST /session/b41f127b71ced2e69bc7a594aec7d10c/element - {"using":"xpath","value":"//input[contains(@id ,\"requestContractNo-inner\")]"}
COMMAND: POST /session/b41f127b71ced2e69bc7a594aec7d10c/element - {"using":"xpath","value":"//input[contains(@id ,\"yardId-inner\")]"}
COMMAND: GET /session/b41f127b71ced2e69bc7a594aec7d10c/screenshot - {}
RESULT: {"using":"xpath","value":"//input[contains(@id ,\"yardId-inner\")]"}
COMMAND: GET /session/b41f127b71ced2e69bc7a594aec7d10c/element/f.D13B392FFCFC625696F343F77B76D564.d.446A5D8F7ECEAC07ACC43A313A2BF78B.e.5124/enabled - {}
RESULT: {"using":"xpath","value":"//input[contains(@id ,\"requestContractNo-inner\")]"}
COMMAND: POST /session/b41f127b71ced2e69bc7a594aec7d10c/element/f.D13B392FFCFC625696F343F77B76D564.d.446A5D8F7ECEAC07ACC43A313A2BF78B.e.5119/value - {"text":"10456"}
RESULT: {}
RESULT: {}
COMMAND: GET /session/b41f127b71ced2e69bc7a594aec7d10c/screenshot - {}
RESULT: {"text":"10456"}
COMMAND: GET /session/b41f127b71ced2e69bc7a594aec7d10c/screenshot - {}
RESULT: {}
RESULT: {}
COMMAND: POST /session/b41f127b71ced2e69bc7a594aec7d10c/actions - {"actions":[{"id":"action36","type":"key","parameters":{},"actions":[{"type":"keyDown","value":"î€‡"},{"type":"pause","duration":10},{"type":"keyUp","value":"î€‡"}]}]}
RESULT: {"actions":[{"id":"action36","type":"key","parameters":{},"actions":[{"type":"keyDown","value":"î€‡"},{"type":"pause","duration":10},{"type":"keyUp","value":"î€‡"}]}]}
COMMAND: GET /session/b41f127b71ced2e69bc7a594aec7d10c/screenshot - {}
RESULT: {}
COMMAND: POST /session/b41f127b71ced2e69bc7a594aec7d10c/execute/async - {"script":"<script> [1562 bytes]","args":[{"selector":{"controlType":"sap.m.Button","viewName":"etm.portal.ui.managerequests.view.NewRequest","properties":{"text":"Items"},"interaction":{"idSuffix":"BDI-content"}},"wdio_ui5_key":"etmportal.ui.managerequests.view.NewRequestsap.m.Button{\"text\":\"Items\"}"}]}
RESULT: {"script":"<script> [1562 bytes]","args":[{"selector":{"controlType":"sap.m.Button","viewName":"etm.portal.ui.managerequests.view.NewRequest","properties":{"text":"Items"},"interaction":{"idSuffix":"BDI-content"}},"wdio_ui5_key":"etmportal.ui.managerequests.view.NewRequestsap.m.Button{\"text\":\"Items\"}"}]}
RESULT: undefined
COMMAND: POST /session/b41f127b71ced2e69bc7a594aec7d10c/element - {"using":"xpath","value":"//*[@id=\"__xmlview1--newRequestPage-anchBar-__xmlview1--requestItemsSection-anchor\"]"}
RESULT: {"using":"xpath","value":"//*[@id=\"__xmlview1--newRequestPage-anchBar-__xmlview1--requestItemsSection-anchor\"]"}
COMMAND: POST /session/b41f127b71ced2e69bc7a594aec7d10c/element/f.D13B392FFCFC625696F343F77B76D564.d.446A5D8F7ECEAC07ACC43A313A2BF78B.e.5263/click - {}
RESULT: {}
COMMAND: GET /session/b41f127b71ced2e69bc7a594aec7d10c/screenshot - {}
RESULT: {}
COMMAND: POST /session/b41f127b71ced2e69bc7a594aec7d10c/execute/async - {"script":"<script> [1562 bytes]","args":[{"selector":{"controlType":"sap.ui.core.Icon","viewName":"etm.portal.ui.managerequests.view.NewRequest","properties":{"src":{"regex":{"source":"inspect"}}}},"wdio_ui5_key":"etmportal.ui.managerequests.view.NewRequestsap.ui.core.Icon{\"src\":{\"regex\":{\"source\":\"inspect\"}}}"}]}
RESULT: {"script":"<script> [1562 bytes]","args":[{"selector":{"controlType":"sap.ui.core.Icon","viewName":"etm.portal.ui.managerequests.view.NewRequest","properties":{"src":{"regex":{"source":"inspect"}}}},"wdio_ui5_key":"etmportal.ui.managerequests.view.NewRequestsap.ui.core.Icon{\"src\":{\"regex\":{\"source\":\"inspect\"}}}"}]}
RESULT: undefined
COMMAND: POST /session/b41f127b71ced2e69bc7a594aec7d10c/element - {"using":"xpath","value":"//*[@id=\"__button8-img\"]"}
RESULT: {"using":"xpath","value":"//*[@id=\"__button8-img\"]"}
COMMAND: POST /session/b41f127b71ced2e69bc7a594aec7d10c/element/f.D13B392FFCFC625696F343F77B76D564.d.446A5D8F7ECEAC07ACC43A313A2BF78B.e.5269/click - {}
RESULT: {}
COMMAND: GET /session/b41f127b71ced2e69bc7a594aec7d10c/screenshot - {}
RESULT: {}
COMMAND: POST /session/b41f127b71ced2e69bc7a594aec7d10c/execute/async - {"script":"<script> [1562 bytes]","args":[{"selector":{"controlType":"sap.ui.core.Icon","viewName":"etm.portal.ui.managerequests.view.NewRequest","properties":{"src":{"regex":{"source":"add"}}}},"wdio_ui5_key":"etmportal.ui.managerequests.view.NewRequestsap.ui.core.Icon{\"src\":{\"regex\":{\"source\":\"add\"}}}"}]}
RESULT: {"script":"<script> [1562 bytes]","args":[{"selector":{"controlType":"sap.ui.core.Icon","viewName":"etm.portal.ui.managerequests.view.NewRequest","properties":{"src":{"regex":{"source":"add"}}}},"wdio_ui5_key":"etmportal.ui.managerequests.view.NewRequestsap.ui.core.Icon{\"src\":{\"regex\":{\"source\":\"add\"}}}"}]}
RESULT: undefined
COMMAND: POST /session/b41f127b71ced2e69bc7a594aec7d10c/element - {"using":"xpath","value":"//*[@id=\"__xmlview1--btnAddTableRow-img\"]"}
RESULT: {"using":"xpath","value":"//*[@id=\"__xmlview1--btnAddTableRow-img\"]"}
COMMAND: POST /session/b41f127b71ced2e69bc7a594aec7d10c/element/f.D13B392FFCFC625696F343F77B76D564.d.446A5D8F7ECEAC07ACC43A313A2BF78B.e.5098/click - {}
RESULT: {}
COMMAND: GET /session/b41f127b71ced2e69bc7a594aec7d10c/screenshot - {}
RESULT: {}
COMMAND: POST /session/b41f127b71ced2e69bc7a594aec7d10c/execute/async - {"script":"<script> [1562 bytes]","args":[{"selector":{"controlType":"sap.ui.unified.MenuItem","viewName":"etm.portal.ui.managerequests.view.NewRequest","i18NText":{"propertyName":"text","key":"standardEntry"},"searchOpenDialogs":true,"interaction":{"idSuffix":"txt"}},"wdio_ui5_key":"etmportal.ui.managerequests.view.NewRequestsap.ui.unified.MenuItem{\"propertyName\":\"text\",\"key\":\"standardEntry\"}"}]}
RESULT: {"script":"<script> [1562 bytes]","args":[{"selector":{"controlType":"sap.ui.unified.MenuItem","viewName":"etm.portal.ui.managerequests.view.NewRequest","i18NText":{"propertyName":"text","key":"standardEntry"},"searchOpenDialogs":true,"interaction":{"idSuffix":"txt"}},"wdio_ui5_key":"etmportal.ui.managerequests.view.NewRequestsap.ui.unified.MenuItem{\"propertyName\":\"text\",\"key\":\"standardEntry\"}"}]}
RESULT: undefined
COMMAND: POST /session/b41f127b71ced2e69bc7a594aec7d10c/element - {"using":"xpath","value":"//*[@id=\"__item178\"]"}
RESULT: {"using":"xpath","value":"//*[@id=\"__item178\"]"}
COMMAND: POST /session/b41f127b71ced2e69bc7a594aec7d10c/element/f.D13B392FFCFC625696F343F77B76D564.d.446A5D8F7ECEAC07ACC43A313A2BF78B.e.5278/click - {}
RESULT: {}
COMMAND: GET /session/b41f127b71ced2e69bc7a594aec7d10c/screenshot - {}
RESULT: {}
RESULT: undefined
COMMAND: POST /session/b41f127b71ced2e69bc7a594aec7d10c/element - {"using":"xpath","value":"//*[@id=\"__xmlview1--btnAddTableRow-img\"]"}
RESULT: {"using":"xpath","value":"//*[@id=\"__xmlview1--btnAddTableRow-img\"]"}
COMMAND: POST /session/b41f127b71ced2e69bc7a594aec7d10c/element/f.D13B392FFCFC625696F343F77B76D564.d.446A5D8F7ECEAC07ACC43A313A2BF78B.e.5098/click - {}
RESULT: {}
COMMAND: GET /session/b41f127b71ced2e69bc7a594aec7d10c/screenshot - {}
RESULT: {}
RESULT: undefined
COMMAND: POST /session/b41f127b71ced2e69bc7a594aec7d10c/element - {"using":"xpath","value":"//*[@id=\"__item178\"]"}
RESULT: {"using":"xpath","value":"//*[@id=\"__item178\"]"}
COMMAND: POST /session/b41f127b71ced2e69bc7a594aec7d10c/element/f.D13B392FFCFC625696F343F77B76D564.d.446A5D8F7ECEAC07ACC43A313A2BF78B.e.5299/click - {}
RESULT: {}
COMMAND: GET /session/b41f127b71ced2e69bc7a594aec7d10c/screenshot - {}
RESULT: {}
COMMAND: POST /session/b41f127b71ced2e69bc7a594aec7d10c/element - {"using":"xpath","value":"(//input[contains(@id ,\"requestItemsTable-0-inner\")])[5]"}
RESULT: {"using":"xpath","value":"(//input[contains(@id ,\"requestItemsTable-0-inner\")])[5]"}
COMMAND: POST /session/b41f127b71ced2e69bc7a594aec7d10c/element/f.D13B392FFCFC625696F343F77B76D564.d.446A5D8F7ECEAC07ACC43A313A2BF78B.e.5290/clear - {}
RESULT: {}
COMMAND: POST /session/b41f127b71ced2e69bc7a594aec7d10c/element/f.D13B392FFCFC625696F343F77B76D564.d.446A5D8F7ECEAC07ACC43A313A2BF78B.e.5290/value - {"text":"1000001"}
COMMAND: GET /session/b41f127b71ced2e69bc7a594aec7d10c/screenshot - {}
RESULT: {"text":"1000001"}
COMMAND: GET /session/b41f127b71ced2e69bc7a594aec7d10c/screenshot - {}
RESULT: {}
RESULT: {}
COMMAND: POST /session/b41f127b71ced2e69bc7a594aec7d10c/actions - {"actions":[{"id":"action37","type":"key","parameters":{},"actions":[{"type":"keyDown","value":"î€‡"},{"type":"pause","duration":10},{"type":"keyUp","value":"î€‡"}]}]}
RESULT: {"actions":[{"id":"action37","type":"key","parameters":{},"actions":[{"type":"keyDown","value":"î€‡"},{"type":"pause","duration":10},{"type":"keyUp","value":"î€‡"}]}]}
COMMAND: POST /session/b41f127b71ced2e69bc7a594aec7d10c/element - {"using":"xpath","value":"(//input[contains(@id ,\"requestItemsTable-1-inner\")])[5]"}
COMMAND: GET /session/b41f127b71ced2e69bc7a594aec7d10c/screenshot - {}
RESULT: {"using":"xpath","value":"(//input[contains(@id ,\"requestItemsTable-1-inner\")])[5]"}
COMMAND: POST /session/b41f127b71ced2e69bc7a594aec7d10c/element/f.D13B392FFCFC625696F343F77B76D564.d.446A5D8F7ECEAC07ACC43A313A2BF78B.e.5305/clear - {}
RESULT: {}
RESULT: {}
COMMAND: POST /session/b41f127b71ced2e69bc7a594aec7d10c/element/f.D13B392FFCFC625696F343F77B76D564.d.446A5D8F7ECEAC07ACC43A313A2BF78B.e.5305/value - {"text":"200275"}
COMMAND: GET /session/b41f127b71ced2e69bc7a594aec7d10c/screenshot - {}
RESULT: {"text":"200275"}
COMMAND: GET /session/b41f127b71ced2e69bc7a594aec7d10c/screenshot - {}
RESULT: {}
RESULT: {}
COMMAND: POST /session/b41f127b71ced2e69bc7a594aec7d10c/actions - {"actions":[{"id":"action38","type":"key","parameters":{},"actions":[{"type":"keyDown","value":"î€‡"},{"type":"pause","duration":10},{"type":"keyUp","value":"î€‡"}]}]}
RESULT: {"actions":[{"id":"action38","type":"key","parameters":{},"actions":[{"type":"keyDown","value":"î€‡"},{"type":"pause","duration":10},{"type":"keyUp","value":"î€‡"}]}]}
COMMAND: POST /session/b41f127b71ced2e69bc7a594aec7d10c/element - {"using":"xpath","value":"//div[contains(@data-kt ,\"splitAllocationObjectStatus\")]"}
COMMAND: GET /session/b41f127b71ced2e69bc7a594aec7d10c/screenshot - {}
RESULT: {"using":"xpath","value":"//div[contains(@data-kt ,\"splitAllocationObjectStatus\")]"}
COMMAND: POST /session/b41f127b71ced2e69bc7a594aec7d10c/elements - {"using":"xpath","value":"//div[contains(@data-kt ,\"splitAllocationObjectStatus\")]"}
RESULT: {}
RESULT: {"using":"xpath","value":"//div[contains(@data-kt ,\"splitAllocationObjectStatus\")]"}
COMMAND: POST /session/b41f127b71ced2e69bc7a594aec7d10c/execute/async - {"script":"<script> [1562 bytes]","args":[{"selector":{"controlType":"sap.ui.core.Icon","viewName":"etm.portal.ui.managerequests.view.NewRequest","properties":{"src":{"regex":{"source":"message\\-error"}}},"ancestor":{"controlType":"sap.m.ColumnListItem","viewName":"etm.portal.ui.managerequests.view.NewRequest","bindingPath":{"modelName":"newRequestItems","path":"/RequestItems/0"},"ancestor":{"id":"requestItemsTable","viewName":"etm.portal.ui.managerequests.view.NewRequest"}}},"wdio_ui5_key":"etmportal.ui.managerequests.view.NewRequestsap.ui.core.Icon{\"src\":{\"regex\":{\"source\":\"message\\\\-error\"}}}{\"controlType\":\"sap.m.ColumnListItem\",\"viewName\":\"etm.portal.ui.managerequests.view.NewRequest\",\"bindingPath\":{\"modelName\":\"newRequestItems\",\"path\":\"/RequestItems/0\"},\"ancestor\":{\"id\":\"requestItemsTable\",\"viewName\":\"etm.portal.ui.managerequests.view.NewRequest\"}}"}]}
RESULT: {"script":"<script> [1562 bytes]","args":[{"selector":{"controlType":"sap.ui.core.Icon","viewName":"etm.portal.ui.managerequests.view.NewRequest","properties":{"src":{"regex":{"source":"message\\-error"}}},"ancestor":{"controlType":"sap.m.ColumnListItem","viewName":"etm.portal.ui.managerequests.view.NewRequest","bindingPath":{"modelName":"newRequestItems","path":"/RequestItems/0"},"ancestor":{"id":"requestItemsTable","viewName":"etm.portal.ui.managerequests.view.NewRequest"}}},"wdio_ui5_key":"etmportal.ui.managerequests.view.NewRequestsap.ui.core.Icon{\"src\":{\"regex\":{\"source\":\"message\\\\-error\"}}}{\"controlType\":\"sap.m.ColumnListItem\",\"viewName\":\"etm.portal.ui.managerequests.view.NewRequest\",\"bindingPath\":{\"modelName\":\"newRequestItems\",\"path\":\"/RequestItems/0\"},\"ancestor\":{\"id\":\"requestItemsTable\",\"viewName\":\"etm.portal.ui.managerequests.view.NewRequest\"}}"}]}
RESULT: undefined
COMMAND: POST /session/b41f127b71ced2e69bc7a594aec7d10c/element - {"using":"xpath","value":"//*[@id=\"__status4-__xmlview1--requestItemsTable-0-icon\"]"}
RESULT: {"using":"xpath","value":"//*[@id=\"__status4-__xmlview1--requestItemsTable-0-icon\"]"}
COMMAND: POST /session/b41f127b71ced2e69bc7a594aec7d10c/element/f.D13B392FFCFC625696F343F77B76D564.d.446A5D8F7ECEAC07ACC43A313A2BF78B.e.5316/click - {}
RESULT: {}
COMMAND: GET /session/b41f127b71ced2e69bc7a594aec7d10c/screenshot - {}
RESULT: {}
COMMAND: POST /session/b41f127b71ced2e69bc7a594aec7d10c/execute/async - {"script":"<script> [1562 bytes]","args":[{"selector":{"id":"costObjectAdminTypeComboBox","viewName":"etm.portal.ui.managerequests.view.NewRequest","searchOpenDialogs":true,"interaction":{"idSuffix":"inner"}},"wdio_ui5_key":"costObjectAdminTypeComboBoxetmportal.ui.managerequests.view.NewRequest"}]}
RESULT: {"script":"<script> [1562 bytes]","args":[{"selector":{"id":"costObjectAdminTypeComboBox","viewName":"etm.portal.ui.managerequests.view.NewRequest","searchOpenDialogs":true,"interaction":{"idSuffix":"inner"}},"wdio_ui5_key":"costObjectAdminTypeComboBoxetmportal.ui.managerequests.view.NewRequest"}]}
RESULT: undefined
COMMAND: POST /session/b41f127b71ced2e69bc7a594aec7d10c/execute/async - {"script":"<script> [776 bytes]","args":[{"enterText":"Cost Center","selector":{"id":"costObjectAdminTypeComboBox","viewName":"etm.portal.ui.managerequests.view.NewRequest","searchOpenDialogs":true,"interaction":{"idSuffix":"inner"}},"clearTextFirst":true,"interactionType":"ENTER_TEXT"}]}
RESULT: {"script":"<script> [776 bytes]","args":[{"enterText":"Cost Center","selector":{"id":"costObjectAdminTypeComboBox","viewName":"etm.portal.ui.managerequests.view.NewRequest","searchOpenDialogs":true,"interaction":{"idSuffix":"inner"}},"clearTextFirst":true,"interactionType":"ENTER_TEXT"}]}
COMMAND: POST /session/b41f127b71ced2e69bc7a594aec7d10c/actions - {"actions":[{"id":"action39","type":"key","parameters":{},"actions":[{"type":"keyDown","value":"î€‡"},{"type":"pause","duration":10},{"type":"keyUp","value":"î€‡"}]}]}
RESULT: {"actions":[{"id":"action39","type":"key","parameters":{},"actions":[{"type":"keyDown","value":"î€‡"},{"type":"pause","duration":10},{"type":"keyUp","value":"î€‡"}]}]}
COMMAND: GET /session/b41f127b71ced2e69bc7a594aec7d10c/screenshot - {}
RESULT: {}
COMMAND: POST /session/b41f127b71ced2e69bc7a594aec7d10c/execute/async - {"script":"<script> [1562 bytes]","args":[{"selector":{"id":"costObjectIdComboBox","viewName":"etm.portal.ui.managerequests.view.NewRequest","searchOpenDialogs":true,"interaction":{"idSuffix":"inner"}},"wdio_ui5_key":"costObjectIdComboBoxetmportal.ui.managerequests.view.NewRequest"}]}
RESULT: {"script":"<script> [1562 bytes]","args":[{"selector":{"id":"costObjectIdComboBox","viewName":"etm.portal.ui.managerequests.view.NewRequest","searchOpenDialogs":true,"interaction":{"idSuffix":"inner"}},"wdio_ui5_key":"costObjectIdComboBoxetmportal.ui.managerequests.view.NewRequest"}]}
RESULT: undefined
COMMAND: POST /session/b41f127b71ced2e69bc7a594aec7d10c/execute/async - {"script":"<script> [776 bytes]","args":[{"enterText":"1001 - 1001","selector":{"id":"costObjectIdComboBox","viewName":"etm.portal.ui.managerequests.view.NewRequest","searchOpenDialogs":true,"interaction":{"idSuffix":"inner"}},"clearTextFirst":true,"interactionType":"ENTER_TEXT"}]}
RESULT: {"script":"<script> [776 bytes]","args":[{"enterText":"1001 - 1001","selector":{"id":"costObjectIdComboBox","viewName":"etm.portal.ui.managerequests.view.NewRequest","searchOpenDialogs":true,"interaction":{"idSuffix":"inner"}},"clearTextFirst":true,"interactionType":"ENTER_TEXT"}]}
COMMAND: POST /session/b41f127b71ced2e69bc7a594aec7d10c/actions - {"actions":[{"id":"action40","type":"key","parameters":{},"actions":[{"type":"keyDown","value":"î€‡"},{"type":"pause","duration":10},{"type":"keyUp","value":"î€‡"}]}]}
RESULT: {"actions":[{"id":"action40","type":"key","parameters":{},"actions":[{"type":"keyDown","value":"î€‡"},{"type":"pause","duration":10},{"type":"keyUp","value":"î€‡"}]}]}
COMMAND: GET /session/b41f127b71ced2e69bc7a594aec7d10c/screenshot - {}
RESULT: {}
COMMAND: POST /session/b41f127b71ced2e69bc7a594aec7d10c/element - {"using":"xpath","value":"(//bdi[(text() = 'Save' or . = 'Save')])[1]"}
RESULT: {"using":"xpath","value":"(//bdi[(text() = 'Save' or . = 'Save')])[1]"}
COMMAND: POST /session/b41f127b71ced2e69bc7a594aec7d10c/element/f.D13B392FFCFC625696F343F77B76D564.d.446A5D8F7ECEAC07ACC43A313A2BF78B.e.5330/click - {}
RESULT: {}
COMMAND: POST /session/b41f127b71ced2e69bc7a594aec7d10c/execute/async - {"script":"<script> [1562 bytes]","args":[{"selector":{"controlType":"sap.ui.core.Icon","viewName":"etm.portal.ui.managerequests.view.NewRequest","properties":{"src":{"regex":{"source":"message\\-error"}}},"ancestor":{"controlType":"sap.m.ColumnListItem","viewName":"etm.portal.ui.managerequests.view.NewRequest","bindingPath":{"modelName":"newRequestItems","path":"/RequestItems/1"},"ancestor":{"id":"requestItemsTable","viewName":"etm.portal.ui.managerequests.view.NewRequest"}}},"wdio_ui5_key":"etmportal.ui.managerequests.view.NewRequestsap.ui.core.Icon{\"src\":{\"regex\":{\"source\":\"message\\\\-error\"}}}{\"controlType\":\"sap.m.ColumnListItem\",\"viewName\":\"etm.portal.ui.managerequests.view.NewRequest\",\"bindingPath\":{\"modelName\":\"newRequestItems\",\"path\":\"/RequestItems/1\"},\"ancestor\":{\"id\":\"requestItemsTable\",\"viewName\":\"etm.portal.ui.managerequests.view.NewRequest\"}}"}]}
COMMAND: GET /session/b41f127b71ced2e69bc7a594aec7d10c/screenshot - {}
RESULT: {"script":"<script> [1562 bytes]","args":[{"selector":{"controlType":"sap.ui.core.Icon","viewName":"etm.portal.ui.managerequests.view.NewRequest","properties":{"src":{"regex":{"source":"message\\-error"}}},"ancestor":{"controlType":"sap.m.ColumnListItem","viewName":"etm.portal.ui.managerequests.view.NewRequest","bindingPath":{"modelName":"newRequestItems","path":"/RequestItems/1"},"ancestor":{"id":"requestItemsTable","viewName":"etm.portal.ui.managerequests.view.NewRequest"}}},"wdio_ui5_key":"etmportal.ui.managerequests.view.NewRequestsap.ui.core.Icon{\"src\":{\"regex\":{\"source\":\"message\\\\-error\"}}}{\"controlType\":\"sap.m.ColumnListItem\",\"viewName\":\"etm.portal.ui.managerequests.view.NewRequest\",\"bindingPath\":{\"modelName\":\"newRequestItems\",\"path\":\"/RequestItems/1\"},\"ancestor\":{\"id\":\"requestItemsTable\",\"viewName\":\"etm.portal.ui.managerequests.view.NewRequest\"}}"}]}
RESULT: undefined
COMMAND: POST /session/b41f127b71ced2e69bc7a594aec7d10c/element - {"using":"xpath","value":"//*[@id=\"__status4-__xmlview1--requestItemsTable-1-icon\"]"}
RESULT: {}
RESULT: {"using":"xpath","value":"//*[@id=\"__status4-__xmlview1--requestItemsTable-1-icon\"]"}
COMMAND: POST /session/b41f127b71ced2e69bc7a594aec7d10c/element/f.D13B392FFCFC625696F343F77B76D564.d.446A5D8F7ECEAC07ACC43A313A2BF78B.e.5333/click - {}
RESULT: {}
COMMAND: GET /session/b41f127b71ced2e69bc7a594aec7d10c/screenshot - {}
RESULT: {}
RESULT: undefined
COMMAND: POST /session/b41f127b71ced2e69bc7a594aec7d10c/execute/async - {"script":"<script> [776 bytes]","args":[{"enterText":"Cost Center","selector":{"id":"costObjectAdminTypeComboBox","viewName":"etm.portal.ui.managerequests.view.NewRequest","searchOpenDialogs":true,"interaction":{"idSuffix":"inner"}},"clearTextFirst":true,"interactionType":"ENTER_TEXT"}]}
RESULT: {"script":"<script> [776 bytes]","args":[{"enterText":"Cost Center","selector":{"id":"costObjectAdminTypeComboBox","viewName":"etm.portal.ui.managerequests.view.NewRequest","searchOpenDialogs":true,"interaction":{"idSuffix":"inner"}},"clearTextFirst":true,"interactionType":"ENTER_TEXT"}]}
COMMAND: POST /session/b41f127b71ced2e69bc7a594aec7d10c/actions - {"actions":[{"id":"action41","type":"key","parameters":{},"actions":[{"type":"keyDown","value":"î€‡"},{"type":"pause","duration":10},{"type":"keyUp","value":"î€‡"}]}]}
RESULT: {"actions":[{"id":"action41","type":"key","parameters":{},"actions":[{"type":"keyDown","value":"î€‡"},{"type":"pause","duration":10},{"type":"keyUp","value":"î€‡"}]}]}
COMMAND: GET /session/b41f127b71ced2e69bc7a594aec7d10c/screenshot - {}
RESULT: {}
RESULT: undefined
COMMAND: POST /session/b41f127b71ced2e69bc7a594aec7d10c/execute/async - {"script":"<script> [776 bytes]","args":[{"enterText":"1001 - 1001","selector":{"id":"costObjectIdComboBox","viewName":"etm.portal.ui.managerequests.view.NewRequest","searchOpenDialogs":true,"interaction":{"idSuffix":"inner"}},"clearTextFirst":true,"interactionType":"ENTER_TEXT"}]}
RESULT: {"script":"<script> [776 bytes]","args":[{"enterText":"1001 - 1001","selector":{"id":"costObjectIdComboBox","viewName":"etm.portal.ui.managerequests.view.NewRequest","searchOpenDialogs":true,"interaction":{"idSuffix":"inner"}},"clearTextFirst":true,"interactionType":"ENTER_TEXT"}]}
COMMAND: POST /session/b41f127b71ced2e69bc7a594aec7d10c/actions - {"actions":[{"id":"action42","type":"key","parameters":{},"actions":[{"type":"keyDown","value":"î€‡"},{"type":"pause","duration":10},{"type":"keyUp","value":"î€‡"}]}]}
RESULT: {"actions":[{"id":"action42","type":"key","parameters":{},"actions":[{"type":"keyDown","value":"î€‡"},{"type":"pause","duration":10},{"type":"keyUp","value":"î€‡"}]}]}
COMMAND: GET /session/b41f127b71ced2e69bc7a594aec7d10c/screenshot - {}
RESULT: {}
COMMAND: POST /session/b41f127b71ced2e69bc7a594aec7d10c/element - {"using":"xpath","value":"(//bdi[(text() = 'Save' or . = 'Save')])[1]"}
RESULT: {"using":"xpath","value":"(//bdi[(text() = 'Save' or . = 'Save')])[1]"}
COMMAND: POST /session/b41f127b71ced2e69bc7a594aec7d10c/element/f.D13B392FFCFC625696F343F77B76D564.d.446A5D8F7ECEAC07ACC43A313A2BF78B.e.5345/click - {}
RESULT: {}
COMMAND: GET /session/b41f127b71ced2e69bc7a594aec7d10c/screenshot - {}
RESULT: {}
COMMAND: POST /session/b41f127b71ced2e69bc7a594aec7d10c/execute/async - {"script":"<script> [1562 bytes]","args":[{"selector":{"controlType":"sap.m.Button","viewName":"etm.portal.ui.managerequests.view.NewRequest","bindingPath":{"path":"/RequestItems/0","propertyPath":"PICK_UP","modelName":"newRequestItems"},"interaction":{"idSuffix":"BDI-content"}},"wdio_ui5_key":"etmportal.ui.managerequests.view.NewRequestsap.m.Button{\"path\":\"/RequestItems/0\",\"propertyPath\":\"PICK_UP\",\"modelName\":\"newRequestItems\"}"}]}
RESULT: {"script":"<script> [1562 bytes]","args":[{"selector":{"controlType":"sap.m.Button","viewName":"etm.portal.ui.managerequests.view.NewRequest","bindingPath":{"path":"/RequestItems/0","propertyPath":"PICK_UP","modelName":"newRequestItems"},"interaction":{"idSuffix":"BDI-content"}},"wdio_ui5_key":"etmportal.ui.managerequests.view.NewRequestsap.m.Button{\"path\":\"/RequestItems/0\",\"propertyPath\":\"PICK_UP\",\"modelName\":\"newRequestItems\"}"}]}
RESULT: undefined
COMMAND: POST /session/b41f127b71ced2e69bc7a594aec7d10c/element - {"using":"xpath","value":"//*[@id=\"__xmlview1--pickUpItemButton-__xmlview1--requestItemsTable-0\"]"}
RESULT: {"using":"xpath","value":"//*[@id=\"__xmlview1--pickUpItemButton-__xmlview1--requestItemsTable-0\"]"}
COMMAND: POST /session/b41f127b71ced2e69bc7a594aec7d10c/element/f.D13B392FFCFC625696F343F77B76D564.d.446A5D8F7ECEAC07ACC43A313A2BF78B.e.5349/click - {}
RESULT: {}
COMMAND: GET /session/b41f127b71ced2e69bc7a594aec7d10c/screenshot - {}
RESULT: {}
COMMAND: POST /session/b41f127b71ced2e69bc7a594aec7d10c/execute/async - {"script":"<script> [1562 bytes]","args":[{"selector":{"controlType":"sap.m.Button","viewName":"etm.portal.ui.managerequests.view.NewRequest","properties":{"text":"Save"},"i18NText":{"propertyName":"tooltip","key":"save"},"interaction":{"idSuffix":"BDI-content"}},"wdio_ui5_key":"etmportal.ui.managerequests.view.NewRequestsap.m.Button{\"propertyName\":\"tooltip\",\"key\":\"save\"}{\"text\":\"Save\"}"}]}
RESULT: {"script":"<script> [1562 bytes]","args":[{"selector":{"controlType":"sap.m.Button","viewName":"etm.portal.ui.managerequests.view.NewRequest","properties":{"text":"Save"},"i18NText":{"propertyName":"tooltip","key":"save"},"interaction":{"idSuffix":"BDI-content"}},"wdio_ui5_key":"etmportal.ui.managerequests.view.NewRequestsap.m.Button{\"propertyName\":\"tooltip\",\"key\":\"save\"}{\"text\":\"Save\"}"}]}
RESULT: undefined
COMMAND: POST /session/b41f127b71ced2e69bc7a594aec7d10c/element - {"using":"xpath","value":"//*[@id=\"__button11\"]"}
RESULT: {"using":"xpath","value":"//*[@id=\"__button11\"]"}
COMMAND: POST /session/b41f127b71ced2e69bc7a594aec7d10c/element/f.D13B392FFCFC625696F343F77B76D564.d.446A5D8F7ECEAC07ACC43A313A2BF78B.e.5207/click - {}
RESULT: {}
COMMAND: GET /session/b41f127b71ced2e69bc7a594aec7d10c/screenshot - {}
RESULT: {}
COMMAND: POST /session/b41f127b71ced2e69bc7a594aec7d10c/execute/async - {"script":"<script> [1562 bytes]","args":[{"selector":{"controlType":"sap.m.Text","searchOpenDialogs":true},"wdio_ui5_key":"sapm.Text"}]}
RESULT: {"script":"<script> [1562 bytes]","args":[{"selector":{"controlType":"sap.m.Text","searchOpenDialogs":true},"wdio_ui5_key":"sapm.Text"}]}
RESULT: undefined
COMMAND: POST /session/b41f127b71ced2e69bc7a594aec7d10c/execute/async - {"script":"<script> [6424 bytes]","args":[{"element-6066-11e4-a52e-4f735466cecf":"f.D13B392FFCFC625696F343F77B76D564.d.446A5D8F7ECEAC07ACC43A313A2BF78B.e.5353"},"getText",[]]}
RESULT: {"script":"<script> [6424 bytes]","args":[{"element-6066-11e4-a52e-4f735466cecf":"f.D13B392FFCFC625696F343F77B76D564.d.446A5D8F7ECEAC07ACC43A313A2BF78B.e.5353"},"getText",[]]}
COMMAND: POST /session/b41f127b71ced2e69bc7a594aec7d10c/execute/async - {"script":"<script> [1562 bytes]","args":[{"selector":{"controlType":"sap.m.Button","properties":{"text":"Close"},"searchOpenDialogs":true,"interaction":{"idSuffix":"BDI-content"}},"wdio_ui5_key":"sapm.Button{\"text\":\"Close\"}"}]}
RESULT: {"script":"<script> [1562 bytes]","args":[{"selector":{"controlType":"sap.m.Button","properties":{"text":"Close"},"searchOpenDialogs":true,"interaction":{"idSuffix":"BDI-content"}},"wdio_ui5_key":"sapm.Button{\"text\":\"Close\"}"}]}
RESULT: undefined
COMMAND: POST /session/b41f127b71ced2e69bc7a594aec7d10c/element - {"using":"xpath","value":"//*[@id=\"__mbox-btn-0\"]"}
RESULT: {"using":"xpath","value":"//*[@id=\"__mbox-btn-0\"]"}
COMMAND: POST /session/b41f127b71ced2e69bc7a594aec7d10c/element/f.D13B392FFCFC625696F343F77B76D564.d.446A5D8F7ECEAC07ACC43A313A2BF78B.e.5352/click - {}
RESULT: {}
COMMAND: GET /session/b41f127b71ced2e69bc7a594aec7d10c/screenshot - {}
RESULT: {}
COMMAND: POST /session/b41f127b71ced2e69bc7a594aec7d10c/execute/async - {"script":"<script> [1562 bytes]","args":[{"selector":{"controlType":"sap.m.Button","viewName":"etm.portal.ui.managerequests.view.Detail","bindingPath":{"path":"/SmartRequestItemsPlanningBoard(ITEM=10m,REQUEST='20317')","propertyPath":"PICK_UP"}},"wdio_ui5_key":"etmportal.ui.managerequests.view.Detailsap.m.Button{\"path\":\"/SmartRequestItemsPlanningBoard(ITEM=10m,REQUEST='20317')\",\"propertyPath\":\"PICK_UP\"}"}]}
RESULT: {"script":"<script> [1562 bytes]","args":[{"selector":{"controlType":"sap.m.Button","viewName":"etm.portal.ui.managerequests.view.Detail","bindingPath":{"path":"/SmartRequestItemsPlanningBoard(ITEM=10m,REQUEST='20317')","propertyPath":"PICK_UP"}},"wdio_ui5_key":"etmportal.ui.managerequests.view.Detailsap.m.Button{\"path\":\"/SmartRequestItemsPlanningBoard(ITEM=10m,REQUEST='20317')\",\"propertyPath\":\"PICK_UP\"}"}]}
RESULT: undefined
COMMAND: POST /session/b41f127b71ced2e69bc7a594aec7d10c/execute/async - {"script":"<script> [6424 bytes]","args":[{"element-6066-11e4-a52e-4f735466cecf":"f.D13B392FFCFC625696F343F77B76D564.d.446A5D8F7ECEAC07ACC43A313A2BF78B.e.5460"},"getType",[]]}
RESULT: {"script":"<script> [6424 bytes]","args":[{"element-6066-11e4-a52e-4f735466cecf":"f.D13B392FFCFC625696F343F77B76D564.d.446A5D8F7ECEAC07ACC43A313A2BF78B.e.5460"},"getType",[]]}
COMMAND: POST /session/b41f127b71ced2e69bc7a594aec7d10c/execute/async - {"script":"<script> [1562 bytes]","args":[{"selector":{"controlType":"sap.m.Button","viewName":"etm.portal.ui.managerequests.view.Detail","bindingPath":{"path":"/SmartRequestItemsPlanningBoard(ITEM=20m,REQUEST='20317')","propertyPath":"PICK_UP"}},"wdio_ui5_key":"etmportal.ui.managerequests.view.Detailsap.m.Button{\"path\":\"/SmartRequestItemsPlanningBoard(ITEM=20m,REQUEST='20317')\",\"propertyPath\":\"PICK_UP\"}"}]}
RESULT: {"script":"<script> [1562 bytes]","args":[{"selector":{"controlType":"sap.m.Button","viewName":"etm.portal.ui.managerequests.view.Detail","bindingPath":{"path":"/SmartRequestItemsPlanningBoard(ITEM=20m,REQUEST='20317')","propertyPath":"PICK_UP"}},"wdio_ui5_key":"etmportal.ui.managerequests.view.Detailsap.m.Button{\"path\":\"/SmartRequestItemsPlanningBoard(ITEM=20m,REQUEST='20317')\",\"propertyPath\":\"PICK_UP\"}"}]}
RESULT: undefined
COMMAND: POST /session/b41f127b71ced2e69bc7a594aec7d10c/execute/async - {"script":"<script> [6424 bytes]","args":[{"element-6066-11e4-a52e-4f735466cecf":"f.D13B392FFCFC625696F343F77B76D564.d.446A5D8F7ECEAC07ACC43A313A2BF78B.e.5491"},"getType",[]]}
RESULT: {"script":"<script> [6424 bytes]","args":[{"element-6066-11e4-a52e-4f735466cecf":"f.D13B392FFCFC625696F343F77B76D564.d.446A5D8F7ECEAC07ACC43A313A2BF78B.e.5491"},"getType",[]]}
COMMAND: POST /session/b41f127b71ced2e69bc7a594aec7d10c/execute/async - {"script":"<script> [1562 bytes]","args":[{"selector":{"id":"pickUpSwitchHeader","viewName":"etm.portal.ui.managerequests.view.Detail","interaction":{"idSuffix":"handle"}},"wdio_ui5_key":"pickUpSwitchHeaderetmportal.ui.managerequests.view.Detail"}]}
RESULT: {"script":"<script> [1562 bytes]","args":[{"selector":{"id":"pickUpSwitchHeader","viewName":"etm.portal.ui.managerequests.view.Detail","interaction":{"idSuffix":"handle"}},"wdio_ui5_key":"pickUpSwitchHeaderetmportal.ui.managerequests.view.Detail"}]}
RESULT: undefined
COMMAND: POST /session/b41f127b71ced2e69bc7a594aec7d10c/element - {"using":"xpath","value":"//*[@id=\"__xmlview2--pickUpSwitchHeader\"]"}
RESULT: {"using":"xpath","value":"//*[@id=\"__xmlview2--pickUpSwitchHeader\"]"}
COMMAND: POST /session/b41f127b71ced2e69bc7a594aec7d10c/element/f.D13B392FFCFC625696F343F77B76D564.d.446A5D8F7ECEAC07ACC43A313A2BF78B.e.5431/click - {}
RESULT: {}
COMMAND: POST /session/b41f127b71ced2e69bc7a594aec7d10c/execute/async - {"script":"<script> [1562 bytes]","args":[{"selector":{"controlType":"sap.ui.core.Icon","viewName":"etm.portal.ui.managerequests.view.Detail","properties":{"src":{"regex":{"source":"pushpin\\-off"}}}},"wdio_ui5_key":"etmportal.ui.managerequests.view.Detailsap.ui.core.Icon{\"src\":{\"regex\":{\"source\":\"pushpin\\\\-off\"}}}"}]}
COMMAND: GET /session/b41f127b71ced2e69bc7a594aec7d10c/screenshot - {}
RESULT: {"script":"<script> [1562 bytes]","args":[{"selector":{"controlType":"sap.ui.core.Icon","viewName":"etm.portal.ui.managerequests.view.Detail","properties":{"src":{"regex":{"source":"pushpin\\-off"}}}},"wdio_ui5_key":"etmportal.ui.managerequests.view.Detailsap.ui.core.Icon{\"src\":{\"regex\":{\"source\":\"pushpin\\\\-off\"}}}"}]}
RESULT: undefined
COMMAND: POST /session/b41f127b71ced2e69bc7a594aec7d10c/element - {"using":"xpath","value":"//*[@id=\"__xmlview2--detailRequestPage-OPHeaderContent-pinBtn-img\"]"}
RESULT: {}
RESULT: {"using":"xpath","value":"//*[@id=\"__xmlview2--detailRequestPage-OPHeaderContent-pinBtn-img\"]"}
COMMAND: POST /session/b41f127b71ced2e69bc7a594aec7d10c/element/f.D13B392FFCFC625696F343F77B76D564.d.446A5D8F7ECEAC07ACC43A313A2BF78B.e.5439/click - {}
RESULT: {}
RESULT: undefined
COMMAND: POST /session/b41f127b71ced2e69bc7a594aec7d10c/execute/async - {"script":"<script> [6424 bytes]","args":[{"element-6066-11e4-a52e-4f735466cecf":"f.D13B392FFCFC625696F343F77B76D564.d.446A5D8F7ECEAC07ACC43A313A2BF78B.e.5460"},"getType",[]]}
COMMAND: GET /session/b41f127b71ced2e69bc7a594aec7d10c/screenshot - {}
RESULT: {"script":"<script> [6424 bytes]","args":[{"element-6066-11e4-a52e-4f735466cecf":"f.D13B392FFCFC625696F343F77B76D564.d.446A5D8F7ECEAC07ACC43A313A2BF78B.e.5460"},"getType",[]]}
RESULT: undefined
COMMAND: POST /session/b41f127b71ced2e69bc7a594aec7d10c/execute/async - {"script":"<script> [6424 bytes]","args":[{"element-6066-11e4-a52e-4f735466cecf":"f.D13B392FFCFC625696F343F77B76D564.d.446A5D8F7ECEAC07ACC43A313A2BF78B.e.5491"},"getType",[]]}
RESULT: {}
RESULT: {"script":"<script> [6424 bytes]","args":[{"element-6066-11e4-a52e-4f735466cecf":"f.D13B392FFCFC625696F343F77B76D564.d.446A5D8F7ECEAC07ACC43A313A2BF78B.e.5491"},"getType",[]]}
COMMAND: POST /session/b41f127b71ced2e69bc7a594aec7d10c/execute/async - {"script":"<script> [1562 bytes]","args":[{"selector":{"controlType":"sap.ui.core.Icon","viewName":"etm.portal.ui.managerequests.view.Detail","properties":{"src":{"regex":{"source":"date\\-time"}}},"ancestor":{"controlType":"sap.m.ColumnListItem","viewName":"etm.portal.ui.managerequests.view.Detail","bindingPath":{"path":"/SmartRequestItemsPlanningBoard(ITEM=10m,REQUEST='20317')"},"ancestor":{"id":"requestItemsTable","viewName":"etm.portal.ui.managerequests.view.Detail"}}},"wdio_ui5_key":"etmportal.ui.managerequests.view.Detailsap.ui.core.Icon{\"src\":{\"regex\":{\"source\":\"date\\\\-time\"}}}{\"controlType\":\"sap.m.ColumnListItem\",\"viewName\":\"etm.portal.ui.managerequests.view.Detail\",\"bindingPath\":{\"path\":\"/SmartRequestItemsPlanningBoard(ITEM=10m,REQUEST='20317')\"},\"ancestor\":{\"id\":\"requestItemsTable\",\"viewName\":\"etm.portal.ui.managerequests.view.Detail\"}}"}]}
RESULT: {"script":"<script> [1562 bytes]","args":[{"selector":{"controlType":"sap.ui.core.Icon","viewName":"etm.portal.ui.managerequests.view.Detail","properties":{"src":{"regex":{"source":"date\\-time"}}},"ancestor":{"controlType":"sap.m.ColumnListItem","viewName":"etm.portal.ui.managerequests.view.Detail","bindingPath":{"path":"/SmartRequestItemsPlanningBoard(ITEM=10m,REQUEST='20317')"},"ancestor":{"id":"requestItemsTable","viewName":"etm.portal.ui.managerequests.view.Detail"}}},"wdio_ui5_key":"etmportal.ui.managerequests.view.Detailsap.ui.core.Icon{\"src\":{\"regex\":{\"source\":\"date\\\\-time\"}}}{\"controlType\":\"sap.m.ColumnListItem\",\"viewName\":\"etm.portal.ui.managerequests.view.Detail\",\"bindingPath\":{\"path\":\"/SmartRequestItemsPlanningBoard(ITEM=10m,REQUEST='20317')\"},\"ancestor\":{\"id\":\"requestItemsTable\",\"viewName\":\"etm.portal.ui.managerequests.view.Detail\"}}"}]}
RESULT: undefined
COMMAND: POST /session/b41f127b71ced2e69bc7a594aec7d10c/element - {"using":"xpath","value":"//*[@id=\"__button39-__clone1825-img\"]"}
RESULT: {"using":"xpath","value":"//*[@id=\"__button39-__clone1825-img\"]"}
COMMAND: POST /session/b41f127b71ced2e69bc7a594aec7d10c/element/f.D13B392FFCFC625696F343F77B76D564.d.446A5D8F7ECEAC07ACC43A313A2BF78B.e.5499/click - {}
RESULT: {}
COMMAND: POST /session/b41f127b71ced2e69bc7a594aec7d10c/execute/async - {"script":"<script> [1562 bytes]","args":[{"selector":{"controlType":"sap.m.Button","viewName":"etm.portal.ui.managerequests.view.Detail","properties":{"text":"Close"},"searchOpenDialogs":true,"interaction":{"idSuffix":"inner"}},"wdio_ui5_key":"etmportal.ui.managerequests.view.Detailsap.m.Button{\"text\":\"Close\"}"}]}
COMMAND: GET /session/b41f127b71ced2e69bc7a594aec7d10c/screenshot - {}
RESULT: {"script":"<script> [1562 bytes]","args":[{"selector":{"controlType":"sap.m.Button","viewName":"etm.portal.ui.managerequests.view.Detail","properties":{"text":"Close"},"searchOpenDialogs":true,"interaction":{"idSuffix":"inner"}},"wdio_ui5_key":"etmportal.ui.managerequests.view.Detailsap.m.Button{\"text\":\"Close\"}"}]}
RESULT: undefined
COMMAND: POST /session/b41f127b71ced2e69bc7a594aec7d10c/element - {"using":"xpath","value":"//*[@id=\"__button49\"]"}
RESULT: {}
RESULT: {"using":"xpath","value":"//*[@id=\"__button49\"]"}
COMMAND: POST /session/b41f127b71ced2e69bc7a594aec7d10c/element/f.D13B392FFCFC625696F343F77B76D564.d.446A5D8F7ECEAC07ACC43A313A2BF78B.e.5501/click - {}
RESULT: {}
COMMAND: POST /session/b41f127b71ced2e69bc7a594aec7d10c/execute/async - {"script":"<script> [1562 bytes]","args":[{"selector":{"controlType":"sap.ui.core.Icon","viewName":"etm.portal.ui.managerequests.view.Detail","properties":{"src":{"regex":{"source":"date\\-time"}}},"ancestor":{"controlType":"sap.m.ColumnListItem","viewName":"etm.portal.ui.managerequests.view.Detail","bindingPath":{"path":"/SmartRequestItemsPlanningBoard(ITEM=20m,REQUEST='20317')"},"ancestor":{"id":"requestItemsTable","viewName":"etm.portal.ui.managerequests.view.Detail"}}},"wdio_ui5_key":"etmportal.ui.managerequests.view.Detailsap.ui.core.Icon{\"src\":{\"regex\":{\"source\":\"date\\\\-time\"}}}{\"controlType\":\"sap.m.ColumnListItem\",\"viewName\":\"etm.portal.ui.managerequests.view.Detail\",\"bindingPath\":{\"path\":\"/SmartRequestItemsPlanningBoard(ITEM=20m,REQUEST='20317')\"},\"ancestor\":{\"id\":\"requestItemsTable\",\"viewName\":\"etm.portal.ui.managerequests.view.Detail\"}}"}]}
COMMAND: GET /session/b41f127b71ced2e69bc7a594aec7d10c/screenshot - {}
RESULT: {"script":"<script> [1562 bytes]","args":[{"selector":{"controlType":"sap.ui.core.Icon","viewName":"etm.portal.ui.managerequests.view.Detail","properties":{"src":{"regex":{"source":"date\\-time"}}},"ancestor":{"controlType":"sap.m.ColumnListItem","viewName":"etm.portal.ui.managerequests.view.Detail","bindingPath":{"path":"/SmartRequestItemsPlanningBoard(ITEM=20m,REQUEST='20317')"},"ancestor":{"id":"requestItemsTable","viewName":"etm.portal.ui.managerequests.view.Detail"}}},"wdio_ui5_key":"etmportal.ui.managerequests.view.Detailsap.ui.core.Icon{\"src\":{\"regex\":{\"source\":\"date\\\\-time\"}}}{\"controlType\":\"sap.m.ColumnListItem\",\"viewName\":\"etm.portal.ui.managerequests.view.Detail\",\"bindingPath\":{\"path\":\"/SmartRequestItemsPlanningBoard(ITEM=20m,REQUEST='20317')\"},\"ancestor\":{\"id\":\"requestItemsTable\",\"viewName\":\"etm.portal.ui.managerequests.view.Detail\"}}"}]}
RESULT: undefined
COMMAND: POST /session/b41f127b71ced2e69bc7a594aec7d10c/element - {"using":"xpath","value":"//*[@id=\"__button39-__clone1826-img\"]"}
RESULT: {}
RESULT: {"using":"xpath","value":"//*[@id=\"__button39-__clone1826-img\"]"}
COMMAND: POST /session/b41f127b71ced2e69bc7a594aec7d10c/element/f.D13B392FFCFC625696F343F77B76D564.d.446A5D8F7ECEAC07ACC43A313A2BF78B.e.5507/click - {}
RESULT: {}
RESULT: undefined
COMMAND: POST /session/b41f127b71ced2e69bc7a594aec7d10c/element - {"using":"xpath","value":"//*[@id=\"__button49\"]"}
COMMAND: GET /session/b41f127b71ced2e69bc7a594aec7d10c/screenshot - {}
RESULT: {"using":"xpath","value":"//*[@id=\"__button49\"]"}
COMMAND: POST /session/b41f127b71ced2e69bc7a594aec7d10c/elements - {"using":"xpath","value":"//*[@id=\"__button49\"]"}
RESULT: {}
RESULT: {"using":"xpath","value":"//*[@id=\"__button49\"]"}
COMMAND: POST /session/b41f127b71ced2e69bc7a594aec7d10c/element - {"using":"xpath","value":"//*[@id=\"__button49\"]"}
RESULT: {"using":"xpath","value":"//*[@id=\"__button49\"]"}
COMMAND: POST /session/b41f127b71ced2e69bc7a594aec7d10c/element/f.D13B392FFCFC625696F343F77B76D564.d.446A5D8F7ECEAC07ACC43A313A2BF78B.e.5514/click - {}
RESULT: {}
COMMAND: POST /session/b41f127b71ced2e69bc7a594aec7d10c/execute/async - {"script":"<script> [189 bytes]","args":[]}
COMMAND: GET /session/b41f127b71ced2e69bc7a594aec7d10c/screenshot - {}
RESULT: {"script":"<script> [189 bytes]","args":[]}
COMMAND: POST /session/b41f127b71ced2e69bc7a594aec7d10c/execute/async - {"script":"<script> [123 bytes]","args":[]}
RESULT: {}
RESULT: {"script":"<script> [123 bytes]","args":[]}
COMMAND: POST /session/b41f127b71ced2e69bc7a594aec7d10c/timeouts - {"script":"<number>"}
RESULT: {"script":"<number>"}
COMMAND: GET /session/b41f127b71ced2e69bc7a594aec7d10c/timeouts - {}
RESULT: {}
RESULT: undefined
COMMAND: POST /session/b41f127b71ced2e69bc7a594aec7d10c/execute/async - {"script":"<script> [2676 bytes]","args":[]}
RESULT: {"script":"<script> [2676 bytes]","args":[]}
COMMAND: POST /session/b41f127b71ced2e69bc7a594aec7d10c/execute/async - {"script":"<script> [2342 bytes]","args":[{"protocol":"http","hostname":"0.0.0.0","path":"/","capabilities":{"browserName":"chrome","goog:chromeOptions":{"binary":"C:\\Program Files\\Google\\Chrome\\Application\\chrome.exe","args":["--start-maximized"]}},"logLevel":"warn","connectionRetryTimeout":120000,"connectionRetryCount":3,"logLevels":{},"enableDirectConnect":true,"strictSSL":true,"_":"65 more keys: [\"cacheDir\",\"port\",\"requestedCapabilities\",\"automationProtocol\",\"baseUrl\",\"waitforInterval\",\"waitforTimeout\",\"onReload\",\"beforeCommand\",\"afterCommand\",\"rootDir\",\"specs\",\"suites\",\"exclude\",\"groupLogsByTestSpec\",\"excludeDriverLogs\",\"bail\",\"framework\",\"reporters\",\"services\",\"maxInstances\",\"maxInstancesPerCapability\",\"injectGlobals\",\"filesToWatch\",\"execArgv\",\"runnerEnv\",\"runner\",\"shard\",\"specFileRetries\",\"specFileRetriesDelay\",\"specFileRetriesDeferred\",\"reporterSyncInterval\",\"reporterSyncTimeout\",\"cucumberFeaturesWithLineNumbers\",\"autoCompileOpts\",\"mochaOpts\",\"jasmineOpts\",\"cucumberOpts\",\"onPrepare\",\"onWorkerStart\",\"onWorkerEnd\",\"before\",\"beforeSession\",\"beforeSuite\",\"beforeHook\",\"beforeTest\",\"afterTest\",\"afterHook\",\"afterSuite\",\"afterSession\",\"after\",\"onComplete\",\"beforeAssertion\",\"afterAssertion\",\"beforeFeature\",\"beforeScenario\",\"beforeStep\",\"afterStep\",\"afterScenario\",\"afterFeature\",\"_\",\"suite\",\"$0\",\"ignoredWorkerServices\",\"wdi5\"]"}]}
RESULT: {"script":"<script> [2342 bytes]","args":[{"protocol":"http","hostname":"0.0.0.0","path":"/","capabilities":{"browserName":"chrome","goog:chromeOptions":{"binary":"C:\\Program Files\\Google\\Chrome\\Application\\chrome.exe","args":["--start-maximized"]}},"logLevel":"warn","connectionRetryTimeout":120000,"connectionRetryCount":3,"logLevels":{},"enableDirectConnect":true,"strictSSL":true,"_":"65 more keys: [\"cacheDir\",\"port\",\"requestedCapabilities\",\"automationProtocol\",\"baseUrl\",\"waitforInterval\",\"waitforTimeout\",\"onReload\",\"beforeCommand\",\"afterCommand\",\"rootDir\",\"specs\",\"suites\",\"exclude\",\"groupLogsByTestSpec\",\"excludeDriverLogs\",\"bail\",\"framework\",\"reporters\",\"services\",\"maxInstances\",\"maxInstancesPerCapability\",\"injectGlobals\",\"filesToWatch\",\"execArgv\",\"runnerEnv\",\"runner\",\"shard\",\"specFileRetries\",\"specFileRetriesDelay\",\"specFileRetriesDeferred\",\"reporterSyncInterval\",\"reporterSyncTimeout\",\"cucumberFeaturesWithLineNumbers\",\"autoCompileOpts\",\"mochaOpts\",\"jasmineOpts\",\"cucumberOpts\",\"onPrepare\",\"onWorkerStart\",\"onWorkerEnd\",\"before\",\"beforeSession\",\"beforeSuite\",\"beforeHook\",\"beforeTest\",\"afterTest\",\"afterHook\",\"afterSuite\",\"afterSession\",\"after\",\"onComplete\",\"beforeAssertion\",\"afterAssertion\",\"beforeFeature\",\"beforeScenario\",\"beforeStep\",\"afterStep\",\"afterScenario\",\"afterFeature\",\"_\",\"suite\",\"$0\",\"ignoredWorkerServices\",\"wdi5\"]"}]}
COMMAND: POST /session/b41f127b71ced2e69bc7a594aec7d10c/execute/async - {"script":"<script> [21126 bytes]","args":[35000]}
RESULT: {"script":"<script> [21126 bytes]","args":[35000]}
COMMAND: POST /session/b41f127b71ced2e69bc7a594aec7d10c/execute/async - {"script":"<script> [1562 bytes]","args":[{"selector":{"controlType":"sap.m.Button","viewName":"etm.portal.ui.managerequests.view.Detail","bindingPath":{"path":"/SmartRequestItemsPlanningBoard(ITEM=10m,REQUEST='20317')","propertyPath":"PICK_UP"}},"wdio_ui5_key":"etmportal.ui.managerequests.view.Detailsap.m.Button{\"path\":\"/SmartRequestItemsPlanningBoard(ITEM=10m,REQUEST='20317')\",\"propertyPath\":\"PICK_UP\"}"}]}
RESULT: {"script":"<script> [1562 bytes]","args":[{"selector":{"controlType":"sap.m.Button","viewName":"etm.portal.ui.managerequests.view.Detail","bindingPath":{"path":"/SmartRequestItemsPlanningBoard(ITEM=10m,REQUEST='20317')","propertyPath":"PICK_UP"}},"wdio_ui5_key":"etmportal.ui.managerequests.view.Detailsap.m.Button{\"path\":\"/SmartRequestItemsPlanningBoard(ITEM=10m,REQUEST='20317')\",\"propertyPath\":\"PICK_UP\"}"}]}
RESULT: undefined
COMMAND: POST /session/b41f127b71ced2e69bc7a594aec7d10c/execute/async - {"script":"<script> [6424 bytes]","args":[{"element-6066-11e4-a52e-4f735466cecf":"f.D13B392FFCFC625696F343F77B76D564.d.446A5D8F7ECEAC07ACC43A313A2BF78B.e.5460"},"getType",[]]}
RESULT: {"script":"<script> [6424 bytes]","args":[{"element-6066-11e4-a52e-4f735466cecf":"f.D13B392FFCFC625696F343F77B76D564.d.446A5D8F7ECEAC07ACC43A313A2BF78B.e.5460"},"getType",[]]}
COMMAND: POST /session/b41f127b71ced2e69bc7a594aec7d10c/execute/async - {"script":"<script> [1562 bytes]","args":[{"selector":{"controlType":"sap.m.Button","viewName":"etm.portal.ui.managerequests.view.Detail","bindingPath":{"path":"/SmartRequestItemsPlanningBoard(ITEM=20m,REQUEST='20317')","propertyPath":"PICK_UP"}},"wdio_ui5_key":"etmportal.ui.managerequests.view.Detailsap.m.Button{\"path\":\"/SmartRequestItemsPlanningBoard(ITEM=20m,REQUEST='20317')\",\"propertyPath\":\"PICK_UP\"}"}]}
RESULT: {"script":"<script> [1562 bytes]","args":[{"selector":{"controlType":"sap.m.Button","viewName":"etm.portal.ui.managerequests.view.Detail","bindingPath":{"path":"/SmartRequestItemsPlanningBoard(ITEM=20m,REQUEST='20317')","propertyPath":"PICK_UP"}},"wdio_ui5_key":"etmportal.ui.managerequests.view.Detailsap.m.Button{\"path\":\"/SmartRequestItemsPlanningBoard(ITEM=20m,REQUEST='20317')\",\"propertyPath\":\"PICK_UP\"}"}]}
RESULT: undefined
COMMAND: POST /session/b41f127b71ced2e69bc7a594aec7d10c/execute/async - {"script":"<script> [6424 bytes]","args":[{"element-6066-11e4-a52e-4f735466cecf":"f.D13B392FFCFC625696F343F77B76D564.d.446A5D8F7ECEAC07ACC43A313A2BF78B.e.5491"},"getType",[]]}
RESULT: {"script":"<script> [6424 bytes]","args":[{"element-6066-11e4-a52e-4f735466cecf":"f.D13B392FFCFC625696F343F77B76D564.d.446A5D8F7ECEAC07ACC43A313A2BF78B.e.5491"},"getType",[]]}
]]></system-out>
    </testcase>
    <testcase classname="chrome.135_0_7049_96.windows.Manage_request_+_Contract_processing_pick_up_option_US120163_" name="Should Contract processing pick up option" time="197.232">
      <system-out><![CDATA[
COMMAND: POST /session/b41f127b71ced2e69bc7a594aec7d10c/execute/async - {"script":"<script> [1562 bytes]","args":[{"selector":{"id":"requestContractNo","viewName":"etm.portal.ui.managerequests.view.Detail"},"wdio_ui5_key":"requestContractNoetmportal.ui.managerequests.view.Detail"}]}
RESULT: {"script":"<script> [1562 bytes]","args":[{"selector":{"id":"requestContractNo","viewName":"etm.portal.ui.managerequests.view.Detail"},"wdio_ui5_key":"requestContractNoetmportal.ui.managerequests.view.Detail"}]}
RESULT: undefined
COMMAND: POST /session/b41f127b71ced2e69bc7a594aec7d10c/element - {"using":"xpath","value":"//*[@id=\"__xmlview2--requestContractNo\"]"}
RESULT: {"using":"xpath","value":"//*[@id=\"__xmlview2--requestContractNo\"]"}
COMMAND: POST /session/b41f127b71ced2e69bc7a594aec7d10c/element/f.D13B392FFCFC625696F343F77B76D564.d.446A5D8F7ECEAC07ACC43A313A2BF78B.e.5517/click - {}
RESULT: {}
COMMAND: POST /session/b41f127b71ced2e69bc7a594aec7d10c/execute/async - {"script":"<script> [1562 bytes]","args":[{"selector":{"controlType":"sap.m.Link","viewName":"etm.portal.ui.managerequests.view.Detail","properties":{"text":"Contract Overview"},"searchOpenDialogs":true},"wdio_ui5_key":"etmportal.ui.managerequests.view.Detailsap.m.Link{\"text\":\"Contract Overview\"}"}]}
COMMAND: GET /session/b41f127b71ced2e69bc7a594aec7d10c/screenshot - {}
RESULT: {"script":"<script> [1562 bytes]","args":[{"selector":{"controlType":"sap.m.Link","viewName":"etm.portal.ui.managerequests.view.Detail","properties":{"text":"Contract Overview"},"searchOpenDialogs":true},"wdio_ui5_key":"etmportal.ui.managerequests.view.Detailsap.m.Link{\"text\":\"Contract Overview\"}"}]}
RESULT: undefined
COMMAND: POST /session/b41f127b71ced2e69bc7a594aec7d10c/element - {"using":"xpath","value":"//*[@id=\"__link8\"]"}
RESULT: {}
RESULT: {"using":"xpath","value":"//*[@id=\"__link8\"]"}
COMMAND: POST /session/b41f127b71ced2e69bc7a594aec7d10c/element/f.D13B392FFCFC625696F343F77B76D564.d.446A5D8F7ECEAC07ACC43A313A2BF78B.e.5519/click - {}
RESULT: {}
COMMAND: GET /session/b41f127b71ced2e69bc7a594aec7d10c/screenshot - {}
RESULT: {}
COMMAND: POST /session/b41f127b71ced2e69bc7a594aec7d10c/element - {"using":"xpath","value":"//div[contains(@id ,\"headerBillingItemsTabFilter-text\")]"}
RESULT: {"using":"xpath","value":"//div[contains(@id ,\"headerBillingItemsTabFilter-text\")]"}
COMMAND: POST /session/b41f127b71ced2e69bc7a594aec7d10c/element/f.D13B392FFCFC625696F343F77B76D564.d.446A5D8F7ECEAC07ACC43A313A2BF78B.e.5747/click - {}
RESULT: {}
COMMAND: GET /session/b41f127b71ced2e69bc7a594aec7d10c/screenshot - {}
RESULT: {}
COMMAND: POST /session/b41f127b71ced2e69bc7a594aec7d10c/execute/async - {"script":"<script> [1562 bytes]","args":[{"selector":{"id":"addRequestItemBtn","viewName":"etm.portal.ui.managecontracts.view.Detail","interaction":{"idSuffix":"BDI-content"}},"wdio_ui5_key":"addRequestItemBtnetmportal.ui.managecontracts.view.Detail"}]}
RESULT: {"script":"<script> [1562 bytes]","args":[{"selector":{"id":"addRequestItemBtn","viewName":"etm.portal.ui.managecontracts.view.Detail","interaction":{"idSuffix":"BDI-content"}},"wdio_ui5_key":"addRequestItemBtnetmportal.ui.managecontracts.view.Detail"}]}
RESULT: undefined
COMMAND: POST /session/b41f127b71ced2e69bc7a594aec7d10c/element - {"using":"xpath","value":"//*[@id=\"__xmlview4--addRequestItemBtn\"]"}
RESULT: {"using":"xpath","value":"//*[@id=\"__xmlview4--addRequestItemBtn\"]"}
COMMAND: POST /session/b41f127b71ced2e69bc7a594aec7d10c/element/f.D13B392FFCFC625696F343F77B76D564.d.446A5D8F7ECEAC07ACC43A313A2BF78B.e.5611/click - {}
RESULT: {}
COMMAND: GET /session/b41f127b71ced2e69bc7a594aec7d10c/screenshot - {}
RESULT: {}
COMMAND: POST /session/b41f127b71ced2e69bc7a594aec7d10c/element - {"using":"xpath","value":"//div[contains(@id ,\"popupRequestTable-sa-CbBg\")]"}
RESULT: {"using":"xpath","value":"//div[contains(@id ,\"popupRequestTable-sa-CbBg\")]"}
COMMAND: POST /session/b41f127b71ced2e69bc7a594aec7d10c/element/f.D13B392FFCFC625696F343F77B76D564.d.446A5D8F7ECEAC07ACC43A313A2BF78B.e.5784/click - {}
RESULT: {}
COMMAND: GET /session/b41f127b71ced2e69bc7a594aec7d10c/screenshot - {}
RESULT: {}
COMMAND: POST /session/b41f127b71ced2e69bc7a594aec7d10c/execute/async - {"script":"<script> [1562 bytes]","args":[{"selector":{"controlType":"sap.m.Button","viewName":"etm.portal.ui.managecontracts.view.Detail","i18NText":{"propertyName":"text","key":"selectionDone"},"searchOpenDialogs":true,"interaction":{"idSuffix":"content"}},"wdio_ui5_key":"etmportal.ui.managecontracts.view.Detailsap.m.Button{\"propertyName\":\"text\",\"key\":\"selectionDone\"}"}]}
RESULT: {"script":"<script> [1562 bytes]","args":[{"selector":{"controlType":"sap.m.Button","viewName":"etm.portal.ui.managecontracts.view.Detail","i18NText":{"propertyName":"text","key":"selectionDone"},"searchOpenDialogs":true,"interaction":{"idSuffix":"content"}},"wdio_ui5_key":"etmportal.ui.managecontracts.view.Detailsap.m.Button{\"propertyName\":\"text\",\"key\":\"selectionDone\"}"}]}
RESULT: undefined
COMMAND: POST /session/b41f127b71ced2e69bc7a594aec7d10c/element - {"using":"xpath","value":"//*[@id=\"__button65\"]"}
RESULT: {"using":"xpath","value":"//*[@id=\"__button65\"]"}
COMMAND: POST /session/b41f127b71ced2e69bc7a594aec7d10c/element/f.D13B392FFCFC625696F343F77B76D564.d.446A5D8F7ECEAC07ACC43A313A2BF78B.e.5787/click - {}
RESULT: {}
COMMAND: POST /session/b41f127b71ced2e69bc7a594aec7d10c/execute/async - {"script":"<script> [1562 bytes]","args":[{"selector":{"controlType":"sap.m.Button","properties":{"text":"OK"},"searchOpenDialogs":true,"interaction":{"idSuffix":"inner"}},"wdio_ui5_key":"sapm.Button{\"text\":\"OK\"}"}]}
COMMAND: GET /session/b41f127b71ced2e69bc7a594aec7d10c/screenshot - {}
RESULT: {"script":"<script> [1562 bytes]","args":[{"selector":{"controlType":"sap.m.Button","properties":{"text":"OK"},"searchOpenDialogs":true,"interaction":{"idSuffix":"inner"}},"wdio_ui5_key":"sapm.Button{\"text\":\"OK\"}"}]}
RESULT: undefined
COMMAND: POST /session/b41f127b71ced2e69bc7a594aec7d10c/element - {"using":"xpath","value":"//*[@id=\"__mbox-btn-1\"]"}
RESULT: {}
RESULT: {"using":"xpath","value":"//*[@id=\"__mbox-btn-1\"]"}
COMMAND: POST /session/b41f127b71ced2e69bc7a594aec7d10c/element/f.D13B392FFCFC625696F343F77B76D564.d.446A5D8F7ECEAC07ACC43A313A2BF78B.e.5788/click - {}
RESULT: {}
COMMAND: GET /session/b41f127b71ced2e69bc7a594aec7d10c/screenshot - {}
RESULT: {}
COMMAND: POST /session/b41f127b71ced2e69bc7a594aec7d10c/element - {"using":"xpath","value":"//div[contains(@id ,\"headerBillingItemsTabFilter-text\")]"}
RESULT: {"using":"xpath","value":"//div[contains(@id ,\"headerBillingItemsTabFilter-text\")]"}
COMMAND: POST /session/b41f127b71ced2e69bc7a594aec7d10c/element/f.D13B392FFCFC625696F343F77B76D564.d.446A5D8F7ECEAC07ACC43A313A2BF78B.e.5747/click - {}
RESULT: {}
COMMAND: GET /session/b41f127b71ced2e69bc7a594aec7d10c/screenshot - {}
RESULT: {}
COMMAND: POST /session/b41f127b71ced2e69bc7a594aec7d10c/element - {"using":"xpath","value":"//button[contains(@data-kt ,\"refreshButton\")]"}
RESULT: {"using":"xpath","value":"//button[contains(@data-kt ,\"refreshButton\")]"}
COMMAND: POST /session/b41f127b71ced2e69bc7a594aec7d10c/element/f.D13B392FFCFC625696F343F77B76D564.d.446A5D8F7ECEAC07ACC43A313A2BF78B.e.5608/click - {}
RESULT: {}
COMMAND: GET /session/b41f127b71ced2e69bc7a594aec7d10c/screenshot - {}
RESULT: {}
COMMAND: POST /session/b41f127b71ced2e69bc7a594aec7d10c/element - {"using":"xpath","value":"//div[contains(@id ,\"headerBillingItemsTabFilter-text\")]"}
RESULT: {"using":"xpath","value":"//div[contains(@id ,\"headerBillingItemsTabFilter-text\")]"}
COMMAND: POST /session/b41f127b71ced2e69bc7a594aec7d10c/element/f.D13B392FFCFC625696F343F77B76D564.d.446A5D8F7ECEAC07ACC43A313A2BF78B.e.5747/click - {}
RESULT: {}
COMMAND: GET /session/b41f127b71ced2e69bc7a594aec7d10c/screenshot - {}
RESULT: {}
COMMAND: POST /session/b41f127b71ced2e69bc7a594aec7d10c/execute/async - {"script":"<script> [1562 bytes]","args":[{"selector":{"id":"contractDetailProvideButton","viewName":"etm.portal.ui.managecontracts.view.Detail","interaction":{"idSuffix":"BDI-content"}},"wdio_ui5_key":"contractDetailProvideButtonetmportal.ui.managecontracts.view.Detail"}]}
RESULT: {"script":"<script> [1562 bytes]","args":[{"selector":{"id":"contractDetailProvideButton","viewName":"etm.portal.ui.managecontracts.view.Detail","interaction":{"idSuffix":"BDI-content"}},"wdio_ui5_key":"contractDetailProvideButtonetmportal.ui.managecontracts.view.Detail"}]}
RESULT: undefined
COMMAND: POST /session/b41f127b71ced2e69bc7a594aec7d10c/element - {"using":"xpath","value":"//*[@id=\"__xmlview4--contractDetailProvideButton\"]"}
RESULT: {"using":"xpath","value":"//*[@id=\"__xmlview4--contractDetailProvideButton\"]"}
COMMAND: POST /session/b41f127b71ced2e69bc7a594aec7d10c/element/f.D13B392FFCFC625696F343F77B76D564.d.446A5D8F7ECEAC07ACC43A313A2BF78B.e.5617/click - {}
RESULT: {}
COMMAND: GET /session/b41f127b71ced2e69bc7a594aec7d10c/screenshot - {}
RESULT: {}
COMMAND: POST /session/b41f127b71ced2e69bc7a594aec7d10c/execute/async - {"script":"<script> [1562 bytes]","args":[{"selector":{"id":"application-managehandovers-display-component---AddNewHO--pickUpCheckbox","interaction":{"idSuffix":"CbBg"}},"wdio_ui5_key":"applicationmanagehandovers-display-component---AddNewHO--pickUpCheckbox"}]}
RESULT: {"script":"<script> [1562 bytes]","args":[{"selector":{"id":"application-managehandovers-display-component---AddNewHO--pickUpCheckbox","interaction":{"idSuffix":"CbBg"}},"wdio_ui5_key":"applicationmanagehandovers-display-component---AddNewHO--pickUpCheckbox"}]}
RESULT: undefined
COMMAND: POST /session/b41f127b71ced2e69bc7a594aec7d10c/element - {"using":"xpath","value":"//*[@id=\"application-managehandovers-display-component---AddNewHO--pickUpCheckbox\"]"}
RESULT: {"using":"xpath","value":"//*[@id=\"application-managehandovers-display-component---AddNewHO--pickUpCheckbox\"]"}
COMMAND: POST /session/b41f127b71ced2e69bc7a594aec7d10c/element/f.D13B392FFCFC625696F343F77B76D564.d.446A5D8F7ECEAC07ACC43A313A2BF78B.e.5979/click - {}
RESULT: {}
COMMAND: POST /session/b41f127b71ced2e69bc7a594aec7d10c/execute/async - {"script":"<script> [1562 bytes]","args":[{"selector":{"id":"application-managehandovers-display-component---AddNewHO--ObjectPageLayout-anchBar-application-managehandovers-display-component---AddNewHO--section4-anchor","interaction":{"idSuffix":"content"}},"wdio_ui5_key":"applicationmanagehandovers-display-component---AddNewHO--ObjectPageLayout-anchBar-application-managehandovers-display-component---AddNewHO--section4-anchor"}]}
COMMAND: GET /session/b41f127b71ced2e69bc7a594aec7d10c/screenshot - {}
RESULT: {"script":"<script> [1562 bytes]","args":[{"selector":{"id":"application-managehandovers-display-component---AddNewHO--ObjectPageLayout-anchBar-application-managehandovers-display-component---AddNewHO--section4-anchor","interaction":{"idSuffix":"content"}},"wdio_ui5_key":"applicationmanagehandovers-display-component---AddNewHO--ObjectPageLayout-anchBar-application-managehandovers-display-component---AddNewHO--section4-anchor"}]}
RESULT: undefined
COMMAND: POST /session/b41f127b71ced2e69bc7a594aec7d10c/element - {"using":"xpath","value":"//*[@id=\"application-managehandovers-display-component---AddNewHO--ObjectPageLayout-anchBar-application-managehandovers-display-component---AddNewHO--section4-anchor\"]"}
RESULT: {}
RESULT: {"using":"xpath","value":"//*[@id=\"application-managehandovers-display-component---AddNewHO--ObjectPageLayout-anchBar-application-managehandovers-display-component---AddNewHO--section4-anchor\"]"}
COMMAND: POST /session/b41f127b71ced2e69bc7a594aec7d10c/element/f.D13B392FFCFC625696F343F77B76D564.d.446A5D8F7ECEAC07ACC43A313A2BF78B.e.5981/click - {}
RESULT: {}
COMMAND: POST /session/b41f127b71ced2e69bc7a594aec7d10c/execute/async - {"script":"<script> [1562 bytes]","args":[{"selector":{"controlType":"sap.m.Button","viewName":"etm.portal.ui.managehandovers.view.AddNewHO","viewId":"application-managehandovers-display-component---AddNewHO","i18NText":{"propertyName":"tooltip","key":"addItems"},"interaction":{"idSuffix":"inner"}},"wdio_ui5_key":"etmportal.ui.managehandovers.view.AddNewHOsap.m.Button{\"propertyName\":\"tooltip\",\"key\":\"addItems\"}"}]}
COMMAND: GET /session/b41f127b71ced2e69bc7a594aec7d10c/screenshot - {}
RESULT: {"script":"<script> [1562 bytes]","args":[{"selector":{"controlType":"sap.m.Button","viewName":"etm.portal.ui.managehandovers.view.AddNewHO","viewId":"application-managehandovers-display-component---AddNewHO","i18NText":{"propertyName":"tooltip","key":"addItems"},"interaction":{"idSuffix":"inner"}},"wdio_ui5_key":"etmportal.ui.managehandovers.view.AddNewHOsap.m.Button{\"propertyName\":\"tooltip\",\"key\":\"addItems\"}"}]}
RESULT: undefined
COMMAND: POST /session/b41f127b71ced2e69bc7a594aec7d10c/element - {"using":"xpath","value":"//*[@id=\"__button82\"]"}
RESULT: {}
RESULT: {"using":"xpath","value":"//*[@id=\"__button82\"]"}
COMMAND: POST /session/b41f127b71ced2e69bc7a594aec7d10c/element/f.D13B392FFCFC625696F343F77B76D564.d.446A5D8F7ECEAC07ACC43A313A2BF78B.e.5985/click - {}
RESULT: {}
COMMAND: POST /session/b41f127b71ced2e69bc7a594aec7d10c/execute/async - {"script":"<script> [1562 bytes]","args":[{"selector":{"id":"application-managehandovers-display-component---AddNewHO--smartTableHOPopup-header","searchOpenDialogs":true},"wdio_ui5_key":"applicationmanagehandovers-display-component---AddNewHO--smartTableHOPopup-header"}]}
COMMAND: GET /session/b41f127b71ced2e69bc7a594aec7d10c/screenshot - {}
RESULT: {"script":"<script> [1562 bytes]","args":[{"selector":{"id":"application-managehandovers-display-component---AddNewHO--smartTableHOPopup-header","searchOpenDialogs":true},"wdio_ui5_key":"applicationmanagehandovers-display-component---AddNewHO--smartTableHOPopup-header"}]}
RESULT: undefined
COMMAND: POST /session/b41f127b71ced2e69bc7a594aec7d10c/execute/async - {"script":"<script> [6424 bytes]","args":[{"element-6066-11e4-a52e-4f735466cecf":"f.D13B392FFCFC625696F343F77B76D564.d.446A5D8F7ECEAC07ACC43A313A2BF78B.e.6000"},"getText",[]]}
RESULT: {}
RESULT: {"script":"<script> [6424 bytes]","args":[{"element-6066-11e4-a52e-4f735466cecf":"f.D13B392FFCFC625696F343F77B76D564.d.446A5D8F7ECEAC07ACC43A313A2BF78B.e.6000"},"getText",[]]}
COMMAND: POST /session/b41f127b71ced2e69bc7a594aec7d10c/actions - {"actions":[{"id":"action43","type":"key","parameters":{},"actions":[{"type":"keyDown","value":"î€Œ"},{"type":"pause","duration":10},{"type":"keyUp","value":"î€Œ"}]}]}
RESULT: {"actions":[{"id":"action43","type":"key","parameters":{},"actions":[{"type":"keyDown","value":"î€Œ"},{"type":"pause","duration":10},{"type":"keyUp","value":"î€Œ"}]}]}
COMMAND: GET /session/b41f127b71ced2e69bc7a594aec7d10c/screenshot - {}
RESULT: {}
COMMAND: POST /session/b41f127b71ced2e69bc7a594aec7d10c/execute/async - {"script":"<script> [1562 bytes]","args":[{"selector":{"id":"backBtn"},"wdio_ui5_key":"backBtn"}]}
RESULT: {"script":"<script> [1562 bytes]","args":[{"selector":{"id":"backBtn"},"wdio_ui5_key":"backBtn"}]}
RESULT: undefined
COMMAND: POST /session/b41f127b71ced2e69bc7a594aec7d10c/element - {"using":"xpath","value":"//*[@id=\"backBtn\"]"}
RESULT: {"using":"xpath","value":"//*[@id=\"backBtn\"]"}
COMMAND: POST /session/b41f127b71ced2e69bc7a594aec7d10c/element/f.D13B392FFCFC625696F343F77B76D564.d.446A5D8F7ECEAC07ACC43A313A2BF78B.e.6002/click - {}
RESULT: {}
COMMAND: GET /session/b41f127b71ced2e69bc7a594aec7d10c/screenshot - {}
RESULT: {}
COMMAND: POST /session/b41f127b71ced2e69bc7a594aec7d10c/refresh - {}
RESULT: {}
COMMAND: GET /session/b41f127b71ced2e69bc7a594aec7d10c/screenshot - {}
RESULT: {}
COMMAND: POST /session/b41f127b71ced2e69bc7a594aec7d10c/execute/async - {"script":"<script> [189 bytes]","args":[]}
RESULT: {"script":"<script> [189 bytes]","args":[]}
COMMAND: POST /session/b41f127b71ced2e69bc7a594aec7d10c/execute/async - {"script":"<script> [123 bytes]","args":[]}
RESULT: {"script":"<script> [123 bytes]","args":[]}
COMMAND: POST /session/b41f127b71ced2e69bc7a594aec7d10c/timeouts - {"script":"<number>"}
RESULT: {"script":"<number>"}
COMMAND: GET /session/b41f127b71ced2e69bc7a594aec7d10c/timeouts - {}
RESULT: {}
RESULT: undefined
COMMAND: POST /session/b41f127b71ced2e69bc7a594aec7d10c/execute/async - {"script":"<script> [2676 bytes]","args":[]}
RESULT: {"script":"<script> [2676 bytes]","args":[]}
COMMAND: POST /session/b41f127b71ced2e69bc7a594aec7d10c/execute/async - {"script":"<script> [2342 bytes]","args":[{"protocol":"http","hostname":"0.0.0.0","path":"/","capabilities":{"browserName":"chrome","goog:chromeOptions":{"binary":"C:\\Program Files\\Google\\Chrome\\Application\\chrome.exe","args":["--start-maximized"]}},"logLevel":"warn","connectionRetryTimeout":120000,"connectionRetryCount":3,"logLevels":{},"enableDirectConnect":true,"strictSSL":true,"_":"65 more keys: [\"cacheDir\",\"port\",\"requestedCapabilities\",\"automationProtocol\",\"baseUrl\",\"waitforInterval\",\"waitforTimeout\",\"onReload\",\"beforeCommand\",\"afterCommand\",\"rootDir\",\"specs\",\"suites\",\"exclude\",\"groupLogsByTestSpec\",\"excludeDriverLogs\",\"bail\",\"framework\",\"reporters\",\"services\",\"maxInstances\",\"maxInstancesPerCapability\",\"injectGlobals\",\"filesToWatch\",\"execArgv\",\"runnerEnv\",\"runner\",\"shard\",\"specFileRetries\",\"specFileRetriesDelay\",\"specFileRetriesDeferred\",\"reporterSyncInterval\",\"reporterSyncTimeout\",\"cucumberFeaturesWithLineNumbers\",\"autoCompileOpts\",\"mochaOpts\",\"jasmineOpts\",\"cucumberOpts\",\"onPrepare\",\"onWorkerStart\",\"onWorkerEnd\",\"before\",\"beforeSession\",\"beforeSuite\",\"beforeHook\",\"beforeTest\",\"afterTest\",\"afterHook\",\"afterSuite\",\"afterSession\",\"after\",\"onComplete\",\"beforeAssertion\",\"afterAssertion\",\"beforeFeature\",\"beforeScenario\",\"beforeStep\",\"afterStep\",\"afterScenario\",\"afterFeature\",\"_\",\"suite\",\"$0\",\"ignoredWorkerServices\",\"wdi5\"]"}]}
RESULT: {"script":"<script> [2342 bytes]","args":[{"protocol":"http","hostname":"0.0.0.0","path":"/","capabilities":{"browserName":"chrome","goog:chromeOptions":{"binary":"C:\\Program Files\\Google\\Chrome\\Application\\chrome.exe","args":["--start-maximized"]}},"logLevel":"warn","connectionRetryTimeout":120000,"connectionRetryCount":3,"logLevels":{},"enableDirectConnect":true,"strictSSL":true,"_":"65 more keys: [\"cacheDir\",\"port\",\"requestedCapabilities\",\"automationProtocol\",\"baseUrl\",\"waitforInterval\",\"waitforTimeout\",\"onReload\",\"beforeCommand\",\"afterCommand\",\"rootDir\",\"specs\",\"suites\",\"exclude\",\"groupLogsByTestSpec\",\"excludeDriverLogs\",\"bail\",\"framework\",\"reporters\",\"services\",\"maxInstances\",\"maxInstancesPerCapability\",\"injectGlobals\",\"filesToWatch\",\"execArgv\",\"runnerEnv\",\"runner\",\"shard\",\"specFileRetries\",\"specFileRetriesDelay\",\"specFileRetriesDeferred\",\"reporterSyncInterval\",\"reporterSyncTimeout\",\"cucumberFeaturesWithLineNumbers\",\"autoCompileOpts\",\"mochaOpts\",\"jasmineOpts\",\"cucumberOpts\",\"onPrepare\",\"onWorkerStart\",\"onWorkerEnd\",\"before\",\"beforeSession\",\"beforeSuite\",\"beforeHook\",\"beforeTest\",\"afterTest\",\"afterHook\",\"afterSuite\",\"afterSession\",\"after\",\"onComplete\",\"beforeAssertion\",\"afterAssertion\",\"beforeFeature\",\"beforeScenario\",\"beforeStep\",\"afterStep\",\"afterScenario\",\"afterFeature\",\"_\",\"suite\",\"$0\",\"ignoredWorkerServices\",\"wdi5\"]"}]}
COMMAND: POST /session/b41f127b71ced2e69bc7a594aec7d10c/execute/async - {"script":"<script> [21126 bytes]","args":[35000]}
RESULT: {"script":"<script> [21126 bytes]","args":[35000]}
COMMAND: POST /session/b41f127b71ced2e69bc7a594aec7d10c/element - {"using":"xpath","value":"//div[contains(@id ,\"headerBillingItemsTabFilter-text\")]"}
RESULT: {"using":"xpath","value":"//div[contains(@id ,\"headerBillingItemsTabFilter-text\")]"}
COMMAND: POST /session/b41f127b71ced2e69bc7a594aec7d10c/element/f.D13B392FFCFC625696F343F77B76D564.d.0E5EB7C28631A914547232A380C7F875.e.6446/click - {}
RESULT: {}
COMMAND: GET /session/b41f127b71ced2e69bc7a594aec7d10c/screenshot - {}
RESULT: {}
COMMAND: POST /session/b41f127b71ced2e69bc7a594aec7d10c/execute/async - {"script":"<script> [1562 bytes]","args":[{"selector":{"id":"revertPlanningBtn","viewName":"etm.portal.ui.managecontracts.view.Detail","interaction":{"idSuffix":"BDI-content"}},"wdio_ui5_key":"revertPlanningBtnetmportal.ui.managecontracts.view.Detail"}]}
RESULT: {"script":"<script> [1562 bytes]","args":[{"selector":{"id":"revertPlanningBtn","viewName":"etm.portal.ui.managecontracts.view.Detail","interaction":{"idSuffix":"BDI-content"}},"wdio_ui5_key":"revertPlanningBtnetmportal.ui.managecontracts.view.Detail"}]}
RESULT: undefined
COMMAND: POST /session/b41f127b71ced2e69bc7a594aec7d10c/element - {"using":"xpath","value":"//*[@id=\"__xmlview1--revertPlanningBtn\"]"}
RESULT: {"using":"xpath","value":"//*[@id=\"__xmlview1--revertPlanningBtn\"]"}
COMMAND: POST /session/b41f127b71ced2e69bc7a594aec7d10c/element/f.D13B392FFCFC625696F343F77B76D564.d.0E5EB7C28631A914547232A380C7F875.e.6451/click - {}
RESULT: {}
COMMAND: GET /session/b41f127b71ced2e69bc7a594aec7d10c/screenshot - {}
RESULT: {}
COMMAND: POST /session/b41f127b71ced2e69bc7a594aec7d10c/actions - {"actions":[{"id":"action44","type":"key","parameters":{},"actions":[{"type":"keyDown","value":"î€‡"},{"type":"pause","duration":10},{"type":"keyUp","value":"î€‡"}]}]}
RESULT: {"actions":[{"id":"action44","type":"key","parameters":{},"actions":[{"type":"keyDown","value":"î€‡"},{"type":"pause","duration":10},{"type":"keyUp","value":"î€‡"}]}]}
COMMAND: GET /session/b41f127b71ced2e69bc7a594aec7d10c/screenshot - {}
RESULT: {}
COMMAND: POST /session/b41f127b71ced2e69bc7a594aec7d10c/element - {"using":"xpath","value":"//div[contains(@id ,\"ProductsTable-sa-CbBg\")]"}
RESULT: {"using":"xpath","value":"//div[contains(@id ,\"ProductsTable-sa-CbBg\")]"}
COMMAND: POST /session/b41f127b71ced2e69bc7a594aec7d10c/element/f.D13B392FFCFC625696F343F77B76D564.d.0E5EB7C28631A914547232A380C7F875.e.6515/click - {}
RESULT: {}
COMMAND: GET /session/b41f127b71ced2e69bc7a594aec7d10c/screenshot - {}
RESULT: {}
COMMAND: POST /session/b41f127b71ced2e69bc7a594aec7d10c/execute/async - {"script":"<script> [1562 bytes]","args":[{"selector":{"id":"executeRevertPlanningBtn","viewName":"etm.portal.ui.managecontracts.view.Detail","interaction":{"idSuffix":"BDI-content"}},"wdio_ui5_key":"executeRevertPlanningBtnetmportal.ui.managecontracts.view.Detail"}]}
RESULT: {"script":"<script> [1562 bytes]","args":[{"selector":{"id":"executeRevertPlanningBtn","viewName":"etm.portal.ui.managecontracts.view.Detail","interaction":{"idSuffix":"BDI-content"}},"wdio_ui5_key":"executeRevertPlanningBtnetmportal.ui.managecontracts.view.Detail"}]}
RESULT: undefined
COMMAND: POST /session/b41f127b71ced2e69bc7a594aec7d10c/element - {"using":"xpath","value":"//*[@id=\"__xmlview1--executeRevertPlanningBtn\"]"}
RESULT: {"using":"xpath","value":"//*[@id=\"__xmlview1--executeRevertPlanningBtn\"]"}
COMMAND: POST /session/b41f127b71ced2e69bc7a594aec7d10c/element/f.D13B392FFCFC625696F343F77B76D564.d.0E5EB7C28631A914547232A380C7F875.e.6504/click - {}
RESULT: {}
COMMAND: GET /session/b41f127b71ced2e69bc7a594aec7d10c/screenshot - {}
RESULT: {}
COMMAND: POST /session/b41f127b71ced2e69bc7a594aec7d10c/actions - {"actions":[{"id":"action45","type":"key","parameters":{},"actions":[{"type":"keyDown","value":"î€‡"},{"type":"pause","duration":10},{"type":"keyUp","value":"î€‡"}]}]}
RESULT: {"actions":[{"id":"action45","type":"key","parameters":{},"actions":[{"type":"keyDown","value":"î€‡"},{"type":"pause","duration":10},{"type":"keyUp","value":"î€‡"}]}]}
COMMAND: POST /session/b41f127b71ced2e69bc7a594aec7d10c/execute/async - {"script":"<script> [1562 bytes]","args":[{"selector":{"id":"backBtn"},"wdio_ui5_key":"backBtn"}]}
COMMAND: GET /session/b41f127b71ced2e69bc7a594aec7d10c/screenshot - {}
RESULT: {"script":"<script> [1562 bytes]","args":[{"selector":{"id":"backBtn"},"wdio_ui5_key":"backBtn"}]}
RESULT: undefined
COMMAND: POST /session/b41f127b71ced2e69bc7a594aec7d10c/element - {"using":"xpath","value":"//*[@id=\"backBtn\"]"}
RESULT: {}
RESULT: {"using":"xpath","value":"//*[@id=\"backBtn\"]"}
COMMAND: POST /session/b41f127b71ced2e69bc7a594aec7d10c/element/f.D13B392FFCFC625696F343F77B76D564.d.0E5EB7C28631A914547232A380C7F875.e.6538/click - {}
RESULT: {}
COMMAND: GET /session/b41f127b71ced2e69bc7a594aec7d10c/screenshot - {}
COMMAND: POST /session/b41f127b71ced2e69bc7a594aec7d10c/refresh - {}
RESULT: {}
RESULT: {}
COMMAND: GET /session/b41f127b71ced2e69bc7a594aec7d10c/screenshot - {}
RESULT: {}
COMMAND: POST /session/b41f127b71ced2e69bc7a594aec7d10c/execute/async - {"script":"<script> [189 bytes]","args":[]}
RESULT: {"script":"<script> [189 bytes]","args":[]}
COMMAND: POST /session/b41f127b71ced2e69bc7a594aec7d10c/execute/async - {"script":"<script> [123 bytes]","args":[]}
RESULT: {"script":"<script> [123 bytes]","args":[]}
COMMAND: POST /session/b41f127b71ced2e69bc7a594aec7d10c/timeouts - {"script":"<number>"}
RESULT: {"script":"<number>"}
COMMAND: GET /session/b41f127b71ced2e69bc7a594aec7d10c/timeouts - {}
RESULT: {}
RESULT: undefined
COMMAND: POST /session/b41f127b71ced2e69bc7a594aec7d10c/execute/async - {"script":"<script> [2676 bytes]","args":[]}
RESULT: {"script":"<script> [2676 bytes]","args":[]}
COMMAND: POST /session/b41f127b71ced2e69bc7a594aec7d10c/execute/async - {"script":"<script> [2342 bytes]","args":[{"protocol":"http","hostname":"0.0.0.0","path":"/","capabilities":{"browserName":"chrome","goog:chromeOptions":{"binary":"C:\\Program Files\\Google\\Chrome\\Application\\chrome.exe","args":["--start-maximized"]}},"logLevel":"warn","connectionRetryTimeout":120000,"connectionRetryCount":3,"logLevels":{},"enableDirectConnect":true,"strictSSL":true,"_":"65 more keys: [\"cacheDir\",\"port\",\"requestedCapabilities\",\"automationProtocol\",\"baseUrl\",\"waitforInterval\",\"waitforTimeout\",\"onReload\",\"beforeCommand\",\"afterCommand\",\"rootDir\",\"specs\",\"suites\",\"exclude\",\"groupLogsByTestSpec\",\"excludeDriverLogs\",\"bail\",\"framework\",\"reporters\",\"services\",\"maxInstances\",\"maxInstancesPerCapability\",\"injectGlobals\",\"filesToWatch\",\"execArgv\",\"runnerEnv\",\"runner\",\"shard\",\"specFileRetries\",\"specFileRetriesDelay\",\"specFileRetriesDeferred\",\"reporterSyncInterval\",\"reporterSyncTimeout\",\"cucumberFeaturesWithLineNumbers\",\"autoCompileOpts\",\"mochaOpts\",\"jasmineOpts\",\"cucumberOpts\",\"onPrepare\",\"onWorkerStart\",\"onWorkerEnd\",\"before\",\"beforeSession\",\"beforeSuite\",\"beforeHook\",\"beforeTest\",\"afterTest\",\"afterHook\",\"afterSuite\",\"afterSession\",\"after\",\"onComplete\",\"beforeAssertion\",\"afterAssertion\",\"beforeFeature\",\"beforeScenario\",\"beforeStep\",\"afterStep\",\"afterScenario\",\"afterFeature\",\"_\",\"suite\",\"$0\",\"ignoredWorkerServices\",\"wdi5\"]"}]}
RESULT: {"script":"<script> [2342 bytes]","args":[{"protocol":"http","hostname":"0.0.0.0","path":"/","capabilities":{"browserName":"chrome","goog:chromeOptions":{"binary":"C:\\Program Files\\Google\\Chrome\\Application\\chrome.exe","args":["--start-maximized"]}},"logLevel":"warn","connectionRetryTimeout":120000,"connectionRetryCount":3,"logLevels":{},"enableDirectConnect":true,"strictSSL":true,"_":"65 more keys: [\"cacheDir\",\"port\",\"requestedCapabilities\",\"automationProtocol\",\"baseUrl\",\"waitforInterval\",\"waitforTimeout\",\"onReload\",\"beforeCommand\",\"afterCommand\",\"rootDir\",\"specs\",\"suites\",\"exclude\",\"groupLogsByTestSpec\",\"excludeDriverLogs\",\"bail\",\"framework\",\"reporters\",\"services\",\"maxInstances\",\"maxInstancesPerCapability\",\"injectGlobals\",\"filesToWatch\",\"execArgv\",\"runnerEnv\",\"runner\",\"shard\",\"specFileRetries\",\"specFileRetriesDelay\",\"specFileRetriesDeferred\",\"reporterSyncInterval\",\"reporterSyncTimeout\",\"cucumberFeaturesWithLineNumbers\",\"autoCompileOpts\",\"mochaOpts\",\"jasmineOpts\",\"cucumberOpts\",\"onPrepare\",\"onWorkerStart\",\"onWorkerEnd\",\"before\",\"beforeSession\",\"beforeSuite\",\"beforeHook\",\"beforeTest\",\"afterTest\",\"afterHook\",\"afterSuite\",\"afterSession\",\"after\",\"onComplete\",\"beforeAssertion\",\"afterAssertion\",\"beforeFeature\",\"beforeScenario\",\"beforeStep\",\"afterStep\",\"afterScenario\",\"afterFeature\",\"_\",\"suite\",\"$0\",\"ignoredWorkerServices\",\"wdi5\"]"}]}
COMMAND: POST /session/b41f127b71ced2e69bc7a594aec7d10c/execute/async - {"script":"<script> [21126 bytes]","args":[35000]}
RESULT: {"script":"<script> [21126 bytes]","args":[35000]}
COMMAND: POST /session/b41f127b71ced2e69bc7a594aec7d10c/execute/async - {"script":"<script> [1562 bytes]","args":[{"selector":{"controlType":"sap.m.ObjectStatus","viewName":"etm.portal.ui.managerequests.view.Detail","bindingPath":{"path":"/RequestHeaders('20317')","propertyPath":"LINK_TO_STATUS/DESCRIPTION","modelName":"catalogModel"}},"wdio_ui5_key":"etmportal.ui.managerequests.view.Detailsap.m.ObjectStatus{\"path\":\"/RequestHeaders('20317')\",\"propertyPath\":\"LINK_TO_STATUS/DESCRIPTION\",\"modelName\":\"catalogModel\"}"}]}
RESULT: {"script":"<script> [1562 bytes]","args":[{"selector":{"controlType":"sap.m.ObjectStatus","viewName":"etm.portal.ui.managerequests.view.Detail","bindingPath":{"path":"/RequestHeaders('20317')","propertyPath":"LINK_TO_STATUS/DESCRIPTION","modelName":"catalogModel"}},"wdio_ui5_key":"etmportal.ui.managerequests.view.Detailsap.m.ObjectStatus{\"path\":\"/RequestHeaders('20317')\",\"propertyPath\":\"LINK_TO_STATUS/DESCRIPTION\",\"modelName\":\"catalogModel\"}"}]}
RESULT: undefined
COMMAND: POST /session/b41f127b71ced2e69bc7a594aec7d10c/execute/async - {"script":"<script> [6424 bytes]","args":[{"element-6066-11e4-a52e-4f735466cecf":"f.D13B392FFCFC625696F343F77B76D564.d.9791D625F70847BAE663C26E6C806608.e.6839"},"getText",[]]}
RESULT: {"script":"<script> [6424 bytes]","args":[{"element-6066-11e4-a52e-4f735466cecf":"f.D13B392FFCFC625696F343F77B76D564.d.9791D625F70847BAE663C26E6C806608.e.6839"},"getText",[]]}
COMMAND: POST /session/b41f127b71ced2e69bc7a594aec7d10c/execute/async - {"script":"<script> [1562 bytes]","args":[{"selector":{"controlType":"sap.m.Button","viewName":"etm.portal.ui.managerequests.view.Detail","bindingPath":{"path":"/SmartRequestItemsPlanningBoard(ITEM=10m,REQUEST='20317')","propertyPath":"PICK_UP"}},"wdio_ui5_key":"etmportal.ui.managerequests.view.Detailsap.m.Button{\"path\":\"/SmartRequestItemsPlanningBoard(ITEM=10m,REQUEST='20317')\",\"propertyPath\":\"PICK_UP\"}"}]}
RESULT: {"script":"<script> [1562 bytes]","args":[{"selector":{"controlType":"sap.m.Button","viewName":"etm.portal.ui.managerequests.view.Detail","bindingPath":{"path":"/SmartRequestItemsPlanningBoard(ITEM=10m,REQUEST='20317')","propertyPath":"PICK_UP"}},"wdio_ui5_key":"etmportal.ui.managerequests.view.Detailsap.m.Button{\"path\":\"/SmartRequestItemsPlanningBoard(ITEM=10m,REQUEST='20317')\",\"propertyPath\":\"PICK_UP\"}"}]}
RESULT: undefined
COMMAND: POST /session/b41f127b71ced2e69bc7a594aec7d10c/execute/async - {"script":"<script> [6424 bytes]","args":[{"element-6066-11e4-a52e-4f735466cecf":"f.D13B392FFCFC625696F343F77B76D564.d.9791D625F70847BAE663C26E6C806608.e.6824"},"getType",[]]}
RESULT: {"script":"<script> [6424 bytes]","args":[{"element-6066-11e4-a52e-4f735466cecf":"f.D13B392FFCFC625696F343F77B76D564.d.9791D625F70847BAE663C26E6C806608.e.6824"},"getType",[]]}
COMMAND: POST /session/b41f127b71ced2e69bc7a594aec7d10c/execute/async - {"script":"<script> [1562 bytes]","args":[{"selector":{"controlType":"sap.m.Button","viewName":"etm.portal.ui.managerequests.view.Detail","bindingPath":{"path":"/SmartRequestItemsPlanningBoard(ITEM=20m,REQUEST='20317')","propertyPath":"PICK_UP"}},"wdio_ui5_key":"etmportal.ui.managerequests.view.Detailsap.m.Button{\"path\":\"/SmartRequestItemsPlanningBoard(ITEM=20m,REQUEST='20317')\",\"propertyPath\":\"PICK_UP\"}"}]}
RESULT: {"script":"<script> [1562 bytes]","args":[{"selector":{"controlType":"sap.m.Button","viewName":"etm.portal.ui.managerequests.view.Detail","bindingPath":{"path":"/SmartRequestItemsPlanningBoard(ITEM=20m,REQUEST='20317')","propertyPath":"PICK_UP"}},"wdio_ui5_key":"etmportal.ui.managerequests.view.Detailsap.m.Button{\"path\":\"/SmartRequestItemsPlanningBoard(ITEM=20m,REQUEST='20317')\",\"propertyPath\":\"PICK_UP\"}"}]}
RESULT: undefined
COMMAND: POST /session/b41f127b71ced2e69bc7a594aec7d10c/execute/async - {"script":"<script> [6424 bytes]","args":[{"element-6066-11e4-a52e-4f735466cecf":"f.D13B392FFCFC625696F343F77B76D564.d.9791D625F70847BAE663C26E6C806608.e.6840"},"getType",[]]}
RESULT: {"script":"<script> [6424 bytes]","args":[{"element-6066-11e4-a52e-4f735466cecf":"f.D13B392FFCFC625696F343F77B76D564.d.9791D625F70847BAE663C26E6C806608.e.6840"},"getType",[]]}
COMMAND: POST /session/b41f127b71ced2e69bc7a594aec7d10c/element - {"using":"css selector","value":"#shell-header-logo"}
RESULT: {"using":"css selector","value":"#shell-header-logo"}
COMMAND: POST /session/b41f127b71ced2e69bc7a594aec7d10c/element/f.D13B392FFCFC625696F343F77B76D564.d.9791D625F70847BAE663C26E6C806608.e.6630/click - {}
RESULT: {}
COMMAND: GET /session/b41f127b71ced2e69bc7a594aec7d10c/screenshot - {}
COMMAND: POST /session/b41f127b71ced2e69bc7a594aec7d10c/execute/async - {"script":"<script> [1562 bytes]","args":[{"selector":{"controlType":"sap.m.GenericTile","properties":{"header":"Manage Classifications"}},"wdio_ui5_key":"sapm.GenericTile{\"header\":\"Manage Classifications\"}"}]}
RESULT: {}
RESULT: {"script":"<script> [1562 bytes]","args":[{"selector":{"controlType":"sap.m.GenericTile","properties":{"header":"Manage Classifications"}},"wdio_ui5_key":"sapm.GenericTile{\"header\":\"Manage Classifications\"}"}]}
RESULT: undefined
COMMAND: POST /session/b41f127b71ced2e69bc7a594aec7d10c/element - {"using":"xpath","value":"//*[@id=\"__tile115\"]"}
RESULT: {"using":"xpath","value":"//*[@id=\"__tile115\"]"}
COMMAND: POST /session/b41f127b71ced2e69bc7a594aec7d10c/element/f.D13B392FFCFC625696F343F77B76D564.d.9791D625F70847BAE663C26E6C806608.e.6856/click - {}
RESULT: {}
COMMAND: GET /session/b41f127b71ced2e69bc7a594aec7d10c/screenshot - {}
RESULT: {}
]]></system-out>
    </testcase>
  </testsuite>
  <testsuite timestamp="2025-05-02T16:01:37" time="399.364" tests="4" failures="0" errors="0" skipped="0">
    <properties>
      <property name="specId" value="0" />
      <property name="suiteName" value="Manage requests - requests specifications US141095" />
      <property name="capabilities" value="chrome.135_0_7049_96.windows" />
      <property name="file" value="file:///D:/a/1/s/test/specs/R2C/manage-requests-request-specifications.spec.js" />
    </properties>
    <testcase classname="chrome.135_0_7049_96.windows.Manage_requests_-_requests_specifications_US141095" name="Should create a new classification of type request item" time="44.581">
      <system-out><![CDATA[
COMMAND: POST /session/b41f127b71ced2e69bc7a594aec7d10c/execute/async - {"script":"<script> [1562 bytes]","args":[{"selector":{"controlType":"sap.ui.core.Icon","viewName":"etm.portal.ui.manageclassifications.view.Master","viewId":"application-manageclassifications-display-component---classificationMaster","properties":{"src":{"regex":{"source":"add"}}}},"wdio_ui5_key":"etmportal.ui.manageclassifications.view.Mastersap.ui.core.Icon{\"src\":{\"regex\":{\"source\":\"add\"}}}"}]}
RESULT: {"script":"<script> [1562 bytes]","args":[{"selector":{"controlType":"sap.ui.core.Icon","viewName":"etm.portal.ui.manageclassifications.view.Master","viewId":"application-manageclassifications-display-component---classificationMaster","properties":{"src":{"regex":{"source":"add"}}}},"wdio_ui5_key":"etmportal.ui.manageclassifications.view.Mastersap.ui.core.Icon{\"src\":{\"regex\":{\"source\":\"add\"}}}"}]}
RESULT: undefined
COMMAND: POST /session/b41f127b71ced2e69bc7a594aec7d10c/element - {"using":"xpath","value":"//*[@id=\"__button27-img\"]"}
RESULT: {"using":"xpath","value":"//*[@id=\"__button27-img\"]"}
COMMAND: POST /session/b41f127b71ced2e69bc7a594aec7d10c/element/f.D13B392FFCFC625696F343F77B76D564.d.9791D625F70847BAE663C26E6C806608.e.6897/click - {}
RESULT: {}
COMMAND: POST /session/b41f127b71ced2e69bc7a594aec7d10c/execute/async - {"script":"<script> [1562 bytes]","args":[{"selector":{"id":"application-manageclassifications-display-component---classificationCreate--classHeaderName","interaction":{"idSuffix":"inner"}},"wdio_ui5_key":"applicationmanageclassifications-display-component---classificationCreate--classHeaderName"}]}
COMMAND: GET /session/b41f127b71ced2e69bc7a594aec7d10c/screenshot - {}
RESULT: {"script":"<script> [1562 bytes]","args":[{"selector":{"id":"application-manageclassifications-display-component---classificationCreate--classHeaderName","interaction":{"idSuffix":"inner"}},"wdio_ui5_key":"applicationmanageclassifications-display-component---classificationCreate--classHeaderName"}]}
RESULT: undefined
COMMAND: POST /session/b41f127b71ced2e69bc7a594aec7d10c/execute/async - {"script":"<script> [776 bytes]","args":[{"enterText":"WebdriverItemClass61bomf","selector":{"id":"application-manageclassifications-display-component---classificationCreate--classHeaderName","interaction":{"idSuffix":"inner"}},"clearTextFirst":true,"interactionType":"ENTER_TEXT"}]}
RESULT: {}
RESULT: {"script":"<script> [776 bytes]","args":[{"enterText":"WebdriverItemClass61bomf","selector":{"id":"application-manageclassifications-display-component---classificationCreate--classHeaderName","interaction":{"idSuffix":"inner"}},"clearTextFirst":true,"interactionType":"ENTER_TEXT"}]}
COMMAND: POST /session/b41f127b71ced2e69bc7a594aec7d10c/execute/async - {"script":"<script> [1562 bytes]","args":[{"selector":{"controlType":"sap.ui.core.Icon","viewName":"etm.portal.ui.manageclassifications.view.Create","viewId":"application-manageclassifications-display-component---classificationCreate","properties":{"src":{"regex":{"source":"slim\\-arrow\\-down"}}}},"wdio_ui5_key":"etmportal.ui.manageclassifications.view.Createsap.ui.core.Icon{\"src\":{\"regex\":{\"source\":\"slim\\\\-arrow\\\\-down\"}}}"}]}
RESULT: {"script":"<script> [1562 bytes]","args":[{"selector":{"controlType":"sap.ui.core.Icon","viewName":"etm.portal.ui.manageclassifications.view.Create","viewId":"application-manageclassifications-display-component---classificationCreate","properties":{"src":{"regex":{"source":"slim\\-arrow\\-down"}}}},"wdio_ui5_key":"etmportal.ui.manageclassifications.view.Createsap.ui.core.Icon{\"src\":{\"regex\":{\"source\":\"slim\\\\-arrow\\\\-down\"}}}"}]}
RESULT: undefined
COMMAND: POST /session/b41f127b71ced2e69bc7a594aec7d10c/element - {"using":"xpath","value":"//*[@id=\"__box12-arrow\"]"}
RESULT: {"using":"xpath","value":"//*[@id=\"__box12-arrow\"]"}
COMMAND: POST /session/b41f127b71ced2e69bc7a594aec7d10c/element/f.D13B392FFCFC625696F343F77B76D564.d.9791D625F70847BAE663C26E6C806608.e.7245/click - {}
RESULT: {}
COMMAND: POST /session/b41f127b71ced2e69bc7a594aec7d10c/execute/async - {"script":"<script> [1562 bytes]","args":[{"selector":{"controlType":"sap.m.StandardListItem","viewName":"etm.portal.ui.manageclassifications.view.Create","viewId":"application-manageclassifications-display-component---classificationCreate","properties":{"title":"Request Item Specifications"},"searchOpenDialogs":true,"interaction":{"idSuffix":"titleText"}},"wdio_ui5_key":"etmportal.ui.manageclassifications.view.Createsap.m.StandardListItem{\"title\":\"Request Item Specifications\"}"}]}
COMMAND: GET /session/b41f127b71ced2e69bc7a594aec7d10c/screenshot - {}
RESULT: {"script":"<script> [1562 bytes]","args":[{"selector":{"controlType":"sap.m.StandardListItem","viewName":"etm.portal.ui.manageclassifications.view.Create","viewId":"application-manageclassifications-display-component---classificationCreate","properties":{"title":"Request Item Specifications"},"searchOpenDialogs":true,"interaction":{"idSuffix":"titleText"}},"wdio_ui5_key":"etmportal.ui.manageclassifications.view.Createsap.m.StandardListItem{\"title\":\"Request Item Specifications\"}"}]}
RESULT: undefined
COMMAND: POST /session/b41f127b71ced2e69bc7a594aec7d10c/element - {"using":"xpath","value":"//*[@id=\"__item85\"]"}
RESULT: {}
RESULT: {"using":"xpath","value":"//*[@id=\"__item85\"]"}
COMMAND: POST /session/b41f127b71ced2e69bc7a594aec7d10c/element/f.D13B392FFCFC625696F343F77B76D564.d.9791D625F70847BAE663C26E6C806608.e.7283/click - {}
RESULT: {}
COMMAND: POST /session/b41f127b71ced2e69bc7a594aec7d10c/execute/async - {"script":"<script> [1562 bytes]","args":[{"selector":{"controlType":"sap.ui.core.Icon","viewName":"etm.portal.ui.manageclassifications.view.Create","viewId":"application-manageclassifications-display-component---classificationCreate","properties":{"src":{"regex":{"source":"add"}}}},"wdio_ui5_key":"etmportal.ui.manageclassifications.view.Createsap.ui.core.Icon{\"src\":{\"regex\":{\"source\":\"add\"}}}"}]}
COMMAND: GET /session/b41f127b71ced2e69bc7a594aec7d10c/screenshot - {}
RESULT: {"script":"<script> [1562 bytes]","args":[{"selector":{"controlType":"sap.ui.core.Icon","viewName":"etm.portal.ui.manageclassifications.view.Create","viewId":"application-manageclassifications-display-component---classificationCreate","properties":{"src":{"regex":{"source":"add"}}}},"wdio_ui5_key":"etmportal.ui.manageclassifications.view.Createsap.ui.core.Icon{\"src\":{\"regex\":{\"source\":\"add\"}}}"}]}
RESULT: undefined
COMMAND: POST /session/b41f127b71ced2e69bc7a594aec7d10c/element - {"using":"xpath","value":"//*[@id=\"__button32-img\"]"}
RESULT: {}
RESULT: {"using":"xpath","value":"//*[@id=\"__button32-img\"]"}
COMMAND: POST /session/b41f127b71ced2e69bc7a594aec7d10c/element/f.D13B392FFCFC625696F343F77B76D564.d.9791D625F70847BAE663C26E6C806608.e.7248/click - {}
RESULT: {}
COMMAND: POST /session/b41f127b71ced2e69bc7a594aec7d10c/execute/async - {"script":"<script> [1562 bytes]","args":[{"selector":{"controlType":"sap.m.Input","viewName":"etm.portal.ui.manageclassifications.view.Create","viewId":"application-manageclassifications-display-component---classificationCreate","bindingPath":{"path":"/0","propertyPath":"PROPERTY","modelName":"newConfigModel"},"interaction":{"idSuffix":"inner"}},"wdio_ui5_key":"etmportal.ui.manageclassifications.view.Createsap.m.Input{\"path\":\"/0\",\"propertyPath\":\"PROPERTY\",\"modelName\":\"newConfigModel\"}"}]}
COMMAND: GET /session/b41f127b71ced2e69bc7a594aec7d10c/screenshot - {}
RESULT: {"script":"<script> [1562 bytes]","args":[{"selector":{"controlType":"sap.m.Input","viewName":"etm.portal.ui.manageclassifications.view.Create","viewId":"application-manageclassifications-display-component---classificationCreate","bindingPath":{"path":"/0","propertyPath":"PROPERTY","modelName":"newConfigModel"},"interaction":{"idSuffix":"inner"}},"wdio_ui5_key":"etmportal.ui.manageclassifications.view.Createsap.m.Input{\"path\":\"/0\",\"propertyPath\":\"PROPERTY\",\"modelName\":\"newConfigModel\"}"}]}
RESULT: undefined
COMMAND: POST /session/b41f127b71ced2e69bc7a594aec7d10c/execute/async - {"script":"<script> [776 bytes]","args":[{"enterText":"Color","selector":{"controlType":"sap.m.Input","viewName":"etm.portal.ui.manageclassifications.view.Create","viewId":"application-manageclassifications-display-component---classificationCreate","bindingPath":{"path":"/0","propertyPath":"PROPERTY","modelName":"newConfigModel"},"interaction":{"idSuffix":"inner"}},"clearTextFirst":true,"interactionType":"ENTER_TEXT"}]}
RESULT: {}
RESULT: {"script":"<script> [776 bytes]","args":[{"enterText":"Color","selector":{"controlType":"sap.m.Input","viewName":"etm.portal.ui.manageclassifications.view.Create","viewId":"application-manageclassifications-display-component---classificationCreate","bindingPath":{"path":"/0","propertyPath":"PROPERTY","modelName":"newConfigModel"},"interaction":{"idSuffix":"inner"}},"clearTextFirst":true,"interactionType":"ENTER_TEXT"}]}
COMMAND: POST /session/b41f127b71ced2e69bc7a594aec7d10c/execute/async - {"script":"<script> [1562 bytes]","args":[{"selector":{"controlType":"sap.m.Input","viewName":"etm.portal.ui.manageclassifications.view.Create","viewId":"application-manageclassifications-display-component---classificationCreate","bindingPath":{"path":"/0","propertyPath":"DESCRIPTION","modelName":"newConfigModel"},"interaction":{"idSuffix":"inner"}},"wdio_ui5_key":"etmportal.ui.manageclassifications.view.Createsap.m.Input{\"path\":\"/0\",\"propertyPath\":\"DESCRIPTION\",\"modelName\":\"newConfigModel\"}"}]}
RESULT: {"script":"<script> [1562 bytes]","args":[{"selector":{"controlType":"sap.m.Input","viewName":"etm.portal.ui.manageclassifications.view.Create","viewId":"application-manageclassifications-display-component---classificationCreate","bindingPath":{"path":"/0","propertyPath":"DESCRIPTION","modelName":"newConfigModel"},"interaction":{"idSuffix":"inner"}},"wdio_ui5_key":"etmportal.ui.manageclassifications.view.Createsap.m.Input{\"path\":\"/0\",\"propertyPath\":\"DESCRIPTION\",\"modelName\":\"newConfigModel\"}"}]}
RESULT: undefined
COMMAND: POST /session/b41f127b71ced2e69bc7a594aec7d10c/execute/async - {"script":"<script> [776 bytes]","args":[{"enterText":"Color","selector":{"controlType":"sap.m.Input","viewName":"etm.portal.ui.manageclassifications.view.Create","viewId":"application-manageclassifications-display-component---classificationCreate","bindingPath":{"path":"/0","propertyPath":"DESCRIPTION","modelName":"newConfigModel"},"interaction":{"idSuffix":"inner"}},"clearTextFirst":true,"interactionType":"ENTER_TEXT"}]}
RESULT: {"script":"<script> [776 bytes]","args":[{"enterText":"Color","selector":{"controlType":"sap.m.Input","viewName":"etm.portal.ui.manageclassifications.view.Create","viewId":"application-manageclassifications-display-component---classificationCreate","bindingPath":{"path":"/0","propertyPath":"DESCRIPTION","modelName":"newConfigModel"},"interaction":{"idSuffix":"inner"}},"clearTextFirst":true,"interactionType":"ENTER_TEXT"}]}
COMMAND: POST /session/b41f127b71ced2e69bc7a594aec7d10c/execute/async - {"script":"<script> [1562 bytes]","args":[{"selector":{"controlType":"sap.ui.core.Icon","viewName":"etm.portal.ui.manageclassifications.view.Create","viewId":"application-manageclassifications-display-component---classificationCreate","properties":{"src":{"regex":{"source":"slim\\-arrow\\-down"}}},"ancestor":{"controlType":"sap.m.ComboBox","viewName":"etm.portal.ui.manageclassifications.view.Create","viewId":"application-manageclassifications-display-component---classificationCreate","bindingPath":{"path":"/0","propertyPath":"VALUE_TYPE","modelName":"newConfigModel"}}},"wdio_ui5_key":"etmportal.ui.manageclassifications.view.Createsap.ui.core.Icon{\"src\":{\"regex\":{\"source\":\"slim\\\\-arrow\\\\-down\"}}}{\"controlType\":\"sap.m.ComboBox\",\"viewName\":\"etm.portal.ui.manageclassifications.view.Create\",\"viewId\":\"application-manageclassifications-display-component---classificationCreate\",\"bindingPath\":{\"path\":\"/0\",\"propertyPath\":\"VALUE_TYPE\",\"modelName\":\"newConfigModel\"}}"}]}
RESULT: {"script":"<script> [1562 bytes]","args":[{"selector":{"controlType":"sap.ui.core.Icon","viewName":"etm.portal.ui.manageclassifications.view.Create","viewId":"application-manageclassifications-display-component---classificationCreate","properties":{"src":{"regex":{"source":"slim\\-arrow\\-down"}}},"ancestor":{"controlType":"sap.m.ComboBox","viewName":"etm.portal.ui.manageclassifications.view.Create","viewId":"application-manageclassifications-display-component---classificationCreate","bindingPath":{"path":"/0","propertyPath":"VALUE_TYPE","modelName":"newConfigModel"}}},"wdio_ui5_key":"etmportal.ui.manageclassifications.view.Createsap.ui.core.Icon{\"src\":{\"regex\":{\"source\":\"slim\\\\-arrow\\\\-down\"}}}{\"controlType\":\"sap.m.ComboBox\",\"viewName\":\"etm.portal.ui.manageclassifications.view.Create\",\"viewId\":\"application-manageclassifications-display-component---classificationCreate\",\"bindingPath\":{\"path\":\"/0\",\"propertyPath\":\"VALUE_TYPE\",\"modelName\":\"newConfigModel\"}}"}]}
RESULT: undefined
COMMAND: POST /session/b41f127b71ced2e69bc7a594aec7d10c/element - {"using":"xpath","value":"//*[@id=\"__box13-application-manageclassifications-display-component---classificationCreate--configurationList-0-arrow\"]"}
RESULT: {"using":"xpath","value":"//*[@id=\"__box13-application-manageclassifications-display-component---classificationCreate--configurationList-0-arrow\"]"}
COMMAND: POST /session/b41f127b71ced2e69bc7a594aec7d10c/element/f.D13B392FFCFC625696F343F77B76D564.d.9791D625F70847BAE663C26E6C806608.e.7292/click - {}
RESULT: {}
COMMAND: POST /session/b41f127b71ced2e69bc7a594aec7d10c/execute/async - {"script":"<script> [1562 bytes]","args":[{"selector":{"controlType":"sap.m.StandardListItem","viewName":"etm.portal.ui.manageclassifications.view.Create","viewId":"application-manageclassifications-display-component---classificationCreate","properties":{"title":"Dropdown"},"searchOpenDialogs":true,"interaction":{"idSuffix":"titleText"}},"wdio_ui5_key":"etmportal.ui.manageclassifications.view.Createsap.m.StandardListItem{\"title\":\"Dropdown\"}"}]}
COMMAND: GET /session/b41f127b71ced2e69bc7a594aec7d10c/screenshot - {}
RESULT: {"script":"<script> [1562 bytes]","args":[{"selector":{"controlType":"sap.m.StandardListItem","viewName":"etm.portal.ui.manageclassifications.view.Create","viewId":"application-manageclassifications-display-component---classificationCreate","properties":{"title":"Dropdown"},"searchOpenDialogs":true,"interaction":{"idSuffix":"titleText"}},"wdio_ui5_key":"etmportal.ui.manageclassifications.view.Createsap.m.StandardListItem{\"title\":\"Dropdown\"}"}]}
RESULT: undefined
COMMAND: POST /session/b41f127b71ced2e69bc7a594aec7d10c/element - {"using":"xpath","value":"//*[@id=\"__item93\"]"}
RESULT: {}
RESULT: {"using":"xpath","value":"//*[@id=\"__item93\"]"}
COMMAND: POST /session/b41f127b71ced2e69bc7a594aec7d10c/element/f.D13B392FFCFC625696F343F77B76D564.d.9791D625F70847BAE663C26E6C806608.e.7294/click - {}
RESULT: {}
COMMAND: POST /session/b41f127b71ced2e69bc7a594aec7d10c/execute/async - {"script":"<script> [1562 bytes]","args":[{"selector":{"controlType":"sap.ui.core.Icon","viewName":"etm.portal.ui.manageclassifications.view.Create","viewId":"application-manageclassifications-display-component---classificationCreate","properties":{"src":{"regex":{"source":"crm\\-service\\-manager"}}}},"wdio_ui5_key":"etmportal.ui.manageclassifications.view.Createsap.ui.core.Icon{\"src\":{\"regex\":{\"source\":\"crm\\\\-service\\\\-manager\"}}}"}]}
COMMAND: GET /session/b41f127b71ced2e69bc7a594aec7d10c/screenshot - {}
RESULT: {"script":"<script> [1562 bytes]","args":[{"selector":{"controlType":"sap.ui.core.Icon","viewName":"etm.portal.ui.manageclassifications.view.Create","viewId":"application-manageclassifications-display-component---classificationCreate","properties":{"src":{"regex":{"source":"crm\\-service\\-manager"}}}},"wdio_ui5_key":"etmportal.ui.manageclassifications.view.Createsap.ui.core.Icon{\"src\":{\"regex\":{\"source\":\"crm\\\\-service\\\\-manager\"}}}"}]}
RESULT: undefined
COMMAND: POST /session/b41f127b71ced2e69bc7a594aec7d10c/element - {"using":"xpath","value":"//*[@id=\"__button34-application-manageclassifications-display-component---classificationCreate--configurationList-0-img\"]"}
RESULT: {}
RESULT: {"using":"xpath","value":"//*[@id=\"__button34-application-manageclassifications-display-component---classificationCreate--configurationList-0-img\"]"}
COMMAND: POST /session/b41f127b71ced2e69bc7a594aec7d10c/element/f.D13B392FFCFC625696F343F77B76D564.d.9791D625F70847BAE663C26E6C806608.e.7296/click - {}
RESULT: {}
COMMAND: POST /session/b41f127b71ced2e69bc7a594aec7d10c/element - {"using":"xpath","value":"//button[@title=\"Add additional value\"]"}
COMMAND: GET /session/b41f127b71ced2e69bc7a594aec7d10c/screenshot - {}
RESULT: {"using":"xpath","value":"//button[@title=\"Add additional value\"]"}
COMMAND: POST /session/b41f127b71ced2e69bc7a594aec7d10c/element/f.D13B392FFCFC625696F343F77B76D564.d.9791D625F70847BAE663C26E6C806608.e.7297/click - {}
RESULT: {}
RESULT: {}
COMMAND: POST /session/b41f127b71ced2e69bc7a594aec7d10c/execute/async - {"script":"<script> [1562 bytes]","args":[{"selector":{"controlType":"sap.m.Input","viewName":"etm.portal.ui.manageclassifications.view.Create","viewId":"application-manageclassifications-display-component---classificationCreate","bindingPath":{"path":"/VALUES/0","propertyPath":"VALUE","modelName":"dropdownValuesModel"},"searchOpenDialogs":true,"interaction":{"idSuffix":"inner"}},"wdio_ui5_key":"etmportal.ui.manageclassifications.view.Createsap.m.Input{\"path\":\"/VALUES/0\",\"propertyPath\":\"VALUE\",\"modelName\":\"dropdownValuesModel\"}"}]}
COMMAND: GET /session/b41f127b71ced2e69bc7a594aec7d10c/screenshot - {}
RESULT: {"script":"<script> [1562 bytes]","args":[{"selector":{"controlType":"sap.m.Input","viewName":"etm.portal.ui.manageclassifications.view.Create","viewId":"application-manageclassifications-display-component---classificationCreate","bindingPath":{"path":"/VALUES/0","propertyPath":"VALUE","modelName":"dropdownValuesModel"},"searchOpenDialogs":true,"interaction":{"idSuffix":"inner"}},"wdio_ui5_key":"etmportal.ui.manageclassifications.view.Createsap.m.Input{\"path\":\"/VALUES/0\",\"propertyPath\":\"VALUE\",\"modelName\":\"dropdownValuesModel\"}"}]}
RESULT: undefined
COMMAND: POST /session/b41f127b71ced2e69bc7a594aec7d10c/execute/async - {"script":"<script> [776 bytes]","args":[{"enterText":"1","selector":{"controlType":"sap.m.Input","viewName":"etm.portal.ui.manageclassifications.view.Create","viewId":"application-manageclassifications-display-component---classificationCreate","bindingPath":{"path":"/VALUES/0","propertyPath":"VALUE","modelName":"dropdownValuesModel"},"searchOpenDialogs":true,"interaction":{"idSuffix":"inner"}},"clearTextFirst":true,"interactionType":"ENTER_TEXT"}]}
RESULT: {}
RESULT: {"script":"<script> [776 bytes]","args":[{"enterText":"1","selector":{"controlType":"sap.m.Input","viewName":"etm.portal.ui.manageclassifications.view.Create","viewId":"application-manageclassifications-display-component---classificationCreate","bindingPath":{"path":"/VALUES/0","propertyPath":"VALUE","modelName":"dropdownValuesModel"},"searchOpenDialogs":true,"interaction":{"idSuffix":"inner"}},"clearTextFirst":true,"interactionType":"ENTER_TEXT"}]}
COMMAND: POST /session/b41f127b71ced2e69bc7a594aec7d10c/execute/async - {"script":"<script> [1562 bytes]","args":[{"selector":{"controlType":"sap.m.Input","viewName":"etm.portal.ui.manageclassifications.view.Create","viewId":"application-manageclassifications-display-component---classificationCreate","bindingPath":{"path":"/VALUES/0","propertyPath":"TEXT","modelName":"dropdownValuesModel"},"searchOpenDialogs":true,"interaction":{"idSuffix":"inner"}},"wdio_ui5_key":"etmportal.ui.manageclassifications.view.Createsap.m.Input{\"path\":\"/VALUES/0\",\"propertyPath\":\"TEXT\",\"modelName\":\"dropdownValuesModel\"}"}]}
RESULT: {"script":"<script> [1562 bytes]","args":[{"selector":{"controlType":"sap.m.Input","viewName":"etm.portal.ui.manageclassifications.view.Create","viewId":"application-manageclassifications-display-component---classificationCreate","bindingPath":{"path":"/VALUES/0","propertyPath":"TEXT","modelName":"dropdownValuesModel"},"searchOpenDialogs":true,"interaction":{"idSuffix":"inner"}},"wdio_ui5_key":"etmportal.ui.manageclassifications.view.Createsap.m.Input{\"path\":\"/VALUES/0\",\"propertyPath\":\"TEXT\",\"modelName\":\"dropdownValuesModel\"}"}]}
RESULT: undefined
COMMAND: POST /session/b41f127b71ced2e69bc7a594aec7d10c/execute/async - {"script":"<script> [776 bytes]","args":[{"enterText":"blue","selector":{"controlType":"sap.m.Input","viewName":"etm.portal.ui.manageclassifications.view.Create","viewId":"application-manageclassifications-display-component---classificationCreate","bindingPath":{"path":"/VALUES/0","propertyPath":"TEXT","modelName":"dropdownValuesModel"},"searchOpenDialogs":true,"interaction":{"idSuffix":"inner"}},"clearTextFirst":true,"interactionType":"ENTER_TEXT"}]}
RESULT: {"script":"<script> [776 bytes]","args":[{"enterText":"blue","selector":{"controlType":"sap.m.Input","viewName":"etm.portal.ui.manageclassifications.view.Create","viewId":"application-manageclassifications-display-component---classificationCreate","bindingPath":{"path":"/VALUES/0","propertyPath":"TEXT","modelName":"dropdownValuesModel"},"searchOpenDialogs":true,"interaction":{"idSuffix":"inner"}},"clearTextFirst":true,"interactionType":"ENTER_TEXT"}]}
COMMAND: POST /session/b41f127b71ced2e69bc7a594aec7d10c/element - {"using":"xpath","value":"//button[@title=\"Add additional value\"]"}
RESULT: {"using":"xpath","value":"//button[@title=\"Add additional value\"]"}
COMMAND: POST /session/b41f127b71ced2e69bc7a594aec7d10c/element/f.D13B392FFCFC625696F343F77B76D564.d.9791D625F70847BAE663C26E6C806608.e.7297/click - {}
RESULT: {}
COMMAND: POST /session/b41f127b71ced2e69bc7a594aec7d10c/execute/async - {"script":"<script> [1562 bytes]","args":[{"selector":{"controlType":"sap.m.Input","viewName":"etm.portal.ui.manageclassifications.view.Create","viewId":"application-manageclassifications-display-component---classificationCreate","bindingPath":{"path":"/VALUES/1","propertyPath":"VALUE","modelName":"dropdownValuesModel"},"searchOpenDialogs":true,"interaction":{"idSuffix":"inner"}},"wdio_ui5_key":"etmportal.ui.manageclassifications.view.Createsap.m.Input{\"path\":\"/VALUES/1\",\"propertyPath\":\"VALUE\",\"modelName\":\"dropdownValuesModel\"}"}]}
COMMAND: GET /session/b41f127b71ced2e69bc7a594aec7d10c/screenshot - {}
RESULT: {"script":"<script> [1562 bytes]","args":[{"selector":{"controlType":"sap.m.Input","viewName":"etm.portal.ui.manageclassifications.view.Create","viewId":"application-manageclassifications-display-component---classificationCreate","bindingPath":{"path":"/VALUES/1","propertyPath":"VALUE","modelName":"dropdownValuesModel"},"searchOpenDialogs":true,"interaction":{"idSuffix":"inner"}},"wdio_ui5_key":"etmportal.ui.manageclassifications.view.Createsap.m.Input{\"path\":\"/VALUES/1\",\"propertyPath\":\"VALUE\",\"modelName\":\"dropdownValuesModel\"}"}]}
RESULT: undefined
COMMAND: POST /session/b41f127b71ced2e69bc7a594aec7d10c/execute/async - {"script":"<script> [776 bytes]","args":[{"enterText":"2","selector":{"controlType":"sap.m.Input","viewName":"etm.portal.ui.manageclassifications.view.Create","viewId":"application-manageclassifications-display-component---classificationCreate","bindingPath":{"path":"/VALUES/1","propertyPath":"VALUE","modelName":"dropdownValuesModel"},"searchOpenDialogs":true,"interaction":{"idSuffix":"inner"}},"clearTextFirst":true,"interactionType":"ENTER_TEXT"}]}
RESULT: {}
RESULT: {"script":"<script> [776 bytes]","args":[{"enterText":"2","selector":{"controlType":"sap.m.Input","viewName":"etm.portal.ui.manageclassifications.view.Create","viewId":"application-manageclassifications-display-component---classificationCreate","bindingPath":{"path":"/VALUES/1","propertyPath":"VALUE","modelName":"dropdownValuesModel"},"searchOpenDialogs":true,"interaction":{"idSuffix":"inner"}},"clearTextFirst":true,"interactionType":"ENTER_TEXT"}]}
COMMAND: POST /session/b41f127b71ced2e69bc7a594aec7d10c/execute/async - {"script":"<script> [1562 bytes]","args":[{"selector":{"controlType":"sap.m.Input","viewName":"etm.portal.ui.manageclassifications.view.Create","viewId":"application-manageclassifications-display-component---classificationCreate","bindingPath":{"path":"/VALUES/1","propertyPath":"TEXT","modelName":"dropdownValuesModel"},"searchOpenDialogs":true,"interaction":{"idSuffix":"inner"}},"wdio_ui5_key":"etmportal.ui.manageclassifications.view.Createsap.m.Input{\"path\":\"/VALUES/1\",\"propertyPath\":\"TEXT\",\"modelName\":\"dropdownValuesModel\"}"}]}
RESULT: {"script":"<script> [1562 bytes]","args":[{"selector":{"controlType":"sap.m.Input","viewName":"etm.portal.ui.manageclassifications.view.Create","viewId":"application-manageclassifications-display-component---classificationCreate","bindingPath":{"path":"/VALUES/1","propertyPath":"TEXT","modelName":"dropdownValuesModel"},"searchOpenDialogs":true,"interaction":{"idSuffix":"inner"}},"wdio_ui5_key":"etmportal.ui.manageclassifications.view.Createsap.m.Input{\"path\":\"/VALUES/1\",\"propertyPath\":\"TEXT\",\"modelName\":\"dropdownValuesModel\"}"}]}
RESULT: undefined
COMMAND: POST /session/b41f127b71ced2e69bc7a594aec7d10c/execute/async - {"script":"<script> [776 bytes]","args":[{"enterText":"red","selector":{"controlType":"sap.m.Input","viewName":"etm.portal.ui.manageclassifications.view.Create","viewId":"application-manageclassifications-display-component---classificationCreate","bindingPath":{"path":"/VALUES/1","propertyPath":"TEXT","modelName":"dropdownValuesModel"},"searchOpenDialogs":true,"interaction":{"idSuffix":"inner"}},"clearTextFirst":true,"interactionType":"ENTER_TEXT"}]}
RESULT: {"script":"<script> [776 bytes]","args":[{"enterText":"red","selector":{"controlType":"sap.m.Input","viewName":"etm.portal.ui.manageclassifications.view.Create","viewId":"application-manageclassifications-display-component---classificationCreate","bindingPath":{"path":"/VALUES/1","propertyPath":"TEXT","modelName":"dropdownValuesModel"},"searchOpenDialogs":true,"interaction":{"idSuffix":"inner"}},"clearTextFirst":true,"interactionType":"ENTER_TEXT"}]}
COMMAND: POST /session/b41f127b71ced2e69bc7a594aec7d10c/execute/async - {"script":"<script> [1562 bytes]","args":[{"selector":{"controlType":"sap.m.Button","viewName":"etm.portal.ui.manageclassifications.view.Create","viewId":"application-manageclassifications-display-component---classificationCreate","i18NText":{"propertyName":"text","key":"save"},"searchOpenDialogs":true,"interaction":{"idSuffix":"BDI-content"}},"wdio_ui5_key":"etmportal.ui.manageclassifications.view.Createsap.m.Button{\"propertyName\":\"text\",\"key\":\"save\"}"}]}
RESULT: {"script":"<script> [1562 bytes]","args":[{"selector":{"controlType":"sap.m.Button","viewName":"etm.portal.ui.manageclassifications.view.Create","viewId":"application-manageclassifications-display-component---classificationCreate","i18NText":{"propertyName":"text","key":"save"},"searchOpenDialogs":true,"interaction":{"idSuffix":"BDI-content"}},"wdio_ui5_key":"etmportal.ui.manageclassifications.view.Createsap.m.Button{\"propertyName\":\"text\",\"key\":\"save\"}"}]}
RESULT: undefined
COMMAND: POST /session/b41f127b71ced2e69bc7a594aec7d10c/element - {"using":"xpath","value":"//*[@id=\"__button44\"]"}
RESULT: {"using":"xpath","value":"//*[@id=\"__button44\"]"}
COMMAND: POST /session/b41f127b71ced2e69bc7a594aec7d10c/element/f.D13B392FFCFC625696F343F77B76D564.d.9791D625F70847BAE663C26E6C806608.e.7317/click - {}
RESULT: {}
COMMAND: GET /session/b41f127b71ced2e69bc7a594aec7d10c/screenshot - {}
RESULT: {}
COMMAND: POST /session/b41f127b71ced2e69bc7a594aec7d10c/element - {"using":"xpath","value":"//button[@title=\"Save\"]"}
RESULT: {"using":"xpath","value":"//button[@title=\"Save\"]"}
COMMAND: POST /session/b41f127b71ced2e69bc7a594aec7d10c/element/f.D13B392FFCFC625696F343F77B76D564.d.9791D625F70847BAE663C26E6C806608.e.7255/click - {}
RESULT: {}
COMMAND: GET /session/b41f127b71ced2e69bc7a594aec7d10c/screenshot - {}
RESULT: {}
COMMAND: POST /session/b41f127b71ced2e69bc7a594aec7d10c/execute/async - {"script":"<script> [1562 bytes]","args":[{"selector":{"id":"application-manageclassifications-display-component---classificationMaster--smartFilterBar-btnBasicSearch","interaction":{"idSuffix":"I"}},"wdio_ui5_key":"applicationmanageclassifications-display-component---classificationMaster--smartFilterBar-btnBasicSearch"}]}
RESULT: {"script":"<script> [1562 bytes]","args":[{"selector":{"id":"application-manageclassifications-display-component---classificationMaster--smartFilterBar-btnBasicSearch","interaction":{"idSuffix":"I"}},"wdio_ui5_key":"applicationmanageclassifications-display-component---classificationMaster--smartFilterBar-btnBasicSearch"}]}
RESULT: undefined
COMMAND: POST /session/b41f127b71ced2e69bc7a594aec7d10c/execute/async - {"script":"<script> [776 bytes]","args":[{"enterText":"WebdriverItemClass61bomf","selector":{"id":"application-manageclassifications-display-component---classificationMaster--smartFilterBar-btnBasicSearch","interaction":{"idSuffix":"I"}},"clearTextFirst":true,"interactionType":"ENTER_TEXT"}]}
RESULT: {"script":"<script> [776 bytes]","args":[{"enterText":"WebdriverItemClass61bomf","selector":{"id":"application-manageclassifications-display-component---classificationMaster--smartFilterBar-btnBasicSearch","interaction":{"idSuffix":"I"}},"clearTextFirst":true,"interactionType":"ENTER_TEXT"}]}
COMMAND: POST /session/b41f127b71ced2e69bc7a594aec7d10c/actions - {"actions":[{"id":"action46","type":"key","parameters":{},"actions":[{"type":"keyDown","value":"î€‡"},{"type":"pause","duration":10},{"type":"keyUp","value":"î€‡"}]}]}
RESULT: {"actions":[{"id":"action46","type":"key","parameters":{},"actions":[{"type":"keyDown","value":"î€‡"},{"type":"pause","duration":10},{"type":"keyUp","value":"î€‡"}]}]}
COMMAND: POST /session/b41f127b71ced2e69bc7a594aec7d10c/execute/async - {"script":"<script> [1562 bytes]","args":[{"selector":{"id":"application-manageclassifications-display-component---classificationMaster--smartTable-header"},"wdio_ui5_key":"applicationmanageclassifications-display-component---classificationMaster--smartTable-header"}]}
COMMAND: GET /session/b41f127b71ced2e69bc7a594aec7d10c/screenshot - {}
RESULT: {"script":"<script> [1562 bytes]","args":[{"selector":{"id":"application-manageclassifications-display-component---classificationMaster--smartTable-header"},"wdio_ui5_key":"applicationmanageclassifications-display-component---classificationMaster--smartTable-header"}]}
RESULT: undefined
COMMAND: POST /session/b41f127b71ced2e69bc7a594aec7d10c/execute/async - {"script":"<script> [6424 bytes]","args":[{"element-6066-11e4-a52e-4f735466cecf":"f.D13B392FFCFC625696F343F77B76D564.d.9791D625F70847BAE663C26E6C806608.e.7521"},"getText",[]]}
RESULT: {}
RESULT: {"script":"<script> [6424 bytes]","args":[{"element-6066-11e4-a52e-4f735466cecf":"f.D13B392FFCFC625696F343F77B76D564.d.9791D625F70847BAE663C26E6C806608.e.7521"},"getText",[]]}
COMMAND: POST /session/b41f127b71ced2e69bc7a594aec7d10c/element - {"using":"css selector","value":"#shell-header-logo"}
RESULT: {"using":"css selector","value":"#shell-header-logo"}
COMMAND: POST /session/b41f127b71ced2e69bc7a594aec7d10c/element/f.D13B392FFCFC625696F343F77B76D564.d.9791D625F70847BAE663C26E6C806608.e.6863/click - {}
RESULT: {}
COMMAND: GET /session/b41f127b71ced2e69bc7a594aec7d10c/screenshot - {}
RESULT: {}
]]></system-out>
    </testcase>
    <testcase classname="chrome.135_0_7049_96.windows.Manage_requests_-_requests_specifications_US141095" name="Should create a new section and a catalog item" time="138.89">
      <system-out><![CDATA[
COMMAND: POST /session/b41f127b71ced2e69bc7a594aec7d10c/execute/async - {"script":"<script> [1562 bytes]","args":[{"selector":{"controlType":"sap.m.GenericTile","properties":{"header":"Manage Catalogs"}},"wdio_ui5_key":"sapm.GenericTile{\"header\":\"Manage Catalogs\"}"}]}
RESULT: {"script":"<script> [1562 bytes]","args":[{"selector":{"controlType":"sap.m.GenericTile","properties":{"header":"Manage Catalogs"}},"wdio_ui5_key":"sapm.GenericTile{\"header\":\"Manage Catalogs\"}"}]}
RESULT: undefined
COMMAND: POST /session/b41f127b71ced2e69bc7a594aec7d10c/element - {"using":"xpath","value":"//*[@id=\"__tile37\"]"}
RESULT: {"using":"xpath","value":"//*[@id=\"__tile37\"]"}
COMMAND: POST /session/b41f127b71ced2e69bc7a594aec7d10c/element/f.D13B392FFCFC625696F343F77B76D564.d.9791D625F70847BAE663C26E6C806608.e.7525/click - {}
RESULT: {}
COMMAND: GET /session/b41f127b71ced2e69bc7a594aec7d10c/screenshot - {}
RESULT: {}
COMMAND: POST /session/b41f127b71ced2e69bc7a594aec7d10c/execute/async - {"script":"<script> [1562 bytes]","args":[{"selector":{"controlType":"sap.m.Text","viewName":"etm.portal.ui.managecatalogs.view.MasterCatalogs","viewId":"application-managecatalogs-display-component---masterCatalogs","bindingPath":{"path":"/Catalogs('0D7502D073D53A0F1700BE067B89AFF9')","propertyPath":"DESCRIPTION","modelName":"catalogModel"}},"wdio_ui5_key":"etmportal.ui.managecatalogs.view.MasterCatalogssap.m.Text{\"path\":\"/Catalogs('0D7502D073D53A0F1700BE067B89AFF9')\",\"propertyPath\":\"DESCRIPTION\",\"modelName\":\"catalogModel\"}"}]}
RESULT: {"script":"<script> [1562 bytes]","args":[{"selector":{"controlType":"sap.m.Text","viewName":"etm.portal.ui.managecatalogs.view.MasterCatalogs","viewId":"application-managecatalogs-display-component---masterCatalogs","bindingPath":{"path":"/Catalogs('0D7502D073D53A0F1700BE067B89AFF9')","propertyPath":"DESCRIPTION","modelName":"catalogModel"}},"wdio_ui5_key":"etmportal.ui.managecatalogs.view.MasterCatalogssap.m.Text{\"path\":\"/Catalogs('0D7502D073D53A0F1700BE067B89AFF9')\",\"propertyPath\":\"DESCRIPTION\",\"modelName\":\"catalogModel\"}"}]}
RESULT: undefined
COMMAND: POST /session/b41f127b71ced2e69bc7a594aec7d10c/element - {"using":"xpath","value":"//*[@id=\"__text434-application-managecatalogs-display-component---masterCatalogs--CatalogsTable-11\"]"}
RESULT: {"using":"xpath","value":"//*[@id=\"__text434-application-managecatalogs-display-component---masterCatalogs--CatalogsTable-11\"]"}
COMMAND: POST /session/b41f127b71ced2e69bc7a594aec7d10c/element/f.D13B392FFCFC625696F343F77B76D564.d.9791D625F70847BAE663C26E6C806608.e.7594/click - {}
RESULT: {}
COMMAND: POST /session/b41f127b71ced2e69bc7a594aec7d10c/execute/async - {"script":"<script> [1562 bytes]","args":[{"selector":{"controlType":"sap.ui.layout.HorizontalLayout","viewName":"etm.portal.ui.managecatalogs.view.MasterItems","viewId":"application-managecatalogs-display-component---masterCatalogItems","ancestor":{"id":"application-managecatalogs-display-component---masterCatalogItems--idCatalogItemsTree-rows-row0"}},"wdio_ui5_key":"etmportal.ui.managecatalogs.view.MasterItemssap.ui.layout.HorizontalLayout{\"id\":\"application-managecatalogs-display-component---masterCatalogItems--idCatalogItemsTree-rows-row0\"}"}]}
COMMAND: GET /session/b41f127b71ced2e69bc7a594aec7d10c/screenshot - {}
RESULT: {"script":"<script> [1562 bytes]","args":[{"selector":{"controlType":"sap.ui.layout.HorizontalLayout","viewName":"etm.portal.ui.managecatalogs.view.MasterItems","viewId":"application-managecatalogs-display-component---masterCatalogItems","ancestor":{"id":"application-managecatalogs-display-component---masterCatalogItems--idCatalogItemsTree-rows-row0"}},"wdio_ui5_key":"etmportal.ui.managecatalogs.view.MasterItemssap.ui.layout.HorizontalLayout{\"id\":\"application-managecatalogs-display-component---masterCatalogItems--idCatalogItemsTree-rows-row0\"}"}]}
RESULT: undefined
COMMAND: POST /session/b41f127b71ced2e69bc7a594aec7d10c/element - {"using":"xpath","value":"//*[@id=\"__layout40-__clone462\"]"}
RESULT: {}
RESULT: {"using":"xpath","value":"//*[@id=\"__layout40-__clone462\"]"}
COMMAND: POST /session/b41f127b71ced2e69bc7a594aec7d10c/element/f.D13B392FFCFC625696F343F77B76D564.d.9791D625F70847BAE663C26E6C806608.e.7629/click - {}
RESULT: {}
COMMAND: GET /session/b41f127b71ced2e69bc7a594aec7d10c/screenshot - {}
COMMAND: POST /session/b41f127b71ced2e69bc7a594aec7d10c/execute/async - {"script":"<script> [1562 bytes]","args":[{"selector":{"controlType":"sap.m.Button","viewName":"etm.portal.ui.managecatalogs.view.Detail","viewId":"application-managecatalogs-display-component---detailCatalog","i18NText":{"propertyName":"text","key":"edit"},"interaction":{"idSuffix":"BDI-content"}},"wdio_ui5_key":"etmportal.ui.managecatalogs.view.Detailsap.m.Button{\"propertyName\":\"text\",\"key\":\"edit\"}"}]}
RESULT: {}
RESULT: {"script":"<script> [1562 bytes]","args":[{"selector":{"controlType":"sap.m.Button","viewName":"etm.portal.ui.managecatalogs.view.Detail","viewId":"application-managecatalogs-display-component---detailCatalog","i18NText":{"propertyName":"text","key":"edit"},"interaction":{"idSuffix":"BDI-content"}},"wdio_ui5_key":"etmportal.ui.managecatalogs.view.Detailsap.m.Button{\"propertyName\":\"text\",\"key\":\"edit\"}"}]}
RESULT: undefined
COMMAND: POST /session/b41f127b71ced2e69bc7a594aec7d10c/element - {"using":"xpath","value":"//*[@id=\"__button88\"]"}
RESULT: {"using":"xpath","value":"//*[@id=\"__button88\"]"}
COMMAND: POST /session/b41f127b71ced2e69bc7a594aec7d10c/element/f.D13B392FFCFC625696F343F77B76D564.d.9791D625F70847BAE663C26E6C806608.e.7746/click - {}
RESULT: {}
COMMAND: GET /session/b41f127b71ced2e69bc7a594aec7d10c/screenshot - {}
RESULT: {}
COMMAND: POST /session/b41f127b71ced2e69bc7a594aec7d10c/element - {"using":"xpath","value":"//bdi[contains(text(), \"Unlock\")]"}
RESULT: {"using":"xpath","value":"//bdi[contains(text(), \"Unlock\")]"}
COMMAND: POST /session/b41f127b71ced2e69bc7a594aec7d10c/elements - {"using":"xpath","value":"//bdi[contains(text(), \"Unlock\")]"}
RESULT: {"using":"xpath","value":"//bdi[contains(text(), \"Unlock\")]"}
COMMAND: POST /session/b41f127b71ced2e69bc7a594aec7d10c/execute/async - {"script":"<script> [1562 bytes]","args":[{"selector":{"controlType":"sap.ui.core.Icon","viewName":"etm.portal.ui.managecatalogs.view.Detail","viewId":"application-managecatalogs-display-component---detailCatalog","properties":{"src":{"regex":{"source":"add\\-folder"}}}},"wdio_ui5_key":"etmportal.ui.managecatalogs.view.Detailsap.ui.core.Icon{\"src\":{\"regex\":{\"source\":\"add\\\\-folder\"}}}"}]}
RESULT: {"script":"<script> [1562 bytes]","args":[{"selector":{"controlType":"sap.ui.core.Icon","viewName":"etm.portal.ui.managecatalogs.view.Detail","viewId":"application-managecatalogs-display-component---detailCatalog","properties":{"src":{"regex":{"source":"add\\-folder"}}}},"wdio_ui5_key":"etmportal.ui.managecatalogs.view.Detailsap.ui.core.Icon{\"src\":{\"regex\":{\"source\":\"add\\\\-folder\"}}}"}]}
RESULT: undefined
COMMAND: POST /session/b41f127b71ced2e69bc7a594aec7d10c/element - {"using":"xpath","value":"//*[@id=\"__button96-img\"]"}
RESULT: {"using":"xpath","value":"//*[@id=\"__button96-img\"]"}
COMMAND: POST /session/b41f127b71ced2e69bc7a594aec7d10c/element/f.D13B392FFCFC625696F343F77B76D564.d.9791D625F70847BAE663C26E6C806608.e.7754/click - {}
RESULT: {}
COMMAND: GET /session/b41f127b71ced2e69bc7a594aec7d10c/screenshot - {}
RESULT: {}
COMMAND: POST /session/b41f127b71ced2e69bc7a594aec7d10c/execute/async - {"script":"<script> [1562 bytes]","args":[{"selector":{"id":"application-managecatalogs-display-component---detailCatalog--numberInput","searchOpenDialogs":true,"interaction":{"idSuffix":"inner"}},"wdio_ui5_key":"applicationmanagecatalogs-display-component---detailCatalog--numberInput"}]}
RESULT: {"script":"<script> [1562 bytes]","args":[{"selector":{"id":"application-managecatalogs-display-component---detailCatalog--numberInput","searchOpenDialogs":true,"interaction":{"idSuffix":"inner"}},"wdio_ui5_key":"applicationmanagecatalogs-display-component---detailCatalog--numberInput"}]}
RESULT: undefined
COMMAND: POST /session/b41f127b71ced2e69bc7a594aec7d10c/execute/async - {"script":"<script> [776 bytes]","args":[{"enterText":"Sectionbz598","selector":{"id":"application-managecatalogs-display-component---detailCatalog--numberInput","searchOpenDialogs":true,"interaction":{"idSuffix":"inner"}},"clearTextFirst":true,"interactionType":"ENTER_TEXT"}]}
RESULT: {"script":"<script> [776 bytes]","args":[{"enterText":"Sectionbz598","selector":{"id":"application-managecatalogs-display-component---detailCatalog--numberInput","searchOpenDialogs":true,"interaction":{"idSuffix":"inner"}},"clearTextFirst":true,"interactionType":"ENTER_TEXT"}]}
COMMAND: POST /session/b41f127b71ced2e69bc7a594aec7d10c/element - {"using":"css selector","value":"#application-managecatalogs-display-component---detailCatalog--nameInput-inner"}
RESULT: {"using":"css selector","value":"#application-managecatalogs-display-component---detailCatalog--nameInput-inner"}
COMMAND: POST /session/b41f127b71ced2e69bc7a594aec7d10c/elements - {"using":"css selector","value":"#application-managecatalogs-display-component---detailCatalog--nameInput-inner"}
RESULT: {"using":"css selector","value":"#application-managecatalogs-display-component---detailCatalog--nameInput-inner"}
COMMAND: POST /session/b41f127b71ced2e69bc7a594aec7d10c/element/f.D13B392FFCFC625696F343F77B76D564.d.9791D625F70847BAE663C26E6C806608.e.7758/clear - {}
RESULT: {}
COMMAND: POST /session/b41f127b71ced2e69bc7a594aec7d10c/element/f.D13B392FFCFC625696F343F77B76D564.d.9791D625F70847BAE663C26E6C806608.e.7758/value - {"text":"Webdriverz7lc"}
COMMAND: GET /session/b41f127b71ced2e69bc7a594aec7d10c/screenshot - {}
RESULT: {"text":"Webdriverz7lc"}
COMMAND: POST /session/b41f127b71ced2e69bc7a594aec7d10c/execute/async - {"script":"<script> [1562 bytes]","args":[{"selector":{"controlType":"sap.m.Button","viewName":"etm.portal.ui.managecatalogs.view.Detail","viewId":"application-managecatalogs-display-component---detailCatalog","i18NText":{"propertyName":"text","key":"create"},"searchOpenDialogs":true,"interaction":{"idSuffix":"BDI-content"}},"wdio_ui5_key":"etmportal.ui.managecatalogs.view.Detailsap.m.Button{\"propertyName\":\"text\",\"key\":\"create\"}"}]}
COMMAND: GET /session/b41f127b71ced2e69bc7a594aec7d10c/screenshot - {}
RESULT: {}
RESULT: {"script":"<script> [1562 bytes]","args":[{"selector":{"controlType":"sap.m.Button","viewName":"etm.portal.ui.managecatalogs.view.Detail","viewId":"application-managecatalogs-display-component---detailCatalog","i18NText":{"propertyName":"text","key":"create"},"searchOpenDialogs":true,"interaction":{"idSuffix":"BDI-content"}},"wdio_ui5_key":"etmportal.ui.managecatalogs.view.Detailsap.m.Button{\"propertyName\":\"text\",\"key\":\"create\"}"}]}
RESULT: undefined
COMMAND: POST /session/b41f127b71ced2e69bc7a594aec7d10c/element - {"using":"xpath","value":"//*[@id=\"__button66\"]"}
RESULT: {}
RESULT: {"using":"xpath","value":"//*[@id=\"__button66\"]"}
COMMAND: POST /session/b41f127b71ced2e69bc7a594aec7d10c/element/f.D13B392FFCFC625696F343F77B76D564.d.9791D625F70847BAE663C26E6C806608.e.7763/click - {}
RESULT: {}
COMMAND: GET /session/b41f127b71ced2e69bc7a594aec7d10c/screenshot - {}
RESULT: {}
COMMAND: POST /session/b41f127b71ced2e69bc7a594aec7d10c/element - {"using":"xpath","value":"//button[@title=\"Save\"]"}
RESULT: {"using":"xpath","value":"//button[@title=\"Save\"]"}
COMMAND: POST /session/b41f127b71ced2e69bc7a594aec7d10c/element/f.D13B392FFCFC625696F343F77B76D564.d.9791D625F70847BAE663C26E6C806608.e.7764/click - {}
RESULT: {}
COMMAND: POST /session/b41f127b71ced2e69bc7a594aec7d10c/execute/async - {"script":"<script> [1562 bytes]","args":[{"selector":{"controlType":"sap.ui.core.Icon","viewName":"etm.portal.ui.managecatalogs.view.Detail","viewId":"application-managecatalogs-display-component---detailCatalog","properties":{"src":{"regex":{"source":"decline"}}}},"wdio_ui5_key":"etmportal.ui.managecatalogs.view.Detailsap.ui.core.Icon{\"src\":{\"regex\":{\"source\":\"decline\"}}}"}]}
COMMAND: GET /session/b41f127b71ced2e69bc7a594aec7d10c/screenshot - {}
RESULT: {"script":"<script> [1562 bytes]","args":[{"selector":{"controlType":"sap.ui.core.Icon","viewName":"etm.portal.ui.managecatalogs.view.Detail","viewId":"application-managecatalogs-display-component---detailCatalog","properties":{"src":{"regex":{"source":"decline"}}}},"wdio_ui5_key":"etmportal.ui.managecatalogs.view.Detailsap.ui.core.Icon{\"src\":{\"regex\":{\"source\":\"decline\"}}}"}]}
RESULT: undefined
COMMAND: POST /session/b41f127b71ced2e69bc7a594aec7d10c/element - {"using":"xpath","value":"//*[@id=\"__button91-img\"]"}
RESULT: {}
RESULT: {"using":"xpath","value":"//*[@id=\"__button91-img\"]"}
COMMAND: POST /session/b41f127b71ced2e69bc7a594aec7d10c/element/f.D13B392FFCFC625696F343F77B76D564.d.9791D625F70847BAE663C26E6C806608.e.7769/click - {}
RESULT: {}
COMMAND: GET /session/b41f127b71ced2e69bc7a594aec7d10c/screenshot - {}
RESULT: {}
COMMAND: POST /session/b41f127b71ced2e69bc7a594aec7d10c/execute/async - {"script":"<script> [1562 bytes]","args":[{"selector":{"controlType":"sap.ui.core.Icon","viewName":"etm.portal.ui.managecatalogs.view.MasterItems","viewId":"application-managecatalogs-display-component---masterCatalogItems","properties":{"src":{"regex":{"source":"refresh"}}}},"wdio_ui5_key":"etmportal.ui.managecatalogs.view.MasterItemssap.ui.core.Icon{\"src\":{\"regex\":{\"source\":\"refresh\"}}}"}]}
RESULT: {"script":"<script> [1562 bytes]","args":[{"selector":{"controlType":"sap.ui.core.Icon","viewName":"etm.portal.ui.managecatalogs.view.MasterItems","viewId":"application-managecatalogs-display-component---masterCatalogItems","properties":{"src":{"regex":{"source":"refresh"}}}},"wdio_ui5_key":"etmportal.ui.managecatalogs.view.MasterItemssap.ui.core.Icon{\"src\":{\"regex\":{\"source\":\"refresh\"}}}"}]}
RESULT: undefined
COMMAND: POST /session/b41f127b71ced2e69bc7a594aec7d10c/element - {"using":"xpath","value":"//*[@id=\"__button64-img\"]"}
RESULT: {"using":"xpath","value":"//*[@id=\"__button64-img\"]"}
COMMAND: POST /session/b41f127b71ced2e69bc7a594aec7d10c/element/f.D13B392FFCFC625696F343F77B76D564.d.9791D625F70847BAE663C26E6C806608.e.7805/click - {}
RESULT: {}
COMMAND: POST /session/b41f127b71ced2e69bc7a594aec7d10c/execute/async - {"script":"<script> [1562 bytes]","args":[{"selector":{"id":"application-managecatalogs-display-component---masterCatalogItems--searchItemsField","interaction":{"idSuffix":"I"}},"wdio_ui5_key":"applicationmanagecatalogs-display-component---masterCatalogItems--searchItemsField"}]}
COMMAND: GET /session/b41f127b71ced2e69bc7a594aec7d10c/screenshot - {}
RESULT: {"script":"<script> [1562 bytes]","args":[{"selector":{"id":"application-managecatalogs-display-component---masterCatalogItems--searchItemsField","interaction":{"idSuffix":"I"}},"wdio_ui5_key":"applicationmanagecatalogs-display-component---masterCatalogItems--searchItemsField"}]}
RESULT: undefined
COMMAND: POST /session/b41f127b71ced2e69bc7a594aec7d10c/execute/async - {"script":"<script> [776 bytes]","args":[{"enterText":"Webdriverz7lc","selector":{"id":"application-managecatalogs-display-component---masterCatalogItems--searchItemsField","interaction":{"idSuffix":"I"}},"clearTextFirst":true,"interactionType":"ENTER_TEXT"}]}
RESULT: {}
RESULT: {"script":"<script> [776 bytes]","args":[{"enterText":"Webdriverz7lc","selector":{"id":"application-managecatalogs-display-component---masterCatalogItems--searchItemsField","interaction":{"idSuffix":"I"}},"clearTextFirst":true,"interactionType":"ENTER_TEXT"}]}
COMMAND: POST /session/b41f127b71ced2e69bc7a594aec7d10c/actions - {"actions":[{"id":"action47","type":"key","parameters":{},"actions":[{"type":"keyDown","value":"î€‡"},{"type":"pause","duration":10},{"type":"keyUp","value":"î€‡"}]}]}
RESULT: {"actions":[{"id":"action47","type":"key","parameters":{},"actions":[{"type":"keyDown","value":"î€‡"},{"type":"pause","duration":10},{"type":"keyUp","value":"î€‡"}]}]}
COMMAND: POST /session/b41f127b71ced2e69bc7a594aec7d10c/element - {"using":"xpath","value":"(//span[contains(text(), \"Webdriverz7lc\")])[1]"}
COMMAND: GET /session/b41f127b71ced2e69bc7a594aec7d10c/screenshot - {}
RESULT: {"using":"xpath","value":"(//span[contains(text(), \"Webdriverz7lc\")])[1]"}
COMMAND: POST /session/b41f127b71ced2e69bc7a594aec7d10c/element/f.D13B392FFCFC625696F343F77B76D564.d.9791D625F70847BAE663C26E6C806608.e.7808/click - {}
RESULT: {}
RESULT: {}
COMMAND: GET /session/b41f127b71ced2e69bc7a594aec7d10c/screenshot - {}
RESULT: {}
RESULT: undefined
COMMAND: POST /session/b41f127b71ced2e69bc7a594aec7d10c/element - {"using":"xpath","value":"//*[@id=\"__button88\"]"}
RESULT: {"using":"xpath","value":"//*[@id=\"__button88\"]"}
COMMAND: POST /session/b41f127b71ced2e69bc7a594aec7d10c/element/f.D13B392FFCFC625696F343F77B76D564.d.9791D625F70847BAE663C26E6C806608.e.7844/click - {}
RESULT: {}
COMMAND: GET /session/b41f127b71ced2e69bc7a594aec7d10c/screenshot - {}
RESULT: {}
RESULT: undefined
COMMAND: POST /session/b41f127b71ced2e69bc7a594aec7d10c/element - {"using":"xpath","value":"//*[@id=\"__button96-img\"]"}
RESULT: {"using":"xpath","value":"//*[@id=\"__button96-img\"]"}
COMMAND: POST /session/b41f127b71ced2e69bc7a594aec7d10c/element/f.D13B392FFCFC625696F343F77B76D564.d.9791D625F70847BAE663C26E6C806608.e.7894/click - {}
RESULT: {}
COMMAND: GET /session/b41f127b71ced2e69bc7a594aec7d10c/screenshot - {}
RESULT: {}
RESULT: undefined
COMMAND: POST /session/b41f127b71ced2e69bc7a594aec7d10c/execute/async - {"script":"<script> [776 bytes]","args":[{"enterText":"SecondSectionauf0bg","selector":{"id":"application-managecatalogs-display-component---detailCatalog--numberInput","searchOpenDialogs":true,"interaction":{"idSuffix":"inner"}},"clearTextFirst":true,"interactionType":"ENTER_TEXT"}]}
RESULT: {"script":"<script> [776 bytes]","args":[{"enterText":"SecondSectionauf0bg","selector":{"id":"application-managecatalogs-display-component---detailCatalog--numberInput","searchOpenDialogs":true,"interaction":{"idSuffix":"inner"}},"clearTextFirst":true,"interactionType":"ENTER_TEXT"}]}
COMMAND: POST /session/b41f127b71ced2e69bc7a594aec7d10c/element - {"using":"xpath","value":"//input[contains(@id ,\"application-managecatalogs-display-component---detailCatalog--nameInput-inner\")]"}
RESULT: {"using":"xpath","value":"//input[contains(@id ,\"application-managecatalogs-display-component---detailCatalog--nameInput-inner\")]"}
COMMAND: POST /session/b41f127b71ced2e69bc7a594aec7d10c/elements - {"using":"xpath","value":"//input[contains(@id ,\"application-managecatalogs-display-component---detailCatalog--nameInput-inner\")]"}
RESULT: {"using":"xpath","value":"//input[contains(@id ,\"application-managecatalogs-display-component---detailCatalog--nameInput-inner\")]"}
COMMAND: POST /session/b41f127b71ced2e69bc7a594aec7d10c/element/f.D13B392FFCFC625696F343F77B76D564.d.9791D625F70847BAE663C26E6C806608.e.7898/clear - {}
RESULT: {}
COMMAND: POST /session/b41f127b71ced2e69bc7a594aec7d10c/element/f.D13B392FFCFC625696F343F77B76D564.d.9791D625F70847BAE663C26E6C806608.e.7898/value - {"text":"webdriversecondsx8e2"}
COMMAND: GET /session/b41f127b71ced2e69bc7a594aec7d10c/screenshot - {}
RESULT: {"text":"webdriversecondsx8e2"}
RESULT: undefined
COMMAND: POST /session/b41f127b71ced2e69bc7a594aec7d10c/element - {"using":"xpath","value":"//*[@id=\"__button66\"]"}
COMMAND: GET /session/b41f127b71ced2e69bc7a594aec7d10c/screenshot - {}
RESULT: {}
RESULT: {"using":"xpath","value":"//*[@id=\"__button66\"]"}
COMMAND: POST /session/b41f127b71ced2e69bc7a594aec7d10c/element/f.D13B392FFCFC625696F343F77B76D564.d.9791D625F70847BAE663C26E6C806608.e.7902/click - {}
RESULT: {}
RESULT: {}
COMMAND: GET /session/b41f127b71ced2e69bc7a594aec7d10c/screenshot - {}
RESULT: {}
COMMAND: POST /session/b41f127b71ced2e69bc7a594aec7d10c/element - {"using":"xpath","value":"//button[@title=\"Save\"]"}
RESULT: {"using":"xpath","value":"//button[@title=\"Save\"]"}
COMMAND: POST /session/b41f127b71ced2e69bc7a594aec7d10c/element/f.D13B392FFCFC625696F343F77B76D564.d.9791D625F70847BAE663C26E6C806608.e.7880/click - {}
RESULT: {}
COMMAND: GET /session/b41f127b71ced2e69bc7a594aec7d10c/screenshot - {}
RESULT: {}
RESULT: undefined
COMMAND: POST /session/b41f127b71ced2e69bc7a594aec7d10c/element - {"using":"xpath","value":"//*[@id=\"__button91-img\"]"}
RESULT: {"using":"xpath","value":"//*[@id=\"__button91-img\"]"}
COMMAND: POST /session/b41f127b71ced2e69bc7a594aec7d10c/element/f.D13B392FFCFC625696F343F77B76D564.d.9791D625F70847BAE663C26E6C806608.e.7851/click - {}
RESULT: {}
COMMAND: GET /session/b41f127b71ced2e69bc7a594aec7d10c/screenshot - {}
RESULT: {}
RESULT: undefined
COMMAND: POST /session/b41f127b71ced2e69bc7a594aec7d10c/element - {"using":"xpath","value":"//*[@id=\"__button64-img\"]"}
RESULT: {"using":"xpath","value":"//*[@id=\"__button64-img\"]"}
COMMAND: POST /session/b41f127b71ced2e69bc7a594aec7d10c/element/f.D13B392FFCFC625696F343F77B76D564.d.9791D625F70847BAE663C26E6C806608.e.7940/click - {}
RESULT: {}
COMMAND: GET /session/b41f127b71ced2e69bc7a594aec7d10c/screenshot - {}
RESULT: {}
RESULT: undefined
COMMAND: POST /session/b41f127b71ced2e69bc7a594aec7d10c/execute/async - {"script":"<script> [776 bytes]","args":[{"enterText":"SecondSectionauf0bg","selector":{"id":"application-managecatalogs-display-component---masterCatalogItems--searchItemsField","interaction":{"idSuffix":"I"}},"clearTextFirst":true,"interactionType":"ENTER_TEXT"}]}
RESULT: {"script":"<script> [776 bytes]","args":[{"enterText":"SecondSectionauf0bg","selector":{"id":"application-managecatalogs-display-component---masterCatalogItems--searchItemsField","interaction":{"idSuffix":"I"}},"clearTextFirst":true,"interactionType":"ENTER_TEXT"}]}
COMMAND: POST /session/b41f127b71ced2e69bc7a594aec7d10c/actions - {"actions":[{"id":"action48","type":"key","parameters":{},"actions":[{"type":"keyDown","value":"î€‡"},{"type":"pause","duration":10},{"type":"keyUp","value":"î€‡"}]}]}
RESULT: {"actions":[{"id":"action48","type":"key","parameters":{},"actions":[{"type":"keyDown","value":"î€‡"},{"type":"pause","duration":10},{"type":"keyUp","value":"î€‡"}]}]}
COMMAND: POST /session/b41f127b71ced2e69bc7a594aec7d10c/element - {"using":"xpath","value":"(//span[contains(text(), \"SecondSectionauf0bg\")])[1]"}
COMMAND: GET /session/b41f127b71ced2e69bc7a594aec7d10c/screenshot - {}
RESULT: {"using":"xpath","value":"(//span[contains(text(), \"SecondSectionauf0bg\")])[1]"}
COMMAND: POST /session/b41f127b71ced2e69bc7a594aec7d10c/element/f.D13B392FFCFC625696F343F77B76D564.d.9791D625F70847BAE663C26E6C806608.e.7943/click - {}
RESULT: {}
RESULT: {}
COMMAND: POST /session/b41f127b71ced2e69bc7a594aec7d10c/element - {"using":"xpath","value":"(//span[contains(text(), \"SecondSectionauf0bg\")])[1]"}
COMMAND: GET /session/b41f127b71ced2e69bc7a594aec7d10c/screenshot - {}
RESULT: {"using":"xpath","value":"(//span[contains(text(), \"SecondSectionauf0bg\")])[1]"}
COMMAND: GET /session/b41f127b71ced2e69bc7a594aec7d10c/element/f.D13B392FFCFC625696F343F77B76D564.d.9791D625F70847BAE663C26E6C806608.e.7943/text - {}
RESULT: {}
RESULT: {}
COMMAND: POST /session/b41f127b71ced2e69bc7a594aec7d10c/refresh - {}
RESULT: {}
COMMAND: GET /session/b41f127b71ced2e69bc7a594aec7d10c/screenshot - {}
RESULT: {}
COMMAND: POST /session/b41f127b71ced2e69bc7a594aec7d10c/execute/async - {"script":"<script> [189 bytes]","args":[]}
RESULT: {"script":"<script> [189 bytes]","args":[]}
COMMAND: POST /session/b41f127b71ced2e69bc7a594aec7d10c/execute/async - {"script":"<script> [123 bytes]","args":[]}
RESULT: {"script":"<script> [123 bytes]","args":[]}
COMMAND: POST /session/b41f127b71ced2e69bc7a594aec7d10c/timeouts - {"script":"<number>"}
RESULT: {"script":"<number>"}
COMMAND: GET /session/b41f127b71ced2e69bc7a594aec7d10c/timeouts - {}
RESULT: {}
RESULT: undefined
COMMAND: POST /session/b41f127b71ced2e69bc7a594aec7d10c/execute/async - {"script":"<script> [2676 bytes]","args":[]}
RESULT: {"script":"<script> [2676 bytes]","args":[]}
COMMAND: POST /session/b41f127b71ced2e69bc7a594aec7d10c/execute/async - {"script":"<script> [2342 bytes]","args":[{"protocol":"http","hostname":"0.0.0.0","path":"/","capabilities":{"browserName":"chrome","goog:chromeOptions":{"binary":"C:\\Program Files\\Google\\Chrome\\Application\\chrome.exe","args":["--start-maximized"]}},"logLevel":"warn","connectionRetryTimeout":120000,"connectionRetryCount":3,"logLevels":{},"enableDirectConnect":true,"strictSSL":true,"_":"65 more keys: [\"cacheDir\",\"port\",\"requestedCapabilities\",\"automationProtocol\",\"baseUrl\",\"waitforInterval\",\"waitforTimeout\",\"onReload\",\"beforeCommand\",\"afterCommand\",\"rootDir\",\"specs\",\"suites\",\"exclude\",\"groupLogsByTestSpec\",\"excludeDriverLogs\",\"bail\",\"framework\",\"reporters\",\"services\",\"maxInstances\",\"maxInstancesPerCapability\",\"injectGlobals\",\"filesToWatch\",\"execArgv\",\"runnerEnv\",\"runner\",\"shard\",\"specFileRetries\",\"specFileRetriesDelay\",\"specFileRetriesDeferred\",\"reporterSyncInterval\",\"reporterSyncTimeout\",\"cucumberFeaturesWithLineNumbers\",\"autoCompileOpts\",\"mochaOpts\",\"jasmineOpts\",\"cucumberOpts\",\"onPrepare\",\"onWorkerStart\",\"onWorkerEnd\",\"before\",\"beforeSession\",\"beforeSuite\",\"beforeHook\",\"beforeTest\",\"afterTest\",\"afterHook\",\"afterSuite\",\"afterSession\",\"after\",\"onComplete\",\"beforeAssertion\",\"afterAssertion\",\"beforeFeature\",\"beforeScenario\",\"beforeStep\",\"afterStep\",\"afterScenario\",\"afterFeature\",\"_\",\"suite\",\"$0\",\"ignoredWorkerServices\",\"wdi5\"]"}]}
RESULT: {"script":"<script> [2342 bytes]","args":[{"protocol":"http","hostname":"0.0.0.0","path":"/","capabilities":{"browserName":"chrome","goog:chromeOptions":{"binary":"C:\\Program Files\\Google\\Chrome\\Application\\chrome.exe","args":["--start-maximized"]}},"logLevel":"warn","connectionRetryTimeout":120000,"connectionRetryCount":3,"logLevels":{},"enableDirectConnect":true,"strictSSL":true,"_":"65 more keys: [\"cacheDir\",\"port\",\"requestedCapabilities\",\"automationProtocol\",\"baseUrl\",\"waitforInterval\",\"waitforTimeout\",\"onReload\",\"beforeCommand\",\"afterCommand\",\"rootDir\",\"specs\",\"suites\",\"exclude\",\"groupLogsByTestSpec\",\"excludeDriverLogs\",\"bail\",\"framework\",\"reporters\",\"services\",\"maxInstances\",\"maxInstancesPerCapability\",\"injectGlobals\",\"filesToWatch\",\"execArgv\",\"runnerEnv\",\"runner\",\"shard\",\"specFileRetries\",\"specFileRetriesDelay\",\"specFileRetriesDeferred\",\"reporterSyncInterval\",\"reporterSyncTimeout\",\"cucumberFeaturesWithLineNumbers\",\"autoCompileOpts\",\"mochaOpts\",\"jasmineOpts\",\"cucumberOpts\",\"onPrepare\",\"onWorkerStart\",\"onWorkerEnd\",\"before\",\"beforeSession\",\"beforeSuite\",\"beforeHook\",\"beforeTest\",\"afterTest\",\"afterHook\",\"afterSuite\",\"afterSession\",\"after\",\"onComplete\",\"beforeAssertion\",\"afterAssertion\",\"beforeFeature\",\"beforeScenario\",\"beforeStep\",\"afterStep\",\"afterScenario\",\"afterFeature\",\"_\",\"suite\",\"$0\",\"ignoredWorkerServices\",\"wdi5\"]"}]}
COMMAND: POST /session/b41f127b71ced2e69bc7a594aec7d10c/execute/async - {"script":"<script> [21126 bytes]","args":[35000]}
RESULT: {"script":"<script> [21126 bytes]","args":[35000]}
COMMAND: POST /session/b41f127b71ced2e69bc7a594aec7d10c/execute/async - {"script":"<script> [1562 bytes]","args":[{"selector":{"controlType":"sap.m.Button","viewName":"etm.portal.ui.managecatalogs.view.Detail","viewId":"application-managecatalogs-display-component---detailCatalog","i18NText":{"propertyName":"text","key":"edit"},"interaction":{"idSuffix":"BDI-content"}},"wdio_ui5_key":"etmportal.ui.managecatalogs.view.Detailsap.m.Button{\"propertyName\":\"text\",\"key\":\"edit\"}"}]}
RESULT: {"script":"<script> [1562 bytes]","args":[{"selector":{"controlType":"sap.m.Button","viewName":"etm.portal.ui.managecatalogs.view.Detail","viewId":"application-managecatalogs-display-component---detailCatalog","i18NText":{"propertyName":"text","key":"edit"},"interaction":{"idSuffix":"BDI-content"}},"wdio_ui5_key":"etmportal.ui.managecatalogs.view.Detailsap.m.Button{\"propertyName\":\"text\",\"key\":\"edit\"}"}]}
RESULT: undefined
COMMAND: POST /session/b41f127b71ced2e69bc7a594aec7d10c/element - {"using":"xpath","value":"//*[@id=\"__button25\"]"}
RESULT: {"using":"xpath","value":"//*[@id=\"__button25\"]"}
COMMAND: POST /session/b41f127b71ced2e69bc7a594aec7d10c/element/f.D13B392FFCFC625696F343F77B76D564.d.66A68BF65850D9A3BE0E19566BEBE0F8.e.8049/click - {}
RESULT: {}
COMMAND: POST /session/b41f127b71ced2e69bc7a594aec7d10c/execute/async - {"script":"<script> [1562 bytes]","args":[{"selector":{"controlType":"sap.ui.core.Icon","viewName":"etm.portal.ui.managecatalogs.view.Detail","viewId":"application-managecatalogs-display-component---detailCatalog","properties":{"src":{"regex":{"source":"add\\-document"}}}},"wdio_ui5_key":"etmportal.ui.managecatalogs.view.Detailsap.ui.core.Icon{\"src\":{\"regex\":{\"source\":\"add\\\\-document\"}}}"}]}
COMMAND: GET /session/b41f127b71ced2e69bc7a594aec7d10c/screenshot - {}
RESULT: {"script":"<script> [1562 bytes]","args":[{"selector":{"controlType":"sap.ui.core.Icon","viewName":"etm.portal.ui.managecatalogs.view.Detail","viewId":"application-managecatalogs-display-component---detailCatalog","properties":{"src":{"regex":{"source":"add\\-document"}}}},"wdio_ui5_key":"etmportal.ui.managecatalogs.view.Detailsap.ui.core.Icon{\"src\":{\"regex\":{\"source\":\"add\\\\-document\"}}}"}]}
RESULT: undefined
COMMAND: POST /session/b41f127b71ced2e69bc7a594aec7d10c/element - {"using":"xpath","value":"//*[@id=\"__button34-img\"]"}
RESULT: {}
RESULT: {"using":"xpath","value":"//*[@id=\"__button34-img\"]"}
COMMAND: POST /session/b41f127b71ced2e69bc7a594aec7d10c/element/f.D13B392FFCFC625696F343F77B76D564.d.66A68BF65850D9A3BE0E19566BEBE0F8.e.8056/click - {}
RESULT: {}
COMMAND: POST /session/b41f127b71ced2e69bc7a594aec7d10c/execute/async - {"script":"<script> [1562 bytes]","args":[{"selector":{"id":"application-managecatalogs-display-component---detailCatalog--newItemNumberInput","searchOpenDialogs":true,"interaction":{"idSuffix":"inner"}},"wdio_ui5_key":"applicationmanagecatalogs-display-component---detailCatalog--newItemNumberInput"}]}
COMMAND: GET /session/b41f127b71ced2e69bc7a594aec7d10c/screenshot - {}
RESULT: {"script":"<script> [1562 bytes]","args":[{"selector":{"id":"application-managecatalogs-display-component---detailCatalog--newItemNumberInput","searchOpenDialogs":true,"interaction":{"idSuffix":"inner"}},"wdio_ui5_key":"applicationmanagecatalogs-display-component---detailCatalog--newItemNumberInput"}]}
RESULT: undefined
COMMAND: POST /session/b41f127b71ced2e69bc7a594aec7d10c/execute/async - {"script":"<script> [776 bytes]","args":[{"enterText":"catalogItemh7w23","selector":{"id":"application-managecatalogs-display-component---detailCatalog--newItemNumberInput","searchOpenDialogs":true,"interaction":{"idSuffix":"inner"}},"clearTextFirst":true,"interactionType":"ENTER_TEXT"}]}
RESULT: {}
RESULT: {"script":"<script> [776 bytes]","args":[{"enterText":"catalogItemh7w23","selector":{"id":"application-managecatalogs-display-component---detailCatalog--newItemNumberInput","searchOpenDialogs":true,"interaction":{"idSuffix":"inner"}},"clearTextFirst":true,"interactionType":"ENTER_TEXT"}]}
COMMAND: POST /session/b41f127b71ced2e69bc7a594aec7d10c/execute/async - {"script":"<script> [1562 bytes]","args":[{"selector":{"controlType":"sap.m.Input","viewName":"etm.portal.ui.managecatalogs.view.Detail","viewId":"application-managecatalogs-display-component---detailCatalog","bindingPath":{"path":"","propertyPath":"/DESCRIPTION"},"searchOpenDialogs":true,"interaction":{"idSuffix":"inner"}},"wdio_ui5_key":"etmportal.ui.managecatalogs.view.Detailsap.m.Input{\"path\":\"\",\"propertyPath\":\"/DESCRIPTION\"}"}]}
RESULT: {"script":"<script> [1562 bytes]","args":[{"selector":{"controlType":"sap.m.Input","viewName":"etm.portal.ui.managecatalogs.view.Detail","viewId":"application-managecatalogs-display-component---detailCatalog","bindingPath":{"path":"","propertyPath":"/DESCRIPTION"},"searchOpenDialogs":true,"interaction":{"idSuffix":"inner"}},"wdio_ui5_key":"etmportal.ui.managecatalogs.view.Detailsap.m.Input{\"path\":\"\",\"propertyPath\":\"/DESCRIPTION\"}"}]}
RESULT: undefined
COMMAND: POST /session/b41f127b71ced2e69bc7a594aec7d10c/execute/async - {"script":"<script> [776 bytes]","args":[{"enterText":"catalogItemNameaw4il","selector":{"controlType":"sap.m.Input","viewName":"etm.portal.ui.managecatalogs.view.Detail","viewId":"application-managecatalogs-display-component---detailCatalog","bindingPath":{"path":"","propertyPath":"/DESCRIPTION"},"searchOpenDialogs":true,"interaction":{"idSuffix":"inner"}},"clearTextFirst":true,"interactionType":"ENTER_TEXT"}]}
RESULT: {"script":"<script> [776 bytes]","args":[{"enterText":"catalogItemNameaw4il","selector":{"controlType":"sap.m.Input","viewName":"etm.portal.ui.managecatalogs.view.Detail","viewId":"application-managecatalogs-display-component---detailCatalog","bindingPath":{"path":"","propertyPath":"/DESCRIPTION"},"searchOpenDialogs":true,"interaction":{"idSuffix":"inner"}},"clearTextFirst":true,"interactionType":"ENTER_TEXT"}]}
COMMAND: POST /session/b41f127b71ced2e69bc7a594aec7d10c/execute/async - {"script":"<script> [1562 bytes]","args":[{"selector":{"controlType":"sap.m.Button","viewName":"etm.portal.ui.managecatalogs.view.Detail","viewId":"application-managecatalogs-display-component---detailCatalog","i18NText":{"propertyName":"text","key":"create"},"searchOpenDialogs":true,"interaction":{"idSuffix":"BDI-content"}},"wdio_ui5_key":"etmportal.ui.managecatalogs.view.Detailsap.m.Button{\"propertyName\":\"text\",\"key\":\"create\"}"}]}
RESULT: {"script":"<script> [1562 bytes]","args":[{"selector":{"controlType":"sap.m.Button","viewName":"etm.portal.ui.managecatalogs.view.Detail","viewId":"application-managecatalogs-display-component---detailCatalog","i18NText":{"propertyName":"text","key":"create"},"searchOpenDialogs":true,"interaction":{"idSuffix":"BDI-content"}},"wdio_ui5_key":"etmportal.ui.managecatalogs.view.Detailsap.m.Button{\"propertyName\":\"text\",\"key\":\"create\"}"}]}
RESULT: undefined
COMMAND: POST /session/b41f127b71ced2e69bc7a594aec7d10c/element - {"using":"xpath","value":"//*[@id=\"__button9\"]"}
RESULT: {"using":"xpath","value":"//*[@id=\"__button9\"]"}
COMMAND: POST /session/b41f127b71ced2e69bc7a594aec7d10c/element/f.D13B392FFCFC625696F343F77B76D564.d.66A68BF65850D9A3BE0E19566BEBE0F8.e.8065/click - {}
RESULT: {}
COMMAND: GET /session/b41f127b71ced2e69bc7a594aec7d10c/screenshot - {}
RESULT: {}
COMMAND: POST /session/b41f127b71ced2e69bc7a594aec7d10c/element - {"using":"xpath","value":"//button[@title=\"Save\"]"}
RESULT: {"using":"xpath","value":"//button[@title=\"Save\"]"}
COMMAND: POST /session/b41f127b71ced2e69bc7a594aec7d10c/element/f.D13B392FFCFC625696F343F77B76D564.d.66A68BF65850D9A3BE0E19566BEBE0F8.e.8066/click - {}
RESULT: {}
COMMAND: GET /session/b41f127b71ced2e69bc7a594aec7d10c/screenshot - {}
RESULT: {}
COMMAND: POST /session/b41f127b71ced2e69bc7a594aec7d10c/execute/async - {"script":"<script> [1562 bytes]","args":[{"selector":{"controlType":"sap.ui.core.Icon","viewName":"etm.portal.ui.managecatalogs.view.Detail","viewId":"application-managecatalogs-display-component---detailCatalog","properties":{"src":{"regex":{"source":"decline"}}}},"wdio_ui5_key":"etmportal.ui.managecatalogs.view.Detailsap.ui.core.Icon{\"src\":{\"regex\":{\"source\":\"decline\"}}}"}]}
RESULT: {"script":"<script> [1562 bytes]","args":[{"selector":{"controlType":"sap.ui.core.Icon","viewName":"etm.portal.ui.managecatalogs.view.Detail","viewId":"application-managecatalogs-display-component---detailCatalog","properties":{"src":{"regex":{"source":"decline"}}}},"wdio_ui5_key":"etmportal.ui.managecatalogs.view.Detailsap.ui.core.Icon{\"src\":{\"regex\":{\"source\":\"decline\"}}}"}]}
RESULT: undefined
COMMAND: POST /session/b41f127b71ced2e69bc7a594aec7d10c/element - {"using":"xpath","value":"//*[@id=\"__button28-img\"]"}
RESULT: {"using":"xpath","value":"//*[@id=\"__button28-img\"]"}
COMMAND: POST /session/b41f127b71ced2e69bc7a594aec7d10c/element/f.D13B392FFCFC625696F343F77B76D564.d.66A68BF65850D9A3BE0E19566BEBE0F8.e.8072/click - {}
RESULT: {}
COMMAND: GET /session/b41f127b71ced2e69bc7a594aec7d10c/screenshot - {}
RESULT: {}
COMMAND: POST /session/b41f127b71ced2e69bc7a594aec7d10c/execute/async - {"script":"<script> [1562 bytes]","args":[{"selector":{"controlType":"sap.ui.core.Icon","viewName":"etm.portal.ui.managecatalogs.view.MasterItems","viewId":"application-managecatalogs-display-component---masterCatalogItems","properties":{"src":{"regex":{"source":"refresh"}}}},"wdio_ui5_key":"etmportal.ui.managecatalogs.view.MasterItemssap.ui.core.Icon{\"src\":{\"regex\":{\"source\":\"refresh\"}}}"}]}
RESULT: {"script":"<script> [1562 bytes]","args":[{"selector":{"controlType":"sap.ui.core.Icon","viewName":"etm.portal.ui.managecatalogs.view.MasterItems","viewId":"application-managecatalogs-display-component---masterCatalogItems","properties":{"src":{"regex":{"source":"refresh"}}}},"wdio_ui5_key":"etmportal.ui.managecatalogs.view.MasterItemssap.ui.core.Icon{\"src\":{\"regex\":{\"source\":\"refresh\"}}}"}]}
RESULT: undefined
COMMAND: POST /session/b41f127b71ced2e69bc7a594aec7d10c/element - {"using":"xpath","value":"//*[@id=\"__button1-img\"]"}
RESULT: {"using":"xpath","value":"//*[@id=\"__button1-img\"]"}
COMMAND: POST /session/b41f127b71ced2e69bc7a594aec7d10c/element/f.D13B392FFCFC625696F343F77B76D564.d.66A68BF65850D9A3BE0E19566BEBE0F8.e.8080/click - {}
RESULT: {}
COMMAND: GET /session/b41f127b71ced2e69bc7a594aec7d10c/screenshot - {}
RESULT: {}
COMMAND: POST /session/b41f127b71ced2e69bc7a594aec7d10c/execute/async - {"script":"<script> [1562 bytes]","args":[{"selector":{"id":"application-managecatalogs-display-component---masterCatalogItems--searchItemsField","interaction":{"idSuffix":"I"}},"wdio_ui5_key":"applicationmanagecatalogs-display-component---masterCatalogItems--searchItemsField"}]}
RESULT: {"script":"<script> [1562 bytes]","args":[{"selector":{"id":"application-managecatalogs-display-component---masterCatalogItems--searchItemsField","interaction":{"idSuffix":"I"}},"wdio_ui5_key":"applicationmanagecatalogs-display-component---masterCatalogItems--searchItemsField"}]}
RESULT: undefined
COMMAND: POST /session/b41f127b71ced2e69bc7a594aec7d10c/execute/async - {"script":"<script> [776 bytes]","args":[{"enterText":"catalogItemNameaw4il","selector":{"id":"application-managecatalogs-display-component---masterCatalogItems--searchItemsField","interaction":{"idSuffix":"I"}},"clearTextFirst":true,"interactionType":"ENTER_TEXT"}]}
RESULT: {"script":"<script> [776 bytes]","args":[{"enterText":"catalogItemNameaw4il","selector":{"id":"application-managecatalogs-display-component---masterCatalogItems--searchItemsField","interaction":{"idSuffix":"I"}},"clearTextFirst":true,"interactionType":"ENTER_TEXT"}]}
COMMAND: POST /session/b41f127b71ced2e69bc7a594aec7d10c/actions - {"actions":[{"id":"action49","type":"key","parameters":{},"actions":[{"type":"keyDown","value":"î€‡"},{"type":"pause","duration":10},{"type":"keyUp","value":"î€‡"}]}]}
RESULT: {"actions":[{"id":"action49","type":"key","parameters":{},"actions":[{"type":"keyDown","value":"î€‡"},{"type":"pause","duration":10},{"type":"keyUp","value":"î€‡"}]}]}
COMMAND: POST /session/b41f127b71ced2e69bc7a594aec7d10c/element - {"using":"xpath","value":"(//span[contains(text(), \"catalogItemNameaw4il\")])[1]"}
COMMAND: GET /session/b41f127b71ced2e69bc7a594aec7d10c/screenshot - {}
RESULT: {"using":"xpath","value":"(//span[contains(text(), \"catalogItemNameaw4il\")])[1]"}
COMMAND: POST /session/b41f127b71ced2e69bc7a594aec7d10c/element/f.D13B392FFCFC625696F343F77B76D564.d.66A68BF65850D9A3BE0E19566BEBE0F8.e.8117/click - {}
RESULT: {}
RESULT: {}
COMMAND: GET /session/b41f127b71ced2e69bc7a594aec7d10c/screenshot - {}
RESULT: {}
COMMAND: POST /session/b41f127b71ced2e69bc7a594aec7d10c/element - {"using":"xpath","value":"//span[contains(text(), \"catalogItemh7w23\")]"}
RESULT: {"using":"xpath","value":"//span[contains(text(), \"catalogItemh7w23\")]"}
COMMAND: GET /session/b41f127b71ced2e69bc7a594aec7d10c/element/f.D13B392FFCFC625696F343F77B76D564.d.66A68BF65850D9A3BE0E19566BEBE0F8.e.8170/text - {}
RESULT: {}
]]></system-out>
    </testcase>
    <testcase classname="chrome.135_0_7049_96.windows.Manage_requests_-_requests_specifications_US141095" name="Should add the classification to the catalog item" time="40.134">
      <system-out><![CDATA[
RESULT: undefined
COMMAND: POST /session/b41f127b71ced2e69bc7a594aec7d10c/element - {"using":"xpath","value":"//*[@id=\"__button25\"]"}
RESULT: {"using":"xpath","value":"//*[@id=\"__button25\"]"}
COMMAND: POST /session/b41f127b71ced2e69bc7a594aec7d10c/element/f.D13B392FFCFC625696F343F77B76D564.d.66A68BF65850D9A3BE0E19566BEBE0F8.e.8180/click - {}
RESULT: {}
COMMAND: GET /session/b41f127b71ced2e69bc7a594aec7d10c/screenshot - {}
RESULT: {}
COMMAND: POST /session/b41f127b71ced2e69bc7a594aec7d10c/execute/async - {"script":"<script> [1562 bytes]","args":[{"selector":{"id":"application-managecatalogs-display-component---detailCatalog--BASE_UNIT_OF_MEASURE-arrow"},"wdio_ui5_key":"applicationmanagecatalogs-display-component---detailCatalog--BASE_UNIT_OF_MEASURE-arrow"}]}
RESULT: {"script":"<script> [1562 bytes]","args":[{"selector":{"id":"application-managecatalogs-display-component---detailCatalog--BASE_UNIT_OF_MEASURE-arrow"},"wdio_ui5_key":"applicationmanagecatalogs-display-component---detailCatalog--BASE_UNIT_OF_MEASURE-arrow"}]}
RESULT: undefined
COMMAND: POST /session/b41f127b71ced2e69bc7a594aec7d10c/element - {"using":"xpath","value":"//*[@id=\"application-managecatalogs-display-component---detailCatalog--BASE_UNIT_OF_MEASURE-arrow\"]"}
RESULT: {"using":"xpath","value":"//*[@id=\"application-managecatalogs-display-component---detailCatalog--BASE_UNIT_OF_MEASURE-arrow\"]"}
COMMAND: POST /session/b41f127b71ced2e69bc7a594aec7d10c/element/f.D13B392FFCFC625696F343F77B76D564.d.66A68BF65850D9A3BE0E19566BEBE0F8.e.8209/click - {}
RESULT: {}
COMMAND: POST /session/b41f127b71ced2e69bc7a594aec7d10c/execute/async - {"script":"<script> [1562 bytes]","args":[{"selector":{"controlType":"sap.m.StandardListItem","viewName":"etm.portal.ui.managecatalogs.view.Detail","viewId":"application-managecatalogs-display-component---detailCatalog","properties":{"title":"Piece"},"searchOpenDialogs":true,"interaction":{"idSuffix":"titleText"}},"wdio_ui5_key":"etmportal.ui.managecatalogs.view.Detailsap.m.StandardListItem{\"title\":\"Piece\"}"}]}
COMMAND: GET /session/b41f127b71ced2e69bc7a594aec7d10c/screenshot - {}
RESULT: {"script":"<script> [1562 bytes]","args":[{"selector":{"controlType":"sap.m.StandardListItem","viewName":"etm.portal.ui.managecatalogs.view.Detail","viewId":"application-managecatalogs-display-component---detailCatalog","properties":{"title":"Piece"},"searchOpenDialogs":true,"interaction":{"idSuffix":"titleText"}},"wdio_ui5_key":"etmportal.ui.managecatalogs.view.Detailsap.m.StandardListItem{\"title\":\"Piece\"}"}]}
RESULT: undefined
COMMAND: POST /session/b41f127b71ced2e69bc7a594aec7d10c/element - {"using":"xpath","value":"//*[@id=\"__item218\"]"}
RESULT: {}
RESULT: {"using":"xpath","value":"//*[@id=\"__item218\"]"}
COMMAND: POST /session/b41f127b71ced2e69bc7a594aec7d10c/element/f.D13B392FFCFC625696F343F77B76D564.d.66A68BF65850D9A3BE0E19566BEBE0F8.e.8211/click - {}
RESULT: {}
COMMAND: POST /session/b41f127b71ced2e69bc7a594aec7d10c/element - {"using":"xpath","value":"//button[contains(@data-kt ,\"ClassificationAddClassButton\")]"}
COMMAND: GET /session/b41f127b71ced2e69bc7a594aec7d10c/screenshot - {}
RESULT: {"using":"xpath","value":"//button[contains(@data-kt ,\"ClassificationAddClassButton\")]"}
COMMAND: POST /session/b41f127b71ced2e69bc7a594aec7d10c/element/f.D13B392FFCFC625696F343F77B76D564.d.66A68BF65850D9A3BE0E19566BEBE0F8.e.8212/click - {}
RESULT: {}
RESULT: {}
COMMAND: GET /session/b41f127b71ced2e69bc7a594aec7d10c/screenshot - {}
RESULT: {}
COMMAND: POST /session/b41f127b71ced2e69bc7a594aec7d10c/element - {"using":"xpath","value":"//input[contains(@id ,\"searchField-I\")]"}
RESULT: {"using":"xpath","value":"//input[contains(@id ,\"searchField-I\")]"}
COMMAND: POST /session/b41f127b71ced2e69bc7a594aec7d10c/element/f.D13B392FFCFC625696F343F77B76D564.d.66A68BF65850D9A3BE0E19566BEBE0F8.e.8215/value - {"text":"WebdriverItemClass61bomf"}
RESULT: {"text":"WebdriverItemClass61bomf"}
COMMAND: POST /session/b41f127b71ced2e69bc7a594aec7d10c/actions - {"actions":[{"id":"action50","type":"key","parameters":{},"actions":[{"type":"keyDown","value":"î€‡"},{"type":"pause","duration":10},{"type":"keyUp","value":"î€‡"}]}]}
COMMAND: GET /session/b41f127b71ced2e69bc7a594aec7d10c/screenshot - {}
RESULT: {"actions":[{"id":"action50","type":"key","parameters":{},"actions":[{"type":"keyDown","value":"î€‡"},{"type":"pause","duration":10},{"type":"keyUp","value":"î€‡"}]}]}
COMMAND: GET /session/b41f127b71ced2e69bc7a594aec7d10c/screenshot - {}
RESULT: {}
RESULT: {}
COMMAND: POST /session/b41f127b71ced2e69bc7a594aec7d10c/element - {"using":"xpath","value":"//span[contains(text(), \"WebdriverItemClass61bomf\")]"}
RESULT: {"using":"xpath","value":"//span[contains(text(), \"WebdriverItemClass61bomf\")]"}
COMMAND: POST /session/b41f127b71ced2e69bc7a594aec7d10c/element/f.D13B392FFCFC625696F343F77B76D564.d.66A68BF65850D9A3BE0E19566BEBE0F8.e.8231/click - {}
RESULT: {}
COMMAND: GET /session/b41f127b71ced2e69bc7a594aec7d10c/screenshot - {}
RESULT: {}
COMMAND: POST /session/b41f127b71ced2e69bc7a594aec7d10c/execute/async - {"script":"<script> [1562 bytes]","args":[{"selector":{"controlType":"sap.m.Button","viewName":"etm.portal.ui.managecatalogs.view.Detail","viewId":"application-managecatalogs-display-component---detailCatalog","properties":{"text":"Classification"},"interaction":{"idSuffix":"BDI-content"}},"wdio_ui5_key":"etmportal.ui.managecatalogs.view.Detailsap.m.Button{\"text\":\"Classification\"}"}]}
RESULT: {"script":"<script> [1562 bytes]","args":[{"selector":{"controlType":"sap.m.Button","viewName":"etm.portal.ui.managecatalogs.view.Detail","viewId":"application-managecatalogs-display-component---detailCatalog","properties":{"text":"Classification"},"interaction":{"idSuffix":"BDI-content"}},"wdio_ui5_key":"etmportal.ui.managecatalogs.view.Detailsap.m.Button{\"text\":\"Classification\"}"}]}
RESULT: undefined
COMMAND: POST /session/b41f127b71ced2e69bc7a594aec7d10c/element - {"using":"xpath","value":"//*[@id=\"application-managecatalogs-display-component---detailCatalog--ObjectPageLayout-anchBar-__section3-anchor\"]"}
RESULT: {"using":"xpath","value":"//*[@id=\"application-managecatalogs-display-component---detailCatalog--ObjectPageLayout-anchBar-__section3-anchor\"]"}
COMMAND: POST /session/b41f127b71ced2e69bc7a594aec7d10c/element/f.D13B392FFCFC625696F343F77B76D564.d.66A68BF65850D9A3BE0E19566BEBE0F8.e.8236/click - {}
RESULT: {}
COMMAND: POST /session/b41f127b71ced2e69bc7a594aec7d10c/execute/async - {"script":"<script> [1562 bytes]","args":[{"selector":{"controlType":"sap.ui.core.Icon","viewName":"etm.portal.ui.managecatalogs.view.Detail","viewId":"application-managecatalogs-display-component---detailCatalog","properties":{"src":{"regex":{"source":"slim\\-arrow\\-right"}}},"ancestor":{"controlType":"sap.m.Panel","viewName":"etm.portal.ui.managecatalogs.view.Detail","viewId":"application-managecatalogs-display-component---detailCatalog"}},"wdio_ui5_key":"etmportal.ui.managecatalogs.view.Detailsap.ui.core.Icon{\"src\":{\"regex\":{\"source\":\"slim\\\\-arrow\\\\-right\"}}}{\"controlType\":\"sap.m.Panel\",\"viewName\":\"etm.portal.ui.managecatalogs.view.Detail\",\"viewId\":\"application-managecatalogs-display-component---detailCatalog\"}"}]}
COMMAND: GET /session/b41f127b71ced2e69bc7a594aec7d10c/screenshot - {}
RESULT: {"script":"<script> [1562 bytes]","args":[{"selector":{"controlType":"sap.ui.core.Icon","viewName":"etm.portal.ui.managecatalogs.view.Detail","viewId":"application-managecatalogs-display-component---detailCatalog","properties":{"src":{"regex":{"source":"slim\\-arrow\\-right"}}},"ancestor":{"controlType":"sap.m.Panel","viewName":"etm.portal.ui.managecatalogs.view.Detail","viewId":"application-managecatalogs-display-component---detailCatalog"}},"wdio_ui5_key":"etmportal.ui.managecatalogs.view.Detailsap.ui.core.Icon{\"src\":{\"regex\":{\"source\":\"slim\\\\-arrow\\\\-right\"}}}{\"controlType\":\"sap.m.Panel\",\"viewName\":\"etm.portal.ui.managecatalogs.view.Detail\",\"viewId\":\"application-managecatalogs-display-component---detailCatalog\"}"}]}
RESULT: undefined
COMMAND: POST /session/b41f127b71ced2e69bc7a594aec7d10c/element - {"using":"xpath","value":"//*[@id=\"__panel0-__layout17-0-expandButton-img\"]"}
RESULT: {}
RESULT: {"using":"xpath","value":"//*[@id=\"__panel0-__layout17-0-expandButton-img\"]"}
COMMAND: POST /session/b41f127b71ced2e69bc7a594aec7d10c/element/f.D13B392FFCFC625696F343F77B76D564.d.66A68BF65850D9A3BE0E19566BEBE0F8.e.8242/click - {}
RESULT: {}
COMMAND: POST /session/b41f127b71ced2e69bc7a594aec7d10c/execute/async - {"script":"<script> [1562 bytes]","args":[{"selector":{"controlType":"sap.ui.core.Icon","viewName":"etm.portal.ui.managecatalogs.view.Detail","viewId":"application-managecatalogs-display-component---detailCatalog","properties":{"src":{"regex":{"source":"slim\\-arrow\\-down"}}},"ancestor":{"controlType":"sap.m.ColumnListItem","viewName":"etm.portal.ui.managecatalogs.view.Detail","viewId":"application-managecatalogs-display-component---detailCatalog","bindingPath":{"modelName":"classModel","path":"/data/0/PROPERTIES/0"},"ancestor":{"controlType":"sap.m.Table","viewName":"etm.portal.ui.managecatalogs.view.Detail","viewId":"application-managecatalogs-display-component---detailCatalog","bindingPath":{"path":"/data/0","propertyPath":"PROPERTIES","modelName":"classModel"}}}},"wdio_ui5_key":"etmportal.ui.managecatalogs.view.Detailsap.ui.core.Icon{\"src\":{\"regex\":{\"source\":\"slim\\\\-arrow\\\\-down\"}}}{\"controlType\":\"sap.m.ColumnListItem\",\"viewName\":\"etm.portal.ui.managecatalogs.view.Detail\",\"viewId\":\"application-managecatalogs-display-component---detailCatalog\",\"bindingPath\":{\"modelName\":\"classModel\",\"path\":\"/data/0/PROPERTIES/0\"},\"ancestor\":{\"controlType\":\"sap.m.Table\",\"viewName\":\"etm.portal.ui.managecatalogs.view.Detail\",\"viewId\":\"application-managecatalogs-display-component---detailCatalog\",\"bindingPath\":{\"path\":\"/data/0\",\"propertyPath\":\"PROPERTIES\",\"modelName\":\"classModel\"}}}"}]}
COMMAND: GET /session/b41f127b71ced2e69bc7a594aec7d10c/screenshot - {}
RESULT: {"script":"<script> [1562 bytes]","args":[{"selector":{"controlType":"sap.ui.core.Icon","viewName":"etm.portal.ui.managecatalogs.view.Detail","viewId":"application-managecatalogs-display-component---detailCatalog","properties":{"src":{"regex":{"source":"slim\\-arrow\\-down"}}},"ancestor":{"controlType":"sap.m.ColumnListItem","viewName":"etm.portal.ui.managecatalogs.view.Detail","viewId":"application-managecatalogs-display-component---detailCatalog","bindingPath":{"modelName":"classModel","path":"/data/0/PROPERTIES/0"},"ancestor":{"controlType":"sap.m.Table","viewName":"etm.portal.ui.managecatalogs.view.Detail","viewId":"application-managecatalogs-display-component---detailCatalog","bindingPath":{"path":"/data/0","propertyPath":"PROPERTIES","modelName":"classModel"}}}},"wdio_ui5_key":"etmportal.ui.managecatalogs.view.Detailsap.ui.core.Icon{\"src\":{\"regex\":{\"source\":\"slim\\\\-arrow\\\\-down\"}}}{\"controlType\":\"sap.m.ColumnListItem\",\"viewName\":\"etm.portal.ui.managecatalogs.view.Detail\",\"viewId\":\"application-managecatalogs-display-component---detailCatalog\",\"bindingPath\":{\"modelName\":\"classModel\",\"path\":\"/data/0/PROPERTIES/0\"},\"ancestor\":{\"controlType\":\"sap.m.Table\",\"viewName\":\"etm.portal.ui.managecatalogs.view.Detail\",\"viewId\":\"application-managecatalogs-display-component---detailCatalog\",\"bindingPath\":{\"path\":\"/data/0\",\"propertyPath\":\"PROPERTIES\",\"modelName\":\"classModel\"}}}"}]}
RESULT: undefined
COMMAND: POST /session/b41f127b71ced2e69bc7a594aec7d10c/element - {"using":"xpath","value":"//*[@id=\"__box31-arrow\"]"}
RESULT: {}
RESULT: {"using":"xpath","value":"//*[@id=\"__box31-arrow\"]"}
COMMAND: POST /session/b41f127b71ced2e69bc7a594aec7d10c/element/f.D13B392FFCFC625696F343F77B76D564.d.66A68BF65850D9A3BE0E19566BEBE0F8.e.8255/click - {}
RESULT: {}
COMMAND: POST /session/b41f127b71ced2e69bc7a594aec7d10c/execute/async - {"script":"<script> [1562 bytes]","args":[{"selector":{"controlType":"sap.m.StandardListItem","viewName":"etm.portal.ui.managecatalogs.view.Detail","viewId":"application-managecatalogs-display-component---detailCatalog","properties":{"title":"red"},"searchOpenDialogs":true,"interaction":{"idSuffix":"content"}},"wdio_ui5_key":"etmportal.ui.managecatalogs.view.Detailsap.m.StandardListItem{\"title\":\"red\"}"}]}
COMMAND: GET /session/b41f127b71ced2e69bc7a594aec7d10c/screenshot - {}
RESULT: {"script":"<script> [1562 bytes]","args":[{"selector":{"controlType":"sap.m.StandardListItem","viewName":"etm.portal.ui.managecatalogs.view.Detail","viewId":"application-managecatalogs-display-component---detailCatalog","properties":{"title":"red"},"searchOpenDialogs":true,"interaction":{"idSuffix":"content"}},"wdio_ui5_key":"etmportal.ui.managecatalogs.view.Detailsap.m.StandardListItem{\"title\":\"red\"}"}]}
RESULT: undefined
COMMAND: POST /session/b41f127b71ced2e69bc7a594aec7d10c/element - {"using":"xpath","value":"//*[@id=\"__item226\"]"}
RESULT: {}
RESULT: {"using":"xpath","value":"//*[@id=\"__item226\"]"}
COMMAND: POST /session/b41f127b71ced2e69bc7a594aec7d10c/element/f.D13B392FFCFC625696F343F77B76D564.d.66A68BF65850D9A3BE0E19566BEBE0F8.e.8258/click - {}
RESULT: {}
COMMAND: GET /session/b41f127b71ced2e69bc7a594aec7d10c/screenshot - {}
RESULT: {}
COMMAND: POST /session/b41f127b71ced2e69bc7a594aec7d10c/execute/async - {"script":"<script> [1562 bytes]","args":[{"selector":{"controlType":"sap.m.Button","viewName":"etm.portal.ui.managecatalogs.view.Detail","viewId":"application-managecatalogs-display-component---detailCatalog","i18NText":{"propertyName":"text","key":"save"},"interaction":{"idSuffix":"BDI-content"}},"wdio_ui5_key":"etmportal.ui.managecatalogs.view.Detailsap.m.Button{\"propertyName\":\"text\",\"key\":\"save\"}"}]}
RESULT: {"script":"<script> [1562 bytes]","args":[{"selector":{"controlType":"sap.m.Button","viewName":"etm.portal.ui.managecatalogs.view.Detail","viewId":"application-managecatalogs-display-component---detailCatalog","i18NText":{"propertyName":"text","key":"save"},"interaction":{"idSuffix":"BDI-content"}},"wdio_ui5_key":"etmportal.ui.managecatalogs.view.Detailsap.m.Button{\"propertyName\":\"text\",\"key\":\"save\"}"}]}
RESULT: undefined
COMMAND: POST /session/b41f127b71ced2e69bc7a594aec7d10c/element - {"using":"xpath","value":"//*[@id=\"__button43\"]"}
RESULT: {"using":"xpath","value":"//*[@id=\"__button43\"]"}
COMMAND: POST /session/b41f127b71ced2e69bc7a594aec7d10c/element/f.D13B392FFCFC625696F343F77B76D564.d.66A68BF65850D9A3BE0E19566BEBE0F8.e.8182/click - {}
RESULT: {}
COMMAND: GET /session/b41f127b71ced2e69bc7a594aec7d10c/screenshot - {}
RESULT: {}
COMMAND: POST /session/b41f127b71ced2e69bc7a594aec7d10c/element - {"using":"css selector","value":"#shell-header-logo"}
RESULT: {"using":"css selector","value":"#shell-header-logo"}
COMMAND: POST /session/b41f127b71ced2e69bc7a594aec7d10c/element/f.D13B392FFCFC625696F343F77B76D564.d.66A68BF65850D9A3BE0E19566BEBE0F8.e.8016/click - {}
RESULT: {}
COMMAND: GET /session/b41f127b71ced2e69bc7a594aec7d10c/screenshot - {}
RESULT: {}
]]></system-out>
    </testcase>
    <testcase classname="chrome.135_0_7049_96.windows.Manage_requests_-_requests_specifications_US141095" name="Should create a new request and add the catalog item with the specifications" time="155.845">
      <system-out><![CDATA[
COMMAND: POST /session/b41f127b71ced2e69bc7a594aec7d10c/element - {"using":"xpath","value":"//*[contains(@href, 'etm.portal.ui.managerequests')]"}
RESULT: {"using":"xpath","value":"//*[contains(@href, 'etm.portal.ui.managerequests')]"}
COMMAND: POST /session/b41f127b71ced2e69bc7a594aec7d10c/element/f.D13B392FFCFC625696F343F77B76D564.d.66A68BF65850D9A3BE0E19566BEBE0F8.e.8286/click - {}
RESULT: {}
COMMAND: GET /session/b41f127b71ced2e69bc7a594aec7d10c/screenshot - {}
RESULT: {}
COMMAND: POST /session/b41f127b71ced2e69bc7a594aec7d10c/element - {"using":"xpath","value":"//button[contains(@data-kt ,\"btnCreateNewOverflowToolbarButton\")]"}
COMMAND: POST /session/b41f127b71ced2e69bc7a594aec7d10c/element - {"using":"xpath","value":"(//span[contains(@class ,\"sapMObjStatusText\")])[1]"}
RESULT: {"using":"xpath","value":"//button[contains(@data-kt ,\"btnCreateNewOverflowToolbarButton\")]"}
COMMAND: POST /session/b41f127b71ced2e69bc7a594aec7d10c/element/f.D13B392FFCFC625696F343F77B76D564.d.66A68BF65850D9A3BE0E19566BEBE0F8.e.8344/click - {}
RESULT: {"using":"xpath","value":"(//span[contains(@class ,\"sapMObjStatusText\")])[1]"}
COMMAND: POST /session/b41f127b71ced2e69bc7a594aec7d10c/execute/sync - {"script":"<script> [8489 bytes]","args":[{"element-6066-11e4-a52e-4f735466cecf":"f.D13B392FFCFC625696F343F77B76D564.d.66A68BF65850D9A3BE0E19566BEBE0F8.e.8384","ELEMENT":"f.D13B392FFCFC625696F343F77B76D564.d.66A68BF65850D9A3BE0E19566BEBE0F8.e.8384"}]}
RESULT: {}
COMMAND: GET /session/b41f127b71ced2e69bc7a594aec7d10c/screenshot - {}
RESULT: {"script":"<script> [8489 bytes]","args":[{"element-6066-11e4-a52e-4f735466cecf":"f.D13B392FFCFC625696F343F77B76D564.d.66A68BF65850D9A3BE0E19566BEBE0F8.e.8384","ELEMENT":"f.D13B392FFCFC625696F343F77B76D564.d.66A68BF65850D9A3BE0E19566BEBE0F8.e.8384"}]}
COMMAND: GET /session/b41f127b71ced2e69bc7a594aec7d10c/screenshot - {}
RESULT: {}
RESULT: {}
COMMAND: POST /session/b41f127b71ced2e69bc7a594aec7d10c/element - {"using":"xpath","value":"//input[contains(@id ,\"yardId-inner\")]"}
RESULT: {"using":"xpath","value":"//input[contains(@id ,\"yardId-inner\")]"}
COMMAND: POST /session/b41f127b71ced2e69bc7a594aec7d10c/execute/sync - {"script":"<script> [8489 bytes]","args":[{"element-6066-11e4-a52e-4f735466cecf":"f.D13B392FFCFC625696F343F77B76D564.d.66A68BF65850D9A3BE0E19566BEBE0F8.e.8590","ELEMENT":"f.D13B392FFCFC625696F343F77B76D564.d.66A68BF65850D9A3BE0E19566BEBE0F8.e.8590"}]}
RESULT: {"script":"<script> [8489 bytes]","args":[{"element-6066-11e4-a52e-4f735466cecf":"f.D13B392FFCFC625696F343F77B76D564.d.66A68BF65850D9A3BE0E19566BEBE0F8.e.8590","ELEMENT":"f.D13B392FFCFC625696F343F77B76D564.d.66A68BF65850D9A3BE0E19566BEBE0F8.e.8590"}]}
COMMAND: POST /session/b41f127b71ced2e69bc7a594aec7d10c/element - {"using":"xpath","value":"//input[contains(@id ,\"yardId-inner\")]"}
COMMAND: GET /session/b41f127b71ced2e69bc7a594aec7d10c/screenshot - {}
RESULT: {"using":"xpath","value":"//input[contains(@id ,\"yardId-inner\")]"}
COMMAND: GET /session/b41f127b71ced2e69bc7a594aec7d10c/element/f.D13B392FFCFC625696F343F77B76D564.d.66A68BF65850D9A3BE0E19566BEBE0F8.e.8590/enabled - {}
RESULT: {}
RESULT: {}
COMMAND: POST /session/b41f127b71ced2e69bc7a594aec7d10c/element/f.D13B392FFCFC625696F343F77B76D564.d.66A68BF65850D9A3BE0E19566BEBE0F8.e.8590/clear - {}
COMMAND: GET /session/b41f127b71ced2e69bc7a594aec7d10c/screenshot - {}
RESULT: {}
COMMAND: POST /session/b41f127b71ced2e69bc7a594aec7d10c/element/f.D13B392FFCFC625696F343F77B76D564.d.66A68BF65850D9A3BE0E19566BEBE0F8.e.8590/value - {"text":"WebdriverYardt3rf2"}
COMMAND: GET /session/b41f127b71ced2e69bc7a594aec7d10c/screenshot - {}
RESULT: {}
RESULT: {"text":"WebdriverYardt3rf2"}
COMMAND: GET /session/b41f127b71ced2e69bc7a594aec7d10c/screenshot - {}
RESULT: {}
RESULT: {}
COMMAND: POST /session/b41f127b71ced2e69bc7a594aec7d10c/element - {"using":"xpath","value":"//input[contains(@id ,\"customerNumber-inner\")]"}
RESULT: {"using":"xpath","value":"//input[contains(@id ,\"customerNumber-inner\")]"}
COMMAND: POST /session/b41f127b71ced2e69bc7a594aec7d10c/element/f.D13B392FFCFC625696F343F77B76D564.d.66A68BF65850D9A3BE0E19566BEBE0F8.e.8584/value - {"text":"WebdriverPartneran3aa"}
COMMAND: POST /session/b41f127b71ced2e69bc7a594aec7d10c/actions - {"actions":[{"id":"action51","type":"key","parameters":{},"actions":[{"type":"keyDown","value":"î€‡"},{"type":"pause","duration":10},{"type":"keyUp","value":"î€‡"}]}]}
RESULT: {"text":"WebdriverPartneran3aa"}
COMMAND: GET /session/b41f127b71ced2e69bc7a594aec7d10c/screenshot - {}
RESULT: {"actions":[{"id":"action51","type":"key","parameters":{},"actions":[{"type":"keyDown","value":"î€‡"},{"type":"pause","duration":10},{"type":"keyUp","value":"î€‡"}]}]}
COMMAND: GET /session/b41f127b71ced2e69bc7a594aec7d10c/screenshot - {}
RESULT: {}
RESULT: {}
COMMAND: POST /session/b41f127b71ced2e69bc7a594aec7d10c/actions - {"actions":[{"id":"action52","type":"key","parameters":{},"actions":[{"type":"keyDown","value":"î€‡"},{"type":"pause","duration":10},{"type":"keyUp","value":"î€‡"}]}]}
RESULT: {"actions":[{"id":"action52","type":"key","parameters":{},"actions":[{"type":"keyDown","value":"î€‡"},{"type":"pause","duration":10},{"type":"keyUp","value":"î€‡"}]}]}
COMMAND: GET /session/b41f127b71ced2e69bc7a594aec7d10c/screenshot - {}
RESULT: {}
COMMAND: POST /session/b41f127b71ced2e69bc7a594aec7d10c/element - {"using":"xpath","value":"//input[contains(@id ,\"requestSiteId-inner\")]"}
RESULT: {"using":"xpath","value":"//input[contains(@id ,\"requestSiteId-inner\")]"}
COMMAND: POST /session/b41f127b71ced2e69bc7a594aec7d10c/element/f.D13B392FFCFC625696F343F77B76D564.d.66A68BF65850D9A3BE0E19566BEBE0F8.e.8583/value - {"text":"WebdriverSitekjeun"}
RESULT: {"text":"WebdriverSitekjeun"}
COMMAND: GET /session/b41f127b71ced2e69bc7a594aec7d10c/screenshot - {}
RESULT: {}
COMMAND: POST /session/b41f127b71ced2e69bc7a594aec7d10c/actions - {"actions":[{"id":"action53","type":"key","parameters":{},"actions":[{"type":"keyDown","value":"î€‡"},{"type":"pause","duration":10},{"type":"keyUp","value":"î€‡"}]}]}
RESULT: {"actions":[{"id":"action53","type":"key","parameters":{},"actions":[{"type":"keyDown","value":"î€‡"},{"type":"pause","duration":10},{"type":"keyUp","value":"î€‡"}]}]}
COMMAND: POST /session/b41f127b71ced2e69bc7a594aec7d10c/execute/async - {"script":"<script> [1562 bytes]","args":[{"selector":{"controlType":"sap.ui.core.Icon","viewName":"etm.portal.ui.managerequests.view.NewRequest","properties":{"src":{"regex":{"source":"add"}}}},"wdio_ui5_key":"etmportal.ui.managerequests.view.NewRequestsap.ui.core.Icon{\"src\":{\"regex\":{\"source\":\"add\"}}}"}]}
COMMAND: GET /session/b41f127b71ced2e69bc7a594aec7d10c/screenshot - {}
RESULT: {"script":"<script> [1562 bytes]","args":[{"selector":{"controlType":"sap.ui.core.Icon","viewName":"etm.portal.ui.managerequests.view.NewRequest","properties":{"src":{"regex":{"source":"add"}}}},"wdio_ui5_key":"etmportal.ui.managerequests.view.NewRequestsap.ui.core.Icon{\"src\":{\"regex\":{\"source\":\"add\"}}}"}]}
RESULT: undefined
COMMAND: POST /session/b41f127b71ced2e69bc7a594aec7d10c/element - {"using":"xpath","value":"//*[@id=\"__xmlview59--btnAddTableRow-img\"]"}
RESULT: {}
RESULT: {"using":"xpath","value":"//*[@id=\"__xmlview59--btnAddTableRow-img\"]"}
COMMAND: POST /session/b41f127b71ced2e69bc7a594aec7d10c/element/f.D13B392FFCFC625696F343F77B76D564.d.66A68BF65850D9A3BE0E19566BEBE0F8.e.8564/click - {}
RESULT: {}
COMMAND: GET /session/b41f127b71ced2e69bc7a594aec7d10c/screenshot - {}
RESULT: {}
COMMAND: POST /session/b41f127b71ced2e69bc7a594aec7d10c/actions - {"actions":[{"id":"action54","type":"key","parameters":{},"actions":[{"type":"keyDown","value":"î€•"},{"type":"pause","duration":10},{"type":"keyUp","value":"î€•"}]}]}
RESULT: {"actions":[{"id":"action54","type":"key","parameters":{},"actions":[{"type":"keyDown","value":"î€•"},{"type":"pause","duration":10},{"type":"keyUp","value":"î€•"}]}]}
COMMAND: POST /session/b41f127b71ced2e69bc7a594aec7d10c/actions - {"actions":[{"id":"action55","type":"key","parameters":{},"actions":[{"type":"keyDown","value":"î€‡"},{"type":"pause","duration":10},{"type":"keyUp","value":"î€‡"}]}]}
COMMAND: GET /session/b41f127b71ced2e69bc7a594aec7d10c/screenshot - {}
RESULT: {"actions":[{"id":"action55","type":"key","parameters":{},"actions":[{"type":"keyDown","value":"î€‡"},{"type":"pause","duration":10},{"type":"keyUp","value":"î€‡"}]}]}
COMMAND: POST /session/b41f127b71ced2e69bc7a594aec7d10c/element - {"using":"xpath","value":"(//input[contains(@id ,\"requestItemsTable-0-inner\")])[1]"}
COMMAND: GET /session/b41f127b71ced2e69bc7a594aec7d10c/screenshot - {}
RESULT: {}
RESULT: {"using":"xpath","value":"(//input[contains(@id ,\"requestItemsTable-0-inner\")])[1]"}
COMMAND: POST /session/b41f127b71ced2e69bc7a594aec7d10c/element/f.D13B392FFCFC625696F343F77B76D564.d.66A68BF65850D9A3BE0E19566BEBE0F8.e.8760/clear - {}
RESULT: {}
RESULT: {}
COMMAND: POST /session/b41f127b71ced2e69bc7a594aec7d10c/element/f.D13B392FFCFC625696F343F77B76D564.d.66A68BF65850D9A3BE0E19566BEBE0F8.e.8760/value - {"text":"catalogItemNameaw4il"}
COMMAND: GET /session/b41f127b71ced2e69bc7a594aec7d10c/screenshot - {}
RESULT: {"text":"catalogItemNameaw4il"}
COMMAND: GET /session/b41f127b71ced2e69bc7a594aec7d10c/screenshot - {}
RESULT: {}
RESULT: {}
COMMAND: POST /session/b41f127b71ced2e69bc7a594aec7d10c/actions - {"actions":[{"id":"action56","type":"key","parameters":{},"actions":[{"type":"keyDown","value":"î€‡"},{"type":"pause","duration":10},{"type":"keyUp","value":"î€‡"}]}]}
RESULT: {"actions":[{"id":"action56","type":"key","parameters":{},"actions":[{"type":"keyDown","value":"î€‡"},{"type":"pause","duration":10},{"type":"keyUp","value":"î€‡"}]}]}
COMMAND: GET /session/b41f127b71ced2e69bc7a594aec7d10c/screenshot - {}
RESULT: {}
COMMAND: POST /session/b41f127b71ced2e69bc7a594aec7d10c/execute/async - {"script":"<script> [1562 bytes]","args":[{"selector":{"controlType":"sap.m.Button","viewName":"etm.portal.ui.managerequests.view.NewRequest","i18NText":{"propertyName":"text","key":"requestSpecifications"},"interaction":{"idSuffix":"BDI-content"}},"wdio_ui5_key":"etmportal.ui.managerequests.view.NewRequestsap.m.Button{\"propertyName\":\"text\",\"key\":\"requestSpecifications\"}"}]}
RESULT: {"script":"<script> [1562 bytes]","args":[{"selector":{"controlType":"sap.m.Button","viewName":"etm.portal.ui.managerequests.view.NewRequest","i18NText":{"propertyName":"text","key":"requestSpecifications"},"interaction":{"idSuffix":"BDI-content"}},"wdio_ui5_key":"etmportal.ui.managerequests.view.NewRequestsap.m.Button{\"propertyName\":\"text\",\"key\":\"requestSpecifications\"}"}]}
RESULT: undefined
COMMAND: POST /session/b41f127b71ced2e69bc7a594aec7d10c/element - {"using":"xpath","value":"//*[@id=\"__button78-__xmlview59--requestItemsTable-0\"]"}
RESULT: {"using":"xpath","value":"//*[@id=\"__button78-__xmlview59--requestItemsTable-0\"]"}
COMMAND: POST /session/b41f127b71ced2e69bc7a594aec7d10c/element/f.D13B392FFCFC625696F343F77B76D564.d.66A68BF65850D9A3BE0E19566BEBE0F8.e.8774/click - {}
RESULT: {}
COMMAND: GET /session/b41f127b71ced2e69bc7a594aec7d10c/screenshot - {}
RESULT: {}
COMMAND: POST /session/b41f127b71ced2e69bc7a594aec7d10c/element - {"using":"xpath","value":"//input[@value=\"red\"]"}
RESULT: {"using":"xpath","value":"//input[@value=\"red\"]"}
COMMAND: POST /session/b41f127b71ced2e69bc7a594aec7d10c/elements - {"using":"xpath","value":"//input[@value=\"red\"]"}
RESULT: {"using":"xpath","value":"//input[@value=\"red\"]"}
COMMAND: POST /session/b41f127b71ced2e69bc7a594aec7d10c/execute/async - {"script":"<script> [1562 bytes]","args":[{"selector":{"controlType":"sap.m.Text","viewName":"etm.portal.ui.managerequests.view.NewRequest","bindingPath":{"path":"/currentEntries/0/PROPERTIES/0","propertyPath":"DESCRIPTION","modelName":"techSpecsClassificationModel"},"searchOpenDialogs":true},"wdio_ui5_key":"etmportal.ui.managerequests.view.NewRequestsap.m.Text{\"path\":\"/currentEntries/0/PROPERTIES/0\",\"propertyPath\":\"DESCRIPTION\",\"modelName\":\"techSpecsClassificationModel\"}"}]}
RESULT: {"script":"<script> [1562 bytes]","args":[{"selector":{"controlType":"sap.m.Text","viewName":"etm.portal.ui.managerequests.view.NewRequest","bindingPath":{"path":"/currentEntries/0/PROPERTIES/0","propertyPath":"DESCRIPTION","modelName":"techSpecsClassificationModel"},"searchOpenDialogs":true},"wdio_ui5_key":"etmportal.ui.managerequests.view.NewRequestsap.m.Text{\"path\":\"/currentEntries/0/PROPERTIES/0\",\"propertyPath\":\"DESCRIPTION\",\"modelName\":\"techSpecsClassificationModel\"}"}]}
RESULT: undefined
COMMAND: POST /session/b41f127b71ced2e69bc7a594aec7d10c/execute/async - {"script":"<script> [6424 bytes]","args":[{"element-6066-11e4-a52e-4f735466cecf":"f.D13B392FFCFC625696F343F77B76D564.d.66A68BF65850D9A3BE0E19566BEBE0F8.e.8783"},"getText",[]]}
RESULT: {"script":"<script> [6424 bytes]","args":[{"element-6066-11e4-a52e-4f735466cecf":"f.D13B392FFCFC625696F343F77B76D564.d.66A68BF65850D9A3BE0E19566BEBE0F8.e.8783"},"getText",[]]}
COMMAND: POST /session/b41f127b71ced2e69bc7a594aec7d10c/execute/async - {"script":"<script> [1562 bytes]","args":[{"selector":{"controlType":"sap.ui.core.Icon","viewName":"etm.portal.ui.managerequests.view.NewRequest","properties":{"src":{"regex":{"source":"slim\\-arrow\\-down"}}},"searchOpenDialogs":true},"wdio_ui5_key":"etmportal.ui.managerequests.view.NewRequestsap.ui.core.Icon{\"src\":{\"regex\":{\"source\":\"slim\\\\-arrow\\\\-down\"}}}"}]}
RESULT: {"script":"<script> [1562 bytes]","args":[{"selector":{"controlType":"sap.ui.core.Icon","viewName":"etm.portal.ui.managerequests.view.NewRequest","properties":{"src":{"regex":{"source":"slim\\-arrow\\-down"}}},"searchOpenDialogs":true},"wdio_ui5_key":"etmportal.ui.managerequests.view.NewRequestsap.ui.core.Icon{\"src\":{\"regex\":{\"source\":\"slim\\\\-arrow\\\\-down\"}}}"}]}
RESULT: undefined
COMMAND: POST /session/b41f127b71ced2e69bc7a594aec7d10c/element - {"using":"xpath","value":"//*[@id=\"__box58-arrow\"]"}
RESULT: {"using":"xpath","value":"//*[@id=\"__box58-arrow\"]"}
COMMAND: POST /session/b41f127b71ced2e69bc7a594aec7d10c/element/f.D13B392FFCFC625696F343F77B76D564.d.66A68BF65850D9A3BE0E19566BEBE0F8.e.8784/click - {}
RESULT: {}
COMMAND: POST /session/b41f127b71ced2e69bc7a594aec7d10c/execute/async - {"script":"<script> [1562 bytes]","args":[{"selector":{"controlType":"sap.m.StandardListItem","viewName":"etm.portal.ui.managerequests.view.NewRequest","properties":{"title":"blue"},"searchOpenDialogs":true,"interaction":{"idSuffix":"content"}},"wdio_ui5_key":"etmportal.ui.managerequests.view.NewRequestsap.m.StandardListItem{\"title\":\"blue\"}"}]}
COMMAND: GET /session/b41f127b71ced2e69bc7a594aec7d10c/screenshot - {}
RESULT: {"script":"<script> [1562 bytes]","args":[{"selector":{"controlType":"sap.m.StandardListItem","viewName":"etm.portal.ui.managerequests.view.NewRequest","properties":{"title":"blue"},"searchOpenDialogs":true,"interaction":{"idSuffix":"content"}},"wdio_ui5_key":"etmportal.ui.managerequests.view.NewRequestsap.m.StandardListItem{\"title\":\"blue\"}"}]}
RESULT: undefined
COMMAND: POST /session/b41f127b71ced2e69bc7a594aec7d10c/element - {"using":"xpath","value":"//*[@id=\"__item1258\"]"}
RESULT: {}
RESULT: {"using":"xpath","value":"//*[@id=\"__item1258\"]"}
COMMAND: POST /session/b41f127b71ced2e69bc7a594aec7d10c/element/f.D13B392FFCFC625696F343F77B76D564.d.66A68BF65850D9A3BE0E19566BEBE0F8.e.8786/click - {}
RESULT: {}
COMMAND: GET /session/b41f127b71ced2e69bc7a594aec7d10c/screenshot - {}
RESULT: {}
COMMAND: POST /session/b41f127b71ced2e69bc7a594aec7d10c/execute/async - {"script":"<script> [1562 bytes]","args":[{"selector":{"id":"saveButton","viewName":"etm.portal.ui.managerequests.view.NewRequest","searchOpenDialogs":true,"interaction":{"idSuffix":"BDI-content"}},"wdio_ui5_key":"saveButtonetmportal.ui.managerequests.view.NewRequest"}]}
RESULT: {"script":"<script> [1562 bytes]","args":[{"selector":{"id":"saveButton","viewName":"etm.portal.ui.managerequests.view.NewRequest","searchOpenDialogs":true,"interaction":{"idSuffix":"BDI-content"}},"wdio_ui5_key":"saveButtonetmportal.ui.managerequests.view.NewRequest"}]}
RESULT: undefined
COMMAND: POST /session/b41f127b71ced2e69bc7a594aec7d10c/element - {"using":"xpath","value":"//*[@id=\"__xmlview59--saveButton\"]"}
RESULT: {"using":"xpath","value":"//*[@id=\"__xmlview59--saveButton\"]"}
COMMAND: POST /session/b41f127b71ced2e69bc7a594aec7d10c/element/f.D13B392FFCFC625696F343F77B76D564.d.66A68BF65850D9A3BE0E19566BEBE0F8.e.8780/click - {}
RESULT: {}
COMMAND: POST /session/b41f127b71ced2e69bc7a594aec7d10c/execute/async - {"script":"<script> [1562 bytes]","args":[{"selector":{"controlType":"sap.ui.core.Icon","viewName":"etm.portal.ui.managerequests.view.NewRequest","properties":{"src":{"regex":{"source":"slim\\-arrow\\-down"}}},"ancestor":{"controlType":"sap.m.Button","viewName":"etm.portal.ui.managerequests.view.NewRequest","properties":{"icon":"sap-icon://slim-arrow-down"}}},"wdio_ui5_key":"etmportal.ui.managerequests.view.NewRequestsap.ui.core.Icon{\"src\":{\"regex\":{\"source\":\"slim\\\\-arrow\\\\-down\"}}}{\"controlType\":\"sap.m.Button\",\"viewName\":\"etm.portal.ui.managerequests.view.NewRequest\",\"properties\":{\"icon\":\"sap-icon://slim-arrow-down\"}}"}]}
COMMAND: GET /session/b41f127b71ced2e69bc7a594aec7d10c/screenshot - {}
RESULT: {"script":"<script> [1562 bytes]","args":[{"selector":{"controlType":"sap.ui.core.Icon","viewName":"etm.portal.ui.managerequests.view.NewRequest","properties":{"src":{"regex":{"source":"slim\\-arrow\\-down"}}},"ancestor":{"controlType":"sap.m.Button","viewName":"etm.portal.ui.managerequests.view.NewRequest","properties":{"icon":"sap-icon://slim-arrow-down"}}},"wdio_ui5_key":"etmportal.ui.managerequests.view.NewRequestsap.ui.core.Icon{\"src\":{\"regex\":{\"source\":\"slim\\\\-arrow\\\\-down\"}}}{\"controlType\":\"sap.m.Button\",\"viewName\":\"etm.portal.ui.managerequests.view.NewRequest\",\"properties\":{\"icon\":\"sap-icon://slim-arrow-down\"}}"}]}
RESULT: undefined
RESULT: {}
COMMAND: POST /session/b41f127b71ced2e69bc7a594aec7d10c/element - {"using":"xpath","value":"//div[contains(@data-kt ,\"splitAllocationObjectStatus\")]"}
RESULT: {"using":"xpath","value":"//div[contains(@data-kt ,\"splitAllocationObjectStatus\")]"}
COMMAND: POST /session/b41f127b71ced2e69bc7a594aec7d10c/elements - {"using":"xpath","value":"//div[contains(@data-kt ,\"splitAllocationObjectStatus\")]"}
RESULT: {"using":"xpath","value":"//div[contains(@data-kt ,\"splitAllocationObjectStatus\")]"}
COMMAND: POST /session/b41f127b71ced2e69bc7a594aec7d10c/execute/async - {"script":"<script> [1562 bytes]","args":[{"selector":{"controlType":"sap.ui.core.Icon","viewName":"etm.portal.ui.managerequests.view.NewRequest","properties":{"src":{"regex":{"source":"message\\-error"}}}},"wdio_ui5_key":"etmportal.ui.managerequests.view.NewRequestsap.ui.core.Icon{\"src\":{\"regex\":{\"source\":\"message\\\\-error\"}}}"}]}
RESULT: {"script":"<script> [1562 bytes]","args":[{"selector":{"controlType":"sap.ui.core.Icon","viewName":"etm.portal.ui.managerequests.view.NewRequest","properties":{"src":{"regex":{"source":"message\\-error"}}}},"wdio_ui5_key":"etmportal.ui.managerequests.view.NewRequestsap.ui.core.Icon{\"src\":{\"regex\":{\"source\":\"message\\\\-error\"}}}"}]}
RESULT: undefined
COMMAND: POST /session/b41f127b71ced2e69bc7a594aec7d10c/element - {"using":"xpath","value":"//*[@id=\"__status4-__xmlview59--requestItemsTable-0-icon\"]"}
RESULT: {"using":"xpath","value":"//*[@id=\"__status4-__xmlview59--requestItemsTable-0-icon\"]"}
COMMAND: POST /session/b41f127b71ced2e69bc7a594aec7d10c/element/f.D13B392FFCFC625696F343F77B76D564.d.66A68BF65850D9A3BE0E19566BEBE0F8.e.8789/click - {}
RESULT: {}
COMMAND: POST /session/b41f127b71ced2e69bc7a594aec7d10c/execute/async - {"script":"<script> [1562 bytes]","args":[{"selector":{"controlType":"sap.ui.core.Icon","viewName":"etm.portal.ui.managerequests.view.NewRequest","properties":{"src":{"regex":{"source":"slim\\-arrow\\-down"}}},"searchOpenDialogs":true,"ancestor":{"id":"costObjectAdminTypeComboBox","viewName":"etm.portal.ui.managerequests.view.NewRequest","searchOpenDialogs":true}},"wdio_ui5_key":"etmportal.ui.managerequests.view.NewRequestsap.ui.core.Icon{\"src\":{\"regex\":{\"source\":\"slim\\\\-arrow\\\\-down\"}}}{\"id\":\"costObjectAdminTypeComboBox\",\"viewName\":\"etm.portal.ui.managerequests.view.NewRequest\",\"searchOpenDialogs\":true}"}]}
COMMAND: GET /session/b41f127b71ced2e69bc7a594aec7d10c/screenshot - {}
RESULT: {}
RESULT: {"script":"<script> [1562 bytes]","args":[{"selector":{"controlType":"sap.ui.core.Icon","viewName":"etm.portal.ui.managerequests.view.NewRequest","properties":{"src":{"regex":{"source":"slim\\-arrow\\-down"}}},"searchOpenDialogs":true,"ancestor":{"id":"costObjectAdminTypeComboBox","viewName":"etm.portal.ui.managerequests.view.NewRequest","searchOpenDialogs":true}},"wdio_ui5_key":"etmportal.ui.managerequests.view.NewRequestsap.ui.core.Icon{\"src\":{\"regex\":{\"source\":\"slim\\\\-arrow\\\\-down\"}}}{\"id\":\"costObjectAdminTypeComboBox\",\"viewName\":\"etm.portal.ui.managerequests.view.NewRequest\",\"searchOpenDialogs\":true}"}]}
RESULT: undefined
COMMAND: POST /session/b41f127b71ced2e69bc7a594aec7d10c/element - {"using":"xpath","value":"//*[@id=\"__xmlview59--costObjectAdminTypeComboBox-arrow\"]"}
RESULT: {"using":"xpath","value":"//*[@id=\"__xmlview59--costObjectAdminTypeComboBox-arrow\"]"}
COMMAND: POST /session/b41f127b71ced2e69bc7a594aec7d10c/element/f.D13B392FFCFC625696F343F77B76D564.d.66A68BF65850D9A3BE0E19566BEBE0F8.e.8794/click - {}
RESULT: {}
COMMAND: POST /session/b41f127b71ced2e69bc7a594aec7d10c/execute/async - {"script":"<script> [1562 bytes]","args":[{"selector":{"controlType":"sap.m.StandardListItem","viewName":"etm.portal.ui.managerequests.view.NewRequest","properties":{"title":"Cost Center"},"searchOpenDialogs":true,"interaction":{"idSuffix":"titleText"}},"wdio_ui5_key":"etmportal.ui.managerequests.view.NewRequestsap.m.StandardListItem{\"title\":\"Cost Center\"}"}]}
COMMAND: GET /session/b41f127b71ced2e69bc7a594aec7d10c/screenshot - {}
RESULT: {"script":"<script> [1562 bytes]","args":[{"selector":{"controlType":"sap.m.StandardListItem","viewName":"etm.portal.ui.managerequests.view.NewRequest","properties":{"title":"Cost Center"},"searchOpenDialogs":true,"interaction":{"idSuffix":"titleText"}},"wdio_ui5_key":"etmportal.ui.managerequests.view.NewRequestsap.m.StandardListItem{\"title\":\"Cost Center\"}"}]}
RESULT: undefined
COMMAND: POST /session/b41f127b71ced2e69bc7a594aec7d10c/element - {"using":"xpath","value":"//*[@id=\"__item1261\"]"}
RESULT: {}
RESULT: {"using":"xpath","value":"//*[@id=\"__item1261\"]"}
COMMAND: POST /session/b41f127b71ced2e69bc7a594aec7d10c/element/f.D13B392FFCFC625696F343F77B76D564.d.66A68BF65850D9A3BE0E19566BEBE0F8.e.8796/click - {}
RESULT: {}
COMMAND: GET /session/b41f127b71ced2e69bc7a594aec7d10c/screenshot - {}
RESULT: {}
COMMAND: POST /session/b41f127b71ced2e69bc7a594aec7d10c/execute/async - {"script":"<script> [1562 bytes]","args":[{"selector":{"controlType":"sap.ui.core.Icon","viewName":"etm.portal.ui.managerequests.view.NewRequest","properties":{"src":{"regex":{"source":"value\\-help"}}},"searchOpenDialogs":true},"wdio_ui5_key":"etmportal.ui.managerequests.view.NewRequestsap.ui.core.Icon{\"src\":{\"regex\":{\"source\":\"value\\\\-help\"}}}"}]}
RESULT: {"script":"<script> [1562 bytes]","args":[{"selector":{"controlType":"sap.ui.core.Icon","viewName":"etm.portal.ui.managerequests.view.NewRequest","properties":{"src":{"regex":{"source":"value\\-help"}}},"searchOpenDialogs":true},"wdio_ui5_key":"etmportal.ui.managerequests.view.NewRequestsap.ui.core.Icon{\"src\":{\"regex\":{\"source\":\"value\\\\-help\"}}}"}]}
RESULT: undefined
COMMAND: POST /session/b41f127b71ced2e69bc7a594aec7d10c/element - {"using":"xpath","value":"//*[@id=\"__xmlview59--costObjectIdComboBox-vhi\"]"}
RESULT: {"using":"xpath","value":"//*[@id=\"__xmlview59--costObjectIdComboBox-vhi\"]"}
COMMAND: POST /session/b41f127b71ced2e69bc7a594aec7d10c/element/f.D13B392FFCFC625696F343F77B76D564.d.66A68BF65850D9A3BE0E19566BEBE0F8.e.8804/click - {}
RESULT: {}
COMMAND: POST /session/b41f127b71ced2e69bc7a594aec7d10c/execute/async - {"script":"<script> [1562 bytes]","args":[{"selector":{"controlType":"sap.m.SearchField","properties":{"placeholder":"Search"},"searchOpenDialogs":true,"interaction":{"idSuffix":"I"}},"wdio_ui5_key":"sapm.SearchField{\"placeholder\":\"Search\"}"}]}
COMMAND: GET /session/b41f127b71ced2e69bc7a594aec7d10c/screenshot - {}
RESULT: {"script":"<script> [1562 bytes]","args":[{"selector":{"controlType":"sap.m.SearchField","properties":{"placeholder":"Search"},"searchOpenDialogs":true,"interaction":{"idSuffix":"I"}},"wdio_ui5_key":"sapm.SearchField{\"placeholder\":\"Search\"}"}]}
RESULT: undefined
COMMAND: POST /session/b41f127b71ced2e69bc7a594aec7d10c/execute/async - {"script":"<script> [776 bytes]","args":[{"enterText":"10001010","selector":{"controlType":"sap.m.SearchField","properties":{"placeholder":"Search"},"searchOpenDialogs":true,"interaction":{"idSuffix":"I"}},"clearTextFirst":true,"interactionType":"ENTER_TEXT"}]}
RESULT: {}
RESULT: {"script":"<script> [776 bytes]","args":[{"enterText":"10001010","selector":{"controlType":"sap.m.SearchField","properties":{"placeholder":"Search"},"searchOpenDialogs":true,"interaction":{"idSuffix":"I"}},"clearTextFirst":true,"interactionType":"ENTER_TEXT"}]}
COMMAND: POST /session/b41f127b71ced2e69bc7a594aec7d10c/actions - {"actions":[{"id":"action57","type":"key","parameters":{},"actions":[{"type":"keyDown","value":"î€‡"},{"type":"pause","duration":10},{"type":"keyUp","value":"î€‡"}]}]}
RESULT: {"actions":[{"id":"action57","type":"key","parameters":{},"actions":[{"type":"keyDown","value":"î€‡"},{"type":"pause","duration":10},{"type":"keyUp","value":"î€‡"}]}]}
COMMAND: GET /session/b41f127b71ced2e69bc7a594aec7d10c/screenshot - {}
RESULT: {}
COMMAND: POST /session/b41f127b71ced2e69bc7a594aec7d10c/execute/async - {"script":"<script> [1562 bytes]","args":[{"selector":{"controlType":"sap.m.Text","bindingPath":{"path":"/C_CostCtrValueHelp(CostCenter='10001010',ControllingArea='Z001')","propertyPath":"CostCenterName","modelName":"CostCenterModel"},"searchOpenDialogs":true},"wdio_ui5_key":"sapm.Text{\"path\":\"/C_CostCtrValueHelp(CostCenter='10001010',ControllingArea='Z001')\",\"propertyPath\":\"CostCenterName\",\"modelName\":\"CostCenterModel\"}"}]}
RESULT: {"script":"<script> [1562 bytes]","args":[{"selector":{"controlType":"sap.m.Text","bindingPath":{"path":"/C_CostCtrValueHelp(CostCenter='10001010',ControllingArea='Z001')","propertyPath":"CostCenterName","modelName":"CostCenterModel"},"searchOpenDialogs":true},"wdio_ui5_key":"sapm.Text{\"path\":\"/C_CostCtrValueHelp(CostCenter='10001010',ControllingArea='Z001')\",\"propertyPath\":\"CostCenterName\",\"modelName\":\"CostCenterModel\"}"}]}
RESULT: undefined
COMMAND: POST /session/b41f127b71ced2e69bc7a594aec7d10c/element - {"using":"xpath","value":"//*[@id=\"__text550-__clone1482\"]"}
RESULT: {"using":"xpath","value":"//*[@id=\"__text550-__clone1482\"]"}
COMMAND: POST /session/b41f127b71ced2e69bc7a594aec7d10c/element/f.D13B392FFCFC625696F343F77B76D564.d.66A68BF65850D9A3BE0E19566BEBE0F8.e.8844/click - {}
RESULT: {}
COMMAND: POST /session/b41f127b71ced2e69bc7a594aec7d10c/execute/async - {"script":"<script> [1562 bytes]","args":[{"selector":{"controlType":"sap.m.Button","properties":{"text":"OK"},"searchOpenDialogs":true,"interaction":{"idSuffix":"BDI-content"}},"wdio_ui5_key":"sapm.Button{\"text\":\"OK\"}"}]}
COMMAND: GET /session/b41f127b71ced2e69bc7a594aec7d10c/screenshot - {}
RESULT: {"script":"<script> [1562 bytes]","args":[{"selector":{"controlType":"sap.m.Button","properties":{"text":"OK"},"searchOpenDialogs":true,"interaction":{"idSuffix":"BDI-content"}},"wdio_ui5_key":"sapm.Button{\"text\":\"OK\"}"}]}
RESULT: undefined
COMMAND: POST /session/b41f127b71ced2e69bc7a594aec7d10c/element - {"using":"xpath","value":"//*[@id=\"__dialog2-ok\"]"}
RESULT: {}
RESULT: {"using":"xpath","value":"//*[@id=\"__dialog2-ok\"]"}
COMMAND: POST /session/b41f127b71ced2e69bc7a594aec7d10c/element/f.D13B392FFCFC625696F343F77B76D564.d.66A68BF65850D9A3BE0E19566BEBE0F8.e.8846/click - {}
RESULT: {}
COMMAND: GET /session/b41f127b71ced2e69bc7a594aec7d10c/screenshot - {}
RESULT: {}
COMMAND: POST /session/b41f127b71ced2e69bc7a594aec7d10c/execute/async - {"script":"<script> [1562 bytes]","args":[{"selector":{"controlType":"sap.m.Button","viewName":"etm.portal.ui.managerequests.view.NewRequest","i18NText":{"propertyName":"text","key":"save"},"searchOpenDialogs":true,"interaction":{"idSuffix":"BDI-content"}},"wdio_ui5_key":"etmportal.ui.managerequests.view.NewRequestsap.m.Button{\"propertyName\":\"text\",\"key\":\"save\"}"}]}
RESULT: {"script":"<script> [1562 bytes]","args":[{"selector":{"controlType":"sap.m.Button","viewName":"etm.portal.ui.managerequests.view.NewRequest","i18NText":{"propertyName":"text","key":"save"},"searchOpenDialogs":true,"interaction":{"idSuffix":"BDI-content"}},"wdio_ui5_key":"etmportal.ui.managerequests.view.NewRequestsap.m.Button{\"propertyName\":\"text\",\"key\":\"save\"}"}]}
RESULT: undefined
COMMAND: POST /session/b41f127b71ced2e69bc7a594aec7d10c/element - {"using":"xpath","value":"//*[@id=\"__button91\"]"}
RESULT: {"using":"xpath","value":"//*[@id=\"__button91\"]"}
COMMAND: POST /session/b41f127b71ced2e69bc7a594aec7d10c/element/f.D13B392FFCFC625696F343F77B76D564.d.66A68BF65850D9A3BE0E19566BEBE0F8.e.8850/click - {}
RESULT: {}
COMMAND: GET /session/b41f127b71ced2e69bc7a594aec7d10c/screenshot - {}
RESULT: {}
COMMAND: POST /session/b41f127b71ced2e69bc7a594aec7d10c/execute/async - {"script":"<script> [1562 bytes]","args":[{"selector":{"controlType":"sap.m.Button","viewName":"etm.portal.ui.managerequests.view.NewRequest","i18NText":{"propertyName":"tooltip","key":"save"},"interaction":{"idSuffix":"content"}},"wdio_ui5_key":"etmportal.ui.managerequests.view.NewRequestsap.m.Button{\"propertyName\":\"tooltip\",\"key\":\"save\"}"}]}
RESULT: {"script":"<script> [1562 bytes]","args":[{"selector":{"controlType":"sap.m.Button","viewName":"etm.portal.ui.managerequests.view.NewRequest","i18NText":{"propertyName":"tooltip","key":"save"},"interaction":{"idSuffix":"content"}},"wdio_ui5_key":"etmportal.ui.managerequests.view.NewRequestsap.m.Button{\"propertyName\":\"tooltip\",\"key\":\"save\"}"}]}
RESULT: undefined
COMMAND: POST /session/b41f127b71ced2e69bc7a594aec7d10c/element - {"using":"xpath","value":"//*[@id=\"__button80\"]"}
RESULT: {"using":"xpath","value":"//*[@id=\"__button80\"]"}
COMMAND: POST /session/b41f127b71ced2e69bc7a594aec7d10c/element/f.D13B392FFCFC625696F343F77B76D564.d.66A68BF65850D9A3BE0E19566BEBE0F8.e.8637/click - {}
RESULT: {}
COMMAND: GET /session/b41f127b71ced2e69bc7a594aec7d10c/screenshot - {}
RESULT: {}
COMMAND: POST /session/b41f127b71ced2e69bc7a594aec7d10c/execute/async - {"script":"<script> [1562 bytes]","args":[{"selector":{"controlType":"sap.m.Title","properties":{"text":"Success"},"searchOpenDialogs":true},"wdio_ui5_key":"sapm.Title{\"text\":\"Success\"}"}]}
RESULT: {"script":"<script> [1562 bytes]","args":[{"selector":{"controlType":"sap.m.Title","properties":{"text":"Success"},"searchOpenDialogs":true},"wdio_ui5_key":"sapm.Title{\"text\":\"Success\"}"}]}
RESULT: undefined
COMMAND: POST /session/b41f127b71ced2e69bc7a594aec7d10c/execute/async - {"script":"<script> [6424 bytes]","args":[{"element-6066-11e4-a52e-4f735466cecf":"f.D13B392FFCFC625696F343F77B76D564.d.66A68BF65850D9A3BE0E19566BEBE0F8.e.8855"},"getText",[]]}
RESULT: {"script":"<script> [6424 bytes]","args":[{"element-6066-11e4-a52e-4f735466cecf":"f.D13B392FFCFC625696F343F77B76D564.d.66A68BF65850D9A3BE0E19566BEBE0F8.e.8855"},"getText",[]]}
COMMAND: POST /session/b41f127b71ced2e69bc7a594aec7d10c/execute/async - {"script":"<script> [1562 bytes]","args":[{"selector":{"controlType":"sap.m.Button","properties":{"text":"Close"},"searchOpenDialogs":true,"interaction":{"idSuffix":"BDI-content"}},"wdio_ui5_key":"sapm.Button{\"text\":\"Close\"}"}]}
RESULT: {"script":"<script> [1562 bytes]","args":[{"selector":{"controlType":"sap.m.Button","properties":{"text":"Close"},"searchOpenDialogs":true,"interaction":{"idSuffix":"BDI-content"}},"wdio_ui5_key":"sapm.Button{\"text\":\"Close\"}"}]}
RESULT: undefined
COMMAND: POST /session/b41f127b71ced2e69bc7a594aec7d10c/element - {"using":"xpath","value":"//*[@id=\"__mbox-btn-0\"]"}
RESULT: {"using":"xpath","value":"//*[@id=\"__mbox-btn-0\"]"}
COMMAND: POST /session/b41f127b71ced2e69bc7a594aec7d10c/element/f.D13B392FFCFC625696F343F77B76D564.d.66A68BF65850D9A3BE0E19566BEBE0F8.e.8854/click - {}
RESULT: {}
COMMAND: GET /session/b41f127b71ced2e69bc7a594aec7d10c/screenshot - {}
RESULT: {}
COMMAND: POST /session/b41f127b71ced2e69bc7a594aec7d10c/execute/async - {"script":"<script> [1562 bytes]","args":[{"selector":{"controlType":"sap.m.Button","viewName":"etm.portal.ui.managerequests.view.Detail","i18NText":{"propertyName":"text","key":"requestSpecifications"},"interaction":{"idSuffix":"BDI-content"}},"wdio_ui5_key":"etmportal.ui.managerequests.view.Detailsap.m.Button{\"propertyName\":\"text\",\"key\":\"requestSpecifications\"}"}]}
RESULT: {"script":"<script> [1562 bytes]","args":[{"selector":{"controlType":"sap.m.Button","viewName":"etm.portal.ui.managerequests.view.Detail","i18NText":{"propertyName":"text","key":"requestSpecifications"},"interaction":{"idSuffix":"BDI-content"}},"wdio_ui5_key":"etmportal.ui.managerequests.view.Detailsap.m.Button{\"propertyName\":\"text\",\"key\":\"requestSpecifications\"}"}]}
RESULT: undefined
COMMAND: POST /session/b41f127b71ced2e69bc7a594aec7d10c/element - {"using":"xpath","value":"//*[@id=\"__button107-__clone1521\"]"}
RESULT: {"using":"xpath","value":"//*[@id=\"__button107-__clone1521\"]"}
COMMAND: POST /session/b41f127b71ced2e69bc7a594aec7d10c/element/f.D13B392FFCFC625696F343F77B76D564.d.66A68BF65850D9A3BE0E19566BEBE0F8.e.8973/click - {}
RESULT: {}
COMMAND: GET /session/b41f127b71ced2e69bc7a594aec7d10c/screenshot - {}
RESULT: {}
COMMAND: POST /session/b41f127b71ced2e69bc7a594aec7d10c/element - {"using":"xpath","value":"//input[@value=\"blue\"]"}
RESULT: {"using":"xpath","value":"//input[@value=\"blue\"]"}
COMMAND: POST /session/b41f127b71ced2e69bc7a594aec7d10c/elements - {"using":"xpath","value":"//input[@value=\"blue\"]"}
RESULT: {"using":"xpath","value":"//input[@value=\"blue\"]"}
COMMAND: POST /session/b41f127b71ced2e69bc7a594aec7d10c/execute/async - {"script":"<script> [1562 bytes]","args":[{"selector":{"id":"cancelRequestSpecificationsButton","viewName":"etm.portal.ui.managerequests.view.Detail","searchOpenDialogs":true,"interaction":{"idSuffix":"BDI-content"}},"wdio_ui5_key":"cancelRequestSpecificationsButtonetmportal.ui.managerequests.view.Detail"}]}
RESULT: {"script":"<script> [1562 bytes]","args":[{"selector":{"id":"cancelRequestSpecificationsButton","viewName":"etm.portal.ui.managerequests.view.Detail","searchOpenDialogs":true,"interaction":{"idSuffix":"BDI-content"}},"wdio_ui5_key":"cancelRequestSpecificationsButtonetmportal.ui.managerequests.view.Detail"}]}
RESULT: undefined
COMMAND: POST /session/b41f127b71ced2e69bc7a594aec7d10c/element - {"using":"xpath","value":"//*[@id=\"__xmlview60--cancelRequestSpecificationsButton\"]"}
RESULT: {"using":"xpath","value":"//*[@id=\"__xmlview60--cancelRequestSpecificationsButton\"]"}
COMMAND: POST /session/b41f127b71ced2e69bc7a594aec7d10c/element/f.D13B392FFCFC625696F343F77B76D564.d.66A68BF65850D9A3BE0E19566BEBE0F8.e.8986/click - {}
RESULT: {}
COMMAND: POST /session/b41f127b71ced2e69bc7a594aec7d10c/element - {"using":"css selector","value":"#shell-header-logo"}
COMMAND: GET /session/b41f127b71ced2e69bc7a594aec7d10c/screenshot - {}
RESULT: {"using":"css selector","value":"#shell-header-logo"}
COMMAND: POST /session/b41f127b71ced2e69bc7a594aec7d10c/element/f.D13B392FFCFC625696F343F77B76D564.d.66A68BF65850D9A3BE0E19566BEBE0F8.e.8291/click - {}
RESULT: {}
RESULT: {}
COMMAND: GET /session/b41f127b71ced2e69bc7a594aec7d10c/screenshot - {}
RESULT: {}
]]></system-out>
    </testcase>
  </testsuite>
  <testsuite timestamp="2025-05-02T16:08:16" time="351.507" tests="3" failures="0" errors="0" skipped="0">
    <properties>
      <property name="specId" value="0" />
      <property name="suiteName" value="Reserve/Unreserve request item via reserve option US139161" />
      <property name="capabilities" value="chrome.135_0_7049_96.windows" />
      <property name="file" value="file:///D:/a/1/s/test/specs/R2C/reserve-unreserve-request-item-via-reserve-option.spec.js" />
    </properties>
    <testcase classname="chrome.135_0_7049_96.windows.Reserve/Unreserve_request_item_via_reserve_option_US139161" name="Should add the material to the catalog item" time="84.646">
      <system-out><![CDATA[
COMMAND: POST /session/b41f127b71ced2e69bc7a594aec7d10c/element - {"using":"xpath","value":"//*[contains(@href, 'etm.portal.ui.managecatalogs')]"}
RESULT: {"using":"xpath","value":"//*[contains(@href, 'etm.portal.ui.managecatalogs')]"}
COMMAND: POST /session/b41f127b71ced2e69bc7a594aec7d10c/element/f.D13B392FFCFC625696F343F77B76D564.d.66A68BF65850D9A3BE0E19566BEBE0F8.e.8993/click - {}
RESULT: {}
COMMAND: GET /session/b41f127b71ced2e69bc7a594aec7d10c/screenshot - {}
RESULT: {}
COMMAND: POST /session/b41f127b71ced2e69bc7a594aec7d10c/execute/async - {"script":"<script> [1562 bytes]","args":[{"selector":{"controlType":"sap.m.Text","viewName":"etm.portal.ui.managecatalogs.view.MasterCatalogs","viewId":"application-managecatalogs-display-component---masterCatalogs","bindingPath":{"path":"/Catalogs('0D7502D073D53A0F1700BE067B89AFF9')","propertyPath":"DESCRIPTION","modelName":"catalogModel"}},"wdio_ui5_key":"etmportal.ui.managecatalogs.view.MasterCatalogssap.m.Text{\"path\":\"/Catalogs('0D7502D073D53A0F1700BE067B89AFF9')\",\"propertyPath\":\"DESCRIPTION\",\"modelName\":\"catalogModel\"}"}]}
RESULT: {"script":"<script> [1562 bytes]","args":[{"selector":{"controlType":"sap.m.Text","viewName":"etm.portal.ui.managecatalogs.view.MasterCatalogs","viewId":"application-managecatalogs-display-component---masterCatalogs","bindingPath":{"path":"/Catalogs('0D7502D073D53A0F1700BE067B89AFF9')","propertyPath":"DESCRIPTION","modelName":"catalogModel"}},"wdio_ui5_key":"etmportal.ui.managecatalogs.view.MasterCatalogssap.m.Text{\"path\":\"/Catalogs('0D7502D073D53A0F1700BE067B89AFF9')\",\"propertyPath\":\"DESCRIPTION\",\"modelName\":\"catalogModel\"}"}]}
RESULT: undefined
COMMAND: POST /session/b41f127b71ced2e69bc7a594aec7d10c/element - {"using":"xpath","value":"//*[@id=\"__text685-application-managecatalogs-display-component---masterCatalogs--CatalogsTable-11\"]"}
RESULT: {"using":"xpath","value":"//*[@id=\"__text685-application-managecatalogs-display-component---masterCatalogs--CatalogsTable-11\"]"}
COMMAND: POST /session/b41f127b71ced2e69bc7a594aec7d10c/element/f.D13B392FFCFC625696F343F77B76D564.d.66A68BF65850D9A3BE0E19566BEBE0F8.e.9063/click - {}
RESULT: {}
RESULT: undefined
COMMAND: POST /session/b41f127b71ced2e69bc7a594aec7d10c/execute/async - {"script":"<script> [776 bytes]","args":[{"enterText":"catalogItemh7w23","selector":{"id":"application-managecatalogs-display-component---masterCatalogItems--searchItemsField","interaction":{"idSuffix":"I"}},"clearTextFirst":true,"interactionType":"ENTER_TEXT"}]}
COMMAND: GET /session/b41f127b71ced2e69bc7a594aec7d10c/screenshot - {}
RESULT: {"script":"<script> [776 bytes]","args":[{"enterText":"catalogItemh7w23","selector":{"id":"application-managecatalogs-display-component---masterCatalogItems--searchItemsField","interaction":{"idSuffix":"I"}},"clearTextFirst":true,"interactionType":"ENTER_TEXT"}]}
COMMAND: POST /session/b41f127b71ced2e69bc7a594aec7d10c/actions - {"actions":[{"id":"action58","type":"key","parameters":{},"actions":[{"type":"keyDown","value":"î€‡"},{"type":"pause","duration":10},{"type":"keyUp","value":"î€‡"}]}]}
RESULT: {}
RESULT: {"actions":[{"id":"action58","type":"key","parameters":{},"actions":[{"type":"keyDown","value":"î€‡"},{"type":"pause","duration":10},{"type":"keyUp","value":"î€‡"}]}]}
COMMAND: POST /session/b41f127b71ced2e69bc7a594aec7d10c/element - {"using":"xpath","value":"(//span[contains(text(), \"catalogItemh7w23\")])[1]"}
COMMAND: GET /session/b41f127b71ced2e69bc7a594aec7d10c/screenshot - {}
RESULT: {"using":"xpath","value":"(//span[contains(text(), \"catalogItemh7w23\")])[1]"}
COMMAND: POST /session/b41f127b71ced2e69bc7a594aec7d10c/element/f.D13B392FFCFC625696F343F77B76D564.d.66A68BF65850D9A3BE0E19566BEBE0F8.e.9102/click - {}
RESULT: {}
RESULT: {}
COMMAND: GET /session/b41f127b71ced2e69bc7a594aec7d10c/screenshot - {}
RESULT: {}
COMMAND: POST /session/b41f127b71ced2e69bc7a594aec7d10c/element - {"using":"xpath","value":"//*[contains(@id ,\"BDI-content\")][contains(text(), \"Edit\")]"}
RESULT: {"using":"xpath","value":"//*[contains(@id ,\"BDI-content\")][contains(text(), \"Edit\")]"}
COMMAND: POST /session/b41f127b71ced2e69bc7a594aec7d10c/element/f.D13B392FFCFC625696F343F77B76D564.d.66A68BF65850D9A3BE0E19566BEBE0F8.e.9181/click - {}
RESULT: {}
COMMAND: GET /session/b41f127b71ced2e69bc7a594aec7d10c/screenshot - {}
RESULT: {}
COMMAND: POST /session/b41f127b71ced2e69bc7a594aec7d10c/element - {"using":"xpath","value":"//bdi[contains(text(), \"Assigned Resources\")]"}
RESULT: {"using":"xpath","value":"//bdi[contains(text(), \"Assigned Resources\")]"}
COMMAND: POST /session/b41f127b71ced2e69bc7a594aec7d10c/element/f.D13B392FFCFC625696F343F77B76D564.d.66A68BF65850D9A3BE0E19566BEBE0F8.e.9205/click - {}
RESULT: {}
COMMAND: GET /session/b41f127b71ced2e69bc7a594aec7d10c/screenshot - {}
RESULT: {}
COMMAND: POST /session/b41f127b71ced2e69bc7a594aec7d10c/element - {"using":"xpath","value":"//button[contains(@data-kt ,\"catalogItemAssignRuButton\")]"}
RESULT: {"using":"xpath","value":"//button[contains(@data-kt ,\"catalogItemAssignRuButton\")]"}
COMMAND: POST /session/b41f127b71ced2e69bc7a594aec7d10c/element/f.D13B392FFCFC625696F343F77B76D564.d.66A68BF65850D9A3BE0E19566BEBE0F8.e.9213/click - {}
RESULT: {}
COMMAND: GET /session/b41f127b71ced2e69bc7a594aec7d10c/screenshot - {}
RESULT: {}
COMMAND: POST /session/b41f127b71ced2e69bc7a594aec7d10c/actions - {"actions":[{"id":"action59","type":"key","parameters":{},"actions":[{"type":"keyDown","value":"î€‡"},{"type":"pause","duration":10},{"type":"keyUp","value":"î€‡"}]}]}
RESULT: {"actions":[{"id":"action59","type":"key","parameters":{},"actions":[{"type":"keyDown","value":"î€‡"},{"type":"pause","duration":10},{"type":"keyUp","value":"î€‡"}]}]}
COMMAND: GET /session/b41f127b71ced2e69bc7a594aec7d10c/screenshot - {}
RESULT: {}
COMMAND: POST /session/b41f127b71ced2e69bc7a594aec7d10c/execute/async - {"script":"<script> [1562 bytes]","args":[{"selector":{"id":"application-managecatalogs-display-component---detailCatalog--assignRUSearchField-vhi","searchOpenDialogs":true},"wdio_ui5_key":"applicationmanagecatalogs-display-component---detailCatalog--assignRUSearchField-vhi"}]}
RESULT: {"script":"<script> [1562 bytes]","args":[{"selector":{"id":"application-managecatalogs-display-component---detailCatalog--assignRUSearchField-vhi","searchOpenDialogs":true},"wdio_ui5_key":"applicationmanagecatalogs-display-component---detailCatalog--assignRUSearchField-vhi"}]}
RESULT: undefined
COMMAND: POST /session/b41f127b71ced2e69bc7a594aec7d10c/element - {"using":"xpath","value":"//*[@id=\"application-managecatalogs-display-component---detailCatalog--assignRUSearchField-vhi\"]"}
RESULT: {"using":"xpath","value":"//*[@id=\"application-managecatalogs-display-component---detailCatalog--assignRUSearchField-vhi\"]"}
COMMAND: POST /session/b41f127b71ced2e69bc7a594aec7d10c/element/f.D13B392FFCFC625696F343F77B76D564.d.66A68BF65850D9A3BE0E19566BEBE0F8.e.9231/click - {}
RESULT: {}
COMMAND: GET /session/b41f127b71ced2e69bc7a594aec7d10c/screenshot - {}
RESULT: {}
COMMAND: POST /session/b41f127b71ced2e69bc7a594aec7d10c/element - {"using":"xpath","value":"//input[contains(@id ,\"searchField-I\")]"}
RESULT: {"using":"xpath","value":"//input[contains(@id ,\"searchField-I\")]"}
COMMAND: POST /session/b41f127b71ced2e69bc7a594aec7d10c/element/f.D13B392FFCFC625696F343F77B76D564.d.66A68BF65850D9A3BE0E19566BEBE0F8.e.9233/clear - {}
RESULT: {}
COMMAND: POST /session/b41f127b71ced2e69bc7a594aec7d10c/element/f.D13B392FFCFC625696F343F77B76D564.d.66A68BF65850D9A3BE0E19566BEBE0F8.e.9233/value - {"text":"WebdriverRUR2C90yfw"}
COMMAND: GET /session/b41f127b71ced2e69bc7a594aec7d10c/screenshot - {}
RESULT: {"text":"WebdriverRUR2C90yfw"}
COMMAND: GET /session/b41f127b71ced2e69bc7a594aec7d10c/screenshot - {}
RESULT: {}
RESULT: {}
COMMAND: POST /session/b41f127b71ced2e69bc7a594aec7d10c/actions - {"actions":[{"id":"action60","type":"key","parameters":{},"actions":[{"type":"keyDown","value":"î€‡"},{"type":"pause","duration":10},{"type":"keyUp","value":"î€‡"}]}]}
RESULT: {"actions":[{"id":"action60","type":"key","parameters":{},"actions":[{"type":"keyDown","value":"î€‡"},{"type":"pause","duration":10},{"type":"keyUp","value":"î€‡"}]}]}
COMMAND: GET /session/b41f127b71ced2e69bc7a594aec7d10c/screenshot - {}
RESULT: {}
COMMAND: POST /session/b41f127b71ced2e69bc7a594aec7d10c/actions - {"actions":[{"id":"action61","type":"key","parameters":{},"actions":[{"type":"keyDown","value":"î€„"},{"type":"pause","duration":10},{"type":"keyUp","value":"î€„"}]}]}
RESULT: {"actions":[{"id":"action61","type":"key","parameters":{},"actions":[{"type":"keyDown","value":"î€„"},{"type":"pause","duration":10},{"type":"keyUp","value":"î€„"}]}]}
COMMAND: GET /session/b41f127b71ced2e69bc7a594aec7d10c/screenshot - {}
RESULT: {}
COMMAND: POST /session/b41f127b71ced2e69bc7a594aec7d10c/actions - {"actions":[{"id":"action62","type":"key","parameters":{},"actions":[{"type":"keyDown","value":"î€‡"},{"type":"pause","duration":10},{"type":"keyUp","value":"î€‡"}]}]}
RESULT: {"actions":[{"id":"action62","type":"key","parameters":{},"actions":[{"type":"keyDown","value":"î€‡"},{"type":"pause","duration":10},{"type":"keyUp","value":"î€‡"}]}]}
COMMAND: GET /session/b41f127b71ced2e69bc7a594aec7d10c/screenshot - {}
RESULT: {}
COMMAND: POST /session/b41f127b71ced2e69bc7a594aec7d10c/element - {"using":"xpath","value":"//bdi[contains(@id ,\"application-managecatalogs-display-component---detailCatalog--RUAssignmentSaveButton-BDI-content\")]"}
RESULT: {"using":"xpath","value":"//bdi[contains(@id ,\"application-managecatalogs-display-component---detailCatalog--RUAssignmentSaveButton-BDI-content\")]"}
COMMAND: POST /session/b41f127b71ced2e69bc7a594aec7d10c/element/f.D13B392FFCFC625696F343F77B76D564.d.66A68BF65850D9A3BE0E19566BEBE0F8.e.9250/click - {}
RESULT: {}
COMMAND: GET /session/b41f127b71ced2e69bc7a594aec7d10c/screenshot - {}
RESULT: {}
COMMAND: POST /session/b41f127b71ced2e69bc7a594aec7d10c/element - {"using":"xpath","value":"//bdi[contains(text(), \"Save\")]"}
RESULT: {"using":"xpath","value":"//bdi[contains(text(), \"Save\")]"}
COMMAND: POST /session/b41f127b71ced2e69bc7a594aec7d10c/element/f.D13B392FFCFC625696F343F77B76D564.d.66A68BF65850D9A3BE0E19566BEBE0F8.e.9271/click - {}
RESULT: {}
COMMAND: GET /session/b41f127b71ced2e69bc7a594aec7d10c/screenshot - {}
RESULT: {}
COMMAND: POST /session/b41f127b71ced2e69bc7a594aec7d10c/element - {"using":"css selector","value":"#shell-header-logo"}
RESULT: {"using":"css selector","value":"#shell-header-logo"}
COMMAND: POST /session/b41f127b71ced2e69bc7a594aec7d10c/element/f.D13B392FFCFC625696F343F77B76D564.d.66A68BF65850D9A3BE0E19566BEBE0F8.e.8997/click - {}
RESULT: {}
COMMAND: GET /session/b41f127b71ced2e69bc7a594aec7d10c/screenshot - {}
RESULT: {}
COMMAND: POST /session/b41f127b71ced2e69bc7a594aec7d10c/refresh - {}
RESULT: {}
COMMAND: GET /session/b41f127b71ced2e69bc7a594aec7d10c/screenshot - {}
RESULT: {}
COMMAND: POST /session/b41f127b71ced2e69bc7a594aec7d10c/execute/async - {"script":"<script> [189 bytes]","args":[]}
RESULT: {"script":"<script> [189 bytes]","args":[]}
COMMAND: POST /session/b41f127b71ced2e69bc7a594aec7d10c/execute/async - {"script":"<script> [123 bytes]","args":[]}
RESULT: {"script":"<script> [123 bytes]","args":[]}
COMMAND: POST /session/b41f127b71ced2e69bc7a594aec7d10c/timeouts - {"script":"<number>"}
RESULT: {"script":"<number>"}
COMMAND: GET /session/b41f127b71ced2e69bc7a594aec7d10c/timeouts - {}
RESULT: {}
RESULT: undefined
COMMAND: POST /session/b41f127b71ced2e69bc7a594aec7d10c/execute/async - {"script":"<script> [2676 bytes]","args":[]}
RESULT: {"script":"<script> [2676 bytes]","args":[]}
COMMAND: POST /session/b41f127b71ced2e69bc7a594aec7d10c/execute/async - {"script":"<script> [2342 bytes]","args":[{"protocol":"http","hostname":"0.0.0.0","path":"/","capabilities":{"browserName":"chrome","goog:chromeOptions":{"binary":"C:\\Program Files\\Google\\Chrome\\Application\\chrome.exe","args":["--start-maximized"]}},"logLevel":"warn","connectionRetryTimeout":120000,"connectionRetryCount":3,"logLevels":{},"enableDirectConnect":true,"strictSSL":true,"_":"65 more keys: [\"cacheDir\",\"port\",\"requestedCapabilities\",\"automationProtocol\",\"baseUrl\",\"waitforInterval\",\"waitforTimeout\",\"onReload\",\"beforeCommand\",\"afterCommand\",\"rootDir\",\"specs\",\"suites\",\"exclude\",\"groupLogsByTestSpec\",\"excludeDriverLogs\",\"bail\",\"framework\",\"reporters\",\"services\",\"maxInstances\",\"maxInstancesPerCapability\",\"injectGlobals\",\"filesToWatch\",\"execArgv\",\"runnerEnv\",\"runner\",\"shard\",\"specFileRetries\",\"specFileRetriesDelay\",\"specFileRetriesDeferred\",\"reporterSyncInterval\",\"reporterSyncTimeout\",\"cucumberFeaturesWithLineNumbers\",\"autoCompileOpts\",\"mochaOpts\",\"jasmineOpts\",\"cucumberOpts\",\"onPrepare\",\"onWorkerStart\",\"onWorkerEnd\",\"before\",\"beforeSession\",\"beforeSuite\",\"beforeHook\",\"beforeTest\",\"afterTest\",\"afterHook\",\"afterSuite\",\"afterSession\",\"after\",\"onComplete\",\"beforeAssertion\",\"afterAssertion\",\"beforeFeature\",\"beforeScenario\",\"beforeStep\",\"afterStep\",\"afterScenario\",\"afterFeature\",\"_\",\"suite\",\"$0\",\"ignoredWorkerServices\",\"wdi5\"]"}]}
RESULT: {"script":"<script> [2342 bytes]","args":[{"protocol":"http","hostname":"0.0.0.0","path":"/","capabilities":{"browserName":"chrome","goog:chromeOptions":{"binary":"C:\\Program Files\\Google\\Chrome\\Application\\chrome.exe","args":["--start-maximized"]}},"logLevel":"warn","connectionRetryTimeout":120000,"connectionRetryCount":3,"logLevels":{},"enableDirectConnect":true,"strictSSL":true,"_":"65 more keys: [\"cacheDir\",\"port\",\"requestedCapabilities\",\"automationProtocol\",\"baseUrl\",\"waitforInterval\",\"waitforTimeout\",\"onReload\",\"beforeCommand\",\"afterCommand\",\"rootDir\",\"specs\",\"suites\",\"exclude\",\"groupLogsByTestSpec\",\"excludeDriverLogs\",\"bail\",\"framework\",\"reporters\",\"services\",\"maxInstances\",\"maxInstancesPerCapability\",\"injectGlobals\",\"filesToWatch\",\"execArgv\",\"runnerEnv\",\"runner\",\"shard\",\"specFileRetries\",\"specFileRetriesDelay\",\"specFileRetriesDeferred\",\"reporterSyncInterval\",\"reporterSyncTimeout\",\"cucumberFeaturesWithLineNumbers\",\"autoCompileOpts\",\"mochaOpts\",\"jasmineOpts\",\"cucumberOpts\",\"onPrepare\",\"onWorkerStart\",\"onWorkerEnd\",\"before\",\"beforeSession\",\"beforeSuite\",\"beforeHook\",\"beforeTest\",\"afterTest\",\"afterHook\",\"afterSuite\",\"afterSession\",\"after\",\"onComplete\",\"beforeAssertion\",\"afterAssertion\",\"beforeFeature\",\"beforeScenario\",\"beforeStep\",\"afterStep\",\"afterScenario\",\"afterFeature\",\"_\",\"suite\",\"$0\",\"ignoredWorkerServices\",\"wdi5\"]"}]}
COMMAND: POST /session/b41f127b71ced2e69bc7a594aec7d10c/execute/async - {"script":"<script> [21126 bytes]","args":[35000]}
RESULT: {"script":"<script> [21126 bytes]","args":[35000]}
]]></system-out>
    </testcase>
    <testcase classname="chrome.135_0_7049_96.windows.Reserve/Unreserve_request_item_via_reserve_option_US139161" name="Should create a new request with a catalog item that can be planned" time="157.149">
      <system-out><![CDATA[
COMMAND: POST /session/b41f127b71ced2e69bc7a594aec7d10c/element - {"using":"xpath","value":"//*[contains(@href, 'etm.portal.ui.managerequests')]"}
RESULT: {"using":"xpath","value":"//*[contains(@href, 'etm.portal.ui.managerequests')]"}
COMMAND: POST /session/b41f127b71ced2e69bc7a594aec7d10c/element/f.D13B392FFCFC625696F343F77B76D564.d.F5DAE725B4AF3DEE29C3A0410DD09801.e.9317/click - {}
RESULT: {}
COMMAND: GET /session/b41f127b71ced2e69bc7a594aec7d10c/screenshot - {}
RESULT: {}
COMMAND: POST /session/b41f127b71ced2e69bc7a594aec7d10c/element - {"using":"xpath","value":"//button[contains(@data-kt ,\"btnCreateNewOverflowToolbarButton\")]"}
COMMAND: POST /session/b41f127b71ced2e69bc7a594aec7d10c/element - {"using":"xpath","value":"(//span[contains(@class ,\"sapMObjStatusText\")])[1]"}
RESULT: {"using":"xpath","value":"//button[contains(@data-kt ,\"btnCreateNewOverflowToolbarButton\")]"}
COMMAND: POST /session/b41f127b71ced2e69bc7a594aec7d10c/element/f.D13B392FFCFC625696F343F77B76D564.d.F5DAE725B4AF3DEE29C3A0410DD09801.e.9374/click - {}
RESULT: {"using":"xpath","value":"(//span[contains(@class ,\"sapMObjStatusText\")])[1]"}
COMMAND: POST /session/b41f127b71ced2e69bc7a594aec7d10c/execute/sync - {"script":"<script> [8489 bytes]","args":[{"element-6066-11e4-a52e-4f735466cecf":"f.D13B392FFCFC625696F343F77B76D564.d.F5DAE725B4AF3DEE29C3A0410DD09801.e.9414","ELEMENT":"f.D13B392FFCFC625696F343F77B76D564.d.F5DAE725B4AF3DEE29C3A0410DD09801.e.9414"}]}
RESULT: {}
COMMAND: GET /session/b41f127b71ced2e69bc7a594aec7d10c/screenshot - {}
RESULT: {"script":"<script> [8489 bytes]","args":[{"element-6066-11e4-a52e-4f735466cecf":"f.D13B392FFCFC625696F343F77B76D564.d.F5DAE725B4AF3DEE29C3A0410DD09801.e.9414","ELEMENT":"f.D13B392FFCFC625696F343F77B76D564.d.F5DAE725B4AF3DEE29C3A0410DD09801.e.9414"}]}
COMMAND: GET /session/b41f127b71ced2e69bc7a594aec7d10c/screenshot - {}
RESULT: {}
RESULT: {}
COMMAND: POST /session/b41f127b71ced2e69bc7a594aec7d10c/element - {"using":"xpath","value":"//input[contains(@id ,\"yardId-inner\")]"}
RESULT: {"using":"xpath","value":"//input[contains(@id ,\"yardId-inner\")]"}
COMMAND: POST /session/b41f127b71ced2e69bc7a594aec7d10c/execute/sync - {"script":"<script> [8489 bytes]","args":[{"element-6066-11e4-a52e-4f735466cecf":"f.D13B392FFCFC625696F343F77B76D564.d.F5DAE725B4AF3DEE29C3A0410DD09801.e.9620","ELEMENT":"f.D13B392FFCFC625696F343F77B76D564.d.F5DAE725B4AF3DEE29C3A0410DD09801.e.9620"}]}
RESULT: {"script":"<script> [8489 bytes]","args":[{"element-6066-11e4-a52e-4f735466cecf":"f.D13B392FFCFC625696F343F77B76D564.d.F5DAE725B4AF3DEE29C3A0410DD09801.e.9620","ELEMENT":"f.D13B392FFCFC625696F343F77B76D564.d.F5DAE725B4AF3DEE29C3A0410DD09801.e.9620"}]}
COMMAND: POST /session/b41f127b71ced2e69bc7a594aec7d10c/element - {"using":"xpath","value":"//input[contains(@id ,\"yardId-inner\")]"}
COMMAND: GET /session/b41f127b71ced2e69bc7a594aec7d10c/screenshot - {}
RESULT: {"using":"xpath","value":"//input[contains(@id ,\"yardId-inner\")]"}
COMMAND: GET /session/b41f127b71ced2e69bc7a594aec7d10c/element/f.D13B392FFCFC625696F343F77B76D564.d.F5DAE725B4AF3DEE29C3A0410DD09801.e.9620/enabled - {}
RESULT: {}
RESULT: {}
COMMAND: POST /session/b41f127b71ced2e69bc7a594aec7d10c/element/f.D13B392FFCFC625696F343F77B76D564.d.F5DAE725B4AF3DEE29C3A0410DD09801.e.9620/clear - {}
COMMAND: GET /session/b41f127b71ced2e69bc7a594aec7d10c/screenshot - {}
RESULT: {}
COMMAND: POST /session/b41f127b71ced2e69bc7a594aec7d10c/element/f.D13B392FFCFC625696F343F77B76D564.d.F5DAE725B4AF3DEE29C3A0410DD09801.e.9620/value - {"text":"WebdriverYardt3rf2"}
COMMAND: GET /session/b41f127b71ced2e69bc7a594aec7d10c/screenshot - {}
RESULT: {}
RESULT: {"text":"WebdriverYardt3rf2"}
COMMAND: GET /session/b41f127b71ced2e69bc7a594aec7d10c/screenshot - {}
RESULT: {}
RESULT: {}
COMMAND: POST /session/b41f127b71ced2e69bc7a594aec7d10c/element - {"using":"xpath","value":"//input[contains(@id ,\"customerNumber-inner\")]"}
RESULT: {"using":"xpath","value":"//input[contains(@id ,\"customerNumber-inner\")]"}
COMMAND: POST /session/b41f127b71ced2e69bc7a594aec7d10c/element/f.D13B392FFCFC625696F343F77B76D564.d.F5DAE725B4AF3DEE29C3A0410DD09801.e.9614/value - {"text":"WebdriverPartneran3aa"}
COMMAND: POST /session/b41f127b71ced2e69bc7a594aec7d10c/actions - {"actions":[{"id":"action63","type":"key","parameters":{},"actions":[{"type":"keyDown","value":"î€‡"},{"type":"pause","duration":10},{"type":"keyUp","value":"î€‡"}]}]}
RESULT: {"text":"WebdriverPartneran3aa"}
COMMAND: GET /session/b41f127b71ced2e69bc7a594aec7d10c/screenshot - {}
RESULT: {"actions":[{"id":"action63","type":"key","parameters":{},"actions":[{"type":"keyDown","value":"î€‡"},{"type":"pause","duration":10},{"type":"keyUp","value":"î€‡"}]}]}
COMMAND: GET /session/b41f127b71ced2e69bc7a594aec7d10c/screenshot - {}
RESULT: {}
RESULT: {}
COMMAND: POST /session/b41f127b71ced2e69bc7a594aec7d10c/actions - {"actions":[{"id":"action64","type":"key","parameters":{},"actions":[{"type":"keyDown","value":"î€‡"},{"type":"pause","duration":10},{"type":"keyUp","value":"î€‡"}]}]}
RESULT: {"actions":[{"id":"action64","type":"key","parameters":{},"actions":[{"type":"keyDown","value":"î€‡"},{"type":"pause","duration":10},{"type":"keyUp","value":"î€‡"}]}]}
COMMAND: GET /session/b41f127b71ced2e69bc7a594aec7d10c/screenshot - {}
RESULT: {}
COMMAND: GET /session/b41f127b71ced2e69bc7a594aec7d10c/element/f.D13B392FFCFC625696F343F77B76D564.d.F5DAE725B4AF3DEE29C3A0410DD09801.e.9614/property/value - {}
RESULT: {}
COMMAND: GET /session/b41f127b71ced2e69bc7a594aec7d10c/screenshot - {}
RESULT: {}
COMMAND: POST /session/b41f127b71ced2e69bc7a594aec7d10c/element - {"using":"xpath","value":"//input[contains(@id ,\"requestSiteId-inner\")]"}
RESULT: {"using":"xpath","value":"//input[contains(@id ,\"requestSiteId-inner\")]"}
COMMAND: POST /session/b41f127b71ced2e69bc7a594aec7d10c/element/f.D13B392FFCFC625696F343F77B76D564.d.F5DAE725B4AF3DEE29C3A0410DD09801.e.9613/value - {"text":"WebdriverSitekjeun"}
RESULT: {"text":"WebdriverSitekjeun"}
COMMAND: GET /session/b41f127b71ced2e69bc7a594aec7d10c/screenshot - {}
RESULT: {}
COMMAND: POST /session/b41f127b71ced2e69bc7a594aec7d10c/actions - {"actions":[{"id":"action65","type":"key","parameters":{},"actions":[{"type":"keyDown","value":"î€‡"},{"type":"pause","duration":10},{"type":"keyUp","value":"î€‡"}]}]}
RESULT: {"actions":[{"id":"action65","type":"key","parameters":{},"actions":[{"type":"keyDown","value":"î€‡"},{"type":"pause","duration":10},{"type":"keyUp","value":"î€‡"}]}]}
COMMAND: GET /session/b41f127b71ced2e69bc7a594aec7d10c/screenshot - {}
RESULT: {}
COMMAND: POST /session/b41f127b71ced2e69bc7a594aec7d10c/element - {"using":"xpath","value":"//button[contains(@data-kt ,\"requestItemAddOverflowToolbarButton\")]"}
RESULT: {"using":"xpath","value":"//button[contains(@data-kt ,\"requestItemAddOverflowToolbarButton\")]"}
COMMAND: POST /session/b41f127b71ced2e69bc7a594aec7d10c/element/f.D13B392FFCFC625696F343F77B76D564.d.F5DAE725B4AF3DEE29C3A0410DD09801.e.9592/click - {}
RESULT: {}
COMMAND: GET /session/b41f127b71ced2e69bc7a594aec7d10c/screenshot - {}
RESULT: {}
COMMAND: POST /session/b41f127b71ced2e69bc7a594aec7d10c/actions - {"actions":[{"id":"action66","type":"key","parameters":{},"actions":[{"type":"keyDown","value":"î€•"},{"type":"pause","duration":10},{"type":"keyUp","value":"î€•"}]}]}
RESULT: {"actions":[{"id":"action66","type":"key","parameters":{},"actions":[{"type":"keyDown","value":"î€•"},{"type":"pause","duration":10},{"type":"keyUp","value":"î€•"}]}]}
COMMAND: POST /session/b41f127b71ced2e69bc7a594aec7d10c/actions - {"actions":[{"id":"action67","type":"key","parameters":{},"actions":[{"type":"keyDown","value":"î€‡"},{"type":"pause","duration":10},{"type":"keyUp","value":"î€‡"}]}]}
COMMAND: GET /session/b41f127b71ced2e69bc7a594aec7d10c/screenshot - {}
RESULT: {"actions":[{"id":"action67","type":"key","parameters":{},"actions":[{"type":"keyDown","value":"î€‡"},{"type":"pause","duration":10},{"type":"keyUp","value":"î€‡"}]}]}
COMMAND: POST /session/b41f127b71ced2e69bc7a594aec7d10c/element - {"using":"xpath","value":"(//input[contains(@id ,\"requestItemsTable-0-inner\")])[1]"}
COMMAND: GET /session/b41f127b71ced2e69bc7a594aec7d10c/screenshot - {}
RESULT: {}
RESULT: {"using":"xpath","value":"(//input[contains(@id ,\"requestItemsTable-0-inner\")])[1]"}
COMMAND: POST /session/b41f127b71ced2e69bc7a594aec7d10c/element/f.D13B392FFCFC625696F343F77B76D564.d.F5DAE725B4AF3DEE29C3A0410DD09801.e.9792/clear - {}
RESULT: {}
RESULT: {}
COMMAND: POST /session/b41f127b71ced2e69bc7a594aec7d10c/element/f.D13B392FFCFC625696F343F77B76D564.d.F5DAE725B4AF3DEE29C3A0410DD09801.e.9792/value - {"text":"catalogItemh7w23"}
COMMAND: GET /session/b41f127b71ced2e69bc7a594aec7d10c/screenshot - {}
RESULT: {"text":"catalogItemh7w23"}
COMMAND: GET /session/b41f127b71ced2e69bc7a594aec7d10c/screenshot - {}
RESULT: {}
RESULT: {}
COMMAND: POST /session/b41f127b71ced2e69bc7a594aec7d10c/actions - {"actions":[{"id":"action68","type":"key","parameters":{},"actions":[{"type":"keyDown","value":"î€‡"},{"type":"pause","duration":10},{"type":"keyUp","value":"î€‡"}]}]}
RESULT: {"actions":[{"id":"action68","type":"key","parameters":{},"actions":[{"type":"keyDown","value":"î€‡"},{"type":"pause","duration":10},{"type":"keyUp","value":"î€‡"}]}]}
COMMAND: GET /session/b41f127b71ced2e69bc7a594aec7d10c/screenshot - {}
RESULT: {}
COMMAND: POST /session/b41f127b71ced2e69bc7a594aec7d10c/execute/async - {"script":"<script> [1562 bytes]","args":[{"selector":{"controlType":"sap.ui.core.Icon","viewName":"etm.portal.ui.managerequests.view.NewRequest","properties":{"src":{"regex":{"source":"slim\\-arrow\\-down"}}},"ancestor":{"controlType":"sap.m.Button","viewName":"etm.portal.ui.managerequests.view.NewRequest","properties":{"icon":"sap-icon://slim-arrow-down"}}},"wdio_ui5_key":"etmportal.ui.managerequests.view.NewRequestsap.ui.core.Icon{\"src\":{\"regex\":{\"source\":\"slim\\\\-arrow\\\\-down\"}}}{\"controlType\":\"sap.m.Button\",\"viewName\":\"etm.portal.ui.managerequests.view.NewRequest\",\"properties\":{\"icon\":\"sap-icon://slim-arrow-down\"}}"}]}
RESULT: {"script":"<script> [1562 bytes]","args":[{"selector":{"controlType":"sap.ui.core.Icon","viewName":"etm.portal.ui.managerequests.view.NewRequest","properties":{"src":{"regex":{"source":"slim\\-arrow\\-down"}}},"ancestor":{"controlType":"sap.m.Button","viewName":"etm.portal.ui.managerequests.view.NewRequest","properties":{"icon":"sap-icon://slim-arrow-down"}}},"wdio_ui5_key":"etmportal.ui.managerequests.view.NewRequestsap.ui.core.Icon{\"src\":{\"regex\":{\"source\":\"slim\\\\-arrow\\\\-down\"}}}{\"controlType\":\"sap.m.Button\",\"viewName\":\"etm.portal.ui.managerequests.view.NewRequest\",\"properties\":{\"icon\":\"sap-icon://slim-arrow-down\"}}"}]}
RESULT: undefined
COMMAND: POST /session/b41f127b71ced2e69bc7a594aec7d10c/element - {"using":"xpath","value":"//div[contains(@data-kt ,\"splitAllocationObjectStatus\")]"}
RESULT: {"using":"xpath","value":"//div[contains(@data-kt ,\"splitAllocationObjectStatus\")]"}
COMMAND: POST /session/b41f127b71ced2e69bc7a594aec7d10c/elements - {"using":"xpath","value":"//div[contains(@data-kt ,\"splitAllocationObjectStatus\")]"}
RESULT: {"using":"xpath","value":"//div[contains(@data-kt ,\"splitAllocationObjectStatus\")]"}
COMMAND: POST /session/b41f127b71ced2e69bc7a594aec7d10c/execute/async - {"script":"<script> [1562 bytes]","args":[{"selector":{"controlType":"sap.ui.core.Icon","viewName":"etm.portal.ui.managerequests.view.NewRequest","properties":{"src":{"regex":{"source":"message\\-error"}}}},"wdio_ui5_key":"etmportal.ui.managerequests.view.NewRequestsap.ui.core.Icon{\"src\":{\"regex\":{\"source\":\"message\\\\-error\"}}}"}]}
RESULT: {"script":"<script> [1562 bytes]","args":[{"selector":{"controlType":"sap.ui.core.Icon","viewName":"etm.portal.ui.managerequests.view.NewRequest","properties":{"src":{"regex":{"source":"message\\-error"}}}},"wdio_ui5_key":"etmportal.ui.managerequests.view.NewRequestsap.ui.core.Icon{\"src\":{\"regex\":{\"source\":\"message\\\\-error\"}}}"}]}
RESULT: undefined
COMMAND: POST /session/b41f127b71ced2e69bc7a594aec7d10c/element - {"using":"xpath","value":"//*[@id=\"__status4-__xmlview59--requestItemsTable-0-icon\"]"}
RESULT: {"using":"xpath","value":"//*[@id=\"__status4-__xmlview59--requestItemsTable-0-icon\"]"}
COMMAND: POST /session/b41f127b71ced2e69bc7a594aec7d10c/element/f.D13B392FFCFC625696F343F77B76D564.d.F5DAE725B4AF3DEE29C3A0410DD09801.e.9807/click - {}
RESULT: {}
COMMAND: POST /session/b41f127b71ced2e69bc7a594aec7d10c/execute/async - {"script":"<script> [1562 bytes]","args":[{"selector":{"controlType":"sap.ui.core.Icon","viewName":"etm.portal.ui.managerequests.view.NewRequest","properties":{"src":{"regex":{"source":"slim\\-arrow\\-down"}}},"searchOpenDialogs":true,"ancestor":{"id":"costObjectAdminTypeComboBox","viewName":"etm.portal.ui.managerequests.view.NewRequest","searchOpenDialogs":true}},"wdio_ui5_key":"etmportal.ui.managerequests.view.NewRequestsap.ui.core.Icon{\"src\":{\"regex\":{\"source\":\"slim\\\\-arrow\\\\-down\"}}}{\"id\":\"costObjectAdminTypeComboBox\",\"viewName\":\"etm.portal.ui.managerequests.view.NewRequest\",\"searchOpenDialogs\":true}"}]}
COMMAND: GET /session/b41f127b71ced2e69bc7a594aec7d10c/screenshot - {}
RESULT: {"script":"<script> [1562 bytes]","args":[{"selector":{"controlType":"sap.ui.core.Icon","viewName":"etm.portal.ui.managerequests.view.NewRequest","properties":{"src":{"regex":{"source":"slim\\-arrow\\-down"}}},"searchOpenDialogs":true,"ancestor":{"id":"costObjectAdminTypeComboBox","viewName":"etm.portal.ui.managerequests.view.NewRequest","searchOpenDialogs":true}},"wdio_ui5_key":"etmportal.ui.managerequests.view.NewRequestsap.ui.core.Icon{\"src\":{\"regex\":{\"source\":\"slim\\\\-arrow\\\\-down\"}}}{\"id\":\"costObjectAdminTypeComboBox\",\"viewName\":\"etm.portal.ui.managerequests.view.NewRequest\",\"searchOpenDialogs\":true}"}]}
RESULT: undefined
COMMAND: POST /session/b41f127b71ced2e69bc7a594aec7d10c/element - {"using":"xpath","value":"//*[@id=\"__xmlview59--costObjectAdminTypeComboBox-arrow\"]"}
RESULT: {}
RESULT: {"using":"xpath","value":"//*[@id=\"__xmlview59--costObjectAdminTypeComboBox-arrow\"]"}
COMMAND: POST /session/b41f127b71ced2e69bc7a594aec7d10c/element/f.D13B392FFCFC625696F343F77B76D564.d.F5DAE725B4AF3DEE29C3A0410DD09801.e.9812/click - {}
RESULT: {}
COMMAND: POST /session/b41f127b71ced2e69bc7a594aec7d10c/execute/async - {"script":"<script> [1562 bytes]","args":[{"selector":{"controlType":"sap.m.StandardListItem","viewName":"etm.portal.ui.managerequests.view.NewRequest","properties":{"title":"Cost Center"},"searchOpenDialogs":true,"interaction":{"idSuffix":"titleText"}},"wdio_ui5_key":"etmportal.ui.managerequests.view.NewRequestsap.m.StandardListItem{\"title\":\"Cost Center\"}"}]}
COMMAND: GET /session/b41f127b71ced2e69bc7a594aec7d10c/screenshot - {}
RESULT: {"script":"<script> [1562 bytes]","args":[{"selector":{"controlType":"sap.m.StandardListItem","viewName":"etm.portal.ui.managerequests.view.NewRequest","properties":{"title":"Cost Center"},"searchOpenDialogs":true,"interaction":{"idSuffix":"titleText"}},"wdio_ui5_key":"etmportal.ui.managerequests.view.NewRequestsap.m.StandardListItem{\"title\":\"Cost Center\"}"}]}
RESULT: undefined
COMMAND: POST /session/b41f127b71ced2e69bc7a594aec7d10c/element - {"using":"xpath","value":"//*[@id=\"__item1019\"]"}
RESULT: {}
RESULT: {"using":"xpath","value":"//*[@id=\"__item1019\"]"}
COMMAND: POST /session/b41f127b71ced2e69bc7a594aec7d10c/element/f.D13B392FFCFC625696F343F77B76D564.d.F5DAE725B4AF3DEE29C3A0410DD09801.e.9815/click - {}
RESULT: {}
COMMAND: GET /session/b41f127b71ced2e69bc7a594aec7d10c/screenshot - {}
RESULT: {}
COMMAND: POST /session/b41f127b71ced2e69bc7a594aec7d10c/execute/async - {"script":"<script> [1562 bytes]","args":[{"selector":{"controlType":"sap.ui.core.Icon","viewName":"etm.portal.ui.managerequests.view.NewRequest","properties":{"src":{"regex":{"source":"value\\-help"}}},"searchOpenDialogs":true},"wdio_ui5_key":"etmportal.ui.managerequests.view.NewRequestsap.ui.core.Icon{\"src\":{\"regex\":{\"source\":\"value\\\\-help\"}}}"}]}
RESULT: {"script":"<script> [1562 bytes]","args":[{"selector":{"controlType":"sap.ui.core.Icon","viewName":"etm.portal.ui.managerequests.view.NewRequest","properties":{"src":{"regex":{"source":"value\\-help"}}},"searchOpenDialogs":true},"wdio_ui5_key":"etmportal.ui.managerequests.view.NewRequestsap.ui.core.Icon{\"src\":{\"regex\":{\"source\":\"value\\\\-help\"}}}"}]}
RESULT: undefined
COMMAND: POST /session/b41f127b71ced2e69bc7a594aec7d10c/element - {"using":"xpath","value":"//*[@id=\"__xmlview59--costObjectIdComboBox-vhi\"]"}
RESULT: {"using":"xpath","value":"//*[@id=\"__xmlview59--costObjectIdComboBox-vhi\"]"}
COMMAND: POST /session/b41f127b71ced2e69bc7a594aec7d10c/element/f.D13B392FFCFC625696F343F77B76D564.d.F5DAE725B4AF3DEE29C3A0410DD09801.e.9822/click - {}
RESULT: {}
COMMAND: POST /session/b41f127b71ced2e69bc7a594aec7d10c/execute/async - {"script":"<script> [1562 bytes]","args":[{"selector":{"controlType":"sap.m.SearchField","properties":{"placeholder":"Search"},"searchOpenDialogs":true,"interaction":{"idSuffix":"I"}},"wdio_ui5_key":"sapm.SearchField{\"placeholder\":\"Search\"}"}]}
COMMAND: GET /session/b41f127b71ced2e69bc7a594aec7d10c/screenshot - {}
RESULT: {"script":"<script> [1562 bytes]","args":[{"selector":{"controlType":"sap.m.SearchField","properties":{"placeholder":"Search"},"searchOpenDialogs":true,"interaction":{"idSuffix":"I"}},"wdio_ui5_key":"sapm.SearchField{\"placeholder\":\"Search\"}"}]}
RESULT: undefined
COMMAND: POST /session/b41f127b71ced2e69bc7a594aec7d10c/execute/async - {"script":"<script> [776 bytes]","args":[{"enterText":"10001010","selector":{"controlType":"sap.m.SearchField","properties":{"placeholder":"Search"},"searchOpenDialogs":true,"interaction":{"idSuffix":"I"}},"clearTextFirst":true,"interactionType":"ENTER_TEXT"}]}
RESULT: {}
RESULT: {"script":"<script> [776 bytes]","args":[{"enterText":"10001010","selector":{"controlType":"sap.m.SearchField","properties":{"placeholder":"Search"},"searchOpenDialogs":true,"interaction":{"idSuffix":"I"}},"clearTextFirst":true,"interactionType":"ENTER_TEXT"}]}
COMMAND: POST /session/b41f127b71ced2e69bc7a594aec7d10c/actions - {"actions":[{"id":"action69","type":"key","parameters":{},"actions":[{"type":"keyDown","value":"î€‡"},{"type":"pause","duration":10},{"type":"keyUp","value":"î€‡"}]}]}
RESULT: {"actions":[{"id":"action69","type":"key","parameters":{},"actions":[{"type":"keyDown","value":"î€‡"},{"type":"pause","duration":10},{"type":"keyUp","value":"î€‡"}]}]}
COMMAND: GET /session/b41f127b71ced2e69bc7a594aec7d10c/screenshot - {}
RESULT: {}
COMMAND: POST /session/b41f127b71ced2e69bc7a594aec7d10c/execute/async - {"script":"<script> [1562 bytes]","args":[{"selector":{"controlType":"sap.m.Text","bindingPath":{"path":"/C_CostCtrValueHelp(CostCenter='10001010',ControllingArea='Z001')","propertyPath":"CostCenterName","modelName":"CostCenterModel"},"searchOpenDialogs":true},"wdio_ui5_key":"sapm.Text{\"path\":\"/C_CostCtrValueHelp(CostCenter='10001010',ControllingArea='Z001')\",\"propertyPath\":\"CostCenterName\",\"modelName\":\"CostCenterModel\"}"}]}
RESULT: {"script":"<script> [1562 bytes]","args":[{"selector":{"controlType":"sap.m.Text","bindingPath":{"path":"/C_CostCtrValueHelp(CostCenter='10001010',ControllingArea='Z001')","propertyPath":"CostCenterName","modelName":"CostCenterModel"},"searchOpenDialogs":true},"wdio_ui5_key":"sapm.Text{\"path\":\"/C_CostCtrValueHelp(CostCenter='10001010',ControllingArea='Z001')\",\"propertyPath\":\"CostCenterName\",\"modelName\":\"CostCenterModel\"}"}]}
RESULT: undefined
COMMAND: POST /session/b41f127b71ced2e69bc7a594aec7d10c/element - {"using":"xpath","value":"//*[@id=\"__text291-__clone1156\"]"}
RESULT: {"using":"xpath","value":"//*[@id=\"__text291-__clone1156\"]"}
COMMAND: POST /session/b41f127b71ced2e69bc7a594aec7d10c/element/f.D13B392FFCFC625696F343F77B76D564.d.F5DAE725B4AF3DEE29C3A0410DD09801.e.9863/click - {}
RESULT: {}
COMMAND: POST /session/b41f127b71ced2e69bc7a594aec7d10c/execute/async - {"script":"<script> [1562 bytes]","args":[{"selector":{"controlType":"sap.m.Button","properties":{"text":"OK"},"searchOpenDialogs":true,"interaction":{"idSuffix":"BDI-content"}},"wdio_ui5_key":"sapm.Button{\"text\":\"OK\"}"}]}
COMMAND: GET /session/b41f127b71ced2e69bc7a594aec7d10c/screenshot - {}
RESULT: {"script":"<script> [1562 bytes]","args":[{"selector":{"controlType":"sap.m.Button","properties":{"text":"OK"},"searchOpenDialogs":true,"interaction":{"idSuffix":"BDI-content"}},"wdio_ui5_key":"sapm.Button{\"text\":\"OK\"}"}]}
RESULT: undefined
COMMAND: POST /session/b41f127b71ced2e69bc7a594aec7d10c/element - {"using":"xpath","value":"//*[@id=\"__dialog1-ok\"]"}
RESULT: {}
RESULT: {"using":"xpath","value":"//*[@id=\"__dialog1-ok\"]"}
COMMAND: POST /session/b41f127b71ced2e69bc7a594aec7d10c/element/f.D13B392FFCFC625696F343F77B76D564.d.F5DAE725B4AF3DEE29C3A0410DD09801.e.9865/click - {}
RESULT: {}
COMMAND: GET /session/b41f127b71ced2e69bc7a594aec7d10c/screenshot - {}
RESULT: {}
COMMAND: POST /session/b41f127b71ced2e69bc7a594aec7d10c/execute/async - {"script":"<script> [1562 bytes]","args":[{"selector":{"controlType":"sap.m.Button","viewName":"etm.portal.ui.managerequests.view.NewRequest","i18NText":{"propertyName":"text","key":"save"},"searchOpenDialogs":true,"interaction":{"idSuffix":"BDI-content"}},"wdio_ui5_key":"etmportal.ui.managerequests.view.NewRequestsap.m.Button{\"propertyName\":\"text\",\"key\":\"save\"}"}]}
RESULT: {"script":"<script> [1562 bytes]","args":[{"selector":{"controlType":"sap.m.Button","viewName":"etm.portal.ui.managerequests.view.NewRequest","i18NText":{"propertyName":"text","key":"save"},"searchOpenDialogs":true,"interaction":{"idSuffix":"BDI-content"}},"wdio_ui5_key":"etmportal.ui.managerequests.view.NewRequestsap.m.Button{\"propertyName\":\"text\",\"key\":\"save\"}"}]}
RESULT: undefined
COMMAND: POST /session/b41f127b71ced2e69bc7a594aec7d10c/element - {"using":"xpath","value":"//*[@id=\"__button24\"]"}
RESULT: {"using":"xpath","value":"//*[@id=\"__button24\"]"}
COMMAND: POST /session/b41f127b71ced2e69bc7a594aec7d10c/element/f.D13B392FFCFC625696F343F77B76D564.d.F5DAE725B4AF3DEE29C3A0410DD09801.e.9869/click - {}
RESULT: {}
COMMAND: GET /session/b41f127b71ced2e69bc7a594aec7d10c/screenshot - {}
RESULT: {}
COMMAND: POST /session/b41f127b71ced2e69bc7a594aec7d10c/element - {"using":"xpath","value":"(//bdi[contains(text() ,\"Save\")])[1]"}
RESULT: {"using":"xpath","value":"(//bdi[contains(text() ,\"Save\")])[1]"}
COMMAND: POST /session/b41f127b71ced2e69bc7a594aec7d10c/element/f.D13B392FFCFC625696F343F77B76D564.d.F5DAE725B4AF3DEE29C3A0410DD09801.e.9871/click - {}
RESULT: {}
COMMAND: GET /session/b41f127b71ced2e69bc7a594aec7d10c/screenshot - {}
RESULT: {}
COMMAND: POST /session/b41f127b71ced2e69bc7a594aec7d10c/execute/async - {"script":"<script> [1562 bytes]","args":[{"selector":{"controlType":"sap.m.Title","properties":{"text":"Success"},"searchOpenDialogs":true},"wdio_ui5_key":"sapm.Title{\"text\":\"Success\"}"}]}
RESULT: {"script":"<script> [1562 bytes]","args":[{"selector":{"controlType":"sap.m.Title","properties":{"text":"Success"},"searchOpenDialogs":true},"wdio_ui5_key":"sapm.Title{\"text\":\"Success\"}"}]}
RESULT: undefined
COMMAND: POST /session/b41f127b71ced2e69bc7a594aec7d10c/execute/async - {"script":"<script> [6424 bytes]","args":[{"element-6066-11e4-a52e-4f735466cecf":"f.D13B392FFCFC625696F343F77B76D564.d.F5DAE725B4AF3DEE29C3A0410DD09801.e.9874"},"getText",[]]}
RESULT: {"script":"<script> [6424 bytes]","args":[{"element-6066-11e4-a52e-4f735466cecf":"f.D13B392FFCFC625696F343F77B76D564.d.F5DAE725B4AF3DEE29C3A0410DD09801.e.9874"},"getText",[]]}
COMMAND: POST /session/b41f127b71ced2e69bc7a594aec7d10c/execute/async - {"script":"<script> [1562 bytes]","args":[{"selector":{"controlType":"sap.m.Button","properties":{"text":"Close"},"searchOpenDialogs":true,"interaction":{"idSuffix":"BDI-content"}},"wdio_ui5_key":"sapm.Button{\"text\":\"Close\"}"}]}
RESULT: {"script":"<script> [1562 bytes]","args":[{"selector":{"controlType":"sap.m.Button","properties":{"text":"Close"},"searchOpenDialogs":true,"interaction":{"idSuffix":"BDI-content"}},"wdio_ui5_key":"sapm.Button{\"text\":\"Close\"}"}]}
RESULT: undefined
COMMAND: POST /session/b41f127b71ced2e69bc7a594aec7d10c/element - {"using":"xpath","value":"//*[@id=\"__mbox-btn-0\"]"}
RESULT: {"using":"xpath","value":"//*[@id=\"__mbox-btn-0\"]"}
COMMAND: POST /session/b41f127b71ced2e69bc7a594aec7d10c/element/f.D13B392FFCFC625696F343F77B76D564.d.F5DAE725B4AF3DEE29C3A0410DD09801.e.9873/click - {}
RESULT: {}
COMMAND: GET /session/b41f127b71ced2e69bc7a594aec7d10c/screenshot - {}
RESULT: {}
]]></system-out>
    </testcase>
    <testcase classname="chrome.135_0_7049_96.windows.Reserve/Unreserve_request_item_via_reserve_option_US139161" name="Should navigate to planning board and reserve the resource" time="104.382">
      <system-out><![CDATA[
COMMAND: POST /session/b41f127b71ced2e69bc7a594aec7d10c/execute/async - {"script":"<script> [1562 bytes]","args":[{"selector":{"controlType":"sap.m.Button","viewName":"etm.portal.ui.managerequests.view.Detail","i18NText":{"propertyName":"text","key":"planningSituation"},"interaction":{"idSuffix":"BDI-content"}},"wdio_ui5_key":"etmportal.ui.managerequests.view.Detailsap.m.Button{\"propertyName\":\"text\",\"key\":\"planningSituation\"}"}]}
RESULT: {"script":"<script> [1562 bytes]","args":[{"selector":{"controlType":"sap.m.Button","viewName":"etm.portal.ui.managerequests.view.Detail","i18NText":{"propertyName":"text","key":"planningSituation"},"interaction":{"idSuffix":"BDI-content"}},"wdio_ui5_key":"etmportal.ui.managerequests.view.Detailsap.m.Button{\"propertyName\":\"text\",\"key\":\"planningSituation\"}"}]}
RESULT: undefined
COMMAND: POST /session/b41f127b71ced2e69bc7a594aec7d10c/element - {"using":"xpath","value":"//*[@id=\"__button27\"]"}
RESULT: {"using":"xpath","value":"//*[@id=\"__button27\"]"}
COMMAND: POST /session/b41f127b71ced2e69bc7a594aec7d10c/element/f.D13B392FFCFC625696F343F77B76D564.d.F5DAE725B4AF3DEE29C3A0410DD09801.e.9892/click - {}
RESULT: {}
COMMAND: GET /session/b41f127b71ced2e69bc7a594aec7d10c/screenshot - {}
RESULT: {}
COMMAND: POST /session/b41f127b71ced2e69bc7a594aec7d10c/element - {"using":"xpath","value":"(//span[contains(@title ,\"WebdriverYardt3rf2\")])[1]"}
RESULT: {"using":"xpath","value":"(//span[contains(@title ,\"WebdriverYardt3rf2\")])[1]"}
COMMAND: POST /session/b41f127b71ced2e69bc7a594aec7d10c/elements - {"using":"xpath","value":"(//span[contains(@title ,\"WebdriverYardt3rf2\")])[1]"}
RESULT: {"using":"xpath","value":"(//span[contains(@title ,\"WebdriverYardt3rf2\")])[1]"}
COMMAND: POST /session/b41f127b71ced2e69bc7a594aec7d10c/elements - {"using":"xpath","value":"(//span[contains(@title ,\"WebdriverYardt3rf2\")])[1]"}
RESULT: {"using":"xpath","value":"(//span[contains(@title ,\"WebdriverYardt3rf2\")])[1]"}
COMMAND: POST /session/b41f127b71ced2e69bc7a594aec7d10c/elements - {"using":"xpath","value":"(//span[contains(@title ,\"WebdriverYardt3rf2\")])[1]"}
RESULT: {"using":"xpath","value":"(//span[contains(@title ,\"WebdriverYardt3rf2\")])[1]"}
COMMAND: POST /session/b41f127b71ced2e69bc7a594aec7d10c/elements - {"using":"xpath","value":"(//span[contains(@title ,\"WebdriverYardt3rf2\")])[1]"}
RESULT: {"using":"xpath","value":"(//span[contains(@title ,\"WebdriverYardt3rf2\")])[1]"}
COMMAND: POST /session/b41f127b71ced2e69bc7a594aec7d10c/elements - {"using":"xpath","value":"(//span[contains(@title ,\"WebdriverYardt3rf2\")])[1]"}
RESULT: {"using":"xpath","value":"(//span[contains(@title ,\"WebdriverYardt3rf2\")])[1]"}
COMMAND: POST /session/b41f127b71ced2e69bc7a594aec7d10c/elements - {"using":"xpath","value":"(//span[contains(@title ,\"WebdriverYardt3rf2\")])[1]"}
RESULT: {"using":"xpath","value":"(//span[contains(@title ,\"WebdriverYardt3rf2\")])[1]"}
COMMAND: POST /session/b41f127b71ced2e69bc7a594aec7d10c/elements - {"using":"xpath","value":"(//span[contains(@title ,\"WebdriverYardt3rf2\")])[1]"}
RESULT: {"using":"xpath","value":"(//span[contains(@title ,\"WebdriverYardt3rf2\")])[1]"}
COMMAND: POST /session/b41f127b71ced2e69bc7a594aec7d10c/elements - {"using":"xpath","value":"(//span[contains(@title ,\"WebdriverYardt3rf2\")])[1]"}
RESULT: {"using":"xpath","value":"(//span[contains(@title ,\"WebdriverYardt3rf2\")])[1]"}
COMMAND: POST /session/b41f127b71ced2e69bc7a594aec7d10c/elements - {"using":"xpath","value":"(//span[contains(@title ,\"WebdriverYardt3rf2\")])[1]"}
RESULT: {"using":"xpath","value":"(//span[contains(@title ,\"WebdriverYardt3rf2\")])[1]"}
COMMAND: POST /session/b41f127b71ced2e69bc7a594aec7d10c/elements - {"using":"xpath","value":"(//span[contains(@title ,\"WebdriverYardt3rf2\")])[1]"}
RESULT: {"using":"xpath","value":"(//span[contains(@title ,\"WebdriverYardt3rf2\")])[1]"}
COMMAND: POST /session/b41f127b71ced2e69bc7a594aec7d10c/elements - {"using":"xpath","value":"(//span[contains(@title ,\"WebdriverYardt3rf2\")])[1]"}
RESULT: {"using":"xpath","value":"(//span[contains(@title ,\"WebdriverYardt3rf2\")])[1]"}
COMMAND: POST /session/b41f127b71ced2e69bc7a594aec7d10c/elements - {"using":"xpath","value":"(//span[contains(@title ,\"WebdriverYardt3rf2\")])[1]"}
RESULT: {"using":"xpath","value":"(//span[contains(@title ,\"WebdriverYardt3rf2\")])[1]"}
COMMAND: POST /session/b41f127b71ced2e69bc7a594aec7d10c/elements - {"using":"xpath","value":"(//span[contains(@title ,\"WebdriverYardt3rf2\")])[1]"}
RESULT: {"using":"xpath","value":"(//span[contains(@title ,\"WebdriverYardt3rf2\")])[1]"}
COMMAND: POST /session/b41f127b71ced2e69bc7a594aec7d10c/elements - {"using":"xpath","value":"(//span[contains(@title ,\"WebdriverYardt3rf2\")])[1]"}
RESULT: {"using":"xpath","value":"(//span[contains(@title ,\"WebdriverYardt3rf2\")])[1]"}
COMMAND: POST /session/b41f127b71ced2e69bc7a594aec7d10c/elements - {"using":"xpath","value":"(//span[contains(@title ,\"WebdriverYardt3rf2\")])[1]"}
RESULT: {"using":"xpath","value":"(//span[contains(@title ,\"WebdriverYardt3rf2\")])[1]"}
COMMAND: POST /session/b41f127b71ced2e69bc7a594aec7d10c/elements - {"using":"xpath","value":"(//span[contains(@title ,\"WebdriverYardt3rf2\")])[1]"}
RESULT: {"using":"xpath","value":"(//span[contains(@title ,\"WebdriverYardt3rf2\")])[1]"}
COMMAND: POST /session/b41f127b71ced2e69bc7a594aec7d10c/elements - {"using":"xpath","value":"(//span[contains(@title ,\"WebdriverYardt3rf2\")])[1]"}
RESULT: {"using":"xpath","value":"(//span[contains(@title ,\"WebdriverYardt3rf2\")])[1]"}
COMMAND: POST /session/b41f127b71ced2e69bc7a594aec7d10c/elements - {"using":"xpath","value":"(//span[contains(@title ,\"WebdriverYardt3rf2\")])[1]"}
RESULT: {"using":"xpath","value":"(//span[contains(@title ,\"WebdriverYardt3rf2\")])[1]"}
COMMAND: POST /session/b41f127b71ced2e69bc7a594aec7d10c/elements - {"using":"xpath","value":"(//span[contains(@title ,\"WebdriverYardt3rf2\")])[1]"}
RESULT: {"using":"xpath","value":"(//span[contains(@title ,\"WebdriverYardt3rf2\")])[1]"}
COMMAND: POST /session/b41f127b71ced2e69bc7a594aec7d10c/elements - {"using":"xpath","value":"(//span[contains(@title ,\"WebdriverYardt3rf2\")])[1]"}
RESULT: {"using":"xpath","value":"(//span[contains(@title ,\"WebdriverYardt3rf2\")])[1]"}
COMMAND: POST /session/b41f127b71ced2e69bc7a594aec7d10c/elements - {"using":"xpath","value":"(//span[contains(@title ,\"WebdriverYardt3rf2\")])[1]"}
RESULT: {"using":"xpath","value":"(//span[contains(@title ,\"WebdriverYardt3rf2\")])[1]"}
COMMAND: POST /session/b41f127b71ced2e69bc7a594aec7d10c/elements - {"using":"xpath","value":"(//span[contains(@title ,\"WebdriverYardt3rf2\")])[1]"}
RESULT: {"using":"xpath","value":"(//span[contains(@title ,\"WebdriverYardt3rf2\")])[1]"}
COMMAND: POST /session/b41f127b71ced2e69bc7a594aec7d10c/elements - {"using":"xpath","value":"(//span[contains(@title ,\"WebdriverYardt3rf2\")])[1]"}
RESULT: {"using":"xpath","value":"(//span[contains(@title ,\"WebdriverYardt3rf2\")])[1]"}
COMMAND: POST /session/b41f127b71ced2e69bc7a594aec7d10c/elements - {"using":"xpath","value":"(//span[contains(@title ,\"WebdriverYardt3rf2\")])[1]"}
RESULT: {"using":"xpath","value":"(//span[contains(@title ,\"WebdriverYardt3rf2\")])[1]"}
COMMAND: POST /session/b41f127b71ced2e69bc7a594aec7d10c/elements - {"using":"xpath","value":"(//span[contains(@title ,\"WebdriverYardt3rf2\")])[1]"}
RESULT: {"using":"xpath","value":"(//span[contains(@title ,\"WebdriverYardt3rf2\")])[1]"}
COMMAND: POST /session/b41f127b71ced2e69bc7a594aec7d10c/elements - {"using":"xpath","value":"(//span[contains(@title ,\"WebdriverYardt3rf2\")])[1]"}
RESULT: {"using":"xpath","value":"(//span[contains(@title ,\"WebdriverYardt3rf2\")])[1]"}
COMMAND: POST /session/b41f127b71ced2e69bc7a594aec7d10c/elements - {"using":"xpath","value":"(//span[contains(@title ,\"WebdriverYardt3rf2\")])[1]"}
RESULT: {"using":"xpath","value":"(//span[contains(@title ,\"WebdriverYardt3rf2\")])[1]"}
COMMAND: POST /session/b41f127b71ced2e69bc7a594aec7d10c/elements - {"using":"xpath","value":"(//span[contains(@title ,\"WebdriverYardt3rf2\")])[1]"}
RESULT: {"using":"xpath","value":"(//span[contains(@title ,\"WebdriverYardt3rf2\")])[1]"}
COMMAND: POST /session/b41f127b71ced2e69bc7a594aec7d10c/elements - {"using":"xpath","value":"(//span[contains(@title ,\"WebdriverYardt3rf2\")])[1]"}
RESULT: {"using":"xpath","value":"(//span[contains(@title ,\"WebdriverYardt3rf2\")])[1]"}
COMMAND: POST /session/b41f127b71ced2e69bc7a594aec7d10c/elements - {"using":"xpath","value":"(//span[contains(@title ,\"WebdriverYardt3rf2\")])[1]"}
RESULT: {"using":"xpath","value":"(//span[contains(@title ,\"WebdriverYardt3rf2\")])[1]"}
COMMAND: POST /session/b41f127b71ced2e69bc7a594aec7d10c/elements - {"using":"xpath","value":"(//span[contains(@title ,\"WebdriverYardt3rf2\")])[1]"}
RESULT: {"using":"xpath","value":"(//span[contains(@title ,\"WebdriverYardt3rf2\")])[1]"}
COMMAND: POST /session/b41f127b71ced2e69bc7a594aec7d10c/elements - {"using":"xpath","value":"(//span[contains(@title ,\"WebdriverYardt3rf2\")])[1]"}
RESULT: {"using":"xpath","value":"(//span[contains(@title ,\"WebdriverYardt3rf2\")])[1]"}
COMMAND: POST /session/b41f127b71ced2e69bc7a594aec7d10c/elements - {"using":"xpath","value":"(//span[contains(@title ,\"WebdriverYardt3rf2\")])[1]"}
RESULT: {"using":"xpath","value":"(//span[contains(@title ,\"WebdriverYardt3rf2\")])[1]"}
COMMAND: POST /session/b41f127b71ced2e69bc7a594aec7d10c/elements - {"using":"xpath","value":"(//span[contains(@title ,\"WebdriverYardt3rf2\")])[1]"}
RESULT: {"using":"xpath","value":"(//span[contains(@title ,\"WebdriverYardt3rf2\")])[1]"}
COMMAND: POST /session/b41f127b71ced2e69bc7a594aec7d10c/elements - {"using":"xpath","value":"(//span[contains(@title ,\"WebdriverYardt3rf2\")])[1]"}
RESULT: {"using":"xpath","value":"(//span[contains(@title ,\"WebdriverYardt3rf2\")])[1]"}
COMMAND: POST /session/b41f127b71ced2e69bc7a594aec7d10c/elements - {"using":"xpath","value":"(//span[contains(@title ,\"WebdriverYardt3rf2\")])[1]"}
RESULT: {"using":"xpath","value":"(//span[contains(@title ,\"WebdriverYardt3rf2\")])[1]"}
COMMAND: POST /session/b41f127b71ced2e69bc7a594aec7d10c/elements - {"using":"xpath","value":"(//span[contains(@title ,\"WebdriverYardt3rf2\")])[1]"}
RESULT: {"using":"xpath","value":"(//span[contains(@title ,\"WebdriverYardt3rf2\")])[1]"}
COMMAND: POST /session/b41f127b71ced2e69bc7a594aec7d10c/elements - {"using":"xpath","value":"(//span[contains(@title ,\"WebdriverYardt3rf2\")])[1]"}
RESULT: {"using":"xpath","value":"(//span[contains(@title ,\"WebdriverYardt3rf2\")])[1]"}
COMMAND: POST /session/b41f127b71ced2e69bc7a594aec7d10c/element - {"using":"xpath","value":"(//span[contains(@title ,\"WebdriverYardt3rf2\")])[1]"}
RESULT: {"using":"xpath","value":"(//span[contains(@title ,\"WebdriverYardt3rf2\")])[1]"}
COMMAND: POST /session/b41f127b71ced2e69bc7a594aec7d10c/execute/sync - {"script":"<script> [8489 bytes]","args":[{"element-6066-11e4-a52e-4f735466cecf":"f.D13B392FFCFC625696F343F77B76D564.d.F5DAE725B4AF3DEE29C3A0410DD09801.e.10332","ELEMENT":"f.D13B392FFCFC625696F343F77B76D564.d.F5DAE725B4AF3DEE29C3A0410DD09801.e.10332"}]}
RESULT: {"script":"<script> [8489 bytes]","args":[{"element-6066-11e4-a52e-4f735466cecf":"f.D13B392FFCFC625696F343F77B76D564.d.F5DAE725B4AF3DEE29C3A0410DD09801.e.10332","ELEMENT":"f.D13B392FFCFC625696F343F77B76D564.d.F5DAE725B4AF3DEE29C3A0410DD09801.e.10332"}]}
COMMAND: POST /session/b41f127b71ced2e69bc7a594aec7d10c/element - {"using":"xpath","value":"(//span[contains(@title ,\"WebdriverYardt3rf2\")])[1]"}
COMMAND: GET /session/b41f127b71ced2e69bc7a594aec7d10c/screenshot - {}
RESULT: {"using":"xpath","value":"(//span[contains(@title ,\"WebdriverYardt3rf2\")])[1]"}
COMMAND: POST /session/b41f127b71ced2e69bc7a594aec7d10c/actions - {"actions":[{"id":"action70","type":"pointer","parameters":{"pointerType":"mouse"},"actions":[{"type":"pointerMove","button":0,"width":0,"height":0,"pressure":0,"tangentialPressure":0,"tiltX":0,"tiltY":0,"twist":0,"altitudeAngle":0,"_":"5 more keys: [\"azimuthAngle\",\"x\",\"y\",\"duration\",\"origin\"]"},{"type":"pointerDown","button":2,"width":0,"height":0,"pressure":0,"tangentialPressure":0,"tiltX":0,"tiltY":0,"twist":0,"altitudeAngle":0,"_":"1 more keys: [\"azimuthAngle\"]"},{"type":"pointerUp","button":2}]}]}
RESULT: {}
RESULT: {"actions":[{"id":"action70","type":"pointer","parameters":{"pointerType":"mouse"},"actions":[{"type":"pointerMove","button":0,"width":0,"height":0,"pressure":0,"tangentialPressure":0,"tiltX":0,"tiltY":0,"twist":0,"altitudeAngle":0,"_":"5 more keys: [\"azimuthAngle\",\"x\",\"y\",\"duration\",\"origin\"]"},{"type":"pointerDown","button":2,"width":0,"height":0,"pressure":0,"tangentialPressure":0,"tiltX":0,"tiltY":0,"twist":0,"altitudeAngle":0,"_":"1 more keys: [\"azimuthAngle\"]"},{"type":"pointerUp","button":2}]}]}
COMMAND: DELETE /session/b41f127b71ced2e69bc7a594aec7d10c/actions - {}
COMMAND: GET /session/b41f127b71ced2e69bc7a594aec7d10c/screenshot - {}
RESULT: {}
COMMAND: GET /session/b41f127b71ced2e69bc7a594aec7d10c/screenshot - {}
RESULT: {}
RESULT: {}
COMMAND: POST /session/b41f127b71ced2e69bc7a594aec7d10c/actions - {"actions":[{"id":"action71","type":"key","parameters":{},"actions":[{"type":"keyDown","value":"î€•"},{"type":"pause","duration":10},{"type":"keyUp","value":"î€•"}]}]}
RESULT: {"actions":[{"id":"action71","type":"key","parameters":{},"actions":[{"type":"keyDown","value":"î€•"},{"type":"pause","duration":10},{"type":"keyUp","value":"î€•"}]}]}
COMMAND: GET /session/b41f127b71ced2e69bc7a594aec7d10c/screenshot - {}
RESULT: {}
COMMAND: POST /session/b41f127b71ced2e69bc7a594aec7d10c/actions - {"actions":[{"id":"action72","type":"key","parameters":{},"actions":[{"type":"keyDown","value":"î€‡"},{"type":"pause","duration":10},{"type":"keyUp","value":"î€‡"}]}]}
RESULT: {"actions":[{"id":"action72","type":"key","parameters":{},"actions":[{"type":"keyDown","value":"î€‡"},{"type":"pause","duration":10},{"type":"keyUp","value":"î€‡"}]}]}
COMMAND: GET /session/b41f127b71ced2e69bc7a594aec7d10c/screenshot - {}
RESULT: {}
COMMAND: POST /session/b41f127b71ced2e69bc7a594aec7d10c/execute/async - {"script":"<script> [1562 bytes]","args":[{"selector":{"id":"application-planningboard-display-component---pB_RequestHeader--RUreservationComment","searchOpenDialogs":true,"interaction":{"idSuffix":"inner"}},"wdio_ui5_key":"applicationplanningboard-display-component---pB_RequestHeader--RUreservationComment"}]}
RESULT: {"script":"<script> [1562 bytes]","args":[{"selector":{"id":"application-planningboard-display-component---pB_RequestHeader--RUreservationComment","searchOpenDialogs":true,"interaction":{"idSuffix":"inner"}},"wdio_ui5_key":"applicationplanningboard-display-component---pB_RequestHeader--RUreservationComment"}]}
RESULT: undefined
COMMAND: POST /session/b41f127b71ced2e69bc7a594aec7d10c/execute/async - {"script":"<script> [776 bytes]","args":[{"enterText":"WdIORes17cuqv","selector":{"id":"application-planningboard-display-component---pB_RequestHeader--RUreservationComment","searchOpenDialogs":true,"interaction":{"idSuffix":"inner"}},"clearTextFirst":true,"interactionType":"ENTER_TEXT"}]}
RESULT: {"script":"<script> [776 bytes]","args":[{"enterText":"WdIORes17cuqv","selector":{"id":"application-planningboard-display-component---pB_RequestHeader--RUreservationComment","searchOpenDialogs":true,"interaction":{"idSuffix":"inner"}},"clearTextFirst":true,"interactionType":"ENTER_TEXT"}]}
COMMAND: POST /session/b41f127b71ced2e69bc7a594aec7d10c/execute/async - {"script":"<script> [1562 bytes]","args":[{"selector":{"controlType":"sap.m.Button","viewName":"etm.portal.ui.planningboard.view.detail.RequestHeader","viewId":"application-planningboard-display-component---pB_RequestHeader","properties":{"text":"Ok"},"searchOpenDialogs":true,"interaction":{"idSuffix":"BDI-content"}},"wdio_ui5_key":"etmportal.ui.planningboard.view.detail.RequestHeadersap.m.Button{\"text\":\"Ok\"}"}]}
RESULT: {"script":"<script> [1562 bytes]","args":[{"selector":{"controlType":"sap.m.Button","viewName":"etm.portal.ui.planningboard.view.detail.RequestHeader","viewId":"application-planningboard-display-component---pB_RequestHeader","properties":{"text":"Ok"},"searchOpenDialogs":true,"interaction":{"idSuffix":"BDI-content"}},"wdio_ui5_key":"etmportal.ui.planningboard.view.detail.RequestHeadersap.m.Button{\"text\":\"Ok\"}"}]}
RESULT: undefined
COMMAND: POST /session/b41f127b71ced2e69bc7a594aec7d10c/element - {"using":"xpath","value":"//*[@id=\"__button192\"]"}
RESULT: {"using":"xpath","value":"//*[@id=\"__button192\"]"}
COMMAND: POST /session/b41f127b71ced2e69bc7a594aec7d10c/element/f.D13B392FFCFC625696F343F77B76D564.d.F5DAE725B4AF3DEE29C3A0410DD09801.e.10347/click - {}
RESULT: {}
COMMAND: GET /session/b41f127b71ced2e69bc7a594aec7d10c/screenshot - {}
RESULT: {}
COMMAND: POST /session/b41f127b71ced2e69bc7a594aec7d10c/element - {"using":"xpath","value":"//span[contains(@title ,\"WebdriverYardt3rf2\")]"}
RESULT: {"using":"xpath","value":"//span[contains(@title ,\"WebdriverYardt3rf2\")]"}
COMMAND: POST /session/b41f127b71ced2e69bc7a594aec7d10c/actions - {"actions":[{"id":"action73","type":"pointer","parameters":{"pointerType":"mouse"},"actions":[{"type":"pointerMove","button":0,"width":0,"height":0,"pressure":0,"tangentialPressure":0,"tiltX":0,"tiltY":0,"twist":0,"altitudeAngle":0,"_":"5 more keys: [\"azimuthAngle\",\"x\",\"y\",\"duration\",\"origin\"]"},{"type":"pointerDown","button":2,"width":0,"height":0,"pressure":0,"tangentialPressure":0,"tiltX":0,"tiltY":0,"twist":0,"altitudeAngle":0,"_":"1 more keys: [\"azimuthAngle\"]"},{"type":"pointerUp","button":2}]}]}
RESULT: {"actions":[{"id":"action73","type":"pointer","parameters":{"pointerType":"mouse"},"actions":[{"type":"pointerMove","button":0,"width":0,"height":0,"pressure":0,"tangentialPressure":0,"tiltX":0,"tiltY":0,"twist":0,"altitudeAngle":0,"_":"5 more keys: [\"azimuthAngle\",\"x\",\"y\",\"duration\",\"origin\"]"},{"type":"pointerDown","button":2,"width":0,"height":0,"pressure":0,"tangentialPressure":0,"tiltX":0,"tiltY":0,"twist":0,"altitudeAngle":0,"_":"1 more keys: [\"azimuthAngle\"]"},{"type":"pointerUp","button":2}]}]}
COMMAND: DELETE /session/b41f127b71ced2e69bc7a594aec7d10c/actions - {}
COMMAND: GET /session/b41f127b71ced2e69bc7a594aec7d10c/screenshot - {}
RESULT: {}
COMMAND: GET /session/b41f127b71ced2e69bc7a594aec7d10c/screenshot - {}
RESULT: {}
RESULT: {}
COMMAND: POST /session/b41f127b71ced2e69bc7a594aec7d10c/actions - {"actions":[{"id":"action74","type":"key","parameters":{},"actions":[{"type":"keyDown","value":"î€•"},{"type":"pause","duration":10},{"type":"keyUp","value":"î€•"}]}]}
RESULT: {"actions":[{"id":"action74","type":"key","parameters":{},"actions":[{"type":"keyDown","value":"î€•"},{"type":"pause","duration":10},{"type":"keyUp","value":"î€•"}]}]}
COMMAND: GET /session/b41f127b71ced2e69bc7a594aec7d10c/screenshot - {}
RESULT: {}
COMMAND: POST /session/b41f127b71ced2e69bc7a594aec7d10c/actions - {"actions":[{"id":"action75","type":"key","parameters":{},"actions":[{"type":"keyDown","value":"î€‡"},{"type":"pause","duration":10},{"type":"keyUp","value":"î€‡"}]}]}
RESULT: {"actions":[{"id":"action75","type":"key","parameters":{},"actions":[{"type":"keyDown","value":"î€‡"},{"type":"pause","duration":10},{"type":"keyUp","value":"î€‡"}]}]}
COMMAND: GET /session/b41f127b71ced2e69bc7a594aec7d10c/screenshot - {}
RESULT: {}
RESULT: undefined
COMMAND: POST /session/b41f127b71ced2e69bc7a594aec7d10c/execute/async - {"script":"<script> [776 bytes]","args":[{"enterText":"WdIORes25qapbg","selector":{"id":"application-planningboard-display-component---pB_RequestHeader--RUreservationComment","searchOpenDialogs":true,"interaction":{"idSuffix":"inner"}},"clearTextFirst":true,"interactionType":"ENTER_TEXT"}]}
RESULT: {"script":"<script> [776 bytes]","args":[{"enterText":"WdIORes25qapbg","selector":{"id":"application-planningboard-display-component---pB_RequestHeader--RUreservationComment","searchOpenDialogs":true,"interaction":{"idSuffix":"inner"}},"clearTextFirst":true,"interactionType":"ENTER_TEXT"}]}
RESULT: undefined
COMMAND: POST /session/b41f127b71ced2e69bc7a594aec7d10c/element - {"using":"xpath","value":"//*[@id=\"__button192\"]"}
RESULT: {"using":"xpath","value":"//*[@id=\"__button192\"]"}
COMMAND: POST /session/b41f127b71ced2e69bc7a594aec7d10c/element/f.D13B392FFCFC625696F343F77B76D564.d.F5DAE725B4AF3DEE29C3A0410DD09801.e.10422/click - {}
RESULT: {}
COMMAND: GET /session/b41f127b71ced2e69bc7a594aec7d10c/screenshot - {}
RESULT: {}
COMMAND: POST /session/b41f127b71ced2e69bc7a594aec7d10c/execute/async - {"script":"<script> [1562 bytes]","args":[{"selector":{"controlType":"sap.m.Button","viewName":"etm.portal.ui.planningboard.view.detail.RequestHeader","viewId":"application-planningboard-display-component---pB_RequestHeader","i18NText":{"propertyName":"text","key":"close"},"ancestor":{"id":"application-planningboard-display-component---pB_RequestHeader--requestItemDetails"},"interaction":{"idSuffix":"BDI-content"}},"wdio_ui5_key":"etmportal.ui.planningboard.view.detail.RequestHeadersap.m.Button{\"propertyName\":\"text\",\"key\":\"close\"}{\"id\":\"application-planningboard-display-component---pB_RequestHeader--requestItemDetails\"}"}]}
RESULT: {"script":"<script> [1562 bytes]","args":[{"selector":{"controlType":"sap.m.Button","viewName":"etm.portal.ui.planningboard.view.detail.RequestHeader","viewId":"application-planningboard-display-component---pB_RequestHeader","i18NText":{"propertyName":"text","key":"close"},"ancestor":{"id":"application-planningboard-display-component---pB_RequestHeader--requestItemDetails"},"interaction":{"idSuffix":"BDI-content"}},"wdio_ui5_key":"etmportal.ui.planningboard.view.detail.RequestHeadersap.m.Button{\"propertyName\":\"text\",\"key\":\"close\"}{\"id\":\"application-planningboard-display-component---pB_RequestHeader--requestItemDetails\"}"}]}
RESULT: undefined
COMMAND: POST /session/b41f127b71ced2e69bc7a594aec7d10c/element - {"using":"xpath","value":"//*[@id=\"__button68\"]"}
RESULT: {"using":"xpath","value":"//*[@id=\"__button68\"]"}
COMMAND: POST /session/b41f127b71ced2e69bc7a594aec7d10c/element/f.D13B392FFCFC625696F343F77B76D564.d.F5DAE725B4AF3DEE29C3A0410DD09801.e.10214/click - {}
RESULT: {}
COMMAND: GET /session/b41f127b71ced2e69bc7a594aec7d10c/screenshot - {}
RESULT: {}
COMMAND: POST /session/b41f127b71ced2e69bc7a594aec7d10c/execute/async - {"script":"<script> [1562 bytes]","args":[{"selector":{"id":"application-planningboard-display-component---pB_Master--selectView","interaction":{"idSuffix":"arrow"}},"wdio_ui5_key":"applicationplanningboard-display-component---pB_Master--selectView"}]}
RESULT: {"script":"<script> [1562 bytes]","args":[{"selector":{"id":"application-planningboard-display-component---pB_Master--selectView","interaction":{"idSuffix":"arrow"}},"wdio_ui5_key":"applicationplanningboard-display-component---pB_Master--selectView"}]}
RESULT: undefined
COMMAND: POST /session/b41f127b71ced2e69bc7a594aec7d10c/element - {"using":"xpath","value":"//*[@id=\"application-planningboard-display-component---pB_Master--selectView\"]"}
RESULT: {"using":"xpath","value":"//*[@id=\"application-planningboard-display-component---pB_Master--selectView\"]"}
COMMAND: POST /session/b41f127b71ced2e69bc7a594aec7d10c/element/f.D13B392FFCFC625696F343F77B76D564.d.F5DAE725B4AF3DEE29C3A0410DD09801.e.10642/click - {}
RESULT: {}
COMMAND: GET /session/b41f127b71ced2e69bc7a594aec7d10c/screenshot - {}
RESULT: {}
COMMAND: POST /session/b41f127b71ced2e69bc7a594aec7d10c/execute/async - {"script":"<script> [1562 bytes]","args":[{"selector":{"controlType":"sap.ui.core.Item","viewName":"etm.portal.ui.planningboard.view.Master","viewId":"application-planningboard-display-component---pB_Master","i18NText":{"propertyName":"text","key":"manageReservations"},"searchOpenDialogs":true},"wdio_ui5_key":"etmportal.ui.planningboard.view.Mastersap.ui.core.Item{\"propertyName\":\"text\",\"key\":\"manageReservations\"}"}]}
RESULT: {"script":"<script> [1562 bytes]","args":[{"selector":{"controlType":"sap.ui.core.Item","viewName":"etm.portal.ui.planningboard.view.Master","viewId":"application-planningboard-display-component---pB_Master","i18NText":{"propertyName":"text","key":"manageReservations"},"searchOpenDialogs":true},"wdio_ui5_key":"etmportal.ui.planningboard.view.Mastersap.ui.core.Item{\"propertyName\":\"text\",\"key\":\"manageReservations\"}"}]}
RESULT: undefined
COMMAND: POST /session/b41f127b71ced2e69bc7a594aec7d10c/element - {"using":"xpath","value":"//*[@id=\"__item1066\"]"}
RESULT: {"using":"xpath","value":"//*[@id=\"__item1066\"]"}
COMMAND: POST /session/b41f127b71ced2e69bc7a594aec7d10c/element/f.D13B392FFCFC625696F343F77B76D564.d.F5DAE725B4AF3DEE29C3A0410DD09801.e.10643/click - {}
RESULT: {}
COMMAND: GET /session/b41f127b71ced2e69bc7a594aec7d10c/screenshot - {}
RESULT: {}
COMMAND: POST /session/b41f127b71ced2e69bc7a594aec7d10c/element - {"using":"xpath","value":"//span[contains(@id ,\"clone\")][contains(text(), \"WdIORes17cuqv\")]"}
RESULT: {"using":"xpath","value":"//span[contains(@id ,\"clone\")][contains(text(), \"WdIORes17cuqv\")]"}
COMMAND: GET /session/b41f127b71ced2e69bc7a594aec7d10c/element/f.D13B392FFCFC625696F343F77B76D564.d.F5DAE725B4AF3DEE29C3A0410DD09801.e.10659/text - {}
RESULT: {}
COMMAND: POST /session/b41f127b71ced2e69bc7a594aec7d10c/element - {"using":"xpath","value":"//span[contains(@id ,\"clone\")][contains(text(), \"WdIORes25qapbg\")]"}
RESULT: {"using":"xpath","value":"//span[contains(@id ,\"clone\")][contains(text(), \"WdIORes25qapbg\")]"}
COMMAND: POST /session/b41f127b71ced2e69bc7a594aec7d10c/element/f.D13B392FFCFC625696F343F77B76D564.d.F5DAE725B4AF3DEE29C3A0410DD09801.e.10660/click - {}
RESULT: {}
COMMAND: GET /session/b41f127b71ced2e69bc7a594aec7d10c/screenshot - {}
RESULT: {}
COMMAND: POST /session/b41f127b71ced2e69bc7a594aec7d10c/actions - {"actions":[{"id":"action76","type":"key","parameters":{},"actions":[{"type":"keyDown","value":"î€‡"},{"type":"pause","duration":10},{"type":"keyUp","value":"î€‡"}]}]}
RESULT: {"actions":[{"id":"action76","type":"key","parameters":{},"actions":[{"type":"keyDown","value":"î€‡"},{"type":"pause","duration":10},{"type":"keyUp","value":"î€‡"}]}]}
COMMAND: GET /session/b41f127b71ced2e69bc7a594aec7d10c/screenshot - {}
RESULT: {}
COMMAND: POST /session/b41f127b71ced2e69bc7a594aec7d10c/execute/async - {"script":"<script> [1562 bytes]","args":[{"selector":{"controlType":"sap.m.Button","viewName":"etm.portal.ui.planningboard.view.detail.Planning","viewId":"application-planningboard-display-component---pB_Planning","i18NText":{"propertyName":"text","key":"unplan"},"interaction":{"idSuffix":"BDI-content"}},"wdio_ui5_key":"etmportal.ui.planningboard.view.detail.Planningsap.m.Button{\"propertyName\":\"text\",\"key\":\"unplan\"}"}]}
RESULT: {"script":"<script> [1562 bytes]","args":[{"selector":{"controlType":"sap.m.Button","viewName":"etm.portal.ui.planningboard.view.detail.Planning","viewId":"application-planningboard-display-component---pB_Planning","i18NText":{"propertyName":"text","key":"unplan"},"interaction":{"idSuffix":"BDI-content"}},"wdio_ui5_key":"etmportal.ui.planningboard.view.detail.Planningsap.m.Button{\"propertyName\":\"text\",\"key\":\"unplan\"}"}]}
RESULT: undefined
COMMAND: POST /session/b41f127b71ced2e69bc7a594aec7d10c/element - {"using":"xpath","value":"//*[@id=\"__button258\"]"}
RESULT: {"using":"xpath","value":"//*[@id=\"__button258\"]"}
COMMAND: POST /session/b41f127b71ced2e69bc7a594aec7d10c/element/f.D13B392FFCFC625696F343F77B76D564.d.F5DAE725B4AF3DEE29C3A0410DD09801.e.10723/click - {}
RESULT: {}
COMMAND: GET /session/b41f127b71ced2e69bc7a594aec7d10c/screenshot - {}
RESULT: {}
COMMAND: POST /session/b41f127b71ced2e69bc7a594aec7d10c/element - {"using":"xpath","value":"//span[contains(@id ,\"clone\")][contains(text(), \"WdIORes25qapbg\")]"}
RESULT: {"using":"xpath","value":"//span[contains(@id ,\"clone\")][contains(text(), \"WdIORes25qapbg\")]"}
COMMAND: POST /session/b41f127b71ced2e69bc7a594aec7d10c/element - {"using":"xpath","value":"//span[contains(@id ,\"clone\")][contains(text(), \"WdIORes25qapbg\")]"}
RESULT: {"using":"xpath","value":"//span[contains(@id ,\"clone\")][contains(text(), \"WdIORes25qapbg\")]"}
COMMAND: POST /session/b41f127b71ced2e69bc7a594aec7d10c/element - {"using":"xpath","value":"//span[contains(@id ,\"clone\")][contains(text(), \"WdIORes17cuqv\")]"}
RESULT: {"using":"xpath","value":"//span[contains(@id ,\"clone\")][contains(text(), \"WdIORes17cuqv\")]"}
COMMAND: POST /session/b41f127b71ced2e69bc7a594aec7d10c/element/f.D13B392FFCFC625696F343F77B76D564.d.F5DAE725B4AF3DEE29C3A0410DD09801.e.10787/click - {}
RESULT: {}
COMMAND: GET /session/b41f127b71ced2e69bc7a594aec7d10c/screenshot - {}
RESULT: {}
COMMAND: POST /session/b41f127b71ced2e69bc7a594aec7d10c/actions - {"actions":[{"id":"action77","type":"key","parameters":{},"actions":[{"type":"keyDown","value":"î€‡"},{"type":"pause","duration":10},{"type":"keyUp","value":"î€‡"}]}]}
RESULT: {"actions":[{"id":"action77","type":"key","parameters":{},"actions":[{"type":"keyDown","value":"î€‡"},{"type":"pause","duration":10},{"type":"keyUp","value":"î€‡"}]}]}
COMMAND: GET /session/b41f127b71ced2e69bc7a594aec7d10c/screenshot - {}
RESULT: {}
]]></system-out>
    </testcase>
  </testsuite>
  <testsuite timestamp="2025-05-02T16:14:08" time="31.083" tests="1" failures="0" errors="0" skipped="0">
    <properties>
      <property name="specId" value="0" />
      <property name="suiteName" value="Reserve/Unreserve request item via reserve option US139161" />
      <property name="capabilities" value="chrome.135_0_7049_96.windows" />
      <property name="file" value="file:///D:/a/1/s/test/specs/R2C/manage-reservations-view-planning-board.spec.js" />
    </properties>
    <testcase classname="chrome.135_0_7049_96.windows.Reserve/Unreserve_request_item_via_reserve_option_US139161" name="Should open a reservation to verify and edit the details" time="31.081">
      <system-out><![CDATA[
COMMAND: POST /session/b41f127b71ced2e69bc7a594aec7d10c/element - {"using":"xpath","value":"//button[contains(@data-kt, \"editButton\")]"}
RESULT: {"using":"xpath","value":"//button[contains(@data-kt, \"editButton\")]"}
COMMAND: POST /session/b41f127b71ced2e69bc7a594aec7d10c/execute/sync - {"script":"<script> [8489 bytes]","args":[{"element-6066-11e4-a52e-4f735466cecf":"f.D13B392FFCFC625696F343F77B76D564.d.F5DAE725B4AF3DEE29C3A0410DD09801.e.10841","ELEMENT":"f.D13B392FFCFC625696F343F77B76D564.d.F5DAE725B4AF3DEE29C3A0410DD09801.e.10841"}]}
RESULT: {"script":"<script> [8489 bytes]","args":[{"element-6066-11e4-a52e-4f735466cecf":"f.D13B392FFCFC625696F343F77B76D564.d.F5DAE725B4AF3DEE29C3A0410DD09801.e.10841","ELEMENT":"f.D13B392FFCFC625696F343F77B76D564.d.F5DAE725B4AF3DEE29C3A0410DD09801.e.10841"}]}
COMMAND: POST /session/b41f127b71ced2e69bc7a594aec7d10c/element - {"using":"xpath","value":"//button[contains(@data-kt, \"unplanButton\")]"}
COMMAND: GET /session/b41f127b71ced2e69bc7a594aec7d10c/screenshot - {}
RESULT: {"using":"xpath","value":"//button[contains(@data-kt, \"unplanButton\")]"}
COMMAND: POST /session/b41f127b71ced2e69bc7a594aec7d10c/execute/sync - {"script":"<script> [8489 bytes]","args":[{"element-6066-11e4-a52e-4f735466cecf":"f.D13B392FFCFC625696F343F77B76D564.d.F5DAE725B4AF3DEE29C3A0410DD09801.e.10842","ELEMENT":"f.D13B392FFCFC625696F343F77B76D564.d.F5DAE725B4AF3DEE29C3A0410DD09801.e.10842"}]}
RESULT: {}
RESULT: {"script":"<script> [8489 bytes]","args":[{"element-6066-11e4-a52e-4f735466cecf":"f.D13B392FFCFC625696F343F77B76D564.d.F5DAE725B4AF3DEE29C3A0410DD09801.e.10842","ELEMENT":"f.D13B392FFCFC625696F343F77B76D564.d.F5DAE725B4AF3DEE29C3A0410DD09801.e.10842"}]}
COMMAND: POST /session/b41f127b71ced2e69bc7a594aec7d10c/element - {"using":"xpath","value":"//button[contains(@data-kt, \"editButton\")]"}
COMMAND: GET /session/b41f127b71ced2e69bc7a594aec7d10c/screenshot - {}
RESULT: {"using":"xpath","value":"//button[contains(@data-kt, \"editButton\")]"}
COMMAND: POST /session/b41f127b71ced2e69bc7a594aec7d10c/element/f.D13B392FFCFC625696F343F77B76D564.d.F5DAE725B4AF3DEE29C3A0410DD09801.e.10841/click - {}
RESULT: {}
RESULT: {}
COMMAND: POST /session/b41f127b71ced2e69bc7a594aec7d10c/element - {"using":"xpath","value":"(//input[contains(@id ,\"picker\")][contains(@aria-roledescription ,\"Date Input\")])[4]"}
COMMAND: GET /session/b41f127b71ced2e69bc7a594aec7d10c/screenshot - {}
RESULT: {"using":"xpath","value":"(//input[contains(@id ,\"picker\")][contains(@aria-roledescription ,\"Date Input\")])[4]"}
COMMAND: POST /session/b41f127b71ced2e69bc7a594aec7d10c/element/f.D13B392FFCFC625696F343F77B76D564.d.F5DAE725B4AF3DEE29C3A0410DD09801.e.10809/clear - {}
RESULT: {}
RESULT: {}
COMMAND: POST /session/b41f127b71ced2e69bc7a594aec7d10c/element/f.D13B392FFCFC625696F343F77B76D564.d.F5DAE725B4AF3DEE29C3A0410DD09801.e.10809/value - {"text":"5/4/25"}
COMMAND: GET /session/b41f127b71ced2e69bc7a594aec7d10c/screenshot - {}
RESULT: {"text":"5/4/25"}
COMMAND: GET /session/b41f127b71ced2e69bc7a594aec7d10c/screenshot - {}
RESULT: {}
RESULT: {}
COMMAND: POST /session/b41f127b71ced2e69bc7a594aec7d10c/element - {"using":"xpath","value":"//bdi[contains(text(), \"Save\")]"}
RESULT: {"using":"xpath","value":"//bdi[contains(text(), \"Save\")]"}
COMMAND: POST /session/b41f127b71ced2e69bc7a594aec7d10c/element/f.D13B392FFCFC625696F343F77B76D564.d.F5DAE725B4AF3DEE29C3A0410DD09801.e.10864/click - {}
RESULT: {}
COMMAND: GET /session/b41f127b71ced2e69bc7a594aec7d10c/screenshot - {}
RESULT: {}
COMMAND: POST /session/b41f127b71ced2e69bc7a594aec7d10c/element - {"using":"xpath","value":"(//input[contains(@id ,\"picker\")][contains(@aria-roledescription ,\"Date Input\")])[4]"}
RESULT: {"using":"xpath","value":"(//input[contains(@id ,\"picker\")][contains(@aria-roledescription ,\"Date Input\")])[4]"}
COMMAND: GET /session/b41f127b71ced2e69bc7a594aec7d10c/element/f.D13B392FFCFC625696F343F77B76D564.d.F5DAE725B4AF3DEE29C3A0410DD09801.e.10809/property/value - {}
RESULT: {}
COMMAND: GET /session/b41f127b71ced2e69bc7a594aec7d10c/screenshot - {}
RESULT: {}
COMMAND: POST /session/b41f127b71ced2e69bc7a594aec7d10c/element - {"using":"xpath","value":"//bdi[contains(text(), \"Unplan\")]"}
RESULT: {"using":"xpath","value":"//bdi[contains(text(), \"Unplan\")]"}
COMMAND: POST /session/b41f127b71ced2e69bc7a594aec7d10c/element/f.D13B392FFCFC625696F343F77B76D564.d.F5DAE725B4AF3DEE29C3A0410DD09801.e.10876/click - {}
RESULT: {}
COMMAND: GET /session/b41f127b71ced2e69bc7a594aec7d10c/screenshot - {}
RESULT: {}
COMMAND: POST /session/b41f127b71ced2e69bc7a594aec7d10c/element - {"using":"css selector","value":"#shell-header-logo"}
RESULT: {"using":"css selector","value":"#shell-header-logo"}
COMMAND: POST /session/b41f127b71ced2e69bc7a594aec7d10c/element/f.D13B392FFCFC625696F343F77B76D564.d.F5DAE725B4AF3DEE29C3A0410DD09801.e.9318/click - {}
RESULT: {}
COMMAND: GET /session/b41f127b71ced2e69bc7a594aec7d10c/screenshot - {}
RESULT: {}
COMMAND: POST /session/b41f127b71ced2e69bc7a594aec7d10c/refresh - {}
RESULT: {}
COMMAND: GET /session/b41f127b71ced2e69bc7a594aec7d10c/screenshot - {}
RESULT: {}
COMMAND: POST /session/b41f127b71ced2e69bc7a594aec7d10c/execute/async - {"script":"<script> [189 bytes]","args":[]}
RESULT: {"script":"<script> [189 bytes]","args":[]}
COMMAND: POST /session/b41f127b71ced2e69bc7a594aec7d10c/execute/async - {"script":"<script> [123 bytes]","args":[]}
RESULT: {"script":"<script> [123 bytes]","args":[]}
COMMAND: POST /session/b41f127b71ced2e69bc7a594aec7d10c/timeouts - {"script":"<number>"}
RESULT: {"script":"<number>"}
COMMAND: GET /session/b41f127b71ced2e69bc7a594aec7d10c/timeouts - {}
RESULT: {}
RESULT: undefined
COMMAND: POST /session/b41f127b71ced2e69bc7a594aec7d10c/execute/async - {"script":"<script> [2676 bytes]","args":[]}
RESULT: {"script":"<script> [2676 bytes]","args":[]}
COMMAND: POST /session/b41f127b71ced2e69bc7a594aec7d10c/execute/async - {"script":"<script> [2342 bytes]","args":[{"protocol":"http","hostname":"0.0.0.0","path":"/","capabilities":{"browserName":"chrome","goog:chromeOptions":{"binary":"C:\\Program Files\\Google\\Chrome\\Application\\chrome.exe","args":["--start-maximized"]}},"logLevel":"warn","connectionRetryTimeout":120000,"connectionRetryCount":3,"logLevels":{},"enableDirectConnect":true,"strictSSL":true,"_":"65 more keys: [\"cacheDir\",\"port\",\"requestedCapabilities\",\"automationProtocol\",\"baseUrl\",\"waitforInterval\",\"waitforTimeout\",\"onReload\",\"beforeCommand\",\"afterCommand\",\"rootDir\",\"specs\",\"suites\",\"exclude\",\"groupLogsByTestSpec\",\"excludeDriverLogs\",\"bail\",\"framework\",\"reporters\",\"services\",\"maxInstances\",\"maxInstancesPerCapability\",\"injectGlobals\",\"filesToWatch\",\"execArgv\",\"runnerEnv\",\"runner\",\"shard\",\"specFileRetries\",\"specFileRetriesDelay\",\"specFileRetriesDeferred\",\"reporterSyncInterval\",\"reporterSyncTimeout\",\"cucumberFeaturesWithLineNumbers\",\"autoCompileOpts\",\"mochaOpts\",\"jasmineOpts\",\"cucumberOpts\",\"onPrepare\",\"onWorkerStart\",\"onWorkerEnd\",\"before\",\"beforeSession\",\"beforeSuite\",\"beforeHook\",\"beforeTest\",\"afterTest\",\"afterHook\",\"afterSuite\",\"afterSession\",\"after\",\"onComplete\",\"beforeAssertion\",\"afterAssertion\",\"beforeFeature\",\"beforeScenario\",\"beforeStep\",\"afterStep\",\"afterScenario\",\"afterFeature\",\"_\",\"suite\",\"$0\",\"ignoredWorkerServices\",\"wdi5\"]"}]}
RESULT: {"script":"<script> [2342 bytes]","args":[{"protocol":"http","hostname":"0.0.0.0","path":"/","capabilities":{"browserName":"chrome","goog:chromeOptions":{"binary":"C:\\Program Files\\Google\\Chrome\\Application\\chrome.exe","args":["--start-maximized"]}},"logLevel":"warn","connectionRetryTimeout":120000,"connectionRetryCount":3,"logLevels":{},"enableDirectConnect":true,"strictSSL":true,"_":"65 more keys: [\"cacheDir\",\"port\",\"requestedCapabilities\",\"automationProtocol\",\"baseUrl\",\"waitforInterval\",\"waitforTimeout\",\"onReload\",\"beforeCommand\",\"afterCommand\",\"rootDir\",\"specs\",\"suites\",\"exclude\",\"groupLogsByTestSpec\",\"excludeDriverLogs\",\"bail\",\"framework\",\"reporters\",\"services\",\"maxInstances\",\"maxInstancesPerCapability\",\"injectGlobals\",\"filesToWatch\",\"execArgv\",\"runnerEnv\",\"runner\",\"shard\",\"specFileRetries\",\"specFileRetriesDelay\",\"specFileRetriesDeferred\",\"reporterSyncInterval\",\"reporterSyncTimeout\",\"cucumberFeaturesWithLineNumbers\",\"autoCompileOpts\",\"mochaOpts\",\"jasmineOpts\",\"cucumberOpts\",\"onPrepare\",\"onWorkerStart\",\"onWorkerEnd\",\"before\",\"beforeSession\",\"beforeSuite\",\"beforeHook\",\"beforeTest\",\"afterTest\",\"afterHook\",\"afterSuite\",\"afterSession\",\"after\",\"onComplete\",\"beforeAssertion\",\"afterAssertion\",\"beforeFeature\",\"beforeScenario\",\"beforeStep\",\"afterStep\",\"afterScenario\",\"afterFeature\",\"_\",\"suite\",\"$0\",\"ignoredWorkerServices\",\"wdi5\"]"}]}
COMMAND: POST /session/b41f127b71ced2e69bc7a594aec7d10c/execute/async - {"script":"<script> [21126 bytes]","args":[35000]}
RESULT: {"script":"<script> [21126 bytes]","args":[35000]}
]]></system-out>
    </testcase>
  </testsuite>
  <testsuite timestamp="2025-05-02T16:14:39" time="338.16" tests="3" failures="0" errors="0" skipped="0">
    <properties>
      <property name="specId" value="0" />
      <property name="suiteName" value="Process request items into new quotation US120163" />
      <property name="capabilities" value="chrome.135_0_7049_96.windows" />
      <property name="file" value="file:///D:/a/1/s/test/specs/R2C/process-request-items-into-new-quotation.spec.js" />
    </properties>
    <testcase classname="chrome.135_0_7049_96.windows.Process_request_items_into_new_quotation_US120163" name="Should create a new request with catalog items and plan it" time="196.271">
      <system-out><![CDATA[
COMMAND: POST /session/b41f127b71ced2e69bc7a594aec7d10c/element - {"using":"xpath","value":"//*[contains(@href, 'etm.portal.ui.managerequests')]"}
RESULT: {"using":"xpath","value":"//*[contains(@href, 'etm.portal.ui.managerequests')]"}
COMMAND: POST /session/b41f127b71ced2e69bc7a594aec7d10c/element/f.D13B392FFCFC625696F343F77B76D564.d.DB7F5C96FF8E50C13D4DFBB0F3640A99.e.10954/click - {}
RESULT: {}
COMMAND: GET /session/b41f127b71ced2e69bc7a594aec7d10c/screenshot - {}
RESULT: {}
COMMAND: POST /session/b41f127b71ced2e69bc7a594aec7d10c/element - {"using":"xpath","value":"//button[contains(@data-kt ,\"btnCreateNewOverflowToolbarButton\")]"}
COMMAND: POST /session/b41f127b71ced2e69bc7a594aec7d10c/element - {"using":"xpath","value":"(//span[contains(@class ,\"sapMObjStatusText\")])[1]"}
RESULT: {"using":"xpath","value":"//button[contains(@data-kt ,\"btnCreateNewOverflowToolbarButton\")]"}
COMMAND: POST /session/b41f127b71ced2e69bc7a594aec7d10c/element/f.D13B392FFCFC625696F343F77B76D564.d.DB7F5C96FF8E50C13D4DFBB0F3640A99.e.11012/click - {}
RESULT: {"using":"xpath","value":"(//span[contains(@class ,\"sapMObjStatusText\")])[1]"}
COMMAND: POST /session/b41f127b71ced2e69bc7a594aec7d10c/execute/sync - {"script":"<script> [8489 bytes]","args":[{"element-6066-11e4-a52e-4f735466cecf":"f.D13B392FFCFC625696F343F77B76D564.d.DB7F5C96FF8E50C13D4DFBB0F3640A99.e.11056","ELEMENT":"f.D13B392FFCFC625696F343F77B76D564.d.DB7F5C96FF8E50C13D4DFBB0F3640A99.e.11056"}]}
RESULT: {}
RESULT: {"script":"<script> [8489 bytes]","args":[{"element-6066-11e4-a52e-4f735466cecf":"f.D13B392FFCFC625696F343F77B76D564.d.DB7F5C96FF8E50C13D4DFBB0F3640A99.e.11056","ELEMENT":"f.D13B392FFCFC625696F343F77B76D564.d.DB7F5C96FF8E50C13D4DFBB0F3640A99.e.11056"}]}
COMMAND: GET /session/b41f127b71ced2e69bc7a594aec7d10c/screenshot - {}
COMMAND: GET /session/b41f127b71ced2e69bc7a594aec7d10c/screenshot - {}
RESULT: {}
RESULT: {}
COMMAND: POST /session/b41f127b71ced2e69bc7a594aec7d10c/element - {"using":"xpath","value":"//input[contains(@id ,\"yardId-inner\")]"}
RESULT: {"using":"xpath","value":"//input[contains(@id ,\"yardId-inner\")]"}
COMMAND: POST /session/b41f127b71ced2e69bc7a594aec7d10c/execute/sync - {"script":"<script> [8489 bytes]","args":[{"element-6066-11e4-a52e-4f735466cecf":"f.D13B392FFCFC625696F343F77B76D564.d.DB7F5C96FF8E50C13D4DFBB0F3640A99.e.11272","ELEMENT":"f.D13B392FFCFC625696F343F77B76D564.d.DB7F5C96FF8E50C13D4DFBB0F3640A99.e.11272"}]}
RESULT: {"script":"<script> [8489 bytes]","args":[{"element-6066-11e4-a52e-4f735466cecf":"f.D13B392FFCFC625696F343F77B76D564.d.DB7F5C96FF8E50C13D4DFBB0F3640A99.e.11272","ELEMENT":"f.D13B392FFCFC625696F343F77B76D564.d.DB7F5C96FF8E50C13D4DFBB0F3640A99.e.11272"}]}
COMMAND: POST /session/b41f127b71ced2e69bc7a594aec7d10c/element - {"using":"xpath","value":"//input[contains(@id ,\"yardId-inner\")]"}
COMMAND: GET /session/b41f127b71ced2e69bc7a594aec7d10c/screenshot - {}
RESULT: {"using":"xpath","value":"//input[contains(@id ,\"yardId-inner\")]"}
COMMAND: GET /session/b41f127b71ced2e69bc7a594aec7d10c/element/f.D13B392FFCFC625696F343F77B76D564.d.DB7F5C96FF8E50C13D4DFBB0F3640A99.e.11272/enabled - {}
RESULT: {}
RESULT: {}
COMMAND: POST /session/b41f127b71ced2e69bc7a594aec7d10c/element/f.D13B392FFCFC625696F343F77B76D564.d.DB7F5C96FF8E50C13D4DFBB0F3640A99.e.11272/clear - {}
COMMAND: GET /session/b41f127b71ced2e69bc7a594aec7d10c/screenshot - {}
RESULT: {}
COMMAND: POST /session/b41f127b71ced2e69bc7a594aec7d10c/element/f.D13B392FFCFC625696F343F77B76D564.d.DB7F5C96FF8E50C13D4DFBB0F3640A99.e.11272/value - {"text":"WebdriverYardt3rf2"}
COMMAND: GET /session/b41f127b71ced2e69bc7a594aec7d10c/screenshot - {}
RESULT: {}
RESULT: {"text":"WebdriverYardt3rf2"}
COMMAND: GET /session/b41f127b71ced2e69bc7a594aec7d10c/screenshot - {}
RESULT: {}
RESULT: {}
COMMAND: POST /session/b41f127b71ced2e69bc7a594aec7d10c/element - {"using":"xpath","value":"//input[contains(@id ,\"customerNumber-inner\")]"}
RESULT: {"using":"xpath","value":"//input[contains(@id ,\"customerNumber-inner\")]"}
COMMAND: POST /session/b41f127b71ced2e69bc7a594aec7d10c/element/f.D13B392FFCFC625696F343F77B76D564.d.DB7F5C96FF8E50C13D4DFBB0F3640A99.e.11266/value - {"text":"WebdriverPartneran3aa"}
COMMAND: POST /session/b41f127b71ced2e69bc7a594aec7d10c/actions - {"actions":[{"id":"action78","type":"key","parameters":{},"actions":[{"type":"keyDown","value":"î€‡"},{"type":"pause","duration":10},{"type":"keyUp","value":"î€‡"}]}]}
RESULT: {"text":"WebdriverPartneran3aa"}
COMMAND: GET /session/b41f127b71ced2e69bc7a594aec7d10c/screenshot - {}
RESULT: {"actions":[{"id":"action78","type":"key","parameters":{},"actions":[{"type":"keyDown","value":"î€‡"},{"type":"pause","duration":10},{"type":"keyUp","value":"î€‡"}]}]}
COMMAND: GET /session/b41f127b71ced2e69bc7a594aec7d10c/screenshot - {}
RESULT: {}
RESULT: {}
COMMAND: POST /session/b41f127b71ced2e69bc7a594aec7d10c/element/f.D13B392FFCFC625696F343F77B76D564.d.DB7F5C96FF8E50C13D4DFBB0F3640A99.e.11272/clear - {}
RESULT: {}
COMMAND: POST /session/b41f127b71ced2e69bc7a594aec7d10c/element/f.D13B392FFCFC625696F343F77B76D564.d.DB7F5C96FF8E50C13D4DFBB0F3640A99.e.11272/clear - {}
COMMAND: GET /session/b41f127b71ced2e69bc7a594aec7d10c/screenshot - {}
RESULT: {}
COMMAND: POST /session/b41f127b71ced2e69bc7a594aec7d10c/element/f.D13B392FFCFC625696F343F77B76D564.d.DB7F5C96FF8E50C13D4DFBB0F3640A99.e.11272/value - {"text":"WebdriverYardt3rf2"}
COMMAND: GET /session/b41f127b71ced2e69bc7a594aec7d10c/screenshot - {}
RESULT: {}
RESULT: {"text":"WebdriverYardt3rf2"}
COMMAND: GET /session/b41f127b71ced2e69bc7a594aec7d10c/screenshot - {}
RESULT: {}
RESULT: {}
COMMAND: POST /session/b41f127b71ced2e69bc7a594aec7d10c/actions - {"actions":[{"id":"action79","type":"key","parameters":{},"actions":[{"type":"keyDown","value":"î€‡"},{"type":"pause","duration":10},{"type":"keyUp","value":"î€‡"}]}]}
RESULT: {"actions":[{"id":"action79","type":"key","parameters":{},"actions":[{"type":"keyDown","value":"î€‡"},{"type":"pause","duration":10},{"type":"keyUp","value":"î€‡"}]}]}
COMMAND: GET /session/b41f127b71ced2e69bc7a594aec7d10c/screenshot - {}
RESULT: {}
COMMAND: GET /session/b41f127b71ced2e69bc7a594aec7d10c/element/f.D13B392FFCFC625696F343F77B76D564.d.DB7F5C96FF8E50C13D4DFBB0F3640A99.e.11266/property/value - {}
RESULT: {}
COMMAND: POST /session/b41f127b71ced2e69bc7a594aec7d10c/element/f.D13B392FFCFC625696F343F77B76D564.d.DB7F5C96FF8E50C13D4DFBB0F3640A99.e.11266/value - {"text":"WebdriverPartneran3aa"}
COMMAND: GET /session/b41f127b71ced2e69bc7a594aec7d10c/screenshot - {}
COMMAND: POST /session/b41f127b71ced2e69bc7a594aec7d10c/actions - {"actions":[{"id":"action80","type":"key","parameters":{},"actions":[{"type":"keyDown","value":"î€‡"},{"type":"pause","duration":10},{"type":"keyUp","value":"î€‡"}]}]}
RESULT: {"text":"WebdriverPartneran3aa"}
COMMAND: GET /session/b41f127b71ced2e69bc7a594aec7d10c/screenshot - {}
RESULT: {}
RESULT: {"actions":[{"id":"action80","type":"key","parameters":{},"actions":[{"type":"keyDown","value":"î€‡"},{"type":"pause","duration":10},{"type":"keyUp","value":"î€‡"}]}]}
RESULT: {}
COMMAND: GET /session/b41f127b71ced2e69bc7a594aec7d10c/screenshot - {}
RESULT: {}
COMMAND: POST /session/b41f127b71ced2e69bc7a594aec7d10c/actions - {"actions":[{"id":"action81","type":"key","parameters":{},"actions":[{"type":"keyDown","value":"î€‡"},{"type":"pause","duration":10},{"type":"keyUp","value":"î€‡"}]}]}
RESULT: {"actions":[{"id":"action81","type":"key","parameters":{},"actions":[{"type":"keyDown","value":"î€‡"},{"type":"pause","duration":10},{"type":"keyUp","value":"î€‡"}]}]}
COMMAND: GET /session/b41f127b71ced2e69bc7a594aec7d10c/screenshot - {}
RESULT: {}
COMMAND: POST /session/b41f127b71ced2e69bc7a594aec7d10c/element - {"using":"xpath","value":"//input[contains(@id ,\"requestSiteId-inner\")]"}
RESULT: {"using":"xpath","value":"//input[contains(@id ,\"requestSiteId-inner\")]"}
COMMAND: POST /session/b41f127b71ced2e69bc7a594aec7d10c/element/f.D13B392FFCFC625696F343F77B76D564.d.DB7F5C96FF8E50C13D4DFBB0F3640A99.e.11265/value - {"text":"WebdriverSitekjeun"}
RESULT: {"text":"WebdriverSitekjeun"}
COMMAND: GET /session/b41f127b71ced2e69bc7a594aec7d10c/screenshot - {}
RESULT: {}
COMMAND: POST /session/b41f127b71ced2e69bc7a594aec7d10c/actions - {"actions":[{"id":"action82","type":"key","parameters":{},"actions":[{"type":"keyDown","value":"î€‡"},{"type":"pause","duration":10},{"type":"keyUp","value":"î€‡"}]}]}
RESULT: {"actions":[{"id":"action82","type":"key","parameters":{},"actions":[{"type":"keyDown","value":"î€‡"},{"type":"pause","duration":10},{"type":"keyUp","value":"î€‡"}]}]}
COMMAND: GET /session/b41f127b71ced2e69bc7a594aec7d10c/screenshot - {}
RESULT: {}
COMMAND: POST /session/b41f127b71ced2e69bc7a594aec7d10c/element - {"using":"xpath","value":"//button[contains(@data-kt ,\"requestItemAddOverflowToolbarButton\")]"}
RESULT: {"using":"xpath","value":"//button[contains(@data-kt ,\"requestItemAddOverflowToolbarButton\")]"}
COMMAND: POST /session/b41f127b71ced2e69bc7a594aec7d10c/element/f.D13B392FFCFC625696F343F77B76D564.d.DB7F5C96FF8E50C13D4DFBB0F3640A99.e.11244/click - {}
RESULT: {}
COMMAND: GET /session/b41f127b71ced2e69bc7a594aec7d10c/screenshot - {}
RESULT: {}
COMMAND: POST /session/b41f127b71ced2e69bc7a594aec7d10c/actions - {"actions":[{"id":"action83","type":"key","parameters":{},"actions":[{"type":"keyDown","value":"î€•"},{"type":"pause","duration":10},{"type":"keyUp","value":"î€•"}]}]}
RESULT: {"actions":[{"id":"action83","type":"key","parameters":{},"actions":[{"type":"keyDown","value":"î€•"},{"type":"pause","duration":10},{"type":"keyUp","value":"î€•"}]}]}
COMMAND: POST /session/b41f127b71ced2e69bc7a594aec7d10c/actions - {"actions":[{"id":"action84","type":"key","parameters":{},"actions":[{"type":"keyDown","value":"î€‡"},{"type":"pause","duration":10},{"type":"keyUp","value":"î€‡"}]}]}
COMMAND: GET /session/b41f127b71ced2e69bc7a594aec7d10c/screenshot - {}
RESULT: {"actions":[{"id":"action84","type":"key","parameters":{},"actions":[{"type":"keyDown","value":"î€‡"},{"type":"pause","duration":10},{"type":"keyUp","value":"î€‡"}]}]}
COMMAND: GET /session/b41f127b71ced2e69bc7a594aec7d10c/screenshot - {}
RESULT: {}
RESULT: {}
COMMAND: POST /session/b41f127b71ced2e69bc7a594aec7d10c/element - {"using":"xpath","value":"(//input[contains(@id ,\"requestItemsTable-0-inner\")])[1]"}
RESULT: {"using":"xpath","value":"(//input[contains(@id ,\"requestItemsTable-0-inner\")])[1]"}
COMMAND: POST /session/b41f127b71ced2e69bc7a594aec7d10c/element/f.D13B392FFCFC625696F343F77B76D564.d.DB7F5C96FF8E50C13D4DFBB0F3640A99.e.11415/clear - {}
RESULT: {}
COMMAND: POST /session/b41f127b71ced2e69bc7a594aec7d10c/element/f.D13B392FFCFC625696F343F77B76D564.d.DB7F5C96FF8E50C13D4DFBB0F3640A99.e.11415/value - {"text":"catalogItemh7w23"}
COMMAND: GET /session/b41f127b71ced2e69bc7a594aec7d10c/screenshot - {}
RESULT: {"text":"catalogItemh7w23"}
COMMAND: GET /session/b41f127b71ced2e69bc7a594aec7d10c/screenshot - {}
RESULT: {}
RESULT: {}
COMMAND: POST /session/b41f127b71ced2e69bc7a594aec7d10c/actions - {"actions":[{"id":"action85","type":"key","parameters":{},"actions":[{"type":"keyDown","value":"î€‡"},{"type":"pause","duration":10},{"type":"keyUp","value":"î€‡"}]}]}
RESULT: {"actions":[{"id":"action85","type":"key","parameters":{},"actions":[{"type":"keyDown","value":"î€‡"},{"type":"pause","duration":10},{"type":"keyUp","value":"î€‡"}]}]}
COMMAND: GET /session/b41f127b71ced2e69bc7a594aec7d10c/screenshot - {}
RESULT: {}
COMMAND: POST /session/b41f127b71ced2e69bc7a594aec7d10c/execute/async - {"script":"<script> [1562 bytes]","args":[{"selector":{"controlType":"sap.ui.core.Icon","viewName":"etm.portal.ui.managerequests.view.NewRequest","properties":{"src":{"regex":{"source":"slim\\-arrow\\-down"}}},"ancestor":{"controlType":"sap.m.Button","viewName":"etm.portal.ui.managerequests.view.NewRequest","properties":{"icon":"sap-icon://slim-arrow-down"}}},"wdio_ui5_key":"etmportal.ui.managerequests.view.NewRequestsap.ui.core.Icon{\"src\":{\"regex\":{\"source\":\"slim\\\\-arrow\\\\-down\"}}}{\"controlType\":\"sap.m.Button\",\"viewName\":\"etm.portal.ui.managerequests.view.NewRequest\",\"properties\":{\"icon\":\"sap-icon://slim-arrow-down\"}}"}]}
RESULT: {"script":"<script> [1562 bytes]","args":[{"selector":{"controlType":"sap.ui.core.Icon","viewName":"etm.portal.ui.managerequests.view.NewRequest","properties":{"src":{"regex":{"source":"slim\\-arrow\\-down"}}},"ancestor":{"controlType":"sap.m.Button","viewName":"etm.portal.ui.managerequests.view.NewRequest","properties":{"icon":"sap-icon://slim-arrow-down"}}},"wdio_ui5_key":"etmportal.ui.managerequests.view.NewRequestsap.ui.core.Icon{\"src\":{\"regex\":{\"source\":\"slim\\\\-arrow\\\\-down\"}}}{\"controlType\":\"sap.m.Button\",\"viewName\":\"etm.portal.ui.managerequests.view.NewRequest\",\"properties\":{\"icon\":\"sap-icon://slim-arrow-down\"}}"}]}
RESULT: undefined
COMMAND: POST /session/b41f127b71ced2e69bc7a594aec7d10c/element - {"using":"xpath","value":"//div[contains(@data-kt ,\"splitAllocationObjectStatus\")]"}
RESULT: {"using":"xpath","value":"//div[contains(@data-kt ,\"splitAllocationObjectStatus\")]"}
COMMAND: POST /session/b41f127b71ced2e69bc7a594aec7d10c/elements - {"using":"xpath","value":"//div[contains(@data-kt ,\"splitAllocationObjectStatus\")]"}
RESULT: {"using":"xpath","value":"//div[contains(@data-kt ,\"splitAllocationObjectStatus\")]"}
COMMAND: POST /session/b41f127b71ced2e69bc7a594aec7d10c/execute/async - {"script":"<script> [1562 bytes]","args":[{"selector":{"controlType":"sap.ui.core.Icon","viewName":"etm.portal.ui.managerequests.view.NewRequest","properties":{"src":{"regex":{"source":"message\\-error"}}}},"wdio_ui5_key":"etmportal.ui.managerequests.view.NewRequestsap.ui.core.Icon{\"src\":{\"regex\":{\"source\":\"message\\\\-error\"}}}"}]}
RESULT: {"script":"<script> [1562 bytes]","args":[{"selector":{"controlType":"sap.ui.core.Icon","viewName":"etm.portal.ui.managerequests.view.NewRequest","properties":{"src":{"regex":{"source":"message\\-error"}}}},"wdio_ui5_key":"etmportal.ui.managerequests.view.NewRequestsap.ui.core.Icon{\"src\":{\"regex\":{\"source\":\"message\\\\-error\"}}}"}]}
RESULT: undefined
COMMAND: POST /session/b41f127b71ced2e69bc7a594aec7d10c/element - {"using":"xpath","value":"//*[@id=\"__status4-__xmlview59--requestItemsTable-0-icon\"]"}
RESULT: {"using":"xpath","value":"//*[@id=\"__status4-__xmlview59--requestItemsTable-0-icon\"]"}
COMMAND: POST /session/b41f127b71ced2e69bc7a594aec7d10c/element/f.D13B392FFCFC625696F343F77B76D564.d.DB7F5C96FF8E50C13D4DFBB0F3640A99.e.11431/click - {}
RESULT: {}
COMMAND: POST /session/b41f127b71ced2e69bc7a594aec7d10c/execute/async - {"script":"<script> [1562 bytes]","args":[{"selector":{"controlType":"sap.ui.core.Icon","viewName":"etm.portal.ui.managerequests.view.NewRequest","properties":{"src":{"regex":{"source":"slim\\-arrow\\-down"}}},"searchOpenDialogs":true,"ancestor":{"id":"costObjectAdminTypeComboBox","viewName":"etm.portal.ui.managerequests.view.NewRequest","searchOpenDialogs":true}},"wdio_ui5_key":"etmportal.ui.managerequests.view.NewRequestsap.ui.core.Icon{\"src\":{\"regex\":{\"source\":\"slim\\\\-arrow\\\\-down\"}}}{\"id\":\"costObjectAdminTypeComboBox\",\"viewName\":\"etm.portal.ui.managerequests.view.NewRequest\",\"searchOpenDialogs\":true}"}]}
COMMAND: GET /session/b41f127b71ced2e69bc7a594aec7d10c/screenshot - {}
RESULT: {"script":"<script> [1562 bytes]","args":[{"selector":{"controlType":"sap.ui.core.Icon","viewName":"etm.portal.ui.managerequests.view.NewRequest","properties":{"src":{"regex":{"source":"slim\\-arrow\\-down"}}},"searchOpenDialogs":true,"ancestor":{"id":"costObjectAdminTypeComboBox","viewName":"etm.portal.ui.managerequests.view.NewRequest","searchOpenDialogs":true}},"wdio_ui5_key":"etmportal.ui.managerequests.view.NewRequestsap.ui.core.Icon{\"src\":{\"regex\":{\"source\":\"slim\\\\-arrow\\\\-down\"}}}{\"id\":\"costObjectAdminTypeComboBox\",\"viewName\":\"etm.portal.ui.managerequests.view.NewRequest\",\"searchOpenDialogs\":true}"}]}
RESULT: undefined
COMMAND: POST /session/b41f127b71ced2e69bc7a594aec7d10c/element - {"using":"xpath","value":"//*[@id=\"__xmlview59--costObjectAdminTypeComboBox-arrow\"]"}
RESULT: {}
RESULT: {"using":"xpath","value":"//*[@id=\"__xmlview59--costObjectAdminTypeComboBox-arrow\"]"}
COMMAND: POST /session/b41f127b71ced2e69bc7a594aec7d10c/element/f.D13B392FFCFC625696F343F77B76D564.d.DB7F5C96FF8E50C13D4DFBB0F3640A99.e.11436/click - {}
RESULT: {}
COMMAND: POST /session/b41f127b71ced2e69bc7a594aec7d10c/execute/async - {"script":"<script> [1562 bytes]","args":[{"selector":{"controlType":"sap.m.StandardListItem","viewName":"etm.portal.ui.managerequests.view.NewRequest","properties":{"title":"Cost Center"},"searchOpenDialogs":true,"interaction":{"idSuffix":"titleText"}},"wdio_ui5_key":"etmportal.ui.managerequests.view.NewRequestsap.m.StandardListItem{\"title\":\"Cost Center\"}"}]}
COMMAND: GET /session/b41f127b71ced2e69bc7a594aec7d10c/screenshot - {}
RESULT: {"script":"<script> [1562 bytes]","args":[{"selector":{"controlType":"sap.m.StandardListItem","viewName":"etm.portal.ui.managerequests.view.NewRequest","properties":{"title":"Cost Center"},"searchOpenDialogs":true,"interaction":{"idSuffix":"titleText"}},"wdio_ui5_key":"etmportal.ui.managerequests.view.NewRequestsap.m.StandardListItem{\"title\":\"Cost Center\"}"}]}
RESULT: undefined
COMMAND: POST /session/b41f127b71ced2e69bc7a594aec7d10c/element - {"using":"xpath","value":"//*[@id=\"__item686\"]"}
RESULT: {}
RESULT: {"using":"xpath","value":"//*[@id=\"__item686\"]"}
COMMAND: POST /session/b41f127b71ced2e69bc7a594aec7d10c/element/f.D13B392FFCFC625696F343F77B76D564.d.DB7F5C96FF8E50C13D4DFBB0F3640A99.e.11439/click - {}
RESULT: {}
COMMAND: GET /session/b41f127b71ced2e69bc7a594aec7d10c/screenshot - {}
RESULT: {}
COMMAND: POST /session/b41f127b71ced2e69bc7a594aec7d10c/execute/async - {"script":"<script> [1562 bytes]","args":[{"selector":{"controlType":"sap.ui.core.Icon","viewName":"etm.portal.ui.managerequests.view.NewRequest","properties":{"src":{"regex":{"source":"value\\-help"}}},"searchOpenDialogs":true},"wdio_ui5_key":"etmportal.ui.managerequests.view.NewRequestsap.ui.core.Icon{\"src\":{\"regex\":{\"source\":\"value\\\\-help\"}}}"}]}
RESULT: {"script":"<script> [1562 bytes]","args":[{"selector":{"controlType":"sap.ui.core.Icon","viewName":"etm.portal.ui.managerequests.view.NewRequest","properties":{"src":{"regex":{"source":"value\\-help"}}},"searchOpenDialogs":true},"wdio_ui5_key":"etmportal.ui.managerequests.view.NewRequestsap.ui.core.Icon{\"src\":{\"regex\":{\"source\":\"value\\\\-help\"}}}"}]}
RESULT: undefined
COMMAND: POST /session/b41f127b71ced2e69bc7a594aec7d10c/element - {"using":"xpath","value":"//*[@id=\"__xmlview59--costObjectIdComboBox-vhi\"]"}
RESULT: {"using":"xpath","value":"//*[@id=\"__xmlview59--costObjectIdComboBox-vhi\"]"}
COMMAND: POST /session/b41f127b71ced2e69bc7a594aec7d10c/element/f.D13B392FFCFC625696F343F77B76D564.d.DB7F5C96FF8E50C13D4DFBB0F3640A99.e.11446/click - {}
RESULT: {}
COMMAND: POST /session/b41f127b71ced2e69bc7a594aec7d10c/execute/async - {"script":"<script> [1562 bytes]","args":[{"selector":{"controlType":"sap.m.SearchField","properties":{"placeholder":"Search"},"searchOpenDialogs":true,"interaction":{"idSuffix":"I"}},"wdio_ui5_key":"sapm.SearchField{\"placeholder\":\"Search\"}"}]}
COMMAND: GET /session/b41f127b71ced2e69bc7a594aec7d10c/screenshot - {}
RESULT: {"script":"<script> [1562 bytes]","args":[{"selector":{"controlType":"sap.m.SearchField","properties":{"placeholder":"Search"},"searchOpenDialogs":true,"interaction":{"idSuffix":"I"}},"wdio_ui5_key":"sapm.SearchField{\"placeholder\":\"Search\"}"}]}
RESULT: undefined
COMMAND: POST /session/b41f127b71ced2e69bc7a594aec7d10c/execute/async - {"script":"<script> [776 bytes]","args":[{"enterText":"10001010","selector":{"controlType":"sap.m.SearchField","properties":{"placeholder":"Search"},"searchOpenDialogs":true,"interaction":{"idSuffix":"I"}},"clearTextFirst":true,"interactionType":"ENTER_TEXT"}]}
RESULT: {}
RESULT: {"script":"<script> [776 bytes]","args":[{"enterText":"10001010","selector":{"controlType":"sap.m.SearchField","properties":{"placeholder":"Search"},"searchOpenDialogs":true,"interaction":{"idSuffix":"I"}},"clearTextFirst":true,"interactionType":"ENTER_TEXT"}]}
COMMAND: POST /session/b41f127b71ced2e69bc7a594aec7d10c/actions - {"actions":[{"id":"action86","type":"key","parameters":{},"actions":[{"type":"keyDown","value":"î€‡"},{"type":"pause","duration":10},{"type":"keyUp","value":"î€‡"}]}]}
RESULT: {"actions":[{"id":"action86","type":"key","parameters":{},"actions":[{"type":"keyDown","value":"î€‡"},{"type":"pause","duration":10},{"type":"keyUp","value":"î€‡"}]}]}
COMMAND: GET /session/b41f127b71ced2e69bc7a594aec7d10c/screenshot - {}
RESULT: {}
COMMAND: POST /session/b41f127b71ced2e69bc7a594aec7d10c/execute/async - {"script":"<script> [1562 bytes]","args":[{"selector":{"controlType":"sap.m.Text","bindingPath":{"path":"/C_CostCtrValueHelp(CostCenter='10001010',ControllingArea='Z001')","propertyPath":"CostCenterName","modelName":"CostCenterModel"},"searchOpenDialogs":true},"wdio_ui5_key":"sapm.Text{\"path\":\"/C_CostCtrValueHelp(CostCenter='10001010',ControllingArea='Z001')\",\"propertyPath\":\"CostCenterName\",\"modelName\":\"CostCenterModel\"}"}]}
RESULT: {"script":"<script> [1562 bytes]","args":[{"selector":{"controlType":"sap.m.Text","bindingPath":{"path":"/C_CostCtrValueHelp(CostCenter='10001010',ControllingArea='Z001')","propertyPath":"CostCenterName","modelName":"CostCenterModel"},"searchOpenDialogs":true},"wdio_ui5_key":"sapm.Text{\"path\":\"/C_CostCtrValueHelp(CostCenter='10001010',ControllingArea='Z001')\",\"propertyPath\":\"CostCenterName\",\"modelName\":\"CostCenterModel\"}"}]}
RESULT: undefined
COMMAND: POST /session/b41f127b71ced2e69bc7a594aec7d10c/element - {"using":"xpath","value":"//*[@id=\"__text291-__clone824\"]"}
RESULT: {"using":"xpath","value":"//*[@id=\"__text291-__clone824\"]"}
COMMAND: POST /session/b41f127b71ced2e69bc7a594aec7d10c/element/f.D13B392FFCFC625696F343F77B76D564.d.DB7F5C96FF8E50C13D4DFBB0F3640A99.e.11485/click - {}
RESULT: {}
COMMAND: POST /session/b41f127b71ced2e69bc7a594aec7d10c/execute/async - {"script":"<script> [1562 bytes]","args":[{"selector":{"controlType":"sap.m.Button","properties":{"text":"OK"},"searchOpenDialogs":true,"interaction":{"idSuffix":"BDI-content"}},"wdio_ui5_key":"sapm.Button{\"text\":\"OK\"}"}]}
COMMAND: GET /session/b41f127b71ced2e69bc7a594aec7d10c/screenshot - {}
RESULT: {"script":"<script> [1562 bytes]","args":[{"selector":{"controlType":"sap.m.Button","properties":{"text":"OK"},"searchOpenDialogs":true,"interaction":{"idSuffix":"BDI-content"}},"wdio_ui5_key":"sapm.Button{\"text\":\"OK\"}"}]}
RESULT: undefined
COMMAND: POST /session/b41f127b71ced2e69bc7a594aec7d10c/element - {"using":"xpath","value":"//*[@id=\"__dialog1-ok\"]"}
RESULT: {}
RESULT: {"using":"xpath","value":"//*[@id=\"__dialog1-ok\"]"}
COMMAND: POST /session/b41f127b71ced2e69bc7a594aec7d10c/element/f.D13B392FFCFC625696F343F77B76D564.d.DB7F5C96FF8E50C13D4DFBB0F3640A99.e.11487/click - {}
RESULT: {}
COMMAND: GET /session/b41f127b71ced2e69bc7a594aec7d10c/screenshot - {}
RESULT: {}
COMMAND: POST /session/b41f127b71ced2e69bc7a594aec7d10c/execute/async - {"script":"<script> [1562 bytes]","args":[{"selector":{"controlType":"sap.m.Button","viewName":"etm.portal.ui.managerequests.view.NewRequest","i18NText":{"propertyName":"text","key":"save"},"searchOpenDialogs":true,"interaction":{"idSuffix":"BDI-content"}},"wdio_ui5_key":"etmportal.ui.managerequests.view.NewRequestsap.m.Button{\"propertyName\":\"text\",\"key\":\"save\"}"}]}
RESULT: {"script":"<script> [1562 bytes]","args":[{"selector":{"controlType":"sap.m.Button","viewName":"etm.portal.ui.managerequests.view.NewRequest","i18NText":{"propertyName":"text","key":"save"},"searchOpenDialogs":true,"interaction":{"idSuffix":"BDI-content"}},"wdio_ui5_key":"etmportal.ui.managerequests.view.NewRequestsap.m.Button{\"propertyName\":\"text\",\"key\":\"save\"}"}]}
RESULT: undefined
COMMAND: POST /session/b41f127b71ced2e69bc7a594aec7d10c/element - {"using":"xpath","value":"//*[@id=\"__button24\"]"}
RESULT: {"using":"xpath","value":"//*[@id=\"__button24\"]"}
COMMAND: POST /session/b41f127b71ced2e69bc7a594aec7d10c/element/f.D13B392FFCFC625696F343F77B76D564.d.DB7F5C96FF8E50C13D4DFBB0F3640A99.e.11491/click - {}
RESULT: {}
COMMAND: GET /session/b41f127b71ced2e69bc7a594aec7d10c/screenshot - {}
RESULT: {}
COMMAND: POST /session/b41f127b71ced2e69bc7a594aec7d10c/element - {"using":"xpath","value":"(//bdi[contains(text() ,\"Save\")])[1]"}
RESULT: {"using":"xpath","value":"(//bdi[contains(text() ,\"Save\")])[1]"}
COMMAND: POST /session/b41f127b71ced2e69bc7a594aec7d10c/element/f.D13B392FFCFC625696F343F77B76D564.d.DB7F5C96FF8E50C13D4DFBB0F3640A99.e.11493/click - {}
RESULT: {}
COMMAND: GET /session/b41f127b71ced2e69bc7a594aec7d10c/screenshot - {}
RESULT: {}
COMMAND: POST /session/b41f127b71ced2e69bc7a594aec7d10c/execute/async - {"script":"<script> [1562 bytes]","args":[{"selector":{"controlType":"sap.m.Title","properties":{"text":"Success"},"searchOpenDialogs":true},"wdio_ui5_key":"sapm.Title{\"text\":\"Success\"}"}]}
RESULT: {"script":"<script> [1562 bytes]","args":[{"selector":{"controlType":"sap.m.Title","properties":{"text":"Success"},"searchOpenDialogs":true},"wdio_ui5_key":"sapm.Title{\"text\":\"Success\"}"}]}
RESULT: undefined
COMMAND: POST /session/b41f127b71ced2e69bc7a594aec7d10c/execute/async - {"script":"<script> [6424 bytes]","args":[{"element-6066-11e4-a52e-4f735466cecf":"f.D13B392FFCFC625696F343F77B76D564.d.DB7F5C96FF8E50C13D4DFBB0F3640A99.e.11497"},"getText",[]]}
RESULT: {"script":"<script> [6424 bytes]","args":[{"element-6066-11e4-a52e-4f735466cecf":"f.D13B392FFCFC625696F343F77B76D564.d.DB7F5C96FF8E50C13D4DFBB0F3640A99.e.11497"},"getText",[]]}
COMMAND: POST /session/b41f127b71ced2e69bc7a594aec7d10c/execute/async - {"script":"<script> [1562 bytes]","args":[{"selector":{"controlType":"sap.m.Button","properties":{"text":"Close"},"searchOpenDialogs":true,"interaction":{"idSuffix":"BDI-content"}},"wdio_ui5_key":"sapm.Button{\"text\":\"Close\"}"}]}
RESULT: {"script":"<script> [1562 bytes]","args":[{"selector":{"controlType":"sap.m.Button","properties":{"text":"Close"},"searchOpenDialogs":true,"interaction":{"idSuffix":"BDI-content"}},"wdio_ui5_key":"sapm.Button{\"text\":\"Close\"}"}]}
RESULT: undefined
COMMAND: POST /session/b41f127b71ced2e69bc7a594aec7d10c/element - {"using":"xpath","value":"//*[@id=\"__mbox-btn-0\"]"}
RESULT: {"using":"xpath","value":"//*[@id=\"__mbox-btn-0\"]"}
COMMAND: POST /session/b41f127b71ced2e69bc7a594aec7d10c/element/f.D13B392FFCFC625696F343F77B76D564.d.DB7F5C96FF8E50C13D4DFBB0F3640A99.e.11495/click - {}
RESULT: {}
COMMAND: GET /session/b41f127b71ced2e69bc7a594aec7d10c/screenshot - {}
RESULT: {}
COMMAND: POST /session/b41f127b71ced2e69bc7a594aec7d10c/execute/async - {"script":"<script> [1562 bytes]","args":[{"selector":{"controlType":"sap.m.Text","viewName":"etm.portal.ui.managerequests.view.Detail","bindingPath":{"propertyPath":"NO","modelName":"catalogModel"}},"wdio_ui5_key":"etmportal.ui.managerequests.view.Detailsap.m.Text{\"propertyPath\":\"NO\",\"modelName\":\"catalogModel\"}"}]}
RESULT: {"script":"<script> [1562 bytes]","args":[{"selector":{"controlType":"sap.m.Text","viewName":"etm.portal.ui.managerequests.view.Detail","bindingPath":{"propertyPath":"NO","modelName":"catalogModel"}},"wdio_ui5_key":"etmportal.ui.managerequests.view.Detailsap.m.Text{\"propertyPath\":\"NO\",\"modelName\":\"catalogModel\"}"}]}
RESULT: undefined
COMMAND: POST /session/b41f127b71ced2e69bc7a594aec7d10c/execute/async - {"script":"<script> [6424 bytes]","args":[{"element-6066-11e4-a52e-4f735466cecf":"f.D13B392FFCFC625696F343F77B76D564.d.DB7F5C96FF8E50C13D4DFBB0F3640A99.e.11622"},"getText",[]]}
RESULT: {"script":"<script> [6424 bytes]","args":[{"element-6066-11e4-a52e-4f735466cecf":"f.D13B392FFCFC625696F343F77B76D564.d.DB7F5C96FF8E50C13D4DFBB0F3640A99.e.11622"},"getText",[]]}
COMMAND: POST /session/b41f127b71ced2e69bc7a594aec7d10c/execute/async - {"script":"<script> [1562 bytes]","args":[{"selector":{"controlType":"sap.ui.core.Icon","viewName":"etm.portal.ui.managerequests.view.Detail","properties":{"src":{"regex":{"source":"date\\-time"}}},"ancestor":{"controlType":"sap.m.ColumnListItem","viewName":"etm.portal.ui.managerequests.view.Detail","bindingPath":{"path":"/SmartRequestItemsPlanningBoard(ITEM=10m,REQUEST='20321')"},"ancestor":{"id":"requestItemsTable","viewName":"etm.portal.ui.managerequests.view.Detail"}}},"wdio_ui5_key":"etmportal.ui.managerequests.view.Detailsap.ui.core.Icon{\"src\":{\"regex\":{\"source\":\"date\\\\-time\"}}}{\"controlType\":\"sap.m.ColumnListItem\",\"viewName\":\"etm.portal.ui.managerequests.view.Detail\",\"bindingPath\":{\"path\":\"/SmartRequestItemsPlanningBoard(ITEM=10m,REQUEST='20321')\"},\"ancestor\":{\"id\":\"requestItemsTable\",\"viewName\":\"etm.portal.ui.managerequests.view.Detail\"}}"}]}
RESULT: {"script":"<script> [1562 bytes]","args":[{"selector":{"controlType":"sap.ui.core.Icon","viewName":"etm.portal.ui.managerequests.view.Detail","properties":{"src":{"regex":{"source":"date\\-time"}}},"ancestor":{"controlType":"sap.m.ColumnListItem","viewName":"etm.portal.ui.managerequests.view.Detail","bindingPath":{"path":"/SmartRequestItemsPlanningBoard(ITEM=10m,REQUEST='20321')"},"ancestor":{"id":"requestItemsTable","viewName":"etm.portal.ui.managerequests.view.Detail"}}},"wdio_ui5_key":"etmportal.ui.managerequests.view.Detailsap.ui.core.Icon{\"src\":{\"regex\":{\"source\":\"date\\\\-time\"}}}{\"controlType\":\"sap.m.ColumnListItem\",\"viewName\":\"etm.portal.ui.managerequests.view.Detail\",\"bindingPath\":{\"path\":\"/SmartRequestItemsPlanningBoard(ITEM=10m,REQUEST='20321')\"},\"ancestor\":{\"id\":\"requestItemsTable\",\"viewName\":\"etm.portal.ui.managerequests.view.Detail\"}}"}]}
RESULT: undefined
COMMAND: POST /session/b41f127b71ced2e69bc7a594aec7d10c/element - {"using":"xpath","value":"//*[@id=\"__button39-__clone863-img\"]"}
RESULT: {"using":"xpath","value":"//*[@id=\"__button39-__clone863-img\"]"}
COMMAND: POST /session/b41f127b71ced2e69bc7a594aec7d10c/element/f.D13B392FFCFC625696F343F77B76D564.d.DB7F5C96FF8E50C13D4DFBB0F3640A99.e.11623/click - {}
RESULT: {}
COMMAND: POST /session/b41f127b71ced2e69bc7a594aec7d10c/execute/async - {"script":"<script> [1562 bytes]","args":[{"selector":{"controlType":"sap.m.Button","viewName":"etm.portal.ui.managerequests.view.Detail","properties":{"text":"Close"},"searchOpenDialogs":true,"interaction":{"idSuffix":"BDI-content"}},"wdio_ui5_key":"etmportal.ui.managerequests.view.Detailsap.m.Button{\"text\":\"Close\"}"}]}
COMMAND: GET /session/b41f127b71ced2e69bc7a594aec7d10c/screenshot - {}
RESULT: {"script":"<script> [1562 bytes]","args":[{"selector":{"controlType":"sap.m.Button","viewName":"etm.portal.ui.managerequests.view.Detail","properties":{"text":"Close"},"searchOpenDialogs":true,"interaction":{"idSuffix":"BDI-content"}},"wdio_ui5_key":"etmportal.ui.managerequests.view.Detailsap.m.Button{\"text\":\"Close\"}"}]}
RESULT: undefined
COMMAND: POST /session/b41f127b71ced2e69bc7a594aec7d10c/element - {"using":"xpath","value":"//*[@id=\"__button49\"]"}
RESULT: {}
RESULT: {"using":"xpath","value":"//*[@id=\"__button49\"]"}
COMMAND: POST /session/b41f127b71ced2e69bc7a594aec7d10c/element/f.D13B392FFCFC625696F343F77B76D564.d.DB7F5C96FF8E50C13D4DFBB0F3640A99.e.11625/click - {}
RESULT: {}
COMMAND: POST /session/b41f127b71ced2e69bc7a594aec7d10c/refresh - {}
COMMAND: GET /session/b41f127b71ced2e69bc7a594aec7d10c/screenshot - {}
RESULT: {}
COMMAND: GET /session/b41f127b71ced2e69bc7a594aec7d10c/screenshot - {}
RESULT: {}
RESULT: {}
COMMAND: POST /session/b41f127b71ced2e69bc7a594aec7d10c/execute/async - {"script":"<script> [189 bytes]","args":[]}
RESULT: {"script":"<script> [189 bytes]","args":[]}
COMMAND: POST /session/b41f127b71ced2e69bc7a594aec7d10c/execute/async - {"script":"<script> [123 bytes]","args":[]}
RESULT: {"script":"<script> [123 bytes]","args":[]}
COMMAND: POST /session/b41f127b71ced2e69bc7a594aec7d10c/timeouts - {"script":"<number>"}
RESULT: {"script":"<number>"}
COMMAND: GET /session/b41f127b71ced2e69bc7a594aec7d10c/timeouts - {}
RESULT: {}
RESULT: undefined
COMMAND: POST /session/b41f127b71ced2e69bc7a594aec7d10c/execute/async - {"script":"<script> [2676 bytes]","args":[]}
RESULT: {"script":"<script> [2676 bytes]","args":[]}
COMMAND: POST /session/b41f127b71ced2e69bc7a594aec7d10c/execute/async - {"script":"<script> [2342 bytes]","args":[{"protocol":"http","hostname":"0.0.0.0","path":"/","capabilities":{"browserName":"chrome","goog:chromeOptions":{"binary":"C:\\Program Files\\Google\\Chrome\\Application\\chrome.exe","args":["--start-maximized"]}},"logLevel":"warn","connectionRetryTimeout":120000,"connectionRetryCount":3,"logLevels":{},"enableDirectConnect":true,"strictSSL":true,"_":"65 more keys: [\"cacheDir\",\"port\",\"requestedCapabilities\",\"automationProtocol\",\"baseUrl\",\"waitforInterval\",\"waitforTimeout\",\"onReload\",\"beforeCommand\",\"afterCommand\",\"rootDir\",\"specs\",\"suites\",\"exclude\",\"groupLogsByTestSpec\",\"excludeDriverLogs\",\"bail\",\"framework\",\"reporters\",\"services\",\"maxInstances\",\"maxInstancesPerCapability\",\"injectGlobals\",\"filesToWatch\",\"execArgv\",\"runnerEnv\",\"runner\",\"shard\",\"specFileRetries\",\"specFileRetriesDelay\",\"specFileRetriesDeferred\",\"reporterSyncInterval\",\"reporterSyncTimeout\",\"cucumberFeaturesWithLineNumbers\",\"autoCompileOpts\",\"mochaOpts\",\"jasmineOpts\",\"cucumberOpts\",\"onPrepare\",\"onWorkerStart\",\"onWorkerEnd\",\"before\",\"beforeSession\",\"beforeSuite\",\"beforeHook\",\"beforeTest\",\"afterTest\",\"afterHook\",\"afterSuite\",\"afterSession\",\"after\",\"onComplete\",\"beforeAssertion\",\"afterAssertion\",\"beforeFeature\",\"beforeScenario\",\"beforeStep\",\"afterStep\",\"afterScenario\",\"afterFeature\",\"_\",\"suite\",\"$0\",\"ignoredWorkerServices\",\"wdi5\"]"}]}
RESULT: {"script":"<script> [2342 bytes]","args":[{"protocol":"http","hostname":"0.0.0.0","path":"/","capabilities":{"browserName":"chrome","goog:chromeOptions":{"binary":"C:\\Program Files\\Google\\Chrome\\Application\\chrome.exe","args":["--start-maximized"]}},"logLevel":"warn","connectionRetryTimeout":120000,"connectionRetryCount":3,"logLevels":{},"enableDirectConnect":true,"strictSSL":true,"_":"65 more keys: [\"cacheDir\",\"port\",\"requestedCapabilities\",\"automationProtocol\",\"baseUrl\",\"waitforInterval\",\"waitforTimeout\",\"onReload\",\"beforeCommand\",\"afterCommand\",\"rootDir\",\"specs\",\"suites\",\"exclude\",\"groupLogsByTestSpec\",\"excludeDriverLogs\",\"bail\",\"framework\",\"reporters\",\"services\",\"maxInstances\",\"maxInstancesPerCapability\",\"injectGlobals\",\"filesToWatch\",\"execArgv\",\"runnerEnv\",\"runner\",\"shard\",\"specFileRetries\",\"specFileRetriesDelay\",\"specFileRetriesDeferred\",\"reporterSyncInterval\",\"reporterSyncTimeout\",\"cucumberFeaturesWithLineNumbers\",\"autoCompileOpts\",\"mochaOpts\",\"jasmineOpts\",\"cucumberOpts\",\"onPrepare\",\"onWorkerStart\",\"onWorkerEnd\",\"before\",\"beforeSession\",\"beforeSuite\",\"beforeHook\",\"beforeTest\",\"afterTest\",\"afterHook\",\"afterSuite\",\"afterSession\",\"after\",\"onComplete\",\"beforeAssertion\",\"afterAssertion\",\"beforeFeature\",\"beforeScenario\",\"beforeStep\",\"afterStep\",\"afterScenario\",\"afterFeature\",\"_\",\"suite\",\"$0\",\"ignoredWorkerServices\",\"wdi5\"]"}]}
COMMAND: POST /session/b41f127b71ced2e69bc7a594aec7d10c/execute/async - {"script":"<script> [21126 bytes]","args":[35000]}
RESULT: {"script":"<script> [21126 bytes]","args":[35000]}
]]></system-out>
    </testcase>
    <testcase classname="chrome.135_0_7049_96.windows.Process_request_items_into_new_quotation_US120163" name="Should process the request into a new quotation" time="63.85">
      <system-out><![CDATA[
COMMAND: GET /session/b41f127b71ced2e69bc7a594aec7d10c/window - {}
RESULT: {}
COMMAND: POST /session/b41f127b71ced2e69bc7a594aec7d10c/element - {"using":"xpath","value":"//span[contains(@id ,\"detailHeaderTitle-_actionsToolbar-overflowButton-img\")]"}
RESULT: {"using":"xpath","value":"//span[contains(@id ,\"detailHeaderTitle-_actionsToolbar-overflowButton-img\")]"}
COMMAND: POST /session/b41f127b71ced2e69bc7a594aec7d10c/element/f.D13B392FFCFC625696F343F77B76D564.d.CC951CDD84EFC411D2717279C61364AF.e.11838/click - {}
RESULT: {}
COMMAND: GET /session/b41f127b71ced2e69bc7a594aec7d10c/screenshot - {}
RESULT: {}
COMMAND: POST /session/b41f127b71ced2e69bc7a594aec7d10c/element - {"using":"xpath","value":"//span[contains(@id ,\"actionsMenuButton-internalSplitBtn-arrowButton-img\")]"}
RESULT: {"using":"xpath","value":"//span[contains(@id ,\"actionsMenuButton-internalSplitBtn-arrowButton-img\")]"}
COMMAND: POST /session/b41f127b71ced2e69bc7a594aec7d10c/element/f.D13B392FFCFC625696F343F77B76D564.d.CC951CDD84EFC411D2717279C61364AF.e.11852/click - {}
RESULT: {}
COMMAND: GET /session/b41f127b71ced2e69bc7a594aec7d10c/screenshot - {}
RESULT: {}
COMMAND: POST /session/b41f127b71ced2e69bc7a594aec7d10c/actions - {"actions":[{"id":"action87","type":"key","parameters":{},"actions":[{"type":"keyDown","value":"î€•"},{"type":"pause","duration":10},{"type":"keyUp","value":"î€•"}]}]}
RESULT: {"actions":[{"id":"action87","type":"key","parameters":{},"actions":[{"type":"keyDown","value":"î€•"},{"type":"pause","duration":10},{"type":"keyUp","value":"î€•"}]}]}
COMMAND: GET /session/b41f127b71ced2e69bc7a594aec7d10c/screenshot - {}
RESULT: {}
COMMAND: POST /session/b41f127b71ced2e69bc7a594aec7d10c/actions - {"actions":[{"id":"action88","type":"key","parameters":{},"actions":[{"type":"keyDown","value":"î€‡"},{"type":"pause","duration":10},{"type":"keyUp","value":"î€‡"}]}]}
RESULT: {"actions":[{"id":"action88","type":"key","parameters":{},"actions":[{"type":"keyDown","value":"î€‡"},{"type":"pause","duration":10},{"type":"keyUp","value":"î€‡"}]}]}
COMMAND: GET /session/b41f127b71ced2e69bc7a594aec7d10c/screenshot - {}
RESULT: {}
COMMAND: POST /session/b41f127b71ced2e69bc7a594aec7d10c/actions - {"actions":[{"id":"action89","type":"key","parameters":{},"actions":[{"type":"keyDown","value":"î€‡"},{"type":"pause","duration":10},{"type":"keyUp","value":"î€‡"}]}]}
RESULT: {"actions":[{"id":"action89","type":"key","parameters":{},"actions":[{"type":"keyDown","value":"î€‡"},{"type":"pause","duration":10},{"type":"keyUp","value":"î€‡"}]}]}
COMMAND: GET /session/b41f127b71ced2e69bc7a594aec7d10c/screenshot - {}
RESULT: {}
COMMAND: POST /session/b41f127b71ced2e69bc7a594aec7d10c/actions - {"actions":[{"id":"action90","type":"key","parameters":{},"actions":[{"type":"keyDown","value":"î€‡"},{"type":"pause","duration":10},{"type":"keyUp","value":"î€‡"}]}]}
RESULT: {"actions":[{"id":"action90","type":"key","parameters":{},"actions":[{"type":"keyDown","value":"î€‡"},{"type":"pause","duration":10},{"type":"keyUp","value":"î€‡"}]}]}
COMMAND: GET /session/b41f127b71ced2e69bc7a594aec7d10c/screenshot - {}
RESULT: {}
COMMAND: POST /session/b41f127b71ced2e69bc7a594aec7d10c/actions - {"actions":[{"id":"action91","type":"key","parameters":{},"actions":[{"type":"keyDown","value":"î€‡"},{"type":"pause","duration":10},{"type":"keyUp","value":"î€‡"}]}]}
RESULT: {"actions":[{"id":"action91","type":"key","parameters":{},"actions":[{"type":"keyDown","value":"î€‡"},{"type":"pause","duration":10},{"type":"keyUp","value":"î€‡"}]}]}
COMMAND: GET /session/b41f127b71ced2e69bc7a594aec7d10c/screenshot - {}
RESULT: {}
COMMAND: GET /session/b41f127b71ced2e69bc7a594aec7d10c/window/handles - {}
RESULT: {}
COMMAND: GET /session/b41f127b71ced2e69bc7a594aec7d10c/window/handles - {}
RESULT: {}
COMMAND: POST /session/b41f127b71ced2e69bc7a594aec7d10c/window - {"handle":"1D86A3C16C730C68067C00FFD98FF37A"}
RESULT: {"handle":"1D86A3C16C730C68067C00FFD98FF37A"}
COMMAND: GET /session/b41f127b71ced2e69bc7a594aec7d10c/url - {}
RESULT: {}
COMMAND: GET /session/b41f127b71ced2e69bc7a594aec7d10c/screenshot - {}
RESULT: {}
COMMAND: POST /session/b41f127b71ced2e69bc7a594aec7d10c/element - {"using":"xpath","value":"//span[contains(text(), \"Header Billing Items\")]"}
RESULT: {"using":"xpath","value":"//span[contains(text(), \"Header Billing Items\")]"}
COMMAND: POST /session/b41f127b71ced2e69bc7a594aec7d10c/element/f.1D86A3C16C730C68067C00FFD98FF37A.d.60A249BBAA94C1E101E3F258522B5FB1.e.12057/click - {}
RESULT: {}
COMMAND: GET /session/b41f127b71ced2e69bc7a594aec7d10c/screenshot - {}
RESULT: {}
COMMAND: POST /session/b41f127b71ced2e69bc7a594aec7d10c/element - {"using":"xpath","value":"//span[contains(@id ,\"contractItemsSmartTable-header-inner\")]"}
RESULT: {"using":"xpath","value":"//span[contains(@id ,\"contractItemsSmartTable-header-inner\")]"}
COMMAND: GET /session/b41f127b71ced2e69bc7a594aec7d10c/element/f.1D86A3C16C730C68067C00FFD98FF37A.d.60A249BBAA94C1E101E3F258522B5FB1.e.12061/text - {}
RESULT: {}
COMMAND: POST /session/b41f127b71ced2e69bc7a594aec7d10c/element - {"using":"xpath","value":"//span[@class=\"sapMObjStatusText\"][contains(text(), \"proposed\")]"}
RESULT: {"using":"xpath","value":"//span[@class=\"sapMObjStatusText\"][contains(text(), \"proposed\")]"}
COMMAND: GET /session/b41f127b71ced2e69bc7a594aec7d10c/element/f.1D86A3C16C730C68067C00FFD98FF37A.d.60A249BBAA94C1E101E3F258522B5FB1.e.12062/text - {}
RESULT: {}
COMMAND: DELETE /session/b41f127b71ced2e69bc7a594aec7d10c/window - {}
RESULT: {}
COMMAND: POST /session/b41f127b71ced2e69bc7a594aec7d10c/window - {"handle":"D13B392FFCFC625696F343F77B76D564"}
RESULT: {"handle":"D13B392FFCFC625696F343F77B76D564"}
COMMAND: GET /session/b41f127b71ced2e69bc7a594aec7d10c/url - {}
RESULT: {}
COMMAND: GET /session/b41f127b71ced2e69bc7a594aec7d10c/screenshot - {}
RESULT: {}
]]></system-out>
    </testcase>
    <testcase classname="chrome.135_0_7049_96.windows.Process_request_items_into_new_quotation_US120163" name="Should navigate back to the request and check the request and item statuses" time="48.492">
      <system-out><![CDATA[
COMMAND: POST /session/b41f127b71ced2e69bc7a594aec7d10c/refresh - {}
RESULT: {}
COMMAND: GET /session/b41f127b71ced2e69bc7a594aec7d10c/screenshot - {}
RESULT: {}
COMMAND: POST /session/b41f127b71ced2e69bc7a594aec7d10c/execute/async - {"script":"<script> [189 bytes]","args":[]}
RESULT: {"script":"<script> [189 bytes]","args":[]}
COMMAND: POST /session/b41f127b71ced2e69bc7a594aec7d10c/execute/async - {"script":"<script> [123 bytes]","args":[]}
RESULT: {"script":"<script> [123 bytes]","args":[]}
COMMAND: POST /session/b41f127b71ced2e69bc7a594aec7d10c/timeouts - {"script":"<number>"}
RESULT: {"script":"<number>"}
COMMAND: GET /session/b41f127b71ced2e69bc7a594aec7d10c/timeouts - {}
RESULT: {}
RESULT: undefined
COMMAND: POST /session/b41f127b71ced2e69bc7a594aec7d10c/execute/async - {"script":"<script> [2676 bytes]","args":[]}
RESULT: {"script":"<script> [2676 bytes]","args":[]}
COMMAND: POST /session/b41f127b71ced2e69bc7a594aec7d10c/execute/async - {"script":"<script> [2342 bytes]","args":[{"protocol":"http","hostname":"0.0.0.0","path":"/","capabilities":{"browserName":"chrome","goog:chromeOptions":{"binary":"C:\\Program Files\\Google\\Chrome\\Application\\chrome.exe","args":["--start-maximized"]}},"logLevel":"warn","connectionRetryTimeout":120000,"connectionRetryCount":3,"logLevels":{},"enableDirectConnect":true,"strictSSL":true,"_":"65 more keys: [\"cacheDir\",\"port\",\"requestedCapabilities\",\"automationProtocol\",\"baseUrl\",\"waitforInterval\",\"waitforTimeout\",\"onReload\",\"beforeCommand\",\"afterCommand\",\"rootDir\",\"specs\",\"suites\",\"exclude\",\"groupLogsByTestSpec\",\"excludeDriverLogs\",\"bail\",\"framework\",\"reporters\",\"services\",\"maxInstances\",\"maxInstancesPerCapability\",\"injectGlobals\",\"filesToWatch\",\"execArgv\",\"runnerEnv\",\"runner\",\"shard\",\"specFileRetries\",\"specFileRetriesDelay\",\"specFileRetriesDeferred\",\"reporterSyncInterval\",\"reporterSyncTimeout\",\"cucumberFeaturesWithLineNumbers\",\"autoCompileOpts\",\"mochaOpts\",\"jasmineOpts\",\"cucumberOpts\",\"onPrepare\",\"onWorkerStart\",\"onWorkerEnd\",\"before\",\"beforeSession\",\"beforeSuite\",\"beforeHook\",\"beforeTest\",\"afterTest\",\"afterHook\",\"afterSuite\",\"afterSession\",\"after\",\"onComplete\",\"beforeAssertion\",\"afterAssertion\",\"beforeFeature\",\"beforeScenario\",\"beforeStep\",\"afterStep\",\"afterScenario\",\"afterFeature\",\"_\",\"suite\",\"$0\",\"ignoredWorkerServices\",\"wdi5\"]"}]}
RESULT: {"script":"<script> [2342 bytes]","args":[{"protocol":"http","hostname":"0.0.0.0","path":"/","capabilities":{"browserName":"chrome","goog:chromeOptions":{"binary":"C:\\Program Files\\Google\\Chrome\\Application\\chrome.exe","args":["--start-maximized"]}},"logLevel":"warn","connectionRetryTimeout":120000,"connectionRetryCount":3,"logLevels":{},"enableDirectConnect":true,"strictSSL":true,"_":"65 more keys: [\"cacheDir\",\"port\",\"requestedCapabilities\",\"automationProtocol\",\"baseUrl\",\"waitforInterval\",\"waitforTimeout\",\"onReload\",\"beforeCommand\",\"afterCommand\",\"rootDir\",\"specs\",\"suites\",\"exclude\",\"groupLogsByTestSpec\",\"excludeDriverLogs\",\"bail\",\"framework\",\"reporters\",\"services\",\"maxInstances\",\"maxInstancesPerCapability\",\"injectGlobals\",\"filesToWatch\",\"execArgv\",\"runnerEnv\",\"runner\",\"shard\",\"specFileRetries\",\"specFileRetriesDelay\",\"specFileRetriesDeferred\",\"reporterSyncInterval\",\"reporterSyncTimeout\",\"cucumberFeaturesWithLineNumbers\",\"autoCompileOpts\",\"mochaOpts\",\"jasmineOpts\",\"cucumberOpts\",\"onPrepare\",\"onWorkerStart\",\"onWorkerEnd\",\"before\",\"beforeSession\",\"beforeSuite\",\"beforeHook\",\"beforeTest\",\"afterTest\",\"afterHook\",\"afterSuite\",\"afterSession\",\"after\",\"onComplete\",\"beforeAssertion\",\"afterAssertion\",\"beforeFeature\",\"beforeScenario\",\"beforeStep\",\"afterStep\",\"afterScenario\",\"afterFeature\",\"_\",\"suite\",\"$0\",\"ignoredWorkerServices\",\"wdi5\"]"}]}
COMMAND: POST /session/b41f127b71ced2e69bc7a594aec7d10c/execute/async - {"script":"<script> [21126 bytes]","args":[35000]}
RESULT: {"script":"<script> [21126 bytes]","args":[35000]}
COMMAND: POST /session/b41f127b71ced2e69bc7a594aec7d10c/execute/async - {"script":"<script> [1562 bytes]","args":[{"selector":{"controlType":"sap.m.Text","viewName":"etm.portal.ui.managerequests.view.Detail","bindingPath":{"path":"/SmartRequestItemsPlanningBoard(ITEM=10m,REQUEST='20321')","propertyPath":"STATUS_DESC"}},"wdio_ui5_key":"etmportal.ui.managerequests.view.Detailsap.m.Text{\"path\":\"/SmartRequestItemsPlanningBoard(ITEM=10m,REQUEST='20321')\",\"propertyPath\":\"STATUS_DESC\"}"}]}
RESULT: {"script":"<script> [1562 bytes]","args":[{"selector":{"controlType":"sap.m.Text","viewName":"etm.portal.ui.managerequests.view.Detail","bindingPath":{"path":"/SmartRequestItemsPlanningBoard(ITEM=10m,REQUEST='20321')","propertyPath":"STATUS_DESC"}},"wdio_ui5_key":"etmportal.ui.managerequests.view.Detailsap.m.Text{\"path\":\"/SmartRequestItemsPlanningBoard(ITEM=10m,REQUEST='20321')\",\"propertyPath\":\"STATUS_DESC\"}"}]}
RESULT: undefined
COMMAND: POST /session/b41f127b71ced2e69bc7a594aec7d10c/execute/async - {"script":"<script> [6424 bytes]","args":[{"element-6066-11e4-a52e-4f735466cecf":"f.D13B392FFCFC625696F343F77B76D564.d.1DE5453B075B88EB35051D113629514F.e.12276"},"getText",[]]}
RESULT: {"script":"<script> [6424 bytes]","args":[{"element-6066-11e4-a52e-4f735466cecf":"f.D13B392FFCFC625696F343F77B76D564.d.1DE5453B075B88EB35051D113629514F.e.12276"},"getText",[]]}
COMMAND: POST /session/b41f127b71ced2e69bc7a594aec7d10c/execute/async - {"script":"<script> [1562 bytes]","args":[{"selector":{"controlType":"sap.m.ObjectStatus","viewName":"etm.portal.ui.managerequests.view.Detail","bindingPath":{"path":"/RequestHeaders('20321')","propertyPath":"LINK_TO_STATUS/DESCRIPTION","modelName":"catalogModel"}},"wdio_ui5_key":"etmportal.ui.managerequests.view.Detailsap.m.ObjectStatus{\"path\":\"/RequestHeaders('20321')\",\"propertyPath\":\"LINK_TO_STATUS/DESCRIPTION\",\"modelName\":\"catalogModel\"}"}]}
RESULT: {"script":"<script> [1562 bytes]","args":[{"selector":{"controlType":"sap.m.ObjectStatus","viewName":"etm.portal.ui.managerequests.view.Detail","bindingPath":{"path":"/RequestHeaders('20321')","propertyPath":"LINK_TO_STATUS/DESCRIPTION","modelName":"catalogModel"}},"wdio_ui5_key":"etmportal.ui.managerequests.view.Detailsap.m.ObjectStatus{\"path\":\"/RequestHeaders('20321')\",\"propertyPath\":\"LINK_TO_STATUS/DESCRIPTION\",\"modelName\":\"catalogModel\"}"}]}
RESULT: undefined
COMMAND: POST /session/b41f127b71ced2e69bc7a594aec7d10c/execute/async - {"script":"<script> [6424 bytes]","args":[{"element-6066-11e4-a52e-4f735466cecf":"f.D13B392FFCFC625696F343F77B76D564.d.1DE5453B075B88EB35051D113629514F.e.12277"},"getText",[]]}
RESULT: {"script":"<script> [6424 bytes]","args":[{"element-6066-11e4-a52e-4f735466cecf":"f.D13B392FFCFC625696F343F77B76D564.d.1DE5453B075B88EB35051D113629514F.e.12277"},"getText",[]]}
COMMAND: POST /session/b41f127b71ced2e69bc7a594aec7d10c/element - {"using":"css selector","value":"#shell-header-logo"}
RESULT: {"using":"css selector","value":"#shell-header-logo"}
COMMAND: POST /session/b41f127b71ced2e69bc7a594aec7d10c/element/f.D13B392FFCFC625696F343F77B76D564.d.1DE5453B075B88EB35051D113629514F.e.12067/click - {}
RESULT: {}
COMMAND: GET /session/b41f127b71ced2e69bc7a594aec7d10c/screenshot - {}
RESULT: {}
]]></system-out>
    </testcase>
  </testsuite>
  <testsuite timestamp="2025-05-02T16:20:17" time="471.058" tests="4" failures="0" errors="0" skipped="0">
    <properties>
      <property name="specId" value="0" />
      <property name="suiteName" value="Process request items into an existing quotation US120163" />
      <property name="capabilities" value="chrome.135_0_7049_96.windows" />
      <property name="file" value="file:///D:/a/1/s/test/specs/R2C/process-request-items-into-existing-quotation.spec.js" />
    </properties>
    <testcase classname="chrome.135_0_7049_96.windows.Process_request_items_into_an_existing_quotation_US120163" name="Should create a new quotation" time="105.981">
      <system-out><![CDATA[
COMMAND: POST /session/b41f127b71ced2e69bc7a594aec7d10c/execute/async - {"script":"<script> [1562 bytes]","args":[{"selector":{"controlType":"sap.m.GenericTile","properties":{"header":"Manage Quotations"}},"wdio_ui5_key":"sapm.GenericTile{\"header\":\"Manage Quotations\"}"}]}
RESULT: {"script":"<script> [1562 bytes]","args":[{"selector":{"controlType":"sap.m.GenericTile","properties":{"header":"Manage Quotations"}},"wdio_ui5_key":"sapm.GenericTile{\"header\":\"Manage Quotations\"}"}]}
RESULT: undefined
COMMAND: POST /session/b41f127b71ced2e69bc7a594aec7d10c/element - {"using":"xpath","value":"//*[@id=\"__tile131\"]"}
RESULT: {"using":"xpath","value":"//*[@id=\"__tile131\"]"}
COMMAND: POST /session/b41f127b71ced2e69bc7a594aec7d10c/element/f.D13B392FFCFC625696F343F77B76D564.d.1DE5453B075B88EB35051D113629514F.e.12293/click - {}
RESULT: {}
COMMAND: GET /session/b41f127b71ced2e69bc7a594aec7d10c/screenshot - {}
COMMAND: POST /session/b41f127b71ced2e69bc7a594aec7d10c/element - {"using":"xpath","value":"//button[contains(@title ,\"Add new contract\")]"}
RESULT: {}
RESULT: {"using":"xpath","value":"//button[contains(@title ,\"Add new contract\")]"}
COMMAND: POST /session/b41f127b71ced2e69bc7a594aec7d10c/elements - {"using":"xpath","value":"//button[contains(@title ,\"Add new contract\")]"}
RESULT: {"using":"xpath","value":"//button[contains(@title ,\"Add new contract\")]"}
COMMAND: POST /session/b41f127b71ced2e69bc7a594aec7d10c/elements - {"using":"xpath","value":"//button[contains(@title ,\"Add new contract\")]"}
RESULT: {"using":"xpath","value":"//button[contains(@title ,\"Add new contract\")]"}
COMMAND: POST /session/b41f127b71ced2e69bc7a594aec7d10c/element - {"using":"xpath","value":"//button[contains(@title ,\"Add new contract\")]"}
RESULT: {"using":"xpath","value":"//button[contains(@title ,\"Add new contract\")]"}
COMMAND: POST /session/b41f127b71ced2e69bc7a594aec7d10c/element/f.D13B392FFCFC625696F343F77B76D564.d.1DE5453B075B88EB35051D113629514F.e.12323/click - {}
RESULT: {}
COMMAND: GET /session/b41f127b71ced2e69bc7a594aec7d10c/screenshot - {}
RESULT: {}
COMMAND: POST /session/b41f127b71ced2e69bc7a594aec7d10c/element - {"using":"xpath","value":"//input[contains(@id ,\"application-managequotations-display-component---AddNewContract--projectDescription-inner\")]"}
RESULT: {"using":"xpath","value":"//input[contains(@id ,\"application-managequotations-display-component---AddNewContract--projectDescription-inner\")]"}
COMMAND: POST /session/b41f127b71ced2e69bc7a594aec7d10c/element/f.D13B392FFCFC625696F343F77B76D564.d.1DE5453B075B88EB35051D113629514F.e.12431/value - {"text":"WdIOQuotationb95vv"}
RESULT: {"text":"WdIOQuotationb95vv"}
COMMAND: GET /session/b41f127b71ced2e69bc7a594aec7d10c/screenshot - {}
RESULT: {}
COMMAND: POST /session/b41f127b71ced2e69bc7a594aec7d10c/element - {"using":"xpath","value":"//input[contains(@id ,\"application-managequotations-display-component---AddNewContract--yardId-inner\")]"}
RESULT: {"using":"xpath","value":"//input[contains(@id ,\"application-managequotations-display-component---AddNewContract--yardId-inner\")]"}
COMMAND: POST /session/b41f127b71ced2e69bc7a594aec7d10c/element/f.D13B392FFCFC625696F343F77B76D564.d.1DE5453B075B88EB35051D113629514F.e.12434/value - {"text":"WebdriverYardt3rf2"}
RESULT: {"text":"WebdriverYardt3rf2"}
COMMAND: GET /session/b41f127b71ced2e69bc7a594aec7d10c/screenshot - {}
RESULT: {}
COMMAND: POST /session/b41f127b71ced2e69bc7a594aec7d10c/actions - {"actions":[{"id":"action92","type":"key","parameters":{},"actions":[{"type":"keyDown","value":"î€‡"},{"type":"pause","duration":10},{"type":"keyUp","value":"î€‡"}]}]}
RESULT: {"actions":[{"id":"action92","type":"key","parameters":{},"actions":[{"type":"keyDown","value":"î€‡"},{"type":"pause","duration":10},{"type":"keyUp","value":"î€‡"}]}]}
COMMAND: GET /session/b41f127b71ced2e69bc7a594aec7d10c/screenshot - {}
RESULT: {}
COMMAND: POST /session/b41f127b71ced2e69bc7a594aec7d10c/element - {"using":"xpath","value":"//input[contains(@id ,\"application-managequotations-display-component---AddNewContract--customerSelect-inner\")]"}
RESULT: {"using":"xpath","value":"//input[contains(@id ,\"application-managequotations-display-component---AddNewContract--customerSelect-inner\")]"}
COMMAND: POST /session/b41f127b71ced2e69bc7a594aec7d10c/element/f.D13B392FFCFC625696F343F77B76D564.d.1DE5453B075B88EB35051D113629514F.e.12432/value - {"text":"WebdriverPartneran3aa"}
RESULT: {"text":"WebdriverPartneran3aa"}
COMMAND: GET /session/b41f127b71ced2e69bc7a594aec7d10c/screenshot - {}
RESULT: {}
COMMAND: POST /session/b41f127b71ced2e69bc7a594aec7d10c/actions - {"actions":[{"id":"action93","type":"key","parameters":{},"actions":[{"type":"keyDown","value":"î€‡"},{"type":"pause","duration":10},{"type":"keyUp","value":"î€‡"}]}]}
RESULT: {"actions":[{"id":"action93","type":"key","parameters":{},"actions":[{"type":"keyDown","value":"î€‡"},{"type":"pause","duration":10},{"type":"keyUp","value":"î€‡"}]}]}
COMMAND: GET /session/b41f127b71ced2e69bc7a594aec7d10c/screenshot - {}
RESULT: {}
COMMAND: POST /session/b41f127b71ced2e69bc7a594aec7d10c/element - {"using":"xpath","value":"//input[contains(@id ,\"application-managequotations-display-component---AddNewContract--site-inner\")]"}
RESULT: {"using":"xpath","value":"//input[contains(@id ,\"application-managequotations-display-component---AddNewContract--site-inner\")]"}
COMMAND: POST /session/b41f127b71ced2e69bc7a594aec7d10c/element/f.D13B392FFCFC625696F343F77B76D564.d.1DE5453B075B88EB35051D113629514F.e.12433/value - {"text":"WebdriverSitekjeun"}
RESULT: {"text":"WebdriverSitekjeun"}
COMMAND: GET /session/b41f127b71ced2e69bc7a594aec7d10c/screenshot - {}
RESULT: {}
COMMAND: POST /session/b41f127b71ced2e69bc7a594aec7d10c/actions - {"actions":[{"id":"action94","type":"key","parameters":{},"actions":[{"type":"keyDown","value":"î€‡"},{"type":"pause","duration":10},{"type":"keyUp","value":"î€‡"}]}]}
RESULT: {"actions":[{"id":"action94","type":"key","parameters":{},"actions":[{"type":"keyDown","value":"î€‡"},{"type":"pause","duration":10},{"type":"keyUp","value":"î€‡"}]}]}
COMMAND: GET /session/b41f127b71ced2e69bc7a594aec7d10c/screenshot - {}
RESULT: {}
COMMAND: POST /session/b41f127b71ced2e69bc7a594aec7d10c/element - {"using":"xpath","value":"//bdi[contains(text(), \"Save\")]"}
RESULT: {"using":"xpath","value":"//bdi[contains(text(), \"Save\")]"}
COMMAND: POST /session/b41f127b71ced2e69bc7a594aec7d10c/element/f.D13B392FFCFC625696F343F77B76D564.d.1DE5453B075B88EB35051D113629514F.e.12483/click - {}
RESULT: {}
COMMAND: GET /session/b41f127b71ced2e69bc7a594aec7d10c/screenshot - {}
RESULT: {}
COMMAND: POST /session/b41f127b71ced2e69bc7a594aec7d10c/element - {"using":"css selector","value":"#shell-header-logo"}
RESULT: {"using":"css selector","value":"#shell-header-logo"}
COMMAND: POST /session/b41f127b71ced2e69bc7a594aec7d10c/element/f.D13B392FFCFC625696F343F77B76D564.d.1DE5453B075B88EB35051D113629514F.e.12295/click - {}
RESULT: {}
COMMAND: GET /session/b41f127b71ced2e69bc7a594aec7d10c/screenshot - {}
RESULT: {}
COMMAND: POST /session/b41f127b71ced2e69bc7a594aec7d10c/refresh - {}
RESULT: {}
COMMAND: GET /session/b41f127b71ced2e69bc7a594aec7d10c/screenshot - {}
RESULT: {}
COMMAND: POST /session/b41f127b71ced2e69bc7a594aec7d10c/execute/async - {"script":"<script> [189 bytes]","args":[]}
RESULT: {"script":"<script> [189 bytes]","args":[]}
COMMAND: POST /session/b41f127b71ced2e69bc7a594aec7d10c/execute/async - {"script":"<script> [123 bytes]","args":[]}
RESULT: {"script":"<script> [123 bytes]","args":[]}
COMMAND: POST /session/b41f127b71ced2e69bc7a594aec7d10c/timeouts - {"script":"<number>"}
RESULT: {"script":"<number>"}
COMMAND: GET /session/b41f127b71ced2e69bc7a594aec7d10c/timeouts - {}
RESULT: {}
RESULT: undefined
COMMAND: POST /session/b41f127b71ced2e69bc7a594aec7d10c/execute/async - {"script":"<script> [2676 bytes]","args":[]}
RESULT: {"script":"<script> [2676 bytes]","args":[]}
COMMAND: POST /session/b41f127b71ced2e69bc7a594aec7d10c/execute/async - {"script":"<script> [2342 bytes]","args":[{"protocol":"http","hostname":"0.0.0.0","path":"/","capabilities":{"browserName":"chrome","goog:chromeOptions":{"binary":"C:\\Program Files\\Google\\Chrome\\Application\\chrome.exe","args":["--start-maximized"]}},"logLevel":"warn","connectionRetryTimeout":120000,"connectionRetryCount":3,"logLevels":{},"enableDirectConnect":true,"strictSSL":true,"_":"65 more keys: [\"cacheDir\",\"port\",\"requestedCapabilities\",\"automationProtocol\",\"baseUrl\",\"waitforInterval\",\"waitforTimeout\",\"onReload\",\"beforeCommand\",\"afterCommand\",\"rootDir\",\"specs\",\"suites\",\"exclude\",\"groupLogsByTestSpec\",\"excludeDriverLogs\",\"bail\",\"framework\",\"reporters\",\"services\",\"maxInstances\",\"maxInstancesPerCapability\",\"injectGlobals\",\"filesToWatch\",\"execArgv\",\"runnerEnv\",\"runner\",\"shard\",\"specFileRetries\",\"specFileRetriesDelay\",\"specFileRetriesDeferred\",\"reporterSyncInterval\",\"reporterSyncTimeout\",\"cucumberFeaturesWithLineNumbers\",\"autoCompileOpts\",\"mochaOpts\",\"jasmineOpts\",\"cucumberOpts\",\"onPrepare\",\"onWorkerStart\",\"onWorkerEnd\",\"before\",\"beforeSession\",\"beforeSuite\",\"beforeHook\",\"beforeTest\",\"afterTest\",\"afterHook\",\"afterSuite\",\"afterSession\",\"after\",\"onComplete\",\"beforeAssertion\",\"afterAssertion\",\"beforeFeature\",\"beforeScenario\",\"beforeStep\",\"afterStep\",\"afterScenario\",\"afterFeature\",\"_\",\"suite\",\"$0\",\"ignoredWorkerServices\",\"wdi5\"]"}]}
RESULT: {"script":"<script> [2342 bytes]","args":[{"protocol":"http","hostname":"0.0.0.0","path":"/","capabilities":{"browserName":"chrome","goog:chromeOptions":{"binary":"C:\\Program Files\\Google\\Chrome\\Application\\chrome.exe","args":["--start-maximized"]}},"logLevel":"warn","connectionRetryTimeout":120000,"connectionRetryCount":3,"logLevels":{},"enableDirectConnect":true,"strictSSL":true,"_":"65 more keys: [\"cacheDir\",\"port\",\"requestedCapabilities\",\"automationProtocol\",\"baseUrl\",\"waitforInterval\",\"waitforTimeout\",\"onReload\",\"beforeCommand\",\"afterCommand\",\"rootDir\",\"specs\",\"suites\",\"exclude\",\"groupLogsByTestSpec\",\"excludeDriverLogs\",\"bail\",\"framework\",\"reporters\",\"services\",\"maxInstances\",\"maxInstancesPerCapability\",\"injectGlobals\",\"filesToWatch\",\"execArgv\",\"runnerEnv\",\"runner\",\"shard\",\"specFileRetries\",\"specFileRetriesDelay\",\"specFileRetriesDeferred\",\"reporterSyncInterval\",\"reporterSyncTimeout\",\"cucumberFeaturesWithLineNumbers\",\"autoCompileOpts\",\"mochaOpts\",\"jasmineOpts\",\"cucumberOpts\",\"onPrepare\",\"onWorkerStart\",\"onWorkerEnd\",\"before\",\"beforeSession\",\"beforeSuite\",\"beforeHook\",\"beforeTest\",\"afterTest\",\"afterHook\",\"afterSuite\",\"afterSession\",\"after\",\"onComplete\",\"beforeAssertion\",\"afterAssertion\",\"beforeFeature\",\"beforeScenario\",\"beforeStep\",\"afterStep\",\"afterScenario\",\"afterFeature\",\"_\",\"suite\",\"$0\",\"ignoredWorkerServices\",\"wdi5\"]"}]}
COMMAND: POST /session/b41f127b71ced2e69bc7a594aec7d10c/execute/async - {"script":"<script> [21126 bytes]","args":[35000]}
RESULT: {"script":"<script> [21126 bytes]","args":[35000]}
]]></system-out>
    </testcase>
    <testcase classname="chrome.135_0_7049_96.windows.Process_request_items_into_an_existing_quotation_US120163" name="Should create a new request with catalog items and plan it" time="240.421">
      <system-out><![CDATA[
COMMAND: POST /session/b41f127b71ced2e69bc7a594aec7d10c/element - {"using":"xpath","value":"//*[contains(@href, 'etm.portal.ui.managerequests')]"}
RESULT: {"using":"xpath","value":"//*[contains(@href, 'etm.portal.ui.managerequests')]"}
COMMAND: POST /session/b41f127b71ced2e69bc7a594aec7d10c/element/f.D13B392FFCFC625696F343F77B76D564.d.CED564BDD3C0A02EB390F96A46B4EE78.e.12517/click - {}
RESULT: {}
COMMAND: GET /session/b41f127b71ced2e69bc7a594aec7d10c/screenshot - {}
RESULT: {}
COMMAND: POST /session/b41f127b71ced2e69bc7a594aec7d10c/element - {"using":"xpath","value":"(//span[contains(@class ,\"sapMObjStatusText\")])[1]"}
RESULT: {"using":"xpath","value":"(//span[contains(@class ,\"sapMObjStatusText\")])[1]"}
COMMAND: POST /session/b41f127b71ced2e69bc7a594aec7d10c/execute/sync - {"script":"<script> [8489 bytes]","args":[{"element-6066-11e4-a52e-4f735466cecf":"f.D13B392FFCFC625696F343F77B76D564.d.CED564BDD3C0A02EB390F96A46B4EE78.e.12609","ELEMENT":"f.D13B392FFCFC625696F343F77B76D564.d.CED564BDD3C0A02EB390F96A46B4EE78.e.12609"}]}
RESULT: {"script":"<script> [8489 bytes]","args":[{"element-6066-11e4-a52e-4f735466cecf":"f.D13B392FFCFC625696F343F77B76D564.d.CED564BDD3C0A02EB390F96A46B4EE78.e.12609","ELEMENT":"f.D13B392FFCFC625696F343F77B76D564.d.CED564BDD3C0A02EB390F96A46B4EE78.e.12609"}]}
COMMAND: POST /session/b41f127b71ced2e69bc7a594aec7d10c/element - {"using":"xpath","value":"//button[contains(@data-kt ,\"btnCreateNewOverflowToolbarButton\")]"}
COMMAND: GET /session/b41f127b71ced2e69bc7a594aec7d10c/screenshot - {}
RESULT: {"using":"xpath","value":"//button[contains(@data-kt ,\"btnCreateNewOverflowToolbarButton\")]"}
COMMAND: POST /session/b41f127b71ced2e69bc7a594aec7d10c/element/f.D13B392FFCFC625696F343F77B76D564.d.CED564BDD3C0A02EB390F96A46B4EE78.e.12573/click - {}
RESULT: {}
RESULT: {}
COMMAND: GET /session/b41f127b71ced2e69bc7a594aec7d10c/screenshot - {}
RESULT: {}
COMMAND: POST /session/b41f127b71ced2e69bc7a594aec7d10c/element - {"using":"xpath","value":"//input[contains(@id ,\"yardId-inner\")]"}
RESULT: {"using":"xpath","value":"//input[contains(@id ,\"yardId-inner\")]"}
COMMAND: POST /session/b41f127b71ced2e69bc7a594aec7d10c/execute/sync - {"script":"<script> [8489 bytes]","args":[{"element-6066-11e4-a52e-4f735466cecf":"f.D13B392FFCFC625696F343F77B76D564.d.CED564BDD3C0A02EB390F96A46B4EE78.e.12825","ELEMENT":"f.D13B392FFCFC625696F343F77B76D564.d.CED564BDD3C0A02EB390F96A46B4EE78.e.12825"}]}
RESULT: {"script":"<script> [8489 bytes]","args":[{"element-6066-11e4-a52e-4f735466cecf":"f.D13B392FFCFC625696F343F77B76D564.d.CED564BDD3C0A02EB390F96A46B4EE78.e.12825","ELEMENT":"f.D13B392FFCFC625696F343F77B76D564.d.CED564BDD3C0A02EB390F96A46B4EE78.e.12825"}]}
COMMAND: POST /session/b41f127b71ced2e69bc7a594aec7d10c/element - {"using":"xpath","value":"//input[contains(@id ,\"yardId-inner\")]"}
COMMAND: GET /session/b41f127b71ced2e69bc7a594aec7d10c/screenshot - {}
RESULT: {"using":"xpath","value":"//input[contains(@id ,\"yardId-inner\")]"}
COMMAND: GET /session/b41f127b71ced2e69bc7a594aec7d10c/element/f.D13B392FFCFC625696F343F77B76D564.d.CED564BDD3C0A02EB390F96A46B4EE78.e.12825/enabled - {}
RESULT: {}
RESULT: {}
COMMAND: POST /session/b41f127b71ced2e69bc7a594aec7d10c/element/f.D13B392FFCFC625696F343F77B76D564.d.CED564BDD3C0A02EB390F96A46B4EE78.e.12825/clear - {}
RESULT: {}
COMMAND: POST /session/b41f127b71ced2e69bc7a594aec7d10c/element/f.D13B392FFCFC625696F343F77B76D564.d.CED564BDD3C0A02EB390F96A46B4EE78.e.12825/value - {"text":"WebdriverYardt3rf2"}
COMMAND: GET /session/b41f127b71ced2e69bc7a594aec7d10c/screenshot - {}
COMMAND: GET /session/b41f127b71ced2e69bc7a594aec7d10c/screenshot - {}
RESULT: {"text":"WebdriverYardt3rf2"}
COMMAND: GET /session/b41f127b71ced2e69bc7a594aec7d10c/screenshot - {}
RESULT: {}
RESULT: {}
RESULT: {}
COMMAND: POST /session/b41f127b71ced2e69bc7a594aec7d10c/actions - {"actions":[{"id":"action95","type":"key","parameters":{},"actions":[{"type":"keyDown","value":"î€‡"},{"type":"pause","duration":10},{"type":"keyUp","value":"î€‡"}]}]}
RESULT: {"actions":[{"id":"action95","type":"key","parameters":{},"actions":[{"type":"keyDown","value":"î€‡"},{"type":"pause","duration":10},{"type":"keyUp","value":"î€‡"}]}]}
COMMAND: GET /session/b41f127b71ced2e69bc7a594aec7d10c/screenshot - {}
RESULT: {}
COMMAND: POST /session/b41f127b71ced2e69bc7a594aec7d10c/element - {"using":"xpath","value":"//input[contains(@id ,\"customerNumber-inner\")]"}
RESULT: {"using":"xpath","value":"//input[contains(@id ,\"customerNumber-inner\")]"}
COMMAND: POST /session/b41f127b71ced2e69bc7a594aec7d10c/element/f.D13B392FFCFC625696F343F77B76D564.d.CED564BDD3C0A02EB390F96A46B4EE78.e.12819/value - {"text":"WebdriverPartneran3aa"}
RESULT: {"text":"WebdriverPartneran3aa"}
COMMAND: GET /session/b41f127b71ced2e69bc7a594aec7d10c/screenshot - {}
RESULT: {}
COMMAND: POST /session/b41f127b71ced2e69bc7a594aec7d10c/actions - {"actions":[{"id":"action96","type":"key","parameters":{},"actions":[{"type":"keyDown","value":"î€‡"},{"type":"pause","duration":10},{"type":"keyUp","value":"î€‡"}]}]}
RESULT: {"actions":[{"id":"action96","type":"key","parameters":{},"actions":[{"type":"keyDown","value":"î€‡"},{"type":"pause","duration":10},{"type":"keyUp","value":"î€‡"}]}]}
COMMAND: GET /session/b41f127b71ced2e69bc7a594aec7d10c/screenshot - {}
RESULT: {}
COMMAND: GET /session/b41f127b71ced2e69bc7a594aec7d10c/element/f.D13B392FFCFC625696F343F77B76D564.d.CED564BDD3C0A02EB390F96A46B4EE78.e.12819/property/value - {}
RESULT: {}
COMMAND: POST /session/b41f127b71ced2e69bc7a594aec7d10c/element/f.D13B392FFCFC625696F343F77B76D564.d.CED564BDD3C0A02EB390F96A46B4EE78.e.12819/value - {"text":"WebdriverPartneran3aa"}
COMMAND: GET /session/b41f127b71ced2e69bc7a594aec7d10c/screenshot - {}
RESULT: {"text":"WebdriverPartneran3aa"}
COMMAND: GET /session/b41f127b71ced2e69bc7a594aec7d10c/screenshot - {}
RESULT: {}
RESULT: {}
COMMAND: POST /session/b41f127b71ced2e69bc7a594aec7d10c/actions - {"actions":[{"id":"action97","type":"key","parameters":{},"actions":[{"type":"keyDown","value":"î€‡"},{"type":"pause","duration":10},{"type":"keyUp","value":"î€‡"}]}]}
RESULT: {"actions":[{"id":"action97","type":"key","parameters":{},"actions":[{"type":"keyDown","value":"î€‡"},{"type":"pause","duration":10},{"type":"keyUp","value":"î€‡"}]}]}
COMMAND: GET /session/b41f127b71ced2e69bc7a594aec7d10c/screenshot - {}
RESULT: {}
COMMAND: POST /session/b41f127b71ced2e69bc7a594aec7d10c/element - {"using":"xpath","value":"//input[contains(@id ,\"requestSiteId-inner\")]"}
RESULT: {"using":"xpath","value":"//input[contains(@id ,\"requestSiteId-inner\")]"}
COMMAND: POST /session/b41f127b71ced2e69bc7a594aec7d10c/element/f.D13B392FFCFC625696F343F77B76D564.d.CED564BDD3C0A02EB390F96A46B4EE78.e.12818/value - {"text":"WebdriverSitekjeun"}
RESULT: {"text":"WebdriverSitekjeun"}
COMMAND: GET /session/b41f127b71ced2e69bc7a594aec7d10c/screenshot - {}
RESULT: {}
COMMAND: POST /session/b41f127b71ced2e69bc7a594aec7d10c/actions - {"actions":[{"id":"action98","type":"key","parameters":{},"actions":[{"type":"keyDown","value":"î€‡"},{"type":"pause","duration":10},{"type":"keyUp","value":"î€‡"}]}]}
RESULT: {"actions":[{"id":"action98","type":"key","parameters":{},"actions":[{"type":"keyDown","value":"î€‡"},{"type":"pause","duration":10},{"type":"keyUp","value":"î€‡"}]}]}
COMMAND: GET /session/b41f127b71ced2e69bc7a594aec7d10c/screenshot - {}
RESULT: {}
COMMAND: POST /session/b41f127b71ced2e69bc7a594aec7d10c/element - {"using":"xpath","value":"//button[contains(@data-kt ,\"requestItemAddOverflowToolbarButton\")]"}
RESULT: {"using":"xpath","value":"//button[contains(@data-kt ,\"requestItemAddOverflowToolbarButton\")]"}
COMMAND: POST /session/b41f127b71ced2e69bc7a594aec7d10c/element/f.D13B392FFCFC625696F343F77B76D564.d.CED564BDD3C0A02EB390F96A46B4EE78.e.12797/click - {}
RESULT: {}
COMMAND: GET /session/b41f127b71ced2e69bc7a594aec7d10c/screenshot - {}
RESULT: {}
COMMAND: POST /session/b41f127b71ced2e69bc7a594aec7d10c/actions - {"actions":[{"id":"action99","type":"key","parameters":{},"actions":[{"type":"keyDown","value":"î€•"},{"type":"pause","duration":10},{"type":"keyUp","value":"î€•"}]}]}
RESULT: {"actions":[{"id":"action99","type":"key","parameters":{},"actions":[{"type":"keyDown","value":"î€•"},{"type":"pause","duration":10},{"type":"keyUp","value":"î€•"}]}]}
COMMAND: POST /session/b41f127b71ced2e69bc7a594aec7d10c/actions - {"actions":[{"id":"action100","type":"key","parameters":{},"actions":[{"type":"keyDown","value":"î€‡"},{"type":"pause","duration":10},{"type":"keyUp","value":"î€‡"}]}]}
COMMAND: GET /session/b41f127b71ced2e69bc7a594aec7d10c/screenshot - {}
RESULT: {"actions":[{"id":"action100","type":"key","parameters":{},"actions":[{"type":"keyDown","value":"î€‡"},{"type":"pause","duration":10},{"type":"keyUp","value":"î€‡"}]}]}
COMMAND: GET /session/b41f127b71ced2e69bc7a594aec7d10c/screenshot - {}
RESULT: {}
RESULT: {}
COMMAND: POST /session/b41f127b71ced2e69bc7a594aec7d10c/element - {"using":"xpath","value":"(//input[contains(@id ,\"requestItemsTable-0-inner\")])[1]"}
RESULT: {"using":"xpath","value":"(//input[contains(@id ,\"requestItemsTable-0-inner\")])[1]"}
COMMAND: POST /session/b41f127b71ced2e69bc7a594aec7d10c/element/f.D13B392FFCFC625696F343F77B76D564.d.CED564BDD3C0A02EB390F96A46B4EE78.e.12948/clear - {}
RESULT: {}
COMMAND: POST /session/b41f127b71ced2e69bc7a594aec7d10c/element/f.D13B392FFCFC625696F343F77B76D564.d.CED564BDD3C0A02EB390F96A46B4EE78.e.12948/value - {"text":"catalogItemh7w23"}
COMMAND: GET /session/b41f127b71ced2e69bc7a594aec7d10c/screenshot - {}
RESULT: {"text":"catalogItemh7w23"}
COMMAND: GET /session/b41f127b71ced2e69bc7a594aec7d10c/screenshot - {}
RESULT: {}
RESULT: {}
COMMAND: POST /session/b41f127b71ced2e69bc7a594aec7d10c/actions - {"actions":[{"id":"action101","type":"key","parameters":{},"actions":[{"type":"keyDown","value":"î€‡"},{"type":"pause","duration":10},{"type":"keyUp","value":"î€‡"}]}]}
RESULT: {"actions":[{"id":"action101","type":"key","parameters":{},"actions":[{"type":"keyDown","value":"î€‡"},{"type":"pause","duration":10},{"type":"keyUp","value":"î€‡"}]}]}
COMMAND: GET /session/b41f127b71ced2e69bc7a594aec7d10c/screenshot - {}
RESULT: {}
COMMAND: POST /session/b41f127b71ced2e69bc7a594aec7d10c/execute/async - {"script":"<script> [1562 bytes]","args":[{"selector":{"controlType":"sap.ui.core.Icon","viewName":"etm.portal.ui.managerequests.view.NewRequest","properties":{"src":{"regex":{"source":"slim\\-arrow\\-down"}}},"ancestor":{"controlType":"sap.m.Button","viewName":"etm.portal.ui.managerequests.view.NewRequest","properties":{"icon":"sap-icon://slim-arrow-down"}}},"wdio_ui5_key":"etmportal.ui.managerequests.view.NewRequestsap.ui.core.Icon{\"src\":{\"regex\":{\"source\":\"slim\\\\-arrow\\\\-down\"}}}{\"controlType\":\"sap.m.Button\",\"viewName\":\"etm.portal.ui.managerequests.view.NewRequest\",\"properties\":{\"icon\":\"sap-icon://slim-arrow-down\"}}"}]}
RESULT: {"script":"<script> [1562 bytes]","args":[{"selector":{"controlType":"sap.ui.core.Icon","viewName":"etm.portal.ui.managerequests.view.NewRequest","properties":{"src":{"regex":{"source":"slim\\-arrow\\-down"}}},"ancestor":{"controlType":"sap.m.Button","viewName":"etm.portal.ui.managerequests.view.NewRequest","properties":{"icon":"sap-icon://slim-arrow-down"}}},"wdio_ui5_key":"etmportal.ui.managerequests.view.NewRequestsap.ui.core.Icon{\"src\":{\"regex\":{\"source\":\"slim\\\\-arrow\\\\-down\"}}}{\"controlType\":\"sap.m.Button\",\"viewName\":\"etm.portal.ui.managerequests.view.NewRequest\",\"properties\":{\"icon\":\"sap-icon://slim-arrow-down\"}}"}]}
RESULT: undefined
COMMAND: POST /session/b41f127b71ced2e69bc7a594aec7d10c/element - {"using":"xpath","value":"//div[contains(@data-kt ,\"splitAllocationObjectStatus\")]"}
RESULT: {"using":"xpath","value":"//div[contains(@data-kt ,\"splitAllocationObjectStatus\")]"}
COMMAND: POST /session/b41f127b71ced2e69bc7a594aec7d10c/elements - {"using":"xpath","value":"//div[contains(@data-kt ,\"splitAllocationObjectStatus\")]"}
RESULT: {"using":"xpath","value":"//div[contains(@data-kt ,\"splitAllocationObjectStatus\")]"}
COMMAND: POST /session/b41f127b71ced2e69bc7a594aec7d10c/execute/async - {"script":"<script> [1562 bytes]","args":[{"selector":{"controlType":"sap.ui.core.Icon","viewName":"etm.portal.ui.managerequests.view.NewRequest","properties":{"src":{"regex":{"source":"message\\-error"}}}},"wdio_ui5_key":"etmportal.ui.managerequests.view.NewRequestsap.ui.core.Icon{\"src\":{\"regex\":{\"source\":\"message\\\\-error\"}}}"}]}
RESULT: {"script":"<script> [1562 bytes]","args":[{"selector":{"controlType":"sap.ui.core.Icon","viewName":"etm.portal.ui.managerequests.view.NewRequest","properties":{"src":{"regex":{"source":"message\\-error"}}}},"wdio_ui5_key":"etmportal.ui.managerequests.view.NewRequestsap.ui.core.Icon{\"src\":{\"regex\":{\"source\":\"message\\\\-error\"}}}"}]}
RESULT: undefined
COMMAND: POST /session/b41f127b71ced2e69bc7a594aec7d10c/element - {"using":"xpath","value":"//*[@id=\"__status4-__xmlview59--requestItemsTable-0-icon\"]"}
RESULT: {"using":"xpath","value":"//*[@id=\"__status4-__xmlview59--requestItemsTable-0-icon\"]"}
COMMAND: POST /session/b41f127b71ced2e69bc7a594aec7d10c/element/f.D13B392FFCFC625696F343F77B76D564.d.CED564BDD3C0A02EB390F96A46B4EE78.e.12964/click - {}
RESULT: {}
COMMAND: POST /session/b41f127b71ced2e69bc7a594aec7d10c/execute/async - {"script":"<script> [1562 bytes]","args":[{"selector":{"controlType":"sap.ui.core.Icon","viewName":"etm.portal.ui.managerequests.view.NewRequest","properties":{"src":{"regex":{"source":"slim\\-arrow\\-down"}}},"searchOpenDialogs":true,"ancestor":{"id":"costObjectAdminTypeComboBox","viewName":"etm.portal.ui.managerequests.view.NewRequest","searchOpenDialogs":true}},"wdio_ui5_key":"etmportal.ui.managerequests.view.NewRequestsap.ui.core.Icon{\"src\":{\"regex\":{\"source\":\"slim\\\\-arrow\\\\-down\"}}}{\"id\":\"costObjectAdminTypeComboBox\",\"viewName\":\"etm.portal.ui.managerequests.view.NewRequest\",\"searchOpenDialogs\":true}"}]}
COMMAND: GET /session/b41f127b71ced2e69bc7a594aec7d10c/screenshot - {}
RESULT: {"script":"<script> [1562 bytes]","args":[{"selector":{"controlType":"sap.ui.core.Icon","viewName":"etm.portal.ui.managerequests.view.NewRequest","properties":{"src":{"regex":{"source":"slim\\-arrow\\-down"}}},"searchOpenDialogs":true,"ancestor":{"id":"costObjectAdminTypeComboBox","viewName":"etm.portal.ui.managerequests.view.NewRequest","searchOpenDialogs":true}},"wdio_ui5_key":"etmportal.ui.managerequests.view.NewRequestsap.ui.core.Icon{\"src\":{\"regex\":{\"source\":\"slim\\\\-arrow\\\\-down\"}}}{\"id\":\"costObjectAdminTypeComboBox\",\"viewName\":\"etm.portal.ui.managerequests.view.NewRequest\",\"searchOpenDialogs\":true}"}]}
RESULT: undefined
COMMAND: POST /session/b41f127b71ced2e69bc7a594aec7d10c/element - {"using":"xpath","value":"//*[@id=\"__xmlview59--costObjectAdminTypeComboBox-arrow\"]"}
RESULT: {}
RESULT: {"using":"xpath","value":"//*[@id=\"__xmlview59--costObjectAdminTypeComboBox-arrow\"]"}
COMMAND: POST /session/b41f127b71ced2e69bc7a594aec7d10c/element/f.D13B392FFCFC625696F343F77B76D564.d.CED564BDD3C0A02EB390F96A46B4EE78.e.12969/click - {}
RESULT: {}
COMMAND: POST /session/b41f127b71ced2e69bc7a594aec7d10c/execute/async - {"script":"<script> [1562 bytes]","args":[{"selector":{"controlType":"sap.m.StandardListItem","viewName":"etm.portal.ui.managerequests.view.NewRequest","properties":{"title":"Cost Center"},"searchOpenDialogs":true,"interaction":{"idSuffix":"titleText"}},"wdio_ui5_key":"etmportal.ui.managerequests.view.NewRequestsap.m.StandardListItem{\"title\":\"Cost Center\"}"}]}
COMMAND: GET /session/b41f127b71ced2e69bc7a594aec7d10c/screenshot - {}
RESULT: {"script":"<script> [1562 bytes]","args":[{"selector":{"controlType":"sap.m.StandardListItem","viewName":"etm.portal.ui.managerequests.view.NewRequest","properties":{"title":"Cost Center"},"searchOpenDialogs":true,"interaction":{"idSuffix":"titleText"}},"wdio_ui5_key":"etmportal.ui.managerequests.view.NewRequestsap.m.StandardListItem{\"title\":\"Cost Center\"}"}]}
RESULT: undefined
COMMAND: POST /session/b41f127b71ced2e69bc7a594aec7d10c/element - {"using":"xpath","value":"//*[@id=\"__item687\"]"}
RESULT: {}
RESULT: {"using":"xpath","value":"//*[@id=\"__item687\"]"}
COMMAND: POST /session/b41f127b71ced2e69bc7a594aec7d10c/element/f.D13B392FFCFC625696F343F77B76D564.d.CED564BDD3C0A02EB390F96A46B4EE78.e.12972/click - {}
RESULT: {}
COMMAND: GET /session/b41f127b71ced2e69bc7a594aec7d10c/screenshot - {}
RESULT: {}
COMMAND: POST /session/b41f127b71ced2e69bc7a594aec7d10c/execute/async - {"script":"<script> [1562 bytes]","args":[{"selector":{"controlType":"sap.ui.core.Icon","viewName":"etm.portal.ui.managerequests.view.NewRequest","properties":{"src":{"regex":{"source":"value\\-help"}}},"searchOpenDialogs":true},"wdio_ui5_key":"etmportal.ui.managerequests.view.NewRequestsap.ui.core.Icon{\"src\":{\"regex\":{\"source\":\"value\\\\-help\"}}}"}]}
RESULT: {"script":"<script> [1562 bytes]","args":[{"selector":{"controlType":"sap.ui.core.Icon","viewName":"etm.portal.ui.managerequests.view.NewRequest","properties":{"src":{"regex":{"source":"value\\-help"}}},"searchOpenDialogs":true},"wdio_ui5_key":"etmportal.ui.managerequests.view.NewRequestsap.ui.core.Icon{\"src\":{\"regex\":{\"source\":\"value\\\\-help\"}}}"}]}
RESULT: undefined
COMMAND: POST /session/b41f127b71ced2e69bc7a594aec7d10c/element - {"using":"xpath","value":"//*[@id=\"__xmlview59--costObjectIdComboBox-vhi\"]"}
RESULT: {"using":"xpath","value":"//*[@id=\"__xmlview59--costObjectIdComboBox-vhi\"]"}
COMMAND: POST /session/b41f127b71ced2e69bc7a594aec7d10c/element/f.D13B392FFCFC625696F343F77B76D564.d.CED564BDD3C0A02EB390F96A46B4EE78.e.12980/click - {}
RESULT: {}
COMMAND: POST /session/b41f127b71ced2e69bc7a594aec7d10c/execute/async - {"script":"<script> [1562 bytes]","args":[{"selector":{"controlType":"sap.m.SearchField","properties":{"placeholder":"Search"},"searchOpenDialogs":true,"interaction":{"idSuffix":"I"}},"wdio_ui5_key":"sapm.SearchField{\"placeholder\":\"Search\"}"}]}
COMMAND: GET /session/b41f127b71ced2e69bc7a594aec7d10c/screenshot - {}
RESULT: {"script":"<script> [1562 bytes]","args":[{"selector":{"controlType":"sap.m.SearchField","properties":{"placeholder":"Search"},"searchOpenDialogs":true,"interaction":{"idSuffix":"I"}},"wdio_ui5_key":"sapm.SearchField{\"placeholder\":\"Search\"}"}]}
RESULT: undefined
COMMAND: POST /session/b41f127b71ced2e69bc7a594aec7d10c/execute/async - {"script":"<script> [776 bytes]","args":[{"enterText":"10001010","selector":{"controlType":"sap.m.SearchField","properties":{"placeholder":"Search"},"searchOpenDialogs":true,"interaction":{"idSuffix":"I"}},"clearTextFirst":true,"interactionType":"ENTER_TEXT"}]}
RESULT: {}
RESULT: {"script":"<script> [776 bytes]","args":[{"enterText":"10001010","selector":{"controlType":"sap.m.SearchField","properties":{"placeholder":"Search"},"searchOpenDialogs":true,"interaction":{"idSuffix":"I"}},"clearTextFirst":true,"interactionType":"ENTER_TEXT"}]}
COMMAND: POST /session/b41f127b71ced2e69bc7a594aec7d10c/actions - {"actions":[{"id":"action102","type":"key","parameters":{},"actions":[{"type":"keyDown","value":"î€‡"},{"type":"pause","duration":10},{"type":"keyUp","value":"î€‡"}]}]}
RESULT: {"actions":[{"id":"action102","type":"key","parameters":{},"actions":[{"type":"keyDown","value":"î€‡"},{"type":"pause","duration":10},{"type":"keyUp","value":"î€‡"}]}]}
COMMAND: GET /session/b41f127b71ced2e69bc7a594aec7d10c/screenshot - {}
RESULT: {}
COMMAND: POST /session/b41f127b71ced2e69bc7a594aec7d10c/execute/async - {"script":"<script> [1562 bytes]","args":[{"selector":{"controlType":"sap.m.Text","bindingPath":{"path":"/C_CostCtrValueHelp(CostCenter='10001010',ControllingArea='Z001')","propertyPath":"CostCenterName","modelName":"CostCenterModel"},"searchOpenDialogs":true},"wdio_ui5_key":"sapm.Text{\"path\":\"/C_CostCtrValueHelp(CostCenter='10001010',ControllingArea='Z001')\",\"propertyPath\":\"CostCenterName\",\"modelName\":\"CostCenterModel\"}"}]}
RESULT: {"script":"<script> [1562 bytes]","args":[{"selector":{"controlType":"sap.m.Text","bindingPath":{"path":"/C_CostCtrValueHelp(CostCenter='10001010',ControllingArea='Z001')","propertyPath":"CostCenterName","modelName":"CostCenterModel"},"searchOpenDialogs":true},"wdio_ui5_key":"sapm.Text{\"path\":\"/C_CostCtrValueHelp(CostCenter='10001010',ControllingArea='Z001')\",\"propertyPath\":\"CostCenterName\",\"modelName\":\"CostCenterModel\"}"}]}
RESULT: undefined
COMMAND: POST /session/b41f127b71ced2e69bc7a594aec7d10c/element - {"using":"xpath","value":"//*[@id=\"__text291-__clone825\"]"}
RESULT: {"using":"xpath","value":"//*[@id=\"__text291-__clone825\"]"}
COMMAND: POST /session/b41f127b71ced2e69bc7a594aec7d10c/element/f.D13B392FFCFC625696F343F77B76D564.d.CED564BDD3C0A02EB390F96A46B4EE78.e.13020/click - {}
RESULT: {}
COMMAND: POST /session/b41f127b71ced2e69bc7a594aec7d10c/execute/async - {"script":"<script> [1562 bytes]","args":[{"selector":{"controlType":"sap.m.Button","properties":{"text":"OK"},"searchOpenDialogs":true,"interaction":{"idSuffix":"BDI-content"}},"wdio_ui5_key":"sapm.Button{\"text\":\"OK\"}"}]}
COMMAND: GET /session/b41f127b71ced2e69bc7a594aec7d10c/screenshot - {}
RESULT: {"script":"<script> [1562 bytes]","args":[{"selector":{"controlType":"sap.m.Button","properties":{"text":"OK"},"searchOpenDialogs":true,"interaction":{"idSuffix":"BDI-content"}},"wdio_ui5_key":"sapm.Button{\"text\":\"OK\"}"}]}
RESULT: undefined
COMMAND: POST /session/b41f127b71ced2e69bc7a594aec7d10c/element - {"using":"xpath","value":"//*[@id=\"__dialog1-ok\"]"}
RESULT: {}
RESULT: {"using":"xpath","value":"//*[@id=\"__dialog1-ok\"]"}
COMMAND: POST /session/b41f127b71ced2e69bc7a594aec7d10c/element/f.D13B392FFCFC625696F343F77B76D564.d.CED564BDD3C0A02EB390F96A46B4EE78.e.13022/click - {}
RESULT: {}
COMMAND: GET /session/b41f127b71ced2e69bc7a594aec7d10c/screenshot - {}
RESULT: {}
COMMAND: POST /session/b41f127b71ced2e69bc7a594aec7d10c/execute/async - {"script":"<script> [1562 bytes]","args":[{"selector":{"controlType":"sap.m.Button","viewName":"etm.portal.ui.managerequests.view.NewRequest","i18NText":{"propertyName":"text","key":"save"},"searchOpenDialogs":true,"interaction":{"idSuffix":"BDI-content"}},"wdio_ui5_key":"etmportal.ui.managerequests.view.NewRequestsap.m.Button{\"propertyName\":\"text\",\"key\":\"save\"}"}]}
RESULT: {"script":"<script> [1562 bytes]","args":[{"selector":{"controlType":"sap.m.Button","viewName":"etm.portal.ui.managerequests.view.NewRequest","i18NText":{"propertyName":"text","key":"save"},"searchOpenDialogs":true,"interaction":{"idSuffix":"BDI-content"}},"wdio_ui5_key":"etmportal.ui.managerequests.view.NewRequestsap.m.Button{\"propertyName\":\"text\",\"key\":\"save\"}"}]}
RESULT: undefined
COMMAND: POST /session/b41f127b71ced2e69bc7a594aec7d10c/element - {"using":"xpath","value":"//*[@id=\"__button24\"]"}
RESULT: {"using":"xpath","value":"//*[@id=\"__button24\"]"}
COMMAND: POST /session/b41f127b71ced2e69bc7a594aec7d10c/element/f.D13B392FFCFC625696F343F77B76D564.d.CED564BDD3C0A02EB390F96A46B4EE78.e.13026/click - {}
RESULT: {}
COMMAND: GET /session/b41f127b71ced2e69bc7a594aec7d10c/screenshot - {}
RESULT: {}
COMMAND: POST /session/b41f127b71ced2e69bc7a594aec7d10c/element - {"using":"xpath","value":"(//bdi[contains(text() ,\"Save\")])[1]"}
RESULT: {"using":"xpath","value":"(//bdi[contains(text() ,\"Save\")])[1]"}
COMMAND: POST /session/b41f127b71ced2e69bc7a594aec7d10c/element/f.D13B392FFCFC625696F343F77B76D564.d.CED564BDD3C0A02EB390F96A46B4EE78.e.13028/click - {}
RESULT: {}
COMMAND: GET /session/b41f127b71ced2e69bc7a594aec7d10c/screenshot - {}
RESULT: {}
COMMAND: POST /session/b41f127b71ced2e69bc7a594aec7d10c/execute/async - {"script":"<script> [1562 bytes]","args":[{"selector":{"controlType":"sap.m.Title","properties":{"text":"Success"},"searchOpenDialogs":true},"wdio_ui5_key":"sapm.Title{\"text\":\"Success\"}"}]}
RESULT: {"script":"<script> [1562 bytes]","args":[{"selector":{"controlType":"sap.m.Title","properties":{"text":"Success"},"searchOpenDialogs":true},"wdio_ui5_key":"sapm.Title{\"text\":\"Success\"}"}]}
RESULT: undefined
COMMAND: POST /session/b41f127b71ced2e69bc7a594aec7d10c/execute/async - {"script":"<script> [6424 bytes]","args":[{"element-6066-11e4-a52e-4f735466cecf":"f.D13B392FFCFC625696F343F77B76D564.d.CED564BDD3C0A02EB390F96A46B4EE78.e.13031"},"getText",[]]}
RESULT: {"script":"<script> [6424 bytes]","args":[{"element-6066-11e4-a52e-4f735466cecf":"f.D13B392FFCFC625696F343F77B76D564.d.CED564BDD3C0A02EB390F96A46B4EE78.e.13031"},"getText",[]]}
COMMAND: POST /session/b41f127b71ced2e69bc7a594aec7d10c/execute/async - {"script":"<script> [1562 bytes]","args":[{"selector":{"controlType":"sap.m.Button","properties":{"text":"Close"},"searchOpenDialogs":true,"interaction":{"idSuffix":"BDI-content"}},"wdio_ui5_key":"sapm.Button{\"text\":\"Close\"}"}]}
RESULT: {"script":"<script> [1562 bytes]","args":[{"selector":{"controlType":"sap.m.Button","properties":{"text":"Close"},"searchOpenDialogs":true,"interaction":{"idSuffix":"BDI-content"}},"wdio_ui5_key":"sapm.Button{\"text\":\"Close\"}"}]}
RESULT: undefined
COMMAND: POST /session/b41f127b71ced2e69bc7a594aec7d10c/element - {"using":"xpath","value":"//*[@id=\"__mbox-btn-0\"]"}
RESULT: {"using":"xpath","value":"//*[@id=\"__mbox-btn-0\"]"}
COMMAND: POST /session/b41f127b71ced2e69bc7a594aec7d10c/element/f.D13B392FFCFC625696F343F77B76D564.d.CED564BDD3C0A02EB390F96A46B4EE78.e.13030/click - {}
RESULT: {}
COMMAND: GET /session/b41f127b71ced2e69bc7a594aec7d10c/screenshot - {}
RESULT: {}
COMMAND: POST /session/b41f127b71ced2e69bc7a594aec7d10c/execute/async - {"script":"<script> [1562 bytes]","args":[{"selector":{"controlType":"sap.m.Text","viewName":"etm.portal.ui.managerequests.view.Detail","bindingPath":{"propertyPath":"NO","modelName":"catalogModel"}},"wdio_ui5_key":"etmportal.ui.managerequests.view.Detailsap.m.Text{\"propertyPath\":\"NO\",\"modelName\":\"catalogModel\"}"}]}
RESULT: {"script":"<script> [1562 bytes]","args":[{"selector":{"controlType":"sap.m.Text","viewName":"etm.portal.ui.managerequests.view.Detail","bindingPath":{"propertyPath":"NO","modelName":"catalogModel"}},"wdio_ui5_key":"etmportal.ui.managerequests.view.Detailsap.m.Text{\"propertyPath\":\"NO\",\"modelName\":\"catalogModel\"}"}]}
RESULT: undefined
COMMAND: POST /session/b41f127b71ced2e69bc7a594aec7d10c/execute/async - {"script":"<script> [6424 bytes]","args":[{"element-6066-11e4-a52e-4f735466cecf":"f.D13B392FFCFC625696F343F77B76D564.d.CED564BDD3C0A02EB390F96A46B4EE78.e.13159"},"getText",[]]}
RESULT: {"script":"<script> [6424 bytes]","args":[{"element-6066-11e4-a52e-4f735466cecf":"f.D13B392FFCFC625696F343F77B76D564.d.CED564BDD3C0A02EB390F96A46B4EE78.e.13159"},"getText",[]]}
COMMAND: POST /session/b41f127b71ced2e69bc7a594aec7d10c/execute/async - {"script":"<script> [1562 bytes]","args":[{"selector":{"controlType":"sap.ui.core.Icon","viewName":"etm.portal.ui.managerequests.view.Detail","properties":{"src":{"regex":{"source":"date\\-time"}}},"ancestor":{"controlType":"sap.m.ColumnListItem","viewName":"etm.portal.ui.managerequests.view.Detail","bindingPath":{"path":"/SmartRequestItemsPlanningBoard(ITEM=10m,REQUEST='20322')"},"ancestor":{"id":"requestItemsTable","viewName":"etm.portal.ui.managerequests.view.Detail"}}},"wdio_ui5_key":"etmportal.ui.managerequests.view.Detailsap.ui.core.Icon{\"src\":{\"regex\":{\"source\":\"date\\\\-time\"}}}{\"controlType\":\"sap.m.ColumnListItem\",\"viewName\":\"etm.portal.ui.managerequests.view.Detail\",\"bindingPath\":{\"path\":\"/SmartRequestItemsPlanningBoard(ITEM=10m,REQUEST='20322')\"},\"ancestor\":{\"id\":\"requestItemsTable\",\"viewName\":\"etm.portal.ui.managerequests.view.Detail\"}}"}]}
RESULT: {"script":"<script> [1562 bytes]","args":[{"selector":{"controlType":"sap.ui.core.Icon","viewName":"etm.portal.ui.managerequests.view.Detail","properties":{"src":{"regex":{"source":"date\\-time"}}},"ancestor":{"controlType":"sap.m.ColumnListItem","viewName":"etm.portal.ui.managerequests.view.Detail","bindingPath":{"path":"/SmartRequestItemsPlanningBoard(ITEM=10m,REQUEST='20322')"},"ancestor":{"id":"requestItemsTable","viewName":"etm.portal.ui.managerequests.view.Detail"}}},"wdio_ui5_key":"etmportal.ui.managerequests.view.Detailsap.ui.core.Icon{\"src\":{\"regex\":{\"source\":\"date\\\\-time\"}}}{\"controlType\":\"sap.m.ColumnListItem\",\"viewName\":\"etm.portal.ui.managerequests.view.Detail\",\"bindingPath\":{\"path\":\"/SmartRequestItemsPlanningBoard(ITEM=10m,REQUEST='20322')\"},\"ancestor\":{\"id\":\"requestItemsTable\",\"viewName\":\"etm.portal.ui.managerequests.view.Detail\"}}"}]}
RESULT: undefined
COMMAND: POST /session/b41f127b71ced2e69bc7a594aec7d10c/element - {"using":"xpath","value":"//*[@id=\"__button39-__clone864-img\"]"}
RESULT: {"using":"xpath","value":"//*[@id=\"__button39-__clone864-img\"]"}
COMMAND: POST /session/b41f127b71ced2e69bc7a594aec7d10c/element/f.D13B392FFCFC625696F343F77B76D564.d.CED564BDD3C0A02EB390F96A46B4EE78.e.13160/click - {}
RESULT: {}
COMMAND: POST /session/b41f127b71ced2e69bc7a594aec7d10c/execute/async - {"script":"<script> [1562 bytes]","args":[{"selector":{"controlType":"sap.m.Button","viewName":"etm.portal.ui.managerequests.view.Detail","properties":{"text":"Close"},"searchOpenDialogs":true,"interaction":{"idSuffix":"BDI-content"}},"wdio_ui5_key":"etmportal.ui.managerequests.view.Detailsap.m.Button{\"text\":\"Close\"}"}]}
COMMAND: GET /session/b41f127b71ced2e69bc7a594aec7d10c/screenshot - {}
RESULT: {"script":"<script> [1562 bytes]","args":[{"selector":{"controlType":"sap.m.Button","viewName":"etm.portal.ui.managerequests.view.Detail","properties":{"text":"Close"},"searchOpenDialogs":true,"interaction":{"idSuffix":"BDI-content"}},"wdio_ui5_key":"etmportal.ui.managerequests.view.Detailsap.m.Button{\"text\":\"Close\"}"}]}
RESULT: undefined
COMMAND: POST /session/b41f127b71ced2e69bc7a594aec7d10c/element - {"using":"xpath","value":"//*[@id=\"__button49\"]"}
RESULT: {}
RESULT: {"using":"xpath","value":"//*[@id=\"__button49\"]"}
COMMAND: POST /session/b41f127b71ced2e69bc7a594aec7d10c/element/f.D13B392FFCFC625696F343F77B76D564.d.CED564BDD3C0A02EB390F96A46B4EE78.e.13162/click - {}
RESULT: {}
COMMAND: GET /session/b41f127b71ced2e69bc7a594aec7d10c/screenshot - {}
RESULT: {}
COMMAND: POST /session/b41f127b71ced2e69bc7a594aec7d10c/refresh - {}
RESULT: {}
COMMAND: GET /session/b41f127b71ced2e69bc7a594aec7d10c/screenshot - {}
RESULT: {}
COMMAND: POST /session/b41f127b71ced2e69bc7a594aec7d10c/execute/async - {"script":"<script> [189 bytes]","args":[]}
RESULT: {"script":"<script> [189 bytes]","args":[]}
COMMAND: POST /session/b41f127b71ced2e69bc7a594aec7d10c/execute/async - {"script":"<script> [123 bytes]","args":[]}
RESULT: {"script":"<script> [123 bytes]","args":[]}
COMMAND: POST /session/b41f127b71ced2e69bc7a594aec7d10c/timeouts - {"script":"<number>"}
RESULT: {"script":"<number>"}
COMMAND: GET /session/b41f127b71ced2e69bc7a594aec7d10c/timeouts - {}
RESULT: {}
RESULT: undefined
COMMAND: POST /session/b41f127b71ced2e69bc7a594aec7d10c/execute/async - {"script":"<script> [2676 bytes]","args":[]}
RESULT: {"script":"<script> [2676 bytes]","args":[]}
COMMAND: POST /session/b41f127b71ced2e69bc7a594aec7d10c/execute/async - {"script":"<script> [2342 bytes]","args":[{"protocol":"http","hostname":"0.0.0.0","path":"/","capabilities":{"browserName":"chrome","goog:chromeOptions":{"binary":"C:\\Program Files\\Google\\Chrome\\Application\\chrome.exe","args":["--start-maximized"]}},"logLevel":"warn","connectionRetryTimeout":120000,"connectionRetryCount":3,"logLevels":{},"enableDirectConnect":true,"strictSSL":true,"_":"65 more keys: [\"cacheDir\",\"port\",\"requestedCapabilities\",\"automationProtocol\",\"baseUrl\",\"waitforInterval\",\"waitforTimeout\",\"onReload\",\"beforeCommand\",\"afterCommand\",\"rootDir\",\"specs\",\"suites\",\"exclude\",\"groupLogsByTestSpec\",\"excludeDriverLogs\",\"bail\",\"framework\",\"reporters\",\"services\",\"maxInstances\",\"maxInstancesPerCapability\",\"injectGlobals\",\"filesToWatch\",\"execArgv\",\"runnerEnv\",\"runner\",\"shard\",\"specFileRetries\",\"specFileRetriesDelay\",\"specFileRetriesDeferred\",\"reporterSyncInterval\",\"reporterSyncTimeout\",\"cucumberFeaturesWithLineNumbers\",\"autoCompileOpts\",\"mochaOpts\",\"jasmineOpts\",\"cucumberOpts\",\"onPrepare\",\"onWorkerStart\",\"onWorkerEnd\",\"before\",\"beforeSession\",\"beforeSuite\",\"beforeHook\",\"beforeTest\",\"afterTest\",\"afterHook\",\"afterSuite\",\"afterSession\",\"after\",\"onComplete\",\"beforeAssertion\",\"afterAssertion\",\"beforeFeature\",\"beforeScenario\",\"beforeStep\",\"afterStep\",\"afterScenario\",\"afterFeature\",\"_\",\"suite\",\"$0\",\"ignoredWorkerServices\",\"wdi5\"]"}]}
RESULT: {"script":"<script> [2342 bytes]","args":[{"protocol":"http","hostname":"0.0.0.0","path":"/","capabilities":{"browserName":"chrome","goog:chromeOptions":{"binary":"C:\\Program Files\\Google\\Chrome\\Application\\chrome.exe","args":["--start-maximized"]}},"logLevel":"warn","connectionRetryTimeout":120000,"connectionRetryCount":3,"logLevels":{},"enableDirectConnect":true,"strictSSL":true,"_":"65 more keys: [\"cacheDir\",\"port\",\"requestedCapabilities\",\"automationProtocol\",\"baseUrl\",\"waitforInterval\",\"waitforTimeout\",\"onReload\",\"beforeCommand\",\"afterCommand\",\"rootDir\",\"specs\",\"suites\",\"exclude\",\"groupLogsByTestSpec\",\"excludeDriverLogs\",\"bail\",\"framework\",\"reporters\",\"services\",\"maxInstances\",\"maxInstancesPerCapability\",\"injectGlobals\",\"filesToWatch\",\"execArgv\",\"runnerEnv\",\"runner\",\"shard\",\"specFileRetries\",\"specFileRetriesDelay\",\"specFileRetriesDeferred\",\"reporterSyncInterval\",\"reporterSyncTimeout\",\"cucumberFeaturesWithLineNumbers\",\"autoCompileOpts\",\"mochaOpts\",\"jasmineOpts\",\"cucumberOpts\",\"onPrepare\",\"onWorkerStart\",\"onWorkerEnd\",\"before\",\"beforeSession\",\"beforeSuite\",\"beforeHook\",\"beforeTest\",\"afterTest\",\"afterHook\",\"afterSuite\",\"afterSession\",\"after\",\"onComplete\",\"beforeAssertion\",\"afterAssertion\",\"beforeFeature\",\"beforeScenario\",\"beforeStep\",\"afterStep\",\"afterScenario\",\"afterFeature\",\"_\",\"suite\",\"$0\",\"ignoredWorkerServices\",\"wdi5\"]"}]}
COMMAND: POST /session/b41f127b71ced2e69bc7a594aec7d10c/execute/async - {"script":"<script> [21126 bytes]","args":[35000]}
RESULT: {"script":"<script> [21126 bytes]","args":[35000]}
]]></system-out>
    </testcase>
    <testcase classname="chrome.135_0_7049_96.windows.Process_request_items_into_an_existing_quotation_US120163" name="Should process the request into an existing quotation" time="80.026">
      <system-out><![CDATA[
COMMAND: GET /session/b41f127b71ced2e69bc7a594aec7d10c/window - {}
RESULT: {}
COMMAND: POST /session/b41f127b71ced2e69bc7a594aec7d10c/element - {"using":"xpath","value":"//span[contains(@id ,\"detailHeaderTitle-_actionsToolbar-overflowButton-img\")]"}
RESULT: {"using":"xpath","value":"//span[contains(@id ,\"detailHeaderTitle-_actionsToolbar-overflowButton-img\")]"}
COMMAND: POST /session/b41f127b71ced2e69bc7a594aec7d10c/element/f.D13B392FFCFC625696F343F77B76D564.d.F765FF30EC9275D7C20F94CD92440EFA.e.13384/click - {}
RESULT: {}
COMMAND: GET /session/b41f127b71ced2e69bc7a594aec7d10c/screenshot - {}
RESULT: {}
COMMAND: POST /session/b41f127b71ced2e69bc7a594aec7d10c/element - {"using":"xpath","value":"//span[contains(@id ,\"actionsMenuButton-internalSplitBtn-arrowButton-img\")]"}
RESULT: {"using":"xpath","value":"//span[contains(@id ,\"actionsMenuButton-internalSplitBtn-arrowButton-img\")]"}
COMMAND: POST /session/b41f127b71ced2e69bc7a594aec7d10c/element/f.D13B392FFCFC625696F343F77B76D564.d.F765FF30EC9275D7C20F94CD92440EFA.e.13387/click - {}
RESULT: {}
COMMAND: GET /session/b41f127b71ced2e69bc7a594aec7d10c/screenshot - {}
RESULT: {}
COMMAND: POST /session/b41f127b71ced2e69bc7a594aec7d10c/actions - {"actions":[{"id":"action103","type":"key","parameters":{},"actions":[{"type":"keyDown","value":"î€•"},{"type":"pause","duration":10},{"type":"keyUp","value":"î€•"}]}]}
RESULT: {"actions":[{"id":"action103","type":"key","parameters":{},"actions":[{"type":"keyDown","value":"î€•"},{"type":"pause","duration":10},{"type":"keyUp","value":"î€•"}]}]}
COMMAND: GET /session/b41f127b71ced2e69bc7a594aec7d10c/screenshot - {}
RESULT: {}
COMMAND: POST /session/b41f127b71ced2e69bc7a594aec7d10c/actions - {"actions":[{"id":"action104","type":"key","parameters":{},"actions":[{"type":"keyDown","value":"î€‡"},{"type":"pause","duration":10},{"type":"keyUp","value":"î€‡"}]}]}
RESULT: {"actions":[{"id":"action104","type":"key","parameters":{},"actions":[{"type":"keyDown","value":"î€‡"},{"type":"pause","duration":10},{"type":"keyUp","value":"î€‡"}]}]}
COMMAND: GET /session/b41f127b71ced2e69bc7a594aec7d10c/screenshot - {}
RESULT: {}
COMMAND: POST /session/b41f127b71ced2e69bc7a594aec7d10c/actions - {"actions":[{"id":"action105","type":"key","parameters":{},"actions":[{"type":"keyDown","value":"î€•"},{"type":"pause","duration":10},{"type":"keyUp","value":"î€•"}]}]}
RESULT: {"actions":[{"id":"action105","type":"key","parameters":{},"actions":[{"type":"keyDown","value":"î€•"},{"type":"pause","duration":10},{"type":"keyUp","value":"î€•"}]}]}
COMMAND: GET /session/b41f127b71ced2e69bc7a594aec7d10c/screenshot - {}
RESULT: {}
COMMAND: POST /session/b41f127b71ced2e69bc7a594aec7d10c/actions - {"actions":[{"id":"action106","type":"key","parameters":{},"actions":[{"type":"keyDown","value":"î€‡"},{"type":"pause","duration":10},{"type":"keyUp","value":"î€‡"}]}]}
RESULT: {"actions":[{"id":"action106","type":"key","parameters":{},"actions":[{"type":"keyDown","value":"î€‡"},{"type":"pause","duration":10},{"type":"keyUp","value":"î€‡"}]}]}
COMMAND: GET /session/b41f127b71ced2e69bc7a594aec7d10c/screenshot - {}
RESULT: {}
COMMAND: POST /session/b41f127b71ced2e69bc7a594aec7d10c/element - {"using":"xpath","value":"//input[contains(@id ,\"quotationsSearchField-I\")]"}
RESULT: {"using":"xpath","value":"//input[contains(@id ,\"quotationsSearchField-I\")]"}
COMMAND: POST /session/b41f127b71ced2e69bc7a594aec7d10c/element/f.D13B392FFCFC625696F343F77B76D564.d.F765FF30EC9275D7C20F94CD92440EFA.e.13390/clear - {}
RESULT: {}
COMMAND: POST /session/b41f127b71ced2e69bc7a594aec7d10c/element/f.D13B392FFCFC625696F343F77B76D564.d.F765FF30EC9275D7C20F94CD92440EFA.e.13390/value - {"text":"WdIOQuotationb95vv"}
COMMAND: GET /session/b41f127b71ced2e69bc7a594aec7d10c/screenshot - {}
RESULT: {"text":"WdIOQuotationb95vv"}
COMMAND: GET /session/b41f127b71ced2e69bc7a594aec7d10c/screenshot - {}
RESULT: {}
RESULT: {}
COMMAND: POST /session/b41f127b71ced2e69bc7a594aec7d10c/actions - {"actions":[{"id":"action107","type":"key","parameters":{},"actions":[{"type":"keyDown","value":"î€‡"},{"type":"pause","duration":10},{"type":"keyUp","value":"î€‡"}]}]}
RESULT: {"actions":[{"id":"action107","type":"key","parameters":{},"actions":[{"type":"keyDown","value":"î€‡"},{"type":"pause","duration":10},{"type":"keyUp","value":"î€‡"}]}]}
COMMAND: GET /session/b41f127b71ced2e69bc7a594aec7d10c/screenshot - {}
RESULT: {}
COMMAND: POST /session/b41f127b71ced2e69bc7a594aec7d10c/element - {"using":"xpath","value":"//div[contains(@id ,\"selectSingle\")]"}
RESULT: {"using":"xpath","value":"//div[contains(@id ,\"selectSingle\")]"}
COMMAND: POST /session/b41f127b71ced2e69bc7a594aec7d10c/element/f.D13B392FFCFC625696F343F77B76D564.d.F765FF30EC9275D7C20F94CD92440EFA.e.13399/click - {}
RESULT: {}
COMMAND: GET /session/b41f127b71ced2e69bc7a594aec7d10c/screenshot - {}
RESULT: {}
COMMAND: POST /session/b41f127b71ced2e69bc7a594aec7d10c/element - {"using":"xpath","value":"//bdi[contains(text() ,\"Selection Done\")]"}
RESULT: {"using":"xpath","value":"//bdi[contains(text() ,\"Selection Done\")]"}
COMMAND: POST /session/b41f127b71ced2e69bc7a594aec7d10c/element/f.D13B392FFCFC625696F343F77B76D564.d.F765FF30EC9275D7C20F94CD92440EFA.e.13400/click - {}
RESULT: {}
COMMAND: GET /session/b41f127b71ced2e69bc7a594aec7d10c/screenshot - {}
RESULT: {}
COMMAND: POST /session/b41f127b71ced2e69bc7a594aec7d10c/actions - {"actions":[{"id":"action108","type":"key","parameters":{},"actions":[{"type":"keyDown","value":"î€‡"},{"type":"pause","duration":10},{"type":"keyUp","value":"î€‡"}]}]}
RESULT: {"actions":[{"id":"action108","type":"key","parameters":{},"actions":[{"type":"keyDown","value":"î€‡"},{"type":"pause","duration":10},{"type":"keyUp","value":"î€‡"}]}]}
COMMAND: GET /session/b41f127b71ced2e69bc7a594aec7d10c/screenshot - {}
RESULT: {}
COMMAND: POST /session/b41f127b71ced2e69bc7a594aec7d10c/actions - {"actions":[{"id":"action109","type":"key","parameters":{},"actions":[{"type":"keyDown","value":"î€‡"},{"type":"pause","duration":10},{"type":"keyUp","value":"î€‡"}]}]}
RESULT: {"actions":[{"id":"action109","type":"key","parameters":{},"actions":[{"type":"keyDown","value":"î€‡"},{"type":"pause","duration":10},{"type":"keyUp","value":"î€‡"}]}]}
COMMAND: GET /session/b41f127b71ced2e69bc7a594aec7d10c/screenshot - {}
RESULT: {}
COMMAND: GET /session/b41f127b71ced2e69bc7a594aec7d10c/window/handles - {}
RESULT: {}
COMMAND: GET /session/b41f127b71ced2e69bc7a594aec7d10c/window/handles - {}
RESULT: {}
COMMAND: POST /session/b41f127b71ced2e69bc7a594aec7d10c/window - {"handle":"6E4B0E14C9964ACDD4F1ADFA12B91C0E"}
RESULT: {"handle":"6E4B0E14C9964ACDD4F1ADFA12B91C0E"}
COMMAND: GET /session/b41f127b71ced2e69bc7a594aec7d10c/url - {}
RESULT: {}
COMMAND: GET /session/b41f127b71ced2e69bc7a594aec7d10c/screenshot - {}
RESULT: {}
COMMAND: POST /session/b41f127b71ced2e69bc7a594aec7d10c/element - {"using":"xpath","value":"//span[contains(text(), \"Header Billing Items\")]"}
RESULT: {"using":"xpath","value":"//span[contains(text(), \"Header Billing Items\")]"}
COMMAND: POST /session/b41f127b71ced2e69bc7a594aec7d10c/element/f.6E4B0E14C9964ACDD4F1ADFA12B91C0E.d.6EB1FA610F01BD4FE6D01FA911D7418C.e.13548/click - {}
COMMAND: POST /session/b41f127b71ced2e69bc7a594aec7d10c/element - {"using":"xpath","value":"//span[contains(text(), \"Header Billing Items\")]"}
RESULT: {"using":"xpath","value":"//span[contains(text(), \"Header Billing Items\")]"}
COMMAND: POST /session/b41f127b71ced2e69bc7a594aec7d10c/element/f.6E4B0E14C9964ACDD4F1ADFA12B91C0E.d.6EB1FA610F01BD4FE6D01FA911D7418C.e.13548/click - {}
COMMAND: POST /session/b41f127b71ced2e69bc7a594aec7d10c/element - {"using":"xpath","value":"//span[contains(text(), \"Header Billing Items\")]"}
RESULT: {"using":"xpath","value":"//span[contains(text(), \"Header Billing Items\")]"}
COMMAND: POST /session/b41f127b71ced2e69bc7a594aec7d10c/element/f.6E4B0E14C9964ACDD4F1ADFA12B91C0E.d.6EB1FA610F01BD4FE6D01FA911D7418C.e.13618/click - {}
RESULT: {}
COMMAND: GET /session/b41f127b71ced2e69bc7a594aec7d10c/screenshot - {}
RESULT: {}
COMMAND: POST /session/b41f127b71ced2e69bc7a594aec7d10c/element - {"using":"xpath","value":"//span[contains(@id ,\"contractItemsSmartTable-header-inner\")]"}
RESULT: {"using":"xpath","value":"//span[contains(@id ,\"contractItemsSmartTable-header-inner\")]"}
COMMAND: GET /session/b41f127b71ced2e69bc7a594aec7d10c/element/f.6E4B0E14C9964ACDD4F1ADFA12B91C0E.d.6EB1FA610F01BD4FE6D01FA911D7418C.e.13620/text - {}
RESULT: {}
COMMAND: POST /session/b41f127b71ced2e69bc7a594aec7d10c/element - {"using":"xpath","value":"//span[@class=\"sapMObjStatusText\"][contains(text(), \"proposed\")]"}
RESULT: {"using":"xpath","value":"//span[@class=\"sapMObjStatusText\"][contains(text(), \"proposed\")]"}
COMMAND: GET /session/b41f127b71ced2e69bc7a594aec7d10c/element/f.6E4B0E14C9964ACDD4F1ADFA12B91C0E.d.6EB1FA610F01BD4FE6D01FA911D7418C.e.13621/text - {}
RESULT: {}
COMMAND: DELETE /session/b41f127b71ced2e69bc7a594aec7d10c/window - {}
RESULT: {}
COMMAND: POST /session/b41f127b71ced2e69bc7a594aec7d10c/window - {"handle":"D13B392FFCFC625696F343F77B76D564"}
RESULT: {"handle":"D13B392FFCFC625696F343F77B76D564"}
COMMAND: GET /session/b41f127b71ced2e69bc7a594aec7d10c/url - {}
RESULT: {}
COMMAND: GET /session/b41f127b71ced2e69bc7a594aec7d10c/screenshot - {}
RESULT: {}
]]></system-out>
    </testcase>
    <testcase classname="chrome.135_0_7049_96.windows.Process_request_items_into_an_existing_quotation_US120163" name="Should navigate back to the request and check the request and item statuses" time="41.119">
      <system-out><![CDATA[
COMMAND: POST /session/b41f127b71ced2e69bc7a594aec7d10c/refresh - {}
RESULT: {}
COMMAND: GET /session/b41f127b71ced2e69bc7a594aec7d10c/screenshot - {}
RESULT: {}
COMMAND: POST /session/b41f127b71ced2e69bc7a594aec7d10c/execute/async - {"script":"<script> [189 bytes]","args":[]}
RESULT: {"script":"<script> [189 bytes]","args":[]}
COMMAND: POST /session/b41f127b71ced2e69bc7a594aec7d10c/execute/async - {"script":"<script> [123 bytes]","args":[]}
RESULT: {"script":"<script> [123 bytes]","args":[]}
COMMAND: POST /session/b41f127b71ced2e69bc7a594aec7d10c/timeouts - {"script":"<number>"}
RESULT: {"script":"<number>"}
COMMAND: GET /session/b41f127b71ced2e69bc7a594aec7d10c/timeouts - {}
RESULT: {}
RESULT: undefined
COMMAND: POST /session/b41f127b71ced2e69bc7a594aec7d10c/execute/async - {"script":"<script> [2676 bytes]","args":[]}
RESULT: {"script":"<script> [2676 bytes]","args":[]}
COMMAND: POST /session/b41f127b71ced2e69bc7a594aec7d10c/execute/async - {"script":"<script> [2342 bytes]","args":[{"protocol":"http","hostname":"0.0.0.0","path":"/","capabilities":{"browserName":"chrome","goog:chromeOptions":{"binary":"C:\\Program Files\\Google\\Chrome\\Application\\chrome.exe","args":["--start-maximized"]}},"logLevel":"warn","connectionRetryTimeout":120000,"connectionRetryCount":3,"logLevels":{},"enableDirectConnect":true,"strictSSL":true,"_":"65 more keys: [\"cacheDir\",\"port\",\"requestedCapabilities\",\"automationProtocol\",\"baseUrl\",\"waitforInterval\",\"waitforTimeout\",\"onReload\",\"beforeCommand\",\"afterCommand\",\"rootDir\",\"specs\",\"suites\",\"exclude\",\"groupLogsByTestSpec\",\"excludeDriverLogs\",\"bail\",\"framework\",\"reporters\",\"services\",\"maxInstances\",\"maxInstancesPerCapability\",\"injectGlobals\",\"filesToWatch\",\"execArgv\",\"runnerEnv\",\"runner\",\"shard\",\"specFileRetries\",\"specFileRetriesDelay\",\"specFileRetriesDeferred\",\"reporterSyncInterval\",\"reporterSyncTimeout\",\"cucumberFeaturesWithLineNumbers\",\"autoCompileOpts\",\"mochaOpts\",\"jasmineOpts\",\"cucumberOpts\",\"onPrepare\",\"onWorkerStart\",\"onWorkerEnd\",\"before\",\"beforeSession\",\"beforeSuite\",\"beforeHook\",\"beforeTest\",\"afterTest\",\"afterHook\",\"afterSuite\",\"afterSession\",\"after\",\"onComplete\",\"beforeAssertion\",\"afterAssertion\",\"beforeFeature\",\"beforeScenario\",\"beforeStep\",\"afterStep\",\"afterScenario\",\"afterFeature\",\"_\",\"suite\",\"$0\",\"ignoredWorkerServices\",\"wdi5\"]"}]}
RESULT: {"script":"<script> [2342 bytes]","args":[{"protocol":"http","hostname":"0.0.0.0","path":"/","capabilities":{"browserName":"chrome","goog:chromeOptions":{"binary":"C:\\Program Files\\Google\\Chrome\\Application\\chrome.exe","args":["--start-maximized"]}},"logLevel":"warn","connectionRetryTimeout":120000,"connectionRetryCount":3,"logLevels":{},"enableDirectConnect":true,"strictSSL":true,"_":"65 more keys: [\"cacheDir\",\"port\",\"requestedCapabilities\",\"automationProtocol\",\"baseUrl\",\"waitforInterval\",\"waitforTimeout\",\"onReload\",\"beforeCommand\",\"afterCommand\",\"rootDir\",\"specs\",\"suites\",\"exclude\",\"groupLogsByTestSpec\",\"excludeDriverLogs\",\"bail\",\"framework\",\"reporters\",\"services\",\"maxInstances\",\"maxInstancesPerCapability\",\"injectGlobals\",\"filesToWatch\",\"execArgv\",\"runnerEnv\",\"runner\",\"shard\",\"specFileRetries\",\"specFileRetriesDelay\",\"specFileRetriesDeferred\",\"reporterSyncInterval\",\"reporterSyncTimeout\",\"cucumberFeaturesWithLineNumbers\",\"autoCompileOpts\",\"mochaOpts\",\"jasmineOpts\",\"cucumberOpts\",\"onPrepare\",\"onWorkerStart\",\"onWorkerEnd\",\"before\",\"beforeSession\",\"beforeSuite\",\"beforeHook\",\"beforeTest\",\"afterTest\",\"afterHook\",\"afterSuite\",\"afterSession\",\"after\",\"onComplete\",\"beforeAssertion\",\"afterAssertion\",\"beforeFeature\",\"beforeScenario\",\"beforeStep\",\"afterStep\",\"afterScenario\",\"afterFeature\",\"_\",\"suite\",\"$0\",\"ignoredWorkerServices\",\"wdi5\"]"}]}
COMMAND: POST /session/b41f127b71ced2e69bc7a594aec7d10c/execute/async - {"script":"<script> [21126 bytes]","args":[35000]}
RESULT: {"script":"<script> [21126 bytes]","args":[35000]}
COMMAND: POST /session/b41f127b71ced2e69bc7a594aec7d10c/execute/async - {"script":"<script> [1562 bytes]","args":[{"selector":{"controlType":"sap.m.Text","viewName":"etm.portal.ui.managerequests.view.Detail","bindingPath":{"path":"/SmartRequestItemsPlanningBoard(ITEM=10m,REQUEST='20322')","propertyPath":"STATUS_DESC"}},"wdio_ui5_key":"etmportal.ui.managerequests.view.Detailsap.m.Text{\"path\":\"/SmartRequestItemsPlanningBoard(ITEM=10m,REQUEST='20322')\",\"propertyPath\":\"STATUS_DESC\"}"}]}
RESULT: {"script":"<script> [1562 bytes]","args":[{"selector":{"controlType":"sap.m.Text","viewName":"etm.portal.ui.managerequests.view.Detail","bindingPath":{"path":"/SmartRequestItemsPlanningBoard(ITEM=10m,REQUEST='20322')","propertyPath":"STATUS_DESC"}},"wdio_ui5_key":"etmportal.ui.managerequests.view.Detailsap.m.Text{\"path\":\"/SmartRequestItemsPlanningBoard(ITEM=10m,REQUEST='20322')\",\"propertyPath\":\"STATUS_DESC\"}"}]}
RESULT: undefined
COMMAND: POST /session/b41f127b71ced2e69bc7a594aec7d10c/execute/async - {"script":"<script> [6424 bytes]","args":[{"element-6066-11e4-a52e-4f735466cecf":"f.D13B392FFCFC625696F343F77B76D564.d.C962CB0968E64652EF90721A609350E9.e.13817"},"getText",[]]}
RESULT: {"script":"<script> [6424 bytes]","args":[{"element-6066-11e4-a52e-4f735466cecf":"f.D13B392FFCFC625696F343F77B76D564.d.C962CB0968E64652EF90721A609350E9.e.13817"},"getText",[]]}
COMMAND: POST /session/b41f127b71ced2e69bc7a594aec7d10c/execute/async - {"script":"<script> [1562 bytes]","args":[{"selector":{"controlType":"sap.m.ObjectStatus","viewName":"etm.portal.ui.managerequests.view.Detail","bindingPath":{"path":"/RequestHeaders('20322')","propertyPath":"LINK_TO_STATUS/DESCRIPTION","modelName":"catalogModel"}},"wdio_ui5_key":"etmportal.ui.managerequests.view.Detailsap.m.ObjectStatus{\"path\":\"/RequestHeaders('20322')\",\"propertyPath\":\"LINK_TO_STATUS/DESCRIPTION\",\"modelName\":\"catalogModel\"}"}]}
RESULT: {"script":"<script> [1562 bytes]","args":[{"selector":{"controlType":"sap.m.ObjectStatus","viewName":"etm.portal.ui.managerequests.view.Detail","bindingPath":{"path":"/RequestHeaders('20322')","propertyPath":"LINK_TO_STATUS/DESCRIPTION","modelName":"catalogModel"}},"wdio_ui5_key":"etmportal.ui.managerequests.view.Detailsap.m.ObjectStatus{\"path\":\"/RequestHeaders('20322')\",\"propertyPath\":\"LINK_TO_STATUS/DESCRIPTION\",\"modelName\":\"catalogModel\"}"}]}
RESULT: undefined
COMMAND: POST /session/b41f127b71ced2e69bc7a594aec7d10c/execute/async - {"script":"<script> [6424 bytes]","args":[{"element-6066-11e4-a52e-4f735466cecf":"f.D13B392FFCFC625696F343F77B76D564.d.C962CB0968E64652EF90721A609350E9.e.13818"},"getText",[]]}
RESULT: {"script":"<script> [6424 bytes]","args":[{"element-6066-11e4-a52e-4f735466cecf":"f.D13B392FFCFC625696F343F77B76D564.d.C962CB0968E64652EF90721A609350E9.e.13818"},"getText",[]]}
COMMAND: DELETE /session/b41f127b71ced2e69bc7a594aec7d10c - {}
RESULT: {}
]]></system-out>
    </testcase>
  </testsuite>
</testsuites>