<?xml version="1.0" encoding="UTF-8"?>
<testsuites tests="7" failures="0" errors="0" skipped="0">
  <testsuite timestamp="2025-05-15T17:55:20" time="853.77" tests="7" failures="0" errors="0" skipped="0">
    <properties>
      <property name="specId" value="0" />
      <property name="suiteName" value="Related resources for groups US139107" />
      <property name="capabilities" value="chrome.136_0_7103_93.windows" />
      <property name="file" value="file:///D:/a/1/s/test/specs/R2C/related-resources-area-rpg.spec.js" />
    </properties>
    <testcase classname="chrome.136_0_7103_93.windows.Related_resources_for_groups_US139107" name="Should create a new yard" time="150.028">
      <system-out><![CDATA[
COMMAND: POST /session/f577365dd41b286ee97ac3b4ec208177/execute/async - {"script":"<script> [1562 bytes]","args":[{"selector":{"controlType":"sap.m.GenericTile","properties":{"header":"Manage Yards"}},"wdio_ui5_key":"sapm.GenericTile{\"header\":\"Manage Yards\"}"}]}
RESULT: {"script":"<script> [1562 bytes]","args":[{"selector":{"controlType":"sap.m.GenericTile","properties":{"header":"Manage Yards"}},"wdio_ui5_key":"sapm.GenericTile{\"header\":\"Manage Yards\"}"}]}
RESULT: undefined
COMMAND: POST /session/f577365dd41b286ee97ac3b4ec208177/element - {"using":"xpath","value":"//*[@id=\"__tile41\"]"}
RESULT: {"using":"xpath","value":"//*[@id=\"__tile41\"]"}
COMMAND: POST /session/f577365dd41b286ee97ac3b4ec208177/element/f.A9BC9DC8BF39A612B42A5B0BE44A55ED.d.30D32BE6091C6F65F9B29304498F9354.e.111/click - {}
RESULT: {}
COMMAND: GET /session/f577365dd41b286ee97ac3b4ec208177/screenshot - {}
RESULT: {}
COMMAND: POST /session/f577365dd41b286ee97ac3b4ec208177/elements - {"using":"xpath","value":"//span[text()='Error']"}
RESULT: {"using":"xpath","value":"//span[text()='Error']"}
COMMAND: POST /session/f577365dd41b286ee97ac3b4ec208177/execute/async - {"script":"<script> [1562 bytes]","args":[{"selector":{"controlType":"sap.ui.core.Icon","viewName":"etm.portal.ui.manageyards.view.Master","viewId":"application-manageyards-display-component---masterYard","properties":{"src":{"regex":{"source":"add"}}}},"wdio_ui5_key":"etmportal.ui.manageyards.view.Mastersap.ui.core.Icon{\"src\":{\"regex\":{\"source\":\"add\"}}}"}]}
RESULT: {"script":"<script> [1562 bytes]","args":[{"selector":{"controlType":"sap.ui.core.Icon","viewName":"etm.portal.ui.manageyards.view.Master","viewId":"application-manageyards-display-component---masterYard","properties":{"src":{"regex":{"source":"add"}}}},"wdio_ui5_key":"etmportal.ui.manageyards.view.Mastersap.ui.core.Icon{\"src\":{\"regex\":{\"source\":\"add\"}}}"}]}
RESULT: undefined
COMMAND: POST /session/f577365dd41b286ee97ac3b4ec208177/element - {"using":"xpath","value":"//*[@id=\"__button4-img\"]"}
RESULT: {"using":"xpath","value":"//*[@id=\"__button4-img\"]"}
COMMAND: POST /session/f577365dd41b286ee97ac3b4ec208177/element/f.A9BC9DC8BF39A612B42A5B0BE44A55ED.d.30D32BE6091C6F65F9B29304498F9354.e.258/click - {}
RESULT: {}
COMMAND: GET /session/f577365dd41b286ee97ac3b4ec208177/screenshot - {}
RESULT: {}
COMMAND: POST /session/f577365dd41b286ee97ac3b4ec208177/execute/async - {"script":"<script> [1562 bytes]","args":[{"selector":{"id":"application-manageyards-display-component---NewYard--yardId","interaction":{"idSuffix":"inner"}},"wdio_ui5_key":"applicationmanageyards-display-component---NewYard--yardId"}]}
RESULT: {"script":"<script> [1562 bytes]","args":[{"selector":{"id":"application-manageyards-display-component---NewYard--yardId","interaction":{"idSuffix":"inner"}},"wdio_ui5_key":"applicationmanageyards-display-component---NewYard--yardId"}]}
RESULT: undefined
COMMAND: POST /session/f577365dd41b286ee97ac3b4ec208177/element - {"using":"xpath","value":"//*[@id=\"application-manageyards-display-component---NewYard--addressDetailDetailsName1-inner\"]"}
RESULT: {"using":"xpath","value":"//*[@id=\"application-manageyards-display-component---NewYard--addressDetailDetailsName1-inner\"]"}
COMMAND: POST /session/f577365dd41b286ee97ac3b4ec208177/element/f.A9BC9DC8BF39A612B42A5B0BE44A55ED.d.30D32BE6091C6F65F9B29304498F9354.e.387/clear - {}
RESULT: {}
COMMAND: POST /session/f577365dd41b286ee97ac3b4ec208177/element/f.A9BC9DC8BF39A612B42A5B0BE44A55ED.d.30D32BE6091C6F65F9B29304498F9354.e.387/value - {"text":"WebdriverYardbkzs5"}
COMMAND: GET /session/f577365dd41b286ee97ac3b4ec208177/screenshot - {}
RESULT: {"text":"WebdriverYardbkzs5"}
COMMAND: POST /session/f577365dd41b286ee97ac3b4ec208177/element - {"using":"xpath","value":"//*[@id=\"application-manageyards-display-component---NewYard--addressDetailDetailsLanguage-inner\"]"}
COMMAND: GET /session/f577365dd41b286ee97ac3b4ec208177/screenshot - {}
RESULT: {}
RESULT: {"using":"xpath","value":"//*[@id=\"application-manageyards-display-component---NewYard--addressDetailDetailsLanguage-inner\"]"}
COMMAND: POST /session/f577365dd41b286ee97ac3b4ec208177/element/f.A9BC9DC8BF39A612B42A5B0BE44A55ED.d.30D32BE6091C6F65F9B29304498F9354.e.388/clear - {}
RESULT: {}
RESULT: {}
COMMAND: POST /session/f577365dd41b286ee97ac3b4ec208177/element/f.A9BC9DC8BF39A612B42A5B0BE44A55ED.d.30D32BE6091C6F65F9B29304498F9354.e.388/value - {"text":"Romanian"}
COMMAND: GET /session/f577365dd41b286ee97ac3b4ec208177/screenshot - {}
RESULT: {"text":"Romanian"}
COMMAND: POST /session/f577365dd41b286ee97ac3b4ec208177/element - {"using":"xpath","value":"//input[contains(@id ,\"application-manageyards-display-component---NewYard--addressDetailDetailsName1-inner\")]"}
COMMAND: GET /session/f577365dd41b286ee97ac3b4ec208177/screenshot - {}
RESULT: {}
RESULT: {"using":"xpath","value":"//input[contains(@id ,\"application-manageyards-display-component---NewYard--addressDetailDetailsName1-inner\")]"}
COMMAND: GET /session/f577365dd41b286ee97ac3b4ec208177/element/f.A9BC9DC8BF39A612B42A5B0BE44A55ED.d.30D32BE6091C6F65F9B29304498F9354.e.387/property/value - {}
RESULT: {}
RESULT: {}
COMMAND: GET /session/f577365dd41b286ee97ac3b4ec208177/screenshot - {}
RESULT: {}
COMMAND: POST /session/f577365dd41b286ee97ac3b4ec208177/element - {"using":"xpath","value":"//*[@id=\"application-manageyards-display-component---NewYard--addressDetailDetailsCity1-inner\"]"}
RESULT: {"using":"xpath","value":"//*[@id=\"application-manageyards-display-component---NewYard--addressDetailDetailsCity1-inner\"]"}
COMMAND: POST /session/f577365dd41b286ee97ac3b4ec208177/element/f.A9BC9DC8BF39A612B42A5B0BE44A55ED.d.30D32BE6091C6F65F9B29304498F9354.e.390/clear - {}
RESULT: {}
COMMAND: POST /session/f577365dd41b286ee97ac3b4ec208177/element/f.A9BC9DC8BF39A612B42A5B0BE44A55ED.d.30D32BE6091C6F65F9B29304498F9354.e.390/value - {"text":"Bucuresti"}
COMMAND: GET /session/f577365dd41b286ee97ac3b4ec208177/screenshot - {}
RESULT: {"text":"Bucuresti"}
COMMAND: GET /session/f577365dd41b286ee97ac3b4ec208177/screenshot - {}
RESULT: {}
RESULT: {}
COMMAND: POST /session/f577365dd41b286ee97ac3b4ec208177/element - {"using":"xpath","value":"//*[@id=\"application-manageyards-display-component---NewYard--addressDetailDetailsCountry-inner\"]"}
RESULT: {"using":"xpath","value":"//*[@id=\"application-manageyards-display-component---NewYard--addressDetailDetailsCountry-inner\"]"}
COMMAND: POST /session/f577365dd41b286ee97ac3b4ec208177/element/f.A9BC9DC8BF39A612B42A5B0BE44A55ED.d.30D32BE6091C6F65F9B29304498F9354.e.394/clear - {}
RESULT: {}
COMMAND: POST /session/f577365dd41b286ee97ac3b4ec208177/element/f.A9BC9DC8BF39A612B42A5B0BE44A55ED.d.30D32BE6091C6F65F9B29304498F9354.e.394/value - {"text":"Romania"}
COMMAND: GET /session/f577365dd41b286ee97ac3b4ec208177/screenshot - {}
RESULT: {"text":"Romania"}
COMMAND: GET /session/f577365dd41b286ee97ac3b4ec208177/screenshot - {}
RESULT: {}
RESULT: {}
COMMAND: POST /session/f577365dd41b286ee97ac3b4ec208177/element - {"using":"xpath","value":"//div[contains(text(), \"Commercial\")]"}
RESULT: {"using":"xpath","value":"//div[contains(text(), \"Commercial\")]"}
COMMAND: GET /session/f577365dd41b286ee97ac3b4ec208177/element/f.A9BC9DC8BF39A612B42A5B0BE44A55ED.d.30D32BE6091C6F65F9B29304498F9354.e.570/rect - {}
RESULT: {}
COMMAND: GET /session/f577365dd41b286ee97ac3b4ec208177/window/rect - {}
RESULT: {}
COMMAND: POST /session/f577365dd41b286ee97ac3b4ec208177/execute/sync - {"script":"<script> [92 bytes]","args":[]}
RESULT: {"script":"<script> [92 bytes]","args":[]}
COMMAND: POST /session/f577365dd41b286ee97ac3b4ec208177/actions - {"actions":[{"id":"action1","type":"wheel","parameters":{},"actions":[{"type":"scroll","x":-1841,"y":-44,"deltaX":0,"deltaY":0,"duration":0,"origin":{"element-6066-11e4-a52e-4f735466cecf":"f.A9BC9DC8BF39A612B42A5B0BE44A55ED.d.30D32BE6091C6F65F9B29304498F9354.e.570"}}]}]}
COMMAND: GET /session/f577365dd41b286ee97ac3b4ec208177/screenshot - {}
RESULT: {}
COMMAND: POST /session/f577365dd41b286ee97ac3b4ec208177/execute/sync - {"script":"<script> [79 bytes]","args":[{"element-6066-11e4-a52e-4f735466cecf":"f.A9BC9DC8BF39A612B42A5B0BE44A55ED.d.30D32BE6091C6F65F9B29304498F9354.e.570","ELEMENT":"f.A9BC9DC8BF39A612B42A5B0BE44A55ED.d.30D32BE6091C6F65F9B29304498F9354.e.570"},{"block":"start","inline":"nearest"}]}
RESULT: {"script":"<script> [79 bytes]","args":[{"element-6066-11e4-a52e-4f735466cecf":"f.A9BC9DC8BF39A612B42A5B0BE44A55ED.d.30D32BE6091C6F65F9B29304498F9354.e.570","ELEMENT":"f.A9BC9DC8BF39A612B42A5B0BE44A55ED.d.30D32BE6091C6F65F9B29304498F9354.e.570"},{"block":"start","inline":"nearest"}]}
COMMAND: GET /session/f577365dd41b286ee97ac3b4ec208177/screenshot - {}
RESULT: {}
COMMAND: POST /session/f577365dd41b286ee97ac3b4ec208177/execute/async - {"script":"<script> [1562 bytes]","args":[{"selector":{"id":"application-manageyards-display-component---NewYard--addressEditDetailsCostObjectCstType-arrow"},"wdio_ui5_key":"applicationmanageyards-display-component---NewYard--addressEditDetailsCostObjectCstType-arrow"}]}
RESULT: {"script":"<script> [1562 bytes]","args":[{"selector":{"id":"application-manageyards-display-component---NewYard--addressEditDetailsCostObjectCstType-arrow"},"wdio_ui5_key":"applicationmanageyards-display-component---NewYard--addressEditDetailsCostObjectCstType-arrow"}]}
RESULT: undefined
COMMAND: POST /session/f577365dd41b286ee97ac3b4ec208177/element - {"using":"xpath","value":"//*[@id=\"application-manageyards-display-component---NewYard--addressEditDetailsCostObjectCstType-arrow\"]"}
RESULT: {"using":"xpath","value":"//*[@id=\"application-manageyards-display-component---NewYard--addressEditDetailsCostObjectCstType-arrow\"]"}
COMMAND: POST /session/f577365dd41b286ee97ac3b4ec208177/element/f.A9BC9DC8BF39A612B42A5B0BE44A55ED.d.30D32BE6091C6F65F9B29304498F9354.e.579/click - {}
RESULT: {}
COMMAND: POST /session/f577365dd41b286ee97ac3b4ec208177/element - {"using":"xpath","value":"//span[contains(text(), \"Cost Center\")]"}
COMMAND: GET /session/f577365dd41b286ee97ac3b4ec208177/screenshot - {}
RESULT: {"using":"xpath","value":"//span[contains(text(), \"Cost Center\")]"}
COMMAND: POST /session/f577365dd41b286ee97ac3b4ec208177/element/f.A9BC9DC8BF39A612B42A5B0BE44A55ED.d.30D32BE6091C6F65F9B29304498F9354.e.580/click - {}
RESULT: {}
RESULT: {}
COMMAND: GET /session/f577365dd41b286ee97ac3b4ec208177/screenshot - {}
RESULT: {}
COMMAND: POST /session/f577365dd41b286ee97ac3b4ec208177/execute/async - {"script":"<script> [1562 bytes]","args":[{"selector":{"id":"application-manageyards-display-component---NewYard--addressNewCostObjectCstID-vhi"},"wdio_ui5_key":"applicationmanageyards-display-component---NewYard--addressNewCostObjectCstID-vhi"}]}
RESULT: {"script":"<script> [1562 bytes]","args":[{"selector":{"id":"application-manageyards-display-component---NewYard--addressNewCostObjectCstID-vhi"},"wdio_ui5_key":"applicationmanageyards-display-component---NewYard--addressNewCostObjectCstID-vhi"}]}
RESULT: undefined
COMMAND: POST /session/f577365dd41b286ee97ac3b4ec208177/element - {"using":"xpath","value":"//*[@id=\"application-manageyards-display-component---NewYard--addressNewCostObjectCstID-vhi\"]"}
RESULT: {"using":"xpath","value":"//*[@id=\"application-manageyards-display-component---NewYard--addressNewCostObjectCstID-vhi\"]"}
COMMAND: POST /session/f577365dd41b286ee97ac3b4ec208177/element/f.A9BC9DC8BF39A612B42A5B0BE44A55ED.d.30D32BE6091C6F65F9B29304498F9354.e.595/click - {}
RESULT: {}
COMMAND: GET /session/f577365dd41b286ee97ac3b4ec208177/screenshot - {}
RESULT: {}
COMMAND: POST /session/f577365dd41b286ee97ac3b4ec208177/execute/async - {"script":"<script> [1562 bytes]","args":[{"selector":{"controlType":"sap.m.SearchField","properties":{"placeholder":"Search"},"searchOpenDialogs":true,"interaction":{"idSuffix":"I"}},"wdio_ui5_key":"sapm.SearchField{\"placeholder\":\"Search\"}"}]}
RESULT: {"script":"<script> [1562 bytes]","args":[{"selector":{"controlType":"sap.m.SearchField","properties":{"placeholder":"Search"},"searchOpenDialogs":true,"interaction":{"idSuffix":"I"}},"wdio_ui5_key":"sapm.SearchField{\"placeholder\":\"Search\"}"}]}
RESULT: undefined
COMMAND: POST /session/f577365dd41b286ee97ac3b4ec208177/execute/async - {"script":"<script> [776 bytes]","args":[{"enterText":"10001013","selector":{"controlType":"sap.m.SearchField","properties":{"placeholder":"Search"},"searchOpenDialogs":true,"interaction":{"idSuffix":"I"}},"clearTextFirst":true,"interactionType":"ENTER_TEXT"}]}
RESULT: {"script":"<script> [776 bytes]","args":[{"enterText":"10001013","selector":{"controlType":"sap.m.SearchField","properties":{"placeholder":"Search"},"searchOpenDialogs":true,"interaction":{"idSuffix":"I"}},"clearTextFirst":true,"interactionType":"ENTER_TEXT"}]}
COMMAND: POST /session/f577365dd41b286ee97ac3b4ec208177/actions - {"actions":[{"id":"action2","type":"key","parameters":{},"actions":[{"type":"keyDown","value":"î€‡"},{"type":"pause","duration":10},{"type":"keyUp","value":"î€‡"}]}]}
RESULT: {"actions":[{"id":"action2","type":"key","parameters":{},"actions":[{"type":"keyDown","value":"î€‡"},{"type":"pause","duration":10},{"type":"keyUp","value":"î€‡"}]}]}
COMMAND: GET /session/f577365dd41b286ee97ac3b4ec208177/screenshot - {}
RESULT: {}
COMMAND: POST /session/f577365dd41b286ee97ac3b4ec208177/element - {"using":"xpath","value":"//span[contains(text(), \"General Management\")]"}
RESULT: {"using":"xpath","value":"//span[contains(text(), \"General Management\")]"}
COMMAND: POST /session/f577365dd41b286ee97ac3b4ec208177/element/f.A9BC9DC8BF39A612B42A5B0BE44A55ED.d.30D32BE6091C6F65F9B29304498F9354.e.635/click - {}
RESULT: {}
COMMAND: GET /session/f577365dd41b286ee97ac3b4ec208177/screenshot - {}
RESULT: {}
COMMAND: POST /session/f577365dd41b286ee97ac3b4ec208177/element - {"using":"xpath","value":"//bdi[contains(text(), \"OK\")]"}
RESULT: {"using":"xpath","value":"//bdi[contains(text(), \"OK\")]"}
COMMAND: POST /session/f577365dd41b286ee97ac3b4ec208177/element/f.A9BC9DC8BF39A612B42A5B0BE44A55ED.d.30D32BE6091C6F65F9B29304498F9354.e.636/click - {}
RESULT: {}
COMMAND: GET /session/f577365dd41b286ee97ac3b4ec208177/screenshot - {}
RESULT: {}
COMMAND: POST /session/f577365dd41b286ee97ac3b4ec208177/execute/async - {"script":"<script> [1562 bytes]","args":[{"selector":{"controlType":"sap.m.Button","viewName":"etm.portal.ui.manageyards.view.New","viewId":"application-manageyards-display-component---NewYard","i18NText":{"propertyName":"text","key":"save"},"interaction":{"idSuffix":"inner"}},"wdio_ui5_key":"etmportal.ui.manageyards.view.Newsap.m.Button{\"propertyName\":\"text\",\"key\":\"save\"}"}]}
RESULT: {"script":"<script> [1562 bytes]","args":[{"selector":{"controlType":"sap.m.Button","viewName":"etm.portal.ui.manageyards.view.New","viewId":"application-manageyards-display-component---NewYard","i18NText":{"propertyName":"text","key":"save"},"interaction":{"idSuffix":"inner"}},"wdio_ui5_key":"etmportal.ui.manageyards.view.Newsap.m.Button{\"propertyName\":\"text\",\"key\":\"save\"}"}]}
RESULT: undefined
COMMAND: POST /session/f577365dd41b286ee97ac3b4ec208177/element - {"using":"xpath","value":"//*[@id=\"__button18\"]"}
RESULT: {"using":"xpath","value":"//*[@id=\"__button18\"]"}
COMMAND: POST /session/f577365dd41b286ee97ac3b4ec208177/element/f.A9BC9DC8BF39A612B42A5B0BE44A55ED.d.30D32BE6091C6F65F9B29304498F9354.e.532/click - {}
RESULT: {}
COMMAND: GET /session/f577365dd41b286ee97ac3b4ec208177/screenshot - {}
RESULT: {}
COMMAND: POST /session/f577365dd41b286ee97ac3b4ec208177/element - {"using":"xpath","value":"//header/div/div[2]/div[2]/span"}
RESULT: {"using":"xpath","value":"//header/div/div[2]/div[2]/span"}
COMMAND: GET /session/f577365dd41b286ee97ac3b4ec208177/element/f.A9BC9DC8BF39A612B42A5B0BE44A55ED.d.30D32BE6091C6F65F9B29304498F9354.e.835/text - {}
RESULT: {}
COMMAND: POST /session/f577365dd41b286ee97ac3b4ec208177/execute/async - {"script":"<script> [1562 bytes]","args":[{"selector":{"controlType":"sap.m.OverflowToolbarButton","viewName":"etm.portal.ui.manageyards.view.Detail","viewId":"application-manageyards-display-component---detailYard","i18NText":{"propertyName":"tooltip","key":"closeColumn"},"interaction":{"idSuffix":"inner"}},"wdio_ui5_key":"etmportal.ui.manageyards.view.Detailsap.m.OverflowToolbarButton{\"propertyName\":\"tooltip\",\"key\":\"closeColumn\"}"}]}
RESULT: {"script":"<script> [1562 bytes]","args":[{"selector":{"controlType":"sap.m.OverflowToolbarButton","viewName":"etm.portal.ui.manageyards.view.Detail","viewId":"application-manageyards-display-component---detailYard","i18NText":{"propertyName":"tooltip","key":"closeColumn"},"interaction":{"idSuffix":"inner"}},"wdio_ui5_key":"etmportal.ui.manageyards.view.Detailsap.m.OverflowToolbarButton{\"propertyName\":\"tooltip\",\"key\":\"closeColumn\"}"}]}
RESULT: undefined
COMMAND: POST /session/f577365dd41b286ee97ac3b4ec208177/element - {"using":"xpath","value":"//*[@id=\"__button40\"]"}
RESULT: {"using":"xpath","value":"//*[@id=\"__button40\"]"}
COMMAND: POST /session/f577365dd41b286ee97ac3b4ec208177/element/f.A9BC9DC8BF39A612B42A5B0BE44A55ED.d.30D32BE6091C6F65F9B29304498F9354.e.837/click - {}
RESULT: {}
COMMAND: GET /session/f577365dd41b286ee97ac3b4ec208177/screenshot - {}
RESULT: {}
COMMAND: POST /session/f577365dd41b286ee97ac3b4ec208177/element - {"using":"css selector","value":"#shell-header-logo"}
RESULT: {"using":"css selector","value":"#shell-header-logo"}
COMMAND: POST /session/f577365dd41b286ee97ac3b4ec208177/element/f.A9BC9DC8BF39A612B42A5B0BE44A55ED.d.30D32BE6091C6F65F9B29304498F9354.e.113/click - {}
RESULT: {}
COMMAND: GET /session/f577365dd41b286ee97ac3b4ec208177/screenshot - {}
RESULT: {}
COMMAND: POST /session/f577365dd41b286ee97ac3b4ec208177/refresh - {}
RESULT: {}
COMMAND: GET /session/f577365dd41b286ee97ac3b4ec208177/screenshot - {}
RESULT: {}
COMMAND: POST /session/f577365dd41b286ee97ac3b4ec208177/execute/async - {"script":"<script> [189 bytes]","args":[]}
RESULT: {"script":"<script> [189 bytes]","args":[]}
COMMAND: POST /session/f577365dd41b286ee97ac3b4ec208177/execute/async - {"script":"<script> [123 bytes]","args":[]}
RESULT: {"script":"<script> [123 bytes]","args":[]}
COMMAND: POST /session/f577365dd41b286ee97ac3b4ec208177/timeouts - {"script":"<number>"}
RESULT: {"script":"<number>"}
COMMAND: GET /session/f577365dd41b286ee97ac3b4ec208177/timeouts - {}
RESULT: {}
RESULT: undefined
COMMAND: POST /session/f577365dd41b286ee97ac3b4ec208177/execute/async - {"script":"<script> [2676 bytes]","args":[]}
RESULT: {"script":"<script> [2676 bytes]","args":[]}
COMMAND: POST /session/f577365dd41b286ee97ac3b4ec208177/execute/async - {"script":"<script> [2342 bytes]","args":[{"protocol":"http","hostname":"0.0.0.0","path":"/","capabilities":{"browserName":"chrome","goog:chromeOptions":{"binary":"C:\\Program Files\\Google\\Chrome\\Application\\chrome.exe","args":["--start-maximized"]}},"logLevel":"warn","connectionRetryTimeout":120000,"connectionRetryCount":3,"logLevels":{},"enableDirectConnect":true,"strictSSL":true,"_":"65 more keys: [\"cacheDir\",\"port\",\"requestedCapabilities\",\"automationProtocol\",\"baseUrl\",\"waitforInterval\",\"waitforTimeout\",\"onReload\",\"beforeCommand\",\"afterCommand\",\"rootDir\",\"specs\",\"suites\",\"exclude\",\"groupLogsByTestSpec\",\"excludeDriverLogs\",\"bail\",\"framework\",\"reporters\",\"services\",\"maxInstances\",\"maxInstancesPerCapability\",\"injectGlobals\",\"filesToWatch\",\"execArgv\",\"runnerEnv\",\"runner\",\"shard\",\"specFileRetries\",\"specFileRetriesDelay\",\"specFileRetriesDeferred\",\"reporterSyncInterval\",\"reporterSyncTimeout\",\"cucumberFeaturesWithLineNumbers\",\"autoCompileOpts\",\"mochaOpts\",\"jasmineOpts\",\"cucumberOpts\",\"onPrepare\",\"onWorkerStart\",\"onWorkerEnd\",\"before\",\"beforeSession\",\"beforeSuite\",\"beforeHook\",\"beforeTest\",\"afterTest\",\"afterHook\",\"afterSuite\",\"afterSession\",\"after\",\"onComplete\",\"beforeAssertion\",\"afterAssertion\",\"beforeFeature\",\"beforeScenario\",\"beforeStep\",\"afterStep\",\"afterScenario\",\"afterFeature\",\"_\",\"suite\",\"$0\",\"ignoredWorkerServices\",\"wdi5\"]"}]}
RESULT: {"script":"<script> [2342 bytes]","args":[{"protocol":"http","hostname":"0.0.0.0","path":"/","capabilities":{"browserName":"chrome","goog:chromeOptions":{"binary":"C:\\Program Files\\Google\\Chrome\\Application\\chrome.exe","args":["--start-maximized"]}},"logLevel":"warn","connectionRetryTimeout":120000,"connectionRetryCount":3,"logLevels":{},"enableDirectConnect":true,"strictSSL":true,"_":"65 more keys: [\"cacheDir\",\"port\",\"requestedCapabilities\",\"automationProtocol\",\"baseUrl\",\"waitforInterval\",\"waitforTimeout\",\"onReload\",\"beforeCommand\",\"afterCommand\",\"rootDir\",\"specs\",\"suites\",\"exclude\",\"groupLogsByTestSpec\",\"excludeDriverLogs\",\"bail\",\"framework\",\"reporters\",\"services\",\"maxInstances\",\"maxInstancesPerCapability\",\"injectGlobals\",\"filesToWatch\",\"execArgv\",\"runnerEnv\",\"runner\",\"shard\",\"specFileRetries\",\"specFileRetriesDelay\",\"specFileRetriesDeferred\",\"reporterSyncInterval\",\"reporterSyncTimeout\",\"cucumberFeaturesWithLineNumbers\",\"autoCompileOpts\",\"mochaOpts\",\"jasmineOpts\",\"cucumberOpts\",\"onPrepare\",\"onWorkerStart\",\"onWorkerEnd\",\"before\",\"beforeSession\",\"beforeSuite\",\"beforeHook\",\"beforeTest\",\"afterTest\",\"afterHook\",\"afterSuite\",\"afterSession\",\"after\",\"onComplete\",\"beforeAssertion\",\"afterAssertion\",\"beforeFeature\",\"beforeScenario\",\"beforeStep\",\"afterStep\",\"afterScenario\",\"afterFeature\",\"_\",\"suite\",\"$0\",\"ignoredWorkerServices\",\"wdi5\"]"}]}
COMMAND: POST /session/f577365dd41b286ee97ac3b4ec208177/execute/async - {"script":"<script> [21126 bytes]","args":[35000]}
RESULT: {"script":"<script> [21126 bytes]","args":[35000]}
]]></system-out>
    </testcase>
    <testcase classname="chrome.136_0_7103_93.windows.Related_resources_for_groups_US139107" name="Should create a resource of type group" time="84.04">
      <system-out><![CDATA[
COMMAND: POST /session/f577365dd41b286ee97ac3b4ec208177/execute/async - {"script":"<script> [1562 bytes]","args":[{"selector":{"controlType":"sap.m.GenericTile","properties":{"header":"Manage Resources"}},"wdio_ui5_key":"sapm.GenericTile{\"header\":\"Manage Resources\"}"}]}
RESULT: {"script":"<script> [1562 bytes]","args":[{"selector":{"controlType":"sap.m.GenericTile","properties":{"header":"Manage Resources"}},"wdio_ui5_key":"sapm.GenericTile{\"header\":\"Manage Resources\"}"}]}
RESULT: undefined
COMMAND: POST /session/f577365dd41b286ee97ac3b4ec208177/element - {"using":"xpath","value":"//*[@id=\"__tile39\"]"}
RESULT: {"using":"xpath","value":"//*[@id=\"__tile39\"]"}
COMMAND: POST /session/f577365dd41b286ee97ac3b4ec208177/element/f.A9BC9DC8BF39A612B42A5B0BE44A55ED.d.F4C8546869F4372C05CAFE486C343CC4.e.1189/click - {}
RESULT: {}
COMMAND: GET /session/f577365dd41b286ee97ac3b4ec208177/screenshot - {}
RESULT: {}
COMMAND: POST /session/f577365dd41b286ee97ac3b4ec208177/elements - {"using":"xpath","value":"//span[text()='Error']"}
RESULT: {"using":"xpath","value":"//span[text()='Error']"}
COMMAND: POST /session/f577365dd41b286ee97ac3b4ec208177/element - {"using":"xpath","value":"//button[@data-kt=\"addNewRUOverflowToolbarButton\"]"}
RESULT: {"using":"xpath","value":"//button[@data-kt=\"addNewRUOverflowToolbarButton\"]"}
COMMAND: POST /session/f577365dd41b286ee97ac3b4ec208177/execute/sync - {"script":"<script> [8489 bytes]","args":[{"element-6066-11e4-a52e-4f735466cecf":"f.A9BC9DC8BF39A612B42A5B0BE44A55ED.d.F4C8546869F4372C05CAFE486C343CC4.e.1233","ELEMENT":"f.A9BC9DC8BF39A612B42A5B0BE44A55ED.d.F4C8546869F4372C05CAFE486C343CC4.e.1233"}]}
RESULT: {"script":"<script> [8489 bytes]","args":[{"element-6066-11e4-a52e-4f735466cecf":"f.A9BC9DC8BF39A612B42A5B0BE44A55ED.d.F4C8546869F4372C05CAFE486C343CC4.e.1233","ELEMENT":"f.A9BC9DC8BF39A612B42A5B0BE44A55ED.d.F4C8546869F4372C05CAFE486C343CC4.e.1233"}]}
COMMAND: POST /session/f577365dd41b286ee97ac3b4ec208177/element/f.A9BC9DC8BF39A612B42A5B0BE44A55ED.d.F4C8546869F4372C05CAFE486C343CC4.e.1233/click - {}
COMMAND: GET /session/f577365dd41b286ee97ac3b4ec208177/screenshot - {}
RESULT: {}
COMMAND: GET /session/f577365dd41b286ee97ac3b4ec208177/screenshot - {}
RESULT: {}
RESULT: {}
COMMAND: POST /session/f577365dd41b286ee97ac3b4ec208177/execute/async - {"script":"<script> [1562 bytes]","args":[{"selector":{"id":"application-manageresources-display-component---newResourceUnit--TYPE-arrow"},"wdio_ui5_key":"applicationmanageresources-display-component---newResourceUnit--TYPE-arrow"}]}
RESULT: {"script":"<script> [1562 bytes]","args":[{"selector":{"id":"application-manageresources-display-component---newResourceUnit--TYPE-arrow"},"wdio_ui5_key":"applicationmanageresources-display-component---newResourceUnit--TYPE-arrow"}]}
RESULT: undefined
COMMAND: POST /session/f577365dd41b286ee97ac3b4ec208177/element - {"using":"xpath","value":"//*[@id=\"application-manageresources-display-component---newResourceUnit--TYPE-arrow\"]"}
RESULT: {"using":"xpath","value":"//*[@id=\"application-manageresources-display-component---newResourceUnit--TYPE-arrow\"]"}
COMMAND: POST /session/f577365dd41b286ee97ac3b4ec208177/element/f.A9BC9DC8BF39A612B42A5B0BE44A55ED.d.F4C8546869F4372C05CAFE486C343CC4.e.1550/click - {}
RESULT: {}
COMMAND: POST /session/f577365dd41b286ee97ac3b4ec208177/execute/async - {"script":"<script> [1562 bytes]","args":[{"selector":{"controlType":"sap.m.StandardListItem","viewName":"reusables.view.manageresources.NewResourceUnit","viewId":"application-manageresources-display-component---newResourceUnit","properties":{"title":"Group"},"searchOpenDialogs":true,"interaction":{"idSuffix":"content"}},"wdio_ui5_key":"reusablesview.manageresources.NewResourceUnitsap.m.StandardListItem{\"title\":\"Group\"}"}]}
COMMAND: GET /session/f577365dd41b286ee97ac3b4ec208177/screenshot - {}
RESULT: {"script":"<script> [1562 bytes]","args":[{"selector":{"controlType":"sap.m.StandardListItem","viewName":"reusables.view.manageresources.NewResourceUnit","viewId":"application-manageresources-display-component---newResourceUnit","properties":{"title":"Group"},"searchOpenDialogs":true,"interaction":{"idSuffix":"content"}},"wdio_ui5_key":"reusablesview.manageresources.NewResourceUnitsap.m.StandardListItem{\"title\":\"Group\"}"}]}
RESULT: undefined
COMMAND: POST /session/f577365dd41b286ee97ac3b4ec208177/element - {"using":"xpath","value":"//*[@id=\"__item149\"]"}
RESULT: {}
RESULT: {"using":"xpath","value":"//*[@id=\"__item149\"]"}
COMMAND: POST /session/f577365dd41b286ee97ac3b4ec208177/element/f.A9BC9DC8BF39A612B42A5B0BE44A55ED.d.F4C8546869F4372C05CAFE486C343CC4.e.1553/click - {}
RESULT: {}
COMMAND: GET /session/f577365dd41b286ee97ac3b4ec208177/screenshot - {}
RESULT: {}
COMMAND: POST /session/f577365dd41b286ee97ac3b4ec208177/execute/async - {"script":"<script> [1562 bytes]","args":[{"selector":{"id":"application-manageresources-display-component---newResourceUnit--SHORT_TEXT","interaction":{"idSuffix":"inner"}},"wdio_ui5_key":"applicationmanageresources-display-component---newResourceUnit--SHORT_TEXT"}]}
RESULT: {"script":"<script> [1562 bytes]","args":[{"selector":{"id":"application-manageresources-display-component---newResourceUnit--SHORT_TEXT","interaction":{"idSuffix":"inner"}},"wdio_ui5_key":"applicationmanageresources-display-component---newResourceUnit--SHORT_TEXT"}]}
RESULT: undefined
COMMAND: POST /session/f577365dd41b286ee97ac3b4ec208177/execute/async - {"script":"<script> [776 bytes]","args":[{"enterText":"WdIORUGroup0gp3j","selector":{"id":"application-manageresources-display-component---newResourceUnit--SHORT_TEXT","interaction":{"idSuffix":"inner"}},"clearTextFirst":true,"interactionType":"ENTER_TEXT"}]}
RESULT: {"script":"<script> [776 bytes]","args":[{"enterText":"WdIORUGroup0gp3j","selector":{"id":"application-manageresources-display-component---newResourceUnit--SHORT_TEXT","interaction":{"idSuffix":"inner"}},"clearTextFirst":true,"interactionType":"ENTER_TEXT"}]}
COMMAND: POST /session/f577365dd41b286ee97ac3b4ec208177/execute/async - {"script":"<script> [1562 bytes]","args":[{"selector":{"id":"application-manageresources-display-component---newResourceUnit--BASE_UNIT_OF_MEASURE","interaction":{"idSuffix":"inner"}},"wdio_ui5_key":"applicationmanageresources-display-component---newResourceUnit--BASE_UNIT_OF_MEASURE"}]}
RESULT: {"script":"<script> [1562 bytes]","args":[{"selector":{"id":"application-manageresources-display-component---newResourceUnit--BASE_UNIT_OF_MEASURE","interaction":{"idSuffix":"inner"}},"wdio_ui5_key":"applicationmanageresources-display-component---newResourceUnit--BASE_UNIT_OF_MEASURE"}]}
RESULT: undefined
COMMAND: POST /session/f577365dd41b286ee97ac3b4ec208177/execute/async - {"script":"<script> [776 bytes]","args":[{"enterText":"Piece","selector":{"id":"application-manageresources-display-component---newResourceUnit--BASE_UNIT_OF_MEASURE","interaction":{"idSuffix":"inner"}},"clearTextFirst":true,"interactionType":"ENTER_TEXT"}]}
RESULT: {"script":"<script> [776 bytes]","args":[{"enterText":"Piece","selector":{"id":"application-manageresources-display-component---newResourceUnit--BASE_UNIT_OF_MEASURE","interaction":{"idSuffix":"inner"}},"clearTextFirst":true,"interactionType":"ENTER_TEXT"}]}
COMMAND: POST /session/f577365dd41b286ee97ac3b4ec208177/execute/async - {"script":"<script> [1562 bytes]","args":[{"selector":{"id":"application-manageresources-display-component---newResourceUnit--newRRUPage-OPHeaderContent-collapseBtn-img"},"wdio_ui5_key":"applicationmanageresources-display-component---newResourceUnit--newRRUPage-OPHeaderContent-collapseBtn-img"}]}
RESULT: {"script":"<script> [1562 bytes]","args":[{"selector":{"id":"application-manageresources-display-component---newResourceUnit--newRRUPage-OPHeaderContent-collapseBtn-img"},"wdio_ui5_key":"applicationmanageresources-display-component---newResourceUnit--newRRUPage-OPHeaderContent-collapseBtn-img"}]}
RESULT: undefined
COMMAND: POST /session/f577365dd41b286ee97ac3b4ec208177/element - {"using":"xpath","value":"//*[@id=\"application-manageresources-display-component---newResourceUnit--newRRUPage-OPHeaderContent-collapseBtn-img\"]"}
RESULT: {"using":"xpath","value":"//*[@id=\"application-manageresources-display-component---newResourceUnit--newRRUPage-OPHeaderContent-collapseBtn-img\"]"}
COMMAND: POST /session/f577365dd41b286ee97ac3b4ec208177/element/f.A9BC9DC8BF39A612B42A5B0BE44A55ED.d.F4C8546869F4372C05CAFE486C343CC4.e.1561/click - {}
RESULT: {}
COMMAND: GET /session/f577365dd41b286ee97ac3b4ec208177/screenshot - {}
RESULT: {}
COMMAND: POST /session/f577365dd41b286ee97ac3b4ec208177/execute/async - {"script":"<script> [1562 bytes]","args":[{"selector":{"id":"application-manageresources-display-component---newResourceUnit--newRRUPage-anchBar-application-manageresources-display-component---newResourceUnit--control-anchor","interaction":{"idSuffix":"BDI-content"}},"wdio_ui5_key":"applicationmanageresources-display-component---newResourceUnit--newRRUPage-anchBar-application-manageresources-display-component---newResourceUnit--control-anchor"}]}
RESULT: {"script":"<script> [1562 bytes]","args":[{"selector":{"id":"application-manageresources-display-component---newResourceUnit--newRRUPage-anchBar-application-manageresources-display-component---newResourceUnit--control-anchor","interaction":{"idSuffix":"BDI-content"}},"wdio_ui5_key":"applicationmanageresources-display-component---newResourceUnit--newRRUPage-anchBar-application-manageresources-display-component---newResourceUnit--control-anchor"}]}
RESULT: undefined
COMMAND: POST /session/f577365dd41b286ee97ac3b4ec208177/element - {"using":"xpath","value":"//*[@id=\"application-manageresources-display-component---newResourceUnit--newRRUPage-anchBar-application-manageresources-display-component---newResourceUnit--control-anchor\"]"}
RESULT: {"using":"xpath","value":"//*[@id=\"application-manageresources-display-component---newResourceUnit--newRRUPage-anchBar-application-manageresources-display-component---newResourceUnit--control-anchor\"]"}
COMMAND: POST /session/f577365dd41b286ee97ac3b4ec208177/element/f.A9BC9DC8BF39A612B42A5B0BE44A55ED.d.F4C8546869F4372C05CAFE486C343CC4.e.1606/click - {}
RESULT: {}
COMMAND: POST /session/f577365dd41b286ee97ac3b4ec208177/execute/async - {"script":"<script> [1562 bytes]","args":[{"selector":{"id":"application-manageresources-display-component---newResourceUnit--PLANNING_GROUP","interaction":{"idSuffix":"inner"}},"wdio_ui5_key":"applicationmanageresources-display-component---newResourceUnit--PLANNING_GROUP"}]}
COMMAND: GET /session/f577365dd41b286ee97ac3b4ec208177/screenshot - {}
RESULT: {"script":"<script> [1562 bytes]","args":[{"selector":{"id":"application-manageresources-display-component---newResourceUnit--PLANNING_GROUP","interaction":{"idSuffix":"inner"}},"wdio_ui5_key":"applicationmanageresources-display-component---newResourceUnit--PLANNING_GROUP"}]}
RESULT: undefined
COMMAND: POST /session/f577365dd41b286ee97ac3b4ec208177/execute/async - {"script":"<script> [776 bytes]","args":[{"enterText":"Heavy Equi","selector":{"id":"application-manageresources-display-component---newResourceUnit--PLANNING_GROUP","interaction":{"idSuffix":"inner"}},"clearTextFirst":true,"interactionType":"ENTER_TEXT"}]}
RESULT: {}
RESULT: {"script":"<script> [776 bytes]","args":[{"enterText":"Heavy Equi","selector":{"id":"application-manageresources-display-component---newResourceUnit--PLANNING_GROUP","interaction":{"idSuffix":"inner"}},"clearTextFirst":true,"interactionType":"ENTER_TEXT"}]}
COMMAND: POST /session/f577365dd41b286ee97ac3b4ec208177/element - {"using":"xpath","value":"//bdi[contains(text(), \"Time Segment\")]"}
RESULT: {"using":"xpath","value":"//bdi[contains(text(), \"Time Segment\")]"}
COMMAND: GET /session/f577365dd41b286ee97ac3b4ec208177/element/f.A9BC9DC8BF39A612B42A5B0BE44A55ED.d.F4C8546869F4372C05CAFE486C343CC4.e.1613/rect - {}
RESULT: {}
COMMAND: GET /session/f577365dd41b286ee97ac3b4ec208177/window/rect - {}
RESULT: {}
COMMAND: POST /session/f577365dd41b286ee97ac3b4ec208177/execute/sync - {"script":"<script> [92 bytes]","args":[]}
RESULT: {"script":"<script> [92 bytes]","args":[]}
COMMAND: POST /session/f577365dd41b286ee97ac3b4ec208177/actions - {"actions":[{"id":"action3","type":"wheel","parameters":{},"actions":[{"type":"scroll","x":-1820,"y":-21,"deltaX":0,"deltaY":0,"duration":0,"origin":{"element-6066-11e4-a52e-4f735466cecf":"f.A9BC9DC8BF39A612B42A5B0BE44A55ED.d.F4C8546869F4372C05CAFE486C343CC4.e.1613"}}]}]}
COMMAND: GET /session/f577365dd41b286ee97ac3b4ec208177/screenshot - {}
RESULT: {}
COMMAND: POST /session/f577365dd41b286ee97ac3b4ec208177/execute/sync - {"script":"<script> [79 bytes]","args":[{"element-6066-11e4-a52e-4f735466cecf":"f.A9BC9DC8BF39A612B42A5B0BE44A55ED.d.F4C8546869F4372C05CAFE486C343CC4.e.1613","ELEMENT":"f.A9BC9DC8BF39A612B42A5B0BE44A55ED.d.F4C8546869F4372C05CAFE486C343CC4.e.1613"},{"block":"start","inline":"nearest"}]}
RESULT: {"script":"<script> [79 bytes]","args":[{"element-6066-11e4-a52e-4f735466cecf":"f.A9BC9DC8BF39A612B42A5B0BE44A55ED.d.F4C8546869F4372C05CAFE486C343CC4.e.1613","ELEMENT":"f.A9BC9DC8BF39A612B42A5B0BE44A55ED.d.F4C8546869F4372C05CAFE486C343CC4.e.1613"},{"block":"start","inline":"nearest"}]}
COMMAND: GET /session/f577365dd41b286ee97ac3b4ec208177/screenshot - {}
RESULT: {}
COMMAND: POST /session/f577365dd41b286ee97ac3b4ec208177/execute/async - {"script":"<script> [1562 bytes]","args":[{"selector":{"id":"application-manageresources-display-component---newResourceUnit--btnAddTimeSegment-img"},"wdio_ui5_key":"applicationmanageresources-display-component---newResourceUnit--btnAddTimeSegment-img"}]}
RESULT: {"script":"<script> [1562 bytes]","args":[{"selector":{"id":"application-manageresources-display-component---newResourceUnit--btnAddTimeSegment-img"},"wdio_ui5_key":"applicationmanageresources-display-component---newResourceUnit--btnAddTimeSegment-img"}]}
RESULT: undefined
COMMAND: POST /session/f577365dd41b286ee97ac3b4ec208177/element - {"using":"xpath","value":"//*[@id=\"application-manageresources-display-component---newResourceUnit--btnAddTimeSegment-img\"]"}
RESULT: {"using":"xpath","value":"//*[@id=\"application-manageresources-display-component---newResourceUnit--btnAddTimeSegment-img\"]"}
COMMAND: POST /session/f577365dd41b286ee97ac3b4ec208177/element/f.A9BC9DC8BF39A612B42A5B0BE44A55ED.d.F4C8546869F4372C05CAFE486C343CC4.e.1616/click - {}
RESULT: {}
COMMAND: GET /session/f577365dd41b286ee97ac3b4ec208177/screenshot - {}
COMMAND: POST /session/f577365dd41b286ee97ac3b4ec208177/element - {"using":"xpath","value":"//input[@id=\"application-manageresources-display-component---newResourceUnit--idRuTSAdmin-application-manageresources-display-component---newResourceUnit--RUTimeSegment-0-inner\"]"}
RESULT: {}
RESULT: {"using":"xpath","value":"//input[@id=\"application-manageresources-display-component---newResourceUnit--idRuTSAdmin-application-manageresources-display-component---newResourceUnit--RUTimeSegment-0-inner\"]"}
COMMAND: POST /session/f577365dd41b286ee97ac3b4ec208177/element/f.A9BC9DC8BF39A612B42A5B0BE44A55ED.d.F4C8546869F4372C05CAFE486C343CC4.e.1619/clear - {}
RESULT: {}
COMMAND: POST /session/f577365dd41b286ee97ac3b4ec208177/element/f.A9BC9DC8BF39A612B42A5B0BE44A55ED.d.F4C8546869F4372C05CAFE486C343CC4.e.1619/value - {"text":"WebdriverYardbkzs5"}
COMMAND: GET /session/f577365dd41b286ee97ac3b4ec208177/screenshot - {}
RESULT: {"text":"WebdriverYardbkzs5"}
COMMAND: GET /session/f577365dd41b286ee97ac3b4ec208177/screenshot - {}
RESULT: {}
RESULT: {}
COMMAND: POST /session/f577365dd41b286ee97ac3b4ec208177/actions - {"actions":[{"id":"action4","type":"key","parameters":{},"actions":[{"type":"keyDown","value":"î€‡"},{"type":"pause","duration":10},{"type":"keyUp","value":"î€‡"}]}]}
RESULT: {"actions":[{"id":"action4","type":"key","parameters":{},"actions":[{"type":"keyDown","value":"î€‡"},{"type":"pause","duration":10},{"type":"keyUp","value":"î€‡"}]}]}
COMMAND: GET /session/f577365dd41b286ee97ac3b4ec208177/screenshot - {}
RESULT: {}
COMMAND: POST /session/f577365dd41b286ee97ac3b4ec208177/execute/async - {"script":"<script> [1562 bytes]","args":[{"selector":{"controlType":"sap.m.Button","viewName":"reusables.view.manageresources.NewResourceUnit","viewId":"application-manageresources-display-component---newResourceUnit","i18NText":{"propertyName":"tooltip","key":"save"},"interaction":{"idSuffix":"BDI-content"}},"wdio_ui5_key":"reusablesview.manageresources.NewResourceUnitsap.m.Button{\"propertyName\":\"tooltip\",\"key\":\"save\"}"}]}
RESULT: {"script":"<script> [1562 bytes]","args":[{"selector":{"controlType":"sap.m.Button","viewName":"reusables.view.manageresources.NewResourceUnit","viewId":"application-manageresources-display-component---newResourceUnit","i18NText":{"propertyName":"tooltip","key":"save"},"interaction":{"idSuffix":"BDI-content"}},"wdio_ui5_key":"reusablesview.manageresources.NewResourceUnitsap.m.Button{\"propertyName\":\"tooltip\",\"key\":\"save\"}"}]}
RESULT: undefined
COMMAND: POST /session/f577365dd41b286ee97ac3b4ec208177/element - {"using":"xpath","value":"//*[@id=\"application-manageresources-display-component---newResourceUnit--createRuButton\"]"}
RESULT: {"using":"xpath","value":"//*[@id=\"application-manageresources-display-component---newResourceUnit--createRuButton\"]"}
COMMAND: POST /session/f577365dd41b286ee97ac3b4ec208177/element/f.A9BC9DC8BF39A612B42A5B0BE44A55ED.d.F4C8546869F4372C05CAFE486C343CC4.e.1567/click - {}
RESULT: {}
COMMAND: GET /session/f577365dd41b286ee97ac3b4ec208177/screenshot - {}
RESULT: {}
COMMAND: POST /session/f577365dd41b286ee97ac3b4ec208177/execute/async - {"script":"<script> [1562 bytes]","args":[{"selector":{"controlType":"sap.m.Button","properties":{"text":"Close"},"searchOpenDialogs":true,"interaction":{"idSuffix":"inner"}},"wdio_ui5_key":"sapm.Button{\"text\":\"Close\"}"}]}
RESULT: {"script":"<script> [1562 bytes]","args":[{"selector":{"controlType":"sap.m.Button","properties":{"text":"Close"},"searchOpenDialogs":true,"interaction":{"idSuffix":"inner"}},"wdio_ui5_key":"sapm.Button{\"text\":\"Close\"}"}]}
RESULT: undefined
COMMAND: POST /session/f577365dd41b286ee97ac3b4ec208177/element - {"using":"xpath","value":"//*[@id=\"__mbox-btn-0\"]"}
RESULT: {"using":"xpath","value":"//*[@id=\"__mbox-btn-0\"]"}
COMMAND: POST /session/f577365dd41b286ee97ac3b4ec208177/element/f.A9BC9DC8BF39A612B42A5B0BE44A55ED.d.F4C8546869F4372C05CAFE486C343CC4.e.1626/click - {}
RESULT: {}
COMMAND: GET /session/f577365dd41b286ee97ac3b4ec208177/screenshot - {}
RESULT: {}
]]></system-out>
    </testcase>
    <testcase classname="chrome.136_0_7103_93.windows.Related_resources_for_groups_US139107" name="Should create first equipment and add it to the group" time="125.662">
      <system-out><![CDATA[
RESULT: undefined
COMMAND: POST /session/f577365dd41b286ee97ac3b4ec208177/element - {"using":"xpath","value":"//*[@id=\"__tile39\"]"}
RESULT: {"using":"xpath","value":"//*[@id=\"__tile39\"]"}
COMMAND: POST /session/f577365dd41b286ee97ac3b4ec208177/element/f.A9BC9DC8BF39A612B42A5B0BE44A55ED.d.F4C8546869F4372C05CAFE486C343CC4.e.1189/click - {}
COMMAND: POST /session/f577365dd41b286ee97ac3b4ec208177/elements - {"using":"xpath","value":"//span[text()='Error']"}
RESULT: {"using":"xpath","value":"//span[text()='Error']"}
COMMAND: POST /session/f577365dd41b286ee97ac3b4ec208177/element - {"using":"xpath","value":"//button[@data-kt=\"addNewRUOverflowToolbarButton\"]"}
RESULT: {"using":"xpath","value":"//button[@data-kt=\"addNewRUOverflowToolbarButton\"]"}
COMMAND: POST /session/f577365dd41b286ee97ac3b4ec208177/execute/sync - {"script":"<script> [8489 bytes]","args":[{"element-6066-11e4-a52e-4f735466cecf":"f.A9BC9DC8BF39A612B42A5B0BE44A55ED.d.F4C8546869F4372C05CAFE486C343CC4.e.1233","ELEMENT":"f.A9BC9DC8BF39A612B42A5B0BE44A55ED.d.F4C8546869F4372C05CAFE486C343CC4.e.1233"}]}
RESULT: {"script":"<script> [8489 bytes]","args":[{"element-6066-11e4-a52e-4f735466cecf":"f.A9BC9DC8BF39A612B42A5B0BE44A55ED.d.F4C8546869F4372C05CAFE486C343CC4.e.1233","ELEMENT":"f.A9BC9DC8BF39A612B42A5B0BE44A55ED.d.F4C8546869F4372C05CAFE486C343CC4.e.1233"}]}
COMMAND: POST /session/f577365dd41b286ee97ac3b4ec208177/element/f.A9BC9DC8BF39A612B42A5B0BE44A55ED.d.F4C8546869F4372C05CAFE486C343CC4.e.1233/click - {}
COMMAND: GET /session/f577365dd41b286ee97ac3b4ec208177/screenshot - {}
RESULT: {}
COMMAND: GET /session/f577365dd41b286ee97ac3b4ec208177/screenshot - {}
RESULT: undefined
COMMAND: POST /session/f577365dd41b286ee97ac3b4ec208177/element - {"using":"xpath","value":"//*[@id=\"application-manageresources-display-component---newResourceUnit--TYPE-arrow\"]"}
RESULT: {}
RESULT: {}
RESULT: {"using":"xpath","value":"//*[@id=\"application-manageresources-display-component---newResourceUnit--TYPE-arrow\"]"}
COMMAND: POST /session/f577365dd41b286ee97ac3b4ec208177/element/f.A9BC9DC8BF39A612B42A5B0BE44A55ED.d.F4C8546869F4372C05CAFE486C343CC4.e.1550/click - {}
RESULT: {}
COMMAND: POST /session/f577365dd41b286ee97ac3b4ec208177/execute/async - {"script":"<script> [1562 bytes]","args":[{"selector":{"controlType":"sap.m.StandardListItem","viewName":"reusables.view.manageresources.NewResourceUnit","viewId":"application-manageresources-display-component---newResourceUnit","properties":{"title":"Equipment"},"searchOpenDialogs":true,"interaction":{"idSuffix":"content"}},"wdio_ui5_key":"reusablesview.manageresources.NewResourceUnitsap.m.StandardListItem{\"title\":\"Equipment\"}"}]}
COMMAND: GET /session/f577365dd41b286ee97ac3b4ec208177/screenshot - {}
RESULT: {"script":"<script> [1562 bytes]","args":[{"selector":{"controlType":"sap.m.StandardListItem","viewName":"reusables.view.manageresources.NewResourceUnit","viewId":"application-manageresources-display-component---newResourceUnit","properties":{"title":"Equipment"},"searchOpenDialogs":true,"interaction":{"idSuffix":"content"}},"wdio_ui5_key":"reusablesview.manageresources.NewResourceUnitsap.m.StandardListItem{\"title\":\"Equipment\"}"}]}
RESULT: undefined
COMMAND: POST /session/f577365dd41b286ee97ac3b4ec208177/element - {"using":"xpath","value":"//*[@id=\"__item140\"]"}
RESULT: {}
RESULT: {"using":"xpath","value":"//*[@id=\"__item140\"]"}
COMMAND: POST /session/f577365dd41b286ee97ac3b4ec208177/element/f.A9BC9DC8BF39A612B42A5B0BE44A55ED.d.F4C8546869F4372C05CAFE486C343CC4.e.1673/click - {}
RESULT: {}
COMMAND: POST /session/f577365dd41b286ee97ac3b4ec208177/execute/async - {"script":"<script> [1562 bytes]","args":[{"selector":{"id":"application-manageresources-display-component---newResourceUnit--resourceId","interaction":{"idSuffix":"inner"}},"wdio_ui5_key":"applicationmanageresources-display-component---newResourceUnit--resourceId"}]}
COMMAND: GET /session/f577365dd41b286ee97ac3b4ec208177/screenshot - {}
RESULT: {"script":"<script> [1562 bytes]","args":[{"selector":{"id":"application-manageresources-display-component---newResourceUnit--resourceId","interaction":{"idSuffix":"inner"}},"wdio_ui5_key":"applicationmanageresources-display-component---newResourceUnit--resourceId"}]}
RESULT: undefined
COMMAND: POST /session/f577365dd41b286ee97ac3b4ec208177/execute/async - {"script":"<script> [776 bytes]","args":[{"enterText":"WdIORUEquip15e4nuk","selector":{"id":"application-manageresources-display-component---newResourceUnit--resourceId","interaction":{"idSuffix":"inner"}},"clearTextFirst":true,"interactionType":"ENTER_TEXT"}]}
RESULT: {}
RESULT: {"script":"<script> [776 bytes]","args":[{"enterText":"WdIORUEquip15e4nuk","selector":{"id":"application-manageresources-display-component---newResourceUnit--resourceId","interaction":{"idSuffix":"inner"}},"clearTextFirst":true,"interactionType":"ENTER_TEXT"}]}
RESULT: undefined
COMMAND: POST /session/f577365dd41b286ee97ac3b4ec208177/execute/async - {"script":"<script> [776 bytes]","args":[{"enterText":"WdIORUEquip15e4nuk","selector":{"id":"application-manageresources-display-component---newResourceUnit--SHORT_TEXT","interaction":{"idSuffix":"inner"}},"clearTextFirst":true,"interactionType":"ENTER_TEXT"}]}
RESULT: {"script":"<script> [776 bytes]","args":[{"enterText":"WdIORUEquip15e4nuk","selector":{"id":"application-manageresources-display-component---newResourceUnit--SHORT_TEXT","interaction":{"idSuffix":"inner"}},"clearTextFirst":true,"interactionType":"ENTER_TEXT"}]}
RESULT: undefined
COMMAND: POST /session/f577365dd41b286ee97ac3b4ec208177/execute/async - {"script":"<script> [776 bytes]","args":[{"enterText":"Piece","selector":{"id":"application-manageresources-display-component---newResourceUnit--BASE_UNIT_OF_MEASURE","interaction":{"idSuffix":"inner"}},"clearTextFirst":true,"interactionType":"ENTER_TEXT"}]}
RESULT: {"script":"<script> [776 bytes]","args":[{"enterText":"Piece","selector":{"id":"application-manageresources-display-component---newResourceUnit--BASE_UNIT_OF_MEASURE","interaction":{"idSuffix":"inner"}},"clearTextFirst":true,"interactionType":"ENTER_TEXT"}]}
COMMAND: POST /session/f577365dd41b286ee97ac3b4ec208177/element - {"using":"xpath","value":"//input[contains(@id ,\"application-manageresources-display-component---newResourceUnit--HIGHER_LEVEL_RESOURCE-inner\")]"}
RESULT: {"using":"xpath","value":"//input[contains(@id ,\"application-manageresources-display-component---newResourceUnit--HIGHER_LEVEL_RESOURCE-inner\")]"}
COMMAND: POST /session/f577365dd41b286ee97ac3b4ec208177/element/f.A9BC9DC8BF39A612B42A5B0BE44A55ED.d.F4C8546869F4372C05CAFE486C343CC4.e.1679/value - {"text":"WdIORUGroup0gp3j"}
RESULT: {"text":"WdIORUGroup0gp3j"}
COMMAND: GET /session/f577365dd41b286ee97ac3b4ec208177/screenshot - {}
RESULT: {}
COMMAND: POST /session/f577365dd41b286ee97ac3b4ec208177/actions - {"actions":[{"id":"action5","type":"key","parameters":{},"actions":[{"type":"keyDown","value":"î€‡"},{"type":"pause","duration":10},{"type":"keyUp","value":"î€‡"}]}]}
RESULT: {"actions":[{"id":"action5","type":"key","parameters":{},"actions":[{"type":"keyDown","value":"î€‡"},{"type":"pause","duration":10},{"type":"keyUp","value":"î€‡"}]}]}
COMMAND: POST /session/f577365dd41b286ee97ac3b4ec208177/execute/async - {"script":"<script> [1562 bytes]","args":[{"selector":{"id":"application-manageresources-display-component---newResourceUnit--WEIGHT_UNIT","interaction":{"idSuffix":"inner"}},"wdio_ui5_key":"applicationmanageresources-display-component---newResourceUnit--WEIGHT_UNIT"}]}
COMMAND: GET /session/f577365dd41b286ee97ac3b4ec208177/screenshot - {}
RESULT: {"script":"<script> [1562 bytes]","args":[{"selector":{"id":"application-manageresources-display-component---newResourceUnit--WEIGHT_UNIT","interaction":{"idSuffix":"inner"}},"wdio_ui5_key":"applicationmanageresources-display-component---newResourceUnit--WEIGHT_UNIT"}]}
RESULT: undefined
COMMAND: POST /session/f577365dd41b286ee97ac3b4ec208177/execute/async - {"script":"<script> [776 bytes]","args":[{"enterText":"Gram","selector":{"id":"application-manageresources-display-component---newResourceUnit--WEIGHT_UNIT","interaction":{"idSuffix":"inner"}},"clearTextFirst":true,"interactionType":"ENTER_TEXT"}]}
RESULT: {}
RESULT: {"script":"<script> [776 bytes]","args":[{"enterText":"Gram","selector":{"id":"application-manageresources-display-component---newResourceUnit--WEIGHT_UNIT","interaction":{"idSuffix":"inner"}},"clearTextFirst":true,"interactionType":"ENTER_TEXT"}]}
RESULT: undefined
COMMAND: POST /session/f577365dd41b286ee97ac3b4ec208177/element - {"using":"xpath","value":"//*[@id=\"application-manageresources-display-component---newResourceUnit--newRRUPage-OPHeaderContent-collapseBtn-img\"]"}
RESULT: {"using":"xpath","value":"//*[@id=\"application-manageresources-display-component---newResourceUnit--newRRUPage-OPHeaderContent-collapseBtn-img\"]"}
COMMAND: POST /session/f577365dd41b286ee97ac3b4ec208177/element/f.A9BC9DC8BF39A612B42A5B0BE44A55ED.d.F4C8546869F4372C05CAFE486C343CC4.e.1561/click - {}
RESULT: {}
COMMAND: GET /session/f577365dd41b286ee97ac3b4ec208177/screenshot - {}
RESULT: {}
COMMAND: POST /session/f577365dd41b286ee97ac3b4ec208177/element - {"using":"xpath","value":"(//span[contains(@id ,\"application-manageresources-display-component---newResourceUnit--DIMENSION_UNIT-arrow\")])[1]"}
RESULT: {"using":"xpath","value":"(//span[contains(@id ,\"application-manageresources-display-component---newResourceUnit--DIMENSION_UNIT-arrow\")])[1]"}
COMMAND: POST /session/f577365dd41b286ee97ac3b4ec208177/element/f.A9BC9DC8BF39A612B42A5B0BE44A55ED.d.F4C8546869F4372C05CAFE486C343CC4.e.1802/click - {}
RESULT: {}
COMMAND: GET /session/f577365dd41b286ee97ac3b4ec208177/screenshot - {}
RESULT: {}
COMMAND: POST /session/f577365dd41b286ee97ac3b4ec208177/execute/async - {"script":"<script> [1562 bytes]","args":[{"selector":{"controlType":"sap.m.StandardListItem","viewName":"reusables.view.manageresources.NewResourceUnit","viewId":"application-manageresources-display-component---newResourceUnit","properties":{"title":"Centimeter"},"searchOpenDialogs":true,"interaction":{"idSuffix":"titleText"}},"wdio_ui5_key":"reusablesview.manageresources.NewResourceUnitsap.m.StandardListItem{\"title\":\"Centimeter\"}"}]}
RESULT: {"script":"<script> [1562 bytes]","args":[{"selector":{"controlType":"sap.m.StandardListItem","viewName":"reusables.view.manageresources.NewResourceUnit","viewId":"application-manageresources-display-component---newResourceUnit","properties":{"title":"Centimeter"},"searchOpenDialogs":true,"interaction":{"idSuffix":"titleText"}},"wdio_ui5_key":"reusablesview.manageresources.NewResourceUnitsap.m.StandardListItem{\"title\":\"Centimeter\"}"}]}
RESULT: undefined
COMMAND: POST /session/f577365dd41b286ee97ac3b4ec208177/element - {"using":"xpath","value":"//*[@id=\"__item625\"]"}
RESULT: {"using":"xpath","value":"//*[@id=\"__item625\"]"}
COMMAND: POST /session/f577365dd41b286ee97ac3b4ec208177/element/f.A9BC9DC8BF39A612B42A5B0BE44A55ED.d.F4C8546869F4372C05CAFE486C343CC4.e.1804/click - {}
RESULT: {}
COMMAND: GET /session/f577365dd41b286ee97ac3b4ec208177/screenshot - {}
RESULT: {}
RESULT: undefined
COMMAND: POST /session/f577365dd41b286ee97ac3b4ec208177/element - {"using":"xpath","value":"//*[@id=\"application-manageresources-display-component---newResourceUnit--newRRUPage-anchBar-application-manageresources-display-component---newResourceUnit--control-anchor\"]"}
RESULT: {"using":"xpath","value":"//*[@id=\"application-manageresources-display-component---newResourceUnit--newRRUPage-anchBar-application-manageresources-display-component---newResourceUnit--control-anchor\"]"}
COMMAND: POST /session/f577365dd41b286ee97ac3b4ec208177/element/f.A9BC9DC8BF39A612B42A5B0BE44A55ED.d.F4C8546869F4372C05CAFE486C343CC4.e.1805/click - {}
RESULT: {}
RESULT: undefined
COMMAND: POST /session/f577365dd41b286ee97ac3b4ec208177/execute/async - {"script":"<script> [776 bytes]","args":[{"enterText":"Heavy Equi","selector":{"id":"application-manageresources-display-component---newResourceUnit--PLANNING_GROUP","interaction":{"idSuffix":"inner"}},"clearTextFirst":true,"interactionType":"ENTER_TEXT"}]}
COMMAND: GET /session/f577365dd41b286ee97ac3b4ec208177/screenshot - {}
RESULT: {"script":"<script> [776 bytes]","args":[{"enterText":"Heavy Equi","selector":{"id":"application-manageresources-display-component---newResourceUnit--PLANNING_GROUP","interaction":{"idSuffix":"inner"}},"clearTextFirst":true,"interactionType":"ENTER_TEXT"}]}
RESULT: {}
COMMAND: POST /session/f577365dd41b286ee97ac3b4ec208177/execute/async - {"script":"<script> [1562 bytes]","args":[{"selector":{"id":"application-manageresources-display-component---newResourceUnit--ITEM_TYPE-arrow"},"wdio_ui5_key":"applicationmanageresources-display-component---newResourceUnit--ITEM_TYPE-arrow"}]}
RESULT: {"script":"<script> [1562 bytes]","args":[{"selector":{"id":"application-manageresources-display-component---newResourceUnit--ITEM_TYPE-arrow"},"wdio_ui5_key":"applicationmanageresources-display-component---newResourceUnit--ITEM_TYPE-arrow"}]}
RESULT: undefined
COMMAND: POST /session/f577365dd41b286ee97ac3b4ec208177/element - {"using":"xpath","value":"//*[@id=\"application-manageresources-display-component---newResourceUnit--ITEM_TYPE-arrow\"]"}
RESULT: {"using":"xpath","value":"//*[@id=\"application-manageresources-display-component---newResourceUnit--ITEM_TYPE-arrow\"]"}
COMMAND: POST /session/f577365dd41b286ee97ac3b4ec208177/element/f.A9BC9DC8BF39A612B42A5B0BE44A55ED.d.F4C8546869F4372C05CAFE486C343CC4.e.1811/click - {}
RESULT: {}
COMMAND: POST /session/f577365dd41b286ee97ac3b4ec208177/execute/async - {"script":"<script> [1562 bytes]","args":[{"selector":{"controlType":"sap.m.StandardListItem","viewName":"reusables.view.manageresources.NewResourceUnit","viewId":"application-manageresources-display-component---newResourceUnit","properties":{"title":"Resource Unit"},"searchOpenDialogs":true,"interaction":{"idSuffix":"titleText"}},"wdio_ui5_key":"reusablesview.manageresources.NewResourceUnitsap.m.StandardListItem{\"title\":\"Resource Unit\"}"}]}
COMMAND: GET /session/f577365dd41b286ee97ac3b4ec208177/screenshot - {}
RESULT: {"script":"<script> [1562 bytes]","args":[{"selector":{"controlType":"sap.m.StandardListItem","viewName":"reusables.view.manageresources.NewResourceUnit","viewId":"application-manageresources-display-component---newResourceUnit","properties":{"title":"Resource Unit"},"searchOpenDialogs":true,"interaction":{"idSuffix":"titleText"}},"wdio_ui5_key":"reusablesview.manageresources.NewResourceUnitsap.m.StandardListItem{\"title\":\"Resource Unit\"}"}]}
RESULT: undefined
COMMAND: POST /session/f577365dd41b286ee97ac3b4ec208177/element - {"using":"xpath","value":"//*[@id=\"__item634\"]"}
RESULT: {}
RESULT: {"using":"xpath","value":"//*[@id=\"__item634\"]"}
COMMAND: POST /session/f577365dd41b286ee97ac3b4ec208177/element/f.A9BC9DC8BF39A612B42A5B0BE44A55ED.d.F4C8546869F4372C05CAFE486C343CC4.e.1813/click - {}
RESULT: {}
COMMAND: POST /session/f577365dd41b286ee97ac3b4ec208177/element - {"using":"xpath","value":"//bdi[contains(text(), \"Time Segment\")]"}
COMMAND: GET /session/f577365dd41b286ee97ac3b4ec208177/screenshot - {}
RESULT: {"using":"xpath","value":"//bdi[contains(text(), \"Time Segment\")]"}
COMMAND: GET /session/f577365dd41b286ee97ac3b4ec208177/element/f.A9BC9DC8BF39A612B42A5B0BE44A55ED.d.F4C8546869F4372C05CAFE486C343CC4.e.1814/rect - {}
RESULT: {}
RESULT: {}
COMMAND: GET /session/f577365dd41b286ee97ac3b4ec208177/window/rect - {}
RESULT: {}
COMMAND: POST /session/f577365dd41b286ee97ac3b4ec208177/execute/sync - {"script":"<script> [92 bytes]","args":[]}
RESULT: {"script":"<script> [92 bytes]","args":[]}
COMMAND: POST /session/f577365dd41b286ee97ac3b4ec208177/actions - {"actions":[{"id":"action6","type":"wheel","parameters":{},"actions":[{"type":"scroll","x":-1820,"y":-21,"deltaX":0,"deltaY":0,"duration":0,"origin":{"element-6066-11e4-a52e-4f735466cecf":"f.A9BC9DC8BF39A612B42A5B0BE44A55ED.d.F4C8546869F4372C05CAFE486C343CC4.e.1814"}}]}]}
COMMAND: GET /session/f577365dd41b286ee97ac3b4ec208177/screenshot - {}
RESULT: {}
COMMAND: POST /session/f577365dd41b286ee97ac3b4ec208177/execute/sync - {"script":"<script> [79 bytes]","args":[{"element-6066-11e4-a52e-4f735466cecf":"f.A9BC9DC8BF39A612B42A5B0BE44A55ED.d.F4C8546869F4372C05CAFE486C343CC4.e.1814","ELEMENT":"f.A9BC9DC8BF39A612B42A5B0BE44A55ED.d.F4C8546869F4372C05CAFE486C343CC4.e.1814"},{"block":"start","inline":"nearest"}]}
RESULT: {"script":"<script> [79 bytes]","args":[{"element-6066-11e4-a52e-4f735466cecf":"f.A9BC9DC8BF39A612B42A5B0BE44A55ED.d.F4C8546869F4372C05CAFE486C343CC4.e.1814","ELEMENT":"f.A9BC9DC8BF39A612B42A5B0BE44A55ED.d.F4C8546869F4372C05CAFE486C343CC4.e.1814"},{"block":"start","inline":"nearest"}]}
RESULT: undefined
COMMAND: POST /session/f577365dd41b286ee97ac3b4ec208177/element - {"using":"xpath","value":"//*[@id=\"application-manageresources-display-component---newResourceUnit--btnAddTimeSegment-img\"]"}
COMMAND: GET /session/f577365dd41b286ee97ac3b4ec208177/screenshot - {}
RESULT: {"using":"xpath","value":"//*[@id=\"application-manageresources-display-component---newResourceUnit--btnAddTimeSegment-img\"]"}
COMMAND: POST /session/f577365dd41b286ee97ac3b4ec208177/element/f.A9BC9DC8BF39A612B42A5B0BE44A55ED.d.F4C8546869F4372C05CAFE486C343CC4.e.1815/click - {}
RESULT: {}
RESULT: {}
COMMAND: GET /session/f577365dd41b286ee97ac3b4ec208177/screenshot - {}
RESULT: {}
COMMAND: POST /session/f577365dd41b286ee97ac3b4ec208177/element - {"using":"xpath","value":"//input[@id=\"application-manageresources-display-component---newResourceUnit--idRuTSAdmin-application-manageresources-display-component---newResourceUnit--RUTimeSegment-0-inner\"]"}
RESULT: {"using":"xpath","value":"//input[@id=\"application-manageresources-display-component---newResourceUnit--idRuTSAdmin-application-manageresources-display-component---newResourceUnit--RUTimeSegment-0-inner\"]"}
COMMAND: POST /session/f577365dd41b286ee97ac3b4ec208177/element/f.A9BC9DC8BF39A612B42A5B0BE44A55ED.d.F4C8546869F4372C05CAFE486C343CC4.e.1821/clear - {}
RESULT: {}
COMMAND: POST /session/f577365dd41b286ee97ac3b4ec208177/element/f.A9BC9DC8BF39A612B42A5B0BE44A55ED.d.F4C8546869F4372C05CAFE486C343CC4.e.1821/value - {"text":"WebdriverYardbkzs5"}
COMMAND: GET /session/f577365dd41b286ee97ac3b4ec208177/screenshot - {}
RESULT: {"text":"WebdriverYardbkzs5"}
COMMAND: GET /session/f577365dd41b286ee97ac3b4ec208177/screenshot - {}
RESULT: {}
RESULT: {}
COMMAND: POST /session/f577365dd41b286ee97ac3b4ec208177/actions - {"actions":[{"id":"action7","type":"key","parameters":{},"actions":[{"type":"keyDown","value":"î€‡"},{"type":"pause","duration":10},{"type":"keyUp","value":"î€‡"}]}]}
RESULT: {"actions":[{"id":"action7","type":"key","parameters":{},"actions":[{"type":"keyDown","value":"î€‡"},{"type":"pause","duration":10},{"type":"keyUp","value":"î€‡"}]}]}
COMMAND: POST /session/f577365dd41b286ee97ac3b4ec208177/execute/async - {"script":"<script> [1562 bytes]","args":[{"selector":{"controlType":"sap.ui.core.Icon","viewName":"reusables.view.manageresources.NewResourceUnit","viewId":"application-manageresources-display-component---newResourceUnit","properties":{"src":{"regex":{"source":"slim\\-arrow\\-down"}}},"ancestor":{"controlType":"sap.m.ComboBox","viewName":"reusables.view.manageresources.NewResourceUnit","viewId":"application-manageresources-display-component---newResourceUnit","bindingPath":{"path":"/RESOURCE_UNIT_TIME_SEQUENCES/0","propertyPath":"COST_OBJECT_ADMIN_CST_TYPE","modelName":"oNewRruModel"}}},"wdio_ui5_key":"reusablesview.manageresources.NewResourceUnitsap.ui.core.Icon{\"src\":{\"regex\":{\"source\":\"slim\\\\-arrow\\\\-down\"}}}{\"controlType\":\"sap.m.ComboBox\",\"viewName\":\"reusables.view.manageresources.NewResourceUnit\",\"viewId\":\"application-manageresources-display-component---newResourceUnit\",\"bindingPath\":{\"path\":\"/RESOURCE_UNIT_TIME_SEQUENCES/0\",\"propertyPath\":\"COST_OBJECT_ADMIN_CST_TYPE\",\"modelName\":\"oNewRruModel\"}}"}]}
COMMAND: GET /session/f577365dd41b286ee97ac3b4ec208177/screenshot - {}
RESULT: {"script":"<script> [1562 bytes]","args":[{"selector":{"controlType":"sap.ui.core.Icon","viewName":"reusables.view.manageresources.NewResourceUnit","viewId":"application-manageresources-display-component---newResourceUnit","properties":{"src":{"regex":{"source":"slim\\-arrow\\-down"}}},"ancestor":{"controlType":"sap.m.ComboBox","viewName":"reusables.view.manageresources.NewResourceUnit","viewId":"application-manageresources-display-component---newResourceUnit","bindingPath":{"path":"/RESOURCE_UNIT_TIME_SEQUENCES/0","propertyPath":"COST_OBJECT_ADMIN_CST_TYPE","modelName":"oNewRruModel"}}},"wdio_ui5_key":"reusablesview.manageresources.NewResourceUnitsap.ui.core.Icon{\"src\":{\"regex\":{\"source\":\"slim\\\\-arrow\\\\-down\"}}}{\"controlType\":\"sap.m.ComboBox\",\"viewName\":\"reusables.view.manageresources.NewResourceUnit\",\"viewId\":\"application-manageresources-display-component---newResourceUnit\",\"bindingPath\":{\"path\":\"/RESOURCE_UNIT_TIME_SEQUENCES/0\",\"propertyPath\":\"COST_OBJECT_ADMIN_CST_TYPE\",\"modelName\":\"oNewRruModel\"}}"}]}
RESULT: undefined
COMMAND: POST /session/f577365dd41b286ee97ac3b4ec208177/element - {"using":"xpath","value":"//*[@id=\"__box5-application-manageresources-display-component---newResourceUnit--RUTimeSegment-0-arrow\"]"}
RESULT: {}
RESULT: {"using":"xpath","value":"//*[@id=\"__box5-application-manageresources-display-component---newResourceUnit--RUTimeSegment-0-arrow\"]"}
COMMAND: POST /session/f577365dd41b286ee97ac3b4ec208177/element/f.A9BC9DC8BF39A612B42A5B0BE44A55ED.d.F4C8546869F4372C05CAFE486C343CC4.e.1833/click - {}
RESULT: {}
COMMAND: POST /session/f577365dd41b286ee97ac3b4ec208177/execute/async - {"script":"<script> [1562 bytes]","args":[{"selector":{"controlType":"sap.m.StandardListItem","viewName":"reusables.view.manageresources.NewResourceUnit","viewId":"application-manageresources-display-component---newResourceUnit","properties":{"title":"PM Order"},"searchOpenDialogs":true,"interaction":{"idSuffix":"titleText"}},"wdio_ui5_key":"reusablesview.manageresources.NewResourceUnitsap.m.StandardListItem{\"title\":\"PM Order\"}"}]}
COMMAND: GET /session/f577365dd41b286ee97ac3b4ec208177/screenshot - {}
RESULT: {"script":"<script> [1562 bytes]","args":[{"selector":{"controlType":"sap.m.StandardListItem","viewName":"reusables.view.manageresources.NewResourceUnit","viewId":"application-manageresources-display-component---newResourceUnit","properties":{"title":"PM Order"},"searchOpenDialogs":true,"interaction":{"idSuffix":"titleText"}},"wdio_ui5_key":"reusablesview.manageresources.NewResourceUnitsap.m.StandardListItem{\"title\":\"PM Order\"}"}]}
RESULT: undefined
COMMAND: POST /session/f577365dd41b286ee97ac3b4ec208177/element - {"using":"xpath","value":"//*[@id=\"__item957\"]"}
RESULT: {}
RESULT: {"using":"xpath","value":"//*[@id=\"__item957\"]"}
COMMAND: POST /session/f577365dd41b286ee97ac3b4ec208177/element/f.A9BC9DC8BF39A612B42A5B0BE44A55ED.d.F4C8546869F4372C05CAFE486C343CC4.e.1837/click - {}
RESULT: {}
COMMAND: GET /session/f577365dd41b286ee97ac3b4ec208177/screenshot - {}
RESULT: {}
COMMAND: POST /session/f577365dd41b286ee97ac3b4ec208177/element - {"using":"xpath","value":"(//input[contains(@id ,\"-application-manageresources-display-component---newResourceUnit--RUTimeSegment-0-inner\")])[8]"}
RESULT: {"using":"xpath","value":"(//input[contains(@id ,\"-application-manageresources-display-component---newResourceUnit--RUTimeSegment-0-inner\")])[8]"}
COMMAND: POST /session/f577365dd41b286ee97ac3b4ec208177/element/f.A9BC9DC8BF39A612B42A5B0BE44A55ED.d.F4C8546869F4372C05CAFE486C343CC4.e.1840/clear - {}
RESULT: {}
COMMAND: POST /session/f577365dd41b286ee97ac3b4ec208177/element/f.A9BC9DC8BF39A612B42A5B0BE44A55ED.d.F4C8546869F4372C05CAFE486C343CC4.e.1840/value - {"text":"4000360"}
COMMAND: GET /session/f577365dd41b286ee97ac3b4ec208177/screenshot - {}
RESULT: {"text":"4000360"}
COMMAND: GET /session/f577365dd41b286ee97ac3b4ec208177/screenshot - {}
RESULT: {}
RESULT: {}
COMMAND: POST /session/f577365dd41b286ee97ac3b4ec208177/actions - {"actions":[{"id":"action8","type":"key","parameters":{},"actions":[{"type":"keyDown","value":"î€‡"},{"type":"pause","duration":10},{"type":"keyUp","value":"î€‡"}]}]}
RESULT: {"actions":[{"id":"action8","type":"key","parameters":{},"actions":[{"type":"keyDown","value":"î€‡"},{"type":"pause","duration":10},{"type":"keyUp","value":"î€‡"}]}]}
COMMAND: GET /session/f577365dd41b286ee97ac3b4ec208177/screenshot - {}
RESULT: {}
COMMAND: POST /session/f577365dd41b286ee97ac3b4ec208177/element - {"using":"xpath","value":"//input[contains(@id ,\"application-manageresources-display-component---newResourceUnit--newTimeSegmentFromDatePicker-application-manageresources-display-component---newResourceUnit--RUTimeSegment-0-inner\")]"}
RESULT: {"using":"xpath","value":"//input[contains(@id ,\"application-manageresources-display-component---newResourceUnit--newTimeSegmentFromDatePicker-application-manageresources-display-component---newResourceUnit--RUTimeSegment-0-inner\")]"}
COMMAND: POST /session/f577365dd41b286ee97ac3b4ec208177/element/f.A9BC9DC8BF39A612B42A5B0BE44A55ED.d.F4C8546869F4372C05CAFE486C343CC4.e.1828/clear - {}
RESULT: {}
COMMAND: POST /session/f577365dd41b286ee97ac3b4ec208177/element/f.A9BC9DC8BF39A612B42A5B0BE44A55ED.d.F4C8546869F4372C05CAFE486C343CC4.e.1828/clear - {}
COMMAND: GET /session/f577365dd41b286ee97ac3b4ec208177/screenshot - {}
RESULT: {}
COMMAND: POST /session/f577365dd41b286ee97ac3b4ec208177/element/f.A9BC9DC8BF39A612B42A5B0BE44A55ED.d.F4C8546869F4372C05CAFE486C343CC4.e.1828/value - {"text":"06/15/24"}
COMMAND: GET /session/f577365dd41b286ee97ac3b4ec208177/screenshot - {}
RESULT: {}
RESULT: {"text":"06/15/24"}
COMMAND: POST /session/f577365dd41b286ee97ac3b4ec208177/execute/async - {"script":"<script> [1562 bytes]","args":[{"selector":{"id":"application-manageresources-display-component---newResourceUnit--newRRUPage-anchBar-application-manageresources-display-component---newResourceUnit--resource-anchor","interaction":{"idSuffix":"BDI-content"}},"wdio_ui5_key":"applicationmanageresources-display-component---newResourceUnit--newRRUPage-anchBar-application-manageresources-display-component---newResourceUnit--resource-anchor"}]}
COMMAND: GET /session/f577365dd41b286ee97ac3b4ec208177/screenshot - {}
RESULT: {}
RESULT: {}
RESULT: {"script":"<script> [1562 bytes]","args":[{"selector":{"id":"application-manageresources-display-component---newResourceUnit--newRRUPage-anchBar-application-manageresources-display-component---newResourceUnit--resource-anchor","interaction":{"idSuffix":"BDI-content"}},"wdio_ui5_key":"applicationmanageresources-display-component---newResourceUnit--newRRUPage-anchBar-application-manageresources-display-component---newResourceUnit--resource-anchor"}]}
RESULT: undefined
COMMAND: POST /session/f577365dd41b286ee97ac3b4ec208177/element - {"using":"xpath","value":"//*[@id=\"application-manageresources-display-component---newResourceUnit--newRRUPage-anchBar-application-manageresources-display-component---newResourceUnit--resource-anchor\"]"}
RESULT: {"using":"xpath","value":"//*[@id=\"application-manageresources-display-component---newResourceUnit--newRRUPage-anchBar-application-manageresources-display-component---newResourceUnit--resource-anchor\"]"}
COMMAND: POST /session/f577365dd41b286ee97ac3b4ec208177/element/f.A9BC9DC8BF39A612B42A5B0BE44A55ED.d.F4C8546869F4372C05CAFE486C343CC4.e.1862/click - {}
RESULT: {}
COMMAND: POST /session/f577365dd41b286ee97ac3b4ec208177/execute/async - {"script":"<script> [1562 bytes]","args":[{"selector":{"id":"application-manageresources-display-component---newResourceUnit--PLANNED_DELIVERY_DATE","interaction":{"idSuffix":"inner"}},"wdio_ui5_key":"applicationmanageresources-display-component---newResourceUnit--PLANNED_DELIVERY_DATE"}]}
COMMAND: GET /session/f577365dd41b286ee97ac3b4ec208177/screenshot - {}
RESULT: {"script":"<script> [1562 bytes]","args":[{"selector":{"id":"application-manageresources-display-component---newResourceUnit--PLANNED_DELIVERY_DATE","interaction":{"idSuffix":"inner"}},"wdio_ui5_key":"applicationmanageresources-display-component---newResourceUnit--PLANNED_DELIVERY_DATE"}]}
RESULT: undefined
COMMAND: POST /session/f577365dd41b286ee97ac3b4ec208177/execute/async - {"script":"<script> [6424 bytes]","args":[{"element-6066-11e4-a52e-4f735466cecf":"f.A9BC9DC8BF39A612B42A5B0BE44A55ED.d.F4C8546869F4372C05CAFE486C343CC4.e.1709"},"setValue",["06/15/24"]]}
RESULT: {}
RESULT: {"script":"<script> [6424 bytes]","args":[{"element-6066-11e4-a52e-4f735466cecf":"f.A9BC9DC8BF39A612B42A5B0BE44A55ED.d.F4C8546869F4372C05CAFE486C343CC4.e.1709"},"setValue",["06/15/24"]]}
COMMAND: POST /session/f577365dd41b286ee97ac3b4ec208177/execute/async - {"script":"<script> [1562 bytes]","args":[{"selector":{"id":"application-manageresources-display-component---newResourceUnit--RETIRE_PLANNED_DATE","interaction":{"idSuffix":"inner"}},"wdio_ui5_key":"applicationmanageresources-display-component---newResourceUnit--RETIRE_PLANNED_DATE"}]}
RESULT: {"script":"<script> [1562 bytes]","args":[{"selector":{"id":"application-manageresources-display-component---newResourceUnit--RETIRE_PLANNED_DATE","interaction":{"idSuffix":"inner"}},"wdio_ui5_key":"applicationmanageresources-display-component---newResourceUnit--RETIRE_PLANNED_DATE"}]}
RESULT: undefined
COMMAND: POST /session/f577365dd41b286ee97ac3b4ec208177/execute/async - {"script":"<script> [776 bytes]","args":[{"enterText":"3/14/29","selector":{"id":"application-manageresources-display-component---newResourceUnit--RETIRE_PLANNED_DATE","interaction":{"idSuffix":"inner"}},"clearTextFirst":true,"interactionType":"ENTER_TEXT"}]}
RESULT: {"script":"<script> [776 bytes]","args":[{"enterText":"3/14/29","selector":{"id":"application-manageresources-display-component---newResourceUnit--RETIRE_PLANNED_DATE","interaction":{"idSuffix":"inner"}},"clearTextFirst":true,"interactionType":"ENTER_TEXT"}]}
RESULT: undefined
COMMAND: POST /session/f577365dd41b286ee97ac3b4ec208177/element - {"using":"xpath","value":"//*[@id=\"application-manageresources-display-component---newResourceUnit--createRuButton\"]"}
RESULT: {"using":"xpath","value":"//*[@id=\"application-manageresources-display-component---newResourceUnit--createRuButton\"]"}
COMMAND: POST /session/f577365dd41b286ee97ac3b4ec208177/element/f.A9BC9DC8BF39A612B42A5B0BE44A55ED.d.F4C8546869F4372C05CAFE486C343CC4.e.1567/click - {}
RESULT: {}
COMMAND: GET /session/f577365dd41b286ee97ac3b4ec208177/screenshot - {}
RESULT: {}
COMMAND: POST /session/f577365dd41b286ee97ac3b4ec208177/element - {"using":"xpath","value":"(//bdi[contains(text(), \"Close\")])[1]"}
RESULT: {"using":"xpath","value":"(//bdi[contains(text(), \"Close\")])[1]"}
COMMAND: POST /session/f577365dd41b286ee97ac3b4ec208177/element/f.A9BC9DC8BF39A612B42A5B0BE44A55ED.d.F4C8546869F4372C05CAFE486C343CC4.e.1871/click - {}
RESULT: {}
COMMAND: GET /session/f577365dd41b286ee97ac3b4ec208177/screenshot - {}
RESULT: {}
]]></system-out>
    </testcase>
    <testcase classname="chrome.136_0_7103_93.windows.Related_resources_for_groups_US139107" name="Should create one more equipment using copy function and add it to the group" time="77.211">
      <system-out><![CDATA[
COMMAND: POST /session/f577365dd41b286ee97ac3b4ec208177/element - {"using":"xpath","value":"//span[contains(@id ,\"actionsToolbar-overflowButton-img\")]"}
RESULT: {"using":"xpath","value":"//span[contains(@id ,\"actionsToolbar-overflowButton-img\")]"}
COMMAND: POST /session/f577365dd41b286ee97ac3b4ec208177/execute/sync - {"script":"<script> [8489 bytes]","args":[{"element-6066-11e4-a52e-4f735466cecf":"f.A9BC9DC8BF39A612B42A5B0BE44A55ED.d.F4C8546869F4372C05CAFE486C343CC4.e.1939","ELEMENT":"f.A9BC9DC8BF39A612B42A5B0BE44A55ED.d.F4C8546869F4372C05CAFE486C343CC4.e.1939"}]}
RESULT: {"script":"<script> [8489 bytes]","args":[{"element-6066-11e4-a52e-4f735466cecf":"f.A9BC9DC8BF39A612B42A5B0BE44A55ED.d.F4C8546869F4372C05CAFE486C343CC4.e.1939","ELEMENT":"f.A9BC9DC8BF39A612B42A5B0BE44A55ED.d.F4C8546869F4372C05CAFE486C343CC4.e.1939"}]}
COMMAND: POST /session/f577365dd41b286ee97ac3b4ec208177/execute/sync - {"script":"<script> [5351 bytes]","args":[{"element-6066-11e4-a52e-4f735466cecf":"f.A9BC9DC8BF39A612B42A5B0BE44A55ED.d.F4C8546869F4372C05CAFE486C343CC4.e.1939","ELEMENT":"f.A9BC9DC8BF39A612B42A5B0BE44A55ED.d.F4C8546869F4372C05CAFE486C343CC4.e.1939"}]}
COMMAND: GET /session/f577365dd41b286ee97ac3b4ec208177/screenshot - {}
RESULT: {"script":"<script> [5351 bytes]","args":[{"element-6066-11e4-a52e-4f735466cecf":"f.A9BC9DC8BF39A612B42A5B0BE44A55ED.d.F4C8546869F4372C05CAFE486C343CC4.e.1939","ELEMENT":"f.A9BC9DC8BF39A612B42A5B0BE44A55ED.d.F4C8546869F4372C05CAFE486C343CC4.e.1939"}]}
COMMAND: GET /session/f577365dd41b286ee97ac3b4ec208177/screenshot - {}
COMMAND: POST /session/f577365dd41b286ee97ac3b4ec208177/execute/sync - {"script":"<script> [8489 bytes]","args":[{"element-6066-11e4-a52e-4f735466cecf":"f.A9BC9DC8BF39A612B42A5B0BE44A55ED.d.F4C8546869F4372C05CAFE486C343CC4.e.1939","ELEMENT":"f.A9BC9DC8BF39A612B42A5B0BE44A55ED.d.F4C8546869F4372C05CAFE486C343CC4.e.1939"}]}
RESULT: {}
RESULT: {}
COMMAND: POST /session/f577365dd41b286ee97ac3b4ec208177/element - {"using":"xpath","value":"//span[contains(@id ,\"actionsToolbar-overflowButton-img\")]"}
RESULT: {"using":"xpath","value":"//span[contains(@id ,\"actionsToolbar-overflowButton-img\")]"}
COMMAND: POST /session/f577365dd41b286ee97ac3b4ec208177/execute/sync - {"script":"<script> [8489 bytes]","args":[{"element-6066-11e4-a52e-4f735466cecf":"f.A9BC9DC8BF39A612B42A5B0BE44A55ED.d.F4C8546869F4372C05CAFE486C343CC4.e.1944","ELEMENT":"f.A9BC9DC8BF39A612B42A5B0BE44A55ED.d.F4C8546869F4372C05CAFE486C343CC4.e.1944"}]}
RESULT: {"script":"<script> [8489 bytes]","args":[{"element-6066-11e4-a52e-4f735466cecf":"f.A9BC9DC8BF39A612B42A5B0BE44A55ED.d.F4C8546869F4372C05CAFE486C343CC4.e.1944","ELEMENT":"f.A9BC9DC8BF39A612B42A5B0BE44A55ED.d.F4C8546869F4372C05CAFE486C343CC4.e.1944"}]}
COMMAND: POST /session/f577365dd41b286ee97ac3b4ec208177/execute/sync - {"script":"<script> [5351 bytes]","args":[{"element-6066-11e4-a52e-4f735466cecf":"f.A9BC9DC8BF39A612B42A5B0BE44A55ED.d.F4C8546869F4372C05CAFE486C343CC4.e.1944","ELEMENT":"f.A9BC9DC8BF39A612B42A5B0BE44A55ED.d.F4C8546869F4372C05CAFE486C343CC4.e.1944"}]}
COMMAND: GET /session/f577365dd41b286ee97ac3b4ec208177/screenshot - {}
RESULT: {"script":"<script> [5351 bytes]","args":[{"element-6066-11e4-a52e-4f735466cecf":"f.A9BC9DC8BF39A612B42A5B0BE44A55ED.d.F4C8546869F4372C05CAFE486C343CC4.e.1944","ELEMENT":"f.A9BC9DC8BF39A612B42A5B0BE44A55ED.d.F4C8546869F4372C05CAFE486C343CC4.e.1944"}]}
COMMAND: POST /session/f577365dd41b286ee97ac3b4ec208177/element/f.A9BC9DC8BF39A612B42A5B0BE44A55ED.d.F4C8546869F4372C05CAFE486C343CC4.e.1944/click - {}
COMMAND: GET /session/f577365dd41b286ee97ac3b4ec208177/screenshot - {}
RESULT: {}
RESULT: {}
COMMAND: GET /session/f577365dd41b286ee97ac3b4ec208177/screenshot - {}
RESULT: {}
RESULT: {}
COMMAND: POST /session/f577365dd41b286ee97ac3b4ec208177/execute/async - {"script":"<script> [1562 bytes]","args":[{"selector":{"controlType":"sap.m.Button","viewName":"etm.portal.ui.manageresources.view.Detail","viewId":"application-manageresources-display-component---detailRU","i18NText":{"propertyName":"text","key":"copy"},"interaction":{"idSuffix":"BDI-content"}},"wdio_ui5_key":"etmportal.ui.manageresources.view.Detailsap.m.Button{\"propertyName\":\"text\",\"key\":\"copy\"}"}]}
RESULT: {"script":"<script> [1562 bytes]","args":[{"selector":{"controlType":"sap.m.Button","viewName":"etm.portal.ui.manageresources.view.Detail","viewId":"application-manageresources-display-component---detailRU","i18NText":{"propertyName":"text","key":"copy"},"interaction":{"idSuffix":"BDI-content"}},"wdio_ui5_key":"etmportal.ui.manageresources.view.Detailsap.m.Button{\"propertyName\":\"text\",\"key\":\"copy\"}"}]}
RESULT: undefined
COMMAND: POST /session/f577365dd41b286ee97ac3b4ec208177/element - {"using":"xpath","value":"//*[@id=\"__button31\"]"}
RESULT: {"using":"xpath","value":"//*[@id=\"__button31\"]"}
COMMAND: POST /session/f577365dd41b286ee97ac3b4ec208177/element/f.A9BC9DC8BF39A612B42A5B0BE44A55ED.d.F4C8546869F4372C05CAFE486C343CC4.e.1948/click - {}
RESULT: {}
COMMAND: GET /session/f577365dd41b286ee97ac3b4ec208177/screenshot - {}
RESULT: {}
COMMAND: POST /session/f577365dd41b286ee97ac3b4ec208177/execute/async - {"script":"<script> [1562 bytes]","args":[{"selector":{"controlType":"sap.m.Button","viewName":"etm.portal.ui.manageresources.view.Detail","viewId":"application-manageresources-display-component---detailRU","i18NText":{"propertyName":"text","key":"selectAll"},"searchOpenDialogs":true,"interaction":{"idSuffix":"BDI-content"}},"wdio_ui5_key":"etmportal.ui.manageresources.view.Detailsap.m.Button{\"propertyName\":\"text\",\"key\":\"selectAll\"}"}]}
RESULT: {"script":"<script> [1562 bytes]","args":[{"selector":{"controlType":"sap.m.Button","viewName":"etm.portal.ui.manageresources.view.Detail","viewId":"application-manageresources-display-component---detailRU","i18NText":{"propertyName":"text","key":"selectAll"},"searchOpenDialogs":true,"interaction":{"idSuffix":"BDI-content"}},"wdio_ui5_key":"etmportal.ui.manageresources.view.Detailsap.m.Button{\"propertyName\":\"text\",\"key\":\"selectAll\"}"}]}
RESULT: undefined
COMMAND: POST /session/f577365dd41b286ee97ac3b4ec208177/element - {"using":"xpath","value":"//*[@id=\"__button79\"]"}
RESULT: {"using":"xpath","value":"//*[@id=\"__button79\"]"}
COMMAND: POST /session/f577365dd41b286ee97ac3b4ec208177/element/f.A9BC9DC8BF39A612B42A5B0BE44A55ED.d.F4C8546869F4372C05CAFE486C343CC4.e.1949/click - {}
RESULT: {}
COMMAND: GET /session/f577365dd41b286ee97ac3b4ec208177/screenshot - {}
RESULT: {}
COMMAND: POST /session/f577365dd41b286ee97ac3b4ec208177/execute/async - {"script":"<script> [1562 bytes]","args":[{"selector":{"controlType":"sap.m.Button","viewName":"etm.portal.ui.manageresources.view.Detail","viewId":"application-manageresources-display-component---detailRU","i18NText":{"propertyName":"text","key":"confirm"},"searchOpenDialogs":true,"interaction":{"idSuffix":"content"}},"wdio_ui5_key":"etmportal.ui.manageresources.view.Detailsap.m.Button{\"propertyName\":\"text\",\"key\":\"confirm\"}"}]}
RESULT: {"script":"<script> [1562 bytes]","args":[{"selector":{"controlType":"sap.m.Button","viewName":"etm.portal.ui.manageresources.view.Detail","viewId":"application-manageresources-display-component---detailRU","i18NText":{"propertyName":"text","key":"confirm"},"searchOpenDialogs":true,"interaction":{"idSuffix":"content"}},"wdio_ui5_key":"etmportal.ui.manageresources.view.Detailsap.m.Button{\"propertyName\":\"text\",\"key\":\"confirm\"}"}]}
RESULT: undefined
COMMAND: POST /session/f577365dd41b286ee97ac3b4ec208177/element - {"using":"xpath","value":"//*[@id=\"__button80\"]"}
RESULT: {"using":"xpath","value":"//*[@id=\"__button80\"]"}
COMMAND: POST /session/f577365dd41b286ee97ac3b4ec208177/element/f.A9BC9DC8BF39A612B42A5B0BE44A55ED.d.F4C8546869F4372C05CAFE486C343CC4.e.1973/click - {}
RESULT: {}
COMMAND: GET /session/f577365dd41b286ee97ac3b4ec208177/screenshot - {}
RESULT: {}
COMMAND: POST /session/f577365dd41b286ee97ac3b4ec208177/element - {"using":"xpath","value":"(//span[contains(@id ,\"expandBtn-inner\")])[2]"}
RESULT: {"using":"xpath","value":"(//span[contains(@id ,\"expandBtn-inner\")])[2]"}
COMMAND: POST /session/f577365dd41b286ee97ac3b4ec208177/element/f.A9BC9DC8BF39A612B42A5B0BE44A55ED.d.F4C8546869F4372C05CAFE486C343CC4.e.1988/click - {}
RESULT: {}
COMMAND: GET /session/f577365dd41b286ee97ac3b4ec208177/screenshot - {}
RESULT: {}
COMMAND: POST /session/f577365dd41b286ee97ac3b4ec208177/element - {"using":"xpath","value":"//input[contains(@id ,\"application-manageresources-display-component---newResourceUnit--resourceId-inner\")]"}
RESULT: {"using":"xpath","value":"//input[contains(@id ,\"application-manageresources-display-component---newResourceUnit--resourceId-inner\")]"}
COMMAND: POST /session/f577365dd41b286ee97ac3b4ec208177/element/f.A9BC9DC8BF39A612B42A5B0BE44A55ED.d.F4C8546869F4372C05CAFE486C343CC4.e.1674/clear - {}
RESULT: {}
COMMAND: POST /session/f577365dd41b286ee97ac3b4ec208177/element/f.A9BC9DC8BF39A612B42A5B0BE44A55ED.d.F4C8546869F4372C05CAFE486C343CC4.e.1674/value - {"text":"WdIORUEquip2komrx"}
COMMAND: GET /session/f577365dd41b286ee97ac3b4ec208177/screenshot - {}
RESULT: {"text":"WdIORUEquip2komrx"}
COMMAND: POST /session/f577365dd41b286ee97ac3b4ec208177/element - {"using":"xpath","value":"//input[contains(@id ,\"application-manageresources-display-component---newResourceUnit--SHORT_TEXT-inner\")]"}
COMMAND: GET /session/f577365dd41b286ee97ac3b4ec208177/screenshot - {}
RESULT: {}
RESULT: {"using":"xpath","value":"//input[contains(@id ,\"application-manageresources-display-component---newResourceUnit--SHORT_TEXT-inner\")]"}
COMMAND: POST /session/f577365dd41b286ee97ac3b4ec208177/element/f.A9BC9DC8BF39A612B42A5B0BE44A55ED.d.F4C8546869F4372C05CAFE486C343CC4.e.1675/clear - {}
RESULT: {}
RESULT: {}
COMMAND: POST /session/f577365dd41b286ee97ac3b4ec208177/element/f.A9BC9DC8BF39A612B42A5B0BE44A55ED.d.F4C8546869F4372C05CAFE486C343CC4.e.1675/clear - {}
COMMAND: GET /session/f577365dd41b286ee97ac3b4ec208177/screenshot - {}
RESULT: {}
COMMAND: POST /session/f577365dd41b286ee97ac3b4ec208177/element/f.A9BC9DC8BF39A612B42A5B0BE44A55ED.d.F4C8546869F4372C05CAFE486C343CC4.e.1675/value - {"text":"WdIORUEquip2komrx"}
COMMAND: GET /session/f577365dd41b286ee97ac3b4ec208177/screenshot - {}
RESULT: {}
RESULT: {"text":"WdIORUEquip2komrx"}
COMMAND: POST /session/f577365dd41b286ee97ac3b4ec208177/element - {"using":"xpath","value":"//bdi[contains(text(), \"Time Segment\")]"}
COMMAND: GET /session/f577365dd41b286ee97ac3b4ec208177/screenshot - {}
RESULT: {}
RESULT: {"using":"xpath","value":"//bdi[contains(text(), \"Time Segment\")]"}
COMMAND: GET /session/f577365dd41b286ee97ac3b4ec208177/element/f.A9BC9DC8BF39A612B42A5B0BE44A55ED.d.F4C8546869F4372C05CAFE486C343CC4.e.1814/rect - {}
RESULT: {}
RESULT: {}
COMMAND: GET /session/f577365dd41b286ee97ac3b4ec208177/window/rect - {}
RESULT: {}
COMMAND: POST /session/f577365dd41b286ee97ac3b4ec208177/execute/sync - {"script":"<script> [92 bytes]","args":[]}
RESULT: {"script":"<script> [92 bytes]","args":[]}
COMMAND: POST /session/f577365dd41b286ee97ac3b4ec208177/actions - {"actions":[{"id":"action9","type":"wheel","parameters":{},"actions":[{"type":"scroll","x":-1820,"y":1110,"deltaX":0,"deltaY":0,"duration":0,"origin":{"element-6066-11e4-a52e-4f735466cecf":"f.A9BC9DC8BF39A612B42A5B0BE44A55ED.d.F4C8546869F4372C05CAFE486C343CC4.e.1814"}}]}]}
COMMAND: GET /session/f577365dd41b286ee97ac3b4ec208177/screenshot - {}
RESULT: {}
COMMAND: POST /session/f577365dd41b286ee97ac3b4ec208177/execute/sync - {"script":"<script> [79 bytes]","args":[{"element-6066-11e4-a52e-4f735466cecf":"f.A9BC9DC8BF39A612B42A5B0BE44A55ED.d.F4C8546869F4372C05CAFE486C343CC4.e.1814","ELEMENT":"f.A9BC9DC8BF39A612B42A5B0BE44A55ED.d.F4C8546869F4372C05CAFE486C343CC4.e.1814"},{"block":"start","inline":"nearest"}]}
RESULT: {"script":"<script> [79 bytes]","args":[{"element-6066-11e4-a52e-4f735466cecf":"f.A9BC9DC8BF39A612B42A5B0BE44A55ED.d.F4C8546869F4372C05CAFE486C343CC4.e.1814","ELEMENT":"f.A9BC9DC8BF39A612B42A5B0BE44A55ED.d.F4C8546869F4372C05CAFE486C343CC4.e.1814"},{"block":"start","inline":"nearest"}]}
COMMAND: GET /session/f577365dd41b286ee97ac3b4ec208177/screenshot - {}
RESULT: {}
COMMAND: POST /session/f577365dd41b286ee97ac3b4ec208177/element - {"using":"xpath","value":"//input[@id=\"application-manageresources-display-component---newResourceUnit--idRuTSAdmin-application-manageresources-display-component---newResourceUnit--RUTimeSegment-0-inner\"]"}
RESULT: {"using":"xpath","value":"//input[@id=\"application-manageresources-display-component---newResourceUnit--idRuTSAdmin-application-manageresources-display-component---newResourceUnit--RUTimeSegment-0-inner\"]"}
COMMAND: POST /session/f577365dd41b286ee97ac3b4ec208177/element/f.A9BC9DC8BF39A612B42A5B0BE44A55ED.d.F4C8546869F4372C05CAFE486C343CC4.e.1821/clear - {}
RESULT: {}
COMMAND: POST /session/f577365dd41b286ee97ac3b4ec208177/element/f.A9BC9DC8BF39A612B42A5B0BE44A55ED.d.F4C8546869F4372C05CAFE486C343CC4.e.1821/value - {"text":"WebdriverYardbkzs5"}
COMMAND: GET /session/f577365dd41b286ee97ac3b4ec208177/screenshot - {}
RESULT: {"text":"WebdriverYardbkzs5"}
COMMAND: GET /session/f577365dd41b286ee97ac3b4ec208177/screenshot - {}
RESULT: {}
RESULT: {}
COMMAND: POST /session/f577365dd41b286ee97ac3b4ec208177/actions - {"actions":[{"id":"action10","type":"key","parameters":{},"actions":[{"type":"keyDown","value":"î€‡"},{"type":"pause","duration":10},{"type":"keyUp","value":"î€‡"}]}]}
RESULT: {"actions":[{"id":"action10","type":"key","parameters":{},"actions":[{"type":"keyDown","value":"î€‡"},{"type":"pause","duration":10},{"type":"keyUp","value":"î€‡"}]}]}
COMMAND: GET /session/f577365dd41b286ee97ac3b4ec208177/screenshot - {}
RESULT: {}
RESULT: undefined
COMMAND: POST /session/f577365dd41b286ee97ac3b4ec208177/element - {"using":"xpath","value":"//*[@id=\"__box5-application-manageresources-display-component---newResourceUnit--RUTimeSegment-0-arrow\"]"}
RESULT: {"using":"xpath","value":"//*[@id=\"__box5-application-manageresources-display-component---newResourceUnit--RUTimeSegment-0-arrow\"]"}
COMMAND: POST /session/f577365dd41b286ee97ac3b4ec208177/element/f.A9BC9DC8BF39A612B42A5B0BE44A55ED.d.F4C8546869F4372C05CAFE486C343CC4.e.1833/click - {}
RESULT: {}
COMMAND: GET /session/f577365dd41b286ee97ac3b4ec208177/screenshot - {}
RESULT: {}
COMMAND: POST /session/f577365dd41b286ee97ac3b4ec208177/element - {"using":"xpath","value":"//span[contains(@id ,\"titleText\")][contains(text(), \"PM Order\")]"}
RESULT: {"using":"xpath","value":"//span[contains(@id ,\"titleText\")][contains(text(), \"PM Order\")]"}
COMMAND: POST /session/f577365dd41b286ee97ac3b4ec208177/element/f.A9BC9DC8BF39A612B42A5B0BE44A55ED.d.F4C8546869F4372C05CAFE486C343CC4.e.2061/click - {}
RESULT: {}
COMMAND: GET /session/f577365dd41b286ee97ac3b4ec208177/screenshot - {}
RESULT: {}
COMMAND: POST /session/f577365dd41b286ee97ac3b4ec208177/element - {"using":"xpath","value":"(//input[contains(@id ,\"-application-manageresources-display-component---newResourceUnit--RUTimeSegment-0-inner\")])[8]"}
RESULT: {"using":"xpath","value":"(//input[contains(@id ,\"-application-manageresources-display-component---newResourceUnit--RUTimeSegment-0-inner\")])[8]"}
COMMAND: POST /session/f577365dd41b286ee97ac3b4ec208177/element/f.A9BC9DC8BF39A612B42A5B0BE44A55ED.d.F4C8546869F4372C05CAFE486C343CC4.e.2064/clear - {}
RESULT: {}
COMMAND: POST /session/f577365dd41b286ee97ac3b4ec208177/element/f.A9BC9DC8BF39A612B42A5B0BE44A55ED.d.F4C8546869F4372C05CAFE486C343CC4.e.2064/value - {"text":"4000360"}
COMMAND: GET /session/f577365dd41b286ee97ac3b4ec208177/screenshot - {}
RESULT: {"text":"4000360"}
COMMAND: GET /session/f577365dd41b286ee97ac3b4ec208177/screenshot - {}
RESULT: {}
RESULT: {}
COMMAND: POST /session/f577365dd41b286ee97ac3b4ec208177/actions - {"actions":[{"id":"action11","type":"key","parameters":{},"actions":[{"type":"keyDown","value":"î€‡"},{"type":"pause","duration":10},{"type":"keyUp","value":"î€‡"}]}]}
RESULT: {"actions":[{"id":"action11","type":"key","parameters":{},"actions":[{"type":"keyDown","value":"î€‡"},{"type":"pause","duration":10},{"type":"keyUp","value":"î€‡"}]}]}
COMMAND: GET /session/f577365dd41b286ee97ac3b4ec208177/screenshot - {}
RESULT: {}
RESULT: undefined
COMMAND: POST /session/f577365dd41b286ee97ac3b4ec208177/element - {"using":"xpath","value":"//*[@id=\"application-manageresources-display-component---newResourceUnit--createRuButton\"]"}
RESULT: {"using":"xpath","value":"//*[@id=\"application-manageresources-display-component---newResourceUnit--createRuButton\"]"}
COMMAND: POST /session/f577365dd41b286ee97ac3b4ec208177/element/f.A9BC9DC8BF39A612B42A5B0BE44A55ED.d.F4C8546869F4372C05CAFE486C343CC4.e.1567/click - {}
RESULT: {}
COMMAND: GET /session/f577365dd41b286ee97ac3b4ec208177/screenshot - {}
RESULT: {}
COMMAND: POST /session/f577365dd41b286ee97ac3b4ec208177/element - {"using":"xpath","value":"(//bdi[contains(text(), \"Close\")])[1]"}
RESULT: {"using":"xpath","value":"(//bdi[contains(text(), \"Close\")])[1]"}
COMMAND: POST /session/f577365dd41b286ee97ac3b4ec208177/element/f.A9BC9DC8BF39A612B42A5B0BE44A55ED.d.F4C8546869F4372C05CAFE486C343CC4.e.2084/click - {}
RESULT: {}
COMMAND: GET /session/f577365dd41b286ee97ac3b4ec208177/screenshot - {}
RESULT: {}
RESULT: undefined
]]></system-out>
    </testcase>
    <testcase classname="chrome.136_0_7103_93.windows.Related_resources_for_groups_US139107" name="Should verify the Yard Overview hyperlinks in related resource" time="129.717">
      <system-out><![CDATA[
COMMAND: POST /session/f577365dd41b286ee97ac3b4ec208177/execute/async - {"script":"<script> [1562 bytes]","args":[{"selector":{"controlType":"sap.ui.core.Icon","viewName":"etm.portal.ui.manageresources.view.Detail","viewId":"application-manageresources-display-component---detailRU","properties":{"src":{"regex":{"source":"decline"}}}},"wdio_ui5_key":"etmportal.ui.manageresources.view.Detailsap.ui.core.Icon{\"src\":{\"regex\":{\"source\":\"decline\"}}}"}]}
RESULT: {"script":"<script> [1562 bytes]","args":[{"selector":{"controlType":"sap.ui.core.Icon","viewName":"etm.portal.ui.manageresources.view.Detail","viewId":"application-manageresources-display-component---detailRU","properties":{"src":{"regex":{"source":"decline"}}}},"wdio_ui5_key":"etmportal.ui.manageresources.view.Detailsap.ui.core.Icon{\"src\":{\"regex\":{\"source\":\"decline\"}}}"}]}
RESULT: undefined
COMMAND: POST /session/f577365dd41b286ee97ac3b4ec208177/element - {"using":"xpath","value":"//input[contains(@id ,\"application-manageresources-display-component---masterRU--smartFilterBar-btnBasicSearch-I\")]"}
RESULT: {"using":"xpath","value":"//input[contains(@id ,\"application-manageresources-display-component---masterRU--smartFilterBar-btnBasicSearch-I\")]"}
COMMAND: POST /session/f577365dd41b286ee97ac3b4ec208177/element/f.A9BC9DC8BF39A612B42A5B0BE44A55ED.d.F4C8546869F4372C05CAFE486C343CC4.e.1208/value - {"text":"WdIORUGroup0gp3j"}
RESULT: {"text":"WdIORUGroup0gp3j"}
COMMAND: GET /session/f577365dd41b286ee97ac3b4ec208177/screenshot - {}
RESULT: {}
COMMAND: POST /session/f577365dd41b286ee97ac3b4ec208177/actions - {"actions":[{"id":"action12","type":"key","parameters":{},"actions":[{"type":"keyDown","value":"î€‡"},{"type":"pause","duration":10},{"type":"keyUp","value":"î€‡"}]}]}
RESULT: {"actions":[{"id":"action12","type":"key","parameters":{},"actions":[{"type":"keyDown","value":"î€‡"},{"type":"pause","duration":10},{"type":"keyUp","value":"î€‡"}]}]}
COMMAND: GET /session/f577365dd41b286ee97ac3b4ec208177/screenshot - {}
RESULT: {}
COMMAND: POST /session/f577365dd41b286ee97ac3b4ec208177/execute/async - {"script":"<script> [1562 bytes]","args":[{"selector":{"controlType":"sap.ui.core.Icon","viewName":"etm.portal.ui.manageresources.view.Master","viewId":"application-manageresources-display-component---masterRU","properties":{"src":{"regex":{"source":"slim\\-arrow\\-right"}}}},"wdio_ui5_key":"etmportal.ui.manageresources.view.Mastersap.ui.core.Icon{\"src\":{\"regex\":{\"source\":\"slim\\\\-arrow\\\\-right\"}}}"}]}
RESULT: {"script":"<script> [1562 bytes]","args":[{"selector":{"controlType":"sap.ui.core.Icon","viewName":"etm.portal.ui.manageresources.view.Master","viewId":"application-manageresources-display-component---masterRU","properties":{"src":{"regex":{"source":"slim\\-arrow\\-right"}}}},"wdio_ui5_key":"etmportal.ui.manageresources.view.Mastersap.ui.core.Icon{\"src\":{\"regex\":{\"source\":\"slim\\\\-arrow\\\\-right\"}}}"}]}
RESULT: undefined
COMMAND: POST /session/f577365dd41b286ee97ac3b4ec208177/element - {"using":"xpath","value":"//*[@id=\"__item35-__clone109-imgNav\"]"}
RESULT: {"using":"xpath","value":"//*[@id=\"__item35-__clone109-imgNav\"]"}
COMMAND: POST /session/f577365dd41b286ee97ac3b4ec208177/element/f.A9BC9DC8BF39A612B42A5B0BE44A55ED.d.F4C8546869F4372C05CAFE486C343CC4.e.1380/click - {}
RESULT: {}
COMMAND: GET /session/f577365dd41b286ee97ac3b4ec208177/screenshot - {}
RESULT: {}
COMMAND: POST /session/f577365dd41b286ee97ac3b4ec208177/element - {"using":"xpath","value":"//bdi[contains(@id ,\"application-manageresources-display-component---detailRU--openRelatedRus-BDI-content\")]"}
RESULT: {"using":"xpath","value":"//bdi[contains(@id ,\"application-manageresources-display-component---detailRU--openRelatedRus-BDI-content\")]"}
COMMAND: POST /session/f577365dd41b286ee97ac3b4ec208177/execute/sync - {"script":"<script> [8489 bytes]","args":[{"element-6066-11e4-a52e-4f735466cecf":"f.A9BC9DC8BF39A612B42A5B0BE44A55ED.d.F4C8546869F4372C05CAFE486C343CC4.e.2122","ELEMENT":"f.A9BC9DC8BF39A612B42A5B0BE44A55ED.d.F4C8546869F4372C05CAFE486C343CC4.e.2122"}]}
RESULT: {"script":"<script> [8489 bytes]","args":[{"element-6066-11e4-a52e-4f735466cecf":"f.A9BC9DC8BF39A612B42A5B0BE44A55ED.d.F4C8546869F4372C05CAFE486C343CC4.e.2122","ELEMENT":"f.A9BC9DC8BF39A612B42A5B0BE44A55ED.d.F4C8546869F4372C05CAFE486C343CC4.e.2122"}]}
COMMAND: POST /session/f577365dd41b286ee97ac3b4ec208177/execute/sync - {"script":"<script> [5351 bytes]","args":[{"element-6066-11e4-a52e-4f735466cecf":"f.A9BC9DC8BF39A612B42A5B0BE44A55ED.d.F4C8546869F4372C05CAFE486C343CC4.e.2122","ELEMENT":"f.A9BC9DC8BF39A612B42A5B0BE44A55ED.d.F4C8546869F4372C05CAFE486C343CC4.e.2122"}]}
COMMAND: GET /session/f577365dd41b286ee97ac3b4ec208177/screenshot - {}
RESULT: {"script":"<script> [5351 bytes]","args":[{"element-6066-11e4-a52e-4f735466cecf":"f.A9BC9DC8BF39A612B42A5B0BE44A55ED.d.F4C8546869F4372C05CAFE486C343CC4.e.2122","ELEMENT":"f.A9BC9DC8BF39A612B42A5B0BE44A55ED.d.F4C8546869F4372C05CAFE486C343CC4.e.2122"}]}
COMMAND: POST /session/f577365dd41b286ee97ac3b4ec208177/element/f.A9BC9DC8BF39A612B42A5B0BE44A55ED.d.F4C8546869F4372C05CAFE486C343CC4.e.2122/click - {}
COMMAND: GET /session/f577365dd41b286ee97ac3b4ec208177/screenshot - {}
RESULT: {}
RESULT: {}
COMMAND: GET /session/f577365dd41b286ee97ac3b4ec208177/screenshot - {}
RESULT: {}
RESULT: {}
COMMAND: POST /session/f577365dd41b286ee97ac3b4ec208177/element - {"using":"xpath","value":"//*[contains(@data-kt ,\"openRUIdMenuLink\")]"}
RESULT: {"using":"xpath","value":"//*[contains(@data-kt ,\"openRUIdMenuLink\")]"}
COMMAND: POST /session/f577365dd41b286ee97ac3b4ec208177/execute/sync - {"script":"<script> [8489 bytes]","args":[{"element-6066-11e4-a52e-4f735466cecf":"f.A9BC9DC8BF39A612B42A5B0BE44A55ED.d.F4C8546869F4372C05CAFE486C343CC4.e.2128","ELEMENT":"f.A9BC9DC8BF39A612B42A5B0BE44A55ED.d.F4C8546869F4372C05CAFE486C343CC4.e.2128"}]}
RESULT: {"script":"<script> [8489 bytes]","args":[{"element-6066-11e4-a52e-4f735466cecf":"f.A9BC9DC8BF39A612B42A5B0BE44A55ED.d.F4C8546869F4372C05CAFE486C343CC4.e.2128","ELEMENT":"f.A9BC9DC8BF39A612B42A5B0BE44A55ED.d.F4C8546869F4372C05CAFE486C343CC4.e.2128"}]}
COMMAND: POST /session/f577365dd41b286ee97ac3b4ec208177/execute/sync - {"script":"<script> [5351 bytes]","args":[{"element-6066-11e4-a52e-4f735466cecf":"f.A9BC9DC8BF39A612B42A5B0BE44A55ED.d.F4C8546869F4372C05CAFE486C343CC4.e.2128","ELEMENT":"f.A9BC9DC8BF39A612B42A5B0BE44A55ED.d.F4C8546869F4372C05CAFE486C343CC4.e.2128"}]}
COMMAND: GET /session/f577365dd41b286ee97ac3b4ec208177/screenshot - {}
RESULT: {"script":"<script> [5351 bytes]","args":[{"element-6066-11e4-a52e-4f735466cecf":"f.A9BC9DC8BF39A612B42A5B0BE44A55ED.d.F4C8546869F4372C05CAFE486C343CC4.e.2128","ELEMENT":"f.A9BC9DC8BF39A612B42A5B0BE44A55ED.d.F4C8546869F4372C05CAFE486C343CC4.e.2128"}]}
COMMAND: POST /session/f577365dd41b286ee97ac3b4ec208177/execute/async - {"script":"<script> [1562 bytes]","args":[{"selector":{"id":"RelatedRUsFragmentID--smartTableRUs-header","searchOpenDialogs":true},"wdio_ui5_key":"RelatedRUsFragmentIDsmartTableRUs-header"}]}
COMMAND: GET /session/f577365dd41b286ee97ac3b4ec208177/screenshot - {}
RESULT: {}
RESULT: {"script":"<script> [1562 bytes]","args":[{"selector":{"id":"RelatedRUsFragmentID--smartTableRUs-header","searchOpenDialogs":true},"wdio_ui5_key":"RelatedRUsFragmentIDsmartTableRUs-header"}]}
RESULT: undefined
COMMAND: POST /session/f577365dd41b286ee97ac3b4ec208177/execute/async - {"script":"<script> [6424 bytes]","args":[{"element-6066-11e4-a52e-4f735466cecf":"f.A9BC9DC8BF39A612B42A5B0BE44A55ED.d.F4C8546869F4372C05CAFE486C343CC4.e.2129"},"getText",[]]}
RESULT: {}
RESULT: {"script":"<script> [6424 bytes]","args":[{"element-6066-11e4-a52e-4f735466cecf":"f.A9BC9DC8BF39A612B42A5B0BE44A55ED.d.F4C8546869F4372C05CAFE486C343CC4.e.2129"},"getText",[]]}
COMMAND: POST /session/f577365dd41b286ee97ac3b4ec208177/element/f.A9BC9DC8BF39A612B42A5B0BE44A55ED.d.F4C8546869F4372C05CAFE486C343CC4.e.2128/click - {}
RESULT: {}
COMMAND: GET /session/f577365dd41b286ee97ac3b4ec208177/screenshot - {}
RESULT: {}
COMMAND: POST /session/f577365dd41b286ee97ac3b4ec208177/element - {"using":"xpath","value":"//*[contains(@data-kt ,\"ContextMenuId2Link\")][contains(text(), \"RU Overview\")]"}
RESULT: {"using":"xpath","value":"//*[contains(@data-kt ,\"ContextMenuId2Link\")][contains(text(), \"RU Overview\")]"}
COMMAND: POST /session/f577365dd41b286ee97ac3b4ec208177/execute/sync - {"script":"<script> [8489 bytes]","args":[{"element-6066-11e4-a52e-4f735466cecf":"f.A9BC9DC8BF39A612B42A5B0BE44A55ED.d.F4C8546869F4372C05CAFE486C343CC4.e.2131","ELEMENT":"f.A9BC9DC8BF39A612B42A5B0BE44A55ED.d.F4C8546869F4372C05CAFE486C343CC4.e.2131"}]}
COMMAND: POST /session/f577365dd41b286ee97ac3b4ec208177/element/f.A9BC9DC8BF39A612B42A5B0BE44A55ED.d.F4C8546869F4372C05CAFE486C343CC4.e.2131/click - {}
RESULT: {"script":"<script> [8489 bytes]","args":[{"element-6066-11e4-a52e-4f735466cecf":"f.A9BC9DC8BF39A612B42A5B0BE44A55ED.d.F4C8546869F4372C05CAFE486C343CC4.e.2131","ELEMENT":"f.A9BC9DC8BF39A612B42A5B0BE44A55ED.d.F4C8546869F4372C05CAFE486C343CC4.e.2131"}]}
COMMAND: GET /session/f577365dd41b286ee97ac3b4ec208177/screenshot - {}
RESULT: {}
COMMAND: GET /session/f577365dd41b286ee97ac3b4ec208177/screenshot - {}
RESULT: {}
RESULT: {}
COMMAND: POST /session/f577365dd41b286ee97ac3b4ec208177/execute/async - {"script":"<script> [1562 bytes]","args":[{"selector":{"id":"shellAppTitle"},"wdio_ui5_key":"shellAppTitle"}]}
RESULT: {"script":"<script> [1562 bytes]","args":[{"selector":{"id":"shellAppTitle"},"wdio_ui5_key":"shellAppTitle"}]}
RESULT: undefined
COMMAND: POST /session/f577365dd41b286ee97ac3b4ec208177/execute/async - {"script":"<script> [6424 bytes]","args":[{"element-6066-11e4-a52e-4f735466cecf":"f.A9BC9DC8BF39A612B42A5B0BE44A55ED.d.F4C8546869F4372C05CAFE486C343CC4.e.2384"},"getTitle",[]]}
RESULT: {"script":"<script> [6424 bytes]","args":[{"element-6066-11e4-a52e-4f735466cecf":"f.A9BC9DC8BF39A612B42A5B0BE44A55ED.d.F4C8546869F4372C05CAFE486C343CC4.e.2384"},"getTitle",[]]}
COMMAND: POST /session/f577365dd41b286ee97ac3b4ec208177/element - {"using":"xpath","value":"//span[contains(@id ,\"application-manageresources-display-component---detailRU--snappedTitle-inner\")][contains(text(), \"WdIORUEquip15e4nuk\")]"}
RESULT: {"using":"xpath","value":"//span[contains(@id ,\"application-manageresources-display-component---detailRU--snappedTitle-inner\")][contains(text(), \"WdIORUEquip15e4nuk\")]"}
COMMAND: POST /session/f577365dd41b286ee97ac3b4ec208177/execute/sync - {"script":"<script> [8489 bytes]","args":[{"element-6066-11e4-a52e-4f735466cecf":"f.A9BC9DC8BF39A612B42A5B0BE44A55ED.d.F4C8546869F4372C05CAFE486C343CC4.e.2385","ELEMENT":"f.A9BC9DC8BF39A612B42A5B0BE44A55ED.d.F4C8546869F4372C05CAFE486C343CC4.e.2385"}]}
COMMAND: POST /session/f577365dd41b286ee97ac3b4ec208177/execute/async - {"script":"<script> [1562 bytes]","args":[{"selector":{"id":"backBtn"},"wdio_ui5_key":"backBtn"}]}
RESULT: {"script":"<script> [8489 bytes]","args":[{"element-6066-11e4-a52e-4f735466cecf":"f.A9BC9DC8BF39A612B42A5B0BE44A55ED.d.F4C8546869F4372C05CAFE486C343CC4.e.2385","ELEMENT":"f.A9BC9DC8BF39A612B42A5B0BE44A55ED.d.F4C8546869F4372C05CAFE486C343CC4.e.2385"}]}
COMMAND: GET /session/f577365dd41b286ee97ac3b4ec208177/screenshot - {}
RESULT: {"script":"<script> [1562 bytes]","args":[{"selector":{"id":"backBtn"},"wdio_ui5_key":"backBtn"}]}
RESULT: undefined
COMMAND: POST /session/f577365dd41b286ee97ac3b4ec208177/element - {"using":"xpath","value":"//*[@id=\"backBtn\"]"}
RESULT: {}
RESULT: {"using":"xpath","value":"//*[@id=\"backBtn\"]"}
COMMAND: POST /session/f577365dd41b286ee97ac3b4ec208177/element/f.A9BC9DC8BF39A612B42A5B0BE44A55ED.d.F4C8546869F4372C05CAFE486C343CC4.e.2386/click - {}
RESULT: {}
COMMAND: GET /session/f577365dd41b286ee97ac3b4ec208177/screenshot - {}
RESULT: {}
COMMAND: POST /session/f577365dd41b286ee97ac3b4ec208177/execute/sync - {"script":"<script> [8489 bytes]","args":[{"element-6066-11e4-a52e-4f735466cecf":"f.A9BC9DC8BF39A612B42A5B0BE44A55ED.d.F4C8546869F4372C05CAFE486C343CC4.e.2122","ELEMENT":"f.A9BC9DC8BF39A612B42A5B0BE44A55ED.d.F4C8546869F4372C05CAFE486C343CC4.e.2122"}]}
COMMAND: POST /session/f577365dd41b286ee97ac3b4ec208177/element - {"using":"xpath","value":"//bdi[contains(@id ,\"application-manageresources-display-component---detailRU--openRelatedRus-BDI-content\")]"}
RESULT: {"using":"xpath","value":"//bdi[contains(@id ,\"application-manageresources-display-component---detailRU--openRelatedRus-BDI-content\")]"}
COMMAND: POST /session/f577365dd41b286ee97ac3b4ec208177/execute/sync - {"script":"<script> [8489 bytes]","args":[{"element-6066-11e4-a52e-4f735466cecf":"f.A9BC9DC8BF39A612B42A5B0BE44A55ED.d.F4C8546869F4372C05CAFE486C343CC4.e.2618","ELEMENT":"f.A9BC9DC8BF39A612B42A5B0BE44A55ED.d.F4C8546869F4372C05CAFE486C343CC4.e.2618"}]}
RESULT: {"script":"<script> [8489 bytes]","args":[{"element-6066-11e4-a52e-4f735466cecf":"f.A9BC9DC8BF39A612B42A5B0BE44A55ED.d.F4C8546869F4372C05CAFE486C343CC4.e.2618","ELEMENT":"f.A9BC9DC8BF39A612B42A5B0BE44A55ED.d.F4C8546869F4372C05CAFE486C343CC4.e.2618"}]}
COMMAND: POST /session/f577365dd41b286ee97ac3b4ec208177/execute/sync - {"script":"<script> [5351 bytes]","args":[{"element-6066-11e4-a52e-4f735466cecf":"f.A9BC9DC8BF39A612B42A5B0BE44A55ED.d.F4C8546869F4372C05CAFE486C343CC4.e.2618","ELEMENT":"f.A9BC9DC8BF39A612B42A5B0BE44A55ED.d.F4C8546869F4372C05CAFE486C343CC4.e.2618"}]}
COMMAND: GET /session/f577365dd41b286ee97ac3b4ec208177/screenshot - {}
RESULT: {"script":"<script> [5351 bytes]","args":[{"element-6066-11e4-a52e-4f735466cecf":"f.A9BC9DC8BF39A612B42A5B0BE44A55ED.d.F4C8546869F4372C05CAFE486C343CC4.e.2618","ELEMENT":"f.A9BC9DC8BF39A612B42A5B0BE44A55ED.d.F4C8546869F4372C05CAFE486C343CC4.e.2618"}]}
COMMAND: POST /session/f577365dd41b286ee97ac3b4ec208177/element/f.A9BC9DC8BF39A612B42A5B0BE44A55ED.d.F4C8546869F4372C05CAFE486C343CC4.e.2618/click - {}
COMMAND: GET /session/f577365dd41b286ee97ac3b4ec208177/screenshot - {}
RESULT: {}
RESULT: {}
COMMAND: GET /session/f577365dd41b286ee97ac3b4ec208177/screenshot - {}
RESULT: {}
RESULT: {}
COMMAND: POST /session/f577365dd41b286ee97ac3b4ec208177/execute/sync - {"script":"<script> [8489 bytes]","args":[{"element-6066-11e4-a52e-4f735466cecf":"f.A9BC9DC8BF39A612B42A5B0BE44A55ED.d.F4C8546869F4372C05CAFE486C343CC4.e.2128","ELEMENT":"f.A9BC9DC8BF39A612B42A5B0BE44A55ED.d.F4C8546869F4372C05CAFE486C343CC4.e.2128"}]}
COMMAND: POST /session/f577365dd41b286ee97ac3b4ec208177/element - {"using":"xpath","value":"//*[contains(@data-kt ,\"openRUIdMenuLink\")]"}
RESULT: {"using":"xpath","value":"//*[contains(@data-kt ,\"openRUIdMenuLink\")]"}
COMMAND: POST /session/f577365dd41b286ee97ac3b4ec208177/execute/sync - {"script":"<script> [8489 bytes]","args":[{"element-6066-11e4-a52e-4f735466cecf":"f.A9BC9DC8BF39A612B42A5B0BE44A55ED.d.F4C8546869F4372C05CAFE486C343CC4.e.2623","ELEMENT":"f.A9BC9DC8BF39A612B42A5B0BE44A55ED.d.F4C8546869F4372C05CAFE486C343CC4.e.2623"}]}
RESULT: {"script":"<script> [8489 bytes]","args":[{"element-6066-11e4-a52e-4f735466cecf":"f.A9BC9DC8BF39A612B42A5B0BE44A55ED.d.F4C8546869F4372C05CAFE486C343CC4.e.2623","ELEMENT":"f.A9BC9DC8BF39A612B42A5B0BE44A55ED.d.F4C8546869F4372C05CAFE486C343CC4.e.2623"}]}
COMMAND: POST /session/f577365dd41b286ee97ac3b4ec208177/execute/sync - {"script":"<script> [5351 bytes]","args":[{"element-6066-11e4-a52e-4f735466cecf":"f.A9BC9DC8BF39A612B42A5B0BE44A55ED.d.F4C8546869F4372C05CAFE486C343CC4.e.2623","ELEMENT":"f.A9BC9DC8BF39A612B42A5B0BE44A55ED.d.F4C8546869F4372C05CAFE486C343CC4.e.2623"}]}
COMMAND: GET /session/f577365dd41b286ee97ac3b4ec208177/screenshot - {}
RESULT: {"script":"<script> [5351 bytes]","args":[{"element-6066-11e4-a52e-4f735466cecf":"f.A9BC9DC8BF39A612B42A5B0BE44A55ED.d.F4C8546869F4372C05CAFE486C343CC4.e.2623","ELEMENT":"f.A9BC9DC8BF39A612B42A5B0BE44A55ED.d.F4C8546869F4372C05CAFE486C343CC4.e.2623"}]}
COMMAND: POST /session/f577365dd41b286ee97ac3b4ec208177/element/f.A9BC9DC8BF39A612B42A5B0BE44A55ED.d.F4C8546869F4372C05CAFE486C343CC4.e.2623/click - {}
COMMAND: GET /session/f577365dd41b286ee97ac3b4ec208177/screenshot - {}
RESULT: {}
RESULT: {}
COMMAND: GET /session/f577365dd41b286ee97ac3b4ec208177/screenshot - {}
RESULT: {}
RESULT: {}
COMMAND: POST /session/f577365dd41b286ee97ac3b4ec208177/element - {"using":"xpath","value":"//button[contains(@data-kt ,\"ContextMenuExternalId2Link\")]"}
RESULT: {"using":"xpath","value":"//button[contains(@data-kt ,\"ContextMenuExternalId2Link\")]"}
COMMAND: POST /session/f577365dd41b286ee97ac3b4ec208177/element/f.A9BC9DC8BF39A612B42A5B0BE44A55ED.d.F4C8546869F4372C05CAFE486C343CC4.e.2624/click - {}
RESULT: {}
COMMAND: GET /session/f577365dd41b286ee97ac3b4ec208177/screenshot - {}
RESULT: {}
COMMAND: GET /session/f577365dd41b286ee97ac3b4ec208177/window/handles - {}
RESULT: {}
COMMAND: POST /session/f577365dd41b286ee97ac3b4ec208177/window - {"handle":"8A593D1A824A6758C41AF175EC1E0B35"}
RESULT: {"handle":"8A593D1A824A6758C41AF175EC1E0B35"}
COMMAND: GET /session/f577365dd41b286ee97ac3b4ec208177/url - {}
RESULT: {}
COMMAND: GET /session/f577365dd41b286ee97ac3b4ec208177/screenshot - {}
RESULT: {}
COMMAND: POST /session/f577365dd41b286ee97ac3b4ec208177/execute/sync - {"script":"<script> [8489 bytes]","args":[{"element-6066-11e4-a52e-4f735466cecf":"f.A9BC9DC8BF39A612B42A5B0BE44A55ED.d.F4C8546869F4372C05CAFE486C343CC4.e.2385","ELEMENT":"f.A9BC9DC8BF39A612B42A5B0BE44A55ED.d.F4C8546869F4372C05CAFE486C343CC4.e.2385"}]}
COMMAND: DELETE /session/f577365dd41b286ee97ac3b4ec208177/window - {}
RESULT: {}
COMMAND: POST /session/f577365dd41b286ee97ac3b4ec208177/window - {"handle":"A9BC9DC8BF39A612B42A5B0BE44A55ED"}
RESULT: {"handle":"A9BC9DC8BF39A612B42A5B0BE44A55ED"}
COMMAND: GET /session/f577365dd41b286ee97ac3b4ec208177/url - {}
COMMAND: POST /session/f577365dd41b286ee97ac3b4ec208177/element - {"using":"xpath","value":"//span[contains(@id ,\"application-manageresources-display-component---detailRU--snappedTitle-inner\")][contains(text(), \"WdIORUEquip15e4nuk\")]"}
RESULT: {}
COMMAND: GET /session/f577365dd41b286ee97ac3b4ec208177/screenshot - {}
RESULT: {"using":"xpath","value":"//span[contains(@id ,\"application-manageresources-display-component---detailRU--snappedTitle-inner\")][contains(text(), \"WdIORUEquip15e4nuk\")]"}
COMMAND: POST /session/f577365dd41b286ee97ac3b4ec208177/element - {"using":"xpath","value":"//span[contains(@id ,\"application-manageresources-display-component---detailRU--snappedTitle-inner\")][contains(text(), \"WdIORUEquip15e4nuk\")]"}
RESULT: {"using":"xpath","value":"//span[contains(@id ,\"application-manageresources-display-component---detailRU--snappedTitle-inner\")][contains(text(), \"WdIORUEquip15e4nuk\")]"}
RESULT: {}
COMMAND: POST /session/f577365dd41b286ee97ac3b4ec208177/element - {"using":"xpath","value":"//span[contains(@id ,\"application-manageresources-display-component---detailRU--snappedTitle-inner\")][contains(text(), \"WdIORUEquip15e4nuk\")]"}
RESULT: {"using":"xpath","value":"//span[contains(@id ,\"application-manageresources-display-component---detailRU--snappedTitle-inner\")][contains(text(), \"WdIORUEquip15e4nuk\")]"}
COMMAND: POST /session/f577365dd41b286ee97ac3b4ec208177/element - {"using":"xpath","value":"//span[contains(@id ,\"application-manageresources-display-component---detailRU--snappedTitle-inner\")][contains(text(), \"WdIORUEquip15e4nuk\")]"}
RESULT: {"using":"xpath","value":"//span[contains(@id ,\"application-manageresources-display-component---detailRU--snappedTitle-inner\")][contains(text(), \"WdIORUEquip15e4nuk\")]"}
COMMAND: POST /session/f577365dd41b286ee97ac3b4ec208177/element - {"using":"xpath","value":"//span[contains(@id ,\"application-manageresources-display-component---detailRU--snappedTitle-inner\")][contains(text(), \"WdIORUEquip15e4nuk\")]"}
RESULT: {"using":"xpath","value":"//span[contains(@id ,\"application-manageresources-display-component---detailRU--snappedTitle-inner\")][contains(text(), \"WdIORUEquip15e4nuk\")]"}
COMMAND: POST /session/f577365dd41b286ee97ac3b4ec208177/element - {"using":"xpath","value":"//span[contains(@id ,\"application-manageresources-display-component---detailRU--snappedTitle-inner\")][contains(text(), \"WdIORUEquip15e4nuk\")]"}
RESULT: {"using":"xpath","value":"//span[contains(@id ,\"application-manageresources-display-component---detailRU--snappedTitle-inner\")][contains(text(), \"WdIORUEquip15e4nuk\")]"}
COMMAND: POST /session/f577365dd41b286ee97ac3b4ec208177/element - {"using":"xpath","value":"//span[contains(@id ,\"application-manageresources-display-component---detailRU--snappedTitle-inner\")][contains(text(), \"WdIORUEquip15e4nuk\")]"}
RESULT: {"using":"xpath","value":"//span[contains(@id ,\"application-manageresources-display-component---detailRU--snappedTitle-inner\")][contains(text(), \"WdIORUEquip15e4nuk\")]"}
COMMAND: POST /session/f577365dd41b286ee97ac3b4ec208177/element - {"using":"xpath","value":"//span[contains(@id ,\"application-manageresources-display-component---detailRU--snappedTitle-inner\")][contains(text(), \"WdIORUEquip15e4nuk\")]"}
RESULT: {"using":"xpath","value":"//span[contains(@id ,\"application-manageresources-display-component---detailRU--snappedTitle-inner\")][contains(text(), \"WdIORUEquip15e4nuk\")]"}
COMMAND: POST /session/f577365dd41b286ee97ac3b4ec208177/element - {"using":"xpath","value":"//span[contains(@id ,\"application-manageresources-display-component---detailRU--snappedTitle-inner\")][contains(text(), \"WdIORUEquip15e4nuk\")]"}
RESULT: {"using":"xpath","value":"//span[contains(@id ,\"application-manageresources-display-component---detailRU--snappedTitle-inner\")][contains(text(), \"WdIORUEquip15e4nuk\")]"}
]]></system-out>
    </testcase>
    <testcase classname="chrome.136_0_7103_93.windows.Related_resources_for_groups_US139107" name="Should verify the current location hyperlinks in related resources" time="172.495">
      <system-out><![CDATA[
COMMAND: POST /session/f577365dd41b286ee97ac3b4ec208177/element - {"using":"xpath","value":"//*[contains(@data-kt ,\"openLocationActionMenuLink\")]"}
RESULT: {"using":"xpath","value":"//*[contains(@data-kt ,\"openLocationActionMenuLink\")]"}
COMMAND: POST /session/f577365dd41b286ee97ac3b4ec208177/execute/sync - {"script":"<script> [8489 bytes]","args":[{"element-6066-11e4-a52e-4f735466cecf":"f.A9BC9DC8BF39A612B42A5B0BE44A55ED.d.F4C8546869F4372C05CAFE486C343CC4.e.2630","ELEMENT":"f.A9BC9DC8BF39A612B42A5B0BE44A55ED.d.F4C8546869F4372C05CAFE486C343CC4.e.2630"}]}
RESULT: {"script":"<script> [8489 bytes]","args":[{"element-6066-11e4-a52e-4f735466cecf":"f.A9BC9DC8BF39A612B42A5B0BE44A55ED.d.F4C8546869F4372C05CAFE486C343CC4.e.2630","ELEMENT":"f.A9BC9DC8BF39A612B42A5B0BE44A55ED.d.F4C8546869F4372C05CAFE486C343CC4.e.2630"}]}
COMMAND: POST /session/f577365dd41b286ee97ac3b4ec208177/execute/sync - {"script":"<script> [5351 bytes]","args":[{"element-6066-11e4-a52e-4f735466cecf":"f.A9BC9DC8BF39A612B42A5B0BE44A55ED.d.F4C8546869F4372C05CAFE486C343CC4.e.2630","ELEMENT":"f.A9BC9DC8BF39A612B42A5B0BE44A55ED.d.F4C8546869F4372C05CAFE486C343CC4.e.2630"}]}
COMMAND: GET /session/f577365dd41b286ee97ac3b4ec208177/screenshot - {}
RESULT: {"script":"<script> [5351 bytes]","args":[{"element-6066-11e4-a52e-4f735466cecf":"f.A9BC9DC8BF39A612B42A5B0BE44A55ED.d.F4C8546869F4372C05CAFE486C343CC4.e.2630","ELEMENT":"f.A9BC9DC8BF39A612B42A5B0BE44A55ED.d.F4C8546869F4372C05CAFE486C343CC4.e.2630"}]}
COMMAND: POST /session/f577365dd41b286ee97ac3b4ec208177/element/f.A9BC9DC8BF39A612B42A5B0BE44A55ED.d.F4C8546869F4372C05CAFE486C343CC4.e.2630/click - {}
COMMAND: GET /session/f577365dd41b286ee97ac3b4ec208177/screenshot - {}
COMMAND: POST /session/f577365dd41b286ee97ac3b4ec208177/element - {"using":"xpath","value":"//span[contains(@id ,\"application-manageresources-display-component---detailRU--snappedTitle-inner\")][contains(text(), \"WdIORUEquip15e4nuk\")]"}
RESULT: {}
RESULT: {}
COMMAND: GET /session/f577365dd41b286ee97ac3b4ec208177/screenshot - {}
RESULT: {}
RESULT: {"using":"xpath","value":"//span[contains(@id ,\"application-manageresources-display-component---detailRU--snappedTitle-inner\")][contains(text(), \"WdIORUEquip15e4nuk\")]"}
RESULT: {}
COMMAND: POST /session/f577365dd41b286ee97ac3b4ec208177/element - {"using":"xpath","value":"//span[contains(@id ,\"application-manageresources-display-component---detailRU--snappedTitle-inner\")][contains(text(), \"WdIORUEquip15e4nuk\")]"}
RESULT: {"using":"xpath","value":"//span[contains(@id ,\"application-manageresources-display-component---detailRU--snappedTitle-inner\")][contains(text(), \"WdIORUEquip15e4nuk\")]"}
COMMAND: POST /session/f577365dd41b286ee97ac3b4ec208177/element - {"using":"xpath","value":"//span[contains(@id ,\"application-manageresources-display-component---detailRU--snappedTitle-inner\")][contains(text(), \"WdIORUEquip15e4nuk\")]"}
RESULT: {"using":"xpath","value":"//span[contains(@id ,\"application-manageresources-display-component---detailRU--snappedTitle-inner\")][contains(text(), \"WdIORUEquip15e4nuk\")]"}
COMMAND: POST /session/f577365dd41b286ee97ac3b4ec208177/element - {"using":"xpath","value":"//a[contains(@class ,\"sapMLnk sapMLnkMaxWidth sapUiTinyMarginTop\")][contains(text(), \"Yard Overview\")]"}
RESULT: {"using":"xpath","value":"//a[contains(@class ,\"sapMLnk sapMLnkMaxWidth sapUiTinyMarginTop\")][contains(text(), \"Yard Overview\")]"}
COMMAND: POST /session/f577365dd41b286ee97ac3b4ec208177/execute/sync - {"script":"<script> [8489 bytes]","args":[{"element-6066-11e4-a52e-4f735466cecf":"f.A9BC9DC8BF39A612B42A5B0BE44A55ED.d.F4C8546869F4372C05CAFE486C343CC4.e.2632","ELEMENT":"f.A9BC9DC8BF39A612B42A5B0BE44A55ED.d.F4C8546869F4372C05CAFE486C343CC4.e.2632"}]}
COMMAND: POST /session/f577365dd41b286ee97ac3b4ec208177/element - {"using":"xpath","value":"//a[contains(@class ,\"sapMLnk sapMLnkMaxWidth sapUiTinyMarginTop\")][contains(text(), \"Yard Address\")]"}
RESULT: {"script":"<script> [8489 bytes]","args":[{"element-6066-11e4-a52e-4f735466cecf":"f.A9BC9DC8BF39A612B42A5B0BE44A55ED.d.F4C8546869F4372C05CAFE486C343CC4.e.2632","ELEMENT":"f.A9BC9DC8BF39A612B42A5B0BE44A55ED.d.F4C8546869F4372C05CAFE486C343CC4.e.2632"}]}
COMMAND: POST /session/f577365dd41b286ee97ac3b4ec208177/element - {"using":"xpath","value":"//span[contains(@id ,\"application-manageresources-display-component---detailRU--snappedTitle-inner\")][contains(text(), \"WdIORUEquip15e4nuk\")]"}
RESULT: {"using":"xpath","value":"//a[contains(@class ,\"sapMLnk sapMLnkMaxWidth sapUiTinyMarginTop\")][contains(text(), \"Yard Address\")]"}
COMMAND: POST /session/f577365dd41b286ee97ac3b4ec208177/execute/sync - {"script":"<script> [8489 bytes]","args":[{"element-6066-11e4-a52e-4f735466cecf":"f.A9BC9DC8BF39A612B42A5B0BE44A55ED.d.F4C8546869F4372C05CAFE486C343CC4.e.2633","ELEMENT":"f.A9BC9DC8BF39A612B42A5B0BE44A55ED.d.F4C8546869F4372C05CAFE486C343CC4.e.2633"}]}
COMMAND: POST /session/f577365dd41b286ee97ac3b4ec208177/element/f.A9BC9DC8BF39A612B42A5B0BE44A55ED.d.F4C8546869F4372C05CAFE486C343CC4.e.2632/click - {}
COMMAND: GET /session/f577365dd41b286ee97ac3b4ec208177/screenshot - {}
RESULT: {"using":"xpath","value":"//span[contains(@id ,\"application-manageresources-display-component---detailRU--snappedTitle-inner\")][contains(text(), \"WdIORUEquip15e4nuk\")]"}
RESULT: {"script":"<script> [8489 bytes]","args":[{"element-6066-11e4-a52e-4f735466cecf":"f.A9BC9DC8BF39A612B42A5B0BE44A55ED.d.F4C8546869F4372C05CAFE486C343CC4.e.2633","ELEMENT":"f.A9BC9DC8BF39A612B42A5B0BE44A55ED.d.F4C8546869F4372C05CAFE486C343CC4.e.2633"}]}
RESULT: {}
COMMAND: GET /session/f577365dd41b286ee97ac3b4ec208177/screenshot - {}
COMMAND: GET /session/f577365dd41b286ee97ac3b4ec208177/screenshot - {}
RESULT: {}
COMMAND: POST /session/f577365dd41b286ee97ac3b4ec208177/element - {"using":"xpath","value":"//span[contains(@id ,\"application-manageresources-display-component---detailRU--snappedTitle-inner\")][contains(text(), \"WdIORUEquip15e4nuk\")]"}
RESULT: {}
RESULT: {}
RESULT: {"using":"xpath","value":"//span[contains(@id ,\"application-manageresources-display-component---detailRU--snappedTitle-inner\")][contains(text(), \"WdIORUEquip15e4nuk\")]"}
COMMAND: POST /session/f577365dd41b286ee97ac3b4ec208177/element - {"using":"xpath","value":"//span[contains(@id ,\"application-manageresources-display-component---detailRU--snappedTitle-inner\")][contains(text(), \"WdIORUEquip15e4nuk\")]"}
RESULT: {"using":"xpath","value":"//span[contains(@id ,\"application-manageresources-display-component---detailRU--snappedTitle-inner\")][contains(text(), \"WdIORUEquip15e4nuk\")]"}
COMMAND: POST /session/f577365dd41b286ee97ac3b4ec208177/element - {"using":"xpath","value":"//span[contains(@id ,\"application-manageresources-display-component---detailRU--snappedTitle-inner\")][contains(text(), \"WdIORUEquip15e4nuk\")]"}
RESULT: {"using":"xpath","value":"//span[contains(@id ,\"application-manageresources-display-component---detailRU--snappedTitle-inner\")][contains(text(), \"WdIORUEquip15e4nuk\")]"}
COMMAND: POST /session/f577365dd41b286ee97ac3b4ec208177/element - {"using":"xpath","value":"//span[contains(@id ,\"application-manageresources-display-component---detailRU--snappedTitle-inner\")][contains(text(), \"WdIORUEquip15e4nuk\")]"}
RESULT: {"using":"xpath","value":"//span[contains(@id ,\"application-manageresources-display-component---detailRU--snappedTitle-inner\")][contains(text(), \"WdIORUEquip15e4nuk\")]"}
COMMAND: POST /session/f577365dd41b286ee97ac3b4ec208177/element - {"using":"xpath","value":"//span[contains(@id ,\"application-manageresources-display-component---detailRU--snappedTitle-inner\")][contains(text(), \"WdIORUEquip15e4nuk\")]"}
RESULT: {"using":"xpath","value":"//span[contains(@id ,\"application-manageresources-display-component---detailRU--snappedTitle-inner\")][contains(text(), \"WdIORUEquip15e4nuk\")]"}
COMMAND: POST /session/f577365dd41b286ee97ac3b4ec208177/element - {"using":"xpath","value":"//span[contains(@id ,\"application-manageresources-display-component---detailRU--snappedTitle-inner\")][contains(text(), \"WdIORUEquip15e4nuk\")]"}
RESULT: {"using":"xpath","value":"//span[contains(@id ,\"application-manageresources-display-component---detailRU--snappedTitle-inner\")][contains(text(), \"WdIORUEquip15e4nuk\")]"}
COMMAND: POST /session/f577365dd41b286ee97ac3b4ec208177/element - {"using":"xpath","value":"//span[contains(@id ,\"application-manageresources-display-component---detailRU--snappedTitle-inner\")][contains(text(), \"WdIORUEquip15e4nuk\")]"}
RESULT: {"using":"xpath","value":"//span[contains(@id ,\"application-manageresources-display-component---detailRU--snappedTitle-inner\")][contains(text(), \"WdIORUEquip15e4nuk\")]"}
COMMAND: POST /session/f577365dd41b286ee97ac3b4ec208177/element - {"using":"xpath","value":"//span[contains(@id ,\"application-manageresources-display-component---detailRU--snappedTitle-inner\")][contains(text(), \"WdIORUEquip15e4nuk\")]"}
RESULT: {"using":"xpath","value":"//span[contains(@id ,\"application-manageresources-display-component---detailRU--snappedTitle-inner\")][contains(text(), \"WdIORUEquip15e4nuk\")]"}
COMMAND: POST /session/f577365dd41b286ee97ac3b4ec208177/element - {"using":"xpath","value":"//span[contains(@id ,\"application-manageresources-display-component---detailRU--snappedTitle-inner\")][contains(text(), \"WdIORUEquip15e4nuk\")]"}
RESULT: {"using":"xpath","value":"//span[contains(@id ,\"application-manageresources-display-component---detailRU--snappedTitle-inner\")][contains(text(), \"WdIORUEquip15e4nuk\")]"}
RESULT: undefined
COMMAND: POST /session/f577365dd41b286ee97ac3b4ec208177/execute/async - {"script":"<script> [6424 bytes]","args":[{"element-6066-11e4-a52e-4f735466cecf":"f.A9BC9DC8BF39A612B42A5B0BE44A55ED.d.F4C8546869F4372C05CAFE486C343CC4.e.2384"},"getTitle",[]]}
COMMAND: POST /session/f577365dd41b286ee97ac3b4ec208177/execute/async - {"script":"<script> [1562 bytes]","args":[{"selector":{"id":"shellAppTitle"},"wdio_ui5_key":"shellAppTitle"}]}
COMMAND: POST /session/f577365dd41b286ee97ac3b4ec208177/element - {"using":"xpath","value":"//span[contains(@id ,\"application-manageresources-display-component---detailRU--snappedTitle-inner\")][contains(text(), \"WdIORUEquip15e4nuk\")]"}
RESULT: {"script":"<script> [1562 bytes]","args":[{"selector":{"id":"shellAppTitle"},"wdio_ui5_key":"shellAppTitle"}]}
COMMAND: POST /session/f577365dd41b286ee97ac3b4ec208177/execute/async - {"script":"<script> [6424 bytes]","args":[{"element-6066-11e4-a52e-4f735466cecf":"f.A9BC9DC8BF39A612B42A5B0BE44A55ED.d.F4C8546869F4372C05CAFE486C343CC4.e.2753"},"getTitle",[]]}
RESULT: {"using":"xpath","value":"//span[contains(@id ,\"application-manageresources-display-component---detailRU--snappedTitle-inner\")][contains(text(), \"WdIORUEquip15e4nuk\")]"}
RESULT: {"script":"<script> [6424 bytes]","args":[{"element-6066-11e4-a52e-4f735466cecf":"f.A9BC9DC8BF39A612B42A5B0BE44A55ED.d.F4C8546869F4372C05CAFE486C343CC4.e.2753"},"getTitle",[]]}
COMMAND: POST /session/f577365dd41b286ee97ac3b4ec208177/element - {"using":"xpath","value":"(//span[contains(text(), \"null\")])[2]"}
RESULT: {"using":"xpath","value":"(//span[contains(text(), \"null\")])[2]"}
COMMAND: POST /session/f577365dd41b286ee97ac3b4ec208177/element - {"using":"xpath","value":"(//span[contains(text(), \"null\")])[2]"}
RESULT: undefined
COMMAND: POST /session/f577365dd41b286ee97ac3b4ec208177/element - {"using":"xpath","value":"//*[@id=\"backBtn\"]"}
COMMAND: POST /session/f577365dd41b286ee97ac3b4ec208177/element - {"using":"xpath","value":"//span[contains(@id ,\"application-manageresources-display-component---detailRU--snappedTitle-inner\")][contains(text(), \"WdIORUEquip15e4nuk\")]"}
RESULT: {"using":"xpath","value":"(//span[contains(text(), \"null\")])[2]"}
RESULT: {"using":"xpath","value":"//*[@id=\"backBtn\"]"}
COMMAND: POST /session/f577365dd41b286ee97ac3b4ec208177/element/f.A9BC9DC8BF39A612B42A5B0BE44A55ED.d.F4C8546869F4372C05CAFE486C343CC4.e.2386/click - {}
RESULT: {"using":"xpath","value":"//span[contains(@id ,\"application-manageresources-display-component---detailRU--snappedTitle-inner\")][contains(text(), \"WdIORUEquip15e4nuk\")]"}
RESULT: {}
COMMAND: GET /session/f577365dd41b286ee97ac3b4ec208177/screenshot - {}
COMMAND: POST /session/f577365dd41b286ee97ac3b4ec208177/element - {"using":"xpath","value":"(//span[contains(text(), \"null\")])[2]"}
COMMAND: POST /session/f577365dd41b286ee97ac3b4ec208177/element - {"using":"xpath","value":"//span[contains(@id ,\"application-manageresources-display-component---detailRU--snappedTitle-inner\")][contains(text(), \"WdIORUEquip15e4nuk\")]"}
RESULT: {}
RESULT: {"using":"xpath","value":"(//span[contains(text(), \"null\")])[2]"}
COMMAND: POST /session/f577365dd41b286ee97ac3b4ec208177/element - {"using":"xpath","value":"(//span[contains(text(), \"null\")])[2]"}
RESULT: {"using":"xpath","value":"//span[contains(@id ,\"application-manageresources-display-component---detailRU--snappedTitle-inner\")][contains(text(), \"WdIORUEquip15e4nuk\")]"}
RESULT: {"using":"xpath","value":"(//span[contains(text(), \"null\")])[2]"}
COMMAND: POST /session/f577365dd41b286ee97ac3b4ec208177/element - {"using":"xpath","value":"//span[contains(@id ,\"application-manageresources-display-component---detailRU--snappedTitle-inner\")][contains(text(), \"WdIORUEquip15e4nuk\")]"}
COMMAND: POST /session/f577365dd41b286ee97ac3b4ec208177/element - {"using":"xpath","value":"(//span[contains(text(), \"null\")])[2]"}
RESULT: {"using":"xpath","value":"//span[contains(@id ,\"application-manageresources-display-component---detailRU--snappedTitle-inner\")][contains(text(), \"WdIORUEquip15e4nuk\")]"}
RESULT: {"using":"xpath","value":"(//span[contains(text(), \"null\")])[2]"}
COMMAND: POST /session/f577365dd41b286ee97ac3b4ec208177/element - {"using":"xpath","value":"//span[contains(@id ,\"application-manageresources-display-component---detailRU--snappedTitle-inner\")][contains(text(), \"WdIORUEquip15e4nuk\")]"}
RESULT: {"using":"xpath","value":"//span[contains(@id ,\"application-manageresources-display-component---detailRU--snappedTitle-inner\")][contains(text(), \"WdIORUEquip15e4nuk\")]"}
COMMAND: POST /session/f577365dd41b286ee97ac3b4ec208177/element - {"using":"xpath","value":"(//span[contains(text(), \"null\")])[2]"}
RESULT: {"using":"xpath","value":"(//span[contains(text(), \"null\")])[2]"}
COMMAND: POST /session/f577365dd41b286ee97ac3b4ec208177/element - {"using":"xpath","value":"//span[contains(@id ,\"application-manageresources-display-component---detailRU--snappedTitle-inner\")][contains(text(), \"WdIORUEquip15e4nuk\")]"}
RESULT: {"using":"xpath","value":"//span[contains(@id ,\"application-manageresources-display-component---detailRU--snappedTitle-inner\")][contains(text(), \"WdIORUEquip15e4nuk\")]"}
COMMAND: POST /session/f577365dd41b286ee97ac3b4ec208177/element - {"using":"xpath","value":"(//span[contains(text(), \"null\")])[2]"}
RESULT: {"using":"xpath","value":"(//span[contains(text(), \"null\")])[2]"}
COMMAND: POST /session/f577365dd41b286ee97ac3b4ec208177/element - {"using":"xpath","value":"//span[contains(@id ,\"application-manageresources-display-component---detailRU--snappedTitle-inner\")][contains(text(), \"WdIORUEquip15e4nuk\")]"}
COMMAND: POST /session/f577365dd41b286ee97ac3b4ec208177/element - {"using":"xpath","value":"(//span[contains(text(), \"null\")])[2]"}
RESULT: {"using":"xpath","value":"//span[contains(@id ,\"application-manageresources-display-component---detailRU--snappedTitle-inner\")][contains(text(), \"WdIORUEquip15e4nuk\")]"}
RESULT: {"using":"xpath","value":"(//span[contains(text(), \"null\")])[2]"}
COMMAND: POST /session/f577365dd41b286ee97ac3b4ec208177/element - {"using":"xpath","value":"//span[contains(@id ,\"application-manageresources-display-component---detailRU--snappedTitle-inner\")][contains(text(), \"WdIORUEquip15e4nuk\")]"}
COMMAND: POST /session/f577365dd41b286ee97ac3b4ec208177/element - {"using":"xpath","value":"(//span[contains(text(), \"null\")])[2]"}
RESULT: {"using":"xpath","value":"//span[contains(@id ,\"application-manageresources-display-component---detailRU--snappedTitle-inner\")][contains(text(), \"WdIORUEquip15e4nuk\")]"}
RESULT: {"using":"xpath","value":"(//span[contains(text(), \"null\")])[2]"}
COMMAND: POST /session/f577365dd41b286ee97ac3b4ec208177/element - {"using":"xpath","value":"//span[contains(@id ,\"application-manageresources-display-component---detailRU--snappedTitle-inner\")][contains(text(), \"WdIORUEquip15e4nuk\")]"}
COMMAND: POST /session/f577365dd41b286ee97ac3b4ec208177/element - {"using":"xpath","value":"(//span[contains(text(), \"null\")])[2]"}
RESULT: {"using":"xpath","value":"//span[contains(@id ,\"application-manageresources-display-component---detailRU--snappedTitle-inner\")][contains(text(), \"WdIORUEquip15e4nuk\")]"}
RESULT: {"using":"xpath","value":"(//span[contains(text(), \"null\")])[2]"}
COMMAND: POST /session/f577365dd41b286ee97ac3b4ec208177/element - {"using":"xpath","value":"//span[contains(@id ,\"application-manageresources-display-component---detailRU--snappedTitle-inner\")][contains(text(), \"WdIORUEquip15e4nuk\")]"}
RESULT: {"using":"xpath","value":"//span[contains(@id ,\"application-manageresources-display-component---detailRU--snappedTitle-inner\")][contains(text(), \"WdIORUEquip15e4nuk\")]"}
COMMAND: POST /session/f577365dd41b286ee97ac3b4ec208177/element - {"using":"xpath","value":"(//span[contains(text(), \"null\")])[2]"}
RESULT: {"using":"xpath","value":"(//span[contains(text(), \"null\")])[2]"}
COMMAND: POST /session/f577365dd41b286ee97ac3b4ec208177/element - {"using":"xpath","value":"//span[contains(@id ,\"application-manageresources-display-component---detailRU--snappedTitle-inner\")][contains(text(), \"WdIORUEquip15e4nuk\")]"}
RESULT: {"using":"xpath","value":"//span[contains(@id ,\"application-manageresources-display-component---detailRU--snappedTitle-inner\")][contains(text(), \"WdIORUEquip15e4nuk\")]"}
COMMAND: POST /session/f577365dd41b286ee97ac3b4ec208177/element - {"using":"xpath","value":"(//span[contains(text(), \"null\")])[2]"}
RESULT: {"using":"xpath","value":"(//span[contains(text(), \"null\")])[2]"}
COMMAND: POST /session/f577365dd41b286ee97ac3b4ec208177/element - {"using":"xpath","value":"//span[contains(@id ,\"application-manageresources-display-component---detailRU--snappedTitle-inner\")][contains(text(), \"WdIORUEquip15e4nuk\")]"}
RESULT: {"using":"xpath","value":"//span[contains(@id ,\"application-manageresources-display-component---detailRU--snappedTitle-inner\")][contains(text(), \"WdIORUEquip15e4nuk\")]"}
COMMAND: POST /session/f577365dd41b286ee97ac3b4ec208177/element - {"using":"xpath","value":"(//span[contains(text(), \"null\")])[2]"}
COMMAND: POST /session/f577365dd41b286ee97ac3b4ec208177/element - {"using":"xpath","value":"//bdi[contains(@id ,\"application-manageresources-display-component---detailRU--openRelatedRus-BDI-content\")]"}
RESULT: {"using":"xpath","value":"(//span[contains(text(), \"null\")])[2]"}
RESULT: {"using":"xpath","value":"//bdi[contains(@id ,\"application-manageresources-display-component---detailRU--openRelatedRus-BDI-content\")]"}
COMMAND: POST /session/f577365dd41b286ee97ac3b4ec208177/execute/sync - {"script":"<script> [8489 bytes]","args":[{"element-6066-11e4-a52e-4f735466cecf":"f.A9BC9DC8BF39A612B42A5B0BE44A55ED.d.F4C8546869F4372C05CAFE486C343CC4.e.2972","ELEMENT":"f.A9BC9DC8BF39A612B42A5B0BE44A55ED.d.F4C8546869F4372C05CAFE486C343CC4.e.2972"}]}
RESULT: {"script":"<script> [8489 bytes]","args":[{"element-6066-11e4-a52e-4f735466cecf":"f.A9BC9DC8BF39A612B42A5B0BE44A55ED.d.F4C8546869F4372C05CAFE486C343CC4.e.2972","ELEMENT":"f.A9BC9DC8BF39A612B42A5B0BE44A55ED.d.F4C8546869F4372C05CAFE486C343CC4.e.2972"}]}
COMMAND: POST /session/f577365dd41b286ee97ac3b4ec208177/execute/sync - {"script":"<script> [5351 bytes]","args":[{"element-6066-11e4-a52e-4f735466cecf":"f.A9BC9DC8BF39A612B42A5B0BE44A55ED.d.F4C8546869F4372C05CAFE486C343CC4.e.2972","ELEMENT":"f.A9BC9DC8BF39A612B42A5B0BE44A55ED.d.F4C8546869F4372C05CAFE486C343CC4.e.2972"}]}
COMMAND: GET /session/f577365dd41b286ee97ac3b4ec208177/screenshot - {}
RESULT: {"script":"<script> [5351 bytes]","args":[{"element-6066-11e4-a52e-4f735466cecf":"f.A9BC9DC8BF39A612B42A5B0BE44A55ED.d.F4C8546869F4372C05CAFE486C343CC4.e.2972","ELEMENT":"f.A9BC9DC8BF39A612B42A5B0BE44A55ED.d.F4C8546869F4372C05CAFE486C343CC4.e.2972"}]}
COMMAND: POST /session/f577365dd41b286ee97ac3b4ec208177/element/f.A9BC9DC8BF39A612B42A5B0BE44A55ED.d.F4C8546869F4372C05CAFE486C343CC4.e.2972/click - {}
COMMAND: GET /session/f577365dd41b286ee97ac3b4ec208177/screenshot - {}
RESULT: {}
COMMAND: POST /session/f577365dd41b286ee97ac3b4ec208177/element - {"using":"xpath","value":"//span[contains(@id ,\"application-manageresources-display-component---detailRU--snappedTitle-inner\")][contains(text(), \"WdIORUEquip15e4nuk\")]"}
COMMAND: POST /session/f577365dd41b286ee97ac3b4ec208177/element - {"using":"xpath","value":"(//span[contains(text(), \"null\")])[2]"}
RESULT: {}
COMMAND: GET /session/f577365dd41b286ee97ac3b4ec208177/screenshot - {}
RESULT: {}
RESULT: {"using":"xpath","value":"//span[contains(@id ,\"application-manageresources-display-component---detailRU--snappedTitle-inner\")][contains(text(), \"WdIORUEquip15e4nuk\")]"}
RESULT: {"using":"xpath","value":"(//span[contains(text(), \"null\")])[2]"}
RESULT: {}
COMMAND: POST /session/f577365dd41b286ee97ac3b4ec208177/element - {"using":"xpath","value":"//span[contains(@id ,\"application-manageresources-display-component---detailRU--snappedTitle-inner\")][contains(text(), \"WdIORUEquip15e4nuk\")]"}
COMMAND: POST /session/f577365dd41b286ee97ac3b4ec208177/element - {"using":"xpath","value":"(//span[contains(text(), \"null\")])[2]"}
RESULT: {"using":"xpath","value":"//span[contains(@id ,\"application-manageresources-display-component---detailRU--snappedTitle-inner\")][contains(text(), \"WdIORUEquip15e4nuk\")]"}
RESULT: {"using":"xpath","value":"(//span[contains(text(), \"null\")])[2]"}
COMMAND: POST /session/f577365dd41b286ee97ac3b4ec208177/element/f.A9BC9DC8BF39A612B42A5B0BE44A55ED.d.F4C8546869F4372C05CAFE486C343CC4.e.2630/click - {}
COMMAND: POST /session/f577365dd41b286ee97ac3b4ec208177/element - {"using":"xpath","value":"//span[contains(@id ,\"application-manageresources-display-component---detailRU--snappedTitle-inner\")][contains(text(), \"WdIORUEquip15e4nuk\")]"}
COMMAND: POST /session/f577365dd41b286ee97ac3b4ec208177/element - {"using":"xpath","value":"(//span[contains(text(), \"null\")])[2]"}
COMMAND: POST /session/f577365dd41b286ee97ac3b4ec208177/element - {"using":"xpath","value":"//*[contains(@data-kt ,\"openLocationActionMenuLink\")]"}
RESULT: {"using":"xpath","value":"//span[contains(@id ,\"application-manageresources-display-component---detailRU--snappedTitle-inner\")][contains(text(), \"WdIORUEquip15e4nuk\")]"}
RESULT: {"using":"xpath","value":"(//span[contains(text(), \"null\")])[2]"}
RESULT: {"using":"xpath","value":"//*[contains(@data-kt ,\"openLocationActionMenuLink\")]"}
COMMAND: POST /session/f577365dd41b286ee97ac3b4ec208177/element/f.A9BC9DC8BF39A612B42A5B0BE44A55ED.d.F4C8546869F4372C05CAFE486C343CC4.e.2630/click - {}
COMMAND: POST /session/f577365dd41b286ee97ac3b4ec208177/element - {"using":"xpath","value":"//*[contains(@data-kt ,\"openLocationActionMenuLink\")]"}
RESULT: {"using":"xpath","value":"//*[contains(@data-kt ,\"openLocationActionMenuLink\")]"}
COMMAND: POST /session/f577365dd41b286ee97ac3b4ec208177/element/f.A9BC9DC8BF39A612B42A5B0BE44A55ED.d.F4C8546869F4372C05CAFE486C343CC4.e.2976/click - {}
RESULT: {}
COMMAND: GET /session/f577365dd41b286ee97ac3b4ec208177/screenshot - {}
COMMAND: POST /session/f577365dd41b286ee97ac3b4ec208177/element - {"using":"xpath","value":"(//span[contains(text(), \"null\")])[2]"}
RESULT: {}
RESULT: {"using":"xpath","value":"(//span[contains(text(), \"null\")])[2]"}
COMMAND: POST /session/f577365dd41b286ee97ac3b4ec208177/element - {"using":"xpath","value":"(//span[contains(text(), \"null\")])[2]"}
RESULT: {"using":"xpath","value":"(//span[contains(text(), \"null\")])[2]"}
COMMAND: POST /session/f577365dd41b286ee97ac3b4ec208177/element/f.A9BC9DC8BF39A612B42A5B0BE44A55ED.d.F4C8546869F4372C05CAFE486C343CC4.e.2633/click - {}
COMMAND: POST /session/f577365dd41b286ee97ac3b4ec208177/element - {"using":"xpath","value":"//a[contains(@class ,\"sapMLnk sapMLnkMaxWidth sapUiTinyMarginTop\")][contains(text(), \"Yard Address\")]"}
RESULT: {"using":"xpath","value":"//a[contains(@class ,\"sapMLnk sapMLnkMaxWidth sapUiTinyMarginTop\")][contains(text(), \"Yard Address\")]"}
COMMAND: POST /session/f577365dd41b286ee97ac3b4ec208177/element/f.A9BC9DC8BF39A612B42A5B0BE44A55ED.d.F4C8546869F4372C05CAFE486C343CC4.e.2633/click - {}
COMMAND: POST /session/f577365dd41b286ee97ac3b4ec208177/element - {"using":"xpath","value":"//a[contains(@class ,\"sapMLnk sapMLnkMaxWidth sapUiTinyMarginTop\")][contains(text(), \"Yard Address\")]"}
RESULT: {"using":"xpath","value":"//a[contains(@class ,\"sapMLnk sapMLnkMaxWidth sapUiTinyMarginTop\")][contains(text(), \"Yard Address\")]"}
COMMAND: POST /session/f577365dd41b286ee97ac3b4ec208177/element/f.A9BC9DC8BF39A612B42A5B0BE44A55ED.d.F4C8546869F4372C05CAFE486C343CC4.e.2978/click - {}
COMMAND: POST /session/f577365dd41b286ee97ac3b4ec208177/element - {"using":"xpath","value":"(//span[contains(text(), \"null\")])[2]"}
RESULT: {}
COMMAND: GET /session/f577365dd41b286ee97ac3b4ec208177/screenshot - {}
RESULT: {"using":"xpath","value":"(//span[contains(text(), \"null\")])[2]"}
COMMAND: POST /session/f577365dd41b286ee97ac3b4ec208177/element - {"using":"xpath","value":"(//span[contains(text(), \"null\")])[2]"}
RESULT: {}
RESULT: {"using":"xpath","value":"(//span[contains(text(), \"null\")])[2]"}
COMMAND: POST /session/f577365dd41b286ee97ac3b4ec208177/element - {"using":"xpath","value":"(//span[contains(text(), \"null\")])[2]"}
RESULT: {"using":"xpath","value":"(//span[contains(text(), \"null\")])[2]"}
COMMAND: POST /session/f577365dd41b286ee97ac3b4ec208177/element - {"using":"xpath","value":"(//span[contains(text(), \"null\")])[2]"}
RESULT: {"using":"xpath","value":"(//span[contains(text(), \"null\")])[2]"}
COMMAND: POST /session/f577365dd41b286ee97ac3b4ec208177/element - {"using":"xpath","value":"(//span[contains(text(), \"null\")])[2]"}
RESULT: {"using":"xpath","value":"(//span[contains(text(), \"null\")])[2]"}
COMMAND: POST /session/f577365dd41b286ee97ac3b4ec208177/element - {"using":"xpath","value":"(//span[contains(text(), \"null\")])[2]"}
RESULT: {"using":"xpath","value":"(//span[contains(text(), \"null\")])[2]"}
COMMAND: POST /session/f577365dd41b286ee97ac3b4ec208177/element - {"using":"xpath","value":"(//span[contains(text(), \"null\")])[2]"}
RESULT: {"using":"xpath","value":"(//span[contains(text(), \"null\")])[2]"}
COMMAND: POST /session/f577365dd41b286ee97ac3b4ec208177/element - {"using":"xpath","value":"(//span[contains(text(), \"null\")])[2]"}
RESULT: {"using":"xpath","value":"(//span[contains(text(), \"null\")])[2]"}
COMMAND: POST /session/f577365dd41b286ee97ac3b4ec208177/element - {"using":"xpath","value":"(//span[contains(text(), \"null\")])[2]"}
RESULT: {"using":"xpath","value":"(//span[contains(text(), \"null\")])[2]"}
COMMAND: POST /session/f577365dd41b286ee97ac3b4ec208177/element - {"using":"xpath","value":"(//span[contains(text(), \"null\")])[2]"}
RESULT: {"using":"xpath","value":"(//span[contains(text(), \"null\")])[2]"}
COMMAND: POST /session/f577365dd41b286ee97ac3b4ec208177/element - {"using":"xpath","value":"(//span[contains(text(), \"null\")])[2]"}
RESULT: {"using":"xpath","value":"(//span[contains(text(), \"null\")])[2]"}
COMMAND: POST /session/f577365dd41b286ee97ac3b4ec208177/element - {"using":"xpath","value":"(//span[contains(text(), \"null\")])[2]"}
RESULT: {"using":"xpath","value":"(//span[contains(text(), \"null\")])[2]"}
RESULT: undefined
COMMAND: POST /session/f577365dd41b286ee97ac3b4ec208177/execute/async - {"script":"<script> [6424 bytes]","args":[{"element-6066-11e4-a52e-4f735466cecf":"f.A9BC9DC8BF39A612B42A5B0BE44A55ED.d.F4C8546869F4372C05CAFE486C343CC4.e.2384"},"getTitle",[]]}
COMMAND: POST /session/f577365dd41b286ee97ac3b4ec208177/execute/async - {"script":"<script> [1562 bytes]","args":[{"selector":{"id":"shellAppTitle"},"wdio_ui5_key":"shellAppTitle"}]}
COMMAND: POST /session/f577365dd41b286ee97ac3b4ec208177/element - {"using":"xpath","value":"(//span[contains(text(), \"null\")])[2]"}
RESULT: {"script":"<script> [1562 bytes]","args":[{"selector":{"id":"shellAppTitle"},"wdio_ui5_key":"shellAppTitle"}]}
COMMAND: POST /session/f577365dd41b286ee97ac3b4ec208177/execute/async - {"script":"<script> [6424 bytes]","args":[{"element-6066-11e4-a52e-4f735466cecf":"f.A9BC9DC8BF39A612B42A5B0BE44A55ED.d.F4C8546869F4372C05CAFE486C343CC4.e.3195"},"getTitle",[]]}
RESULT: {"using":"xpath","value":"(//span[contains(text(), \"null\")])[2]"}
RESULT: {"script":"<script> [6424 bytes]","args":[{"element-6066-11e4-a52e-4f735466cecf":"f.A9BC9DC8BF39A612B42A5B0BE44A55ED.d.F4C8546869F4372C05CAFE486C343CC4.e.3195"},"getTitle",[]]}
COMMAND: POST /session/f577365dd41b286ee97ac3b4ec208177/element - {"using":"xpath","value":"//span[contains(@id ,\"application-addressmanagement-display-component---detailAdm--addressDetailDetailsName1\")][contains(text(), \"null\")]"}
RESULT: {"using":"xpath","value":"//span[contains(@id ,\"application-addressmanagement-display-component---detailAdm--addressDetailDetailsName1\")][contains(text(), \"null\")]"}
COMMAND: POST /session/f577365dd41b286ee97ac3b4ec208177/element - {"using":"xpath","value":"//span[contains(@id ,\"application-addressmanagement-display-component---detailAdm--addressDetailDetailsName1\")][contains(text(), \"null\")]"}
RESULT: undefined
COMMAND: POST /session/f577365dd41b286ee97ac3b4ec208177/element - {"using":"xpath","value":"//*[@id=\"backBtn\"]"}
COMMAND: POST /session/f577365dd41b286ee97ac3b4ec208177/element - {"using":"xpath","value":"(//span[contains(text(), \"null\")])[2]"}
RESULT: {"using":"xpath","value":"//*[@id=\"backBtn\"]"}
COMMAND: POST /session/f577365dd41b286ee97ac3b4ec208177/element/f.A9BC9DC8BF39A612B42A5B0BE44A55ED.d.F4C8546869F4372C05CAFE486C343CC4.e.2386/click - {}
RESULT: {"using":"xpath","value":"//span[contains(@id ,\"application-addressmanagement-display-component---detailAdm--addressDetailDetailsName1\")][contains(text(), \"null\")]"}
RESULT: {"using":"xpath","value":"(//span[contains(text(), \"null\")])[2]"}
RESULT: {}
COMMAND: GET /session/f577365dd41b286ee97ac3b4ec208177/screenshot - {}
COMMAND: POST /session/f577365dd41b286ee97ac3b4ec208177/element - {"using":"xpath","value":"//span[contains(@id ,\"application-addressmanagement-display-component---detailAdm--addressDetailDetailsName1\")][contains(text(), \"null\")]"}
COMMAND: POST /session/f577365dd41b286ee97ac3b4ec208177/element - {"using":"xpath","value":"(//span[contains(text(), \"null\")])[2]"}
RESULT: {}
RESULT: {"using":"xpath","value":"//span[contains(@id ,\"application-addressmanagement-display-component---detailAdm--addressDetailDetailsName1\")][contains(text(), \"null\")]"}
RESULT: {"using":"xpath","value":"(//span[contains(text(), \"null\")])[2]"}
COMMAND: POST /session/f577365dd41b286ee97ac3b4ec208177/element - {"using":"xpath","value":"//span[contains(@id ,\"application-addressmanagement-display-component---detailAdm--addressDetailDetailsName1\")][contains(text(), \"null\")]"}
RESULT: {"using":"xpath","value":"//span[contains(@id ,\"application-addressmanagement-display-component---detailAdm--addressDetailDetailsName1\")][contains(text(), \"null\")]"}
COMMAND: POST /session/f577365dd41b286ee97ac3b4ec208177/element - {"using":"xpath","value":"//span[contains(@id ,\"application-addressmanagement-display-component---detailAdm--addressDetailDetailsName1\")][contains(text(), \"null\")]"}
RESULT: {"using":"xpath","value":"//span[contains(@id ,\"application-addressmanagement-display-component---detailAdm--addressDetailDetailsName1\")][contains(text(), \"null\")]"}
COMMAND: POST /session/f577365dd41b286ee97ac3b4ec208177/element - {"using":"xpath","value":"//span[contains(@id ,\"application-addressmanagement-display-component---detailAdm--addressDetailDetailsName1\")][contains(text(), \"null\")]"}
RESULT: {"using":"xpath","value":"//span[contains(@id ,\"application-addressmanagement-display-component---detailAdm--addressDetailDetailsName1\")][contains(text(), \"null\")]"}
COMMAND: POST /session/f577365dd41b286ee97ac3b4ec208177/element - {"using":"xpath","value":"//span[contains(@id ,\"application-addressmanagement-display-component---detailAdm--addressDetailDetailsName1\")][contains(text(), \"null\")]"}
RESULT: {"using":"xpath","value":"//span[contains(@id ,\"application-addressmanagement-display-component---detailAdm--addressDetailDetailsName1\")][contains(text(), \"null\")]"}
COMMAND: POST /session/f577365dd41b286ee97ac3b4ec208177/element - {"using":"xpath","value":"//span[contains(@id ,\"application-addressmanagement-display-component---detailAdm--addressDetailDetailsName1\")][contains(text(), \"null\")]"}
RESULT: {"using":"xpath","value":"//span[contains(@id ,\"application-addressmanagement-display-component---detailAdm--addressDetailDetailsName1\")][contains(text(), \"null\")]"}
COMMAND: POST /session/f577365dd41b286ee97ac3b4ec208177/element - {"using":"xpath","value":"//span[contains(@id ,\"application-addressmanagement-display-component---detailAdm--addressDetailDetailsName1\")][contains(text(), \"null\")]"}
RESULT: {"using":"xpath","value":"//span[contains(@id ,\"application-addressmanagement-display-component---detailAdm--addressDetailDetailsName1\")][contains(text(), \"null\")]"}
COMMAND: POST /session/f577365dd41b286ee97ac3b4ec208177/element - {"using":"xpath","value":"//span[contains(@id ,\"application-addressmanagement-display-component---detailAdm--addressDetailDetailsName1\")][contains(text(), \"null\")]"}
RESULT: {"using":"xpath","value":"//span[contains(@id ,\"application-addressmanagement-display-component---detailAdm--addressDetailDetailsName1\")][contains(text(), \"null\")]"}
COMMAND: POST /session/f577365dd41b286ee97ac3b4ec208177/element - {"using":"xpath","value":"//span[contains(@id ,\"application-addressmanagement-display-component---detailAdm--addressDetailDetailsName1\")][contains(text(), \"null\")]"}
COMMAND: POST /session/f577365dd41b286ee97ac3b4ec208177/execute/sync - {"script":"<script> [8489 bytes]","args":[{"element-6066-11e4-a52e-4f735466cecf":"f.A9BC9DC8BF39A612B42A5B0BE44A55ED.d.F4C8546869F4372C05CAFE486C343CC4.e.2972","ELEMENT":"f.A9BC9DC8BF39A612B42A5B0BE44A55ED.d.F4C8546869F4372C05CAFE486C343CC4.e.2972"}]}
RESULT: {"using":"xpath","value":"//span[contains(@id ,\"application-addressmanagement-display-component---detailAdm--addressDetailDetailsName1\")][contains(text(), \"null\")]"}
COMMAND: POST /session/f577365dd41b286ee97ac3b4ec208177/element - {"using":"xpath","value":"//bdi[contains(@id ,\"application-manageresources-display-component---detailRU--openRelatedRus-BDI-content\")]"}
RESULT: {"using":"xpath","value":"//bdi[contains(@id ,\"application-manageresources-display-component---detailRU--openRelatedRus-BDI-content\")]"}
COMMAND: POST /session/f577365dd41b286ee97ac3b4ec208177/execute/sync - {"script":"<script> [8489 bytes]","args":[{"element-6066-11e4-a52e-4f735466cecf":"f.A9BC9DC8BF39A612B42A5B0BE44A55ED.d.F4C8546869F4372C05CAFE486C343CC4.e.3426","ELEMENT":"f.A9BC9DC8BF39A612B42A5B0BE44A55ED.d.F4C8546869F4372C05CAFE486C343CC4.e.3426"}]}
RESULT: {"script":"<script> [8489 bytes]","args":[{"element-6066-11e4-a52e-4f735466cecf":"f.A9BC9DC8BF39A612B42A5B0BE44A55ED.d.F4C8546869F4372C05CAFE486C343CC4.e.3426","ELEMENT":"f.A9BC9DC8BF39A612B42A5B0BE44A55ED.d.F4C8546869F4372C05CAFE486C343CC4.e.3426"}]}
COMMAND: POST /session/f577365dd41b286ee97ac3b4ec208177/execute/sync - {"script":"<script> [5351 bytes]","args":[{"element-6066-11e4-a52e-4f735466cecf":"f.A9BC9DC8BF39A612B42A5B0BE44A55ED.d.F4C8546869F4372C05CAFE486C343CC4.e.3426","ELEMENT":"f.A9BC9DC8BF39A612B42A5B0BE44A55ED.d.F4C8546869F4372C05CAFE486C343CC4.e.3426"}]}
COMMAND: GET /session/f577365dd41b286ee97ac3b4ec208177/screenshot - {}
RESULT: {"script":"<script> [5351 bytes]","args":[{"element-6066-11e4-a52e-4f735466cecf":"f.A9BC9DC8BF39A612B42A5B0BE44A55ED.d.F4C8546869F4372C05CAFE486C343CC4.e.3426","ELEMENT":"f.A9BC9DC8BF39A612B42A5B0BE44A55ED.d.F4C8546869F4372C05CAFE486C343CC4.e.3426"}]}
COMMAND: POST /session/f577365dd41b286ee97ac3b4ec208177/element/f.A9BC9DC8BF39A612B42A5B0BE44A55ED.d.F4C8546869F4372C05CAFE486C343CC4.e.3426/click - {}
RESULT: {}
COMMAND: POST /session/f577365dd41b286ee97ac3b4ec208177/element - {"using":"xpath","value":"//span[contains(@id ,\"application-addressmanagement-display-component---detailAdm--addressDetailDetailsName1\")][contains(text(), \"null\")]"}
COMMAND: GET /session/f577365dd41b286ee97ac3b4ec208177/screenshot - {}
RESULT: {}
RESULT: {"using":"xpath","value":"//span[contains(@id ,\"application-addressmanagement-display-component---detailAdm--addressDetailDetailsName1\")][contains(text(), \"null\")]"}
COMMAND: GET /session/f577365dd41b286ee97ac3b4ec208177/screenshot - {}
RESULT: {}
RESULT: {}
COMMAND: POST /session/f577365dd41b286ee97ac3b4ec208177/element - {"using":"xpath","value":"//span[contains(@id ,\"application-addressmanagement-display-component---detailAdm--addressDetailDetailsName1\")][contains(text(), \"null\")]"}
RESULT: {"using":"xpath","value":"//span[contains(@id ,\"application-addressmanagement-display-component---detailAdm--addressDetailDetailsName1\")][contains(text(), \"null\")]"}
COMMAND: POST /session/f577365dd41b286ee97ac3b4ec208177/element - {"using":"xpath","value":"//span[contains(@id ,\"application-addressmanagement-display-component---detailAdm--addressDetailDetailsName1\")][contains(text(), \"null\")]"}
RESULT: {"using":"xpath","value":"//span[contains(@id ,\"application-addressmanagement-display-component---detailAdm--addressDetailDetailsName1\")][contains(text(), \"null\")]"}
COMMAND: POST /session/f577365dd41b286ee97ac3b4ec208177/element - {"using":"xpath","value":"//span[contains(@id ,\"application-addressmanagement-display-component---detailAdm--addressDetailDetailsName1\")][contains(text(), \"null\")]"}
RESULT: {"using":"xpath","value":"//span[contains(@id ,\"application-addressmanagement-display-component---detailAdm--addressDetailDetailsName1\")][contains(text(), \"null\")]"}
COMMAND: POST /session/f577365dd41b286ee97ac3b4ec208177/element - {"using":"xpath","value":"//span[contains(@id ,\"application-addressmanagement-display-component---detailAdm--addressDetailDetailsName1\")][contains(text(), \"null\")]"}
RESULT: {"using":"xpath","value":"//span[contains(@id ,\"application-addressmanagement-display-component---detailAdm--addressDetailDetailsName1\")][contains(text(), \"null\")]"}
COMMAND: POST /session/f577365dd41b286ee97ac3b4ec208177/element - {"using":"xpath","value":"//span[contains(@id ,\"application-addressmanagement-display-component---detailAdm--addressDetailDetailsName1\")][contains(text(), \"null\")]"}
RESULT: {"using":"xpath","value":"//span[contains(@id ,\"application-addressmanagement-display-component---detailAdm--addressDetailDetailsName1\")][contains(text(), \"null\")]"}
COMMAND: POST /session/f577365dd41b286ee97ac3b4ec208177/element - {"using":"xpath","value":"//span[contains(@id ,\"application-addressmanagement-display-component---detailAdm--addressDetailDetailsName1\")][contains(text(), \"null\")]"}
RESULT: {"using":"xpath","value":"//span[contains(@id ,\"application-addressmanagement-display-component---detailAdm--addressDetailDetailsName1\")][contains(text(), \"null\")]"}
COMMAND: POST /session/f577365dd41b286ee97ac3b4ec208177/element - {"using":"xpath","value":"//span[contains(@id ,\"application-addressmanagement-display-component---detailAdm--addressDetailDetailsName1\")][contains(text(), \"null\")]"}
RESULT: {"using":"xpath","value":"//span[contains(@id ,\"application-addressmanagement-display-component---detailAdm--addressDetailDetailsName1\")][contains(text(), \"null\")]"}
COMMAND: POST /session/f577365dd41b286ee97ac3b4ec208177/element - {"using":"xpath","value":"//span[contains(@id ,\"application-addressmanagement-display-component---detailAdm--addressDetailDetailsName1\")][contains(text(), \"null\")]"}
RESULT: {"using":"xpath","value":"//span[contains(@id ,\"application-addressmanagement-display-component---detailAdm--addressDetailDetailsName1\")][contains(text(), \"null\")]"}
COMMAND: POST /session/f577365dd41b286ee97ac3b4ec208177/element - {"using":"xpath","value":"//span[contains(@id ,\"application-addressmanagement-display-component---detailAdm--addressDetailDetailsName1\")][contains(text(), \"null\")]"}
RESULT: {"using":"xpath","value":"//span[contains(@id ,\"application-addressmanagement-display-component---detailAdm--addressDetailDetailsName1\")][contains(text(), \"null\")]"}
COMMAND: POST /session/f577365dd41b286ee97ac3b4ec208177/element/f.A9BC9DC8BF39A612B42A5B0BE44A55ED.d.F4C8546869F4372C05CAFE486C343CC4.e.2976/click - {}
COMMAND: POST /session/f577365dd41b286ee97ac3b4ec208177/element - {"using":"xpath","value":"//*[contains(@data-kt ,\"openLocationActionMenuLink\")]"}
RESULT: {"using":"xpath","value":"//*[contains(@data-kt ,\"openLocationActionMenuLink\")]"}
COMMAND: POST /session/f577365dd41b286ee97ac3b4ec208177/element/f.A9BC9DC8BF39A612B42A5B0BE44A55ED.d.F4C8546869F4372C05CAFE486C343CC4.e.2976/click - {}
COMMAND: POST /session/f577365dd41b286ee97ac3b4ec208177/element - {"using":"xpath","value":"//*[contains(@data-kt ,\"openLocationActionMenuLink\")]"}
RESULT: {"using":"xpath","value":"//*[contains(@data-kt ,\"openLocationActionMenuLink\")]"}
COMMAND: POST /session/f577365dd41b286ee97ac3b4ec208177/element/f.A9BC9DC8BF39A612B42A5B0BE44A55ED.d.F4C8546869F4372C05CAFE486C343CC4.e.3430/click - {}
COMMAND: POST /session/f577365dd41b286ee97ac3b4ec208177/element - {"using":"xpath","value":"//span[contains(@id ,\"application-addressmanagement-display-component---detailAdm--addressDetailDetailsName1\")][contains(text(), \"null\")]"}
RESULT: {}
COMMAND: GET /session/f577365dd41b286ee97ac3b4ec208177/screenshot - {}
RESULT: {"using":"xpath","value":"//span[contains(@id ,\"application-addressmanagement-display-component---detailAdm--addressDetailDetailsName1\")][contains(text(), \"null\")]"}
RESULT: {}
COMMAND: POST /session/f577365dd41b286ee97ac3b4ec208177/element - {"using":"xpath","value":"//span[contains(@id ,\"application-addressmanagement-display-component---detailAdm--addressDetailDetailsName1\")][contains(text(), \"null\")]"}
RESULT: {"using":"xpath","value":"//span[contains(@id ,\"application-addressmanagement-display-component---detailAdm--addressDetailDetailsName1\")][contains(text(), \"null\")]"}
COMMAND: POST /session/f577365dd41b286ee97ac3b4ec208177/element - {"using":"xpath","value":"//span[contains(@id ,\"application-addressmanagement-display-component---detailAdm--addressDetailDetailsName1\")][contains(text(), \"null\")]"}
RESULT: {"using":"xpath","value":"//span[contains(@id ,\"application-addressmanagement-display-component---detailAdm--addressDetailDetailsName1\")][contains(text(), \"null\")]"}
COMMAND: POST /session/f577365dd41b286ee97ac3b4ec208177/element - {"using":"xpath","value":"//span[contains(@id ,\"application-addressmanagement-display-component---detailAdm--addressDetailDetailsName1\")][contains(text(), \"null\")]"}
RESULT: {"using":"xpath","value":"//span[contains(@id ,\"application-addressmanagement-display-component---detailAdm--addressDetailDetailsName1\")][contains(text(), \"null\")]"}
COMMAND: POST /session/f577365dd41b286ee97ac3b4ec208177/element - {"using":"xpath","value":"(//button[contains(@title ,\"Open in new tab\")])[1]"}
RESULT: {"using":"xpath","value":"(//button[contains(@title ,\"Open in new tab\")])[1]"}
COMMAND: POST /session/f577365dd41b286ee97ac3b4ec208177/element/f.A9BC9DC8BF39A612B42A5B0BE44A55ED.d.F4C8546869F4372C05CAFE486C343CC4.e.3431/click - {}
COMMAND: POST /session/f577365dd41b286ee97ac3b4ec208177/element - {"using":"xpath","value":"//span[contains(@id ,\"application-addressmanagement-display-component---detailAdm--addressDetailDetailsName1\")][contains(text(), \"null\")]"}
RESULT: {}
COMMAND: GET /session/f577365dd41b286ee97ac3b4ec208177/screenshot - {}
RESULT: {"using":"xpath","value":"//span[contains(@id ,\"application-addressmanagement-display-component---detailAdm--addressDetailDetailsName1\")][contains(text(), \"null\")]"}
COMMAND: POST /session/f577365dd41b286ee97ac3b4ec208177/element - {"using":"xpath","value":"//span[contains(@id ,\"application-addressmanagement-display-component---detailAdm--addressDetailDetailsName1\")][contains(text(), \"null\")]"}
RESULT: {}
RESULT: {"using":"xpath","value":"//span[contains(@id ,\"application-addressmanagement-display-component---detailAdm--addressDetailDetailsName1\")][contains(text(), \"null\")]"}
COMMAND: POST /session/f577365dd41b286ee97ac3b4ec208177/element - {"using":"xpath","value":"//span[contains(@id ,\"application-addressmanagement-display-component---detailAdm--addressDetailDetailsName1\")][contains(text(), \"null\")]"}
COMMAND: GET /session/f577365dd41b286ee97ac3b4ec208177/window/handles - {}
RESULT: {"using":"xpath","value":"//span[contains(@id ,\"application-addressmanagement-display-component---detailAdm--addressDetailDetailsName1\")][contains(text(), \"null\")]"}
RESULT: {}
COMMAND: POST /session/f577365dd41b286ee97ac3b4ec208177/window - {"handle":"D77471DAB795583917830CC40B4EC66F"}
RESULT: {"handle":"D77471DAB795583917830CC40B4EC66F"}
COMMAND: GET /session/f577365dd41b286ee97ac3b4ec208177/url - {}
RESULT: {}
COMMAND: GET /session/f577365dd41b286ee97ac3b4ec208177/screenshot - {}
COMMAND: POST /session/f577365dd41b286ee97ac3b4ec208177/element - {"using":"xpath","value":"//span[contains(@id ,\"application-addressmanagement-display-component---detailAdm--addressDetailDetailsName1\")][contains(text(), \"null\")]"}
RESULT: {}
RESULT: {"using":"xpath","value":"//span[contains(@id ,\"application-addressmanagement-display-component---detailAdm--addressDetailDetailsName1\")][contains(text(), \"null\")]"}
COMMAND: POST /session/f577365dd41b286ee97ac3b4ec208177/element - {"using":"xpath","value":"//span[contains(@id ,\"application-addressmanagement-display-component---detailAdm--addressDetailDetailsName1\")][contains(text(), \"null\")]"}
RESULT: {"using":"xpath","value":"//span[contains(@id ,\"application-addressmanagement-display-component---detailAdm--addressDetailDetailsName1\")][contains(text(), \"null\")]"}
COMMAND: POST /session/f577365dd41b286ee97ac3b4ec208177/element - {"using":"xpath","value":"//span[contains(@id ,\"application-addressmanagement-display-component---detailAdm--addressDetailDetailsName1\")][contains(text(), \"null\")]"}
RESULT: {"using":"xpath","value":"//span[contains(@id ,\"application-addressmanagement-display-component---detailAdm--addressDetailDetailsName1\")][contains(text(), \"null\")]"}
COMMAND: POST /session/f577365dd41b286ee97ac3b4ec208177/element - {"using":"xpath","value":"//span[contains(@id ,\"application-addressmanagement-display-component---detailAdm--addressDetailDetailsName1\")][contains(text(), \"null\")]"}
RESULT: {"using":"xpath","value":"//span[contains(@id ,\"application-addressmanagement-display-component---detailAdm--addressDetailDetailsName1\")][contains(text(), \"null\")]"}
COMMAND: POST /session/f577365dd41b286ee97ac3b4ec208177/element - {"using":"xpath","value":"//span[contains(@id ,\"application-addressmanagement-display-component---detailAdm--addressDetailDetailsName1\")][contains(text(), \"null\")]"}
RESULT: {"using":"xpath","value":"//span[contains(@id ,\"application-addressmanagement-display-component---detailAdm--addressDetailDetailsName1\")][contains(text(), \"null\")]"}
COMMAND: POST /session/f577365dd41b286ee97ac3b4ec208177/element - {"using":"xpath","value":"//span[contains(@id ,\"application-addressmanagement-display-component---detailAdm--addressDetailDetailsName1\")][contains(text(), \"null\")]"}
RESULT: {"using":"xpath","value":"//span[contains(@id ,\"application-addressmanagement-display-component---detailAdm--addressDetailDetailsName1\")][contains(text(), \"null\")]"}
COMMAND: POST /session/f577365dd41b286ee97ac3b4ec208177/element - {"using":"xpath","value":"//span[contains(@id ,\"application-addressmanagement-display-component---detailAdm--addressDetailDetailsName1\")][contains(text(), \"null\")]"}
RESULT: {"using":"xpath","value":"//span[contains(@id ,\"application-addressmanagement-display-component---detailAdm--addressDetailDetailsName1\")][contains(text(), \"null\")]"}
COMMAND: POST /session/f577365dd41b286ee97ac3b4ec208177/element - {"using":"xpath","value":"//span[contains(@id ,\"application-addressmanagement-display-component---detailAdm--addressDetailDetailsName1\")][contains(text(), \"null\")]"}
RESULT: {"using":"xpath","value":"//span[contains(@id ,\"application-addressmanagement-display-component---detailAdm--addressDetailDetailsName1\")][contains(text(), \"null\")]"}
COMMAND: POST /session/f577365dd41b286ee97ac3b4ec208177/element - {"using":"xpath","value":"//span[contains(@id ,\"application-addressmanagement-display-component---detailAdm--addressDetailDetailsName1\")][contains(text(), \"null\")]"}
RESULT: {"using":"xpath","value":"//span[contains(@id ,\"application-addressmanagement-display-component---detailAdm--addressDetailDetailsName1\")][contains(text(), \"null\")]"}
COMMAND: POST /session/f577365dd41b286ee97ac3b4ec208177/element - {"using":"xpath","value":"(//span[contains(text(), \"null\")])[2]"}
COMMAND: DELETE /session/f577365dd41b286ee97ac3b4ec208177/window - {}
COMMAND: POST /session/f577365dd41b286ee97ac3b4ec208177/element - {"using":"xpath","value":"//span[contains(@id ,\"application-addressmanagement-display-component---detailAdm--addressDetailDetailsName1\")][contains(text(), \"null\")]"}
RESULT: {}
COMMAND: POST /session/f577365dd41b286ee97ac3b4ec208177/window - {"handle":"A9BC9DC8BF39A612B42A5B0BE44A55ED"}
RESULT: {"handle":"A9BC9DC8BF39A612B42A5B0BE44A55ED"}
COMMAND: GET /session/f577365dd41b286ee97ac3b4ec208177/url - {}
RESULT: {"using":"xpath","value":"(//span[contains(text(), \"null\")])[2]"}
RESULT: {"using":"xpath","value":"//span[contains(@id ,\"application-addressmanagement-display-component---detailAdm--addressDetailDetailsName1\")][contains(text(), \"null\")]"}
RESULT: {}
COMMAND: GET /session/f577365dd41b286ee97ac3b4ec208177/screenshot - {}
COMMAND: POST /session/f577365dd41b286ee97ac3b4ec208177/element - {"using":"xpath","value":"(//span[contains(text(), \"null\")])[2]"}
RESULT: {}
RESULT: {"using":"xpath","value":"(//span[contains(text(), \"null\")])[2]"}
COMMAND: POST /session/f577365dd41b286ee97ac3b4ec208177/element - {"using":"xpath","value":"(//span[contains(text(), \"null\")])[2]"}
RESULT: {"using":"xpath","value":"(//span[contains(text(), \"null\")])[2]"}
COMMAND: POST /session/f577365dd41b286ee97ac3b4ec208177/element - {"using":"xpath","value":"(//span[contains(text(), \"null\")])[2]"}
RESULT: {"using":"xpath","value":"(//span[contains(text(), \"null\")])[2]"}
COMMAND: POST /session/f577365dd41b286ee97ac3b4ec208177/element - {"using":"xpath","value":"(//span[contains(text(), \"null\")])[2]"}
RESULT: {"using":"xpath","value":"(//span[contains(text(), \"null\")])[2]"}
COMMAND: POST /session/f577365dd41b286ee97ac3b4ec208177/element - {"using":"xpath","value":"(//span[contains(text(), \"null\")])[2]"}
RESULT: {"using":"xpath","value":"(//span[contains(text(), \"null\")])[2]"}
COMMAND: POST /session/f577365dd41b286ee97ac3b4ec208177/element - {"using":"xpath","value":"(//span[contains(text(), \"null\")])[2]"}
RESULT: {"using":"xpath","value":"(//span[contains(text(), \"null\")])[2]"}
COMMAND: POST /session/f577365dd41b286ee97ac3b4ec208177/element - {"using":"xpath","value":"(//span[contains(text(), \"null\")])[2]"}
RESULT: {"using":"xpath","value":"(//span[contains(text(), \"null\")])[2]"}
COMMAND: POST /session/f577365dd41b286ee97ac3b4ec208177/element - {"using":"xpath","value":"(//button[contains(@title ,\"Open in new tab\")])[2]"}
RESULT: {"using":"xpath","value":"(//button[contains(@title ,\"Open in new tab\")])[2]"}
COMMAND: POST /session/f577365dd41b286ee97ac3b4ec208177/element/f.A9BC9DC8BF39A612B42A5B0BE44A55ED.d.F4C8546869F4372C05CAFE486C343CC4.e.3478/click - {}
COMMAND: POST /session/f577365dd41b286ee97ac3b4ec208177/element - {"using":"xpath","value":"(//span[contains(text(), \"null\")])[2]"}
RESULT: {}
COMMAND: GET /session/f577365dd41b286ee97ac3b4ec208177/screenshot - {}
RESULT: {"using":"xpath","value":"(//span[contains(text(), \"null\")])[2]"}
COMMAND: POST /session/f577365dd41b286ee97ac3b4ec208177/element - {"using":"xpath","value":"(//span[contains(text(), \"null\")])[2]"}
RESULT: {}
RESULT: {"using":"xpath","value":"(//span[contains(text(), \"null\")])[2]"}
COMMAND: POST /session/f577365dd41b286ee97ac3b4ec208177/element - {"using":"xpath","value":"(//span[contains(text(), \"null\")])[2]"}
RESULT: {"using":"xpath","value":"(//span[contains(text(), \"null\")])[2]"}
COMMAND: POST /session/f577365dd41b286ee97ac3b4ec208177/element - {"using":"xpath","value":"(//span[contains(text(), \"null\")])[2]"}
RESULT: {"using":"xpath","value":"(//span[contains(text(), \"null\")])[2]"}
COMMAND: POST /session/f577365dd41b286ee97ac3b4ec208177/element - {"using":"xpath","value":"(//span[contains(text(), \"null\")])[2]"}
RESULT: {"using":"xpath","value":"(//span[contains(text(), \"null\")])[2]"}
COMMAND: POST /session/f577365dd41b286ee97ac3b4ec208177/element - {"using":"xpath","value":"(//span[contains(text(), \"null\")])[2]"}
COMMAND: GET /session/f577365dd41b286ee97ac3b4ec208177/window/handles - {}
RESULT: {"using":"xpath","value":"(//span[contains(text(), \"null\")])[2]"}
RESULT: {}
COMMAND: POST /session/f577365dd41b286ee97ac3b4ec208177/window - {"handle":"C9FB130487E9A4EC7D5F5732F25D8BC5"}
RESULT: {"handle":"C9FB130487E9A4EC7D5F5732F25D8BC5"}
COMMAND: GET /session/f577365dd41b286ee97ac3b4ec208177/url - {}
RESULT: {}
COMMAND: GET /session/f577365dd41b286ee97ac3b4ec208177/screenshot - {}
RESULT: {}
COMMAND: POST /session/f577365dd41b286ee97ac3b4ec208177/element - {"using":"xpath","value":"(//span[contains(text(), \"null\")])[2]"}
RESULT: {"using":"xpath","value":"(//span[contains(text(), \"null\")])[2]"}
COMMAND: POST /session/f577365dd41b286ee97ac3b4ec208177/element - {"using":"xpath","value":"(//span[contains(text(), \"null\")])[2]"}
RESULT: {"using":"xpath","value":"(//span[contains(text(), \"null\")])[2]"}
COMMAND: POST /session/f577365dd41b286ee97ac3b4ec208177/element - {"using":"xpath","value":"(//span[contains(text(), \"null\")])[2]"}
RESULT: {"using":"xpath","value":"(//span[contains(text(), \"null\")])[2]"}
COMMAND: POST /session/f577365dd41b286ee97ac3b4ec208177/element - {"using":"xpath","value":"(//span[contains(text(), \"null\")])[2]"}
COMMAND: POST /session/f577365dd41b286ee97ac3b4ec208177/element - {"using":"xpath","value":"//span[contains(@id ,\"application-addressmanagement-display-component---detailAdm--addressDetailDetailsName1\")][contains(text(), \"null\")]"}
COMMAND: DELETE /session/f577365dd41b286ee97ac3b4ec208177/window - {}
RESULT: {"using":"xpath","value":"(//span[contains(text(), \"null\")])[2]"}
COMMAND: POST /session/f577365dd41b286ee97ac3b4ec208177/element - {"using":"xpath","value":"(//span[contains(text(), \"null\")])[2]"}
RESULT: {}
COMMAND: POST /session/f577365dd41b286ee97ac3b4ec208177/window - {"handle":"A9BC9DC8BF39A612B42A5B0BE44A55ED"}
RESULT: {"handle":"A9BC9DC8BF39A612B42A5B0BE44A55ED"}
COMMAND: GET /session/f577365dd41b286ee97ac3b4ec208177/url - {}
RESULT: {"using":"xpath","value":"//span[contains(@id ,\"application-addressmanagement-display-component---detailAdm--addressDetailDetailsName1\")][contains(text(), \"null\")]"}
RESULT: {"using":"xpath","value":"(//span[contains(text(), \"null\")])[2]"}
RESULT: {}
COMMAND: GET /session/f577365dd41b286ee97ac3b4ec208177/screenshot - {}
COMMAND: POST /session/f577365dd41b286ee97ac3b4ec208177/element - {"using":"xpath","value":"//span[contains(@id ,\"application-addressmanagement-display-component---detailAdm--addressDetailDetailsName1\")][contains(text(), \"null\")]"}
COMMAND: POST /session/f577365dd41b286ee97ac3b4ec208177/element - {"using":"xpath","value":"(//span[contains(text(), \"null\")])[2]"}
RESULT: {}
RESULT: {"using":"xpath","value":"//span[contains(@id ,\"application-addressmanagement-display-component---detailAdm--addressDetailDetailsName1\")][contains(text(), \"null\")]"}
RESULT: {"using":"xpath","value":"(//span[contains(text(), \"null\")])[2]"}
COMMAND: POST /session/f577365dd41b286ee97ac3b4ec208177/element - {"using":"xpath","value":"//span[contains(@id ,\"application-addressmanagement-display-component---detailAdm--addressDetailDetailsName1\")][contains(text(), \"null\")]"}
COMMAND: POST /session/f577365dd41b286ee97ac3b4ec208177/element - {"using":"xpath","value":"(//span[contains(text(), \"null\")])[2]"}
RESULT: {"using":"xpath","value":"//span[contains(@id ,\"application-addressmanagement-display-component---detailAdm--addressDetailDetailsName1\")][contains(text(), \"null\")]"}
RESULT: {"using":"xpath","value":"(//span[contains(text(), \"null\")])[2]"}
COMMAND: POST /session/f577365dd41b286ee97ac3b4ec208177/element - {"using":"xpath","value":"//span[contains(@id ,\"application-addressmanagement-display-component---detailAdm--addressDetailDetailsName1\")][contains(text(), \"null\")]"}
COMMAND: POST /session/f577365dd41b286ee97ac3b4ec208177/element - {"using":"xpath","value":"(//span[contains(text(), \"null\")])[2]"}
RESULT: {"using":"xpath","value":"//span[contains(@id ,\"application-addressmanagement-display-component---detailAdm--addressDetailDetailsName1\")][contains(text(), \"null\")]"}
RESULT: {"using":"xpath","value":"(//span[contains(text(), \"null\")])[2]"}
COMMAND: POST /session/f577365dd41b286ee97ac3b4ec208177/element - {"using":"xpath","value":"//span[contains(@id ,\"application-addressmanagement-display-component---detailAdm--addressDetailDetailsName1\")][contains(text(), \"null\")]"}
COMMAND: POST /session/f577365dd41b286ee97ac3b4ec208177/element - {"using":"xpath","value":"(//span[contains(text(), \"null\")])[2]"}
RESULT: {"using":"xpath","value":"//span[contains(@id ,\"application-addressmanagement-display-component---detailAdm--addressDetailDetailsName1\")][contains(text(), \"null\")]"}
RESULT: {"using":"xpath","value":"(//span[contains(text(), \"null\")])[2]"}
COMMAND: POST /session/f577365dd41b286ee97ac3b4ec208177/element - {"using":"xpath","value":"//span[contains(@id ,\"application-addressmanagement-display-component---detailAdm--addressDetailDetailsName1\")][contains(text(), \"null\")]"}
COMMAND: POST /session/f577365dd41b286ee97ac3b4ec208177/element - {"using":"xpath","value":"(//span[contains(text(), \"null\")])[2]"}
RESULT: {"using":"xpath","value":"//span[contains(@id ,\"application-addressmanagement-display-component---detailAdm--addressDetailDetailsName1\")][contains(text(), \"null\")]"}
RESULT: {"using":"xpath","value":"(//span[contains(text(), \"null\")])[2]"}
COMMAND: POST /session/f577365dd41b286ee97ac3b4ec208177/element - {"using":"xpath","value":"//span[contains(@id ,\"application-addressmanagement-display-component---detailAdm--addressDetailDetailsName1\")][contains(text(), \"null\")]"}
COMMAND: POST /session/f577365dd41b286ee97ac3b4ec208177/element - {"using":"xpath","value":"(//span[contains(text(), \"null\")])[2]"}
RESULT: {"using":"xpath","value":"//span[contains(@id ,\"application-addressmanagement-display-component---detailAdm--addressDetailDetailsName1\")][contains(text(), \"null\")]"}
RESULT: {"using":"xpath","value":"(//span[contains(text(), \"null\")])[2]"}
COMMAND: POST /session/f577365dd41b286ee97ac3b4ec208177/element - {"using":"xpath","value":"//span[contains(@id ,\"application-addressmanagement-display-component---detailAdm--addressDetailDetailsName1\")][contains(text(), \"null\")]"}
COMMAND: POST /session/f577365dd41b286ee97ac3b4ec208177/element - {"using":"xpath","value":"(//span[contains(text(), \"null\")])[2]"}
RESULT: {"using":"xpath","value":"//span[contains(@id ,\"application-addressmanagement-display-component---detailAdm--addressDetailDetailsName1\")][contains(text(), \"null\")]"}
RESULT: {"using":"xpath","value":"(//span[contains(text(), \"null\")])[2]"}
COMMAND: POST /session/f577365dd41b286ee97ac3b4ec208177/element - {"using":"xpath","value":"//span[contains(@id ,\"application-addressmanagement-display-component---detailAdm--addressDetailDetailsName1\")][contains(text(), \"null\")]"}
COMMAND: POST /session/f577365dd41b286ee97ac3b4ec208177/element - {"using":"xpath","value":"(//span[contains(text(), \"null\")])[2]"}
RESULT: {"using":"xpath","value":"//span[contains(@id ,\"application-addressmanagement-display-component---detailAdm--addressDetailDetailsName1\")][contains(text(), \"null\")]"}
RESULT: {"using":"xpath","value":"(//span[contains(text(), \"null\")])[2]"}
COMMAND: POST /session/f577365dd41b286ee97ac3b4ec208177/element - {"using":"xpath","value":"//span[contains(@id ,\"application-addressmanagement-display-component---detailAdm--addressDetailDetailsName1\")][contains(text(), \"null\")]"}
RESULT: {"using":"xpath","value":"//span[contains(@id ,\"application-addressmanagement-display-component---detailAdm--addressDetailDetailsName1\")][contains(text(), \"null\")]"}
COMMAND: POST /session/f577365dd41b286ee97ac3b4ec208177/element - {"using":"xpath","value":"(//span[contains(text(), \"null\")])[2]"}
RESULT: {"using":"xpath","value":"(//span[contains(text(), \"null\")])[2]"}
]]></system-out>
    </testcase>
    <testcase classname="chrome.136_0_7103_93.windows.Related_resources_for_groups_US139107" name="Should set one equipment to inactive and verify that it does not show in the releated resources" time="77.476">
      <system-out><![CDATA[
COMMAND: POST /session/f577365dd41b286ee97ac3b4ec208177/element - {"using":"xpath","value":"//*[contains(@data-kt ,\"openRUIdMenuLink\")]"}
RESULT: {"using":"xpath","value":"//*[contains(@data-kt ,\"openRUIdMenuLink\")]"}
COMMAND: POST /session/f577365dd41b286ee97ac3b4ec208177/execute/sync - {"script":"<script> [8489 bytes]","args":[{"element-6066-11e4-a52e-4f735466cecf":"f.A9BC9DC8BF39A612B42A5B0BE44A55ED.d.F4C8546869F4372C05CAFE486C343CC4.e.3720","ELEMENT":"f.A9BC9DC8BF39A612B42A5B0BE44A55ED.d.F4C8546869F4372C05CAFE486C343CC4.e.3720"}]}
RESULT: {"script":"<script> [8489 bytes]","args":[{"element-6066-11e4-a52e-4f735466cecf":"f.A9BC9DC8BF39A612B42A5B0BE44A55ED.d.F4C8546869F4372C05CAFE486C343CC4.e.3720","ELEMENT":"f.A9BC9DC8BF39A612B42A5B0BE44A55ED.d.F4C8546869F4372C05CAFE486C343CC4.e.3720"}]}
COMMAND: POST /session/f577365dd41b286ee97ac3b4ec208177/execute/sync - {"script":"<script> [5351 bytes]","args":[{"element-6066-11e4-a52e-4f735466cecf":"f.A9BC9DC8BF39A612B42A5B0BE44A55ED.d.F4C8546869F4372C05CAFE486C343CC4.e.3720","ELEMENT":"f.A9BC9DC8BF39A612B42A5B0BE44A55ED.d.F4C8546869F4372C05CAFE486C343CC4.e.3720"}]}
COMMAND: GET /session/f577365dd41b286ee97ac3b4ec208177/screenshot - {}
RESULT: {"script":"<script> [5351 bytes]","args":[{"element-6066-11e4-a52e-4f735466cecf":"f.A9BC9DC8BF39A612B42A5B0BE44A55ED.d.F4C8546869F4372C05CAFE486C343CC4.e.3720","ELEMENT":"f.A9BC9DC8BF39A612B42A5B0BE44A55ED.d.F4C8546869F4372C05CAFE486C343CC4.e.3720"}]}
COMMAND: POST /session/f577365dd41b286ee97ac3b4ec208177/element/f.A9BC9DC8BF39A612B42A5B0BE44A55ED.d.F4C8546869F4372C05CAFE486C343CC4.e.3720/click - {}
COMMAND: GET /session/f577365dd41b286ee97ac3b4ec208177/screenshot - {}
RESULT: {}
COMMAND: POST /session/f577365dd41b286ee97ac3b4ec208177/element - {"using":"xpath","value":"//span[contains(@id ,\"application-addressmanagement-display-component---detailAdm--addressDetailDetailsName1\")][contains(text(), \"null\")]"}
COMMAND: POST /session/f577365dd41b286ee97ac3b4ec208177/element - {"using":"xpath","value":"(//span[contains(text(), \"null\")])[2]"}
RESULT: {}
COMMAND: GET /session/f577365dd41b286ee97ac3b4ec208177/screenshot - {}
RESULT: {}
RESULT: {"using":"xpath","value":"//span[contains(@id ,\"application-addressmanagement-display-component---detailAdm--addressDetailDetailsName1\")][contains(text(), \"null\")]"}
RESULT: {"using":"xpath","value":"(//span[contains(text(), \"null\")])[2]"}
RESULT: {}
COMMAND: POST /session/f577365dd41b286ee97ac3b4ec208177/element - {"using":"xpath","value":"//span[contains(@id ,\"application-addressmanagement-display-component---detailAdm--addressDetailDetailsName1\")][contains(text(), \"null\")]"}
COMMAND: POST /session/f577365dd41b286ee97ac3b4ec208177/element - {"using":"xpath","value":"(//span[contains(text(), \"null\")])[2]"}
RESULT: {"using":"xpath","value":"//span[contains(@id ,\"application-addressmanagement-display-component---detailAdm--addressDetailDetailsName1\")][contains(text(), \"null\")]"}
RESULT: {"using":"xpath","value":"(//span[contains(text(), \"null\")])[2]"}
COMMAND: POST /session/f577365dd41b286ee97ac3b4ec208177/element - {"using":"xpath","value":"//span[contains(@id ,\"application-addressmanagement-display-component---detailAdm--addressDetailDetailsName1\")][contains(text(), \"null\")]"}
COMMAND: POST /session/f577365dd41b286ee97ac3b4ec208177/element - {"using":"xpath","value":"(//span[contains(text(), \"null\")])[2]"}
RESULT: {"using":"xpath","value":"//span[contains(@id ,\"application-addressmanagement-display-component---detailAdm--addressDetailDetailsName1\")][contains(text(), \"null\")]"}
RESULT: {"using":"xpath","value":"(//span[contains(text(), \"null\")])[2]"}
COMMAND: POST /session/f577365dd41b286ee97ac3b4ec208177/element - {"using":"xpath","value":"//*[contains(@data-kt ,\"ContextMenuId2Link\")][contains(text(), \"RU Overview\")]"}
RESULT: {"using":"xpath","value":"//*[contains(@data-kt ,\"ContextMenuId2Link\")][contains(text(), \"RU Overview\")]"}
COMMAND: POST /session/f577365dd41b286ee97ac3b4ec208177/execute/sync - {"script":"<script> [8489 bytes]","args":[{"element-6066-11e4-a52e-4f735466cecf":"f.A9BC9DC8BF39A612B42A5B0BE44A55ED.d.F4C8546869F4372C05CAFE486C343CC4.e.3722","ELEMENT":"f.A9BC9DC8BF39A612B42A5B0BE44A55ED.d.F4C8546869F4372C05CAFE486C343CC4.e.3722"}]}
COMMAND: POST /session/f577365dd41b286ee97ac3b4ec208177/element/f.A9BC9DC8BF39A612B42A5B0BE44A55ED.d.F4C8546869F4372C05CAFE486C343CC4.e.3722/click - {}
RESULT: {"script":"<script> [8489 bytes]","args":[{"element-6066-11e4-a52e-4f735466cecf":"f.A9BC9DC8BF39A612B42A5B0BE44A55ED.d.F4C8546869F4372C05CAFE486C343CC4.e.3722","ELEMENT":"f.A9BC9DC8BF39A612B42A5B0BE44A55ED.d.F4C8546869F4372C05CAFE486C343CC4.e.3722"}]}
COMMAND: POST /session/f577365dd41b286ee97ac3b4ec208177/element - {"using":"xpath","value":"//span[contains(@id ,\"application-addressmanagement-display-component---detailAdm--addressDetailDetailsName1\")][contains(text(), \"null\")]"}
COMMAND: GET /session/f577365dd41b286ee97ac3b4ec208177/screenshot - {}
COMMAND: POST /session/f577365dd41b286ee97ac3b4ec208177/element - {"using":"xpath","value":"(//span[contains(text(), \"null\")])[2]"}
RESULT: {}
RESULT: {"using":"xpath","value":"//span[contains(@id ,\"application-addressmanagement-display-component---detailAdm--addressDetailDetailsName1\")][contains(text(), \"null\")]"}
COMMAND: GET /session/f577365dd41b286ee97ac3b4ec208177/screenshot - {}
RESULT: {}
RESULT: {"using":"xpath","value":"(//span[contains(text(), \"null\")])[2]"}
COMMAND: POST /session/f577365dd41b286ee97ac3b4ec208177/element - {"using":"xpath","value":"//span[contains(@id ,\"application-addressmanagement-display-component---detailAdm--addressDetailDetailsName1\")][contains(text(), \"null\")]"}
COMMAND: POST /session/f577365dd41b286ee97ac3b4ec208177/element - {"using":"xpath","value":"(//span[contains(text(), \"null\")])[2]"}
RESULT: {}
RESULT: {"using":"xpath","value":"//span[contains(@id ,\"application-addressmanagement-display-component---detailAdm--addressDetailDetailsName1\")][contains(text(), \"null\")]"}
RESULT: {"using":"xpath","value":"(//span[contains(text(), \"null\")])[2]"}
COMMAND: POST /session/f577365dd41b286ee97ac3b4ec208177/element - {"using":"xpath","value":"//span[contains(@id ,\"application-addressmanagement-display-component---detailAdm--addressDetailDetailsName1\")][contains(text(), \"null\")]"}
RESULT: {"using":"xpath","value":"//span[contains(@id ,\"application-addressmanagement-display-component---detailAdm--addressDetailDetailsName1\")][contains(text(), \"null\")]"}
COMMAND: POST /session/f577365dd41b286ee97ac3b4ec208177/element - {"using":"xpath","value":"(//span[contains(text(), \"null\")])[2]"}
RESULT: {"using":"xpath","value":"(//span[contains(text(), \"null\")])[2]"}
COMMAND: POST /session/f577365dd41b286ee97ac3b4ec208177/element - {"using":"xpath","value":"//span[contains(@id ,\"application-addressmanagement-display-component---detailAdm--addressDetailDetailsName1\")][contains(text(), \"null\")]"}
COMMAND: POST /session/f577365dd41b286ee97ac3b4ec208177/element - {"using":"xpath","value":"(//span[contains(text(), \"null\")])[2]"}
RESULT: {"using":"xpath","value":"//span[contains(@id ,\"application-addressmanagement-display-component---detailAdm--addressDetailDetailsName1\")][contains(text(), \"null\")]"}
COMMAND: POST /session/f577365dd41b286ee97ac3b4ec208177/element - {"using":"xpath","value":"//span[contains(@id ,\"application-addressmanagement-display-component---detailAdm--addressDetailDetailsName1\")][contains(text(), \"null\")]"}
RESULT: {"using":"xpath","value":"(//span[contains(text(), \"null\")])[2]"}
RESULT: {"using":"xpath","value":"//span[contains(@id ,\"application-addressmanagement-display-component---detailAdm--addressDetailDetailsName1\")][contains(text(), \"null\")]"}
COMMAND: POST /session/f577365dd41b286ee97ac3b4ec208177/element - {"using":"xpath","value":"(//span[contains(text(), \"null\")])[2]"}
COMMAND: POST /session/f577365dd41b286ee97ac3b4ec208177/element - {"using":"xpath","value":"//span[contains(@id ,\"application-addressmanagement-display-component---detailAdm--addressDetailDetailsName1\")][contains(text(), \"null\")]"}
RESULT: {"using":"xpath","value":"(//span[contains(text(), \"null\")])[2]"}
RESULT: {"using":"xpath","value":"//span[contains(@id ,\"application-addressmanagement-display-component---detailAdm--addressDetailDetailsName1\")][contains(text(), \"null\")]"}
COMMAND: POST /session/f577365dd41b286ee97ac3b4ec208177/element - {"using":"xpath","value":"(//span[contains(text(), \"null\")])[2]"}
COMMAND: POST /session/f577365dd41b286ee97ac3b4ec208177/element - {"using":"xpath","value":"//span[contains(@id ,\"application-addressmanagement-display-component---detailAdm--addressDetailDetailsName1\")][contains(text(), \"null\")]"}
RESULT: {"using":"xpath","value":"(//span[contains(text(), \"null\")])[2]"}
RESULT: {"using":"xpath","value":"//span[contains(@id ,\"application-addressmanagement-display-component---detailAdm--addressDetailDetailsName1\")][contains(text(), \"null\")]"}
COMMAND: POST /session/f577365dd41b286ee97ac3b4ec208177/element - {"using":"xpath","value":"(//span[contains(text(), \"null\")])[2]"}
COMMAND: POST /session/f577365dd41b286ee97ac3b4ec208177/element - {"using":"xpath","value":"//span[contains(@id ,\"application-addressmanagement-display-component---detailAdm--addressDetailDetailsName1\")][contains(text(), \"null\")]"}
RESULT: {"using":"xpath","value":"(//span[contains(text(), \"null\")])[2]"}
RESULT: {"using":"xpath","value":"//span[contains(@id ,\"application-addressmanagement-display-component---detailAdm--addressDetailDetailsName1\")][contains(text(), \"null\")]"}
COMMAND: POST /session/f577365dd41b286ee97ac3b4ec208177/element - {"using":"xpath","value":"(//span[contains(text(), \"null\")])[2]"}
COMMAND: POST /session/f577365dd41b286ee97ac3b4ec208177/element - {"using":"xpath","value":"//span[contains(@id ,\"application-addressmanagement-display-component---detailAdm--addressDetailDetailsName1\")][contains(text(), \"null\")]"}
RESULT: {"using":"xpath","value":"(//span[contains(text(), \"null\")])[2]"}
RESULT: {"using":"xpath","value":"//span[contains(@id ,\"application-addressmanagement-display-component---detailAdm--addressDetailDetailsName1\")][contains(text(), \"null\")]"}
COMMAND: POST /session/f577365dd41b286ee97ac3b4ec208177/element - {"using":"xpath","value":"(//span[contains(text(), \"null\")])[2]"}
COMMAND: POST /session/f577365dd41b286ee97ac3b4ec208177/element - {"using":"xpath","value":"//span[contains(@id ,\"application-addressmanagement-display-component---detailAdm--addressDetailDetailsName1\")][contains(text(), \"null\")]"}
RESULT: {"using":"xpath","value":"(//span[contains(text(), \"null\")])[2]"}
RESULT: {"using":"xpath","value":"//span[contains(@id ,\"application-addressmanagement-display-component---detailAdm--addressDetailDetailsName1\")][contains(text(), \"null\")]"}
COMMAND: POST /session/f577365dd41b286ee97ac3b4ec208177/element - {"using":"xpath","value":"(//span[contains(text(), \"null\")])[2]"}
COMMAND: POST /session/f577365dd41b286ee97ac3b4ec208177/element - {"using":"xpath","value":"//span[contains(@id ,\"application-addressmanagement-display-component---detailAdm--addressDetailDetailsName1\")][contains(text(), \"null\")]"}
RESULT: {"using":"xpath","value":"(//span[contains(text(), \"null\")])[2]"}
RESULT: {"using":"xpath","value":"//span[contains(@id ,\"application-addressmanagement-display-component---detailAdm--addressDetailDetailsName1\")][contains(text(), \"null\")]"}
COMMAND: POST /session/f577365dd41b286ee97ac3b4ec208177/element - {"using":"xpath","value":"(//span[contains(text(), \"null\")])[2]"}
COMMAND: POST /session/f577365dd41b286ee97ac3b4ec208177/element - {"using":"xpath","value":"//span[contains(@id ,\"application-addressmanagement-display-component---detailAdm--addressDetailDetailsName1\")][contains(text(), \"null\")]"}
RESULT: {"using":"xpath","value":"(//span[contains(text(), \"null\")])[2]"}
RESULT: {"using":"xpath","value":"//span[contains(@id ,\"application-addressmanagement-display-component---detailAdm--addressDetailDetailsName1\")][contains(text(), \"null\")]"}
COMMAND: POST /session/f577365dd41b286ee97ac3b4ec208177/element - {"using":"xpath","value":"(//span[contains(text(), \"null\")])[2]"}
COMMAND: POST /session/f577365dd41b286ee97ac3b4ec208177/element - {"using":"xpath","value":"//span[contains(@id ,\"application-addressmanagement-display-component---detailAdm--addressDetailDetailsName1\")][contains(text(), \"null\")]"}
COMMAND: POST /session/f577365dd41b286ee97ac3b4ec208177/element - {"using":"xpath","value":"//span[contains(@id ,\"actionsToolbar-overflowButton-img\")]"}
RESULT: {"using":"xpath","value":"(//span[contains(text(), \"null\")])[2]"}
RESULT: {"using":"xpath","value":"//span[contains(@id ,\"application-addressmanagement-display-component---detailAdm--addressDetailDetailsName1\")][contains(text(), \"null\")]"}
RESULT: {"using":"xpath","value":"//span[contains(@id ,\"actionsToolbar-overflowButton-img\")]"}
COMMAND: POST /session/f577365dd41b286ee97ac3b4ec208177/execute/sync - {"script":"<script> [8489 bytes]","args":[{"element-6066-11e4-a52e-4f735466cecf":"f.A9BC9DC8BF39A612B42A5B0BE44A55ED.d.F4C8546869F4372C05CAFE486C343CC4.e.3978","ELEMENT":"f.A9BC9DC8BF39A612B42A5B0BE44A55ED.d.F4C8546869F4372C05CAFE486C343CC4.e.3978"}]}
COMMAND: POST /session/f577365dd41b286ee97ac3b4ec208177/element - {"using":"xpath","value":"//span[contains(@id ,\"application-addressmanagement-display-component---detailAdm--addressDetailDetailsName1\")][contains(text(), \"null\")]"}
RESULT: {"script":"<script> [8489 bytes]","args":[{"element-6066-11e4-a52e-4f735466cecf":"f.A9BC9DC8BF39A612B42A5B0BE44A55ED.d.F4C8546869F4372C05CAFE486C343CC4.e.3978","ELEMENT":"f.A9BC9DC8BF39A612B42A5B0BE44A55ED.d.F4C8546869F4372C05CAFE486C343CC4.e.3978"}]}
COMMAND: POST /session/f577365dd41b286ee97ac3b4ec208177/execute/sync - {"script":"<script> [5351 bytes]","args":[{"element-6066-11e4-a52e-4f735466cecf":"f.A9BC9DC8BF39A612B42A5B0BE44A55ED.d.F4C8546869F4372C05CAFE486C343CC4.e.3978","ELEMENT":"f.A9BC9DC8BF39A612B42A5B0BE44A55ED.d.F4C8546869F4372C05CAFE486C343CC4.e.3978"}]}
COMMAND: GET /session/f577365dd41b286ee97ac3b4ec208177/screenshot - {}
RESULT: {"using":"xpath","value":"//span[contains(@id ,\"application-addressmanagement-display-component---detailAdm--addressDetailDetailsName1\")][contains(text(), \"null\")]"}
RESULT: {"script":"<script> [5351 bytes]","args":[{"element-6066-11e4-a52e-4f735466cecf":"f.A9BC9DC8BF39A612B42A5B0BE44A55ED.d.F4C8546869F4372C05CAFE486C343CC4.e.3978","ELEMENT":"f.A9BC9DC8BF39A612B42A5B0BE44A55ED.d.F4C8546869F4372C05CAFE486C343CC4.e.3978"}]}
COMMAND: POST /session/f577365dd41b286ee97ac3b4ec208177/element/f.A9BC9DC8BF39A612B42A5B0BE44A55ED.d.F4C8546869F4372C05CAFE486C343CC4.e.3978/click - {}
RESULT: {}
RESULT: {}
COMMAND: GET /session/f577365dd41b286ee97ac3b4ec208177/screenshot - {}
COMMAND: GET /session/f577365dd41b286ee97ac3b4ec208177/screenshot - {}
COMMAND: POST /session/f577365dd41b286ee97ac3b4ec208177/element - {"using":"xpath","value":"//span[contains(@id ,\"application-addressmanagement-display-component---detailAdm--addressDetailDetailsName1\")][contains(text(), \"null\")]"}
RESULT: {}
RESULT: {}
RESULT: {"using":"xpath","value":"//span[contains(@id ,\"application-addressmanagement-display-component---detailAdm--addressDetailDetailsName1\")][contains(text(), \"null\")]"}
COMMAND: POST /session/f577365dd41b286ee97ac3b4ec208177/element - {"using":"xpath","value":"//span[contains(@id ,\"application-addressmanagement-display-component---detailAdm--addressDetailDetailsName1\")][contains(text(), \"null\")]"}
RESULT: {"using":"xpath","value":"//span[contains(@id ,\"application-addressmanagement-display-component---detailAdm--addressDetailDetailsName1\")][contains(text(), \"null\")]"}
COMMAND: POST /session/f577365dd41b286ee97ac3b4ec208177/element - {"using":"xpath","value":"//span[contains(@id ,\"application-addressmanagement-display-component---detailAdm--addressDetailDetailsName1\")][contains(text(), \"null\")]"}
RESULT: {"using":"xpath","value":"//span[contains(@id ,\"application-addressmanagement-display-component---detailAdm--addressDetailDetailsName1\")][contains(text(), \"null\")]"}
COMMAND: POST /session/f577365dd41b286ee97ac3b4ec208177/element - {"using":"xpath","value":"(//bdi[contains(text(), \"Deactivate\")])[1]"}
COMMAND: POST /session/f577365dd41b286ee97ac3b4ec208177/element - {"using":"xpath","value":"//span[contains(@id ,\"application-addressmanagement-display-component---detailAdm--addressDetailDetailsName1\")][contains(text(), \"null\")]"}
RESULT: {"using":"xpath","value":"(//bdi[contains(text(), \"Deactivate\")])[1]"}
COMMAND: POST /session/f577365dd41b286ee97ac3b4ec208177/element/f.A9BC9DC8BF39A612B42A5B0BE44A55ED.d.F4C8546869F4372C05CAFE486C343CC4.e.3983/click - {}
RESULT: {"using":"xpath","value":"//span[contains(@id ,\"application-addressmanagement-display-component---detailAdm--addressDetailDetailsName1\")][contains(text(), \"null\")]"}
RESULT: {}
COMMAND: GET /session/f577365dd41b286ee97ac3b4ec208177/screenshot - {}
COMMAND: POST /session/f577365dd41b286ee97ac3b4ec208177/element - {"using":"xpath","value":"//span[contains(@id ,\"application-addressmanagement-display-component---detailAdm--addressDetailDetailsName1\")][contains(text(), \"null\")]"}
RESULT: {}
RESULT: {"using":"xpath","value":"//span[contains(@id ,\"application-addressmanagement-display-component---detailAdm--addressDetailDetailsName1\")][contains(text(), \"null\")]"}
COMMAND: POST /session/f577365dd41b286ee97ac3b4ec208177/element - {"using":"xpath","value":"//span[contains(@id ,\"application-addressmanagement-display-component---detailAdm--addressDetailDetailsName1\")][contains(text(), \"null\")]"}
RESULT: {"using":"xpath","value":"//span[contains(@id ,\"application-addressmanagement-display-component---detailAdm--addressDetailDetailsName1\")][contains(text(), \"null\")]"}
COMMAND: POST /session/f577365dd41b286ee97ac3b4ec208177/element - {"using":"xpath","value":"//span[contains(@id ,\"application-addressmanagement-display-component---detailAdm--addressDetailDetailsName1\")][contains(text(), \"null\")]"}
RESULT: {"using":"xpath","value":"//span[contains(@id ,\"application-addressmanagement-display-component---detailAdm--addressDetailDetailsName1\")][contains(text(), \"null\")]"}
COMMAND: POST /session/f577365dd41b286ee97ac3b4ec208177/element - {"using":"xpath","value":"(//bdi[contains(text(), \"OK\")])[1]"}
RESULT: {"using":"xpath","value":"(//bdi[contains(text(), \"OK\")])[1]"}
COMMAND: POST /session/f577365dd41b286ee97ac3b4ec208177/element/f.A9BC9DC8BF39A612B42A5B0BE44A55ED.d.F4C8546869F4372C05CAFE486C343CC4.e.3986/click - {}
COMMAND: POST /session/f577365dd41b286ee97ac3b4ec208177/element - {"using":"xpath","value":"//span[contains(@id ,\"application-addressmanagement-display-component---detailAdm--addressDetailDetailsName1\")][contains(text(), \"null\")]"}
RESULT: {}
RESULT: {"using":"xpath","value":"//span[contains(@id ,\"application-addressmanagement-display-component---detailAdm--addressDetailDetailsName1\")][contains(text(), \"null\")]"}
COMMAND: GET /session/f577365dd41b286ee97ac3b4ec208177/screenshot - {}
COMMAND: POST /session/f577365dd41b286ee97ac3b4ec208177/element - {"using":"xpath","value":"//span[contains(@id ,\"application-addressmanagement-display-component---detailAdm--addressDetailDetailsName1\")][contains(text(), \"null\")]"}
RESULT: {}
RESULT: {"using":"xpath","value":"//span[contains(@id ,\"application-addressmanagement-display-component---detailAdm--addressDetailDetailsName1\")][contains(text(), \"null\")]"}
COMMAND: POST /session/f577365dd41b286ee97ac3b4ec208177/element - {"using":"xpath","value":"//span[contains(@id ,\"application-addressmanagement-display-component---detailAdm--addressDetailDetailsName1\")][contains(text(), \"null\")]"}
RESULT: {"using":"xpath","value":"//span[contains(@id ,\"application-addressmanagement-display-component---detailAdm--addressDetailDetailsName1\")][contains(text(), \"null\")]"}
COMMAND: POST /session/f577365dd41b286ee97ac3b4ec208177/element - {"using":"xpath","value":"//span[contains(@id ,\"application-addressmanagement-display-component---detailAdm--addressDetailDetailsName1\")][contains(text(), \"null\")]"}
RESULT: {"using":"xpath","value":"//span[contains(@id ,\"application-addressmanagement-display-component---detailAdm--addressDetailDetailsName1\")][contains(text(), \"null\")]"}
COMMAND: POST /session/f577365dd41b286ee97ac3b4ec208177/element - {"using":"xpath","value":"//span[contains(@id ,\"application-addressmanagement-display-component---detailAdm--addressDetailDetailsName1\")][contains(text(), \"null\")]"}
RESULT: {"using":"xpath","value":"//span[contains(@id ,\"application-addressmanagement-display-component---detailAdm--addressDetailDetailsName1\")][contains(text(), \"null\")]"}
COMMAND: POST /session/f577365dd41b286ee97ac3b4ec208177/element - {"using":"xpath","value":"//input[contains(@id ,\"application-manageresources-display-component---masterRU--smartFilterBar-btnBasicSearch-I\")]"}
RESULT: {"using":"xpath","value":"//input[contains(@id ,\"application-manageresources-display-component---masterRU--smartFilterBar-btnBasicSearch-I\")]"}
COMMAND: POST /session/f577365dd41b286ee97ac3b4ec208177/element/f.A9BC9DC8BF39A612B42A5B0BE44A55ED.d.F4C8546869F4372C05CAFE486C343CC4.e.3734/value - {"text":"WdIORUGroup0gp3j"}
RESULT: {"text":"WdIORUGroup0gp3j"}
COMMAND: GET /session/f577365dd41b286ee97ac3b4ec208177/screenshot - {}
COMMAND: POST /session/f577365dd41b286ee97ac3b4ec208177/element - {"using":"xpath","value":"//span[contains(@id ,\"application-addressmanagement-display-component---detailAdm--addressDetailDetailsName1\")][contains(text(), \"null\")]"}
RESULT: {}
RESULT: {"using":"xpath","value":"//span[contains(@id ,\"application-addressmanagement-display-component---detailAdm--addressDetailDetailsName1\")][contains(text(), \"null\")]"}
COMMAND: POST /session/f577365dd41b286ee97ac3b4ec208177/element - {"using":"xpath","value":"//span[contains(@id ,\"application-addressmanagement-display-component---detailAdm--addressDetailDetailsName1\")][contains(text(), \"null\")]"}
RESULT: {"using":"xpath","value":"//span[contains(@id ,\"application-addressmanagement-display-component---detailAdm--addressDetailDetailsName1\")][contains(text(), \"null\")]"}
COMMAND: POST /session/f577365dd41b286ee97ac3b4ec208177/actions - {"actions":[{"id":"action13","type":"key","parameters":{},"actions":[{"type":"keyDown","value":"î€‡"},{"type":"pause","duration":10},{"type":"keyUp","value":"î€‡"}]}]}
RESULT: {"actions":[{"id":"action13","type":"key","parameters":{},"actions":[{"type":"keyDown","value":"î€‡"},{"type":"pause","duration":10},{"type":"keyUp","value":"î€‡"}]}]}
COMMAND: GET /session/f577365dd41b286ee97ac3b4ec208177/screenshot - {}
RESULT: {}
COMMAND: POST /session/f577365dd41b286ee97ac3b4ec208177/element - {"using":"xpath","value":"//span[contains(text(), \"WdIORUGroup0gp3j\")][contains(@class ,\"sapMText sapUiSelectable sapMTextBreakWord sapMTextMaxWidth\")]"}
RESULT: {"using":"xpath","value":"//span[contains(text(), \"WdIORUGroup0gp3j\")][contains(@class ,\"sapMText sapUiSelectable sapMTextBreakWord sapMTextMaxWidth\")]"}
COMMAND: POST /session/f577365dd41b286ee97ac3b4ec208177/elements - {"using":"xpath","value":"//span[contains(text(), \"WdIORUGroup0gp3j\")][contains(@class ,\"sapMText sapUiSelectable sapMTextBreakWord sapMTextMaxWidth\")]"}
RESULT: {"using":"xpath","value":"//span[contains(text(), \"WdIORUGroup0gp3j\")][contains(@class ,\"sapMText sapUiSelectable sapMTextBreakWord sapMTextMaxWidth\")]"}
COMMAND: POST /session/f577365dd41b286ee97ac3b4ec208177/elements - {"using":"xpath","value":"//span[contains(text(), \"WdIORUGroup0gp3j\")][contains(@class ,\"sapMText sapUiSelectable sapMTextBreakWord sapMTextMaxWidth\")]"}
RESULT: {"using":"xpath","value":"//span[contains(text(), \"WdIORUGroup0gp3j\")][contains(@class ,\"sapMText sapUiSelectable sapMTextBreakWord sapMTextMaxWidth\")]"}
COMMAND: POST /session/f577365dd41b286ee97ac3b4ec208177/element - {"using":"xpath","value":"//span[contains(text(), \"WdIORUGroup0gp3j\")][contains(@class ,\"sapMText sapUiSelectable sapMTextBreakWord sapMTextMaxWidth\")]"}
RESULT: {"using":"xpath","value":"//span[contains(text(), \"WdIORUGroup0gp3j\")][contains(@class ,\"sapMText sapUiSelectable sapMTextBreakWord sapMTextMaxWidth\")]"}
COMMAND: POST /session/f577365dd41b286ee97ac3b4ec208177/element/f.A9BC9DC8BF39A612B42A5B0BE44A55ED.d.F4C8546869F4372C05CAFE486C343CC4.e.4259/click - {}
RESULT: {}
COMMAND: GET /session/f577365dd41b286ee97ac3b4ec208177/screenshot - {}
RESULT: {}
COMMAND: POST /session/f577365dd41b286ee97ac3b4ec208177/element - {"using":"xpath","value":"//bdi[contains(@id ,\"application-manageresources-display-component---detailRU--openRelatedRus-BDI-content\")]"}
RESULT: {"using":"xpath","value":"//bdi[contains(@id ,\"application-manageresources-display-component---detailRU--openRelatedRus-BDI-content\")]"}
COMMAND: POST /session/f577365dd41b286ee97ac3b4ec208177/execute/sync - {"script":"<script> [8489 bytes]","args":[{"element-6066-11e4-a52e-4f735466cecf":"f.A9BC9DC8BF39A612B42A5B0BE44A55ED.d.F4C8546869F4372C05CAFE486C343CC4.e.4313","ELEMENT":"f.A9BC9DC8BF39A612B42A5B0BE44A55ED.d.F4C8546869F4372C05CAFE486C343CC4.e.4313"}]}
RESULT: {"script":"<script> [8489 bytes]","args":[{"element-6066-11e4-a52e-4f735466cecf":"f.A9BC9DC8BF39A612B42A5B0BE44A55ED.d.F4C8546869F4372C05CAFE486C343CC4.e.4313","ELEMENT":"f.A9BC9DC8BF39A612B42A5B0BE44A55ED.d.F4C8546869F4372C05CAFE486C343CC4.e.4313"}]}
COMMAND: POST /session/f577365dd41b286ee97ac3b4ec208177/execute/sync - {"script":"<script> [5351 bytes]","args":[{"element-6066-11e4-a52e-4f735466cecf":"f.A9BC9DC8BF39A612B42A5B0BE44A55ED.d.F4C8546869F4372C05CAFE486C343CC4.e.4313","ELEMENT":"f.A9BC9DC8BF39A612B42A5B0BE44A55ED.d.F4C8546869F4372C05CAFE486C343CC4.e.4313"}]}
COMMAND: GET /session/f577365dd41b286ee97ac3b4ec208177/screenshot - {}
RESULT: {"script":"<script> [5351 bytes]","args":[{"element-6066-11e4-a52e-4f735466cecf":"f.A9BC9DC8BF39A612B42A5B0BE44A55ED.d.F4C8546869F4372C05CAFE486C343CC4.e.4313","ELEMENT":"f.A9BC9DC8BF39A612B42A5B0BE44A55ED.d.F4C8546869F4372C05CAFE486C343CC4.e.4313"}]}
COMMAND: POST /session/f577365dd41b286ee97ac3b4ec208177/element/f.A9BC9DC8BF39A612B42A5B0BE44A55ED.d.F4C8546869F4372C05CAFE486C343CC4.e.4313/click - {}
COMMAND: GET /session/f577365dd41b286ee97ac3b4ec208177/screenshot - {}
RESULT: {}
RESULT: {}
COMMAND: GET /session/f577365dd41b286ee97ac3b4ec208177/screenshot - {}
RESULT: {}
RESULT: {}
RESULT: undefined
COMMAND: POST /session/f577365dd41b286ee97ac3b4ec208177/execute/async - {"script":"<script> [6424 bytes]","args":[{"element-6066-11e4-a52e-4f735466cecf":"f.A9BC9DC8BF39A612B42A5B0BE44A55ED.d.F4C8546869F4372C05CAFE486C343CC4.e.2129"},"getText",[]]}
COMMAND: POST /session/f577365dd41b286ee97ac3b4ec208177/execute/async - {"script":"<script> [1562 bytes]","args":[{"selector":{"id":"RelatedRUsFragmentID--smartTableRUs-header","searchOpenDialogs":true},"wdio_ui5_key":"RelatedRUsFragmentIDsmartTableRUs-header"}]}
RESULT: {"script":"<script> [1562 bytes]","args":[{"selector":{"id":"RelatedRUsFragmentID--smartTableRUs-header","searchOpenDialogs":true},"wdio_ui5_key":"RelatedRUsFragmentIDsmartTableRUs-header"}]}
COMMAND: POST /session/f577365dd41b286ee97ac3b4ec208177/execute/async - {"script":"<script> [6424 bytes]","args":[{"element-6066-11e4-a52e-4f735466cecf":"f.A9BC9DC8BF39A612B42A5B0BE44A55ED.d.F4C8546869F4372C05CAFE486C343CC4.e.4319"},"getText",[]]}
RESULT: {"script":"<script> [6424 bytes]","args":[{"element-6066-11e4-a52e-4f735466cecf":"f.A9BC9DC8BF39A612B42A5B0BE44A55ED.d.F4C8546869F4372C05CAFE486C343CC4.e.4319"},"getText",[]]}
COMMAND: POST /session/f577365dd41b286ee97ac3b4ec208177/element - {"using":"xpath","value":"//span[contains(text(), \"WdIORUEquip15e4nuk\")]"}
RESULT: {"using":"xpath","value":"//span[contains(text(), \"WdIORUEquip15e4nuk\")]"}
COMMAND: POST /session/f577365dd41b286ee97ac3b4ec208177/element - {"using":"xpath","value":"//span[contains(text(), \"WdIORUEquip15e4nuk\")]"}
RESULT: {"using":"xpath","value":"//span[contains(text(), \"WdIORUEquip15e4nuk\")]"}
COMMAND: DELETE /session/f577365dd41b286ee97ac3b4ec208177 - {}
RESULT: {}
]]></system-out>
    </testcase>
  </testsuite>
</testsuites>