<?xml version="1.0" encoding="UTF-8"?>
<testsuites tests="6" failures="4" errors="4" skipped="0">
  <testsuite timestamp="2025-05-07T16:33:58" time="890.918" tests="6" failures="4" errors="4" skipped="0">
    <properties>
      <property name="specId" value="0" />
      <property name="suiteName" value="RU Inventory Mass State Change Multiple Items US151066" />
      <property name="capabilities" value="chrome.135_0_7049_115.windows" />
      <property name="file" value="file:///D:/a/1/s/test/specs/HTR/ru-inv-list-mass-state-change.spec.js" />
    </properties>
    <testcase classname="chrome.135_0_7049_115.windows.RU_Inventory_Mass_State_Change_Multiple_Items_US151066" name="Step 1 Should do a RU inventory mass state change on chosen yard 109 with the resources available one equipment multipart one tool pool" time="333.957">
      <system-out><![CDATA[
COMMAND: POST /session/a8428c741072a9dba60f1289e89eec31/execute/async - {"script":"<script> [1562 bytes]","args":[{"selector":{"controlType":"sap.m.GenericTile","properties":{"header":"RU Inventory List"}},"wdio_ui5_key":"sapm.GenericTile{\"header\":\"RU Inventory List\"}"}]}
RESULT: {"script":"<script> [1562 bytes]","args":[{"selector":{"controlType":"sap.m.GenericTile","properties":{"header":"RU Inventory List"}},"wdio_ui5_key":"sapm.GenericTile{\"header\":\"RU Inventory List\"}"}]}
RESULT: undefined
COMMAND: POST /session/a8428c741072a9dba60f1289e89eec31/element - {"using":"xpath","value":"//*[@id=\"__tile99\"]"}
RESULT: {"using":"xpath","value":"//*[@id=\"__tile99\"]"}
COMMAND: POST /session/a8428c741072a9dba60f1289e89eec31/element/f.61D523AD244D725F0F466081CD3EF8F5.d.0A89BC0D15375A8BE82E4381F6BD1523.e.261/click - {}
RESULT: {}
COMMAND: POST /session/a8428c741072a9dba60f1289e89eec31/element - {"using":"xpath","value":"//button[contains(@id, \"massStateBtn\")]"}
COMMAND: GET /session/a8428c741072a9dba60f1289e89eec31/screenshot - {}
RESULT: {"using":"xpath","value":"//button[contains(@id, \"massStateBtn\")]"}
COMMAND: POST /session/a8428c741072a9dba60f1289e89eec31/elements - {"using":"xpath","value":"//button[contains(@id, \"massStateBtn\")]"}
RESULT: {}
RESULT: {"using":"xpath","value":"//button[contains(@id, \"massStateBtn\")]"}
COMMAND: POST /session/a8428c741072a9dba60f1289e89eec31/elements - {"using":"xpath","value":"//button[contains(@id, \"massStateBtn\")]"}
RESULT: {"using":"xpath","value":"//button[contains(@id, \"massStateBtn\")]"}
COMMAND: POST /session/a8428c741072a9dba60f1289e89eec31/elements - {"using":"xpath","value":"//button[contains(@id, \"massStateBtn\")]"}
RESULT: {"using":"xpath","value":"//button[contains(@id, \"massStateBtn\")]"}
COMMAND: POST /session/a8428c741072a9dba60f1289e89eec31/elements - {"using":"xpath","value":"//button[contains(@id, \"massStateBtn\")]"}
RESULT: {"using":"xpath","value":"//button[contains(@id, \"massStateBtn\")]"}
COMMAND: POST /session/a8428c741072a9dba60f1289e89eec31/elements - {"using":"xpath","value":"//button[contains(@id, \"massStateBtn\")]"}
RESULT: {"using":"xpath","value":"//button[contains(@id, \"massStateBtn\")]"}
COMMAND: POST /session/a8428c741072a9dba60f1289e89eec31/elements - {"using":"xpath","value":"//button[contains(@id, \"massStateBtn\")]"}
RESULT: {"using":"xpath","value":"//button[contains(@id, \"massStateBtn\")]"}
COMMAND: POST /session/a8428c741072a9dba60f1289e89eec31/elements - {"using":"xpath","value":"//button[contains(@id, \"massStateBtn\")]"}
RESULT: {"using":"xpath","value":"//button[contains(@id, \"massStateBtn\")]"}
COMMAND: POST /session/a8428c741072a9dba60f1289e89eec31/elements - {"using":"xpath","value":"//button[contains(@id, \"massStateBtn\")]"}
RESULT: {"using":"xpath","value":"//button[contains(@id, \"massStateBtn\")]"}
COMMAND: POST /session/a8428c741072a9dba60f1289e89eec31/elements - {"using":"xpath","value":"//button[contains(@id, \"massStateBtn\")]"}
RESULT: {"using":"xpath","value":"//button[contains(@id, \"massStateBtn\")]"}
COMMAND: POST /session/a8428c741072a9dba60f1289e89eec31/elements - {"using":"xpath","value":"//button[contains(@id, \"massStateBtn\")]"}
RESULT: {"using":"xpath","value":"//button[contains(@id, \"massStateBtn\")]"}
COMMAND: POST /session/a8428c741072a9dba60f1289e89eec31/elements - {"using":"xpath","value":"//button[contains(@id, \"massStateBtn\")]"}
RESULT: {"using":"xpath","value":"//button[contains(@id, \"massStateBtn\")]"}
COMMAND: POST /session/a8428c741072a9dba60f1289e89eec31/elements - {"using":"xpath","value":"//button[contains(@id, \"massStateBtn\")]"}
RESULT: {"using":"xpath","value":"//button[contains(@id, \"massStateBtn\")]"}
COMMAND: POST /session/a8428c741072a9dba60f1289e89eec31/elements - {"using":"xpath","value":"//button[contains(@id, \"massStateBtn\")]"}
RESULT: {"using":"xpath","value":"//button[contains(@id, \"massStateBtn\")]"}
COMMAND: POST /session/a8428c741072a9dba60f1289e89eec31/elements - {"using":"xpath","value":"//button[contains(@id, \"massStateBtn\")]"}
RESULT: {"using":"xpath","value":"//button[contains(@id, \"massStateBtn\")]"}
COMMAND: POST /session/a8428c741072a9dba60f1289e89eec31/elements - {"using":"xpath","value":"//button[contains(@id, \"massStateBtn\")]"}
RESULT: {"using":"xpath","value":"//button[contains(@id, \"massStateBtn\")]"}
COMMAND: POST /session/a8428c741072a9dba60f1289e89eec31/elements - {"using":"xpath","value":"//button[contains(@id, \"massStateBtn\")]"}
RESULT: {"using":"xpath","value":"//button[contains(@id, \"massStateBtn\")]"}
COMMAND: POST /session/a8428c741072a9dba60f1289e89eec31/elements - {"using":"xpath","value":"//button[contains(@id, \"massStateBtn\")]"}
RESULT: {"using":"xpath","value":"//button[contains(@id, \"massStateBtn\")]"}
COMMAND: POST /session/a8428c741072a9dba60f1289e89eec31/elements - {"using":"xpath","value":"//button[contains(@id, \"massStateBtn\")]"}
RESULT: {"using":"xpath","value":"//button[contains(@id, \"massStateBtn\")]"}
COMMAND: POST /session/a8428c741072a9dba60f1289e89eec31/elements - {"using":"xpath","value":"//button[contains(@id, \"massStateBtn\")]"}
RESULT: {"using":"xpath","value":"//button[contains(@id, \"massStateBtn\")]"}
COMMAND: POST /session/a8428c741072a9dba60f1289e89eec31/elements - {"using":"xpath","value":"//button[contains(@id, \"massStateBtn\")]"}
RESULT: {"using":"xpath","value":"//button[contains(@id, \"massStateBtn\")]"}
COMMAND: POST /session/a8428c741072a9dba60f1289e89eec31/elements - {"using":"xpath","value":"//button[contains(@id, \"massStateBtn\")]"}
RESULT: {"using":"xpath","value":"//button[contains(@id, \"massStateBtn\")]"}
COMMAND: POST /session/a8428c741072a9dba60f1289e89eec31/elements - {"using":"xpath","value":"//button[contains(@id, \"massStateBtn\")]"}
RESULT: {"using":"xpath","value":"//button[contains(@id, \"massStateBtn\")]"}
COMMAND: POST /session/a8428c741072a9dba60f1289e89eec31/elements - {"using":"xpath","value":"//button[contains(@id, \"massStateBtn\")]"}
RESULT: {"using":"xpath","value":"//button[contains(@id, \"massStateBtn\")]"}
COMMAND: POST /session/a8428c741072a9dba60f1289e89eec31/elements - {"using":"xpath","value":"//button[contains(@id, \"massStateBtn\")]"}
RESULT: {"using":"xpath","value":"//button[contains(@id, \"massStateBtn\")]"}
COMMAND: POST /session/a8428c741072a9dba60f1289e89eec31/elements - {"using":"xpath","value":"//button[contains(@id, \"massStateBtn\")]"}
RESULT: {"using":"xpath","value":"//button[contains(@id, \"massStateBtn\")]"}
COMMAND: POST /session/a8428c741072a9dba60f1289e89eec31/elements - {"using":"xpath","value":"//button[contains(@id, \"massStateBtn\")]"}
RESULT: {"using":"xpath","value":"//button[contains(@id, \"massStateBtn\")]"}
COMMAND: POST /session/a8428c741072a9dba60f1289e89eec31/elements - {"using":"xpath","value":"//button[contains(@id, \"massStateBtn\")]"}
RESULT: {"using":"xpath","value":"//button[contains(@id, \"massStateBtn\")]"}
COMMAND: POST /session/a8428c741072a9dba60f1289e89eec31/elements - {"using":"xpath","value":"//button[contains(@id, \"massStateBtn\")]"}
RESULT: {"using":"xpath","value":"//button[contains(@id, \"massStateBtn\")]"}
COMMAND: POST /session/a8428c741072a9dba60f1289e89eec31/elements - {"using":"xpath","value":"//button[contains(@id, \"massStateBtn\")]"}
RESULT: {"using":"xpath","value":"//button[contains(@id, \"massStateBtn\")]"}
COMMAND: POST /session/a8428c741072a9dba60f1289e89eec31/elements - {"using":"xpath","value":"//button[contains(@id, \"massStateBtn\")]"}
RESULT: {"using":"xpath","value":"//button[contains(@id, \"massStateBtn\")]"}
COMMAND: POST /session/a8428c741072a9dba60f1289e89eec31/element - {"using":"xpath","value":"//button[contains(@id, \"massStateBtn\")]"}
RESULT: {"using":"xpath","value":"//button[contains(@id, \"massStateBtn\")]"}
COMMAND: POST /session/a8428c741072a9dba60f1289e89eec31/execute/sync - {"script":"<script> [8489 bytes]","args":[{"element-6066-11e4-a52e-4f735466cecf":"f.61D523AD244D725F0F466081CD3EF8F5.d.0A89BC0D15375A8BE82E4381F6BD1523.e.298","ELEMENT":"f.61D523AD244D725F0F466081CD3EF8F5.d.0A89BC0D15375A8BE82E4381F6BD1523.e.298"}]}
RESULT: {"script":"<script> [8489 bytes]","args":[{"element-6066-11e4-a52e-4f735466cecf":"f.61D523AD244D725F0F466081CD3EF8F5.d.0A89BC0D15375A8BE82E4381F6BD1523.e.298","ELEMENT":"f.61D523AD244D725F0F466081CD3EF8F5.d.0A89BC0D15375A8BE82E4381F6BD1523.e.298"}]}
COMMAND: GET /session/a8428c741072a9dba60f1289e89eec31/element/f.61D523AD244D725F0F466081CD3EF8F5.d.0A89BC0D15375A8BE82E4381F6BD1523.e.298/enabled - {}
COMMAND: GET /session/a8428c741072a9dba60f1289e89eec31/screenshot - {}
RESULT: {}
COMMAND: POST /session/a8428c741072a9dba60f1289e89eec31/execute/sync - {"script":"<script> [8489 bytes]","args":[{"element-6066-11e4-a52e-4f735466cecf":"f.61D523AD244D725F0F466081CD3EF8F5.d.0A89BC0D15375A8BE82E4381F6BD1523.e.298","ELEMENT":"f.61D523AD244D725F0F466081CD3EF8F5.d.0A89BC0D15375A8BE82E4381F6BD1523.e.298"}]}
COMMAND: GET /session/a8428c741072a9dba60f1289e89eec31/screenshot - {}
RESULT: {}
RESULT: {"script":"<script> [8489 bytes]","args":[{"element-6066-11e4-a52e-4f735466cecf":"f.61D523AD244D725F0F466081CD3EF8F5.d.0A89BC0D15375A8BE82E4381F6BD1523.e.298","ELEMENT":"f.61D523AD244D725F0F466081CD3EF8F5.d.0A89BC0D15375A8BE82E4381F6BD1523.e.298"}]}
COMMAND: POST /session/a8428c741072a9dba60f1289e89eec31/execute/sync - {"script":"<script> [5351 bytes]","args":[{"element-6066-11e4-a52e-4f735466cecf":"f.61D523AD244D725F0F466081CD3EF8F5.d.0A89BC0D15375A8BE82E4381F6BD1523.e.298","ELEMENT":"f.61D523AD244D725F0F466081CD3EF8F5.d.0A89BC0D15375A8BE82E4381F6BD1523.e.298"}]}
COMMAND: GET /session/a8428c741072a9dba60f1289e89eec31/screenshot - {}
RESULT: {}
RESULT: {"script":"<script> [5351 bytes]","args":[{"element-6066-11e4-a52e-4f735466cecf":"f.61D523AD244D725F0F466081CD3EF8F5.d.0A89BC0D15375A8BE82E4381F6BD1523.e.298","ELEMENT":"f.61D523AD244D725F0F466081CD3EF8F5.d.0A89BC0D15375A8BE82E4381F6BD1523.e.298"}]}
COMMAND: POST /session/a8428c741072a9dba60f1289e89eec31/element/f.61D523AD244D725F0F466081CD3EF8F5.d.0A89BC0D15375A8BE82E4381F6BD1523.e.298/click - {}
COMMAND: GET /session/a8428c741072a9dba60f1289e89eec31/screenshot - {}
RESULT: {}
RESULT: {}
COMMAND: GET /session/a8428c741072a9dba60f1289e89eec31/screenshot - {}
RESULT: {}
RESULT: {}
COMMAND: POST /session/a8428c741072a9dba60f1289e89eec31/execute/async - {"script":"<script> [1562 bytes]","args":[{"selector":{"id":"application-ruinventorylist-display-component---Master--ruLocationTypeComboBox-arrow"},"wdio_ui5_key":"applicationruinventorylist-display-component---Master--ruLocationTypeComboBox-arrow"}]}
RESULT: {"script":"<script> [1562 bytes]","args":[{"selector":{"id":"application-ruinventorylist-display-component---Master--ruLocationTypeComboBox-arrow"},"wdio_ui5_key":"applicationruinventorylist-display-component---Master--ruLocationTypeComboBox-arrow"}]}
RESULT: undefined
COMMAND: POST /session/a8428c741072a9dba60f1289e89eec31/element - {"using":"xpath","value":"//*[@id=\"application-ruinventorylist-display-component---Master--ruLocationTypeComboBox-arrow\"]"}
RESULT: {"using":"xpath","value":"//*[@id=\"application-ruinventorylist-display-component---Master--ruLocationTypeComboBox-arrow\"]"}
COMMAND: POST /session/a8428c741072a9dba60f1289e89eec31/element/f.61D523AD244D725F0F466081CD3EF8F5.d.0A89BC0D15375A8BE82E4381F6BD1523.e.653/click - {}
RESULT: {}
COMMAND: GET /session/a8428c741072a9dba60f1289e89eec31/screenshot - {}
RESULT: {}
COMMAND: POST /session/a8428c741072a9dba60f1289e89eec31/element - {"using":"xpath","value":"//li[.//span[text()='Yard']]"}
RESULT: {"using":"xpath","value":"//li[.//span[text()='Yard']]"}
COMMAND: POST /session/a8428c741072a9dba60f1289e89eec31/element/f.61D523AD244D725F0F466081CD3EF8F5.d.0A89BC0D15375A8BE82E4381F6BD1523.e.654/click - {}
RESULT: {}
COMMAND: GET /session/a8428c741072a9dba60f1289e89eec31/screenshot - {}
RESULT: {}
COMMAND: POST /session/a8428c741072a9dba60f1289e89eec31/execute/async - {"script":"<script> [1562 bytes]","args":[{"selector":{"id":"application-ruinventorylist-display-component---Master--smartFilterBar-filterItemControl_BASIC-YARD-vhi"},"wdio_ui5_key":"applicationruinventorylist-display-component---Master--smartFilterBar-filterItemControl_BASIC-YARD-vhi"}]}
RESULT: {"script":"<script> [1562 bytes]","args":[{"selector":{"id":"application-ruinventorylist-display-component---Master--smartFilterBar-filterItemControl_BASIC-YARD-vhi"},"wdio_ui5_key":"applicationruinventorylist-display-component---Master--smartFilterBar-filterItemControl_BASIC-YARD-vhi"}]}
RESULT: undefined
COMMAND: POST /session/a8428c741072a9dba60f1289e89eec31/element - {"using":"xpath","value":"//*[@id=\"application-ruinventorylist-display-component---Master--smartFilterBar-filterItemControl_BASIC-YARD-vhi\"]"}
RESULT: {"using":"xpath","value":"//*[@id=\"application-ruinventorylist-display-component---Master--smartFilterBar-filterItemControl_BASIC-YARD-vhi\"]"}
COMMAND: POST /session/a8428c741072a9dba60f1289e89eec31/element/f.61D523AD244D725F0F466081CD3EF8F5.d.0A89BC0D15375A8BE82E4381F6BD1523.e.723/click - {}
RESULT: {}
COMMAND: GET /session/a8428c741072a9dba60f1289e89eec31/screenshot - {}
RESULT: {}
COMMAND: POST /session/a8428c741072a9dba60f1289e89eec31/execute/async - {"script":"<script> [1562 bytes]","args":[{"selector":{"id":"application-ruinventorylist-display-component---Master--smartFilterBar-filterItemControl_BASIC-YARD-valueHelpDialog-smartFilterBar-btnBasicSearch","searchOpenDialogs":true,"interaction":{"idSuffix":"I"}},"wdio_ui5_key":"applicationruinventorylist-display-component---Master--smartFilterBar-filterItemControl_BASIC-YARD-valueHelpDialog-smartFilterBar-btnBasicSearch"}]}
RESULT: {"script":"<script> [1562 bytes]","args":[{"selector":{"id":"application-ruinventorylist-display-component---Master--smartFilterBar-filterItemControl_BASIC-YARD-valueHelpDialog-smartFilterBar-btnBasicSearch","searchOpenDialogs":true,"interaction":{"idSuffix":"I"}},"wdio_ui5_key":"applicationruinventorylist-display-component---Master--smartFilterBar-filterItemControl_BASIC-YARD-valueHelpDialog-smartFilterBar-btnBasicSearch"}]}
RESULT: undefined
COMMAND: POST /session/a8428c741072a9dba60f1289e89eec31/execute/async - {"script":"<script> [776 bytes]","args":[{"enterText":"109","selector":{"id":"application-ruinventorylist-display-component---Master--smartFilterBar-filterItemControl_BASIC-YARD-valueHelpDialog-smartFilterBar-btnBasicSearch","searchOpenDialogs":true,"interaction":{"idSuffix":"I"}},"clearTextFirst":true,"interactionType":"ENTER_TEXT"}]}
RESULT: {"script":"<script> [776 bytes]","args":[{"enterText":"109","selector":{"id":"application-ruinventorylist-display-component---Master--smartFilterBar-filterItemControl_BASIC-YARD-valueHelpDialog-smartFilterBar-btnBasicSearch","searchOpenDialogs":true,"interaction":{"idSuffix":"I"}},"clearTextFirst":true,"interactionType":"ENTER_TEXT"}]}
COMMAND: POST /session/a8428c741072a9dba60f1289e89eec31/actions - {"actions":[{"id":"action1","type":"key","parameters":{},"actions":[{"type":"keyDown","value":"î€‡"},{"type":"pause","duration":10},{"type":"keyUp","value":"î€‡"}]}]}
RESULT: {"actions":[{"id":"action1","type":"key","parameters":{},"actions":[{"type":"keyDown","value":"î€‡"},{"type":"pause","duration":10},{"type":"keyUp","value":"î€‡"}]}]}
COMMAND: GET /session/a8428c741072a9dba60f1289e89eec31/screenshot - {}
RESULT: {}
COMMAND: POST /session/a8428c741072a9dba60f1289e89eec31/elements - {"using":"xpath","value":"//table[contains(@id, \"filterItemControl_BASIC-YARD-valueHelpDialog-table-table\")]/tbody/tr"}
RESULT: {"using":"xpath","value":"//table[contains(@id, \"filterItemControl_BASIC-YARD-valueHelpDialog-table-table\")]/tbody/tr"}
COMMAND: POST /session/a8428c741072a9dba60f1289e89eec31/element - {"using":"xpath","value":"//table[contains(@id, \"filterItemControl_BASIC-YARD-valueHelpDialog-table-table\")]/tbody/tr[1]/td[1]/div/span"}
RESULT: {"using":"xpath","value":"//table[contains(@id, \"filterItemControl_BASIC-YARD-valueHelpDialog-table-table\")]/tbody/tr[1]/td[1]/div/span"}
COMMAND: POST /session/a8428c741072a9dba60f1289e89eec31/elements - {"using":"xpath","value":"//table[contains(@id, \"filterItemControl_BASIC-YARD-valueHelpDialog-table-table\")]/tbody/tr[1]/td[1]/div/span"}
RESULT: {"using":"xpath","value":"//table[contains(@id, \"filterItemControl_BASIC-YARD-valueHelpDialog-table-table\")]/tbody/tr[1]/td[1]/div/span"}
COMMAND: POST /session/a8428c741072a9dba60f1289e89eec31/execute/sync - {"script":"<script> [56 bytes]","args":[{"element-6066-11e4-a52e-4f735466cecf":"f.61D523AD244D725F0F466081CD3EF8F5.d.0A89BC0D15375A8BE82E4381F6BD1523.e.746","ELEMENT":"f.61D523AD244D725F0F466081CD3EF8F5.d.0A89BC0D15375A8BE82E4381F6BD1523.e.746"}]}
RESULT: {"script":"<script> [56 bytes]","args":[{"element-6066-11e4-a52e-4f735466cecf":"f.61D523AD244D725F0F466081CD3EF8F5.d.0A89BC0D15375A8BE82E4381F6BD1523.e.746","ELEMENT":"f.61D523AD244D725F0F466081CD3EF8F5.d.0A89BC0D15375A8BE82E4381F6BD1523.e.746"}]}
COMMAND: POST /session/a8428c741072a9dba60f1289e89eec31/element - {"using":"xpath","value":"//div[contains(@id, \"filterItemControl_BASIC-YARD-valueHelpDialog-table-rowsel0\")]"}
COMMAND: GET /session/a8428c741072a9dba60f1289e89eec31/screenshot - {}
RESULT: {"using":"xpath","value":"//div[contains(@id, \"filterItemControl_BASIC-YARD-valueHelpDialog-table-rowsel0\")]"}
COMMAND: POST /session/a8428c741072a9dba60f1289e89eec31/element/f.61D523AD244D725F0F466081CD3EF8F5.d.0A89BC0D15375A8BE82E4381F6BD1523.e.747/click - {}
RESULT: {}
RESULT: {}
COMMAND: GET /session/a8428c741072a9dba60f1289e89eec31/screenshot - {}
RESULT: {}
COMMAND: POST /session/a8428c741072a9dba60f1289e89eec31/element - {"using":"xpath","value":"//div[contains(@id, \"smartFilterBar-filterItemControl_BASIC-YARD-valueHelpDialog-smartFilterBar-btnBasicSearch-reset\")]"}
RESULT: {"using":"xpath","value":"//div[contains(@id, \"smartFilterBar-filterItemControl_BASIC-YARD-valueHelpDialog-smartFilterBar-btnBasicSearch-reset\")]"}
COMMAND: POST /session/a8428c741072a9dba60f1289e89eec31/element/f.61D523AD244D725F0F466081CD3EF8F5.d.0A89BC0D15375A8BE82E4381F6BD1523.e.749/click - {}
RESULT: {}
RESULT: undefined
COMMAND: POST /session/a8428c741072a9dba60f1289e89eec31/execute/async - {"script":"<script> [776 bytes]","args":[{"enterText":"OPA5_BST01_YARD1","selector":{"id":"application-ruinventorylist-display-component---Master--smartFilterBar-filterItemControl_BASIC-YARD-valueHelpDialog-smartFilterBar-btnBasicSearch","searchOpenDialogs":true,"interaction":{"idSuffix":"I"}},"clearTextFirst":true,"interactionType":"ENTER_TEXT"}]}
COMMAND: GET /session/a8428c741072a9dba60f1289e89eec31/screenshot - {}
RESULT: {"script":"<script> [776 bytes]","args":[{"enterText":"OPA5_BST01_YARD1","selector":{"id":"application-ruinventorylist-display-component---Master--smartFilterBar-filterItemControl_BASIC-YARD-valueHelpDialog-smartFilterBar-btnBasicSearch","searchOpenDialogs":true,"interaction":{"idSuffix":"I"}},"clearTextFirst":true,"interactionType":"ENTER_TEXT"}]}
COMMAND: POST /session/a8428c741072a9dba60f1289e89eec31/actions - {"actions":[{"id":"action2","type":"key","parameters":{},"actions":[{"type":"keyDown","value":"î€‡"},{"type":"pause","duration":10},{"type":"keyUp","value":"î€‡"}]}]}
RESULT: {}
RESULT: {"actions":[{"id":"action2","type":"key","parameters":{},"actions":[{"type":"keyDown","value":"î€‡"},{"type":"pause","duration":10},{"type":"keyUp","value":"î€‡"}]}]}
COMMAND: GET /session/a8428c741072a9dba60f1289e89eec31/screenshot - {}
RESULT: {}
COMMAND: POST /session/a8428c741072a9dba60f1289e89eec31/elements - {"using":"xpath","value":"//table[contains(@id, \"filterItemControl_BASIC-YARD-valueHelpDialog-table-table\")]/tbody/tr"}
RESULT: {"using":"xpath","value":"//table[contains(@id, \"filterItemControl_BASIC-YARD-valueHelpDialog-table-table\")]/tbody/tr"}
COMMAND: POST /session/a8428c741072a9dba60f1289e89eec31/element - {"using":"xpath","value":"//table[contains(@id, \"filterItemControl_BASIC-YARD-valueHelpDialog-table-table\")]/tbody/tr[1]/td[1]/div/span"}
RESULT: {"using":"xpath","value":"//table[contains(@id, \"filterItemControl_BASIC-YARD-valueHelpDialog-table-table\")]/tbody/tr[1]/td[1]/div/span"}
COMMAND: POST /session/a8428c741072a9dba60f1289e89eec31/elements - {"using":"xpath","value":"//table[contains(@id, \"filterItemControl_BASIC-YARD-valueHelpDialog-table-table\")]/tbody/tr[1]/td[1]/div/span"}
RESULT: {"using":"xpath","value":"//table[contains(@id, \"filterItemControl_BASIC-YARD-valueHelpDialog-table-table\")]/tbody/tr[1]/td[1]/div/span"}
COMMAND: POST /session/a8428c741072a9dba60f1289e89eec31/execute/sync - {"script":"<script> [56 bytes]","args":[{"element-6066-11e4-a52e-4f735466cecf":"f.61D523AD244D725F0F466081CD3EF8F5.d.0A89BC0D15375A8BE82E4381F6BD1523.e.746","ELEMENT":"f.61D523AD244D725F0F466081CD3EF8F5.d.0A89BC0D15375A8BE82E4381F6BD1523.e.746"}]}
RESULT: {"script":"<script> [56 bytes]","args":[{"element-6066-11e4-a52e-4f735466cecf":"f.61D523AD244D725F0F466081CD3EF8F5.d.0A89BC0D15375A8BE82E4381F6BD1523.e.746","ELEMENT":"f.61D523AD244D725F0F466081CD3EF8F5.d.0A89BC0D15375A8BE82E4381F6BD1523.e.746"}]}
COMMAND: POST /session/a8428c741072a9dba60f1289e89eec31/element - {"using":"xpath","value":"//div[contains(@id, \"filterItemControl_BASIC-YARD-valueHelpDialog-table-rowsel0\")]"}
COMMAND: GET /session/a8428c741072a9dba60f1289e89eec31/screenshot - {}
RESULT: {"using":"xpath","value":"//div[contains(@id, \"filterItemControl_BASIC-YARD-valueHelpDialog-table-rowsel0\")]"}
COMMAND: POST /session/a8428c741072a9dba60f1289e89eec31/element/f.61D523AD244D725F0F466081CD3EF8F5.d.0A89BC0D15375A8BE82E4381F6BD1523.e.747/click - {}
RESULT: {}
RESULT: {}
COMMAND: GET /session/a8428c741072a9dba60f1289e89eec31/screenshot - {}
RESULT: {}
COMMAND: POST /session/a8428c741072a9dba60f1289e89eec31/element - {"using":"xpath","value":"(//bdi[contains(text(), \"OK\")])[1]"}
RESULT: {"using":"xpath","value":"(//bdi[contains(text(), \"OK\")])[1]"}
COMMAND: POST /session/a8428c741072a9dba60f1289e89eec31/element/f.61D523AD244D725F0F466081CD3EF8F5.d.0A89BC0D15375A8BE82E4381F6BD1523.e.750/click - {}
RESULT: {}
COMMAND: GET /session/a8428c741072a9dba60f1289e89eec31/screenshot - {}
RESULT: {}
COMMAND: POST /session/a8428c741072a9dba60f1289e89eec31/element - {"using":"xpath","value":"//span[@id=\"application-ruinventorylist-display-component---Master--smartTableRuInventoryList-header-inner\"]"}
RESULT: {"using":"xpath","value":"//span[@id=\"application-ruinventorylist-display-component---Master--smartTableRuInventoryList-header-inner\"]"}
COMMAND: POST /session/a8428c741072a9dba60f1289e89eec31/elements - {"using":"xpath","value":"//span[@id=\"application-ruinventorylist-display-component---Master--smartTableRuInventoryList-header-inner\"]"}
RESULT: {"using":"xpath","value":"//span[@id=\"application-ruinventorylist-display-component---Master--smartTableRuInventoryList-header-inner\"]"}
COMMAND: POST /session/a8428c741072a9dba60f1289e89eec31/execute/sync - {"script":"<script> [56 bytes]","args":[{"element-6066-11e4-a52e-4f735466cecf":"f.61D523AD244D725F0F466081CD3EF8F5.d.0A89BC0D15375A8BE82E4381F6BD1523.e.913","ELEMENT":"f.61D523AD244D725F0F466081CD3EF8F5.d.0A89BC0D15375A8BE82E4381F6BD1523.e.913"}]}
RESULT: {"script":"<script> [56 bytes]","args":[{"element-6066-11e4-a52e-4f735466cecf":"f.61D523AD244D725F0F466081CD3EF8F5.d.0A89BC0D15375A8BE82E4381F6BD1523.e.913","ELEMENT":"f.61D523AD244D725F0F466081CD3EF8F5.d.0A89BC0D15375A8BE82E4381F6BD1523.e.913"}]}
COMMAND: POST /session/a8428c741072a9dba60f1289e89eec31/execute/async - {"script":"<script> [1562 bytes]","args":[{"selector":{"id":"application-ruinventorylist-display-component---Master--smartFilterBar-btnBasicSearch","interaction":{"idSuffix":"I"}},"wdio_ui5_key":"applicationruinventorylist-display-component---Master--smartFilterBar-btnBasicSearch"}]}
COMMAND: GET /session/a8428c741072a9dba60f1289e89eec31/screenshot - {}
RESULT: {"script":"<script> [1562 bytes]","args":[{"selector":{"id":"application-ruinventorylist-display-component---Master--smartFilterBar-btnBasicSearch","interaction":{"idSuffix":"I"}},"wdio_ui5_key":"applicationruinventorylist-display-component---Master--smartFilterBar-btnBasicSearch"}]}
RESULT: undefined
COMMAND: POST /session/a8428c741072a9dba60f1289e89eec31/execute/async - {"script":"<script> [776 bytes]","args":[{"enterText":"600002","selector":{"id":"application-ruinventorylist-display-component---Master--smartFilterBar-btnBasicSearch","interaction":{"idSuffix":"I"}},"clearTextFirst":true,"interactionType":"ENTER_TEXT"}]}
RESULT: {}
RESULT: {"script":"<script> [776 bytes]","args":[{"enterText":"600002","selector":{"id":"application-ruinventorylist-display-component---Master--smartFilterBar-btnBasicSearch","interaction":{"idSuffix":"I"}},"clearTextFirst":true,"interactionType":"ENTER_TEXT"}]}
COMMAND: POST /session/a8428c741072a9dba60f1289e89eec31/actions - {"actions":[{"id":"action3","type":"key","parameters":{},"actions":[{"type":"keyDown","value":"î€‡"},{"type":"pause","duration":10},{"type":"keyUp","value":"î€‡"}]}]}
RESULT: {"actions":[{"id":"action3","type":"key","parameters":{},"actions":[{"type":"keyDown","value":"î€‡"},{"type":"pause","duration":10},{"type":"keyUp","value":"î€‡"}]}]}
COMMAND: GET /session/a8428c741072a9dba60f1289e89eec31/screenshot - {}
RESULT: {}
COMMAND: POST /session/a8428c741072a9dba60f1289e89eec31/element - {"using":"xpath","value":"//span[@id=\"application-ruinventorylist-display-component---Master--smartTableRuInventoryList-header-inner\"]"}
RESULT: {"using":"xpath","value":"//span[@id=\"application-ruinventorylist-display-component---Master--smartTableRuInventoryList-header-inner\"]"}
COMMAND: POST /session/a8428c741072a9dba60f1289e89eec31/elements - {"using":"xpath","value":"//span[@id=\"application-ruinventorylist-display-component---Master--smartTableRuInventoryList-header-inner\"]"}
RESULT: {"using":"xpath","value":"//span[@id=\"application-ruinventorylist-display-component---Master--smartTableRuInventoryList-header-inner\"]"}
COMMAND: POST /session/a8428c741072a9dba60f1289e89eec31/execute/sync - {"script":"<script> [56 bytes]","args":[{"element-6066-11e4-a52e-4f735466cecf":"f.61D523AD244D725F0F466081CD3EF8F5.d.0A89BC0D15375A8BE82E4381F6BD1523.e.913","ELEMENT":"f.61D523AD244D725F0F466081CD3EF8F5.d.0A89BC0D15375A8BE82E4381F6BD1523.e.913"}]}
RESULT: {"script":"<script> [56 bytes]","args":[{"element-6066-11e4-a52e-4f735466cecf":"f.61D523AD244D725F0F466081CD3EF8F5.d.0A89BC0D15375A8BE82E4381F6BD1523.e.913","ELEMENT":"f.61D523AD244D725F0F466081CD3EF8F5.d.0A89BC0D15375A8BE82E4381F6BD1523.e.913"}]}
COMMAND: POST /session/a8428c741072a9dba60f1289e89eec31/element - {"using":"xpath","value":"//table[contains(@id, \"application-ruinventorylist-display-component---Master--tableRuInventoryList-listUl\")]/tbody/tr[1]/td[2]/div/div"}
COMMAND: GET /session/a8428c741072a9dba60f1289e89eec31/screenshot - {}
RESULT: {"using":"xpath","value":"//table[contains(@id, \"application-ruinventorylist-display-component---Master--tableRuInventoryList-listUl\")]/tbody/tr[1]/td[2]/div/div"}
COMMAND: POST /session/a8428c741072a9dba60f1289e89eec31/element/f.61D523AD244D725F0F466081CD3EF8F5.d.0A89BC0D15375A8BE82E4381F6BD1523.e.921/click - {}
RESULT: {}
RESULT: {}
COMMAND: GET /session/a8428c741072a9dba60f1289e89eec31/screenshot - {}
RESULT: {}
COMMAND: POST /session/a8428c741072a9dba60f1289e89eec31/element - {"using":"xpath","value":"//div[contains(@id, \"smartFilterBar-btnBasicSearch-reset\")]"}
RESULT: {"using":"xpath","value":"//div[contains(@id, \"smartFilterBar-btnBasicSearch-reset\")]"}
COMMAND: POST /session/a8428c741072a9dba60f1289e89eec31/element/f.61D523AD244D725F0F466081CD3EF8F5.d.0A89BC0D15375A8BE82E4381F6BD1523.e.931/click - {}
RESULT: {}
COMMAND: GET /session/a8428c741072a9dba60f1289e89eec31/screenshot - {}
RESULT: {}
RESULT: undefined
COMMAND: POST /session/a8428c741072a9dba60f1289e89eec31/execute/async - {"script":"<script> [776 bytes]","args":[{"enterText":"401002","selector":{"id":"application-ruinventorylist-display-component---Master--smartFilterBar-btnBasicSearch","interaction":{"idSuffix":"I"}},"clearTextFirst":true,"interactionType":"ENTER_TEXT"}]}
RESULT: {"script":"<script> [776 bytes]","args":[{"enterText":"401002","selector":{"id":"application-ruinventorylist-display-component---Master--smartFilterBar-btnBasicSearch","interaction":{"idSuffix":"I"}},"clearTextFirst":true,"interactionType":"ENTER_TEXT"}]}
COMMAND: POST /session/a8428c741072a9dba60f1289e89eec31/actions - {"actions":[{"id":"action4","type":"key","parameters":{},"actions":[{"type":"keyDown","value":"î€‡"},{"type":"pause","duration":10},{"type":"keyUp","value":"î€‡"}]}]}
RESULT: {"actions":[{"id":"action4","type":"key","parameters":{},"actions":[{"type":"keyDown","value":"î€‡"},{"type":"pause","duration":10},{"type":"keyUp","value":"î€‡"}]}]}
COMMAND: GET /session/a8428c741072a9dba60f1289e89eec31/screenshot - {}
RESULT: {}
COMMAND: POST /session/a8428c741072a9dba60f1289e89eec31/element - {"using":"xpath","value":"//span[@id=\"application-ruinventorylist-display-component---Master--smartTableRuInventoryList-header-inner\"]"}
RESULT: {"using":"xpath","value":"//span[@id=\"application-ruinventorylist-display-component---Master--smartTableRuInventoryList-header-inner\"]"}
COMMAND: POST /session/a8428c741072a9dba60f1289e89eec31/elements - {"using":"xpath","value":"//span[@id=\"application-ruinventorylist-display-component---Master--smartTableRuInventoryList-header-inner\"]"}
RESULT: {"using":"xpath","value":"//span[@id=\"application-ruinventorylist-display-component---Master--smartTableRuInventoryList-header-inner\"]"}
COMMAND: POST /session/a8428c741072a9dba60f1289e89eec31/execute/sync - {"script":"<script> [56 bytes]","args":[{"element-6066-11e4-a52e-4f735466cecf":"f.61D523AD244D725F0F466081CD3EF8F5.d.0A89BC0D15375A8BE82E4381F6BD1523.e.913","ELEMENT":"f.61D523AD244D725F0F466081CD3EF8F5.d.0A89BC0D15375A8BE82E4381F6BD1523.e.913"}]}
RESULT: {"script":"<script> [56 bytes]","args":[{"element-6066-11e4-a52e-4f735466cecf":"f.61D523AD244D725F0F466081CD3EF8F5.d.0A89BC0D15375A8BE82E4381F6BD1523.e.913","ELEMENT":"f.61D523AD244D725F0F466081CD3EF8F5.d.0A89BC0D15375A8BE82E4381F6BD1523.e.913"}]}
COMMAND: POST /session/a8428c741072a9dba60f1289e89eec31/element - {"using":"xpath","value":"//table[contains(@id, \"application-ruinventorylist-display-component---Master--tableRuInventoryList-listUl\")]/tbody/tr[1]/td[2]/div/div"}
COMMAND: GET /session/a8428c741072a9dba60f1289e89eec31/screenshot - {}
RESULT: {"using":"xpath","value":"//table[contains(@id, \"application-ruinventorylist-display-component---Master--tableRuInventoryList-listUl\")]/tbody/tr[1]/td[2]/div/div"}
COMMAND: POST /session/a8428c741072a9dba60f1289e89eec31/element/f.61D523AD244D725F0F466081CD3EF8F5.d.0A89BC0D15375A8BE82E4381F6BD1523.e.1109/click - {}
RESULT: {}
RESULT: {}
COMMAND: GET /session/a8428c741072a9dba60f1289e89eec31/screenshot - {}
RESULT: {}
COMMAND: POST /session/a8428c741072a9dba60f1289e89eec31/element - {"using":"xpath","value":"//div[contains(@id, \"smartFilterBar-btnBasicSearch-reset\")]"}
RESULT: {"using":"xpath","value":"//div[contains(@id, \"smartFilterBar-btnBasicSearch-reset\")]"}
COMMAND: POST /session/a8428c741072a9dba60f1289e89eec31/element/f.61D523AD244D725F0F466081CD3EF8F5.d.0A89BC0D15375A8BE82E4381F6BD1523.e.931/click - {}
RESULT: {}
COMMAND: GET /session/a8428c741072a9dba60f1289e89eec31/screenshot - {}
RESULT: {}
COMMAND: POST /session/a8428c741072a9dba60f1289e89eec31/element/f.61D523AD244D725F0F466081CD3EF8F5.d.0A89BC0D15375A8BE82E4381F6BD1523.e.298/click - {}
RESULT: {}
COMMAND: GET /session/a8428c741072a9dba60f1289e89eec31/screenshot - {}
RESULT: {}
COMMAND: POST /session/a8428c741072a9dba60f1289e89eec31/execute/async - {"script":"<script> [1562 bytes]","args":[{"selector":{"controlType":"sap.m.Title","viewName":"etm.portal.ui.ruinventorylist.view.Master","viewId":"application-ruinventorylist-display-component---Master","properties":{"text":"Mass State Change"},"searchOpenDialogs":true},"wdio_ui5_key":"etmportal.ui.ruinventorylist.view.Mastersap.m.Title{\"text\":\"Mass State Change\"}"}]}
RESULT: {"script":"<script> [1562 bytes]","args":[{"selector":{"controlType":"sap.m.Title","viewName":"etm.portal.ui.ruinventorylist.view.Master","viewId":"application-ruinventorylist-display-component---Master","properties":{"text":"Mass State Change"},"searchOpenDialogs":true},"wdio_ui5_key":"etmportal.ui.ruinventorylist.view.Mastersap.m.Title{\"text\":\"Mass State Change\"}"}]}
RESULT: undefined
COMMAND: POST /session/a8428c741072a9dba60f1289e89eec31/execute/async - {"script":"<script> [6424 bytes]","args":[{"element-6066-11e4-a52e-4f735466cecf":"f.61D523AD244D725F0F466081CD3EF8F5.d.0A89BC0D15375A8BE82E4381F6BD1523.e.1309"},"getText",[]]}
RESULT: {"script":"<script> [6424 bytes]","args":[{"element-6066-11e4-a52e-4f735466cecf":"f.61D523AD244D725F0F466081CD3EF8F5.d.0A89BC0D15375A8BE82E4381F6BD1523.e.1309"},"getText",[]]}
COMMAND: POST /session/a8428c741072a9dba60f1289e89eec31/element - {"using":"xpath","value":"(//bdi[contains(text(), \"OK\")])[1]"}
RESULT: {"using":"xpath","value":"(//bdi[contains(text(), \"OK\")])[1]"}
COMMAND: POST /session/a8428c741072a9dba60f1289e89eec31/element/f.61D523AD244D725F0F466081CD3EF8F5.d.0A89BC0D15375A8BE82E4381F6BD1523.e.1310/click - {}
RESULT: {}
COMMAND: GET /session/a8428c741072a9dba60f1289e89eec31/screenshot - {}
RESULT: {}
COMMAND: POST /session/a8428c741072a9dba60f1289e89eec31/element - {"using":"css selector","value":"div.sapMMessageBoxError"}
RESULT: {"using":"css selector","value":"div.sapMMessageBoxError"}
COMMAND: POST /session/a8428c741072a9dba60f1289e89eec31/elements - {"using":"css selector","value":"div.sapMMessageBoxError"}
RESULT: {"using":"css selector","value":"div.sapMMessageBoxError"}
COMMAND: POST /session/a8428c741072a9dba60f1289e89eec31/element - {"using":"xpath","value":"(//bdi[contains(text(), \"Close\")])[1]"}
RESULT: {"using":"xpath","value":"(//bdi[contains(text(), \"Close\")])[1]"}
COMMAND: POST /session/a8428c741072a9dba60f1289e89eec31/element/f.61D523AD244D725F0F466081CD3EF8F5.d.0A89BC0D15375A8BE82E4381F6BD1523.e.1314/click - {}
RESULT: {}
COMMAND: GET /session/a8428c741072a9dba60f1289e89eec31/screenshot - {}
RESULT: {}
COMMAND: POST /session/a8428c741072a9dba60f1289e89eec31/execute/async - {"script":"<script> [1562 bytes]","args":[{"selector":{"id":"application-ruinventorylist-display-component---Master--ruStateTypes-arrow","searchOpenDialogs":true},"wdio_ui5_key":"applicationruinventorylist-display-component---Master--ruStateTypes-arrow"}]}
RESULT: {"script":"<script> [1562 bytes]","args":[{"selector":{"id":"application-ruinventorylist-display-component---Master--ruStateTypes-arrow","searchOpenDialogs":true},"wdio_ui5_key":"applicationruinventorylist-display-component---Master--ruStateTypes-arrow"}]}
RESULT: undefined
COMMAND: POST /session/a8428c741072a9dba60f1289e89eec31/element - {"using":"xpath","value":"//*[@id=\"application-ruinventorylist-display-component---Master--ruStateTypes-arrow\"]"}
RESULT: {"using":"xpath","value":"//*[@id=\"application-ruinventorylist-display-component---Master--ruStateTypes-arrow\"]"}
COMMAND: POST /session/a8428c741072a9dba60f1289e89eec31/element/f.61D523AD244D725F0F466081CD3EF8F5.d.0A89BC0D15375A8BE82E4381F6BD1523.e.1316/click - {}
RESULT: {}
COMMAND: GET /session/a8428c741072a9dba60f1289e89eec31/screenshot - {}
RESULT: {}
COMMAND: POST /session/a8428c741072a9dba60f1289e89eec31/element - {"using":"xpath","value":"//li[.//span[text()=\"defect\"]]"}
RESULT: {"using":"xpath","value":"//li[.//span[text()=\"defect\"]]"}
COMMAND: POST /session/a8428c741072a9dba60f1289e89eec31/element/f.61D523AD244D725F0F466081CD3EF8F5.d.0A89BC0D15375A8BE82E4381F6BD1523.e.1317/click - {}
RESULT: {}
COMMAND: GET /session/a8428c741072a9dba60f1289e89eec31/screenshot - {}
RESULT: {}
COMMAND: POST /session/a8428c741072a9dba60f1289e89eec31/element - {"using":"xpath","value":"(//span[@data-kt=\"trashMassStateChangeIcon\"])[1]"}
RESULT: {"using":"xpath","value":"(//span[@data-kt=\"trashMassStateChangeIcon\"])[1]"}
COMMAND: POST /session/a8428c741072a9dba60f1289e89eec31/element/f.61D523AD244D725F0F466081CD3EF8F5.d.0A89BC0D15375A8BE82E4381F6BD1523.e.1318/click - {}
RESULT: {}
COMMAND: GET /session/a8428c741072a9dba60f1289e89eec31/screenshot - {}
RESULT: {}
COMMAND: POST /session/a8428c741072a9dba60f1289e89eec31/element - {"using":"xpath","value":"//table[contains(@id, \"massStateChangeTable-listUl\")]/tbody/tr[1]/td[11]/div/div/div/input"}
RESULT: {"using":"xpath","value":"//table[contains(@id, \"massStateChangeTable-listUl\")]/tbody/tr[1]/td[11]/div/div/div/input"}
COMMAND: GET /session/a8428c741072a9dba60f1289e89eec31/element/f.61D523AD244D725F0F466081CD3EF8F5.d.0A89BC0D15375A8BE82E4381F6BD1523.e.1302/property/value - {}
RESULT: {}
COMMAND: POST /session/a8428c741072a9dba60f1289e89eec31/element - {"using":"xpath","value":"(//span[@data-kt=\"trashMassStateChangeIcon\"])[2]"}
COMMAND: GET /session/a8428c741072a9dba60f1289e89eec31/screenshot - {}
RESULT: {"using":"xpath","value":"(//span[@data-kt=\"trashMassStateChangeIcon\"])[2]"}
COMMAND: POST /session/a8428c741072a9dba60f1289e89eec31/element/f.61D523AD244D725F0F466081CD3EF8F5.d.0A89BC0D15375A8BE82E4381F6BD1523.e.1320/click - {}
RESULT: {}
RESULT: {}
COMMAND: GET /session/a8428c741072a9dba60f1289e89eec31/screenshot - {}
RESULT: {}
COMMAND: POST /session/a8428c741072a9dba60f1289e89eec31/element - {"using":"xpath","value":"//table[contains(@id, \"massStateChangeTable-listUl\")]/tbody/tr[2]/td[11]/div/div/div/input"}
RESULT: {"using":"xpath","value":"//table[contains(@id, \"massStateChangeTable-listUl\")]/tbody/tr[2]/td[11]/div/div/div/input"}
COMMAND: GET /session/a8428c741072a9dba60f1289e89eec31/element/f.61D523AD244D725F0F466081CD3EF8F5.d.0A89BC0D15375A8BE82E4381F6BD1523.e.1306/property/value - {}
RESULT: {}
COMMAND: POST /session/a8428c741072a9dba60f1289e89eec31/element - {"using":"xpath","value":"//table[contains(@id, \"massStateChangeTable-listUl\")]/tbody/tr[1]/td[10]/div/span/span[1]"}
COMMAND: GET /session/a8428c741072a9dba60f1289e89eec31/screenshot - {}
RESULT: {"using":"xpath","value":"//table[contains(@id, \"massStateChangeTable-listUl\")]/tbody/tr[1]/td[10]/div/span/span[1]"}
COMMAND: POST /session/a8428c741072a9dba60f1289e89eec31/execute/sync - {"script":"<script> [56 bytes]","args":[{"element-6066-11e4-a52e-4f735466cecf":"f.61D523AD244D725F0F466081CD3EF8F5.d.0A89BC0D15375A8BE82E4381F6BD1523.e.1322","ELEMENT":"f.61D523AD244D725F0F466081CD3EF8F5.d.0A89BC0D15375A8BE82E4381F6BD1523.e.1322"}]}
RESULT: {}
RESULT: {"script":"<script> [56 bytes]","args":[{"element-6066-11e4-a52e-4f735466cecf":"f.61D523AD244D725F0F466081CD3EF8F5.d.0A89BC0D15375A8BE82E4381F6BD1523.e.1322","ELEMENT":"f.61D523AD244D725F0F466081CD3EF8F5.d.0A89BC0D15375A8BE82E4381F6BD1523.e.1322"}]}
COMMAND: POST /session/a8428c741072a9dba60f1289e89eec31/element - {"using":"xpath","value":"//table[contains(@id, \"massStateChangeTable-listUl\")]/tbody/tr[1]/td[11]/div/div/div/div[2]/span"}
COMMAND: GET /session/a8428c741072a9dba60f1289e89eec31/screenshot - {}
RESULT: {"using":"xpath","value":"//table[contains(@id, \"massStateChangeTable-listUl\")]/tbody/tr[1]/td[11]/div/div/div/div[2]/span"}
COMMAND: POST /session/a8428c741072a9dba60f1289e89eec31/element/f.61D523AD244D725F0F466081CD3EF8F5.d.0A89BC0D15375A8BE82E4381F6BD1523.e.1323/click - {}
RESULT: {}
RESULT: {}
COMMAND: GET /session/a8428c741072a9dba60f1289e89eec31/screenshot - {}
RESULT: {}
COMMAND: POST /session/a8428c741072a9dba60f1289e89eec31/element - {"using":"xpath","value":"//table[contains(@id, \"massStateChangeTable-listUl\")]/tbody/tr[1]/td[11]/div/div/div/div[2]/span"}
RESULT: {"using":"xpath","value":"//table[contains(@id, \"massStateChangeTable-listUl\")]/tbody/tr[1]/td[11]/div/div/div/div[2]/span"}
COMMAND: POST /session/a8428c741072a9dba60f1289e89eec31/element/f.61D523AD244D725F0F466081CD3EF8F5.d.0A89BC0D15375A8BE82E4381F6BD1523.e.1323/click - {}
RESULT: {}
COMMAND: GET /session/a8428c741072a9dba60f1289e89eec31/screenshot - {}
RESULT: {}
COMMAND: POST /session/a8428c741072a9dba60f1289e89eec31/element - {"using":"xpath","value":"//table[contains(@id, \"massStateChangeTable-listUl\")]/tbody/tr[1]/td[11]/div/div/div/div[2]/span"}
RESULT: {"using":"xpath","value":"//table[contains(@id, \"massStateChangeTable-listUl\")]/tbody/tr[1]/td[11]/div/div/div/div[2]/span"}
COMMAND: POST /session/a8428c741072a9dba60f1289e89eec31/element/f.61D523AD244D725F0F466081CD3EF8F5.d.0A89BC0D15375A8BE82E4381F6BD1523.e.1323/click - {}
RESULT: {}
COMMAND: GET /session/a8428c741072a9dba60f1289e89eec31/screenshot - {}
RESULT: {}
COMMAND: POST /session/a8428c741072a9dba60f1289e89eec31/element - {"using":"xpath","value":"//table[contains(@id, \"massStateChangeTable-listUl\")]/tbody/tr[1]/td[11]/div/div/div/div[2]/span"}
RESULT: {"using":"xpath","value":"//table[contains(@id, \"massStateChangeTable-listUl\")]/tbody/tr[1]/td[11]/div/div/div/div[2]/span"}
COMMAND: POST /session/a8428c741072a9dba60f1289e89eec31/element/f.61D523AD244D725F0F466081CD3EF8F5.d.0A89BC0D15375A8BE82E4381F6BD1523.e.1323/click - {}
RESULT: {}
COMMAND: GET /session/a8428c741072a9dba60f1289e89eec31/screenshot - {}
RESULT: {}
COMMAND: POST /session/a8428c741072a9dba60f1289e89eec31/element - {"using":"xpath","value":"//table[contains(@id, \"massStateChangeTable-listUl\")]/tbody/tr[1]/td[11]/div/div/div/div[2]/span"}
RESULT: {"using":"xpath","value":"//table[contains(@id, \"massStateChangeTable-listUl\")]/tbody/tr[1]/td[11]/div/div/div/div[2]/span"}
COMMAND: POST /session/a8428c741072a9dba60f1289e89eec31/element/f.61D523AD244D725F0F466081CD3EF8F5.d.0A89BC0D15375A8BE82E4381F6BD1523.e.1323/click - {}
RESULT: {}
COMMAND: GET /session/a8428c741072a9dba60f1289e89eec31/screenshot - {}
RESULT: {}
COMMAND: POST /session/a8428c741072a9dba60f1289e89eec31/element - {"using":"xpath","value":"//table[contains(@id, \"massStateChangeTable-listUl\")]/tbody/tr[1]/td[11]/div/div/div/div[2]/span"}
RESULT: {"using":"xpath","value":"//table[contains(@id, \"massStateChangeTable-listUl\")]/tbody/tr[1]/td[11]/div/div/div/div[2]/span"}
COMMAND: POST /session/a8428c741072a9dba60f1289e89eec31/element/f.61D523AD244D725F0F466081CD3EF8F5.d.0A89BC0D15375A8BE82E4381F6BD1523.e.1323/click - {}
RESULT: {}
COMMAND: GET /session/a8428c741072a9dba60f1289e89eec31/screenshot - {}
RESULT: {}
COMMAND: POST /session/a8428c741072a9dba60f1289e89eec31/element - {"using":"xpath","value":"//table[contains(@id, \"massStateChangeTable-listUl\")]/tbody/tr[1]/td[11]/div/div/div/div[2]/span"}
RESULT: {"using":"xpath","value":"//table[contains(@id, \"massStateChangeTable-listUl\")]/tbody/tr[1]/td[11]/div/div/div/div[2]/span"}
COMMAND: POST /session/a8428c741072a9dba60f1289e89eec31/element/f.61D523AD244D725F0F466081CD3EF8F5.d.0A89BC0D15375A8BE82E4381F6BD1523.e.1323/click - {}
RESULT: {}
COMMAND: GET /session/a8428c741072a9dba60f1289e89eec31/screenshot - {}
RESULT: {}
COMMAND: POST /session/a8428c741072a9dba60f1289e89eec31/element - {"using":"xpath","value":"//table[contains(@id, \"massStateChangeTable-listUl\")]/tbody/tr[1]/td[11]/div/div/div/div[2]/span"}
RESULT: {"using":"xpath","value":"//table[contains(@id, \"massStateChangeTable-listUl\")]/tbody/tr[1]/td[11]/div/div/div/div[2]/span"}
COMMAND: POST /session/a8428c741072a9dba60f1289e89eec31/element/f.61D523AD244D725F0F466081CD3EF8F5.d.0A89BC0D15375A8BE82E4381F6BD1523.e.1323/click - {}
RESULT: {}
COMMAND: GET /session/a8428c741072a9dba60f1289e89eec31/screenshot - {}
RESULT: {}
COMMAND: POST /session/a8428c741072a9dba60f1289e89eec31/element - {"using":"xpath","value":"//table[contains(@id, \"massStateChangeTable-listUl\")]/tbody/tr[1]/td[11]/div/div/div/div[2]/span"}
RESULT: {"using":"xpath","value":"//table[contains(@id, \"massStateChangeTable-listUl\")]/tbody/tr[1]/td[11]/div/div/div/div[2]/span"}
COMMAND: POST /session/a8428c741072a9dba60f1289e89eec31/element/f.61D523AD244D725F0F466081CD3EF8F5.d.0A89BC0D15375A8BE82E4381F6BD1523.e.1323/click - {}
RESULT: {}
COMMAND: GET /session/a8428c741072a9dba60f1289e89eec31/screenshot - {}
RESULT: {}
COMMAND: POST /session/a8428c741072a9dba60f1289e89eec31/element - {"using":"xpath","value":"//table[contains(@id, \"massStateChangeTable-listUl\")]/tbody/tr[1]/td[11]/div/div/div/div[2]/span"}
RESULT: {"using":"xpath","value":"//table[contains(@id, \"massStateChangeTable-listUl\")]/tbody/tr[1]/td[11]/div/div/div/div[2]/span"}
COMMAND: POST /session/a8428c741072a9dba60f1289e89eec31/element/f.61D523AD244D725F0F466081CD3EF8F5.d.0A89BC0D15375A8BE82E4381F6BD1523.e.1323/click - {}
RESULT: {}
COMMAND: GET /session/a8428c741072a9dba60f1289e89eec31/screenshot - {}
RESULT: {}
COMMAND: POST /session/a8428c741072a9dba60f1289e89eec31/element - {"using":"xpath","value":"//table[contains(@id, \"massStateChangeTable-listUl\")]/tbody/tr[1]/td[11]/div/div/div/div[2]/span"}
RESULT: {"using":"xpath","value":"//table[contains(@id, \"massStateChangeTable-listUl\")]/tbody/tr[1]/td[11]/div/div/div/div[2]/span"}
COMMAND: POST /session/a8428c741072a9dba60f1289e89eec31/element/f.61D523AD244D725F0F466081CD3EF8F5.d.0A89BC0D15375A8BE82E4381F6BD1523.e.1323/click - {}
RESULT: {}
COMMAND: GET /session/a8428c741072a9dba60f1289e89eec31/screenshot - {}
RESULT: {}
COMMAND: POST /session/a8428c741072a9dba60f1289e89eec31/element - {"using":"xpath","value":"//table[contains(@id, \"massStateChangeTable-listUl\")]/tbody/tr[1]/td[11]/div/div/div/div[2]/span"}
RESULT: {"using":"xpath","value":"//table[contains(@id, \"massStateChangeTable-listUl\")]/tbody/tr[1]/td[11]/div/div/div/div[2]/span"}
COMMAND: POST /session/a8428c741072a9dba60f1289e89eec31/element/f.61D523AD244D725F0F466081CD3EF8F5.d.0A89BC0D15375A8BE82E4381F6BD1523.e.1323/click - {}
RESULT: {}
COMMAND: GET /session/a8428c741072a9dba60f1289e89eec31/screenshot - {}
RESULT: {}
COMMAND: POST /session/a8428c741072a9dba60f1289e89eec31/element - {"using":"xpath","value":"//table[contains(@id, \"massStateChangeTable-listUl\")]/tbody/tr[1]/td[11]/div/div/div/div[2]/span"}
RESULT: {"using":"xpath","value":"//table[contains(@id, \"massStateChangeTable-listUl\")]/tbody/tr[1]/td[11]/div/div/div/div[2]/span"}
COMMAND: POST /session/a8428c741072a9dba60f1289e89eec31/element/f.61D523AD244D725F0F466081CD3EF8F5.d.0A89BC0D15375A8BE82E4381F6BD1523.e.1323/click - {}
RESULT: {}
COMMAND: GET /session/a8428c741072a9dba60f1289e89eec31/screenshot - {}
RESULT: {}
COMMAND: POST /session/a8428c741072a9dba60f1289e89eec31/element - {"using":"xpath","value":"//table[contains(@id, \"massStateChangeTable-listUl\")]/tbody/tr[1]/td[11]/div/div/div/div[2]/span"}
RESULT: {"using":"xpath","value":"//table[contains(@id, \"massStateChangeTable-listUl\")]/tbody/tr[1]/td[11]/div/div/div/div[2]/span"}
COMMAND: POST /session/a8428c741072a9dba60f1289e89eec31/element/f.61D523AD244D725F0F466081CD3EF8F5.d.0A89BC0D15375A8BE82E4381F6BD1523.e.1323/click - {}
RESULT: {}
COMMAND: GET /session/a8428c741072a9dba60f1289e89eec31/screenshot - {}
RESULT: {}
COMMAND: POST /session/a8428c741072a9dba60f1289e89eec31/element - {"using":"xpath","value":"//table[contains(@id, \"massStateChangeTable-listUl\")]/tbody/tr[1]/td[11]/div/div/div/div[2]/span"}
RESULT: {"using":"xpath","value":"//table[contains(@id, \"massStateChangeTable-listUl\")]/tbody/tr[1]/td[11]/div/div/div/div[2]/span"}
COMMAND: POST /session/a8428c741072a9dba60f1289e89eec31/element/f.61D523AD244D725F0F466081CD3EF8F5.d.0A89BC0D15375A8BE82E4381F6BD1523.e.1323/click - {}
RESULT: {}
COMMAND: GET /session/a8428c741072a9dba60f1289e89eec31/screenshot - {}
RESULT: {}
COMMAND: POST /session/a8428c741072a9dba60f1289e89eec31/element - {"using":"xpath","value":"//table[contains(@id, \"massStateChangeTable-listUl\")]/tbody/tr[1]/td[11]/div/div/div/div[2]/span"}
RESULT: {"using":"xpath","value":"//table[contains(@id, \"massStateChangeTable-listUl\")]/tbody/tr[1]/td[11]/div/div/div/div[2]/span"}
COMMAND: POST /session/a8428c741072a9dba60f1289e89eec31/element/f.61D523AD244D725F0F466081CD3EF8F5.d.0A89BC0D15375A8BE82E4381F6BD1523.e.1323/click - {}
RESULT: {}
COMMAND: GET /session/a8428c741072a9dba60f1289e89eec31/screenshot - {}
RESULT: {}
COMMAND: POST /session/a8428c741072a9dba60f1289e89eec31/element - {"using":"xpath","value":"//table[contains(@id, \"massStateChangeTable-listUl\")]/tbody/tr[1]/td[11]/div/div/div/div[2]/span"}
RESULT: {"using":"xpath","value":"//table[contains(@id, \"massStateChangeTable-listUl\")]/tbody/tr[1]/td[11]/div/div/div/div[2]/span"}
COMMAND: POST /session/a8428c741072a9dba60f1289e89eec31/element/f.61D523AD244D725F0F466081CD3EF8F5.d.0A89BC0D15375A8BE82E4381F6BD1523.e.1323/click - {}
RESULT: {}
COMMAND: GET /session/a8428c741072a9dba60f1289e89eec31/screenshot - {}
RESULT: {}
COMMAND: POST /session/a8428c741072a9dba60f1289e89eec31/element - {"using":"xpath","value":"//table[contains(@id, \"massStateChangeTable-listUl\")]/tbody/tr[1]/td[11]/div/div/div/div[2]/span"}
RESULT: {"using":"xpath","value":"//table[contains(@id, \"massStateChangeTable-listUl\")]/tbody/tr[1]/td[11]/div/div/div/div[2]/span"}
COMMAND: POST /session/a8428c741072a9dba60f1289e89eec31/element/f.61D523AD244D725F0F466081CD3EF8F5.d.0A89BC0D15375A8BE82E4381F6BD1523.e.1323/click - {}
RESULT: {}
COMMAND: GET /session/a8428c741072a9dba60f1289e89eec31/screenshot - {}
RESULT: {}
COMMAND: POST /session/a8428c741072a9dba60f1289e89eec31/element - {"using":"xpath","value":"//table[contains(@id, \"massStateChangeTable-listUl\")]/tbody/tr[1]/td[11]/div/div/div/div[2]/span"}
RESULT: {"using":"xpath","value":"//table[contains(@id, \"massStateChangeTable-listUl\")]/tbody/tr[1]/td[11]/div/div/div/div[2]/span"}
COMMAND: POST /session/a8428c741072a9dba60f1289e89eec31/element/f.61D523AD244D725F0F466081CD3EF8F5.d.0A89BC0D15375A8BE82E4381F6BD1523.e.1323/click - {}
RESULT: {}
COMMAND: GET /session/a8428c741072a9dba60f1289e89eec31/screenshot - {}
RESULT: {}
COMMAND: POST /session/a8428c741072a9dba60f1289e89eec31/element - {"using":"xpath","value":"//table[contains(@id, \"massStateChangeTable-listUl\")]/tbody/tr[1]/td[11]/div/div/div/div[2]/span"}
RESULT: {"using":"xpath","value":"//table[contains(@id, \"massStateChangeTable-listUl\")]/tbody/tr[1]/td[11]/div/div/div/div[2]/span"}
COMMAND: POST /session/a8428c741072a9dba60f1289e89eec31/element/f.61D523AD244D725F0F466081CD3EF8F5.d.0A89BC0D15375A8BE82E4381F6BD1523.e.1323/click - {}
RESULT: {}
COMMAND: GET /session/a8428c741072a9dba60f1289e89eec31/screenshot - {}
RESULT: {}
COMMAND: POST /session/a8428c741072a9dba60f1289e89eec31/element - {"using":"xpath","value":"//table[contains(@id, \"massStateChangeTable-listUl\")]/tbody/tr[1]/td[11]/div/div/div/div[2]/span"}
RESULT: {"using":"xpath","value":"//table[contains(@id, \"massStateChangeTable-listUl\")]/tbody/tr[1]/td[11]/div/div/div/div[2]/span"}
COMMAND: POST /session/a8428c741072a9dba60f1289e89eec31/element/f.61D523AD244D725F0F466081CD3EF8F5.d.0A89BC0D15375A8BE82E4381F6BD1523.e.1323/click - {}
RESULT: {}
COMMAND: GET /session/a8428c741072a9dba60f1289e89eec31/screenshot - {}
RESULT: {}
COMMAND: POST /session/a8428c741072a9dba60f1289e89eec31/element - {"using":"xpath","value":"//table[contains(@id, \"massStateChangeTable-listUl\")]/tbody/tr[1]/td[11]/div/div/div/div[2]/span"}
RESULT: {"using":"xpath","value":"//table[contains(@id, \"massStateChangeTable-listUl\")]/tbody/tr[1]/td[11]/div/div/div/div[2]/span"}
COMMAND: POST /session/a8428c741072a9dba60f1289e89eec31/element/f.61D523AD244D725F0F466081CD3EF8F5.d.0A89BC0D15375A8BE82E4381F6BD1523.e.1323/click - {}
RESULT: {}
COMMAND: GET /session/a8428c741072a9dba60f1289e89eec31/screenshot - {}
RESULT: {}
COMMAND: POST /session/a8428c741072a9dba60f1289e89eec31/element - {"using":"xpath","value":"//table[contains(@id, \"massStateChangeTable-listUl\")]/tbody/tr[1]/td[11]/div/div/div/div[2]/span"}
RESULT: {"using":"xpath","value":"//table[contains(@id, \"massStateChangeTable-listUl\")]/tbody/tr[1]/td[11]/div/div/div/div[2]/span"}
COMMAND: POST /session/a8428c741072a9dba60f1289e89eec31/element/f.61D523AD244D725F0F466081CD3EF8F5.d.0A89BC0D15375A8BE82E4381F6BD1523.e.1323/click - {}
RESULT: {}
COMMAND: GET /session/a8428c741072a9dba60f1289e89eec31/screenshot - {}
RESULT: {}
COMMAND: POST /session/a8428c741072a9dba60f1289e89eec31/element - {"using":"xpath","value":"//table[contains(@id, \"massStateChangeTable-listUl\")]/tbody/tr[1]/td[11]/div/div/div/div[2]/span"}
RESULT: {"using":"xpath","value":"//table[contains(@id, \"massStateChangeTable-listUl\")]/tbody/tr[1]/td[11]/div/div/div/div[2]/span"}
COMMAND: POST /session/a8428c741072a9dba60f1289e89eec31/element/f.61D523AD244D725F0F466081CD3EF8F5.d.0A89BC0D15375A8BE82E4381F6BD1523.e.1323/click - {}
RESULT: {}
COMMAND: GET /session/a8428c741072a9dba60f1289e89eec31/screenshot - {}
RESULT: {}
COMMAND: POST /session/a8428c741072a9dba60f1289e89eec31/element - {"using":"xpath","value":"//table[contains(@id, \"massStateChangeTable-listUl\")]/tbody/tr[1]/td[11]/div/div/div/div[2]/span"}
RESULT: {"using":"xpath","value":"//table[contains(@id, \"massStateChangeTable-listUl\")]/tbody/tr[1]/td[11]/div/div/div/div[2]/span"}
COMMAND: POST /session/a8428c741072a9dba60f1289e89eec31/element/f.61D523AD244D725F0F466081CD3EF8F5.d.0A89BC0D15375A8BE82E4381F6BD1523.e.1323/click - {}
RESULT: {}
COMMAND: GET /session/a8428c741072a9dba60f1289e89eec31/screenshot - {}
RESULT: {}
COMMAND: POST /session/a8428c741072a9dba60f1289e89eec31/element - {"using":"xpath","value":"//table[contains(@id, \"massStateChangeTable-listUl\")]/tbody/tr[1]/td[11]/div/div/div/div[2]/span"}
RESULT: {"using":"xpath","value":"//table[contains(@id, \"massStateChangeTable-listUl\")]/tbody/tr[1]/td[11]/div/div/div/div[2]/span"}
COMMAND: POST /session/a8428c741072a9dba60f1289e89eec31/element/f.61D523AD244D725F0F466081CD3EF8F5.d.0A89BC0D15375A8BE82E4381F6BD1523.e.1323/click - {}
RESULT: {}
COMMAND: GET /session/a8428c741072a9dba60f1289e89eec31/screenshot - {}
RESULT: {}
COMMAND: POST /session/a8428c741072a9dba60f1289e89eec31/element - {"using":"xpath","value":"//table[contains(@id, \"massStateChangeTable-listUl\")]/tbody/tr[1]/td[11]/div/div/div/div[2]/span"}
RESULT: {"using":"xpath","value":"//table[contains(@id, \"massStateChangeTable-listUl\")]/tbody/tr[1]/td[11]/div/div/div/div[2]/span"}
COMMAND: POST /session/a8428c741072a9dba60f1289e89eec31/element/f.61D523AD244D725F0F466081CD3EF8F5.d.0A89BC0D15375A8BE82E4381F6BD1523.e.1323/click - {}
RESULT: {}
COMMAND: GET /session/a8428c741072a9dba60f1289e89eec31/screenshot - {}
RESULT: {}
COMMAND: POST /session/a8428c741072a9dba60f1289e89eec31/element - {"using":"xpath","value":"//table[contains(@id, \"massStateChangeTable-listUl\")]/tbody/tr[1]/td[11]/div/div/div/div[2]/span"}
RESULT: {"using":"xpath","value":"//table[contains(@id, \"massStateChangeTable-listUl\")]/tbody/tr[1]/td[11]/div/div/div/div[2]/span"}
COMMAND: POST /session/a8428c741072a9dba60f1289e89eec31/element/f.61D523AD244D725F0F466081CD3EF8F5.d.0A89BC0D15375A8BE82E4381F6BD1523.e.1323/click - {}
RESULT: {}
COMMAND: GET /session/a8428c741072a9dba60f1289e89eec31/screenshot - {}
RESULT: {}
COMMAND: POST /session/a8428c741072a9dba60f1289e89eec31/element - {"using":"xpath","value":"//table[contains(@id, \"massStateChangeTable-listUl\")]/tbody/tr[1]/td[11]/div/div/div/div[2]/span"}
RESULT: {"using":"xpath","value":"//table[contains(@id, \"massStateChangeTable-listUl\")]/tbody/tr[1]/td[11]/div/div/div/div[2]/span"}
COMMAND: POST /session/a8428c741072a9dba60f1289e89eec31/element/f.61D523AD244D725F0F466081CD3EF8F5.d.0A89BC0D15375A8BE82E4381F6BD1523.e.1323/click - {}
RESULT: {}
COMMAND: GET /session/a8428c741072a9dba60f1289e89eec31/screenshot - {}
RESULT: {}
COMMAND: POST /session/a8428c741072a9dba60f1289e89eec31/element - {"using":"xpath","value":"//table[contains(@id, \"massStateChangeTable-listUl\")]/tbody/tr[1]/td[11]/div/div/div/div[2]/span"}
RESULT: {"using":"xpath","value":"//table[contains(@id, \"massStateChangeTable-listUl\")]/tbody/tr[1]/td[11]/div/div/div/div[2]/span"}
COMMAND: POST /session/a8428c741072a9dba60f1289e89eec31/element/f.61D523AD244D725F0F466081CD3EF8F5.d.0A89BC0D15375A8BE82E4381F6BD1523.e.1323/click - {}
RESULT: {}
COMMAND: GET /session/a8428c741072a9dba60f1289e89eec31/screenshot - {}
RESULT: {}
COMMAND: POST /session/a8428c741072a9dba60f1289e89eec31/element - {"using":"xpath","value":"//table[contains(@id, \"massStateChangeTable-listUl\")]/tbody/tr[1]/td[11]/div/div/div/div[2]/span"}
RESULT: {"using":"xpath","value":"//table[contains(@id, \"massStateChangeTable-listUl\")]/tbody/tr[1]/td[11]/div/div/div/div[2]/span"}
COMMAND: POST /session/a8428c741072a9dba60f1289e89eec31/element/f.61D523AD244D725F0F466081CD3EF8F5.d.0A89BC0D15375A8BE82E4381F6BD1523.e.1323/click - {}
RESULT: {}
COMMAND: GET /session/a8428c741072a9dba60f1289e89eec31/screenshot - {}
RESULT: {}
COMMAND: POST /session/a8428c741072a9dba60f1289e89eec31/element - {"using":"xpath","value":"//table[contains(@id, \"massStateChangeTable-listUl\")]/tbody/tr[1]/td[11]/div/div/div/div[2]/span"}
RESULT: {"using":"xpath","value":"//table[contains(@id, \"massStateChangeTable-listUl\")]/tbody/tr[1]/td[11]/div/div/div/div[2]/span"}
COMMAND: POST /session/a8428c741072a9dba60f1289e89eec31/element/f.61D523AD244D725F0F466081CD3EF8F5.d.0A89BC0D15375A8BE82E4381F6BD1523.e.1323/click - {}
RESULT: {}
COMMAND: GET /session/a8428c741072a9dba60f1289e89eec31/screenshot - {}
RESULT: {}
COMMAND: POST /session/a8428c741072a9dba60f1289e89eec31/element - {"using":"xpath","value":"//table[contains(@id, \"massStateChangeTable-listUl\")]/tbody/tr[1]/td[11]/div/div/div/div[2]/span"}
RESULT: {"using":"xpath","value":"//table[contains(@id, \"massStateChangeTable-listUl\")]/tbody/tr[1]/td[11]/div/div/div/div[2]/span"}
COMMAND: POST /session/a8428c741072a9dba60f1289e89eec31/element/f.61D523AD244D725F0F466081CD3EF8F5.d.0A89BC0D15375A8BE82E4381F6BD1523.e.1323/click - {}
RESULT: {}
COMMAND: GET /session/a8428c741072a9dba60f1289e89eec31/screenshot - {}
RESULT: {}
COMMAND: POST /session/a8428c741072a9dba60f1289e89eec31/element - {"using":"xpath","value":"//table[contains(@id, \"massStateChangeTable-listUl\")]/tbody/tr[1]/td[11]/div/div/div/div[2]/span"}
RESULT: {"using":"xpath","value":"//table[contains(@id, \"massStateChangeTable-listUl\")]/tbody/tr[1]/td[11]/div/div/div/div[2]/span"}
COMMAND: POST /session/a8428c741072a9dba60f1289e89eec31/element/f.61D523AD244D725F0F466081CD3EF8F5.d.0A89BC0D15375A8BE82E4381F6BD1523.e.1323/click - {}
RESULT: {}
COMMAND: GET /session/a8428c741072a9dba60f1289e89eec31/screenshot - {}
RESULT: {}
COMMAND: POST /session/a8428c741072a9dba60f1289e89eec31/element - {"using":"xpath","value":"//table[contains(@id, \"massStateChangeTable-listUl\")]/tbody/tr[1]/td[11]/div/div/div/div[2]/span"}
RESULT: {"using":"xpath","value":"//table[contains(@id, \"massStateChangeTable-listUl\")]/tbody/tr[1]/td[11]/div/div/div/div[2]/span"}
COMMAND: POST /session/a8428c741072a9dba60f1289e89eec31/element/f.61D523AD244D725F0F466081CD3EF8F5.d.0A89BC0D15375A8BE82E4381F6BD1523.e.1323/click - {}
RESULT: {}
COMMAND: GET /session/a8428c741072a9dba60f1289e89eec31/screenshot - {}
RESULT: {}
COMMAND: POST /session/a8428c741072a9dba60f1289e89eec31/element - {"using":"xpath","value":"//table[contains(@id, \"massStateChangeTable-listUl\")]/tbody/tr[1]/td[11]/div/div/div/div[2]/span"}
RESULT: {"using":"xpath","value":"//table[contains(@id, \"massStateChangeTable-listUl\")]/tbody/tr[1]/td[11]/div/div/div/div[2]/span"}
COMMAND: POST /session/a8428c741072a9dba60f1289e89eec31/element/f.61D523AD244D725F0F466081CD3EF8F5.d.0A89BC0D15375A8BE82E4381F6BD1523.e.1323/click - {}
RESULT: {}
COMMAND: GET /session/a8428c741072a9dba60f1289e89eec31/screenshot - {}
RESULT: {}
COMMAND: POST /session/a8428c741072a9dba60f1289e89eec31/element - {"using":"xpath","value":"//table[contains(@id, \"massStateChangeTable-listUl\")]/tbody/tr[1]/td[11]/div/div/div/div[2]/span"}
RESULT: {"using":"xpath","value":"//table[contains(@id, \"massStateChangeTable-listUl\")]/tbody/tr[1]/td[11]/div/div/div/div[2]/span"}
COMMAND: POST /session/a8428c741072a9dba60f1289e89eec31/element/f.61D523AD244D725F0F466081CD3EF8F5.d.0A89BC0D15375A8BE82E4381F6BD1523.e.1323/click - {}
RESULT: {}
COMMAND: GET /session/a8428c741072a9dba60f1289e89eec31/screenshot - {}
RESULT: {}
COMMAND: POST /session/a8428c741072a9dba60f1289e89eec31/element - {"using":"xpath","value":"//table[contains(@id, \"massStateChangeTable-listUl\")]/tbody/tr[1]/td[11]/div/div/div/div[2]/span"}
RESULT: {"using":"xpath","value":"//table[contains(@id, \"massStateChangeTable-listUl\")]/tbody/tr[1]/td[11]/div/div/div/div[2]/span"}
COMMAND: POST /session/a8428c741072a9dba60f1289e89eec31/element/f.61D523AD244D725F0F466081CD3EF8F5.d.0A89BC0D15375A8BE82E4381F6BD1523.e.1323/click - {}
RESULT: {}
COMMAND: GET /session/a8428c741072a9dba60f1289e89eec31/screenshot - {}
RESULT: {}
COMMAND: POST /session/a8428c741072a9dba60f1289e89eec31/element - {"using":"xpath","value":"//table[contains(@id, \"massStateChangeTable-listUl\")]/tbody/tr[1]/td[11]/div/div/div/div[2]/span"}
RESULT: {"using":"xpath","value":"//table[contains(@id, \"massStateChangeTable-listUl\")]/tbody/tr[1]/td[11]/div/div/div/div[2]/span"}
COMMAND: POST /session/a8428c741072a9dba60f1289e89eec31/element/f.61D523AD244D725F0F466081CD3EF8F5.d.0A89BC0D15375A8BE82E4381F6BD1523.e.1323/click - {}
RESULT: {}
COMMAND: GET /session/a8428c741072a9dba60f1289e89eec31/screenshot - {}
RESULT: {}
COMMAND: POST /session/a8428c741072a9dba60f1289e89eec31/element - {"using":"xpath","value":"//table[contains(@id, \"massStateChangeTable-listUl\")]/tbody/tr[1]/td[11]/div/div/div/div[2]/span"}
RESULT: {"using":"xpath","value":"//table[contains(@id, \"massStateChangeTable-listUl\")]/tbody/tr[1]/td[11]/div/div/div/div[2]/span"}
COMMAND: POST /session/a8428c741072a9dba60f1289e89eec31/element/f.61D523AD244D725F0F466081CD3EF8F5.d.0A89BC0D15375A8BE82E4381F6BD1523.e.1323/click - {}
RESULT: {}
COMMAND: GET /session/a8428c741072a9dba60f1289e89eec31/screenshot - {}
RESULT: {}
COMMAND: POST /session/a8428c741072a9dba60f1289e89eec31/element - {"using":"xpath","value":"//table[contains(@id, \"massStateChangeTable-listUl\")]/tbody/tr[1]/td[11]/div/div/div/div[2]/span"}
RESULT: {"using":"xpath","value":"//table[contains(@id, \"massStateChangeTable-listUl\")]/tbody/tr[1]/td[11]/div/div/div/div[2]/span"}
COMMAND: POST /session/a8428c741072a9dba60f1289e89eec31/element/f.61D523AD244D725F0F466081CD3EF8F5.d.0A89BC0D15375A8BE82E4381F6BD1523.e.1323/click - {}
RESULT: {}
COMMAND: GET /session/a8428c741072a9dba60f1289e89eec31/screenshot - {}
RESULT: {}
COMMAND: POST /session/a8428c741072a9dba60f1289e89eec31/element - {"using":"xpath","value":"//table[contains(@id, \"massStateChangeTable-listUl\")]/tbody/tr[1]/td[11]/div/div/div/div[2]/span"}
RESULT: {"using":"xpath","value":"//table[contains(@id, \"massStateChangeTable-listUl\")]/tbody/tr[1]/td[11]/div/div/div/div[2]/span"}
COMMAND: POST /session/a8428c741072a9dba60f1289e89eec31/element/f.61D523AD244D725F0F466081CD3EF8F5.d.0A89BC0D15375A8BE82E4381F6BD1523.e.1323/click - {}
RESULT: {}
COMMAND: GET /session/a8428c741072a9dba60f1289e89eec31/screenshot - {}
RESULT: {}
COMMAND: POST /session/a8428c741072a9dba60f1289e89eec31/element - {"using":"xpath","value":"//table[contains(@id, \"massStateChangeTable-listUl\")]/tbody/tr[1]/td[11]/div/div/div/div[2]/span"}
RESULT: {"using":"xpath","value":"//table[contains(@id, \"massStateChangeTable-listUl\")]/tbody/tr[1]/td[11]/div/div/div/div[2]/span"}
COMMAND: POST /session/a8428c741072a9dba60f1289e89eec31/element/f.61D523AD244D725F0F466081CD3EF8F5.d.0A89BC0D15375A8BE82E4381F6BD1523.e.1323/click - {}
RESULT: {}
COMMAND: GET /session/a8428c741072a9dba60f1289e89eec31/screenshot - {}
RESULT: {}
COMMAND: POST /session/a8428c741072a9dba60f1289e89eec31/element - {"using":"xpath","value":"//table[contains(@id, \"massStateChangeTable-listUl\")]/tbody/tr[1]/td[11]/div/div/div/div[2]/span"}
RESULT: {"using":"xpath","value":"//table[contains(@id, \"massStateChangeTable-listUl\")]/tbody/tr[1]/td[11]/div/div/div/div[2]/span"}
COMMAND: POST /session/a8428c741072a9dba60f1289e89eec31/element/f.61D523AD244D725F0F466081CD3EF8F5.d.0A89BC0D15375A8BE82E4381F6BD1523.e.1323/click - {}
RESULT: {}
COMMAND: GET /session/a8428c741072a9dba60f1289e89eec31/screenshot - {}
RESULT: {}
COMMAND: POST /session/a8428c741072a9dba60f1289e89eec31/element - {"using":"xpath","value":"//table[contains(@id, \"massStateChangeTable-listUl\")]/tbody/tr[1]/td[11]/div/div/div/div[2]/span"}
RESULT: {"using":"xpath","value":"//table[contains(@id, \"massStateChangeTable-listUl\")]/tbody/tr[1]/td[11]/div/div/div/div[2]/span"}
COMMAND: POST /session/a8428c741072a9dba60f1289e89eec31/element/f.61D523AD244D725F0F466081CD3EF8F5.d.0A89BC0D15375A8BE82E4381F6BD1523.e.1323/click - {}
RESULT: {}
COMMAND: GET /session/a8428c741072a9dba60f1289e89eec31/screenshot - {}
RESULT: {}
COMMAND: POST /session/a8428c741072a9dba60f1289e89eec31/element - {"using":"xpath","value":"//table[contains(@id, \"massStateChangeTable-listUl\")]/tbody/tr[1]/td[11]/div/div/div/div[2]/span"}
RESULT: {"using":"xpath","value":"//table[contains(@id, \"massStateChangeTable-listUl\")]/tbody/tr[1]/td[11]/div/div/div/div[2]/span"}
COMMAND: POST /session/a8428c741072a9dba60f1289e89eec31/element/f.61D523AD244D725F0F466081CD3EF8F5.d.0A89BC0D15375A8BE82E4381F6BD1523.e.1323/click - {}
RESULT: {}
COMMAND: GET /session/a8428c741072a9dba60f1289e89eec31/screenshot - {}
RESULT: {}
COMMAND: POST /session/a8428c741072a9dba60f1289e89eec31/element - {"using":"xpath","value":"//table[contains(@id, \"massStateChangeTable-listUl\")]/tbody/tr[1]/td[11]/div/div/div/div[2]/span"}
RESULT: {"using":"xpath","value":"//table[contains(@id, \"massStateChangeTable-listUl\")]/tbody/tr[1]/td[11]/div/div/div/div[2]/span"}
COMMAND: POST /session/a8428c741072a9dba60f1289e89eec31/element/f.61D523AD244D725F0F466081CD3EF8F5.d.0A89BC0D15375A8BE82E4381F6BD1523.e.1323/click - {}
RESULT: {}
COMMAND: GET /session/a8428c741072a9dba60f1289e89eec31/screenshot - {}
RESULT: {}
COMMAND: POST /session/a8428c741072a9dba60f1289e89eec31/element - {"using":"xpath","value":"//table[contains(@id, \"massStateChangeTable-listUl\")]/tbody/tr[1]/td[11]/div/div/div/div[2]/span"}
RESULT: {"using":"xpath","value":"//table[contains(@id, \"massStateChangeTable-listUl\")]/tbody/tr[1]/td[11]/div/div/div/div[2]/span"}
COMMAND: POST /session/a8428c741072a9dba60f1289e89eec31/element/f.61D523AD244D725F0F466081CD3EF8F5.d.0A89BC0D15375A8BE82E4381F6BD1523.e.1323/click - {}
RESULT: {}
COMMAND: GET /session/a8428c741072a9dba60f1289e89eec31/screenshot - {}
RESULT: {}
COMMAND: POST /session/a8428c741072a9dba60f1289e89eec31/element - {"using":"xpath","value":"//table[contains(@id, \"massStateChangeTable-listUl\")]/tbody/tr[1]/td[11]/div/div/div/div[2]/span"}
RESULT: {"using":"xpath","value":"//table[contains(@id, \"massStateChangeTable-listUl\")]/tbody/tr[1]/td[11]/div/div/div/div[2]/span"}
COMMAND: POST /session/a8428c741072a9dba60f1289e89eec31/element/f.61D523AD244D725F0F466081CD3EF8F5.d.0A89BC0D15375A8BE82E4381F6BD1523.e.1323/click - {}
RESULT: {}
COMMAND: GET /session/a8428c741072a9dba60f1289e89eec31/screenshot - {}
RESULT: {}
COMMAND: POST /session/a8428c741072a9dba60f1289e89eec31/element - {"using":"xpath","value":"//table[contains(@id, \"massStateChangeTable-listUl\")]/tbody/tr[1]/td[11]/div/div/div/div[2]/span"}
RESULT: {"using":"xpath","value":"//table[contains(@id, \"massStateChangeTable-listUl\")]/tbody/tr[1]/td[11]/div/div/div/div[2]/span"}
COMMAND: POST /session/a8428c741072a9dba60f1289e89eec31/element/f.61D523AD244D725F0F466081CD3EF8F5.d.0A89BC0D15375A8BE82E4381F6BD1523.e.1323/click - {}
RESULT: {}
COMMAND: GET /session/a8428c741072a9dba60f1289e89eec31/screenshot - {}
RESULT: {}
COMMAND: POST /session/a8428c741072a9dba60f1289e89eec31/element - {"using":"xpath","value":"//table[contains(@id, \"massStateChangeTable-listUl\")]/tbody/tr[2]/td[11]/div/div/div/div[2]/span"}
RESULT: {"using":"xpath","value":"//table[contains(@id, \"massStateChangeTable-listUl\")]/tbody/tr[2]/td[11]/div/div/div/div[2]/span"}
COMMAND: POST /session/a8428c741072a9dba60f1289e89eec31/element/f.61D523AD244D725F0F466081CD3EF8F5.d.0A89BC0D15375A8BE82E4381F6BD1523.e.1324/click - {}
RESULT: {}
COMMAND: GET /session/a8428c741072a9dba60f1289e89eec31/screenshot - {}
RESULT: {}
COMMAND: POST /session/a8428c741072a9dba60f1289e89eec31/element - {"using":"xpath","value":"//table[contains(@id, \"massStateChangeTable-listUl\")]/tbody/tr[1]/td[11]/div/div/div/input"}
RESULT: {"using":"xpath","value":"//table[contains(@id, \"massStateChangeTable-listUl\")]/tbody/tr[1]/td[11]/div/div/div/input"}
COMMAND: GET /session/a8428c741072a9dba60f1289e89eec31/element/f.61D523AD244D725F0F466081CD3EF8F5.d.0A89BC0D15375A8BE82E4381F6BD1523.e.1302/property/value - {}
RESULT: {}
COMMAND: POST /session/a8428c741072a9dba60f1289e89eec31/element - {"using":"xpath","value":"//table[contains(@id, \"massStateChangeTable-listUl\")]/tbody/tr[2]/td[11]/div/div/div/input"}
COMMAND: GET /session/a8428c741072a9dba60f1289e89eec31/screenshot - {}
RESULT: {"using":"xpath","value":"//table[contains(@id, \"massStateChangeTable-listUl\")]/tbody/tr[2]/td[11]/div/div/div/input"}
COMMAND: GET /session/a8428c741072a9dba60f1289e89eec31/element/f.61D523AD244D725F0F466081CD3EF8F5.d.0A89BC0D15375A8BE82E4381F6BD1523.e.1306/property/value - {}
RESULT: {}
RESULT: {}
COMMAND: POST /session/a8428c741072a9dba60f1289e89eec31/element - {"using":"xpath","value":"(//bdi[contains(text(), \"OK\")])[1]"}
COMMAND: GET /session/a8428c741072a9dba60f1289e89eec31/screenshot - {}
RESULT: {"using":"xpath","value":"(//bdi[contains(text(), \"OK\")])[1]"}
COMMAND: POST /session/a8428c741072a9dba60f1289e89eec31/element/f.61D523AD244D725F0F466081CD3EF8F5.d.0A89BC0D15375A8BE82E4381F6BD1523.e.1310/click - {}
RESULT: {}
RESULT: {}
COMMAND: GET /session/a8428c741072a9dba60f1289e89eec31/screenshot - {}
RESULT: {}
COMMAND: POST /session/a8428c741072a9dba60f1289e89eec31/element - {"using":"xpath","value":"(//bdi[contains(text(), \"OK\")])[2]"}
RESULT: {"using":"xpath","value":"(//bdi[contains(text(), \"OK\")])[2]"}
COMMAND: POST /session/a8428c741072a9dba60f1289e89eec31/element/f.61D523AD244D725F0F466081CD3EF8F5.d.0A89BC0D15375A8BE82E4381F6BD1523.e.1326/click - {}
RESULT: {}
COMMAND: GET /session/a8428c741072a9dba60f1289e89eec31/screenshot - {}
RESULT: {}
RESULT: undefined
COMMAND: POST /session/a8428c741072a9dba60f1289e89eec31/execute/async - {"script":"<script> [776 bytes]","args":[{"enterText":"600002","selector":{"id":"application-ruinventorylist-display-component---Master--smartFilterBar-btnBasicSearch","interaction":{"idSuffix":"I"}},"clearTextFirst":true,"interactionType":"ENTER_TEXT"}]}
RESULT: {"script":"<script> [776 bytes]","args":[{"enterText":"600002","selector":{"id":"application-ruinventorylist-display-component---Master--smartFilterBar-btnBasicSearch","interaction":{"idSuffix":"I"}},"clearTextFirst":true,"interactionType":"ENTER_TEXT"}]}
COMMAND: POST /session/a8428c741072a9dba60f1289e89eec31/actions - {"actions":[{"id":"action5","type":"key","parameters":{},"actions":[{"type":"keyDown","value":"î€‡"},{"type":"pause","duration":10},{"type":"keyUp","value":"î€‡"}]}]}
RESULT: {"actions":[{"id":"action5","type":"key","parameters":{},"actions":[{"type":"keyDown","value":"î€‡"},{"type":"pause","duration":10},{"type":"keyUp","value":"î€‡"}]}]}
COMMAND: GET /session/a8428c741072a9dba60f1289e89eec31/screenshot - {}
RESULT: {}
COMMAND: POST /session/a8428c741072a9dba60f1289e89eec31/element - {"using":"xpath","value":"//span[@id=\"application-ruinventorylist-display-component---Master--smartTableRuInventoryList-header-inner\"]"}
RESULT: {"using":"xpath","value":"//span[@id=\"application-ruinventorylist-display-component---Master--smartTableRuInventoryList-header-inner\"]"}
COMMAND: POST /session/a8428c741072a9dba60f1289e89eec31/elements - {"using":"xpath","value":"//span[@id=\"application-ruinventorylist-display-component---Master--smartTableRuInventoryList-header-inner\"]"}
RESULT: {"using":"xpath","value":"//span[@id=\"application-ruinventorylist-display-component---Master--smartTableRuInventoryList-header-inner\"]"}
COMMAND: POST /session/a8428c741072a9dba60f1289e89eec31/execute/sync - {"script":"<script> [56 bytes]","args":[{"element-6066-11e4-a52e-4f735466cecf":"f.61D523AD244D725F0F466081CD3EF8F5.d.0A89BC0D15375A8BE82E4381F6BD1523.e.913","ELEMENT":"f.61D523AD244D725F0F466081CD3EF8F5.d.0A89BC0D15375A8BE82E4381F6BD1523.e.913"}]}
RESULT: {"script":"<script> [56 bytes]","args":[{"element-6066-11e4-a52e-4f735466cecf":"f.61D523AD244D725F0F466081CD3EF8F5.d.0A89BC0D15375A8BE82E4381F6BD1523.e.913","ELEMENT":"f.61D523AD244D725F0F466081CD3EF8F5.d.0A89BC0D15375A8BE82E4381F6BD1523.e.913"}]}
COMMAND: POST /session/a8428c741072a9dba60f1289e89eec31/element - {"using":"xpath","value":"//table[contains(@id, \"application-ruinventorylist-display-component---Master--tableRuInventoryList-listUl\")]/tbody/tr[1]/td[6]/div/span"}
COMMAND: GET /session/a8428c741072a9dba60f1289e89eec31/screenshot - {}
RESULT: {"using":"xpath","value":"//table[contains(@id, \"application-ruinventorylist-display-component---Master--tableRuInventoryList-listUl\")]/tbody/tr[1]/td[6]/div/span"}
COMMAND: POST /session/a8428c741072a9dba60f1289e89eec31/execute/sync - {"script":"<script> [56 bytes]","args":[{"element-6066-11e4-a52e-4f735466cecf":"f.61D523AD244D725F0F466081CD3EF8F5.d.0A89BC0D15375A8BE82E4381F6BD1523.e.1351","ELEMENT":"f.61D523AD244D725F0F466081CD3EF8F5.d.0A89BC0D15375A8BE82E4381F6BD1523.e.1351"}]}
RESULT: {}
RESULT: {"script":"<script> [56 bytes]","args":[{"element-6066-11e4-a52e-4f735466cecf":"f.61D523AD244D725F0F466081CD3EF8F5.d.0A89BC0D15375A8BE82E4381F6BD1523.e.1351","ELEMENT":"f.61D523AD244D725F0F466081CD3EF8F5.d.0A89BC0D15375A8BE82E4381F6BD1523.e.1351"}]}
COMMAND: POST /session/a8428c741072a9dba60f1289e89eec31/element - {"using":"xpath","value":"//div[contains(@id, \"smartFilterBar-btnBasicSearch-reset\")]"}
COMMAND: GET /session/a8428c741072a9dba60f1289e89eec31/screenshot - {}
RESULT: {"using":"xpath","value":"//div[contains(@id, \"smartFilterBar-btnBasicSearch-reset\")]"}
COMMAND: POST /session/a8428c741072a9dba60f1289e89eec31/element/f.61D523AD244D725F0F466081CD3EF8F5.d.0A89BC0D15375A8BE82E4381F6BD1523.e.931/click - {}
RESULT: {}
RESULT: {}
COMMAND: GET /session/a8428c741072a9dba60f1289e89eec31/screenshot - {}
RESULT: {}
RESULT: undefined
COMMAND: POST /session/a8428c741072a9dba60f1289e89eec31/execute/async - {"script":"<script> [776 bytes]","args":[{"enterText":"401002","selector":{"id":"application-ruinventorylist-display-component---Master--smartFilterBar-btnBasicSearch","interaction":{"idSuffix":"I"}},"clearTextFirst":true,"interactionType":"ENTER_TEXT"}]}
RESULT: {"script":"<script> [776 bytes]","args":[{"enterText":"401002","selector":{"id":"application-ruinventorylist-display-component---Master--smartFilterBar-btnBasicSearch","interaction":{"idSuffix":"I"}},"clearTextFirst":true,"interactionType":"ENTER_TEXT"}]}
COMMAND: POST /session/a8428c741072a9dba60f1289e89eec31/actions - {"actions":[{"id":"action6","type":"key","parameters":{},"actions":[{"type":"keyDown","value":"î€‡"},{"type":"pause","duration":10},{"type":"keyUp","value":"î€‡"}]}]}
RESULT: {"actions":[{"id":"action6","type":"key","parameters":{},"actions":[{"type":"keyDown","value":"î€‡"},{"type":"pause","duration":10},{"type":"keyUp","value":"î€‡"}]}]}
COMMAND: GET /session/a8428c741072a9dba60f1289e89eec31/screenshot - {}
RESULT: {}
COMMAND: POST /session/a8428c741072a9dba60f1289e89eec31/element - {"using":"xpath","value":"//span[@id=\"application-ruinventorylist-display-component---Master--smartTableRuInventoryList-header-inner\"]"}
RESULT: {"using":"xpath","value":"//span[@id=\"application-ruinventorylist-display-component---Master--smartTableRuInventoryList-header-inner\"]"}
COMMAND: POST /session/a8428c741072a9dba60f1289e89eec31/elements - {"using":"xpath","value":"//span[@id=\"application-ruinventorylist-display-component---Master--smartTableRuInventoryList-header-inner\"]"}
RESULT: {"using":"xpath","value":"//span[@id=\"application-ruinventorylist-display-component---Master--smartTableRuInventoryList-header-inner\"]"}
COMMAND: POST /session/a8428c741072a9dba60f1289e89eec31/execute/sync - {"script":"<script> [56 bytes]","args":[{"element-6066-11e4-a52e-4f735466cecf":"f.61D523AD244D725F0F466081CD3EF8F5.d.0A89BC0D15375A8BE82E4381F6BD1523.e.913","ELEMENT":"f.61D523AD244D725F0F466081CD3EF8F5.d.0A89BC0D15375A8BE82E4381F6BD1523.e.913"}]}
RESULT: {"script":"<script> [56 bytes]","args":[{"element-6066-11e4-a52e-4f735466cecf":"f.61D523AD244D725F0F466081CD3EF8F5.d.0A89BC0D15375A8BE82E4381F6BD1523.e.913","ELEMENT":"f.61D523AD244D725F0F466081CD3EF8F5.d.0A89BC0D15375A8BE82E4381F6BD1523.e.913"}]}
COMMAND: POST /session/a8428c741072a9dba60f1289e89eec31/element - {"using":"xpath","value":"//table[contains(@id, \"application-ruinventorylist-display-component---Master--tableRuInventoryList-listUl\")]/tbody/tr[1]/td[6]/div/span"}
COMMAND: GET /session/a8428c741072a9dba60f1289e89eec31/screenshot - {}
RESULT: {"using":"xpath","value":"//table[contains(@id, \"application-ruinventorylist-display-component---Master--tableRuInventoryList-listUl\")]/tbody/tr[1]/td[6]/div/span"}
COMMAND: POST /session/a8428c741072a9dba60f1289e89eec31/execute/sync - {"script":"<script> [56 bytes]","args":[{"element-6066-11e4-a52e-4f735466cecf":"f.61D523AD244D725F0F466081CD3EF8F5.d.0A89BC0D15375A8BE82E4381F6BD1523.e.1454","ELEMENT":"f.61D523AD244D725F0F466081CD3EF8F5.d.0A89BC0D15375A8BE82E4381F6BD1523.e.1454"}]}
RESULT: {}
RESULT: {"script":"<script> [56 bytes]","args":[{"element-6066-11e4-a52e-4f735466cecf":"f.61D523AD244D725F0F466081CD3EF8F5.d.0A89BC0D15375A8BE82E4381F6BD1523.e.1454","ELEMENT":"f.61D523AD244D725F0F466081CD3EF8F5.d.0A89BC0D15375A8BE82E4381F6BD1523.e.1454"}]}
COMMAND: POST /session/a8428c741072a9dba60f1289e89eec31/element - {"using":"xpath","value":"//div[contains(@id, \"smartFilterBar-btnBasicSearch-reset\")]"}
COMMAND: GET /session/a8428c741072a9dba60f1289e89eec31/screenshot - {}
RESULT: {"using":"xpath","value":"//div[contains(@id, \"smartFilterBar-btnBasicSearch-reset\")]"}
COMMAND: POST /session/a8428c741072a9dba60f1289e89eec31/element/f.61D523AD244D725F0F466081CD3EF8F5.d.0A89BC0D15375A8BE82E4381F6BD1523.e.931/click - {}
RESULT: {}
RESULT: {}
COMMAND: GET /session/a8428c741072a9dba60f1289e89eec31/screenshot - {}
RESULT: {}
COMMAND: POST /session/a8428c741072a9dba60f1289e89eec31/element/f.61D523AD244D725F0F466081CD3EF8F5.d.0A89BC0D15375A8BE82E4381F6BD1523.e.298/click - {}
RESULT: {}
COMMAND: GET /session/a8428c741072a9dba60f1289e89eec31/screenshot - {}
RESULT: {}
RESULT: undefined
COMMAND: POST /session/a8428c741072a9dba60f1289e89eec31/execute/async - {"script":"<script> [776 bytes]","args":[{"enterText":"600002","selector":{"id":"application-ruinventorylist-display-component---Master--smartFilterBar-btnBasicSearch","interaction":{"idSuffix":"I"}},"clearTextFirst":true,"interactionType":"ENTER_TEXT"}]}
RESULT: {"script":"<script> [776 bytes]","args":[{"enterText":"600002","selector":{"id":"application-ruinventorylist-display-component---Master--smartFilterBar-btnBasicSearch","interaction":{"idSuffix":"I"}},"clearTextFirst":true,"interactionType":"ENTER_TEXT"}]}
COMMAND: POST /session/a8428c741072a9dba60f1289e89eec31/actions - {"actions":[{"id":"action7","type":"key","parameters":{},"actions":[{"type":"keyDown","value":"î€‡"},{"type":"pause","duration":10},{"type":"keyUp","value":"î€‡"}]}]}
RESULT: {"actions":[{"id":"action7","type":"key","parameters":{},"actions":[{"type":"keyDown","value":"î€‡"},{"type":"pause","duration":10},{"type":"keyUp","value":"î€‡"}]}]}
COMMAND: GET /session/a8428c741072a9dba60f1289e89eec31/screenshot - {}
RESULT: {}
COMMAND: POST /session/a8428c741072a9dba60f1289e89eec31/element - {"using":"xpath","value":"//span[@id=\"application-ruinventorylist-display-component---Master--smartTableRuInventoryList-header-inner\"]"}
RESULT: {"using":"xpath","value":"//span[@id=\"application-ruinventorylist-display-component---Master--smartTableRuInventoryList-header-inner\"]"}
COMMAND: POST /session/a8428c741072a9dba60f1289e89eec31/elements - {"using":"xpath","value":"//span[@id=\"application-ruinventorylist-display-component---Master--smartTableRuInventoryList-header-inner\"]"}
RESULT: {"using":"xpath","value":"//span[@id=\"application-ruinventorylist-display-component---Master--smartTableRuInventoryList-header-inner\"]"}
COMMAND: POST /session/a8428c741072a9dba60f1289e89eec31/execute/sync - {"script":"<script> [56 bytes]","args":[{"element-6066-11e4-a52e-4f735466cecf":"f.61D523AD244D725F0F466081CD3EF8F5.d.0A89BC0D15375A8BE82E4381F6BD1523.e.913","ELEMENT":"f.61D523AD244D725F0F466081CD3EF8F5.d.0A89BC0D15375A8BE82E4381F6BD1523.e.913"}]}
RESULT: {"script":"<script> [56 bytes]","args":[{"element-6066-11e4-a52e-4f735466cecf":"f.61D523AD244D725F0F466081CD3EF8F5.d.0A89BC0D15375A8BE82E4381F6BD1523.e.913","ELEMENT":"f.61D523AD244D725F0F466081CD3EF8F5.d.0A89BC0D15375A8BE82E4381F6BD1523.e.913"}]}
COMMAND: POST /session/a8428c741072a9dba60f1289e89eec31/element - {"using":"xpath","value":"//table[contains(@id, \"application-ruinventorylist-display-component---Master--tableRuInventoryList-listUl\")]/tbody/tr[1]/td[2]/div/div"}
COMMAND: GET /session/a8428c741072a9dba60f1289e89eec31/screenshot - {}
RESULT: {"using":"xpath","value":"//table[contains(@id, \"application-ruinventorylist-display-component---Master--tableRuInventoryList-listUl\")]/tbody/tr[1]/td[2]/div/div"}
COMMAND: POST /session/a8428c741072a9dba60f1289e89eec31/element/f.61D523AD244D725F0F466081CD3EF8F5.d.0A89BC0D15375A8BE82E4381F6BD1523.e.1747/click - {}
RESULT: {}
RESULT: {}
COMMAND: GET /session/a8428c741072a9dba60f1289e89eec31/screenshot - {}
RESULT: {}
COMMAND: POST /session/a8428c741072a9dba60f1289e89eec31/element - {"using":"xpath","value":"//div[contains(@id, \"smartFilterBar-btnBasicSearch-reset\")]"}
RESULT: {"using":"xpath","value":"//div[contains(@id, \"smartFilterBar-btnBasicSearch-reset\")]"}
COMMAND: POST /session/a8428c741072a9dba60f1289e89eec31/element/f.61D523AD244D725F0F466081CD3EF8F5.d.0A89BC0D15375A8BE82E4381F6BD1523.e.931/click - {}
RESULT: {}
COMMAND: GET /session/a8428c741072a9dba60f1289e89eec31/screenshot - {}
RESULT: {}
RESULT: undefined
COMMAND: POST /session/a8428c741072a9dba60f1289e89eec31/execute/async - {"script":"<script> [776 bytes]","args":[{"enterText":"401002","selector":{"id":"application-ruinventorylist-display-component---Master--smartFilterBar-btnBasicSearch","interaction":{"idSuffix":"I"}},"clearTextFirst":true,"interactionType":"ENTER_TEXT"}]}
RESULT: {"script":"<script> [776 bytes]","args":[{"enterText":"401002","selector":{"id":"application-ruinventorylist-display-component---Master--smartFilterBar-btnBasicSearch","interaction":{"idSuffix":"I"}},"clearTextFirst":true,"interactionType":"ENTER_TEXT"}]}
COMMAND: POST /session/a8428c741072a9dba60f1289e89eec31/actions - {"actions":[{"id":"action8","type":"key","parameters":{},"actions":[{"type":"keyDown","value":"î€‡"},{"type":"pause","duration":10},{"type":"keyUp","value":"î€‡"}]}]}
RESULT: {"actions":[{"id":"action8","type":"key","parameters":{},"actions":[{"type":"keyDown","value":"î€‡"},{"type":"pause","duration":10},{"type":"keyUp","value":"î€‡"}]}]}
COMMAND: GET /session/a8428c741072a9dba60f1289e89eec31/screenshot - {}
RESULT: {}
COMMAND: POST /session/a8428c741072a9dba60f1289e89eec31/element - {"using":"xpath","value":"//span[@id=\"application-ruinventorylist-display-component---Master--smartTableRuInventoryList-header-inner\"]"}
RESULT: {"using":"xpath","value":"//span[@id=\"application-ruinventorylist-display-component---Master--smartTableRuInventoryList-header-inner\"]"}
COMMAND: POST /session/a8428c741072a9dba60f1289e89eec31/elements - {"using":"xpath","value":"//span[@id=\"application-ruinventorylist-display-component---Master--smartTableRuInventoryList-header-inner\"]"}
RESULT: {"using":"xpath","value":"//span[@id=\"application-ruinventorylist-display-component---Master--smartTableRuInventoryList-header-inner\"]"}
COMMAND: POST /session/a8428c741072a9dba60f1289e89eec31/execute/sync - {"script":"<script> [56 bytes]","args":[{"element-6066-11e4-a52e-4f735466cecf":"f.61D523AD244D725F0F466081CD3EF8F5.d.0A89BC0D15375A8BE82E4381F6BD1523.e.913","ELEMENT":"f.61D523AD244D725F0F466081CD3EF8F5.d.0A89BC0D15375A8BE82E4381F6BD1523.e.913"}]}
RESULT: {"script":"<script> [56 bytes]","args":[{"element-6066-11e4-a52e-4f735466cecf":"f.61D523AD244D725F0F466081CD3EF8F5.d.0A89BC0D15375A8BE82E4381F6BD1523.e.913","ELEMENT":"f.61D523AD244D725F0F466081CD3EF8F5.d.0A89BC0D15375A8BE82E4381F6BD1523.e.913"}]}
COMMAND: POST /session/a8428c741072a9dba60f1289e89eec31/element - {"using":"xpath","value":"//table[contains(@id, \"application-ruinventorylist-display-component---Master--tableRuInventoryList-listUl\")]/tbody/tr[1]/td[2]/div/div"}
COMMAND: GET /session/a8428c741072a9dba60f1289e89eec31/screenshot - {}
RESULT: {"using":"xpath","value":"//table[contains(@id, \"application-ruinventorylist-display-component---Master--tableRuInventoryList-listUl\")]/tbody/tr[1]/td[2]/div/div"}
COMMAND: POST /session/a8428c741072a9dba60f1289e89eec31/element/f.61D523AD244D725F0F466081CD3EF8F5.d.0A89BC0D15375A8BE82E4381F6BD1523.e.1935/click - {}
RESULT: {}
RESULT: {}
COMMAND: GET /session/a8428c741072a9dba60f1289e89eec31/screenshot - {}
RESULT: {}
COMMAND: POST /session/a8428c741072a9dba60f1289e89eec31/element - {"using":"xpath","value":"//div[contains(@id, \"smartFilterBar-btnBasicSearch-reset\")]"}
RESULT: {"using":"xpath","value":"//div[contains(@id, \"smartFilterBar-btnBasicSearch-reset\")]"}
COMMAND: POST /session/a8428c741072a9dba60f1289e89eec31/element/f.61D523AD244D725F0F466081CD3EF8F5.d.0A89BC0D15375A8BE82E4381F6BD1523.e.931/click - {}
RESULT: {}
COMMAND: GET /session/a8428c741072a9dba60f1289e89eec31/screenshot - {}
RESULT: {}
COMMAND: POST /session/a8428c741072a9dba60f1289e89eec31/element/f.61D523AD244D725F0F466081CD3EF8F5.d.0A89BC0D15375A8BE82E4381F6BD1523.e.298/click - {}
RESULT: {}
COMMAND: GET /session/a8428c741072a9dba60f1289e89eec31/screenshot - {}
RESULT: {}
RESULT: undefined
COMMAND: POST /session/a8428c741072a9dba60f1289e89eec31/element - {"using":"xpath","value":"//*[@id=\"application-ruinventorylist-display-component---Master--ruStateTypes-arrow\"]"}
RESULT: {"using":"xpath","value":"//*[@id=\"application-ruinventorylist-display-component---Master--ruStateTypes-arrow\"]"}
COMMAND: POST /session/a8428c741072a9dba60f1289e89eec31/element/f.61D523AD244D725F0F466081CD3EF8F5.d.0A89BC0D15375A8BE82E4381F6BD1523.e.2134/click - {}
RESULT: {}
COMMAND: GET /session/a8428c741072a9dba60f1289e89eec31/screenshot - {}
RESULT: {}
COMMAND: POST /session/a8428c741072a9dba60f1289e89eec31/element - {"using":"xpath","value":"//li[.//span[text()=\"available\"]]"}
RESULT: {"using":"xpath","value":"//li[.//span[text()=\"available\"]]"}
COMMAND: POST /session/a8428c741072a9dba60f1289e89eec31/element/f.61D523AD244D725F0F466081CD3EF8F5.d.0A89BC0D15375A8BE82E4381F6BD1523.e.2135/click - {}
RESULT: {}
COMMAND: GET /session/a8428c741072a9dba60f1289e89eec31/screenshot - {}
RESULT: {}
COMMAND: POST /session/a8428c741072a9dba60f1289e89eec31/element - {"using":"xpath","value":"(//bdi[contains(text(), \"OK\")])[1]"}
RESULT: {"using":"xpath","value":"(//bdi[contains(text(), \"OK\")])[1]"}
COMMAND: POST /session/a8428c741072a9dba60f1289e89eec31/element/f.61D523AD244D725F0F466081CD3EF8F5.d.0A89BC0D15375A8BE82E4381F6BD1523.e.2136/click - {}
RESULT: {}
COMMAND: GET /session/a8428c741072a9dba60f1289e89eec31/screenshot - {}
RESULT: {}
COMMAND: POST /session/a8428c741072a9dba60f1289e89eec31/element - {"using":"xpath","value":"(//bdi[contains(text(), \"OK\")])[2]"}
RESULT: {"using":"xpath","value":"(//bdi[contains(text(), \"OK\")])[2]"}
COMMAND: POST /session/a8428c741072a9dba60f1289e89eec31/element/f.61D523AD244D725F0F466081CD3EF8F5.d.0A89BC0D15375A8BE82E4381F6BD1523.e.2140/click - {}
RESULT: {}
COMMAND: GET /session/a8428c741072a9dba60f1289e89eec31/screenshot - {}
RESULT: {}
RESULT: undefined
COMMAND: POST /session/a8428c741072a9dba60f1289e89eec31/execute/async - {"script":"<script> [776 bytes]","args":[{"enterText":"600002","selector":{"id":"application-ruinventorylist-display-component---Master--smartFilterBar-btnBasicSearch","interaction":{"idSuffix":"I"}},"clearTextFirst":true,"interactionType":"ENTER_TEXT"}]}
RESULT: {"script":"<script> [776 bytes]","args":[{"enterText":"600002","selector":{"id":"application-ruinventorylist-display-component---Master--smartFilterBar-btnBasicSearch","interaction":{"idSuffix":"I"}},"clearTextFirst":true,"interactionType":"ENTER_TEXT"}]}
COMMAND: POST /session/a8428c741072a9dba60f1289e89eec31/actions - {"actions":[{"id":"action9","type":"key","parameters":{},"actions":[{"type":"keyDown","value":"î€‡"},{"type":"pause","duration":10},{"type":"keyUp","value":"î€‡"}]}]}
RESULT: {"actions":[{"id":"action9","type":"key","parameters":{},"actions":[{"type":"keyDown","value":"î€‡"},{"type":"pause","duration":10},{"type":"keyUp","value":"î€‡"}]}]}
COMMAND: GET /session/a8428c741072a9dba60f1289e89eec31/screenshot - {}
RESULT: {}
COMMAND: POST /session/a8428c741072a9dba60f1289e89eec31/element - {"using":"xpath","value":"//span[@id=\"application-ruinventorylist-display-component---Master--smartTableRuInventoryList-header-inner\"]"}
RESULT: {"using":"xpath","value":"//span[@id=\"application-ruinventorylist-display-component---Master--smartTableRuInventoryList-header-inner\"]"}
COMMAND: POST /session/a8428c741072a9dba60f1289e89eec31/elements - {"using":"xpath","value":"//span[@id=\"application-ruinventorylist-display-component---Master--smartTableRuInventoryList-header-inner\"]"}
RESULT: {"using":"xpath","value":"//span[@id=\"application-ruinventorylist-display-component---Master--smartTableRuInventoryList-header-inner\"]"}
COMMAND: POST /session/a8428c741072a9dba60f1289e89eec31/execute/sync - {"script":"<script> [56 bytes]","args":[{"element-6066-11e4-a52e-4f735466cecf":"f.61D523AD244D725F0F466081CD3EF8F5.d.0A89BC0D15375A8BE82E4381F6BD1523.e.913","ELEMENT":"f.61D523AD244D725F0F466081CD3EF8F5.d.0A89BC0D15375A8BE82E4381F6BD1523.e.913"}]}
RESULT: {"script":"<script> [56 bytes]","args":[{"element-6066-11e4-a52e-4f735466cecf":"f.61D523AD244D725F0F466081CD3EF8F5.d.0A89BC0D15375A8BE82E4381F6BD1523.e.913","ELEMENT":"f.61D523AD244D725F0F466081CD3EF8F5.d.0A89BC0D15375A8BE82E4381F6BD1523.e.913"}]}
COMMAND: POST /session/a8428c741072a9dba60f1289e89eec31/element - {"using":"xpath","value":"//table[contains(@id, \"application-ruinventorylist-display-component---Master--tableRuInventoryList-listUl\")]/tbody/tr[1]/td[6]/div/span"}
COMMAND: GET /session/a8428c741072a9dba60f1289e89eec31/screenshot - {}
RESULT: {"using":"xpath","value":"//table[contains(@id, \"application-ruinventorylist-display-component---Master--tableRuInventoryList-listUl\")]/tbody/tr[1]/td[6]/div/span"}
COMMAND: POST /session/a8428c741072a9dba60f1289e89eec31/execute/sync - {"script":"<script> [56 bytes]","args":[{"element-6066-11e4-a52e-4f735466cecf":"f.61D523AD244D725F0F466081CD3EF8F5.d.0A89BC0D15375A8BE82E4381F6BD1523.e.2165","ELEMENT":"f.61D523AD244D725F0F466081CD3EF8F5.d.0A89BC0D15375A8BE82E4381F6BD1523.e.2165"}]}
RESULT: {}
RESULT: {"script":"<script> [56 bytes]","args":[{"element-6066-11e4-a52e-4f735466cecf":"f.61D523AD244D725F0F466081CD3EF8F5.d.0A89BC0D15375A8BE82E4381F6BD1523.e.2165","ELEMENT":"f.61D523AD244D725F0F466081CD3EF8F5.d.0A89BC0D15375A8BE82E4381F6BD1523.e.2165"}]}
COMMAND: POST /session/a8428c741072a9dba60f1289e89eec31/element - {"using":"xpath","value":"//div[contains(@id, \"smartFilterBar-btnBasicSearch-reset\")]"}
COMMAND: GET /session/a8428c741072a9dba60f1289e89eec31/screenshot - {}
RESULT: {"using":"xpath","value":"//div[contains(@id, \"smartFilterBar-btnBasicSearch-reset\")]"}
COMMAND: POST /session/a8428c741072a9dba60f1289e89eec31/element/f.61D523AD244D725F0F466081CD3EF8F5.d.0A89BC0D15375A8BE82E4381F6BD1523.e.931/click - {}
RESULT: {}
RESULT: {}
COMMAND: GET /session/a8428c741072a9dba60f1289e89eec31/screenshot - {}
RESULT: {}
RESULT: undefined
COMMAND: POST /session/a8428c741072a9dba60f1289e89eec31/execute/async - {"script":"<script> [776 bytes]","args":[{"enterText":"401002","selector":{"id":"application-ruinventorylist-display-component---Master--smartFilterBar-btnBasicSearch","interaction":{"idSuffix":"I"}},"clearTextFirst":true,"interactionType":"ENTER_TEXT"}]}
RESULT: {"script":"<script> [776 bytes]","args":[{"enterText":"401002","selector":{"id":"application-ruinventorylist-display-component---Master--smartFilterBar-btnBasicSearch","interaction":{"idSuffix":"I"}},"clearTextFirst":true,"interactionType":"ENTER_TEXT"}]}
COMMAND: POST /session/a8428c741072a9dba60f1289e89eec31/actions - {"actions":[{"id":"action10","type":"key","parameters":{},"actions":[{"type":"keyDown","value":"î€‡"},{"type":"pause","duration":10},{"type":"keyUp","value":"î€‡"}]}]}
RESULT: {"actions":[{"id":"action10","type":"key","parameters":{},"actions":[{"type":"keyDown","value":"î€‡"},{"type":"pause","duration":10},{"type":"keyUp","value":"î€‡"}]}]}
COMMAND: GET /session/a8428c741072a9dba60f1289e89eec31/screenshot - {}
RESULT: {}
COMMAND: POST /session/a8428c741072a9dba60f1289e89eec31/element - {"using":"xpath","value":"//span[@id=\"application-ruinventorylist-display-component---Master--smartTableRuInventoryList-header-inner\"]"}
RESULT: {"using":"xpath","value":"//span[@id=\"application-ruinventorylist-display-component---Master--smartTableRuInventoryList-header-inner\"]"}
COMMAND: POST /session/a8428c741072a9dba60f1289e89eec31/elements - {"using":"xpath","value":"//span[@id=\"application-ruinventorylist-display-component---Master--smartTableRuInventoryList-header-inner\"]"}
RESULT: {"using":"xpath","value":"//span[@id=\"application-ruinventorylist-display-component---Master--smartTableRuInventoryList-header-inner\"]"}
COMMAND: POST /session/a8428c741072a9dba60f1289e89eec31/execute/sync - {"script":"<script> [56 bytes]","args":[{"element-6066-11e4-a52e-4f735466cecf":"f.61D523AD244D725F0F466081CD3EF8F5.d.0A89BC0D15375A8BE82E4381F6BD1523.e.913","ELEMENT":"f.61D523AD244D725F0F466081CD3EF8F5.d.0A89BC0D15375A8BE82E4381F6BD1523.e.913"}]}
RESULT: {"script":"<script> [56 bytes]","args":[{"element-6066-11e4-a52e-4f735466cecf":"f.61D523AD244D725F0F466081CD3EF8F5.d.0A89BC0D15375A8BE82E4381F6BD1523.e.913","ELEMENT":"f.61D523AD244D725F0F466081CD3EF8F5.d.0A89BC0D15375A8BE82E4381F6BD1523.e.913"}]}
COMMAND: POST /session/a8428c741072a9dba60f1289e89eec31/element - {"using":"xpath","value":"//table[contains(@id, \"application-ruinventorylist-display-component---Master--tableRuInventoryList-listUl\")]/tbody/tr[1]/td[6]/div/span"}
COMMAND: GET /session/a8428c741072a9dba60f1289e89eec31/screenshot - {}
RESULT: {"using":"xpath","value":"//table[contains(@id, \"application-ruinventorylist-display-component---Master--tableRuInventoryList-listUl\")]/tbody/tr[1]/td[6]/div/span"}
COMMAND: POST /session/a8428c741072a9dba60f1289e89eec31/execute/sync - {"script":"<script> [56 bytes]","args":[{"element-6066-11e4-a52e-4f735466cecf":"f.61D523AD244D725F0F466081CD3EF8F5.d.0A89BC0D15375A8BE82E4381F6BD1523.e.2268","ELEMENT":"f.61D523AD244D725F0F466081CD3EF8F5.d.0A89BC0D15375A8BE82E4381F6BD1523.e.2268"}]}
RESULT: {}
RESULT: {"script":"<script> [56 bytes]","args":[{"element-6066-11e4-a52e-4f735466cecf":"f.61D523AD244D725F0F466081CD3EF8F5.d.0A89BC0D15375A8BE82E4381F6BD1523.e.2268","ELEMENT":"f.61D523AD244D725F0F466081CD3EF8F5.d.0A89BC0D15375A8BE82E4381F6BD1523.e.2268"}]}
COMMAND: POST /session/a8428c741072a9dba60f1289e89eec31/element - {"using":"xpath","value":"//div[contains(@id, \"smartFilterBar-btnBasicSearch-reset\")]"}
COMMAND: GET /session/a8428c741072a9dba60f1289e89eec31/screenshot - {}
RESULT: {"using":"xpath","value":"//div[contains(@id, \"smartFilterBar-btnBasicSearch-reset\")]"}
COMMAND: POST /session/a8428c741072a9dba60f1289e89eec31/element/f.61D523AD244D725F0F466081CD3EF8F5.d.0A89BC0D15375A8BE82E4381F6BD1523.e.931/click - {}
RESULT: {}
RESULT: {}
COMMAND: GET /session/a8428c741072a9dba60f1289e89eec31/screenshot - {}
RESULT: {}
COMMAND: POST /session/a8428c741072a9dba60f1289e89eec31/element - {"using":"css selector","value":"#shell-header-logo"}
RESULT: {"using":"css selector","value":"#shell-header-logo"}
COMMAND: POST /session/a8428c741072a9dba60f1289e89eec31/element/f.61D523AD244D725F0F466081CD3EF8F5.d.0A89BC0D15375A8BE82E4381F6BD1523.e.266/click - {}
RESULT: {}
COMMAND: GET /session/a8428c741072a9dba60f1289e89eec31/screenshot - {}
RESULT: {}
]]></system-out>
    </testcase>
    <testcase classname="chrome.135_0_7049_115.windows.RU_Inventory_Mass_State_Change_Multiple_Items_US151066" name="Prerequisite Step 2 Should create a new equipment" time="174.097">
      <system-out><![CDATA[
COMMAND: POST /session/a8428c741072a9dba60f1289e89eec31/execute/async - {"script":"<script> [1562 bytes]","args":[{"selector":{"controlType":"sap.m.GenericTile","properties":{"header":"Manage Resources"}},"wdio_ui5_key":"sapm.GenericTile{\"header\":\"Manage Resources\"}"}]}
RESULT: {"script":"<script> [1562 bytes]","args":[{"selector":{"controlType":"sap.m.GenericTile","properties":{"header":"Manage Resources"}},"wdio_ui5_key":"sapm.GenericTile{\"header\":\"Manage Resources\"}"}]}
RESULT: undefined
COMMAND: POST /session/a8428c741072a9dba60f1289e89eec31/element - {"using":"xpath","value":"//*[@id=\"__tile39\"]"}
RESULT: {"using":"xpath","value":"//*[@id=\"__tile39\"]"}
COMMAND: POST /session/a8428c741072a9dba60f1289e89eec31/element/f.61D523AD244D725F0F466081CD3EF8F5.d.0A89BC0D15375A8BE82E4381F6BD1523.e.154/click - {}
RESULT: {}
COMMAND: POST /session/a8428c741072a9dba60f1289e89eec31/element - {"using":"xpath","value":"//button[@data-kt=\"addNewRUOverflowToolbarButton\"]"}
COMMAND: GET /session/a8428c741072a9dba60f1289e89eec31/screenshot - {}
RESULT: {"using":"xpath","value":"//button[@data-kt=\"addNewRUOverflowToolbarButton\"]"}
COMMAND: POST /session/a8428c741072a9dba60f1289e89eec31/elements - {"using":"xpath","value":"//button[@data-kt=\"addNewRUOverflowToolbarButton\"]"}
RESULT: {}
RESULT: {"using":"xpath","value":"//button[@data-kt=\"addNewRUOverflowToolbarButton\"]"}
COMMAND: POST /session/a8428c741072a9dba60f1289e89eec31/elements - {"using":"xpath","value":"//button[@data-kt=\"addNewRUOverflowToolbarButton\"]"}
RESULT: {"using":"xpath","value":"//button[@data-kt=\"addNewRUOverflowToolbarButton\"]"}
COMMAND: POST /session/a8428c741072a9dba60f1289e89eec31/element - {"using":"xpath","value":"//button[@data-kt=\"addNewRUOverflowToolbarButton\"]"}
RESULT: {"using":"xpath","value":"//button[@data-kt=\"addNewRUOverflowToolbarButton\"]"}
COMMAND: POST /session/a8428c741072a9dba60f1289e89eec31/execute/sync - {"script":"<script> [8489 bytes]","args":[{"element-6066-11e4-a52e-4f735466cecf":"f.61D523AD244D725F0F466081CD3EF8F5.d.0A89BC0D15375A8BE82E4381F6BD1523.e.2504","ELEMENT":"f.61D523AD244D725F0F466081CD3EF8F5.d.0A89BC0D15375A8BE82E4381F6BD1523.e.2504"}]}
RESULT: {"script":"<script> [8489 bytes]","args":[{"element-6066-11e4-a52e-4f735466cecf":"f.61D523AD244D725F0F466081CD3EF8F5.d.0A89BC0D15375A8BE82E4381F6BD1523.e.2504","ELEMENT":"f.61D523AD244D725F0F466081CD3EF8F5.d.0A89BC0D15375A8BE82E4381F6BD1523.e.2504"}]}
COMMAND: GET /session/a8428c741072a9dba60f1289e89eec31/element/f.61D523AD244D725F0F466081CD3EF8F5.d.0A89BC0D15375A8BE82E4381F6BD1523.e.2504/enabled - {}
COMMAND: GET /session/a8428c741072a9dba60f1289e89eec31/screenshot - {}
RESULT: {}
COMMAND: POST /session/a8428c741072a9dba60f1289e89eec31/execute/sync - {"script":"<script> [8489 bytes]","args":[{"element-6066-11e4-a52e-4f735466cecf":"f.61D523AD244D725F0F466081CD3EF8F5.d.0A89BC0D15375A8BE82E4381F6BD1523.e.2504","ELEMENT":"f.61D523AD244D725F0F466081CD3EF8F5.d.0A89BC0D15375A8BE82E4381F6BD1523.e.2504"}]}
COMMAND: GET /session/a8428c741072a9dba60f1289e89eec31/screenshot - {}
RESULT: {}
RESULT: {"script":"<script> [8489 bytes]","args":[{"element-6066-11e4-a52e-4f735466cecf":"f.61D523AD244D725F0F466081CD3EF8F5.d.0A89BC0D15375A8BE82E4381F6BD1523.e.2504","ELEMENT":"f.61D523AD244D725F0F466081CD3EF8F5.d.0A89BC0D15375A8BE82E4381F6BD1523.e.2504"}]}
COMMAND: POST /session/a8428c741072a9dba60f1289e89eec31/execute/sync - {"script":"<script> [5351 bytes]","args":[{"element-6066-11e4-a52e-4f735466cecf":"f.61D523AD244D725F0F466081CD3EF8F5.d.0A89BC0D15375A8BE82E4381F6BD1523.e.2504","ELEMENT":"f.61D523AD244D725F0F466081CD3EF8F5.d.0A89BC0D15375A8BE82E4381F6BD1523.e.2504"}]}
COMMAND: GET /session/a8428c741072a9dba60f1289e89eec31/screenshot - {}
RESULT: {}
RESULT: {"script":"<script> [5351 bytes]","args":[{"element-6066-11e4-a52e-4f735466cecf":"f.61D523AD244D725F0F466081CD3EF8F5.d.0A89BC0D15375A8BE82E4381F6BD1523.e.2504","ELEMENT":"f.61D523AD244D725F0F466081CD3EF8F5.d.0A89BC0D15375A8BE82E4381F6BD1523.e.2504"}]}
COMMAND: POST /session/a8428c741072a9dba60f1289e89eec31/element/f.61D523AD244D725F0F466081CD3EF8F5.d.0A89BC0D15375A8BE82E4381F6BD1523.e.2504/click - {}
COMMAND: GET /session/a8428c741072a9dba60f1289e89eec31/screenshot - {}
RESULT: {}
RESULT: {}
COMMAND: GET /session/a8428c741072a9dba60f1289e89eec31/screenshot - {}
COMMAND: POST /session/a8428c741072a9dba60f1289e89eec31/execute/async - {"script":"<script> [1562 bytes]","args":[{"selector":{"id":"application-manageresources-display-component---newResourceUnit--TYPE-arrow"},"wdio_ui5_key":"applicationmanageresources-display-component---newResourceUnit--TYPE-arrow"}]}
RESULT: {}
RESULT: {}
RESULT: {"script":"<script> [1562 bytes]","args":[{"selector":{"id":"application-manageresources-display-component---newResourceUnit--TYPE-arrow"},"wdio_ui5_key":"applicationmanageresources-display-component---newResourceUnit--TYPE-arrow"}]}
RESULT: undefined
COMMAND: POST /session/a8428c741072a9dba60f1289e89eec31/element - {"using":"xpath","value":"//*[@id=\"application-manageresources-display-component---newResourceUnit--TYPE-arrow\"]"}
RESULT: {"using":"xpath","value":"//*[@id=\"application-manageresources-display-component---newResourceUnit--TYPE-arrow\"]"}
COMMAND: POST /session/a8428c741072a9dba60f1289e89eec31/element/f.61D523AD244D725F0F466081CD3EF8F5.d.0A89BC0D15375A8BE82E4381F6BD1523.e.2794/click - {}
RESULT: {}
COMMAND: POST /session/a8428c741072a9dba60f1289e89eec31/element - {"using":"xpath","value":"//input[@id=\"application-manageresources-display-component---newResourceUnit--TYPE-inner\"]"}
COMMAND: GET /session/a8428c741072a9dba60f1289e89eec31/screenshot - {}
RESULT: {"using":"xpath","value":"//input[@id=\"application-manageresources-display-component---newResourceUnit--TYPE-inner\"]"}
COMMAND: POST /session/a8428c741072a9dba60f1289e89eec31/element/f.61D523AD244D725F0F466081CD3EF8F5.d.0A89BC0D15375A8BE82E4381F6BD1523.e.2532/clear - {}
RESULT: {}
RESULT: {}
COMMAND: POST /session/a8428c741072a9dba60f1289e89eec31/element/f.61D523AD244D725F0F466081CD3EF8F5.d.0A89BC0D15375A8BE82E4381F6BD1523.e.2532/value - {"text":"Equipment"}
COMMAND: GET /session/a8428c741072a9dba60f1289e89eec31/screenshot - {}
RESULT: {"text":"Equipment"}
COMMAND: GET /session/a8428c741072a9dba60f1289e89eec31/screenshot - {}
RESULT: {}
RESULT: {}
COMMAND: POST /session/a8428c741072a9dba60f1289e89eec31/actions - {"actions":[{"id":"action11","type":"key","parameters":{},"actions":[{"type":"keyDown","value":"î€‡"},{"type":"pause","duration":10},{"type":"keyUp","value":"î€‡"}]}]}
RESULT: {"actions":[{"id":"action11","type":"key","parameters":{},"actions":[{"type":"keyDown","value":"î€‡"},{"type":"pause","duration":10},{"type":"keyUp","value":"î€‡"}]}]}
COMMAND: POST /session/a8428c741072a9dba60f1289e89eec31/execute/async - {"script":"<script> [1562 bytes]","args":[{"selector":{"id":"application-manageresources-display-component---newResourceUnit--resourceId","interaction":{"idSuffix":"inner"}},"wdio_ui5_key":"applicationmanageresources-display-component---newResourceUnit--resourceId"}]}
COMMAND: GET /session/a8428c741072a9dba60f1289e89eec31/screenshot - {}
RESULT: {"script":"<script> [1562 bytes]","args":[{"selector":{"id":"application-manageresources-display-component---newResourceUnit--resourceId","interaction":{"idSuffix":"inner"}},"wdio_ui5_key":"applicationmanageresources-display-component---newResourceUnit--resourceId"}]}
RESULT: undefined
COMMAND: POST /session/a8428c741072a9dba60f1289e89eec31/execute/async - {"script":"<script> [776 bytes]","args":[{"enterText":"sny2FHvplt","selector":{"id":"application-manageresources-display-component---newResourceUnit--resourceId","interaction":{"idSuffix":"inner"}},"clearTextFirst":true,"interactionType":"ENTER_TEXT"}]}
RESULT: {}
RESULT: {"script":"<script> [776 bytes]","args":[{"enterText":"sny2FHvplt","selector":{"id":"application-manageresources-display-component---newResourceUnit--resourceId","interaction":{"idSuffix":"inner"}},"clearTextFirst":true,"interactionType":"ENTER_TEXT"}]}
COMMAND: POST /session/a8428c741072a9dba60f1289e89eec31/execute/async - {"script":"<script> [1562 bytes]","args":[{"selector":{"id":"application-manageresources-display-component---newResourceUnit--SHORT_TEXT","interaction":{"idSuffix":"inner"}},"wdio_ui5_key":"applicationmanageresources-display-component---newResourceUnit--SHORT_TEXT"}]}
RESULT: {"script":"<script> [1562 bytes]","args":[{"selector":{"id":"application-manageresources-display-component---newResourceUnit--SHORT_TEXT","interaction":{"idSuffix":"inner"}},"wdio_ui5_key":"applicationmanageresources-display-component---newResourceUnit--SHORT_TEXT"}]}
RESULT: undefined
COMMAND: POST /session/a8428c741072a9dba60f1289e89eec31/execute/async - {"script":"<script> [776 bytes]","args":[{"enterText":"Intercompany Equipment WDIO","selector":{"id":"application-manageresources-display-component---newResourceUnit--SHORT_TEXT","interaction":{"idSuffix":"inner"}},"clearTextFirst":true,"interactionType":"ENTER_TEXT"}]}
RESULT: {"script":"<script> [776 bytes]","args":[{"enterText":"Intercompany Equipment WDIO","selector":{"id":"application-manageresources-display-component---newResourceUnit--SHORT_TEXT","interaction":{"idSuffix":"inner"}},"clearTextFirst":true,"interactionType":"ENTER_TEXT"}]}
COMMAND: POST /session/a8428c741072a9dba60f1289e89eec31/execute/async - {"script":"<script> [1562 bytes]","args":[{"selector":{"id":"application-manageresources-display-component---newResourceUnit--BASE_UNIT_OF_MEASURE","interaction":{"idSuffix":"inner"}},"wdio_ui5_key":"applicationmanageresources-display-component---newResourceUnit--BASE_UNIT_OF_MEASURE"}]}
RESULT: {"script":"<script> [1562 bytes]","args":[{"selector":{"id":"application-manageresources-display-component---newResourceUnit--BASE_UNIT_OF_MEASURE","interaction":{"idSuffix":"inner"}},"wdio_ui5_key":"applicationmanageresources-display-component---newResourceUnit--BASE_UNIT_OF_MEASURE"}]}
RESULT: undefined
COMMAND: POST /session/a8428c741072a9dba60f1289e89eec31/execute/async - {"script":"<script> [776 bytes]","args":[{"enterText":"Piece","selector":{"id":"application-manageresources-display-component---newResourceUnit--BASE_UNIT_OF_MEASURE","interaction":{"idSuffix":"inner"}},"clearTextFirst":true,"interactionType":"ENTER_TEXT"}]}
RESULT: {"script":"<script> [776 bytes]","args":[{"enterText":"Piece","selector":{"id":"application-manageresources-display-component---newResourceUnit--BASE_UNIT_OF_MEASURE","interaction":{"idSuffix":"inner"}},"clearTextFirst":true,"interactionType":"ENTER_TEXT"}]}
COMMAND: POST /session/a8428c741072a9dba60f1289e89eec31/execute/async - {"script":"<script> [1562 bytes]","args":[{"selector":{"id":"application-manageresources-display-component---newResourceUnit--WEIGHT_UNIT","interaction":{"idSuffix":"inner"}},"wdio_ui5_key":"applicationmanageresources-display-component---newResourceUnit--WEIGHT_UNIT"}]}
RESULT: {"script":"<script> [1562 bytes]","args":[{"selector":{"id":"application-manageresources-display-component---newResourceUnit--WEIGHT_UNIT","interaction":{"idSuffix":"inner"}},"wdio_ui5_key":"applicationmanageresources-display-component---newResourceUnit--WEIGHT_UNIT"}]}
RESULT: undefined
COMMAND: POST /session/a8428c741072a9dba60f1289e89eec31/execute/async - {"script":"<script> [776 bytes]","args":[{"enterText":"Gram","selector":{"id":"application-manageresources-display-component---newResourceUnit--WEIGHT_UNIT","interaction":{"idSuffix":"inner"}},"clearTextFirst":true,"interactionType":"ENTER_TEXT"}]}
RESULT: {"script":"<script> [776 bytes]","args":[{"enterText":"Gram","selector":{"id":"application-manageresources-display-component---newResourceUnit--WEIGHT_UNIT","interaction":{"idSuffix":"inner"}},"clearTextFirst":true,"interactionType":"ENTER_TEXT"}]}
COMMAND: POST /session/a8428c741072a9dba60f1289e89eec31/execute/async - {"script":"<script> [1562 bytes]","args":[{"selector":{"id":"application-manageresources-display-component---newResourceUnit--DIMENSION_UNIT","interaction":{"idSuffix":"inner"}},"wdio_ui5_key":"applicationmanageresources-display-component---newResourceUnit--DIMENSION_UNIT"}]}
RESULT: {"script":"<script> [1562 bytes]","args":[{"selector":{"id":"application-manageresources-display-component---newResourceUnit--DIMENSION_UNIT","interaction":{"idSuffix":"inner"}},"wdio_ui5_key":"applicationmanageresources-display-component---newResourceUnit--DIMENSION_UNIT"}]}
RESULT: undefined
COMMAND: POST /session/a8428c741072a9dba60f1289e89eec31/execute/async - {"script":"<script> [776 bytes]","args":[{"enterText":"Meter","selector":{"id":"application-manageresources-display-component---newResourceUnit--DIMENSION_UNIT","interaction":{"idSuffix":"inner"}},"clearTextFirst":true,"interactionType":"ENTER_TEXT"}]}
RESULT: {"script":"<script> [776 bytes]","args":[{"enterText":"Meter","selector":{"id":"application-manageresources-display-component---newResourceUnit--DIMENSION_UNIT","interaction":{"idSuffix":"inner"}},"clearTextFirst":true,"interactionType":"ENTER_TEXT"}]}
COMMAND: POST /session/a8428c741072a9dba60f1289e89eec31/execute/async - {"script":"<script> [1562 bytes]","args":[{"selector":{"id":"application-manageresources-display-component---newResourceUnit--newRRUPage-anchBar-application-manageresources-display-component---newResourceUnit--control-anchor","interaction":{"idSuffix":"BDI-content"}},"wdio_ui5_key":"applicationmanageresources-display-component---newResourceUnit--newRRUPage-anchBar-application-manageresources-display-component---newResourceUnit--control-anchor"}]}
RESULT: {"script":"<script> [1562 bytes]","args":[{"selector":{"id":"application-manageresources-display-component---newResourceUnit--newRRUPage-anchBar-application-manageresources-display-component---newResourceUnit--control-anchor","interaction":{"idSuffix":"BDI-content"}},"wdio_ui5_key":"applicationmanageresources-display-component---newResourceUnit--newRRUPage-anchBar-application-manageresources-display-component---newResourceUnit--control-anchor"}]}
RESULT: undefined
COMMAND: POST /session/a8428c741072a9dba60f1289e89eec31/element - {"using":"xpath","value":"//*[@id=\"application-manageresources-display-component---newResourceUnit--newRRUPage-anchBar-application-manageresources-display-component---newResourceUnit--control-anchor\"]"}
RESULT: {"using":"xpath","value":"//*[@id=\"application-manageresources-display-component---newResourceUnit--newRRUPage-anchBar-application-manageresources-display-component---newResourceUnit--control-anchor\"]"}
COMMAND: POST /session/a8428c741072a9dba60f1289e89eec31/element/f.61D523AD244D725F0F466081CD3EF8F5.d.0A89BC0D15375A8BE82E4381F6BD1523.e.2928/click - {}
RESULT: {}
COMMAND: POST /session/a8428c741072a9dba60f1289e89eec31/execute/async - {"script":"<script> [1562 bytes]","args":[{"selector":{"id":"application-manageresources-display-component---newResourceUnit--PLANNING_GROUP","interaction":{"idSuffix":"inner"}},"wdio_ui5_key":"applicationmanageresources-display-component---newResourceUnit--PLANNING_GROUP"}]}
COMMAND: GET /session/a8428c741072a9dba60f1289e89eec31/screenshot - {}
RESULT: {"script":"<script> [1562 bytes]","args":[{"selector":{"id":"application-manageresources-display-component---newResourceUnit--PLANNING_GROUP","interaction":{"idSuffix":"inner"}},"wdio_ui5_key":"applicationmanageresources-display-component---newResourceUnit--PLANNING_GROUP"}]}
RESULT: undefined
COMMAND: POST /session/a8428c741072a9dba60f1289e89eec31/execute/async - {"script":"<script> [776 bytes]","args":[{"enterText":"Heavy Equi","selector":{"id":"application-manageresources-display-component---newResourceUnit--PLANNING_GROUP","interaction":{"idSuffix":"inner"}},"clearTextFirst":true,"interactionType":"ENTER_TEXT"}]}
RESULT: {}
RESULT: {"script":"<script> [776 bytes]","args":[{"enterText":"Heavy Equi","selector":{"id":"application-manageresources-display-component---newResourceUnit--PLANNING_GROUP","interaction":{"idSuffix":"inner"}},"clearTextFirst":true,"interactionType":"ENTER_TEXT"}]}
COMMAND: POST /session/a8428c741072a9dba60f1289e89eec31/execute/async - {"script":"<script> [1562 bytes]","args":[{"selector":{"id":"application-manageresources-display-component---newResourceUnit--ITEM_TYPE-arrow"},"wdio_ui5_key":"applicationmanageresources-display-component---newResourceUnit--ITEM_TYPE-arrow"}]}
RESULT: {"script":"<script> [1562 bytes]","args":[{"selector":{"id":"application-manageresources-display-component---newResourceUnit--ITEM_TYPE-arrow"},"wdio_ui5_key":"applicationmanageresources-display-component---newResourceUnit--ITEM_TYPE-arrow"}]}
RESULT: undefined
COMMAND: POST /session/a8428c741072a9dba60f1289e89eec31/element - {"using":"xpath","value":"//*[@id=\"application-manageresources-display-component---newResourceUnit--ITEM_TYPE-arrow\"]"}
RESULT: {"using":"xpath","value":"//*[@id=\"application-manageresources-display-component---newResourceUnit--ITEM_TYPE-arrow\"]"}
COMMAND: POST /session/a8428c741072a9dba60f1289e89eec31/element/f.61D523AD244D725F0F466081CD3EF8F5.d.0A89BC0D15375A8BE82E4381F6BD1523.e.2935/click - {}
RESULT: {}
COMMAND: POST /session/a8428c741072a9dba60f1289e89eec31/element - {"using":"xpath","value":"(//span[contains(text(), \"Resource Unit\")])[2]"}
COMMAND: GET /session/a8428c741072a9dba60f1289e89eec31/screenshot - {}
RESULT: {"using":"xpath","value":"(//span[contains(text(), \"Resource Unit\")])[2]"}
COMMAND: POST /session/a8428c741072a9dba60f1289e89eec31/element/f.61D523AD244D725F0F466081CD3EF8F5.d.0A89BC0D15375A8BE82E4381F6BD1523.e.2936/click - {}
RESULT: {}
RESULT: {}
COMMAND: GET /session/a8428c741072a9dba60f1289e89eec31/screenshot - {}
RESULT: {}
COMMAND: POST /session/a8428c741072a9dba60f1289e89eec31/element - {"using":"css selector","value":"#application-manageresources-display-component---newResourceUnit--btnAddTimeSegment"}
RESULT: {"using":"css selector","value":"#application-manageresources-display-component---newResourceUnit--btnAddTimeSegment"}
COMMAND: GET /session/a8428c741072a9dba60f1289e89eec31/element/f.61D523AD244D725F0F466081CD3EF8F5.d.0A89BC0D15375A8BE82E4381F6BD1523.e.2937/rect - {}
RESULT: {}
COMMAND: GET /session/a8428c741072a9dba60f1289e89eec31/window/rect - {}
RESULT: {}
COMMAND: POST /session/a8428c741072a9dba60f1289e89eec31/execute/sync - {"script":"<script> [92 bytes]","args":[]}
RESULT: {"script":"<script> [92 bytes]","args":[]}
COMMAND: POST /session/a8428c741072a9dba60f1289e89eec31/actions - {"actions":[{"id":"action12","type":"wheel","parameters":{},"actions":[{"type":"scroll","x":-1888,"y":-32,"deltaX":0,"deltaY":0,"duration":0,"origin":{"element-6066-11e4-a52e-4f735466cecf":"f.61D523AD244D725F0F466081CD3EF8F5.d.0A89BC0D15375A8BE82E4381F6BD1523.e.2937"}}]}]}
COMMAND: GET /session/a8428c741072a9dba60f1289e89eec31/screenshot - {}
RESULT: {}
COMMAND: POST /session/a8428c741072a9dba60f1289e89eec31/execute/sync - {"script":"<script> [79 bytes]","args":[{"element-6066-11e4-a52e-4f735466cecf":"f.61D523AD244D725F0F466081CD3EF8F5.d.0A89BC0D15375A8BE82E4381F6BD1523.e.2937","ELEMENT":"f.61D523AD244D725F0F466081CD3EF8F5.d.0A89BC0D15375A8BE82E4381F6BD1523.e.2937"},{"block":"start","inline":"nearest"}]}
RESULT: {"script":"<script> [79 bytes]","args":[{"element-6066-11e4-a52e-4f735466cecf":"f.61D523AD244D725F0F466081CD3EF8F5.d.0A89BC0D15375A8BE82E4381F6BD1523.e.2937","ELEMENT":"f.61D523AD244D725F0F466081CD3EF8F5.d.0A89BC0D15375A8BE82E4381F6BD1523.e.2937"},{"block":"start","inline":"nearest"}]}
COMMAND: POST /session/a8428c741072a9dba60f1289e89eec31/execute/async - {"script":"<script> [1562 bytes]","args":[{"selector":{"id":"application-manageresources-display-component---newResourceUnit--btnAddTimeSegment","interaction":{"idSuffix":"inner"}},"wdio_ui5_key":"applicationmanageresources-display-component---newResourceUnit--btnAddTimeSegment"}]}
COMMAND: GET /session/a8428c741072a9dba60f1289e89eec31/screenshot - {}
RESULT: {"script":"<script> [1562 bytes]","args":[{"selector":{"id":"application-manageresources-display-component---newResourceUnit--btnAddTimeSegment","interaction":{"idSuffix":"inner"}},"wdio_ui5_key":"applicationmanageresources-display-component---newResourceUnit--btnAddTimeSegment"}]}
RESULT: undefined
COMMAND: POST /session/a8428c741072a9dba60f1289e89eec31/element - {"using":"xpath","value":"//*[@id=\"application-manageresources-display-component---newResourceUnit--btnAddTimeSegment\"]"}
RESULT: {}
RESULT: {"using":"xpath","value":"//*[@id=\"application-manageresources-display-component---newResourceUnit--btnAddTimeSegment\"]"}
COMMAND: POST /session/a8428c741072a9dba60f1289e89eec31/element/f.61D523AD244D725F0F466081CD3EF8F5.d.0A89BC0D15375A8BE82E4381F6BD1523.e.2937/click - {}
RESULT: {}
COMMAND: GET /session/a8428c741072a9dba60f1289e89eec31/screenshot - {}
RESULT: {}
COMMAND: POST /session/a8428c741072a9dba60f1289e89eec31/element - {"using":"xpath","value":"//input[@id=\"application-manageresources-display-component---newResourceUnit--idRuTSAdmin-application-manageresources-display-component---newResourceUnit--RUTimeSegment-0-inner\"]"}
RESULT: {"using":"xpath","value":"//input[@id=\"application-manageresources-display-component---newResourceUnit--idRuTSAdmin-application-manageresources-display-component---newResourceUnit--RUTimeSegment-0-inner\"]"}
COMMAND: POST /session/a8428c741072a9dba60f1289e89eec31/element/f.61D523AD244D725F0F466081CD3EF8F5.d.0A89BC0D15375A8BE82E4381F6BD1523.e.2943/clear - {}
RESULT: {}
COMMAND: POST /session/a8428c741072a9dba60f1289e89eec31/element/f.61D523AD244D725F0F466081CD3EF8F5.d.0A89BC0D15375A8BE82E4381F6BD1523.e.2943/value - {"text":"109"}
COMMAND: GET /session/a8428c741072a9dba60f1289e89eec31/screenshot - {}
RESULT: {"text":"109"}
COMMAND: GET /session/a8428c741072a9dba60f1289e89eec31/screenshot - {}
RESULT: {}
RESULT: {}
COMMAND: POST /session/a8428c741072a9dba60f1289e89eec31/element - {"using":"xpath","value":"//li[.//span[text()='109']]"}
RESULT: {"using":"xpath","value":"//li[.//span[text()='109']]"}
COMMAND: POST /session/a8428c741072a9dba60f1289e89eec31/element/f.61D523AD244D725F0F466081CD3EF8F5.d.0A89BC0D15375A8BE82E4381F6BD1523.e.2955/click - {}
RESULT: {}
COMMAND: GET /session/a8428c741072a9dba60f1289e89eec31/screenshot - {}
RESULT: {}
COMMAND: POST /session/a8428c741072a9dba60f1289e89eec31/element - {"using":"xpath","value":"(//span[contains(@id, \"-application-manageresources-display-component---newResourceUnit--RUTimeSegment-0-arrow\")])[6]"}
RESULT: {"using":"xpath","value":"(//span[contains(@id, \"-application-manageresources-display-component---newResourceUnit--RUTimeSegment-0-arrow\")])[6]"}
COMMAND: POST /session/a8428c741072a9dba60f1289e89eec31/element/f.61D523AD244D725F0F466081CD3EF8F5.d.0A89BC0D15375A8BE82E4381F6BD1523.e.2956/click - {}
RESULT: {}
COMMAND: GET /session/a8428c741072a9dba60f1289e89eec31/screenshot - {}
RESULT: {}
COMMAND: POST /session/a8428c741072a9dba60f1289e89eec31/element - {"using":"xpath","value":"//span[contains(text(), \"PM Order\")]"}
RESULT: {"using":"xpath","value":"//span[contains(text(), \"PM Order\")]"}
COMMAND: POST /session/a8428c741072a9dba60f1289e89eec31/element/f.61D523AD244D725F0F466081CD3EF8F5.d.0A89BC0D15375A8BE82E4381F6BD1523.e.2959/click - {}
RESULT: {}
COMMAND: GET /session/a8428c741072a9dba60f1289e89eec31/screenshot - {}
RESULT: {}
COMMAND: POST /session/a8428c741072a9dba60f1289e89eec31/element - {"using":"xpath","value":"(//span[contains(@id ,\"manageresources-display-component---newResourceUnit--RUTimeSegment-0-vhi\")])[1]"}
RESULT: {"using":"xpath","value":"(//span[contains(@id ,\"manageresources-display-component---newResourceUnit--RUTimeSegment-0-vhi\")])[1]"}
COMMAND: GET /session/a8428c741072a9dba60f1289e89eec31/element/f.61D523AD244D725F0F466081CD3EF8F5.d.0A89BC0D15375A8BE82E4381F6BD1523.e.2963/rect - {}
RESULT: {}
COMMAND: GET /session/a8428c741072a9dba60f1289e89eec31/window/rect - {}
RESULT: {}
COMMAND: POST /session/a8428c741072a9dba60f1289e89eec31/execute/sync - {"script":"<script> [92 bytes]","args":[]}
RESULT: {"script":"<script> [92 bytes]","args":[]}
COMMAND: POST /session/a8428c741072a9dba60f1289e89eec31/actions - {"actions":[{"id":"action13","type":"wheel","parameters":{},"actions":[{"type":"scroll","x":-869,"y":-24,"deltaX":0,"deltaY":0,"duration":0,"origin":{"element-6066-11e4-a52e-4f735466cecf":"f.61D523AD244D725F0F466081CD3EF8F5.d.0A89BC0D15375A8BE82E4381F6BD1523.e.2963"}}]}]}
COMMAND: GET /session/a8428c741072a9dba60f1289e89eec31/screenshot - {}
RESULT: {"actions":[{"id":"action13","type":"wheel","parameters":{},"actions":[{"type":"scroll","x":-869,"y":-24,"deltaX":0,"deltaY":0,"duration":0,"origin":{"element-6066-11e4-a52e-4f735466cecf":"f.61D523AD244D725F0F466081CD3EF8F5.d.0A89BC0D15375A8BE82E4381F6BD1523.e.2963"}}]}]}
COMMAND: DELETE /session/a8428c741072a9dba60f1289e89eec31/actions - {}
COMMAND: GET /session/a8428c741072a9dba60f1289e89eec31/screenshot - {}
RESULT: {}
RESULT: {}
COMMAND: GET /session/a8428c741072a9dba60f1289e89eec31/screenshot - {}
RESULT: {}
RESULT: {}
COMMAND: POST /session/a8428c741072a9dba60f1289e89eec31/element/f.61D523AD244D725F0F466081CD3EF8F5.d.0A89BC0D15375A8BE82E4381F6BD1523.e.2963/click - {}
RESULT: {}
COMMAND: GET /session/a8428c741072a9dba60f1289e89eec31/screenshot - {}
RESULT: {}
COMMAND: POST /session/a8428c741072a9dba60f1289e89eec31/execute/async - {"script":"<script> [1562 bytes]","args":[{"selector":{"controlType":"sap.m.SearchField","properties":{"placeholder":"Search"},"searchOpenDialogs":true,"interaction":{"idSuffix":"I"}},"wdio_ui5_key":"sapm.SearchField{\"placeholder\":\"Search\"}"}]}
RESULT: {"script":"<script> [1562 bytes]","args":[{"selector":{"controlType":"sap.m.SearchField","properties":{"placeholder":"Search"},"searchOpenDialogs":true,"interaction":{"idSuffix":"I"}},"wdio_ui5_key":"sapm.SearchField{\"placeholder\":\"Search\"}"}]}
RESULT: undefined
COMMAND: POST /session/a8428c741072a9dba60f1289e89eec31/execute/async - {"script":"<script> [776 bytes]","args":[{"enterText":"4000360","selector":{"controlType":"sap.m.SearchField","properties":{"placeholder":"Search"},"searchOpenDialogs":true,"interaction":{"idSuffix":"I"}},"clearTextFirst":true,"interactionType":"ENTER_TEXT"}]}
RESULT: {"script":"<script> [776 bytes]","args":[{"enterText":"4000360","selector":{"controlType":"sap.m.SearchField","properties":{"placeholder":"Search"},"searchOpenDialogs":true,"interaction":{"idSuffix":"I"}},"clearTextFirst":true,"interactionType":"ENTER_TEXT"}]}
COMMAND: POST /session/a8428c741072a9dba60f1289e89eec31/actions - {"actions":[{"id":"action14","type":"key","parameters":{},"actions":[{"type":"keyDown","value":"î€‡"},{"type":"pause","duration":10},{"type":"keyUp","value":"î€‡"}]}]}
RESULT: {"actions":[{"id":"action14","type":"key","parameters":{},"actions":[{"type":"keyDown","value":"î€‡"},{"type":"pause","duration":10},{"type":"keyUp","value":"î€‡"}]}]}
COMMAND: GET /session/a8428c741072a9dba60f1289e89eec31/screenshot - {}
RESULT: {}
COMMAND: POST /session/a8428c741072a9dba60f1289e89eec31/element - {"using":"xpath","value":"//td/div/span[contains(text(), \"BGL Vehicles\")]"}
RESULT: {"using":"xpath","value":"//td/div/span[contains(text(), \"BGL Vehicles\")]"}
COMMAND: POST /session/a8428c741072a9dba60f1289e89eec31/element/f.61D523AD244D725F0F466081CD3EF8F5.d.0A89BC0D15375A8BE82E4381F6BD1523.e.2984/click - {}
RESULT: {}
COMMAND: GET /session/a8428c741072a9dba60f1289e89eec31/screenshot - {}
RESULT: {}
COMMAND: POST /session/a8428c741072a9dba60f1289e89eec31/element - {"using":"xpath","value":"//bdi[contains(text(), \"OK\")]"}
RESULT: {"using":"xpath","value":"//bdi[contains(text(), \"OK\")]"}
COMMAND: POST /session/a8428c741072a9dba60f1289e89eec31/element/f.61D523AD244D725F0F466081CD3EF8F5.d.0A89BC0D15375A8BE82E4381F6BD1523.e.2985/click - {}
RESULT: {}
COMMAND: GET /session/a8428c741072a9dba60f1289e89eec31/screenshot - {}
RESULT: {}
COMMAND: POST /session/a8428c741072a9dba60f1289e89eec31/execute/async - {"script":"<script> [1562 bytes]","args":[{"selector":{"id":"application-manageresources-display-component---newResourceUnit--newRRUPage-anchBar-application-manageresources-display-component---newResourceUnit--resource-anchor","interaction":{"idSuffix":"BDI-content"}},"wdio_ui5_key":"applicationmanageresources-display-component---newResourceUnit--newRRUPage-anchBar-application-manageresources-display-component---newResourceUnit--resource-anchor"}]}
RESULT: {"script":"<script> [1562 bytes]","args":[{"selector":{"id":"application-manageresources-display-component---newResourceUnit--newRRUPage-anchBar-application-manageresources-display-component---newResourceUnit--resource-anchor","interaction":{"idSuffix":"BDI-content"}},"wdio_ui5_key":"applicationmanageresources-display-component---newResourceUnit--newRRUPage-anchBar-application-manageresources-display-component---newResourceUnit--resource-anchor"}]}
RESULT: undefined
COMMAND: POST /session/a8428c741072a9dba60f1289e89eec31/element - {"using":"xpath","value":"//*[@id=\"application-manageresources-display-component---newResourceUnit--newRRUPage-anchBar-application-manageresources-display-component---newResourceUnit--resource-anchor\"]"}
RESULT: {"using":"xpath","value":"//*[@id=\"application-manageresources-display-component---newResourceUnit--newRRUPage-anchBar-application-manageresources-display-component---newResourceUnit--resource-anchor\"]"}
COMMAND: POST /session/a8428c741072a9dba60f1289e89eec31/element/f.61D523AD244D725F0F466081CD3EF8F5.d.0A89BC0D15375A8BE82E4381F6BD1523.e.2989/click - {}
RESULT: {}
COMMAND: POST /session/a8428c741072a9dba60f1289e89eec31/execute/async - {"script":"<script> [1562 bytes]","args":[{"selector":{"id":"application-manageresources-display-component---newResourceUnit--PLANNED_DELIVERY_DATE","interaction":{"idSuffix":"inner"}},"wdio_ui5_key":"applicationmanageresources-display-component---newResourceUnit--PLANNED_DELIVERY_DATE"}]}
COMMAND: GET /session/a8428c741072a9dba60f1289e89eec31/screenshot - {}
RESULT: {"script":"<script> [1562 bytes]","args":[{"selector":{"id":"application-manageresources-display-component---newResourceUnit--PLANNED_DELIVERY_DATE","interaction":{"idSuffix":"inner"}},"wdio_ui5_key":"applicationmanageresources-display-component---newResourceUnit--PLANNED_DELIVERY_DATE"}]}
RESULT: undefined
COMMAND: POST /session/a8428c741072a9dba60f1289e89eec31/execute/async - {"script":"<script> [6424 bytes]","args":[{"element-6066-11e4-a52e-4f735466cecf":"f.61D523AD244D725F0F466081CD3EF8F5.d.0A89BC0D15375A8BE82E4381F6BD1523.e.2851"},"setValue",["5/7/25"]]}
RESULT: {}
RESULT: {"script":"<script> [6424 bytes]","args":[{"element-6066-11e4-a52e-4f735466cecf":"f.61D523AD244D725F0F466081CD3EF8F5.d.0A89BC0D15375A8BE82E4381F6BD1523.e.2851"},"setValue",["5/7/25"]]}
COMMAND: POST /session/a8428c741072a9dba60f1289e89eec31/element - {"using":"xpath","value":"//label[contains(@class, 'sapMLabelRequired') and .//bdi[contains(text(), 'Planned Retirement')]]"}
RESULT: {"using":"xpath","value":"//label[contains(@class, 'sapMLabelRequired') and .//bdi[contains(text(), 'Planned Retirement')]]"}
COMMAND: POST /session/a8428c741072a9dba60f1289e89eec31/elements - {"using":"xpath","value":"//label[contains(@class, 'sapMLabelRequired') and .//bdi[contains(text(), 'Planned Retirement')]]"}
RESULT: {"using":"xpath","value":"//label[contains(@class, 'sapMLabelRequired') and .//bdi[contains(text(), 'Planned Retirement')]]"}
COMMAND: POST /session/a8428c741072a9dba60f1289e89eec31/element - {"using":"xpath","value":"//button[@data-kt=\"resourceUnitSaveButton\"]"}
RESULT: {"using":"xpath","value":"//button[@data-kt=\"resourceUnitSaveButton\"]"}
COMMAND: POST /session/a8428c741072a9dba60f1289e89eec31/element/f.61D523AD244D725F0F466081CD3EF8F5.d.0A89BC0D15375A8BE82E4381F6BD1523.e.2811/click - {}
RESULT: {}
COMMAND: GET /session/a8428c741072a9dba60f1289e89eec31/screenshot - {}
RESULT: {}
COMMAND: POST /session/a8428c741072a9dba60f1289e89eec31/element - {"using":"xpath","value":"//bdi[contains(text(), \"Close\")]"}
RESULT: {"using":"xpath","value":"//bdi[contains(text(), \"Close\")]"}
COMMAND: POST /session/a8428c741072a9dba60f1289e89eec31/element/f.61D523AD244D725F0F466081CD3EF8F5.d.0A89BC0D15375A8BE82E4381F6BD1523.e.2997/click - {}
RESULT: {}
COMMAND: GET /session/a8428c741072a9dba60f1289e89eec31/screenshot - {}
RESULT: {}
COMMAND: POST /session/a8428c741072a9dba60f1289e89eec31/element - {"using":"xpath","value":"(//button[contains(@id ,\"actionsToolbar-overflowButton\")])[1]"}
RESULT: {"using":"xpath","value":"(//button[contains(@id ,\"actionsToolbar-overflowButton\")])[1]"}
COMMAND: POST /session/a8428c741072a9dba60f1289e89eec31/element/f.61D523AD244D725F0F466081CD3EF8F5.d.0A89BC0D15375A8BE82E4381F6BD1523.e.3029/click - {}
RESULT: {}
COMMAND: GET /session/a8428c741072a9dba60f1289e89eec31/screenshot - {}
RESULT: {}
COMMAND: POST /session/a8428c741072a9dba60f1289e89eec31/element - {"using":"xpath","value":"//button[@data-kt=\"priceInfoButton\"]"}
RESULT: {"using":"xpath","value":"//button[@data-kt=\"priceInfoButton\"]"}
COMMAND: POST /session/a8428c741072a9dba60f1289e89eec31/element/f.61D523AD244D725F0F466081CD3EF8F5.d.0A89BC0D15375A8BE82E4381F6BD1523.e.3031/click - {}
RESULT: {}
COMMAND: GET /session/a8428c741072a9dba60f1289e89eec31/screenshot - {}
RESULT: {}
COMMAND: POST /session/a8428c741072a9dba60f1289e89eec31/element - {"using":"css selector","value":"#shell-header-logo"}
RESULT: {"using":"css selector","value":"#shell-header-logo"}
COMMAND: POST /session/a8428c741072a9dba60f1289e89eec31/element/f.61D523AD244D725F0F466081CD3EF8F5.d.0A89BC0D15375A8BE82E4381F6BD1523.e.2361/click - {}
RESULT: {}
COMMAND: GET /session/a8428c741072a9dba60f1289e89eec31/screenshot - {}
RESULT: {}
]]></system-out>
    </testcase>
  </testsuite>
</testsuites>