<?xml version="1.0" encoding="UTF-8"?>
<testsuites tests="80" failures="33" errors="33" skipped="0">
  <testsuite timestamp="2025-06-02T16:18:12" time="842.034" tests="8" failures="1" errors="1" skipped="0">
    <properties>
      <property name="specId" value="0" />
      <property name="suiteName" value="Stock increase - with WHM US125587" />
      <property name="capabilities" value="chrome.136_0_7103_93.windows" />
      <property name="file" value="file:///D:/a/1/s/test/specs/HTR/stock-increase.spec.js" />
    </properties>
    <testcase classname="chrome.136_0_7103_93.windows.Stock_increase_-_with_WHM_US125587" name="Should create a new WHM yard" time="122.518">
      <system-out><![CDATA[
COMMAND: POST /session/17ac9b2ed7eebf123703e812e0574450/window/fullscreen - {}
RESULT: {}
COMMAND: POST /session/17ac9b2ed7eebf123703e812e0574450/execute/async - {"script":"<script> [1562 bytes]","args":[{"selector":{"controlType":"sap.m.GenericTile","properties":{"header":"Manage Yards"}},"wdio_ui5_key":"sapm.GenericTile{\"header\":\"Manage Yards\"}"}]}
RESULT: {"script":"<script> [1562 bytes]","args":[{"selector":{"controlType":"sap.m.GenericTile","properties":{"header":"Manage Yards"}},"wdio_ui5_key":"sapm.GenericTile{\"header\":\"Manage Yards\"}"}]}
RESULT: undefined
COMMAND: POST /session/17ac9b2ed7eebf123703e812e0574450/element - {"using":"xpath","value":"//*[@id=\"__tile41\"]"}
RESULT: {"using":"xpath","value":"//*[@id=\"__tile41\"]"}
COMMAND: POST /session/17ac9b2ed7eebf123703e812e0574450/element/f.025621EB997FE751E0C326B2CEC08C5E.d.0AF4A3693491D2B68AAD8B2F840D4CC3.e.129/click - {}
RESULT: {}
COMMAND: GET /session/17ac9b2ed7eebf123703e812e0574450/screenshot - {}
RESULT: {}
COMMAND: POST /session/17ac9b2ed7eebf123703e812e0574450/elements - {"using":"xpath","value":"//span[text()='Error']"}
RESULT: {"using":"xpath","value":"//span[text()='Error']"}
COMMAND: POST /session/17ac9b2ed7eebf123703e812e0574450/element - {"using":"xpath","value":"//button[@data-kt=\"addNewYardOverflowToolbarButton\"]"}
RESULT: {"using":"xpath","value":"//button[@data-kt=\"addNewYardOverflowToolbarButton\"]"}
COMMAND: POST /session/17ac9b2ed7eebf123703e812e0574450/elements - {"using":"xpath","value":"//button[@data-kt=\"addNewYardOverflowToolbarButton\"]"}
RESULT: {"using":"xpath","value":"//button[@data-kt=\"addNewYardOverflowToolbarButton\"]"}
COMMAND: POST /session/17ac9b2ed7eebf123703e812e0574450/elements - {"using":"xpath","value":"//button[@data-kt=\"addNewYardOverflowToolbarButton\"]"}
RESULT: {"using":"xpath","value":"//button[@data-kt=\"addNewYardOverflowToolbarButton\"]"}
COMMAND: POST /session/17ac9b2ed7eebf123703e812e0574450/element - {"using":"xpath","value":"//button[@data-kt=\"addNewYardOverflowToolbarButton\"]"}
RESULT: {"using":"xpath","value":"//button[@data-kt=\"addNewYardOverflowToolbarButton\"]"}
COMMAND: POST /session/17ac9b2ed7eebf123703e812e0574450/execute/sync - {"script":"<script> [8489 bytes]","args":[{"element-6066-11e4-a52e-4f735466cecf":"f.025621EB997FE751E0C326B2CEC08C5E.d.0AF4A3693491D2B68AAD8B2F840D4CC3.e.265","ELEMENT":"f.025621EB997FE751E0C326B2CEC08C5E.d.0AF4A3693491D2B68AAD8B2F840D4CC3.e.265"}]}
RESULT: {"script":"<script> [8489 bytes]","args":[{"element-6066-11e4-a52e-4f735466cecf":"f.025621EB997FE751E0C326B2CEC08C5E.d.0AF4A3693491D2B68AAD8B2F840D4CC3.e.265","ELEMENT":"f.025621EB997FE751E0C326B2CEC08C5E.d.0AF4A3693491D2B68AAD8B2F840D4CC3.e.265"}]}
COMMAND: GET /session/17ac9b2ed7eebf123703e812e0574450/element/f.025621EB997FE751E0C326B2CEC08C5E.d.0AF4A3693491D2B68AAD8B2F840D4CC3.e.265/enabled - {}
COMMAND: GET /session/17ac9b2ed7eebf123703e812e0574450/screenshot - {}
RESULT: {}
COMMAND: POST /session/17ac9b2ed7eebf123703e812e0574450/execute/sync - {"script":"<script> [8489 bytes]","args":[{"element-6066-11e4-a52e-4f735466cecf":"f.025621EB997FE751E0C326B2CEC08C5E.d.0AF4A3693491D2B68AAD8B2F840D4CC3.e.265","ELEMENT":"f.025621EB997FE751E0C326B2CEC08C5E.d.0AF4A3693491D2B68AAD8B2F840D4CC3.e.265"}]}
COMMAND: GET /session/17ac9b2ed7eebf123703e812e0574450/screenshot - {}
RESULT: {}
RESULT: {"script":"<script> [8489 bytes]","args":[{"element-6066-11e4-a52e-4f735466cecf":"f.025621EB997FE751E0C326B2CEC08C5E.d.0AF4A3693491D2B68AAD8B2F840D4CC3.e.265","ELEMENT":"f.025621EB997FE751E0C326B2CEC08C5E.d.0AF4A3693491D2B68AAD8B2F840D4CC3.e.265"}]}
COMMAND: POST /session/17ac9b2ed7eebf123703e812e0574450/execute/sync - {"script":"<script> [5351 bytes]","args":[{"element-6066-11e4-a52e-4f735466cecf":"f.025621EB997FE751E0C326B2CEC08C5E.d.0AF4A3693491D2B68AAD8B2F840D4CC3.e.265","ELEMENT":"f.025621EB997FE751E0C326B2CEC08C5E.d.0AF4A3693491D2B68AAD8B2F840D4CC3.e.265"}]}
COMMAND: GET /session/17ac9b2ed7eebf123703e812e0574450/screenshot - {}
RESULT: {}
RESULT: {"script":"<script> [5351 bytes]","args":[{"element-6066-11e4-a52e-4f735466cecf":"f.025621EB997FE751E0C326B2CEC08C5E.d.0AF4A3693491D2B68AAD8B2F840D4CC3.e.265","ELEMENT":"f.025621EB997FE751E0C326B2CEC08C5E.d.0AF4A3693491D2B68AAD8B2F840D4CC3.e.265"}]}
COMMAND: POST /session/17ac9b2ed7eebf123703e812e0574450/element/f.025621EB997FE751E0C326B2CEC08C5E.d.0AF4A3693491D2B68AAD8B2F840D4CC3.e.265/click - {}
COMMAND: GET /session/17ac9b2ed7eebf123703e812e0574450/screenshot - {}
RESULT: {}
RESULT: {}
COMMAND: GET /session/17ac9b2ed7eebf123703e812e0574450/screenshot - {}
RESULT: {}
COMMAND: POST /session/17ac9b2ed7eebf123703e812e0574450/element - {"using":"xpath","value":"//input[@id=\"application-manageyards-display-component---NewYard--yardId-inner\"]"}
RESULT: {}
RESULT: {"using":"xpath","value":"//input[@id=\"application-manageyards-display-component---NewYard--yardId-inner\"]"}
COMMAND: POST /session/17ac9b2ed7eebf123703e812e0574450/element - {"using":"xpath","value":"//input[@id=\"application-manageyards-display-component---NewYard--yardId-inner\"]"}
RESULT: {"using":"xpath","value":"//input[@id=\"application-manageyards-display-component---NewYard--yardId-inner\"]"}
COMMAND: POST /session/17ac9b2ed7eebf123703e812e0574450/execute/async - {"script":"<script> [1562 bytes]","args":[{"selector":{"id":"application-manageyards-display-component---NewYard--addressDetailDetailsName1","interaction":{"idSuffix":"inner"}},"wdio_ui5_key":"applicationmanageyards-display-component---NewYard--addressDetailDetailsName1"}]}
RESULT: {"script":"<script> [1562 bytes]","args":[{"selector":{"id":"application-manageyards-display-component---NewYard--addressDetailDetailsName1","interaction":{"idSuffix":"inner"}},"wdio_ui5_key":"applicationmanageyards-display-component---NewYard--addressDetailDetailsName1"}]}
RESULT: undefined
COMMAND: POST /session/17ac9b2ed7eebf123703e812e0574450/execute/async - {"script":"<script> [776 bytes]","args":[{"enterText":"Warehouse Managed WDIO","selector":{"id":"application-manageyards-display-component---NewYard--addressDetailDetailsName1","interaction":{"idSuffix":"inner"}},"clearTextFirst":true,"interactionType":"ENTER_TEXT"}]}
RESULT: {"script":"<script> [776 bytes]","args":[{"enterText":"Warehouse Managed WDIO","selector":{"id":"application-manageyards-display-component---NewYard--addressDetailDetailsName1","interaction":{"idSuffix":"inner"}},"clearTextFirst":true,"interactionType":"ENTER_TEXT"}]}
COMMAND: POST /session/17ac9b2ed7eebf123703e812e0574450/execute/async - {"script":"<script> [1562 bytes]","args":[{"selector":{"id":"application-manageyards-display-component---NewYard--addressDetailDetailsLanguage-arrow"},"wdio_ui5_key":"applicationmanageyards-display-component---NewYard--addressDetailDetailsLanguage-arrow"}]}
RESULT: {"script":"<script> [1562 bytes]","args":[{"selector":{"id":"application-manageyards-display-component---NewYard--addressDetailDetailsLanguage-arrow"},"wdio_ui5_key":"applicationmanageyards-display-component---NewYard--addressDetailDetailsLanguage-arrow"}]}
RESULT: undefined
COMMAND: POST /session/17ac9b2ed7eebf123703e812e0574450/element - {"using":"xpath","value":"//*[@id=\"application-manageyards-display-component---NewYard--addressDetailDetailsLanguage-arrow\"]"}
RESULT: {"using":"xpath","value":"//*[@id=\"application-manageyards-display-component---NewYard--addressDetailDetailsLanguage-arrow\"]"}
COMMAND: POST /session/17ac9b2ed7eebf123703e812e0574450/element/f.025621EB997FE751E0C326B2CEC08C5E.d.0AF4A3693491D2B68AAD8B2F840D4CC3.e.700/click - {}
RESULT: {}
COMMAND: POST /session/17ac9b2ed7eebf123703e812e0574450/element - {"using":"xpath","value":"//span[contains(text(), \"English\")]"}
COMMAND: GET /session/17ac9b2ed7eebf123703e812e0574450/screenshot - {}
RESULT: {"using":"xpath","value":"//span[contains(text(), \"English\")]"}
COMMAND: POST /session/17ac9b2ed7eebf123703e812e0574450/element/f.025621EB997FE751E0C326B2CEC08C5E.d.0AF4A3693491D2B68AAD8B2F840D4CC3.e.701/click - {}
RESULT: {}
RESULT: {}
COMMAND: POST /session/17ac9b2ed7eebf123703e812e0574450/execute/async - {"script":"<script> [1562 bytes]","args":[{"selector":{"id":"application-manageyards-display-component---NewYard--addressDetailDetailsCity1","interaction":{"idSuffix":"inner"}},"wdio_ui5_key":"applicationmanageyards-display-component---NewYard--addressDetailDetailsCity1"}]}
COMMAND: GET /session/17ac9b2ed7eebf123703e812e0574450/screenshot - {}
RESULT: {"script":"<script> [1562 bytes]","args":[{"selector":{"id":"application-manageyards-display-component---NewYard--addressDetailDetailsCity1","interaction":{"idSuffix":"inner"}},"wdio_ui5_key":"applicationmanageyards-display-component---NewYard--addressDetailDetailsCity1"}]}
RESULT: undefined
COMMAND: POST /session/17ac9b2ed7eebf123703e812e0574450/execute/async - {"script":"<script> [776 bytes]","args":[{"enterText":"Rosario","selector":{"id":"application-manageyards-display-component---NewYard--addressDetailDetailsCity1","interaction":{"idSuffix":"inner"}},"clearTextFirst":true,"interactionType":"ENTER_TEXT"}]}
RESULT: {}
RESULT: {"script":"<script> [776 bytes]","args":[{"enterText":"Rosario","selector":{"id":"application-manageyards-display-component---NewYard--addressDetailDetailsCity1","interaction":{"idSuffix":"inner"}},"clearTextFirst":true,"interactionType":"ENTER_TEXT"}]}
COMMAND: POST /session/17ac9b2ed7eebf123703e812e0574450/execute/async - {"script":"<script> [1562 bytes]","args":[{"selector":{"id":"application-manageyards-display-component---NewYard--addressDetailDetailsCountry-arrow"},"wdio_ui5_key":"applicationmanageyards-display-component---NewYard--addressDetailDetailsCountry-arrow"}]}
RESULT: {"script":"<script> [1562 bytes]","args":[{"selector":{"id":"application-manageyards-display-component---NewYard--addressDetailDetailsCountry-arrow"},"wdio_ui5_key":"applicationmanageyards-display-component---NewYard--addressDetailDetailsCountry-arrow"}]}
RESULT: undefined
COMMAND: POST /session/17ac9b2ed7eebf123703e812e0574450/element - {"using":"xpath","value":"//*[@id=\"application-manageyards-display-component---NewYard--addressDetailDetailsCountry-arrow\"]"}
RESULT: {"using":"xpath","value":"//*[@id=\"application-manageyards-display-component---NewYard--addressDetailDetailsCountry-arrow\"]"}
COMMAND: POST /session/17ac9b2ed7eebf123703e812e0574450/element/f.025621EB997FE751E0C326B2CEC08C5E.d.0AF4A3693491D2B68AAD8B2F840D4CC3.e.703/click - {}
RESULT: {}
COMMAND: POST /session/17ac9b2ed7eebf123703e812e0574450/element - {"using":"xpath","value":"//span[contains(text(), \"Argentina\")]"}
COMMAND: GET /session/17ac9b2ed7eebf123703e812e0574450/screenshot - {}
RESULT: {"using":"xpath","value":"//span[contains(text(), \"Argentina\")]"}
COMMAND: POST /session/17ac9b2ed7eebf123703e812e0574450/element/f.025621EB997FE751E0C326B2CEC08C5E.d.0AF4A3693491D2B68AAD8B2F840D4CC3.e.704/click - {}
RESULT: {}
RESULT: {}
COMMAND: POST /session/17ac9b2ed7eebf123703e812e0574450/execute/async - {"script":"<script> [1562 bytes]","args":[{"selector":{"id":"application-manageyards-display-component---NewYard--addressEditDetailsCostObjectCstType-arrow"},"wdio_ui5_key":"applicationmanageyards-display-component---NewYard--addressEditDetailsCostObjectCstType-arrow"}]}
COMMAND: GET /session/17ac9b2ed7eebf123703e812e0574450/screenshot - {}
RESULT: {"script":"<script> [1562 bytes]","args":[{"selector":{"id":"application-manageyards-display-component---NewYard--addressEditDetailsCostObjectCstType-arrow"},"wdio_ui5_key":"applicationmanageyards-display-component---NewYard--addressEditDetailsCostObjectCstType-arrow"}]}
RESULT: undefined
COMMAND: POST /session/17ac9b2ed7eebf123703e812e0574450/element - {"using":"xpath","value":"//*[@id=\"application-manageyards-display-component---NewYard--addressEditDetailsCostObjectCstType-arrow\"]"}
RESULT: {}
RESULT: {"using":"xpath","value":"//*[@id=\"application-manageyards-display-component---NewYard--addressEditDetailsCostObjectCstType-arrow\"]"}
COMMAND: POST /session/17ac9b2ed7eebf123703e812e0574450/element/f.025621EB997FE751E0C326B2CEC08C5E.d.0AF4A3693491D2B68AAD8B2F840D4CC3.e.706/click - {}
RESULT: {}
COMMAND: POST /session/17ac9b2ed7eebf123703e812e0574450/element - {"using":"xpath","value":"//span[contains(text(), \"Cost Center\")]"}
COMMAND: GET /session/17ac9b2ed7eebf123703e812e0574450/screenshot - {}
RESULT: {}
RESULT: {"using":"xpath","value":"//span[contains(text(), \"Cost Center\")]"}
COMMAND: POST /session/17ac9b2ed7eebf123703e812e0574450/element/f.025621EB997FE751E0C326B2CEC08C5E.d.0AF4A3693491D2B68AAD8B2F840D4CC3.e.707/click - {}
RESULT: {}
COMMAND: GET /session/17ac9b2ed7eebf123703e812e0574450/screenshot - {}
RESULT: {}
COMMAND: POST /session/17ac9b2ed7eebf123703e812e0574450/element - {"using":"xpath","value":"//span[@id=\"application-manageyards-display-component---NewYard--addressNewCostObjectCstID-vhi\"]"}
RESULT: {"using":"xpath","value":"//span[@id=\"application-manageyards-display-component---NewYard--addressNewCostObjectCstID-vhi\"]"}
COMMAND: POST /session/17ac9b2ed7eebf123703e812e0574450/execute/sync - {"script":"<script> [8489 bytes]","args":[{"element-6066-11e4-a52e-4f735466cecf":"f.025621EB997FE751E0C326B2CEC08C5E.d.0AF4A3693491D2B68AAD8B2F840D4CC3.e.711","ELEMENT":"f.025621EB997FE751E0C326B2CEC08C5E.d.0AF4A3693491D2B68AAD8B2F840D4CC3.e.711"}]}
RESULT: {"script":"<script> [8489 bytes]","args":[{"element-6066-11e4-a52e-4f735466cecf":"f.025621EB997FE751E0C326B2CEC08C5E.d.0AF4A3693491D2B68AAD8B2F840D4CC3.e.711","ELEMENT":"f.025621EB997FE751E0C326B2CEC08C5E.d.0AF4A3693491D2B68AAD8B2F840D4CC3.e.711"}]}
COMMAND: POST /session/17ac9b2ed7eebf123703e812e0574450/execute/async - {"script":"<script> [1562 bytes]","args":[{"selector":{"id":"application-manageyards-display-component---NewYard--addressNewCostObjectCstID-vhi"},"wdio_ui5_key":"applicationmanageyards-display-component---NewYard--addressNewCostObjectCstID-vhi"}]}
COMMAND: GET /session/17ac9b2ed7eebf123703e812e0574450/screenshot - {}
RESULT: {"script":"<script> [1562 bytes]","args":[{"selector":{"id":"application-manageyards-display-component---NewYard--addressNewCostObjectCstID-vhi"},"wdio_ui5_key":"applicationmanageyards-display-component---NewYard--addressNewCostObjectCstID-vhi"}]}
RESULT: undefined
COMMAND: POST /session/17ac9b2ed7eebf123703e812e0574450/element - {"using":"xpath","value":"//*[@id=\"application-manageyards-display-component---NewYard--addressNewCostObjectCstID-vhi\"]"}
RESULT: {}
RESULT: {"using":"xpath","value":"//*[@id=\"application-manageyards-display-component---NewYard--addressNewCostObjectCstID-vhi\"]"}
COMMAND: POST /session/17ac9b2ed7eebf123703e812e0574450/element/f.025621EB997FE751E0C326B2CEC08C5E.d.0AF4A3693491D2B68AAD8B2F840D4CC3.e.711/click - {}
RESULT: {}
COMMAND: GET /session/17ac9b2ed7eebf123703e812e0574450/screenshot - {}
RESULT: {}
COMMAND: POST /session/17ac9b2ed7eebf123703e812e0574450/execute/async - {"script":"<script> [1562 bytes]","args":[{"selector":{"controlType":"sap.m.SearchField","properties":{"placeholder":"Search"},"searchOpenDialogs":true,"interaction":{"idSuffix":"I"}},"wdio_ui5_key":"sapm.SearchField{\"placeholder\":\"Search\"}"}]}
RESULT: {"script":"<script> [1562 bytes]","args":[{"selector":{"controlType":"sap.m.SearchField","properties":{"placeholder":"Search"},"searchOpenDialogs":true,"interaction":{"idSuffix":"I"}},"wdio_ui5_key":"sapm.SearchField{\"placeholder\":\"Search\"}"}]}
RESULT: undefined
COMMAND: POST /session/17ac9b2ed7eebf123703e812e0574450/execute/async - {"script":"<script> [776 bytes]","args":[{"enterText":"bauh_b","selector":{"controlType":"sap.m.SearchField","properties":{"placeholder":"Search"},"searchOpenDialogs":true,"interaction":{"idSuffix":"I"}},"clearTextFirst":true,"interactionType":"ENTER_TEXT"}]}
RESULT: {"script":"<script> [776 bytes]","args":[{"enterText":"bauh_b","selector":{"controlType":"sap.m.SearchField","properties":{"placeholder":"Search"},"searchOpenDialogs":true,"interaction":{"idSuffix":"I"}},"clearTextFirst":true,"interactionType":"ENTER_TEXT"}]}
COMMAND: POST /session/17ac9b2ed7eebf123703e812e0574450/actions - {"actions":[{"id":"action1","type":"key","parameters":{},"actions":[{"type":"keyDown","value":"î€‡"},{"type":"pause","duration":10},{"type":"keyUp","value":"î€‡"}]}]}
RESULT: {"actions":[{"id":"action1","type":"key","parameters":{},"actions":[{"type":"keyDown","value":"î€‡"},{"type":"pause","duration":10},{"type":"keyUp","value":"î€‡"}]}]}
COMMAND: GET /session/17ac9b2ed7eebf123703e812e0574450/screenshot - {}
RESULT: {}
COMMAND: POST /session/17ac9b2ed7eebf123703e812e0574450/element - {"using":"xpath","value":"//span[contains(text(), \"Demo Yard\")]"}
RESULT: {"using":"xpath","value":"//span[contains(text(), \"Demo Yard\")]"}
COMMAND: POST /session/17ac9b2ed7eebf123703e812e0574450/element/f.025621EB997FE751E0C326B2CEC08C5E.d.0AF4A3693491D2B68AAD8B2F840D4CC3.e.752/click - {}
RESULT: {}
COMMAND: GET /session/17ac9b2ed7eebf123703e812e0574450/screenshot - {}
RESULT: {}
COMMAND: POST /session/17ac9b2ed7eebf123703e812e0574450/element - {"using":"xpath","value":"//bdi[contains(text(), \"OK\")]"}
RESULT: {"using":"xpath","value":"//bdi[contains(text(), \"OK\")]"}
COMMAND: POST /session/17ac9b2ed7eebf123703e812e0574450/element/f.025621EB997FE751E0C326B2CEC08C5E.d.0AF4A3693491D2B68AAD8B2F840D4CC3.e.753/click - {}
RESULT: {}
COMMAND: GET /session/17ac9b2ed7eebf123703e812e0574450/screenshot - {}
RESULT: {}
COMMAND: POST /session/17ac9b2ed7eebf123703e812e0574450/execute/async - {"script":"<script> [1562 bytes]","args":[{"selector":{"id":"application-manageyards-display-component---NewYard--addressEditDetailsCurrency-arrow"},"wdio_ui5_key":"applicationmanageyards-display-component---NewYard--addressEditDetailsCurrency-arrow"}]}
RESULT: {"script":"<script> [1562 bytes]","args":[{"selector":{"id":"application-manageyards-display-component---NewYard--addressEditDetailsCurrency-arrow"},"wdio_ui5_key":"applicationmanageyards-display-component---NewYard--addressEditDetailsCurrency-arrow"}]}
RESULT: undefined
COMMAND: POST /session/17ac9b2ed7eebf123703e812e0574450/element - {"using":"xpath","value":"//*[@id=\"application-manageyards-display-component---NewYard--addressEditDetailsCurrency-arrow\"]"}
RESULT: {"using":"xpath","value":"//*[@id=\"application-manageyards-display-component---NewYard--addressEditDetailsCurrency-arrow\"]"}
COMMAND: POST /session/17ac9b2ed7eebf123703e812e0574450/element/f.025621EB997FE751E0C326B2CEC08C5E.d.0AF4A3693491D2B68AAD8B2F840D4CC3.e.756/click - {}
RESULT: {}
COMMAND: POST /session/17ac9b2ed7eebf123703e812e0574450/element - {"using":"xpath","value":"//span[contains(text(), \"Euro\")]"}
COMMAND: GET /session/17ac9b2ed7eebf123703e812e0574450/screenshot - {}
RESULT: {"using":"xpath","value":"//span[contains(text(), \"Euro\")]"}
COMMAND: POST /session/17ac9b2ed7eebf123703e812e0574450/element/f.025621EB997FE751E0C326B2CEC08C5E.d.0AF4A3693491D2B68AAD8B2F840D4CC3.e.757/click - {}
RESULT: {}
RESULT: {}
COMMAND: POST /session/17ac9b2ed7eebf123703e812e0574450/execute/async - {"script":"<script> [1562 bytes]","args":[{"selector":{"controlType":"sap.m.Input","viewName":"etm.portal.ui.manageyards.view.New","viewId":"application-manageyards-display-component---NewYard","bindingPath":{"path":"","propertyPath":"/CONTROLLING_AREA","modelName":"NewYardModel"},"interaction":{"idSuffix":"inner"}},"wdio_ui5_key":"etmportal.ui.manageyards.view.Newsap.m.Input{\"path\":\"\",\"propertyPath\":\"/CONTROLLING_AREA\",\"modelName\":\"NewYardModel\"}"}]}
COMMAND: GET /session/17ac9b2ed7eebf123703e812e0574450/screenshot - {}
RESULT: {"script":"<script> [1562 bytes]","args":[{"selector":{"controlType":"sap.m.Input","viewName":"etm.portal.ui.manageyards.view.New","viewId":"application-manageyards-display-component---NewYard","bindingPath":{"path":"","propertyPath":"/CONTROLLING_AREA","modelName":"NewYardModel"},"interaction":{"idSuffix":"inner"}},"wdio_ui5_key":"etmportal.ui.manageyards.view.Newsap.m.Input{\"path\":\"\",\"propertyPath\":\"/CONTROLLING_AREA\",\"modelName\":\"NewYardModel\"}"}]}
RESULT: undefined
COMMAND: POST /session/17ac9b2ed7eebf123703e812e0574450/execute/async - {"script":"<script> [776 bytes]","args":[{"enterText":"Z001","selector":{"controlType":"sap.m.Input","viewName":"etm.portal.ui.manageyards.view.New","viewId":"application-manageyards-display-component---NewYard","bindingPath":{"path":"","propertyPath":"/CONTROLLING_AREA","modelName":"NewYardModel"},"interaction":{"idSuffix":"inner"}},"clearTextFirst":true,"interactionType":"ENTER_TEXT"}]}
RESULT: {}
RESULT: {"script":"<script> [776 bytes]","args":[{"enterText":"Z001","selector":{"controlType":"sap.m.Input","viewName":"etm.portal.ui.manageyards.view.New","viewId":"application-manageyards-display-component---NewYard","bindingPath":{"path":"","propertyPath":"/CONTROLLING_AREA","modelName":"NewYardModel"},"interaction":{"idSuffix":"inner"}},"clearTextFirst":true,"interactionType":"ENTER_TEXT"}]}
COMMAND: POST /session/17ac9b2ed7eebf123703e812e0574450/execute/async - {"script":"<script> [1562 bytes]","args":[{"selector":{"id":"application-manageyards-display-component---NewYard--companyCodeComboBox","interaction":{"idSuffix":"inner"}},"wdio_ui5_key":"applicationmanageyards-display-component---NewYard--companyCodeComboBox"}]}
RESULT: {"script":"<script> [1562 bytes]","args":[{"selector":{"id":"application-manageyards-display-component---NewYard--companyCodeComboBox","interaction":{"idSuffix":"inner"}},"wdio_ui5_key":"applicationmanageyards-display-component---NewYard--companyCodeComboBox"}]}
RESULT: undefined
COMMAND: POST /session/17ac9b2ed7eebf123703e812e0574450/execute/async - {"script":"<script> [776 bytes]","args":[{"enterText":"1000","selector":{"id":"application-manageyards-display-component---NewYard--companyCodeComboBox","interaction":{"idSuffix":"inner"}},"clearTextFirst":true,"interactionType":"ENTER_TEXT"}]}
RESULT: {"script":"<script> [776 bytes]","args":[{"enterText":"1000","selector":{"id":"application-manageyards-display-component---NewYard--companyCodeComboBox","interaction":{"idSuffix":"inner"}},"clearTextFirst":true,"interactionType":"ENTER_TEXT"}]}
COMMAND: POST /session/17ac9b2ed7eebf123703e812e0574450/execute/async - {"script":"<script> [1562 bytes]","args":[{"selector":{"controlType":"sap.m.Input","viewName":"etm.portal.ui.manageyards.view.New","viewId":"application-manageyards-display-component---NewYard","bindingPath":{"path":"","propertyPath":"/PLANT","modelName":"NewYardModel"},"interaction":{"idSuffix":"inner"}},"wdio_ui5_key":"etmportal.ui.manageyards.view.Newsap.m.Input{\"path\":\"\",\"propertyPath\":\"/PLANT\",\"modelName\":\"NewYardModel\"}"}]}
RESULT: {"script":"<script> [1562 bytes]","args":[{"selector":{"controlType":"sap.m.Input","viewName":"etm.portal.ui.manageyards.view.New","viewId":"application-manageyards-display-component---NewYard","bindingPath":{"path":"","propertyPath":"/PLANT","modelName":"NewYardModel"},"interaction":{"idSuffix":"inner"}},"wdio_ui5_key":"etmportal.ui.manageyards.view.Newsap.m.Input{\"path\":\"\",\"propertyPath\":\"/PLANT\",\"modelName\":\"NewYardModel\"}"}]}
RESULT: undefined
COMMAND: POST /session/17ac9b2ed7eebf123703e812e0574450/execute/async - {"script":"<script> [776 bytes]","args":[{"enterText":"1001","selector":{"controlType":"sap.m.Input","viewName":"etm.portal.ui.manageyards.view.New","viewId":"application-manageyards-display-component---NewYard","bindingPath":{"path":"","propertyPath":"/PLANT","modelName":"NewYardModel"},"interaction":{"idSuffix":"inner"}},"clearTextFirst":true,"interactionType":"ENTER_TEXT"}]}
RESULT: {"script":"<script> [776 bytes]","args":[{"enterText":"1001","selector":{"controlType":"sap.m.Input","viewName":"etm.portal.ui.manageyards.view.New","viewId":"application-manageyards-display-component---NewYard","bindingPath":{"path":"","propertyPath":"/PLANT","modelName":"NewYardModel"},"interaction":{"idSuffix":"inner"}},"clearTextFirst":true,"interactionType":"ENTER_TEXT"}]}
COMMAND: POST /session/17ac9b2ed7eebf123703e812e0574450/execute/async - {"script":"<script> [1562 bytes]","args":[{"selector":{"controlType":"sap.m.Input","viewName":"etm.portal.ui.manageyards.view.New","viewId":"application-manageyards-display-component---NewYard","bindingPath":{"path":"","propertyPath":"/SALES_AREA_VKORG","modelName":"NewYardModel"},"interaction":{"idSuffix":"inner"}},"wdio_ui5_key":"etmportal.ui.manageyards.view.Newsap.m.Input{\"path\":\"\",\"propertyPath\":\"/SALES_AREA_VKORG\",\"modelName\":\"NewYardModel\"}"}]}
RESULT: {"script":"<script> [1562 bytes]","args":[{"selector":{"controlType":"sap.m.Input","viewName":"etm.portal.ui.manageyards.view.New","viewId":"application-manageyards-display-component---NewYard","bindingPath":{"path":"","propertyPath":"/SALES_AREA_VKORG","modelName":"NewYardModel"},"interaction":{"idSuffix":"inner"}},"wdio_ui5_key":"etmportal.ui.manageyards.view.Newsap.m.Input{\"path\":\"\",\"propertyPath\":\"/SALES_AREA_VKORG\",\"modelName\":\"NewYardModel\"}"}]}
RESULT: undefined
COMMAND: POST /session/17ac9b2ed7eebf123703e812e0574450/execute/async - {"script":"<script> [776 bytes]","args":[{"enterText":"C002","selector":{"controlType":"sap.m.Input","viewName":"etm.portal.ui.manageyards.view.New","viewId":"application-manageyards-display-component---NewYard","bindingPath":{"path":"","propertyPath":"/SALES_AREA_VKORG","modelName":"NewYardModel"},"interaction":{"idSuffix":"inner"}},"clearTextFirst":true,"interactionType":"ENTER_TEXT"}]}
RESULT: {"script":"<script> [776 bytes]","args":[{"enterText":"C002","selector":{"controlType":"sap.m.Input","viewName":"etm.portal.ui.manageyards.view.New","viewId":"application-manageyards-display-component---NewYard","bindingPath":{"path":"","propertyPath":"/SALES_AREA_VKORG","modelName":"NewYardModel"},"interaction":{"idSuffix":"inner"}},"clearTextFirst":true,"interactionType":"ENTER_TEXT"}]}
COMMAND: POST /session/17ac9b2ed7eebf123703e812e0574450/execute/async - {"script":"<script> [1562 bytes]","args":[{"selector":{"controlType":"sap.m.Input","viewName":"etm.portal.ui.manageyards.view.New","viewId":"application-manageyards-display-component---NewYard","bindingPath":{"path":"","propertyPath":"/SALES_AREA_VTWEG","modelName":"NewYardModel"},"interaction":{"idSuffix":"inner"}},"wdio_ui5_key":"etmportal.ui.manageyards.view.Newsap.m.Input{\"path\":\"\",\"propertyPath\":\"/SALES_AREA_VTWEG\",\"modelName\":\"NewYardModel\"}"}]}
RESULT: {"script":"<script> [1562 bytes]","args":[{"selector":{"controlType":"sap.m.Input","viewName":"etm.portal.ui.manageyards.view.New","viewId":"application-manageyards-display-component---NewYard","bindingPath":{"path":"","propertyPath":"/SALES_AREA_VTWEG","modelName":"NewYardModel"},"interaction":{"idSuffix":"inner"}},"wdio_ui5_key":"etmportal.ui.manageyards.view.Newsap.m.Input{\"path\":\"\",\"propertyPath\":\"/SALES_AREA_VTWEG\",\"modelName\":\"NewYardModel\"}"}]}
RESULT: undefined
COMMAND: POST /session/17ac9b2ed7eebf123703e812e0574450/execute/async - {"script":"<script> [776 bytes]","args":[{"enterText":"C2","selector":{"controlType":"sap.m.Input","viewName":"etm.portal.ui.manageyards.view.New","viewId":"application-manageyards-display-component---NewYard","bindingPath":{"path":"","propertyPath":"/SALES_AREA_VTWEG","modelName":"NewYardModel"},"interaction":{"idSuffix":"inner"}},"clearTextFirst":true,"interactionType":"ENTER_TEXT"}]}
RESULT: {"script":"<script> [776 bytes]","args":[{"enterText":"C2","selector":{"controlType":"sap.m.Input","viewName":"etm.portal.ui.manageyards.view.New","viewId":"application-manageyards-display-component---NewYard","bindingPath":{"path":"","propertyPath":"/SALES_AREA_VTWEG","modelName":"NewYardModel"},"interaction":{"idSuffix":"inner"}},"clearTextFirst":true,"interactionType":"ENTER_TEXT"}]}
COMMAND: POST /session/17ac9b2ed7eebf123703e812e0574450/execute/async - {"script":"<script> [1562 bytes]","args":[{"selector":{"controlType":"sap.m.Input","viewName":"etm.portal.ui.manageyards.view.New","viewId":"application-manageyards-display-component---NewYard","bindingPath":{"path":"","propertyPath":"/SALES_AREA_SPART","modelName":"NewYardModel"},"interaction":{"idSuffix":"inner"}},"wdio_ui5_key":"etmportal.ui.manageyards.view.Newsap.m.Input{\"path\":\"\",\"propertyPath\":\"/SALES_AREA_SPART\",\"modelName\":\"NewYardModel\"}"}]}
RESULT: {"script":"<script> [1562 bytes]","args":[{"selector":{"controlType":"sap.m.Input","viewName":"etm.portal.ui.manageyards.view.New","viewId":"application-manageyards-display-component---NewYard","bindingPath":{"path":"","propertyPath":"/SALES_AREA_SPART","modelName":"NewYardModel"},"interaction":{"idSuffix":"inner"}},"wdio_ui5_key":"etmportal.ui.manageyards.view.Newsap.m.Input{\"path\":\"\",\"propertyPath\":\"/SALES_AREA_SPART\",\"modelName\":\"NewYardModel\"}"}]}
RESULT: undefined
COMMAND: POST /session/17ac9b2ed7eebf123703e812e0574450/execute/async - {"script":"<script> [776 bytes]","args":[{"enterText":"C2","selector":{"controlType":"sap.m.Input","viewName":"etm.portal.ui.manageyards.view.New","viewId":"application-manageyards-display-component---NewYard","bindingPath":{"path":"","propertyPath":"/SALES_AREA_SPART","modelName":"NewYardModel"},"interaction":{"idSuffix":"inner"}},"clearTextFirst":true,"interactionType":"ENTER_TEXT"}]}
RESULT: {"script":"<script> [776 bytes]","args":[{"enterText":"C2","selector":{"controlType":"sap.m.Input","viewName":"etm.portal.ui.manageyards.view.New","viewId":"application-manageyards-display-component---NewYard","bindingPath":{"path":"","propertyPath":"/SALES_AREA_SPART","modelName":"NewYardModel"},"interaction":{"idSuffix":"inner"}},"clearTextFirst":true,"interactionType":"ENTER_TEXT"}]}
COMMAND: POST /session/17ac9b2ed7eebf123703e812e0574450/execute/async - {"script":"<script> [1562 bytes]","args":[{"selector":{"controlType":"sap.m.Input","viewName":"etm.portal.ui.manageyards.view.New","viewId":"application-manageyards-display-component---NewYard","bindingPath":{"path":"","propertyPath":"/SHIP_POINT","modelName":"NewYardModel"},"interaction":{"idSuffix":"inner"}},"wdio_ui5_key":"etmportal.ui.manageyards.view.Newsap.m.Input{\"path\":\"\",\"propertyPath\":\"/SHIP_POINT\",\"modelName\":\"NewYardModel\"}"}]}
RESULT: {"script":"<script> [1562 bytes]","args":[{"selector":{"controlType":"sap.m.Input","viewName":"etm.portal.ui.manageyards.view.New","viewId":"application-manageyards-display-component---NewYard","bindingPath":{"path":"","propertyPath":"/SHIP_POINT","modelName":"NewYardModel"},"interaction":{"idSuffix":"inner"}},"wdio_ui5_key":"etmportal.ui.manageyards.view.Newsap.m.Input{\"path\":\"\",\"propertyPath\":\"/SHIP_POINT\",\"modelName\":\"NewYardModel\"}"}]}
RESULT: undefined
COMMAND: POST /session/17ac9b2ed7eebf123703e812e0574450/execute/async - {"script":"<script> [776 bytes]","args":[{"enterText":"1710","selector":{"controlType":"sap.m.Input","viewName":"etm.portal.ui.manageyards.view.New","viewId":"application-manageyards-display-component---NewYard","bindingPath":{"path":"","propertyPath":"/SHIP_POINT","modelName":"NewYardModel"},"interaction":{"idSuffix":"inner"}},"clearTextFirst":true,"interactionType":"ENTER_TEXT"}]}
RESULT: {"script":"<script> [776 bytes]","args":[{"enterText":"1710","selector":{"controlType":"sap.m.Input","viewName":"etm.portal.ui.manageyards.view.New","viewId":"application-manageyards-display-component---NewYard","bindingPath":{"path":"","propertyPath":"/SHIP_POINT","modelName":"NewYardModel"},"interaction":{"idSuffix":"inner"}},"clearTextFirst":true,"interactionType":"ENTER_TEXT"}]}
COMMAND: POST /session/17ac9b2ed7eebf123703e812e0574450/execute/async - {"script":"<script> [1562 bytes]","args":[{"selector":{"controlType":"sap.m.Input","viewName":"etm.portal.ui.manageyards.view.New","viewId":"application-manageyards-display-component---NewYard","bindingPath":{"path":"","propertyPath":"/DELIVERY_TYPE","modelName":"NewYardModel"},"interaction":{"idSuffix":"inner"}},"wdio_ui5_key":"etmportal.ui.manageyards.view.Newsap.m.Input{\"path\":\"\",\"propertyPath\":\"/DELIVERY_TYPE\",\"modelName\":\"NewYardModel\"}"}]}
RESULT: {"script":"<script> [1562 bytes]","args":[{"selector":{"controlType":"sap.m.Input","viewName":"etm.portal.ui.manageyards.view.New","viewId":"application-manageyards-display-component---NewYard","bindingPath":{"path":"","propertyPath":"/DELIVERY_TYPE","modelName":"NewYardModel"},"interaction":{"idSuffix":"inner"}},"wdio_ui5_key":"etmportal.ui.manageyards.view.Newsap.m.Input{\"path\":\"\",\"propertyPath\":\"/DELIVERY_TYPE\",\"modelName\":\"NewYardModel\"}"}]}
RESULT: undefined
COMMAND: POST /session/17ac9b2ed7eebf123703e812e0574450/execute/async - {"script":"<script> [776 bytes]","args":[{"enterText":"ZL01","selector":{"controlType":"sap.m.Input","viewName":"etm.portal.ui.manageyards.view.New","viewId":"application-manageyards-display-component---NewYard","bindingPath":{"path":"","propertyPath":"/DELIVERY_TYPE","modelName":"NewYardModel"},"interaction":{"idSuffix":"inner"}},"clearTextFirst":true,"interactionType":"ENTER_TEXT"}]}
RESULT: {"script":"<script> [776 bytes]","args":[{"enterText":"ZL01","selector":{"controlType":"sap.m.Input","viewName":"etm.portal.ui.manageyards.view.New","viewId":"application-manageyards-display-component---NewYard","bindingPath":{"path":"","propertyPath":"/DELIVERY_TYPE","modelName":"NewYardModel"},"interaction":{"idSuffix":"inner"}},"clearTextFirst":true,"interactionType":"ENTER_TEXT"}]}
COMMAND: POST /session/17ac9b2ed7eebf123703e812e0574450/execute/async - {"script":"<script> [1562 bytes]","args":[{"selector":{"controlType":"sap.m.Input","viewName":"etm.portal.ui.manageyards.view.New","viewId":"application-manageyards-display-component---NewYard","bindingPath":{"path":"","propertyPath":"/AUART","modelName":"NewYardModel"},"interaction":{"idSuffix":"inner"}},"wdio_ui5_key":"etmportal.ui.manageyards.view.Newsap.m.Input{\"path\":\"\",\"propertyPath\":\"/AUART\",\"modelName\":\"NewYardModel\"}"}]}
RESULT: {"script":"<script> [1562 bytes]","args":[{"selector":{"controlType":"sap.m.Input","viewName":"etm.portal.ui.manageyards.view.New","viewId":"application-manageyards-display-component---NewYard","bindingPath":{"path":"","propertyPath":"/AUART","modelName":"NewYardModel"},"interaction":{"idSuffix":"inner"}},"wdio_ui5_key":"etmportal.ui.manageyards.view.Newsap.m.Input{\"path\":\"\",\"propertyPath\":\"/AUART\",\"modelName\":\"NewYardModel\"}"}]}
RESULT: undefined
COMMAND: POST /session/17ac9b2ed7eebf123703e812e0574450/execute/async - {"script":"<script> [776 bytes]","args":[{"enterText":"TA","selector":{"controlType":"sap.m.Input","viewName":"etm.portal.ui.manageyards.view.New","viewId":"application-manageyards-display-component---NewYard","bindingPath":{"path":"","propertyPath":"/AUART","modelName":"NewYardModel"},"interaction":{"idSuffix":"inner"}},"clearTextFirst":true,"interactionType":"ENTER_TEXT"}]}
RESULT: {"script":"<script> [776 bytes]","args":[{"enterText":"TA","selector":{"controlType":"sap.m.Input","viewName":"etm.portal.ui.manageyards.view.New","viewId":"application-manageyards-display-component---NewYard","bindingPath":{"path":"","propertyPath":"/AUART","modelName":"NewYardModel"},"interaction":{"idSuffix":"inner"}},"clearTextFirst":true,"interactionType":"ENTER_TEXT"}]}
COMMAND: POST /session/17ac9b2ed7eebf123703e812e0574450/execute/async - {"script":"<script> [1562 bytes]","args":[{"selector":{"id":"application-manageyards-display-component---NewYard--whmCheckBox","interaction":{"idSuffix":"CbBg"}},"wdio_ui5_key":"applicationmanageyards-display-component---NewYard--whmCheckBox"}]}
RESULT: {"script":"<script> [1562 bytes]","args":[{"selector":{"id":"application-manageyards-display-component---NewYard--whmCheckBox","interaction":{"idSuffix":"CbBg"}},"wdio_ui5_key":"applicationmanageyards-display-component---NewYard--whmCheckBox"}]}
RESULT: undefined
COMMAND: POST /session/17ac9b2ed7eebf123703e812e0574450/element - {"using":"xpath","value":"//*[@id=\"application-manageyards-display-component---NewYard--whmCheckBox\"]"}
RESULT: {"using":"xpath","value":"//*[@id=\"application-manageyards-display-component---NewYard--whmCheckBox\"]"}
COMMAND: POST /session/17ac9b2ed7eebf123703e812e0574450/element/f.025621EB997FE751E0C326B2CEC08C5E.d.0AF4A3693491D2B68AAD8B2F840D4CC3.e.777/click - {}
RESULT: {}
COMMAND: GET /session/17ac9b2ed7eebf123703e812e0574450/screenshot - {}
RESULT: {}
COMMAND: POST /session/17ac9b2ed7eebf123703e812e0574450/element - {"using":"xpath","value":"//button[@data-kt=\"newYardSaveButton\"]"}
RESULT: {"using":"xpath","value":"//button[@data-kt=\"newYardSaveButton\"]"}
COMMAND: POST /session/17ac9b2ed7eebf123703e812e0574450/element/f.025621EB997FE751E0C326B2CEC08C5E.d.0AF4A3693491D2B68AAD8B2F840D4CC3.e.681/click - {}
RESULT: {}
COMMAND: GET /session/17ac9b2ed7eebf123703e812e0574450/screenshot - {}
RESULT: {}
COMMAND: POST /session/17ac9b2ed7eebf123703e812e0574450/element - {"using":"xpath","value":"//header[contains(@id, 'ObjectPageLayout-headerTitle')]/div[1]/div[2]/div[1]/span[1]"}
RESULT: {"using":"xpath","value":"//header[contains(@id, 'ObjectPageLayout-headerTitle')]/div[1]/div[2]/div[1]/span[1]"}
COMMAND: POST /session/17ac9b2ed7eebf123703e812e0574450/elements - {"using":"xpath","value":"//header[contains(@id, 'ObjectPageLayout-headerTitle')]/div[1]/div[2]/div[1]/span[1]"}
RESULT: {"using":"xpath","value":"//header[contains(@id, 'ObjectPageLayout-headerTitle')]/div[1]/div[2]/div[1]/span[1]"}
COMMAND: POST /session/17ac9b2ed7eebf123703e812e0574450/execute/sync - {"script":"<script> [56 bytes]","args":[{"element-6066-11e4-a52e-4f735466cecf":"f.025621EB997FE751E0C326B2CEC08C5E.d.0AF4A3693491D2B68AAD8B2F840D4CC3.e.975","ELEMENT":"f.025621EB997FE751E0C326B2CEC08C5E.d.0AF4A3693491D2B68AAD8B2F840D4CC3.e.975"}]}
RESULT: {"script":"<script> [56 bytes]","args":[{"element-6066-11e4-a52e-4f735466cecf":"f.025621EB997FE751E0C326B2CEC08C5E.d.0AF4A3693491D2B68AAD8B2F840D4CC3.e.975","ELEMENT":"f.025621EB997FE751E0C326B2CEC08C5E.d.0AF4A3693491D2B68AAD8B2F840D4CC3.e.975"}]}
COMMAND: GET /session/17ac9b2ed7eebf123703e812e0574450/screenshot - {}
RESULT: {}
COMMAND: POST /session/17ac9b2ed7eebf123703e812e0574450/element - {"using":"css selector","value":"#shell-header-logo"}
RESULT: {"using":"css selector","value":"#shell-header-logo"}
COMMAND: POST /session/17ac9b2ed7eebf123703e812e0574450/element/f.025621EB997FE751E0C326B2CEC08C5E.d.0AF4A3693491D2B68AAD8B2F840D4CC3.e.234/click - {}
RESULT: {}
COMMAND: GET /session/17ac9b2ed7eebf123703e812e0574450/screenshot - {}
RESULT: {}
COMMAND: POST /session/17ac9b2ed7eebf123703e812e0574450/execute/sync - {"script":"<script> [299 bytes]","args":[["getModel","getResource"]]}
RESULT: {"script":"<script> [299 bytes]","args":[["getModel","getResource"]]}
]]></system-out>
    </testcase>
    <testcase classname="chrome.136_0_7103_93.windows.Stock_increase_-_with_WHM_US125587" name="Should create a new external WHM partner" time="107.256">
      <system-out><![CDATA[
COMMAND: POST /session/17ac9b2ed7eebf123703e812e0574450/window/fullscreen - {}
COMMAND: GET /session/17ac9b2ed7eebf123703e812e0574450/screenshot - {}
RESULT: {}
COMMAND: POST /session/17ac9b2ed7eebf123703e812e0574450/execute/async - {"script":"<script> [1562 bytes]","args":[{"selector":{"controlType":"sap.m.GenericTile","properties":{"header":"Manage Partners"}},"wdio_ui5_key":"sapm.GenericTile{\"header\":\"Manage Partners\"}"}]}
RESULT: {}
RESULT: {"script":"<script> [1562 bytes]","args":[{"selector":{"controlType":"sap.m.GenericTile","properties":{"header":"Manage Partners"}},"wdio_ui5_key":"sapm.GenericTile{\"header\":\"Manage Partners\"}"}]}
RESULT: undefined
COMMAND: POST /session/17ac9b2ed7eebf123703e812e0574450/element - {"using":"xpath","value":"//*[@id=\"__tile38\"]"}
RESULT: {"using":"xpath","value":"//*[@id=\"__tile38\"]"}
COMMAND: POST /session/17ac9b2ed7eebf123703e812e0574450/element/f.025621EB997FE751E0C326B2CEC08C5E.d.0AF4A3693491D2B68AAD8B2F840D4CC3.e.120/click - {}
RESULT: {}
COMMAND: GET /session/17ac9b2ed7eebf123703e812e0574450/screenshot - {}
RESULT: {}
COMMAND: POST /session/17ac9b2ed7eebf123703e812e0574450/elements - {"using":"xpath","value":"//span[text()='Error']"}
RESULT: {"using":"xpath","value":"//span[text()='Error']"}
COMMAND: POST /session/17ac9b2ed7eebf123703e812e0574450/element - {"using":"xpath","value":"//button[@data-kt=\"addButton\"]"}
RESULT: {"using":"xpath","value":"//button[@data-kt=\"addButton\"]"}
COMMAND: POST /session/17ac9b2ed7eebf123703e812e0574450/elements - {"using":"xpath","value":"//button[@data-kt=\"addButton\"]"}
RESULT: {"using":"xpath","value":"//button[@data-kt=\"addButton\"]"}
COMMAND: POST /session/17ac9b2ed7eebf123703e812e0574450/elements - {"using":"xpath","value":"//button[@data-kt=\"addButton\"]"}
RESULT: {"using":"xpath","value":"//button[@data-kt=\"addButton\"]"}
COMMAND: POST /session/17ac9b2ed7eebf123703e812e0574450/elements - {"using":"xpath","value":"//button[@data-kt=\"addButton\"]"}
RESULT: {"using":"xpath","value":"//button[@data-kt=\"addButton\"]"}
COMMAND: POST /session/17ac9b2ed7eebf123703e812e0574450/elements - {"using":"xpath","value":"//button[@data-kt=\"addButton\"]"}
RESULT: {"using":"xpath","value":"//button[@data-kt=\"addButton\"]"}
COMMAND: POST /session/17ac9b2ed7eebf123703e812e0574450/elements - {"using":"xpath","value":"//button[@data-kt=\"addButton\"]"}
RESULT: {"using":"xpath","value":"//button[@data-kt=\"addButton\"]"}
COMMAND: POST /session/17ac9b2ed7eebf123703e812e0574450/element - {"using":"xpath","value":"//button[@data-kt=\"addButton\"]"}
RESULT: {"using":"xpath","value":"//button[@data-kt=\"addButton\"]"}
COMMAND: POST /session/17ac9b2ed7eebf123703e812e0574450/execute/sync - {"script":"<script> [8489 bytes]","args":[{"element-6066-11e4-a52e-4f735466cecf":"f.025621EB997FE751E0C326B2CEC08C5E.d.0AF4A3693491D2B68AAD8B2F840D4CC3.e.1014","ELEMENT":"f.025621EB997FE751E0C326B2CEC08C5E.d.0AF4A3693491D2B68AAD8B2F840D4CC3.e.1014"}]}
RESULT: {"script":"<script> [8489 bytes]","args":[{"element-6066-11e4-a52e-4f735466cecf":"f.025621EB997FE751E0C326B2CEC08C5E.d.0AF4A3693491D2B68AAD8B2F840D4CC3.e.1014","ELEMENT":"f.025621EB997FE751E0C326B2CEC08C5E.d.0AF4A3693491D2B68AAD8B2F840D4CC3.e.1014"}]}
COMMAND: GET /session/17ac9b2ed7eebf123703e812e0574450/element/f.025621EB997FE751E0C326B2CEC08C5E.d.0AF4A3693491D2B68AAD8B2F840D4CC3.e.1014/enabled - {}
COMMAND: GET /session/17ac9b2ed7eebf123703e812e0574450/screenshot - {}
RESULT: {}
COMMAND: POST /session/17ac9b2ed7eebf123703e812e0574450/execute/sync - {"script":"<script> [8489 bytes]","args":[{"element-6066-11e4-a52e-4f735466cecf":"f.025621EB997FE751E0C326B2CEC08C5E.d.0AF4A3693491D2B68AAD8B2F840D4CC3.e.1014","ELEMENT":"f.025621EB997FE751E0C326B2CEC08C5E.d.0AF4A3693491D2B68AAD8B2F840D4CC3.e.1014"}]}
COMMAND: GET /session/17ac9b2ed7eebf123703e812e0574450/screenshot - {}
RESULT: {}
RESULT: {"script":"<script> [8489 bytes]","args":[{"element-6066-11e4-a52e-4f735466cecf":"f.025621EB997FE751E0C326B2CEC08C5E.d.0AF4A3693491D2B68AAD8B2F840D4CC3.e.1014","ELEMENT":"f.025621EB997FE751E0C326B2CEC08C5E.d.0AF4A3693491D2B68AAD8B2F840D4CC3.e.1014"}]}
COMMAND: POST /session/17ac9b2ed7eebf123703e812e0574450/execute/sync - {"script":"<script> [5351 bytes]","args":[{"element-6066-11e4-a52e-4f735466cecf":"f.025621EB997FE751E0C326B2CEC08C5E.d.0AF4A3693491D2B68AAD8B2F840D4CC3.e.1014","ELEMENT":"f.025621EB997FE751E0C326B2CEC08C5E.d.0AF4A3693491D2B68AAD8B2F840D4CC3.e.1014"}]}
COMMAND: GET /session/17ac9b2ed7eebf123703e812e0574450/screenshot - {}
RESULT: {}
RESULT: {"script":"<script> [5351 bytes]","args":[{"element-6066-11e4-a52e-4f735466cecf":"f.025621EB997FE751E0C326B2CEC08C5E.d.0AF4A3693491D2B68AAD8B2F840D4CC3.e.1014","ELEMENT":"f.025621EB997FE751E0C326B2CEC08C5E.d.0AF4A3693491D2B68AAD8B2F840D4CC3.e.1014"}]}
COMMAND: POST /session/17ac9b2ed7eebf123703e812e0574450/element/f.025621EB997FE751E0C326B2CEC08C5E.d.0AF4A3693491D2B68AAD8B2F840D4CC3.e.1014/click - {}
COMMAND: GET /session/17ac9b2ed7eebf123703e812e0574450/screenshot - {}
RESULT: {}
RESULT: {}
COMMAND: GET /session/17ac9b2ed7eebf123703e812e0574450/screenshot - {}
COMMAND: POST /session/17ac9b2ed7eebf123703e812e0574450/execute/async - {"script":"<script> [1562 bytes]","args":[{"selector":{"id":"application-managepartners-display-component---NewPartner--addressDetailDetailsName1","interaction":{"idSuffix":"inner"}},"wdio_ui5_key":"applicationmanagepartners-display-component---NewPartner--addressDetailDetailsName1"}]}
RESULT: {}
RESULT: {}
RESULT: {"script":"<script> [1562 bytes]","args":[{"selector":{"id":"application-managepartners-display-component---NewPartner--addressDetailDetailsName1","interaction":{"idSuffix":"inner"}},"wdio_ui5_key":"applicationmanagepartners-display-component---NewPartner--addressDetailDetailsName1"}]}
RESULT: undefined
COMMAND: POST /session/17ac9b2ed7eebf123703e812e0574450/execute/async - {"script":"<script> [776 bytes]","args":[{"enterText":"External Partner WDIO","selector":{"id":"application-managepartners-display-component---NewPartner--addressDetailDetailsName1","interaction":{"idSuffix":"inner"}},"clearTextFirst":true,"interactionType":"ENTER_TEXT"}]}
RESULT: {"script":"<script> [776 bytes]","args":[{"enterText":"External Partner WDIO","selector":{"id":"application-managepartners-display-component---NewPartner--addressDetailDetailsName1","interaction":{"idSuffix":"inner"}},"clearTextFirst":true,"interactionType":"ENTER_TEXT"}]}
COMMAND: POST /session/17ac9b2ed7eebf123703e812e0574450/execute/async - {"script":"<script> [1562 bytes]","args":[{"selector":{"id":"application-managepartners-display-component---NewPartner--addressDetailDetailsLanguage-arrow"},"wdio_ui5_key":"applicationmanagepartners-display-component---NewPartner--addressDetailDetailsLanguage-arrow"}]}
RESULT: {"script":"<script> [1562 bytes]","args":[{"selector":{"id":"application-managepartners-display-component---NewPartner--addressDetailDetailsLanguage-arrow"},"wdio_ui5_key":"applicationmanagepartners-display-component---NewPartner--addressDetailDetailsLanguage-arrow"}]}
RESULT: undefined
COMMAND: POST /session/17ac9b2ed7eebf123703e812e0574450/element - {"using":"xpath","value":"//*[@id=\"application-managepartners-display-component---NewPartner--addressDetailDetailsLanguage-arrow\"]"}
RESULT: {"using":"xpath","value":"//*[@id=\"application-managepartners-display-component---NewPartner--addressDetailDetailsLanguage-arrow\"]"}
COMMAND: POST /session/17ac9b2ed7eebf123703e812e0574450/element/f.025621EB997FE751E0C326B2CEC08C5E.d.0AF4A3693491D2B68AAD8B2F840D4CC3.e.1473/click - {}
RESULT: {}
COMMAND: POST /session/17ac9b2ed7eebf123703e812e0574450/element - {"using":"xpath","value":"//span[contains(text(), \"English\")]"}
COMMAND: GET /session/17ac9b2ed7eebf123703e812e0574450/screenshot - {}
RESULT: {"using":"xpath","value":"//span[contains(text(), \"English\")]"}
COMMAND: POST /session/17ac9b2ed7eebf123703e812e0574450/element/f.025621EB997FE751E0C326B2CEC08C5E.d.0AF4A3693491D2B68AAD8B2F840D4CC3.e.1474/click - {}
RESULT: {}
RESULT: {}
COMMAND: GET /session/17ac9b2ed7eebf123703e812e0574450/screenshot - {}
RESULT: {}
COMMAND: POST /session/17ac9b2ed7eebf123703e812e0574450/execute/async - {"script":"<script> [1562 bytes]","args":[{"selector":{"id":"application-managepartners-display-component---NewPartner--addressDetailDetailsCity1","interaction":{"idSuffix":"inner"}},"wdio_ui5_key":"applicationmanagepartners-display-component---NewPartner--addressDetailDetailsCity1"}]}
RESULT: {"script":"<script> [1562 bytes]","args":[{"selector":{"id":"application-managepartners-display-component---NewPartner--addressDetailDetailsCity1","interaction":{"idSuffix":"inner"}},"wdio_ui5_key":"applicationmanagepartners-display-component---NewPartner--addressDetailDetailsCity1"}]}
RESULT: undefined
COMMAND: POST /session/17ac9b2ed7eebf123703e812e0574450/execute/async - {"script":"<script> [776 bytes]","args":[{"enterText":"Rosario","selector":{"id":"application-managepartners-display-component---NewPartner--addressDetailDetailsCity1","interaction":{"idSuffix":"inner"}},"clearTextFirst":true,"interactionType":"ENTER_TEXT"}]}
RESULT: {"script":"<script> [776 bytes]","args":[{"enterText":"Rosario","selector":{"id":"application-managepartners-display-component---NewPartner--addressDetailDetailsCity1","interaction":{"idSuffix":"inner"}},"clearTextFirst":true,"interactionType":"ENTER_TEXT"}]}
COMMAND: POST /session/17ac9b2ed7eebf123703e812e0574450/execute/async - {"script":"<script> [1562 bytes]","args":[{"selector":{"id":"application-managepartners-display-component---NewPartner--addressDetailDetailsCountry-arrow"},"wdio_ui5_key":"applicationmanagepartners-display-component---NewPartner--addressDetailDetailsCountry-arrow"}]}
RESULT: {"script":"<script> [1562 bytes]","args":[{"selector":{"id":"application-managepartners-display-component---NewPartner--addressDetailDetailsCountry-arrow"},"wdio_ui5_key":"applicationmanagepartners-display-component---NewPartner--addressDetailDetailsCountry-arrow"}]}
RESULT: undefined
COMMAND: POST /session/17ac9b2ed7eebf123703e812e0574450/element - {"using":"xpath","value":"//*[@id=\"application-managepartners-display-component---NewPartner--addressDetailDetailsCountry-arrow\"]"}
RESULT: {"using":"xpath","value":"//*[@id=\"application-managepartners-display-component---NewPartner--addressDetailDetailsCountry-arrow\"]"}
COMMAND: POST /session/17ac9b2ed7eebf123703e812e0574450/element/f.025621EB997FE751E0C326B2CEC08C5E.d.0AF4A3693491D2B68AAD8B2F840D4CC3.e.1459/click - {}
RESULT: {}
COMMAND: POST /session/17ac9b2ed7eebf123703e812e0574450/element - {"using":"xpath","value":"//span[contains(text(), \"Argentina\")]"}
COMMAND: GET /session/17ac9b2ed7eebf123703e812e0574450/screenshot - {}
RESULT: {"using":"xpath","value":"//span[contains(text(), \"Argentina\")]"}
COMMAND: POST /session/17ac9b2ed7eebf123703e812e0574450/element/f.025621EB997FE751E0C326B2CEC08C5E.d.0AF4A3693491D2B68AAD8B2F840D4CC3.e.1476/click - {}
RESULT: {}
RESULT: {}
COMMAND: GET /session/17ac9b2ed7eebf123703e812e0574450/screenshot - {}
RESULT: {}
COMMAND: POST /session/17ac9b2ed7eebf123703e812e0574450/element - {"using":"xpath","value":"//bdi[contains(text(), \"Commercial\")]"}
RESULT: {"using":"xpath","value":"//bdi[contains(text(), \"Commercial\")]"}
COMMAND: POST /session/17ac9b2ed7eebf123703e812e0574450/element/f.025621EB997FE751E0C326B2CEC08C5E.d.0AF4A3693491D2B68AAD8B2F840D4CC3.e.1477/click - {}
RESULT: {}
COMMAND: GET /session/17ac9b2ed7eebf123703e812e0574450/screenshot - {}
RESULT: {}
COMMAND: POST /session/17ac9b2ed7eebf123703e812e0574450/execute/async - {"script":"<script> [1562 bytes]","args":[{"selector":{"id":"application-managepartners-display-component---NewPartner--partnerDetailInternal-arrow"},"wdio_ui5_key":"applicationmanagepartners-display-component---NewPartner--partnerDetailInternal-arrow"}]}
RESULT: {"script":"<script> [1562 bytes]","args":[{"selector":{"id":"application-managepartners-display-component---NewPartner--partnerDetailInternal-arrow"},"wdio_ui5_key":"applicationmanagepartners-display-component---NewPartner--partnerDetailInternal-arrow"}]}
RESULT: undefined
COMMAND: POST /session/17ac9b2ed7eebf123703e812e0574450/element - {"using":"xpath","value":"//*[@id=\"application-managepartners-display-component---NewPartner--partnerDetailInternal-arrow\"]"}
RESULT: {"using":"xpath","value":"//*[@id=\"application-managepartners-display-component---NewPartner--partnerDetailInternal-arrow\"]"}
COMMAND: POST /session/17ac9b2ed7eebf123703e812e0574450/element/f.025621EB997FE751E0C326B2CEC08C5E.d.0AF4A3693491D2B68AAD8B2F840D4CC3.e.1483/click - {}
RESULT: {}
COMMAND: POST /session/17ac9b2ed7eebf123703e812e0574450/element - {"using":"xpath","value":"//span[contains(text(), \"External partner\")]"}
COMMAND: GET /session/17ac9b2ed7eebf123703e812e0574450/screenshot - {}
RESULT: {"using":"xpath","value":"//span[contains(text(), \"External partner\")]"}
COMMAND: POST /session/17ac9b2ed7eebf123703e812e0574450/element/f.025621EB997FE751E0C326B2CEC08C5E.d.0AF4A3693491D2B68AAD8B2F840D4CC3.e.1484/click - {}
RESULT: {}
RESULT: {}
COMMAND: POST /session/17ac9b2ed7eebf123703e812e0574450/execute/async - {"script":"<script> [1562 bytes]","args":[{"selector":{"id":"application-managepartners-display-component---NewPartner--partnerDetailsCurrency-arrow"},"wdio_ui5_key":"applicationmanagepartners-display-component---NewPartner--partnerDetailsCurrency-arrow"}]}
COMMAND: GET /session/17ac9b2ed7eebf123703e812e0574450/screenshot - {}
RESULT: {"script":"<script> [1562 bytes]","args":[{"selector":{"id":"application-managepartners-display-component---NewPartner--partnerDetailsCurrency-arrow"},"wdio_ui5_key":"applicationmanagepartners-display-component---NewPartner--partnerDetailsCurrency-arrow"}]}
RESULT: undefined
COMMAND: POST /session/17ac9b2ed7eebf123703e812e0574450/element - {"using":"xpath","value":"//*[@id=\"application-managepartners-display-component---NewPartner--partnerDetailsCurrency-arrow\"]"}
RESULT: {}
RESULT: {"using":"xpath","value":"//*[@id=\"application-managepartners-display-component---NewPartner--partnerDetailsCurrency-arrow\"]"}
COMMAND: POST /session/17ac9b2ed7eebf123703e812e0574450/element/f.025621EB997FE751E0C326B2CEC08C5E.d.0AF4A3693491D2B68AAD8B2F840D4CC3.e.1489/click - {}
RESULT: {}
COMMAND: POST /session/17ac9b2ed7eebf123703e812e0574450/element - {"using":"xpath","value":"//span[contains(text(), \"US Dollar\")]"}
COMMAND: GET /session/17ac9b2ed7eebf123703e812e0574450/screenshot - {}
RESULT: {"using":"xpath","value":"//span[contains(text(), \"US Dollar\")]"}
COMMAND: POST /session/17ac9b2ed7eebf123703e812e0574450/element/f.025621EB997FE751E0C326B2CEC08C5E.d.0AF4A3693491D2B68AAD8B2F840D4CC3.e.1490/click - {}
RESULT: {}
RESULT: {}
COMMAND: GET /session/17ac9b2ed7eebf123703e812e0574450/screenshot - {}
RESULT: {}
COMMAND: POST /session/17ac9b2ed7eebf123703e812e0574450/element - {"using":"xpath","value":"//input[@id=\"application-managepartners-display-component---NewPartner--companyCodeComboBox-inner\"]"}
RESULT: {"using":"xpath","value":"//input[@id=\"application-managepartners-display-component---NewPartner--companyCodeComboBox-inner\"]"}
COMMAND: POST /session/17ac9b2ed7eebf123703e812e0574450/element/f.025621EB997FE751E0C326B2CEC08C5E.d.0AF4A3693491D2B68AAD8B2F840D4CC3.e.1330/clear - {}
RESULT: {}
COMMAND: POST /session/17ac9b2ed7eebf123703e812e0574450/element/f.025621EB997FE751E0C326B2CEC08C5E.d.0AF4A3693491D2B68AAD8B2F840D4CC3.e.1330/value - {"text":"C002"}
COMMAND: GET /session/17ac9b2ed7eebf123703e812e0574450/screenshot - {}
RESULT: {"text":"C002"}
COMMAND: GET /session/17ac9b2ed7eebf123703e812e0574450/screenshot - {}
RESULT: {}
RESULT: {}
COMMAND: POST /session/17ac9b2ed7eebf123703e812e0574450/element - {"using":"xpath","value":"//li[.//span[text()= \"C002\"]]"}
RESULT: {"using":"xpath","value":"//li[.//span[text()= \"C002\"]]"}
COMMAND: POST /session/17ac9b2ed7eebf123703e812e0574450/element/f.025621EB997FE751E0C326B2CEC08C5E.d.0AF4A3693491D2B68AAD8B2F840D4CC3.e.1494/click - {}
RESULT: {}
COMMAND: GET /session/17ac9b2ed7eebf123703e812e0574450/screenshot - {}
RESULT: {}
COMMAND: POST /session/17ac9b2ed7eebf123703e812e0574450/execute/async - {"script":"<script> [1562 bytes]","args":[{"selector":{"controlType":"sap.ui.core.Icon","viewName":"etm.portal.ui.managepartners.view.NewPartner","viewId":"application-managepartners-display-component---NewPartner","properties":{"src":{"regex":{"source":"slim\\-arrow\\-down"}}},"ancestor":{"controlType":"sap.m.ComboBox","viewName":"etm.portal.ui.managepartners.view.NewPartner","viewId":"application-managepartners-display-component---NewPartner","bindingPath":{"path":"","propertyPath":"/CATALOG","modelName":"oNewPartnerModel"}}},"wdio_ui5_key":"etmportal.ui.managepartners.view.NewPartnersap.ui.core.Icon{\"src\":{\"regex\":{\"source\":\"slim\\\\-arrow\\\\-down\"}}}{\"controlType\":\"sap.m.ComboBox\",\"viewName\":\"etm.portal.ui.managepartners.view.NewPartner\",\"viewId\":\"application-managepartners-display-component---NewPartner\",\"bindingPath\":{\"path\":\"\",\"propertyPath\":\"/CATALOG\",\"modelName\":\"oNewPartnerModel\"}}"}]}
RESULT: {"script":"<script> [1562 bytes]","args":[{"selector":{"controlType":"sap.ui.core.Icon","viewName":"etm.portal.ui.managepartners.view.NewPartner","viewId":"application-managepartners-display-component---NewPartner","properties":{"src":{"regex":{"source":"slim\\-arrow\\-down"}}},"ancestor":{"controlType":"sap.m.ComboBox","viewName":"etm.portal.ui.managepartners.view.NewPartner","viewId":"application-managepartners-display-component---NewPartner","bindingPath":{"path":"","propertyPath":"/CATALOG","modelName":"oNewPartnerModel"}}},"wdio_ui5_key":"etmportal.ui.managepartners.view.NewPartnersap.ui.core.Icon{\"src\":{\"regex\":{\"source\":\"slim\\\\-arrow\\\\-down\"}}}{\"controlType\":\"sap.m.ComboBox\",\"viewName\":\"etm.portal.ui.managepartners.view.NewPartner\",\"viewId\":\"application-managepartners-display-component---NewPartner\",\"bindingPath\":{\"path\":\"\",\"propertyPath\":\"/CATALOG\",\"modelName\":\"oNewPartnerModel\"}}"}]}
RESULT: undefined
COMMAND: POST /session/17ac9b2ed7eebf123703e812e0574450/element - {"using":"xpath","value":"//*[@id=\"__box22-arrow\"]"}
RESULT: {"using":"xpath","value":"//*[@id=\"__box22-arrow\"]"}
COMMAND: POST /session/17ac9b2ed7eebf123703e812e0574450/element/f.025621EB997FE751E0C326B2CEC08C5E.d.0AF4A3693491D2B68AAD8B2F840D4CC3.e.1460/click - {}
RESULT: {}
COMMAND: GET /session/17ac9b2ed7eebf123703e812e0574450/screenshot - {}
RESULT: {}
COMMAND: POST /session/17ac9b2ed7eebf123703e812e0574450/element - {"using":"xpath","value":"//ul[contains(@id,\"popup-list-listUl\")]//li[.//span[text()= \"Webshop Catalog\"]]"}
RESULT: {"using":"xpath","value":"//ul[contains(@id,\"popup-list-listUl\")]//li[.//span[text()= \"Webshop Catalog\"]]"}
COMMAND: POST /session/17ac9b2ed7eebf123703e812e0574450/element/f.025621EB997FE751E0C326B2CEC08C5E.d.0AF4A3693491D2B68AAD8B2F840D4CC3.e.1496/click - {}
RESULT: {}
COMMAND: GET /session/17ac9b2ed7eebf123703e812e0574450/screenshot - {}
RESULT: {}
COMMAND: POST /session/17ac9b2ed7eebf123703e812e0574450/execute/async - {"script":"<script> [1562 bytes]","args":[{"selector":{"id":"application-managepartners-display-component---NewPartner--btnAddTableRow-img"},"wdio_ui5_key":"applicationmanagepartners-display-component---NewPartner--btnAddTableRow-img"}]}
RESULT: {"script":"<script> [1562 bytes]","args":[{"selector":{"id":"application-managepartners-display-component---NewPartner--btnAddTableRow-img"},"wdio_ui5_key":"applicationmanagepartners-display-component---NewPartner--btnAddTableRow-img"}]}
RESULT: undefined
COMMAND: POST /session/17ac9b2ed7eebf123703e812e0574450/element - {"using":"xpath","value":"//*[@id=\"application-managepartners-display-component---NewPartner--btnAddTableRow-img\"]"}
RESULT: {"using":"xpath","value":"//*[@id=\"application-managepartners-display-component---NewPartner--btnAddTableRow-img\"]"}
COMMAND: POST /session/17ac9b2ed7eebf123703e812e0574450/element/f.025621EB997FE751E0C326B2CEC08C5E.d.0AF4A3693491D2B68AAD8B2F840D4CC3.e.1497/click - {}
RESULT: {}
COMMAND: GET /session/17ac9b2ed7eebf123703e812e0574450/screenshot - {}
RESULT: {}
COMMAND: POST /session/17ac9b2ed7eebf123703e812e0574450/element - {"using":"xpath","value":"//input[@id=\"application-managepartners-display-component---NewPartner--assignmentYard-application-managepartners-display-component---NewPartner--assignmentsTable-0-inner\"]"}
RESULT: {"using":"xpath","value":"//input[@id=\"application-managepartners-display-component---NewPartner--assignmentYard-application-managepartners-display-component---NewPartner--assignmentsTable-0-inner\"]"}
COMMAND: POST /session/17ac9b2ed7eebf123703e812e0574450/element/f.025621EB997FE751E0C326B2CEC08C5E.d.0AF4A3693491D2B68AAD8B2F840D4CC3.e.1500/clear - {}
RESULT: {}
COMMAND: POST /session/17ac9b2ed7eebf123703e812e0574450/element/f.025621EB997FE751E0C326B2CEC08C5E.d.0AF4A3693491D2B68AAD8B2F840D4CC3.e.1500/value - {"text":"590"}
COMMAND: GET /session/17ac9b2ed7eebf123703e812e0574450/screenshot - {}
RESULT: {"text":"590"}
COMMAND: GET /session/17ac9b2ed7eebf123703e812e0574450/screenshot - {}
RESULT: {}
RESULT: {}
COMMAND: POST /session/17ac9b2ed7eebf123703e812e0574450/element - {"using":"xpath","value":"//li[.//span[text()='590']]"}
RESULT: {"using":"xpath","value":"//li[.//span[text()='590']]"}
COMMAND: POST /session/17ac9b2ed7eebf123703e812e0574450/element/f.025621EB997FE751E0C326B2CEC08C5E.d.0AF4A3693491D2B68AAD8B2F840D4CC3.e.1508/click - {}
RESULT: {}
COMMAND: GET /session/17ac9b2ed7eebf123703e812e0574450/screenshot - {}
RESULT: {}
COMMAND: POST /session/17ac9b2ed7eebf123703e812e0574450/actions - {"actions":[{"id":"action2","type":"key","parameters":{},"actions":[{"type":"keyDown","value":"î€‡"},{"type":"pause","duration":10},{"type":"keyUp","value":"î€‡"}]}]}
RESULT: {"actions":[{"id":"action2","type":"key","parameters":{},"actions":[{"type":"keyDown","value":"î€‡"},{"type":"pause","duration":10},{"type":"keyUp","value":"î€‡"}]}]}
COMMAND: POST /session/17ac9b2ed7eebf123703e812e0574450/element - {"using":"xpath","value":"//td[contains(@id, \"assignmentsTable-0-cell2\")]/div/div"}
COMMAND: GET /session/17ac9b2ed7eebf123703e812e0574450/screenshot - {}
RESULT: {"using":"xpath","value":"//td[contains(@id, \"assignmentsTable-0-cell2\")]/div/div"}
COMMAND: POST /session/17ac9b2ed7eebf123703e812e0574450/element/f.025621EB997FE751E0C326B2CEC08C5E.d.0AF4A3693491D2B68AAD8B2F840D4CC3.e.1511/click - {}
RESULT: {}
RESULT: {}
COMMAND: GET /session/17ac9b2ed7eebf123703e812e0574450/screenshot - {}
RESULT: {}
COMMAND: POST /session/17ac9b2ed7eebf123703e812e0574450/element - {"using":"xpath","value":"//button[@data-kt=\"saveButton\"]"}
RESULT: {"using":"xpath","value":"//button[@data-kt=\"saveButton\"]"}
COMMAND: POST /session/17ac9b2ed7eebf123703e812e0574450/element/f.025621EB997FE751E0C326B2CEC08C5E.d.0AF4A3693491D2B68AAD8B2F840D4CC3.e.1455/click - {}
RESULT: {}
COMMAND: GET /session/17ac9b2ed7eebf123703e812e0574450/screenshot - {}
RESULT: {}
COMMAND: POST /session/17ac9b2ed7eebf123703e812e0574450/element - {"using":"xpath","value":"//header[contains(@id, 'ObjectPageLayout-headerTitle')]/div[1]/div[2]/div[2]/span[1]"}
RESULT: {"using":"xpath","value":"//header[contains(@id, 'ObjectPageLayout-headerTitle')]/div[1]/div[2]/div[2]/span[1]"}
COMMAND: POST /session/17ac9b2ed7eebf123703e812e0574450/elements - {"using":"xpath","value":"//header[contains(@id, 'ObjectPageLayout-headerTitle')]/div[1]/div[2]/div[2]/span[1]"}
RESULT: {"using":"xpath","value":"//header[contains(@id, 'ObjectPageLayout-headerTitle')]/div[1]/div[2]/div[2]/span[1]"}
COMMAND: POST /session/17ac9b2ed7eebf123703e812e0574450/execute/sync - {"script":"<script> [56 bytes]","args":[{"element-6066-11e4-a52e-4f735466cecf":"f.025621EB997FE751E0C326B2CEC08C5E.d.0AF4A3693491D2B68AAD8B2F840D4CC3.e.1673","ELEMENT":"f.025621EB997FE751E0C326B2CEC08C5E.d.0AF4A3693491D2B68AAD8B2F840D4CC3.e.1673"}]}
RESULT: {"script":"<script> [56 bytes]","args":[{"element-6066-11e4-a52e-4f735466cecf":"f.025621EB997FE751E0C326B2CEC08C5E.d.0AF4A3693491D2B68AAD8B2F840D4CC3.e.1673","ELEMENT":"f.025621EB997FE751E0C326B2CEC08C5E.d.0AF4A3693491D2B68AAD8B2F840D4CC3.e.1673"}]}
COMMAND: POST /session/17ac9b2ed7eebf123703e812e0574450/element - {"using":"css selector","value":"#shell-header-logo"}
COMMAND: GET /session/17ac9b2ed7eebf123703e812e0574450/screenshot - {}
RESULT: {"using":"css selector","value":"#shell-header-logo"}
COMMAND: POST /session/17ac9b2ed7eebf123703e812e0574450/element/f.025621EB997FE751E0C326B2CEC08C5E.d.0AF4A3693491D2B68AAD8B2F840D4CC3.e.980/click - {}
RESULT: {}
RESULT: {}
COMMAND: GET /session/17ac9b2ed7eebf123703e812e0574450/screenshot - {}
RESULT: {}
COMMAND: POST /session/17ac9b2ed7eebf123703e812e0574450/execute/sync - {"script":"<script> [299 bytes]","args":[["getModel","getResource"]]}
RESULT: {"script":"<script> [299 bytes]","args":[["getModel","getResource"]]}
]]></system-out>
    </testcase>
    <testcase classname="chrome.136_0_7103_93.windows.Stock_increase_-_with_WHM_US125587" name="Should create a new WHM site" time="157.464">
      <system-out><![CDATA[
COMMAND: POST /session/17ac9b2ed7eebf123703e812e0574450/execute/async - {"script":"<script> [1562 bytes]","args":[{"selector":{"controlType":"sap.m.GenericTile","properties":{"header":"Manage Sites"}},"wdio_ui5_key":"sapm.GenericTile{\"header\":\"Manage Sites\"}"}]}
COMMAND: GET /session/17ac9b2ed7eebf123703e812e0574450/screenshot - {}
RESULT: {"script":"<script> [1562 bytes]","args":[{"selector":{"controlType":"sap.m.GenericTile","properties":{"header":"Manage Sites"}},"wdio_ui5_key":"sapm.GenericTile{\"header\":\"Manage Sites\"}"}]}
RESULT: undefined
COMMAND: POST /session/17ac9b2ed7eebf123703e812e0574450/element - {"using":"xpath","value":"//*[@id=\"__tile40\"]"}
RESULT: {}
RESULT: {"using":"xpath","value":"//*[@id=\"__tile40\"]"}
COMMAND: POST /session/17ac9b2ed7eebf123703e812e0574450/element/f.025621EB997FE751E0C326B2CEC08C5E.d.0AF4A3693491D2B68AAD8B2F840D4CC3.e.126/click - {}
RESULT: {}
COMMAND: GET /session/17ac9b2ed7eebf123703e812e0574450/screenshot - {}
RESULT: {}
COMMAND: POST /session/17ac9b2ed7eebf123703e812e0574450/elements - {"using":"xpath","value":"//span[text()='Error']"}
RESULT: {"using":"xpath","value":"//span[text()='Error']"}
COMMAND: POST /session/17ac9b2ed7eebf123703e812e0574450/element - {"using":"xpath","value":"//button[@data-kt=\"addOverflowToolbarButton\"]"}
RESULT: {"using":"xpath","value":"//button[@data-kt=\"addOverflowToolbarButton\"]"}
COMMAND: POST /session/17ac9b2ed7eebf123703e812e0574450/elements - {"using":"xpath","value":"//button[@data-kt=\"addOverflowToolbarButton\"]"}
RESULT: {"using":"xpath","value":"//button[@data-kt=\"addOverflowToolbarButton\"]"}
COMMAND: POST /session/17ac9b2ed7eebf123703e812e0574450/execute/sync - {"script":"<script> [8489 bytes]","args":[{"element-6066-11e4-a52e-4f735466cecf":"f.025621EB997FE751E0C326B2CEC08C5E.d.0AF4A3693491D2B68AAD8B2F840D4CC3.e.1721","ELEMENT":"f.025621EB997FE751E0C326B2CEC08C5E.d.0AF4A3693491D2B68AAD8B2F840D4CC3.e.1721"}]}
RESULT: {"script":"<script> [8489 bytes]","args":[{"element-6066-11e4-a52e-4f735466cecf":"f.025621EB997FE751E0C326B2CEC08C5E.d.0AF4A3693491D2B68AAD8B2F840D4CC3.e.1721","ELEMENT":"f.025621EB997FE751E0C326B2CEC08C5E.d.0AF4A3693491D2B68AAD8B2F840D4CC3.e.1721"}]}
COMMAND: GET /session/17ac9b2ed7eebf123703e812e0574450/element/f.025621EB997FE751E0C326B2CEC08C5E.d.0AF4A3693491D2B68AAD8B2F840D4CC3.e.1721/enabled - {}
COMMAND: GET /session/17ac9b2ed7eebf123703e812e0574450/screenshot - {}
RESULT: {}
COMMAND: POST /session/17ac9b2ed7eebf123703e812e0574450/execute/sync - {"script":"<script> [8489 bytes]","args":[{"element-6066-11e4-a52e-4f735466cecf":"f.025621EB997FE751E0C326B2CEC08C5E.d.0AF4A3693491D2B68AAD8B2F840D4CC3.e.1721","ELEMENT":"f.025621EB997FE751E0C326B2CEC08C5E.d.0AF4A3693491D2B68AAD8B2F840D4CC3.e.1721"}]}
COMMAND: GET /session/17ac9b2ed7eebf123703e812e0574450/screenshot - {}
RESULT: {}
RESULT: {"script":"<script> [8489 bytes]","args":[{"element-6066-11e4-a52e-4f735466cecf":"f.025621EB997FE751E0C326B2CEC08C5E.d.0AF4A3693491D2B68AAD8B2F840D4CC3.e.1721","ELEMENT":"f.025621EB997FE751E0C326B2CEC08C5E.d.0AF4A3693491D2B68AAD8B2F840D4CC3.e.1721"}]}
COMMAND: POST /session/17ac9b2ed7eebf123703e812e0574450/execute/sync - {"script":"<script> [5351 bytes]","args":[{"element-6066-11e4-a52e-4f735466cecf":"f.025621EB997FE751E0C326B2CEC08C5E.d.0AF4A3693491D2B68AAD8B2F840D4CC3.e.1721","ELEMENT":"f.025621EB997FE751E0C326B2CEC08C5E.d.0AF4A3693491D2B68AAD8B2F840D4CC3.e.1721"}]}
COMMAND: GET /session/17ac9b2ed7eebf123703e812e0574450/screenshot - {}
RESULT: {}
RESULT: {"script":"<script> [5351 bytes]","args":[{"element-6066-11e4-a52e-4f735466cecf":"f.025621EB997FE751E0C326B2CEC08C5E.d.0AF4A3693491D2B68AAD8B2F840D4CC3.e.1721","ELEMENT":"f.025621EB997FE751E0C326B2CEC08C5E.d.0AF4A3693491D2B68AAD8B2F840D4CC3.e.1721"}]}
COMMAND: POST /session/17ac9b2ed7eebf123703e812e0574450/element/f.025621EB997FE751E0C326B2CEC08C5E.d.0AF4A3693491D2B68AAD8B2F840D4CC3.e.1721/click - {}
COMMAND: GET /session/17ac9b2ed7eebf123703e812e0574450/screenshot - {}
RESULT: {}
RESULT: {}
COMMAND: GET /session/17ac9b2ed7eebf123703e812e0574450/screenshot - {}
COMMAND: POST /session/17ac9b2ed7eebf123703e812e0574450/element - {"using":"xpath","value":"//input[@id=\"application-managesites-display-component---NewSite--siteId-inner\"]"}
RESULT: {}
RESULT: {}
RESULT: {"using":"xpath","value":"//input[@id=\"application-managesites-display-component---NewSite--siteId-inner\"]"}
COMMAND: POST /session/17ac9b2ed7eebf123703e812e0574450/element - {"using":"xpath","value":"//input[@id=\"application-managesites-display-component---NewSite--siteId-inner\"]"}
RESULT: {"using":"xpath","value":"//input[@id=\"application-managesites-display-component---NewSite--siteId-inner\"]"}
COMMAND: POST /session/17ac9b2ed7eebf123703e812e0574450/execute/async - {"script":"<script> [1562 bytes]","args":[{"selector":{"id":"application-managesites-display-component---NewSite--addressDetailDetailsName1","interaction":{"idSuffix":"inner"}},"wdio_ui5_key":"applicationmanagesites-display-component---NewSite--addressDetailDetailsName1"}]}
RESULT: {"script":"<script> [1562 bytes]","args":[{"selector":{"id":"application-managesites-display-component---NewSite--addressDetailDetailsName1","interaction":{"idSuffix":"inner"}},"wdio_ui5_key":"applicationmanagesites-display-component---NewSite--addressDetailDetailsName1"}]}
RESULT: undefined
COMMAND: POST /session/17ac9b2ed7eebf123703e812e0574450/execute/async - {"script":"<script> [776 bytes]","args":[{"enterText":"Warehouse Managed Site WDIO","selector":{"id":"application-managesites-display-component---NewSite--addressDetailDetailsName1","interaction":{"idSuffix":"inner"}},"clearTextFirst":true,"interactionType":"ENTER_TEXT"}]}
RESULT: {"script":"<script> [776 bytes]","args":[{"enterText":"Warehouse Managed Site WDIO","selector":{"id":"application-managesites-display-component---NewSite--addressDetailDetailsName1","interaction":{"idSuffix":"inner"}},"clearTextFirst":true,"interactionType":"ENTER_TEXT"}]}
COMMAND: POST /session/17ac9b2ed7eebf123703e812e0574450/execute/async - {"script":"<script> [1562 bytes]","args":[{"selector":{"id":"application-managesites-display-component---NewSite--addressDetailDetailsLanguage-arrow"},"wdio_ui5_key":"applicationmanagesites-display-component---NewSite--addressDetailDetailsLanguage-arrow"}]}
RESULT: {"script":"<script> [1562 bytes]","args":[{"selector":{"id":"application-managesites-display-component---NewSite--addressDetailDetailsLanguage-arrow"},"wdio_ui5_key":"applicationmanagesites-display-component---NewSite--addressDetailDetailsLanguage-arrow"}]}
RESULT: undefined
COMMAND: POST /session/17ac9b2ed7eebf123703e812e0574450/element - {"using":"xpath","value":"//*[@id=\"application-managesites-display-component---NewSite--addressDetailDetailsLanguage-arrow\"]"}
RESULT: {"using":"xpath","value":"//*[@id=\"application-managesites-display-component---NewSite--addressDetailDetailsLanguage-arrow\"]"}
COMMAND: POST /session/17ac9b2ed7eebf123703e812e0574450/element/f.025621EB997FE751E0C326B2CEC08C5E.d.0AF4A3693491D2B68AAD8B2F840D4CC3.e.2127/click - {}
RESULT: {}
COMMAND: POST /session/17ac9b2ed7eebf123703e812e0574450/element - {"using":"xpath","value":"//span[contains(text(), \"English\")]"}
COMMAND: GET /session/17ac9b2ed7eebf123703e812e0574450/screenshot - {}
RESULT: {"using":"xpath","value":"//span[contains(text(), \"English\")]"}
COMMAND: POST /session/17ac9b2ed7eebf123703e812e0574450/element/f.025621EB997FE751E0C326B2CEC08C5E.d.0AF4A3693491D2B68AAD8B2F840D4CC3.e.2128/click - {}
RESULT: {}
RESULT: {}
COMMAND: POST /session/17ac9b2ed7eebf123703e812e0574450/execute/async - {"script":"<script> [1562 bytes]","args":[{"selector":{"id":"application-managesites-display-component---NewSite--addressDetailDetailsCity1","interaction":{"idSuffix":"inner"}},"wdio_ui5_key":"applicationmanagesites-display-component---NewSite--addressDetailDetailsCity1"}]}
COMMAND: GET /session/17ac9b2ed7eebf123703e812e0574450/screenshot - {}
RESULT: {"script":"<script> [1562 bytes]","args":[{"selector":{"id":"application-managesites-display-component---NewSite--addressDetailDetailsCity1","interaction":{"idSuffix":"inner"}},"wdio_ui5_key":"applicationmanagesites-display-component---NewSite--addressDetailDetailsCity1"}]}
RESULT: undefined
COMMAND: POST /session/17ac9b2ed7eebf123703e812e0574450/execute/async - {"script":"<script> [776 bytes]","args":[{"enterText":"Rosario","selector":{"id":"application-managesites-display-component---NewSite--addressDetailDetailsCity1","interaction":{"idSuffix":"inner"}},"clearTextFirst":true,"interactionType":"ENTER_TEXT"}]}
RESULT: {}
RESULT: {"script":"<script> [776 bytes]","args":[{"enterText":"Rosario","selector":{"id":"application-managesites-display-component---NewSite--addressDetailDetailsCity1","interaction":{"idSuffix":"inner"}},"clearTextFirst":true,"interactionType":"ENTER_TEXT"}]}
COMMAND: POST /session/17ac9b2ed7eebf123703e812e0574450/execute/async - {"script":"<script> [1562 bytes]","args":[{"selector":{"id":"application-managesites-display-component---NewSite--addressDetailDetailsCountry-arrow"},"wdio_ui5_key":"applicationmanagesites-display-component---NewSite--addressDetailDetailsCountry-arrow"}]}
RESULT: {"script":"<script> [1562 bytes]","args":[{"selector":{"id":"application-managesites-display-component---NewSite--addressDetailDetailsCountry-arrow"},"wdio_ui5_key":"applicationmanagesites-display-component---NewSite--addressDetailDetailsCountry-arrow"}]}
RESULT: undefined
COMMAND: POST /session/17ac9b2ed7eebf123703e812e0574450/element - {"using":"xpath","value":"//*[@id=\"application-managesites-display-component---NewSite--addressDetailDetailsCountry-arrow\"]"}
RESULT: {"using":"xpath","value":"//*[@id=\"application-managesites-display-component---NewSite--addressDetailDetailsCountry-arrow\"]"}
COMMAND: POST /session/17ac9b2ed7eebf123703e812e0574450/element/f.025621EB997FE751E0C326B2CEC08C5E.d.0AF4A3693491D2B68AAD8B2F840D4CC3.e.2130/click - {}
RESULT: {}
COMMAND: POST /session/17ac9b2ed7eebf123703e812e0574450/element - {"using":"xpath","value":"//span[contains(text(), \"Argentina\")]"}
COMMAND: GET /session/17ac9b2ed7eebf123703e812e0574450/screenshot - {}
RESULT: {"using":"xpath","value":"//span[contains(text(), \"Argentina\")]"}
COMMAND: POST /session/17ac9b2ed7eebf123703e812e0574450/element/f.025621EB997FE751E0C326B2CEC08C5E.d.0AF4A3693491D2B68AAD8B2F840D4CC3.e.2131/click - {}
RESULT: {}
RESULT: {}
COMMAND: GET /session/17ac9b2ed7eebf123703e812e0574450/screenshot - {}
RESULT: {}
COMMAND: POST /session/17ac9b2ed7eebf123703e812e0574450/execute/async - {"script":"<script> [1562 bytes]","args":[{"selector":{"id":"application-managesites-display-component---NewSite--addressEditDetailsCostObjectCstType-arrow"},"wdio_ui5_key":"applicationmanagesites-display-component---NewSite--addressEditDetailsCostObjectCstType-arrow"}]}
RESULT: {"script":"<script> [1562 bytes]","args":[{"selector":{"id":"application-managesites-display-component---NewSite--addressEditDetailsCostObjectCstType-arrow"},"wdio_ui5_key":"applicationmanagesites-display-component---NewSite--addressEditDetailsCostObjectCstType-arrow"}]}
RESULT: undefined
COMMAND: POST /session/17ac9b2ed7eebf123703e812e0574450/element - {"using":"xpath","value":"//*[@id=\"application-managesites-display-component---NewSite--addressEditDetailsCostObjectCstType-arrow\"]"}
RESULT: {"using":"xpath","value":"//*[@id=\"application-managesites-display-component---NewSite--addressEditDetailsCostObjectCstType-arrow\"]"}
COMMAND: POST /session/17ac9b2ed7eebf123703e812e0574450/element/f.025621EB997FE751E0C326B2CEC08C5E.d.0AF4A3693491D2B68AAD8B2F840D4CC3.e.2133/click - {}
RESULT: {}
COMMAND: POST /session/17ac9b2ed7eebf123703e812e0574450/element - {"using":"xpath","value":"//span[contains(text(), \"Cost Center\")]"}
COMMAND: GET /session/17ac9b2ed7eebf123703e812e0574450/screenshot - {}
RESULT: {"using":"xpath","value":"//span[contains(text(), \"Cost Center\")]"}
COMMAND: POST /session/17ac9b2ed7eebf123703e812e0574450/element/f.025621EB997FE751E0C326B2CEC08C5E.d.0AF4A3693491D2B68AAD8B2F840D4CC3.e.2135/click - {}
RESULT: {}
RESULT: {}
COMMAND: GET /session/17ac9b2ed7eebf123703e812e0574450/screenshot - {}
RESULT: {}
COMMAND: POST /session/17ac9b2ed7eebf123703e812e0574450/element - {"using":"xpath","value":"//span[@id=\"application-managesites-display-component---NewSite--addressNewCostObjectCstID-vhi\"]"}
RESULT: {"using":"xpath","value":"//span[@id=\"application-managesites-display-component---NewSite--addressNewCostObjectCstID-vhi\"]"}
COMMAND: POST /session/17ac9b2ed7eebf123703e812e0574450/execute/sync - {"script":"<script> [8489 bytes]","args":[{"element-6066-11e4-a52e-4f735466cecf":"f.025621EB997FE751E0C326B2CEC08C5E.d.0AF4A3693491D2B68AAD8B2F840D4CC3.e.2139","ELEMENT":"f.025621EB997FE751E0C326B2CEC08C5E.d.0AF4A3693491D2B68AAD8B2F840D4CC3.e.2139"}]}
RESULT: {"script":"<script> [8489 bytes]","args":[{"element-6066-11e4-a52e-4f735466cecf":"f.025621EB997FE751E0C326B2CEC08C5E.d.0AF4A3693491D2B68AAD8B2F840D4CC3.e.2139","ELEMENT":"f.025621EB997FE751E0C326B2CEC08C5E.d.0AF4A3693491D2B68AAD8B2F840D4CC3.e.2139"}]}
COMMAND: POST /session/17ac9b2ed7eebf123703e812e0574450/execute/async - {"script":"<script> [1562 bytes]","args":[{"selector":{"id":"application-managesites-display-component---NewSite--addressNewCostObjectCstID-vhi"},"wdio_ui5_key":"applicationmanagesites-display-component---NewSite--addressNewCostObjectCstID-vhi"}]}
COMMAND: GET /session/17ac9b2ed7eebf123703e812e0574450/screenshot - {}
RESULT: {"script":"<script> [1562 bytes]","args":[{"selector":{"id":"application-managesites-display-component---NewSite--addressNewCostObjectCstID-vhi"},"wdio_ui5_key":"applicationmanagesites-display-component---NewSite--addressNewCostObjectCstID-vhi"}]}
RESULT: undefined
COMMAND: POST /session/17ac9b2ed7eebf123703e812e0574450/element - {"using":"xpath","value":"//*[@id=\"application-managesites-display-component---NewSite--addressNewCostObjectCstID-vhi\"]"}
RESULT: {}
RESULT: {"using":"xpath","value":"//*[@id=\"application-managesites-display-component---NewSite--addressNewCostObjectCstID-vhi\"]"}
COMMAND: POST /session/17ac9b2ed7eebf123703e812e0574450/element/f.025621EB997FE751E0C326B2CEC08C5E.d.0AF4A3693491D2B68AAD8B2F840D4CC3.e.2139/click - {}
RESULT: {}
COMMAND: GET /session/17ac9b2ed7eebf123703e812e0574450/screenshot - {}
RESULT: {}
RESULT: undefined
COMMAND: POST /session/17ac9b2ed7eebf123703e812e0574450/execute/async - {"script":"<script> [776 bytes]","args":[{"enterText":"10001013","selector":{"controlType":"sap.m.SearchField","properties":{"placeholder":"Search"},"searchOpenDialogs":true,"interaction":{"idSuffix":"I"}},"clearTextFirst":true,"interactionType":"ENTER_TEXT"}]}
RESULT: {"script":"<script> [776 bytes]","args":[{"enterText":"10001013","selector":{"controlType":"sap.m.SearchField","properties":{"placeholder":"Search"},"searchOpenDialogs":true,"interaction":{"idSuffix":"I"}},"clearTextFirst":true,"interactionType":"ENTER_TEXT"}]}
COMMAND: POST /session/17ac9b2ed7eebf123703e812e0574450/actions - {"actions":[{"id":"action3","type":"key","parameters":{},"actions":[{"type":"keyDown","value":"î€‡"},{"type":"pause","duration":10},{"type":"keyUp","value":"î€‡"}]}]}
RESULT: {"actions":[{"id":"action3","type":"key","parameters":{},"actions":[{"type":"keyDown","value":"î€‡"},{"type":"pause","duration":10},{"type":"keyUp","value":"î€‡"}]}]}
COMMAND: GET /session/17ac9b2ed7eebf123703e812e0574450/screenshot - {}
RESULT: {}
COMMAND: POST /session/17ac9b2ed7eebf123703e812e0574450/element - {"using":"xpath","value":"//span[contains(text(), \"General Management\")]"}
RESULT: {"using":"xpath","value":"//span[contains(text(), \"General Management\")]"}
COMMAND: POST /session/17ac9b2ed7eebf123703e812e0574450/element/f.025621EB997FE751E0C326B2CEC08C5E.d.0AF4A3693491D2B68AAD8B2F840D4CC3.e.2179/click - {}
RESULT: {}
COMMAND: GET /session/17ac9b2ed7eebf123703e812e0574450/screenshot - {}
RESULT: {}
COMMAND: POST /session/17ac9b2ed7eebf123703e812e0574450/element - {"using":"xpath","value":"//bdi[contains(text(), \"OK\")]"}
RESULT: {"using":"xpath","value":"//bdi[contains(text(), \"OK\")]"}
COMMAND: POST /session/17ac9b2ed7eebf123703e812e0574450/element/f.025621EB997FE751E0C326B2CEC08C5E.d.0AF4A3693491D2B68AAD8B2F840D4CC3.e.2180/click - {}
RESULT: {}
COMMAND: GET /session/17ac9b2ed7eebf123703e812e0574450/screenshot - {}
RESULT: {}
COMMAND: POST /session/17ac9b2ed7eebf123703e812e0574450/element - {"using":"xpath","value":"//input[@id=\"application-managesites-display-component---NewSite--addressDetailDetailsCalendar-inner\"]"}
RESULT: {"using":"xpath","value":"//input[@id=\"application-managesites-display-component---NewSite--addressDetailDetailsCalendar-inner\"]"}
COMMAND: POST /session/17ac9b2ed7eebf123703e812e0574450/element/f.025621EB997FE751E0C326B2CEC08C5E.d.0AF4A3693491D2B68AAD8B2F840D4CC3.e.1956/clear - {}
RESULT: {}
COMMAND: POST /session/17ac9b2ed7eebf123703e812e0574450/element/f.025621EB997FE751E0C326B2CEC08C5E.d.0AF4A3693491D2B68AAD8B2F840D4CC3.e.1956/value - {"text":"Unit"}
COMMAND: GET /session/17ac9b2ed7eebf123703e812e0574450/screenshot - {}
RESULT: {"text":"Unit"}
COMMAND: GET /session/17ac9b2ed7eebf123703e812e0574450/screenshot - {}
RESULT: {}
RESULT: {}
COMMAND: POST /session/17ac9b2ed7eebf123703e812e0574450/actions - {"actions":[{"id":"action4","type":"key","parameters":{},"actions":[{"type":"keyDown","value":"î€‡"},{"type":"pause","duration":10},{"type":"keyUp","value":"î€‡"}]}]}
RESULT: {"actions":[{"id":"action4","type":"key","parameters":{},"actions":[{"type":"keyDown","value":"î€‡"},{"type":"pause","duration":10},{"type":"keyUp","value":"î€‡"}]}]}
COMMAND: POST /session/17ac9b2ed7eebf123703e812e0574450/element - {"using":"xpath","value":"//input[@id=\"application-managesites-display-component---NewSite--addressDetailDetailsYard-inner\"]"}
COMMAND: GET /session/17ac9b2ed7eebf123703e812e0574450/screenshot - {}
RESULT: {"using":"xpath","value":"//input[@id=\"application-managesites-display-component---NewSite--addressDetailDetailsYard-inner\"]"}
COMMAND: POST /session/17ac9b2ed7eebf123703e812e0574450/element/f.025621EB997FE751E0C326B2CEC08C5E.d.0AF4A3693491D2B68AAD8B2F840D4CC3.e.1957/clear - {}
RESULT: {}
RESULT: {}
COMMAND: POST /session/17ac9b2ed7eebf123703e812e0574450/element/f.025621EB997FE751E0C326B2CEC08C5E.d.0AF4A3693491D2B68AAD8B2F840D4CC3.e.1957/value - {"text":"590"}
COMMAND: GET /session/17ac9b2ed7eebf123703e812e0574450/screenshot - {}
RESULT: {"text":"590"}
COMMAND: GET /session/17ac9b2ed7eebf123703e812e0574450/screenshot - {}
RESULT: {}
RESULT: {}
COMMAND: POST /session/17ac9b2ed7eebf123703e812e0574450/element - {"using":"xpath","value":"//li[.//span[text()='590']]"}
RESULT: {"using":"xpath","value":"//li[.//span[text()='590']]"}
COMMAND: POST /session/17ac9b2ed7eebf123703e812e0574450/element/f.025621EB997FE751E0C326B2CEC08C5E.d.0AF4A3693491D2B68AAD8B2F840D4CC3.e.2188/click - {}
RESULT: {}
COMMAND: GET /session/17ac9b2ed7eebf123703e812e0574450/screenshot - {}
RESULT: {}
COMMAND: POST /session/17ac9b2ed7eebf123703e812e0574450/element - {"using":"xpath","value":"//input[@id=\"application-managesites-display-component---NewSite--addressDetailDetailsPartner-inner\"]"}
RESULT: {"using":"xpath","value":"//input[@id=\"application-managesites-display-component---NewSite--addressDetailDetailsPartner-inner\"]"}
COMMAND: POST /session/17ac9b2ed7eebf123703e812e0574450/element - {"using":"xpath","value":"//input[@id=\"application-managesites-display-component---NewSite--addressDetailDetailsPartner-inner\"]"}
RESULT: {"using":"xpath","value":"//input[@id=\"application-managesites-display-component---NewSite--addressDetailDetailsPartner-inner\"]"}
COMMAND: POST /session/17ac9b2ed7eebf123703e812e0574450/execute/async - {"script":"<script> [1562 bytes]","args":[{"selector":{"id":"application-managesites-display-component---NewSite--siteWhmCheckBox-label","interaction":{"idSuffix":"bdi"}},"wdio_ui5_key":"applicationmanagesites-display-component---NewSite--siteWhmCheckBox-label"}]}
RESULT: {"script":"<script> [1562 bytes]","args":[{"selector":{"id":"application-managesites-display-component---NewSite--siteWhmCheckBox-label","interaction":{"idSuffix":"bdi"}},"wdio_ui5_key":"applicationmanagesites-display-component---NewSite--siteWhmCheckBox-label"}]}
RESULT: undefined
COMMAND: POST /session/17ac9b2ed7eebf123703e812e0574450/element - {"using":"xpath","value":"//*[@id=\"application-managesites-display-component---NewSite--siteWhmCheckBox-label\"]"}
RESULT: {"using":"xpath","value":"//*[@id=\"application-managesites-display-component---NewSite--siteWhmCheckBox-label\"]"}
COMMAND: POST /session/17ac9b2ed7eebf123703e812e0574450/element/f.025621EB997FE751E0C326B2CEC08C5E.d.0AF4A3693491D2B68AAD8B2F840D4CC3.e.2190/click - {}
RESULT: {}
COMMAND: GET /session/17ac9b2ed7eebf123703e812e0574450/screenshot - {}
RESULT: {}
COMMAND: POST /session/17ac9b2ed7eebf123703e812e0574450/element - {"using":"xpath","value":"//button[@data-kt=\"saveButton\"]"}
RESULT: {"using":"xpath","value":"//button[@data-kt=\"saveButton\"]"}
COMMAND: POST /session/17ac9b2ed7eebf123703e812e0574450/element/f.025621EB997FE751E0C326B2CEC08C5E.d.0AF4A3693491D2B68AAD8B2F840D4CC3.e.2112/click - {}
RESULT: {}
COMMAND: GET /session/17ac9b2ed7eebf123703e812e0574450/screenshot - {}
RESULT: {}
COMMAND: POST /session/17ac9b2ed7eebf123703e812e0574450/element - {"using":"xpath","value":"//header[contains(@id, 'ObjectPageLayout-headerTitle')]/div[1]/div[2]/div[2]/span[1]"}
RESULT: {"using":"xpath","value":"//header[contains(@id, 'ObjectPageLayout-headerTitle')]/div[1]/div[2]/div[2]/span[1]"}
COMMAND: POST /session/17ac9b2ed7eebf123703e812e0574450/elements - {"using":"xpath","value":"//header[contains(@id, 'ObjectPageLayout-headerTitle')]/div[1]/div[2]/div[2]/span[1]"}
RESULT: {"using":"xpath","value":"//header[contains(@id, 'ObjectPageLayout-headerTitle')]/div[1]/div[2]/div[2]/span[1]"}
COMMAND: POST /session/17ac9b2ed7eebf123703e812e0574450/execute/sync - {"script":"<script> [56 bytes]","args":[{"element-6066-11e4-a52e-4f735466cecf":"f.025621EB997FE751E0C326B2CEC08C5E.d.0AF4A3693491D2B68AAD8B2F840D4CC3.e.2394","ELEMENT":"f.025621EB997FE751E0C326B2CEC08C5E.d.0AF4A3693491D2B68AAD8B2F840D4CC3.e.2394"}]}
RESULT: {"script":"<script> [56 bytes]","args":[{"element-6066-11e4-a52e-4f735466cecf":"f.025621EB997FE751E0C326B2CEC08C5E.d.0AF4A3693491D2B68AAD8B2F840D4CC3.e.2394","ELEMENT":"f.025621EB997FE751E0C326B2CEC08C5E.d.0AF4A3693491D2B68AAD8B2F840D4CC3.e.2394"}]}
COMMAND: POST /session/17ac9b2ed7eebf123703e812e0574450/element - {"using":"css selector","value":"#shell-header-logo"}
COMMAND: GET /session/17ac9b2ed7eebf123703e812e0574450/screenshot - {}
RESULT: {"using":"css selector","value":"#shell-header-logo"}
COMMAND: POST /session/17ac9b2ed7eebf123703e812e0574450/element/f.025621EB997FE751E0C326B2CEC08C5E.d.0AF4A3693491D2B68AAD8B2F840D4CC3.e.1678/click - {}
RESULT: {}
RESULT: {}
COMMAND: GET /session/17ac9b2ed7eebf123703e812e0574450/screenshot - {}
RESULT: {}
COMMAND: POST /session/17ac9b2ed7eebf123703e812e0574450/execute/sync - {"script":"<script> [299 bytes]","args":[["getModel","getResource"]]}
RESULT: {"script":"<script> [299 bytes]","args":[["getModel","getResource"]]}
COMMAND: POST /session/17ac9b2ed7eebf123703e812e0574450/actions - {"actions":[{"id":"action5","type":"key","parameters":{},"actions":[{"type":"keyDown","value":"î€‡"},{"type":"pause","duration":10},{"type":"keyUp","value":"î€‡"}]}]}
COMMAND: GET /session/17ac9b2ed7eebf123703e812e0574450/screenshot - {}
RESULT: {"actions":[{"id":"action5","type":"key","parameters":{},"actions":[{"type":"keyDown","value":"î€‡"},{"type":"pause","duration":10},{"type":"keyUp","value":"î€‡"}]}]}
COMMAND: GET /session/17ac9b2ed7eebf123703e812e0574450/screenshot - {}
RESULT: {}
RESULT: {}
COMMAND: POST /session/17ac9b2ed7eebf123703e812e0574450/refresh - {}
RESULT: {}
COMMAND: GET /session/17ac9b2ed7eebf123703e812e0574450/screenshot - {}
RESULT: {}
COMMAND: POST /session/17ac9b2ed7eebf123703e812e0574450/refresh - {}
RESULT: {}
COMMAND: GET /session/17ac9b2ed7eebf123703e812e0574450/screenshot - {}
RESULT: {}
COMMAND: POST /session/17ac9b2ed7eebf123703e812e0574450/window/fullscreen - {}
RESULT: {}
COMMAND: POST /session/17ac9b2ed7eebf123703e812e0574450/execute/async - {"script":"<script> [189 bytes]","args":[]}
RESULT: {"script":"<script> [189 bytes]","args":[]}
COMMAND: POST /session/17ac9b2ed7eebf123703e812e0574450/execute/async - {"script":"<script> [123 bytes]","args":[]}
RESULT: {"script":"<script> [123 bytes]","args":[]}
COMMAND: POST /session/17ac9b2ed7eebf123703e812e0574450/timeouts - {"script":"<number>"}
RESULT: {"script":"<number>"}
COMMAND: GET /session/17ac9b2ed7eebf123703e812e0574450/timeouts - {}
RESULT: {}
RESULT: undefined
COMMAND: POST /session/17ac9b2ed7eebf123703e812e0574450/execute/async - {"script":"<script> [2676 bytes]","args":[]}
RESULT: {"script":"<script> [2676 bytes]","args":[]}
COMMAND: POST /session/17ac9b2ed7eebf123703e812e0574450/execute/async - {"script":"<script> [2342 bytes]","args":[{"protocol":"http","hostname":"0.0.0.0","path":"/","capabilities":{"browserName":"chrome","goog:chromeOptions":{"binary":"C:\\Program Files\\Google\\Chrome\\Application\\chrome.exe","args":["--start-maximized"]}},"logLevel":"warn","connectionRetryTimeout":120000,"connectionRetryCount":3,"logLevels":{},"enableDirectConnect":true,"strictSSL":true,"_":"65 more keys: [\"cacheDir\",\"port\",\"requestedCapabilities\",\"automationProtocol\",\"baseUrl\",\"waitforInterval\",\"waitforTimeout\",\"onReload\",\"beforeCommand\",\"afterCommand\",\"rootDir\",\"specs\",\"suites\",\"exclude\",\"groupLogsByTestSpec\",\"excludeDriverLogs\",\"bail\",\"framework\",\"reporters\",\"services\",\"maxInstances\",\"maxInstancesPerCapability\",\"injectGlobals\",\"filesToWatch\",\"execArgv\",\"runnerEnv\",\"runner\",\"shard\",\"specFileRetries\",\"specFileRetriesDelay\",\"specFileRetriesDeferred\",\"reporterSyncInterval\",\"reporterSyncTimeout\",\"cucumberFeaturesWithLineNumbers\",\"autoCompileOpts\",\"mochaOpts\",\"jasmineOpts\",\"cucumberOpts\",\"onPrepare\",\"onWorkerStart\",\"onWorkerEnd\",\"before\",\"beforeSession\",\"beforeSuite\",\"beforeHook\",\"beforeTest\",\"afterTest\",\"afterHook\",\"afterSuite\",\"afterSession\",\"after\",\"onComplete\",\"beforeAssertion\",\"afterAssertion\",\"beforeFeature\",\"beforeScenario\",\"beforeStep\",\"afterStep\",\"afterScenario\",\"afterFeature\",\"_\",\"suite\",\"$0\",\"ignoredWorkerServices\",\"wdi5\"]"}]}
RESULT: {"script":"<script> [2342 bytes]","args":[{"protocol":"http","hostname":"0.0.0.0","path":"/","capabilities":{"browserName":"chrome","goog:chromeOptions":{"binary":"C:\\Program Files\\Google\\Chrome\\Application\\chrome.exe","args":["--start-maximized"]}},"logLevel":"warn","connectionRetryTimeout":120000,"connectionRetryCount":3,"logLevels":{},"enableDirectConnect":true,"strictSSL":true,"_":"65 more keys: [\"cacheDir\",\"port\",\"requestedCapabilities\",\"automationProtocol\",\"baseUrl\",\"waitforInterval\",\"waitforTimeout\",\"onReload\",\"beforeCommand\",\"afterCommand\",\"rootDir\",\"specs\",\"suites\",\"exclude\",\"groupLogsByTestSpec\",\"excludeDriverLogs\",\"bail\",\"framework\",\"reporters\",\"services\",\"maxInstances\",\"maxInstancesPerCapability\",\"injectGlobals\",\"filesToWatch\",\"execArgv\",\"runnerEnv\",\"runner\",\"shard\",\"specFileRetries\",\"specFileRetriesDelay\",\"specFileRetriesDeferred\",\"reporterSyncInterval\",\"reporterSyncTimeout\",\"cucumberFeaturesWithLineNumbers\",\"autoCompileOpts\",\"mochaOpts\",\"jasmineOpts\",\"cucumberOpts\",\"onPrepare\",\"onWorkerStart\",\"onWorkerEnd\",\"before\",\"beforeSession\",\"beforeSuite\",\"beforeHook\",\"beforeTest\",\"afterTest\",\"afterHook\",\"afterSuite\",\"afterSession\",\"after\",\"onComplete\",\"beforeAssertion\",\"afterAssertion\",\"beforeFeature\",\"beforeScenario\",\"beforeStep\",\"afterStep\",\"afterScenario\",\"afterFeature\",\"_\",\"suite\",\"$0\",\"ignoredWorkerServices\",\"wdi5\"]"}]}
COMMAND: POST /session/17ac9b2ed7eebf123703e812e0574450/execute/async - {"script":"<script> [21126 bytes]","args":[35000]}
RESULT: {"script":"<script> [21126 bytes]","args":[35000]}
COMMAND: POST /session/17ac9b2ed7eebf123703e812e0574450/window/fullscreen - {}
RESULT: {}
]]></system-out>
    </testcase>
    <testcase classname="chrome.136_0_7103_93.windows.Stock_increase_-_with_WHM_US125587" name="Should create a new material" time="128.606">
      <system-out><![CDATA[
COMMAND: POST /session/17ac9b2ed7eebf123703e812e0574450/execute/async - {"script":"<script> [1562 bytes]","args":[{"selector":{"controlType":"sap.m.GenericTile","properties":{"header":"Manage Resources"}},"wdio_ui5_key":"sapm.GenericTile{\"header\":\"Manage Resources\"}"}]}
RESULT: {"script":"<script> [1562 bytes]","args":[{"selector":{"controlType":"sap.m.GenericTile","properties":{"header":"Manage Resources"}},"wdio_ui5_key":"sapm.GenericTile{\"header\":\"Manage Resources\"}"}]}
RESULT: undefined
COMMAND: POST /session/17ac9b2ed7eebf123703e812e0574450/element - {"using":"xpath","value":"//*[@id=\"__tile31\"]"}
RESULT: {"using":"xpath","value":"//*[@id=\"__tile31\"]"}
COMMAND: POST /session/17ac9b2ed7eebf123703e812e0574450/element/f.025621EB997FE751E0C326B2CEC08C5E.d.3C3822ECB5C9A2B66B1085F96B31050E.e.2466/click - {}
RESULT: {}
COMMAND: GET /session/17ac9b2ed7eebf123703e812e0574450/screenshot - {}
RESULT: {}
COMMAND: POST /session/17ac9b2ed7eebf123703e812e0574450/elements - {"using":"xpath","value":"//span[text()='Error']"}
RESULT: {"using":"xpath","value":"//span[text()='Error']"}
COMMAND: POST /session/17ac9b2ed7eebf123703e812e0574450/element - {"using":"xpath","value":"//button[@data-kt=\"addNewRUOverflowToolbarButton\"]"}
RESULT: {"using":"xpath","value":"//button[@data-kt=\"addNewRUOverflowToolbarButton\"]"}
COMMAND: POST /session/17ac9b2ed7eebf123703e812e0574450/elements - {"using":"xpath","value":"//button[@data-kt=\"addNewRUOverflowToolbarButton\"]"}
RESULT: {"using":"xpath","value":"//button[@data-kt=\"addNewRUOverflowToolbarButton\"]"}
COMMAND: POST /session/17ac9b2ed7eebf123703e812e0574450/elements - {"using":"xpath","value":"//button[@data-kt=\"addNewRUOverflowToolbarButton\"]"}
RESULT: {"using":"xpath","value":"//button[@data-kt=\"addNewRUOverflowToolbarButton\"]"}
COMMAND: POST /session/17ac9b2ed7eebf123703e812e0574450/elements - {"using":"xpath","value":"//button[@data-kt=\"addNewRUOverflowToolbarButton\"]"}
RESULT: {"using":"xpath","value":"//button[@data-kt=\"addNewRUOverflowToolbarButton\"]"}
COMMAND: POST /session/17ac9b2ed7eebf123703e812e0574450/elements - {"using":"xpath","value":"//button[@data-kt=\"addNewRUOverflowToolbarButton\"]"}
RESULT: {"using":"xpath","value":"//button[@data-kt=\"addNewRUOverflowToolbarButton\"]"}
COMMAND: POST /session/17ac9b2ed7eebf123703e812e0574450/elements - {"using":"xpath","value":"//button[@data-kt=\"addNewRUOverflowToolbarButton\"]"}
RESULT: {"using":"xpath","value":"//button[@data-kt=\"addNewRUOverflowToolbarButton\"]"}
COMMAND: POST /session/17ac9b2ed7eebf123703e812e0574450/elements - {"using":"xpath","value":"//button[@data-kt=\"addNewRUOverflowToolbarButton\"]"}
RESULT: {"using":"xpath","value":"//button[@data-kt=\"addNewRUOverflowToolbarButton\"]"}
COMMAND: POST /session/17ac9b2ed7eebf123703e812e0574450/elements - {"using":"xpath","value":"//button[@data-kt=\"addNewRUOverflowToolbarButton\"]"}
RESULT: {"using":"xpath","value":"//button[@data-kt=\"addNewRUOverflowToolbarButton\"]"}
COMMAND: POST /session/17ac9b2ed7eebf123703e812e0574450/elements - {"using":"xpath","value":"//button[@data-kt=\"addNewRUOverflowToolbarButton\"]"}
RESULT: {"using":"xpath","value":"//button[@data-kt=\"addNewRUOverflowToolbarButton\"]"}
COMMAND: POST /session/17ac9b2ed7eebf123703e812e0574450/elements - {"using":"xpath","value":"//button[@data-kt=\"addNewRUOverflowToolbarButton\"]"}
RESULT: {"using":"xpath","value":"//button[@data-kt=\"addNewRUOverflowToolbarButton\"]"}
COMMAND: POST /session/17ac9b2ed7eebf123703e812e0574450/elements - {"using":"xpath","value":"//button[@data-kt=\"addNewRUOverflowToolbarButton\"]"}
RESULT: {"using":"xpath","value":"//button[@data-kt=\"addNewRUOverflowToolbarButton\"]"}
COMMAND: POST /session/17ac9b2ed7eebf123703e812e0574450/elements - {"using":"xpath","value":"//button[@data-kt=\"addNewRUOverflowToolbarButton\"]"}
RESULT: {"using":"xpath","value":"//button[@data-kt=\"addNewRUOverflowToolbarButton\"]"}
COMMAND: POST /session/17ac9b2ed7eebf123703e812e0574450/elements - {"using":"xpath","value":"//button[@data-kt=\"addNewRUOverflowToolbarButton\"]"}
RESULT: {"using":"xpath","value":"//button[@data-kt=\"addNewRUOverflowToolbarButton\"]"}
COMMAND: POST /session/17ac9b2ed7eebf123703e812e0574450/element - {"using":"xpath","value":"//button[@data-kt=\"addNewRUOverflowToolbarButton\"]"}
RESULT: {"using":"xpath","value":"//button[@data-kt=\"addNewRUOverflowToolbarButton\"]"}
COMMAND: POST /session/17ac9b2ed7eebf123703e812e0574450/execute/sync - {"script":"<script> [8489 bytes]","args":[{"element-6066-11e4-a52e-4f735466cecf":"f.025621EB997FE751E0C326B2CEC08C5E.d.3C3822ECB5C9A2B66B1085F96B31050E.e.2575","ELEMENT":"f.025621EB997FE751E0C326B2CEC08C5E.d.3C3822ECB5C9A2B66B1085F96B31050E.e.2575"}]}
RESULT: {"script":"<script> [8489 bytes]","args":[{"element-6066-11e4-a52e-4f735466cecf":"f.025621EB997FE751E0C326B2CEC08C5E.d.3C3822ECB5C9A2B66B1085F96B31050E.e.2575","ELEMENT":"f.025621EB997FE751E0C326B2CEC08C5E.d.3C3822ECB5C9A2B66B1085F96B31050E.e.2575"}]}
COMMAND: GET /session/17ac9b2ed7eebf123703e812e0574450/element/f.025621EB997FE751E0C326B2CEC08C5E.d.3C3822ECB5C9A2B66B1085F96B31050E.e.2575/enabled - {}
COMMAND: GET /session/17ac9b2ed7eebf123703e812e0574450/screenshot - {}
RESULT: {}
COMMAND: POST /session/17ac9b2ed7eebf123703e812e0574450/execute/sync - {"script":"<script> [8489 bytes]","args":[{"element-6066-11e4-a52e-4f735466cecf":"f.025621EB997FE751E0C326B2CEC08C5E.d.3C3822ECB5C9A2B66B1085F96B31050E.e.2575","ELEMENT":"f.025621EB997FE751E0C326B2CEC08C5E.d.3C3822ECB5C9A2B66B1085F96B31050E.e.2575"}]}
COMMAND: GET /session/17ac9b2ed7eebf123703e812e0574450/screenshot - {}
RESULT: {}
RESULT: {"script":"<script> [8489 bytes]","args":[{"element-6066-11e4-a52e-4f735466cecf":"f.025621EB997FE751E0C326B2CEC08C5E.d.3C3822ECB5C9A2B66B1085F96B31050E.e.2575","ELEMENT":"f.025621EB997FE751E0C326B2CEC08C5E.d.3C3822ECB5C9A2B66B1085F96B31050E.e.2575"}]}
COMMAND: POST /session/17ac9b2ed7eebf123703e812e0574450/execute/sync - {"script":"<script> [5351 bytes]","args":[{"element-6066-11e4-a52e-4f735466cecf":"f.025621EB997FE751E0C326B2CEC08C5E.d.3C3822ECB5C9A2B66B1085F96B31050E.e.2575","ELEMENT":"f.025621EB997FE751E0C326B2CEC08C5E.d.3C3822ECB5C9A2B66B1085F96B31050E.e.2575"}]}
COMMAND: GET /session/17ac9b2ed7eebf123703e812e0574450/screenshot - {}
RESULT: {}
RESULT: {"script":"<script> [5351 bytes]","args":[{"element-6066-11e4-a52e-4f735466cecf":"f.025621EB997FE751E0C326B2CEC08C5E.d.3C3822ECB5C9A2B66B1085F96B31050E.e.2575","ELEMENT":"f.025621EB997FE751E0C326B2CEC08C5E.d.3C3822ECB5C9A2B66B1085F96B31050E.e.2575"}]}
COMMAND: POST /session/17ac9b2ed7eebf123703e812e0574450/element/f.025621EB997FE751E0C326B2CEC08C5E.d.3C3822ECB5C9A2B66B1085F96B31050E.e.2575/click - {}
COMMAND: GET /session/17ac9b2ed7eebf123703e812e0574450/screenshot - {}
RESULT: {}
RESULT: {}
COMMAND: GET /session/17ac9b2ed7eebf123703e812e0574450/screenshot - {}
RESULT: {}
COMMAND: POST /session/17ac9b2ed7eebf123703e812e0574450/execute/async - {"script":"<script> [1562 bytes]","args":[{"selector":{"id":"application-manageresources-display-component---newResourceUnit--TYPE-arrow"},"wdio_ui5_key":"applicationmanageresources-display-component---newResourceUnit--TYPE-arrow"}]}
RESULT: {}
RESULT: {"script":"<script> [1562 bytes]","args":[{"selector":{"id":"application-manageresources-display-component---newResourceUnit--TYPE-arrow"},"wdio_ui5_key":"applicationmanageresources-display-component---newResourceUnit--TYPE-arrow"}]}
RESULT: undefined
COMMAND: POST /session/17ac9b2ed7eebf123703e812e0574450/element - {"using":"xpath","value":"//*[@id=\"application-manageresources-display-component---newResourceUnit--TYPE-arrow\"]"}
RESULT: {"using":"xpath","value":"//*[@id=\"application-manageresources-display-component---newResourceUnit--TYPE-arrow\"]"}
COMMAND: POST /session/17ac9b2ed7eebf123703e812e0574450/element/f.025621EB997FE751E0C326B2CEC08C5E.d.3C3822ECB5C9A2B66B1085F96B31050E.e.2943/click - {}
RESULT: {}
COMMAND: POST /session/17ac9b2ed7eebf123703e812e0574450/element - {"using":"xpath","value":"//input[@id=\"application-manageresources-display-component---newResourceUnit--TYPE-inner\"]"}
COMMAND: GET /session/17ac9b2ed7eebf123703e812e0574450/screenshot - {}
RESULT: {"using":"xpath","value":"//input[@id=\"application-manageresources-display-component---newResourceUnit--TYPE-inner\"]"}
COMMAND: POST /session/17ac9b2ed7eebf123703e812e0574450/element/f.025621EB997FE751E0C326B2CEC08C5E.d.3C3822ECB5C9A2B66B1085F96B31050E.e.2927/clear - {}
RESULT: {}
RESULT: {}
COMMAND: POST /session/17ac9b2ed7eebf123703e812e0574450/element/f.025621EB997FE751E0C326B2CEC08C5E.d.3C3822ECB5C9A2B66B1085F96B31050E.e.2927/value - {"text":"Material"}
COMMAND: GET /session/17ac9b2ed7eebf123703e812e0574450/screenshot - {}
RESULT: {"text":"Material"}
COMMAND: GET /session/17ac9b2ed7eebf123703e812e0574450/screenshot - {}
RESULT: {}
RESULT: {}
COMMAND: POST /session/17ac9b2ed7eebf123703e812e0574450/actions - {"actions":[{"id":"action6","type":"key","parameters":{},"actions":[{"type":"keyDown","value":"î€‡"},{"type":"pause","duration":10},{"type":"keyUp","value":"î€‡"}]}]}
RESULT: {"actions":[{"id":"action6","type":"key","parameters":{},"actions":[{"type":"keyDown","value":"î€‡"},{"type":"pause","duration":10},{"type":"keyUp","value":"î€‡"}]}]}
COMMAND: POST /session/17ac9b2ed7eebf123703e812e0574450/execute/async - {"script":"<script> [1562 bytes]","args":[{"selector":{"id":"application-manageresources-display-component---newResourceUnit--SHORT_TEXT","interaction":{"idSuffix":"inner"}},"wdio_ui5_key":"applicationmanageresources-display-component---newResourceUnit--SHORT_TEXT"}]}
COMMAND: GET /session/17ac9b2ed7eebf123703e812e0574450/screenshot - {}
RESULT: {"script":"<script> [1562 bytes]","args":[{"selector":{"id":"application-manageresources-display-component---newResourceUnit--SHORT_TEXT","interaction":{"idSuffix":"inner"}},"wdio_ui5_key":"applicationmanageresources-display-component---newResourceUnit--SHORT_TEXT"}]}
RESULT: undefined
COMMAND: POST /session/17ac9b2ed7eebf123703e812e0574450/execute/async - {"script":"<script> [776 bytes]","args":[{"enterText":"Cement WDIO","selector":{"id":"application-manageresources-display-component---newResourceUnit--SHORT_TEXT","interaction":{"idSuffix":"inner"}},"clearTextFirst":true,"interactionType":"ENTER_TEXT"}]}
RESULT: {}
RESULT: {"script":"<script> [776 bytes]","args":[{"enterText":"Cement WDIO","selector":{"id":"application-manageresources-display-component---newResourceUnit--SHORT_TEXT","interaction":{"idSuffix":"inner"}},"clearTextFirst":true,"interactionType":"ENTER_TEXT"}]}
COMMAND: POST /session/17ac9b2ed7eebf123703e812e0574450/execute/async - {"script":"<script> [1562 bytes]","args":[{"selector":{"id":"application-manageresources-display-component---newResourceUnit--BASE_UNIT_OF_MEASURE","interaction":{"idSuffix":"inner"}},"wdio_ui5_key":"applicationmanageresources-display-component---newResourceUnit--BASE_UNIT_OF_MEASURE"}]}
RESULT: {"script":"<script> [1562 bytes]","args":[{"selector":{"id":"application-manageresources-display-component---newResourceUnit--BASE_UNIT_OF_MEASURE","interaction":{"idSuffix":"inner"}},"wdio_ui5_key":"applicationmanageresources-display-component---newResourceUnit--BASE_UNIT_OF_MEASURE"}]}
RESULT: undefined
COMMAND: POST /session/17ac9b2ed7eebf123703e812e0574450/execute/async - {"script":"<script> [776 bytes]","args":[{"enterText":"Piece","selector":{"id":"application-manageresources-display-component---newResourceUnit--BASE_UNIT_OF_MEASURE","interaction":{"idSuffix":"inner"}},"clearTextFirst":true,"interactionType":"ENTER_TEXT"}]}
RESULT: {"script":"<script> [776 bytes]","args":[{"enterText":"Piece","selector":{"id":"application-manageresources-display-component---newResourceUnit--BASE_UNIT_OF_MEASURE","interaction":{"idSuffix":"inner"}},"clearTextFirst":true,"interactionType":"ENTER_TEXT"}]}
COMMAND: POST /session/17ac9b2ed7eebf123703e812e0574450/execute/async - {"script":"<script> [1562 bytes]","args":[{"selector":{"id":"application-manageresources-display-component---newResourceUnit--WEIGHT_UNIT","interaction":{"idSuffix":"inner"}},"wdio_ui5_key":"applicationmanageresources-display-component---newResourceUnit--WEIGHT_UNIT"}]}
RESULT: {"script":"<script> [1562 bytes]","args":[{"selector":{"id":"application-manageresources-display-component---newResourceUnit--WEIGHT_UNIT","interaction":{"idSuffix":"inner"}},"wdio_ui5_key":"applicationmanageresources-display-component---newResourceUnit--WEIGHT_UNIT"}]}
RESULT: undefined
COMMAND: POST /session/17ac9b2ed7eebf123703e812e0574450/execute/async - {"script":"<script> [776 bytes]","args":[{"enterText":"Gram","selector":{"id":"application-manageresources-display-component---newResourceUnit--WEIGHT_UNIT","interaction":{"idSuffix":"inner"}},"clearTextFirst":true,"interactionType":"ENTER_TEXT"}]}
RESULT: {"script":"<script> [776 bytes]","args":[{"enterText":"Gram","selector":{"id":"application-manageresources-display-component---newResourceUnit--WEIGHT_UNIT","interaction":{"idSuffix":"inner"}},"clearTextFirst":true,"interactionType":"ENTER_TEXT"}]}
COMMAND: POST /session/17ac9b2ed7eebf123703e812e0574450/execute/async - {"script":"<script> [1562 bytes]","args":[{"selector":{"id":"application-manageresources-display-component---newResourceUnit--DIMENSION_UNIT","interaction":{"idSuffix":"inner"}},"wdio_ui5_key":"applicationmanageresources-display-component---newResourceUnit--DIMENSION_UNIT"}]}
RESULT: {"script":"<script> [1562 bytes]","args":[{"selector":{"id":"application-manageresources-display-component---newResourceUnit--DIMENSION_UNIT","interaction":{"idSuffix":"inner"}},"wdio_ui5_key":"applicationmanageresources-display-component---newResourceUnit--DIMENSION_UNIT"}]}
RESULT: undefined
COMMAND: POST /session/17ac9b2ed7eebf123703e812e0574450/execute/async - {"script":"<script> [776 bytes]","args":[{"enterText":"Meter","selector":{"id":"application-manageresources-display-component---newResourceUnit--DIMENSION_UNIT","interaction":{"idSuffix":"inner"}},"clearTextFirst":true,"interactionType":"ENTER_TEXT"}]}
RESULT: {"script":"<script> [776 bytes]","args":[{"enterText":"Meter","selector":{"id":"application-manageresources-display-component---newResourceUnit--DIMENSION_UNIT","interaction":{"idSuffix":"inner"}},"clearTextFirst":true,"interactionType":"ENTER_TEXT"}]}
COMMAND: POST /session/17ac9b2ed7eebf123703e812e0574450/execute/async - {"script":"<script> [1562 bytes]","args":[{"selector":{"id":"application-manageresources-display-component---newResourceUnit--newRRUPage-anchBar-application-manageresources-display-component---newResourceUnit--control-anchor","interaction":{"idSuffix":"BDI-content"}},"wdio_ui5_key":"applicationmanageresources-display-component---newResourceUnit--newRRUPage-anchBar-application-manageresources-display-component---newResourceUnit--control-anchor"}]}
RESULT: {"script":"<script> [1562 bytes]","args":[{"selector":{"id":"application-manageresources-display-component---newResourceUnit--newRRUPage-anchBar-application-manageresources-display-component---newResourceUnit--control-anchor","interaction":{"idSuffix":"BDI-content"}},"wdio_ui5_key":"applicationmanageresources-display-component---newResourceUnit--newRRUPage-anchBar-application-manageresources-display-component---newResourceUnit--control-anchor"}]}
RESULT: undefined
COMMAND: POST /session/17ac9b2ed7eebf123703e812e0574450/element - {"using":"xpath","value":"//*[@id=\"application-manageresources-display-component---newResourceUnit--newRRUPage-anchBar-application-manageresources-display-component---newResourceUnit--control-anchor\"]"}
RESULT: {"using":"xpath","value":"//*[@id=\"application-manageresources-display-component---newResourceUnit--newRRUPage-anchBar-application-manageresources-display-component---newResourceUnit--control-anchor\"]"}
COMMAND: POST /session/17ac9b2ed7eebf123703e812e0574450/element/f.025621EB997FE751E0C326B2CEC08C5E.d.3C3822ECB5C9A2B66B1085F96B31050E.e.3076/click - {}
RESULT: {}
COMMAND: POST /session/17ac9b2ed7eebf123703e812e0574450/execute/async - {"script":"<script> [1562 bytes]","args":[{"selector":{"id":"application-manageresources-display-component---newResourceUnit--PLANNING_GROUP","interaction":{"idSuffix":"inner"}},"wdio_ui5_key":"applicationmanageresources-display-component---newResourceUnit--PLANNING_GROUP"}]}
COMMAND: GET /session/17ac9b2ed7eebf123703e812e0574450/screenshot - {}
RESULT: {"script":"<script> [1562 bytes]","args":[{"selector":{"id":"application-manageresources-display-component---newResourceUnit--PLANNING_GROUP","interaction":{"idSuffix":"inner"}},"wdio_ui5_key":"applicationmanageresources-display-component---newResourceUnit--PLANNING_GROUP"}]}
RESULT: undefined
COMMAND: POST /session/17ac9b2ed7eebf123703e812e0574450/execute/async - {"script":"<script> [776 bytes]","args":[{"enterText":"Material","selector":{"id":"application-manageresources-display-component---newResourceUnit--PLANNING_GROUP","interaction":{"idSuffix":"inner"}},"clearTextFirst":true,"interactionType":"ENTER_TEXT"}]}
RESULT: {}
RESULT: {"script":"<script> [776 bytes]","args":[{"enterText":"Material","selector":{"id":"application-manageresources-display-component---newResourceUnit--PLANNING_GROUP","interaction":{"idSuffix":"inner"}},"clearTextFirst":true,"interactionType":"ENTER_TEXT"}]}
COMMAND: POST /session/17ac9b2ed7eebf123703e812e0574450/execute/async - {"script":"<script> [1562 bytes]","args":[{"selector":{"id":"application-manageresources-display-component---newResourceUnit--PLANNING_INDICATOR","interaction":{"idSuffix":"inner"}},"wdio_ui5_key":"applicationmanageresources-display-component---newResourceUnit--PLANNING_INDICATOR"}]}
RESULT: {"script":"<script> [1562 bytes]","args":[{"selector":{"id":"application-manageresources-display-component---newResourceUnit--PLANNING_INDICATOR","interaction":{"idSuffix":"inner"}},"wdio_ui5_key":"applicationmanageresources-display-component---newResourceUnit--PLANNING_INDICATOR"}]}
RESULT: undefined
COMMAND: POST /session/17ac9b2ed7eebf123703e812e0574450/execute/async - {"script":"<script> [776 bytes]","args":[{"enterText":"10 - infinite","selector":{"id":"application-manageresources-display-component---newResourceUnit--PLANNING_INDICATOR","interaction":{"idSuffix":"inner"}},"clearTextFirst":true,"interactionType":"ENTER_TEXT"}]}
RESULT: {"script":"<script> [776 bytes]","args":[{"enterText":"10 - infinite","selector":{"id":"application-manageresources-display-component---newResourceUnit--PLANNING_INDICATOR","interaction":{"idSuffix":"inner"}},"clearTextFirst":true,"interactionType":"ENTER_TEXT"}]}
COMMAND: POST /session/17ac9b2ed7eebf123703e812e0574450/element - {"using":"css selector","value":"#application-manageresources-display-component---newResourceUnit--btnAddTimeSegment"}
RESULT: {"using":"css selector","value":"#application-manageresources-display-component---newResourceUnit--btnAddTimeSegment"}
COMMAND: GET /session/17ac9b2ed7eebf123703e812e0574450/element/f.025621EB997FE751E0C326B2CEC08C5E.d.3C3822ECB5C9A2B66B1085F96B31050E.e.3086/rect - {}
RESULT: {}
COMMAND: GET /session/17ac9b2ed7eebf123703e812e0574450/window/rect - {}
RESULT: {}
COMMAND: POST /session/17ac9b2ed7eebf123703e812e0574450/execute/sync - {"script":"<script> [92 bytes]","args":[]}
RESULT: {"script":"<script> [92 bytes]","args":[]}
COMMAND: POST /session/17ac9b2ed7eebf123703e812e0574450/actions - {"actions":[{"id":"action7","type":"wheel","parameters":{},"actions":[{"type":"scroll","x":-1888,"y":-32,"deltaX":0,"deltaY":0,"duration":0,"origin":{"element-6066-11e4-a52e-4f735466cecf":"f.025621EB997FE751E0C326B2CEC08C5E.d.3C3822ECB5C9A2B66B1085F96B31050E.e.3086"}}]}]}
COMMAND: GET /session/17ac9b2ed7eebf123703e812e0574450/screenshot - {}
RESULT: {}
COMMAND: POST /session/17ac9b2ed7eebf123703e812e0574450/execute/sync - {"script":"<script> [79 bytes]","args":[{"element-6066-11e4-a52e-4f735466cecf":"f.025621EB997FE751E0C326B2CEC08C5E.d.3C3822ECB5C9A2B66B1085F96B31050E.e.3086","ELEMENT":"f.025621EB997FE751E0C326B2CEC08C5E.d.3C3822ECB5C9A2B66B1085F96B31050E.e.3086"},{"block":"start","inline":"nearest"}]}
RESULT: {"script":"<script> [79 bytes]","args":[{"element-6066-11e4-a52e-4f735466cecf":"f.025621EB997FE751E0C326B2CEC08C5E.d.3C3822ECB5C9A2B66B1085F96B31050E.e.3086","ELEMENT":"f.025621EB997FE751E0C326B2CEC08C5E.d.3C3822ECB5C9A2B66B1085F96B31050E.e.3086"},{"block":"start","inline":"nearest"}]}
COMMAND: POST /session/17ac9b2ed7eebf123703e812e0574450/execute/async - {"script":"<script> [1562 bytes]","args":[{"selector":{"id":"application-manageresources-display-component---newResourceUnit--btnAddTimeSegment","interaction":{"idSuffix":"inner"}},"wdio_ui5_key":"applicationmanageresources-display-component---newResourceUnit--btnAddTimeSegment"}]}
COMMAND: GET /session/17ac9b2ed7eebf123703e812e0574450/screenshot - {}
RESULT: {"script":"<script> [1562 bytes]","args":[{"selector":{"id":"application-manageresources-display-component---newResourceUnit--btnAddTimeSegment","interaction":{"idSuffix":"inner"}},"wdio_ui5_key":"applicationmanageresources-display-component---newResourceUnit--btnAddTimeSegment"}]}
RESULT: undefined
COMMAND: POST /session/17ac9b2ed7eebf123703e812e0574450/element - {"using":"xpath","value":"//*[@id=\"application-manageresources-display-component---newResourceUnit--btnAddTimeSegment\"]"}
RESULT: {}
RESULT: {"using":"xpath","value":"//*[@id=\"application-manageresources-display-component---newResourceUnit--btnAddTimeSegment\"]"}
COMMAND: POST /session/17ac9b2ed7eebf123703e812e0574450/element/f.025621EB997FE751E0C326B2CEC08C5E.d.3C3822ECB5C9A2B66B1085F96B31050E.e.3086/click - {}
RESULT: {}
COMMAND: GET /session/17ac9b2ed7eebf123703e812e0574450/screenshot - {}
RESULT: {}
COMMAND: POST /session/17ac9b2ed7eebf123703e812e0574450/element - {"using":"xpath","value":"//input[@id=\"application-manageresources-display-component---newResourceUnit--idRuTSAdmin-application-manageresources-display-component---newResourceUnit--RUTimeSegment-0-inner\"]"}
RESULT: {"using":"xpath","value":"//input[@id=\"application-manageresources-display-component---newResourceUnit--idRuTSAdmin-application-manageresources-display-component---newResourceUnit--RUTimeSegment-0-inner\"]"}
COMMAND: POST /session/17ac9b2ed7eebf123703e812e0574450/element/f.025621EB997FE751E0C326B2CEC08C5E.d.3C3822ECB5C9A2B66B1085F96B31050E.e.3091/clear - {}
RESULT: {}
COMMAND: POST /session/17ac9b2ed7eebf123703e812e0574450/element/f.025621EB997FE751E0C326B2CEC08C5E.d.3C3822ECB5C9A2B66B1085F96B31050E.e.3091/value - {"text":"590"}
COMMAND: GET /session/17ac9b2ed7eebf123703e812e0574450/screenshot - {}
RESULT: {"text":"590"}
COMMAND: GET /session/17ac9b2ed7eebf123703e812e0574450/screenshot - {}
RESULT: {}
RESULT: {}
COMMAND: POST /session/17ac9b2ed7eebf123703e812e0574450/element - {"using":"xpath","value":"//li[.//span[text()='590']]"}
RESULT: {"using":"xpath","value":"//li[.//span[text()='590']]"}
COMMAND: POST /session/17ac9b2ed7eebf123703e812e0574450/element/f.025621EB997FE751E0C326B2CEC08C5E.d.3C3822ECB5C9A2B66B1085F96B31050E.e.3102/click - {}
RESULT: {}
COMMAND: GET /session/17ac9b2ed7eebf123703e812e0574450/screenshot - {}
RESULT: {}
COMMAND: POST /session/17ac9b2ed7eebf123703e812e0574450/element - {"using":"xpath","value":"(//span[contains(@id, \"-application-manageresources-display-component---newResourceUnit--RUTimeSegment-0-arrow\")])[2]"}
RESULT: {"using":"xpath","value":"(//span[contains(@id, \"-application-manageresources-display-component---newResourceUnit--RUTimeSegment-0-arrow\")])[2]"}
COMMAND: POST /session/17ac9b2ed7eebf123703e812e0574450/element/f.025621EB997FE751E0C326B2CEC08C5E.d.3C3822ECB5C9A2B66B1085F96B31050E.e.3103/click - {}
RESULT: {}
COMMAND: POST /session/17ac9b2ed7eebf123703e812e0574450/element - {"using":"xpath","value":"//span[contains(text(), \"PM Order\")]"}
COMMAND: GET /session/17ac9b2ed7eebf123703e812e0574450/screenshot - {}
RESULT: {"using":"xpath","value":"//span[contains(text(), \"PM Order\")]"}
COMMAND: POST /session/17ac9b2ed7eebf123703e812e0574450/element/f.025621EB997FE751E0C326B2CEC08C5E.d.3C3822ECB5C9A2B66B1085F96B31050E.e.3104/click - {}
RESULT: {}
RESULT: {}
COMMAND: GET /session/17ac9b2ed7eebf123703e812e0574450/screenshot - {}
RESULT: {}
COMMAND: POST /session/17ac9b2ed7eebf123703e812e0574450/element - {"using":"xpath","value":"//td/div/div/div/span[contains(@id, \"newResourceUnit--RUTimeSegment-0-vhi\")][1]"}
RESULT: {"using":"xpath","value":"//td/div/div/div/span[contains(@id, \"newResourceUnit--RUTimeSegment-0-vhi\")][1]"}
COMMAND: GET /session/17ac9b2ed7eebf123703e812e0574450/element/f.025621EB997FE751E0C326B2CEC08C5E.d.3C3822ECB5C9A2B66B1085F96B31050E.e.3108/rect - {}
RESULT: {}
COMMAND: GET /session/17ac9b2ed7eebf123703e812e0574450/window/rect - {}
RESULT: {}
COMMAND: POST /session/17ac9b2ed7eebf123703e812e0574450/execute/sync - {"script":"<script> [92 bytes]","args":[]}
RESULT: {"script":"<script> [92 bytes]","args":[]}
COMMAND: POST /session/17ac9b2ed7eebf123703e812e0574450/actions - {"actions":[{"id":"action8","type":"wheel","parameters":{},"actions":[{"type":"scroll","x":-1888,"y":-24,"deltaX":0,"deltaY":0,"duration":0,"origin":{"element-6066-11e4-a52e-4f735466cecf":"f.025621EB997FE751E0C326B2CEC08C5E.d.3C3822ECB5C9A2B66B1085F96B31050E.e.3108"}}]}]}
COMMAND: GET /session/17ac9b2ed7eebf123703e812e0574450/screenshot - {}
RESULT: {}
COMMAND: POST /session/17ac9b2ed7eebf123703e812e0574450/execute/sync - {"script":"<script> [79 bytes]","args":[{"element-6066-11e4-a52e-4f735466cecf":"f.025621EB997FE751E0C326B2CEC08C5E.d.3C3822ECB5C9A2B66B1085F96B31050E.e.3108","ELEMENT":"f.025621EB997FE751E0C326B2CEC08C5E.d.3C3822ECB5C9A2B66B1085F96B31050E.e.3108"},{"block":"start","inline":"nearest"}]}
RESULT: {"script":"<script> [79 bytes]","args":[{"element-6066-11e4-a52e-4f735466cecf":"f.025621EB997FE751E0C326B2CEC08C5E.d.3C3822ECB5C9A2B66B1085F96B31050E.e.3108","ELEMENT":"f.025621EB997FE751E0C326B2CEC08C5E.d.3C3822ECB5C9A2B66B1085F96B31050E.e.3108"},{"block":"start","inline":"nearest"}]}
COMMAND: GET /session/17ac9b2ed7eebf123703e812e0574450/screenshot - {}
RESULT: {}
COMMAND: POST /session/17ac9b2ed7eebf123703e812e0574450/element/f.025621EB997FE751E0C326B2CEC08C5E.d.3C3822ECB5C9A2B66B1085F96B31050E.e.3108/click - {}
RESULT: {}
COMMAND: GET /session/17ac9b2ed7eebf123703e812e0574450/screenshot - {}
RESULT: {}
COMMAND: POST /session/17ac9b2ed7eebf123703e812e0574450/execute/async - {"script":"<script> [1562 bytes]","args":[{"selector":{"controlType":"sap.m.SearchField","properties":{"placeholder":"Search"},"searchOpenDialogs":true,"interaction":{"idSuffix":"I"}},"wdio_ui5_key":"sapm.SearchField{\"placeholder\":\"Search\"}"}]}
RESULT: {"script":"<script> [1562 bytes]","args":[{"selector":{"controlType":"sap.m.SearchField","properties":{"placeholder":"Search"},"searchOpenDialogs":true,"interaction":{"idSuffix":"I"}},"wdio_ui5_key":"sapm.SearchField{\"placeholder\":\"Search\"}"}]}
RESULT: undefined
COMMAND: POST /session/17ac9b2ed7eebf123703e812e0574450/execute/async - {"script":"<script> [776 bytes]","args":[{"enterText":"4000360","selector":{"controlType":"sap.m.SearchField","properties":{"placeholder":"Search"},"searchOpenDialogs":true,"interaction":{"idSuffix":"I"}},"clearTextFirst":true,"interactionType":"ENTER_TEXT"}]}
RESULT: {"script":"<script> [776 bytes]","args":[{"enterText":"4000360","selector":{"controlType":"sap.m.SearchField","properties":{"placeholder":"Search"},"searchOpenDialogs":true,"interaction":{"idSuffix":"I"}},"clearTextFirst":true,"interactionType":"ENTER_TEXT"}]}
COMMAND: POST /session/17ac9b2ed7eebf123703e812e0574450/actions - {"actions":[{"id":"action9","type":"key","parameters":{},"actions":[{"type":"keyDown","value":"î€‡"},{"type":"pause","duration":10},{"type":"keyUp","value":"î€‡"}]}]}
RESULT: {"actions":[{"id":"action9","type":"key","parameters":{},"actions":[{"type":"keyDown","value":"î€‡"},{"type":"pause","duration":10},{"type":"keyUp","value":"î€‡"}]}]}
COMMAND: GET /session/17ac9b2ed7eebf123703e812e0574450/screenshot - {}
RESULT: {}
COMMAND: POST /session/17ac9b2ed7eebf123703e812e0574450/element - {"using":"xpath","value":"//td/div/span[contains(text(), \"BGL Vehicles\")]"}
RESULT: {"using":"xpath","value":"//td/div/span[contains(text(), \"BGL Vehicles\")]"}
COMMAND: POST /session/17ac9b2ed7eebf123703e812e0574450/element/f.025621EB997FE751E0C326B2CEC08C5E.d.3C3822ECB5C9A2B66B1085F96B31050E.e.3131/click - {}
RESULT: {}
COMMAND: GET /session/17ac9b2ed7eebf123703e812e0574450/screenshot - {}
RESULT: {}
COMMAND: POST /session/17ac9b2ed7eebf123703e812e0574450/element - {"using":"xpath","value":"//bdi[contains(text(), \"OK\")]"}
RESULT: {"using":"xpath","value":"//bdi[contains(text(), \"OK\")]"}
COMMAND: POST /session/17ac9b2ed7eebf123703e812e0574450/element/f.025621EB997FE751E0C326B2CEC08C5E.d.3C3822ECB5C9A2B66B1085F96B31050E.e.3132/click - {}
RESULT: {}
COMMAND: GET /session/17ac9b2ed7eebf123703e812e0574450/screenshot - {}
RESULT: {}
COMMAND: POST /session/17ac9b2ed7eebf123703e812e0574450/element - {"using":"xpath","value":"//label[contains(@class, 'sapMLabelRequired') and .//bdi[contains(text(), 'Planned Retirement')]]"}
RESULT: {"using":"xpath","value":"//label[contains(@class, 'sapMLabelRequired') and .//bdi[contains(text(), 'Planned Retirement')]]"}
COMMAND: POST /session/17ac9b2ed7eebf123703e812e0574450/elements - {"using":"xpath","value":"//label[contains(@class, 'sapMLabelRequired') and .//bdi[contains(text(), 'Planned Retirement')]]"}
RESULT: {"using":"xpath","value":"//label[contains(@class, 'sapMLabelRequired') and .//bdi[contains(text(), 'Planned Retirement')]]"}
COMMAND: POST /session/17ac9b2ed7eebf123703e812e0574450/element - {"using":"xpath","value":"//button[@data-kt=\"resourceUnitSaveButton\"]"}
RESULT: {"using":"xpath","value":"//button[@data-kt=\"resourceUnitSaveButton\"]"}
COMMAND: POST /session/17ac9b2ed7eebf123703e812e0574450/element/f.025621EB997FE751E0C326B2CEC08C5E.d.3C3822ECB5C9A2B66B1085F96B31050E.e.2962/click - {}
RESULT: {}
COMMAND: GET /session/17ac9b2ed7eebf123703e812e0574450/screenshot - {}
RESULT: {}
COMMAND: POST /session/17ac9b2ed7eebf123703e812e0574450/element - {"using":"xpath","value":"//bdi[contains(text(), \"Close\")]"}
RESULT: {"using":"xpath","value":"//bdi[contains(text(), \"Close\")]"}
COMMAND: POST /session/17ac9b2ed7eebf123703e812e0574450/element/f.025621EB997FE751E0C326B2CEC08C5E.d.3C3822ECB5C9A2B66B1085F96B31050E.e.3139/click - {}
RESULT: {}
COMMAND: GET /session/17ac9b2ed7eebf123703e812e0574450/screenshot - {}
RESULT: {}
COMMAND: POST /session/17ac9b2ed7eebf123703e812e0574450/element - {"using":"xpath","value":"//header[contains(@id, 'detailRruPage-headerTitle')]/div[1]/div[2]/div[2]/span[1]"}
RESULT: {"using":"xpath","value":"//header[contains(@id, 'detailRruPage-headerTitle')]/div[1]/div[2]/div[2]/span[1]"}
COMMAND: POST /session/17ac9b2ed7eebf123703e812e0574450/elements - {"using":"xpath","value":"//header[contains(@id, 'detailRruPage-headerTitle')]/div[1]/div[2]/div[2]/span[1]"}
RESULT: {"using":"xpath","value":"//header[contains(@id, 'detailRruPage-headerTitle')]/div[1]/div[2]/div[2]/span[1]"}
COMMAND: POST /session/17ac9b2ed7eebf123703e812e0574450/execute/sync - {"script":"<script> [56 bytes]","args":[{"element-6066-11e4-a52e-4f735466cecf":"f.025621EB997FE751E0C326B2CEC08C5E.d.3C3822ECB5C9A2B66B1085F96B31050E.e.3172","ELEMENT":"f.025621EB997FE751E0C326B2CEC08C5E.d.3C3822ECB5C9A2B66B1085F96B31050E.e.3172"}]}
RESULT: {"script":"<script> [56 bytes]","args":[{"element-6066-11e4-a52e-4f735466cecf":"f.025621EB997FE751E0C326B2CEC08C5E.d.3C3822ECB5C9A2B66B1085F96B31050E.e.3172","ELEMENT":"f.025621EB997FE751E0C326B2CEC08C5E.d.3C3822ECB5C9A2B66B1085F96B31050E.e.3172"}]}
COMMAND: POST /session/17ac9b2ed7eebf123703e812e0574450/element - {"using":"css selector","value":"#shell-header-logo"}
COMMAND: GET /session/17ac9b2ed7eebf123703e812e0574450/screenshot - {}
RESULT: {"using":"css selector","value":"#shell-header-logo"}
COMMAND: POST /session/17ac9b2ed7eebf123703e812e0574450/element/f.025621EB997FE751E0C326B2CEC08C5E.d.3C3822ECB5C9A2B66B1085F96B31050E.e.2544/click - {}
RESULT: {}
RESULT: {}
COMMAND: GET /session/17ac9b2ed7eebf123703e812e0574450/screenshot - {}
RESULT: {}
]]></system-out>
    </testcase>
    <testcase classname="chrome.136_0_7103_93.windows.Stock_increase_-_with_WHM_US125587" name="Bin Status Report Should Create New Organization yard" time="88.922">
      <system-out><![CDATA[
COMMAND: POST /session/17ac9b2ed7eebf123703e812e0574450/execute/async - {"script":"<script> [1562 bytes]","args":[{"selector":{"controlType":"sap.m.GenericTile","properties":{"header":"Bin Status Report"}},"wdio_ui5_key":"sapm.GenericTile{\"header\":\"Bin Status Report\"}"}]}
RESULT: {"script":"<script> [1562 bytes]","args":[{"selector":{"controlType":"sap.m.GenericTile","properties":{"header":"Bin Status Report"}},"wdio_ui5_key":"sapm.GenericTile{\"header\":\"Bin Status Report\"}"}]}
RESULT: undefined
COMMAND: POST /session/17ac9b2ed7eebf123703e812e0574450/element - {"using":"xpath","value":"//*[@id=\"__tile104\"]"}
RESULT: {"using":"xpath","value":"//*[@id=\"__tile104\"]"}
COMMAND: POST /session/17ac9b2ed7eebf123703e812e0574450/element/f.025621EB997FE751E0C326B2CEC08C5E.d.3C3822ECB5C9A2B66B1085F96B31050E.e.3174/click - {}
RESULT: {}
COMMAND: GET /session/17ac9b2ed7eebf123703e812e0574450/screenshot - {}
RESULT: {}
COMMAND: POST /session/17ac9b2ed7eebf123703e812e0574450/elements - {"using":"xpath","value":"//span[text()='Error']"}
RESULT: {"using":"xpath","value":"//span[text()='Error']"}
COMMAND: POST /session/17ac9b2ed7eebf123703e812e0574450/element - {"using":"xpath","value":"//button[@id=\"application-binstatusreport-display-component---warehousing--createOrgBtn\"]"}
RESULT: {"using":"xpath","value":"//button[@id=\"application-binstatusreport-display-component---warehousing--createOrgBtn\"]"}
COMMAND: POST /session/17ac9b2ed7eebf123703e812e0574450/elements - {"using":"xpath","value":"//button[@id=\"application-binstatusreport-display-component---warehousing--createOrgBtn\"]"}
RESULT: {"using":"xpath","value":"//button[@id=\"application-binstatusreport-display-component---warehousing--createOrgBtn\"]"}
COMMAND: POST /session/17ac9b2ed7eebf123703e812e0574450/execute/sync - {"script":"<script> [8489 bytes]","args":[{"element-6066-11e4-a52e-4f735466cecf":"f.025621EB997FE751E0C326B2CEC08C5E.d.3C3822ECB5C9A2B66B1085F96B31050E.e.3236","ELEMENT":"f.025621EB997FE751E0C326B2CEC08C5E.d.3C3822ECB5C9A2B66B1085F96B31050E.e.3236"}]}
RESULT: {"script":"<script> [8489 bytes]","args":[{"element-6066-11e4-a52e-4f735466cecf":"f.025621EB997FE751E0C326B2CEC08C5E.d.3C3822ECB5C9A2B66B1085F96B31050E.e.3236","ELEMENT":"f.025621EB997FE751E0C326B2CEC08C5E.d.3C3822ECB5C9A2B66B1085F96B31050E.e.3236"}]}
COMMAND: GET /session/17ac9b2ed7eebf123703e812e0574450/element/f.025621EB997FE751E0C326B2CEC08C5E.d.3C3822ECB5C9A2B66B1085F96B31050E.e.3236/enabled - {}
COMMAND: GET /session/17ac9b2ed7eebf123703e812e0574450/screenshot - {}
RESULT: {}
COMMAND: POST /session/17ac9b2ed7eebf123703e812e0574450/execute/sync - {"script":"<script> [8489 bytes]","args":[{"element-6066-11e4-a52e-4f735466cecf":"f.025621EB997FE751E0C326B2CEC08C5E.d.3C3822ECB5C9A2B66B1085F96B31050E.e.3236","ELEMENT":"f.025621EB997FE751E0C326B2CEC08C5E.d.3C3822ECB5C9A2B66B1085F96B31050E.e.3236"}]}
COMMAND: GET /session/17ac9b2ed7eebf123703e812e0574450/screenshot - {}
RESULT: {}
RESULT: {"script":"<script> [8489 bytes]","args":[{"element-6066-11e4-a52e-4f735466cecf":"f.025621EB997FE751E0C326B2CEC08C5E.d.3C3822ECB5C9A2B66B1085F96B31050E.e.3236","ELEMENT":"f.025621EB997FE751E0C326B2CEC08C5E.d.3C3822ECB5C9A2B66B1085F96B31050E.e.3236"}]}
COMMAND: POST /session/17ac9b2ed7eebf123703e812e0574450/execute/sync - {"script":"<script> [5351 bytes]","args":[{"element-6066-11e4-a52e-4f735466cecf":"f.025621EB997FE751E0C326B2CEC08C5E.d.3C3822ECB5C9A2B66B1085F96B31050E.e.3236","ELEMENT":"f.025621EB997FE751E0C326B2CEC08C5E.d.3C3822ECB5C9A2B66B1085F96B31050E.e.3236"}]}
COMMAND: GET /session/17ac9b2ed7eebf123703e812e0574450/screenshot - {}
RESULT: {}
RESULT: {"script":"<script> [5351 bytes]","args":[{"element-6066-11e4-a52e-4f735466cecf":"f.025621EB997FE751E0C326B2CEC08C5E.d.3C3822ECB5C9A2B66B1085F96B31050E.e.3236","ELEMENT":"f.025621EB997FE751E0C326B2CEC08C5E.d.3C3822ECB5C9A2B66B1085F96B31050E.e.3236"}]}
COMMAND: GET /session/17ac9b2ed7eebf123703e812e0574450/screenshot - {}
RESULT: {}
RESULT: {}
COMMAND: POST /session/17ac9b2ed7eebf123703e812e0574450/element/f.025621EB997FE751E0C326B2CEC08C5E.d.3C3822ECB5C9A2B66B1085F96B31050E.e.3236/click - {}
RESULT: {}
COMMAND: GET /session/17ac9b2ed7eebf123703e812e0574450/screenshot - {}
RESULT: {}
COMMAND: POST /session/17ac9b2ed7eebf123703e812e0574450/execute/async - {"script":"<script> [1562 bytes]","args":[{"selector":{"id":"createOrganizationPop--sectionInput","searchOpenDialogs":true,"interaction":{"idSuffix":"inner"}},"wdio_ui5_key":"createOrganizationPopsectionInput"}]}
RESULT: {"script":"<script> [1562 bytes]","args":[{"selector":{"id":"createOrganizationPop--sectionInput","searchOpenDialogs":true,"interaction":{"idSuffix":"inner"}},"wdio_ui5_key":"createOrganizationPopsectionInput"}]}
RESULT: undefined
COMMAND: POST /session/17ac9b2ed7eebf123703e812e0574450/execute/async - {"script":"<script> [776 bytes]","args":[{"enterText":"WDIO-590","selector":{"id":"createOrganizationPop--sectionInput","searchOpenDialogs":true,"interaction":{"idSuffix":"inner"}},"clearTextFirst":true,"interactionType":"ENTER_TEXT"}]}
RESULT: {"script":"<script> [776 bytes]","args":[{"enterText":"WDIO-590","selector":{"id":"createOrganizationPop--sectionInput","searchOpenDialogs":true,"interaction":{"idSuffix":"inner"}},"clearTextFirst":true,"interactionType":"ENTER_TEXT"}]}
COMMAND: POST /session/17ac9b2ed7eebf123703e812e0574450/execute/async - {"script":"<script> [1562 bytes]","args":[{"selector":{"id":"createOrganizationPop--descriptionInput","searchOpenDialogs":true,"interaction":{"idSuffix":"inner"}},"wdio_ui5_key":"createOrganizationPopdescriptionInput"}]}
RESULT: {"script":"<script> [1562 bytes]","args":[{"selector":{"id":"createOrganizationPop--descriptionInput","searchOpenDialogs":true,"interaction":{"idSuffix":"inner"}},"wdio_ui5_key":"createOrganizationPopdescriptionInput"}]}
RESULT: undefined
COMMAND: POST /session/17ac9b2ed7eebf123703e812e0574450/execute/async - {"script":"<script> [776 bytes]","args":[{"enterText":"Shipping-590","selector":{"id":"createOrganizationPop--descriptionInput","searchOpenDialogs":true,"interaction":{"idSuffix":"inner"}},"clearTextFirst":true,"interactionType":"ENTER_TEXT"}]}
RESULT: {"script":"<script> [776 bytes]","args":[{"enterText":"Shipping-590","selector":{"id":"createOrganizationPop--descriptionInput","searchOpenDialogs":true,"interaction":{"idSuffix":"inner"}},"clearTextFirst":true,"interactionType":"ENTER_TEXT"}]}
COMMAND: POST /session/17ac9b2ed7eebf123703e812e0574450/element - {"using":"css selector","value":"#createOrganizationPop--yardOrg-inner"}
RESULT: {"using":"css selector","value":"#createOrganizationPop--yardOrg-inner"}
COMMAND: POST /session/17ac9b2ed7eebf123703e812e0574450/element/f.025621EB997FE751E0C326B2CEC08C5E.d.3C3822ECB5C9A2B66B1085F96B31050E.e.3538/clear - {}
RESULT: {}
COMMAND: POST /session/17ac9b2ed7eebf123703e812e0574450/element/f.025621EB997FE751E0C326B2CEC08C5E.d.3C3822ECB5C9A2B66B1085F96B31050E.e.3538/value - {"text":"590"}
COMMAND: GET /session/17ac9b2ed7eebf123703e812e0574450/screenshot - {}
RESULT: {"text":"590"}
COMMAND: GET /session/17ac9b2ed7eebf123703e812e0574450/screenshot - {}
RESULT: {}
RESULT: {}
COMMAND: POST /session/17ac9b2ed7eebf123703e812e0574450/actions - {"actions":[{"id":"action10","type":"key","parameters":{},"actions":[{"type":"keyDown","value":"î€‡"},{"type":"pause","duration":10},{"type":"keyUp","value":"î€‡"}]}]}
RESULT: {"actions":[{"id":"action10","type":"key","parameters":{},"actions":[{"type":"keyDown","value":"î€‡"},{"type":"pause","duration":10},{"type":"keyUp","value":"î€‡"}]}]}
COMMAND: POST /session/17ac9b2ed7eebf123703e812e0574450/execute/async - {"script":"<script> [1562 bytes]","args":[{"selector":{"id":"createOrganizationPop--grZone","searchOpenDialogs":true,"interaction":{"idSuffix":"CbBg"}},"wdio_ui5_key":"createOrganizationPopgrZone"}]}
COMMAND: GET /session/17ac9b2ed7eebf123703e812e0574450/screenshot - {}
RESULT: {"script":"<script> [1562 bytes]","args":[{"selector":{"id":"createOrganizationPop--grZone","searchOpenDialogs":true,"interaction":{"idSuffix":"CbBg"}},"wdio_ui5_key":"createOrganizationPopgrZone"}]}
RESULT: undefined
COMMAND: POST /session/17ac9b2ed7eebf123703e812e0574450/element - {"using":"xpath","value":"//*[@id=\"createOrganizationPop--grZone\"]"}
RESULT: {}
RESULT: {"using":"xpath","value":"//*[@id=\"createOrganizationPop--grZone\"]"}
COMMAND: POST /session/17ac9b2ed7eebf123703e812e0574450/element/f.025621EB997FE751E0C326B2CEC08C5E.d.3C3822ECB5C9A2B66B1085F96B31050E.e.3559/click - {}
RESULT: {}
COMMAND: GET /session/17ac9b2ed7eebf123703e812e0574450/screenshot - {}
RESULT: {}
COMMAND: POST /session/17ac9b2ed7eebf123703e812e0574450/execute/async - {"script":"<script> [1562 bytes]","args":[{"selector":{"id":"createOrganizationPop--giZone","searchOpenDialogs":true,"interaction":{"idSuffix":"CbBg"}},"wdio_ui5_key":"createOrganizationPopgiZone"}]}
RESULT: {"script":"<script> [1562 bytes]","args":[{"selector":{"id":"createOrganizationPop--giZone","searchOpenDialogs":true,"interaction":{"idSuffix":"CbBg"}},"wdio_ui5_key":"createOrganizationPopgiZone"}]}
RESULT: undefined
COMMAND: POST /session/17ac9b2ed7eebf123703e812e0574450/element - {"using":"xpath","value":"//*[@id=\"createOrganizationPop--giZone\"]"}
RESULT: {"using":"xpath","value":"//*[@id=\"createOrganizationPop--giZone\"]"}
COMMAND: POST /session/17ac9b2ed7eebf123703e812e0574450/element/f.025621EB997FE751E0C326B2CEC08C5E.d.3C3822ECB5C9A2B66B1085F96B31050E.e.3561/click - {}
RESULT: {}
COMMAND: GET /session/17ac9b2ed7eebf123703e812e0574450/screenshot - {}
RESULT: {}
COMMAND: POST /session/17ac9b2ed7eebf123703e812e0574450/execute/async - {"script":"<script> [1562 bytes]","args":[{"selector":{"id":"createOrganizationPop--binNoInput","searchOpenDialogs":true,"interaction":{"idSuffix":"inner"}},"wdio_ui5_key":"createOrganizationPopbinNoInput"}]}
RESULT: {"script":"<script> [1562 bytes]","args":[{"selector":{"id":"createOrganizationPop--binNoInput","searchOpenDialogs":true,"interaction":{"idSuffix":"inner"}},"wdio_ui5_key":"createOrganizationPopbinNoInput"}]}
RESULT: undefined
COMMAND: POST /session/17ac9b2ed7eebf123703e812e0574450/execute/async - {"script":"<script> [776 bytes]","args":[{"enterText":"Bin-Wd","selector":{"id":"createOrganizationPop--binNoInput","searchOpenDialogs":true,"interaction":{"idSuffix":"inner"}},"clearTextFirst":true,"interactionType":"ENTER_TEXT"}]}
RESULT: {"script":"<script> [776 bytes]","args":[{"enterText":"Bin-Wd","selector":{"id":"createOrganizationPop--binNoInput","searchOpenDialogs":true,"interaction":{"idSuffix":"inner"}},"clearTextFirst":true,"interactionType":"ENTER_TEXT"}]}
COMMAND: POST /session/17ac9b2ed7eebf123703e812e0574450/execute/async - {"script":"<script> [1562 bytes]","args":[{"selector":{"id":"createOrganizationPop--descriptionId","searchOpenDialogs":true,"interaction":{"idSuffix":"inner"}},"wdio_ui5_key":"createOrganizationPopdescriptionId"}]}
RESULT: {"script":"<script> [1562 bytes]","args":[{"selector":{"id":"createOrganizationPop--descriptionId","searchOpenDialogs":true,"interaction":{"idSuffix":"inner"}},"wdio_ui5_key":"createOrganizationPopdescriptionId"}]}
RESULT: undefined
COMMAND: POST /session/17ac9b2ed7eebf123703e812e0574450/execute/async - {"script":"<script> [776 bytes]","args":[{"enterText":"Shipping-Wd","selector":{"id":"createOrganizationPop--descriptionId","searchOpenDialogs":true,"interaction":{"idSuffix":"inner"}},"clearTextFirst":true,"interactionType":"ENTER_TEXT"}]}
RESULT: {"script":"<script> [776 bytes]","args":[{"enterText":"Shipping-Wd","selector":{"id":"createOrganizationPop--descriptionId","searchOpenDialogs":true,"interaction":{"idSuffix":"inner"}},"clearTextFirst":true,"interactionType":"ENTER_TEXT"}]}
COMMAND: POST /session/17ac9b2ed7eebf123703e812e0574450/execute/async - {"script":"<script> [1562 bytes]","args":[{"selector":{"controlType":"sap.m.CheckBox","viewName":"etm.portal.ui.binstatusreport.view.MasterWareBins","viewId":"application-binstatusreport-display-component---warehousing","bindingPath":{"path":"","propertyPath":"/ZONE","modelName":"newBin"},"searchOpenDialogs":true,"interaction":{"idSuffix":"CbBg"}},"wdio_ui5_key":"etmportal.ui.binstatusreport.view.MasterWareBinssap.m.CheckBox{\"path\":\"\",\"propertyPath\":\"/ZONE\",\"modelName\":\"newBin\"}"}]}
RESULT: {"script":"<script> [1562 bytes]","args":[{"selector":{"controlType":"sap.m.CheckBox","viewName":"etm.portal.ui.binstatusreport.view.MasterWareBins","viewId":"application-binstatusreport-display-component---warehousing","bindingPath":{"path":"","propertyPath":"/ZONE","modelName":"newBin"},"searchOpenDialogs":true,"interaction":{"idSuffix":"CbBg"}},"wdio_ui5_key":"etmportal.ui.binstatusreport.view.MasterWareBinssap.m.CheckBox{\"path\":\"\",\"propertyPath\":\"/ZONE\",\"modelName\":\"newBin\"}"}]}
RESULT: undefined
COMMAND: POST /session/17ac9b2ed7eebf123703e812e0574450/element - {"using":"xpath","value":"//*[@id=\"__box16\"]"}
RESULT: {"using":"xpath","value":"//*[@id=\"__box16\"]"}
COMMAND: POST /session/17ac9b2ed7eebf123703e812e0574450/element/f.025621EB997FE751E0C326B2CEC08C5E.d.3C3822ECB5C9A2B66B1085F96B31050E.e.3584/click - {}
RESULT: {}
COMMAND: GET /session/17ac9b2ed7eebf123703e812e0574450/screenshot - {}
RESULT: {}
COMMAND: POST /session/17ac9b2ed7eebf123703e812e0574450/execute/async - {"script":"<script> [1562 bytes]","args":[{"selector":{"id":"createOrganizationPop--binTypesCB","searchOpenDialogs":true,"interaction":{"idSuffix":"inner"}},"wdio_ui5_key":"createOrganizationPopbinTypesCB"}]}
RESULT: {"script":"<script> [1562 bytes]","args":[{"selector":{"id":"createOrganizationPop--binTypesCB","searchOpenDialogs":true,"interaction":{"idSuffix":"inner"}},"wdio_ui5_key":"createOrganizationPopbinTypesCB"}]}
RESULT: undefined
COMMAND: POST /session/17ac9b2ed7eebf123703e812e0574450/execute/async - {"script":"<script> [776 bytes]","args":[{"enterText":"1 - General / No capacity check","selector":{"id":"createOrganizationPop--binTypesCB","searchOpenDialogs":true,"interaction":{"idSuffix":"inner"}},"clearTextFirst":true,"interactionType":"ENTER_TEXT"}]}
RESULT: {"script":"<script> [776 bytes]","args":[{"enterText":"1 - General / No capacity check","selector":{"id":"createOrganizationPop--binTypesCB","searchOpenDialogs":true,"interaction":{"idSuffix":"inner"}},"clearTextFirst":true,"interactionType":"ENTER_TEXT"}]}
COMMAND: POST /session/17ac9b2ed7eebf123703e812e0574450/actions - {"actions":[{"id":"action11","type":"key","parameters":{},"actions":[{"type":"keyDown","value":"î€‡"},{"type":"pause","duration":10},{"type":"keyUp","value":"î€‡"}]}]}
RESULT: {"actions":[{"id":"action11","type":"key","parameters":{},"actions":[{"type":"keyDown","value":"î€‡"},{"type":"pause","duration":10},{"type":"keyUp","value":"î€‡"}]}]}
COMMAND: GET /session/17ac9b2ed7eebf123703e812e0574450/screenshot - {}
RESULT: {}
COMMAND: POST /session/17ac9b2ed7eebf123703e812e0574450/execute/async - {"script":"<script> [1562 bytes]","args":[{"selector":{"id":"createOrganizationPop--finishBtn","searchOpenDialogs":true,"interaction":{"idSuffix":"BDI-content"}},"wdio_ui5_key":"createOrganizationPopfinishBtn"}]}
RESULT: {"script":"<script> [1562 bytes]","args":[{"selector":{"id":"createOrganizationPop--finishBtn","searchOpenDialogs":true,"interaction":{"idSuffix":"BDI-content"}},"wdio_ui5_key":"createOrganizationPopfinishBtn"}]}
RESULT: undefined
COMMAND: POST /session/17ac9b2ed7eebf123703e812e0574450/element - {"using":"xpath","value":"//*[@id=\"createOrganizationPop--finishBtn\"]"}
RESULT: {"using":"xpath","value":"//*[@id=\"createOrganizationPop--finishBtn\"]"}
COMMAND: POST /session/17ac9b2ed7eebf123703e812e0574450/element/f.025621EB997FE751E0C326B2CEC08C5E.d.3C3822ECB5C9A2B66B1085F96B31050E.e.3595/click - {}
RESULT: {}
COMMAND: GET /session/17ac9b2ed7eebf123703e812e0574450/screenshot - {}
RESULT: {}
COMMAND: POST /session/17ac9b2ed7eebf123703e812e0574450/element - {"using":"css selector","value":"#shell-header-logo"}
RESULT: {"using":"css selector","value":"#shell-header-logo"}
COMMAND: POST /session/17ac9b2ed7eebf123703e812e0574450/element/f.025621EB997FE751E0C326B2CEC08C5E.d.3C3822ECB5C9A2B66B1085F96B31050E.e.3181/click - {}
RESULT: {}
COMMAND: GET /session/17ac9b2ed7eebf123703e812e0574450/screenshot - {}
RESULT: {}
]]></system-out>
    </testcase>
    <testcase classname="chrome.136_0_7103_93.windows.Stock_increase_-_with_WHM_US125587" name="Bin Status Report Should Create New Organization for Site" time="75.733">
      <system-out><![CDATA[
RESULT: undefined
COMMAND: POST /session/17ac9b2ed7eebf123703e812e0574450/element - {"using":"xpath","value":"//*[@id=\"__tile104\"]"}
RESULT: {"using":"xpath","value":"//*[@id=\"__tile104\"]"}
COMMAND: POST /session/17ac9b2ed7eebf123703e812e0574450/element/f.025621EB997FE751E0C326B2CEC08C5E.d.3C3822ECB5C9A2B66B1085F96B31050E.e.3174/click - {}
RESULT: {}
COMMAND: GET /session/17ac9b2ed7eebf123703e812e0574450/screenshot - {}
RESULT: {}
COMMAND: POST /session/17ac9b2ed7eebf123703e812e0574450/elements - {"using":"xpath","value":"//span[text()='Error']"}
RESULT: {"using":"xpath","value":"//span[text()='Error']"}
COMMAND: POST /session/17ac9b2ed7eebf123703e812e0574450/element - {"using":"xpath","value":"//button[@id=\"application-binstatusreport-display-component---warehousing--createOrgBtn\"]"}
RESULT: {"using":"xpath","value":"//button[@id=\"application-binstatusreport-display-component---warehousing--createOrgBtn\"]"}
COMMAND: POST /session/17ac9b2ed7eebf123703e812e0574450/elements - {"using":"xpath","value":"//button[@id=\"application-binstatusreport-display-component---warehousing--createOrgBtn\"]"}
RESULT: {"using":"xpath","value":"//button[@id=\"application-binstatusreport-display-component---warehousing--createOrgBtn\"]"}
COMMAND: POST /session/17ac9b2ed7eebf123703e812e0574450/execute/sync - {"script":"<script> [8489 bytes]","args":[{"element-6066-11e4-a52e-4f735466cecf":"f.025621EB997FE751E0C326B2CEC08C5E.d.3C3822ECB5C9A2B66B1085F96B31050E.e.3655","ELEMENT":"f.025621EB997FE751E0C326B2CEC08C5E.d.3C3822ECB5C9A2B66B1085F96B31050E.e.3655"}]}
RESULT: {"script":"<script> [8489 bytes]","args":[{"element-6066-11e4-a52e-4f735466cecf":"f.025621EB997FE751E0C326B2CEC08C5E.d.3C3822ECB5C9A2B66B1085F96B31050E.e.3655","ELEMENT":"f.025621EB997FE751E0C326B2CEC08C5E.d.3C3822ECB5C9A2B66B1085F96B31050E.e.3655"}]}
COMMAND: GET /session/17ac9b2ed7eebf123703e812e0574450/element/f.025621EB997FE751E0C326B2CEC08C5E.d.3C3822ECB5C9A2B66B1085F96B31050E.e.3655/enabled - {}
COMMAND: GET /session/17ac9b2ed7eebf123703e812e0574450/screenshot - {}
RESULT: {}
COMMAND: POST /session/17ac9b2ed7eebf123703e812e0574450/execute/sync - {"script":"<script> [8489 bytes]","args":[{"element-6066-11e4-a52e-4f735466cecf":"f.025621EB997FE751E0C326B2CEC08C5E.d.3C3822ECB5C9A2B66B1085F96B31050E.e.3655","ELEMENT":"f.025621EB997FE751E0C326B2CEC08C5E.d.3C3822ECB5C9A2B66B1085F96B31050E.e.3655"}]}
COMMAND: GET /session/17ac9b2ed7eebf123703e812e0574450/screenshot - {}
RESULT: {}
RESULT: {"script":"<script> [8489 bytes]","args":[{"element-6066-11e4-a52e-4f735466cecf":"f.025621EB997FE751E0C326B2CEC08C5E.d.3C3822ECB5C9A2B66B1085F96B31050E.e.3655","ELEMENT":"f.025621EB997FE751E0C326B2CEC08C5E.d.3C3822ECB5C9A2B66B1085F96B31050E.e.3655"}]}
COMMAND: POST /session/17ac9b2ed7eebf123703e812e0574450/execute/sync - {"script":"<script> [5351 bytes]","args":[{"element-6066-11e4-a52e-4f735466cecf":"f.025621EB997FE751E0C326B2CEC08C5E.d.3C3822ECB5C9A2B66B1085F96B31050E.e.3655","ELEMENT":"f.025621EB997FE751E0C326B2CEC08C5E.d.3C3822ECB5C9A2B66B1085F96B31050E.e.3655"}]}
COMMAND: GET /session/17ac9b2ed7eebf123703e812e0574450/screenshot - {}
RESULT: {}
RESULT: {"script":"<script> [5351 bytes]","args":[{"element-6066-11e4-a52e-4f735466cecf":"f.025621EB997FE751E0C326B2CEC08C5E.d.3C3822ECB5C9A2B66B1085F96B31050E.e.3655","ELEMENT":"f.025621EB997FE751E0C326B2CEC08C5E.d.3C3822ECB5C9A2B66B1085F96B31050E.e.3655"}]}
COMMAND: GET /session/17ac9b2ed7eebf123703e812e0574450/screenshot - {}
RESULT: {}
RESULT: {}
COMMAND: POST /session/17ac9b2ed7eebf123703e812e0574450/element/f.025621EB997FE751E0C326B2CEC08C5E.d.3C3822ECB5C9A2B66B1085F96B31050E.e.3655/click - {}
RESULT: {}
COMMAND: GET /session/17ac9b2ed7eebf123703e812e0574450/screenshot - {}
RESULT: {}
RESULT: undefined
COMMAND: POST /session/17ac9b2ed7eebf123703e812e0574450/execute/async - {"script":"<script> [776 bytes]","args":[{"enterText":"2327","selector":{"id":"createOrganizationPop--sectionInput","searchOpenDialogs":true,"interaction":{"idSuffix":"inner"}},"clearTextFirst":true,"interactionType":"ENTER_TEXT"}]}
RESULT: {"script":"<script> [776 bytes]","args":[{"enterText":"2327","selector":{"id":"createOrganizationPop--sectionInput","searchOpenDialogs":true,"interaction":{"idSuffix":"inner"}},"clearTextFirst":true,"interactionType":"ENTER_TEXT"}]}
RESULT: undefined
COMMAND: POST /session/17ac9b2ed7eebf123703e812e0574450/execute/async - {"script":"<script> [776 bytes]","args":[{"enterText":"WDIO-2327","selector":{"id":"createOrganizationPop--descriptionInput","searchOpenDialogs":true,"interaction":{"idSuffix":"inner"}},"clearTextFirst":true,"interactionType":"ENTER_TEXT"}]}
RESULT: {"script":"<script> [776 bytes]","args":[{"enterText":"WDIO-2327","selector":{"id":"createOrganizationPop--descriptionInput","searchOpenDialogs":true,"interaction":{"idSuffix":"inner"}},"clearTextFirst":true,"interactionType":"ENTER_TEXT"}]}
COMMAND: POST /session/17ac9b2ed7eebf123703e812e0574450/element - {"using":"css selector","value":"#createOrganizationPop--siteOrg-inner"}
RESULT: {"using":"css selector","value":"#createOrganizationPop--siteOrg-inner"}
COMMAND: POST /session/17ac9b2ed7eebf123703e812e0574450/element/f.025621EB997FE751E0C326B2CEC08C5E.d.3C3822ECB5C9A2B66B1085F96B31050E.e.3677/clear - {}
RESULT: {}
COMMAND: POST /session/17ac9b2ed7eebf123703e812e0574450/element/f.025621EB997FE751E0C326B2CEC08C5E.d.3C3822ECB5C9A2B66B1085F96B31050E.e.3677/value - {"text":"2327"}
COMMAND: GET /session/17ac9b2ed7eebf123703e812e0574450/screenshot - {}
RESULT: {"text":"2327"}
COMMAND: GET /session/17ac9b2ed7eebf123703e812e0574450/screenshot - {}
RESULT: {}
RESULT: {}
COMMAND: POST /session/17ac9b2ed7eebf123703e812e0574450/actions - {"actions":[{"id":"action12","type":"key","parameters":{},"actions":[{"type":"keyDown","value":"î€‡"},{"type":"pause","duration":10},{"type":"keyUp","value":"î€‡"}]}]}
RESULT: {"actions":[{"id":"action12","type":"key","parameters":{},"actions":[{"type":"keyDown","value":"î€‡"},{"type":"pause","duration":10},{"type":"keyUp","value":"î€‡"}]}]}
RESULT: undefined
COMMAND: POST /session/17ac9b2ed7eebf123703e812e0574450/element - {"using":"xpath","value":"//*[@id=\"createOrganizationPop--giZone\"]"}
COMMAND: GET /session/17ac9b2ed7eebf123703e812e0574450/screenshot - {}
RESULT: {"using":"xpath","value":"//*[@id=\"createOrganizationPop--giZone\"]"}
COMMAND: POST /session/17ac9b2ed7eebf123703e812e0574450/element/f.025621EB997FE751E0C326B2CEC08C5E.d.3C3822ECB5C9A2B66B1085F96B31050E.e.3715/click - {}
RESULT: {}
RESULT: {}
COMMAND: GET /session/17ac9b2ed7eebf123703e812e0574450/screenshot - {}
RESULT: {}
RESULT: undefined
COMMAND: POST /session/17ac9b2ed7eebf123703e812e0574450/execute/async - {"script":"<script> [776 bytes]","args":[{"enterText":"WD-BIN","selector":{"id":"createOrganizationPop--binNoInput","searchOpenDialogs":true,"interaction":{"idSuffix":"inner"}},"clearTextFirst":true,"interactionType":"ENTER_TEXT"}]}
RESULT: {"script":"<script> [776 bytes]","args":[{"enterText":"WD-BIN","selector":{"id":"createOrganizationPop--binNoInput","searchOpenDialogs":true,"interaction":{"idSuffix":"inner"}},"clearTextFirst":true,"interactionType":"ENTER_TEXT"}]}
RESULT: undefined
COMMAND: POST /session/17ac9b2ed7eebf123703e812e0574450/execute/async - {"script":"<script> [776 bytes]","args":[{"enterText":"WD-BIN","selector":{"id":"createOrganizationPop--descriptionId","searchOpenDialogs":true,"interaction":{"idSuffix":"inner"}},"clearTextFirst":true,"interactionType":"ENTER_TEXT"}]}
RESULT: {"script":"<script> [776 bytes]","args":[{"enterText":"WD-BIN","selector":{"id":"createOrganizationPop--descriptionId","searchOpenDialogs":true,"interaction":{"idSuffix":"inner"}},"clearTextFirst":true,"interactionType":"ENTER_TEXT"}]}
COMMAND: POST /session/17ac9b2ed7eebf123703e812e0574450/execute/async - {"script":"<script> [1562 bytes]","args":[{"selector":{"controlType":"sap.m.CheckBox","viewName":"etm.portal.ui.binstatusreport.view.MasterWareBins","viewId":"application-binstatusreport-display-component---warehousing","bindingPath":{"propertyPath":"/ZONE","modelName":"newBin"},"searchOpenDialogs":true,"interaction":{"idSuffix":"CbBg"}},"wdio_ui5_key":"etmportal.ui.binstatusreport.view.MasterWareBinssap.m.CheckBox{\"propertyPath\":\"/ZONE\",\"modelName\":\"newBin\"}"}]}
RESULT: {"script":"<script> [1562 bytes]","args":[{"selector":{"controlType":"sap.m.CheckBox","viewName":"etm.portal.ui.binstatusreport.view.MasterWareBins","viewId":"application-binstatusreport-display-component---warehousing","bindingPath":{"propertyPath":"/ZONE","modelName":"newBin"},"searchOpenDialogs":true,"interaction":{"idSuffix":"CbBg"}},"wdio_ui5_key":"etmportal.ui.binstatusreport.view.MasterWareBinssap.m.CheckBox{\"propertyPath\":\"/ZONE\",\"modelName\":\"newBin\"}"}]}
RESULT: undefined
COMMAND: POST /session/17ac9b2ed7eebf123703e812e0574450/element - {"using":"xpath","value":"//*[@id=\"__box28\"]"}
RESULT: {"using":"xpath","value":"//*[@id=\"__box28\"]"}
COMMAND: POST /session/17ac9b2ed7eebf123703e812e0574450/element/f.025621EB997FE751E0C326B2CEC08C5E.d.3C3822ECB5C9A2B66B1085F96B31050E.e.3737/click - {}
RESULT: {}
COMMAND: GET /session/17ac9b2ed7eebf123703e812e0574450/screenshot - {}
RESULT: {}
RESULT: undefined
COMMAND: POST /session/17ac9b2ed7eebf123703e812e0574450/execute/async - {"script":"<script> [776 bytes]","args":[{"enterText":"1 - General / No capacity check","selector":{"id":"createOrganizationPop--binTypesCB","searchOpenDialogs":true,"interaction":{"idSuffix":"inner"}},"clearTextFirst":true,"interactionType":"ENTER_TEXT"}]}
RESULT: {"script":"<script> [776 bytes]","args":[{"enterText":"1 - General / No capacity check","selector":{"id":"createOrganizationPop--binTypesCB","searchOpenDialogs":true,"interaction":{"idSuffix":"inner"}},"clearTextFirst":true,"interactionType":"ENTER_TEXT"}]}
COMMAND: POST /session/17ac9b2ed7eebf123703e812e0574450/execute/async - {"script":"<script> [1562 bytes]","args":[{"selector":{"id":"createOrganizationPop--capacityId","searchOpenDialogs":true,"interaction":{"idSuffix":"inner"}},"wdio_ui5_key":"createOrganizationPopcapacityId"}]}
RESULT: {"script":"<script> [1562 bytes]","args":[{"selector":{"id":"createOrganizationPop--capacityId","searchOpenDialogs":true,"interaction":{"idSuffix":"inner"}},"wdio_ui5_key":"createOrganizationPopcapacityId"}]}
RESULT: undefined
COMMAND: POST /session/17ac9b2ed7eebf123703e812e0574450/actions - {"actions":[{"id":"action13","type":"key","parameters":{},"actions":[{"type":"keyDown","value":"î€‡"},{"type":"pause","duration":10},{"type":"keyUp","value":"î€‡"}]}]}
RESULT: {"actions":[{"id":"action13","type":"key","parameters":{},"actions":[{"type":"keyDown","value":"î€‡"},{"type":"pause","duration":10},{"type":"keyUp","value":"î€‡"}]}]}
COMMAND: GET /session/17ac9b2ed7eebf123703e812e0574450/screenshot - {}
RESULT: {}
RESULT: undefined
COMMAND: POST /session/17ac9b2ed7eebf123703e812e0574450/element - {"using":"xpath","value":"//*[@id=\"createOrganizationPop--finishBtn\"]"}
RESULT: {"using":"xpath","value":"//*[@id=\"createOrganizationPop--finishBtn\"]"}
COMMAND: POST /session/17ac9b2ed7eebf123703e812e0574450/element/f.025621EB997FE751E0C326B2CEC08C5E.d.3C3822ECB5C9A2B66B1085F96B31050E.e.3751/click - {}
RESULT: {}
COMMAND: GET /session/17ac9b2ed7eebf123703e812e0574450/screenshot - {}
RESULT: {}
COMMAND: POST /session/17ac9b2ed7eebf123703e812e0574450/element - {"using":"css selector","value":"#shell-header-logo"}
RESULT: {"using":"css selector","value":"#shell-header-logo"}
COMMAND: POST /session/17ac9b2ed7eebf123703e812e0574450/element/f.025621EB997FE751E0C326B2CEC08C5E.d.3C3822ECB5C9A2B66B1085F96B31050E.e.3603/click - {}
RESULT: {}
COMMAND: GET /session/17ac9b2ed7eebf123703e812e0574450/screenshot - {}
RESULT: {}
]]></system-out>
    </testcase>
    <testcase classname="chrome.136_0_7103_93.windows.Stock_increase_-_with_WHM_US125587" name="Create a Warehouse Movement for created yard" time="47.39">
      <system-out><![CDATA[
COMMAND: POST /session/17ac9b2ed7eebf123703e812e0574450/execute/async - {"script":"<script> [1562 bytes]","args":[{"selector":{"controlType":"sap.m.GenericTile","properties":{"header":"Manage Warehouse Movements"}},"wdio_ui5_key":"sapm.GenericTile{\"header\":\"Manage Warehouse Movements\"}"}]}
RESULT: {"script":"<script> [1562 bytes]","args":[{"selector":{"controlType":"sap.m.GenericTile","properties":{"header":"Manage Warehouse Movements"}},"wdio_ui5_key":"sapm.GenericTile{\"header\":\"Manage Warehouse Movements\"}"}]}
RESULT: undefined
COMMAND: POST /session/17ac9b2ed7eebf123703e812e0574450/element - {"using":"xpath","value":"//*[@id=\"__tile105\"]"}
RESULT: {"using":"xpath","value":"//*[@id=\"__tile105\"]"}
COMMAND: POST /session/17ac9b2ed7eebf123703e812e0574450/element/f.025621EB997FE751E0C326B2CEC08C5E.d.3C3822ECB5C9A2B66B1085F96B31050E.e.3762/click - {}
RESULT: {}
COMMAND: GET /session/17ac9b2ed7eebf123703e812e0574450/screenshot - {}
RESULT: {}
COMMAND: POST /session/17ac9b2ed7eebf123703e812e0574450/elements - {"using":"xpath","value":"//span[text()='Error']"}
RESULT: {"using":"xpath","value":"//span[text()='Error']"}
COMMAND: POST /session/17ac9b2ed7eebf123703e812e0574450/element - {"using":"xpath","value":"//input[@id='application-warehousemovements-display-component---warehouseMovements--smartFilterBar-filterItemControl_BASIC-YARD-inner']"}
RESULT: {"using":"xpath","value":"//input[@id='application-warehousemovements-display-component---warehouseMovements--smartFilterBar-filterItemControl_BASIC-YARD-inner']"}
COMMAND: POST /session/17ac9b2ed7eebf123703e812e0574450/elements - {"using":"xpath","value":"//input[@id='application-warehousemovements-display-component---warehouseMovements--smartFilterBar-filterItemControl_BASIC-YARD-inner']"}
RESULT: {"using":"xpath","value":"//input[@id='application-warehousemovements-display-component---warehouseMovements--smartFilterBar-filterItemControl_BASIC-YARD-inner']"}
COMMAND: POST /session/17ac9b2ed7eebf123703e812e0574450/execute/sync - {"script":"<script> [8489 bytes]","args":[{"element-6066-11e4-a52e-4f735466cecf":"f.025621EB997FE751E0C326B2CEC08C5E.d.3C3822ECB5C9A2B66B1085F96B31050E.e.3784","ELEMENT":"f.025621EB997FE751E0C326B2CEC08C5E.d.3C3822ECB5C9A2B66B1085F96B31050E.e.3784"}]}
RESULT: {"script":"<script> [8489 bytes]","args":[{"element-6066-11e4-a52e-4f735466cecf":"f.025621EB997FE751E0C326B2CEC08C5E.d.3C3822ECB5C9A2B66B1085F96B31050E.e.3784","ELEMENT":"f.025621EB997FE751E0C326B2CEC08C5E.d.3C3822ECB5C9A2B66B1085F96B31050E.e.3784"}]}
COMMAND: GET /session/17ac9b2ed7eebf123703e812e0574450/element/f.025621EB997FE751E0C326B2CEC08C5E.d.3C3822ECB5C9A2B66B1085F96B31050E.e.3784/enabled - {}
COMMAND: GET /session/17ac9b2ed7eebf123703e812e0574450/screenshot - {}
RESULT: {}
COMMAND: POST /session/17ac9b2ed7eebf123703e812e0574450/execute/sync - {"script":"<script> [8489 bytes]","args":[{"element-6066-11e4-a52e-4f735466cecf":"f.025621EB997FE751E0C326B2CEC08C5E.d.3C3822ECB5C9A2B66B1085F96B31050E.e.3784","ELEMENT":"f.025621EB997FE751E0C326B2CEC08C5E.d.3C3822ECB5C9A2B66B1085F96B31050E.e.3784"}]}
COMMAND: GET /session/17ac9b2ed7eebf123703e812e0574450/screenshot - {}
RESULT: {}
RESULT: {"script":"<script> [8489 bytes]","args":[{"element-6066-11e4-a52e-4f735466cecf":"f.025621EB997FE751E0C326B2CEC08C5E.d.3C3822ECB5C9A2B66B1085F96B31050E.e.3784","ELEMENT":"f.025621EB997FE751E0C326B2CEC08C5E.d.3C3822ECB5C9A2B66B1085F96B31050E.e.3784"}]}
COMMAND: POST /session/17ac9b2ed7eebf123703e812e0574450/execute/sync - {"script":"<script> [5351 bytes]","args":[{"element-6066-11e4-a52e-4f735466cecf":"f.025621EB997FE751E0C326B2CEC08C5E.d.3C3822ECB5C9A2B66B1085F96B31050E.e.3784","ELEMENT":"f.025621EB997FE751E0C326B2CEC08C5E.d.3C3822ECB5C9A2B66B1085F96B31050E.e.3784"}]}
COMMAND: GET /session/17ac9b2ed7eebf123703e812e0574450/screenshot - {}
RESULT: {}
RESULT: {"script":"<script> [5351 bytes]","args":[{"element-6066-11e4-a52e-4f735466cecf":"f.025621EB997FE751E0C326B2CEC08C5E.d.3C3822ECB5C9A2B66B1085F96B31050E.e.3784","ELEMENT":"f.025621EB997FE751E0C326B2CEC08C5E.d.3C3822ECB5C9A2B66B1085F96B31050E.e.3784"}]}
COMMAND: GET /session/17ac9b2ed7eebf123703e812e0574450/screenshot - {}
RESULT: {}
RESULT: {}
COMMAND: POST /session/17ac9b2ed7eebf123703e812e0574450/element/f.025621EB997FE751E0C326B2CEC08C5E.d.3C3822ECB5C9A2B66B1085F96B31050E.e.3784/clear - {}
RESULT: {}
COMMAND: POST /session/17ac9b2ed7eebf123703e812e0574450/element/f.025621EB997FE751E0C326B2CEC08C5E.d.3C3822ECB5C9A2B66B1085F96B31050E.e.3784/value - {"text":"590"}
COMMAND: GET /session/17ac9b2ed7eebf123703e812e0574450/screenshot - {}
RESULT: {"text":"590"}
COMMAND: POST /session/17ac9b2ed7eebf123703e812e0574450/actions - {"actions":[{"id":"action14","type":"key","parameters":{},"actions":[{"type":"keyDown","value":"î€‡"},{"type":"pause","duration":10},{"type":"keyUp","value":"î€‡"}]}]}
COMMAND: GET /session/17ac9b2ed7eebf123703e812e0574450/screenshot - {}
RESULT: {}
RESULT: {"actions":[{"id":"action14","type":"key","parameters":{},"actions":[{"type":"keyDown","value":"î€‡"},{"type":"pause","duration":10},{"type":"keyUp","value":"î€‡"}]}]}
COMMAND: GET /session/17ac9b2ed7eebf123703e812e0574450/screenshot - {}
RESULT: {}
RESULT: {}
COMMAND: POST /session/17ac9b2ed7eebf123703e812e0574450/element - {"using":"xpath","value":"//button[contains(@data-kt, \"MasterMovementAddOverflowToolbarButton\")]"}
RESULT: {"using":"xpath","value":"//button[contains(@data-kt, \"MasterMovementAddOverflowToolbarButton\")]"}
COMMAND: POST /session/17ac9b2ed7eebf123703e812e0574450/element/f.025621EB997FE751E0C326B2CEC08C5E.d.3C3822ECB5C9A2B66B1085F96B31050E.e.3808/click - {}
RESULT: {}
COMMAND: GET /session/17ac9b2ed7eebf123703e812e0574450/screenshot - {}
RESULT: {}
COMMAND: POST /session/17ac9b2ed7eebf123703e812e0574450/element - {"using":"xpath","value":"//*[@id=\"application-warehousemovements-display-component---addMovement--sectionsList-arrow\"]"}
RESULT: {"using":"xpath","value":"//*[@id=\"application-warehousemovements-display-component---addMovement--sectionsList-arrow\"]"}
COMMAND: POST /session/17ac9b2ed7eebf123703e812e0574450/element/f.025621EB997FE751E0C326B2CEC08C5E.d.3C3822ECB5C9A2B66B1085F96B31050E.e.3956/click - {}
RESULT: {}
COMMAND: POST /session/17ac9b2ed7eebf123703e812e0574450/actions - {"actions":[{"id":"action15","type":"key","parameters":{},"actions":[{"type":"keyDown","value":"î€•"},{"type":"pause","duration":10},{"type":"keyUp","value":"î€•"}]}]}
COMMAND: GET /session/17ac9b2ed7eebf123703e812e0574450/screenshot - {}
RESULT: {"actions":[{"id":"action15","type":"key","parameters":{},"actions":[{"type":"keyDown","value":"î€•"},{"type":"pause","duration":10},{"type":"keyUp","value":"î€•"}]}]}
COMMAND: GET /session/17ac9b2ed7eebf123703e812e0574450/screenshot - {}
RESULT: {}
RESULT: {}
COMMAND: POST /session/17ac9b2ed7eebf123703e812e0574450/actions - {"actions":[{"id":"action16","type":"key","parameters":{},"actions":[{"type":"keyDown","value":"î€‡"},{"type":"pause","duration":10},{"type":"keyUp","value":"î€‡"}]}]}
RESULT: {"actions":[{"id":"action16","type":"key","parameters":{},"actions":[{"type":"keyDown","value":"î€‡"},{"type":"pause","duration":10},{"type":"keyUp","value":"î€‡"}]}]}
COMMAND: GET /session/17ac9b2ed7eebf123703e812e0574450/screenshot - {}
RESULT: {}
COMMAND: POST /session/17ac9b2ed7eebf123703e812e0574450/element - {"using":"xpath","value":"//*[@id=\"application-warehousemovements-display-component---addMovement--saveMovementBtn-BDI-content\" and text()=\"Save\"]"}
RESULT: {"using":"xpath","value":"//*[@id=\"application-warehousemovements-display-component---addMovement--saveMovementBtn-BDI-content\" and text()=\"Save\"]"}
COMMAND: POST /session/17ac9b2ed7eebf123703e812e0574450/element/f.025621EB997FE751E0C326B2CEC08C5E.d.3C3822ECB5C9A2B66B1085F96B31050E.e.3957/click - {}
RESULT: {}
COMMAND: GET /session/17ac9b2ed7eebf123703e812e0574450/screenshot - {}
RESULT: {}
COMMAND: POST /session/17ac9b2ed7eebf123703e812e0574450/element - {"using":"css selector","value":"#shell-header-logo"}
RESULT: {"using":"css selector","value":"#shell-header-logo"}
COMMAND: POST /session/17ac9b2ed7eebf123703e812e0574450/element/f.025621EB997FE751E0C326B2CEC08C5E.d.3C3822ECB5C9A2B66B1085F96B31050E.e.3765/click - {}
RESULT: {}
COMMAND: GET /session/17ac9b2ed7eebf123703e812e0574450/screenshot - {}
RESULT: {}
]]></system-out>
    </testcase>
  </testsuite>
  <testsuite timestamp="2025-06-02T16:32:15" time="147.761" tests="6" failures="0" errors="0" skipped="0">
    <properties>
      <property name="specId" value="0" />
      <property name="suiteName" value="Provide to Site w/ warehouse management w/ clarification US115878" />
      <property name="capabilities" value="chrome.136_0_7103_93.windows" />
      <property name="file" value="file:///D:/a/1/s/test/specs/HTR/provide-to-site-w-warehouse-w-clarification.spec.js" />
    </properties>
    <testcase classname="chrome.136_0_7103_93.windows.Provide_to_Site_w/_warehouse_management_w/_clarification_US115878" name="Should create a new WHM yard" time="0.037">
      <system-out><![CDATA[
COMMAND: POST /session/17ac9b2ed7eebf123703e812e0574450/window/fullscreen - {}
RESULT: {}
]]></system-out>
    </testcase>
    <testcase classname="chrome.136_0_7103_93.windows.Provide_to_Site_w/_warehouse_management_w/_clarification_US115878" name="Should create a new external WHM partner" time="0.005" />
    <testcase classname="chrome.136_0_7103_93.windows.Provide_to_Site_w/_warehouse_management_w/_clarification_US115878" name="Should create a new WHM site" time="0.004" />
    <testcase classname="chrome.136_0_7103_93.windows.Provide_to_Site_w/_warehouse_management_w/_clarification_US115878" name="Should create a new material" time="128.106">
      <system-out><![CDATA[
COMMAND: POST /session/17ac9b2ed7eebf123703e812e0574450/execute/async - {"script":"<script> [1562 bytes]","args":[{"selector":{"controlType":"sap.m.GenericTile","properties":{"header":"Manage Resources"}},"wdio_ui5_key":"sapm.GenericTile{\"header\":\"Manage Resources\"}"}]}
RESULT: {"script":"<script> [1562 bytes]","args":[{"selector":{"controlType":"sap.m.GenericTile","properties":{"header":"Manage Resources"}},"wdio_ui5_key":"sapm.GenericTile{\"header\":\"Manage Resources\"}"}]}
RESULT: undefined
COMMAND: POST /session/17ac9b2ed7eebf123703e812e0574450/element - {"using":"xpath","value":"//*[@id=\"__tile31\"]"}
RESULT: {"using":"xpath","value":"//*[@id=\"__tile31\"]"}
COMMAND: POST /session/17ac9b2ed7eebf123703e812e0574450/element/f.025621EB997FE751E0C326B2CEC08C5E.d.54F8FEB90B0BE678A03AE9AD66ED9619.e.4482/click - {}
RESULT: {}
COMMAND: GET /session/17ac9b2ed7eebf123703e812e0574450/screenshot - {}
RESULT: {}
COMMAND: POST /session/17ac9b2ed7eebf123703e812e0574450/elements - {"using":"xpath","value":"//span[text()='Error']"}
RESULT: {"using":"xpath","value":"//span[text()='Error']"}
COMMAND: POST /session/17ac9b2ed7eebf123703e812e0574450/element - {"using":"xpath","value":"//button[@data-kt=\"addNewRUOverflowToolbarButton\"]"}
RESULT: {"using":"xpath","value":"//button[@data-kt=\"addNewRUOverflowToolbarButton\"]"}
COMMAND: POST /session/17ac9b2ed7eebf123703e812e0574450/elements - {"using":"xpath","value":"//button[@data-kt=\"addNewRUOverflowToolbarButton\"]"}
RESULT: {"using":"xpath","value":"//button[@data-kt=\"addNewRUOverflowToolbarButton\"]"}
COMMAND: POST /session/17ac9b2ed7eebf123703e812e0574450/elements - {"using":"xpath","value":"//button[@data-kt=\"addNewRUOverflowToolbarButton\"]"}
RESULT: {"using":"xpath","value":"//button[@data-kt=\"addNewRUOverflowToolbarButton\"]"}
COMMAND: POST /session/17ac9b2ed7eebf123703e812e0574450/elements - {"using":"xpath","value":"//button[@data-kt=\"addNewRUOverflowToolbarButton\"]"}
RESULT: {"using":"xpath","value":"//button[@data-kt=\"addNewRUOverflowToolbarButton\"]"}
COMMAND: POST /session/17ac9b2ed7eebf123703e812e0574450/elements - {"using":"xpath","value":"//button[@data-kt=\"addNewRUOverflowToolbarButton\"]"}
RESULT: {"using":"xpath","value":"//button[@data-kt=\"addNewRUOverflowToolbarButton\"]"}
COMMAND: POST /session/17ac9b2ed7eebf123703e812e0574450/elements - {"using":"xpath","value":"//button[@data-kt=\"addNewRUOverflowToolbarButton\"]"}
RESULT: {"using":"xpath","value":"//button[@data-kt=\"addNewRUOverflowToolbarButton\"]"}
COMMAND: POST /session/17ac9b2ed7eebf123703e812e0574450/elements - {"using":"xpath","value":"//button[@data-kt=\"addNewRUOverflowToolbarButton\"]"}
RESULT: {"using":"xpath","value":"//button[@data-kt=\"addNewRUOverflowToolbarButton\"]"}
COMMAND: POST /session/17ac9b2ed7eebf123703e812e0574450/elements - {"using":"xpath","value":"//button[@data-kt=\"addNewRUOverflowToolbarButton\"]"}
RESULT: {"using":"xpath","value":"//button[@data-kt=\"addNewRUOverflowToolbarButton\"]"}
COMMAND: POST /session/17ac9b2ed7eebf123703e812e0574450/elements - {"using":"xpath","value":"//button[@data-kt=\"addNewRUOverflowToolbarButton\"]"}
RESULT: {"using":"xpath","value":"//button[@data-kt=\"addNewRUOverflowToolbarButton\"]"}
COMMAND: POST /session/17ac9b2ed7eebf123703e812e0574450/element - {"using":"xpath","value":"//button[@data-kt=\"addNewRUOverflowToolbarButton\"]"}
RESULT: {"using":"xpath","value":"//button[@data-kt=\"addNewRUOverflowToolbarButton\"]"}
COMMAND: POST /session/17ac9b2ed7eebf123703e812e0574450/execute/sync - {"script":"<script> [8489 bytes]","args":[{"element-6066-11e4-a52e-4f735466cecf":"f.025621EB997FE751E0C326B2CEC08C5E.d.54F8FEB90B0BE678A03AE9AD66ED9619.e.4608","ELEMENT":"f.025621EB997FE751E0C326B2CEC08C5E.d.54F8FEB90B0BE678A03AE9AD66ED9619.e.4608"}]}
RESULT: {"script":"<script> [8489 bytes]","args":[{"element-6066-11e4-a52e-4f735466cecf":"f.025621EB997FE751E0C326B2CEC08C5E.d.54F8FEB90B0BE678A03AE9AD66ED9619.e.4608","ELEMENT":"f.025621EB997FE751E0C326B2CEC08C5E.d.54F8FEB90B0BE678A03AE9AD66ED9619.e.4608"}]}
COMMAND: GET /session/17ac9b2ed7eebf123703e812e0574450/element/f.025621EB997FE751E0C326B2CEC08C5E.d.54F8FEB90B0BE678A03AE9AD66ED9619.e.4608/enabled - {}
COMMAND: GET /session/17ac9b2ed7eebf123703e812e0574450/screenshot - {}
RESULT: {}
COMMAND: POST /session/17ac9b2ed7eebf123703e812e0574450/execute/sync - {"script":"<script> [8489 bytes]","args":[{"element-6066-11e4-a52e-4f735466cecf":"f.025621EB997FE751E0C326B2CEC08C5E.d.54F8FEB90B0BE678A03AE9AD66ED9619.e.4608","ELEMENT":"f.025621EB997FE751E0C326B2CEC08C5E.d.54F8FEB90B0BE678A03AE9AD66ED9619.e.4608"}]}
COMMAND: GET /session/17ac9b2ed7eebf123703e812e0574450/screenshot - {}
RESULT: {}
RESULT: {"script":"<script> [8489 bytes]","args":[{"element-6066-11e4-a52e-4f735466cecf":"f.025621EB997FE751E0C326B2CEC08C5E.d.54F8FEB90B0BE678A03AE9AD66ED9619.e.4608","ELEMENT":"f.025621EB997FE751E0C326B2CEC08C5E.d.54F8FEB90B0BE678A03AE9AD66ED9619.e.4608"}]}
COMMAND: POST /session/17ac9b2ed7eebf123703e812e0574450/execute/sync - {"script":"<script> [5351 bytes]","args":[{"element-6066-11e4-a52e-4f735466cecf":"f.025621EB997FE751E0C326B2CEC08C5E.d.54F8FEB90B0BE678A03AE9AD66ED9619.e.4608","ELEMENT":"f.025621EB997FE751E0C326B2CEC08C5E.d.54F8FEB90B0BE678A03AE9AD66ED9619.e.4608"}]}
COMMAND: GET /session/17ac9b2ed7eebf123703e812e0574450/screenshot - {}
RESULT: {}
RESULT: {"script":"<script> [5351 bytes]","args":[{"element-6066-11e4-a52e-4f735466cecf":"f.025621EB997FE751E0C326B2CEC08C5E.d.54F8FEB90B0BE678A03AE9AD66ED9619.e.4608","ELEMENT":"f.025621EB997FE751E0C326B2CEC08C5E.d.54F8FEB90B0BE678A03AE9AD66ED9619.e.4608"}]}
COMMAND: POST /session/17ac9b2ed7eebf123703e812e0574450/element/f.025621EB997FE751E0C326B2CEC08C5E.d.54F8FEB90B0BE678A03AE9AD66ED9619.e.4608/click - {}
RESULT: {}
RESULT: {}
COMMAND: GET /session/17ac9b2ed7eebf123703e812e0574450/screenshot - {}
COMMAND: GET /session/17ac9b2ed7eebf123703e812e0574450/screenshot - {}
COMMAND: POST /session/17ac9b2ed7eebf123703e812e0574450/execute/async - {"script":"<script> [1562 bytes]","args":[{"selector":{"id":"application-manageresources-display-component---newResourceUnit--TYPE-arrow"},"wdio_ui5_key":"applicationmanageresources-display-component---newResourceUnit--TYPE-arrow"}]}
RESULT: {}
RESULT: {}
RESULT: {"script":"<script> [1562 bytes]","args":[{"selector":{"id":"application-manageresources-display-component---newResourceUnit--TYPE-arrow"},"wdio_ui5_key":"applicationmanageresources-display-component---newResourceUnit--TYPE-arrow"}]}
RESULT: undefined
COMMAND: POST /session/17ac9b2ed7eebf123703e812e0574450/element - {"using":"xpath","value":"//*[@id=\"application-manageresources-display-component---newResourceUnit--TYPE-arrow\"]"}
RESULT: {"using":"xpath","value":"//*[@id=\"application-manageresources-display-component---newResourceUnit--TYPE-arrow\"]"}
COMMAND: POST /session/17ac9b2ed7eebf123703e812e0574450/element/f.025621EB997FE751E0C326B2CEC08C5E.d.54F8FEB90B0BE678A03AE9AD66ED9619.e.4781/click - {}
RESULT: {}
COMMAND: POST /session/17ac9b2ed7eebf123703e812e0574450/element - {"using":"xpath","value":"//input[@id=\"application-manageresources-display-component---newResourceUnit--TYPE-inner\"]"}
COMMAND: GET /session/17ac9b2ed7eebf123703e812e0574450/screenshot - {}
RESULT: {"using":"xpath","value":"//input[@id=\"application-manageresources-display-component---newResourceUnit--TYPE-inner\"]"}
COMMAND: POST /session/17ac9b2ed7eebf123703e812e0574450/element/f.025621EB997FE751E0C326B2CEC08C5E.d.54F8FEB90B0BE678A03AE9AD66ED9619.e.4664/clear - {}
RESULT: {}
RESULT: {}
COMMAND: POST /session/17ac9b2ed7eebf123703e812e0574450/element/f.025621EB997FE751E0C326B2CEC08C5E.d.54F8FEB90B0BE678A03AE9AD66ED9619.e.4664/value - {"text":"Material"}
COMMAND: GET /session/17ac9b2ed7eebf123703e812e0574450/screenshot - {}
RESULT: {"text":"Material"}
COMMAND: GET /session/17ac9b2ed7eebf123703e812e0574450/screenshot - {}
RESULT: {}
RESULT: {}
COMMAND: POST /session/17ac9b2ed7eebf123703e812e0574450/actions - {"actions":[{"id":"action17","type":"key","parameters":{},"actions":[{"type":"keyDown","value":"î€‡"},{"type":"pause","duration":10},{"type":"keyUp","value":"î€‡"}]}]}
RESULT: {"actions":[{"id":"action17","type":"key","parameters":{},"actions":[{"type":"keyDown","value":"î€‡"},{"type":"pause","duration":10},{"type":"keyUp","value":"î€‡"}]}]}
COMMAND: POST /session/17ac9b2ed7eebf123703e812e0574450/execute/async - {"script":"<script> [1562 bytes]","args":[{"selector":{"id":"application-manageresources-display-component---newResourceUnit--SHORT_TEXT","interaction":{"idSuffix":"inner"}},"wdio_ui5_key":"applicationmanageresources-display-component---newResourceUnit--SHORT_TEXT"}]}
COMMAND: GET /session/17ac9b2ed7eebf123703e812e0574450/screenshot - {}
RESULT: {"script":"<script> [1562 bytes]","args":[{"selector":{"id":"application-manageresources-display-component---newResourceUnit--SHORT_TEXT","interaction":{"idSuffix":"inner"}},"wdio_ui5_key":"applicationmanageresources-display-component---newResourceUnit--SHORT_TEXT"}]}
RESULT: undefined
COMMAND: POST /session/17ac9b2ed7eebf123703e812e0574450/execute/async - {"script":"<script> [776 bytes]","args":[{"enterText":"Cement WDIO","selector":{"id":"application-manageresources-display-component---newResourceUnit--SHORT_TEXT","interaction":{"idSuffix":"inner"}},"clearTextFirst":true,"interactionType":"ENTER_TEXT"}]}
RESULT: {}
RESULT: {"script":"<script> [776 bytes]","args":[{"enterText":"Cement WDIO","selector":{"id":"application-manageresources-display-component---newResourceUnit--SHORT_TEXT","interaction":{"idSuffix":"inner"}},"clearTextFirst":true,"interactionType":"ENTER_TEXT"}]}
COMMAND: POST /session/17ac9b2ed7eebf123703e812e0574450/execute/async - {"script":"<script> [1562 bytes]","args":[{"selector":{"id":"application-manageresources-display-component---newResourceUnit--BASE_UNIT_OF_MEASURE","interaction":{"idSuffix":"inner"}},"wdio_ui5_key":"applicationmanageresources-display-component---newResourceUnit--BASE_UNIT_OF_MEASURE"}]}
RESULT: {"script":"<script> [1562 bytes]","args":[{"selector":{"id":"application-manageresources-display-component---newResourceUnit--BASE_UNIT_OF_MEASURE","interaction":{"idSuffix":"inner"}},"wdio_ui5_key":"applicationmanageresources-display-component---newResourceUnit--BASE_UNIT_OF_MEASURE"}]}
RESULT: undefined
COMMAND: POST /session/17ac9b2ed7eebf123703e812e0574450/execute/async - {"script":"<script> [776 bytes]","args":[{"enterText":"Piece","selector":{"id":"application-manageresources-display-component---newResourceUnit--BASE_UNIT_OF_MEASURE","interaction":{"idSuffix":"inner"}},"clearTextFirst":true,"interactionType":"ENTER_TEXT"}]}
RESULT: {"script":"<script> [776 bytes]","args":[{"enterText":"Piece","selector":{"id":"application-manageresources-display-component---newResourceUnit--BASE_UNIT_OF_MEASURE","interaction":{"idSuffix":"inner"}},"clearTextFirst":true,"interactionType":"ENTER_TEXT"}]}
COMMAND: POST /session/17ac9b2ed7eebf123703e812e0574450/execute/async - {"script":"<script> [1562 bytes]","args":[{"selector":{"id":"application-manageresources-display-component---newResourceUnit--WEIGHT_UNIT","interaction":{"idSuffix":"inner"}},"wdio_ui5_key":"applicationmanageresources-display-component---newResourceUnit--WEIGHT_UNIT"}]}
RESULT: {"script":"<script> [1562 bytes]","args":[{"selector":{"id":"application-manageresources-display-component---newResourceUnit--WEIGHT_UNIT","interaction":{"idSuffix":"inner"}},"wdio_ui5_key":"applicationmanageresources-display-component---newResourceUnit--WEIGHT_UNIT"}]}
RESULT: undefined
COMMAND: POST /session/17ac9b2ed7eebf123703e812e0574450/execute/async - {"script":"<script> [776 bytes]","args":[{"enterText":"Gram","selector":{"id":"application-manageresources-display-component---newResourceUnit--WEIGHT_UNIT","interaction":{"idSuffix":"inner"}},"clearTextFirst":true,"interactionType":"ENTER_TEXT"}]}
RESULT: {"script":"<script> [776 bytes]","args":[{"enterText":"Gram","selector":{"id":"application-manageresources-display-component---newResourceUnit--WEIGHT_UNIT","interaction":{"idSuffix":"inner"}},"clearTextFirst":true,"interactionType":"ENTER_TEXT"}]}
COMMAND: POST /session/17ac9b2ed7eebf123703e812e0574450/execute/async - {"script":"<script> [1562 bytes]","args":[{"selector":{"id":"application-manageresources-display-component---newResourceUnit--DIMENSION_UNIT","interaction":{"idSuffix":"inner"}},"wdio_ui5_key":"applicationmanageresources-display-component---newResourceUnit--DIMENSION_UNIT"}]}
RESULT: {"script":"<script> [1562 bytes]","args":[{"selector":{"id":"application-manageresources-display-component---newResourceUnit--DIMENSION_UNIT","interaction":{"idSuffix":"inner"}},"wdio_ui5_key":"applicationmanageresources-display-component---newResourceUnit--DIMENSION_UNIT"}]}
RESULT: undefined
COMMAND: POST /session/17ac9b2ed7eebf123703e812e0574450/execute/async - {"script":"<script> [776 bytes]","args":[{"enterText":"Meter","selector":{"id":"application-manageresources-display-component---newResourceUnit--DIMENSION_UNIT","interaction":{"idSuffix":"inner"}},"clearTextFirst":true,"interactionType":"ENTER_TEXT"}]}
RESULT: {"script":"<script> [776 bytes]","args":[{"enterText":"Meter","selector":{"id":"application-manageresources-display-component---newResourceUnit--DIMENSION_UNIT","interaction":{"idSuffix":"inner"}},"clearTextFirst":true,"interactionType":"ENTER_TEXT"}]}
COMMAND: POST /session/17ac9b2ed7eebf123703e812e0574450/execute/async - {"script":"<script> [1562 bytes]","args":[{"selector":{"id":"application-manageresources-display-component---newResourceUnit--newRRUPage-anchBar-application-manageresources-display-component---newResourceUnit--control-anchor","interaction":{"idSuffix":"BDI-content"}},"wdio_ui5_key":"applicationmanageresources-display-component---newResourceUnit--newRRUPage-anchBar-application-manageresources-display-component---newResourceUnit--control-anchor"}]}
RESULT: {"script":"<script> [1562 bytes]","args":[{"selector":{"id":"application-manageresources-display-component---newResourceUnit--newRRUPage-anchBar-application-manageresources-display-component---newResourceUnit--control-anchor","interaction":{"idSuffix":"BDI-content"}},"wdio_ui5_key":"applicationmanageresources-display-component---newResourceUnit--newRRUPage-anchBar-application-manageresources-display-component---newResourceUnit--control-anchor"}]}
RESULT: undefined
COMMAND: POST /session/17ac9b2ed7eebf123703e812e0574450/element - {"using":"xpath","value":"//*[@id=\"application-manageresources-display-component---newResourceUnit--newRRUPage-anchBar-application-manageresources-display-component---newResourceUnit--control-anchor\"]"}
RESULT: {"using":"xpath","value":"//*[@id=\"application-manageresources-display-component---newResourceUnit--newRRUPage-anchBar-application-manageresources-display-component---newResourceUnit--control-anchor\"]"}
COMMAND: POST /session/17ac9b2ed7eebf123703e812e0574450/element/f.025621EB997FE751E0C326B2CEC08C5E.d.54F8FEB90B0BE678A03AE9AD66ED9619.e.4913/click - {}
RESULT: {}
COMMAND: POST /session/17ac9b2ed7eebf123703e812e0574450/execute/async - {"script":"<script> [1562 bytes]","args":[{"selector":{"id":"application-manageresources-display-component---newResourceUnit--PLANNING_GROUP","interaction":{"idSuffix":"inner"}},"wdio_ui5_key":"applicationmanageresources-display-component---newResourceUnit--PLANNING_GROUP"}]}
COMMAND: GET /session/17ac9b2ed7eebf123703e812e0574450/screenshot - {}
RESULT: {"script":"<script> [1562 bytes]","args":[{"selector":{"id":"application-manageresources-display-component---newResourceUnit--PLANNING_GROUP","interaction":{"idSuffix":"inner"}},"wdio_ui5_key":"applicationmanageresources-display-component---newResourceUnit--PLANNING_GROUP"}]}
RESULT: undefined
COMMAND: POST /session/17ac9b2ed7eebf123703e812e0574450/execute/async - {"script":"<script> [776 bytes]","args":[{"enterText":"Material","selector":{"id":"application-manageresources-display-component---newResourceUnit--PLANNING_GROUP","interaction":{"idSuffix":"inner"}},"clearTextFirst":true,"interactionType":"ENTER_TEXT"}]}
RESULT: {}
RESULT: {"script":"<script> [776 bytes]","args":[{"enterText":"Material","selector":{"id":"application-manageresources-display-component---newResourceUnit--PLANNING_GROUP","interaction":{"idSuffix":"inner"}},"clearTextFirst":true,"interactionType":"ENTER_TEXT"}]}
COMMAND: POST /session/17ac9b2ed7eebf123703e812e0574450/execute/async - {"script":"<script> [1562 bytes]","args":[{"selector":{"id":"application-manageresources-display-component---newResourceUnit--PLANNING_INDICATOR","interaction":{"idSuffix":"inner"}},"wdio_ui5_key":"applicationmanageresources-display-component---newResourceUnit--PLANNING_INDICATOR"}]}
RESULT: {"script":"<script> [1562 bytes]","args":[{"selector":{"id":"application-manageresources-display-component---newResourceUnit--PLANNING_INDICATOR","interaction":{"idSuffix":"inner"}},"wdio_ui5_key":"applicationmanageresources-display-component---newResourceUnit--PLANNING_INDICATOR"}]}
RESULT: undefined
COMMAND: POST /session/17ac9b2ed7eebf123703e812e0574450/execute/async - {"script":"<script> [776 bytes]","args":[{"enterText":"10 - infinite","selector":{"id":"application-manageresources-display-component---newResourceUnit--PLANNING_INDICATOR","interaction":{"idSuffix":"inner"}},"clearTextFirst":true,"interactionType":"ENTER_TEXT"}]}
RESULT: {"script":"<script> [776 bytes]","args":[{"enterText":"10 - infinite","selector":{"id":"application-manageresources-display-component---newResourceUnit--PLANNING_INDICATOR","interaction":{"idSuffix":"inner"}},"clearTextFirst":true,"interactionType":"ENTER_TEXT"}]}
COMMAND: POST /session/17ac9b2ed7eebf123703e812e0574450/element - {"using":"css selector","value":"#application-manageresources-display-component---newResourceUnit--btnAddTimeSegment"}
RESULT: {"using":"css selector","value":"#application-manageresources-display-component---newResourceUnit--btnAddTimeSegment"}
COMMAND: GET /session/17ac9b2ed7eebf123703e812e0574450/element/f.025621EB997FE751E0C326B2CEC08C5E.d.54F8FEB90B0BE678A03AE9AD66ED9619.e.4923/rect - {}
RESULT: {}
COMMAND: GET /session/17ac9b2ed7eebf123703e812e0574450/window/rect - {}
RESULT: {}
COMMAND: POST /session/17ac9b2ed7eebf123703e812e0574450/execute/sync - {"script":"<script> [92 bytes]","args":[]}
RESULT: {"script":"<script> [92 bytes]","args":[]}
COMMAND: POST /session/17ac9b2ed7eebf123703e812e0574450/actions - {"actions":[{"id":"action18","type":"wheel","parameters":{},"actions":[{"type":"scroll","x":-1888,"y":-32,"deltaX":0,"deltaY":0,"duration":0,"origin":{"element-6066-11e4-a52e-4f735466cecf":"f.025621EB997FE751E0C326B2CEC08C5E.d.54F8FEB90B0BE678A03AE9AD66ED9619.e.4923"}}]}]}
COMMAND: GET /session/17ac9b2ed7eebf123703e812e0574450/screenshot - {}
RESULT: {}
COMMAND: POST /session/17ac9b2ed7eebf123703e812e0574450/execute/sync - {"script":"<script> [79 bytes]","args":[{"element-6066-11e4-a52e-4f735466cecf":"f.025621EB997FE751E0C326B2CEC08C5E.d.54F8FEB90B0BE678A03AE9AD66ED9619.e.4923","ELEMENT":"f.025621EB997FE751E0C326B2CEC08C5E.d.54F8FEB90B0BE678A03AE9AD66ED9619.e.4923"},{"block":"start","inline":"nearest"}]}
RESULT: {"script":"<script> [79 bytes]","args":[{"element-6066-11e4-a52e-4f735466cecf":"f.025621EB997FE751E0C326B2CEC08C5E.d.54F8FEB90B0BE678A03AE9AD66ED9619.e.4923","ELEMENT":"f.025621EB997FE751E0C326B2CEC08C5E.d.54F8FEB90B0BE678A03AE9AD66ED9619.e.4923"},{"block":"start","inline":"nearest"}]}
COMMAND: POST /session/17ac9b2ed7eebf123703e812e0574450/execute/async - {"script":"<script> [1562 bytes]","args":[{"selector":{"id":"application-manageresources-display-component---newResourceUnit--btnAddTimeSegment","interaction":{"idSuffix":"inner"}},"wdio_ui5_key":"applicationmanageresources-display-component---newResourceUnit--btnAddTimeSegment"}]}
COMMAND: GET /session/17ac9b2ed7eebf123703e812e0574450/screenshot - {}
RESULT: {"script":"<script> [1562 bytes]","args":[{"selector":{"id":"application-manageresources-display-component---newResourceUnit--btnAddTimeSegment","interaction":{"idSuffix":"inner"}},"wdio_ui5_key":"applicationmanageresources-display-component---newResourceUnit--btnAddTimeSegment"}]}
RESULT: undefined
COMMAND: POST /session/17ac9b2ed7eebf123703e812e0574450/element - {"using":"xpath","value":"//*[@id=\"application-manageresources-display-component---newResourceUnit--btnAddTimeSegment\"]"}
RESULT: {}
RESULT: {"using":"xpath","value":"//*[@id=\"application-manageresources-display-component---newResourceUnit--btnAddTimeSegment\"]"}
COMMAND: POST /session/17ac9b2ed7eebf123703e812e0574450/element/f.025621EB997FE751E0C326B2CEC08C5E.d.54F8FEB90B0BE678A03AE9AD66ED9619.e.4923/click - {}
RESULT: {}
COMMAND: GET /session/17ac9b2ed7eebf123703e812e0574450/screenshot - {}
RESULT: {}
COMMAND: POST /session/17ac9b2ed7eebf123703e812e0574450/element - {"using":"xpath","value":"//input[@id=\"application-manageresources-display-component---newResourceUnit--idRuTSAdmin-application-manageresources-display-component---newResourceUnit--RUTimeSegment-0-inner\"]"}
RESULT: {"using":"xpath","value":"//input[@id=\"application-manageresources-display-component---newResourceUnit--idRuTSAdmin-application-manageresources-display-component---newResourceUnit--RUTimeSegment-0-inner\"]"}
COMMAND: POST /session/17ac9b2ed7eebf123703e812e0574450/element/f.025621EB997FE751E0C326B2CEC08C5E.d.54F8FEB90B0BE678A03AE9AD66ED9619.e.4928/clear - {}
RESULT: {}
COMMAND: POST /session/17ac9b2ed7eebf123703e812e0574450/element/f.025621EB997FE751E0C326B2CEC08C5E.d.54F8FEB90B0BE678A03AE9AD66ED9619.e.4928/value - {"text":"590"}
COMMAND: GET /session/17ac9b2ed7eebf123703e812e0574450/screenshot - {}
RESULT: {"text":"590"}
COMMAND: GET /session/17ac9b2ed7eebf123703e812e0574450/screenshot - {}
RESULT: {}
RESULT: {}
COMMAND: POST /session/17ac9b2ed7eebf123703e812e0574450/element - {"using":"xpath","value":"//li[.//span[text()='590']]"}
RESULT: {"using":"xpath","value":"//li[.//span[text()='590']]"}
COMMAND: POST /session/17ac9b2ed7eebf123703e812e0574450/element/f.025621EB997FE751E0C326B2CEC08C5E.d.54F8FEB90B0BE678A03AE9AD66ED9619.e.4937/click - {}
RESULT: {}
COMMAND: GET /session/17ac9b2ed7eebf123703e812e0574450/screenshot - {}
RESULT: {}
COMMAND: POST /session/17ac9b2ed7eebf123703e812e0574450/element - {"using":"xpath","value":"(//span[contains(@id, \"-application-manageresources-display-component---newResourceUnit--RUTimeSegment-0-arrow\")])[2]"}
RESULT: {"using":"xpath","value":"(//span[contains(@id, \"-application-manageresources-display-component---newResourceUnit--RUTimeSegment-0-arrow\")])[2]"}
COMMAND: POST /session/17ac9b2ed7eebf123703e812e0574450/element/f.025621EB997FE751E0C326B2CEC08C5E.d.54F8FEB90B0BE678A03AE9AD66ED9619.e.4938/click - {}
RESULT: {}
COMMAND: POST /session/17ac9b2ed7eebf123703e812e0574450/element - {"using":"xpath","value":"//span[contains(text(), \"PM Order\")]"}
COMMAND: GET /session/17ac9b2ed7eebf123703e812e0574450/screenshot - {}
RESULT: {"using":"xpath","value":"//span[contains(text(), \"PM Order\")]"}
COMMAND: POST /session/17ac9b2ed7eebf123703e812e0574450/element/f.025621EB997FE751E0C326B2CEC08C5E.d.54F8FEB90B0BE678A03AE9AD66ED9619.e.4939/click - {}
RESULT: {}
RESULT: {}
COMMAND: GET /session/17ac9b2ed7eebf123703e812e0574450/screenshot - {}
RESULT: {}
COMMAND: POST /session/17ac9b2ed7eebf123703e812e0574450/element - {"using":"xpath","value":"//td/div/div/div/span[contains(@id, \"newResourceUnit--RUTimeSegment-0-vhi\")][1]"}
RESULT: {"using":"xpath","value":"//td/div/div/div/span[contains(@id, \"newResourceUnit--RUTimeSegment-0-vhi\")][1]"}
COMMAND: GET /session/17ac9b2ed7eebf123703e812e0574450/element/f.025621EB997FE751E0C326B2CEC08C5E.d.54F8FEB90B0BE678A03AE9AD66ED9619.e.4943/rect - {}
RESULT: {}
COMMAND: GET /session/17ac9b2ed7eebf123703e812e0574450/window/rect - {}
RESULT: {}
COMMAND: POST /session/17ac9b2ed7eebf123703e812e0574450/execute/sync - {"script":"<script> [92 bytes]","args":[]}
RESULT: {"script":"<script> [92 bytes]","args":[]}
COMMAND: POST /session/17ac9b2ed7eebf123703e812e0574450/actions - {"actions":[{"id":"action19","type":"wheel","parameters":{},"actions":[{"type":"scroll","x":-1888,"y":-24,"deltaX":0,"deltaY":0,"duration":0,"origin":{"element-6066-11e4-a52e-4f735466cecf":"f.025621EB997FE751E0C326B2CEC08C5E.d.54F8FEB90B0BE678A03AE9AD66ED9619.e.4943"}}]}]}
COMMAND: GET /session/17ac9b2ed7eebf123703e812e0574450/screenshot - {}
RESULT: {}
COMMAND: POST /session/17ac9b2ed7eebf123703e812e0574450/execute/sync - {"script":"<script> [79 bytes]","args":[{"element-6066-11e4-a52e-4f735466cecf":"f.025621EB997FE751E0C326B2CEC08C5E.d.54F8FEB90B0BE678A03AE9AD66ED9619.e.4943","ELEMENT":"f.025621EB997FE751E0C326B2CEC08C5E.d.54F8FEB90B0BE678A03AE9AD66ED9619.e.4943"},{"block":"start","inline":"nearest"}]}
RESULT: {"script":"<script> [79 bytes]","args":[{"element-6066-11e4-a52e-4f735466cecf":"f.025621EB997FE751E0C326B2CEC08C5E.d.54F8FEB90B0BE678A03AE9AD66ED9619.e.4943","ELEMENT":"f.025621EB997FE751E0C326B2CEC08C5E.d.54F8FEB90B0BE678A03AE9AD66ED9619.e.4943"},{"block":"start","inline":"nearest"}]}
COMMAND: GET /session/17ac9b2ed7eebf123703e812e0574450/screenshot - {}
RESULT: {}
COMMAND: POST /session/17ac9b2ed7eebf123703e812e0574450/element/f.025621EB997FE751E0C326B2CEC08C5E.d.54F8FEB90B0BE678A03AE9AD66ED9619.e.4943/click - {}
RESULT: {}
COMMAND: GET /session/17ac9b2ed7eebf123703e812e0574450/screenshot - {}
RESULT: {}
COMMAND: POST /session/17ac9b2ed7eebf123703e812e0574450/execute/async - {"script":"<script> [1562 bytes]","args":[{"selector":{"controlType":"sap.m.SearchField","properties":{"placeholder":"Search"},"searchOpenDialogs":true,"interaction":{"idSuffix":"I"}},"wdio_ui5_key":"sapm.SearchField{\"placeholder\":\"Search\"}"}]}
RESULT: {"script":"<script> [1562 bytes]","args":[{"selector":{"controlType":"sap.m.SearchField","properties":{"placeholder":"Search"},"searchOpenDialogs":true,"interaction":{"idSuffix":"I"}},"wdio_ui5_key":"sapm.SearchField{\"placeholder\":\"Search\"}"}]}
RESULT: undefined
COMMAND: POST /session/17ac9b2ed7eebf123703e812e0574450/execute/async - {"script":"<script> [776 bytes]","args":[{"enterText":"4000360","selector":{"controlType":"sap.m.SearchField","properties":{"placeholder":"Search"},"searchOpenDialogs":true,"interaction":{"idSuffix":"I"}},"clearTextFirst":true,"interactionType":"ENTER_TEXT"}]}
RESULT: {"script":"<script> [776 bytes]","args":[{"enterText":"4000360","selector":{"controlType":"sap.m.SearchField","properties":{"placeholder":"Search"},"searchOpenDialogs":true,"interaction":{"idSuffix":"I"}},"clearTextFirst":true,"interactionType":"ENTER_TEXT"}]}
COMMAND: POST /session/17ac9b2ed7eebf123703e812e0574450/actions - {"actions":[{"id":"action20","type":"key","parameters":{},"actions":[{"type":"keyDown","value":"î€‡"},{"type":"pause","duration":10},{"type":"keyUp","value":"î€‡"}]}]}
RESULT: {"actions":[{"id":"action20","type":"key","parameters":{},"actions":[{"type":"keyDown","value":"î€‡"},{"type":"pause","duration":10},{"type":"keyUp","value":"î€‡"}]}]}
COMMAND: GET /session/17ac9b2ed7eebf123703e812e0574450/screenshot - {}
RESULT: {}
COMMAND: POST /session/17ac9b2ed7eebf123703e812e0574450/element - {"using":"xpath","value":"//td/div/span[contains(text(), \"BGL Vehicles\")]"}
RESULT: {"using":"xpath","value":"//td/div/span[contains(text(), \"BGL Vehicles\")]"}
COMMAND: POST /session/17ac9b2ed7eebf123703e812e0574450/element/f.025621EB997FE751E0C326B2CEC08C5E.d.54F8FEB90B0BE678A03AE9AD66ED9619.e.4964/click - {}
RESULT: {}
COMMAND: GET /session/17ac9b2ed7eebf123703e812e0574450/screenshot - {}
RESULT: {}
COMMAND: POST /session/17ac9b2ed7eebf123703e812e0574450/element - {"using":"xpath","value":"//bdi[contains(text(), \"OK\")]"}
RESULT: {"using":"xpath","value":"//bdi[contains(text(), \"OK\")]"}
COMMAND: POST /session/17ac9b2ed7eebf123703e812e0574450/element/f.025621EB997FE751E0C326B2CEC08C5E.d.54F8FEB90B0BE678A03AE9AD66ED9619.e.4965/click - {}
RESULT: {}
COMMAND: GET /session/17ac9b2ed7eebf123703e812e0574450/screenshot - {}
RESULT: {}
COMMAND: POST /session/17ac9b2ed7eebf123703e812e0574450/element - {"using":"xpath","value":"//label[contains(@class, 'sapMLabelRequired') and .//bdi[contains(text(), 'Planned Retirement')]]"}
RESULT: {"using":"xpath","value":"//label[contains(@class, 'sapMLabelRequired') and .//bdi[contains(text(), 'Planned Retirement')]]"}
COMMAND: POST /session/17ac9b2ed7eebf123703e812e0574450/elements - {"using":"xpath","value":"//label[contains(@class, 'sapMLabelRequired') and .//bdi[contains(text(), 'Planned Retirement')]]"}
RESULT: {"using":"xpath","value":"//label[contains(@class, 'sapMLabelRequired') and .//bdi[contains(text(), 'Planned Retirement')]]"}
COMMAND: POST /session/17ac9b2ed7eebf123703e812e0574450/element - {"using":"xpath","value":"//button[@data-kt=\"resourceUnitSaveButton\"]"}
RESULT: {"using":"xpath","value":"//button[@data-kt=\"resourceUnitSaveButton\"]"}
COMMAND: POST /session/17ac9b2ed7eebf123703e812e0574450/element/f.025621EB997FE751E0C326B2CEC08C5E.d.54F8FEB90B0BE678A03AE9AD66ED9619.e.4800/click - {}
RESULT: {}
COMMAND: GET /session/17ac9b2ed7eebf123703e812e0574450/screenshot - {}
RESULT: {}
COMMAND: POST /session/17ac9b2ed7eebf123703e812e0574450/element - {"using":"xpath","value":"//bdi[contains(text(), \"Close\")]"}
RESULT: {"using":"xpath","value":"//bdi[contains(text(), \"Close\")]"}
COMMAND: POST /session/17ac9b2ed7eebf123703e812e0574450/element/f.025621EB997FE751E0C326B2CEC08C5E.d.54F8FEB90B0BE678A03AE9AD66ED9619.e.4972/click - {}
RESULT: {}
COMMAND: GET /session/17ac9b2ed7eebf123703e812e0574450/screenshot - {}
RESULT: {}
COMMAND: POST /session/17ac9b2ed7eebf123703e812e0574450/element - {"using":"xpath","value":"//header[contains(@id, 'detailRruPage-headerTitle')]/div[1]/div[2]/div[2]/span[1]"}
RESULT: {"using":"xpath","value":"//header[contains(@id, 'detailRruPage-headerTitle')]/div[1]/div[2]/div[2]/span[1]"}
COMMAND: POST /session/17ac9b2ed7eebf123703e812e0574450/elements - {"using":"xpath","value":"//header[contains(@id, 'detailRruPage-headerTitle')]/div[1]/div[2]/div[2]/span[1]"}
RESULT: {"using":"xpath","value":"//header[contains(@id, 'detailRruPage-headerTitle')]/div[1]/div[2]/div[2]/span[1]"}
COMMAND: POST /session/17ac9b2ed7eebf123703e812e0574450/execute/sync - {"script":"<script> [56 bytes]","args":[{"element-6066-11e4-a52e-4f735466cecf":"f.025621EB997FE751E0C326B2CEC08C5E.d.54F8FEB90B0BE678A03AE9AD66ED9619.e.5005","ELEMENT":"f.025621EB997FE751E0C326B2CEC08C5E.d.54F8FEB90B0BE678A03AE9AD66ED9619.e.5005"}]}
RESULT: {"script":"<script> [56 bytes]","args":[{"element-6066-11e4-a52e-4f735466cecf":"f.025621EB997FE751E0C326B2CEC08C5E.d.54F8FEB90B0BE678A03AE9AD66ED9619.e.5005","ELEMENT":"f.025621EB997FE751E0C326B2CEC08C5E.d.54F8FEB90B0BE678A03AE9AD66ED9619.e.5005"}]}
COMMAND: POST /session/17ac9b2ed7eebf123703e812e0574450/element - {"using":"css selector","value":"#shell-header-logo"}
COMMAND: GET /session/17ac9b2ed7eebf123703e812e0574450/screenshot - {}
RESULT: {"using":"css selector","value":"#shell-header-logo"}
COMMAND: POST /session/17ac9b2ed7eebf123703e812e0574450/element/f.025621EB997FE751E0C326B2CEC08C5E.d.54F8FEB90B0BE678A03AE9AD66ED9619.e.4463/click - {}
RESULT: {}
RESULT: {}
COMMAND: GET /session/17ac9b2ed7eebf123703e812e0574450/screenshot - {}
RESULT: {}
]]></system-out>
    </testcase>
    <testcase classname="chrome.136_0_7103_93.windows.Provide_to_Site_w/_warehouse_management_w/_clarification_US115878" name="Bin Status Report Should Create New Organization yard" time="0.005" />
    <testcase classname="chrome.136_0_7103_93.windows.Provide_to_Site_w/_warehouse_management_w/_clarification_US115878" name="Bin Status Report Should Create New Organization for Site" time="0.004" />
  </testsuite>
  <testsuite timestamp="2025-06-02T16:34:42" time="440.708" tests="6" failures="6" errors="6" skipped="0">
    <properties>
      <property name="specId" value="0" />
      <property name="suiteName" value="Provide to Site w/ warehouse management w clarification" />
      <property name="capabilities" value="chrome.136_0_7103_93.windows" />
      <property name="file" value="file:///D:/a/1/s/test/specs/HTR/provide-to-site-w-warehouse-w-clarification.spec.js" />
    </properties>
  </testsuite>
  <testsuite timestamp="2025-06-02T16:42:03" time="147.592" tests="6" failures="0" errors="0" skipped="0">
    <properties>
      <property name="specId" value="0" />
      <property name="suiteName" value="Provide to Site w/ warehouse management w/o clarification US113782 " />
      <property name="capabilities" value="chrome.136_0_7103_93.windows" />
      <property name="file" value="file:///D:/a/1/s/test/specs/HTR/provide-to-site-w-warehouse-wo-clarification.spec.js" />
    </properties>
    <testcase classname="chrome.136_0_7103_93.windows.Provide_to_Site_w/_warehouse_management_w/o_clarification_US113782_" name="Should create a new WHM yard" time="0.047">
      <system-out><![CDATA[
COMMAND: POST /session/17ac9b2ed7eebf123703e812e0574450/window/fullscreen - {}
RESULT: {}
]]></system-out>
    </testcase>
    <testcase classname="chrome.136_0_7103_93.windows.Provide_to_Site_w/_warehouse_management_w/o_clarification_US113782_" name="Should create a new external WHM partner" time="0.005" />
    <testcase classname="chrome.136_0_7103_93.windows.Provide_to_Site_w/_warehouse_management_w/o_clarification_US113782_" name="Should create a new WHM site" time="0.005" />
    <testcase classname="chrome.136_0_7103_93.windows.Provide_to_Site_w/_warehouse_management_w/o_clarification_US113782_" name="Should create a new material" time="127.727">
      <system-out><![CDATA[
COMMAND: POST /session/17ac9b2ed7eebf123703e812e0574450/execute/async - {"script":"<script> [1562 bytes]","args":[{"selector":{"controlType":"sap.m.GenericTile","properties":{"header":"Manage Resources"}},"wdio_ui5_key":"sapm.GenericTile{\"header\":\"Manage Resources\"}"}]}
RESULT: {"script":"<script> [1562 bytes]","args":[{"selector":{"controlType":"sap.m.GenericTile","properties":{"header":"Manage Resources"}},"wdio_ui5_key":"sapm.GenericTile{\"header\":\"Manage Resources\"}"}]}
RESULT: undefined
COMMAND: POST /session/17ac9b2ed7eebf123703e812e0574450/element - {"using":"xpath","value":"//*[@id=\"__tile31\"]"}
RESULT: {"using":"xpath","value":"//*[@id=\"__tile31\"]"}
COMMAND: POST /session/17ac9b2ed7eebf123703e812e0574450/element/f.025621EB997FE751E0C326B2CEC08C5E.d.5E1899D8F888DE18D6F0E35D5FC7F61A.e.5442/click - {}
RESULT: {}
COMMAND: GET /session/17ac9b2ed7eebf123703e812e0574450/screenshot - {}
RESULT: {}
COMMAND: POST /session/17ac9b2ed7eebf123703e812e0574450/elements - {"using":"xpath","value":"//span[text()='Error']"}
RESULT: {"using":"xpath","value":"//span[text()='Error']"}
COMMAND: POST /session/17ac9b2ed7eebf123703e812e0574450/element - {"using":"xpath","value":"//button[@data-kt=\"addNewRUOverflowToolbarButton\"]"}
RESULT: {"using":"xpath","value":"//button[@data-kt=\"addNewRUOverflowToolbarButton\"]"}
COMMAND: POST /session/17ac9b2ed7eebf123703e812e0574450/elements - {"using":"xpath","value":"//button[@data-kt=\"addNewRUOverflowToolbarButton\"]"}
RESULT: {"using":"xpath","value":"//button[@data-kt=\"addNewRUOverflowToolbarButton\"]"}
COMMAND: POST /session/17ac9b2ed7eebf123703e812e0574450/execute/sync - {"script":"<script> [8489 bytes]","args":[{"element-6066-11e4-a52e-4f735466cecf":"f.025621EB997FE751E0C326B2CEC08C5E.d.5E1899D8F888DE18D6F0E35D5FC7F61A.e.5571","ELEMENT":"f.025621EB997FE751E0C326B2CEC08C5E.d.5E1899D8F888DE18D6F0E35D5FC7F61A.e.5571"}]}
RESULT: {"script":"<script> [8489 bytes]","args":[{"element-6066-11e4-a52e-4f735466cecf":"f.025621EB997FE751E0C326B2CEC08C5E.d.5E1899D8F888DE18D6F0E35D5FC7F61A.e.5571","ELEMENT":"f.025621EB997FE751E0C326B2CEC08C5E.d.5E1899D8F888DE18D6F0E35D5FC7F61A.e.5571"}]}
COMMAND: GET /session/17ac9b2ed7eebf123703e812e0574450/element/f.025621EB997FE751E0C326B2CEC08C5E.d.5E1899D8F888DE18D6F0E35D5FC7F61A.e.5571/enabled - {}
COMMAND: GET /session/17ac9b2ed7eebf123703e812e0574450/screenshot - {}
RESULT: {}
COMMAND: POST /session/17ac9b2ed7eebf123703e812e0574450/execute/sync - {"script":"<script> [8489 bytes]","args":[{"element-6066-11e4-a52e-4f735466cecf":"f.025621EB997FE751E0C326B2CEC08C5E.d.5E1899D8F888DE18D6F0E35D5FC7F61A.e.5571","ELEMENT":"f.025621EB997FE751E0C326B2CEC08C5E.d.5E1899D8F888DE18D6F0E35D5FC7F61A.e.5571"}]}
COMMAND: GET /session/17ac9b2ed7eebf123703e812e0574450/screenshot - {}
RESULT: {}
RESULT: {"script":"<script> [8489 bytes]","args":[{"element-6066-11e4-a52e-4f735466cecf":"f.025621EB997FE751E0C326B2CEC08C5E.d.5E1899D8F888DE18D6F0E35D5FC7F61A.e.5571","ELEMENT":"f.025621EB997FE751E0C326B2CEC08C5E.d.5E1899D8F888DE18D6F0E35D5FC7F61A.e.5571"}]}
COMMAND: POST /session/17ac9b2ed7eebf123703e812e0574450/execute/sync - {"script":"<script> [5351 bytes]","args":[{"element-6066-11e4-a52e-4f735466cecf":"f.025621EB997FE751E0C326B2CEC08C5E.d.5E1899D8F888DE18D6F0E35D5FC7F61A.e.5571","ELEMENT":"f.025621EB997FE751E0C326B2CEC08C5E.d.5E1899D8F888DE18D6F0E35D5FC7F61A.e.5571"}]}
COMMAND: GET /session/17ac9b2ed7eebf123703e812e0574450/screenshot - {}
RESULT: {}
RESULT: {"script":"<script> [5351 bytes]","args":[{"element-6066-11e4-a52e-4f735466cecf":"f.025621EB997FE751E0C326B2CEC08C5E.d.5E1899D8F888DE18D6F0E35D5FC7F61A.e.5571","ELEMENT":"f.025621EB997FE751E0C326B2CEC08C5E.d.5E1899D8F888DE18D6F0E35D5FC7F61A.e.5571"}]}
COMMAND: POST /session/17ac9b2ed7eebf123703e812e0574450/element/f.025621EB997FE751E0C326B2CEC08C5E.d.5E1899D8F888DE18D6F0E35D5FC7F61A.e.5571/click - {}
COMMAND: GET /session/17ac9b2ed7eebf123703e812e0574450/screenshot - {}
RESULT: {}
RESULT: {}
COMMAND: GET /session/17ac9b2ed7eebf123703e812e0574450/screenshot - {}
RESULT: {}
COMMAND: POST /session/17ac9b2ed7eebf123703e812e0574450/execute/async - {"script":"<script> [1562 bytes]","args":[{"selector":{"id":"application-manageresources-display-component---newResourceUnit--TYPE-arrow"},"wdio_ui5_key":"applicationmanageresources-display-component---newResourceUnit--TYPE-arrow"}]}
RESULT: {}
RESULT: {"script":"<script> [1562 bytes]","args":[{"selector":{"id":"application-manageresources-display-component---newResourceUnit--TYPE-arrow"},"wdio_ui5_key":"applicationmanageresources-display-component---newResourceUnit--TYPE-arrow"}]}
RESULT: undefined
COMMAND: POST /session/17ac9b2ed7eebf123703e812e0574450/element - {"using":"xpath","value":"//*[@id=\"application-manageresources-display-component---newResourceUnit--TYPE-arrow\"]"}
RESULT: {"using":"xpath","value":"//*[@id=\"application-manageresources-display-component---newResourceUnit--TYPE-arrow\"]"}
COMMAND: POST /session/17ac9b2ed7eebf123703e812e0574450/element/f.025621EB997FE751E0C326B2CEC08C5E.d.5E1899D8F888DE18D6F0E35D5FC7F61A.e.5937/click - {}
RESULT: {}
COMMAND: POST /session/17ac9b2ed7eebf123703e812e0574450/element - {"using":"xpath","value":"//input[@id=\"application-manageresources-display-component---newResourceUnit--TYPE-inner\"]"}
COMMAND: GET /session/17ac9b2ed7eebf123703e812e0574450/screenshot - {}
RESULT: {"using":"xpath","value":"//input[@id=\"application-manageresources-display-component---newResourceUnit--TYPE-inner\"]"}
COMMAND: POST /session/17ac9b2ed7eebf123703e812e0574450/element/f.025621EB997FE751E0C326B2CEC08C5E.d.5E1899D8F888DE18D6F0E35D5FC7F61A.e.5925/clear - {}
RESULT: {}
RESULT: {}
COMMAND: POST /session/17ac9b2ed7eebf123703e812e0574450/element/f.025621EB997FE751E0C326B2CEC08C5E.d.5E1899D8F888DE18D6F0E35D5FC7F61A.e.5925/value - {"text":"Material"}
COMMAND: GET /session/17ac9b2ed7eebf123703e812e0574450/screenshot - {}
RESULT: {"text":"Material"}
COMMAND: GET /session/17ac9b2ed7eebf123703e812e0574450/screenshot - {}
RESULT: {}
RESULT: {}
COMMAND: POST /session/17ac9b2ed7eebf123703e812e0574450/actions - {"actions":[{"id":"action22","type":"key","parameters":{},"actions":[{"type":"keyDown","value":"î€‡"},{"type":"pause","duration":10},{"type":"keyUp","value":"î€‡"}]}]}
RESULT: {"actions":[{"id":"action22","type":"key","parameters":{},"actions":[{"type":"keyDown","value":"î€‡"},{"type":"pause","duration":10},{"type":"keyUp","value":"î€‡"}]}]}
COMMAND: POST /session/17ac9b2ed7eebf123703e812e0574450/execute/async - {"script":"<script> [1562 bytes]","args":[{"selector":{"id":"application-manageresources-display-component---newResourceUnit--SHORT_TEXT","interaction":{"idSuffix":"inner"}},"wdio_ui5_key":"applicationmanageresources-display-component---newResourceUnit--SHORT_TEXT"}]}
COMMAND: GET /session/17ac9b2ed7eebf123703e812e0574450/screenshot - {}
RESULT: {"script":"<script> [1562 bytes]","args":[{"selector":{"id":"application-manageresources-display-component---newResourceUnit--SHORT_TEXT","interaction":{"idSuffix":"inner"}},"wdio_ui5_key":"applicationmanageresources-display-component---newResourceUnit--SHORT_TEXT"}]}
RESULT: undefined
COMMAND: POST /session/17ac9b2ed7eebf123703e812e0574450/execute/async - {"script":"<script> [776 bytes]","args":[{"enterText":"Cement WDIO","selector":{"id":"application-manageresources-display-component---newResourceUnit--SHORT_TEXT","interaction":{"idSuffix":"inner"}},"clearTextFirst":true,"interactionType":"ENTER_TEXT"}]}
RESULT: {}
RESULT: {"script":"<script> [776 bytes]","args":[{"enterText":"Cement WDIO","selector":{"id":"application-manageresources-display-component---newResourceUnit--SHORT_TEXT","interaction":{"idSuffix":"inner"}},"clearTextFirst":true,"interactionType":"ENTER_TEXT"}]}
COMMAND: POST /session/17ac9b2ed7eebf123703e812e0574450/execute/async - {"script":"<script> [1562 bytes]","args":[{"selector":{"id":"application-manageresources-display-component---newResourceUnit--BASE_UNIT_OF_MEASURE","interaction":{"idSuffix":"inner"}},"wdio_ui5_key":"applicationmanageresources-display-component---newResourceUnit--BASE_UNIT_OF_MEASURE"}]}
RESULT: {"script":"<script> [1562 bytes]","args":[{"selector":{"id":"application-manageresources-display-component---newResourceUnit--BASE_UNIT_OF_MEASURE","interaction":{"idSuffix":"inner"}},"wdio_ui5_key":"applicationmanageresources-display-component---newResourceUnit--BASE_UNIT_OF_MEASURE"}]}
RESULT: undefined
COMMAND: POST /session/17ac9b2ed7eebf123703e812e0574450/execute/async - {"script":"<script> [776 bytes]","args":[{"enterText":"Piece","selector":{"id":"application-manageresources-display-component---newResourceUnit--BASE_UNIT_OF_MEASURE","interaction":{"idSuffix":"inner"}},"clearTextFirst":true,"interactionType":"ENTER_TEXT"}]}
RESULT: {"script":"<script> [776 bytes]","args":[{"enterText":"Piece","selector":{"id":"application-manageresources-display-component---newResourceUnit--BASE_UNIT_OF_MEASURE","interaction":{"idSuffix":"inner"}},"clearTextFirst":true,"interactionType":"ENTER_TEXT"}]}
COMMAND: POST /session/17ac9b2ed7eebf123703e812e0574450/execute/async - {"script":"<script> [1562 bytes]","args":[{"selector":{"id":"application-manageresources-display-component---newResourceUnit--WEIGHT_UNIT","interaction":{"idSuffix":"inner"}},"wdio_ui5_key":"applicationmanageresources-display-component---newResourceUnit--WEIGHT_UNIT"}]}
RESULT: {"script":"<script> [1562 bytes]","args":[{"selector":{"id":"application-manageresources-display-component---newResourceUnit--WEIGHT_UNIT","interaction":{"idSuffix":"inner"}},"wdio_ui5_key":"applicationmanageresources-display-component---newResourceUnit--WEIGHT_UNIT"}]}
RESULT: undefined
COMMAND: POST /session/17ac9b2ed7eebf123703e812e0574450/execute/async - {"script":"<script> [776 bytes]","args":[{"enterText":"Gram","selector":{"id":"application-manageresources-display-component---newResourceUnit--WEIGHT_UNIT","interaction":{"idSuffix":"inner"}},"clearTextFirst":true,"interactionType":"ENTER_TEXT"}]}
RESULT: {"script":"<script> [776 bytes]","args":[{"enterText":"Gram","selector":{"id":"application-manageresources-display-component---newResourceUnit--WEIGHT_UNIT","interaction":{"idSuffix":"inner"}},"clearTextFirst":true,"interactionType":"ENTER_TEXT"}]}
COMMAND: POST /session/17ac9b2ed7eebf123703e812e0574450/execute/async - {"script":"<script> [1562 bytes]","args":[{"selector":{"id":"application-manageresources-display-component---newResourceUnit--DIMENSION_UNIT","interaction":{"idSuffix":"inner"}},"wdio_ui5_key":"applicationmanageresources-display-component---newResourceUnit--DIMENSION_UNIT"}]}
RESULT: {"script":"<script> [1562 bytes]","args":[{"selector":{"id":"application-manageresources-display-component---newResourceUnit--DIMENSION_UNIT","interaction":{"idSuffix":"inner"}},"wdio_ui5_key":"applicationmanageresources-display-component---newResourceUnit--DIMENSION_UNIT"}]}
RESULT: undefined
COMMAND: POST /session/17ac9b2ed7eebf123703e812e0574450/execute/async - {"script":"<script> [776 bytes]","args":[{"enterText":"Meter","selector":{"id":"application-manageresources-display-component---newResourceUnit--DIMENSION_UNIT","interaction":{"idSuffix":"inner"}},"clearTextFirst":true,"interactionType":"ENTER_TEXT"}]}
RESULT: {"script":"<script> [776 bytes]","args":[{"enterText":"Meter","selector":{"id":"application-manageresources-display-component---newResourceUnit--DIMENSION_UNIT","interaction":{"idSuffix":"inner"}},"clearTextFirst":true,"interactionType":"ENTER_TEXT"}]}
COMMAND: POST /session/17ac9b2ed7eebf123703e812e0574450/execute/async - {"script":"<script> [1562 bytes]","args":[{"selector":{"id":"application-manageresources-display-component---newResourceUnit--newRRUPage-anchBar-application-manageresources-display-component---newResourceUnit--control-anchor","interaction":{"idSuffix":"BDI-content"}},"wdio_ui5_key":"applicationmanageresources-display-component---newResourceUnit--newRRUPage-anchBar-application-manageresources-display-component---newResourceUnit--control-anchor"}]}
RESULT: {"script":"<script> [1562 bytes]","args":[{"selector":{"id":"application-manageresources-display-component---newResourceUnit--newRRUPage-anchBar-application-manageresources-display-component---newResourceUnit--control-anchor","interaction":{"idSuffix":"BDI-content"}},"wdio_ui5_key":"applicationmanageresources-display-component---newResourceUnit--newRRUPage-anchBar-application-manageresources-display-component---newResourceUnit--control-anchor"}]}
RESULT: undefined
COMMAND: POST /session/17ac9b2ed7eebf123703e812e0574450/element - {"using":"xpath","value":"//*[@id=\"application-manageresources-display-component---newResourceUnit--newRRUPage-anchBar-application-manageresources-display-component---newResourceUnit--control-anchor\"]"}
RESULT: {"using":"xpath","value":"//*[@id=\"application-manageresources-display-component---newResourceUnit--newRRUPage-anchBar-application-manageresources-display-component---newResourceUnit--control-anchor\"]"}
COMMAND: POST /session/17ac9b2ed7eebf123703e812e0574450/element/f.025621EB997FE751E0C326B2CEC08C5E.d.5E1899D8F888DE18D6F0E35D5FC7F61A.e.6068/click - {}
RESULT: {}
COMMAND: POST /session/17ac9b2ed7eebf123703e812e0574450/execute/async - {"script":"<script> [1562 bytes]","args":[{"selector":{"id":"application-manageresources-display-component---newResourceUnit--PLANNING_GROUP","interaction":{"idSuffix":"inner"}},"wdio_ui5_key":"applicationmanageresources-display-component---newResourceUnit--PLANNING_GROUP"}]}
COMMAND: GET /session/17ac9b2ed7eebf123703e812e0574450/screenshot - {}
RESULT: {"script":"<script> [1562 bytes]","args":[{"selector":{"id":"application-manageresources-display-component---newResourceUnit--PLANNING_GROUP","interaction":{"idSuffix":"inner"}},"wdio_ui5_key":"applicationmanageresources-display-component---newResourceUnit--PLANNING_GROUP"}]}
RESULT: undefined
COMMAND: POST /session/17ac9b2ed7eebf123703e812e0574450/execute/async - {"script":"<script> [776 bytes]","args":[{"enterText":"Material","selector":{"id":"application-manageresources-display-component---newResourceUnit--PLANNING_GROUP","interaction":{"idSuffix":"inner"}},"clearTextFirst":true,"interactionType":"ENTER_TEXT"}]}
RESULT: {}
RESULT: {"script":"<script> [776 bytes]","args":[{"enterText":"Material","selector":{"id":"application-manageresources-display-component---newResourceUnit--PLANNING_GROUP","interaction":{"idSuffix":"inner"}},"clearTextFirst":true,"interactionType":"ENTER_TEXT"}]}
COMMAND: POST /session/17ac9b2ed7eebf123703e812e0574450/execute/async - {"script":"<script> [1562 bytes]","args":[{"selector":{"id":"application-manageresources-display-component---newResourceUnit--PLANNING_INDICATOR","interaction":{"idSuffix":"inner"}},"wdio_ui5_key":"applicationmanageresources-display-component---newResourceUnit--PLANNING_INDICATOR"}]}
RESULT: {"script":"<script> [1562 bytes]","args":[{"selector":{"id":"application-manageresources-display-component---newResourceUnit--PLANNING_INDICATOR","interaction":{"idSuffix":"inner"}},"wdio_ui5_key":"applicationmanageresources-display-component---newResourceUnit--PLANNING_INDICATOR"}]}
RESULT: undefined
COMMAND: POST /session/17ac9b2ed7eebf123703e812e0574450/execute/async - {"script":"<script> [776 bytes]","args":[{"enterText":"10 - infinite","selector":{"id":"application-manageresources-display-component---newResourceUnit--PLANNING_INDICATOR","interaction":{"idSuffix":"inner"}},"clearTextFirst":true,"interactionType":"ENTER_TEXT"}]}
RESULT: {"script":"<script> [776 bytes]","args":[{"enterText":"10 - infinite","selector":{"id":"application-manageresources-display-component---newResourceUnit--PLANNING_INDICATOR","interaction":{"idSuffix":"inner"}},"clearTextFirst":true,"interactionType":"ENTER_TEXT"}]}
COMMAND: POST /session/17ac9b2ed7eebf123703e812e0574450/element - {"using":"css selector","value":"#application-manageresources-display-component---newResourceUnit--btnAddTimeSegment"}
RESULT: {"using":"css selector","value":"#application-manageresources-display-component---newResourceUnit--btnAddTimeSegment"}
COMMAND: GET /session/17ac9b2ed7eebf123703e812e0574450/element/f.025621EB997FE751E0C326B2CEC08C5E.d.5E1899D8F888DE18D6F0E35D5FC7F61A.e.6076/rect - {}
RESULT: {}
COMMAND: GET /session/17ac9b2ed7eebf123703e812e0574450/window/rect - {}
RESULT: {}
COMMAND: POST /session/17ac9b2ed7eebf123703e812e0574450/execute/sync - {"script":"<script> [92 bytes]","args":[]}
RESULT: {"script":"<script> [92 bytes]","args":[]}
COMMAND: POST /session/17ac9b2ed7eebf123703e812e0574450/actions - {"actions":[{"id":"action23","type":"wheel","parameters":{},"actions":[{"type":"scroll","x":-1888,"y":-32,"deltaX":0,"deltaY":0,"duration":0,"origin":{"element-6066-11e4-a52e-4f735466cecf":"f.025621EB997FE751E0C326B2CEC08C5E.d.5E1899D8F888DE18D6F0E35D5FC7F61A.e.6076"}}]}]}
COMMAND: GET /session/17ac9b2ed7eebf123703e812e0574450/screenshot - {}
RESULT: {}
COMMAND: POST /session/17ac9b2ed7eebf123703e812e0574450/execute/sync - {"script":"<script> [79 bytes]","args":[{"element-6066-11e4-a52e-4f735466cecf":"f.025621EB997FE751E0C326B2CEC08C5E.d.5E1899D8F888DE18D6F0E35D5FC7F61A.e.6076","ELEMENT":"f.025621EB997FE751E0C326B2CEC08C5E.d.5E1899D8F888DE18D6F0E35D5FC7F61A.e.6076"},{"block":"start","inline":"nearest"}]}
RESULT: {"script":"<script> [79 bytes]","args":[{"element-6066-11e4-a52e-4f735466cecf":"f.025621EB997FE751E0C326B2CEC08C5E.d.5E1899D8F888DE18D6F0E35D5FC7F61A.e.6076","ELEMENT":"f.025621EB997FE751E0C326B2CEC08C5E.d.5E1899D8F888DE18D6F0E35D5FC7F61A.e.6076"},{"block":"start","inline":"nearest"}]}
COMMAND: POST /session/17ac9b2ed7eebf123703e812e0574450/execute/async - {"script":"<script> [1562 bytes]","args":[{"selector":{"id":"application-manageresources-display-component---newResourceUnit--btnAddTimeSegment","interaction":{"idSuffix":"inner"}},"wdio_ui5_key":"applicationmanageresources-display-component---newResourceUnit--btnAddTimeSegment"}]}
COMMAND: GET /session/17ac9b2ed7eebf123703e812e0574450/screenshot - {}
RESULT: {"script":"<script> [1562 bytes]","args":[{"selector":{"id":"application-manageresources-display-component---newResourceUnit--btnAddTimeSegment","interaction":{"idSuffix":"inner"}},"wdio_ui5_key":"applicationmanageresources-display-component---newResourceUnit--btnAddTimeSegment"}]}
RESULT: undefined
COMMAND: POST /session/17ac9b2ed7eebf123703e812e0574450/element - {"using":"xpath","value":"//*[@id=\"application-manageresources-display-component---newResourceUnit--btnAddTimeSegment\"]"}
RESULT: {}
RESULT: {"using":"xpath","value":"//*[@id=\"application-manageresources-display-component---newResourceUnit--btnAddTimeSegment\"]"}
COMMAND: POST /session/17ac9b2ed7eebf123703e812e0574450/element/f.025621EB997FE751E0C326B2CEC08C5E.d.5E1899D8F888DE18D6F0E35D5FC7F61A.e.6076/click - {}
RESULT: {}
COMMAND: GET /session/17ac9b2ed7eebf123703e812e0574450/screenshot - {}
RESULT: {}
COMMAND: POST /session/17ac9b2ed7eebf123703e812e0574450/element - {"using":"xpath","value":"//input[@id=\"application-manageresources-display-component---newResourceUnit--idRuTSAdmin-application-manageresources-display-component---newResourceUnit--RUTimeSegment-0-inner\"]"}
RESULT: {"using":"xpath","value":"//input[@id=\"application-manageresources-display-component---newResourceUnit--idRuTSAdmin-application-manageresources-display-component---newResourceUnit--RUTimeSegment-0-inner\"]"}
COMMAND: POST /session/17ac9b2ed7eebf123703e812e0574450/element/f.025621EB997FE751E0C326B2CEC08C5E.d.5E1899D8F888DE18D6F0E35D5FC7F61A.e.6081/clear - {}
RESULT: {}
COMMAND: POST /session/17ac9b2ed7eebf123703e812e0574450/element/f.025621EB997FE751E0C326B2CEC08C5E.d.5E1899D8F888DE18D6F0E35D5FC7F61A.e.6081/value - {"text":"590"}
COMMAND: GET /session/17ac9b2ed7eebf123703e812e0574450/screenshot - {}
RESULT: {"text":"590"}
COMMAND: GET /session/17ac9b2ed7eebf123703e812e0574450/screenshot - {}
RESULT: {}
RESULT: {}
COMMAND: POST /session/17ac9b2ed7eebf123703e812e0574450/element - {"using":"xpath","value":"//li[.//span[text()='590']]"}
RESULT: {"using":"xpath","value":"//li[.//span[text()='590']]"}
COMMAND: POST /session/17ac9b2ed7eebf123703e812e0574450/element/f.025621EB997FE751E0C326B2CEC08C5E.d.5E1899D8F888DE18D6F0E35D5FC7F61A.e.6090/click - {}
RESULT: {}
COMMAND: GET /session/17ac9b2ed7eebf123703e812e0574450/screenshot - {}
RESULT: {}
COMMAND: POST /session/17ac9b2ed7eebf123703e812e0574450/element - {"using":"xpath","value":"(//span[contains(@id, \"-application-manageresources-display-component---newResourceUnit--RUTimeSegment-0-arrow\")])[2]"}
RESULT: {"using":"xpath","value":"(//span[contains(@id, \"-application-manageresources-display-component---newResourceUnit--RUTimeSegment-0-arrow\")])[2]"}
COMMAND: POST /session/17ac9b2ed7eebf123703e812e0574450/element/f.025621EB997FE751E0C326B2CEC08C5E.d.5E1899D8F888DE18D6F0E35D5FC7F61A.e.6091/click - {}
RESULT: {}
COMMAND: POST /session/17ac9b2ed7eebf123703e812e0574450/element - {"using":"xpath","value":"//span[contains(text(), \"PM Order\")]"}
COMMAND: GET /session/17ac9b2ed7eebf123703e812e0574450/screenshot - {}
RESULT: {"using":"xpath","value":"//span[contains(text(), \"PM Order\")]"}
COMMAND: POST /session/17ac9b2ed7eebf123703e812e0574450/element/f.025621EB997FE751E0C326B2CEC08C5E.d.5E1899D8F888DE18D6F0E35D5FC7F61A.e.6092/click - {}
RESULT: {}
RESULT: {}
COMMAND: GET /session/17ac9b2ed7eebf123703e812e0574450/screenshot - {}
RESULT: {}
COMMAND: POST /session/17ac9b2ed7eebf123703e812e0574450/element - {"using":"xpath","value":"//td/div/div/div/span[contains(@id, \"newResourceUnit--RUTimeSegment-0-vhi\")][1]"}
RESULT: {"using":"xpath","value":"//td/div/div/div/span[contains(@id, \"newResourceUnit--RUTimeSegment-0-vhi\")][1]"}
COMMAND: GET /session/17ac9b2ed7eebf123703e812e0574450/element/f.025621EB997FE751E0C326B2CEC08C5E.d.5E1899D8F888DE18D6F0E35D5FC7F61A.e.6096/rect - {}
RESULT: {}
COMMAND: GET /session/17ac9b2ed7eebf123703e812e0574450/window/rect - {}
RESULT: {}
COMMAND: POST /session/17ac9b2ed7eebf123703e812e0574450/execute/sync - {"script":"<script> [92 bytes]","args":[]}
RESULT: {"script":"<script> [92 bytes]","args":[]}
COMMAND: POST /session/17ac9b2ed7eebf123703e812e0574450/actions - {"actions":[{"id":"action24","type":"wheel","parameters":{},"actions":[{"type":"scroll","x":-1888,"y":-24,"deltaX":0,"deltaY":0,"duration":0,"origin":{"element-6066-11e4-a52e-4f735466cecf":"f.025621EB997FE751E0C326B2CEC08C5E.d.5E1899D8F888DE18D6F0E35D5FC7F61A.e.6096"}}]}]}
COMMAND: GET /session/17ac9b2ed7eebf123703e812e0574450/screenshot - {}
RESULT: {}
COMMAND: POST /session/17ac9b2ed7eebf123703e812e0574450/execute/sync - {"script":"<script> [79 bytes]","args":[{"element-6066-11e4-a52e-4f735466cecf":"f.025621EB997FE751E0C326B2CEC08C5E.d.5E1899D8F888DE18D6F0E35D5FC7F61A.e.6096","ELEMENT":"f.025621EB997FE751E0C326B2CEC08C5E.d.5E1899D8F888DE18D6F0E35D5FC7F61A.e.6096"},{"block":"start","inline":"nearest"}]}
RESULT: {"script":"<script> [79 bytes]","args":[{"element-6066-11e4-a52e-4f735466cecf":"f.025621EB997FE751E0C326B2CEC08C5E.d.5E1899D8F888DE18D6F0E35D5FC7F61A.e.6096","ELEMENT":"f.025621EB997FE751E0C326B2CEC08C5E.d.5E1899D8F888DE18D6F0E35D5FC7F61A.e.6096"},{"block":"start","inline":"nearest"}]}
COMMAND: GET /session/17ac9b2ed7eebf123703e812e0574450/screenshot - {}
RESULT: {}
COMMAND: POST /session/17ac9b2ed7eebf123703e812e0574450/element/f.025621EB997FE751E0C326B2CEC08C5E.d.5E1899D8F888DE18D6F0E35D5FC7F61A.e.6096/click - {}
RESULT: {}
COMMAND: GET /session/17ac9b2ed7eebf123703e812e0574450/screenshot - {}
RESULT: {}
COMMAND: POST /session/17ac9b2ed7eebf123703e812e0574450/execute/async - {"script":"<script> [1562 bytes]","args":[{"selector":{"controlType":"sap.m.SearchField","properties":{"placeholder":"Search"},"searchOpenDialogs":true,"interaction":{"idSuffix":"I"}},"wdio_ui5_key":"sapm.SearchField{\"placeholder\":\"Search\"}"}]}
RESULT: {"script":"<script> [1562 bytes]","args":[{"selector":{"controlType":"sap.m.SearchField","properties":{"placeholder":"Search"},"searchOpenDialogs":true,"interaction":{"idSuffix":"I"}},"wdio_ui5_key":"sapm.SearchField{\"placeholder\":\"Search\"}"}]}
RESULT: undefined
COMMAND: POST /session/17ac9b2ed7eebf123703e812e0574450/execute/async - {"script":"<script> [776 bytes]","args":[{"enterText":"4000360","selector":{"controlType":"sap.m.SearchField","properties":{"placeholder":"Search"},"searchOpenDialogs":true,"interaction":{"idSuffix":"I"}},"clearTextFirst":true,"interactionType":"ENTER_TEXT"}]}
RESULT: {"script":"<script> [776 bytes]","args":[{"enterText":"4000360","selector":{"controlType":"sap.m.SearchField","properties":{"placeholder":"Search"},"searchOpenDialogs":true,"interaction":{"idSuffix":"I"}},"clearTextFirst":true,"interactionType":"ENTER_TEXT"}]}
COMMAND: POST /session/17ac9b2ed7eebf123703e812e0574450/actions - {"actions":[{"id":"action25","type":"key","parameters":{},"actions":[{"type":"keyDown","value":"î€‡"},{"type":"pause","duration":10},{"type":"keyUp","value":"î€‡"}]}]}
RESULT: {"actions":[{"id":"action25","type":"key","parameters":{},"actions":[{"type":"keyDown","value":"î€‡"},{"type":"pause","duration":10},{"type":"keyUp","value":"î€‡"}]}]}
COMMAND: GET /session/17ac9b2ed7eebf123703e812e0574450/screenshot - {}
RESULT: {}
COMMAND: POST /session/17ac9b2ed7eebf123703e812e0574450/element - {"using":"xpath","value":"//td/div/span[contains(text(), \"BGL Vehicles\")]"}
RESULT: {"using":"xpath","value":"//td/div/span[contains(text(), \"BGL Vehicles\")]"}
COMMAND: POST /session/17ac9b2ed7eebf123703e812e0574450/element/f.025621EB997FE751E0C326B2CEC08C5E.d.5E1899D8F888DE18D6F0E35D5FC7F61A.e.6118/click - {}
RESULT: {}
COMMAND: GET /session/17ac9b2ed7eebf123703e812e0574450/screenshot - {}
RESULT: {}
COMMAND: POST /session/17ac9b2ed7eebf123703e812e0574450/element - {"using":"xpath","value":"//bdi[contains(text(), \"OK\")]"}
RESULT: {"using":"xpath","value":"//bdi[contains(text(), \"OK\")]"}
COMMAND: POST /session/17ac9b2ed7eebf123703e812e0574450/element/f.025621EB997FE751E0C326B2CEC08C5E.d.5E1899D8F888DE18D6F0E35D5FC7F61A.e.6119/click - {}
RESULT: {}
COMMAND: GET /session/17ac9b2ed7eebf123703e812e0574450/screenshot - {}
RESULT: {}
COMMAND: POST /session/17ac9b2ed7eebf123703e812e0574450/element - {"using":"xpath","value":"//label[contains(@class, 'sapMLabelRequired') and .//bdi[contains(text(), 'Planned Retirement')]]"}
RESULT: {"using":"xpath","value":"//label[contains(@class, 'sapMLabelRequired') and .//bdi[contains(text(), 'Planned Retirement')]]"}
COMMAND: POST /session/17ac9b2ed7eebf123703e812e0574450/elements - {"using":"xpath","value":"//label[contains(@class, 'sapMLabelRequired') and .//bdi[contains(text(), 'Planned Retirement')]]"}
RESULT: {"using":"xpath","value":"//label[contains(@class, 'sapMLabelRequired') and .//bdi[contains(text(), 'Planned Retirement')]]"}
COMMAND: POST /session/17ac9b2ed7eebf123703e812e0574450/element - {"using":"xpath","value":"//button[@data-kt=\"resourceUnitSaveButton\"]"}
RESULT: {"using":"xpath","value":"//button[@data-kt=\"resourceUnitSaveButton\"]"}
COMMAND: POST /session/17ac9b2ed7eebf123703e812e0574450/element/f.025621EB997FE751E0C326B2CEC08C5E.d.5E1899D8F888DE18D6F0E35D5FC7F61A.e.5954/click - {}
RESULT: {}
COMMAND: GET /session/17ac9b2ed7eebf123703e812e0574450/screenshot - {}
RESULT: {}
COMMAND: POST /session/17ac9b2ed7eebf123703e812e0574450/element - {"using":"xpath","value":"//bdi[contains(text(), \"Close\")]"}
RESULT: {"using":"xpath","value":"//bdi[contains(text(), \"Close\")]"}
COMMAND: POST /session/17ac9b2ed7eebf123703e812e0574450/element/f.025621EB997FE751E0C326B2CEC08C5E.d.5E1899D8F888DE18D6F0E35D5FC7F61A.e.6126/click - {}
RESULT: {}
COMMAND: GET /session/17ac9b2ed7eebf123703e812e0574450/screenshot - {}
RESULT: {}
COMMAND: POST /session/17ac9b2ed7eebf123703e812e0574450/element - {"using":"xpath","value":"//header[contains(@id, 'detailRruPage-headerTitle')]/div[1]/div[2]/div[2]/span[1]"}
RESULT: {"using":"xpath","value":"//header[contains(@id, 'detailRruPage-headerTitle')]/div[1]/div[2]/div[2]/span[1]"}
COMMAND: POST /session/17ac9b2ed7eebf123703e812e0574450/elements - {"using":"xpath","value":"//header[contains(@id, 'detailRruPage-headerTitle')]/div[1]/div[2]/div[2]/span[1]"}
RESULT: {"using":"xpath","value":"//header[contains(@id, 'detailRruPage-headerTitle')]/div[1]/div[2]/div[2]/span[1]"}
COMMAND: POST /session/17ac9b2ed7eebf123703e812e0574450/execute/sync - {"script":"<script> [56 bytes]","args":[{"element-6066-11e4-a52e-4f735466cecf":"f.025621EB997FE751E0C326B2CEC08C5E.d.5E1899D8F888DE18D6F0E35D5FC7F61A.e.6154","ELEMENT":"f.025621EB997FE751E0C326B2CEC08C5E.d.5E1899D8F888DE18D6F0E35D5FC7F61A.e.6154"}]}
RESULT: {"script":"<script> [56 bytes]","args":[{"element-6066-11e4-a52e-4f735466cecf":"f.025621EB997FE751E0C326B2CEC08C5E.d.5E1899D8F888DE18D6F0E35D5FC7F61A.e.6154","ELEMENT":"f.025621EB997FE751E0C326B2CEC08C5E.d.5E1899D8F888DE18D6F0E35D5FC7F61A.e.6154"}]}
COMMAND: POST /session/17ac9b2ed7eebf123703e812e0574450/element - {"using":"css selector","value":"#shell-header-logo"}
COMMAND: GET /session/17ac9b2ed7eebf123703e812e0574450/screenshot - {}
RESULT: {"using":"css selector","value":"#shell-header-logo"}
COMMAND: POST /session/17ac9b2ed7eebf123703e812e0574450/element/f.025621EB997FE751E0C326B2CEC08C5E.d.5E1899D8F888DE18D6F0E35D5FC7F61A.e.5423/click - {}
RESULT: {}
RESULT: {}
COMMAND: GET /session/17ac9b2ed7eebf123703e812e0574450/screenshot - {}
RESULT: {}
]]></system-out>
    </testcase>
    <testcase classname="chrome.136_0_7103_93.windows.Provide_to_Site_w/_warehouse_management_w/o_clarification_US113782_" name="Bin Status Report Should Create New Organization yard" time="0.005" />
    <testcase classname="chrome.136_0_7103_93.windows.Provide_to_Site_w/_warehouse_management_w/o_clarification_US113782_" name="Bin Status Report Should Create New Organization for Site" time="0.005" />
  </testsuite>
  <testsuite timestamp="2025-06-02T16:44:31" time="306.677" tests="5" failures="5" errors="5" skipped="0">
    <properties>
      <property name="specId" value="0" />
      <property name="suiteName" value="Provide to Site w/ warehouse management wo clarification" />
      <property name="capabilities" value="chrome.136_0_7103_93.windows" />
      <property name="file" value="file:///D:/a/1/s/test/specs/HTR/provide-to-site-w-warehouse-wo-clarification.spec.js" />
    </properties>
  </testsuite>
  <testsuite timestamp="2025-06-02T16:49:37" time="475.485" tests="4" failures="0" errors="0" skipped="0">
    <properties>
      <property name="specId" value="0" />
      <property name="suiteName" value="Provide to Site w/o warehouse management w/ clarification US116605" />
      <property name="capabilities" value="chrome.136_0_7103_93.windows" />
      <property name="file" value="file:///D:/a/1/s/test/specs/HTR/provide-to-site-wo-warehouse-w-clarification.spec.js" />
    </properties>
    <testcase classname="chrome.136_0_7103_93.windows.Provide_to_Site_w/o_warehouse_management_w/_clarification_US116605" name="Should create a new yard" time="132.205">
      <system-out><![CDATA[
COMMAND: POST /session/17ac9b2ed7eebf123703e812e0574450/window/fullscreen - {}
RESULT: {}
COMMAND: POST /session/17ac9b2ed7eebf123703e812e0574450/execute/async - {"script":"<script> [1562 bytes]","args":[{"selector":{"controlType":"sap.m.GenericTile","properties":{"header":"Manage Yards"}},"wdio_ui5_key":"sapm.GenericTile{\"header\":\"Manage Yards\"}"}]}
RESULT: {"script":"<script> [1562 bytes]","args":[{"selector":{"controlType":"sap.m.GenericTile","properties":{"header":"Manage Yards"}},"wdio_ui5_key":"sapm.GenericTile{\"header\":\"Manage Yards\"}"}]}
RESULT: undefined
COMMAND: POST /session/17ac9b2ed7eebf123703e812e0574450/element - {"using":"xpath","value":"//*[@id=\"__tile33\"]"}
RESULT: {"using":"xpath","value":"//*[@id=\"__tile33\"]"}
COMMAND: POST /session/17ac9b2ed7eebf123703e812e0574450/element/f.025621EB997FE751E0C326B2CEC08C5E.d.AC740A0A102D5372EC4B705D5CB30E6E.e.6595/click - {}
RESULT: {}
COMMAND: GET /session/17ac9b2ed7eebf123703e812e0574450/screenshot - {}
RESULT: {}
COMMAND: POST /session/17ac9b2ed7eebf123703e812e0574450/elements - {"using":"xpath","value":"//span[text()='Error']"}
RESULT: {"using":"xpath","value":"//span[text()='Error']"}
COMMAND: POST /session/17ac9b2ed7eebf123703e812e0574450/element - {"using":"xpath","value":"//button[@data-kt=\"addNewYardOverflowToolbarButton\"]"}
RESULT: {"using":"xpath","value":"//button[@data-kt=\"addNewYardOverflowToolbarButton\"]"}
COMMAND: POST /session/17ac9b2ed7eebf123703e812e0574450/elements - {"using":"xpath","value":"//button[@data-kt=\"addNewYardOverflowToolbarButton\"]"}
RESULT: {"using":"xpath","value":"//button[@data-kt=\"addNewYardOverflowToolbarButton\"]"}
COMMAND: POST /session/17ac9b2ed7eebf123703e812e0574450/elements - {"using":"xpath","value":"//button[@data-kt=\"addNewYardOverflowToolbarButton\"]"}
RESULT: {"using":"xpath","value":"//button[@data-kt=\"addNewYardOverflowToolbarButton\"]"}
COMMAND: POST /session/17ac9b2ed7eebf123703e812e0574450/elements - {"using":"xpath","value":"//button[@data-kt=\"addNewYardOverflowToolbarButton\"]"}
RESULT: {"using":"xpath","value":"//button[@data-kt=\"addNewYardOverflowToolbarButton\"]"}
COMMAND: POST /session/17ac9b2ed7eebf123703e812e0574450/elements - {"using":"xpath","value":"//button[@data-kt=\"addNewYardOverflowToolbarButton\"]"}
RESULT: {"using":"xpath","value":"//button[@data-kt=\"addNewYardOverflowToolbarButton\"]"}
COMMAND: POST /session/17ac9b2ed7eebf123703e812e0574450/elements - {"using":"xpath","value":"//button[@data-kt=\"addNewYardOverflowToolbarButton\"]"}
RESULT: {"using":"xpath","value":"//button[@data-kt=\"addNewYardOverflowToolbarButton\"]"}
COMMAND: POST /session/17ac9b2ed7eebf123703e812e0574450/element - {"using":"xpath","value":"//button[@data-kt=\"addNewYardOverflowToolbarButton\"]"}
RESULT: {"using":"xpath","value":"//button[@data-kt=\"addNewYardOverflowToolbarButton\"]"}
COMMAND: POST /session/17ac9b2ed7eebf123703e812e0574450/execute/sync - {"script":"<script> [8489 bytes]","args":[{"element-6066-11e4-a52e-4f735466cecf":"f.025621EB997FE751E0C326B2CEC08C5E.d.AC740A0A102D5372EC4B705D5CB30E6E.e.6720","ELEMENT":"f.025621EB997FE751E0C326B2CEC08C5E.d.AC740A0A102D5372EC4B705D5CB30E6E.e.6720"}]}
RESULT: {"script":"<script> [8489 bytes]","args":[{"element-6066-11e4-a52e-4f735466cecf":"f.025621EB997FE751E0C326B2CEC08C5E.d.AC740A0A102D5372EC4B705D5CB30E6E.e.6720","ELEMENT":"f.025621EB997FE751E0C326B2CEC08C5E.d.AC740A0A102D5372EC4B705D5CB30E6E.e.6720"}]}
COMMAND: GET /session/17ac9b2ed7eebf123703e812e0574450/element/f.025621EB997FE751E0C326B2CEC08C5E.d.AC740A0A102D5372EC4B705D5CB30E6E.e.6720/enabled - {}
COMMAND: GET /session/17ac9b2ed7eebf123703e812e0574450/screenshot - {}
RESULT: {}
COMMAND: POST /session/17ac9b2ed7eebf123703e812e0574450/execute/sync - {"script":"<script> [8489 bytes]","args":[{"element-6066-11e4-a52e-4f735466cecf":"f.025621EB997FE751E0C326B2CEC08C5E.d.AC740A0A102D5372EC4B705D5CB30E6E.e.6720","ELEMENT":"f.025621EB997FE751E0C326B2CEC08C5E.d.AC740A0A102D5372EC4B705D5CB30E6E.e.6720"}]}
COMMAND: GET /session/17ac9b2ed7eebf123703e812e0574450/screenshot - {}
RESULT: {}
RESULT: {"script":"<script> [8489 bytes]","args":[{"element-6066-11e4-a52e-4f735466cecf":"f.025621EB997FE751E0C326B2CEC08C5E.d.AC740A0A102D5372EC4B705D5CB30E6E.e.6720","ELEMENT":"f.025621EB997FE751E0C326B2CEC08C5E.d.AC740A0A102D5372EC4B705D5CB30E6E.e.6720"}]}
COMMAND: POST /session/17ac9b2ed7eebf123703e812e0574450/execute/sync - {"script":"<script> [5351 bytes]","args":[{"element-6066-11e4-a52e-4f735466cecf":"f.025621EB997FE751E0C326B2CEC08C5E.d.AC740A0A102D5372EC4B705D5CB30E6E.e.6720","ELEMENT":"f.025621EB997FE751E0C326B2CEC08C5E.d.AC740A0A102D5372EC4B705D5CB30E6E.e.6720"}]}
COMMAND: GET /session/17ac9b2ed7eebf123703e812e0574450/screenshot - {}
RESULT: {}
RESULT: {"script":"<script> [5351 bytes]","args":[{"element-6066-11e4-a52e-4f735466cecf":"f.025621EB997FE751E0C326B2CEC08C5E.d.AC740A0A102D5372EC4B705D5CB30E6E.e.6720","ELEMENT":"f.025621EB997FE751E0C326B2CEC08C5E.d.AC740A0A102D5372EC4B705D5CB30E6E.e.6720"}]}
COMMAND: POST /session/17ac9b2ed7eebf123703e812e0574450/element/f.025621EB997FE751E0C326B2CEC08C5E.d.AC740A0A102D5372EC4B705D5CB30E6E.e.6720/click - {}
COMMAND: GET /session/17ac9b2ed7eebf123703e812e0574450/screenshot - {}
RESULT: {}
RESULT: {}
COMMAND: GET /session/17ac9b2ed7eebf123703e812e0574450/screenshot - {}
RESULT: {}
COMMAND: POST /session/17ac9b2ed7eebf123703e812e0574450/element - {"using":"xpath","value":"//input[@id=\"application-manageyards-display-component---NewYard--yardId-inner\"]"}
RESULT: {}
RESULT: {"using":"xpath","value":"//input[@id=\"application-manageyards-display-component---NewYard--yardId-inner\"]"}
COMMAND: POST /session/17ac9b2ed7eebf123703e812e0574450/element - {"using":"xpath","value":"//input[@id=\"application-manageyards-display-component---NewYard--yardId-inner\"]"}
RESULT: {"using":"xpath","value":"//input[@id=\"application-manageyards-display-component---NewYard--yardId-inner\"]"}
COMMAND: POST /session/17ac9b2ed7eebf123703e812e0574450/execute/async - {"script":"<script> [1562 bytes]","args":[{"selector":{"id":"application-manageyards-display-component---NewYard--addressDetailDetailsName1","interaction":{"idSuffix":"inner"}},"wdio_ui5_key":"applicationmanageyards-display-component---NewYard--addressDetailDetailsName1"}]}
RESULT: {"script":"<script> [1562 bytes]","args":[{"selector":{"id":"application-manageyards-display-component---NewYard--addressDetailDetailsName1","interaction":{"idSuffix":"inner"}},"wdio_ui5_key":"applicationmanageyards-display-component---NewYard--addressDetailDetailsName1"}]}
RESULT: undefined
COMMAND: POST /session/17ac9b2ed7eebf123703e812e0574450/execute/async - {"script":"<script> [776 bytes]","args":[{"enterText":"Other Yard WDIO","selector":{"id":"application-manageyards-display-component---NewYard--addressDetailDetailsName1","interaction":{"idSuffix":"inner"}},"clearTextFirst":true,"interactionType":"ENTER_TEXT"}]}
RESULT: {"script":"<script> [776 bytes]","args":[{"enterText":"Other Yard WDIO","selector":{"id":"application-manageyards-display-component---NewYard--addressDetailDetailsName1","interaction":{"idSuffix":"inner"}},"clearTextFirst":true,"interactionType":"ENTER_TEXT"}]}
COMMAND: POST /session/17ac9b2ed7eebf123703e812e0574450/execute/async - {"script":"<script> [1562 bytes]","args":[{"selector":{"id":"application-manageyards-display-component---NewYard--addressDetailDetailsLanguage-arrow"},"wdio_ui5_key":"applicationmanageyards-display-component---NewYard--addressDetailDetailsLanguage-arrow"}]}
RESULT: {"script":"<script> [1562 bytes]","args":[{"selector":{"id":"application-manageyards-display-component---NewYard--addressDetailDetailsLanguage-arrow"},"wdio_ui5_key":"applicationmanageyards-display-component---NewYard--addressDetailDetailsLanguage-arrow"}]}
RESULT: undefined
COMMAND: POST /session/17ac9b2ed7eebf123703e812e0574450/element - {"using":"xpath","value":"//*[@id=\"application-manageyards-display-component---NewYard--addressDetailDetailsLanguage-arrow\"]"}
RESULT: {"using":"xpath","value":"//*[@id=\"application-manageyards-display-component---NewYard--addressDetailDetailsLanguage-arrow\"]"}
COMMAND: POST /session/17ac9b2ed7eebf123703e812e0574450/element/f.025621EB997FE751E0C326B2CEC08C5E.d.AC740A0A102D5372EC4B705D5CB30E6E.e.7158/click - {}
RESULT: {}
COMMAND: POST /session/17ac9b2ed7eebf123703e812e0574450/element - {"using":"xpath","value":"//span[contains(text(), \"English\")]"}
COMMAND: GET /session/17ac9b2ed7eebf123703e812e0574450/screenshot - {}
RESULT: {"using":"xpath","value":"//span[contains(text(), \"English\")]"}
COMMAND: POST /session/17ac9b2ed7eebf123703e812e0574450/element/f.025621EB997FE751E0C326B2CEC08C5E.d.AC740A0A102D5372EC4B705D5CB30E6E.e.7159/click - {}
RESULT: {}
RESULT: {}
COMMAND: POST /session/17ac9b2ed7eebf123703e812e0574450/execute/async - {"script":"<script> [1562 bytes]","args":[{"selector":{"id":"application-manageyards-display-component---NewYard--addressDetailDetailsCity1","interaction":{"idSuffix":"inner"}},"wdio_ui5_key":"applicationmanageyards-display-component---NewYard--addressDetailDetailsCity1"}]}
COMMAND: GET /session/17ac9b2ed7eebf123703e812e0574450/screenshot - {}
RESULT: {"script":"<script> [1562 bytes]","args":[{"selector":{"id":"application-manageyards-display-component---NewYard--addressDetailDetailsCity1","interaction":{"idSuffix":"inner"}},"wdio_ui5_key":"applicationmanageyards-display-component---NewYard--addressDetailDetailsCity1"}]}
RESULT: undefined
COMMAND: POST /session/17ac9b2ed7eebf123703e812e0574450/execute/async - {"script":"<script> [776 bytes]","args":[{"enterText":"Rosario","selector":{"id":"application-manageyards-display-component---NewYard--addressDetailDetailsCity1","interaction":{"idSuffix":"inner"}},"clearTextFirst":true,"interactionType":"ENTER_TEXT"}]}
RESULT: {}
RESULT: {"script":"<script> [776 bytes]","args":[{"enterText":"Rosario","selector":{"id":"application-manageyards-display-component---NewYard--addressDetailDetailsCity1","interaction":{"idSuffix":"inner"}},"clearTextFirst":true,"interactionType":"ENTER_TEXT"}]}
COMMAND: POST /session/17ac9b2ed7eebf123703e812e0574450/execute/async - {"script":"<script> [1562 bytes]","args":[{"selector":{"id":"application-manageyards-display-component---NewYard--addressDetailDetailsCountry-arrow"},"wdio_ui5_key":"applicationmanageyards-display-component---NewYard--addressDetailDetailsCountry-arrow"}]}
RESULT: {"script":"<script> [1562 bytes]","args":[{"selector":{"id":"application-manageyards-display-component---NewYard--addressDetailDetailsCountry-arrow"},"wdio_ui5_key":"applicationmanageyards-display-component---NewYard--addressDetailDetailsCountry-arrow"}]}
RESULT: undefined
COMMAND: POST /session/17ac9b2ed7eebf123703e812e0574450/element - {"using":"xpath","value":"//*[@id=\"application-manageyards-display-component---NewYard--addressDetailDetailsCountry-arrow\"]"}
RESULT: {"using":"xpath","value":"//*[@id=\"application-manageyards-display-component---NewYard--addressDetailDetailsCountry-arrow\"]"}
COMMAND: POST /session/17ac9b2ed7eebf123703e812e0574450/element/f.025621EB997FE751E0C326B2CEC08C5E.d.AC740A0A102D5372EC4B705D5CB30E6E.e.7161/click - {}
RESULT: {}
COMMAND: POST /session/17ac9b2ed7eebf123703e812e0574450/element - {"using":"xpath","value":"//span[contains(text(), \"Argentina\")]"}
COMMAND: GET /session/17ac9b2ed7eebf123703e812e0574450/screenshot - {}
RESULT: {"using":"xpath","value":"//span[contains(text(), \"Argentina\")]"}
COMMAND: POST /session/17ac9b2ed7eebf123703e812e0574450/element/f.025621EB997FE751E0C326B2CEC08C5E.d.AC740A0A102D5372EC4B705D5CB30E6E.e.7162/click - {}
RESULT: {}
RESULT: {}
COMMAND: POST /session/17ac9b2ed7eebf123703e812e0574450/execute/async - {"script":"<script> [1562 bytes]","args":[{"selector":{"id":"application-manageyards-display-component---NewYard--addressEditDetailsCostObjectCstType-arrow"},"wdio_ui5_key":"applicationmanageyards-display-component---NewYard--addressEditDetailsCostObjectCstType-arrow"}]}
COMMAND: GET /session/17ac9b2ed7eebf123703e812e0574450/screenshot - {}
RESULT: {"script":"<script> [1562 bytes]","args":[{"selector":{"id":"application-manageyards-display-component---NewYard--addressEditDetailsCostObjectCstType-arrow"},"wdio_ui5_key":"applicationmanageyards-display-component---NewYard--addressEditDetailsCostObjectCstType-arrow"}]}
RESULT: undefined
COMMAND: POST /session/17ac9b2ed7eebf123703e812e0574450/element - {"using":"xpath","value":"//*[@id=\"application-manageyards-display-component---NewYard--addressEditDetailsCostObjectCstType-arrow\"]"}
RESULT: {}
RESULT: {"using":"xpath","value":"//*[@id=\"application-manageyards-display-component---NewYard--addressEditDetailsCostObjectCstType-arrow\"]"}
COMMAND: POST /session/17ac9b2ed7eebf123703e812e0574450/element/f.025621EB997FE751E0C326B2CEC08C5E.d.AC740A0A102D5372EC4B705D5CB30E6E.e.7164/click - {}
RESULT: {}
COMMAND: POST /session/17ac9b2ed7eebf123703e812e0574450/element - {"using":"xpath","value":"//span[contains(text(), \"Cost Center\")]"}
COMMAND: GET /session/17ac9b2ed7eebf123703e812e0574450/screenshot - {}
RESULT: {"using":"xpath","value":"//span[contains(text(), \"Cost Center\")]"}
COMMAND: POST /session/17ac9b2ed7eebf123703e812e0574450/element/f.025621EB997FE751E0C326B2CEC08C5E.d.AC740A0A102D5372EC4B705D5CB30E6E.e.7165/click - {}
RESULT: {}
RESULT: {}
COMMAND: GET /session/17ac9b2ed7eebf123703e812e0574450/screenshot - {}
RESULT: {}
COMMAND: POST /session/17ac9b2ed7eebf123703e812e0574450/element - {"using":"xpath","value":"//span[@id=\"application-manageyards-display-component---NewYard--addressNewCostObjectCstID-vhi\"]"}
RESULT: {"using":"xpath","value":"//span[@id=\"application-manageyards-display-component---NewYard--addressNewCostObjectCstID-vhi\"]"}
COMMAND: POST /session/17ac9b2ed7eebf123703e812e0574450/execute/sync - {"script":"<script> [8489 bytes]","args":[{"element-6066-11e4-a52e-4f735466cecf":"f.025621EB997FE751E0C326B2CEC08C5E.d.AC740A0A102D5372EC4B705D5CB30E6E.e.7169","ELEMENT":"f.025621EB997FE751E0C326B2CEC08C5E.d.AC740A0A102D5372EC4B705D5CB30E6E.e.7169"}]}
RESULT: {"script":"<script> [8489 bytes]","args":[{"element-6066-11e4-a52e-4f735466cecf":"f.025621EB997FE751E0C326B2CEC08C5E.d.AC740A0A102D5372EC4B705D5CB30E6E.e.7169","ELEMENT":"f.025621EB997FE751E0C326B2CEC08C5E.d.AC740A0A102D5372EC4B705D5CB30E6E.e.7169"}]}
COMMAND: POST /session/17ac9b2ed7eebf123703e812e0574450/execute/async - {"script":"<script> [1562 bytes]","args":[{"selector":{"id":"application-manageyards-display-component---NewYard--addressNewCostObjectCstID-vhi"},"wdio_ui5_key":"applicationmanageyards-display-component---NewYard--addressNewCostObjectCstID-vhi"}]}
COMMAND: GET /session/17ac9b2ed7eebf123703e812e0574450/screenshot - {}
RESULT: {"script":"<script> [1562 bytes]","args":[{"selector":{"id":"application-manageyards-display-component---NewYard--addressNewCostObjectCstID-vhi"},"wdio_ui5_key":"applicationmanageyards-display-component---NewYard--addressNewCostObjectCstID-vhi"}]}
RESULT: undefined
COMMAND: POST /session/17ac9b2ed7eebf123703e812e0574450/element - {"using":"xpath","value":"//*[@id=\"application-manageyards-display-component---NewYard--addressNewCostObjectCstID-vhi\"]"}
RESULT: {}
RESULT: {"using":"xpath","value":"//*[@id=\"application-manageyards-display-component---NewYard--addressNewCostObjectCstID-vhi\"]"}
COMMAND: POST /session/17ac9b2ed7eebf123703e812e0574450/element/f.025621EB997FE751E0C326B2CEC08C5E.d.AC740A0A102D5372EC4B705D5CB30E6E.e.7169/click - {}
RESULT: {}
COMMAND: GET /session/17ac9b2ed7eebf123703e812e0574450/screenshot - {}
RESULT: {}
COMMAND: POST /session/17ac9b2ed7eebf123703e812e0574450/execute/async - {"script":"<script> [1562 bytes]","args":[{"selector":{"controlType":"sap.m.SearchField","properties":{"placeholder":"Search"},"searchOpenDialogs":true,"interaction":{"idSuffix":"I"}},"wdio_ui5_key":"sapm.SearchField{\"placeholder\":\"Search\"}"}]}
RESULT: {"script":"<script> [1562 bytes]","args":[{"selector":{"controlType":"sap.m.SearchField","properties":{"placeholder":"Search"},"searchOpenDialogs":true,"interaction":{"idSuffix":"I"}},"wdio_ui5_key":"sapm.SearchField{\"placeholder\":\"Search\"}"}]}
RESULT: undefined
COMMAND: POST /session/17ac9b2ed7eebf123703e812e0574450/execute/async - {"script":"<script> [776 bytes]","args":[{"enterText":"bauh_b","selector":{"controlType":"sap.m.SearchField","properties":{"placeholder":"Search"},"searchOpenDialogs":true,"interaction":{"idSuffix":"I"}},"clearTextFirst":true,"interactionType":"ENTER_TEXT"}]}
RESULT: {"script":"<script> [776 bytes]","args":[{"enterText":"bauh_b","selector":{"controlType":"sap.m.SearchField","properties":{"placeholder":"Search"},"searchOpenDialogs":true,"interaction":{"idSuffix":"I"}},"clearTextFirst":true,"interactionType":"ENTER_TEXT"}]}
COMMAND: POST /session/17ac9b2ed7eebf123703e812e0574450/actions - {"actions":[{"id":"action26","type":"key","parameters":{},"actions":[{"type":"keyDown","value":"î€‡"},{"type":"pause","duration":10},{"type":"keyUp","value":"î€‡"}]}]}
RESULT: {"actions":[{"id":"action26","type":"key","parameters":{},"actions":[{"type":"keyDown","value":"î€‡"},{"type":"pause","duration":10},{"type":"keyUp","value":"î€‡"}]}]}
COMMAND: GET /session/17ac9b2ed7eebf123703e812e0574450/screenshot - {}
RESULT: {}
COMMAND: POST /session/17ac9b2ed7eebf123703e812e0574450/element - {"using":"xpath","value":"//span[contains(text(), \"Demo Yard\")]"}
RESULT: {"using":"xpath","value":"//span[contains(text(), \"Demo Yard\")]"}
COMMAND: POST /session/17ac9b2ed7eebf123703e812e0574450/element/f.025621EB997FE751E0C326B2CEC08C5E.d.AC740A0A102D5372EC4B705D5CB30E6E.e.7209/click - {}
RESULT: {}
COMMAND: GET /session/17ac9b2ed7eebf123703e812e0574450/screenshot - {}
RESULT: {}
COMMAND: POST /session/17ac9b2ed7eebf123703e812e0574450/element - {"using":"xpath","value":"//bdi[contains(text(), \"OK\")]"}
RESULT: {"using":"xpath","value":"//bdi[contains(text(), \"OK\")]"}
COMMAND: POST /session/17ac9b2ed7eebf123703e812e0574450/element/f.025621EB997FE751E0C326B2CEC08C5E.d.AC740A0A102D5372EC4B705D5CB30E6E.e.7210/click - {}
RESULT: {}
COMMAND: GET /session/17ac9b2ed7eebf123703e812e0574450/screenshot - {}
RESULT: {}
COMMAND: POST /session/17ac9b2ed7eebf123703e812e0574450/execute/async - {"script":"<script> [1562 bytes]","args":[{"selector":{"id":"application-manageyards-display-component---NewYard--addressEditDetailsCurrency-arrow"},"wdio_ui5_key":"applicationmanageyards-display-component---NewYard--addressEditDetailsCurrency-arrow"}]}
RESULT: {"script":"<script> [1562 bytes]","args":[{"selector":{"id":"application-manageyards-display-component---NewYard--addressEditDetailsCurrency-arrow"},"wdio_ui5_key":"applicationmanageyards-display-component---NewYard--addressEditDetailsCurrency-arrow"}]}
RESULT: undefined
COMMAND: POST /session/17ac9b2ed7eebf123703e812e0574450/element - {"using":"xpath","value":"//*[@id=\"application-manageyards-display-component---NewYard--addressEditDetailsCurrency-arrow\"]"}
RESULT: {"using":"xpath","value":"//*[@id=\"application-manageyards-display-component---NewYard--addressEditDetailsCurrency-arrow\"]"}
COMMAND: POST /session/17ac9b2ed7eebf123703e812e0574450/element/f.025621EB997FE751E0C326B2CEC08C5E.d.AC740A0A102D5372EC4B705D5CB30E6E.e.7213/click - {}
RESULT: {}
COMMAND: POST /session/17ac9b2ed7eebf123703e812e0574450/element - {"using":"xpath","value":"//span[contains(text(), \"Euro\")]"}
COMMAND: GET /session/17ac9b2ed7eebf123703e812e0574450/screenshot - {}
RESULT: {"using":"xpath","value":"//span[contains(text(), \"Euro\")]"}
COMMAND: POST /session/17ac9b2ed7eebf123703e812e0574450/element/f.025621EB997FE751E0C326B2CEC08C5E.d.AC740A0A102D5372EC4B705D5CB30E6E.e.7214/click - {}
RESULT: {}
RESULT: {}
COMMAND: POST /session/17ac9b2ed7eebf123703e812e0574450/execute/async - {"script":"<script> [1562 bytes]","args":[{"selector":{"controlType":"sap.m.Input","viewName":"etm.portal.ui.manageyards.view.New","viewId":"application-manageyards-display-component---NewYard","bindingPath":{"path":"","propertyPath":"/CONTROLLING_AREA","modelName":"NewYardModel"},"interaction":{"idSuffix":"inner"}},"wdio_ui5_key":"etmportal.ui.manageyards.view.Newsap.m.Input{\"path\":\"\",\"propertyPath\":\"/CONTROLLING_AREA\",\"modelName\":\"NewYardModel\"}"}]}
COMMAND: GET /session/17ac9b2ed7eebf123703e812e0574450/screenshot - {}
RESULT: {"script":"<script> [1562 bytes]","args":[{"selector":{"controlType":"sap.m.Input","viewName":"etm.portal.ui.manageyards.view.New","viewId":"application-manageyards-display-component---NewYard","bindingPath":{"path":"","propertyPath":"/CONTROLLING_AREA","modelName":"NewYardModel"},"interaction":{"idSuffix":"inner"}},"wdio_ui5_key":"etmportal.ui.manageyards.view.Newsap.m.Input{\"path\":\"\",\"propertyPath\":\"/CONTROLLING_AREA\",\"modelName\":\"NewYardModel\"}"}]}
RESULT: undefined
COMMAND: POST /session/17ac9b2ed7eebf123703e812e0574450/execute/async - {"script":"<script> [776 bytes]","args":[{"enterText":"Z001","selector":{"controlType":"sap.m.Input","viewName":"etm.portal.ui.manageyards.view.New","viewId":"application-manageyards-display-component---NewYard","bindingPath":{"path":"","propertyPath":"/CONTROLLING_AREA","modelName":"NewYardModel"},"interaction":{"idSuffix":"inner"}},"clearTextFirst":true,"interactionType":"ENTER_TEXT"}]}
RESULT: {}
RESULT: {"script":"<script> [776 bytes]","args":[{"enterText":"Z001","selector":{"controlType":"sap.m.Input","viewName":"etm.portal.ui.manageyards.view.New","viewId":"application-manageyards-display-component---NewYard","bindingPath":{"path":"","propertyPath":"/CONTROLLING_AREA","modelName":"NewYardModel"},"interaction":{"idSuffix":"inner"}},"clearTextFirst":true,"interactionType":"ENTER_TEXT"}]}
COMMAND: POST /session/17ac9b2ed7eebf123703e812e0574450/execute/async - {"script":"<script> [1562 bytes]","args":[{"selector":{"id":"application-manageyards-display-component---NewYard--companyCodeComboBox","interaction":{"idSuffix":"inner"}},"wdio_ui5_key":"applicationmanageyards-display-component---NewYard--companyCodeComboBox"}]}
RESULT: {"script":"<script> [1562 bytes]","args":[{"selector":{"id":"application-manageyards-display-component---NewYard--companyCodeComboBox","interaction":{"idSuffix":"inner"}},"wdio_ui5_key":"applicationmanageyards-display-component---NewYard--companyCodeComboBox"}]}
RESULT: undefined
COMMAND: POST /session/17ac9b2ed7eebf123703e812e0574450/execute/async - {"script":"<script> [776 bytes]","args":[{"enterText":"1000","selector":{"id":"application-manageyards-display-component---NewYard--companyCodeComboBox","interaction":{"idSuffix":"inner"}},"clearTextFirst":true,"interactionType":"ENTER_TEXT"}]}
RESULT: {"script":"<script> [776 bytes]","args":[{"enterText":"1000","selector":{"id":"application-manageyards-display-component---NewYard--companyCodeComboBox","interaction":{"idSuffix":"inner"}},"clearTextFirst":true,"interactionType":"ENTER_TEXT"}]}
COMMAND: POST /session/17ac9b2ed7eebf123703e812e0574450/execute/async - {"script":"<script> [1562 bytes]","args":[{"selector":{"controlType":"sap.m.Input","viewName":"etm.portal.ui.manageyards.view.New","viewId":"application-manageyards-display-component---NewYard","bindingPath":{"path":"","propertyPath":"/PLANT","modelName":"NewYardModel"},"interaction":{"idSuffix":"inner"}},"wdio_ui5_key":"etmportal.ui.manageyards.view.Newsap.m.Input{\"path\":\"\",\"propertyPath\":\"/PLANT\",\"modelName\":\"NewYardModel\"}"}]}
RESULT: {"script":"<script> [1562 bytes]","args":[{"selector":{"controlType":"sap.m.Input","viewName":"etm.portal.ui.manageyards.view.New","viewId":"application-manageyards-display-component---NewYard","bindingPath":{"path":"","propertyPath":"/PLANT","modelName":"NewYardModel"},"interaction":{"idSuffix":"inner"}},"wdio_ui5_key":"etmportal.ui.manageyards.view.Newsap.m.Input{\"path\":\"\",\"propertyPath\":\"/PLANT\",\"modelName\":\"NewYardModel\"}"}]}
RESULT: undefined
COMMAND: POST /session/17ac9b2ed7eebf123703e812e0574450/execute/async - {"script":"<script> [776 bytes]","args":[{"enterText":"1001","selector":{"controlType":"sap.m.Input","viewName":"etm.portal.ui.manageyards.view.New","viewId":"application-manageyards-display-component---NewYard","bindingPath":{"path":"","propertyPath":"/PLANT","modelName":"NewYardModel"},"interaction":{"idSuffix":"inner"}},"clearTextFirst":true,"interactionType":"ENTER_TEXT"}]}
RESULT: {"script":"<script> [776 bytes]","args":[{"enterText":"1001","selector":{"controlType":"sap.m.Input","viewName":"etm.portal.ui.manageyards.view.New","viewId":"application-manageyards-display-component---NewYard","bindingPath":{"path":"","propertyPath":"/PLANT","modelName":"NewYardModel"},"interaction":{"idSuffix":"inner"}},"clearTextFirst":true,"interactionType":"ENTER_TEXT"}]}
COMMAND: POST /session/17ac9b2ed7eebf123703e812e0574450/execute/async - {"script":"<script> [1562 bytes]","args":[{"selector":{"controlType":"sap.m.Input","viewName":"etm.portal.ui.manageyards.view.New","viewId":"application-manageyards-display-component---NewYard","bindingPath":{"path":"","propertyPath":"/SALES_AREA_VKORG","modelName":"NewYardModel"},"interaction":{"idSuffix":"inner"}},"wdio_ui5_key":"etmportal.ui.manageyards.view.Newsap.m.Input{\"path\":\"\",\"propertyPath\":\"/SALES_AREA_VKORG\",\"modelName\":\"NewYardModel\"}"}]}
RESULT: {"script":"<script> [1562 bytes]","args":[{"selector":{"controlType":"sap.m.Input","viewName":"etm.portal.ui.manageyards.view.New","viewId":"application-manageyards-display-component---NewYard","bindingPath":{"path":"","propertyPath":"/SALES_AREA_VKORG","modelName":"NewYardModel"},"interaction":{"idSuffix":"inner"}},"wdio_ui5_key":"etmportal.ui.manageyards.view.Newsap.m.Input{\"path\":\"\",\"propertyPath\":\"/SALES_AREA_VKORG\",\"modelName\":\"NewYardModel\"}"}]}
RESULT: undefined
COMMAND: POST /session/17ac9b2ed7eebf123703e812e0574450/execute/async - {"script":"<script> [776 bytes]","args":[{"enterText":"C002","selector":{"controlType":"sap.m.Input","viewName":"etm.portal.ui.manageyards.view.New","viewId":"application-manageyards-display-component---NewYard","bindingPath":{"path":"","propertyPath":"/SALES_AREA_VKORG","modelName":"NewYardModel"},"interaction":{"idSuffix":"inner"}},"clearTextFirst":true,"interactionType":"ENTER_TEXT"}]}
RESULT: {"script":"<script> [776 bytes]","args":[{"enterText":"C002","selector":{"controlType":"sap.m.Input","viewName":"etm.portal.ui.manageyards.view.New","viewId":"application-manageyards-display-component---NewYard","bindingPath":{"path":"","propertyPath":"/SALES_AREA_VKORG","modelName":"NewYardModel"},"interaction":{"idSuffix":"inner"}},"clearTextFirst":true,"interactionType":"ENTER_TEXT"}]}
COMMAND: POST /session/17ac9b2ed7eebf123703e812e0574450/execute/async - {"script":"<script> [1562 bytes]","args":[{"selector":{"controlType":"sap.m.Input","viewName":"etm.portal.ui.manageyards.view.New","viewId":"application-manageyards-display-component---NewYard","bindingPath":{"path":"","propertyPath":"/SALES_AREA_VTWEG","modelName":"NewYardModel"},"interaction":{"idSuffix":"inner"}},"wdio_ui5_key":"etmportal.ui.manageyards.view.Newsap.m.Input{\"path\":\"\",\"propertyPath\":\"/SALES_AREA_VTWEG\",\"modelName\":\"NewYardModel\"}"}]}
RESULT: {"script":"<script> [1562 bytes]","args":[{"selector":{"controlType":"sap.m.Input","viewName":"etm.portal.ui.manageyards.view.New","viewId":"application-manageyards-display-component---NewYard","bindingPath":{"path":"","propertyPath":"/SALES_AREA_VTWEG","modelName":"NewYardModel"},"interaction":{"idSuffix":"inner"}},"wdio_ui5_key":"etmportal.ui.manageyards.view.Newsap.m.Input{\"path\":\"\",\"propertyPath\":\"/SALES_AREA_VTWEG\",\"modelName\":\"NewYardModel\"}"}]}
RESULT: undefined
COMMAND: POST /session/17ac9b2ed7eebf123703e812e0574450/execute/async - {"script":"<script> [776 bytes]","args":[{"enterText":"C2","selector":{"controlType":"sap.m.Input","viewName":"etm.portal.ui.manageyards.view.New","viewId":"application-manageyards-display-component---NewYard","bindingPath":{"path":"","propertyPath":"/SALES_AREA_VTWEG","modelName":"NewYardModel"},"interaction":{"idSuffix":"inner"}},"clearTextFirst":true,"interactionType":"ENTER_TEXT"}]}
RESULT: {"script":"<script> [776 bytes]","args":[{"enterText":"C2","selector":{"controlType":"sap.m.Input","viewName":"etm.portal.ui.manageyards.view.New","viewId":"application-manageyards-display-component---NewYard","bindingPath":{"path":"","propertyPath":"/SALES_AREA_VTWEG","modelName":"NewYardModel"},"interaction":{"idSuffix":"inner"}},"clearTextFirst":true,"interactionType":"ENTER_TEXT"}]}
COMMAND: POST /session/17ac9b2ed7eebf123703e812e0574450/execute/async - {"script":"<script> [1562 bytes]","args":[{"selector":{"controlType":"sap.m.Input","viewName":"etm.portal.ui.manageyards.view.New","viewId":"application-manageyards-display-component---NewYard","bindingPath":{"path":"","propertyPath":"/SALES_AREA_SPART","modelName":"NewYardModel"},"interaction":{"idSuffix":"inner"}},"wdio_ui5_key":"etmportal.ui.manageyards.view.Newsap.m.Input{\"path\":\"\",\"propertyPath\":\"/SALES_AREA_SPART\",\"modelName\":\"NewYardModel\"}"}]}
RESULT: {"script":"<script> [1562 bytes]","args":[{"selector":{"controlType":"sap.m.Input","viewName":"etm.portal.ui.manageyards.view.New","viewId":"application-manageyards-display-component---NewYard","bindingPath":{"path":"","propertyPath":"/SALES_AREA_SPART","modelName":"NewYardModel"},"interaction":{"idSuffix":"inner"}},"wdio_ui5_key":"etmportal.ui.manageyards.view.Newsap.m.Input{\"path\":\"\",\"propertyPath\":\"/SALES_AREA_SPART\",\"modelName\":\"NewYardModel\"}"}]}
RESULT: undefined
COMMAND: POST /session/17ac9b2ed7eebf123703e812e0574450/execute/async - {"script":"<script> [776 bytes]","args":[{"enterText":"C2","selector":{"controlType":"sap.m.Input","viewName":"etm.portal.ui.manageyards.view.New","viewId":"application-manageyards-display-component---NewYard","bindingPath":{"path":"","propertyPath":"/SALES_AREA_SPART","modelName":"NewYardModel"},"interaction":{"idSuffix":"inner"}},"clearTextFirst":true,"interactionType":"ENTER_TEXT"}]}
RESULT: {"script":"<script> [776 bytes]","args":[{"enterText":"C2","selector":{"controlType":"sap.m.Input","viewName":"etm.portal.ui.manageyards.view.New","viewId":"application-manageyards-display-component---NewYard","bindingPath":{"path":"","propertyPath":"/SALES_AREA_SPART","modelName":"NewYardModel"},"interaction":{"idSuffix":"inner"}},"clearTextFirst":true,"interactionType":"ENTER_TEXT"}]}
COMMAND: POST /session/17ac9b2ed7eebf123703e812e0574450/execute/async - {"script":"<script> [1562 bytes]","args":[{"selector":{"controlType":"sap.m.Input","viewName":"etm.portal.ui.manageyards.view.New","viewId":"application-manageyards-display-component---NewYard","bindingPath":{"path":"","propertyPath":"/SHIP_POINT","modelName":"NewYardModel"},"interaction":{"idSuffix":"inner"}},"wdio_ui5_key":"etmportal.ui.manageyards.view.Newsap.m.Input{\"path\":\"\",\"propertyPath\":\"/SHIP_POINT\",\"modelName\":\"NewYardModel\"}"}]}
RESULT: {"script":"<script> [1562 bytes]","args":[{"selector":{"controlType":"sap.m.Input","viewName":"etm.portal.ui.manageyards.view.New","viewId":"application-manageyards-display-component---NewYard","bindingPath":{"path":"","propertyPath":"/SHIP_POINT","modelName":"NewYardModel"},"interaction":{"idSuffix":"inner"}},"wdio_ui5_key":"etmportal.ui.manageyards.view.Newsap.m.Input{\"path\":\"\",\"propertyPath\":\"/SHIP_POINT\",\"modelName\":\"NewYardModel\"}"}]}
RESULT: undefined
COMMAND: POST /session/17ac9b2ed7eebf123703e812e0574450/execute/async - {"script":"<script> [776 bytes]","args":[{"enterText":"1710","selector":{"controlType":"sap.m.Input","viewName":"etm.portal.ui.manageyards.view.New","viewId":"application-manageyards-display-component---NewYard","bindingPath":{"path":"","propertyPath":"/SHIP_POINT","modelName":"NewYardModel"},"interaction":{"idSuffix":"inner"}},"clearTextFirst":true,"interactionType":"ENTER_TEXT"}]}
RESULT: {"script":"<script> [776 bytes]","args":[{"enterText":"1710","selector":{"controlType":"sap.m.Input","viewName":"etm.portal.ui.manageyards.view.New","viewId":"application-manageyards-display-component---NewYard","bindingPath":{"path":"","propertyPath":"/SHIP_POINT","modelName":"NewYardModel"},"interaction":{"idSuffix":"inner"}},"clearTextFirst":true,"interactionType":"ENTER_TEXT"}]}
COMMAND: POST /session/17ac9b2ed7eebf123703e812e0574450/execute/async - {"script":"<script> [1562 bytes]","args":[{"selector":{"controlType":"sap.m.Input","viewName":"etm.portal.ui.manageyards.view.New","viewId":"application-manageyards-display-component---NewYard","bindingPath":{"path":"","propertyPath":"/DELIVERY_TYPE","modelName":"NewYardModel"},"interaction":{"idSuffix":"inner"}},"wdio_ui5_key":"etmportal.ui.manageyards.view.Newsap.m.Input{\"path\":\"\",\"propertyPath\":\"/DELIVERY_TYPE\",\"modelName\":\"NewYardModel\"}"}]}
RESULT: {"script":"<script> [1562 bytes]","args":[{"selector":{"controlType":"sap.m.Input","viewName":"etm.portal.ui.manageyards.view.New","viewId":"application-manageyards-display-component---NewYard","bindingPath":{"path":"","propertyPath":"/DELIVERY_TYPE","modelName":"NewYardModel"},"interaction":{"idSuffix":"inner"}},"wdio_ui5_key":"etmportal.ui.manageyards.view.Newsap.m.Input{\"path\":\"\",\"propertyPath\":\"/DELIVERY_TYPE\",\"modelName\":\"NewYardModel\"}"}]}
RESULT: undefined
COMMAND: POST /session/17ac9b2ed7eebf123703e812e0574450/execute/async - {"script":"<script> [776 bytes]","args":[{"enterText":"ZL01","selector":{"controlType":"sap.m.Input","viewName":"etm.portal.ui.manageyards.view.New","viewId":"application-manageyards-display-component---NewYard","bindingPath":{"path":"","propertyPath":"/DELIVERY_TYPE","modelName":"NewYardModel"},"interaction":{"idSuffix":"inner"}},"clearTextFirst":true,"interactionType":"ENTER_TEXT"}]}
RESULT: {"script":"<script> [776 bytes]","args":[{"enterText":"ZL01","selector":{"controlType":"sap.m.Input","viewName":"etm.portal.ui.manageyards.view.New","viewId":"application-manageyards-display-component---NewYard","bindingPath":{"path":"","propertyPath":"/DELIVERY_TYPE","modelName":"NewYardModel"},"interaction":{"idSuffix":"inner"}},"clearTextFirst":true,"interactionType":"ENTER_TEXT"}]}
COMMAND: POST /session/17ac9b2ed7eebf123703e812e0574450/execute/async - {"script":"<script> [1562 bytes]","args":[{"selector":{"controlType":"sap.m.Input","viewName":"etm.portal.ui.manageyards.view.New","viewId":"application-manageyards-display-component---NewYard","bindingPath":{"path":"","propertyPath":"/AUART","modelName":"NewYardModel"},"interaction":{"idSuffix":"inner"}},"wdio_ui5_key":"etmportal.ui.manageyards.view.Newsap.m.Input{\"path\":\"\",\"propertyPath\":\"/AUART\",\"modelName\":\"NewYardModel\"}"}]}
RESULT: {"script":"<script> [1562 bytes]","args":[{"selector":{"controlType":"sap.m.Input","viewName":"etm.portal.ui.manageyards.view.New","viewId":"application-manageyards-display-component---NewYard","bindingPath":{"path":"","propertyPath":"/AUART","modelName":"NewYardModel"},"interaction":{"idSuffix":"inner"}},"wdio_ui5_key":"etmportal.ui.manageyards.view.Newsap.m.Input{\"path\":\"\",\"propertyPath\":\"/AUART\",\"modelName\":\"NewYardModel\"}"}]}
RESULT: undefined
COMMAND: POST /session/17ac9b2ed7eebf123703e812e0574450/execute/async - {"script":"<script> [776 bytes]","args":[{"enterText":"TA","selector":{"controlType":"sap.m.Input","viewName":"etm.portal.ui.manageyards.view.New","viewId":"application-manageyards-display-component---NewYard","bindingPath":{"path":"","propertyPath":"/AUART","modelName":"NewYardModel"},"interaction":{"idSuffix":"inner"}},"clearTextFirst":true,"interactionType":"ENTER_TEXT"}]}
RESULT: {"script":"<script> [776 bytes]","args":[{"enterText":"TA","selector":{"controlType":"sap.m.Input","viewName":"etm.portal.ui.manageyards.view.New","viewId":"application-manageyards-display-component---NewYard","bindingPath":{"path":"","propertyPath":"/AUART","modelName":"NewYardModel"},"interaction":{"idSuffix":"inner"}},"clearTextFirst":true,"interactionType":"ENTER_TEXT"}]}
COMMAND: POST /session/17ac9b2ed7eebf123703e812e0574450/element - {"using":"xpath","value":"//button[@data-kt=\"newYardSaveButton\"]"}
RESULT: {"using":"xpath","value":"//button[@data-kt=\"newYardSaveButton\"]"}
COMMAND: POST /session/17ac9b2ed7eebf123703e812e0574450/element/f.025621EB997FE751E0C326B2CEC08C5E.d.AC740A0A102D5372EC4B705D5CB30E6E.e.7124/click - {}
RESULT: {}
COMMAND: GET /session/17ac9b2ed7eebf123703e812e0574450/screenshot - {}
RESULT: {}
COMMAND: POST /session/17ac9b2ed7eebf123703e812e0574450/element - {"using":"xpath","value":"//header[contains(@id, 'ObjectPageLayout-headerTitle')]/div[1]/div[2]/div[1]/span[1]"}
RESULT: {"using":"xpath","value":"//header[contains(@id, 'ObjectPageLayout-headerTitle')]/div[1]/div[2]/div[1]/span[1]"}
COMMAND: POST /session/17ac9b2ed7eebf123703e812e0574450/elements - {"using":"xpath","value":"//header[contains(@id, 'ObjectPageLayout-headerTitle')]/div[1]/div[2]/div[1]/span[1]"}
RESULT: {"using":"xpath","value":"//header[contains(@id, 'ObjectPageLayout-headerTitle')]/div[1]/div[2]/div[1]/span[1]"}
COMMAND: POST /session/17ac9b2ed7eebf123703e812e0574450/execute/sync - {"script":"<script> [56 bytes]","args":[{"element-6066-11e4-a52e-4f735466cecf":"f.025621EB997FE751E0C326B2CEC08C5E.d.AC740A0A102D5372EC4B705D5CB30E6E.e.7430","ELEMENT":"f.025621EB997FE751E0C326B2CEC08C5E.d.AC740A0A102D5372EC4B705D5CB30E6E.e.7430"}]}
RESULT: {"script":"<script> [56 bytes]","args":[{"element-6066-11e4-a52e-4f735466cecf":"f.025621EB997FE751E0C326B2CEC08C5E.d.AC740A0A102D5372EC4B705D5CB30E6E.e.7430","ELEMENT":"f.025621EB997FE751E0C326B2CEC08C5E.d.AC740A0A102D5372EC4B705D5CB30E6E.e.7430"}]}
COMMAND: GET /session/17ac9b2ed7eebf123703e812e0574450/screenshot - {}
RESULT: {}
COMMAND: POST /session/17ac9b2ed7eebf123703e812e0574450/element - {"using":"css selector","value":"#shell-header-logo"}
RESULT: {"using":"css selector","value":"#shell-header-logo"}
COMMAND: POST /session/17ac9b2ed7eebf123703e812e0574450/element/f.025621EB997FE751E0C326B2CEC08C5E.d.AC740A0A102D5372EC4B705D5CB30E6E.e.6572/click - {}
RESULT: {}
COMMAND: GET /session/17ac9b2ed7eebf123703e812e0574450/screenshot - {}
RESULT: {}
COMMAND: POST /session/17ac9b2ed7eebf123703e812e0574450/execute/sync - {"script":"<script> [299 bytes]","args":[["getModel","getResource"]]}
RESULT: {"script":"<script> [299 bytes]","args":[["getModel","getResource"]]}
COMMAND: GET /session/17ac9b2ed7eebf123703e812e0574450/screenshot - {}
]]></system-out>
    </testcase>
    <testcase classname="chrome.136_0_7103_93.windows.Provide_to_Site_w/o_warehouse_management_w/_clarification_US116605" name="Should create a new external partner" time="103.742">
      <system-out><![CDATA[
COMMAND: POST /session/17ac9b2ed7eebf123703e812e0574450/window/fullscreen - {}
RESULT: {}
RESULT: {}
COMMAND: POST /session/17ac9b2ed7eebf123703e812e0574450/execute/async - {"script":"<script> [1562 bytes]","args":[{"selector":{"controlType":"sap.m.GenericTile","properties":{"header":"Manage Partners"}},"wdio_ui5_key":"sapm.GenericTile{\"header\":\"Manage Partners\"}"}]}
RESULT: {"script":"<script> [1562 bytes]","args":[{"selector":{"controlType":"sap.m.GenericTile","properties":{"header":"Manage Partners"}},"wdio_ui5_key":"sapm.GenericTile{\"header\":\"Manage Partners\"}"}]}
RESULT: undefined
COMMAND: POST /session/17ac9b2ed7eebf123703e812e0574450/element - {"using":"xpath","value":"//*[@id=\"__tile30\"]"}
RESULT: {"using":"xpath","value":"//*[@id=\"__tile30\"]"}
COMMAND: POST /session/17ac9b2ed7eebf123703e812e0574450/element/f.025621EB997FE751E0C326B2CEC08C5E.d.AC740A0A102D5372EC4B705D5CB30E6E.e.6586/click - {}
RESULT: {}
COMMAND: GET /session/17ac9b2ed7eebf123703e812e0574450/screenshot - {}
RESULT: {}
COMMAND: POST /session/17ac9b2ed7eebf123703e812e0574450/elements - {"using":"xpath","value":"//span[text()='Error']"}
RESULT: {"using":"xpath","value":"//span[text()='Error']"}
COMMAND: POST /session/17ac9b2ed7eebf123703e812e0574450/element - {"using":"xpath","value":"//button[@data-kt=\"addButton\"]"}
RESULT: {"using":"xpath","value":"//button[@data-kt=\"addButton\"]"}
COMMAND: POST /session/17ac9b2ed7eebf123703e812e0574450/elements - {"using":"xpath","value":"//button[@data-kt=\"addButton\"]"}
RESULT: {"using":"xpath","value":"//button[@data-kt=\"addButton\"]"}
COMMAND: POST /session/17ac9b2ed7eebf123703e812e0574450/execute/sync - {"script":"<script> [8489 bytes]","args":[{"element-6066-11e4-a52e-4f735466cecf":"f.025621EB997FE751E0C326B2CEC08C5E.d.AC740A0A102D5372EC4B705D5CB30E6E.e.7479","ELEMENT":"f.025621EB997FE751E0C326B2CEC08C5E.d.AC740A0A102D5372EC4B705D5CB30E6E.e.7479"}]}
RESULT: {"script":"<script> [8489 bytes]","args":[{"element-6066-11e4-a52e-4f735466cecf":"f.025621EB997FE751E0C326B2CEC08C5E.d.AC740A0A102D5372EC4B705D5CB30E6E.e.7479","ELEMENT":"f.025621EB997FE751E0C326B2CEC08C5E.d.AC740A0A102D5372EC4B705D5CB30E6E.e.7479"}]}
COMMAND: GET /session/17ac9b2ed7eebf123703e812e0574450/element/f.025621EB997FE751E0C326B2CEC08C5E.d.AC740A0A102D5372EC4B705D5CB30E6E.e.7479/enabled - {}
COMMAND: GET /session/17ac9b2ed7eebf123703e812e0574450/screenshot - {}
RESULT: {}
COMMAND: POST /session/17ac9b2ed7eebf123703e812e0574450/execute/sync - {"script":"<script> [8489 bytes]","args":[{"element-6066-11e4-a52e-4f735466cecf":"f.025621EB997FE751E0C326B2CEC08C5E.d.AC740A0A102D5372EC4B705D5CB30E6E.e.7479","ELEMENT":"f.025621EB997FE751E0C326B2CEC08C5E.d.AC740A0A102D5372EC4B705D5CB30E6E.e.7479"}]}
COMMAND: GET /session/17ac9b2ed7eebf123703e812e0574450/screenshot - {}
RESULT: {}
RESULT: {"script":"<script> [8489 bytes]","args":[{"element-6066-11e4-a52e-4f735466cecf":"f.025621EB997FE751E0C326B2CEC08C5E.d.AC740A0A102D5372EC4B705D5CB30E6E.e.7479","ELEMENT":"f.025621EB997FE751E0C326B2CEC08C5E.d.AC740A0A102D5372EC4B705D5CB30E6E.e.7479"}]}
COMMAND: POST /session/17ac9b2ed7eebf123703e812e0574450/execute/sync - {"script":"<script> [5351 bytes]","args":[{"element-6066-11e4-a52e-4f735466cecf":"f.025621EB997FE751E0C326B2CEC08C5E.d.AC740A0A102D5372EC4B705D5CB30E6E.e.7479","ELEMENT":"f.025621EB997FE751E0C326B2CEC08C5E.d.AC740A0A102D5372EC4B705D5CB30E6E.e.7479"}]}
COMMAND: GET /session/17ac9b2ed7eebf123703e812e0574450/screenshot - {}
RESULT: {}
RESULT: {"script":"<script> [5351 bytes]","args":[{"element-6066-11e4-a52e-4f735466cecf":"f.025621EB997FE751E0C326B2CEC08C5E.d.AC740A0A102D5372EC4B705D5CB30E6E.e.7479","ELEMENT":"f.025621EB997FE751E0C326B2CEC08C5E.d.AC740A0A102D5372EC4B705D5CB30E6E.e.7479"}]}
COMMAND: POST /session/17ac9b2ed7eebf123703e812e0574450/element/f.025621EB997FE751E0C326B2CEC08C5E.d.AC740A0A102D5372EC4B705D5CB30E6E.e.7479/click - {}
COMMAND: GET /session/17ac9b2ed7eebf123703e812e0574450/screenshot - {}
RESULT: {}
RESULT: {}
COMMAND: GET /session/17ac9b2ed7eebf123703e812e0574450/screenshot - {}
COMMAND: POST /session/17ac9b2ed7eebf123703e812e0574450/execute/async - {"script":"<script> [1562 bytes]","args":[{"selector":{"id":"application-managepartners-display-component---NewPartner--addressDetailDetailsName1","interaction":{"idSuffix":"inner"}},"wdio_ui5_key":"applicationmanagepartners-display-component---NewPartner--addressDetailDetailsName1"}]}
RESULT: {}
RESULT: {}
RESULT: {"script":"<script> [1562 bytes]","args":[{"selector":{"id":"application-managepartners-display-component---NewPartner--addressDetailDetailsName1","interaction":{"idSuffix":"inner"}},"wdio_ui5_key":"applicationmanagepartners-display-component---NewPartner--addressDetailDetailsName1"}]}
RESULT: undefined
COMMAND: POST /session/17ac9b2ed7eebf123703e812e0574450/execute/async - {"script":"<script> [776 bytes]","args":[{"enterText":"External Partner WDIO","selector":{"id":"application-managepartners-display-component---NewPartner--addressDetailDetailsName1","interaction":{"idSuffix":"inner"}},"clearTextFirst":true,"interactionType":"ENTER_TEXT"}]}
RESULT: {"script":"<script> [776 bytes]","args":[{"enterText":"External Partner WDIO","selector":{"id":"application-managepartners-display-component---NewPartner--addressDetailDetailsName1","interaction":{"idSuffix":"inner"}},"clearTextFirst":true,"interactionType":"ENTER_TEXT"}]}
COMMAND: POST /session/17ac9b2ed7eebf123703e812e0574450/execute/async - {"script":"<script> [1562 bytes]","args":[{"selector":{"id":"application-managepartners-display-component---NewPartner--addressDetailDetailsLanguage-arrow"},"wdio_ui5_key":"applicationmanagepartners-display-component---NewPartner--addressDetailDetailsLanguage-arrow"}]}
RESULT: {"script":"<script> [1562 bytes]","args":[{"selector":{"id":"application-managepartners-display-component---NewPartner--addressDetailDetailsLanguage-arrow"},"wdio_ui5_key":"applicationmanagepartners-display-component---NewPartner--addressDetailDetailsLanguage-arrow"}]}
RESULT: undefined
COMMAND: POST /session/17ac9b2ed7eebf123703e812e0574450/element - {"using":"xpath","value":"//*[@id=\"application-managepartners-display-component---NewPartner--addressDetailDetailsLanguage-arrow\"]"}
RESULT: {"using":"xpath","value":"//*[@id=\"application-managepartners-display-component---NewPartner--addressDetailDetailsLanguage-arrow\"]"}
COMMAND: POST /session/17ac9b2ed7eebf123703e812e0574450/element/f.025621EB997FE751E0C326B2CEC08C5E.d.AC740A0A102D5372EC4B705D5CB30E6E.e.7905/click - {}
RESULT: {}
COMMAND: POST /session/17ac9b2ed7eebf123703e812e0574450/element - {"using":"xpath","value":"//span[contains(text(), \"English\")]"}
COMMAND: GET /session/17ac9b2ed7eebf123703e812e0574450/screenshot - {}
RESULT: {"using":"xpath","value":"//span[contains(text(), \"English\")]"}
COMMAND: POST /session/17ac9b2ed7eebf123703e812e0574450/element/f.025621EB997FE751E0C326B2CEC08C5E.d.AC740A0A102D5372EC4B705D5CB30E6E.e.7906/click - {}
RESULT: {}
RESULT: {}
COMMAND: GET /session/17ac9b2ed7eebf123703e812e0574450/screenshot - {}
RESULT: {}
COMMAND: POST /session/17ac9b2ed7eebf123703e812e0574450/execute/async - {"script":"<script> [1562 bytes]","args":[{"selector":{"id":"application-managepartners-display-component---NewPartner--addressDetailDetailsCity1","interaction":{"idSuffix":"inner"}},"wdio_ui5_key":"applicationmanagepartners-display-component---NewPartner--addressDetailDetailsCity1"}]}
RESULT: {"script":"<script> [1562 bytes]","args":[{"selector":{"id":"application-managepartners-display-component---NewPartner--addressDetailDetailsCity1","interaction":{"idSuffix":"inner"}},"wdio_ui5_key":"applicationmanagepartners-display-component---NewPartner--addressDetailDetailsCity1"}]}
RESULT: undefined
COMMAND: POST /session/17ac9b2ed7eebf123703e812e0574450/execute/async - {"script":"<script> [776 bytes]","args":[{"enterText":"Rosario","selector":{"id":"application-managepartners-display-component---NewPartner--addressDetailDetailsCity1","interaction":{"idSuffix":"inner"}},"clearTextFirst":true,"interactionType":"ENTER_TEXT"}]}
RESULT: {"script":"<script> [776 bytes]","args":[{"enterText":"Rosario","selector":{"id":"application-managepartners-display-component---NewPartner--addressDetailDetailsCity1","interaction":{"idSuffix":"inner"}},"clearTextFirst":true,"interactionType":"ENTER_TEXT"}]}
COMMAND: POST /session/17ac9b2ed7eebf123703e812e0574450/execute/async - {"script":"<script> [1562 bytes]","args":[{"selector":{"id":"application-managepartners-display-component---NewPartner--addressDetailDetailsCountry-arrow"},"wdio_ui5_key":"applicationmanagepartners-display-component---NewPartner--addressDetailDetailsCountry-arrow"}]}
RESULT: {"script":"<script> [1562 bytes]","args":[{"selector":{"id":"application-managepartners-display-component---NewPartner--addressDetailDetailsCountry-arrow"},"wdio_ui5_key":"applicationmanagepartners-display-component---NewPartner--addressDetailDetailsCountry-arrow"}]}
RESULT: undefined
COMMAND: POST /session/17ac9b2ed7eebf123703e812e0574450/element - {"using":"xpath","value":"//*[@id=\"application-managepartners-display-component---NewPartner--addressDetailDetailsCountry-arrow\"]"}
RESULT: {"using":"xpath","value":"//*[@id=\"application-managepartners-display-component---NewPartner--addressDetailDetailsCountry-arrow\"]"}
COMMAND: POST /session/17ac9b2ed7eebf123703e812e0574450/element/f.025621EB997FE751E0C326B2CEC08C5E.d.AC740A0A102D5372EC4B705D5CB30E6E.e.7859/click - {}
RESULT: {}
COMMAND: POST /session/17ac9b2ed7eebf123703e812e0574450/element - {"using":"xpath","value":"//span[contains(text(), \"Argentina\")]"}
COMMAND: GET /session/17ac9b2ed7eebf123703e812e0574450/screenshot - {}
RESULT: {"using":"xpath","value":"//span[contains(text(), \"Argentina\")]"}
COMMAND: POST /session/17ac9b2ed7eebf123703e812e0574450/element/f.025621EB997FE751E0C326B2CEC08C5E.d.AC740A0A102D5372EC4B705D5CB30E6E.e.7908/click - {}
RESULT: {}
RESULT: {}
COMMAND: GET /session/17ac9b2ed7eebf123703e812e0574450/screenshot - {}
RESULT: {}
COMMAND: POST /session/17ac9b2ed7eebf123703e812e0574450/element - {"using":"xpath","value":"//bdi[contains(text(), \"Commercial\")]"}
RESULT: {"using":"xpath","value":"//bdi[contains(text(), \"Commercial\")]"}
COMMAND: POST /session/17ac9b2ed7eebf123703e812e0574450/element/f.025621EB997FE751E0C326B2CEC08C5E.d.AC740A0A102D5372EC4B705D5CB30E6E.e.7909/click - {}
RESULT: {}
COMMAND: GET /session/17ac9b2ed7eebf123703e812e0574450/screenshot - {}
RESULT: {}
COMMAND: POST /session/17ac9b2ed7eebf123703e812e0574450/execute/async - {"script":"<script> [1562 bytes]","args":[{"selector":{"id":"application-managepartners-display-component---NewPartner--partnerDetailInternal-arrow"},"wdio_ui5_key":"applicationmanagepartners-display-component---NewPartner--partnerDetailInternal-arrow"}]}
RESULT: {"script":"<script> [1562 bytes]","args":[{"selector":{"id":"application-managepartners-display-component---NewPartner--partnerDetailInternal-arrow"},"wdio_ui5_key":"applicationmanagepartners-display-component---NewPartner--partnerDetailInternal-arrow"}]}
RESULT: undefined
COMMAND: POST /session/17ac9b2ed7eebf123703e812e0574450/element - {"using":"xpath","value":"//*[@id=\"application-managepartners-display-component---NewPartner--partnerDetailInternal-arrow\"]"}
RESULT: {"using":"xpath","value":"//*[@id=\"application-managepartners-display-component---NewPartner--partnerDetailInternal-arrow\"]"}
COMMAND: POST /session/17ac9b2ed7eebf123703e812e0574450/element/f.025621EB997FE751E0C326B2CEC08C5E.d.AC740A0A102D5372EC4B705D5CB30E6E.e.7916/click - {}
RESULT: {}
COMMAND: POST /session/17ac9b2ed7eebf123703e812e0574450/element - {"using":"xpath","value":"//span[contains(text(), \"External partner\")]"}
COMMAND: GET /session/17ac9b2ed7eebf123703e812e0574450/screenshot - {}
RESULT: {"using":"xpath","value":"//span[contains(text(), \"External partner\")]"}
COMMAND: POST /session/17ac9b2ed7eebf123703e812e0574450/element/f.025621EB997FE751E0C326B2CEC08C5E.d.AC740A0A102D5372EC4B705D5CB30E6E.e.7917/click - {}
RESULT: {}
RESULT: {}
COMMAND: POST /session/17ac9b2ed7eebf123703e812e0574450/execute/async - {"script":"<script> [1562 bytes]","args":[{"selector":{"id":"application-managepartners-display-component---NewPartner--partnerDetailsCurrency-arrow"},"wdio_ui5_key":"applicationmanagepartners-display-component---NewPartner--partnerDetailsCurrency-arrow"}]}
COMMAND: GET /session/17ac9b2ed7eebf123703e812e0574450/screenshot - {}
RESULT: {"script":"<script> [1562 bytes]","args":[{"selector":{"id":"application-managepartners-display-component---NewPartner--partnerDetailsCurrency-arrow"},"wdio_ui5_key":"applicationmanagepartners-display-component---NewPartner--partnerDetailsCurrency-arrow"}]}
RESULT: undefined
COMMAND: POST /session/17ac9b2ed7eebf123703e812e0574450/element - {"using":"xpath","value":"//*[@id=\"application-managepartners-display-component---NewPartner--partnerDetailsCurrency-arrow\"]"}
RESULT: {}
RESULT: {"using":"xpath","value":"//*[@id=\"application-managepartners-display-component---NewPartner--partnerDetailsCurrency-arrow\"]"}
COMMAND: POST /session/17ac9b2ed7eebf123703e812e0574450/element/f.025621EB997FE751E0C326B2CEC08C5E.d.AC740A0A102D5372EC4B705D5CB30E6E.e.7922/click - {}
RESULT: {}
COMMAND: POST /session/17ac9b2ed7eebf123703e812e0574450/element - {"using":"xpath","value":"//span[contains(text(), \"US Dollar\")]"}
COMMAND: GET /session/17ac9b2ed7eebf123703e812e0574450/screenshot - {}
RESULT: {"using":"xpath","value":"//span[contains(text(), \"US Dollar\")]"}
COMMAND: POST /session/17ac9b2ed7eebf123703e812e0574450/element/f.025621EB997FE751E0C326B2CEC08C5E.d.AC740A0A102D5372EC4B705D5CB30E6E.e.7923/click - {}
RESULT: {}
RESULT: {}
COMMAND: GET /session/17ac9b2ed7eebf123703e812e0574450/screenshot - {}
RESULT: {}
COMMAND: POST /session/17ac9b2ed7eebf123703e812e0574450/element - {"using":"xpath","value":"//input[@id=\"application-managepartners-display-component---NewPartner--companyCodeComboBox-inner\"]"}
RESULT: {"using":"xpath","value":"//input[@id=\"application-managepartners-display-component---NewPartner--companyCodeComboBox-inner\"]"}
COMMAND: POST /session/17ac9b2ed7eebf123703e812e0574450/element/f.025621EB997FE751E0C326B2CEC08C5E.d.AC740A0A102D5372EC4B705D5CB30E6E.e.7780/clear - {}
RESULT: {}
COMMAND: POST /session/17ac9b2ed7eebf123703e812e0574450/element/f.025621EB997FE751E0C326B2CEC08C5E.d.AC740A0A102D5372EC4B705D5CB30E6E.e.7780/value - {"text":"C002"}
COMMAND: GET /session/17ac9b2ed7eebf123703e812e0574450/screenshot - {}
RESULT: {"text":"C002"}
COMMAND: GET /session/17ac9b2ed7eebf123703e812e0574450/screenshot - {}
RESULT: {}
RESULT: {}
COMMAND: POST /session/17ac9b2ed7eebf123703e812e0574450/element - {"using":"xpath","value":"//li[.//span[text()= \"C002\"]]"}
RESULT: {"using":"xpath","value":"//li[.//span[text()= \"C002\"]]"}
COMMAND: POST /session/17ac9b2ed7eebf123703e812e0574450/element/f.025621EB997FE751E0C326B2CEC08C5E.d.AC740A0A102D5372EC4B705D5CB30E6E.e.7927/click - {}
RESULT: {}
COMMAND: GET /session/17ac9b2ed7eebf123703e812e0574450/screenshot - {}
RESULT: {}
COMMAND: POST /session/17ac9b2ed7eebf123703e812e0574450/execute/async - {"script":"<script> [1562 bytes]","args":[{"selector":{"controlType":"sap.ui.core.Icon","viewName":"etm.portal.ui.managepartners.view.NewPartner","viewId":"application-managepartners-display-component---NewPartner","properties":{"src":{"regex":{"source":"slim\\-arrow\\-down"}}},"ancestor":{"controlType":"sap.m.ComboBox","viewName":"etm.portal.ui.managepartners.view.NewPartner","viewId":"application-managepartners-display-component---NewPartner","bindingPath":{"path":"","propertyPath":"/CATALOG","modelName":"oNewPartnerModel"}}},"wdio_ui5_key":"etmportal.ui.managepartners.view.NewPartnersap.ui.core.Icon{\"src\":{\"regex\":{\"source\":\"slim\\\\-arrow\\\\-down\"}}}{\"controlType\":\"sap.m.ComboBox\",\"viewName\":\"etm.portal.ui.managepartners.view.NewPartner\",\"viewId\":\"application-managepartners-display-component---NewPartner\",\"bindingPath\":{\"path\":\"\",\"propertyPath\":\"/CATALOG\",\"modelName\":\"oNewPartnerModel\"}}"}]}
RESULT: {"script":"<script> [1562 bytes]","args":[{"selector":{"controlType":"sap.ui.core.Icon","viewName":"etm.portal.ui.managepartners.view.NewPartner","viewId":"application-managepartners-display-component---NewPartner","properties":{"src":{"regex":{"source":"slim\\-arrow\\-down"}}},"ancestor":{"controlType":"sap.m.ComboBox","viewName":"etm.portal.ui.managepartners.view.NewPartner","viewId":"application-managepartners-display-component---NewPartner","bindingPath":{"path":"","propertyPath":"/CATALOG","modelName":"oNewPartnerModel"}}},"wdio_ui5_key":"etmportal.ui.managepartners.view.NewPartnersap.ui.core.Icon{\"src\":{\"regex\":{\"source\":\"slim\\\\-arrow\\\\-down\"}}}{\"controlType\":\"sap.m.ComboBox\",\"viewName\":\"etm.portal.ui.managepartners.view.NewPartner\",\"viewId\":\"application-managepartners-display-component---NewPartner\",\"bindingPath\":{\"path\":\"\",\"propertyPath\":\"/CATALOG\",\"modelName\":\"oNewPartnerModel\"}}"}]}
RESULT: undefined
COMMAND: POST /session/17ac9b2ed7eebf123703e812e0574450/element - {"using":"xpath","value":"//*[@id=\"__box21-arrow\"]"}
RESULT: {"using":"xpath","value":"//*[@id=\"__box21-arrow\"]"}
COMMAND: POST /session/17ac9b2ed7eebf123703e812e0574450/element/f.025621EB997FE751E0C326B2CEC08C5E.d.AC740A0A102D5372EC4B705D5CB30E6E.e.7860/click - {}
RESULT: {}
COMMAND: GET /session/17ac9b2ed7eebf123703e812e0574450/screenshot - {}
RESULT: {}
COMMAND: POST /session/17ac9b2ed7eebf123703e812e0574450/element - {"using":"xpath","value":"//ul[contains(@id,\"popup-list-listUl\")]//li[.//span[text()= \"Webshop Catalog\"]]"}
RESULT: {"using":"xpath","value":"//ul[contains(@id,\"popup-list-listUl\")]//li[.//span[text()= \"Webshop Catalog\"]]"}
COMMAND: POST /session/17ac9b2ed7eebf123703e812e0574450/element/f.025621EB997FE751E0C326B2CEC08C5E.d.AC740A0A102D5372EC4B705D5CB30E6E.e.7929/click - {}
RESULT: {}
COMMAND: GET /session/17ac9b2ed7eebf123703e812e0574450/screenshot - {}
RESULT: {}
COMMAND: POST /session/17ac9b2ed7eebf123703e812e0574450/execute/async - {"script":"<script> [1562 bytes]","args":[{"selector":{"id":"application-managepartners-display-component---NewPartner--btnAddTableRow-img"},"wdio_ui5_key":"applicationmanagepartners-display-component---NewPartner--btnAddTableRow-img"}]}
RESULT: {"script":"<script> [1562 bytes]","args":[{"selector":{"id":"application-managepartners-display-component---NewPartner--btnAddTableRow-img"},"wdio_ui5_key":"applicationmanagepartners-display-component---NewPartner--btnAddTableRow-img"}]}
RESULT: undefined
COMMAND: POST /session/17ac9b2ed7eebf123703e812e0574450/element - {"using":"xpath","value":"//*[@id=\"application-managepartners-display-component---NewPartner--btnAddTableRow-img\"]"}
RESULT: {"using":"xpath","value":"//*[@id=\"application-managepartners-display-component---NewPartner--btnAddTableRow-img\"]"}
COMMAND: POST /session/17ac9b2ed7eebf123703e812e0574450/element/f.025621EB997FE751E0C326B2CEC08C5E.d.AC740A0A102D5372EC4B705D5CB30E6E.e.7930/click - {}
RESULT: {}
COMMAND: GET /session/17ac9b2ed7eebf123703e812e0574450/screenshot - {}
RESULT: {}
COMMAND: POST /session/17ac9b2ed7eebf123703e812e0574450/element - {"using":"xpath","value":"//input[@id=\"application-managepartners-display-component---NewPartner--assignmentYard-application-managepartners-display-component---NewPartner--assignmentsTable-0-inner\"]"}
RESULT: {"using":"xpath","value":"//input[@id=\"application-managepartners-display-component---NewPartner--assignmentYard-application-managepartners-display-component---NewPartner--assignmentsTable-0-inner\"]"}
COMMAND: POST /session/17ac9b2ed7eebf123703e812e0574450/element/f.025621EB997FE751E0C326B2CEC08C5E.d.AC740A0A102D5372EC4B705D5CB30E6E.e.7933/clear - {}
RESULT: {}
COMMAND: POST /session/17ac9b2ed7eebf123703e812e0574450/element/f.025621EB997FE751E0C326B2CEC08C5E.d.AC740A0A102D5372EC4B705D5CB30E6E.e.7933/value - {"text":"594"}
COMMAND: GET /session/17ac9b2ed7eebf123703e812e0574450/screenshot - {}
RESULT: {"text":"594"}
COMMAND: GET /session/17ac9b2ed7eebf123703e812e0574450/screenshot - {}
RESULT: {}
RESULT: {}
COMMAND: POST /session/17ac9b2ed7eebf123703e812e0574450/element - {"using":"xpath","value":"//li[.//span[text()='594']]"}
RESULT: {"using":"xpath","value":"//li[.//span[text()='594']]"}
COMMAND: POST /session/17ac9b2ed7eebf123703e812e0574450/element/f.025621EB997FE751E0C326B2CEC08C5E.d.AC740A0A102D5372EC4B705D5CB30E6E.e.7941/click - {}
RESULT: {}
COMMAND: GET /session/17ac9b2ed7eebf123703e812e0574450/screenshot - {}
RESULT: {}
COMMAND: POST /session/17ac9b2ed7eebf123703e812e0574450/actions - {"actions":[{"id":"action27","type":"key","parameters":{},"actions":[{"type":"keyDown","value":"î€‡"},{"type":"pause","duration":10},{"type":"keyUp","value":"î€‡"}]}]}
RESULT: {"actions":[{"id":"action27","type":"key","parameters":{},"actions":[{"type":"keyDown","value":"î€‡"},{"type":"pause","duration":10},{"type":"keyUp","value":"î€‡"}]}]}
COMMAND: POST /session/17ac9b2ed7eebf123703e812e0574450/element - {"using":"xpath","value":"//td[contains(@id, \"assignmentsTable-0-cell2\")]/div/div"}
COMMAND: GET /session/17ac9b2ed7eebf123703e812e0574450/screenshot - {}
RESULT: {"using":"xpath","value":"//td[contains(@id, \"assignmentsTable-0-cell2\")]/div/div"}
COMMAND: POST /session/17ac9b2ed7eebf123703e812e0574450/element/f.025621EB997FE751E0C326B2CEC08C5E.d.AC740A0A102D5372EC4B705D5CB30E6E.e.7944/click - {}
RESULT: {}
RESULT: {}
COMMAND: GET /session/17ac9b2ed7eebf123703e812e0574450/screenshot - {}
RESULT: {}
COMMAND: POST /session/17ac9b2ed7eebf123703e812e0574450/element - {"using":"xpath","value":"//button[@data-kt=\"saveButton\"]"}
RESULT: {"using":"xpath","value":"//button[@data-kt=\"saveButton\"]"}
COMMAND: POST /session/17ac9b2ed7eebf123703e812e0574450/element/f.025621EB997FE751E0C326B2CEC08C5E.d.AC740A0A102D5372EC4B705D5CB30E6E.e.7883/click - {}
RESULT: {}
COMMAND: GET /session/17ac9b2ed7eebf123703e812e0574450/screenshot - {}
RESULT: {}
COMMAND: POST /session/17ac9b2ed7eebf123703e812e0574450/element - {"using":"xpath","value":"//header[contains(@id, 'ObjectPageLayout-headerTitle')]/div[1]/div[2]/div[2]/span[1]"}
RESULT: {"using":"xpath","value":"//header[contains(@id, 'ObjectPageLayout-headerTitle')]/div[1]/div[2]/div[2]/span[1]"}
COMMAND: POST /session/17ac9b2ed7eebf123703e812e0574450/elements - {"using":"xpath","value":"//header[contains(@id, 'ObjectPageLayout-headerTitle')]/div[1]/div[2]/div[2]/span[1]"}
RESULT: {"using":"xpath","value":"//header[contains(@id, 'ObjectPageLayout-headerTitle')]/div[1]/div[2]/div[2]/span[1]"}
COMMAND: POST /session/17ac9b2ed7eebf123703e812e0574450/execute/sync - {"script":"<script> [56 bytes]","args":[{"element-6066-11e4-a52e-4f735466cecf":"f.025621EB997FE751E0C326B2CEC08C5E.d.AC740A0A102D5372EC4B705D5CB30E6E.e.8106","ELEMENT":"f.025621EB997FE751E0C326B2CEC08C5E.d.AC740A0A102D5372EC4B705D5CB30E6E.e.8106"}]}
RESULT: {"script":"<script> [56 bytes]","args":[{"element-6066-11e4-a52e-4f735466cecf":"f.025621EB997FE751E0C326B2CEC08C5E.d.AC740A0A102D5372EC4B705D5CB30E6E.e.8106","ELEMENT":"f.025621EB997FE751E0C326B2CEC08C5E.d.AC740A0A102D5372EC4B705D5CB30E6E.e.8106"}]}
COMMAND: POST /session/17ac9b2ed7eebf123703e812e0574450/element - {"using":"css selector","value":"#shell-header-logo"}
COMMAND: GET /session/17ac9b2ed7eebf123703e812e0574450/screenshot - {}
RESULT: {"using":"css selector","value":"#shell-header-logo"}
COMMAND: POST /session/17ac9b2ed7eebf123703e812e0574450/element/f.025621EB997FE751E0C326B2CEC08C5E.d.AC740A0A102D5372EC4B705D5CB30E6E.e.7434/click - {}
RESULT: {}
RESULT: {}
COMMAND: GET /session/17ac9b2ed7eebf123703e812e0574450/screenshot - {}
RESULT: {}
COMMAND: POST /session/17ac9b2ed7eebf123703e812e0574450/execute/sync - {"script":"<script> [299 bytes]","args":[["getModel","getResource"]]}
RESULT: {"script":"<script> [299 bytes]","args":[["getModel","getResource"]]}
]]></system-out>
    </testcase>
    <testcase classname="chrome.136_0_7103_93.windows.Provide_to_Site_w/o_warehouse_management_w/_clarification_US116605" name="Should create a new site" time="98.057">
      <system-out><![CDATA[
COMMAND: POST /session/17ac9b2ed7eebf123703e812e0574450/execute/async - {"script":"<script> [1562 bytes]","args":[{"selector":{"controlType":"sap.m.GenericTile","properties":{"header":"Manage Sites"}},"wdio_ui5_key":"sapm.GenericTile{\"header\":\"Manage Sites\"}"}]}
COMMAND: GET /session/17ac9b2ed7eebf123703e812e0574450/screenshot - {}
RESULT: {"script":"<script> [1562 bytes]","args":[{"selector":{"controlType":"sap.m.GenericTile","properties":{"header":"Manage Sites"}},"wdio_ui5_key":"sapm.GenericTile{\"header\":\"Manage Sites\"}"}]}
RESULT: undefined
COMMAND: POST /session/17ac9b2ed7eebf123703e812e0574450/element - {"using":"xpath","value":"//*[@id=\"__tile32\"]"}
RESULT: {}
RESULT: {"using":"xpath","value":"//*[@id=\"__tile32\"]"}
COMMAND: POST /session/17ac9b2ed7eebf123703e812e0574450/element/f.025621EB997FE751E0C326B2CEC08C5E.d.AC740A0A102D5372EC4B705D5CB30E6E.e.6592/click - {}
RESULT: {}
COMMAND: GET /session/17ac9b2ed7eebf123703e812e0574450/screenshot - {}
RESULT: {}
COMMAND: POST /session/17ac9b2ed7eebf123703e812e0574450/elements - {"using":"xpath","value":"//span[text()='Error']"}
RESULT: {"using":"xpath","value":"//span[text()='Error']"}
COMMAND: POST /session/17ac9b2ed7eebf123703e812e0574450/element - {"using":"xpath","value":"//button[@data-kt=\"addOverflowToolbarButton\"]"}
RESULT: {"using":"xpath","value":"//button[@data-kt=\"addOverflowToolbarButton\"]"}
COMMAND: POST /session/17ac9b2ed7eebf123703e812e0574450/elements - {"using":"xpath","value":"//button[@data-kt=\"addOverflowToolbarButton\"]"}
RESULT: {"using":"xpath","value":"//button[@data-kt=\"addOverflowToolbarButton\"]"}
COMMAND: POST /session/17ac9b2ed7eebf123703e812e0574450/execute/sync - {"script":"<script> [8489 bytes]","args":[{"element-6066-11e4-a52e-4f735466cecf":"f.025621EB997FE751E0C326B2CEC08C5E.d.AC740A0A102D5372EC4B705D5CB30E6E.e.8153","ELEMENT":"f.025621EB997FE751E0C326B2CEC08C5E.d.AC740A0A102D5372EC4B705D5CB30E6E.e.8153"}]}
RESULT: {"script":"<script> [8489 bytes]","args":[{"element-6066-11e4-a52e-4f735466cecf":"f.025621EB997FE751E0C326B2CEC08C5E.d.AC740A0A102D5372EC4B705D5CB30E6E.e.8153","ELEMENT":"f.025621EB997FE751E0C326B2CEC08C5E.d.AC740A0A102D5372EC4B705D5CB30E6E.e.8153"}]}
COMMAND: GET /session/17ac9b2ed7eebf123703e812e0574450/element/f.025621EB997FE751E0C326B2CEC08C5E.d.AC740A0A102D5372EC4B705D5CB30E6E.e.8153/enabled - {}
COMMAND: GET /session/17ac9b2ed7eebf123703e812e0574450/screenshot - {}
RESULT: {}
COMMAND: POST /session/17ac9b2ed7eebf123703e812e0574450/execute/sync - {"script":"<script> [8489 bytes]","args":[{"element-6066-11e4-a52e-4f735466cecf":"f.025621EB997FE751E0C326B2CEC08C5E.d.AC740A0A102D5372EC4B705D5CB30E6E.e.8153","ELEMENT":"f.025621EB997FE751E0C326B2CEC08C5E.d.AC740A0A102D5372EC4B705D5CB30E6E.e.8153"}]}
COMMAND: GET /session/17ac9b2ed7eebf123703e812e0574450/screenshot - {}
RESULT: {}
RESULT: {"script":"<script> [8489 bytes]","args":[{"element-6066-11e4-a52e-4f735466cecf":"f.025621EB997FE751E0C326B2CEC08C5E.d.AC740A0A102D5372EC4B705D5CB30E6E.e.8153","ELEMENT":"f.025621EB997FE751E0C326B2CEC08C5E.d.AC740A0A102D5372EC4B705D5CB30E6E.e.8153"}]}
COMMAND: POST /session/17ac9b2ed7eebf123703e812e0574450/execute/sync - {"script":"<script> [5351 bytes]","args":[{"element-6066-11e4-a52e-4f735466cecf":"f.025621EB997FE751E0C326B2CEC08C5E.d.AC740A0A102D5372EC4B705D5CB30E6E.e.8153","ELEMENT":"f.025621EB997FE751E0C326B2CEC08C5E.d.AC740A0A102D5372EC4B705D5CB30E6E.e.8153"}]}
COMMAND: GET /session/17ac9b2ed7eebf123703e812e0574450/screenshot - {}
RESULT: {}
RESULT: {"script":"<script> [5351 bytes]","args":[{"element-6066-11e4-a52e-4f735466cecf":"f.025621EB997FE751E0C326B2CEC08C5E.d.AC740A0A102D5372EC4B705D5CB30E6E.e.8153","ELEMENT":"f.025621EB997FE751E0C326B2CEC08C5E.d.AC740A0A102D5372EC4B705D5CB30E6E.e.8153"}]}
COMMAND: POST /session/17ac9b2ed7eebf123703e812e0574450/element/f.025621EB997FE751E0C326B2CEC08C5E.d.AC740A0A102D5372EC4B705D5CB30E6E.e.8153/click - {}
COMMAND: GET /session/17ac9b2ed7eebf123703e812e0574450/screenshot - {}
RESULT: {}
RESULT: {}
COMMAND: GET /session/17ac9b2ed7eebf123703e812e0574450/screenshot - {}
COMMAND: POST /session/17ac9b2ed7eebf123703e812e0574450/element - {"using":"xpath","value":"//input[@id=\"application-managesites-display-component---NewSite--siteId-inner\"]"}
RESULT: {}
RESULT: {}
RESULT: {"using":"xpath","value":"//input[@id=\"application-managesites-display-component---NewSite--siteId-inner\"]"}
COMMAND: POST /session/17ac9b2ed7eebf123703e812e0574450/element - {"using":"xpath","value":"//input[@id=\"application-managesites-display-component---NewSite--siteId-inner\"]"}
RESULT: {"using":"xpath","value":"//input[@id=\"application-managesites-display-component---NewSite--siteId-inner\"]"}
COMMAND: POST /session/17ac9b2ed7eebf123703e812e0574450/execute/async - {"script":"<script> [1562 bytes]","args":[{"selector":{"id":"application-managesites-display-component---NewSite--addressDetailDetailsName1","interaction":{"idSuffix":"inner"}},"wdio_ui5_key":"applicationmanagesites-display-component---NewSite--addressDetailDetailsName1"}]}
RESULT: {"script":"<script> [1562 bytes]","args":[{"selector":{"id":"application-managesites-display-component---NewSite--addressDetailDetailsName1","interaction":{"idSuffix":"inner"}},"wdio_ui5_key":"applicationmanagesites-display-component---NewSite--addressDetailDetailsName1"}]}
RESULT: undefined
COMMAND: POST /session/17ac9b2ed7eebf123703e812e0574450/execute/async - {"script":"<script> [776 bytes]","args":[{"enterText":"Other Type Site WDIO","selector":{"id":"application-managesites-display-component---NewSite--addressDetailDetailsName1","interaction":{"idSuffix":"inner"}},"clearTextFirst":true,"interactionType":"ENTER_TEXT"}]}
RESULT: {"script":"<script> [776 bytes]","args":[{"enterText":"Other Type Site WDIO","selector":{"id":"application-managesites-display-component---NewSite--addressDetailDetailsName1","interaction":{"idSuffix":"inner"}},"clearTextFirst":true,"interactionType":"ENTER_TEXT"}]}
COMMAND: POST /session/17ac9b2ed7eebf123703e812e0574450/execute/async - {"script":"<script> [1562 bytes]","args":[{"selector":{"id":"application-managesites-display-component---NewSite--addressDetailDetailsLanguage-arrow"},"wdio_ui5_key":"applicationmanagesites-display-component---NewSite--addressDetailDetailsLanguage-arrow"}]}
RESULT: {"script":"<script> [1562 bytes]","args":[{"selector":{"id":"application-managesites-display-component---NewSite--addressDetailDetailsLanguage-arrow"},"wdio_ui5_key":"applicationmanagesites-display-component---NewSite--addressDetailDetailsLanguage-arrow"}]}
RESULT: undefined
COMMAND: POST /session/17ac9b2ed7eebf123703e812e0574450/element - {"using":"xpath","value":"//*[@id=\"application-managesites-display-component---NewSite--addressDetailDetailsLanguage-arrow\"]"}
RESULT: {"using":"xpath","value":"//*[@id=\"application-managesites-display-component---NewSite--addressDetailDetailsLanguage-arrow\"]"}
COMMAND: POST /session/17ac9b2ed7eebf123703e812e0574450/element/f.025621EB997FE751E0C326B2CEC08C5E.d.AC740A0A102D5372EC4B705D5CB30E6E.e.8555/click - {}
RESULT: {}
COMMAND: POST /session/17ac9b2ed7eebf123703e812e0574450/element - {"using":"xpath","value":"//span[contains(text(), \"English\")]"}
COMMAND: GET /session/17ac9b2ed7eebf123703e812e0574450/screenshot - {}
RESULT: {"using":"xpath","value":"//span[contains(text(), \"English\")]"}
COMMAND: POST /session/17ac9b2ed7eebf123703e812e0574450/element/f.025621EB997FE751E0C326B2CEC08C5E.d.AC740A0A102D5372EC4B705D5CB30E6E.e.8556/click - {}
RESULT: {}
RESULT: {}
COMMAND: POST /session/17ac9b2ed7eebf123703e812e0574450/execute/async - {"script":"<script> [1562 bytes]","args":[{"selector":{"id":"application-managesites-display-component---NewSite--addressDetailDetailsCity1","interaction":{"idSuffix":"inner"}},"wdio_ui5_key":"applicationmanagesites-display-component---NewSite--addressDetailDetailsCity1"}]}
COMMAND: GET /session/17ac9b2ed7eebf123703e812e0574450/screenshot - {}
RESULT: {"script":"<script> [1562 bytes]","args":[{"selector":{"id":"application-managesites-display-component---NewSite--addressDetailDetailsCity1","interaction":{"idSuffix":"inner"}},"wdio_ui5_key":"applicationmanagesites-display-component---NewSite--addressDetailDetailsCity1"}]}
RESULT: undefined
COMMAND: POST /session/17ac9b2ed7eebf123703e812e0574450/execute/async - {"script":"<script> [776 bytes]","args":[{"enterText":"Rosario","selector":{"id":"application-managesites-display-component---NewSite--addressDetailDetailsCity1","interaction":{"idSuffix":"inner"}},"clearTextFirst":true,"interactionType":"ENTER_TEXT"}]}
RESULT: {}
RESULT: {"script":"<script> [776 bytes]","args":[{"enterText":"Rosario","selector":{"id":"application-managesites-display-component---NewSite--addressDetailDetailsCity1","interaction":{"idSuffix":"inner"}},"clearTextFirst":true,"interactionType":"ENTER_TEXT"}]}
COMMAND: POST /session/17ac9b2ed7eebf123703e812e0574450/execute/async - {"script":"<script> [1562 bytes]","args":[{"selector":{"id":"application-managesites-display-component---NewSite--addressDetailDetailsCountry-arrow"},"wdio_ui5_key":"applicationmanagesites-display-component---NewSite--addressDetailDetailsCountry-arrow"}]}
RESULT: {"script":"<script> [1562 bytes]","args":[{"selector":{"id":"application-managesites-display-component---NewSite--addressDetailDetailsCountry-arrow"},"wdio_ui5_key":"applicationmanagesites-display-component---NewSite--addressDetailDetailsCountry-arrow"}]}
RESULT: undefined
COMMAND: POST /session/17ac9b2ed7eebf123703e812e0574450/element - {"using":"xpath","value":"//*[@id=\"application-managesites-display-component---NewSite--addressDetailDetailsCountry-arrow\"]"}
RESULT: {"using":"xpath","value":"//*[@id=\"application-managesites-display-component---NewSite--addressDetailDetailsCountry-arrow\"]"}
COMMAND: POST /session/17ac9b2ed7eebf123703e812e0574450/element/f.025621EB997FE751E0C326B2CEC08C5E.d.AC740A0A102D5372EC4B705D5CB30E6E.e.8558/click - {}
RESULT: {}
COMMAND: POST /session/17ac9b2ed7eebf123703e812e0574450/element - {"using":"xpath","value":"//span[contains(text(), \"Argentina\")]"}
COMMAND: GET /session/17ac9b2ed7eebf123703e812e0574450/screenshot - {}
RESULT: {"using":"xpath","value":"//span[contains(text(), \"Argentina\")]"}
COMMAND: POST /session/17ac9b2ed7eebf123703e812e0574450/element/f.025621EB997FE751E0C326B2CEC08C5E.d.AC740A0A102D5372EC4B705D5CB30E6E.e.8559/click - {}
RESULT: {}
RESULT: {}
COMMAND: GET /session/17ac9b2ed7eebf123703e812e0574450/screenshot - {}
RESULT: {}
COMMAND: POST /session/17ac9b2ed7eebf123703e812e0574450/execute/async - {"script":"<script> [1562 bytes]","args":[{"selector":{"id":"application-managesites-display-component---NewSite--addressEditDetailsCostObjectCstType-arrow"},"wdio_ui5_key":"applicationmanagesites-display-component---NewSite--addressEditDetailsCostObjectCstType-arrow"}]}
RESULT: {"script":"<script> [1562 bytes]","args":[{"selector":{"id":"application-managesites-display-component---NewSite--addressEditDetailsCostObjectCstType-arrow"},"wdio_ui5_key":"applicationmanagesites-display-component---NewSite--addressEditDetailsCostObjectCstType-arrow"}]}
RESULT: undefined
COMMAND: POST /session/17ac9b2ed7eebf123703e812e0574450/element - {"using":"xpath","value":"//*[@id=\"application-managesites-display-component---NewSite--addressEditDetailsCostObjectCstType-arrow\"]"}
RESULT: {"using":"xpath","value":"//*[@id=\"application-managesites-display-component---NewSite--addressEditDetailsCostObjectCstType-arrow\"]"}
COMMAND: POST /session/17ac9b2ed7eebf123703e812e0574450/element/f.025621EB997FE751E0C326B2CEC08C5E.d.AC740A0A102D5372EC4B705D5CB30E6E.e.8561/click - {}
RESULT: {}
COMMAND: POST /session/17ac9b2ed7eebf123703e812e0574450/element - {"using":"xpath","value":"//span[contains(text(), \"Cost Center\")]"}
COMMAND: GET /session/17ac9b2ed7eebf123703e812e0574450/screenshot - {}
RESULT: {"using":"xpath","value":"//span[contains(text(), \"Cost Center\")]"}
COMMAND: POST /session/17ac9b2ed7eebf123703e812e0574450/element/f.025621EB997FE751E0C326B2CEC08C5E.d.AC740A0A102D5372EC4B705D5CB30E6E.e.8562/click - {}
RESULT: {}
RESULT: {}
COMMAND: GET /session/17ac9b2ed7eebf123703e812e0574450/screenshot - {}
RESULT: {}
COMMAND: POST /session/17ac9b2ed7eebf123703e812e0574450/element - {"using":"xpath","value":"//span[@id=\"application-managesites-display-component---NewSite--addressNewCostObjectCstID-vhi\"]"}
RESULT: {"using":"xpath","value":"//span[@id=\"application-managesites-display-component---NewSite--addressNewCostObjectCstID-vhi\"]"}
COMMAND: POST /session/17ac9b2ed7eebf123703e812e0574450/execute/sync - {"script":"<script> [8489 bytes]","args":[{"element-6066-11e4-a52e-4f735466cecf":"f.025621EB997FE751E0C326B2CEC08C5E.d.AC740A0A102D5372EC4B705D5CB30E6E.e.8567","ELEMENT":"f.025621EB997FE751E0C326B2CEC08C5E.d.AC740A0A102D5372EC4B705D5CB30E6E.e.8567"}]}
RESULT: {"script":"<script> [8489 bytes]","args":[{"element-6066-11e4-a52e-4f735466cecf":"f.025621EB997FE751E0C326B2CEC08C5E.d.AC740A0A102D5372EC4B705D5CB30E6E.e.8567","ELEMENT":"f.025621EB997FE751E0C326B2CEC08C5E.d.AC740A0A102D5372EC4B705D5CB30E6E.e.8567"}]}
COMMAND: POST /session/17ac9b2ed7eebf123703e812e0574450/execute/async - {"script":"<script> [1562 bytes]","args":[{"selector":{"id":"application-managesites-display-component---NewSite--addressNewCostObjectCstID-vhi"},"wdio_ui5_key":"applicationmanagesites-display-component---NewSite--addressNewCostObjectCstID-vhi"}]}
COMMAND: GET /session/17ac9b2ed7eebf123703e812e0574450/screenshot - {}
RESULT: {"script":"<script> [1562 bytes]","args":[{"selector":{"id":"application-managesites-display-component---NewSite--addressNewCostObjectCstID-vhi"},"wdio_ui5_key":"applicationmanagesites-display-component---NewSite--addressNewCostObjectCstID-vhi"}]}
RESULT: undefined
COMMAND: POST /session/17ac9b2ed7eebf123703e812e0574450/element - {"using":"xpath","value":"//*[@id=\"application-managesites-display-component---NewSite--addressNewCostObjectCstID-vhi\"]"}
RESULT: {}
RESULT: {"using":"xpath","value":"//*[@id=\"application-managesites-display-component---NewSite--addressNewCostObjectCstID-vhi\"]"}
COMMAND: POST /session/17ac9b2ed7eebf123703e812e0574450/element/f.025621EB997FE751E0C326B2CEC08C5E.d.AC740A0A102D5372EC4B705D5CB30E6E.e.8567/click - {}
RESULT: {}
COMMAND: GET /session/17ac9b2ed7eebf123703e812e0574450/screenshot - {}
RESULT: {}
RESULT: undefined
COMMAND: POST /session/17ac9b2ed7eebf123703e812e0574450/execute/async - {"script":"<script> [776 bytes]","args":[{"enterText":"10001013","selector":{"controlType":"sap.m.SearchField","properties":{"placeholder":"Search"},"searchOpenDialogs":true,"interaction":{"idSuffix":"I"}},"clearTextFirst":true,"interactionType":"ENTER_TEXT"}]}
RESULT: {"script":"<script> [776 bytes]","args":[{"enterText":"10001013","selector":{"controlType":"sap.m.SearchField","properties":{"placeholder":"Search"},"searchOpenDialogs":true,"interaction":{"idSuffix":"I"}},"clearTextFirst":true,"interactionType":"ENTER_TEXT"}]}
COMMAND: POST /session/17ac9b2ed7eebf123703e812e0574450/actions - {"actions":[{"id":"action28","type":"key","parameters":{},"actions":[{"type":"keyDown","value":"î€‡"},{"type":"pause","duration":10},{"type":"keyUp","value":"î€‡"}]}]}
RESULT: {"actions":[{"id":"action28","type":"key","parameters":{},"actions":[{"type":"keyDown","value":"î€‡"},{"type":"pause","duration":10},{"type":"keyUp","value":"î€‡"}]}]}
COMMAND: GET /session/17ac9b2ed7eebf123703e812e0574450/screenshot - {}
RESULT: {}
COMMAND: POST /session/17ac9b2ed7eebf123703e812e0574450/element - {"using":"xpath","value":"//span[contains(text(), \"General Management\")]"}
RESULT: {"using":"xpath","value":"//span[contains(text(), \"General Management\")]"}
COMMAND: POST /session/17ac9b2ed7eebf123703e812e0574450/element/f.025621EB997FE751E0C326B2CEC08C5E.d.AC740A0A102D5372EC4B705D5CB30E6E.e.8606/click - {}
RESULT: {}
COMMAND: GET /session/17ac9b2ed7eebf123703e812e0574450/screenshot - {}
RESULT: {}
COMMAND: POST /session/17ac9b2ed7eebf123703e812e0574450/element - {"using":"xpath","value":"//bdi[contains(text(), \"OK\")]"}
RESULT: {"using":"xpath","value":"//bdi[contains(text(), \"OK\")]"}
COMMAND: POST /session/17ac9b2ed7eebf123703e812e0574450/element/f.025621EB997FE751E0C326B2CEC08C5E.d.AC740A0A102D5372EC4B705D5CB30E6E.e.8607/click - {}
RESULT: {}
COMMAND: GET /session/17ac9b2ed7eebf123703e812e0574450/screenshot - {}
RESULT: {}
COMMAND: POST /session/17ac9b2ed7eebf123703e812e0574450/element - {"using":"xpath","value":"//input[@id=\"application-managesites-display-component---NewSite--addressDetailDetailsCalendar-inner\"]"}
RESULT: {"using":"xpath","value":"//input[@id=\"application-managesites-display-component---NewSite--addressDetailDetailsCalendar-inner\"]"}
COMMAND: POST /session/17ac9b2ed7eebf123703e812e0574450/element/f.025621EB997FE751E0C326B2CEC08C5E.d.AC740A0A102D5372EC4B705D5CB30E6E.e.8351/clear - {}
RESULT: {}
COMMAND: POST /session/17ac9b2ed7eebf123703e812e0574450/element/f.025621EB997FE751E0C326B2CEC08C5E.d.AC740A0A102D5372EC4B705D5CB30E6E.e.8351/value - {"text":"Unit"}
COMMAND: GET /session/17ac9b2ed7eebf123703e812e0574450/screenshot - {}
RESULT: {"text":"Unit"}
COMMAND: GET /session/17ac9b2ed7eebf123703e812e0574450/screenshot - {}
RESULT: {}
RESULT: {}
COMMAND: POST /session/17ac9b2ed7eebf123703e812e0574450/actions - {"actions":[{"id":"action29","type":"key","parameters":{},"actions":[{"type":"keyDown","value":"î€‡"},{"type":"pause","duration":10},{"type":"keyUp","value":"î€‡"}]}]}
RESULT: {"actions":[{"id":"action29","type":"key","parameters":{},"actions":[{"type":"keyDown","value":"î€‡"},{"type":"pause","duration":10},{"type":"keyUp","value":"î€‡"}]}]}
COMMAND: POST /session/17ac9b2ed7eebf123703e812e0574450/element - {"using":"xpath","value":"//input[@id=\"application-managesites-display-component---NewSite--addressDetailDetailsYard-inner\"]"}
COMMAND: GET /session/17ac9b2ed7eebf123703e812e0574450/screenshot - {}
RESULT: {"using":"xpath","value":"//input[@id=\"application-managesites-display-component---NewSite--addressDetailDetailsYard-inner\"]"}
COMMAND: POST /session/17ac9b2ed7eebf123703e812e0574450/element/f.025621EB997FE751E0C326B2CEC08C5E.d.AC740A0A102D5372EC4B705D5CB30E6E.e.8352/clear - {}
RESULT: {}
RESULT: {}
COMMAND: POST /session/17ac9b2ed7eebf123703e812e0574450/element/f.025621EB997FE751E0C326B2CEC08C5E.d.AC740A0A102D5372EC4B705D5CB30E6E.e.8352/value - {"text":"594"}
COMMAND: GET /session/17ac9b2ed7eebf123703e812e0574450/screenshot - {}
RESULT: {"text":"594"}
COMMAND: GET /session/17ac9b2ed7eebf123703e812e0574450/screenshot - {}
RESULT: {}
RESULT: {}
COMMAND: POST /session/17ac9b2ed7eebf123703e812e0574450/element - {"using":"xpath","value":"//li[.//span[text()='594']]"}
RESULT: {"using":"xpath","value":"//li[.//span[text()='594']]"}
COMMAND: POST /session/17ac9b2ed7eebf123703e812e0574450/element/f.025621EB997FE751E0C326B2CEC08C5E.d.AC740A0A102D5372EC4B705D5CB30E6E.e.8615/click - {}
RESULT: {}
COMMAND: GET /session/17ac9b2ed7eebf123703e812e0574450/screenshot - {}
RESULT: {}
COMMAND: POST /session/17ac9b2ed7eebf123703e812e0574450/element - {"using":"xpath","value":"//input[@id=\"application-managesites-display-component---NewSite--addressDetailDetailsPartner-inner\"]"}
RESULT: {"using":"xpath","value":"//input[@id=\"application-managesites-display-component---NewSite--addressDetailDetailsPartner-inner\"]"}
COMMAND: POST /session/17ac9b2ed7eebf123703e812e0574450/element - {"using":"xpath","value":"//input[@id=\"application-managesites-display-component---NewSite--addressDetailDetailsPartner-inner\"]"}
RESULT: {"using":"xpath","value":"//input[@id=\"application-managesites-display-component---NewSite--addressDetailDetailsPartner-inner\"]"}
COMMAND: POST /session/17ac9b2ed7eebf123703e812e0574450/element - {"using":"xpath","value":"//button[@data-kt=\"saveButton\"]"}
RESULT: {"using":"xpath","value":"//button[@data-kt=\"saveButton\"]"}
COMMAND: POST /session/17ac9b2ed7eebf123703e812e0574450/element/f.025621EB997FE751E0C326B2CEC08C5E.d.AC740A0A102D5372EC4B705D5CB30E6E.e.8548/click - {}
RESULT: {}
COMMAND: GET /session/17ac9b2ed7eebf123703e812e0574450/screenshot - {}
RESULT: {}
COMMAND: POST /session/17ac9b2ed7eebf123703e812e0574450/element - {"using":"xpath","value":"//header[contains(@id, 'ObjectPageLayout-headerTitle')]/div[1]/div[2]/div[2]/span[1]"}
RESULT: {"using":"xpath","value":"//header[contains(@id, 'ObjectPageLayout-headerTitle')]/div[1]/div[2]/div[2]/span[1]"}
COMMAND: POST /session/17ac9b2ed7eebf123703e812e0574450/elements - {"using":"xpath","value":"//header[contains(@id, 'ObjectPageLayout-headerTitle')]/div[1]/div[2]/div[2]/span[1]"}
RESULT: {"using":"xpath","value":"//header[contains(@id, 'ObjectPageLayout-headerTitle')]/div[1]/div[2]/div[2]/span[1]"}
COMMAND: POST /session/17ac9b2ed7eebf123703e812e0574450/execute/sync - {"script":"<script> [56 bytes]","args":[{"element-6066-11e4-a52e-4f735466cecf":"f.025621EB997FE751E0C326B2CEC08C5E.d.AC740A0A102D5372EC4B705D5CB30E6E.e.8818","ELEMENT":"f.025621EB997FE751E0C326B2CEC08C5E.d.AC740A0A102D5372EC4B705D5CB30E6E.e.8818"}]}
RESULT: {"script":"<script> [56 bytes]","args":[{"element-6066-11e4-a52e-4f735466cecf":"f.025621EB997FE751E0C326B2CEC08C5E.d.AC740A0A102D5372EC4B705D5CB30E6E.e.8818","ELEMENT":"f.025621EB997FE751E0C326B2CEC08C5E.d.AC740A0A102D5372EC4B705D5CB30E6E.e.8818"}]}
COMMAND: POST /session/17ac9b2ed7eebf123703e812e0574450/element - {"using":"css selector","value":"#shell-header-logo"}
COMMAND: GET /session/17ac9b2ed7eebf123703e812e0574450/screenshot - {}
RESULT: {"using":"css selector","value":"#shell-header-logo"}
COMMAND: POST /session/17ac9b2ed7eebf123703e812e0574450/element/f.025621EB997FE751E0C326B2CEC08C5E.d.AC740A0A102D5372EC4B705D5CB30E6E.e.8110/click - {}
RESULT: {}
RESULT: {}
COMMAND: GET /session/17ac9b2ed7eebf123703e812e0574450/screenshot - {}
RESULT: {}
COMMAND: POST /session/17ac9b2ed7eebf123703e812e0574450/execute/sync - {"script":"<script> [299 bytes]","args":[["getModel","getResource"]]}
RESULT: {"script":"<script> [299 bytes]","args":[["getModel","getResource"]]}
]]></system-out>
    </testcase>
    <testcase classname="chrome.136_0_7103_93.windows.Provide_to_Site_w/o_warehouse_management_w/_clarification_US116605" name="Should create a new material" time="123.215">
      <system-out><![CDATA[
COMMAND: POST /session/17ac9b2ed7eebf123703e812e0574450/execute/async - {"script":"<script> [1562 bytes]","args":[{"selector":{"controlType":"sap.m.GenericTile","properties":{"header":"Manage Resources"}},"wdio_ui5_key":"sapm.GenericTile{\"header\":\"Manage Resources\"}"}]}
COMMAND: GET /session/17ac9b2ed7eebf123703e812e0574450/screenshot - {}
RESULT: {"script":"<script> [1562 bytes]","args":[{"selector":{"controlType":"sap.m.GenericTile","properties":{"header":"Manage Resources"}},"wdio_ui5_key":"sapm.GenericTile{\"header\":\"Manage Resources\"}"}]}
RESULT: undefined
COMMAND: POST /session/17ac9b2ed7eebf123703e812e0574450/element - {"using":"xpath","value":"//*[@id=\"__tile31\"]"}
RESULT: {}
RESULT: {"using":"xpath","value":"//*[@id=\"__tile31\"]"}
COMMAND: POST /session/17ac9b2ed7eebf123703e812e0574450/element/f.025621EB997FE751E0C326B2CEC08C5E.d.AC740A0A102D5372EC4B705D5CB30E6E.e.6589/click - {}
RESULT: {}
COMMAND: GET /session/17ac9b2ed7eebf123703e812e0574450/screenshot - {}
RESULT: {}
COMMAND: POST /session/17ac9b2ed7eebf123703e812e0574450/elements - {"using":"xpath","value":"//span[text()='Error']"}
RESULT: {"using":"xpath","value":"//span[text()='Error']"}
COMMAND: POST /session/17ac9b2ed7eebf123703e812e0574450/element - {"using":"xpath","value":"//button[@data-kt=\"addNewRUOverflowToolbarButton\"]"}
RESULT: {"using":"xpath","value":"//button[@data-kt=\"addNewRUOverflowToolbarButton\"]"}
COMMAND: POST /session/17ac9b2ed7eebf123703e812e0574450/elements - {"using":"xpath","value":"//button[@data-kt=\"addNewRUOverflowToolbarButton\"]"}
RESULT: {"using":"xpath","value":"//button[@data-kt=\"addNewRUOverflowToolbarButton\"]"}
COMMAND: POST /session/17ac9b2ed7eebf123703e812e0574450/execute/sync - {"script":"<script> [8489 bytes]","args":[{"element-6066-11e4-a52e-4f735466cecf":"f.025621EB997FE751E0C326B2CEC08C5E.d.AC740A0A102D5372EC4B705D5CB30E6E.e.8850","ELEMENT":"f.025621EB997FE751E0C326B2CEC08C5E.d.AC740A0A102D5372EC4B705D5CB30E6E.e.8850"}]}
RESULT: {"script":"<script> [8489 bytes]","args":[{"element-6066-11e4-a52e-4f735466cecf":"f.025621EB997FE751E0C326B2CEC08C5E.d.AC740A0A102D5372EC4B705D5CB30E6E.e.8850","ELEMENT":"f.025621EB997FE751E0C326B2CEC08C5E.d.AC740A0A102D5372EC4B705D5CB30E6E.e.8850"}]}
COMMAND: GET /session/17ac9b2ed7eebf123703e812e0574450/element/f.025621EB997FE751E0C326B2CEC08C5E.d.AC740A0A102D5372EC4B705D5CB30E6E.e.8850/enabled - {}
COMMAND: GET /session/17ac9b2ed7eebf123703e812e0574450/screenshot - {}
RESULT: {}
COMMAND: POST /session/17ac9b2ed7eebf123703e812e0574450/execute/sync - {"script":"<script> [8489 bytes]","args":[{"element-6066-11e4-a52e-4f735466cecf":"f.025621EB997FE751E0C326B2CEC08C5E.d.AC740A0A102D5372EC4B705D5CB30E6E.e.8850","ELEMENT":"f.025621EB997FE751E0C326B2CEC08C5E.d.AC740A0A102D5372EC4B705D5CB30E6E.e.8850"}]}
COMMAND: GET /session/17ac9b2ed7eebf123703e812e0574450/screenshot - {}
RESULT: {}
RESULT: {"script":"<script> [8489 bytes]","args":[{"element-6066-11e4-a52e-4f735466cecf":"f.025621EB997FE751E0C326B2CEC08C5E.d.AC740A0A102D5372EC4B705D5CB30E6E.e.8850","ELEMENT":"f.025621EB997FE751E0C326B2CEC08C5E.d.AC740A0A102D5372EC4B705D5CB30E6E.e.8850"}]}
COMMAND: POST /session/17ac9b2ed7eebf123703e812e0574450/execute/sync - {"script":"<script> [5351 bytes]","args":[{"element-6066-11e4-a52e-4f735466cecf":"f.025621EB997FE751E0C326B2CEC08C5E.d.AC740A0A102D5372EC4B705D5CB30E6E.e.8850","ELEMENT":"f.025621EB997FE751E0C326B2CEC08C5E.d.AC740A0A102D5372EC4B705D5CB30E6E.e.8850"}]}
COMMAND: GET /session/17ac9b2ed7eebf123703e812e0574450/screenshot - {}
RESULT: {}
RESULT: {"script":"<script> [5351 bytes]","args":[{"element-6066-11e4-a52e-4f735466cecf":"f.025621EB997FE751E0C326B2CEC08C5E.d.AC740A0A102D5372EC4B705D5CB30E6E.e.8850","ELEMENT":"f.025621EB997FE751E0C326B2CEC08C5E.d.AC740A0A102D5372EC4B705D5CB30E6E.e.8850"}]}
COMMAND: POST /session/17ac9b2ed7eebf123703e812e0574450/element/f.025621EB997FE751E0C326B2CEC08C5E.d.AC740A0A102D5372EC4B705D5CB30E6E.e.8850/click - {}
COMMAND: GET /session/17ac9b2ed7eebf123703e812e0574450/screenshot - {}
RESULT: {}
RESULT: {}
COMMAND: GET /session/17ac9b2ed7eebf123703e812e0574450/screenshot - {}
COMMAND: POST /session/17ac9b2ed7eebf123703e812e0574450/execute/async - {"script":"<script> [1562 bytes]","args":[{"selector":{"id":"application-manageresources-display-component---newResourceUnit--TYPE-arrow"},"wdio_ui5_key":"applicationmanageresources-display-component---newResourceUnit--TYPE-arrow"}]}
RESULT: {}
RESULT: {}
RESULT: {"script":"<script> [1562 bytes]","args":[{"selector":{"id":"application-manageresources-display-component---newResourceUnit--TYPE-arrow"},"wdio_ui5_key":"applicationmanageresources-display-component---newResourceUnit--TYPE-arrow"}]}
RESULT: undefined
COMMAND: POST /session/17ac9b2ed7eebf123703e812e0574450/element - {"using":"xpath","value":"//*[@id=\"application-manageresources-display-component---newResourceUnit--TYPE-arrow\"]"}
RESULT: {"using":"xpath","value":"//*[@id=\"application-manageresources-display-component---newResourceUnit--TYPE-arrow\"]"}
COMMAND: POST /session/17ac9b2ed7eebf123703e812e0574450/element/f.025621EB997FE751E0C326B2CEC08C5E.d.AC740A0A102D5372EC4B705D5CB30E6E.e.9220/click - {}
RESULT: {}
COMMAND: POST /session/17ac9b2ed7eebf123703e812e0574450/element - {"using":"xpath","value":"//input[@id=\"application-manageresources-display-component---newResourceUnit--TYPE-inner\"]"}
COMMAND: GET /session/17ac9b2ed7eebf123703e812e0574450/screenshot - {}
RESULT: {"using":"xpath","value":"//input[@id=\"application-manageresources-display-component---newResourceUnit--TYPE-inner\"]"}
COMMAND: POST /session/17ac9b2ed7eebf123703e812e0574450/element/f.025621EB997FE751E0C326B2CEC08C5E.d.AC740A0A102D5372EC4B705D5CB30E6E.e.9203/clear - {}
RESULT: {}
RESULT: {}
COMMAND: POST /session/17ac9b2ed7eebf123703e812e0574450/element/f.025621EB997FE751E0C326B2CEC08C5E.d.AC740A0A102D5372EC4B705D5CB30E6E.e.9203/value - {"text":"Material"}
COMMAND: GET /session/17ac9b2ed7eebf123703e812e0574450/screenshot - {}
RESULT: {"text":"Material"}
COMMAND: GET /session/17ac9b2ed7eebf123703e812e0574450/screenshot - {}
RESULT: {}
RESULT: {}
COMMAND: POST /session/17ac9b2ed7eebf123703e812e0574450/actions - {"actions":[{"id":"action30","type":"key","parameters":{},"actions":[{"type":"keyDown","value":"î€‡"},{"type":"pause","duration":10},{"type":"keyUp","value":"î€‡"}]}]}
RESULT: {"actions":[{"id":"action30","type":"key","parameters":{},"actions":[{"type":"keyDown","value":"î€‡"},{"type":"pause","duration":10},{"type":"keyUp","value":"î€‡"}]}]}
COMMAND: POST /session/17ac9b2ed7eebf123703e812e0574450/execute/async - {"script":"<script> [1562 bytes]","args":[{"selector":{"id":"application-manageresources-display-component---newResourceUnit--SHORT_TEXT","interaction":{"idSuffix":"inner"}},"wdio_ui5_key":"applicationmanageresources-display-component---newResourceUnit--SHORT_TEXT"}]}
COMMAND: GET /session/17ac9b2ed7eebf123703e812e0574450/screenshot - {}
RESULT: {"script":"<script> [1562 bytes]","args":[{"selector":{"id":"application-manageresources-display-component---newResourceUnit--SHORT_TEXT","interaction":{"idSuffix":"inner"}},"wdio_ui5_key":"applicationmanageresources-display-component---newResourceUnit--SHORT_TEXT"}]}
RESULT: undefined
COMMAND: POST /session/17ac9b2ed7eebf123703e812e0574450/execute/async - {"script":"<script> [776 bytes]","args":[{"enterText":"Cement WDIO","selector":{"id":"application-manageresources-display-component---newResourceUnit--SHORT_TEXT","interaction":{"idSuffix":"inner"}},"clearTextFirst":true,"interactionType":"ENTER_TEXT"}]}
RESULT: {}
RESULT: {"script":"<script> [776 bytes]","args":[{"enterText":"Cement WDIO","selector":{"id":"application-manageresources-display-component---newResourceUnit--SHORT_TEXT","interaction":{"idSuffix":"inner"}},"clearTextFirst":true,"interactionType":"ENTER_TEXT"}]}
COMMAND: POST /session/17ac9b2ed7eebf123703e812e0574450/execute/async - {"script":"<script> [1562 bytes]","args":[{"selector":{"id":"application-manageresources-display-component---newResourceUnit--BASE_UNIT_OF_MEASURE","interaction":{"idSuffix":"inner"}},"wdio_ui5_key":"applicationmanageresources-display-component---newResourceUnit--BASE_UNIT_OF_MEASURE"}]}
RESULT: {"script":"<script> [1562 bytes]","args":[{"selector":{"id":"application-manageresources-display-component---newResourceUnit--BASE_UNIT_OF_MEASURE","interaction":{"idSuffix":"inner"}},"wdio_ui5_key":"applicationmanageresources-display-component---newResourceUnit--BASE_UNIT_OF_MEASURE"}]}
RESULT: undefined
COMMAND: POST /session/17ac9b2ed7eebf123703e812e0574450/execute/async - {"script":"<script> [776 bytes]","args":[{"enterText":"Piece","selector":{"id":"application-manageresources-display-component---newResourceUnit--BASE_UNIT_OF_MEASURE","interaction":{"idSuffix":"inner"}},"clearTextFirst":true,"interactionType":"ENTER_TEXT"}]}
RESULT: {"script":"<script> [776 bytes]","args":[{"enterText":"Piece","selector":{"id":"application-manageresources-display-component---newResourceUnit--BASE_UNIT_OF_MEASURE","interaction":{"idSuffix":"inner"}},"clearTextFirst":true,"interactionType":"ENTER_TEXT"}]}
COMMAND: POST /session/17ac9b2ed7eebf123703e812e0574450/execute/async - {"script":"<script> [1562 bytes]","args":[{"selector":{"id":"application-manageresources-display-component---newResourceUnit--WEIGHT_UNIT","interaction":{"idSuffix":"inner"}},"wdio_ui5_key":"applicationmanageresources-display-component---newResourceUnit--WEIGHT_UNIT"}]}
RESULT: {"script":"<script> [1562 bytes]","args":[{"selector":{"id":"application-manageresources-display-component---newResourceUnit--WEIGHT_UNIT","interaction":{"idSuffix":"inner"}},"wdio_ui5_key":"applicationmanageresources-display-component---newResourceUnit--WEIGHT_UNIT"}]}
RESULT: undefined
COMMAND: POST /session/17ac9b2ed7eebf123703e812e0574450/execute/async - {"script":"<script> [776 bytes]","args":[{"enterText":"Gram","selector":{"id":"application-manageresources-display-component---newResourceUnit--WEIGHT_UNIT","interaction":{"idSuffix":"inner"}},"clearTextFirst":true,"interactionType":"ENTER_TEXT"}]}
RESULT: {"script":"<script> [776 bytes]","args":[{"enterText":"Gram","selector":{"id":"application-manageresources-display-component---newResourceUnit--WEIGHT_UNIT","interaction":{"idSuffix":"inner"}},"clearTextFirst":true,"interactionType":"ENTER_TEXT"}]}
COMMAND: POST /session/17ac9b2ed7eebf123703e812e0574450/execute/async - {"script":"<script> [1562 bytes]","args":[{"selector":{"id":"application-manageresources-display-component---newResourceUnit--DIMENSION_UNIT","interaction":{"idSuffix":"inner"}},"wdio_ui5_key":"applicationmanageresources-display-component---newResourceUnit--DIMENSION_UNIT"}]}
RESULT: {"script":"<script> [1562 bytes]","args":[{"selector":{"id":"application-manageresources-display-component---newResourceUnit--DIMENSION_UNIT","interaction":{"idSuffix":"inner"}},"wdio_ui5_key":"applicationmanageresources-display-component---newResourceUnit--DIMENSION_UNIT"}]}
RESULT: undefined
COMMAND: POST /session/17ac9b2ed7eebf123703e812e0574450/execute/async - {"script":"<script> [776 bytes]","args":[{"enterText":"Meter","selector":{"id":"application-manageresources-display-component---newResourceUnit--DIMENSION_UNIT","interaction":{"idSuffix":"inner"}},"clearTextFirst":true,"interactionType":"ENTER_TEXT"}]}
RESULT: {"script":"<script> [776 bytes]","args":[{"enterText":"Meter","selector":{"id":"application-manageresources-display-component---newResourceUnit--DIMENSION_UNIT","interaction":{"idSuffix":"inner"}},"clearTextFirst":true,"interactionType":"ENTER_TEXT"}]}
COMMAND: POST /session/17ac9b2ed7eebf123703e812e0574450/execute/async - {"script":"<script> [1562 bytes]","args":[{"selector":{"id":"application-manageresources-display-component---newResourceUnit--newRRUPage-anchBar-application-manageresources-display-component---newResourceUnit--control-anchor","interaction":{"idSuffix":"BDI-content"}},"wdio_ui5_key":"applicationmanageresources-display-component---newResourceUnit--newRRUPage-anchBar-application-manageresources-display-component---newResourceUnit--control-anchor"}]}
RESULT: {"script":"<script> [1562 bytes]","args":[{"selector":{"id":"application-manageresources-display-component---newResourceUnit--newRRUPage-anchBar-application-manageresources-display-component---newResourceUnit--control-anchor","interaction":{"idSuffix":"BDI-content"}},"wdio_ui5_key":"applicationmanageresources-display-component---newResourceUnit--newRRUPage-anchBar-application-manageresources-display-component---newResourceUnit--control-anchor"}]}
RESULT: undefined
COMMAND: POST /session/17ac9b2ed7eebf123703e812e0574450/element - {"using":"xpath","value":"//*[@id=\"application-manageresources-display-component---newResourceUnit--newRRUPage-anchBar-application-manageresources-display-component---newResourceUnit--control-anchor\"]"}
RESULT: {"using":"xpath","value":"//*[@id=\"application-manageresources-display-component---newResourceUnit--newRRUPage-anchBar-application-manageresources-display-component---newResourceUnit--control-anchor\"]"}
COMMAND: POST /session/17ac9b2ed7eebf123703e812e0574450/element/f.025621EB997FE751E0C326B2CEC08C5E.d.AC740A0A102D5372EC4B705D5CB30E6E.e.9351/click - {}
RESULT: {}
COMMAND: POST /session/17ac9b2ed7eebf123703e812e0574450/execute/async - {"script":"<script> [1562 bytes]","args":[{"selector":{"id":"application-manageresources-display-component---newResourceUnit--PLANNING_GROUP","interaction":{"idSuffix":"inner"}},"wdio_ui5_key":"applicationmanageresources-display-component---newResourceUnit--PLANNING_GROUP"}]}
COMMAND: GET /session/17ac9b2ed7eebf123703e812e0574450/screenshot - {}
RESULT: {"script":"<script> [1562 bytes]","args":[{"selector":{"id":"application-manageresources-display-component---newResourceUnit--PLANNING_GROUP","interaction":{"idSuffix":"inner"}},"wdio_ui5_key":"applicationmanageresources-display-component---newResourceUnit--PLANNING_GROUP"}]}
RESULT: undefined
COMMAND: POST /session/17ac9b2ed7eebf123703e812e0574450/execute/async - {"script":"<script> [776 bytes]","args":[{"enterText":"Material","selector":{"id":"application-manageresources-display-component---newResourceUnit--PLANNING_GROUP","interaction":{"idSuffix":"inner"}},"clearTextFirst":true,"interactionType":"ENTER_TEXT"}]}
RESULT: {}
RESULT: {"script":"<script> [776 bytes]","args":[{"enterText":"Material","selector":{"id":"application-manageresources-display-component---newResourceUnit--PLANNING_GROUP","interaction":{"idSuffix":"inner"}},"clearTextFirst":true,"interactionType":"ENTER_TEXT"}]}
COMMAND: POST /session/17ac9b2ed7eebf123703e812e0574450/execute/async - {"script":"<script> [1562 bytes]","args":[{"selector":{"id":"application-manageresources-display-component---newResourceUnit--PLANNING_INDICATOR","interaction":{"idSuffix":"inner"}},"wdio_ui5_key":"applicationmanageresources-display-component---newResourceUnit--PLANNING_INDICATOR"}]}
RESULT: {"script":"<script> [1562 bytes]","args":[{"selector":{"id":"application-manageresources-display-component---newResourceUnit--PLANNING_INDICATOR","interaction":{"idSuffix":"inner"}},"wdio_ui5_key":"applicationmanageresources-display-component---newResourceUnit--PLANNING_INDICATOR"}]}
RESULT: undefined
COMMAND: POST /session/17ac9b2ed7eebf123703e812e0574450/execute/async - {"script":"<script> [776 bytes]","args":[{"enterText":"10 - infinite","selector":{"id":"application-manageresources-display-component---newResourceUnit--PLANNING_INDICATOR","interaction":{"idSuffix":"inner"}},"clearTextFirst":true,"interactionType":"ENTER_TEXT"}]}
RESULT: {"script":"<script> [776 bytes]","args":[{"enterText":"10 - infinite","selector":{"id":"application-manageresources-display-component---newResourceUnit--PLANNING_INDICATOR","interaction":{"idSuffix":"inner"}},"clearTextFirst":true,"interactionType":"ENTER_TEXT"}]}
COMMAND: POST /session/17ac9b2ed7eebf123703e812e0574450/element - {"using":"css selector","value":"#application-manageresources-display-component---newResourceUnit--btnAddTimeSegment"}
RESULT: {"using":"css selector","value":"#application-manageresources-display-component---newResourceUnit--btnAddTimeSegment"}
COMMAND: GET /session/17ac9b2ed7eebf123703e812e0574450/element/f.025621EB997FE751E0C326B2CEC08C5E.d.AC740A0A102D5372EC4B705D5CB30E6E.e.9361/rect - {}
RESULT: {}
COMMAND: GET /session/17ac9b2ed7eebf123703e812e0574450/window/rect - {}
RESULT: {}
COMMAND: POST /session/17ac9b2ed7eebf123703e812e0574450/execute/sync - {"script":"<script> [92 bytes]","args":[]}
RESULT: {"script":"<script> [92 bytes]","args":[]}
COMMAND: POST /session/17ac9b2ed7eebf123703e812e0574450/actions - {"actions":[{"id":"action31","type":"wheel","parameters":{},"actions":[{"type":"scroll","x":-1888,"y":-32,"deltaX":0,"deltaY":0,"duration":0,"origin":{"element-6066-11e4-a52e-4f735466cecf":"f.025621EB997FE751E0C326B2CEC08C5E.d.AC740A0A102D5372EC4B705D5CB30E6E.e.9361"}}]}]}
COMMAND: GET /session/17ac9b2ed7eebf123703e812e0574450/screenshot - {}
RESULT: {}
COMMAND: POST /session/17ac9b2ed7eebf123703e812e0574450/execute/sync - {"script":"<script> [79 bytes]","args":[{"element-6066-11e4-a52e-4f735466cecf":"f.025621EB997FE751E0C326B2CEC08C5E.d.AC740A0A102D5372EC4B705D5CB30E6E.e.9361","ELEMENT":"f.025621EB997FE751E0C326B2CEC08C5E.d.AC740A0A102D5372EC4B705D5CB30E6E.e.9361"},{"block":"start","inline":"nearest"}]}
RESULT: {"script":"<script> [79 bytes]","args":[{"element-6066-11e4-a52e-4f735466cecf":"f.025621EB997FE751E0C326B2CEC08C5E.d.AC740A0A102D5372EC4B705D5CB30E6E.e.9361","ELEMENT":"f.025621EB997FE751E0C326B2CEC08C5E.d.AC740A0A102D5372EC4B705D5CB30E6E.e.9361"},{"block":"start","inline":"nearest"}]}
COMMAND: POST /session/17ac9b2ed7eebf123703e812e0574450/execute/async - {"script":"<script> [1562 bytes]","args":[{"selector":{"id":"application-manageresources-display-component---newResourceUnit--btnAddTimeSegment","interaction":{"idSuffix":"inner"}},"wdio_ui5_key":"applicationmanageresources-display-component---newResourceUnit--btnAddTimeSegment"}]}
COMMAND: GET /session/17ac9b2ed7eebf123703e812e0574450/screenshot - {}
RESULT: {"script":"<script> [1562 bytes]","args":[{"selector":{"id":"application-manageresources-display-component---newResourceUnit--btnAddTimeSegment","interaction":{"idSuffix":"inner"}},"wdio_ui5_key":"applicationmanageresources-display-component---newResourceUnit--btnAddTimeSegment"}]}
RESULT: undefined
COMMAND: POST /session/17ac9b2ed7eebf123703e812e0574450/element - {"using":"xpath","value":"//*[@id=\"application-manageresources-display-component---newResourceUnit--btnAddTimeSegment\"]"}
RESULT: {}
RESULT: {"using":"xpath","value":"//*[@id=\"application-manageresources-display-component---newResourceUnit--btnAddTimeSegment\"]"}
COMMAND: POST /session/17ac9b2ed7eebf123703e812e0574450/element/f.025621EB997FE751E0C326B2CEC08C5E.d.AC740A0A102D5372EC4B705D5CB30E6E.e.9361/click - {}
RESULT: {}
COMMAND: GET /session/17ac9b2ed7eebf123703e812e0574450/screenshot - {}
RESULT: {}
COMMAND: POST /session/17ac9b2ed7eebf123703e812e0574450/element - {"using":"xpath","value":"//input[@id=\"application-manageresources-display-component---newResourceUnit--idRuTSAdmin-application-manageresources-display-component---newResourceUnit--RUTimeSegment-0-inner\"]"}
RESULT: {"using":"xpath","value":"//input[@id=\"application-manageresources-display-component---newResourceUnit--idRuTSAdmin-application-manageresources-display-component---newResourceUnit--RUTimeSegment-0-inner\"]"}
COMMAND: POST /session/17ac9b2ed7eebf123703e812e0574450/element/f.025621EB997FE751E0C326B2CEC08C5E.d.AC740A0A102D5372EC4B705D5CB30E6E.e.9366/clear - {}
RESULT: {}
COMMAND: POST /session/17ac9b2ed7eebf123703e812e0574450/element/f.025621EB997FE751E0C326B2CEC08C5E.d.AC740A0A102D5372EC4B705D5CB30E6E.e.9366/value - {"text":"594"}
COMMAND: GET /session/17ac9b2ed7eebf123703e812e0574450/screenshot - {}
RESULT: {"text":"594"}
COMMAND: GET /session/17ac9b2ed7eebf123703e812e0574450/screenshot - {}
RESULT: {}
RESULT: {}
COMMAND: POST /session/17ac9b2ed7eebf123703e812e0574450/element - {"using":"xpath","value":"//li[.//span[text()='594']]"}
RESULT: {"using":"xpath","value":"//li[.//span[text()='594']]"}
COMMAND: POST /session/17ac9b2ed7eebf123703e812e0574450/element/f.025621EB997FE751E0C326B2CEC08C5E.d.AC740A0A102D5372EC4B705D5CB30E6E.e.9377/click - {}
RESULT: {}
COMMAND: GET /session/17ac9b2ed7eebf123703e812e0574450/screenshot - {}
RESULT: {}
COMMAND: POST /session/17ac9b2ed7eebf123703e812e0574450/element - {"using":"xpath","value":"(//span[contains(@id, \"-application-manageresources-display-component---newResourceUnit--RUTimeSegment-0-arrow\")])[2]"}
RESULT: {"using":"xpath","value":"(//span[contains(@id, \"-application-manageresources-display-component---newResourceUnit--RUTimeSegment-0-arrow\")])[2]"}
COMMAND: POST /session/17ac9b2ed7eebf123703e812e0574450/element/f.025621EB997FE751E0C326B2CEC08C5E.d.AC740A0A102D5372EC4B705D5CB30E6E.e.9378/click - {}
RESULT: {}
COMMAND: POST /session/17ac9b2ed7eebf123703e812e0574450/element - {"using":"xpath","value":"//span[contains(text(), \"PM Order\")]"}
COMMAND: GET /session/17ac9b2ed7eebf123703e812e0574450/screenshot - {}
RESULT: {"using":"xpath","value":"//span[contains(text(), \"PM Order\")]"}
COMMAND: POST /session/17ac9b2ed7eebf123703e812e0574450/element/f.025621EB997FE751E0C326B2CEC08C5E.d.AC740A0A102D5372EC4B705D5CB30E6E.e.9379/click - {}
RESULT: {}
RESULT: {}
COMMAND: GET /session/17ac9b2ed7eebf123703e812e0574450/screenshot - {}
RESULT: {}
COMMAND: POST /session/17ac9b2ed7eebf123703e812e0574450/element - {"using":"xpath","value":"//td/div/div/div/span[contains(@id, \"newResourceUnit--RUTimeSegment-0-vhi\")][1]"}
RESULT: {"using":"xpath","value":"//td/div/div/div/span[contains(@id, \"newResourceUnit--RUTimeSegment-0-vhi\")][1]"}
COMMAND: GET /session/17ac9b2ed7eebf123703e812e0574450/element/f.025621EB997FE751E0C326B2CEC08C5E.d.AC740A0A102D5372EC4B705D5CB30E6E.e.9383/rect - {}
RESULT: {}
COMMAND: GET /session/17ac9b2ed7eebf123703e812e0574450/window/rect - {}
RESULT: {}
COMMAND: POST /session/17ac9b2ed7eebf123703e812e0574450/execute/sync - {"script":"<script> [92 bytes]","args":[]}
RESULT: {"script":"<script> [92 bytes]","args":[]}
COMMAND: POST /session/17ac9b2ed7eebf123703e812e0574450/actions - {"actions":[{"id":"action32","type":"wheel","parameters":{},"actions":[{"type":"scroll","x":-1888,"y":-24,"deltaX":0,"deltaY":0,"duration":0,"origin":{"element-6066-11e4-a52e-4f735466cecf":"f.025621EB997FE751E0C326B2CEC08C5E.d.AC740A0A102D5372EC4B705D5CB30E6E.e.9383"}}]}]}
COMMAND: GET /session/17ac9b2ed7eebf123703e812e0574450/screenshot - {}
RESULT: {}
COMMAND: POST /session/17ac9b2ed7eebf123703e812e0574450/execute/sync - {"script":"<script> [79 bytes]","args":[{"element-6066-11e4-a52e-4f735466cecf":"f.025621EB997FE751E0C326B2CEC08C5E.d.AC740A0A102D5372EC4B705D5CB30E6E.e.9383","ELEMENT":"f.025621EB997FE751E0C326B2CEC08C5E.d.AC740A0A102D5372EC4B705D5CB30E6E.e.9383"},{"block":"start","inline":"nearest"}]}
RESULT: {"script":"<script> [79 bytes]","args":[{"element-6066-11e4-a52e-4f735466cecf":"f.025621EB997FE751E0C326B2CEC08C5E.d.AC740A0A102D5372EC4B705D5CB30E6E.e.9383","ELEMENT":"f.025621EB997FE751E0C326B2CEC08C5E.d.AC740A0A102D5372EC4B705D5CB30E6E.e.9383"},{"block":"start","inline":"nearest"}]}
COMMAND: GET /session/17ac9b2ed7eebf123703e812e0574450/screenshot - {}
RESULT: {}
COMMAND: POST /session/17ac9b2ed7eebf123703e812e0574450/element/f.025621EB997FE751E0C326B2CEC08C5E.d.AC740A0A102D5372EC4B705D5CB30E6E.e.9383/click - {}
RESULT: {}
COMMAND: GET /session/17ac9b2ed7eebf123703e812e0574450/screenshot - {}
RESULT: {}
RESULT: undefined
COMMAND: POST /session/17ac9b2ed7eebf123703e812e0574450/execute/async - {"script":"<script> [776 bytes]","args":[{"enterText":"4000360","selector":{"controlType":"sap.m.SearchField","properties":{"placeholder":"Search"},"searchOpenDialogs":true,"interaction":{"idSuffix":"I"}},"clearTextFirst":true,"interactionType":"ENTER_TEXT"}]}
RESULT: {"script":"<script> [776 bytes]","args":[{"enterText":"4000360","selector":{"controlType":"sap.m.SearchField","properties":{"placeholder":"Search"},"searchOpenDialogs":true,"interaction":{"idSuffix":"I"}},"clearTextFirst":true,"interactionType":"ENTER_TEXT"}]}
COMMAND: POST /session/17ac9b2ed7eebf123703e812e0574450/actions - {"actions":[{"id":"action33","type":"key","parameters":{},"actions":[{"type":"keyDown","value":"î€‡"},{"type":"pause","duration":10},{"type":"keyUp","value":"î€‡"}]}]}
RESULT: {"actions":[{"id":"action33","type":"key","parameters":{},"actions":[{"type":"keyDown","value":"î€‡"},{"type":"pause","duration":10},{"type":"keyUp","value":"î€‡"}]}]}
COMMAND: GET /session/17ac9b2ed7eebf123703e812e0574450/screenshot - {}
RESULT: {}
COMMAND: POST /session/17ac9b2ed7eebf123703e812e0574450/element - {"using":"xpath","value":"//td/div/span[contains(text(), \"BGL Vehicles\")]"}
RESULT: {"using":"xpath","value":"//td/div/span[contains(text(), \"BGL Vehicles\")]"}
COMMAND: POST /session/17ac9b2ed7eebf123703e812e0574450/element/f.025621EB997FE751E0C326B2CEC08C5E.d.AC740A0A102D5372EC4B705D5CB30E6E.e.9403/click - {}
RESULT: {}
COMMAND: GET /session/17ac9b2ed7eebf123703e812e0574450/screenshot - {}
RESULT: {}
COMMAND: POST /session/17ac9b2ed7eebf123703e812e0574450/element - {"using":"xpath","value":"//bdi[contains(text(), \"OK\")]"}
RESULT: {"using":"xpath","value":"//bdi[contains(text(), \"OK\")]"}
COMMAND: POST /session/17ac9b2ed7eebf123703e812e0574450/element/f.025621EB997FE751E0C326B2CEC08C5E.d.AC740A0A102D5372EC4B705D5CB30E6E.e.9404/click - {}
RESULT: {}
COMMAND: GET /session/17ac9b2ed7eebf123703e812e0574450/screenshot - {}
RESULT: {}
COMMAND: POST /session/17ac9b2ed7eebf123703e812e0574450/element - {"using":"xpath","value":"//label[contains(@class, 'sapMLabelRequired') and .//bdi[contains(text(), 'Planned Retirement')]]"}
RESULT: {"using":"xpath","value":"//label[contains(@class, 'sapMLabelRequired') and .//bdi[contains(text(), 'Planned Retirement')]]"}
COMMAND: POST /session/17ac9b2ed7eebf123703e812e0574450/elements - {"using":"xpath","value":"//label[contains(@class, 'sapMLabelRequired') and .//bdi[contains(text(), 'Planned Retirement')]]"}
RESULT: {"using":"xpath","value":"//label[contains(@class, 'sapMLabelRequired') and .//bdi[contains(text(), 'Planned Retirement')]]"}
COMMAND: POST /session/17ac9b2ed7eebf123703e812e0574450/element - {"using":"xpath","value":"//button[@data-kt=\"resourceUnitSaveButton\"]"}
RESULT: {"using":"xpath","value":"//button[@data-kt=\"resourceUnitSaveButton\"]"}
COMMAND: POST /session/17ac9b2ed7eebf123703e812e0574450/element/f.025621EB997FE751E0C326B2CEC08C5E.d.AC740A0A102D5372EC4B705D5CB30E6E.e.9237/click - {}
RESULT: {}
COMMAND: GET /session/17ac9b2ed7eebf123703e812e0574450/screenshot - {}
RESULT: {}
COMMAND: POST /session/17ac9b2ed7eebf123703e812e0574450/element - {"using":"xpath","value":"//bdi[contains(text(), \"Close\")]"}
RESULT: {"using":"xpath","value":"//bdi[contains(text(), \"Close\")]"}
COMMAND: POST /session/17ac9b2ed7eebf123703e812e0574450/element/f.025621EB997FE751E0C326B2CEC08C5E.d.AC740A0A102D5372EC4B705D5CB30E6E.e.9410/click - {}
RESULT: {}
COMMAND: GET /session/17ac9b2ed7eebf123703e812e0574450/screenshot - {}
RESULT: {}
COMMAND: POST /session/17ac9b2ed7eebf123703e812e0574450/element - {"using":"xpath","value":"//header[contains(@id, 'detailRruPage-headerTitle')]/div[1]/div[2]/div[2]/span[1]"}
RESULT: {"using":"xpath","value":"//header[contains(@id, 'detailRruPage-headerTitle')]/div[1]/div[2]/div[2]/span[1]"}
COMMAND: POST /session/17ac9b2ed7eebf123703e812e0574450/elements - {"using":"xpath","value":"//header[contains(@id, 'detailRruPage-headerTitle')]/div[1]/div[2]/div[2]/span[1]"}
RESULT: {"using":"xpath","value":"//header[contains(@id, 'detailRruPage-headerTitle')]/div[1]/div[2]/div[2]/span[1]"}
COMMAND: POST /session/17ac9b2ed7eebf123703e812e0574450/execute/sync - {"script":"<script> [56 bytes]","args":[{"element-6066-11e4-a52e-4f735466cecf":"f.025621EB997FE751E0C326B2CEC08C5E.d.AC740A0A102D5372EC4B705D5CB30E6E.e.9447","ELEMENT":"f.025621EB997FE751E0C326B2CEC08C5E.d.AC740A0A102D5372EC4B705D5CB30E6E.e.9447"}]}
RESULT: {"script":"<script> [56 bytes]","args":[{"element-6066-11e4-a52e-4f735466cecf":"f.025621EB997FE751E0C326B2CEC08C5E.d.AC740A0A102D5372EC4B705D5CB30E6E.e.9447","ELEMENT":"f.025621EB997FE751E0C326B2CEC08C5E.d.AC740A0A102D5372EC4B705D5CB30E6E.e.9447"}]}
COMMAND: POST /session/17ac9b2ed7eebf123703e812e0574450/element - {"using":"css selector","value":"#shell-header-logo"}
COMMAND: GET /session/17ac9b2ed7eebf123703e812e0574450/screenshot - {}
RESULT: {"using":"css selector","value":"#shell-header-logo"}
COMMAND: POST /session/17ac9b2ed7eebf123703e812e0574450/element/f.025621EB997FE751E0C326B2CEC08C5E.d.AC740A0A102D5372EC4B705D5CB30E6E.e.8822/click - {}
RESULT: {}
RESULT: {}
COMMAND: GET /session/17ac9b2ed7eebf123703e812e0574450/screenshot - {}
RESULT: {}
]]></system-out>
    </testcase>
  </testsuite>
  <testsuite timestamp="2025-06-02T16:57:33" time="287.205" tests="6" failures="4" errors="4" skipped="0">
    <properties>
      <property name="specId" value="0" />
      <property name="suiteName" value="Provide to Site w/o warehouse management w clarification" />
      <property name="capabilities" value="chrome.136_0_7103_93.windows" />
      <property name="file" value="file:///D:/a/1/s/test/specs/HTR/provide-to-site-wo-warehouse-w-clarification.spec.js" />
    </properties>
    <testcase classname="chrome.136_0_7103_93.windows.Provide_to_Site_w/o_warehouse_management_w_clarification" name="Should Test for Handover Execution" time="12.76">
      <system-out><![CDATA[
COMMAND: POST /session/17ac9b2ed7eebf123703e812e0574450/element - {"using":"xpath","value":"(//span[contains(@id, \"imgNav\")])[1]"}
COMMAND: GET /session/17ac9b2ed7eebf123703e812e0574450/screenshot - {}
RESULT: {"using":"xpath","value":"(//span[contains(@id, \"imgNav\")])[1]"}
COMMAND: POST /session/17ac9b2ed7eebf123703e812e0574450/element/f.025621EB997FE751E0C326B2CEC08C5E.d.AC740A0A102D5372EC4B705D5CB30E6E.e.9510/click - {}
RESULT: {}
RESULT: {}
COMMAND: GET /session/17ac9b2ed7eebf123703e812e0574450/screenshot - {}
RESULT: {}
COMMAND: POST /session/17ac9b2ed7eebf123703e812e0574450/element - {"using":"css selector","value":"#shell-header-logo"}
RESULT: {"using":"css selector","value":"#shell-header-logo"}
COMMAND: POST /session/17ac9b2ed7eebf123703e812e0574450/element/f.025621EB997FE751E0C326B2CEC08C5E.d.AC740A0A102D5372EC4B705D5CB30E6E.e.9450/click - {}
RESULT: {}
COMMAND: GET /session/17ac9b2ed7eebf123703e812e0574450/screenshot - {}
RESULT: {}
]]></system-out>
    </testcase>
    <testcase classname="chrome.136_0_7103_93.windows.Provide_to_Site_w/o_warehouse_management_w_clarification" name="Should test for Clarification" time="0.004">
      <system-out><![CDATA[
COMMAND: POST /session/17ac9b2ed7eebf123703e812e0574450/element - {"using":"css selector","value":"#j_username"}
COMMAND: POST /session/17ac9b2ed7eebf123703e812e0574450/url - {"url":"https://qa-testing-00-live-etm-ui.cfapps.eu10-004.hana.ondemand.com/"}
COMMAND: GET /session/17ac9b2ed7eebf123703e812e0574450/screenshot - {}
RESULT: {"using":"css selector","value":"#j_username"}
COMMAND: POST /session/17ac9b2ed7eebf123703e812e0574450/element - {"using":"css selector","value":"#j_username"}
RESULT: {"url":"https://qa-testing-00-live-etm-ui.cfapps.eu10-004.hana.ondemand.com/"}
RESULT: undefined
COMMAND: GET /session/17ac9b2ed7eebf123703e812e0574450/screenshot - {}
RESULT: {}
RESULT: {"using":"css selector","value":"#j_username"}
COMMAND: POST /session/17ac9b2ed7eebf123703e812e0574450/element - {"using":"css selector","value":"#shell-header-logo"}
RESULT: {}
RESULT: {"using":"css selector","value":"#shell-header-logo"}
COMMAND: POST /session/17ac9b2ed7eebf123703e812e0574450/execute/sync - {"script":"<script> [8489 bytes]","args":[{"element-6066-11e4-a52e-4f735466cecf":"f.025621EB997FE751E0C326B2CEC08C5E.d.772CE3BF826823E3F968768BD3B71169.e.9895","ELEMENT":"f.025621EB997FE751E0C326B2CEC08C5E.d.772CE3BF826823E3F968768BD3B71169.e.9895"}]}
RESULT: {"script":"<script> [8489 bytes]","args":[{"element-6066-11e4-a52e-4f735466cecf":"f.025621EB997FE751E0C326B2CEC08C5E.d.772CE3BF826823E3F968768BD3B71169.e.9895","ELEMENT":"f.025621EB997FE751E0C326B2CEC08C5E.d.772CE3BF826823E3F968768BD3B71169.e.9895"}]}
COMMAND: POST /session/17ac9b2ed7eebf123703e812e0574450/element - {"using":"css selector","value":"#shell-header-logo"}
COMMAND: GET /session/17ac9b2ed7eebf123703e812e0574450/screenshot - {}
RESULT: {"using":"css selector","value":"#shell-header-logo"}
COMMAND: POST /session/17ac9b2ed7eebf123703e812e0574450/execute/sync - {"script":"<script> [8489 bytes]","args":[{"element-6066-11e4-a52e-4f735466cecf":"f.025621EB997FE751E0C326B2CEC08C5E.d.772CE3BF826823E3F968768BD3B71169.e.9895","ELEMENT":"f.025621EB997FE751E0C326B2CEC08C5E.d.772CE3BF826823E3F968768BD3B71169.e.9895"}]}
RESULT: {}
RESULT: {"script":"<script> [8489 bytes]","args":[{"element-6066-11e4-a52e-4f735466cecf":"f.025621EB997FE751E0C326B2CEC08C5E.d.772CE3BF826823E3F968768BD3B71169.e.9895","ELEMENT":"f.025621EB997FE751E0C326B2CEC08C5E.d.772CE3BF826823E3F968768BD3B71169.e.9895"}]}
COMMAND: POST /session/17ac9b2ed7eebf123703e812e0574450/execute/sync - {"script":"<script> [5351 bytes]","args":[{"element-6066-11e4-a52e-4f735466cecf":"f.025621EB997FE751E0C326B2CEC08C5E.d.772CE3BF826823E3F968768BD3B71169.e.9895","ELEMENT":"f.025621EB997FE751E0C326B2CEC08C5E.d.772CE3BF826823E3F968768BD3B71169.e.9895"}]}
COMMAND: GET /session/17ac9b2ed7eebf123703e812e0574450/screenshot - {}
RESULT: {"script":"<script> [5351 bytes]","args":[{"element-6066-11e4-a52e-4f735466cecf":"f.025621EB997FE751E0C326B2CEC08C5E.d.772CE3BF826823E3F968768BD3B71169.e.9895","ELEMENT":"f.025621EB997FE751E0C326B2CEC08C5E.d.772CE3BF826823E3F968768BD3B71169.e.9895"}]}
COMMAND: POST /session/17ac9b2ed7eebf123703e812e0574450/element - {"using":"css selector","value":"#shell-header-logo"}
COMMAND: GET /session/17ac9b2ed7eebf123703e812e0574450/screenshot - {}
RESULT: {}
RESULT: {"using":"css selector","value":"#shell-header-logo"}
COMMAND: POST /session/17ac9b2ed7eebf123703e812e0574450/element/f.025621EB997FE751E0C326B2CEC08C5E.d.772CE3BF826823E3F968768BD3B71169.e.9895/click - {}
RESULT: {}
RESULT: {}
COMMAND: GET /session/17ac9b2ed7eebf123703e812e0574450/screenshot - {}
RESULT: {}
COMMAND: POST /session/17ac9b2ed7eebf123703e812e0574450/execute/async - {"script":"<script> [189 bytes]","args":[]}
RESULT: {"script":"<script> [189 bytes]","args":[]}
COMMAND: POST /session/17ac9b2ed7eebf123703e812e0574450/execute/async - {"script":"<script> [123 bytes]","args":[]}
RESULT: {"script":"<script> [123 bytes]","args":[]}
COMMAND: POST /session/17ac9b2ed7eebf123703e812e0574450/timeouts - {"script":"<number>"}
RESULT: {"script":"<number>"}
COMMAND: GET /session/17ac9b2ed7eebf123703e812e0574450/timeouts - {}
RESULT: {}
RESULT: undefined
COMMAND: POST /session/17ac9b2ed7eebf123703e812e0574450/execute/async - {"script":"<script> [2676 bytes]","args":[]}
RESULT: {"script":"<script> [2676 bytes]","args":[]}
COMMAND: POST /session/17ac9b2ed7eebf123703e812e0574450/execute/async - {"script":"<script> [2342 bytes]","args":[{"protocol":"http","hostname":"0.0.0.0","path":"/","capabilities":{"browserName":"chrome","goog:chromeOptions":{"binary":"C:\\Program Files\\Google\\Chrome\\Application\\chrome.exe","args":["--start-maximized"]}},"logLevel":"warn","connectionRetryTimeout":120000,"connectionRetryCount":3,"logLevels":{},"enableDirectConnect":true,"strictSSL":true,"_":"65 more keys: [\"cacheDir\",\"port\",\"requestedCapabilities\",\"automationProtocol\",\"baseUrl\",\"waitforInterval\",\"waitforTimeout\",\"onReload\",\"beforeCommand\",\"afterCommand\",\"rootDir\",\"specs\",\"suites\",\"exclude\",\"groupLogsByTestSpec\",\"excludeDriverLogs\",\"bail\",\"framework\",\"reporters\",\"services\",\"maxInstances\",\"maxInstancesPerCapability\",\"injectGlobals\",\"filesToWatch\",\"execArgv\",\"runnerEnv\",\"runner\",\"shard\",\"specFileRetries\",\"specFileRetriesDelay\",\"specFileRetriesDeferred\",\"reporterSyncInterval\",\"reporterSyncTimeout\",\"cucumberFeaturesWithLineNumbers\",\"autoCompileOpts\",\"mochaOpts\",\"jasmineOpts\",\"cucumberOpts\",\"onPrepare\",\"onWorkerStart\",\"onWorkerEnd\",\"before\",\"beforeSession\",\"beforeSuite\",\"beforeHook\",\"beforeTest\",\"afterTest\",\"afterHook\",\"afterSuite\",\"afterSession\",\"after\",\"onComplete\",\"beforeAssertion\",\"afterAssertion\",\"beforeFeature\",\"beforeScenario\",\"beforeStep\",\"afterStep\",\"afterScenario\",\"afterFeature\",\"_\",\"suite\",\"$0\",\"ignoredWorkerServices\",\"wdi5\"]"}]}
RESULT: {"script":"<script> [2342 bytes]","args":[{"protocol":"http","hostname":"0.0.0.0","path":"/","capabilities":{"browserName":"chrome","goog:chromeOptions":{"binary":"C:\\Program Files\\Google\\Chrome\\Application\\chrome.exe","args":["--start-maximized"]}},"logLevel":"warn","connectionRetryTimeout":120000,"connectionRetryCount":3,"logLevels":{},"enableDirectConnect":true,"strictSSL":true,"_":"65 more keys: [\"cacheDir\",\"port\",\"requestedCapabilities\",\"automationProtocol\",\"baseUrl\",\"waitforInterval\",\"waitforTimeout\",\"onReload\",\"beforeCommand\",\"afterCommand\",\"rootDir\",\"specs\",\"suites\",\"exclude\",\"groupLogsByTestSpec\",\"excludeDriverLogs\",\"bail\",\"framework\",\"reporters\",\"services\",\"maxInstances\",\"maxInstancesPerCapability\",\"injectGlobals\",\"filesToWatch\",\"execArgv\",\"runnerEnv\",\"runner\",\"shard\",\"specFileRetries\",\"specFileRetriesDelay\",\"specFileRetriesDeferred\",\"reporterSyncInterval\",\"reporterSyncTimeout\",\"cucumberFeaturesWithLineNumbers\",\"autoCompileOpts\",\"mochaOpts\",\"jasmineOpts\",\"cucumberOpts\",\"onPrepare\",\"onWorkerStart\",\"onWorkerEnd\",\"before\",\"beforeSession\",\"beforeSuite\",\"beforeHook\",\"beforeTest\",\"afterTest\",\"afterHook\",\"afterSuite\",\"afterSession\",\"after\",\"onComplete\",\"beforeAssertion\",\"afterAssertion\",\"beforeFeature\",\"beforeScenario\",\"beforeStep\",\"afterStep\",\"afterScenario\",\"afterFeature\",\"_\",\"suite\",\"$0\",\"ignoredWorkerServices\",\"wdi5\"]"}]}
COMMAND: POST /session/17ac9b2ed7eebf123703e812e0574450/execute/async - {"script":"<script> [21126 bytes]","args":[35000]}
RESULT: {"script":"<script> [21126 bytes]","args":[35000]}
COMMAND: POST /session/17ac9b2ed7eebf123703e812e0574450/window/maximize - {}
RESULT: {}
COMMAND: POST /session/17ac9b2ed7eebf123703e812e0574450/execute/async - {"script":"<script> [1562 bytes]","args":[{"selector":{"id":"shell-header","interaction":{"idSuffix":"icon"}},"wdio_ui5_key":"shellheader"}]}
COMMAND: GET /session/17ac9b2ed7eebf123703e812e0574450/screenshot - {}
RESULT: {"script":"<script> [1562 bytes]","args":[{"selector":{"id":"shell-header","interaction":{"idSuffix":"icon"}},"wdio_ui5_key":"shellheader"}]}
RESULT: undefined
COMMAND: POST /session/17ac9b2ed7eebf123703e812e0574450/window/fullscreen - {}
RESULT: {}
RESULT: {}
]]></system-out>
    </testcase>
  </testsuite>
  <testsuite timestamp="2025-06-02T17:02:20" time="146.972" tests="4" failures="0" errors="0" skipped="0">
    <properties>
      <property name="specId" value="0" />
      <property name="suiteName" value="Provide to Site w/o warehouse management w/o clarification US116612" />
      <property name="capabilities" value="chrome.136_0_7103_93.windows" />
      <property name="file" value="file:///D:/a/1/s/test/specs/HTR/provide-to-site-wo-warehouse-wo-clarification.spec.js" />
    </properties>
    <testcase classname="chrome.136_0_7103_93.windows.Provide_to_Site_w/o_warehouse_management_w/o_clarification_US116612" name="Should create a new yard" time="0.01">
      <system-out><![CDATA[
COMMAND: POST /session/17ac9b2ed7eebf123703e812e0574450/window/fullscreen - {}
RESULT: {}
]]></system-out>
    </testcase>
    <testcase classname="chrome.136_0_7103_93.windows.Provide_to_Site_w/o_warehouse_management_w/o_clarification_US116612" name="Should create a new external partner" time="0.005" />
    <testcase classname="chrome.136_0_7103_93.windows.Provide_to_Site_w/o_warehouse_management_w/o_clarification_US116612" name="Should create a new site" time="0.004" />
    <testcase classname="chrome.136_0_7103_93.windows.Provide_to_Site_w/o_warehouse_management_w/o_clarification_US116612" name="Should create a new material" time="132.403">
      <system-out><![CDATA[
COMMAND: POST /session/17ac9b2ed7eebf123703e812e0574450/execute/async - {"script":"<script> [1562 bytes]","args":[{"selector":{"controlType":"sap.m.GenericTile","properties":{"header":"Manage Resources"}},"wdio_ui5_key":"sapm.GenericTile{\"header\":\"Manage Resources\"}"}]}
RESULT: {"script":"<script> [1562 bytes]","args":[{"selector":{"controlType":"sap.m.GenericTile","properties":{"header":"Manage Resources"}},"wdio_ui5_key":"sapm.GenericTile{\"header\":\"Manage Resources\"}"}]}
RESULT: undefined
COMMAND: POST /session/17ac9b2ed7eebf123703e812e0574450/element - {"using":"xpath","value":"//*[@id=\"__tile31\"]"}
RESULT: {"using":"xpath","value":"//*[@id=\"__tile31\"]"}
COMMAND: POST /session/17ac9b2ed7eebf123703e812e0574450/element/f.025621EB997FE751E0C326B2CEC08C5E.d.772CE3BF826823E3F968768BD3B71169.e.9917/click - {}
RESULT: {}
COMMAND: GET /session/17ac9b2ed7eebf123703e812e0574450/screenshot - {}
RESULT: {}
COMMAND: POST /session/17ac9b2ed7eebf123703e812e0574450/elements - {"using":"xpath","value":"//span[text()='Error']"}
RESULT: {"using":"xpath","value":"//span[text()='Error']"}
COMMAND: POST /session/17ac9b2ed7eebf123703e812e0574450/element - {"using":"xpath","value":"//button[@data-kt=\"addNewRUOverflowToolbarButton\"]"}
RESULT: {"using":"xpath","value":"//button[@data-kt=\"addNewRUOverflowToolbarButton\"]"}
COMMAND: POST /session/17ac9b2ed7eebf123703e812e0574450/elements - {"using":"xpath","value":"//button[@data-kt=\"addNewRUOverflowToolbarButton\"]"}
RESULT: {"using":"xpath","value":"//button[@data-kt=\"addNewRUOverflowToolbarButton\"]"}
COMMAND: POST /session/17ac9b2ed7eebf123703e812e0574450/elements - {"using":"xpath","value":"//button[@data-kt=\"addNewRUOverflowToolbarButton\"]"}
RESULT: {"using":"xpath","value":"//button[@data-kt=\"addNewRUOverflowToolbarButton\"]"}
COMMAND: POST /session/17ac9b2ed7eebf123703e812e0574450/element - {"using":"xpath","value":"//button[@data-kt=\"addNewRUOverflowToolbarButton\"]"}
RESULT: {"using":"xpath","value":"//button[@data-kt=\"addNewRUOverflowToolbarButton\"]"}
COMMAND: POST /session/17ac9b2ed7eebf123703e812e0574450/execute/sync - {"script":"<script> [8489 bytes]","args":[{"element-6066-11e4-a52e-4f735466cecf":"f.025621EB997FE751E0C326B2CEC08C5E.d.772CE3BF826823E3F968768BD3B71169.e.10047","ELEMENT":"f.025621EB997FE751E0C326B2CEC08C5E.d.772CE3BF826823E3F968768BD3B71169.e.10047"}]}
RESULT: {"script":"<script> [8489 bytes]","args":[{"element-6066-11e4-a52e-4f735466cecf":"f.025621EB997FE751E0C326B2CEC08C5E.d.772CE3BF826823E3F968768BD3B71169.e.10047","ELEMENT":"f.025621EB997FE751E0C326B2CEC08C5E.d.772CE3BF826823E3F968768BD3B71169.e.10047"}]}
COMMAND: GET /session/17ac9b2ed7eebf123703e812e0574450/element/f.025621EB997FE751E0C326B2CEC08C5E.d.772CE3BF826823E3F968768BD3B71169.e.10047/enabled - {}
COMMAND: GET /session/17ac9b2ed7eebf123703e812e0574450/screenshot - {}
RESULT: {}
COMMAND: POST /session/17ac9b2ed7eebf123703e812e0574450/execute/sync - {"script":"<script> [8489 bytes]","args":[{"element-6066-11e4-a52e-4f735466cecf":"f.025621EB997FE751E0C326B2CEC08C5E.d.772CE3BF826823E3F968768BD3B71169.e.10047","ELEMENT":"f.025621EB997FE751E0C326B2CEC08C5E.d.772CE3BF826823E3F968768BD3B71169.e.10047"}]}
COMMAND: GET /session/17ac9b2ed7eebf123703e812e0574450/screenshot - {}
RESULT: {}
RESULT: {}
RESULT: {"script":"<script> [8489 bytes]","args":[{"element-6066-11e4-a52e-4f735466cecf":"f.025621EB997FE751E0C326B2CEC08C5E.d.772CE3BF826823E3F968768BD3B71169.e.10047","ELEMENT":"f.025621EB997FE751E0C326B2CEC08C5E.d.772CE3BF826823E3F968768BD3B71169.e.10047"}]}
COMMAND: POST /session/17ac9b2ed7eebf123703e812e0574450/execute/sync - {"script":"<script> [5351 bytes]","args":[{"element-6066-11e4-a52e-4f735466cecf":"f.025621EB997FE751E0C326B2CEC08C5E.d.772CE3BF826823E3F968768BD3B71169.e.10047","ELEMENT":"f.025621EB997FE751E0C326B2CEC08C5E.d.772CE3BF826823E3F968768BD3B71169.e.10047"}]}
COMMAND: GET /session/17ac9b2ed7eebf123703e812e0574450/screenshot - {}
RESULT: {"script":"<script> [5351 bytes]","args":[{"element-6066-11e4-a52e-4f735466cecf":"f.025621EB997FE751E0C326B2CEC08C5E.d.772CE3BF826823E3F968768BD3B71169.e.10047","ELEMENT":"f.025621EB997FE751E0C326B2CEC08C5E.d.772CE3BF826823E3F968768BD3B71169.e.10047"}]}
COMMAND: POST /session/17ac9b2ed7eebf123703e812e0574450/element/f.025621EB997FE751E0C326B2CEC08C5E.d.772CE3BF826823E3F968768BD3B71169.e.10047/click - {}
COMMAND: GET /session/17ac9b2ed7eebf123703e812e0574450/screenshot - {}
RESULT: {}
RESULT: {}
COMMAND: GET /session/17ac9b2ed7eebf123703e812e0574450/screenshot - {}
COMMAND: POST /session/17ac9b2ed7eebf123703e812e0574450/execute/async - {"script":"<script> [1562 bytes]","args":[{"selector":{"id":"application-manageresources-display-component---newResourceUnit--TYPE-arrow"},"wdio_ui5_key":"applicationmanageresources-display-component---newResourceUnit--TYPE-arrow"}]}
RESULT: {}
RESULT: {}
RESULT: {"script":"<script> [1562 bytes]","args":[{"selector":{"id":"application-manageresources-display-component---newResourceUnit--TYPE-arrow"},"wdio_ui5_key":"applicationmanageresources-display-component---newResourceUnit--TYPE-arrow"}]}
RESULT: undefined
COMMAND: POST /session/17ac9b2ed7eebf123703e812e0574450/element - {"using":"xpath","value":"//*[@id=\"application-manageresources-display-component---newResourceUnit--TYPE-arrow\"]"}
RESULT: {"using":"xpath","value":"//*[@id=\"application-manageresources-display-component---newResourceUnit--TYPE-arrow\"]"}
COMMAND: POST /session/17ac9b2ed7eebf123703e812e0574450/element/f.025621EB997FE751E0C326B2CEC08C5E.d.772CE3BF826823E3F968768BD3B71169.e.10405/click - {}
RESULT: {}
COMMAND: POST /session/17ac9b2ed7eebf123703e812e0574450/element - {"using":"xpath","value":"//input[@id=\"application-manageresources-display-component---newResourceUnit--TYPE-inner\"]"}
COMMAND: GET /session/17ac9b2ed7eebf123703e812e0574450/screenshot - {}
RESULT: {"using":"xpath","value":"//input[@id=\"application-manageresources-display-component---newResourceUnit--TYPE-inner\"]"}
COMMAND: POST /session/17ac9b2ed7eebf123703e812e0574450/element/f.025621EB997FE751E0C326B2CEC08C5E.d.772CE3BF826823E3F968768BD3B71169.e.10400/clear - {}
RESULT: {}
RESULT: {}
COMMAND: POST /session/17ac9b2ed7eebf123703e812e0574450/element/f.025621EB997FE751E0C326B2CEC08C5E.d.772CE3BF826823E3F968768BD3B71169.e.10400/value - {"text":"Material"}
COMMAND: GET /session/17ac9b2ed7eebf123703e812e0574450/screenshot - {}
RESULT: {"text":"Material"}
COMMAND: GET /session/17ac9b2ed7eebf123703e812e0574450/screenshot - {}
RESULT: {}
RESULT: {}
COMMAND: POST /session/17ac9b2ed7eebf123703e812e0574450/actions - {"actions":[{"id":"action34","type":"key","parameters":{},"actions":[{"type":"keyDown","value":"î€‡"},{"type":"pause","duration":10},{"type":"keyUp","value":"î€‡"}]}]}
RESULT: {"actions":[{"id":"action34","type":"key","parameters":{},"actions":[{"type":"keyDown","value":"î€‡"},{"type":"pause","duration":10},{"type":"keyUp","value":"î€‡"}]}]}
COMMAND: POST /session/17ac9b2ed7eebf123703e812e0574450/execute/async - {"script":"<script> [1562 bytes]","args":[{"selector":{"id":"application-manageresources-display-component---newResourceUnit--SHORT_TEXT","interaction":{"idSuffix":"inner"}},"wdio_ui5_key":"applicationmanageresources-display-component---newResourceUnit--SHORT_TEXT"}]}
COMMAND: GET /session/17ac9b2ed7eebf123703e812e0574450/screenshot - {}
RESULT: {"script":"<script> [1562 bytes]","args":[{"selector":{"id":"application-manageresources-display-component---newResourceUnit--SHORT_TEXT","interaction":{"idSuffix":"inner"}},"wdio_ui5_key":"applicationmanageresources-display-component---newResourceUnit--SHORT_TEXT"}]}
RESULT: undefined
COMMAND: POST /session/17ac9b2ed7eebf123703e812e0574450/execute/async - {"script":"<script> [776 bytes]","args":[{"enterText":"Cement WDIO","selector":{"id":"application-manageresources-display-component---newResourceUnit--SHORT_TEXT","interaction":{"idSuffix":"inner"}},"clearTextFirst":true,"interactionType":"ENTER_TEXT"}]}
RESULT: {}
RESULT: {"script":"<script> [776 bytes]","args":[{"enterText":"Cement WDIO","selector":{"id":"application-manageresources-display-component---newResourceUnit--SHORT_TEXT","interaction":{"idSuffix":"inner"}},"clearTextFirst":true,"interactionType":"ENTER_TEXT"}]}
COMMAND: POST /session/17ac9b2ed7eebf123703e812e0574450/execute/async - {"script":"<script> [1562 bytes]","args":[{"selector":{"id":"application-manageresources-display-component---newResourceUnit--BASE_UNIT_OF_MEASURE","interaction":{"idSuffix":"inner"}},"wdio_ui5_key":"applicationmanageresources-display-component---newResourceUnit--BASE_UNIT_OF_MEASURE"}]}
RESULT: {"script":"<script> [1562 bytes]","args":[{"selector":{"id":"application-manageresources-display-component---newResourceUnit--BASE_UNIT_OF_MEASURE","interaction":{"idSuffix":"inner"}},"wdio_ui5_key":"applicationmanageresources-display-component---newResourceUnit--BASE_UNIT_OF_MEASURE"}]}
RESULT: undefined
COMMAND: POST /session/17ac9b2ed7eebf123703e812e0574450/execute/async - {"script":"<script> [776 bytes]","args":[{"enterText":"Piece","selector":{"id":"application-manageresources-display-component---newResourceUnit--BASE_UNIT_OF_MEASURE","interaction":{"idSuffix":"inner"}},"clearTextFirst":true,"interactionType":"ENTER_TEXT"}]}
RESULT: {"script":"<script> [776 bytes]","args":[{"enterText":"Piece","selector":{"id":"application-manageresources-display-component---newResourceUnit--BASE_UNIT_OF_MEASURE","interaction":{"idSuffix":"inner"}},"clearTextFirst":true,"interactionType":"ENTER_TEXT"}]}
COMMAND: POST /session/17ac9b2ed7eebf123703e812e0574450/execute/async - {"script":"<script> [1562 bytes]","args":[{"selector":{"id":"application-manageresources-display-component---newResourceUnit--WEIGHT_UNIT","interaction":{"idSuffix":"inner"}},"wdio_ui5_key":"applicationmanageresources-display-component---newResourceUnit--WEIGHT_UNIT"}]}
RESULT: {"script":"<script> [1562 bytes]","args":[{"selector":{"id":"application-manageresources-display-component---newResourceUnit--WEIGHT_UNIT","interaction":{"idSuffix":"inner"}},"wdio_ui5_key":"applicationmanageresources-display-component---newResourceUnit--WEIGHT_UNIT"}]}
RESULT: undefined
COMMAND: POST /session/17ac9b2ed7eebf123703e812e0574450/execute/async - {"script":"<script> [776 bytes]","args":[{"enterText":"Gram","selector":{"id":"application-manageresources-display-component---newResourceUnit--WEIGHT_UNIT","interaction":{"idSuffix":"inner"}},"clearTextFirst":true,"interactionType":"ENTER_TEXT"}]}
RESULT: {"script":"<script> [776 bytes]","args":[{"enterText":"Gram","selector":{"id":"application-manageresources-display-component---newResourceUnit--WEIGHT_UNIT","interaction":{"idSuffix":"inner"}},"clearTextFirst":true,"interactionType":"ENTER_TEXT"}]}
COMMAND: POST /session/17ac9b2ed7eebf123703e812e0574450/execute/async - {"script":"<script> [1562 bytes]","args":[{"selector":{"id":"application-manageresources-display-component---newResourceUnit--DIMENSION_UNIT","interaction":{"idSuffix":"inner"}},"wdio_ui5_key":"applicationmanageresources-display-component---newResourceUnit--DIMENSION_UNIT"}]}
RESULT: {"script":"<script> [1562 bytes]","args":[{"selector":{"id":"application-manageresources-display-component---newResourceUnit--DIMENSION_UNIT","interaction":{"idSuffix":"inner"}},"wdio_ui5_key":"applicationmanageresources-display-component---newResourceUnit--DIMENSION_UNIT"}]}
RESULT: undefined
COMMAND: POST /session/17ac9b2ed7eebf123703e812e0574450/execute/async - {"script":"<script> [776 bytes]","args":[{"enterText":"Meter","selector":{"id":"application-manageresources-display-component---newResourceUnit--DIMENSION_UNIT","interaction":{"idSuffix":"inner"}},"clearTextFirst":true,"interactionType":"ENTER_TEXT"}]}
RESULT: {"script":"<script> [776 bytes]","args":[{"enterText":"Meter","selector":{"id":"application-manageresources-display-component---newResourceUnit--DIMENSION_UNIT","interaction":{"idSuffix":"inner"}},"clearTextFirst":true,"interactionType":"ENTER_TEXT"}]}
COMMAND: POST /session/17ac9b2ed7eebf123703e812e0574450/execute/async - {"script":"<script> [1562 bytes]","args":[{"selector":{"id":"application-manageresources-display-component---newResourceUnit--newRRUPage-anchBar-application-manageresources-display-component---newResourceUnit--control-anchor","interaction":{"idSuffix":"BDI-content"}},"wdio_ui5_key":"applicationmanageresources-display-component---newResourceUnit--newRRUPage-anchBar-application-manageresources-display-component---newResourceUnit--control-anchor"}]}
RESULT: {"script":"<script> [1562 bytes]","args":[{"selector":{"id":"application-manageresources-display-component---newResourceUnit--newRRUPage-anchBar-application-manageresources-display-component---newResourceUnit--control-anchor","interaction":{"idSuffix":"BDI-content"}},"wdio_ui5_key":"applicationmanageresources-display-component---newResourceUnit--newRRUPage-anchBar-application-manageresources-display-component---newResourceUnit--control-anchor"}]}
RESULT: undefined
COMMAND: POST /session/17ac9b2ed7eebf123703e812e0574450/element - {"using":"xpath","value":"//*[@id=\"application-manageresources-display-component---newResourceUnit--newRRUPage-anchBar-application-manageresources-display-component---newResourceUnit--control-anchor\"]"}
RESULT: {"using":"xpath","value":"//*[@id=\"application-manageresources-display-component---newResourceUnit--newRRUPage-anchBar-application-manageresources-display-component---newResourceUnit--control-anchor\"]"}
COMMAND: POST /session/17ac9b2ed7eebf123703e812e0574450/element/f.025621EB997FE751E0C326B2CEC08C5E.d.772CE3BF826823E3F968768BD3B71169.e.10537/click - {}
RESULT: {}
COMMAND: POST /session/17ac9b2ed7eebf123703e812e0574450/execute/async - {"script":"<script> [1562 bytes]","args":[{"selector":{"id":"application-manageresources-display-component---newResourceUnit--PLANNING_GROUP","interaction":{"idSuffix":"inner"}},"wdio_ui5_key":"applicationmanageresources-display-component---newResourceUnit--PLANNING_GROUP"}]}
COMMAND: GET /session/17ac9b2ed7eebf123703e812e0574450/screenshot - {}
RESULT: {"script":"<script> [1562 bytes]","args":[{"selector":{"id":"application-manageresources-display-component---newResourceUnit--PLANNING_GROUP","interaction":{"idSuffix":"inner"}},"wdio_ui5_key":"applicationmanageresources-display-component---newResourceUnit--PLANNING_GROUP"}]}
RESULT: undefined
COMMAND: POST /session/17ac9b2ed7eebf123703e812e0574450/execute/async - {"script":"<script> [776 bytes]","args":[{"enterText":"Material","selector":{"id":"application-manageresources-display-component---newResourceUnit--PLANNING_GROUP","interaction":{"idSuffix":"inner"}},"clearTextFirst":true,"interactionType":"ENTER_TEXT"}]}
RESULT: {}
RESULT: {"script":"<script> [776 bytes]","args":[{"enterText":"Material","selector":{"id":"application-manageresources-display-component---newResourceUnit--PLANNING_GROUP","interaction":{"idSuffix":"inner"}},"clearTextFirst":true,"interactionType":"ENTER_TEXT"}]}
COMMAND: POST /session/17ac9b2ed7eebf123703e812e0574450/execute/async - {"script":"<script> [1562 bytes]","args":[{"selector":{"id":"application-manageresources-display-component---newResourceUnit--PLANNING_INDICATOR","interaction":{"idSuffix":"inner"}},"wdio_ui5_key":"applicationmanageresources-display-component---newResourceUnit--PLANNING_INDICATOR"}]}
RESULT: {"script":"<script> [1562 bytes]","args":[{"selector":{"id":"application-manageresources-display-component---newResourceUnit--PLANNING_INDICATOR","interaction":{"idSuffix":"inner"}},"wdio_ui5_key":"applicationmanageresources-display-component---newResourceUnit--PLANNING_INDICATOR"}]}
RESULT: undefined
COMMAND: POST /session/17ac9b2ed7eebf123703e812e0574450/execute/async - {"script":"<script> [776 bytes]","args":[{"enterText":"10 - infinite","selector":{"id":"application-manageresources-display-component---newResourceUnit--PLANNING_INDICATOR","interaction":{"idSuffix":"inner"}},"clearTextFirst":true,"interactionType":"ENTER_TEXT"}]}
RESULT: {"script":"<script> [776 bytes]","args":[{"enterText":"10 - infinite","selector":{"id":"application-manageresources-display-component---newResourceUnit--PLANNING_INDICATOR","interaction":{"idSuffix":"inner"}},"clearTextFirst":true,"interactionType":"ENTER_TEXT"}]}
COMMAND: POST /session/17ac9b2ed7eebf123703e812e0574450/element - {"using":"css selector","value":"#application-manageresources-display-component---newResourceUnit--btnAddTimeSegment"}
RESULT: {"using":"css selector","value":"#application-manageresources-display-component---newResourceUnit--btnAddTimeSegment"}
COMMAND: GET /session/17ac9b2ed7eebf123703e812e0574450/element/f.025621EB997FE751E0C326B2CEC08C5E.d.772CE3BF826823E3F968768BD3B71169.e.10545/rect - {}
RESULT: {}
COMMAND: GET /session/17ac9b2ed7eebf123703e812e0574450/window/rect - {}
RESULT: {}
COMMAND: POST /session/17ac9b2ed7eebf123703e812e0574450/execute/sync - {"script":"<script> [92 bytes]","args":[]}
RESULT: {"script":"<script> [92 bytes]","args":[]}
COMMAND: POST /session/17ac9b2ed7eebf123703e812e0574450/actions - {"actions":[{"id":"action35","type":"wheel","parameters":{},"actions":[{"type":"scroll","x":-1888,"y":-32,"deltaX":0,"deltaY":0,"duration":0,"origin":{"element-6066-11e4-a52e-4f735466cecf":"f.025621EB997FE751E0C326B2CEC08C5E.d.772CE3BF826823E3F968768BD3B71169.e.10545"}}]}]}
COMMAND: GET /session/17ac9b2ed7eebf123703e812e0574450/screenshot - {}
RESULT: {}
COMMAND: POST /session/17ac9b2ed7eebf123703e812e0574450/execute/sync - {"script":"<script> [79 bytes]","args":[{"element-6066-11e4-a52e-4f735466cecf":"f.025621EB997FE751E0C326B2CEC08C5E.d.772CE3BF826823E3F968768BD3B71169.e.10545","ELEMENT":"f.025621EB997FE751E0C326B2CEC08C5E.d.772CE3BF826823E3F968768BD3B71169.e.10545"},{"block":"start","inline":"nearest"}]}
RESULT: {"script":"<script> [79 bytes]","args":[{"element-6066-11e4-a52e-4f735466cecf":"f.025621EB997FE751E0C326B2CEC08C5E.d.772CE3BF826823E3F968768BD3B71169.e.10545","ELEMENT":"f.025621EB997FE751E0C326B2CEC08C5E.d.772CE3BF826823E3F968768BD3B71169.e.10545"},{"block":"start","inline":"nearest"}]}
COMMAND: POST /session/17ac9b2ed7eebf123703e812e0574450/execute/async - {"script":"<script> [1562 bytes]","args":[{"selector":{"id":"application-manageresources-display-component---newResourceUnit--btnAddTimeSegment","interaction":{"idSuffix":"inner"}},"wdio_ui5_key":"applicationmanageresources-display-component---newResourceUnit--btnAddTimeSegment"}]}
COMMAND: GET /session/17ac9b2ed7eebf123703e812e0574450/screenshot - {}
RESULT: {"script":"<script> [1562 bytes]","args":[{"selector":{"id":"application-manageresources-display-component---newResourceUnit--btnAddTimeSegment","interaction":{"idSuffix":"inner"}},"wdio_ui5_key":"applicationmanageresources-display-component---newResourceUnit--btnAddTimeSegment"}]}
RESULT: undefined
COMMAND: POST /session/17ac9b2ed7eebf123703e812e0574450/element - {"using":"xpath","value":"//*[@id=\"application-manageresources-display-component---newResourceUnit--btnAddTimeSegment\"]"}
RESULT: {}
RESULT: {"using":"xpath","value":"//*[@id=\"application-manageresources-display-component---newResourceUnit--btnAddTimeSegment\"]"}
COMMAND: POST /session/17ac9b2ed7eebf123703e812e0574450/element/f.025621EB997FE751E0C326B2CEC08C5E.d.772CE3BF826823E3F968768BD3B71169.e.10545/click - {}
RESULT: {}
COMMAND: GET /session/17ac9b2ed7eebf123703e812e0574450/screenshot - {}
RESULT: {}
COMMAND: POST /session/17ac9b2ed7eebf123703e812e0574450/element - {"using":"xpath","value":"//input[@id=\"application-manageresources-display-component---newResourceUnit--idRuTSAdmin-application-manageresources-display-component---newResourceUnit--RUTimeSegment-0-inner\"]"}
RESULT: {"using":"xpath","value":"//input[@id=\"application-manageresources-display-component---newResourceUnit--idRuTSAdmin-application-manageresources-display-component---newResourceUnit--RUTimeSegment-0-inner\"]"}
COMMAND: POST /session/17ac9b2ed7eebf123703e812e0574450/element/f.025621EB997FE751E0C326B2CEC08C5E.d.772CE3BF826823E3F968768BD3B71169.e.10550/clear - {}
RESULT: {}
COMMAND: POST /session/17ac9b2ed7eebf123703e812e0574450/element/f.025621EB997FE751E0C326B2CEC08C5E.d.772CE3BF826823E3F968768BD3B71169.e.10550/value - {"text":"594"}
COMMAND: GET /session/17ac9b2ed7eebf123703e812e0574450/screenshot - {}
RESULT: {"text":"594"}
COMMAND: GET /session/17ac9b2ed7eebf123703e812e0574450/screenshot - {}
RESULT: {}
RESULT: {}
COMMAND: POST /session/17ac9b2ed7eebf123703e812e0574450/element - {"using":"xpath","value":"//li[.//span[text()='594']]"}
RESULT: {"using":"xpath","value":"//li[.//span[text()='594']]"}
COMMAND: POST /session/17ac9b2ed7eebf123703e812e0574450/element/f.025621EB997FE751E0C326B2CEC08C5E.d.772CE3BF826823E3F968768BD3B71169.e.10559/click - {}
RESULT: {}
COMMAND: GET /session/17ac9b2ed7eebf123703e812e0574450/screenshot - {}
RESULT: {}
COMMAND: POST /session/17ac9b2ed7eebf123703e812e0574450/element - {"using":"xpath","value":"(//span[contains(@id, \"-application-manageresources-display-component---newResourceUnit--RUTimeSegment-0-arrow\")])[2]"}
RESULT: {"using":"xpath","value":"(//span[contains(@id, \"-application-manageresources-display-component---newResourceUnit--RUTimeSegment-0-arrow\")])[2]"}
COMMAND: POST /session/17ac9b2ed7eebf123703e812e0574450/element/f.025621EB997FE751E0C326B2CEC08C5E.d.772CE3BF826823E3F968768BD3B71169.e.10560/click - {}
RESULT: {}
COMMAND: POST /session/17ac9b2ed7eebf123703e812e0574450/element - {"using":"xpath","value":"//span[contains(text(), \"PM Order\")]"}
COMMAND: GET /session/17ac9b2ed7eebf123703e812e0574450/screenshot - {}
RESULT: {"using":"xpath","value":"//span[contains(text(), \"PM Order\")]"}
COMMAND: POST /session/17ac9b2ed7eebf123703e812e0574450/element/f.025621EB997FE751E0C326B2CEC08C5E.d.772CE3BF826823E3F968768BD3B71169.e.10561/click - {}
RESULT: {}
RESULT: {}
COMMAND: GET /session/17ac9b2ed7eebf123703e812e0574450/screenshot - {}
RESULT: {}
COMMAND: POST /session/17ac9b2ed7eebf123703e812e0574450/element - {"using":"xpath","value":"//td/div/div/div/span[contains(@id, \"newResourceUnit--RUTimeSegment-0-vhi\")][1]"}
RESULT: {"using":"xpath","value":"//td/div/div/div/span[contains(@id, \"newResourceUnit--RUTimeSegment-0-vhi\")][1]"}
COMMAND: GET /session/17ac9b2ed7eebf123703e812e0574450/element/f.025621EB997FE751E0C326B2CEC08C5E.d.772CE3BF826823E3F968768BD3B71169.e.10565/rect - {}
RESULT: {}
COMMAND: GET /session/17ac9b2ed7eebf123703e812e0574450/window/rect - {}
RESULT: {}
COMMAND: POST /session/17ac9b2ed7eebf123703e812e0574450/execute/sync - {"script":"<script> [92 bytes]","args":[]}
RESULT: {"script":"<script> [92 bytes]","args":[]}
COMMAND: POST /session/17ac9b2ed7eebf123703e812e0574450/actions - {"actions":[{"id":"action36","type":"wheel","parameters":{},"actions":[{"type":"scroll","x":-1888,"y":-24,"deltaX":0,"deltaY":0,"duration":0,"origin":{"element-6066-11e4-a52e-4f735466cecf":"f.025621EB997FE751E0C326B2CEC08C5E.d.772CE3BF826823E3F968768BD3B71169.e.10565"}}]}]}
COMMAND: GET /session/17ac9b2ed7eebf123703e812e0574450/screenshot - {}
RESULT: {}
COMMAND: POST /session/17ac9b2ed7eebf123703e812e0574450/execute/sync - {"script":"<script> [79 bytes]","args":[{"element-6066-11e4-a52e-4f735466cecf":"f.025621EB997FE751E0C326B2CEC08C5E.d.772CE3BF826823E3F968768BD3B71169.e.10565","ELEMENT":"f.025621EB997FE751E0C326B2CEC08C5E.d.772CE3BF826823E3F968768BD3B71169.e.10565"},{"block":"start","inline":"nearest"}]}
RESULT: {"script":"<script> [79 bytes]","args":[{"element-6066-11e4-a52e-4f735466cecf":"f.025621EB997FE751E0C326B2CEC08C5E.d.772CE3BF826823E3F968768BD3B71169.e.10565","ELEMENT":"f.025621EB997FE751E0C326B2CEC08C5E.d.772CE3BF826823E3F968768BD3B71169.e.10565"},{"block":"start","inline":"nearest"}]}
COMMAND: GET /session/17ac9b2ed7eebf123703e812e0574450/screenshot - {}
RESULT: {}
COMMAND: POST /session/17ac9b2ed7eebf123703e812e0574450/element/f.025621EB997FE751E0C326B2CEC08C5E.d.772CE3BF826823E3F968768BD3B71169.e.10565/click - {}
RESULT: {}
COMMAND: GET /session/17ac9b2ed7eebf123703e812e0574450/screenshot - {}
RESULT: {}
COMMAND: POST /session/17ac9b2ed7eebf123703e812e0574450/execute/async - {"script":"<script> [1562 bytes]","args":[{"selector":{"controlType":"sap.m.SearchField","properties":{"placeholder":"Search"},"searchOpenDialogs":true,"interaction":{"idSuffix":"I"}},"wdio_ui5_key":"sapm.SearchField{\"placeholder\":\"Search\"}"}]}
RESULT: {"script":"<script> [1562 bytes]","args":[{"selector":{"controlType":"sap.m.SearchField","properties":{"placeholder":"Search"},"searchOpenDialogs":true,"interaction":{"idSuffix":"I"}},"wdio_ui5_key":"sapm.SearchField{\"placeholder\":\"Search\"}"}]}
RESULT: undefined
COMMAND: POST /session/17ac9b2ed7eebf123703e812e0574450/execute/async - {"script":"<script> [776 bytes]","args":[{"enterText":"4000360","selector":{"controlType":"sap.m.SearchField","properties":{"placeholder":"Search"},"searchOpenDialogs":true,"interaction":{"idSuffix":"I"}},"clearTextFirst":true,"interactionType":"ENTER_TEXT"}]}
RESULT: {"script":"<script> [776 bytes]","args":[{"enterText":"4000360","selector":{"controlType":"sap.m.SearchField","properties":{"placeholder":"Search"},"searchOpenDialogs":true,"interaction":{"idSuffix":"I"}},"clearTextFirst":true,"interactionType":"ENTER_TEXT"}]}
COMMAND: POST /session/17ac9b2ed7eebf123703e812e0574450/actions - {"actions":[{"id":"action37","type":"key","parameters":{},"actions":[{"type":"keyDown","value":"î€‡"},{"type":"pause","duration":10},{"type":"keyUp","value":"î€‡"}]}]}
RESULT: {"actions":[{"id":"action37","type":"key","parameters":{},"actions":[{"type":"keyDown","value":"î€‡"},{"type":"pause","duration":10},{"type":"keyUp","value":"î€‡"}]}]}
COMMAND: GET /session/17ac9b2ed7eebf123703e812e0574450/screenshot - {}
RESULT: {}
COMMAND: POST /session/17ac9b2ed7eebf123703e812e0574450/element - {"using":"xpath","value":"//td/div/span[contains(text(), \"BGL Vehicles\")]"}
RESULT: {"using":"xpath","value":"//td/div/span[contains(text(), \"BGL Vehicles\")]"}
COMMAND: POST /session/17ac9b2ed7eebf123703e812e0574450/element/f.025621EB997FE751E0C326B2CEC08C5E.d.772CE3BF826823E3F968768BD3B71169.e.10588/click - {}
RESULT: {}
COMMAND: GET /session/17ac9b2ed7eebf123703e812e0574450/screenshot - {}
RESULT: {}
COMMAND: POST /session/17ac9b2ed7eebf123703e812e0574450/element - {"using":"xpath","value":"//bdi[contains(text(), \"OK\")]"}
RESULT: {"using":"xpath","value":"//bdi[contains(text(), \"OK\")]"}
COMMAND: POST /session/17ac9b2ed7eebf123703e812e0574450/element/f.025621EB997FE751E0C326B2CEC08C5E.d.772CE3BF826823E3F968768BD3B71169.e.10589/click - {}
RESULT: {}
COMMAND: GET /session/17ac9b2ed7eebf123703e812e0574450/screenshot - {}
RESULT: {}
COMMAND: POST /session/17ac9b2ed7eebf123703e812e0574450/element - {"using":"xpath","value":"//label[contains(@class, 'sapMLabelRequired') and .//bdi[contains(text(), 'Planned Retirement')]]"}
RESULT: {"using":"xpath","value":"//label[contains(@class, 'sapMLabelRequired') and .//bdi[contains(text(), 'Planned Retirement')]]"}
COMMAND: POST /session/17ac9b2ed7eebf123703e812e0574450/elements - {"using":"xpath","value":"//label[contains(@class, 'sapMLabelRequired') and .//bdi[contains(text(), 'Planned Retirement')]]"}
RESULT: {"using":"xpath","value":"//label[contains(@class, 'sapMLabelRequired') and .//bdi[contains(text(), 'Planned Retirement')]]"}
COMMAND: POST /session/17ac9b2ed7eebf123703e812e0574450/element - {"using":"xpath","value":"//button[@data-kt=\"resourceUnitSaveButton\"]"}
RESULT: {"using":"xpath","value":"//button[@data-kt=\"resourceUnitSaveButton\"]"}
COMMAND: POST /session/17ac9b2ed7eebf123703e812e0574450/element/f.025621EB997FE751E0C326B2CEC08C5E.d.772CE3BF826823E3F968768BD3B71169.e.10424/click - {}
RESULT: {}
COMMAND: GET /session/17ac9b2ed7eebf123703e812e0574450/screenshot - {}
RESULT: {}
COMMAND: POST /session/17ac9b2ed7eebf123703e812e0574450/element - {"using":"xpath","value":"//bdi[contains(text(), \"Close\")]"}
RESULT: {"using":"xpath","value":"//bdi[contains(text(), \"Close\")]"}
COMMAND: POST /session/17ac9b2ed7eebf123703e812e0574450/element/f.025621EB997FE751E0C326B2CEC08C5E.d.772CE3BF826823E3F968768BD3B71169.e.10596/click - {}
RESULT: {}
COMMAND: GET /session/17ac9b2ed7eebf123703e812e0574450/screenshot - {}
RESULT: {}
COMMAND: POST /session/17ac9b2ed7eebf123703e812e0574450/element - {"using":"xpath","value":"//header[contains(@id, 'detailRruPage-headerTitle')]/div[1]/div[2]/div[2]/span[1]"}
RESULT: {"using":"xpath","value":"//header[contains(@id, 'detailRruPage-headerTitle')]/div[1]/div[2]/div[2]/span[1]"}
COMMAND: POST /session/17ac9b2ed7eebf123703e812e0574450/elements - {"using":"xpath","value":"//header[contains(@id, 'detailRruPage-headerTitle')]/div[1]/div[2]/div[2]/span[1]"}
RESULT: {"using":"xpath","value":"//header[contains(@id, 'detailRruPage-headerTitle')]/div[1]/div[2]/div[2]/span[1]"}
COMMAND: POST /session/17ac9b2ed7eebf123703e812e0574450/execute/sync - {"script":"<script> [56 bytes]","args":[{"element-6066-11e4-a52e-4f735466cecf":"f.025621EB997FE751E0C326B2CEC08C5E.d.772CE3BF826823E3F968768BD3B71169.e.10621","ELEMENT":"f.025621EB997FE751E0C326B2CEC08C5E.d.772CE3BF826823E3F968768BD3B71169.e.10621"}]}
RESULT: {"script":"<script> [56 bytes]","args":[{"element-6066-11e4-a52e-4f735466cecf":"f.025621EB997FE751E0C326B2CEC08C5E.d.772CE3BF826823E3F968768BD3B71169.e.10621","ELEMENT":"f.025621EB997FE751E0C326B2CEC08C5E.d.772CE3BF826823E3F968768BD3B71169.e.10621"}]}
COMMAND: POST /session/17ac9b2ed7eebf123703e812e0574450/element - {"using":"css selector","value":"#shell-header-logo"}
COMMAND: GET /session/17ac9b2ed7eebf123703e812e0574450/screenshot - {}
RESULT: {"using":"css selector","value":"#shell-header-logo"}
COMMAND: POST /session/17ac9b2ed7eebf123703e812e0574450/element/f.025621EB997FE751E0C326B2CEC08C5E.d.772CE3BF826823E3F968768BD3B71169.e.9895/click - {}
RESULT: {}
RESULT: {}
COMMAND: GET /session/17ac9b2ed7eebf123703e812e0574450/screenshot - {}
RESULT: {}
]]></system-out>
    </testcase>
  </testsuite>
  <testsuite timestamp="2025-06-02T17:04:47" time="286.457" tests="6" failures="4" errors="4" skipped="0">
    <properties>
      <property name="specId" value="0" />
      <property name="suiteName" value="Provide to Site w/o warehouse management w/o clarification" />
      <property name="capabilities" value="chrome.136_0_7103_93.windows" />
      <property name="file" value="file:///D:/a/1/s/test/specs/HTR/provide-to-site-wo-warehouse-wo-clarification.spec.js" />
    </properties>
    <testcase classname="chrome.136_0_7103_93.windows.Provide_to_Site_w/o_warehouse_management_w/o_clarification" name="Should Test for Handover Execution" time="12.694">
      <system-out><![CDATA[
COMMAND: POST /session/17ac9b2ed7eebf123703e812e0574450/element - {"using":"xpath","value":"(//span[contains(@id, \"imgNav\")])[1]"}
COMMAND: GET /session/17ac9b2ed7eebf123703e812e0574450/screenshot - {}
RESULT: {"using":"xpath","value":"(//span[contains(@id, \"imgNav\")])[1]"}
COMMAND: POST /session/17ac9b2ed7eebf123703e812e0574450/element/f.025621EB997FE751E0C326B2CEC08C5E.d.772CE3BF826823E3F968768BD3B71169.e.10684/click - {}
RESULT: {}
RESULT: {}
COMMAND: GET /session/17ac9b2ed7eebf123703e812e0574450/screenshot - {}
RESULT: {}
COMMAND: POST /session/17ac9b2ed7eebf123703e812e0574450/element - {"using":"css selector","value":"#shell-header-logo"}
RESULT: {"using":"css selector","value":"#shell-header-logo"}
COMMAND: POST /session/17ac9b2ed7eebf123703e812e0574450/element/f.025621EB997FE751E0C326B2CEC08C5E.d.772CE3BF826823E3F968768BD3B71169.e.10624/click - {}
RESULT: {}
COMMAND: GET /session/17ac9b2ed7eebf123703e812e0574450/screenshot - {}
RESULT: {}
]]></system-out>
    </testcase>
    <testcase classname="chrome.136_0_7103_93.windows.Provide_to_Site_w/o_warehouse_management_w/o_clarification" name="Should test for Clarification" time="0.006">
      <system-out><![CDATA[
COMMAND: POST /session/17ac9b2ed7eebf123703e812e0574450/element - {"using":"css selector","value":"#j_username"}
COMMAND: POST /session/17ac9b2ed7eebf123703e812e0574450/url - {"url":"https://qa-testing-00-live-etm-ui.cfapps.eu10-004.hana.ondemand.com/"}
COMMAND: GET /session/17ac9b2ed7eebf123703e812e0574450/screenshot - {}
RESULT: {"using":"css selector","value":"#j_username"}
COMMAND: POST /session/17ac9b2ed7eebf123703e812e0574450/element - {"using":"css selector","value":"#j_username"}
RESULT: {"url":"https://qa-testing-00-live-etm-ui.cfapps.eu10-004.hana.ondemand.com/"}
RESULT: undefined
COMMAND: GET /session/17ac9b2ed7eebf123703e812e0574450/screenshot - {}
RESULT: {}
RESULT: {"using":"css selector","value":"#j_username"}
COMMAND: POST /session/17ac9b2ed7eebf123703e812e0574450/element - {"using":"css selector","value":"#shell-header-logo"}
RESULT: {}
RESULT: {"using":"css selector","value":"#shell-header-logo"}
COMMAND: POST /session/17ac9b2ed7eebf123703e812e0574450/execute/sync - {"script":"<script> [8489 bytes]","args":[{"element-6066-11e4-a52e-4f735466cecf":"f.025621EB997FE751E0C326B2CEC08C5E.d.4E77D593B1EEDCAD18EF589DAF80C47A.e.11053","ELEMENT":"f.025621EB997FE751E0C326B2CEC08C5E.d.4E77D593B1EEDCAD18EF589DAF80C47A.e.11053"}]}
RESULT: {"script":"<script> [8489 bytes]","args":[{"element-6066-11e4-a52e-4f735466cecf":"f.025621EB997FE751E0C326B2CEC08C5E.d.4E77D593B1EEDCAD18EF589DAF80C47A.e.11053","ELEMENT":"f.025621EB997FE751E0C326B2CEC08C5E.d.4E77D593B1EEDCAD18EF589DAF80C47A.e.11053"}]}
COMMAND: POST /session/17ac9b2ed7eebf123703e812e0574450/element - {"using":"css selector","value":"#shell-header-logo"}
COMMAND: GET /session/17ac9b2ed7eebf123703e812e0574450/screenshot - {}
RESULT: {"using":"css selector","value":"#shell-header-logo"}
COMMAND: POST /session/17ac9b2ed7eebf123703e812e0574450/execute/sync - {"script":"<script> [8489 bytes]","args":[{"element-6066-11e4-a52e-4f735466cecf":"f.025621EB997FE751E0C326B2CEC08C5E.d.4E77D593B1EEDCAD18EF589DAF80C47A.e.11053","ELEMENT":"f.025621EB997FE751E0C326B2CEC08C5E.d.4E77D593B1EEDCAD18EF589DAF80C47A.e.11053"}]}
RESULT: {}
RESULT: {"script":"<script> [8489 bytes]","args":[{"element-6066-11e4-a52e-4f735466cecf":"f.025621EB997FE751E0C326B2CEC08C5E.d.4E77D593B1EEDCAD18EF589DAF80C47A.e.11053","ELEMENT":"f.025621EB997FE751E0C326B2CEC08C5E.d.4E77D593B1EEDCAD18EF589DAF80C47A.e.11053"}]}
COMMAND: POST /session/17ac9b2ed7eebf123703e812e0574450/execute/sync - {"script":"<script> [5351 bytes]","args":[{"element-6066-11e4-a52e-4f735466cecf":"f.025621EB997FE751E0C326B2CEC08C5E.d.4E77D593B1EEDCAD18EF589DAF80C47A.e.11053","ELEMENT":"f.025621EB997FE751E0C326B2CEC08C5E.d.4E77D593B1EEDCAD18EF589DAF80C47A.e.11053"}]}
COMMAND: GET /session/17ac9b2ed7eebf123703e812e0574450/screenshot - {}
RESULT: {"script":"<script> [5351 bytes]","args":[{"element-6066-11e4-a52e-4f735466cecf":"f.025621EB997FE751E0C326B2CEC08C5E.d.4E77D593B1EEDCAD18EF589DAF80C47A.e.11053","ELEMENT":"f.025621EB997FE751E0C326B2CEC08C5E.d.4E77D593B1EEDCAD18EF589DAF80C47A.e.11053"}]}
COMMAND: POST /session/17ac9b2ed7eebf123703e812e0574450/element - {"using":"css selector","value":"#shell-header-logo"}
COMMAND: GET /session/17ac9b2ed7eebf123703e812e0574450/screenshot - {}
RESULT: {}
RESULT: {"using":"css selector","value":"#shell-header-logo"}
COMMAND: POST /session/17ac9b2ed7eebf123703e812e0574450/element/f.025621EB997FE751E0C326B2CEC08C5E.d.4E77D593B1EEDCAD18EF589DAF80C47A.e.11053/click - {}
RESULT: {}
RESULT: {}
COMMAND: GET /session/17ac9b2ed7eebf123703e812e0574450/screenshot - {}
RESULT: {}
COMMAND: POST /session/17ac9b2ed7eebf123703e812e0574450/execute/async - {"script":"<script> [189 bytes]","args":[]}
RESULT: {"script":"<script> [189 bytes]","args":[]}
COMMAND: POST /session/17ac9b2ed7eebf123703e812e0574450/execute/async - {"script":"<script> [123 bytes]","args":[]}
RESULT: {"script":"<script> [123 bytes]","args":[]}
COMMAND: POST /session/17ac9b2ed7eebf123703e812e0574450/timeouts - {"script":"<number>"}
RESULT: {"script":"<number>"}
COMMAND: GET /session/17ac9b2ed7eebf123703e812e0574450/timeouts - {}
RESULT: {}
RESULT: undefined
COMMAND: POST /session/17ac9b2ed7eebf123703e812e0574450/execute/async - {"script":"<script> [2676 bytes]","args":[]}
RESULT: {"script":"<script> [2676 bytes]","args":[]}
COMMAND: POST /session/17ac9b2ed7eebf123703e812e0574450/execute/async - {"script":"<script> [2342 bytes]","args":[{"protocol":"http","hostname":"0.0.0.0","path":"/","capabilities":{"browserName":"chrome","goog:chromeOptions":{"binary":"C:\\Program Files\\Google\\Chrome\\Application\\chrome.exe","args":["--start-maximized"]}},"logLevel":"warn","connectionRetryTimeout":120000,"connectionRetryCount":3,"logLevels":{},"enableDirectConnect":true,"strictSSL":true,"_":"65 more keys: [\"cacheDir\",\"port\",\"requestedCapabilities\",\"automationProtocol\",\"baseUrl\",\"waitforInterval\",\"waitforTimeout\",\"onReload\",\"beforeCommand\",\"afterCommand\",\"rootDir\",\"specs\",\"suites\",\"exclude\",\"groupLogsByTestSpec\",\"excludeDriverLogs\",\"bail\",\"framework\",\"reporters\",\"services\",\"maxInstances\",\"maxInstancesPerCapability\",\"injectGlobals\",\"filesToWatch\",\"execArgv\",\"runnerEnv\",\"runner\",\"shard\",\"specFileRetries\",\"specFileRetriesDelay\",\"specFileRetriesDeferred\",\"reporterSyncInterval\",\"reporterSyncTimeout\",\"cucumberFeaturesWithLineNumbers\",\"autoCompileOpts\",\"mochaOpts\",\"jasmineOpts\",\"cucumberOpts\",\"onPrepare\",\"onWorkerStart\",\"onWorkerEnd\",\"before\",\"beforeSession\",\"beforeSuite\",\"beforeHook\",\"beforeTest\",\"afterTest\",\"afterHook\",\"afterSuite\",\"afterSession\",\"after\",\"onComplete\",\"beforeAssertion\",\"afterAssertion\",\"beforeFeature\",\"beforeScenario\",\"beforeStep\",\"afterStep\",\"afterScenario\",\"afterFeature\",\"_\",\"suite\",\"$0\",\"ignoredWorkerServices\",\"wdi5\"]"}]}
RESULT: {"script":"<script> [2342 bytes]","args":[{"protocol":"http","hostname":"0.0.0.0","path":"/","capabilities":{"browserName":"chrome","goog:chromeOptions":{"binary":"C:\\Program Files\\Google\\Chrome\\Application\\chrome.exe","args":["--start-maximized"]}},"logLevel":"warn","connectionRetryTimeout":120000,"connectionRetryCount":3,"logLevels":{},"enableDirectConnect":true,"strictSSL":true,"_":"65 more keys: [\"cacheDir\",\"port\",\"requestedCapabilities\",\"automationProtocol\",\"baseUrl\",\"waitforInterval\",\"waitforTimeout\",\"onReload\",\"beforeCommand\",\"afterCommand\",\"rootDir\",\"specs\",\"suites\",\"exclude\",\"groupLogsByTestSpec\",\"excludeDriverLogs\",\"bail\",\"framework\",\"reporters\",\"services\",\"maxInstances\",\"maxInstancesPerCapability\",\"injectGlobals\",\"filesToWatch\",\"execArgv\",\"runnerEnv\",\"runner\",\"shard\",\"specFileRetries\",\"specFileRetriesDelay\",\"specFileRetriesDeferred\",\"reporterSyncInterval\",\"reporterSyncTimeout\",\"cucumberFeaturesWithLineNumbers\",\"autoCompileOpts\",\"mochaOpts\",\"jasmineOpts\",\"cucumberOpts\",\"onPrepare\",\"onWorkerStart\",\"onWorkerEnd\",\"before\",\"beforeSession\",\"beforeSuite\",\"beforeHook\",\"beforeTest\",\"afterTest\",\"afterHook\",\"afterSuite\",\"afterSession\",\"after\",\"onComplete\",\"beforeAssertion\",\"afterAssertion\",\"beforeFeature\",\"beforeScenario\",\"beforeStep\",\"afterStep\",\"afterScenario\",\"afterFeature\",\"_\",\"suite\",\"$0\",\"ignoredWorkerServices\",\"wdi5\"]"}]}
COMMAND: POST /session/17ac9b2ed7eebf123703e812e0574450/execute/async - {"script":"<script> [21126 bytes]","args":[35000]}
RESULT: {"script":"<script> [21126 bytes]","args":[35000]}
COMMAND: POST /session/17ac9b2ed7eebf123703e812e0574450/window/maximize - {}
RESULT: {}
COMMAND: POST /session/17ac9b2ed7eebf123703e812e0574450/execute/async - {"script":"<script> [1562 bytes]","args":[{"selector":{"id":"shell-header","interaction":{"idSuffix":"icon"}},"wdio_ui5_key":"shellheader"}]}
COMMAND: GET /session/17ac9b2ed7eebf123703e812e0574450/screenshot - {}
RESULT: {"script":"<script> [1562 bytes]","args":[{"selector":{"id":"shell-header","interaction":{"idSuffix":"icon"}},"wdio_ui5_key":"shellheader"}]}
RESULT: undefined
COMMAND: POST /session/17ac9b2ed7eebf123703e812e0574450/refresh - {}
RESULT: {}
RESULT: {}
COMMAND: GET /session/17ac9b2ed7eebf123703e812e0574450/screenshot - {}
RESULT: {}
COMMAND: POST /session/17ac9b2ed7eebf123703e812e0574450/refresh - {}
RESULT: {}
COMMAND: GET /session/17ac9b2ed7eebf123703e812e0574450/screenshot - {}
RESULT: {}
COMMAND: POST /session/17ac9b2ed7eebf123703e812e0574450/window/fullscreen - {}
RESULT: {}
COMMAND: POST /session/17ac9b2ed7eebf123703e812e0574450/execute/async - {"script":"<script> [189 bytes]","args":[]}
RESULT: {"script":"<script> [189 bytes]","args":[]}
COMMAND: POST /session/17ac9b2ed7eebf123703e812e0574450/execute/async - {"script":"<script> [123 bytes]","args":[]}
RESULT: {"script":"<script> [123 bytes]","args":[]}
COMMAND: POST /session/17ac9b2ed7eebf123703e812e0574450/timeouts - {"script":"<number>"}
RESULT: {"script":"<number>"}
COMMAND: GET /session/17ac9b2ed7eebf123703e812e0574450/timeouts - {}
RESULT: {}
RESULT: undefined
COMMAND: POST /session/17ac9b2ed7eebf123703e812e0574450/execute/async - {"script":"<script> [2676 bytes]","args":[]}
RESULT: {"script":"<script> [2676 bytes]","args":[]}
COMMAND: POST /session/17ac9b2ed7eebf123703e812e0574450/execute/async - {"script":"<script> [2342 bytes]","args":[{"protocol":"http","hostname":"0.0.0.0","path":"/","capabilities":{"browserName":"chrome","goog:chromeOptions":{"binary":"C:\\Program Files\\Google\\Chrome\\Application\\chrome.exe","args":["--start-maximized"]}},"logLevel":"warn","connectionRetryTimeout":120000,"connectionRetryCount":3,"logLevels":{},"enableDirectConnect":true,"strictSSL":true,"_":"65 more keys: [\"cacheDir\",\"port\",\"requestedCapabilities\",\"automationProtocol\",\"baseUrl\",\"waitforInterval\",\"waitforTimeout\",\"onReload\",\"beforeCommand\",\"afterCommand\",\"rootDir\",\"specs\",\"suites\",\"exclude\",\"groupLogsByTestSpec\",\"excludeDriverLogs\",\"bail\",\"framework\",\"reporters\",\"services\",\"maxInstances\",\"maxInstancesPerCapability\",\"injectGlobals\",\"filesToWatch\",\"execArgv\",\"runnerEnv\",\"runner\",\"shard\",\"specFileRetries\",\"specFileRetriesDelay\",\"specFileRetriesDeferred\",\"reporterSyncInterval\",\"reporterSyncTimeout\",\"cucumberFeaturesWithLineNumbers\",\"autoCompileOpts\",\"mochaOpts\",\"jasmineOpts\",\"cucumberOpts\",\"onPrepare\",\"onWorkerStart\",\"onWorkerEnd\",\"before\",\"beforeSession\",\"beforeSuite\",\"beforeHook\",\"beforeTest\",\"afterTest\",\"afterHook\",\"afterSuite\",\"afterSession\",\"after\",\"onComplete\",\"beforeAssertion\",\"afterAssertion\",\"beforeFeature\",\"beforeScenario\",\"beforeStep\",\"afterStep\",\"afterScenario\",\"afterFeature\",\"_\",\"suite\",\"$0\",\"ignoredWorkerServices\",\"wdi5\"]"}]}
RESULT: {"script":"<script> [2342 bytes]","args":[{"protocol":"http","hostname":"0.0.0.0","path":"/","capabilities":{"browserName":"chrome","goog:chromeOptions":{"binary":"C:\\Program Files\\Google\\Chrome\\Application\\chrome.exe","args":["--start-maximized"]}},"logLevel":"warn","connectionRetryTimeout":120000,"connectionRetryCount":3,"logLevels":{},"enableDirectConnect":true,"strictSSL":true,"_":"65 more keys: [\"cacheDir\",\"port\",\"requestedCapabilities\",\"automationProtocol\",\"baseUrl\",\"waitforInterval\",\"waitforTimeout\",\"onReload\",\"beforeCommand\",\"afterCommand\",\"rootDir\",\"specs\",\"suites\",\"exclude\",\"groupLogsByTestSpec\",\"excludeDriverLogs\",\"bail\",\"framework\",\"reporters\",\"services\",\"maxInstances\",\"maxInstancesPerCapability\",\"injectGlobals\",\"filesToWatch\",\"execArgv\",\"runnerEnv\",\"runner\",\"shard\",\"specFileRetries\",\"specFileRetriesDelay\",\"specFileRetriesDeferred\",\"reporterSyncInterval\",\"reporterSyncTimeout\",\"cucumberFeaturesWithLineNumbers\",\"autoCompileOpts\",\"mochaOpts\",\"jasmineOpts\",\"cucumberOpts\",\"onPrepare\",\"onWorkerStart\",\"onWorkerEnd\",\"before\",\"beforeSession\",\"beforeSuite\",\"beforeHook\",\"beforeTest\",\"afterTest\",\"afterHook\",\"afterSuite\",\"afterSession\",\"after\",\"onComplete\",\"beforeAssertion\",\"afterAssertion\",\"beforeFeature\",\"beforeScenario\",\"beforeStep\",\"afterStep\",\"afterScenario\",\"afterFeature\",\"_\",\"suite\",\"$0\",\"ignoredWorkerServices\",\"wdi5\"]"}]}
COMMAND: POST /session/17ac9b2ed7eebf123703e812e0574450/execute/async - {"script":"<script> [21126 bytes]","args":[35000]}
RESULT: {"script":"<script> [21126 bytes]","args":[35000]}
]]></system-out>
    </testcase>
  </testsuite>
  <testsuite timestamp="2025-06-02T17:09:33" time="180.978" tests="6" failures="0" errors="0" skipped="0">
    <properties>
      <property name="specId" value="0" />
      <property name="suiteName" value="Return from Site w/ warehouse management w/ clarification US125588" />
      <property name="capabilities" value="chrome.136_0_7103_93.windows" />
      <property name="file" value="file:///D:/a/1/s/test/specs/HTR/return-from-site-w-warehouse-management-w-clarification.spec.js" />
    </properties>
    <testcase classname="chrome.136_0_7103_93.windows.Return_from_Site_w/_warehouse_management_w/_clarification_US125588" name="Should create a new WHM yard" time="0.04">
      <system-out><![CDATA[
COMMAND: POST /session/17ac9b2ed7eebf123703e812e0574450/window/fullscreen - {}
RESULT: {}
]]></system-out>
    </testcase>
    <testcase classname="chrome.136_0_7103_93.windows.Return_from_Site_w/_warehouse_management_w/_clarification_US125588" name="Should create a new external WHM partner" time="0.005" />
    <testcase classname="chrome.136_0_7103_93.windows.Return_from_Site_w/_warehouse_management_w/_clarification_US125588" name="Should create a new WHM site" time="0.005" />
    <testcase classname="chrome.136_0_7103_93.windows.Return_from_Site_w/_warehouse_management_w/_clarification_US125588" name="Should create a new material" time="130.832">
      <system-out><![CDATA[
COMMAND: POST /session/17ac9b2ed7eebf123703e812e0574450/execute/async - {"script":"<script> [1562 bytes]","args":[{"selector":{"controlType":"sap.m.GenericTile","properties":{"header":"Manage Resources"}},"wdio_ui5_key":"sapm.GenericTile{\"header\":\"Manage Resources\"}"}]}
RESULT: {"script":"<script> [1562 bytes]","args":[{"selector":{"controlType":"sap.m.GenericTile","properties":{"header":"Manage Resources"}},"wdio_ui5_key":"sapm.GenericTile{\"header\":\"Manage Resources\"}"}]}
RESULT: undefined
COMMAND: POST /session/17ac9b2ed7eebf123703e812e0574450/element - {"using":"xpath","value":"//*[@id=\"__tile39\"]"}
RESULT: {"using":"xpath","value":"//*[@id=\"__tile39\"]"}
COMMAND: POST /session/17ac9b2ed7eebf123703e812e0574450/element/f.025621EB997FE751E0C326B2CEC08C5E.d.148FB75E6B6A2AF6996F81C4BE385BBC.e.11205/click - {}
RESULT: {}
COMMAND: GET /session/17ac9b2ed7eebf123703e812e0574450/screenshot - {}
RESULT: {}
COMMAND: POST /session/17ac9b2ed7eebf123703e812e0574450/elements - {"using":"xpath","value":"//span[text()='Error']"}
RESULT: {"using":"xpath","value":"//span[text()='Error']"}
COMMAND: POST /session/17ac9b2ed7eebf123703e812e0574450/element - {"using":"xpath","value":"//button[@data-kt=\"addNewRUOverflowToolbarButton\"]"}
RESULT: {"using":"xpath","value":"//button[@data-kt=\"addNewRUOverflowToolbarButton\"]"}
COMMAND: POST /session/17ac9b2ed7eebf123703e812e0574450/elements - {"using":"xpath","value":"//button[@data-kt=\"addNewRUOverflowToolbarButton\"]"}
RESULT: {"using":"xpath","value":"//button[@data-kt=\"addNewRUOverflowToolbarButton\"]"}
COMMAND: POST /session/17ac9b2ed7eebf123703e812e0574450/elements - {"using":"xpath","value":"//button[@data-kt=\"addNewRUOverflowToolbarButton\"]"}
RESULT: {"using":"xpath","value":"//button[@data-kt=\"addNewRUOverflowToolbarButton\"]"}
COMMAND: POST /session/17ac9b2ed7eebf123703e812e0574450/elements - {"using":"xpath","value":"//button[@data-kt=\"addNewRUOverflowToolbarButton\"]"}
RESULT: {"using":"xpath","value":"//button[@data-kt=\"addNewRUOverflowToolbarButton\"]"}
COMMAND: POST /session/17ac9b2ed7eebf123703e812e0574450/elements - {"using":"xpath","value":"//button[@data-kt=\"addNewRUOverflowToolbarButton\"]"}
RESULT: {"using":"xpath","value":"//button[@data-kt=\"addNewRUOverflowToolbarButton\"]"}
COMMAND: POST /session/17ac9b2ed7eebf123703e812e0574450/elements - {"using":"xpath","value":"//button[@data-kt=\"addNewRUOverflowToolbarButton\"]"}
RESULT: {"using":"xpath","value":"//button[@data-kt=\"addNewRUOverflowToolbarButton\"]"}
COMMAND: POST /session/17ac9b2ed7eebf123703e812e0574450/elements - {"using":"xpath","value":"//button[@data-kt=\"addNewRUOverflowToolbarButton\"]"}
RESULT: {"using":"xpath","value":"//button[@data-kt=\"addNewRUOverflowToolbarButton\"]"}
COMMAND: POST /session/17ac9b2ed7eebf123703e812e0574450/elements - {"using":"xpath","value":"//button[@data-kt=\"addNewRUOverflowToolbarButton\"]"}
RESULT: {"using":"xpath","value":"//button[@data-kt=\"addNewRUOverflowToolbarButton\"]"}
COMMAND: POST /session/17ac9b2ed7eebf123703e812e0574450/elements - {"using":"xpath","value":"//button[@data-kt=\"addNewRUOverflowToolbarButton\"]"}
RESULT: {"using":"xpath","value":"//button[@data-kt=\"addNewRUOverflowToolbarButton\"]"}
COMMAND: POST /session/17ac9b2ed7eebf123703e812e0574450/elements - {"using":"xpath","value":"//button[@data-kt=\"addNewRUOverflowToolbarButton\"]"}
RESULT: {"using":"xpath","value":"//button[@data-kt=\"addNewRUOverflowToolbarButton\"]"}
COMMAND: POST /session/17ac9b2ed7eebf123703e812e0574450/element - {"using":"xpath","value":"//button[@data-kt=\"addNewRUOverflowToolbarButton\"]"}
RESULT: {"using":"xpath","value":"//button[@data-kt=\"addNewRUOverflowToolbarButton\"]"}
COMMAND: POST /session/17ac9b2ed7eebf123703e812e0574450/execute/sync - {"script":"<script> [8489 bytes]","args":[{"element-6066-11e4-a52e-4f735466cecf":"f.025621EB997FE751E0C326B2CEC08C5E.d.148FB75E6B6A2AF6996F81C4BE385BBC.e.11347","ELEMENT":"f.025621EB997FE751E0C326B2CEC08C5E.d.148FB75E6B6A2AF6996F81C4BE385BBC.e.11347"}]}
RESULT: {"script":"<script> [8489 bytes]","args":[{"element-6066-11e4-a52e-4f735466cecf":"f.025621EB997FE751E0C326B2CEC08C5E.d.148FB75E6B6A2AF6996F81C4BE385BBC.e.11347","ELEMENT":"f.025621EB997FE751E0C326B2CEC08C5E.d.148FB75E6B6A2AF6996F81C4BE385BBC.e.11347"}]}
COMMAND: GET /session/17ac9b2ed7eebf123703e812e0574450/element/f.025621EB997FE751E0C326B2CEC08C5E.d.148FB75E6B6A2AF6996F81C4BE385BBC.e.11347/enabled - {}
COMMAND: GET /session/17ac9b2ed7eebf123703e812e0574450/screenshot - {}
RESULT: {}
COMMAND: POST /session/17ac9b2ed7eebf123703e812e0574450/execute/sync - {"script":"<script> [8489 bytes]","args":[{"element-6066-11e4-a52e-4f735466cecf":"f.025621EB997FE751E0C326B2CEC08C5E.d.148FB75E6B6A2AF6996F81C4BE385BBC.e.11347","ELEMENT":"f.025621EB997FE751E0C326B2CEC08C5E.d.148FB75E6B6A2AF6996F81C4BE385BBC.e.11347"}]}
COMMAND: GET /session/17ac9b2ed7eebf123703e812e0574450/screenshot - {}
RESULT: {}
RESULT: {"script":"<script> [8489 bytes]","args":[{"element-6066-11e4-a52e-4f735466cecf":"f.025621EB997FE751E0C326B2CEC08C5E.d.148FB75E6B6A2AF6996F81C4BE385BBC.e.11347","ELEMENT":"f.025621EB997FE751E0C326B2CEC08C5E.d.148FB75E6B6A2AF6996F81C4BE385BBC.e.11347"}]}
COMMAND: POST /session/17ac9b2ed7eebf123703e812e0574450/execute/sync - {"script":"<script> [5351 bytes]","args":[{"element-6066-11e4-a52e-4f735466cecf":"f.025621EB997FE751E0C326B2CEC08C5E.d.148FB75E6B6A2AF6996F81C4BE385BBC.e.11347","ELEMENT":"f.025621EB997FE751E0C326B2CEC08C5E.d.148FB75E6B6A2AF6996F81C4BE385BBC.e.11347"}]}
COMMAND: GET /session/17ac9b2ed7eebf123703e812e0574450/screenshot - {}
RESULT: {}
RESULT: {"script":"<script> [5351 bytes]","args":[{"element-6066-11e4-a52e-4f735466cecf":"f.025621EB997FE751E0C326B2CEC08C5E.d.148FB75E6B6A2AF6996F81C4BE385BBC.e.11347","ELEMENT":"f.025621EB997FE751E0C326B2CEC08C5E.d.148FB75E6B6A2AF6996F81C4BE385BBC.e.11347"}]}
COMMAND: POST /session/17ac9b2ed7eebf123703e812e0574450/element/f.025621EB997FE751E0C326B2CEC08C5E.d.148FB75E6B6A2AF6996F81C4BE385BBC.e.11347/click - {}
COMMAND: GET /session/17ac9b2ed7eebf123703e812e0574450/screenshot - {}
RESULT: {}
RESULT: {}
COMMAND: GET /session/17ac9b2ed7eebf123703e812e0574450/screenshot - {}
COMMAND: POST /session/17ac9b2ed7eebf123703e812e0574450/execute/async - {"script":"<script> [1562 bytes]","args":[{"selector":{"id":"application-manageresources-display-component---newResourceUnit--TYPE-arrow"},"wdio_ui5_key":"applicationmanageresources-display-component---newResourceUnit--TYPE-arrow"}]}
RESULT: {}
RESULT: {}
RESULT: {"script":"<script> [1562 bytes]","args":[{"selector":{"id":"application-manageresources-display-component---newResourceUnit--TYPE-arrow"},"wdio_ui5_key":"applicationmanageresources-display-component---newResourceUnit--TYPE-arrow"}]}
RESULT: undefined
COMMAND: POST /session/17ac9b2ed7eebf123703e812e0574450/element - {"using":"xpath","value":"//*[@id=\"application-manageresources-display-component---newResourceUnit--TYPE-arrow\"]"}
RESULT: {"using":"xpath","value":"//*[@id=\"application-manageresources-display-component---newResourceUnit--TYPE-arrow\"]"}
COMMAND: POST /session/17ac9b2ed7eebf123703e812e0574450/element/f.025621EB997FE751E0C326B2CEC08C5E.d.148FB75E6B6A2AF6996F81C4BE385BBC.e.11514/click - {}
RESULT: {}
COMMAND: POST /session/17ac9b2ed7eebf123703e812e0574450/element - {"using":"xpath","value":"//input[@id=\"application-manageresources-display-component---newResourceUnit--TYPE-inner\"]"}
COMMAND: GET /session/17ac9b2ed7eebf123703e812e0574450/screenshot - {}
RESULT: {"using":"xpath","value":"//input[@id=\"application-manageresources-display-component---newResourceUnit--TYPE-inner\"]"}
COMMAND: POST /session/17ac9b2ed7eebf123703e812e0574450/element/f.025621EB997FE751E0C326B2CEC08C5E.d.148FB75E6B6A2AF6996F81C4BE385BBC.e.11401/clear - {}
RESULT: {}
RESULT: {}
COMMAND: POST /session/17ac9b2ed7eebf123703e812e0574450/element/f.025621EB997FE751E0C326B2CEC08C5E.d.148FB75E6B6A2AF6996F81C4BE385BBC.e.11401/value - {"text":"Material"}
COMMAND: GET /session/17ac9b2ed7eebf123703e812e0574450/screenshot - {}
RESULT: {"text":"Material"}
COMMAND: GET /session/17ac9b2ed7eebf123703e812e0574450/screenshot - {}
RESULT: {}
RESULT: {}
COMMAND: POST /session/17ac9b2ed7eebf123703e812e0574450/actions - {"actions":[{"id":"action38","type":"key","parameters":{},"actions":[{"type":"keyDown","value":"î€‡"},{"type":"pause","duration":10},{"type":"keyUp","value":"î€‡"}]}]}
RESULT: {"actions":[{"id":"action38","type":"key","parameters":{},"actions":[{"type":"keyDown","value":"î€‡"},{"type":"pause","duration":10},{"type":"keyUp","value":"î€‡"}]}]}
COMMAND: POST /session/17ac9b2ed7eebf123703e812e0574450/execute/async - {"script":"<script> [1562 bytes]","args":[{"selector":{"id":"application-manageresources-display-component---newResourceUnit--SHORT_TEXT","interaction":{"idSuffix":"inner"}},"wdio_ui5_key":"applicationmanageresources-display-component---newResourceUnit--SHORT_TEXT"}]}
COMMAND: GET /session/17ac9b2ed7eebf123703e812e0574450/screenshot - {}
RESULT: {"script":"<script> [1562 bytes]","args":[{"selector":{"id":"application-manageresources-display-component---newResourceUnit--SHORT_TEXT","interaction":{"idSuffix":"inner"}},"wdio_ui5_key":"applicationmanageresources-display-component---newResourceUnit--SHORT_TEXT"}]}
RESULT: undefined
COMMAND: POST /session/17ac9b2ed7eebf123703e812e0574450/execute/async - {"script":"<script> [776 bytes]","args":[{"enterText":"Cement WDIO","selector":{"id":"application-manageresources-display-component---newResourceUnit--SHORT_TEXT","interaction":{"idSuffix":"inner"}},"clearTextFirst":true,"interactionType":"ENTER_TEXT"}]}
RESULT: {}
RESULT: {"script":"<script> [776 bytes]","args":[{"enterText":"Cement WDIO","selector":{"id":"application-manageresources-display-component---newResourceUnit--SHORT_TEXT","interaction":{"idSuffix":"inner"}},"clearTextFirst":true,"interactionType":"ENTER_TEXT"}]}
COMMAND: POST /session/17ac9b2ed7eebf123703e812e0574450/execute/async - {"script":"<script> [1562 bytes]","args":[{"selector":{"id":"application-manageresources-display-component---newResourceUnit--BASE_UNIT_OF_MEASURE","interaction":{"idSuffix":"inner"}},"wdio_ui5_key":"applicationmanageresources-display-component---newResourceUnit--BASE_UNIT_OF_MEASURE"}]}
RESULT: {"script":"<script> [1562 bytes]","args":[{"selector":{"id":"application-manageresources-display-component---newResourceUnit--BASE_UNIT_OF_MEASURE","interaction":{"idSuffix":"inner"}},"wdio_ui5_key":"applicationmanageresources-display-component---newResourceUnit--BASE_UNIT_OF_MEASURE"}]}
RESULT: undefined
COMMAND: POST /session/17ac9b2ed7eebf123703e812e0574450/execute/async - {"script":"<script> [776 bytes]","args":[{"enterText":"Piece","selector":{"id":"application-manageresources-display-component---newResourceUnit--BASE_UNIT_OF_MEASURE","interaction":{"idSuffix":"inner"}},"clearTextFirst":true,"interactionType":"ENTER_TEXT"}]}
RESULT: {"script":"<script> [776 bytes]","args":[{"enterText":"Piece","selector":{"id":"application-manageresources-display-component---newResourceUnit--BASE_UNIT_OF_MEASURE","interaction":{"idSuffix":"inner"}},"clearTextFirst":true,"interactionType":"ENTER_TEXT"}]}
COMMAND: POST /session/17ac9b2ed7eebf123703e812e0574450/execute/async - {"script":"<script> [1562 bytes]","args":[{"selector":{"id":"application-manageresources-display-component---newResourceUnit--WEIGHT_UNIT","interaction":{"idSuffix":"inner"}},"wdio_ui5_key":"applicationmanageresources-display-component---newResourceUnit--WEIGHT_UNIT"}]}
RESULT: {"script":"<script> [1562 bytes]","args":[{"selector":{"id":"application-manageresources-display-component---newResourceUnit--WEIGHT_UNIT","interaction":{"idSuffix":"inner"}},"wdio_ui5_key":"applicationmanageresources-display-component---newResourceUnit--WEIGHT_UNIT"}]}
RESULT: undefined
COMMAND: POST /session/17ac9b2ed7eebf123703e812e0574450/execute/async - {"script":"<script> [776 bytes]","args":[{"enterText":"Gram","selector":{"id":"application-manageresources-display-component---newResourceUnit--WEIGHT_UNIT","interaction":{"idSuffix":"inner"}},"clearTextFirst":true,"interactionType":"ENTER_TEXT"}]}
RESULT: {"script":"<script> [776 bytes]","args":[{"enterText":"Gram","selector":{"id":"application-manageresources-display-component---newResourceUnit--WEIGHT_UNIT","interaction":{"idSuffix":"inner"}},"clearTextFirst":true,"interactionType":"ENTER_TEXT"}]}
COMMAND: POST /session/17ac9b2ed7eebf123703e812e0574450/execute/async - {"script":"<script> [1562 bytes]","args":[{"selector":{"id":"application-manageresources-display-component---newResourceUnit--DIMENSION_UNIT","interaction":{"idSuffix":"inner"}},"wdio_ui5_key":"applicationmanageresources-display-component---newResourceUnit--DIMENSION_UNIT"}]}
RESULT: {"script":"<script> [1562 bytes]","args":[{"selector":{"id":"application-manageresources-display-component---newResourceUnit--DIMENSION_UNIT","interaction":{"idSuffix":"inner"}},"wdio_ui5_key":"applicationmanageresources-display-component---newResourceUnit--DIMENSION_UNIT"}]}
RESULT: undefined
COMMAND: POST /session/17ac9b2ed7eebf123703e812e0574450/execute/async - {"script":"<script> [776 bytes]","args":[{"enterText":"Meter","selector":{"id":"application-manageresources-display-component---newResourceUnit--DIMENSION_UNIT","interaction":{"idSuffix":"inner"}},"clearTextFirst":true,"interactionType":"ENTER_TEXT"}]}
RESULT: {"script":"<script> [776 bytes]","args":[{"enterText":"Meter","selector":{"id":"application-manageresources-display-component---newResourceUnit--DIMENSION_UNIT","interaction":{"idSuffix":"inner"}},"clearTextFirst":true,"interactionType":"ENTER_TEXT"}]}
COMMAND: POST /session/17ac9b2ed7eebf123703e812e0574450/execute/async - {"script":"<script> [1562 bytes]","args":[{"selector":{"id":"application-manageresources-display-component---newResourceUnit--newRRUPage-anchBar-application-manageresources-display-component---newResourceUnit--control-anchor","interaction":{"idSuffix":"BDI-content"}},"wdio_ui5_key":"applicationmanageresources-display-component---newResourceUnit--newRRUPage-anchBar-application-manageresources-display-component---newResourceUnit--control-anchor"}]}
RESULT: {"script":"<script> [1562 bytes]","args":[{"selector":{"id":"application-manageresources-display-component---newResourceUnit--newRRUPage-anchBar-application-manageresources-display-component---newResourceUnit--control-anchor","interaction":{"idSuffix":"BDI-content"}},"wdio_ui5_key":"applicationmanageresources-display-component---newResourceUnit--newRRUPage-anchBar-application-manageresources-display-component---newResourceUnit--control-anchor"}]}
RESULT: undefined
COMMAND: POST /session/17ac9b2ed7eebf123703e812e0574450/element - {"using":"xpath","value":"//*[@id=\"application-manageresources-display-component---newResourceUnit--newRRUPage-anchBar-application-manageresources-display-component---newResourceUnit--control-anchor\"]"}
RESULT: {"using":"xpath","value":"//*[@id=\"application-manageresources-display-component---newResourceUnit--newRRUPage-anchBar-application-manageresources-display-component---newResourceUnit--control-anchor\"]"}
COMMAND: POST /session/17ac9b2ed7eebf123703e812e0574450/element/f.025621EB997FE751E0C326B2CEC08C5E.d.148FB75E6B6A2AF6996F81C4BE385BBC.e.11647/click - {}
RESULT: {}
COMMAND: POST /session/17ac9b2ed7eebf123703e812e0574450/execute/async - {"script":"<script> [1562 bytes]","args":[{"selector":{"id":"application-manageresources-display-component---newResourceUnit--PLANNING_GROUP","interaction":{"idSuffix":"inner"}},"wdio_ui5_key":"applicationmanageresources-display-component---newResourceUnit--PLANNING_GROUP"}]}
COMMAND: GET /session/17ac9b2ed7eebf123703e812e0574450/screenshot - {}
RESULT: {"script":"<script> [1562 bytes]","args":[{"selector":{"id":"application-manageresources-display-component---newResourceUnit--PLANNING_GROUP","interaction":{"idSuffix":"inner"}},"wdio_ui5_key":"applicationmanageresources-display-component---newResourceUnit--PLANNING_GROUP"}]}
RESULT: undefined
COMMAND: POST /session/17ac9b2ed7eebf123703e812e0574450/execute/async - {"script":"<script> [776 bytes]","args":[{"enterText":"Material","selector":{"id":"application-manageresources-display-component---newResourceUnit--PLANNING_GROUP","interaction":{"idSuffix":"inner"}},"clearTextFirst":true,"interactionType":"ENTER_TEXT"}]}
RESULT: {}
RESULT: {"script":"<script> [776 bytes]","args":[{"enterText":"Material","selector":{"id":"application-manageresources-display-component---newResourceUnit--PLANNING_GROUP","interaction":{"idSuffix":"inner"}},"clearTextFirst":true,"interactionType":"ENTER_TEXT"}]}
COMMAND: POST /session/17ac9b2ed7eebf123703e812e0574450/execute/async - {"script":"<script> [1562 bytes]","args":[{"selector":{"id":"application-manageresources-display-component---newResourceUnit--PLANNING_INDICATOR","interaction":{"idSuffix":"inner"}},"wdio_ui5_key":"applicationmanageresources-display-component---newResourceUnit--PLANNING_INDICATOR"}]}
RESULT: {"script":"<script> [1562 bytes]","args":[{"selector":{"id":"application-manageresources-display-component---newResourceUnit--PLANNING_INDICATOR","interaction":{"idSuffix":"inner"}},"wdio_ui5_key":"applicationmanageresources-display-component---newResourceUnit--PLANNING_INDICATOR"}]}
RESULT: undefined
COMMAND: POST /session/17ac9b2ed7eebf123703e812e0574450/execute/async - {"script":"<script> [776 bytes]","args":[{"enterText":"10 - infinite","selector":{"id":"application-manageresources-display-component---newResourceUnit--PLANNING_INDICATOR","interaction":{"idSuffix":"inner"}},"clearTextFirst":true,"interactionType":"ENTER_TEXT"}]}
RESULT: {"script":"<script> [776 bytes]","args":[{"enterText":"10 - infinite","selector":{"id":"application-manageresources-display-component---newResourceUnit--PLANNING_INDICATOR","interaction":{"idSuffix":"inner"}},"clearTextFirst":true,"interactionType":"ENTER_TEXT"}]}
COMMAND: POST /session/17ac9b2ed7eebf123703e812e0574450/element - {"using":"css selector","value":"#application-manageresources-display-component---newResourceUnit--btnAddTimeSegment"}
RESULT: {"using":"css selector","value":"#application-manageresources-display-component---newResourceUnit--btnAddTimeSegment"}
COMMAND: GET /session/17ac9b2ed7eebf123703e812e0574450/element/f.025621EB997FE751E0C326B2CEC08C5E.d.148FB75E6B6A2AF6996F81C4BE385BBC.e.11657/rect - {}
RESULT: {}
COMMAND: GET /session/17ac9b2ed7eebf123703e812e0574450/window/rect - {}
RESULT: {}
COMMAND: POST /session/17ac9b2ed7eebf123703e812e0574450/execute/sync - {"script":"<script> [92 bytes]","args":[]}
RESULT: {"script":"<script> [92 bytes]","args":[]}
COMMAND: POST /session/17ac9b2ed7eebf123703e812e0574450/actions - {"actions":[{"id":"action39","type":"wheel","parameters":{},"actions":[{"type":"scroll","x":-1888,"y":-32,"deltaX":0,"deltaY":0,"duration":0,"origin":{"element-6066-11e4-a52e-4f735466cecf":"f.025621EB997FE751E0C326B2CEC08C5E.d.148FB75E6B6A2AF6996F81C4BE385BBC.e.11657"}}]}]}
COMMAND: GET /session/17ac9b2ed7eebf123703e812e0574450/screenshot - {}
RESULT: {}
COMMAND: POST /session/17ac9b2ed7eebf123703e812e0574450/execute/sync - {"script":"<script> [79 bytes]","args":[{"element-6066-11e4-a52e-4f735466cecf":"f.025621EB997FE751E0C326B2CEC08C5E.d.148FB75E6B6A2AF6996F81C4BE385BBC.e.11657","ELEMENT":"f.025621EB997FE751E0C326B2CEC08C5E.d.148FB75E6B6A2AF6996F81C4BE385BBC.e.11657"},{"block":"start","inline":"nearest"}]}
RESULT: {"script":"<script> [79 bytes]","args":[{"element-6066-11e4-a52e-4f735466cecf":"f.025621EB997FE751E0C326B2CEC08C5E.d.148FB75E6B6A2AF6996F81C4BE385BBC.e.11657","ELEMENT":"f.025621EB997FE751E0C326B2CEC08C5E.d.148FB75E6B6A2AF6996F81C4BE385BBC.e.11657"},{"block":"start","inline":"nearest"}]}
COMMAND: POST /session/17ac9b2ed7eebf123703e812e0574450/execute/async - {"script":"<script> [1562 bytes]","args":[{"selector":{"id":"application-manageresources-display-component---newResourceUnit--btnAddTimeSegment","interaction":{"idSuffix":"inner"}},"wdio_ui5_key":"applicationmanageresources-display-component---newResourceUnit--btnAddTimeSegment"}]}
COMMAND: GET /session/17ac9b2ed7eebf123703e812e0574450/screenshot - {}
RESULT: {"script":"<script> [1562 bytes]","args":[{"selector":{"id":"application-manageresources-display-component---newResourceUnit--btnAddTimeSegment","interaction":{"idSuffix":"inner"}},"wdio_ui5_key":"applicationmanageresources-display-component---newResourceUnit--btnAddTimeSegment"}]}
RESULT: undefined
COMMAND: POST /session/17ac9b2ed7eebf123703e812e0574450/element - {"using":"xpath","value":"//*[@id=\"application-manageresources-display-component---newResourceUnit--btnAddTimeSegment\"]"}
RESULT: {}
RESULT: {"using":"xpath","value":"//*[@id=\"application-manageresources-display-component---newResourceUnit--btnAddTimeSegment\"]"}
COMMAND: POST /session/17ac9b2ed7eebf123703e812e0574450/element/f.025621EB997FE751E0C326B2CEC08C5E.d.148FB75E6B6A2AF6996F81C4BE385BBC.e.11657/click - {}
RESULT: {}
COMMAND: GET /session/17ac9b2ed7eebf123703e812e0574450/screenshot - {}
RESULT: {}
COMMAND: POST /session/17ac9b2ed7eebf123703e812e0574450/element - {"using":"xpath","value":"//input[@id=\"application-manageresources-display-component---newResourceUnit--idRuTSAdmin-application-manageresources-display-component---newResourceUnit--RUTimeSegment-0-inner\"]"}
RESULT: {"using":"xpath","value":"//input[@id=\"application-manageresources-display-component---newResourceUnit--idRuTSAdmin-application-manageresources-display-component---newResourceUnit--RUTimeSegment-0-inner\"]"}
COMMAND: POST /session/17ac9b2ed7eebf123703e812e0574450/element/f.025621EB997FE751E0C326B2CEC08C5E.d.148FB75E6B6A2AF6996F81C4BE385BBC.e.11662/clear - {}
RESULT: {}
COMMAND: POST /session/17ac9b2ed7eebf123703e812e0574450/element/f.025621EB997FE751E0C326B2CEC08C5E.d.148FB75E6B6A2AF6996F81C4BE385BBC.e.11662/value - {"text":"590"}
COMMAND: GET /session/17ac9b2ed7eebf123703e812e0574450/screenshot - {}
RESULT: {"text":"590"}
COMMAND: GET /session/17ac9b2ed7eebf123703e812e0574450/screenshot - {}
RESULT: {}
RESULT: {}
COMMAND: POST /session/17ac9b2ed7eebf123703e812e0574450/element - {"using":"xpath","value":"//li[.//span[text()='590']]"}
RESULT: {"using":"xpath","value":"//li[.//span[text()='590']]"}
COMMAND: POST /session/17ac9b2ed7eebf123703e812e0574450/element/f.025621EB997FE751E0C326B2CEC08C5E.d.148FB75E6B6A2AF6996F81C4BE385BBC.e.11673/click - {}
RESULT: {}
COMMAND: GET /session/17ac9b2ed7eebf123703e812e0574450/screenshot - {}
RESULT: {}
COMMAND: POST /session/17ac9b2ed7eebf123703e812e0574450/element - {"using":"xpath","value":"(//span[contains(@id, \"-application-manageresources-display-component---newResourceUnit--RUTimeSegment-0-arrow\")])[2]"}
RESULT: {"using":"xpath","value":"(//span[contains(@id, \"-application-manageresources-display-component---newResourceUnit--RUTimeSegment-0-arrow\")])[2]"}
COMMAND: POST /session/17ac9b2ed7eebf123703e812e0574450/element/f.025621EB997FE751E0C326B2CEC08C5E.d.148FB75E6B6A2AF6996F81C4BE385BBC.e.11674/click - {}
RESULT: {}
COMMAND: POST /session/17ac9b2ed7eebf123703e812e0574450/element - {"using":"xpath","value":"//span[contains(text(), \"PM Order\")]"}
COMMAND: GET /session/17ac9b2ed7eebf123703e812e0574450/screenshot - {}
RESULT: {"using":"xpath","value":"//span[contains(text(), \"PM Order\")]"}
COMMAND: POST /session/17ac9b2ed7eebf123703e812e0574450/element/f.025621EB997FE751E0C326B2CEC08C5E.d.148FB75E6B6A2AF6996F81C4BE385BBC.e.11675/click - {}
RESULT: {}
RESULT: {}
COMMAND: GET /session/17ac9b2ed7eebf123703e812e0574450/screenshot - {}
RESULT: {}
COMMAND: POST /session/17ac9b2ed7eebf123703e812e0574450/element - {"using":"xpath","value":"//td/div/div/div/span[contains(@id, \"newResourceUnit--RUTimeSegment-0-vhi\")][1]"}
RESULT: {"using":"xpath","value":"//td/div/div/div/span[contains(@id, \"newResourceUnit--RUTimeSegment-0-vhi\")][1]"}
COMMAND: GET /session/17ac9b2ed7eebf123703e812e0574450/element/f.025621EB997FE751E0C326B2CEC08C5E.d.148FB75E6B6A2AF6996F81C4BE385BBC.e.11679/rect - {}
RESULT: {}
COMMAND: GET /session/17ac9b2ed7eebf123703e812e0574450/window/rect - {}
RESULT: {}
COMMAND: POST /session/17ac9b2ed7eebf123703e812e0574450/execute/sync - {"script":"<script> [92 bytes]","args":[]}
RESULT: {"script":"<script> [92 bytes]","args":[]}
COMMAND: POST /session/17ac9b2ed7eebf123703e812e0574450/actions - {"actions":[{"id":"action40","type":"wheel","parameters":{},"actions":[{"type":"scroll","x":-1888,"y":-24,"deltaX":0,"deltaY":0,"duration":0,"origin":{"element-6066-11e4-a52e-4f735466cecf":"f.025621EB997FE751E0C326B2CEC08C5E.d.148FB75E6B6A2AF6996F81C4BE385BBC.e.11679"}}]}]}
COMMAND: GET /session/17ac9b2ed7eebf123703e812e0574450/screenshot - {}
RESULT: {}
COMMAND: POST /session/17ac9b2ed7eebf123703e812e0574450/execute/sync - {"script":"<script> [79 bytes]","args":[{"element-6066-11e4-a52e-4f735466cecf":"f.025621EB997FE751E0C326B2CEC08C5E.d.148FB75E6B6A2AF6996F81C4BE385BBC.e.11679","ELEMENT":"f.025621EB997FE751E0C326B2CEC08C5E.d.148FB75E6B6A2AF6996F81C4BE385BBC.e.11679"},{"block":"start","inline":"nearest"}]}
RESULT: {"script":"<script> [79 bytes]","args":[{"element-6066-11e4-a52e-4f735466cecf":"f.025621EB997FE751E0C326B2CEC08C5E.d.148FB75E6B6A2AF6996F81C4BE385BBC.e.11679","ELEMENT":"f.025621EB997FE751E0C326B2CEC08C5E.d.148FB75E6B6A2AF6996F81C4BE385BBC.e.11679"},{"block":"start","inline":"nearest"}]}
COMMAND: GET /session/17ac9b2ed7eebf123703e812e0574450/screenshot - {}
RESULT: {}
COMMAND: POST /session/17ac9b2ed7eebf123703e812e0574450/element/f.025621EB997FE751E0C326B2CEC08C5E.d.148FB75E6B6A2AF6996F81C4BE385BBC.e.11679/click - {}
RESULT: {}
COMMAND: GET /session/17ac9b2ed7eebf123703e812e0574450/screenshot - {}
RESULT: {}
COMMAND: POST /session/17ac9b2ed7eebf123703e812e0574450/execute/async - {"script":"<script> [1562 bytes]","args":[{"selector":{"controlType":"sap.m.SearchField","properties":{"placeholder":"Search"},"searchOpenDialogs":true,"interaction":{"idSuffix":"I"}},"wdio_ui5_key":"sapm.SearchField{\"placeholder\":\"Search\"}"}]}
RESULT: {"script":"<script> [1562 bytes]","args":[{"selector":{"controlType":"sap.m.SearchField","properties":{"placeholder":"Search"},"searchOpenDialogs":true,"interaction":{"idSuffix":"I"}},"wdio_ui5_key":"sapm.SearchField{\"placeholder\":\"Search\"}"}]}
RESULT: undefined
COMMAND: POST /session/17ac9b2ed7eebf123703e812e0574450/execute/async - {"script":"<script> [776 bytes]","args":[{"enterText":"4000360","selector":{"controlType":"sap.m.SearchField","properties":{"placeholder":"Search"},"searchOpenDialogs":true,"interaction":{"idSuffix":"I"}},"clearTextFirst":true,"interactionType":"ENTER_TEXT"}]}
RESULT: {"script":"<script> [776 bytes]","args":[{"enterText":"4000360","selector":{"controlType":"sap.m.SearchField","properties":{"placeholder":"Search"},"searchOpenDialogs":true,"interaction":{"idSuffix":"I"}},"clearTextFirst":true,"interactionType":"ENTER_TEXT"}]}
COMMAND: POST /session/17ac9b2ed7eebf123703e812e0574450/actions - {"actions":[{"id":"action41","type":"key","parameters":{},"actions":[{"type":"keyDown","value":"î€‡"},{"type":"pause","duration":10},{"type":"keyUp","value":"î€‡"}]}]}
RESULT: {"actions":[{"id":"action41","type":"key","parameters":{},"actions":[{"type":"keyDown","value":"î€‡"},{"type":"pause","duration":10},{"type":"keyUp","value":"î€‡"}]}]}
COMMAND: GET /session/17ac9b2ed7eebf123703e812e0574450/screenshot - {}
RESULT: {}
COMMAND: POST /session/17ac9b2ed7eebf123703e812e0574450/element - {"using":"xpath","value":"//td/div/span[contains(text(), \"BGL Vehicles\")]"}
RESULT: {"using":"xpath","value":"//td/div/span[contains(text(), \"BGL Vehicles\")]"}
COMMAND: POST /session/17ac9b2ed7eebf123703e812e0574450/element/f.025621EB997FE751E0C326B2CEC08C5E.d.148FB75E6B6A2AF6996F81C4BE385BBC.e.11702/click - {}
RESULT: {}
COMMAND: GET /session/17ac9b2ed7eebf123703e812e0574450/screenshot - {}
RESULT: {}
COMMAND: POST /session/17ac9b2ed7eebf123703e812e0574450/element - {"using":"xpath","value":"//bdi[contains(text(), \"OK\")]"}
RESULT: {"using":"xpath","value":"//bdi[contains(text(), \"OK\")]"}
COMMAND: POST /session/17ac9b2ed7eebf123703e812e0574450/element/f.025621EB997FE751E0C326B2CEC08C5E.d.148FB75E6B6A2AF6996F81C4BE385BBC.e.11703/click - {}
RESULT: {}
COMMAND: GET /session/17ac9b2ed7eebf123703e812e0574450/screenshot - {}
RESULT: {}
COMMAND: POST /session/17ac9b2ed7eebf123703e812e0574450/element - {"using":"xpath","value":"//label[contains(@class, 'sapMLabelRequired') and .//bdi[contains(text(), 'Planned Retirement')]]"}
RESULT: {"using":"xpath","value":"//label[contains(@class, 'sapMLabelRequired') and .//bdi[contains(text(), 'Planned Retirement')]]"}
COMMAND: POST /session/17ac9b2ed7eebf123703e812e0574450/elements - {"using":"xpath","value":"//label[contains(@class, 'sapMLabelRequired') and .//bdi[contains(text(), 'Planned Retirement')]]"}
RESULT: {"using":"xpath","value":"//label[contains(@class, 'sapMLabelRequired') and .//bdi[contains(text(), 'Planned Retirement')]]"}
COMMAND: POST /session/17ac9b2ed7eebf123703e812e0574450/element - {"using":"xpath","value":"//button[@data-kt=\"resourceUnitSaveButton\"]"}
RESULT: {"using":"xpath","value":"//button[@data-kt=\"resourceUnitSaveButton\"]"}
COMMAND: POST /session/17ac9b2ed7eebf123703e812e0574450/element/f.025621EB997FE751E0C326B2CEC08C5E.d.148FB75E6B6A2AF6996F81C4BE385BBC.e.11533/click - {}
RESULT: {}
COMMAND: GET /session/17ac9b2ed7eebf123703e812e0574450/screenshot - {}
RESULT: {}
COMMAND: POST /session/17ac9b2ed7eebf123703e812e0574450/element - {"using":"xpath","value":"//bdi[contains(text(), \"Close\")]"}
RESULT: {"using":"xpath","value":"//bdi[contains(text(), \"Close\")]"}
COMMAND: POST /session/17ac9b2ed7eebf123703e812e0574450/element/f.025621EB997FE751E0C326B2CEC08C5E.d.148FB75E6B6A2AF6996F81C4BE385BBC.e.11709/click - {}
RESULT: {}
COMMAND: GET /session/17ac9b2ed7eebf123703e812e0574450/screenshot - {}
RESULT: {}
COMMAND: POST /session/17ac9b2ed7eebf123703e812e0574450/element - {"using":"xpath","value":"//header[contains(@id, 'detailRruPage-headerTitle')]/div[1]/div[2]/div[2]/span[1]"}
RESULT: {"using":"xpath","value":"//header[contains(@id, 'detailRruPage-headerTitle')]/div[1]/div[2]/div[2]/span[1]"}
COMMAND: POST /session/17ac9b2ed7eebf123703e812e0574450/elements - {"using":"xpath","value":"//header[contains(@id, 'detailRruPage-headerTitle')]/div[1]/div[2]/div[2]/span[1]"}
RESULT: {"using":"xpath","value":"//header[contains(@id, 'detailRruPage-headerTitle')]/div[1]/div[2]/div[2]/span[1]"}
COMMAND: POST /session/17ac9b2ed7eebf123703e812e0574450/execute/sync - {"script":"<script> [56 bytes]","args":[{"element-6066-11e4-a52e-4f735466cecf":"f.025621EB997FE751E0C326B2CEC08C5E.d.148FB75E6B6A2AF6996F81C4BE385BBC.e.11742","ELEMENT":"f.025621EB997FE751E0C326B2CEC08C5E.d.148FB75E6B6A2AF6996F81C4BE385BBC.e.11742"}]}
RESULT: {"script":"<script> [56 bytes]","args":[{"element-6066-11e4-a52e-4f735466cecf":"f.025621EB997FE751E0C326B2CEC08C5E.d.148FB75E6B6A2AF6996F81C4BE385BBC.e.11742","ELEMENT":"f.025621EB997FE751E0C326B2CEC08C5E.d.148FB75E6B6A2AF6996F81C4BE385BBC.e.11742"}]}
COMMAND: POST /session/17ac9b2ed7eebf123703e812e0574450/element - {"using":"css selector","value":"#shell-header-logo"}
COMMAND: GET /session/17ac9b2ed7eebf123703e812e0574450/screenshot - {}
RESULT: {"using":"css selector","value":"#shell-header-logo"}
COMMAND: POST /session/17ac9b2ed7eebf123703e812e0574450/element/f.025621EB997FE751E0C326B2CEC08C5E.d.148FB75E6B6A2AF6996F81C4BE385BBC.e.11317/click - {}
RESULT: {}
RESULT: {}
COMMAND: GET /session/17ac9b2ed7eebf123703e812e0574450/screenshot - {}
RESULT: {}
]]></system-out>
    </testcase>
    <testcase classname="chrome.136_0_7103_93.windows.Return_from_Site_w/_warehouse_management_w/_clarification_US125588" name="Bin Status Report Should Create New Organization yard" time="0.006" />
    <testcase classname="chrome.136_0_7103_93.windows.Return_from_Site_w/_warehouse_management_w/_clarification_US125588" name="Bin Status Report Should Create New Organization for Site" time="0.004" />
  </testsuite>
  <testsuite timestamp="2025-06-02T17:12:34" time="517.338" tests="7" failures="7" errors="7" skipped="0">
    <properties>
      <property name="specId" value="0" />
      <property name="suiteName" value="Return from Site w/ warehouse management w clarification" />
      <property name="capabilities" value="chrome.136_0_7103_93.windows" />
      <property name="file" value="file:///D:/a/1/s/test/specs/HTR/return-from-site-w-warehouse-management-w-clarification.spec.js" />
    </properties>
  </testsuite>
  <testsuite timestamp="2025-06-02T17:21:12" time="520.655" tests="9" failures="3" errors="3" skipped="0">
    <properties>
      <property name="specId" value="0" />
      <property name="suiteName" value="Create masterdata for Yard Overview - trigger provide US130988" />
      <property name="capabilities" value="chrome.136_0_7103_93.windows" />
      <property name="file" value="file:///D:/a/1/s/test/specs/HTR/stock-decrease.spec.js" />
    </properties>
    <testcase classname="chrome.136_0_7103_93.windows.Create_masterdata_for_Yard_Overview_-_trigger_provide_US130988" name="Should create a new WHM yard" time="0.01">
      <system-out><![CDATA[
COMMAND: POST /session/17ac9b2ed7eebf123703e812e0574450/window/fullscreen - {}
RESULT: {}
]]></system-out>
    </testcase>
    <testcase classname="chrome.136_0_7103_93.windows.Create_masterdata_for_Yard_Overview_-_trigger_provide_US130988" name="Should create a new partner" time="0.005" />
    <testcase classname="chrome.136_0_7103_93.windows.Create_masterdata_for_Yard_Overview_-_trigger_provide_US130988" name="Should create a new site" time="0.004" />
    <testcase classname="chrome.136_0_7103_93.windows.Create_masterdata_for_Yard_Overview_-_trigger_provide_US130988" name="Should create a new material" time="127.614">
      <system-out><![CDATA[
COMMAND: POST /session/17ac9b2ed7eebf123703e812e0574450/execute/async - {"script":"<script> [1562 bytes]","args":[{"selector":{"controlType":"sap.m.GenericTile","properties":{"header":"Manage Resources"}},"wdio_ui5_key":"sapm.GenericTile{\"header\":\"Manage Resources\"}"}]}
RESULT: {"script":"<script> [1562 bytes]","args":[{"selector":{"controlType":"sap.m.GenericTile","properties":{"header":"Manage Resources"}},"wdio_ui5_key":"sapm.GenericTile{\"header\":\"Manage Resources\"}"}]}
RESULT: undefined
COMMAND: POST /session/17ac9b2ed7eebf123703e812e0574450/element - {"using":"xpath","value":"//*[@id=\"__tile31\"]"}
RESULT: {"using":"xpath","value":"//*[@id=\"__tile31\"]"}
COMMAND: POST /session/17ac9b2ed7eebf123703e812e0574450/element/f.025621EB997FE751E0C326B2CEC08C5E.d.B0440F1BF77BA2E70A1699FC986FB309.e.12143/click - {}
RESULT: {}
COMMAND: GET /session/17ac9b2ed7eebf123703e812e0574450/screenshot - {}
RESULT: {}
COMMAND: POST /session/17ac9b2ed7eebf123703e812e0574450/elements - {"using":"xpath","value":"//span[text()='Error']"}
RESULT: {"using":"xpath","value":"//span[text()='Error']"}
COMMAND: POST /session/17ac9b2ed7eebf123703e812e0574450/element - {"using":"xpath","value":"//button[@data-kt=\"addNewRUOverflowToolbarButton\"]"}
RESULT: {"using":"xpath","value":"//button[@data-kt=\"addNewRUOverflowToolbarButton\"]"}
COMMAND: POST /session/17ac9b2ed7eebf123703e812e0574450/elements - {"using":"xpath","value":"//button[@data-kt=\"addNewRUOverflowToolbarButton\"]"}
RESULT: {"using":"xpath","value":"//button[@data-kt=\"addNewRUOverflowToolbarButton\"]"}
COMMAND: POST /session/17ac9b2ed7eebf123703e812e0574450/elements - {"using":"xpath","value":"//button[@data-kt=\"addNewRUOverflowToolbarButton\"]"}
RESULT: {"using":"xpath","value":"//button[@data-kt=\"addNewRUOverflowToolbarButton\"]"}
COMMAND: POST /session/17ac9b2ed7eebf123703e812e0574450/elements - {"using":"xpath","value":"//button[@data-kt=\"addNewRUOverflowToolbarButton\"]"}
RESULT: {"using":"xpath","value":"//button[@data-kt=\"addNewRUOverflowToolbarButton\"]"}
COMMAND: POST /session/17ac9b2ed7eebf123703e812e0574450/elements - {"using":"xpath","value":"//button[@data-kt=\"addNewRUOverflowToolbarButton\"]"}
RESULT: {"using":"xpath","value":"//button[@data-kt=\"addNewRUOverflowToolbarButton\"]"}
COMMAND: POST /session/17ac9b2ed7eebf123703e812e0574450/elements - {"using":"xpath","value":"//button[@data-kt=\"addNewRUOverflowToolbarButton\"]"}
RESULT: {"using":"xpath","value":"//button[@data-kt=\"addNewRUOverflowToolbarButton\"]"}
COMMAND: POST /session/17ac9b2ed7eebf123703e812e0574450/elements - {"using":"xpath","value":"//button[@data-kt=\"addNewRUOverflowToolbarButton\"]"}
RESULT: {"using":"xpath","value":"//button[@data-kt=\"addNewRUOverflowToolbarButton\"]"}
COMMAND: POST /session/17ac9b2ed7eebf123703e812e0574450/element - {"using":"xpath","value":"//button[@data-kt=\"addNewRUOverflowToolbarButton\"]"}
RESULT: {"using":"xpath","value":"//button[@data-kt=\"addNewRUOverflowToolbarButton\"]"}
COMMAND: POST /session/17ac9b2ed7eebf123703e812e0574450/execute/sync - {"script":"<script> [8489 bytes]","args":[{"element-6066-11e4-a52e-4f735466cecf":"f.025621EB997FE751E0C326B2CEC08C5E.d.B0440F1BF77BA2E70A1699FC986FB309.e.12272","ELEMENT":"f.025621EB997FE751E0C326B2CEC08C5E.d.B0440F1BF77BA2E70A1699FC986FB309.e.12272"}]}
RESULT: {"script":"<script> [8489 bytes]","args":[{"element-6066-11e4-a52e-4f735466cecf":"f.025621EB997FE751E0C326B2CEC08C5E.d.B0440F1BF77BA2E70A1699FC986FB309.e.12272","ELEMENT":"f.025621EB997FE751E0C326B2CEC08C5E.d.B0440F1BF77BA2E70A1699FC986FB309.e.12272"}]}
COMMAND: GET /session/17ac9b2ed7eebf123703e812e0574450/element/f.025621EB997FE751E0C326B2CEC08C5E.d.B0440F1BF77BA2E70A1699FC986FB309.e.12272/enabled - {}
COMMAND: GET /session/17ac9b2ed7eebf123703e812e0574450/screenshot - {}
RESULT: {}
COMMAND: POST /session/17ac9b2ed7eebf123703e812e0574450/execute/sync - {"script":"<script> [8489 bytes]","args":[{"element-6066-11e4-a52e-4f735466cecf":"f.025621EB997FE751E0C326B2CEC08C5E.d.B0440F1BF77BA2E70A1699FC986FB309.e.12272","ELEMENT":"f.025621EB997FE751E0C326B2CEC08C5E.d.B0440F1BF77BA2E70A1699FC986FB309.e.12272"}]}
COMMAND: GET /session/17ac9b2ed7eebf123703e812e0574450/screenshot - {}
RESULT: {}
RESULT: {"script":"<script> [8489 bytes]","args":[{"element-6066-11e4-a52e-4f735466cecf":"f.025621EB997FE751E0C326B2CEC08C5E.d.B0440F1BF77BA2E70A1699FC986FB309.e.12272","ELEMENT":"f.025621EB997FE751E0C326B2CEC08C5E.d.B0440F1BF77BA2E70A1699FC986FB309.e.12272"}]}
COMMAND: POST /session/17ac9b2ed7eebf123703e812e0574450/execute/sync - {"script":"<script> [5351 bytes]","args":[{"element-6066-11e4-a52e-4f735466cecf":"f.025621EB997FE751E0C326B2CEC08C5E.d.B0440F1BF77BA2E70A1699FC986FB309.e.12272","ELEMENT":"f.025621EB997FE751E0C326B2CEC08C5E.d.B0440F1BF77BA2E70A1699FC986FB309.e.12272"}]}
COMMAND: GET /session/17ac9b2ed7eebf123703e812e0574450/screenshot - {}
RESULT: {}
RESULT: {"script":"<script> [5351 bytes]","args":[{"element-6066-11e4-a52e-4f735466cecf":"f.025621EB997FE751E0C326B2CEC08C5E.d.B0440F1BF77BA2E70A1699FC986FB309.e.12272","ELEMENT":"f.025621EB997FE751E0C326B2CEC08C5E.d.B0440F1BF77BA2E70A1699FC986FB309.e.12272"}]}
COMMAND: POST /session/17ac9b2ed7eebf123703e812e0574450/element/f.025621EB997FE751E0C326B2CEC08C5E.d.B0440F1BF77BA2E70A1699FC986FB309.e.12272/click - {}
COMMAND: GET /session/17ac9b2ed7eebf123703e812e0574450/screenshot - {}
RESULT: {}
RESULT: {}
COMMAND: GET /session/17ac9b2ed7eebf123703e812e0574450/screenshot - {}
RESULT: {}
COMMAND: POST /session/17ac9b2ed7eebf123703e812e0574450/execute/async - {"script":"<script> [1562 bytes]","args":[{"selector":{"id":"application-manageresources-display-component---newResourceUnit--TYPE-arrow"},"wdio_ui5_key":"applicationmanageresources-display-component---newResourceUnit--TYPE-arrow"}]}
RESULT: {}
RESULT: {"script":"<script> [1562 bytes]","args":[{"selector":{"id":"application-manageresources-display-component---newResourceUnit--TYPE-arrow"},"wdio_ui5_key":"applicationmanageresources-display-component---newResourceUnit--TYPE-arrow"}]}
RESULT: undefined
COMMAND: POST /session/17ac9b2ed7eebf123703e812e0574450/element - {"using":"xpath","value":"//*[@id=\"application-manageresources-display-component---newResourceUnit--TYPE-arrow\"]"}
RESULT: {"using":"xpath","value":"//*[@id=\"application-manageresources-display-component---newResourceUnit--TYPE-arrow\"]"}
COMMAND: POST /session/17ac9b2ed7eebf123703e812e0574450/element/f.025621EB997FE751E0C326B2CEC08C5E.d.B0440F1BF77BA2E70A1699FC986FB309.e.12639/click - {}
RESULT: {}
COMMAND: POST /session/17ac9b2ed7eebf123703e812e0574450/element - {"using":"xpath","value":"//input[@id=\"application-manageresources-display-component---newResourceUnit--TYPE-inner\"]"}
COMMAND: GET /session/17ac9b2ed7eebf123703e812e0574450/screenshot - {}
RESULT: {"using":"xpath","value":"//input[@id=\"application-manageresources-display-component---newResourceUnit--TYPE-inner\"]"}
COMMAND: POST /session/17ac9b2ed7eebf123703e812e0574450/element/f.025621EB997FE751E0C326B2CEC08C5E.d.B0440F1BF77BA2E70A1699FC986FB309.e.12628/clear - {}
RESULT: {}
RESULT: {}
COMMAND: POST /session/17ac9b2ed7eebf123703e812e0574450/element/f.025621EB997FE751E0C326B2CEC08C5E.d.B0440F1BF77BA2E70A1699FC986FB309.e.12628/value - {"text":"Material"}
COMMAND: GET /session/17ac9b2ed7eebf123703e812e0574450/screenshot - {}
RESULT: {"text":"Material"}
COMMAND: GET /session/17ac9b2ed7eebf123703e812e0574450/screenshot - {}
RESULT: {}
RESULT: {}
COMMAND: POST /session/17ac9b2ed7eebf123703e812e0574450/actions - {"actions":[{"id":"action43","type":"key","parameters":{},"actions":[{"type":"keyDown","value":"î€‡"},{"type":"pause","duration":10},{"type":"keyUp","value":"î€‡"}]}]}
RESULT: {"actions":[{"id":"action43","type":"key","parameters":{},"actions":[{"type":"keyDown","value":"î€‡"},{"type":"pause","duration":10},{"type":"keyUp","value":"î€‡"}]}]}
COMMAND: POST /session/17ac9b2ed7eebf123703e812e0574450/execute/async - {"script":"<script> [1562 bytes]","args":[{"selector":{"id":"application-manageresources-display-component---newResourceUnit--SHORT_TEXT","interaction":{"idSuffix":"inner"}},"wdio_ui5_key":"applicationmanageresources-display-component---newResourceUnit--SHORT_TEXT"}]}
COMMAND: GET /session/17ac9b2ed7eebf123703e812e0574450/screenshot - {}
RESULT: {"script":"<script> [1562 bytes]","args":[{"selector":{"id":"application-manageresources-display-component---newResourceUnit--SHORT_TEXT","interaction":{"idSuffix":"inner"}},"wdio_ui5_key":"applicationmanageresources-display-component---newResourceUnit--SHORT_TEXT"}]}
RESULT: undefined
COMMAND: POST /session/17ac9b2ed7eebf123703e812e0574450/execute/async - {"script":"<script> [776 bytes]","args":[{"enterText":"Cement WDIO","selector":{"id":"application-manageresources-display-component---newResourceUnit--SHORT_TEXT","interaction":{"idSuffix":"inner"}},"clearTextFirst":true,"interactionType":"ENTER_TEXT"}]}
RESULT: {}
RESULT: {"script":"<script> [776 bytes]","args":[{"enterText":"Cement WDIO","selector":{"id":"application-manageresources-display-component---newResourceUnit--SHORT_TEXT","interaction":{"idSuffix":"inner"}},"clearTextFirst":true,"interactionType":"ENTER_TEXT"}]}
COMMAND: POST /session/17ac9b2ed7eebf123703e812e0574450/execute/async - {"script":"<script> [1562 bytes]","args":[{"selector":{"id":"application-manageresources-display-component---newResourceUnit--BASE_UNIT_OF_MEASURE","interaction":{"idSuffix":"inner"}},"wdio_ui5_key":"applicationmanageresources-display-component---newResourceUnit--BASE_UNIT_OF_MEASURE"}]}
RESULT: {"script":"<script> [1562 bytes]","args":[{"selector":{"id":"application-manageresources-display-component---newResourceUnit--BASE_UNIT_OF_MEASURE","interaction":{"idSuffix":"inner"}},"wdio_ui5_key":"applicationmanageresources-display-component---newResourceUnit--BASE_UNIT_OF_MEASURE"}]}
RESULT: undefined
COMMAND: POST /session/17ac9b2ed7eebf123703e812e0574450/execute/async - {"script":"<script> [776 bytes]","args":[{"enterText":"Piece","selector":{"id":"application-manageresources-display-component---newResourceUnit--BASE_UNIT_OF_MEASURE","interaction":{"idSuffix":"inner"}},"clearTextFirst":true,"interactionType":"ENTER_TEXT"}]}
RESULT: {"script":"<script> [776 bytes]","args":[{"enterText":"Piece","selector":{"id":"application-manageresources-display-component---newResourceUnit--BASE_UNIT_OF_MEASURE","interaction":{"idSuffix":"inner"}},"clearTextFirst":true,"interactionType":"ENTER_TEXT"}]}
COMMAND: POST /session/17ac9b2ed7eebf123703e812e0574450/execute/async - {"script":"<script> [1562 bytes]","args":[{"selector":{"id":"application-manageresources-display-component---newResourceUnit--WEIGHT_UNIT","interaction":{"idSuffix":"inner"}},"wdio_ui5_key":"applicationmanageresources-display-component---newResourceUnit--WEIGHT_UNIT"}]}
RESULT: {"script":"<script> [1562 bytes]","args":[{"selector":{"id":"application-manageresources-display-component---newResourceUnit--WEIGHT_UNIT","interaction":{"idSuffix":"inner"}},"wdio_ui5_key":"applicationmanageresources-display-component---newResourceUnit--WEIGHT_UNIT"}]}
RESULT: undefined
COMMAND: POST /session/17ac9b2ed7eebf123703e812e0574450/execute/async - {"script":"<script> [776 bytes]","args":[{"enterText":"Gram","selector":{"id":"application-manageresources-display-component---newResourceUnit--WEIGHT_UNIT","interaction":{"idSuffix":"inner"}},"clearTextFirst":true,"interactionType":"ENTER_TEXT"}]}
RESULT: {"script":"<script> [776 bytes]","args":[{"enterText":"Gram","selector":{"id":"application-manageresources-display-component---newResourceUnit--WEIGHT_UNIT","interaction":{"idSuffix":"inner"}},"clearTextFirst":true,"interactionType":"ENTER_TEXT"}]}
COMMAND: POST /session/17ac9b2ed7eebf123703e812e0574450/execute/async - {"script":"<script> [1562 bytes]","args":[{"selector":{"id":"application-manageresources-display-component---newResourceUnit--DIMENSION_UNIT","interaction":{"idSuffix":"inner"}},"wdio_ui5_key":"applicationmanageresources-display-component---newResourceUnit--DIMENSION_UNIT"}]}
RESULT: {"script":"<script> [1562 bytes]","args":[{"selector":{"id":"application-manageresources-display-component---newResourceUnit--DIMENSION_UNIT","interaction":{"idSuffix":"inner"}},"wdio_ui5_key":"applicationmanageresources-display-component---newResourceUnit--DIMENSION_UNIT"}]}
RESULT: undefined
COMMAND: POST /session/17ac9b2ed7eebf123703e812e0574450/execute/async - {"script":"<script> [776 bytes]","args":[{"enterText":"Meter","selector":{"id":"application-manageresources-display-component---newResourceUnit--DIMENSION_UNIT","interaction":{"idSuffix":"inner"}},"clearTextFirst":true,"interactionType":"ENTER_TEXT"}]}
RESULT: {"script":"<script> [776 bytes]","args":[{"enterText":"Meter","selector":{"id":"application-manageresources-display-component---newResourceUnit--DIMENSION_UNIT","interaction":{"idSuffix":"inner"}},"clearTextFirst":true,"interactionType":"ENTER_TEXT"}]}
COMMAND: POST /session/17ac9b2ed7eebf123703e812e0574450/execute/async - {"script":"<script> [1562 bytes]","args":[{"selector":{"id":"application-manageresources-display-component---newResourceUnit--newRRUPage-anchBar-application-manageresources-display-component---newResourceUnit--control-anchor","interaction":{"idSuffix":"BDI-content"}},"wdio_ui5_key":"applicationmanageresources-display-component---newResourceUnit--newRRUPage-anchBar-application-manageresources-display-component---newResourceUnit--control-anchor"}]}
RESULT: {"script":"<script> [1562 bytes]","args":[{"selector":{"id":"application-manageresources-display-component---newResourceUnit--newRRUPage-anchBar-application-manageresources-display-component---newResourceUnit--control-anchor","interaction":{"idSuffix":"BDI-content"}},"wdio_ui5_key":"applicationmanageresources-display-component---newResourceUnit--newRRUPage-anchBar-application-manageresources-display-component---newResourceUnit--control-anchor"}]}
RESULT: undefined
COMMAND: POST /session/17ac9b2ed7eebf123703e812e0574450/element - {"using":"xpath","value":"//*[@id=\"application-manageresources-display-component---newResourceUnit--newRRUPage-anchBar-application-manageresources-display-component---newResourceUnit--control-anchor\"]"}
RESULT: {"using":"xpath","value":"//*[@id=\"application-manageresources-display-component---newResourceUnit--newRRUPage-anchBar-application-manageresources-display-component---newResourceUnit--control-anchor\"]"}
COMMAND: POST /session/17ac9b2ed7eebf123703e812e0574450/element/f.025621EB997FE751E0C326B2CEC08C5E.d.B0440F1BF77BA2E70A1699FC986FB309.e.12770/click - {}
RESULT: {}
COMMAND: POST /session/17ac9b2ed7eebf123703e812e0574450/execute/async - {"script":"<script> [1562 bytes]","args":[{"selector":{"id":"application-manageresources-display-component---newResourceUnit--PLANNING_GROUP","interaction":{"idSuffix":"inner"}},"wdio_ui5_key":"applicationmanageresources-display-component---newResourceUnit--PLANNING_GROUP"}]}
COMMAND: GET /session/17ac9b2ed7eebf123703e812e0574450/screenshot - {}
RESULT: {"script":"<script> [1562 bytes]","args":[{"selector":{"id":"application-manageresources-display-component---newResourceUnit--PLANNING_GROUP","interaction":{"idSuffix":"inner"}},"wdio_ui5_key":"applicationmanageresources-display-component---newResourceUnit--PLANNING_GROUP"}]}
RESULT: undefined
COMMAND: POST /session/17ac9b2ed7eebf123703e812e0574450/execute/async - {"script":"<script> [776 bytes]","args":[{"enterText":"Material","selector":{"id":"application-manageresources-display-component---newResourceUnit--PLANNING_GROUP","interaction":{"idSuffix":"inner"}},"clearTextFirst":true,"interactionType":"ENTER_TEXT"}]}
RESULT: {}
RESULT: {"script":"<script> [776 bytes]","args":[{"enterText":"Material","selector":{"id":"application-manageresources-display-component---newResourceUnit--PLANNING_GROUP","interaction":{"idSuffix":"inner"}},"clearTextFirst":true,"interactionType":"ENTER_TEXT"}]}
COMMAND: POST /session/17ac9b2ed7eebf123703e812e0574450/execute/async - {"script":"<script> [1562 bytes]","args":[{"selector":{"id":"application-manageresources-display-component---newResourceUnit--PLANNING_INDICATOR","interaction":{"idSuffix":"inner"}},"wdio_ui5_key":"applicationmanageresources-display-component---newResourceUnit--PLANNING_INDICATOR"}]}
RESULT: {"script":"<script> [1562 bytes]","args":[{"selector":{"id":"application-manageresources-display-component---newResourceUnit--PLANNING_INDICATOR","interaction":{"idSuffix":"inner"}},"wdio_ui5_key":"applicationmanageresources-display-component---newResourceUnit--PLANNING_INDICATOR"}]}
RESULT: undefined
COMMAND: POST /session/17ac9b2ed7eebf123703e812e0574450/execute/async - {"script":"<script> [776 bytes]","args":[{"enterText":"10 - infinite","selector":{"id":"application-manageresources-display-component---newResourceUnit--PLANNING_INDICATOR","interaction":{"idSuffix":"inner"}},"clearTextFirst":true,"interactionType":"ENTER_TEXT"}]}
RESULT: {"script":"<script> [776 bytes]","args":[{"enterText":"10 - infinite","selector":{"id":"application-manageresources-display-component---newResourceUnit--PLANNING_INDICATOR","interaction":{"idSuffix":"inner"}},"clearTextFirst":true,"interactionType":"ENTER_TEXT"}]}
COMMAND: POST /session/17ac9b2ed7eebf123703e812e0574450/element - {"using":"css selector","value":"#application-manageresources-display-component---newResourceUnit--btnAddTimeSegment"}
RESULT: {"using":"css selector","value":"#application-manageresources-display-component---newResourceUnit--btnAddTimeSegment"}
COMMAND: GET /session/17ac9b2ed7eebf123703e812e0574450/element/f.025621EB997FE751E0C326B2CEC08C5E.d.B0440F1BF77BA2E70A1699FC986FB309.e.12780/rect - {}
RESULT: {}
COMMAND: GET /session/17ac9b2ed7eebf123703e812e0574450/window/rect - {}
RESULT: {}
COMMAND: POST /session/17ac9b2ed7eebf123703e812e0574450/execute/sync - {"script":"<script> [92 bytes]","args":[]}
RESULT: {"script":"<script> [92 bytes]","args":[]}
COMMAND: POST /session/17ac9b2ed7eebf123703e812e0574450/actions - {"actions":[{"id":"action44","type":"wheel","parameters":{},"actions":[{"type":"scroll","x":-1888,"y":-32,"deltaX":0,"deltaY":0,"duration":0,"origin":{"element-6066-11e4-a52e-4f735466cecf":"f.025621EB997FE751E0C326B2CEC08C5E.d.B0440F1BF77BA2E70A1699FC986FB309.e.12780"}}]}]}
COMMAND: GET /session/17ac9b2ed7eebf123703e812e0574450/screenshot - {}
RESULT: {}
COMMAND: POST /session/17ac9b2ed7eebf123703e812e0574450/execute/sync - {"script":"<script> [79 bytes]","args":[{"element-6066-11e4-a52e-4f735466cecf":"f.025621EB997FE751E0C326B2CEC08C5E.d.B0440F1BF77BA2E70A1699FC986FB309.e.12780","ELEMENT":"f.025621EB997FE751E0C326B2CEC08C5E.d.B0440F1BF77BA2E70A1699FC986FB309.e.12780"},{"block":"start","inline":"nearest"}]}
RESULT: {"script":"<script> [79 bytes]","args":[{"element-6066-11e4-a52e-4f735466cecf":"f.025621EB997FE751E0C326B2CEC08C5E.d.B0440F1BF77BA2E70A1699FC986FB309.e.12780","ELEMENT":"f.025621EB997FE751E0C326B2CEC08C5E.d.B0440F1BF77BA2E70A1699FC986FB309.e.12780"},{"block":"start","inline":"nearest"}]}
COMMAND: POST /session/17ac9b2ed7eebf123703e812e0574450/execute/async - {"script":"<script> [1562 bytes]","args":[{"selector":{"id":"application-manageresources-display-component---newResourceUnit--btnAddTimeSegment","interaction":{"idSuffix":"inner"}},"wdio_ui5_key":"applicationmanageresources-display-component---newResourceUnit--btnAddTimeSegment"}]}
COMMAND: GET /session/17ac9b2ed7eebf123703e812e0574450/screenshot - {}
RESULT: {"script":"<script> [1562 bytes]","args":[{"selector":{"id":"application-manageresources-display-component---newResourceUnit--btnAddTimeSegment","interaction":{"idSuffix":"inner"}},"wdio_ui5_key":"applicationmanageresources-display-component---newResourceUnit--btnAddTimeSegment"}]}
RESULT: undefined
COMMAND: POST /session/17ac9b2ed7eebf123703e812e0574450/element - {"using":"xpath","value":"//*[@id=\"application-manageresources-display-component---newResourceUnit--btnAddTimeSegment\"]"}
RESULT: {}
RESULT: {"using":"xpath","value":"//*[@id=\"application-manageresources-display-component---newResourceUnit--btnAddTimeSegment\"]"}
COMMAND: POST /session/17ac9b2ed7eebf123703e812e0574450/element/f.025621EB997FE751E0C326B2CEC08C5E.d.B0440F1BF77BA2E70A1699FC986FB309.e.12780/click - {}
RESULT: {}
COMMAND: GET /session/17ac9b2ed7eebf123703e812e0574450/screenshot - {}
RESULT: {}
COMMAND: POST /session/17ac9b2ed7eebf123703e812e0574450/element - {"using":"xpath","value":"//input[@id=\"application-manageresources-display-component---newResourceUnit--idRuTSAdmin-application-manageresources-display-component---newResourceUnit--RUTimeSegment-0-inner\"]"}
RESULT: {"using":"xpath","value":"//input[@id=\"application-manageresources-display-component---newResourceUnit--idRuTSAdmin-application-manageresources-display-component---newResourceUnit--RUTimeSegment-0-inner\"]"}
COMMAND: POST /session/17ac9b2ed7eebf123703e812e0574450/element/f.025621EB997FE751E0C326B2CEC08C5E.d.B0440F1BF77BA2E70A1699FC986FB309.e.12785/clear - {}
RESULT: {}
COMMAND: POST /session/17ac9b2ed7eebf123703e812e0574450/element/f.025621EB997FE751E0C326B2CEC08C5E.d.B0440F1BF77BA2E70A1699FC986FB309.e.12785/value - {"text":"590"}
COMMAND: GET /session/17ac9b2ed7eebf123703e812e0574450/screenshot - {}
RESULT: {"text":"590"}
COMMAND: GET /session/17ac9b2ed7eebf123703e812e0574450/screenshot - {}
RESULT: {}
RESULT: {}
COMMAND: POST /session/17ac9b2ed7eebf123703e812e0574450/element - {"using":"xpath","value":"//li[.//span[text()='590']]"}
RESULT: {"using":"xpath","value":"//li[.//span[text()='590']]"}
COMMAND: POST /session/17ac9b2ed7eebf123703e812e0574450/element/f.025621EB997FE751E0C326B2CEC08C5E.d.B0440F1BF77BA2E70A1699FC986FB309.e.12795/click - {}
RESULT: {}
COMMAND: GET /session/17ac9b2ed7eebf123703e812e0574450/screenshot - {}
RESULT: {}
COMMAND: POST /session/17ac9b2ed7eebf123703e812e0574450/element - {"using":"xpath","value":"(//span[contains(@id, \"-application-manageresources-display-component---newResourceUnit--RUTimeSegment-0-arrow\")])[2]"}
RESULT: {"using":"xpath","value":"(//span[contains(@id, \"-application-manageresources-display-component---newResourceUnit--RUTimeSegment-0-arrow\")])[2]"}
COMMAND: POST /session/17ac9b2ed7eebf123703e812e0574450/element/f.025621EB997FE751E0C326B2CEC08C5E.d.B0440F1BF77BA2E70A1699FC986FB309.e.12796/click - {}
RESULT: {}
COMMAND: POST /session/17ac9b2ed7eebf123703e812e0574450/element - {"using":"xpath","value":"//span[contains(text(), \"PM Order\")]"}
COMMAND: GET /session/17ac9b2ed7eebf123703e812e0574450/screenshot - {}
RESULT: {"using":"xpath","value":"//span[contains(text(), \"PM Order\")]"}
COMMAND: POST /session/17ac9b2ed7eebf123703e812e0574450/element/f.025621EB997FE751E0C326B2CEC08C5E.d.B0440F1BF77BA2E70A1699FC986FB309.e.12797/click - {}
RESULT: {}
RESULT: {}
COMMAND: GET /session/17ac9b2ed7eebf123703e812e0574450/screenshot - {}
RESULT: {}
COMMAND: POST /session/17ac9b2ed7eebf123703e812e0574450/element - {"using":"xpath","value":"//td/div/div/div/span[contains(@id, \"newResourceUnit--RUTimeSegment-0-vhi\")][1]"}
RESULT: {"using":"xpath","value":"//td/div/div/div/span[contains(@id, \"newResourceUnit--RUTimeSegment-0-vhi\")][1]"}
COMMAND: GET /session/17ac9b2ed7eebf123703e812e0574450/element/f.025621EB997FE751E0C326B2CEC08C5E.d.B0440F1BF77BA2E70A1699FC986FB309.e.12801/rect - {}
RESULT: {}
COMMAND: GET /session/17ac9b2ed7eebf123703e812e0574450/window/rect - {}
RESULT: {}
COMMAND: POST /session/17ac9b2ed7eebf123703e812e0574450/execute/sync - {"script":"<script> [92 bytes]","args":[]}
RESULT: {"script":"<script> [92 bytes]","args":[]}
COMMAND: POST /session/17ac9b2ed7eebf123703e812e0574450/actions - {"actions":[{"id":"action45","type":"wheel","parameters":{},"actions":[{"type":"scroll","x":-1888,"y":-24,"deltaX":0,"deltaY":0,"duration":0,"origin":{"element-6066-11e4-a52e-4f735466cecf":"f.025621EB997FE751E0C326B2CEC08C5E.d.B0440F1BF77BA2E70A1699FC986FB309.e.12801"}}]}]}
COMMAND: GET /session/17ac9b2ed7eebf123703e812e0574450/screenshot - {}
RESULT: {}
COMMAND: POST /session/17ac9b2ed7eebf123703e812e0574450/execute/sync - {"script":"<script> [79 bytes]","args":[{"element-6066-11e4-a52e-4f735466cecf":"f.025621EB997FE751E0C326B2CEC08C5E.d.B0440F1BF77BA2E70A1699FC986FB309.e.12801","ELEMENT":"f.025621EB997FE751E0C326B2CEC08C5E.d.B0440F1BF77BA2E70A1699FC986FB309.e.12801"},{"block":"start","inline":"nearest"}]}
RESULT: {"script":"<script> [79 bytes]","args":[{"element-6066-11e4-a52e-4f735466cecf":"f.025621EB997FE751E0C326B2CEC08C5E.d.B0440F1BF77BA2E70A1699FC986FB309.e.12801","ELEMENT":"f.025621EB997FE751E0C326B2CEC08C5E.d.B0440F1BF77BA2E70A1699FC986FB309.e.12801"},{"block":"start","inline":"nearest"}]}
COMMAND: GET /session/17ac9b2ed7eebf123703e812e0574450/screenshot - {}
RESULT: {}
COMMAND: POST /session/17ac9b2ed7eebf123703e812e0574450/element/f.025621EB997FE751E0C326B2CEC08C5E.d.B0440F1BF77BA2E70A1699FC986FB309.e.12801/click - {}
RESULT: {}
COMMAND: GET /session/17ac9b2ed7eebf123703e812e0574450/screenshot - {}
RESULT: {}
COMMAND: POST /session/17ac9b2ed7eebf123703e812e0574450/execute/async - {"script":"<script> [1562 bytes]","args":[{"selector":{"controlType":"sap.m.SearchField","properties":{"placeholder":"Search"},"searchOpenDialogs":true,"interaction":{"idSuffix":"I"}},"wdio_ui5_key":"sapm.SearchField{\"placeholder\":\"Search\"}"}]}
RESULT: {"script":"<script> [1562 bytes]","args":[{"selector":{"controlType":"sap.m.SearchField","properties":{"placeholder":"Search"},"searchOpenDialogs":true,"interaction":{"idSuffix":"I"}},"wdio_ui5_key":"sapm.SearchField{\"placeholder\":\"Search\"}"}]}
RESULT: undefined
COMMAND: POST /session/17ac9b2ed7eebf123703e812e0574450/execute/async - {"script":"<script> [776 bytes]","args":[{"enterText":"4000360","selector":{"controlType":"sap.m.SearchField","properties":{"placeholder":"Search"},"searchOpenDialogs":true,"interaction":{"idSuffix":"I"}},"clearTextFirst":true,"interactionType":"ENTER_TEXT"}]}
RESULT: {"script":"<script> [776 bytes]","args":[{"enterText":"4000360","selector":{"controlType":"sap.m.SearchField","properties":{"placeholder":"Search"},"searchOpenDialogs":true,"interaction":{"idSuffix":"I"}},"clearTextFirst":true,"interactionType":"ENTER_TEXT"}]}
COMMAND: POST /session/17ac9b2ed7eebf123703e812e0574450/actions - {"actions":[{"id":"action46","type":"key","parameters":{},"actions":[{"type":"keyDown","value":"î€‡"},{"type":"pause","duration":10},{"type":"keyUp","value":"î€‡"}]}]}
RESULT: {"actions":[{"id":"action46","type":"key","parameters":{},"actions":[{"type":"keyDown","value":"î€‡"},{"type":"pause","duration":10},{"type":"keyUp","value":"î€‡"}]}]}
COMMAND: GET /session/17ac9b2ed7eebf123703e812e0574450/screenshot - {}
RESULT: {}
COMMAND: POST /session/17ac9b2ed7eebf123703e812e0574450/element - {"using":"xpath","value":"//td/div/span[contains(text(), \"BGL Vehicles\")]"}
RESULT: {"using":"xpath","value":"//td/div/span[contains(text(), \"BGL Vehicles\")]"}
COMMAND: POST /session/17ac9b2ed7eebf123703e812e0574450/element/f.025621EB997FE751E0C326B2CEC08C5E.d.B0440F1BF77BA2E70A1699FC986FB309.e.12824/click - {}
RESULT: {}
COMMAND: GET /session/17ac9b2ed7eebf123703e812e0574450/screenshot - {}
RESULT: {}
COMMAND: POST /session/17ac9b2ed7eebf123703e812e0574450/element - {"using":"xpath","value":"//bdi[contains(text(), \"OK\")]"}
RESULT: {"using":"xpath","value":"//bdi[contains(text(), \"OK\")]"}
COMMAND: POST /session/17ac9b2ed7eebf123703e812e0574450/element/f.025621EB997FE751E0C326B2CEC08C5E.d.B0440F1BF77BA2E70A1699FC986FB309.e.12825/click - {}
RESULT: {}
COMMAND: GET /session/17ac9b2ed7eebf123703e812e0574450/screenshot - {}
RESULT: {}
COMMAND: POST /session/17ac9b2ed7eebf123703e812e0574450/element - {"using":"xpath","value":"//label[contains(@class, 'sapMLabelRequired') and .//bdi[contains(text(), 'Planned Retirement')]]"}
RESULT: {"using":"xpath","value":"//label[contains(@class, 'sapMLabelRequired') and .//bdi[contains(text(), 'Planned Retirement')]]"}
COMMAND: POST /session/17ac9b2ed7eebf123703e812e0574450/elements - {"using":"xpath","value":"//label[contains(@class, 'sapMLabelRequired') and .//bdi[contains(text(), 'Planned Retirement')]]"}
RESULT: {"using":"xpath","value":"//label[contains(@class, 'sapMLabelRequired') and .//bdi[contains(text(), 'Planned Retirement')]]"}
COMMAND: POST /session/17ac9b2ed7eebf123703e812e0574450/element - {"using":"xpath","value":"//button[@data-kt=\"resourceUnitSaveButton\"]"}
RESULT: {"using":"xpath","value":"//button[@data-kt=\"resourceUnitSaveButton\"]"}
COMMAND: POST /session/17ac9b2ed7eebf123703e812e0574450/element/f.025621EB997FE751E0C326B2CEC08C5E.d.B0440F1BF77BA2E70A1699FC986FB309.e.12656/click - {}
RESULT: {}
COMMAND: GET /session/17ac9b2ed7eebf123703e812e0574450/screenshot - {}
RESULT: {}
COMMAND: POST /session/17ac9b2ed7eebf123703e812e0574450/element - {"using":"xpath","value":"//bdi[contains(text(), \"Close\")]"}
RESULT: {"using":"xpath","value":"//bdi[contains(text(), \"Close\")]"}
COMMAND: POST /session/17ac9b2ed7eebf123703e812e0574450/element/f.025621EB997FE751E0C326B2CEC08C5E.d.B0440F1BF77BA2E70A1699FC986FB309.e.12832/click - {}
RESULT: {}
COMMAND: GET /session/17ac9b2ed7eebf123703e812e0574450/screenshot - {}
RESULT: {}
COMMAND: POST /session/17ac9b2ed7eebf123703e812e0574450/element - {"using":"xpath","value":"//header[contains(@id, 'detailRruPage-headerTitle')]/div[1]/div[2]/div[2]/span[1]"}
RESULT: {"using":"xpath","value":"//header[contains(@id, 'detailRruPage-headerTitle')]/div[1]/div[2]/div[2]/span[1]"}
COMMAND: POST /session/17ac9b2ed7eebf123703e812e0574450/elements - {"using":"xpath","value":"//header[contains(@id, 'detailRruPage-headerTitle')]/div[1]/div[2]/div[2]/span[1]"}
RESULT: {"using":"xpath","value":"//header[contains(@id, 'detailRruPage-headerTitle')]/div[1]/div[2]/div[2]/span[1]"}
COMMAND: POST /session/17ac9b2ed7eebf123703e812e0574450/execute/sync - {"script":"<script> [56 bytes]","args":[{"element-6066-11e4-a52e-4f735466cecf":"f.025621EB997FE751E0C326B2CEC08C5E.d.B0440F1BF77BA2E70A1699FC986FB309.e.12870","ELEMENT":"f.025621EB997FE751E0C326B2CEC08C5E.d.B0440F1BF77BA2E70A1699FC986FB309.e.12870"}]}
RESULT: {"script":"<script> [56 bytes]","args":[{"element-6066-11e4-a52e-4f735466cecf":"f.025621EB997FE751E0C326B2CEC08C5E.d.B0440F1BF77BA2E70A1699FC986FB309.e.12870","ELEMENT":"f.025621EB997FE751E0C326B2CEC08C5E.d.B0440F1BF77BA2E70A1699FC986FB309.e.12870"}]}
COMMAND: POST /session/17ac9b2ed7eebf123703e812e0574450/element - {"using":"css selector","value":"#shell-header-logo"}
COMMAND: GET /session/17ac9b2ed7eebf123703e812e0574450/screenshot - {}
RESULT: {"using":"css selector","value":"#shell-header-logo"}
COMMAND: POST /session/17ac9b2ed7eebf123703e812e0574450/element/f.025621EB997FE751E0C326B2CEC08C5E.d.B0440F1BF77BA2E70A1699FC986FB309.e.12127/click - {}
RESULT: {}
RESULT: {}
COMMAND: GET /session/17ac9b2ed7eebf123703e812e0574450/screenshot - {}
RESULT: {}
]]></system-out>
    </testcase>
    <testcase classname="chrome.136_0_7103_93.windows.Create_masterdata_for_Yard_Overview_-_trigger_provide_US130988" name="Bin Status Report Should Create New Organization yard" time="0.005" />
    <testcase classname="chrome.136_0_7103_93.windows.Create_masterdata_for_Yard_Overview_-_trigger_provide_US130988" name="Create a Warehouse Movement for created yard" time="47.935">
      <system-out><![CDATA[
COMMAND: POST /session/17ac9b2ed7eebf123703e812e0574450/execute/async - {"script":"<script> [1562 bytes]","args":[{"selector":{"controlType":"sap.m.GenericTile","properties":{"header":"Manage Warehouse Movements"}},"wdio_ui5_key":"sapm.GenericTile{\"header\":\"Manage Warehouse Movements\"}"}]}
RESULT: {"script":"<script> [1562 bytes]","args":[{"selector":{"controlType":"sap.m.GenericTile","properties":{"header":"Manage Warehouse Movements"}},"wdio_ui5_key":"sapm.GenericTile{\"header\":\"Manage Warehouse Movements\"}"}]}
RESULT: undefined
COMMAND: POST /session/17ac9b2ed7eebf123703e812e0574450/element - {"using":"xpath","value":"//*[@id=\"__tile105\"]"}
RESULT: {"using":"xpath","value":"//*[@id=\"__tile105\"]"}
COMMAND: POST /session/17ac9b2ed7eebf123703e812e0574450/element/f.025621EB997FE751E0C326B2CEC08C5E.d.B0440F1BF77BA2E70A1699FC986FB309.e.12874/click - {}
RESULT: {}
COMMAND: POST /session/17ac9b2ed7eebf123703e812e0574450/element - {"using":"xpath","value":"//input[@id='application-warehousemovements-display-component---warehouseMovements--smartFilterBar-filterItemControl_BASIC-YARD-inner']"}
COMMAND: GET /session/17ac9b2ed7eebf123703e812e0574450/screenshot - {}
RESULT: {"using":"xpath","value":"//input[@id='application-warehousemovements-display-component---warehouseMovements--smartFilterBar-filterItemControl_BASIC-YARD-inner']"}
COMMAND: POST /session/17ac9b2ed7eebf123703e812e0574450/elements - {"using":"xpath","value":"//input[@id='application-warehousemovements-display-component---warehouseMovements--smartFilterBar-filterItemControl_BASIC-YARD-inner']"}
RESULT: {}
RESULT: {"using":"xpath","value":"//input[@id='application-warehousemovements-display-component---warehouseMovements--smartFilterBar-filterItemControl_BASIC-YARD-inner']"}
COMMAND: POST /session/17ac9b2ed7eebf123703e812e0574450/elements - {"using":"xpath","value":"//input[@id='application-warehousemovements-display-component---warehouseMovements--smartFilterBar-filterItemControl_BASIC-YARD-inner']"}
RESULT: {"using":"xpath","value":"//input[@id='application-warehousemovements-display-component---warehouseMovements--smartFilterBar-filterItemControl_BASIC-YARD-inner']"}
COMMAND: POST /session/17ac9b2ed7eebf123703e812e0574450/element - {"using":"xpath","value":"//input[@id='application-warehousemovements-display-component---warehouseMovements--smartFilterBar-filterItemControl_BASIC-YARD-inner']"}
RESULT: {"using":"xpath","value":"//input[@id='application-warehousemovements-display-component---warehouseMovements--smartFilterBar-filterItemControl_BASIC-YARD-inner']"}
COMMAND: POST /session/17ac9b2ed7eebf123703e812e0574450/execute/sync - {"script":"<script> [8489 bytes]","args":[{"element-6066-11e4-a52e-4f735466cecf":"f.025621EB997FE751E0C326B2CEC08C5E.d.B0440F1BF77BA2E70A1699FC986FB309.e.12883","ELEMENT":"f.025621EB997FE751E0C326B2CEC08C5E.d.B0440F1BF77BA2E70A1699FC986FB309.e.12883"}]}
RESULT: {"script":"<script> [8489 bytes]","args":[{"element-6066-11e4-a52e-4f735466cecf":"f.025621EB997FE751E0C326B2CEC08C5E.d.B0440F1BF77BA2E70A1699FC986FB309.e.12883","ELEMENT":"f.025621EB997FE751E0C326B2CEC08C5E.d.B0440F1BF77BA2E70A1699FC986FB309.e.12883"}]}
COMMAND: GET /session/17ac9b2ed7eebf123703e812e0574450/element/f.025621EB997FE751E0C326B2CEC08C5E.d.B0440F1BF77BA2E70A1699FC986FB309.e.12883/enabled - {}
COMMAND: GET /session/17ac9b2ed7eebf123703e812e0574450/screenshot - {}
RESULT: {}
COMMAND: POST /session/17ac9b2ed7eebf123703e812e0574450/execute/sync - {"script":"<script> [8489 bytes]","args":[{"element-6066-11e4-a52e-4f735466cecf":"f.025621EB997FE751E0C326B2CEC08C5E.d.B0440F1BF77BA2E70A1699FC986FB309.e.12883","ELEMENT":"f.025621EB997FE751E0C326B2CEC08C5E.d.B0440F1BF77BA2E70A1699FC986FB309.e.12883"}]}
COMMAND: GET /session/17ac9b2ed7eebf123703e812e0574450/screenshot - {}
RESULT: {}
RESULT: {"script":"<script> [8489 bytes]","args":[{"element-6066-11e4-a52e-4f735466cecf":"f.025621EB997FE751E0C326B2CEC08C5E.d.B0440F1BF77BA2E70A1699FC986FB309.e.12883","ELEMENT":"f.025621EB997FE751E0C326B2CEC08C5E.d.B0440F1BF77BA2E70A1699FC986FB309.e.12883"}]}
COMMAND: POST /session/17ac9b2ed7eebf123703e812e0574450/execute/sync - {"script":"<script> [5351 bytes]","args":[{"element-6066-11e4-a52e-4f735466cecf":"f.025621EB997FE751E0C326B2CEC08C5E.d.B0440F1BF77BA2E70A1699FC986FB309.e.12883","ELEMENT":"f.025621EB997FE751E0C326B2CEC08C5E.d.B0440F1BF77BA2E70A1699FC986FB309.e.12883"}]}
COMMAND: GET /session/17ac9b2ed7eebf123703e812e0574450/screenshot - {}
RESULT: {}
RESULT: {"script":"<script> [5351 bytes]","args":[{"element-6066-11e4-a52e-4f735466cecf":"f.025621EB997FE751E0C326B2CEC08C5E.d.B0440F1BF77BA2E70A1699FC986FB309.e.12883","ELEMENT":"f.025621EB997FE751E0C326B2CEC08C5E.d.B0440F1BF77BA2E70A1699FC986FB309.e.12883"}]}
COMMAND: GET /session/17ac9b2ed7eebf123703e812e0574450/screenshot - {}
RESULT: {}
RESULT: {}
COMMAND: POST /session/17ac9b2ed7eebf123703e812e0574450/element/f.025621EB997FE751E0C326B2CEC08C5E.d.B0440F1BF77BA2E70A1699FC986FB309.e.12883/clear - {}
RESULT: {}
COMMAND: POST /session/17ac9b2ed7eebf123703e812e0574450/element/f.025621EB997FE751E0C326B2CEC08C5E.d.B0440F1BF77BA2E70A1699FC986FB309.e.12883/value - {"text":"590"}
COMMAND: GET /session/17ac9b2ed7eebf123703e812e0574450/screenshot - {}
RESULT: {"text":"590"}
COMMAND: POST /session/17ac9b2ed7eebf123703e812e0574450/actions - {"actions":[{"id":"action47","type":"key","parameters":{},"actions":[{"type":"keyDown","value":"î€‡"},{"type":"pause","duration":10},{"type":"keyUp","value":"î€‡"}]}]}
COMMAND: GET /session/17ac9b2ed7eebf123703e812e0574450/screenshot - {}
RESULT: {}
RESULT: {"actions":[{"id":"action47","type":"key","parameters":{},"actions":[{"type":"keyDown","value":"î€‡"},{"type":"pause","duration":10},{"type":"keyUp","value":"î€‡"}]}]}
COMMAND: GET /session/17ac9b2ed7eebf123703e812e0574450/screenshot - {}
RESULT: {}
RESULT: {}
COMMAND: POST /session/17ac9b2ed7eebf123703e812e0574450/element - {"using":"xpath","value":"//button[contains(@data-kt, \"MasterMovementAddOverflowToolbarButton\")]"}
RESULT: {"using":"xpath","value":"//button[contains(@data-kt, \"MasterMovementAddOverflowToolbarButton\")]"}
COMMAND: POST /session/17ac9b2ed7eebf123703e812e0574450/element/f.025621EB997FE751E0C326B2CEC08C5E.d.B0440F1BF77BA2E70A1699FC986FB309.e.12919/click - {}
RESULT: {}
COMMAND: GET /session/17ac9b2ed7eebf123703e812e0574450/screenshot - {}
RESULT: {}
COMMAND: POST /session/17ac9b2ed7eebf123703e812e0574450/element - {"using":"xpath","value":"//*[@id=\"application-warehousemovements-display-component---addMovement--sectionsList-arrow\"]"}
RESULT: {"using":"xpath","value":"//*[@id=\"application-warehousemovements-display-component---addMovement--sectionsList-arrow\"]"}
COMMAND: POST /session/17ac9b2ed7eebf123703e812e0574450/element/f.025621EB997FE751E0C326B2CEC08C5E.d.B0440F1BF77BA2E70A1699FC986FB309.e.13099/click - {}
RESULT: {}
COMMAND: POST /session/17ac9b2ed7eebf123703e812e0574450/actions - {"actions":[{"id":"action48","type":"key","parameters":{},"actions":[{"type":"keyDown","value":"î€•"},{"type":"pause","duration":10},{"type":"keyUp","value":"î€•"}]}]}
COMMAND: GET /session/17ac9b2ed7eebf123703e812e0574450/screenshot - {}
RESULT: {"actions":[{"id":"action48","type":"key","parameters":{},"actions":[{"type":"keyDown","value":"î€•"},{"type":"pause","duration":10},{"type":"keyUp","value":"î€•"}]}]}
COMMAND: GET /session/17ac9b2ed7eebf123703e812e0574450/screenshot - {}
RESULT: {}
RESULT: {}
COMMAND: POST /session/17ac9b2ed7eebf123703e812e0574450/actions - {"actions":[{"id":"action49","type":"key","parameters":{},"actions":[{"type":"keyDown","value":"î€‡"},{"type":"pause","duration":10},{"type":"keyUp","value":"î€‡"}]}]}
RESULT: {"actions":[{"id":"action49","type":"key","parameters":{},"actions":[{"type":"keyDown","value":"î€‡"},{"type":"pause","duration":10},{"type":"keyUp","value":"î€‡"}]}]}
COMMAND: GET /session/17ac9b2ed7eebf123703e812e0574450/screenshot - {}
RESULT: {}
COMMAND: POST /session/17ac9b2ed7eebf123703e812e0574450/element - {"using":"xpath","value":"//*[@id=\"application-warehousemovements-display-component---addMovement--saveMovementBtn-BDI-content\" and text()=\"Save\"]"}
RESULT: {"using":"xpath","value":"//*[@id=\"application-warehousemovements-display-component---addMovement--saveMovementBtn-BDI-content\" and text()=\"Save\"]"}
COMMAND: POST /session/17ac9b2ed7eebf123703e812e0574450/element/f.025621EB997FE751E0C326B2CEC08C5E.d.B0440F1BF77BA2E70A1699FC986FB309.e.13100/click - {}
RESULT: {}
COMMAND: GET /session/17ac9b2ed7eebf123703e812e0574450/screenshot - {}
RESULT: {}
COMMAND: POST /session/17ac9b2ed7eebf123703e812e0574450/element - {"using":"css selector","value":"#shell-header-logo"}
RESULT: {"using":"css selector","value":"#shell-header-logo"}
COMMAND: POST /session/17ac9b2ed7eebf123703e812e0574450/element/f.025621EB997FE751E0C326B2CEC08C5E.d.B0440F1BF77BA2E70A1699FC986FB309.e.12878/click - {}
RESULT: {}
COMMAND: GET /session/17ac9b2ed7eebf123703e812e0574450/screenshot - {}
RESULT: {}
]]></system-out>
    </testcase>
  </testsuite>
  <testsuite timestamp="2025-06-02T17:29:52" time="668.108" tests="7" failures="3" errors="3" skipped="0">
    <properties>
      <property name="specId" value="0" />
      <property name="suiteName" value="Transfer Yard to Yard US131076" />
      <property name="capabilities" value="chrome.136_0_7103_93.windows" />
      <property name="file" value="file:///D:/a/1/s/test/specs/HTR/transfer-yard-to-yard.spec.js" />
    </properties>
    <testcase classname="chrome.136_0_7103_93.windows.Transfer_Yard_to_Yard_US131076" name="Should create a new yard" time="0.025">
      <system-out><![CDATA[
COMMAND: POST /session/17ac9b2ed7eebf123703e812e0574450/window/fullscreen - {}
RESULT: {}
]]></system-out>
    </testcase>
    <testcase classname="chrome.136_0_7103_93.windows.Transfer_Yard_to_Yard_US131076" name="Should create a new 2nd yard" time="125.509">
      <system-out><![CDATA[
COMMAND: POST /session/17ac9b2ed7eebf123703e812e0574450/window/fullscreen - {}
RESULT: {}
COMMAND: POST /session/17ac9b2ed7eebf123703e812e0574450/execute/async - {"script":"<script> [1562 bytes]","args":[{"selector":{"controlType":"sap.m.GenericTile","properties":{"header":"Manage Yards"}},"wdio_ui5_key":"sapm.GenericTile{\"header\":\"Manage Yards\"}"}]}
RESULT: {"script":"<script> [1562 bytes]","args":[{"selector":{"controlType":"sap.m.GenericTile","properties":{"header":"Manage Yards"}},"wdio_ui5_key":"sapm.GenericTile{\"header\":\"Manage Yards\"}"}]}
RESULT: undefined
COMMAND: POST /session/17ac9b2ed7eebf123703e812e0574450/element - {"using":"xpath","value":"//*[@id=\"__tile33\"]"}
RESULT: {"using":"xpath","value":"//*[@id=\"__tile33\"]"}
COMMAND: POST /session/17ac9b2ed7eebf123703e812e0574450/element/f.025621EB997FE751E0C326B2CEC08C5E.d.C861F3C2A6C0C85840FEA03DCE6534E0.e.13728/click - {}
RESULT: {}
COMMAND: GET /session/17ac9b2ed7eebf123703e812e0574450/screenshot - {}
RESULT: {}
COMMAND: POST /session/17ac9b2ed7eebf123703e812e0574450/elements - {"using":"xpath","value":"//span[text()='Error']"}
RESULT: {"using":"xpath","value":"//span[text()='Error']"}
COMMAND: POST /session/17ac9b2ed7eebf123703e812e0574450/element - {"using":"xpath","value":"//button[@data-kt=\"addNewYardOverflowToolbarButton\"]"}
RESULT: {"using":"xpath","value":"//button[@data-kt=\"addNewYardOverflowToolbarButton\"]"}
COMMAND: POST /session/17ac9b2ed7eebf123703e812e0574450/elements - {"using":"xpath","value":"//button[@data-kt=\"addNewYardOverflowToolbarButton\"]"}
RESULT: {"using":"xpath","value":"//button[@data-kt=\"addNewYardOverflowToolbarButton\"]"}
COMMAND: POST /session/17ac9b2ed7eebf123703e812e0574450/elements - {"using":"xpath","value":"//button[@data-kt=\"addNewYardOverflowToolbarButton\"]"}
RESULT: {"using":"xpath","value":"//button[@data-kt=\"addNewYardOverflowToolbarButton\"]"}
COMMAND: POST /session/17ac9b2ed7eebf123703e812e0574450/elements - {"using":"xpath","value":"//button[@data-kt=\"addNewYardOverflowToolbarButton\"]"}
RESULT: {"using":"xpath","value":"//button[@data-kt=\"addNewYardOverflowToolbarButton\"]"}
COMMAND: POST /session/17ac9b2ed7eebf123703e812e0574450/elements - {"using":"xpath","value":"//button[@data-kt=\"addNewYardOverflowToolbarButton\"]"}
RESULT: {"using":"xpath","value":"//button[@data-kt=\"addNewYardOverflowToolbarButton\"]"}
COMMAND: POST /session/17ac9b2ed7eebf123703e812e0574450/element - {"using":"xpath","value":"//button[@data-kt=\"addNewYardOverflowToolbarButton\"]"}
RESULT: {"using":"xpath","value":"//button[@data-kt=\"addNewYardOverflowToolbarButton\"]"}
COMMAND: POST /session/17ac9b2ed7eebf123703e812e0574450/execute/sync - {"script":"<script> [8489 bytes]","args":[{"element-6066-11e4-a52e-4f735466cecf":"f.025621EB997FE751E0C326B2CEC08C5E.d.C861F3C2A6C0C85840FEA03DCE6534E0.e.13853","ELEMENT":"f.025621EB997FE751E0C326B2CEC08C5E.d.C861F3C2A6C0C85840FEA03DCE6534E0.e.13853"}]}
RESULT: {"script":"<script> [8489 bytes]","args":[{"element-6066-11e4-a52e-4f735466cecf":"f.025621EB997FE751E0C326B2CEC08C5E.d.C861F3C2A6C0C85840FEA03DCE6534E0.e.13853","ELEMENT":"f.025621EB997FE751E0C326B2CEC08C5E.d.C861F3C2A6C0C85840FEA03DCE6534E0.e.13853"}]}
COMMAND: GET /session/17ac9b2ed7eebf123703e812e0574450/element/f.025621EB997FE751E0C326B2CEC08C5E.d.C861F3C2A6C0C85840FEA03DCE6534E0.e.13853/enabled - {}
COMMAND: GET /session/17ac9b2ed7eebf123703e812e0574450/screenshot - {}
RESULT: {}
COMMAND: POST /session/17ac9b2ed7eebf123703e812e0574450/execute/sync - {"script":"<script> [8489 bytes]","args":[{"element-6066-11e4-a52e-4f735466cecf":"f.025621EB997FE751E0C326B2CEC08C5E.d.C861F3C2A6C0C85840FEA03DCE6534E0.e.13853","ELEMENT":"f.025621EB997FE751E0C326B2CEC08C5E.d.C861F3C2A6C0C85840FEA03DCE6534E0.e.13853"}]}
COMMAND: GET /session/17ac9b2ed7eebf123703e812e0574450/screenshot - {}
RESULT: {}
RESULT: {"script":"<script> [8489 bytes]","args":[{"element-6066-11e4-a52e-4f735466cecf":"f.025621EB997FE751E0C326B2CEC08C5E.d.C861F3C2A6C0C85840FEA03DCE6534E0.e.13853","ELEMENT":"f.025621EB997FE751E0C326B2CEC08C5E.d.C861F3C2A6C0C85840FEA03DCE6534E0.e.13853"}]}
COMMAND: POST /session/17ac9b2ed7eebf123703e812e0574450/execute/sync - {"script":"<script> [5351 bytes]","args":[{"element-6066-11e4-a52e-4f735466cecf":"f.025621EB997FE751E0C326B2CEC08C5E.d.C861F3C2A6C0C85840FEA03DCE6534E0.e.13853","ELEMENT":"f.025621EB997FE751E0C326B2CEC08C5E.d.C861F3C2A6C0C85840FEA03DCE6534E0.e.13853"}]}
COMMAND: GET /session/17ac9b2ed7eebf123703e812e0574450/screenshot - {}
RESULT: {}
RESULT: {"script":"<script> [5351 bytes]","args":[{"element-6066-11e4-a52e-4f735466cecf":"f.025621EB997FE751E0C326B2CEC08C5E.d.C861F3C2A6C0C85840FEA03DCE6534E0.e.13853","ELEMENT":"f.025621EB997FE751E0C326B2CEC08C5E.d.C861F3C2A6C0C85840FEA03DCE6534E0.e.13853"}]}
COMMAND: POST /session/17ac9b2ed7eebf123703e812e0574450/element/f.025621EB997FE751E0C326B2CEC08C5E.d.C861F3C2A6C0C85840FEA03DCE6534E0.e.13853/click - {}
COMMAND: GET /session/17ac9b2ed7eebf123703e812e0574450/screenshot - {}
RESULT: {}
RESULT: {}
COMMAND: GET /session/17ac9b2ed7eebf123703e812e0574450/screenshot - {}
RESULT: {}
RESULT: {}
COMMAND: POST /session/17ac9b2ed7eebf123703e812e0574450/element - {"using":"xpath","value":"//input[@id=\"application-manageyards-display-component---NewYard--yardId-inner\"]"}
RESULT: {"using":"xpath","value":"//input[@id=\"application-manageyards-display-component---NewYard--yardId-inner\"]"}
COMMAND: POST /session/17ac9b2ed7eebf123703e812e0574450/element - {"using":"xpath","value":"//input[@id=\"application-manageyards-display-component---NewYard--yardId-inner\"]"}
RESULT: {"using":"xpath","value":"//input[@id=\"application-manageyards-display-component---NewYard--yardId-inner\"]"}
COMMAND: POST /session/17ac9b2ed7eebf123703e812e0574450/execute/async - {"script":"<script> [1562 bytes]","args":[{"selector":{"id":"application-manageyards-display-component---NewYard--addressDetailDetailsName1","interaction":{"idSuffix":"inner"}},"wdio_ui5_key":"applicationmanageyards-display-component---NewYard--addressDetailDetailsName1"}]}
RESULT: {"script":"<script> [1562 bytes]","args":[{"selector":{"id":"application-manageyards-display-component---NewYard--addressDetailDetailsName1","interaction":{"idSuffix":"inner"}},"wdio_ui5_key":"applicationmanageyards-display-component---NewYard--addressDetailDetailsName1"}]}
RESULT: undefined
COMMAND: POST /session/17ac9b2ed7eebf123703e812e0574450/execute/async - {"script":"<script> [776 bytes]","args":[{"enterText":"Intracompany Yard wdIO","selector":{"id":"application-manageyards-display-component---NewYard--addressDetailDetailsName1","interaction":{"idSuffix":"inner"}},"clearTextFirst":true,"interactionType":"ENTER_TEXT"}]}
RESULT: {"script":"<script> [776 bytes]","args":[{"enterText":"Intracompany Yard wdIO","selector":{"id":"application-manageyards-display-component---NewYard--addressDetailDetailsName1","interaction":{"idSuffix":"inner"}},"clearTextFirst":true,"interactionType":"ENTER_TEXT"}]}
COMMAND: POST /session/17ac9b2ed7eebf123703e812e0574450/execute/async - {"script":"<script> [1562 bytes]","args":[{"selector":{"id":"application-manageyards-display-component---NewYard--addressDetailDetailsLanguage-arrow"},"wdio_ui5_key":"applicationmanageyards-display-component---NewYard--addressDetailDetailsLanguage-arrow"}]}
RESULT: {"script":"<script> [1562 bytes]","args":[{"selector":{"id":"application-manageyards-display-component---NewYard--addressDetailDetailsLanguage-arrow"},"wdio_ui5_key":"applicationmanageyards-display-component---NewYard--addressDetailDetailsLanguage-arrow"}]}
RESULT: undefined
COMMAND: POST /session/17ac9b2ed7eebf123703e812e0574450/element - {"using":"xpath","value":"//*[@id=\"application-manageyards-display-component---NewYard--addressDetailDetailsLanguage-arrow\"]"}
RESULT: {"using":"xpath","value":"//*[@id=\"application-manageyards-display-component---NewYard--addressDetailDetailsLanguage-arrow\"]"}
COMMAND: POST /session/17ac9b2ed7eebf123703e812e0574450/element/f.025621EB997FE751E0C326B2CEC08C5E.d.C861F3C2A6C0C85840FEA03DCE6534E0.e.14281/click - {}
RESULT: {}
COMMAND: POST /session/17ac9b2ed7eebf123703e812e0574450/element - {"using":"xpath","value":"//span[contains(text(), \"English\")]"}
COMMAND: GET /session/17ac9b2ed7eebf123703e812e0574450/screenshot - {}
RESULT: {"using":"xpath","value":"//span[contains(text(), \"English\")]"}
COMMAND: POST /session/17ac9b2ed7eebf123703e812e0574450/element/f.025621EB997FE751E0C326B2CEC08C5E.d.C861F3C2A6C0C85840FEA03DCE6534E0.e.14282/click - {}
RESULT: {}
RESULT: {}
COMMAND: POST /session/17ac9b2ed7eebf123703e812e0574450/execute/async - {"script":"<script> [1562 bytes]","args":[{"selector":{"id":"application-manageyards-display-component---NewYard--addressDetailDetailsCity1","interaction":{"idSuffix":"inner"}},"wdio_ui5_key":"applicationmanageyards-display-component---NewYard--addressDetailDetailsCity1"}]}
COMMAND: GET /session/17ac9b2ed7eebf123703e812e0574450/screenshot - {}
RESULT: {"script":"<script> [1562 bytes]","args":[{"selector":{"id":"application-manageyards-display-component---NewYard--addressDetailDetailsCity1","interaction":{"idSuffix":"inner"}},"wdio_ui5_key":"applicationmanageyards-display-component---NewYard--addressDetailDetailsCity1"}]}
RESULT: undefined
COMMAND: POST /session/17ac9b2ed7eebf123703e812e0574450/execute/async - {"script":"<script> [776 bytes]","args":[{"enterText":"Rosario","selector":{"id":"application-manageyards-display-component---NewYard--addressDetailDetailsCity1","interaction":{"idSuffix":"inner"}},"clearTextFirst":true,"interactionType":"ENTER_TEXT"}]}
RESULT: {}
RESULT: {"script":"<script> [776 bytes]","args":[{"enterText":"Rosario","selector":{"id":"application-manageyards-display-component---NewYard--addressDetailDetailsCity1","interaction":{"idSuffix":"inner"}},"clearTextFirst":true,"interactionType":"ENTER_TEXT"}]}
COMMAND: POST /session/17ac9b2ed7eebf123703e812e0574450/execute/async - {"script":"<script> [1562 bytes]","args":[{"selector":{"id":"application-manageyards-display-component---NewYard--addressDetailDetailsCountry-arrow"},"wdio_ui5_key":"applicationmanageyards-display-component---NewYard--addressDetailDetailsCountry-arrow"}]}
RESULT: {"script":"<script> [1562 bytes]","args":[{"selector":{"id":"application-manageyards-display-component---NewYard--addressDetailDetailsCountry-arrow"},"wdio_ui5_key":"applicationmanageyards-display-component---NewYard--addressDetailDetailsCountry-arrow"}]}
RESULT: undefined
COMMAND: POST /session/17ac9b2ed7eebf123703e812e0574450/element - {"using":"xpath","value":"//*[@id=\"application-manageyards-display-component---NewYard--addressDetailDetailsCountry-arrow\"]"}
RESULT: {"using":"xpath","value":"//*[@id=\"application-manageyards-display-component---NewYard--addressDetailDetailsCountry-arrow\"]"}
COMMAND: POST /session/17ac9b2ed7eebf123703e812e0574450/element/f.025621EB997FE751E0C326B2CEC08C5E.d.C861F3C2A6C0C85840FEA03DCE6534E0.e.14284/click - {}
RESULT: {}
COMMAND: POST /session/17ac9b2ed7eebf123703e812e0574450/element - {"using":"xpath","value":"//span[contains(text(), \"Argentina\")]"}
COMMAND: GET /session/17ac9b2ed7eebf123703e812e0574450/screenshot - {}
RESULT: {"using":"xpath","value":"//span[contains(text(), \"Argentina\")]"}
COMMAND: POST /session/17ac9b2ed7eebf123703e812e0574450/element/f.025621EB997FE751E0C326B2CEC08C5E.d.C861F3C2A6C0C85840FEA03DCE6534E0.e.14285/click - {}
RESULT: {}
RESULT: {}
COMMAND: POST /session/17ac9b2ed7eebf123703e812e0574450/execute/async - {"script":"<script> [1562 bytes]","args":[{"selector":{"id":"application-manageyards-display-component---NewYard--addressEditDetailsCostObjectCstType-arrow"},"wdio_ui5_key":"applicationmanageyards-display-component---NewYard--addressEditDetailsCostObjectCstType-arrow"}]}
COMMAND: GET /session/17ac9b2ed7eebf123703e812e0574450/screenshot - {}
RESULT: {"script":"<script> [1562 bytes]","args":[{"selector":{"id":"application-manageyards-display-component---NewYard--addressEditDetailsCostObjectCstType-arrow"},"wdio_ui5_key":"applicationmanageyards-display-component---NewYard--addressEditDetailsCostObjectCstType-arrow"}]}
RESULT: undefined
COMMAND: POST /session/17ac9b2ed7eebf123703e812e0574450/element - {"using":"xpath","value":"//*[@id=\"application-manageyards-display-component---NewYard--addressEditDetailsCostObjectCstType-arrow\"]"}
RESULT: {}
RESULT: {"using":"xpath","value":"//*[@id=\"application-manageyards-display-component---NewYard--addressEditDetailsCostObjectCstType-arrow\"]"}
COMMAND: POST /session/17ac9b2ed7eebf123703e812e0574450/element/f.025621EB997FE751E0C326B2CEC08C5E.d.C861F3C2A6C0C85840FEA03DCE6534E0.e.14287/click - {}
RESULT: {}
COMMAND: POST /session/17ac9b2ed7eebf123703e812e0574450/element - {"using":"xpath","value":"//span[contains(text(), \"Cost Center\")]"}
COMMAND: GET /session/17ac9b2ed7eebf123703e812e0574450/screenshot - {}
RESULT: {"using":"xpath","value":"//span[contains(text(), \"Cost Center\")]"}
COMMAND: POST /session/17ac9b2ed7eebf123703e812e0574450/element/f.025621EB997FE751E0C326B2CEC08C5E.d.C861F3C2A6C0C85840FEA03DCE6534E0.e.14288/click - {}
RESULT: {}
RESULT: {}
COMMAND: GET /session/17ac9b2ed7eebf123703e812e0574450/screenshot - {}
RESULT: {}
COMMAND: POST /session/17ac9b2ed7eebf123703e812e0574450/element - {"using":"xpath","value":"//span[@id=\"application-manageyards-display-component---NewYard--addressNewCostObjectCstID-vhi\"]"}
RESULT: {"using":"xpath","value":"//span[@id=\"application-manageyards-display-component---NewYard--addressNewCostObjectCstID-vhi\"]"}
COMMAND: POST /session/17ac9b2ed7eebf123703e812e0574450/execute/sync - {"script":"<script> [8489 bytes]","args":[{"element-6066-11e4-a52e-4f735466cecf":"f.025621EB997FE751E0C326B2CEC08C5E.d.C861F3C2A6C0C85840FEA03DCE6534E0.e.14292","ELEMENT":"f.025621EB997FE751E0C326B2CEC08C5E.d.C861F3C2A6C0C85840FEA03DCE6534E0.e.14292"}]}
RESULT: {"script":"<script> [8489 bytes]","args":[{"element-6066-11e4-a52e-4f735466cecf":"f.025621EB997FE751E0C326B2CEC08C5E.d.C861F3C2A6C0C85840FEA03DCE6534E0.e.14292","ELEMENT":"f.025621EB997FE751E0C326B2CEC08C5E.d.C861F3C2A6C0C85840FEA03DCE6534E0.e.14292"}]}
COMMAND: POST /session/17ac9b2ed7eebf123703e812e0574450/execute/async - {"script":"<script> [1562 bytes]","args":[{"selector":{"id":"application-manageyards-display-component---NewYard--addressNewCostObjectCstID-vhi"},"wdio_ui5_key":"applicationmanageyards-display-component---NewYard--addressNewCostObjectCstID-vhi"}]}
COMMAND: GET /session/17ac9b2ed7eebf123703e812e0574450/screenshot - {}
RESULT: {"script":"<script> [1562 bytes]","args":[{"selector":{"id":"application-manageyards-display-component---NewYard--addressNewCostObjectCstID-vhi"},"wdio_ui5_key":"applicationmanageyards-display-component---NewYard--addressNewCostObjectCstID-vhi"}]}
RESULT: undefined
COMMAND: POST /session/17ac9b2ed7eebf123703e812e0574450/element - {"using":"xpath","value":"//*[@id=\"application-manageyards-display-component---NewYard--addressNewCostObjectCstID-vhi\"]"}
RESULT: {}
RESULT: {"using":"xpath","value":"//*[@id=\"application-manageyards-display-component---NewYard--addressNewCostObjectCstID-vhi\"]"}
COMMAND: POST /session/17ac9b2ed7eebf123703e812e0574450/element/f.025621EB997FE751E0C326B2CEC08C5E.d.C861F3C2A6C0C85840FEA03DCE6534E0.e.14292/click - {}
RESULT: {}
COMMAND: GET /session/17ac9b2ed7eebf123703e812e0574450/screenshot - {}
RESULT: {}
COMMAND: POST /session/17ac9b2ed7eebf123703e812e0574450/execute/async - {"script":"<script> [1562 bytes]","args":[{"selector":{"controlType":"sap.m.SearchField","properties":{"placeholder":"Search"},"searchOpenDialogs":true,"interaction":{"idSuffix":"I"}},"wdio_ui5_key":"sapm.SearchField{\"placeholder\":\"Search\"}"}]}
RESULT: {"script":"<script> [1562 bytes]","args":[{"selector":{"controlType":"sap.m.SearchField","properties":{"placeholder":"Search"},"searchOpenDialogs":true,"interaction":{"idSuffix":"I"}},"wdio_ui5_key":"sapm.SearchField{\"placeholder\":\"Search\"}"}]}
RESULT: undefined
COMMAND: POST /session/17ac9b2ed7eebf123703e812e0574450/execute/async - {"script":"<script> [776 bytes]","args":[{"enterText":"bauh_b","selector":{"controlType":"sap.m.SearchField","properties":{"placeholder":"Search"},"searchOpenDialogs":true,"interaction":{"idSuffix":"I"}},"clearTextFirst":true,"interactionType":"ENTER_TEXT"}]}
RESULT: {"script":"<script> [776 bytes]","args":[{"enterText":"bauh_b","selector":{"controlType":"sap.m.SearchField","properties":{"placeholder":"Search"},"searchOpenDialogs":true,"interaction":{"idSuffix":"I"}},"clearTextFirst":true,"interactionType":"ENTER_TEXT"}]}
COMMAND: POST /session/17ac9b2ed7eebf123703e812e0574450/actions - {"actions":[{"id":"action51","type":"key","parameters":{},"actions":[{"type":"keyDown","value":"î€‡"},{"type":"pause","duration":10},{"type":"keyUp","value":"î€‡"}]}]}
RESULT: {"actions":[{"id":"action51","type":"key","parameters":{},"actions":[{"type":"keyDown","value":"î€‡"},{"type":"pause","duration":10},{"type":"keyUp","value":"î€‡"}]}]}
COMMAND: GET /session/17ac9b2ed7eebf123703e812e0574450/screenshot - {}
RESULT: {}
COMMAND: POST /session/17ac9b2ed7eebf123703e812e0574450/element - {"using":"xpath","value":"//span[contains(text(), \"Demo Yard\")]"}
RESULT: {"using":"xpath","value":"//span[contains(text(), \"Demo Yard\")]"}
COMMAND: POST /session/17ac9b2ed7eebf123703e812e0574450/element/f.025621EB997FE751E0C326B2CEC08C5E.d.C861F3C2A6C0C85840FEA03DCE6534E0.e.14333/click - {}
RESULT: {}
COMMAND: GET /session/17ac9b2ed7eebf123703e812e0574450/screenshot - {}
RESULT: {}
COMMAND: POST /session/17ac9b2ed7eebf123703e812e0574450/element - {"using":"xpath","value":"//bdi[contains(text(), \"OK\")]"}
RESULT: {"using":"xpath","value":"//bdi[contains(text(), \"OK\")]"}
COMMAND: POST /session/17ac9b2ed7eebf123703e812e0574450/element/f.025621EB997FE751E0C326B2CEC08C5E.d.C861F3C2A6C0C85840FEA03DCE6534E0.e.14334/click - {}
RESULT: {}
COMMAND: GET /session/17ac9b2ed7eebf123703e812e0574450/screenshot - {}
RESULT: {}
COMMAND: POST /session/17ac9b2ed7eebf123703e812e0574450/execute/async - {"script":"<script> [1562 bytes]","args":[{"selector":{"id":"application-manageyards-display-component---NewYard--addressEditDetailsCurrency-arrow"},"wdio_ui5_key":"applicationmanageyards-display-component---NewYard--addressEditDetailsCurrency-arrow"}]}
RESULT: {"script":"<script> [1562 bytes]","args":[{"selector":{"id":"application-manageyards-display-component---NewYard--addressEditDetailsCurrency-arrow"},"wdio_ui5_key":"applicationmanageyards-display-component---NewYard--addressEditDetailsCurrency-arrow"}]}
RESULT: undefined
COMMAND: POST /session/17ac9b2ed7eebf123703e812e0574450/element - {"using":"xpath","value":"//*[@id=\"application-manageyards-display-component---NewYard--addressEditDetailsCurrency-arrow\"]"}
RESULT: {"using":"xpath","value":"//*[@id=\"application-manageyards-display-component---NewYard--addressEditDetailsCurrency-arrow\"]"}
COMMAND: POST /session/17ac9b2ed7eebf123703e812e0574450/element/f.025621EB997FE751E0C326B2CEC08C5E.d.C861F3C2A6C0C85840FEA03DCE6534E0.e.14337/click - {}
RESULT: {}
COMMAND: POST /session/17ac9b2ed7eebf123703e812e0574450/element - {"using":"xpath","value":"//span[contains(text(), \"Euro\")]"}
COMMAND: GET /session/17ac9b2ed7eebf123703e812e0574450/screenshot - {}
RESULT: {"using":"xpath","value":"//span[contains(text(), \"Euro\")]"}
COMMAND: POST /session/17ac9b2ed7eebf123703e812e0574450/element/f.025621EB997FE751E0C326B2CEC08C5E.d.C861F3C2A6C0C85840FEA03DCE6534E0.e.14338/click - {}
RESULT: {}
RESULT: {}
COMMAND: POST /session/17ac9b2ed7eebf123703e812e0574450/execute/async - {"script":"<script> [1562 bytes]","args":[{"selector":{"controlType":"sap.m.Input","viewName":"etm.portal.ui.manageyards.view.New","viewId":"application-manageyards-display-component---NewYard","bindingPath":{"path":"","propertyPath":"/CONTROLLING_AREA","modelName":"NewYardModel"},"interaction":{"idSuffix":"inner"}},"wdio_ui5_key":"etmportal.ui.manageyards.view.Newsap.m.Input{\"path\":\"\",\"propertyPath\":\"/CONTROLLING_AREA\",\"modelName\":\"NewYardModel\"}"}]}
COMMAND: GET /session/17ac9b2ed7eebf123703e812e0574450/screenshot - {}
RESULT: {"script":"<script> [1562 bytes]","args":[{"selector":{"controlType":"sap.m.Input","viewName":"etm.portal.ui.manageyards.view.New","viewId":"application-manageyards-display-component---NewYard","bindingPath":{"path":"","propertyPath":"/CONTROLLING_AREA","modelName":"NewYardModel"},"interaction":{"idSuffix":"inner"}},"wdio_ui5_key":"etmportal.ui.manageyards.view.Newsap.m.Input{\"path\":\"\",\"propertyPath\":\"/CONTROLLING_AREA\",\"modelName\":\"NewYardModel\"}"}]}
RESULT: undefined
COMMAND: POST /session/17ac9b2ed7eebf123703e812e0574450/execute/async - {"script":"<script> [776 bytes]","args":[{"enterText":"Z001","selector":{"controlType":"sap.m.Input","viewName":"etm.portal.ui.manageyards.view.New","viewId":"application-manageyards-display-component---NewYard","bindingPath":{"path":"","propertyPath":"/CONTROLLING_AREA","modelName":"NewYardModel"},"interaction":{"idSuffix":"inner"}},"clearTextFirst":true,"interactionType":"ENTER_TEXT"}]}
RESULT: {}
RESULT: {"script":"<script> [776 bytes]","args":[{"enterText":"Z001","selector":{"controlType":"sap.m.Input","viewName":"etm.portal.ui.manageyards.view.New","viewId":"application-manageyards-display-component---NewYard","bindingPath":{"path":"","propertyPath":"/CONTROLLING_AREA","modelName":"NewYardModel"},"interaction":{"idSuffix":"inner"}},"clearTextFirst":true,"interactionType":"ENTER_TEXT"}]}
COMMAND: POST /session/17ac9b2ed7eebf123703e812e0574450/execute/async - {"script":"<script> [1562 bytes]","args":[{"selector":{"id":"application-manageyards-display-component---NewYard--companyCodeComboBox","interaction":{"idSuffix":"inner"}},"wdio_ui5_key":"applicationmanageyards-display-component---NewYard--companyCodeComboBox"}]}
RESULT: {"script":"<script> [1562 bytes]","args":[{"selector":{"id":"application-manageyards-display-component---NewYard--companyCodeComboBox","interaction":{"idSuffix":"inner"}},"wdio_ui5_key":"applicationmanageyards-display-component---NewYard--companyCodeComboBox"}]}
RESULT: undefined
COMMAND: POST /session/17ac9b2ed7eebf123703e812e0574450/execute/async - {"script":"<script> [776 bytes]","args":[{"enterText":"1000","selector":{"id":"application-manageyards-display-component---NewYard--companyCodeComboBox","interaction":{"idSuffix":"inner"}},"clearTextFirst":true,"interactionType":"ENTER_TEXT"}]}
RESULT: {"script":"<script> [776 bytes]","args":[{"enterText":"1000","selector":{"id":"application-manageyards-display-component---NewYard--companyCodeComboBox","interaction":{"idSuffix":"inner"}},"clearTextFirst":true,"interactionType":"ENTER_TEXT"}]}
COMMAND: POST /session/17ac9b2ed7eebf123703e812e0574450/execute/async - {"script":"<script> [1562 bytes]","args":[{"selector":{"controlType":"sap.m.Input","viewName":"etm.portal.ui.manageyards.view.New","viewId":"application-manageyards-display-component---NewYard","bindingPath":{"path":"","propertyPath":"/PLANT","modelName":"NewYardModel"},"interaction":{"idSuffix":"inner"}},"wdio_ui5_key":"etmportal.ui.manageyards.view.Newsap.m.Input{\"path\":\"\",\"propertyPath\":\"/PLANT\",\"modelName\":\"NewYardModel\"}"}]}
RESULT: {"script":"<script> [1562 bytes]","args":[{"selector":{"controlType":"sap.m.Input","viewName":"etm.portal.ui.manageyards.view.New","viewId":"application-manageyards-display-component---NewYard","bindingPath":{"path":"","propertyPath":"/PLANT","modelName":"NewYardModel"},"interaction":{"idSuffix":"inner"}},"wdio_ui5_key":"etmportal.ui.manageyards.view.Newsap.m.Input{\"path\":\"\",\"propertyPath\":\"/PLANT\",\"modelName\":\"NewYardModel\"}"}]}
RESULT: undefined
COMMAND: POST /session/17ac9b2ed7eebf123703e812e0574450/execute/async - {"script":"<script> [776 bytes]","args":[{"enterText":"1001","selector":{"controlType":"sap.m.Input","viewName":"etm.portal.ui.manageyards.view.New","viewId":"application-manageyards-display-component---NewYard","bindingPath":{"path":"","propertyPath":"/PLANT","modelName":"NewYardModel"},"interaction":{"idSuffix":"inner"}},"clearTextFirst":true,"interactionType":"ENTER_TEXT"}]}
RESULT: {"script":"<script> [776 bytes]","args":[{"enterText":"1001","selector":{"controlType":"sap.m.Input","viewName":"etm.portal.ui.manageyards.view.New","viewId":"application-manageyards-display-component---NewYard","bindingPath":{"path":"","propertyPath":"/PLANT","modelName":"NewYardModel"},"interaction":{"idSuffix":"inner"}},"clearTextFirst":true,"interactionType":"ENTER_TEXT"}]}
COMMAND: POST /session/17ac9b2ed7eebf123703e812e0574450/execute/async - {"script":"<script> [1562 bytes]","args":[{"selector":{"controlType":"sap.m.Input","viewName":"etm.portal.ui.manageyards.view.New","viewId":"application-manageyards-display-component---NewYard","bindingPath":{"path":"","propertyPath":"/SALES_AREA_VKORG","modelName":"NewYardModel"},"interaction":{"idSuffix":"inner"}},"wdio_ui5_key":"etmportal.ui.manageyards.view.Newsap.m.Input{\"path\":\"\",\"propertyPath\":\"/SALES_AREA_VKORG\",\"modelName\":\"NewYardModel\"}"}]}
RESULT: {"script":"<script> [1562 bytes]","args":[{"selector":{"controlType":"sap.m.Input","viewName":"etm.portal.ui.manageyards.view.New","viewId":"application-manageyards-display-component---NewYard","bindingPath":{"path":"","propertyPath":"/SALES_AREA_VKORG","modelName":"NewYardModel"},"interaction":{"idSuffix":"inner"}},"wdio_ui5_key":"etmportal.ui.manageyards.view.Newsap.m.Input{\"path\":\"\",\"propertyPath\":\"/SALES_AREA_VKORG\",\"modelName\":\"NewYardModel\"}"}]}
RESULT: undefined
COMMAND: POST /session/17ac9b2ed7eebf123703e812e0574450/execute/async - {"script":"<script> [776 bytes]","args":[{"enterText":"C002","selector":{"controlType":"sap.m.Input","viewName":"etm.portal.ui.manageyards.view.New","viewId":"application-manageyards-display-component---NewYard","bindingPath":{"path":"","propertyPath":"/SALES_AREA_VKORG","modelName":"NewYardModel"},"interaction":{"idSuffix":"inner"}},"clearTextFirst":true,"interactionType":"ENTER_TEXT"}]}
RESULT: {"script":"<script> [776 bytes]","args":[{"enterText":"C002","selector":{"controlType":"sap.m.Input","viewName":"etm.portal.ui.manageyards.view.New","viewId":"application-manageyards-display-component---NewYard","bindingPath":{"path":"","propertyPath":"/SALES_AREA_VKORG","modelName":"NewYardModel"},"interaction":{"idSuffix":"inner"}},"clearTextFirst":true,"interactionType":"ENTER_TEXT"}]}
COMMAND: POST /session/17ac9b2ed7eebf123703e812e0574450/execute/async - {"script":"<script> [1562 bytes]","args":[{"selector":{"controlType":"sap.m.Input","viewName":"etm.portal.ui.manageyards.view.New","viewId":"application-manageyards-display-component---NewYard","bindingPath":{"path":"","propertyPath":"/SALES_AREA_VTWEG","modelName":"NewYardModel"},"interaction":{"idSuffix":"inner"}},"wdio_ui5_key":"etmportal.ui.manageyards.view.Newsap.m.Input{\"path\":\"\",\"propertyPath\":\"/SALES_AREA_VTWEG\",\"modelName\":\"NewYardModel\"}"}]}
RESULT: {"script":"<script> [1562 bytes]","args":[{"selector":{"controlType":"sap.m.Input","viewName":"etm.portal.ui.manageyards.view.New","viewId":"application-manageyards-display-component---NewYard","bindingPath":{"path":"","propertyPath":"/SALES_AREA_VTWEG","modelName":"NewYardModel"},"interaction":{"idSuffix":"inner"}},"wdio_ui5_key":"etmportal.ui.manageyards.view.Newsap.m.Input{\"path\":\"\",\"propertyPath\":\"/SALES_AREA_VTWEG\",\"modelName\":\"NewYardModel\"}"}]}
RESULT: undefined
COMMAND: POST /session/17ac9b2ed7eebf123703e812e0574450/execute/async - {"script":"<script> [776 bytes]","args":[{"enterText":"C2","selector":{"controlType":"sap.m.Input","viewName":"etm.portal.ui.manageyards.view.New","viewId":"application-manageyards-display-component---NewYard","bindingPath":{"path":"","propertyPath":"/SALES_AREA_VTWEG","modelName":"NewYardModel"},"interaction":{"idSuffix":"inner"}},"clearTextFirst":true,"interactionType":"ENTER_TEXT"}]}
RESULT: {"script":"<script> [776 bytes]","args":[{"enterText":"C2","selector":{"controlType":"sap.m.Input","viewName":"etm.portal.ui.manageyards.view.New","viewId":"application-manageyards-display-component---NewYard","bindingPath":{"path":"","propertyPath":"/SALES_AREA_VTWEG","modelName":"NewYardModel"},"interaction":{"idSuffix":"inner"}},"clearTextFirst":true,"interactionType":"ENTER_TEXT"}]}
COMMAND: POST /session/17ac9b2ed7eebf123703e812e0574450/execute/async - {"script":"<script> [1562 bytes]","args":[{"selector":{"controlType":"sap.m.Input","viewName":"etm.portal.ui.manageyards.view.New","viewId":"application-manageyards-display-component---NewYard","bindingPath":{"path":"","propertyPath":"/SALES_AREA_SPART","modelName":"NewYardModel"},"interaction":{"idSuffix":"inner"}},"wdio_ui5_key":"etmportal.ui.manageyards.view.Newsap.m.Input{\"path\":\"\",\"propertyPath\":\"/SALES_AREA_SPART\",\"modelName\":\"NewYardModel\"}"}]}
RESULT: {"script":"<script> [1562 bytes]","args":[{"selector":{"controlType":"sap.m.Input","viewName":"etm.portal.ui.manageyards.view.New","viewId":"application-manageyards-display-component---NewYard","bindingPath":{"path":"","propertyPath":"/SALES_AREA_SPART","modelName":"NewYardModel"},"interaction":{"idSuffix":"inner"}},"wdio_ui5_key":"etmportal.ui.manageyards.view.Newsap.m.Input{\"path\":\"\",\"propertyPath\":\"/SALES_AREA_SPART\",\"modelName\":\"NewYardModel\"}"}]}
RESULT: undefined
COMMAND: POST /session/17ac9b2ed7eebf123703e812e0574450/execute/async - {"script":"<script> [776 bytes]","args":[{"enterText":"C2","selector":{"controlType":"sap.m.Input","viewName":"etm.portal.ui.manageyards.view.New","viewId":"application-manageyards-display-component---NewYard","bindingPath":{"path":"","propertyPath":"/SALES_AREA_SPART","modelName":"NewYardModel"},"interaction":{"idSuffix":"inner"}},"clearTextFirst":true,"interactionType":"ENTER_TEXT"}]}
RESULT: {"script":"<script> [776 bytes]","args":[{"enterText":"C2","selector":{"controlType":"sap.m.Input","viewName":"etm.portal.ui.manageyards.view.New","viewId":"application-manageyards-display-component---NewYard","bindingPath":{"path":"","propertyPath":"/SALES_AREA_SPART","modelName":"NewYardModel"},"interaction":{"idSuffix":"inner"}},"clearTextFirst":true,"interactionType":"ENTER_TEXT"}]}
COMMAND: POST /session/17ac9b2ed7eebf123703e812e0574450/execute/async - {"script":"<script> [1562 bytes]","args":[{"selector":{"controlType":"sap.m.Input","viewName":"etm.portal.ui.manageyards.view.New","viewId":"application-manageyards-display-component---NewYard","bindingPath":{"path":"","propertyPath":"/SHIP_POINT","modelName":"NewYardModel"},"interaction":{"idSuffix":"inner"}},"wdio_ui5_key":"etmportal.ui.manageyards.view.Newsap.m.Input{\"path\":\"\",\"propertyPath\":\"/SHIP_POINT\",\"modelName\":\"NewYardModel\"}"}]}
RESULT: {"script":"<script> [1562 bytes]","args":[{"selector":{"controlType":"sap.m.Input","viewName":"etm.portal.ui.manageyards.view.New","viewId":"application-manageyards-display-component---NewYard","bindingPath":{"path":"","propertyPath":"/SHIP_POINT","modelName":"NewYardModel"},"interaction":{"idSuffix":"inner"}},"wdio_ui5_key":"etmportal.ui.manageyards.view.Newsap.m.Input{\"path\":\"\",\"propertyPath\":\"/SHIP_POINT\",\"modelName\":\"NewYardModel\"}"}]}
RESULT: undefined
COMMAND: POST /session/17ac9b2ed7eebf123703e812e0574450/execute/async - {"script":"<script> [776 bytes]","args":[{"enterText":"1710","selector":{"controlType":"sap.m.Input","viewName":"etm.portal.ui.manageyards.view.New","viewId":"application-manageyards-display-component---NewYard","bindingPath":{"path":"","propertyPath":"/SHIP_POINT","modelName":"NewYardModel"},"interaction":{"idSuffix":"inner"}},"clearTextFirst":true,"interactionType":"ENTER_TEXT"}]}
RESULT: {"script":"<script> [776 bytes]","args":[{"enterText":"1710","selector":{"controlType":"sap.m.Input","viewName":"etm.portal.ui.manageyards.view.New","viewId":"application-manageyards-display-component---NewYard","bindingPath":{"path":"","propertyPath":"/SHIP_POINT","modelName":"NewYardModel"},"interaction":{"idSuffix":"inner"}},"clearTextFirst":true,"interactionType":"ENTER_TEXT"}]}
COMMAND: POST /session/17ac9b2ed7eebf123703e812e0574450/execute/async - {"script":"<script> [1562 bytes]","args":[{"selector":{"controlType":"sap.m.Input","viewName":"etm.portal.ui.manageyards.view.New","viewId":"application-manageyards-display-component---NewYard","bindingPath":{"path":"","propertyPath":"/DELIVERY_TYPE","modelName":"NewYardModel"},"interaction":{"idSuffix":"inner"}},"wdio_ui5_key":"etmportal.ui.manageyards.view.Newsap.m.Input{\"path\":\"\",\"propertyPath\":\"/DELIVERY_TYPE\",\"modelName\":\"NewYardModel\"}"}]}
RESULT: {"script":"<script> [1562 bytes]","args":[{"selector":{"controlType":"sap.m.Input","viewName":"etm.portal.ui.manageyards.view.New","viewId":"application-manageyards-display-component---NewYard","bindingPath":{"path":"","propertyPath":"/DELIVERY_TYPE","modelName":"NewYardModel"},"interaction":{"idSuffix":"inner"}},"wdio_ui5_key":"etmportal.ui.manageyards.view.Newsap.m.Input{\"path\":\"\",\"propertyPath\":\"/DELIVERY_TYPE\",\"modelName\":\"NewYardModel\"}"}]}
RESULT: undefined
COMMAND: POST /session/17ac9b2ed7eebf123703e812e0574450/execute/async - {"script":"<script> [776 bytes]","args":[{"enterText":"ZL01","selector":{"controlType":"sap.m.Input","viewName":"etm.portal.ui.manageyards.view.New","viewId":"application-manageyards-display-component---NewYard","bindingPath":{"path":"","propertyPath":"/DELIVERY_TYPE","modelName":"NewYardModel"},"interaction":{"idSuffix":"inner"}},"clearTextFirst":true,"interactionType":"ENTER_TEXT"}]}
RESULT: {"script":"<script> [776 bytes]","args":[{"enterText":"ZL01","selector":{"controlType":"sap.m.Input","viewName":"etm.portal.ui.manageyards.view.New","viewId":"application-manageyards-display-component---NewYard","bindingPath":{"path":"","propertyPath":"/DELIVERY_TYPE","modelName":"NewYardModel"},"interaction":{"idSuffix":"inner"}},"clearTextFirst":true,"interactionType":"ENTER_TEXT"}]}
COMMAND: POST /session/17ac9b2ed7eebf123703e812e0574450/execute/async - {"script":"<script> [1562 bytes]","args":[{"selector":{"controlType":"sap.m.Input","viewName":"etm.portal.ui.manageyards.view.New","viewId":"application-manageyards-display-component---NewYard","bindingPath":{"path":"","propertyPath":"/AUART","modelName":"NewYardModel"},"interaction":{"idSuffix":"inner"}},"wdio_ui5_key":"etmportal.ui.manageyards.view.Newsap.m.Input{\"path\":\"\",\"propertyPath\":\"/AUART\",\"modelName\":\"NewYardModel\"}"}]}
RESULT: {"script":"<script> [1562 bytes]","args":[{"selector":{"controlType":"sap.m.Input","viewName":"etm.portal.ui.manageyards.view.New","viewId":"application-manageyards-display-component---NewYard","bindingPath":{"path":"","propertyPath":"/AUART","modelName":"NewYardModel"},"interaction":{"idSuffix":"inner"}},"wdio_ui5_key":"etmportal.ui.manageyards.view.Newsap.m.Input{\"path\":\"\",\"propertyPath\":\"/AUART\",\"modelName\":\"NewYardModel\"}"}]}
RESULT: undefined
COMMAND: POST /session/17ac9b2ed7eebf123703e812e0574450/execute/async - {"script":"<script> [776 bytes]","args":[{"enterText":"TA","selector":{"controlType":"sap.m.Input","viewName":"etm.portal.ui.manageyards.view.New","viewId":"application-manageyards-display-component---NewYard","bindingPath":{"path":"","propertyPath":"/AUART","modelName":"NewYardModel"},"interaction":{"idSuffix":"inner"}},"clearTextFirst":true,"interactionType":"ENTER_TEXT"}]}
RESULT: {"script":"<script> [776 bytes]","args":[{"enterText":"TA","selector":{"controlType":"sap.m.Input","viewName":"etm.portal.ui.manageyards.view.New","viewId":"application-manageyards-display-component---NewYard","bindingPath":{"path":"","propertyPath":"/AUART","modelName":"NewYardModel"},"interaction":{"idSuffix":"inner"}},"clearTextFirst":true,"interactionType":"ENTER_TEXT"}]}
COMMAND: POST /session/17ac9b2ed7eebf123703e812e0574450/element - {"using":"xpath","value":"//button[@data-kt=\"newYardSaveButton\"]"}
RESULT: {"using":"xpath","value":"//button[@data-kt=\"newYardSaveButton\"]"}
COMMAND: POST /session/17ac9b2ed7eebf123703e812e0574450/element/f.025621EB997FE751E0C326B2CEC08C5E.d.C861F3C2A6C0C85840FEA03DCE6534E0.e.14264/click - {}
RESULT: {}
COMMAND: GET /session/17ac9b2ed7eebf123703e812e0574450/screenshot - {}
RESULT: {}
COMMAND: POST /session/17ac9b2ed7eebf123703e812e0574450/element - {"using":"xpath","value":"//header[contains(@id, 'ObjectPageLayout-headerTitle')]/div[1]/div[2]/div[1]/span[1]"}
RESULT: {"using":"xpath","value":"//header[contains(@id, 'ObjectPageLayout-headerTitle')]/div[1]/div[2]/div[1]/span[1]"}
COMMAND: POST /session/17ac9b2ed7eebf123703e812e0574450/elements - {"using":"xpath","value":"//header[contains(@id, 'ObjectPageLayout-headerTitle')]/div[1]/div[2]/div[1]/span[1]"}
RESULT: {"using":"xpath","value":"//header[contains(@id, 'ObjectPageLayout-headerTitle')]/div[1]/div[2]/div[1]/span[1]"}
COMMAND: POST /session/17ac9b2ed7eebf123703e812e0574450/execute/sync - {"script":"<script> [56 bytes]","args":[{"element-6066-11e4-a52e-4f735466cecf":"f.025621EB997FE751E0C326B2CEC08C5E.d.C861F3C2A6C0C85840FEA03DCE6534E0.e.14556","ELEMENT":"f.025621EB997FE751E0C326B2CEC08C5E.d.C861F3C2A6C0C85840FEA03DCE6534E0.e.14556"}]}
RESULT: {"script":"<script> [56 bytes]","args":[{"element-6066-11e4-a52e-4f735466cecf":"f.025621EB997FE751E0C326B2CEC08C5E.d.C861F3C2A6C0C85840FEA03DCE6534E0.e.14556","ELEMENT":"f.025621EB997FE751E0C326B2CEC08C5E.d.C861F3C2A6C0C85840FEA03DCE6534E0.e.14556"}]}
COMMAND: GET /session/17ac9b2ed7eebf123703e812e0574450/screenshot - {}
RESULT: {}
COMMAND: POST /session/17ac9b2ed7eebf123703e812e0574450/element - {"using":"css selector","value":"#shell-header-logo"}
RESULT: {"using":"css selector","value":"#shell-header-logo"}
COMMAND: POST /session/17ac9b2ed7eebf123703e812e0574450/element/f.025621EB997FE751E0C326B2CEC08C5E.d.C861F3C2A6C0C85840FEA03DCE6534E0.e.13706/click - {}
RESULT: {}
COMMAND: GET /session/17ac9b2ed7eebf123703e812e0574450/screenshot - {}
RESULT: {}
COMMAND: POST /session/17ac9b2ed7eebf123703e812e0574450/execute/sync - {"script":"<script> [299 bytes]","args":[["getModel","getResource"]]}
RESULT: {"script":"<script> [299 bytes]","args":[["getModel","getResource"]]}
]]></system-out>
    </testcase>
    <testcase classname="chrome.136_0_7103_93.windows.Transfer_Yard_to_Yard_US131076" name="Should create an equipment" time="150.48">
      <system-out><![CDATA[
COMMAND: GET /session/17ac9b2ed7eebf123703e812e0574450/screenshot - {}
COMMAND: POST /session/17ac9b2ed7eebf123703e812e0574450/execute/async - {"script":"<script> [1562 bytes]","args":[{"selector":{"controlType":"sap.m.GenericTile","properties":{"header":"Manage Resources"}},"wdio_ui5_key":"sapm.GenericTile{\"header\":\"Manage Resources\"}"}]}
RESULT: {}
RESULT: {"script":"<script> [1562 bytes]","args":[{"selector":{"controlType":"sap.m.GenericTile","properties":{"header":"Manage Resources"}},"wdio_ui5_key":"sapm.GenericTile{\"header\":\"Manage Resources\"}"}]}
RESULT: undefined
COMMAND: POST /session/17ac9b2ed7eebf123703e812e0574450/element - {"using":"xpath","value":"//*[@id=\"__tile31\"]"}
RESULT: {"using":"xpath","value":"//*[@id=\"__tile31\"]"}
COMMAND: POST /session/17ac9b2ed7eebf123703e812e0574450/element/f.025621EB997FE751E0C326B2CEC08C5E.d.C861F3C2A6C0C85840FEA03DCE6534E0.e.13723/click - {}
RESULT: {}
COMMAND: GET /session/17ac9b2ed7eebf123703e812e0574450/screenshot - {}
RESULT: {}
COMMAND: POST /session/17ac9b2ed7eebf123703e812e0574450/elements - {"using":"xpath","value":"//span[text()='Error']"}
RESULT: {"using":"xpath","value":"//span[text()='Error']"}
COMMAND: POST /session/17ac9b2ed7eebf123703e812e0574450/element - {"using":"xpath","value":"//button[@data-kt=\"addNewRUOverflowToolbarButton\"]"}
RESULT: {"using":"xpath","value":"//button[@data-kt=\"addNewRUOverflowToolbarButton\"]"}
COMMAND: POST /session/17ac9b2ed7eebf123703e812e0574450/elements - {"using":"xpath","value":"//button[@data-kt=\"addNewRUOverflowToolbarButton\"]"}
RESULT: {"using":"xpath","value":"//button[@data-kt=\"addNewRUOverflowToolbarButton\"]"}
COMMAND: POST /session/17ac9b2ed7eebf123703e812e0574450/elements - {"using":"xpath","value":"//button[@data-kt=\"addNewRUOverflowToolbarButton\"]"}
RESULT: {"using":"xpath","value":"//button[@data-kt=\"addNewRUOverflowToolbarButton\"]"}
COMMAND: POST /session/17ac9b2ed7eebf123703e812e0574450/element - {"using":"xpath","value":"//button[@data-kt=\"addNewRUOverflowToolbarButton\"]"}
RESULT: {"using":"xpath","value":"//button[@data-kt=\"addNewRUOverflowToolbarButton\"]"}
COMMAND: POST /session/17ac9b2ed7eebf123703e812e0574450/execute/sync - {"script":"<script> [8489 bytes]","args":[{"element-6066-11e4-a52e-4f735466cecf":"f.025621EB997FE751E0C326B2CEC08C5E.d.C861F3C2A6C0C85840FEA03DCE6534E0.e.14600","ELEMENT":"f.025621EB997FE751E0C326B2CEC08C5E.d.C861F3C2A6C0C85840FEA03DCE6534E0.e.14600"}]}
RESULT: {"script":"<script> [8489 bytes]","args":[{"element-6066-11e4-a52e-4f735466cecf":"f.025621EB997FE751E0C326B2CEC08C5E.d.C861F3C2A6C0C85840FEA03DCE6534E0.e.14600","ELEMENT":"f.025621EB997FE751E0C326B2CEC08C5E.d.C861F3C2A6C0C85840FEA03DCE6534E0.e.14600"}]}
COMMAND: GET /session/17ac9b2ed7eebf123703e812e0574450/element/f.025621EB997FE751E0C326B2CEC08C5E.d.C861F3C2A6C0C85840FEA03DCE6534E0.e.14600/enabled - {}
COMMAND: GET /session/17ac9b2ed7eebf123703e812e0574450/screenshot - {}
RESULT: {}
COMMAND: POST /session/17ac9b2ed7eebf123703e812e0574450/execute/sync - {"script":"<script> [8489 bytes]","args":[{"element-6066-11e4-a52e-4f735466cecf":"f.025621EB997FE751E0C326B2CEC08C5E.d.C861F3C2A6C0C85840FEA03DCE6534E0.e.14600","ELEMENT":"f.025621EB997FE751E0C326B2CEC08C5E.d.C861F3C2A6C0C85840FEA03DCE6534E0.e.14600"}]}
COMMAND: GET /session/17ac9b2ed7eebf123703e812e0574450/screenshot - {}
RESULT: {}
RESULT: {"script":"<script> [8489 bytes]","args":[{"element-6066-11e4-a52e-4f735466cecf":"f.025621EB997FE751E0C326B2CEC08C5E.d.C861F3C2A6C0C85840FEA03DCE6534E0.e.14600","ELEMENT":"f.025621EB997FE751E0C326B2CEC08C5E.d.C861F3C2A6C0C85840FEA03DCE6534E0.e.14600"}]}
COMMAND: POST /session/17ac9b2ed7eebf123703e812e0574450/execute/sync - {"script":"<script> [5351 bytes]","args":[{"element-6066-11e4-a52e-4f735466cecf":"f.025621EB997FE751E0C326B2CEC08C5E.d.C861F3C2A6C0C85840FEA03DCE6534E0.e.14600","ELEMENT":"f.025621EB997FE751E0C326B2CEC08C5E.d.C861F3C2A6C0C85840FEA03DCE6534E0.e.14600"}]}
COMMAND: GET /session/17ac9b2ed7eebf123703e812e0574450/screenshot - {}
RESULT: {}
RESULT: {"script":"<script> [5351 bytes]","args":[{"element-6066-11e4-a52e-4f735466cecf":"f.025621EB997FE751E0C326B2CEC08C5E.d.C861F3C2A6C0C85840FEA03DCE6534E0.e.14600","ELEMENT":"f.025621EB997FE751E0C326B2CEC08C5E.d.C861F3C2A6C0C85840FEA03DCE6534E0.e.14600"}]}
COMMAND: POST /session/17ac9b2ed7eebf123703e812e0574450/element/f.025621EB997FE751E0C326B2CEC08C5E.d.C861F3C2A6C0C85840FEA03DCE6534E0.e.14600/click - {}
COMMAND: GET /session/17ac9b2ed7eebf123703e812e0574450/screenshot - {}
RESULT: {}
RESULT: {}
COMMAND: GET /session/17ac9b2ed7eebf123703e812e0574450/screenshot - {}
RESULT: {}
RESULT: {}
COMMAND: POST /session/17ac9b2ed7eebf123703e812e0574450/execute/async - {"script":"<script> [1562 bytes]","args":[{"selector":{"id":"application-manageresources-display-component---newResourceUnit--TYPE-arrow"},"wdio_ui5_key":"applicationmanageresources-display-component---newResourceUnit--TYPE-arrow"}]}
RESULT: {"script":"<script> [1562 bytes]","args":[{"selector":{"id":"application-manageresources-display-component---newResourceUnit--TYPE-arrow"},"wdio_ui5_key":"applicationmanageresources-display-component---newResourceUnit--TYPE-arrow"}]}
RESULT: undefined
COMMAND: POST /session/17ac9b2ed7eebf123703e812e0574450/element - {"using":"xpath","value":"//*[@id=\"application-manageresources-display-component---newResourceUnit--TYPE-arrow\"]"}
RESULT: {"using":"xpath","value":"//*[@id=\"application-manageresources-display-component---newResourceUnit--TYPE-arrow\"]"}
COMMAND: POST /session/17ac9b2ed7eebf123703e812e0574450/element/f.025621EB997FE751E0C326B2CEC08C5E.d.C861F3C2A6C0C85840FEA03DCE6534E0.e.14961/click - {}
RESULT: {}
COMMAND: POST /session/17ac9b2ed7eebf123703e812e0574450/element - {"using":"xpath","value":"//input[@id=\"application-manageresources-display-component---newResourceUnit--TYPE-inner\"]"}
COMMAND: GET /session/17ac9b2ed7eebf123703e812e0574450/screenshot - {}
RESULT: {"using":"xpath","value":"//input[@id=\"application-manageresources-display-component---newResourceUnit--TYPE-inner\"]"}
COMMAND: POST /session/17ac9b2ed7eebf123703e812e0574450/element/f.025621EB997FE751E0C326B2CEC08C5E.d.C861F3C2A6C0C85840FEA03DCE6534E0.e.14945/clear - {}
RESULT: {}
RESULT: {}
COMMAND: POST /session/17ac9b2ed7eebf123703e812e0574450/element/f.025621EB997FE751E0C326B2CEC08C5E.d.C861F3C2A6C0C85840FEA03DCE6534E0.e.14945/value - {"text":"Equipment"}
COMMAND: GET /session/17ac9b2ed7eebf123703e812e0574450/screenshot - {}
RESULT: {"text":"Equipment"}
COMMAND: GET /session/17ac9b2ed7eebf123703e812e0574450/screenshot - {}
RESULT: {}
RESULT: {}
COMMAND: POST /session/17ac9b2ed7eebf123703e812e0574450/actions - {"actions":[{"id":"action52","type":"key","parameters":{},"actions":[{"type":"keyDown","value":"î€‡"},{"type":"pause","duration":10},{"type":"keyUp","value":"î€‡"}]}]}
RESULT: {"actions":[{"id":"action52","type":"key","parameters":{},"actions":[{"type":"keyDown","value":"î€‡"},{"type":"pause","duration":10},{"type":"keyUp","value":"î€‡"}]}]}
COMMAND: POST /session/17ac9b2ed7eebf123703e812e0574450/execute/async - {"script":"<script> [1562 bytes]","args":[{"selector":{"id":"application-manageresources-display-component---newResourceUnit--resourceId","interaction":{"idSuffix":"inner"}},"wdio_ui5_key":"applicationmanageresources-display-component---newResourceUnit--resourceId"}]}
COMMAND: GET /session/17ac9b2ed7eebf123703e812e0574450/screenshot - {}
RESULT: {"script":"<script> [1562 bytes]","args":[{"selector":{"id":"application-manageresources-display-component---newResourceUnit--resourceId","interaction":{"idSuffix":"inner"}},"wdio_ui5_key":"applicationmanageresources-display-component---newResourceUnit--resourceId"}]}
RESULT: undefined
COMMAND: POST /session/17ac9b2ed7eebf123703e812e0574450/execute/async - {"script":"<script> [776 bytes]","args":[{"enterText":"Qqjm2V4OQL","selector":{"id":"application-manageresources-display-component---newResourceUnit--resourceId","interaction":{"idSuffix":"inner"}},"clearTextFirst":true,"interactionType":"ENTER_TEXT"}]}
RESULT: {}
RESULT: {"script":"<script> [776 bytes]","args":[{"enterText":"Qqjm2V4OQL","selector":{"id":"application-manageresources-display-component---newResourceUnit--resourceId","interaction":{"idSuffix":"inner"}},"clearTextFirst":true,"interactionType":"ENTER_TEXT"}]}
COMMAND: POST /session/17ac9b2ed7eebf123703e812e0574450/execute/async - {"script":"<script> [1562 bytes]","args":[{"selector":{"id":"application-manageresources-display-component---newResourceUnit--SHORT_TEXT","interaction":{"idSuffix":"inner"}},"wdio_ui5_key":"applicationmanageresources-display-component---newResourceUnit--SHORT_TEXT"}]}
RESULT: {"script":"<script> [1562 bytes]","args":[{"selector":{"id":"application-manageresources-display-component---newResourceUnit--SHORT_TEXT","interaction":{"idSuffix":"inner"}},"wdio_ui5_key":"applicationmanageresources-display-component---newResourceUnit--SHORT_TEXT"}]}
RESULT: undefined
COMMAND: POST /session/17ac9b2ed7eebf123703e812e0574450/execute/async - {"script":"<script> [776 bytes]","args":[{"enterText":"Intercompany Equipment WDIO","selector":{"id":"application-manageresources-display-component---newResourceUnit--SHORT_TEXT","interaction":{"idSuffix":"inner"}},"clearTextFirst":true,"interactionType":"ENTER_TEXT"}]}
RESULT: {"script":"<script> [776 bytes]","args":[{"enterText":"Intercompany Equipment WDIO","selector":{"id":"application-manageresources-display-component---newResourceUnit--SHORT_TEXT","interaction":{"idSuffix":"inner"}},"clearTextFirst":true,"interactionType":"ENTER_TEXT"}]}
COMMAND: POST /session/17ac9b2ed7eebf123703e812e0574450/execute/async - {"script":"<script> [1562 bytes]","args":[{"selector":{"id":"application-manageresources-display-component---newResourceUnit--BASE_UNIT_OF_MEASURE","interaction":{"idSuffix":"inner"}},"wdio_ui5_key":"applicationmanageresources-display-component---newResourceUnit--BASE_UNIT_OF_MEASURE"}]}
RESULT: {"script":"<script> [1562 bytes]","args":[{"selector":{"id":"application-manageresources-display-component---newResourceUnit--BASE_UNIT_OF_MEASURE","interaction":{"idSuffix":"inner"}},"wdio_ui5_key":"applicationmanageresources-display-component---newResourceUnit--BASE_UNIT_OF_MEASURE"}]}
RESULT: undefined
COMMAND: POST /session/17ac9b2ed7eebf123703e812e0574450/execute/async - {"script":"<script> [776 bytes]","args":[{"enterText":"Piece","selector":{"id":"application-manageresources-display-component---newResourceUnit--BASE_UNIT_OF_MEASURE","interaction":{"idSuffix":"inner"}},"clearTextFirst":true,"interactionType":"ENTER_TEXT"}]}
RESULT: {"script":"<script> [776 bytes]","args":[{"enterText":"Piece","selector":{"id":"application-manageresources-display-component---newResourceUnit--BASE_UNIT_OF_MEASURE","interaction":{"idSuffix":"inner"}},"clearTextFirst":true,"interactionType":"ENTER_TEXT"}]}
COMMAND: POST /session/17ac9b2ed7eebf123703e812e0574450/execute/async - {"script":"<script> [1562 bytes]","args":[{"selector":{"id":"application-manageresources-display-component---newResourceUnit--WEIGHT_UNIT","interaction":{"idSuffix":"inner"}},"wdio_ui5_key":"applicationmanageresources-display-component---newResourceUnit--WEIGHT_UNIT"}]}
RESULT: {"script":"<script> [1562 bytes]","args":[{"selector":{"id":"application-manageresources-display-component---newResourceUnit--WEIGHT_UNIT","interaction":{"idSuffix":"inner"}},"wdio_ui5_key":"applicationmanageresources-display-component---newResourceUnit--WEIGHT_UNIT"}]}
RESULT: undefined
COMMAND: POST /session/17ac9b2ed7eebf123703e812e0574450/execute/async - {"script":"<script> [776 bytes]","args":[{"enterText":"Gram","selector":{"id":"application-manageresources-display-component---newResourceUnit--WEIGHT_UNIT","interaction":{"idSuffix":"inner"}},"clearTextFirst":true,"interactionType":"ENTER_TEXT"}]}
RESULT: {"script":"<script> [776 bytes]","args":[{"enterText":"Gram","selector":{"id":"application-manageresources-display-component---newResourceUnit--WEIGHT_UNIT","interaction":{"idSuffix":"inner"}},"clearTextFirst":true,"interactionType":"ENTER_TEXT"}]}
COMMAND: POST /session/17ac9b2ed7eebf123703e812e0574450/execute/async - {"script":"<script> [1562 bytes]","args":[{"selector":{"id":"application-manageresources-display-component---newResourceUnit--DIMENSION_UNIT","interaction":{"idSuffix":"inner"}},"wdio_ui5_key":"applicationmanageresources-display-component---newResourceUnit--DIMENSION_UNIT"}]}
RESULT: {"script":"<script> [1562 bytes]","args":[{"selector":{"id":"application-manageresources-display-component---newResourceUnit--DIMENSION_UNIT","interaction":{"idSuffix":"inner"}},"wdio_ui5_key":"applicationmanageresources-display-component---newResourceUnit--DIMENSION_UNIT"}]}
RESULT: undefined
COMMAND: POST /session/17ac9b2ed7eebf123703e812e0574450/execute/async - {"script":"<script> [776 bytes]","args":[{"enterText":"Meter","selector":{"id":"application-manageresources-display-component---newResourceUnit--DIMENSION_UNIT","interaction":{"idSuffix":"inner"}},"clearTextFirst":true,"interactionType":"ENTER_TEXT"}]}
RESULT: {"script":"<script> [776 bytes]","args":[{"enterText":"Meter","selector":{"id":"application-manageresources-display-component---newResourceUnit--DIMENSION_UNIT","interaction":{"idSuffix":"inner"}},"clearTextFirst":true,"interactionType":"ENTER_TEXT"}]}
COMMAND: POST /session/17ac9b2ed7eebf123703e812e0574450/execute/async - {"script":"<script> [1562 bytes]","args":[{"selector":{"id":"application-manageresources-display-component---newResourceUnit--newRRUPage-anchBar-application-manageresources-display-component---newResourceUnit--control-anchor","interaction":{"idSuffix":"BDI-content"}},"wdio_ui5_key":"applicationmanageresources-display-component---newResourceUnit--newRRUPage-anchBar-application-manageresources-display-component---newResourceUnit--control-anchor"}]}
RESULT: {"script":"<script> [1562 bytes]","args":[{"selector":{"id":"application-manageresources-display-component---newResourceUnit--newRRUPage-anchBar-application-manageresources-display-component---newResourceUnit--control-anchor","interaction":{"idSuffix":"BDI-content"}},"wdio_ui5_key":"applicationmanageresources-display-component---newResourceUnit--newRRUPage-anchBar-application-manageresources-display-component---newResourceUnit--control-anchor"}]}
RESULT: undefined
COMMAND: POST /session/17ac9b2ed7eebf123703e812e0574450/element - {"using":"xpath","value":"//*[@id=\"application-manageresources-display-component---newResourceUnit--newRRUPage-anchBar-application-manageresources-display-component---newResourceUnit--control-anchor\"]"}
RESULT: {"using":"xpath","value":"//*[@id=\"application-manageresources-display-component---newResourceUnit--newRRUPage-anchBar-application-manageresources-display-component---newResourceUnit--control-anchor\"]"}
COMMAND: POST /session/17ac9b2ed7eebf123703e812e0574450/element/f.025621EB997FE751E0C326B2CEC08C5E.d.C861F3C2A6C0C85840FEA03DCE6534E0.e.15120/click - {}
RESULT: {}
COMMAND: POST /session/17ac9b2ed7eebf123703e812e0574450/execute/async - {"script":"<script> [1562 bytes]","args":[{"selector":{"id":"application-manageresources-display-component---newResourceUnit--PLANNING_GROUP","interaction":{"idSuffix":"inner"}},"wdio_ui5_key":"applicationmanageresources-display-component---newResourceUnit--PLANNING_GROUP"}]}
COMMAND: GET /session/17ac9b2ed7eebf123703e812e0574450/screenshot - {}
RESULT: {"script":"<script> [1562 bytes]","args":[{"selector":{"id":"application-manageresources-display-component---newResourceUnit--PLANNING_GROUP","interaction":{"idSuffix":"inner"}},"wdio_ui5_key":"applicationmanageresources-display-component---newResourceUnit--PLANNING_GROUP"}]}
RESULT: undefined
COMMAND: POST /session/17ac9b2ed7eebf123703e812e0574450/execute/async - {"script":"<script> [776 bytes]","args":[{"enterText":"Heavy Equi","selector":{"id":"application-manageresources-display-component---newResourceUnit--PLANNING_GROUP","interaction":{"idSuffix":"inner"}},"clearTextFirst":true,"interactionType":"ENTER_TEXT"}]}
RESULT: {}
RESULT: {"script":"<script> [776 bytes]","args":[{"enterText":"Heavy Equi","selector":{"id":"application-manageresources-display-component---newResourceUnit--PLANNING_GROUP","interaction":{"idSuffix":"inner"}},"clearTextFirst":true,"interactionType":"ENTER_TEXT"}]}
COMMAND: POST /session/17ac9b2ed7eebf123703e812e0574450/execute/async - {"script":"<script> [1562 bytes]","args":[{"selector":{"id":"application-manageresources-display-component---newResourceUnit--ITEM_TYPE-arrow"},"wdio_ui5_key":"applicationmanageresources-display-component---newResourceUnit--ITEM_TYPE-arrow"}]}
RESULT: {"script":"<script> [1562 bytes]","args":[{"selector":{"id":"application-manageresources-display-component---newResourceUnit--ITEM_TYPE-arrow"},"wdio_ui5_key":"applicationmanageresources-display-component---newResourceUnit--ITEM_TYPE-arrow"}]}
RESULT: undefined
COMMAND: POST /session/17ac9b2ed7eebf123703e812e0574450/element - {"using":"xpath","value":"//*[@id=\"application-manageresources-display-component---newResourceUnit--ITEM_TYPE-arrow\"]"}
RESULT: {"using":"xpath","value":"//*[@id=\"application-manageresources-display-component---newResourceUnit--ITEM_TYPE-arrow\"]"}
COMMAND: POST /session/17ac9b2ed7eebf123703e812e0574450/element/f.025621EB997FE751E0C326B2CEC08C5E.d.C861F3C2A6C0C85840FEA03DCE6534E0.e.15129/click - {}
RESULT: {}
COMMAND: POST /session/17ac9b2ed7eebf123703e812e0574450/element - {"using":"xpath","value":"//ul[contains(@id,\"ITEM_TYPE-popup-list-listUl\")]//li[.//span[contains(text(),\"Resource Unit\")]]"}
COMMAND: GET /session/17ac9b2ed7eebf123703e812e0574450/screenshot - {}
RESULT: {"using":"xpath","value":"//ul[contains(@id,\"ITEM_TYPE-popup-list-listUl\")]//li[.//span[contains(text(),\"Resource Unit\")]]"}
COMMAND: POST /session/17ac9b2ed7eebf123703e812e0574450/element/f.025621EB997FE751E0C326B2CEC08C5E.d.C861F3C2A6C0C85840FEA03DCE6534E0.e.15130/click - {}
RESULT: {}
RESULT: {}
COMMAND: GET /session/17ac9b2ed7eebf123703e812e0574450/screenshot - {}
RESULT: {}
COMMAND: POST /session/17ac9b2ed7eebf123703e812e0574450/element - {"using":"css selector","value":"#application-manageresources-display-component---newResourceUnit--btnAddTimeSegment"}
RESULT: {"using":"css selector","value":"#application-manageresources-display-component---newResourceUnit--btnAddTimeSegment"}
COMMAND: GET /session/17ac9b2ed7eebf123703e812e0574450/element/f.025621EB997FE751E0C326B2CEC08C5E.d.C861F3C2A6C0C85840FEA03DCE6534E0.e.15138/rect - {}
RESULT: {}
COMMAND: GET /session/17ac9b2ed7eebf123703e812e0574450/window/rect - {}
RESULT: {}
COMMAND: POST /session/17ac9b2ed7eebf123703e812e0574450/execute/sync - {"script":"<script> [92 bytes]","args":[]}
RESULT: {"script":"<script> [92 bytes]","args":[]}
COMMAND: POST /session/17ac9b2ed7eebf123703e812e0574450/actions - {"actions":[{"id":"action53","type":"wheel","parameters":{},"actions":[{"type":"scroll","x":-1888,"y":-32,"deltaX":0,"deltaY":0,"duration":0,"origin":{"element-6066-11e4-a52e-4f735466cecf":"f.025621EB997FE751E0C326B2CEC08C5E.d.C861F3C2A6C0C85840FEA03DCE6534E0.e.15138"}}]}]}
COMMAND: GET /session/17ac9b2ed7eebf123703e812e0574450/screenshot - {}
RESULT: {}
COMMAND: POST /session/17ac9b2ed7eebf123703e812e0574450/execute/sync - {"script":"<script> [79 bytes]","args":[{"element-6066-11e4-a52e-4f735466cecf":"f.025621EB997FE751E0C326B2CEC08C5E.d.C861F3C2A6C0C85840FEA03DCE6534E0.e.15138","ELEMENT":"f.025621EB997FE751E0C326B2CEC08C5E.d.C861F3C2A6C0C85840FEA03DCE6534E0.e.15138"},{"block":"start","inline":"nearest"}]}
RESULT: {"script":"<script> [79 bytes]","args":[{"element-6066-11e4-a52e-4f735466cecf":"f.025621EB997FE751E0C326B2CEC08C5E.d.C861F3C2A6C0C85840FEA03DCE6534E0.e.15138","ELEMENT":"f.025621EB997FE751E0C326B2CEC08C5E.d.C861F3C2A6C0C85840FEA03DCE6534E0.e.15138"},{"block":"start","inline":"nearest"}]}
COMMAND: POST /session/17ac9b2ed7eebf123703e812e0574450/execute/async - {"script":"<script> [1562 bytes]","args":[{"selector":{"id":"application-manageresources-display-component---newResourceUnit--btnAddTimeSegment","interaction":{"idSuffix":"inner"}},"wdio_ui5_key":"applicationmanageresources-display-component---newResourceUnit--btnAddTimeSegment"}]}
COMMAND: GET /session/17ac9b2ed7eebf123703e812e0574450/screenshot - {}
RESULT: {"script":"<script> [1562 bytes]","args":[{"selector":{"id":"application-manageresources-display-component---newResourceUnit--btnAddTimeSegment","interaction":{"idSuffix":"inner"}},"wdio_ui5_key":"applicationmanageresources-display-component---newResourceUnit--btnAddTimeSegment"}]}
RESULT: undefined
COMMAND: POST /session/17ac9b2ed7eebf123703e812e0574450/element - {"using":"xpath","value":"//*[@id=\"application-manageresources-display-component---newResourceUnit--btnAddTimeSegment\"]"}
RESULT: {}
RESULT: {"using":"xpath","value":"//*[@id=\"application-manageresources-display-component---newResourceUnit--btnAddTimeSegment\"]"}
COMMAND: POST /session/17ac9b2ed7eebf123703e812e0574450/element/f.025621EB997FE751E0C326B2CEC08C5E.d.C861F3C2A6C0C85840FEA03DCE6534E0.e.15138/click - {}
RESULT: {}
COMMAND: GET /session/17ac9b2ed7eebf123703e812e0574450/screenshot - {}
RESULT: {}
COMMAND: POST /session/17ac9b2ed7eebf123703e812e0574450/element - {"using":"xpath","value":"//input[@id=\"application-manageresources-display-component---newResourceUnit--idRuTSAdmin-application-manageresources-display-component---newResourceUnit--RUTimeSegment-0-inner\"]"}
RESULT: {"using":"xpath","value":"//input[@id=\"application-manageresources-display-component---newResourceUnit--idRuTSAdmin-application-manageresources-display-component---newResourceUnit--RUTimeSegment-0-inner\"]"}
COMMAND: POST /session/17ac9b2ed7eebf123703e812e0574450/element/f.025621EB997FE751E0C326B2CEC08C5E.d.C861F3C2A6C0C85840FEA03DCE6534E0.e.15144/clear - {}
RESULT: {}
COMMAND: POST /session/17ac9b2ed7eebf123703e812e0574450/element/f.025621EB997FE751E0C326B2CEC08C5E.d.C861F3C2A6C0C85840FEA03DCE6534E0.e.15144/value - {"text":"594"}
COMMAND: GET /session/17ac9b2ed7eebf123703e812e0574450/screenshot - {}
RESULT: {"text":"594"}
COMMAND: GET /session/17ac9b2ed7eebf123703e812e0574450/screenshot - {}
RESULT: {}
RESULT: {}
COMMAND: POST /session/17ac9b2ed7eebf123703e812e0574450/element - {"using":"xpath","value":"//li[.//span[text()='594']]"}
RESULT: {"using":"xpath","value":"//li[.//span[text()='594']]"}
COMMAND: POST /session/17ac9b2ed7eebf123703e812e0574450/element/f.025621EB997FE751E0C326B2CEC08C5E.d.C861F3C2A6C0C85840FEA03DCE6534E0.e.15156/click - {}
RESULT: {}
COMMAND: GET /session/17ac9b2ed7eebf123703e812e0574450/screenshot - {}
RESULT: {}
COMMAND: POST /session/17ac9b2ed7eebf123703e812e0574450/element - {"using":"xpath","value":"(//span[contains(@id, \"-application-manageresources-display-component---newResourceUnit--RUTimeSegment-0-arrow\")])[6]"}
RESULT: {"using":"xpath","value":"(//span[contains(@id, \"-application-manageresources-display-component---newResourceUnit--RUTimeSegment-0-arrow\")])[6]"}
COMMAND: POST /session/17ac9b2ed7eebf123703e812e0574450/element/f.025621EB997FE751E0C326B2CEC08C5E.d.C861F3C2A6C0C85840FEA03DCE6534E0.e.15157/click - {}
RESULT: {}
COMMAND: GET /session/17ac9b2ed7eebf123703e812e0574450/screenshot - {}
RESULT: {}
COMMAND: POST /session/17ac9b2ed7eebf123703e812e0574450/element - {"using":"xpath","value":"//span[contains(text(), \"PM Order\")]"}
RESULT: {"using":"xpath","value":"//span[contains(text(), \"PM Order\")]"}
COMMAND: POST /session/17ac9b2ed7eebf123703e812e0574450/element/f.025621EB997FE751E0C326B2CEC08C5E.d.C861F3C2A6C0C85840FEA03DCE6534E0.e.15160/click - {}
RESULT: {}
COMMAND: GET /session/17ac9b2ed7eebf123703e812e0574450/screenshot - {}
RESULT: {}
COMMAND: POST /session/17ac9b2ed7eebf123703e812e0574450/element - {"using":"xpath","value":"(//span[contains(@id ,\"manageresources-display-component---newResourceUnit--RUTimeSegment-0-vhi\")])[1]"}
RESULT: {"using":"xpath","value":"(//span[contains(@id ,\"manageresources-display-component---newResourceUnit--RUTimeSegment-0-vhi\")])[1]"}
COMMAND: GET /session/17ac9b2ed7eebf123703e812e0574450/element/f.025621EB997FE751E0C326B2CEC08C5E.d.C861F3C2A6C0C85840FEA03DCE6534E0.e.15164/rect - {}
RESULT: {}
COMMAND: GET /session/17ac9b2ed7eebf123703e812e0574450/window/rect - {}
RESULT: {}
COMMAND: POST /session/17ac9b2ed7eebf123703e812e0574450/execute/sync - {"script":"<script> [92 bytes]","args":[]}
RESULT: {"script":"<script> [92 bytes]","args":[]}
COMMAND: POST /session/17ac9b2ed7eebf123703e812e0574450/actions - {"actions":[{"id":"action54","type":"wheel","parameters":{},"actions":[{"type":"scroll","x":-869,"y":-24,"deltaX":0,"deltaY":0,"duration":0,"origin":{"element-6066-11e4-a52e-4f735466cecf":"f.025621EB997FE751E0C326B2CEC08C5E.d.C861F3C2A6C0C85840FEA03DCE6534E0.e.15164"}}]}]}
COMMAND: GET /session/17ac9b2ed7eebf123703e812e0574450/screenshot - {}
RESULT: {"actions":[{"id":"action54","type":"wheel","parameters":{},"actions":[{"type":"scroll","x":-869,"y":-24,"deltaX":0,"deltaY":0,"duration":0,"origin":{"element-6066-11e4-a52e-4f735466cecf":"f.025621EB997FE751E0C326B2CEC08C5E.d.C861F3C2A6C0C85840FEA03DCE6534E0.e.15164"}}]}]}
COMMAND: DELETE /session/17ac9b2ed7eebf123703e812e0574450/actions - {}
COMMAND: GET /session/17ac9b2ed7eebf123703e812e0574450/screenshot - {}
RESULT: {}
RESULT: {}
COMMAND: GET /session/17ac9b2ed7eebf123703e812e0574450/screenshot - {}
RESULT: {}
RESULT: {}
COMMAND: POST /session/17ac9b2ed7eebf123703e812e0574450/element/f.025621EB997FE751E0C326B2CEC08C5E.d.C861F3C2A6C0C85840FEA03DCE6534E0.e.15164/click - {}
RESULT: {}
COMMAND: GET /session/17ac9b2ed7eebf123703e812e0574450/screenshot - {}
RESULT: {}
RESULT: undefined
COMMAND: POST /session/17ac9b2ed7eebf123703e812e0574450/execute/async - {"script":"<script> [776 bytes]","args":[{"enterText":"4000360","selector":{"controlType":"sap.m.SearchField","properties":{"placeholder":"Search"},"searchOpenDialogs":true,"interaction":{"idSuffix":"I"}},"clearTextFirst":true,"interactionType":"ENTER_TEXT"}]}
RESULT: {"script":"<script> [776 bytes]","args":[{"enterText":"4000360","selector":{"controlType":"sap.m.SearchField","properties":{"placeholder":"Search"},"searchOpenDialogs":true,"interaction":{"idSuffix":"I"}},"clearTextFirst":true,"interactionType":"ENTER_TEXT"}]}
COMMAND: POST /session/17ac9b2ed7eebf123703e812e0574450/actions - {"actions":[{"id":"action55","type":"key","parameters":{},"actions":[{"type":"keyDown","value":"î€‡"},{"type":"pause","duration":10},{"type":"keyUp","value":"î€‡"}]}]}
RESULT: {"actions":[{"id":"action55","type":"key","parameters":{},"actions":[{"type":"keyDown","value":"î€‡"},{"type":"pause","duration":10},{"type":"keyUp","value":"î€‡"}]}]}
COMMAND: GET /session/17ac9b2ed7eebf123703e812e0574450/screenshot - {}
RESULT: {}
COMMAND: POST /session/17ac9b2ed7eebf123703e812e0574450/element - {"using":"xpath","value":"//td/div/span[contains(text(), \"BGL Vehicles\")]"}
RESULT: {"using":"xpath","value":"//td/div/span[contains(text(), \"BGL Vehicles\")]"}
COMMAND: POST /session/17ac9b2ed7eebf123703e812e0574450/element/f.025621EB997FE751E0C326B2CEC08C5E.d.C861F3C2A6C0C85840FEA03DCE6534E0.e.15184/click - {}
RESULT: {}
COMMAND: GET /session/17ac9b2ed7eebf123703e812e0574450/screenshot - {}
RESULT: {}
COMMAND: POST /session/17ac9b2ed7eebf123703e812e0574450/element - {"using":"xpath","value":"//bdi[contains(text(), \"OK\")]"}
RESULT: {"using":"xpath","value":"//bdi[contains(text(), \"OK\")]"}
COMMAND: POST /session/17ac9b2ed7eebf123703e812e0574450/element/f.025621EB997FE751E0C326B2CEC08C5E.d.C861F3C2A6C0C85840FEA03DCE6534E0.e.15185/click - {}
RESULT: {}
COMMAND: GET /session/17ac9b2ed7eebf123703e812e0574450/screenshot - {}
RESULT: {}
COMMAND: POST /session/17ac9b2ed7eebf123703e812e0574450/execute/async - {"script":"<script> [1562 bytes]","args":[{"selector":{"id":"application-manageresources-display-component---newResourceUnit--newRRUPage-anchBar-application-manageresources-display-component---newResourceUnit--resource-anchor","interaction":{"idSuffix":"BDI-content"}},"wdio_ui5_key":"applicationmanageresources-display-component---newResourceUnit--newRRUPage-anchBar-application-manageresources-display-component---newResourceUnit--resource-anchor"}]}
RESULT: {"script":"<script> [1562 bytes]","args":[{"selector":{"id":"application-manageresources-display-component---newResourceUnit--newRRUPage-anchBar-application-manageresources-display-component---newResourceUnit--resource-anchor","interaction":{"idSuffix":"BDI-content"}},"wdio_ui5_key":"applicationmanageresources-display-component---newResourceUnit--newRRUPage-anchBar-application-manageresources-display-component---newResourceUnit--resource-anchor"}]}
RESULT: undefined
COMMAND: POST /session/17ac9b2ed7eebf123703e812e0574450/element - {"using":"xpath","value":"//*[@id=\"application-manageresources-display-component---newResourceUnit--newRRUPage-anchBar-application-manageresources-display-component---newResourceUnit--resource-anchor\"]"}
RESULT: {"using":"xpath","value":"//*[@id=\"application-manageresources-display-component---newResourceUnit--newRRUPage-anchBar-application-manageresources-display-component---newResourceUnit--resource-anchor\"]"}
COMMAND: POST /session/17ac9b2ed7eebf123703e812e0574450/element/f.025621EB997FE751E0C326B2CEC08C5E.d.C861F3C2A6C0C85840FEA03DCE6534E0.e.15189/click - {}
RESULT: {}
COMMAND: POST /session/17ac9b2ed7eebf123703e812e0574450/execute/async - {"script":"<script> [1562 bytes]","args":[{"selector":{"id":"application-manageresources-display-component---newResourceUnit--PLANNED_DELIVERY_DATE","interaction":{"idSuffix":"inner"}},"wdio_ui5_key":"applicationmanageresources-display-component---newResourceUnit--PLANNED_DELIVERY_DATE"}]}
COMMAND: GET /session/17ac9b2ed7eebf123703e812e0574450/screenshot - {}
RESULT: {"script":"<script> [1562 bytes]","args":[{"selector":{"id":"application-manageresources-display-component---newResourceUnit--PLANNED_DELIVERY_DATE","interaction":{"idSuffix":"inner"}},"wdio_ui5_key":"applicationmanageresources-display-component---newResourceUnit--PLANNED_DELIVERY_DATE"}]}
RESULT: undefined
COMMAND: POST /session/17ac9b2ed7eebf123703e812e0574450/execute/async - {"script":"<script> [6424 bytes]","args":[{"element-6066-11e4-a52e-4f735466cecf":"f.025621EB997FE751E0C326B2CEC08C5E.d.C861F3C2A6C0C85840FEA03DCE6534E0.e.15018"},"setValue",["6/2/25"]]}
RESULT: {}
RESULT: {"script":"<script> [6424 bytes]","args":[{"element-6066-11e4-a52e-4f735466cecf":"f.025621EB997FE751E0C326B2CEC08C5E.d.C861F3C2A6C0C85840FEA03DCE6534E0.e.15018"},"setValue",["6/2/25"]]}
COMMAND: POST /session/17ac9b2ed7eebf123703e812e0574450/element - {"using":"xpath","value":"//label[contains(@class, 'sapMLabelRequired') and .//bdi[contains(text(), 'Planned Retirement')]]"}
RESULT: {"using":"xpath","value":"//label[contains(@class, 'sapMLabelRequired') and .//bdi[contains(text(), 'Planned Retirement')]]"}
COMMAND: POST /session/17ac9b2ed7eebf123703e812e0574450/elements - {"using":"xpath","value":"//label[contains(@class, 'sapMLabelRequired') and .//bdi[contains(text(), 'Planned Retirement')]]"}
RESULT: {"using":"xpath","value":"//label[contains(@class, 'sapMLabelRequired') and .//bdi[contains(text(), 'Planned Retirement')]]"}
COMMAND: POST /session/17ac9b2ed7eebf123703e812e0574450/element - {"using":"xpath","value":"//button[@data-kt=\"resourceUnitSaveButton\"]"}
RESULT: {"using":"xpath","value":"//button[@data-kt=\"resourceUnitSaveButton\"]"}
COMMAND: POST /session/17ac9b2ed7eebf123703e812e0574450/element/f.025621EB997FE751E0C326B2CEC08C5E.d.C861F3C2A6C0C85840FEA03DCE6534E0.e.14977/click - {}
RESULT: {}
COMMAND: GET /session/17ac9b2ed7eebf123703e812e0574450/screenshot - {}
RESULT: {}
COMMAND: POST /session/17ac9b2ed7eebf123703e812e0574450/element - {"using":"xpath","value":"//bdi[contains(text(), \"Close\")]"}
RESULT: {"using":"xpath","value":"//bdi[contains(text(), \"Close\")]"}
COMMAND: POST /session/17ac9b2ed7eebf123703e812e0574450/element/f.025621EB997FE751E0C326B2CEC08C5E.d.C861F3C2A6C0C85840FEA03DCE6534E0.e.15199/click - {}
RESULT: {}
COMMAND: GET /session/17ac9b2ed7eebf123703e812e0574450/screenshot - {}
RESULT: {}
COMMAND: POST /session/17ac9b2ed7eebf123703e812e0574450/element - {"using":"xpath","value":"(//button[contains(@id ,\"actionsToolbar-overflowButton\")])[1]"}
RESULT: {"using":"xpath","value":"(//button[contains(@id ,\"actionsToolbar-overflowButton\")])[1]"}
COMMAND: POST /session/17ac9b2ed7eebf123703e812e0574450/element/f.025621EB997FE751E0C326B2CEC08C5E.d.C861F3C2A6C0C85840FEA03DCE6534E0.e.15232/click - {}
RESULT: {}
COMMAND: GET /session/17ac9b2ed7eebf123703e812e0574450/screenshot - {}
RESULT: {}
COMMAND: POST /session/17ac9b2ed7eebf123703e812e0574450/element - {"using":"xpath","value":"//button[@data-kt=\"priceInfoButton\"]"}
RESULT: {"using":"xpath","value":"//button[@data-kt=\"priceInfoButton\"]"}
COMMAND: POST /session/17ac9b2ed7eebf123703e812e0574450/element/f.025621EB997FE751E0C326B2CEC08C5E.d.C861F3C2A6C0C85840FEA03DCE6534E0.e.15234/click - {}
RESULT: {}
COMMAND: GET /session/17ac9b2ed7eebf123703e812e0574450/screenshot - {}
RESULT: {}
COMMAND: POST /session/17ac9b2ed7eebf123703e812e0574450/element - {"using":"css selector","value":"#shell-header-logo"}
RESULT: {"using":"css selector","value":"#shell-header-logo"}
COMMAND: POST /session/17ac9b2ed7eebf123703e812e0574450/element/f.025621EB997FE751E0C326B2CEC08C5E.d.C861F3C2A6C0C85840FEA03DCE6534E0.e.14560/click - {}
RESULT: {}
COMMAND: GET /session/17ac9b2ed7eebf123703e812e0574450/screenshot - {}
RESULT: {}
]]></system-out>
    </testcase>
    <testcase classname="chrome.136_0_7103_93.windows.Transfer_Yard_to_Yard_US131076" name="Prereq Should create a new equipment multipart" time="124.23">
      <system-out><![CDATA[
RESULT: undefined
COMMAND: POST /session/17ac9b2ed7eebf123703e812e0574450/element - {"using":"xpath","value":"//*[@id=\"__tile31\"]"}
RESULT: {"using":"xpath","value":"//*[@id=\"__tile31\"]"}
COMMAND: POST /session/17ac9b2ed7eebf123703e812e0574450/element/f.025621EB997FE751E0C326B2CEC08C5E.d.C861F3C2A6C0C85840FEA03DCE6534E0.e.13723/click - {}
RESULT: {}
COMMAND: GET /session/17ac9b2ed7eebf123703e812e0574450/screenshot - {}
RESULT: {}
COMMAND: POST /session/17ac9b2ed7eebf123703e812e0574450/elements - {"using":"xpath","value":"//span[text()='Error']"}
RESULT: {"using":"xpath","value":"//span[text()='Error']"}
COMMAND: POST /session/17ac9b2ed7eebf123703e812e0574450/element - {"using":"xpath","value":"//button[@data-kt=\"addNewRUOverflowToolbarButton\"]"}
RESULT: {"using":"xpath","value":"//button[@data-kt=\"addNewRUOverflowToolbarButton\"]"}
COMMAND: POST /session/17ac9b2ed7eebf123703e812e0574450/elements - {"using":"xpath","value":"//button[@data-kt=\"addNewRUOverflowToolbarButton\"]"}
RESULT: {"using":"xpath","value":"//button[@data-kt=\"addNewRUOverflowToolbarButton\"]"}
COMMAND: POST /session/17ac9b2ed7eebf123703e812e0574450/execute/sync - {"script":"<script> [8489 bytes]","args":[{"element-6066-11e4-a52e-4f735466cecf":"f.025621EB997FE751E0C326B2CEC08C5E.d.C861F3C2A6C0C85840FEA03DCE6534E0.e.15278","ELEMENT":"f.025621EB997FE751E0C326B2CEC08C5E.d.C861F3C2A6C0C85840FEA03DCE6534E0.e.15278"}]}
RESULT: {"script":"<script> [8489 bytes]","args":[{"element-6066-11e4-a52e-4f735466cecf":"f.025621EB997FE751E0C326B2CEC08C5E.d.C861F3C2A6C0C85840FEA03DCE6534E0.e.15278","ELEMENT":"f.025621EB997FE751E0C326B2CEC08C5E.d.C861F3C2A6C0C85840FEA03DCE6534E0.e.15278"}]}
COMMAND: GET /session/17ac9b2ed7eebf123703e812e0574450/element/f.025621EB997FE751E0C326B2CEC08C5E.d.C861F3C2A6C0C85840FEA03DCE6534E0.e.15278/enabled - {}
COMMAND: GET /session/17ac9b2ed7eebf123703e812e0574450/screenshot - {}
RESULT: {}
COMMAND: POST /session/17ac9b2ed7eebf123703e812e0574450/execute/sync - {"script":"<script> [8489 bytes]","args":[{"element-6066-11e4-a52e-4f735466cecf":"f.025621EB997FE751E0C326B2CEC08C5E.d.C861F3C2A6C0C85840FEA03DCE6534E0.e.15278","ELEMENT":"f.025621EB997FE751E0C326B2CEC08C5E.d.C861F3C2A6C0C85840FEA03DCE6534E0.e.15278"}]}
COMMAND: GET /session/17ac9b2ed7eebf123703e812e0574450/screenshot - {}
RESULT: {}
RESULT: {"script":"<script> [8489 bytes]","args":[{"element-6066-11e4-a52e-4f735466cecf":"f.025621EB997FE751E0C326B2CEC08C5E.d.C861F3C2A6C0C85840FEA03DCE6534E0.e.15278","ELEMENT":"f.025621EB997FE751E0C326B2CEC08C5E.d.C861F3C2A6C0C85840FEA03DCE6534E0.e.15278"}]}
COMMAND: POST /session/17ac9b2ed7eebf123703e812e0574450/execute/sync - {"script":"<script> [5351 bytes]","args":[{"element-6066-11e4-a52e-4f735466cecf":"f.025621EB997FE751E0C326B2CEC08C5E.d.C861F3C2A6C0C85840FEA03DCE6534E0.e.15278","ELEMENT":"f.025621EB997FE751E0C326B2CEC08C5E.d.C861F3C2A6C0C85840FEA03DCE6534E0.e.15278"}]}
COMMAND: GET /session/17ac9b2ed7eebf123703e812e0574450/screenshot - {}
RESULT: {}
RESULT: {"script":"<script> [5351 bytes]","args":[{"element-6066-11e4-a52e-4f735466cecf":"f.025621EB997FE751E0C326B2CEC08C5E.d.C861F3C2A6C0C85840FEA03DCE6534E0.e.15278","ELEMENT":"f.025621EB997FE751E0C326B2CEC08C5E.d.C861F3C2A6C0C85840FEA03DCE6534E0.e.15278"}]}
COMMAND: POST /session/17ac9b2ed7eebf123703e812e0574450/element/f.025621EB997FE751E0C326B2CEC08C5E.d.C861F3C2A6C0C85840FEA03DCE6534E0.e.15278/click - {}
COMMAND: GET /session/17ac9b2ed7eebf123703e812e0574450/screenshot - {}
RESULT: {}
RESULT: {}
COMMAND: GET /session/17ac9b2ed7eebf123703e812e0574450/screenshot - {}
RESULT: undefined
COMMAND: POST /session/17ac9b2ed7eebf123703e812e0574450/element - {"using":"xpath","value":"//*[@id=\"application-manageresources-display-component---newResourceUnit--TYPE-arrow\"]"}
RESULT: {}
RESULT: {}
RESULT: {"using":"xpath","value":"//*[@id=\"application-manageresources-display-component---newResourceUnit--TYPE-arrow\"]"}
COMMAND: POST /session/17ac9b2ed7eebf123703e812e0574450/element/f.025621EB997FE751E0C326B2CEC08C5E.d.C861F3C2A6C0C85840FEA03DCE6534E0.e.15636/click - {}
RESULT: {}
COMMAND: POST /session/17ac9b2ed7eebf123703e812e0574450/element - {"using":"xpath","value":"//input[@id=\"application-manageresources-display-component---newResourceUnit--TYPE-inner\"]"}
COMMAND: GET /session/17ac9b2ed7eebf123703e812e0574450/screenshot - {}
RESULT: {"using":"xpath","value":"//input[@id=\"application-manageresources-display-component---newResourceUnit--TYPE-inner\"]"}
COMMAND: POST /session/17ac9b2ed7eebf123703e812e0574450/element/f.025621EB997FE751E0C326B2CEC08C5E.d.C861F3C2A6C0C85840FEA03DCE6534E0.e.15621/clear - {}
RESULT: {}
RESULT: {}
COMMAND: POST /session/17ac9b2ed7eebf123703e812e0574450/element/f.025621EB997FE751E0C326B2CEC08C5E.d.C861F3C2A6C0C85840FEA03DCE6534E0.e.15621/value - {"text":"Equi Multipart"}
COMMAND: GET /session/17ac9b2ed7eebf123703e812e0574450/screenshot - {}
RESULT: {"text":"Equi Multipart"}
COMMAND: GET /session/17ac9b2ed7eebf123703e812e0574450/screenshot - {}
RESULT: {}
RESULT: {}
COMMAND: POST /session/17ac9b2ed7eebf123703e812e0574450/actions - {"actions":[{"id":"action56","type":"key","parameters":{},"actions":[{"type":"keyDown","value":"î€‡"},{"type":"pause","duration":10},{"type":"keyUp","value":"î€‡"}]}]}
RESULT: {"actions":[{"id":"action56","type":"key","parameters":{},"actions":[{"type":"keyDown","value":"î€‡"},{"type":"pause","duration":10},{"type":"keyUp","value":"î€‡"}]}]}
RESULT: undefined
COMMAND: POST /session/17ac9b2ed7eebf123703e812e0574450/execute/async - {"script":"<script> [776 bytes]","args":[{"enterText":"Equipment Multipart WDIO","selector":{"id":"application-manageresources-display-component---newResourceUnit--SHORT_TEXT","interaction":{"idSuffix":"inner"}},"clearTextFirst":true,"interactionType":"ENTER_TEXT"}]}
COMMAND: GET /session/17ac9b2ed7eebf123703e812e0574450/screenshot - {}
RESULT: {"script":"<script> [776 bytes]","args":[{"enterText":"Equipment Multipart WDIO","selector":{"id":"application-manageresources-display-component---newResourceUnit--SHORT_TEXT","interaction":{"idSuffix":"inner"}},"clearTextFirst":true,"interactionType":"ENTER_TEXT"}]}
RESULT: undefined
COMMAND: POST /session/17ac9b2ed7eebf123703e812e0574450/execute/async - {"script":"<script> [776 bytes]","args":[{"enterText":"Piece","selector":{"id":"application-manageresources-display-component---newResourceUnit--BASE_UNIT_OF_MEASURE","interaction":{"idSuffix":"inner"}},"clearTextFirst":true,"interactionType":"ENTER_TEXT"}]}
RESULT: {}
RESULT: {"script":"<script> [776 bytes]","args":[{"enterText":"Piece","selector":{"id":"application-manageresources-display-component---newResourceUnit--BASE_UNIT_OF_MEASURE","interaction":{"idSuffix":"inner"}},"clearTextFirst":true,"interactionType":"ENTER_TEXT"}]}
RESULT: undefined
COMMAND: POST /session/17ac9b2ed7eebf123703e812e0574450/execute/async - {"script":"<script> [776 bytes]","args":[{"enterText":"Gram","selector":{"id":"application-manageresources-display-component---newResourceUnit--WEIGHT_UNIT","interaction":{"idSuffix":"inner"}},"clearTextFirst":true,"interactionType":"ENTER_TEXT"}]}
RESULT: {"script":"<script> [776 bytes]","args":[{"enterText":"Gram","selector":{"id":"application-manageresources-display-component---newResourceUnit--WEIGHT_UNIT","interaction":{"idSuffix":"inner"}},"clearTextFirst":true,"interactionType":"ENTER_TEXT"}]}
RESULT: undefined
COMMAND: POST /session/17ac9b2ed7eebf123703e812e0574450/execute/async - {"script":"<script> [776 bytes]","args":[{"enterText":"Meter","selector":{"id":"application-manageresources-display-component---newResourceUnit--DIMENSION_UNIT","interaction":{"idSuffix":"inner"}},"clearTextFirst":true,"interactionType":"ENTER_TEXT"}]}
RESULT: {"script":"<script> [776 bytes]","args":[{"enterText":"Meter","selector":{"id":"application-manageresources-display-component---newResourceUnit--DIMENSION_UNIT","interaction":{"idSuffix":"inner"}},"clearTextFirst":true,"interactionType":"ENTER_TEXT"}]}
RESULT: undefined
COMMAND: POST /session/17ac9b2ed7eebf123703e812e0574450/element - {"using":"xpath","value":"//*[@id=\"application-manageresources-display-component---newResourceUnit--newRRUPage-anchBar-application-manageresources-display-component---newResourceUnit--control-anchor\"]"}
RESULT: {"using":"xpath","value":"//*[@id=\"application-manageresources-display-component---newResourceUnit--newRRUPage-anchBar-application-manageresources-display-component---newResourceUnit--control-anchor\"]"}
COMMAND: POST /session/17ac9b2ed7eebf123703e812e0574450/element/f.025621EB997FE751E0C326B2CEC08C5E.d.C861F3C2A6C0C85840FEA03DCE6534E0.e.15768/click - {}
RESULT: {}
RESULT: undefined
COMMAND: POST /session/17ac9b2ed7eebf123703e812e0574450/execute/async - {"script":"<script> [776 bytes]","args":[{"enterText":"Heavy Equi","selector":{"id":"application-manageresources-display-component---newResourceUnit--PLANNING_GROUP","interaction":{"idSuffix":"inner"}},"clearTextFirst":true,"interactionType":"ENTER_TEXT"}]}
COMMAND: GET /session/17ac9b2ed7eebf123703e812e0574450/screenshot - {}
RESULT: {"script":"<script> [776 bytes]","args":[{"enterText":"Heavy Equi","selector":{"id":"application-manageresources-display-component---newResourceUnit--PLANNING_GROUP","interaction":{"idSuffix":"inner"}},"clearTextFirst":true,"interactionType":"ENTER_TEXT"}]}
RESULT: {}
COMMAND: POST /session/17ac9b2ed7eebf123703e812e0574450/execute/async - {"script":"<script> [1562 bytes]","args":[{"selector":{"id":"application-manageresources-display-component---newResourceUnit--PLANNING_INDICATOR","interaction":{"idSuffix":"inner"}},"wdio_ui5_key":"applicationmanageresources-display-component---newResourceUnit--PLANNING_INDICATOR"}]}
RESULT: {"script":"<script> [1562 bytes]","args":[{"selector":{"id":"application-manageresources-display-component---newResourceUnit--PLANNING_INDICATOR","interaction":{"idSuffix":"inner"}},"wdio_ui5_key":"applicationmanageresources-display-component---newResourceUnit--PLANNING_INDICATOR"}]}
RESULT: undefined
COMMAND: POST /session/17ac9b2ed7eebf123703e812e0574450/execute/async - {"script":"<script> [776 bytes]","args":[{"enterText":"10 - infinite","selector":{"id":"application-manageresources-display-component---newResourceUnit--PLANNING_INDICATOR","interaction":{"idSuffix":"inner"}},"clearTextFirst":true,"interactionType":"ENTER_TEXT"}]}
RESULT: {"script":"<script> [776 bytes]","args":[{"enterText":"10 - infinite","selector":{"id":"application-manageresources-display-component---newResourceUnit--PLANNING_INDICATOR","interaction":{"idSuffix":"inner"}},"clearTextFirst":true,"interactionType":"ENTER_TEXT"}]}
RESULT: undefined
COMMAND: POST /session/17ac9b2ed7eebf123703e812e0574450/element - {"using":"xpath","value":"//*[@id=\"application-manageresources-display-component---newResourceUnit--ITEM_TYPE-arrow\"]"}
RESULT: {"using":"xpath","value":"//*[@id=\"application-manageresources-display-component---newResourceUnit--ITEM_TYPE-arrow\"]"}
COMMAND: POST /session/17ac9b2ed7eebf123703e812e0574450/element/f.025621EB997FE751E0C326B2CEC08C5E.d.C861F3C2A6C0C85840FEA03DCE6534E0.e.15775/click - {}
RESULT: {}
COMMAND: GET /session/17ac9b2ed7eebf123703e812e0574450/screenshot - {}
RESULT: {}
COMMAND: POST /session/17ac9b2ed7eebf123703e812e0574450/execute/async - {"script":"<script> [1562 bytes]","args":[{"selector":{"controlType":"sap.m.StandardListItem","viewName":"reusables.view.manageresources.NewResourceUnit","viewId":"application-manageresources-display-component---newResourceUnit","properties":{"title":"Pool Equipment"},"searchOpenDialogs":true,"interaction":{"idSuffix":"content"}},"wdio_ui5_key":"reusablesview.manageresources.NewResourceUnitsap.m.StandardListItem{\"title\":\"Pool Equipment\"}"}]}
RESULT: {"script":"<script> [1562 bytes]","args":[{"selector":{"controlType":"sap.m.StandardListItem","viewName":"reusables.view.manageresources.NewResourceUnit","viewId":"application-manageresources-display-component---newResourceUnit","properties":{"title":"Pool Equipment"},"searchOpenDialogs":true,"interaction":{"idSuffix":"content"}},"wdio_ui5_key":"reusablesview.manageresources.NewResourceUnitsap.m.StandardListItem{\"title\":\"Pool Equipment\"}"}]}
RESULT: undefined
COMMAND: POST /session/17ac9b2ed7eebf123703e812e0574450/element - {"using":"xpath","value":"//*[@id=\"__item1628\"]"}
RESULT: {"using":"xpath","value":"//*[@id=\"__item1628\"]"}
COMMAND: POST /session/17ac9b2ed7eebf123703e812e0574450/element/f.025621EB997FE751E0C326B2CEC08C5E.d.C861F3C2A6C0C85840FEA03DCE6534E0.e.15777/click - {}
RESULT: {}
COMMAND: GET /session/17ac9b2ed7eebf123703e812e0574450/screenshot - {}
RESULT: {}
COMMAND: POST /session/17ac9b2ed7eebf123703e812e0574450/element - {"using":"css selector","value":"#application-manageresources-display-component---newResourceUnit--btnAddTimeSegment"}
RESULT: {"using":"css selector","value":"#application-manageresources-display-component---newResourceUnit--btnAddTimeSegment"}
COMMAND: GET /session/17ac9b2ed7eebf123703e812e0574450/element/f.025621EB997FE751E0C326B2CEC08C5E.d.C861F3C2A6C0C85840FEA03DCE6534E0.e.15839/rect - {}
RESULT: {}
COMMAND: GET /session/17ac9b2ed7eebf123703e812e0574450/window/rect - {}
RESULT: {}
COMMAND: POST /session/17ac9b2ed7eebf123703e812e0574450/execute/sync - {"script":"<script> [92 bytes]","args":[]}
RESULT: {"script":"<script> [92 bytes]","args":[]}
COMMAND: POST /session/17ac9b2ed7eebf123703e812e0574450/actions - {"actions":[{"id":"action57","type":"wheel","parameters":{},"actions":[{"type":"scroll","x":-1888,"y":-32,"deltaX":0,"deltaY":0,"duration":0,"origin":{"element-6066-11e4-a52e-4f735466cecf":"f.025621EB997FE751E0C326B2CEC08C5E.d.C861F3C2A6C0C85840FEA03DCE6534E0.e.15839"}}]}]}
COMMAND: GET /session/17ac9b2ed7eebf123703e812e0574450/screenshot - {}
RESULT: {}
COMMAND: POST /session/17ac9b2ed7eebf123703e812e0574450/execute/sync - {"script":"<script> [79 bytes]","args":[{"element-6066-11e4-a52e-4f735466cecf":"f.025621EB997FE751E0C326B2CEC08C5E.d.C861F3C2A6C0C85840FEA03DCE6534E0.e.15839","ELEMENT":"f.025621EB997FE751E0C326B2CEC08C5E.d.C861F3C2A6C0C85840FEA03DCE6534E0.e.15839"},{"block":"start","inline":"nearest"}]}
RESULT: {"script":"<script> [79 bytes]","args":[{"element-6066-11e4-a52e-4f735466cecf":"f.025621EB997FE751E0C326B2CEC08C5E.d.C861F3C2A6C0C85840FEA03DCE6534E0.e.15839","ELEMENT":"f.025621EB997FE751E0C326B2CEC08C5E.d.C861F3C2A6C0C85840FEA03DCE6534E0.e.15839"},{"block":"start","inline":"nearest"}]}
RESULT: undefined
COMMAND: POST /session/17ac9b2ed7eebf123703e812e0574450/element - {"using":"xpath","value":"//*[@id=\"application-manageresources-display-component---newResourceUnit--btnAddTimeSegment\"]"}
COMMAND: GET /session/17ac9b2ed7eebf123703e812e0574450/screenshot - {}
RESULT: {"using":"xpath","value":"//*[@id=\"application-manageresources-display-component---newResourceUnit--btnAddTimeSegment\"]"}
COMMAND: POST /session/17ac9b2ed7eebf123703e812e0574450/element/f.025621EB997FE751E0C326B2CEC08C5E.d.C861F3C2A6C0C85840FEA03DCE6534E0.e.15839/click - {}
RESULT: {}
RESULT: {}
COMMAND: GET /session/17ac9b2ed7eebf123703e812e0574450/screenshot - {}
RESULT: {}
COMMAND: POST /session/17ac9b2ed7eebf123703e812e0574450/element - {"using":"xpath","value":"//input[@id=\"application-manageresources-display-component---newResourceUnit--idRuTSAdmin-application-manageresources-display-component---newResourceUnit--RUTimeSegment-0-inner\"]"}
RESULT: {"using":"xpath","value":"//input[@id=\"application-manageresources-display-component---newResourceUnit--idRuTSAdmin-application-manageresources-display-component---newResourceUnit--RUTimeSegment-0-inner\"]"}
COMMAND: POST /session/17ac9b2ed7eebf123703e812e0574450/element/f.025621EB997FE751E0C326B2CEC08C5E.d.C861F3C2A6C0C85840FEA03DCE6534E0.e.15844/clear - {}
RESULT: {}
COMMAND: POST /session/17ac9b2ed7eebf123703e812e0574450/element/f.025621EB997FE751E0C326B2CEC08C5E.d.C861F3C2A6C0C85840FEA03DCE6534E0.e.15844/value - {"text":"594"}
COMMAND: GET /session/17ac9b2ed7eebf123703e812e0574450/screenshot - {}
RESULT: {"text":"594"}
COMMAND: GET /session/17ac9b2ed7eebf123703e812e0574450/screenshot - {}
RESULT: {}
RESULT: {}
COMMAND: POST /session/17ac9b2ed7eebf123703e812e0574450/element - {"using":"xpath","value":"//li[.//span[text()='594']]"}
RESULT: {"using":"xpath","value":"//li[.//span[text()='594']]"}
COMMAND: POST /session/17ac9b2ed7eebf123703e812e0574450/element/f.025621EB997FE751E0C326B2CEC08C5E.d.C861F3C2A6C0C85840FEA03DCE6534E0.e.15857/click - {}
RESULT: {}
COMMAND: GET /session/17ac9b2ed7eebf123703e812e0574450/screenshot - {}
RESULT: {}
COMMAND: POST /session/17ac9b2ed7eebf123703e812e0574450/element - {"using":"xpath","value":"(//span[contains(@id, \"-application-manageresources-display-component---newResourceUnit--RUTimeSegment-0-arrow\")])[5]"}
RESULT: {"using":"xpath","value":"(//span[contains(@id, \"-application-manageresources-display-component---newResourceUnit--RUTimeSegment-0-arrow\")])[5]"}
COMMAND: POST /session/17ac9b2ed7eebf123703e812e0574450/element/f.025621EB997FE751E0C326B2CEC08C5E.d.C861F3C2A6C0C85840FEA03DCE6534E0.e.15858/click - {}
RESULT: {}
COMMAND: GET /session/17ac9b2ed7eebf123703e812e0574450/screenshot - {}
RESULT: {}
COMMAND: POST /session/17ac9b2ed7eebf123703e812e0574450/element - {"using":"xpath","value":"//span[contains(text(), \"PM Order\")]"}
RESULT: {"using":"xpath","value":"//span[contains(text(), \"PM Order\")]"}
COMMAND: POST /session/17ac9b2ed7eebf123703e812e0574450/element/f.025621EB997FE751E0C326B2CEC08C5E.d.C861F3C2A6C0C85840FEA03DCE6534E0.e.15859/click - {}
RESULT: {}
COMMAND: GET /session/17ac9b2ed7eebf123703e812e0574450/screenshot - {}
RESULT: {}
COMMAND: POST /session/17ac9b2ed7eebf123703e812e0574450/element - {"using":"xpath","value":"(//span[contains(@id ,\"manageresources-display-component---newResourceUnit--RUTimeSegment-0-vhi\")])[1]"}
RESULT: {"using":"xpath","value":"(//span[contains(@id ,\"manageresources-display-component---newResourceUnit--RUTimeSegment-0-vhi\")])[1]"}
COMMAND: GET /session/17ac9b2ed7eebf123703e812e0574450/element/f.025621EB997FE751E0C326B2CEC08C5E.d.C861F3C2A6C0C85840FEA03DCE6534E0.e.15863/rect - {}
RESULT: {}
COMMAND: GET /session/17ac9b2ed7eebf123703e812e0574450/window/rect - {}
RESULT: {}
COMMAND: POST /session/17ac9b2ed7eebf123703e812e0574450/execute/sync - {"script":"<script> [92 bytes]","args":[]}
RESULT: {"script":"<script> [92 bytes]","args":[]}
COMMAND: POST /session/17ac9b2ed7eebf123703e812e0574450/actions - {"actions":[{"id":"action58","type":"wheel","parameters":{},"actions":[{"type":"scroll","x":-1888,"y":-24,"deltaX":0,"deltaY":0,"duration":0,"origin":{"element-6066-11e4-a52e-4f735466cecf":"f.025621EB997FE751E0C326B2CEC08C5E.d.C861F3C2A6C0C85840FEA03DCE6534E0.e.15863"}}]}]}
COMMAND: GET /session/17ac9b2ed7eebf123703e812e0574450/screenshot - {}
RESULT: {}
COMMAND: POST /session/17ac9b2ed7eebf123703e812e0574450/execute/sync - {"script":"<script> [79 bytes]","args":[{"element-6066-11e4-a52e-4f735466cecf":"f.025621EB997FE751E0C326B2CEC08C5E.d.C861F3C2A6C0C85840FEA03DCE6534E0.e.15863","ELEMENT":"f.025621EB997FE751E0C326B2CEC08C5E.d.C861F3C2A6C0C85840FEA03DCE6534E0.e.15863"},{"block":"start","inline":"nearest"}]}
RESULT: {"script":"<script> [79 bytes]","args":[{"element-6066-11e4-a52e-4f735466cecf":"f.025621EB997FE751E0C326B2CEC08C5E.d.C861F3C2A6C0C85840FEA03DCE6534E0.e.15863","ELEMENT":"f.025621EB997FE751E0C326B2CEC08C5E.d.C861F3C2A6C0C85840FEA03DCE6534E0.e.15863"},{"block":"start","inline":"nearest"}]}
COMMAND: GET /session/17ac9b2ed7eebf123703e812e0574450/screenshot - {}
RESULT: {}
COMMAND: POST /session/17ac9b2ed7eebf123703e812e0574450/element/f.025621EB997FE751E0C326B2CEC08C5E.d.C861F3C2A6C0C85840FEA03DCE6534E0.e.15863/click - {}
RESULT: {}
COMMAND: GET /session/17ac9b2ed7eebf123703e812e0574450/screenshot - {}
RESULT: {}
RESULT: undefined
COMMAND: POST /session/17ac9b2ed7eebf123703e812e0574450/execute/async - {"script":"<script> [776 bytes]","args":[{"enterText":"4000360","selector":{"controlType":"sap.m.SearchField","properties":{"placeholder":"Search"},"searchOpenDialogs":true,"interaction":{"idSuffix":"I"}},"clearTextFirst":true,"interactionType":"ENTER_TEXT"}]}
RESULT: {"script":"<script> [776 bytes]","args":[{"enterText":"4000360","selector":{"controlType":"sap.m.SearchField","properties":{"placeholder":"Search"},"searchOpenDialogs":true,"interaction":{"idSuffix":"I"}},"clearTextFirst":true,"interactionType":"ENTER_TEXT"}]}
COMMAND: POST /session/17ac9b2ed7eebf123703e812e0574450/actions - {"actions":[{"id":"action59","type":"key","parameters":{},"actions":[{"type":"keyDown","value":"î€‡"},{"type":"pause","duration":10},{"type":"keyUp","value":"î€‡"}]}]}
RESULT: {"actions":[{"id":"action59","type":"key","parameters":{},"actions":[{"type":"keyDown","value":"î€‡"},{"type":"pause","duration":10},{"type":"keyUp","value":"î€‡"}]}]}
COMMAND: GET /session/17ac9b2ed7eebf123703e812e0574450/screenshot - {}
RESULT: {}
COMMAND: POST /session/17ac9b2ed7eebf123703e812e0574450/element - {"using":"xpath","value":"//td/div/span[contains(text(), \"BGL Vehicles\")]"}
RESULT: {"using":"xpath","value":"//td/div/span[contains(text(), \"BGL Vehicles\")]"}
COMMAND: POST /session/17ac9b2ed7eebf123703e812e0574450/element/f.025621EB997FE751E0C326B2CEC08C5E.d.C861F3C2A6C0C85840FEA03DCE6534E0.e.15883/click - {}
RESULT: {}
COMMAND: GET /session/17ac9b2ed7eebf123703e812e0574450/screenshot - {}
RESULT: {}
COMMAND: POST /session/17ac9b2ed7eebf123703e812e0574450/element - {"using":"xpath","value":"//bdi[contains(text(), \"OK\")]"}
RESULT: {"using":"xpath","value":"//bdi[contains(text(), \"OK\")]"}
COMMAND: POST /session/17ac9b2ed7eebf123703e812e0574450/element/f.025621EB997FE751E0C326B2CEC08C5E.d.C861F3C2A6C0C85840FEA03DCE6534E0.e.15884/click - {}
RESULT: {}
COMMAND: GET /session/17ac9b2ed7eebf123703e812e0574450/screenshot - {}
RESULT: {}
COMMAND: POST /session/17ac9b2ed7eebf123703e812e0574450/element - {"using":"xpath","value":"//label[contains(@class, 'sapMLabelRequired') and .//bdi[contains(text(), 'Planned Retirement')]]"}
RESULT: {"using":"xpath","value":"//label[contains(@class, 'sapMLabelRequired') and .//bdi[contains(text(), 'Planned Retirement')]]"}
COMMAND: POST /session/17ac9b2ed7eebf123703e812e0574450/elements - {"using":"xpath","value":"//label[contains(@class, 'sapMLabelRequired') and .//bdi[contains(text(), 'Planned Retirement')]]"}
RESULT: {"using":"xpath","value":"//label[contains(@class, 'sapMLabelRequired') and .//bdi[contains(text(), 'Planned Retirement')]]"}
COMMAND: POST /session/17ac9b2ed7eebf123703e812e0574450/element - {"using":"xpath","value":"//button[@data-kt=\"resourceUnitSaveButton\"]"}
RESULT: {"using":"xpath","value":"//button[@data-kt=\"resourceUnitSaveButton\"]"}
COMMAND: POST /session/17ac9b2ed7eebf123703e812e0574450/element/f.025621EB997FE751E0C326B2CEC08C5E.d.C861F3C2A6C0C85840FEA03DCE6534E0.e.15656/click - {}
RESULT: {}
COMMAND: GET /session/17ac9b2ed7eebf123703e812e0574450/screenshot - {}
RESULT: {}
COMMAND: POST /session/17ac9b2ed7eebf123703e812e0574450/element - {"using":"xpath","value":"//bdi[contains(text(), \"Close\")]"}
RESULT: {"using":"xpath","value":"//bdi[contains(text(), \"Close\")]"}
COMMAND: POST /session/17ac9b2ed7eebf123703e812e0574450/element/f.025621EB997FE751E0C326B2CEC08C5E.d.C861F3C2A6C0C85840FEA03DCE6534E0.e.15891/click - {}
RESULT: {}
COMMAND: GET /session/17ac9b2ed7eebf123703e812e0574450/screenshot - {}
RESULT: {}
COMMAND: POST /session/17ac9b2ed7eebf123703e812e0574450/element - {"using":"xpath","value":"//header[contains(@id, 'detailRruPage-headerTitle')]/div[1]/div[2]/div[2]/span[1]"}
RESULT: {"using":"xpath","value":"//header[contains(@id, 'detailRruPage-headerTitle')]/div[1]/div[2]/div[2]/span[1]"}
COMMAND: POST /session/17ac9b2ed7eebf123703e812e0574450/elements - {"using":"xpath","value":"//header[contains(@id, 'detailRruPage-headerTitle')]/div[1]/div[2]/div[2]/span[1]"}
RESULT: {"using":"xpath","value":"//header[contains(@id, 'detailRruPage-headerTitle')]/div[1]/div[2]/div[2]/span[1]"}
COMMAND: POST /session/17ac9b2ed7eebf123703e812e0574450/execute/sync - {"script":"<script> [56 bytes]","args":[{"element-6066-11e4-a52e-4f735466cecf":"f.025621EB997FE751E0C326B2CEC08C5E.d.C861F3C2A6C0C85840FEA03DCE6534E0.e.15915","ELEMENT":"f.025621EB997FE751E0C326B2CEC08C5E.d.C861F3C2A6C0C85840FEA03DCE6534E0.e.15915"}]}
RESULT: {"script":"<script> [56 bytes]","args":[{"element-6066-11e4-a52e-4f735466cecf":"f.025621EB997FE751E0C326B2CEC08C5E.d.C861F3C2A6C0C85840FEA03DCE6534E0.e.15915","ELEMENT":"f.025621EB997FE751E0C326B2CEC08C5E.d.C861F3C2A6C0C85840FEA03DCE6534E0.e.15915"}]}
COMMAND: POST /session/17ac9b2ed7eebf123703e812e0574450/element - {"using":"css selector","value":"#shell-header-logo"}
COMMAND: GET /session/17ac9b2ed7eebf123703e812e0574450/screenshot - {}
RESULT: {"using":"css selector","value":"#shell-header-logo"}
COMMAND: POST /session/17ac9b2ed7eebf123703e812e0574450/element/f.025621EB997FE751E0C326B2CEC08C5E.d.C861F3C2A6C0C85840FEA03DCE6534E0.e.15239/click - {}
RESULT: {}
RESULT: {}
COMMAND: GET /session/17ac9b2ed7eebf123703e812e0574450/screenshot - {}
RESULT: {}
]]></system-out>
    </testcase>
  </testsuite>
</testsuites>