<?xml version="1.0" encoding="UTF-8"?>
<testsuites tests="15" failures="0" errors="0" skipped="0">
  <testsuite timestamp="2025-06-14T16:32:37" time="892.175" tests="9" failures="0" errors="0" skipped="0">
    <properties>
      <property name="specId" value="0"/>
      <property name="suiteName" value="Prerequisites &amp; test for yard mass return on Yard Overview US131057"/>
      <property name="capabilities" value="chrome.137_0_7151_69.windows"/>
      <property name="file" value="file:///D:/a/1/s/test/specs/HTR/yard-mass-return.spec.js"/>
    </properties>
    <testcase classname="chrome.137_0_7151_69.windows.Prerequisites_&amp;_test_for_yard_mass_return_on_Yard_Overview_US131057" name="Prereq Should create a new yard used for all following tests" time="126.803">
      <system-out><![CDATA[
COMMAND: POST /session/9a6d02befdf50e53554cb3562a200a44/window/fullscreen - {}
RESULT: {}
COMMAND: POST /session/9a6d02befdf50e53554cb3562a200a44/execute/async - {"script":"<script> [1562 bytes]","args":[{"selector":{"controlType":"sap.m.GenericTile","properties":{"header":"Manage Yards"}},"wdio_ui5_key":"sapm.GenericTile{\"header\":\"Manage Yards\"}"}]}
RESULT: {"script":"<script> [1562 bytes]","args":[{"selector":{"controlType":"sap.m.GenericTile","properties":{"header":"Manage Yards"}},"wdio_ui5_key":"sapm.GenericTile{\"header\":\"Manage Yards\"}"}]}
RESULT: undefined
COMMAND: POST /session/9a6d02befdf50e53554cb3562a200a44/element - {"using":"xpath","value":"//*[@id=\"__tile42\"]"}
RESULT: {"using":"xpath","value":"//*[@id=\"__tile42\"]"}
COMMAND: POST /session/9a6d02befdf50e53554cb3562a200a44/element/f.936FEEFC3D507069A404F7345F2DEF67.d.BB30BFCA26F408E771CCD10E78691956.e.163/click - {}
RESULT: {}
COMMAND: GET /session/9a6d02befdf50e53554cb3562a200a44/screenshot - {}
RESULT: {}
COMMAND: POST /session/9a6d02befdf50e53554cb3562a200a44/elements - {"using":"xpath","value":"//span[text()='Error']"}
RESULT: {"using":"xpath","value":"//span[text()='Error']"}
COMMAND: POST /session/9a6d02befdf50e53554cb3562a200a44/element - {"using":"xpath","value":"//button[@data-kt=\"addNewYardOverflowToolbarButton\"]"}
RESULT: {"using":"xpath","value":"//button[@data-kt=\"addNewYardOverflowToolbarButton\"]"}
COMMAND: POST /session/9a6d02befdf50e53554cb3562a200a44/elements - {"using":"xpath","value":"//button[@data-kt=\"addNewYardOverflowToolbarButton\"]"}
RESULT: {"using":"xpath","value":"//button[@data-kt=\"addNewYardOverflowToolbarButton\"]"}
COMMAND: POST /session/9a6d02befdf50e53554cb3562a200a44/elements - {"using":"xpath","value":"//button[@data-kt=\"addNewYardOverflowToolbarButton\"]"}
RESULT: {"using":"xpath","value":"//button[@data-kt=\"addNewYardOverflowToolbarButton\"]"}
COMMAND: POST /session/9a6d02befdf50e53554cb3562a200a44/element - {"using":"xpath","value":"//button[@data-kt=\"addNewYardOverflowToolbarButton\"]"}
RESULT: {"using":"xpath","value":"//button[@data-kt=\"addNewYardOverflowToolbarButton\"]"}
COMMAND: POST /session/9a6d02befdf50e53554cb3562a200a44/execute/sync - {"script":"<script> [8489 bytes]","args":[{"element-6066-11e4-a52e-4f735466cecf":"f.936FEEFC3D507069A404F7345F2DEF67.d.BB30BFCA26F408E771CCD10E78691956.e.312","ELEMENT":"f.936FEEFC3D507069A404F7345F2DEF67.d.BB30BFCA26F408E771CCD10E78691956.e.312"}]}
RESULT: {"script":"<script> [8489 bytes]","args":[{"element-6066-11e4-a52e-4f735466cecf":"f.936FEEFC3D507069A404F7345F2DEF67.d.BB30BFCA26F408E771CCD10E78691956.e.312","ELEMENT":"f.936FEEFC3D507069A404F7345F2DEF67.d.BB30BFCA26F408E771CCD10E78691956.e.312"}]}
COMMAND: GET /session/9a6d02befdf50e53554cb3562a200a44/element/f.936FEEFC3D507069A404F7345F2DEF67.d.BB30BFCA26F408E771CCD10E78691956.e.312/enabled - {}
COMMAND: GET /session/9a6d02befdf50e53554cb3562a200a44/screenshot - {}
RESULT: {}
COMMAND: POST /session/9a6d02befdf50e53554cb3562a200a44/execute/sync - {"script":"<script> [8489 bytes]","args":[{"element-6066-11e4-a52e-4f735466cecf":"f.936FEEFC3D507069A404F7345F2DEF67.d.BB30BFCA26F408E771CCD10E78691956.e.312","ELEMENT":"f.936FEEFC3D507069A404F7345F2DEF67.d.BB30BFCA26F408E771CCD10E78691956.e.312"}]}
COMMAND: GET /session/9a6d02befdf50e53554cb3562a200a44/screenshot - {}
RESULT: {}
RESULT: {"script":"<script> [8489 bytes]","args":[{"element-6066-11e4-a52e-4f735466cecf":"f.936FEEFC3D507069A404F7345F2DEF67.d.BB30BFCA26F408E771CCD10E78691956.e.312","ELEMENT":"f.936FEEFC3D507069A404F7345F2DEF67.d.BB30BFCA26F408E771CCD10E78691956.e.312"}]}
COMMAND: POST /session/9a6d02befdf50e53554cb3562a200a44/execute/sync - {"script":"<script> [5351 bytes]","args":[{"element-6066-11e4-a52e-4f735466cecf":"f.936FEEFC3D507069A404F7345F2DEF67.d.BB30BFCA26F408E771CCD10E78691956.e.312","ELEMENT":"f.936FEEFC3D507069A404F7345F2DEF67.d.BB30BFCA26F408E771CCD10E78691956.e.312"}]}
COMMAND: GET /session/9a6d02befdf50e53554cb3562a200a44/screenshot - {}
RESULT: {}
RESULT: {"script":"<script> [5351 bytes]","args":[{"element-6066-11e4-a52e-4f735466cecf":"f.936FEEFC3D507069A404F7345F2DEF67.d.BB30BFCA26F408E771CCD10E78691956.e.312","ELEMENT":"f.936FEEFC3D507069A404F7345F2DEF67.d.BB30BFCA26F408E771CCD10E78691956.e.312"}]}
COMMAND: POST /session/9a6d02befdf50e53554cb3562a200a44/element/f.936FEEFC3D507069A404F7345F2DEF67.d.BB30BFCA26F408E771CCD10E78691956.e.312/click - {}
COMMAND: GET /session/9a6d02befdf50e53554cb3562a200a44/screenshot - {}
RESULT: {}
RESULT: {}
COMMAND: GET /session/9a6d02befdf50e53554cb3562a200a44/screenshot - {}
RESULT: {}
RESULT: {}
COMMAND: POST /session/9a6d02befdf50e53554cb3562a200a44/element - {"using":"xpath","value":"//input[@id=\"application-manageyards-display-component---NewYard--yardId-inner\"]"}
RESULT: {"using":"xpath","value":"//input[@id=\"application-manageyards-display-component---NewYard--yardId-inner\"]"}
COMMAND: POST /session/9a6d02befdf50e53554cb3562a200a44/element - {"using":"xpath","value":"//input[@id=\"application-manageyards-display-component---NewYard--yardId-inner\"]"}
RESULT: {"using":"xpath","value":"//input[@id=\"application-manageyards-display-component---NewYard--yardId-inner\"]"}
COMMAND: POST /session/9a6d02befdf50e53554cb3562a200a44/execute/async - {"script":"<script> [1562 bytes]","args":[{"selector":{"id":"application-manageyards-display-component---NewYard--addressDetailDetailsName1","interaction":{"idSuffix":"inner"}},"wdio_ui5_key":"applicationmanageyards-display-component---NewYard--addressDetailDetailsName1"}]}
RESULT: {"script":"<script> [1562 bytes]","args":[{"selector":{"id":"application-manageyards-display-component---NewYard--addressDetailDetailsName1","interaction":{"idSuffix":"inner"}},"wdio_ui5_key":"applicationmanageyards-display-component---NewYard--addressDetailDetailsName1"}]}
RESULT: undefined
COMMAND: POST /session/9a6d02befdf50e53554cb3562a200a44/execute/async - {"script":"<script> [776 bytes]","args":[{"enterText":"Other Yard WDIO","selector":{"id":"application-manageyards-display-component---NewYard--addressDetailDetailsName1","interaction":{"idSuffix":"inner"}},"clearTextFirst":true,"interactionType":"ENTER_TEXT"}]}
RESULT: {"script":"<script> [776 bytes]","args":[{"enterText":"Other Yard WDIO","selector":{"id":"application-manageyards-display-component---NewYard--addressDetailDetailsName1","interaction":{"idSuffix":"inner"}},"clearTextFirst":true,"interactionType":"ENTER_TEXT"}]}
COMMAND: POST /session/9a6d02befdf50e53554cb3562a200a44/execute/async - {"script":"<script> [1562 bytes]","args":[{"selector":{"id":"application-manageyards-display-component---NewYard--addressDetailDetailsLanguage-arrow"},"wdio_ui5_key":"applicationmanageyards-display-component---NewYard--addressDetailDetailsLanguage-arrow"}]}
RESULT: {"script":"<script> [1562 bytes]","args":[{"selector":{"id":"application-manageyards-display-component---NewYard--addressDetailDetailsLanguage-arrow"},"wdio_ui5_key":"applicationmanageyards-display-component---NewYard--addressDetailDetailsLanguage-arrow"}]}
RESULT: undefined
COMMAND: POST /session/9a6d02befdf50e53554cb3562a200a44/element - {"using":"xpath","value":"//*[@id=\"application-manageyards-display-component---NewYard--addressDetailDetailsLanguage-arrow\"]"}
RESULT: {"using":"xpath","value":"//*[@id=\"application-manageyards-display-component---NewYard--addressDetailDetailsLanguage-arrow\"]"}
COMMAND: POST /session/9a6d02befdf50e53554cb3562a200a44/element/f.936FEEFC3D507069A404F7345F2DEF67.d.BB30BFCA26F408E771CCD10E78691956.e.736/click - {}
RESULT: {}
COMMAND: POST /session/9a6d02befdf50e53554cb3562a200a44/element - {"using":"xpath","value":"//span[contains(text(), \"English\")]"}
COMMAND: GET /session/9a6d02befdf50e53554cb3562a200a44/screenshot - {}
RESULT: {"using":"xpath","value":"//span[contains(text(), \"English\")]"}
COMMAND: POST /session/9a6d02befdf50e53554cb3562a200a44/element/f.936FEEFC3D507069A404F7345F2DEF67.d.BB30BFCA26F408E771CCD10E78691956.e.737/click - {}
RESULT: {}
RESULT: {}
COMMAND: POST /session/9a6d02befdf50e53554cb3562a200a44/execute/async - {"script":"<script> [1562 bytes]","args":[{"selector":{"id":"application-manageyards-display-component---NewYard--addressDetailDetailsCity1","interaction":{"idSuffix":"inner"}},"wdio_ui5_key":"applicationmanageyards-display-component---NewYard--addressDetailDetailsCity1"}]}
COMMAND: GET /session/9a6d02befdf50e53554cb3562a200a44/screenshot - {}
RESULT: {"script":"<script> [1562 bytes]","args":[{"selector":{"id":"application-manageyards-display-component---NewYard--addressDetailDetailsCity1","interaction":{"idSuffix":"inner"}},"wdio_ui5_key":"applicationmanageyards-display-component---NewYard--addressDetailDetailsCity1"}]}
RESULT: undefined
COMMAND: POST /session/9a6d02befdf50e53554cb3562a200a44/execute/async - {"script":"<script> [776 bytes]","args":[{"enterText":"Rosario","selector":{"id":"application-manageyards-display-component---NewYard--addressDetailDetailsCity1","interaction":{"idSuffix":"inner"}},"clearTextFirst":true,"interactionType":"ENTER_TEXT"}]}
RESULT: {}
RESULT: {"script":"<script> [776 bytes]","args":[{"enterText":"Rosario","selector":{"id":"application-manageyards-display-component---NewYard--addressDetailDetailsCity1","interaction":{"idSuffix":"inner"}},"clearTextFirst":true,"interactionType":"ENTER_TEXT"}]}
COMMAND: POST /session/9a6d02befdf50e53554cb3562a200a44/execute/async - {"script":"<script> [1562 bytes]","args":[{"selector":{"id":"application-manageyards-display-component---NewYard--addressDetailDetailsCountry-arrow"},"wdio_ui5_key":"applicationmanageyards-display-component---NewYard--addressDetailDetailsCountry-arrow"}]}
RESULT: {"script":"<script> [1562 bytes]","args":[{"selector":{"id":"application-manageyards-display-component---NewYard--addressDetailDetailsCountry-arrow"},"wdio_ui5_key":"applicationmanageyards-display-component---NewYard--addressDetailDetailsCountry-arrow"}]}
RESULT: undefined
COMMAND: POST /session/9a6d02befdf50e53554cb3562a200a44/element - {"using":"xpath","value":"//*[@id=\"application-manageyards-display-component---NewYard--addressDetailDetailsCountry-arrow\"]"}
RESULT: {"using":"xpath","value":"//*[@id=\"application-manageyards-display-component---NewYard--addressDetailDetailsCountry-arrow\"]"}
COMMAND: POST /session/9a6d02befdf50e53554cb3562a200a44/element/f.936FEEFC3D507069A404F7345F2DEF67.d.BB30BFCA26F408E771CCD10E78691956.e.739/click - {}
RESULT: {}
COMMAND: POST /session/9a6d02befdf50e53554cb3562a200a44/element - {"using":"xpath","value":"//span[contains(text(), \"Argentina\")]"}
COMMAND: GET /session/9a6d02befdf50e53554cb3562a200a44/screenshot - {}
RESULT: {}
RESULT: {"using":"xpath","value":"//span[contains(text(), \"Argentina\")]"}
COMMAND: POST /session/9a6d02befdf50e53554cb3562a200a44/element/f.936FEEFC3D507069A404F7345F2DEF67.d.BB30BFCA26F408E771CCD10E78691956.e.741/click - {}
RESULT: {}
COMMAND: POST /session/9a6d02befdf50e53554cb3562a200a44/execute/async - {"script":"<script> [1562 bytes]","args":[{"selector":{"id":"application-manageyards-display-component---NewYard--addressEditDetailsCostObjectCstType-arrow"},"wdio_ui5_key":"applicationmanageyards-display-component---NewYard--addressEditDetailsCostObjectCstType-arrow"}]}
COMMAND: GET /session/9a6d02befdf50e53554cb3562a200a44/screenshot - {}
RESULT: {"script":"<script> [1562 bytes]","args":[{"selector":{"id":"application-manageyards-display-component---NewYard--addressEditDetailsCostObjectCstType-arrow"},"wdio_ui5_key":"applicationmanageyards-display-component---NewYard--addressEditDetailsCostObjectCstType-arrow"}]}
RESULT: undefined
COMMAND: POST /session/9a6d02befdf50e53554cb3562a200a44/element - {"using":"xpath","value":"//*[@id=\"application-manageyards-display-component---NewYard--addressEditDetailsCostObjectCstType-arrow\"]"}
RESULT: {}
RESULT: {"using":"xpath","value":"//*[@id=\"application-manageyards-display-component---NewYard--addressEditDetailsCostObjectCstType-arrow\"]"}
COMMAND: POST /session/9a6d02befdf50e53554cb3562a200a44/element/f.936FEEFC3D507069A404F7345F2DEF67.d.BB30BFCA26F408E771CCD10E78691956.e.742/click - {}
RESULT: {}
COMMAND: POST /session/9a6d02befdf50e53554cb3562a200a44/element - {"using":"xpath","value":"//span[contains(text(), \"Cost Center\")]"}
COMMAND: GET /session/9a6d02befdf50e53554cb3562a200a44/screenshot - {}
RESULT: {"using":"xpath","value":"//span[contains(text(), \"Cost Center\")]"}
COMMAND: POST /session/9a6d02befdf50e53554cb3562a200a44/element/f.936FEEFC3D507069A404F7345F2DEF67.d.BB30BFCA26F408E771CCD10E78691956.e.743/click - {}
RESULT: {}
RESULT: {}
COMMAND: GET /session/9a6d02befdf50e53554cb3562a200a44/screenshot - {}
RESULT: {}
COMMAND: POST /session/9a6d02befdf50e53554cb3562a200a44/element - {"using":"xpath","value":"//span[@id=\"application-manageyards-display-component---NewYard--addressNewCostObjectCstID-vhi\"]"}
RESULT: {"using":"xpath","value":"//span[@id=\"application-manageyards-display-component---NewYard--addressNewCostObjectCstID-vhi\"]"}
COMMAND: POST /session/9a6d02befdf50e53554cb3562a200a44/execute/sync - {"script":"<script> [8489 bytes]","args":[{"element-6066-11e4-a52e-4f735466cecf":"f.936FEEFC3D507069A404F7345F2DEF67.d.BB30BFCA26F408E771CCD10E78691956.e.747","ELEMENT":"f.936FEEFC3D507069A404F7345F2DEF67.d.BB30BFCA26F408E771CCD10E78691956.e.747"}]}
RESULT: {"script":"<script> [8489 bytes]","args":[{"element-6066-11e4-a52e-4f735466cecf":"f.936FEEFC3D507069A404F7345F2DEF67.d.BB30BFCA26F408E771CCD10E78691956.e.747","ELEMENT":"f.936FEEFC3D507069A404F7345F2DEF67.d.BB30BFCA26F408E771CCD10E78691956.e.747"}]}
COMMAND: POST /session/9a6d02befdf50e53554cb3562a200a44/execute/async - {"script":"<script> [1562 bytes]","args":[{"selector":{"id":"application-manageyards-display-component---NewYard--addressNewCostObjectCstID-vhi"},"wdio_ui5_key":"applicationmanageyards-display-component---NewYard--addressNewCostObjectCstID-vhi"}]}
COMMAND: GET /session/9a6d02befdf50e53554cb3562a200a44/screenshot - {}
RESULT: {"script":"<script> [1562 bytes]","args":[{"selector":{"id":"application-manageyards-display-component---NewYard--addressNewCostObjectCstID-vhi"},"wdio_ui5_key":"applicationmanageyards-display-component---NewYard--addressNewCostObjectCstID-vhi"}]}
RESULT: undefined
COMMAND: POST /session/9a6d02befdf50e53554cb3562a200a44/element - {"using":"xpath","value":"//*[@id=\"application-manageyards-display-component---NewYard--addressNewCostObjectCstID-vhi\"]"}
RESULT: {}
RESULT: {"using":"xpath","value":"//*[@id=\"application-manageyards-display-component---NewYard--addressNewCostObjectCstID-vhi\"]"}
COMMAND: POST /session/9a6d02befdf50e53554cb3562a200a44/element/f.936FEEFC3D507069A404F7345F2DEF67.d.BB30BFCA26F408E771CCD10E78691956.e.747/click - {}
RESULT: {}
COMMAND: GET /session/9a6d02befdf50e53554cb3562a200a44/screenshot - {}
RESULT: {}
COMMAND: POST /session/9a6d02befdf50e53554cb3562a200a44/execute/async - {"script":"<script> [1562 bytes]","args":[{"selector":{"controlType":"sap.m.SearchField","properties":{"placeholder":"Search"},"searchOpenDialogs":true,"interaction":{"idSuffix":"I"}},"wdio_ui5_key":"sapm.SearchField{\"placeholder\":\"Search\"}"}]}
RESULT: {"script":"<script> [1562 bytes]","args":[{"selector":{"controlType":"sap.m.SearchField","properties":{"placeholder":"Search"},"searchOpenDialogs":true,"interaction":{"idSuffix":"I"}},"wdio_ui5_key":"sapm.SearchField{\"placeholder\":\"Search\"}"}]}
RESULT: undefined
COMMAND: POST /session/9a6d02befdf50e53554cb3562a200a44/execute/async - {"script":"<script> [776 bytes]","args":[{"enterText":"bauh_b","selector":{"controlType":"sap.m.SearchField","properties":{"placeholder":"Search"},"searchOpenDialogs":true,"interaction":{"idSuffix":"I"}},"clearTextFirst":true,"interactionType":"ENTER_TEXT"}]}
RESULT: {"script":"<script> [776 bytes]","args":[{"enterText":"bauh_b","selector":{"controlType":"sap.m.SearchField","properties":{"placeholder":"Search"},"searchOpenDialogs":true,"interaction":{"idSuffix":"I"}},"clearTextFirst":true,"interactionType":"ENTER_TEXT"}]}
COMMAND: POST /session/9a6d02befdf50e53554cb3562a200a44/actions - {"actions":[{"id":"action1","type":"key","parameters":{},"actions":[{"type":"keyDown","value":""},{"type":"pause","duration":10},{"type":"keyUp","value":""}]}]}
RESULT: {"actions":[{"id":"action1","type":"key","parameters":{},"actions":[{"type":"keyDown","value":""},{"type":"pause","duration":10},{"type":"keyUp","value":""}]}]}
COMMAND: GET /session/9a6d02befdf50e53554cb3562a200a44/screenshot - {}
RESULT: {}
COMMAND: POST /session/9a6d02befdf50e53554cb3562a200a44/element - {"using":"xpath","value":"//span[contains(text(), \"Demo Yard\")]"}
RESULT: {"using":"xpath","value":"//span[contains(text(), \"Demo Yard\")]"}
COMMAND: POST /session/9a6d02befdf50e53554cb3562a200a44/element/f.936FEEFC3D507069A404F7345F2DEF67.d.BB30BFCA26F408E771CCD10E78691956.e.789/click - {}
RESULT: {}
COMMAND: GET /session/9a6d02befdf50e53554cb3562a200a44/screenshot - {}
RESULT: {}
COMMAND: POST /session/9a6d02befdf50e53554cb3562a200a44/element - {"using":"xpath","value":"//bdi[contains(text(), \"OK\")]"}
RESULT: {"using":"xpath","value":"//bdi[contains(text(), \"OK\")]"}
COMMAND: POST /session/9a6d02befdf50e53554cb3562a200a44/element/f.936FEEFC3D507069A404F7345F2DEF67.d.BB30BFCA26F408E771CCD10E78691956.e.790/click - {}
RESULT: {}
COMMAND: GET /session/9a6d02befdf50e53554cb3562a200a44/screenshot - {}
RESULT: {}
COMMAND: POST /session/9a6d02befdf50e53554cb3562a200a44/execute/async - {"script":"<script> [1562 bytes]","args":[{"selector":{"id":"application-manageyards-display-component---NewYard--addressEditDetailsCurrency-arrow"},"wdio_ui5_key":"applicationmanageyards-display-component---NewYard--addressEditDetailsCurrency-arrow"}]}
RESULT: {"script":"<script> [1562 bytes]","args":[{"selector":{"id":"application-manageyards-display-component---NewYard--addressEditDetailsCurrency-arrow"},"wdio_ui5_key":"applicationmanageyards-display-component---NewYard--addressEditDetailsCurrency-arrow"}]}
RESULT: undefined
COMMAND: POST /session/9a6d02befdf50e53554cb3562a200a44/element - {"using":"xpath","value":"//*[@id=\"application-manageyards-display-component---NewYard--addressEditDetailsCurrency-arrow\"]"}
RESULT: {"using":"xpath","value":"//*[@id=\"application-manageyards-display-component---NewYard--addressEditDetailsCurrency-arrow\"]"}
COMMAND: POST /session/9a6d02befdf50e53554cb3562a200a44/element/f.936FEEFC3D507069A404F7345F2DEF67.d.BB30BFCA26F408E771CCD10E78691956.e.793/click - {}
RESULT: {}
COMMAND: POST /session/9a6d02befdf50e53554cb3562a200a44/element - {"using":"xpath","value":"//span[contains(text(), \"Euro\")]"}
COMMAND: GET /session/9a6d02befdf50e53554cb3562a200a44/screenshot - {}
RESULT: {"using":"xpath","value":"//span[contains(text(), \"Euro\")]"}
COMMAND: POST /session/9a6d02befdf50e53554cb3562a200a44/element/f.936FEEFC3D507069A404F7345F2DEF67.d.BB30BFCA26F408E771CCD10E78691956.e.794/click - {}
RESULT: {}
RESULT: {}
COMMAND: POST /session/9a6d02befdf50e53554cb3562a200a44/execute/async - {"script":"<script> [1562 bytes]","args":[{"selector":{"controlType":"sap.m.Input","viewName":"etm.portal.ui.manageyards.view.New","viewId":"application-manageyards-display-component---NewYard","bindingPath":{"path":"","propertyPath":"/CONTROLLING_AREA","modelName":"NewYardModel"},"interaction":{"idSuffix":"inner"}},"wdio_ui5_key":"etmportal.ui.manageyards.view.Newsap.m.Input{\"path\":\"\",\"propertyPath\":\"/CONTROLLING_AREA\",\"modelName\":\"NewYardModel\"}"}]}
COMMAND: GET /session/9a6d02befdf50e53554cb3562a200a44/screenshot - {}
RESULT: {"script":"<script> [1562 bytes]","args":[{"selector":{"controlType":"sap.m.Input","viewName":"etm.portal.ui.manageyards.view.New","viewId":"application-manageyards-display-component---NewYard","bindingPath":{"path":"","propertyPath":"/CONTROLLING_AREA","modelName":"NewYardModel"},"interaction":{"idSuffix":"inner"}},"wdio_ui5_key":"etmportal.ui.manageyards.view.Newsap.m.Input{\"path\":\"\",\"propertyPath\":\"/CONTROLLING_AREA\",\"modelName\":\"NewYardModel\"}"}]}
RESULT: undefined
COMMAND: POST /session/9a6d02befdf50e53554cb3562a200a44/execute/async - {"script":"<script> [776 bytes]","args":[{"enterText":"Z001","selector":{"controlType":"sap.m.Input","viewName":"etm.portal.ui.manageyards.view.New","viewId":"application-manageyards-display-component---NewYard","bindingPath":{"path":"","propertyPath":"/CONTROLLING_AREA","modelName":"NewYardModel"},"interaction":{"idSuffix":"inner"}},"clearTextFirst":true,"interactionType":"ENTER_TEXT"}]}
RESULT: {}
RESULT: {"script":"<script> [776 bytes]","args":[{"enterText":"Z001","selector":{"controlType":"sap.m.Input","viewName":"etm.portal.ui.manageyards.view.New","viewId":"application-manageyards-display-component---NewYard","bindingPath":{"path":"","propertyPath":"/CONTROLLING_AREA","modelName":"NewYardModel"},"interaction":{"idSuffix":"inner"}},"clearTextFirst":true,"interactionType":"ENTER_TEXT"}]}
COMMAND: POST /session/9a6d02befdf50e53554cb3562a200a44/execute/async - {"script":"<script> [1562 bytes]","args":[{"selector":{"id":"application-manageyards-display-component---NewYard--companyCodeComboBox","interaction":{"idSuffix":"inner"}},"wdio_ui5_key":"applicationmanageyards-display-component---NewYard--companyCodeComboBox"}]}
RESULT: {"script":"<script> [1562 bytes]","args":[{"selector":{"id":"application-manageyards-display-component---NewYard--companyCodeComboBox","interaction":{"idSuffix":"inner"}},"wdio_ui5_key":"applicationmanageyards-display-component---NewYard--companyCodeComboBox"}]}
RESULT: undefined
COMMAND: POST /session/9a6d02befdf50e53554cb3562a200a44/execute/async - {"script":"<script> [776 bytes]","args":[{"enterText":"1000","selector":{"id":"application-manageyards-display-component---NewYard--companyCodeComboBox","interaction":{"idSuffix":"inner"}},"clearTextFirst":true,"interactionType":"ENTER_TEXT"}]}
RESULT: {"script":"<script> [776 bytes]","args":[{"enterText":"1000","selector":{"id":"application-manageyards-display-component---NewYard--companyCodeComboBox","interaction":{"idSuffix":"inner"}},"clearTextFirst":true,"interactionType":"ENTER_TEXT"}]}
COMMAND: POST /session/9a6d02befdf50e53554cb3562a200a44/execute/async - {"script":"<script> [1562 bytes]","args":[{"selector":{"controlType":"sap.m.Input","viewName":"etm.portal.ui.manageyards.view.New","viewId":"application-manageyards-display-component---NewYard","bindingPath":{"path":"","propertyPath":"/PLANT","modelName":"NewYardModel"},"interaction":{"idSuffix":"inner"}},"wdio_ui5_key":"etmportal.ui.manageyards.view.Newsap.m.Input{\"path\":\"\",\"propertyPath\":\"/PLANT\",\"modelName\":\"NewYardModel\"}"}]}
RESULT: {"script":"<script> [1562 bytes]","args":[{"selector":{"controlType":"sap.m.Input","viewName":"etm.portal.ui.manageyards.view.New","viewId":"application-manageyards-display-component---NewYard","bindingPath":{"path":"","propertyPath":"/PLANT","modelName":"NewYardModel"},"interaction":{"idSuffix":"inner"}},"wdio_ui5_key":"etmportal.ui.manageyards.view.Newsap.m.Input{\"path\":\"\",\"propertyPath\":\"/PLANT\",\"modelName\":\"NewYardModel\"}"}]}
RESULT: undefined
COMMAND: POST /session/9a6d02befdf50e53554cb3562a200a44/execute/async - {"script":"<script> [776 bytes]","args":[{"enterText":"1001","selector":{"controlType":"sap.m.Input","viewName":"etm.portal.ui.manageyards.view.New","viewId":"application-manageyards-display-component---NewYard","bindingPath":{"path":"","propertyPath":"/PLANT","modelName":"NewYardModel"},"interaction":{"idSuffix":"inner"}},"clearTextFirst":true,"interactionType":"ENTER_TEXT"}]}
RESULT: {"script":"<script> [776 bytes]","args":[{"enterText":"1001","selector":{"controlType":"sap.m.Input","viewName":"etm.portal.ui.manageyards.view.New","viewId":"application-manageyards-display-component---NewYard","bindingPath":{"path":"","propertyPath":"/PLANT","modelName":"NewYardModel"},"interaction":{"idSuffix":"inner"}},"clearTextFirst":true,"interactionType":"ENTER_TEXT"}]}
COMMAND: POST /session/9a6d02befdf50e53554cb3562a200a44/execute/async - {"script":"<script> [1562 bytes]","args":[{"selector":{"controlType":"sap.m.Input","viewName":"etm.portal.ui.manageyards.view.New","viewId":"application-manageyards-display-component---NewYard","bindingPath":{"path":"","propertyPath":"/SALES_AREA_VKORG","modelName":"NewYardModel"},"interaction":{"idSuffix":"inner"}},"wdio_ui5_key":"etmportal.ui.manageyards.view.Newsap.m.Input{\"path\":\"\",\"propertyPath\":\"/SALES_AREA_VKORG\",\"modelName\":\"NewYardModel\"}"}]}
RESULT: {"script":"<script> [1562 bytes]","args":[{"selector":{"controlType":"sap.m.Input","viewName":"etm.portal.ui.manageyards.view.New","viewId":"application-manageyards-display-component---NewYard","bindingPath":{"path":"","propertyPath":"/SALES_AREA_VKORG","modelName":"NewYardModel"},"interaction":{"idSuffix":"inner"}},"wdio_ui5_key":"etmportal.ui.manageyards.view.Newsap.m.Input{\"path\":\"\",\"propertyPath\":\"/SALES_AREA_VKORG\",\"modelName\":\"NewYardModel\"}"}]}
RESULT: undefined
COMMAND: POST /session/9a6d02befdf50e53554cb3562a200a44/execute/async - {"script":"<script> [776 bytes]","args":[{"enterText":"C002","selector":{"controlType":"sap.m.Input","viewName":"etm.portal.ui.manageyards.view.New","viewId":"application-manageyards-display-component---NewYard","bindingPath":{"path":"","propertyPath":"/SALES_AREA_VKORG","modelName":"NewYardModel"},"interaction":{"idSuffix":"inner"}},"clearTextFirst":true,"interactionType":"ENTER_TEXT"}]}
RESULT: {"script":"<script> [776 bytes]","args":[{"enterText":"C002","selector":{"controlType":"sap.m.Input","viewName":"etm.portal.ui.manageyards.view.New","viewId":"application-manageyards-display-component---NewYard","bindingPath":{"path":"","propertyPath":"/SALES_AREA_VKORG","modelName":"NewYardModel"},"interaction":{"idSuffix":"inner"}},"clearTextFirst":true,"interactionType":"ENTER_TEXT"}]}
COMMAND: POST /session/9a6d02befdf50e53554cb3562a200a44/execute/async - {"script":"<script> [1562 bytes]","args":[{"selector":{"controlType":"sap.m.Input","viewName":"etm.portal.ui.manageyards.view.New","viewId":"application-manageyards-display-component---NewYard","bindingPath":{"path":"","propertyPath":"/SALES_AREA_VTWEG","modelName":"NewYardModel"},"interaction":{"idSuffix":"inner"}},"wdio_ui5_key":"etmportal.ui.manageyards.view.Newsap.m.Input{\"path\":\"\",\"propertyPath\":\"/SALES_AREA_VTWEG\",\"modelName\":\"NewYardModel\"}"}]}
RESULT: {"script":"<script> [1562 bytes]","args":[{"selector":{"controlType":"sap.m.Input","viewName":"etm.portal.ui.manageyards.view.New","viewId":"application-manageyards-display-component---NewYard","bindingPath":{"path":"","propertyPath":"/SALES_AREA_VTWEG","modelName":"NewYardModel"},"interaction":{"idSuffix":"inner"}},"wdio_ui5_key":"etmportal.ui.manageyards.view.Newsap.m.Input{\"path\":\"\",\"propertyPath\":\"/SALES_AREA_VTWEG\",\"modelName\":\"NewYardModel\"}"}]}
RESULT: undefined
COMMAND: POST /session/9a6d02befdf50e53554cb3562a200a44/execute/async - {"script":"<script> [776 bytes]","args":[{"enterText":"C2","selector":{"controlType":"sap.m.Input","viewName":"etm.portal.ui.manageyards.view.New","viewId":"application-manageyards-display-component---NewYard","bindingPath":{"path":"","propertyPath":"/SALES_AREA_VTWEG","modelName":"NewYardModel"},"interaction":{"idSuffix":"inner"}},"clearTextFirst":true,"interactionType":"ENTER_TEXT"}]}
RESULT: {"script":"<script> [776 bytes]","args":[{"enterText":"C2","selector":{"controlType":"sap.m.Input","viewName":"etm.portal.ui.manageyards.view.New","viewId":"application-manageyards-display-component---NewYard","bindingPath":{"path":"","propertyPath":"/SALES_AREA_VTWEG","modelName":"NewYardModel"},"interaction":{"idSuffix":"inner"}},"clearTextFirst":true,"interactionType":"ENTER_TEXT"}]}
COMMAND: POST /session/9a6d02befdf50e53554cb3562a200a44/execute/async - {"script":"<script> [1562 bytes]","args":[{"selector":{"controlType":"sap.m.Input","viewName":"etm.portal.ui.manageyards.view.New","viewId":"application-manageyards-display-component---NewYard","bindingPath":{"path":"","propertyPath":"/SALES_AREA_SPART","modelName":"NewYardModel"},"interaction":{"idSuffix":"inner"}},"wdio_ui5_key":"etmportal.ui.manageyards.view.Newsap.m.Input{\"path\":\"\",\"propertyPath\":\"/SALES_AREA_SPART\",\"modelName\":\"NewYardModel\"}"}]}
RESULT: {"script":"<script> [1562 bytes]","args":[{"selector":{"controlType":"sap.m.Input","viewName":"etm.portal.ui.manageyards.view.New","viewId":"application-manageyards-display-component---NewYard","bindingPath":{"path":"","propertyPath":"/SALES_AREA_SPART","modelName":"NewYardModel"},"interaction":{"idSuffix":"inner"}},"wdio_ui5_key":"etmportal.ui.manageyards.view.Newsap.m.Input{\"path\":\"\",\"propertyPath\":\"/SALES_AREA_SPART\",\"modelName\":\"NewYardModel\"}"}]}
RESULT: undefined
COMMAND: POST /session/9a6d02befdf50e53554cb3562a200a44/execute/async - {"script":"<script> [776 bytes]","args":[{"enterText":"C2","selector":{"controlType":"sap.m.Input","viewName":"etm.portal.ui.manageyards.view.New","viewId":"application-manageyards-display-component---NewYard","bindingPath":{"path":"","propertyPath":"/SALES_AREA_SPART","modelName":"NewYardModel"},"interaction":{"idSuffix":"inner"}},"clearTextFirst":true,"interactionType":"ENTER_TEXT"}]}
RESULT: {"script":"<script> [776 bytes]","args":[{"enterText":"C2","selector":{"controlType":"sap.m.Input","viewName":"etm.portal.ui.manageyards.view.New","viewId":"application-manageyards-display-component---NewYard","bindingPath":{"path":"","propertyPath":"/SALES_AREA_SPART","modelName":"NewYardModel"},"interaction":{"idSuffix":"inner"}},"clearTextFirst":true,"interactionType":"ENTER_TEXT"}]}
COMMAND: POST /session/9a6d02befdf50e53554cb3562a200a44/execute/async - {"script":"<script> [1562 bytes]","args":[{"selector":{"controlType":"sap.m.Input","viewName":"etm.portal.ui.manageyards.view.New","viewId":"application-manageyards-display-component---NewYard","bindingPath":{"path":"","propertyPath":"/SHIP_POINT","modelName":"NewYardModel"},"interaction":{"idSuffix":"inner"}},"wdio_ui5_key":"etmportal.ui.manageyards.view.Newsap.m.Input{\"path\":\"\",\"propertyPath\":\"/SHIP_POINT\",\"modelName\":\"NewYardModel\"}"}]}
RESULT: {"script":"<script> [1562 bytes]","args":[{"selector":{"controlType":"sap.m.Input","viewName":"etm.portal.ui.manageyards.view.New","viewId":"application-manageyards-display-component---NewYard","bindingPath":{"path":"","propertyPath":"/SHIP_POINT","modelName":"NewYardModel"},"interaction":{"idSuffix":"inner"}},"wdio_ui5_key":"etmportal.ui.manageyards.view.Newsap.m.Input{\"path\":\"\",\"propertyPath\":\"/SHIP_POINT\",\"modelName\":\"NewYardModel\"}"}]}
RESULT: undefined
COMMAND: POST /session/9a6d02befdf50e53554cb3562a200a44/execute/async - {"script":"<script> [776 bytes]","args":[{"enterText":"1710","selector":{"controlType":"sap.m.Input","viewName":"etm.portal.ui.manageyards.view.New","viewId":"application-manageyards-display-component---NewYard","bindingPath":{"path":"","propertyPath":"/SHIP_POINT","modelName":"NewYardModel"},"interaction":{"idSuffix":"inner"}},"clearTextFirst":true,"interactionType":"ENTER_TEXT"}]}
RESULT: {"script":"<script> [776 bytes]","args":[{"enterText":"1710","selector":{"controlType":"sap.m.Input","viewName":"etm.portal.ui.manageyards.view.New","viewId":"application-manageyards-display-component---NewYard","bindingPath":{"path":"","propertyPath":"/SHIP_POINT","modelName":"NewYardModel"},"interaction":{"idSuffix":"inner"}},"clearTextFirst":true,"interactionType":"ENTER_TEXT"}]}
COMMAND: POST /session/9a6d02befdf50e53554cb3562a200a44/execute/async - {"script":"<script> [1562 bytes]","args":[{"selector":{"controlType":"sap.m.Input","viewName":"etm.portal.ui.manageyards.view.New","viewId":"application-manageyards-display-component---NewYard","bindingPath":{"path":"","propertyPath":"/DELIVERY_TYPE","modelName":"NewYardModel"},"interaction":{"idSuffix":"inner"}},"wdio_ui5_key":"etmportal.ui.manageyards.view.Newsap.m.Input{\"path\":\"\",\"propertyPath\":\"/DELIVERY_TYPE\",\"modelName\":\"NewYardModel\"}"}]}
RESULT: {"script":"<script> [1562 bytes]","args":[{"selector":{"controlType":"sap.m.Input","viewName":"etm.portal.ui.manageyards.view.New","viewId":"application-manageyards-display-component---NewYard","bindingPath":{"path":"","propertyPath":"/DELIVERY_TYPE","modelName":"NewYardModel"},"interaction":{"idSuffix":"inner"}},"wdio_ui5_key":"etmportal.ui.manageyards.view.Newsap.m.Input{\"path\":\"\",\"propertyPath\":\"/DELIVERY_TYPE\",\"modelName\":\"NewYardModel\"}"}]}
RESULT: undefined
COMMAND: POST /session/9a6d02befdf50e53554cb3562a200a44/execute/async - {"script":"<script> [776 bytes]","args":[{"enterText":"ZL01","selector":{"controlType":"sap.m.Input","viewName":"etm.portal.ui.manageyards.view.New","viewId":"application-manageyards-display-component---NewYard","bindingPath":{"path":"","propertyPath":"/DELIVERY_TYPE","modelName":"NewYardModel"},"interaction":{"idSuffix":"inner"}},"clearTextFirst":true,"interactionType":"ENTER_TEXT"}]}
RESULT: {"script":"<script> [776 bytes]","args":[{"enterText":"ZL01","selector":{"controlType":"sap.m.Input","viewName":"etm.portal.ui.manageyards.view.New","viewId":"application-manageyards-display-component---NewYard","bindingPath":{"path":"","propertyPath":"/DELIVERY_TYPE","modelName":"NewYardModel"},"interaction":{"idSuffix":"inner"}},"clearTextFirst":true,"interactionType":"ENTER_TEXT"}]}
COMMAND: POST /session/9a6d02befdf50e53554cb3562a200a44/execute/async - {"script":"<script> [1562 bytes]","args":[{"selector":{"controlType":"sap.m.Input","viewName":"etm.portal.ui.manageyards.view.New","viewId":"application-manageyards-display-component---NewYard","bindingPath":{"path":"","propertyPath":"/AUART","modelName":"NewYardModel"},"interaction":{"idSuffix":"inner"}},"wdio_ui5_key":"etmportal.ui.manageyards.view.Newsap.m.Input{\"path\":\"\",\"propertyPath\":\"/AUART\",\"modelName\":\"NewYardModel\"}"}]}
RESULT: {"script":"<script> [1562 bytes]","args":[{"selector":{"controlType":"sap.m.Input","viewName":"etm.portal.ui.manageyards.view.New","viewId":"application-manageyards-display-component---NewYard","bindingPath":{"path":"","propertyPath":"/AUART","modelName":"NewYardModel"},"interaction":{"idSuffix":"inner"}},"wdio_ui5_key":"etmportal.ui.manageyards.view.Newsap.m.Input{\"path\":\"\",\"propertyPath\":\"/AUART\",\"modelName\":\"NewYardModel\"}"}]}
RESULT: undefined
COMMAND: POST /session/9a6d02befdf50e53554cb3562a200a44/execute/async - {"script":"<script> [776 bytes]","args":[{"enterText":"TA","selector":{"controlType":"sap.m.Input","viewName":"etm.portal.ui.manageyards.view.New","viewId":"application-manageyards-display-component---NewYard","bindingPath":{"path":"","propertyPath":"/AUART","modelName":"NewYardModel"},"interaction":{"idSuffix":"inner"}},"clearTextFirst":true,"interactionType":"ENTER_TEXT"}]}
RESULT: {"script":"<script> [776 bytes]","args":[{"enterText":"TA","selector":{"controlType":"sap.m.Input","viewName":"etm.portal.ui.manageyards.view.New","viewId":"application-manageyards-display-component---NewYard","bindingPath":{"path":"","propertyPath":"/AUART","modelName":"NewYardModel"},"interaction":{"idSuffix":"inner"}},"clearTextFirst":true,"interactionType":"ENTER_TEXT"}]}
COMMAND: POST /session/9a6d02befdf50e53554cb3562a200a44/element - {"using":"xpath","value":"//button[@data-kt=\"newYardSaveButton\"]"}
RESULT: {"using":"xpath","value":"//button[@data-kt=\"newYardSaveButton\"]"}
COMMAND: POST /session/9a6d02befdf50e53554cb3562a200a44/element/f.936FEEFC3D507069A404F7345F2DEF67.d.BB30BFCA26F408E771CCD10E78691956.e.719/click - {}
RESULT: {}
COMMAND: GET /session/9a6d02befdf50e53554cb3562a200a44/screenshot - {}
RESULT: {}
COMMAND: POST /session/9a6d02befdf50e53554cb3562a200a44/element - {"using":"xpath","value":"//header[contains(@id, 'ObjectPageLayout-headerTitle')]/div[1]/div[2]/div[1]/span[1]"}
RESULT: {"using":"xpath","value":"//header[contains(@id, 'ObjectPageLayout-headerTitle')]/div[1]/div[2]/div[1]/span[1]"}
COMMAND: POST /session/9a6d02befdf50e53554cb3562a200a44/elements - {"using":"xpath","value":"//header[contains(@id, 'ObjectPageLayout-headerTitle')]/div[1]/div[2]/div[1]/span[1]"}
RESULT: {"using":"xpath","value":"//header[contains(@id, 'ObjectPageLayout-headerTitle')]/div[1]/div[2]/div[1]/span[1]"}
COMMAND: POST /session/9a6d02befdf50e53554cb3562a200a44/execute/sync - {"script":"<script> [56 bytes]","args":[{"element-6066-11e4-a52e-4f735466cecf":"f.936FEEFC3D507069A404F7345F2DEF67.d.BB30BFCA26F408E771CCD10E78691956.e.1019","ELEMENT":"f.936FEEFC3D507069A404F7345F2DEF67.d.BB30BFCA26F408E771CCD10E78691956.e.1019"}]}
RESULT: {"script":"<script> [56 bytes]","args":[{"element-6066-11e4-a52e-4f735466cecf":"f.936FEEFC3D507069A404F7345F2DEF67.d.BB30BFCA26F408E771CCD10E78691956.e.1019","ELEMENT":"f.936FEEFC3D507069A404F7345F2DEF67.d.BB30BFCA26F408E771CCD10E78691956.e.1019"}]}
COMMAND: GET /session/9a6d02befdf50e53554cb3562a200a44/screenshot - {}
RESULT: {}
COMMAND: POST /session/9a6d02befdf50e53554cb3562a200a44/element - {"using":"css selector","value":"#shell-header-logo"}
RESULT: {"using":"css selector","value":"#shell-header-logo"}
COMMAND: POST /session/9a6d02befdf50e53554cb3562a200a44/element/f.936FEEFC3D507069A404F7345F2DEF67.d.BB30BFCA26F408E771CCD10E78691956.e.269/click - {}
RESULT: {}
COMMAND: GET /session/9a6d02befdf50e53554cb3562a200a44/screenshot - {}
RESULT: {}
COMMAND: POST /session/9a6d02befdf50e53554cb3562a200a44/execute/sync - {"script":"<script> [299 bytes]","args":[["getModel","getResource"]]}
RESULT: {"script":"<script> [299 bytes]","args":[["getModel","getResource"]]}
COMMAND: GET /session/9a6d02befdf50e53554cb3562a200a44/screenshot - {}
]]></system-out>
    </testcase>
    <testcase classname="chrome.137_0_7151_69.windows.Prerequisites_&amp;_test_for_yard_mass_return_on_Yard_Overview_US131057" name="Prereq Should create a new partner" time="141.085">
      <system-out><![CDATA[
COMMAND: POST /session/9a6d02befdf50e53554cb3562a200a44/window/fullscreen - {}
RESULT: {}
COMMAND: POST /session/9a6d02befdf50e53554cb3562a200a44/execute/async - {"script":"<script> [1562 bytes]","args":[{"selector":{"controlType":"sap.m.GenericTile","properties":{"header":"Manage Partners"}},"wdio_ui5_key":"sapm.GenericTile{\"header\":\"Manage Partners\"}"}]}
RESULT: {}
RESULT: {"script":"<script> [1562 bytes]","args":[{"selector":{"controlType":"sap.m.GenericTile","properties":{"header":"Manage Partners"}},"wdio_ui5_key":"sapm.GenericTile{\"header\":\"Manage Partners\"}"}]}
RESULT: undefined
COMMAND: POST /session/9a6d02befdf50e53554cb3562a200a44/element - {"using":"xpath","value":"//*[@id=\"__tile39\"]"}
RESULT: {"using":"xpath","value":"//*[@id=\"__tile39\"]"}
COMMAND: POST /session/9a6d02befdf50e53554cb3562a200a44/element/f.936FEEFC3D507069A404F7345F2DEF67.d.BB30BFCA26F408E771CCD10E78691956.e.154/click - {}
RESULT: {}
COMMAND: GET /session/9a6d02befdf50e53554cb3562a200a44/screenshot - {}
RESULT: {}
COMMAND: POST /session/9a6d02befdf50e53554cb3562a200a44/elements - {"using":"xpath","value":"//span[text()='Error']"}
RESULT: {"using":"xpath","value":"//span[text()='Error']"}
COMMAND: POST /session/9a6d02befdf50e53554cb3562a200a44/element - {"using":"xpath","value":"//button[@data-kt=\"addButton\"]"}
RESULT: {"using":"xpath","value":"//button[@data-kt=\"addButton\"]"}
COMMAND: POST /session/9a6d02befdf50e53554cb3562a200a44/elements - {"using":"xpath","value":"//button[@data-kt=\"addButton\"]"}
RESULT: {"using":"xpath","value":"//button[@data-kt=\"addButton\"]"}
COMMAND: POST /session/9a6d02befdf50e53554cb3562a200a44/elements - {"using":"xpath","value":"//button[@data-kt=\"addButton\"]"}
RESULT: {"using":"xpath","value":"//button[@data-kt=\"addButton\"]"}
COMMAND: POST /session/9a6d02befdf50e53554cb3562a200a44/elements - {"using":"xpath","value":"//button[@data-kt=\"addButton\"]"}
RESULT: {"using":"xpath","value":"//button[@data-kt=\"addButton\"]"}
COMMAND: POST /session/9a6d02befdf50e53554cb3562a200a44/elements - {"using":"xpath","value":"//button[@data-kt=\"addButton\"]"}
RESULT: {"using":"xpath","value":"//button[@data-kt=\"addButton\"]"}
COMMAND: POST /session/9a6d02befdf50e53554cb3562a200a44/element - {"using":"xpath","value":"//button[@data-kt=\"addButton\"]"}
RESULT: {"using":"xpath","value":"//button[@data-kt=\"addButton\"]"}
COMMAND: POST /session/9a6d02befdf50e53554cb3562a200a44/execute/sync - {"script":"<script> [8489 bytes]","args":[{"element-6066-11e4-a52e-4f735466cecf":"f.936FEEFC3D507069A404F7345F2DEF67.d.BB30BFCA26F408E771CCD10E78691956.e.1069","ELEMENT":"f.936FEEFC3D507069A404F7345F2DEF67.d.BB30BFCA26F408E771CCD10E78691956.e.1069"}]}
RESULT: {"script":"<script> [8489 bytes]","args":[{"element-6066-11e4-a52e-4f735466cecf":"f.936FEEFC3D507069A404F7345F2DEF67.d.BB30BFCA26F408E771CCD10E78691956.e.1069","ELEMENT":"f.936FEEFC3D507069A404F7345F2DEF67.d.BB30BFCA26F408E771CCD10E78691956.e.1069"}]}
COMMAND: GET /session/9a6d02befdf50e53554cb3562a200a44/element/f.936FEEFC3D507069A404F7345F2DEF67.d.BB30BFCA26F408E771CCD10E78691956.e.1069/enabled - {}
COMMAND: GET /session/9a6d02befdf50e53554cb3562a200a44/screenshot - {}
RESULT: {}
COMMAND: POST /session/9a6d02befdf50e53554cb3562a200a44/execute/sync - {"script":"<script> [8489 bytes]","args":[{"element-6066-11e4-a52e-4f735466cecf":"f.936FEEFC3D507069A404F7345F2DEF67.d.BB30BFCA26F408E771CCD10E78691956.e.1069","ELEMENT":"f.936FEEFC3D507069A404F7345F2DEF67.d.BB30BFCA26F408E771CCD10E78691956.e.1069"}]}
COMMAND: GET /session/9a6d02befdf50e53554cb3562a200a44/screenshot - {}
RESULT: {}
RESULT: {"script":"<script> [8489 bytes]","args":[{"element-6066-11e4-a52e-4f735466cecf":"f.936FEEFC3D507069A404F7345F2DEF67.d.BB30BFCA26F408E771CCD10E78691956.e.1069","ELEMENT":"f.936FEEFC3D507069A404F7345F2DEF67.d.BB30BFCA26F408E771CCD10E78691956.e.1069"}]}
COMMAND: POST /session/9a6d02befdf50e53554cb3562a200a44/execute/sync - {"script":"<script> [5351 bytes]","args":[{"element-6066-11e4-a52e-4f735466cecf":"f.936FEEFC3D507069A404F7345F2DEF67.d.BB30BFCA26F408E771CCD10E78691956.e.1069","ELEMENT":"f.936FEEFC3D507069A404F7345F2DEF67.d.BB30BFCA26F408E771CCD10E78691956.e.1069"}]}
COMMAND: GET /session/9a6d02befdf50e53554cb3562a200a44/screenshot - {}
RESULT: {}
RESULT: {"script":"<script> [5351 bytes]","args":[{"element-6066-11e4-a52e-4f735466cecf":"f.936FEEFC3D507069A404F7345F2DEF67.d.BB30BFCA26F408E771CCD10E78691956.e.1069","ELEMENT":"f.936FEEFC3D507069A404F7345F2DEF67.d.BB30BFCA26F408E771CCD10E78691956.e.1069"}]}
COMMAND: POST /session/9a6d02befdf50e53554cb3562a200a44/element/f.936FEEFC3D507069A404F7345F2DEF67.d.BB30BFCA26F408E771CCD10E78691956.e.1069/click - {}
COMMAND: GET /session/9a6d02befdf50e53554cb3562a200a44/screenshot - {}
RESULT: {}
RESULT: {}
COMMAND: GET /session/9a6d02befdf50e53554cb3562a200a44/screenshot - {}
COMMAND: POST /session/9a6d02befdf50e53554cb3562a200a44/execute/async - {"script":"<script> [1562 bytes]","args":[{"selector":{"id":"application-managepartners-display-component---NewPartner--addressDetailDetailsName1","interaction":{"idSuffix":"inner"}},"wdio_ui5_key":"applicationmanagepartners-display-component---NewPartner--addressDetailDetailsName1"}]}
RESULT: {}
RESULT: {}
RESULT: {"script":"<script> [1562 bytes]","args":[{"selector":{"id":"application-managepartners-display-component---NewPartner--addressDetailDetailsName1","interaction":{"idSuffix":"inner"}},"wdio_ui5_key":"applicationmanagepartners-display-component---NewPartner--addressDetailDetailsName1"}]}
RESULT: undefined
COMMAND: POST /session/9a6d02befdf50e53554cb3562a200a44/execute/async - {"script":"<script> [776 bytes]","args":[{"enterText":"Intracompany Partner WDIO","selector":{"id":"application-managepartners-display-component---NewPartner--addressDetailDetailsName1","interaction":{"idSuffix":"inner"}},"clearTextFirst":true,"interactionType":"ENTER_TEXT"}]}
RESULT: {"script":"<script> [776 bytes]","args":[{"enterText":"Intracompany Partner WDIO","selector":{"id":"application-managepartners-display-component---NewPartner--addressDetailDetailsName1","interaction":{"idSuffix":"inner"}},"clearTextFirst":true,"interactionType":"ENTER_TEXT"}]}
COMMAND: POST /session/9a6d02befdf50e53554cb3562a200a44/execute/async - {"script":"<script> [1562 bytes]","args":[{"selector":{"id":"application-managepartners-display-component---NewPartner--addressDetailDetailsLanguage-arrow"},"wdio_ui5_key":"applicationmanagepartners-display-component---NewPartner--addressDetailDetailsLanguage-arrow"}]}
RESULT: {"script":"<script> [1562 bytes]","args":[{"selector":{"id":"application-managepartners-display-component---NewPartner--addressDetailDetailsLanguage-arrow"},"wdio_ui5_key":"applicationmanagepartners-display-component---NewPartner--addressDetailDetailsLanguage-arrow"}]}
RESULT: undefined
COMMAND: POST /session/9a6d02befdf50e53554cb3562a200a44/element - {"using":"xpath","value":"//*[@id=\"application-managepartners-display-component---NewPartner--addressDetailDetailsLanguage-arrow\"]"}
RESULT: {"using":"xpath","value":"//*[@id=\"application-managepartners-display-component---NewPartner--addressDetailDetailsLanguage-arrow\"]"}
COMMAND: POST /session/9a6d02befdf50e53554cb3562a200a44/element/f.936FEEFC3D507069A404F7345F2DEF67.d.BB30BFCA26F408E771CCD10E78691956.e.1505/click - {}
RESULT: {}
COMMAND: POST /session/9a6d02befdf50e53554cb3562a200a44/element - {"using":"xpath","value":"//span[contains(text(), \"English\")]"}
COMMAND: GET /session/9a6d02befdf50e53554cb3562a200a44/screenshot - {}
RESULT: {"using":"xpath","value":"//span[contains(text(), \"English\")]"}
COMMAND: POST /session/9a6d02befdf50e53554cb3562a200a44/element/f.936FEEFC3D507069A404F7345F2DEF67.d.BB30BFCA26F408E771CCD10E78691956.e.1506/click - {}
RESULT: {}
RESULT: {}
COMMAND: GET /session/9a6d02befdf50e53554cb3562a200a44/screenshot - {}
RESULT: {}
COMMAND: POST /session/9a6d02befdf50e53554cb3562a200a44/execute/async - {"script":"<script> [1562 bytes]","args":[{"selector":{"id":"application-managepartners-display-component---NewPartner--addressDetailDetailsCity1","interaction":{"idSuffix":"inner"}},"wdio_ui5_key":"applicationmanagepartners-display-component---NewPartner--addressDetailDetailsCity1"}]}
RESULT: {"script":"<script> [1562 bytes]","args":[{"selector":{"id":"application-managepartners-display-component---NewPartner--addressDetailDetailsCity1","interaction":{"idSuffix":"inner"}},"wdio_ui5_key":"applicationmanagepartners-display-component---NewPartner--addressDetailDetailsCity1"}]}
RESULT: undefined
COMMAND: POST /session/9a6d02befdf50e53554cb3562a200a44/execute/async - {"script":"<script> [776 bytes]","args":[{"enterText":"Rosario","selector":{"id":"application-managepartners-display-component---NewPartner--addressDetailDetailsCity1","interaction":{"idSuffix":"inner"}},"clearTextFirst":true,"interactionType":"ENTER_TEXT"}]}
RESULT: {"script":"<script> [776 bytes]","args":[{"enterText":"Rosario","selector":{"id":"application-managepartners-display-component---NewPartner--addressDetailDetailsCity1","interaction":{"idSuffix":"inner"}},"clearTextFirst":true,"interactionType":"ENTER_TEXT"}]}
COMMAND: POST /session/9a6d02befdf50e53554cb3562a200a44/execute/async - {"script":"<script> [1562 bytes]","args":[{"selector":{"id":"application-managepartners-display-component---NewPartner--addressDetailDetailsCountry-arrow"},"wdio_ui5_key":"applicationmanagepartners-display-component---NewPartner--addressDetailDetailsCountry-arrow"}]}
RESULT: {"script":"<script> [1562 bytes]","args":[{"selector":{"id":"application-managepartners-display-component---NewPartner--addressDetailDetailsCountry-arrow"},"wdio_ui5_key":"applicationmanagepartners-display-component---NewPartner--addressDetailDetailsCountry-arrow"}]}
RESULT: undefined
COMMAND: POST /session/9a6d02befdf50e53554cb3562a200a44/element - {"using":"xpath","value":"//*[@id=\"application-managepartners-display-component---NewPartner--addressDetailDetailsCountry-arrow\"]"}
RESULT: {"using":"xpath","value":"//*[@id=\"application-managepartners-display-component---NewPartner--addressDetailDetailsCountry-arrow\"]"}
COMMAND: POST /session/9a6d02befdf50e53554cb3562a200a44/element/f.936FEEFC3D507069A404F7345F2DEF67.d.BB30BFCA26F408E771CCD10E78691956.e.1461/click - {}
RESULT: {}
COMMAND: POST /session/9a6d02befdf50e53554cb3562a200a44/element - {"using":"xpath","value":"//span[contains(text(), \"Argentina\")]"}
COMMAND: GET /session/9a6d02befdf50e53554cb3562a200a44/screenshot - {}
RESULT: {"using":"xpath","value":"//span[contains(text(), \"Argentina\")]"}
COMMAND: POST /session/9a6d02befdf50e53554cb3562a200a44/element/f.936FEEFC3D507069A404F7345F2DEF67.d.BB30BFCA26F408E771CCD10E78691956.e.1508/click - {}
RESULT: {}
RESULT: {}
COMMAND: GET /session/9a6d02befdf50e53554cb3562a200a44/screenshot - {}
RESULT: {}
COMMAND: POST /session/9a6d02befdf50e53554cb3562a200a44/element - {"using":"xpath","value":"//bdi[contains(text(), \"Commercial\")]"}
RESULT: {"using":"xpath","value":"//bdi[contains(text(), \"Commercial\")]"}
COMMAND: POST /session/9a6d02befdf50e53554cb3562a200a44/element/f.936FEEFC3D507069A404F7345F2DEF67.d.BB30BFCA26F408E771CCD10E78691956.e.1509/click - {}
RESULT: {}
COMMAND: GET /session/9a6d02befdf50e53554cb3562a200a44/screenshot - {}
RESULT: {}
COMMAND: POST /session/9a6d02befdf50e53554cb3562a200a44/execute/async - {"script":"<script> [1562 bytes]","args":[{"selector":{"id":"application-managepartners-display-component---NewPartner--partnerDetailInternal-arrow"},"wdio_ui5_key":"applicationmanagepartners-display-component---NewPartner--partnerDetailInternal-arrow"}]}
RESULT: {"script":"<script> [1562 bytes]","args":[{"selector":{"id":"application-managepartners-display-component---NewPartner--partnerDetailInternal-arrow"},"wdio_ui5_key":"applicationmanagepartners-display-component---NewPartner--partnerDetailInternal-arrow"}]}
RESULT: undefined
COMMAND: POST /session/9a6d02befdf50e53554cb3562a200a44/element - {"using":"xpath","value":"//*[@id=\"application-managepartners-display-component---NewPartner--partnerDetailInternal-arrow\"]"}
RESULT: {"using":"xpath","value":"//*[@id=\"application-managepartners-display-component---NewPartner--partnerDetailInternal-arrow\"]"}
COMMAND: POST /session/9a6d02befdf50e53554cb3562a200a44/element/f.936FEEFC3D507069A404F7345F2DEF67.d.BB30BFCA26F408E771CCD10E78691956.e.1517/click - {}
RESULT: {}
COMMAND: POST /session/9a6d02befdf50e53554cb3562a200a44/element - {"using":"xpath","value":"//span[contains(text(), \"Affiliated company\")]"}
COMMAND: GET /session/9a6d02befdf50e53554cb3562a200a44/screenshot - {}
RESULT: {"using":"xpath","value":"//span[contains(text(), \"Affiliated company\")]"}
COMMAND: POST /session/9a6d02befdf50e53554cb3562a200a44/element/f.936FEEFC3D507069A404F7345F2DEF67.d.BB30BFCA26F408E771CCD10E78691956.e.1518/click - {}
RESULT: {}
RESULT: {}
COMMAND: POST /session/9a6d02befdf50e53554cb3562a200a44/execute/async - {"script":"<script> [1562 bytes]","args":[{"selector":{"id":"application-managepartners-display-component---NewPartner--partnerDetailsCurrency-arrow"},"wdio_ui5_key":"applicationmanagepartners-display-component---NewPartner--partnerDetailsCurrency-arrow"}]}
COMMAND: GET /session/9a6d02befdf50e53554cb3562a200a44/screenshot - {}
RESULT: {"script":"<script> [1562 bytes]","args":[{"selector":{"id":"application-managepartners-display-component---NewPartner--partnerDetailsCurrency-arrow"},"wdio_ui5_key":"applicationmanagepartners-display-component---NewPartner--partnerDetailsCurrency-arrow"}]}
RESULT: undefined
COMMAND: POST /session/9a6d02befdf50e53554cb3562a200a44/element - {"using":"xpath","value":"//*[@id=\"application-managepartners-display-component---NewPartner--partnerDetailsCurrency-arrow\"]"}
RESULT: {}
RESULT: {"using":"xpath","value":"//*[@id=\"application-managepartners-display-component---NewPartner--partnerDetailsCurrency-arrow\"]"}
COMMAND: POST /session/9a6d02befdf50e53554cb3562a200a44/element/f.936FEEFC3D507069A404F7345F2DEF67.d.BB30BFCA26F408E771CCD10E78691956.e.1525/click - {}
RESULT: {}
COMMAND: POST /session/9a6d02befdf50e53554cb3562a200a44/element - {"using":"xpath","value":"//span[contains(text(), \"Euro\")]"}
COMMAND: GET /session/9a6d02befdf50e53554cb3562a200a44/screenshot - {}
RESULT: {"using":"xpath","value":"//span[contains(text(), \"Euro\")]"}
COMMAND: POST /session/9a6d02befdf50e53554cb3562a200a44/element/f.936FEEFC3D507069A404F7345F2DEF67.d.BB30BFCA26F408E771CCD10E78691956.e.1526/click - {}
RESULT: {}
RESULT: {}
COMMAND: POST /session/9a6d02befdf50e53554cb3562a200a44/execute/async - {"script":"<script> [1562 bytes]","args":[{"selector":{"id":"application-managepartners-display-component---NewPartner--addressEditDetailsCostObjectCstType-arrow"},"wdio_ui5_key":"applicationmanagepartners-display-component---NewPartner--addressEditDetailsCostObjectCstType-arrow"}]}
COMMAND: GET /session/9a6d02befdf50e53554cb3562a200a44/screenshot - {}
RESULT: {"script":"<script> [1562 bytes]","args":[{"selector":{"id":"application-managepartners-display-component---NewPartner--addressEditDetailsCostObjectCstType-arrow"},"wdio_ui5_key":"applicationmanagepartners-display-component---NewPartner--addressEditDetailsCostObjectCstType-arrow"}]}
RESULT: undefined
COMMAND: POST /session/9a6d02befdf50e53554cb3562a200a44/element - {"using":"xpath","value":"//*[@id=\"application-managepartners-display-component---NewPartner--addressEditDetailsCostObjectCstType-arrow\"]"}
RESULT: {}
RESULT: {"using":"xpath","value":"//*[@id=\"application-managepartners-display-component---NewPartner--addressEditDetailsCostObjectCstType-arrow\"]"}
COMMAND: POST /session/9a6d02befdf50e53554cb3562a200a44/element/f.936FEEFC3D507069A404F7345F2DEF67.d.BB30BFCA26F408E771CCD10E78691956.e.1527/click - {}
RESULT: {}
COMMAND: POST /session/9a6d02befdf50e53554cb3562a200a44/element - {"using":"xpath","value":"//span[contains(text(), \"Cost Center\")]"}
COMMAND: GET /session/9a6d02befdf50e53554cb3562a200a44/screenshot - {}
RESULT: {"using":"xpath","value":"//span[contains(text(), \"Cost Center\")]"}
COMMAND: POST /session/9a6d02befdf50e53554cb3562a200a44/element/f.936FEEFC3D507069A404F7345F2DEF67.d.BB30BFCA26F408E771CCD10E78691956.e.1528/click - {}
RESULT: {}
RESULT: {}
COMMAND: GET /session/9a6d02befdf50e53554cb3562a200a44/screenshot - {}
RESULT: {}
COMMAND: POST /session/9a6d02befdf50e53554cb3562a200a44/element - {"using":"xpath","value":"//span[@id=\"application-managepartners-display-component---NewPartner--addressNewCostObjectCstID-vhi\"]"}
RESULT: {"using":"xpath","value":"//span[@id=\"application-managepartners-display-component---NewPartner--addressNewCostObjectCstID-vhi\"]"}
COMMAND: POST /session/9a6d02befdf50e53554cb3562a200a44/execute/sync - {"script":"<script> [8489 bytes]","args":[{"element-6066-11e4-a52e-4f735466cecf":"f.936FEEFC3D507069A404F7345F2DEF67.d.BB30BFCA26F408E771CCD10E78691956.e.1532","ELEMENT":"f.936FEEFC3D507069A404F7345F2DEF67.d.BB30BFCA26F408E771CCD10E78691956.e.1532"}]}
RESULT: {"script":"<script> [8489 bytes]","args":[{"element-6066-11e4-a52e-4f735466cecf":"f.936FEEFC3D507069A404F7345F2DEF67.d.BB30BFCA26F408E771CCD10E78691956.e.1532","ELEMENT":"f.936FEEFC3D507069A404F7345F2DEF67.d.BB30BFCA26F408E771CCD10E78691956.e.1532"}]}
COMMAND: POST /session/9a6d02befdf50e53554cb3562a200a44/execute/async - {"script":"<script> [1562 bytes]","args":[{"selector":{"id":"application-managepartners-display-component---NewPartner--addressNewCostObjectCstID-vhi"},"wdio_ui5_key":"applicationmanagepartners-display-component---NewPartner--addressNewCostObjectCstID-vhi"}]}
COMMAND: GET /session/9a6d02befdf50e53554cb3562a200a44/screenshot - {}
RESULT: {"script":"<script> [1562 bytes]","args":[{"selector":{"id":"application-managepartners-display-component---NewPartner--addressNewCostObjectCstID-vhi"},"wdio_ui5_key":"applicationmanagepartners-display-component---NewPartner--addressNewCostObjectCstID-vhi"}]}
RESULT: undefined
COMMAND: POST /session/9a6d02befdf50e53554cb3562a200a44/element - {"using":"xpath","value":"//*[@id=\"application-managepartners-display-component---NewPartner--addressNewCostObjectCstID-vhi\"]"}
RESULT: {}
RESULT: {"using":"xpath","value":"//*[@id=\"application-managepartners-display-component---NewPartner--addressNewCostObjectCstID-vhi\"]"}
COMMAND: POST /session/9a6d02befdf50e53554cb3562a200a44/element/f.936FEEFC3D507069A404F7345F2DEF67.d.BB30BFCA26F408E771CCD10E78691956.e.1532/click - {}
RESULT: {}
COMMAND: GET /session/9a6d02befdf50e53554cb3562a200a44/screenshot - {}
RESULT: {}
RESULT: undefined
COMMAND: POST /session/9a6d02befdf50e53554cb3562a200a44/execute/async - {"script":"<script> [776 bytes]","args":[{"enterText":"10001013","selector":{"controlType":"sap.m.SearchField","properties":{"placeholder":"Search"},"searchOpenDialogs":true,"interaction":{"idSuffix":"I"}},"clearTextFirst":true,"interactionType":"ENTER_TEXT"}]}
RESULT: {"script":"<script> [776 bytes]","args":[{"enterText":"10001013","selector":{"controlType":"sap.m.SearchField","properties":{"placeholder":"Search"},"searchOpenDialogs":true,"interaction":{"idSuffix":"I"}},"clearTextFirst":true,"interactionType":"ENTER_TEXT"}]}
COMMAND: POST /session/9a6d02befdf50e53554cb3562a200a44/actions - {"actions":[{"id":"action2","type":"key","parameters":{},"actions":[{"type":"keyDown","value":""},{"type":"pause","duration":10},{"type":"keyUp","value":""}]}]}
RESULT: {"actions":[{"id":"action2","type":"key","parameters":{},"actions":[{"type":"keyDown","value":""},{"type":"pause","duration":10},{"type":"keyUp","value":""}]}]}
COMMAND: GET /session/9a6d02befdf50e53554cb3562a200a44/screenshot - {}
RESULT: {}
COMMAND: POST /session/9a6d02befdf50e53554cb3562a200a44/element - {"using":"xpath","value":"//span[contains(text(), \"General Management\")]"}
RESULT: {"using":"xpath","value":"//span[contains(text(), \"General Management\")]"}
COMMAND: POST /session/9a6d02befdf50e53554cb3562a200a44/element/f.936FEEFC3D507069A404F7345F2DEF67.d.BB30BFCA26F408E771CCD10E78691956.e.1571/click - {}
RESULT: {}
COMMAND: GET /session/9a6d02befdf50e53554cb3562a200a44/screenshot - {}
RESULT: {}
COMMAND: POST /session/9a6d02befdf50e53554cb3562a200a44/element - {"using":"xpath","value":"//bdi[contains(text(), \"OK\")]"}
RESULT: {"using":"xpath","value":"//bdi[contains(text(), \"OK\")]"}
COMMAND: POST /session/9a6d02befdf50e53554cb3562a200a44/element/f.936FEEFC3D507069A404F7345F2DEF67.d.BB30BFCA26F408E771CCD10E78691956.e.1572/click - {}
RESULT: {}
COMMAND: GET /session/9a6d02befdf50e53554cb3562a200a44/screenshot - {}
RESULT: {}
COMMAND: POST /session/9a6d02befdf50e53554cb3562a200a44/element - {"using":"xpath","value":"//input[@id=\"application-managepartners-display-component---NewPartner--companyCodeComboBox-inner\"]"}
RESULT: {"using":"xpath","value":"//input[@id=\"application-managepartners-display-component---NewPartner--companyCodeComboBox-inner\"]"}
COMMAND: POST /session/9a6d02befdf50e53554cb3562a200a44/element/f.936FEEFC3D507069A404F7345F2DEF67.d.BB30BFCA26F408E771CCD10E78691956.e.1418/clear - {}
RESULT: {}
COMMAND: POST /session/9a6d02befdf50e53554cb3562a200a44/element/f.936FEEFC3D507069A404F7345F2DEF67.d.BB30BFCA26F408E771CCD10E78691956.e.1418/value - {"text":"1000"}
COMMAND: GET /session/9a6d02befdf50e53554cb3562a200a44/screenshot - {}
RESULT: {"text":"1000"}
COMMAND: GET /session/9a6d02befdf50e53554cb3562a200a44/screenshot - {}
RESULT: {}
RESULT: {}
COMMAND: POST /session/9a6d02befdf50e53554cb3562a200a44/element - {"using":"xpath","value":"//li[.//span[text()= \"1000\"]]"}
RESULT: {"using":"xpath","value":"//li[.//span[text()= \"1000\"]]"}
COMMAND: POST /session/9a6d02befdf50e53554cb3562a200a44/element/f.936FEEFC3D507069A404F7345F2DEF67.d.BB30BFCA26F408E771CCD10E78691956.e.1578/click - {}
RESULT: {}
COMMAND: GET /session/9a6d02befdf50e53554cb3562a200a44/screenshot - {}
RESULT: {}
COMMAND: POST /session/9a6d02befdf50e53554cb3562a200a44/execute/async - {"script":"<script> [1562 bytes]","args":[{"selector":{"id":"application-managepartners-display-component---NewPartner--btnAddTableRow-img"},"wdio_ui5_key":"applicationmanagepartners-display-component---NewPartner--btnAddTableRow-img"}]}
RESULT: {"script":"<script> [1562 bytes]","args":[{"selector":{"id":"application-managepartners-display-component---NewPartner--btnAddTableRow-img"},"wdio_ui5_key":"applicationmanagepartners-display-component---NewPartner--btnAddTableRow-img"}]}
RESULT: undefined
COMMAND: POST /session/9a6d02befdf50e53554cb3562a200a44/element - {"using":"xpath","value":"//*[@id=\"application-managepartners-display-component---NewPartner--btnAddTableRow-img\"]"}
RESULT: {"using":"xpath","value":"//*[@id=\"application-managepartners-display-component---NewPartner--btnAddTableRow-img\"]"}
COMMAND: POST /session/9a6d02befdf50e53554cb3562a200a44/element/f.936FEEFC3D507069A404F7345F2DEF67.d.BB30BFCA26F408E771CCD10E78691956.e.1579/click - {}
RESULT: {}
COMMAND: GET /session/9a6d02befdf50e53554cb3562a200a44/screenshot - {}
RESULT: {}
COMMAND: POST /session/9a6d02befdf50e53554cb3562a200a44/element - {"using":"xpath","value":"//input[@id=\"application-managepartners-display-component---NewPartner--assignmentYard-application-managepartners-display-component---NewPartner--assignmentsTable-0-inner\"]"}
RESULT: {"using":"xpath","value":"//input[@id=\"application-managepartners-display-component---NewPartner--assignmentYard-application-managepartners-display-component---NewPartner--assignmentsTable-0-inner\"]"}
COMMAND: POST /session/9a6d02befdf50e53554cb3562a200a44/element/f.936FEEFC3D507069A404F7345F2DEF67.d.BB30BFCA26F408E771CCD10E78691956.e.1582/clear - {}
RESULT: {}
COMMAND: POST /session/9a6d02befdf50e53554cb3562a200a44/element/f.936FEEFC3D507069A404F7345F2DEF67.d.BB30BFCA26F408E771CCD10E78691956.e.1582/value - {"text":"265"}
COMMAND: GET /session/9a6d02befdf50e53554cb3562a200a44/screenshot - {}
RESULT: {"text":"265"}
COMMAND: GET /session/9a6d02befdf50e53554cb3562a200a44/screenshot - {}
RESULT: {}
RESULT: {}
COMMAND: POST /session/9a6d02befdf50e53554cb3562a200a44/element - {"using":"xpath","value":"//ul[contains(@id,\"NewPartner--assignmentsTable-0-popup-list-listUl\")]//li[.//span[text()='265']]"}
RESULT: {"using":"xpath","value":"//ul[contains(@id,\"NewPartner--assignmentsTable-0-popup-list-listUl\")]//li[.//span[text()='265']]"}
COMMAND: POST /session/9a6d02befdf50e53554cb3562a200a44/element/f.936FEEFC3D507069A404F7345F2DEF67.d.BB30BFCA26F408E771CCD10E78691956.e.1591/click - {}
RESULT: {}
COMMAND: GET /session/9a6d02befdf50e53554cb3562a200a44/screenshot - {}
RESULT: {}
COMMAND: POST /session/9a6d02befdf50e53554cb3562a200a44/actions - {"actions":[{"id":"action3","type":"key","parameters":{},"actions":[{"type":"keyDown","value":""},{"type":"pause","duration":10},{"type":"keyUp","value":""}]}]}
RESULT: {"actions":[{"id":"action3","type":"key","parameters":{},"actions":[{"type":"keyDown","value":""},{"type":"pause","duration":10},{"type":"keyUp","value":""}]}]}
COMMAND: POST /session/9a6d02befdf50e53554cb3562a200a44/execute/async - {"script":"<script> [1562 bytes]","args":[{"selector":{"id":"application-managepartners-display-component---NewPartner--externalCustomerComboBox-application-managepartners-display-component---NewPartner--assignmentsTable-0-vhi"},"wdio_ui5_key":"applicationmanagepartners-display-component---NewPartner--externalCustomerComboBox-application-managepartners-display-component---NewPartner--assignmentsTable-0-vhi"}]}
COMMAND: GET /session/9a6d02befdf50e53554cb3562a200a44/screenshot - {}
RESULT: {"script":"<script> [1562 bytes]","args":[{"selector":{"id":"application-managepartners-display-component---NewPartner--externalCustomerComboBox-application-managepartners-display-component---NewPartner--assignmentsTable-0-vhi"},"wdio_ui5_key":"applicationmanagepartners-display-component---NewPartner--externalCustomerComboBox-application-managepartners-display-component---NewPartner--assignmentsTable-0-vhi"}]}
RESULT: undefined
COMMAND: POST /session/9a6d02befdf50e53554cb3562a200a44/element - {"using":"xpath","value":"//*[@id=\"application-managepartners-display-component---NewPartner--externalCustomerComboBox-application-managepartners-display-component---NewPartner--assignmentsTable-0-vhi\"]"}
RESULT: {}
RESULT: {"using":"xpath","value":"//*[@id=\"application-managepartners-display-component---NewPartner--externalCustomerComboBox-application-managepartners-display-component---NewPartner--assignmentsTable-0-vhi\"]"}
COMMAND: POST /session/9a6d02befdf50e53554cb3562a200a44/element/f.936FEEFC3D507069A404F7345F2DEF67.d.BB30BFCA26F408E771CCD10E78691956.e.1595/click - {}
RESULT: {}
RESULT: undefined
COMMAND: POST /session/9a6d02befdf50e53554cb3562a200a44/execute/async - {"script":"<script> [776 bytes]","args":[{"enterText":"300003","selector":{"controlType":"sap.m.SearchField","properties":{"placeholder":"Search"},"searchOpenDialogs":true,"interaction":{"idSuffix":"I"}},"clearTextFirst":true,"interactionType":"ENTER_TEXT"}]}
COMMAND: GET /session/9a6d02befdf50e53554cb3562a200a44/screenshot - {}
RESULT: {"script":"<script> [776 bytes]","args":[{"enterText":"300003","selector":{"controlType":"sap.m.SearchField","properties":{"placeholder":"Search"},"searchOpenDialogs":true,"interaction":{"idSuffix":"I"}},"clearTextFirst":true,"interactionType":"ENTER_TEXT"}]}
COMMAND: POST /session/9a6d02befdf50e53554cb3562a200a44/actions - {"actions":[{"id":"action4","type":"key","parameters":{},"actions":[{"type":"keyDown","value":""},{"type":"pause","duration":10},{"type":"keyUp","value":""}]}]}
RESULT: {}
RESULT: {"actions":[{"id":"action4","type":"key","parameters":{},"actions":[{"type":"keyDown","value":""},{"type":"pause","duration":10},{"type":"keyUp","value":""}]}]}
COMMAND: GET /session/9a6d02befdf50e53554cb3562a200a44/screenshot - {}
RESULT: {}
COMMAND: POST /session/9a6d02befdf50e53554cb3562a200a44/element - {"using":"xpath","value":"//span[contains(text(), \"300003\")]"}
RESULT: {"using":"xpath","value":"//span[contains(text(), \"300003\")]"}
COMMAND: POST /session/9a6d02befdf50e53554cb3562a200a44/element/f.936FEEFC3D507069A404F7345F2DEF67.d.BB30BFCA26F408E771CCD10E78691956.e.1646/click - {}
RESULT: {}
COMMAND: GET /session/9a6d02befdf50e53554cb3562a200a44/screenshot - {}
RESULT: {}
COMMAND: POST /session/9a6d02befdf50e53554cb3562a200a44/element - {"using":"xpath","value":"//bdi[contains(text(), \"OK\")]"}
RESULT: {"using":"xpath","value":"//bdi[contains(text(), \"OK\")]"}
COMMAND: POST /session/9a6d02befdf50e53554cb3562a200a44/element/f.936FEEFC3D507069A404F7345F2DEF67.d.BB30BFCA26F408E771CCD10E78691956.e.1648/click - {}
RESULT: {}
COMMAND: GET /session/9a6d02befdf50e53554cb3562a200a44/screenshot - {}
RESULT: {}
COMMAND: POST /session/9a6d02befdf50e53554cb3562a200a44/execute/async - {"script":"<script> [1562 bytes]","args":[{"selector":{"id":"application-managepartners-display-component---NewPartner--intercompVendorComboBox-application-managepartners-display-component---NewPartner--assignmentsTable-0-vhi"},"wdio_ui5_key":"applicationmanagepartners-display-component---NewPartner--intercompVendorComboBox-application-managepartners-display-component---NewPartner--assignmentsTable-0-vhi"}]}
RESULT: {"script":"<script> [1562 bytes]","args":[{"selector":{"id":"application-managepartners-display-component---NewPartner--intercompVendorComboBox-application-managepartners-display-component---NewPartner--assignmentsTable-0-vhi"},"wdio_ui5_key":"applicationmanagepartners-display-component---NewPartner--intercompVendorComboBox-application-managepartners-display-component---NewPartner--assignmentsTable-0-vhi"}]}
RESULT: undefined
COMMAND: POST /session/9a6d02befdf50e53554cb3562a200a44/element - {"using":"xpath","value":"//*[@id=\"application-managepartners-display-component---NewPartner--intercompVendorComboBox-application-managepartners-display-component---NewPartner--assignmentsTable-0-vhi\"]"}
RESULT: {"using":"xpath","value":"//*[@id=\"application-managepartners-display-component---NewPartner--intercompVendorComboBox-application-managepartners-display-component---NewPartner--assignmentsTable-0-vhi\"]"}
COMMAND: POST /session/9a6d02befdf50e53554cb3562a200a44/element/f.936FEEFC3D507069A404F7345F2DEF67.d.BB30BFCA26F408E771CCD10E78691956.e.1651/click - {}
RESULT: {}
RESULT: undefined
COMMAND: POST /session/9a6d02befdf50e53554cb3562a200a44/execute/async - {"script":"<script> [776 bytes]","args":[{"enterText":"100005","selector":{"controlType":"sap.m.SearchField","properties":{"placeholder":"Search"},"searchOpenDialogs":true,"interaction":{"idSuffix":"I"}},"clearTextFirst":true,"interactionType":"ENTER_TEXT"}]}
COMMAND: GET /session/9a6d02befdf50e53554cb3562a200a44/screenshot - {}
RESULT: {"script":"<script> [776 bytes]","args":[{"enterText":"100005","selector":{"controlType":"sap.m.SearchField","properties":{"placeholder":"Search"},"searchOpenDialogs":true,"interaction":{"idSuffix":"I"}},"clearTextFirst":true,"interactionType":"ENTER_TEXT"}]}
COMMAND: POST /session/9a6d02befdf50e53554cb3562a200a44/actions - {"actions":[{"id":"action5","type":"key","parameters":{},"actions":[{"type":"keyDown","value":""},{"type":"pause","duration":10},{"type":"keyUp","value":""}]}]}
RESULT: {}
RESULT: {"actions":[{"id":"action5","type":"key","parameters":{},"actions":[{"type":"keyDown","value":""},{"type":"pause","duration":10},{"type":"keyUp","value":""}]}]}
COMMAND: GET /session/9a6d02befdf50e53554cb3562a200a44/screenshot - {}
RESULT: {}
COMMAND: POST /session/9a6d02befdf50e53554cb3562a200a44/element - {"using":"xpath","value":"//span[contains(text(), \"Penguins - Field/12345 Berlin\")]"}
RESULT: {"using":"xpath","value":"//span[contains(text(), \"Penguins - Field/12345 Berlin\")]"}
COMMAND: POST /session/9a6d02befdf50e53554cb3562a200a44/element/f.936FEEFC3D507069A404F7345F2DEF67.d.BB30BFCA26F408E771CCD10E78691956.e.1670/click - {}
RESULT: {}
COMMAND: GET /session/9a6d02befdf50e53554cb3562a200a44/screenshot - {}
RESULT: {}
COMMAND: POST /session/9a6d02befdf50e53554cb3562a200a44/element - {"using":"xpath","value":"//bdi[contains(text(), \"OK\")]"}
RESULT: {"using":"xpath","value":"//bdi[contains(text(), \"OK\")]"}
COMMAND: POST /session/9a6d02befdf50e53554cb3562a200a44/element/f.936FEEFC3D507069A404F7345F2DEF67.d.BB30BFCA26F408E771CCD10E78691956.e.1671/click - {}
RESULT: {}
COMMAND: GET /session/9a6d02befdf50e53554cb3562a200a44/screenshot - {}
RESULT: {}
COMMAND: POST /session/9a6d02befdf50e53554cb3562a200a44/element - {"using":"xpath","value":"//button[@data-kt=\"saveButton\"]"}
RESULT: {"using":"xpath","value":"//button[@data-kt=\"saveButton\"]"}
COMMAND: POST /session/9a6d02befdf50e53554cb3562a200a44/element/f.936FEEFC3D507069A404F7345F2DEF67.d.BB30BFCA26F408E771CCD10E78691956.e.1482/click - {}
RESULT: {}
COMMAND: GET /session/9a6d02befdf50e53554cb3562a200a44/screenshot - {}
RESULT: {}
COMMAND: POST /session/9a6d02befdf50e53554cb3562a200a44/element - {"using":"xpath","value":"//header[contains(@id, 'ObjectPageLayout-headerTitle')]/div[1]/div[2]/div[2]/span[1]"}
RESULT: {"using":"xpath","value":"//header[contains(@id, 'ObjectPageLayout-headerTitle')]/div[1]/div[2]/div[2]/span[1]"}
COMMAND: POST /session/9a6d02befdf50e53554cb3562a200a44/elements - {"using":"xpath","value":"//header[contains(@id, 'ObjectPageLayout-headerTitle')]/div[1]/div[2]/div[2]/span[1]"}
RESULT: {"using":"xpath","value":"//header[contains(@id, 'ObjectPageLayout-headerTitle')]/div[1]/div[2]/div[2]/span[1]"}
COMMAND: POST /session/9a6d02befdf50e53554cb3562a200a44/execute/sync - {"script":"<script> [56 bytes]","args":[{"element-6066-11e4-a52e-4f735466cecf":"f.936FEEFC3D507069A404F7345F2DEF67.d.BB30BFCA26F408E771CCD10E78691956.e.1838","ELEMENT":"f.936FEEFC3D507069A404F7345F2DEF67.d.BB30BFCA26F408E771CCD10E78691956.e.1838"}]}
RESULT: {"script":"<script> [56 bytes]","args":[{"element-6066-11e4-a52e-4f735466cecf":"f.936FEEFC3D507069A404F7345F2DEF67.d.BB30BFCA26F408E771CCD10E78691956.e.1838","ELEMENT":"f.936FEEFC3D507069A404F7345F2DEF67.d.BB30BFCA26F408E771CCD10E78691956.e.1838"}]}
COMMAND: POST /session/9a6d02befdf50e53554cb3562a200a44/element - {"using":"css selector","value":"#shell-header-logo"}
COMMAND: GET /session/9a6d02befdf50e53554cb3562a200a44/screenshot - {}
RESULT: {"using":"css selector","value":"#shell-header-logo"}
COMMAND: POST /session/9a6d02befdf50e53554cb3562a200a44/element/f.936FEEFC3D507069A404F7345F2DEF67.d.BB30BFCA26F408E771CCD10E78691956.e.1024/click - {}
RESULT: {}
RESULT: {}
COMMAND: GET /session/9a6d02befdf50e53554cb3562a200a44/screenshot - {}
RESULT: {}
COMMAND: POST /session/9a6d02befdf50e53554cb3562a200a44/execute/sync - {"script":"<script> [299 bytes]","args":[["getModel","getResource"]]}
RESULT: {"script":"<script> [299 bytes]","args":[["getModel","getResource"]]}
]]></system-out>
    </testcase>
    <testcase classname="chrome.137_0_7151_69.windows.Prerequisites_&amp;_test_for_yard_mass_return_on_Yard_Overview_US131057" name="Prereq Should create a new site" time="97.51">
      <system-out><![CDATA[
COMMAND: POST /session/9a6d02befdf50e53554cb3562a200a44/execute/async - {"script":"<script> [1562 bytes]","args":[{"selector":{"controlType":"sap.m.GenericTile","properties":{"header":"Manage Sites"}},"wdio_ui5_key":"sapm.GenericTile{\"header\":\"Manage Sites\"}"}]}
COMMAND: GET /session/9a6d02befdf50e53554cb3562a200a44/screenshot - {}
RESULT: {"script":"<script> [1562 bytes]","args":[{"selector":{"controlType":"sap.m.GenericTile","properties":{"header":"Manage Sites"}},"wdio_ui5_key":"sapm.GenericTile{\"header\":\"Manage Sites\"}"}]}
RESULT: undefined
COMMAND: POST /session/9a6d02befdf50e53554cb3562a200a44/element - {"using":"xpath","value":"//*[@id=\"__tile41\"]"}
RESULT: {}
RESULT: {"using":"xpath","value":"//*[@id=\"__tile41\"]"}
COMMAND: POST /session/9a6d02befdf50e53554cb3562a200a44/element/f.936FEEFC3D507069A404F7345F2DEF67.d.BB30BFCA26F408E771CCD10E78691956.e.160/click - {}
RESULT: {}
COMMAND: GET /session/9a6d02befdf50e53554cb3562a200a44/screenshot - {}
RESULT: {}
COMMAND: POST /session/9a6d02befdf50e53554cb3562a200a44/elements - {"using":"xpath","value":"//span[text()='Error']"}
RESULT: {"using":"xpath","value":"//span[text()='Error']"}
COMMAND: POST /session/9a6d02befdf50e53554cb3562a200a44/element - {"using":"xpath","value":"//button[@data-kt=\"addOverflowToolbarButton\"]"}
RESULT: {"using":"xpath","value":"//button[@data-kt=\"addOverflowToolbarButton\"]"}
COMMAND: POST /session/9a6d02befdf50e53554cb3562a200a44/elements - {"using":"xpath","value":"//button[@data-kt=\"addOverflowToolbarButton\"]"}
RESULT: {"using":"xpath","value":"//button[@data-kt=\"addOverflowToolbarButton\"]"}
COMMAND: POST /session/9a6d02befdf50e53554cb3562a200a44/execute/sync - {"script":"<script> [8489 bytes]","args":[{"element-6066-11e4-a52e-4f735466cecf":"f.936FEEFC3D507069A404F7345F2DEF67.d.BB30BFCA26F408E771CCD10E78691956.e.1885","ELEMENT":"f.936FEEFC3D507069A404F7345F2DEF67.d.BB30BFCA26F408E771CCD10E78691956.e.1885"}]}
RESULT: {"script":"<script> [8489 bytes]","args":[{"element-6066-11e4-a52e-4f735466cecf":"f.936FEEFC3D507069A404F7345F2DEF67.d.BB30BFCA26F408E771CCD10E78691956.e.1885","ELEMENT":"f.936FEEFC3D507069A404F7345F2DEF67.d.BB30BFCA26F408E771CCD10E78691956.e.1885"}]}
COMMAND: GET /session/9a6d02befdf50e53554cb3562a200a44/element/f.936FEEFC3D507069A404F7345F2DEF67.d.BB30BFCA26F408E771CCD10E78691956.e.1885/enabled - {}
COMMAND: GET /session/9a6d02befdf50e53554cb3562a200a44/screenshot - {}
RESULT: {}
COMMAND: POST /session/9a6d02befdf50e53554cb3562a200a44/execute/sync - {"script":"<script> [8489 bytes]","args":[{"element-6066-11e4-a52e-4f735466cecf":"f.936FEEFC3D507069A404F7345F2DEF67.d.BB30BFCA26F408E771CCD10E78691956.e.1885","ELEMENT":"f.936FEEFC3D507069A404F7345F2DEF67.d.BB30BFCA26F408E771CCD10E78691956.e.1885"}]}
COMMAND: GET /session/9a6d02befdf50e53554cb3562a200a44/screenshot - {}
RESULT: {}
RESULT: {"script":"<script> [8489 bytes]","args":[{"element-6066-11e4-a52e-4f735466cecf":"f.936FEEFC3D507069A404F7345F2DEF67.d.BB30BFCA26F408E771CCD10E78691956.e.1885","ELEMENT":"f.936FEEFC3D507069A404F7345F2DEF67.d.BB30BFCA26F408E771CCD10E78691956.e.1885"}]}
COMMAND: POST /session/9a6d02befdf50e53554cb3562a200a44/execute/sync - {"script":"<script> [5351 bytes]","args":[{"element-6066-11e4-a52e-4f735466cecf":"f.936FEEFC3D507069A404F7345F2DEF67.d.BB30BFCA26F408E771CCD10E78691956.e.1885","ELEMENT":"f.936FEEFC3D507069A404F7345F2DEF67.d.BB30BFCA26F408E771CCD10E78691956.e.1885"}]}
COMMAND: GET /session/9a6d02befdf50e53554cb3562a200a44/screenshot - {}
RESULT: {}
RESULT: {"script":"<script> [5351 bytes]","args":[{"element-6066-11e4-a52e-4f735466cecf":"f.936FEEFC3D507069A404F7345F2DEF67.d.BB30BFCA26F408E771CCD10E78691956.e.1885","ELEMENT":"f.936FEEFC3D507069A404F7345F2DEF67.d.BB30BFCA26F408E771CCD10E78691956.e.1885"}]}
COMMAND: POST /session/9a6d02befdf50e53554cb3562a200a44/element/f.936FEEFC3D507069A404F7345F2DEF67.d.BB30BFCA26F408E771CCD10E78691956.e.1885/click - {}
COMMAND: GET /session/9a6d02befdf50e53554cb3562a200a44/screenshot - {}
RESULT: {}
RESULT: {}
COMMAND: GET /session/9a6d02befdf50e53554cb3562a200a44/screenshot - {}
RESULT: {}
RESULT: {}
COMMAND: POST /session/9a6d02befdf50e53554cb3562a200a44/element - {"using":"xpath","value":"//input[@id=\"application-managesites-display-component---NewSite--siteId-inner\"]"}
RESULT: {"using":"xpath","value":"//input[@id=\"application-managesites-display-component---NewSite--siteId-inner\"]"}
COMMAND: POST /session/9a6d02befdf50e53554cb3562a200a44/element - {"using":"xpath","value":"//input[@id=\"application-managesites-display-component---NewSite--siteId-inner\"]"}
RESULT: {"using":"xpath","value":"//input[@id=\"application-managesites-display-component---NewSite--siteId-inner\"]"}
COMMAND: POST /session/9a6d02befdf50e53554cb3562a200a44/execute/async - {"script":"<script> [1562 bytes]","args":[{"selector":{"id":"application-managesites-display-component---NewSite--addressDetailDetailsName1","interaction":{"idSuffix":"inner"}},"wdio_ui5_key":"applicationmanagesites-display-component---NewSite--addressDetailDetailsName1"}]}
RESULT: {"script":"<script> [1562 bytes]","args":[{"selector":{"id":"application-managesites-display-component---NewSite--addressDetailDetailsName1","interaction":{"idSuffix":"inner"}},"wdio_ui5_key":"applicationmanagesites-display-component---NewSite--addressDetailDetailsName1"}]}
RESULT: undefined
COMMAND: POST /session/9a6d02befdf50e53554cb3562a200a44/execute/async - {"script":"<script> [776 bytes]","args":[{"enterText":"Intracompany Site wdIO","selector":{"id":"application-managesites-display-component---NewSite--addressDetailDetailsName1","interaction":{"idSuffix":"inner"}},"clearTextFirst":true,"interactionType":"ENTER_TEXT"}]}
RESULT: {"script":"<script> [776 bytes]","args":[{"enterText":"Intracompany Site wdIO","selector":{"id":"application-managesites-display-component---NewSite--addressDetailDetailsName1","interaction":{"idSuffix":"inner"}},"clearTextFirst":true,"interactionType":"ENTER_TEXT"}]}
COMMAND: POST /session/9a6d02befdf50e53554cb3562a200a44/execute/async - {"script":"<script> [1562 bytes]","args":[{"selector":{"id":"application-managesites-display-component---NewSite--addressDetailDetailsLanguage-arrow"},"wdio_ui5_key":"applicationmanagesites-display-component---NewSite--addressDetailDetailsLanguage-arrow"}]}
RESULT: {"script":"<script> [1562 bytes]","args":[{"selector":{"id":"application-managesites-display-component---NewSite--addressDetailDetailsLanguage-arrow"},"wdio_ui5_key":"applicationmanagesites-display-component---NewSite--addressDetailDetailsLanguage-arrow"}]}
RESULT: undefined
COMMAND: POST /session/9a6d02befdf50e53554cb3562a200a44/element - {"using":"xpath","value":"//*[@id=\"application-managesites-display-component---NewSite--addressDetailDetailsLanguage-arrow\"]"}
RESULT: {"using":"xpath","value":"//*[@id=\"application-managesites-display-component---NewSite--addressDetailDetailsLanguage-arrow\"]"}
COMMAND: POST /session/9a6d02befdf50e53554cb3562a200a44/element/f.936FEEFC3D507069A404F7345F2DEF67.d.BB30BFCA26F408E771CCD10E78691956.e.2280/click - {}
RESULT: {}
COMMAND: POST /session/9a6d02befdf50e53554cb3562a200a44/element - {"using":"xpath","value":"//span[contains(text(), \"English\")]"}
COMMAND: GET /session/9a6d02befdf50e53554cb3562a200a44/screenshot - {}
RESULT: {"using":"xpath","value":"//span[contains(text(), \"English\")]"}
COMMAND: POST /session/9a6d02befdf50e53554cb3562a200a44/element/f.936FEEFC3D507069A404F7345F2DEF67.d.BB30BFCA26F408E771CCD10E78691956.e.2281/click - {}
RESULT: {}
RESULT: {}
COMMAND: POST /session/9a6d02befdf50e53554cb3562a200a44/execute/async - {"script":"<script> [1562 bytes]","args":[{"selector":{"id":"application-managesites-display-component---NewSite--addressDetailDetailsCity1","interaction":{"idSuffix":"inner"}},"wdio_ui5_key":"applicationmanagesites-display-component---NewSite--addressDetailDetailsCity1"}]}
COMMAND: GET /session/9a6d02befdf50e53554cb3562a200a44/screenshot - {}
RESULT: {"script":"<script> [1562 bytes]","args":[{"selector":{"id":"application-managesites-display-component---NewSite--addressDetailDetailsCity1","interaction":{"idSuffix":"inner"}},"wdio_ui5_key":"applicationmanagesites-display-component---NewSite--addressDetailDetailsCity1"}]}
RESULT: undefined
COMMAND: POST /session/9a6d02befdf50e53554cb3562a200a44/execute/async - {"script":"<script> [776 bytes]","args":[{"enterText":"Rosario","selector":{"id":"application-managesites-display-component---NewSite--addressDetailDetailsCity1","interaction":{"idSuffix":"inner"}},"clearTextFirst":true,"interactionType":"ENTER_TEXT"}]}
RESULT: {}
RESULT: {"script":"<script> [776 bytes]","args":[{"enterText":"Rosario","selector":{"id":"application-managesites-display-component---NewSite--addressDetailDetailsCity1","interaction":{"idSuffix":"inner"}},"clearTextFirst":true,"interactionType":"ENTER_TEXT"}]}
COMMAND: POST /session/9a6d02befdf50e53554cb3562a200a44/execute/async - {"script":"<script> [1562 bytes]","args":[{"selector":{"id":"application-managesites-display-component---NewSite--addressDetailDetailsCountry-arrow"},"wdio_ui5_key":"applicationmanagesites-display-component---NewSite--addressDetailDetailsCountry-arrow"}]}
RESULT: {"script":"<script> [1562 bytes]","args":[{"selector":{"id":"application-managesites-display-component---NewSite--addressDetailDetailsCountry-arrow"},"wdio_ui5_key":"applicationmanagesites-display-component---NewSite--addressDetailDetailsCountry-arrow"}]}
RESULT: undefined
COMMAND: POST /session/9a6d02befdf50e53554cb3562a200a44/element - {"using":"xpath","value":"//*[@id=\"application-managesites-display-component---NewSite--addressDetailDetailsCountry-arrow\"]"}
RESULT: {"using":"xpath","value":"//*[@id=\"application-managesites-display-component---NewSite--addressDetailDetailsCountry-arrow\"]"}
COMMAND: POST /session/9a6d02befdf50e53554cb3562a200a44/element/f.936FEEFC3D507069A404F7345F2DEF67.d.BB30BFCA26F408E771CCD10E78691956.e.2283/click - {}
RESULT: {}
COMMAND: POST /session/9a6d02befdf50e53554cb3562a200a44/element - {"using":"xpath","value":"//span[contains(text(), \"Argentina\")]"}
COMMAND: GET /session/9a6d02befdf50e53554cb3562a200a44/screenshot - {}
RESULT: {"using":"xpath","value":"//span[contains(text(), \"Argentina\")]"}
COMMAND: POST /session/9a6d02befdf50e53554cb3562a200a44/element/f.936FEEFC3D507069A404F7345F2DEF67.d.BB30BFCA26F408E771CCD10E78691956.e.2284/click - {}
RESULT: {}
RESULT: {}
COMMAND: GET /session/9a6d02befdf50e53554cb3562a200a44/screenshot - {}
RESULT: {}
COMMAND: POST /session/9a6d02befdf50e53554cb3562a200a44/execute/async - {"script":"<script> [1562 bytes]","args":[{"selector":{"id":"application-managesites-display-component---NewSite--addressEditDetailsCostObjectCstType-arrow"},"wdio_ui5_key":"applicationmanagesites-display-component---NewSite--addressEditDetailsCostObjectCstType-arrow"}]}
RESULT: {"script":"<script> [1562 bytes]","args":[{"selector":{"id":"application-managesites-display-component---NewSite--addressEditDetailsCostObjectCstType-arrow"},"wdio_ui5_key":"applicationmanagesites-display-component---NewSite--addressEditDetailsCostObjectCstType-arrow"}]}
RESULT: undefined
COMMAND: POST /session/9a6d02befdf50e53554cb3562a200a44/element - {"using":"xpath","value":"//*[@id=\"application-managesites-display-component---NewSite--addressEditDetailsCostObjectCstType-arrow\"]"}
RESULT: {"using":"xpath","value":"//*[@id=\"application-managesites-display-component---NewSite--addressEditDetailsCostObjectCstType-arrow\"]"}
COMMAND: POST /session/9a6d02befdf50e53554cb3562a200a44/element/f.936FEEFC3D507069A404F7345F2DEF67.d.BB30BFCA26F408E771CCD10E78691956.e.2286/click - {}
RESULT: {}
COMMAND: POST /session/9a6d02befdf50e53554cb3562a200a44/element - {"using":"xpath","value":"//span[contains(text(), \"Cost Center\")]"}
COMMAND: GET /session/9a6d02befdf50e53554cb3562a200a44/screenshot - {}
RESULT: {"using":"xpath","value":"//span[contains(text(), \"Cost Center\")]"}
COMMAND: POST /session/9a6d02befdf50e53554cb3562a200a44/element/f.936FEEFC3D507069A404F7345F2DEF67.d.BB30BFCA26F408E771CCD10E78691956.e.2288/click - {}
RESULT: {}
RESULT: {}
COMMAND: GET /session/9a6d02befdf50e53554cb3562a200a44/screenshot - {}
RESULT: {}
COMMAND: POST /session/9a6d02befdf50e53554cb3562a200a44/element - {"using":"xpath","value":"//span[@id=\"application-managesites-display-component---NewSite--addressNewCostObjectCstID-vhi\"]"}
RESULT: {"using":"xpath","value":"//span[@id=\"application-managesites-display-component---NewSite--addressNewCostObjectCstID-vhi\"]"}
COMMAND: POST /session/9a6d02befdf50e53554cb3562a200a44/execute/sync - {"script":"<script> [8489 bytes]","args":[{"element-6066-11e4-a52e-4f735466cecf":"f.936FEEFC3D507069A404F7345F2DEF67.d.BB30BFCA26F408E771CCD10E78691956.e.2292","ELEMENT":"f.936FEEFC3D507069A404F7345F2DEF67.d.BB30BFCA26F408E771CCD10E78691956.e.2292"}]}
RESULT: {"script":"<script> [8489 bytes]","args":[{"element-6066-11e4-a52e-4f735466cecf":"f.936FEEFC3D507069A404F7345F2DEF67.d.BB30BFCA26F408E771CCD10E78691956.e.2292","ELEMENT":"f.936FEEFC3D507069A404F7345F2DEF67.d.BB30BFCA26F408E771CCD10E78691956.e.2292"}]}
COMMAND: POST /session/9a6d02befdf50e53554cb3562a200a44/execute/async - {"script":"<script> [1562 bytes]","args":[{"selector":{"id":"application-managesites-display-component---NewSite--addressNewCostObjectCstID-vhi"},"wdio_ui5_key":"applicationmanagesites-display-component---NewSite--addressNewCostObjectCstID-vhi"}]}
COMMAND: GET /session/9a6d02befdf50e53554cb3562a200a44/screenshot - {}
RESULT: {"script":"<script> [1562 bytes]","args":[{"selector":{"id":"application-managesites-display-component---NewSite--addressNewCostObjectCstID-vhi"},"wdio_ui5_key":"applicationmanagesites-display-component---NewSite--addressNewCostObjectCstID-vhi"}]}
RESULT: undefined
COMMAND: POST /session/9a6d02befdf50e53554cb3562a200a44/element - {"using":"xpath","value":"//*[@id=\"application-managesites-display-component---NewSite--addressNewCostObjectCstID-vhi\"]"}
RESULT: {}
RESULT: {"using":"xpath","value":"//*[@id=\"application-managesites-display-component---NewSite--addressNewCostObjectCstID-vhi\"]"}
COMMAND: POST /session/9a6d02befdf50e53554cb3562a200a44/element/f.936FEEFC3D507069A404F7345F2DEF67.d.BB30BFCA26F408E771CCD10E78691956.e.2292/click - {}
RESULT: {}
COMMAND: GET /session/9a6d02befdf50e53554cb3562a200a44/screenshot - {}
RESULT: {}
RESULT: undefined
COMMAND: POST /session/9a6d02befdf50e53554cb3562a200a44/execute/async - {"script":"<script> [776 bytes]","args":[{"enterText":"10001013","selector":{"controlType":"sap.m.SearchField","properties":{"placeholder":"Search"},"searchOpenDialogs":true,"interaction":{"idSuffix":"I"}},"clearTextFirst":true,"interactionType":"ENTER_TEXT"}]}
RESULT: {"script":"<script> [776 bytes]","args":[{"enterText":"10001013","selector":{"controlType":"sap.m.SearchField","properties":{"placeholder":"Search"},"searchOpenDialogs":true,"interaction":{"idSuffix":"I"}},"clearTextFirst":true,"interactionType":"ENTER_TEXT"}]}
COMMAND: POST /session/9a6d02befdf50e53554cb3562a200a44/actions - {"actions":[{"id":"action6","type":"key","parameters":{},"actions":[{"type":"keyDown","value":""},{"type":"pause","duration":10},{"type":"keyUp","value":""}]}]}
RESULT: {"actions":[{"id":"action6","type":"key","parameters":{},"actions":[{"type":"keyDown","value":""},{"type":"pause","duration":10},{"type":"keyUp","value":""}]}]}
COMMAND: GET /session/9a6d02befdf50e53554cb3562a200a44/screenshot - {}
RESULT: {}
COMMAND: POST /session/9a6d02befdf50e53554cb3562a200a44/element - {"using":"xpath","value":"//span[contains(text(), \"General Management\")]"}
RESULT: {"using":"xpath","value":"//span[contains(text(), \"General Management\")]"}
COMMAND: POST /session/9a6d02befdf50e53554cb3562a200a44/element/f.936FEEFC3D507069A404F7345F2DEF67.d.BB30BFCA26F408E771CCD10E78691956.e.2331/click - {}
RESULT: {}
COMMAND: GET /session/9a6d02befdf50e53554cb3562a200a44/screenshot - {}
RESULT: {}
COMMAND: POST /session/9a6d02befdf50e53554cb3562a200a44/element - {"using":"xpath","value":"//bdi[contains(text(), \"OK\")]"}
RESULT: {"using":"xpath","value":"//bdi[contains(text(), \"OK\")]"}
COMMAND: POST /session/9a6d02befdf50e53554cb3562a200a44/element/f.936FEEFC3D507069A404F7345F2DEF67.d.BB30BFCA26F408E771CCD10E78691956.e.2332/click - {}
RESULT: {}
COMMAND: GET /session/9a6d02befdf50e53554cb3562a200a44/screenshot - {}
RESULT: {}
COMMAND: POST /session/9a6d02befdf50e53554cb3562a200a44/element - {"using":"xpath","value":"//input[@id=\"application-managesites-display-component---NewSite--addressDetailDetailsCalendar-inner\"]"}
RESULT: {"using":"xpath","value":"//input[@id=\"application-managesites-display-component---NewSite--addressDetailDetailsCalendar-inner\"]"}
COMMAND: POST /session/9a6d02befdf50e53554cb3562a200a44/element/f.936FEEFC3D507069A404F7345F2DEF67.d.BB30BFCA26F408E771CCD10E78691956.e.2081/clear - {}
RESULT: {}
COMMAND: POST /session/9a6d02befdf50e53554cb3562a200a44/element/f.936FEEFC3D507069A404F7345F2DEF67.d.BB30BFCA26F408E771CCD10E78691956.e.2081/value - {"text":"Unit"}
COMMAND: GET /session/9a6d02befdf50e53554cb3562a200a44/screenshot - {}
RESULT: {"text":"Unit"}
COMMAND: GET /session/9a6d02befdf50e53554cb3562a200a44/screenshot - {}
RESULT: {}
RESULT: {}
COMMAND: POST /session/9a6d02befdf50e53554cb3562a200a44/actions - {"actions":[{"id":"action7","type":"key","parameters":{},"actions":[{"type":"keyDown","value":""},{"type":"pause","duration":10},{"type":"keyUp","value":""}]}]}
RESULT: {"actions":[{"id":"action7","type":"key","parameters":{},"actions":[{"type":"keyDown","value":""},{"type":"pause","duration":10},{"type":"keyUp","value":""}]}]}
COMMAND: POST /session/9a6d02befdf50e53554cb3562a200a44/element - {"using":"xpath","value":"//input[@id=\"application-managesites-display-component---NewSite--addressDetailDetailsYard-inner\"]"}
COMMAND: GET /session/9a6d02befdf50e53554cb3562a200a44/screenshot - {}
RESULT: {"using":"xpath","value":"//input[@id=\"application-managesites-display-component---NewSite--addressDetailDetailsYard-inner\"]"}
COMMAND: POST /session/9a6d02befdf50e53554cb3562a200a44/element/f.936FEEFC3D507069A404F7345F2DEF67.d.BB30BFCA26F408E771CCD10E78691956.e.2082/clear - {}
RESULT: {}
RESULT: {}
COMMAND: POST /session/9a6d02befdf50e53554cb3562a200a44/element/f.936FEEFC3D507069A404F7345F2DEF67.d.BB30BFCA26F408E771CCD10E78691956.e.2082/value - {"text":"265"}
COMMAND: GET /session/9a6d02befdf50e53554cb3562a200a44/screenshot - {}
RESULT: {"text":"265"}
COMMAND: GET /session/9a6d02befdf50e53554cb3562a200a44/screenshot - {}
RESULT: {}
RESULT: {}
COMMAND: POST /session/9a6d02befdf50e53554cb3562a200a44/element - {"using":"xpath","value":"//li[.//span[text()='265']]"}
RESULT: {"using":"xpath","value":"//li[.//span[text()='265']]"}
COMMAND: POST /session/9a6d02befdf50e53554cb3562a200a44/element/f.936FEEFC3D507069A404F7345F2DEF67.d.BB30BFCA26F408E771CCD10E78691956.e.2340/click - {}
RESULT: {}
COMMAND: GET /session/9a6d02befdf50e53554cb3562a200a44/screenshot - {}
RESULT: {}
COMMAND: POST /session/9a6d02befdf50e53554cb3562a200a44/element - {"using":"xpath","value":"//input[@id=\"application-managesites-display-component---NewSite--addressDetailDetailsPartner-inner\"]"}
RESULT: {"using":"xpath","value":"//input[@id=\"application-managesites-display-component---NewSite--addressDetailDetailsPartner-inner\"]"}
COMMAND: POST /session/9a6d02befdf50e53554cb3562a200a44/element - {"using":"xpath","value":"//input[@id=\"application-managesites-display-component---NewSite--addressDetailDetailsPartner-inner\"]"}
RESULT: {"using":"xpath","value":"//input[@id=\"application-managesites-display-component---NewSite--addressDetailDetailsPartner-inner\"]"}
COMMAND: POST /session/9a6d02befdf50e53554cb3562a200a44/element - {"using":"xpath","value":"//button[@data-kt=\"saveButton\"]"}
RESULT: {"using":"xpath","value":"//button[@data-kt=\"saveButton\"]"}
COMMAND: POST /session/9a6d02befdf50e53554cb3562a200a44/element/f.936FEEFC3D507069A404F7345F2DEF67.d.BB30BFCA26F408E771CCD10E78691956.e.2259/click - {}
RESULT: {}
COMMAND: GET /session/9a6d02befdf50e53554cb3562a200a44/screenshot - {}
RESULT: {}
COMMAND: POST /session/9a6d02befdf50e53554cb3562a200a44/element - {"using":"xpath","value":"//header[contains(@id, 'ObjectPageLayout-headerTitle')]/div[1]/div[2]/div[2]/span[1]"}
RESULT: {"using":"xpath","value":"//header[contains(@id, 'ObjectPageLayout-headerTitle')]/div[1]/div[2]/div[2]/span[1]"}
COMMAND: POST /session/9a6d02befdf50e53554cb3562a200a44/elements - {"using":"xpath","value":"//header[contains(@id, 'ObjectPageLayout-headerTitle')]/div[1]/div[2]/div[2]/span[1]"}
RESULT: {"using":"xpath","value":"//header[contains(@id, 'ObjectPageLayout-headerTitle')]/div[1]/div[2]/div[2]/span[1]"}
COMMAND: POST /session/9a6d02befdf50e53554cb3562a200a44/execute/sync - {"script":"<script> [56 bytes]","args":[{"element-6066-11e4-a52e-4f735466cecf":"f.936FEEFC3D507069A404F7345F2DEF67.d.BB30BFCA26F408E771CCD10E78691956.e.2546","ELEMENT":"f.936FEEFC3D507069A404F7345F2DEF67.d.BB30BFCA26F408E771CCD10E78691956.e.2546"}]}
RESULT: {"script":"<script> [56 bytes]","args":[{"element-6066-11e4-a52e-4f735466cecf":"f.936FEEFC3D507069A404F7345F2DEF67.d.BB30BFCA26F408E771CCD10E78691956.e.2546","ELEMENT":"f.936FEEFC3D507069A404F7345F2DEF67.d.BB30BFCA26F408E771CCD10E78691956.e.2546"}]}
COMMAND: POST /session/9a6d02befdf50e53554cb3562a200a44/element - {"using":"css selector","value":"#shell-header-logo"}
COMMAND: GET /session/9a6d02befdf50e53554cb3562a200a44/screenshot - {}
RESULT: {"using":"css selector","value":"#shell-header-logo"}
COMMAND: POST /session/9a6d02befdf50e53554cb3562a200a44/element/f.936FEEFC3D507069A404F7345F2DEF67.d.BB30BFCA26F408E771CCD10E78691956.e.1843/click - {}
RESULT: {}
RESULT: {}
COMMAND: GET /session/9a6d02befdf50e53554cb3562a200a44/screenshot - {}
RESULT: {}
COMMAND: POST /session/9a6d02befdf50e53554cb3562a200a44/execute/sync - {"script":"<script> [299 bytes]","args":[["getModel","getResource"]]}
RESULT: {"script":"<script> [299 bytes]","args":[["getModel","getResource"]]}
]]></system-out>
    </testcase>
    <testcase classname="chrome.137_0_7151_69.windows.Prerequisites_&amp;_test_for_yard_mass_return_on_Yard_Overview_US131057" name="Prereq Should create a new material" time="127.707">
      <system-out><![CDATA[
COMMAND: GET /session/9a6d02befdf50e53554cb3562a200a44/screenshot - {}
COMMAND: POST /session/9a6d02befdf50e53554cb3562a200a44/execute/async - {"script":"<script> [1562 bytes]","args":[{"selector":{"controlType":"sap.m.GenericTile","properties":{"header":"Manage Resources"}},"wdio_ui5_key":"sapm.GenericTile{\"header\":\"Manage Resources\"}"}]}
RESULT: {"script":"<script> [1562 bytes]","args":[{"selector":{"controlType":"sap.m.GenericTile","properties":{"header":"Manage Resources"}},"wdio_ui5_key":"sapm.GenericTile{\"header\":\"Manage Resources\"}"}]}
RESULT: undefined
COMMAND: POST /session/9a6d02befdf50e53554cb3562a200a44/element - {"using":"xpath","value":"//*[@id=\"__tile40\"]"}
RESULT: {}
RESULT: {"using":"xpath","value":"//*[@id=\"__tile40\"]"}
COMMAND: POST /session/9a6d02befdf50e53554cb3562a200a44/element/f.936FEEFC3D507069A404F7345F2DEF67.d.BB30BFCA26F408E771CCD10E78691956.e.157/click - {}
RESULT: {}
COMMAND: GET /session/9a6d02befdf50e53554cb3562a200a44/screenshot - {}
RESULT: {}
COMMAND: POST /session/9a6d02befdf50e53554cb3562a200a44/elements - {"using":"xpath","value":"//span[text()='Error']"}
RESULT: {"using":"xpath","value":"//span[text()='Error']"}
COMMAND: POST /session/9a6d02befdf50e53554cb3562a200a44/element - {"using":"xpath","value":"//button[@data-kt=\"addNewRUOverflowToolbarButton\"]"}
RESULT: {"using":"xpath","value":"//button[@data-kt=\"addNewRUOverflowToolbarButton\"]"}
COMMAND: POST /session/9a6d02befdf50e53554cb3562a200a44/elements - {"using":"xpath","value":"//button[@data-kt=\"addNewRUOverflowToolbarButton\"]"}
RESULT: {"using":"xpath","value":"//button[@data-kt=\"addNewRUOverflowToolbarButton\"]"}
COMMAND: POST /session/9a6d02befdf50e53554cb3562a200a44/elements - {"using":"xpath","value":"//button[@data-kt=\"addNewRUOverflowToolbarButton\"]"}
RESULT: {"using":"xpath","value":"//button[@data-kt=\"addNewRUOverflowToolbarButton\"]"}
COMMAND: POST /session/9a6d02befdf50e53554cb3562a200a44/elements - {"using":"xpath","value":"//button[@data-kt=\"addNewRUOverflowToolbarButton\"]"}
RESULT: {"using":"xpath","value":"//button[@data-kt=\"addNewRUOverflowToolbarButton\"]"}
COMMAND: POST /session/9a6d02befdf50e53554cb3562a200a44/elements - {"using":"xpath","value":"//button[@data-kt=\"addNewRUOverflowToolbarButton\"]"}
RESULT: {"using":"xpath","value":"//button[@data-kt=\"addNewRUOverflowToolbarButton\"]"}
COMMAND: POST /session/9a6d02befdf50e53554cb3562a200a44/elements - {"using":"xpath","value":"//button[@data-kt=\"addNewRUOverflowToolbarButton\"]"}
RESULT: {"using":"xpath","value":"//button[@data-kt=\"addNewRUOverflowToolbarButton\"]"}
COMMAND: POST /session/9a6d02befdf50e53554cb3562a200a44/element - {"using":"xpath","value":"//button[@data-kt=\"addNewRUOverflowToolbarButton\"]"}
RESULT: {"using":"xpath","value":"//button[@data-kt=\"addNewRUOverflowToolbarButton\"]"}
COMMAND: POST /session/9a6d02befdf50e53554cb3562a200a44/execute/sync - {"script":"<script> [8489 bytes]","args":[{"element-6066-11e4-a52e-4f735466cecf":"f.936FEEFC3D507069A404F7345F2DEF67.d.BB30BFCA26F408E771CCD10E78691956.e.2577","ELEMENT":"f.936FEEFC3D507069A404F7345F2DEF67.d.BB30BFCA26F408E771CCD10E78691956.e.2577"}]}
RESULT: {"script":"<script> [8489 bytes]","args":[{"element-6066-11e4-a52e-4f735466cecf":"f.936FEEFC3D507069A404F7345F2DEF67.d.BB30BFCA26F408E771CCD10E78691956.e.2577","ELEMENT":"f.936FEEFC3D507069A404F7345F2DEF67.d.BB30BFCA26F408E771CCD10E78691956.e.2577"}]}
COMMAND: GET /session/9a6d02befdf50e53554cb3562a200a44/element/f.936FEEFC3D507069A404F7345F2DEF67.d.BB30BFCA26F408E771CCD10E78691956.e.2577/enabled - {}
COMMAND: GET /session/9a6d02befdf50e53554cb3562a200a44/screenshot - {}
RESULT: {}
COMMAND: POST /session/9a6d02befdf50e53554cb3562a200a44/execute/sync - {"script":"<script> [8489 bytes]","args":[{"element-6066-11e4-a52e-4f735466cecf":"f.936FEEFC3D507069A404F7345F2DEF67.d.BB30BFCA26F408E771CCD10E78691956.e.2577","ELEMENT":"f.936FEEFC3D507069A404F7345F2DEF67.d.BB30BFCA26F408E771CCD10E78691956.e.2577"}]}
COMMAND: GET /session/9a6d02befdf50e53554cb3562a200a44/screenshot - {}
RESULT: {}
RESULT: {"script":"<script> [8489 bytes]","args":[{"element-6066-11e4-a52e-4f735466cecf":"f.936FEEFC3D507069A404F7345F2DEF67.d.BB30BFCA26F408E771CCD10E78691956.e.2577","ELEMENT":"f.936FEEFC3D507069A404F7345F2DEF67.d.BB30BFCA26F408E771CCD10E78691956.e.2577"}]}
COMMAND: POST /session/9a6d02befdf50e53554cb3562a200a44/execute/sync - {"script":"<script> [5351 bytes]","args":[{"element-6066-11e4-a52e-4f735466cecf":"f.936FEEFC3D507069A404F7345F2DEF67.d.BB30BFCA26F408E771CCD10E78691956.e.2577","ELEMENT":"f.936FEEFC3D507069A404F7345F2DEF67.d.BB30BFCA26F408E771CCD10E78691956.e.2577"}]}
COMMAND: GET /session/9a6d02befdf50e53554cb3562a200a44/screenshot - {}
RESULT: {}
RESULT: {"script":"<script> [5351 bytes]","args":[{"element-6066-11e4-a52e-4f735466cecf":"f.936FEEFC3D507069A404F7345F2DEF67.d.BB30BFCA26F408E771CCD10E78691956.e.2577","ELEMENT":"f.936FEEFC3D507069A404F7345F2DEF67.d.BB30BFCA26F408E771CCD10E78691956.e.2577"}]}
COMMAND: POST /session/9a6d02befdf50e53554cb3562a200a44/element/f.936FEEFC3D507069A404F7345F2DEF67.d.BB30BFCA26F408E771CCD10E78691956.e.2577/click - {}
COMMAND: GET /session/9a6d02befdf50e53554cb3562a200a44/screenshot - {}
RESULT: {}
RESULT: {}
COMMAND: GET /session/9a6d02befdf50e53554cb3562a200a44/screenshot - {}
COMMAND: POST /session/9a6d02befdf50e53554cb3562a200a44/execute/async - {"script":"<script> [1562 bytes]","args":[{"selector":{"id":"application-manageresources-display-component---newResourceUnit--TYPE-arrow"},"wdio_ui5_key":"applicationmanageresources-display-component---newResourceUnit--TYPE-arrow"}]}
RESULT: {}
RESULT: {}
RESULT: {"script":"<script> [1562 bytes]","args":[{"selector":{"id":"application-manageresources-display-component---newResourceUnit--TYPE-arrow"},"wdio_ui5_key":"applicationmanageresources-display-component---newResourceUnit--TYPE-arrow"}]}
RESULT: undefined
COMMAND: POST /session/9a6d02befdf50e53554cb3562a200a44/element - {"using":"xpath","value":"//*[@id=\"application-manageresources-display-component---newResourceUnit--TYPE-arrow\"]"}
RESULT: {"using":"xpath","value":"//*[@id=\"application-manageresources-display-component---newResourceUnit--TYPE-arrow\"]"}
COMMAND: POST /session/9a6d02befdf50e53554cb3562a200a44/element/f.936FEEFC3D507069A404F7345F2DEF67.d.BB30BFCA26F408E771CCD10E78691956.e.2943/click - {}
RESULT: {}
COMMAND: POST /session/9a6d02befdf50e53554cb3562a200a44/element - {"using":"xpath","value":"//input[@id=\"application-manageresources-display-component---newResourceUnit--TYPE-inner\"]"}
COMMAND: GET /session/9a6d02befdf50e53554cb3562a200a44/screenshot - {}
RESULT: {"using":"xpath","value":"//input[@id=\"application-manageresources-display-component---newResourceUnit--TYPE-inner\"]"}
COMMAND: POST /session/9a6d02befdf50e53554cb3562a200a44/element/f.936FEEFC3D507069A404F7345F2DEF67.d.BB30BFCA26F408E771CCD10E78691956.e.2939/clear - {}
RESULT: {}
RESULT: {}
COMMAND: POST /session/9a6d02befdf50e53554cb3562a200a44/element/f.936FEEFC3D507069A404F7345F2DEF67.d.BB30BFCA26F408E771CCD10E78691956.e.2939/value - {"text":"Material"}
COMMAND: GET /session/9a6d02befdf50e53554cb3562a200a44/screenshot - {}
RESULT: {"text":"Material"}
COMMAND: GET /session/9a6d02befdf50e53554cb3562a200a44/screenshot - {}
RESULT: {}
RESULT: {}
COMMAND: POST /session/9a6d02befdf50e53554cb3562a200a44/actions - {"actions":[{"id":"action8","type":"key","parameters":{},"actions":[{"type":"keyDown","value":""},{"type":"pause","duration":10},{"type":"keyUp","value":""}]}]}
RESULT: {"actions":[{"id":"action8","type":"key","parameters":{},"actions":[{"type":"keyDown","value":""},{"type":"pause","duration":10},{"type":"keyUp","value":""}]}]}
COMMAND: POST /session/9a6d02befdf50e53554cb3562a200a44/execute/async - {"script":"<script> [1562 bytes]","args":[{"selector":{"id":"application-manageresources-display-component---newResourceUnit--SHORT_TEXT","interaction":{"idSuffix":"inner"}},"wdio_ui5_key":"applicationmanageresources-display-component---newResourceUnit--SHORT_TEXT"}]}
COMMAND: GET /session/9a6d02befdf50e53554cb3562a200a44/screenshot - {}
RESULT: undefined
RESULT: undefined
RESULT: {"script":"<script> [1562 bytes]","args":[{"selector":{"id":"application-manageresources-display-component---newResourceUnit--SHORT_TEXT","interaction":{"idSuffix":"inner"}},"wdio_ui5_key":"applicationmanageresources-display-component---newResourceUnit--SHORT_TEXT"}]}
RESULT: undefined
COMMAND: POST /session/9a6d02befdf50e53554cb3562a200a44/execute/async - {"script":"<script> [776 bytes]","args":[{"enterText":"Cement WDIO","selector":{"id":"application-manageresources-display-component---newResourceUnit--SHORT_TEXT","interaction":{"idSuffix":"inner"}},"clearTextFirst":true,"interactionType":"ENTER_TEXT"}]}
RESULT: {}
RESULT: {"script":"<script> [776 bytes]","args":[{"enterText":"Cement WDIO","selector":{"id":"application-manageresources-display-component---newResourceUnit--SHORT_TEXT","interaction":{"idSuffix":"inner"}},"clearTextFirst":true,"interactionType":"ENTER_TEXT"}]}
COMMAND: POST /session/9a6d02befdf50e53554cb3562a200a44/execute/async - {"script":"<script> [1562 bytes]","args":[{"selector":{"id":"application-manageresources-display-component---newResourceUnit--BASE_UNIT_OF_MEASURE","interaction":{"idSuffix":"inner"}},"wdio_ui5_key":"applicationmanageresources-display-component---newResourceUnit--BASE_UNIT_OF_MEASURE"}]}
RESULT: {"script":"<script> [1562 bytes]","args":[{"selector":{"id":"application-manageresources-display-component---newResourceUnit--BASE_UNIT_OF_MEASURE","interaction":{"idSuffix":"inner"}},"wdio_ui5_key":"applicationmanageresources-display-component---newResourceUnit--BASE_UNIT_OF_MEASURE"}]}
RESULT: undefined
COMMAND: POST /session/9a6d02befdf50e53554cb3562a200a44/execute/async - {"script":"<script> [776 bytes]","args":[{"enterText":"Piece","selector":{"id":"application-manageresources-display-component---newResourceUnit--BASE_UNIT_OF_MEASURE","interaction":{"idSuffix":"inner"}},"clearTextFirst":true,"interactionType":"ENTER_TEXT"}]}
RESULT: {"script":"<script> [776 bytes]","args":[{"enterText":"Piece","selector":{"id":"application-manageresources-display-component---newResourceUnit--BASE_UNIT_OF_MEASURE","interaction":{"idSuffix":"inner"}},"clearTextFirst":true,"interactionType":"ENTER_TEXT"}]}
COMMAND: POST /session/9a6d02befdf50e53554cb3562a200a44/execute/async - {"script":"<script> [1562 bytes]","args":[{"selector":{"id":"application-manageresources-display-component---newResourceUnit--WEIGHT_UNIT","interaction":{"idSuffix":"inner"}},"wdio_ui5_key":"applicationmanageresources-display-component---newResourceUnit--WEIGHT_UNIT"}]}
RESULT: {"script":"<script> [1562 bytes]","args":[{"selector":{"id":"application-manageresources-display-component---newResourceUnit--WEIGHT_UNIT","interaction":{"idSuffix":"inner"}},"wdio_ui5_key":"applicationmanageresources-display-component---newResourceUnit--WEIGHT_UNIT"}]}
RESULT: undefined
COMMAND: POST /session/9a6d02befdf50e53554cb3562a200a44/execute/async - {"script":"<script> [776 bytes]","args":[{"enterText":"Gram","selector":{"id":"application-manageresources-display-component---newResourceUnit--WEIGHT_UNIT","interaction":{"idSuffix":"inner"}},"clearTextFirst":true,"interactionType":"ENTER_TEXT"}]}
RESULT: {"script":"<script> [776 bytes]","args":[{"enterText":"Gram","selector":{"id":"application-manageresources-display-component---newResourceUnit--WEIGHT_UNIT","interaction":{"idSuffix":"inner"}},"clearTextFirst":true,"interactionType":"ENTER_TEXT"}]}
COMMAND: POST /session/9a6d02befdf50e53554cb3562a200a44/execute/async - {"script":"<script> [1562 bytes]","args":[{"selector":{"id":"application-manageresources-display-component---newResourceUnit--DIMENSION_UNIT","interaction":{"idSuffix":"inner"}},"wdio_ui5_key":"applicationmanageresources-display-component---newResourceUnit--DIMENSION_UNIT"}]}
RESULT: {"script":"<script> [1562 bytes]","args":[{"selector":{"id":"application-manageresources-display-component---newResourceUnit--DIMENSION_UNIT","interaction":{"idSuffix":"inner"}},"wdio_ui5_key":"applicationmanageresources-display-component---newResourceUnit--DIMENSION_UNIT"}]}
RESULT: undefined
COMMAND: POST /session/9a6d02befdf50e53554cb3562a200a44/execute/async - {"script":"<script> [776 bytes]","args":[{"enterText":"Meter","selector":{"id":"application-manageresources-display-component---newResourceUnit--DIMENSION_UNIT","interaction":{"idSuffix":"inner"}},"clearTextFirst":true,"interactionType":"ENTER_TEXT"}]}
RESULT: {"script":"<script> [776 bytes]","args":[{"enterText":"Meter","selector":{"id":"application-manageresources-display-component---newResourceUnit--DIMENSION_UNIT","interaction":{"idSuffix":"inner"}},"clearTextFirst":true,"interactionType":"ENTER_TEXT"}]}
COMMAND: POST /session/9a6d02befdf50e53554cb3562a200a44/execute/async - {"script":"<script> [1562 bytes]","args":[{"selector":{"id":"application-manageresources-display-component---newResourceUnit--newRRUPage-anchBar-application-manageresources-display-component---newResourceUnit--control-anchor","interaction":{"idSuffix":"BDI-content"}},"wdio_ui5_key":"applicationmanageresources-display-component---newResourceUnit--newRRUPage-anchBar-application-manageresources-display-component---newResourceUnit--control-anchor"}]}
RESULT: {"script":"<script> [1562 bytes]","args":[{"selector":{"id":"application-manageresources-display-component---newResourceUnit--newRRUPage-anchBar-application-manageresources-display-component---newResourceUnit--control-anchor","interaction":{"idSuffix":"BDI-content"}},"wdio_ui5_key":"applicationmanageresources-display-component---newResourceUnit--newRRUPage-anchBar-application-manageresources-display-component---newResourceUnit--control-anchor"}]}
RESULT: undefined
COMMAND: POST /session/9a6d02befdf50e53554cb3562a200a44/element - {"using":"xpath","value":"//*[@id=\"application-manageresources-display-component---newResourceUnit--newRRUPage-anchBar-application-manageresources-display-component---newResourceUnit--control-anchor\"]"}
RESULT: {"using":"xpath","value":"//*[@id=\"application-manageresources-display-component---newResourceUnit--newRRUPage-anchBar-application-manageresources-display-component---newResourceUnit--control-anchor\"]"}
COMMAND: POST /session/9a6d02befdf50e53554cb3562a200a44/element/f.936FEEFC3D507069A404F7345F2DEF67.d.BB30BFCA26F408E771CCD10E78691956.e.3075/click - {}
RESULT: {}
COMMAND: POST /session/9a6d02befdf50e53554cb3562a200a44/execute/async - {"script":"<script> [1562 bytes]","args":[{"selector":{"id":"application-manageresources-display-component---newResourceUnit--PLANNING_GROUP","interaction":{"idSuffix":"inner"}},"wdio_ui5_key":"applicationmanageresources-display-component---newResourceUnit--PLANNING_GROUP"}]}
COMMAND: GET /session/9a6d02befdf50e53554cb3562a200a44/screenshot - {}
RESULT: {"script":"<script> [1562 bytes]","args":[{"selector":{"id":"application-manageresources-display-component---newResourceUnit--PLANNING_GROUP","interaction":{"idSuffix":"inner"}},"wdio_ui5_key":"applicationmanageresources-display-component---newResourceUnit--PLANNING_GROUP"}]}
RESULT: undefined
COMMAND: POST /session/9a6d02befdf50e53554cb3562a200a44/execute/async - {"script":"<script> [776 bytes]","args":[{"enterText":"Material","selector":{"id":"application-manageresources-display-component---newResourceUnit--PLANNING_GROUP","interaction":{"idSuffix":"inner"}},"clearTextFirst":true,"interactionType":"ENTER_TEXT"}]}
RESULT: {}
RESULT: {"script":"<script> [776 bytes]","args":[{"enterText":"Material","selector":{"id":"application-manageresources-display-component---newResourceUnit--PLANNING_GROUP","interaction":{"idSuffix":"inner"}},"clearTextFirst":true,"interactionType":"ENTER_TEXT"}]}
COMMAND: POST /session/9a6d02befdf50e53554cb3562a200a44/execute/async - {"script":"<script> [1562 bytes]","args":[{"selector":{"id":"application-manageresources-display-component---newResourceUnit--PLANNING_INDICATOR","interaction":{"idSuffix":"inner"}},"wdio_ui5_key":"applicationmanageresources-display-component---newResourceUnit--PLANNING_INDICATOR"}]}
RESULT: {"script":"<script> [1562 bytes]","args":[{"selector":{"id":"application-manageresources-display-component---newResourceUnit--PLANNING_INDICATOR","interaction":{"idSuffix":"inner"}},"wdio_ui5_key":"applicationmanageresources-display-component---newResourceUnit--PLANNING_INDICATOR"}]}
RESULT: undefined
COMMAND: POST /session/9a6d02befdf50e53554cb3562a200a44/execute/async - {"script":"<script> [776 bytes]","args":[{"enterText":"10 - infinite","selector":{"id":"application-manageresources-display-component---newResourceUnit--PLANNING_INDICATOR","interaction":{"idSuffix":"inner"}},"clearTextFirst":true,"interactionType":"ENTER_TEXT"}]}
RESULT: {"script":"<script> [776 bytes]","args":[{"enterText":"10 - infinite","selector":{"id":"application-manageresources-display-component---newResourceUnit--PLANNING_INDICATOR","interaction":{"idSuffix":"inner"}},"clearTextFirst":true,"interactionType":"ENTER_TEXT"}]}
COMMAND: POST /session/9a6d02befdf50e53554cb3562a200a44/element - {"using":"css selector","value":"#application-manageresources-display-component---newResourceUnit--btnAddTimeSegment"}
RESULT: {"using":"css selector","value":"#application-manageresources-display-component---newResourceUnit--btnAddTimeSegment"}
COMMAND: GET /session/9a6d02befdf50e53554cb3562a200a44/element/f.936FEEFC3D507069A404F7345F2DEF67.d.BB30BFCA26F408E771CCD10E78691956.e.3085/rect - {}
RESULT: {}
COMMAND: GET /session/9a6d02befdf50e53554cb3562a200a44/window/rect - {}
RESULT: {}
COMMAND: POST /session/9a6d02befdf50e53554cb3562a200a44/execute/sync - {"script":"<script> [92 bytes]","args":[]}
RESULT: {"script":"<script> [92 bytes]","args":[]}
COMMAND: POST /session/9a6d02befdf50e53554cb3562a200a44/actions - {"actions":[{"id":"action9","type":"wheel","parameters":{},"actions":[{"type":"scroll","x":-1888,"y":-32,"deltaX":0,"deltaY":0,"duration":0,"origin":{"element-6066-11e4-a52e-4f735466cecf":"f.936FEEFC3D507069A404F7345F2DEF67.d.BB30BFCA26F408E771CCD10E78691956.e.3085"}}]}]}
COMMAND: GET /session/9a6d02befdf50e53554cb3562a200a44/screenshot - {}
RESULT: {}
COMMAND: POST /session/9a6d02befdf50e53554cb3562a200a44/execute/sync - {"script":"<script> [79 bytes]","args":[{"element-6066-11e4-a52e-4f735466cecf":"f.936FEEFC3D507069A404F7345F2DEF67.d.BB30BFCA26F408E771CCD10E78691956.e.3085","ELEMENT":"f.936FEEFC3D507069A404F7345F2DEF67.d.BB30BFCA26F408E771CCD10E78691956.e.3085"},{"block":"start","inline":"nearest"}]}
RESULT: {"script":"<script> [79 bytes]","args":[{"element-6066-11e4-a52e-4f735466cecf":"f.936FEEFC3D507069A404F7345F2DEF67.d.BB30BFCA26F408E771CCD10E78691956.e.3085","ELEMENT":"f.936FEEFC3D507069A404F7345F2DEF67.d.BB30BFCA26F408E771CCD10E78691956.e.3085"},{"block":"start","inline":"nearest"}]}
COMMAND: POST /session/9a6d02befdf50e53554cb3562a200a44/execute/async - {"script":"<script> [1562 bytes]","args":[{"selector":{"id":"application-manageresources-display-component---newResourceUnit--btnAddTimeSegment","interaction":{"idSuffix":"inner"}},"wdio_ui5_key":"applicationmanageresources-display-component---newResourceUnit--btnAddTimeSegment"}]}
COMMAND: GET /session/9a6d02befdf50e53554cb3562a200a44/screenshot - {}
RESULT: {"script":"<script> [1562 bytes]","args":[{"selector":{"id":"application-manageresources-display-component---newResourceUnit--btnAddTimeSegment","interaction":{"idSuffix":"inner"}},"wdio_ui5_key":"applicationmanageresources-display-component---newResourceUnit--btnAddTimeSegment"}]}
RESULT: undefined
COMMAND: POST /session/9a6d02befdf50e53554cb3562a200a44/element - {"using":"xpath","value":"//*[@id=\"application-manageresources-display-component---newResourceUnit--btnAddTimeSegment\"]"}
RESULT: {}
RESULT: {"using":"xpath","value":"//*[@id=\"application-manageresources-display-component---newResourceUnit--btnAddTimeSegment\"]"}
COMMAND: POST /session/9a6d02befdf50e53554cb3562a200a44/element/f.936FEEFC3D507069A404F7345F2DEF67.d.BB30BFCA26F408E771CCD10E78691956.e.3085/click - {}
RESULT: {}
COMMAND: GET /session/9a6d02befdf50e53554cb3562a200a44/screenshot - {}
RESULT: {}
COMMAND: POST /session/9a6d02befdf50e53554cb3562a200a44/element - {"using":"xpath","value":"//input[@id=\"application-manageresources-display-component---newResourceUnit--idRuTSAdmin-application-manageresources-display-component---newResourceUnit--RUTimeSegment-0-inner\"]"}
RESULT: {"using":"xpath","value":"//input[@id=\"application-manageresources-display-component---newResourceUnit--idRuTSAdmin-application-manageresources-display-component---newResourceUnit--RUTimeSegment-0-inner\"]"}
COMMAND: POST /session/9a6d02befdf50e53554cb3562a200a44/element/f.936FEEFC3D507069A404F7345F2DEF67.d.BB30BFCA26F408E771CCD10E78691956.e.3090/clear - {}
RESULT: {}
COMMAND: POST /session/9a6d02befdf50e53554cb3562a200a44/element/f.936FEEFC3D507069A404F7345F2DEF67.d.BB30BFCA26F408E771CCD10E78691956.e.3090/value - {"text":"265"}
COMMAND: GET /session/9a6d02befdf50e53554cb3562a200a44/screenshot - {}
RESULT: {"text":"265"}
COMMAND: GET /session/9a6d02befdf50e53554cb3562a200a44/screenshot - {}
RESULT: {}
RESULT: {}
COMMAND: POST /session/9a6d02befdf50e53554cb3562a200a44/element - {"using":"xpath","value":"//li[.//span[text()='265']]"}
RESULT: {"using":"xpath","value":"//li[.//span[text()='265']]"}
COMMAND: POST /session/9a6d02befdf50e53554cb3562a200a44/element/f.936FEEFC3D507069A404F7345F2DEF67.d.BB30BFCA26F408E771CCD10E78691956.e.3098/click - {}
RESULT: {}
COMMAND: GET /session/9a6d02befdf50e53554cb3562a200a44/screenshot - {}
RESULT: {}
COMMAND: POST /session/9a6d02befdf50e53554cb3562a200a44/element - {"using":"xpath","value":"(//span[contains(@id, \"-application-manageresources-display-component---newResourceUnit--RUTimeSegment-0-arrow\")])[2]"}
RESULT: {"using":"xpath","value":"(//span[contains(@id, \"-application-manageresources-display-component---newResourceUnit--RUTimeSegment-0-arrow\")])[2]"}
COMMAND: POST /session/9a6d02befdf50e53554cb3562a200a44/element/f.936FEEFC3D507069A404F7345F2DEF67.d.BB30BFCA26F408E771CCD10E78691956.e.3099/click - {}
RESULT: {}
COMMAND: POST /session/9a6d02befdf50e53554cb3562a200a44/element - {"using":"xpath","value":"//span[contains(text(), \"PM Order\")]"}
COMMAND: GET /session/9a6d02befdf50e53554cb3562a200a44/screenshot - {}
RESULT: {"using":"xpath","value":"//span[contains(text(), \"PM Order\")]"}
COMMAND: POST /session/9a6d02befdf50e53554cb3562a200a44/element/f.936FEEFC3D507069A404F7345F2DEF67.d.BB30BFCA26F408E771CCD10E78691956.e.3100/click - {}
RESULT: {}
RESULT: {}
COMMAND: GET /session/9a6d02befdf50e53554cb3562a200a44/screenshot - {}
RESULT: {}
COMMAND: POST /session/9a6d02befdf50e53554cb3562a200a44/element - {"using":"xpath","value":"//td/div/div/div/span[contains(@id, \"newResourceUnit--RUTimeSegment-0-vhi\")][1]"}
RESULT: {"using":"xpath","value":"//td/div/div/div/span[contains(@id, \"newResourceUnit--RUTimeSegment-0-vhi\")][1]"}
COMMAND: GET /session/9a6d02befdf50e53554cb3562a200a44/element/f.936FEEFC3D507069A404F7345F2DEF67.d.BB30BFCA26F408E771CCD10E78691956.e.3104/rect - {}
RESULT: {}
COMMAND: GET /session/9a6d02befdf50e53554cb3562a200a44/window/rect - {}
RESULT: {}
COMMAND: POST /session/9a6d02befdf50e53554cb3562a200a44/execute/sync - {"script":"<script> [92 bytes]","args":[]}
RESULT: {"script":"<script> [92 bytes]","args":[]}
COMMAND: POST /session/9a6d02befdf50e53554cb3562a200a44/actions - {"actions":[{"id":"action10","type":"wheel","parameters":{},"actions":[{"type":"scroll","x":-1888,"y":-24,"deltaX":0,"deltaY":0,"duration":0,"origin":{"element-6066-11e4-a52e-4f735466cecf":"f.936FEEFC3D507069A404F7345F2DEF67.d.BB30BFCA26F408E771CCD10E78691956.e.3104"}}]}]}
COMMAND: GET /session/9a6d02befdf50e53554cb3562a200a44/screenshot - {}
RESULT: {}
COMMAND: POST /session/9a6d02befdf50e53554cb3562a200a44/execute/sync - {"script":"<script> [79 bytes]","args":[{"element-6066-11e4-a52e-4f735466cecf":"f.936FEEFC3D507069A404F7345F2DEF67.d.BB30BFCA26F408E771CCD10E78691956.e.3104","ELEMENT":"f.936FEEFC3D507069A404F7345F2DEF67.d.BB30BFCA26F408E771CCD10E78691956.e.3104"},{"block":"start","inline":"nearest"}]}
RESULT: {"script":"<script> [79 bytes]","args":[{"element-6066-11e4-a52e-4f735466cecf":"f.936FEEFC3D507069A404F7345F2DEF67.d.BB30BFCA26F408E771CCD10E78691956.e.3104","ELEMENT":"f.936FEEFC3D507069A404F7345F2DEF67.d.BB30BFCA26F408E771CCD10E78691956.e.3104"},{"block":"start","inline":"nearest"}]}
COMMAND: GET /session/9a6d02befdf50e53554cb3562a200a44/screenshot - {}
RESULT: {}
COMMAND: POST /session/9a6d02befdf50e53554cb3562a200a44/element/f.936FEEFC3D507069A404F7345F2DEF67.d.BB30BFCA26F408E771CCD10E78691956.e.3104/click - {}
RESULT: {}
COMMAND: GET /session/9a6d02befdf50e53554cb3562a200a44/screenshot - {}
RESULT: {}
RESULT: undefined
COMMAND: POST /session/9a6d02befdf50e53554cb3562a200a44/execute/async - {"script":"<script> [776 bytes]","args":[{"enterText":"4000360","selector":{"controlType":"sap.m.SearchField","properties":{"placeholder":"Search"},"searchOpenDialogs":true,"interaction":{"idSuffix":"I"}},"clearTextFirst":true,"interactionType":"ENTER_TEXT"}]}
RESULT: {"script":"<script> [776 bytes]","args":[{"enterText":"4000360","selector":{"controlType":"sap.m.SearchField","properties":{"placeholder":"Search"},"searchOpenDialogs":true,"interaction":{"idSuffix":"I"}},"clearTextFirst":true,"interactionType":"ENTER_TEXT"}]}
COMMAND: POST /session/9a6d02befdf50e53554cb3562a200a44/actions - {"actions":[{"id":"action11","type":"key","parameters":{},"actions":[{"type":"keyDown","value":""},{"type":"pause","duration":10},{"type":"keyUp","value":""}]}]}
RESULT: {"actions":[{"id":"action11","type":"key","parameters":{},"actions":[{"type":"keyDown","value":""},{"type":"pause","duration":10},{"type":"keyUp","value":""}]}]}
COMMAND: GET /session/9a6d02befdf50e53554cb3562a200a44/screenshot - {}
RESULT: {}
COMMAND: POST /session/9a6d02befdf50e53554cb3562a200a44/element - {"using":"xpath","value":"//td/div/span[contains(text(), \"BGL Vehicles\")]"}
RESULT: {"using":"xpath","value":"//td/div/span[contains(text(), \"BGL Vehicles\")]"}
COMMAND: POST /session/9a6d02befdf50e53554cb3562a200a44/element/f.936FEEFC3D507069A404F7345F2DEF67.d.BB30BFCA26F408E771CCD10E78691956.e.3124/click - {}
RESULT: {}
COMMAND: GET /session/9a6d02befdf50e53554cb3562a200a44/screenshot - {}
RESULT: {}
COMMAND: POST /session/9a6d02befdf50e53554cb3562a200a44/element - {"using":"xpath","value":"//bdi[contains(text(), \"OK\")]"}
RESULT: {"using":"xpath","value":"//bdi[contains(text(), \"OK\")]"}
COMMAND: POST /session/9a6d02befdf50e53554cb3562a200a44/element/f.936FEEFC3D507069A404F7345F2DEF67.d.BB30BFCA26F408E771CCD10E78691956.e.3125/click - {}
RESULT: {}
COMMAND: GET /session/9a6d02befdf50e53554cb3562a200a44/screenshot - {}
RESULT: {}
COMMAND: POST /session/9a6d02befdf50e53554cb3562a200a44/element - {"using":"xpath","value":"//label[contains(@class, 'sapMLabelRequired') and .//bdi[contains(text(), 'Planned Retirement')]]"}
RESULT: {"using":"xpath","value":"//label[contains(@class, 'sapMLabelRequired') and .//bdi[contains(text(), 'Planned Retirement')]]"}
COMMAND: POST /session/9a6d02befdf50e53554cb3562a200a44/elements - {"using":"xpath","value":"//label[contains(@class, 'sapMLabelRequired') and .//bdi[contains(text(), 'Planned Retirement')]]"}
RESULT: {"using":"xpath","value":"//label[contains(@class, 'sapMLabelRequired') and .//bdi[contains(text(), 'Planned Retirement')]]"}
COMMAND: POST /session/9a6d02befdf50e53554cb3562a200a44/element - {"using":"xpath","value":"//button[@data-kt=\"resourceUnitSaveButton\"]"}
RESULT: {"using":"xpath","value":"//button[@data-kt=\"resourceUnitSaveButton\"]"}
COMMAND: POST /session/9a6d02befdf50e53554cb3562a200a44/element/f.936FEEFC3D507069A404F7345F2DEF67.d.BB30BFCA26F408E771CCD10E78691956.e.2960/click - {}
RESULT: {}
COMMAND: GET /session/9a6d02befdf50e53554cb3562a200a44/screenshot - {}
RESULT: {}
COMMAND: POST /session/9a6d02befdf50e53554cb3562a200a44/element - {"using":"xpath","value":"//bdi[contains(text(), \"Close\")]"}
RESULT: {"using":"xpath","value":"//bdi[contains(text(), \"Close\")]"}
COMMAND: POST /session/9a6d02befdf50e53554cb3562a200a44/element/f.936FEEFC3D507069A404F7345F2DEF67.d.BB30BFCA26F408E771CCD10E78691956.e.3132/click - {}
RESULT: {}
COMMAND: GET /session/9a6d02befdf50e53554cb3562a200a44/screenshot - {}
RESULT: {}
COMMAND: POST /session/9a6d02befdf50e53554cb3562a200a44/element - {"using":"xpath","value":"//header[contains(@id, 'detailRruPage-headerTitle')]/div[1]/div[2]/div[2]/span[1]"}
RESULT: {"using":"xpath","value":"//header[contains(@id, 'detailRruPage-headerTitle')]/div[1]/div[2]/div[2]/span[1]"}
COMMAND: POST /session/9a6d02befdf50e53554cb3562a200a44/elements - {"using":"xpath","value":"//header[contains(@id, 'detailRruPage-headerTitle')]/div[1]/div[2]/div[2]/span[1]"}
RESULT: {"using":"xpath","value":"//header[contains(@id, 'detailRruPage-headerTitle')]/div[1]/div[2]/div[2]/span[1]"}
COMMAND: POST /session/9a6d02befdf50e53554cb3562a200a44/execute/sync - {"script":"<script> [56 bytes]","args":[{"element-6066-11e4-a52e-4f735466cecf":"f.936FEEFC3D507069A404F7345F2DEF67.d.BB30BFCA26F408E771CCD10E78691956.e.3162","ELEMENT":"f.936FEEFC3D507069A404F7345F2DEF67.d.BB30BFCA26F408E771CCD10E78691956.e.3162"}]}
RESULT: {"script":"<script> [56 bytes]","args":[{"element-6066-11e4-a52e-4f735466cecf":"f.936FEEFC3D507069A404F7345F2DEF67.d.BB30BFCA26F408E771CCD10E78691956.e.3162","ELEMENT":"f.936FEEFC3D507069A404F7345F2DEF67.d.BB30BFCA26F408E771CCD10E78691956.e.3162"}]}
COMMAND: POST /session/9a6d02befdf50e53554cb3562a200a44/element - {"using":"css selector","value":"#shell-header-logo"}
COMMAND: GET /session/9a6d02befdf50e53554cb3562a200a44/screenshot - {}
RESULT: {"using":"css selector","value":"#shell-header-logo"}
COMMAND: POST /session/9a6d02befdf50e53554cb3562a200a44/element/f.936FEEFC3D507069A404F7345F2DEF67.d.BB30BFCA26F408E771CCD10E78691956.e.2549/click - {}
RESULT: {}
RESULT: {}
COMMAND: GET /session/9a6d02befdf50e53554cb3562a200a44/screenshot - {}
RESULT: {}
]]></system-out>
    </testcase>
    <testcase classname="chrome.137_0_7151_69.windows.Prerequisites_&amp;_test_for_yard_mass_return_on_Yard_Overview_US131057" name="Prereq Should do stock increase" time="101.541">
      <system-out><![CDATA[
COMMAND: POST /session/9a6d02befdf50e53554cb3562a200a44/execute/async - {"script":"<script> [1562 bytes]","args":[{"selector":{"controlType":"sap.m.GenericTile","properties":{"header":"Manage Handovers"}},"wdio_ui5_key":"sapm.GenericTile{\"header\":\"Manage Handovers\"}"}]}
RESULT: {"script":"<script> [1562 bytes]","args":[{"selector":{"controlType":"sap.m.GenericTile","properties":{"header":"Manage Handovers"}},"wdio_ui5_key":"sapm.GenericTile{\"header\":\"Manage Handovers\"}"}]}
RESULT: undefined
COMMAND: POST /session/9a6d02befdf50e53554cb3562a200a44/element - {"using":"xpath","value":"//*[@id=\"__tile133\"]"}
RESULT: {"using":"xpath","value":"//*[@id=\"__tile133\"]"}
COMMAND: POST /session/9a6d02befdf50e53554cb3562a200a44/element/f.936FEEFC3D507069A404F7345F2DEF67.d.BB30BFCA26F408E771CCD10E78691956.e.244/click - {}
RESULT: {}
COMMAND: GET /session/9a6d02befdf50e53554cb3562a200a44/screenshot - {}
RESULT: {}
COMMAND: POST /session/9a6d02befdf50e53554cb3562a200a44/elements - {"using":"xpath","value":"//span[text()='Error']"}
RESULT: {"using":"xpath","value":"//span[text()='Error']"}
COMMAND: POST /session/9a6d02befdf50e53554cb3562a200a44/element - {"using":"xpath","value":"//button[@data-kt=\"masterHOAddButton\"]"}
RESULT: {"using":"xpath","value":"//button[@data-kt=\"masterHOAddButton\"]"}
COMMAND: POST /session/9a6d02befdf50e53554cb3562a200a44/elements - {"using":"xpath","value":"//button[@data-kt=\"masterHOAddButton\"]"}
RESULT: {"using":"xpath","value":"//button[@data-kt=\"masterHOAddButton\"]"}
COMMAND: POST /session/9a6d02befdf50e53554cb3562a200a44/execute/sync - {"script":"<script> [8489 bytes]","args":[{"element-6066-11e4-a52e-4f735466cecf":"f.936FEEFC3D507069A404F7345F2DEF67.d.BB30BFCA26F408E771CCD10E78691956.e.3189","ELEMENT":"f.936FEEFC3D507069A404F7345F2DEF67.d.BB30BFCA26F408E771CCD10E78691956.e.3189"}]}
RESULT: {"script":"<script> [8489 bytes]","args":[{"element-6066-11e4-a52e-4f735466cecf":"f.936FEEFC3D507069A404F7345F2DEF67.d.BB30BFCA26F408E771CCD10E78691956.e.3189","ELEMENT":"f.936FEEFC3D507069A404F7345F2DEF67.d.BB30BFCA26F408E771CCD10E78691956.e.3189"}]}
COMMAND: GET /session/9a6d02befdf50e53554cb3562a200a44/element/f.936FEEFC3D507069A404F7345F2DEF67.d.BB30BFCA26F408E771CCD10E78691956.e.3189/enabled - {}
COMMAND: GET /session/9a6d02befdf50e53554cb3562a200a44/screenshot - {}
RESULT: {}
COMMAND: POST /session/9a6d02befdf50e53554cb3562a200a44/execute/sync - {"script":"<script> [8489 bytes]","args":[{"element-6066-11e4-a52e-4f735466cecf":"f.936FEEFC3D507069A404F7345F2DEF67.d.BB30BFCA26F408E771CCD10E78691956.e.3189","ELEMENT":"f.936FEEFC3D507069A404F7345F2DEF67.d.BB30BFCA26F408E771CCD10E78691956.e.3189"}]}
COMMAND: GET /session/9a6d02befdf50e53554cb3562a200a44/screenshot - {}
RESULT: {}
RESULT: {"script":"<script> [8489 bytes]","args":[{"element-6066-11e4-a52e-4f735466cecf":"f.936FEEFC3D507069A404F7345F2DEF67.d.BB30BFCA26F408E771CCD10E78691956.e.3189","ELEMENT":"f.936FEEFC3D507069A404F7345F2DEF67.d.BB30BFCA26F408E771CCD10E78691956.e.3189"}]}
COMMAND: POST /session/9a6d02befdf50e53554cb3562a200a44/execute/sync - {"script":"<script> [5351 bytes]","args":[{"element-6066-11e4-a52e-4f735466cecf":"f.936FEEFC3D507069A404F7345F2DEF67.d.BB30BFCA26F408E771CCD10E78691956.e.3189","ELEMENT":"f.936FEEFC3D507069A404F7345F2DEF67.d.BB30BFCA26F408E771CCD10E78691956.e.3189"}]}
COMMAND: GET /session/9a6d02befdf50e53554cb3562a200a44/screenshot - {}
RESULT: {}
RESULT: {"script":"<script> [5351 bytes]","args":[{"element-6066-11e4-a52e-4f735466cecf":"f.936FEEFC3D507069A404F7345F2DEF67.d.BB30BFCA26F408E771CCD10E78691956.e.3189","ELEMENT":"f.936FEEFC3D507069A404F7345F2DEF67.d.BB30BFCA26F408E771CCD10E78691956.e.3189"}]}
COMMAND: POST /session/9a6d02befdf50e53554cb3562a200a44/element/f.936FEEFC3D507069A404F7345F2DEF67.d.BB30BFCA26F408E771CCD10E78691956.e.3189/click - {}
COMMAND: GET /session/9a6d02befdf50e53554cb3562a200a44/screenshot - {}
RESULT: {}
RESULT: {}
COMMAND: GET /session/9a6d02befdf50e53554cb3562a200a44/screenshot - {}
COMMAND: POST /session/9a6d02befdf50e53554cb3562a200a44/element - {"using":"xpath","value":"//span[contains(@id ,\"AddNewHO--typeSelect-arrow\")]"}
RESULT: {}
RESULT: {}
RESULT: {"using":"xpath","value":"//span[contains(@id ,\"AddNewHO--typeSelect-arrow\")]"}
COMMAND: POST /session/9a6d02befdf50e53554cb3562a200a44/element/f.936FEEFC3D507069A404F7345F2DEF67.d.BB30BFCA26F408E771CCD10E78691956.e.3558/click - {}
RESULT: {}
COMMAND: GET /session/9a6d02befdf50e53554cb3562a200a44/screenshot - {}
RESULT: {}
COMMAND: POST /session/9a6d02befdf50e53554cb3562a200a44/element - {"using":"xpath","value":"(//li[contains(text(), \"stock increase yard\")])[1]"}
RESULT: {"using":"xpath","value":"(//li[contains(text(), \"stock increase yard\")])[1]"}
COMMAND: POST /session/9a6d02befdf50e53554cb3562a200a44/element/f.936FEEFC3D507069A404F7345F2DEF67.d.BB30BFCA26F408E771CCD10E78691956.e.3559/click - {}
RESULT: {}
COMMAND: GET /session/9a6d02befdf50e53554cb3562a200a44/screenshot - {}
RESULT: {}
COMMAND: POST /session/9a6d02befdf50e53554cb3562a200a44/execute/async - {"script":"<script> [1562 bytes]","args":[{"selector":{"id":"application-managehandovers-display-component---AddNewHO--dueDate","interaction":{"idSuffix":"inner"}},"wdio_ui5_key":"applicationmanagehandovers-display-component---AddNewHO--dueDate"}]}
RESULT: {"script":"<script> [1562 bytes]","args":[{"selector":{"id":"application-managehandovers-display-component---AddNewHO--dueDate","interaction":{"idSuffix":"inner"}},"wdio_ui5_key":"applicationmanagehandovers-display-component---AddNewHO--dueDate"}]}
RESULT: undefined
COMMAND: POST /session/9a6d02befdf50e53554cb3562a200a44/execute/async - {"script":"<script> [6424 bytes]","args":[{"element-6066-11e4-a52e-4f735466cecf":"f.936FEEFC3D507069A404F7345F2DEF67.d.BB30BFCA26F408E771CCD10E78691956.e.3563"},"setValue",["6/14/25"]]}
RESULT: {"script":"<script> [6424 bytes]","args":[{"element-6066-11e4-a52e-4f735466cecf":"f.936FEEFC3D507069A404F7345F2DEF67.d.BB30BFCA26F408E771CCD10E78691956.e.3563"},"setValue",["6/14/25"]]}
COMMAND: POST /session/9a6d02befdf50e53554cb3562a200a44/element - {"using":"xpath","value":"//input[@id=\"generalSectionFrg--receiveYard-inner\"]"}
RESULT: {"using":"xpath","value":"//input[@id=\"generalSectionFrg--receiveYard-inner\"]"}
COMMAND: POST /session/9a6d02befdf50e53554cb3562a200a44/element/f.936FEEFC3D507069A404F7345F2DEF67.d.BB30BFCA26F408E771CCD10E78691956.e.3569/clear - {}
RESULT: {}
COMMAND: POST /session/9a6d02befdf50e53554cb3562a200a44/element/f.936FEEFC3D507069A404F7345F2DEF67.d.BB30BFCA26F408E771CCD10E78691956.e.3569/value - {"text":"265"}
COMMAND: GET /session/9a6d02befdf50e53554cb3562a200a44/screenshot - {}
RESULT: {"text":"265"}
COMMAND: GET /session/9a6d02befdf50e53554cb3562a200a44/screenshot - {}
RESULT: {}
RESULT: {}
COMMAND: POST /session/9a6d02befdf50e53554cb3562a200a44/element - {"using":"xpath","value":"//li[.//span[contains(normalize-space(.), '265 -')]]"}
RESULT: {"using":"xpath","value":"//li[.//span[contains(normalize-space(.), '265 -')]]"}
COMMAND: POST /session/9a6d02befdf50e53554cb3562a200a44/element/f.936FEEFC3D507069A404F7345F2DEF67.d.BB30BFCA26F408E771CCD10E78691956.e.3585/click - {}
RESULT: {}
COMMAND: GET /session/9a6d02befdf50e53554cb3562a200a44/screenshot - {}
RESULT: {}
COMMAND: POST /session/9a6d02befdf50e53554cb3562a200a44/execute/async - {"script":"<script> [1562 bytes]","args":[{"selector":{"id":"application-managehandovers-display-component---AddNewHO--ObjectPageLayout-anchBar-application-managehandovers-display-component---AddNewHO--section4-anchor","interaction":{"idSuffix":"BDI-content"}},"wdio_ui5_key":"applicationmanagehandovers-display-component---AddNewHO--ObjectPageLayout-anchBar-application-managehandovers-display-component---AddNewHO--section4-anchor"}]}
RESULT: {"script":"<script> [1562 bytes]","args":[{"selector":{"id":"application-managehandovers-display-component---AddNewHO--ObjectPageLayout-anchBar-application-managehandovers-display-component---AddNewHO--section4-anchor","interaction":{"idSuffix":"BDI-content"}},"wdio_ui5_key":"applicationmanagehandovers-display-component---AddNewHO--ObjectPageLayout-anchBar-application-managehandovers-display-component---AddNewHO--section4-anchor"}]}
RESULT: undefined
COMMAND: POST /session/9a6d02befdf50e53554cb3562a200a44/element - {"using":"xpath","value":"//*[@id=\"application-managehandovers-display-component---AddNewHO--ObjectPageLayout-anchBar-application-managehandovers-display-component---AddNewHO--section4-anchor\"]"}
RESULT: {"using":"xpath","value":"//*[@id=\"application-managehandovers-display-component---AddNewHO--ObjectPageLayout-anchBar-application-managehandovers-display-component---AddNewHO--section4-anchor\"]"}
COMMAND: POST /session/9a6d02befdf50e53554cb3562a200a44/element/f.936FEEFC3D507069A404F7345F2DEF67.d.BB30BFCA26F408E771CCD10E78691956.e.3587/click - {}
RESULT: {}
COMMAND: GET /session/9a6d02befdf50e53554cb3562a200a44/screenshot - {}
RESULT: {}
COMMAND: POST /session/9a6d02befdf50e53554cb3562a200a44/element - {"using":"xpath","value":"//button[@aria-label=\"Add\"]"}
RESULT: {"using":"xpath","value":"//button[@aria-label=\"Add\"]"}
COMMAND: POST /session/9a6d02befdf50e53554cb3562a200a44/element/f.936FEEFC3D507069A404F7345F2DEF67.d.BB30BFCA26F408E771CCD10E78691956.e.3591/click - {}
RESULT: {}
COMMAND: GET /session/9a6d02befdf50e53554cb3562a200a44/screenshot - {}
RESULT: {}
COMMAND: POST /session/9a6d02befdf50e53554cb3562a200a44/execute/async - {"script":"<script> [1562 bytes]","args":[{"selector":{"id":"application-managehandovers-display-component---AddNewHO--smartFilterBar-btnBasicSearch","searchOpenDialogs":true,"interaction":{"idSuffix":"I"}},"wdio_ui5_key":"applicationmanagehandovers-display-component---AddNewHO--smartFilterBar-btnBasicSearch"}]}
RESULT: {"script":"<script> [1562 bytes]","args":[{"selector":{"id":"application-managehandovers-display-component---AddNewHO--smartFilterBar-btnBasicSearch","searchOpenDialogs":true,"interaction":{"idSuffix":"I"}},"wdio_ui5_key":"applicationmanagehandovers-display-component---AddNewHO--smartFilterBar-btnBasicSearch"}]}
RESULT: undefined
COMMAND: POST /session/9a6d02befdf50e53554cb3562a200a44/execute/async - {"script":"<script> [776 bytes]","args":[{"enterText":"200135","selector":{"id":"application-managehandovers-display-component---AddNewHO--smartFilterBar-btnBasicSearch","searchOpenDialogs":true,"interaction":{"idSuffix":"I"}},"clearTextFirst":true,"interactionType":"ENTER_TEXT"}]}
RESULT: {"script":"<script> [776 bytes]","args":[{"enterText":"200135","selector":{"id":"application-managehandovers-display-component---AddNewHO--smartFilterBar-btnBasicSearch","searchOpenDialogs":true,"interaction":{"idSuffix":"I"}},"clearTextFirst":true,"interactionType":"ENTER_TEXT"}]}
COMMAND: POST /session/9a6d02befdf50e53554cb3562a200a44/actions - {"actions":[{"id":"action12","type":"key","parameters":{},"actions":[{"type":"keyDown","value":""},{"type":"pause","duration":10},{"type":"keyUp","value":""}]}]}
RESULT: {"actions":[{"id":"action12","type":"key","parameters":{},"actions":[{"type":"keyDown","value":""},{"type":"pause","duration":10},{"type":"keyUp","value":""}]}]}
COMMAND: GET /session/9a6d02befdf50e53554cb3562a200a44/screenshot - {}
RESULT: {}
COMMAND: POST /session/9a6d02befdf50e53554cb3562a200a44/execute/async - {"script":"<script> [1562 bytes]","args":[{"selector":{"id":"application-managehandovers-display-component---AddNewHO--popup-sa","searchOpenDialogs":true,"interaction":{"idSuffix":"CbBg"}},"wdio_ui5_key":"applicationmanagehandovers-display-component---AddNewHO--popup-sa"}]}
RESULT: {"script":"<script> [1562 bytes]","args":[{"selector":{"id":"application-managehandovers-display-component---AddNewHO--popup-sa","searchOpenDialogs":true,"interaction":{"idSuffix":"CbBg"}},"wdio_ui5_key":"applicationmanagehandovers-display-component---AddNewHO--popup-sa"}]}
RESULT: undefined
COMMAND: POST /session/9a6d02befdf50e53554cb3562a200a44/element - {"using":"xpath","value":"//*[@id=\"application-managehandovers-display-component---AddNewHO--popup-sa\"]"}
RESULT: {"using":"xpath","value":"//*[@id=\"application-managehandovers-display-component---AddNewHO--popup-sa\"]"}
COMMAND: POST /session/9a6d02befdf50e53554cb3562a200a44/element/f.936FEEFC3D507069A404F7345F2DEF67.d.BB30BFCA26F408E771CCD10E78691956.e.3742/click - {}
RESULT: {}
COMMAND: GET /session/9a6d02befdf50e53554cb3562a200a44/screenshot - {}
RESULT: {}
COMMAND: POST /session/9a6d02befdf50e53554cb3562a200a44/element - {"using":"xpath","value":"//bdi[contains(text(), \"Select\")]"}
RESULT: {"using":"xpath","value":"//bdi[contains(text(), \"Select\")]"}
COMMAND: POST /session/9a6d02befdf50e53554cb3562a200a44/element/f.936FEEFC3D507069A404F7345F2DEF67.d.BB30BFCA26F408E771CCD10E78691956.e.3743/click - {}
RESULT: {}
COMMAND: GET /session/9a6d02befdf50e53554cb3562a200a44/screenshot - {}
RESULT: {}
COMMAND: POST /session/9a6d02befdf50e53554cb3562a200a44/element - {"using":"xpath","value":"//button[@data-kt=\"AddNewHOSaveButton\"]"}
RESULT: {"using":"xpath","value":"//button[@data-kt=\"AddNewHOSaveButton\"]"}
COMMAND: POST /session/9a6d02befdf50e53554cb3562a200a44/element/f.936FEEFC3D507069A404F7345F2DEF67.d.BB30BFCA26F408E771CCD10E78691956.e.3747/click - {}
RESULT: {}
COMMAND: GET /session/9a6d02befdf50e53554cb3562a200a44/screenshot - {}
COMMAND: POST /session/9a6d02befdf50e53554cb3562a200a44/execute/async - {"script":"<script> [1562 bytes]","args":[{"selector":{"id":"receiptDatePicker","viewName":"etm.portal.ui.managehandovers.view.DetailExecuteHO","interaction":{"idSuffix":"inner"}},"wdio_ui5_key":"receiptDatePickeretmportal.ui.managehandovers.view.DetailExecuteHO"}]}
RESULT: {}
RESULT: {"script":"<script> [1562 bytes]","args":[{"selector":{"id":"receiptDatePicker","viewName":"etm.portal.ui.managehandovers.view.DetailExecuteHO","interaction":{"idSuffix":"inner"}},"wdio_ui5_key":"receiptDatePickeretmportal.ui.managehandovers.view.DetailExecuteHO"}]}
RESULT: undefined
COMMAND: POST /session/9a6d02befdf50e53554cb3562a200a44/execute/async - {"script":"<script> [6424 bytes]","args":[{"element-6066-11e4-a52e-4f735466cecf":"f.936FEEFC3D507069A404F7345F2DEF67.d.BB30BFCA26F408E771CCD10E78691956.e.3760"},"setValue",["6/14/25"]]}
RESULT: {"script":"<script> [6424 bytes]","args":[{"element-6066-11e4-a52e-4f735466cecf":"f.936FEEFC3D507069A404F7345F2DEF67.d.BB30BFCA26F408E771CCD10E78691956.e.3760"},"setValue",["6/14/25"]]}
COMMAND: POST /session/9a6d02befdf50e53554cb3562a200a44/element - {"using":"xpath","value":"//button[@data-kt=\"ReceivingTableConfirmAllButton\"]"}
RESULT: {"using":"xpath","value":"//button[@data-kt=\"ReceivingTableConfirmAllButton\"]"}
COMMAND: POST /session/9a6d02befdf50e53554cb3562a200a44/element/f.936FEEFC3D507069A404F7345F2DEF67.d.BB30BFCA26F408E771CCD10E78691956.e.3782/click - {}
RESULT: {}
COMMAND: GET /session/9a6d02befdf50e53554cb3562a200a44/screenshot - {}
RESULT: {}
COMMAND: POST /session/9a6d02befdf50e53554cb3562a200a44/element - {"using":"xpath","value":"//bdi[contains(text(), \"OK\")]"}
RESULT: {"using":"xpath","value":"//bdi[contains(text(), \"OK\")]"}
COMMAND: POST /session/9a6d02befdf50e53554cb3562a200a44/element/f.936FEEFC3D507069A404F7345F2DEF67.d.BB30BFCA26F408E771CCD10E78691956.e.3784/click - {}
RESULT: {}
COMMAND: GET /session/9a6d02befdf50e53554cb3562a200a44/screenshot - {}
RESULT: {}
COMMAND: POST /session/9a6d02befdf50e53554cb3562a200a44/element - {"using":"xpath","value":"(//bdi[contains(text(), \"Receive\")])[2]"}
RESULT: {"using":"xpath","value":"(//bdi[contains(text(), \"Receive\")])[2]"}
COMMAND: POST /session/9a6d02befdf50e53554cb3562a200a44/element/f.936FEEFC3D507069A404F7345F2DEF67.d.BB30BFCA26F408E771CCD10E78691956.e.3786/click - {}
RESULT: {}
COMMAND: GET /session/9a6d02befdf50e53554cb3562a200a44/screenshot - {}
RESULT: {}
COMMAND: POST /session/9a6d02befdf50e53554cb3562a200a44/element - {"using":"css selector","value":"#shell-header-logo"}
RESULT: {"using":"css selector","value":"#shell-header-logo"}
COMMAND: POST /session/9a6d02befdf50e53554cb3562a200a44/element/f.936FEEFC3D507069A404F7345F2DEF67.d.BB30BFCA26F408E771CCD10E78691956.e.3165/click - {}
RESULT: {}
COMMAND: GET /session/9a6d02befdf50e53554cb3562a200a44/screenshot - {}
RESULT: {}
]]></system-out>
    </testcase>
    <testcase classname="chrome.137_0_7151_69.windows.Prerequisites_&amp;_test_for_yard_mass_return_on_Yard_Overview_US131057" name="Prereq Should create a new contract" time="60.421">
      <system-out><![CDATA[
COMMAND: POST /session/9a6d02befdf50e53554cb3562a200a44/execute/async - {"script":"<script> [1562 bytes]","args":[{"selector":{"controlType":"sap.m.GenericTile","properties":{"header":"Manage Contracts"}},"wdio_ui5_key":"sapm.GenericTile{\"header\":\"Manage Contracts\"}"}]}
RESULT: {"script":"<script> [1562 bytes]","args":[{"selector":{"controlType":"sap.m.GenericTile","properties":{"header":"Manage Contracts"}},"wdio_ui5_key":"sapm.GenericTile{\"header\":\"Manage Contracts\"}"}]}
RESULT: undefined
COMMAND: POST /session/9a6d02befdf50e53554cb3562a200a44/element - {"using":"xpath","value":"//*[@id=\"__tile132\"]"}
RESULT: {"using":"xpath","value":"//*[@id=\"__tile132\"]"}
COMMAND: POST /session/9a6d02befdf50e53554cb3562a200a44/element/f.936FEEFC3D507069A404F7345F2DEF67.d.BB30BFCA26F408E771CCD10E78691956.e.172/click - {}
RESULT: {}
COMMAND: GET /session/9a6d02befdf50e53554cb3562a200a44/screenshot - {}
RESULT: {}
COMMAND: POST /session/9a6d02befdf50e53554cb3562a200a44/elements - {"using":"xpath","value":"//span[text()='Error']"}
RESULT: {"using":"xpath","value":"//span[text()='Error']"}
COMMAND: POST /session/9a6d02befdf50e53554cb3562a200a44/element - {"using":"xpath","value":"//button[@data-kt=\"addButton\"]"}
RESULT: {"using":"xpath","value":"//button[@data-kt=\"addButton\"]"}
COMMAND: POST /session/9a6d02befdf50e53554cb3562a200a44/elements - {"using":"xpath","value":"//button[@data-kt=\"addButton\"]"}
RESULT: {"using":"xpath","value":"//button[@data-kt=\"addButton\"]"}
COMMAND: POST /session/9a6d02befdf50e53554cb3562a200a44/execute/sync - {"script":"<script> [8489 bytes]","args":[{"element-6066-11e4-a52e-4f735466cecf":"f.936FEEFC3D507069A404F7345F2DEF67.d.BB30BFCA26F408E771CCD10E78691956.e.4116","ELEMENT":"f.936FEEFC3D507069A404F7345F2DEF67.d.BB30BFCA26F408E771CCD10E78691956.e.4116"}]}
RESULT: {"script":"<script> [8489 bytes]","args":[{"element-6066-11e4-a52e-4f735466cecf":"f.936FEEFC3D507069A404F7345F2DEF67.d.BB30BFCA26F408E771CCD10E78691956.e.4116","ELEMENT":"f.936FEEFC3D507069A404F7345F2DEF67.d.BB30BFCA26F408E771CCD10E78691956.e.4116"}]}
COMMAND: GET /session/9a6d02befdf50e53554cb3562a200a44/element/f.936FEEFC3D507069A404F7345F2DEF67.d.BB30BFCA26F408E771CCD10E78691956.e.4116/enabled - {}
COMMAND: GET /session/9a6d02befdf50e53554cb3562a200a44/screenshot - {}
RESULT: {}
COMMAND: POST /session/9a6d02befdf50e53554cb3562a200a44/execute/sync - {"script":"<script> [8489 bytes]","args":[{"element-6066-11e4-a52e-4f735466cecf":"f.936FEEFC3D507069A404F7345F2DEF67.d.BB30BFCA26F408E771CCD10E78691956.e.4116","ELEMENT":"f.936FEEFC3D507069A404F7345F2DEF67.d.BB30BFCA26F408E771CCD10E78691956.e.4116"}]}
COMMAND: GET /session/9a6d02befdf50e53554cb3562a200a44/screenshot - {}
RESULT: {}
RESULT: {"script":"<script> [8489 bytes]","args":[{"element-6066-11e4-a52e-4f735466cecf":"f.936FEEFC3D507069A404F7345F2DEF67.d.BB30BFCA26F408E771CCD10E78691956.e.4116","ELEMENT":"f.936FEEFC3D507069A404F7345F2DEF67.d.BB30BFCA26F408E771CCD10E78691956.e.4116"}]}
COMMAND: POST /session/9a6d02befdf50e53554cb3562a200a44/execute/sync - {"script":"<script> [5351 bytes]","args":[{"element-6066-11e4-a52e-4f735466cecf":"f.936FEEFC3D507069A404F7345F2DEF67.d.BB30BFCA26F408E771CCD10E78691956.e.4116","ELEMENT":"f.936FEEFC3D507069A404F7345F2DEF67.d.BB30BFCA26F408E771CCD10E78691956.e.4116"}]}
COMMAND: GET /session/9a6d02befdf50e53554cb3562a200a44/screenshot - {}
RESULT: {}
RESULT: {"script":"<script> [5351 bytes]","args":[{"element-6066-11e4-a52e-4f735466cecf":"f.936FEEFC3D507069A404F7345F2DEF67.d.BB30BFCA26F408E771CCD10E78691956.e.4116","ELEMENT":"f.936FEEFC3D507069A404F7345F2DEF67.d.BB30BFCA26F408E771CCD10E78691956.e.4116"}]}
COMMAND: GET /session/9a6d02befdf50e53554cb3562a200a44/screenshot - {}
RESULT: {}
RESULT: {}
COMMAND: POST /session/9a6d02befdf50e53554cb3562a200a44/element/f.936FEEFC3D507069A404F7345F2DEF67.d.BB30BFCA26F408E771CCD10E78691956.e.4116/click - {}
RESULT: {}
COMMAND: GET /session/9a6d02befdf50e53554cb3562a200a44/screenshot - {}
COMMAND: POST /session/9a6d02befdf50e53554cb3562a200a44/execute/async - {"script":"<script> [1562 bytes]","args":[{"selector":{"id":"application-managecontracts-display-component---AddNewContract--projectDescription","interaction":{"idSuffix":"inner"}},"wdio_ui5_key":"applicationmanagecontracts-display-component---AddNewContract--projectDescription"}]}
RESULT: {}
RESULT: {"script":"<script> [1562 bytes]","args":[{"selector":{"id":"application-managecontracts-display-component---AddNewContract--projectDescription","interaction":{"idSuffix":"inner"}},"wdio_ui5_key":"applicationmanagecontracts-display-component---AddNewContract--projectDescription"}]}
RESULT: undefined
COMMAND: POST /session/9a6d02befdf50e53554cb3562a200a44/execute/async - {"script":"<script> [776 bytes]","args":[{"enterText":"Contract WDIO","selector":{"id":"application-managecontracts-display-component---AddNewContract--projectDescription","interaction":{"idSuffix":"inner"}},"clearTextFirst":true,"interactionType":"ENTER_TEXT"}]}
RESULT: {"script":"<script> [776 bytes]","args":[{"enterText":"Contract WDIO","selector":{"id":"application-managecontracts-display-component---AddNewContract--projectDescription","interaction":{"idSuffix":"inner"}},"clearTextFirst":true,"interactionType":"ENTER_TEXT"}]}
COMMAND: POST /session/9a6d02befdf50e53554cb3562a200a44/element - {"using":"xpath","value":"//input[@id=\"application-managecontracts-display-component---AddNewContract--site-inner\"]"}
RESULT: {"using":"xpath","value":"//input[@id=\"application-managecontracts-display-component---AddNewContract--site-inner\"]"}
COMMAND: POST /session/9a6d02befdf50e53554cb3562a200a44/element/f.936FEEFC3D507069A404F7345F2DEF67.d.BB30BFCA26F408E771CCD10E78691956.e.4433/clear - {}
RESULT: {}
COMMAND: POST /session/9a6d02befdf50e53554cb3562a200a44/element/f.936FEEFC3D507069A404F7345F2DEF67.d.BB30BFCA26F408E771CCD10E78691956.e.4433/value - {"text":"2105"}
COMMAND: GET /session/9a6d02befdf50e53554cb3562a200a44/screenshot - {}
RESULT: {"text":"2105"}
COMMAND: GET /session/9a6d02befdf50e53554cb3562a200a44/screenshot - {}
RESULT: {}
RESULT: {}
COMMAND: POST /session/9a6d02befdf50e53554cb3562a200a44/element - {"using":"xpath","value":"//li[.//span[text()='2105']]"}
RESULT: {"using":"xpath","value":"//li[.//span[text()='2105']]"}
COMMAND: POST /session/9a6d02befdf50e53554cb3562a200a44/element/f.936FEEFC3D507069A404F7345F2DEF67.d.BB30BFCA26F408E771CCD10E78691956.e.4516/click - {}
RESULT: {}
COMMAND: GET /session/9a6d02befdf50e53554cb3562a200a44/screenshot - {}
RESULT: {}
COMMAND: POST /session/9a6d02befdf50e53554cb3562a200a44/element - {"using":"xpath","value":"//input[@id=\"application-managecontracts-display-component---AddNewContract--yardId-inner\"]"}
RESULT: {"using":"xpath","value":"//input[@id=\"application-managecontracts-display-component---AddNewContract--yardId-inner\"]"}
COMMAND: GET /session/9a6d02befdf50e53554cb3562a200a44/element/f.936FEEFC3D507069A404F7345F2DEF67.d.BB30BFCA26F408E771CCD10E78691956.e.4434/property/value - {}
RESULT: {}
COMMAND: POST /session/9a6d02befdf50e53554cb3562a200a44/element - {"using":"xpath","value":"//input[@id=\"application-managecontracts-display-component---AddNewContract--customerSelect-inner\"]"}
COMMAND: GET /session/9a6d02befdf50e53554cb3562a200a44/screenshot - {}
RESULT: {"using":"xpath","value":"//input[@id=\"application-managecontracts-display-component---AddNewContract--customerSelect-inner\"]"}
COMMAND: POST /session/9a6d02befdf50e53554cb3562a200a44/element/f.936FEEFC3D507069A404F7345F2DEF67.d.BB30BFCA26F408E771CCD10E78691956.e.4432/clear - {}
RESULT: {}
RESULT: {}
COMMAND: POST /session/9a6d02befdf50e53554cb3562a200a44/element/f.936FEEFC3D507069A404F7345F2DEF67.d.BB30BFCA26F408E771CCD10E78691956.e.4432/value - {"text":"1114"}
COMMAND: GET /session/9a6d02befdf50e53554cb3562a200a44/screenshot - {}
RESULT: {"text":"1114"}
COMMAND: GET /session/9a6d02befdf50e53554cb3562a200a44/screenshot - {}
RESULT: {}
RESULT: {}
COMMAND: POST /session/9a6d02befdf50e53554cb3562a200a44/element - {"using":"xpath","value":"//li[.//span[text()='1114']]"}
RESULT: {"using":"xpath","value":"//li[.//span[text()='1114']]"}
COMMAND: POST /session/9a6d02befdf50e53554cb3562a200a44/element/f.936FEEFC3D507069A404F7345F2DEF67.d.BB30BFCA26F408E771CCD10E78691956.e.4519/click - {}
RESULT: {}
COMMAND: GET /session/9a6d02befdf50e53554cb3562a200a44/screenshot - {}
RESULT: {}
COMMAND: POST /session/9a6d02befdf50e53554cb3562a200a44/element - {"using":"xpath","value":"//button[@data-kt=\"saveButton\"]"}
RESULT: {"using":"xpath","value":"//button[@data-kt=\"saveButton\"]"}
COMMAND: POST /session/9a6d02befdf50e53554cb3562a200a44/element/f.936FEEFC3D507069A404F7345F2DEF67.d.BB30BFCA26F408E771CCD10E78691956.e.4509/click - {}
RESULT: {}
COMMAND: GET /session/9a6d02befdf50e53554cb3562a200a44/screenshot - {}
RESULT: {}
COMMAND: POST /session/9a6d02befdf50e53554cb3562a200a44/element - {"using":"xpath","value":"//span[contains(@id ,\"contractDetailTitleNoExpanded\")]"}
RESULT: {"using":"xpath","value":"//span[contains(@id ,\"contractDetailTitleNoExpanded\")]"}
COMMAND: POST /session/9a6d02befdf50e53554cb3562a200a44/elements - {"using":"xpath","value":"//span[contains(@id ,\"contractDetailTitleNoExpanded\")]"}
RESULT: {"using":"xpath","value":"//span[contains(@id ,\"contractDetailTitleNoExpanded\")]"}
COMMAND: POST /session/9a6d02befdf50e53554cb3562a200a44/execute/sync - {"script":"<script> [56 bytes]","args":[{"element-6066-11e4-a52e-4f735466cecf":"f.936FEEFC3D507069A404F7345F2DEF67.d.BB30BFCA26F408E771CCD10E78691956.e.4527","ELEMENT":"f.936FEEFC3D507069A404F7345F2DEF67.d.BB30BFCA26F408E771CCD10E78691956.e.4527"}]}
RESULT: {"script":"<script> [56 bytes]","args":[{"element-6066-11e4-a52e-4f735466cecf":"f.936FEEFC3D507069A404F7345F2DEF67.d.BB30BFCA26F408E771CCD10E78691956.e.4527","ELEMENT":"f.936FEEFC3D507069A404F7345F2DEF67.d.BB30BFCA26F408E771CCD10E78691956.e.4527"}]}
COMMAND: GET /session/9a6d02befdf50e53554cb3562a200a44/screenshot - {}
RESULT: {}
]]></system-out>
    </testcase>
    <testcase classname="chrome.137_0_7151_69.windows.Prerequisites_&amp;_test_for_yard_mass_return_on_Yard_Overview_US131057" name="Prereq Should add created material to contract" time="60.225">
      <system-out><![CDATA[
COMMAND: POST /session/9a6d02befdf50e53554cb3562a200a44/element - {"using":"xpath","value":"//button[@data-kt=\"contractDetailEditBtnButton\"]"}
RESULT: {"using":"xpath","value":"//button[@data-kt=\"contractDetailEditBtnButton\"]"}
COMMAND: POST /session/9a6d02befdf50e53554cb3562a200a44/element/f.936FEEFC3D507069A404F7345F2DEF67.d.BB30BFCA26F408E771CCD10E78691956.e.4530/click - {}
RESULT: {}
COMMAND: GET /session/9a6d02befdf50e53554cb3562a200a44/screenshot - {}
RESULT: {}
COMMAND: POST /session/9a6d02befdf50e53554cb3562a200a44/element - {"using":"xpath","value":"(//span[contains(text(), \"Additional Addresses\")])[2]"}
RESULT: {"using":"xpath","value":"(//span[contains(text(), \"Additional Addresses\")])[2]"}
COMMAND: POST /session/9a6d02befdf50e53554cb3562a200a44/element/f.936FEEFC3D507069A404F7345F2DEF67.d.BB30BFCA26F408E771CCD10E78691956.e.4586/click - {}
RESULT: {}
COMMAND: GET /session/9a6d02befdf50e53554cb3562a200a44/screenshot - {}
RESULT: {}
COMMAND: POST /session/9a6d02befdf50e53554cb3562a200a44/element - {"using":"xpath","value":"//button[@data-kt=\"btnAddTableRowOverflowToolbarButton\"]"}
RESULT: {"using":"xpath","value":"//button[@data-kt=\"btnAddTableRowOverflowToolbarButton\"]"}
COMMAND: POST /session/9a6d02befdf50e53554cb3562a200a44/element/f.936FEEFC3D507069A404F7345F2DEF67.d.BB30BFCA26F408E771CCD10E78691956.e.4588/click - {}
RESULT: {}
COMMAND: GET /session/9a6d02befdf50e53554cb3562a200a44/screenshot - {}
RESULT: {}
COMMAND: POST /session/9a6d02befdf50e53554cb3562a200a44/element - {"using":"xpath","value":"//div[(text() = 'Standard Entry' or . = 'Standard Entry')]"}
RESULT: {"using":"xpath","value":"//div[(text() = 'Standard Entry' or . = 'Standard Entry')]"}
COMMAND: POST /session/9a6d02befdf50e53554cb3562a200a44/element/f.936FEEFC3D507069A404F7345F2DEF67.d.BB30BFCA26F408E771CCD10E78691956.e.4590/click - {}
RESULT: {}
COMMAND: GET /session/9a6d02befdf50e53554cb3562a200a44/screenshot - {}
RESULT: {}
COMMAND: POST /session/9a6d02befdf50e53554cb3562a200a44/element - {"using":"xpath","value":"//td[6]/div/div/div/span"}
RESULT: {"using":"xpath","value":"//td[6]/div/div/div/span"}
COMMAND: POST /session/9a6d02befdf50e53554cb3562a200a44/element/f.936FEEFC3D507069A404F7345F2DEF67.d.BB30BFCA26F408E771CCD10E78691956.e.4602/click - {}
RESULT: {}
COMMAND: GET /session/9a6d02befdf50e53554cb3562a200a44/screenshot - {}
RESULT: {}
COMMAND: POST /session/9a6d02befdf50e53554cb3562a200a44/element - {"using":"xpath","value":"(//span[contains(text(), \"Material\")])"}
RESULT: {"using":"xpath","value":"(//span[contains(text(), \"Material\")])"}
COMMAND: POST /session/9a6d02befdf50e53554cb3562a200a44/element/f.936FEEFC3D507069A404F7345F2DEF67.d.BB30BFCA26F408E771CCD10E78691956.e.4603/click - {}
RESULT: {}
COMMAND: GET /session/9a6d02befdf50e53554cb3562a200a44/screenshot - {}
RESULT: {}
COMMAND: POST /session/9a6d02befdf50e53554cb3562a200a44/element - {"using":"xpath","value":"//td[7]/div/div/input"}
RESULT: {"using":"xpath","value":"//td[7]/div/div/input"}
COMMAND: POST /session/9a6d02befdf50e53554cb3562a200a44/element/f.936FEEFC3D507069A404F7345F2DEF67.d.BB30BFCA26F408E771CCD10E78691956.e.4607/clear - {}
RESULT: {}
COMMAND: POST /session/9a6d02befdf50e53554cb3562a200a44/element/f.936FEEFC3D507069A404F7345F2DEF67.d.BB30BFCA26F408E771CCD10E78691956.e.4607/value - {"text":"200135"}
COMMAND: GET /session/9a6d02befdf50e53554cb3562a200a44/screenshot - {}
RESULT: {"text":"200135"}
COMMAND: GET /session/9a6d02befdf50e53554cb3562a200a44/screenshot - {}
RESULT: {}
RESULT: {}
COMMAND: POST /session/9a6d02befdf50e53554cb3562a200a44/actions - {"actions":[{"id":"action13","type":"key","parameters":{},"actions":[{"type":"keyDown","value":""},{"type":"pause","duration":10},{"type":"keyUp","value":""}]}]}
RESULT: {"actions":[{"id":"action13","type":"key","parameters":{},"actions":[{"type":"keyDown","value":""},{"type":"pause","duration":10},{"type":"keyUp","value":""}]}]}
COMMAND: GET /session/9a6d02befdf50e53554cb3562a200a44/screenshot - {}
RESULT: {}
COMMAND: POST /session/9a6d02befdf50e53554cb3562a200a44/execute/sync - {"script":"<script> [276 bytes]","args":["No pricing information was found"]}
RESULT: {"script":"<script> [276 bytes]","args":["No pricing information was found"]}
COMMAND: POST /session/9a6d02befdf50e53554cb3562a200a44/element - {"using":"xpath","value":"//bdi[contains(text(), \"OK\")]"}
COMMAND: GET /session/9a6d02befdf50e53554cb3562a200a44/screenshot - {}
RESULT: {"using":"xpath","value":"//bdi[contains(text(), \"OK\")]"}
COMMAND: POST /session/9a6d02befdf50e53554cb3562a200a44/element/f.936FEEFC3D507069A404F7345F2DEF67.d.BB30BFCA26F408E771CCD10E78691956.e.4633/click - {}
RESULT: {}
RESULT: {}
COMMAND: GET /session/9a6d02befdf50e53554cb3562a200a44/screenshot - {}
RESULT: {}
COMMAND: POST /session/9a6d02befdf50e53554cb3562a200a44/element - {"using":"xpath","value":"(//button[@data-kt=\"saveButton\"])[2]"}
RESULT: {"using":"xpath","value":"(//button[@data-kt=\"saveButton\"])[2]"}
COMMAND: POST /session/9a6d02befdf50e53554cb3562a200a44/element/f.936FEEFC3D507069A404F7345F2DEF67.d.BB30BFCA26F408E771CCD10E78691956.e.4634/click - {}
RESULT: {}
COMMAND: GET /session/9a6d02befdf50e53554cb3562a200a44/screenshot - {}
RESULT: {}
COMMAND: POST /session/9a6d02befdf50e53554cb3562a200a44/execute/sync - {"script":"<script> [276 bytes]","args":["Some contract items are having rental validity exceeding header rental validity"]}
RESULT: {"script":"<script> [276 bytes]","args":["Some contract items are having rental validity exceeding header rental validity"]}
COMMAND: GET /session/9a6d02befdf50e53554cb3562a200a44/screenshot - {}
RESULT: {}
COMMAND: POST /session/9a6d02befdf50e53554cb3562a200a44/element - {"using":"xpath","value":"//span[contains(@id ,\"contractItemsSmartTable-header-inner\")]"}
RESULT: {"using":"xpath","value":"//span[contains(@id ,\"contractItemsSmartTable-header-inner\")]"}
COMMAND: POST /session/9a6d02befdf50e53554cb3562a200a44/elements - {"using":"xpath","value":"//span[contains(@id ,\"contractItemsSmartTable-header-inner\")]"}
RESULT: {"using":"xpath","value":"//span[contains(@id ,\"contractItemsSmartTable-header-inner\")]"}
COMMAND: POST /session/9a6d02befdf50e53554cb3562a200a44/execute/sync - {"script":"<script> [56 bytes]","args":[{"element-6066-11e4-a52e-4f735466cecf":"f.936FEEFC3D507069A404F7345F2DEF67.d.BB30BFCA26F408E771CCD10E78691956.e.4639","ELEMENT":"f.936FEEFC3D507069A404F7345F2DEF67.d.BB30BFCA26F408E771CCD10E78691956.e.4639"}]}
RESULT: {"script":"<script> [56 bytes]","args":[{"element-6066-11e4-a52e-4f735466cecf":"f.936FEEFC3D507069A404F7345F2DEF67.d.BB30BFCA26F408E771CCD10E78691956.e.4639","ELEMENT":"f.936FEEFC3D507069A404F7345F2DEF67.d.BB30BFCA26F408E771CCD10E78691956.e.4639"}]}
COMMAND: GET /session/9a6d02befdf50e53554cb3562a200a44/screenshot - {}
]]></system-out>
    </testcase>
    <testcase classname="chrome.137_0_7151_69.windows.Prerequisites_&amp;_test_for_yard_mass_return_on_Yard_Overview_US131057" name="Prerq Should do a provide to site handover" time="63.917">
      <system-out><![CDATA[
COMMAND: POST /session/9a6d02befdf50e53554cb3562a200a44/element - {"using":"xpath","value":"//button[@data-kt=\"provideButton\"]"}
RESULT: {}
RESULT: {"using":"xpath","value":"//button[@data-kt=\"provideButton\"]"}
COMMAND: POST /session/9a6d02befdf50e53554cb3562a200a44/element/f.936FEEFC3D507069A404F7345F2DEF67.d.BB30BFCA26F408E771CCD10E78691956.e.4640/click - {}
RESULT: {}
COMMAND: GET /session/9a6d02befdf50e53554cb3562a200a44/screenshot - {}
RESULT: {}
RESULT: undefined
COMMAND: POST /session/9a6d02befdf50e53554cb3562a200a44/execute/async - {"script":"<script> [6424 bytes]","args":[{"element-6066-11e4-a52e-4f735466cecf":"f.936FEEFC3D507069A404F7345F2DEF67.d.BB30BFCA26F408E771CCD10E78691956.e.3563"},"setValue",["6/14/25"]]}
COMMAND: POST /session/9a6d02befdf50e53554cb3562a200a44/execute/async - {"script":"<script> [1562 bytes]","args":[{"selector":{"id":"application-managehandovers-display-component---AddNewHO--dueDate","interaction":{"idSuffix":"inner"}},"wdio_ui5_key":"applicationmanagehandovers-display-component---AddNewHO--dueDate"}]}
RESULT: {"script":"<script> [1562 bytes]","args":[{"selector":{"id":"application-managehandovers-display-component---AddNewHO--dueDate","interaction":{"idSuffix":"inner"}},"wdio_ui5_key":"applicationmanagehandovers-display-component---AddNewHO--dueDate"}]}
COMMAND: POST /session/9a6d02befdf50e53554cb3562a200a44/execute/async - {"script":"<script> [6424 bytes]","args":[{"element-6066-11e4-a52e-4f735466cecf":"f.936FEEFC3D507069A404F7345F2DEF67.d.BB30BFCA26F408E771CCD10E78691956.e.4697"},"setValue",["6/14/25"]]}
RESULT: {"script":"<script> [6424 bytes]","args":[{"element-6066-11e4-a52e-4f735466cecf":"f.936FEEFC3D507069A404F7345F2DEF67.d.BB30BFCA26F408E771CCD10E78691956.e.4697"},"setValue",["6/14/25"]]}
COMMAND: POST /session/9a6d02befdf50e53554cb3562a200a44/element - {"using":"xpath","value":"//bdi[contains(text(), \"Instructions\")]"}
RESULT: {"using":"xpath","value":"//bdi[contains(text(), \"Instructions\")]"}
COMMAND: POST /session/9a6d02befdf50e53554cb3562a200a44/element/f.936FEEFC3D507069A404F7345F2DEF67.d.BB30BFCA26F408E771CCD10E78691956.e.4976/click - {}
RESULT: {}
COMMAND: GET /session/9a6d02befdf50e53554cb3562a200a44/screenshot - {}
RESULT: {}
COMMAND: POST /session/9a6d02befdf50e53554cb3562a200a44/element - {"using":"xpath","value":"//button[@data-kt=\"AddNewHOProvideAddItemsButton\"]"}
RESULT: {"using":"xpath","value":"//button[@data-kt=\"AddNewHOProvideAddItemsButton\"]"}
COMMAND: POST /session/9a6d02befdf50e53554cb3562a200a44/element/f.936FEEFC3D507069A404F7345F2DEF67.d.BB30BFCA26F408E771CCD10E78691956.e.4980/click - {}
RESULT: {}
COMMAND: GET /session/9a6d02befdf50e53554cb3562a200a44/screenshot - {}
RESULT: {}
RESULT: undefined
COMMAND: POST /session/9a6d02befdf50e53554cb3562a200a44/element - {"using":"xpath","value":"//*[@id=\"application-managehandovers-display-component---AddNewHO--popup-sa\"]"}
RESULT: {"using":"xpath","value":"//*[@id=\"application-managehandovers-display-component---AddNewHO--popup-sa\"]"}
COMMAND: POST /session/9a6d02befdf50e53554cb3562a200a44/element/f.936FEEFC3D507069A404F7345F2DEF67.d.BB30BFCA26F408E771CCD10E78691956.e.4995/click - {}
RESULT: {}
COMMAND: GET /session/9a6d02befdf50e53554cb3562a200a44/screenshot - {}
RESULT: {}
COMMAND: POST /session/9a6d02befdf50e53554cb3562a200a44/element - {"using":"xpath","value":"//*[contains(@id ,\"BDI-content\")][contains(text(), \"Select\")]"}
RESULT: {"using":"xpath","value":"//*[contains(@id ,\"BDI-content\")][contains(text(), \"Select\")]"}
COMMAND: POST /session/9a6d02befdf50e53554cb3562a200a44/element/f.936FEEFC3D507069A404F7345F2DEF67.d.BB30BFCA26F408E771CCD10E78691956.e.4996/click - {}
RESULT: {}
COMMAND: GET /session/9a6d02befdf50e53554cb3562a200a44/screenshot - {}
RESULT: {}
COMMAND: POST /session/9a6d02befdf50e53554cb3562a200a44/execute/async - {"script":"<script> [1562 bytes]","args":[{"selector":{"id":"application-managehandovers-display-component---AddNewHO--confirmCreationButton","interaction":{"idSuffix":"BDI-content"}},"wdio_ui5_key":"applicationmanagehandovers-display-component---AddNewHO--confirmCreationButton"}]}
RESULT: {"script":"<script> [1562 bytes]","args":[{"selector":{"id":"application-managehandovers-display-component---AddNewHO--confirmCreationButton","interaction":{"idSuffix":"BDI-content"}},"wdio_ui5_key":"applicationmanagehandovers-display-component---AddNewHO--confirmCreationButton"}]}
RESULT: undefined
COMMAND: POST /session/9a6d02befdf50e53554cb3562a200a44/element - {"using":"xpath","value":"//*[@id=\"application-managehandovers-display-component---AddNewHO--confirmCreationButton\"]"}
RESULT: {"using":"xpath","value":"//*[@id=\"application-managehandovers-display-component---AddNewHO--confirmCreationButton\"]"}
COMMAND: POST /session/9a6d02befdf50e53554cb3562a200a44/element/f.936FEEFC3D507069A404F7345F2DEF67.d.BB30BFCA26F408E771CCD10E78691956.e.4764/click - {}
RESULT: {}
COMMAND: GET /session/9a6d02befdf50e53554cb3562a200a44/screenshot - {}
RESULT: {}
COMMAND: POST /session/9a6d02befdf50e53554cb3562a200a44/execute/async - {"script":"<script> [1562 bytes]","args":[{"selector":{"id":"issueDatePicker","viewName":"etm.portal.ui.managehandovers.view.DetailExecuteHO","interaction":{"idSuffix":"inner"}},"wdio_ui5_key":"issueDatePickeretmportal.ui.managehandovers.view.DetailExecuteHO"}]}
RESULT: {"script":"<script> [1562 bytes]","args":[{"selector":{"id":"issueDatePicker","viewName":"etm.portal.ui.managehandovers.view.DetailExecuteHO","interaction":{"idSuffix":"inner"}},"wdio_ui5_key":"issueDatePickeretmportal.ui.managehandovers.view.DetailExecuteHO"}]}
RESULT: undefined
COMMAND: POST /session/9a6d02befdf50e53554cb3562a200a44/execute/async - {"script":"<script> [776 bytes]","args":[{"enterText":"6/14/25","selector":{"id":"issueDatePicker","viewName":"etm.portal.ui.managehandovers.view.DetailExecuteHO","interaction":{"idSuffix":"inner"}},"clearTextFirst":true,"interactionType":"ENTER_TEXT"}]}
RESULT: {"script":"<script> [776 bytes]","args":[{"enterText":"6/14/25","selector":{"id":"issueDatePicker","viewName":"etm.portal.ui.managehandovers.view.DetailExecuteHO","interaction":{"idSuffix":"inner"}},"clearTextFirst":true,"interactionType":"ENTER_TEXT"}]}
COMMAND: POST /session/9a6d02befdf50e53554cb3562a200a44/element - {"using":"xpath","value":"//button[@data-kt=\"PickingTableConfirmAllButton\"]"}
RESULT: {"using":"xpath","value":"//button[@data-kt=\"PickingTableConfirmAllButton\"]"}
COMMAND: POST /session/9a6d02befdf50e53554cb3562a200a44/element/f.936FEEFC3D507069A404F7345F2DEF67.d.BB30BFCA26F408E771CCD10E78691956.e.5055/click - {}
RESULT: {}
COMMAND: GET /session/9a6d02befdf50e53554cb3562a200a44/screenshot - {}
RESULT: {}
COMMAND: POST /session/9a6d02befdf50e53554cb3562a200a44/element - {"using":"xpath","value":"//bdi[contains(text(), \"OK\")]"}
RESULT: {"using":"xpath","value":"//bdi[contains(text(), \"OK\")]"}
COMMAND: POST /session/9a6d02befdf50e53554cb3562a200a44/element/f.936FEEFC3D507069A404F7345F2DEF67.d.BB30BFCA26F408E771CCD10E78691956.e.5058/click - {}
RESULT: {}
COMMAND: GET /session/9a6d02befdf50e53554cb3562a200a44/screenshot - {}
RESULT: {}
COMMAND: POST /session/9a6d02befdf50e53554cb3562a200a44/element - {"using":"xpath","value":"//bdi[contains(text(), \"Issue\")]"}
RESULT: {"using":"xpath","value":"//bdi[contains(text(), \"Issue\")]"}
COMMAND: POST /session/9a6d02befdf50e53554cb3562a200a44/element/f.936FEEFC3D507069A404F7345F2DEF67.d.BB30BFCA26F408E771CCD10E78691956.e.5060/click - {}
RESULT: {}
COMMAND: GET /session/9a6d02befdf50e53554cb3562a200a44/screenshot - {}
RESULT: {}
COMMAND: POST /session/9a6d02befdf50e53554cb3562a200a44/element - {"using":"css selector","value":"#shell-header-logo"}
RESULT: {"using":"css selector","value":"#shell-header-logo"}
COMMAND: POST /session/9a6d02befdf50e53554cb3562a200a44/element/f.936FEEFC3D507069A404F7345F2DEF67.d.BB30BFCA26F408E771CCD10E78691956.e.4068/click - {}
RESULT: {}
COMMAND: GET /session/9a6d02befdf50e53554cb3562a200a44/screenshot - {}
RESULT: {}
]]></system-out>
    </testcase>
    <testcase classname="chrome.137_0_7151_69.windows.Prerequisites_&amp;_test_for_yard_mass_return_on_Yard_Overview_US131057" name="Should do mass return on Yard Overview US131057" time="55.806">
      <system-out><![CDATA[
COMMAND: POST /session/9a6d02befdf50e53554cb3562a200a44/execute/async - {"script":"<script> [1562 bytes]","args":[{"selector":{"controlType":"sap.m.GenericTile","properties":{"header":"Yard Overview"}},"wdio_ui5_key":"sapm.GenericTile{\"header\":\"Yard Overview\"}"}]}
RESULT: {"script":"<script> [1562 bytes]","args":[{"selector":{"controlType":"sap.m.GenericTile","properties":{"header":"Yard Overview"}},"wdio_ui5_key":"sapm.GenericTile{\"header\":\"Yard Overview\"}"}]}
RESULT: undefined
COMMAND: POST /session/9a6d02befdf50e53554cb3562a200a44/element - {"using":"xpath","value":"//*[@id=\"__tile104\"]"}
RESULT: {"using":"xpath","value":"//*[@id=\"__tile104\"]"}
COMMAND: POST /session/9a6d02befdf50e53554cb3562a200a44/element/f.936FEEFC3D507069A404F7345F2DEF67.d.BB30BFCA26F408E771CCD10E78691956.e.5349/click - {}
RESULT: {}
COMMAND: GET /session/9a6d02befdf50e53554cb3562a200a44/screenshot - {}
RESULT: {}
COMMAND: POST /session/9a6d02befdf50e53554cb3562a200a44/elements - {"using":"xpath","value":"//span[text()='Error']"}
RESULT: {"using":"xpath","value":"//span[text()='Error']"}
COMMAND: POST /session/9a6d02befdf50e53554cb3562a200a44/element - {"using":"xpath","value":"//input[contains(@id,\"application-yardoverview-display-component---masterYardInventory--smartFilterBar-btnBasicSearch-I\")]"}
RESULT: {"using":"xpath","value":"//input[contains(@id,\"application-yardoverview-display-component---masterYardInventory--smartFilterBar-btnBasicSearch-I\")]"}
COMMAND: POST /session/9a6d02befdf50e53554cb3562a200a44/elements - {"using":"xpath","value":"//input[contains(@id,\"application-yardoverview-display-component---masterYardInventory--smartFilterBar-btnBasicSearch-I\")]"}
RESULT: {"using":"xpath","value":"//input[contains(@id,\"application-yardoverview-display-component---masterYardInventory--smartFilterBar-btnBasicSearch-I\")]"}
COMMAND: POST /session/9a6d02befdf50e53554cb3562a200a44/execute/sync - {"script":"<script> [8489 bytes]","args":[{"element-6066-11e4-a52e-4f735466cecf":"f.936FEEFC3D507069A404F7345F2DEF67.d.BB30BFCA26F408E771CCD10E78691956.e.5356","ELEMENT":"f.936FEEFC3D507069A404F7345F2DEF67.d.BB30BFCA26F408E771CCD10E78691956.e.5356"}]}
RESULT: {"script":"<script> [8489 bytes]","args":[{"element-6066-11e4-a52e-4f735466cecf":"f.936FEEFC3D507069A404F7345F2DEF67.d.BB30BFCA26F408E771CCD10E78691956.e.5356","ELEMENT":"f.936FEEFC3D507069A404F7345F2DEF67.d.BB30BFCA26F408E771CCD10E78691956.e.5356"}]}
COMMAND: GET /session/9a6d02befdf50e53554cb3562a200a44/element/f.936FEEFC3D507069A404F7345F2DEF67.d.BB30BFCA26F408E771CCD10E78691956.e.5356/enabled - {}
COMMAND: GET /session/9a6d02befdf50e53554cb3562a200a44/screenshot - {}
RESULT: {}
COMMAND: POST /session/9a6d02befdf50e53554cb3562a200a44/execute/sync - {"script":"<script> [8489 bytes]","args":[{"element-6066-11e4-a52e-4f735466cecf":"f.936FEEFC3D507069A404F7345F2DEF67.d.BB30BFCA26F408E771CCD10E78691956.e.5356","ELEMENT":"f.936FEEFC3D507069A404F7345F2DEF67.d.BB30BFCA26F408E771CCD10E78691956.e.5356"}]}
COMMAND: GET /session/9a6d02befdf50e53554cb3562a200a44/screenshot - {}
RESULT: {}
RESULT: {"script":"<script> [8489 bytes]","args":[{"element-6066-11e4-a52e-4f735466cecf":"f.936FEEFC3D507069A404F7345F2DEF67.d.BB30BFCA26F408E771CCD10E78691956.e.5356","ELEMENT":"f.936FEEFC3D507069A404F7345F2DEF67.d.BB30BFCA26F408E771CCD10E78691956.e.5356"}]}
COMMAND: POST /session/9a6d02befdf50e53554cb3562a200a44/execute/sync - {"script":"<script> [5351 bytes]","args":[{"element-6066-11e4-a52e-4f735466cecf":"f.936FEEFC3D507069A404F7345F2DEF67.d.BB30BFCA26F408E771CCD10E78691956.e.5356","ELEMENT":"f.936FEEFC3D507069A404F7345F2DEF67.d.BB30BFCA26F408E771CCD10E78691956.e.5356"}]}
COMMAND: GET /session/9a6d02befdf50e53554cb3562a200a44/screenshot - {}
RESULT: {}
RESULT: {"script":"<script> [5351 bytes]","args":[{"element-6066-11e4-a52e-4f735466cecf":"f.936FEEFC3D507069A404F7345F2DEF67.d.BB30BFCA26F408E771CCD10E78691956.e.5356","ELEMENT":"f.936FEEFC3D507069A404F7345F2DEF67.d.BB30BFCA26F408E771CCD10E78691956.e.5356"}]}
COMMAND: GET /session/9a6d02befdf50e53554cb3562a200a44/screenshot - {}
RESULT: {}
RESULT: {}
COMMAND: POST /session/9a6d02befdf50e53554cb3562a200a44/execute/async - {"script":"<script> [1562 bytes]","args":[{"selector":{"id":"application-yardoverview-display-component---masterYardInventory--smartFilterBar-btnBasicSearch","interaction":{"idSuffix":"I"}},"wdio_ui5_key":"applicationyardoverview-display-component---masterYardInventory--smartFilterBar-btnBasicSearch"}]}
RESULT: {"script":"<script> [1562 bytes]","args":[{"selector":{"id":"application-yardoverview-display-component---masterYardInventory--smartFilterBar-btnBasicSearch","interaction":{"idSuffix":"I"}},"wdio_ui5_key":"applicationyardoverview-display-component---masterYardInventory--smartFilterBar-btnBasicSearch"}]}
RESULT: undefined
COMMAND: POST /session/9a6d02befdf50e53554cb3562a200a44/execute/async - {"script":"<script> [776 bytes]","args":[{"enterText":"265","selector":{"id":"application-yardoverview-display-component---masterYardInventory--smartFilterBar-btnBasicSearch","interaction":{"idSuffix":"I"}},"clearTextFirst":true,"interactionType":"ENTER_TEXT"}]}
RESULT: {"script":"<script> [776 bytes]","args":[{"enterText":"265","selector":{"id":"application-yardoverview-display-component---masterYardInventory--smartFilterBar-btnBasicSearch","interaction":{"idSuffix":"I"}},"clearTextFirst":true,"interactionType":"ENTER_TEXT"}]}
COMMAND: POST /session/9a6d02befdf50e53554cb3562a200a44/actions - {"actions":[{"id":"action14","type":"key","parameters":{},"actions":[{"type":"keyDown","value":""},{"type":"pause","duration":10},{"type":"keyUp","value":""}]}]}
RESULT: {"actions":[{"id":"action14","type":"key","parameters":{},"actions":[{"type":"keyDown","value":""},{"type":"pause","duration":10},{"type":"keyUp","value":""}]}]}
COMMAND: GET /session/9a6d02befdf50e53554cb3562a200a44/screenshot - {}
RESULT: {}
COMMAND: POST /session/9a6d02befdf50e53554cb3562a200a44/element - {"using":"xpath","value":"(//span[contains(@id, \"imgNav\")])[1]"}
RESULT: {"using":"xpath","value":"(//span[contains(@id, \"imgNav\")])[1]"}
COMMAND: POST /session/9a6d02befdf50e53554cb3562a200a44/element/f.936FEEFC3D507069A404F7345F2DEF67.d.BB30BFCA26F408E771CCD10E78691956.e.5422/click - {}
RESULT: {}
COMMAND: GET /session/9a6d02befdf50e53554cb3562a200a44/screenshot - {}
RESULT: {}
COMMAND: POST /session/9a6d02befdf50e53554cb3562a200a44/execute/async - {"script":"<script> [1562 bytes]","args":[{"selector":{"id":"application-yardoverview-display-component---detailYardInventory--ObjectPageLayout-anchBar-application-yardoverview-display-component---detailYardInventory--openReturnsSection-anchor","interaction":{"idSuffix":"BDI-content"}},"wdio_ui5_key":"applicationyardoverview-display-component---detailYardInventory--ObjectPageLayout-anchBar-application-yardoverview-display-component---detailYardInventory--openReturnsSection-anchor"}]}
RESULT: {"script":"<script> [1562 bytes]","args":[{"selector":{"id":"application-yardoverview-display-component---detailYardInventory--ObjectPageLayout-anchBar-application-yardoverview-display-component---detailYardInventory--openReturnsSection-anchor","interaction":{"idSuffix":"BDI-content"}},"wdio_ui5_key":"applicationyardoverview-display-component---detailYardInventory--ObjectPageLayout-anchBar-application-yardoverview-display-component---detailYardInventory--openReturnsSection-anchor"}]}
RESULT: undefined
COMMAND: POST /session/9a6d02befdf50e53554cb3562a200a44/element - {"using":"xpath","value":"//*[@id=\"application-yardoverview-display-component---detailYardInventory--ObjectPageLayout-anchBar-application-yardoverview-display-component---detailYardInventory--openReturnsSection-anchor\"]"}
RESULT: {"using":"xpath","value":"//*[@id=\"application-yardoverview-display-component---detailYardInventory--ObjectPageLayout-anchBar-application-yardoverview-display-component---detailYardInventory--openReturnsSection-anchor\"]"}
COMMAND: POST /session/9a6d02befdf50e53554cb3562a200a44/element/f.936FEEFC3D507069A404F7345F2DEF67.d.BB30BFCA26F408E771CCD10E78691956.e.5508/click - {}
RESULT: {}
COMMAND: GET /session/9a6d02befdf50e53554cb3562a200a44/screenshot - {}
RESULT: {}
COMMAND: POST /session/9a6d02befdf50e53554cb3562a200a44/execute/async - {"script":"<script> [1562 bytes]","args":[{"selector":{"id":"application-yardoverview-display-component---detailYardInventory--openReturns-triggerAction-returnBtn","interaction":{"idSuffix":"BDI-content"}},"wdio_ui5_key":"applicationyardoverview-display-component---detailYardInventory--openReturns-triggerAction-returnBtn"}]}
RESULT: {"script":"<script> [1562 bytes]","args":[{"selector":{"id":"application-yardoverview-display-component---detailYardInventory--openReturns-triggerAction-returnBtn","interaction":{"idSuffix":"BDI-content"}},"wdio_ui5_key":"applicationyardoverview-display-component---detailYardInventory--openReturns-triggerAction-returnBtn"}]}
RESULT: undefined
COMMAND: POST /session/9a6d02befdf50e53554cb3562a200a44/element - {"using":"xpath","value":"//*[@id=\"application-yardoverview-display-component---detailYardInventory--openReturns-triggerAction-returnBtn\"]"}
RESULT: {"using":"xpath","value":"//*[@id=\"application-yardoverview-display-component---detailYardInventory--openReturns-triggerAction-returnBtn\"]"}
COMMAND: POST /session/9a6d02befdf50e53554cb3562a200a44/element/f.936FEEFC3D507069A404F7345F2DEF67.d.BB30BFCA26F408E771CCD10E78691956.e.5531/click - {}
RESULT: {}
COMMAND: GET /session/9a6d02befdf50e53554cb3562a200a44/screenshot - {}
RESULT: {}
COMMAND: POST /session/9a6d02befdf50e53554cb3562a200a44/element - {"using":"xpath","value":"//div[@id=\"application-yardoverview-display-component---detailYardInventory--customReturnsTable-sa-CbBg\"]"}
RESULT: {"using":"xpath","value":"//div[@id=\"application-yardoverview-display-component---detailYardInventory--customReturnsTable-sa-CbBg\"]"}
COMMAND: POST /session/9a6d02befdf50e53554cb3562a200a44/execute/sync - {"script":"<script> [8489 bytes]","args":[{"element-6066-11e4-a52e-4f735466cecf":"f.936FEEFC3D507069A404F7345F2DEF67.d.BB30BFCA26F408E771CCD10E78691956.e.5549","ELEMENT":"f.936FEEFC3D507069A404F7345F2DEF67.d.BB30BFCA26F408E771CCD10E78691956.e.5549"}]}
RESULT: {"script":"<script> [8489 bytes]","args":[{"element-6066-11e4-a52e-4f735466cecf":"f.936FEEFC3D507069A404F7345F2DEF67.d.BB30BFCA26F408E771CCD10E78691956.e.5549","ELEMENT":"f.936FEEFC3D507069A404F7345F2DEF67.d.BB30BFCA26F408E771CCD10E78691956.e.5549"}]}
COMMAND: POST /session/9a6d02befdf50e53554cb3562a200a44/execute/sync - {"script":"<script> [5351 bytes]","args":[{"element-6066-11e4-a52e-4f735466cecf":"f.936FEEFC3D507069A404F7345F2DEF67.d.BB30BFCA26F408E771CCD10E78691956.e.5549","ELEMENT":"f.936FEEFC3D507069A404F7345F2DEF67.d.BB30BFCA26F408E771CCD10E78691956.e.5549"}]}
COMMAND: GET /session/9a6d02befdf50e53554cb3562a200a44/screenshot - {}
RESULT: {"script":"<script> [5351 bytes]","args":[{"element-6066-11e4-a52e-4f735466cecf":"f.936FEEFC3D507069A404F7345F2DEF67.d.BB30BFCA26F408E771CCD10E78691956.e.5549","ELEMENT":"f.936FEEFC3D507069A404F7345F2DEF67.d.BB30BFCA26F408E771CCD10E78691956.e.5549"}]}
COMMAND: POST /session/9a6d02befdf50e53554cb3562a200a44/element/f.936FEEFC3D507069A404F7345F2DEF67.d.BB30BFCA26F408E771CCD10E78691956.e.5549/click - {}
COMMAND: GET /session/9a6d02befdf50e53554cb3562a200a44/screenshot - {}
RESULT: {}
RESULT: {}
COMMAND: GET /session/9a6d02befdf50e53554cb3562a200a44/screenshot - {}
RESULT: {}
RESULT: {}
COMMAND: POST /session/9a6d02befdf50e53554cb3562a200a44/actions - {"actions":[{"id":"action15","type":"key","parameters":{},"actions":[{"type":"keyDown","value":""},{"type":"pause","duration":10},{"type":"keyUp","value":""}]}]}
RESULT: {"actions":[{"id":"action15","type":"key","parameters":{},"actions":[{"type":"keyDown","value":""},{"type":"pause","duration":10},{"type":"keyUp","value":""}]}]}
COMMAND: POST /session/9a6d02befdf50e53554cb3562a200a44/element - {"using":"xpath","value":"//bdi[text()=\"Return\"]"}
COMMAND: GET /session/9a6d02befdf50e53554cb3562a200a44/screenshot - {}
RESULT: {"using":"xpath","value":"//bdi[text()=\"Return\"]"}
COMMAND: POST /session/9a6d02befdf50e53554cb3562a200a44/execute/sync - {"script":"<script> [8489 bytes]","args":[{"element-6066-11e4-a52e-4f735466cecf":"f.936FEEFC3D507069A404F7345F2DEF67.d.BB30BFCA26F408E771CCD10E78691956.e.5530","ELEMENT":"f.936FEEFC3D507069A404F7345F2DEF67.d.BB30BFCA26F408E771CCD10E78691956.e.5530"}]}
RESULT: {}
RESULT: {"script":"<script> [8489 bytes]","args":[{"element-6066-11e4-a52e-4f735466cecf":"f.936FEEFC3D507069A404F7345F2DEF67.d.BB30BFCA26F408E771CCD10E78691956.e.5530","ELEMENT":"f.936FEEFC3D507069A404F7345F2DEF67.d.BB30BFCA26F408E771CCD10E78691956.e.5530"}]}
COMMAND: POST /session/9a6d02befdf50e53554cb3562a200a44/execute/sync - {"script":"<script> [5351 bytes]","args":[{"element-6066-11e4-a52e-4f735466cecf":"f.936FEEFC3D507069A404F7345F2DEF67.d.BB30BFCA26F408E771CCD10E78691956.e.5530","ELEMENT":"f.936FEEFC3D507069A404F7345F2DEF67.d.BB30BFCA26F408E771CCD10E78691956.e.5530"}]}
COMMAND: GET /session/9a6d02befdf50e53554cb3562a200a44/screenshot - {}
RESULT: {"script":"<script> [5351 bytes]","args":[{"element-6066-11e4-a52e-4f735466cecf":"f.936FEEFC3D507069A404F7345F2DEF67.d.BB30BFCA26F408E771CCD10E78691956.e.5530","ELEMENT":"f.936FEEFC3D507069A404F7345F2DEF67.d.BB30BFCA26F408E771CCD10E78691956.e.5530"}]}
COMMAND: POST /session/9a6d02befdf50e53554cb3562a200a44/element/f.936FEEFC3D507069A404F7345F2DEF67.d.BB30BFCA26F408E771CCD10E78691956.e.5530/click - {}
COMMAND: GET /session/9a6d02befdf50e53554cb3562a200a44/screenshot - {}
RESULT: {}
RESULT: {}
COMMAND: POST /session/9a6d02befdf50e53554cb3562a200a44/execute/async - {"script":"<script> [1562 bytes]","args":[{"selector":{"controlType":"sap.m.Text","properties":{"text":"Mass Create Handovers process was executed with success!"},"searchOpenDialogs":true},"wdio_ui5_key":"sapm.Text{\"text\":\"Mass Create Handovers process was executed with success!\"}"}]}
COMMAND: GET /session/9a6d02befdf50e53554cb3562a200a44/screenshot - {}
RESULT: {}
RESULT: {"script":"<script> [1562 bytes]","args":[{"selector":{"controlType":"sap.m.Text","properties":{"text":"Mass Create Handovers process was executed with success!"},"searchOpenDialogs":true},"wdio_ui5_key":"sapm.Text{\"text\":\"Mass Create Handovers process was executed with success!\"}"}]}
RESULT: undefined
COMMAND: POST /session/9a6d02befdf50e53554cb3562a200a44/execute/async - {"script":"<script> [6424 bytes]","args":[{"element-6066-11e4-a52e-4f735466cecf":"f.936FEEFC3D507069A404F7345F2DEF67.d.BB30BFCA26F408E771CCD10E78691956.e.5552"},"getText",[]]}
RESULT: {}
RESULT: {"script":"<script> [6424 bytes]","args":[{"element-6066-11e4-a52e-4f735466cecf":"f.936FEEFC3D507069A404F7345F2DEF67.d.BB30BFCA26F408E771CCD10E78691956.e.5552"},"getText",[]]}
COMMAND: POST /session/9a6d02befdf50e53554cb3562a200a44/execute/async - {"script":"<script> [1562 bytes]","args":[{"selector":{"controlType":"sap.m.Button","properties":{"text":"OK"},"searchOpenDialogs":true,"interaction":{"idSuffix":"BDI-content"}},"wdio_ui5_key":"sapm.Button{\"text\":\"OK\"}"}]}
RESULT: {"script":"<script> [1562 bytes]","args":[{"selector":{"controlType":"sap.m.Button","properties":{"text":"OK"},"searchOpenDialogs":true,"interaction":{"idSuffix":"BDI-content"}},"wdio_ui5_key":"sapm.Button{\"text\":\"OK\"}"}]}
RESULT: undefined
COMMAND: POST /session/9a6d02befdf50e53554cb3562a200a44/element - {"using":"xpath","value":"//*[@id=\"__mbox-btn-6\"]"}
RESULT: {"using":"xpath","value":"//*[@id=\"__mbox-btn-6\"]"}
COMMAND: POST /session/9a6d02befdf50e53554cb3562a200a44/element/f.936FEEFC3D507069A404F7345F2DEF67.d.BB30BFCA26F408E771CCD10E78691956.e.5551/click - {}
RESULT: {}
COMMAND: GET /session/9a6d02befdf50e53554cb3562a200a44/screenshot - {}
RESULT: {}
COMMAND: POST /session/9a6d02befdf50e53554cb3562a200a44/execute/async - {"script":"<script> [1562 bytes]","args":[{"selector":{"controlType":"sap.m.Text","viewName":"etm.portal.ui.yardoverview.view.Detail","viewId":"application-yardoverview-display-component---detailYardInventory","bindingPath":{"path":"","propertyPath":"STATUS_DESC"}},"wdio_ui5_key":"etmportal.ui.yardoverview.view.Detailsap.m.Text{\"path\":\"\",\"propertyPath\":\"STATUS_DESC\"}"}]}
RESULT: {"script":"<script> [1562 bytes]","args":[{"selector":{"controlType":"sap.m.Text","viewName":"etm.portal.ui.yardoverview.view.Detail","viewId":"application-yardoverview-display-component---detailYardInventory","bindingPath":{"path":"","propertyPath":"STATUS_DESC"}},"wdio_ui5_key":"etmportal.ui.yardoverview.view.Detailsap.m.Text{\"path\":\"\",\"propertyPath\":\"STATUS_DESC\"}"}]}
RESULT: undefined
COMMAND: POST /session/9a6d02befdf50e53554cb3562a200a44/execute/async - {"script":"<script> [6424 bytes]","args":[{"element-6066-11e4-a52e-4f735466cecf":"f.936FEEFC3D507069A404F7345F2DEF67.d.BB30BFCA26F408E771CCD10E78691956.e.5554"},"getText",[]]}
RESULT: {"script":"<script> [6424 bytes]","args":[{"element-6066-11e4-a52e-4f735466cecf":"f.936FEEFC3D507069A404F7345F2DEF67.d.BB30BFCA26F408E771CCD10E78691956.e.5554"},"getText",[]]}
COMMAND: POST /session/9a6d02befdf50e53554cb3562a200a44/element - {"using":"css selector","value":"#shell-header-logo"}
RESULT: {"using":"css selector","value":"#shell-header-logo"}
COMMAND: POST /session/9a6d02befdf50e53554cb3562a200a44/element/f.936FEEFC3D507069A404F7345F2DEF67.d.BB30BFCA26F408E771CCD10E78691956.e.5352/click - {}
RESULT: {}
COMMAND: GET /session/9a6d02befdf50e53554cb3562a200a44/screenshot - {}
RESULT: {}
COMMAND: POST /session/9a6d02befdf50e53554cb3562a200a44/element - {"using":"css selector","value":"#j_username"}
COMMAND: POST /session/9a6d02befdf50e53554cb3562a200a44/url - {"url":"https://qa-testing-00-live-etm-ui.cfapps.eu10-004.hana.ondemand.com/"}
RESULT: {"using":"css selector","value":"#j_username"}
COMMAND: POST /session/9a6d02befdf50e53554cb3562a200a44/element - {"using":"css selector","value":"#j_username"}
RESULT: {"url":"https://qa-testing-00-live-etm-ui.cfapps.eu10-004.hana.ondemand.com/"}
RESULT: undefined
COMMAND: GET /session/9a6d02befdf50e53554cb3562a200a44/screenshot - {}
RESULT: {"using":"css selector","value":"#j_username"}
COMMAND: POST /session/9a6d02befdf50e53554cb3562a200a44/element - {"using":"css selector","value":"#shell-header-logo"}
RESULT: {}
RESULT: {"using":"css selector","value":"#shell-header-logo"}
COMMAND: POST /session/9a6d02befdf50e53554cb3562a200a44/execute/sync - {"script":"<script> [8489 bytes]","args":[{"element-6066-11e4-a52e-4f735466cecf":"f.936FEEFC3D507069A404F7345F2DEF67.d.8EEA137A0F5B37A54DF5C37C2BF0D987.e.5571","ELEMENT":"f.936FEEFC3D507069A404F7345F2DEF67.d.8EEA137A0F5B37A54DF5C37C2BF0D987.e.5571"}]}
RESULT: {"script":"<script> [8489 bytes]","args":[{"element-6066-11e4-a52e-4f735466cecf":"f.936FEEFC3D507069A404F7345F2DEF67.d.8EEA137A0F5B37A54DF5C37C2BF0D987.e.5571","ELEMENT":"f.936FEEFC3D507069A404F7345F2DEF67.d.8EEA137A0F5B37A54DF5C37C2BF0D987.e.5571"}]}
COMMAND: POST /session/9a6d02befdf50e53554cb3562a200a44/element - {"using":"css selector","value":"#shell-header-logo"}
COMMAND: GET /session/9a6d02befdf50e53554cb3562a200a44/screenshot - {}
RESULT: {"using":"css selector","value":"#shell-header-logo"}
COMMAND: POST /session/9a6d02befdf50e53554cb3562a200a44/execute/sync - {"script":"<script> [8489 bytes]","args":[{"element-6066-11e4-a52e-4f735466cecf":"f.936FEEFC3D507069A404F7345F2DEF67.d.8EEA137A0F5B37A54DF5C37C2BF0D987.e.5571","ELEMENT":"f.936FEEFC3D507069A404F7345F2DEF67.d.8EEA137A0F5B37A54DF5C37C2BF0D987.e.5571"}]}
RESULT: {}
RESULT: {"script":"<script> [8489 bytes]","args":[{"element-6066-11e4-a52e-4f735466cecf":"f.936FEEFC3D507069A404F7345F2DEF67.d.8EEA137A0F5B37A54DF5C37C2BF0D987.e.5571","ELEMENT":"f.936FEEFC3D507069A404F7345F2DEF67.d.8EEA137A0F5B37A54DF5C37C2BF0D987.e.5571"}]}
COMMAND: POST /session/9a6d02befdf50e53554cb3562a200a44/execute/sync - {"script":"<script> [5351 bytes]","args":[{"element-6066-11e4-a52e-4f735466cecf":"f.936FEEFC3D507069A404F7345F2DEF67.d.8EEA137A0F5B37A54DF5C37C2BF0D987.e.5571","ELEMENT":"f.936FEEFC3D507069A404F7345F2DEF67.d.8EEA137A0F5B37A54DF5C37C2BF0D987.e.5571"}]}
COMMAND: GET /session/9a6d02befdf50e53554cb3562a200a44/screenshot - {}
RESULT: {"script":"<script> [5351 bytes]","args":[{"element-6066-11e4-a52e-4f735466cecf":"f.936FEEFC3D507069A404F7345F2DEF67.d.8EEA137A0F5B37A54DF5C37C2BF0D987.e.5571","ELEMENT":"f.936FEEFC3D507069A404F7345F2DEF67.d.8EEA137A0F5B37A54DF5C37C2BF0D987.e.5571"}]}
COMMAND: POST /session/9a6d02befdf50e53554cb3562a200a44/element - {"using":"css selector","value":"#shell-header-logo"}
COMMAND: GET /session/9a6d02befdf50e53554cb3562a200a44/screenshot - {}
RESULT: {}
RESULT: {"using":"css selector","value":"#shell-header-logo"}
COMMAND: POST /session/9a6d02befdf50e53554cb3562a200a44/element/f.936FEEFC3D507069A404F7345F2DEF67.d.8EEA137A0F5B37A54DF5C37C2BF0D987.e.5571/click - {}
RESULT: {}
RESULT: {}
COMMAND: GET /session/9a6d02befdf50e53554cb3562a200a44/screenshot - {}
RESULT: {}
COMMAND: POST /session/9a6d02befdf50e53554cb3562a200a44/execute/async - {"script":"<script> [189 bytes]","args":[]}
RESULT: {"script":"<script> [189 bytes]","args":[]}
COMMAND: POST /session/9a6d02befdf50e53554cb3562a200a44/execute/async - {"script":"<script> [123 bytes]","args":[]}
RESULT: {"script":"<script> [123 bytes]","args":[]}
COMMAND: POST /session/9a6d02befdf50e53554cb3562a200a44/timeouts - {"script":"<number>"}
RESULT: {"script":"<number>"}
COMMAND: GET /session/9a6d02befdf50e53554cb3562a200a44/timeouts - {}
RESULT: {}
RESULT: undefined
COMMAND: POST /session/9a6d02befdf50e53554cb3562a200a44/execute/async - {"script":"<script> [2676 bytes]","args":[]}
RESULT: {"script":"<script> [2676 bytes]","args":[]}
COMMAND: POST /session/9a6d02befdf50e53554cb3562a200a44/execute/async - {"script":"<script> [2342 bytes]","args":[{"protocol":"http","hostname":"0.0.0.0","path":"/","capabilities":{"browserName":"chrome","goog:chromeOptions":{"binary":"C:\\Program Files\\Google\\Chrome\\Application\\chrome.exe","args":["--start-maximized"]}},"logLevel":"warn","connectionRetryTimeout":120000,"connectionRetryCount":3,"logLevels":{},"enableDirectConnect":true,"strictSSL":true,"_":"65 more keys: [\"cacheDir\",\"port\",\"requestedCapabilities\",\"automationProtocol\",\"baseUrl\",\"waitforInterval\",\"waitforTimeout\",\"onReload\",\"beforeCommand\",\"afterCommand\",\"rootDir\",\"specs\",\"suites\",\"exclude\",\"groupLogsByTestSpec\",\"excludeDriverLogs\",\"bail\",\"framework\",\"reporters\",\"services\",\"maxInstances\",\"maxInstancesPerCapability\",\"injectGlobals\",\"filesToWatch\",\"execArgv\",\"runnerEnv\",\"runner\",\"shard\",\"specFileRetries\",\"specFileRetriesDelay\",\"specFileRetriesDeferred\",\"reporterSyncInterval\",\"reporterSyncTimeout\",\"cucumberFeaturesWithLineNumbers\",\"autoCompileOpts\",\"mochaOpts\",\"jasmineOpts\",\"cucumberOpts\",\"onPrepare\",\"onWorkerStart\",\"onWorkerEnd\",\"before\",\"beforeSession\",\"beforeSuite\",\"beforeHook\",\"beforeTest\",\"afterTest\",\"afterHook\",\"afterSuite\",\"afterSession\",\"after\",\"onComplete\",\"beforeAssertion\",\"afterAssertion\",\"beforeFeature\",\"beforeScenario\",\"beforeStep\",\"afterStep\",\"afterScenario\",\"afterFeature\",\"_\",\"suite\",\"$0\",\"ignoredWorkerServices\",\"wdi5\"]"}]}
RESULT: {"script":"<script> [2342 bytes]","args":[{"protocol":"http","hostname":"0.0.0.0","path":"/","capabilities":{"browserName":"chrome","goog:chromeOptions":{"binary":"C:\\Program Files\\Google\\Chrome\\Application\\chrome.exe","args":["--start-maximized"]}},"logLevel":"warn","connectionRetryTimeout":120000,"connectionRetryCount":3,"logLevels":{},"enableDirectConnect":true,"strictSSL":true,"_":"65 more keys: [\"cacheDir\",\"port\",\"requestedCapabilities\",\"automationProtocol\",\"baseUrl\",\"waitforInterval\",\"waitforTimeout\",\"onReload\",\"beforeCommand\",\"afterCommand\",\"rootDir\",\"specs\",\"suites\",\"exclude\",\"groupLogsByTestSpec\",\"excludeDriverLogs\",\"bail\",\"framework\",\"reporters\",\"services\",\"maxInstances\",\"maxInstancesPerCapability\",\"injectGlobals\",\"filesToWatch\",\"execArgv\",\"runnerEnv\",\"runner\",\"shard\",\"specFileRetries\",\"specFileRetriesDelay\",\"specFileRetriesDeferred\",\"reporterSyncInterval\",\"reporterSyncTimeout\",\"cucumberFeaturesWithLineNumbers\",\"autoCompileOpts\",\"mochaOpts\",\"jasmineOpts\",\"cucumberOpts\",\"onPrepare\",\"onWorkerStart\",\"onWorkerEnd\",\"before\",\"beforeSession\",\"beforeSuite\",\"beforeHook\",\"beforeTest\",\"afterTest\",\"afterHook\",\"afterSuite\",\"afterSession\",\"after\",\"onComplete\",\"beforeAssertion\",\"afterAssertion\",\"beforeFeature\",\"beforeScenario\",\"beforeStep\",\"afterStep\",\"afterScenario\",\"afterFeature\",\"_\",\"suite\",\"$0\",\"ignoredWorkerServices\",\"wdi5\"]"}]}
COMMAND: POST /session/9a6d02befdf50e53554cb3562a200a44/execute/async - {"script":"<script> [21126 bytes]","args":[35000]}
RESULT: {"script":"<script> [21126 bytes]","args":[35000]}
COMMAND: POST /session/9a6d02befdf50e53554cb3562a200a44/window/maximize - {}
RESULT: {}
COMMAND: POST /session/9a6d02befdf50e53554cb3562a200a44/execute/async - {"script":"<script> [1562 bytes]","args":[{"selector":{"id":"shell-header","interaction":{"idSuffix":"icon"}},"wdio_ui5_key":"shellheader"}]}
COMMAND: GET /session/9a6d02befdf50e53554cb3562a200a44/screenshot - {}
RESULT: undefined
RESULT: {"script":"<script> [1562 bytes]","args":[{"selector":{"id":"shell-header","interaction":{"idSuffix":"icon"}},"wdio_ui5_key":"shellheader"}]}
RESULT: undefined
COMMAND: POST /session/9a6d02befdf50e53554cb3562a200a44/refresh - {}
RESULT: {}
RESULT: undefined
RESULT: {}
COMMAND: GET /session/9a6d02befdf50e53554cb3562a200a44/screenshot - {}
RESULT: {}
COMMAND: POST /session/9a6d02befdf50e53554cb3562a200a44/refresh - {}
RESULT: {}
COMMAND: GET /session/9a6d02befdf50e53554cb3562a200a44/screenshot - {}
RESULT: {}
COMMAND: POST /session/9a6d02befdf50e53554cb3562a200a44/window/fullscreen - {}
RESULT: {}
COMMAND: POST /session/9a6d02befdf50e53554cb3562a200a44/execute/async - {"script":"<script> [189 bytes]","args":[]}
RESULT: {"script":"<script> [189 bytes]","args":[]}
COMMAND: POST /session/9a6d02befdf50e53554cb3562a200a44/execute/async - {"script":"<script> [123 bytes]","args":[]}
RESULT: {"script":"<script> [123 bytes]","args":[]}
COMMAND: POST /session/9a6d02befdf50e53554cb3562a200a44/timeouts - {"script":"<number>"}
RESULT: {"script":"<number>"}
COMMAND: GET /session/9a6d02befdf50e53554cb3562a200a44/timeouts - {}
RESULT: {}
RESULT: undefined
COMMAND: POST /session/9a6d02befdf50e53554cb3562a200a44/execute/async - {"script":"<script> [2676 bytes]","args":[]}
RESULT: {"script":"<script> [2676 bytes]","args":[]}
COMMAND: POST /session/9a6d02befdf50e53554cb3562a200a44/execute/async - {"script":"<script> [2342 bytes]","args":[{"protocol":"http","hostname":"0.0.0.0","path":"/","capabilities":{"browserName":"chrome","goog:chromeOptions":{"binary":"C:\\Program Files\\Google\\Chrome\\Application\\chrome.exe","args":["--start-maximized"]}},"logLevel":"warn","connectionRetryTimeout":120000,"connectionRetryCount":3,"logLevels":{},"enableDirectConnect":true,"strictSSL":true,"_":"65 more keys: [\"cacheDir\",\"port\",\"requestedCapabilities\",\"automationProtocol\",\"baseUrl\",\"waitforInterval\",\"waitforTimeout\",\"onReload\",\"beforeCommand\",\"afterCommand\",\"rootDir\",\"specs\",\"suites\",\"exclude\",\"groupLogsByTestSpec\",\"excludeDriverLogs\",\"bail\",\"framework\",\"reporters\",\"services\",\"maxInstances\",\"maxInstancesPerCapability\",\"injectGlobals\",\"filesToWatch\",\"execArgv\",\"runnerEnv\",\"runner\",\"shard\",\"specFileRetries\",\"specFileRetriesDelay\",\"specFileRetriesDeferred\",\"reporterSyncInterval\",\"reporterSyncTimeout\",\"cucumberFeaturesWithLineNumbers\",\"autoCompileOpts\",\"mochaOpts\",\"jasmineOpts\",\"cucumberOpts\",\"onPrepare\",\"onWorkerStart\",\"onWorkerEnd\",\"before\",\"beforeSession\",\"beforeSuite\",\"beforeHook\",\"beforeTest\",\"afterTest\",\"afterHook\",\"afterSuite\",\"afterSession\",\"after\",\"onComplete\",\"beforeAssertion\",\"afterAssertion\",\"beforeFeature\",\"beforeScenario\",\"beforeStep\",\"afterStep\",\"afterScenario\",\"afterFeature\",\"_\",\"suite\",\"$0\",\"ignoredWorkerServices\",\"wdi5\"]"}]}
RESULT: {"script":"<script> [2342 bytes]","args":[{"protocol":"http","hostname":"0.0.0.0","path":"/","capabilities":{"browserName":"chrome","goog:chromeOptions":{"binary":"C:\\Program Files\\Google\\Chrome\\Application\\chrome.exe","args":["--start-maximized"]}},"logLevel":"warn","connectionRetryTimeout":120000,"connectionRetryCount":3,"logLevels":{},"enableDirectConnect":true,"strictSSL":true,"_":"65 more keys: [\"cacheDir\",\"port\",\"requestedCapabilities\",\"automationProtocol\",\"baseUrl\",\"waitforInterval\",\"waitforTimeout\",\"onReload\",\"beforeCommand\",\"afterCommand\",\"rootDir\",\"specs\",\"suites\",\"exclude\",\"groupLogsByTestSpec\",\"excludeDriverLogs\",\"bail\",\"framework\",\"reporters\",\"services\",\"maxInstances\",\"maxInstancesPerCapability\",\"injectGlobals\",\"filesToWatch\",\"execArgv\",\"runnerEnv\",\"runner\",\"shard\",\"specFileRetries\",\"specFileRetriesDelay\",\"specFileRetriesDeferred\",\"reporterSyncInterval\",\"reporterSyncTimeout\",\"cucumberFeaturesWithLineNumbers\",\"autoCompileOpts\",\"mochaOpts\",\"jasmineOpts\",\"cucumberOpts\",\"onPrepare\",\"onWorkerStart\",\"onWorkerEnd\",\"before\",\"beforeSession\",\"beforeSuite\",\"beforeHook\",\"beforeTest\",\"afterTest\",\"afterHook\",\"afterSuite\",\"afterSession\",\"after\",\"onComplete\",\"beforeAssertion\",\"afterAssertion\",\"beforeFeature\",\"beforeScenario\",\"beforeStep\",\"afterStep\",\"afterScenario\",\"afterFeature\",\"_\",\"suite\",\"$0\",\"ignoredWorkerServices\",\"wdi5\"]"}]}
COMMAND: POST /session/9a6d02befdf50e53554cb3562a200a44/execute/async - {"script":"<script> [21126 bytes]","args":[35000]}
RESULT: {"script":"<script> [21126 bytes]","args":[35000]}
COMMAND: POST /session/9a6d02befdf50e53554cb3562a200a44/window/fullscreen - {}
RESULT: {}
]]></system-out>
    </testcase>
  </testsuite>
  <testsuite timestamp="2025-06-14T16:47:29" time="419.209" tests="6" failures="0" errors="0" skipped="0">
    <properties>
      <property name="specId" value="0"/>
      <property name="suiteName" value="Yard Overview Autoplanning US130989"/>
      <property name="capabilities" value="chrome.137_0_7151_69.windows"/>
      <property name="file" value="file:///D:/a/1/s/test/specs/HTR/yard-overview-autoplanning.spec.js"/>
    </properties>
    <testcase classname="chrome.137_0_7151_69.windows.Yard_Overview_Autoplanning_US130989" name="Prereq Should create a new yard used for all following tests" time="0.014">
      <system-out><![CDATA[
COMMAND: POST /session/9a6d02befdf50e53554cb3562a200a44/window/fullscreen - {}
RESULT: {}
]]></system-out>
    </testcase>
    <testcase classname="chrome.137_0_7151_69.windows.Yard_Overview_Autoplanning_US130989" name="Prereq Should create a new partner" time="0.003"/>
    <testcase classname="chrome.137_0_7151_69.windows.Yard_Overview_Autoplanning_US130989" name="Prereq Should create a new site" time="0.002"/>
    <testcase classname="chrome.137_0_7151_69.windows.Yard_Overview_Autoplanning_US130989" name="Prereq Should create a new material with catalog selection" time="125.946">
      <system-out><![CDATA[
COMMAND: POST /session/9a6d02befdf50e53554cb3562a200a44/execute/async - {"script":"<script> [1562 bytes]","args":[{"selector":{"controlType":"sap.m.GenericTile","properties":{"header":"Manage Resources"}},"wdio_ui5_key":"sapm.GenericTile{\"header\":\"Manage Resources\"}"}]}
RESULT: {"script":"<script> [1562 bytes]","args":[{"selector":{"controlType":"sap.m.GenericTile","properties":{"header":"Manage Resources"}},"wdio_ui5_key":"sapm.GenericTile{\"header\":\"Manage Resources\"}"}]}
RESULT: undefined
COMMAND: POST /session/9a6d02befdf50e53554cb3562a200a44/element - {"using":"xpath","value":"//*[@id=\"__tile40\"]"}
RESULT: {"using":"xpath","value":"//*[@id=\"__tile40\"]"}
COMMAND: POST /session/9a6d02befdf50e53554cb3562a200a44/element/f.936FEEFC3D507069A404F7345F2DEF67.d.20BEA90D8B0F4B69E7A5FC68D44F5ABA.e.5728/click - {}
RESULT: {}
COMMAND: GET /session/9a6d02befdf50e53554cb3562a200a44/screenshot - {}
RESULT: {}
COMMAND: POST /session/9a6d02befdf50e53554cb3562a200a44/elements - {"using":"xpath","value":"//span[text()='Error']"}
RESULT: {"using":"xpath","value":"//span[text()='Error']"}
COMMAND: POST /session/9a6d02befdf50e53554cb3562a200a44/element - {"using":"xpath","value":"//button[@data-kt=\"addNewRUOverflowToolbarButton\"]"}
RESULT: {"using":"xpath","value":"//button[@data-kt=\"addNewRUOverflowToolbarButton\"]"}
COMMAND: POST /session/9a6d02befdf50e53554cb3562a200a44/elements - {"using":"xpath","value":"//button[@data-kt=\"addNewRUOverflowToolbarButton\"]"}
RESULT: {"using":"xpath","value":"//button[@data-kt=\"addNewRUOverflowToolbarButton\"]"}
COMMAND: POST /session/9a6d02befdf50e53554cb3562a200a44/elements - {"using":"xpath","value":"//button[@data-kt=\"addNewRUOverflowToolbarButton\"]"}
RESULT: {"using":"xpath","value":"//button[@data-kt=\"addNewRUOverflowToolbarButton\"]"}
COMMAND: POST /session/9a6d02befdf50e53554cb3562a200a44/elements - {"using":"xpath","value":"//button[@data-kt=\"addNewRUOverflowToolbarButton\"]"}
RESULT: {"using":"xpath","value":"//button[@data-kt=\"addNewRUOverflowToolbarButton\"]"}
COMMAND: POST /session/9a6d02befdf50e53554cb3562a200a44/elements - {"using":"xpath","value":"//button[@data-kt=\"addNewRUOverflowToolbarButton\"]"}
RESULT: {"using":"xpath","value":"//button[@data-kt=\"addNewRUOverflowToolbarButton\"]"}
COMMAND: POST /session/9a6d02befdf50e53554cb3562a200a44/elements - {"using":"xpath","value":"//button[@data-kt=\"addNewRUOverflowToolbarButton\"]"}
RESULT: {"using":"xpath","value":"//button[@data-kt=\"addNewRUOverflowToolbarButton\"]"}
COMMAND: POST /session/9a6d02befdf50e53554cb3562a200a44/elements - {"using":"xpath","value":"//button[@data-kt=\"addNewRUOverflowToolbarButton\"]"}
RESULT: {"using":"xpath","value":"//button[@data-kt=\"addNewRUOverflowToolbarButton\"]"}
COMMAND: POST /session/9a6d02befdf50e53554cb3562a200a44/elements - {"using":"xpath","value":"//button[@data-kt=\"addNewRUOverflowToolbarButton\"]"}
RESULT: {"using":"xpath","value":"//button[@data-kt=\"addNewRUOverflowToolbarButton\"]"}
COMMAND: POST /session/9a6d02befdf50e53554cb3562a200a44/elements - {"using":"xpath","value":"//button[@data-kt=\"addNewRUOverflowToolbarButton\"]"}
RESULT: {"using":"xpath","value":"//button[@data-kt=\"addNewRUOverflowToolbarButton\"]"}
COMMAND: POST /session/9a6d02befdf50e53554cb3562a200a44/elements - {"using":"xpath","value":"//button[@data-kt=\"addNewRUOverflowToolbarButton\"]"}
RESULT: {"using":"xpath","value":"//button[@data-kt=\"addNewRUOverflowToolbarButton\"]"}
COMMAND: POST /session/9a6d02befdf50e53554cb3562a200a44/elements - {"using":"xpath","value":"//button[@data-kt=\"addNewRUOverflowToolbarButton\"]"}
RESULT: {"using":"xpath","value":"//button[@data-kt=\"addNewRUOverflowToolbarButton\"]"}
COMMAND: POST /session/9a6d02befdf50e53554cb3562a200a44/elements - {"using":"xpath","value":"//button[@data-kt=\"addNewRUOverflowToolbarButton\"]"}
RESULT: {"using":"xpath","value":"//button[@data-kt=\"addNewRUOverflowToolbarButton\"]"}
COMMAND: POST /session/9a6d02befdf50e53554cb3562a200a44/elements - {"using":"xpath","value":"//button[@data-kt=\"addNewRUOverflowToolbarButton\"]"}
RESULT: {"using":"xpath","value":"//button[@data-kt=\"addNewRUOverflowToolbarButton\"]"}
COMMAND: POST /session/9a6d02befdf50e53554cb3562a200a44/elements - {"using":"xpath","value":"//button[@data-kt=\"addNewRUOverflowToolbarButton\"]"}
RESULT: {"using":"xpath","value":"//button[@data-kt=\"addNewRUOverflowToolbarButton\"]"}
COMMAND: POST /session/9a6d02befdf50e53554cb3562a200a44/elements - {"using":"xpath","value":"//button[@data-kt=\"addNewRUOverflowToolbarButton\"]"}
RESULT: {"using":"xpath","value":"//button[@data-kt=\"addNewRUOverflowToolbarButton\"]"}
COMMAND: POST /session/9a6d02befdf50e53554cb3562a200a44/elements - {"using":"xpath","value":"//button[@data-kt=\"addNewRUOverflowToolbarButton\"]"}
RESULT: {"using":"xpath","value":"//button[@data-kt=\"addNewRUOverflowToolbarButton\"]"}
COMMAND: POST /session/9a6d02befdf50e53554cb3562a200a44/elements - {"using":"xpath","value":"//button[@data-kt=\"addNewRUOverflowToolbarButton\"]"}
RESULT: {"using":"xpath","value":"//button[@data-kt=\"addNewRUOverflowToolbarButton\"]"}
COMMAND: POST /session/9a6d02befdf50e53554cb3562a200a44/elements - {"using":"xpath","value":"//button[@data-kt=\"addNewRUOverflowToolbarButton\"]"}
RESULT: {"using":"xpath","value":"//button[@data-kt=\"addNewRUOverflowToolbarButton\"]"}
COMMAND: POST /session/9a6d02befdf50e53554cb3562a200a44/elements - {"using":"xpath","value":"//button[@data-kt=\"addNewRUOverflowToolbarButton\"]"}
RESULT: {"using":"xpath","value":"//button[@data-kt=\"addNewRUOverflowToolbarButton\"]"}
COMMAND: POST /session/9a6d02befdf50e53554cb3562a200a44/elements - {"using":"xpath","value":"//button[@data-kt=\"addNewRUOverflowToolbarButton\"]"}
RESULT: {"using":"xpath","value":"//button[@data-kt=\"addNewRUOverflowToolbarButton\"]"}
COMMAND: POST /session/9a6d02befdf50e53554cb3562a200a44/elements - {"using":"xpath","value":"//button[@data-kt=\"addNewRUOverflowToolbarButton\"]"}
RESULT: {"using":"xpath","value":"//button[@data-kt=\"addNewRUOverflowToolbarButton\"]"}
COMMAND: POST /session/9a6d02befdf50e53554cb3562a200a44/element - {"using":"xpath","value":"//button[@data-kt=\"addNewRUOverflowToolbarButton\"]"}
RESULT: {"using":"xpath","value":"//button[@data-kt=\"addNewRUOverflowToolbarButton\"]"}
COMMAND: POST /session/9a6d02befdf50e53554cb3562a200a44/execute/sync - {"script":"<script> [8489 bytes]","args":[{"element-6066-11e4-a52e-4f735466cecf":"f.936FEEFC3D507069A404F7345F2DEF67.d.20BEA90D8B0F4B69E7A5FC68D44F5ABA.e.5872","ELEMENT":"f.936FEEFC3D507069A404F7345F2DEF67.d.20BEA90D8B0F4B69E7A5FC68D44F5ABA.e.5872"}]}
RESULT: {"script":"<script> [8489 bytes]","args":[{"element-6066-11e4-a52e-4f735466cecf":"f.936FEEFC3D507069A404F7345F2DEF67.d.20BEA90D8B0F4B69E7A5FC68D44F5ABA.e.5872","ELEMENT":"f.936FEEFC3D507069A404F7345F2DEF67.d.20BEA90D8B0F4B69E7A5FC68D44F5ABA.e.5872"}]}
COMMAND: GET /session/9a6d02befdf50e53554cb3562a200a44/element/f.936FEEFC3D507069A404F7345F2DEF67.d.20BEA90D8B0F4B69E7A5FC68D44F5ABA.e.5872/enabled - {}
COMMAND: GET /session/9a6d02befdf50e53554cb3562a200a44/screenshot - {}
RESULT: {}
COMMAND: POST /session/9a6d02befdf50e53554cb3562a200a44/execute/sync - {"script":"<script> [8489 bytes]","args":[{"element-6066-11e4-a52e-4f735466cecf":"f.936FEEFC3D507069A404F7345F2DEF67.d.20BEA90D8B0F4B69E7A5FC68D44F5ABA.e.5872","ELEMENT":"f.936FEEFC3D507069A404F7345F2DEF67.d.20BEA90D8B0F4B69E7A5FC68D44F5ABA.e.5872"}]}
COMMAND: GET /session/9a6d02befdf50e53554cb3562a200a44/screenshot - {}
RESULT: {}
RESULT: {"script":"<script> [8489 bytes]","args":[{"element-6066-11e4-a52e-4f735466cecf":"f.936FEEFC3D507069A404F7345F2DEF67.d.20BEA90D8B0F4B69E7A5FC68D44F5ABA.e.5872","ELEMENT":"f.936FEEFC3D507069A404F7345F2DEF67.d.20BEA90D8B0F4B69E7A5FC68D44F5ABA.e.5872"}]}
COMMAND: POST /session/9a6d02befdf50e53554cb3562a200a44/execute/sync - {"script":"<script> [5351 bytes]","args":[{"element-6066-11e4-a52e-4f735466cecf":"f.936FEEFC3D507069A404F7345F2DEF67.d.20BEA90D8B0F4B69E7A5FC68D44F5ABA.e.5872","ELEMENT":"f.936FEEFC3D507069A404F7345F2DEF67.d.20BEA90D8B0F4B69E7A5FC68D44F5ABA.e.5872"}]}
COMMAND: GET /session/9a6d02befdf50e53554cb3562a200a44/screenshot - {}
RESULT: {}
RESULT: {"script":"<script> [5351 bytes]","args":[{"element-6066-11e4-a52e-4f735466cecf":"f.936FEEFC3D507069A404F7345F2DEF67.d.20BEA90D8B0F4B69E7A5FC68D44F5ABA.e.5872","ELEMENT":"f.936FEEFC3D507069A404F7345F2DEF67.d.20BEA90D8B0F4B69E7A5FC68D44F5ABA.e.5872"}]}
COMMAND: POST /session/9a6d02befdf50e53554cb3562a200a44/element/f.936FEEFC3D507069A404F7345F2DEF67.d.20BEA90D8B0F4B69E7A5FC68D44F5ABA.e.5872/click - {}
COMMAND: GET /session/9a6d02befdf50e53554cb3562a200a44/screenshot - {}
RESULT: {}
RESULT: {}
COMMAND: GET /session/9a6d02befdf50e53554cb3562a200a44/screenshot - {}
RESULT: {}
COMMAND: POST /session/9a6d02befdf50e53554cb3562a200a44/execute/async - {"script":"<script> [1562 bytes]","args":[{"selector":{"id":"application-manageresources-display-component---newResourceUnit--TYPE-arrow"},"wdio_ui5_key":"applicationmanageresources-display-component---newResourceUnit--TYPE-arrow"}]}
RESULT: {}
RESULT: {"script":"<script> [1562 bytes]","args":[{"selector":{"id":"application-manageresources-display-component---newResourceUnit--TYPE-arrow"},"wdio_ui5_key":"applicationmanageresources-display-component---newResourceUnit--TYPE-arrow"}]}
RESULT: undefined
COMMAND: POST /session/9a6d02befdf50e53554cb3562a200a44/element - {"using":"xpath","value":"//*[@id=\"application-manageresources-display-component---newResourceUnit--TYPE-arrow\"]"}
RESULT: {"using":"xpath","value":"//*[@id=\"application-manageresources-display-component---newResourceUnit--TYPE-arrow\"]"}
COMMAND: POST /session/9a6d02befdf50e53554cb3562a200a44/element/f.936FEEFC3D507069A404F7345F2DEF67.d.20BEA90D8B0F4B69E7A5FC68D44F5ABA.e.6232/click - {}
RESULT: {}
COMMAND: POST /session/9a6d02befdf50e53554cb3562a200a44/element - {"using":"xpath","value":"//input[@id=\"application-manageresources-display-component---newResourceUnit--TYPE-inner\"]"}
COMMAND: GET /session/9a6d02befdf50e53554cb3562a200a44/screenshot - {}
RESULT: {"using":"xpath","value":"//input[@id=\"application-manageresources-display-component---newResourceUnit--TYPE-inner\"]"}
COMMAND: POST /session/9a6d02befdf50e53554cb3562a200a44/element/f.936FEEFC3D507069A404F7345F2DEF67.d.20BEA90D8B0F4B69E7A5FC68D44F5ABA.e.6226/clear - {}
RESULT: {}
RESULT: {}
COMMAND: POST /session/9a6d02befdf50e53554cb3562a200a44/element/f.936FEEFC3D507069A404F7345F2DEF67.d.20BEA90D8B0F4B69E7A5FC68D44F5ABA.e.6226/value - {"text":"Material"}
COMMAND: GET /session/9a6d02befdf50e53554cb3562a200a44/screenshot - {}
RESULT: {"text":"Material"}
COMMAND: GET /session/9a6d02befdf50e53554cb3562a200a44/screenshot - {}
RESULT: {}
RESULT: {}
COMMAND: POST /session/9a6d02befdf50e53554cb3562a200a44/actions - {"actions":[{"id":"action16","type":"key","parameters":{},"actions":[{"type":"keyDown","value":""},{"type":"pause","duration":10},{"type":"keyUp","value":""}]}]}
RESULT: undefined
RESULT: {"actions":[{"id":"action16","type":"key","parameters":{},"actions":[{"type":"keyDown","value":""},{"type":"pause","duration":10},{"type":"keyUp","value":""}]}]}
COMMAND: POST /session/9a6d02befdf50e53554cb3562a200a44/execute/async - {"script":"<script> [1562 bytes]","args":[{"selector":{"id":"application-manageresources-display-component---newResourceUnit--SHORT_TEXT","interaction":{"idSuffix":"inner"}},"wdio_ui5_key":"applicationmanageresources-display-component---newResourceUnit--SHORT_TEXT"}]}
RESULT: undefined
COMMAND: GET /session/9a6d02befdf50e53554cb3562a200a44/screenshot - {}
RESULT: {"script":"<script> [1562 bytes]","args":[{"selector":{"id":"application-manageresources-display-component---newResourceUnit--SHORT_TEXT","interaction":{"idSuffix":"inner"}},"wdio_ui5_key":"applicationmanageresources-display-component---newResourceUnit--SHORT_TEXT"}]}
RESULT: undefined
COMMAND: POST /session/9a6d02befdf50e53554cb3562a200a44/execute/async - {"script":"<script> [776 bytes]","args":[{"enterText":"Cement WDIO","selector":{"id":"application-manageresources-display-component---newResourceUnit--SHORT_TEXT","interaction":{"idSuffix":"inner"}},"clearTextFirst":true,"interactionType":"ENTER_TEXT"}]}
RESULT: {}
RESULT: {"script":"<script> [776 bytes]","args":[{"enterText":"Cement WDIO","selector":{"id":"application-manageresources-display-component---newResourceUnit--SHORT_TEXT","interaction":{"idSuffix":"inner"}},"clearTextFirst":true,"interactionType":"ENTER_TEXT"}]}
COMMAND: POST /session/9a6d02befdf50e53554cb3562a200a44/execute/async - {"script":"<script> [1562 bytes]","args":[{"selector":{"id":"application-manageresources-display-component---newResourceUnit--BASE_UNIT_OF_MEASURE","interaction":{"idSuffix":"inner"}},"wdio_ui5_key":"applicationmanageresources-display-component---newResourceUnit--BASE_UNIT_OF_MEASURE"}]}
RESULT: {"script":"<script> [1562 bytes]","args":[{"selector":{"id":"application-manageresources-display-component---newResourceUnit--BASE_UNIT_OF_MEASURE","interaction":{"idSuffix":"inner"}},"wdio_ui5_key":"applicationmanageresources-display-component---newResourceUnit--BASE_UNIT_OF_MEASURE"}]}
RESULT: undefined
COMMAND: POST /session/9a6d02befdf50e53554cb3562a200a44/execute/async - {"script":"<script> [776 bytes]","args":[{"enterText":"Piece","selector":{"id":"application-manageresources-display-component---newResourceUnit--BASE_UNIT_OF_MEASURE","interaction":{"idSuffix":"inner"}},"clearTextFirst":true,"interactionType":"ENTER_TEXT"}]}
RESULT: {"script":"<script> [776 bytes]","args":[{"enterText":"Piece","selector":{"id":"application-manageresources-display-component---newResourceUnit--BASE_UNIT_OF_MEASURE","interaction":{"idSuffix":"inner"}},"clearTextFirst":true,"interactionType":"ENTER_TEXT"}]}
COMMAND: POST /session/9a6d02befdf50e53554cb3562a200a44/execute/async - {"script":"<script> [1562 bytes]","args":[{"selector":{"id":"application-manageresources-display-component---newResourceUnit--WEIGHT_UNIT","interaction":{"idSuffix":"inner"}},"wdio_ui5_key":"applicationmanageresources-display-component---newResourceUnit--WEIGHT_UNIT"}]}
RESULT: {"script":"<script> [1562 bytes]","args":[{"selector":{"id":"application-manageresources-display-component---newResourceUnit--WEIGHT_UNIT","interaction":{"idSuffix":"inner"}},"wdio_ui5_key":"applicationmanageresources-display-component---newResourceUnit--WEIGHT_UNIT"}]}
RESULT: undefined
COMMAND: POST /session/9a6d02befdf50e53554cb3562a200a44/execute/async - {"script":"<script> [776 bytes]","args":[{"enterText":"Gram","selector":{"id":"application-manageresources-display-component---newResourceUnit--WEIGHT_UNIT","interaction":{"idSuffix":"inner"}},"clearTextFirst":true,"interactionType":"ENTER_TEXT"}]}
RESULT: {"script":"<script> [776 bytes]","args":[{"enterText":"Gram","selector":{"id":"application-manageresources-display-component---newResourceUnit--WEIGHT_UNIT","interaction":{"idSuffix":"inner"}},"clearTextFirst":true,"interactionType":"ENTER_TEXT"}]}
COMMAND: POST /session/9a6d02befdf50e53554cb3562a200a44/execute/async - {"script":"<script> [1562 bytes]","args":[{"selector":{"id":"application-manageresources-display-component---newResourceUnit--DIMENSION_UNIT","interaction":{"idSuffix":"inner"}},"wdio_ui5_key":"applicationmanageresources-display-component---newResourceUnit--DIMENSION_UNIT"}]}
RESULT: {"script":"<script> [1562 bytes]","args":[{"selector":{"id":"application-manageresources-display-component---newResourceUnit--DIMENSION_UNIT","interaction":{"idSuffix":"inner"}},"wdio_ui5_key":"applicationmanageresources-display-component---newResourceUnit--DIMENSION_UNIT"}]}
RESULT: undefined
COMMAND: POST /session/9a6d02befdf50e53554cb3562a200a44/execute/async - {"script":"<script> [776 bytes]","args":[{"enterText":"Meter","selector":{"id":"application-manageresources-display-component---newResourceUnit--DIMENSION_UNIT","interaction":{"idSuffix":"inner"}},"clearTextFirst":true,"interactionType":"ENTER_TEXT"}]}
RESULT: {"script":"<script> [776 bytes]","args":[{"enterText":"Meter","selector":{"id":"application-manageresources-display-component---newResourceUnit--DIMENSION_UNIT","interaction":{"idSuffix":"inner"}},"clearTextFirst":true,"interactionType":"ENTER_TEXT"}]}
COMMAND: POST /session/9a6d02befdf50e53554cb3562a200a44/execute/async - {"script":"<script> [1562 bytes]","args":[{"selector":{"id":"application-manageresources-display-component---newResourceUnit--newRRUPage-anchBar-application-manageresources-display-component---newResourceUnit--control-anchor","interaction":{"idSuffix":"BDI-content"}},"wdio_ui5_key":"applicationmanageresources-display-component---newResourceUnit--newRRUPage-anchBar-application-manageresources-display-component---newResourceUnit--control-anchor"}]}
RESULT: {"script":"<script> [1562 bytes]","args":[{"selector":{"id":"application-manageresources-display-component---newResourceUnit--newRRUPage-anchBar-application-manageresources-display-component---newResourceUnit--control-anchor","interaction":{"idSuffix":"BDI-content"}},"wdio_ui5_key":"applicationmanageresources-display-component---newResourceUnit--newRRUPage-anchBar-application-manageresources-display-component---newResourceUnit--control-anchor"}]}
RESULT: undefined
COMMAND: POST /session/9a6d02befdf50e53554cb3562a200a44/element - {"using":"xpath","value":"//*[@id=\"application-manageresources-display-component---newResourceUnit--newRRUPage-anchBar-application-manageresources-display-component---newResourceUnit--control-anchor\"]"}
RESULT: {"using":"xpath","value":"//*[@id=\"application-manageresources-display-component---newResourceUnit--newRRUPage-anchBar-application-manageresources-display-component---newResourceUnit--control-anchor\"]"}
COMMAND: POST /session/9a6d02befdf50e53554cb3562a200a44/element/f.936FEEFC3D507069A404F7345F2DEF67.d.20BEA90D8B0F4B69E7A5FC68D44F5ABA.e.6365/click - {}
RESULT: {}
COMMAND: POST /session/9a6d02befdf50e53554cb3562a200a44/execute/async - {"script":"<script> [1562 bytes]","args":[{"selector":{"id":"application-manageresources-display-component---newResourceUnit--PLANNING_GROUP","interaction":{"idSuffix":"inner"}},"wdio_ui5_key":"applicationmanageresources-display-component---newResourceUnit--PLANNING_GROUP"}]}
COMMAND: GET /session/9a6d02befdf50e53554cb3562a200a44/screenshot - {}
RESULT: {"script":"<script> [1562 bytes]","args":[{"selector":{"id":"application-manageresources-display-component---newResourceUnit--PLANNING_GROUP","interaction":{"idSuffix":"inner"}},"wdio_ui5_key":"applicationmanageresources-display-component---newResourceUnit--PLANNING_GROUP"}]}
RESULT: undefined
COMMAND: POST /session/9a6d02befdf50e53554cb3562a200a44/execute/async - {"script":"<script> [776 bytes]","args":[{"enterText":"Material","selector":{"id":"application-manageresources-display-component---newResourceUnit--PLANNING_GROUP","interaction":{"idSuffix":"inner"}},"clearTextFirst":true,"interactionType":"ENTER_TEXT"}]}
RESULT: {}
RESULT: {"script":"<script> [776 bytes]","args":[{"enterText":"Material","selector":{"id":"application-manageresources-display-component---newResourceUnit--PLANNING_GROUP","interaction":{"idSuffix":"inner"}},"clearTextFirst":true,"interactionType":"ENTER_TEXT"}]}
COMMAND: POST /session/9a6d02befdf50e53554cb3562a200a44/execute/async - {"script":"<script> [1562 bytes]","args":[{"selector":{"id":"application-manageresources-display-component---newResourceUnit--PLANNING_INDICATOR","interaction":{"idSuffix":"inner"}},"wdio_ui5_key":"applicationmanageresources-display-component---newResourceUnit--PLANNING_INDICATOR"}]}
RESULT: {"script":"<script> [1562 bytes]","args":[{"selector":{"id":"application-manageresources-display-component---newResourceUnit--PLANNING_INDICATOR","interaction":{"idSuffix":"inner"}},"wdio_ui5_key":"applicationmanageresources-display-component---newResourceUnit--PLANNING_INDICATOR"}]}
RESULT: undefined
COMMAND: POST /session/9a6d02befdf50e53554cb3562a200a44/execute/async - {"script":"<script> [776 bytes]","args":[{"enterText":"10 - infinite","selector":{"id":"application-manageresources-display-component---newResourceUnit--PLANNING_INDICATOR","interaction":{"idSuffix":"inner"}},"clearTextFirst":true,"interactionType":"ENTER_TEXT"}]}
RESULT: {"script":"<script> [776 bytes]","args":[{"enterText":"10 - infinite","selector":{"id":"application-manageresources-display-component---newResourceUnit--PLANNING_INDICATOR","interaction":{"idSuffix":"inner"}},"clearTextFirst":true,"interactionType":"ENTER_TEXT"}]}
COMMAND: POST /session/9a6d02befdf50e53554cb3562a200a44/element - {"using":"css selector","value":"#application-manageresources-display-component---newResourceUnit--btnAddTimeSegment"}
RESULT: {"using":"css selector","value":"#application-manageresources-display-component---newResourceUnit--btnAddTimeSegment"}
COMMAND: GET /session/9a6d02befdf50e53554cb3562a200a44/element/f.936FEEFC3D507069A404F7345F2DEF67.d.20BEA90D8B0F4B69E7A5FC68D44F5ABA.e.6373/rect - {}
RESULT: {}
COMMAND: GET /session/9a6d02befdf50e53554cb3562a200a44/window/rect - {}
RESULT: {}
COMMAND: POST /session/9a6d02befdf50e53554cb3562a200a44/execute/sync - {"script":"<script> [92 bytes]","args":[]}
RESULT: {"script":"<script> [92 bytes]","args":[]}
COMMAND: POST /session/9a6d02befdf50e53554cb3562a200a44/actions - {"actions":[{"id":"action17","type":"wheel","parameters":{},"actions":[{"type":"scroll","x":-1888,"y":-32,"deltaX":0,"deltaY":0,"duration":0,"origin":{"element-6066-11e4-a52e-4f735466cecf":"f.936FEEFC3D507069A404F7345F2DEF67.d.20BEA90D8B0F4B69E7A5FC68D44F5ABA.e.6373"}}]}]}
COMMAND: GET /session/9a6d02befdf50e53554cb3562a200a44/screenshot - {}
RESULT: {}
COMMAND: POST /session/9a6d02befdf50e53554cb3562a200a44/execute/sync - {"script":"<script> [79 bytes]","args":[{"element-6066-11e4-a52e-4f735466cecf":"f.936FEEFC3D507069A404F7345F2DEF67.d.20BEA90D8B0F4B69E7A5FC68D44F5ABA.e.6373","ELEMENT":"f.936FEEFC3D507069A404F7345F2DEF67.d.20BEA90D8B0F4B69E7A5FC68D44F5ABA.e.6373"},{"block":"start","inline":"nearest"}]}
RESULT: {"script":"<script> [79 bytes]","args":[{"element-6066-11e4-a52e-4f735466cecf":"f.936FEEFC3D507069A404F7345F2DEF67.d.20BEA90D8B0F4B69E7A5FC68D44F5ABA.e.6373","ELEMENT":"f.936FEEFC3D507069A404F7345F2DEF67.d.20BEA90D8B0F4B69E7A5FC68D44F5ABA.e.6373"},{"block":"start","inline":"nearest"}]}
COMMAND: POST /session/9a6d02befdf50e53554cb3562a200a44/execute/async - {"script":"<script> [1562 bytes]","args":[{"selector":{"id":"application-manageresources-display-component---newResourceUnit--btnAddTimeSegment","interaction":{"idSuffix":"inner"}},"wdio_ui5_key":"applicationmanageresources-display-component---newResourceUnit--btnAddTimeSegment"}]}
COMMAND: GET /session/9a6d02befdf50e53554cb3562a200a44/screenshot - {}
RESULT: {"script":"<script> [1562 bytes]","args":[{"selector":{"id":"application-manageresources-display-component---newResourceUnit--btnAddTimeSegment","interaction":{"idSuffix":"inner"}},"wdio_ui5_key":"applicationmanageresources-display-component---newResourceUnit--btnAddTimeSegment"}]}
RESULT: undefined
COMMAND: POST /session/9a6d02befdf50e53554cb3562a200a44/element - {"using":"xpath","value":"//*[@id=\"application-manageresources-display-component---newResourceUnit--btnAddTimeSegment\"]"}
RESULT: {}
RESULT: {"using":"xpath","value":"//*[@id=\"application-manageresources-display-component---newResourceUnit--btnAddTimeSegment\"]"}
COMMAND: POST /session/9a6d02befdf50e53554cb3562a200a44/element/f.936FEEFC3D507069A404F7345F2DEF67.d.20BEA90D8B0F4B69E7A5FC68D44F5ABA.e.6373/click - {}
RESULT: {}
COMMAND: GET /session/9a6d02befdf50e53554cb3562a200a44/screenshot - {}
RESULT: {}
COMMAND: POST /session/9a6d02befdf50e53554cb3562a200a44/element - {"using":"xpath","value":"//input[@id=\"application-manageresources-display-component---newResourceUnit--idRuTSAdmin-application-manageresources-display-component---newResourceUnit--RUTimeSegment-0-inner\"]"}
RESULT: {"using":"xpath","value":"//input[@id=\"application-manageresources-display-component---newResourceUnit--idRuTSAdmin-application-manageresources-display-component---newResourceUnit--RUTimeSegment-0-inner\"]"}
COMMAND: POST /session/9a6d02befdf50e53554cb3562a200a44/element/f.936FEEFC3D507069A404F7345F2DEF67.d.20BEA90D8B0F4B69E7A5FC68D44F5ABA.e.6378/clear - {}
RESULT: {}
COMMAND: POST /session/9a6d02befdf50e53554cb3562a200a44/element/f.936FEEFC3D507069A404F7345F2DEF67.d.20BEA90D8B0F4B69E7A5FC68D44F5ABA.e.6378/value - {"text":"265"}
COMMAND: GET /session/9a6d02befdf50e53554cb3562a200a44/screenshot - {}
RESULT: {"text":"265"}
COMMAND: GET /session/9a6d02befdf50e53554cb3562a200a44/screenshot - {}
RESULT: {}
RESULT: {}
COMMAND: POST /session/9a6d02befdf50e53554cb3562a200a44/element - {"using":"xpath","value":"//li[.//span[text()='265']]"}
RESULT: {"using":"xpath","value":"//li[.//span[text()='265']]"}
COMMAND: POST /session/9a6d02befdf50e53554cb3562a200a44/element/f.936FEEFC3D507069A404F7345F2DEF67.d.20BEA90D8B0F4B69E7A5FC68D44F5ABA.e.6387/click - {}
RESULT: {}
COMMAND: GET /session/9a6d02befdf50e53554cb3562a200a44/screenshot - {}
RESULT: {}
COMMAND: POST /session/9a6d02befdf50e53554cb3562a200a44/element - {"using":"xpath","value":"//*[contains(text(), \"Catalogs\")][contains(@id ,\"application-manageresources-display-component---newResourceUnit--newRRUPage-anchBar\")]"}
RESULT: {"using":"xpath","value":"//*[contains(text(), \"Catalogs\")][contains(@id ,\"application-manageresources-display-component---newResourceUnit--newRRUPage-anchBar\")]"}
COMMAND: POST /session/9a6d02befdf50e53554cb3562a200a44/element/f.936FEEFC3D507069A404F7345F2DEF67.d.20BEA90D8B0F4B69E7A5FC68D44F5ABA.e.6388/click - {}
RESULT: {}
COMMAND: GET /session/9a6d02befdf50e53554cb3562a200a44/screenshot - {}
RESULT: {}
COMMAND: POST /session/9a6d02befdf50e53554cb3562a200a44/element - {"using":"xpath","value":"//*[contains(text(), \"Assign\")][contains(@id ,\"button\")]"}
RESULT: {"using":"xpath","value":"//*[contains(text(), \"Assign\")][contains(@id ,\"button\")]"}
COMMAND: POST /session/9a6d02befdf50e53554cb3562a200a44/element/f.936FEEFC3D507069A404F7345F2DEF67.d.20BEA90D8B0F4B69E7A5FC68D44F5ABA.e.6392/click - {}
RESULT: {}
COMMAND: GET /session/9a6d02befdf50e53554cb3562a200a44/screenshot - {}
RESULT: {}
COMMAND: POST /session/9a6d02befdf50e53554cb3562a200a44/element - {"using":"xpath","value":"//span[@id = \"application-manageresources-display-component---newResourceUnit--catalogSelect-arrow\"]"}
RESULT: {"using":"xpath","value":"//span[@id = \"application-manageresources-display-component---newResourceUnit--catalogSelect-arrow\"]"}
COMMAND: POST /session/9a6d02befdf50e53554cb3562a200a44/element/f.936FEEFC3D507069A404F7345F2DEF67.d.20BEA90D8B0F4B69E7A5FC68D44F5ABA.e.6401/click - {}
RESULT: {}
COMMAND: GET /session/9a6d02befdf50e53554cb3562a200a44/screenshot - {}
RESULT: {}
COMMAND: POST /session/9a6d02befdf50e53554cb3562a200a44/element - {"using":"xpath","value":"//li[.//span[text()=\"Webshop Catalog\"]]"}
RESULT: {"using":"xpath","value":"//li[.//span[text()=\"Webshop Catalog\"]]"}
COMMAND: POST /session/9a6d02befdf50e53554cb3562a200a44/element/f.936FEEFC3D507069A404F7345F2DEF67.d.20BEA90D8B0F4B69E7A5FC68D44F5ABA.e.6402/click - {}
RESULT: {}
COMMAND: GET /session/9a6d02befdf50e53554cb3562a200a44/screenshot - {}
RESULT: {}
COMMAND: POST /session/9a6d02befdf50e53554cb3562a200a44/element - {"using":"xpath","value":"//span[@id = \"application-manageresources-display-component---newResourceUnit--catalogItemSelect-arrow\"]"}
RESULT: {"using":"xpath","value":"//span[@id = \"application-manageresources-display-component---newResourceUnit--catalogItemSelect-arrow\"]"}
COMMAND: POST /session/9a6d02befdf50e53554cb3562a200a44/element/f.936FEEFC3D507069A404F7345F2DEF67.d.20BEA90D8B0F4B69E7A5FC68D44F5ABA.e.6403/click - {}
RESULT: {}
COMMAND: GET /session/9a6d02befdf50e53554cb3562a200a44/screenshot - {}
RESULT: {}
COMMAND: POST /session/9a6d02befdf50e53554cb3562a200a44/element - {"using":"xpath","value":"//li[.//span[text()=\"Concert - Concert \"]]"}
RESULT: {"using":"xpath","value":"//li[.//span[text()=\"Concert - Concert \"]]"}
COMMAND: POST /session/9a6d02befdf50e53554cb3562a200a44/element/f.936FEEFC3D507069A404F7345F2DEF67.d.20BEA90D8B0F4B69E7A5FC68D44F5ABA.e.6404/click - {}
RESULT: {}
COMMAND: GET /session/9a6d02befdf50e53554cb3562a200a44/screenshot - {}
RESULT: {}
COMMAND: POST /session/9a6d02befdf50e53554cb3562a200a44/execute/async - {"script":"<script> [1562 bytes]","args":[{"selector":{"id":"application-manageresources-display-component---newResourceUnit--RUAssignmentSaveButton","searchOpenDialogs":true,"interaction":{"idSuffix":"BDI-content"}},"wdio_ui5_key":"applicationmanageresources-display-component---newResourceUnit--RUAssignmentSaveButton"}]}
RESULT: {"script":"<script> [1562 bytes]","args":[{"selector":{"id":"application-manageresources-display-component---newResourceUnit--RUAssignmentSaveButton","searchOpenDialogs":true,"interaction":{"idSuffix":"BDI-content"}},"wdio_ui5_key":"applicationmanageresources-display-component---newResourceUnit--RUAssignmentSaveButton"}]}
RESULT: undefined
COMMAND: POST /session/9a6d02befdf50e53554cb3562a200a44/element - {"using":"xpath","value":"//*[@id=\"application-manageresources-display-component---newResourceUnit--RUAssignmentSaveButton\"]"}
RESULT: {"using":"xpath","value":"//*[@id=\"application-manageresources-display-component---newResourceUnit--RUAssignmentSaveButton\"]"}
COMMAND: POST /session/9a6d02befdf50e53554cb3562a200a44/element/f.936FEEFC3D507069A404F7345F2DEF67.d.20BEA90D8B0F4B69E7A5FC68D44F5ABA.e.6422/click - {}
RESULT: {}
COMMAND: GET /session/9a6d02befdf50e53554cb3562a200a44/screenshot - {}
RESULT: {}
COMMAND: POST /session/9a6d02befdf50e53554cb3562a200a44/element - {"using":"xpath","value":"//button[@data-kt=\"resourceUnitSaveButton\"]"}
RESULT: {"using":"xpath","value":"//button[@data-kt=\"resourceUnitSaveButton\"]"}
COMMAND: POST /session/9a6d02befdf50e53554cb3562a200a44/element/f.936FEEFC3D507069A404F7345F2DEF67.d.20BEA90D8B0F4B69E7A5FC68D44F5ABA.e.6249/click - {}
RESULT: {}
COMMAND: GET /session/9a6d02befdf50e53554cb3562a200a44/screenshot - {}
RESULT: {}
COMMAND: POST /session/9a6d02befdf50e53554cb3562a200a44/element - {"using":"xpath","value":"//bdi[contains(text(), \"Close\")]"}
RESULT: {"using":"xpath","value":"//bdi[contains(text(), \"Close\")]"}
COMMAND: POST /session/9a6d02befdf50e53554cb3562a200a44/element/f.936FEEFC3D507069A404F7345F2DEF67.d.20BEA90D8B0F4B69E7A5FC68D44F5ABA.e.6431/click - {}
RESULT: {}
COMMAND: GET /session/9a6d02befdf50e53554cb3562a200a44/screenshot - {}
RESULT: {}
COMMAND: POST /session/9a6d02befdf50e53554cb3562a200a44/element - {"using":"xpath","value":"//header[contains(@id, 'detailRruPage-headerTitle')]/div[1]/div[2]/div[2]/span[1]"}
RESULT: {"using":"xpath","value":"//header[contains(@id, 'detailRruPage-headerTitle')]/div[1]/div[2]/div[2]/span[1]"}
COMMAND: POST /session/9a6d02befdf50e53554cb3562a200a44/elements - {"using":"xpath","value":"//header[contains(@id, 'detailRruPage-headerTitle')]/div[1]/div[2]/div[2]/span[1]"}
RESULT: {"using":"xpath","value":"//header[contains(@id, 'detailRruPage-headerTitle')]/div[1]/div[2]/div[2]/span[1]"}
COMMAND: POST /session/9a6d02befdf50e53554cb3562a200a44/execute/sync - {"script":"<script> [56 bytes]","args":[{"element-6066-11e4-a52e-4f735466cecf":"f.936FEEFC3D507069A404F7345F2DEF67.d.20BEA90D8B0F4B69E7A5FC68D44F5ABA.e.6457","ELEMENT":"f.936FEEFC3D507069A404F7345F2DEF67.d.20BEA90D8B0F4B69E7A5FC68D44F5ABA.e.6457"}]}
RESULT: {"script":"<script> [56 bytes]","args":[{"element-6066-11e4-a52e-4f735466cecf":"f.936FEEFC3D507069A404F7345F2DEF67.d.20BEA90D8B0F4B69E7A5FC68D44F5ABA.e.6457","ELEMENT":"f.936FEEFC3D507069A404F7345F2DEF67.d.20BEA90D8B0F4B69E7A5FC68D44F5ABA.e.6457"}]}
COMMAND: POST /session/9a6d02befdf50e53554cb3562a200a44/element - {"using":"css selector","value":"#shell-header-logo"}
COMMAND: GET /session/9a6d02befdf50e53554cb3562a200a44/screenshot - {}
RESULT: {"using":"css selector","value":"#shell-header-logo"}
COMMAND: POST /session/9a6d02befdf50e53554cb3562a200a44/element/f.936FEEFC3D507069A404F7345F2DEF67.d.20BEA90D8B0F4B69E7A5FC68D44F5ABA.e.5841/click - {}
RESULT: {}
RESULT: {}
COMMAND: GET /session/9a6d02befdf50e53554cb3562a200a44/screenshot - {}
RESULT: {}
]]></system-out>
    </testcase>
    <testcase classname="chrome.137_0_7151_69.windows.Yard_Overview_Autoplanning_US130989" name="Should create a new request and add the material" time="94.738">
      <system-out><![CDATA[
COMMAND: POST /session/9a6d02befdf50e53554cb3562a200a44/execute/async - {"script":"<script> [1562 bytes]","args":[{"selector":{"controlType":"sap.m.GenericTile","properties":{"header":"Manage Requests"}},"wdio_ui5_key":"sapm.GenericTile{\"header\":\"Manage Requests\"}"}]}
RESULT: {"script":"<script> [1562 bytes]","args":[{"selector":{"controlType":"sap.m.GenericTile","properties":{"header":"Manage Requests"}},"wdio_ui5_key":"sapm.GenericTile{\"header\":\"Manage Requests\"}"}]}
RESULT: undefined
COMMAND: POST /session/9a6d02befdf50e53554cb3562a200a44/element - {"using":"xpath","value":"//*[@id=\"__tile48\"]"}
RESULT: {"using":"xpath","value":"//*[@id=\"__tile48\"]"}
COMMAND: POST /session/9a6d02befdf50e53554cb3562a200a44/element/f.936FEEFC3D507069A404F7345F2DEF67.d.20BEA90D8B0F4B69E7A5FC68D44F5ABA.e.5826/click - {}
RESULT: {}
COMMAND: GET /session/9a6d02befdf50e53554cb3562a200a44/screenshot - {}
RESULT: {}
COMMAND: POST /session/9a6d02befdf50e53554cb3562a200a44/elements - {"using":"xpath","value":"//span[text()='Error']"}
RESULT: {"using":"xpath","value":"//span[text()='Error']"}
COMMAND: POST /session/9a6d02befdf50e53554cb3562a200a44/execute/async - {"script":"<script> [1562 bytes]","args":[{"selector":{"id":"btnCreateNew","viewName":"etm.portal.ui.managerequests.view.Master","interaction":{"idSuffix":"inner"}},"wdio_ui5_key":"btnCreateNewetmportal.ui.managerequests.view.Master"}]}
RESULT: {"script":"<script> [1562 bytes]","args":[{"selector":{"id":"btnCreateNew","viewName":"etm.portal.ui.managerequests.view.Master","interaction":{"idSuffix":"inner"}},"wdio_ui5_key":"btnCreateNewetmportal.ui.managerequests.view.Master"}]}
RESULT: undefined
COMMAND: POST /session/9a6d02befdf50e53554cb3562a200a44/element - {"using":"xpath","value":"//*[@id=\"__xmlview59--btnCreateNew\"]"}
RESULT: {"using":"xpath","value":"//*[@id=\"__xmlview59--btnCreateNew\"]"}
COMMAND: POST /session/9a6d02befdf50e53554cb3562a200a44/element/f.936FEEFC3D507069A404F7345F2DEF67.d.20BEA90D8B0F4B69E7A5FC68D44F5ABA.e.6514/click - {}
RESULT: {}
COMMAND: GET /session/9a6d02befdf50e53554cb3562a200a44/screenshot - {}
RESULT: {}
COMMAND: POST /session/9a6d02befdf50e53554cb3562a200a44/execute/async - {"script":"<script> [1562 bytes]","args":[{"selector":{"controlType":"sap.ui.core.Icon","viewName":"etm.portal.ui.managerequests.view.NewRequest","properties":{"src":{"regex":{"source":"full\\-screen"}}}},"wdio_ui5_key":"etmportal.ui.managerequests.view.NewRequestsap.ui.core.Icon{\"src\":{\"regex\":{\"source\":\"full\\\\-screen\"}}}"}]}
RESULT: {"script":"<script> [1562 bytes]","args":[{"selector":{"controlType":"sap.ui.core.Icon","viewName":"etm.portal.ui.managerequests.view.NewRequest","properties":{"src":{"regex":{"source":"full\\-screen"}}}},"wdio_ui5_key":"etmportal.ui.managerequests.view.NewRequestsap.ui.core.Icon{\"src\":{\"regex\":{\"source\":\"full\\\\-screen\"}}}"}]}
RESULT: undefined
COMMAND: POST /session/9a6d02befdf50e53554cb3562a200a44/element - {"using":"xpath","value":"//*[@id=\"__button83-img\"]"}
RESULT: {"using":"xpath","value":"//*[@id=\"__button83-img\"]"}
COMMAND: POST /session/9a6d02befdf50e53554cb3562a200a44/element/f.936FEEFC3D507069A404F7345F2DEF67.d.20BEA90D8B0F4B69E7A5FC68D44F5ABA.e.6932/click - {}
RESULT: {}
COMMAND: GET /session/9a6d02befdf50e53554cb3562a200a44/screenshot - {}
RESULT: {}
COMMAND: POST /session/9a6d02befdf50e53554cb3562a200a44/element - {"using":"xpath","value":"//input[contains(@id ,\"yardId-inner\")]"}
RESULT: {"using":"xpath","value":"//input[contains(@id ,\"yardId-inner\")]"}
COMMAND: POST /session/9a6d02befdf50e53554cb3562a200a44/element/f.936FEEFC3D507069A404F7345F2DEF67.d.20BEA90D8B0F4B69E7A5FC68D44F5ABA.e.6793/value - {"text":"265"}
RESULT: {"text":"265"}
COMMAND: GET /session/9a6d02befdf50e53554cb3562a200a44/screenshot - {}
RESULT: {}
COMMAND: POST /session/9a6d02befdf50e53554cb3562a200a44/element - {"using":"xpath","value":"//li[.//span[text()='265']]"}
RESULT: {"using":"xpath","value":"//li[.//span[text()='265']]"}
COMMAND: POST /session/9a6d02befdf50e53554cb3562a200a44/element/f.936FEEFC3D507069A404F7345F2DEF67.d.20BEA90D8B0F4B69E7A5FC68D44F5ABA.e.6977/click - {}
RESULT: {}
COMMAND: GET /session/9a6d02befdf50e53554cb3562a200a44/screenshot - {}
RESULT: {}
COMMAND: POST /session/9a6d02befdf50e53554cb3562a200a44/element - {"using":"xpath","value":"//input[contains(@id ,\"customerNumber-inner\")]"}
RESULT: {"using":"xpath","value":"//input[contains(@id ,\"customerNumber-inner\")]"}
COMMAND: POST /session/9a6d02befdf50e53554cb3562a200a44/element/f.936FEEFC3D507069A404F7345F2DEF67.d.20BEA90D8B0F4B69E7A5FC68D44F5ABA.e.6787/clear - {}
RESULT: {}
COMMAND: POST /session/9a6d02befdf50e53554cb3562a200a44/element/f.936FEEFC3D507069A404F7345F2DEF67.d.20BEA90D8B0F4B69E7A5FC68D44F5ABA.e.6787/value - {"text":"1114"}
COMMAND: GET /session/9a6d02befdf50e53554cb3562a200a44/screenshot - {}
RESULT: {"text":"1114"}
COMMAND: GET /session/9a6d02befdf50e53554cb3562a200a44/screenshot - {}
RESULT: {}
RESULT: {}
COMMAND: POST /session/9a6d02befdf50e53554cb3562a200a44/element - {"using":"xpath","value":"//li[.//span[text()='1114']]"}
RESULT: {"using":"xpath","value":"//li[.//span[text()='1114']]"}
COMMAND: POST /session/9a6d02befdf50e53554cb3562a200a44/element/f.936FEEFC3D507069A404F7345F2DEF67.d.20BEA90D8B0F4B69E7A5FC68D44F5ABA.e.6979/click - {}
RESULT: {}
COMMAND: GET /session/9a6d02befdf50e53554cb3562a200a44/screenshot - {}
RESULT: {}
COMMAND: POST /session/9a6d02befdf50e53554cb3562a200a44/element - {"using":"xpath","value":"//button[contains(@id ,\"btnAddTableRow\")]"}
RESULT: {"using":"xpath","value":"//button[contains(@id ,\"btnAddTableRow\")]"}
COMMAND: POST /session/9a6d02befdf50e53554cb3562a200a44/element/f.936FEEFC3D507069A404F7345F2DEF67.d.20BEA90D8B0F4B69E7A5FC68D44F5ABA.e.6765/click - {}
RESULT: {}
COMMAND: GET /session/9a6d02befdf50e53554cb3562a200a44/screenshot - {}
RESULT: {}
COMMAND: POST /session/9a6d02befdf50e53554cb3562a200a44/actions - {"actions":[{"id":"action18","type":"key","parameters":{},"actions":[{"type":"keyDown","value":""},{"type":"pause","duration":10},{"type":"keyUp","value":""}]}]}
RESULT: {"actions":[{"id":"action18","type":"key","parameters":{},"actions":[{"type":"keyDown","value":""},{"type":"pause","duration":10},{"type":"keyUp","value":""}]}]}
COMMAND: POST /session/9a6d02befdf50e53554cb3562a200a44/actions - {"actions":[{"id":"action19","type":"key","parameters":{},"actions":[{"type":"keyDown","value":""},{"type":"pause","duration":10},{"type":"keyUp","value":""}]}]}
COMMAND: GET /session/9a6d02befdf50e53554cb3562a200a44/screenshot - {}
RESULT: {"actions":[{"id":"action19","type":"key","parameters":{},"actions":[{"type":"keyDown","value":""},{"type":"pause","duration":10},{"type":"keyUp","value":""}]}]}
COMMAND: GET /session/9a6d02befdf50e53554cb3562a200a44/screenshot - {}
RESULT: {}
RESULT: {}
COMMAND: POST /session/9a6d02befdf50e53554cb3562a200a44/element - {"using":"xpath","value":"//table[contains(@id, \"requestItemsTable-listUl\")]//tbody/tr[1]/td[3]/div/div/input"}
RESULT: {"using":"xpath","value":"//table[contains(@id, \"requestItemsTable-listUl\")]//tbody/tr[1]/td[3]/div/div/input"}
COMMAND: POST /session/9a6d02befdf50e53554cb3562a200a44/element/f.936FEEFC3D507069A404F7345F2DEF67.d.20BEA90D8B0F4B69E7A5FC68D44F5ABA.e.6983/clear - {}
RESULT: {}
COMMAND: POST /session/9a6d02befdf50e53554cb3562a200a44/element/f.936FEEFC3D507069A404F7345F2DEF67.d.20BEA90D8B0F4B69E7A5FC68D44F5ABA.e.6983/value - {"text":"Concert"}
COMMAND: GET /session/9a6d02befdf50e53554cb3562a200a44/screenshot - {}
RESULT: {"text":"Concert"}
COMMAND: GET /session/9a6d02befdf50e53554cb3562a200a44/screenshot - {}
RESULT: {}
RESULT: {}
COMMAND: POST /session/9a6d02befdf50e53554cb3562a200a44/element - {"using":"xpath","value":"//li[.//span[contains(text(), \"Concert\")]]"}
RESULT: {"using":"xpath","value":"//li[.//span[contains(text(), \"Concert\")]]"}
COMMAND: POST /session/9a6d02befdf50e53554cb3562a200a44/element/f.936FEEFC3D507069A404F7345F2DEF67.d.20BEA90D8B0F4B69E7A5FC68D44F5ABA.e.6995/click - {}
RESULT: {}
COMMAND: GET /session/9a6d02befdf50e53554cb3562a200a44/screenshot - {}
RESULT: {}
COMMAND: POST /session/9a6d02befdf50e53554cb3562a200a44/execute/async - {"script":"<script> [1562 bytes]","args":[{"selector":{"controlType":"sap.ui.core.Icon","viewName":"etm.portal.ui.managerequests.view.NewRequest","properties":{"src":{"regex":{"source":"message\\-error"}}},"ancestor":{"controlType":"sap.m.ColumnListItem","viewName":"etm.portal.ui.managerequests.view.NewRequest","bindingPath":{"modelName":"newRequestItems","path":"/RequestItems/0"},"ancestor":{"id":"requestItemsTable","viewName":"etm.portal.ui.managerequests.view.NewRequest"}}},"wdio_ui5_key":"etmportal.ui.managerequests.view.NewRequestsap.ui.core.Icon{\"src\":{\"regex\":{\"source\":\"message\\\\-error\"}}}{\"controlType\":\"sap.m.ColumnListItem\",\"viewName\":\"etm.portal.ui.managerequests.view.NewRequest\",\"bindingPath\":{\"modelName\":\"newRequestItems\",\"path\":\"/RequestItems/0\"},\"ancestor\":{\"id\":\"requestItemsTable\",\"viewName\":\"etm.portal.ui.managerequests.view.NewRequest\"}}"}]}
RESULT: {"script":"<script> [1562 bytes]","args":[{"selector":{"controlType":"sap.ui.core.Icon","viewName":"etm.portal.ui.managerequests.view.NewRequest","properties":{"src":{"regex":{"source":"message\\-error"}}},"ancestor":{"controlType":"sap.m.ColumnListItem","viewName":"etm.portal.ui.managerequests.view.NewRequest","bindingPath":{"modelName":"newRequestItems","path":"/RequestItems/0"},"ancestor":{"id":"requestItemsTable","viewName":"etm.portal.ui.managerequests.view.NewRequest"}}},"wdio_ui5_key":"etmportal.ui.managerequests.view.NewRequestsap.ui.core.Icon{\"src\":{\"regex\":{\"source\":\"message\\\\-error\"}}}{\"controlType\":\"sap.m.ColumnListItem\",\"viewName\":\"etm.portal.ui.managerequests.view.NewRequest\",\"bindingPath\":{\"modelName\":\"newRequestItems\",\"path\":\"/RequestItems/0\"},\"ancestor\":{\"id\":\"requestItemsTable\",\"viewName\":\"etm.portal.ui.managerequests.view.NewRequest\"}}"}]}
RESULT: undefined
COMMAND: POST /session/9a6d02befdf50e53554cb3562a200a44/element - {"using":"xpath","value":"//*[@id=\"__status10-__xmlview60--requestItemsTable-0-icon\"]"}
RESULT: {"using":"xpath","value":"//*[@id=\"__status10-__xmlview60--requestItemsTable-0-icon\"]"}
COMMAND: POST /session/9a6d02befdf50e53554cb3562a200a44/element/f.936FEEFC3D507069A404F7345F2DEF67.d.20BEA90D8B0F4B69E7A5FC68D44F5ABA.e.6996/click - {}
RESULT: {}
COMMAND: POST /session/9a6d02befdf50e53554cb3562a200a44/execute/async - {"script":"<script> [1562 bytes]","args":[{"selector":{"controlType":"sap.ui.core.Icon","viewName":"etm.portal.ui.managerequests.view.NewRequest","properties":{"src":{"regex":{"source":"slim\\-arrow\\-down"}}},"searchOpenDialogs":true,"ancestor":{"id":"costObjectAdminTypeComboBox","viewName":"etm.portal.ui.managerequests.view.NewRequest","searchOpenDialogs":true}},"wdio_ui5_key":"etmportal.ui.managerequests.view.NewRequestsap.ui.core.Icon{\"src\":{\"regex\":{\"source\":\"slim\\\\-arrow\\\\-down\"}}}{\"id\":\"costObjectAdminTypeComboBox\",\"viewName\":\"etm.portal.ui.managerequests.view.NewRequest\",\"searchOpenDialogs\":true}"}]}
COMMAND: GET /session/9a6d02befdf50e53554cb3562a200a44/screenshot - {}
RESULT: {"script":"<script> [1562 bytes]","args":[{"selector":{"controlType":"sap.ui.core.Icon","viewName":"etm.portal.ui.managerequests.view.NewRequest","properties":{"src":{"regex":{"source":"slim\\-arrow\\-down"}}},"searchOpenDialogs":true,"ancestor":{"id":"costObjectAdminTypeComboBox","viewName":"etm.portal.ui.managerequests.view.NewRequest","searchOpenDialogs":true}},"wdio_ui5_key":"etmportal.ui.managerequests.view.NewRequestsap.ui.core.Icon{\"src\":{\"regex\":{\"source\":\"slim\\\\-arrow\\\\-down\"}}}{\"id\":\"costObjectAdminTypeComboBox\",\"viewName\":\"etm.portal.ui.managerequests.view.NewRequest\",\"searchOpenDialogs\":true}"}]}
RESULT: undefined
COMMAND: POST /session/9a6d02befdf50e53554cb3562a200a44/element - {"using":"xpath","value":"//*[@id=\"__xmlview60--costObjectAdminTypeComboBox-arrow\"]"}
RESULT: {}
RESULT: {"using":"xpath","value":"//*[@id=\"__xmlview60--costObjectAdminTypeComboBox-arrow\"]"}
COMMAND: POST /session/9a6d02befdf50e53554cb3562a200a44/element/f.936FEEFC3D507069A404F7345F2DEF67.d.20BEA90D8B0F4B69E7A5FC68D44F5ABA.e.7001/click - {}
RESULT: {}
COMMAND: GET /session/9a6d02befdf50e53554cb3562a200a44/screenshot - {}
RESULT: {}
COMMAND: POST /session/9a6d02befdf50e53554cb3562a200a44/execute/async - {"script":"<script> [1562 bytes]","args":[{"selector":{"controlType":"sap.m.StandardListItem","viewName":"etm.portal.ui.managerequests.view.NewRequest","properties":{"title":"Cost Center"},"searchOpenDialogs":true,"interaction":{"idSuffix":"content"}},"wdio_ui5_key":"etmportal.ui.managerequests.view.NewRequestsap.m.StandardListItem{\"title\":\"Cost Center\"}"}]}
RESULT: {"script":"<script> [1562 bytes]","args":[{"selector":{"controlType":"sap.m.StandardListItem","viewName":"etm.portal.ui.managerequests.view.NewRequest","properties":{"title":"Cost Center"},"searchOpenDialogs":true,"interaction":{"idSuffix":"content"}},"wdio_ui5_key":"etmportal.ui.managerequests.view.NewRequestsap.m.StandardListItem{\"title\":\"Cost Center\"}"}]}
RESULT: undefined
COMMAND: POST /session/9a6d02befdf50e53554cb3562a200a44/element - {"using":"xpath","value":"//*[@id=\"__item1056\"]"}
RESULT: {"using":"xpath","value":"//*[@id=\"__item1056\"]"}
COMMAND: POST /session/9a6d02befdf50e53554cb3562a200a44/element/f.936FEEFC3D507069A404F7345F2DEF67.d.20BEA90D8B0F4B69E7A5FC68D44F5ABA.e.7004/click - {}
RESULT: {}
COMMAND: GET /session/9a6d02befdf50e53554cb3562a200a44/screenshot - {}
RESULT: {}
COMMAND: POST /session/9a6d02befdf50e53554cb3562a200a44/execute/async - {"script":"<script> [1562 bytes]","args":[{"selector":{"controlType":"sap.m.Button","viewName":"etm.portal.ui.managerequests.view.NewRequest","i18NText":{"propertyName":"text","key":"save"},"searchOpenDialogs":true,"interaction":{"idSuffix":"inner"}},"wdio_ui5_key":"etmportal.ui.managerequests.view.NewRequestsap.m.Button{\"propertyName\":\"text\",\"key\":\"save\"}"}]}
RESULT: {"script":"<script> [1562 bytes]","args":[{"selector":{"controlType":"sap.m.Button","viewName":"etm.portal.ui.managerequests.view.NewRequest","i18NText":{"propertyName":"text","key":"save"},"searchOpenDialogs":true,"interaction":{"idSuffix":"inner"}},"wdio_ui5_key":"etmportal.ui.managerequests.view.NewRequestsap.m.Button{\"propertyName\":\"text\",\"key\":\"save\"}"}]}
RESULT: undefined
COMMAND: POST /session/9a6d02befdf50e53554cb3562a200a44/element - {"using":"xpath","value":"//*[@id=\"__button100\"]"}
RESULT: {"using":"xpath","value":"//*[@id=\"__button100\"]"}
COMMAND: POST /session/9a6d02befdf50e53554cb3562a200a44/element/f.936FEEFC3D507069A404F7345F2DEF67.d.20BEA90D8B0F4B69E7A5FC68D44F5ABA.e.7012/click - {}
RESULT: {}
COMMAND: GET /session/9a6d02befdf50e53554cb3562a200a44/screenshot - {}
RESULT: {}
COMMAND: POST /session/9a6d02befdf50e53554cb3562a200a44/execute/async - {"script":"<script> [1562 bytes]","args":[{"selector":{"controlType":"sap.m.Button","viewName":"etm.portal.ui.managerequests.view.NewRequest","i18NText":{"propertyName":"tooltip","key":"save"},"interaction":{"idSuffix":"BDI-content"}},"wdio_ui5_key":"etmportal.ui.managerequests.view.NewRequestsap.m.Button{\"propertyName\":\"tooltip\",\"key\":\"save\"}"}]}
RESULT: {"script":"<script> [1562 bytes]","args":[{"selector":{"controlType":"sap.m.Button","viewName":"etm.portal.ui.managerequests.view.NewRequest","i18NText":{"propertyName":"tooltip","key":"save"},"interaction":{"idSuffix":"BDI-content"}},"wdio_ui5_key":"etmportal.ui.managerequests.view.NewRequestsap.m.Button{\"propertyName\":\"tooltip\",\"key\":\"save\"}"}]}
RESULT: undefined
COMMAND: POST /session/9a6d02befdf50e53554cb3562a200a44/element - {"using":"xpath","value":"//*[@id=\"__button90\"]"}
RESULT: {"using":"xpath","value":"//*[@id=\"__button90\"]"}
COMMAND: POST /session/9a6d02befdf50e53554cb3562a200a44/element/f.936FEEFC3D507069A404F7345F2DEF67.d.20BEA90D8B0F4B69E7A5FC68D44F5ABA.e.6869/click - {}
RESULT: {}
COMMAND: POST /session/9a6d02befdf50e53554cb3562a200a44/execute/async - {"script":"<script> [1562 bytes]","args":[{"selector":{"controlType":"sap.m.Button","properties":{"text":"Close"},"searchOpenDialogs":true,"interaction":{"idSuffix":"inner"}},"wdio_ui5_key":"sapm.Button{\"text\":\"Close\"}"}]}
COMMAND: GET /session/9a6d02befdf50e53554cb3562a200a44/screenshot - {}
RESULT: {"script":"<script> [1562 bytes]","args":[{"selector":{"controlType":"sap.m.Button","properties":{"text":"Close"},"searchOpenDialogs":true,"interaction":{"idSuffix":"inner"}},"wdio_ui5_key":"sapm.Button{\"text\":\"Close\"}"}]}
RESULT: undefined
COMMAND: POST /session/9a6d02befdf50e53554cb3562a200a44/element - {"using":"xpath","value":"//*[@id=\"__mbox-btn-1\"]"}
RESULT: {}
RESULT: {"using":"xpath","value":"//*[@id=\"__mbox-btn-1\"]"}
COMMAND: POST /session/9a6d02befdf50e53554cb3562a200a44/element/f.936FEEFC3D507069A404F7345F2DEF67.d.20BEA90D8B0F4B69E7A5FC68D44F5ABA.e.7015/click - {}
RESULT: {}
COMMAND: GET /session/9a6d02befdf50e53554cb3562a200a44/screenshot - {}
RESULT: {}
COMMAND: POST /session/9a6d02befdf50e53554cb3562a200a44/execute/async - {"script":"<script> [1562 bytes]","args":[{"selector":{"controlType":"sap.m.Text","viewName":"etm.portal.ui.managerequests.view.Detail","bindingPath":{"propertyPath":"NO","modelName":"catalogModel"}},"wdio_ui5_key":"etmportal.ui.managerequests.view.Detailsap.m.Text{\"propertyPath\":\"NO\",\"modelName\":\"catalogModel\"}"}]}
RESULT: {"script":"<script> [1562 bytes]","args":[{"selector":{"controlType":"sap.m.Text","viewName":"etm.portal.ui.managerequests.view.Detail","bindingPath":{"propertyPath":"NO","modelName":"catalogModel"}},"wdio_ui5_key":"etmportal.ui.managerequests.view.Detailsap.m.Text{\"propertyPath\":\"NO\",\"modelName\":\"catalogModel\"}"}]}
RESULT: undefined
COMMAND: POST /session/9a6d02befdf50e53554cb3562a200a44/execute/async - {"script":"<script> [6424 bytes]","args":[{"element-6066-11e4-a52e-4f735466cecf":"f.936FEEFC3D507069A404F7345F2DEF67.d.20BEA90D8B0F4B69E7A5FC68D44F5ABA.e.7264"},"getText",[]]}
RESULT: {"script":"<script> [6424 bytes]","args":[{"element-6066-11e4-a52e-4f735466cecf":"f.936FEEFC3D507069A404F7345F2DEF67.d.20BEA90D8B0F4B69E7A5FC68D44F5ABA.e.7264"},"getText",[]]}
COMMAND: POST /session/9a6d02befdf50e53554cb3562a200a44/element - {"using":"css selector","value":"#shell-header-logo"}
RESULT: {"using":"css selector","value":"#shell-header-logo"}
COMMAND: POST /session/9a6d02befdf50e53554cb3562a200a44/element/f.936FEEFC3D507069A404F7345F2DEF67.d.20BEA90D8B0F4B69E7A5FC68D44F5ABA.e.6461/click - {}
RESULT: {}
COMMAND: GET /session/9a6d02befdf50e53554cb3562a200a44/screenshot - {}
RESULT: {}
]]></system-out>
    </testcase>
    <testcase classname="chrome.137_0_7151_69.windows.Yard_Overview_Autoplanning_US130989" name="Should navigate to Yard overview and plan the request" time="141.922">
      <system-out><![CDATA[
COMMAND: POST /session/9a6d02befdf50e53554cb3562a200a44/execute/async - {"script":"<script> [1562 bytes]","args":[{"selector":{"controlType":"sap.m.GenericTile","properties":{"header":"Yard Overview"}},"wdio_ui5_key":"sapm.GenericTile{\"header\":\"Yard Overview\"}"}]}
RESULT: {"script":"<script> [1562 bytes]","args":[{"selector":{"controlType":"sap.m.GenericTile","properties":{"header":"Yard Overview"}},"wdio_ui5_key":"sapm.GenericTile{\"header\":\"Yard Overview\"}"}]}
RESULT: undefined
COMMAND: POST /session/9a6d02befdf50e53554cb3562a200a44/element - {"using":"xpath","value":"//*[@id=\"__tile104\"]"}
RESULT: {"using":"xpath","value":"//*[@id=\"__tile104\"]"}
COMMAND: POST /session/9a6d02befdf50e53554cb3562a200a44/element/f.936FEEFC3D507069A404F7345F2DEF67.d.20BEA90D8B0F4B69E7A5FC68D44F5ABA.e.7269/click - {}
RESULT: {}
COMMAND: GET /session/9a6d02befdf50e53554cb3562a200a44/screenshot - {}
RESULT: {}
COMMAND: POST /session/9a6d02befdf50e53554cb3562a200a44/elements - {"using":"xpath","value":"//span[text()='Error']"}
RESULT: {"using":"xpath","value":"//span[text()='Error']"}
COMMAND: POST /session/9a6d02befdf50e53554cb3562a200a44/execute/async - {"script":"<script> [1562 bytes]","args":[{"selector":{"id":"application-yardoverview-display-component---masterYardInventory--smartFilterBar-btnBasicSearch","interaction":{"idSuffix":"I"}},"wdio_ui5_key":"applicationyardoverview-display-component---masterYardInventory--smartFilterBar-btnBasicSearch"}]}
RESULT: {"script":"<script> [1562 bytes]","args":[{"selector":{"id":"application-yardoverview-display-component---masterYardInventory--smartFilterBar-btnBasicSearch","interaction":{"idSuffix":"I"}},"wdio_ui5_key":"applicationyardoverview-display-component---masterYardInventory--smartFilterBar-btnBasicSearch"}]}
RESULT: undefined
COMMAND: POST /session/9a6d02befdf50e53554cb3562a200a44/execute/async - {"script":"<script> [776 bytes]","args":[{"enterText":"265","selector":{"id":"application-yardoverview-display-component---masterYardInventory--smartFilterBar-btnBasicSearch","interaction":{"idSuffix":"I"}},"clearTextFirst":true,"interactionType":"ENTER_TEXT"}]}
RESULT: {"script":"<script> [776 bytes]","args":[{"enterText":"265","selector":{"id":"application-yardoverview-display-component---masterYardInventory--smartFilterBar-btnBasicSearch","interaction":{"idSuffix":"I"}},"clearTextFirst":true,"interactionType":"ENTER_TEXT"}]}
COMMAND: POST /session/9a6d02befdf50e53554cb3562a200a44/actions - {"actions":[{"id":"action20","type":"key","parameters":{},"actions":[{"type":"keyDown","value":""},{"type":"pause","duration":10},{"type":"keyUp","value":""}]}]}
RESULT: {"actions":[{"id":"action20","type":"key","parameters":{},"actions":[{"type":"keyDown","value":""},{"type":"pause","duration":10},{"type":"keyUp","value":""}]}]}
COMMAND: GET /session/9a6d02befdf50e53554cb3562a200a44/screenshot - {}
RESULT: {}
COMMAND: POST /session/9a6d02befdf50e53554cb3562a200a44/execute/async - {"script":"<script> [1562 bytes]","args":[{"selector":{"controlType":"sap.m.Text","viewName":"etm.portal.ui.yardoverview.view.Master","viewId":"application-yardoverview-display-component---masterYardInventory","bindingPath":{"propertyPath":"ID"}},"wdio_ui5_key":"etmportal.ui.yardoverview.view.Mastersap.m.Text{\"propertyPath\":\"ID\"}"}]}
RESULT: {"script":"<script> [1562 bytes]","args":[{"selector":{"controlType":"sap.m.Text","viewName":"etm.portal.ui.yardoverview.view.Master","viewId":"application-yardoverview-display-component---masterYardInventory","bindingPath":{"propertyPath":"ID"}},"wdio_ui5_key":"etmportal.ui.yardoverview.view.Mastersap.m.Text{\"propertyPath\":\"ID\"}"}]}
RESULT: undefined
COMMAND: POST /session/9a6d02befdf50e53554cb3562a200a44/element - {"using":"xpath","value":"//*[@id=\"__text980-__clone1870\"]"}
RESULT: {"using":"xpath","value":"//*[@id=\"__text980-__clone1870\"]"}
COMMAND: POST /session/9a6d02befdf50e53554cb3562a200a44/element/f.936FEEFC3D507069A404F7345F2DEF67.d.20BEA90D8B0F4B69E7A5FC68D44F5ABA.e.7339/click - {}
RESULT: {}
COMMAND: GET /session/9a6d02befdf50e53554cb3562a200a44/screenshot - {}
RESULT: {}
COMMAND: POST /session/9a6d02befdf50e53554cb3562a200a44/execute/async - {"script":"<script> [1562 bytes]","args":[{"selector":{"id":"application-yardoverview-display-component---detailYardInventory--ObjectPageLayout-anchBar-application-yardoverview-display-component---detailYardInventory--openRequestsSection-anchor","interaction":{"idSuffix":"BDI-content"}},"wdio_ui5_key":"applicationyardoverview-display-component---detailYardInventory--ObjectPageLayout-anchBar-application-yardoverview-display-component---detailYardInventory--openRequestsSection-anchor"}]}
RESULT: {"script":"<script> [1562 bytes]","args":[{"selector":{"id":"application-yardoverview-display-component---detailYardInventory--ObjectPageLayout-anchBar-application-yardoverview-display-component---detailYardInventory--openRequestsSection-anchor","interaction":{"idSuffix":"BDI-content"}},"wdio_ui5_key":"applicationyardoverview-display-component---detailYardInventory--ObjectPageLayout-anchBar-application-yardoverview-display-component---detailYardInventory--openRequestsSection-anchor"}]}
RESULT: undefined
COMMAND: POST /session/9a6d02befdf50e53554cb3562a200a44/element - {"using":"xpath","value":"//*[@id=\"application-yardoverview-display-component---detailYardInventory--ObjectPageLayout-anchBar-application-yardoverview-display-component---detailYardInventory--openRequestsSection-anchor\"]"}
RESULT: {"using":"xpath","value":"//*[@id=\"application-yardoverview-display-component---detailYardInventory--ObjectPageLayout-anchBar-application-yardoverview-display-component---detailYardInventory--openRequestsSection-anchor\"]"}
COMMAND: POST /session/9a6d02befdf50e53554cb3562a200a44/element/f.936FEEFC3D507069A404F7345F2DEF67.d.20BEA90D8B0F4B69E7A5FC68D44F5ABA.e.7433/click - {}
RESULT: {}
COMMAND: GET /session/9a6d02befdf50e53554cb3562a200a44/screenshot - {}
RESULT: {}
COMMAND: POST /session/9a6d02befdf50e53554cb3562a200a44/element - {"using":"xpath","value":"//input[contains(@aria-labelledby ,\"INTERNAL_GROUP-request\")]"}
RESULT: {"using":"xpath","value":"//input[contains(@aria-labelledby ,\"INTERNAL_GROUP-request\")]"}
COMMAND: POST /session/9a6d02befdf50e53554cb3562a200a44/element/f.936FEEFC3D507069A404F7345F2DEF67.d.20BEA90D8B0F4B69E7A5FC68D44F5ABA.e.7444/clear - {}
RESULT: {}
COMMAND: POST /session/9a6d02befdf50e53554cb3562a200a44/element/f.936FEEFC3D507069A404F7345F2DEF67.d.20BEA90D8B0F4B69E7A5FC68D44F5ABA.e.7444/value - {"text":"20095"}
COMMAND: GET /session/9a6d02befdf50e53554cb3562a200a44/screenshot - {}
RESULT: {"text":"20095"}
COMMAND: GET /session/9a6d02befdf50e53554cb3562a200a44/screenshot - {}
RESULT: {}
RESULT: {}
COMMAND: POST /session/9a6d02befdf50e53554cb3562a200a44/actions - {"actions":[{"id":"action21","type":"key","parameters":{},"actions":[{"type":"keyDown","value":""},{"type":"pause","duration":10},{"type":"keyUp","value":""}]}]}
RESULT: {"actions":[{"id":"action21","type":"key","parameters":{},"actions":[{"type":"keyDown","value":""},{"type":"pause","duration":10},{"type":"keyUp","value":""}]}]}
COMMAND: POST /session/9a6d02befdf50e53554cb3562a200a44/element - {"using":"xpath","value":"//button[contains(@id,\"openRequests-triggerAction-autoplanBtn\")]"}
COMMAND: GET /session/9a6d02befdf50e53554cb3562a200a44/screenshot - {}
RESULT: {"using":"xpath","value":"//button[contains(@id,\"openRequests-triggerAction-autoplanBtn\")]"}
COMMAND: POST /session/9a6d02befdf50e53554cb3562a200a44/element/f.936FEEFC3D507069A404F7345F2DEF67.d.20BEA90D8B0F4B69E7A5FC68D44F5ABA.e.7465/click - {}
RESULT: {}
RESULT: {}
COMMAND: GET /session/9a6d02befdf50e53554cb3562a200a44/screenshot - {}
RESULT: {}
COMMAND: POST /session/9a6d02befdf50e53554cb3562a200a44/execute/async - {"script":"<script> [1562 bytes]","args":[{"selector":{"id":"application-yardoverview-display-component---detailYardInventory--customRequestsTable-sa","interaction":{"idSuffix":"CbBg"}},"wdio_ui5_key":"applicationyardoverview-display-component---detailYardInventory--customRequestsTable-sa"}]}
RESULT: {"script":"<script> [1562 bytes]","args":[{"selector":{"id":"application-yardoverview-display-component---detailYardInventory--customRequestsTable-sa","interaction":{"idSuffix":"CbBg"}},"wdio_ui5_key":"applicationyardoverview-display-component---detailYardInventory--customRequestsTable-sa"}]}
RESULT: undefined
COMMAND: POST /session/9a6d02befdf50e53554cb3562a200a44/element - {"using":"xpath","value":"//*[@id=\"application-yardoverview-display-component---detailYardInventory--customRequestsTable-sa\"]"}
RESULT: {"using":"xpath","value":"//*[@id=\"application-yardoverview-display-component---detailYardInventory--customRequestsTable-sa\"]"}
COMMAND: POST /session/9a6d02befdf50e53554cb3562a200a44/element/f.936FEEFC3D507069A404F7345F2DEF67.d.20BEA90D8B0F4B69E7A5FC68D44F5ABA.e.7488/click - {}
RESULT: {}
COMMAND: GET /session/9a6d02befdf50e53554cb3562a200a44/screenshot - {}
RESULT: {}
COMMAND: POST /session/9a6d02befdf50e53554cb3562a200a44/element - {"using":"xpath","value":"//button[contains(@id,\"openRequests-triggerAction-autoplanBtn\")]"}
RESULT: {"using":"xpath","value":"//button[contains(@id,\"openRequests-triggerAction-autoplanBtn\")]"}
COMMAND: POST /session/9a6d02befdf50e53554cb3562a200a44/element/f.936FEEFC3D507069A404F7345F2DEF67.d.20BEA90D8B0F4B69E7A5FC68D44F5ABA.e.7465/click - {}
RESULT: {}
COMMAND: GET /session/9a6d02befdf50e53554cb3562a200a44/screenshot - {}
RESULT: {}
COMMAND: POST /session/9a6d02befdf50e53554cb3562a200a44/element - {"using":"xpath","value":"//button[.//bdi[contains(text(),\"OK\")]]"}
RESULT: {"using":"xpath","value":"//button[.//bdi[contains(text(),\"OK\")]]"}
COMMAND: POST /session/9a6d02befdf50e53554cb3562a200a44/element/f.936FEEFC3D507069A404F7345F2DEF67.d.20BEA90D8B0F4B69E7A5FC68D44F5ABA.e.7489/click - {}
RESULT: {}
COMMAND: GET /session/9a6d02befdf50e53554cb3562a200a44/screenshot - {}
RESULT: {}
COMMAND: POST /session/9a6d02befdf50e53554cb3562a200a44/execute/async - {"script":"<script> [1562 bytes]","args":[{"selector":{"id":"application-yardoverview-display-component---detailYardInventory--refreshOpenRequests-img"},"wdio_ui5_key":"applicationyardoverview-display-component---detailYardInventory--refreshOpenRequests-img"}]}
RESULT: {"script":"<script> [1562 bytes]","args":[{"selector":{"id":"application-yardoverview-display-component---detailYardInventory--refreshOpenRequests-img"},"wdio_ui5_key":"applicationyardoverview-display-component---detailYardInventory--refreshOpenRequests-img"}]}
RESULT: undefined
COMMAND: POST /session/9a6d02befdf50e53554cb3562a200a44/element - {"using":"xpath","value":"//*[@id=\"application-yardoverview-display-component---detailYardInventory--refreshOpenRequests-img\"]"}
RESULT: {"using":"xpath","value":"//*[@id=\"application-yardoverview-display-component---detailYardInventory--refreshOpenRequests-img\"]"}
COMMAND: POST /session/9a6d02befdf50e53554cb3562a200a44/element/f.936FEEFC3D507069A404F7345F2DEF67.d.20BEA90D8B0F4B69E7A5FC68D44F5ABA.e.7491/click - {}
RESULT: {}
COMMAND: GET /session/9a6d02befdf50e53554cb3562a200a44/screenshot - {}
RESULT: {}
COMMAND: POST /session/9a6d02befdf50e53554cb3562a200a44/execute/async - {"script":"<script> [1562 bytes]","args":[{"selector":{"id":"application-yardoverview-display-component---detailYardInventory--ObjectPageLayout-anchBar-application-yardoverview-display-component---detailYardInventory--openProvidesSection-anchor","interaction":{"idSuffix":"BDI-content"}},"wdio_ui5_key":"applicationyardoverview-display-component---detailYardInventory--ObjectPageLayout-anchBar-application-yardoverview-display-component---detailYardInventory--openProvidesSection-anchor"}]}
RESULT: {"script":"<script> [1562 bytes]","args":[{"selector":{"id":"application-yardoverview-display-component---detailYardInventory--ObjectPageLayout-anchBar-application-yardoverview-display-component---detailYardInventory--openProvidesSection-anchor","interaction":{"idSuffix":"BDI-content"}},"wdio_ui5_key":"applicationyardoverview-display-component---detailYardInventory--ObjectPageLayout-anchBar-application-yardoverview-display-component---detailYardInventory--openProvidesSection-anchor"}]}
RESULT: undefined
COMMAND: POST /session/9a6d02befdf50e53554cb3562a200a44/element - {"using":"xpath","value":"//*[@id=\"application-yardoverview-display-component---detailYardInventory--ObjectPageLayout-anchBar-application-yardoverview-display-component---detailYardInventory--openProvidesSection-anchor\"]"}
RESULT: {"using":"xpath","value":"//*[@id=\"application-yardoverview-display-component---detailYardInventory--ObjectPageLayout-anchBar-application-yardoverview-display-component---detailYardInventory--openProvidesSection-anchor\"]"}
COMMAND: POST /session/9a6d02befdf50e53554cb3562a200a44/element/f.936FEEFC3D507069A404F7345F2DEF67.d.20BEA90D8B0F4B69E7A5FC68D44F5ABA.e.7495/click - {}
RESULT: {}
COMMAND: GET /session/9a6d02befdf50e53554cb3562a200a44/screenshot - {}
RESULT: {}
COMMAND: POST /session/9a6d02befdf50e53554cb3562a200a44/element - {"using":"css selector","value":"#shell-header-logo"}
RESULT: {"using":"css selector","value":"#shell-header-logo"}
COMMAND: POST /session/9a6d02befdf50e53554cb3562a200a44/element/f.936FEEFC3D507069A404F7345F2DEF67.d.20BEA90D8B0F4B69E7A5FC68D44F5ABA.e.7271/click - {}
RESULT: {}
COMMAND: GET /session/9a6d02befdf50e53554cb3562a200a44/screenshot - {}
RESULT: {}
RESULT: undefined
COMMAND: POST /session/9a6d02befdf50e53554cb3562a200a44/element - {"using":"xpath","value":"//*[@id=\"__tile48\"]"}
RESULT: {"using":"xpath","value":"//*[@id=\"__tile48\"]"}
COMMAND: POST /session/9a6d02befdf50e53554cb3562a200a44/element/f.936FEEFC3D507069A404F7345F2DEF67.d.20BEA90D8B0F4B69E7A5FC68D44F5ABA.e.5826/click - {}
RESULT: {}
COMMAND: GET /session/9a6d02befdf50e53554cb3562a200a44/screenshot - {}
RESULT: {}
COMMAND: POST /session/9a6d02befdf50e53554cb3562a200a44/elements - {"using":"xpath","value":"//span[text()='Error']"}
RESULT: {"using":"xpath","value":"//span[text()='Error']"}
COMMAND: POST /session/9a6d02befdf50e53554cb3562a200a44/execute/async - {"script":"<script> [1562 bytes]","args":[{"selector":{"controlType":"sap.m.SearchField","viewName":"etm.portal.ui.managerequests.view.Master","bindingPath":{"path":"","propertyPath":"/_BASIC_SEARCH_FIELD","modelName":"fi1t3rM0d31"},"interaction":{"idSuffix":"I"}},"wdio_ui5_key":"etmportal.ui.managerequests.view.Mastersap.m.SearchField{\"path\":\"\",\"propertyPath\":\"/_BASIC_SEARCH_FIELD\",\"modelName\":\"fi1t3rM0d31\"}"}]}
RESULT: {"script":"<script> [1562 bytes]","args":[{"selector":{"controlType":"sap.m.SearchField","viewName":"etm.portal.ui.managerequests.view.Master","bindingPath":{"path":"","propertyPath":"/_BASIC_SEARCH_FIELD","modelName":"fi1t3rM0d31"},"interaction":{"idSuffix":"I"}},"wdio_ui5_key":"etmportal.ui.managerequests.view.Mastersap.m.SearchField{\"path\":\"\",\"propertyPath\":\"/_BASIC_SEARCH_FIELD\",\"modelName\":\"fi1t3rM0d31\"}"}]}
RESULT: undefined
COMMAND: POST /session/9a6d02befdf50e53554cb3562a200a44/execute/async - {"script":"<script> [776 bytes]","args":[{"enterText":"20095","selector":{"controlType":"sap.m.SearchField","viewName":"etm.portal.ui.managerequests.view.Master","bindingPath":{"path":"","propertyPath":"/_BASIC_SEARCH_FIELD","modelName":"fi1t3rM0d31"},"interaction":{"idSuffix":"I"}},"clearTextFirst":true,"interactionType":"ENTER_TEXT"}]}
RESULT: {"script":"<script> [776 bytes]","args":[{"enterText":"20095","selector":{"controlType":"sap.m.SearchField","viewName":"etm.portal.ui.managerequests.view.Master","bindingPath":{"path":"","propertyPath":"/_BASIC_SEARCH_FIELD","modelName":"fi1t3rM0d31"},"interaction":{"idSuffix":"I"}},"clearTextFirst":true,"interactionType":"ENTER_TEXT"}]}
COMMAND: POST /session/9a6d02befdf50e53554cb3562a200a44/actions - {"actions":[{"id":"action22","type":"key","parameters":{},"actions":[{"type":"keyDown","value":""},{"type":"pause","duration":10},{"type":"keyUp","value":""}]}]}
RESULT: {"actions":[{"id":"action22","type":"key","parameters":{},"actions":[{"type":"keyDown","value":""},{"type":"pause","duration":10},{"type":"keyUp","value":""}]}]}
COMMAND: GET /session/9a6d02befdf50e53554cb3562a200a44/screenshot - {}
RESULT: {}
COMMAND: POST /session/9a6d02befdf50e53554cb3562a200a44/execute/async - {"script":"<script> [1562 bytes]","args":[{"selector":{"controlType":"sap.m.ObjectNumber","viewName":"etm.portal.ui.managerequests.view.Master","bindingPath":{"propertyPath":"IN_USE_FOR"},"interaction":{"idSuffix":"number"}},"wdio_ui5_key":"etmportal.ui.managerequests.view.Mastersap.m.ObjectNumber{\"propertyPath\":\"IN_USE_FOR\"}"}]}
RESULT: {"script":"<script> [1562 bytes]","args":[{"selector":{"controlType":"sap.m.ObjectNumber","viewName":"etm.portal.ui.managerequests.view.Master","bindingPath":{"propertyPath":"IN_USE_FOR"},"interaction":{"idSuffix":"number"}},"wdio_ui5_key":"etmportal.ui.managerequests.view.Mastersap.m.ObjectNumber{\"propertyPath\":\"IN_USE_FOR\"}"}]}
RESULT: undefined
COMMAND: POST /session/9a6d02befdf50e53554cb3562a200a44/element - {"using":"xpath","value":"//*[@id=\"__number8-__clone2084\"]"}
RESULT: {"using":"xpath","value":"//*[@id=\"__number8-__clone2084\"]"}
COMMAND: POST /session/9a6d02befdf50e53554cb3562a200a44/element/f.936FEEFC3D507069A404F7345F2DEF67.d.20BEA90D8B0F4B69E7A5FC68D44F5ABA.e.7633/click - {}
RESULT: {}
COMMAND: POST /session/9a6d02befdf50e53554cb3562a200a44/execute/async - {"script":"<script> [1562 bytes]","args":[{"selector":{"controlType":"sap.m.ObjectStatus","viewName":"etm.portal.ui.managerequests.view.Detail","bindingPath":{"propertyPath":"LINK_TO_STATUS/DESCRIPTION","modelName":"catalogModel"}},"wdio_ui5_key":"etmportal.ui.managerequests.view.Detailsap.m.ObjectStatus{\"propertyPath\":\"LINK_TO_STATUS/DESCRIPTION\",\"modelName\":\"catalogModel\"}"}]}
COMMAND: GET /session/9a6d02befdf50e53554cb3562a200a44/screenshot - {}
RESULT: {"script":"<script> [1562 bytes]","args":[{"selector":{"controlType":"sap.m.ObjectStatus","viewName":"etm.portal.ui.managerequests.view.Detail","bindingPath":{"propertyPath":"LINK_TO_STATUS/DESCRIPTION","modelName":"catalogModel"}},"wdio_ui5_key":"etmportal.ui.managerequests.view.Detailsap.m.ObjectStatus{\"propertyPath\":\"LINK_TO_STATUS/DESCRIPTION\",\"modelName\":\"catalogModel\"}"}]}
RESULT: undefined
COMMAND: POST /session/9a6d02befdf50e53554cb3562a200a44/execute/async - {"script":"<script> [6424 bytes]","args":[{"element-6066-11e4-a52e-4f735466cecf":"f.936FEEFC3D507069A404F7345F2DEF67.d.20BEA90D8B0F4B69E7A5FC68D44F5ABA.e.7833"},"getText",[]]}
RESULT: {}
RESULT: {"script":"<script> [6424 bytes]","args":[{"element-6066-11e4-a52e-4f735466cecf":"f.936FEEFC3D507069A404F7345F2DEF67.d.20BEA90D8B0F4B69E7A5FC68D44F5ABA.e.7833"},"getText",[]]}
COMMAND: POST /session/9a6d02befdf50e53554cb3562a200a44/element - {"using":"css selector","value":"#shell-header-logo"}
RESULT: {"using":"css selector","value":"#shell-header-logo"}
COMMAND: POST /session/9a6d02befdf50e53554cb3562a200a44/element/f.936FEEFC3D507069A404F7345F2DEF67.d.20BEA90D8B0F4B69E7A5FC68D44F5ABA.e.7513/click - {}
RESULT: {}
COMMAND: GET /session/9a6d02befdf50e53554cb3562a200a44/screenshot - {}
RESULT: {}
COMMAND: DELETE /session/9a6d02befdf50e53554cb3562a200a44 - {}
RESULT: {}
]]></system-out>
    </testcase>
  </testsuite>
</testsuites>